                Time          Cycles PC       Instr    Mnemonic
15417638ns          251035 1c008080 0640006f jal              x0, 100            
15418096ns          251058 1c0080e4 f1402573 csrrs            x10, x0, 0xf14      x10=00000001
15418136ns          251060 1c0080e8 01f57593 andi             x11, x10, 31        x11=00000001 x10:00000001
15418156ns          251061 1c0080ec 00555513 srli             x10, x10, 0x5       x10=00000000 x10:00000001
15418175ns          251062 1c0080ee 01f00613 addi             x12, x0, 31         x12=0000001f
15418613ns          251084 1c0080f0 00c50463 beq              x10, x12, 8         x10:00000000 x12:0000001f
15418653ns          251086 1c0080f4 fa1ff06f jal              x0, -96            
15419110ns          251109 1c008094 f3ff8117 auipc            x2, 0xf3ff8000       x2=10000094
15419150ns          251111 1c008098 f7010113 addi             x2, x2, -144         x2=10000004  x2:10000094
15419170ns          251112 1c00809c 00012103 lw               x2, 0(x2)            x2=10000008  x2:10000004  PA:10000004
15419608ns          251134 1c0080a0 000011b7 lui              x3, 0x1000           x3=00001000
15419647ns          251136 1c0080a4 80018193 addi             x3, x3, -2048        x3=00000800  x3:00001000
15419667ns          251137 1c0080a8 00158593 addi             x11, x11, 1         x11=00000002 x11:00000001
15419687ns          251138 1c0080ac 02b180b3 mul              x1, x3, x11          x1=00001000  x3:00000800 x11:00000002
15420125ns          251160 1c0080b0 00110133 add              x2, x2, x1           x2=10001008  x2:10000008  x1:00001000
15420165ns          251162 1c0080b4 35c0206f jal              x0, 9052           
15420622ns          251185 1c00a410 ff010113 addi             x2, x2, -16          x2=10000ff8  x2:10001008
15420642ns          251186 1c00a412 00112623 sw               x1, 12(x2)           x1:00001000  x2:10000ff8  PA:10001004
15420662ns          251187 1c00a414 002047b7 lui              x15, 0x204000       x15=00204000
15420682ns          251188 1c00a418 00070737 lui              x14, 0x70000        x14=00070000
15420702ns          251189 1c00a41c 00e7a423 sw               x14, 8(x15)         x14:00070000 x15:00204000  PA:00204008
15420722ns          251190 1c00a41e 00f00713 addi             x14, x0, 15         x14=0000000f
15421159ns          251212 1c00a420 20078793 addi             x15, x15, 512       x15=00204200 x15:00204000
15421199ns          251214 1c00a424 00e7a023 sw               x14, 0(x15)         x14:0000000f x15:00204200  PA:00204200
15421219ns          251215 1c00a428 00e7a623 sw               x14, 12(x15)        x14:0000000f x15:00204200  PA:0020420c
15421239ns          251216 1c00a42c 1c0017b7 lui              x15, 0x1c001000     x15=1c001000
15421676ns          251238 1c00a430 a947a783 lw               x15, -1388(x15)     x15=1c00813e x15:1c001000  PA:1c000a94
15422014ns          251255 1c00a434 000780e7 jalr             x1, x15, 0           x1=1c00a436 x15:1c00813e
15422671ns          251288 1c00813e e4010113 addi             x2, x2, -448         x2=10000e38  x2:10000ff8
15423128ns          251311 1c008140 1a812c23 sw               x8, 440(x2)          x8:xxxxxxxx  x2:10000e38  PA:10000ff0
15423168ns          251313 1c008144 1a112e23 sw               x1, 444(x2)          x1:1c00a436  x2:10000e38  PA:10000ff4
15423188ns          251314 1c008148 f1402473 csrrs            x8, x0, 0xf14        x8=00000001
15423208ns          251315 1c00814c 1a912a23 sw               x9, 436(x2)          x9:xxxxxxxx  x2:10000e38  PA:10000fec
15423645ns          251337 1c008150 1b212823 sw               x18, 432(x2)        x18:xxxxxxxx  x2:10000e38  PA:10000fe8
15423685ns          251339 1c008154 1b312623 sw               x19, 428(x2)        x19:xxxxxxxx  x2:10000e38  PA:10000fe4
15423705ns          251340 1c008158 1b412423 sw               x20, 424(x2)        x20:xxxxxxxx  x2:10000e38  PA:10000fe0
15423725ns          251341 1c00815c 1b512223 sw               x21, 420(x2)        x21:xxxxxxxx  x2:10000e38  PA:10000fdc
15424163ns          251363 1c008160 1b612023 sw               x22, 416(x2)        x22:xxxxxxxx  x2:10000e38  PA:10000fd8
15424202ns          251365 1c008164 19712e23 sw               x23, 412(x2)        x23:xxxxxxxx  x2:10000e38  PA:10000fd4
15424222ns          251366 1c008168 19812c23 sw               x24, 408(x2)        x24:xxxxxxxx  x2:10000e38  PA:10000fd0
15424242ns          251367 1c00816c 19912a23 sw               x25, 404(x2)        x25:xxxxxxxx  x2:10000e38  PA:10000fcc
15424680ns          251389 1c008170 19a12823 sw               x26, 400(x2)        x26:xxxxxxxx  x2:10000e38  PA:10000fc8
15424720ns          251391 1c008174 ca5417b3 p.extractu       x15, x8, 5, 5       x15=00000000  x8:00000001
15424739ns          251392 1c008178 040793e3 bne              x15, x0, 2118       x15:00000000
15424759ns          251393 1c00817c f4543433 p.bclr           x8, x8, 26, 5        x8=00000001  x8:00000001
15425217ns          251416 1c008180 1c000537 lui              x10, 0x1c000000     x10=1c000000
15425257ns          251418 1c008184 00800633 add              x12, x0, x8         x12=00000001  x8:00000001
15425276ns          251419 1c008186 00100593 addi             x11, x0, 1          x11=00000001
15425296ns          251420 1c008188 02850513 addi             x10, x10, 40        x10=1c000028 x10:1c000000
15425316ns          251421 1c00818c 7e5000ef jal              x1, 4068             x1=1c008190
15426191ns          251465 1c009170 fc010113 addi             x2, x2, -64          x2=10000df8  x2:10000e38
15426231ns          251467 1c009172 02410313 addi             x6, x2, 36           x6=10000e1c  x2:10000df8
15426251ns          251468 1c009176 02c12423 sw               x12, 40(x2)         x12:00000001  x2:10000df8  PA:10000e20
15426271ns          251469 1c009178 00a00633 add              x12, x0, x10        x12=1c000028 x10:1c000028
15426291ns          251470 1c00917a 1c009537 lui              x10, 0x1c009000     x10=1c009000
15426311ns          251471 1c00917e 02b12223 sw               x11, 36(x2)         x11:00000001  x2:10000df8  PA:10000e1c
15426709ns          251491 1c009180 02d12623 sw               x13, 44(x2)         x13:xxxxxxxx  x2:10000df8  PA:10000e24
15426729ns          251492 1c009182 00200593 addi             x11, x0, 2          x11=00000002
15426748ns          251493 1c009184 006006b3 add              x13, x0, x6         x13=10000e1c  x6:10000e1c
15426768ns          251494 1c009186 10450513 addi             x10, x10, 260       x10=1c009104 x10:1c009000
15426788ns          251495 1c00918a 00112e23 sw               x1, 28(x2)           x1:1c008190  x2:10000df8  PA:10000e14
15426808ns          251496 1c00918c 02e12823 sw               x14, 48(x2)         x14:0000000f  x2:10000df8  PA:10000e28
15426828ns          251497 1c00918e 02f12a23 sw               x15, 52(x2)         x15:00000000  x2:10000df8  PA:10000e2c
15427226ns          251517 1c009190 03012c23 sw               x16, 56(x2)         x16:xxxxxxxx  x2:10000df8  PA:10000e30
15427246ns          251518 1c009192 03112e23 sw               x17, 60(x2)         x17:xxxxxxxx  x2:10000df8  PA:10000e34
15427266ns          251519 1c009194 00612623 sw               x6, 12(x2)           x6:10000e1c  x2:10000df8  PA:10000e04
15427285ns          251520 1c009196 fbfff0ef jal              x1, -66              x1=1c009198
15427743ns          251543 1c009154 04a0006f jal              x0, 74             
15427783ns          251545 1c00919e ed010113 addi             x2, x2, -304         x2=10000cc8  x2:10000df8
15428220ns          251567 1c0091a0 12812423 sw               x8, 296(x2)          x8:00000001  x2:10000cc8  PA:10000df0
15428260ns          251569 1c0091a4 00000413 addi             x8, x0, 0            x8=00000000
15428280ns          251570 1c0091a6 11612823 sw               x22, 272(x2)        x22:xxxxxxxx  x2:10000cc8  PA:10000dd8
15428300ns          251571 1c0091aa 11712623 sw               x23, 268(x2)        x23:xxxxxxxx  x2:10000cc8  PA:10000dd4
15428737ns          251593 1c0091ae 11812423 sw               x24, 264(x2)        x24:xxxxxxxx  x2:10000cc8  PA:10000dd0
15428777ns          251595 1c0091b2 11912223 sw               x25, 260(x2)        x25:xxxxxxxx  x2:10000cc8  PA:10000dcc
15428797ns          251596 1c0091b6 11a12023 sw               x26, 256(x2)        x26:xxxxxxxx  x2:10000cc8  PA:10000dc8
15428817ns          251597 1c0091ba 0fb12e23 sw               x27, 252(x2)        x27:xxxxxxxx  x2:10000cc8  PA:10000dc4
15428837ns          251598 1c0091bc 12112623 sw               x1, 300(x2)          x1:1c009198  x2:10000cc8  PA:10000df4
15429275ns          251620 1c0091c0 00800db3 add              x27, x0, x8         x27=00000000  x8:00000000
15429314ns          251622 1c0091c2 12912223 sw               x9, 292(x2)          x9:xxxxxxxx  x2:10000cc8  PA:10000dec
15429334ns          251623 1c0091c6 13212023 sw               x18, 288(x2)        x18:xxxxxxxx  x2:10000cc8  PA:10000de8
15429354ns          251624 1c0091ca 11312e23 sw               x19, 284(x2)        x19:xxxxxxxx  x2:10000cc8  PA:10000de4
15429792ns          251646 1c0091ce 11412c23 sw               x20, 280(x2)        x20:xxxxxxxx  x2:10000cc8  PA:10000de0
15429831ns          251648 1c0091d2 11512a23 sw               x21, 276(x2)        x21:xxxxxxxx  x2:10000cc8  PA:10000ddc
15429851ns          251649 1c0091d6 00a00b33 add              x22, x0, x10        x22=1c009104 x10:1c009104
15429871ns          251650 1c0091d8 00b00d33 add              x26, x0, x11        x26=00000002 x11:00000002
15429891ns          251651 1c0091da 00d00c33 add              x24, x0, x13        x24=10000e1c x13:10000e1c
15429911ns          251652 1c0091dc 1c000bb7 lui              x23, 0x1c000000     x23=1c000000
15430309ns          251672 1c0091e0 02410c93 addi             x25, x2, 36         x25=10000cec  x2:10000cc8
15430349ns          251674 1c0091e4 00c00433 add              x8, x0, x12          x8=1c000028 x12:1c000028
15430369ns          251675 1c0091e6 00044503 lbu              x10, 0(x8)          x10=00000073  x8:1c000028  PA:1c000028
15430806ns          251697 1c0091ea 00140413 addi             x8, x8, 1            x8=1c000029  x8:1c000028
15430826ns          251698 1c0091ec 00050e63 beq              x10, x0, 28         x10:00000073
15430846ns          251699 1c0091ee 02500793 addi             x15, x0, 37         x15=00000025
15430886ns          251701 1c0091f2 04f50863 beq              x10, x15, 80        x10:00000073 x15:00000025
15430906ns          251702 1c0091f6 01a005b3 add              x11, x0, x26        x11=00000002 x26:00000002
15430925ns          251703 1c0091f8 000b00e7 jalr             x1, x22, 0           x1=1c0091fa x22:1c009104
15431880ns          251751 1c009104 000026b7 lui              x13, 0x2000         x13=00002000
15431920ns          251753 1c009106 f14027f3 csrrs            x15, x0, 0xf14      x15=00000001
15431940ns          251754 1c00910a f8068693 addi             x13, x13, -128      x13=00001f80 x13:00002000
15432377ns          251776 1c00910e 00379713 slli             x14, x15, 0x3       x14=00000008 x15:00000001
15432397ns          251777 1c009112 00279793 slli             x15, x15, 0x2       x15=00000004 x15:00000001
15432417ns          251778 1c009114 00d7f7b3 and              x15, x15, x13       x15=00000000 x15:00000004 x13:00001f80
15432437ns          251779 1c009116 ee873733 p.bclr           x14, x14, 23, 8     x14=00000008 x14:00000008
15432457ns          251780 1c00911a 1a10f6b7 lui              x13, 0x1a10f000     x13=1a10f000
15432895ns          251802 1c00911e 0ff57513 andi             x10, x10, 255       x10=00000073 x10:00000073
15432915ns          251803 1c009122 00d70733 add              x14, x14, x13       x14=1a10f008 x14:00000008 x13:1a10f000
15432934ns          251804 1c009124 00a7e723 p.sw             x10, x0(x15)        x10:00000073 x15:00000000  PA:1a10f008
15433292ns          251822 1c009128 00000513 addi             x10, x0, 0          x10=00000000
15433312ns          251823 1c00912a 00008067 jalr             x0, x1, 0            x1:1c0091fa
15433471ns          251831 1c0091fa 31f52563 p.beqimm         x10, 778            x10:00000000
15433491ns          251832 1c0091fe 001d8d93 addi             x27, x27, 1         x27=00000001 x27:00000000
15433531ns          251834 1c009200 00044503 lbu              x10, 0(x8)          x10=00000074  x8:1c000029  PA:1c000029
15433849ns          251850 1c009204 00140413 addi             x8, x8, 1            x8=1c00002a  x8:1c000029
15433869ns          251851 1c009206 fe0514e3 bne              x10, x0, -24        x10:00000074
15434128ns          251864 1c0091ee 02500793 addi             x15, x0, 37         x15=00000025
15434148ns          251865 1c0091f2 04f50863 beq              x10, x15, 80        x10:00000074 x15:00000025
15434168ns          251866 1c0091f6 01a005b3 add              x11, x0, x26        x11=00000002 x26:00000002
15434188ns          251867 1c0091f8 000b00e7 jalr             x1, x22, 0           x1=1c0091fa x22:1c009104
15434227ns          251869 1c009104 000026b7 lui              x13, 0x2000         x13=00002000
15434247ns          251870 1c009106 f14027f3 csrrs            x15, x0, 0xf14      x15=00000001
15434267ns          251871 1c00910a f8068693 addi             x13, x13, -128      x13=00001f80 x13:00002000
15434327ns          251874 1c00910e 00379713 slli             x14, x15, 0x3       x14=00000008 x15:00000001
15434347ns          251875 1c009112 00279793 slli             x15, x15, 0x2       x15=00000004 x15:00000001
15434367ns          251876 1c009114 00d7f7b3 and              x15, x15, x13       x15=00000000 x15:00000004 x13:00001f80
15434386ns          251877 1c009116 ee873733 p.bclr           x14, x14, 23, 8     x14=00000008 x14:00000008
15434406ns          251878 1c00911a 1a10f6b7 lui              x13, 0x1a10f000     x13=1a10f000
15434426ns          251879 1c00911e 0ff57513 andi             x10, x10, 255       x10=00000074 x10:00000074
15434446ns          251880 1c009122 00d70733 add              x14, x14, x13       x14=1a10f008 x14:00000008 x13:1a10f000
15434466ns          251881 1c009124 00a7e723 p.sw             x10, x0(x15)        x10:00000074 x15:00000000  PA:1a10f008
15434824ns          251899 1c009128 00000513 addi             x10, x0, 0          x10=00000000
15434844ns          251900 1c00912a 00008067 jalr             x0, x1, 0            x1:1c0091fa
15434904ns          251903 1c0091fa 31f52563 p.beqimm         x10, 778            x10:00000000
15434924ns          251904 1c0091fe 001d8d93 addi             x27, x27, 1         x27=00000002 x27:00000001
15434943ns          251905 1c009200 00044503 lbu              x10, 0(x8)          x10=00000061  x8:1c00002a  PA:1c00002a
15435242ns          251920 1c009204 00140413 addi             x8, x8, 1            x8=1c00002b  x8:1c00002a
15435262ns          251921 1c009206 fe0514e3 bne              x10, x0, -24        x10:00000061
15435341ns          251925 1c0091ee 02500793 addi             x15, x0, 37         x15=00000025
15435361ns          251926 1c0091f2 04f50863 beq              x10, x15, 80        x10:00000061 x15:00000025
15435381ns          251927 1c0091f6 01a005b3 add              x11, x0, x26        x11=00000002 x26:00000002
15435401ns          251928 1c0091f8 000b00e7 jalr             x1, x22, 0           x1=1c0091fa x22:1c009104
15435441ns          251930 1c009104 000026b7 lui              x13, 0x2000         x13=00002000
15435461ns          251931 1c009106 f14027f3 csrrs            x15, x0, 0xf14      x15=00000001
15435480ns          251932 1c00910a f8068693 addi             x13, x13, -128      x13=00001f80 x13:00002000
15435500ns          251933 1c00910e 00379713 slli             x14, x15, 0x3       x14=00000008 x15:00000001
15435520ns          251934 1c009112 00279793 slli             x15, x15, 0x2       x15=00000004 x15:00000001
15435540ns          251935 1c009114 00d7f7b3 and              x15, x15, x13       x15=00000000 x15:00000004 x13:00001f80
15435560ns          251936 1c009116 ee873733 p.bclr           x14, x14, 23, 8     x14=00000008 x14:00000008
15435580ns          251937 1c00911a 1a10f6b7 lui              x13, 0x1a10f000     x13=1a10f000
15435600ns          251938 1c00911e 0ff57513 andi             x10, x10, 255       x10=00000061 x10:00000061
15435620ns          251939 1c009122 00d70733 add              x14, x14, x13       x14=1a10f008 x14:00000008 x13:1a10f000
15435640ns          251940 1c009124 00a7e723 p.sw             x10, x0(x15)        x10:00000061 x15:00000000  PA:1a10f008
15435958ns          251956 1c009128 00000513 addi             x10, x0, 0          x10=00000000
15435978ns          251957 1c00912a 00008067 jalr             x0, x1, 0            x1:1c0091fa
15436037ns          251960 1c0091fa 31f52563 p.beqimm         x10, 778            x10:00000000
15436057ns          251961 1c0091fe 001d8d93 addi             x27, x27, 1         x27=00000003 x27:00000002
15436077ns          251962 1c009200 00044503 lbu              x10, 0(x8)          x10=00000072  x8:1c00002b  PA:1c00002b
15436376ns          251977 1c009204 00140413 addi             x8, x8, 1            x8=1c00002c  x8:1c00002b
15436395ns          251978 1c009206 fe0514e3 bne              x10, x0, -24        x10:00000072
15436475ns          251982 1c0091ee 02500793 addi             x15, x0, 37         x15=00000025
15436495ns          251983 1c0091f2 04f50863 beq              x10, x15, 80        x10:00000072 x15:00000025
15436515ns          251984 1c0091f6 01a005b3 add              x11, x0, x26        x11=00000002 x26:00000002
15436535ns          251985 1c0091f8 000b00e7 jalr             x1, x22, 0           x1=1c0091fa x22:1c009104
15436574ns          251987 1c009104 000026b7 lui              x13, 0x2000         x13=00002000
15436594ns          251988 1c009106 f14027f3 csrrs            x15, x0, 0xf14      x15=00000001
15436614ns          251989 1c00910a f8068693 addi             x13, x13, -128      x13=00001f80 x13:00002000
15436634ns          251990 1c00910e 00379713 slli             x14, x15, 0x3       x14=00000008 x15:00000001
15436654ns          251991 1c009112 00279793 slli             x15, x15, 0x2       x15=00000004 x15:00000001
15436674ns          251992 1c009114 00d7f7b3 and              x15, x15, x13       x15=00000000 x15:00000004 x13:00001f80
15436694ns          251993 1c009116 ee873733 p.bclr           x14, x14, 23, 8     x14=00000008 x14:00000008
15436714ns          251994 1c00911a 1a10f6b7 lui              x13, 0x1a10f000     x13=1a10f000
15436734ns          251995 1c00911e 0ff57513 andi             x10, x10, 255       x10=00000072 x10:00000072
15436753ns          251996 1c009122 00d70733 add              x14, x14, x13       x14=1a10f008 x14:00000008 x13:1a10f000
15436773ns          251997 1c009124 00a7e723 p.sw             x10, x0(x15)        x10:00000072 x15:00000000  PA:1a10f008
15437131ns          252015 1c009128 00000513 addi             x10, x0, 0          x10=00000000
15437151ns          252016 1c00912a 00008067 jalr             x0, x1, 0            x1:1c0091fa
15437211ns          252019 1c0091fa 31f52563 p.beqimm         x10, 778            x10:00000000
15437231ns          252020 1c0091fe 001d8d93 addi             x27, x27, 1         x27=00000004 x27:00000003
15437251ns          252021 1c009200 00044503 lbu              x10, 0(x8)          x10=00000074  x8:1c00002c  PA:1c00002c
15437549ns          252036 1c009204 00140413 addi             x8, x8, 1            x8=1c00002d  x8:1c00002c
15437569ns          252037 1c009206 fe0514e3 bne              x10, x0, -24        x10:00000074
15437649ns          252041 1c0091ee 02500793 addi             x15, x0, 37         x15=00000025
15437668ns          252042 1c0091f2 04f50863 beq              x10, x15, 80        x10:00000074 x15:00000025
15437688ns          252043 1c0091f6 01a005b3 add              x11, x0, x26        x11=00000002 x26:00000002
15437708ns          252044 1c0091f8 000b00e7 jalr             x1, x22, 0           x1=1c0091fa x22:1c009104
15437748ns          252046 1c009104 000026b7 lui              x13, 0x2000         x13=00002000
15437768ns          252047 1c009106 f14027f3 csrrs            x15, x0, 0xf14      x15=00000001
15437788ns          252048 1c00910a f8068693 addi             x13, x13, -128      x13=00001f80 x13:00002000
15437808ns          252049 1c00910e 00379713 slli             x14, x15, 0x3       x14=00000008 x15:00000001
15437828ns          252050 1c009112 00279793 slli             x15, x15, 0x2       x15=00000004 x15:00000001
15437847ns          252051 1c009114 00d7f7b3 and              x15, x15, x13       x15=00000000 x15:00000004 x13:00001f80
15437867ns          252052 1c009116 ee873733 p.bclr           x14, x14, 23, 8     x14=00000008 x14:00000008
15437887ns          252053 1c00911a 1a10f6b7 lui              x13, 0x1a10f000     x13=1a10f000
15437907ns          252054 1c00911e 0ff57513 andi             x10, x10, 255       x10=00000074 x10:00000074
15437927ns          252055 1c009122 00d70733 add              x14, x14, x13       x14=1a10f008 x14:00000008 x13:1a10f000
15437947ns          252056 1c009124 00a7e723 p.sw             x10, x0(x15)        x10:00000074 x15:00000000  PA:1a10f008
15438265ns          252072 1c009128 00000513 addi             x10, x0, 0          x10=00000000
15438285ns          252073 1c00912a 00008067 jalr             x0, x1, 0            x1:1c0091fa
15438345ns          252076 1c0091fa 31f52563 p.beqimm         x10, 778            x10:00000000
15438365ns          252077 1c0091fe 001d8d93 addi             x27, x27, 1         x27=00000005 x27:00000004
15438385ns          252078 1c009200 00044503 lbu              x10, 0(x8)          x10=00000069  x8:1c00002d  PA:1c00002d
15438683ns          252093 1c009204 00140413 addi             x8, x8, 1            x8=1c00002e  x8:1c00002d
15438703ns          252094 1c009206 fe0514e3 bne              x10, x0, -24        x10:00000069
15438782ns          252098 1c0091ee 02500793 addi             x15, x0, 37         x15=00000025
15438802ns          252099 1c0091f2 04f50863 beq              x10, x15, 80        x10:00000069 x15:00000025
15438822ns          252100 1c0091f6 01a005b3 add              x11, x0, x26        x11=00000002 x26:00000002
15438842ns          252101 1c0091f8 000b00e7 jalr             x1, x22, 0           x1=1c0091fa x22:1c009104
15438882ns          252103 1c009104 000026b7 lui              x13, 0x2000         x13=00002000
15438902ns          252104 1c009106 f14027f3 csrrs            x15, x0, 0xf14      x15=00000001
15438922ns          252105 1c00910a f8068693 addi             x13, x13, -128      x13=00001f80 x13:00002000
15438941ns          252106 1c00910e 00379713 slli             x14, x15, 0x3       x14=00000008 x15:00000001
15438961ns          252107 1c009112 00279793 slli             x15, x15, 0x2       x15=00000004 x15:00000001
15438981ns          252108 1c009114 00d7f7b3 and              x15, x15, x13       x15=00000000 x15:00000004 x13:00001f80
15439001ns          252109 1c009116 ee873733 p.bclr           x14, x14, 23, 8     x14=00000008 x14:00000008
15439021ns          252110 1c00911a 1a10f6b7 lui              x13, 0x1a10f000     x13=1a10f000
15439041ns          252111 1c00911e 0ff57513 andi             x10, x10, 255       x10=00000069 x10:00000069
15439061ns          252112 1c009122 00d70733 add              x14, x14, x13       x14=1a10f008 x14:00000008 x13:1a10f000
15439081ns          252113 1c009124 00a7e723 p.sw             x10, x0(x15)        x10:00000069 x15:00000000  PA:1a10f008
15439399ns          252129 1c009128 00000513 addi             x10, x0, 0          x10=00000000
15439419ns          252130 1c00912a 00008067 jalr             x0, x1, 0            x1:1c0091fa
15439478ns          252133 1c0091fa 31f52563 p.beqimm         x10, 778            x10:00000000
15439498ns          252134 1c0091fe 001d8d93 addi             x27, x27, 1         x27=00000006 x27:00000005
15439518ns          252135 1c009200 00044503 lbu              x10, 0(x8)          x10=0000006e  x8:1c00002e  PA:1c00002e
15439817ns          252150 1c009204 00140413 addi             x8, x8, 1            x8=1c00002f  x8:1c00002e
15439837ns          252151 1c009206 fe0514e3 bne              x10, x0, -24        x10:0000006e
15439916ns          252155 1c0091ee 02500793 addi             x15, x0, 37         x15=00000025
15439936ns          252156 1c0091f2 04f50863 beq              x10, x15, 80        x10:0000006e x15:00000025
15439956ns          252157 1c0091f6 01a005b3 add              x11, x0, x26        x11=00000002 x26:00000002
15439976ns          252158 1c0091f8 000b00e7 jalr             x1, x22, 0           x1=1c0091fa x22:1c009104
15440016ns          252160 1c009104 000026b7 lui              x13, 0x2000         x13=00002000
15440035ns          252161 1c009106 f14027f3 csrrs            x15, x0, 0xf14      x15=00000001
15440055ns          252162 1c00910a f8068693 addi             x13, x13, -128      x13=00001f80 x13:00002000
15440075ns          252163 1c00910e 00379713 slli             x14, x15, 0x3       x14=00000008 x15:00000001
15440095ns          252164 1c009112 00279793 slli             x15, x15, 0x2       x15=00000004 x15:00000001
15440115ns          252165 1c009114 00d7f7b3 and              x15, x15, x13       x15=00000000 x15:00000004 x13:00001f80
15440135ns          252166 1c009116 ee873733 p.bclr           x14, x14, 23, 8     x14=00000008 x14:00000008
15440155ns          252167 1c00911a 1a10f6b7 lui              x13, 0x1a10f000     x13=1a10f000
15440175ns          252168 1c00911e 0ff57513 andi             x10, x10, 255       x10=0000006e x10:0000006e
15440195ns          252169 1c009122 00d70733 add              x14, x14, x13       x14=1a10f008 x14:00000008 x13:1a10f000
15440214ns          252170 1c009124 00a7e723 p.sw             x10, x0(x15)        x10:0000006e x15:00000000  PA:1a10f008
15440572ns          252188 1c009128 00000513 addi             x10, x0, 0          x10=00000000
15440592ns          252189 1c00912a 00008067 jalr             x0, x1, 0            x1:1c0091fa
15440652ns          252192 1c0091fa 31f52563 p.beqimm         x10, 778            x10:00000000
15440672ns          252193 1c0091fe 001d8d93 addi             x27, x27, 1         x27=00000007 x27:00000006
15440692ns          252194 1c009200 00044503 lbu              x10, 0(x8)          x10=00000067  x8:1c00002f  PA:1c00002f
15441010ns          252210 1c009204 00140413 addi             x8, x8, 1            x8=1c000030  x8:1c00002f
15441030ns          252211 1c009206 fe0514e3 bne              x10, x0, -24        x10:00000067
15441110ns          252215 1c0091ee 02500793 addi             x15, x0, 37         x15=00000025
15441129ns          252216 1c0091f2 04f50863 beq              x10, x15, 80        x10:00000067 x15:00000025
15441149ns          252217 1c0091f6 01a005b3 add              x11, x0, x26        x11=00000002 x26:00000002
15441169ns          252218 1c0091f8 000b00e7 jalr             x1, x22, 0           x1=1c0091fa x22:1c009104
15441209ns          252220 1c009104 000026b7 lui              x13, 0x2000         x13=00002000
15441229ns          252221 1c009106 f14027f3 csrrs            x15, x0, 0xf14      x15=00000001
15441249ns          252222 1c00910a f8068693 addi             x13, x13, -128      x13=00001f80 x13:00002000
15441269ns          252223 1c00910e 00379713 slli             x14, x15, 0x3       x14=00000008 x15:00000001
15441289ns          252224 1c009112 00279793 slli             x15, x15, 0x2       x15=00000004 x15:00000001
15441308ns          252225 1c009114 00d7f7b3 and              x15, x15, x13       x15=00000000 x15:00000004 x13:00001f80
15441328ns          252226 1c009116 ee873733 p.bclr           x14, x14, 23, 8     x14=00000008 x14:00000008
15441348ns          252227 1c00911a 1a10f6b7 lui              x13, 0x1a10f000     x13=1a10f000
15441368ns          252228 1c00911e 0ff57513 andi             x10, x10, 255       x10=00000067 x10:00000067
15441388ns          252229 1c009122 00d70733 add              x14, x14, x13       x14=1a10f008 x14:00000008 x13:1a10f000
15441408ns          252230 1c009124 00a7e723 p.sw             x10, x0(x15)        x10:00000067 x15:00000000  PA:1a10f008
15441726ns          252246 1c009128 00000513 addi             x10, x0, 0          x10=00000000
15441746ns          252247 1c00912a 00008067 jalr             x0, x1, 0            x1:1c0091fa
15441806ns          252250 1c0091fa 31f52563 p.beqimm         x10, 778            x10:00000000
15441826ns          252251 1c0091fe 001d8d93 addi             x27, x27, 1         x27=00000008 x27:00000007
15441845ns          252252 1c009200 00044503 lbu              x10, 0(x8)          x10=00000020  x8:1c000030  PA:1c000030
15442144ns          252267 1c009204 00140413 addi             x8, x8, 1            x8=1c000031  x8:1c000030
15442164ns          252268 1c009206 fe0514e3 bne              x10, x0, -24        x10:00000020
15442243ns          252272 1c0091ee 02500793 addi             x15, x0, 37         x15=00000025
15442263ns          252273 1c0091f2 04f50863 beq              x10, x15, 80        x10:00000020 x15:00000025
15442283ns          252274 1c0091f6 01a005b3 add              x11, x0, x26        x11=00000002 x26:00000002
15442303ns          252275 1c0091f8 000b00e7 jalr             x1, x22, 0           x1=1c0091fa x22:1c009104
15442343ns          252277 1c009104 000026b7 lui              x13, 0x2000         x13=00002000
15442363ns          252278 1c009106 f14027f3 csrrs            x15, x0, 0xf14      x15=00000001
15442383ns          252279 1c00910a f8068693 addi             x13, x13, -128      x13=00001f80 x13:00002000
15442402ns          252280 1c00910e 00379713 slli             x14, x15, 0x3       x14=00000008 x15:00000001
15442422ns          252281 1c009112 00279793 slli             x15, x15, 0x2       x15=00000004 x15:00000001
15442442ns          252282 1c009114 00d7f7b3 and              x15, x15, x13       x15=00000000 x15:00000004 x13:00001f80
15442462ns          252283 1c009116 ee873733 p.bclr           x14, x14, 23, 8     x14=00000008 x14:00000008
15442482ns          252284 1c00911a 1a10f6b7 lui              x13, 0x1a10f000     x13=1a10f000
15442502ns          252285 1c00911e 0ff57513 andi             x10, x10, 255       x10=00000020 x10:00000020
15442522ns          252286 1c009122 00d70733 add              x14, x14, x13       x14=1a10f008 x14:00000008 x13:1a10f000
15442542ns          252287 1c009124 00a7e723 p.sw             x10, x0(x15)        x10:00000020 x15:00000000  PA:1a10f008
15442860ns          252303 1c009128 00000513 addi             x10, x0, 0          x10=00000000
15442880ns          252304 1c00912a 00008067 jalr             x0, x1, 0            x1:1c0091fa
15442939ns          252307 1c0091fa 31f52563 p.beqimm         x10, 778            x10:00000000
15442959ns          252308 1c0091fe 001d8d93 addi             x27, x27, 1         x27=00000009 x27:00000008
15442979ns          252309 1c009200 00044503 lbu              x10, 0(x8)          x10=00000025  x8:1c000031  PA:1c000031
15443278ns          252324 1c009204 00140413 addi             x8, x8, 1            x8=1c000032  x8:1c000031
15443298ns          252325 1c009206 fe0514e3 bne              x10, x0, -24        x10:00000025
15443377ns          252329 1c0091ee 02500793 addi             x15, x0, 37         x15=00000025
15443397ns          252330 1c0091f2 04f50863 beq              x10, x15, 80        x10:00000025 x15:00000025
15443894ns          252355 1c009242 00044483 lbu              x9, 0(x8)            x9=00000064  x8:1c000032  PA:1c000032
15444212ns          252371 1c009246 02000693 addi             x13, x0, 32         x13=00000020
15444232ns          252372 1c00924a 00140a93 addi             x21, x8, 1          x21=1c000033  x8:1c000032
15444252ns          252373 1c00924e 009005b3 add              x11, x0, x9         x11=00000064  x9:00000064
15444411ns          252381 1c009250 100b8513 addi             x10, x23, 256       x10=1c000100 x23:1c000000
15444451ns          252383 1c009254 00d12823 sw               x13, 16(x2)         x13:00000020  x2:10000cc8  PA:10000cd8
15444471ns          252384 1c009256 00012c23 sw               x0, 24(x2)           x2:10000cc8  PA:10000ce0
15444491ns          252385 1c009258 00012a23 sw               x0, 20(x2)           x2:10000cc8  PA:10000cdc
15444511ns          252386 1c00925a 00012e23 sw               x0, 28(x2)           x2:10000cc8  PA:10000ce4
15444531ns          252387 1c00925c 00012623 sw               x0, 12(x2)           x2:10000cc8  PA:10000cd4
15444929ns          252407 1c00925e 02300913 addi             x18, x0, 35         x18=00000023
15444968ns          252409 1c009262 02d00a13 addi             x20, x0, 45         x20=0000002d
15444988ns          252410 1c009266 015009b3 add              x19, x0, x21        x19=1c000033 x21:1c000033
15445008ns          252411 1c009268 e1dff0ef jal              x1, -484             x1=1c00926a
15445903ns          252456 1c009084 00054783 lbu              x15, 0(x10)         x15=0000002d x10:1c000100  PA:1c000100
15446221ns          252472 1c009088 0ff5f593 andi             x11, x11, 255       x11=00000064 x11:00000064
15446241ns          252473 1c00908c 00b78c63 beq              x15, x11, 24        x15:0000002d x11:00000064
15446420ns          252482 1c009090 00078b63 beq              x15, x0, 22         x15:0000002d
15446460ns          252484 1c009092 00150793 addi             x15, x10, 1         x15=1c000101 x10:1c000100
15446480ns          252485 1c009096 0040006f jal              x0, 4              
15446520ns          252487 1c00909a 00f00533 add              x10, x0, x15        x10=1c000101 x15:1c000101
15446540ns          252488 1c00909c 0017c70b p.lbu            x14, 1(x15!)        x14=0000002b x15=1c000102 x15:1c000101  PA:1c000101
15446997ns          252511 1c0090a0 feb71ce3 bne              x14, x11, -8        x14:0000002b x11:00000064
15447057ns          252514 1c009098 00070763 beq              x14, x0, 14         x14:0000002b
15447077ns          252515 1c00909a 00f00533 add              x10, x0, x15        x10=1c000102 x15:1c000102
15447097ns          252516 1c00909c 0017c70b p.lbu            x14, 1(x15!)        x14=00000020 x15=1c000103 x15:1c000102  PA:1c000102
15447415ns          252532 1c0090a0 feb71ce3 bne              x14, x11, -8        x14:00000020 x11:00000064
15447634ns          252543 1c009098 00070763 beq              x14, x0, 14         x14:00000020
15447654ns          252544 1c00909a 00f00533 add              x10, x0, x15        x10=1c000103 x15:1c000103
15447673ns          252545 1c00909c 0017c70b p.lbu            x14, 1(x15!)        x14=00000023 x15=1c000104 x15:1c000103  PA:1c000103
15447992ns          252561 1c0090a0 feb71ce3 bne              x14, x11, -8        x14:00000023 x11:00000064
15448051ns          252564 1c009098 00070763 beq              x14, x0, 14         x14:00000023
15448071ns          252565 1c00909a 00f00533 add              x10, x0, x15        x10=1c000104 x15:1c000104
15448091ns          252566 1c00909c 0017c70b p.lbu            x14, 1(x15!)        x14=00000030 x15=1c000105 x15:1c000104  PA:1c000104
15448429ns          252583 1c0090a0 feb71ce3 bne              x14, x11, -8        x14:00000030 x11:00000064
15448489ns          252586 1c009098 00070763 beq              x14, x0, 14         x14:00000030
15448509ns          252587 1c00909a 00f00533 add              x10, x0, x15        x10=1c000105 x15:1c000105
15448529ns          252588 1c00909c 0017c70b p.lbu            x14, 1(x15!)        x14=00000000 x15=1c000106 x15:1c000105  PA:1c000105
15448847ns          252604 1c0090a0 feb71ce3 bne              x14, x11, -8        x14:00000000 x11:00000064
15448907ns          252607 1c009098 00070763 beq              x14, x0, 14         x14:00000000
15448986ns          252611 1c0090a6 0015b593 sltiu            x11, x11, 1         x11=00000000 x11:00000064
15449006ns          252612 1c0090aa 40b005b3 sub              x11, x0, x11        x11=00000000 x11:00000000
15449026ns          252613 1c0090ae 00b57533 and              x10, x10, x11       x10=00000000 x10:1c000105 x11:00000000
15449046ns          252614 1c0090b0 00008067 jalr             x0, x1, 0            x1:1c00926a
15449086ns          252616 1c00926a 02050a63 beq              x10, x0, 52         x10:00000000
15450021ns          252663 1c00929e 02a00613 addi             x12, x0, 42         x12=0000002a
15450060ns          252665 1c0092a2 2ac48663 beq              x9, x12, 684         x9:00000064 x12:0000002a
15450080ns          252666 1c0092a6 fd048613 addi             x12, x9, -48        x12=00000034  x9:00000064
15450100ns          252667 1c0092aa 00900593 addi             x11, x0, 9          x11=00000009
15450120ns          252668 1c0092ac 00000913 addi             x18, x0, 0          x18=00000000
15450558ns          252690 1c0092ae 28c5f063 bgeu             x11, x12, 640       x11:00000009 x12:00000034
15450597ns          252692 1c0092b2 02e00693 addi             x13, x0, 46         x13=0000002e
15450617ns          252693 1c0092b6 fff00a13 addi             x20, x0, -1         x20=ffffffff
15450637ns          252694 1c0092b8 2ed48363 beq              x9, x13, 742         x9:00000064 x13:0000002e
15450657ns          252695 1c0092bc 1c0007b7 lui              x15, 0x1c000000     x15=1c000000
15451075ns          252716 1c0092c0 009005b3 add              x11, x0, x9         x11=00000064  x9:00000064
15451115ns          252718 1c0092c2 10878513 addi             x10, x15, 264       x10=1c000108 x15:1c000000
15451134ns          252719 1c0092c6 dbfff0ef jal              x1, -578             x1=1c0092c8
15451174ns          252721 1c009084 00054783 lbu              x15, 0(x10)         x15=00000068 x10:1c000108  PA:1c000108
15451473ns          252736 1c009088 0ff5f593 andi             x11, x11, 255       x11=00000064 x11:00000064
15451493ns          252737 1c00908c 00b78c63 beq              x15, x11, 24        x15:00000068 x11:00000064
15451512ns          252738 1c009090 00078b63 beq              x15, x0, 22         x15:00000068
15451532ns          252739 1c009092 00150793 addi             x15, x10, 1         x15=1c000109 x10:1c000108
15451552ns          252740 1c009096 0040006f jal              x0, 4              
15451592ns          252742 1c00909a 00f00533 add              x10, x0, x15        x10=1c000109 x15:1c000109
15451612ns          252743 1c00909c 0017c70b p.lbu            x14, 1(x15!)        x14=0000006c x15=1c00010a x15:1c000109  PA:1c000109
15451930ns          252759 1c0090a0 feb71ce3 bne              x14, x11, -8        x14:0000006c x11:00000064
15451990ns          252762 1c009098 00070763 beq              x14, x0, 14         x14:0000006c
15452010ns          252763 1c00909a 00f00533 add              x10, x0, x15        x10=1c00010a x15:1c00010a
15452030ns          252764 1c00909c 0017c70b p.lbu            x14, 1(x15!)        x14=0000004c x15=1c00010b x15:1c00010a  PA:1c00010a
15452348ns          252780 1c0090a0 feb71ce3 bne              x14, x11, -8        x14:0000004c x11:00000064
15452407ns          252783 1c009098 00070763 beq              x14, x0, 14         x14:0000004c
15452427ns          252784 1c00909a 00f00533 add              x10, x0, x15        x10=1c00010b x15:1c00010b
15452447ns          252785 1c00909c 0017c70b p.lbu            x14, 1(x15!)        x14=0000007a x15=1c00010c x15:1c00010b  PA:1c00010b
15452766ns          252801 1c0090a0 feb71ce3 bne              x14, x11, -8        x14:0000007a x11:00000064
15452825ns          252804 1c009098 00070763 beq              x14, x0, 14         x14:0000007a
15452845ns          252805 1c00909a 00f00533 add              x10, x0, x15        x10=1c00010c x15:1c00010c
15452865ns          252806 1c00909c 0017c70b p.lbu            x14, 1(x15!)        x14=00000000 x15=1c00010d x15:1c00010c  PA:1c00010c
15453183ns          252822 1c0090a0 feb71ce3 bne              x14, x11, -8        x14:00000000 x11:00000064
15453243ns          252825 1c009098 00070763 beq              x14, x0, 14         x14:00000000
15453322ns          252829 1c0090a6 0015b593 sltiu            x11, x11, 1         x11=00000000 x11:00000064
15453342ns          252830 1c0090aa 40b005b3 sub              x11, x0, x11        x11=00000000 x11:00000000
15453362ns          252831 1c0090ae 00b57533 and              x10, x10, x11       x10=00000000 x10:1c00010c x11:00000000
15453382ns          252832 1c0090b0 00008067 jalr             x0, x1, 0            x1:1c0092c8
15453422ns          252834 1c0092c8 01300433 add              x8, x0, x19          x8=1c000033 x19:1c000033
15453442ns          252835 1c0092ca 00050563 beq              x10, x0, 10         x10:00000000
15453919ns          252859 1c0092d4 06700693 addi             x13, x0, 103        x13=00000067
15453939ns          252860 1c0092d8 2896d963 bge              x13, x9, 658        x13:00000067  x9:00000064
15454953ns          252911 1c00956a 06500693 addi             x13, x0, 101        x13=00000065
15455391ns          252933 1c00956e 12d4d563 bge              x9, x13, 298         x9:00000064 x13:00000065
15455431ns          252935 1c009572 04700693 addi             x13, x0, 71         x13=00000047
15455451ns          252936 1c009576 dc96cbe3 blt              x13, x9, -554       x13:00000047  x9:00000064
15456425ns          252985 1c00934c 06300693 addi             x13, x0, 99         x13=00000063
15456883ns          253008 1c009350 0ad488e3 beq              x9, x13, 2224        x9:00000064 x13:00000063
15456923ns          253010 1c009354 0096c9e3 blt              x13, x9, 2066       x13:00000063  x9:00000064
15457440ns          253036 1c009b66 000c2583 lw               x11, 0(x24)         x11=00000001 x24:10000e1c  PA:10000e1c
15457460ns          253037 1c009b6a 004c0c13 addi             x24, x24, 4         x24=10000e20 x24:10000e1c
15457480ns          253038 1c009b6c 3405cc63 blt              x11, x0, 856        x11:00000001
15457897ns          253059 1c009b70 01412603 lw               x12, 20(x2)         x12=00000000  x2:10000cc8  PA:10000cdc
15457917ns          253060 1c009b72 00b006b3 add              x13, x0, x11        x13=00000001 x11:00000001
15457937ns          253061 1c009b74 2e061863 bne              x12, x0, 752        x12:00000000
15457957ns          253062 1c009b78 01812703 lw               x14, 24(x2)         x14=00000000  x2:10000cc8  PA:10000ce0
15457977ns          253063 1c009b7a 019007b3 add              x15, x0, x25        x15=10000cec x25:10000cec
15457997ns          253064 1c009b7c 00070763 beq              x14, x0, 14         x14:00000000
15458474ns          253088 1c009b8a 00f00733 add              x14, x0, x15        x14=10000cec x15:10000cec
15458494ns          253089 1c009b8c 00a00513 addi             x10, x0, 10         x10=0000000a
15458932ns          253111 1c009b8e 02a6f633 remu             x12, x13, x10       x12=00000001 x13:00000001 x10:0000000a
15459568ns          253143 1c009b92 02a6d6b3 divu             x13, x13, x10       x13=00000000 x13:00000001 x10:0000000a
15460185ns          253174 1c009b96 03060613 addi             x12, x12, 48        x12=00000031 x12:00000001
15460205ns          253175 1c009b9a 00c700ab p.sb             x12, 1(x14!)        x14=10000ced x12:00000031 x14:10000cec  PA:10000cec
15460225ns          253176 1c009b9e fe0698e3 bne              x13, x0, -16        x13:00000000
15460244ns          253177 1c009ba0 40f706b3 sub              x13, x14, x15       x13=00000001 x14:10000ced x15:10000cec
15460264ns          253178 1c009ba4 0146dc63 bge              x13, x20, 24        x13:00000001 x20:ffffffff
15460762ns          253203 1c009bbc 00e006b3 add              x13, x0, x14        x13=10000ced x14:10000ced
15461219ns          253226 1c009bbe fe068fab p.sb             x0, -1(x13!)        x13=10000cec x13:10000ced  PA:10000ced
15461259ns          253228 1c009bc2 00d7fc63 bgeu             x15, x13, 24        x15:10000cec x13:10000cec
15461736ns          253252 1c009bda 01412783 lw               x15, 20(x2)         x15=00000000  x2:10000cc8  PA:10000cdc
15461776ns          253254 1c009bdc 01812603 lw               x12, 24(x2)         x12=00000000  x2:10000cc8  PA:10000ce0
15462214ns          253276 1c009bde 419704b3 sub              x9, x14, x25         x9=00000001 x14:10000ced x25:10000cec
15462234ns          253277 1c009be2 00c7e7b3 or               x15, x15, x12       x15=00000000 x15:00000000 x12:00000000
15462253ns          253278 1c009be4 00f12623 sw               x15, 12(x2)         x15:00000000  x2:10000cc8  PA:10000cd4
15462273ns          253279 1c009be6 00079363 bne              x15, x0, 6          x15:00000000
15462293ns          253280 1c009be8 01f5d593 srli             x11, x11, 0x1f      x11=00000000 x11:00000001
15462313ns          253281 1c009bea 00b12623 sw               x11, 12(x2)         x11:00000000  x2:10000cc8  PA:10000cd4
15462353ns          253283 1c009bec e3fa28e3 p.beqimm         x20, -464           x20:ffffffff
15463188ns          253325 1c009a1c 0c800793 addi             x15, x0, 200        x15=000000c8
15463646ns          253348 1c009a20 9e97d0e3 bge              x15, x9, -1568      x15:000000c8  x9:00000001
15464123ns          253372 1c009400 0f24d163 bge              x9, x18, 226         x9:00000001 x18:00000000
15464640ns          253398 1c0094e2 d00482e3 beq              x9, x0, -764         x9:00000001
15464660ns          253399 1c0094e6 01900933 add              x18, x0, x25        x18=10000cec x25:10000cec
15464680ns          253400 1c0094e8 419d8db3 sub              x27, x27, x25       x27=effff31d x27:00000009 x25:10000cec
15464700ns          253401 1c0094ec 00a0006f jal              x0, 10             
15465197ns          253426 1c0094f6 0019450b p.lbu            x10, 1(x18!)        x10=00000031 x18=10000ced x18:10000cec  PA:10000cec
15465217ns          253427 1c0094fa 01a005b3 add              x11, x0, x26        x11=00000002 x26:00000002
15465237ns          253428 1c0094fc 000b00e7 jalr             x1, x22, 0           x1=1c0094fe x22:1c009104
15465695ns          253451 1c009104 000026b7 lui              x13, 0x2000         x13=00002000
15465714ns          253452 1c009106 f14027f3 csrrs            x15, x0, 0xf14      x15=00000001
15465734ns          253453 1c00910a f8068693 addi             x13, x13, -128      x13=00001f80 x13:00002000
15465754ns          253454 1c00910e 00379713 slli             x14, x15, 0x3       x14=00000008 x15:00000001
15465774ns          253455 1c009112 00279793 slli             x15, x15, 0x2       x15=00000004 x15:00000001
15465794ns          253456 1c009114 00d7f7b3 and              x15, x15, x13       x15=00000000 x15:00000004 x13:00001f80
15465814ns          253457 1c009116 ee873733 p.bclr           x14, x14, 23, 8     x14=00000008 x14:00000008
15465834ns          253458 1c00911a 1a10f6b7 lui              x13, 0x1a10f000     x13=1a10f000
15465874ns          253460 1c00911e 0ff57513 andi             x10, x10, 255       x10=00000031 x10:00000031
15465893ns          253461 1c009122 00d70733 add              x14, x14, x13       x14=1a10f008 x14:00000008 x13:1a10f000
15465913ns          253462 1c009124 00a7e723 p.sw             x10, x0(x15)        x10:00000031 x15:00000000  PA:1a10f008
15466271ns          253480 1c009128 00000513 addi             x10, x0, 0          x10=00000000
15466291ns          253481 1c00912a 00008067 jalr             x0, x1, 0            x1:1c0094fe
15466331ns          253483 1c0094fe fff48493 addi             x9, x9, -1           x9=00000000  x9:00000001
15466351ns          253484 1c009500 fff537e3 p.bneimm         x10, -18            x10:00000000
15466430ns          253488 1c0094ee 012d8733 add              x14, x27, x18       x14=0000000a x27:effff31d x18:10000ced
15466450ns          253489 1c0094f2 5a048b63 beq              x9, x0, 1462         x9:00000000
15466888ns          253511 1c009aa8 00e00db3 add              x27, x0, x14        x27=0000000a x14:0000000a
15466928ns          253513 1c009aaa f3cff06f jal              x0, -2244          
15467485ns          253541 1c0091e6 00044503 lbu              x10, 0(x8)          x10=00000020  x8:1c000033  PA:1c000033
15467783ns          253556 1c0091ea 00140413 addi             x8, x8, 1            x8=1c000034  x8:1c000033
15467803ns          253557 1c0091ec 00050e63 beq              x10, x0, 28         x10:00000020
15467823ns          253558 1c0091ee 02500793 addi             x15, x0, 37         x15=00000025
15467843ns          253559 1c0091f2 04f50863 beq              x10, x15, 80        x10:00000020 x15:00000025
15467863ns          253560 1c0091f6 01a005b3 add              x11, x0, x26        x11=00000002 x26:00000002
15467882ns          253561 1c0091f8 000b00e7 jalr             x1, x22, 0           x1=1c0091fa x22:1c009104
15468042ns          253569 1c009104 000026b7 lui              x13, 0x2000         x13=00002000
15468081ns          253571 1c009106 f14027f3 csrrs            x15, x0, 0xf14      x15=00000001
15468101ns          253572 1c00910a f8068693 addi             x13, x13, -128      x13=00001f80 x13:00002000
15468121ns          253573 1c00910e 00379713 slli             x14, x15, 0x3       x14=00000008 x15:00000001
15468141ns          253574 1c009112 00279793 slli             x15, x15, 0x2       x15=00000004 x15:00000001
15468161ns          253575 1c009114 00d7f7b3 and              x15, x15, x13       x15=00000000 x15:00000004 x13:00001f80
15468181ns          253576 1c009116 ee873733 p.bclr           x14, x14, 23, 8     x14=00000008 x14:00000008
15468201ns          253577 1c00911a 1a10f6b7 lui              x13, 0x1a10f000     x13=1a10f000
15468221ns          253578 1c00911e 0ff57513 andi             x10, x10, 255       x10=00000020 x10:00000020
15468241ns          253579 1c009122 00d70733 add              x14, x14, x13       x14=1a10f008 x14:00000008 x13:1a10f000
15468260ns          253580 1c009124 00a7e723 p.sw             x10, x0(x15)        x10:00000020 x15:00000000  PA:1a10f008
15468638ns          253599 1c009128 00000513 addi             x10, x0, 0          x10=00000000
15468658ns          253600 1c00912a 00008067 jalr             x0, x1, 0            x1:1c0091fa
15468718ns          253603 1c0091fa 31f52563 p.beqimm         x10, 778            x10:00000000
15468738ns          253604 1c0091fe 001d8d93 addi             x27, x27, 1         x27=0000000b x27:0000000a
15468758ns          253605 1c009200 00044503 lbu              x10, 0(x8)          x10=0000006b  x8:1c000034  PA:1c000034
15469076ns          253621 1c009204 00140413 addi             x8, x8, 1            x8=1c000035  x8:1c000034
15469096ns          253622 1c009206 fe0514e3 bne              x10, x0, -24        x10:0000006b
15469175ns          253626 1c0091ee 02500793 addi             x15, x0, 37         x15=00000025
15469195ns          253627 1c0091f2 04f50863 beq              x10, x15, 80        x10:0000006b x15:00000025
15469215ns          253628 1c0091f6 01a005b3 add              x11, x0, x26        x11=00000002 x26:00000002
15469235ns          253629 1c0091f8 000b00e7 jalr             x1, x22, 0           x1=1c0091fa x22:1c009104
15469275ns          253631 1c009104 000026b7 lui              x13, 0x2000         x13=00002000
15469295ns          253632 1c009106 f14027f3 csrrs            x15, x0, 0xf14      x15=00000001
15469315ns          253633 1c00910a f8068693 addi             x13, x13, -128      x13=00001f80 x13:00002000
15469374ns          253636 1c00910e 00379713 slli             x14, x15, 0x3       x14=00000008 x15:00000001
15469394ns          253637 1c009112 00279793 slli             x15, x15, 0x2       x15=00000004 x15:00000001
15469414ns          253638 1c009114 00d7f7b3 and              x15, x15, x13       x15=00000000 x15:00000004 x13:00001f80
15469434ns          253639 1c009116 ee873733 p.bclr           x14, x14, 23, 8     x14=00000008 x14:00000008
15469454ns          253640 1c00911a 1a10f6b7 lui              x13, 0x1a10f000     x13=1a10f000
15469474ns          253641 1c00911e 0ff57513 andi             x10, x10, 255       x10=0000006b x10:0000006b
15469494ns          253642 1c009122 00d70733 add              x14, x14, x13       x14=1a10f008 x14:00000008 x13:1a10f000
15469514ns          253643 1c009124 00a7e723 p.sw             x10, x0(x15)        x10:0000006b x15:00000000  PA:1a10f008
15469832ns          253659 1c009128 00000513 addi             x10, x0, 0          x10=00000000
15469852ns          253660 1c00912a 00008067 jalr             x0, x1, 0            x1:1c0091fa
15469911ns          253663 1c0091fa 31f52563 p.beqimm         x10, 778            x10:00000000
15469931ns          253664 1c0091fe 001d8d93 addi             x27, x27, 1         x27=0000000c x27:0000000b
15469951ns          253665 1c009200 00044503 lbu              x10, 0(x8)          x10=00000065  x8:1c000035  PA:1c000035
15470249ns          253680 1c009204 00140413 addi             x8, x8, 1            x8=1c000036  x8:1c000035
15470269ns          253681 1c009206 fe0514e3 bne              x10, x0, -24        x10:00000065
15470349ns          253685 1c0091ee 02500793 addi             x15, x0, 37         x15=00000025
15470369ns          253686 1c0091f2 04f50863 beq              x10, x15, 80        x10:00000065 x15:00000025
15470389ns          253687 1c0091f6 01a005b3 add              x11, x0, x26        x11=00000002 x26:00000002
15470409ns          253688 1c0091f8 000b00e7 jalr             x1, x22, 0           x1=1c0091fa x22:1c009104
15470448ns          253690 1c009104 000026b7 lui              x13, 0x2000         x13=00002000
15470468ns          253691 1c009106 f14027f3 csrrs            x15, x0, 0xf14      x15=00000001
15470488ns          253692 1c00910a f8068693 addi             x13, x13, -128      x13=00001f80 x13:00002000
15470508ns          253693 1c00910e 00379713 slli             x14, x15, 0x3       x14=00000008 x15:00000001
15470528ns          253694 1c009112 00279793 slli             x15, x15, 0x2       x15=00000004 x15:00000001
15470548ns          253695 1c009114 00d7f7b3 and              x15, x15, x13       x15=00000000 x15:00000004 x13:00001f80
15470568ns          253696 1c009116 ee873733 p.bclr           x14, x14, 23, 8     x14=00000008 x14:00000008
15470588ns          253697 1c00911a 1a10f6b7 lui              x13, 0x1a10f000     x13=1a10f000
15470608ns          253698 1c00911e 0ff57513 andi             x10, x10, 255       x10=00000065 x10:00000065
15470627ns          253699 1c009122 00d70733 add              x14, x14, x13       x14=1a10f008 x14:00000008 x13:1a10f000
15470647ns          253700 1c009124 00a7e723 p.sw             x10, x0(x15)        x10:00000065 x15:00000000  PA:1a10f008
15470966ns          253716 1c009128 00000513 addi             x10, x0, 0          x10=00000000
15470985ns          253717 1c00912a 00008067 jalr             x0, x1, 0            x1:1c0091fa
15471045ns          253720 1c0091fa 31f52563 p.beqimm         x10, 778            x10:00000000
15471065ns          253721 1c0091fe 001d8d93 addi             x27, x27, 1         x27=0000000d x27:0000000c
15471085ns          253722 1c009200 00044503 lbu              x10, 0(x8)          x10=00000072  x8:1c000036  PA:1c000036
15471383ns          253737 1c009204 00140413 addi             x8, x8, 1            x8=1c000037  x8:1c000036
15471403ns          253738 1c009206 fe0514e3 bne              x10, x0, -24        x10:00000072
15471483ns          253742 1c0091ee 02500793 addi             x15, x0, 37         x15=00000025
15471503ns          253743 1c0091f2 04f50863 beq              x10, x15, 80        x10:00000072 x15:00000025
15471522ns          253744 1c0091f6 01a005b3 add              x11, x0, x26        x11=00000002 x26:00000002
15471542ns          253745 1c0091f8 000b00e7 jalr             x1, x22, 0           x1=1c0091fa x22:1c009104
15471582ns          253747 1c009104 000026b7 lui              x13, 0x2000         x13=00002000
15471602ns          253748 1c009106 f14027f3 csrrs            x15, x0, 0xf14      x15=00000001
15471622ns          253749 1c00910a f8068693 addi             x13, x13, -128      x13=00001f80 x13:00002000
15471642ns          253750 1c00910e 00379713 slli             x14, x15, 0x3       x14=00000008 x15:00000001
15471662ns          253751 1c009112 00279793 slli             x15, x15, 0x2       x15=00000004 x15:00000001
15471682ns          253752 1c009114 00d7f7b3 and              x15, x15, x13       x15=00000000 x15:00000004 x13:00001f80
15471702ns          253753 1c009116 ee873733 p.bclr           x14, x14, 23, 8     x14=00000008 x14:00000008
15471721ns          253754 1c00911a 1a10f6b7 lui              x13, 0x1a10f000     x13=1a10f000
15471741ns          253755 1c00911e 0ff57513 andi             x10, x10, 255       x10=00000072 x10:00000072
15471761ns          253756 1c009122 00d70733 add              x14, x14, x13       x14=1a10f008 x14:00000008 x13:1a10f000
15471781ns          253757 1c009124 00a7e723 p.sw             x10, x0(x15)        x10:00000072 x15:00000000  PA:1a10f008
15472099ns          253773 1c009128 00000513 addi             x10, x0, 0          x10=00000000
15472119ns          253774 1c00912a 00008067 jalr             x0, x1, 0            x1:1c0091fa
15472179ns          253777 1c0091fa 31f52563 p.beqimm         x10, 778            x10:00000000
15472199ns          253778 1c0091fe 001d8d93 addi             x27, x27, 1         x27=0000000e x27:0000000d
15472219ns          253779 1c009200 00044503 lbu              x10, 0(x8)          x10=0000006e  x8:1c000037  PA:1c000037
15472517ns          253794 1c009204 00140413 addi             x8, x8, 1            x8=1c000038  x8:1c000037
15472537ns          253795 1c009206 fe0514e3 bne              x10, x0, -24        x10:0000006e
15472616ns          253799 1c0091ee 02500793 addi             x15, x0, 37         x15=00000025
15472636ns          253800 1c0091f2 04f50863 beq              x10, x15, 80        x10:0000006e x15:00000025
15472656ns          253801 1c0091f6 01a005b3 add              x11, x0, x26        x11=00000002 x26:00000002
15472676ns          253802 1c0091f8 000b00e7 jalr             x1, x22, 0           x1=1c0091fa x22:1c009104
15472716ns          253804 1c009104 000026b7 lui              x13, 0x2000         x13=00002000
15472736ns          253805 1c009106 f14027f3 csrrs            x15, x0, 0xf14      x15=00000001
15472756ns          253806 1c00910a f8068693 addi             x13, x13, -128      x13=00001f80 x13:00002000
15472776ns          253807 1c00910e 00379713 slli             x14, x15, 0x3       x14=00000008 x15:00000001
15472796ns          253808 1c009112 00279793 slli             x15, x15, 0x2       x15=00000004 x15:00000001
15472815ns          253809 1c009114 00d7f7b3 and              x15, x15, x13       x15=00000000 x15:00000004 x13:00001f80
15472835ns          253810 1c009116 ee873733 p.bclr           x14, x14, 23, 8     x14=00000008 x14:00000008
15472855ns          253811 1c00911a 1a10f6b7 lui              x13, 0x1a10f000     x13=1a10f000
15472875ns          253812 1c00911e 0ff57513 andi             x10, x10, 255       x10=0000006e x10:0000006e
15472895ns          253813 1c009122 00d70733 add              x14, x14, x13       x14=1a10f008 x14:00000008 x13:1a10f000
15472915ns          253814 1c009124 00a7e723 p.sw             x10, x0(x15)        x10:0000006e x15:00000000  PA:1a10f008
15473233ns          253830 1c009128 00000513 addi             x10, x0, 0          x10=00000000
15473253ns          253831 1c00912a 00008067 jalr             x0, x1, 0            x1:1c0091fa
15473313ns          253834 1c0091fa 31f52563 p.beqimm         x10, 778            x10:00000000
15473333ns          253835 1c0091fe 001d8d93 addi             x27, x27, 1         x27=0000000f x27:0000000e
15473352ns          253836 1c009200 00044503 lbu              x10, 0(x8)          x10=00000065  x8:1c000038  PA:1c000038
15473651ns          253851 1c009204 00140413 addi             x8, x8, 1            x8=1c000039  x8:1c000038
15473671ns          253852 1c009206 fe0514e3 bne              x10, x0, -24        x10:00000065
15473750ns          253856 1c0091ee 02500793 addi             x15, x0, 37         x15=00000025
15473770ns          253857 1c0091f2 04f50863 beq              x10, x15, 80        x10:00000065 x15:00000025
15473790ns          253858 1c0091f6 01a005b3 add              x11, x0, x26        x11=00000002 x26:00000002
15473810ns          253859 1c0091f8 000b00e7 jalr             x1, x22, 0           x1=1c0091fa x22:1c009104
15473850ns          253861 1c009104 000026b7 lui              x13, 0x2000         x13=00002000
15473870ns          253862 1c009106 f14027f3 csrrs            x15, x0, 0xf14      x15=00000001
15473889ns          253863 1c00910a f8068693 addi             x13, x13, -128      x13=00001f80 x13:00002000
15473909ns          253864 1c00910e 00379713 slli             x14, x15, 0x3       x14=00000008 x15:00000001
15473929ns          253865 1c009112 00279793 slli             x15, x15, 0x2       x15=00000004 x15:00000001
15473949ns          253866 1c009114 00d7f7b3 and              x15, x15, x13       x15=00000000 x15:00000004 x13:00001f80
15473969ns          253867 1c009116 ee873733 p.bclr           x14, x14, 23, 8     x14=00000008 x14:00000008
15473989ns          253868 1c00911a 1a10f6b7 lui              x13, 0x1a10f000     x13=1a10f000
15474009ns          253869 1c00911e 0ff57513 andi             x10, x10, 255       x10=00000065 x10:00000065
15474029ns          253870 1c009122 00d70733 add              x14, x14, x13       x14=1a10f008 x14:00000008 x13:1a10f000
15474049ns          253871 1c009124 00a7e723 p.sw             x10, x0(x15)        x10:00000065 x15:00000000  PA:1a10f008
15474387ns          253888 1c009128 00000513 addi             x10, x0, 0          x10=00000000
15474407ns          253889 1c00912a 00008067 jalr             x0, x1, 0            x1:1c0091fa
15474466ns          253892 1c0091fa 31f52563 p.beqimm         x10, 778            x10:00000000
15474486ns          253893 1c0091fe 001d8d93 addi             x27, x27, 1         x27=00000010 x27:0000000f
15474506ns          253894 1c009200 00044503 lbu              x10, 0(x8)          x10=0000006c  x8:1c000039  PA:1c000039
15474804ns          253909 1c009204 00140413 addi             x8, x8, 1            x8=1c00003a  x8:1c000039
15474824ns          253910 1c009206 fe0514e3 bne              x10, x0, -24        x10:0000006c
15474904ns          253914 1c0091ee 02500793 addi             x15, x0, 37         x15=00000025
15474924ns          253915 1c0091f2 04f50863 beq              x10, x15, 80        x10:0000006c x15:00000025
15474944ns          253916 1c0091f6 01a005b3 add              x11, x0, x26        x11=00000002 x26:00000002
15474964ns          253917 1c0091f8 000b00e7 jalr             x1, x22, 0           x1=1c0091fa x22:1c009104
15475003ns          253919 1c009104 000026b7 lui              x13, 0x2000         x13=00002000
15475023ns          253920 1c009106 f14027f3 csrrs            x15, x0, 0xf14      x15=00000001
15475043ns          253921 1c00910a f8068693 addi             x13, x13, -128      x13=00001f80 x13:00002000
15475063ns          253922 1c00910e 00379713 slli             x14, x15, 0x3       x14=00000008 x15:00000001
15475083ns          253923 1c009112 00279793 slli             x15, x15, 0x2       x15=00000004 x15:00000001
15475103ns          253924 1c009114 00d7f7b3 and              x15, x15, x13       x15=00000000 x15:00000004 x13:00001f80
15475123ns          253925 1c009116 ee873733 p.bclr           x14, x14, 23, 8     x14=00000008 x14:00000008
15475143ns          253926 1c00911a 1a10f6b7 lui              x13, 0x1a10f000     x13=1a10f000
15475163ns          253927 1c00911e 0ff57513 andi             x10, x10, 255       x10=0000006c x10:0000006c
15475182ns          253928 1c009122 00d70733 add              x14, x14, x13       x14=1a10f008 x14:00000008 x13:1a10f000
15475202ns          253929 1c009124 00a7e723 p.sw             x10, x0(x15)        x10:0000006c x15:00000000  PA:1a10f008
15475521ns          253945 1c009128 00000513 addi             x10, x0, 0          x10=00000000
15475540ns          253946 1c00912a 00008067 jalr             x0, x1, 0            x1:1c0091fa
15475600ns          253949 1c0091fa 31f52563 p.beqimm         x10, 778            x10:00000000
15475620ns          253950 1c0091fe 001d8d93 addi             x27, x27, 1         x27=00000011 x27:00000010
15475640ns          253951 1c009200 00044503 lbu              x10, 0(x8)          x10=00000020  x8:1c00003a  PA:1c00003a
15475938ns          253966 1c009204 00140413 addi             x8, x8, 1            x8=1c00003b  x8:1c00003a
15475958ns          253967 1c009206 fe0514e3 bne              x10, x0, -24        x10:00000020
15476038ns          253971 1c0091ee 02500793 addi             x15, x0, 37         x15=00000025
15476058ns          253972 1c0091f2 04f50863 beq              x10, x15, 80        x10:00000020 x15:00000025
15476077ns          253973 1c0091f6 01a005b3 add              x11, x0, x26        x11=00000002 x26:00000002
15476097ns          253974 1c0091f8 000b00e7 jalr             x1, x22, 0           x1=1c0091fa x22:1c009104
15476137ns          253976 1c009104 000026b7 lui              x13, 0x2000         x13=00002000
15476157ns          253977 1c009106 f14027f3 csrrs            x15, x0, 0xf14      x15=00000001
15476177ns          253978 1c00910a f8068693 addi             x13, x13, -128      x13=00001f80 x13:00002000
15476197ns          253979 1c00910e 00379713 slli             x14, x15, 0x3       x14=00000008 x15:00000001
15476217ns          253980 1c009112 00279793 slli             x15, x15, 0x2       x15=00000004 x15:00000001
15476237ns          253981 1c009114 00d7f7b3 and              x15, x15, x13       x15=00000000 x15:00000004 x13:00001f80
15476256ns          253982 1c009116 ee873733 p.bclr           x14, x14, 23, 8     x14=00000008 x14:00000008
15476276ns          253983 1c00911a 1a10f6b7 lui              x13, 0x1a10f000     x13=1a10f000
15476296ns          253984 1c00911e 0ff57513 andi             x10, x10, 255       x10=00000020 x10:00000020
15476316ns          253985 1c009122 00d70733 add              x14, x14, x13       x14=1a10f008 x14:00000008 x13:1a10f000
15476336ns          253986 1c009124 00a7e723 p.sw             x10, x0(x15)        x10:00000020 x15:00000000  PA:1a10f008
15476654ns          254002 1c009128 00000513 addi             x10, x0, 0          x10=00000000
15476674ns          254003 1c00912a 00008067 jalr             x0, x1, 0            x1:1c0091fa
15476734ns          254006 1c0091fa 31f52563 p.beqimm         x10, 778            x10:00000000
15476754ns          254007 1c0091fe 001d8d93 addi             x27, x27, 1         x27=00000012 x27:00000011
15476774ns          254008 1c009200 00044503 lbu              x10, 0(x8)          x10=00000069  x8:1c00003b  PA:1c00003b
15477072ns          254023 1c009204 00140413 addi             x8, x8, 1            x8=1c00003c  x8:1c00003b
15477092ns          254024 1c009206 fe0514e3 bne              x10, x0, -24        x10:00000069
15477171ns          254028 1c0091ee 02500793 addi             x15, x0, 37         x15=00000025
15477191ns          254029 1c0091f2 04f50863 beq              x10, x15, 80        x10:00000069 x15:00000025
15477211ns          254030 1c0091f6 01a005b3 add              x11, x0, x26        x11=00000002 x26:00000002
15477231ns          254031 1c0091f8 000b00e7 jalr             x1, x22, 0           x1=1c0091fa x22:1c009104
15477271ns          254033 1c009104 000026b7 lui              x13, 0x2000         x13=00002000
15477291ns          254034 1c009106 f14027f3 csrrs            x15, x0, 0xf14      x15=00000001
15477311ns          254035 1c00910a f8068693 addi             x13, x13, -128      x13=00001f80 x13:00002000
15477331ns          254036 1c00910e 00379713 slli             x14, x15, 0x3       x14=00000008 x15:00000001
15477350ns          254037 1c009112 00279793 slli             x15, x15, 0x2       x15=00000004 x15:00000001
15477370ns          254038 1c009114 00d7f7b3 and              x15, x15, x13       x15=00000000 x15:00000004 x13:00001f80
15477390ns          254039 1c009116 ee873733 p.bclr           x14, x14, 23, 8     x14=00000008 x14:00000008
15477410ns          254040 1c00911a 1a10f6b7 lui              x13, 0x1a10f000     x13=1a10f000
15477430ns          254041 1c00911e 0ff57513 andi             x10, x10, 255       x10=00000069 x10:00000069
15477450ns          254042 1c009122 00d70733 add              x14, x14, x13       x14=1a10f008 x14:00000008 x13:1a10f000
15477470ns          254043 1c009124 00a7e723 p.sw             x10, x0(x15)        x10:00000069 x15:00000000  PA:1a10f008
15477828ns          254061 1c009128 00000513 addi             x10, x0, 0          x10=00000000
15477848ns          254062 1c00912a 00008067 jalr             x0, x1, 0            x1:1c0091fa
15477907ns          254065 1c0091fa 31f52563 p.beqimm         x10, 778            x10:00000000
15477927ns          254066 1c0091fe 001d8d93 addi             x27, x27, 1         x27=00000013 x27:00000012
15477947ns          254067 1c009200 00044503 lbu              x10, 0(x8)          x10=00000074  x8:1c00003c  PA:1c00003c
15478246ns          254082 1c009204 00140413 addi             x8, x8, 1            x8=1c00003d  x8:1c00003c
15478265ns          254083 1c009206 fe0514e3 bne              x10, x0, -24        x10:00000074
15478345ns          254087 1c0091ee 02500793 addi             x15, x0, 37         x15=00000025
15478365ns          254088 1c0091f2 04f50863 beq              x10, x15, 80        x10:00000074 x15:00000025
15478385ns          254089 1c0091f6 01a005b3 add              x11, x0, x26        x11=00000002 x26:00000002
15478405ns          254090 1c0091f8 000b00e7 jalr             x1, x22, 0           x1=1c0091fa x22:1c009104
15478444ns          254092 1c009104 000026b7 lui              x13, 0x2000         x13=00002000
15478464ns          254093 1c009106 f14027f3 csrrs            x15, x0, 0xf14      x15=00000001
15478484ns          254094 1c00910a f8068693 addi             x13, x13, -128      x13=00001f80 x13:00002000
15478504ns          254095 1c00910e 00379713 slli             x14, x15, 0x3       x14=00000008 x15:00000001
15478524ns          254096 1c009112 00279793 slli             x15, x15, 0x2       x15=00000004 x15:00000001
15478544ns          254097 1c009114 00d7f7b3 and              x15, x15, x13       x15=00000000 x15:00000004 x13:00001f80
15478564ns          254098 1c009116 ee873733 p.bclr           x14, x14, 23, 8     x14=00000008 x14:00000008
15478584ns          254099 1c00911a 1a10f6b7 lui              x13, 0x1a10f000     x13=1a10f000
15478604ns          254100 1c00911e 0ff57513 andi             x10, x10, 255       x10=00000074 x10:00000074
15478623ns          254101 1c009122 00d70733 add              x14, x14, x13       x14=1a10f008 x14:00000008 x13:1a10f000
15478643ns          254102 1c009124 00a7e723 p.sw             x10, x0(x15)        x10:00000074 x15:00000000  PA:1a10f008
15478962ns          254118 1c009128 00000513 addi             x10, x0, 0          x10=00000000
15478982ns          254119 1c00912a 00008067 jalr             x0, x1, 0            x1:1c0091fa
15479041ns          254122 1c0091fa 31f52563 p.beqimm         x10, 778            x10:00000000
15479061ns          254123 1c0091fe 001d8d93 addi             x27, x27, 1         x27=00000014 x27:00000013
15479081ns          254124 1c009200 00044503 lbu              x10, 0(x8)          x10=00000065  x8:1c00003d  PA:1c00003d
15479379ns          254139 1c009204 00140413 addi             x8, x8, 1            x8=1c00003e  x8:1c00003d
15479399ns          254140 1c009206 fe0514e3 bne              x10, x0, -24        x10:00000065
15479479ns          254144 1c0091ee 02500793 addi             x15, x0, 37         x15=00000025
15479499ns          254145 1c0091f2 04f50863 beq              x10, x15, 80        x10:00000065 x15:00000025
15479519ns          254146 1c0091f6 01a005b3 add              x11, x0, x26        x11=00000002 x26:00000002
15479538ns          254147 1c0091f8 000b00e7 jalr             x1, x22, 0           x1=1c0091fa x22:1c009104
15479578ns          254149 1c009104 000026b7 lui              x13, 0x2000         x13=00002000
15479598ns          254150 1c009106 f14027f3 csrrs            x15, x0, 0xf14      x15=00000001
15479618ns          254151 1c00910a f8068693 addi             x13, x13, -128      x13=00001f80 x13:00002000
15479638ns          254152 1c00910e 00379713 slli             x14, x15, 0x3       x14=00000008 x15:00000001
15479658ns          254153 1c009112 00279793 slli             x15, x15, 0x2       x15=00000004 x15:00000001
15479678ns          254154 1c009114 00d7f7b3 and              x15, x15, x13       x15=00000000 x15:00000004 x13:00001f80
15479698ns          254155 1c009116 ee873733 p.bclr           x14, x14, 23, 8     x14=00000008 x14:00000008
15479717ns          254156 1c00911a 1a10f6b7 lui              x13, 0x1a10f000     x13=1a10f000
15479737ns          254157 1c00911e 0ff57513 andi             x10, x10, 255       x10=00000065 x10:00000065
15479757ns          254158 1c009122 00d70733 add              x14, x14, x13       x14=1a10f008 x14:00000008 x13:1a10f000
15479777ns          254159 1c009124 00a7e723 p.sw             x10, x0(x15)        x10:00000065 x15:00000000  PA:1a10f008
15480095ns          254175 1c009128 00000513 addi             x10, x0, 0          x10=00000000
15480115ns          254176 1c00912a 00008067 jalr             x0, x1, 0            x1:1c0091fa
15480175ns          254179 1c0091fa 31f52563 p.beqimm         x10, 778            x10:00000000
15480195ns          254180 1c0091fe 001d8d93 addi             x27, x27, 1         x27=00000015 x27:00000014
15480215ns          254181 1c009200 00044503 lbu              x10, 0(x8)          x10=00000072  x8:1c00003e  PA:1c00003e
15480513ns          254196 1c009204 00140413 addi             x8, x8, 1            x8=1c00003f  x8:1c00003e
15480533ns          254197 1c009206 fe0514e3 bne              x10, x0, -24        x10:00000072
15480613ns          254201 1c0091ee 02500793 addi             x15, x0, 37         x15=00000025
15480632ns          254202 1c0091f2 04f50863 beq              x10, x15, 80        x10:00000072 x15:00000025
15480652ns          254203 1c0091f6 01a005b3 add              x11, x0, x26        x11=00000002 x26:00000002
15480672ns          254204 1c0091f8 000b00e7 jalr             x1, x22, 0           x1=1c0091fa x22:1c009104
15480712ns          254206 1c009104 000026b7 lui              x13, 0x2000         x13=00002000
15480732ns          254207 1c009106 f14027f3 csrrs            x15, x0, 0xf14      x15=00000001
15480752ns          254208 1c00910a f8068693 addi             x13, x13, -128      x13=00001f80 x13:00002000
15480772ns          254209 1c00910e 00379713 slli             x14, x15, 0x3       x14=00000008 x15:00000001
15480792ns          254210 1c009112 00279793 slli             x15, x15, 0x2       x15=00000004 x15:00000001
15480811ns          254211 1c009114 00d7f7b3 and              x15, x15, x13       x15=00000000 x15:00000004 x13:00001f80
15480831ns          254212 1c009116 ee873733 p.bclr           x14, x14, 23, 8     x14=00000008 x14:00000008
15480851ns          254213 1c00911a 1a10f6b7 lui              x13, 0x1a10f000     x13=1a10f000
15480871ns          254214 1c00911e 0ff57513 andi             x10, x10, 255       x10=00000072 x10:00000072
15480891ns          254215 1c009122 00d70733 add              x14, x14, x13       x14=1a10f008 x14:00000008 x13:1a10f000
15480911ns          254216 1c009124 00a7e723 p.sw             x10, x0(x15)        x10:00000072 x15:00000000  PA:1a10f008
15481249ns          254233 1c009128 00000513 addi             x10, x0, 0          x10=00000000
15481269ns          254234 1c00912a 00008067 jalr             x0, x1, 0            x1:1c0091fa
15481329ns          254237 1c0091fa 31f52563 p.beqimm         x10, 778            x10:00000000
15481349ns          254238 1c0091fe 001d8d93 addi             x27, x27, 1         x27=00000016 x27:00000015
15481368ns          254239 1c009200 00044503 lbu              x10, 0(x8)          x10=00000061  x8:1c00003f  PA:1c00003f
15481667ns          254254 1c009204 00140413 addi             x8, x8, 1            x8=1c000040  x8:1c00003f
15481687ns          254255 1c009206 fe0514e3 bne              x10, x0, -24        x10:00000061
15481766ns          254259 1c0091ee 02500793 addi             x15, x0, 37         x15=00000025
15481786ns          254260 1c0091f2 04f50863 beq              x10, x15, 80        x10:00000061 x15:00000025
15481806ns          254261 1c0091f6 01a005b3 add              x11, x0, x26        x11=00000002 x26:00000002
15481826ns          254262 1c0091f8 000b00e7 jalr             x1, x22, 0           x1=1c0091fa x22:1c009104
15481866ns          254264 1c009104 000026b7 lui              x13, 0x2000         x13=00002000
15481886ns          254265 1c009106 f14027f3 csrrs            x15, x0, 0xf14      x15=00000001
15481905ns          254266 1c00910a f8068693 addi             x13, x13, -128      x13=00001f80 x13:00002000
15481925ns          254267 1c00910e 00379713 slli             x14, x15, 0x3       x14=00000008 x15:00000001
15481945ns          254268 1c009112 00279793 slli             x15, x15, 0x2       x15=00000004 x15:00000001
15481965ns          254269 1c009114 00d7f7b3 and              x15, x15, x13       x15=00000000 x15:00000004 x13:00001f80
15481985ns          254270 1c009116 ee873733 p.bclr           x14, x14, 23, 8     x14=00000008 x14:00000008
15482005ns          254271 1c00911a 1a10f6b7 lui              x13, 0x1a10f000     x13=1a10f000
15482025ns          254272 1c00911e 0ff57513 andi             x10, x10, 255       x10=00000061 x10:00000061
15482045ns          254273 1c009122 00d70733 add              x14, x14, x13       x14=1a10f008 x14:00000008 x13:1a10f000
15482065ns          254274 1c009124 00a7e723 p.sw             x10, x0(x15)        x10:00000061 x15:00000000  PA:1a10f008
15482403ns          254291 1c009128 00000513 addi             x10, x0, 0          x10=00000000
15482423ns          254292 1c00912a 00008067 jalr             x0, x1, 0            x1:1c0091fa
15482482ns          254295 1c0091fa 31f52563 p.beqimm         x10, 778            x10:00000000
15482502ns          254296 1c0091fe 001d8d93 addi             x27, x27, 1         x27=00000017 x27:00000016
15482522ns          254297 1c009200 00044503 lbu              x10, 0(x8)          x10=00000074  x8:1c000040  PA:1c000040
15482820ns          254312 1c009204 00140413 addi             x8, x8, 1            x8=1c000041  x8:1c000040
15482840ns          254313 1c009206 fe0514e3 bne              x10, x0, -24        x10:00000074
15482920ns          254317 1c0091ee 02500793 addi             x15, x0, 37         x15=00000025
15482940ns          254318 1c0091f2 04f50863 beq              x10, x15, 80        x10:00000074 x15:00000025
15482960ns          254319 1c0091f6 01a005b3 add              x11, x0, x26        x11=00000002 x26:00000002
15482980ns          254320 1c0091f8 000b00e7 jalr             x1, x22, 0           x1=1c0091fa x22:1c009104
15483019ns          254322 1c009104 000026b7 lui              x13, 0x2000         x13=00002000
15483039ns          254323 1c009106 f14027f3 csrrs            x15, x0, 0xf14      x15=00000001
15483059ns          254324 1c00910a f8068693 addi             x13, x13, -128      x13=00001f80 x13:00002000
15483079ns          254325 1c00910e 00379713 slli             x14, x15, 0x3       x14=00000008 x15:00000001
15483099ns          254326 1c009112 00279793 slli             x15, x15, 0x2       x15=00000004 x15:00000001
15483119ns          254327 1c009114 00d7f7b3 and              x15, x15, x13       x15=00000000 x15:00000004 x13:00001f80
15483139ns          254328 1c009116 ee873733 p.bclr           x14, x14, 23, 8     x14=00000008 x14:00000008
15483159ns          254329 1c00911a 1a10f6b7 lui              x13, 0x1a10f000     x13=1a10f000
15483178ns          254330 1c00911e 0ff57513 andi             x10, x10, 255       x10=00000074 x10:00000074
15483198ns          254331 1c009122 00d70733 add              x14, x14, x13       x14=1a10f008 x14:00000008 x13:1a10f000
15483218ns          254332 1c009124 00a7e723 p.sw             x10, x0(x15)        x10:00000074 x15:00000000  PA:1a10f008
15483537ns          254348 1c009128 00000513 addi             x10, x0, 0          x10=00000000
15483556ns          254349 1c00912a 00008067 jalr             x0, x1, 0            x1:1c0091fa
15483616ns          254352 1c0091fa 31f52563 p.beqimm         x10, 778            x10:00000000
15483636ns          254353 1c0091fe 001d8d93 addi             x27, x27, 1         x27=00000018 x27:00000017
15483656ns          254354 1c009200 00044503 lbu              x10, 0(x8)          x10=00000069  x8:1c000041  PA:1c000041
15483954ns          254369 1c009204 00140413 addi             x8, x8, 1            x8=1c000042  x8:1c000041
15483974ns          254370 1c009206 fe0514e3 bne              x10, x0, -24        x10:00000069
15484054ns          254374 1c0091ee 02500793 addi             x15, x0, 37         x15=00000025
15484074ns          254375 1c0091f2 04f50863 beq              x10, x15, 80        x10:00000069 x15:00000025
15484093ns          254376 1c0091f6 01a005b3 add              x11, x0, x26        x11=00000002 x26:00000002
15484113ns          254377 1c0091f8 000b00e7 jalr             x1, x22, 0           x1=1c0091fa x22:1c009104
15484153ns          254379 1c009104 000026b7 lui              x13, 0x2000         x13=00002000
15484173ns          254380 1c009106 f14027f3 csrrs            x15, x0, 0xf14      x15=00000001
15484193ns          254381 1c00910a f8068693 addi             x13, x13, -128      x13=00001f80 x13:00002000
15484213ns          254382 1c00910e 00379713 slli             x14, x15, 0x3       x14=00000008 x15:00000001
15484233ns          254383 1c009112 00279793 slli             x15, x15, 0x2       x15=00000004 x15:00000001
15484253ns          254384 1c009114 00d7f7b3 and              x15, x15, x13       x15=00000000 x15:00000004 x13:00001f80
15484272ns          254385 1c009116 ee873733 p.bclr           x14, x14, 23, 8     x14=00000008 x14:00000008
15484292ns          254386 1c00911a 1a10f6b7 lui              x13, 0x1a10f000     x13=1a10f000
15484312ns          254387 1c00911e 0ff57513 andi             x10, x10, 255       x10=00000069 x10:00000069
15484332ns          254388 1c009122 00d70733 add              x14, x14, x13       x14=1a10f008 x14:00000008 x13:1a10f000
15484352ns          254389 1c009124 00a7e723 p.sw             x10, x0(x15)        x10:00000069 x15:00000000  PA:1a10f008
15484670ns          254405 1c009128 00000513 addi             x10, x0, 0          x10=00000000
15484690ns          254406 1c00912a 00008067 jalr             x0, x1, 0            x1:1c0091fa
15484750ns          254409 1c0091fa 31f52563 p.beqimm         x10, 778            x10:00000000
15484770ns          254410 1c0091fe 001d8d93 addi             x27, x27, 1         x27=00000019 x27:00000018
15484790ns          254411 1c009200 00044503 lbu              x10, 0(x8)          x10=0000006f  x8:1c000042  PA:1c000042
15485088ns          254426 1c009204 00140413 addi             x8, x8, 1            x8=1c000043  x8:1c000042
15485108ns          254427 1c009206 fe0514e3 bne              x10, x0, -24        x10:0000006f
15485187ns          254431 1c0091ee 02500793 addi             x15, x0, 37         x15=00000025
15485207ns          254432 1c0091f2 04f50863 beq              x10, x15, 80        x10:0000006f x15:00000025
15485227ns          254433 1c0091f6 01a005b3 add              x11, x0, x26        x11=00000002 x26:00000002
15485247ns          254434 1c0091f8 000b00e7 jalr             x1, x22, 0           x1=1c0091fa x22:1c009104
15485287ns          254436 1c009104 000026b7 lui              x13, 0x2000         x13=00002000
15485307ns          254437 1c009106 f14027f3 csrrs            x15, x0, 0xf14      x15=00000001
15485327ns          254438 1c00910a f8068693 addi             x13, x13, -128      x13=00001f80 x13:00002000
15485347ns          254439 1c00910e 00379713 slli             x14, x15, 0x3       x14=00000008 x15:00000001
15485366ns          254440 1c009112 00279793 slli             x15, x15, 0x2       x15=00000004 x15:00000001
15485386ns          254441 1c009114 00d7f7b3 and              x15, x15, x13       x15=00000000 x15:00000004 x13:00001f80
15485406ns          254442 1c009116 ee873733 p.bclr           x14, x14, 23, 8     x14=00000008 x14:00000008
15485426ns          254443 1c00911a 1a10f6b7 lui              x13, 0x1a10f000     x13=1a10f000
15485446ns          254444 1c00911e 0ff57513 andi             x10, x10, 255       x10=0000006f x10:0000006f
15485466ns          254445 1c009122 00d70733 add              x14, x14, x13       x14=1a10f008 x14:00000008 x13:1a10f000
15485486ns          254446 1c009124 00a7e723 p.sw             x10, x0(x15)        x10:0000006f x15:00000000  PA:1a10f008
15485844ns          254464 1c009128 00000513 addi             x10, x0, 0          x10=00000000
15485864ns          254465 1c00912a 00008067 jalr             x0, x1, 0            x1:1c0091fa
15485923ns          254468 1c0091fa 31f52563 p.beqimm         x10, 778            x10:00000000
15485943ns          254469 1c0091fe 001d8d93 addi             x27, x27, 1         x27=0000001a x27:00000019
15485963ns          254470 1c009200 00044503 lbu              x10, 0(x8)          x10=0000006e  x8:1c000043  PA:1c000043
15486281ns          254486 1c009204 00140413 addi             x8, x8, 1            x8=1c000044  x8:1c000043
15486301ns          254487 1c009206 fe0514e3 bne              x10, x0, -24        x10:0000006e
15486381ns          254491 1c0091ee 02500793 addi             x15, x0, 37         x15=00000025
15486401ns          254492 1c0091f2 04f50863 beq              x10, x15, 80        x10:0000006e x15:00000025
15486421ns          254493 1c0091f6 01a005b3 add              x11, x0, x26        x11=00000002 x26:00000002
15486441ns          254494 1c0091f8 000b00e7 jalr             x1, x22, 0           x1=1c0091fa x22:1c009104
15486480ns          254496 1c009104 000026b7 lui              x13, 0x2000         x13=00002000
15486500ns          254497 1c009106 f14027f3 csrrs            x15, x0, 0xf14      x15=00000001
15486520ns          254498 1c00910a f8068693 addi             x13, x13, -128      x13=00001f80 x13:00002000
15486540ns          254499 1c00910e 00379713 slli             x14, x15, 0x3       x14=00000008 x15:00000001
15486560ns          254500 1c009112 00279793 slli             x15, x15, 0x2       x15=00000004 x15:00000001
15486580ns          254501 1c009114 00d7f7b3 and              x15, x15, x13       x15=00000000 x15:00000004 x13:00001f80
15486600ns          254502 1c009116 ee873733 p.bclr           x14, x14, 23, 8     x14=00000008 x14:00000008
15486620ns          254503 1c00911a 1a10f6b7 lui              x13, 0x1a10f000     x13=1a10f000
15486639ns          254504 1c00911e 0ff57513 andi             x10, x10, 255       x10=0000006e x10:0000006e
15486659ns          254505 1c009122 00d70733 add              x14, x14, x13       x14=1a10f008 x14:00000008 x13:1a10f000
15486679ns          254506 1c009124 00a7e723 p.sw             x10, x0(x15)        x10:0000006e x15:00000000  PA:1a10f008
15486997ns          254522 1c009128 00000513 addi             x10, x0, 0          x10=00000000
15487017ns          254523 1c00912a 00008067 jalr             x0, x1, 0            x1:1c0091fa
15487077ns          254526 1c0091fa 31f52563 p.beqimm         x10, 778            x10:00000000
15487097ns          254527 1c0091fe 001d8d93 addi             x27, x27, 1         x27=0000001b x27:0000001a
15487117ns          254528 1c009200 00044503 lbu              x10, 0(x8)          x10=00000073  x8:1c000044  PA:1c000044
15487415ns          254543 1c009204 00140413 addi             x8, x8, 1            x8=1c000045  x8:1c000044
15487435ns          254544 1c009206 fe0514e3 bne              x10, x0, -24        x10:00000073
15487515ns          254548 1c0091ee 02500793 addi             x15, x0, 37         x15=00000025
15487535ns          254549 1c0091f2 04f50863 beq              x10, x15, 80        x10:00000073 x15:00000025
15487554ns          254550 1c0091f6 01a005b3 add              x11, x0, x26        x11=00000002 x26:00000002
15487574ns          254551 1c0091f8 000b00e7 jalr             x1, x22, 0           x1=1c0091fa x22:1c009104
15487614ns          254553 1c009104 000026b7 lui              x13, 0x2000         x13=00002000
15487634ns          254554 1c009106 f14027f3 csrrs            x15, x0, 0xf14      x15=00000001
15487654ns          254555 1c00910a f8068693 addi             x13, x13, -128      x13=00001f80 x13:00002000
15487674ns          254556 1c00910e 00379713 slli             x14, x15, 0x3       x14=00000008 x15:00000001
15487694ns          254557 1c009112 00279793 slli             x15, x15, 0x2       x15=00000004 x15:00000001
15487714ns          254558 1c009114 00d7f7b3 and              x15, x15, x13       x15=00000000 x15:00000004 x13:00001f80
15487733ns          254559 1c009116 ee873733 p.bclr           x14, x14, 23, 8     x14=00000008 x14:00000008
15487753ns          254560 1c00911a 1a10f6b7 lui              x13, 0x1a10f000     x13=1a10f000
15487773ns          254561 1c00911e 0ff57513 andi             x10, x10, 255       x10=00000073 x10:00000073
15487793ns          254562 1c009122 00d70733 add              x14, x14, x13       x14=1a10f008 x14:00000008 x13:1a10f000
15487813ns          254563 1c009124 00a7e723 p.sw             x10, x0(x15)        x10:00000073 x15:00000000  PA:1a10f008
15488131ns          254579 1c009128 00000513 addi             x10, x0, 0          x10=00000000
15488151ns          254580 1c00912a 00008067 jalr             x0, x1, 0            x1:1c0091fa
15488211ns          254583 1c0091fa 31f52563 p.beqimm         x10, 778            x10:00000000
15488231ns          254584 1c0091fe 001d8d93 addi             x27, x27, 1         x27=0000001c x27:0000001b
15488251ns          254585 1c009200 00044503 lbu              x10, 0(x8)          x10=0000002e  x8:1c000045  PA:1c000045
15488549ns          254600 1c009204 00140413 addi             x8, x8, 1            x8=1c000046  x8:1c000045
15488569ns          254601 1c009206 fe0514e3 bne              x10, x0, -24        x10:0000002e
15488648ns          254605 1c0091ee 02500793 addi             x15, x0, 37         x15=00000025
15488668ns          254606 1c0091f2 04f50863 beq              x10, x15, 80        x10:0000002e x15:00000025
15488688ns          254607 1c0091f6 01a005b3 add              x11, x0, x26        x11=00000002 x26:00000002
15488708ns          254608 1c0091f8 000b00e7 jalr             x1, x22, 0           x1=1c0091fa x22:1c009104
15488748ns          254610 1c009104 000026b7 lui              x13, 0x2000         x13=00002000
15488768ns          254611 1c009106 f14027f3 csrrs            x15, x0, 0xf14      x15=00000001
15488788ns          254612 1c00910a f8068693 addi             x13, x13, -128      x13=00001f80 x13:00002000
15488808ns          254613 1c00910e 00379713 slli             x14, x15, 0x3       x14=00000008 x15:00000001
15488827ns          254614 1c009112 00279793 slli             x15, x15, 0x2       x15=00000004 x15:00000001
15488847ns          254615 1c009114 00d7f7b3 and              x15, x15, x13       x15=00000000 x15:00000004 x13:00001f80
15488867ns          254616 1c009116 ee873733 p.bclr           x14, x14, 23, 8     x14=00000008 x14:00000008
15488887ns          254617 1c00911a 1a10f6b7 lui              x13, 0x1a10f000     x13=1a10f000
15488907ns          254618 1c00911e 0ff57513 andi             x10, x10, 255       x10=0000002e x10:0000002e
15488927ns          254619 1c009122 00d70733 add              x14, x14, x13       x14=1a10f008 x14:00000008 x13:1a10f000
15488947ns          254620 1c009124 00a7e723 p.sw             x10, x0(x15)        x10:0000002e x15:00000000  PA:1a10f008
15489265ns          254636 1c009128 00000513 addi             x10, x0, 0          x10=00000000
15489285ns          254637 1c00912a 00008067 jalr             x0, x1, 0            x1:1c0091fa
15489345ns          254640 1c0091fa 31f52563 p.beqimm         x10, 778            x10:00000000
15489364ns          254641 1c0091fe 001d8d93 addi             x27, x27, 1         x27=0000001d x27:0000001c
15489384ns          254642 1c009200 00044503 lbu              x10, 0(x8)          x10=0000002e  x8:1c000046  PA:1c000046
15489683ns          254657 1c009204 00140413 addi             x8, x8, 1            x8=1c000047  x8:1c000046
15489703ns          254658 1c009206 fe0514e3 bne              x10, x0, -24        x10:0000002e
15489782ns          254662 1c0091ee 02500793 addi             x15, x0, 37         x15=00000025
15489802ns          254663 1c0091f2 04f50863 beq              x10, x15, 80        x10:0000002e x15:00000025
15489822ns          254664 1c0091f6 01a005b3 add              x11, x0, x26        x11=00000002 x26:00000002
15489842ns          254665 1c0091f8 000b00e7 jalr             x1, x22, 0           x1=1c0091fa x22:1c009104
15489882ns          254667 1c009104 000026b7 lui              x13, 0x2000         x13=00002000
15489902ns          254668 1c009106 f14027f3 csrrs            x15, x0, 0xf14      x15=00000001
15489921ns          254669 1c00910a f8068693 addi             x13, x13, -128      x13=00001f80 x13:00002000
15489941ns          254670 1c00910e 00379713 slli             x14, x15, 0x3       x14=00000008 x15:00000001
15489961ns          254671 1c009112 00279793 slli             x15, x15, 0x2       x15=00000004 x15:00000001
15489981ns          254672 1c009114 00d7f7b3 and              x15, x15, x13       x15=00000000 x15:00000004 x13:00001f80
15490001ns          254673 1c009116 ee873733 p.bclr           x14, x14, 23, 8     x14=00000008 x14:00000008
15490021ns          254674 1c00911a 1a10f6b7 lui              x13, 0x1a10f000     x13=1a10f000
15490041ns          254675 1c00911e 0ff57513 andi             x10, x10, 255       x10=0000002e x10:0000002e
15490061ns          254676 1c009122 00d70733 add              x14, x14, x13       x14=1a10f008 x14:00000008 x13:1a10f000
15490081ns          254677 1c009124 00a7e723 p.sw             x10, x0(x15)        x10:0000002e x15:00000000  PA:1a10f008
15490419ns          254694 1c009128 00000513 addi             x10, x0, 0          x10=00000000
15490439ns          254695 1c00912a 00008067 jalr             x0, x1, 0            x1:1c0091fa
15490498ns          254698 1c0091fa 31f52563 p.beqimm         x10, 778            x10:00000000
15490518ns          254699 1c0091fe 001d8d93 addi             x27, x27, 1         x27=0000001e x27:0000001d
15490538ns          254700 1c009200 00044503 lbu              x10, 0(x8)          x10=0000002e  x8:1c000047  PA:1c000047
15490836ns          254715 1c009204 00140413 addi             x8, x8, 1            x8=1c000048  x8:1c000047
15490856ns          254716 1c009206 fe0514e3 bne              x10, x0, -24        x10:0000002e
15490936ns          254720 1c0091ee 02500793 addi             x15, x0, 37         x15=00000025
15490956ns          254721 1c0091f2 04f50863 beq              x10, x15, 80        x10:0000002e x15:00000025
15490976ns          254722 1c0091f6 01a005b3 add              x11, x0, x26        x11=00000002 x26:00000002
15490996ns          254723 1c0091f8 000b00e7 jalr             x1, x22, 0           x1=1c0091fa x22:1c009104
15491035ns          254725 1c009104 000026b7 lui              x13, 0x2000         x13=00002000
15491055ns          254726 1c009106 f14027f3 csrrs            x15, x0, 0xf14      x15=00000001
15491075ns          254727 1c00910a f8068693 addi             x13, x13, -128      x13=00001f80 x13:00002000
15491095ns          254728 1c00910e 00379713 slli             x14, x15, 0x3       x14=00000008 x15:00000001
15491115ns          254729 1c009112 00279793 slli             x15, x15, 0x2       x15=00000004 x15:00000001
15491135ns          254730 1c009114 00d7f7b3 and              x15, x15, x13       x15=00000000 x15:00000004 x13:00001f80
15491155ns          254731 1c009116 ee873733 p.bclr           x14, x14, 23, 8     x14=00000008 x14:00000008
15491175ns          254732 1c00911a 1a10f6b7 lui              x13, 0x1a10f000     x13=1a10f000
15491194ns          254733 1c00911e 0ff57513 andi             x10, x10, 255       x10=0000002e x10:0000002e
15491214ns          254734 1c009122 00d70733 add              x14, x14, x13       x14=1a10f008 x14:00000008 x13:1a10f000
15491234ns          254735 1c009124 00a7e723 p.sw             x10, x0(x15)        x10:0000002e x15:00000000  PA:1a10f008
15491552ns          254751 1c009128 00000513 addi             x10, x0, 0          x10=00000000
15491572ns          254752 1c00912a 00008067 jalr             x0, x1, 0            x1:1c0091fa
15491632ns          254755 1c0091fa 31f52563 p.beqimm         x10, 778            x10:00000000
15491652ns          254756 1c0091fe 001d8d93 addi             x27, x27, 1         x27=0000001f x27:0000001e
15491672ns          254757 1c009200 00044503 lbu              x10, 0(x8)          x10=00000020  x8:1c000048  PA:1c000048
15491970ns          254772 1c009204 00140413 addi             x8, x8, 1            x8=1c000049  x8:1c000048
15491990ns          254773 1c009206 fe0514e3 bne              x10, x0, -24        x10:00000020
15492070ns          254777 1c0091ee 02500793 addi             x15, x0, 37         x15=00000025
15492090ns          254778 1c0091f2 04f50863 beq              x10, x15, 80        x10:00000020 x15:00000025
15492109ns          254779 1c0091f6 01a005b3 add              x11, x0, x26        x11=00000002 x26:00000002
15492129ns          254780 1c0091f8 000b00e7 jalr             x1, x22, 0           x1=1c0091fa x22:1c009104
15492169ns          254782 1c009104 000026b7 lui              x13, 0x2000         x13=00002000
15492189ns          254783 1c009106 f14027f3 csrrs            x15, x0, 0xf14      x15=00000001
15492209ns          254784 1c00910a f8068693 addi             x13, x13, -128      x13=00001f80 x13:00002000
15492229ns          254785 1c00910e 00379713 slli             x14, x15, 0x3       x14=00000008 x15:00000001
15492249ns          254786 1c009112 00279793 slli             x15, x15, 0x2       x15=00000004 x15:00000001
15492269ns          254787 1c009114 00d7f7b3 and              x15, x15, x13       x15=00000000 x15:00000004 x13:00001f80
15492288ns          254788 1c009116 ee873733 p.bclr           x14, x14, 23, 8     x14=00000008 x14:00000008
15492308ns          254789 1c00911a 1a10f6b7 lui              x13, 0x1a10f000     x13=1a10f000
15492328ns          254790 1c00911e 0ff57513 andi             x10, x10, 255       x10=00000020 x10:00000020
15492348ns          254791 1c009122 00d70733 add              x14, x14, x13       x14=1a10f008 x14:00000008 x13:1a10f000
15492368ns          254792 1c009124 00a7e723 p.sw             x10, x0(x15)        x10:00000020 x15:00000000  PA:1a10f008
15492686ns          254808 1c009128 00000513 addi             x10, x0, 0          x10=00000000
15492706ns          254809 1c00912a 00008067 jalr             x0, x1, 0            x1:1c0091fa
15492766ns          254812 1c0091fa 31f52563 p.beqimm         x10, 778            x10:00000000
15492786ns          254813 1c0091fe 001d8d93 addi             x27, x27, 1         x27=00000020 x27:0000001f
15492806ns          254814 1c009200 00044503 lbu              x10, 0(x8)          x10=00000028  x8:1c000049  PA:1c000049
15493104ns          254829 1c009204 00140413 addi             x8, x8, 1            x8=1c00004a  x8:1c000049
15493124ns          254830 1c009206 fe0514e3 bne              x10, x0, -24        x10:00000028
15493203ns          254834 1c0091ee 02500793 addi             x15, x0, 37         x15=00000025
15493223ns          254835 1c0091f2 04f50863 beq              x10, x15, 80        x10:00000028 x15:00000025
15493243ns          254836 1c0091f6 01a005b3 add              x11, x0, x26        x11=00000002 x26:00000002
15493263ns          254837 1c0091f8 000b00e7 jalr             x1, x22, 0           x1=1c0091fa x22:1c009104
15493303ns          254839 1c009104 000026b7 lui              x13, 0x2000         x13=00002000
15493323ns          254840 1c009106 f14027f3 csrrs            x15, x0, 0xf14      x15=00000001
15493343ns          254841 1c00910a f8068693 addi             x13, x13, -128      x13=00001f80 x13:00002000
15493363ns          254842 1c00910e 00379713 slli             x14, x15, 0x3       x14=00000008 x15:00000001
15493382ns          254843 1c009112 00279793 slli             x15, x15, 0x2       x15=00000004 x15:00000001
15493402ns          254844 1c009114 00d7f7b3 and              x15, x15, x13       x15=00000000 x15:00000004 x13:00001f80
15493422ns          254845 1c009116 ee873733 p.bclr           x14, x14, 23, 8     x14=00000008 x14:00000008
15493442ns          254846 1c00911a 1a10f6b7 lui              x13, 0x1a10f000     x13=1a10f000
15493462ns          254847 1c00911e 0ff57513 andi             x10, x10, 255       x10=00000028 x10:00000028
15493482ns          254848 1c009122 00d70733 add              x14, x14, x13       x14=1a10f008 x14:00000008 x13:1a10f000
15493502ns          254849 1c009124 00a7e723 p.sw             x10, x0(x15)        x10:00000028 x15:00000000  PA:1a10f008
15493840ns          254866 1c009128 00000513 addi             x10, x0, 0          x10=00000000
15493860ns          254867 1c00912a 00008067 jalr             x0, x1, 0            x1:1c0091fa
15493919ns          254870 1c0091fa 31f52563 p.beqimm         x10, 778            x10:00000000
15493939ns          254871 1c0091fe 001d8d93 addi             x27, x27, 1         x27=00000021 x27:00000020
15493959ns          254872 1c009200 00044503 lbu              x10, 0(x8)          x10=00000063  x8:1c00004a  PA:1c00004a
15494278ns          254888 1c009204 00140413 addi             x8, x8, 1            x8=1c00004b  x8:1c00004a
15494297ns          254889 1c009206 fe0514e3 bne              x10, x0, -24        x10:00000063
15494377ns          254893 1c0091ee 02500793 addi             x15, x0, 37         x15=00000025
15494397ns          254894 1c0091f2 04f50863 beq              x10, x15, 80        x10:00000063 x15:00000025
15494417ns          254895 1c0091f6 01a005b3 add              x11, x0, x26        x11=00000002 x26:00000002
15494437ns          254896 1c0091f8 000b00e7 jalr             x1, x22, 0           x1=1c0091fa x22:1c009104
15494476ns          254898 1c009104 000026b7 lui              x13, 0x2000         x13=00002000
15494496ns          254899 1c009106 f14027f3 csrrs            x15, x0, 0xf14      x15=00000001
15494516ns          254900 1c00910a f8068693 addi             x13, x13, -128      x13=00001f80 x13:00002000
15494536ns          254901 1c00910e 00379713 slli             x14, x15, 0x3       x14=00000008 x15:00000001
15494556ns          254902 1c009112 00279793 slli             x15, x15, 0x2       x15=00000004 x15:00000001
15494576ns          254903 1c009114 00d7f7b3 and              x15, x15, x13       x15=00000000 x15:00000004 x13:00001f80
15494596ns          254904 1c009116 ee873733 p.bclr           x14, x14, 23, 8     x14=00000008 x14:00000008
15494616ns          254905 1c00911a 1a10f6b7 lui              x13, 0x1a10f000     x13=1a10f000
15494636ns          254906 1c00911e 0ff57513 andi             x10, x10, 255       x10=00000063 x10:00000063
15494655ns          254907 1c009122 00d70733 add              x14, x14, x13       x14=1a10f008 x14:00000008 x13:1a10f000
15494675ns          254908 1c009124 00a7e723 p.sw             x10, x0(x15)        x10:00000063 x15:00000000  PA:1a10f008
15494994ns          254924 1c009128 00000513 addi             x10, x0, 0          x10=00000000
15495013ns          254925 1c00912a 00008067 jalr             x0, x1, 0            x1:1c0091fa
15495073ns          254928 1c0091fa 31f52563 p.beqimm         x10, 778            x10:00000000
15495093ns          254929 1c0091fe 001d8d93 addi             x27, x27, 1         x27=00000022 x27:00000021
15495113ns          254930 1c009200 00044503 lbu              x10, 0(x8)          x10=0000006f  x8:1c00004b  PA:1c00004b
15495411ns          254945 1c009204 00140413 addi             x8, x8, 1            x8=1c00004c  x8:1c00004b
15495431ns          254946 1c009206 fe0514e3 bne              x10, x0, -24        x10:0000006f
15495511ns          254950 1c0091ee 02500793 addi             x15, x0, 37         x15=00000025
15495531ns          254951 1c0091f2 04f50863 beq              x10, x15, 80        x10:0000006f x15:00000025
15495551ns          254952 1c0091f6 01a005b3 add              x11, x0, x26        x11=00000002 x26:00000002
15495570ns          254953 1c0091f8 000b00e7 jalr             x1, x22, 0           x1=1c0091fa x22:1c009104
15495610ns          254955 1c009104 000026b7 lui              x13, 0x2000         x13=00002000
15495630ns          254956 1c009106 f14027f3 csrrs            x15, x0, 0xf14      x15=00000001
15495650ns          254957 1c00910a f8068693 addi             x13, x13, -128      x13=00001f80 x13:00002000
15495670ns          254958 1c00910e 00379713 slli             x14, x15, 0x3       x14=00000008 x15:00000001
15495690ns          254959 1c009112 00279793 slli             x15, x15, 0x2       x15=00000004 x15:00000001
15495710ns          254960 1c009114 00d7f7b3 and              x15, x15, x13       x15=00000000 x15:00000004 x13:00001f80
15495730ns          254961 1c009116 ee873733 p.bclr           x14, x14, 23, 8     x14=00000008 x14:00000008
15495749ns          254962 1c00911a 1a10f6b7 lui              x13, 0x1a10f000     x13=1a10f000
15495769ns          254963 1c00911e 0ff57513 andi             x10, x10, 255       x10=0000006f x10:0000006f
15495789ns          254964 1c009122 00d70733 add              x14, x14, x13       x14=1a10f008 x14:00000008 x13:1a10f000
15495809ns          254965 1c009124 00a7e723 p.sw             x10, x0(x15)        x10:0000006f x15:00000000  PA:1a10f008
15496127ns          254981 1c009128 00000513 addi             x10, x0, 0          x10=00000000
15496147ns          254982 1c00912a 00008067 jalr             x0, x1, 0            x1:1c0091fa
15496207ns          254985 1c0091fa 31f52563 p.beqimm         x10, 778            x10:00000000
15496227ns          254986 1c0091fe 001d8d93 addi             x27, x27, 1         x27=00000023 x27:00000022
15496247ns          254987 1c009200 00044503 lbu              x10, 0(x8)          x10=00000072  x8:1c00004c  PA:1c00004c
15496545ns          255002 1c009204 00140413 addi             x8, x8, 1            x8=1c00004d  x8:1c00004c
15496565ns          255003 1c009206 fe0514e3 bne              x10, x0, -24        x10:00000072
15496645ns          255007 1c0091ee 02500793 addi             x15, x0, 37         x15=00000025
15496664ns          255008 1c0091f2 04f50863 beq              x10, x15, 80        x10:00000072 x15:00000025
15496684ns          255009 1c0091f6 01a005b3 add              x11, x0, x26        x11=00000002 x26:00000002
15496704ns          255010 1c0091f8 000b00e7 jalr             x1, x22, 0           x1=1c0091fa x22:1c009104
15496744ns          255012 1c009104 000026b7 lui              x13, 0x2000         x13=00002000
15496764ns          255013 1c009106 f14027f3 csrrs            x15, x0, 0xf14      x15=00000001
15496784ns          255014 1c00910a f8068693 addi             x13, x13, -128      x13=00001f80 x13:00002000
15496804ns          255015 1c00910e 00379713 slli             x14, x15, 0x3       x14=00000008 x15:00000001
15496824ns          255016 1c009112 00279793 slli             x15, x15, 0x2       x15=00000004 x15:00000001
15496843ns          255017 1c009114 00d7f7b3 and              x15, x15, x13       x15=00000000 x15:00000004 x13:00001f80
15496863ns          255018 1c009116 ee873733 p.bclr           x14, x14, 23, 8     x14=00000008 x14:00000008
15496883ns          255019 1c00911a 1a10f6b7 lui              x13, 0x1a10f000     x13=1a10f000
15496903ns          255020 1c00911e 0ff57513 andi             x10, x10, 255       x10=00000072 x10:00000072
15496923ns          255021 1c009122 00d70733 add              x14, x14, x13       x14=1a10f008 x14:00000008 x13:1a10f000
15496943ns          255022 1c009124 00a7e723 p.sw             x10, x0(x15)        x10:00000072 x15:00000000  PA:1a10f008
15497261ns          255038 1c009128 00000513 addi             x10, x0, 0          x10=00000000
15497281ns          255039 1c00912a 00008067 jalr             x0, x1, 0            x1:1c0091fa
15497341ns          255042 1c0091fa 31f52563 p.beqimm         x10, 778            x10:00000000
15497361ns          255043 1c0091fe 001d8d93 addi             x27, x27, 1         x27=00000024 x27:00000023
15497380ns          255044 1c009200 00044503 lbu              x10, 0(x8)          x10=00000065  x8:1c00004d  PA:1c00004d
15497679ns          255059 1c009204 00140413 addi             x8, x8, 1            x8=1c00004e  x8:1c00004d
15497699ns          255060 1c009206 fe0514e3 bne              x10, x0, -24        x10:00000065
15497778ns          255064 1c0091ee 02500793 addi             x15, x0, 37         x15=00000025
15497798ns          255065 1c0091f2 04f50863 beq              x10, x15, 80        x10:00000065 x15:00000025
15497818ns          255066 1c0091f6 01a005b3 add              x11, x0, x26        x11=00000002 x26:00000002
15497838ns          255067 1c0091f8 000b00e7 jalr             x1, x22, 0           x1=1c0091fa x22:1c009104
15497878ns          255069 1c009104 000026b7 lui              x13, 0x2000         x13=00002000
15497898ns          255070 1c009106 f14027f3 csrrs            x15, x0, 0xf14      x15=00000001
15497918ns          255071 1c00910a f8068693 addi             x13, x13, -128      x13=00001f80 x13:00002000
15497937ns          255072 1c00910e 00379713 slli             x14, x15, 0x3       x14=00000008 x15:00000001
15497957ns          255073 1c009112 00279793 slli             x15, x15, 0x2       x15=00000004 x15:00000001
15497977ns          255074 1c009114 00d7f7b3 and              x15, x15, x13       x15=00000000 x15:00000004 x13:00001f80
15497997ns          255075 1c009116 ee873733 p.bclr           x14, x14, 23, 8     x14=00000008 x14:00000008
15498017ns          255076 1c00911a 1a10f6b7 lui              x13, 0x1a10f000     x13=1a10f000
15498037ns          255077 1c00911e 0ff57513 andi             x10, x10, 255       x10=00000065 x10:00000065
15498057ns          255078 1c009122 00d70733 add              x14, x14, x13       x14=1a10f008 x14:00000008 x13:1a10f000
15498077ns          255079 1c009124 00a7e723 p.sw             x10, x0(x15)        x10:00000065 x15:00000000  PA:1a10f008
15498415ns          255096 1c009128 00000513 addi             x10, x0, 0          x10=00000000
15498435ns          255097 1c00912a 00008067 jalr             x0, x1, 0            x1:1c0091fa
15498494ns          255100 1c0091fa 31f52563 p.beqimm         x10, 778            x10:00000000
15498514ns          255101 1c0091fe 001d8d93 addi             x27, x27, 1         x27=00000025 x27:00000024
15498534ns          255102 1c009200 00044503 lbu              x10, 0(x8)          x10=00000069  x8:1c00004e  PA:1c00004e
15498832ns          255117 1c009204 00140413 addi             x8, x8, 1            x8=1c00004f  x8:1c00004e
15498852ns          255118 1c009206 fe0514e3 bne              x10, x0, -24        x10:00000069
15498932ns          255122 1c0091ee 02500793 addi             x15, x0, 37         x15=00000025
15498952ns          255123 1c0091f2 04f50863 beq              x10, x15, 80        x10:00000069 x15:00000025
15498972ns          255124 1c0091f6 01a005b3 add              x11, x0, x26        x11=00000002 x26:00000002
15498992ns          255125 1c0091f8 000b00e7 jalr             x1, x22, 0           x1=1c0091fa x22:1c009104
15499031ns          255127 1c009104 000026b7 lui              x13, 0x2000         x13=00002000
15499051ns          255128 1c009106 f14027f3 csrrs            x15, x0, 0xf14      x15=00000001
15499071ns          255129 1c00910a f8068693 addi             x13, x13, -128      x13=00001f80 x13:00002000
15499091ns          255130 1c00910e 00379713 slli             x14, x15, 0x3       x14=00000008 x15:00000001
15499111ns          255131 1c009112 00279793 slli             x15, x15, 0x2       x15=00000004 x15:00000001
15499131ns          255132 1c009114 00d7f7b3 and              x15, x15, x13       x15=00000000 x15:00000004 x13:00001f80
15499151ns          255133 1c009116 ee873733 p.bclr           x14, x14, 23, 8     x14=00000008 x14:00000008
15499171ns          255134 1c00911a 1a10f6b7 lui              x13, 0x1a10f000     x13=1a10f000
15499191ns          255135 1c00911e 0ff57513 andi             x10, x10, 255       x10=00000069 x10:00000069
15499210ns          255136 1c009122 00d70733 add              x14, x14, x13       x14=1a10f008 x14:00000008 x13:1a10f000
15499230ns          255137 1c009124 00a7e723 p.sw             x10, x0(x15)        x10:00000069 x15:00000000  PA:1a10f008
15499549ns          255153 1c009128 00000513 addi             x10, x0, 0          x10=00000000
15499568ns          255154 1c00912a 00008067 jalr             x0, x1, 0            x1:1c0091fa
15499628ns          255157 1c0091fa 31f52563 p.beqimm         x10, 778            x10:00000000
15499648ns          255158 1c0091fe 001d8d93 addi             x27, x27, 1         x27=00000026 x27:00000025
15499668ns          255159 1c009200 00044503 lbu              x10, 0(x8)          x10=00000064  x8:1c00004f  PA:1c00004f
15499966ns          255174 1c009204 00140413 addi             x8, x8, 1            x8=1c000050  x8:1c00004f
15499986ns          255175 1c009206 fe0514e3 bne              x10, x0, -24        x10:00000064
15500066ns          255179 1c0091ee 02500793 addi             x15, x0, 37         x15=00000025
15500086ns          255180 1c0091f2 04f50863 beq              x10, x15, 80        x10:00000064 x15:00000025
15500106ns          255181 1c0091f6 01a005b3 add              x11, x0, x26        x11=00000002 x26:00000002
15500125ns          255182 1c0091f8 000b00e7 jalr             x1, x22, 0           x1=1c0091fa x22:1c009104
15500165ns          255184 1c009104 000026b7 lui              x13, 0x2000         x13=00002000
15500185ns          255185 1c009106 f14027f3 csrrs            x15, x0, 0xf14      x15=00000001
15500205ns          255186 1c00910a f8068693 addi             x13, x13, -128      x13=00001f80 x13:00002000
15500225ns          255187 1c00910e 00379713 slli             x14, x15, 0x3       x14=00000008 x15:00000001
15500245ns          255188 1c009112 00279793 slli             x15, x15, 0x2       x15=00000004 x15:00000001
15500265ns          255189 1c009114 00d7f7b3 and              x15, x15, x13       x15=00000000 x15:00000004 x13:00001f80
15500285ns          255190 1c009116 ee873733 p.bclr           x14, x14, 23, 8     x14=00000008 x14:00000008
15500304ns          255191 1c00911a 1a10f6b7 lui              x13, 0x1a10f000     x13=1a10f000
15500324ns          255192 1c00911e 0ff57513 andi             x10, x10, 255       x10=00000064 x10:00000064
15500344ns          255193 1c009122 00d70733 add              x14, x14, x13       x14=1a10f008 x14:00000008 x13:1a10f000
15500364ns          255194 1c009124 00a7e723 p.sw             x10, x0(x15)        x10:00000064 x15:00000000  PA:1a10f008
15500682ns          255210 1c009128 00000513 addi             x10, x0, 0          x10=00000000
15500702ns          255211 1c00912a 00008067 jalr             x0, x1, 0            x1:1c0091fa
15500762ns          255214 1c0091fa 31f52563 p.beqimm         x10, 778            x10:00000000
15500782ns          255215 1c0091fe 001d8d93 addi             x27, x27, 1         x27=00000027 x27:00000026
15500802ns          255216 1c009200 00044503 lbu              x10, 0(x8)          x10=00000020  x8:1c000050  PA:1c000050
15501100ns          255231 1c009204 00140413 addi             x8, x8, 1            x8=1c000051  x8:1c000050
15501120ns          255232 1c009206 fe0514e3 bne              x10, x0, -24        x10:00000020
15501199ns          255236 1c0091ee 02500793 addi             x15, x0, 37         x15=00000025
15501219ns          255237 1c0091f2 04f50863 beq              x10, x15, 80        x10:00000020 x15:00000025
15501239ns          255238 1c0091f6 01a005b3 add              x11, x0, x26        x11=00000002 x26:00000002
15501259ns          255239 1c0091f8 000b00e7 jalr             x1, x22, 0           x1=1c0091fa x22:1c009104
15501299ns          255241 1c009104 000026b7 lui              x13, 0x2000         x13=00002000
15501319ns          255242 1c009106 f14027f3 csrrs            x15, x0, 0xf14      x15=00000001
15501339ns          255243 1c00910a f8068693 addi             x13, x13, -128      x13=00001f80 x13:00002000
15501359ns          255244 1c00910e 00379713 slli             x14, x15, 0x3       x14=00000008 x15:00000001
15501379ns          255245 1c009112 00279793 slli             x15, x15, 0x2       x15=00000004 x15:00000001
15501398ns          255246 1c009114 00d7f7b3 and              x15, x15, x13       x15=00000000 x15:00000004 x13:00001f80
15501418ns          255247 1c009116 ee873733 p.bclr           x14, x14, 23, 8     x14=00000008 x14:00000008
15501438ns          255248 1c00911a 1a10f6b7 lui              x13, 0x1a10f000     x13=1a10f000
15501458ns          255249 1c00911e 0ff57513 andi             x10, x10, 255       x10=00000020 x10:00000020
15501478ns          255250 1c009122 00d70733 add              x14, x14, x13       x14=1a10f008 x14:00000008 x13:1a10f000
15501498ns          255251 1c009124 00a7e723 p.sw             x10, x0(x15)        x10:00000020 x15:00000000  PA:1a10f008
15501836ns          255268 1c009128 00000513 addi             x10, x0, 0          x10=00000000
15501856ns          255269 1c00912a 00008067 jalr             x0, x1, 0            x1:1c0091fa
15501916ns          255272 1c0091fa 31f52563 p.beqimm         x10, 778            x10:00000000
15501935ns          255273 1c0091fe 001d8d93 addi             x27, x27, 1         x27=00000028 x27:00000027
15501955ns          255274 1c009200 00044503 lbu              x10, 0(x8)          x10=0000003d  x8:1c000051  PA:1c000051
15502274ns          255290 1c009204 00140413 addi             x8, x8, 1            x8=1c000052  x8:1c000051
15502293ns          255291 1c009206 fe0514e3 bne              x10, x0, -24        x10:0000003d
15502373ns          255295 1c0091ee 02500793 addi             x15, x0, 37         x15=00000025
15502393ns          255296 1c0091f2 04f50863 beq              x10, x15, 80        x10:0000003d x15:00000025
15502413ns          255297 1c0091f6 01a005b3 add              x11, x0, x26        x11=00000002 x26:00000002
15502433ns          255298 1c0091f8 000b00e7 jalr             x1, x22, 0           x1=1c0091fa x22:1c009104
15502473ns          255300 1c009104 000026b7 lui              x13, 0x2000         x13=00002000
15502492ns          255301 1c009106 f14027f3 csrrs            x15, x0, 0xf14      x15=00000001
15502512ns          255302 1c00910a f8068693 addi             x13, x13, -128      x13=00001f80 x13:00002000
15502532ns          255303 1c00910e 00379713 slli             x14, x15, 0x3       x14=00000008 x15:00000001
15502552ns          255304 1c009112 00279793 slli             x15, x15, 0x2       x15=00000004 x15:00000001
15502572ns          255305 1c009114 00d7f7b3 and              x15, x15, x13       x15=00000000 x15:00000004 x13:00001f80
15502592ns          255306 1c009116 ee873733 p.bclr           x14, x14, 23, 8     x14=00000008 x14:00000008
15502612ns          255307 1c00911a 1a10f6b7 lui              x13, 0x1a10f000     x13=1a10f000
15502632ns          255308 1c00911e 0ff57513 andi             x10, x10, 255       x10=0000003d x10:0000003d
15502652ns          255309 1c009122 00d70733 add              x14, x14, x13       x14=1a10f008 x14:00000008 x13:1a10f000
15502671ns          255310 1c009124 00a7e723 p.sw             x10, x0(x15)        x10:0000003d x15:00000000  PA:1a10f008
15502990ns          255326 1c009128 00000513 addi             x10, x0, 0          x10=00000000
15503010ns          255327 1c00912a 00008067 jalr             x0, x1, 0            x1:1c0091fa
15503069ns          255330 1c0091fa 31f52563 p.beqimm         x10, 778            x10:00000000
15503089ns          255331 1c0091fe 001d8d93 addi             x27, x27, 1         x27=00000029 x27:00000028
15503109ns          255332 1c009200 00044503 lbu              x10, 0(x8)          x10=00000020  x8:1c000052  PA:1c000052
15503407ns          255347 1c009204 00140413 addi             x8, x8, 1            x8=1c000053  x8:1c000052
15503427ns          255348 1c009206 fe0514e3 bne              x10, x0, -24        x10:00000020
15503507ns          255352 1c0091ee 02500793 addi             x15, x0, 37         x15=00000025
15503527ns          255353 1c0091f2 04f50863 beq              x10, x15, 80        x10:00000020 x15:00000025
15503547ns          255354 1c0091f6 01a005b3 add              x11, x0, x26        x11=00000002 x26:00000002
15503566ns          255355 1c0091f8 000b00e7 jalr             x1, x22, 0           x1=1c0091fa x22:1c009104
15503606ns          255357 1c009104 000026b7 lui              x13, 0x2000         x13=00002000
15503626ns          255358 1c009106 f14027f3 csrrs            x15, x0, 0xf14      x15=00000001
15503646ns          255359 1c00910a f8068693 addi             x13, x13, -128      x13=00001f80 x13:00002000
15503666ns          255360 1c00910e 00379713 slli             x14, x15, 0x3       x14=00000008 x15:00000001
15503686ns          255361 1c009112 00279793 slli             x15, x15, 0x2       x15=00000004 x15:00000001
15503706ns          255362 1c009114 00d7f7b3 and              x15, x15, x13       x15=00000000 x15:00000004 x13:00001f80
15503726ns          255363 1c009116 ee873733 p.bclr           x14, x14, 23, 8     x14=00000008 x14:00000008
15503746ns          255364 1c00911a 1a10f6b7 lui              x13, 0x1a10f000     x13=1a10f000
15503765ns          255365 1c00911e 0ff57513 andi             x10, x10, 255       x10=00000020 x10:00000020
15503785ns          255366 1c009122 00d70733 add              x14, x14, x13       x14=1a10f008 x14:00000008 x13:1a10f000
15503805ns          255367 1c009124 00a7e723 p.sw             x10, x0(x15)        x10:00000020 x15:00000000  PA:1a10f008
15504123ns          255383 1c009128 00000513 addi             x10, x0, 0          x10=00000000
15504143ns          255384 1c00912a 00008067 jalr             x0, x1, 0            x1:1c0091fa
15504203ns          255387 1c0091fa 31f52563 p.beqimm         x10, 778            x10:00000000
15504223ns          255388 1c0091fe 001d8d93 addi             x27, x27, 1         x27=0000002a x27:00000029
15504243ns          255389 1c009200 00044503 lbu              x10, 0(x8)          x10=00000025  x8:1c000053  PA:1c000053
15504541ns          255404 1c009204 00140413 addi             x8, x8, 1            x8=1c000054  x8:1c000053
15504561ns          255405 1c009206 fe0514e3 bne              x10, x0, -24        x10:00000025
15504641ns          255409 1c0091ee 02500793 addi             x15, x0, 37         x15=00000025
15504660ns          255410 1c0091f2 04f50863 beq              x10, x15, 80        x10:00000025 x15:00000025
15504800ns          255417 1c009242 00044483 lbu              x9, 0(x8)            x9=00000064  x8:1c000054  PA:1c000054
15505098ns          255432 1c009246 02000693 addi             x13, x0, 32         x13=00000020
15505118ns          255433 1c00924a 00140a93 addi             x21, x8, 1          x21=1c000055  x8:1c000054
15505138ns          255434 1c00924e 009005b3 add              x11, x0, x9         x11=00000064  x9:00000064
15505158ns          255435 1c009250 100b8513 addi             x10, x23, 256       x10=1c000100 x23:1c000000
15505178ns          255436 1c009254 00d12823 sw               x13, 16(x2)         x13:00000020  x2:10000cc8  PA:10000cd8
15505198ns          255437 1c009256 00012c23 sw               x0, 24(x2)           x2:10000cc8  PA:10000ce0
15505217ns          255438 1c009258 00012a23 sw               x0, 20(x2)           x2:10000cc8  PA:10000cdc
15505237ns          255439 1c00925a 00012e23 sw               x0, 28(x2)           x2:10000cc8  PA:10000ce4
15505257ns          255440 1c00925c 00012623 sw               x0, 12(x2)           x2:10000cc8  PA:10000cd4
15505277ns          255441 1c00925e 02300913 addi             x18, x0, 35         x18=00000023
15505297ns          255442 1c009262 02d00a13 addi             x20, x0, 45         x20=0000002d
15505317ns          255443 1c009266 015009b3 add              x19, x0, x21        x19=1c000055 x21:1c000055
15505337ns          255444 1c009268 e1dff0ef jal              x1, -484             x1=1c00926a
15505436ns          255449 1c009084 00054783 lbu              x15, 0(x10)         x15=0000002d x10:1c000100  PA:1c000100
15505735ns          255464 1c009088 0ff5f593 andi             x11, x11, 255       x11=00000064 x11:00000064
15505754ns          255465 1c00908c 00b78c63 beq              x15, x11, 24        x15:0000002d x11:00000064
15505774ns          255466 1c009090 00078b63 beq              x15, x0, 22         x15:0000002d
15505794ns          255467 1c009092 00150793 addi             x15, x10, 1         x15=1c000101 x10:1c000100
15505814ns          255468 1c009096 0040006f jal              x0, 4              
15505854ns          255470 1c00909a 00f00533 add              x10, x0, x15        x10=1c000101 x15:1c000101
15505874ns          255471 1c00909c 0017c70b p.lbu            x14, 1(x15!)        x14=0000002b x15=1c000102 x15:1c000101  PA:1c000101
15506192ns          255487 1c0090a0 feb71ce3 bne              x14, x11, -8        x14:0000002b x11:00000064
15506252ns          255490 1c009098 00070763 beq              x14, x0, 14         x14:0000002b
15506272ns          255491 1c00909a 00f00533 add              x10, x0, x15        x10=1c000102 x15:1c000102
15506292ns          255492 1c00909c 0017c70b p.lbu            x14, 1(x15!)        x14=00000020 x15=1c000103 x15:1c000102  PA:1c000102
15506610ns          255508 1c0090a0 feb71ce3 bne              x14, x11, -8        x14:00000020 x11:00000064
15506669ns          255511 1c009098 00070763 beq              x14, x0, 14         x14:00000020
15506689ns          255512 1c00909a 00f00533 add              x10, x0, x15        x10=1c000103 x15:1c000103
15506709ns          255513 1c00909c 0017c70b p.lbu            x14, 1(x15!)        x14=00000023 x15=1c000104 x15:1c000103  PA:1c000103
15507027ns          255529 1c0090a0 feb71ce3 bne              x14, x11, -8        x14:00000023 x11:00000064
15507087ns          255532 1c009098 00070763 beq              x14, x0, 14         x14:00000023
15507107ns          255533 1c00909a 00f00533 add              x10, x0, x15        x10=1c000104 x15:1c000104
15507127ns          255534 1c00909c 0017c70b p.lbu            x14, 1(x15!)        x14=00000030 x15=1c000105 x15:1c000104  PA:1c000104
15507445ns          255550 1c0090a0 feb71ce3 bne              x14, x11, -8        x14:00000030 x11:00000064
15507505ns          255553 1c009098 00070763 beq              x14, x0, 14         x14:00000030
15507525ns          255554 1c00909a 00f00533 add              x10, x0, x15        x10=1c000105 x15:1c000105
15507545ns          255555 1c00909c 0017c70b p.lbu            x14, 1(x15!)        x14=00000000 x15=1c000106 x15:1c000105  PA:1c000105
15507863ns          255571 1c0090a0 feb71ce3 bne              x14, x11, -8        x14:00000000 x11:00000064
15507923ns          255574 1c009098 00070763 beq              x14, x0, 14         x14:00000000
15508002ns          255578 1c0090a6 0015b593 sltiu            x11, x11, 1         x11=00000000 x11:00000064
15508022ns          255579 1c0090aa 40b005b3 sub              x11, x0, x11        x11=00000000 x11:00000000
15508042ns          255580 1c0090ae 00b57533 and              x10, x10, x11       x10=00000000 x10:1c000105 x11:00000000
15508062ns          255581 1c0090b0 00008067 jalr             x0, x1, 0            x1:1c00926a
15508102ns          255583 1c00926a 02050a63 beq              x10, x0, 52         x10:00000000
15508241ns          255590 1c00929e 02a00613 addi             x12, x0, 42         x12=0000002a
15508261ns          255591 1c0092a2 2ac48663 beq              x9, x12, 684         x9:00000064 x12:0000002a
15508281ns          255592 1c0092a6 fd048613 addi             x12, x9, -48        x12=00000034  x9:00000064
15508300ns          255593 1c0092aa 00900593 addi             x11, x0, 9          x11=00000009
15508320ns          255594 1c0092ac 00000913 addi             x18, x0, 0          x18=00000000
15508340ns          255595 1c0092ae 28c5f063 bgeu             x11, x12, 640       x11:00000009 x12:00000034
15508360ns          255596 1c0092b2 02e00693 addi             x13, x0, 46         x13=0000002e
15508380ns          255597 1c0092b6 fff00a13 addi             x20, x0, -1         x20=ffffffff
15508400ns          255598 1c0092b8 2ed48363 beq              x9, x13, 742         x9:00000064 x13:0000002e
15508420ns          255599 1c0092bc 1c0007b7 lui              x15, 0x1c000000     x15=1c000000
15508440ns          255600 1c0092c0 009005b3 add              x11, x0, x9         x11=00000064  x9:00000064
15508480ns          255602 1c0092c2 10878513 addi             x10, x15, 264       x10=1c000108 x15:1c000000
15508499ns          255603 1c0092c6 dbfff0ef jal              x1, -578             x1=1c0092c8
15508539ns          255605 1c009084 00054783 lbu              x15, 0(x10)         x15=00000068 x10:1c000108  PA:1c000108
15508838ns          255620 1c009088 0ff5f593 andi             x11, x11, 255       x11=00000064 x11:00000064
15508857ns          255621 1c00908c 00b78c63 beq              x15, x11, 24        x15:00000068 x11:00000064
15508877ns          255622 1c009090 00078b63 beq              x15, x0, 22         x15:00000068
15508897ns          255623 1c009092 00150793 addi             x15, x10, 1         x15=1c000109 x10:1c000108
15508917ns          255624 1c009096 0040006f jal              x0, 4              
15508957ns          255626 1c00909a 00f00533 add              x10, x0, x15        x10=1c000109 x15:1c000109
15508977ns          255627 1c00909c 0017c70b p.lbu            x14, 1(x15!)        x14=0000006c x15=1c00010a x15:1c000109  PA:1c000109
15509295ns          255643 1c0090a0 feb71ce3 bne              x14, x11, -8        x14:0000006c x11:00000064
15509355ns          255646 1c009098 00070763 beq              x14, x0, 14         x14:0000006c
15509375ns          255647 1c00909a 00f00533 add              x10, x0, x15        x10=1c00010a x15:1c00010a
15509394ns          255648 1c00909c 0017c70b p.lbu            x14, 1(x15!)        x14=0000004c x15=1c00010b x15:1c00010a  PA:1c00010a
15509713ns          255664 1c0090a0 feb71ce3 bne              x14, x11, -8        x14:0000004c x11:00000064
15509772ns          255667 1c009098 00070763 beq              x14, x0, 14         x14:0000004c
15509792ns          255668 1c00909a 00f00533 add              x10, x0, x15        x10=1c00010b x15:1c00010b
15509812ns          255669 1c00909c 0017c70b p.lbu            x14, 1(x15!)        x14=0000007a x15=1c00010c x15:1c00010b  PA:1c00010b
15510130ns          255685 1c0090a0 feb71ce3 bne              x14, x11, -8        x14:0000007a x11:00000064
15510190ns          255688 1c009098 00070763 beq              x14, x0, 14         x14:0000007a
15510210ns          255689 1c00909a 00f00533 add              x10, x0, x15        x10=1c00010c x15:1c00010c
15510230ns          255690 1c00909c 0017c70b p.lbu            x14, 1(x15!)        x14=00000000 x15=1c00010d x15:1c00010c  PA:1c00010c
15510548ns          255706 1c0090a0 feb71ce3 bne              x14, x11, -8        x14:00000000 x11:00000064
15510608ns          255709 1c009098 00070763 beq              x14, x0, 14         x14:00000000
15510687ns          255713 1c0090a6 0015b593 sltiu            x11, x11, 1         x11=00000000 x11:00000064
15510707ns          255714 1c0090aa 40b005b3 sub              x11, x0, x11        x11=00000000 x11:00000000
15510727ns          255715 1c0090ae 00b57533 and              x10, x10, x11       x10=00000000 x10:1c00010c x11:00000000
15510747ns          255716 1c0090b0 00008067 jalr             x0, x1, 0            x1:1c0092c8
15510787ns          255718 1c0092c8 01300433 add              x8, x0, x19          x8=1c000055 x19:1c000055
15510807ns          255719 1c0092ca 00050563 beq              x10, x0, 10         x10:00000000
15510866ns          255722 1c0092d4 06700693 addi             x13, x0, 103        x13=00000067
15510886ns          255723 1c0092d8 2896d963 bge              x13, x9, 658        x13:00000067  x9:00000064
15510966ns          255727 1c00956a 06500693 addi             x13, x0, 101        x13=00000065
15511026ns          255730 1c00956e 12d4d563 bge              x9, x13, 298         x9:00000064 x13:00000065
15511065ns          255732 1c009572 04700693 addi             x13, x0, 71         x13=00000047
15511085ns          255733 1c009576 dc96cbe3 blt              x13, x9, -554       x13:00000047  x9:00000064
15511205ns          255739 1c00934c 06300693 addi             x13, x0, 99         x13=00000063
15511264ns          255742 1c009350 0ad488e3 beq              x9, x13, 2224        x9:00000064 x13:00000063
15511304ns          255744 1c009354 0096c9e3 blt              x13, x9, 2066       x13:00000063  x9:00000064
15511443ns          255751 1c009b66 000c2583 lw               x11, 0(x24)         x11=00000001 x24:10000e20  PA:10000e20
15511463ns          255752 1c009b6a 004c0c13 addi             x24, x24, 4         x24=10000e24 x24:10000e20
15511483ns          255753 1c009b6c 3405cc63 blt              x11, x0, 856        x11:00000001
15511503ns          255754 1c009b70 01412603 lw               x12, 20(x2)         x12=00000000  x2:10000cc8  PA:10000cdc
15511523ns          255755 1c009b72 00b006b3 add              x13, x0, x11        x13=00000001 x11:00000001
15511543ns          255756 1c009b74 2e061863 bne              x12, x0, 752        x12:00000000
15511563ns          255757 1c009b78 01812703 lw               x14, 24(x2)         x14=00000000  x2:10000cc8  PA:10000ce0
15511582ns          255758 1c009b7a 019007b3 add              x15, x0, x25        x15=10000cec x25:10000cec
15511602ns          255759 1c009b7c 00070763 beq              x14, x0, 14         x14:00000000
15511662ns          255762 1c009b8a 00f00733 add              x14, x0, x15        x14=10000cec x15:10000cec
15511682ns          255763 1c009b8c 00a00513 addi             x10, x0, 10         x10=0000000a
15511742ns          255766 1c009b8e 02a6f633 remu             x12, x13, x10       x12=00000001 x13:00000001 x10:0000000a
15512378ns          255798 1c009b92 02a6d6b3 divu             x13, x13, x10       x13=00000000 x13:00000001 x10:0000000a
15512995ns          255829 1c009b96 03060613 addi             x12, x12, 48        x12=00000031 x12:00000001
15513015ns          255830 1c009b9a 00c700ab p.sb             x12, 1(x14!)        x14=10000ced x12:00000031 x14:10000cec  PA:10000cec
15513034ns          255831 1c009b9e fe0698e3 bne              x13, x0, -16        x13:00000000
15513054ns          255832 1c009ba0 40f706b3 sub              x13, x14, x15       x13=00000001 x14:10000ced x15:10000cec
15513074ns          255833 1c009ba4 0146dc63 bge              x13, x20, 24        x13:00000001 x20:ffffffff
15513194ns          255839 1c009bbc 00e006b3 add              x13, x0, x14        x13=10000ced x14:10000ced
15513214ns          255840 1c009bbe fe068fab p.sb             x0, -1(x13!)        x13=10000cec x13:10000ced  PA:10000ced
15513233ns          255841 1c009bc2 00d7fc63 bgeu             x15, x13, 24        x15:10000cec x13:10000cec
15513293ns          255844 1c009bda 01412783 lw               x15, 20(x2)         x15=00000000  x2:10000cc8  PA:10000cdc
15513313ns          255845 1c009bdc 01812603 lw               x12, 24(x2)         x12=00000000  x2:10000cc8  PA:10000ce0
15513373ns          255848 1c009bde 419704b3 sub              x9, x14, x25         x9=00000001 x14:10000ced x25:10000cec
15513393ns          255849 1c009be2 00c7e7b3 or               x15, x15, x12       x15=00000000 x15:00000000 x12:00000000
15513412ns          255850 1c009be4 00f12623 sw               x15, 12(x2)         x15:00000000  x2:10000cc8  PA:10000cd4
15513452ns          255852 1c009be6 00079363 bne              x15, x0, 6          x15:00000000
15513472ns          255853 1c009be8 01f5d593 srli             x11, x11, 0x1f      x11=00000000 x11:00000001
15513492ns          255854 1c009bea 00b12623 sw               x11, 12(x2)         x11:00000000  x2:10000cc8  PA:10000cd4
15513512ns          255855 1c009bec e3fa28e3 p.beqimm         x20, -464           x20:ffffffff
15513611ns          255860 1c009a1c 0c800793 addi             x15, x0, 200        x15=000000c8
15513691ns          255864 1c009a20 9e97d0e3 bge              x15, x9, -1568      x15:000000c8  x9:00000001
15513790ns          255869 1c009400 0f24d163 bge              x9, x18, 226         x9:00000001 x18:00000000
15513930ns          255876 1c0094e2 d00482e3 beq              x9, x0, -764         x9:00000001
15513949ns          255877 1c0094e6 01900933 add              x18, x0, x25        x18=10000cec x25:10000cec
15513969ns          255878 1c0094e8 419d8db3 sub              x27, x27, x25       x27=effff33e x27:0000002a x25:10000cec
15513989ns          255879 1c0094ec 00a0006f jal              x0, 10             
15514089ns          255884 1c0094f6 0019450b p.lbu            x10, 1(x18!)        x10=00000031 x18=10000ced x18:10000cec  PA:10000cec
15514109ns          255885 1c0094fa 01a005b3 add              x11, x0, x26        x11=00000002 x26:00000002
15514128ns          255886 1c0094fc 000b00e7 jalr             x1, x22, 0           x1=1c0094fe x22:1c009104
15514248ns          255892 1c009104 000026b7 lui              x13, 0x2000         x13=00002000
15514288ns          255894 1c009106 f14027f3 csrrs            x15, x0, 0xf14      x15=00000001
15514308ns          255895 1c00910a f8068693 addi             x13, x13, -128      x13=00001f80 x13:00002000
15514367ns          255898 1c00910e 00379713 slli             x14, x15, 0x3       x14=00000008 x15:00000001
15514387ns          255899 1c009112 00279793 slli             x15, x15, 0x2       x15=00000004 x15:00000001
15514407ns          255900 1c009114 00d7f7b3 and              x15, x15, x13       x15=00000000 x15:00000004 x13:00001f80
15514427ns          255901 1c009116 ee873733 p.bclr           x14, x14, 23, 8     x14=00000008 x14:00000008
15514447ns          255902 1c00911a 1a10f6b7 lui              x13, 0x1a10f000     x13=1a10f000
15514467ns          255903 1c00911e 0ff57513 andi             x10, x10, 255       x10=00000031 x10:00000031
15514487ns          255904 1c009122 00d70733 add              x14, x14, x13       x14=1a10f008 x14:00000008 x13:1a10f000
15514506ns          255905 1c009124 00a7e723 p.sw             x10, x0(x15)        x10:00000031 x15:00000000  PA:1a10f008
15514845ns          255922 1c009128 00000513 addi             x10, x0, 0          x10=00000000
15514864ns          255923 1c00912a 00008067 jalr             x0, x1, 0            x1:1c0094fe
15514904ns          255925 1c0094fe fff48493 addi             x9, x9, -1           x9=00000000  x9:00000001
15514924ns          255926 1c009500 fff537e3 p.bneimm         x10, -18            x10:00000000
15515004ns          255930 1c0094ee 012d8733 add              x14, x27, x18       x14=0000002b x27:effff33e x18:10000ced
15515024ns          255931 1c0094f2 5a048b63 beq              x9, x0, 1462         x9:00000000
15515123ns          255936 1c009aa8 00e00db3 add              x27, x0, x14        x27=0000002b x14:0000002b
15515163ns          255938 1c009aaa f3cff06f jal              x0, -2244          
15515302ns          255945 1c0091e6 00044503 lbu              x10, 0(x8)          x10=00000029  x8:1c000055  PA:1c000055
15515620ns          255961 1c0091ea 00140413 addi             x8, x8, 1            x8=1c000056  x8:1c000055
15515640ns          255962 1c0091ec 00050e63 beq              x10, x0, 28         x10:00000029
15515660ns          255963 1c0091ee 02500793 addi             x15, x0, 37         x15=00000025
15515680ns          255964 1c0091f2 04f50863 beq              x10, x15, 80        x10:00000029 x15:00000025
15515700ns          255965 1c0091f6 01a005b3 add              x11, x0, x26        x11=00000002 x26:00000002
15515720ns          255966 1c0091f8 000b00e7 jalr             x1, x22, 0           x1=1c0091fa x22:1c009104
15515819ns          255971 1c009104 000026b7 lui              x13, 0x2000         x13=00002000
15515839ns          255972 1c009106 f14027f3 csrrs            x15, x0, 0xf14      x15=00000001
15515859ns          255973 1c00910a f8068693 addi             x13, x13, -128      x13=00001f80 x13:00002000
15515879ns          255974 1c00910e 00379713 slli             x14, x15, 0x3       x14=00000008 x15:00000001
15515899ns          255975 1c009112 00279793 slli             x15, x15, 0x2       x15=00000004 x15:00000001
15515919ns          255976 1c009114 00d7f7b3 and              x15, x15, x13       x15=00000000 x15:00000004 x13:00001f80
15515939ns          255977 1c009116 ee873733 p.bclr           x14, x14, 23, 8     x14=00000008 x14:00000008
15515958ns          255978 1c00911a 1a10f6b7 lui              x13, 0x1a10f000     x13=1a10f000
15515978ns          255979 1c00911e 0ff57513 andi             x10, x10, 255       x10=00000029 x10:00000029
15515998ns          255980 1c009122 00d70733 add              x14, x14, x13       x14=1a10f008 x14:00000008 x13:1a10f000
15516018ns          255981 1c009124 00a7e723 p.sw             x10, x0(x15)        x10:00000029 x15:00000000  PA:1a10f008
15516336ns          255997 1c009128 00000513 addi             x10, x0, 0          x10=00000000
15516356ns          255998 1c00912a 00008067 jalr             x0, x1, 0            x1:1c0091fa
15516416ns          256001 1c0091fa 31f52563 p.beqimm         x10, 778            x10:00000000
15516436ns          256002 1c0091fe 001d8d93 addi             x27, x27, 1         x27=0000002c x27:0000002b
15516456ns          256003 1c009200 00044503 lbu              x10, 0(x8)          x10=0000000a  x8:1c000056  PA:1c000056
15516754ns          256018 1c009204 00140413 addi             x8, x8, 1            x8=1c000057  x8:1c000056
15516774ns          256019 1c009206 fe0514e3 bne              x10, x0, -24        x10:0000000a
15516854ns          256023 1c0091ee 02500793 addi             x15, x0, 37         x15=00000025
15516873ns          256024 1c0091f2 04f50863 beq              x10, x15, 80        x10:0000000a x15:00000025
15516893ns          256025 1c0091f6 01a005b3 add              x11, x0, x26        x11=00000002 x26:00000002
15516913ns          256026 1c0091f8 000b00e7 jalr             x1, x22, 0           x1=1c0091fa x22:1c009104
15516953ns          256028 1c009104 000026b7 lui              x13, 0x2000         x13=00002000
15516973ns          256029 1c009106 f14027f3 csrrs            x15, x0, 0xf14      x15=00000001
15516993ns          256030 1c00910a f8068693 addi             x13, x13, -128      x13=00001f80 x13:00002000
15517013ns          256031 1c00910e 00379713 slli             x14, x15, 0x3       x14=00000008 x15:00000001
15517033ns          256032 1c009112 00279793 slli             x15, x15, 0x2       x15=00000004 x15:00000001
15517052ns          256033 1c009114 00d7f7b3 and              x15, x15, x13       x15=00000000 x15:00000004 x13:00001f80
15517072ns          256034 1c009116 ee873733 p.bclr           x14, x14, 23, 8     x14=00000008 x14:00000008
15517092ns          256035 1c00911a 1a10f6b7 lui              x13, 0x1a10f000     x13=1a10f000
15517112ns          256036 1c00911e 0ff57513 andi             x10, x10, 255       x10=0000000a x10:0000000a
15517132ns          256037 1c009122 00d70733 add              x14, x14, x13       x14=1a10f008 x14:00000008 x13:1a10f000
15517152ns          256038 1c009124 00a7e723 p.sw             x10, x0(x15)        x10:0000000a x15:00000000  PA:1a10f008
15517470ns          256054 1c009128 00000513 addi             x10, x0, 0          x10=00000000
15517490ns          256055 1c00912a 00008067 jalr             x0, x1, 0            x1:1c0091fa
15517550ns          256058 1c0091fa 31f52563 p.beqimm         x10, 778            x10:00000000
15517570ns          256059 1c0091fe 001d8d93 addi             x27, x27, 1         x27=0000002d x27:0000002c
15517589ns          256060 1c009200 00044503 lbu              x10, 0(x8)          x10=00000000  x8:1c000057  PA:1c000057
15517888ns          256075 1c009204 00140413 addi             x8, x8, 1            x8=1c000058  x8:1c000057
15517908ns          256076 1c009206 fe0514e3 bne              x10, x0, -24        x10:00000000
15517928ns          256077 1c009208 01b00433 add              x8, x0, x27          x8=0000002d x27:0000002d
15517948ns          256078 1c00920a 00800533 add              x10, x0, x8         x10=0000002d  x8:0000002d
15517967ns          256079 1c00920c 12c12083 lw               x1, 300(x2)          x1=1c009198  x2:10000cc8  PA:10000df4
15517987ns          256080 1c009210 12812403 lw               x8, 296(x2)          x8=00000001  x2:10000cc8  PA:10000df0
15518007ns          256081 1c009214 12412483 lw               x9, 292(x2)          x9=xxxxxxxx  x2:10000cc8  PA:10000dec
15518027ns          256082 1c009218 12012903 lw               x18, 288(x2)        x18=xxxxxxxx  x2:10000cc8  PA:10000de8
15518047ns          256083 1c00921c 11c12983 lw               x19, 284(x2)        x19=xxxxxxxx  x2:10000cc8  PA:10000de4
15518405ns          256101 1c009220 11812a03 lw               x20, 280(x2)        x20=xxxxxxxx  x2:10000cc8  PA:10000de0
15518445ns          256103 1c009224 11412a83 lw               x21, 276(x2)        x21=xxxxxxxx  x2:10000cc8  PA:10000ddc
15518465ns          256104 1c009228 11012b03 lw               x22, 272(x2)        x22=xxxxxxxx  x2:10000cc8  PA:10000dd8
15518485ns          256105 1c00922c 10c12b83 lw               x23, 268(x2)        x23=xxxxxxxx  x2:10000cc8  PA:10000dd4
15518922ns          256127 1c009230 10812c03 lw               x24, 264(x2)        x24=xxxxxxxx  x2:10000cc8  PA:10000dd0
15518962ns          256129 1c009234 10412c83 lw               x25, 260(x2)        x25=xxxxxxxx  x2:10000cc8  PA:10000dcc
15518982ns          256130 1c009238 10012d03 lw               x26, 256(x2)        x26=xxxxxxxx  x2:10000cc8  PA:10000dc8
15519002ns          256131 1c00923c 0fc12d83 lw               x27, 252(x2)        x27=xxxxxxxx  x2:10000cc8  PA:10000dc4
15519022ns          256132 1c00923e 13010113 addi             x2, x2, 304          x2=10000df8  x2:10000cc8
15519061ns          256134 1c009240 00008067 jalr             x0, x1, 0            x1:1c009198
15519141ns          256138 1c009198 01c12083 lw               x1, 28(x2)           x1=1c008190  x2:10000df8  PA:10000e14
15519161ns          256139 1c00919a 04010113 addi             x2, x2, 64           x2=10000e38  x2:10000df8
15519201ns          256141 1c00919c 00008067 jalr             x0, x1, 0            x1:1c008190
15519320ns          256147 1c008190 00300793 addi             x15, x0, 3          x15=00000003
15519360ns          256149 1c008192 0087f463 bgeu             x15, x8, 8          x15:00000003  x8:00000001
15519439ns          256153 1c00819a 38c020ef jal              x1, 9100             x1=1c00819e
15520414ns          256202 1c00a526 f14027f3 csrrs            x15, x0, 0xf14      x15=00000001
15520434ns          256203 1c00a52a 01f00713 addi             x14, x0, 31         x14=0000001f
15520454ns          256204 1c00a52c ca5797b3 p.extractu       x15, x15, 5, 5      x15=00000000 x15:00000001
15520871ns          256225 1c00a530 00e78863 beq              x15, x14, 16        x15:00000000 x14:0000001f
15520911ns          256227 1c00a534 002047b7 lui              x15, 0x204000       x15=00204000
15520931ns          256228 1c00a538 20078793 addi             x15, x15, 512       x15=00204200 x15:00204000
15520951ns          256229 1c00a53c 01c7e703 p.elw            x14, 28(x15)        x14=00010000 x15:00204200  PA:0020421c
15521389ns          256251 1c00a540 00008067 jalr             x0, x1, 0            x1:1c00819e
15521448ns          256254 1c00819e f14027f3 csrrs            x15, x0, 0xf14      x15=00000001
15521468ns          256255 1c0081a2 f457b7b3 p.bclr           x15, x15, 26, 5     x15=00000001 x15:00000001
15521488ns          256256 1c0081a6 02079063 bne              x15, x0, 32         x15:00000001
15522463ns          256305 1c0081c6 06400793 addi             x15, x0, 100        x15=00000064
15522483ns          256306 1c0081ca 02f407b3 mul              x15, x8, x15        x15=00000064  x8:00000001 x15:00000064
15522920ns          256328 1c0081ce 1c0104b7 lui              x9, 0x1c010000       x9=1c010000
15522960ns          256330 1c0081d2 00048493 addi             x9, x9, 0            x9=1c010000  x9:1c010000
15522980ns          256331 1c0081d6 00279793 slli             x15, x15, 0x2       x15=00000190 x15:00000064
15523000ns          256332 1c0081d8 009787b3 add              x15, x15, x9        x15=1c010190 x15:00000190  x9:1c010000
15523020ns          256333 1c0081da 0707a083 lw               x1, 112(x15)         x1=4367575a x15:1c010190  PA:1c010200
15523457ns          256355 1c0081de 02c7a383 lw               x7, 44(x15)          x7=43b3a3ef x15:1c010190  PA:1c0101bc
15523756ns          256370 1c0081e2 0307a283 lw               x5, 48(x15)          x5=439d11c4 x15:1c010190  PA:1c0101c0
15524054ns          256385 1c0081e6 0347af83 lw               x31, 52(x15)        x31=436b4d32 x15:1c010190  PA:1c0101c4
15524352ns          256400 1c0081ea 0387af03 lw               x30, 56(x15)        x30=43b18a5b x15:1c010190  PA:1c0101c8
15524651ns          256415 1c0081ee 03c7ae83 lw               x29, 60(x15)        x29=4375c0b9 x15:1c010190  PA:1c0101cc
15524969ns          256431 1c0081f2 0407ae03 lw               x28, 64(x15)        x28=4388fa09 x15:1c010190  PA:1c0101d0
15525267ns          256446 1c0081f6 0447a303 lw               x6, 68(x15)          x6=435207ac x15:1c010190  PA:1c0101d4
15525566ns          256461 1c0081fa 0487a883 lw               x17, 72(x15)        x17=4343d436 x15:1c010190  PA:1c0101d8
15525864ns          256476 1c0081fe 0507a503 lw               x10, 80(x15)        x10=433f2ec7 x15:1c010190  PA:1c0101e0
15526162ns          256491 1c008200 0587a603 lw               x12, 88(x15)        x12=43c2cf84 x15:1c010190  PA:1c0101e8
15526461ns          256506 1c008202 05c7a683 lw               x13, 92(x15)        x13=43711613 x15:1c010190  PA:1c0101ec
15526759ns          256521 1c008204 0607a703 lw               x14, 96(x15)        x14=43a73c6a x15:1c010190  PA:1c0101f0
15527057ns          256536 1c008206 04c7a803 lw               x16, 76(x15)        x16=4320c1da x15:1c010190  PA:1c0101dc
15527356ns          256551 1c00820a 0547a583 lw               x11, 84(x15)        x11=439d11c4 x15:1c010190  PA:1c0101e4
15527674ns          256567 1c00820c 0747ad03 lw               x26, 116(x15)       x26=43021d17 x15:1c010190  PA:1c010204
15527972ns          256582 1c008210 06112823 sw               x1, 112(x2)          x1:4367575a  x2:10000e38  PA:10000ea8
15527992ns          256583 1c008212 0787a083 lw               x1, 120(x15)         x1=43404f2a x15:1c010190  PA:1c010208
15528291ns          256598 1c008216 07a12a23 sw               x26, 116(x2)        x26:43021d17  x2:10000e38  PA:10000eac
15528311ns          256599 1c008218 06112c23 sw               x1, 120(x2)          x1:43404f2a  x2:10000e38  PA:10000eb0
15528330ns          256600 1c00821a 07c7ad03 lw               x26, 124(x15)       x26=436b4d32 x15:1c010190  PA:1c01020c
15528649ns          256616 1c00821e 0807a083 lw               x1, 128(x15)         x1=43711613 x15:1c010190  PA:1c010210
15528967ns          256632 1c008222 07a12e23 sw               x26, 124(x2)        x26:436b4d32  x2:10000e38  PA:10000eb4
15528987ns          256633 1c008224 08112023 sw               x1, 128(x2)          x1:43711613  x2:10000e38  PA:10000eb8
15529007ns          256634 1c008226 0847ad03 lw               x26, 132(x15)       x26=4380ed9d x15:1c010190  PA:1c010214
15529305ns          256649 1c00822a 0887a083 lw               x1, 136(x15)         x1=4380a0e9 x15:1c010190  PA:1c010218
15529603ns          256664 1c00822e 09a12223 sw               x26, 132(x2)        x26:4380ed9d  x2:10000e38  PA:10000ebc
15529623ns          256665 1c008230 08112423 sw               x1, 136(x2)          x1:4380a0e9  x2:10000e38  PA:10000ec0
15529643ns          256666 1c008232 08c7ad03 lw               x26, 140(x15)       x26=4367959c x15:1c010190  PA:1c01021c
15529942ns          256681 1c008236 0907a083 lw               x1, 144(x15)         x1=437c4f40 x15:1c010190  PA:1c010220
15530260ns          256697 1c00823a 09a12623 sw               x26, 140(x2)        x26:4367959c  x2:10000e38  PA:10000ec4
15530280ns          256698 1c00823c 08112823 sw               x1, 144(x2)          x1:437c4f40  x2:10000e38  PA:10000ec8
15530300ns          256699 1c00823e 0947ad03 lw               x26, 148(x15)       x26=4354cbbb x15:1c010190  PA:1c010224
15530598ns          256714 1c008242 0987a083 lw               x1, 152(x15)         x1=430f60b6 x15:1c010190  PA:1c010228
15530896ns          256729 1c008246 09a12a23 sw               x26, 148(x2)        x26:4354cbbb  x2:10000e38  PA:10000ecc
15530916ns          256730 1c008248 08112c23 sw               x1, 152(x2)          x1:430f60b6  x2:10000e38  PA:10000ed0
15530936ns          256731 1c00824a 09c7ad03 lw               x26, 156(x15)       x26=429fb154 x15:1c010190  PA:1c01022c
15531235ns          256746 1c00824e 0a07a083 lw               x1, 160(x15)         x1=43351293 x15:1c010190  PA:1c010230
15531553ns          256762 1c008252 09a12e23 sw               x26, 156(x2)        x26:429fb154  x2:10000e38  PA:10000ed4
15531573ns          256763 1c008254 0a112023 sw               x1, 160(x2)          x1:43351293  x2:10000e38  PA:10000ed8
15531593ns          256764 1c008256 0a47ad03 lw               x26, 164(x15)       x26=43b18a5b x15:1c010190  PA:1c010234
15531891ns          256779 1c00825a 0a87a083 lw               x1, 168(x15)         x1=43a73c6a x15:1c010190  PA:1c010238
15532189ns          256794 1c00825e 0ba12223 sw               x26, 164(x2)        x26:43b18a5b  x2:10000e38  PA:10000edc
15532209ns          256795 1c008260 0a112423 sw               x1, 168(x2)          x1:43a73c6a  x2:10000e38  PA:10000ee0
15532229ns          256796 1c008262 0ac7ad03 lw               x26, 172(x15)       x26=4380a0e9 x15:1c010190  PA:1c01023c
15532527ns          256811 1c008266 0b07a083 lw               x1, 176(x15)         x1=43f090f0 x15:1c010190  PA:1c010240
15532826ns          256826 1c00826a 0ba12623 sw               x26, 172(x2)        x26:4380a0e9  x2:10000e38  PA:10000ee4
15532846ns          256827 1c00826c 0a112823 sw               x1, 176(x2)          x1:43f090f0  x2:10000e38  PA:10000ee8
15532866ns          256828 1c00826e 0b47ad03 lw               x26, 180(x15)       x26=438212dc x15:1c010190  PA:1c010244
15533164ns          256843 1c008272 0b87a083 lw               x1, 184(x15)         x1=437e8ba0 x15:1c010190  PA:1c010248
15533482ns          256859 1c008276 0ba12a23 sw               x26, 180(x2)        x26:438212dc  x2:10000e38  PA:10000eec
15533502ns          256860 1c008278 0a112c23 sw               x1, 184(x2)          x1:437e8ba0  x2:10000e38  PA:10000ef0
15533522ns          256861 1c00827a 0bc7ad03 lw               x26, 188(x15)       x26=438e3f73 x15:1c010190  PA:1c01024c
15533820ns          256876 1c00827e 0c07a083 lw               x1, 192(x15)         x1=436e27e4 x15:1c010190  PA:1c010250
15534119ns          256891 1c008282 0ba12e23 sw               x26, 188(x2)        x26:438e3f73  x2:10000e38  PA:10000ef4
15534139ns          256892 1c008284 0c112023 sw               x1, 192(x2)          x1:436e27e4  x2:10000e38  PA:10000ef8
15534158ns          256893 1c008286 0c47ad03 lw               x26, 196(x15)       x26=43493591 x15:1c010190  PA:1c010254
15534457ns          256908 1c00828a 0c87a083 lw               x1, 200(x15)         x1=43409a03 x15:1c010190  PA:1c010258
15534755ns          256923 1c00828e 0da12223 sw               x26, 196(x2)        x26:43493591  x2:10000e38  PA:10000efc
15534775ns          256924 1c008290 0c112423 sw               x1, 200(x2)          x1:43409a03  x2:10000e38  PA:10000f00
15534795ns          256925 1c008292 0cc7ad03 lw               x26, 204(x15)       x26=4375c0b9 x15:1c010190  PA:1c01025c
15535093ns          256940 1c008296 0d07a083 lw               x1, 208(x15)         x1=4380baca x15:1c010190  PA:1c010260
15535392ns          256955 1c00829a 0da12623 sw               x26, 204(x2)        x26:4375c0b9  x2:10000e38  PA:10000f04
15535412ns          256956 1c00829c 0c112823 sw               x1, 208(x2)          x1:4380baca  x2:10000e38  PA:10000f08
15535431ns          256957 1c00829e 0d47ad03 lw               x26, 212(x15)       x26=4367959c x15:1c010190  PA:1c010264
15535730ns          256972 1c0082a2 0d87a083 lw               x1, 216(x15)         x1=438212dc x15:1c010190  PA:1c010268
15536028ns          256987 1c0082a6 0da12a23 sw               x26, 212(x2)        x26:4367959c  x2:10000e38  PA:10000f0c
15536048ns          256988 1c0082a8 0c112c23 sw               x1, 216(x2)          x1:438212dc  x2:10000e38  PA:10000f10
15536068ns          256989 1c0082aa 0dc7ad03 lw               x26, 220(x15)       x26=438c61f5 x15:1c010190  PA:1c01026c
15536366ns          257004 1c0082ae 0e07a083 lw               x1, 224(x15)         x1=4359ac2d x15:1c010190  PA:1c010270
15536665ns          257019 1c0082b2 0da12e23 sw               x26, 220(x2)        x26:438c61f5  x2:10000e38  PA:10000f14
15536685ns          257020 1c0082b4 0e112023 sw               x1, 224(x2)          x1:4359ac2d  x2:10000e38  PA:10000f18
15536704ns          257021 1c0082b6 0e47ad03 lw               x26, 228(x15)       x26=4354e1e7 x15:1c010190  PA:1c010274
15537003ns          257036 1c0082ba 0e87a083 lw               x1, 232(x15)         x1=43122a77 x15:1c010190  PA:1c010278
15537321ns          257052 1c0082be 0fa12223 sw               x26, 228(x2)        x26:4354e1e7  x2:10000e38  PA:10000f1c
15537341ns          257053 1c0082c0 0e112423 sw               x1, 232(x2)          x1:43122a77  x2:10000e38  PA:10000f20
15537361ns          257054 1c0082c2 0ec7ad03 lw               x26, 236(x15)       x26=42b7c9e2 x15:1c010190  PA:1c01027c
15537659ns          257069 1c0082c6 0f07a083 lw               x1, 240(x15)         x1=436542fa x15:1c010190  PA:1c010280
15537958ns          257084 1c0082ca 0fa12623 sw               x26, 236(x2)        x26:42b7c9e2  x2:10000e38  PA:10000f24
15537977ns          257085 1c0082cc 0e112823 sw               x1, 240(x2)          x1:436542fa  x2:10000e38  PA:10000f28
15537997ns          257086 1c0082ce 0f47ad03 lw               x26, 244(x15)       x26=4388fa09 x15:1c010190  PA:1c010284
15538316ns          257102 1c0082d2 0f87a083 lw               x1, 248(x15)         x1=436cfbb3 x15:1c010190  PA:1c010288
15538614ns          257117 1c0082d6 0fa12a23 sw               x26, 244(x2)        x26:4388fa09  x2:10000e38  PA:10000f2c
15538634ns          257118 1c0082d8 0e112c23 sw               x1, 248(x2)          x1:436cfbb3  x2:10000e38  PA:10000f30
15538654ns          257119 1c0082da 0fc7ad03 lw               x26, 252(x15)       x26=437c4f40 x15:1c010190  PA:1c01028c
15538952ns          257134 1c0082de 1007a083 lw               x1, 256(x15)         x1=437e8ba0 x15:1c010190  PA:1c010290
15539251ns          257149 1c0082e2 0fa12e23 sw               x26, 252(x2)        x26:437c4f40  x2:10000e38  PA:10000f34
15539270ns          257150 1c0082e4 10112023 sw               x1, 256(x2)          x1:437e8ba0  x2:10000e38  PA:10000f38
15539290ns          257151 1c0082e8 1047ad03 lw               x26, 260(x15)       x26=4359ac2d x15:1c010190  PA:1c010294
15539609ns          257167 1c0082ec 1087a083 lw               x1, 264(x15)         x1=43ab5e56 x15:1c010190  PA:1c010298
15539927ns          257183 1c0082f0 11a12223 sw               x26, 260(x2)        x26:4359ac2d  x2:10000e38  PA:10000f3c
15539947ns          257184 1c0082f4 10112423 sw               x1, 264(x2)          x1:43ab5e56  x2:10000e38  PA:10000f40
15539967ns          257185 1c0082f8 10c7ad03 lw               x26, 268(x15)       x26=43587a5a x15:1c010190  PA:1c01029c
15540344ns          257204 1c0082fc 1107a083 lw               x1, 272(x15)         x1=431d83a8 x15:1c010190  PA:1c0102a0
15540663ns          257220 1c008300 11a12623 sw               x26, 268(x2)        x26:43587a5a  x2:10000e38  PA:10000f44
15540683ns          257221 1c008304 10112823 sw               x1, 272(x2)          x1:431d83a8  x2:10000e38  PA:10000f48
15540703ns          257222 1c008308 1147ad03 lw               x26, 276(x15)       x26=42f92084 x15:1c010190  PA:1c0102a4
15541001ns          257237 1c00830c 1187a083 lw               x1, 280(x15)         x1=43290dc4 x15:1c010190  PA:1c0102a8
15541319ns          257253 1c008310 11a12a23 sw               x26, 276(x2)        x26:42f92084  x2:10000e38  PA:10000f4c
15541339ns          257254 1c008314 10112c23 sw               x1, 280(x2)          x1:43290dc4  x2:10000e38  PA:10000f50
15541359ns          257255 1c008318 11c7ad03 lw               x26, 284(x15)       x26=435207ac x15:1c010190  PA:1c0102ac
15541657ns          257270 1c00831c 1207a083 lw               x1, 288(x15)         x1=438e2ae9 x15:1c010190  PA:1c0102b0
15541956ns          257285 1c008320 11a12e23 sw               x26, 284(x2)        x26:435207ac  x2:10000e38  PA:10000f54
15541976ns          257286 1c008324 12112023 sw               x1, 288(x2)          x1:438e2ae9  x2:10000e38  PA:10000f58
15541995ns          257287 1c008328 1247ad03 lw               x26, 292(x15)       x26=4354cbbb x15:1c010190  PA:1c0102b4
15542314ns          257303 1c00832c 1287a083 lw               x1, 296(x15)         x1=438e3f73 x15:1c010190  PA:1c0102b8
15542632ns          257319 1c008330 13a12223 sw               x26, 292(x2)        x26:4354cbbb  x2:10000e38  PA:10000f5c
15542652ns          257320 1c008334 12112423 sw               x1, 296(x2)          x1:438e3f73  x2:10000e38  PA:10000f60
15542672ns          257321 1c008338 12c7ad03 lw               x26, 300(x15)       x26=4354e1e7 x15:1c010190  PA:1c0102bc
15543070ns          257341 1c00833c 1307a083 lw               x1, 304(x15)         x1=43587a5a x15:1c010190  PA:1c0102c0
15543388ns          257357 1c008340 13a12623 sw               x26, 300(x2)        x26:4354e1e7  x2:10000e38  PA:10000f64
15543408ns          257358 1c008344 12112823 sw               x1, 304(x2)          x1:43587a5a  x2:10000e38  PA:10000f68
15543428ns          257359 1c008348 1347ad03 lw               x26, 308(x15)       x26=43b10d9c x15:1c010190  PA:1c0102c4
15543726ns          257374 1c00834c 1387a083 lw               x1, 312(x15)         x1=433662b4 x15:1c010190  PA:1c0102c8
15544044ns          257390 1c008350 13a12a23 sw               x26, 308(x2)        x26:43b10d9c  x2:10000e38  PA:10000f6c
15544064ns          257391 1c008354 12112c23 sw               x1, 312(x2)          x1:433662b4  x2:10000e38  PA:10000f70
15544084ns          257392 1c008358 13c7ad03 lw               x26, 316(x15)       x26=4318cf2d x15:1c010190  PA:1c0102cc
15544502ns          257413 1c00835c 1407a083 lw               x1, 320(x15)         x1=42c37ea0 x15:1c010190  PA:1c0102d0
15544820ns          257429 1c008360 13a12e23 sw               x26, 316(x2)        x26:4318cf2d  x2:10000e38  PA:10000f74
15544840ns          257430 1c008364 14112023 sw               x1, 320(x2)          x1:42c37ea0  x2:10000e38  PA:10000f78
15544860ns          257431 1c008368 1447ad03 lw               x26, 324(x15)       x26=4343d436 x15:1c010190  PA:1c0102d4
15545158ns          257446 1c00836c 1487a083 lw               x1, 328(x15)         x1=4367575a x15:1c010190  PA:1c0102d8
15545456ns          257461 1c008370 15a12223 sw               x26, 324(x2)        x26:4343d436  x2:10000e38  PA:10000f7c
15545476ns          257462 1c008374 14112423 sw               x1, 328(x2)          x1:4367575a  x2:10000e38  PA:10000f80
15545496ns          257463 1c008378 14c7ad03 lw               x26, 332(x15)       x26=430f60b6 x15:1c010190  PA:1c0102dc
15545795ns          257478 1c00837c 1507a083 lw               x1, 336(x15)         x1=436e27e6 x15:1c010190  PA:1c0102e0
15546093ns          257493 1c008380 15a12623 sw               x26, 332(x2)        x26:430f60b6  x2:10000e38  PA:10000f84
15546113ns          257494 1c008384 14112823 sw               x1, 336(x2)          x1:436e27e6  x2:10000e38  PA:10000f88
15546133ns          257495 1c008388 1547ad03 lw               x26, 340(x15)       x26=43122a78 x15:1c010190  PA:1c0102e4
15546431ns          257510 1c00838c 1587a083 lw               x1, 344(x15)         x1=431d83a7 x15:1c010190  PA:1c0102e8
15546749ns          257526 1c008390 15a12a23 sw               x26, 340(x2)        x26:43122a78  x2:10000e38  PA:10000f8c
15546769ns          257527 1c008394 15c7ad03 lw               x26, 348(x15)       x26=433662b4 x15:1c010190  PA:1c0102ec
15547068ns          257542 1c008398 14112c23 sw               x1, 344(x2)          x1:431d83a7  x2:10000e38  PA:10000f90
15547087ns          257543 1c00839c 15a12e23 sw               x26, 348(x2)        x26:433662b4  x2:10000e38  PA:10000f94
15547266ns          257552 1c0083a0 0007ad03 lw               x26, 0(x15)         x26=4340b86d x15:1c010190  PA:1c010190
15547605ns          257569 1c0083a4 1787a983 lw               x19, 376(x15)       x19=43493590 x15:1c010190  PA:1c010308
15547903ns          257584 1c0083a8 01a12023 sw               x26, 0(x2)          x26:4340b86d  x2:10000e38  PA:10000e38
15547923ns          257585 1c0083aa 0047ad03 lw               x26, 4(x15)         x26=433bdb8f x15:1c010190  PA:1c010194
15548221ns          257600 1c0083ae 17c7a903 lw               x18, 380(x15)       x18=42b7c9e1 x15:1c010190  PA:1c01030c
15548520ns          257615 1c0083b2 01a12223 sw               x26, 4(x2)          x26:433bdb8f  x2:10000e38  PA:10000e3c
15548539ns          257616 1c0083b4 0087ad03 lw               x26, 8(x15)         x26=433f2ec7 x15:1c010190  PA:1c010198
15548858ns          257632 1c0083b8 1607ac83 lw               x25, 352(x15)       x25=433fdabf x15:1c010190  PA:1c0102f0
15549156ns          257647 1c0083bc 01a12423 sw               x26, 8(x2)          x26:433f2ec7  x2:10000e38  PA:10000e40
15549176ns          257648 1c0083be 00c7ad03 lw               x26, 12(x15)        x26=43404f2a x15:1c010190  PA:1c01019c
15549474ns          257663 1c0083c2 1647ac03 lw               x24, 356(x15)       x24=42f48277 x15:1c010190  PA:1c0102f4
15549793ns          257679 1c0083c6 01a12623 sw               x26, 12(x2)         x26:43404f2a  x2:10000e38  PA:10000e44
15549812ns          257680 1c0083c8 0107ad03 lw               x26, 16(x15)        x26=43351293 x15:1c010190  PA:1c0101a0
15550111ns          257695 1c0083cc 1687ab83 lw               x23, 360(x15)       x23=4287bb7d x15:1c010190  PA:1c0102f8
15550409ns          257710 1c0083d0 01a12823 sw               x26, 16(x2)         x26:43351293  x2:10000e38  PA:10000e48
15550429ns          257711 1c0083d2 0147ad03 lw               x26, 20(x15)        x26=43409a03 x15:1c010190  PA:1c0101a4
15550727ns          257726 1c0083d6 16c7ab03 lw               x22, 364(x15)       x22=4320c1da x15:1c010190  PA:1c0102fc
15551026ns          257741 1c0083da 01a12a23 sw               x26, 20(x2)         x26:43409a03  x2:10000e38  PA:10000e4c
15551046ns          257742 1c0083dc 0187ad03 lw               x26, 24(x15)        x26=436542fa x15:1c010190  PA:1c0101a8
15551344ns          257757 1c0083e0 1707aa83 lw               x21, 368(x15)       x21=43021d17 x15:1c010190  PA:1c010300
15551642ns          257772 1c0083e4 01a12c23 sw               x26, 24(x2)         x26:436542fa  x2:10000e38  PA:10000e50
15551662ns          257773 1c0083e6 01c7ad03 lw               x26, 28(x15)        x26=43290dc4 x15:1c010190  PA:1c0101ac
15551961ns          257788 1c0083ea 1747aa03 lw               x20, 372(x15)       x20=429fb153 x15:1c010190  PA:1c010304
15552259ns          257803 1c0083ee 01a12e23 sw               x26, 28(x2)         x26:43290dc4  x2:10000e38  PA:10000e54
15552279ns          257804 1c0083f0 0207ad03 lw               x26, 32(x15)        x26=42c37ea0 x15:1c010190  PA:1c0101b0
15552577ns          257819 1c0083f4 1807a083 lw               x1, 384(x15)         x1=42f92085 x15:1c010190  PA:1c010310
15552896ns          257835 1c0083f8 03a12023 sw               x26, 32(x2)         x26:42c37ea0  x2:10000e38  PA:10000e58
15552915ns          257836 1c0083fa 0247ad03 lw               x26, 36(x15)        x26=4287bb7d x15:1c010190  PA:1c0101b4
15553234ns          257852 1c0083fe 03a12223 sw               x26, 36(x2)         x26:4287bb7d  x2:10000e38  PA:10000e5c
15553254ns          257853 1c008400 0287ad03 lw               x26, 40(x15)        x26=433bdb8f x15:1c010190  PA:1c0101b8
15553552ns          257868 1c008404 04a12823 sw               x10, 80(x2)         x10:433f2ec7  x2:10000e38  PA:10000e88
15553572ns          257869 1c008406 04c12c23 sw               x12, 88(x2)         x12:43c2cf84  x2:10000e38  PA:10000e90
15553592ns          257870 1c008408 0647a503 lw               x10, 100(x15)       x10=4380baca x15:1c010190  PA:1c0101f4
15553890ns          257885 1c00840a 0687a603 lw               x12, 104(x15)       x12=436cfbb3 x15:1c010190  PA:1c0101f8
15554208ns          257901 1c00840c 06e12023 sw               x14, 96(x2)         x14:43a73c6a  x2:10000e38  PA:10000e98
15554228ns          257902 1c00840e 06c7a703 lw               x14, 108(x15)       x14=438e2ae9 x15:1c010190  PA:1c0101fc
15554527ns          257917 1c008410 02712623 sw               x7, 44(x2)           x7:43b3a3ef  x2:10000e38  PA:10000e64
15554546ns          257918 1c008412 02512823 sw               x5, 48(x2)           x5:439d11c4  x2:10000e38  PA:10000e68
15554566ns          257919 1c008414 03f12a23 sw               x31, 52(x2)         x31:436b4d32  x2:10000e38  PA:10000e6c
15554586ns          257920 1c008416 03e12c23 sw               x30, 56(x2)         x30:43b18a5b  x2:10000e38  PA:10000e70
15554606ns          257921 1c008418 03d12e23 sw               x29, 60(x2)         x29:4375c0b9  x2:10000e38  PA:10000e74
15554626ns          257922 1c00841a 05c12023 sw               x28, 64(x2)         x28:4388fa09  x2:10000e38  PA:10000e78
15554646ns          257923 1c00841c 04612223 sw               x6, 68(x2)           x6:435207ac  x2:10000e38  PA:10000e7c
15554666ns          257924 1c00841e 05112423 sw               x17, 72(x2)         x17:4343d436  x2:10000e38  PA:10000e80
15555024ns          257942 1c008420 04d12e23 sw               x13, 92(x2)         x13:43711613  x2:10000e38  PA:10000e94
15555044ns          257943 1c008422 06a12223 sw               x10, 100(x2)        x10:4380baca  x2:10000e38  PA:10000e9c
15555064ns          257944 1c008424 06c12423 sw               x12, 104(x2)        x12:436cfbb3  x2:10000e38  PA:10000ea0
15555084ns          257945 1c008426 06e12623 sw               x14, 108(x2)        x14:438e2ae9  x2:10000e38  PA:10000ea4
15555103ns          257946 1c008428 03a12423 sw               x26, 40(x2)         x26:433bdb8f  x2:10000e38  PA:10000e60
15555123ns          257947 1c00842a 05012623 sw               x16, 76(x2)         x16:4320c1da  x2:10000e38  PA:10000e84
15555143ns          257948 1c00842c 04b12a23 sw               x11, 84(x2)         x11:439d11c4  x2:10000e38  PA:10000e8c
15555561ns          257969 1c00842e 17912023 sw               x25, 352(x2)        x25:433fdabf  x2:10000e38  PA:10000f98
15555601ns          257971 1c008432 17812223 sw               x24, 356(x2)        x24:42f48277  x2:10000e38  PA:10000f9c
15555621ns          257972 1c008436 17712423 sw               x23, 360(x2)        x23:4287bb7d  x2:10000e38  PA:10000fa0
15555640ns          257973 1c00843a 17612623 sw               x22, 364(x2)        x22:4320c1da  x2:10000e38  PA:10000fa4
15556078ns          257995 1c00843e 17512823 sw               x21, 368(x2)        x21:43021d17  x2:10000e38  PA:10000fa8
15556118ns          257997 1c008442 1c000637 lui              x12, 0x1c000000     x12=1c000000
15556138ns          257998 1c008446 1847a703 lw               x14, 388(x15)       x14=4318cf2c x15:1c010190  PA:1c010314
15556436ns          258013 1c00844a 1887a683 lw               x13, 392(x15)       x13=42f48277 x15:1c010190  PA:1c010318
15556754ns          258029 1c00844e 18c7a783 lw               x15, 396(x15)       x15=4314b3e8 x15:1c010190  PA:1c01031c
15557053ns          258044 1c008452 17412a23 sw               x20, 372(x2)        x20:429fb153  x2:10000e38  PA:10000fac
15557073ns          258045 1c008456 01c62f03 lw               x30, 28(x12)        x30=3f800000 x12:1c000000  PA:1c00001c
15557371ns          258060 1c00845a 17312c23 sw               x19, 376(x2)        x19:43493590  x2:10000e38  PA:10000fb0
15557391ns          258061 1c00845e 17212e23 sw               x18, 380(x2)        x18:42b7c9e1  x2:10000e38  PA:10000fb4
15557411ns          258062 1c008462 18112023 sw               x1, 384(x2)          x1:42f92085  x2:10000e38  PA:10000fb8
15557431ns          258063 1c008466 18e12223 sw               x14, 388(x2)        x14:4318cf2c  x2:10000e38  PA:10000fbc
15557451ns          258064 1c00846a 18d12423 sw               x13, 392(x2)        x13:42f48277  x2:10000e38  PA:10000fc0
15557888ns          258086 1c00846e 18f12623 sw               x15, 396(x2)        x15:4314b3e8  x2:10000e38  PA:10000fc4
15557908ns          258087 1c008472 00200333 add              x6, x0, x2           x6=10000e38  x2:10000e38
15557928ns          258088 1c008474 002008b3 add              x17, x0, x2         x17=10000e38  x2:10000e38
15557948ns          258089 1c008476 00000e13 addi             x28, x0, 0          x28=00000000
15557968ns          258090 1c008478 00000513 addi             x10, x0, 0          x10=00000000
15557988ns          258091 1c00847a 00000e93 addi             x29, x0, 0          x29=00000000
15558007ns          258092 1c00847e 00a00393 addi             x7, x0, 10           x7=0000000a
15558425ns          258113 1c008480 00b00293 addi             x5, x0, 11           x5=0000000b
15558445ns          258114 1c008482 01e00fb3 add              x31, x0, x30        x31=3f800000 x30:3f800000
15558465ns          258115 1c008484 ffc00993 addi             x19, x0, -4         x19=fffffffc
15558485ns          258116 1c008486 00800913 addi             x18, x0, 8          x18=00000008
15558505ns          258117 1c008488 32050f63 beq              x10, x0, 830        x10:00000000
15559440ns          258164 1c0087c6 0008a783 lw               x15, 0(x17)         x15=4340b86d x17:10000e38  PA:10000e38
15559479ns          258166 1c0087ca a0fe9753 flt.s            x14, f29, f15       x14=00000001 f29:00000000 f15:4340b86d
15559499ns          258167 1c0087ce fc0707e3 beq              x14, x0, -50        x14:00000001
15559897ns          258187 1c0087d0 5807f853 fsqrt.s          f16, f15            f16=xxxxxxxx f15:4340b86d
15559937ns          258189 1c0087d4 001e0593 addi             x11, x28, 1         x11=xxxxxxxx x28:00000000
15559957ns          258190 1c0087d8 00a00793 addi             x15, x0, 10         x15=xxxxxxxx
15559977ns          258191 1c0087da 00100513 addi             x10, x0, 1          x10=xxxxxxxx
15560176ns          258201 1c0087dc 0108a023 sw               x16, 0(x17)         x16:415e1e38 x17:10000e38  PA:10000e38
15560414ns          258213 1c0087e0 190f7853 fdiv.s           f16, f30, f16       f16=xxxxxxxx f30:3f800000 f16:415e1e38
15561588ns          258272 1c0087e4 00158693 addi             x13, x11, 1         x13=00000002 x11:00000001
15561608ns          258273 1c0087e8 00488713 addi             x14, x17, 4         x14=10000e3c x17:10000e38
15561628ns          258274 1c0087ec 40b785b3 sub              x11, x15, x11       x11=00000009 x15:0000000a x11:00000001
15561647ns          258275 1c0087f0 3ad7c463 blt              x15, x13, 936       x15:0000000a x13:00000002
15561667ns          258276 1c0087f4 800006b7 lui              x13, 0x80000000     x13=80000000
15561687ns          258277 1c0087f8 3ad78063 beq              x15, x13, 928       x15:0000000a x13:80000000
15561707ns          258278 1c0087fc 0055c0fb lp.setup         0x1, x11, 0x5       x11:00000009
15561886ns          258287 1c008800 00072783 lw               x15, 0(x14)         x15=433bdb8f x14:10000e3c  PA:10000e3c
15561926ns          258289 1c008802 1107f7d3 fmul.s           f15, f15, f16       f15=xxxxxxxx f15:433bdb8f f16:3d938671
15561946ns          258290 1c008806 00f7222b p.sw             x15, 4(x14!)        x14=10000e40 x15:41588376 x14:10000e3c  PA:10000e3c
15561966ns          258291 1c008800 00072783 lw               x15, 0(x14)         x15=433f2ec7 x14:10000e40  PA:10000e40
15562006ns          258293 1c008802 1107f7d3 fmul.s           f15, f15, f16       f15=xxxxxxxx f15:433f2ec7 f16:3d938671
15562025ns          258294 1c008806 00f7222b p.sw             x15, 4(x14!)        x14=10000e44 x15:415c5886 x14:10000e40  PA:10000e40
15562045ns          258295 1c008800 00072783 lw               x15, 0(x14)         x15=43404f2a x14:10000e44  PA:10000e44
15562085ns          258297 1c008802 1107f7d3 fmul.s           f15, f15, f16       f15=xxxxxxxx f15:43404f2a f16:3d938671
15562105ns          258298 1c008806 00f7222b p.sw             x15, 4(x14!)        x14=10000e48 x15:415da4e7 x14:10000e44  PA:10000e44
15562125ns          258299 1c008800 00072783 lw               x15, 0(x14)         x15=43351293 x14:10000e48  PA:10000e48
15562165ns          258301 1c008802 1107f7d3 fmul.s           f15, f15, f16       f15=xxxxxxxx f15:43351293 f16:3d938671
15562185ns          258302 1c008806 00f7222b p.sw             x15, 4(x14!)        x14=10000e4c x15:4150b184 x14:10000e48  PA:10000e48
15562204ns          258303 1c008800 00072783 lw               x15, 0(x14)         x15=43409a03 x14:10000e4c  PA:10000e4c
15562244ns          258305 1c008802 1107f7d3 fmul.s           f15, f15, f16       f15=xxxxxxxx f15:43409a03 f16:3d938671
15562264ns          258306 1c008806 00f7222b p.sw             x15, 4(x14!)        x14=10000e50 x15:415dfb2b x14:10000e4c  PA:10000e4c
15562284ns          258307 1c008800 00072783 lw               x15, 0(x14)         x15=436542fa x14:10000e50  PA:10000e50
15562324ns          258309 1c008802 1107f7d3 fmul.s           f15, f15, f16       f15=xxxxxxxx f15:436542fa f16:3d938671
15562344ns          258310 1c008806 00f7222b p.sw             x15, 4(x14!)        x14=10000e54 x15:41841ddc x14:10000e50  PA:10000e50
15562364ns          258311 1c008800 00072783 lw               x15, 0(x14)         x15=43290dc4 x14:10000e54  PA:10000e54
15562403ns          258313 1c008802 1107f7d3 fmul.s           f15, f15, f16       f15=xxxxxxxx f15:43290dc4 f16:3d938671
15562423ns          258314 1c008806 00f7222b p.sw             x15, 4(x14!)        x14=10000e58 x15:4142d75f x14:10000e54  PA:10000e54
15562443ns          258315 1c008800 00072783 lw               x15, 0(x14)         x15=42c37ea0 x14:10000e58  PA:10000e58
15562483ns          258317 1c008802 1107f7d3 fmul.s           f15, f15, f16       f15=xxxxxxxx f15:42c37ea0 f16:3d938671
15562503ns          258318 1c008806 00f7222b p.sw             x15, 4(x14!)        x14=10000e5c x15:40e150c1 x14:10000e58  PA:10000e58
15562523ns          258319 1c008800 00072783 lw               x15, 0(x14)         x15=4287bb7d x14:10000e5c  PA:10000e5c
15562562ns          258321 1c008802 1107f7d3 fmul.s           f15, f15, f16       f15=xxxxxxxx f15:4287bb7d f16:3d938671
15562582ns          258322 1c008806 00f7222b p.sw             x15, 4(x14!)        x14=10000e60 x15:409c6fe2 x14:10000e5c  PA:10000e5c
15562602ns          258323 1c00880a 00be0e13 addi             x28, x28, 11        x28=0000000b x28:00000000
15562622ns          258324 1c00880c 02c88893 addi             x17, x17, 44        x17=10000e64 x17:10000e38
15563000ns          258343 1c008810 00430313 addi             x6, x6, 4            x6=10000e3c  x6:10000e38
15563040ns          258345 1c008812 c6a53be3 p.bneimm         x10, -906           x10:00000001
15563139ns          258350 1c008488 32050f63 beq              x10, x0, 830        x10:00000001
15563179ns          258352 1c00848c 00032783 lw               x15, 0(x6)          x15=41588376  x6:10000e3c  PA:10000e3c
15563239ns          258355 1c008490 e8f7f7c3 fmadd.s          f15, f15, f15, f29  f15=xxxxxxxx f15:41588376 f15:41588376 f29:00000000
15563279ns          258357 1c008494 2e152c63 p.beqimm         x10, 760            x10:00000001
15563776ns          258382 1c00878c 0008a803 lw               x16, 0(x17)         x16=43b3a3ef x17:10000e64  PA:10000e64
15564233ns          258405 1c008790 08f877d3 fsub.s           f15, f16, f15       f15=xxxxxxxx f16:43b3a3ef f15:43371e1b
15564273ns          258407 1c008794 a0fe9753 flt.s            x14, f29, f15       x14=00000001 f29:00000000 f15:433029c3
15564293ns          258408 1c008798 24071f63 bne              x14, x0, 606        x14:00000001
15565248ns          258456 1c0089f6 025505b3 mul              x11, x10, x5        x11=0000000b x10:00000001  x5:0000000b
15565268ns          258457 1c0089fa 5807f853 fsqrt.s          f16, f15            f16=xxxxxxxx f15:433029c3
15565705ns          258479 1c0089fe ff858b93 addi             x23, x11, -8        x23=xxxxxxxx x11:0000000b
15565785ns          258483 1c008a02 0108a023 sw               x16, 0(x17)         x16:41545cc2 x17:10000e64  PA:10000e64
15565805ns          258484 1c008a06 00250a13 addi             x20, x10, 2         x20=00000003 x10:00000001
15565825ns          258485 1c008a0a 00158593 addi             x11, x11, 1         x11=0000000c x11:0000000b
15565844ns          258486 1c008a0c 054bcc63 blt              x23, x20, 88        x23:00000003 x20:00000003
15566242ns          258506 1c008a10 00251a93 slli             x21, x10, 0x2       x21=00000004 x10:00000001
15566282ns          258508 1c008a14 03350b33 mul              x22, x10, x19       x22=fffffffc x10:00000001 x19:fffffffc
15566302ns          258509 1c008a18 00010793 addi             x15, x2, 0          x15=10000e38  x2:10000e38
15566322ns          258510 1c008a1c 00fa8ab3 add              x21, x21, x15       x21=10000e3c x21:00000004 x15:10000e38
15566759ns          258532 1c008a1e 40a90c33 sub              x24, x18, x10       x24=00000007 x18:00000008 x10:00000001
15566799ns          258534 1c008a22 028b0b13 addi             x22, x22, 40        x22=00000024 x22:fffffffc
15566819ns          258535 1c008a26 000aa083 lw               x1, 0(x21)           x1=41588376 x21:10000e3c  PA:10000e3c
15566839ns          258536 1c008a2a 014c07b3 add              x15, x24, x20       x15=0000000a x24:00000007 x20:00000003
15567277ns          258558 1c008a2e 201090d3 fsgnjn.s         f1, f1, f1           f1=xxxxxxxx  f1:41588376  f1:41588376
15567316ns          258560 1c008a32 0347c463 blt              x15, x20, 40        x15:0000000a x20:00000003
15567336ns          258561 1c008a36 ff8b0713 addi             x14, x22, -8        x14=0000001c x22:00000024
15567356ns          258562 1c008a3a 00275713 srli             x14, x14, 0x2       x14=00000007 x14:0000001c
15567376ns          258563 1c008a3c 00488693 addi             x13, x17, 4         x13=10000e68 x17:10000e64
15567794ns          258584 1c008a40 004a8613 addi             x12, x21, 4         x12=10000e40 x21:10000e3c
15567834ns          258586 1c008a44 00170713 addi             x14, x14, 1         x14=00000008 x14:00000007
15567853ns          258587 1c008a46 008740fb lp.setup         0x1, x14, 0x8       x14:00000008
15567873ns          258588 1c008a4a 0006ac83 lw               x25, 0(x13)         x25=439d11c4 x13:10000e68  PA:10000e68
15568311ns          258610 1c008a4e 0046278b p.lw             x15, 4(x12!)        x15=415c5886 x12=10000e44 x12:10000e40  PA:10000e40
15568351ns          258612 1c008a52 c817f7c3 fmadd.s          f15, f15, f1, f25   f15=xxxxxxxx f15:415c5886  f1:c1588376 f25:439d11c4
15568371ns          258613 1c008a56 00f6a22b p.sw             x15, 4(x13!)        x13=10000e6c x15:42ff8f60 x13:10000e68  PA:10000e68
15568410ns          258615 1c008a4a 0006ac83 lw               x25, 0(x13)         x25=436b4d32 x13:10000e6c  PA:10000e6c
15568430ns          258616 1c008a4e 0046278b p.lw             x15, 4(x12!)        x15=415da4e7 x12=10000e48 x12:10000e44  PA:10000e44
15568470ns          258618 1c008a52 c817f7c3 fmadd.s          f15, f15, f1, f25   f15=xxxxxxxx f15:415da4e7  f1:c1588376 f25:436b4d32
15568490ns          258619 1c008a56 00f6a22b p.sw             x15, 4(x13!)        x13=10000e70 x15:423f60f6 x13:10000e6c  PA:10000e6c
15568530ns          258621 1c008a4a 0006ac83 lw               x25, 0(x13)         x25=43b18a5b x13:10000e70  PA:10000e70
15568550ns          258622 1c008a4e 0046278b p.lw             x15, 4(x12!)        x15=4150b184 x12=10000e4c x12:10000e48  PA:10000e48
15568589ns          258624 1c008a52 c817f7c3 fmadd.s          f15, f15, f1, f25   f15=xxxxxxxx f15:4150b184  f1:c1588376 f25:43b18a5b
15568609ns          258625 1c008a56 00f6a22b p.sw             x15, 4(x13!)        x13=10000e74 x15:433293c4 x13:10000e70  PA:10000e70
15568669ns          258628 1c008a4a 0006ac83 lw               x25, 0(x13)         x25=4375c0b9 x13:10000e74  PA:10000e74
15568689ns          258629 1c008a4e 0046278b p.lw             x15, 4(x12!)        x15=415dfb2b x12=10000e50 x12:10000e4c  PA:10000e4c
15568729ns          258631 1c008a52 c817f7c3 fmadd.s          f15, f15, f1, f25   f15=xxxxxxxx f15:415dfb2b  f1:c1588376 f25:4375c0b9
15568748ns          258632 1c008a56 00f6a22b p.sw             x15, 4(x13!)        x13=10000e78 x15:42680b3b x13:10000e74  PA:10000e74
15568788ns          258634 1c008a4a 0006ac83 lw               x25, 0(x13)         x25=4388fa09 x13:10000e78  PA:10000e78
15568808ns          258635 1c008a4e 0046278b p.lw             x15, 4(x12!)        x15=41841ddc x12=10000e54 x12:10000e50  PA:10000e50
15568848ns          258637 1c008a52 c817f7c3 fmadd.s          f15, f15, f1, f25   f15=xxxxxxxx f15:41841ddc  f1:c1588376 f25:4388fa09
15568868ns          258638 1c008a56 00f6a22b p.sw             x15, 4(x13!)        x13=10000e7c x15:4249e7fa x13:10000e78  PA:10000e78
15568888ns          258639 1c008a4a 0006ac83 lw               x25, 0(x13)         x25=435207ac x13:10000e7c  PA:10000e7c
15568908ns          258640 1c008a4e 0046278b p.lw             x15, 4(x12!)        x15=4142d75f x12=10000e58 x12:10000e54  PA:10000e54
15568947ns          258642 1c008a52 c817f7c3 fmadd.s          f15, f15, f1, f25   f15=xxxxxxxx f15:4142d75f  f1:c1588376 f25:435207ac
15568967ns          258643 1c008a56 00f6a22b p.sw             x15, 4(x13!)        x13=10000e80 x15:4234f797 x13:10000e7c  PA:10000e7c
15568987ns          258644 1c008a4a 0006ac83 lw               x25, 0(x13)         x25=4343d436 x13:10000e80  PA:10000e80
15569007ns          258645 1c008a4e 0046278b p.lw             x15, 4(x12!)        x15=40e150c1 x12=10000e5c x12:10000e58  PA:10000e58
15569047ns          258647 1c008a52 c817f7c3 fmadd.s          f15, f15, f1, f25   f15=xxxxxxxx f15:40e150c1  f1:c1588376 f25:4343d436
15569067ns          258648 1c008a56 00f6a22b p.sw             x15, 4(x13!)        x13=10000e84 x15:42c91895 x13:10000e80  PA:10000e80
15569087ns          258649 1c008a4a 0006ac83 lw               x25, 0(x13)         x25=4320c1da x13:10000e84  PA:10000e84
15569107ns          258650 1c008a4e 0046278b p.lw             x15, 4(x12!)        x15=409c6fe2 x12=10000e60 x12:10000e5c  PA:10000e5c
15569146ns          258652 1c008a52 c817f7c3 fmadd.s          f15, f15, f1, f25   f15=xxxxxxxx f15:409c6fe2  f1:c1588376 f25:4320c1da
15569166ns          258653 1c008a56 00f6a22b p.sw             x15, 4(x13!)        x13=10000e88 x15:42bd34f8 x13:10000e84  PA:10000e84
15569186ns          258654 1c008a5a 00aa0a13 addi             x20, x20, 10        x20=0000000d x20:00000003
15569206ns          258655 1c008a5c 028a8a93 addi             x21, x21, 40        x21=10000e64 x21:10000e3c
15569524ns          258671 1c008a60 fd4bd3e3 bge              x23, x20, -58       x23:00000003 x20:0000000d
15569564ns          258673 1c008a64 00150513 addi             x10, x10, 1         x10=00000002 x10:00000001
15569584ns          258674 1c008a66 027507b3 mul              x15, x10, x7        x15=00000014 x10:00000002  x7:0000000a
15569604ns          258675 1c008a6a 190ff853 fdiv.s           f16, f31, f16       f16=xxxxxxxx f31:3f800000 f16:41545cc2
15570141ns          258702 1c008a6e d6f5cbe3 blt              x11, x15, -650      x11:0000000c x15:00000014
15570240ns          258707 1c0087e4 00158693 addi             x13, x11, 1         x13=0000000d x11:0000000c
15570280ns          258709 1c0087e8 00488713 addi             x14, x17, 4         x14=10000e68 x17:10000e64
15570300ns          258710 1c0087ec 40b785b3 sub              x11, x15, x11       x11=00000008 x15:00000014 x11:0000000c
15570320ns          258711 1c0087f0 3ad7c463 blt              x15, x13, 936       x15:00000014 x13:0000000d
15570340ns          258712 1c0087f4 800006b7 lui              x13, 0x80000000     x13=80000000
15570360ns          258713 1c0087f8 3ad78063 beq              x15, x13, 928       x15:00000014 x13:80000000
15570380ns          258714 1c0087fc 0055c0fb lp.setup         0x1, x11, 0x5       x11:00000008
15570439ns          258717 1c008800 00072783 lw               x15, 0(x14)         x15=42ff8f60 x14:10000e68  PA:10000e68
15570479ns          258719 1c008802 1107f7d3 fmul.s           f15, f15, f16       f15=xxxxxxxx f15:42ff8f60 f16:3d9a4d64
15570499ns          258720 1c008806 00f7222b p.sw             x15, 4(x14!)        x14=10000e6c x15:411a0982 x14:10000e68  PA:10000e68
15570519ns          258721 1c008800 00072783 lw               x15, 0(x14)         x15=423f60f6 x14:10000e6c  PA:10000e6c
15570559ns          258723 1c008802 1107f7d3 fmul.s           f15, f15, f16       f15=xxxxxxxx f15:423f60f6 f16:3d9a4d64
15570578ns          258724 1c008806 00f7222b p.sw             x15, 4(x14!)        x14=10000e70 x15:4066b45e x14:10000e6c  PA:10000e6c
15570598ns          258725 1c008800 00072783 lw               x15, 0(x14)         x15=433293c4 x14:10000e70  PA:10000e70
15570638ns          258727 1c008802 1107f7d3 fmul.s           f15, f15, f16       f15=xxxxxxxx f15:433293c4 f16:3d9a4d64
15570658ns          258728 1c008806 00f7222b p.sw             x15, 4(x14!)        x14=10000e74 x15:415745c0 x14:10000e70  PA:10000e70
15570678ns          258729 1c008800 00072783 lw               x15, 0(x14)         x15=42680b3b x14:10000e74  PA:10000e74
15570718ns          258731 1c008802 1107f7d3 fmul.s           f15, f15, f16       f15=xxxxxxxx f15:42680b3b f16:3d9a4d64
15570738ns          258732 1c008806 00f7222b p.sw             x15, 4(x14!)        x14=10000e78 x15:408bdce8 x14:10000e74  PA:10000e74
15570757ns          258733 1c008800 00072783 lw               x15, 0(x14)         x15=4249e7fa x14:10000e78  PA:10000e78
15570797ns          258735 1c008802 1107f7d3 fmul.s           f15, f15, f16       f15=xxxxxxxx f15:4249e7fa f16:3d9a4d64
15570817ns          258736 1c008806 00f7222b p.sw             x15, 4(x14!)        x14=10000e7c x15:4073652c x14:10000e78  PA:10000e78
15570837ns          258737 1c008800 00072783 lw               x15, 0(x14)         x15=4234f797 x14:10000e7c  PA:10000e7c
15570877ns          258739 1c008802 1107f7d3 fmul.s           f15, f15, f16       f15=xxxxxxxx f15:4234f797 f16:3d9a4d64
15570897ns          258740 1c008806 00f7222b p.sw             x15, 4(x14!)        x14=10000e80 x15:405a274c x14:10000e7c  PA:10000e7c
15570917ns          258741 1c008800 00072783 lw               x15, 0(x14)         x15=42c91895 x14:10000e80  PA:10000e80
15570956ns          258743 1c008802 1107f7d3 fmul.s           f15, f15, f16       f15=xxxxxxxx f15:42c91895 f16:3d9a4d64
15570976ns          258744 1c008806 00f7222b p.sw             x15, 4(x14!)        x14=10000e84 x15:40f26b29 x14:10000e80  PA:10000e80
15570996ns          258745 1c008800 00072783 lw               x15, 0(x14)         x15=42bd34f8 x14:10000e84  PA:10000e84
15571036ns          258747 1c008802 1107f7d3 fmul.s           f15, f15, f16       f15=xxxxxxxx f15:42bd34f8 f16:3d9a4d64
15571056ns          258748 1c008806 00f7222b p.sw             x15, 4(x14!)        x14=10000e88 x15:40e41620 x14:10000e84  PA:10000e84
15571076ns          258749 1c00880a 00be0e13 addi             x28, x28, 11        x28=00000016 x28:0000000b
15571096ns          258750 1c00880c 02c88893 addi             x17, x17, 44        x17=10000e90 x17:10000e64
15571115ns          258751 1c008810 00430313 addi             x6, x6, 4            x6=10000e40  x6:10000e3c
15571155ns          258753 1c008812 c6a53be3 p.bneimm         x10, -906           x10:00000002
15571255ns          258758 1c008488 32050f63 beq              x10, x0, 830        x10:00000002
15571295ns          258760 1c00848c 00032783 lw               x15, 0(x6)          x15=415c5886  x6:10000e40  PA:10000e40
15571334ns          258762 1c008490 e8f7f7c3 fmadd.s          f15, f15, f15, f29  f15=xxxxxxxx f15:415c5886 f15:415c5886 f29:00000000
15571354ns          258763 1c008494 2e152c63 p.beqimm         x10, 760            x10:00000002
15571374ns          258764 1c008498 02832703 lw               x14, 40(x6)         x14=411a0982  x6:10000e40  PA:10000e68
15571414ns          258766 1c00849c 78e777c3 fmadd.s          f15, f14, f14, f15  f15=xxxxxxxx f14:411a0982 f14:411a0982 f15:433da845
15571732ns          258782 1c0084a0 2e252663 p.beqimm         x10, 748            x10:00000002
15571832ns          258787 1c00878c 0008a803 lw               x16, 0(x17)         x16=43c2cf84 x17:10000e90  PA:10000e90
15571871ns          258789 1c008790 08f877d3 fsub.s           f15, f16, f15       f15=xxxxxxxx f16:43c2cf84 f15:438d2bdb
15571891ns          258790 1c008794 a0fe9753 flt.s            x14, f29, f15       x14=00000001 f29:00000000 f15:42d68ea4
15571911ns          258791 1c008798 24071f63 bne              x14, x0, 606        x14:00000001
15571991ns          258795 1c0089f6 025505b3 mul              x11, x10, x5        x11=00000016 x10:00000002  x5:0000000b
15572011ns          258796 1c0089fa 5807f853 fsqrt.s          f16, f15            f16=xxxxxxxx f15:42d68ea4
15572269ns          258809 1c0089fe ff858b93 addi             x23, x11, -8        x23=xxxxxxxx x11:00000016
15572528ns          258822 1c008a02 0108a023 sw               x16, 0(x17)         x16:4125b87a x17:10000e90  PA:10000e90
15572548ns          258823 1c008a06 00250a13 addi             x20, x10, 2         x20=00000004 x10:00000002
15572568ns          258824 1c008a0a 00158593 addi             x11, x11, 1         x11=00000017 x11:00000016
15572587ns          258825 1c008a0c 054bcc63 blt              x23, x20, 88        x23:0000000e x20:00000004
15572627ns          258827 1c008a10 00251a93 slli             x21, x10, 0x2       x21=00000008 x10:00000002
15572667ns          258829 1c008a14 03350b33 mul              x22, x10, x19       x22=fffffff8 x10:00000002 x19:fffffffc
15572687ns          258830 1c008a18 00010793 addi             x15, x2, 0          x15=10000e38  x2:10000e38
15572707ns          258831 1c008a1c 00fa8ab3 add              x21, x21, x15       x21=10000e40 x21:00000008 x15:10000e38
15572727ns          258832 1c008a1e 40a90c33 sub              x24, x18, x10       x24=00000006 x18:00000008 x10:00000002
15572747ns          258833 1c008a22 028b0b13 addi             x22, x22, 40        x22=00000020 x22:fffffff8
15572766ns          258834 1c008a26 000aa083 lw               x1, 0(x21)           x1=415c5886 x21:10000e40  PA:10000e40
15572786ns          258835 1c008a2a 014c07b3 add              x15, x24, x20       x15=0000000a x24:00000006 x20:00000004
15572806ns          258836 1c008a2e 201090d3 fsgnjn.s         f1, f1, f1           f1=xxxxxxxx  f1:415c5886  f1:415c5886
15572826ns          258837 1c008a32 0347c463 blt              x15, x20, 40        x15:0000000a x20:00000004
15572846ns          258838 1c008a36 ff8b0713 addi             x14, x22, -8        x14=00000018 x22:00000020
15572866ns          258839 1c008a3a 00275713 srli             x14, x14, 0x2       x14=00000006 x14:00000018
15572886ns          258840 1c008a3c 00488693 addi             x13, x17, 4         x13=10000e94 x17:10000e90
15572906ns          258841 1c008a40 004a8613 addi             x12, x21, 4         x12=10000e44 x21:10000e40
15572926ns          258842 1c008a44 00170713 addi             x14, x14, 1         x14=00000007 x14:00000006
15572945ns          258843 1c008a46 008740fb lp.setup         0x1, x14, 0x8       x14:00000007
15572965ns          258844 1c008a4a 0006ac83 lw               x25, 0(x13)         x25=43711613 x13:10000e94  PA:10000e94
15572985ns          258845 1c008a4e 0046278b p.lw             x15, 4(x12!)        x15=415da4e7 x12=10000e48 x12:10000e44  PA:10000e44
15573025ns          258847 1c008a52 c817f7c3 fmadd.s          f15, f15, f1, f25   f15=xxxxxxxx f15:415da4e7  f1:c15c5886 f25:43711613
15573045ns          258848 1c008a56 00f6a22b p.sw             x15, 4(x13!)        x13=10000e98 x15:42493edf x13:10000e94  PA:10000e94
15573085ns          258850 1c008a4a 0006ac83 lw               x25, 0(x13)         x25=43a73c6a x13:10000e98  PA:10000e98
15573105ns          258851 1c008a4e 0046278b p.lw             x15, 4(x12!)        x15=4150b184 x12=10000e4c x12:10000e48  PA:10000e48
15573144ns          258853 1c008a52 c817f7c3 fmadd.s          f15, f15, f1, f25   f15=xxxxxxxx f15:4150b184  f1:c15c5886 f25:43a73c6a
15573164ns          258854 1c008a56 00f6a22b p.sw             x15, 4(x13!)        x13=10000e9c x15:431ad81c x13:10000e98  PA:10000e98
15573184ns          258855 1c008a4a 0006ac83 lw               x25, 0(x13)         x25=4380baca x13:10000e9c  PA:10000e9c
15573204ns          258856 1c008a4e 0046278b p.lw             x15, 4(x12!)        x15=415dfb2b x12=10000e50 x12:10000e4c  PA:10000e4c
15573244ns          258858 1c008a52 c817f7c3 fmadd.s          f15, f15, f1, f25   f15=xxxxxxxx f15:415dfb2b  f1:c15c5886 f25:4380baca
15573264ns          258859 1c008a56 00f6a22b p.sw             x15, 4(x13!)        x13=10000ea0 x15:4284c9f1 x13:10000e9c  PA:10000e9c
15573284ns          258860 1c008a4a 0006ac83 lw               x25, 0(x13)         x25=436cfbb3 x13:10000ea0  PA:10000ea0
15573303ns          258861 1c008a4e 0046278b p.lw             x15, 4(x12!)        x15=41841ddc x12=10000e54 x12:10000e50  PA:10000e50
15573343ns          258863 1c008a52 c817f7c3 fmadd.s          f15, f15, f1, f25   f15=xxxxxxxx f15:41841ddc  f1:c15c5886 f25:436cfbb3
15573363ns          258864 1c008a56 00f6a22b p.sw             x15, 4(x13!)        x13=10000ea4 x15:4118d021 x13:10000ea0  PA:10000ea0
15573383ns          258865 1c008a4a 0006ac83 lw               x25, 0(x13)         x25=438e2ae9 x13:10000ea4  PA:10000ea4
15573403ns          258866 1c008a4e 0046278b p.lw             x15, 4(x12!)        x15=4142d75f x12=10000e58 x12:10000e54  PA:10000e54
15573443ns          258868 1c008a52 c817f7c3 fmadd.s          f15, f15, f1, f25   f15=xxxxxxxx f15:4142d75f  f1:c15c5886 f25:438e2ae9
15573463ns          258869 1c008a56 00f6a22b p.sw             x15, 4(x13!)        x13=10000ea8 x15:42e942b9 x13:10000ea4  PA:10000ea4
15573482ns          258870 1c008a4a 0006ac83 lw               x25, 0(x13)         x25=4367575a x13:10000ea8  PA:10000ea8
15573522ns          258872 1c008a4e 0046278b p.lw             x15, 4(x12!)        x15=40e150c1 x12=10000e5c x12:10000e58  PA:10000e58
15573562ns          258874 1c008a52 c817f7c3 fmadd.s          f15, f15, f1, f25   f15=xxxxxxxx f15:40e150c1  f1:c15c5886 f25:4367575a
15573582ns          258875 1c008a56 00f6a22b p.sw             x15, 4(x13!)        x13=10000eac x15:43065fb2 x13:10000ea8  PA:10000ea8
15573622ns          258877 1c008a4a 0006ac83 lw               x25, 0(x13)         x25=43021d17 x13:10000eac  PA:10000eac
15573642ns          258878 1c008a4e 0046278b p.lw             x15, 4(x12!)        x15=409c6fe2 x12=10000e60 x12:10000e5c  PA:10000e5c
15573681ns          258880 1c008a52 c817f7c3 fmadd.s          f15, f15, f1, f25   f15=xxxxxxxx f15:409c6fe2  f1:c15c5886 f25:43021d17
15573701ns          258881 1c008a56 00f6a22b p.sw             x15, 4(x13!)        x13=10000eb0 x15:427b27df x13:10000eac  PA:10000eac
15573721ns          258882 1c008a5a 00aa0a13 addi             x20, x20, 10        x20=0000000e x20:00000004
15573741ns          258883 1c008a5c 028a8a93 addi             x21, x21, 40        x21=10000e68 x21:10000e40
15573761ns          258884 1c008a60 fd4bd3e3 bge              x23, x20, -58       x23:0000000e x20:0000000e
15573841ns          258888 1c008a26 000aa083 lw               x1, 0(x21)           x1=411a0982 x21:10000e68  PA:10000e68
15573880ns          258890 1c008a2a 014c07b3 add              x15, x24, x20       x15=00000014 x24:00000006 x20:0000000e
15573900ns          258891 1c008a2e 201090d3 fsgnjn.s         f1, f1, f1           f1=xxxxxxxx  f1:411a0982  f1:411a0982
15573920ns          258892 1c008a32 0347c463 blt              x15, x20, 40        x15:00000014 x20:0000000e
15573940ns          258893 1c008a36 ff8b0713 addi             x14, x22, -8        x14=00000018 x22:00000020
15573960ns          258894 1c008a3a 00275713 srli             x14, x14, 0x2       x14=00000006 x14:00000018
15573980ns          258895 1c008a3c 00488693 addi             x13, x17, 4         x13=10000e94 x17:10000e90
15574000ns          258896 1c008a40 004a8613 addi             x12, x21, 4         x12=10000e6c x21:10000e68
15574020ns          258897 1c008a44 00170713 addi             x14, x14, 1         x14=00000007 x14:00000006
15574039ns          258898 1c008a46 008740fb lp.setup         0x1, x14, 0x8       x14:00000007
15574059ns          258899 1c008a4a 0006ac83 lw               x25, 0(x13)         x25=42493edf x13:10000e94  PA:10000e94
15574079ns          258900 1c008a4e 0046278b p.lw             x15, 4(x12!)        x15=4066b45e x12=10000e70 x12:10000e6c  PA:10000e6c
15574119ns          258902 1c008a52 c817f7c3 fmadd.s          f15, f15, f1, f25   f15=xxxxxxxx f15:4066b45e  f1:c11a0982 f25:42493edf
15574139ns          258903 1c008a56 00f6a22b p.sw             x15, 4(x13!)        x13=10000e98 x15:4179b734 x13:10000e94  PA:10000e94
15574159ns          258904 1c008a4a 0006ac83 lw               x25, 0(x13)         x25=431ad81c x13:10000e98  PA:10000e98
15574179ns          258905 1c008a4e 0046278b p.lw             x15, 4(x12!)        x15=415745c0 x12=10000e74 x12:10000e70  PA:10000e70
15574218ns          258907 1c008a52 c817f7c3 fmadd.s          f15, f15, f1, f25   f15=xxxxxxxx f15:415745c0  f1:c11a0982 f25:431ad81c
15574238ns          258908 1c008a56 00f6a22b p.sw             x15, 4(x13!)        x13=10000e9c x15:41ca813e x13:10000e98  PA:10000e98
15574258ns          258909 1c008a4a 0006ac83 lw               x25, 0(x13)         x25=4284c9f1 x13:10000e9c  PA:10000e9c
15574278ns          258910 1c008a4e 0046278b p.lw             x15, 4(x12!)        x15=408bdce8 x12=10000e78 x12:10000e74  PA:10000e74
15574318ns          258912 1c008a52 c817f7c3 fmadd.s          f15, f15, f1, f25   f15=xxxxxxxx f15:408bdce8  f1:c11a0982 f25:4284c9f1
15574338ns          258913 1c008a56 00f6a22b p.sw             x15, 4(x13!)        x13=10000ea0 x15:41c2876f x13:10000e9c  PA:10000e9c
15574358ns          258914 1c008a4a 0006ac83 lw               x25, 0(x13)         x25=4118d021 x13:10000ea0  PA:10000ea0
15574378ns          258915 1c008a4e 0046278b p.lw             x15, 4(x12!)        x15=4073652c x12=10000e7c x12:10000e78  PA:10000e78
15574417ns          258917 1c008a52 c817f7c3 fmadd.s          f15, f15, f1, f25   f15=xxxxxxxx f15:4073652c  f1:c11a0982 f25:4118d021
15574437ns          258918 1c008a56 00f6a22b p.sw             x15, 4(x13!)        x13=10000ea4 x15:c1d87fbd x13:10000ea0  PA:10000ea0
15574457ns          258919 1c008a4a 0006ac83 lw               x25, 0(x13)         x25=42e942b9 x13:10000ea4  PA:10000ea4
15574477ns          258920 1c008a4e 0046278b p.lw             x15, 4(x12!)        x15=405a274c x12=10000e80 x12:10000e7c  PA:10000e7c
15574517ns          258922 1c008a52 c817f7c3 fmadd.s          f15, f15, f1, f25   f15=xxxxxxxx f15:405a274c  f1:c11a0982 f25:42e942b9
15574537ns          258923 1c008a56 00f6a22b p.sw             x15, 4(x13!)        x13=10000ea8 x15:42a7a0da x13:10000ea4  PA:10000ea4
15574557ns          258924 1c008a4a 0006ac83 lw               x25, 0(x13)         x25=43065fb2 x13:10000ea8  PA:10000ea8
15574576ns          258925 1c008a4e 0046278b p.lw             x15, 4(x12!)        x15=40f26b29 x12=10000e84 x12:10000e80  PA:10000e80
15574616ns          258927 1c008a52 c817f7c3 fmadd.s          f15, f15, f1, f25   f15=xxxxxxxx f15:40f26b29  f1:c11a0982 f25:43065fb2
15574636ns          258928 1c008a56 00f6a22b p.sw             x15, 4(x13!)        x13=10000eac x15:4275c3d9 x13:10000ea8  PA:10000ea8
15574656ns          258929 1c008a4a 0006ac83 lw               x25, 0(x13)         x25=427b27df x13:10000eac  PA:10000eac
15574676ns          258930 1c008a4e 0046278b p.lw             x15, 4(x12!)        x15=40e41620 x12=10000e88 x12:10000e84  PA:10000e84
15574716ns          258932 1c008a52 c817f7c3 fmadd.s          f15, f15, f1, f25   f15=xxxxxxxx f15:40e41620  f1:c11a0982 f25:427b27df
15574736ns          258933 1c008a56 00f6a22b p.sw             x15, 4(x13!)        x13=10000eb0 x15:c0ba9d86 x13:10000eac  PA:10000eac
15574755ns          258934 1c008a5a 00aa0a13 addi             x20, x20, 10        x20=00000018 x20:0000000e
15574775ns          258935 1c008a5c 028a8a93 addi             x21, x21, 40        x21=10000e90 x21:10000e68
15574795ns          258936 1c008a60 fd4bd3e3 bge              x23, x20, -58       x23:0000000e x20:00000018
15574815ns          258937 1c008a64 00150513 addi             x10, x10, 1         x10=00000003 x10:00000002
15574835ns          258938 1c008a66 027507b3 mul              x15, x10, x7        x15=4179b734 x10:00000003  x7:0000000a
15574855ns          258939 1c008a6a 190ff853 fdiv.s           f16, f31, f16       f16=xxxxxxxx f31:3f800000 f16:4125b87a
15574875ns          258940 1c008a6e d6f5cbe3 blt              x11, x15, -650      x11:00000017 x15:0000001e
15574935ns          258943 1c0087e4 00158693 addi             x13, x11, 1         x13=xxxxxxxx x11:00000017
15574954ns          258944 1c0087e8 00488713 addi             x14, x17, 4         x14=xxxxxxxx x17:10000e90
15574974ns          258945 1c0087ec 40b785b3 sub              x11, x15, x11       x11=xxxxxxxx x15:0000001e x11:00000017
15574994ns          258946 1c0087f0 3ad7c463 blt              x15, x13, 936       x15:0000001e x13:00000018
15575014ns          258947 1c0087f4 800006b7 lui              x13, 0x80000000     x13=xxxxxxxx
15575034ns          258948 1c0087f8 3ad78063 beq              x15, x13, 928       x15:0000001e x13:80000000
15575054ns          258949 1c0087fc 0055c0fb lp.setup         0x1, x11, 0x5       x11:00000007  PA:10000e94
15575074ns          258950 1c008800 00072783 lw               x15, 0(x14)         x15=xxxxxxxx x14:10000e94
15575133ns          258953 1c008802 1107f7d3 fmul.s           f15, f15, f16       f15=xxxxxxxx f15:4179b734 f16:3dc5bafa
15575153ns          258954 1c008806 00f7222b p.sw             x15, 4(x14!)        x14=10000e98 x15:3fc0e05e x14:10000e94  PA:10000e94
15575173ns          258955 1c008800 00072783 lw               x15, 0(x14)         x15=xxxxxxxx x14:10000e98  PA:10000e98
15575213ns          258957 1c008802 1107f7d3 fmul.s           f15, f15, f16       f15=xxxxxxxx f15:41ca813e f16:3dc5bafa
15575233ns          258958 1c008806 00f7222b p.sw             x15, 4(x14!)        x14=10000e9c x15:401c695c x14:10000e98  PA:10000e98
15575253ns          258959 1c008800 00072783 lw               x15, 0(x14)         x15=42a7a0da x14:10000e9c  PA:10000e9c
15575293ns          258961 1c008802 1107f7d3 fmul.s           f15, f15, f16       f15=xxxxxxxx f15:41c2876f f16:3dc5bafa
15575312ns          258962 1c008806 00f7222b p.sw             x15, 4(x14!)        x14=10000ea0 x15:4016404d x14:10000e9c  PA:10000e9c
15575332ns          258963 1c008800 00072783 lw               x15, 0(x14)         x15=xxxxxxxx x14:10000ea0  PA:10000ea0
15575372ns          258965 1c008802 1107f7d3 fmul.s           f15, f15, f16       f15=xxxxxxxx f15:c1d87fbd f16:3dc5bafa
15575392ns          258966 1c008806 00f7222b p.sw             x15, 4(x14!)        x14=10000ea4 x15:c027386d x14:10000ea0  PA:10000ea0
15575412ns          258967 1c008800 00072783 lw               x15, 0(x14)         x15=xxxxxxxx x14:10000ea4  PA:10000ea4
15575452ns          258969 1c008802 1107f7d3 fmul.s           f15, f15, f16       f15=xxxxxxxx f15:42a7a0da f16:3dc5bafa
15575472ns          258970 1c008806 00f7222b p.sw             x15, 4(x14!)        x14=10000ea8 x15:41017936 x14:10000ea4  PA:10000ea4
15575491ns          258971 1c008800 00072783 lw               x15, 0(x14)         x15=xxxxxxxx x14:10000ea8  PA:10000ea8
15575531ns          258973 1c008802 1107f7d3 fmul.s           f15, f15, f16       f15=xxxxxxxx f15:4275c3d9 f16:3dc5bafa
15575551ns          258974 1c008806 00f7222b p.sw             x15, 4(x14!)        x14=10000eac x15:40bdd336 x14:10000ea8  PA:10000ea8
15575571ns          258975 1c008800 00072783 lw               x15, 0(x14)         x15=xxxxxxxx x14:10000eac  PA:10000eac
15575611ns          258977 1c008802 1107f7d3 fmul.s           f15, f15, f16       f15=xxxxxxxx f15:c0ba9d86 f16:3dc5bafa
15575631ns          258978 1c008806 00f7222b p.sw             x15, 4(x14!)        x14=10000eb0 x15:bf102385 x14:10000eac  PA:10000eac
15575651ns          258979 1c00880a 00be0e13 addi             x28, x28, 11        x28=00000021 x28:00000016
15575670ns          258980 1c00880c 02c88893 addi             x17, x17, 44        x17=10000ebc x17:10000e90
15575690ns          258981 1c008810 00430313 addi             x6, x6, 4            x6=10000e44  x6:10000e40
15575710ns          258982 1c008812 c6a53be3 p.bneimm         x10, -906           x10:00000003
15575770ns          258985 1c008488 32050f63 beq              x10, x0, 830        x10:00000003
15575790ns          258986 1c00848c 00032783 lw               x15, 0(x6)          x15=xxxxxxxx  x6:10000e44  PA:10000e44
15575830ns          258988 1c008490 e8f7f7c3 fmadd.s          f15, f15, f15, f29  f15=xxxxxxxx f15:415da4e7 f15:415da4e7 f29:00000000
15575849ns          258989 1c008494 2e152c63 p.beqimm         x10, 760            x10:00000003
15575869ns          258990 1c008498 02832703 lw               x14, 40(x6)         x14=4066b45e  x6:10000e44  PA:10000e6c
15575909ns          258992 1c00849c 78e777c3 fmadd.s          f15, f14, f14, f15  f15=xxxxxxxx f14:4066b45e f14:4066b45e f15:433fe621
15575929ns          258993 1c0084a0 2e252663 p.beqimm         x10, 748            x10:00000003
15575949ns          258994 1c0084a4 05032703 lw               x14, 80(x6)         x14=3fc0e05e  x6:10000e44  PA:10000e94
15575989ns          258996 1c0084a8 78e777c3 fmadd.s          f15, f14, f14, f15  f15=xxxxxxxx f14:3fc0e05e f14:3fc0e05e f15:434ce4aa
15576009ns          258997 1c0084ac 2e352063 p.beqimm         x10, 736            x10:00000003
15576426ns          259018 1c00878c 0008a803 lw               x16, 0(x17)         x16=4380ed9d x17:10000ebc  PA:10000ebc
15576486ns          259021 1c008790 08f877d3 fsub.s           f15, f16, f15       f15=xxxxxxxx f16:4380ed9d f15:434f29ef
15576526ns          259023 1c008794 a0fe9753 flt.s            x14, f29, f15       x14=00000001 f29:00000000 f15:424ac52c
15576546ns          259024 1c008798 24071f63 bne              x14, x0, 606        x14:00000001
15576625ns          259028 1c0089f6 025505b3 mul              x11, x10, x5        x11=00000021 x10:00000003  x5:0000000b
15576645ns          259029 1c0089fa 5807f853 fsqrt.s          f16, f15            f16=xxxxxxxx f15:424ac52c
15576665ns          259030 1c0089fe ff858b93 addi             x23, x11, -8        x23=xxxxxxxx x11:00000021
15576924ns          259043 1c008a02 0108a023 sw               x16, 0(x17)         x16:40e3d5fa x17:10000ebc  PA:10000ebc
15576943ns          259044 1c008a06 00250a13 addi             x20, x10, 2         x20=00000005 x10:00000003
15576963ns          259045 1c008a0a 00158593 addi             x11, x11, 1         x11=00000022 x11:00000021
15576983ns          259046 1c008a0c 054bcc63 blt              x23, x20, 88        x23:00000019 x20:00000005
15577003ns          259047 1c008a10 00251a93 slli             x21, x10, 0x2       x21=0000000c x10:00000003
15577023ns          259048 1c008a14 03350b33 mul              x22, x10, x19       x22=fffffff4 x10:00000003 x19:fffffffc
15577043ns          259049 1c008a18 00010793 addi             x15, x2, 0          x15=10000e38  x2:10000e38
15577063ns          259050 1c008a1c 00fa8ab3 add              x21, x21, x15       x21=10000e44 x21:0000000c x15:10000e38
15577083ns          259051 1c008a1e 40a90c33 sub              x24, x18, x10       x24=00000005 x18:00000008 x10:00000003
15577103ns          259052 1c008a22 028b0b13 addi             x22, x22, 40        x22=0000001c x22:fffffff4
15577122ns          259053 1c008a26 000aa083 lw               x1, 0(x21)           x1=xxxxxxxx x21:10000e44  PA:10000e44
15577142ns          259054 1c008a2a 014c07b3 add              x15, x24, x20       x15=0000000a x24:00000005 x20:00000005
15577162ns          259055 1c008a2e 201090d3 fsgnjn.s         f1, f1, f1           f1=xxxxxxxx  f1:415da4e7  f1:415da4e7
15577182ns          259056 1c008a32 0347c463 blt              x15, x20, 40        x15:0000000a x20:00000005
15577202ns          259057 1c008a36 ff8b0713 addi             x14, x22, -8        x14=00000014 x22:0000001c
15577222ns          259058 1c008a3a 00275713 srli             x14, x14, 0x2       x14=00000005 x14:00000014
15577242ns          259059 1c008a3c 00488693 addi             x13, x17, 4         x13=10000ec0 x17:10000ebc
15577262ns          259060 1c008a40 004a8613 addi             x12, x21, 4         x12=10000e48 x21:10000e44
15577282ns          259061 1c008a44 00170713 addi             x14, x14, 1         x14=00000006 x14:00000005
15577302ns          259062 1c008a46 008740fb lp.setup         0x1, x14, 0x8       x14:00000006
15577321ns          259063 1c008a4a 0006ac83 lw               x25, 0(x13)         x25=xxxxxxxx x13:10000ec0  PA:10000ec0
15577341ns          259064 1c008a4e 0046278b p.lw             x15, 4(x12!)        x15=xxxxxxxx x12=10000e4c x12:10000e48  PA:10000e48
15577381ns          259066 1c008a52 c817f7c3 fmadd.s          f15, f15, f1, f25   f15=xxxxxxxx f15:4150b184  f1:c15da4e7 f25:4380a0e9
15577401ns          259067 1c008a56 00f6a22b p.sw             x15, 4(x13!)        x13=10000ec4 x15:4299244a x13:10000ec0  PA:10000ec0
15577421ns          259068 1c008a4a 0006ac83 lw               x25, 0(x13)         x25=4367959c x13:10000ec4  PA:10000ec4
15577441ns          259069 1c008a4e 0046278b p.lw             x15, 4(x12!)        x15=415dfb2b x12=10000e50 x12:10000e4c  PA:10000e4c
15577481ns          259071 1c008a52 c817f7c3 fmadd.s          f15, f15, f1, f25   f15=xxxxxxxx f15:415dfb2b  f1:c15da4e7 f25:4367959c
15577500ns          259072 1c008a56 00f6a22b p.sw             x15, 4(x13!)        x13=10000ec8 x15:421d932b x13:10000ec4  PA:10000ec4
15577520ns          259073 1c008a4a 0006ac83 lw               x25, 0(x13)         x25=437c4f40 x13:10000ec8  PA:10000ec8
15577540ns          259074 1c008a4e 0046278b p.lw             x15, 4(x12!)        x15=41841ddc x12=10000e54 x12:10000e50  PA:10000e50
15577580ns          259076 1c008a52 c817f7c3 fmadd.s          f15, f15, f1, f25   f15=xxxxxxxx f15:41841ddc  f1:c15da4e7 f25:437c4f40
15577600ns          259077 1c008a56 00f6a22b p.sw             x15, 4(x13!)        x13=10000ecc x15:41bc4bec x13:10000ec8  PA:10000ec8
15577620ns          259078 1c008a4a 0006ac83 lw               x25, 0(x13)         x25=4354cbbb x13:10000ecc  PA:10000ecc
15577640ns          259079 1c008a4e 0046278b p.lw             x15, 4(x12!)        x15=4142d75f x12=10000e58 x12:10000e54  PA:10000e54
15577679ns          259081 1c008a52 c817f7c3 fmadd.s          f15, f15, f1, f25   f15=xxxxxxxx f15:4142d75f  f1:c15da4e7 f25:4354cbbb
15577699ns          259082 1c008a56 00f6a22b p.sw             x15, 4(x13!)        x13=10000ed0 x15:42306931 x13:10000ecc  PA:10000ecc
15577719ns          259083 1c008a4a 0006ac83 lw               x25, 0(x13)         x25=430f60b6 x13:10000ed0  PA:10000ed0
15577739ns          259084 1c008a4e 0046278b p.lw             x15, 4(x12!)        x15=40e150c1 x12=10000e5c x12:10000e58  PA:10000e58
15577779ns          259086 1c008a52 c817f7c3 fmadd.s          f15, f15, f1, f25   f15=xxxxxxxx f15:40e150c1  f1:c15da4e7 f25:430f60b6
15577799ns          259087 1c008a56 00f6a22b p.sw             x15, 4(x13!)        x13=10000ed4 x15:42375b25 x13:10000ed0  PA:10000ed0
15577819ns          259088 1c008a4a 0006ac83 lw               x25, 0(x13)         x25=429fb154 x13:10000ed4  PA:10000ed4
15577839ns          259089 1c008a4e 0046278b p.lw             x15, 4(x12!)        x15=409c6fe2 x12=10000e60 x12:10000e5c  PA:10000e5c
15577878ns          259091 1c008a52 c817f7c3 fmadd.s          f15, f15, f1, f25   f15=xxxxxxxx f15:409c6fe2  f1:c15da4e7 f25:429fb154
15577898ns          259092 1c008a56 00f6a22b p.sw             x15, 4(x13!)        x13=10000ed8 x15:4141ffc9 x13:10000ed4  PA:10000ed4
15577918ns          259093 1c008a5a 00aa0a13 addi             x20, x20, 10        x20=0000000f x20:00000005
15577938ns          259094 1c008a5c 028a8a93 addi             x21, x21, 40        x21=10000e6c x21:10000e44
15577958ns          259095 1c008a60 fd4bd3e3 bge              x23, x20, -58       x23:00000019 x20:0000000f
15578037ns          259099 1c008a26 000aa083 lw               x1, 0(x21)           x1=4066b45e x21:10000e6c  PA:10000e6c
15578057ns          259100 1c008a2a 014c07b3 add              x15, x24, x20       x15=00000014 x24:00000005 x20:0000000f
15578077ns          259101 1c008a2e 201090d3 fsgnjn.s         f1, f1, f1           f1=xxxxxxxx  f1:4066b45e  f1:4066b45e
15578097ns          259102 1c008a32 0347c463 blt              x15, x20, 40        x15:00000014 x20:0000000f
15578117ns          259103 1c008a36 ff8b0713 addi             x14, x22, -8        x14=00000014 x22:0000001c
15578137ns          259104 1c008a3a 00275713 srli             x14, x14, 0x2       x14=00000005 x14:00000014
15578157ns          259105 1c008a3c 00488693 addi             x13, x17, 4         x13=10000ec0 x17:10000ebc
15578177ns          259106 1c008a40 004a8613 addi             x12, x21, 4         x12=10000e70 x21:10000e6c
15578197ns          259107 1c008a44 00170713 addi             x14, x14, 1         x14=00000006 x14:00000005
15578216ns          259108 1c008a46 008740fb lp.setup         0x1, x14, 0x8       x14:00000006
15578236ns          259109 1c008a4a 0006ac83 lw               x25, 0(x13)         x25=4299244a x13:10000ec0  PA:10000ec0
15578276ns          259111 1c008a4e 0046278b p.lw             x15, 4(x12!)        x15=415745c0 x12=10000e74 x12:10000e70  PA:10000e70
15578316ns          259113 1c008a52 c817f7c3 fmadd.s          f15, f15, f1, f25   f15=xxxxxxxx f15:415745c0  f1:c066b45e f25:4299244a
15578336ns          259114 1c008a56 00f6a22b p.sw             x15, 4(x13!)        x13=10000ec4 x15:41e0907b x13:10000ec0  PA:10000ec0
15578376ns          259116 1c008a4a 0006ac83 lw               x25, 0(x13)         x25=421d932b x13:10000ec4  PA:10000ec4
15578396ns          259117 1c008a4e 0046278b p.lw             x15, 4(x12!)        x15=408bdce8 x12=10000e78 x12:10000e74  PA:10000e74
15578435ns          259119 1c008a52 c817f7c3 fmadd.s          f15, f15, f1, f25   f15=xxxxxxxx f15:408bdce8  f1:c066b45e f25:421d932b
15578455ns          259120 1c008a56 00f6a22b p.sw             x15, 4(x13!)        x13=10000ec8 x15:41bd1b53 x13:10000ec4  PA:10000ec4
15578475ns          259121 1c008a4a 0006ac83 lw               x25, 0(x13)         x25=41bc4bec x13:10000ec8  PA:10000ec8
15578495ns          259122 1c008a4e 0046278b p.lw             x15, 4(x12!)        x15=4073652c x12=10000e7c x12:10000e78  PA:10000e78
15578535ns          259124 1c008a52 c817f7c3 fmadd.s          f15, f15, f1, f25   f15=xxxxxxxx f15:4073652c  f1:c066b45e f25:41bc4bec
15578555ns          259125 1c008a56 00f6a22b p.sw             x15, 4(x13!)        x13=10000ecc x15:411d3f76 x13:10000ec8  PA:10000ec8
15578575ns          259126 1c008a4a 0006ac83 lw               x25, 0(x13)         x25=42306931 x13:10000ecc  PA:10000ecc
15578594ns          259127 1c008a4e 0046278b p.lw             x15, 4(x12!)        x15=405a274c x12=10000e80 x12:10000e7c  PA:10000e7c
15578634ns          259129 1c008a52 c817f7c3 fmadd.s          f15, f15, f1, f25   f15=xxxxxxxx f15:405a274c  f1:c066b45e f25:42306931
15578654ns          259130 1c008a56 00f6a22b p.sw             x15, 4(x13!)        x13=10000ed0 x15:41fe85e1 x13:10000ecc  PA:10000ecc
15578674ns          259131 1c008a4a 0006ac83 lw               x25, 0(x13)         x25=42375b25 x13:10000ed0  PA:10000ed0
15578694ns          259132 1c008a4e 0046278b p.lw             x15, 4(x12!)        x15=40f26b29 x12=10000e84 x12:10000e80  PA:10000e80
15578734ns          259134 1c008a52 c817f7c3 fmadd.s          f15, f15, f1, f25   f15=xxxxxxxx f15:40f26b29  f1:c066b45e f25:42375b25
15578754ns          259135 1c008a56 00f6a22b p.sw             x15, 4(x13!)        x13=10000ed4 x15:41943f37 x13:10000ed0  PA:10000ed0
15578773ns          259136 1c008a4a 0006ac83 lw               x25, 0(x13)         x25=4141ffc9 x13:10000ed4  PA:10000ed4
15578793ns          259137 1c008a4e 0046278b p.lw             x15, 4(x12!)        x15=40e41620 x12=10000e88 x12:10000e84  PA:10000e84
15578833ns          259139 1c008a52 c817f7c3 fmadd.s          f15, f15, f1, f25   f15=xxxxxxxx f15:40e41620  f1:c066b45e f25:4141ffc9
15578853ns          259140 1c008a56 00f6a22b p.sw             x15, 4(x13!)        x13=10000ed8 x15:c159195f x13:10000ed4  PA:10000ed4
15578873ns          259141 1c008a5a 00aa0a13 addi             x20, x20, 10        x20=00000019 x20:0000000f
15578893ns          259142 1c008a5c 028a8a93 addi             x21, x21, 40        x21=10000e94 x21:10000e6c
15578913ns          259143 1c008a60 fd4bd3e3 bge              x23, x20, -58       x23:00000019 x20:00000019
15578992ns          259147 1c008a26 000aa083 lw               x1, 0(x21)           x1=3fc0e05e x21:10000e94  PA:10000e94
15579012ns          259148 1c008a2a 014c07b3 add              x15, x24, x20       x15=0000001e x24:00000005 x20:00000019
15579032ns          259149 1c008a2e 201090d3 fsgnjn.s         f1, f1, f1           f1=xxxxxxxx  f1:3fc0e05e  f1:3fc0e05e
15579052ns          259150 1c008a32 0347c463 blt              x15, x20, 40        x15:0000001e x20:00000019
15579072ns          259151 1c008a36 ff8b0713 addi             x14, x22, -8        x14=00000014 x22:0000001c
15579092ns          259152 1c008a3a 00275713 srli             x14, x14, 0x2       x14=00000005 x14:00000014
15579112ns          259153 1c008a3c 00488693 addi             x13, x17, 4         x13=10000ec0 x17:10000ebc
15579131ns          259154 1c008a40 004a8613 addi             x12, x21, 4         x12=10000e98 x21:10000e94
15579151ns          259155 1c008a44 00170713 addi             x14, x14, 1         x14=00000006 x14:00000005
15579171ns          259156 1c008a46 008740fb lp.setup         0x1, x14, 0x8       x14:00000006
15579191ns          259157 1c008a4a 0006ac83 lw               x25, 0(x13)         x25=41e0907b x13:10000ec0  PA:10000ec0
15579211ns          259158 1c008a4e 0046278b p.lw             x15, 4(x12!)        x15=401c695c x12=10000e9c x12:10000e98  PA:10000e98
15579251ns          259160 1c008a52 c817f7c3 fmadd.s          f15, f15, f1, f25   f15=xxxxxxxx f15:401c695c  f1:bfc0e05e f25:41e0907b
15579271ns          259161 1c008a56 00f6a22b p.sw             x15, 4(x13!)        x13=10000ec4 x15:41c31a74 x13:10000ec0  PA:10000ec0
15579310ns          259163 1c008a4a 0006ac83 lw               x25, 0(x13)         x25=41bd1b53 x13:10000ec4  PA:10000ec4
15579330ns          259164 1c008a4e 0046278b p.lw             x15, 4(x12!)        x15=4016404d x12=10000ea0 x12:10000e9c  PA:10000e9c
15579370ns          259166 1c008a52 c817f7c3 fmadd.s          f15, f15, f1, f25   f15=xxxxxxxx f15:4016404d  f1:bfc0e05e f25:41bd1b53
15579390ns          259167 1c008a56 00f6a22b p.sw             x15, 4(x13!)        x13=10000ec8 x15:41a0ce59 x13:10000ec4  PA:10000ec4
15579410ns          259168 1c008a4a 0006ac83 lw               x25, 0(x13)         x25=411d3f76 x13:10000ec8  PA:10000ec8
15579430ns          259169 1c008a4e 0046278b p.lw             x15, 4(x12!)        x15=c027386d x12=10000ea4 x12:10000ea0  PA:10000ea0
15579470ns          259171 1c008a52 c817f7c3 fmadd.s          f15, f15, f1, f25   f15=xxxxxxxx f15:c027386d  f1:bfc0e05e f25:411d3f76
15579489ns          259172 1c008a56 00f6a22b p.sw             x15, 4(x13!)        x13=10000ecc x15:415c3de6 x13:10000ec8  PA:10000ec8
15579509ns          259173 1c008a4a 0006ac83 lw               x25, 0(x13)         x25=41fe85e1 x13:10000ecc  PA:10000ecc
15579529ns          259174 1c008a4e 0046278b p.lw             x15, 4(x12!)        x15=41017936 x12=10000ea8 x12:10000ea4  PA:10000ea4
15579569ns          259176 1c008a52 c817f7c3 fmadd.s          f15, f15, f1, f25   f15=xxxxxxxx f15:41017936  f1:bfc0e05e f25:41fe85e1
15579589ns          259177 1c008a56 00f6a22b p.sw             x15, 4(x13!)        x13=10000ed0 x15:419cf97f x13:10000ecc  PA:10000ecc
15579609ns          259178 1c008a4a 0006ac83 lw               x25, 0(x13)         x25=41943f37 x13:10000ed0  PA:10000ed0
15579629ns          259179 1c008a4e 0046278b p.lw             x15, 4(x12!)        x15=40bdd336 x12=10000eac x12:10000ea8  PA:10000ea8
15579669ns          259181 1c008a52 c817f7c3 fmadd.s          f15, f15, f1, f25   f15=xxxxxxxx f15:40bdd336  f1:bfc0e05e f25:41943f37
15579688ns          259182 1c008a56 00f6a22b p.sw             x15, 4(x13!)        x13=10000ed4 x15:411979a7 x13:10000ed0  PA:10000ed0
15579708ns          259183 1c008a4a 0006ac83 lw               x25, 0(x13)         x25=c159195f x13:10000ed4  PA:10000ed4
15579728ns          259184 1c008a4e 0046278b p.lw             x15, 4(x12!)        x15=bf102385 x12=10000eb0 x12:10000eac  PA:10000eac
15579768ns          259186 1c008a52 c817f7c3 fmadd.s          f15, f15, f1, f25   f15=xxxxxxxx f15:bf102385  f1:bfc0e05e f25:c159195f
15579788ns          259187 1c008a56 00f6a22b p.sw             x15, 4(x13!)        x13=10000ed8 x15:c14b8640 x13:10000ed4  PA:10000ed4
15579808ns          259188 1c008a5a 00aa0a13 addi             x20, x20, 10        x20=00000023 x20:00000019
15579828ns          259189 1c008a5c 028a8a93 addi             x21, x21, 40        x21=10000ebc x21:10000e94
15579848ns          259190 1c008a60 fd4bd3e3 bge              x23, x20, -58       x23:00000019 x20:00000023
15579867ns          259191 1c008a64 00150513 addi             x10, x10, 1         x10=00000004 x10:00000003
15579887ns          259192 1c008a66 027507b3 mul              x15, x10, x7        x15=41c31a74 x10:00000004  x7:0000000a
15579907ns          259193 1c008a6a 190ff853 fdiv.s           f16, f31, f16       f16=xxxxxxxx f31:3f800000 f16:40e3d5fa
15579927ns          259194 1c008a6e d6f5cbe3 blt              x11, x15, -650      x11:00000022 x15:00000028
15579987ns          259197 1c0087e4 00158693 addi             x13, x11, 1         x13=xxxxxxxx x11:00000022
15580007ns          259198 1c0087e8 00488713 addi             x14, x17, 4         x14=xxxxxxxx x17:10000ebc
15580027ns          259199 1c0087ec 40b785b3 sub              x11, x15, x11       x11=xxxxxxxx x15:00000028 x11:00000022
15580046ns          259200 1c0087f0 3ad7c463 blt              x15, x13, 936       x15:00000028 x13:00000023
15580066ns          259201 1c0087f4 800006b7 lui              x13, 0x80000000     x13=xxxxxxxx
15580086ns          259202 1c0087f8 3ad78063 beq              x15, x13, 928       x15:00000028 x13:80000000
15580106ns          259203 1c0087fc 0055c0fb lp.setup         0x1, x11, 0x5       x11:00000006  PA:10000ec0
15580126ns          259204 1c008800 00072783 lw               x15, 0(x14)         x15=xxxxxxxx x14:10000ec0
15580186ns          259207 1c008802 1107f7d3 fmul.s           f15, f15, f16       f15=xxxxxxxx f15:41c31a74 f16:3e0fd2a6
15580206ns          259208 1c008806 00f7222b p.sw             x15, 4(x14!)        x14=10000ec4 x15:405b38a2 x14:10000ec0  PA:10000ec0
15580225ns          259209 1c008800 00072783 lw               x15, 0(x14)         x15=xxxxxxxx x14:10000ec4  PA:10000ec4
15580265ns          259211 1c008802 1107f7d3 fmul.s           f15, f15, f16       f15=xxxxxxxx f15:41a0ce59 f16:3e0fd2a6
15580285ns          259212 1c008806 00f7222b p.sw             x15, 4(x14!)        x14=10000ec8 x15:4034af2b x14:10000ec4  PA:10000ec4
15580305ns          259213 1c008800 00072783 lw               x15, 0(x14)         x15=xxxxxxxx x14:10000ec8  PA:10000ec8
15580365ns          259216 1c008802 1107f7d3 fmul.s           f15, f15, f16       f15=xxxxxxxx f15:415c3de6 f16:3e0fd2a6
15580385ns          259217 1c008806 00f7222b p.sw             x15, 4(x14!)        x14=10000ecc x15:3ff7779a x14:10000ec8  PA:10000ec8
15580404ns          259218 1c008800 00072783 lw               x15, 0(x14)         x15=411979a7 x14:10000ecc  PA:10000ecc
15580464ns          259221 1c008802 1107f7d3 fmul.s           f15, f15, f16       f15=xxxxxxxx f15:419cf97f f16:3e0fd2a6
15580484ns          259222 1c008806 00f7222b p.sw             x15, 4(x14!)        x14=10000ed0 x15:40306111 x14:10000ecc  PA:10000ecc
15580504ns          259223 1c008800 00072783 lw               x15, 0(x14)         x15=xxxxxxxx x14:10000ed0  PA:10000ed0
15580564ns          259226 1c008802 1107f7d3 fmul.s           f15, f15, f16       f15=xxxxxxxx f15:411979a7 f16:3e0fd2a6
15580583ns          259227 1c008806 00f7222b p.sw             x15, 4(x14!)        x14=10000ed4 x15:3fac727b x14:10000ed0  PA:10000ed0
15580603ns          259228 1c008800 00072783 lw               x15, 0(x14)         x15=xxxxxxxx x14:10000ed4  PA:10000ed4
15580663ns          259231 1c008802 1107f7d3 fmul.s           f15, f15, f16       f15=xxxxxxxx f15:c14b8640 f16:3e0fd2a6
15580683ns          259232 1c008806 00f7222b p.sw             x15, 4(x14!)        x14=10000ed8 x15:bfe4aeec x14:10000ed4  PA:10000ed4
15580703ns          259233 1c00880a 00be0e13 addi             x28, x28, 11        x28=0000002c x28:00000021
15580723ns          259234 1c00880c 02c88893 addi             x17, x17, 44        x17=10000ee8 x17:10000ebc
15580743ns          259235 1c008810 00430313 addi             x6, x6, 4            x6=10000e48  x6:10000e44
15580763ns          259236 1c008812 c6a53be3 p.bneimm         x10, -906           x10:00000004
15580882ns          259242 1c008488 32050f63 beq              x10, x0, 830        x10:00000004
15580902ns          259243 1c00848c 00032783 lw               x15, 0(x6)          x15=4150b184  x6:10000e48  PA:10000e48
15580961ns          259246 1c008490 e8f7f7c3 fmadd.s          f15, f15, f15, f29  f15=xxxxxxxx f15:4150b184 f15:4150b184 f29:00000000
15581001ns          259248 1c008494 2e152c63 p.beqimm         x10, 760            x10:00000004
15581021ns          259249 1c008498 02832703 lw               x14, 40(x6)         x14=415745c0  x6:10000e48  PA:10000e70
15581061ns          259251 1c00849c 78e777c3 fmadd.s          f15, f14, f14, f15  f15=xxxxxxxx f14:415745c0 f14:415745c0 f15:432a20f2
15581101ns          259253 1c0084a0 2e252663 p.beqimm         x10, 748            x10:00000004
15581140ns          259255 1c0084a4 05032703 lw               x14, 80(x6)         x14=401c695c  x6:10000e48  PA:10000e98
15581180ns          259257 1c0084a8 78e777c3 fmadd.s          f15, f14, f14, f15  f15=xxxxxxxx f14:401c695c f14:401c695c f15:43af9397
15581200ns          259258 1c0084ac 2e352063 p.beqimm         x10, 736            x10:00000004
15581220ns          259259 1c0084b0 07832703 lw               x14, 120(x6)        x14=405b38a2  x6:10000e48  PA:10000ec0
15581260ns          259261 1c0084b4 78e777c3 fmadd.s          f15, f14, f14, f15  f15=xxxxxxxx f14:405b38a2 f14:405b38a2 f15:43b2901c
15581280ns          259262 1c0084b8 2c452a63 p.beqimm         x10, 724            x10:00000004
15581737ns          259285 1c00878c 0008a803 lw               x16, 0(x17)         x16=43f090f0 x17:10000ee8  PA:10000ee8
15581797ns          259288 1c008790 08f877d3 fsub.s           f15, f16, f15       f15=xxxxxxxx f16:43f090f0 f15:43b86dec
15581837ns          259290 1c008794 a0fe9753 flt.s            x14, f29, f15       x14=00000001 f29:00000000 f15:42e08c10
15581856ns          259291 1c008798 24071f63 bne              x14, x0, 606        x14:00000001
15581936ns          259295 1c0089f6 025505b3 mul              x11, x10, x5        x11=0000002c x10:00000004  x5:0000000b
15581956ns          259296 1c0089fa 5807f853 fsqrt.s          f16, f15            f16=xxxxxxxx f15:42e08c10
15582254ns          259311 1c0089fe ff858b93 addi             x23, x11, -8        x23=xxxxxxxx x11:0000002c
15582513ns          259324 1c008a02 0108a023 sw               x16, 0(x17)         x16:412988e5 x17:10000ee8  PA:10000ee8
15582533ns          259325 1c008a06 00250a13 addi             x20, x10, 2         x20=00000006 x10:00000004
15582553ns          259326 1c008a0a 00158593 addi             x11, x11, 1         x11=0000002d x11:0000002c
15582573ns          259327 1c008a0c 054bcc63 blt              x23, x20, 88        x23:00000024 x20:00000006
15582592ns          259328 1c008a10 00251a93 slli             x21, x10, 0x2       x21=00000010 x10:00000004
15582612ns          259329 1c008a14 03350b33 mul              x22, x10, x19       x22=fffffff0 x10:00000004 x19:fffffffc
15582632ns          259330 1c008a18 00010793 addi             x15, x2, 0          x15=10000e38  x2:10000e38
15582652ns          259331 1c008a1c 00fa8ab3 add              x21, x21, x15       x21=10000e48 x21:00000010 x15:10000e38
15582672ns          259332 1c008a1e 40a90c33 sub              x24, x18, x10       x24=00000004 x18:00000008 x10:00000004
15582692ns          259333 1c008a22 028b0b13 addi             x22, x22, 40        x22=00000018 x22:fffffff0
15582712ns          259334 1c008a26 000aa083 lw               x1, 0(x21)           x1=xxxxxxxx x21:10000e48  PA:10000e48
15582732ns          259335 1c008a2a 014c07b3 add              x15, x24, x20       x15=0000000a x24:00000004 x20:00000006
15582752ns          259336 1c008a2e 201090d3 fsgnjn.s         f1, f1, f1           f1=xxxxxxxx  f1:4150b184  f1:4150b184
15582771ns          259337 1c008a32 0347c463 blt              x15, x20, 40        x15:0000000a x20:00000006
15582791ns          259338 1c008a36 ff8b0713 addi             x14, x22, -8        x14=00000010 x22:00000018
15582811ns          259339 1c008a3a 00275713 srli             x14, x14, 0x2       x14=00000004 x14:00000010
15582831ns          259340 1c008a3c 00488693 addi             x13, x17, 4         x13=10000eec x17:10000ee8
15582851ns          259341 1c008a40 004a8613 addi             x12, x21, 4         x12=10000e4c x21:10000e48
15582871ns          259342 1c008a44 00170713 addi             x14, x14, 1         x14=00000005 x14:00000004
15582891ns          259343 1c008a46 008740fb lp.setup         0x1, x14, 0x8       x14:00000005
15582911ns          259344 1c008a4a 0006ac83 lw               x25, 0(x13)         x25=xxxxxxxx x13:10000eec  PA:10000eec
15582931ns          259345 1c008a4e 0046278b p.lw             x15, 4(x12!)        x15=xxxxxxxx x12=10000e50 x12:10000e4c  PA:10000e4c
15582970ns          259347 1c008a52 c817f7c3 fmadd.s          f15, f15, f1, f25   f15=xxxxxxxx f15:415dfb2b  f1:c150b184 f25:438212dc
15582990ns          259348 1c008a56 00f6a22b p.sw             x15, 4(x13!)        x13=10000ef0 x15:429e5f70 x13:10000eec  PA:10000eec
15583010ns          259349 1c008a4a 0006ac83 lw               x25, 0(x13)         x25=437e8ba0 x13:10000ef0  PA:10000ef0
15583030ns          259350 1c008a4e 0046278b p.lw             x15, 4(x12!)        x15=41841ddc x12=10000e54 x12:10000e50  PA:10000e50
15583070ns          259352 1c008a52 c817f7c3 fmadd.s          f15, f15, f1, f25   f15=xxxxxxxx f15:41841ddc  f1:c150b184 f25:437e8ba0
15583090ns          259353 1c008a56 00f6a22b p.sw             x15, 4(x13!)        x13=10000ef4 x15:421c8f84 x13:10000ef0  PA:10000ef0
15583110ns          259354 1c008a4a 0006ac83 lw               x25, 0(x13)         x25=438e3f73 x13:10000ef4  PA:10000ef4
15583130ns          259355 1c008a4e 0046278b p.lw             x15, 4(x12!)        x15=4142d75f x12=10000e58 x12:10000e54  PA:10000e54
15583169ns          259357 1c008a52 c817f7c3 fmadd.s          f15, f15, f1, f25   f15=xxxxxxxx f15:4142d75f  f1:c150b184 f25:438e3f73
15583189ns          259358 1c008a56 00f6a22b p.sw             x15, 4(x13!)        x13=10000ef8 x15:42fb519b x13:10000ef4  PA:10000ef4
15583209ns          259359 1c008a4a 0006ac83 lw               x25, 0(x13)         x25=436e27e4 x13:10000ef8  PA:10000ef8
15583229ns          259360 1c008a4e 0046278b p.lw             x15, 4(x12!)        x15=40e150c1 x12=10000e5c x12:10000e58  PA:10000e58
15583269ns          259362 1c008a52 c817f7c3 fmadd.s          f15, f15, f1, f25   f15=xxxxxxxx f15:40e150c1  f1:c150b184 f25:436e27e4
15583289ns          259363 1c008a56 00f6a22b p.sw             x15, 4(x13!)        x13=10000efc x15:431250f7 x13:10000ef8  PA:10000ef8
15583309ns          259364 1c008a4a 0006ac83 lw               x25, 0(x13)         x25=43493591 x13:10000efc  PA:10000efc
15583328ns          259365 1c008a4e 0046278b p.lw             x15, 4(x12!)        x15=409c6fe2 x12=10000e60 x12:10000e5c  PA:10000e5c
15583368ns          259367 1c008a52 c817f7c3 fmadd.s          f15, f15, f1, f25   f15=xxxxxxxx f15:409c6fe2  f1:c150b184 f25:43493591
15583388ns          259368 1c008a56 00f6a22b p.sw             x15, 4(x13!)        x13=10000f00 x15:430971e0 x13:10000efc  PA:10000efc
15583408ns          259369 1c008a5a 00aa0a13 addi             x20, x20, 10        x20=00000010 x20:00000006
15583428ns          259370 1c008a5c 028a8a93 addi             x21, x21, 40        x21=10000e70 x21:10000e48
15583448ns          259371 1c008a60 fd4bd3e3 bge              x23, x20, -58       x23:00000024 x20:00000010
15583527ns          259375 1c008a26 000aa083 lw               x1, 0(x21)           x1=415745c0 x21:10000e70  PA:10000e70
15583547ns          259376 1c008a2a 014c07b3 add              x15, x24, x20       x15=00000014 x24:00000004 x20:00000010
15583567ns          259377 1c008a2e 201090d3 fsgnjn.s         f1, f1, f1           f1=xxxxxxxx  f1:415745c0  f1:415745c0
15583587ns          259378 1c008a32 0347c463 blt              x15, x20, 40        x15:00000014 x20:00000010
15583607ns          259379 1c008a36 ff8b0713 addi             x14, x22, -8        x14=00000010 x22:00000018
15583627ns          259380 1c008a3a 00275713 srli             x14, x14, 0x2       x14=00000004 x14:00000010
15583647ns          259381 1c008a3c 00488693 addi             x13, x17, 4         x13=10000eec x17:10000ee8
15583667ns          259382 1c008a40 004a8613 addi             x12, x21, 4         x12=10000e74 x21:10000e70
15583686ns          259383 1c008a44 00170713 addi             x14, x14, 1         x14=00000005 x14:00000004
15583706ns          259384 1c008a46 008740fb lp.setup         0x1, x14, 0x8       x14:00000005
15583726ns          259385 1c008a4a 0006ac83 lw               x25, 0(x13)         x25=429e5f70 x13:10000eec  PA:10000eec
15583746ns          259386 1c008a4e 0046278b p.lw             x15, 4(x12!)        x15=408bdce8 x12=10000e78 x12:10000e74  PA:10000e74
15583786ns          259388 1c008a52 c817f7c3 fmadd.s          f15, f15, f1, f25   f15=xxxxxxxx f15:408bdce8  f1:c15745c0 f25:429e5f70
15583806ns          259389 1c008a56 00f6a22b p.sw             x15, 4(x13!)        x13=10000ef0 x15:41a30b37 x13:10000eec  PA:10000eec
15583846ns          259391 1c008a4a 0006ac83 lw               x25, 0(x13)         x25=421c8f84 x13:10000ef0  PA:10000ef0
15583865ns          259392 1c008a4e 0046278b p.lw             x15, 4(x12!)        x15=4073652c x12=10000e7c x12:10000e78  PA:10000e78
15583905ns          259394 1c008a52 c817f7c3 fmadd.s          f15, f15, f1, f25   f15=xxxxxxxx f15:4073652c  f1:c15745c0 f25:421c8f84
15583925ns          259395 1c008a56 00f6a22b p.sw             x15, 4(x13!)        x13=10000ef4 x15:c1407313 x13:10000ef0  PA:10000ef0
15583945ns          259396 1c008a4a 0006ac83 lw               x25, 0(x13)         x25=42fb519b x13:10000ef4  PA:10000ef4
15583965ns          259397 1c008a4e 0046278b p.lw             x15, 4(x12!)        x15=405a274c x12=10000e80 x12:10000e7c  PA:10000e7c
15584005ns          259399 1c008a52 c817f7c3 fmadd.s          f15, f15, f1, f25   f15=xxxxxxxx f15:405a274c  f1:c15745c0 f25:42fb519b
15584025ns          259400 1c008a56 00f6a22b p.sw             x15, 4(x13!)        x13=10000ef8 x15:429f9862 x13:10000ef4  PA:10000ef4
15584044ns          259401 1c008a4a 0006ac83 lw               x25, 0(x13)         x25=431250f7 x13:10000ef8  PA:10000ef8
15584064ns          259402 1c008a4e 0046278b p.lw             x15, 4(x12!)        x15=40f26b29 x12=10000e84 x12:10000e80  PA:10000e80
15584104ns          259404 1c008a52 c817f7c3 fmadd.s          f15, f15, f1, f25   f15=xxxxxxxx f15:40f26b29  f1:c15745c0 f25:431250f7
15584124ns          259405 1c008a56 00f6a22b p.sw             x15, 4(x13!)        x13=10000efc x15:42318fc4 x13:10000ef8  PA:10000ef8
15584144ns          259406 1c008a4a 0006ac83 lw               x25, 0(x13)         x25=430971e0 x13:10000efc  PA:10000efc
15584164ns          259407 1c008a4e 0046278b p.lw             x15, 4(x12!)        x15=40e41620 x12=10000e88 x12:10000e84  PA:10000e84
15584204ns          259409 1c008a52 c817f7c3 fmadd.s          f15, f15, f1, f25   f15=xxxxxxxx f15:40e41620  f1:c15745c0 f25:430971e0
15584223ns          259410 1c008a56 00f6a22b p.sw             x15, 4(x13!)        x13=10000f00 x15:42262e0c x13:10000efc  PA:10000efc
15584243ns          259411 1c008a5a 00aa0a13 addi             x20, x20, 10        x20=0000001a x20:00000010
15584263ns          259412 1c008a5c 028a8a93 addi             x21, x21, 40        x21=10000e98 x21:10000e70
15584283ns          259413 1c008a60 fd4bd3e3 bge              x23, x20, -58       x23:00000024 x20:0000001a
15584363ns          259417 1c008a26 000aa083 lw               x1, 0(x21)           x1=401c695c x21:10000e98  PA:10000e98
15584383ns          259418 1c008a2a 014c07b3 add              x15, x24, x20       x15=0000001e x24:00000004 x20:0000001a
15584403ns          259419 1c008a2e 201090d3 fsgnjn.s         f1, f1, f1           f1=xxxxxxxx  f1:401c695c  f1:401c695c
15584422ns          259420 1c008a32 0347c463 blt              x15, x20, 40        x15:0000001e x20:0000001a
15584442ns          259421 1c008a36 ff8b0713 addi             x14, x22, -8        x14=00000010 x22:00000018
15584462ns          259422 1c008a3a 00275713 srli             x14, x14, 0x2       x14=00000004 x14:00000010
15584482ns          259423 1c008a3c 00488693 addi             x13, x17, 4         x13=10000eec x17:10000ee8
15584502ns          259424 1c008a40 004a8613 addi             x12, x21, 4         x12=10000e9c x21:10000e98
15584522ns          259425 1c008a44 00170713 addi             x14, x14, 1         x14=00000005 x14:00000004
15584542ns          259426 1c008a46 008740fb lp.setup         0x1, x14, 0x8       x14:00000005
15584562ns          259427 1c008a4a 0006ac83 lw               x25, 0(x13)         x25=41a30b37 x13:10000eec  PA:10000eec
15584582ns          259428 1c008a4e 0046278b p.lw             x15, 4(x12!)        x15=4016404d x12=10000ea0 x12:10000e9c  PA:10000e9c
15584621ns          259430 1c008a52 c817f7c3 fmadd.s          f15, f15, f1, f25   f15=xxxxxxxx f15:4016404d  f1:c01c695c f25:41a30b37
15584641ns          259431 1c008a56 00f6a22b p.sw             x15, 4(x13!)        x13=10000ef0 x15:416a4969 x13:10000eec  PA:10000eec
15584681ns          259433 1c008a4a 0006ac83 lw               x25, 0(x13)         x25=c1407313 x13:10000ef0  PA:10000ef0
15584701ns          259434 1c008a4e 0046278b p.lw             x15, 4(x12!)        x15=c027386d x12=10000ea4 x12:10000ea0  PA:10000ea0
15584741ns          259436 1c008a52 c817f7c3 fmadd.s          f15, f15, f1, f25   f15=xxxxxxxx f15:c027386d  f1:c01c695c f25:c1407313
15584761ns          259437 1c008a56 00f6a22b p.sw             x15, 4(x13!)        x13=10000ef4 x15:c0b48fbd x13:10000ef0  PA:10000ef0
15584780ns          259438 1c008a4a 0006ac83 lw               x25, 0(x13)         x25=429f9862 x13:10000ef4  PA:10000ef4
15584800ns          259439 1c008a4e 0046278b p.lw             x15, 4(x12!)        x15=41017936 x12=10000ea8 x12:10000ea4  PA:10000ea4
15584840ns          259441 1c008a52 c817f7c3 fmadd.s          f15, f15, f1, f25   f15=xxxxxxxx f15:41017936  f1:c01c695c f25:429f9862
15584860ns          259442 1c008a56 00f6a22b p.sw             x15, 4(x13!)        x13=10000ef8 x15:4270159e x13:10000ef4  PA:10000ef4
15584880ns          259443 1c008a4a 0006ac83 lw               x25, 0(x13)         x25=42318fc4 x13:10000ef8  PA:10000ef8
15584900ns          259444 1c008a4e 0046278b p.lw             x15, 4(x12!)        x15=40bdd336 x12=10000eac x12:10000ea8  PA:10000ea8
15584940ns          259446 1c008a52 c817f7c3 fmadd.s          f15, f15, f1, f25   f15=xxxxxxxx f15:40bdd336  f1:c01c695c f25:42318fc4
15584959ns          259447 1c008a56 00f6a22b p.sw             x15, 4(x13!)        x13=10000efc x15:41ef24b3 x13:10000ef8  PA:10000ef8
15584979ns          259448 1c008a4a 0006ac83 lw               x25, 0(x13)         x25=42262e0c x13:10000efc  PA:10000efc
15584999ns          259449 1c008a4e 0046278b p.lw             x15, 4(x12!)        x15=bf102385 x12=10000eb0 x12:10000eac  PA:10000eac
15585039ns          259451 1c008a52 c817f7c3 fmadd.s          f15, f15, f1, f25   f15=xxxxxxxx f15:bf102385  f1:c01c695c f25:42262e0c
15585059ns          259452 1c008a56 00f6a22b p.sw             x15, 4(x13!)        x13=10000f00 x15:422baf1b x13:10000efc  PA:10000efc
15585079ns          259453 1c008a5a 00aa0a13 addi             x20, x20, 10        x20=00000024 x20:0000001a
15585099ns          259454 1c008a5c 028a8a93 addi             x21, x21, 40        x21=10000ec0 x21:10000e98
15585119ns          259455 1c008a60 fd4bd3e3 bge              x23, x20, -58       x23:00000024 x20:00000024
15585198ns          259459 1c008a26 000aa083 lw               x1, 0(x21)           x1=405b38a2 x21:10000ec0  PA:10000ec0
15585218ns          259460 1c008a2a 014c07b3 add              x15, x24, x20       x15=00000028 x24:00000004 x20:00000024
15585238ns          259461 1c008a2e 201090d3 fsgnjn.s         f1, f1, f1           f1=xxxxxxxx  f1:405b38a2  f1:405b38a2
15585258ns          259462 1c008a32 0347c463 blt              x15, x20, 40        x15:00000028 x20:00000024
15585278ns          259463 1c008a36 ff8b0713 addi             x14, x22, -8        x14=00000010 x22:00000018
15585298ns          259464 1c008a3a 00275713 srli             x14, x14, 0x2       x14=00000004 x14:00000010
15585317ns          259465 1c008a3c 00488693 addi             x13, x17, 4         x13=10000eec x17:10000ee8
15585337ns          259466 1c008a40 004a8613 addi             x12, x21, 4         x12=10000ec4 x21:10000ec0
15585357ns          259467 1c008a44 00170713 addi             x14, x14, 1         x14=00000005 x14:00000004
15585377ns          259468 1c008a46 008740fb lp.setup         0x1, x14, 0x8       x14:00000005
15585397ns          259469 1c008a4a 0006ac83 lw               x25, 0(x13)         x25=416a4969 x13:10000eec  PA:10000eec
15585417ns          259470 1c008a4e 0046278b p.lw             x15, 4(x12!)        x15=4034af2b x12=10000ec8 x12:10000ec4  PA:10000ec4
15585457ns          259472 1c008a52 c817f7c3 fmadd.s          f15, f15, f1, f25   f15=xxxxxxxx f15:4034af2b  f1:c05b38a2 f25:416a4969
15585477ns          259473 1c008a56 00f6a22b p.sw             x15, 4(x13!)        x13=10000ef0 x15:409f1f2d x13:10000eec  PA:10000eec
15585516ns          259475 1c008a4a 0006ac83 lw               x25, 0(x13)         x25=c0b48fbd x13:10000ef0  PA:10000ef0
15585536ns          259476 1c008a4e 0046278b p.lw             x15, 4(x12!)        x15=3ff7779a x12=10000ecc x12:10000ec8  PA:10000ec8
15585576ns          259478 1c008a52 c817f7c3 fmadd.s          f15, f15, f1, f25   f15=xxxxxxxx f15:3ff7779a  f1:c05b38a2 f25:c0b48fbd
15585596ns          259479 1c008a56 00f6a22b p.sw             x15, 4(x13!)        x13=10000ef4 x15:c1443ce6 x13:10000ef0  PA:10000ef0
15585616ns          259480 1c008a4a 0006ac83 lw               x25, 0(x13)         x25=4270159e x13:10000ef4  PA:10000ef4
15585636ns          259481 1c008a4e 0046278b p.lw             x15, 4(x12!)        x15=40306111 x12=10000ed0 x12:10000ecc  PA:10000ecc
15585676ns          259483 1c008a52 c817f7c3 fmadd.s          f15, f15, f1, f25   f15=xxxxxxxx f15:40306111  f1:c05b38a2 f25:4270159e
15585695ns          259484 1c008a56 00f6a22b p.sw             x15, 4(x13!)        x13=10000ef8 x15:424a531a x13:10000ef4  PA:10000ef4
15585715ns          259485 1c008a4a 0006ac83 lw               x25, 0(x13)         x25=41ef24b3 x13:10000ef8  PA:10000ef8
15585735ns          259486 1c008a4e 0046278b p.lw             x15, 4(x12!)        x15=3fac727b x12=10000ed4 x12:10000ed0  PA:10000ed0
15585775ns          259488 1c008a52 c817f7c3 fmadd.s          f15, f15, f1, f25   f15=xxxxxxxx f15:3fac727b  f1:c05b38a2 f25:41ef24b3
15585795ns          259489 1c008a56 00f6a22b p.sw             x15, 4(x13!)        x13=10000efc x15:41ca39ae x13:10000ef8  PA:10000ef8
15585815ns          259490 1c008a4a 0006ac83 lw               x25, 0(x13)         x25=422baf1b x13:10000efc  PA:10000efc
15585835ns          259491 1c008a4e 0046278b p.lw             x15, 4(x12!)        x15=bfe4aeec x12=10000ed8 x12:10000ed4  PA:10000ed4
15585874ns          259493 1c008a52 c817f7c3 fmadd.s          f15, f15, f1, f25   f15=xxxxxxxx f15:bfe4aeec  f1:c05b38a2 f25:422baf1b
15585894ns          259494 1c008a56 00f6a22b p.sw             x15, 4(x13!)        x13=10000f00 x15:424429a2 x13:10000efc  PA:10000efc
15585914ns          259495 1c008a5a 00aa0a13 addi             x20, x20, 10        x20=0000002e x20:00000024
15585934ns          259496 1c008a5c 028a8a93 addi             x21, x21, 40        x21=10000ee8 x21:10000ec0
15585954ns          259497 1c008a60 fd4bd3e3 bge              x23, x20, -58       x23:00000024 x20:0000002e
15585974ns          259498 1c008a64 00150513 addi             x10, x10, 1         x10=00000005 x10:00000004
15585994ns          259499 1c008a66 027507b3 mul              x15, x10, x7        x15=409f1f2d x10:00000005  x7:0000000a
15586014ns          259500 1c008a6a 190ff853 fdiv.s           f16, f31, f16       f16=xxxxxxxx f31:3f800000 f16:412988e5
15586153ns          259507 1c008a6e d6f5cbe3 blt              x11, x15, -650      x11:0000002d x15:00000032
15586213ns          259510 1c0087e4 00158693 addi             x13, x11, 1         x13=xxxxxxxx x11:0000002d
15586232ns          259511 1c0087e8 00488713 addi             x14, x17, 4         x14=xxxxxxxx x17:10000ee8
15586252ns          259512 1c0087ec 40b785b3 sub              x11, x15, x11       x11=xxxxxxxx x15:00000032 x11:0000002d
15586272ns          259513 1c0087f0 3ad7c463 blt              x15, x13, 936       x15:00000032 x13:0000002e
15586292ns          259514 1c0087f4 800006b7 lui              x13, 0x80000000     x13=xxxxxxxx
15586312ns          259515 1c0087f8 3ad78063 beq              x15, x13, 928       x15:00000032 x13:80000000
15586332ns          259516 1c0087fc 0055c0fb lp.setup         0x1, x11, 0x5       x11:00000005  PA:10000eec
15586352ns          259517 1c008800 00072783 lw               x15, 0(x14)         x15=xxxxxxxx x14:10000eec
15586411ns          259520 1c008802 1107f7d3 fmul.s           f15, f15, f16       f15=xxxxxxxx f15:409f1f2d f16:3dc1482c
15586431ns          259521 1c008806 00f7222b p.sw             x15, 4(x14!)        x14=10000ef0 x15:3ef046ba x14:10000eec  PA:10000eec
15586451ns          259522 1c008800 00072783 lw               x15, 0(x14)         x15=xxxxxxxx x14:10000ef0  PA:10000ef0
15586491ns          259524 1c008802 1107f7d3 fmul.s           f15, f15, f16       f15=xxxxxxxx f15:c1443ce6 f16:3dc1482c
15586511ns          259525 1c008806 00f7222b p.sw             x15, 4(x14!)        x14=10000ef4 x15:bf94293c x14:10000ef0  PA:10000ef0
15586531ns          259526 1c008800 00072783 lw               x15, 0(x14)         x15=424429a2 x14:10000ef4  PA:10000ef4
15586571ns          259528 1c008802 1107f7d3 fmul.s           f15, f15, f16       f15=xxxxxxxx f15:424a531a f16:3dc1482c
15586590ns          259529 1c008806 00f7222b p.sw             x15, 4(x14!)        x14=10000ef8 x15:4098c1b1 x14:10000ef4  PA:10000ef4
15586610ns          259530 1c008800 00072783 lw               x15, 0(x14)         x15=xxxxxxxx x14:10000ef8  PA:10000ef8
15586650ns          259532 1c008802 1107f7d3 fmul.s           f15, f15, f16       f15=xxxxxxxx f15:41ca39ae f16:3dc1482c
15586670ns          259533 1c008806 00f7222b p.sw             x15, 4(x14!)        x14=10000efc x15:4018ae7f x14:10000ef8  PA:10000ef8
15586690ns          259534 1c008800 00072783 lw               x15, 0(x14)         x15=xxxxxxxx x14:10000efc  PA:10000efc
15586730ns          259536 1c008802 1107f7d3 fmul.s           f15, f15, f16       f15=xxxxxxxx f15:424429a2 f16:3dc1482c
15586750ns          259537 1c008806 00f7222b p.sw             x15, 4(x14!)        x14=10000f00 x15:40941ab1 x14:10000efc  PA:10000efc
15586770ns          259538 1c00880a 00be0e13 addi             x28, x28, 11        x28=00000037 x28:0000002c
15586789ns          259539 1c00880c 02c88893 addi             x17, x17, 44        x17=10000f14 x17:10000ee8
15586809ns          259540 1c008810 00430313 addi             x6, x6, 4            x6=10000e4c  x6:10000e48
15586849ns          259542 1c008812 c6a53be3 p.bneimm         x10, -906           x10:00000005
15586909ns          259545 1c008488 32050f63 beq              x10, x0, 830        x10:00000005
15586929ns          259546 1c00848c 00032783 lw               x15, 0(x6)          x15=xxxxxxxx  x6:10000e4c  PA:10000e4c
15586968ns          259548 1c008490 e8f7f7c3 fmadd.s          f15, f15, f15, f29  f15=xxxxxxxx f15:415dfb2b f15:415dfb2b f29:00000000
15586988ns          259549 1c008494 2e152c63 p.beqimm         x10, 760            x10:00000005
15587008ns          259550 1c008498 02832703 lw               x14, 40(x6)         x14=xxxxxxxx  x6:10000e4c  PA:10000e74
15587048ns          259552 1c00849c 78e777c3 fmadd.s          f15, f14, f14, f15  f15=xxxxxxxx f14:408bdce8 f14:408bdce8 f15:43407b9f
15587068ns          259553 1c0084a0 2e252663 p.beqimm         x10, 748            x10:00000005
15587088ns          259554 1c0084a4 05032703 lw               x14, 80(x6)         x14=4016404d  x6:10000e4c  PA:10000e9c
15587128ns          259556 1c0084a8 78e777c3 fmadd.s          f15, f14, f14, f15  f15=xxxxxxxx f14:4016404d f14:4016404d f15:43539608
15587147ns          259557 1c0084ac 2e352063 p.beqimm         x10, 736            x10:00000005
15587167ns          259558 1c0084b0 07832703 lw               x14, 120(x6)        x14=4034af2b  x6:10000e4c  PA:10000ec4
15587207ns          259560 1c0084b4 78e777c3 fmadd.s          f15, f14, f14, f15  f15=xxxxxxxx f14:4034af2b f14:4034af2b f15:435918ff
15587227ns          259561 1c0084b8 2c452a63 p.beqimm         x10, 724            x10:00000005
15587247ns          259562 1c0084bc 0a032703 lw               x14, 160(x6)        x14=3ef046ba  x6:10000e4c  PA:10000eec
15587287ns          259564 1c0084c0 78e777c3 fmadd.s          f15, f14, f14, f15  f15=xxxxxxxx f14:3ef046ba f14:3ef046ba f15:4361116c
15587307ns          259565 1c0084c4 2c552463 p.beqimm         x10, 712            x10:00000005
15587605ns          259580 1c00878c 0008a803 lw               x16, 0(x17)         x16=438c61f5 x17:10000f14  PA:10000f14
15587645ns          259582 1c008790 08f877d3 fsub.s           f15, f16, f15       f15=xxxxxxxx f16:438c61f5 f15:436149cd
15587665ns          259583 1c008794 a0fe9753 flt.s            x14, f29, f15       x14=00000001 f29:00000000 f15:425de874
15587684ns          259584 1c008798 24071f63 bne              x14, x0, 606        x14:00000001
15587764ns          259588 1c0089f6 025505b3 mul              x11, x10, x5        x11=00000037 x10:00000005  x5:0000000b
15587784ns          259589 1c0089fa 5807f853 fsqrt.s          f16, f15            f16=xxxxxxxx f15:425de874
15588043ns          259602 1c0089fe ff858b93 addi             x23, x11, -8        x23=xxxxxxxx x11:00000037
15588301ns          259615 1c008a02 0108a023 sw               x16, 0(x17)         x16:40ee5862 x17:10000f14  PA:10000f14
15588321ns          259616 1c008a06 00250a13 addi             x20, x10, 2         x20=00000007 x10:00000005
15588341ns          259617 1c008a0a 00158593 addi             x11, x11, 1         x11=00000038 x11:00000037
15588361ns          259618 1c008a0c 054bcc63 blt              x23, x20, 88        x23:0000002f x20:00000007
15588401ns          259620 1c008a10 00251a93 slli             x21, x10, 0x2       x21=00000014 x10:00000005
15588440ns          259622 1c008a14 03350b33 mul              x22, x10, x19       x22=ffffffec x10:00000005 x19:fffffffc
15588460ns          259623 1c008a18 00010793 addi             x15, x2, 0          x15=10000e38  x2:10000e38
15588480ns          259624 1c008a1c 00fa8ab3 add              x21, x21, x15       x21=10000e4c x21:00000014 x15:10000e38
15588500ns          259625 1c008a1e 40a90c33 sub              x24, x18, x10       x24=00000003 x18:00000008 x10:00000005
15588520ns          259626 1c008a22 028b0b13 addi             x22, x22, 40        x22=00000014 x22:ffffffec
15588540ns          259627 1c008a26 000aa083 lw               x1, 0(x21)           x1=415dfb2b x21:10000e4c  PA:10000e4c
15588560ns          259628 1c008a2a 014c07b3 add              x15, x24, x20       x15=0000000a x24:00000003 x20:00000007
15588580ns          259629 1c008a2e 201090d3 fsgnjn.s         f1, f1, f1           f1=xxxxxxxx  f1:415dfb2b  f1:415dfb2b
15588599ns          259630 1c008a32 0347c463 blt              x15, x20, 40        x15:0000000a x20:00000007
15588619ns          259631 1c008a36 ff8b0713 addi             x14, x22, -8        x14=0000000c x22:00000014
15588639ns          259632 1c008a3a 00275713 srli             x14, x14, 0x2       x14=00000003 x14:0000000c
15588659ns          259633 1c008a3c 00488693 addi             x13, x17, 4         x13=10000f18 x17:10000f14
15588679ns          259634 1c008a40 004a8613 addi             x12, x21, 4         x12=10000e50 x21:10000e4c
15588699ns          259635 1c008a44 00170713 addi             x14, x14, 1         x14=00000004 x14:00000003
15588719ns          259636 1c008a46 008740fb lp.setup         0x1, x14, 0x8       x14:00000004
15588739ns          259637 1c008a4a 0006ac83 lw               x25, 0(x13)         x25=4359ac2d x13:10000f18  PA:10000f18
15588759ns          259638 1c008a4e 0046278b p.lw             x15, 4(x12!)        x15=41841ddc x12=10000e54 x12:10000e50  PA:10000e50
15588798ns          259640 1c008a52 c817f7c3 fmadd.s          f15, f15, f1, f25   f15=xxxxxxxx f15:41841ddc  f1:c15dfb2b f25:4359ac2d
15588818ns          259641 1c008a56 00f6a22b p.sw             x15, 4(x13!)        x13=10000f1c x15:c13729fc x13:10000f18  PA:10000f18
15588858ns          259643 1c008a4a 0006ac83 lw               x25, 0(x13)         x25=4354e1e7 x13:10000f1c  PA:10000f1c
15588878ns          259644 1c008a4e 0046278b p.lw             x15, 4(x12!)        x15=4142d75f x12=10000e58 x12:10000e54  PA:10000e54
15588918ns          259646 1c008a52 c817f7c3 fmadd.s          f15, f15, f1, f25   f15=xxxxxxxx f15:4142d75f  f1:c15dfb2b f25:4354e1e7
15588938ns          259647 1c008a56 00f6a22b p.sw             x15, 4(x13!)        x13=10000f20 x15:422fbb40 x13:10000f1c  PA:10000f1c
15588957ns          259648 1c008a4a 0006ac83 lw               x25, 0(x13)         x25=43122a77 x13:10000f20  PA:10000f20
15588977ns          259649 1c008a4e 0046278b p.lw             x15, 4(x12!)        x15=40e150c1 x12=10000e5c x12:10000e58  PA:10000e58
15589017ns          259651 1c008a52 c817f7c3 fmadd.s          f15, f15, f1, f25   f15=xxxxxxxx f15:40e150c1  f1:c15dfb2b f25:43122a77
15589037ns          259652 1c008a56 00f6a22b p.sw             x15, 4(x13!)        x13=10000f24 x15:4241ea4f x13:10000f20  PA:10000f20
15589057ns          259653 1c008a4a 0006ac83 lw               x25, 0(x13)         x25=42b7c9e2 x13:10000f24  PA:10000f24
15589077ns          259654 1c008a4e 0046278b p.lw             x15, 4(x12!)        x15=409c6fe2 x12=10000e60 x12:10000e5c  PA:10000e5c
15589117ns          259656 1c008a52 c817f7c3 fmadd.s          f15, f15, f1, f25   f15=xxxxxxxx f15:409c6fe2  f1:c15dfb2b f25:42b7c9e2
15589137ns          259657 1c008a56 00f6a22b p.sw             x15, 4(x13!)        x13=10000f28 x15:41c08f40 x13:10000f24  PA:10000f24
15589156ns          259658 1c008a5a 00aa0a13 addi             x20, x20, 10        x20=00000011 x20:00000007
15589176ns          259659 1c008a5c 028a8a93 addi             x21, x21, 40        x21=10000e74 x21:10000e4c
15589196ns          259660 1c008a60 fd4bd3e3 bge              x23, x20, -58       x23:0000002f x20:00000011
15589276ns          259664 1c008a26 000aa083 lw               x1, 0(x21)           x1=408bdce8 x21:10000e74  PA:10000e74
15589296ns          259665 1c008a2a 014c07b3 add              x15, x24, x20       x15=00000014 x24:00000003 x20:00000011
15589316ns          259666 1c008a2e 201090d3 fsgnjn.s         f1, f1, f1           f1=xxxxxxxx  f1:408bdce8  f1:408bdce8
15589335ns          259667 1c008a32 0347c463 blt              x15, x20, 40        x15:00000014 x20:00000011
15589355ns          259668 1c008a36 ff8b0713 addi             x14, x22, -8        x14=0000000c x22:00000014
15589375ns          259669 1c008a3a 00275713 srli             x14, x14, 0x2       x14=00000003 x14:0000000c
15589395ns          259670 1c008a3c 00488693 addi             x13, x17, 4         x13=10000f18 x17:10000f14
15589415ns          259671 1c008a40 004a8613 addi             x12, x21, 4         x12=10000e78 x21:10000e74
15589435ns          259672 1c008a44 00170713 addi             x14, x14, 1         x14=00000004 x14:00000003
15589455ns          259673 1c008a46 008740fb lp.setup         0x1, x14, 0x8       x14:00000004
15589475ns          259674 1c008a4a 0006ac83 lw               x25, 0(x13)         x25=c13729fc x13:10000f18  PA:10000f18
15589495ns          259675 1c008a4e 0046278b p.lw             x15, 4(x12!)        x15=4073652c x12=10000e7c x12:10000e78  PA:10000e78
15589534ns          259677 1c008a52 c817f7c3 fmadd.s          f15, f15, f1, f25   f15=xxxxxxxx f15:4073652c  f1:c08bdce8 f25:c13729fc
15589554ns          259678 1c008a56 00f6a22b p.sw             x15, 4(x13!)        x13=10000f1c x15:c1e08ef4 x13:10000f18  PA:10000f18
15589594ns          259680 1c008a4a 0006ac83 lw               x25, 0(x13)         x25=422fbb40 x13:10000f1c  PA:10000f1c
15589614ns          259681 1c008a4e 0046278b p.lw             x15, 4(x12!)        x15=405a274c x12=10000e80 x12:10000e7c  PA:10000e7c
15589654ns          259683 1c008a52 c817f7c3 fmadd.s          f15, f15, f1, f25   f15=xxxxxxxx f15:405a274c  f1:c08bdce8 f25:422fbb40
15589674ns          259684 1c008a56 00f6a22b p.sw             x15, 4(x13!)        x13=10000f20 x15:41e846ea x13:10000f1c  PA:10000f1c
15589693ns          259685 1c008a4a 0006ac83 lw               x25, 0(x13)         x25=4241ea4f x13:10000f20  PA:10000f20
15589713ns          259686 1c008a4e 0046278b p.lw             x15, 4(x12!)        x15=40f26b29 x12=10000e84 x12:10000e80  PA:10000e80
15589753ns          259688 1c008a52 c817f7c3 fmadd.s          f15, f15, f1, f25   f15=xxxxxxxx f15:40f26b29  f1:c08bdce8 f25:4241ea4f
15589773ns          259689 1c008a56 00f6a22b p.sw             x15, 4(x13!)        x13=10000f24 x15:4175e3c0 x13:10000f20  PA:10000f20
15589793ns          259690 1c008a4a 0006ac83 lw               x25, 0(x13)         x25=41c08f40 x13:10000f24  PA:10000f24
15589813ns          259691 1c008a4e 0046278b p.lw             x15, 4(x12!)        x15=40e41620 x12=10000e88 x12:10000e84  PA:10000e84
15589853ns          259693 1c008a52 c817f7c3 fmadd.s          f15, f15, f1, f25   f15=xxxxxxxx f15:40e41620  f1:c08bdce8 f25:41c08f40
15589872ns          259694 1c008a56 00f6a22b p.sw             x15, 4(x13!)        x13=10000f28 x15:c0e2a9a9 x13:10000f24  PA:10000f24
15589892ns          259695 1c008a5a 00aa0a13 addi             x20, x20, 10        x20=0000001b x20:00000011
15589912ns          259696 1c008a5c 028a8a93 addi             x21, x21, 40        x21=10000e9c x21:10000e74
15589932ns          259697 1c008a60 fd4bd3e3 bge              x23, x20, -58       x23:0000002f x20:0000001b
15590012ns          259701 1c008a26 000aa083 lw               x1, 0(x21)           x1=4016404d x21:10000e9c  PA:10000e9c
15590051ns          259703 1c008a2a 014c07b3 add              x15, x24, x20       x15=0000001e x24:00000003 x20:0000001b
15590071ns          259704 1c008a2e 201090d3 fsgnjn.s         f1, f1, f1           f1=xxxxxxxx  f1:4016404d  f1:4016404d
15590091ns          259705 1c008a32 0347c463 blt              x15, x20, 40        x15:0000001e x20:0000001b
15590111ns          259706 1c008a36 ff8b0713 addi             x14, x22, -8        x14=0000000c x22:00000014
15590131ns          259707 1c008a3a 00275713 srli             x14, x14, 0x2       x14=00000003 x14:0000000c
15590151ns          259708 1c008a3c 00488693 addi             x13, x17, 4         x13=10000f18 x17:10000f14
15590171ns          259709 1c008a40 004a8613 addi             x12, x21, 4         x12=10000ea0 x21:10000e9c
15590191ns          259710 1c008a44 00170713 addi             x14, x14, 1         x14=00000004 x14:00000003
15590211ns          259711 1c008a46 008740fb lp.setup         0x1, x14, 0x8       x14:00000004
15590231ns          259712 1c008a4a 0006ac83 lw               x25, 0(x13)         x25=c1e08ef4 x13:10000f18  PA:10000f18
15590250ns          259713 1c008a4e 0046278b p.lw             x15, 4(x12!)        x15=c027386d x12=10000ea4 x12:10000ea0  PA:10000ea0
15590290ns          259715 1c008a52 c817f7c3 fmadd.s          f15, f15, f1, f25   f15=xxxxxxxx f15:c027386d  f1:c016404d f25:c1e08ef4
15590310ns          259716 1c008a56 00f6a22b p.sw             x15, 4(x13!)        x13=10000f1c x15:c1af7c6c x13:10000f18  PA:10000f18
15590330ns          259717 1c008a4a 0006ac83 lw               x25, 0(x13)         x25=41e846ea x13:10000f1c  PA:10000f1c
15590350ns          259718 1c008a4e 0046278b p.lw             x15, 4(x12!)        x15=41017936 x12=10000ea8 x12:10000ea4  PA:10000ea4
15590390ns          259720 1c008a52 c817f7c3 fmadd.s          f15, f15, f1, f25   f15=xxxxxxxx f15:41017936  f1:c016404d f25:41e846ea
15590410ns          259721 1c008a56 00f6a22b p.sw             x15, 4(x13!)        x13=10000f20 x15:412097a8 x13:10000f1c  PA:10000f1c
15590429ns          259722 1c008a4a 0006ac83 lw               x25, 0(x13)         x25=4175e3c0 x13:10000f20  PA:10000f20
15590449ns          259723 1c008a4e 0046278b p.lw             x15, 4(x12!)        x15=40bdd336 x12=10000eac x12:10000ea8  PA:10000ea8
15590489ns          259725 1c008a52 c817f7c3 fmadd.s          f15, f15, f1, f25   f15=xxxxxxxx f15:40bdd336  f1:c016404d f25:4175e3c0
15590509ns          259726 1c008a56 00f6a22b p.sw             x15, 4(x13!)        x13=10000f24 x15:3fb88707 x13:10000f20  PA:10000f20
15590529ns          259727 1c008a4a 0006ac83 lw               x25, 0(x13)         x25=c0e2a9a9 x13:10000f24  PA:10000f24
15590549ns          259728 1c008a4e 0046278b p.lw             x15, 4(x12!)        x15=bf102385 x12=10000eb0 x12:10000eac  PA:10000eac
15590589ns          259730 1c008a52 c817f7c3 fmadd.s          f15, f15, f1, f25   f15=xxxxxxxx f15:bf102385  f1:c016404d f25:c0e2a9a9
15590608ns          259731 1c008a56 00f6a22b p.sw             x15, 4(x13!)        x13=10000f28 x15:c0b85d27 x13:10000f24  PA:10000f24
15590628ns          259732 1c008a5a 00aa0a13 addi             x20, x20, 10        x20=00000025 x20:0000001b
15590648ns          259733 1c008a5c 028a8a93 addi             x21, x21, 40        x21=10000ec4 x21:10000e9c
15590668ns          259734 1c008a60 fd4bd3e3 bge              x23, x20, -58       x23:0000002f x20:00000025
15590748ns          259738 1c008a26 000aa083 lw               x1, 0(x21)           x1=4034af2b x21:10000ec4  PA:10000ec4
15590768ns          259739 1c008a2a 014c07b3 add              x15, x24, x20       x15=00000028 x24:00000003 x20:00000025
15590787ns          259740 1c008a2e 201090d3 fsgnjn.s         f1, f1, f1           f1=xxxxxxxx  f1:4034af2b  f1:4034af2b
15590807ns          259741 1c008a32 0347c463 blt              x15, x20, 40        x15:00000028 x20:00000025
15590827ns          259742 1c008a36 ff8b0713 addi             x14, x22, -8        x14=0000000c x22:00000014
15590847ns          259743 1c008a3a 00275713 srli             x14, x14, 0x2       x14=00000003 x14:0000000c
15590867ns          259744 1c008a3c 00488693 addi             x13, x17, 4         x13=10000f18 x17:10000f14
15590887ns          259745 1c008a40 004a8613 addi             x12, x21, 4         x12=10000ec8 x21:10000ec4
15590907ns          259746 1c008a44 00170713 addi             x14, x14, 1         x14=00000004 x14:00000003
15590927ns          259747 1c008a46 008740fb lp.setup         0x1, x14, 0x8       x14:00000004
15590947ns          259748 1c008a4a 0006ac83 lw               x25, 0(x13)         x25=c1af7c6c x13:10000f18  PA:10000f18
15590966ns          259749 1c008a4e 0046278b p.lw             x15, 4(x12!)        x15=3ff7779a x12=10000ecc x12:10000ec8  PA:10000ec8
15591006ns          259751 1c008a52 c817f7c3 fmadd.s          f15, f15, f1, f25   f15=xxxxxxxx f15:3ff7779a  f1:c034af2b f25:c1af7c6c
15591026ns          259752 1c008a56 00f6a22b p.sw             x15, 4(x13!)        x13=10000f1c x15:c1db26c7 x13:10000f18  PA:10000f18
15591066ns          259754 1c008a4a 0006ac83 lw               x25, 0(x13)         x25=412097a8 x13:10000f1c  PA:10000f1c
15591086ns          259755 1c008a4e 0046278b p.lw             x15, 4(x12!)        x15=40306111 x12=10000ed0 x12:10000ecc  PA:10000ecc
15591126ns          259757 1c008a52 c817f7c3 fmadd.s          f15, f15, f1, f25   f15=xxxxxxxx f15:40306111  f1:c034af2b f25:412097a8
15591145ns          259758 1c008a56 00f6a22b p.sw             x15, 4(x13!)        x13=10000f20 x15:40106ae0 x13:10000f1c  PA:10000f1c
15591165ns          259759 1c008a4a 0006ac83 lw               x25, 0(x13)         x25=3fb88707 x13:10000f20  PA:10000f20
15591185ns          259760 1c008a4e 0046278b p.lw             x15, 4(x12!)        x15=3fac727b x12=10000ed4 x12:10000ed0  PA:10000ed0
15591225ns          259762 1c008a52 c817f7c3 fmadd.s          f15, f15, f1, f25   f15=xxxxxxxx f15:3fac727b  f1:c034af2b f25:3fb88707
15591245ns          259763 1c008a56 00f6a22b p.sw             x15, 4(x13!)        x13=10000f24 x15:c0172978 x13:10000f20  PA:10000f20
15591265ns          259764 1c008a4a 0006ac83 lw               x25, 0(x13)         x25=c0b85d27 x13:10000f24  PA:10000f24
15591285ns          259765 1c008a4e 0046278b p.lw             x15, 4(x12!)        x15=bfe4aeec x12=10000ed8 x12:10000ed4  PA:10000ed4
15591324ns          259767 1c008a52 c817f7c3 fmadd.s          f15, f15, f1, f25   f15=xxxxxxxx f15:bfe4aeec  f1:c034af2b f25:c0b85d27
15591344ns          259768 1c008a56 00f6a22b p.sw             x15, 4(x13!)        x13=10000f28 x15:bf37ad79 x13:10000f24  PA:10000f24
15591364ns          259769 1c008a5a 00aa0a13 addi             x20, x20, 10        x20=0000002f x20:00000025
15591384ns          259770 1c008a5c 028a8a93 addi             x21, x21, 40        x21=10000eec x21:10000ec4
15591404ns          259771 1c008a60 fd4bd3e3 bge              x23, x20, -58       x23:0000002f x20:0000002f
15591484ns          259775 1c008a26 000aa083 lw               x1, 0(x21)           x1=3ef046ba x21:10000eec  PA:10000eec
15591504ns          259776 1c008a2a 014c07b3 add              x15, x24, x20       x15=00000032 x24:00000003 x20:0000002f
15591523ns          259777 1c008a2e 201090d3 fsgnjn.s         f1, f1, f1           f1=xxxxxxxx  f1:3ef046ba  f1:3ef046ba
15591543ns          259778 1c008a32 0347c463 blt              x15, x20, 40        x15:00000032 x20:0000002f
15591563ns          259779 1c008a36 ff8b0713 addi             x14, x22, -8        x14=0000000c x22:00000014
15591583ns          259780 1c008a3a 00275713 srli             x14, x14, 0x2       x14=00000003 x14:0000000c
15591603ns          259781 1c008a3c 00488693 addi             x13, x17, 4         x13=10000f18 x17:10000f14
15591623ns          259782 1c008a40 004a8613 addi             x12, x21, 4         x12=10000ef0 x21:10000eec
15591643ns          259783 1c008a44 00170713 addi             x14, x14, 1         x14=00000004 x14:00000003
15591663ns          259784 1c008a46 008740fb lp.setup         0x1, x14, 0x8       x14:00000004
15591683ns          259785 1c008a4a 0006ac83 lw               x25, 0(x13)         x25=c1db26c7 x13:10000f18  PA:10000f18
15591702ns          259786 1c008a4e 0046278b p.lw             x15, 4(x12!)        x15=bf94293c x12=10000ef4 x12:10000ef0  PA:10000ef0
15591742ns          259788 1c008a52 c817f7c3 fmadd.s          f15, f15, f1, f25   f15=xxxxxxxx f15:bf94293c  f1:bef046ba f25:c1db26c7
15591762ns          259789 1c008a56 00f6a22b p.sw             x15, 4(x13!)        x13=10000f1c x15:c1d6ce4a x13:10000f18  PA:10000f18
15591802ns          259791 1c008a4a 0006ac83 lw               x25, 0(x13)         x25=40106ae0 x13:10000f1c  PA:10000f1c
15591822ns          259792 1c008a4e 0046278b p.lw             x15, 4(x12!)        x15=4098c1b1 x12=10000ef8 x12:10000ef4  PA:10000ef4
15591862ns          259794 1c008a52 c817f7c3 fmadd.s          f15, f15, f1, f25   f15=xxxxxxxx f15:4098c1b1  f1:bef046ba f25:40106ae0
15591881ns          259795 1c008a56 00f6a22b p.sw             x15, 4(x13!)        x13=10000f20 x15:3c858b0e x13:10000f1c  PA:10000f1c
15591901ns          259796 1c008a4a 0006ac83 lw               x25, 0(x13)         x25=c0172978 x13:10000f20  PA:10000f20
15591921ns          259797 1c008a4e 0046278b p.lw             x15, 4(x12!)        x15=4018ae7f x12=10000efc x12:10000ef8  PA:10000ef8
15591961ns          259799 1c008a52 c817f7c3 fmadd.s          f15, f15, f1, f25   f15=xxxxxxxx f15:4018ae7f  f1:bef046ba f25:c0172978
15591981ns          259800 1c008a56 00f6a22b p.sw             x15, 4(x13!)        x13=10000f24 x15:c05ed05b x13:10000f20  PA:10000f20
15592001ns          259801 1c008a4a 0006ac83 lw               x25, 0(x13)         x25=bf37ad79 x13:10000f24  PA:10000f24
15592021ns          259802 1c008a4e 0046278b p.lw             x15, 4(x12!)        x15=40941ab1 x12=10000f00 x12:10000efc  PA:10000efc
15592060ns          259804 1c008a52 c817f7c3 fmadd.s          f15, f15, f1, f25   f15=xxxxxxxx f15:40941ab1  f1:bef046ba f25:bf37ad79
15592080ns          259805 1c008a56 00f6a22b p.sw             x15, 4(x13!)        x13=10000f28 x15:c038ed4f x13:10000f24  PA:10000f24
15592100ns          259806 1c008a5a 00aa0a13 addi             x20, x20, 10        x20=00000039 x20:0000002f
15592120ns          259807 1c008a5c 028a8a93 addi             x21, x21, 40        x21=10000f14 x21:10000eec
15592140ns          259808 1c008a60 fd4bd3e3 bge              x23, x20, -58       x23:0000002f x20:00000039
15592160ns          259809 1c008a64 00150513 addi             x10, x10, 1         x10=00000006 x10:00000005
15592180ns          259810 1c008a66 027507b3 mul              x15, x10, x7        x15=c1d6ce4a x10:00000006  x7:0000000a
15592200ns          259811 1c008a6a 190ff853 fdiv.s           f16, f31, f16       f16=xxxxxxxx f31:3f800000 f16:40ee5862
15592239ns          259813 1c008a6e d6f5cbe3 blt              x11, x15, -650      x11:00000038 x15:0000003c
15592299ns          259816 1c0087e4 00158693 addi             x13, x11, 1         x13=xxxxxxxx x11:00000038
15592319ns          259817 1c0087e8 00488713 addi             x14, x17, 4         x14=xxxxxxxx x17:10000f14
15592339ns          259818 1c0087ec 40b785b3 sub              x11, x15, x11       x11=xxxxxxxx x15:0000003c x11:00000038
15592359ns          259819 1c0087f0 3ad7c463 blt              x15, x13, 936       x15:0000003c x13:00000039
15592379ns          259820 1c0087f4 800006b7 lui              x13, 0x80000000     x13=xxxxxxxx
15592399ns          259821 1c0087f8 3ad78063 beq              x15, x13, 928       x15:0000003c x13:80000000
15592418ns          259822 1c0087fc 0055c0fb lp.setup         0x1, x11, 0x5       x11:00000004  PA:10000f18
15592438ns          259823 1c008800 00072783 lw               x15, 0(x14)         x15=xxxxxxxx x14:10000f18
15592498ns          259826 1c008802 1107f7d3 fmul.s           f15, f15, f16       f15=xxxxxxxx f15:c1d6ce4a f16:3e097b32
15592518ns          259827 1c008806 00f7222b p.sw             x15, 4(x14!)        x14=10000f1c x15:c066b789 x14:10000f18  PA:10000f18
15592538ns          259828 1c008800 00072783 lw               x15, 0(x14)         x15=c038ed4f x14:10000f1c  PA:10000f1c
15592578ns          259830 1c008802 1107f7d3 fmul.s           f15, f15, f16       f15=xxxxxxxx f15:3c858b0e f16:3e097b32
15592598ns          259831 1c008806 00f7222b p.sw             x15, 4(x14!)        x14=10000f20 x15:3b0f6f5d x14:10000f1c  PA:10000f1c
15592617ns          259832 1c008800 00072783 lw               x15, 0(x14)         x15=xxxxxxxx x14:10000f20  PA:10000f20
15592657ns          259834 1c008802 1107f7d3 fmul.s           f15, f15, f16       f15=xxxxxxxx f15:c05ed05b f16:3e097b32
15592677ns          259835 1c008806 00f7222b p.sw             x15, 4(x14!)        x14=10000f24 x15:beef5175 x14:10000f20  PA:10000f20
15592697ns          259836 1c008800 00072783 lw               x15, 0(x14)         x15=xxxxxxxx x14:10000f24  PA:10000f24
15592757ns          259839 1c008802 1107f7d3 fmul.s           f15, f15, f16       f15=xxxxxxxx f15:c038ed4f f16:3e097b32
15592777ns          259840 1c008806 00f7222b p.sw             x15, 4(x14!)        x14=10000f28 x15:bec69ffb x14:10000f24  PA:10000f24
15592796ns          259841 1c00880a 00be0e13 addi             x28, x28, 11        x28=00000042 x28:00000037
15592816ns          259842 1c00880c 02c88893 addi             x17, x17, 44        x17=10000f40 x17:10000f14
15592836ns          259843 1c008810 00430313 addi             x6, x6, 4            x6=10000e50  x6:10000e4c
15592856ns          259844 1c008812 c6a53be3 p.bneimm         x10, -906           x10:00000006
15592975ns          259850 1c008488 32050f63 beq              x10, x0, 830        x10:00000006
15592995ns          259851 1c00848c 00032783 lw               x15, 0(x6)          x15=41841ddc  x6:10000e50  PA:10000e50
15593035ns          259853 1c008490 e8f7f7c3 fmadd.s          f15, f15, f15, f29  f15=xxxxxxxx f15:41841ddc f15:41841ddc f29:00000000
15593055ns          259854 1c008494 2e152c63 p.beqimm         x10, 760            x10:00000006
15593075ns          259855 1c008498 02832703 lw               x14, 40(x6)         x14=4073652c  x6:10000e50  PA:10000e78
15593115ns          259857 1c00849c 78e777c3 fmadd.s          f15, f14, f14, f15  f15=xxxxxxxx f14:4073652c f14:4073652c f15:43885d9d
15593135ns          259858 1c0084a0 2e252663 p.beqimm         x10, 748            x10:00000006
15593174ns          259860 1c0084a4 05032703 lw               x14, 80(x6)         x14=c027386d  x6:10000e50  PA:10000ea0
15593214ns          259862 1c0084a8 78e777c3 fmadd.s          f15, f14, f14, f15  f15=xxxxxxxx f14:c027386d f14:c027386d f15:438f98e7
15593234ns          259863 1c0084ac 2e352063 p.beqimm         x10, 736            x10:00000006
15593254ns          259864 1c0084b0 07832703 lw               x14, 120(x6)        x14=3ff7779a  x6:10000e50  PA:10000ec8
15593294ns          259866 1c0084b4 78e777c3 fmadd.s          f15, f14, f14, f15  f15=xxxxxxxx f14:3ff7779a f14:3ff7779a f15:439302bc
15593314ns          259867 1c0084b8 2c452a63 p.beqimm         x10, 724            x10:00000006
15593333ns          259868 1c0084bc 0a032703 lw               x14, 160(x6)        x14=bf94293c  x6:10000e50  PA:10000ef0
15593373ns          259870 1c0084c0 78e777c3 fmadd.s          f15, f14, f14, f15  f15=xxxxxxxx f14:bf94293c f14:bf94293c f15:4394e12c
15593393ns          259871 1c0084c4 2c552463 p.beqimm         x10, 712            x10:00000006
15593413ns          259872 1c0084c8 0c832703 lw               x14, 200(x6)        x14=c066b789  x6:10000e50  PA:10000f18
15593453ns          259874 1c0084cc 78e777c3 fmadd.s          f15, f14, f14, f15  f15=xxxxxxxx f14:c066b789 f14:c066b789 f15:43958cab
15593473ns          259875 1c0084d0 2a652e63 p.beqimm         x10, 700            x10:00000006
15593970ns          259900 1c00878c 0008a803 lw               x16, 0(x17)         x16=43ab5e56 x17:10000f40  PA:10000f40
15594030ns          259903 1c008790 08f877d3 fsub.s           f15, f16, f15       f15=xxxxxxxx f16:43ab5e56 f15:439c0c1d
15594069ns          259905 1c008794 a0fe9753 flt.s            x14, f29, f15       x14=00000001 f29:00000000 f15:41f52390
15594089ns          259906 1c008798 24071f63 bne              x14, x0, 606        x14:00000001
15594229ns          259913 1c0089f6 025505b3 mul              x11, x10, x5        x11=00000042 x10:00000006  x5:0000000b
15594248ns          259914 1c0089fa 5807f853 fsqrt.s          f16, f15            f16=xxxxxxxx f15:41f52390
15594646ns          259934 1c0089fe ff858b93 addi             x23, x11, -8        x23=xxxxxxxx x11:00000042
15594905ns          259947 1c008a02 0108a023 sw               x16, 0(x17)         x16:40b12343 x17:10000f40  PA:10000f40
15594925ns          259948 1c008a06 00250a13 addi             x20, x10, 2         x20=00000008 x10:00000006
15594945ns          259949 1c008a0a 00158593 addi             x11, x11, 1         x11=00000043 x11:00000042
15594965ns          259950 1c008a0c 054bcc63 blt              x23, x20, 88        x23:0000003a x20:00000008
15594984ns          259951 1c008a10 00251a93 slli             x21, x10, 0x2       x21=00000018 x10:00000006
15595004ns          259952 1c008a14 03350b33 mul              x22, x10, x19       x22=ffffffe8 x10:00000006 x19:fffffffc
15595024ns          259953 1c008a18 00010793 addi             x15, x2, 0          x15=10000e38  x2:10000e38
15595044ns          259954 1c008a1c 00fa8ab3 add              x21, x21, x15       x21=10000e50 x21:00000018 x15:10000e38
15595064ns          259955 1c008a1e 40a90c33 sub              x24, x18, x10       x24=00000002 x18:00000008 x10:00000006
15595084ns          259956 1c008a22 028b0b13 addi             x22, x22, 40        x22=00000010 x22:ffffffe8
15595104ns          259957 1c008a26 000aa083 lw               x1, 0(x21)           x1=xxxxxxxx x21:10000e50  PA:10000e50
15595124ns          259958 1c008a2a 014c07b3 add              x15, x24, x20       x15=0000000a x24:00000002 x20:00000008
15595144ns          259959 1c008a2e 201090d3 fsgnjn.s         f1, f1, f1           f1=xxxxxxxx  f1:41841ddc  f1:41841ddc
15595163ns          259960 1c008a32 0347c463 blt              x15, x20, 40        x15:0000000a x20:00000008
15595183ns          259961 1c008a36 ff8b0713 addi             x14, x22, -8        x14=00000008 x22:00000010
15595203ns          259962 1c008a3a 00275713 srli             x14, x14, 0x2       x14=00000002 x14:00000008
15595223ns          259963 1c008a3c 00488693 addi             x13, x17, 4         x13=10000f44 x17:10000f40
15595243ns          259964 1c008a40 004a8613 addi             x12, x21, 4         x12=10000e54 x21:10000e50
15595263ns          259965 1c008a44 00170713 addi             x14, x14, 1         x14=00000003 x14:00000002
15595283ns          259966 1c008a46 008740fb lp.setup         0x1, x14, 0x8       x14:00000003
15595303ns          259967 1c008a4a 0006ac83 lw               x25, 0(x13)         x25=xxxxxxxx x13:10000f44  PA:10000f44
15595323ns          259968 1c008a4e 0046278b p.lw             x15, 4(x12!)        x15=xxxxxxxx x12=10000e58 x12:10000e54  PA:10000e54
15595362ns          259970 1c008a52 c817f7c3 fmadd.s          f15, f15, f1, f25   f15=xxxxxxxx f15:4142d75f  f1:c1841ddc f25:43587a5a
15595382ns          259971 1c008a56 00f6a22b p.sw             x15, 4(x13!)        x13=10000f48 x15:4175ecc6 x13:10000f44  PA:10000f44
15595402ns          259972 1c008a4a 0006ac83 lw               x25, 0(x13)         x25=431d83a8 x13:10000f48  PA:10000f48
15595422ns          259973 1c008a4e 0046278b p.lw             x15, 4(x12!)        x15=40e150c1 x12=10000e5c x12:10000e58  PA:10000e58
15595462ns          259975 1c008a52 c817f7c3 fmadd.s          f15, f15, f1, f25   f15=xxxxxxxx f15:40e150c1  f1:c1841ddc f25:431d83a8
15595482ns          259976 1c008a56 00f6a22b p.sw             x15, 4(x13!)        x13=10000f4c x15:4224eef3 x13:10000f48  PA:10000f48
15595502ns          259977 1c008a4a 0006ac83 lw               x25, 0(x13)         x25=42f92084 x13:10000f4c  PA:10000f4c
15595521ns          259978 1c008a4e 0046278b p.lw             x15, 4(x12!)        x15=409c6fe2 x12=10000e60 x12:10000e5c  PA:10000e5c
15595561ns          259980 1c008a52 c817f7c3 fmadd.s          f15, f15, f1, f25   f15=xxxxxxxx f15:409c6fe2  f1:c1841ddc f25:42f92084
15595581ns          259981 1c008a56 00f6a22b p.sw             x15, 4(x13!)        x13=10000f50 x15:422f5149 x13:10000f4c  PA:10000f4c
15595601ns          259982 1c008a5a 00aa0a13 addi             x20, x20, 10        x20=00000012 x20:00000008
15595621ns          259983 1c008a5c 028a8a93 addi             x21, x21, 40        x21=10000e78 x21:10000e50
15595641ns          259984 1c008a60 fd4bd3e3 bge              x23, x20, -58       x23:0000003a x20:00000012
15595720ns          259988 1c008a26 000aa083 lw               x1, 0(x21)           x1=4073652c x21:10000e78  PA:10000e78
15595740ns          259989 1c008a2a 014c07b3 add              x15, x24, x20       x15=00000014 x24:00000002 x20:00000012
15595760ns          259990 1c008a2e 201090d3 fsgnjn.s         f1, f1, f1           f1=xxxxxxxx  f1:4073652c  f1:4073652c
15595780ns          259991 1c008a32 0347c463 blt              x15, x20, 40        x15:00000014 x20:00000012
15595800ns          259992 1c008a36 ff8b0713 addi             x14, x22, -8        x14=00000008 x22:00000010
15595820ns          259993 1c008a3a 00275713 srli             x14, x14, 0x2       x14=00000002 x14:00000008
15595840ns          259994 1c008a3c 00488693 addi             x13, x17, 4         x13=10000f44 x17:10000f40
15595860ns          259995 1c008a40 004a8613 addi             x12, x21, 4         x12=10000e7c x21:10000e78
15595879ns          259996 1c008a44 00170713 addi             x14, x14, 1         x14=00000003 x14:00000002
15595899ns          259997 1c008a46 008740fb lp.setup         0x1, x14, 0x8       x14:00000003
15595919ns          259998 1c008a4a 0006ac83 lw               x25, 0(x13)         x25=4175ecc6 x13:10000f44  PA:10000f44
15595939ns          259999 1c008a4e 0046278b p.lw             x15, 4(x12!)        x15=405a274c x12=10000e80 x12:10000e7c  PA:10000e7c
15595979ns          260001 1c008a52 c817f7c3 fmadd.s          f15, f15, f1, f25   f15=xxxxxxxx f15:405a274c  f1:c073652c f25:4175ecc6
15595999ns          260002 1c008a56 00f6a22b p.sw             x15, 4(x13!)        x13=10000f48 x15:401a0d07 x13:10000f44  PA:10000f44
15596039ns          260004 1c008a4a 0006ac83 lw               x25, 0(x13)         x25=4224eef3 x13:10000f48  PA:10000f48
15596058ns          260005 1c008a4e 0046278b p.lw             x15, 4(x12!)        x15=40f26b29 x12=10000e84 x12:10000e80  PA:10000e80
15596098ns          260007 1c008a52 c817f7c3 fmadd.s          f15, f15, f1, f25   f15=xxxxxxxx f15:40f26b29  f1:c073652c f25:4224eef3
15596118ns          260008 1c008a56 00f6a22b p.sw             x15, 4(x13!)        x13=10000f4c x15:4146c4c0 x13:10000f48  PA:10000f48
15596138ns          260009 1c008a4a 0006ac83 lw               x25, 0(x13)         x25=422f5149 x13:10000f4c  PA:10000f4c
15596158ns          260010 1c008a4e 0046278b p.lw             x15, 4(x12!)        x15=40e41620 x12=10000e88 x12:10000e84  PA:10000e84
15596198ns          260012 1c008a52 c817f7c3 fmadd.s          f15, f15, f1, f25   f15=xxxxxxxx f15:40e41620  f1:c073652c f25:422f5149
15596218ns          260013 1c008a56 00f6a22b p.sw             x15, 4(x13!)        x13=10000f50 x15:4185c76e x13:10000f4c  PA:10000f4c
15596238ns          260014 1c008a5a 00aa0a13 addi             x20, x20, 10        x20=0000001c x20:00000012
15596257ns          260015 1c008a5c 028a8a93 addi             x21, x21, 40        x21=10000ea0 x21:10000e78
15596277ns          260016 1c008a60 fd4bd3e3 bge              x23, x20, -58       x23:0000003a x20:0000001c
15596357ns          260020 1c008a26 000aa083 lw               x1, 0(x21)           x1=c027386d x21:10000ea0  PA:10000ea0
15596377ns          260021 1c008a2a 014c07b3 add              x15, x24, x20       x15=0000001e x24:00000002 x20:0000001c
15596397ns          260022 1c008a2e 201090d3 fsgnjn.s         f1, f1, f1           f1=xxxxxxxx  f1:c027386d  f1:c027386d
15596417ns          260023 1c008a32 0347c463 blt              x15, x20, 40        x15:0000001e x20:0000001c
15596436ns          260024 1c008a36 ff8b0713 addi             x14, x22, -8        x14=00000008 x22:00000010
15596456ns          260025 1c008a3a 00275713 srli             x14, x14, 0x2       x14=00000002 x14:00000008
15596476ns          260026 1c008a3c 00488693 addi             x13, x17, 4         x13=10000f44 x17:10000f40
15596496ns          260027 1c008a40 004a8613 addi             x12, x21, 4         x12=10000ea4 x21:10000ea0
15596516ns          260028 1c008a44 00170713 addi             x14, x14, 1         x14=00000003 x14:00000002
15596536ns          260029 1c008a46 008740fb lp.setup         0x1, x14, 0x8       x14:00000003
15596556ns          260030 1c008a4a 0006ac83 lw               x25, 0(x13)         x25=401a0d07 x13:10000f44  PA:10000f44
15596576ns          260031 1c008a4e 0046278b p.lw             x15, 4(x12!)        x15=41017936 x12=10000ea8 x12:10000ea4  PA:10000ea4
15596615ns          260033 1c008a52 c817f7c3 fmadd.s          f15, f15, f1, f25   f15=xxxxxxxx f15:41017936  f1:4027386d f25:401a0d07
15596635ns          260034 1c008a56 00f6a22b p.sw             x15, 4(x13!)        x13=10000f48 x15:41bc66d9 x13:10000f44  PA:10000f44
15596675ns          260036 1c008a4a 0006ac83 lw               x25, 0(x13)         x25=4146c4c0 x13:10000f48  PA:10000f48
15596695ns          260037 1c008a4e 0046278b p.lw             x15, 4(x12!)        x15=40bdd336 x12=10000eac x12:10000ea8  PA:10000ea8
15596735ns          260039 1c008a52 c817f7c3 fmadd.s          f15, f15, f1, f25   f15=xxxxxxxx f15:40bdd336  f1:4027386d f25:4146c4c0
15596755ns          260040 1c008a56 00f6a22b p.sw             x15, 4(x13!)        x13=10000f4c x15:41df60ff x13:10000f48  PA:10000f48
15596775ns          260041 1c008a4a 0006ac83 lw               x25, 0(x13)         x25=4185c76e x13:10000f4c  PA:10000f4c
15596794ns          260042 1c008a4e 0046278b p.lw             x15, 4(x12!)        x15=bf102385 x12=10000eb0 x12:10000eac  PA:10000eac
15596834ns          260044 1c008a52 c817f7c3 fmadd.s          f15, f15, f1, f25   f15=xxxxxxxx f15:bf102385  f1:4027386d f25:4185c76e
15596854ns          260045 1c008a56 00f6a22b p.sw             x15, 4(x13!)        x13=10000f50 x15:41740520 x13:10000f4c  PA:10000f4c
15596874ns          260046 1c008a5a 00aa0a13 addi             x20, x20, 10        x20=00000026 x20:0000001c
15596894ns          260047 1c008a5c 028a8a93 addi             x21, x21, 40        x21=10000ec8 x21:10000ea0
15596914ns          260048 1c008a60 fd4bd3e3 bge              x23, x20, -58       x23:0000003a x20:00000026
15596993ns          260052 1c008a26 000aa083 lw               x1, 0(x21)           x1=3ff7779a x21:10000ec8  PA:10000ec8
15597013ns          260053 1c008a2a 014c07b3 add              x15, x24, x20       x15=00000028 x24:00000002 x20:00000026
15597033ns          260054 1c008a2e 201090d3 fsgnjn.s         f1, f1, f1           f1=xxxxxxxx  f1:3ff7779a  f1:3ff7779a
15597053ns          260055 1c008a32 0347c463 blt              x15, x20, 40        x15:00000028 x20:00000026
15597073ns          260056 1c008a36 ff8b0713 addi             x14, x22, -8        x14=00000008 x22:00000010
15597093ns          260057 1c008a3a 00275713 srli             x14, x14, 0x2       x14=00000002 x14:00000008
15597113ns          260058 1c008a3c 00488693 addi             x13, x17, 4         x13=10000f44 x17:10000f40
15597133ns          260059 1c008a40 004a8613 addi             x12, x21, 4         x12=10000ecc x21:10000ec8
15597152ns          260060 1c008a44 00170713 addi             x14, x14, 1         x14=00000003 x14:00000002
15597172ns          260061 1c008a46 008740fb lp.setup         0x1, x14, 0x8       x14:00000003
15597192ns          260062 1c008a4a 0006ac83 lw               x25, 0(x13)         x25=41bc66d9 x13:10000f44  PA:10000f44
15597212ns          260063 1c008a4e 0046278b p.lw             x15, 4(x12!)        x15=40306111 x12=10000ed0 x12:10000ecc  PA:10000ecc
15597272ns          260066 1c008a52 c817f7c3 fmadd.s          f15, f15, f1, f25   f15=xxxxxxxx f15:40306111  f1:bff7779a f25:41bc66d9
15597292ns          260067 1c008a56 00f6a22b p.sw             x15, 4(x13!)        x13=10000f48 x15:4191c6d5 x13:10000f44  PA:10000f44
15597312ns          260068 1c008a4a 0006ac83 lw               x25, 0(x13)         x25=41df60ff x13:10000f48  PA:10000f48
15597332ns          260069 1c008a4e 0046278b p.lw             x15, 4(x12!)        x15=3fac727b x12=10000ed4 x12:10000ed0  PA:10000ed0
15597371ns          260071 1c008a52 c817f7c3 fmadd.s          f15, f15, f1, f25   f15=xxxxxxxx f15:3fac727b  f1:bff7779a f25:41df60ff
15597391ns          260072 1c008a56 00f6a22b p.sw             x15, 4(x13!)        x13=10000f4c x15:41ca8a9e x13:10000f48  PA:10000f48
15597411ns          260073 1c008a4a 0006ac83 lw               x25, 0(x13)         x25=41740520 x13:10000f4c  PA:10000f4c
15597431ns          260074 1c008a4e 0046278b p.lw             x15, 4(x12!)        x15=bfe4aeec x12=10000ed8 x12:10000ed4  PA:10000ed4
15597471ns          260076 1c008a52 c817f7c3 fmadd.s          f15, f15, f1, f25   f15=xxxxxxxx f15:bfe4aeec  f1:bff7779a f25:41740520
15597491ns          260077 1c008a56 00f6a22b p.sw             x15, 4(x13!)        x13=10000f50 x15:4195a484 x13:10000f4c  PA:10000f4c
15597511ns          260078 1c008a5a 00aa0a13 addi             x20, x20, 10        x20=00000030 x20:00000026
15597530ns          260079 1c008a5c 028a8a93 addi             x21, x21, 40        x21=10000ef0 x21:10000ec8
15597550ns          260080 1c008a60 fd4bd3e3 bge              x23, x20, -58       x23:0000003a x20:00000030
15597630ns          260084 1c008a26 000aa083 lw               x1, 0(x21)           x1=bf94293c x21:10000ef0  PA:10000ef0
15597650ns          260085 1c008a2a 014c07b3 add              x15, x24, x20       x15=00000032 x24:00000002 x20:00000030
15597670ns          260086 1c008a2e 201090d3 fsgnjn.s         f1, f1, f1           f1=xxxxxxxx  f1:bf94293c  f1:bf94293c
15597690ns          260087 1c008a32 0347c463 blt              x15, x20, 40        x15:00000032 x20:00000030
15597709ns          260088 1c008a36 ff8b0713 addi             x14, x22, -8        x14=00000008 x22:00000010
15597729ns          260089 1c008a3a 00275713 srli             x14, x14, 0x2       x14=00000002 x14:00000008
15597749ns          260090 1c008a3c 00488693 addi             x13, x17, 4         x13=10000f44 x17:10000f40
15597769ns          260091 1c008a40 004a8613 addi             x12, x21, 4         x12=10000ef4 x21:10000ef0
15597789ns          260092 1c008a44 00170713 addi             x14, x14, 1         x14=00000003 x14:00000002
15597809ns          260093 1c008a46 008740fb lp.setup         0x1, x14, 0x8       x14:00000003
15597829ns          260094 1c008a4a 0006ac83 lw               x25, 0(x13)         x25=4191c6d5 x13:10000f44  PA:10000f44
15597849ns          260095 1c008a4e 0046278b p.lw             x15, 4(x12!)        x15=4098c1b1 x12=10000ef8 x12:10000ef4  PA:10000ef4
15597888ns          260097 1c008a52 c817f7c3 fmadd.s          f15, f15, f1, f25   f15=xxxxxxxx f15:4098c1b1  f1:3f94293c f25:4191c6d5
15597908ns          260098 1c008a56 00f6a22b p.sw             x15, 4(x13!)        x13=10000f48 x15:41bdfb20 x13:10000f44  PA:10000f44
15597948ns          260100 1c008a4a 0006ac83 lw               x25, 0(x13)         x25=41ca8a9e x13:10000f48  PA:10000f48
15597968ns          260101 1c008a4e 0046278b p.lw             x15, 4(x12!)        x15=4018ae7f x12=10000efc x12:10000ef8  PA:10000ef8
15598008ns          260103 1c008a52 c817f7c3 fmadd.s          f15, f15, f1, f25   f15=xxxxxxxx f15:4018ae7f  f1:3f94293c f25:41ca8a9e
15598028ns          260104 1c008a56 00f6a22b p.sw             x15, 4(x13!)        x13=10000f4c x15:41e0a1fc x13:10000f48  PA:10000f48
15598048ns          260105 1c008a4a 0006ac83 lw               x25, 0(x13)         x25=4195a484 x13:10000f4c  PA:10000f4c
15598067ns          260106 1c008a4e 0046278b p.lw             x15, 4(x12!)        x15=40941ab1 x12=10000f00 x12:10000efc  PA:10000efc
15598107ns          260108 1c008a52 c817f7c3 fmadd.s          f15, f15, f1, f25   f15=xxxxxxxx f15:40941ab1  f1:3f94293c f25:4195a484
15598127ns          260109 1c008a56 00f6a22b p.sw             x15, 4(x13!)        x13=10000f50 x15:41c08029 x13:10000f4c  PA:10000f4c
15598147ns          260110 1c008a5a 00aa0a13 addi             x20, x20, 10        x20=0000003a x20:00000030
15598167ns          260111 1c008a5c 028a8a93 addi             x21, x21, 40        x21=10000f18 x21:10000ef0
15598187ns          260112 1c008a60 fd4bd3e3 bge              x23, x20, -58       x23:0000003a x20:0000003a
15598266ns          260116 1c008a26 000aa083 lw               x1, 0(x21)           x1=c066b789 x21:10000f18  PA:10000f18
15598286ns          260117 1c008a2a 014c07b3 add              x15, x24, x20       x15=0000003c x24:00000002 x20:0000003a
15598306ns          260118 1c008a2e 201090d3 fsgnjn.s         f1, f1, f1           f1=xxxxxxxx  f1:c066b789  f1:c066b789
15598326ns          260119 1c008a32 0347c463 blt              x15, x20, 40        x15:0000003c x20:0000003a
15598346ns          260120 1c008a36 ff8b0713 addi             x14, x22, -8        x14=00000008 x22:00000010
15598366ns          260121 1c008a3a 00275713 srli             x14, x14, 0x2       x14=00000002 x14:00000008
15598386ns          260122 1c008a3c 00488693 addi             x13, x17, 4         x13=10000f44 x17:10000f40
15598406ns          260123 1c008a40 004a8613 addi             x12, x21, 4         x12=10000f1c x21:10000f18
15598425ns          260124 1c008a44 00170713 addi             x14, x14, 1         x14=00000003 x14:00000002
15598445ns          260125 1c008a46 008740fb lp.setup         0x1, x14, 0x8       x14:00000003
15598465ns          260126 1c008a4a 0006ac83 lw               x25, 0(x13)         x25=41bdfb20 x13:10000f44  PA:10000f44
15598485ns          260127 1c008a4e 0046278b p.lw             x15, 4(x12!)        x15=3b0f6f5d x12=10000f20 x12:10000f1c  PA:10000f1c
15598525ns          260129 1c008a52 c817f7c3 fmadd.s          f15, f15, f1, f25   f15=xxxxxxxx f15:3b0f6f5d  f1:4066b789 f25:41bdfb20
15598545ns          260130 1c008a56 00f6a22b p.sw             x15, 4(x13!)        x13=10000f48 x15:41be0b49 x13:10000f44  PA:10000f44
15598585ns          260132 1c008a4a 0006ac83 lw               x25, 0(x13)         x25=41e0a1fc x13:10000f48  PA:10000f48
15598605ns          260133 1c008a4e 0046278b p.lw             x15, 4(x12!)        x15=beef5175 x12=10000f24 x12:10000f20  PA:10000f20
15598644ns          260135 1c008a52 c817f7c3 fmadd.s          f15, f15, f1, f25   f15=xxxxxxxx f15:beef5175  f1:4066b789 f25:41e0a1fc
15598664ns          260136 1c008a56 00f6a22b p.sw             x15, 4(x13!)        x13=10000f4c x15:41d32710 x13:10000f48  PA:10000f48
15598684ns          260137 1c008a4a 0006ac83 lw               x25, 0(x13)         x25=41c08029 x13:10000f4c  PA:10000f4c
15598704ns          260138 1c008a4e 0046278b p.lw             x15, 4(x12!)        x15=bec69ffb x12=10000f28 x12:10000f24  PA:10000f24
15598744ns          260140 1c008a52 c817f7c3 fmadd.s          f15, f15, f1, f25   f15=xxxxxxxx f15:bec69ffb  f1:4066b789 f25:41c08029
15598764ns          260141 1c008a56 00f6a22b p.sw             x15, 4(x13!)        x13=10000f50 x15:41b55007 x13:10000f4c  PA:10000f4c
15598784ns          260142 1c008a5a 00aa0a13 addi             x20, x20, 10        x20=00000044 x20:0000003a
15598803ns          260143 1c008a5c 028a8a93 addi             x21, x21, 40        x21=10000f40 x21:10000f18
15598823ns          260144 1c008a60 fd4bd3e3 bge              x23, x20, -58       x23:0000003a x20:00000044
15598843ns          260145 1c008a64 00150513 addi             x10, x10, 1         x10=00000007 x10:00000006
15598863ns          260146 1c008a66 027507b3 mul              x15, x10, x7        x15=00000046 x10:00000007  x7:0000000a
15598883ns          260147 1c008a6a 190ff853 fdiv.s           f16, f31, f16       f16=xxxxxxxx f31:3f800000 f16:40b12343
15599042ns          260155 1c008a6e d6f5cbe3 blt              x11, x15, -650      x11:00000043 x15:00000046
15599142ns          260160 1c0087e4 00158693 addi             x13, x11, 1         x13=xxxxxxxx x11:00000043
15599181ns          260162 1c0087e8 00488713 addi             x14, x17, 4         x14=xxxxxxxx x17:10000f40
15599201ns          260163 1c0087ec 40b785b3 sub              x11, x15, x11       x11=xxxxxxxx x15:00000046 x11:00000043
15599221ns          260164 1c0087f0 3ad7c463 blt              x15, x13, 936       x15:00000046 x13:00000044
15599241ns          260165 1c0087f4 800006b7 lui              x13, 0x80000000     x13=xxxxxxxx
15599261ns          260166 1c0087f8 3ad78063 beq              x15, x13, 928       x15:00000046 x13:80000000
15599281ns          260167 1c0087fc 0055c0fb lp.setup         0x1, x11, 0x5       x11:00000003  PA:10000f44
15599301ns          260168 1c008800 00072783 lw               x15, 0(x14)         x15=41b55007 x14:10000f44
15599340ns          260170 1c008802 1107f7d3 fmul.s           f15, f15, f16       f15=xxxxxxxx f15:41be0b49 f16:3e38fc6a
15599360ns          260171 1c008806 00f7222b p.sw             x15, 4(x14!)        x14=10000f48 x15:4089537e x14:10000f44  PA:10000f44
15599380ns          260172 1c008800 00072783 lw               x15, 0(x14)         x15=xxxxxxxx x14:10000f48  PA:10000f48
15599420ns          260174 1c008802 1107f7d3 fmul.s           f15, f15, f16       f15=xxxxxxxx f15:41d32710 f16:3e38fc6a
15599440ns          260175 1c008806 00f7222b p.sw             x15, 4(x14!)        x14=10000f4c x15:40989445 x14:10000f48  PA:10000f48
15599460ns          260176 1c008800 00072783 lw               x15, 0(x14)         x15=xxxxxxxx x14:10000f4c  PA:10000f4c
15599500ns          260178 1c008802 1107f7d3 fmul.s           f15, f15, f16       f15=xxxxxxxx f15:41b55007 f16:3e38fc6a
15599519ns          260179 1c008806 00f7222b p.sw             x15, 4(x14!)        x14=10000f50 x15:4083044b x14:10000f4c  PA:10000f4c
15599539ns          260180 1c00880a 00be0e13 addi             x28, x28, 11        x28=0000004d x28:00000042
15599559ns          260181 1c00880c 02c88893 addi             x17, x17, 44        x17=10000f6c x17:10000f40
15599579ns          260182 1c008810 00430313 addi             x6, x6, 4            x6=10000e54  x6:10000e50
15599599ns          260183 1c008812 c6a53be3 p.bneimm         x10, -906           x10:00000007
15599659ns          260186 1c008488 32050f63 beq              x10, x0, 830        x10:00000007
15599679ns          260187 1c00848c 00032783 lw               x15, 0(x6)          x15=xxxxxxxx  x6:10000e54  PA:10000e54
15599738ns          260190 1c008490 e8f7f7c3 fmadd.s          f15, f15, f15, f29  f15=xxxxxxxx f15:4142d75f f15:4142d75f f29:00000000
15599778ns          260192 1c008494 2e152c63 p.beqimm         x10, 760            x10:00000007
15599798ns          260193 1c008498 02832703 lw               x14, 40(x6)         x14=405a274c  x6:10000e54  PA:10000e7c
15599838ns          260195 1c00849c 78e777c3 fmadd.s          f15, f14, f14, f15  f15=xxxxxxxx f14:405a274c f14:405a274c f15:43144b21
15599858ns          260196 1c0084a0 2e252663 p.beqimm         x10, 748            x10:00000007
15599878ns          260197 1c0084a4 05032703 lw               x14, 80(x6)         x14=41017936  x6:10000e54  PA:10000ea4
15599917ns          260199 1c0084a8 78e777c3 fmadd.s          f15, f14, f14, f15  f15=xxxxxxxx f14:41017936 f14:41017936 f15:431fe990
15599937ns          260200 1c0084ac 2e352063 p.beqimm         x10, 736            x10:00000007
15599957ns          260201 1c0084b0 07832703 lw               x14, 120(x6)        x14=40306111  x6:10000e54  PA:10000ecc
15599997ns          260203 1c0084b4 78e777c3 fmadd.s          f15, f14, f14, f15  f15=xxxxxxxx f14:40306111 f14:40306111 f15:436164f2
15600017ns          260204 1c0084b8 2c452a63 p.beqimm         x10, 724            x10:00000007
15600037ns          260205 1c0084bc 0a032703 lw               x14, 160(x6)        x14=4098c1b1  x6:10000e54  PA:10000ef4
15600076ns          260207 1c0084c0 78e777c3 fmadd.s          f15, f14, f14, f15  f15=xxxxxxxx f14:4098c1b1 f14:4098c1b1 f15:4368fd4c
15600096ns          260208 1c0084c4 2c552463 p.beqimm         x10, 712            x10:00000007
15600116ns          260209 1c0084c8 0c832703 lw               x14, 200(x6)        x14=3b0f6f5d  x6:10000e54  PA:10000f1c
15600156ns          260211 1c0084cc 78e777c3 fmadd.s          f15, f14, f14, f15  f15=xxxxxxxx f14:3b0f6f5d f14:3b0f6f5d f15:437fc6f1
15600176ns          260212 1c0084d0 2a652e63 p.beqimm         x10, 700            x10:00000007
15600196ns          260213 1c0084d4 0f032703 lw               x14, 240(x6)        x14=4089537e  x6:10000e54  PA:10000f44
15600236ns          260215 1c0084d8 78e777c3 fmadd.s          f15, f14, f14, f15  f15=xxxxxxxx f14:4089537e f14:4089537e f15:437fc6f1
15600255ns          260216 1c0084dc 2a752863 p.beqimm         x10, 688            x10:00000007
15600315ns          260219 1c00878c 0008a803 lw               x16, 0(x17)         x16=43b10d9c x17:10000f6c  PA:10000f6c
15600355ns          260221 1c008790 08f877d3 fsub.s           f15, f16, f15       f15=xxxxxxxx f16:43b10d9c f15:438918c8
15600375ns          260222 1c008794 a0fe9753 flt.s            x14, f29, f15       x14=00000001 f29:00000000 f15:429fd350
15600395ns          260223 1c008798 24071f63 bne              x14, x0, 606        x14:00000001
15600474ns          260227 1c0089f6 025505b3 mul              x11, x10, x5        x11=0000004d x10:00000007  x5:0000000b
15600494ns          260228 1c0089fa 5807f853 fsqrt.s          f16, f15            f16=xxxxxxxx f15:429fd350
15600514ns          260229 1c0089fe ff858b93 addi             x23, x11, -8        x23=xxxxxxxx x11:0000004d
15600773ns          260242 1c008a02 0108a023 sw               x16, 0(x17)         x16:410f07bf x17:10000f6c  PA:10000f6c
15600792ns          260243 1c008a06 00250a13 addi             x20, x10, 2         x20=00000009 x10:00000007
15600812ns          260244 1c008a0a 00158593 addi             x11, x11, 1         x11=0000004e x11:0000004d
15600832ns          260245 1c008a0c 054bcc63 blt              x23, x20, 88        x23:00000045 x20:00000009
15600852ns          260246 1c008a10 00251a93 slli             x21, x10, 0x2       x21=0000001c x10:00000007
15600872ns          260247 1c008a14 03350b33 mul              x22, x10, x19       x22=ffffffe4 x10:00000007 x19:fffffffc
15600892ns          260248 1c008a18 00010793 addi             x15, x2, 0          x15=10000e38  x2:10000e38
15600912ns          260249 1c008a1c 00fa8ab3 add              x21, x21, x15       x21=10000e54 x21:0000001c x15:10000e38
15600932ns          260250 1c008a1e 40a90c33 sub              x24, x18, x10       x24=00000001 x18:00000008 x10:00000007
15600952ns          260251 1c008a22 028b0b13 addi             x22, x22, 40        x22=0000000c x22:ffffffe4
15600972ns          260252 1c008a26 000aa083 lw               x1, 0(x21)           x1=xxxxxxxx x21:10000e54  PA:10000e54
15600991ns          260253 1c008a2a 014c07b3 add              x15, x24, x20       x15=0000000a x24:00000001 x20:00000009
15601011ns          260254 1c008a2e 201090d3 fsgnjn.s         f1, f1, f1           f1=xxxxxxxx  f1:4142d75f  f1:4142d75f
15601031ns          260255 1c008a32 0347c463 blt              x15, x20, 40        x15:0000000a x20:00000009
15601051ns          260256 1c008a36 ff8b0713 addi             x14, x22, -8        x14=00000004 x22:0000000c
15601071ns          260257 1c008a3a 00275713 srli             x14, x14, 0x2       x14=00000001 x14:00000004
15601091ns          260258 1c008a3c 00488693 addi             x13, x17, 4         x13=10000f70 x17:10000f6c
15601111ns          260259 1c008a40 004a8613 addi             x12, x21, 4         x12=10000e58 x21:10000e54
15601131ns          260260 1c008a44 00170713 addi             x14, x14, 1         x14=00000002 x14:00000001
15601151ns          260261 1c008a46 008740fb lp.setup         0x1, x14, 0x8       x14:00000002
15601170ns          260262 1c008a4a 0006ac83 lw               x25, 0(x13)         x25=xxxxxxxx x13:10000f70  PA:10000f70
15601190ns          260263 1c008a4e 0046278b p.lw             x15, 4(x12!)        x15=xxxxxxxx x12=10000e5c x12:10000e58  PA:10000e58
15601230ns          260265 1c008a52 c817f7c3 fmadd.s          f15, f15, f1, f25   f15=xxxxxxxx f15:40e150c1  f1:c142d75f f25:433662b4
15601250ns          260266 1c008a56 00f6a22b p.sw             x15, 4(x13!)        x13=10000f74 x15:42c148a7 x13:10000f70  PA:10000f70
15601270ns          260267 1c008a4a 0006ac83 lw               x25, 0(x13)         x25=4318cf2d x13:10000f74  PA:10000f74
15601290ns          260268 1c008a4e 0046278b p.lw             x15, 4(x12!)        x15=409c6fe2 x12=10000e60 x12:10000e5c  PA:10000e5c
15601330ns          260270 1c008a52 c817f7c3 fmadd.s          f15, f15, f1, f25   f15=xxxxxxxx f15:409c6fe2  f1:c142d75f f25:4318cf2d
15601349ns          260271 1c008a56 00f6a22b p.sw             x15, 4(x13!)        x13=10000f78 x15:42ba8df5 x13:10000f74  PA:10000f74
15601369ns          260272 1c008a5a 00aa0a13 addi             x20, x20, 10        x20=00000013 x20:00000009
15601389ns          260273 1c008a5c 028a8a93 addi             x21, x21, 40        x21=10000e7c x21:10000e54
15601409ns          260274 1c008a60 fd4bd3e3 bge              x23, x20, -58       x23:00000045 x20:00000013
15601489ns          260278 1c008a26 000aa083 lw               x1, 0(x21)           x1=405a274c x21:10000e7c  PA:10000e7c
15601509ns          260279 1c008a2a 014c07b3 add              x15, x24, x20       x15=00000014 x24:00000001 x20:00000013
15601528ns          260280 1c008a2e 201090d3 fsgnjn.s         f1, f1, f1           f1=xxxxxxxx  f1:405a274c  f1:405a274c
15601548ns          260281 1c008a32 0347c463 blt              x15, x20, 40        x15:00000014 x20:00000013
15601568ns          260282 1c008a36 ff8b0713 addi             x14, x22, -8        x14=00000004 x22:0000000c
15601588ns          260283 1c008a3a 00275713 srli             x14, x14, 0x2       x14=00000001 x14:00000004
15601608ns          260284 1c008a3c 00488693 addi             x13, x17, 4         x13=10000f70 x17:10000f6c
15601628ns          260285 1c008a40 004a8613 addi             x12, x21, 4         x12=10000e80 x21:10000e7c
15601648ns          260286 1c008a44 00170713 addi             x14, x14, 1         x14=00000002 x14:00000001
15601668ns          260287 1c008a46 008740fb lp.setup         0x1, x14, 0x8       x14:00000002
15601688ns          260288 1c008a4a 0006ac83 lw               x25, 0(x13)         x25=42c148a7 x13:10000f70  PA:10000f70
15601707ns          260289 1c008a4e 0046278b p.lw             x15, 4(x12!)        x15=40f26b29 x12=10000e84 x12:10000e80  PA:10000e80
15601747ns          260291 1c008a52 c817f7c3 fmadd.s          f15, f15, f1, f25   f15=xxxxxxxx f15:40f26b29  f1:c05a274c f25:42c148a7
15601767ns          260292 1c008a56 00f6a22b p.sw             x15, 4(x13!)        x13=10000f74 x15:428da389 x13:10000f70  PA:10000f70
15601807ns          260294 1c008a4a 0006ac83 lw               x25, 0(x13)         x25=42ba8df5 x13:10000f74  PA:10000f74
15601827ns          260295 1c008a4e 0046278b p.lw             x15, 4(x12!)        x15=40e41620 x12=10000e88 x12:10000e84  PA:10000e84
15601867ns          260297 1c008a52 c817f7c3 fmadd.s          f15, f15, f1, f25   f15=xxxxxxxx f15:40e41620  f1:c05a274c f25:42ba8df5
15601886ns          260298 1c008a56 00f6a22b p.sw             x15, 4(x13!)        x13=10000f78 x15:4289f67e x13:10000f74  PA:10000f74
15601906ns          260299 1c008a5a 00aa0a13 addi             x20, x20, 10        x20=0000001d x20:00000013
15601926ns          260300 1c008a5c 028a8a93 addi             x21, x21, 40        x21=10000ea4 x21:10000e7c
15601946ns          260301 1c008a60 fd4bd3e3 bge              x23, x20, -58       x23:00000045 x20:0000001d
15602026ns          260305 1c008a26 000aa083 lw               x1, 0(x21)           x1=41017936 x21:10000ea4  PA:10000ea4
15602046ns          260306 1c008a2a 014c07b3 add              x15, x24, x20       x15=0000001e x24:00000001 x20:0000001d
15602066ns          260307 1c008a2e 201090d3 fsgnjn.s         f1, f1, f1           f1=xxxxxxxx  f1:41017936  f1:41017936
15602085ns          260308 1c008a32 0347c463 blt              x15, x20, 40        x15:0000001e x20:0000001d
15602105ns          260309 1c008a36 ff8b0713 addi             x14, x22, -8        x14=00000004 x22:0000000c
15602125ns          260310 1c008a3a 00275713 srli             x14, x14, 0x2       x14=00000001 x14:00000004
15602145ns          260311 1c008a3c 00488693 addi             x13, x17, 4         x13=10000f70 x17:10000f6c
15602165ns          260312 1c008a40 004a8613 addi             x12, x21, 4         x12=10000ea8 x21:10000ea4
15602185ns          260313 1c008a44 00170713 addi             x14, x14, 1         x14=00000002 x14:00000001
15602205ns          260314 1c008a46 008740fb lp.setup         0x1, x14, 0x8       x14:00000002
15602225ns          260315 1c008a4a 0006ac83 lw               x25, 0(x13)         x25=428da389 x13:10000f70  PA:10000f70
15602245ns          260316 1c008a4e 0046278b p.lw             x15, 4(x12!)        x15=40bdd336 x12=10000eac x12:10000ea8  PA:10000ea8
15602284ns          260318 1c008a52 c817f7c3 fmadd.s          f15, f15, f1, f25   f15=xxxxxxxx f15:40bdd336  f1:c1017936 f25:428da389
15602304ns          260319 1c008a56 00f6a22b p.sw             x15, 4(x13!)        x13=10000f74 x15:41b688e8 x13:10000f70  PA:10000f70
15602344ns          260321 1c008a4a 0006ac83 lw               x25, 0(x13)         x25=4289f67e x13:10000f74  PA:10000f74
15602364ns          260322 1c008a4e 0046278b p.lw             x15, 4(x12!)        x15=bf102385 x12=10000eb0 x12:10000eac  PA:10000eac
15602404ns          260324 1c008a52 c817f7c3 fmadd.s          f15, f15, f1, f25   f15=xxxxxxxx f15:bf102385  f1:c1017936 f25:4289f67e
15602424ns          260325 1c008a56 00f6a22b p.sw             x15, 4(x13!)        x13=10000f78 x15:42931343 x13:10000f74  PA:10000f74
15602443ns          260326 1c008a5a 00aa0a13 addi             x20, x20, 10        x20=00000027 x20:0000001d
15602463ns          260327 1c008a5c 028a8a93 addi             x21, x21, 40        x21=10000ecc x21:10000ea4
15602483ns          260328 1c008a60 fd4bd3e3 bge              x23, x20, -58       x23:00000045 x20:00000027
15602563ns          260332 1c008a26 000aa083 lw               x1, 0(x21)           x1=40306111 x21:10000ecc  PA:10000ecc
15602583ns          260333 1c008a2a 014c07b3 add              x15, x24, x20       x15=00000028 x24:00000001 x20:00000027
15602603ns          260334 1c008a2e 201090d3 fsgnjn.s         f1, f1, f1           f1=xxxxxxxx  f1:40306111  f1:40306111
15602622ns          260335 1c008a32 0347c463 blt              x15, x20, 40        x15:00000028 x20:00000027
15602642ns          260336 1c008a36 ff8b0713 addi             x14, x22, -8        x14=00000004 x22:0000000c
15602662ns          260337 1c008a3a 00275713 srli             x14, x14, 0x2       x14=00000001 x14:00000004
15602682ns          260338 1c008a3c 00488693 addi             x13, x17, 4         x13=10000f70 x17:10000f6c
15602702ns          260339 1c008a40 004a8613 addi             x12, x21, 4         x12=10000ed0 x21:10000ecc
15602722ns          260340 1c008a44 00170713 addi             x14, x14, 1         x14=00000002 x14:00000001
15602742ns          260341 1c008a46 008740fb lp.setup         0x1, x14, 0x8       x14:00000002
15602762ns          260342 1c008a4a 0006ac83 lw               x25, 0(x13)         x25=41b688e8 x13:10000f70  PA:10000f70
15602782ns          260343 1c008a4e 0046278b p.lw             x15, 4(x12!)        x15=3fac727b x12=10000ed4 x12:10000ed0  PA:10000ed0
15602821ns          260345 1c008a52 c817f7c3 fmadd.s          f15, f15, f1, f25   f15=xxxxxxxx f15:3fac727b  f1:c0306111 f25:41b688e8
15602841ns          260346 1c008a56 00f6a22b p.sw             x15, 4(x13!)        x13=10000f74 x15:4198d4e2 x13:10000f70  PA:10000f70
15602881ns          260348 1c008a4a 0006ac83 lw               x25, 0(x13)         x25=42931343 x13:10000f74  PA:10000f74
15602901ns          260349 1c008a4e 0046278b p.lw             x15, 4(x12!)        x15=bfe4aeec x12=10000ed8 x12:10000ed4  PA:10000ed4
15602941ns          260351 1c008a52 c817f7c3 fmadd.s          f15, f15, f1, f25   f15=xxxxxxxx f15:bfe4aeec  f1:c0306111 f25:42931343
15602961ns          260352 1c008a56 00f6a22b p.sw             x15, 4(x13!)        x13=10000f78 x15:429cec32 x13:10000f74  PA:10000f74
15602980ns          260353 1c008a5a 00aa0a13 addi             x20, x20, 10        x20=00000031 x20:00000027
15603000ns          260354 1c008a5c 028a8a93 addi             x21, x21, 40        x21=10000ef4 x21:10000ecc
15603020ns          260355 1c008a60 fd4bd3e3 bge              x23, x20, -58       x23:00000045 x20:00000031
15603100ns          260359 1c008a26 000aa083 lw               x1, 0(x21)           x1=4098c1b1 x21:10000ef4  PA:10000ef4
15603120ns          260360 1c008a2a 014c07b3 add              x15, x24, x20       x15=00000032 x24:00000001 x20:00000031
15603140ns          260361 1c008a2e 201090d3 fsgnjn.s         f1, f1, f1           f1=xxxxxxxx  f1:4098c1b1  f1:4098c1b1
15603159ns          260362 1c008a32 0347c463 blt              x15, x20, 40        x15:00000032 x20:00000031
15603179ns          260363 1c008a36 ff8b0713 addi             x14, x22, -8        x14=00000004 x22:0000000c
15603199ns          260364 1c008a3a 00275713 srli             x14, x14, 0x2       x14=00000001 x14:00000004
15603219ns          260365 1c008a3c 00488693 addi             x13, x17, 4         x13=10000f70 x17:10000f6c
15603239ns          260366 1c008a40 004a8613 addi             x12, x21, 4         x12=10000ef8 x21:10000ef4
15603259ns          260367 1c008a44 00170713 addi             x14, x14, 1         x14=00000002 x14:00000001
15603279ns          260368 1c008a46 008740fb lp.setup         0x1, x14, 0x8       x14:00000002
15603299ns          260369 1c008a4a 0006ac83 lw               x25, 0(x13)         x25=4198d4e2 x13:10000f70  PA:10000f70
15603319ns          260370 1c008a4e 0046278b p.lw             x15, 4(x12!)        x15=4018ae7f x12=10000efc x12:10000ef8  PA:10000ef8
15603358ns          260372 1c008a52 c817f7c3 fmadd.s          f15, f15, f1, f25   f15=xxxxxxxx f15:4018ae7f  f1:c098c1b1 f25:4198d4e2
15603378ns          260373 1c008a56 00f6a22b p.sw             x15, 4(x13!)        x13=10000f74 x15:40f6e706 x13:10000f70  PA:10000f70
15603418ns          260375 1c008a4a 0006ac83 lw               x25, 0(x13)         x25=429cec32 x13:10000f74  PA:10000f74
15603438ns          260376 1c008a4e 0046278b p.lw             x15, 4(x12!)        x15=40941ab1 x12=10000f00 x12:10000efc  PA:10000efc
15603478ns          260378 1c008a52 c817f7c3 fmadd.s          f15, f15, f1, f25   f15=xxxxxxxx f15:40941ab1  f1:c098c1b1 f25:429cec32
15603498ns          260379 1c008a56 00f6a22b p.sw             x15, 4(x13!)        x13=10000f78 x15:4261787c x13:10000f74  PA:10000f74
15603518ns          260380 1c008a5a 00aa0a13 addi             x20, x20, 10        x20=0000003b x20:00000031
15603537ns          260381 1c008a5c 028a8a93 addi             x21, x21, 40        x21=10000f1c x21:10000ef4
15603557ns          260382 1c008a60 fd4bd3e3 bge              x23, x20, -58       x23:00000045 x20:0000003b
15603637ns          260386 1c008a26 000aa083 lw               x1, 0(x21)           x1=3b0f6f5d x21:10000f1c  PA:10000f1c
15603657ns          260387 1c008a2a 014c07b3 add              x15, x24, x20       x15=0000003c x24:00000001 x20:0000003b
15603677ns          260388 1c008a2e 201090d3 fsgnjn.s         f1, f1, f1           f1=xxxxxxxx  f1:3b0f6f5d  f1:3b0f6f5d
15603697ns          260389 1c008a32 0347c463 blt              x15, x20, 40        x15:0000003c x20:0000003b
15603716ns          260390 1c008a36 ff8b0713 addi             x14, x22, -8        x14=00000004 x22:0000000c
15603736ns          260391 1c008a3a 00275713 srli             x14, x14, 0x2       x14=00000001 x14:00000004
15603756ns          260392 1c008a3c 00488693 addi             x13, x17, 4         x13=10000f70 x17:10000f6c
15603776ns          260393 1c008a40 004a8613 addi             x12, x21, 4         x12=10000f20 x21:10000f1c
15603796ns          260394 1c008a44 00170713 addi             x14, x14, 1         x14=00000002 x14:00000001
15603816ns          260395 1c008a46 008740fb lp.setup         0x1, x14, 0x8       x14:00000002
15603836ns          260396 1c008a4a 0006ac83 lw               x25, 0(x13)         x25=40f6e706 x13:10000f70  PA:10000f70
15603856ns          260397 1c008a4e 0046278b p.lw             x15, 4(x12!)        x15=beef5175 x12=10000f24 x12:10000f20  PA:10000f20
15603895ns          260399 1c008a52 c817f7c3 fmadd.s          f15, f15, f1, f25   f15=xxxxxxxx f15:beef5175  f1:bb0f6f5d f25:40f6e706
15603915ns          260400 1c008a56 00f6a22b p.sw             x15, 4(x13!)        x13=10000f74 x15:40f6ef67 x13:10000f70  PA:10000f70
15603955ns          260402 1c008a4a 0006ac83 lw               x25, 0(x13)         x25=4261787c x13:10000f74  PA:10000f74
15603975ns          260403 1c008a4e 0046278b p.lw             x15, 4(x12!)        x15=bec69ffb x12=10000f28 x12:10000f24  PA:10000f24
15604015ns          260405 1c008a52 c817f7c3 fmadd.s          f15, f15, f1, f25   f15=xxxxxxxx f15:bec69ffb  f1:bb0f6f5d f25:4261787c
15604035ns          260406 1c008a56 00f6a22b p.sw             x15, 4(x13!)        x13=10000f78 x15:4261795b x13:10000f74  PA:10000f74
15604055ns          260407 1c008a5a 00aa0a13 addi             x20, x20, 10        x20=00000045 x20:0000003b
15604074ns          260408 1c008a5c 028a8a93 addi             x21, x21, 40        x21=10000f44 x21:10000f1c
15604094ns          260409 1c008a60 fd4bd3e3 bge              x23, x20, -58       x23:00000045 x20:00000045
15604174ns          260413 1c008a26 000aa083 lw               x1, 0(x21)           x1=4089537e x21:10000f44  PA:10000f44
15604194ns          260414 1c008a2a 014c07b3 add              x15, x24, x20       x15=00000046 x24:00000001 x20:00000045
15604214ns          260415 1c008a2e 201090d3 fsgnjn.s         f1, f1, f1           f1=xxxxxxxx  f1:4089537e  f1:4089537e
15604234ns          260416 1c008a32 0347c463 blt              x15, x20, 40        x15:00000046 x20:00000045
15604253ns          260417 1c008a36 ff8b0713 addi             x14, x22, -8        x14=00000004 x22:0000000c
15604273ns          260418 1c008a3a 00275713 srli             x14, x14, 0x2       x14=00000001 x14:00000004
15604293ns          260419 1c008a3c 00488693 addi             x13, x17, 4         x13=10000f70 x17:10000f6c
15604313ns          260420 1c008a40 004a8613 addi             x12, x21, 4         x12=10000f48 x21:10000f44
15604333ns          260421 1c008a44 00170713 addi             x14, x14, 1         x14=00000002 x14:00000001
15604353ns          260422 1c008a46 008740fb lp.setup         0x1, x14, 0x8       x14:00000002
15604373ns          260423 1c008a4a 0006ac83 lw               x25, 0(x13)         x25=40f6ef67 x13:10000f70  PA:10000f70
15604393ns          260424 1c008a4e 0046278b p.lw             x15, 4(x12!)        x15=40989445 x12=10000f4c x12:10000f48  PA:10000f48
15604432ns          260426 1c008a52 c817f7c3 fmadd.s          f15, f15, f1, f25   f15=xxxxxxxx f15:40989445  f1:c089537e f25:40f6ef67
15604452ns          260427 1c008a56 00f6a22b p.sw             x15, 4(x13!)        x13=10000f74 x15:c14becbd x13:10000f70  PA:10000f70
15604492ns          260429 1c008a4a 0006ac83 lw               x25, 0(x13)         x25=4261795b x13:10000f74  PA:10000f74
15604532ns          260431 1c008a4e 0046278b p.lw             x15, 4(x12!)        x15=4083044b x12=10000f50 x12:10000f4c  PA:10000f4c
15604572ns          260433 1c008a52 c817f7c3 fmadd.s          f15, f15, f1, f25   f15=xxxxxxxx f15:4083044b  f1:c089537e f25:4261795b
15604592ns          260434 1c008a56 00f6a22b p.sw             x15, 4(x13!)        x13=10000f78 x15:421b3154 x13:10000f74  PA:10000f74
15604612ns          260435 1c008a5a 00aa0a13 addi             x20, x20, 10        x20=0000004f x20:00000045
15604631ns          260436 1c008a5c 028a8a93 addi             x21, x21, 40        x21=10000f6c x21:10000f44
15604651ns          260437 1c008a60 fd4bd3e3 bge              x23, x20, -58       x23:00000045 x20:0000004f
15604671ns          260438 1c008a64 00150513 addi             x10, x10, 1         x10=00000008 x10:00000007
15604691ns          260439 1c008a66 027507b3 mul              x15, x10, x7        x15=00000050 x10:00000008  x7:0000000a
15604711ns          260440 1c008a6a 190ff853 fdiv.s           f16, f31, f16       f16=xxxxxxxx f31:3f800000 f16:410f07bf
15604731ns          260441 1c008a6e d6f5cbe3 blt              x11, x15, -650      x11:0000004e x15:00000050
15604830ns          260446 1c0087e4 00158693 addi             x13, x11, 1         x13=xxxxxxxx x11:0000004e
15604870ns          260448 1c0087e8 00488713 addi             x14, x17, 4         x14=xxxxxxxx x17:10000f6c
15604890ns          260449 1c0087ec 40b785b3 sub              x11, x15, x11       x11=xxxxxxxx x15:00000050 x11:0000004e
15604910ns          260450 1c0087f0 3ad7c463 blt              x15, x13, 936       x15:00000050 x13:0000004f
15604930ns          260451 1c0087f4 800006b7 lui              x13, 0x80000000     x13=xxxxxxxx
15604950ns          260452 1c0087f8 3ad78063 beq              x15, x13, 928       x15:00000050 x13:80000000
15604970ns          260453 1c0087fc 0055c0fb lp.setup         0x1, x11, 0x5       x11:00000002  PA:10000f70
15604989ns          260454 1c008800 00072783 lw               x15, 0(x14)         x15=xxxxxxxx x14:10000f70
15605029ns          260456 1c008802 1107f7d3 fmul.s           f15, f15, f16       f15=xxxxxxxx f15:c14becbd f16:3de5192f
15605049ns          260457 1c008806 00f7222b p.sw             x15, 4(x14!)        x14=10000f74 x15:bfb67ed5 x14:10000f70  PA:10000f70
15605069ns          260458 1c008800 00072783 lw               x15, 0(x14)         x15=xxxxxxxx x14:10000f74  PA:10000f74
15605109ns          260460 1c008802 1107f7d3 fmul.s           f15, f15, f16       f15=xxxxxxxx f15:421b3154 f16:3de5192f
15605129ns          260461 1c008806 00f7222b p.sw             x15, 4(x14!)        x14=10000f78 x15:408ae264 x14:10000f74  PA:10000f74
15605149ns          260462 1c00880a 00be0e13 addi             x28, x28, 11        x28=00000058 x28:0000004d
15605168ns          260463 1c00880c 02c88893 addi             x17, x17, 44        x17=10000f98 x17:10000f6c
15605188ns          260464 1c008810 00430313 addi             x6, x6, 4            x6=10000e58  x6:10000e54
15605208ns          260465 1c008812 c6a53be3 p.bneimm         x10, -906           x10:00000008
15605328ns          260471 1c008488 32050f63 beq              x10, x0, 830        x10:00000008
15605347ns          260472 1c00848c 00032783 lw               x15, 0(x6)          x15=xxxxxxxx  x6:10000e58  PA:10000e58
15605387ns          260474 1c008490 e8f7f7c3 fmadd.s          f15, f15, f15, f29  f15=xxxxxxxx f15:40e150c1 f15:40e150c1 f29:00000000
15605407ns          260475 1c008494 2e152c63 p.beqimm         x10, 760            x10:00000008
15605427ns          260476 1c008498 02832703 lw               x14, 40(x6)         x14=40f26b29  x6:10000e58  PA:10000e80
15605467ns          260478 1c00849c 78e777c3 fmadd.s          f15, f14, f14, f15  f15=xxxxxxxx f14:40f26b29 f14:40f26b29 f15:42464f0d
15605487ns          260479 1c0084a0 2e252663 p.beqimm         x10, 748            x10:00000008
15605507ns          260480 1c0084a4 05032703 lw               x14, 80(x6)         x14=40bdd336  x6:10000e58  PA:10000ea8
15605546ns          260482 1c0084a8 78e777c3 fmadd.s          f15, f14, f14, f15  f15=xxxxxxxx f14:40bdd336 f14:40bdd336 f15:42d5eeea
15605566ns          260483 1c0084ac 2e352063 p.beqimm         x10, 736            x10:00000008
15605586ns          260484 1c0084b0 07832703 lw               x14, 120(x6)        x14=3fac727b  x6:10000e58  PA:10000ed0
15605626ns          260486 1c0084b4 78e777c3 fmadd.s          f15, f14, f14, f15  f15=xxxxxxxx f14:3fac727b f14:3fac727b f15:430e27d8
15605646ns          260487 1c0084b8 2c452a63 p.beqimm         x10, 724            x10:00000008
15605666ns          260488 1c0084bc 0a032703 lw               x14, 160(x6)        x14=4018ae7f  x6:10000e58  PA:10000ef8
15605706ns          260490 1c0084c0 78e777c3 fmadd.s          f15, f14, f14, f15  f15=xxxxxxxx f14:4018ae7f f14:4018ae7f f15:430ff880
15605725ns          260491 1c0084c4 2c552463 p.beqimm         x10, 712            x10:00000008
15605745ns          260492 1c0084c8 0c832703 lw               x14, 200(x6)        x14=beef5175  x6:10000e58  PA:10000f20
15605785ns          260494 1c0084cc 78e777c3 fmadd.s          f15, f14, f14, f15  f15=xxxxxxxx f14:beef5175 f14:beef5175 f15:4315a97b
15605805ns          260495 1c0084d0 2a652e63 p.beqimm         x10, 700            x10:00000008
15605825ns          260496 1c0084d4 0f032703 lw               x14, 240(x6)        x14=40989445  x6:10000e58  PA:10000f48
15605865ns          260498 1c0084d8 78e777c3 fmadd.s          f15, f14, f14, f15  f15=xxxxxxxx f14:40989445 f14:40989445 f15:4315e169
15605885ns          260499 1c0084dc 2a752863 p.beqimm         x10, 688            x10:00000008
15605904ns          260500 1c0084e0 11832703 lw               x14, 280(x6)        x14=bfb67ed5  x6:10000e58  PA:10000f70
15605944ns          260502 1c0084e4 78e777c3 fmadd.s          f15, f14, f14, f15  f15=xxxxxxxx f14:bfb67ed5 f14:bfb67ed5 f15:432c9d83
15605964ns          260503 1c0084e8 2a953263 p.bneimm         x10, 676            x10:00000008
15606044ns          260507 1c00878c 0008a803 lw               x16, 0(x17)         x16=433fdabf x17:10000f98  PA:10000f98
15606083ns          260509 1c008790 08f877d3 fsub.s           f15, f16, f15       f15=xxxxxxxx f16:433fdabf f15:432ea5e5
15606103ns          260510 1c008794 a0fe9753 flt.s            x14, f29, f15       x14=00000001 f29:00000000 f15:4189a6d0
15606123ns          260511 1c008798 24071f63 bne              x14, x0, 606        x14:00000001
15606243ns          260517 1c0089f6 025505b3 mul              x11, x10, x5        x11=00000058 x10:00000008  x5:0000000b
15606262ns          260518 1c0089fa 5807f853 fsqrt.s          f16, f15            f16=xxxxxxxx f15:4189a6d0
15606282ns          260519 1c0089fe ff858b93 addi             x23, x11, -8        x23=xxxxxxxx x11:00000058
15606541ns          260532 1c008a02 0108a023 sw               x16, 0(x17)         x16:4084bcf5 x17:10000f98  PA:10000f98
15606561ns          260533 1c008a06 00250a13 addi             x20, x10, 2         x20=0000000a x10:00000008
15606581ns          260534 1c008a0a 00158593 addi             x11, x11, 1         x11=00000059 x11:00000058
15606601ns          260535 1c008a0c 054bcc63 blt              x23, x20, 88        x23:00000050 x20:0000000a
15606620ns          260536 1c008a10 00251a93 slli             x21, x10, 0x2       x21=00000020 x10:00000008
15606640ns          260537 1c008a14 03350b33 mul              x22, x10, x19       x22=ffffffe0 x10:00000008 x19:fffffffc
15606660ns          260538 1c008a18 00010793 addi             x15, x2, 0          x15=10000e38  x2:10000e38
15606680ns          260539 1c008a1c 00fa8ab3 add              x21, x21, x15       x21=10000e58 x21:00000020 x15:10000e38
15606700ns          260540 1c008a1e 40a90c33 sub              x24, x18, x10       x24=00000000 x18:00000008 x10:00000008
15606720ns          260541 1c008a22 028b0b13 addi             x22, x22, 40        x22=00000008 x22:ffffffe0
15606740ns          260542 1c008a26 000aa083 lw               x1, 0(x21)           x1=xxxxxxxx x21:10000e58  PA:10000e58
15606760ns          260543 1c008a2a 014c07b3 add              x15, x24, x20       x15=0000000a x24:00000000 x20:0000000a
15606780ns          260544 1c008a2e 201090d3 fsgnjn.s         f1, f1, f1           f1=xxxxxxxx  f1:40e150c1  f1:40e150c1
15606799ns          260545 1c008a32 0347c463 blt              x15, x20, 40        x15:0000000a x20:0000000a
15606819ns          260546 1c008a36 ff8b0713 addi             x14, x22, -8        x14=00000000 x22:00000008
15606839ns          260547 1c008a3a 00275713 srli             x14, x14, 0x2       x14=00000000 x14:00000000
15606859ns          260548 1c008a3c 00488693 addi             x13, x17, 4         x13=10000f9c x17:10000f98
15606879ns          260549 1c008a40 004a8613 addi             x12, x21, 4         x12=10000e5c x21:10000e58
15606899ns          260550 1c008a44 00170713 addi             x14, x14, 1         x14=00000001 x14:00000000
15606919ns          260551 1c008a46 008740fb lp.setup         0x1, x14, 0x8       x14:00000001
15606939ns          260552 1c008a4a 0006ac83 lw               x25, 0(x13)         x25=xxxxxxxx x13:10000f9c  PA:10000f9c
15606959ns          260553 1c008a4e 0046278b p.lw             x15, 4(x12!)        x15=xxxxxxxx x12=10000e60 x12:10000e5c  PA:10000e5c
15606998ns          260555 1c008a52 c817f7c3 fmadd.s          f15, f15, f1, f25   f15=xxxxxxxx f15:409c6fe2  f1:c0e150c1 f25:42f48277
15607018ns          260556 1c008a56 00f6a22b p.sw             x15, 4(x13!)        x13=10000fa0 x15:42afaaa0 x13:10000f9c  PA:10000f9c
15607038ns          260557 1c008a5a 00aa0a13 addi             x20, x20, 10        x20=00000014 x20:0000000a
15607058ns          260558 1c008a5c 028a8a93 addi             x21, x21, 40        x21=10000e80 x21:10000e58
15607078ns          260559 1c008a60 fd4bd3e3 bge              x23, x20, -58       x23:00000050 x20:00000014
15607217ns          260566 1c008a26 000aa083 lw               x1, 0(x21)           x1=40f26b29 x21:10000e80  PA:10000e80
15607237ns          260567 1c008a2a 014c07b3 add              x15, x24, x20       x15=00000014 x24:00000000 x20:00000014
15607257ns          260568 1c008a2e 201090d3 fsgnjn.s         f1, f1, f1           f1=xxxxxxxx  f1:40f26b29  f1:40f26b29
15607277ns          260569 1c008a32 0347c463 blt              x15, x20, 40        x15:00000014 x20:00000014
15607297ns          260570 1c008a36 ff8b0713 addi             x14, x22, -8        x14=00000000 x22:00000008
15607317ns          260571 1c008a3a 00275713 srli             x14, x14, 0x2       x14=00000000 x14:00000000
15607337ns          260572 1c008a3c 00488693 addi             x13, x17, 4         x13=10000f9c x17:10000f98
15607356ns          260573 1c008a40 004a8613 addi             x12, x21, 4         x12=10000e84 x21:10000e80
15607376ns          260574 1c008a44 00170713 addi             x14, x14, 1         x14=00000001 x14:00000000
15607396ns          260575 1c008a46 008740fb lp.setup         0x1, x14, 0x8       x14:00000001
15607416ns          260576 1c008a4a 0006ac83 lw               x25, 0(x13)         x25=42afaaa0 x13:10000f9c  PA:10000f9c
15607436ns          260577 1c008a4e 0046278b p.lw             x15, 4(x12!)        x15=40e41620 x12=10000e88 x12:10000e84  PA:10000e84
15607476ns          260579 1c008a52 c817f7c3 fmadd.s          f15, f15, f1, f25   f15=xxxxxxxx f15:40e41620  f1:c0f26b29 f25:42afaaa0
15607496ns          260580 1c008a56 00f6a22b p.sw             x15, 4(x13!)        x13=10000fa0 x15:420758dc x13:10000f9c  PA:10000f9c
15607516ns          260581 1c008a5a 00aa0a13 addi             x20, x20, 10        x20=0000001e x20:00000014
15607535ns          260582 1c008a5c 028a8a93 addi             x21, x21, 40        x21=10000ea8 x21:10000e80
15607555ns          260583 1c008a60 fd4bd3e3 bge              x23, x20, -58       x23:00000050 x20:0000001e
15607635ns          260587 1c008a26 000aa083 lw               x1, 0(x21)           x1=40bdd336 x21:10000ea8  PA:10000ea8
15607655ns          260588 1c008a2a 014c07b3 add              x15, x24, x20       x15=0000001e x24:00000000 x20:0000001e
15607675ns          260589 1c008a2e 201090d3 fsgnjn.s         f1, f1, f1           f1=xxxxxxxx  f1:40bdd336  f1:40bdd336
15607695ns          260590 1c008a32 0347c463 blt              x15, x20, 40        x15:0000001e x20:0000001e
15607714ns          260591 1c008a36 ff8b0713 addi             x14, x22, -8        x14=00000000 x22:00000008
15607734ns          260592 1c008a3a 00275713 srli             x14, x14, 0x2       x14=00000000 x14:00000000
15607754ns          260593 1c008a3c 00488693 addi             x13, x17, 4         x13=10000f9c x17:10000f98
15607774ns          260594 1c008a40 004a8613 addi             x12, x21, 4         x12=10000eac x21:10000ea8
15607794ns          260595 1c008a44 00170713 addi             x14, x14, 1         x14=00000001 x14:00000000
15607814ns          260596 1c008a46 008740fb lp.setup         0x1, x14, 0x8       x14:00000001
15607834ns          260597 1c008a4a 0006ac83 lw               x25, 0(x13)         x25=420758dc x13:10000f9c  PA:10000f9c
15607854ns          260598 1c008a4e 0046278b p.lw             x15, 4(x12!)        x15=bf102385 x12=10000eb0 x12:10000eac  PA:10000eac
15607893ns          260600 1c008a52 c817f7c3 fmadd.s          f15, f15, f1, f25   f15=xxxxxxxx f15:bf102385  f1:c0bdd336 f25:420758dc
15607913ns          260601 1c008a56 00f6a22b p.sw             x15, 4(x13!)        x13=10000fa0 x15:4214b501 x13:10000f9c  PA:10000f9c
15607933ns          260602 1c008a5a 00aa0a13 addi             x20, x20, 10        x20=00000028 x20:0000001e
15607953ns          260603 1c008a5c 028a8a93 addi             x21, x21, 40        x21=10000ed0 x21:10000ea8
15607973ns          260604 1c008a60 fd4bd3e3 bge              x23, x20, -58       x23:00000050 x20:00000028
15608053ns          260608 1c008a26 000aa083 lw               x1, 0(x21)           x1=3fac727b x21:10000ed0  PA:10000ed0
15608073ns          260609 1c008a2a 014c07b3 add              x15, x24, x20       x15=00000028 x24:00000000 x20:00000028
15608092ns          260610 1c008a2e 201090d3 fsgnjn.s         f1, f1, f1           f1=xxxxxxxx  f1:3fac727b  f1:3fac727b
15608112ns          260611 1c008a32 0347c463 blt              x15, x20, 40        x15:00000028 x20:00000028
15608132ns          260612 1c008a36 ff8b0713 addi             x14, x22, -8        x14=00000000 x22:00000008
15608152ns          260613 1c008a3a 00275713 srli             x14, x14, 0x2       x14=00000000 x14:00000000
15608172ns          260614 1c008a3c 00488693 addi             x13, x17, 4         x13=10000f9c x17:10000f98
15608192ns          260615 1c008a40 004a8613 addi             x12, x21, 4         x12=10000ed4 x21:10000ed0
15608212ns          260616 1c008a44 00170713 addi             x14, x14, 1         x14=00000001 x14:00000000
15608232ns          260617 1c008a46 008740fb lp.setup         0x1, x14, 0x8       x14:00000001
15608252ns          260618 1c008a4a 0006ac83 lw               x25, 0(x13)         x25=4214b501 x13:10000f9c  PA:10000f9c
15608271ns          260619 1c008a4e 0046278b p.lw             x15, 4(x12!)        x15=bfe4aeec x12=10000ed8 x12:10000ed4  PA:10000ed4
15608311ns          260621 1c008a52 c817f7c3 fmadd.s          f15, f15, f1, f25   f15=xxxxxxxx f15:bfe4aeec  f1:bfac727b f25:4214b501
15608331ns          260622 1c008a56 00f6a22b p.sw             x15, 4(x13!)        x13=10000fa0 x15:421e55be x13:10000f9c  PA:10000f9c
15608351ns          260623 1c008a5a 00aa0a13 addi             x20, x20, 10        x20=00000032 x20:00000028
15608371ns          260624 1c008a5c 028a8a93 addi             x21, x21, 40        x21=10000ef8 x21:10000ed0
15608391ns          260625 1c008a60 fd4bd3e3 bge              x23, x20, -58       x23:00000050 x20:00000032
15608470ns          260629 1c008a26 000aa083 lw               x1, 0(x21)           x1=4018ae7f x21:10000ef8  PA:10000ef8
15608490ns          260630 1c008a2a 014c07b3 add              x15, x24, x20       x15=00000032 x24:00000000 x20:00000032
15608510ns          260631 1c008a2e 201090d3 fsgnjn.s         f1, f1, f1           f1=xxxxxxxx  f1:4018ae7f  f1:4018ae7f
15608530ns          260632 1c008a32 0347c463 blt              x15, x20, 40        x15:00000032 x20:00000032
15608550ns          260633 1c008a36 ff8b0713 addi             x14, x22, -8        x14=00000000 x22:00000008
15608570ns          260634 1c008a3a 00275713 srli             x14, x14, 0x2       x14=00000000 x14:00000000
15608590ns          260635 1c008a3c 00488693 addi             x13, x17, 4         x13=10000f9c x17:10000f98
15608610ns          260636 1c008a40 004a8613 addi             x12, x21, 4         x12=10000efc x21:10000ef8
15608629ns          260637 1c008a44 00170713 addi             x14, x14, 1         x14=00000001 x14:00000000
15608649ns          260638 1c008a46 008740fb lp.setup         0x1, x14, 0x8       x14:00000001
15608669ns          260639 1c008a4a 0006ac83 lw               x25, 0(x13)         x25=421e55be x13:10000f9c  PA:10000f9c
15608689ns          260640 1c008a4e 0046278b p.lw             x15, 4(x12!)        x15=40941ab1 x12=10000f00 x12:10000efc  PA:10000efc
15608729ns          260642 1c008a52 c817f7c3 fmadd.s          f15, f15, f1, f25   f15=xxxxxxxx f15:40941ab1  f1:c018ae7f f25:421e55be
15608749ns          260643 1c008a56 00f6a22b p.sw             x15, 4(x13!)        x13=10000fa0 x15:41e456af x13:10000f9c  PA:10000f9c
15608769ns          260644 1c008a5a 00aa0a13 addi             x20, x20, 10        x20=0000003c x20:00000032
15608789ns          260645 1c008a5c 028a8a93 addi             x21, x21, 40        x21=10000f20 x21:10000ef8
15608808ns          260646 1c008a60 fd4bd3e3 bge              x23, x20, -58       x23:00000050 x20:0000003c
15608888ns          260650 1c008a26 000aa083 lw               x1, 0(x21)           x1=beef5175 x21:10000f20  PA:10000f20
15608908ns          260651 1c008a2a 014c07b3 add              x15, x24, x20       x15=0000003c x24:00000000 x20:0000003c
15608928ns          260652 1c008a2e 201090d3 fsgnjn.s         f1, f1, f1           f1=xxxxxxxx  f1:beef5175  f1:beef5175
15608948ns          260653 1c008a32 0347c463 blt              x15, x20, 40        x15:0000003c x20:0000003c
15608968ns          260654 1c008a36 ff8b0713 addi             x14, x22, -8        x14=00000000 x22:00000008
15608987ns          260655 1c008a3a 00275713 srli             x14, x14, 0x2       x14=00000000 x14:00000000
15609007ns          260656 1c008a3c 00488693 addi             x13, x17, 4         x13=10000f9c x17:10000f98
15609027ns          260657 1c008a40 004a8613 addi             x12, x21, 4         x12=10000f24 x21:10000f20
15609047ns          260658 1c008a44 00170713 addi             x14, x14, 1         x14=00000001 x14:00000000
15609067ns          260659 1c008a46 008740fb lp.setup         0x1, x14, 0x8       x14:00000001
15609087ns          260660 1c008a4a 0006ac83 lw               x25, 0(x13)         x25=41e456af x13:10000f9c  PA:10000f9c
15609107ns          260661 1c008a4e 0046278b p.lw             x15, 4(x12!)        x15=bec69ffb x12=10000f28 x12:10000f24  PA:10000f24
15609147ns          260663 1c008a52 c817f7c3 fmadd.s          f15, f15, f1, f25   f15=xxxxxxxx f15:bec69ffb  f1:3eef5175 f25:41e456af
15609166ns          260664 1c008a56 00f6a22b p.sw             x15, 4(x13!)        x13=10000fa0 x15:41e2e352 x13:10000f9c  PA:10000f9c
15609186ns          260665 1c008a5a 00aa0a13 addi             x20, x20, 10        x20=00000046 x20:0000003c
15609206ns          260666 1c008a5c 028a8a93 addi             x21, x21, 40        x21=10000f48 x21:10000f20
15609226ns          260667 1c008a60 fd4bd3e3 bge              x23, x20, -58       x23:00000050 x20:00000046
15609306ns          260671 1c008a26 000aa083 lw               x1, 0(x21)           x1=40989445 x21:10000f48  PA:10000f48
15609326ns          260672 1c008a2a 014c07b3 add              x15, x24, x20       x15=00000046 x24:00000000 x20:00000046
15609346ns          260673 1c008a2e 201090d3 fsgnjn.s         f1, f1, f1           f1=xxxxxxxx  f1:40989445  f1:40989445
15609365ns          260674 1c008a32 0347c463 blt              x15, x20, 40        x15:00000046 x20:00000046
15609385ns          260675 1c008a36 ff8b0713 addi             x14, x22, -8        x14=00000000 x22:00000008
15609405ns          260676 1c008a3a 00275713 srli             x14, x14, 0x2       x14=00000000 x14:00000000
15609425ns          260677 1c008a3c 00488693 addi             x13, x17, 4         x13=10000f9c x17:10000f98
15609445ns          260678 1c008a40 004a8613 addi             x12, x21, 4         x12=10000f4c x21:10000f48
15609465ns          260679 1c008a44 00170713 addi             x14, x14, 1         x14=00000001 x14:00000000
15609485ns          260680 1c008a46 008740fb lp.setup         0x1, x14, 0x8       x14:00000001
15609505ns          260681 1c008a4a 0006ac83 lw               x25, 0(x13)         x25=41e2e352 x13:10000f9c  PA:10000f9c
15609525ns          260682 1c008a4e 0046278b p.lw             x15, 4(x12!)        x15=4083044b x12=10000f50 x12:10000f4c  PA:10000f4c
15609564ns          260684 1c008a52 c817f7c3 fmadd.s          f15, f15, f1, f25   f15=xxxxxxxx f15:4083044b  f1:c0989445 f25:41e2e352
15609584ns          260685 1c008a56 00f6a22b p.sw             x15, 4(x13!)        x13=10000fa0 x15:410d6ceb x13:10000f9c  PA:10000f9c
15609604ns          260686 1c008a5a 00aa0a13 addi             x20, x20, 10        x20=00000050 x20:00000046
15609624ns          260687 1c008a5c 028a8a93 addi             x21, x21, 40        x21=10000f70 x21:10000f48
15609644ns          260688 1c008a60 fd4bd3e3 bge              x23, x20, -58       x23:00000050 x20:00000050
15609723ns          260692 1c008a26 000aa083 lw               x1, 0(x21)           x1=bfb67ed5 x21:10000f70  PA:10000f70
15609743ns          260693 1c008a2a 014c07b3 add              x15, x24, x20       x15=00000050 x24:00000000 x20:00000050
15609763ns          260694 1c008a2e 201090d3 fsgnjn.s         f1, f1, f1           f1=xxxxxxxx  f1:bfb67ed5  f1:bfb67ed5
15609783ns          260695 1c008a32 0347c463 blt              x15, x20, 40        x15:00000050 x20:00000050
15609803ns          260696 1c008a36 ff8b0713 addi             x14, x22, -8        x14=00000000 x22:00000008
15609823ns          260697 1c008a3a 00275713 srli             x14, x14, 0x2       x14=00000000 x14:00000000
15609843ns          260698 1c008a3c 00488693 addi             x13, x17, 4         x13=10000f9c x17:10000f98
15609863ns          260699 1c008a40 004a8613 addi             x12, x21, 4         x12=10000f74 x21:10000f70
15609883ns          260700 1c008a44 00170713 addi             x14, x14, 1         x14=00000001 x14:00000000
15609902ns          260701 1c008a46 008740fb lp.setup         0x1, x14, 0x8       x14:00000001
15609922ns          260702 1c008a4a 0006ac83 lw               x25, 0(x13)         x25=410d6ceb x13:10000f9c  PA:10000f9c
15609962ns          260704 1c008a4e 0046278b p.lw             x15, 4(x12!)        x15=408ae264 x12=10000f78 x12:10000f74  PA:10000f74
15610002ns          260706 1c008a52 c817f7c3 fmadd.s          f15, f15, f1, f25   f15=xxxxxxxx f15:408ae264  f1:3fb67ed5 f25:410d6ceb
15610022ns          260707 1c008a56 00f6a22b p.sw             x15, 4(x13!)        x13=10000fa0 x15:41706ead x13:10000f9c  PA:10000f9c
15610042ns          260708 1c008a5a 00aa0a13 addi             x20, x20, 10        x20=0000005a x20:00000050
15610062ns          260709 1c008a5c 028a8a93 addi             x21, x21, 40        x21=10000f98 x21:10000f70
15610081ns          260710 1c008a60 fd4bd3e3 bge              x23, x20, -58       x23:00000050 x20:0000005a
15610101ns          260711 1c008a64 00150513 addi             x10, x10, 1         x10=00000009 x10:00000008
15610121ns          260712 1c008a66 027507b3 mul              x15, x10, x7        x15=41706ead x10:00000009  x7:0000000a
15610141ns          260713 1c008a6a 190ff853 fdiv.s           f16, f31, f16       f16=xxxxxxxx f31:3f800000 f16:4084bcf5
15610161ns          260714 1c008a6e d6f5cbe3 blt              x11, x15, -650      x11:00000059 x15:0000005a
15610221ns          260717 1c0087e4 00158693 addi             x13, x11, 1         x13=xxxxxxxx x11:00000059
15610241ns          260718 1c0087e8 00488713 addi             x14, x17, 4         x14=xxxxxxxx x17:10000f98
15610260ns          260719 1c0087ec 40b785b3 sub              x11, x15, x11       x11=xxxxxxxx x15:0000005a x11:00000059
15610280ns          260720 1c0087f0 3ad7c463 blt              x15, x13, 936       x15:0000005a x13:0000005a
15610300ns          260721 1c0087f4 800006b7 lui              x13, 0x80000000     x13=xxxxxxxx
15610320ns          260722 1c0087f8 3ad78063 beq              x15, x13, 928       x15:0000005a x13:80000000
15610340ns          260723 1c0087fc 0055c0fb lp.setup         0x1, x11, 0x5       x11:00000001  PA:10000f9c
15610360ns          260724 1c008800 00072783 lw               x15, 0(x14)         x15=xxxxxxxx x14:10000f9c
15610420ns          260727 1c008802 1107f7d3 fmul.s           f15, f15, f16       f15=xxxxxxxx f15:41706ead f16:3e76dcae
15610440ns          260728 1c008806 00f7222b p.sw             x15, 4(x14!)        x14=10000fa0 x15:4067d99d x14:10000f9c  PA:10000f9c
15610459ns          260729 1c00880a 00be0e13 addi             x28, x28, 11        x28=00000063 x28:00000058
15610479ns          260730 1c00880c 02c88893 addi             x17, x17, 44        x17=10000fc4 x17:10000f98
15610499ns          260731 1c008810 00430313 addi             x6, x6, 4            x6=10000e5c  x6:10000e58
15610519ns          260732 1c008812 c6a53be3 p.bneimm         x10, -906           x10:00000009
15610579ns          260735 1c008488 32050f63 beq              x10, x0, 830        x10:00000009
15610599ns          260736 1c00848c 00032783 lw               x15, 0(x6)          x15=xxxxxxxx  x6:10000e5c  PA:10000e5c
15610638ns          260738 1c008490 e8f7f7c3 fmadd.s          f15, f15, f15, f29  f15=xxxxxxxx f15:409c6fe2 f15:409c6fe2 f29:00000000
15610658ns          260739 1c008494 2e152c63 p.beqimm         x10, 760            x10:00000009
15610678ns          260740 1c008498 02832703 lw               x14, 40(x6)         x14=xxxxxxxx  x6:10000e5c  PA:10000e84
15610718ns          260742 1c00849c 78e777c3 fmadd.s          f15, f14, f14, f15  f15=xxxxxxxx f14:40e41620 f14:40e41620 f15:41bf3119
15610738ns          260743 1c0084a0 2e252663 p.beqimm         x10, 748            x10:00000009
15610778ns          260745 1c0084a4 05032703 lw               x14, 80(x6)         x14=bfe4aeec  x6:10000e5c  PA:10000eac
15610817ns          260747 1c0084a8 78e777c3 fmadd.s          f15, f14, f14, f15  f15=xxxxxxxx f14:bf102385 f14:bf102385 f15:429567fc
15610837ns          260748 1c0084ac 2e352063 p.beqimm         x10, 736            x10:00000009
15610857ns          260749 1c0084b0 07832703 lw               x14, 120(x6)        x14=xxxxxxxx  x6:10000e5c  PA:10000ed4
15610897ns          260751 1c0084b4 78e777c3 fmadd.s          f15, f14, f14, f15  f15=xxxxxxxx f14:bfe4aeec f14:bfe4aeec f15:42960a4c
15610917ns          260752 1c0084b8 2c452a63 p.beqimm         x10, 724            x10:00000009
15610937ns          260753 1c0084bc 0a032703 lw               x14, 160(x6)        x14=xxxxxxxx  x6:10000e5c  PA:10000efc
15610977ns          260755 1c0084c0 78e777c3 fmadd.s          f15, f14, f14, f15  f15=xxxxxxxx f14:40941ab1 f14:40941ab1 f15:429c6c8c
15610996ns          260756 1c0084c4 2c552463 p.beqimm         x10, 712            x10:00000009
15611016ns          260757 1c0084c8 0c832703 lw               x14, 200(x6)        x14=xxxxxxxx  x6:10000e5c  PA:10000f24
15611056ns          260759 1c0084cc 78e777c3 fmadd.s          f15, f14, f14, f15  f15=xxxxxxxx f14:bec69ffb f14:bec69ffb f15:42c743fc
15611076ns          260760 1c0084d0 2a652e63 p.beqimm         x10, 700            x10:00000009
15611096ns          260761 1c0084d4 0f032703 lw               x14, 240(x6)        x14=4083044b  x6:10000e5c  PA:10000f4c
15611136ns          260763 1c0084d8 78e777c3 fmadd.s          f15, f14, f14, f15  f15=xxxxxxxx f14:4083044b f14:4083044b f15:42c7910a
15611156ns          260764 1c0084dc 2a752863 p.beqimm         x10, 688            x10:00000009
15611175ns          260765 1c0084e0 11832703 lw               x14, 280(x6)        x14=408ae264  x6:10000e5c  PA:10000f74
15611215ns          260767 1c0084e4 78e777c3 fmadd.s          f15, f14, f14, f15  f15=xxxxxxxx f14:408ae264 f14:408ae264 f15:42e917bc
15611235ns          260768 1c0084e8 2a953263 p.bneimm         x10, 676            x10:00000009
15611255ns          260769 1c0084ec 16412703 lw               x14, 356(x2)        x14=4067d99d  x2:10000e38  PA:10000f9c
15611275ns          260770 1c0084f0 0008a683 lw               x13, 0(x17)         x13=4314b3e8 x17:10000fc4  PA:10000fc4
15611295ns          260771 1c0084f4 78e777c3 fmadd.s          f15, f14, f14, f15  f15=xxxxxxxx f14:4067d99d f14:4067d99d f15:43076215
15611315ns          260772 1c0084f8 08f6f7d3 fsub.s           f15, f13, f15       f15=xxxxxxxx f13:4314b3e8 f15:431481bc
15611335ns          260773 1c0084fc a0fe9ed3 flt.s            x29, f29, f15       x29=00000001 f29:00000000 f15:3e48b000
15611354ns          260774 1c008500 280e8e63 beq              x29, x0, 668        x29:00000001
15611394ns          260776 1c008504 5807f7d3 fsqrt.s          f15, f15            f15=xxxxxxxx f15:3e48b000
15611971ns          260805 1c008508 00f8a023 sw               x15, 0(x17)         x15:3ee2a9aa x17:10000fc4  PA:10000fc4
15611991ns          260806 1c00850c 01a020ef jal              x1, 8218             x1=1c008510
15612110ns          260812 1c00a526 f14027f3 csrrs            x15, x0, 0xf14      x15=00000001
15612130ns          260813 1c00a52a 01f00713 addi             x14, x0, 31         x14=0000001f
15612150ns          260814 1c00a52c ca5797b3 p.extractu       x15, x15, 5, 5      x15=00000000 x15:00000001
15612190ns          260816 1c00a530 00e78863 beq              x15, x14, 16        x15:00000000 x14:0000001f
15612230ns          260818 1c00a534 002047b7 lui              x15, 0x204000       x15=00204000
15612250ns          260819 1c00a538 20078793 addi             x15, x15, 512       x15=00204200 x15:00204000
15612269ns          260820 1c00a53c 01c7e703 p.elw            x14, 28(x15)        x14=00010000 x15:00204200  PA:0020421c
15612389ns          260826 1c00a540 00008067 jalr             x0, x1, 0            x1:1c008510
15612429ns          260828 1c008510 f14027f3 csrrs            x15, x0, 0xf14      x15=00000001
15612448ns          260829 1c008514 f457b7b3 p.bclr           x15, x15, 26, 5     x15=00000001 x15:00000001
15612468ns          260830 1c008518 30078763 beq              x15, x0, 782        x15:00000001
15612488ns          260831 1c00851c 00a00513 addi             x10, x0, 10         x10=0000000a
15612508ns          260832 1c00851e 00200793 addi             x15, x0, 2          x15=00000002
15613025ns          260858 1c008520 02810693 addi             x13, x2, 40         x13=10000e60  x2:10000e38
15613045ns          260859 1c008522 02c10593 addi             x11, x2, 44         x11=10000e64  x2:10000e38
15613065ns          260860 1c008524 fff50613 addi             x12, x10, -1        x12=00000009 x10:0000000a
15613085ns          260861 1c008528 66f54663 blt              x10, x15, 1644      x10:0000000a x15:00000002
15613105ns          260862 1c00852c 0106407b lp.setup         0x0, x12, 0x10      x12:00000009
15613503ns          260882 1c008530 40d587b3 sub              x15, x11, x13       x15=00000004 x11:10000e64 x13:10000e60
15613542ns          260884 1c008534 ffc78793 addi             x15, x15, -4        x15=00000000 x15:00000004
15613562ns          260885 1c008536 0027d793 srli             x15, x15, 0x2       x15=00000000 x15:00000000
15613582ns          260886 1c008538 00d00733 add              x14, x0, x13        x14=10000e60 x13:10000e60
15613602ns          260887 1c00853a 00178793 addi             x15, x15, 1         x15=00000001 x15:00000000
15613622ns          260888 1c00853c 0047c0fb lp.setup         0x1, x15, 0x4       x15:00000001
15614080ns          260911 1c008540 00000513 addi             x10, x0, 0          x10=00000000
15614119ns          260913 1c008544 00a7222b p.sw             x10, 4(x14!)        x14=10000e64 x10:00000000 x14:10000e60  PA:10000e60
15614139ns          260914 1c008548 02868693 addi             x13, x13, 40        x13=10000e88 x13:10000e60
15614159ns          260915 1c00854c 02c58593 addi             x11, x11, 44        x11=10000e90 x11:10000e64
15614179ns          260916 1c008530 40d587b3 sub              x15, x11, x13       x15=00000008 x11:10000e90 x13:10000e88
15614199ns          260917 1c008534 ffc78793 addi             x15, x15, -4        x15=00000004 x15:00000008
15614219ns          260918 1c008536 0027d793 srli             x15, x15, 0x2       x15=00000001 x15:00000004
15614239ns          260919 1c008538 00d00733 add              x14, x0, x13        x14=10000e88 x13:10000e88
15614259ns          260920 1c00853a 00178793 addi             x15, x15, 1         x15=00000002 x15:00000001
15614278ns          260921 1c00853c 0047c0fb lp.setup         0x1, x15, 0x4       x15:00000002
15614298ns          260922 1c008540 00000513 addi             x10, x0, 0          x10=00000000
15614318ns          260923 1c008544 00a7222b p.sw             x10, 4(x14!)        x14=10000e8c x10:00000000 x14:10000e88  PA:10000e88
15614338ns          260924 1c008540 00000513 addi             x10, x0, 0          x10=00000000
15614358ns          260925 1c008544 00a7222b p.sw             x10, 4(x14!)        x14=10000e90 x10:00000000 x14:10000e8c  PA:10000e8c
15614378ns          260926 1c008548 02868693 addi             x13, x13, 40        x13=10000eb0 x13:10000e88
15614398ns          260927 1c00854c 02c58593 addi             x11, x11, 44        x11=10000ebc x11:10000e90
15614418ns          260928 1c008530 40d587b3 sub              x15, x11, x13       x15=0000000c x11:10000ebc x13:10000eb0
15614438ns          260929 1c008534 ffc78793 addi             x15, x15, -4        x15=00000008 x15:0000000c
15614457ns          260930 1c008536 0027d793 srli             x15, x15, 0x2       x15=00000002 x15:00000008
15614477ns          260931 1c008538 00d00733 add              x14, x0, x13        x14=10000eb0 x13:10000eb0
15614497ns          260932 1c00853a 00178793 addi             x15, x15, 1         x15=00000003 x15:00000002
15614517ns          260933 1c00853c 0047c0fb lp.setup         0x1, x15, 0x4       x15:00000003
15614537ns          260934 1c008540 00000513 addi             x10, x0, 0          x10=00000000
15614557ns          260935 1c008544 00a7222b p.sw             x10, 4(x14!)        x14=10000eb4 x10:00000000 x14:10000eb0  PA:10000eb0
15614577ns          260936 1c008540 00000513 addi             x10, x0, 0          x10=00000000
15614597ns          260937 1c008544 00a7222b p.sw             x10, 4(x14!)        x14=10000eb8 x10:00000000 x14:10000eb4  PA:10000eb4
15614617ns          260938 1c008540 00000513 addi             x10, x0, 0          x10=00000000
15614636ns          260939 1c008544 00a7222b p.sw             x10, 4(x14!)        x14=10000ebc x10:00000000 x14:10000eb8  PA:10000eb8
15614656ns          260940 1c008548 02868693 addi             x13, x13, 40        x13=10000ed8 x13:10000eb0
15614676ns          260941 1c00854c 02c58593 addi             x11, x11, 44        x11=10000ee8 x11:10000ebc
15614696ns          260942 1c008530 40d587b3 sub              x15, x11, x13       x15=00000010 x11:10000ee8 x13:10000ed8
15614716ns          260943 1c008534 ffc78793 addi             x15, x15, -4        x15=0000000c x15:00000010
15614736ns          260944 1c008536 0027d793 srli             x15, x15, 0x2       x15=00000003 x15:0000000c
15614756ns          260945 1c008538 00d00733 add              x14, x0, x13        x14=10000ed8 x13:10000ed8
15614776ns          260946 1c00853a 00178793 addi             x15, x15, 1         x15=00000004 x15:00000003
15614796ns          260947 1c00853c 0047c0fb lp.setup         0x1, x15, 0x4       x15:00000004
15614815ns          260948 1c008540 00000513 addi             x10, x0, 0          x10=00000000
15614835ns          260949 1c008544 00a7222b p.sw             x10, 4(x14!)        x14=10000edc x10:00000000 x14:10000ed8  PA:10000ed8
15614855ns          260950 1c008540 00000513 addi             x10, x0, 0          x10=00000000
15614875ns          260951 1c008544 00a7222b p.sw             x10, 4(x14!)        x14=10000ee0 x10:00000000 x14:10000edc  PA:10000edc
15614895ns          260952 1c008540 00000513 addi             x10, x0, 0          x10=00000000
15614915ns          260953 1c008544 00a7222b p.sw             x10, 4(x14!)        x14=10000ee4 x10:00000000 x14:10000ee0  PA:10000ee0
15614935ns          260954 1c008540 00000513 addi             x10, x0, 0          x10=00000000
15614955ns          260955 1c008544 00a7222b p.sw             x10, 4(x14!)        x14=10000ee8 x10:00000000 x14:10000ee4  PA:10000ee4
15614975ns          260956 1c008548 02868693 addi             x13, x13, 40        x13=10000f00 x13:10000ed8
15614994ns          260957 1c00854c 02c58593 addi             x11, x11, 44        x11=10000f14 x11:10000ee8
15615014ns          260958 1c008530 40d587b3 sub              x15, x11, x13       x15=00000014 x11:10000f14 x13:10000f00
15615034ns          260959 1c008534 ffc78793 addi             x15, x15, -4        x15=00000010 x15:00000014
15615054ns          260960 1c008536 0027d793 srli             x15, x15, 0x2       x15=00000004 x15:00000010
15615074ns          260961 1c008538 00d00733 add              x14, x0, x13        x14=10000f00 x13:10000f00
15615094ns          260962 1c00853a 00178793 addi             x15, x15, 1         x15=00000005 x15:00000004
15615114ns          260963 1c00853c 0047c0fb lp.setup         0x1, x15, 0x4       x15:00000005
15615134ns          260964 1c008540 00000513 addi             x10, x0, 0          x10=00000000
15615154ns          260965 1c008544 00a7222b p.sw             x10, 4(x14!)        x14=10000f04 x10:00000000 x14:10000f00  PA:10000f00
15615174ns          260966 1c008540 00000513 addi             x10, x0, 0          x10=00000000
15615193ns          260967 1c008544 00a7222b p.sw             x10, 4(x14!)        x14=10000f08 x10:00000000 x14:10000f04  PA:10000f04
15615213ns          260968 1c008540 00000513 addi             x10, x0, 0          x10=00000000
15615233ns          260969 1c008544 00a7222b p.sw             x10, 4(x14!)        x14=10000f0c x10:00000000 x14:10000f08  PA:10000f08
15615253ns          260970 1c008540 00000513 addi             x10, x0, 0          x10=00000000
15615273ns          260971 1c008544 00a7222b p.sw             x10, 4(x14!)        x14=10000f10 x10:00000000 x14:10000f0c  PA:10000f0c
15615293ns          260972 1c008540 00000513 addi             x10, x0, 0          x10=00000000
15615313ns          260973 1c008544 00a7222b p.sw             x10, 4(x14!)        x14=10000f14 x10:00000000 x14:10000f10  PA:10000f10
15615333ns          260974 1c008548 02868693 addi             x13, x13, 40        x13=10000f28 x13:10000f00
15615353ns          260975 1c00854c 02c58593 addi             x11, x11, 44        x11=10000f40 x11:10000f14
15615372ns          260976 1c008530 40d587b3 sub              x15, x11, x13       x15=00000018 x11:10000f40 x13:10000f28
15615392ns          260977 1c008534 ffc78793 addi             x15, x15, -4        x15=00000014 x15:00000018
15615412ns          260978 1c008536 0027d793 srli             x15, x15, 0x2       x15=00000005 x15:00000014
15615432ns          260979 1c008538 00d00733 add              x14, x0, x13        x14=10000f28 x13:10000f28
15615452ns          260980 1c00853a 00178793 addi             x15, x15, 1         x15=00000006 x15:00000005
15615472ns          260981 1c00853c 0047c0fb lp.setup         0x1, x15, 0x4       x15:00000006
15615492ns          260982 1c008540 00000513 addi             x10, x0, 0          x10=00000000
15615512ns          260983 1c008544 00a7222b p.sw             x10, 4(x14!)        x14=10000f2c x10:00000000 x14:10000f28  PA:10000f28
15615532ns          260984 1c008540 00000513 addi             x10, x0, 0          x10=00000000
15615551ns          260985 1c008544 00a7222b p.sw             x10, 4(x14!)        x14=10000f30 x10:00000000 x14:10000f2c  PA:10000f2c
15615571ns          260986 1c008540 00000513 addi             x10, x0, 0          x10=00000000
15615591ns          260987 1c008544 00a7222b p.sw             x10, 4(x14!)        x14=10000f34 x10:00000000 x14:10000f30  PA:10000f30
15615611ns          260988 1c008540 00000513 addi             x10, x0, 0          x10=00000000
15615631ns          260989 1c008544 00a7222b p.sw             x10, 4(x14!)        x14=10000f38 x10:00000000 x14:10000f34  PA:10000f34
15615651ns          260990 1c008540 00000513 addi             x10, x0, 0          x10=00000000
15615671ns          260991 1c008544 00a7222b p.sw             x10, 4(x14!)        x14=10000f3c x10:00000000 x14:10000f38  PA:10000f38
15615691ns          260992 1c008540 00000513 addi             x10, x0, 0          x10=00000000
15615711ns          260993 1c008544 00a7222b p.sw             x10, 4(x14!)        x14=10000f40 x10:00000000 x14:10000f3c  PA:10000f3c
15615730ns          260994 1c008548 02868693 addi             x13, x13, 40        x13=10000f50 x13:10000f28
15615750ns          260995 1c00854c 02c58593 addi             x11, x11, 44        x11=10000f6c x11:10000f40
15615770ns          260996 1c008530 40d587b3 sub              x15, x11, x13       x15=0000001c x11:10000f6c x13:10000f50
15615790ns          260997 1c008534 ffc78793 addi             x15, x15, -4        x15=00000018 x15:0000001c
15615810ns          260998 1c008536 0027d793 srli             x15, x15, 0x2       x15=00000006 x15:00000018
15615830ns          260999 1c008538 00d00733 add              x14, x0, x13        x14=10000f50 x13:10000f50
15615850ns          261000 1c00853a 00178793 addi             x15, x15, 1         x15=00000007 x15:00000006
15615870ns          261001 1c00853c 0047c0fb lp.setup         0x1, x15, 0x4       x15:00000007
15615890ns          261002 1c008540 00000513 addi             x10, x0, 0          x10=00000000
15615909ns          261003 1c008544 00a7222b p.sw             x10, 4(x14!)        x14=10000f54 x10:00000000 x14:10000f50  PA:10000f50
15615929ns          261004 1c008540 00000513 addi             x10, x0, 0          x10=00000000
15615949ns          261005 1c008544 00a7222b p.sw             x10, 4(x14!)        x14=10000f58 x10:00000000 x14:10000f54  PA:10000f54
15615969ns          261006 1c008540 00000513 addi             x10, x0, 0          x10=00000000
15615989ns          261007 1c008544 00a7222b p.sw             x10, 4(x14!)        x14=10000f5c x10:00000000 x14:10000f58  PA:10000f58
15616009ns          261008 1c008540 00000513 addi             x10, x0, 0          x10=00000000
15616029ns          261009 1c008544 00a7222b p.sw             x10, 4(x14!)        x14=10000f60 x10:00000000 x14:10000f5c  PA:10000f5c
15616049ns          261010 1c008540 00000513 addi             x10, x0, 0          x10=00000000
15616069ns          261011 1c008544 00a7222b p.sw             x10, 4(x14!)        x14=10000f64 x10:00000000 x14:10000f60  PA:10000f60
15616088ns          261012 1c008540 00000513 addi             x10, x0, 0          x10=00000000
15616108ns          261013 1c008544 00a7222b p.sw             x10, 4(x14!)        x14=10000f68 x10:00000000 x14:10000f64  PA:10000f64
15616128ns          261014 1c008540 00000513 addi             x10, x0, 0          x10=00000000
15616148ns          261015 1c008544 00a7222b p.sw             x10, 4(x14!)        x14=10000f6c x10:00000000 x14:10000f68  PA:10000f68
15616168ns          261016 1c008548 02868693 addi             x13, x13, 40        x13=10000f78 x13:10000f50
15616188ns          261017 1c00854c 02c58593 addi             x11, x11, 44        x11=10000f98 x11:10000f6c
15616208ns          261018 1c008530 40d587b3 sub              x15, x11, x13       x15=00000020 x11:10000f98 x13:10000f78
15616228ns          261019 1c008534 ffc78793 addi             x15, x15, -4        x15=0000001c x15:00000020
15616248ns          261020 1c008536 0027d793 srli             x15, x15, 0x2       x15=00000007 x15:0000001c
15616267ns          261021 1c008538 00d00733 add              x14, x0, x13        x14=10000f78 x13:10000f78
15616287ns          261022 1c00853a 00178793 addi             x15, x15, 1         x15=00000008 x15:00000007
15616307ns          261023 1c00853c 0047c0fb lp.setup         0x1, x15, 0x4       x15:00000008
15616327ns          261024 1c008540 00000513 addi             x10, x0, 0          x10=00000000
15616347ns          261025 1c008544 00a7222b p.sw             x10, 4(x14!)        x14=10000f7c x10:00000000 x14:10000f78  PA:10000f78
15616367ns          261026 1c008540 00000513 addi             x10, x0, 0          x10=00000000
15616387ns          261027 1c008544 00a7222b p.sw             x10, 4(x14!)        x14=10000f80 x10:00000000 x14:10000f7c  PA:10000f7c
15616407ns          261028 1c008540 00000513 addi             x10, x0, 0          x10=00000000
15616427ns          261029 1c008544 00a7222b p.sw             x10, 4(x14!)        x14=10000f84 x10:00000000 x14:10000f80  PA:10000f80
15616447ns          261030 1c008540 00000513 addi             x10, x0, 0          x10=00000000
15616466ns          261031 1c008544 00a7222b p.sw             x10, 4(x14!)        x14=10000f88 x10:00000000 x14:10000f84  PA:10000f84
15616486ns          261032 1c008540 00000513 addi             x10, x0, 0          x10=00000000
15616506ns          261033 1c008544 00a7222b p.sw             x10, 4(x14!)        x14=10000f8c x10:00000000 x14:10000f88  PA:10000f88
15616526ns          261034 1c008540 00000513 addi             x10, x0, 0          x10=00000000
15616546ns          261035 1c008544 00a7222b p.sw             x10, 4(x14!)        x14=10000f90 x10:00000000 x14:10000f8c  PA:10000f8c
15616566ns          261036 1c008540 00000513 addi             x10, x0, 0          x10=00000000
15616586ns          261037 1c008544 00a7222b p.sw             x10, 4(x14!)        x14=10000f94 x10:00000000 x14:10000f90  PA:10000f90
15616606ns          261038 1c008540 00000513 addi             x10, x0, 0          x10=00000000
15616626ns          261039 1c008544 00a7222b p.sw             x10, 4(x14!)        x14=10000f98 x10:00000000 x14:10000f94  PA:10000f94
15616645ns          261040 1c008548 02868693 addi             x13, x13, 40        x13=10000fa0 x13:10000f78
15616665ns          261041 1c00854c 02c58593 addi             x11, x11, 44        x11=10000fc4 x11:10000f98
15616685ns          261042 1c008530 40d587b3 sub              x15, x11, x13       x15=00000024 x11:10000fc4 x13:10000fa0
15616705ns          261043 1c008534 ffc78793 addi             x15, x15, -4        x15=00000020 x15:00000024
15616725ns          261044 1c008536 0027d793 srli             x15, x15, 0x2       x15=00000008 x15:00000020
15616745ns          261045 1c008538 00d00733 add              x14, x0, x13        x14=10000fa0 x13:10000fa0
15616765ns          261046 1c00853a 00178793 addi             x15, x15, 1         x15=00000009 x15:00000008
15616785ns          261047 1c00853c 0047c0fb lp.setup         0x1, x15, 0x4       x15:00000009
15616805ns          261048 1c008540 00000513 addi             x10, x0, 0          x10=00000000
15616824ns          261049 1c008544 00a7222b p.sw             x10, 4(x14!)        x14=10000fa4 x10:00000000 x14:10000fa0  PA:10000fa0
15616844ns          261050 1c008540 00000513 addi             x10, x0, 0          x10=00000000
15616864ns          261051 1c008544 00a7222b p.sw             x10, 4(x14!)        x14=10000fa8 x10:00000000 x14:10000fa4  PA:10000fa4
15616884ns          261052 1c008540 00000513 addi             x10, x0, 0          x10=00000000
15616904ns          261053 1c008544 00a7222b p.sw             x10, 4(x14!)        x14=10000fac x10:00000000 x14:10000fa8  PA:10000fa8
15616924ns          261054 1c008540 00000513 addi             x10, x0, 0          x10=00000000
15616944ns          261055 1c008544 00a7222b p.sw             x10, 4(x14!)        x14=10000fb0 x10:00000000 x14:10000fac  PA:10000fac
15616964ns          261056 1c008540 00000513 addi             x10, x0, 0          x10=00000000
15616984ns          261057 1c008544 00a7222b p.sw             x10, 4(x14!)        x14=10000fb4 x10:00000000 x14:10000fb0  PA:10000fb0
15617003ns          261058 1c008540 00000513 addi             x10, x0, 0          x10=00000000
15617023ns          261059 1c008544 00a7222b p.sw             x10, 4(x14!)        x14=10000fb8 x10:00000000 x14:10000fb4  PA:10000fb4
15617043ns          261060 1c008540 00000513 addi             x10, x0, 0          x10=00000000
15617063ns          261061 1c008544 00a7222b p.sw             x10, 4(x14!)        x14=10000fbc x10:00000000 x14:10000fb8  PA:10000fb8
15617083ns          261062 1c008540 00000513 addi             x10, x0, 0          x10=00000000
15617103ns          261063 1c008544 00a7222b p.sw             x10, 4(x14!)        x14=10000fc0 x10:00000000 x14:10000fbc  PA:10000fbc
15617123ns          261064 1c008540 00000513 addi             x10, x0, 0          x10=00000000
15617143ns          261065 1c008544 00a7222b p.sw             x10, 4(x14!)        x14=10000fc4 x10:00000000 x14:10000fc0  PA:10000fc0
15617163ns          261066 1c008548 02868693 addi             x13, x13, 40        x13=10000fc8 x13:10000fa0
15617182ns          261067 1c00854c 02c58593 addi             x11, x11, 44        x11=10000ff0 x11:10000fc4
15617242ns          261070 1c008550 00012683 lw               x13, 0(x2)          x13=415e1e38  x2:10000e38  PA:10000e38
15617262ns          261071 1c008552 00410613 addi             x12, x2, 4          x12=10000e3c  x2:10000e38
15617282ns          261072 1c008554 00c007b3 add              x15, x0, x12        x15=10000e3c x12:10000e3c
15617302ns          261073 1c008556 00d009b3 add              x19, x0, x13        x19=415e1e38 x13:415e1e38
15617322ns          261074 1c008558 063250fb lp.setupi        0x1, 0x63, 0x4     
15617342ns          261075 1c00855c 0047a58b p.lw             x11, 4(x15!)        x11=41588376 x15=10000e40 x15:10000e3c  PA:10000e3c
15617759ns          261096 1c008560 00b9f9d3 fadd.s           f19, f19, f11       f19=xxxxxxxx f19:415e1e38 f11:41588376
15617799ns          261098 1c00855c 0047a58b p.lw             x11, 4(x15!)        x11=415c5886 x15=10000e44 x15:10000e40  PA:10000e40
15617839ns          261100 1c008560 00b9f9d3 fadd.s           f19, f19, f11       f19=xxxxxxxx f19:41db50d7 f11:415c5886
15617859ns          261101 1c00855c 0047a58b p.lw             x11, 4(x15!)        x11=415da4e7 x15=10000e48 x15:10000e44  PA:10000e44
15617899ns          261103 1c008560 00b9f9d3 fadd.s           f19, f19, f11       f19=xxxxxxxx f19:4224be8d f11:415da4e7
15617918ns          261104 1c00855c 0047a58b p.lw             x11, 4(x15!)        x11=4150b184 x15=10000e4c x15:10000e48  PA:10000e48
15617958ns          261106 1c008560 00b9f9d3 fadd.s           f19, f19, f11       f19=xxxxxxxx f19:425c27c7 f11:4150b184
15617978ns          261107 1c00855c 0047a58b p.lw             x11, 4(x15!)        x11=415dfb2b x15=10000e50 x15:10000e4c  PA:10000e4c
15618018ns          261109 1c008560 00b9f9d3 fadd.s           f19, f19, f11       f19=xxxxxxxx f19:42882a14 f11:415dfb2b
15618038ns          261110 1c00855c 0047a58b p.lw             x11, 4(x15!)        x11=41841ddc x15=10000e54 x15:10000e50  PA:10000e50
15618078ns          261112 1c008560 00b9f9d3 fadd.s           f19, f19, f11       f19=xxxxxxxx f19:42a3e979 f11:41841ddc
15618097ns          261113 1c00855c 0047a58b p.lw             x11, 4(x15!)        x11=4142d75f x15=10000e58 x15:10000e54  PA:10000e54
15618137ns          261115 1c008560 00b9f9d3 fadd.s           f19, f19, f11       f19=xxxxxxxx f19:42c4f0f0 f11:4142d75f
15618157ns          261116 1c00855c 0047a58b p.lw             x11, 4(x15!)        x11=40e150c1 x15=10000e5c x15:10000e58  PA:10000e58
15618197ns          261118 1c008560 00b9f9d3 fadd.s           f19, f19, f11       f19=xxxxxxxx f19:42dd4bdc f11:40e150c1
15618217ns          261119 1c00855c 0047a58b p.lw             x11, 4(x15!)        x11=409c6fe2 x15=10000e60 x15:10000e5c  PA:10000e5c
15618257ns          261121 1c008560 00b9f9d3 fadd.s           f19, f19, f11       f19=xxxxxxxx f19:42eb60e8 f11:409c6fe2
15618276ns          261122 1c00855c 0047a58b p.lw             x11, 4(x15!)        x11=00000000 x15=10000e64 x15:10000e60  PA:10000e60
15618316ns          261124 1c008560 00b9f9d3 fadd.s           f19, f19, f11       f19=xxxxxxxx f19:42f527e6 f11:00000000
15618336ns          261125 1c00855c 0047a58b p.lw             x11, 4(x15!)        x11=41545cc2 x15=10000e68 x15:10000e64  PA:10000e64
15618376ns          261127 1c008560 00b9f9d3 fadd.s           f19, f19, f11       f19=xxxxxxxx f19:42f527e6 f11:41545cc2
15618396ns          261128 1c00855c 0047a58b p.lw             x11, 4(x15!)        x11=411a0982 x15=10000e6c x15:10000e68  PA:10000e68
15618436ns          261130 1c008560 00b9f9d3 fadd.s           f19, f19, f11       f19=xxxxxxxx f19:4307d9bf f11:411a0982
15618455ns          261131 1c00855c 0047a58b p.lw             x11, 4(x15!)        x11=4066b45e x15=10000e70 x15:10000e6c  PA:10000e6c
15618495ns          261133 1c008560 00b9f9d3 fadd.s           f19, f19, f11       f19=xxxxxxxx f19:43117a57 f11:4066b45e
15618515ns          261134 1c00855c 0047a58b p.lw             x11, 4(x15!)        x11=415745c0 x15=10000e74 x15:10000e70  PA:10000e70
15618555ns          261136 1c008560 00b9f9d3 fadd.s           f19, f19, f11       f19=xxxxxxxx f19:43151528 f11:415745c0
15618575ns          261137 1c00855c 0047a58b p.lw             x11, 4(x15!)        x11=408bdce8 x15=10000e78 x15:10000e74  PA:10000e74
15618615ns          261139 1c008560 00b9f9d3 fadd.s           f19, f19, f11       f19=xxxxxxxx f19:43228984 f11:408bdce8
15618634ns          261140 1c00855c 0047a58b p.lw             x11, 4(x15!)        x11=4073652c x15=10000e7c x15:10000e78  PA:10000e78
15618674ns          261142 1c008560 00b9f9d3 fadd.s           f19, f19, f11       f19=xxxxxxxx f19:4326e86b f11:4073652c
15618694ns          261143 1c00855c 0047a58b p.lw             x11, 4(x15!)        x11=405a274c x15=10000e80 x15:10000e7c  PA:10000e7c
15618734ns          261145 1c008560 00b9f9d3 fadd.s           f19, f19, f11       f19=xxxxxxxx f19:432ab600 f11:405a274c
15618754ns          261146 1c00855c 0047a58b p.lw             x11, 4(x15!)        x11=40f26b29 x15=10000e84 x15:10000e80  PA:10000e80
15618794ns          261148 1c008560 00b9f9d3 fadd.s           f19, f19, f11       f19=xxxxxxxx f19:432e1e9d f11:40f26b29
15618814ns          261149 1c00855c 0047a58b p.lw             x11, 4(x15!)        x11=40e41620 x15=10000e88 x15:10000e84  PA:10000e84
15618853ns          261151 1c008560 00b9f9d3 fadd.s           f19, f19, f11       f19=xxxxxxxx f19:4335b1f6 f11:40e41620
15618873ns          261152 1c00855c 0047a58b p.lw             x11, 4(x15!)        x11=00000000 x15=10000e8c x15:10000e88  PA:10000e88
15618913ns          261154 1c008560 00b9f9d3 fadd.s           f19, f19, f11       f19=xxxxxxxx f19:433cd2a7 f11:00000000
15618933ns          261155 1c00855c 0047a58b p.lw             x11, 4(x15!)        x11=00000000 x15=10000e90 x15:10000e8c  PA:10000e8c
15618973ns          261157 1c008560 00b9f9d3 fadd.s           f19, f19, f11       f19=xxxxxxxx f19:433cd2a7 f11:00000000
15618993ns          261158 1c00855c 0047a58b p.lw             x11, 4(x15!)        x11=4125b87a x15=10000e94 x15:10000e90  PA:10000e90
15619032ns          261160 1c008560 00b9f9d3 fadd.s           f19, f19, f11       f19=xxxxxxxx f19:433cd2a7 f11:4125b87a
15619052ns          261161 1c00855c 0047a58b p.lw             x11, 4(x15!)        x11=3fc0e05e x15=10000e98 x15:10000e94  PA:10000e94
15619092ns          261163 1c008560 00b9f9d3 fadd.s           f19, f19, f11       f19=xxxxxxxx f19:43472e2f f11:3fc0e05e
15619112ns          261164 1c00855c 0047a58b p.lw             x11, 4(x15!)        x11=401c695c x15=10000e9c x15:10000e98  PA:10000e98
15619152ns          261166 1c008560 00b9f9d3 fadd.s           f19, f19, f11       f19=xxxxxxxx f19:4348aff0 f11:401c695c
15619172ns          261167 1c00855c 0047a58b p.lw             x11, 4(x15!)        x11=4016404d x15=10000ea0 x15:10000e9c  PA:10000e9c
15619211ns          261169 1c008560 00b9f9d3 fadd.s           f19, f19, f11       f19=xxxxxxxx f19:434b2195 f11:4016404d
15619231ns          261170 1c00855c 0047a58b p.lw             x11, 4(x15!)        x11=c027386d x15=10000ea4 x15:10000ea0  PA:10000ea0
15619271ns          261172 1c008560 00b9f9d3 fadd.s           f19, f19, f11       f19=xxxxxxxx f19:434d7a96 f11:c027386d
15619291ns          261173 1c00855c 0047a58b p.lw             x11, 4(x15!)        x11=41017936 x15=10000ea8 x15:10000ea4  PA:10000ea4
15619331ns          261175 1c008560 00b9f9d3 fadd.s           f19, f19, f11       f19=xxxxxxxx f19:434addb4 f11:41017936
15619351ns          261176 1c00855c 0047a58b p.lw             x11, 4(x15!)        x11=40bdd336 x15=10000eac x15:10000ea8  PA:10000ea8
15619390ns          261178 1c008560 00b9f9d3 fadd.s           f19, f19, f11       f19=xxxxxxxx f19:4352f547 f11:40bdd336
15619410ns          261179 1c00855c 0047a58b p.lw             x11, 4(x15!)        x11=bf102385 x15=10000eb0 x15:10000eac  PA:10000eac
15619450ns          261181 1c008560 00b9f9d3 fadd.s           f19, f19, f11       f19=xxxxxxxx f19:4358e3e1 f11:bf102385
15619470ns          261182 1c00855c 0047a58b p.lw             x11, 4(x15!)        x11=00000000 x15=10000eb4 x15:10000eb0  PA:10000eb0
15619510ns          261184 1c008560 00b9f9d3 fadd.s           f19, f19, f11       f19=xxxxxxxx f19:435853bd f11:00000000
15619530ns          261185 1c00855c 0047a58b p.lw             x11, 4(x15!)        x11=00000000 x15=10000eb8 x15:10000eb4  PA:10000eb4
15619569ns          261187 1c008560 00b9f9d3 fadd.s           f19, f19, f11       f19=xxxxxxxx f19:435853bd f11:00000000
15619589ns          261188 1c00855c 0047a58b p.lw             x11, 4(x15!)        x11=00000000 x15=10000ebc x15:10000eb8  PA:10000eb8
15619629ns          261190 1c008560 00b9f9d3 fadd.s           f19, f19, f11       f19=xxxxxxxx f19:435853bd f11:00000000
15619649ns          261191 1c00855c 0047a58b p.lw             x11, 4(x15!)        x11=40e3d5fa x15=10000ec0 x15:10000ebc  PA:10000ebc
15619689ns          261193 1c008560 00b9f9d3 fadd.s           f19, f19, f11       f19=xxxxxxxx f19:435853bd f11:40e3d5fa
15619709ns          261194 1c00855c 0047a58b p.lw             x11, 4(x15!)        x11=405b38a2 x15=10000ec4 x15:10000ec0  PA:10000ec0
15619748ns          261196 1c008560 00b9f9d3 fadd.s           f19, f19, f11       f19=xxxxxxxx f19:435f726d f11:405b38a2
15619768ns          261197 1c00855c 0047a58b p.lw             x11, 4(x15!)        x11=4034af2b x15=10000ec8 x15:10000ec4  PA:10000ec4
15619808ns          261199 1c008560 00b9f9d3 fadd.s           f19, f19, f11       f19=xxxxxxxx f19:4362df50 f11:4034af2b
15619828ns          261200 1c00855c 0047a58b p.lw             x11, 4(x15!)        x11=3ff7779a x15=10000ecc x15:10000ec8  PA:10000ec8
15619868ns          261202 1c008560 00b9f9d3 fadd.s           f19, f19, f11       f19=xxxxxxxx f19:4365b20d f11:3ff7779a
15619888ns          261203 1c00855c 0047a58b p.lw             x11, 4(x15!)        x11=40306111 x15=10000ed0 x15:10000ecc  PA:10000ecc
15619927ns          261205 1c008560 00b9f9d3 fadd.s           f19, f19, f11       f19=xxxxxxxx f19:4367a0fc f11:40306111
15619947ns          261206 1c00855c 0047a58b p.lw             x11, 4(x15!)        x11=3fac727b x15=10000ed4 x15:10000ed0  PA:10000ed0
15619987ns          261208 1c008560 00b9f9d3 fadd.s           f19, f19, f11       f19=xxxxxxxx f19:436a6280 f11:3fac727b
15620007ns          261209 1c00855c 0047a58b p.lw             x11, 4(x15!)        x11=bfe4aeec x15=10000ed8 x15:10000ed4  PA:10000ed4
15620047ns          261211 1c008560 00b9f9d3 fadd.s           f19, f19, f11       f19=xxxxxxxx f19:436bbb65 f11:bfe4aeec
15620067ns          261212 1c00855c 0047a58b p.lw             x11, 4(x15!)        x11=00000000 x15=10000edc x15:10000ed8  PA:10000ed8
15620106ns          261214 1c008560 00b9f9d3 fadd.s           f19, f19, f11       f19=xxxxxxxx f19:4369f207 f11:00000000
15620126ns          261215 1c00855c 0047a58b p.lw             x11, 4(x15!)        x11=00000000 x15=10000ee0 x15:10000edc  PA:10000edc
15620166ns          261217 1c008560 00b9f9d3 fadd.s           f19, f19, f11       f19=xxxxxxxx f19:4369f207 f11:00000000
15620186ns          261218 1c00855c 0047a58b p.lw             x11, 4(x15!)        x11=00000000 x15=10000ee4 x15:10000ee0  PA:10000ee0
15620226ns          261220 1c008560 00b9f9d3 fadd.s           f19, f19, f11       f19=xxxxxxxx f19:4369f207 f11:00000000
15620246ns          261221 1c00855c 0047a58b p.lw             x11, 4(x15!)        x11=00000000 x15=10000ee8 x15:10000ee4  PA:10000ee4
15620285ns          261223 1c008560 00b9f9d3 fadd.s           f19, f19, f11       f19=xxxxxxxx f19:4369f207 f11:00000000
15620305ns          261224 1c00855c 0047a58b p.lw             x11, 4(x15!)        x11=412988e5 x15=10000eec x15:10000ee8  PA:10000ee8
15620345ns          261226 1c008560 00b9f9d3 fadd.s           f19, f19, f11       f19=xxxxxxxx f19:4369f207 f11:412988e5
15620365ns          261227 1c00855c 0047a58b p.lw             x11, 4(x15!)        x11=3ef046ba x15=10000ef0 x15:10000eec  PA:10000eec
15620405ns          261229 1c008560 00b9f9d3 fadd.s           f19, f19, f11       f19=xxxxxxxx f19:43748a95 f11:3ef046ba
15620425ns          261230 1c00855c 0047a58b p.lw             x11, 4(x15!)        x11=bf94293c x15=10000ef4 x15:10000ef0  PA:10000ef0
15620464ns          261232 1c008560 00b9f9d3 fadd.s           f19, f19, f11       f19=xxxxxxxx f19:437502b8 f11:bf94293c
15620484ns          261233 1c00855c 0047a58b p.lw             x11, 4(x15!)        x11=4098c1b1 x15=10000ef8 x15:10000ef4  PA:10000ef4
15620524ns          261235 1c008560 00b9f9d3 fadd.s           f19, f19, f11       f19=xxxxxxxx f19:4373da66 f11:4098c1b1
15620544ns          261236 1c00855c 0047a58b p.lw             x11, 4(x15!)        x11=4018ae7f x15=10000efc x15:10000ef8  PA:10000ef8
15620584ns          261238 1c008560 00b9f9d3 fadd.s           f19, f19, f11       f19=xxxxxxxx f19:4378a074 f11:4018ae7f
15620604ns          261239 1c00855c 0047a58b p.lw             x11, 4(x15!)        x11=40941ab1 x15=10000f00 x15:10000efc  PA:10000efc
15620643ns          261241 1c008560 00b9f9d3 fadd.s           f19, f19, f11       f19=xxxxxxxx f19:437b032e f11:40941ab1
15620663ns          261242 1c00855c 0047a58b p.lw             x11, 4(x15!)        x11=00000000 x15=10000f04 x15:10000f00  PA:10000f00
15620703ns          261244 1c008560 00b9f9d3 fadd.s           f19, f19, f11       f19=xxxxxxxx f19:437fa404 f11:00000000
15620723ns          261245 1c00855c 0047a58b p.lw             x11, 4(x15!)        x11=00000000 x15=10000f08 x15:10000f04  PA:10000f04
15620763ns          261247 1c008560 00b9f9d3 fadd.s           f19, f19, f11       f19=xxxxxxxx f19:437fa404 f11:00000000
15620783ns          261248 1c00855c 0047a58b p.lw             x11, 4(x15!)        x11=00000000 x15=10000f0c x15:10000f08  PA:10000f08
15620822ns          261250 1c008560 00b9f9d3 fadd.s           f19, f19, f11       f19=xxxxxxxx f19:437fa404 f11:00000000
15620842ns          261251 1c00855c 0047a58b p.lw             x11, 4(x15!)        x11=00000000 x15=10000f10 x15:10000f0c  PA:10000f0c
15620882ns          261253 1c008560 00b9f9d3 fadd.s           f19, f19, f11       f19=xxxxxxxx f19:437fa404 f11:00000000
15620902ns          261254 1c00855c 0047a58b p.lw             x11, 4(x15!)        x11=00000000 x15=10000f14 x15:10000f10  PA:10000f10
15620942ns          261256 1c008560 00b9f9d3 fadd.s           f19, f19, f11       f19=xxxxxxxx f19:437fa404 f11:00000000
15620962ns          261257 1c00855c 0047a58b p.lw             x11, 4(x15!)        x11=40ee5862 x15=10000f18 x15:10000f14  PA:10000f14
15621001ns          261259 1c008560 00b9f9d3 fadd.s           f19, f19, f11       f19=xxxxxxxx f19:437fa404 f11:40ee5862
15621021ns          261260 1c00855c 0047a58b p.lw             x11, 4(x15!)        x11=c066b789 x15=10000f1c x15:10000f18  PA:10000f18
15621061ns          261262 1c008560 00b9f9d3 fadd.s           f19, f19, f11       f19=xxxxxxxx f19:43838b64 f11:c066b789
15621081ns          261263 1c00855c 0047a58b p.lw             x11, 4(x15!)        x11=3b0f6f5d x15=10000f20 x15:10000f1c  PA:10000f1c
15621121ns          261265 1c008560 00b9f9d3 fadd.s           f19, f19, f11       f19=xxxxxxxx f19:4381bdf5 f11:3b0f6f5d
15621141ns          261266 1c00855c 0047a58b p.lw             x11, 4(x15!)        x11=beef5175 x15=10000f24 x15:10000f20  PA:10000f20
15621181ns          261268 1c008560 00b9f9d3 fadd.s           f19, f19, f11       f19=xxxxxxxx f19:4381be3d f11:beef5175
15621200ns          261269 1c00855c 0047a58b p.lw             x11, 4(x15!)        x11=bec69ffb x15=10000f28 x15:10000f24  PA:10000f24
15621240ns          261271 1c008560 00b9f9d3 fadd.s           f19, f19, f11       f19=xxxxxxxx f19:43818269 f11:bec69ffb
15621260ns          261272 1c00855c 0047a58b p.lw             x11, 4(x15!)        x11=00000000 x15=10000f2c x15:10000f28  PA:10000f28
15621300ns          261274 1c008560 00b9f9d3 fadd.s           f19, f19, f11       f19=xxxxxxxx f19:438150c1 f11:00000000
15621320ns          261275 1c00855c 0047a58b p.lw             x11, 4(x15!)        x11=00000000 x15=10000f30 x15:10000f2c  PA:10000f2c
15621360ns          261277 1c008560 00b9f9d3 fadd.s           f19, f19, f11       f19=xxxxxxxx f19:438150c1 f11:00000000
15621379ns          261278 1c00855c 0047a58b p.lw             x11, 4(x15!)        x11=00000000 x15=10000f34 x15:10000f30  PA:10000f30
15621419ns          261280 1c008560 00b9f9d3 fadd.s           f19, f19, f11       f19=xxxxxxxx f19:438150c1 f11:00000000
15621439ns          261281 1c00855c 0047a58b p.lw             x11, 4(x15!)        x11=00000000 x15=10000f38 x15:10000f34  PA:10000f34
15621479ns          261283 1c008560 00b9f9d3 fadd.s           f19, f19, f11       f19=xxxxxxxx f19:438150c1 f11:00000000
15621499ns          261284 1c00855c 0047a58b p.lw             x11, 4(x15!)        x11=00000000 x15=10000f3c x15:10000f38  PA:10000f38
15621539ns          261286 1c008560 00b9f9d3 fadd.s           f19, f19, f11       f19=xxxxxxxx f19:438150c1 f11:00000000
15621558ns          261287 1c00855c 0047a58b p.lw             x11, 4(x15!)        x11=00000000 x15=10000f40 x15:10000f3c  PA:10000f3c
15621598ns          261289 1c008560 00b9f9d3 fadd.s           f19, f19, f11       f19=xxxxxxxx f19:438150c1 f11:00000000
15621618ns          261290 1c00855c 0047a58b p.lw             x11, 4(x15!)        x11=40b12343 x15=10000f44 x15:10000f40  PA:10000f40
15621658ns          261292 1c008560 00b9f9d3 fadd.s           f19, f19, f11       f19=xxxxxxxx f19:438150c1 f11:40b12343
15621678ns          261293 1c00855c 0047a58b p.lw             x11, 4(x15!)        x11=4089537e x15=10000f48 x15:10000f44  PA:10000f44
15621718ns          261295 1c008560 00b9f9d3 fadd.s           f19, f19, f11       f19=xxxxxxxx f19:4384154e f11:4089537e
15621737ns          261296 1c00855c 0047a58b p.lw             x11, 4(x15!)        x11=40989445 x15=10000f4c x15:10000f48  PA:10000f48
15621777ns          261298 1c008560 00b9f9d3 fadd.s           f19, f19, f11       f19=xxxxxxxx f19:43863a9c f11:40989445
15621797ns          261299 1c00855c 0047a58b p.lw             x11, 4(x15!)        x11=4083044b x15=10000f50 x15:10000f4c  PA:10000f4c
15621837ns          261301 1c008560 00b9f9d3 fadd.s           f19, f19, f11       f19=xxxxxxxx f19:43889ced f11:4083044b
15621857ns          261302 1c00855c 0047a58b p.lw             x11, 4(x15!)        x11=00000000 x15=10000f54 x15:10000f50  PA:10000f50
15621897ns          261304 1c008560 00b9f9d3 fadd.s           f19, f19, f11       f19=xxxxxxxx f19:438aa8fe f11:00000000
15621916ns          261305 1c00855c 0047a58b p.lw             x11, 4(x15!)        x11=00000000 x15=10000f58 x15:10000f54  PA:10000f54
15621956ns          261307 1c008560 00b9f9d3 fadd.s           f19, f19, f11       f19=xxxxxxxx f19:438aa8fe f11:00000000
15621976ns          261308 1c00855c 0047a58b p.lw             x11, 4(x15!)        x11=00000000 x15=10000f5c x15:10000f58  PA:10000f58
15622016ns          261310 1c008560 00b9f9d3 fadd.s           f19, f19, f11       f19=xxxxxxxx f19:438aa8fe f11:00000000
15622036ns          261311 1c00855c 0047a58b p.lw             x11, 4(x15!)        x11=00000000 x15=10000f60 x15:10000f5c  PA:10000f5c
15622076ns          261313 1c008560 00b9f9d3 fadd.s           f19, f19, f11       f19=xxxxxxxx f19:438aa8fe f11:00000000
15622095ns          261314 1c00855c 0047a58b p.lw             x11, 4(x15!)        x11=00000000 x15=10000f64 x15:10000f60  PA:10000f60
15622135ns          261316 1c008560 00b9f9d3 fadd.s           f19, f19, f11       f19=xxxxxxxx f19:438aa8fe f11:00000000
15622155ns          261317 1c00855c 0047a58b p.lw             x11, 4(x15!)        x11=00000000 x15=10000f68 x15:10000f64  PA:10000f64
15622195ns          261319 1c008560 00b9f9d3 fadd.s           f19, f19, f11       f19=xxxxxxxx f19:438aa8fe f11:00000000
15622215ns          261320 1c00855c 0047a58b p.lw             x11, 4(x15!)        x11=00000000 x15=10000f6c x15:10000f68  PA:10000f68
15622255ns          261322 1c008560 00b9f9d3 fadd.s           f19, f19, f11       f19=xxxxxxxx f19:438aa8fe f11:00000000
15622275ns          261323 1c00855c 0047a58b p.lw             x11, 4(x15!)        x11=410f07bf x15=10000f70 x15:10000f6c  PA:10000f6c
15622314ns          261325 1c008560 00b9f9d3 fadd.s           f19, f19, f11       f19=xxxxxxxx f19:438aa8fe f11:410f07bf
15622334ns          261326 1c00855c 0047a58b p.lw             x11, 4(x15!)        x11=bfb67ed5 x15=10000f74 x15:10000f70  PA:10000f70
15622374ns          261328 1c008560 00b9f9d3 fadd.s           f19, f19, f11       f19=xxxxxxxx f19:438f213c f11:bfb67ed5
15622394ns          261329 1c00855c 0047a58b p.lw             x11, 4(x15!)        x11=408ae264 x15=10000f78 x15:10000f74  PA:10000f74
15622434ns          261331 1c008560 00b9f9d3 fadd.s           f19, f19, f11       f19=xxxxxxxx f19:438e6abd f11:408ae264
15622454ns          261332 1c00855c 0047a58b p.lw             x11, 4(x15!)        x11=00000000 x15=10000f7c x15:10000f78  PA:10000f78
15622493ns          261334 1c008560 00b9f9d3 fadd.s           f19, f19, f11       f19=xxxxxxxx f19:43909647 f11:00000000
15622513ns          261335 1c00855c 0047a58b p.lw             x11, 4(x15!)        x11=00000000 x15=10000f80 x15:10000f7c  PA:10000f7c
15622553ns          261337 1c008560 00b9f9d3 fadd.s           f19, f19, f11       f19=xxxxxxxx f19:43909647 f11:00000000
15622573ns          261338 1c00855c 0047a58b p.lw             x11, 4(x15!)        x11=00000000 x15=10000f84 x15:10000f80  PA:10000f80
15622613ns          261340 1c008560 00b9f9d3 fadd.s           f19, f19, f11       f19=xxxxxxxx f19:43909647 f11:00000000
15622633ns          261341 1c00855c 0047a58b p.lw             x11, 4(x15!)        x11=00000000 x15=10000f88 x15:10000f84  PA:10000f84
15622672ns          261343 1c008560 00b9f9d3 fadd.s           f19, f19, f11       f19=xxxxxxxx f19:43909647 f11:00000000
15622692ns          261344 1c00855c 0047a58b p.lw             x11, 4(x15!)        x11=00000000 x15=10000f8c x15:10000f88  PA:10000f88
15622732ns          261346 1c008560 00b9f9d3 fadd.s           f19, f19, f11       f19=xxxxxxxx f19:43909647 f11:00000000
15622752ns          261347 1c00855c 0047a58b p.lw             x11, 4(x15!)        x11=00000000 x15=10000f90 x15:10000f8c  PA:10000f8c
15622792ns          261349 1c008560 00b9f9d3 fadd.s           f19, f19, f11       f19=xxxxxxxx f19:43909647 f11:00000000
15622812ns          261350 1c00855c 0047a58b p.lw             x11, 4(x15!)        x11=00000000 x15=10000f94 x15:10000f90  PA:10000f90
15622851ns          261352 1c008560 00b9f9d3 fadd.s           f19, f19, f11       f19=xxxxxxxx f19:43909647 f11:00000000
15622871ns          261353 1c00855c 0047a58b p.lw             x11, 4(x15!)        x11=00000000 x15=10000f98 x15:10000f94  PA:10000f94
15622911ns          261355 1c008560 00b9f9d3 fadd.s           f19, f19, f11       f19=xxxxxxxx f19:43909647 f11:00000000
15622931ns          261356 1c00855c 0047a58b p.lw             x11, 4(x15!)        x11=4084bcf5 x15=10000f9c x15:10000f98  PA:10000f98
15622971ns          261358 1c008560 00b9f9d3 fadd.s           f19, f19, f11       f19=xxxxxxxx f19:43909647 f11:4084bcf5
15622991ns          261359 1c00855c 0047a58b p.lw             x11, 4(x15!)        x11=4067d99d x15=10000fa0 x15:10000f9c  PA:10000f9c
15623030ns          261361 1c008560 00b9f9d3 fadd.s           f19, f19, f11       f19=xxxxxxxx f19:4392a93b f11:4067d99d
15623050ns          261362 1c00855c 0047a58b p.lw             x11, 4(x15!)        x11=00000000 x15=10000fa4 x15:10000fa0  PA:10000fa0
15623090ns          261364 1c008560 00b9f9d3 fadd.s           f19, f19, f11       f19=xxxxxxxx f19:439478ee f11:00000000
15623110ns          261365 1c00855c 0047a58b p.lw             x11, 4(x15!)        x11=00000000 x15=10000fa8 x15:10000fa4  PA:10000fa4
15623150ns          261367 1c008560 00b9f9d3 fadd.s           f19, f19, f11       f19=xxxxxxxx f19:439478ee f11:00000000
15623170ns          261368 1c00855c 0047a58b p.lw             x11, 4(x15!)        x11=00000000 x15=10000fac x15:10000fa8  PA:10000fa8
15623209ns          261370 1c008560 00b9f9d3 fadd.s           f19, f19, f11       f19=xxxxxxxx f19:439478ee f11:00000000
15623229ns          261371 1c00855c 0047a58b p.lw             x11, 4(x15!)        x11=00000000 x15=10000fb0 x15:10000fac  PA:10000fac
15623269ns          261373 1c008560 00b9f9d3 fadd.s           f19, f19, f11       f19=xxxxxxxx f19:439478ee f11:00000000
15623289ns          261374 1c00855c 0047a58b p.lw             x11, 4(x15!)        x11=00000000 x15=10000fb4 x15:10000fb0  PA:10000fb0
15623329ns          261376 1c008560 00b9f9d3 fadd.s           f19, f19, f11       f19=xxxxxxxx f19:439478ee f11:00000000
15623349ns          261377 1c00855c 0047a58b p.lw             x11, 4(x15!)        x11=00000000 x15=10000fb8 x15:10000fb4  PA:10000fb4
15623388ns          261379 1c008560 00b9f9d3 fadd.s           f19, f19, f11       f19=xxxxxxxx f19:439478ee f11:00000000
15623408ns          261380 1c00855c 0047a58b p.lw             x11, 4(x15!)        x11=00000000 x15=10000fbc x15:10000fb8  PA:10000fb8
15623448ns          261382 1c008560 00b9f9d3 fadd.s           f19, f19, f11       f19=xxxxxxxx f19:439478ee f11:00000000
15623468ns          261383 1c00855c 0047a58b p.lw             x11, 4(x15!)        x11=00000000 x15=10000fc0 x15:10000fbc  PA:10000fbc
15623508ns          261385 1c008560 00b9f9d3 fadd.s           f19, f19, f11       f19=xxxxxxxx f19:439478ee f11:00000000
15623528ns          261386 1c00855c 0047a58b p.lw             x11, 4(x15!)        x11=00000000 x15=10000fc4 x15:10000fc0  PA:10000fc0
15623567ns          261388 1c008560 00b9f9d3 fadd.s           f19, f19, f11       f19=xxxxxxxx f19:439478ee f11:00000000
15623587ns          261389 1c00855c 0047a58b p.lw             x11, 4(x15!)        x11=3ee2a9aa x15=10000fc8 x15:10000fc4  PA:10000fc4
15623627ns          261391 1c008560 00b9f9d3 fadd.s           f19, f19, f11       f19=xxxxxxxx f19:439478ee f11:3ee2a9aa
15623647ns          261392 1c008564 1c000737 lui              x14, 0x1c000000     x14=1c000000
15623667ns          261393 1c008568 02072583 lw               x11, 32(x14)        x11=42c80000 x14:1c000000  PA:1c000020
15624085ns          261414 1c00856c 18b9f5d3 fdiv.s           f11, f19, f11       f11=xxxxxxxx f19:4394b198 f11:42c80000
15624622ns          261441 1c008570 08b6f6d3 fsub.s           f13, f13, f11       f13=xxxxxxxx f13:415e1e38 f11:403e53f6
15624642ns          261442 1c008574 40c787b3 sub              x15, x15, x12       x15=0000018c x15:10000fc8 x12:10000e3c
15624661ns          261443 1c008576 ffc78793 addi             x15, x15, -4        x15=00000188 x15:0000018c
15624681ns          261444 1c008578 10d6f6d3 fmul.s           f13, f13, f13       f13=xxxxxxxx f13:412e893a f13:412e893a
15624701ns          261445 1c00857c 0027d793 srli             x15, x15, 0x2       x15=00000062 x15:00000188
15624721ns          261446 1c00857e 00178793 addi             x15, x15, 1         x15=00000063 x15:00000062
15624741ns          261447 1c008580 0067c0fb lp.setup         0x1, x15, 0x6       x15:00000063
15624761ns          261448 1c008584 0046270b p.lw             x14, 4(x12!)        x14=41588376 x12=10000e40 x12:10000e3c  PA:10000e3c
15624801ns          261450 1c008588 08b77753 fsub.s           f14, f14, f11       f14=xxxxxxxx f14:41588376 f11:403e53f6
15624821ns          261451 1c00858c 68e776c3 fmadd.s          f13, f14, f14, f13  f13=xxxxxxxx f14:4128ee78 f14:4128ee78 f13:42edfda9
15625218ns          261471 1c008584 0046270b p.lw             x14, 4(x12!)        x14=415c5886 x12=10000e44 x12:10000e40  PA:10000e40
15625258ns          261473 1c008588 08b77753 fsub.s           f14, f14, f11       f14=xxxxxxxx f14:415c5886 f11:403e53f6
15625278ns          261474 1c00858c 68e776c3 fmadd.s          f13, f14, f14, f13  f13=xxxxxxxx f14:412cc388 f14:412cc388 f13:436678b0
15625298ns          261475 1c008584 0046270b p.lw             x14, 4(x12!)        x14=415da4e7 x12=10000e48 x12:10000e44  PA:10000e44
15625338ns          261477 1c008588 08b77753 fsub.s           f14, f14, f11       f14=xxxxxxxx f14:415da4e7 f11:403e53f6
15625358ns          261478 1c00858c 68e776c3 fmadd.s          f13, f14, f14, f13  f13=xxxxxxxx f14:412e0fea f14:412e0fea f13:43ad8802
15625377ns          261479 1c008584 0046270b p.lw             x14, 4(x12!)        x14=4150b184 x12=10000e4c x12:10000e48  PA:10000e48
15625417ns          261481 1c008588 08b77753 fsub.s           f14, f14, f11       f14=xxxxxxxx f14:4150b184 f11:403e53f6
15625437ns          261482 1c00858c 68e776c3 fmadd.s          f13, f14, f14, f13  f13=xxxxxxxx f14:41211c86 f14:41211c86 f13:43e8b4d4
15625457ns          261483 1c008584 0046270b p.lw             x14, 4(x12!)        x14=415dfb2b x12=10000e50 x12:10000e4c  PA:10000e4c
15625497ns          261485 1c008588 08b77753 fsub.s           f14, f14, f11       f14=xxxxxxxx f14:415dfb2b f11:403e53f6
15625517ns          261486 1c00858c 68e776c3 fmadd.s          f13, f14, f14, f13  f13=xxxxxxxx f14:412e662e f14:412e662e f13:440db3a3
15625537ns          261487 1c008584 0046270b p.lw             x14, 4(x12!)        x14=41841ddc x12=10000e54 x12:10000e50  PA:10000e50
15625576ns          261489 1c008588 08b77753 fsub.s           f14, f14, f11       f14=xxxxxxxx f14:41841ddc f11:403e53f6
15625596ns          261490 1c00858c 68e776c3 fmadd.s          f13, f14, f14, f13  f13=xxxxxxxx f14:4158a6ba f14:4158a6ba f13:442b6767
15625616ns          261491 1c008584 0046270b p.lw             x14, 4(x12!)        x14=4142d75f x12=10000e58 x12:10000e54  PA:10000e54
15625656ns          261493 1c008588 08b77753 fsub.s           f14, f14, f11       f14=xxxxxxxx f14:4142d75f f11:403e53f6
15625676ns          261494 1c00858c 68e776c3 fmadd.s          f13, f14, f14, f13  f13=xxxxxxxx f14:41134262 f14:41134262 f13:44593dd9
15625696ns          261495 1c008584 0046270b p.lw             x14, 4(x12!)        x14=40e150c1 x12=10000e5c x12:10000e58  PA:10000e58
15625735ns          261497 1c008588 08b77753 fsub.s           f14, f14, f11       f14=xxxxxxxx f14:40e150c1 f11:403e53f6
15625755ns          261498 1c00858c 68e776c3 fmadd.s          f13, f14, f14, f13  f13=xxxxxxxx f14:408226c6 f14:408226c6 f13:446e6b2c
15625775ns          261499 1c008584 0046270b p.lw             x14, 4(x12!)        x14=409c6fe2 x12=10000e60 x12:10000e5c  PA:10000e5c
15625815ns          261501 1c008588 08b77753 fsub.s           f14, f14, f11       f14=xxxxxxxx f14:409c6fe2 f11:403e53f6
15625835ns          261502 1c00858c 68e776c3 fmadd.s          f13, f14, f14, f13  f13=xxxxxxxx f14:3ff5179c f14:3ff5179c f13:44728de2
15625855ns          261503 1c008584 0046270b p.lw             x14, 4(x12!)        x14=00000000 x12=10000e64 x12:10000e60  PA:10000e60
15625895ns          261505 1c008588 08b77753 fsub.s           f14, f14, f11       f14=xxxxxxxx f14:00000000 f11:403e53f6
15625915ns          261506 1c00858c 68e776c3 fmadd.s          f13, f14, f14, f13  f13=xxxxxxxx f14:c03e53f6 f14:c03e53f6 f13:44737888
15625934ns          261507 1c008584 0046270b p.lw             x14, 4(x12!)        x14=41545cc2 x12=10000e68 x12:10000e64  PA:10000e64
15625974ns          261509 1c008588 08b77753 fsub.s           f14, f14, f11       f14=xxxxxxxx f14:41545cc2 f11:403e53f6
15625994ns          261510 1c00858c 68e776c3 fmadd.s          f13, f14, f14, f13  f13=xxxxxxxx f14:4124c7c4 f14:4124c7c4 f13:4475ae8b
15626014ns          261511 1c008584 0046270b p.lw             x14, 4(x12!)        x14=411a0982 x12=10000e6c x12:10000e68  PA:10000e68
15626054ns          261513 1c008588 08b77753 fsub.s           f14, f14, f11       f14=xxxxxxxx f14:411a0982 f11:403e53f6
15626074ns          261514 1c00858c 68e776c3 fmadd.s          f13, f14, f14, f13  f13=xxxxxxxx f14:40d4e909 f14:40d4e909 f13:44881957
15626094ns          261515 1c008584 0046270b p.lw             x14, 4(x12!)        x14=4066b45e x12=10000e70 x12:10000e6c  PA:10000e6c
15626133ns          261517 1c008588 08b77753 fsub.s           f14, f14, f11       f14=xxxxxxxx f14:4066b45e f11:403e53f6
15626153ns          261518 1c00858c 68e776c3 fmadd.s          f13, f14, f14, f13  f13=xxxxxxxx f14:3f2181a0 f14:3f2181a0 f13:448da1ed
15626173ns          261519 1c008584 0046270b p.lw             x14, 4(x12!)        x14=415745c0 x12=10000e74 x12:10000e70  PA:10000e70
15626213ns          261521 1c008588 08b77753 fsub.s           f14, f14, f11       f14=xxxxxxxx f14:415745c0 f11:403e53f6
15626233ns          261522 1c00858c 68e776c3 fmadd.s          f13, f14, f14, f13  f13=xxxxxxxx f14:4127b0c2 f14:4127b0c2 f13:448daeaa
15626253ns          261523 1c008584 0046270b p.lw             x14, 4(x12!)        x14=408bdce8 x12=10000e78 x12:10000e74  PA:10000e74
15626292ns          261525 1c008588 08b77753 fsub.s           f14, f14, f11       f14=xxxxxxxx f14:408bdce8 f11:403e53f6
15626312ns          261526 1c00858c 68e776c3 fmadd.s          f13, f14, f14, f13  f13=xxxxxxxx f14:3fb2cbb4 f14:3fb2cbb4 f13:449b69ad
15626332ns          261527 1c008584 0046270b p.lw             x14, 4(x12!)        x14=4073652c x12=10000e7c x12:10000e78  PA:10000e78
15626372ns          261529 1c008588 08b77753 fsub.s           f14, f14, f11       f14=xxxxxxxx f14:4073652c f11:403e53f6
15626392ns          261530 1c00858c 68e776c3 fmadd.s          f13, f14, f14, f13  f13=xxxxxxxx f14:3f5444d8 f14:3f5444d8 f13:449ba81d
15626412ns          261531 1c008584 0046270b p.lw             x14, 4(x12!)        x14=405a274c x12=10000e80 x12:10000e7c  PA:10000e7c
15626452ns          261533 1c008588 08b77753 fsub.s           f14, f14, f11       f14=xxxxxxxx f14:405a274c f11:403e53f6
15626471ns          261534 1c00858c 68e776c3 fmadd.s          f13, f14, f14, f13  f13=xxxxxxxx f14:3ede9ab0 f14:3ede9ab0 f13:449bbe1d
15626491ns          261535 1c008584 0046270b p.lw             x14, 4(x12!)        x14=40f26b29 x12=10000e84 x12:10000e80  PA:10000e80
15626531ns          261537 1c008588 08b77753 fsub.s           f14, f14, f11       f14=xxxxxxxx f14:40f26b29 f11:403e53f6
15626551ns          261538 1c00858c 68e776c3 fmadd.s          f13, f14, f14, f13  f13=xxxxxxxx f14:4093412e f14:4093412e f13:449bc42a
15626571ns          261539 1c008584 0046270b p.lw             x14, 4(x12!)        x14=40e41620 x12=10000e88 x12:10000e84  PA:10000e84
15626611ns          261541 1c008588 08b77753 fsub.s           f14, f14, f11       f14=xxxxxxxx f14:40e41620 f11:403e53f6
15626631ns          261542 1c00858c 68e776c3 fmadd.s          f13, f14, f14, f13  f13=xxxxxxxx f14:4084ec25 f14:4084ec25 f13:449e69c9
15626650ns          261543 1c008584 0046270b p.lw             x14, 4(x12!)        x14=00000000 x12=10000e8c x12:10000e88  PA:10000e88
15626690ns          261545 1c008588 08b77753 fsub.s           f14, f14, f11       f14=xxxxxxxx f14:00000000 f11:403e53f6
15626710ns          261546 1c00858c 68e776c3 fmadd.s          f13, f14, f14, f13  f13=xxxxxxxx f14:c03e53f6 f14:c03e53f6 f13:44a091ec
15626730ns          261547 1c008584 0046270b p.lw             x14, 4(x12!)        x14=00000000 x12=10000e90 x12:10000e8c  PA:10000e8c
15626770ns          261549 1c008588 08b77753 fsub.s           f14, f14, f11       f14=xxxxxxxx f14:00000000 f11:403e53f6
15626790ns          261550 1c00858c 68e776c3 fmadd.s          f13, f14, f14, f13  f13=xxxxxxxx f14:c03e53f6 f14:c03e53f6 f13:44a1aced
15626810ns          261551 1c008584 0046270b p.lw             x14, 4(x12!)        x14=4125b87a x12=10000e94 x12:10000e90  PA:10000e90
15626849ns          261553 1c008588 08b77753 fsub.s           f14, f14, f11       f14=xxxxxxxx f14:4125b87a f11:403e53f6
15626869ns          261554 1c00858c 68e776c3 fmadd.s          f13, f14, f14, f13  f13=xxxxxxxx f14:40ec46f9 f14:40ec46f9 f13:44a2c7ee
15626889ns          261555 1c008584 0046270b p.lw             x14, 4(x12!)        x14=3fc0e05e x12=10000e98 x12:10000e94  PA:10000e94
15626929ns          261557 1c008588 08b77753 fsub.s           f14, f14, f11       f14=xxxxxxxx f14:3fc0e05e f11:403e53f6
15626949ns          261558 1c00858c 68e776c3 fmadd.s          f13, f14, f14, f13  f13=xxxxxxxx f14:bfbbc78e f14:bfbbc78e f13:44a99885
15626969ns          261559 1c008584 0046270b p.lw             x14, 4(x12!)        x14=401c695c x12=10000e9c x12:10000e98  PA:10000e98
15627009ns          261561 1c008588 08b77753 fsub.s           f14, f14, f11       f14=xxxxxxxx f14:401c695c f11:403e53f6
15627028ns          261562 1c00858c 68e776c3 fmadd.s          f13, f14, f14, f13  f13=xxxxxxxx f14:bf07aa68 f14:bf07aa68 f13:44a9dd64
15627048ns          261563 1c008584 0046270b p.lw             x14, 4(x12!)        x14=4016404d x12=10000ea0 x12:10000e9c  PA:10000e9c
15627088ns          261565 1c008588 08b77753 fsub.s           f14, f14, f11       f14=xxxxxxxx f14:4016404d f11:403e53f6
15627108ns          261566 1c00858c 68e776c3 fmadd.s          f13, f14, f14, f13  f13=xxxxxxxx f14:bf204ea4 f14:bf204ea4 f13:44a9e661
15627128ns          261567 1c008584 0046270b p.lw             x14, 4(x12!)        x14=c027386d x12=10000ea4 x12:10000ea0  PA:10000ea0
15627168ns          261569 1c008588 08b77753 fsub.s           f14, f14, f11       f14=xxxxxxxx f14:c027386d f11:403e53f6
15627188ns          261570 1c00858c 68e776c3 fmadd.s          f13, f14, f14, f13  f13=xxxxxxxx f14:c0b2c632 f14:c0b2c632 f13:44a9f2ed
15627207ns          261571 1c008584 0046270b p.lw             x14, 4(x12!)        x14=41017936 x12=10000ea8 x12:10000ea4  PA:10000ea4
15627247ns          261573 1c008588 08b77753 fsub.s           f14, f14, f11       f14=xxxxxxxx f14:41017936 f11:403e53f6
15627267ns          261574 1c00858c 68e776c3 fmadd.s          f13, f14, f14, f13  f13=xxxxxxxx f14:40a3c871 f14:40a3c871 f13:44add9af
15627287ns          261575 1c008584 0046270b p.lw             x14, 4(x12!)        x14=40bdd336 x12=10000eac x12:10000ea8  PA:10000ea8
15627327ns          261577 1c008588 08b77753 fsub.s           f14, f14, f11       f14=xxxxxxxx f14:40bdd336 f11:403e53f6
15627347ns          261578 1c00858c 68e776c3 fmadd.s          f13, f14, f14, f13  f13=xxxxxxxx f14:403d5276 f14:403d5276 f13:44b11ff6
15627367ns          261579 1c008584 0046270b p.lw             x14, 4(x12!)        x14=bf102385 x12=10000eb0 x12:10000eac  PA:10000eac
15627406ns          261581 1c008588 08b77753 fsub.s           f14, f14, f11       f14=xxxxxxxx f14:bf102385 f11:403e53f6
15627426ns          261582 1c00858c 68e776c3 fmadd.s          f13, f14, f14, f13  f13=xxxxxxxx f14:c0625cd7 f14:c0625cd7 f13:44b237fc
15627446ns          261583 1c008584 0046270b p.lw             x14, 4(x12!)        x14=00000000 x12=10000eb4 x12:10000eb0  PA:10000eb0
15627486ns          261585 1c008588 08b77753 fsub.s           f14, f14, f11       f14=xxxxxxxx f14:00000000 f11:403e53f6
15627506ns          261586 1c00858c 68e776c3 fmadd.s          f13, f14, f14, f13  f13=xxxxxxxx f14:c03e53f6 f14:c03e53f6 f13:44b3c84c
15627526ns          261587 1c008584 0046270b p.lw             x14, 4(x12!)        x14=00000000 x12=10000eb8 x12:10000eb4  PA:10000eb4
15627565ns          261589 1c008588 08b77753 fsub.s           f14, f14, f11       f14=xxxxxxxx f14:00000000 f11:403e53f6
15627585ns          261590 1c00858c 68e776c3 fmadd.s          f13, f14, f14, f13  f13=xxxxxxxx f14:c03e53f6 f14:c03e53f6 f13:44b4e34d
15627605ns          261591 1c008584 0046270b p.lw             x14, 4(x12!)        x14=00000000 x12=10000ebc x12:10000eb8  PA:10000eb8
15627645ns          261593 1c008588 08b77753 fsub.s           f14, f14, f11       f14=xxxxxxxx f14:00000000 f11:403e53f6
15627665ns          261594 1c00858c 68e776c3 fmadd.s          f13, f14, f14, f13  f13=xxxxxxxx f14:c03e53f6 f14:c03e53f6 f13:44b5fe4e
15627685ns          261595 1c008584 0046270b p.lw             x14, 4(x12!)        x14=40e3d5fa x12=10000ec0 x12:10000ebc  PA:10000ebc
15627725ns          261597 1c008588 08b77753 fsub.s           f14, f14, f11       f14=xxxxxxxx f14:40e3d5fa f11:403e53f6
15627744ns          261598 1c00858c 68e776c3 fmadd.s          f13, f14, f14, f13  f13=xxxxxxxx f14:4084abff f14:4084abff f13:44b7194f
15627764ns          261599 1c008584 0046270b p.lw             x14, 4(x12!)        x14=405b38a2 x12=10000ec4 x12:10000ec0  PA:10000ec0
15627804ns          261601 1c008588 08b77753 fsub.s           f14, f14, f11       f14=xxxxxxxx f14:405b38a2 f11:403e53f6
15627824ns          261602 1c00858c 68e776c3 fmadd.s          f13, f14, f14, f13  f13=xxxxxxxx f14:3ee72560 f14:3ee72560 f13:44b93f5e
15627844ns          261603 1c008584 0046270b p.lw             x14, 4(x12!)        x14=4034af2b x12=10000ec8 x12:10000ec4  PA:10000ec4
15627884ns          261605 1c008588 08b77753 fsub.s           f14, f14, f11       f14=xxxxxxxx f14:4034af2b f11:403e53f6
15627904ns          261606 1c00858c 68e776c3 fmadd.s          f13, f14, f14, f13  f13=xxxxxxxx f14:be1a4cb0 f14:be1a4cb0 f13:44b945e4
15627923ns          261607 1c008584 0046270b p.lw             x14, 4(x12!)        x14=3ff7779a x12=10000ecc x12:10000ec8  PA:10000ec8
15627963ns          261609 1c008588 08b77753 fsub.s           f14, f14, f11       f14=xxxxxxxx f14:3ff7779a f11:403e53f6
15627983ns          261610 1c00858c 68e776c3 fmadd.s          f13, f14, f14, f13  f13=xxxxxxxx f14:bf853052 f14:bf853052 f13:44b9469e
15628003ns          261611 1c008584 0046270b p.lw             x14, 4(x12!)        x14=40306111 x12=10000ed0 x12:10000ecc  PA:10000ecc
15628043ns          261613 1c008588 08b77753 fsub.s           f14, f14, f11       f14=xxxxxxxx f14:40306111 f11:403e53f6
15628063ns          261614 1c00858c 68e776c3 fmadd.s          f13, f14, f14, f13  f13=xxxxxxxx f14:be5f2e50 f14:be5f2e50 f13:44b96944
15628083ns          261615 1c008584 0046270b p.lw             x14, 4(x12!)        x14=3fac727b x12=10000ed4 x12:10000ed0  PA:10000ed0
15628122ns          261617 1c008588 08b77753 fsub.s           f14, f14, f11       f14=xxxxxxxx f14:3fac727b f11:403e53f6
15628142ns          261618 1c00858c 68e776c3 fmadd.s          f13, f14, f14, f13  f13=xxxxxxxx f14:bfd03571 f14:bfd03571 f13:44b96ac9
15628162ns          261619 1c008584 0046270b p.lw             x14, 4(x12!)        x14=bfe4aeec x12=10000ed8 x12:10000ed4  PA:10000ed4
15628202ns          261621 1c008588 08b77753 fsub.s           f14, f14, f11       f14=xxxxxxxx f14:bfe4aeec f11:403e53f6
15628222ns          261622 1c00858c 68e776c3 fmadd.s          f13, f14, f14, f13  f13=xxxxxxxx f14:c09855b6 f14:c09855b6 f13:44b9bf74
15628242ns          261623 1c008584 0046270b p.lw             x14, 4(x12!)        x14=00000000 x12=10000edc x12:10000ed8  PA:10000ed8
15628282ns          261625 1c008588 08b77753 fsub.s           f14, f14, f11       f14=xxxxxxxx f14:00000000 f11:403e53f6
15628301ns          261626 1c00858c 68e776c3 fmadd.s          f13, f14, f14, f13  f13=xxxxxxxx f14:c03e53f6 f14:c03e53f6 f13:44bc94a3
15628321ns          261627 1c008584 0046270b p.lw             x14, 4(x12!)        x14=00000000 x12=10000ee0 x12:10000edc  PA:10000edc
15628361ns          261629 1c008588 08b77753 fsub.s           f14, f14, f11       f14=xxxxxxxx f14:00000000 f11:403e53f6
15628381ns          261630 1c00858c 68e776c3 fmadd.s          f13, f14, f14, f13  f13=xxxxxxxx f14:c03e53f6 f14:c03e53f6 f13:44bdafa4
15628401ns          261631 1c008584 0046270b p.lw             x14, 4(x12!)        x14=00000000 x12=10000ee4 x12:10000ee0  PA:10000ee0
15628441ns          261633 1c008588 08b77753 fsub.s           f14, f14, f11       f14=xxxxxxxx f14:00000000 f11:403e53f6
15628461ns          261634 1c00858c 68e776c3 fmadd.s          f13, f14, f14, f13  f13=xxxxxxxx f14:c03e53f6 f14:c03e53f6 f13:44becaa5
15628480ns          261635 1c008584 0046270b p.lw             x14, 4(x12!)        x14=00000000 x12=10000ee8 x12:10000ee4  PA:10000ee4
15628520ns          261637 1c008588 08b77753 fsub.s           f14, f14, f11       f14=xxxxxxxx f14:00000000 f11:403e53f6
15628540ns          261638 1c00858c 68e776c3 fmadd.s          f13, f14, f14, f13  f13=xxxxxxxx f14:c03e53f6 f14:c03e53f6 f13:44bfe5a6
15628560ns          261639 1c008584 0046270b p.lw             x14, 4(x12!)        x14=412988e5 x12=10000eec x12:10000ee8  PA:10000ee8
15628600ns          261641 1c008588 08b77753 fsub.s           f14, f14, f11       f14=xxxxxxxx f14:412988e5 f11:403e53f6
15628620ns          261642 1c00858c 68e776c3 fmadd.s          f13, f14, f14, f13  f13=xxxxxxxx f14:40f3e7cf f14:40f3e7cf f13:44c100a7
15628640ns          261643 1c008584 0046270b p.lw             x14, 4(x12!)        x14=3ef046ba x12=10000ef0 x12:10000eec  PA:10000eec
15628679ns          261645 1c008588 08b77753 fsub.s           f14, f14, f11       f14=xxxxxxxx f14:3ef046ba f11:403e53f6
15628699ns          261646 1c00858c 68e776c3 fmadd.s          f13, f14, f14, f13  f13=xxxxxxxx f14:c0204b1f f14:c0204b1f f13:44c843b6
15628719ns          261647 1c008584 0046270b p.lw             x14, 4(x12!)        x14=bf94293c x12=10000ef4 x12:10000ef0  PA:10000ef0
15628759ns          261649 1c008588 08b77753 fsub.s           f14, f14, f11       f14=xxxxxxxx f14:bf94293c f11:403e53f6
15628779ns          261650 1c00858c 68e776c3 fmadd.s          f13, f14, f14, f13  f13=xxxxxxxx f14:c084344a f14:c084344a f13:44c90c72
15628799ns          261651 1c008584 0046270b p.lw             x14, 4(x12!)        x14=4098c1b1 x12=10000ef8 x12:10000ef4  PA:10000ef4
15628838ns          261653 1c008588 08b77753 fsub.s           f14, f14, f11       f14=xxxxxxxx f14:4098c1b1 f11:403e53f6
15628858ns          261654 1c00858c 68e776c3 fmadd.s          f13, f14, f14, f13  f13=xxxxxxxx f14:3fe65ed8 f14:3fe65ed8 f13:44cb2ea2
15628878ns          261655 1c008584 0046270b p.lw             x14, 4(x12!)        x14=4018ae7f x12=10000efc x12:10000ef8  PA:10000ef8
15628918ns          261657 1c008588 08b77753 fsub.s           f14, f14, f11       f14=xxxxxxxx f14:4018ae7f f11:403e53f6
15628938ns          261658 1c00858c 68e776c3 fmadd.s          f13, f14, f14, f13  f13=xxxxxxxx f14:bf1695dc f14:bf1695dc f13:44cb9649
15628958ns          261659 1c008584 0046270b p.lw             x14, 4(x12!)        x14=40941ab1 x12=10000f00 x12:10000efc  PA:10000efc
15628998ns          261661 1c008588 08b77753 fsub.s           f14, f14, f11       f14=xxxxxxxx f14:40941ab1 f11:403e53f6
15629017ns          261662 1c00858c 68e776c3 fmadd.s          f13, f14, f14, f13  f13=xxxxxxxx f14:3fd3c2d8 f14:3fd3c2d8 f13:44cba15b
15629037ns          261663 1c008584 0046270b p.lw             x14, 4(x12!)        x14=00000000 x12=10000f04 x12:10000f00  PA:10000f00
15629077ns          261665 1c008588 08b77753 fsub.s           f14, f14, f11       f14=xxxxxxxx f14:00000000 f11:403e53f6
15629097ns          261666 1c00858c 68e776c3 fmadd.s          f13, f14, f14, f13  f13=xxxxxxxx f14:c03e53f6 f14:c03e53f6 f13:44cbf8f0
15629117ns          261667 1c008584 0046270b p.lw             x14, 4(x12!)        x14=00000000 x12=10000f08 x12:10000f04  PA:10000f04
15629157ns          261669 1c008588 08b77753 fsub.s           f14, f14, f11       f14=xxxxxxxx f14:00000000 f11:403e53f6
15629177ns          261670 1c00858c 68e776c3 fmadd.s          f13, f14, f14, f13  f13=xxxxxxxx f14:c03e53f6 f14:c03e53f6 f13:44cd13f1
15629196ns          261671 1c008584 0046270b p.lw             x14, 4(x12!)        x14=00000000 x12=10000f0c x12:10000f08  PA:10000f08
15629236ns          261673 1c008588 08b77753 fsub.s           f14, f14, f11       f14=xxxxxxxx f14:00000000 f11:403e53f6
15629256ns          261674 1c00858c 68e776c3 fmadd.s          f13, f14, f14, f13  f13=xxxxxxxx f14:c03e53f6 f14:c03e53f6 f13:44ce2ef2
15629276ns          261675 1c008584 0046270b p.lw             x14, 4(x12!)        x14=00000000 x12=10000f10 x12:10000f0c  PA:10000f0c
15629316ns          261677 1c008588 08b77753 fsub.s           f14, f14, f11       f14=xxxxxxxx f14:00000000 f11:403e53f6
15629336ns          261678 1c00858c 68e776c3 fmadd.s          f13, f14, f14, f13  f13=xxxxxxxx f14:c03e53f6 f14:c03e53f6 f13:44cf49f3
15629356ns          261679 1c008584 0046270b p.lw             x14, 4(x12!)        x14=00000000 x12=10000f14 x12:10000f10  PA:10000f10
15629395ns          261681 1c008588 08b77753 fsub.s           f14, f14, f11       f14=xxxxxxxx f14:00000000 f11:403e53f6
15629415ns          261682 1c00858c 68e776c3 fmadd.s          f13, f14, f14, f13  f13=xxxxxxxx f14:c03e53f6 f14:c03e53f6 f13:44d064f4
15629435ns          261683 1c008584 0046270b p.lw             x14, 4(x12!)        x14=40ee5862 x12=10000f18 x12:10000f14  PA:10000f14
15629475ns          261685 1c008588 08b77753 fsub.s           f14, f14, f11       f14=xxxxxxxx f14:40ee5862 f11:403e53f6
15629495ns          261686 1c00858c 68e776c3 fmadd.s          f13, f14, f14, f13  f13=xxxxxxxx f14:408f2e67 f14:408f2e67 f13:44d17ff5
15629515ns          261687 1c008584 0046270b p.lw             x14, 4(x12!)        x14=c066b789 x12=10000f1c x12:10000f18  PA:10000f18
15629555ns          261689 1c008588 08b77753 fsub.s           f14, f14, f11       f14=xxxxxxxx f14:c066b789 f11:403e53f6
15629574ns          261690 1c00858c 68e776c3 fmadd.s          f13, f14, f14, f13  f13=xxxxxxxx f14:c0d285c0 f14:c0d285c0 f13:44d4009c
15629594ns          261691 1c008584 0046270b p.lw             x14, 4(x12!)        x14=3b0f6f5d x12=10000f20 x12:10000f1c  PA:10000f1c
15629634ns          261693 1c008588 08b77753 fsub.s           f14, f14, f11       f14=xxxxxxxx f14:3b0f6f5d f11:403e53f6
15629654ns          261694 1c00858c 68e776c3 fmadd.s          f13, f14, f14, f13  f13=xxxxxxxx f14:c03e301a f14:c03e301a f13:44d9699a
15629674ns          261695 1c008584 0046270b p.lw             x14, 4(x12!)        x14=beef5175 x12=10000f24 x12:10000f20  PA:10000f20
15629714ns          261697 1c008588 08b77753 fsub.s           f14, f14, f11       f14=xxxxxxxx f14:beef5175 f11:403e53f6
15629734ns          261698 1c00858c 68e776c3 fmadd.s          f13, f14, f14, f13  f13=xxxxxxxx f14:c05c3e25 f14:c05c3e25 f13:44da8431
15629753ns          261699 1c008584 0046270b p.lw             x14, 4(x12!)        x14=bec69ffb x12=10000f28 x12:10000f24  PA:10000f24
15629793ns          261701 1c008588 08b77753 fsub.s           f14, f14, f11       f14=xxxxxxxx f14:bec69ffb f11:403e53f6
15629813ns          261702 1c00858c 68e776c3 fmadd.s          f13, f14, f14, f13  f13=xxxxxxxx f14:c05727f5 f14:c05727f5 f13:44dbff27
15629833ns          261703 1c008584 0046270b p.lw             x14, 4(x12!)        x14=00000000 x12=10000f2c x12:10000f28  PA:10000f28
15629873ns          261705 1c008588 08b77753 fsub.s           f14, f14, f11       f14=xxxxxxxx f14:00000000 f11:403e53f6
15629893ns          261706 1c00858c 68e776c3 fmadd.s          f13, f14, f14, f13  f13=xxxxxxxx f14:c03e53f6 f14:c03e53f6 f13:44dd68cf
15629913ns          261707 1c008584 0046270b p.lw             x14, 4(x12!)        x14=00000000 x12=10000f30 x12:10000f2c  PA:10000f2c
15629952ns          261709 1c008588 08b77753 fsub.s           f14, f14, f11       f14=xxxxxxxx f14:00000000 f11:403e53f6
15629972ns          261710 1c00858c 68e776c3 fmadd.s          f13, f14, f14, f13  f13=xxxxxxxx f14:c03e53f6 f14:c03e53f6 f13:44de83d0
15629992ns          261711 1c008584 0046270b p.lw             x14, 4(x12!)        x14=00000000 x12=10000f34 x12:10000f30  PA:10000f30
15630032ns          261713 1c008588 08b77753 fsub.s           f14, f14, f11       f14=xxxxxxxx f14:00000000 f11:403e53f6
15630052ns          261714 1c00858c 68e776c3 fmadd.s          f13, f14, f14, f13  f13=xxxxxxxx f14:c03e53f6 f14:c03e53f6 f13:44df9ed1
15630072ns          261715 1c008584 0046270b p.lw             x14, 4(x12!)        x14=00000000 x12=10000f38 x12:10000f34  PA:10000f34
15630111ns          261717 1c008588 08b77753 fsub.s           f14, f14, f11       f14=xxxxxxxx f14:00000000 f11:403e53f6
15630131ns          261718 1c00858c 68e776c3 fmadd.s          f13, f14, f14, f13  f13=xxxxxxxx f14:c03e53f6 f14:c03e53f6 f13:44e0b9d2
15630151ns          261719 1c008584 0046270b p.lw             x14, 4(x12!)        x14=00000000 x12=10000f3c x12:10000f38  PA:10000f38
15630191ns          261721 1c008588 08b77753 fsub.s           f14, f14, f11       f14=xxxxxxxx f14:00000000 f11:403e53f6
15630211ns          261722 1c00858c 68e776c3 fmadd.s          f13, f14, f14, f13  f13=xxxxxxxx f14:c03e53f6 f14:c03e53f6 f13:44e1d4d3
15630231ns          261723 1c008584 0046270b p.lw             x14, 4(x12!)        x14=00000000 x12=10000f40 x12:10000f3c  PA:10000f3c
15630271ns          261725 1c008588 08b77753 fsub.s           f14, f14, f11       f14=xxxxxxxx f14:00000000 f11:403e53f6
15630290ns          261726 1c00858c 68e776c3 fmadd.s          f13, f14, f14, f13  f13=xxxxxxxx f14:c03e53f6 f14:c03e53f6 f13:44e2efd4
15630310ns          261727 1c008584 0046270b p.lw             x14, 4(x12!)        x14=40b12343 x12=10000f44 x12:10000f40  PA:10000f40
15630350ns          261729 1c008588 08b77753 fsub.s           f14, f14, f11       f14=xxxxxxxx f14:40b12343 f11:403e53f6
15630370ns          261730 1c00858c 68e776c3 fmadd.s          f13, f14, f14, f13  f13=xxxxxxxx f14:4023f290 f14:4023f290 f13:44e40ad5
15630390ns          261731 1c008584 0046270b p.lw             x14, 4(x12!)        x14=4089537e x12=10000f48 x12:10000f44  PA:10000f44
15630430ns          261733 1c008588 08b77753 fsub.s           f14, f14, f11       f14=xxxxxxxx f14:4089537e f11:403e53f6
15630450ns          261734 1c00858c 68e776c3 fmadd.s          f13, f14, f14, f13  f13=xxxxxxxx f14:3fa8a60c f14:3fa8a60c f13:44e4dcd3
15630469ns          261735 1c008584 0046270b p.lw             x14, 4(x12!)        x14=40989445 x12=10000f4c x12:10000f48  PA:10000f48
15630509ns          261737 1c008588 08b77753 fsub.s           f14, f14, f11       f14=xxxxxxxx f14:40989445 f11:403e53f6
15630529ns          261738 1c00858c 68e776c3 fmadd.s          f13, f14, f14, f13  f13=xxxxxxxx f14:3fe5a928 f14:3fe5a928 f13:44e51460
15630549ns          261739 1c008584 0046270b p.lw             x14, 4(x12!)        x14=4083044b x12=10000f50 x12:10000f4c  PA:10000f4c
15630589ns          261741 1c008588 08b77753 fsub.s           f14, f14, f11       f14=xxxxxxxx f14:4083044b f11:403e53f6
15630609ns          261742 1c00858c 68e776c3 fmadd.s          f13, f14, f14, f13  f13=xxxxxxxx f14:3f8f6940 f14:3f8f6940 f13:44e57b64
15630629ns          261743 1c008584 0046270b p.lw             x14, 4(x12!)        x14=00000000 x12=10000f54 x12:10000f50  PA:10000f50
15630668ns          261745 1c008588 08b77753 fsub.s           f14, f14, f11       f14=xxxxxxxx f14:00000000 f11:403e53f6
15630688ns          261746 1c00858c 68e776c3 fmadd.s          f13, f14, f14, f13  f13=xxxxxxxx f14:c03e53f6 f14:c03e53f6 f13:44e5a38f
15630708ns          261747 1c008584 0046270b p.lw             x14, 4(x12!)        x14=00000000 x12=10000f58 x12:10000f54  PA:10000f54
15630748ns          261749 1c008588 08b77753 fsub.s           f14, f14, f11       f14=xxxxxxxx f14:00000000 f11:403e53f6
15630768ns          261750 1c00858c 68e776c3 fmadd.s          f13, f14, f14, f13  f13=xxxxxxxx f14:c03e53f6 f14:c03e53f6 f13:44e6be90
15630788ns          261751 1c008584 0046270b p.lw             x14, 4(x12!)        x14=00000000 x12=10000f5c x12:10000f58  PA:10000f58
15630828ns          261753 1c008588 08b77753 fsub.s           f14, f14, f11       f14=xxxxxxxx f14:00000000 f11:403e53f6
15630847ns          261754 1c00858c 68e776c3 fmadd.s          f13, f14, f14, f13  f13=xxxxxxxx f14:c03e53f6 f14:c03e53f6 f13:44e7d991
15630867ns          261755 1c008584 0046270b p.lw             x14, 4(x12!)        x14=00000000 x12=10000f60 x12:10000f5c  PA:10000f5c
15630907ns          261757 1c008588 08b77753 fsub.s           f14, f14, f11       f14=xxxxxxxx f14:00000000 f11:403e53f6
15630927ns          261758 1c00858c 68e776c3 fmadd.s          f13, f14, f14, f13  f13=xxxxxxxx f14:c03e53f6 f14:c03e53f6 f13:44e8f492
15630947ns          261759 1c008584 0046270b p.lw             x14, 4(x12!)        x14=00000000 x12=10000f64 x12:10000f60  PA:10000f60
15630987ns          261761 1c008588 08b77753 fsub.s           f14, f14, f11       f14=xxxxxxxx f14:00000000 f11:403e53f6
15631007ns          261762 1c00858c 68e776c3 fmadd.s          f13, f14, f14, f13  f13=xxxxxxxx f14:c03e53f6 f14:c03e53f6 f13:44ea0f93
15631026ns          261763 1c008584 0046270b p.lw             x14, 4(x12!)        x14=00000000 x12=10000f68 x12:10000f64  PA:10000f64
15631066ns          261765 1c008588 08b77753 fsub.s           f14, f14, f11       f14=xxxxxxxx f14:00000000 f11:403e53f6
15631086ns          261766 1c00858c 68e776c3 fmadd.s          f13, f14, f14, f13  f13=xxxxxxxx f14:c03e53f6 f14:c03e53f6 f13:44eb2a94
15631106ns          261767 1c008584 0046270b p.lw             x14, 4(x12!)        x14=00000000 x12=10000f6c x12:10000f68  PA:10000f68
15631146ns          261769 1c008588 08b77753 fsub.s           f14, f14, f11       f14=xxxxxxxx f14:00000000 f11:403e53f6
15631166ns          261770 1c00858c 68e776c3 fmadd.s          f13, f14, f14, f13  f13=xxxxxxxx f14:c03e53f6 f14:c03e53f6 f13:44ec4595
15631186ns          261771 1c008584 0046270b p.lw             x14, 4(x12!)        x14=410f07bf x12=10000f70 x12:10000f6c  PA:10000f6c
15631225ns          261773 1c008588 08b77753 fsub.s           f14, f14, f11       f14=xxxxxxxx f14:410f07bf f11:403e53f6
15631245ns          261774 1c00858c 68e776c3 fmadd.s          f13, f14, f14, f13  f13=xxxxxxxx f14:40bee583 f14:40bee583 f13:44ed6096
15631265ns          261775 1c008584 0046270b p.lw             x14, 4(x12!)        x14=bfb67ed5 x12=10000f74 x12:10000f70  PA:10000f70
15631305ns          261777 1c008588 08b77753 fsub.s           f14, f14, f11       f14=xxxxxxxx f14:bfb67ed5 f11:403e53f6
15631325ns          261778 1c00858c 68e776c3 fmadd.s          f13, f14, f14, f13  f13=xxxxxxxx f14:c08cc9b0 f14:c08cc9b0 f13:44f1d362
15631345ns          261779 1c008584 0046270b p.lw             x14, 4(x12!)        x14=408ae264 x12=10000f78 x12:10000f74  PA:10000f74
15631384ns          261781 1c008588 08b77753 fsub.s           f14, f14, f11       f14=xxxxxxxx f14:408ae264 f11:403e53f6
15631404ns          261782 1c00858c 68e776c3 fmadd.s          f13, f14, f14, f13  f13=xxxxxxxx f14:3faee1a4 f14:3faee1a4 f13:44f43ecc
15631424ns          261783 1c008584 0046270b p.lw             x14, 4(x12!)        x14=00000000 x12=10000f7c x12:10000f78  PA:10000f78
15631464ns          261785 1c008588 08b77753 fsub.s           f14, f14, f11       f14=xxxxxxxx f14:00000000 f11:403e53f6
15631484ns          261786 1c00858c 68e776c3 fmadd.s          f13, f14, f14, f13  f13=xxxxxxxx f14:c03e53f6 f14:c03e53f6 f13:44f47a88
15631504ns          261787 1c008584 0046270b p.lw             x14, 4(x12!)        x14=00000000 x12=10000f80 x12:10000f7c  PA:10000f7c
15631544ns          261789 1c008588 08b77753 fsub.s           f14, f14, f11       f14=xxxxxxxx f14:00000000 f11:403e53f6
15631563ns          261790 1c00858c 68e776c3 fmadd.s          f13, f14, f14, f13  f13=xxxxxxxx f14:c03e53f6 f14:c03e53f6 f13:44f59589
15631583ns          261791 1c008584 0046270b p.lw             x14, 4(x12!)        x14=00000000 x12=10000f84 x12:10000f80  PA:10000f80
15631623ns          261793 1c008588 08b77753 fsub.s           f14, f14, f11       f14=xxxxxxxx f14:00000000 f11:403e53f6
15631643ns          261794 1c00858c 68e776c3 fmadd.s          f13, f14, f14, f13  f13=xxxxxxxx f14:c03e53f6 f14:c03e53f6 f13:44f6b08a
15631663ns          261795 1c008584 0046270b p.lw             x14, 4(x12!)        x14=00000000 x12=10000f88 x12:10000f84  PA:10000f84
15631703ns          261797 1c008588 08b77753 fsub.s           f14, f14, f11       f14=xxxxxxxx f14:00000000 f11:403e53f6
15631723ns          261798 1c00858c 68e776c3 fmadd.s          f13, f14, f14, f13  f13=xxxxxxxx f14:c03e53f6 f14:c03e53f6 f13:44f7cb8b
15631743ns          261799 1c008584 0046270b p.lw             x14, 4(x12!)        x14=00000000 x12=10000f8c x12:10000f88  PA:10000f88
15631782ns          261801 1c008588 08b77753 fsub.s           f14, f14, f11       f14=xxxxxxxx f14:00000000 f11:403e53f6
15631802ns          261802 1c00858c 68e776c3 fmadd.s          f13, f14, f14, f13  f13=xxxxxxxx f14:c03e53f6 f14:c03e53f6 f13:44f8e68c
15631822ns          261803 1c008584 0046270b p.lw             x14, 4(x12!)        x14=00000000 x12=10000f90 x12:10000f8c  PA:10000f8c
15631862ns          261805 1c008588 08b77753 fsub.s           f14, f14, f11       f14=xxxxxxxx f14:00000000 f11:403e53f6
15631882ns          261806 1c00858c 68e776c3 fmadd.s          f13, f14, f14, f13  f13=xxxxxxxx f14:c03e53f6 f14:c03e53f6 f13:44fa018d
15631902ns          261807 1c008584 0046270b p.lw             x14, 4(x12!)        x14=00000000 x12=10000f94 x12:10000f90  PA:10000f90
15631941ns          261809 1c008588 08b77753 fsub.s           f14, f14, f11       f14=xxxxxxxx f14:00000000 f11:403e53f6
15631961ns          261810 1c00858c 68e776c3 fmadd.s          f13, f14, f14, f13  f13=xxxxxxxx f14:c03e53f6 f14:c03e53f6 f13:44fb1c8e
15631981ns          261811 1c008584 0046270b p.lw             x14, 4(x12!)        x14=00000000 x12=10000f98 x12:10000f94  PA:10000f94
15632021ns          261813 1c008588 08b77753 fsub.s           f14, f14, f11       f14=xxxxxxxx f14:00000000 f11:403e53f6
15632041ns          261814 1c00858c 68e776c3 fmadd.s          f13, f14, f14, f13  f13=xxxxxxxx f14:c03e53f6 f14:c03e53f6 f13:44fc378f
15632061ns          261815 1c008584 0046270b p.lw             x14, 4(x12!)        x14=4084bcf5 x12=10000f9c x12:10000f98  PA:10000f98
15632101ns          261817 1c008588 08b77753 fsub.s           f14, f14, f11       f14=xxxxxxxx f14:4084bcf5 f11:403e53f6
15632120ns          261818 1c00858c 68e776c3 fmadd.s          f13, f14, f14, f13  f13=xxxxxxxx f14:3f964be8 f14:3f964be8 f13:44fd5290
15632140ns          261819 1c008584 0046270b p.lw             x14, 4(x12!)        x14=4067d99d x12=10000fa0 x12:10000f9c  PA:10000f9c
15632180ns          261821 1c008588 08b77753 fsub.s           f14, f14, f11       f14=xxxxxxxx f14:4067d99d f11:403e53f6
15632200ns          261822 1c00858c 68e776c3 fmadd.s          f13, f14, f14, f13  f13=xxxxxxxx f14:3f26169c f14:3f26169c f13:44fd7eaf
15632220ns          261823 1c008584 0046270b p.lw             x14, 4(x12!)        x14=00000000 x12=10000fa4 x12:10000fa0  PA:10000fa0
15632260ns          261825 1c008588 08b77753 fsub.s           f14, f14, f11       f14=xxxxxxxx f14:00000000 f11:403e53f6
15632280ns          261826 1c00858c 68e776c3 fmadd.s          f13, f14, f14, f13  f13=xxxxxxxx f14:c03e53f6 f14:c03e53f6 f13:44fd8c27
15632299ns          261827 1c008584 0046270b p.lw             x14, 4(x12!)        x14=00000000 x12=10000fa8 x12:10000fa4  PA:10000fa4
15632339ns          261829 1c008588 08b77753 fsub.s           f14, f14, f11       f14=xxxxxxxx f14:00000000 f11:403e53f6
15632359ns          261830 1c00858c 68e776c3 fmadd.s          f13, f14, f14, f13  f13=xxxxxxxx f14:c03e53f6 f14:c03e53f6 f13:44fea728
15632379ns          261831 1c008584 0046270b p.lw             x14, 4(x12!)        x14=00000000 x12=10000fac x12:10000fa8  PA:10000fa8
15632419ns          261833 1c008588 08b77753 fsub.s           f14, f14, f11       f14=xxxxxxxx f14:00000000 f11:403e53f6
15632439ns          261834 1c00858c 68e776c3 fmadd.s          f13, f14, f14, f13  f13=xxxxxxxx f14:c03e53f6 f14:c03e53f6 f13:44ffc229
15632459ns          261835 1c008584 0046270b p.lw             x14, 4(x12!)        x14=00000000 x12=10000fb0 x12:10000fac  PA:10000fac
15632498ns          261837 1c008588 08b77753 fsub.s           f14, f14, f11       f14=xxxxxxxx f14:00000000 f11:403e53f6
15632518ns          261838 1c00858c 68e776c3 fmadd.s          f13, f14, f14, f13  f13=xxxxxxxx f14:c03e53f6 f14:c03e53f6 f13:45006e95
15632538ns          261839 1c008584 0046270b p.lw             x14, 4(x12!)        x14=00000000 x12=10000fb4 x12:10000fb0  PA:10000fb0
15632578ns          261841 1c008588 08b77753 fsub.s           f14, f14, f11       f14=xxxxxxxx f14:00000000 f11:403e53f6
15632598ns          261842 1c00858c 68e776c3 fmadd.s          f13, f14, f14, f13  f13=xxxxxxxx f14:c03e53f6 f14:c03e53f6 f13:4500fc16
15632618ns          261843 1c008584 0046270b p.lw             x14, 4(x12!)        x14=00000000 x12=10000fb8 x12:10000fb4  PA:10000fb4
15632657ns          261845 1c008588 08b77753 fsub.s           f14, f14, f11       f14=xxxxxxxx f14:00000000 f11:403e53f6
15632677ns          261846 1c00858c 68e776c3 fmadd.s          f13, f14, f14, f13  f13=xxxxxxxx f14:c03e53f6 f14:c03e53f6 f13:45018997
15632697ns          261847 1c008584 0046270b p.lw             x14, 4(x12!)        x14=00000000 x12=10000fbc x12:10000fb8  PA:10000fb8
15632737ns          261849 1c008588 08b77753 fsub.s           f14, f14, f11       f14=xxxxxxxx f14:00000000 f11:403e53f6
15632757ns          261850 1c00858c 68e776c3 fmadd.s          f13, f14, f14, f13  f13=xxxxxxxx f14:c03e53f6 f14:c03e53f6 f13:45021718
15632777ns          261851 1c008584 0046270b p.lw             x14, 4(x12!)        x14=00000000 x12=10000fc0 x12:10000fbc  PA:10000fbc
15632817ns          261853 1c008588 08b77753 fsub.s           f14, f14, f11       f14=xxxxxxxx f14:00000000 f11:403e53f6
15632836ns          261854 1c00858c 68e776c3 fmadd.s          f13, f14, f14, f13  f13=xxxxxxxx f14:c03e53f6 f14:c03e53f6 f13:4502a499
15632856ns          261855 1c008584 0046270b p.lw             x14, 4(x12!)        x14=00000000 x12=10000fc4 x12:10000fc0  PA:10000fc0
15632896ns          261857 1c008588 08b77753 fsub.s           f14, f14, f11       f14=xxxxxxxx f14:00000000 f11:403e53f6
15632916ns          261858 1c00858c 68e776c3 fmadd.s          f13, f14, f14, f13  f13=xxxxxxxx f14:c03e53f6 f14:c03e53f6 f13:4503321a
15632936ns          261859 1c008584 0046270b p.lw             x14, 4(x12!)        x14=3ee2a9aa x12=10000fc8 x12:10000fc4  PA:10000fc4
15632976ns          261861 1c008588 08b77753 fsub.s           f14, f14, f11       f14=xxxxxxxx f14:3ee2a9aa f11:403e53f6
15632996ns          261862 1c00858c 68e776c3 fmadd.s          f13, f14, f14, f13  f13=xxxxxxxx f14:c021fec1 f14:c021fec1 f13:4503bf9b
15633016ns          261863 1c008590 1c0007b7 lui              x15, 0x1c000000     x15=1c000000
15633035ns          261864 1c008594 0247a903 lw               x18, 36(x15)        x18=42c60000 x15:1c000000  PA:1c000024
15633393ns          261882 1c008598 1926f953 fdiv.s           f18, f13, f18       f18=xxxxxxxx f13:4504261d f18:42c60000
15633533ns          261889 1c00859c 78b010ef jal              x1, 8074             x1=xxxxxxxx
15633811ns          261903 1c00a526 f14027f3 csrrs            x15, x0, 0xf14      x15=00000001
15633831ns          261904 1c00a52a 01f00713 addi             x14, x0, 31         x14=0000001f
15633851ns          261905 1c00a52c ca5797b3 p.extractu       x15, x15, 5, 5      x15=00000000 x15:00000001
15633930ns          261909 1c00a530 00e78863 beq              x15, x14, 16        x15:00000000 x14:0000001f
15633970ns          261911 1c00a534 002047b7 lui              x15, 0x204000       x15=00204000
15633990ns          261912 1c00a538 20078793 addi             x15, x15, 512       x15=00204200 x15:00204000
15634010ns          261913 1c00a53c 01c7e703 p.elw            x14, 28(x15)        x14=00010000 x15:00204200  PA:0020421c
16270912ns          293933 1c00a540 00008067 jalr             x0, x1, 0            x1:1c0085a0
16270952ns          293935 1c0085a0 00441793 slli             x15, x8, 0x4        x15=00000010  x8:00000001
16270972ns          293936 1c0085a4 009787b3 add              x15, x15, x9        x15=1c010010 x15:00000010  x9:1c010000
16270991ns          293937 1c0085a6 6407aa83 lw               x21, 1600(x15)      x21=4394b1f7 x15:1c010010  PA:1c010650
16271310ns          293953 1c0085aa 00241413 slli             x8, x8, 0x2          x8=00000004  x8:00000001
16271330ns          293954 1c0085ac 00140793 addi             x15, x8, 1          x15=00000005  x8:00000004
16271469ns          293961 1c0085b0 a1598753 fle.s            x14, f19, f21       x14=00000001 f19:4394b198 f21:4394b1f7
16271509ns          293963 1c0085b4 00279793 slli             x15, x15, 0x2       x15=00000014 x15:00000005
16271529ns          293964 1c0085b6 009787b3 add              x15, x15, x9        x15=1c010014 x15:00000014  x9:1c010000
16271548ns          293965 1c0085b8 6407aa03 lw               x20, 1600(x15)      x20=4394b135 x15:1c010014  PA:1c010654
16271867ns          293981 1c0085bc 28071663 bne              x14, x0, 652        x14:00000001
16272125ns          293994 1c008848 a13a07d3 fle.s            x15, f20, f19       x15=00000001 f20:4394b135 f19:4394b198
16272165ns          293996 1c00884c 00100693 addi             x13, x0, 1          x13=00000001
16272603ns          294018 1c00884e ec0792e3 bne              x15, x0, -316       x15:00000001
16273120ns          294044 1c008712 00240793 addi             x15, x8, 2          x15=00000006  x8:00000004
16273140ns          294045 1c008716 00279793 slli             x15, x15, 0x2       x15=00000018 x15:00000006
16273160ns          294046 1c008718 009787b3 add              x15, x15, x9        x15=1c010018 x15:00000018  x9:1c010000
16273179ns          294047 1c00871a 6407a983 lw               x19, 1600(x15)      x19=41aadc66 x15:1c010018  PA:1c010658
16273597ns          294068 1c00871e 00340413 addi             x8, x8, 3            x8=00000007  x8:00000004
16273617ns          294069 1c008720 a1390753 fle.s            x14, f18, f19       x14=00000001 f18:41aadbf2 f19:41aadc66
16273637ns          294070 1c008724 00241793 slli             x15, x8, 0x2        x15=0000001c  x8:00000007
16273657ns          294071 1c008728 00f484b3 add              x9, x9, x15          x9=1c01001c  x9:1c010000 x15:0000001c
16273677ns          294072 1c00872a 6404a403 lw               x8, 1600(x9)         x8=41aadb86  x9:1c01001c  PA:1c01065c
16274134ns          294095 1c00872e 12070363 beq              x14, x0, 294        x14:00000001
16274174ns          294097 1c008732 a12407d3 fle.s            x15, f8, f18        x15=00000001  f8:41aadb86 f18:41aadbf2
16274194ns          294098 1c008736 10078f63 beq              x15, x0, 286        x15:00000001
16274214ns          294099 1c00873a f14025f3 csrrs            x11, x0, 0xf14      x11=00000001
16274671ns          294122 1c00873e f455b5b3 p.bclr           x11, x11, 26, 5     x11=00000001 x11:00000001
16274711ns          294124 1c008742 26068663 beq              x13, x0, 620        x13:00000001
16274731ns          294125 1c008746 1c000537 lui              x10, 0x1c000000     x10=1c000000
16274751ns          294126 1c00874a 0c050513 addi             x10, x10, 192       x10=1c0000c0 x10:1c000000
16275188ns          294148 1c00874e 223000ef jal              x1, 2594             x1=1c008752
16275268ns          294152 1c009170 fc010113 addi             x2, x2, -64          x2=10000df8  x2:10000e38
16275308ns          294154 1c009172 02410313 addi             x6, x2, 36           x6=10000e1c  x2:10000df8
16275328ns          294155 1c009176 02c12423 sw               x12, 40(x2)         x12:10000fc8  x2:10000df8  PA:10000e20
16275348ns          294156 1c009178 00a00633 add              x12, x0, x10        x12=1c0000c0 x10:1c0000c0
16275367ns          294157 1c00917a 1c009537 lui              x10, 0x1c009000     x10=1c009000
16275387ns          294158 1c00917e 02b12223 sw               x11, 36(x2)         x11:00000001  x2:10000df8  PA:10000e1c
16275407ns          294159 1c009180 02d12623 sw               x13, 44(x2)         x13:00000001  x2:10000df8  PA:10000e24
16275427ns          294160 1c009182 00200593 addi             x11, x0, 2          x11=00000002
16275447ns          294161 1c009184 006006b3 add              x13, x0, x6         x13=10000e1c  x6:10000e1c
16275467ns          294162 1c009186 10450513 addi             x10, x10, 260       x10=1c009104 x10:1c009000
16275487ns          294163 1c00918a 00112e23 sw               x1, 28(x2)           x1:1c008752  x2:10000df8  PA:10000e14
16275507ns          294164 1c00918c 02e12823 sw               x14, 48(x2)         x14:00000001  x2:10000df8  PA:10000e28
16275527ns          294165 1c00918e 02f12a23 sw               x15, 52(x2)         x15:00000001  x2:10000df8  PA:10000e2c
16275546ns          294166 1c009190 03012c23 sw               x16, 56(x2)         x16:3e76dcae  x2:10000df8  PA:10000e30
16275566ns          294167 1c009192 03112e23 sw               x17, 60(x2)         x17:10000fc4  x2:10000df8  PA:10000e34
16275586ns          294168 1c009194 00612623 sw               x6, 12(x2)           x6:10000e1c  x2:10000df8  PA:10000e04
16275606ns          294169 1c009196 fbfff0ef jal              x1, -66              x1=1c009198
16275686ns          294173 1c009154 04a0006f jal              x0, 74             
16275725ns          294175 1c00919e ed010113 addi             x2, x2, -304         x2=10000cc8  x2:10000df8
16275785ns          294178 1c0091a0 12812423 sw               x8, 296(x2)          x8:41aadb86  x2:10000cc8  PA:10000df0
16275825ns          294180 1c0091a4 00000413 addi             x8, x0, 0            x8=00000000
16275845ns          294181 1c0091a6 11612823 sw               x22, 272(x2)        x22:00000008  x2:10000cc8  PA:10000dd8
16275865ns          294182 1c0091aa 11712623 sw               x23, 268(x2)        x23:00000050  x2:10000cc8  PA:10000dd4
16275924ns          294185 1c0091ae 11812423 sw               x24, 264(x2)        x24:00000000  x2:10000cc8  PA:10000dd0
16275964ns          294187 1c0091b2 11912223 sw               x25, 260(x2)        x25:410d6ceb  x2:10000cc8  PA:10000dcc
16275984ns          294188 1c0091b6 11a12023 sw               x26, 256(x2)        x26:433bdb8f  x2:10000cc8  PA:10000dc8
16276004ns          294189 1c0091ba 0fb12e23 sw               x27, 252(x2)        x27:xxxxxxxx  x2:10000cc8  PA:10000dc4
16276024ns          294190 1c0091bc 12112623 sw               x1, 300(x2)          x1:1c009198  x2:10000cc8  PA:10000df4
16276064ns          294192 1c0091c0 00800db3 add              x27, x0, x8         x27=00000000  x8:00000000
16276103ns          294194 1c0091c2 12912223 sw               x9, 292(x2)          x9:1c01001c  x2:10000cc8  PA:10000dec
16276123ns          294195 1c0091c6 13212023 sw               x18, 288(x2)        x18:41aadbf2  x2:10000cc8  PA:10000de8
16276143ns          294196 1c0091ca 11312e23 sw               x19, 284(x2)        x19:41aadc66  x2:10000cc8  PA:10000de4
16276203ns          294199 1c0091ce 11412c23 sw               x20, 280(x2)        x20:4394b135  x2:10000cc8  PA:10000de0
16276243ns          294201 1c0091d2 11512a23 sw               x21, 276(x2)        x21:4394b1f7  x2:10000cc8  PA:10000ddc
16276263ns          294202 1c0091d6 00a00b33 add              x22, x0, x10        x22=1c009104 x10:1c009104
16276282ns          294203 1c0091d8 00b00d33 add              x26, x0, x11        x26=00000002 x11:00000002
16276302ns          294204 1c0091da 00d00c33 add              x24, x0, x13        x24=10000e1c x13:10000e1c
16276322ns          294205 1c0091dc 1c000bb7 lui              x23, 0x1c000000     x23=1c000000
16276342ns          294206 1c0091e0 02410c93 addi             x25, x2, 36         x25=10000cec  x2:10000cc8
16276382ns          294208 1c0091e4 00c00433 add              x8, x0, x12          x8=1c0000c0 x12:1c0000c0
16276402ns          294209 1c0091e6 00044503 lbu              x10, 0(x8)          x10=0000006b  x8:1c0000c0  PA:1c0000c0
16276700ns          294224 1c0091ea 00140413 addi             x8, x8, 1            x8=1c0000c1  x8:1c0000c0
16276720ns          294225 1c0091ec 00050e63 beq              x10, x0, 28         x10:0000006b
16276740ns          294226 1c0091ee 02500793 addi             x15, x0, 37         x15=00000025
16276760ns          294227 1c0091f2 04f50863 beq              x10, x15, 80        x10:0000006b x15:00000025
16276780ns          294228 1c0091f6 01a005b3 add              x11, x0, x26        x11=00000002 x26:00000002
16276800ns          294229 1c0091f8 000b00e7 jalr             x1, x22, 0           x1=1c0091fa x22:1c009104
16276939ns          294236 1c009104 000026b7 lui              x13, 0x2000         x13=00002000
16276979ns          294238 1c009106 f14027f3 csrrs            x15, x0, 0xf14      x15=00000001
16276998ns          294239 1c00910a f8068693 addi             x13, x13, -128      x13=00001f80 x13:00002000
16277058ns          294242 1c00910e 00379713 slli             x14, x15, 0x3       x14=00000008 x15:00000001
16277078ns          294243 1c009112 00279793 slli             x15, x15, 0x2       x15=00000004 x15:00000001
16277098ns          294244 1c009114 00d7f7b3 and              x15, x15, x13       x15=00000000 x15:00000004 x13:00001f80
16277118ns          294245 1c009116 ee873733 p.bclr           x14, x14, 23, 8     x14=00000008 x14:00000008
16277138ns          294246 1c00911a 1a10f6b7 lui              x13, 0x1a10f000     x13=1a10f000
16277197ns          294249 1c00911e 0ff57513 andi             x10, x10, 255       x10=0000006b x10:0000006b
16277217ns          294250 1c009122 00d70733 add              x14, x14, x13       x14=1a10f008 x14:00000008 x13:1a10f000
16277237ns          294251 1c009124 00a7e723 p.sw             x10, x0(x15)        x10:0000006b x15:00000000  PA:1a10f008
16277555ns          294267 1c009128 00000513 addi             x10, x0, 0          x10=00000000
16277575ns          294268 1c00912a 00008067 jalr             x0, x1, 0            x1:1c0091fa
16277635ns          294271 1c0091fa 31f52563 p.beqimm         x10, 778            x10:00000000
16277655ns          294272 1c0091fe 001d8d93 addi             x27, x27, 1         x27=00000001 x27:00000000
16277675ns          294273 1c009200 00044503 lbu              x10, 0(x8)          x10=00000065  x8:1c0000c1  PA:1c0000c1
16277973ns          294288 1c009204 00140413 addi             x8, x8, 1            x8=1c0000c2  x8:1c0000c1
16277993ns          294289 1c009206 fe0514e3 bne              x10, x0, -24        x10:00000065
16278073ns          294293 1c0091ee 02500793 addi             x15, x0, 37         x15=00000025
16278092ns          294294 1c0091f2 04f50863 beq              x10, x15, 80        x10:00000065 x15:00000025
16278112ns          294295 1c0091f6 01a005b3 add              x11, x0, x26        x11=00000002 x26:00000002
16278132ns          294296 1c0091f8 000b00e7 jalr             x1, x22, 0           x1=1c0091fa x22:1c009104
16278172ns          294298 1c009104 000026b7 lui              x13, 0x2000         x13=00002000
16278192ns          294299 1c009106 f14027f3 csrrs            x15, x0, 0xf14      x15=00000001
16278212ns          294300 1c00910a f8068693 addi             x13, x13, -128      x13=00001f80 x13:00002000
16278232ns          294301 1c00910e 00379713 slli             x14, x15, 0x3       x14=00000008 x15:00000001
16278252ns          294302 1c009112 00279793 slli             x15, x15, 0x2       x15=00000004 x15:00000001
16278272ns          294303 1c009114 00d7f7b3 and              x15, x15, x13       x15=00000000 x15:00000004 x13:00001f80
16278291ns          294304 1c009116 ee873733 p.bclr           x14, x14, 23, 8     x14=00000008 x14:00000008
16278311ns          294305 1c00911a 1a10f6b7 lui              x13, 0x1a10f000     x13=1a10f000
16278331ns          294306 1c00911e 0ff57513 andi             x10, x10, 255       x10=00000065 x10:00000065
16278351ns          294307 1c009122 00d70733 add              x14, x14, x13       x14=1a10f008 x14:00000008 x13:1a10f000
16278371ns          294308 1c009124 00a7e723 p.sw             x10, x0(x15)        x10:00000065 x15:00000000  PA:1a10f008
16278689ns          294324 1c009128 00000513 addi             x10, x0, 0          x10=00000000
16278709ns          294325 1c00912a 00008067 jalr             x0, x1, 0            x1:1c0091fa
16278769ns          294328 1c0091fa 31f52563 p.beqimm         x10, 778            x10:00000000
16278789ns          294329 1c0091fe 001d8d93 addi             x27, x27, 1         x27=00000002 x27:00000001
16278809ns          294330 1c009200 00044503 lbu              x10, 0(x8)          x10=00000072  x8:1c0000c2  PA:1c0000c2
16279107ns          294345 1c009204 00140413 addi             x8, x8, 1            x8=1c0000c3  x8:1c0000c2
16279127ns          294346 1c009206 fe0514e3 bne              x10, x0, -24        x10:00000072
16279206ns          294350 1c0091ee 02500793 addi             x15, x0, 37         x15=00000025
16279226ns          294351 1c0091f2 04f50863 beq              x10, x15, 80        x10:00000072 x15:00000025
16279246ns          294352 1c0091f6 01a005b3 add              x11, x0, x26        x11=00000002 x26:00000002
16279266ns          294353 1c0091f8 000b00e7 jalr             x1, x22, 0           x1=1c0091fa x22:1c009104
16279306ns          294355 1c009104 000026b7 lui              x13, 0x2000         x13=00002000
16279326ns          294356 1c009106 f14027f3 csrrs            x15, x0, 0xf14      x15=00000001
16279346ns          294357 1c00910a f8068693 addi             x13, x13, -128      x13=00001f80 x13:00002000
16279365ns          294358 1c00910e 00379713 slli             x14, x15, 0x3       x14=00000008 x15:00000001
16279385ns          294359 1c009112 00279793 slli             x15, x15, 0x2       x15=00000004 x15:00000001
16279405ns          294360 1c009114 00d7f7b3 and              x15, x15, x13       x15=00000000 x15:00000004 x13:00001f80
16279425ns          294361 1c009116 ee873733 p.bclr           x14, x14, 23, 8     x14=00000008 x14:00000008
16279445ns          294362 1c00911a 1a10f6b7 lui              x13, 0x1a10f000     x13=1a10f000
16279465ns          294363 1c00911e 0ff57513 andi             x10, x10, 255       x10=00000072 x10:00000072
16279485ns          294364 1c009122 00d70733 add              x14, x14, x13       x14=1a10f008 x14:00000008 x13:1a10f000
16279505ns          294365 1c009124 00a7e723 p.sw             x10, x0(x15)        x10:00000072 x15:00000000  PA:1a10f008
16279843ns          294382 1c009128 00000513 addi             x10, x0, 0          x10=00000000
16279863ns          294383 1c00912a 00008067 jalr             x0, x1, 0            x1:1c0091fa
16279922ns          294386 1c0091fa 31f52563 p.beqimm         x10, 778            x10:00000000
16279942ns          294387 1c0091fe 001d8d93 addi             x27, x27, 1         x27=00000003 x27:00000002
16279962ns          294388 1c009200 00044503 lbu              x10, 0(x8)          x10=0000006e  x8:1c0000c3  PA:1c0000c3
16280261ns          294403 1c009204 00140413 addi             x8, x8, 1            x8=1c0000c4  x8:1c0000c3
16280280ns          294404 1c009206 fe0514e3 bne              x10, x0, -24        x10:0000006e
16280360ns          294408 1c0091ee 02500793 addi             x15, x0, 37         x15=00000025
16280380ns          294409 1c0091f2 04f50863 beq              x10, x15, 80        x10:0000006e x15:00000025
16280400ns          294410 1c0091f6 01a005b3 add              x11, x0, x26        x11=00000002 x26:00000002
16280420ns          294411 1c0091f8 000b00e7 jalr             x1, x22, 0           x1=1c0091fa x22:1c009104
16280459ns          294413 1c009104 000026b7 lui              x13, 0x2000         x13=00002000
16280479ns          294414 1c009106 f14027f3 csrrs            x15, x0, 0xf14      x15=00000001
16280499ns          294415 1c00910a f8068693 addi             x13, x13, -128      x13=00001f80 x13:00002000
16280519ns          294416 1c00910e 00379713 slli             x14, x15, 0x3       x14=00000008 x15:00000001
16280539ns          294417 1c009112 00279793 slli             x15, x15, 0x2       x15=00000004 x15:00000001
16280559ns          294418 1c009114 00d7f7b3 and              x15, x15, x13       x15=00000000 x15:00000004 x13:00001f80
16280579ns          294419 1c009116 ee873733 p.bclr           x14, x14, 23, 8     x14=00000008 x14:00000008
16280599ns          294420 1c00911a 1a10f6b7 lui              x13, 0x1a10f000     x13=1a10f000
16280619ns          294421 1c00911e 0ff57513 andi             x10, x10, 255       x10=0000006e x10:0000006e
16280639ns          294422 1c009122 00d70733 add              x14, x14, x13       x14=1a10f008 x14:00000008 x13:1a10f000
16280658ns          294423 1c009124 00a7e723 p.sw             x10, x0(x15)        x10:0000006e x15:00000000  PA:1a10f008
16280977ns          294439 1c009128 00000513 addi             x10, x0, 0          x10=00000000
16280997ns          294440 1c00912a 00008067 jalr             x0, x1, 0            x1:1c0091fa
16281056ns          294443 1c0091fa 31f52563 p.beqimm         x10, 778            x10:00000000
16281076ns          294444 1c0091fe 001d8d93 addi             x27, x27, 1         x27=00000004 x27:00000003
16281096ns          294445 1c009200 00044503 lbu              x10, 0(x8)          x10=00000065  x8:1c0000c4  PA:1c0000c4
16281394ns          294460 1c009204 00140413 addi             x8, x8, 1            x8=1c0000c5  x8:1c0000c4
16281414ns          294461 1c009206 fe0514e3 bne              x10, x0, -24        x10:00000065
16281494ns          294465 1c0091ee 02500793 addi             x15, x0, 37         x15=00000025
16281514ns          294466 1c0091f2 04f50863 beq              x10, x15, 80        x10:00000065 x15:00000025
16281534ns          294467 1c0091f6 01a005b3 add              x11, x0, x26        x11=00000002 x26:00000002
16281553ns          294468 1c0091f8 000b00e7 jalr             x1, x22, 0           x1=1c0091fa x22:1c009104
16281593ns          294470 1c009104 000026b7 lui              x13, 0x2000         x13=00002000
16281613ns          294471 1c009106 f14027f3 csrrs            x15, x0, 0xf14      x15=00000001
16281633ns          294472 1c00910a f8068693 addi             x13, x13, -128      x13=00001f80 x13:00002000
16281653ns          294473 1c00910e 00379713 slli             x14, x15, 0x3       x14=00000008 x15:00000001
16281673ns          294474 1c009112 00279793 slli             x15, x15, 0x2       x15=00000004 x15:00000001
16281693ns          294475 1c009114 00d7f7b3 and              x15, x15, x13       x15=00000000 x15:00000004 x13:00001f80
16281713ns          294476 1c009116 ee873733 p.bclr           x14, x14, 23, 8     x14=00000008 x14:00000008
16281732ns          294477 1c00911a 1a10f6b7 lui              x13, 0x1a10f000     x13=1a10f000
16281752ns          294478 1c00911e 0ff57513 andi             x10, x10, 255       x10=00000065 x10:00000065
16281772ns          294479 1c009122 00d70733 add              x14, x14, x13       x14=1a10f008 x14:00000008 x13:1a10f000
16281792ns          294480 1c009124 00a7e723 p.sw             x10, x0(x15)        x10:00000065 x15:00000000  PA:1a10f008
16282110ns          294496 1c009128 00000513 addi             x10, x0, 0          x10=00000000
16282130ns          294497 1c00912a 00008067 jalr             x0, x1, 0            x1:1c0091fa
16282190ns          294500 1c0091fa 31f52563 p.beqimm         x10, 778            x10:00000000
16282210ns          294501 1c0091fe 001d8d93 addi             x27, x27, 1         x27=00000005 x27:00000004
16282230ns          294502 1c009200 00044503 lbu              x10, 0(x8)          x10=0000006c  x8:1c0000c5  PA:1c0000c5
16282548ns          294518 1c009204 00140413 addi             x8, x8, 1            x8=1c0000c6  x8:1c0000c5
16282568ns          294519 1c009206 fe0514e3 bne              x10, x0, -24        x10:0000006c
16282647ns          294523 1c0091ee 02500793 addi             x15, x0, 37         x15=00000025
16282667ns          294524 1c0091f2 04f50863 beq              x10, x15, 80        x10:0000006c x15:00000025
16282687ns          294525 1c0091f6 01a005b3 add              x11, x0, x26        x11=00000002 x26:00000002
16282707ns          294526 1c0091f8 000b00e7 jalr             x1, x22, 0           x1=1c0091fa x22:1c009104
16282747ns          294528 1c009104 000026b7 lui              x13, 0x2000         x13=00002000
16282767ns          294529 1c009106 f14027f3 csrrs            x15, x0, 0xf14      x15=00000001
16282787ns          294530 1c00910a f8068693 addi             x13, x13, -128      x13=00001f80 x13:00002000
16282807ns          294531 1c00910e 00379713 slli             x14, x15, 0x3       x14=00000008 x15:00000001
16282826ns          294532 1c009112 00279793 slli             x15, x15, 0x2       x15=00000004 x15:00000001
16282846ns          294533 1c009114 00d7f7b3 and              x15, x15, x13       x15=00000000 x15:00000004 x13:00001f80
16282866ns          294534 1c009116 ee873733 p.bclr           x14, x14, 23, 8     x14=00000008 x14:00000008
16282886ns          294535 1c00911a 1a10f6b7 lui              x13, 0x1a10f000     x13=1a10f000
16282906ns          294536 1c00911e 0ff57513 andi             x10, x10, 255       x10=0000006c x10:0000006c
16282926ns          294537 1c009122 00d70733 add              x14, x14, x13       x14=1a10f008 x14:00000008 x13:1a10f000
16282946ns          294538 1c009124 00a7e723 p.sw             x10, x0(x15)        x10:0000006c x15:00000000  PA:1a10f008
16283264ns          294554 1c009128 00000513 addi             x10, x0, 0          x10=00000000
16283284ns          294555 1c00912a 00008067 jalr             x0, x1, 0            x1:1c0091fa
16283344ns          294558 1c0091fa 31f52563 p.beqimm         x10, 778            x10:00000000
16283364ns          294559 1c0091fe 001d8d93 addi             x27, x27, 1         x27=00000006 x27:00000005
16283383ns          294560 1c009200 00044503 lbu              x10, 0(x8)          x10=00000020  x8:1c0000c6  PA:1c0000c6
16283682ns          294575 1c009204 00140413 addi             x8, x8, 1            x8=1c0000c7  x8:1c0000c6
16283702ns          294576 1c009206 fe0514e3 bne              x10, x0, -24        x10:00000020
16283781ns          294580 1c0091ee 02500793 addi             x15, x0, 37         x15=00000025
16283801ns          294581 1c0091f2 04f50863 beq              x10, x15, 80        x10:00000020 x15:00000025
16283821ns          294582 1c0091f6 01a005b3 add              x11, x0, x26        x11=00000002 x26:00000002
16283841ns          294583 1c0091f8 000b00e7 jalr             x1, x22, 0           x1=1c0091fa x22:1c009104
16283881ns          294585 1c009104 000026b7 lui              x13, 0x2000         x13=00002000
16283901ns          294586 1c009106 f14027f3 csrrs            x15, x0, 0xf14      x15=00000001
16283920ns          294587 1c00910a f8068693 addi             x13, x13, -128      x13=00001f80 x13:00002000
16283940ns          294588 1c00910e 00379713 slli             x14, x15, 0x3       x14=00000008 x15:00000001
16283960ns          294589 1c009112 00279793 slli             x15, x15, 0x2       x15=00000004 x15:00000001
16283980ns          294590 1c009114 00d7f7b3 and              x15, x15, x13       x15=00000000 x15:00000004 x13:00001f80
16284000ns          294591 1c009116 ee873733 p.bclr           x14, x14, 23, 8     x14=00000008 x14:00000008
16284020ns          294592 1c00911a 1a10f6b7 lui              x13, 0x1a10f000     x13=1a10f000
16284040ns          294593 1c00911e 0ff57513 andi             x10, x10, 255       x10=00000020 x10:00000020
16284060ns          294594 1c009122 00d70733 add              x14, x14, x13       x14=1a10f008 x14:00000008 x13:1a10f000
16284080ns          294595 1c009124 00a7e723 p.sw             x10, x0(x15)        x10:00000020 x15:00000000  PA:1a10f008
16284398ns          294611 1c009128 00000513 addi             x10, x0, 0          x10=00000000
16284418ns          294612 1c00912a 00008067 jalr             x0, x1, 0            x1:1c0091fa
16284477ns          294615 1c0091fa 31f52563 p.beqimm         x10, 778            x10:00000000
16284497ns          294616 1c0091fe 001d8d93 addi             x27, x27, 1         x27=00000007 x27:00000006
16284517ns          294617 1c009200 00044503 lbu              x10, 0(x8)          x10=00000070  x8:1c0000c7  PA:1c0000c7
16284816ns          294632 1c009204 00140413 addi             x8, x8, 1            x8=1c0000c8  x8:1c0000c7
16284835ns          294633 1c009206 fe0514e3 bne              x10, x0, -24        x10:00000070
16284915ns          294637 1c0091ee 02500793 addi             x15, x0, 37         x15=00000025
16284935ns          294638 1c0091f2 04f50863 beq              x10, x15, 80        x10:00000070 x15:00000025
16284955ns          294639 1c0091f6 01a005b3 add              x11, x0, x26        x11=00000002 x26:00000002
16284975ns          294640 1c0091f8 000b00e7 jalr             x1, x22, 0           x1=1c0091fa x22:1c009104
16285014ns          294642 1c009104 000026b7 lui              x13, 0x2000         x13=00002000
16285034ns          294643 1c009106 f14027f3 csrrs            x15, x0, 0xf14      x15=00000001
16285054ns          294644 1c00910a f8068693 addi             x13, x13, -128      x13=00001f80 x13:00002000
16285074ns          294645 1c00910e 00379713 slli             x14, x15, 0x3       x14=00000008 x15:00000001
16285094ns          294646 1c009112 00279793 slli             x15, x15, 0x2       x15=00000004 x15:00000001
16285114ns          294647 1c009114 00d7f7b3 and              x15, x15, x13       x15=00000000 x15:00000004 x13:00001f80
16285134ns          294648 1c009116 ee873733 p.bclr           x14, x14, 23, 8     x14=00000008 x14:00000008
16285154ns          294649 1c00911a 1a10f6b7 lui              x13, 0x1a10f000     x13=1a10f000
16285174ns          294650 1c00911e 0ff57513 andi             x10, x10, 255       x10=00000070 x10:00000070
16285193ns          294651 1c009122 00d70733 add              x14, x14, x13       x14=1a10f008 x14:00000008 x13:1a10f000
16285213ns          294652 1c009124 00a7e723 p.sw             x10, x0(x15)        x10:00000070 x15:00000000  PA:1a10f008
16285532ns          294668 1c009128 00000513 addi             x10, x0, 0          x10=00000000
16285552ns          294669 1c00912a 00008067 jalr             x0, x1, 0            x1:1c0091fa
16285611ns          294672 1c0091fa 31f52563 p.beqimm         x10, 778            x10:00000000
16285631ns          294673 1c0091fe 001d8d93 addi             x27, x27, 1         x27=00000008 x27:00000007
16285651ns          294674 1c009200 00044503 lbu              x10, 0(x8)          x10=00000061  x8:1c0000c8  PA:1c0000c8
16285949ns          294689 1c009204 00140413 addi             x8, x8, 1            x8=1c0000c9  x8:1c0000c8
16285969ns          294690 1c009206 fe0514e3 bne              x10, x0, -24        x10:00000061
16286049ns          294694 1c0091ee 02500793 addi             x15, x0, 37         x15=00000025
16286069ns          294695 1c0091f2 04f50863 beq              x10, x15, 80        x10:00000061 x15:00000025
16286089ns          294696 1c0091f6 01a005b3 add              x11, x0, x26        x11=00000002 x26:00000002
16286108ns          294697 1c0091f8 000b00e7 jalr             x1, x22, 0           x1=1c0091fa x22:1c009104
16286148ns          294699 1c009104 000026b7 lui              x13, 0x2000         x13=00002000
16286168ns          294700 1c009106 f14027f3 csrrs            x15, x0, 0xf14      x15=00000001
16286188ns          294701 1c00910a f8068693 addi             x13, x13, -128      x13=00001f80 x13:00002000
16286208ns          294702 1c00910e 00379713 slli             x14, x15, 0x3       x14=00000008 x15:00000001
16286228ns          294703 1c009112 00279793 slli             x15, x15, 0x2       x15=00000004 x15:00000001
16286248ns          294704 1c009114 00d7f7b3 and              x15, x15, x13       x15=00000000 x15:00000004 x13:00001f80
16286268ns          294705 1c009116 ee873733 p.bclr           x14, x14, 23, 8     x14=00000008 x14:00000008
16286287ns          294706 1c00911a 1a10f6b7 lui              x13, 0x1a10f000     x13=1a10f000
16286307ns          294707 1c00911e 0ff57513 andi             x10, x10, 255       x10=00000061 x10:00000061
16286327ns          294708 1c009122 00d70733 add              x14, x14, x13       x14=1a10f008 x14:00000008 x13:1a10f000
16286347ns          294709 1c009124 00a7e723 p.sw             x10, x0(x15)        x10:00000061 x15:00000000  PA:1a10f008
16286665ns          294725 1c009128 00000513 addi             x10, x0, 0          x10=00000000
16286685ns          294726 1c00912a 00008067 jalr             x0, x1, 0            x1:1c0091fa
16286745ns          294729 1c0091fa 31f52563 p.beqimm         x10, 778            x10:00000000
16286765ns          294730 1c0091fe 001d8d93 addi             x27, x27, 1         x27=00000009 x27:00000008
16286785ns          294731 1c009200 00044503 lbu              x10, 0(x8)          x10=00000073  x8:1c0000c9  PA:1c0000c9
16287083ns          294746 1c009204 00140413 addi             x8, x8, 1            x8=1c0000ca  x8:1c0000c9
16287103ns          294747 1c009206 fe0514e3 bne              x10, x0, -24        x10:00000073
16287183ns          294751 1c0091ee 02500793 addi             x15, x0, 37         x15=00000025
16287202ns          294752 1c0091f2 04f50863 beq              x10, x15, 80        x10:00000073 x15:00000025
16287222ns          294753 1c0091f6 01a005b3 add              x11, x0, x26        x11=00000002 x26:00000002
16287242ns          294754 1c0091f8 000b00e7 jalr             x1, x22, 0           x1=1c0091fa x22:1c009104
16287282ns          294756 1c009104 000026b7 lui              x13, 0x2000         x13=00002000
16287302ns          294757 1c009106 f14027f3 csrrs            x15, x0, 0xf14      x15=00000001
16287322ns          294758 1c00910a f8068693 addi             x13, x13, -128      x13=00001f80 x13:00002000
16287342ns          294759 1c00910e 00379713 slli             x14, x15, 0x3       x14=00000008 x15:00000001
16287362ns          294760 1c009112 00279793 slli             x15, x15, 0x2       x15=00000004 x15:00000001
16287381ns          294761 1c009114 00d7f7b3 and              x15, x15, x13       x15=00000000 x15:00000004 x13:00001f80
16287401ns          294762 1c009116 ee873733 p.bclr           x14, x14, 23, 8     x14=00000008 x14:00000008
16287421ns          294763 1c00911a 1a10f6b7 lui              x13, 0x1a10f000     x13=1a10f000
16287441ns          294764 1c00911e 0ff57513 andi             x10, x10, 255       x10=00000073 x10:00000073
16287461ns          294765 1c009122 00d70733 add              x14, x14, x13       x14=1a10f008 x14:00000008 x13:1a10f000
16287481ns          294766 1c009124 00a7e723 p.sw             x10, x0(x15)        x10:00000073 x15:00000000  PA:1a10f008
16287819ns          294783 1c009128 00000513 addi             x10, x0, 0          x10=00000000
16287839ns          294784 1c00912a 00008067 jalr             x0, x1, 0            x1:1c0091fa
16287899ns          294787 1c0091fa 31f52563 p.beqimm         x10, 778            x10:00000000
16287919ns          294788 1c0091fe 001d8d93 addi             x27, x27, 1         x27=0000000a x27:00000009
16287938ns          294789 1c009200 00044503 lbu              x10, 0(x8)          x10=00000073  x8:1c0000ca  PA:1c0000ca
16288237ns          294804 1c009204 00140413 addi             x8, x8, 1            x8=1c0000cb  x8:1c0000ca
16288257ns          294805 1c009206 fe0514e3 bne              x10, x0, -24        x10:00000073
16288336ns          294809 1c0091ee 02500793 addi             x15, x0, 37         x15=00000025
16288356ns          294810 1c0091f2 04f50863 beq              x10, x15, 80        x10:00000073 x15:00000025
16288376ns          294811 1c0091f6 01a005b3 add              x11, x0, x26        x11=00000002 x26:00000002
16288396ns          294812 1c0091f8 000b00e7 jalr             x1, x22, 0           x1=1c0091fa x22:1c009104
16288436ns          294814 1c009104 000026b7 lui              x13, 0x2000         x13=00002000
16288456ns          294815 1c009106 f14027f3 csrrs            x15, x0, 0xf14      x15=00000001
16288475ns          294816 1c00910a f8068693 addi             x13, x13, -128      x13=00001f80 x13:00002000
16288495ns          294817 1c00910e 00379713 slli             x14, x15, 0x3       x14=00000008 x15:00000001
16288515ns          294818 1c009112 00279793 slli             x15, x15, 0x2       x15=00000004 x15:00000001
16288535ns          294819 1c009114 00d7f7b3 and              x15, x15, x13       x15=00000000 x15:00000004 x13:00001f80
16288555ns          294820 1c009116 ee873733 p.bclr           x14, x14, 23, 8     x14=00000008 x14:00000008
16288575ns          294821 1c00911a 1a10f6b7 lui              x13, 0x1a10f000     x13=1a10f000
16288595ns          294822 1c00911e 0ff57513 andi             x10, x10, 255       x10=00000073 x10:00000073
16288615ns          294823 1c009122 00d70733 add              x14, x14, x13       x14=1a10f008 x14:00000008 x13:1a10f000
16288635ns          294824 1c009124 00a7e723 p.sw             x10, x0(x15)        x10:00000073 x15:00000000  PA:1a10f008
16288953ns          294840 1c009128 00000513 addi             x10, x0, 0          x10=00000000
16288973ns          294841 1c00912a 00008067 jalr             x0, x1, 0            x1:1c0091fa
16289032ns          294844 1c0091fa 31f52563 p.beqimm         x10, 778            x10:00000000
16289052ns          294845 1c0091fe 001d8d93 addi             x27, x27, 1         x27=0000000b x27:0000000a
16289072ns          294846 1c009200 00044503 lbu              x10, 0(x8)          x10=00000065  x8:1c0000cb  PA:1c0000cb
16289371ns          294861 1c009204 00140413 addi             x8, x8, 1            x8=1c0000cc  x8:1c0000cb
16289390ns          294862 1c009206 fe0514e3 bne              x10, x0, -24        x10:00000065
16289470ns          294866 1c0091ee 02500793 addi             x15, x0, 37         x15=00000025
16289490ns          294867 1c0091f2 04f50863 beq              x10, x15, 80        x10:00000065 x15:00000025
16289510ns          294868 1c0091f6 01a005b3 add              x11, x0, x26        x11=00000002 x26:00000002
16289530ns          294869 1c0091f8 000b00e7 jalr             x1, x22, 0           x1=1c0091fa x22:1c009104
16289569ns          294871 1c009104 000026b7 lui              x13, 0x2000         x13=00002000
16289589ns          294872 1c009106 f14027f3 csrrs            x15, x0, 0xf14      x15=00000001
16289609ns          294873 1c00910a f8068693 addi             x13, x13, -128      x13=00001f80 x13:00002000
16289629ns          294874 1c00910e 00379713 slli             x14, x15, 0x3       x14=00000008 x15:00000001
16289649ns          294875 1c009112 00279793 slli             x15, x15, 0x2       x15=00000004 x15:00000001
16289669ns          294876 1c009114 00d7f7b3 and              x15, x15, x13       x15=00000000 x15:00000004 x13:00001f80
16289689ns          294877 1c009116 ee873733 p.bclr           x14, x14, 23, 8     x14=00000008 x14:00000008
16289709ns          294878 1c00911a 1a10f6b7 lui              x13, 0x1a10f000     x13=1a10f000
16289729ns          294879 1c00911e 0ff57513 andi             x10, x10, 255       x10=00000065 x10:00000065
16289748ns          294880 1c009122 00d70733 add              x14, x14, x13       x14=1a10f008 x14:00000008 x13:1a10f000
16289768ns          294881 1c009124 00a7e723 p.sw             x10, x0(x15)        x10:00000065 x15:00000000  PA:1a10f008
16290087ns          294897 1c009128 00000513 addi             x10, x0, 0          x10=00000000
16290107ns          294898 1c00912a 00008067 jalr             x0, x1, 0            x1:1c0091fa
16290166ns          294901 1c0091fa 31f52563 p.beqimm         x10, 778            x10:00000000
16290186ns          294902 1c0091fe 001d8d93 addi             x27, x27, 1         x27=0000000c x27:0000000b
16290206ns          294903 1c009200 00044503 lbu              x10, 0(x8)          x10=00000064  x8:1c0000cc  PA:1c0000cc
16290544ns          294920 1c009204 00140413 addi             x8, x8, 1            x8=1c0000cd  x8:1c0000cc
16290564ns          294921 1c009206 fe0514e3 bne              x10, x0, -24        x10:00000064
16290644ns          294925 1c0091ee 02500793 addi             x15, x0, 37         x15=00000025
16290663ns          294926 1c0091f2 04f50863 beq              x10, x15, 80        x10:00000064 x15:00000025
16290683ns          294927 1c0091f6 01a005b3 add              x11, x0, x26        x11=00000002 x26:00000002
16290703ns          294928 1c0091f8 000b00e7 jalr             x1, x22, 0           x1=1c0091fa x22:1c009104
16290743ns          294930 1c009104 000026b7 lui              x13, 0x2000         x13=00002000
16290763ns          294931 1c009106 f14027f3 csrrs            x15, x0, 0xf14      x15=00000001
16290783ns          294932 1c00910a f8068693 addi             x13, x13, -128      x13=00001f80 x13:00002000
16290803ns          294933 1c00910e 00379713 slli             x14, x15, 0x3       x14=00000008 x15:00000001
16290823ns          294934 1c009112 00279793 slli             x15, x15, 0x2       x15=00000004 x15:00000001
16290842ns          294935 1c009114 00d7f7b3 and              x15, x15, x13       x15=00000000 x15:00000004 x13:00001f80
16290862ns          294936 1c009116 ee873733 p.bclr           x14, x14, 23, 8     x14=00000008 x14:00000008
16290882ns          294937 1c00911a 1a10f6b7 lui              x13, 0x1a10f000     x13=1a10f000
16290902ns          294938 1c00911e 0ff57513 andi             x10, x10, 255       x10=00000064 x10:00000064
16290922ns          294939 1c009122 00d70733 add              x14, x14, x13       x14=1a10f008 x14:00000008 x13:1a10f000
16290942ns          294940 1c009124 00a7e723 p.sw             x10, x0(x15)        x10:00000064 x15:00000000  PA:1a10f008
16291260ns          294956 1c009128 00000513 addi             x10, x0, 0          x10=00000000
16291280ns          294957 1c00912a 00008067 jalr             x0, x1, 0            x1:1c0091fa
16291340ns          294960 1c0091fa 31f52563 p.beqimm         x10, 778            x10:00000000
16291360ns          294961 1c0091fe 001d8d93 addi             x27, x27, 1         x27=0000000d x27:0000000c
16291380ns          294962 1c009200 00044503 lbu              x10, 0(x8)          x10=00000020  x8:1c0000cd  PA:1c0000cd
16291678ns          294977 1c009204 00140413 addi             x8, x8, 1            x8=1c0000ce  x8:1c0000cd
16291698ns          294978 1c009206 fe0514e3 bne              x10, x0, -24        x10:00000020
16291777ns          294982 1c0091ee 02500793 addi             x15, x0, 37         x15=00000025
16291797ns          294983 1c0091f2 04f50863 beq              x10, x15, 80        x10:00000020 x15:00000025
16291817ns          294984 1c0091f6 01a005b3 add              x11, x0, x26        x11=00000002 x26:00000002
16291837ns          294985 1c0091f8 000b00e7 jalr             x1, x22, 0           x1=1c0091fa x22:1c009104
16291877ns          294987 1c009104 000026b7 lui              x13, 0x2000         x13=00002000
16291897ns          294988 1c009106 f14027f3 csrrs            x15, x0, 0xf14      x15=00000001
16291917ns          294989 1c00910a f8068693 addi             x13, x13, -128      x13=00001f80 x13:00002000
16291936ns          294990 1c00910e 00379713 slli             x14, x15, 0x3       x14=00000008 x15:00000001
16291956ns          294991 1c009112 00279793 slli             x15, x15, 0x2       x15=00000004 x15:00000001
16291976ns          294992 1c009114 00d7f7b3 and              x15, x15, x13       x15=00000000 x15:00000004 x13:00001f80
16291996ns          294993 1c009116 ee873733 p.bclr           x14, x14, 23, 8     x14=00000008 x14:00000008
16292016ns          294994 1c00911a 1a10f6b7 lui              x13, 0x1a10f000     x13=1a10f000
16292036ns          294995 1c00911e 0ff57513 andi             x10, x10, 255       x10=00000020 x10:00000020
16292056ns          294996 1c009122 00d70733 add              x14, x14, x13       x14=1a10f008 x14:00000008 x13:1a10f000
16292076ns          294997 1c009124 00a7e723 p.sw             x10, x0(x15)        x10:00000020 x15:00000000  PA:1a10f008
16292394ns          295013 1c009128 00000513 addi             x10, x0, 0          x10=00000000
16292414ns          295014 1c00912a 00008067 jalr             x0, x1, 0            x1:1c0091fa
16292474ns          295017 1c0091fa 31f52563 p.beqimm         x10, 778            x10:00000000
16292493ns          295018 1c0091fe 001d8d93 addi             x27, x27, 1         x27=0000000e x27:0000000d
16292513ns          295019 1c009200 00044503 lbu              x10, 0(x8)          x10=0000006f  x8:1c0000ce  PA:1c0000ce
16292812ns          295034 1c009204 00140413 addi             x8, x8, 1            x8=1c0000cf  x8:1c0000ce
16292832ns          295035 1c009206 fe0514e3 bne              x10, x0, -24        x10:0000006f
16292911ns          295039 1c0091ee 02500793 addi             x15, x0, 37         x15=00000025
16292931ns          295040 1c0091f2 04f50863 beq              x10, x15, 80        x10:0000006f x15:00000025
16292951ns          295041 1c0091f6 01a005b3 add              x11, x0, x26        x11=00000002 x26:00000002
16292971ns          295042 1c0091f8 000b00e7 jalr             x1, x22, 0           x1=1c0091fa x22:1c009104
16293011ns          295044 1c009104 000026b7 lui              x13, 0x2000         x13=00002000
16293030ns          295045 1c009106 f14027f3 csrrs            x15, x0, 0xf14      x15=00000001
16293050ns          295046 1c00910a f8068693 addi             x13, x13, -128      x13=00001f80 x13:00002000
16293070ns          295047 1c00910e 00379713 slli             x14, x15, 0x3       x14=00000008 x15:00000001
16293090ns          295048 1c009112 00279793 slli             x15, x15, 0x2       x15=00000004 x15:00000001
16293110ns          295049 1c009114 00d7f7b3 and              x15, x15, x13       x15=00000000 x15:00000004 x13:00001f80
16293130ns          295050 1c009116 ee873733 p.bclr           x14, x14, 23, 8     x14=00000008 x14:00000008
16293150ns          295051 1c00911a 1a10f6b7 lui              x13, 0x1a10f000     x13=1a10f000
16293170ns          295052 1c00911e 0ff57513 andi             x10, x10, 255       x10=0000006f x10:0000006f
16293190ns          295053 1c009122 00d70733 add              x14, x14, x13       x14=1a10f008 x14:00000008 x13:1a10f000
16293209ns          295054 1c009124 00a7e723 p.sw             x10, x0(x15)        x10:0000006f x15:00000000  PA:1a10f008
16293528ns          295070 1c009128 00000513 addi             x10, x0, 0          x10=00000000
16293548ns          295071 1c00912a 00008067 jalr             x0, x1, 0            x1:1c0091fa
16293607ns          295074 1c0091fa 31f52563 p.beqimm         x10, 778            x10:00000000
16293627ns          295075 1c0091fe 001d8d93 addi             x27, x27, 1         x27=0000000f x27:0000000e
16293647ns          295076 1c009200 00044503 lbu              x10, 0(x8)          x10=0000006e  x8:1c0000cf  PA:1c0000cf
16293965ns          295092 1c009204 00140413 addi             x8, x8, 1            x8=1c0000d0  x8:1c0000cf
16293985ns          295093 1c009206 fe0514e3 bne              x10, x0, -24        x10:0000006e
16294065ns          295097 1c0091ee 02500793 addi             x15, x0, 37         x15=00000025
16294085ns          295098 1c0091f2 04f50863 beq              x10, x15, 80        x10:0000006e x15:00000025
16294105ns          295099 1c0091f6 01a005b3 add              x11, x0, x26        x11=00000002 x26:00000002
16294124ns          295100 1c0091f8 000b00e7 jalr             x1, x22, 0           x1=1c0091fa x22:1c009104
16294164ns          295102 1c009104 000026b7 lui              x13, 0x2000         x13=00002000
16294184ns          295103 1c009106 f14027f3 csrrs            x15, x0, 0xf14      x15=00000001
16294204ns          295104 1c00910a f8068693 addi             x13, x13, -128      x13=00001f80 x13:00002000
16294224ns          295105 1c00910e 00379713 slli             x14, x15, 0x3       x14=00000008 x15:00000001
16294244ns          295106 1c009112 00279793 slli             x15, x15, 0x2       x15=00000004 x15:00000001
16294264ns          295107 1c009114 00d7f7b3 and              x15, x15, x13       x15=00000000 x15:00000004 x13:00001f80
16294284ns          295108 1c009116 ee873733 p.bclr           x14, x14, 23, 8     x14=00000008 x14:00000008
16294303ns          295109 1c00911a 1a10f6b7 lui              x13, 0x1a10f000     x13=1a10f000
16294323ns          295110 1c00911e 0ff57513 andi             x10, x10, 255       x10=0000006e x10:0000006e
16294343ns          295111 1c009122 00d70733 add              x14, x14, x13       x14=1a10f008 x14:00000008 x13:1a10f000
16294363ns          295112 1c009124 00a7e723 p.sw             x10, x0(x15)        x10:0000006e x15:00000000  PA:1a10f008
16294681ns          295128 1c009128 00000513 addi             x10, x0, 0          x10=00000000
16294701ns          295129 1c00912a 00008067 jalr             x0, x1, 0            x1:1c0091fa
16294761ns          295132 1c0091fa 31f52563 p.beqimm         x10, 778            x10:00000000
16294781ns          295133 1c0091fe 001d8d93 addi             x27, x27, 1         x27=00000010 x27:0000000f
16294801ns          295134 1c009200 00044503 lbu              x10, 0(x8)          x10=00000020  x8:1c0000d0  PA:1c0000d0
16295099ns          295149 1c009204 00140413 addi             x8, x8, 1            x8=1c0000d1  x8:1c0000d0
16295119ns          295150 1c009206 fe0514e3 bne              x10, x0, -24        x10:00000020
16295199ns          295154 1c0091ee 02500793 addi             x15, x0, 37         x15=00000025
16295218ns          295155 1c0091f2 04f50863 beq              x10, x15, 80        x10:00000020 x15:00000025
16295238ns          295156 1c0091f6 01a005b3 add              x11, x0, x26        x11=00000002 x26:00000002
16295258ns          295157 1c0091f8 000b00e7 jalr             x1, x22, 0           x1=1c0091fa x22:1c009104
16295298ns          295159 1c009104 000026b7 lui              x13, 0x2000         x13=00002000
16295318ns          295160 1c009106 f14027f3 csrrs            x15, x0, 0xf14      x15=00000001
16295338ns          295161 1c00910a f8068693 addi             x13, x13, -128      x13=00001f80 x13:00002000
16295358ns          295162 1c00910e 00379713 slli             x14, x15, 0x3       x14=00000008 x15:00000001
16295378ns          295163 1c009112 00279793 slli             x15, x15, 0x2       x15=00000004 x15:00000001
16295397ns          295164 1c009114 00d7f7b3 and              x15, x15, x13       x15=00000000 x15:00000004 x13:00001f80
16295417ns          295165 1c009116 ee873733 p.bclr           x14, x14, 23, 8     x14=00000008 x14:00000008
16295437ns          295166 1c00911a 1a10f6b7 lui              x13, 0x1a10f000     x13=1a10f000
16295457ns          295167 1c00911e 0ff57513 andi             x10, x10, 255       x10=00000020 x10:00000020
16295477ns          295168 1c009122 00d70733 add              x14, x14, x13       x14=1a10f008 x14:00000008 x13:1a10f000
16295497ns          295169 1c009124 00a7e723 p.sw             x10, x0(x15)        x10:00000020 x15:00000000  PA:1a10f008
16295835ns          295186 1c009128 00000513 addi             x10, x0, 0          x10=00000000
16295855ns          295187 1c00912a 00008067 jalr             x0, x1, 0            x1:1c0091fa
16295915ns          295190 1c0091fa 31f52563 p.beqimm         x10, 778            x10:00000000
16295934ns          295191 1c0091fe 001d8d93 addi             x27, x27, 1         x27=00000011 x27:00000010
16295954ns          295192 1c009200 00044503 lbu              x10, 0(x8)          x10=00000063  x8:1c0000d1  PA:1c0000d1
16296254ns          295207 1c009204 00140413 addi             x8, x8, 1            x8=1c0000d2  x8:1c0000d1
16296274ns          295208 1c009206 fe0514e3 bne              x10, x0, -24        x10:00000063
16296355ns          295212 1c0091ee 02500793 addi             x15, x0, 37         x15=00000025
16296375ns          295213 1c0091f2 04f50863 beq              x10, x15, 80        x10:00000063 x15:00000025
16296395ns          295214 1c0091f6 01a005b3 add              x11, x0, x26        x11=00000002 x26:00000002
16296415ns          295215 1c0091f8 000b00e7 jalr             x1, x22, 0           x1=1c0091fa x22:1c009104
16296455ns          295217 1c009104 000026b7 lui              x13, 0x2000         x13=00002000
16296475ns          295218 1c009106 f14027f3 csrrs            x15, x0, 0xf14      x15=00000001
16296495ns          295219 1c00910a f8068693 addi             x13, x13, -128      x13=00001f80 x13:00002000
16296515ns          295220 1c00910e 00379713 slli             x14, x15, 0x3       x14=00000008 x15:00000001
16296535ns          295221 1c009112 00279793 slli             x15, x15, 0x2       x15=00000004 x15:00000001
16296555ns          295222 1c009114 00d7f7b3 and              x15, x15, x13       x15=00000000 x15:00000004 x13:00001f80
16296575ns          295223 1c009116 ee873733 p.bclr           x14, x14, 23, 8     x14=00000008 x14:00000008
16296595ns          295224 1c00911a 1a10f6b7 lui              x13, 0x1a10f000     x13=1a10f000
16296615ns          295225 1c00911e 0ff57513 andi             x10, x10, 255       x10=00000063 x10:00000063
16296636ns          295226 1c009122 00d70733 add              x14, x14, x13       x14=1a10f008 x14:00000008 x13:1a10f000
16296656ns          295227 1c009124 00a7e723 p.sw             x10, x0(x15)        x10:00000063 x15:00000000  PA:1a10f008
16296977ns          295243 1c009128 00000513 addi             x10, x0, 0          x10=00000000
16296997ns          295244 1c00912a 00008067 jalr             x0, x1, 0            x1:1c0091fa
16297057ns          295247 1c0091fa 31f52563 p.beqimm         x10, 778            x10:00000000
16297077ns          295248 1c0091fe 001d8d93 addi             x27, x27, 1         x27=00000012 x27:00000011
16297097ns          295249 1c009200 00044503 lbu              x10, 0(x8)          x10=0000006f  x8:1c0000d2  PA:1c0000d2
16297398ns          295264 1c009204 00140413 addi             x8, x8, 1            x8=1c0000d3  x8:1c0000d2
16297418ns          295265 1c009206 fe0514e3 bne              x10, x0, -24        x10:0000006f
16297498ns          295269 1c0091ee 02500793 addi             x15, x0, 37         x15=00000025
16297518ns          295270 1c0091f2 04f50863 beq              x10, x15, 80        x10:0000006f x15:00000025
16297538ns          295271 1c0091f6 01a005b3 add              x11, x0, x26        x11=00000002 x26:00000002
16297559ns          295272 1c0091f8 000b00e7 jalr             x1, x22, 0           x1=1c0091fa x22:1c009104
16297599ns          295274 1c009104 000026b7 lui              x13, 0x2000         x13=00002000
16297619ns          295275 1c009106 f14027f3 csrrs            x15, x0, 0xf14      x15=00000001
16297639ns          295276 1c00910a f8068693 addi             x13, x13, -128      x13=00001f80 x13:00002000
16297659ns          295277 1c00910e 00379713 slli             x14, x15, 0x3       x14=00000008 x15:00000001
16297679ns          295278 1c009112 00279793 slli             x15, x15, 0x2       x15=00000004 x15:00000001
16297699ns          295279 1c009114 00d7f7b3 and              x15, x15, x13       x15=00000000 x15:00000004 x13:00001f80
16297719ns          295280 1c009116 ee873733 p.bclr           x14, x14, 23, 8     x14=00000008 x14:00000008
16297739ns          295281 1c00911a 1a10f6b7 lui              x13, 0x1a10f000     x13=1a10f000
16297759ns          295282 1c00911e 0ff57513 andi             x10, x10, 255       x10=0000006f x10:0000006f
16297779ns          295283 1c009122 00d70733 add              x14, x14, x13       x14=1a10f008 x14:00000008 x13:1a10f000
16297799ns          295284 1c009124 00a7e723 p.sw             x10, x0(x15)        x10:0000006f x15:00000000  PA:1a10f008
16298120ns          295300 1c009128 00000513 addi             x10, x0, 0          x10=00000000
16298140ns          295301 1c00912a 00008067 jalr             x0, x1, 0            x1:1c0091fa
16298201ns          295304 1c0091fa 31f52563 p.beqimm         x10, 778            x10:00000000
16298221ns          295305 1c0091fe 001d8d93 addi             x27, x27, 1         x27=00000013 x27:00000012
16298241ns          295306 1c009200 00044503 lbu              x10, 0(x8)          x10=00000072  x8:1c0000d3  PA:1c0000d3
16298542ns          295321 1c009204 00140413 addi             x8, x8, 1            x8=1c0000d4  x8:1c0000d3
16298562ns          295322 1c009206 fe0514e3 bne              x10, x0, -24        x10:00000072
16298642ns          295326 1c0091ee 02500793 addi             x15, x0, 37         x15=00000025
16298662ns          295327 1c0091f2 04f50863 beq              x10, x15, 80        x10:00000072 x15:00000025
16298682ns          295328 1c0091f6 01a005b3 add              x11, x0, x26        x11=00000002 x26:00000002
16298702ns          295329 1c0091f8 000b00e7 jalr             x1, x22, 0           x1=1c0091fa x22:1c009104
16298742ns          295331 1c009104 000026b7 lui              x13, 0x2000         x13=00002000
16298762ns          295332 1c009106 f14027f3 csrrs            x15, x0, 0xf14      x15=00000001
16298782ns          295333 1c00910a f8068693 addi             x13, x13, -128      x13=00001f80 x13:00002000
16298803ns          295334 1c00910e 00379713 slli             x14, x15, 0x3       x14=00000008 x15:00000001
16298823ns          295335 1c009112 00279793 slli             x15, x15, 0x2       x15=00000004 x15:00000001
16298843ns          295336 1c009114 00d7f7b3 and              x15, x15, x13       x15=00000000 x15:00000004 x13:00001f80
16298863ns          295337 1c009116 ee873733 p.bclr           x14, x14, 23, 8     x14=00000008 x14:00000008
16298883ns          295338 1c00911a 1a10f6b7 lui              x13, 0x1a10f000     x13=1a10f000
16298903ns          295339 1c00911e 0ff57513 andi             x10, x10, 255       x10=00000072 x10:00000072
16298923ns          295340 1c009122 00d70733 add              x14, x14, x13       x14=1a10f008 x14:00000008 x13:1a10f000
16298943ns          295341 1c009124 00a7e723 p.sw             x10, x0(x15)        x10:00000072 x15:00000000  PA:1a10f008
16299264ns          295357 1c009128 00000513 addi             x10, x0, 0          x10=00000000
16299284ns          295358 1c00912a 00008067 jalr             x0, x1, 0            x1:1c0091fa
16299344ns          295361 1c0091fa 31f52563 p.beqimm         x10, 778            x10:00000000
16299364ns          295362 1c0091fe 001d8d93 addi             x27, x27, 1         x27=00000014 x27:00000013
16299384ns          295363 1c009200 00044503 lbu              x10, 0(x8)          x10=00000065  x8:1c0000d4  PA:1c0000d4
16299685ns          295378 1c009204 00140413 addi             x8, x8, 1            x8=1c0000d5  x8:1c0000d4
16299706ns          295379 1c009206 fe0514e3 bne              x10, x0, -24        x10:00000065
16299786ns          295383 1c0091ee 02500793 addi             x15, x0, 37         x15=00000025
16299806ns          295384 1c0091f2 04f50863 beq              x10, x15, 80        x10:00000065 x15:00000025
16299826ns          295385 1c0091f6 01a005b3 add              x11, x0, x26        x11=00000002 x26:00000002
16299846ns          295386 1c0091f8 000b00e7 jalr             x1, x22, 0           x1=1c0091fa x22:1c009104
16299886ns          295388 1c009104 000026b7 lui              x13, 0x2000         x13=00002000
16299906ns          295389 1c009106 f14027f3 csrrs            x15, x0, 0xf14      x15=00000001
16299926ns          295390 1c00910a f8068693 addi             x13, x13, -128      x13=00001f80 x13:00002000
16299946ns          295391 1c00910e 00379713 slli             x14, x15, 0x3       x14=00000008 x15:00000001
16299966ns          295392 1c009112 00279793 slli             x15, x15, 0x2       x15=00000004 x15:00000001
16299986ns          295393 1c009114 00d7f7b3 and              x15, x15, x13       x15=00000000 x15:00000004 x13:00001f80
16300006ns          295394 1c009116 ee873733 p.bclr           x14, x14, 23, 8     x14=00000008 x14:00000008
16300027ns          295395 1c00911a 1a10f6b7 lui              x13, 0x1a10f000     x13=1a10f000
16300047ns          295396 1c00911e 0ff57513 andi             x10, x10, 255       x10=00000065 x10:00000065
16300067ns          295397 1c009122 00d70733 add              x14, x14, x13       x14=1a10f008 x14:00000008 x13:1a10f000
16300087ns          295398 1c009124 00a7e723 p.sw             x10, x0(x15)        x10:00000065 x15:00000000  PA:1a10f008
16300408ns          295414 1c009128 00000513 addi             x10, x0, 0          x10=00000000
16300428ns          295415 1c00912a 00008067 jalr             x0, x1, 0            x1:1c0091fa
16300488ns          295418 1c0091fa 31f52563 p.beqimm         x10, 778            x10:00000000
16300508ns          295419 1c0091fe 001d8d93 addi             x27, x27, 1         x27=00000015 x27:00000014
16300528ns          295420 1c009200 00044503 lbu              x10, 0(x8)          x10=00000020  x8:1c0000d5  PA:1c0000d5
16300849ns          295436 1c009204 00140413 addi             x8, x8, 1            x8=1c0000d6  x8:1c0000d5
16300869ns          295437 1c009206 fe0514e3 bne              x10, x0, -24        x10:00000020
16300950ns          295441 1c0091ee 02500793 addi             x15, x0, 37         x15=00000025
16300970ns          295442 1c0091f2 04f50863 beq              x10, x15, 80        x10:00000020 x15:00000025
16300990ns          295443 1c0091f6 01a005b3 add              x11, x0, x26        x11=00000002 x26:00000002
16301010ns          295444 1c0091f8 000b00e7 jalr             x1, x22, 0           x1=1c0091fa x22:1c009104
16301050ns          295446 1c009104 000026b7 lui              x13, 0x2000         x13=00002000
16301070ns          295447 1c009106 f14027f3 csrrs            x15, x0, 0xf14      x15=00000001
16301090ns          295448 1c00910a f8068693 addi             x13, x13, -128      x13=00001f80 x13:00002000
16301110ns          295449 1c00910e 00379713 slli             x14, x15, 0x3       x14=00000008 x15:00000001
16301130ns          295450 1c009112 00279793 slli             x15, x15, 0x2       x15=00000004 x15:00000001
16301150ns          295451 1c009114 00d7f7b3 and              x15, x15, x13       x15=00000000 x15:00000004 x13:00001f80
16301170ns          295452 1c009116 ee873733 p.bclr           x14, x14, 23, 8     x14=00000008 x14:00000008
16301190ns          295453 1c00911a 1a10f6b7 lui              x13, 0x1a10f000     x13=1a10f000
16301210ns          295454 1c00911e 0ff57513 andi             x10, x10, 255       x10=00000020 x10:00000020
16301230ns          295455 1c009122 00d70733 add              x14, x14, x13       x14=1a10f008 x14:00000008 x13:1a10f000
16301251ns          295456 1c009124 00a7e723 p.sw             x10, x0(x15)        x10:00000020 x15:00000000  PA:1a10f008
16301592ns          295473 1c009128 00000513 addi             x10, x0, 0          x10=00000000
16301612ns          295474 1c00912a 00008067 jalr             x0, x1, 0            x1:1c0091fa
16301672ns          295477 1c0091fa 31f52563 p.beqimm         x10, 778            x10:00000000
16301692ns          295478 1c0091fe 001d8d93 addi             x27, x27, 1         x27=00000016 x27:00000015
16301712ns          295479 1c009200 00044503 lbu              x10, 0(x8)          x10=00000020  x8:1c0000d6  PA:1c0000d6
16302013ns          295494 1c009204 00140413 addi             x8, x8, 1            x8=1c0000d7  x8:1c0000d6
16302033ns          295495 1c009206 fe0514e3 bne              x10, x0, -24        x10:00000020
16302113ns          295499 1c0091ee 02500793 addi             x15, x0, 37         x15=00000025
16302133ns          295500 1c0091f2 04f50863 beq              x10, x15, 80        x10:00000020 x15:00000025
16302153ns          295501 1c0091f6 01a005b3 add              x11, x0, x26        x11=00000002 x26:00000002
16302174ns          295502 1c0091f8 000b00e7 jalr             x1, x22, 0           x1=1c0091fa x22:1c009104
16302214ns          295504 1c009104 000026b7 lui              x13, 0x2000         x13=00002000
16302234ns          295505 1c009106 f14027f3 csrrs            x15, x0, 0xf14      x15=00000001
16302254ns          295506 1c00910a f8068693 addi             x13, x13, -128      x13=00001f80 x13:00002000
16302274ns          295507 1c00910e 00379713 slli             x14, x15, 0x3       x14=00000008 x15:00000001
16302294ns          295508 1c009112 00279793 slli             x15, x15, 0x2       x15=00000004 x15:00000001
16302314ns          295509 1c009114 00d7f7b3 and              x15, x15, x13       x15=00000000 x15:00000004 x13:00001f80
16302334ns          295510 1c009116 ee873733 p.bclr           x14, x14, 23, 8     x14=00000008 x14:00000008
16302354ns          295511 1c00911a 1a10f6b7 lui              x13, 0x1a10f000     x13=1a10f000
16302374ns          295512 1c00911e 0ff57513 andi             x10, x10, 255       x10=00000020 x10:00000020
16302394ns          295513 1c009122 00d70733 add              x14, x14, x13       x14=1a10f008 x14:00000008 x13:1a10f000
16302414ns          295514 1c009124 00a7e723 p.sw             x10, x0(x15)        x10:00000020 x15:00000000  PA:1a10f008
16302735ns          295530 1c009128 00000513 addi             x10, x0, 0          x10=00000000
16302755ns          295531 1c00912a 00008067 jalr             x0, x1, 0            x1:1c0091fa
16302816ns          295534 1c0091fa 31f52563 p.beqimm         x10, 778            x10:00000000
16302836ns          295535 1c0091fe 001d8d93 addi             x27, x27, 1         x27=00000017 x27:00000016
16302856ns          295536 1c009200 00044503 lbu              x10, 0(x8)          x10=00000025  x8:1c0000d7  PA:1c0000d7
16303177ns          295552 1c009204 00140413 addi             x8, x8, 1            x8=1c0000d8  x8:1c0000d7
16303197ns          295553 1c009206 fe0514e3 bne              x10, x0, -24        x10:00000025
16303277ns          295557 1c0091ee 02500793 addi             x15, x0, 37         x15=00000025
16303297ns          295558 1c0091f2 04f50863 beq              x10, x15, 80        x10:00000025 x15:00000025
16303438ns          295565 1c009242 00044483 lbu              x9, 0(x8)            x9=00000064  x8:1c0000d8  PA:1c0000d8
16303739ns          295580 1c009246 02000693 addi             x13, x0, 32         x13=00000020
16303759ns          295581 1c00924a 00140a93 addi             x21, x8, 1          x21=1c0000d9  x8:1c0000d8
16303779ns          295582 1c00924e 009005b3 add              x11, x0, x9         x11=00000064  x9:00000064
16303799ns          295583 1c009250 100b8513 addi             x10, x23, 256       x10=1c000100 x23:1c000000
16303819ns          295584 1c009254 00d12823 sw               x13, 16(x2)         x13:00000020  x2:10000cc8  PA:10000cd8
16303839ns          295585 1c009256 00012c23 sw               x0, 24(x2)           x2:10000cc8  PA:10000ce0
16303859ns          295586 1c009258 00012a23 sw               x0, 20(x2)           x2:10000cc8  PA:10000cdc
16303879ns          295587 1c00925a 00012e23 sw               x0, 28(x2)           x2:10000cc8  PA:10000ce4
16303899ns          295588 1c00925c 00012623 sw               x0, 12(x2)           x2:10000cc8  PA:10000cd4
16303919ns          295589 1c00925e 02300913 addi             x18, x0, 35         x18=00000023
16303939ns          295590 1c009262 02d00a13 addi             x20, x0, 45         x20=0000002d
16303959ns          295591 1c009266 015009b3 add              x19, x0, x21        x19=1c0000d9 x21:1c0000d9
16303979ns          295592 1c009268 e1dff0ef jal              x1, -484             x1=1c00926a
16304120ns          295599 1c009084 00054783 lbu              x15, 0(x10)         x15=0000002d x10:1c000100  PA:1c000100
16304441ns          295615 1c009088 0ff5f593 andi             x11, x11, 255       x11=00000064 x11:00000064
16304461ns          295616 1c00908c 00b78c63 beq              x15, x11, 24        x15:0000002d x11:00000064
16304481ns          295617 1c009090 00078b63 beq              x15, x0, 22         x15:0000002d
16304501ns          295618 1c009092 00150793 addi             x15, x10, 1         x15=1c000101 x10:1c000100
16304521ns          295619 1c009096 0040006f jal              x0, 4              
16304622ns          295624 1c00909a 00f00533 add              x10, x0, x15        x10=1c000101 x15:1c000101
16304642ns          295625 1c00909c 0017c70b p.lbu            x14, 1(x15!)        x14=0000002b x15=1c000102 x15:1c000101  PA:1c000101
16304963ns          295641 1c0090a0 feb71ce3 bne              x14, x11, -8        x14:0000002b x11:00000064
16305023ns          295644 1c009098 00070763 beq              x14, x0, 14         x14:0000002b
16305043ns          295645 1c00909a 00f00533 add              x10, x0, x15        x10=1c000102 x15:1c000102
16305063ns          295646 1c00909c 0017c70b p.lbu            x14, 1(x15!)        x14=00000020 x15=1c000103 x15:1c000102  PA:1c000102
16305384ns          295662 1c0090a0 feb71ce3 bne              x14, x11, -8        x14:00000020 x11:00000064
16305444ns          295665 1c009098 00070763 beq              x14, x0, 14         x14:00000020
16305464ns          295666 1c00909a 00f00533 add              x10, x0, x15        x10=1c000103 x15:1c000103
16305484ns          295667 1c00909c 0017c70b p.lbu            x14, 1(x15!)        x14=00000023 x15=1c000104 x15:1c000103  PA:1c000103
16305805ns          295683 1c0090a0 feb71ce3 bne              x14, x11, -8        x14:00000023 x11:00000064
16305866ns          295686 1c009098 00070763 beq              x14, x0, 14         x14:00000023
16305886ns          295687 1c00909a 00f00533 add              x10, x0, x15        x10=1c000104 x15:1c000104
16305906ns          295688 1c00909c 0017c70b p.lbu            x14, 1(x15!)        x14=00000030 x15=1c000105 x15:1c000104  PA:1c000104
16306227ns          295704 1c0090a0 feb71ce3 bne              x14, x11, -8        x14:00000030 x11:00000064
16306287ns          295707 1c009098 00070763 beq              x14, x0, 14         x14:00000030
16306307ns          295708 1c00909a 00f00533 add              x10, x0, x15        x10=1c000105 x15:1c000105
16306327ns          295709 1c00909c 0017c70b p.lbu            x14, 1(x15!)        x14=00000000 x15=1c000106 x15:1c000105  PA:1c000105
16306648ns          295725 1c0090a0 feb71ce3 bne              x14, x11, -8        x14:00000000 x11:00000064
16306708ns          295728 1c009098 00070763 beq              x14, x0, 14         x14:00000000
16306789ns          295732 1c0090a6 0015b593 sltiu            x11, x11, 1         x11=00000000 x11:00000064
16306809ns          295733 1c0090aa 40b005b3 sub              x11, x0, x11        x11=00000000 x11:00000000
16306829ns          295734 1c0090ae 00b57533 and              x10, x10, x11       x10=00000000 x10:1c000105 x11:00000000
16306849ns          295735 1c0090b0 00008067 jalr             x0, x1, 0            x1:1c00926a
16306889ns          295737 1c00926a 02050a63 beq              x10, x0, 52         x10:00000000
16307069ns          295746 1c00929e 02a00613 addi             x12, x0, 42         x12=0000002a
16307110ns          295748 1c0092a2 2ac48663 beq              x9, x12, 684         x9:00000064 x12:0000002a
16307130ns          295749 1c0092a6 fd048613 addi             x12, x9, -48        x12=00000034  x9:00000064
16307150ns          295750 1c0092aa 00900593 addi             x11, x0, 9          x11=00000009
16307170ns          295751 1c0092ac 00000913 addi             x18, x0, 0          x18=00000000
16307210ns          295753 1c0092ae 28c5f063 bgeu             x11, x12, 640       x11:00000009 x12:00000034
16307250ns          295755 1c0092b2 02e00693 addi             x13, x0, 46         x13=0000002e
16307270ns          295756 1c0092b6 fff00a13 addi             x20, x0, -1         x20=ffffffff
16307290ns          295757 1c0092b8 2ed48363 beq              x9, x13, 742         x9:00000064 x13:0000002e
16307310ns          295758 1c0092bc 1c0007b7 lui              x15, 0x1c000000     x15=1c000000
16307350ns          295760 1c0092c0 009005b3 add              x11, x0, x9         x11=00000064  x9:00000064
16307391ns          295762 1c0092c2 10878513 addi             x10, x15, 264       x10=1c000108 x15:1c000000
16307411ns          295763 1c0092c6 dbfff0ef jal              x1, -578             x1=1c0092c8
16307451ns          295765 1c009084 00054783 lbu              x15, 0(x10)         x15=00000068 x10:1c000108  PA:1c000108
16307752ns          295780 1c009088 0ff5f593 andi             x11, x11, 255       x11=00000064 x11:00000064
16307772ns          295781 1c00908c 00b78c63 beq              x15, x11, 24        x15:00000068 x11:00000064
16307792ns          295782 1c009090 00078b63 beq              x15, x0, 22         x15:00000068
16307812ns          295783 1c009092 00150793 addi             x15, x10, 1         x15=1c000109 x10:1c000108
16307832ns          295784 1c009096 0040006f jal              x0, 4              
16307872ns          295786 1c00909a 00f00533 add              x10, x0, x15        x10=1c000109 x15:1c000109
16307892ns          295787 1c00909c 0017c70b p.lbu            x14, 1(x15!)        x14=0000006c x15=1c00010a x15:1c000109  PA:1c000109
16308213ns          295803 1c0090a0 feb71ce3 bne              x14, x11, -8        x14:0000006c x11:00000064
16308273ns          295806 1c009098 00070763 beq              x14, x0, 14         x14:0000006c
16308293ns          295807 1c00909a 00f00533 add              x10, x0, x15        x10=1c00010a x15:1c00010a
16308314ns          295808 1c00909c 0017c70b p.lbu            x14, 1(x15!)        x14=0000004c x15=1c00010b x15:1c00010a  PA:1c00010a
16308655ns          295825 1c0090a0 feb71ce3 bne              x14, x11, -8        x14:0000004c x11:00000064
16308715ns          295828 1c009098 00070763 beq              x14, x0, 14         x14:0000004c
16308735ns          295829 1c00909a 00f00533 add              x10, x0, x15        x10=1c00010b x15:1c00010b
16308755ns          295830 1c00909c 0017c70b p.lbu            x14, 1(x15!)        x14=0000007a x15=1c00010c x15:1c00010b  PA:1c00010b
16309076ns          295846 1c0090a0 feb71ce3 bne              x14, x11, -8        x14:0000007a x11:00000064
16309136ns          295849 1c009098 00070763 beq              x14, x0, 14         x14:0000007a
16309156ns          295850 1c00909a 00f00533 add              x10, x0, x15        x10=1c00010c x15:1c00010c
16309176ns          295851 1c00909c 0017c70b p.lbu            x14, 1(x15!)        x14=00000000 x15=1c00010d x15:1c00010c  PA:1c00010c
16309497ns          295867 1c0090a0 feb71ce3 bne              x14, x11, -8        x14:00000000 x11:00000064
16309558ns          295870 1c009098 00070763 beq              x14, x0, 14         x14:00000000
16309638ns          295874 1c0090a6 0015b593 sltiu            x11, x11, 1         x11=00000000 x11:00000064
16309658ns          295875 1c0090aa 40b005b3 sub              x11, x0, x11        x11=00000000 x11:00000000
16309678ns          295876 1c0090ae 00b57533 and              x10, x10, x11       x10=00000000 x10:1c00010c x11:00000000
16309698ns          295877 1c0090b0 00008067 jalr             x0, x1, 0            x1:1c0092c8
16309738ns          295879 1c0092c8 01300433 add              x8, x0, x19          x8=1c0000d9 x19:1c0000d9
16309758ns          295880 1c0092ca 00050563 beq              x10, x0, 10         x10:00000000
16309859ns          295885 1c0092d4 06700693 addi             x13, x0, 103        x13=00000067
16309879ns          295886 1c0092d8 2896d963 bge              x13, x9, 658        x13:00000067  x9:00000064
16310079ns          295896 1c00956a 06500693 addi             x13, x0, 101        x13=00000065
16310139ns          295899 1c00956e 12d4d563 bge              x9, x13, 298         x9:00000064 x13:00000065
16310180ns          295901 1c009572 04700693 addi             x13, x0, 71         x13=00000047
16310200ns          295902 1c009576 dc96cbe3 blt              x13, x9, -554       x13:00000047  x9:00000064
16310360ns          295910 1c00934c 06300693 addi             x13, x0, 99         x13=00000063
16310822ns          295933 1c009350 0ad488e3 beq              x9, x13, 2224        x9:00000064 x13:00000063
16310862ns          295935 1c009354 0096c9e3 blt              x13, x9, 2066       x13:00000063  x9:00000064
16311002ns          295942 1c009b66 000c2583 lw               x11, 0(x24)         x11=00000001 x24:10000e1c  PA:10000e1c
16311022ns          295943 1c009b6a 004c0c13 addi             x24, x24, 4         x24=10000e20 x24:10000e1c
16311042ns          295944 1c009b6c 3405cc63 blt              x11, x0, 856        x11:00000001
16311083ns          295946 1c009b70 01412603 lw               x12, 20(x2)         x12=00000000  x2:10000cc8  PA:10000cdc
16311123ns          295948 1c009b72 00b006b3 add              x13, x0, x11        x13=00000001 x11:00000001
16311143ns          295949 1c009b74 2e061863 bne              x12, x0, 752        x12:00000000
16311163ns          295950 1c009b78 01812703 lw               x14, 24(x2)         x14=00000000  x2:10000cc8  PA:10000ce0
16311183ns          295951 1c009b7a 019007b3 add              x15, x0, x25        x15=10000cec x25:10000cec
16311203ns          295952 1c009b7c 00070763 beq              x14, x0, 14         x14:00000000
16311263ns          295955 1c009b8a 00f00733 add              x14, x0, x15        x14=10000cec x15:10000cec
16311283ns          295956 1c009b8c 00a00513 addi             x10, x0, 10         x10=0000000a
16311343ns          295959 1c009b8e 02a6f633 remu             x12, x13, x10       x12=00000001 x13:00000001 x10:0000000a
16311986ns          295991 1c009b92 02a6d6b3 divu             x13, x13, x10       x13=00000000 x13:00000001 x10:0000000a
16312608ns          296022 1c009b96 03060613 addi             x12, x12, 48        x12=00000031 x12:00000001
16312628ns          296023 1c009b9a 00c700ab p.sb             x12, 1(x14!)        x14=10000ced x12:00000031 x14:10000cec  PA:10000cec
16312648ns          296024 1c009b9e fe0698e3 bne              x13, x0, -16        x13:00000000
16312668ns          296025 1c009ba0 40f706b3 sub              x13, x14, x15       x13=00000001 x14:10000ced x15:10000cec
16312688ns          296026 1c009ba4 0146dc63 bge              x13, x20, 24        x13:00000001 x20:ffffffff
16312808ns          296032 1c009bbc 00e006b3 add              x13, x0, x14        x13=10000ced x14:10000ced
16312868ns          296035 1c009bbe fe068fab p.sb             x0, -1(x13!)        x13=10000cec x13:10000ced  PA:10000ced
16312909ns          296037 1c009bc2 00d7fc63 bgeu             x15, x13, 24        x15:10000cec x13:10000cec
16313009ns          296042 1c009bda 01412783 lw               x15, 20(x2)         x15=00000000  x2:10000cc8  PA:10000cdc
16313049ns          296044 1c009bdc 01812603 lw               x12, 24(x2)         x12=00000000  x2:10000cc8  PA:10000ce0
16313109ns          296047 1c009bde 419704b3 sub              x9, x14, x25         x9=00000001 x14:10000ced x25:10000cec
16313129ns          296048 1c009be2 00c7e7b3 or               x15, x15, x12       x15=00000000 x15:00000000 x12:00000000
16313149ns          296049 1c009be4 00f12623 sw               x15, 12(x2)         x15:00000000  x2:10000cc8  PA:10000cd4
16313169ns          296050 1c009be6 00079363 bne              x15, x0, 6          x15:00000000
16313189ns          296051 1c009be8 01f5d593 srli             x11, x11, 0x1f      x11=00000000 x11:00000001
16313209ns          296052 1c009bea 00b12623 sw               x11, 12(x2)         x11:00000000  x2:10000cc8  PA:10000cd4
16313230ns          296053 1c009bec e3fa28e3 p.beqimm         x20, -464           x20:ffffffff
16313330ns          296058 1c009a1c 0c800793 addi             x15, x0, 200        x15=000000c8
16313430ns          296063 1c009a20 9e97d0e3 bge              x15, x9, -1568      x15:000000c8  x9:00000001
16313531ns          296068 1c009400 0f24d163 bge              x9, x18, 226         x9:00000001 x18:00000000
16313671ns          296075 1c0094e2 d00482e3 beq              x9, x0, -764         x9:00000001
16313691ns          296076 1c0094e6 01900933 add              x18, x0, x25        x18=10000cec x25:10000cec
16313711ns          296077 1c0094e8 419d8db3 sub              x27, x27, x25       x27=effff32b x27:00000017 x25:10000cec
16313731ns          296078 1c0094ec 00a0006f jal              x0, 10             
16313832ns          296083 1c0094f6 0019450b p.lbu            x10, 1(x18!)        x10=00000031 x18=10000ced x18:10000cec  PA:10000cec
16313852ns          296084 1c0094fa 01a005b3 add              x11, x0, x26        x11=00000002 x26:00000002
16313872ns          296085 1c0094fc 000b00e7 jalr             x1, x22, 0           x1=1c0094fe x22:1c009104
16313952ns          296089 1c009104 000026b7 lui              x13, 0x2000         x13=00002000
16313972ns          296090 1c009106 f14027f3 csrrs            x15, x0, 0xf14      x15=00000001
16313992ns          296091 1c00910a f8068693 addi             x13, x13, -128      x13=00001f80 x13:00002000
16314012ns          296092 1c00910e 00379713 slli             x14, x15, 0x3       x14=00000008 x15:00000001
16314032ns          296093 1c009112 00279793 slli             x15, x15, 0x2       x15=00000004 x15:00000001
16314052ns          296094 1c009114 00d7f7b3 and              x15, x15, x13       x15=00000000 x15:00000004 x13:00001f80
16314072ns          296095 1c009116 ee873733 p.bclr           x14, x14, 23, 8     x14=00000008 x14:00000008
16314092ns          296096 1c00911a 1a10f6b7 lui              x13, 0x1a10f000     x13=1a10f000
16314132ns          296098 1c00911e 0ff57513 andi             x10, x10, 255       x10=00000031 x10:00000031
16314153ns          296099 1c009122 00d70733 add              x14, x14, x13       x14=1a10f008 x14:00000008 x13:1a10f000
16314173ns          296100 1c009124 00a7e723 p.sw             x10, x0(x15)        x10:00000031 x15:00000000  PA:1a10f008
16314494ns          296116 1c009128 00000513 addi             x10, x0, 0          x10=00000000
16314514ns          296117 1c00912a 00008067 jalr             x0, x1, 0            x1:1c0094fe
16314554ns          296119 1c0094fe fff48493 addi             x9, x9, -1           x9=00000000  x9:00000001
16314574ns          296120 1c009500 fff537e3 p.bneimm         x10, -18            x10:00000000
16314654ns          296124 1c0094ee 012d8733 add              x14, x27, x18       x14=00000018 x27:effff32b x18:10000ced
16314674ns          296125 1c0094f2 5a048b63 beq              x9, x0, 1462         x9:00000000
16314775ns          296130 1c009aa8 00e00db3 add              x27, x0, x14        x27=00000018 x14:00000018
16314815ns          296132 1c009aaa f3cff06f jal              x0, -2244          
16314995ns          296141 1c0091e6 00044503 lbu              x10, 0(x8)          x10=0000000a  x8:1c0000d9  PA:1c0000d9
16315296ns          296156 1c0091ea 00140413 addi             x8, x8, 1            x8=1c0000da  x8:1c0000d9
16315316ns          296157 1c0091ec 00050e63 beq              x10, x0, 28         x10:0000000a
16315336ns          296158 1c0091ee 02500793 addi             x15, x0, 37         x15=00000025
16315356ns          296159 1c0091f2 04f50863 beq              x10, x15, 80        x10:0000000a x15:00000025
16315377ns          296160 1c0091f6 01a005b3 add              x11, x0, x26        x11=00000002 x26:00000002
16315397ns          296161 1c0091f8 000b00e7 jalr             x1, x22, 0           x1=1c0091fa x22:1c009104
16315537ns          296168 1c009104 000026b7 lui              x13, 0x2000         x13=00002000
16315577ns          296170 1c009106 f14027f3 csrrs            x15, x0, 0xf14      x15=00000001
16315597ns          296171 1c00910a f8068693 addi             x13, x13, -128      x13=00001f80 x13:00002000
16315617ns          296172 1c00910e 00379713 slli             x14, x15, 0x3       x14=00000008 x15:00000001
16315637ns          296173 1c009112 00279793 slli             x15, x15, 0x2       x15=00000004 x15:00000001
16315657ns          296174 1c009114 00d7f7b3 and              x15, x15, x13       x15=00000000 x15:00000004 x13:00001f80
16315678ns          296175 1c009116 ee873733 p.bclr           x14, x14, 23, 8     x14=00000008 x14:00000008
16315698ns          296176 1c00911a 1a10f6b7 lui              x13, 0x1a10f000     x13=1a10f000
16315718ns          296177 1c00911e 0ff57513 andi             x10, x10, 255       x10=0000000a x10:0000000a
16315738ns          296178 1c009122 00d70733 add              x14, x14, x13       x14=1a10f008 x14:00000008 x13:1a10f000
16315758ns          296179 1c009124 00a7e723 p.sw             x10, x0(x15)        x10:0000000a x15:00000000  PA:1a10f008
16316079ns          296195 1c009128 00000513 addi             x10, x0, 0          x10=00000000
16316099ns          296196 1c00912a 00008067 jalr             x0, x1, 0            x1:1c0091fa
16316159ns          296199 1c0091fa 31f52563 p.beqimm         x10, 778            x10:00000000
16316179ns          296200 1c0091fe 001d8d93 addi             x27, x27, 1         x27=00000019 x27:00000018
16316199ns          296201 1c009200 00044503 lbu              x10, 0(x8)          x10=00000000  x8:1c0000da  PA:1c0000da
16316500ns          296216 1c009204 00140413 addi             x8, x8, 1            x8=1c0000db  x8:1c0000da
16316520ns          296217 1c009206 fe0514e3 bne              x10, x0, -24        x10:00000000
16316540ns          296218 1c009208 01b00433 add              x8, x0, x27          x8=00000019 x27:00000019
16316560ns          296219 1c00920a 00800533 add              x10, x0, x8         x10=00000019  x8:00000019
16316580ns          296220 1c00920c 12c12083 lw               x1, 300(x2)          x1=1c009198  x2:10000cc8  PA:10000df4
16316601ns          296221 1c009210 12812403 lw               x8, 296(x2)          x8=41aadb86  x2:10000cc8  PA:10000df0
16316621ns          296222 1c009214 12412483 lw               x9, 292(x2)          x9=1c01001c  x2:10000cc8  PA:10000dec
16316641ns          296223 1c009218 12012903 lw               x18, 288(x2)        x18=41aadbf2  x2:10000cc8  PA:10000de8
16316661ns          296224 1c00921c 11c12983 lw               x19, 284(x2)        x19=41aadc66  x2:10000cc8  PA:10000de4
16316701ns          296226 1c009220 11812a03 lw               x20, 280(x2)        x20=4394b135  x2:10000cc8  PA:10000de0
16316741ns          296228 1c009224 11412a83 lw               x21, 276(x2)        x21=4394b1f7  x2:10000cc8  PA:10000ddc
16316761ns          296229 1c009228 11012b03 lw               x22, 272(x2)        x22=00000008  x2:10000cc8  PA:10000dd8
16316781ns          296230 1c00922c 10c12b83 lw               x23, 268(x2)        x23=00000050  x2:10000cc8  PA:10000dd4
16316841ns          296233 1c009230 10812c03 lw               x24, 264(x2)        x24=00000000  x2:10000cc8  PA:10000dd0
16316881ns          296235 1c009234 10412c83 lw               x25, 260(x2)        x25=410d6ceb  x2:10000cc8  PA:10000dcc
16316902ns          296236 1c009238 10012d03 lw               x26, 256(x2)        x26=433bdb8f  x2:10000cc8  PA:10000dc8
16316922ns          296237 1c00923c 0fc12d83 lw               x27, 252(x2)        x27=xxxxxxxx  x2:10000cc8  PA:10000dc4
16316942ns          296238 1c00923e 13010113 addi             x2, x2, 304          x2=10000df8  x2:10000cc8
16316982ns          296240 1c009240 00008067 jalr             x0, x1, 0            x1:1c009198
16317062ns          296244 1c009198 01c12083 lw               x1, 28(x2)           x1=1c008752  x2:10000df8  PA:10000e14
16317082ns          296245 1c00919a 04010113 addi             x2, x2, 64           x2=10000e38  x2:10000df8
16317122ns          296247 1c00919c 00008067 jalr             x0, x1, 0            x1:1c008752
16317202ns          296251 1c008752 00100513 addi             x10, x0, 1          x10=00000001
16317223ns          296252 1c008754 1bc12083 lw               x1, 444(x2)          x1=1c00a436  x2:10000e38  PA:10000ff4
16317243ns          296253 1c008758 1b812403 lw               x8, 440(x2)          x8=xxxxxxxx  x2:10000e38  PA:10000ff0
16317263ns          296254 1c00875c 1b412483 lw               x9, 436(x2)          x9=xxxxxxxx  x2:10000e38  PA:10000fec
16317323ns          296257 1c008760 1b012903 lw               x18, 432(x2)        x18=xxxxxxxx  x2:10000e38  PA:10000fe8
16317363ns          296259 1c008764 1ac12983 lw               x19, 428(x2)        x19=xxxxxxxx  x2:10000e38  PA:10000fe4
16317383ns          296260 1c008768 1a812a03 lw               x20, 424(x2)        x20=xxxxxxxx  x2:10000e38  PA:10000fe0
16317403ns          296261 1c00876c 1a412a83 lw               x21, 420(x2)        x21=xxxxxxxx  x2:10000e38  PA:10000fdc
16317483ns          296265 1c008770 1a012b03 lw               x22, 416(x2)        x22=xxxxxxxx  x2:10000e38  PA:10000fd8
16317524ns          296267 1c008774 19c12b83 lw               x23, 412(x2)        x23=xxxxxxxx  x2:10000e38  PA:10000fd4
16317544ns          296268 1c008778 19812c03 lw               x24, 408(x2)        x24=xxxxxxxx  x2:10000e38  PA:10000fd0
16317564ns          296269 1c00877c 19412c83 lw               x25, 404(x2)        x25=xxxxxxxx  x2:10000e38  PA:10000fcc
16317624ns          296272 1c008780 19012d03 lw               x26, 400(x2)        x26=xxxxxxxx  x2:10000e38  PA:10000fc8
16317664ns          296274 1c008784 00154513 xori             x10, x10, 1         x10=00000000 x10:00000001
16317684ns          296275 1c008788 1c010113 addi             x2, x2, 448          x2=10000ff8  x2:10000e38
16317704ns          296276 1c00878a 00008067 jalr             x0, x1, 0            x1:1c00a436
16318266ns          296304 1c00a436 f14027f3 csrrs            x15, x0, 0xf14      x15=00000001
16318286ns          296305 1c00a43a f457b7b3 p.bclr           x15, x15, 26, 5     x15=00000001 x15:00000001
16318306ns          296306 1c00a43e 00079963 bne              x15, x0, 18         x15:00000001
16319189ns          296350 1c00a450 002047b7 lui              x15, 0x204000       x15=00204000
16319229ns          296352 1c00a454 fff00713 addi             x14, x0, -1         x14=ffffffff
16319249ns          296353 1c00a456 00e7a223 sw               x14, 4(x15)         x14:ffffffff x15:00204000  PA:00204004
