                Time          Cycles PC       Instr    Mnemonic
15417698ns          251038 1c008080 0640006f jal              x0, 100            
15418156ns          251061 1c0080e4 f1402573 csrrs            x10, x0, 0xf14      x10=00000003
15418195ns          251063 1c0080e8 01f57593 andi             x11, x10, 31        x11=00000003 x10:00000003
15418215ns          251064 1c0080ec 00555513 srli             x10, x10, 0x5       x10=00000000 x10:00000003
15418235ns          251065 1c0080ee 01f00613 addi             x12, x0, 31         x12=0000001f
15418673ns          251087 1c0080f0 00c50463 beq              x10, x12, 8         x10:00000000 x12:0000001f
15418713ns          251089 1c0080f4 fa1ff06f jal              x0, -96            
15419170ns          251112 1c008094 f3ff8117 auipc            x2, 0xf3ff8000       x2=10000094
15419210ns          251114 1c008098 f7010113 addi             x2, x2, -144         x2=10000004  x2:10000094
15419230ns          251115 1c00809c 00012103 lw               x2, 0(x2)            x2=10000008  x2:10000004  PA:10000004
15419667ns          251137 1c0080a0 000011b7 lui              x3, 0x1000           x3=00001000
15419707ns          251139 1c0080a4 80018193 addi             x3, x3, -2048        x3=00000800  x3:00001000
15419727ns          251140 1c0080a8 00158593 addi             x11, x11, 1         x11=00000004 x11:00000003
15419747ns          251141 1c0080ac 02b180b3 mul              x1, x3, x11          x1=00002000  x3:00000800 x11:00000004
15420184ns          251163 1c0080b0 00110133 add              x2, x2, x1           x2=10002008  x2:10000008  x1:00002000
15420224ns          251165 1c0080b4 35c0206f jal              x0, 9052           
15420682ns          251188 1c00a410 ff010113 addi             x2, x2, -16          x2=10001ff8  x2:10002008
15420702ns          251189 1c00a412 00112623 sw               x1, 12(x2)           x1:00002000  x2:10001ff8  PA:10002004
15420722ns          251190 1c00a414 002047b7 lui              x15, 0x204000       x15=00204000
15420741ns          251191 1c00a418 00070737 lui              x14, 0x70000        x14=00070000
15420761ns          251192 1c00a41c 00e7a423 sw               x14, 8(x15)         x14:00070000 x15:00204000  PA:00204008
15420781ns          251193 1c00a41e 00f00713 addi             x14, x0, 15         x14=0000000f
15421219ns          251215 1c00a420 20078793 addi             x15, x15, 512       x15=00204200 x15:00204000
15421259ns          251217 1c00a424 00e7a023 sw               x14, 0(x15)         x14:0000000f x15:00204200  PA:00204200
15421298ns          251219 1c00a428 00e7a623 sw               x14, 12(x15)        x14:0000000f x15:00204200  PA:0020420c
15421318ns          251220 1c00a42c 1c0017b7 lui              x15, 0x1c001000     x15=1c001000
15421736ns          251241 1c00a430 a947a783 lw               x15, -1388(x15)     x15=1c00813e x15:1c001000  PA:1c000a94
15422213ns          251265 1c00a434 000780e7 jalr             x1, x15, 0           x1=1c00a436 x15:1c00813e
15422730ns          251291 1c00813e e4010113 addi             x2, x2, -448         x2=10001e38  x2:10001ff8
15423188ns          251314 1c008140 1a812c23 sw               x8, 440(x2)          x8:xxxxxxxx  x2:10001e38  PA:10001ff0
15423228ns          251316 1c008144 1a112e23 sw               x1, 444(x2)          x1:1c00a436  x2:10001e38  PA:10001ff4
15423248ns          251317 1c008148 f1402473 csrrs            x8, x0, 0xf14        x8=00000003
15423268ns          251318 1c00814c 1a912a23 sw               x9, 436(x2)          x9:xxxxxxxx  x2:10001e38  PA:10001fec
15423705ns          251340 1c008150 1b212823 sw               x18, 432(x2)        x18:xxxxxxxx  x2:10001e38  PA:10001fe8
15423745ns          251342 1c008154 1b312623 sw               x19, 428(x2)        x19:xxxxxxxx  x2:10001e38  PA:10001fe4
15423765ns          251343 1c008158 1b412423 sw               x20, 424(x2)        x20:xxxxxxxx  x2:10001e38  PA:10001fe0
15423785ns          251344 1c00815c 1b512223 sw               x21, 420(x2)        x21:xxxxxxxx  x2:10001e38  PA:10001fdc
15424222ns          251366 1c008160 1b612023 sw               x22, 416(x2)        x22:xxxxxxxx  x2:10001e38  PA:10001fd8
15424262ns          251368 1c008164 19712e23 sw               x23, 412(x2)        x23:xxxxxxxx  x2:10001e38  PA:10001fd4
15424282ns          251369 1c008168 19812c23 sw               x24, 408(x2)        x24:xxxxxxxx  x2:10001e38  PA:10001fd0
15424302ns          251370 1c00816c 19912a23 sw               x25, 404(x2)        x25:xxxxxxxx  x2:10001e38  PA:10001fcc
15424739ns          251392 1c008170 19a12823 sw               x26, 400(x2)        x26:xxxxxxxx  x2:10001e38  PA:10001fc8
15424779ns          251394 1c008174 ca5417b3 p.extractu       x15, x8, 5, 5       x15=00000000  x8:00000003
15424799ns          251395 1c008178 040793e3 bne              x15, x0, 2118       x15:00000000
15424819ns          251396 1c00817c f4543433 p.bclr           x8, x8, 26, 5        x8=00000003  x8:00000003
15425276ns          251419 1c008180 1c000537 lui              x10, 0x1c000000     x10=1c000000
15425316ns          251421 1c008184 00800633 add              x12, x0, x8         x12=00000003  x8:00000003
15425336ns          251422 1c008186 00100593 addi             x11, x0, 1          x11=00000001
15425356ns          251423 1c008188 02850513 addi             x10, x10, 40        x10=1c000028 x10:1c000000
15425376ns          251424 1c00818c 7e5000ef jal              x1, 4068             x1=1c008190
15426251ns          251468 1c009170 fc010113 addi             x2, x2, -64          x2=10001df8  x2:10001e38
15426291ns          251470 1c009172 02410313 addi             x6, x2, 36           x6=10001e1c  x2:10001df8
15426311ns          251471 1c009176 02c12423 sw               x12, 40(x2)         x12:00000003  x2:10001df8  PA:10001e20
15426331ns          251472 1c009178 00a00633 add              x12, x0, x10        x12=1c000028 x10:1c000028
15426351ns          251473 1c00917a 1c009537 lui              x10, 0x1c009000     x10=1c009000
15426370ns          251474 1c00917e 02b12223 sw               x11, 36(x2)         x11:00000001  x2:10001df8  PA:10001e1c
15426768ns          251494 1c009180 02d12623 sw               x13, 44(x2)         x13:xxxxxxxx  x2:10001df8  PA:10001e24
15426788ns          251495 1c009182 00200593 addi             x11, x0, 2          x11=00000002
15426808ns          251496 1c009184 006006b3 add              x13, x0, x6         x13=10001e1c  x6:10001e1c
15426828ns          251497 1c009186 10450513 addi             x10, x10, 260       x10=1c009104 x10:1c009000
15426848ns          251498 1c00918a 00112e23 sw               x1, 28(x2)           x1:1c008190  x2:10001df8  PA:10001e14
15426868ns          251499 1c00918c 02e12823 sw               x14, 48(x2)         x14:0000000f  x2:10001df8  PA:10001e28
15426888ns          251500 1c00918e 02f12a23 sw               x15, 52(x2)         x15:00000000  x2:10001df8  PA:10001e2c
15427285ns          251520 1c009190 03012c23 sw               x16, 56(x2)         x16:xxxxxxxx  x2:10001df8  PA:10001e30
15427305ns          251521 1c009192 03112e23 sw               x17, 60(x2)         x17:xxxxxxxx  x2:10001df8  PA:10001e34
15427325ns          251522 1c009194 00612623 sw               x6, 12(x2)           x6:10001e1c  x2:10001df8  PA:10001e04
15427345ns          251523 1c009196 fbfff0ef jal              x1, -66              x1=1c009198
15427803ns          251546 1c009154 04a0006f jal              x0, 74             
15427842ns          251548 1c00919e ed010113 addi             x2, x2, -304         x2=10001cc8  x2:10001df8
15428280ns          251570 1c0091a0 12812423 sw               x8, 296(x2)          x8:00000003  x2:10001cc8  PA:10001df0
15428320ns          251572 1c0091a4 00000413 addi             x8, x0, 0            x8=00000000
15428340ns          251573 1c0091a6 11612823 sw               x22, 272(x2)        x22:xxxxxxxx  x2:10001cc8  PA:10001dd8
15428360ns          251574 1c0091aa 11712623 sw               x23, 268(x2)        x23:xxxxxxxx  x2:10001cc8  PA:10001dd4
15428797ns          251596 1c0091ae 11812423 sw               x24, 264(x2)        x24:xxxxxxxx  x2:10001cc8  PA:10001dd0
15428837ns          251598 1c0091b2 11912223 sw               x25, 260(x2)        x25:xxxxxxxx  x2:10001cc8  PA:10001dcc
15428857ns          251599 1c0091b6 11a12023 sw               x26, 256(x2)        x26:xxxxxxxx  x2:10001cc8  PA:10001dc8
15428877ns          251600 1c0091ba 0fb12e23 sw               x27, 252(x2)        x27:xxxxxxxx  x2:10001cc8  PA:10001dc4
15428897ns          251601 1c0091bc 12112623 sw               x1, 300(x2)          x1:1c009198  x2:10001cc8  PA:10001df4
15429334ns          251623 1c0091c0 00800db3 add              x27, x0, x8         x27=00000000  x8:00000000
15429374ns          251625 1c0091c2 12912223 sw               x9, 292(x2)          x9:xxxxxxxx  x2:10001cc8  PA:10001dec
15429394ns          251626 1c0091c6 13212023 sw               x18, 288(x2)        x18:xxxxxxxx  x2:10001cc8  PA:10001de8
15429414ns          251627 1c0091ca 11312e23 sw               x19, 284(x2)        x19:xxxxxxxx  x2:10001cc8  PA:10001de4
15429851ns          251649 1c0091ce 11412c23 sw               x20, 280(x2)        x20:xxxxxxxx  x2:10001cc8  PA:10001de0
15429891ns          251651 1c0091d2 11512a23 sw               x21, 276(x2)        x21:xxxxxxxx  x2:10001cc8  PA:10001ddc
15429911ns          251652 1c0091d6 00a00b33 add              x22, x0, x10        x22=1c009104 x10:1c009104
15429931ns          251653 1c0091d8 00b00d33 add              x26, x0, x11        x26=00000002 x11:00000002
15429951ns          251654 1c0091da 00d00c33 add              x24, x0, x13        x24=10001e1c x13:10001e1c
15429971ns          251655 1c0091dc 1c000bb7 lui              x23, 0x1c000000     x23=1c000000
15430369ns          251675 1c0091e0 02410c93 addi             x25, x2, 36         x25=10001cec  x2:10001cc8
15430408ns          251677 1c0091e4 00c00433 add              x8, x0, x12          x8=1c000028 x12:1c000028
15430428ns          251678 1c0091e6 00044503 lbu              x10, 0(x8)          x10=00000073  x8:1c000028  PA:1c000028
15430906ns          251702 1c0091ea 00140413 addi             x8, x8, 1            x8=1c000029  x8:1c000028
15430925ns          251703 1c0091ec 00050e63 beq              x10, x0, 28         x10:00000073
15430945ns          251704 1c0091ee 02500793 addi             x15, x0, 37         x15=00000025
15430965ns          251705 1c0091f2 04f50863 beq              x10, x15, 80        x10:00000073 x15:00000025
15430985ns          251706 1c0091f6 01a005b3 add              x11, x0, x26        x11=00000002 x26:00000002
15431005ns          251707 1c0091f8 000b00e7 jalr             x1, x22, 0           x1=1c0091fa x22:1c009104
15431940ns          251754 1c009104 000026b7 lui              x13, 0x2000         x13=00002000
15431980ns          251756 1c009106 f14027f3 csrrs            x15, x0, 0xf14      x15=00000003
15432000ns          251757 1c00910a f8068693 addi             x13, x13, -128      x13=00001f80 x13:00002000
15432437ns          251779 1c00910e 00379713 slli             x14, x15, 0x3       x14=00000018 x15:00000003
15432457ns          251780 1c009112 00279793 slli             x15, x15, 0x2       x15=0000000c x15:00000003
15432477ns          251781 1c009114 00d7f7b3 and              x15, x15, x13       x15=00000000 x15:0000000c x13:00001f80
15432497ns          251782 1c009116 ee873733 p.bclr           x14, x14, 23, 8     x14=00000018 x14:00000018
15432517ns          251783 1c00911a 1a10f6b7 lui              x13, 0x1a10f000     x13=1a10f000
15432954ns          251805 1c00911e 0ff57513 andi             x10, x10, 255       x10=00000073 x10:00000073
15432974ns          251806 1c009122 00d70733 add              x14, x14, x13       x14=1a10f018 x14:00000018 x13:1a10f000
15432994ns          251807 1c009124 00a7e723 p.sw             x10, x0(x15)        x10:00000073 x15:00000000  PA:1a10f018
15433452ns          251830 1c009128 00000513 addi             x10, x0, 0          x10=00000000
15433471ns          251831 1c00912a 00008067 jalr             x0, x1, 0            x1:1c0091fa
15433531ns          251834 1c0091fa 31f52563 p.beqimm         x10, 778            x10:00000000
15433551ns          251835 1c0091fe 001d8d93 addi             x27, x27, 1         x27=00000001 x27:00000000
15433591ns          251837 1c009200 00044503 lbu              x10, 0(x8)          x10=00000074  x8:1c000029  PA:1c000029
15434048ns          251860 1c009204 00140413 addi             x8, x8, 1            x8=1c00002a  x8:1c000029
15434068ns          251861 1c009206 fe0514e3 bne              x10, x0, -24        x10:00000074
15434188ns          251867 1c0091ee 02500793 addi             x15, x0, 37         x15=00000025
15434207ns          251868 1c0091f2 04f50863 beq              x10, x15, 80        x10:00000074 x15:00000025
15434227ns          251869 1c0091f6 01a005b3 add              x11, x0, x26        x11=00000002 x26:00000002
15434247ns          251870 1c0091f8 000b00e7 jalr             x1, x22, 0           x1=1c0091fa x22:1c009104
15434287ns          251872 1c009104 000026b7 lui              x13, 0x2000         x13=00002000
15434307ns          251873 1c009106 f14027f3 csrrs            x15, x0, 0xf14      x15=00000003
15434327ns          251874 1c00910a f8068693 addi             x13, x13, -128      x13=00001f80 x13:00002000
15434386ns          251877 1c00910e 00379713 slli             x14, x15, 0x3       x14=00000018 x15:00000003
15434406ns          251878 1c009112 00279793 slli             x15, x15, 0x2       x15=0000000c x15:00000003
15434426ns          251879 1c009114 00d7f7b3 and              x15, x15, x13       x15=00000000 x15:0000000c x13:00001f80
15434446ns          251880 1c009116 ee873733 p.bclr           x14, x14, 23, 8     x14=00000018 x14:00000018
15434466ns          251881 1c00911a 1a10f6b7 lui              x13, 0x1a10f000     x13=1a10f000
15434486ns          251882 1c00911e 0ff57513 andi             x10, x10, 255       x10=00000074 x10:00000074
15434506ns          251883 1c009122 00d70733 add              x14, x14, x13       x14=1a10f018 x14:00000018 x13:1a10f000
15434526ns          251884 1c009124 00a7e723 p.sw             x10, x0(x15)        x10:00000074 x15:00000000  PA:1a10f018
15434983ns          251907 1c009128 00000513 addi             x10, x0, 0          x10=00000000
15435003ns          251908 1c00912a 00008067 jalr             x0, x1, 0            x1:1c0091fa
15435063ns          251911 1c0091fa 31f52563 p.beqimm         x10, 778            x10:00000000
15435083ns          251912 1c0091fe 001d8d93 addi             x27, x27, 1         x27=00000002 x27:00000001
15435103ns          251913 1c009200 00044503 lbu              x10, 0(x8)          x10=00000061  x8:1c00002a  PA:1c00002a
15435401ns          251928 1c009204 00140413 addi             x8, x8, 1            x8=1c00002b  x8:1c00002a
15435421ns          251929 1c009206 fe0514e3 bne              x10, x0, -24        x10:00000061
15435500ns          251933 1c0091ee 02500793 addi             x15, x0, 37         x15=00000025
15435520ns          251934 1c0091f2 04f50863 beq              x10, x15, 80        x10:00000061 x15:00000025
15435540ns          251935 1c0091f6 01a005b3 add              x11, x0, x26        x11=00000002 x26:00000002
15435560ns          251936 1c0091f8 000b00e7 jalr             x1, x22, 0           x1=1c0091fa x22:1c009104
15435600ns          251938 1c009104 000026b7 lui              x13, 0x2000         x13=00002000
15435620ns          251939 1c009106 f14027f3 csrrs            x15, x0, 0xf14      x15=00000003
15435640ns          251940 1c00910a f8068693 addi             x13, x13, -128      x13=00001f80 x13:00002000
15435659ns          251941 1c00910e 00379713 slli             x14, x15, 0x3       x14=00000018 x15:00000003
15435679ns          251942 1c009112 00279793 slli             x15, x15, 0x2       x15=0000000c x15:00000003
15435699ns          251943 1c009114 00d7f7b3 and              x15, x15, x13       x15=00000000 x15:0000000c x13:00001f80
15435719ns          251944 1c009116 ee873733 p.bclr           x14, x14, 23, 8     x14=00000018 x14:00000018
15435739ns          251945 1c00911a 1a10f6b7 lui              x13, 0x1a10f000     x13=1a10f000
15435759ns          251946 1c00911e 0ff57513 andi             x10, x10, 255       x10=00000061 x10:00000061
15435779ns          251947 1c009122 00d70733 add              x14, x14, x13       x14=1a10f018 x14:00000018 x13:1a10f000
15435799ns          251948 1c009124 00a7e723 p.sw             x10, x0(x15)        x10:00000061 x15:00000000  PA:1a10f018
15436117ns          251964 1c009128 00000513 addi             x10, x0, 0          x10=00000000
15436137ns          251965 1c00912a 00008067 jalr             x0, x1, 0            x1:1c0091fa
15436197ns          251968 1c0091fa 31f52563 p.beqimm         x10, 778            x10:00000000
15436216ns          251969 1c0091fe 001d8d93 addi             x27, x27, 1         x27=00000003 x27:00000002
15436236ns          251970 1c009200 00044503 lbu              x10, 0(x8)          x10=00000072  x8:1c00002b  PA:1c00002b
15436535ns          251985 1c009204 00140413 addi             x8, x8, 1            x8=1c00002c  x8:1c00002b
15436555ns          251986 1c009206 fe0514e3 bne              x10, x0, -24        x10:00000072
15436634ns          251990 1c0091ee 02500793 addi             x15, x0, 37         x15=00000025
15436654ns          251991 1c0091f2 04f50863 beq              x10, x15, 80        x10:00000072 x15:00000025
15436674ns          251992 1c0091f6 01a005b3 add              x11, x0, x26        x11=00000002 x26:00000002
15436694ns          251993 1c0091f8 000b00e7 jalr             x1, x22, 0           x1=1c0091fa x22:1c009104
15436734ns          251995 1c009104 000026b7 lui              x13, 0x2000         x13=00002000
15436753ns          251996 1c009106 f14027f3 csrrs            x15, x0, 0xf14      x15=00000003
15436773ns          251997 1c00910a f8068693 addi             x13, x13, -128      x13=00001f80 x13:00002000
15436793ns          251998 1c00910e 00379713 slli             x14, x15, 0x3       x14=00000018 x15:00000003
15436813ns          251999 1c009112 00279793 slli             x15, x15, 0x2       x15=0000000c x15:00000003
15436833ns          252000 1c009114 00d7f7b3 and              x15, x15, x13       x15=00000000 x15:0000000c x13:00001f80
15436853ns          252001 1c009116 ee873733 p.bclr           x14, x14, 23, 8     x14=00000018 x14:00000018
15436873ns          252002 1c00911a 1a10f6b7 lui              x13, 0x1a10f000     x13=1a10f000
15436893ns          252003 1c00911e 0ff57513 andi             x10, x10, 255       x10=00000072 x10:00000072
15436913ns          252004 1c009122 00d70733 add              x14, x14, x13       x14=1a10f018 x14:00000018 x13:1a10f000
15436932ns          252005 1c009124 00a7e723 p.sw             x10, x0(x15)        x10:00000072 x15:00000000  PA:1a10f018
15437291ns          252023 1c009128 00000513 addi             x10, x0, 0          x10=00000000
15437310ns          252024 1c00912a 00008067 jalr             x0, x1, 0            x1:1c0091fa
15437370ns          252027 1c0091fa 31f52563 p.beqimm         x10, 778            x10:00000000
15437390ns          252028 1c0091fe 001d8d93 addi             x27, x27, 1         x27=00000004 x27:00000003
15437410ns          252029 1c009200 00044503 lbu              x10, 0(x8)          x10=00000074  x8:1c00002c  PA:1c00002c
15437708ns          252044 1c009204 00140413 addi             x8, x8, 1            x8=1c00002d  x8:1c00002c
15437728ns          252045 1c009206 fe0514e3 bne              x10, x0, -24        x10:00000074
15437808ns          252049 1c0091ee 02500793 addi             x15, x0, 37         x15=00000025
15437828ns          252050 1c0091f2 04f50863 beq              x10, x15, 80        x10:00000074 x15:00000025
15437847ns          252051 1c0091f6 01a005b3 add              x11, x0, x26        x11=00000002 x26:00000002
15437867ns          252052 1c0091f8 000b00e7 jalr             x1, x22, 0           x1=1c0091fa x22:1c009104
15437907ns          252054 1c009104 000026b7 lui              x13, 0x2000         x13=00002000
15437927ns          252055 1c009106 f14027f3 csrrs            x15, x0, 0xf14      x15=00000003
15437947ns          252056 1c00910a f8068693 addi             x13, x13, -128      x13=00001f80 x13:00002000
15437967ns          252057 1c00910e 00379713 slli             x14, x15, 0x3       x14=00000018 x15:00000003
15437987ns          252058 1c009112 00279793 slli             x15, x15, 0x2       x15=0000000c x15:00000003
15438007ns          252059 1c009114 00d7f7b3 and              x15, x15, x13       x15=00000000 x15:0000000c x13:00001f80
15438026ns          252060 1c009116 ee873733 p.bclr           x14, x14, 23, 8     x14=00000018 x14:00000018
15438046ns          252061 1c00911a 1a10f6b7 lui              x13, 0x1a10f000     x13=1a10f000
15438066ns          252062 1c00911e 0ff57513 andi             x10, x10, 255       x10=00000074 x10:00000074
15438086ns          252063 1c009122 00d70733 add              x14, x14, x13       x14=1a10f018 x14:00000018 x13:1a10f000
15438106ns          252064 1c009124 00a7e723 p.sw             x10, x0(x15)        x10:00000074 x15:00000000  PA:1a10f018
15438444ns          252081 1c009128 00000513 addi             x10, x0, 0          x10=00000000
15438464ns          252082 1c00912a 00008067 jalr             x0, x1, 0            x1:1c0091fa
15438524ns          252085 1c0091fa 31f52563 p.beqimm         x10, 778            x10:00000000
15438544ns          252086 1c0091fe 001d8d93 addi             x27, x27, 1         x27=00000005 x27:00000004
15438564ns          252087 1c009200 00044503 lbu              x10, 0(x8)          x10=00000069  x8:1c00002d  PA:1c00002d
15438862ns          252102 1c009204 00140413 addi             x8, x8, 1            x8=1c00002e  x8:1c00002d
15438882ns          252103 1c009206 fe0514e3 bne              x10, x0, -24        x10:00000069
15438961ns          252107 1c0091ee 02500793 addi             x15, x0, 37         x15=00000025
15438981ns          252108 1c0091f2 04f50863 beq              x10, x15, 80        x10:00000069 x15:00000025
15439001ns          252109 1c0091f6 01a005b3 add              x11, x0, x26        x11=00000002 x26:00000002
15439021ns          252110 1c0091f8 000b00e7 jalr             x1, x22, 0           x1=1c0091fa x22:1c009104
15439061ns          252112 1c009104 000026b7 lui              x13, 0x2000         x13=00002000
15439081ns          252113 1c009106 f14027f3 csrrs            x15, x0, 0xf14      x15=00000003
15439101ns          252114 1c00910a f8068693 addi             x13, x13, -128      x13=00001f80 x13:00002000
15439120ns          252115 1c00910e 00379713 slli             x14, x15, 0x3       x14=00000018 x15:00000003
15439140ns          252116 1c009112 00279793 slli             x15, x15, 0x2       x15=0000000c x15:00000003
15439160ns          252117 1c009114 00d7f7b3 and              x15, x15, x13       x15=00000000 x15:0000000c x13:00001f80
15439180ns          252118 1c009116 ee873733 p.bclr           x14, x14, 23, 8     x14=00000018 x14:00000018
15439200ns          252119 1c00911a 1a10f6b7 lui              x13, 0x1a10f000     x13=1a10f000
15439220ns          252120 1c00911e 0ff57513 andi             x10, x10, 255       x10=00000069 x10:00000069
15439240ns          252121 1c009122 00d70733 add              x14, x14, x13       x14=1a10f018 x14:00000018 x13:1a10f000
15439260ns          252122 1c009124 00a7e723 p.sw             x10, x0(x15)        x10:00000069 x15:00000000  PA:1a10f018
15439578ns          252138 1c009128 00000513 addi             x10, x0, 0          x10=00000000
15439598ns          252139 1c00912a 00008067 jalr             x0, x1, 0            x1:1c0091fa
15439658ns          252142 1c0091fa 31f52563 p.beqimm         x10, 778            x10:00000000
15439677ns          252143 1c0091fe 001d8d93 addi             x27, x27, 1         x27=00000006 x27:00000005
15439697ns          252144 1c009200 00044503 lbu              x10, 0(x8)          x10=0000006e  x8:1c00002e  PA:1c00002e
15439996ns          252159 1c009204 00140413 addi             x8, x8, 1            x8=1c00002f  x8:1c00002e
15440016ns          252160 1c009206 fe0514e3 bne              x10, x0, -24        x10:0000006e
15440095ns          252164 1c0091ee 02500793 addi             x15, x0, 37         x15=00000025
15440115ns          252165 1c0091f2 04f50863 beq              x10, x15, 80        x10:0000006e x15:00000025
15440135ns          252166 1c0091f6 01a005b3 add              x11, x0, x26        x11=00000002 x26:00000002
15440155ns          252167 1c0091f8 000b00e7 jalr             x1, x22, 0           x1=1c0091fa x22:1c009104
15440195ns          252169 1c009104 000026b7 lui              x13, 0x2000         x13=00002000
15440214ns          252170 1c009106 f14027f3 csrrs            x15, x0, 0xf14      x15=00000003
15440234ns          252171 1c00910a f8068693 addi             x13, x13, -128      x13=00001f80 x13:00002000
15440254ns          252172 1c00910e 00379713 slli             x14, x15, 0x3       x14=00000018 x15:00000003
15440274ns          252173 1c009112 00279793 slli             x15, x15, 0x2       x15=0000000c x15:00000003
15440294ns          252174 1c009114 00d7f7b3 and              x15, x15, x13       x15=00000000 x15:0000000c x13:00001f80
15440314ns          252175 1c009116 ee873733 p.bclr           x14, x14, 23, 8     x14=00000018 x14:00000018
15440334ns          252176 1c00911a 1a10f6b7 lui              x13, 0x1a10f000     x13=1a10f000
15440354ns          252177 1c00911e 0ff57513 andi             x10, x10, 255       x10=0000006e x10:0000006e
15440374ns          252178 1c009122 00d70733 add              x14, x14, x13       x14=1a10f018 x14:00000018 x13:1a10f000
15440393ns          252179 1c009124 00a7e723 p.sw             x10, x0(x15)        x10:0000006e x15:00000000  PA:1a10f018
15440732ns          252196 1c009128 00000513 addi             x10, x0, 0          x10=00000000
15440752ns          252197 1c00912a 00008067 jalr             x0, x1, 0            x1:1c0091fa
15440811ns          252200 1c0091fa 31f52563 p.beqimm         x10, 778            x10:00000000
15440831ns          252201 1c0091fe 001d8d93 addi             x27, x27, 1         x27=00000007 x27:00000006
15440851ns          252202 1c009200 00044503 lbu              x10, 0(x8)          x10=00000067  x8:1c00002f  PA:1c00002f
15441149ns          252217 1c009204 00140413 addi             x8, x8, 1            x8=1c000030  x8:1c00002f
15441169ns          252218 1c009206 fe0514e3 bne              x10, x0, -24        x10:00000067
15441249ns          252222 1c0091ee 02500793 addi             x15, x0, 37         x15=00000025
15441269ns          252223 1c0091f2 04f50863 beq              x10, x15, 80        x10:00000067 x15:00000025
15441289ns          252224 1c0091f6 01a005b3 add              x11, x0, x26        x11=00000002 x26:00000002
15441308ns          252225 1c0091f8 000b00e7 jalr             x1, x22, 0           x1=1c0091fa x22:1c009104
15441348ns          252227 1c009104 000026b7 lui              x13, 0x2000         x13=00002000
15441368ns          252228 1c009106 f14027f3 csrrs            x15, x0, 0xf14      x15=00000003
15441388ns          252229 1c00910a f8068693 addi             x13, x13, -128      x13=00001f80 x13:00002000
15441408ns          252230 1c00910e 00379713 slli             x14, x15, 0x3       x14=00000018 x15:00000003
15441428ns          252231 1c009112 00279793 slli             x15, x15, 0x2       x15=0000000c x15:00000003
15441448ns          252232 1c009114 00d7f7b3 and              x15, x15, x13       x15=00000000 x15:0000000c x13:00001f80
15441468ns          252233 1c009116 ee873733 p.bclr           x14, x14, 23, 8     x14=00000018 x14:00000018
15441487ns          252234 1c00911a 1a10f6b7 lui              x13, 0x1a10f000     x13=1a10f000
15441507ns          252235 1c00911e 0ff57513 andi             x10, x10, 255       x10=00000067 x10:00000067
15441527ns          252236 1c009122 00d70733 add              x14, x14, x13       x14=1a10f018 x14:00000018 x13:1a10f000
15441547ns          252237 1c009124 00a7e723 p.sw             x10, x0(x15)        x10:00000067 x15:00000000  PA:1a10f018
15441885ns          252254 1c009128 00000513 addi             x10, x0, 0          x10=00000000
15441905ns          252255 1c00912a 00008067 jalr             x0, x1, 0            x1:1c0091fa
15441965ns          252258 1c0091fa 31f52563 p.beqimm         x10, 778            x10:00000000
15441985ns          252259 1c0091fe 001d8d93 addi             x27, x27, 1         x27=00000008 x27:00000007
15442005ns          252260 1c009200 00044503 lbu              x10, 0(x8)          x10=00000020  x8:1c000030  PA:1c000030
15442303ns          252275 1c009204 00140413 addi             x8, x8, 1            x8=1c000031  x8:1c000030
15442323ns          252276 1c009206 fe0514e3 bne              x10, x0, -24        x10:00000020
15442402ns          252280 1c0091ee 02500793 addi             x15, x0, 37         x15=00000025
15442422ns          252281 1c0091f2 04f50863 beq              x10, x15, 80        x10:00000020 x15:00000025
15442442ns          252282 1c0091f6 01a005b3 add              x11, x0, x26        x11=00000002 x26:00000002
15442462ns          252283 1c0091f8 000b00e7 jalr             x1, x22, 0           x1=1c0091fa x22:1c009104
15442502ns          252285 1c009104 000026b7 lui              x13, 0x2000         x13=00002000
15442522ns          252286 1c009106 f14027f3 csrrs            x15, x0, 0xf14      x15=00000003
15442542ns          252287 1c00910a f8068693 addi             x13, x13, -128      x13=00001f80 x13:00002000
15442562ns          252288 1c00910e 00379713 slli             x14, x15, 0x3       x14=00000018 x15:00000003
15442581ns          252289 1c009112 00279793 slli             x15, x15, 0x2       x15=0000000c x15:00000003
15442601ns          252290 1c009114 00d7f7b3 and              x15, x15, x13       x15=00000000 x15:0000000c x13:00001f80
15442621ns          252291 1c009116 ee873733 p.bclr           x14, x14, 23, 8     x14=00000018 x14:00000018
15442641ns          252292 1c00911a 1a10f6b7 lui              x13, 0x1a10f000     x13=1a10f000
15442661ns          252293 1c00911e 0ff57513 andi             x10, x10, 255       x10=00000020 x10:00000020
15442681ns          252294 1c009122 00d70733 add              x14, x14, x13       x14=1a10f018 x14:00000018 x13:1a10f000
15442701ns          252295 1c009124 00a7e723 p.sw             x10, x0(x15)        x10:00000020 x15:00000000  PA:1a10f018
15443019ns          252311 1c009128 00000513 addi             x10, x0, 0          x10=00000000
15443039ns          252312 1c00912a 00008067 jalr             x0, x1, 0            x1:1c0091fa
15443099ns          252315 1c0091fa 31f52563 p.beqimm         x10, 778            x10:00000000
15443119ns          252316 1c0091fe 001d8d93 addi             x27, x27, 1         x27=00000009 x27:00000008
15443138ns          252317 1c009200 00044503 lbu              x10, 0(x8)          x10=00000025  x8:1c000031  PA:1c000031
15443437ns          252332 1c009204 00140413 addi             x8, x8, 1            x8=1c000032  x8:1c000031
15443457ns          252333 1c009206 fe0514e3 bne              x10, x0, -24        x10:00000025
15443536ns          252337 1c0091ee 02500793 addi             x15, x0, 37         x15=00000025
15443556ns          252338 1c0091f2 04f50863 beq              x10, x15, 80        x10:00000025 x15:00000025
15443954ns          252358 1c009242 00044483 lbu              x9, 0(x8)            x9=00000064  x8:1c000032  PA:1c000032
15444392ns          252380 1c009246 02000693 addi             x13, x0, 32         x13=00000020
15444411ns          252381 1c00924a 00140a93 addi             x21, x8, 1          x21=1c000033  x8:1c000032
15444431ns          252382 1c00924e 009005b3 add              x11, x0, x9         x11=00000064  x9:00000064
15444471ns          252384 1c009250 100b8513 addi             x10, x23, 256       x10=1c000100 x23:1c000000
15444511ns          252386 1c009254 00d12823 sw               x13, 16(x2)         x13:00000020  x2:10001cc8  PA:10001cd8
15444531ns          252387 1c009256 00012c23 sw               x0, 24(x2)           x2:10001cc8  PA:10001ce0
15444551ns          252388 1c009258 00012a23 sw               x0, 20(x2)           x2:10001cc8  PA:10001cdc
15444571ns          252389 1c00925a 00012e23 sw               x0, 28(x2)           x2:10001cc8  PA:10001ce4
15444590ns          252390 1c00925c 00012623 sw               x0, 12(x2)           x2:10001cc8  PA:10001cd4
15444988ns          252410 1c00925e 02300913 addi             x18, x0, 35         x18=00000023
15445028ns          252412 1c009262 02d00a13 addi             x20, x0, 45         x20=0000002d
15445048ns          252413 1c009266 015009b3 add              x19, x0, x21        x19=1c000033 x21:1c000033
15445068ns          252414 1c009268 e1dff0ef jal              x1, -484             x1=1c00926a
15445963ns          252459 1c009084 00054783 lbu              x15, 0(x10)         x15=0000002d x10:1c000100  PA:1c000100
15446420ns          252482 1c009088 0ff5f593 andi             x11, x11, 255       x11=00000064 x11:00000064
15446440ns          252483 1c00908c 00b78c63 beq              x15, x11, 24        x15:0000002d x11:00000064
15446480ns          252485 1c009090 00078b63 beq              x15, x0, 22         x15:0000002d
15446520ns          252487 1c009092 00150793 addi             x15, x10, 1         x15=1c000101 x10:1c000100
15446540ns          252488 1c009096 0040006f jal              x0, 4              
15446579ns          252490 1c00909a 00f00533 add              x10, x0, x15        x10=1c000101 x15:1c000101
15446599ns          252491 1c00909c 0017c70b p.lbu            x14, 1(x15!)        x14=0000002b x15=1c000102 x15:1c000101  PA:1c000101
15447077ns          252515 1c0090a0 feb71ce3 bne              x14, x11, -8        x14:0000002b x11:00000064
15447136ns          252518 1c009098 00070763 beq              x14, x0, 14         x14:0000002b
15447156ns          252519 1c00909a 00f00533 add              x10, x0, x15        x10=1c000102 x15:1c000102
15447176ns          252520 1c00909c 0017c70b p.lbu            x14, 1(x15!)        x14=00000020 x15=1c000103 x15:1c000102  PA:1c000102
15447594ns          252541 1c0090a0 feb71ce3 bne              x14, x11, -8        x14:00000020 x11:00000064
15447693ns          252546 1c009098 00070763 beq              x14, x0, 14         x14:00000020
15447713ns          252547 1c00909a 00f00533 add              x10, x0, x15        x10=1c000103 x15:1c000103
15447733ns          252548 1c00909c 0017c70b p.lbu            x14, 1(x15!)        x14=00000023 x15=1c000104 x15:1c000103  PA:1c000103
15448051ns          252564 1c0090a0 feb71ce3 bne              x14, x11, -8        x14:00000023 x11:00000064
15448111ns          252567 1c009098 00070763 beq              x14, x0, 14         x14:00000023
15448131ns          252568 1c00909a 00f00533 add              x10, x0, x15        x10=1c000104 x15:1c000104
15448151ns          252569 1c00909c 0017c70b p.lbu            x14, 1(x15!)        x14=00000030 x15=1c000105 x15:1c000104  PA:1c000104
15448529ns          252588 1c0090a0 feb71ce3 bne              x14, x11, -8        x14:00000030 x11:00000064
15448588ns          252591 1c009098 00070763 beq              x14, x0, 14         x14:00000030
15448608ns          252592 1c00909a 00f00533 add              x10, x0, x15        x10=1c000105 x15:1c000105
15448628ns          252593 1c00909c 0017c70b p.lbu            x14, 1(x15!)        x14=00000000 x15=1c000106 x15:1c000105  PA:1c000105
15448946ns          252609 1c0090a0 feb71ce3 bne              x14, x11, -8        x14:00000000 x11:00000064
15449006ns          252612 1c009098 00070763 beq              x14, x0, 14         x14:00000000
15449086ns          252616 1c0090a6 0015b593 sltiu            x11, x11, 1         x11=00000000 x11:00000064
15449106ns          252617 1c0090aa 40b005b3 sub              x11, x0, x11        x11=00000000 x11:00000000
15449126ns          252618 1c0090ae 00b57533 and              x10, x10, x11       x10=00000000 x10:1c000105 x11:00000000
15449145ns          252619 1c0090b0 00008067 jalr             x0, x1, 0            x1:1c00926a
15449185ns          252621 1c00926a 02050a63 beq              x10, x0, 52         x10:00000000
15450080ns          252666 1c00929e 02a00613 addi             x12, x0, 42         x12=0000002a
15450120ns          252668 1c0092a2 2ac48663 beq              x9, x12, 684         x9:00000064 x12:0000002a
15450140ns          252669 1c0092a6 fd048613 addi             x12, x9, -48        x12=00000034  x9:00000064
15450160ns          252670 1c0092aa 00900593 addi             x11, x0, 9          x11=00000009
15450180ns          252671 1c0092ac 00000913 addi             x18, x0, 0          x18=00000000
15450617ns          252693 1c0092ae 28c5f063 bgeu             x11, x12, 640       x11:00000009 x12:00000034
15450657ns          252695 1c0092b2 02e00693 addi             x13, x0, 46         x13=0000002e
15450677ns          252696 1c0092b6 fff00a13 addi             x20, x0, -1         x20=ffffffff
15450697ns          252697 1c0092b8 2ed48363 beq              x9, x13, 742         x9:00000064 x13:0000002e
15450717ns          252698 1c0092bc 1c0007b7 lui              x15, 0x1c000000     x15=1c000000
15451134ns          252719 1c0092c0 009005b3 add              x11, x0, x9         x11=00000064  x9:00000064
15451174ns          252721 1c0092c2 10878513 addi             x10, x15, 264       x10=1c000108 x15:1c000000
15451194ns          252722 1c0092c6 dbfff0ef jal              x1, -578             x1=1c0092c8
15451234ns          252724 1c009084 00054783 lbu              x15, 0(x10)         x15=00000068 x10:1c000108  PA:1c000108
15451532ns          252739 1c009088 0ff5f593 andi             x11, x11, 255       x11=00000064 x11:00000064
15451552ns          252740 1c00908c 00b78c63 beq              x15, x11, 24        x15:00000068 x11:00000064
15451572ns          252741 1c009090 00078b63 beq              x15, x0, 22         x15:00000068
15451592ns          252742 1c009092 00150793 addi             x15, x10, 1         x15=1c000109 x10:1c000108
15451612ns          252743 1c009096 0040006f jal              x0, 4              
15451652ns          252745 1c00909a 00f00533 add              x10, x0, x15        x10=1c000109 x15:1c000109
15451672ns          252746 1c00909c 0017c70b p.lbu            x14, 1(x15!)        x14=0000006c x15=1c00010a x15:1c000109  PA:1c000109
15451990ns          252762 1c0090a0 feb71ce3 bne              x14, x11, -8        x14:0000006c x11:00000064
15452049ns          252765 1c009098 00070763 beq              x14, x0, 14         x14:0000006c
15452069ns          252766 1c00909a 00f00533 add              x10, x0, x15        x10=1c00010a x15:1c00010a
15452089ns          252767 1c00909c 0017c70b p.lbu            x14, 1(x15!)        x14=0000004c x15=1c00010b x15:1c00010a  PA:1c00010a
15452407ns          252783 1c0090a0 feb71ce3 bne              x14, x11, -8        x14:0000004c x11:00000064
15452467ns          252786 1c009098 00070763 beq              x14, x0, 14         x14:0000004c
15452487ns          252787 1c00909a 00f00533 add              x10, x0, x15        x10=1c00010b x15:1c00010b
15452507ns          252788 1c00909c 0017c70b p.lbu            x14, 1(x15!)        x14=0000007a x15=1c00010c x15:1c00010b  PA:1c00010b
15452825ns          252804 1c0090a0 feb71ce3 bne              x14, x11, -8        x14:0000007a x11:00000064
15452885ns          252807 1c009098 00070763 beq              x14, x0, 14         x14:0000007a
15452905ns          252808 1c00909a 00f00533 add              x10, x0, x15        x10=1c00010c x15:1c00010c
15452925ns          252809 1c00909c 0017c70b p.lbu            x14, 1(x15!)        x14=00000000 x15=1c00010d x15:1c00010c  PA:1c00010c
15453243ns          252825 1c0090a0 feb71ce3 bne              x14, x11, -8        x14:00000000 x11:00000064
15453303ns          252828 1c009098 00070763 beq              x14, x0, 14         x14:00000000
15453382ns          252832 1c0090a6 0015b593 sltiu            x11, x11, 1         x11=00000000 x11:00000064
15453402ns          252833 1c0090aa 40b005b3 sub              x11, x0, x11        x11=00000000 x11:00000000
15453422ns          252834 1c0090ae 00b57533 and              x10, x10, x11       x10=00000000 x10:1c00010c x11:00000000
15453442ns          252835 1c0090b0 00008067 jalr             x0, x1, 0            x1:1c0092c8
15453482ns          252837 1c0092c8 01300433 add              x8, x0, x19          x8=1c000033 x19:1c000033
15453501ns          252838 1c0092ca 00050563 beq              x10, x0, 10         x10:00000000
15453979ns          252862 1c0092d4 06700693 addi             x13, x0, 103        x13=00000067
15453999ns          252863 1c0092d8 2896d963 bge              x13, x9, 658        x13:00000067  x9:00000064
15455013ns          252914 1c00956a 06500693 addi             x13, x0, 101        x13=00000065
15455451ns          252936 1c00956e 12d4d563 bge              x9, x13, 298         x9:00000064 x13:00000065
15455491ns          252938 1c009572 04700693 addi             x13, x0, 71         x13=00000047
15455510ns          252939 1c009576 dc96cbe3 blt              x13, x9, -554       x13:00000047  x9:00000064
15456485ns          252988 1c00934c 06300693 addi             x13, x0, 99         x13=00000063
15456943ns          253011 1c009350 0ad488e3 beq              x9, x13, 2224        x9:00000064 x13:00000063
15456982ns          253013 1c009354 0096c9e3 blt              x13, x9, 2066       x13:00000063  x9:00000064
15457500ns          253039 1c009b66 000c2583 lw               x11, 0(x24)         x11=00000001 x24:10001e1c  PA:10001e1c
15457519ns          253040 1c009b6a 004c0c13 addi             x24, x24, 4         x24=10001e20 x24:10001e1c
15457539ns          253041 1c009b6c 3405cc63 blt              x11, x0, 856        x11:00000001
15457957ns          253062 1c009b70 01412603 lw               x12, 20(x2)         x12=00000000  x2:10001cc8  PA:10001cdc
15457977ns          253063 1c009b72 00b006b3 add              x13, x0, x11        x13=00000001 x11:00000001
15457997ns          253064 1c009b74 2e061863 bne              x12, x0, 752        x12:00000000
15458017ns          253065 1c009b78 01812703 lw               x14, 24(x2)         x14=00000000  x2:10001cc8  PA:10001ce0
15458037ns          253066 1c009b7a 019007b3 add              x15, x0, x25        x15=10001cec x25:10001cec
15458056ns          253067 1c009b7c 00070763 beq              x14, x0, 14         x14:00000000
15458534ns          253091 1c009b8a 00f00733 add              x14, x0, x15        x14=10001cec x15:10001cec
15458554ns          253092 1c009b8c 00a00513 addi             x10, x0, 10         x10=0000000a
15458991ns          253114 1c009b8e 02a6f633 remu             x12, x13, x10       x12=00000001 x13:00000001 x10:0000000a
15459628ns          253146 1c009b92 02a6d6b3 divu             x13, x13, x10       x13=00000000 x13:00000001 x10:0000000a
15460244ns          253177 1c009b96 03060613 addi             x12, x12, 48        x12=00000031 x12:00000001
15460264ns          253178 1c009b9a 00c700ab p.sb             x12, 1(x14!)        x14=10001ced x12:00000031 x14:10001cec  PA:10001cec
15460284ns          253179 1c009b9e fe0698e3 bne              x13, x0, -16        x13:00000000
15460304ns          253180 1c009ba0 40f706b3 sub              x13, x14, x15       x13=00000001 x14:10001ced x15:10001cec
15460324ns          253181 1c009ba4 0146dc63 bge              x13, x20, 24        x13:00000001 x20:ffffffff
15460821ns          253206 1c009bbc 00e006b3 add              x13, x0, x14        x13=10001ced x14:10001ced
15461279ns          253229 1c009bbe fe068fab p.sb             x0, -1(x13!)        x13=10001cec x13:10001ced  PA:10001ced
15461319ns          253231 1c009bc2 00d7fc63 bgeu             x15, x13, 24        x15:10001cec x13:10001cec
15461796ns          253255 1c009bda 01412783 lw               x15, 20(x2)         x15=00000000  x2:10001cc8  PA:10001cdc
15461836ns          253257 1c009bdc 01812603 lw               x12, 24(x2)         x12=00000000  x2:10001cc8  PA:10001ce0
15462273ns          253279 1c009bde 419704b3 sub              x9, x14, x25         x9=00000001 x14:10001ced x25:10001cec
15462293ns          253280 1c009be2 00c7e7b3 or               x15, x15, x12       x15=00000000 x15:00000000 x12:00000000
15462313ns          253281 1c009be4 00f12623 sw               x15, 12(x2)         x15:00000000  x2:10001cc8  PA:10001cd4
15462333ns          253282 1c009be6 00079363 bne              x15, x0, 6          x15:00000000
15462353ns          253283 1c009be8 01f5d593 srli             x11, x11, 0x1f      x11=00000000 x11:00000001
15462373ns          253284 1c009bea 00b12623 sw               x11, 12(x2)         x11:00000000  x2:10001cc8  PA:10001cd4
15462393ns          253285 1c009bec e3fa28e3 p.beqimm         x20, -464           x20:ffffffff
15463248ns          253328 1c009a1c 0c800793 addi             x15, x0, 200        x15=000000c8
15463705ns          253351 1c009a20 9e97d0e3 bge              x15, x9, -1568      x15:000000c8  x9:00000001
15464183ns          253375 1c009400 0f24d163 bge              x9, x18, 226         x9:00000001 x18:00000000
15464700ns          253401 1c0094e2 d00482e3 beq              x9, x0, -764         x9:00000001
15464720ns          253402 1c0094e6 01900933 add              x18, x0, x25        x18=10001cec x25:10001cec
15464740ns          253403 1c0094e8 419d8db3 sub              x27, x27, x25       x27=efffe31d x27:00000009 x25:10001cec
15464760ns          253404 1c0094ec 00a0006f jal              x0, 10             
15465257ns          253429 1c0094f6 0019450b p.lbu            x10, 1(x18!)        x10=00000031 x18=10001ced x18:10001cec  PA:10001cec
15465277ns          253430 1c0094fa 01a005b3 add              x11, x0, x26        x11=00000002 x26:00000002
15465297ns          253431 1c0094fc 000b00e7 jalr             x1, x22, 0           x1=1c0094fe x22:1c009104
15465754ns          253454 1c009104 000026b7 lui              x13, 0x2000         x13=00002000
15465774ns          253455 1c009106 f14027f3 csrrs            x15, x0, 0xf14      x15=00000003
15465794ns          253456 1c00910a f8068693 addi             x13, x13, -128      x13=00001f80 x13:00002000
15465814ns          253457 1c00910e 00379713 slli             x14, x15, 0x3       x14=00000018 x15:00000003
15465834ns          253458 1c009112 00279793 slli             x15, x15, 0x2       x15=0000000c x15:00000003
15465854ns          253459 1c009114 00d7f7b3 and              x15, x15, x13       x15=00000000 x15:0000000c x13:00001f80
15465874ns          253460 1c009116 ee873733 p.bclr           x14, x14, 23, 8     x14=00000018 x14:00000018
15465893ns          253461 1c00911a 1a10f6b7 lui              x13, 0x1a10f000     x13=1a10f000
15465933ns          253463 1c00911e 0ff57513 andi             x10, x10, 255       x10=00000031 x10:00000031
15465953ns          253464 1c009122 00d70733 add              x14, x14, x13       x14=1a10f018 x14:00000018 x13:1a10f000
15465973ns          253465 1c009124 00a7e723 p.sw             x10, x0(x15)        x10:00000031 x15:00000000  PA:1a10f018
15466450ns          253489 1c009128 00000513 addi             x10, x0, 0          x10=00000000
15466470ns          253490 1c00912a 00008067 jalr             x0, x1, 0            x1:1c0094fe
15466510ns          253492 1c0094fe fff48493 addi             x9, x9, -1           x9=00000000  x9:00000001
15466530ns          253493 1c009500 fff537e3 p.bneimm         x10, -18            x10:00000000
15466609ns          253497 1c0094ee 012d8733 add              x14, x27, x18       x14=0000000a x27:efffe31d x18:10001ced
15466629ns          253498 1c0094f2 5a048b63 beq              x9, x0, 1462         x9:00000000
15466948ns          253514 1c009aa8 00e00db3 add              x27, x0, x14        x27=0000000a x14:0000000a
15466987ns          253516 1c009aaa f3cff06f jal              x0, -2244          
15467544ns          253544 1c0091e6 00044503 lbu              x10, 0(x8)          x10=00000020  x8:1c000033  PA:1c000033
15467843ns          253559 1c0091ea 00140413 addi             x8, x8, 1            x8=1c000034  x8:1c000033
15467863ns          253560 1c0091ec 00050e63 beq              x10, x0, 28         x10:00000020
15467882ns          253561 1c0091ee 02500793 addi             x15, x0, 37         x15=00000025
15467902ns          253562 1c0091f2 04f50863 beq              x10, x15, 80        x10:00000020 x15:00000025
15467922ns          253563 1c0091f6 01a005b3 add              x11, x0, x26        x11=00000002 x26:00000002
15467942ns          253564 1c0091f8 000b00e7 jalr             x1, x22, 0           x1=1c0091fa x22:1c009104
15468081ns          253571 1c009104 000026b7 lui              x13, 0x2000         x13=00002000
15468121ns          253573 1c009106 f14027f3 csrrs            x15, x0, 0xf14      x15=00000003
15468141ns          253574 1c00910a f8068693 addi             x13, x13, -128      x13=00001f80 x13:00002000
15468161ns          253575 1c00910e 00379713 slli             x14, x15, 0x3       x14=00000018 x15:00000003
15468181ns          253576 1c009112 00279793 slli             x15, x15, 0x2       x15=0000000c x15:00000003
15468201ns          253577 1c009114 00d7f7b3 and              x15, x15, x13       x15=00000000 x15:0000000c x13:00001f80
15468221ns          253578 1c009116 ee873733 p.bclr           x14, x14, 23, 8     x14=00000018 x14:00000018
15468241ns          253579 1c00911a 1a10f6b7 lui              x13, 0x1a10f000     x13=1a10f000
15468260ns          253580 1c00911e 0ff57513 andi             x10, x10, 255       x10=00000020 x10:00000020
15468280ns          253581 1c009122 00d70733 add              x14, x14, x13       x14=1a10f018 x14:00000018 x13:1a10f000
15468300ns          253582 1c009124 00a7e723 p.sw             x10, x0(x15)        x10:00000020 x15:00000000  PA:1a10f018
15468797ns          253607 1c009128 00000513 addi             x10, x0, 0          x10=00000000
15468817ns          253608 1c00912a 00008067 jalr             x0, x1, 0            x1:1c0091fa
15468877ns          253611 1c0091fa 31f52563 p.beqimm         x10, 778            x10:00000000
15468897ns          253612 1c0091fe 001d8d93 addi             x27, x27, 1         x27=0000000b x27:0000000a
15468917ns          253613 1c009200 00044503 lbu              x10, 0(x8)          x10=0000006b  x8:1c000034  PA:1c000034
15469215ns          253628 1c009204 00140413 addi             x8, x8, 1            x8=1c000035  x8:1c000034
15469235ns          253629 1c009206 fe0514e3 bne              x10, x0, -24        x10:0000006b
15469315ns          253633 1c0091ee 02500793 addi             x15, x0, 37         x15=00000025
15469335ns          253634 1c0091f2 04f50863 beq              x10, x15, 80        x10:0000006b x15:00000025
15469354ns          253635 1c0091f6 01a005b3 add              x11, x0, x26        x11=00000002 x26:00000002
15469374ns          253636 1c0091f8 000b00e7 jalr             x1, x22, 0           x1=1c0091fa x22:1c009104
15469414ns          253638 1c009104 000026b7 lui              x13, 0x2000         x13=00002000
15469434ns          253639 1c009106 f14027f3 csrrs            x15, x0, 0xf14      x15=00000003
15469454ns          253640 1c00910a f8068693 addi             x13, x13, -128      x13=00001f80 x13:00002000
15469514ns          253643 1c00910e 00379713 slli             x14, x15, 0x3       x14=00000018 x15:00000003
15469533ns          253644 1c009112 00279793 slli             x15, x15, 0x2       x15=0000000c x15:00000003
15469553ns          253645 1c009114 00d7f7b3 and              x15, x15, x13       x15=00000000 x15:0000000c x13:00001f80
15469573ns          253646 1c009116 ee873733 p.bclr           x14, x14, 23, 8     x14=00000018 x14:00000018
15469593ns          253647 1c00911a 1a10f6b7 lui              x13, 0x1a10f000     x13=1a10f000
15469613ns          253648 1c00911e 0ff57513 andi             x10, x10, 255       x10=0000006b x10:0000006b
15469633ns          253649 1c009122 00d70733 add              x14, x14, x13       x14=1a10f018 x14:00000018 x13:1a10f000
15469653ns          253650 1c009124 00a7e723 p.sw             x10, x0(x15)        x10:0000006b x15:00000000  PA:1a10f018
15469991ns          253667 1c009128 00000513 addi             x10, x0, 0          x10=00000000
15470011ns          253668 1c00912a 00008067 jalr             x0, x1, 0            x1:1c0091fa
15470070ns          253671 1c0091fa 31f52563 p.beqimm         x10, 778            x10:00000000
15470090ns          253672 1c0091fe 001d8d93 addi             x27, x27, 1         x27=0000000c x27:0000000b
15470110ns          253673 1c009200 00044503 lbu              x10, 0(x8)          x10=00000065  x8:1c000035  PA:1c000035
15470429ns          253689 1c009204 00140413 addi             x8, x8, 1            x8=1c000036  x8:1c000035
15470448ns          253690 1c009206 fe0514e3 bne              x10, x0, -24        x10:00000065
15470528ns          253694 1c0091ee 02500793 addi             x15, x0, 37         x15=00000025
15470548ns          253695 1c0091f2 04f50863 beq              x10, x15, 80        x10:00000065 x15:00000025
15470568ns          253696 1c0091f6 01a005b3 add              x11, x0, x26        x11=00000002 x26:00000002
15470588ns          253697 1c0091f8 000b00e7 jalr             x1, x22, 0           x1=1c0091fa x22:1c009104
15470627ns          253699 1c009104 000026b7 lui              x13, 0x2000         x13=00002000
15470647ns          253700 1c009106 f14027f3 csrrs            x15, x0, 0xf14      x15=00000003
15470667ns          253701 1c00910a f8068693 addi             x13, x13, -128      x13=00001f80 x13:00002000
15470687ns          253702 1c00910e 00379713 slli             x14, x15, 0x3       x14=00000018 x15:00000003
15470707ns          253703 1c009112 00279793 slli             x15, x15, 0x2       x15=0000000c x15:00000003
15470727ns          253704 1c009114 00d7f7b3 and              x15, x15, x13       x15=00000000 x15:0000000c x13:00001f80
15470747ns          253705 1c009116 ee873733 p.bclr           x14, x14, 23, 8     x14=00000018 x14:00000018
15470767ns          253706 1c00911a 1a10f6b7 lui              x13, 0x1a10f000     x13=1a10f000
15470787ns          253707 1c00911e 0ff57513 andi             x10, x10, 255       x10=00000065 x10:00000065
15470806ns          253708 1c009122 00d70733 add              x14, x14, x13       x14=1a10f018 x14:00000018 x13:1a10f000
15470826ns          253709 1c009124 00a7e723 p.sw             x10, x0(x15)        x10:00000065 x15:00000000  PA:1a10f018
15471145ns          253725 1c009128 00000513 addi             x10, x0, 0          x10=00000000
15471164ns          253726 1c00912a 00008067 jalr             x0, x1, 0            x1:1c0091fa
15471224ns          253729 1c0091fa 31f52563 p.beqimm         x10, 778            x10:00000000
15471244ns          253730 1c0091fe 001d8d93 addi             x27, x27, 1         x27=0000000d x27:0000000c
15471264ns          253731 1c009200 00044503 lbu              x10, 0(x8)          x10=00000072  x8:1c000036  PA:1c000036
15471562ns          253746 1c009204 00140413 addi             x8, x8, 1            x8=1c000037  x8:1c000036
15471582ns          253747 1c009206 fe0514e3 bne              x10, x0, -24        x10:00000072
15471662ns          253751 1c0091ee 02500793 addi             x15, x0, 37         x15=00000025
15471682ns          253752 1c0091f2 04f50863 beq              x10, x15, 80        x10:00000072 x15:00000025
15471702ns          253753 1c0091f6 01a005b3 add              x11, x0, x26        x11=00000002 x26:00000002
15471721ns          253754 1c0091f8 000b00e7 jalr             x1, x22, 0           x1=1c0091fa x22:1c009104
15471761ns          253756 1c009104 000026b7 lui              x13, 0x2000         x13=00002000
15471781ns          253757 1c009106 f14027f3 csrrs            x15, x0, 0xf14      x15=00000003
15471801ns          253758 1c00910a f8068693 addi             x13, x13, -128      x13=00001f80 x13:00002000
15471821ns          253759 1c00910e 00379713 slli             x14, x15, 0x3       x14=00000018 x15:00000003
15471841ns          253760 1c009112 00279793 slli             x15, x15, 0x2       x15=0000000c x15:00000003
15471861ns          253761 1c009114 00d7f7b3 and              x15, x15, x13       x15=00000000 x15:0000000c x13:00001f80
15471881ns          253762 1c009116 ee873733 p.bclr           x14, x14, 23, 8     x14=00000018 x14:00000018
15471900ns          253763 1c00911a 1a10f6b7 lui              x13, 0x1a10f000     x13=1a10f000
15471920ns          253764 1c00911e 0ff57513 andi             x10, x10, 255       x10=00000072 x10:00000072
15471940ns          253765 1c009122 00d70733 add              x14, x14, x13       x14=1a10f018 x14:00000018 x13:1a10f000
15471960ns          253766 1c009124 00a7e723 p.sw             x10, x0(x15)        x10:00000072 x15:00000000  PA:1a10f018
15472278ns          253782 1c009128 00000513 addi             x10, x0, 0          x10=00000000
15472298ns          253783 1c00912a 00008067 jalr             x0, x1, 0            x1:1c0091fa
15472358ns          253786 1c0091fa 31f52563 p.beqimm         x10, 778            x10:00000000
15472378ns          253787 1c0091fe 001d8d93 addi             x27, x27, 1         x27=0000000e x27:0000000d
15472398ns          253788 1c009200 00044503 lbu              x10, 0(x8)          x10=0000006e  x8:1c000037  PA:1c000037
15472696ns          253803 1c009204 00140413 addi             x8, x8, 1            x8=1c000038  x8:1c000037
15472716ns          253804 1c009206 fe0514e3 bne              x10, x0, -24        x10:0000006e
15472796ns          253808 1c0091ee 02500793 addi             x15, x0, 37         x15=00000025
15472815ns          253809 1c0091f2 04f50863 beq              x10, x15, 80        x10:0000006e x15:00000025
15472835ns          253810 1c0091f6 01a005b3 add              x11, x0, x26        x11=00000002 x26:00000002
15472855ns          253811 1c0091f8 000b00e7 jalr             x1, x22, 0           x1=1c0091fa x22:1c009104
15472895ns          253813 1c009104 000026b7 lui              x13, 0x2000         x13=00002000
15472915ns          253814 1c009106 f14027f3 csrrs            x15, x0, 0xf14      x15=00000003
15472935ns          253815 1c00910a f8068693 addi             x13, x13, -128      x13=00001f80 x13:00002000
15472955ns          253816 1c00910e 00379713 slli             x14, x15, 0x3       x14=00000018 x15:00000003
15472975ns          253817 1c009112 00279793 slli             x15, x15, 0x2       x15=0000000c x15:00000003
15472994ns          253818 1c009114 00d7f7b3 and              x15, x15, x13       x15=00000000 x15:0000000c x13:00001f80
15473014ns          253819 1c009116 ee873733 p.bclr           x14, x14, 23, 8     x14=00000018 x14:00000018
15473034ns          253820 1c00911a 1a10f6b7 lui              x13, 0x1a10f000     x13=1a10f000
15473054ns          253821 1c00911e 0ff57513 andi             x10, x10, 255       x10=0000006e x10:0000006e
15473074ns          253822 1c009122 00d70733 add              x14, x14, x13       x14=1a10f018 x14:00000018 x13:1a10f000
15473094ns          253823 1c009124 00a7e723 p.sw             x10, x0(x15)        x10:0000006e x15:00000000  PA:1a10f018
15473412ns          253839 1c009128 00000513 addi             x10, x0, 0          x10=00000000
15473432ns          253840 1c00912a 00008067 jalr             x0, x1, 0            x1:1c0091fa
15473492ns          253843 1c0091fa 31f52563 p.beqimm         x10, 778            x10:00000000
15473512ns          253844 1c0091fe 001d8d93 addi             x27, x27, 1         x27=0000000f x27:0000000e
15473531ns          253845 1c009200 00044503 lbu              x10, 0(x8)          x10=00000065  x8:1c000038  PA:1c000038
15473830ns          253860 1c009204 00140413 addi             x8, x8, 1            x8=1c000039  x8:1c000038
15473850ns          253861 1c009206 fe0514e3 bne              x10, x0, -24        x10:00000065
15473929ns          253865 1c0091ee 02500793 addi             x15, x0, 37         x15=00000025
15473949ns          253866 1c0091f2 04f50863 beq              x10, x15, 80        x10:00000065 x15:00000025
15473969ns          253867 1c0091f6 01a005b3 add              x11, x0, x26        x11=00000002 x26:00000002
15473989ns          253868 1c0091f8 000b00e7 jalr             x1, x22, 0           x1=1c0091fa x22:1c009104
15474029ns          253870 1c009104 000026b7 lui              x13, 0x2000         x13=00002000
15474049ns          253871 1c009106 f14027f3 csrrs            x15, x0, 0xf14      x15=00000003
15474069ns          253872 1c00910a f8068693 addi             x13, x13, -128      x13=00001f80 x13:00002000
15474088ns          253873 1c00910e 00379713 slli             x14, x15, 0x3       x14=00000018 x15:00000003
15474108ns          253874 1c009112 00279793 slli             x15, x15, 0x2       x15=0000000c x15:00000003
15474128ns          253875 1c009114 00d7f7b3 and              x15, x15, x13       x15=00000000 x15:0000000c x13:00001f80
15474148ns          253876 1c009116 ee873733 p.bclr           x14, x14, 23, 8     x14=00000018 x14:00000018
15474168ns          253877 1c00911a 1a10f6b7 lui              x13, 0x1a10f000     x13=1a10f000
15474188ns          253878 1c00911e 0ff57513 andi             x10, x10, 255       x10=00000065 x10:00000065
15474208ns          253879 1c009122 00d70733 add              x14, x14, x13       x14=1a10f018 x14:00000018 x13:1a10f000
15474228ns          253880 1c009124 00a7e723 p.sw             x10, x0(x15)        x10:00000065 x15:00000000  PA:1a10f018
15474546ns          253896 1c009128 00000513 addi             x10, x0, 0          x10=00000000
15474566ns          253897 1c00912a 00008067 jalr             x0, x1, 0            x1:1c0091fa
15474625ns          253900 1c0091fa 31f52563 p.beqimm         x10, 778            x10:00000000
15474645ns          253901 1c0091fe 001d8d93 addi             x27, x27, 1         x27=00000010 x27:0000000f
15474665ns          253902 1c009200 00044503 lbu              x10, 0(x8)          x10=0000006c  x8:1c000039  PA:1c000039
15474964ns          253917 1c009204 00140413 addi             x8, x8, 1            x8=1c00003a  x8:1c000039
15474983ns          253918 1c009206 fe0514e3 bne              x10, x0, -24        x10:0000006c
15475063ns          253922 1c0091ee 02500793 addi             x15, x0, 37         x15=00000025
15475083ns          253923 1c0091f2 04f50863 beq              x10, x15, 80        x10:0000006c x15:00000025
15475103ns          253924 1c0091f6 01a005b3 add              x11, x0, x26        x11=00000002 x26:00000002
15475123ns          253925 1c0091f8 000b00e7 jalr             x1, x22, 0           x1=1c0091fa x22:1c009104
15475163ns          253927 1c009104 000026b7 lui              x13, 0x2000         x13=00002000
15475182ns          253928 1c009106 f14027f3 csrrs            x15, x0, 0xf14      x15=00000003
15475202ns          253929 1c00910a f8068693 addi             x13, x13, -128      x13=00001f80 x13:00002000
15475222ns          253930 1c00910e 00379713 slli             x14, x15, 0x3       x14=00000018 x15:00000003
15475242ns          253931 1c009112 00279793 slli             x15, x15, 0x2       x15=0000000c x15:00000003
15475262ns          253932 1c009114 00d7f7b3 and              x15, x15, x13       x15=00000000 x15:0000000c x13:00001f80
15475282ns          253933 1c009116 ee873733 p.bclr           x14, x14, 23, 8     x14=00000018 x14:00000018
15475302ns          253934 1c00911a 1a10f6b7 lui              x13, 0x1a10f000     x13=1a10f000
15475322ns          253935 1c00911e 0ff57513 andi             x10, x10, 255       x10=0000006c x10:0000006c
15475342ns          253936 1c009122 00d70733 add              x14, x14, x13       x14=1a10f018 x14:00000018 x13:1a10f000
15475361ns          253937 1c009124 00a7e723 p.sw             x10, x0(x15)        x10:0000006c x15:00000000  PA:1a10f018
15475700ns          253954 1c009128 00000513 addi             x10, x0, 0          x10=00000000
15475719ns          253955 1c00912a 00008067 jalr             x0, x1, 0            x1:1c0091fa
15475779ns          253958 1c0091fa 31f52563 p.beqimm         x10, 778            x10:00000000
15475799ns          253959 1c0091fe 001d8d93 addi             x27, x27, 1         x27=00000011 x27:00000010
15475819ns          253960 1c009200 00044503 lbu              x10, 0(x8)          x10=00000020  x8:1c00003a  PA:1c00003a
15476117ns          253975 1c009204 00140413 addi             x8, x8, 1            x8=1c00003b  x8:1c00003a
15476137ns          253976 1c009206 fe0514e3 bne              x10, x0, -24        x10:00000020
15476217ns          253980 1c0091ee 02500793 addi             x15, x0, 37         x15=00000025
15476237ns          253981 1c0091f2 04f50863 beq              x10, x15, 80        x10:00000020 x15:00000025
15476256ns          253982 1c0091f6 01a005b3 add              x11, x0, x26        x11=00000002 x26:00000002
15476276ns          253983 1c0091f8 000b00e7 jalr             x1, x22, 0           x1=1c0091fa x22:1c009104
15476316ns          253985 1c009104 000026b7 lui              x13, 0x2000         x13=00002000
15476336ns          253986 1c009106 f14027f3 csrrs            x15, x0, 0xf14      x15=00000003
15476356ns          253987 1c00910a f8068693 addi             x13, x13, -128      x13=00001f80 x13:00002000
15476376ns          253988 1c00910e 00379713 slli             x14, x15, 0x3       x14=00000018 x15:00000003
15476396ns          253989 1c009112 00279793 slli             x15, x15, 0x2       x15=0000000c x15:00000003
15476416ns          253990 1c009114 00d7f7b3 and              x15, x15, x13       x15=00000000 x15:0000000c x13:00001f80
15476436ns          253991 1c009116 ee873733 p.bclr           x14, x14, 23, 8     x14=00000018 x14:00000018
15476455ns          253992 1c00911a 1a10f6b7 lui              x13, 0x1a10f000     x13=1a10f000
15476475ns          253993 1c00911e 0ff57513 andi             x10, x10, 255       x10=00000020 x10:00000020
15476495ns          253994 1c009122 00d70733 add              x14, x14, x13       x14=1a10f018 x14:00000018 x13:1a10f000
15476515ns          253995 1c009124 00a7e723 p.sw             x10, x0(x15)        x10:00000020 x15:00000000  PA:1a10f018
15476833ns          254011 1c009128 00000513 addi             x10, x0, 0          x10=00000000
15476853ns          254012 1c00912a 00008067 jalr             x0, x1, 0            x1:1c0091fa
15476913ns          254015 1c0091fa 31f52563 p.beqimm         x10, 778            x10:00000000
15476933ns          254016 1c0091fe 001d8d93 addi             x27, x27, 1         x27=00000012 x27:00000011
15476953ns          254017 1c009200 00044503 lbu              x10, 0(x8)          x10=00000069  x8:1c00003b  PA:1c00003b
15477251ns          254032 1c009204 00140413 addi             x8, x8, 1            x8=1c00003c  x8:1c00003b
15477271ns          254033 1c009206 fe0514e3 bne              x10, x0, -24        x10:00000069
15477350ns          254037 1c0091ee 02500793 addi             x15, x0, 37         x15=00000025
15477370ns          254038 1c0091f2 04f50863 beq              x10, x15, 80        x10:00000069 x15:00000025
15477390ns          254039 1c0091f6 01a005b3 add              x11, x0, x26        x11=00000002 x26:00000002
15477410ns          254040 1c0091f8 000b00e7 jalr             x1, x22, 0           x1=1c0091fa x22:1c009104
15477450ns          254042 1c009104 000026b7 lui              x13, 0x2000         x13=00002000
15477470ns          254043 1c009106 f14027f3 csrrs            x15, x0, 0xf14      x15=00000003
15477490ns          254044 1c00910a f8068693 addi             x13, x13, -128      x13=00001f80 x13:00002000
15477510ns          254045 1c00910e 00379713 slli             x14, x15, 0x3       x14=00000018 x15:00000003
15477530ns          254046 1c009112 00279793 slli             x15, x15, 0x2       x15=0000000c x15:00000003
15477549ns          254047 1c009114 00d7f7b3 and              x15, x15, x13       x15=00000000 x15:0000000c x13:00001f80
15477569ns          254048 1c009116 ee873733 p.bclr           x14, x14, 23, 8     x14=00000018 x14:00000018
15477589ns          254049 1c00911a 1a10f6b7 lui              x13, 0x1a10f000     x13=1a10f000
15477609ns          254050 1c00911e 0ff57513 andi             x10, x10, 255       x10=00000069 x10:00000069
15477629ns          254051 1c009122 00d70733 add              x14, x14, x13       x14=1a10f018 x14:00000018 x13:1a10f000
15477649ns          254052 1c009124 00a7e723 p.sw             x10, x0(x15)        x10:00000069 x15:00000000  PA:1a10f018
15477987ns          254069 1c009128 00000513 addi             x10, x0, 0          x10=00000000
15478007ns          254070 1c00912a 00008067 jalr             x0, x1, 0            x1:1c0091fa
15478067ns          254073 1c0091fa 31f52563 p.beqimm         x10, 778            x10:00000000
15478086ns          254074 1c0091fe 001d8d93 addi             x27, x27, 1         x27=00000013 x27:00000012
15478106ns          254075 1c009200 00044503 lbu              x10, 0(x8)          x10=00000074  x8:1c00003c  PA:1c00003c
15478405ns          254090 1c009204 00140413 addi             x8, x8, 1            x8=1c00003d  x8:1c00003c
15478425ns          254091 1c009206 fe0514e3 bne              x10, x0, -24        x10:00000074
15478504ns          254095 1c0091ee 02500793 addi             x15, x0, 37         x15=00000025
15478524ns          254096 1c0091f2 04f50863 beq              x10, x15, 80        x10:00000074 x15:00000025
15478544ns          254097 1c0091f6 01a005b3 add              x11, x0, x26        x11=00000002 x26:00000002
15478564ns          254098 1c0091f8 000b00e7 jalr             x1, x22, 0           x1=1c0091fa x22:1c009104
15478604ns          254100 1c009104 000026b7 lui              x13, 0x2000         x13=00002000
15478623ns          254101 1c009106 f14027f3 csrrs            x15, x0, 0xf14      x15=00000003
15478643ns          254102 1c00910a f8068693 addi             x13, x13, -128      x13=00001f80 x13:00002000
15478663ns          254103 1c00910e 00379713 slli             x14, x15, 0x3       x14=00000018 x15:00000003
15478683ns          254104 1c009112 00279793 slli             x15, x15, 0x2       x15=0000000c x15:00000003
15478703ns          254105 1c009114 00d7f7b3 and              x15, x15, x13       x15=00000000 x15:0000000c x13:00001f80
15478723ns          254106 1c009116 ee873733 p.bclr           x14, x14, 23, 8     x14=00000018 x14:00000018
15478743ns          254107 1c00911a 1a10f6b7 lui              x13, 0x1a10f000     x13=1a10f000
15478763ns          254108 1c00911e 0ff57513 andi             x10, x10, 255       x10=00000074 x10:00000074
15478783ns          254109 1c009122 00d70733 add              x14, x14, x13       x14=1a10f018 x14:00000018 x13:1a10f000
15478803ns          254110 1c009124 00a7e723 p.sw             x10, x0(x15)        x10:00000074 x15:00000000  PA:1a10f018
15479141ns          254127 1c009128 00000513 addi             x10, x0, 0          x10=00000000
15479161ns          254128 1c00912a 00008067 jalr             x0, x1, 0            x1:1c0091fa
15479220ns          254131 1c0091fa 31f52563 p.beqimm         x10, 778            x10:00000000
15479240ns          254132 1c0091fe 001d8d93 addi             x27, x27, 1         x27=00000014 x27:00000013
15479260ns          254133 1c009200 00044503 lbu              x10, 0(x8)          x10=00000065  x8:1c00003d  PA:1c00003d
15479558ns          254148 1c009204 00140413 addi             x8, x8, 1            x8=1c00003e  x8:1c00003d
15479578ns          254149 1c009206 fe0514e3 bne              x10, x0, -24        x10:00000065
15479658ns          254153 1c0091ee 02500793 addi             x15, x0, 37         x15=00000025
15479678ns          254154 1c0091f2 04f50863 beq              x10, x15, 80        x10:00000065 x15:00000025
15479698ns          254155 1c0091f6 01a005b3 add              x11, x0, x26        x11=00000002 x26:00000002
15479717ns          254156 1c0091f8 000b00e7 jalr             x1, x22, 0           x1=1c0091fa x22:1c009104
15479757ns          254158 1c009104 000026b7 lui              x13, 0x2000         x13=00002000
15479777ns          254159 1c009106 f14027f3 csrrs            x15, x0, 0xf14      x15=00000003
15479797ns          254160 1c00910a f8068693 addi             x13, x13, -128      x13=00001f80 x13:00002000
15479817ns          254161 1c00910e 00379713 slli             x14, x15, 0x3       x14=00000018 x15:00000003
15479837ns          254162 1c009112 00279793 slli             x15, x15, 0x2       x15=0000000c x15:00000003
15479857ns          254163 1c009114 00d7f7b3 and              x15, x15, x13       x15=00000000 x15:0000000c x13:00001f80
15479877ns          254164 1c009116 ee873733 p.bclr           x14, x14, 23, 8     x14=00000018 x14:00000018
15479897ns          254165 1c00911a 1a10f6b7 lui              x13, 0x1a10f000     x13=1a10f000
15479916ns          254166 1c00911e 0ff57513 andi             x10, x10, 255       x10=00000065 x10:00000065
15479936ns          254167 1c009122 00d70733 add              x14, x14, x13       x14=1a10f018 x14:00000018 x13:1a10f000
15479956ns          254168 1c009124 00a7e723 p.sw             x10, x0(x15)        x10:00000065 x15:00000000  PA:1a10f018
15480274ns          254184 1c009128 00000513 addi             x10, x0, 0          x10=00000000
15480294ns          254185 1c00912a 00008067 jalr             x0, x1, 0            x1:1c0091fa
15480354ns          254188 1c0091fa 31f52563 p.beqimm         x10, 778            x10:00000000
15480374ns          254189 1c0091fe 001d8d93 addi             x27, x27, 1         x27=00000015 x27:00000014
15480394ns          254190 1c009200 00044503 lbu              x10, 0(x8)          x10=00000072  x8:1c00003e  PA:1c00003e
15480692ns          254205 1c009204 00140413 addi             x8, x8, 1            x8=1c00003f  x8:1c00003e
15480712ns          254206 1c009206 fe0514e3 bne              x10, x0, -24        x10:00000072
15480792ns          254210 1c0091ee 02500793 addi             x15, x0, 37         x15=00000025
15480811ns          254211 1c0091f2 04f50863 beq              x10, x15, 80        x10:00000072 x15:00000025
15480831ns          254212 1c0091f6 01a005b3 add              x11, x0, x26        x11=00000002 x26:00000002
15480851ns          254213 1c0091f8 000b00e7 jalr             x1, x22, 0           x1=1c0091fa x22:1c009104
15480891ns          254215 1c009104 000026b7 lui              x13, 0x2000         x13=00002000
15480911ns          254216 1c009106 f14027f3 csrrs            x15, x0, 0xf14      x15=00000003
15480931ns          254217 1c00910a f8068693 addi             x13, x13, -128      x13=00001f80 x13:00002000
15480951ns          254218 1c00910e 00379713 slli             x14, x15, 0x3       x14=00000018 x15:00000003
15480971ns          254219 1c009112 00279793 slli             x15, x15, 0x2       x15=0000000c x15:00000003
15480990ns          254220 1c009114 00d7f7b3 and              x15, x15, x13       x15=00000000 x15:0000000c x13:00001f80
15481010ns          254221 1c009116 ee873733 p.bclr           x14, x14, 23, 8     x14=00000018 x14:00000018
15481030ns          254222 1c00911a 1a10f6b7 lui              x13, 0x1a10f000     x13=1a10f000
15481050ns          254223 1c00911e 0ff57513 andi             x10, x10, 255       x10=00000072 x10:00000072
15481070ns          254224 1c009122 00d70733 add              x14, x14, x13       x14=1a10f018 x14:00000018 x13:1a10f000
15481090ns          254225 1c009124 00a7e723 p.sw             x10, x0(x15)        x10:00000072 x15:00000000  PA:1a10f018
15481408ns          254241 1c009128 00000513 addi             x10, x0, 0          x10=00000000
15481428ns          254242 1c00912a 00008067 jalr             x0, x1, 0            x1:1c0091fa
15481488ns          254245 1c0091fa 31f52563 p.beqimm         x10, 778            x10:00000000
15481508ns          254246 1c0091fe 001d8d93 addi             x27, x27, 1         x27=00000016 x27:00000015
15481528ns          254247 1c009200 00044503 lbu              x10, 0(x8)          x10=00000061  x8:1c00003f  PA:1c00003f
15481826ns          254262 1c009204 00140413 addi             x8, x8, 1            x8=1c000040  x8:1c00003f
15481846ns          254263 1c009206 fe0514e3 bne              x10, x0, -24        x10:00000061
15481925ns          254267 1c0091ee 02500793 addi             x15, x0, 37         x15=00000025
15481945ns          254268 1c0091f2 04f50863 beq              x10, x15, 80        x10:00000061 x15:00000025
15481965ns          254269 1c0091f6 01a005b3 add              x11, x0, x26        x11=00000002 x26:00000002
15481985ns          254270 1c0091f8 000b00e7 jalr             x1, x22, 0           x1=1c0091fa x22:1c009104
15482025ns          254272 1c009104 000026b7 lui              x13, 0x2000         x13=00002000
15482045ns          254273 1c009106 f14027f3 csrrs            x15, x0, 0xf14      x15=00000003
15482065ns          254274 1c00910a f8068693 addi             x13, x13, -128      x13=00001f80 x13:00002000
15482084ns          254275 1c00910e 00379713 slli             x14, x15, 0x3       x14=00000018 x15:00000003
15482104ns          254276 1c009112 00279793 slli             x15, x15, 0x2       x15=0000000c x15:00000003
15482124ns          254277 1c009114 00d7f7b3 and              x15, x15, x13       x15=00000000 x15:0000000c x13:00001f80
15482144ns          254278 1c009116 ee873733 p.bclr           x14, x14, 23, 8     x14=00000018 x14:00000018
15482164ns          254279 1c00911a 1a10f6b7 lui              x13, 0x1a10f000     x13=1a10f000
15482184ns          254280 1c00911e 0ff57513 andi             x10, x10, 255       x10=00000061 x10:00000061
15482204ns          254281 1c009122 00d70733 add              x14, x14, x13       x14=1a10f018 x14:00000018 x13:1a10f000
15482224ns          254282 1c009124 00a7e723 p.sw             x10, x0(x15)        x10:00000061 x15:00000000  PA:1a10f018
15482562ns          254299 1c009128 00000513 addi             x10, x0, 0          x10=00000000
15482582ns          254300 1c00912a 00008067 jalr             x0, x1, 0            x1:1c0091fa
15482641ns          254303 1c0091fa 31f52563 p.beqimm         x10, 778            x10:00000000
15482661ns          254304 1c0091fe 001d8d93 addi             x27, x27, 1         x27=00000017 x27:00000016
15482681ns          254305 1c009200 00044503 lbu              x10, 0(x8)          x10=00000074  x8:1c000040  PA:1c000040
15482980ns          254320 1c009204 00140413 addi             x8, x8, 1            x8=1c000041  x8:1c000040
15482999ns          254321 1c009206 fe0514e3 bne              x10, x0, -24        x10:00000074
15483079ns          254325 1c0091ee 02500793 addi             x15, x0, 37         x15=00000025
15483099ns          254326 1c0091f2 04f50863 beq              x10, x15, 80        x10:00000074 x15:00000025
15483119ns          254327 1c0091f6 01a005b3 add              x11, x0, x26        x11=00000002 x26:00000002
15483139ns          254328 1c0091f8 000b00e7 jalr             x1, x22, 0           x1=1c0091fa x22:1c009104
15483178ns          254330 1c009104 000026b7 lui              x13, 0x2000         x13=00002000
15483198ns          254331 1c009106 f14027f3 csrrs            x15, x0, 0xf14      x15=00000003
15483218ns          254332 1c00910a f8068693 addi             x13, x13, -128      x13=00001f80 x13:00002000
15483238ns          254333 1c00910e 00379713 slli             x14, x15, 0x3       x14=00000018 x15:00000003
15483258ns          254334 1c009112 00279793 slli             x15, x15, 0x2       x15=0000000c x15:00000003
15483278ns          254335 1c009114 00d7f7b3 and              x15, x15, x13       x15=00000000 x15:0000000c x13:00001f80
15483298ns          254336 1c009116 ee873733 p.bclr           x14, x14, 23, 8     x14=00000018 x14:00000018
15483318ns          254337 1c00911a 1a10f6b7 lui              x13, 0x1a10f000     x13=1a10f000
15483338ns          254338 1c00911e 0ff57513 andi             x10, x10, 255       x10=00000074 x10:00000074
15483357ns          254339 1c009122 00d70733 add              x14, x14, x13       x14=1a10f018 x14:00000018 x13:1a10f000
15483377ns          254340 1c009124 00a7e723 p.sw             x10, x0(x15)        x10:00000074 x15:00000000  PA:1a10f018
15483716ns          254357 1c009128 00000513 addi             x10, x0, 0          x10=00000000
15483735ns          254358 1c00912a 00008067 jalr             x0, x1, 0            x1:1c0091fa
15483795ns          254361 1c0091fa 31f52563 p.beqimm         x10, 778            x10:00000000
15483815ns          254362 1c0091fe 001d8d93 addi             x27, x27, 1         x27=00000018 x27:00000017
15483835ns          254363 1c009200 00044503 lbu              x10, 0(x8)          x10=00000069  x8:1c000041  PA:1c000041
15484133ns          254378 1c009204 00140413 addi             x8, x8, 1            x8=1c000042  x8:1c000041
15484153ns          254379 1c009206 fe0514e3 bne              x10, x0, -24        x10:00000069
15484233ns          254383 1c0091ee 02500793 addi             x15, x0, 37         x15=00000025
15484253ns          254384 1c0091f2 04f50863 beq              x10, x15, 80        x10:00000069 x15:00000025
15484272ns          254385 1c0091f6 01a005b3 add              x11, x0, x26        x11=00000002 x26:00000002
15484292ns          254386 1c0091f8 000b00e7 jalr             x1, x22, 0           x1=1c0091fa x22:1c009104
15484332ns          254388 1c009104 000026b7 lui              x13, 0x2000         x13=00002000
15484352ns          254389 1c009106 f14027f3 csrrs            x15, x0, 0xf14      x15=00000003
15484372ns          254390 1c00910a f8068693 addi             x13, x13, -128      x13=00001f80 x13:00002000
15484392ns          254391 1c00910e 00379713 slli             x14, x15, 0x3       x14=00000018 x15:00000003
15484412ns          254392 1c009112 00279793 slli             x15, x15, 0x2       x15=0000000c x15:00000003
15484432ns          254393 1c009114 00d7f7b3 and              x15, x15, x13       x15=00000000 x15:0000000c x13:00001f80
15484451ns          254394 1c009116 ee873733 p.bclr           x14, x14, 23, 8     x14=00000018 x14:00000018
15484471ns          254395 1c00911a 1a10f6b7 lui              x13, 0x1a10f000     x13=1a10f000
15484491ns          254396 1c00911e 0ff57513 andi             x10, x10, 255       x10=00000069 x10:00000069
15484511ns          254397 1c009122 00d70733 add              x14, x14, x13       x14=1a10f018 x14:00000018 x13:1a10f000
15484531ns          254398 1c009124 00a7e723 p.sw             x10, x0(x15)        x10:00000069 x15:00000000  PA:1a10f018
15484849ns          254414 1c009128 00000513 addi             x10, x0, 0          x10=00000000
15484869ns          254415 1c00912a 00008067 jalr             x0, x1, 0            x1:1c0091fa
15484929ns          254418 1c0091fa 31f52563 p.beqimm         x10, 778            x10:00000000
15484949ns          254419 1c0091fe 001d8d93 addi             x27, x27, 1         x27=00000019 x27:00000018
15484969ns          254420 1c009200 00044503 lbu              x10, 0(x8)          x10=0000006f  x8:1c000042  PA:1c000042
15485267ns          254435 1c009204 00140413 addi             x8, x8, 1            x8=1c000043  x8:1c000042
15485287ns          254436 1c009206 fe0514e3 bne              x10, x0, -24        x10:0000006f
15485366ns          254440 1c0091ee 02500793 addi             x15, x0, 37         x15=00000025
15485386ns          254441 1c0091f2 04f50863 beq              x10, x15, 80        x10:0000006f x15:00000025
15485406ns          254442 1c0091f6 01a005b3 add              x11, x0, x26        x11=00000002 x26:00000002
15485426ns          254443 1c0091f8 000b00e7 jalr             x1, x22, 0           x1=1c0091fa x22:1c009104
15485466ns          254445 1c009104 000026b7 lui              x13, 0x2000         x13=00002000
15485486ns          254446 1c009106 f14027f3 csrrs            x15, x0, 0xf14      x15=00000003
15485506ns          254447 1c00910a f8068693 addi             x13, x13, -128      x13=00001f80 x13:00002000
15485526ns          254448 1c00910e 00379713 slli             x14, x15, 0x3       x14=00000018 x15:00000003
15485545ns          254449 1c009112 00279793 slli             x15, x15, 0x2       x15=0000000c x15:00000003
15485565ns          254450 1c009114 00d7f7b3 and              x15, x15, x13       x15=00000000 x15:0000000c x13:00001f80
15485585ns          254451 1c009116 ee873733 p.bclr           x14, x14, 23, 8     x14=00000018 x14:00000018
15485605ns          254452 1c00911a 1a10f6b7 lui              x13, 0x1a10f000     x13=1a10f000
15485625ns          254453 1c00911e 0ff57513 andi             x10, x10, 255       x10=0000006f x10:0000006f
15485645ns          254454 1c009122 00d70733 add              x14, x14, x13       x14=1a10f018 x14:00000018 x13:1a10f000
15485665ns          254455 1c009124 00a7e723 p.sw             x10, x0(x15)        x10:0000006f x15:00000000  PA:1a10f018
15486003ns          254472 1c009128 00000513 addi             x10, x0, 0          x10=00000000
15486023ns          254473 1c00912a 00008067 jalr             x0, x1, 0            x1:1c0091fa
15486083ns          254476 1c0091fa 31f52563 p.beqimm         x10, 778            x10:00000000
15486102ns          254477 1c0091fe 001d8d93 addi             x27, x27, 1         x27=0000001a x27:00000019
15486122ns          254478 1c009200 00044503 lbu              x10, 0(x8)          x10=0000006e  x8:1c000043  PA:1c000043
15486421ns          254493 1c009204 00140413 addi             x8, x8, 1            x8=1c000044  x8:1c000043
15486441ns          254494 1c009206 fe0514e3 bne              x10, x0, -24        x10:0000006e
15486520ns          254498 1c0091ee 02500793 addi             x15, x0, 37         x15=00000025
15486540ns          254499 1c0091f2 04f50863 beq              x10, x15, 80        x10:0000006e x15:00000025
15486560ns          254500 1c0091f6 01a005b3 add              x11, x0, x26        x11=00000002 x26:00000002
15486580ns          254501 1c0091f8 000b00e7 jalr             x1, x22, 0           x1=1c0091fa x22:1c009104
15486620ns          254503 1c009104 000026b7 lui              x13, 0x2000         x13=00002000
15486639ns          254504 1c009106 f14027f3 csrrs            x15, x0, 0xf14      x15=00000003
15486659ns          254505 1c00910a f8068693 addi             x13, x13, -128      x13=00001f80 x13:00002000
15486679ns          254506 1c00910e 00379713 slli             x14, x15, 0x3       x14=00000018 x15:00000003
15486699ns          254507 1c009112 00279793 slli             x15, x15, 0x2       x15=0000000c x15:00000003
15486719ns          254508 1c009114 00d7f7b3 and              x15, x15, x13       x15=00000000 x15:0000000c x13:00001f80
15486739ns          254509 1c009116 ee873733 p.bclr           x14, x14, 23, 8     x14=00000018 x14:00000018
15486759ns          254510 1c00911a 1a10f6b7 lui              x13, 0x1a10f000     x13=1a10f000
15486779ns          254511 1c00911e 0ff57513 andi             x10, x10, 255       x10=0000006e x10:0000006e
15486799ns          254512 1c009122 00d70733 add              x14, x14, x13       x14=1a10f018 x14:00000018 x13:1a10f000
15486818ns          254513 1c009124 00a7e723 p.sw             x10, x0(x15)        x10:0000006e x15:00000000  PA:1a10f018
15487157ns          254530 1c009128 00000513 addi             x10, x0, 0          x10=00000000
15487177ns          254531 1c00912a 00008067 jalr             x0, x1, 0            x1:1c0091fa
15487236ns          254534 1c0091fa 31f52563 p.beqimm         x10, 778            x10:00000000
15487256ns          254535 1c0091fe 001d8d93 addi             x27, x27, 1         x27=0000001b x27:0000001a
15487276ns          254536 1c009200 00044503 lbu              x10, 0(x8)          x10=00000073  x8:1c000044  PA:1c000044
15487574ns          254551 1c009204 00140413 addi             x8, x8, 1            x8=1c000045  x8:1c000044
15487594ns          254552 1c009206 fe0514e3 bne              x10, x0, -24        x10:00000073
15487674ns          254556 1c0091ee 02500793 addi             x15, x0, 37         x15=00000025
15487694ns          254557 1c0091f2 04f50863 beq              x10, x15, 80        x10:00000073 x15:00000025
15487714ns          254558 1c0091f6 01a005b3 add              x11, x0, x26        x11=00000002 x26:00000002
15487733ns          254559 1c0091f8 000b00e7 jalr             x1, x22, 0           x1=1c0091fa x22:1c009104
15487773ns          254561 1c009104 000026b7 lui              x13, 0x2000         x13=00002000
15487793ns          254562 1c009106 f14027f3 csrrs            x15, x0, 0xf14      x15=00000003
15487813ns          254563 1c00910a f8068693 addi             x13, x13, -128      x13=00001f80 x13:00002000
15487833ns          254564 1c00910e 00379713 slli             x14, x15, 0x3       x14=00000018 x15:00000003
15487853ns          254565 1c009112 00279793 slli             x15, x15, 0x2       x15=0000000c x15:00000003
15487873ns          254566 1c009114 00d7f7b3 and              x15, x15, x13       x15=00000000 x15:0000000c x13:00001f80
15487893ns          254567 1c009116 ee873733 p.bclr           x14, x14, 23, 8     x14=00000018 x14:00000018
15487912ns          254568 1c00911a 1a10f6b7 lui              x13, 0x1a10f000     x13=1a10f000
15487932ns          254569 1c00911e 0ff57513 andi             x10, x10, 255       x10=00000073 x10:00000073
15487952ns          254570 1c009122 00d70733 add              x14, x14, x13       x14=1a10f018 x14:00000018 x13:1a10f000
15487972ns          254571 1c009124 00a7e723 p.sw             x10, x0(x15)        x10:00000073 x15:00000000  PA:1a10f018
15488290ns          254587 1c009128 00000513 addi             x10, x0, 0          x10=00000000
15488310ns          254588 1c00912a 00008067 jalr             x0, x1, 0            x1:1c0091fa
15488370ns          254591 1c0091fa 31f52563 p.beqimm         x10, 778            x10:00000000
15488390ns          254592 1c0091fe 001d8d93 addi             x27, x27, 1         x27=0000001c x27:0000001b
15488410ns          254593 1c009200 00044503 lbu              x10, 0(x8)          x10=0000002e  x8:1c000045  PA:1c000045
15488708ns          254608 1c009204 00140413 addi             x8, x8, 1            x8=1c000046  x8:1c000045
15488728ns          254609 1c009206 fe0514e3 bne              x10, x0, -24        x10:0000002e
15488808ns          254613 1c0091ee 02500793 addi             x15, x0, 37         x15=00000025
15488827ns          254614 1c0091f2 04f50863 beq              x10, x15, 80        x10:0000002e x15:00000025
15488847ns          254615 1c0091f6 01a005b3 add              x11, x0, x26        x11=00000002 x26:00000002
15488867ns          254616 1c0091f8 000b00e7 jalr             x1, x22, 0           x1=1c0091fa x22:1c009104
15488907ns          254618 1c009104 000026b7 lui              x13, 0x2000         x13=00002000
15488927ns          254619 1c009106 f14027f3 csrrs            x15, x0, 0xf14      x15=00000003
15488947ns          254620 1c00910a f8068693 addi             x13, x13, -128      x13=00001f80 x13:00002000
15488967ns          254621 1c00910e 00379713 slli             x14, x15, 0x3       x14=00000018 x15:00000003
15488987ns          254622 1c009112 00279793 slli             x15, x15, 0x2       x15=0000000c x15:00000003
15489006ns          254623 1c009114 00d7f7b3 and              x15, x15, x13       x15=00000000 x15:0000000c x13:00001f80
15489026ns          254624 1c009116 ee873733 p.bclr           x14, x14, 23, 8     x14=00000018 x14:00000018
15489046ns          254625 1c00911a 1a10f6b7 lui              x13, 0x1a10f000     x13=1a10f000
15489066ns          254626 1c00911e 0ff57513 andi             x10, x10, 255       x10=0000002e x10:0000002e
15489086ns          254627 1c009122 00d70733 add              x14, x14, x13       x14=1a10f018 x14:00000018 x13:1a10f000
15489106ns          254628 1c009124 00a7e723 p.sw             x10, x0(x15)        x10:0000002e x15:00000000  PA:1a10f018
15489424ns          254644 1c009128 00000513 addi             x10, x0, 0          x10=00000000
15489444ns          254645 1c00912a 00008067 jalr             x0, x1, 0            x1:1c0091fa
15489504ns          254648 1c0091fa 31f52563 p.beqimm         x10, 778            x10:00000000
15489524ns          254649 1c0091fe 001d8d93 addi             x27, x27, 1         x27=0000001d x27:0000001c
15489544ns          254650 1c009200 00044503 lbu              x10, 0(x8)          x10=0000002e  x8:1c000046  PA:1c000046
15489842ns          254665 1c009204 00140413 addi             x8, x8, 1            x8=1c000047  x8:1c000046
15489862ns          254666 1c009206 fe0514e3 bne              x10, x0, -24        x10:0000002e
15489941ns          254670 1c0091ee 02500793 addi             x15, x0, 37         x15=00000025
15489961ns          254671 1c0091f2 04f50863 beq              x10, x15, 80        x10:0000002e x15:00000025
15489981ns          254672 1c0091f6 01a005b3 add              x11, x0, x26        x11=00000002 x26:00000002
15490001ns          254673 1c0091f8 000b00e7 jalr             x1, x22, 0           x1=1c0091fa x22:1c009104
15490041ns          254675 1c009104 000026b7 lui              x13, 0x2000         x13=00002000
15490061ns          254676 1c009106 f14027f3 csrrs            x15, x0, 0xf14      x15=00000003
15490081ns          254677 1c00910a f8068693 addi             x13, x13, -128      x13=00001f80 x13:00002000
15490100ns          254678 1c00910e 00379713 slli             x14, x15, 0x3       x14=00000018 x15:00000003
15490120ns          254679 1c009112 00279793 slli             x15, x15, 0x2       x15=0000000c x15:00000003
15490140ns          254680 1c009114 00d7f7b3 and              x15, x15, x13       x15=00000000 x15:0000000c x13:00001f80
15490160ns          254681 1c009116 ee873733 p.bclr           x14, x14, 23, 8     x14=00000018 x14:00000018
15490180ns          254682 1c00911a 1a10f6b7 lui              x13, 0x1a10f000     x13=1a10f000
15490200ns          254683 1c00911e 0ff57513 andi             x10, x10, 255       x10=0000002e x10:0000002e
15490220ns          254684 1c009122 00d70733 add              x14, x14, x13       x14=1a10f018 x14:00000018 x13:1a10f000
15490240ns          254685 1c009124 00a7e723 p.sw             x10, x0(x15)        x10:0000002e x15:00000000  PA:1a10f018
15490578ns          254702 1c009128 00000513 addi             x10, x0, 0          x10=00000000
15490598ns          254703 1c00912a 00008067 jalr             x0, x1, 0            x1:1c0091fa
15490657ns          254706 1c0091fa 31f52563 p.beqimm         x10, 778            x10:00000000
15490677ns          254707 1c0091fe 001d8d93 addi             x27, x27, 1         x27=0000001e x27:0000001d
15490697ns          254708 1c009200 00044503 lbu              x10, 0(x8)          x10=0000002e  x8:1c000047  PA:1c000047
15490996ns          254723 1c009204 00140413 addi             x8, x8, 1            x8=1c000048  x8:1c000047
15491015ns          254724 1c009206 fe0514e3 bne              x10, x0, -24        x10:0000002e
15491095ns          254728 1c0091ee 02500793 addi             x15, x0, 37         x15=00000025
15491115ns          254729 1c0091f2 04f50863 beq              x10, x15, 80        x10:0000002e x15:00000025
15491135ns          254730 1c0091f6 01a005b3 add              x11, x0, x26        x11=00000002 x26:00000002
15491155ns          254731 1c0091f8 000b00e7 jalr             x1, x22, 0           x1=1c0091fa x22:1c009104
15491194ns          254733 1c009104 000026b7 lui              x13, 0x2000         x13=00002000
15491214ns          254734 1c009106 f14027f3 csrrs            x15, x0, 0xf14      x15=00000003
15491234ns          254735 1c00910a f8068693 addi             x13, x13, -128      x13=00001f80 x13:00002000
15491254ns          254736 1c00910e 00379713 slli             x14, x15, 0x3       x14=00000018 x15:00000003
15491274ns          254737 1c009112 00279793 slli             x15, x15, 0x2       x15=0000000c x15:00000003
15491294ns          254738 1c009114 00d7f7b3 and              x15, x15, x13       x15=00000000 x15:0000000c x13:00001f80
15491314ns          254739 1c009116 ee873733 p.bclr           x14, x14, 23, 8     x14=00000018 x14:00000018
15491334ns          254740 1c00911a 1a10f6b7 lui              x13, 0x1a10f000     x13=1a10f000
15491354ns          254741 1c00911e 0ff57513 andi             x10, x10, 255       x10=0000002e x10:0000002e
15491373ns          254742 1c009122 00d70733 add              x14, x14, x13       x14=1a10f018 x14:00000018 x13:1a10f000
15491393ns          254743 1c009124 00a7e723 p.sw             x10, x0(x15)        x10:0000002e x15:00000000  PA:1a10f018
15491731ns          254760 1c009128 00000513 addi             x10, x0, 0          x10=00000000
15491751ns          254761 1c00912a 00008067 jalr             x0, x1, 0            x1:1c0091fa
15491811ns          254764 1c0091fa 31f52563 p.beqimm         x10, 778            x10:00000000
15491831ns          254765 1c0091fe 001d8d93 addi             x27, x27, 1         x27=0000001f x27:0000001e
15491851ns          254766 1c009200 00044503 lbu              x10, 0(x8)          x10=00000020  x8:1c000048  PA:1c000048
15492149ns          254781 1c009204 00140413 addi             x8, x8, 1            x8=1c000049  x8:1c000048
15492169ns          254782 1c009206 fe0514e3 bne              x10, x0, -24        x10:00000020
15492249ns          254786 1c0091ee 02500793 addi             x15, x0, 37         x15=00000025
15492269ns          254787 1c0091f2 04f50863 beq              x10, x15, 80        x10:00000020 x15:00000025
15492288ns          254788 1c0091f6 01a005b3 add              x11, x0, x26        x11=00000002 x26:00000002
15492308ns          254789 1c0091f8 000b00e7 jalr             x1, x22, 0           x1=1c0091fa x22:1c009104
15492348ns          254791 1c009104 000026b7 lui              x13, 0x2000         x13=00002000
15492368ns          254792 1c009106 f14027f3 csrrs            x15, x0, 0xf14      x15=00000003
15492388ns          254793 1c00910a f8068693 addi             x13, x13, -128      x13=00001f80 x13:00002000
15492408ns          254794 1c00910e 00379713 slli             x14, x15, 0x3       x14=00000018 x15:00000003
15492428ns          254795 1c009112 00279793 slli             x15, x15, 0x2       x15=0000000c x15:00000003
15492448ns          254796 1c009114 00d7f7b3 and              x15, x15, x13       x15=00000000 x15:0000000c x13:00001f80
15492467ns          254797 1c009116 ee873733 p.bclr           x14, x14, 23, 8     x14=00000018 x14:00000018
15492487ns          254798 1c00911a 1a10f6b7 lui              x13, 0x1a10f000     x13=1a10f000
15492507ns          254799 1c00911e 0ff57513 andi             x10, x10, 255       x10=00000020 x10:00000020
15492527ns          254800 1c009122 00d70733 add              x14, x14, x13       x14=1a10f018 x14:00000018 x13:1a10f000
15492547ns          254801 1c009124 00a7e723 p.sw             x10, x0(x15)        x10:00000020 x15:00000000  PA:1a10f018
15492865ns          254817 1c009128 00000513 addi             x10, x0, 0          x10=00000000
15492885ns          254818 1c00912a 00008067 jalr             x0, x1, 0            x1:1c0091fa
15492945ns          254821 1c0091fa 31f52563 p.beqimm         x10, 778            x10:00000000
15492965ns          254822 1c0091fe 001d8d93 addi             x27, x27, 1         x27=00000020 x27:0000001f
15492985ns          254823 1c009200 00044503 lbu              x10, 0(x8)          x10=00000028  x8:1c000049  PA:1c000049
15493283ns          254838 1c009204 00140413 addi             x8, x8, 1            x8=1c00004a  x8:1c000049
15493303ns          254839 1c009206 fe0514e3 bne              x10, x0, -24        x10:00000028
15493382ns          254843 1c0091ee 02500793 addi             x15, x0, 37         x15=00000025
15493402ns          254844 1c0091f2 04f50863 beq              x10, x15, 80        x10:00000028 x15:00000025
15493422ns          254845 1c0091f6 01a005b3 add              x11, x0, x26        x11=00000002 x26:00000002
15493442ns          254846 1c0091f8 000b00e7 jalr             x1, x22, 0           x1=1c0091fa x22:1c009104
15493482ns          254848 1c009104 000026b7 lui              x13, 0x2000         x13=00002000
15493502ns          254849 1c009106 f14027f3 csrrs            x15, x0, 0xf14      x15=00000003
15493522ns          254850 1c00910a f8068693 addi             x13, x13, -128      x13=00001f80 x13:00002000
15493542ns          254851 1c00910e 00379713 slli             x14, x15, 0x3       x14=00000018 x15:00000003
15493561ns          254852 1c009112 00279793 slli             x15, x15, 0x2       x15=0000000c x15:00000003
15493581ns          254853 1c009114 00d7f7b3 and              x15, x15, x13       x15=00000000 x15:0000000c x13:00001f80
15493601ns          254854 1c009116 ee873733 p.bclr           x14, x14, 23, 8     x14=00000018 x14:00000018
15493621ns          254855 1c00911a 1a10f6b7 lui              x13, 0x1a10f000     x13=1a10f000
15493641ns          254856 1c00911e 0ff57513 andi             x10, x10, 255       x10=00000028 x10:00000028
15493661ns          254857 1c009122 00d70733 add              x14, x14, x13       x14=1a10f018 x14:00000018 x13:1a10f000
15493681ns          254858 1c009124 00a7e723 p.sw             x10, x0(x15)        x10:00000028 x15:00000000  PA:1a10f018
15493999ns          254874 1c009128 00000513 addi             x10, x0, 0          x10=00000000
15494019ns          254875 1c00912a 00008067 jalr             x0, x1, 0            x1:1c0091fa
15494079ns          254878 1c0091fa 31f52563 p.beqimm         x10, 778            x10:00000000
15494098ns          254879 1c0091fe 001d8d93 addi             x27, x27, 1         x27=00000021 x27:00000020
15494118ns          254880 1c009200 00044503 lbu              x10, 0(x8)          x10=00000063  x8:1c00004a  PA:1c00004a
15494417ns          254895 1c009204 00140413 addi             x8, x8, 1            x8=1c00004b  x8:1c00004a
15494437ns          254896 1c009206 fe0514e3 bne              x10, x0, -24        x10:00000063
15494516ns          254900 1c0091ee 02500793 addi             x15, x0, 37         x15=00000025
15494536ns          254901 1c0091f2 04f50863 beq              x10, x15, 80        x10:00000063 x15:00000025
15494556ns          254902 1c0091f6 01a005b3 add              x11, x0, x26        x11=00000002 x26:00000002
15494576ns          254903 1c0091f8 000b00e7 jalr             x1, x22, 0           x1=1c0091fa x22:1c009104
15494616ns          254905 1c009104 000026b7 lui              x13, 0x2000         x13=00002000
15494636ns          254906 1c009106 f14027f3 csrrs            x15, x0, 0xf14      x15=00000003
15494655ns          254907 1c00910a f8068693 addi             x13, x13, -128      x13=00001f80 x13:00002000
15494675ns          254908 1c00910e 00379713 slli             x14, x15, 0x3       x14=00000018 x15:00000003
15494695ns          254909 1c009112 00279793 slli             x15, x15, 0x2       x15=0000000c x15:00000003
15494715ns          254910 1c009114 00d7f7b3 and              x15, x15, x13       x15=00000000 x15:0000000c x13:00001f80
15494735ns          254911 1c009116 ee873733 p.bclr           x14, x14, 23, 8     x14=00000018 x14:00000018
15494755ns          254912 1c00911a 1a10f6b7 lui              x13, 0x1a10f000     x13=1a10f000
15494775ns          254913 1c00911e 0ff57513 andi             x10, x10, 255       x10=00000063 x10:00000063
15494795ns          254914 1c009122 00d70733 add              x14, x14, x13       x14=1a10f018 x14:00000018 x13:1a10f000
15494815ns          254915 1c009124 00a7e723 p.sw             x10, x0(x15)        x10:00000063 x15:00000000  PA:1a10f018
15495153ns          254932 1c009128 00000513 addi             x10, x0, 0          x10=00000000
15495173ns          254933 1c00912a 00008067 jalr             x0, x1, 0            x1:1c0091fa
15495232ns          254936 1c0091fa 31f52563 p.beqimm         x10, 778            x10:00000000
15495252ns          254937 1c0091fe 001d8d93 addi             x27, x27, 1         x27=00000022 x27:00000021
15495272ns          254938 1c009200 00044503 lbu              x10, 0(x8)          x10=0000006f  x8:1c00004b  PA:1c00004b
15495590ns          254954 1c009204 00140413 addi             x8, x8, 1            x8=1c00004c  x8:1c00004b
15495610ns          254955 1c009206 fe0514e3 bne              x10, x0, -24        x10:0000006f
15495690ns          254959 1c0091ee 02500793 addi             x15, x0, 37         x15=00000025
15495710ns          254960 1c0091f2 04f50863 beq              x10, x15, 80        x10:0000006f x15:00000025
15495730ns          254961 1c0091f6 01a005b3 add              x11, x0, x26        x11=00000002 x26:00000002
15495749ns          254962 1c0091f8 000b00e7 jalr             x1, x22, 0           x1=1c0091fa x22:1c009104
15495789ns          254964 1c009104 000026b7 lui              x13, 0x2000         x13=00002000
15495809ns          254965 1c009106 f14027f3 csrrs            x15, x0, 0xf14      x15=00000003
15495829ns          254966 1c00910a f8068693 addi             x13, x13, -128      x13=00001f80 x13:00002000
15495849ns          254967 1c00910e 00379713 slli             x14, x15, 0x3       x14=00000018 x15:00000003
15495869ns          254968 1c009112 00279793 slli             x15, x15, 0x2       x15=0000000c x15:00000003
15495889ns          254969 1c009114 00d7f7b3 and              x15, x15, x13       x15=00000000 x15:0000000c x13:00001f80
15495909ns          254970 1c009116 ee873733 p.bclr           x14, x14, 23, 8     x14=00000018 x14:00000018
15495928ns          254971 1c00911a 1a10f6b7 lui              x13, 0x1a10f000     x13=1a10f000
15495948ns          254972 1c00911e 0ff57513 andi             x10, x10, 255       x10=0000006f x10:0000006f
15495968ns          254973 1c009122 00d70733 add              x14, x14, x13       x14=1a10f018 x14:00000018 x13:1a10f000
15495988ns          254974 1c009124 00a7e723 p.sw             x10, x0(x15)        x10:0000006f x15:00000000  PA:1a10f018
15496306ns          254990 1c009128 00000513 addi             x10, x0, 0          x10=00000000
15496326ns          254991 1c00912a 00008067 jalr             x0, x1, 0            x1:1c0091fa
15496386ns          254994 1c0091fa 31f52563 p.beqimm         x10, 778            x10:00000000
15496406ns          254995 1c0091fe 001d8d93 addi             x27, x27, 1         x27=00000023 x27:00000022
15496426ns          254996 1c009200 00044503 lbu              x10, 0(x8)          x10=00000072  x8:1c00004c  PA:1c00004c
15496724ns          255011 1c009204 00140413 addi             x8, x8, 1            x8=1c00004d  x8:1c00004c
15496744ns          255012 1c009206 fe0514e3 bne              x10, x0, -24        x10:00000072
15496824ns          255016 1c0091ee 02500793 addi             x15, x0, 37         x15=00000025
15496843ns          255017 1c0091f2 04f50863 beq              x10, x15, 80        x10:00000072 x15:00000025
15496863ns          255018 1c0091f6 01a005b3 add              x11, x0, x26        x11=00000002 x26:00000002
15496883ns          255019 1c0091f8 000b00e7 jalr             x1, x22, 0           x1=1c0091fa x22:1c009104
15496923ns          255021 1c009104 000026b7 lui              x13, 0x2000         x13=00002000
15496943ns          255022 1c009106 f14027f3 csrrs            x15, x0, 0xf14      x15=00000003
15496963ns          255023 1c00910a f8068693 addi             x13, x13, -128      x13=00001f80 x13:00002000
15496983ns          255024 1c00910e 00379713 slli             x14, x15, 0x3       x14=00000018 x15:00000003
15497003ns          255025 1c009112 00279793 slli             x15, x15, 0x2       x15=0000000c x15:00000003
15497022ns          255026 1c009114 00d7f7b3 and              x15, x15, x13       x15=00000000 x15:0000000c x13:00001f80
15497042ns          255027 1c009116 ee873733 p.bclr           x14, x14, 23, 8     x14=00000018 x14:00000018
15497062ns          255028 1c00911a 1a10f6b7 lui              x13, 0x1a10f000     x13=1a10f000
15497082ns          255029 1c00911e 0ff57513 andi             x10, x10, 255       x10=00000072 x10:00000072
15497102ns          255030 1c009122 00d70733 add              x14, x14, x13       x14=1a10f018 x14:00000018 x13:1a10f000
15497122ns          255031 1c009124 00a7e723 p.sw             x10, x0(x15)        x10:00000072 x15:00000000  PA:1a10f018
15497440ns          255047 1c009128 00000513 addi             x10, x0, 0          x10=00000000
15497460ns          255048 1c00912a 00008067 jalr             x0, x1, 0            x1:1c0091fa
15497520ns          255051 1c0091fa 31f52563 p.beqimm         x10, 778            x10:00000000
15497540ns          255052 1c0091fe 001d8d93 addi             x27, x27, 1         x27=00000024 x27:00000023
15497559ns          255053 1c009200 00044503 lbu              x10, 0(x8)          x10=00000065  x8:1c00004d  PA:1c00004d
15497858ns          255068 1c009204 00140413 addi             x8, x8, 1            x8=1c00004e  x8:1c00004d
15497878ns          255069 1c009206 fe0514e3 bne              x10, x0, -24        x10:00000065
15497957ns          255073 1c0091ee 02500793 addi             x15, x0, 37         x15=00000025
15497977ns          255074 1c0091f2 04f50863 beq              x10, x15, 80        x10:00000065 x15:00000025
15497997ns          255075 1c0091f6 01a005b3 add              x11, x0, x26        x11=00000002 x26:00000002
15498017ns          255076 1c0091f8 000b00e7 jalr             x1, x22, 0           x1=1c0091fa x22:1c009104
15498057ns          255078 1c009104 000026b7 lui              x13, 0x2000         x13=00002000
15498077ns          255079 1c009106 f14027f3 csrrs            x15, x0, 0xf14      x15=00000003
15498097ns          255080 1c00910a f8068693 addi             x13, x13, -128      x13=00001f80 x13:00002000
15498116ns          255081 1c00910e 00379713 slli             x14, x15, 0x3       x14=00000018 x15:00000003
15498136ns          255082 1c009112 00279793 slli             x15, x15, 0x2       x15=0000000c x15:00000003
15498156ns          255083 1c009114 00d7f7b3 and              x15, x15, x13       x15=00000000 x15:0000000c x13:00001f80
15498176ns          255084 1c009116 ee873733 p.bclr           x14, x14, 23, 8     x14=00000018 x14:00000018
15498196ns          255085 1c00911a 1a10f6b7 lui              x13, 0x1a10f000     x13=1a10f000
15498216ns          255086 1c00911e 0ff57513 andi             x10, x10, 255       x10=00000065 x10:00000065
15498236ns          255087 1c009122 00d70733 add              x14, x14, x13       x14=1a10f018 x14:00000018 x13:1a10f000
15498256ns          255088 1c009124 00a7e723 p.sw             x10, x0(x15)        x10:00000065 x15:00000000  PA:1a10f018
15498574ns          255104 1c009128 00000513 addi             x10, x0, 0          x10=00000000
15498594ns          255105 1c00912a 00008067 jalr             x0, x1, 0            x1:1c0091fa
15498653ns          255108 1c0091fa 31f52563 p.beqimm         x10, 778            x10:00000000
15498673ns          255109 1c0091fe 001d8d93 addi             x27, x27, 1         x27=00000025 x27:00000024
15498693ns          255110 1c009200 00044503 lbu              x10, 0(x8)          x10=00000069  x8:1c00004e  PA:1c00004e
15498992ns          255125 1c009204 00140413 addi             x8, x8, 1            x8=1c00004f  x8:1c00004e
15499012ns          255126 1c009206 fe0514e3 bne              x10, x0, -24        x10:00000069
15499091ns          255130 1c0091ee 02500793 addi             x15, x0, 37         x15=00000025
15499111ns          255131 1c0091f2 04f50863 beq              x10, x15, 80        x10:00000069 x15:00000025
15499131ns          255132 1c0091f6 01a005b3 add              x11, x0, x26        x11=00000002 x26:00000002
15499151ns          255133 1c0091f8 000b00e7 jalr             x1, x22, 0           x1=1c0091fa x22:1c009104
15499191ns          255135 1c009104 000026b7 lui              x13, 0x2000         x13=00002000
15499210ns          255136 1c009106 f14027f3 csrrs            x15, x0, 0xf14      x15=00000003
15499230ns          255137 1c00910a f8068693 addi             x13, x13, -128      x13=00001f80 x13:00002000
15499250ns          255138 1c00910e 00379713 slli             x14, x15, 0x3       x14=00000018 x15:00000003
15499270ns          255139 1c009112 00279793 slli             x15, x15, 0x2       x15=0000000c x15:00000003
15499290ns          255140 1c009114 00d7f7b3 and              x15, x15, x13       x15=00000000 x15:0000000c x13:00001f80
15499310ns          255141 1c009116 ee873733 p.bclr           x14, x14, 23, 8     x14=00000018 x14:00000018
15499330ns          255142 1c00911a 1a10f6b7 lui              x13, 0x1a10f000     x13=1a10f000
15499350ns          255143 1c00911e 0ff57513 andi             x10, x10, 255       x10=00000069 x10:00000069
15499370ns          255144 1c009122 00d70733 add              x14, x14, x13       x14=1a10f018 x14:00000018 x13:1a10f000
15499389ns          255145 1c009124 00a7e723 p.sw             x10, x0(x15)        x10:00000069 x15:00000000  PA:1a10f018
15499728ns          255162 1c009128 00000513 addi             x10, x0, 0          x10=00000000
15499747ns          255163 1c00912a 00008067 jalr             x0, x1, 0            x1:1c0091fa
15499807ns          255166 1c0091fa 31f52563 p.beqimm         x10, 778            x10:00000000
15499827ns          255167 1c0091fe 001d8d93 addi             x27, x27, 1         x27=00000026 x27:00000025
15499847ns          255168 1c009200 00044503 lbu              x10, 0(x8)          x10=00000064  x8:1c00004f  PA:1c00004f
15500145ns          255183 1c009204 00140413 addi             x8, x8, 1            x8=1c000050  x8:1c00004f
15500165ns          255184 1c009206 fe0514e3 bne              x10, x0, -24        x10:00000064
15500245ns          255188 1c0091ee 02500793 addi             x15, x0, 37         x15=00000025
15500265ns          255189 1c0091f2 04f50863 beq              x10, x15, 80        x10:00000064 x15:00000025
15500285ns          255190 1c0091f6 01a005b3 add              x11, x0, x26        x11=00000002 x26:00000002
15500304ns          255191 1c0091f8 000b00e7 jalr             x1, x22, 0           x1=1c0091fa x22:1c009104
15500344ns          255193 1c009104 000026b7 lui              x13, 0x2000         x13=00002000
15500364ns          255194 1c009106 f14027f3 csrrs            x15, x0, 0xf14      x15=00000003
15500384ns          255195 1c00910a f8068693 addi             x13, x13, -128      x13=00001f80 x13:00002000
15500404ns          255196 1c00910e 00379713 slli             x14, x15, 0x3       x14=00000018 x15:00000003
15500424ns          255197 1c009112 00279793 slli             x15, x15, 0x2       x15=0000000c x15:00000003
15500444ns          255198 1c009114 00d7f7b3 and              x15, x15, x13       x15=00000000 x15:0000000c x13:00001f80
15500464ns          255199 1c009116 ee873733 p.bclr           x14, x14, 23, 8     x14=00000018 x14:00000018
15500483ns          255200 1c00911a 1a10f6b7 lui              x13, 0x1a10f000     x13=1a10f000
15500503ns          255201 1c00911e 0ff57513 andi             x10, x10, 255       x10=00000064 x10:00000064
15500523ns          255202 1c009122 00d70733 add              x14, x14, x13       x14=1a10f018 x14:00000018 x13:1a10f000
15500543ns          255203 1c009124 00a7e723 p.sw             x10, x0(x15)        x10:00000064 x15:00000000  PA:1a10f018
15500861ns          255219 1c009128 00000513 addi             x10, x0, 0          x10=00000000
15500881ns          255220 1c00912a 00008067 jalr             x0, x1, 0            x1:1c0091fa
15500941ns          255223 1c0091fa 31f52563 p.beqimm         x10, 778            x10:00000000
15500961ns          255224 1c0091fe 001d8d93 addi             x27, x27, 1         x27=00000027 x27:00000026
15500981ns          255225 1c009200 00044503 lbu              x10, 0(x8)          x10=00000020  x8:1c000050  PA:1c000050
15501279ns          255240 1c009204 00140413 addi             x8, x8, 1            x8=1c000051  x8:1c000050
15501299ns          255241 1c009206 fe0514e3 bne              x10, x0, -24        x10:00000020
15501379ns          255245 1c0091ee 02500793 addi             x15, x0, 37         x15=00000025
15501398ns          255246 1c0091f2 04f50863 beq              x10, x15, 80        x10:00000020 x15:00000025
15501418ns          255247 1c0091f6 01a005b3 add              x11, x0, x26        x11=00000002 x26:00000002
15501438ns          255248 1c0091f8 000b00e7 jalr             x1, x22, 0           x1=1c0091fa x22:1c009104
15501478ns          255250 1c009104 000026b7 lui              x13, 0x2000         x13=00002000
15501498ns          255251 1c009106 f14027f3 csrrs            x15, x0, 0xf14      x15=00000003
15501518ns          255252 1c00910a f8068693 addi             x13, x13, -128      x13=00001f80 x13:00002000
15501538ns          255253 1c00910e 00379713 slli             x14, x15, 0x3       x14=00000018 x15:00000003
15501558ns          255254 1c009112 00279793 slli             x15, x15, 0x2       x15=0000000c x15:00000003
15501577ns          255255 1c009114 00d7f7b3 and              x15, x15, x13       x15=00000000 x15:0000000c x13:00001f80
15501597ns          255256 1c009116 ee873733 p.bclr           x14, x14, 23, 8     x14=00000018 x14:00000018
15501617ns          255257 1c00911a 1a10f6b7 lui              x13, 0x1a10f000     x13=1a10f000
15501637ns          255258 1c00911e 0ff57513 andi             x10, x10, 255       x10=00000020 x10:00000020
15501657ns          255259 1c009122 00d70733 add              x14, x14, x13       x14=1a10f018 x14:00000018 x13:1a10f000
15501677ns          255260 1c009124 00a7e723 p.sw             x10, x0(x15)        x10:00000020 x15:00000000  PA:1a10f018
15501995ns          255276 1c009128 00000513 addi             x10, x0, 0          x10=00000000
15502015ns          255277 1c00912a 00008067 jalr             x0, x1, 0            x1:1c0091fa
15502075ns          255280 1c0091fa 31f52563 p.beqimm         x10, 778            x10:00000000
15502095ns          255281 1c0091fe 001d8d93 addi             x27, x27, 1         x27=00000028 x27:00000027
15502114ns          255282 1c009200 00044503 lbu              x10, 0(x8)          x10=0000003d  x8:1c000051  PA:1c000051
15502413ns          255297 1c009204 00140413 addi             x8, x8, 1            x8=1c000052  x8:1c000051
15502433ns          255298 1c009206 fe0514e3 bne              x10, x0, -24        x10:0000003d
15502512ns          255302 1c0091ee 02500793 addi             x15, x0, 37         x15=00000025
15502532ns          255303 1c0091f2 04f50863 beq              x10, x15, 80        x10:0000003d x15:00000025
15502552ns          255304 1c0091f6 01a005b3 add              x11, x0, x26        x11=00000002 x26:00000002
15502572ns          255305 1c0091f8 000b00e7 jalr             x1, x22, 0           x1=1c0091fa x22:1c009104
15502612ns          255307 1c009104 000026b7 lui              x13, 0x2000         x13=00002000
15502632ns          255308 1c009106 f14027f3 csrrs            x15, x0, 0xf14      x15=00000003
15502652ns          255309 1c00910a f8068693 addi             x13, x13, -128      x13=00001f80 x13:00002000
15502671ns          255310 1c00910e 00379713 slli             x14, x15, 0x3       x14=00000018 x15:00000003
15502691ns          255311 1c009112 00279793 slli             x15, x15, 0x2       x15=0000000c x15:00000003
15502711ns          255312 1c009114 00d7f7b3 and              x15, x15, x13       x15=00000000 x15:0000000c x13:00001f80
15502731ns          255313 1c009116 ee873733 p.bclr           x14, x14, 23, 8     x14=00000018 x14:00000018
15502751ns          255314 1c00911a 1a10f6b7 lui              x13, 0x1a10f000     x13=1a10f000
15502771ns          255315 1c00911e 0ff57513 andi             x10, x10, 255       x10=0000003d x10:0000003d
15502791ns          255316 1c009122 00d70733 add              x14, x14, x13       x14=1a10f018 x14:00000018 x13:1a10f000
15502811ns          255317 1c009124 00a7e723 p.sw             x10, x0(x15)        x10:0000003d x15:00000000  PA:1a10f018
15503149ns          255334 1c009128 00000513 addi             x10, x0, 0          x10=00000000
15503169ns          255335 1c00912a 00008067 jalr             x0, x1, 0            x1:1c0091fa
15503228ns          255338 1c0091fa 31f52563 p.beqimm         x10, 778            x10:00000000
15503248ns          255339 1c0091fe 001d8d93 addi             x27, x27, 1         x27=00000029 x27:00000028
15503268ns          255340 1c009200 00044503 lbu              x10, 0(x8)          x10=00000020  x8:1c000052  PA:1c000052
15503586ns          255356 1c009204 00140413 addi             x8, x8, 1            x8=1c000053  x8:1c000052
15503606ns          255357 1c009206 fe0514e3 bne              x10, x0, -24        x10:00000020
15503686ns          255361 1c0091ee 02500793 addi             x15, x0, 37         x15=00000025
15503706ns          255362 1c0091f2 04f50863 beq              x10, x15, 80        x10:00000020 x15:00000025
15503726ns          255363 1c0091f6 01a005b3 add              x11, x0, x26        x11=00000002 x26:00000002
15503746ns          255364 1c0091f8 000b00e7 jalr             x1, x22, 0           x1=1c0091fa x22:1c009104
15503785ns          255366 1c009104 000026b7 lui              x13, 0x2000         x13=00002000
15503805ns          255367 1c009106 f14027f3 csrrs            x15, x0, 0xf14      x15=00000003
15503825ns          255368 1c00910a f8068693 addi             x13, x13, -128      x13=00001f80 x13:00002000
15503845ns          255369 1c00910e 00379713 slli             x14, x15, 0x3       x14=00000018 x15:00000003
15503865ns          255370 1c009112 00279793 slli             x15, x15, 0x2       x15=0000000c x15:00000003
15503885ns          255371 1c009114 00d7f7b3 and              x15, x15, x13       x15=00000000 x15:0000000c x13:00001f80
15503905ns          255372 1c009116 ee873733 p.bclr           x14, x14, 23, 8     x14=00000018 x14:00000018
15503925ns          255373 1c00911a 1a10f6b7 lui              x13, 0x1a10f000     x13=1a10f000
15503944ns          255374 1c00911e 0ff57513 andi             x10, x10, 255       x10=00000020 x10:00000020
15503964ns          255375 1c009122 00d70733 add              x14, x14, x13       x14=1a10f018 x14:00000018 x13:1a10f000
15503984ns          255376 1c009124 00a7e723 p.sw             x10, x0(x15)        x10:00000020 x15:00000000  PA:1a10f018
15504302ns          255392 1c009128 00000513 addi             x10, x0, 0          x10=00000000
15504322ns          255393 1c00912a 00008067 jalr             x0, x1, 0            x1:1c0091fa
15504382ns          255396 1c0091fa 31f52563 p.beqimm         x10, 778            x10:00000000
15504402ns          255397 1c0091fe 001d8d93 addi             x27, x27, 1         x27=0000002a x27:00000029
15504422ns          255398 1c009200 00044503 lbu              x10, 0(x8)          x10=00000025  x8:1c000053  PA:1c000053
15504720ns          255413 1c009204 00140413 addi             x8, x8, 1            x8=1c000054  x8:1c000053
15504740ns          255414 1c009206 fe0514e3 bne              x10, x0, -24        x10:00000025
15504820ns          255418 1c0091ee 02500793 addi             x15, x0, 37         x15=00000025
15504840ns          255419 1c0091f2 04f50863 beq              x10, x15, 80        x10:00000025 x15:00000025
15504979ns          255426 1c009242 00044483 lbu              x9, 0(x8)            x9=00000064  x8:1c000054  PA:1c000054
15505277ns          255441 1c009246 02000693 addi             x13, x0, 32         x13=00000020
15505297ns          255442 1c00924a 00140a93 addi             x21, x8, 1          x21=1c000055  x8:1c000054
15505317ns          255443 1c00924e 009005b3 add              x11, x0, x9         x11=00000064  x9:00000064
15505337ns          255444 1c009250 100b8513 addi             x10, x23, 256       x10=1c000100 x23:1c000000
15505357ns          255445 1c009254 00d12823 sw               x13, 16(x2)         x13:00000020  x2:10001cc8  PA:10001cd8
15505377ns          255446 1c009256 00012c23 sw               x0, 24(x2)           x2:10001cc8  PA:10001ce0
15505396ns          255447 1c009258 00012a23 sw               x0, 20(x2)           x2:10001cc8  PA:10001cdc
15505416ns          255448 1c00925a 00012e23 sw               x0, 28(x2)           x2:10001cc8  PA:10001ce4
15505436ns          255449 1c00925c 00012623 sw               x0, 12(x2)           x2:10001cc8  PA:10001cd4
15505456ns          255450 1c00925e 02300913 addi             x18, x0, 35         x18=00000023
15505476ns          255451 1c009262 02d00a13 addi             x20, x0, 45         x20=0000002d
15505496ns          255452 1c009266 015009b3 add              x19, x0, x21        x19=1c000055 x21:1c000055
15505516ns          255453 1c009268 e1dff0ef jal              x1, -484             x1=1c00926a
15505615ns          255458 1c009084 00054783 lbu              x15, 0(x10)         x15=0000002d x10:1c000100  PA:1c000100
15505914ns          255473 1c009088 0ff5f593 andi             x11, x11, 255       x11=00000064 x11:00000064
15505933ns          255474 1c00908c 00b78c63 beq              x15, x11, 24        x15:0000002d x11:00000064
15505953ns          255475 1c009090 00078b63 beq              x15, x0, 22         x15:0000002d
15505973ns          255476 1c009092 00150793 addi             x15, x10, 1         x15=1c000101 x10:1c000100
15505993ns          255477 1c009096 0040006f jal              x0, 4              
15506033ns          255479 1c00909a 00f00533 add              x10, x0, x15        x10=1c000101 x15:1c000101
15506053ns          255480 1c00909c 0017c70b p.lbu            x14, 1(x15!)        x14=0000002b x15=1c000102 x15:1c000101  PA:1c000101
15506391ns          255497 1c0090a0 feb71ce3 bne              x14, x11, -8        x14:0000002b x11:00000064
15506451ns          255500 1c009098 00070763 beq              x14, x0, 14         x14:0000002b
15506471ns          255501 1c00909a 00f00533 add              x10, x0, x15        x10=1c000102 x15:1c000102
15506490ns          255502 1c00909c 0017c70b p.lbu            x14, 1(x15!)        x14=00000020 x15=1c000103 x15:1c000102  PA:1c000102
15506809ns          255518 1c0090a0 feb71ce3 bne              x14, x11, -8        x14:00000020 x11:00000064
15506868ns          255521 1c009098 00070763 beq              x14, x0, 14         x14:00000020
15506888ns          255522 1c00909a 00f00533 add              x10, x0, x15        x10=1c000103 x15:1c000103
15506908ns          255523 1c00909c 0017c70b p.lbu            x14, 1(x15!)        x14=00000023 x15=1c000104 x15:1c000103  PA:1c000103
15507226ns          255539 1c0090a0 feb71ce3 bne              x14, x11, -8        x14:00000023 x11:00000064
15507286ns          255542 1c009098 00070763 beq              x14, x0, 14         x14:00000023
15507306ns          255543 1c00909a 00f00533 add              x10, x0, x15        x10=1c000104 x15:1c000104
15507326ns          255544 1c00909c 0017c70b p.lbu            x14, 1(x15!)        x14=00000030 x15=1c000105 x15:1c000104  PA:1c000104
15507664ns          255561 1c0090a0 feb71ce3 bne              x14, x11, -8        x14:00000030 x11:00000064
15507724ns          255564 1c009098 00070763 beq              x14, x0, 14         x14:00000030
15507744ns          255565 1c00909a 00f00533 add              x10, x0, x15        x10=1c000105 x15:1c000105
15507763ns          255566 1c00909c 0017c70b p.lbu            x14, 1(x15!)        x14=00000000 x15=1c000106 x15:1c000105  PA:1c000105
15508102ns          255583 1c0090a0 feb71ce3 bne              x14, x11, -8        x14:00000000 x11:00000064
15508161ns          255586 1c009098 00070763 beq              x14, x0, 14         x14:00000000
15508241ns          255590 1c0090a6 0015b593 sltiu            x11, x11, 1         x11=00000000 x11:00000064
15508261ns          255591 1c0090aa 40b005b3 sub              x11, x0, x11        x11=00000000 x11:00000000
15508281ns          255592 1c0090ae 00b57533 and              x10, x10, x11       x10=00000000 x10:1c000105 x11:00000000
15508300ns          255593 1c0090b0 00008067 jalr             x0, x1, 0            x1:1c00926a
15508340ns          255595 1c00926a 02050a63 beq              x10, x0, 52         x10:00000000
15508480ns          255602 1c00929e 02a00613 addi             x12, x0, 42         x12=0000002a
15508499ns          255603 1c0092a2 2ac48663 beq              x9, x12, 684         x9:00000064 x12:0000002a
15508519ns          255604 1c0092a6 fd048613 addi             x12, x9, -48        x12=00000034  x9:00000064
15508539ns          255605 1c0092aa 00900593 addi             x11, x0, 9          x11=00000009
15508559ns          255606 1c0092ac 00000913 addi             x18, x0, 0          x18=00000000
15508579ns          255607 1c0092ae 28c5f063 bgeu             x11, x12, 640       x11:00000009 x12:00000034
15508599ns          255608 1c0092b2 02e00693 addi             x13, x0, 46         x13=0000002e
15508619ns          255609 1c0092b6 fff00a13 addi             x20, x0, -1         x20=ffffffff
15508639ns          255610 1c0092b8 2ed48363 beq              x9, x13, 742         x9:00000064 x13:0000002e
15508659ns          255611 1c0092bc 1c0007b7 lui              x15, 0x1c000000     x15=1c000000
15508678ns          255612 1c0092c0 009005b3 add              x11, x0, x9         x11=00000064  x9:00000064
15508718ns          255614 1c0092c2 10878513 addi             x10, x15, 264       x10=1c000108 x15:1c000000
15508738ns          255615 1c0092c6 dbfff0ef jal              x1, -578             x1=1c0092c8
15508778ns          255617 1c009084 00054783 lbu              x15, 0(x10)         x15=00000068 x10:1c000108  PA:1c000108
15509096ns          255633 1c009088 0ff5f593 andi             x11, x11, 255       x11=00000064 x11:00000064
15509116ns          255634 1c00908c 00b78c63 beq              x15, x11, 24        x15:00000068 x11:00000064
15509136ns          255635 1c009090 00078b63 beq              x15, x0, 22         x15:00000068
15509156ns          255636 1c009092 00150793 addi             x15, x10, 1         x15=1c000109 x10:1c000108
15509176ns          255637 1c009096 0040006f jal              x0, 4              
15509215ns          255639 1c00909a 00f00533 add              x10, x0, x15        x10=1c000109 x15:1c000109
15509235ns          255640 1c00909c 0017c70b p.lbu            x14, 1(x15!)        x14=0000006c x15=1c00010a x15:1c000109  PA:1c000109
15509554ns          255656 1c0090a0 feb71ce3 bne              x14, x11, -8        x14:0000006c x11:00000064
15509613ns          255659 1c009098 00070763 beq              x14, x0, 14         x14:0000006c
15509633ns          255660 1c00909a 00f00533 add              x10, x0, x15        x10=1c00010a x15:1c00010a
15509653ns          255661 1c00909c 0017c70b p.lbu            x14, 1(x15!)        x14=0000004c x15=1c00010b x15:1c00010a  PA:1c00010a
15509971ns          255677 1c0090a0 feb71ce3 bne              x14, x11, -8        x14:0000004c x11:00000064
15510031ns          255680 1c009098 00070763 beq              x14, x0, 14         x14:0000004c
15510051ns          255681 1c00909a 00f00533 add              x10, x0, x15        x10=1c00010b x15:1c00010b
15510071ns          255682 1c00909c 0017c70b p.lbu            x14, 1(x15!)        x14=0000007a x15=1c00010c x15:1c00010b  PA:1c00010b
15510389ns          255698 1c0090a0 feb71ce3 bne              x14, x11, -8        x14:0000007a x11:00000064
15510449ns          255701 1c009098 00070763 beq              x14, x0, 14         x14:0000007a
15510469ns          255702 1c00909a 00f00533 add              x10, x0, x15        x10=1c00010c x15:1c00010c
15510488ns          255703 1c00909c 0017c70b p.lbu            x14, 1(x15!)        x14=00000000 x15=1c00010d x15:1c00010c  PA:1c00010c
15510807ns          255719 1c0090a0 feb71ce3 bne              x14, x11, -8        x14:00000000 x11:00000064
15510866ns          255722 1c009098 00070763 beq              x14, x0, 14         x14:00000000
15510946ns          255726 1c0090a6 0015b593 sltiu            x11, x11, 1         x11=00000000 x11:00000064
15510966ns          255727 1c0090aa 40b005b3 sub              x11, x0, x11        x11=00000000 x11:00000000
15510986ns          255728 1c0090ae 00b57533 and              x10, x10, x11       x10=00000000 x10:1c00010c x11:00000000
15511006ns          255729 1c0090b0 00008067 jalr             x0, x1, 0            x1:1c0092c8
15511045ns          255731 1c0092c8 01300433 add              x8, x0, x19          x8=1c000055 x19:1c000055
15511065ns          255732 1c0092ca 00050563 beq              x10, x0, 10         x10:00000000
15511125ns          255735 1c0092d4 06700693 addi             x13, x0, 103        x13=00000067
15511145ns          255736 1c0092d8 2896d963 bge              x13, x9, 658        x13:00000067  x9:00000064
15511224ns          255740 1c00956a 06500693 addi             x13, x0, 101        x13=00000065
15511284ns          255743 1c00956e 12d4d563 bge              x9, x13, 298         x9:00000064 x13:00000065
15511324ns          255745 1c009572 04700693 addi             x13, x0, 71         x13=00000047
15511344ns          255746 1c009576 dc96cbe3 blt              x13, x9, -554       x13:00000047  x9:00000064
15511463ns          255752 1c00934c 06300693 addi             x13, x0, 99         x13=00000063
15511523ns          255755 1c009350 0ad488e3 beq              x9, x13, 2224        x9:00000064 x13:00000063
15511563ns          255757 1c009354 0096c9e3 blt              x13, x9, 2066       x13:00000063  x9:00000064
15511702ns          255764 1c009b66 000c2583 lw               x11, 0(x24)         x11=00000003 x24:10001e20  PA:10001e20
15511722ns          255765 1c009b6a 004c0c13 addi             x24, x24, 4         x24=10001e24 x24:10001e20
15511742ns          255766 1c009b6c 3405cc63 blt              x11, x0, 856        x11:00000003
15511761ns          255767 1c009b70 01412603 lw               x12, 20(x2)         x12=00000000  x2:10001cc8  PA:10001cdc
15511781ns          255768 1c009b72 00b006b3 add              x13, x0, x11        x13=00000003 x11:00000003
15511801ns          255769 1c009b74 2e061863 bne              x12, x0, 752        x12:00000000
15511821ns          255770 1c009b78 01812703 lw               x14, 24(x2)         x14=00000000  x2:10001cc8  PA:10001ce0
15511841ns          255771 1c009b7a 019007b3 add              x15, x0, x25        x15=10001cec x25:10001cec
15511861ns          255772 1c009b7c 00070763 beq              x14, x0, 14         x14:00000000
15511921ns          255775 1c009b8a 00f00733 add              x14, x0, x15        x14=10001cec x15:10001cec
15511941ns          255776 1c009b8c 00a00513 addi             x10, x0, 10         x10=0000000a
15512000ns          255779 1c009b8e 02a6f633 remu             x12, x13, x10       x12=00000003 x13:00000003 x10:0000000a
15512637ns          255811 1c009b92 02a6d6b3 divu             x13, x13, x10       x13=00000000 x13:00000003 x10:0000000a
15513253ns          255842 1c009b96 03060613 addi             x12, x12, 48        x12=00000033 x12:00000003
15513273ns          255843 1c009b9a 00c700ab p.sb             x12, 1(x14!)        x14=10001ced x12:00000033 x14:10001cec  PA:10001cec
15513293ns          255844 1c009b9e fe0698e3 bne              x13, x0, -16        x13:00000000
15513313ns          255845 1c009ba0 40f706b3 sub              x13, x14, x15       x13=00000001 x14:10001ced x15:10001cec
15513333ns          255846 1c009ba4 0146dc63 bge              x13, x20, 24        x13:00000001 x20:ffffffff
15513452ns          255852 1c009bbc 00e006b3 add              x13, x0, x14        x13=10001ced x14:10001ced
15513472ns          255853 1c009bbe fe068fab p.sb             x0, -1(x13!)        x13=10001cec x13:10001ced  PA:10001ced
15513492ns          255854 1c009bc2 00d7fc63 bgeu             x15, x13, 24        x15:10001cec x13:10001cec
15513552ns          255857 1c009bda 01412783 lw               x15, 20(x2)         x15=00000000  x2:10001cc8  PA:10001cdc
15513572ns          255858 1c009bdc 01812603 lw               x12, 24(x2)         x12=00000000  x2:10001cc8  PA:10001ce0
15513631ns          255861 1c009bde 419704b3 sub              x9, x14, x25         x9=00000001 x14:10001ced x25:10001cec
15513651ns          255862 1c009be2 00c7e7b3 or               x15, x15, x12       x15=00000000 x15:00000000 x12:00000000
15513671ns          255863 1c009be4 00f12623 sw               x15, 12(x2)         x15:00000000  x2:10001cc8  PA:10001cd4
15513691ns          255864 1c009be6 00079363 bne              x15, x0, 6          x15:00000000
15513711ns          255865 1c009be8 01f5d593 srli             x11, x11, 0x1f      x11=00000000 x11:00000003
15513731ns          255866 1c009bea 00b12623 sw               x11, 12(x2)         x11:00000000  x2:10001cc8  PA:10001cd4
15513751ns          255867 1c009bec e3fa28e3 p.beqimm         x20, -464           x20:ffffffff
15513850ns          255872 1c009a1c 0c800793 addi             x15, x0, 200        x15=000000c8
15513930ns          255876 1c009a20 9e97d0e3 bge              x15, x9, -1568      x15:000000c8  x9:00000001
15514029ns          255881 1c009400 0f24d163 bge              x9, x18, 226         x9:00000001 x18:00000000
15514168ns          255888 1c0094e2 d00482e3 beq              x9, x0, -764         x9:00000001
15514188ns          255889 1c0094e6 01900933 add              x18, x0, x25        x18=10001cec x25:10001cec
15514208ns          255890 1c0094e8 419d8db3 sub              x27, x27, x25       x27=efffe33e x27:0000002a x25:10001cec
15514228ns          255891 1c0094ec 00a0006f jal              x0, 10             
15514327ns          255896 1c0094f6 0019450b p.lbu            x10, 1(x18!)        x10=00000033 x18=10001ced x18:10001cec  PA:10001cec
15514347ns          255897 1c0094fa 01a005b3 add              x11, x0, x26        x11=00000002 x26:00000002
15514367ns          255898 1c0094fc 000b00e7 jalr             x1, x22, 0           x1=1c0094fe x22:1c009104
15514487ns          255904 1c009104 000026b7 lui              x13, 0x2000         x13=00002000
15514526ns          255906 1c009106 f14027f3 csrrs            x15, x0, 0xf14      x15=00000003
15514546ns          255907 1c00910a f8068693 addi             x13, x13, -128      x13=00001f80 x13:00002000
15514606ns          255910 1c00910e 00379713 slli             x14, x15, 0x3       x14=00000018 x15:00000003
15514626ns          255911 1c009112 00279793 slli             x15, x15, 0x2       x15=0000000c x15:00000003
15514646ns          255912 1c009114 00d7f7b3 and              x15, x15, x13       x15=00000000 x15:0000000c x13:00001f80
15514666ns          255913 1c009116 ee873733 p.bclr           x14, x14, 23, 8     x14=00000018 x14:00000018
15514685ns          255914 1c00911a 1a10f6b7 lui              x13, 0x1a10f000     x13=1a10f000
15514705ns          255915 1c00911e 0ff57513 andi             x10, x10, 255       x10=00000033 x10:00000033
15514725ns          255916 1c009122 00d70733 add              x14, x14, x13       x14=1a10f018 x14:00000018 x13:1a10f000
15514745ns          255917 1c009124 00a7e723 p.sw             x10, x0(x15)        x10:00000033 x15:00000000  PA:1a10f018
15515063ns          255933 1c009128 00000513 addi             x10, x0, 0          x10=00000000
15515083ns          255934 1c00912a 00008067 jalr             x0, x1, 0            x1:1c0094fe
15515123ns          255936 1c0094fe fff48493 addi             x9, x9, -1           x9=00000000  x9:00000001
15515143ns          255937 1c009500 fff537e3 p.bneimm         x10, -18            x10:00000000
15515222ns          255941 1c0094ee 012d8733 add              x14, x27, x18       x14=0000002b x27:efffe33e x18:10001ced
15515242ns          255942 1c0094f2 5a048b63 beq              x9, x0, 1462         x9:00000000
15515342ns          255947 1c009aa8 00e00db3 add              x27, x0, x14        x27=0000002b x14:0000002b
15515382ns          255949 1c009aaa f3cff06f jal              x0, -2244          
15515501ns          255955 1c0091e6 00044503 lbu              x10, 0(x8)          x10=00000029  x8:1c000055  PA:1c000055
15515799ns          255970 1c0091ea 00140413 addi             x8, x8, 1            x8=1c000056  x8:1c000055
15515819ns          255971 1c0091ec 00050e63 beq              x10, x0, 28         x10:00000029
15515839ns          255972 1c0091ee 02500793 addi             x15, x0, 37         x15=00000025
15515859ns          255973 1c0091f2 04f50863 beq              x10, x15, 80        x10:00000029 x15:00000025
15515879ns          255974 1c0091f6 01a005b3 add              x11, x0, x26        x11=00000002 x26:00000002
15515899ns          255975 1c0091f8 000b00e7 jalr             x1, x22, 0           x1=1c0091fa x22:1c009104
15515998ns          255980 1c009104 000026b7 lui              x13, 0x2000         x13=00002000
15516018ns          255981 1c009106 f14027f3 csrrs            x15, x0, 0xf14      x15=00000003
15516038ns          255982 1c00910a f8068693 addi             x13, x13, -128      x13=00001f80 x13:00002000
15516058ns          255983 1c00910e 00379713 slli             x14, x15, 0x3       x14=00000018 x15:00000003
15516078ns          255984 1c009112 00279793 slli             x15, x15, 0x2       x15=0000000c x15:00000003
15516098ns          255985 1c009114 00d7f7b3 and              x15, x15, x13       x15=00000000 x15:0000000c x13:00001f80
15516118ns          255986 1c009116 ee873733 p.bclr           x14, x14, 23, 8     x14=00000018 x14:00000018
15516137ns          255987 1c00911a 1a10f6b7 lui              x13, 0x1a10f000     x13=1a10f000
15516157ns          255988 1c00911e 0ff57513 andi             x10, x10, 255       x10=00000029 x10:00000029
15516177ns          255989 1c009122 00d70733 add              x14, x14, x13       x14=1a10f018 x14:00000018 x13:1a10f000
15516197ns          255990 1c009124 00a7e723 p.sw             x10, x0(x15)        x10:00000029 x15:00000000  PA:1a10f018
15516515ns          256006 1c009128 00000513 addi             x10, x0, 0          x10=00000000
15516535ns          256007 1c00912a 00008067 jalr             x0, x1, 0            x1:1c0091fa
15516595ns          256010 1c0091fa 31f52563 p.beqimm         x10, 778            x10:00000000
15516615ns          256011 1c0091fe 001d8d93 addi             x27, x27, 1         x27=0000002c x27:0000002b
15516635ns          256012 1c009200 00044503 lbu              x10, 0(x8)          x10=0000000a  x8:1c000056  PA:1c000056
15516953ns          256028 1c009204 00140413 addi             x8, x8, 1            x8=1c000057  x8:1c000056
15516973ns          256029 1c009206 fe0514e3 bne              x10, x0, -24        x10:0000000a
15517052ns          256033 1c0091ee 02500793 addi             x15, x0, 37         x15=00000025
15517072ns          256034 1c0091f2 04f50863 beq              x10, x15, 80        x10:0000000a x15:00000025
15517092ns          256035 1c0091f6 01a005b3 add              x11, x0, x26        x11=00000002 x26:00000002
15517112ns          256036 1c0091f8 000b00e7 jalr             x1, x22, 0           x1=1c0091fa x22:1c009104
15517152ns          256038 1c009104 000026b7 lui              x13, 0x2000         x13=00002000
15517172ns          256039 1c009106 f14027f3 csrrs            x15, x0, 0xf14      x15=00000003
15517192ns          256040 1c00910a f8068693 addi             x13, x13, -128      x13=00001f80 x13:00002000
15517212ns          256041 1c00910e 00379713 slli             x14, x15, 0x3       x14=00000018 x15:00000003
15517231ns          256042 1c009112 00279793 slli             x15, x15, 0x2       x15=0000000c x15:00000003
15517251ns          256043 1c009114 00d7f7b3 and              x15, x15, x13       x15=00000000 x15:0000000c x13:00001f80
15517271ns          256044 1c009116 ee873733 p.bclr           x14, x14, 23, 8     x14=00000018 x14:00000018
15517291ns          256045 1c00911a 1a10f6b7 lui              x13, 0x1a10f000     x13=1a10f000
15517311ns          256046 1c00911e 0ff57513 andi             x10, x10, 255       x10=0000000a x10:0000000a
15517331ns          256047 1c009122 00d70733 add              x14, x14, x13       x14=1a10f018 x14:00000018 x13:1a10f000
15517351ns          256048 1c009124 00a7e723 p.sw             x10, x0(x15)        x10:0000000a x15:00000000  PA:1a10f018
15517669ns          256064 1c009128 00000513 addi             x10, x0, 0          x10=00000000
15517689ns          256065 1c00912a 00008067 jalr             x0, x1, 0            x1:1c0091fa
15517749ns          256068 1c0091fa 31f52563 p.beqimm         x10, 778            x10:00000000
15517768ns          256069 1c0091fe 001d8d93 addi             x27, x27, 1         x27=0000002d x27:0000002c
15517788ns          256070 1c009200 00044503 lbu              x10, 0(x8)          x10=00000000  x8:1c000057  PA:1c000057
15518087ns          256085 1c009204 00140413 addi             x8, x8, 1            x8=1c000058  x8:1c000057
15518107ns          256086 1c009206 fe0514e3 bne              x10, x0, -24        x10:00000000
15518127ns          256087 1c009208 01b00433 add              x8, x0, x27          x8=0000002d x27:0000002d
15518146ns          256088 1c00920a 00800533 add              x10, x0, x8         x10=0000002d  x8:0000002d
15518166ns          256089 1c00920c 12c12083 lw               x1, 300(x2)          x1=1c009198  x2:10001cc8  PA:10001df4
15518186ns          256090 1c009210 12812403 lw               x8, 296(x2)          x8=00000003  x2:10001cc8  PA:10001df0
15518206ns          256091 1c009214 12412483 lw               x9, 292(x2)          x9=xxxxxxxx  x2:10001cc8  PA:10001dec
15518226ns          256092 1c009218 12012903 lw               x18, 288(x2)        x18=xxxxxxxx  x2:10001cc8  PA:10001de8
15518246ns          256093 1c00921c 11c12983 lw               x19, 284(x2)        x19=xxxxxxxx  x2:10001cc8  PA:10001de4
15518465ns          256104 1c009220 11812a03 lw               x20, 280(x2)        x20=xxxxxxxx  x2:10001cc8  PA:10001de0
15518504ns          256106 1c009224 11412a83 lw               x21, 276(x2)        x21=xxxxxxxx  x2:10001cc8  PA:10001ddc
15518524ns          256107 1c009228 11012b03 lw               x22, 272(x2)        x22=xxxxxxxx  x2:10001cc8  PA:10001dd8
15518544ns          256108 1c00922c 10c12b83 lw               x23, 268(x2)        x23=xxxxxxxx  x2:10001cc8  PA:10001dd4
15518982ns          256130 1c009230 10812c03 lw               x24, 264(x2)        x24=xxxxxxxx  x2:10001cc8  PA:10001dd0
15519022ns          256132 1c009234 10412c83 lw               x25, 260(x2)        x25=xxxxxxxx  x2:10001cc8  PA:10001dcc
15519042ns          256133 1c009238 10012d03 lw               x26, 256(x2)        x26=xxxxxxxx  x2:10001cc8  PA:10001dc8
15519061ns          256134 1c00923c 0fc12d83 lw               x27, 252(x2)        x27=xxxxxxxx  x2:10001cc8  PA:10001dc4
15519081ns          256135 1c00923e 13010113 addi             x2, x2, 304          x2=10001df8  x2:10001cc8
15519121ns          256137 1c009240 00008067 jalr             x0, x1, 0            x1:1c009198
15519201ns          256141 1c009198 01c12083 lw               x1, 28(x2)           x1=1c008190  x2:10001df8  PA:10001e14
15519221ns          256142 1c00919a 04010113 addi             x2, x2, 64           x2=10001e38  x2:10001df8
15519260ns          256144 1c00919c 00008067 jalr             x0, x1, 0            x1:1c008190
15519380ns          256150 1c008190 00300793 addi             x15, x0, 3          x15=00000003
15519419ns          256152 1c008192 0087f463 bgeu             x15, x8, 8          x15:00000003  x8:00000003
15519499ns          256156 1c00819a 38c020ef jal              x1, 9100             x1=1c00819e
15520474ns          256205 1c00a526 f14027f3 csrrs            x15, x0, 0xf14      x15=00000003
15520494ns          256206 1c00a52a 01f00713 addi             x14, x0, 31         x14=0000001f
15520513ns          256207 1c00a52c ca5797b3 p.extractu       x15, x15, 5, 5      x15=00000000 x15:00000003
15520931ns          256228 1c00a530 00e78863 beq              x15, x14, 16        x15:00000000 x14:0000001f
15520971ns          256230 1c00a534 002047b7 lui              x15, 0x204000       x15=00204000
15520991ns          256231 1c00a538 20078793 addi             x15, x15, 512       x15=00204200 x15:00204000
15521011ns          256232 1c00a53c 01c7e703 p.elw            x14, 28(x15)        x14=00010000 x15:00204200  PA:0020421c
15521448ns          256254 1c00a540 00008067 jalr             x0, x1, 0            x1:1c00819e
15521508ns          256257 1c00819e f14027f3 csrrs            x15, x0, 0xf14      x15=00000003
15521528ns          256258 1c0081a2 f457b7b3 p.bclr           x15, x15, 26, 5     x15=00000003 x15:00000003
15521548ns          256259 1c0081a6 02079063 bne              x15, x0, 32         x15:00000003
15522562ns          256310 1c0081c6 06400793 addi             x15, x0, 100        x15=00000064
15522582ns          256311 1c0081ca 02f407b3 mul              x15, x8, x15        x15=0000012c  x8:00000003 x15:00000064
15523020ns          256333 1c0081ce 1c0104b7 lui              x9, 0x1c010000       x9=1c010000
15523059ns          256335 1c0081d2 00048493 addi             x9, x9, 0            x9=1c010000  x9:1c010000
15523079ns          256336 1c0081d6 00279793 slli             x15, x15, 0x2       x15=000004b0 x15:0000012c
15523099ns          256337 1c0081d8 009787b3 add              x15, x15, x9        x15=1c0104b0 x15:000004b0  x9:1c010000
15523119ns          256338 1c0081da 0707a083 lw               x1, 112(x15)         x1=431ed671 x15:1c0104b0  PA:1c010520
15523596ns          256362 1c0081de 02c7a383 lw               x7, 44(x15)          x7=43b69e45 x15:1c0104b0  PA:1c0104dc
15523994ns          256382 1c0081e2 0307a283 lw               x5, 48(x15)          x5=430263f7 x15:1c0104b0  PA:1c0104e0
15524293ns          256397 1c0081e6 0347af83 lw               x31, 52(x15)        x31=436fe8fb x15:1c0104b0  PA:1c0104e4
15524591ns          256412 1c0081ea 0387af03 lw               x30, 56(x15)        x30=438d5d19 x15:1c0104b0  PA:1c0104e8
15524909ns          256428 1c0081ee 03c7ae83 lw               x29, 60(x15)        x29=4389f737 x15:1c0104b0  PA:1c0104ec
15525208ns          256443 1c0081f2 0407ae03 lw               x28, 64(x15)        x28=434f7672 x15:1c0104b0  PA:1c0104f0
15525506ns          256458 1c0081f6 0447a303 lw               x6, 68(x15)          x6=438934e4 x15:1c0104b0  PA:1c0104f4
15525804ns          256473 1c0081fa 0487a883 lw               x17, 72(x15)        x17=434fa9be x15:1c0104b0  PA:1c0104f8
15526103ns          256488 1c0081fe 0507a503 lw               x10, 80(x15)        x10=43502718 x15:1c0104b0  PA:1c010500
15526401ns          256503 1c008200 0587a603 lw               x12, 88(x15)        x12=4323b97a x15:1c0104b0  PA:1c010508
15526719ns          256519 1c008202 05c7a683 lw               x13, 92(x15)        x13=431514a2 x15:1c0104b0  PA:1c01050c
15527018ns          256534 1c008204 0607a703 lw               x14, 96(x15)        x14=430e9b48 x15:1c0104b0  PA:1c010510
15527316ns          256549 1c008206 04c7a803 lw               x16, 76(x15)        x16=42c4a59a x15:1c0104b0  PA:1c0104fc
15527634ns          256565 1c00820a 0547a583 lw               x11, 84(x15)        x11=430263f7 x15:1c0104b0  PA:1c010504
15527933ns          256580 1c00820c 0747ad03 lw               x26, 116(x15)       x26=42c0bf91 x15:1c0104b0  PA:1c010524
15528231ns          256595 1c008210 06112823 sw               x1, 112(x2)          x1:431ed671  x2:10001e38  PA:10001ea8
15528251ns          256596 1c008212 0787a083 lw               x1, 120(x15)         x1=438a3116 x15:1c0104b0  PA:1c010528
15528549ns          256611 1c008216 07a12a23 sw               x26, 116(x2)        x26:42c0bf91  x2:10001e38  PA:10001eac
15528569ns          256612 1c008218 06112c23 sw               x1, 120(x2)          x1:438a3116  x2:10001e38  PA:10001eb0
15528589ns          256613 1c00821a 07c7ad03 lw               x26, 124(x15)       x26=436fe8fb x15:1c0104b0  PA:1c01052c
15528907ns          256629 1c00821e 0807a083 lw               x1, 128(x15)         x1=431514a2 x15:1c0104b0  PA:1c010530
15529206ns          256644 1c008222 07a12e23 sw               x26, 124(x2)        x26:436fe8fb  x2:10001e38  PA:10001eb4
15529226ns          256645 1c008224 08112023 sw               x1, 128(x2)          x1:431514a2  x2:10001e38  PA:10001eb8
15529245ns          256646 1c008226 0847ad03 lw               x26, 132(x15)       x26=4387a9e9 x15:1c0104b0  PA:1c010534
15529544ns          256661 1c00822a 0887a083 lw               x1, 136(x15)         x1=4379a4f9 x15:1c0104b0  PA:1c010538
15529842ns          256676 1c00822e 09a12223 sw               x26, 132(x2)        x26:4387a9e9  x2:10001e38  PA:10001ebc
15529862ns          256677 1c008230 08112423 sw               x1, 136(x2)          x1:4379a4f9  x2:10001e38  PA:10001ec0
15529882ns          256678 1c008232 08c7ad03 lw               x26, 140(x15)       x26=4385c07d x15:1c0104b0  PA:1c01053c
15530180ns          256693 1c008236 0907a083 lw               x1, 144(x15)         x1=4350ca48 x15:1c0104b0  PA:1c010540
15530479ns          256708 1c00823a 09a12623 sw               x26, 140(x2)        x26:4385c07d  x2:10001e38  PA:10001ec4
15530499ns          256709 1c00823c 08112823 sw               x1, 144(x2)          x1:4350ca48  x2:10001e38  PA:10001ec8
15530518ns          256710 1c00823e 0947ad03 lw               x26, 148(x15)       x26=4320b126 x15:1c0104b0  PA:1c010544
15530837ns          256726 1c008242 0987a083 lw               x1, 152(x15)         x1=433b80fa x15:1c0104b0  PA:1c010548
15531135ns          256741 1c008246 09a12a23 sw               x26, 148(x2)        x26:4320b126  x2:10001e38  PA:10001ecc
15531155ns          256742 1c008248 08112c23 sw               x1, 152(x2)          x1:433b80fa  x2:10001e38  PA:10001ed0
15531175ns          256743 1c00824a 09c7ad03 lw               x26, 156(x15)       x26=42b73330 x15:1c0104b0  PA:1c01054c
15531473ns          256758 1c00824e 0a07a083 lw               x1, 160(x15)         x1=43a3dcc9 x15:1c0104b0  PA:1c010550
15531772ns          256773 1c008252 09a12e23 sw               x26, 156(x2)        x26:42b73330  x2:10001e38  PA:10001ed4
15531791ns          256774 1c008254 0a112023 sw               x1, 160(x2)          x1:43a3dcc9  x2:10001e38  PA:10001ed8
15531811ns          256775 1c008256 0a47ad03 lw               x26, 164(x15)       x26=438d5d19 x15:1c0104b0  PA:1c010554
15532130ns          256791 1c00825a 0a87a083 lw               x1, 168(x15)         x1=430e9b48 x15:1c0104b0  PA:1c010558
15532428ns          256806 1c00825e 0ba12223 sw               x26, 164(x2)        x26:438d5d19  x2:10001e38  PA:10001edc
15532448ns          256807 1c008260 0a112423 sw               x1, 168(x2)          x1:430e9b48  x2:10001e38  PA:10001ee0
15532468ns          256808 1c008262 0ac7ad03 lw               x26, 172(x15)       x26=4379a4f9 x15:1c0104b0  PA:1c01055c
15532786ns          256824 1c008266 0b07a083 lw               x1, 176(x15)         x1=43a7b0e1 x15:1c0104b0  PA:1c010560
15533084ns          256839 1c00826a 0ba12623 sw               x26, 172(x2)        x26:4379a4f9  x2:10001e38  PA:10001ee4
15533104ns          256840 1c00826c 0a112823 sw               x1, 176(x2)          x1:43a7b0e1  x2:10001e38  PA:10001ee8
15533124ns          256841 1c00826e 0b47ad03 lw               x26, 180(x15)       x26=439b2750 x15:1c0104b0  PA:1c010564
15533442ns          256857 1c008272 0b87a083 lw               x1, 184(x15)         x1=43715e8f x15:1c0104b0  PA:1c010568
15533741ns          256872 1c008276 0ba12a23 sw               x26, 180(x2)        x26:439b2750  x2:10001e38  PA:10001eec
15533761ns          256873 1c008278 0a112c23 sw               x1, 184(x2)          x1:43715e8f  x2:10001e38  PA:10001ef0
15533781ns          256874 1c00827a 0bc7ad03 lw               x26, 188(x15)       x26=43468829 x15:1c0104b0  PA:1c01056c
15534079ns          256889 1c00827e 0c07a083 lw               x1, 192(x15)         x1=433ff542 x15:1c0104b0  PA:1c010570
15534377ns          256904 1c008282 0ba12e23 sw               x26, 188(x2)        x26:43468829  x2:10001e38  PA:10001ef4
15534397ns          256905 1c008284 0c112023 sw               x1, 192(x2)          x1:433ff542  x2:10001e38  PA:10001ef8
15534417ns          256906 1c008286 0c47ad03 lw               x26, 196(x15)       x26=429a072b x15:1c0104b0  PA:1c010574
15534715ns          256921 1c00828a 0c87a083 lw               x1, 200(x15)         x1=43896268 x15:1c0104b0  PA:1c010578
15535014ns          256936 1c00828e 0da12223 sw               x26, 196(x2)        x26:429a072b  x2:10001e38  PA:10001efc
15535034ns          256937 1c008290 0c112423 sw               x1, 200(x2)          x1:43896268  x2:10001e38  PA:10001f00
15535054ns          256938 1c008292 0cc7ad03 lw               x26, 204(x15)       x26=4389f737 x15:1c0104b0  PA:1c01057c
15535352ns          256953 1c008296 0d07a083 lw               x1, 208(x15)         x1=42d07a42 x15:1c0104b0  PA:1c010580
15535670ns          256969 1c00829a 0da12623 sw               x26, 204(x2)        x26:4389f737  x2:10001e38  PA:10001f04
15535690ns          256970 1c00829c 0c112823 sw               x1, 208(x2)          x1:42d07a42  x2:10001e38  PA:10001f08
15535710ns          256971 1c00829e 0d47ad03 lw               x26, 212(x15)       x26=4385c07d x15:1c0104b0  PA:1c010584
15536008ns          256986 1c0082a2 0d87a083 lw               x1, 216(x15)         x1=439b2750 x15:1c0104b0  PA:1c010588
15536307ns          257001 1c0082a6 0da12a23 sw               x26, 212(x2)        x26:4385c07d  x2:10001e38  PA:10001f0c
15536327ns          257002 1c0082a8 0c112c23 sw               x1, 216(x2)          x1:439b2750  x2:10001e38  PA:10001f10
15536346ns          257003 1c0082aa 0dc7ad03 lw               x26, 220(x15)       x26=43abafdc x15:1c0104b0  PA:1c01058c
15536645ns          257018 1c0082ae 0e07a083 lw               x1, 224(x15)         x1=4384ed58 x15:1c0104b0  PA:1c010590
15536963ns          257034 1c0082b2 0da12e23 sw               x26, 220(x2)        x26:43abafdc  x2:10001e38  PA:10001f14
15536983ns          257035 1c0082b4 0e112023 sw               x1, 224(x2)          x1:4384ed58  x2:10001e38  PA:10001f18
15537003ns          257036 1c0082b6 0e47ad03 lw               x26, 228(x15)       x26=4318c992 x15:1c0104b0  PA:1c010594
15537301ns          257051 1c0082ba 0e87a083 lw               x1, 232(x15)         x1=4336a842 x15:1c0104b0  PA:1c010598
15537600ns          257066 1c0082be 0fa12223 sw               x26, 228(x2)        x26:4318c992  x2:10001e38  PA:10001f1c
15537619ns          257067 1c0082c0 0e112423 sw               x1, 232(x2)          x1:4336a842  x2:10001e38  PA:10001f20
15537639ns          257068 1c0082c2 0ec7ad03 lw               x26, 236(x15)       x26=4268081e x15:1c0104b0  PA:1c01059c
15537938ns          257083 1c0082c6 0f07a083 lw               x1, 240(x15)         x1=43439833 x15:1c0104b0  PA:1c0105a0
15538256ns          257099 1c0082ca 0fa12623 sw               x26, 236(x2)        x26:4268081e  x2:10001e38  PA:10001f24
15538276ns          257100 1c0082cc 0e112823 sw               x1, 240(x2)          x1:43439833  x2:10001e38  PA:10001f28
15538296ns          257101 1c0082ce 0f47ad03 lw               x26, 244(x15)       x26=434f7672 x15:1c0104b0  PA:1c0105a4
15538594ns          257116 1c0082d2 0f87a083 lw               x1, 248(x15)         x1=42ac2f3b x15:1c0104b0  PA:1c0105a8
15538892ns          257131 1c0082d6 0fa12a23 sw               x26, 244(x2)        x26:434f7672  x2:10001e38  PA:10001f2c
15538912ns          257132 1c0082d8 0e112c23 sw               x1, 248(x2)          x1:42ac2f3b  x2:10001e38  PA:10001f30
15538932ns          257133 1c0082da 0fc7ad03 lw               x26, 252(x15)       x26=4350ca48 x15:1c0104b0  PA:1c0105ac
15539231ns          257148 1c0082de 1007a083 lw               x1, 256(x15)         x1=43715e8f x15:1c0104b0  PA:1c0105b0
15539549ns          257164 1c0082e2 0fa12e23 sw               x26, 252(x2)        x26:4350ca48  x2:10001e38  PA:10001f34
15539569ns          257165 1c0082e4 10112023 sw               x1, 256(x2)          x1:43715e8f  x2:10001e38  PA:10001f38
15539589ns          257166 1c0082e8 1047ad03 lw               x26, 260(x15)       x26=4384ed58 x15:1c0104b0  PA:1c0105b4
15539887ns          257181 1c0082ec 1087a083 lw               x1, 264(x15)         x1=43880d8e x15:1c0104b0  PA:1c0105b8
15540185ns          257196 1c0082f0 11a12223 sw               x26, 260(x2)        x26:4384ed58  x2:10001e38  PA:10001f3c
15540205ns          257197 1c0082f4 10112423 sw               x1, 264(x2)          x1:43880d8e  x2:10001e38  PA:10001f40
15540225ns          257198 1c0082f8 10c7ad03 lw               x26, 268(x15)       x26=4324aa2f x15:1c0104b0  PA:1c0105bc
15540524ns          257213 1c0082fc 1107a083 lw               x1, 272(x15)         x1=42fb463d x15:1c0104b0  PA:1c0105c0
15540961ns          257235 1c008300 11a12623 sw               x26, 268(x2)        x26:4324aa2f  x2:10001e38  PA:10001f44
15540981ns          257236 1c008304 10112823 sw               x1, 272(x2)          x1:42fb463d  x2:10001e38  PA:10001f48
15541001ns          257237 1c008308 1147ad03 lw               x26, 276(x15)       x26=42327f29 x15:1c0104b0  PA:1c0105c4
15541299ns          257252 1c00830c 1187a083 lw               x1, 280(x15)         x1=4367f63c x15:1c0104b0  PA:1c0105c8
15541598ns          257267 1c008310 11a12a23 sw               x26, 276(x2)        x26:42327f29  x2:10001e38  PA:10001f4c
15541618ns          257268 1c008314 10112c23 sw               x1, 280(x2)          x1:4367f63c  x2:10001e38  PA:10001f50
15541637ns          257269 1c008318 11c7ad03 lw               x26, 284(x15)       x26=438934e4 x15:1c0104b0  PA:1c0105cc
15541936ns          257284 1c00831c 1207a083 lw               x1, 288(x15)         x1=430cc3d3 x15:1c0104b0  PA:1c0105d0
15542254ns          257300 1c008320 11a12e23 sw               x26, 284(x2)        x26:438934e4  x2:10001e38  PA:10001f54
15542274ns          257301 1c008324 12112023 sw               x1, 288(x2)          x1:430cc3d3  x2:10001e38  PA:10001f58
15542294ns          257302 1c008328 1247ad03 lw               x26, 292(x15)       x26=4320b126 x15:1c0104b0  PA:1c0105d4
15542592ns          257317 1c00832c 1287a083 lw               x1, 296(x15)         x1=43468829 x15:1c0104b0  PA:1c0105d8
15542891ns          257332 1c008330 13a12223 sw               x26, 292(x2)        x26:4320b126  x2:10001e38  PA:10001f5c
15542910ns          257333 1c008334 12112423 sw               x1, 296(x2)          x1:43468829  x2:10001e38  PA:10001f60
15542930ns          257334 1c008338 12c7ad03 lw               x26, 300(x15)       x26=4318c992 x15:1c0104b0  PA:1c0105dc
15543229ns          257349 1c00833c 1307a083 lw               x1, 304(x15)         x1=4324aa2f x15:1c0104b0  PA:1c0105e0
15543547ns          257365 1c008340 13a12623 sw               x26, 300(x2)        x26:4318c992  x2:10001e38  PA:10001f64
15543567ns          257366 1c008344 12112823 sw               x1, 304(x2)          x1:4324aa2f  x2:10001e38  PA:10001f68
15543587ns          257367 1c008348 1347ad03 lw               x26, 308(x15)       x26=439cfb0c x15:1c0104b0  PA:1c0105e4
15543965ns          257386 1c00834c 1387a083 lw               x1, 312(x15)         x1=4328d0f5 x15:1c0104b0  PA:1c0105e8
15544263ns          257401 1c008350 13a12a23 sw               x26, 308(x2)        x26:439cfb0c  x2:10001e38  PA:10001f6c
15544283ns          257402 1c008354 12112c23 sw               x1, 312(x2)          x1:4328d0f5  x2:10001e38  PA:10001f70
15544303ns          257403 1c008358 13c7ad03 lw               x26, 316(x15)       x26=42cdd7d9 x15:1c0104b0  PA:1c0105ec
15544601ns          257418 1c00835c 1407a083 lw               x1, 320(x15)         x1=436cd0c0 x15:1c0104b0  PA:1c0105f0
15544919ns          257434 1c008360 13a12e23 sw               x26, 316(x2)        x26:42cdd7d9  x2:10001e38  PA:10001f74
15544939ns          257435 1c008364 14112023 sw               x1, 320(x2)          x1:436cd0c0  x2:10001e38  PA:10001f78
15544959ns          257436 1c008368 1447ad03 lw               x26, 324(x15)       x26=434fa9be x15:1c0104b0  PA:1c0105f4
15545258ns          257451 1c00836c 1487a083 lw               x1, 328(x15)         x1=431ed671 x15:1c0104b0  PA:1c0105f8
15545695ns          257473 1c008370 15a12223 sw               x26, 324(x2)        x26:434fa9be  x2:10001e38  PA:10001f7c
15545715ns          257474 1c008374 14112423 sw               x1, 328(x2)          x1:431ed671  x2:10001e38  PA:10001f80
15545735ns          257475 1c008378 14c7ad03 lw               x26, 332(x15)       x26=433b80fb x15:1c0104b0  PA:1c0105fc
15546033ns          257490 1c00837c 1507a083 lw               x1, 336(x15)         x1=433ff542 x15:1c0104b0  PA:1c010600
15546332ns          257505 1c008380 15a12623 sw               x26, 332(x2)        x26:433b80fb  x2:10001e38  PA:10001f84
15546352ns          257506 1c008384 14112823 sw               x1, 336(x2)          x1:433ff542  x2:10001e38  PA:10001f88
15546371ns          257507 1c008388 1547ad03 lw               x26, 340(x15)       x26=4336a842 x15:1c0104b0  PA:1c010604
15546670ns          257522 1c00838c 1587a083 lw               x1, 344(x15)         x1=42fb463d x15:1c0104b0  PA:1c010608
15546968ns          257537 1c008390 15a12a23 sw               x26, 340(x2)        x26:4336a842  x2:10001e38  PA:10001f8c
15546988ns          257538 1c008394 15c7ad03 lw               x26, 348(x15)       x26=4328d0f5 x15:1c0104b0  PA:1c01060c
15547286ns          257553 1c008398 14112c23 sw               x1, 344(x2)          x1:42fb463d  x2:10001e38  PA:10001f90
15547306ns          257554 1c00839c 15a12e23 sw               x26, 348(x2)        x26:4328d0f5  x2:10001e38  PA:10001f94
15547326ns          257555 1c0083a0 0007ad03 lw               x26, 0(x15)         x26=43c0bd13 x15:1c0104b0  PA:1c0104b0
15547644ns          257571 1c0083a4 1787a983 lw               x19, 376(x15)       x19=429a072a x15:1c0104b0  PA:1c010628
15547943ns          257586 1c0083a8 01a12023 sw               x26, 0(x2)          x26:43c0bd13  x2:10001e38  PA:10001e38
15547963ns          257587 1c0083aa 0047ad03 lw               x26, 4(x15)         x26=43910d7d x15:1c0104b0  PA:1c0104b4
15548261ns          257602 1c0083ae 17c7a903 lw               x18, 380(x15)       x18=4268081e x15:1c0104b0  PA:1c01062c
15548559ns          257617 1c0083b2 01a12223 sw               x26, 4(x2)          x26:43910d7d  x2:10001e38  PA:10001e3c
15548579ns          257618 1c0083b4 0087ad03 lw               x26, 8(x15)         x26=43502718 x15:1c0104b0  PA:1c0104b8
15549017ns          257640 1c0083b8 1607ac83 lw               x25, 352(x15)       x25=435c3561 x15:1c0104b0  PA:1c010610
15549315ns          257655 1c0083bc 01a12423 sw               x26, 8(x2)          x26:43502718  x2:10001e38  PA:10001e40
15549335ns          257656 1c0083be 00c7ad03 lw               x26, 12(x15)        x26=438a3116 x15:1c0104b0  PA:1c0104bc
15549673ns          257673 1c0083c2 1647ac03 lw               x24, 356(x15)       x24=42e28bec x15:1c0104b0  PA:1c010614
15549972ns          257688 1c0083c6 01a12623 sw               x26, 12(x2)         x26:438a3116  x2:10001e38  PA:10001e44
15549992ns          257689 1c0083c8 0107ad03 lw               x26, 16(x15)        x26=43a3dcc9 x15:1c0104b0  PA:1c0104c0
15550310ns          257705 1c0083cc 1687ab83 lw               x23, 360(x15)       x23=42fb092b x15:1c0104b0  PA:1c010618
15550608ns          257720 1c0083d0 01a12823 sw               x26, 16(x2)         x26:43a3dcc9  x2:10001e38  PA:10001e48
15550628ns          257721 1c0083d2 0147ad03 lw               x26, 20(x15)        x26=43896268 x15:1c0104b0  PA:1c0104c4
15550926ns          257736 1c0083d6 16c7ab03 lw               x22, 364(x15)       x22=42c4a59a x15:1c0104b0  PA:1c01061c
15551225ns          257751 1c0083da 01a12a23 sw               x26, 20(x2)         x26:43896268  x2:10001e38  PA:10001e4c
15551245ns          257752 1c0083dc 0187ad03 lw               x26, 24(x15)        x26=43439833 x15:1c0104b0  PA:1c0104c8
15551563ns          257768 1c0083e0 1707aa83 lw               x21, 368(x15)       x21=42c0bf92 x15:1c0104b0  PA:1c010620
15551861ns          257783 1c0083e4 01a12c23 sw               x26, 24(x2)         x26:43439833  x2:10001e38  PA:10001e50
15551881ns          257784 1c0083e6 01c7ad03 lw               x26, 28(x15)        x26=4367f63c x15:1c0104b0  PA:1c0104cc
15552179ns          257799 1c0083ea 1747aa03 lw               x20, 372(x15)       x20=42b73331 x15:1c0104b0  PA:1c010624
15552478ns          257814 1c0083ee 01a12e23 sw               x26, 28(x2)         x26:4367f63c  x2:10001e38  PA:10001e54
15552498ns          257815 1c0083f0 0207ad03 lw               x26, 32(x15)        x26=436cd0c0 x15:1c0104b0  PA:1c0104d0
15552796ns          257830 1c0083f4 1807a083 lw               x1, 384(x15)         x1=42327f29 x15:1c0104b0  PA:1c010630
15553094ns          257845 1c0083f8 03a12023 sw               x26, 32(x2)         x26:436cd0c0  x2:10001e38  PA:10001e58
15553114ns          257846 1c0083fa 0247ad03 lw               x26, 36(x15)        x26=42fb092c x15:1c0104b0  PA:1c0104d4
15553433ns          257862 1c0083fe 03a12223 sw               x26, 36(x2)         x26:42fb092c  x2:10001e38  PA:10001e5c
15553453ns          257863 1c008400 0287ad03 lw               x26, 40(x15)        x26=43910d7d x15:1c0104b0  PA:1c0104d8
15553751ns          257878 1c008404 04a12823 sw               x10, 80(x2)         x10:43502718  x2:10001e38  PA:10001e88
15553771ns          257879 1c008406 04c12c23 sw               x12, 88(x2)         x12:4323b97a  x2:10001e38  PA:10001e90
15553791ns          257880 1c008408 0647a503 lw               x10, 100(x15)       x10=42d07a42 x15:1c0104b0  PA:1c010514
15554089ns          257895 1c00840a 0687a603 lw               x12, 104(x15)       x12=42ac2f3b x15:1c0104b0  PA:1c010518
15554387ns          257910 1c00840c 06e12023 sw               x14, 96(x2)         x14:430e9b48  x2:10001e38  PA:10001e98
15554407ns          257911 1c00840e 06c7a703 lw               x14, 108(x15)       x14=430cc3d3 x15:1c0104b0  PA:1c01051c
15554706ns          257926 1c008410 02712623 sw               x7, 44(x2)           x7:43b69e45  x2:10001e38  PA:10001e64
15554726ns          257927 1c008412 02512823 sw               x5, 48(x2)           x5:430263f7  x2:10001e38  PA:10001e68
15554745ns          257928 1c008414 03f12a23 sw               x31, 52(x2)         x31:436fe8fb  x2:10001e38  PA:10001e6c
15554765ns          257929 1c008416 03e12c23 sw               x30, 56(x2)         x30:438d5d19  x2:10001e38  PA:10001e70
15554785ns          257930 1c008418 03d12e23 sw               x29, 60(x2)         x29:4389f737  x2:10001e38  PA:10001e74
15554805ns          257931 1c00841a 05c12023 sw               x28, 64(x2)         x28:434f7672  x2:10001e38  PA:10001e78
15554825ns          257932 1c00841c 04612223 sw               x6, 68(x2)           x6:438934e4  x2:10001e38  PA:10001e7c
15554845ns          257933 1c00841e 05112423 sw               x17, 72(x2)         x17:434fa9be  x2:10001e38  PA:10001e80
15555064ns          257944 1c008420 04d12e23 sw               x13, 92(x2)         x13:431514a2  x2:10001e38  PA:10001e94
15555084ns          257945 1c008422 06a12223 sw               x10, 100(x2)        x10:42d07a42  x2:10001e38  PA:10001e9c
15555103ns          257946 1c008424 06c12423 sw               x12, 104(x2)        x12:42ac2f3b  x2:10001e38  PA:10001ea0
15555143ns          257948 1c008426 06e12623 sw               x14, 108(x2)        x14:430cc3d3  x2:10001e38  PA:10001ea4
15555163ns          257949 1c008428 03a12423 sw               x26, 40(x2)         x26:43910d7d  x2:10001e38  PA:10001e60
15555183ns          257950 1c00842a 05012623 sw               x16, 76(x2)         x16:42c4a59a  x2:10001e38  PA:10001e84
15555203ns          257951 1c00842c 04b12a23 sw               x11, 84(x2)         x11:430263f7  x2:10001e38  PA:10001e8c
15555601ns          257971 1c00842e 17912023 sw               x25, 352(x2)        x25:435c3561  x2:10001e38  PA:10001f98
15555640ns          257973 1c008432 17812223 sw               x24, 356(x2)        x24:42e28bec  x2:10001e38  PA:10001f9c
15555660ns          257974 1c008436 17712423 sw               x23, 360(x2)        x23:42fb092b  x2:10001e38  PA:10001fa0
15555680ns          257975 1c00843a 17612623 sw               x22, 364(x2)        x22:42c4a59a  x2:10001e38  PA:10001fa4
15556118ns          257997 1c00843e 17512823 sw               x21, 368(x2)        x21:42c0bf92  x2:10001e38  PA:10001fa8
15556158ns          257999 1c008442 1c000637 lui              x12, 0x1c000000     x12=1c000000
15556178ns          258000 1c008446 1847a703 lw               x14, 388(x15)       x14=42cdd7d9 x15:1c0104b0  PA:1c010634
15556595ns          258021 1c00844a 1887a683 lw               x13, 392(x15)       x13=42e28bec x15:1c0104b0  PA:1c010638
15556933ns          258038 1c00844e 18c7a783 lw               x15, 396(x15)       x15=42a47157 x15:1c0104b0  PA:1c01063c
15557252ns          258054 1c008452 17412a23 sw               x20, 372(x2)        x20:42b73331  x2:10001e38  PA:10001fac
15557272ns          258055 1c008456 01c62f03 lw               x30, 28(x12)        x30=3f800000 x12:1c000000  PA:1c00001c
15557570ns          258070 1c00845a 17312c23 sw               x19, 376(x2)        x19:429a072a  x2:10001e38  PA:10001fb0
15557590ns          258071 1c00845e 17212e23 sw               x18, 380(x2)        x18:4268081e  x2:10001e38  PA:10001fb4
15557610ns          258072 1c008462 18112023 sw               x1, 384(x2)          x1:42327f29  x2:10001e38  PA:10001fb8
15557630ns          258073 1c008466 18e12223 sw               x14, 388(x2)        x14:42cdd7d9  x2:10001e38  PA:10001fbc
15557649ns          258074 1c00846a 18d12423 sw               x13, 392(x2)        x13:42e28bec  x2:10001e38  PA:10001fc0
15557928ns          258088 1c00846e 18f12623 sw               x15, 396(x2)        x15:42a47157  x2:10001e38  PA:10001fc4
15557948ns          258089 1c008472 00200333 add              x6, x0, x2           x6=10001e38  x2:10001e38
15557968ns          258090 1c008474 002008b3 add              x17, x0, x2         x17=10001e38  x2:10001e38
15557988ns          258091 1c008476 00000e13 addi             x28, x0, 0          x28=00000000
15558007ns          258092 1c008478 00000513 addi             x10, x0, 0          x10=00000000
15558027ns          258093 1c00847a 00000e93 addi             x29, x0, 0          x29=00000000
15558047ns          258094 1c00847e 00a00393 addi             x7, x0, 10           x7=0000000a
15558465ns          258115 1c008480 00b00293 addi             x5, x0, 11           x5=0000000b
15558485ns          258116 1c008482 01e00fb3 add              x31, x0, x30        x31=3f800000 x30:3f800000
15558505ns          258117 1c008484 ffc00993 addi             x19, x0, -4         x19=fffffffc
15558525ns          258118 1c008486 00800913 addi             x18, x0, 8          x18=00000008
15558545ns          258119 1c008488 32050f63 beq              x10, x0, 830        x10:00000000
15559479ns          258166 1c0087c6 0008a783 lw               x15, 0(x17)         x15=43c0bd13 x17:10001e38  PA:10001e38
15559519ns          258168 1c0087ca a0fe9753 flt.s            x14, f29, f15       x14=00000001 f29:00000000 f15:43c0bd13
15559539ns          258169 1c0087ce fc0707e3 beq              x14, x0, -50        x14:00000001
15559937ns          258189 1c0087d0 5807f853 fsqrt.s          f16, f15            f16=xxxxxxxx f15:43c0bd13
15560772ns          258231 1c0087d4 001e0593 addi             x11, x28, 1         x11=xxxxxxxx x28:00000000
15560792ns          258232 1c0087d8 00a00793 addi             x15, x0, 10         x15=43910d7d
15560812ns          258233 1c0087da 00100513 addi             x10, x0, 1          x10=xxxxxxxx
15561011ns          258243 1c0087dc 0108a023 sw               x16, 0(x17)         x16:419d118e x17:10001e38  PA:10001e38
15561031ns          258244 1c0087e0 190f7853 fdiv.s           f16, f30, f16       f16=xxxxxxxx f30:3f800000 f16:419d118e
15561866ns          258286 1c0087e4 00158693 addi             x13, x11, 1         x13=xxxxxxxx x11:00000001
15561886ns          258287 1c0087e8 00488713 addi             x14, x17, 4         x14=xxxxxxxx x17:10001e38
15561906ns          258288 1c0087ec 40b785b3 sub              x11, x15, x11       x11=xxxxxxxx x15:0000000a x11:00000001
15561926ns          258289 1c0087f0 3ad7c463 blt              x15, x13, 936       x15:0000000a x13:00000002
15561946ns          258290 1c0087f4 800006b7 lui              x13, 0x80000000     x13=xxxxxxxx
15561966ns          258291 1c0087f8 3ad78063 beq              x15, x13, 928       x15:0000000a x13:80000000
15561986ns          258292 1c0087fc 0055c0fb lp.setup         0x1, x11, 0x5       x11:00000009  PA:10001e3c
15562025ns          258294 1c008800 00072783 lw               x15, 0(x14)         x15=xxxxxxxx x14:10001e3c
15562125ns          258299 1c008802 1107f7d3 fmul.s           f15, f15, f16       f15=xxxxxxxx f15:43910d7d f16:3d509f4c
15562145ns          258300 1c008806 00f7222b p.sw             x15, 4(x14!)        x14=10001e40 x15:416c6a70 x14:10001e3c  PA:10001e3c
15562165ns          258301 1c008800 00072783 lw               x15, 0(x14)         x15=xxxxxxxx x14:10001e40  PA:10001e40
15562204ns          258303 1c008802 1107f7d3 fmul.s           f15, f15, f16       f15=xxxxxxxx f15:43502718 f16:3d509f4c
15562224ns          258304 1c008806 00f7222b p.sw             x15, 4(x14!)        x14=10001e44 x15:4129a14a x14:10001e40  PA:10001e40
15562244ns          258305 1c008800 00072783 lw               x15, 0(x14)         x15=xxxxxxxx x14:10001e44  PA:10001e44
15562284ns          258307 1c008802 1107f7d3 fmul.s           f15, f15, f16       f15=xxxxxxxx f15:438a3116 f16:3d509f4c
15562304ns          258308 1c008806 00f7222b p.sw             x15, 4(x14!)        x14=10001e48 x15:41613bbf x14:10001e44  PA:10001e44
15562324ns          258309 1c008800 00072783 lw               x15, 0(x14)         x15=43439833 x14:10001e48  PA:10001e48
15562364ns          258311 1c008802 1107f7d3 fmul.s           f15, f15, f16       f15=xxxxxxxx f15:43a3dcc9 f16:3d509f4c
15562383ns          258312 1c008806 00f7222b p.sw             x15, 4(x14!)        x14=10001e4c x15:4185895a x14:10001e48  PA:10001e48
15562403ns          258313 1c008800 00072783 lw               x15, 0(x14)         x15=xxxxxxxx x14:10001e4c  PA:10001e4c
15562443ns          258315 1c008802 1107f7d3 fmul.s           f15, f15, f16       f15=xxxxxxxx f15:43896268 f16:3d509f4c
15562463ns          258316 1c008806 00f7222b p.sw             x15, 4(x14!)        x14=10001e50 x15:415feae3 x14:10001e4c  PA:10001e4c
15562483ns          258317 1c008800 00072783 lw               x15, 0(x14)         x15=xxxxxxxx x14:10001e50  PA:10001e50
15562523ns          258319 1c008802 1107f7d3 fmul.s           f15, f15, f16       f15=xxxxxxxx f15:43439833 f16:3d509f4c
15562543ns          258320 1c008806 00f7222b p.sw             x15, 4(x14!)        x14=10001e54 x15:411f655f x14:10001e50  PA:10001e50
15562562ns          258321 1c008800 00072783 lw               x15, 0(x14)         x15=xxxxxxxx x14:10001e54  PA:10001e54
15562602ns          258323 1c008802 1107f7d3 fmul.s           f15, f15, f16       f15=xxxxxxxx f15:4367f63c f16:3d509f4c
15562622ns          258324 1c008806 00f7222b p.sw             x15, 4(x14!)        x14=10001e58 x15:413d0868 x14:10001e54  PA:10001e54
15562642ns          258325 1c008800 00072783 lw               x15, 0(x14)         x15=42fb092c x14:10001e58  PA:10001e58
15562682ns          258327 1c008802 1107f7d3 fmul.s           f15, f15, f16       f15=xxxxxxxx f15:436cd0c0 f16:3d509f4c
15562702ns          258328 1c008806 00f7222b p.sw             x15, 4(x14!)        x14=10001e5c x15:4140fcf8 x14:10001e58  PA:10001e58
15562722ns          258329 1c008800 00072783 lw               x15, 0(x14)         x15=xxxxxxxx x14:10001e5c  PA:10001e5c
15562761ns          258331 1c008802 1107f7d3 fmul.s           f15, f15, f16       f15=xxxxxxxx f15:42fb092c f16:3d509f4c
15562781ns          258332 1c008806 00f7222b p.sw             x15, 4(x14!)        x14=10001e60 x15:40cc93a9 x14:10001e5c  PA:10001e5c
15562801ns          258333 1c00880a 00be0e13 addi             x28, x28, 11        x28=0000000b x28:00000000
15562821ns          258334 1c00880c 02c88893 addi             x17, x17, 44        x17=10001e64 x17:10001e38
15563060ns          258346 1c008810 00430313 addi             x6, x6, 4            x6=10001e3c  x6:10001e38
15563100ns          258348 1c008812 c6a53be3 p.bneimm         x10, -906           x10:00000001
15563199ns          258353 1c008488 32050f63 beq              x10, x0, 830        x10:00000001
15563239ns          258355 1c00848c 00032783 lw               x15, 0(x6)          x15=416c6a70  x6:10001e3c  PA:10001e3c
15563298ns          258358 1c008490 e8f7f7c3 fmadd.s          f15, f15, f15, f29  f15=xxxxxxxx f15:416c6a70 f15:416c6a70 f29:00000000
15563338ns          258360 1c008494 2e152c63 p.beqimm         x10, 760            x10:00000001
15563835ns          258385 1c00878c 0008a803 lw               x16, 0(x17)         x16=43b69e45 x17:10001e64  PA:10001e64
15564293ns          258408 1c008790 08f877d3 fsub.s           f15, f16, f15       f15=xxxxxxxx f16:43b69e45 f15:435a546b
15564333ns          258410 1c008794 a0fe9753 flt.s            x14, f29, f15       x14=00000001 f29:00000000 f15:4312e81f
15564353ns          258411 1c008798 24071f63 bne              x14, x0, 606        x14:00000001
15565307ns          258459 1c0089f6 025505b3 mul              x11, x10, x5        x11=0000000b x10:00000001  x5:0000000b
15565327ns          258460 1c0089fa 5807f853 fsqrt.s          f16, f15            f16=xxxxxxxx f15:4312e81f
15566103ns          258499 1c0089fe ff858b93 addi             x23, x11, -8        x23=xxxxxxxx x11:0000000b
15566342ns          258511 1c008a02 0108a023 sw               x16, 0(x17)         x16:4141ed9a x17:10001e64  PA:10001e64
15566362ns          258512 1c008a06 00250a13 addi             x20, x10, 2         x20=00000003 x10:00000001
15566381ns          258513 1c008a0a 00158593 addi             x11, x11, 1         x11=0000000c x11:0000000b
15566401ns          258514 1c008a0c 054bcc63 blt              x23, x20, 88        x23:00000003 x20:00000003
15566421ns          258515 1c008a10 00251a93 slli             x21, x10, 0x2       x21=00000004 x10:00000001
15566441ns          258516 1c008a14 03350b33 mul              x22, x10, x19       x22=fffffffc x10:00000001 x19:fffffffc
15566461ns          258517 1c008a18 00010793 addi             x15, x2, 0          x15=10001e38  x2:10001e38
15566481ns          258518 1c008a1c 00fa8ab3 add              x21, x21, x15       x21=10001e3c x21:00000004 x15:10001e38
15566819ns          258535 1c008a1e 40a90c33 sub              x24, x18, x10       x24=00000007 x18:00000008 x10:00000001
15566859ns          258537 1c008a22 028b0b13 addi             x22, x22, 40        x22=00000024 x22:fffffffc
15566879ns          258538 1c008a26 000aa083 lw               x1, 0(x21)           x1=416c6a70 x21:10001e3c  PA:10001e3c
15566899ns          258539 1c008a2a 014c07b3 add              x15, x24, x20       x15=0000000a x24:00000007 x20:00000003
15567336ns          258561 1c008a2e 201090d3 fsgnjn.s         f1, f1, f1           f1=xxxxxxxx  f1:416c6a70  f1:416c6a70
15567376ns          258563 1c008a32 0347c463 blt              x15, x20, 40        x15:0000000a x20:00000003
15567396ns          258564 1c008a36 ff8b0713 addi             x14, x22, -8        x14=0000001c x22:00000024
15567416ns          258565 1c008a3a 00275713 srli             x14, x14, 0x2       x14=00000007 x14:0000001c
15567436ns          258566 1c008a3c 00488693 addi             x13, x17, 4         x13=10001e68 x17:10001e64
15567853ns          258587 1c008a40 004a8613 addi             x12, x21, 4         x12=10001e40 x21:10001e3c
15567893ns          258589 1c008a44 00170713 addi             x14, x14, 1         x14=00000008 x14:00000007
15567913ns          258590 1c008a46 008740fb lp.setup         0x1, x14, 0x8       x14:00000008
15567933ns          258591 1c008a4a 0006ac83 lw               x25, 0(x13)         x25=430263f7 x13:10001e68  PA:10001e68
15568371ns          258613 1c008a4e 0046278b p.lw             x15, 4(x12!)        x15=4129a14a x12=10001e44 x12:10001e40  PA:10001e40
15568410ns          258615 1c008a52 c817f7c3 fmadd.s          f15, f15, f1, f25   f15=xxxxxxxx f15:4129a14a  f1:c16c6a70 f25:430263f7
15568430ns          258616 1c008a56 00f6a22b p.sw             x15, 4(x13!)        x13=10001e6c x15:c1d21a02 x13:10001e68  PA:10001e68
15568470ns          258618 1c008a4a 0006ac83 lw               x25, 0(x13)         x25=436fe8fb x13:10001e6c  PA:10001e6c
15568510ns          258620 1c008a4e 0046278b p.lw             x15, 4(x12!)        x15=41613bbf x12=10001e48 x12:10001e44  PA:10001e44
15568550ns          258622 1c008a52 c817f7c3 fmadd.s          f15, f15, f1, f25   f15=xxxxxxxx f15:41613bbf  f1:c16c6a70 f25:436fe8fb
15568569ns          258623 1c008a56 00f6a22b p.sw             x15, 4(x13!)        x13=10001e70 x15:41ff420d x13:10001e6c  PA:10001e6c
15568609ns          258625 1c008a4a 0006ac83 lw               x25, 0(x13)         x25=438d5d19 x13:10001e70  PA:10001e70
15568629ns          258626 1c008a4e 0046278b p.lw             x15, 4(x12!)        x15=4185895a x12=10001e4c x12:10001e48  PA:10001e48
15568669ns          258628 1c008a52 c817f7c3 fmadd.s          f15, f15, f1, f25   f15=xxxxxxxx f15:4185895a  f1:c16c6a70 f25:438d5d19
15568689ns          258629 1c008a56 00f6a22b p.sw             x15, 4(x13!)        x13=10001e74 x15:421057a6 x13:10001e70  PA:10001e70
15568709ns          258630 1c008a4a 0006ac83 lw               x25, 0(x13)         x25=4389f737 x13:10001e74  PA:10001e74
15568729ns          258631 1c008a4e 0046278b p.lw             x15, 4(x12!)        x15=415feae3 x12=10001e50 x12:10001e4c  PA:10001e4c
15568768ns          258633 1c008a52 c817f7c3 fmadd.s          f15, f15, f1, f25   f15=xxxxxxxx f15:415feae3  f1:c16c6a70 f25:4389f737
15568788ns          258634 1c008a56 00f6a22b p.sw             x15, 4(x13!)        x13=10001e78 x15:428a4997 x13:10001e74  PA:10001e74
15568808ns          258635 1c008a4a 0006ac83 lw               x25, 0(x13)         x25=434f7672 x13:10001e78  PA:10001e78
15568828ns          258636 1c008a4e 0046278b p.lw             x15, 4(x12!)        x15=411f655f x12=10001e54 x12:10001e50  PA:10001e50
15568868ns          258638 1c008a52 c817f7c3 fmadd.s          f15, f15, f1, f25   f15=xxxxxxxx f15:411f655f  f1:c16c6a70 f25:434f7672
15568888ns          258639 1c008a56 00f6a22b p.sw             x15, 4(x13!)        x13=10001e7c x15:42710ae3 x13:10001e78  PA:10001e78
15568908ns          258640 1c008a4a 0006ac83 lw               x25, 0(x13)         x25=438934e4 x13:10001e7c  PA:10001e7c
15568928ns          258641 1c008a4e 0046278b p.lw             x15, 4(x12!)        x15=413d0868 x12=10001e58 x12:10001e54  PA:10001e54
15568967ns          258643 1c008a52 c817f7c3 fmadd.s          f15, f15, f1, f25   f15=xxxxxxxx f15:413d0868  f1:c16c6a70 f25:438934e4
15568987ns          258644 1c008a56 00f6a22b p.sw             x15, 4(x13!)        x13=10001e80 x15:42c7aee0 x13:10001e7c  PA:10001e7c
15569007ns          258645 1c008a4a 0006ac83 lw               x25, 0(x13)         x25=434fa9be x13:10001e80  PA:10001e80
15569027ns          258646 1c008a4e 0046278b p.lw             x15, 4(x12!)        x15=4140fcf8 x12=10001e5c x12:10001e58  PA:10001e58
15569067ns          258648 1c008a52 c817f7c3 fmadd.s          f15, f15, f1, f25   f15=xxxxxxxx f15:4140fcf8  f1:c16c6a70 f25:434fa9be
15569087ns          258649 1c008a56 00f6a22b p.sw             x15, 4(x13!)        x13=10001e84 x15:41eb8262 x13:10001e80  PA:10001e80
15569107ns          258650 1c008a4a 0006ac83 lw               x25, 0(x13)         x25=42c4a59a x13:10001e84  PA:10001e84
15569126ns          258651 1c008a4e 0046278b p.lw             x15, 4(x12!)        x15=40cc93a9 x12=10001e60 x12:10001e5c  PA:10001e5c
15569166ns          258653 1c008a52 c817f7c3 fmadd.s          f15, f15, f1, f25   f15=xxxxxxxx f15:40cc93a9  f1:c16c6a70 f25:42c4a59a
15569186ns          258654 1c008a56 00f6a22b p.sw             x15, 4(x13!)        x13=10001e88 x15:40770d72 x13:10001e84  PA:10001e84
15569206ns          258655 1c008a5a 00aa0a13 addi             x20, x20, 10        x20=0000000d x20:00000003
15569226ns          258656 1c008a5c 028a8a93 addi             x21, x21, 40        x21=10001e64 x21:10001e3c
15569584ns          258674 1c008a60 fd4bd3e3 bge              x23, x20, -58       x23:00000003 x20:0000000d
15569624ns          258676 1c008a64 00150513 addi             x10, x10, 1         x10=00000002 x10:00000001
15569644ns          258677 1c008a66 027507b3 mul              x15, x10, x7        x15=00000014 x10:00000002  x7:0000000a
15569663ns          258678 1c008a6a 190ff853 fdiv.s           f16, f31, f16       f16=xxxxxxxx f31:3f800000 f16:4141ed9a
15570698ns          258730 1c008a6e d6f5cbe3 blt              x11, x15, -650      x11:0000000c x15:00000014
15570797ns          258735 1c0087e4 00158693 addi             x13, x11, 1         x13=0000000d x11:0000000c
15570837ns          258737 1c0087e8 00488713 addi             x14, x17, 4         x14=10001e68 x17:10001e64
15570857ns          258738 1c0087ec 40b785b3 sub              x11, x15, x11       x11=00000008 x15:00000014 x11:0000000c
15570877ns          258739 1c0087f0 3ad7c463 blt              x15, x13, 936       x15:00000014 x13:0000000d
15570897ns          258740 1c0087f4 800006b7 lui              x13, 0x80000000     x13=80000000
15570917ns          258741 1c0087f8 3ad78063 beq              x15, x13, 928       x15:00000014 x13:80000000
15570936ns          258742 1c0087fc 0055c0fb lp.setup         0x1, x11, 0x5       x11:00000008
15570996ns          258745 1c008800 00072783 lw               x15, 0(x14)         x15=c1d21a02 x14:10001e68  PA:10001e68
15571036ns          258747 1c008802 1107f7d3 fmul.s           f15, f15, f16       f15=xxxxxxxx f15:c1d21a02 f16:3da8f846
15571056ns          258748 1c008806 00f7222b p.sw             x15, 4(x14!)        x14=10001e6c x15:c00aacd4 x14:10001e68  PA:10001e68
15571076ns          258749 1c008800 00072783 lw               x15, 0(x14)         x15=41ff420d x14:10001e6c  PA:10001e6c
15571115ns          258751 1c008802 1107f7d3 fmul.s           f15, f15, f16       f15=xxxxxxxx f15:41ff420d f16:3da8f846
15571135ns          258752 1c008806 00f7222b p.sw             x15, 4(x14!)        x14=10001e70 x15:40287ae6 x14:10001e6c  PA:10001e6c
15571155ns          258753 1c008800 00072783 lw               x15, 0(x14)         x15=421057a6 x14:10001e70  PA:10001e70
15571195ns          258755 1c008802 1107f7d3 fmul.s           f15, f15, f16       f15=xxxxxxxx f15:421057a6 f16:3da8f846
15571215ns          258756 1c008806 00f7222b p.sw             x15, 4(x14!)        x14=10001e74 x15:403e8b03 x14:10001e70  PA:10001e70
15571235ns          258757 1c008800 00072783 lw               x15, 0(x14)         x15=428a4997 x14:10001e74  PA:10001e74
15571275ns          258759 1c008802 1107f7d3 fmul.s           f15, f15, f16       f15=xxxxxxxx f15:428a4997 f16:3da8f846
15571295ns          258760 1c008806 00f7222b p.sw             x15, 4(x14!)        x14=10001e78 x15:40b68cd0 x14:10001e74  PA:10001e74
15571314ns          258761 1c008800 00072783 lw               x15, 0(x14)         x15=42710ae3 x14:10001e78  PA:10001e78
15571354ns          258763 1c008802 1107f7d3 fmul.s           f15, f15, f16       f15=xxxxxxxx f15:42710ae3 f16:3da8f846
15571374ns          258764 1c008806 00f7222b p.sw             x15, 4(x14!)        x14=10001e7c x15:409f18e9 x14:10001e78  PA:10001e78
15571394ns          258765 1c008800 00072783 lw               x15, 0(x14)         x15=42c7aee0 x14:10001e7c  PA:10001e7c
15571434ns          258767 1c008802 1107f7d3 fmul.s           f15, f15, f16       f15=xxxxxxxx f15:42c7aee0 f16:3da8f846
15571454ns          258768 1c008806 00f7222b p.sw             x15, 4(x14!)        x14=10001e80 x15:4103cc6b x14:10001e7c  PA:10001e7c
15571474ns          258769 1c008800 00072783 lw               x15, 0(x14)         x15=41eb8262 x14:10001e80  PA:10001e80
15571513ns          258771 1c008802 1107f7d3 fmul.s           f15, f15, f16       f15=xxxxxxxx f15:41eb8262 f16:3da8f846
15571533ns          258772 1c008806 00f7222b p.sw             x15, 4(x14!)        x14=10001e84 x15:401b71f7 x14:10001e80  PA:10001e80
15571553ns          258773 1c008800 00072783 lw               x15, 0(x14)         x15=40770d72 x14:10001e84  PA:10001e84
15571593ns          258775 1c008802 1107f7d3 fmul.s           f15, f15, f16       f15=xxxxxxxx f15:40770d72 f16:3da8f846
15571613ns          258776 1c008806 00f7222b p.sw             x15, 4(x14!)        x14=10001e88 x15:3ea3106b x14:10001e84  PA:10001e84
15571633ns          258777 1c00880a 00be0e13 addi             x28, x28, 11        x28=00000016 x28:0000000b
15571653ns          258778 1c00880c 02c88893 addi             x17, x17, 44        x17=10001e90 x17:10001e64
15571672ns          258779 1c008810 00430313 addi             x6, x6, 4            x6=10001e40  x6:10001e3c
15571712ns          258781 1c008812 c6a53be3 p.bneimm         x10, -906           x10:00000002
15571812ns          258786 1c008488 32050f63 beq              x10, x0, 830        x10:00000002
15571851ns          258788 1c00848c 00032783 lw               x15, 0(x6)          x15=4129a14a  x6:10001e40  PA:10001e40
15571891ns          258790 1c008490 e8f7f7c3 fmadd.s          f15, f15, f15, f29  f15=xxxxxxxx f15:4129a14a f15:4129a14a f29:00000000
15571911ns          258791 1c008494 2e152c63 p.beqimm         x10, 760            x10:00000002
15571931ns          258792 1c008498 02832703 lw               x14, 40(x6)         x14=c00aacd4  x6:10001e40  PA:10001e68
15571971ns          258794 1c00849c 78e777c3 fmadd.s          f15, f14, f14, f15  f15=xxxxxxxx f14:c00aacd4 f14:c00aacd4 f15:42e0ccb3
15571991ns          258795 1c0084a0 2e252663 p.beqimm         x10, 748            x10:00000002
15572090ns          258800 1c00878c 0008a803 lw               x16, 0(x17)         x16=4323b97a x17:10001e90  PA:10001e90
15572130ns          258802 1c008790 08f877d3 fsub.s           f15, f16, f15       f15=xxxxxxxx f16:4323b97a f15:42ea308c
15572150ns          258803 1c008794 a0fe9753 flt.s            x14, f29, f15       x14=00000001 f29:00000000 f15:423a84d0
15572170ns          258804 1c008798 24071f63 bne              x14, x0, 606        x14:00000001
15572249ns          258808 1c0089f6 025505b3 mul              x11, x10, x5        x11=00000016 x10:00000002  x5:0000000b
15572269ns          258809 1c0089fa 5807f853 fsqrt.s          f16, f15            f16=xxxxxxxx f15:423a84d0
15572826ns          258837 1c0089fe ff858b93 addi             x23, x11, -8        x23=xxxxxxxx x11:00000016
15573085ns          258850 1c008a02 0108a023 sw               x16, 0(x17)         x16:40da83d8 x17:10001e90  PA:10001e90
15573105ns          258851 1c008a06 00250a13 addi             x20, x10, 2         x20=00000004 x10:00000002
15573124ns          258852 1c008a0a 00158593 addi             x11, x11, 1         x11=00000017 x11:00000016
15573144ns          258853 1c008a0c 054bcc63 blt              x23, x20, 88        x23:0000000e x20:00000004
15573184ns          258855 1c008a10 00251a93 slli             x21, x10, 0x2       x21=00000008 x10:00000002
15573224ns          258857 1c008a14 03350b33 mul              x22, x10, x19       x22=fffffff8 x10:00000002 x19:fffffffc
15573244ns          258858 1c008a18 00010793 addi             x15, x2, 0          x15=10001e38  x2:10001e38
15573264ns          258859 1c008a1c 00fa8ab3 add              x21, x21, x15       x21=10001e40 x21:00000008 x15:10001e38
15573284ns          258860 1c008a1e 40a90c33 sub              x24, x18, x10       x24=00000006 x18:00000008 x10:00000002
15573303ns          258861 1c008a22 028b0b13 addi             x22, x22, 40        x22=00000020 x22:fffffff8
15573323ns          258862 1c008a26 000aa083 lw               x1, 0(x21)           x1=4129a14a x21:10001e40  PA:10001e40
15573343ns          258863 1c008a2a 014c07b3 add              x15, x24, x20       x15=0000000a x24:00000006 x20:00000004
15573363ns          258864 1c008a2e 201090d3 fsgnjn.s         f1, f1, f1           f1=xxxxxxxx  f1:4129a14a  f1:4129a14a
15573383ns          258865 1c008a32 0347c463 blt              x15, x20, 40        x15:0000000a x20:00000004
15573403ns          258866 1c008a36 ff8b0713 addi             x14, x22, -8        x14=00000018 x22:00000020
15573423ns          258867 1c008a3a 00275713 srli             x14, x14, 0x2       x14=00000006 x14:00000018
15573443ns          258868 1c008a3c 00488693 addi             x13, x17, 4         x13=10001e94 x17:10001e90
15573463ns          258869 1c008a40 004a8613 addi             x12, x21, 4         x12=10001e44 x21:10001e40
15573482ns          258870 1c008a44 00170713 addi             x14, x14, 1         x14=00000007 x14:00000006
15573502ns          258871 1c008a46 008740fb lp.setup         0x1, x14, 0x8       x14:00000007
15573522ns          258872 1c008a4a 0006ac83 lw               x25, 0(x13)         x25=431514a2 x13:10001e94  PA:10001e94
15573542ns          258873 1c008a4e 0046278b p.lw             x15, 4(x12!)        x15=41613bbf x12=10001e48 x12:10001e44  PA:10001e44
15573582ns          258875 1c008a52 c817f7c3 fmadd.s          f15, f15, f1, f25   f15=xxxxxxxx f15:41613bbf  f1:c129a14a f25:431514a2
15573602ns          258876 1c008a56 00f6a22b p.sw             x15, 4(x13!)        x13=10001e98 x15:be26db16 x13:10001e94  PA:10001e94
15573642ns          258878 1c008a4a 0006ac83 lw               x25, 0(x13)         x25=430e9b48 x13:10001e98  PA:10001e98
15573662ns          258879 1c008a4e 0046278b p.lw             x15, 4(x12!)        x15=4185895a x12=10001e4c x12:10001e48  PA:10001e48
15573701ns          258881 1c008a52 c817f7c3 fmadd.s          f15, f15, f1, f25   f15=xxxxxxxx f15:4185895a  f1:c129a14a f25:430e9b48
15573721ns          258882 1c008a56 00f6a22b p.sw             x15, 4(x13!)        x13=10001e9c x15:c2097153 x13:10001e98  PA:10001e98
15573741ns          258883 1c008a4a 0006ac83 lw               x25, 0(x13)         x25=42d07a42 x13:10001e9c  PA:10001e9c
15573761ns          258884 1c008a4e 0046278b p.lw             x15, 4(x12!)        x15=415feae3 x12=10001e50 x12:10001e4c  PA:10001e4c
15573801ns          258886 1c008a52 c817f7c3 fmadd.s          f15, f15, f1, f25   f15=xxxxxxxx f15:415feae3  f1:c129a14a f25:42d07a42
15573821ns          258887 1c008a56 00f6a22b p.sw             x15, 4(x13!)        x13=10001ea0 x15:c2308809 x13:10001e9c  PA:10001e9c
15573841ns          258888 1c008a4a 0006ac83 lw               x25, 0(x13)         x25=42ac2f3b x13:10001ea0  PA:10001ea0
15573860ns          258889 1c008a4e 0046278b p.lw             x15, 4(x12!)        x15=411f655f x12=10001e54 x12:10001e50  PA:10001e50
15573900ns          258891 1c008a52 c817f7c3 fmadd.s          f15, f15, f1, f25   f15=xxxxxxxx f15:411f655f  f1:c129a14a f25:42ac2f3b
15573920ns          258892 1c008a56 00f6a22b p.sw             x15, 4(x13!)        x13=10001ea4 x15:c19c35d8 x13:10001ea0  PA:10001ea0
15573940ns          258893 1c008a4a 0006ac83 lw               x25, 0(x13)         x25=430cc3d3 x13:10001ea4  PA:10001ea4
15573960ns          258894 1c008a4e 0046278b p.lw             x15, 4(x12!)        x15=413d0868 x12=10001e58 x12:10001e54  PA:10001e54
15574000ns          258896 1c008a52 c817f7c3 fmadd.s          f15, f15, f1, f25   f15=xxxxxxxx f15:413d0868  f1:c129a14a f25:430cc3d3
15574020ns          258897 1c008a56 00f6a22b p.sw             x15, 4(x13!)        x13=10001ea8 x15:417822d7 x13:10001ea4  PA:10001ea4
15574039ns          258898 1c008a4a 0006ac83 lw               x25, 0(x13)         x25=431ed671 x13:10001ea8  PA:10001ea8
15574059ns          258899 1c008a4e 0046278b p.lw             x15, 4(x12!)        x15=4140fcf8 x12=10001e5c x12:10001e58  PA:10001e58
15574099ns          258901 1c008a52 c817f7c3 fmadd.s          f15, f15, f1, f25   f15=xxxxxxxx f15:4140fcf8  f1:c129a14a f25:431ed671
15574119ns          258902 1c008a56 00f6a22b p.sw             x15, 4(x13!)        x13=10001eac x15:41f7aed3 x13:10001ea8  PA:10001ea8
15574139ns          258903 1c008a4a 0006ac83 lw               x25, 0(x13)         x25=42c0bf91 x13:10001eac  PA:10001eac
15574159ns          258904 1c008a4e 0046278b p.lw             x15, 4(x12!)        x15=40cc93a9 x12=10001e60 x12:10001e5c  PA:10001e5c
15574199ns          258906 1c008a52 c817f7c3 fmadd.s          f15, f15, f1, f25   f15=xxxxxxxx f15:40cc93a9  f1:c129a14a f25:42c0bf91
15574218ns          258907 1c008a56 00f6a22b p.sw             x15, 4(x13!)        x13=10001eb0 x15:41e4c4ca x13:10001eac  PA:10001eac
15574238ns          258908 1c008a5a 00aa0a13 addi             x20, x20, 10        x20=0000000e x20:00000004
15574258ns          258909 1c008a5c 028a8a93 addi             x21, x21, 40        x21=10001e68 x21:10001e40
15574278ns          258910 1c008a60 fd4bd3e3 bge              x23, x20, -58       x23:0000000e x20:0000000e
15574358ns          258914 1c008a26 000aa083 lw               x1, 0(x21)           x1=c00aacd4 x21:10001e68  PA:10001e68
15574378ns          258915 1c008a2a 014c07b3 add              x15, x24, x20       x15=00000014 x24:00000006 x20:0000000e
15574397ns          258916 1c008a2e 201090d3 fsgnjn.s         f1, f1, f1           f1=xxxxxxxx  f1:c00aacd4  f1:c00aacd4
15574417ns          258917 1c008a32 0347c463 blt              x15, x20, 40        x15:00000014 x20:0000000e
15574437ns          258918 1c008a36 ff8b0713 addi             x14, x22, -8        x14=00000018 x22:00000020
15574457ns          258919 1c008a3a 00275713 srli             x14, x14, 0x2       x14=00000006 x14:00000018
15574477ns          258920 1c008a3c 00488693 addi             x13, x17, 4         x13=10001e94 x17:10001e90
15574497ns          258921 1c008a40 004a8613 addi             x12, x21, 4         x12=10001e6c x21:10001e68
15574517ns          258922 1c008a44 00170713 addi             x14, x14, 1         x14=00000007 x14:00000006
15574537ns          258923 1c008a46 008740fb lp.setup         0x1, x14, 0x8       x14:00000007
15574557ns          258924 1c008a4a 0006ac83 lw               x25, 0(x13)         x25=be26db16 x13:10001e94  PA:10001e94
15574576ns          258925 1c008a4e 0046278b p.lw             x15, 4(x12!)        x15=40287ae6 x12=10001e70 x12:10001e6c  PA:10001e6c
15574616ns          258927 1c008a52 c817f7c3 fmadd.s          f15, f15, f1, f25   f15=xxxxxxxx f15:40287ae6  f1:400aacd4 f25:be26db16
15574636ns          258928 1c008a56 00f6a22b p.sw             x15, 4(x13!)        x13=10001e98 x15:40b15123 x13:10001e94  PA:10001e94
15574676ns          258930 1c008a4a 0006ac83 lw               x25, 0(x13)         x25=c2097153 x13:10001e98  PA:10001e98
15574696ns          258931 1c008a4e 0046278b p.lw             x15, 4(x12!)        x15=403e8b03 x12=10001e74 x12:10001e70  PA:10001e70
15574736ns          258933 1c008a52 c817f7c3 fmadd.s          f15, f15, f1, f25   f15=xxxxxxxx f15:403e8b03  f1:400aacd4 f25:c2097153
15574755ns          258934 1c008a56 00f6a22b p.sw             x15, 4(x13!)        x13=10001e9c x15:c1df46dd x13:10001e98  PA:10001e98
15574775ns          258935 1c008a4a 0006ac83 lw               x25, 0(x13)         x25=c2308809 x13:10001e9c  PA:10001e9c
15574795ns          258936 1c008a4e 0046278b p.lw             x15, 4(x12!)        x15=40b68cd0 x12=10001e78 x12:10001e74  PA:10001e74
15574835ns          258938 1c008a52 c817f7c3 fmadd.s          f15, f15, f1, f25   f15=xxxxxxxx f15:40b68cd0  f1:400aacd4 f25:c2308809
15574855ns          258939 1c008a56 00f6a22b p.sw             x15, 4(x13!)        x13=10001ea0 x15:c1fe2cec x13:10001e9c  PA:10001e9c
15574875ns          258940 1c008a4a 0006ac83 lw               x25, 0(x13)         x25=c19c35d8 x13:10001ea0  PA:10001ea0
15574895ns          258941 1c008a4e 0046278b p.lw             x15, 4(x12!)        x15=409f18e9 x12=10001e7c x12:10001e78  PA:10001e78
15574935ns          258943 1c008a52 c817f7c3 fmadd.s          f15, f15, f1, f25   f15=xxxxxxxx f15:409f18e9  f1:400aacd4 f25:c19c35d8
15574954ns          258944 1c008a56 00f6a22b p.sw             x15, 4(x13!)        x13=10001ea4 x15:c10c0e04 x13:10001ea0  PA:10001ea0
15574974ns          258945 1c008a4a 0006ac83 lw               x25, 0(x13)         x25=417822d7 x13:10001ea4  PA:10001ea4
15574994ns          258946 1c008a4e 0046278b p.lw             x15, 4(x12!)        x15=4103cc6b x12=10001e80 x12:10001e7c  PA:10001e7c
15575034ns          258948 1c008a52 c817f7c3 fmadd.s          f15, f15, f1, f25   f15=xxxxxxxx f15:4103cc6b  f1:400aacd4 f25:417822d7
15575054ns          258949 1c008a56 00f6a22b p.sw             x15, 4(x13!)        x13=10001ea8 x15:42056de2 x13:10001ea4  PA:10001ea4
15575074ns          258950 1c008a4a 0006ac83 lw               x25, 0(x13)         x25=41f7aed3 x13:10001ea8  PA:10001ea8
15575094ns          258951 1c008a4e 0046278b p.lw             x15, 4(x12!)        x15=401b71f7 x12=10001e84 x12:10001e80  PA:10001e80
15575133ns          258953 1c008a52 c817f7c3 fmadd.s          f15, f15, f1, f25   f15=xxxxxxxx f15:401b71f7  f1:400aacd4 f25:41f7aed3
15575153ns          258954 1c008a56 00f6a22b p.sw             x15, 4(x13!)        x13=10001eac x15:4210e482 x13:10001ea8  PA:10001ea8
15575173ns          258955 1c008a4a 0006ac83 lw               x25, 0(x13)         x25=41e4c4ca x13:10001eac  PA:10001eac
15575193ns          258956 1c008a4e 0046278b p.lw             x15, 4(x12!)        x15=3ea3106b x12=10001e88 x12:10001e84  PA:10001e84
15575233ns          258958 1c008a52 c817f7c3 fmadd.s          f15, f15, f1, f25   f15=xxxxxxxx f15:3ea3106b  f1:400aacd4 f25:41e4c4ca
15575253ns          258959 1c008a56 00f6a22b p.sw             x15, 4(x13!)        x13=10001eb0 x15:41ea4a19 x13:10001eac  PA:10001eac
15575273ns          258960 1c008a5a 00aa0a13 addi             x20, x20, 10        x20=00000018 x20:0000000e
15575293ns          258961 1c008a5c 028a8a93 addi             x21, x21, 40        x21=10001e90 x21:10001e68
15575312ns          258962 1c008a60 fd4bd3e3 bge              x23, x20, -58       x23:0000000e x20:00000018
15575332ns          258963 1c008a64 00150513 addi             x10, x10, 1         x10=00000003 x10:00000002
15575352ns          258964 1c008a66 027507b3 mul              x15, x10, x7        x15=40b15123 x10:00000003  x7:0000000a
15575372ns          258965 1c008a6a 190ff853 fdiv.s           f16, f31, f16       f16=xxxxxxxx f31:3f800000 f16:40da83d8
15575432ns          258968 1c008a6e d6f5cbe3 blt              x11, x15, -650      x11:00000017 x15:0000001e
15575491ns          258971 1c0087e4 00158693 addi             x13, x11, 1         x13=xxxxxxxx x11:00000017
15575511ns          258972 1c0087e8 00488713 addi             x14, x17, 4         x14=xxxxxxxx x17:10001e90
15575531ns          258973 1c0087ec 40b785b3 sub              x11, x15, x11       x11=xxxxxxxx x15:0000001e x11:00000017
15575551ns          258974 1c0087f0 3ad7c463 blt              x15, x13, 936       x15:0000001e x13:00000018
15575571ns          258975 1c0087f4 800006b7 lui              x13, 0x80000000     x13=xxxxxxxx
15575591ns          258976 1c0087f8 3ad78063 beq              x15, x13, 928       x15:0000001e x13:80000000
15575611ns          258977 1c0087fc 0055c0fb lp.setup         0x1, x11, 0x5       x11:00000007  PA:10001e94
15575631ns          258978 1c008800 00072783 lw               x15, 0(x14)         x15=xxxxxxxx x14:10001e94
15575690ns          258981 1c008802 1107f7d3 fmul.s           f15, f15, f16       f15=xxxxxxxx f15:40b15123 f16:3e15f529
15575710ns          258982 1c008806 00f7222b p.sw             x15, 4(x14!)        x14=10001e98 x15:3f4fbc11 x14:10001e94  PA:10001e94
15575730ns          258983 1c008800 00072783 lw               x15, 0(x14)         x15=xxxxxxxx x14:10001e98  PA:10001e98
15575770ns          258985 1c008802 1107f7d3 fmul.s           f15, f15, f16       f15=xxxxxxxx f15:c1df46dd f16:3e15f529
15575790ns          258986 1c008806 00f7222b p.sw             x15, 4(x14!)        x14=10001e9c x15:c082ca11 x14:10001e98  PA:10001e98
15575810ns          258987 1c008800 00072783 lw               x15, 0(x14)         x15=42056de2 x14:10001e9c  PA:10001e9c
15575849ns          258989 1c008802 1107f7d3 fmul.s           f15, f15, f16       f15=xxxxxxxx f15:c1fe2cec f16:3e15f529
15575869ns          258990 1c008806 00f7222b p.sw             x15, 4(x14!)        x14=10001ea0 x15:c094e38f x14:10001e9c  PA:10001e9c
15575889ns          258991 1c008800 00072783 lw               x15, 0(x14)         x15=xxxxxxxx x14:10001ea0  PA:10001ea0
15575929ns          258993 1c008802 1107f7d3 fmul.s           f15, f15, f16       f15=xxxxxxxx f15:c10c0e04 f16:3e15f529
15575949ns          258994 1c008806 00f7222b p.sw             x15, 4(x14!)        x14=10001ea4 x15:bfa41490 x14:10001ea0  PA:10001ea0
15575969ns          258995 1c008800 00072783 lw               x15, 0(x14)         x15=xxxxxxxx x14:10001ea4  PA:10001ea4
15576009ns          258997 1c008802 1107f7d3 fmul.s           f15, f15, f16       f15=xxxxxxxx f15:42056de2 f16:3e15f529
15576029ns          258998 1c008806 00f7222b p.sw             x15, 4(x14!)        x14=10001ea8 x15:409c5178 x14:10001ea4  PA:10001ea4
15576048ns          258999 1c008800 00072783 lw               x15, 0(x14)         x15=xxxxxxxx x14:10001ea8  PA:10001ea8
15576088ns          259001 1c008802 1107f7d3 fmul.s           f15, f15, f16       f15=xxxxxxxx f15:4210e482 f16:3e15f529
15576108ns          259002 1c008806 00f7222b p.sw             x15, 4(x14!)        x14=10001eac x15:40a9bf83 x14:10001ea8  PA:10001ea8
15576128ns          259003 1c008800 00072783 lw               x15, 0(x14)         x15=xxxxxxxx x14:10001eac  PA:10001eac
15576168ns          259005 1c008802 1107f7d3 fmul.s           f15, f15, f16       f15=xxxxxxxx f15:41ea4a19 f16:3e15f529
15576188ns          259006 1c008806 00f7222b p.sw             x15, 4(x14!)        x14=10001eb0 x15:40893d7f x14:10001eac  PA:10001eac
15576208ns          259007 1c00880a 00be0e13 addi             x28, x28, 11        x28=00000021 x28:00000016
15576227ns          259008 1c00880c 02c88893 addi             x17, x17, 44        x17=10001ebc x17:10001e90
15576247ns          259009 1c008810 00430313 addi             x6, x6, 4            x6=10001e44  x6:10001e40
15576267ns          259010 1c008812 c6a53be3 p.bneimm         x10, -906           x10:00000003
15576327ns          259013 1c008488 32050f63 beq              x10, x0, 830        x10:00000003
15576347ns          259014 1c00848c 00032783 lw               x15, 0(x6)          x15=xxxxxxxx  x6:10001e44  PA:10001e44
15576387ns          259016 1c008490 e8f7f7c3 fmadd.s          f15, f15, f15, f29  f15=xxxxxxxx f15:41613bbf f15:41613bbf f29:00000000
15576406ns          259017 1c008494 2e152c63 p.beqimm         x10, 760            x10:00000003
15576426ns          259018 1c008498 02832703 lw               x14, 40(x6)         x14=40287ae6  x6:10001e44  PA:10001e6c
15576466ns          259020 1c00849c 78e777c3 fmadd.s          f15, f14, f14, f15  f15=xxxxxxxx f14:40287ae6 f14:40287ae6 f15:43462a14
15576486ns          259021 1c0084a0 2e252663 p.beqimm         x10, 748            x10:00000003
15576506ns          259022 1c0084a4 05032703 lw               x14, 80(x6)         x14=3f4fbc11  x6:10001e44  PA:10001e94
15576546ns          259024 1c0084a8 78e777c3 fmadd.s          f15, f14, f14, f15  f15=xxxxxxxx f14:3f4fbc11 f14:3f4fbc11 f15:434d182d
15576566ns          259025 1c0084ac 2e352063 p.beqimm         x10, 736            x10:00000003
15576625ns          259028 1c00878c 0008a803 lw               x16, 0(x17)         x16=4387a9e9 x17:10001ebc  PA:10001ebc
15576685ns          259031 1c008790 08f877d3 fsub.s           f15, f16, f15       f15=xxxxxxxx f16:4387a9e9 f15:434dc0bf
15576725ns          259033 1c008794 a0fe9753 flt.s            x14, f29, f15       x14=00000001 f29:00000000 f15:42832626
15576745ns          259034 1c008798 24071f63 bne              x14, x0, 606        x14:00000001
15576824ns          259038 1c0089f6 025505b3 mul              x11, x10, x5        x11=00000021 x10:00000003  x5:0000000b
15576844ns          259039 1c0089fa 5807f853 fsqrt.s          f16, f15            f16=xxxxxxxx f15:42832626
15577500ns          259072 1c0089fe ff858b93 addi             x23, x11, -8        x23=xxxxxxxx x11:00000021
15577759ns          259085 1c008a02 0108a023 sw               x16, 0(x17)         x16:410190a0 x17:10001ebc  PA:10001ebc
15577779ns          259086 1c008a06 00250a13 addi             x20, x10, 2         x20=00000005 x10:00000003
15577799ns          259087 1c008a0a 00158593 addi             x11, x11, 1         x11=00000022 x11:00000021
15577819ns          259088 1c008a0c 054bcc63 blt              x23, x20, 88        x23:00000019 x20:00000005
15577839ns          259089 1c008a10 00251a93 slli             x21, x10, 0x2       x21=0000000c x10:00000003
15577858ns          259090 1c008a14 03350b33 mul              x22, x10, x19       x22=fffffff4 x10:00000003 x19:fffffffc
15577878ns          259091 1c008a18 00010793 addi             x15, x2, 0          x15=10001e38  x2:10001e38
15577898ns          259092 1c008a1c 00fa8ab3 add              x21, x21, x15       x21=10001e44 x21:0000000c x15:10001e38
15577918ns          259093 1c008a1e 40a90c33 sub              x24, x18, x10       x24=00000005 x18:00000008 x10:00000003
15577938ns          259094 1c008a22 028b0b13 addi             x22, x22, 40        x22=0000001c x22:fffffff4
15577958ns          259095 1c008a26 000aa083 lw               x1, 0(x21)           x1=xxxxxxxx x21:10001e44  PA:10001e44
15577978ns          259096 1c008a2a 014c07b3 add              x15, x24, x20       x15=0000000a x24:00000005 x20:00000005
15577998ns          259097 1c008a2e 201090d3 fsgnjn.s         f1, f1, f1           f1=xxxxxxxx  f1:41613bbf  f1:41613bbf
15578018ns          259098 1c008a32 0347c463 blt              x15, x20, 40        x15:0000000a x20:00000005
15578037ns          259099 1c008a36 ff8b0713 addi             x14, x22, -8        x14=00000014 x22:0000001c
15578057ns          259100 1c008a3a 00275713 srli             x14, x14, 0x2       x14=00000005 x14:00000014
15578077ns          259101 1c008a3c 00488693 addi             x13, x17, 4         x13=10001ec0 x17:10001ebc
15578097ns          259102 1c008a40 004a8613 addi             x12, x21, 4         x12=10001e48 x21:10001e44
15578117ns          259103 1c008a44 00170713 addi             x14, x14, 1         x14=00000006 x14:00000005
15578137ns          259104 1c008a46 008740fb lp.setup         0x1, x14, 0x8       x14:00000006
15578157ns          259105 1c008a4a 0006ac83 lw               x25, 0(x13)         x25=xxxxxxxx x13:10001ec0  PA:10001ec0
15578177ns          259106 1c008a4e 0046278b p.lw             x15, 4(x12!)        x15=xxxxxxxx x12=10001e4c x12:10001e48  PA:10001e48
15578216ns          259108 1c008a52 c817f7c3 fmadd.s          f15, f15, f1, f25   f15=xxxxxxxx f15:4185895a  f1:c1613bbf f25:4379a4f9
15578236ns          259109 1c008a56 00f6a22b p.sw             x15, 4(x13!)        x13=10001ec4 x15:416ab344 x13:10001ec0  PA:10001ec0
15578256ns          259110 1c008a4a 0006ac83 lw               x25, 0(x13)         x25=4385c07d x13:10001ec4  PA:10001ec4
15578276ns          259111 1c008a4e 0046278b p.lw             x15, 4(x12!)        x15=415feae3 x12=10001e50 x12:10001e4c  PA:10001e4c
15578316ns          259113 1c008a52 c817f7c3 fmadd.s          f15, f15, f1, f25   f15=xxxxxxxx f15:415feae3  f1:c1613bbf f25:4385c07d
15578336ns          259114 1c008a56 00f6a22b p.sw             x15, 4(x13!)        x13=10001ec8 x15:428cfe8d x13:10001ec4  PA:10001ec4
15578356ns          259115 1c008a4a 0006ac83 lw               x25, 0(x13)         x25=4350ca48 x13:10001ec8  PA:10001ec8
15578376ns          259116 1c008a4e 0046278b p.lw             x15, 4(x12!)        x15=411f655f x12=10001e54 x12:10001e50  PA:10001e50
15578415ns          259118 1c008a52 c817f7c3 fmadd.s          f15, f15, f1, f25   f15=xxxxxxxx f15:411f655f  f1:c1613bbf f25:4350ca48
15578435ns          259119 1c008a56 00f6a22b p.sw             x15, 4(x13!)        x13=10001ecc x15:428919f8 x13:10001ec8  PA:10001ec8
15578455ns          259120 1c008a4a 0006ac83 lw               x25, 0(x13)         x25=4320b126 x13:10001ecc  PA:10001ecc
15578475ns          259121 1c008a4e 0046278b p.lw             x15, 4(x12!)        x15=413d0868 x12=10001e58 x12:10001e54  PA:10001e54
15578515ns          259123 1c008a52 c817f7c3 fmadd.s          f15, f15, f1, f25   f15=xxxxxxxx f15:413d0868  f1:c1613bbf f25:4320b126
15578535ns          259124 1c008a56 00f6a22b p.sw             x15, 4(x13!)        x13=10001ed0 x15:c0b3eb6c x13:10001ecc  PA:10001ecc
15578555ns          259125 1c008a4a 0006ac83 lw               x25, 0(x13)         x25=433b80fa x13:10001ed0  PA:10001ed0
15578575ns          259126 1c008a4e 0046278b p.lw             x15, 4(x12!)        x15=4140fcf8 x12=10001e5c x12:10001e58  PA:10001e58
15578614ns          259128 1c008a52 c817f7c3 fmadd.s          f15, f15, f1, f25   f15=xxxxxxxx f15:4140fcf8  f1:c1613bbf f25:433b80fa
15578634ns          259129 1c008a56 00f6a22b p.sw             x15, 4(x13!)        x13=10001ed4 x15:418dacce x13:10001ed0  PA:10001ed0
15578654ns          259130 1c008a4a 0006ac83 lw               x25, 0(x13)         x25=42b73330 x13:10001ed4  PA:10001ed4
15578674ns          259131 1c008a4e 0046278b p.lw             x15, 4(x12!)        x15=40cc93a9 x12=10001e60 x12:10001e5c  PA:10001e5c
15578714ns          259133 1c008a52 c817f7c3 fmadd.s          f15, f15, f1, f25   f15=xxxxxxxx f15:40cc93a9  f1:c1613bbf f25:42b73330
15578734ns          259134 1c008a56 00f6a22b p.sw             x15, 4(x13!)        x13=10001ed8 x15:3fcd6a73 x13:10001ed4  PA:10001ed4
15578754ns          259135 1c008a5a 00aa0a13 addi             x20, x20, 10        x20=0000000f x20:00000005
15578773ns          259136 1c008a5c 028a8a93 addi             x21, x21, 40        x21=10001e6c x21:10001e44
15578793ns          259137 1c008a60 fd4bd3e3 bge              x23, x20, -58       x23:00000019 x20:0000000f
15578873ns          259141 1c008a26 000aa083 lw               x1, 0(x21)           x1=40287ae6 x21:10001e6c  PA:10001e6c
15578893ns          259142 1c008a2a 014c07b3 add              x15, x24, x20       x15=00000014 x24:00000005 x20:0000000f
15578913ns          259143 1c008a2e 201090d3 fsgnjn.s         f1, f1, f1           f1=xxxxxxxx  f1:40287ae6  f1:40287ae6
15578933ns          259144 1c008a32 0347c463 blt              x15, x20, 40        x15:00000014 x20:0000000f
15578952ns          259145 1c008a36 ff8b0713 addi             x14, x22, -8        x14=00000014 x22:0000001c
15578972ns          259146 1c008a3a 00275713 srli             x14, x14, 0x2       x14=00000005 x14:00000014
15578992ns          259147 1c008a3c 00488693 addi             x13, x17, 4         x13=10001ec0 x17:10001ebc
15579012ns          259148 1c008a40 004a8613 addi             x12, x21, 4         x12=10001e70 x21:10001e6c
15579032ns          259149 1c008a44 00170713 addi             x14, x14, 1         x14=00000006 x14:00000005
15579052ns          259150 1c008a46 008740fb lp.setup         0x1, x14, 0x8       x14:00000006
15579072ns          259151 1c008a4a 0006ac83 lw               x25, 0(x13)         x25=416ab344 x13:10001ec0  PA:10001ec0
15579092ns          259152 1c008a4e 0046278b p.lw             x15, 4(x12!)        x15=403e8b03 x12=10001e74 x12:10001e70  PA:10001e70
15579131ns          259154 1c008a52 c817f7c3 fmadd.s          f15, f15, f1, f25   f15=xxxxxxxx f15:403e8b03  f1:c0287ae6 f25:416ab344
15579151ns          259155 1c008a56 00f6a22b p.sw             x15, 4(x13!)        x13=10001ec4 x15:40da9921 x13:10001ec0  PA:10001ec0
15579191ns          259157 1c008a4a 0006ac83 lw               x25, 0(x13)         x25=428cfe8d x13:10001ec4  PA:10001ec4
15579211ns          259158 1c008a4e 0046278b p.lw             x15, 4(x12!)        x15=40b68cd0 x12=10001e78 x12:10001e74  PA:10001e74
15579251ns          259160 1c008a52 c817f7c3 fmadd.s          f15, f15, f1, f25   f15=xxxxxxxx f15:40b68cd0  f1:c0287ae6 f25:428cfe8d
15579271ns          259161 1c008a56 00f6a22b p.sw             x15, 4(x13!)        x13=10001ec8 x15:425deb14 x13:10001ec4  PA:10001ec4
15579291ns          259162 1c008a4a 0006ac83 lw               x25, 0(x13)         x25=428919f8 x13:10001ec8  PA:10001ec8
15579310ns          259163 1c008a4e 0046278b p.lw             x15, 4(x12!)        x15=409f18e9 x12=10001e7c x12:10001e78  PA:10001e78
15579350ns          259165 1c008a52 c817f7c3 fmadd.s          f15, f15, f1, f25   f15=xxxxxxxx f15:409f18e9  f1:c0287ae6 f25:428919f8
15579370ns          259166 1c008a56 00f6a22b p.sw             x15, 4(x13!)        x13=10001ecc x15:425dd993 x13:10001ec8  PA:10001ec8
15579390ns          259167 1c008a4a 0006ac83 lw               x25, 0(x13)         x25=c0b3eb6c x13:10001ecc  PA:10001ecc
15579410ns          259168 1c008a4e 0046278b p.lw             x15, 4(x12!)        x15=4103cc6b x12=10001e80 x12:10001e7c  PA:10001e7c
15579450ns          259170 1c008a52 c817f7c3 fmadd.s          f15, f15, f1, f25   f15=xxxxxxxx f15:4103cc6b  f1:c0287ae6 f25:c0b3eb6c
15579470ns          259171 1c008a56 00f6a22b p.sw             x15, 4(x13!)        x13=10001ed0 x15:c1da75b3 x13:10001ecc  PA:10001ecc
15579489ns          259172 1c008a4a 0006ac83 lw               x25, 0(x13)         x25=418dacce x13:10001ed0  PA:10001ed0
15579509ns          259173 1c008a4e 0046278b p.lw             x15, 4(x12!)        x15=401b71f7 x12=10001e84 x12:10001e80  PA:10001e80
15579549ns          259175 1c008a52 c817f7c3 fmadd.s          f15, f15, f1, f25   f15=xxxxxxxx f15:401b71f7  f1:c0287ae6 f25:418dacce
15579569ns          259176 1c008a56 00f6a22b p.sw             x15, 4(x13!)        x13=10001ed4 x15:41350c32 x13:10001ed0  PA:10001ed0
15579589ns          259177 1c008a4a 0006ac83 lw               x25, 0(x13)         x25=3fcd6a73 x13:10001ed4  PA:10001ed4
15579609ns          259178 1c008a4e 0046278b p.lw             x15, 4(x12!)        x15=3ea3106b x12=10001e88 x12:10001e84  PA:10001e84
15579649ns          259180 1c008a52 c817f7c3 fmadd.s          f15, f15, f1, f25   f15=xxxxxxxx f15:3ea3106b  f1:c0287ae6 f25:3fcd6a73
15579669ns          259181 1c008a56 00f6a22b p.sw             x15, 4(x13!)        x13=10001ed8 x15:3f4432c9 x13:10001ed4  PA:10001ed4
15579688ns          259182 1c008a5a 00aa0a13 addi             x20, x20, 10        x20=00000019 x20:0000000f
15579708ns          259183 1c008a5c 028a8a93 addi             x21, x21, 40        x21=10001e94 x21:10001e6c
15579728ns          259184 1c008a60 fd4bd3e3 bge              x23, x20, -58       x23:00000019 x20:00000019
15579808ns          259188 1c008a26 000aa083 lw               x1, 0(x21)           x1=3f4fbc11 x21:10001e94  PA:10001e94
15579828ns          259189 1c008a2a 014c07b3 add              x15, x24, x20       x15=0000001e x24:00000005 x20:00000019
15579848ns          259190 1c008a2e 201090d3 fsgnjn.s         f1, f1, f1           f1=xxxxxxxx  f1:3f4fbc11  f1:3f4fbc11
15579867ns          259191 1c008a32 0347c463 blt              x15, x20, 40        x15:0000001e x20:00000019
15579887ns          259192 1c008a36 ff8b0713 addi             x14, x22, -8        x14=00000014 x22:0000001c
15579907ns          259193 1c008a3a 00275713 srli             x14, x14, 0x2       x14=00000005 x14:00000014
15579927ns          259194 1c008a3c 00488693 addi             x13, x17, 4         x13=10001ec0 x17:10001ebc
15579947ns          259195 1c008a40 004a8613 addi             x12, x21, 4         x12=10001e98 x21:10001e94
15579967ns          259196 1c008a44 00170713 addi             x14, x14, 1         x14=00000006 x14:00000005
15579987ns          259197 1c008a46 008740fb lp.setup         0x1, x14, 0x8       x14:00000006
15580007ns          259198 1c008a4a 0006ac83 lw               x25, 0(x13)         x25=40da9921 x13:10001ec0  PA:10001ec0
15580027ns          259199 1c008a4e 0046278b p.lw             x15, 4(x12!)        x15=c082ca11 x12=10001e9c x12:10001e98  PA:10001e98
15580066ns          259201 1c008a52 c817f7c3 fmadd.s          f15, f15, f1, f25   f15=xxxxxxxx f15:c082ca11  f1:bf4fbc11 f25:40da9921
15580086ns          259202 1c008a56 00f6a22b p.sw             x15, 4(x13!)        x13=10001ec4 x15:41225d4d x13:10001ec0  PA:10001ec0
15580126ns          259204 1c008a4a 0006ac83 lw               x25, 0(x13)         x25=425deb14 x13:10001ec4  PA:10001ec4
15580146ns          259205 1c008a4e 0046278b p.lw             x15, 4(x12!)        x15=c094e38f x12=10001ea0 x12:10001e9c  PA:10001e9c
15580186ns          259207 1c008a52 c817f7c3 fmadd.s          f15, f15, f1, f25   f15=xxxxxxxx f15:c094e38f  f1:bf4fbc11 f25:425deb14
15580206ns          259208 1c008a56 00f6a22b p.sw             x15, 4(x13!)        x13=10001ec8 x15:426d0540 x13:10001ec4  PA:10001ec4
15580225ns          259209 1c008a4a 0006ac83 lw               x25, 0(x13)         x25=425dd993 x13:10001ec8  PA:10001ec8
15580245ns          259210 1c008a4e 0046278b p.lw             x15, 4(x12!)        x15=bfa41490 x12=10001ea4 x12:10001ea0  PA:10001ea0
15580285ns          259212 1c008a52 c817f7c3 fmadd.s          f15, f15, f1, f25   f15=xxxxxxxx f15:bfa41490  f1:bf4fbc11 f25:425dd993
15580305ns          259213 1c008a56 00f6a22b p.sw             x15, 4(x13!)        x13=10001ecc x15:426202bc x13:10001ec8  PA:10001ec8
15580325ns          259214 1c008a4a 0006ac83 lw               x25, 0(x13)         x25=c1da75b3 x13:10001ecc  PA:10001ecc
15580345ns          259215 1c008a4e 0046278b p.lw             x15, 4(x12!)        x15=409c5178 x12=10001ea8 x12:10001ea4  PA:10001ea4
15580385ns          259217 1c008a52 c817f7c3 fmadd.s          f15, f15, f1, f25   f15=xxxxxxxx f15:409c5178  f1:bf4fbc11 f25:c1da75b3
15580404ns          259218 1c008a56 00f6a22b p.sw             x15, 4(x13!)        x13=10001ed0 x15:c1fa2be1 x13:10001ecc  PA:10001ecc
15580424ns          259219 1c008a4a 0006ac83 lw               x25, 0(x13)         x25=41350c32 x13:10001ed0  PA:10001ed0
15580444ns          259220 1c008a4e 0046278b p.lw             x15, 4(x12!)        x15=40a9bf83 x12=10001eac x12:10001ea8  PA:10001ea8
15580484ns          259222 1c008a52 c817f7c3 fmadd.s          f15, f15, f1, f25   f15=xxxxxxxx f15:40a9bf83  f1:bf4fbc11 f25:41350c32
15580504ns          259223 1c008a56 00f6a22b p.sw             x15, 4(x13!)        x13=10001ed4 x15:40e059d5 x13:10001ed0  PA:10001ed0
15580524ns          259224 1c008a4a 0006ac83 lw               x25, 0(x13)         x25=3f4432c9 x13:10001ed4  PA:10001ed4
15580544ns          259225 1c008a4e 0046278b p.lw             x15, 4(x12!)        x15=40893d7f x12=10001eb0 x12:10001eac  PA:10001eac
15580583ns          259227 1c008a52 c817f7c3 fmadd.s          f15, f15, f1, f25   f15=xxxxxxxx f15:40893d7f  f1:bf4fbc11 f25:3f4432c9
15580603ns          259228 1c008a56 00f6a22b p.sw             x15, 4(x13!)        x13=10001ed8 x15:c02dae66 x13:10001ed4  PA:10001ed4
15580623ns          259229 1c008a5a 00aa0a13 addi             x20, x20, 10        x20=00000023 x20:00000019
15580643ns          259230 1c008a5c 028a8a93 addi             x21, x21, 40        x21=10001ebc x21:10001e94
15580663ns          259231 1c008a60 fd4bd3e3 bge              x23, x20, -58       x23:00000019 x20:00000023
15580683ns          259232 1c008a64 00150513 addi             x10, x10, 1         x10=00000004 x10:00000003
15580703ns          259233 1c008a66 027507b3 mul              x15, x10, x7        x15=41225d4d x10:00000004  x7:0000000a
15580723ns          259234 1c008a6a 190ff853 fdiv.s           f16, f31, f16       f16=xxxxxxxx f31:3f800000 f16:410190a0
15580763ns          259236 1c008a6e d6f5cbe3 blt              x11, x15, -650      x11:00000022 x15:00000028
15580822ns          259239 1c0087e4 00158693 addi             x13, x11, 1         x13=xxxxxxxx x11:00000022
15580842ns          259240 1c0087e8 00488713 addi             x14, x17, 4         x14=xxxxxxxx x17:10001ebc
15580862ns          259241 1c0087ec 40b785b3 sub              x11, x15, x11       x11=xxxxxxxx x15:00000028 x11:00000022
15580882ns          259242 1c0087f0 3ad7c463 blt              x15, x13, 936       x15:00000028 x13:00000023
15580902ns          259243 1c0087f4 800006b7 lui              x13, 0x80000000     x13=xxxxxxxx
15580922ns          259244 1c0087f8 3ad78063 beq              x15, x13, 928       x15:00000028 x13:80000000
15580942ns          259245 1c0087fc 0055c0fb lp.setup         0x1, x11, 0x5       x11:00000006  PA:10001ec0
15580961ns          259246 1c008800 00072783 lw               x15, 0(x14)         x15=xxxxxxxx x14:10001ec0
15581021ns          259249 1c008802 1107f7d3 fmul.s           f15, f15, f16       f15=xxxxxxxx f15:41225d4d f16:3dfce86e
15581041ns          259250 1c008806 00f7222b p.sw             x15, 4(x14!)        x14=10001ec4 x15:3fa06742 x14:10001ec0  PA:10001ec0
15581061ns          259251 1c008800 00072783 lw               x15, 0(x14)         x15=xxxxxxxx x14:10001ec4  PA:10001ec4
15581101ns          259253 1c008802 1107f7d3 fmul.s           f15, f15, f16       f15=xxxxxxxx f15:426d0540 f16:3dfce86e
15581121ns          259254 1c008806 00f7222b p.sw             x15, 4(x14!)        x14=10001ec8 x15:40ea285e x14:10001ec4  PA:10001ec4
15581140ns          259255 1c008800 00072783 lw               x15, 0(x14)         x15=40e059d5 x14:10001ec8  PA:10001ec8
15581180ns          259257 1c008802 1107f7d3 fmul.s           f15, f15, f16       f15=xxxxxxxx f15:426202bc f16:3dfce86e
15581200ns          259258 1c008806 00f7222b p.sw             x15, 4(x14!)        x14=10001ecc x15:40df47e5 x14:10001ec8  PA:10001ec8
15581220ns          259259 1c008800 00072783 lw               x15, 0(x14)         x15=xxxxxxxx x14:10001ecc  PA:10001ecc
15581260ns          259261 1c008802 1107f7d3 fmul.s           f15, f15, f16       f15=xxxxxxxx f15:c1fa2be1 f16:3dfce86e
15581280ns          259262 1c008806 00f7222b p.sw             x15, 4(x14!)        x14=10001ed0 x15:c0772655 x14:10001ecc  PA:10001ecc
15581300ns          259263 1c008800 00072783 lw               x15, 0(x14)         x15=xxxxxxxx x14:10001ed0  PA:10001ed0
15581339ns          259265 1c008802 1107f7d3 fmul.s           f15, f15, f16       f15=xxxxxxxx f15:40e059d5 f16:3dfce86e
15581359ns          259266 1c008806 00f7222b p.sw             x15, 4(x14!)        x14=10001ed4 x15:3f5da41f x14:10001ed0  PA:10001ed0
15581379ns          259267 1c008800 00072783 lw               x15, 0(x14)         x15=xxxxxxxx x14:10001ed4  PA:10001ed4
15581419ns          259269 1c008802 1107f7d3 fmul.s           f15, f15, f16       f15=xxxxxxxx f15:c02dae66 f16:3dfce86e
15581439ns          259270 1c008806 00f7222b p.sw             x15, 4(x14!)        x14=10001ed8 x15:beab955d x14:10001ed4  PA:10001ed4
15581459ns          259271 1c00880a 00be0e13 addi             x28, x28, 11        x28=0000002c x28:00000021
15581479ns          259272 1c00880c 02c88893 addi             x17, x17, 44        x17=10001ee8 x17:10001ebc
15581498ns          259273 1c008810 00430313 addi             x6, x6, 4            x6=10001e48  x6:10001e44
15581518ns          259274 1c008812 c6a53be3 p.bneimm         x10, -906           x10:00000004
15581578ns          259277 1c008488 32050f63 beq              x10, x0, 830        x10:00000004
15581598ns          259278 1c00848c 00032783 lw               x15, 0(x6)          x15=xxxxxxxx  x6:10001e48  PA:10001e48
15581658ns          259281 1c008490 e8f7f7c3 fmadd.s          f15, f15, f15, f29  f15=xxxxxxxx f15:4185895a f15:4185895a f29:00000000
15581697ns          259283 1c008494 2e152c63 p.beqimm         x10, 760            x10:00000004
15581717ns          259284 1c008498 02832703 lw               x14, 40(x6)         x14=403e8b03  x6:10001e48  PA:10001e70
15581757ns          259286 1c00849c 78e777c3 fmadd.s          f15, f14, f14, f15  f15=xxxxxxxx f14:403e8b03 f14:403e8b03 f15:438b5002
15581777ns          259287 1c0084a0 2e252663 p.beqimm         x10, 748            x10:00000004
15581797ns          259288 1c0084a4 05032703 lw               x14, 80(x6)         x14=c082ca11  x6:10001e48  PA:10001e98
15581837ns          259290 1c0084a8 78e777c3 fmadd.s          f15, f14, f14, f15  f15=xxxxxxxx f14:c082ca11 f14:c082ca11 f15:438fbe97
15581856ns          259291 1c0084ac 2e352063 p.beqimm         x10, 736            x10:00000004
15581876ns          259292 1c0084b0 07832703 lw               x14, 120(x6)        x14=3fa06742  x6:10001e48  PA:10001ec0
15581916ns          259294 1c0084b4 78e777c3 fmadd.s          f15, f14, f14, f15  f15=xxxxxxxx f14:3fa06742 f14:3fa06742 f15:439818d2
15581936ns          259295 1c0084b8 2c452a63 p.beqimm         x10, 724            x10:00000004
15581996ns          259298 1c00878c 0008a803 lw               x16, 0(x17)         x16=43a7b0e1 x17:10001ee8  PA:10001ee8
15582036ns          259300 1c008790 08f877d3 fsub.s           f15, f16, f15       f15=xxxxxxxx f16:43a7b0e1 f15:4398e1d4
15582055ns          259301 1c008794 a0fe9753 flt.s            x14, f29, f15       x14=00000001 f29:00000000 f15:41ecf0d0
15582075ns          259302 1c008798 24071f63 bne              x14, x0, 606        x14:00000001
15582155ns          259306 1c0089f6 025505b3 mul              x11, x10, x5        x11=0000002c x10:00000004  x5:0000000b
15582175ns          259307 1c0089fa 5807f853 fsqrt.s          f16, f15            f16=xxxxxxxx f15:41ecf0d0
15582811ns          259339 1c0089fe ff858b93 addi             x23, x11, -8        x23=xxxxxxxx x11:0000002c
15583070ns          259352 1c008a02 0108a023 sw               x16, 0(x17)         x16:40ae2689 x17:10001ee8  PA:10001ee8
15583090ns          259353 1c008a06 00250a13 addi             x20, x10, 2         x20=00000006 x10:00000004
15583110ns          259354 1c008a0a 00158593 addi             x11, x11, 1         x11=0000002d x11:0000002c
15583130ns          259355 1c008a0c 054bcc63 blt              x23, x20, 88        x23:00000024 x20:00000006
15583169ns          259357 1c008a10 00251a93 slli             x21, x10, 0x2       x21=00000010 x10:00000004
15583209ns          259359 1c008a14 03350b33 mul              x22, x10, x19       x22=fffffff0 x10:00000004 x19:fffffffc
15583229ns          259360 1c008a18 00010793 addi             x15, x2, 0          x15=10001e38  x2:10001e38
15583249ns          259361 1c008a1c 00fa8ab3 add              x21, x21, x15       x21=10001e48 x21:00000010 x15:10001e38
15583269ns          259362 1c008a1e 40a90c33 sub              x24, x18, x10       x24=00000004 x18:00000008 x10:00000004
15583289ns          259363 1c008a22 028b0b13 addi             x22, x22, 40        x22=00000018 x22:fffffff0
15583309ns          259364 1c008a26 000aa083 lw               x1, 0(x21)           x1=4185895a x21:10001e48  PA:10001e48
15583328ns          259365 1c008a2a 014c07b3 add              x15, x24, x20       x15=0000000a x24:00000004 x20:00000006
15583348ns          259366 1c008a2e 201090d3 fsgnjn.s         f1, f1, f1           f1=xxxxxxxx  f1:4185895a  f1:4185895a
15583368ns          259367 1c008a32 0347c463 blt              x15, x20, 40        x15:0000000a x20:00000006
15583388ns          259368 1c008a36 ff8b0713 addi             x14, x22, -8        x14=00000010 x22:00000018
15583408ns          259369 1c008a3a 00275713 srli             x14, x14, 0x2       x14=00000004 x14:00000010
15583428ns          259370 1c008a3c 00488693 addi             x13, x17, 4         x13=10001eec x17:10001ee8
15583448ns          259371 1c008a40 004a8613 addi             x12, x21, 4         x12=10001e4c x21:10001e48
15583468ns          259372 1c008a44 00170713 addi             x14, x14, 1         x14=00000005 x14:00000004
15583488ns          259373 1c008a46 008740fb lp.setup         0x1, x14, 0x8       x14:00000005
15583507ns          259374 1c008a4a 0006ac83 lw               x25, 0(x13)         x25=439b2750 x13:10001eec  PA:10001eec
15583527ns          259375 1c008a4e 0046278b p.lw             x15, 4(x12!)        x15=415feae3 x12=10001e50 x12:10001e4c  PA:10001e4c
15583567ns          259377 1c008a52 c817f7c3 fmadd.s          f15, f15, f1, f25   f15=xxxxxxxx f15:415feae3  f1:c185895a f25:439b2750
15583587ns          259378 1c008a56 00f6a22b p.sw             x15, 4(x13!)        x13=10001ef0 x15:42996893 x13:10001eec  PA:10001eec
15583627ns          259380 1c008a4a 0006ac83 lw               x25, 0(x13)         x25=43715e8f x13:10001ef0  PA:10001ef0
15583647ns          259381 1c008a4e 0046278b p.lw             x15, 4(x12!)        x15=411f655f x12=10001e54 x12:10001e50  PA:10001e50
15583686ns          259383 1c008a52 c817f7c3 fmadd.s          f15, f15, f1, f25   f15=xxxxxxxx f15:411f655f  f1:c185895a f25:43715e8f
15583706ns          259384 1c008a56 00f6a22b p.sw             x15, 4(x13!)        x13=10001ef4 x15:4296285f x13:10001ef0  PA:10001ef0
15583726ns          259385 1c008a4a 0006ac83 lw               x25, 0(x13)         x25=43468829 x13:10001ef4  PA:10001ef4
15583746ns          259386 1c008a4e 0046278b p.lw             x15, 4(x12!)        x15=413d0868 x12=10001e58 x12:10001e54  PA:10001e54
15583786ns          259388 1c008a52 c817f7c3 fmadd.s          f15, f15, f1, f25   f15=xxxxxxxx f15:413d0868  f1:c185895a f25:43468829
15583806ns          259389 1c008a56 00f6a22b p.sw             x15, 4(x13!)        x13=10001ef8 x15:3fa94a83 x13:10001ef4  PA:10001ef4
15583826ns          259390 1c008a4a 0006ac83 lw               x25, 0(x13)         x25=433ff542 x13:10001ef8  PA:10001ef8
15583846ns          259391 1c008a4e 0046278b p.lw             x15, 4(x12!)        x15=4140fcf8 x12=10001e5c x12:10001e58  PA:10001e58
15583885ns          259393 1c008a52 c817f7c3 fmadd.s          f15, f15, f1, f25   f15=xxxxxxxx f15:4140fcf8  f1:c185895a f25:433ff542
15583905ns          259394 1c008a56 00f6a22b p.sw             x15, 4(x13!)        x13=10001efc x15:c1160ae2 x13:10001ef8  PA:10001ef8
15583925ns          259395 1c008a4a 0006ac83 lw               x25, 0(x13)         x25=429a072b x13:10001efc  PA:10001efc
15583945ns          259396 1c008a4e 0046278b p.lw             x15, 4(x12!)        x15=40cc93a9 x12=10001e60 x12:10001e5c  PA:10001e5c
15583985ns          259398 1c008a52 c817f7c3 fmadd.s          f15, f15, f1, f25   f15=xxxxxxxx f15:40cc93a9  f1:c185895a f25:429a072b
15584005ns          259399 1c008a56 00f6a22b p.sw             x15, 4(x13!)        x13=10001f00 x15:c1ed9722 x13:10001efc  PA:10001efc
15584025ns          259400 1c008a5a 00aa0a13 addi             x20, x20, 10        x20=00000010 x20:00000006
15584044ns          259401 1c008a5c 028a8a93 addi             x21, x21, 40        x21=10001e70 x21:10001e48
15584064ns          259402 1c008a60 fd4bd3e3 bge              x23, x20, -58       x23:00000024 x20:00000010
15584144ns          259406 1c008a26 000aa083 lw               x1, 0(x21)           x1=403e8b03 x21:10001e70  PA:10001e70
15584164ns          259407 1c008a2a 014c07b3 add              x15, x24, x20       x15=00000014 x24:00000004 x20:00000010
15584184ns          259408 1c008a2e 201090d3 fsgnjn.s         f1, f1, f1           f1=xxxxxxxx  f1:403e8b03  f1:403e8b03
15584204ns          259409 1c008a32 0347c463 blt              x15, x20, 40        x15:00000014 x20:00000010
15584223ns          259410 1c008a36 ff8b0713 addi             x14, x22, -8        x14=00000010 x22:00000018
15584243ns          259411 1c008a3a 00275713 srli             x14, x14, 0x2       x14=00000004 x14:00000010
15584263ns          259412 1c008a3c 00488693 addi             x13, x17, 4         x13=10001eec x17:10001ee8
15584283ns          259413 1c008a40 004a8613 addi             x12, x21, 4         x12=10001e74 x21:10001e70
15584303ns          259414 1c008a44 00170713 addi             x14, x14, 1         x14=00000005 x14:00000004
15584323ns          259415 1c008a46 008740fb lp.setup         0x1, x14, 0x8       x14:00000005
15584343ns          259416 1c008a4a 0006ac83 lw               x25, 0(x13)         x25=42996893 x13:10001eec  PA:10001eec
15584363ns          259417 1c008a4e 0046278b p.lw             x15, 4(x12!)        x15=40b68cd0 x12=10001e78 x12:10001e74  PA:10001e74
15584422ns          259420 1c008a52 c817f7c3 fmadd.s          f15, f15, f1, f25   f15=xxxxxxxx f15:40b68cd0  f1:c03e8b03 f25:42996893
15584442ns          259421 1c008a56 00f6a22b p.sw             x15, 4(x13!)        x13=10001ef0 x15:426ee155 x13:10001eec  PA:10001eec
15584482ns          259423 1c008a4a 0006ac83 lw               x25, 0(x13)         x25=4296285f x13:10001ef0  PA:10001ef0
15584502ns          259424 1c008a4e 0046278b p.lw             x15, 4(x12!)        x15=409f18e9 x12=10001e7c x12:10001e78  PA:10001e78
15584542ns          259426 1c008a52 c817f7c3 fmadd.s          f15, f15, f1, f25   f15=xxxxxxxx f15:409f18e9  f1:c03e8b03 f25:4296285f
15584562ns          259427 1c008a56 00f6a22b p.sw             x15, 4(x13!)        x13=10001ef4 x15:42711b4d x13:10001ef0  PA:10001ef0
15584601ns          259429 1c008a4a 0006ac83 lw               x25, 0(x13)         x25=3fa94a83 x13:10001ef4  PA:10001ef4
15584621ns          259430 1c008a4e 0046278b p.lw             x15, 4(x12!)        x15=4103cc6b x12=10001e80 x12:10001e7c  PA:10001e7c
15584661ns          259432 1c008a52 c817f7c3 fmadd.s          f15, f15, f1, f25   f15=xxxxxxxx f15:4103cc6b  f1:c03e8b03 f25:3fa94a83
15584681ns          259433 1c008a56 00f6a22b p.sw             x15, 4(x13!)        x13=10001ef8 x15:c1b99dea x13:10001ef4  PA:10001ef4
15584701ns          259434 1c008a4a 0006ac83 lw               x25, 0(x13)         x25=c1160ae2 x13:10001ef8  PA:10001ef8
15584721ns          259435 1c008a4e 0046278b p.lw             x15, 4(x12!)        x15=401b71f7 x12=10001e84 x12:10001e80  PA:10001e80
15584761ns          259437 1c008a52 c817f7c3 fmadd.s          f15, f15, f1, f25   f15=xxxxxxxx f15:401b71f7  f1:c03e8b03 f25:c1160ae2
15584780ns          259438 1c008a56 00f6a22b p.sw             x15, 4(x13!)        x13=10001efc x15:c184def0 x13:10001ef8  PA:10001ef8
15584800ns          259439 1c008a4a 0006ac83 lw               x25, 0(x13)         x25=c1ed9722 x13:10001efc  PA:10001efc
15584820ns          259440 1c008a4e 0046278b p.lw             x15, 4(x12!)        x15=3ea3106b x12=10001e88 x12:10001e84  PA:10001e84
15584860ns          259442 1c008a52 c817f7c3 fmadd.s          f15, f15, f1, f25   f15=xxxxxxxx f15:3ea3106b  f1:c03e8b03 f25:c1ed9722
15584880ns          259443 1c008a56 00f6a22b p.sw             x15, 4(x13!)        x13=10001f00 x15:c1f52d0e x13:10001efc  PA:10001efc
15584900ns          259444 1c008a5a 00aa0a13 addi             x20, x20, 10        x20=0000001a x20:00000010
15584920ns          259445 1c008a5c 028a8a93 addi             x21, x21, 40        x21=10001e98 x21:10001e70
15584940ns          259446 1c008a60 fd4bd3e3 bge              x23, x20, -58       x23:00000024 x20:0000001a
15585019ns          259450 1c008a26 000aa083 lw               x1, 0(x21)           x1=c082ca11 x21:10001e98  PA:10001e98
15585039ns          259451 1c008a2a 014c07b3 add              x15, x24, x20       x15=0000001e x24:00000004 x20:0000001a
15585059ns          259452 1c008a2e 201090d3 fsgnjn.s         f1, f1, f1           f1=xxxxxxxx  f1:c082ca11  f1:c082ca11
15585079ns          259453 1c008a32 0347c463 blt              x15, x20, 40        x15:0000001e x20:0000001a
15585099ns          259454 1c008a36 ff8b0713 addi             x14, x22, -8        x14=00000010 x22:00000018
15585119ns          259455 1c008a3a 00275713 srli             x14, x14, 0x2       x14=00000004 x14:00000010
15585138ns          259456 1c008a3c 00488693 addi             x13, x17, 4         x13=10001eec x17:10001ee8
15585158ns          259457 1c008a40 004a8613 addi             x12, x21, 4         x12=10001e9c x21:10001e98
15585178ns          259458 1c008a44 00170713 addi             x14, x14, 1         x14=00000005 x14:00000004
15585198ns          259459 1c008a46 008740fb lp.setup         0x1, x14, 0x8       x14:00000005
15585218ns          259460 1c008a4a 0006ac83 lw               x25, 0(x13)         x25=426ee155 x13:10001eec  PA:10001eec
15585238ns          259461 1c008a4e 0046278b p.lw             x15, 4(x12!)        x15=c094e38f x12=10001ea0 x12:10001e9c  PA:10001e9c
15585278ns          259463 1c008a52 c817f7c3 fmadd.s          f15, f15, f1, f25   f15=xxxxxxxx f15:c094e38f  f1:4082ca11 f25:426ee155
15585298ns          259464 1c008a56 00f6a22b p.sw             x15, 4(x13!)        x13=10001ef0 x15:4222d041 x13:10001eec  PA:10001eec
15585337ns          259466 1c008a4a 0006ac83 lw               x25, 0(x13)         x25=42711b4d x13:10001ef0  PA:10001ef0
15585357ns          259467 1c008a4e 0046278b p.lw             x15, 4(x12!)        x15=bfa41490 x12=10001ea4 x12:10001ea0  PA:10001ea0
15585397ns          259469 1c008a52 c817f7c3 fmadd.s          f15, f15, f1, f25   f15=xxxxxxxx f15:bfa41490  f1:4082ca11 f25:42711b4d
15585417ns          259470 1c008a56 00f6a22b p.sw             x15, 4(x13!)        x13=10001ef4 x15:425c2650 x13:10001ef0  PA:10001ef0
15585437ns          259471 1c008a4a 0006ac83 lw               x25, 0(x13)         x25=c1b99dea x13:10001ef4  PA:10001ef4
15585457ns          259472 1c008a4e 0046278b p.lw             x15, 4(x12!)        x15=409c5178 x12=10001ea8 x12:10001ea4  PA:10001ea4
15585497ns          259474 1c008a52 c817f7c3 fmadd.s          f15, f15, f1, f25   f15=xxxxxxxx f15:409c5178  f1:4082ca11 f25:c1b99dea
15585516ns          259475 1c008a56 00f6a22b p.sw             x15, 4(x13!)        x13=10001ef8 x15:c04f2336 x13:10001ef4  PA:10001ef4
15585536ns          259476 1c008a4a 0006ac83 lw               x25, 0(x13)         x25=c184def0 x13:10001ef8  PA:10001ef8
15585556ns          259477 1c008a4e 0046278b p.lw             x15, 4(x12!)        x15=40a9bf83 x12=10001eac x12:10001ea8  PA:10001ea8
15585596ns          259479 1c008a52 c817f7c3 fmadd.s          f15, f15, f1, f25   f15=xxxxxxxx f15:40a9bf83  f1:4082ca11 f25:c184def0
15585616ns          259480 1c008a56 00f6a22b p.sw             x15, 4(x13!)        x13=10001efc x15:40a24e27 x13:10001ef8  PA:10001ef8
15585636ns          259481 1c008a4a 0006ac83 lw               x25, 0(x13)         x25=c1f52d0e x13:10001efc  PA:10001efc
15585656ns          259482 1c008a4e 0046278b p.lw             x15, 4(x12!)        x15=40893d7f x12=10001eb0 x12:10001eac  PA:10001eac
15585695ns          259484 1c008a52 c817f7c3 fmadd.s          f15, f15, f1, f25   f15=xxxxxxxx f15:40893d7f  f1:4082ca11 f25:c1f52d0e
15585715ns          259485 1c008a56 00f6a22b p.sw             x15, 4(x13!)        x13=10001f00 x15:c151e3e3 x13:10001efc  PA:10001efc
15585735ns          259486 1c008a5a 00aa0a13 addi             x20, x20, 10        x20=00000024 x20:0000001a
15585755ns          259487 1c008a5c 028a8a93 addi             x21, x21, 40        x21=10001ec0 x21:10001e98
15585775ns          259488 1c008a60 fd4bd3e3 bge              x23, x20, -58       x23:00000024 x20:00000024
15585855ns          259492 1c008a26 000aa083 lw               x1, 0(x21)           x1=3fa06742 x21:10001ec0  PA:10001ec0
15585874ns          259493 1c008a2a 014c07b3 add              x15, x24, x20       x15=00000028 x24:00000004 x20:00000024
15585894ns          259494 1c008a2e 201090d3 fsgnjn.s         f1, f1, f1           f1=xxxxxxxx  f1:3fa06742  f1:3fa06742
15585914ns          259495 1c008a32 0347c463 blt              x15, x20, 40        x15:00000028 x20:00000024
15585934ns          259496 1c008a36 ff8b0713 addi             x14, x22, -8        x14=00000010 x22:00000018
15585954ns          259497 1c008a3a 00275713 srli             x14, x14, 0x2       x14=00000004 x14:00000010
15585974ns          259498 1c008a3c 00488693 addi             x13, x17, 4         x13=10001eec x17:10001ee8
15585994ns          259499 1c008a40 004a8613 addi             x12, x21, 4         x12=10001ec4 x21:10001ec0
15586014ns          259500 1c008a44 00170713 addi             x14, x14, 1         x14=00000005 x14:00000004
15586034ns          259501 1c008a46 008740fb lp.setup         0x1, x14, 0x8       x14:00000005
15586053ns          259502 1c008a4a 0006ac83 lw               x25, 0(x13)         x25=4222d041 x13:10001eec  PA:10001eec
15586073ns          259503 1c008a4e 0046278b p.lw             x15, 4(x12!)        x15=40ea285e x12=10001ec8 x12:10001ec4  PA:10001ec4
15586113ns          259505 1c008a52 c817f7c3 fmadd.s          f15, f15, f1, f25   f15=xxxxxxxx f15:40ea285e  f1:bfa06742 f25:4222d041
15586133ns          259506 1c008a56 00f6a22b p.sw             x15, 4(x13!)        x13=10001ef0 x15:41fc44ab x13:10001eec  PA:10001eec
15586173ns          259508 1c008a4a 0006ac83 lw               x25, 0(x13)         x25=425c2650 x13:10001ef0  PA:10001ef0
15586193ns          259509 1c008a4e 0046278b p.lw             x15, 4(x12!)        x15=40df47e5 x12=10001ecc x12:10001ec8  PA:10001ec8
15586232ns          259511 1c008a52 c817f7c3 fmadd.s          f15, f15, f1, f25   f15=xxxxxxxx f15:40df47e5  f1:bfa06742 f25:425c2650
15586252ns          259512 1c008a56 00f6a22b p.sw             x15, 4(x13!)        x13=10001ef4 x15:42392c90 x13:10001ef0  PA:10001ef0
15586292ns          259514 1c008a4a 0006ac83 lw               x25, 0(x13)         x25=c04f2336 x13:10001ef4  PA:10001ef4
15586312ns          259515 1c008a4e 0046278b p.lw             x15, 4(x12!)        x15=c0772655 x12=10001ed0 x12:10001ecc  PA:10001ecc
15586352ns          259517 1c008a52 c817f7c3 fmadd.s          f15, f15, f1, f25   f15=xxxxxxxx f15:c0772655  f1:bfa06742 f25:c04f2336
15586372ns          259518 1c008a56 00f6a22b p.sw             x15, 4(x13!)        x13=10001ef8 x15:3fcd2829 x13:10001ef4  PA:10001ef4
15586411ns          259520 1c008a4a 0006ac83 lw               x25, 0(x13)         x25=40a24e27 x13:10001ef8  PA:10001ef8
15586451ns          259522 1c008a4e 0046278b p.lw             x15, 4(x12!)        x15=3f5da41f x12=10001ed4 x12:10001ed0  PA:10001ed0
15586491ns          259524 1c008a52 c817f7c3 fmadd.s          f15, f15, f1, f25   f15=xxxxxxxx f15:3f5da41f  f1:bfa06742 f25:40a24e27
15586511ns          259525 1c008a56 00f6a22b p.sw             x15, 4(x13!)        x13=10001efc x15:407f2c51 x13:10001ef8  PA:10001ef8
15586551ns          259527 1c008a4a 0006ac83 lw               x25, 0(x13)         x25=c151e3e3 x13:10001efc  PA:10001efc
15586571ns          259528 1c008a4e 0046278b p.lw             x15, 4(x12!)        x15=beab955d x12=10001ed8 x12:10001ed4  PA:10001ed4
15586610ns          259530 1c008a52 c817f7c3 fmadd.s          f15, f15, f1, f25   f15=xxxxxxxx f15:beab955d  f1:bfa06742 f25:c151e3e3
15586630ns          259531 1c008a56 00f6a22b p.sw             x15, 4(x13!)        x13=10001f00 x15:c14b2bba x13:10001efc  PA:10001efc
15586650ns          259532 1c008a5a 00aa0a13 addi             x20, x20, 10        x20=0000002e x20:00000024
15586670ns          259533 1c008a5c 028a8a93 addi             x21, x21, 40        x21=10001ee8 x21:10001ec0
15586690ns          259534 1c008a60 fd4bd3e3 bge              x23, x20, -58       x23:00000024 x20:0000002e
15586710ns          259535 1c008a64 00150513 addi             x10, x10, 1         x10=00000005 x10:00000004
15586730ns          259536 1c008a66 027507b3 mul              x15, x10, x7        x15=41fc44ab x10:00000005  x7:0000000a
15586750ns          259537 1c008a6a 190ff853 fdiv.s           f16, f31, f16       f16=xxxxxxxx f31:3f800000 f16:40ae2689
15586770ns          259538 1c008a6e d6f5cbe3 blt              x11, x15, -650      x11:0000002d x15:00000032
15586829ns          259541 1c0087e4 00158693 addi             x13, x11, 1         x13=xxxxxxxx x11:0000002d
15586849ns          259542 1c0087e8 00488713 addi             x14, x17, 4         x14=xxxxxxxx x17:10001ee8
15586869ns          259543 1c0087ec 40b785b3 sub              x11, x15, x11       x11=xxxxxxxx x15:00000032 x11:0000002d
15586889ns          259544 1c0087f0 3ad7c463 blt              x15, x13, 936       x15:00000032 x13:0000002e
15586909ns          259545 1c0087f4 800006b7 lui              x13, 0x80000000     x13=xxxxxxxx
15586929ns          259546 1c0087f8 3ad78063 beq              x15, x13, 928       x15:00000032 x13:80000000
15586949ns          259547 1c0087fc 0055c0fb lp.setup         0x1, x11, 0x5       x11:00000005  PA:10001eec
15586968ns          259548 1c008800 00072783 lw               x15, 0(x14)         x15=xxxxxxxx x14:10001eec
15587028ns          259551 1c008802 1107f7d3 fmul.s           f15, f15, f16       f15=xxxxxxxx f15:41fc44ab f16:3e3c28b8
15587048ns          259552 1c008806 00f7222b p.sw             x15, 4(x14!)        x14=10001ef0 x15:40b96a8e x14:10001eec  PA:10001eec
15587068ns          259553 1c008800 00072783 lw               x15, 0(x14)         x15=xxxxxxxx x14:10001ef0  PA:10001ef0
15587108ns          259555 1c008802 1107f7d3 fmul.s           f15, f15, f16       f15=xxxxxxxx f15:42392c90 f16:3e3c28b8
15587128ns          259556 1c008806 00f7222b p.sw             x15, 4(x14!)        x14=10001ef4 x15:41081a2e x14:10001ef0  PA:10001ef0
15587147ns          259557 1c008800 00072783 lw               x15, 0(x14)         x15=c14b2bba x14:10001ef4  PA:10001ef4
15587187ns          259559 1c008802 1107f7d3 fmul.s           f15, f15, f16       f15=xxxxxxxx f15:3fcd2829 f16:3e3c28b8
15587207ns          259560 1c008806 00f7222b p.sw             x15, 4(x14!)        x14=10001ef8 x15:3e96ca20 x14:10001ef4  PA:10001ef4
15587227ns          259561 1c008800 00072783 lw               x15, 0(x14)         x15=xxxxxxxx x14:10001ef8  PA:10001ef8
15587267ns          259563 1c008802 1107f7d3 fmul.s           f15, f15, f16       f15=xxxxxxxx f15:407f2c51 f16:3e3c28b8
15587287ns          259564 1c008806 00f7222b p.sw             x15, 4(x14!)        x14=10001efc x15:3f3b8d22 x14:10001ef8  PA:10001ef8
15587307ns          259565 1c008800 00072783 lw               x15, 0(x14)         x15=xxxxxxxx x14:10001efc  PA:10001efc
15587346ns          259567 1c008802 1107f7d3 fmul.s           f15, f15, f16       f15=xxxxxxxx f15:c14b2bba f16:3e3c28b8
15587366ns          259568 1c008806 00f7222b p.sw             x15, 4(x14!)        x14=10001f00 x15:c015546d x14:10001efc  PA:10001efc
15587386ns          259569 1c00880a 00be0e13 addi             x28, x28, 11        x28=00000037 x28:0000002c
15587406ns          259570 1c00880c 02c88893 addi             x17, x17, 44        x17=10001f14 x17:10001ee8
15587426ns          259571 1c008810 00430313 addi             x6, x6, 4            x6=10001e4c  x6:10001e48
15587446ns          259572 1c008812 c6a53be3 p.bneimm         x10, -906           x10:00000005
15587505ns          259575 1c008488 32050f63 beq              x10, x0, 830        x10:00000005
15587525ns          259576 1c00848c 00032783 lw               x15, 0(x6)          x15=xxxxxxxx  x6:10001e4c  PA:10001e4c
15587605ns          259580 1c008490 e8f7f7c3 fmadd.s          f15, f15, f15, f29  f15=xxxxxxxx f15:415feae3 f15:415feae3 f29:00000000
15587645ns          259582 1c008494 2e152c63 p.beqimm         x10, 760            x10:00000005
15587665ns          259583 1c008498 02832703 lw               x14, 40(x6)         x14=40b68cd0  x6:10001e4c  PA:10001e74
15587704ns          259585 1c00849c 78e777c3 fmadd.s          f15, f14, f14, f15  f15=xxxxxxxx f14:40b68cd0 f14:40b68cd0 f15:4343db0f
15587724ns          259586 1c0084a0 2e252663 p.beqimm         x10, 748            x10:00000005
15587744ns          259587 1c0084a4 05032703 lw               x14, 80(x6)         x14=c094e38f  x6:10001e4c  PA:10001e9c
15587784ns          259589 1c0084a8 78e777c3 fmadd.s          f15, f14, f14, f15  f15=xxxxxxxx f14:c094e38f f14:c094e38f f15:43646630
15587804ns          259590 1c0084ac 2e352063 p.beqimm         x10, 736            x10:00000005
15587824ns          259591 1c0084b0 07832703 lw               x14, 120(x6)        x14=40ea285e  x6:10001e4c  PA:10001ec4
15587864ns          259593 1c0084b4 78e777c3 fmadd.s          f15, f14, f14, f15  f15=xxxxxxxx f14:40ea285e f14:40ea285e f15:437a0c2a
15587883ns          259594 1c0084b8 2c452a63 p.beqimm         x10, 724            x10:00000005
15587903ns          259595 1c0084bc 0a032703 lw               x14, 160(x6)        x14=40b96a8e  x6:10001e4c  PA:10001eec
15587943ns          259597 1c0084c0 78e777c3 fmadd.s          f15, f14, f14, f15  f15=xxxxxxxx f14:40b96a8e f14:40b96a8e f15:4397cbcf
15587963ns          259598 1c0084c4 2c552463 p.beqimm         x10, 712            x10:00000005
15588062ns          259603 1c00878c 0008a803 lw               x16, 0(x17)         x16=43abafdc x17:10001f14  PA:10001f14
15588122ns          259606 1c008790 08f877d3 fsub.s           f15, f16, f15       f15=xxxxxxxx f16:43abafdc f15:43a89535
15588162ns          259608 1c008794 a0fe9753 flt.s            x14, f29, f15       x14=00000001 f29:00000000 f15:40c6a9c0
15588182ns          259609 1c008798 24071f63 bne              x14, x0, 606        x14:00000001
15588261ns          259613 1c0089f6 025505b3 mul              x11, x10, x5        x11=00000037 x10:00000005  x5:0000000b
15588281ns          259614 1c0089fa 5807f853 fsqrt.s          f16, f15            f16=xxxxxxxx f15:40c6a9c0
15588599ns          259630 1c0089fe ff858b93 addi             x23, x11, -8        x23=xxxxxxxx x11:00000037
15588858ns          259643 1c008a02 0108a023 sw               x16, 0(x17)         x16:401f76df x17:10001f14  PA:10001f14
15588878ns          259644 1c008a06 00250a13 addi             x20, x10, 2         x20=00000007 x10:00000005
15588898ns          259645 1c008a0a 00158593 addi             x11, x11, 1         x11=00000038 x11:00000037
15588918ns          259646 1c008a0c 054bcc63 blt              x23, x20, 88        x23:0000002f x20:00000007
15588957ns          259648 1c008a10 00251a93 slli             x21, x10, 0x2       x21=00000014 x10:00000005
15588997ns          259650 1c008a14 03350b33 mul              x22, x10, x19       x22=ffffffec x10:00000005 x19:fffffffc
15589017ns          259651 1c008a18 00010793 addi             x15, x2, 0          x15=10001e38  x2:10001e38
15589037ns          259652 1c008a1c 00fa8ab3 add              x21, x21, x15       x21=10001e4c x21:00000014 x15:10001e38
15589057ns          259653 1c008a1e 40a90c33 sub              x24, x18, x10       x24=00000003 x18:00000008 x10:00000005
15589077ns          259654 1c008a22 028b0b13 addi             x22, x22, 40        x22=00000014 x22:ffffffec
15589097ns          259655 1c008a26 000aa083 lw               x1, 0(x21)           x1=415feae3 x21:10001e4c  PA:10001e4c
15589117ns          259656 1c008a2a 014c07b3 add              x15, x24, x20       x15=0000000a x24:00000003 x20:00000007
15589137ns          259657 1c008a2e 201090d3 fsgnjn.s         f1, f1, f1           f1=xxxxxxxx  f1:415feae3  f1:415feae3
15589156ns          259658 1c008a32 0347c463 blt              x15, x20, 40        x15:0000000a x20:00000007
15589176ns          259659 1c008a36 ff8b0713 addi             x14, x22, -8        x14=0000000c x22:00000014
15589196ns          259660 1c008a3a 00275713 srli             x14, x14, 0x2       x14=00000003 x14:0000000c
15589216ns          259661 1c008a3c 00488693 addi             x13, x17, 4         x13=10001f18 x17:10001f14
15589236ns          259662 1c008a40 004a8613 addi             x12, x21, 4         x12=10001e50 x21:10001e4c
15589256ns          259663 1c008a44 00170713 addi             x14, x14, 1         x14=00000004 x14:00000003
15589276ns          259664 1c008a46 008740fb lp.setup         0x1, x14, 0x8       x14:00000004
15589296ns          259665 1c008a4a 0006ac83 lw               x25, 0(x13)         x25=4384ed58 x13:10001f18  PA:10001f18
15589335ns          259667 1c008a4e 0046278b p.lw             x15, 4(x12!)        x15=411f655f x12=10001e54 x12:10001e50  PA:10001e50
15589375ns          259669 1c008a52 c817f7c3 fmadd.s          f15, f15, f1, f25   f15=xxxxxxxx f15:411f655f  f1:c15feae3 f25:4384ed58
15589395ns          259670 1c008a56 00f6a22b p.sw             x15, 4(x13!)        x13=10001f1c x15:42fcde44 x13:10001f18  PA:10001f18
15589435ns          259672 1c008a4a 0006ac83 lw               x25, 0(x13)         x25=4318c992 x13:10001f1c  PA:10001f1c
15589455ns          259673 1c008a4e 0046278b p.lw             x15, 4(x12!)        x15=413d0868 x12=10001e58 x12:10001e54  PA:10001e54
15589495ns          259675 1c008a52 c817f7c3 fmadd.s          f15, f15, f1, f25   f15=xxxxxxxx f15:413d0868  f1:c15feae3 f25:4318c992
15589514ns          259676 1c008a56 00f6a22b p.sw             x15, 4(x13!)        x13=10001f20 x15:c148e31e x13:10001f1c  PA:10001f1c
15589534ns          259677 1c008a4a 0006ac83 lw               x25, 0(x13)         x25=4336a842 x13:10001f20  PA:10001f20
15589554ns          259678 1c008a4e 0046278b p.lw             x15, 4(x12!)        x15=4140fcf8 x12=10001e5c x12:10001e58  PA:10001e58
15589614ns          259681 1c008a52 c817f7c3 fmadd.s          f15, f15, f1, f25   f15=xxxxxxxx f15:4140fcf8  f1:c15feae3 f25:4336a842
15589634ns          259682 1c008a56 00f6a22b p.sw             x15, 4(x13!)        x13=10001f24 x15:415dad3a x13:10001f20  PA:10001f20
15589654ns          259683 1c008a4a 0006ac83 lw               x25, 0(x13)         x25=4268081e x13:10001f24  PA:10001f24
15589674ns          259684 1c008a4e 0046278b p.lw             x15, 4(x12!)        x15=40cc93a9 x12=10001e60 x12:10001e5c  PA:10001e5c
15589733ns          259687 1c008a52 c817f7c3 fmadd.s          f15, f15, f1, f25   f15=xxxxxxxx f15:40cc93a9  f1:c15feae3 f25:4268081e
15589753ns          259688 1c008a56 00f6a22b p.sw             x15, 4(x13!)        x13=10001f28 x15:c1fbb116 x13:10001f24  PA:10001f24
15589773ns          259689 1c008a5a 00aa0a13 addi             x20, x20, 10        x20=00000011 x20:00000007
15589793ns          259690 1c008a5c 028a8a93 addi             x21, x21, 40        x21=10001e74 x21:10001e4c
15589813ns          259691 1c008a60 fd4bd3e3 bge              x23, x20, -58       x23:0000002f x20:00000011
15589892ns          259695 1c008a26 000aa083 lw               x1, 0(x21)           x1=40b68cd0 x21:10001e74  PA:10001e74
15589912ns          259696 1c008a2a 014c07b3 add              x15, x24, x20       x15=00000014 x24:00000003 x20:00000011
15589932ns          259697 1c008a2e 201090d3 fsgnjn.s         f1, f1, f1           f1=xxxxxxxx  f1:40b68cd0  f1:40b68cd0
15589952ns          259698 1c008a32 0347c463 blt              x15, x20, 40        x15:00000014 x20:00000011
15589972ns          259699 1c008a36 ff8b0713 addi             x14, x22, -8        x14=0000000c x22:00000014
15589992ns          259700 1c008a3a 00275713 srli             x14, x14, 0x2       x14=00000003 x14:0000000c
15590012ns          259701 1c008a3c 00488693 addi             x13, x17, 4         x13=10001f18 x17:10001f14
15590032ns          259702 1c008a40 004a8613 addi             x12, x21, 4         x12=10001e78 x21:10001e74
15590051ns          259703 1c008a44 00170713 addi             x14, x14, 1         x14=00000004 x14:00000003
15590071ns          259704 1c008a46 008740fb lp.setup         0x1, x14, 0x8       x14:00000004
15590091ns          259705 1c008a4a 0006ac83 lw               x25, 0(x13)         x25=42fcde44 x13:10001f18  PA:10001f18
15590111ns          259706 1c008a4e 0046278b p.lw             x15, 4(x12!)        x15=409f18e9 x12=10001e7c x12:10001e78  PA:10001e78
15590151ns          259708 1c008a52 c817f7c3 fmadd.s          f15, f15, f1, f25   f15=xxxxxxxx f15:409f18e9  f1:c0b68cd0 f25:42fcde44
15590171ns          259709 1c008a56 00f6a22b p.sw             x15, 4(x13!)        x13=10001f1c x15:42c424a8 x13:10001f18  PA:10001f18
15590211ns          259711 1c008a4a 0006ac83 lw               x25, 0(x13)         x25=c148e31e x13:10001f1c  PA:10001f1c
15590231ns          259712 1c008a4e 0046278b p.lw             x15, 4(x12!)        x15=4103cc6b x12=10001e80 x12:10001e7c  PA:10001e7c
15590270ns          259714 1c008a52 c817f7c3 fmadd.s          f15, f15, f1, f25   f15=xxxxxxxx f15:4103cc6b  f1:c0b68cd0 f25:c148e31e
15590290ns          259715 1c008a56 00f6a22b p.sw             x15, 4(x13!)        x13=10001f20 x15:c26e306d x13:10001f1c  PA:10001f1c
15590310ns          259716 1c008a4a 0006ac83 lw               x25, 0(x13)         x25=415dad3a x13:10001f20  PA:10001f20
15590330ns          259717 1c008a4e 0046278b p.lw             x15, 4(x12!)        x15=401b71f7 x12=10001e84 x12:10001e80  PA:10001e80
15590370ns          259719 1c008a52 c817f7c3 fmadd.s          f15, f15, f1, f25   f15=xxxxxxxx f15:401b71f7  f1:c0b68cd0 f25:415dad3a
15590390ns          259720 1c008a56 00f6a22b p.sw             x15, 4(x13!)        x13=10001f24 x15:ba749cd6 x13:10001f20  PA:10001f20
15590410ns          259721 1c008a4a 0006ac83 lw               x25, 0(x13)         x25=c1fbb116 x13:10001f24  PA:10001f24
15590429ns          259722 1c008a4e 0046278b p.lw             x15, 4(x12!)        x15=3ea3106b x12=10001e88 x12:10001e84  PA:10001e84
15590469ns          259724 1c008a52 c817f7c3 fmadd.s          f15, f15, f1, f25   f15=xxxxxxxx f15:3ea3106b  f1:c0b68cd0 f25:c1fbb116
15590489ns          259725 1c008a56 00f6a22b p.sw             x15, 4(x13!)        x13=10001f28 x15:c2051d01 x13:10001f24  PA:10001f24
15590509ns          259726 1c008a5a 00aa0a13 addi             x20, x20, 10        x20=0000001b x20:00000011
15590529ns          259727 1c008a5c 028a8a93 addi             x21, x21, 40        x21=10001e9c x21:10001e74
15590549ns          259728 1c008a60 fd4bd3e3 bge              x23, x20, -58       x23:0000002f x20:0000001b
15590628ns          259732 1c008a26 000aa083 lw               x1, 0(x21)           x1=c094e38f x21:10001e9c  PA:10001e9c
15590648ns          259733 1c008a2a 014c07b3 add              x15, x24, x20       x15=0000001e x24:00000003 x20:0000001b
15590668ns          259734 1c008a2e 201090d3 fsgnjn.s         f1, f1, f1           f1=xxxxxxxx  f1:c094e38f  f1:c094e38f
15590688ns          259735 1c008a32 0347c463 blt              x15, x20, 40        x15:0000001e x20:0000001b
15590708ns          259736 1c008a36 ff8b0713 addi             x14, x22, -8        x14=0000000c x22:00000014
15590728ns          259737 1c008a3a 00275713 srli             x14, x14, 0x2       x14=00000003 x14:0000000c
15590748ns          259738 1c008a3c 00488693 addi             x13, x17, 4         x13=10001f18 x17:10001f14
15590768ns          259739 1c008a40 004a8613 addi             x12, x21, 4         x12=10001ea0 x21:10001e9c
15590787ns          259740 1c008a44 00170713 addi             x14, x14, 1         x14=00000004 x14:00000003
15590807ns          259741 1c008a46 008740fb lp.setup         0x1, x14, 0x8       x14:00000004
15590827ns          259742 1c008a4a 0006ac83 lw               x25, 0(x13)         x25=42c424a8 x13:10001f18  PA:10001f18
15590847ns          259743 1c008a4e 0046278b p.lw             x15, 4(x12!)        x15=bfa41490 x12=10001ea4 x12:10001ea0  PA:10001ea0
15590907ns          259746 1c008a52 c817f7c3 fmadd.s          f15, f15, f1, f25   f15=xxxxxxxx f15:bfa41490  f1:4094e38f f25:42c424a8
15590927ns          259747 1c008a56 00f6a22b p.sw             x15, 4(x13!)        x13=10001f1c x15:42b836f0 x13:10001f18  PA:10001f18
15590947ns          259748 1c008a4a 0006ac83 lw               x25, 0(x13)         x25=c26e306d x13:10001f1c  PA:10001f1c
15590966ns          259749 1c008a4e 0046278b p.lw             x15, 4(x12!)        x15=409c5178 x12=10001ea8 x12:10001ea4  PA:10001ea4
15591006ns          259751 1c008a52 c817f7c3 fmadd.s          f15, f15, f1, f25   f15=xxxxxxxx f15:409c5178  f1:4094e38f f25:c26e306d
15591026ns          259752 1c008a56 00f6a22b p.sw             x15, 4(x13!)        x13=10001f20 x15:c2134660 x13:10001f1c  PA:10001f1c
15591046ns          259753 1c008a4a 0006ac83 lw               x25, 0(x13)         x25=ba749cd6 x13:10001f20  PA:10001f20
15591066ns          259754 1c008a4e 0046278b p.lw             x15, 4(x12!)        x15=40a9bf83 x12=10001eac x12:10001ea8  PA:10001ea8
15591106ns          259756 1c008a52 c817f7c3 fmadd.s          f15, f15, f1, f25   f15=xxxxxxxx f15:40a9bf83  f1:4094e38f f25:ba749cd6
15591126ns          259757 1c008a56 00f6a22b p.sw             x15, 4(x13!)        x13=10001f24 x15:41c5714e x13:10001f20  PA:10001f20
15591145ns          259758 1c008a4a 0006ac83 lw               x25, 0(x13)         x25=c2051d01 x13:10001f24  PA:10001f24
15591165ns          259759 1c008a4e 0046278b p.lw             x15, 4(x12!)        x15=40893d7f x12=10001eb0 x12:10001eac  PA:10001eac
15591205ns          259761 1c008a52 c817f7c3 fmadd.s          f15, f15, f1, f25   f15=xxxxxxxx f15:40893d7f  f1:4094e38f f25:c2051d01
15591225ns          259762 1c008a56 00f6a22b p.sw             x15, 4(x13!)        x13=10001f28 x15:c1552dd6 x13:10001f24  PA:10001f24
15591245ns          259763 1c008a5a 00aa0a13 addi             x20, x20, 10        x20=00000025 x20:0000001b
15591265ns          259764 1c008a5c 028a8a93 addi             x21, x21, 40        x21=10001ec4 x21:10001e9c
15591285ns          259765 1c008a60 fd4bd3e3 bge              x23, x20, -58       x23:0000002f x20:00000025
15591364ns          259769 1c008a26 000aa083 lw               x1, 0(x21)           x1=40ea285e x21:10001ec4  PA:10001ec4
15591384ns          259770 1c008a2a 014c07b3 add              x15, x24, x20       x15=00000028 x24:00000003 x20:00000025
15591404ns          259771 1c008a2e 201090d3 fsgnjn.s         f1, f1, f1           f1=xxxxxxxx  f1:40ea285e  f1:40ea285e
15591424ns          259772 1c008a32 0347c463 blt              x15, x20, 40        x15:00000028 x20:00000025
15591444ns          259773 1c008a36 ff8b0713 addi             x14, x22, -8        x14=0000000c x22:00000014
15591464ns          259774 1c008a3a 00275713 srli             x14, x14, 0x2       x14=00000003 x14:0000000c
15591484ns          259775 1c008a3c 00488693 addi             x13, x17, 4         x13=10001f18 x17:10001f14
15591504ns          259776 1c008a40 004a8613 addi             x12, x21, 4         x12=10001ec8 x21:10001ec4
15591523ns          259777 1c008a44 00170713 addi             x14, x14, 1         x14=00000004 x14:00000003
15591543ns          259778 1c008a46 008740fb lp.setup         0x1, x14, 0x8       x14:00000004
15591563ns          259779 1c008a4a 0006ac83 lw               x25, 0(x13)         x25=42b836f0 x13:10001f18  PA:10001f18
15591583ns          259780 1c008a4e 0046278b p.lw             x15, 4(x12!)        x15=40df47e5 x12=10001ecc x12:10001ec8  PA:10001ec8
15591623ns          259782 1c008a52 c817f7c3 fmadd.s          f15, f15, f1, f25   f15=xxxxxxxx f15:40df47e5  f1:c0ea285e f25:42b836f0
15591643ns          259783 1c008a56 00f6a22b p.sw             x15, 4(x13!)        x13=10001f1c x15:422432f3 x13:10001f18  PA:10001f18
15591683ns          259785 1c008a4a 0006ac83 lw               x25, 0(x13)         x25=c2134660 x13:10001f1c  PA:10001f1c
15591702ns          259786 1c008a4e 0046278b p.lw             x15, 4(x12!)        x15=c0772655 x12=10001ed0 x12:10001ecc  PA:10001ecc
15591742ns          259788 1c008a52 c817f7c3 fmadd.s          f15, f15, f1, f25   f15=xxxxxxxx f15:c0772655  f1:c0ea285e f25:c2134660
15591762ns          259789 1c008a56 00f6a22b p.sw             x15, 4(x13!)        x13=10001f20 x15:c108f97b x13:10001f1c  PA:10001f1c
15591782ns          259790 1c008a4a 0006ac83 lw               x25, 0(x13)         x25=41c5714e x13:10001f20  PA:10001f20
15591802ns          259791 1c008a4e 0046278b p.lw             x15, 4(x12!)        x15=3f5da41f x12=10001ed4 x12:10001ed0  PA:10001ed0
15591842ns          259793 1c008a52 c817f7c3 fmadd.s          f15, f15, f1, f25   f15=xxxxxxxx f15:3f5da41f  f1:c0ea285e f25:41c5714e
15591862ns          259794 1c008a56 00f6a22b p.sw             x15, 4(x13!)        x13=10001f24 x15:4192c290 x13:10001f20  PA:10001f20
15591881ns          259795 1c008a4a 0006ac83 lw               x25, 0(x13)         x25=c1552dd6 x13:10001f24  PA:10001f24
15591901ns          259796 1c008a4e 0046278b p.lw             x15, 4(x12!)        x15=beab955d x12=10001ed8 x12:10001ed4  PA:10001ed4
15591941ns          259798 1c008a52 c817f7c3 fmadd.s          f15, f15, f1, f25   f15=xxxxxxxx f15:beab955d  f1:c0ea285e f25:c1552dd6
15591961ns          259799 1c008a56 00f6a22b p.sw             x15, 4(x13!)        x13=10001f28 x15:c12df171 x13:10001f24  PA:10001f24
15591981ns          259800 1c008a5a 00aa0a13 addi             x20, x20, 10        x20=0000002f x20:00000025
15592001ns          259801 1c008a5c 028a8a93 addi             x21, x21, 40        x21=10001eec x21:10001ec4
15592021ns          259802 1c008a60 fd4bd3e3 bge              x23, x20, -58       x23:0000002f x20:0000002f
15592100ns          259806 1c008a26 000aa083 lw               x1, 0(x21)           x1=40b96a8e x21:10001eec  PA:10001eec
15592120ns          259807 1c008a2a 014c07b3 add              x15, x24, x20       x15=00000032 x24:00000003 x20:0000002f
15592140ns          259808 1c008a2e 201090d3 fsgnjn.s         f1, f1, f1           f1=xxxxxxxx  f1:40b96a8e  f1:40b96a8e
15592160ns          259809 1c008a32 0347c463 blt              x15, x20, 40        x15:00000032 x20:0000002f
15592180ns          259810 1c008a36 ff8b0713 addi             x14, x22, -8        x14=0000000c x22:00000014
15592200ns          259811 1c008a3a 00275713 srli             x14, x14, 0x2       x14=00000003 x14:0000000c
15592220ns          259812 1c008a3c 00488693 addi             x13, x17, 4         x13=10001f18 x17:10001f14
15592239ns          259813 1c008a40 004a8613 addi             x12, x21, 4         x12=10001ef0 x21:10001eec
15592259ns          259814 1c008a44 00170713 addi             x14, x14, 1         x14=00000004 x14:00000003
15592279ns          259815 1c008a46 008740fb lp.setup         0x1, x14, 0x8       x14:00000004
15592299ns          259816 1c008a4a 0006ac83 lw               x25, 0(x13)         x25=422432f3 x13:10001f18  PA:10001f18
15592319ns          259817 1c008a4e 0046278b p.lw             x15, 4(x12!)        x15=41081a2e x12=10001ef4 x12:10001ef0  PA:10001ef0
15592359ns          259819 1c008a52 c817f7c3 fmadd.s          f15, f15, f1, f25   f15=xxxxxxxx f15:41081a2e  f1:c0b96a8e f25:422432f3
15592379ns          259820 1c008a56 00f6a22b p.sw             x15, 4(x13!)        x13=10001f1c x15:c103d0c1 x13:10001f18  PA:10001f18
15592418ns          259822 1c008a4a 0006ac83 lw               x25, 0(x13)         x25=c108f97b x13:10001f1c  PA:10001f1c
15592438ns          259823 1c008a4e 0046278b p.lw             x15, 4(x12!)        x15=3e96ca20 x12=10001ef8 x12:10001ef4  PA:10001ef4
15592478ns          259825 1c008a52 c817f7c3 fmadd.s          f15, f15, f1, f25   f15=xxxxxxxx f15:3e96ca20  f1:c0b96a8e f25:c108f97b
15592498ns          259826 1c008a56 00f6a22b p.sw             x15, 4(x13!)        x13=10001f20 x15:c1244730 x13:10001f1c  PA:10001f1c
15592518ns          259827 1c008a4a 0006ac83 lw               x25, 0(x13)         x25=4192c290 x13:10001f20  PA:10001f20
15592538ns          259828 1c008a4e 0046278b p.lw             x15, 4(x12!)        x15=3f3b8d22 x12=10001efc x12:10001ef8  PA:10001ef8
15592578ns          259830 1c008a52 c817f7c3 fmadd.s          f15, f15, f1, f25   f15=xxxxxxxx f15:3f3b8d22  f1:c0b96a8e f25:4192c290
15592598ns          259831 1c008a56 00f6a22b p.sw             x15, 4(x13!)        x13=10001f24 x15:41619999 x13:10001f20  PA:10001f20
15592617ns          259832 1c008a4a 0006ac83 lw               x25, 0(x13)         x25=c12df171 x13:10001f24  PA:10001f24
15592637ns          259833 1c008a4e 0046278b p.lw             x15, 4(x12!)        x15=c015546d x12=10001f00 x12:10001efc  PA:10001efc
15592677ns          259835 1c008a52 c817f7c3 fmadd.s          f15, f15, f1, f25   f15=xxxxxxxx f15:c015546d  f1:c0b96a8e f25:c12df171
15592697ns          259836 1c008a56 00f6a22b p.sw             x15, 4(x13!)        x13=10001f28 x15:40297b90 x13:10001f24  PA:10001f24
15592717ns          259837 1c008a5a 00aa0a13 addi             x20, x20, 10        x20=00000039 x20:0000002f
15592737ns          259838 1c008a5c 028a8a93 addi             x21, x21, 40        x21=10001f14 x21:10001eec
15592757ns          259839 1c008a60 fd4bd3e3 bge              x23, x20, -58       x23:0000002f x20:00000039
15592777ns          259840 1c008a64 00150513 addi             x10, x10, 1         x10=00000006 x10:00000005
15592796ns          259841 1c008a66 027507b3 mul              x15, x10, x7        x15=c103d0c1 x10:00000006  x7:0000000a
15592816ns          259842 1c008a6a 190ff853 fdiv.s           f16, f31, f16       f16=xxxxxxxx f31:3f800000 f16:401f76df
15592836ns          259843 1c008a6e d6f5cbe3 blt              x11, x15, -650      x11:00000038 x15:0000003c
15592896ns          259846 1c0087e4 00158693 addi             x13, x11, 1         x13=xxxxxxxx x11:00000038
15592916ns          259847 1c0087e8 00488713 addi             x14, x17, 4         x14=xxxxxxxx x17:10001f14
15592936ns          259848 1c0087ec 40b785b3 sub              x11, x15, x11       x11=xxxxxxxx x15:0000003c x11:00000038
15592956ns          259849 1c0087f0 3ad7c463 blt              x15, x13, 936       x15:0000003c x13:00000039
15592975ns          259850 1c0087f4 800006b7 lui              x13, 0x80000000     x13=xxxxxxxx
15592995ns          259851 1c0087f8 3ad78063 beq              x15, x13, 928       x15:0000003c x13:80000000
15593015ns          259852 1c0087fc 0055c0fb lp.setup         0x1, x11, 0x5       x11:00000004  PA:10001f18
15593035ns          259853 1c008800 00072783 lw               x15, 0(x14)         x15=xxxxxxxx x14:10001f18
15593095ns          259856 1c008802 1107f7d3 fmul.s           f15, f15, f16       f15=xxxxxxxx f15:c103d0c1 f16:3ecd7cea
15593115ns          259857 1c008806 00f7222b p.sw             x15, 4(x14!)        x14=10001f1c x15:c0539cf8 x14:10001f18  PA:10001f18
15593135ns          259858 1c008800 00072783 lw               x15, 0(x14)         x15=xxxxxxxx x14:10001f1c  PA:10001f1c
15593174ns          259860 1c008802 1107f7d3 fmul.s           f15, f15, f16       f15=xxxxxxxx f15:c1244730 f16:3ecd7cea
15593194ns          259861 1c008806 00f7222b p.sw             x15, 4(x14!)        x14=10001f20 x15:c083dd2a x14:10001f1c  PA:10001f1c
15593214ns          259862 1c008800 00072783 lw               x15, 0(x14)         x15=xxxxxxxx x14:10001f20  PA:10001f20
15593254ns          259864 1c008802 1107f7d3 fmul.s           f15, f15, f16       f15=xxxxxxxx f15:41619999 f16:3ecd7cea
15593274ns          259865 1c008806 00f7222b p.sw             x15, 4(x14!)        x14=10001f24 x15:40b51614 x14:10001f20  PA:10001f20
15593294ns          259866 1c008800 00072783 lw               x15, 0(x14)         x15=xxxxxxxx x14:10001f24  PA:10001f24
15593333ns          259868 1c008802 1107f7d3 fmul.s           f15, f15, f16       f15=xxxxxxxx f15:40297b90 f16:3ecd7cea
15593353ns          259869 1c008806 00f7222b p.sw             x15, 4(x14!)        x14=10001f28 x15:3f880aa5 x14:10001f24  PA:10001f24
15593373ns          259870 1c00880a 00be0e13 addi             x28, x28, 11        x28=00000042 x28:00000037
15593393ns          259871 1c00880c 02c88893 addi             x17, x17, 44        x17=10001f40 x17:10001f14
15593413ns          259872 1c008810 00430313 addi             x6, x6, 4            x6=10001e50  x6:10001e4c
15593433ns          259873 1c008812 c6a53be3 p.bneimm         x10, -906           x10:00000006
15593552ns          259879 1c008488 32050f63 beq              x10, x0, 830        x10:00000006
15593572ns          259880 1c00848c 00032783 lw               x15, 0(x6)          x15=xxxxxxxx  x6:10001e50  PA:10001e50
15593632ns          259883 1c008490 e8f7f7c3 fmadd.s          f15, f15, f15, f29  f15=xxxxxxxx f15:411f655f f15:411f655f f29:00000000
15593672ns          259885 1c008494 2e152c63 p.beqimm         x10, 760            x10:00000006
15593691ns          259886 1c008498 02832703 lw               x14, 40(x6)         x14=409f18e9  x6:10001e50  PA:10001e78
15593731ns          259888 1c00849c 78e777c3 fmadd.s          f15, f14, f14, f15  f15=xxxxxxxx f14:409f18e9 f14:409f18e9 f15:42c67e28
15593771ns          259890 1c0084a0 2e252663 p.beqimm         x10, 748            x10:00000006
15593811ns          259892 1c0084a4 05032703 lw               x14, 80(x6)         x14=bfa41490  x6:10001e50  PA:10001ea0
15593851ns          259894 1c0084a8 78e777c3 fmadd.s          f15, f14, f14, f15  f15=xxxxxxxx f14:bfa41490 f14:bfa41490 f15:42f7ee22
15593871ns          259895 1c0084ac 2e352063 p.beqimm         x10, 736            x10:00000006
15593890ns          259896 1c0084b0 07832703 lw               x14, 120(x6)        x14=40df47e5  x6:10001e50  PA:10001ec8
15593930ns          259898 1c0084b4 78e777c3 fmadd.s          f15, f14, f14, f15  f15=xxxxxxxx f14:40df47e5 f14:40df47e5 f15:42fb3775
15593950ns          259899 1c0084b8 2c452a63 p.beqimm         x10, 724            x10:00000006
15593970ns          259900 1c0084bc 0a032703 lw               x14, 160(x6)        x14=41081a2e  x6:10001e50  PA:10001ef0
15594010ns          259902 1c0084c0 78e777c3 fmadd.s          f15, f14, f14, f15  f15=xxxxxxxx f14:41081a2e f14:41081a2e f15:432e4b50
15594030ns          259903 1c0084c4 2c552463 p.beqimm         x10, 712            x10:00000006
15594050ns          259904 1c0084c8 0c832703 lw               x14, 200(x6)        x14=c0539cf8  x6:10001e50  PA:10001f18
15594089ns          259906 1c0084cc 78e777c3 fmadd.s          f15, f14, f14, f15  f15=xxxxxxxx f14:c0539cf8 f14:c0539cf8 f15:4376a724
15594109ns          259907 1c0084d0 2a652e63 p.beqimm         x10, 700            x10:00000006
15594169ns          259910 1c00878c 0008a803 lw               x16, 0(x17)         x16=43880d8e x17:10001f40  PA:10001f40
15594209ns          259912 1c008790 08f877d3 fsub.s           f15, f16, f15       f15=xxxxxxxx f16:43880d8e f15:4380caf3
15594229ns          259913 1c008794 a0fe9753 flt.s            x14, f29, f15       x14=00000001 f29:00000000 f15:41685360
15594248ns          259914 1c008798 24071f63 bne              x14, x0, 606        x14:00000001
15594328ns          259918 1c0089f6 025505b3 mul              x11, x10, x5        x11=00000042 x10:00000006  x5:0000000b
15594348ns          259919 1c0089fa 5807f853 fsqrt.s          f16, f15            f16=xxxxxxxx f15:41685360
15594368ns          259920 1c0089fe ff858b93 addi             x23, x11, -8        x23=xxxxxxxx x11:00000042
15594626ns          259933 1c008a02 0108a023 sw               x16, 0(x17)         x16:4073e030 x17:10001f40  PA:10001f40
15594646ns          259934 1c008a06 00250a13 addi             x20, x10, 2         x20=00000008 x10:00000006
15594666ns          259935 1c008a0a 00158593 addi             x11, x11, 1         x11=00000043 x11:00000042
15594686ns          259936 1c008a0c 054bcc63 blt              x23, x20, 88        x23:0000003a x20:00000008
15594706ns          259937 1c008a10 00251a93 slli             x21, x10, 0x2       x21=00000018 x10:00000006
15594726ns          259938 1c008a14 03350b33 mul              x22, x10, x19       x22=ffffffe8 x10:00000006 x19:fffffffc
15594746ns          259939 1c008a18 00010793 addi             x15, x2, 0          x15=10001e38  x2:10001e38
15594766ns          259940 1c008a1c 00fa8ab3 add              x21, x21, x15       x21=10001e50 x21:00000018 x15:10001e38
15594785ns          259941 1c008a1e 40a90c33 sub              x24, x18, x10       x24=00000002 x18:00000008 x10:00000006
15594805ns          259942 1c008a22 028b0b13 addi             x22, x22, 40        x22=00000010 x22:ffffffe8
15594825ns          259943 1c008a26 000aa083 lw               x1, 0(x21)           x1=xxxxxxxx x21:10001e50  PA:10001e50
15594845ns          259944 1c008a2a 014c07b3 add              x15, x24, x20       x15=0000000a x24:00000002 x20:00000008
15594865ns          259945 1c008a2e 201090d3 fsgnjn.s         f1, f1, f1           f1=xxxxxxxx  f1:411f655f  f1:411f655f
15594885ns          259946 1c008a32 0347c463 blt              x15, x20, 40        x15:0000000a x20:00000008
15594905ns          259947 1c008a36 ff8b0713 addi             x14, x22, -8        x14=00000008 x22:00000010
15594925ns          259948 1c008a3a 00275713 srli             x14, x14, 0x2       x14=00000002 x14:00000008
15594945ns          259949 1c008a3c 00488693 addi             x13, x17, 4         x13=10001f44 x17:10001f40
15594965ns          259950 1c008a40 004a8613 addi             x12, x21, 4         x12=10001e54 x21:10001e50
15594984ns          259951 1c008a44 00170713 addi             x14, x14, 1         x14=00000003 x14:00000002
15595004ns          259952 1c008a46 008740fb lp.setup         0x1, x14, 0x8       x14:00000003
15595024ns          259953 1c008a4a 0006ac83 lw               x25, 0(x13)         x25=xxxxxxxx x13:10001f44  PA:10001f44
15595044ns          259954 1c008a4e 0046278b p.lw             x15, 4(x12!)        x15=xxxxxxxx x12=10001e58 x12:10001e54  PA:10001e54
15595084ns          259956 1c008a52 c817f7c3 fmadd.s          f15, f15, f1, f25   f15=xxxxxxxx f15:413d0868  f1:c11f655f f25:4324aa2f
15595104ns          259957 1c008a56 00f6a22b p.sw             x15, 4(x13!)        x13=10001f48 x15:423bdc70 x13:10001f44  PA:10001f44
15595124ns          259958 1c008a4a 0006ac83 lw               x25, 0(x13)         x25=42fb463d x13:10001f48  PA:10001f48
15595144ns          259959 1c008a4e 0046278b p.lw             x15, 4(x12!)        x15=4140fcf8 x12=10001e5c x12:10001e58  PA:10001e58
15595183ns          259961 1c008a52 c817f7c3 fmadd.s          f15, f15, f1, f25   f15=xxxxxxxx f15:4140fcf8  f1:c11f655f f25:42fb463d
15595203ns          259962 1c008a56 00f6a22b p.sw             x15, 4(x13!)        x13=10001f4c x15:40af32a2 x13:10001f48  PA:10001f48
15595223ns          259963 1c008a4a 0006ac83 lw               x25, 0(x13)         x25=42327f29 x13:10001f4c  PA:10001f4c
15595243ns          259964 1c008a4e 0046278b p.lw             x15, 4(x12!)        x15=40cc93a9 x12=10001e60 x12:10001e5c  PA:10001e5c
15595283ns          259966 1c008a52 c817f7c3 fmadd.s          f15, f15, f1, f25   f15=xxxxxxxx f15:40cc93a9  f1:c11f655f f25:42327f29
15595303ns          259967 1c008a56 00f6a22b p.sw             x15, 4(x13!)        x13=10001f50 x15:c198848f x13:10001f4c  PA:10001f4c
15595323ns          259968 1c008a5a 00aa0a13 addi             x20, x20, 10        x20=00000012 x20:00000008
15595342ns          259969 1c008a5c 028a8a93 addi             x21, x21, 40        x21=10001e78 x21:10001e50
15595362ns          259970 1c008a60 fd4bd3e3 bge              x23, x20, -58       x23:0000003a x20:00000012
15595442ns          259974 1c008a26 000aa083 lw               x1, 0(x21)           x1=409f18e9 x21:10001e78  PA:10001e78
15595462ns          259975 1c008a2a 014c07b3 add              x15, x24, x20       x15=00000014 x24:00000002 x20:00000012
15595482ns          259976 1c008a2e 201090d3 fsgnjn.s         f1, f1, f1           f1=xxxxxxxx  f1:409f18e9  f1:409f18e9
15595502ns          259977 1c008a32 0347c463 blt              x15, x20, 40        x15:00000014 x20:00000012
15595521ns          259978 1c008a36 ff8b0713 addi             x14, x22, -8        x14=00000008 x22:00000010
15595541ns          259979 1c008a3a 00275713 srli             x14, x14, 0x2       x14=00000002 x14:00000008
15595561ns          259980 1c008a3c 00488693 addi             x13, x17, 4         x13=10001f44 x17:10001f40
15595581ns          259981 1c008a40 004a8613 addi             x12, x21, 4         x12=10001e7c x21:10001e78
15595601ns          259982 1c008a44 00170713 addi             x14, x14, 1         x14=00000003 x14:00000002
15595621ns          259983 1c008a46 008740fb lp.setup         0x1, x14, 0x8       x14:00000003
15595641ns          259984 1c008a4a 0006ac83 lw               x25, 0(x13)         x25=423bdc70 x13:10001f44  PA:10001f44
15595661ns          259985 1c008a4e 0046278b p.lw             x15, 4(x12!)        x15=4103cc6b x12=10001e80 x12:10001e7c  PA:10001e7c
15595700ns          259987 1c008a52 c817f7c3 fmadd.s          f15, f15, f1, f25   f15=xxxxxxxx f15:4103cc6b  f1:c09f18e9 f25:423bdc70
15595720ns          259988 1c008a56 00f6a22b p.sw             x15, 4(x13!)        x13=10001f48 x15:40c056e7 x13:10001f44  PA:10001f44
15595760ns          259990 1c008a4a 0006ac83 lw               x25, 0(x13)         x25=40af32a2 x13:10001f48  PA:10001f48
15595780ns          259991 1c008a4e 0046278b p.lw             x15, 4(x12!)        x15=401b71f7 x12=10001e84 x12:10001e80  PA:10001e80
15595820ns          259993 1c008a52 c817f7c3 fmadd.s          f15, f15, f1, f25   f15=xxxxxxxx f15:401b71f7  f1:c09f18e9 f25:40af32a2
15595840ns          259994 1c008a56 00f6a22b p.sw             x15, 4(x13!)        x13=10001f4c x15:c0d33900 x13:10001f48  PA:10001f48
15595860ns          259995 1c008a4a 0006ac83 lw               x25, 0(x13)         x25=c198848f x13:10001f4c  PA:10001f4c
15595879ns          259996 1c008a4e 0046278b p.lw             x15, 4(x12!)        x15=3ea3106b x12=10001e88 x12:10001e84  PA:10001e84
15595919ns          259998 1c008a52 c817f7c3 fmadd.s          f15, f15, f1, f25   f15=xxxxxxxx f15:3ea3106b  f1:c09f18e9 f25:c198848f
15595939ns          259999 1c008a56 00f6a22b p.sw             x15, 4(x13!)        x13=10001f50 x15:c1a52f71 x13:10001f4c  PA:10001f4c
15595959ns          260000 1c008a5a 00aa0a13 addi             x20, x20, 10        x20=0000001c x20:00000012
15595979ns          260001 1c008a5c 028a8a93 addi             x21, x21, 40        x21=10001ea0 x21:10001e78
15595999ns          260002 1c008a60 fd4bd3e3 bge              x23, x20, -58       x23:0000003a x20:0000001c
15596078ns          260006 1c008a26 000aa083 lw               x1, 0(x21)           x1=bfa41490 x21:10001ea0  PA:10001ea0
15596098ns          260007 1c008a2a 014c07b3 add              x15, x24, x20       x15=0000001e x24:00000002 x20:0000001c
15596118ns          260008 1c008a2e 201090d3 fsgnjn.s         f1, f1, f1           f1=xxxxxxxx  f1:bfa41490  f1:bfa41490
15596138ns          260009 1c008a32 0347c463 blt              x15, x20, 40        x15:0000001e x20:0000001c
15596158ns          260010 1c008a36 ff8b0713 addi             x14, x22, -8        x14=00000008 x22:00000010
15596178ns          260011 1c008a3a 00275713 srli             x14, x14, 0x2       x14=00000002 x14:00000008
15596198ns          260012 1c008a3c 00488693 addi             x13, x17, 4         x13=10001f44 x17:10001f40
15596218ns          260013 1c008a40 004a8613 addi             x12, x21, 4         x12=10001ea4 x21:10001ea0
15596238ns          260014 1c008a44 00170713 addi             x14, x14, 1         x14=00000003 x14:00000002
15596257ns          260015 1c008a46 008740fb lp.setup         0x1, x14, 0x8       x14:00000003
15596277ns          260016 1c008a4a 0006ac83 lw               x25, 0(x13)         x25=40c056e7 x13:10001f44  PA:10001f44
15596297ns          260017 1c008a4e 0046278b p.lw             x15, 4(x12!)        x15=409c5178 x12=10001ea8 x12:10001ea4  PA:10001ea4
15596337ns          260019 1c008a52 c817f7c3 fmadd.s          f15, f15, f1, f25   f15=xxxxxxxx f15:409c5178  f1:3fa41490 f25:40c056e7
15596357ns          260020 1c008a56 00f6a22b p.sw             x15, 4(x13!)        x13=10001f48 x15:41445c33 x13:10001f44  PA:10001f44
15596397ns          260022 1c008a4a 0006ac83 lw               x25, 0(x13)         x25=c0d33900 x13:10001f48  PA:10001f48
15596417ns          260023 1c008a4e 0046278b p.lw             x15, 4(x12!)        x15=40a9bf83 x12=10001eac x12:10001ea8  PA:10001ea8
15596456ns          260025 1c008a52 c817f7c3 fmadd.s          f15, f15, f1, f25   f15=xxxxxxxx f15:40a9bf83  f1:3fa41490 f25:c0d33900
15596476ns          260026 1c008a56 00f6a22b p.sw             x15, 4(x13!)        x13=10001f4c x15:3e4bf497 x13:10001f48  PA:10001f48
15596496ns          260027 1c008a4a 0006ac83 lw               x25, 0(x13)         x25=c1a52f71 x13:10001f4c  PA:10001f4c
15596516ns          260028 1c008a4e 0046278b p.lw             x15, 4(x12!)        x15=40893d7f x12=10001eb0 x12:10001eac  PA:10001eac
15596556ns          260030 1c008a52 c817f7c3 fmadd.s          f15, f15, f1, f25   f15=xxxxxxxx f15:40893d7f  f1:3fa41490 f25:c1a52f71
15596576ns          260031 1c008a56 00f6a22b p.sw             x15, 4(x13!)        x13=10001f50 x15:c1726877 x13:10001f4c  PA:10001f4c
15596596ns          260032 1c008a5a 00aa0a13 addi             x20, x20, 10        x20=00000026 x20:0000001c
15596615ns          260033 1c008a5c 028a8a93 addi             x21, x21, 40        x21=10001ec8 x21:10001ea0
15596635ns          260034 1c008a60 fd4bd3e3 bge              x23, x20, -58       x23:0000003a x20:00000026
15596715ns          260038 1c008a26 000aa083 lw               x1, 0(x21)           x1=40df47e5 x21:10001ec8  PA:10001ec8
15596735ns          260039 1c008a2a 014c07b3 add              x15, x24, x20       x15=00000028 x24:00000002 x20:00000026
15596755ns          260040 1c008a2e 201090d3 fsgnjn.s         f1, f1, f1           f1=xxxxxxxx  f1:40df47e5  f1:40df47e5
15596775ns          260041 1c008a32 0347c463 blt              x15, x20, 40        x15:00000028 x20:00000026
15596794ns          260042 1c008a36 ff8b0713 addi             x14, x22, -8        x14=00000008 x22:00000010
15596814ns          260043 1c008a3a 00275713 srli             x14, x14, 0x2       x14=00000002 x14:00000008
15596834ns          260044 1c008a3c 00488693 addi             x13, x17, 4         x13=10001f44 x17:10001f40
15596854ns          260045 1c008a40 004a8613 addi             x12, x21, 4         x12=10001ecc x21:10001ec8
15596874ns          260046 1c008a44 00170713 addi             x14, x14, 1         x14=00000003 x14:00000002
15596894ns          260047 1c008a46 008740fb lp.setup         0x1, x14, 0x8       x14:00000003
15596914ns          260048 1c008a4a 0006ac83 lw               x25, 0(x13)         x25=41445c33 x13:10001f44  PA:10001f44
15596934ns          260049 1c008a4e 0046278b p.lw             x15, 4(x12!)        x15=c0772655 x12=10001ed0 x12:10001ecc  PA:10001ecc
15596973ns          260051 1c008a52 c817f7c3 fmadd.s          f15, f15, f1, f25   f15=xxxxxxxx f15:c0772655  f1:c0df47e5 f25:41445c33
15596993ns          260052 1c008a56 00f6a22b p.sw             x15, 4(x13!)        x13=10001f48 x15:421cdef3 x13:10001f44  PA:10001f44
15597033ns          260054 1c008a4a 0006ac83 lw               x25, 0(x13)         x25=3e4bf497 x13:10001f48  PA:10001f48
15597053ns          260055 1c008a4e 0046278b p.lw             x15, 4(x12!)        x15=3f5da41f x12=10001ed4 x12:10001ed0  PA:10001ed0
15597093ns          260057 1c008a52 c817f7c3 fmadd.s          f15, f15, f1, f25   f15=xxxxxxxx f15:3f5da41f  f1:c0df47e5 f25:3e4bf497
15597113ns          260058 1c008a56 00f6a22b p.sw             x15, 4(x13!)        x13=10001f4c x15:c0baf091 x13:10001f48  PA:10001f48
15597133ns          260059 1c008a4a 0006ac83 lw               x25, 0(x13)         x25=c1726877 x13:10001f4c  PA:10001f4c
15597152ns          260060 1c008a4e 0046278b p.lw             x15, 4(x12!)        x15=beab955d x12=10001ed8 x12:10001ed4  PA:10001ed4
15597192ns          260062 1c008a52 c817f7c3 fmadd.s          f15, f15, f1, f25   f15=xxxxxxxx f15:beab955d  f1:c0df47e5 f25:c1726877
15597212ns          260063 1c008a56 00f6a22b p.sw             x15, 4(x13!)        x13=10001f50 x15:c14cfea4 x13:10001f4c  PA:10001f4c
15597232ns          260064 1c008a5a 00aa0a13 addi             x20, x20, 10        x20=00000030 x20:00000026
15597252ns          260065 1c008a5c 028a8a93 addi             x21, x21, 40        x21=10001ef0 x21:10001ec8
15597272ns          260066 1c008a60 fd4bd3e3 bge              x23, x20, -58       x23:0000003a x20:00000030
15597351ns          260070 1c008a26 000aa083 lw               x1, 0(x21)           x1=41081a2e x21:10001ef0  PA:10001ef0
15597371ns          260071 1c008a2a 014c07b3 add              x15, x24, x20       x15=00000032 x24:00000002 x20:00000030
15597391ns          260072 1c008a2e 201090d3 fsgnjn.s         f1, f1, f1           f1=xxxxxxxx  f1:41081a2e  f1:41081a2e
15597411ns          260073 1c008a32 0347c463 blt              x15, x20, 40        x15:00000032 x20:00000030
15597431ns          260074 1c008a36 ff8b0713 addi             x14, x22, -8        x14=00000008 x22:00000010
15597451ns          260075 1c008a3a 00275713 srli             x14, x14, 0x2       x14=00000002 x14:00000008
15597471ns          260076 1c008a3c 00488693 addi             x13, x17, 4         x13=10001f44 x17:10001f40
15597491ns          260077 1c008a40 004a8613 addi             x12, x21, 4         x12=10001ef4 x21:10001ef0
15597511ns          260078 1c008a44 00170713 addi             x14, x14, 1         x14=00000003 x14:00000002
15597530ns          260079 1c008a46 008740fb lp.setup         0x1, x14, 0x8       x14:00000003
15597550ns          260080 1c008a4a 0006ac83 lw               x25, 0(x13)         x25=421cdef3 x13:10001f44  PA:10001f44
15597570ns          260081 1c008a4e 0046278b p.lw             x15, 4(x12!)        x15=3e96ca20 x12=10001ef8 x12:10001ef4  PA:10001ef4
15597610ns          260083 1c008a52 c817f7c3 fmadd.s          f15, f15, f1, f25   f15=xxxxxxxx f15:3e96ca20  f1:c1081a2e f25:421cdef3
15597630ns          260084 1c008a56 00f6a22b p.sw             x15, 4(x13!)        x13=10001f48 x15:4212d999 x13:10001f44  PA:10001f44
15597670ns          260086 1c008a4a 0006ac83 lw               x25, 0(x13)         x25=c0baf091 x13:10001f48  PA:10001f48
15597690ns          260087 1c008a4e 0046278b p.lw             x15, 4(x12!)        x15=3f3b8d22 x12=10001efc x12:10001ef8  PA:10001ef8
15597729ns          260089 1c008a52 c817f7c3 fmadd.s          f15, f15, f1, f25   f15=xxxxxxxx f15:3f3b8d22  f1:c1081a2e f25:c0baf091
15597749ns          260090 1c008a56 00f6a22b p.sw             x15, 4(x13!)        x13=10001f4c x15:c1412e71 x13:10001f48  PA:10001f48
15597769ns          260091 1c008a4a 0006ac83 lw               x25, 0(x13)         x25=c14cfea4 x13:10001f4c  PA:10001f4c
15597789ns          260092 1c008a4e 0046278b p.lw             x15, 4(x12!)        x15=c015546d x12=10001f00 x12:10001efc  PA:10001efc
15597829ns          260094 1c008a52 c817f7c3 fmadd.s          f15, f15, f1, f25   f15=xxxxxxxx f15:c015546d  f1:c1081a2e f25:c14cfea4
15597849ns          260095 1c008a56 00f6a22b p.sw             x15, 4(x13!)        x13=10001f50 x15:40e123b3 x13:10001f4c  PA:10001f4c
15597869ns          260096 1c008a5a 00aa0a13 addi             x20, x20, 10        x20=0000003a x20:00000030
15597888ns          260097 1c008a5c 028a8a93 addi             x21, x21, 40        x21=10001f18 x21:10001ef0
15597908ns          260098 1c008a60 fd4bd3e3 bge              x23, x20, -58       x23:0000003a x20:0000003a
15597988ns          260102 1c008a26 000aa083 lw               x1, 0(x21)           x1=c0539cf8 x21:10001f18  PA:10001f18
15598008ns          260103 1c008a2a 014c07b3 add              x15, x24, x20       x15=0000003c x24:00000002 x20:0000003a
15598028ns          260104 1c008a2e 201090d3 fsgnjn.s         f1, f1, f1           f1=xxxxxxxx  f1:c0539cf8  f1:c0539cf8
15598048ns          260105 1c008a32 0347c463 blt              x15, x20, 40        x15:0000003c x20:0000003a
15598067ns          260106 1c008a36 ff8b0713 addi             x14, x22, -8        x14=00000008 x22:00000010
15598087ns          260107 1c008a3a 00275713 srli             x14, x14, 0x2       x14=00000002 x14:00000008
15598107ns          260108 1c008a3c 00488693 addi             x13, x17, 4         x13=10001f44 x17:10001f40
15598127ns          260109 1c008a40 004a8613 addi             x12, x21, 4         x12=10001f1c x21:10001f18
15598147ns          260110 1c008a44 00170713 addi             x14, x14, 1         x14=00000003 x14:00000002
15598167ns          260111 1c008a46 008740fb lp.setup         0x1, x14, 0x8       x14:00000003
15598187ns          260112 1c008a4a 0006ac83 lw               x25, 0(x13)         x25=4212d999 x13:10001f44  PA:10001f44
15598207ns          260113 1c008a4e 0046278b p.lw             x15, 4(x12!)        x15=c083dd2a x12=10001f20 x12:10001f1c  PA:10001f1c
15598246ns          260115 1c008a52 c817f7c3 fmadd.s          f15, f15, f1, f25   f15=xxxxxxxx f15:c083dd2a  f1:40539cf8 f25:4212d999
15598266ns          260116 1c008a56 00f6a22b p.sw             x15, 4(x13!)        x13=10001f48 x15:41b8b30e x13:10001f44  PA:10001f44
15598306ns          260118 1c008a4a 0006ac83 lw               x25, 0(x13)         x25=c1412e71 x13:10001f48  PA:10001f48
15598326ns          260119 1c008a4e 0046278b p.lw             x15, 4(x12!)        x15=40b51614 x12=10001f24 x12:10001f20  PA:10001f20
15598366ns          260121 1c008a52 c817f7c3 fmadd.s          f15, f15, f1, f25   f15=xxxxxxxx f15:40b51614  f1:40539cf8 f25:c1412e71
15598386ns          260122 1c008a56 00f6a22b p.sw             x15, 4(x13!)        x13=10001f4c x15:40d4640b x13:10001f48  PA:10001f48
15598406ns          260123 1c008a4a 0006ac83 lw               x25, 0(x13)         x25=40e123b3 x13:10001f4c  PA:10001f4c
15598425ns          260124 1c008a4e 0046278b p.lw             x15, 4(x12!)        x15=3f880aa5 x12=10001f28 x12:10001f24  PA:10001f24
15598465ns          260126 1c008a52 c817f7c3 fmadd.s          f15, f15, f1, f25   f15=xxxxxxxx f15:3f880aa5  f1:40539cf8 f25:40e123b3
15598485ns          260127 1c008a56 00f6a22b p.sw             x15, 4(x13!)        x13=10001f50 x15:4128cbf2 x13:10001f4c  PA:10001f4c
15598505ns          260128 1c008a5a 00aa0a13 addi             x20, x20, 10        x20=00000044 x20:0000003a
15598525ns          260129 1c008a5c 028a8a93 addi             x21, x21, 40        x21=10001f40 x21:10001f18
15598545ns          260130 1c008a60 fd4bd3e3 bge              x23, x20, -58       x23:0000003a x20:00000044
15598565ns          260131 1c008a64 00150513 addi             x10, x10, 1         x10=00000007 x10:00000006
15598585ns          260132 1c008a66 027507b3 mul              x15, x10, x7        x15=41b8b30e x10:00000007  x7:0000000a
15598605ns          260133 1c008a6a 190ff853 fdiv.s           f16, f31, f16       f16=xxxxxxxx f31:3f800000 f16:4073e030
15598764ns          260141 1c008a6e d6f5cbe3 blt              x11, x15, -650      x11:00000043 x15:00000046
15598823ns          260144 1c0087e4 00158693 addi             x13, x11, 1         x13=xxxxxxxx x11:00000043
15598843ns          260145 1c0087e8 00488713 addi             x14, x17, 4         x14=xxxxxxxx x17:10001f40
15598863ns          260146 1c0087ec 40b785b3 sub              x11, x15, x11       x11=xxxxxxxx x15:00000046 x11:00000043
15598883ns          260147 1c0087f0 3ad7c463 blt              x15, x13, 936       x15:00000046 x13:00000044
15598903ns          260148 1c0087f4 800006b7 lui              x13, 0x80000000     x13=xxxxxxxx
15598923ns          260149 1c0087f8 3ad78063 beq              x15, x13, 928       x15:00000046 x13:80000000
15598943ns          260150 1c0087fc 0055c0fb lp.setup         0x1, x11, 0x5       x11:00000003  PA:10001f44
15598963ns          260151 1c008800 00072783 lw               x15, 0(x14)         x15=xxxxxxxx x14:10001f44
15599022ns          260154 1c008802 1107f7d3 fmul.s           f15, f15, f16       f15=xxxxxxxx f15:41b8b30e f16:3e865d0f
15599042ns          260155 1c008806 00f7222b p.sw             x15, 4(x14!)        x14=10001f48 x15:40c1e1ba x14:10001f44  PA:10001f44
15599062ns          260156 1c008800 00072783 lw               x15, 0(x14)         x15=xxxxxxxx x14:10001f48  PA:10001f48
15599102ns          260158 1c008802 1107f7d3 fmul.s           f15, f15, f16       f15=xxxxxxxx f15:40d4640b f16:3e865d0f
15599122ns          260159 1c008806 00f7222b p.sw             x15, 4(x14!)        x14=10001f4c x15:3fdef325 x14:10001f48  PA:10001f48
15599142ns          260160 1c008800 00072783 lw               x15, 0(x14)         x15=xxxxxxxx x14:10001f4c  PA:10001f4c
15599181ns          260162 1c008802 1107f7d3 fmul.s           f15, f15, f16       f15=xxxxxxxx f15:4128cbf2 f16:3e865d0f
15599201ns          260163 1c008806 00f7222b p.sw             x15, 4(x14!)        x14=10001f50 x15:40313039 x14:10001f4c  PA:10001f4c
15599221ns          260164 1c00880a 00be0e13 addi             x28, x28, 11        x28=0000004d x28:00000042
15599241ns          260165 1c00880c 02c88893 addi             x17, x17, 44        x17=10001f6c x17:10001f40
15599261ns          260166 1c008810 00430313 addi             x6, x6, 4            x6=10001e54  x6:10001e50
15599281ns          260167 1c008812 c6a53be3 p.bneimm         x10, -906           x10:00000007
15599340ns          260170 1c008488 32050f63 beq              x10, x0, 830        x10:00000007
15599360ns          260171 1c00848c 00032783 lw               x15, 0(x6)          x15=xxxxxxxx  x6:10001e54  PA:10001e54
15599400ns          260173 1c008490 e8f7f7c3 fmadd.s          f15, f15, f15, f29  f15=xxxxxxxx f15:413d0868 f15:413d0868 f29:00000000
15599420ns          260174 1c008494 2e152c63 p.beqimm         x10, 760            x10:00000007
15599440ns          260175 1c008498 02832703 lw               x14, 40(x6)         x14=409c5178  x6:10001e54  PA:10001e7c
15599480ns          260177 1c00849c 78e777c3 fmadd.s          f15, f14, f14, f15  f15=xxxxxxxx f14:4103cc6b f14:4103cc6b f15:430b956a
15599500ns          260178 1c0084a0 2e252663 p.beqimm         x10, 748            x10:00000007
15599519ns          260179 1c0084a4 05032703 lw               x14, 80(x6)         x14=xxxxxxxx  x6:10001e54  PA:10001ea4
15599559ns          260181 1c0084a8 78e777c3 fmadd.s          f15, f14, f14, f15  f15=xxxxxxxx f14:409c5178 f14:409c5178 f15:434f7043
15599579ns          260182 1c0084ac 2e352063 p.beqimm         x10, 736            x10:00000007
15599599ns          260183 1c0084b0 07832703 lw               x14, 120(x6)        x14=xxxxxxxx  x6:10001e54  PA:10001ecc
15599639ns          260185 1c0084b4 78e777c3 fmadd.s          f15, f14, f14, f15  f15=xxxxxxxx f14:c0772655 f14:c0772655 f15:43674d1c
15599659ns          260186 1c0084b8 2c452a63 p.beqimm         x10, 724            x10:00000007
15599679ns          260187 1c0084bc 0a032703 lw               x14, 160(x6)        x14=xxxxxxxx  x6:10001e54  PA:10001ef4
15599718ns          260189 1c0084c0 78e777c3 fmadd.s          f15, f14, f14, f15  f15=xxxxxxxx f14:3e96ca20 f14:3e96ca20 f15:437636cc
15599738ns          260190 1c0084c4 2c552463 p.beqimm         x10, 712            x10:00000007
15599758ns          260191 1c0084c8 0c832703 lw               x14, 200(x6)        x14=c083dd2a  x6:10001e54  PA:10001f1c
15599798ns          260193 1c0084cc 78e777c3 fmadd.s          f15, f14, f14, f15  f15=xxxxxxxx f14:c083dd2a f14:c083dd2a f15:43764d00
15599818ns          260194 1c0084d0 2a652e63 p.beqimm         x10, 700            x10:00000007
15599838ns          260195 1c0084d4 0f032703 lw               x14, 240(x6)        x14=40c1e1ba  x6:10001e54  PA:10001f44
15599878ns          260197 1c0084d8 78e777c3 fmadd.s          f15, f14, f14, f15  f15=xxxxxxxx f14:40c1e1ba f14:40c1e1ba f15:4383a403
15599897ns          260198 1c0084dc 2a752863 p.beqimm         x10, 688            x10:00000007
15599957ns          260201 1c00878c 0008a803 lw               x16, 0(x17)         x16=439cfb0c x17:10001f6c  PA:10001f6c
15600017ns          260204 1c008790 08f877d3 fsub.s           f15, f16, f15       f15=xxxxxxxx f16:439cfb0c f15:4395fec7
15600057ns          260206 1c008794 a0fe9753 flt.s            x14, f29, f15       x14=00000001 f29:00000000 f15:415f88a0
15600076ns          260207 1c008798 24071f63 bne              x14, x0, 606        x14:00000001
15600156ns          260211 1c0089f6 025505b3 mul              x11, x10, x5        x11=0000004d x10:00000007  x5:0000000b
15600176ns          260212 1c0089fa 5807f853 fsqrt.s          f16, f15            f16=xxxxxxxx f15:415f88a0
15600216ns          260214 1c0089fe ff858b93 addi             x23, x11, -8        x23=xxxxxxxx x11:0000004d
15600474ns          260227 1c008a02 0108a023 sw               x16, 0(x17)         x16:406f3779 x17:10001f6c  PA:10001f6c
15600494ns          260228 1c008a06 00250a13 addi             x20, x10, 2         x20=00000009 x10:00000007
15600514ns          260229 1c008a0a 00158593 addi             x11, x11, 1         x11=0000004e x11:0000004d
15600534ns          260230 1c008a0c 054bcc63 blt              x23, x20, 88        x23:00000045 x20:00000009
15600554ns          260231 1c008a10 00251a93 slli             x21, x10, 0x2       x21=0000001c x10:00000007
15600574ns          260232 1c008a14 03350b33 mul              x22, x10, x19       x22=ffffffe4 x10:00000007 x19:fffffffc
15600594ns          260233 1c008a18 00010793 addi             x15, x2, 0          x15=10001e38  x2:10001e38
15600613ns          260234 1c008a1c 00fa8ab3 add              x21, x21, x15       x21=10001e54 x21:0000001c x15:10001e38
15600633ns          260235 1c008a1e 40a90c33 sub              x24, x18, x10       x24=00000001 x18:00000008 x10:00000007
15600653ns          260236 1c008a22 028b0b13 addi             x22, x22, 40        x22=0000000c x22:ffffffe4
15600673ns          260237 1c008a26 000aa083 lw               x1, 0(x21)           x1=xxxxxxxx x21:10001e54  PA:10001e54
15600693ns          260238 1c008a2a 014c07b3 add              x15, x24, x20       x15=0000000a x24:00000001 x20:00000009
15600713ns          260239 1c008a2e 201090d3 fsgnjn.s         f1, f1, f1           f1=xxxxxxxx  f1:413d0868  f1:413d0868
15600733ns          260240 1c008a32 0347c463 blt              x15, x20, 40        x15:0000000a x20:00000009
15600753ns          260241 1c008a36 ff8b0713 addi             x14, x22, -8        x14=00000004 x22:0000000c
15600773ns          260242 1c008a3a 00275713 srli             x14, x14, 0x2       x14=00000001 x14:00000004
15600792ns          260243 1c008a3c 00488693 addi             x13, x17, 4         x13=10001f70 x17:10001f6c
15600812ns          260244 1c008a40 004a8613 addi             x12, x21, 4         x12=10001e58 x21:10001e54
15600832ns          260245 1c008a44 00170713 addi             x14, x14, 1         x14=00000002 x14:00000001
15600852ns          260246 1c008a46 008740fb lp.setup         0x1, x14, 0x8       x14:00000002
15600872ns          260247 1c008a4a 0006ac83 lw               x25, 0(x13)         x25=xxxxxxxx x13:10001f70  PA:10001f70
15600892ns          260248 1c008a4e 0046278b p.lw             x15, 4(x12!)        x15=xxxxxxxx x12=10001e5c x12:10001e58  PA:10001e58
15600932ns          260250 1c008a52 c817f7c3 fmadd.s          f15, f15, f1, f25   f15=xxxxxxxx f15:4140fcf8  f1:c13d0868 f25:4328d0f5
15600952ns          260251 1c008a56 00f6a22b p.sw             x15, 4(x13!)        x13=10001f74 x15:41d27edd x13:10001f70  PA:10001f70
15600972ns          260252 1c008a4a 0006ac83 lw               x25, 0(x13)         x25=42cdd7d9 x13:10001f74  PA:10001f74
15600991ns          260253 1c008a4e 0046278b p.lw             x15, 4(x12!)        x15=40cc93a9 x12=10001e60 x12:10001e5c  PA:10001e5c
15601031ns          260255 1c008a52 c817f7c3 fmadd.s          f15, f15, f1, f25   f15=xxxxxxxx f15:40cc93a9  f1:c13d0868 f25:42cdd7d9
15601051ns          260256 1c008a56 00f6a22b p.sw             x15, 4(x13!)        x13=10001f78 x15:41db2076 x13:10001f74  PA:10001f74
15601071ns          260257 1c008a5a 00aa0a13 addi             x20, x20, 10        x20=00000013 x20:00000009
15601091ns          260258 1c008a5c 028a8a93 addi             x21, x21, 40        x21=10001e7c x21:10001e54
15601111ns          260259 1c008a60 fd4bd3e3 bge              x23, x20, -58       x23:00000045 x20:00000013
15601190ns          260263 1c008a26 000aa083 lw               x1, 0(x21)           x1=4103cc6b x21:10001e7c  PA:10001e7c
15601210ns          260264 1c008a2a 014c07b3 add              x15, x24, x20       x15=00000014 x24:00000001 x20:00000013
15601230ns          260265 1c008a2e 201090d3 fsgnjn.s         f1, f1, f1           f1=xxxxxxxx  f1:4103cc6b  f1:4103cc6b
15601250ns          260266 1c008a32 0347c463 blt              x15, x20, 40        x15:00000014 x20:00000013
15601270ns          260267 1c008a36 ff8b0713 addi             x14, x22, -8        x14=00000004 x22:0000000c
15601290ns          260268 1c008a3a 00275713 srli             x14, x14, 0x2       x14=00000001 x14:00000004
15601310ns          260269 1c008a3c 00488693 addi             x13, x17, 4         x13=10001f70 x17:10001f6c
15601330ns          260270 1c008a40 004a8613 addi             x12, x21, 4         x12=10001e80 x21:10001e7c
15601349ns          260271 1c008a44 00170713 addi             x14, x14, 1         x14=00000002 x14:00000001
15601369ns          260272 1c008a46 008740fb lp.setup         0x1, x14, 0x8       x14:00000002
15601389ns          260273 1c008a4a 0006ac83 lw               x25, 0(x13)         x25=41d27edd x13:10001f70  PA:10001f70
15601409ns          260274 1c008a4e 0046278b p.lw             x15, 4(x12!)        x15=401b71f7 x12=10001e84 x12:10001e80  PA:10001e80
15601449ns          260276 1c008a52 c817f7c3 fmadd.s          f15, f15, f1, f25   f15=xxxxxxxx f15:401b71f7  f1:c103cc6b f25:41d27edd
15601469ns          260277 1c008a56 00f6a22b p.sw             x15, 4(x13!)        x13=10001f74 x15:40c9bfeb x13:10001f70  PA:10001f70
15601509ns          260279 1c008a4a 0006ac83 lw               x25, 0(x13)         x25=41db2076 x13:10001f74  PA:10001f74
15601528ns          260280 1c008a4e 0046278b p.lw             x15, 4(x12!)        x15=3ea3106b x12=10001e88 x12:10001e84  PA:10001e84
15601568ns          260282 1c008a52 c817f7c3 fmadd.s          f15, f15, f1, f25   f15=xxxxxxxx f15:3ea3106b  f1:c103cc6b f25:41db2076
15601588ns          260283 1c008a56 00f6a22b p.sw             x15, 4(x13!)        x13=10001f78 x15:41c6238f x13:10001f74  PA:10001f74
15601608ns          260284 1c008a5a 00aa0a13 addi             x20, x20, 10        x20=0000001d x20:00000013
15601628ns          260285 1c008a5c 028a8a93 addi             x21, x21, 40        x21=10001ea4 x21:10001e7c
15601648ns          260286 1c008a60 fd4bd3e3 bge              x23, x20, -58       x23:00000045 x20:0000001d
15601727ns          260290 1c008a26 000aa083 lw               x1, 0(x21)           x1=409c5178 x21:10001ea4  PA:10001ea4
15601747ns          260291 1c008a2a 014c07b3 add              x15, x24, x20       x15=0000001e x24:00000001 x20:0000001d
15601767ns          260292 1c008a2e 201090d3 fsgnjn.s         f1, f1, f1           f1=xxxxxxxx  f1:409c5178  f1:409c5178
15601787ns          260293 1c008a32 0347c463 blt              x15, x20, 40        x15:0000001e x20:0000001d
15601807ns          260294 1c008a36 ff8b0713 addi             x14, x22, -8        x14=00000004 x22:0000000c
15601827ns          260295 1c008a3a 00275713 srli             x14, x14, 0x2       x14=00000001 x14:00000004
15601847ns          260296 1c008a3c 00488693 addi             x13, x17, 4         x13=10001f70 x17:10001f6c
15601867ns          260297 1c008a40 004a8613 addi             x12, x21, 4         x12=10001ea8 x21:10001ea4
15601886ns          260298 1c008a44 00170713 addi             x14, x14, 1         x14=00000002 x14:00000001
15601906ns          260299 1c008a46 008740fb lp.setup         0x1, x14, 0x8       x14:00000002
15601926ns          260300 1c008a4a 0006ac83 lw               x25, 0(x13)         x25=40c9bfeb x13:10001f70  PA:10001f70
15601946ns          260301 1c008a4e 0046278b p.lw             x15, 4(x12!)        x15=40a9bf83 x12=10001eac x12:10001ea8  PA:10001ea8
15601986ns          260303 1c008a52 c817f7c3 fmadd.s          f15, f15, f1, f25   f15=xxxxxxxx f15:40a9bf83  f1:c09c5178 f25:40c9bfeb
15602006ns          260304 1c008a56 00f6a22b p.sw             x15, 4(x13!)        x13=10001f74 x15:c19cdd77 x13:10001f70  PA:10001f70
15602046ns          260306 1c008a4a 0006ac83 lw               x25, 0(x13)         x25=41c6238f x13:10001f74  PA:10001f74
15602066ns          260307 1c008a4e 0046278b p.lw             x15, 4(x12!)        x15=40893d7f x12=10001eb0 x12:10001eac  PA:10001eac
15602105ns          260309 1c008a52 c817f7c3 fmadd.s          f15, f15, f1, f25   f15=xxxxxxxx f15:40893d7f  f1:c09c5178 f25:41c6238f
15602125ns          260310 1c008a56 00f6a22b p.sw             x15, 4(x13!)        x13=10001f78 x15:40744a15 x13:10001f74  PA:10001f74
15602145ns          260311 1c008a5a 00aa0a13 addi             x20, x20, 10        x20=00000027 x20:0000001d
15602165ns          260312 1c008a5c 028a8a93 addi             x21, x21, 40        x21=10001ecc x21:10001ea4
15602185ns          260313 1c008a60 fd4bd3e3 bge              x23, x20, -58       x23:00000045 x20:00000027
15602264ns          260317 1c008a26 000aa083 lw               x1, 0(x21)           x1=c0772655 x21:10001ecc  PA:10001ecc
15602284ns          260318 1c008a2a 014c07b3 add              x15, x24, x20       x15=00000028 x24:00000001 x20:00000027
15602304ns          260319 1c008a2e 201090d3 fsgnjn.s         f1, f1, f1           f1=xxxxxxxx  f1:c0772655  f1:c0772655
15602324ns          260320 1c008a32 0347c463 blt              x15, x20, 40        x15:00000028 x20:00000027
15602344ns          260321 1c008a36 ff8b0713 addi             x14, x22, -8        x14=00000004 x22:0000000c
15602364ns          260322 1c008a3a 00275713 srli             x14, x14, 0x2       x14=00000001 x14:00000004
15602384ns          260323 1c008a3c 00488693 addi             x13, x17, 4         x13=10001f70 x17:10001f6c
15602404ns          260324 1c008a40 004a8613 addi             x12, x21, 4         x12=10001ed0 x21:10001ecc
15602424ns          260325 1c008a44 00170713 addi             x14, x14, 1         x14=00000002 x14:00000001
15602443ns          260326 1c008a46 008740fb lp.setup         0x1, x14, 0x8       x14:00000002
15602463ns          260327 1c008a4a 0006ac83 lw               x25, 0(x13)         x25=c19cdd77 x13:10001f70  PA:10001f70
15602483ns          260328 1c008a4e 0046278b p.lw             x15, 4(x12!)        x15=3f5da41f x12=10001ed4 x12:10001ed0  PA:10001ed0
15602523ns          260330 1c008a52 c817f7c3 fmadd.s          f15, f15, f1, f25   f15=xxxxxxxx f15:3f5da41f  f1:40772655 f25:c19cdd77
15602543ns          260331 1c008a56 00f6a22b p.sw             x15, 4(x13!)        x13=10001f74 x15:c1821e26 x13:10001f70  PA:10001f70
15602583ns          260333 1c008a4a 0006ac83 lw               x25, 0(x13)         x25=40744a15 x13:10001f74  PA:10001f74
15602603ns          260334 1c008a4e 0046278b p.lw             x15, 4(x12!)        x15=beab955d x12=10001ed8 x12:10001ed4  PA:10001ed4
15602642ns          260336 1c008a52 c817f7c3 fmadd.s          f15, f15, f1, f25   f15=xxxxxxxx f15:beab955d  f1:40772655 f25:40744a15
15602662ns          260337 1c008a56 00f6a22b p.sw             x15, 4(x13!)        x13=10001f78 x15:402176ae x13:10001f74  PA:10001f74
15602682ns          260338 1c008a5a 00aa0a13 addi             x20, x20, 10        x20=00000031 x20:00000027
15602702ns          260339 1c008a5c 028a8a93 addi             x21, x21, 40        x21=10001ef4 x21:10001ecc
15602722ns          260340 1c008a60 fd4bd3e3 bge              x23, x20, -58       x23:00000045 x20:00000031
15602801ns          260344 1c008a26 000aa083 lw               x1, 0(x21)           x1=3e96ca20 x21:10001ef4  PA:10001ef4
15602821ns          260345 1c008a2a 014c07b3 add              x15, x24, x20       x15=00000032 x24:00000001 x20:00000031
15602841ns          260346 1c008a2e 201090d3 fsgnjn.s         f1, f1, f1           f1=xxxxxxxx  f1:3e96ca20  f1:3e96ca20
15602861ns          260347 1c008a32 0347c463 blt              x15, x20, 40        x15:00000032 x20:00000031
15602881ns          260348 1c008a36 ff8b0713 addi             x14, x22, -8        x14=00000004 x22:0000000c
15602901ns          260349 1c008a3a 00275713 srli             x14, x14, 0x2       x14=00000001 x14:00000004
15602921ns          260350 1c008a3c 00488693 addi             x13, x17, 4         x13=10001f70 x17:10001f6c
15602941ns          260351 1c008a40 004a8613 addi             x12, x21, 4         x12=10001ef8 x21:10001ef4
15602961ns          260352 1c008a44 00170713 addi             x14, x14, 1         x14=00000002 x14:00000001
15602980ns          260353 1c008a46 008740fb lp.setup         0x1, x14, 0x8       x14:00000002
15603000ns          260354 1c008a4a 0006ac83 lw               x25, 0(x13)         x25=c1821e26 x13:10001f70  PA:10001f70
15603020ns          260355 1c008a4e 0046278b p.lw             x15, 4(x12!)        x15=3f3b8d22 x12=10001efc x12:10001ef8  PA:10001ef8
15603060ns          260357 1c008a52 c817f7c3 fmadd.s          f15, f15, f1, f25   f15=xxxxxxxx f15:3f3b8d22  f1:be96ca20 f25:c1821e26
15603080ns          260358 1c008a56 00f6a22b p.sw             x15, 4(x13!)        x13=10001f74 x15:c183d809 x13:10001f70  PA:10001f70
15603120ns          260360 1c008a4a 0006ac83 lw               x25, 0(x13)         x25=402176ae x13:10001f74  PA:10001f74
15603140ns          260361 1c008a4e 0046278b p.lw             x15, 4(x12!)        x15=c015546d x12=10001f00 x12:10001efc  PA:10001efc
15603179ns          260363 1c008a52 c817f7c3 fmadd.s          f15, f15, f1, f25   f15=xxxxxxxx f15:c015546d  f1:be96ca20 f25:402176ae
15603199ns          260364 1c008a56 00f6a22b p.sw             x15, 4(x13!)        x13=10001f78 x15:404d715e x13:10001f74  PA:10001f74
15603219ns          260365 1c008a5a 00aa0a13 addi             x20, x20, 10        x20=0000003b x20:00000031
15603239ns          260366 1c008a5c 028a8a93 addi             x21, x21, 40        x21=10001f1c x21:10001ef4
15603259ns          260367 1c008a60 fd4bd3e3 bge              x23, x20, -58       x23:00000045 x20:0000003b
15603339ns          260371 1c008a26 000aa083 lw               x1, 0(x21)           x1=c083dd2a x21:10001f1c  PA:10001f1c
15603358ns          260372 1c008a2a 014c07b3 add              x15, x24, x20       x15=0000003c x24:00000001 x20:0000003b
15603378ns          260373 1c008a2e 201090d3 fsgnjn.s         f1, f1, f1           f1=xxxxxxxx  f1:c083dd2a  f1:c083dd2a
15603398ns          260374 1c008a32 0347c463 blt              x15, x20, 40        x15:0000003c x20:0000003b
15603418ns          260375 1c008a36 ff8b0713 addi             x14, x22, -8        x14=00000004 x22:0000000c
15603438ns          260376 1c008a3a 00275713 srli             x14, x14, 0x2       x14=00000001 x14:00000004
15603458ns          260377 1c008a3c 00488693 addi             x13, x17, 4         x13=10001f70 x17:10001f6c
15603478ns          260378 1c008a40 004a8613 addi             x12, x21, 4         x12=10001f20 x21:10001f1c
15603498ns          260379 1c008a44 00170713 addi             x14, x14, 1         x14=00000002 x14:00000001
15603518ns          260380 1c008a46 008740fb lp.setup         0x1, x14, 0x8       x14:00000002
15603537ns          260381 1c008a4a 0006ac83 lw               x25, 0(x13)         x25=c183d809 x13:10001f70  PA:10001f70
15603557ns          260382 1c008a4e 0046278b p.lw             x15, 4(x12!)        x15=40b51614 x12=10001f24 x12:10001f20  PA:10001f20
15603597ns          260384 1c008a52 c817f7c3 fmadd.s          f15, f15, f1, f25   f15=xxxxxxxx f15:40b51614  f1:4083dd2a f25:c183d809
15603617ns          260385 1c008a56 00f6a22b p.sw             x15, 4(x13!)        x13=10001f74 x15:40dad5cc x13:10001f70  PA:10001f70
15603657ns          260387 1c008a4a 0006ac83 lw               x25, 0(x13)         x25=404d715e x13:10001f74  PA:10001f74
15603677ns          260388 1c008a4e 0046278b p.lw             x15, 4(x12!)        x15=3f880aa5 x12=10001f28 x12:10001f24  PA:10001f24
15603716ns          260390 1c008a52 c817f7c3 fmadd.s          f15, f15, f1, f25   f15=xxxxxxxx f15:3f880aa5  f1:4083dd2a f25:404d715e
15603736ns          260391 1c008a56 00f6a22b p.sw             x15, 4(x13!)        x13=10001f78 x15:40f2dea3 x13:10001f74  PA:10001f74
15603756ns          260392 1c008a5a 00aa0a13 addi             x20, x20, 10        x20=00000045 x20:0000003b
15603776ns          260393 1c008a5c 028a8a93 addi             x21, x21, 40        x21=10001f44 x21:10001f1c
15603796ns          260394 1c008a60 fd4bd3e3 bge              x23, x20, -58       x23:00000045 x20:00000045
15603876ns          260398 1c008a26 000aa083 lw               x1, 0(x21)           x1=40c1e1ba x21:10001f44  PA:10001f44
15603895ns          260399 1c008a2a 014c07b3 add              x15, x24, x20       x15=00000046 x24:00000001 x20:00000045
15603915ns          260400 1c008a2e 201090d3 fsgnjn.s         f1, f1, f1           f1=xxxxxxxx  f1:40c1e1ba  f1:40c1e1ba
15603935ns          260401 1c008a32 0347c463 blt              x15, x20, 40        x15:00000046 x20:00000045
15603955ns          260402 1c008a36 ff8b0713 addi             x14, x22, -8        x14=00000004 x22:0000000c
15603975ns          260403 1c008a3a 00275713 srli             x14, x14, 0x2       x14=00000001 x14:00000004
15603995ns          260404 1c008a3c 00488693 addi             x13, x17, 4         x13=10001f70 x17:10001f6c
15604015ns          260405 1c008a40 004a8613 addi             x12, x21, 4         x12=10001f48 x21:10001f44
15604035ns          260406 1c008a44 00170713 addi             x14, x14, 1         x14=00000002 x14:00000001
15604055ns          260407 1c008a46 008740fb lp.setup         0x1, x14, 0x8       x14:00000002
15604074ns          260408 1c008a4a 0006ac83 lw               x25, 0(x13)         x25=40dad5cc x13:10001f70  PA:10001f70
15604094ns          260409 1c008a4e 0046278b p.lw             x15, 4(x12!)        x15=3fdef325 x12=10001f4c x12:10001f48  PA:10001f48
15604134ns          260411 1c008a52 c817f7c3 fmadd.s          f15, f15, f1, f25   f15=xxxxxxxx f15:3fdef325  f1:c0c1e1ba f25:40dad5cc
15604154ns          260412 1c008a56 00f6a22b p.sw             x15, 4(x13!)        x13=10001f74 x15:c06dbbfa x13:10001f70  PA:10001f70
15604194ns          260414 1c008a4a 0006ac83 lw               x25, 0(x13)         x25=40f2dea3 x13:10001f74  PA:10001f74
15604214ns          260415 1c008a4e 0046278b p.lw             x15, 4(x12!)        x15=40313039 x12=10001f50 x12:10001f4c  PA:10001f4c
15604253ns          260417 1c008a52 c817f7c3 fmadd.s          f15, f15, f1, f25   f15=xxxxxxxx f15:40313039  f1:c0c1e1ba f25:40f2dea3
15604273ns          260418 1c008a56 00f6a22b p.sw             x15, 4(x13!)        x13=10001f78 x15:c112f3dd x13:10001f74  PA:10001f74
15604293ns          260419 1c008a5a 00aa0a13 addi             x20, x20, 10        x20=0000004f x20:00000045
15604313ns          260420 1c008a5c 028a8a93 addi             x21, x21, 40        x21=10001f6c x21:10001f44
15604333ns          260421 1c008a60 fd4bd3e3 bge              x23, x20, -58       x23:00000045 x20:0000004f
15604353ns          260422 1c008a64 00150513 addi             x10, x10, 1         x10=00000008 x10:00000007
15604373ns          260423 1c008a66 027507b3 mul              x15, x10, x7        x15=00000050 x10:00000008  x7:0000000a
15604393ns          260424 1c008a6a 190ff853 fdiv.s           f16, f31, f16       f16=xxxxxxxx f31:3f800000 f16:406f3779
15604432ns          260426 1c008a6e d6f5cbe3 blt              x11, x15, -650      x11:0000004e x15:00000050
15604532ns          260431 1c0087e4 00158693 addi             x13, x11, 1         x13=xxxxxxxx x11:0000004e
15604572ns          260433 1c0087e8 00488713 addi             x14, x17, 4         x14=xxxxxxxx x17:10001f6c
15604592ns          260434 1c0087ec 40b785b3 sub              x11, x15, x11       x11=xxxxxxxx x15:00000050 x11:0000004e
15604612ns          260435 1c0087f0 3ad7c463 blt              x15, x13, 936       x15:00000050 x13:0000004f
15604631ns          260436 1c0087f4 800006b7 lui              x13, 0x80000000     x13=xxxxxxxx
15604651ns          260437 1c0087f8 3ad78063 beq              x15, x13, 928       x15:00000050 x13:80000000
15604671ns          260438 1c0087fc 0055c0fb lp.setup         0x1, x11, 0x5       x11:00000002  PA:10001f70
15604691ns          260439 1c008800 00072783 lw               x15, 0(x14)         x15=xxxxxxxx x14:10001f70
15604731ns          260441 1c008802 1107f7d3 fmul.s           f15, f15, f16       f15=xxxxxxxx f15:c06dbbfa f16:3e88fafc
15604751ns          260442 1c008806 00f7222b p.sw             x15, 4(x14!)        x14=10001f74 x15:bf7e69e1 x14:10001f70  PA:10001f70
15604771ns          260443 1c008800 00072783 lw               x15, 0(x14)         x15=xxxxxxxx x14:10001f74  PA:10001f74
15604810ns          260445 1c008802 1107f7d3 fmul.s           f15, f15, f16       f15=xxxxxxxx f15:c112f3dd f16:3e88fafc
15604830ns          260446 1c008806 00f7222b p.sw             x15, 4(x14!)        x14=10001f78 x15:c01d4340 x14:10001f74  PA:10001f74
15604850ns          260447 1c00880a 00be0e13 addi             x28, x28, 11        x28=00000058 x28:0000004d
15604870ns          260448 1c00880c 02c88893 addi             x17, x17, 44        x17=10001f98 x17:10001f6c
15604890ns          260449 1c008810 00430313 addi             x6, x6, 4            x6=10001e58  x6:10001e54
15604910ns          260450 1c008812 c6a53be3 p.bneimm         x10, -906           x10:00000008
15605029ns          260456 1c008488 32050f63 beq              x10, x0, 830        x10:00000008
15605049ns          260457 1c00848c 00032783 lw               x15, 0(x6)          x15=xxxxxxxx  x6:10001e58  PA:10001e58
15605089ns          260459 1c008490 e8f7f7c3 fmadd.s          f15, f15, f15, f29  f15=xxxxxxxx f15:4140fcf8 f15:4140fcf8 f29:00000000
15605109ns          260460 1c008494 2e152c63 p.beqimm         x10, 760            x10:00000008
15605129ns          260461 1c008498 02832703 lw               x14, 40(x6)         x14=401b71f7  x6:10001e58  PA:10001e80
15605168ns          260463 1c00849c 78e777c3 fmadd.s          f15, f14, f14, f15  f15=xxxxxxxx f14:401b71f7 f14:401b71f7 f15:43117c6e
15605188ns          260464 1c0084a0 2e252663 p.beqimm         x10, 748            x10:00000008
15605208ns          260465 1c0084a4 05032703 lw               x14, 80(x6)         x14=40a9bf83  x6:10001e58  PA:10001ea8
15605248ns          260467 1c0084a8 78e777c3 fmadd.s          f15, f14, f14, f15  f15=xxxxxxxx f14:40a9bf83 f14:40a9bf83 f15:431762a1
15605268ns          260468 1c0084ac 2e352063 p.beqimm         x10, 736            x10:00000008
15605288ns          260469 1c0084b0 07832703 lw               x14, 120(x6)        x14=3f5da41f  x6:10001e58  PA:10001ed0
15605328ns          260471 1c0084b4 78e777c3 fmadd.s          f15, f14, f14, f15  f15=xxxxxxxx f14:3f5da41f f14:3f5da41f f15:4333863c
15605347ns          260472 1c0084b8 2c452a63 p.beqimm         x10, 724            x10:00000008
15605367ns          260473 1c0084bc 0a032703 lw               x14, 160(x6)        x14=3f3b8d22  x6:10001e58  PA:10001ef8
15605407ns          260475 1c0084c0 78e777c3 fmadd.s          f15, f14, f14, f15  f15=xxxxxxxx f14:3f3b8d22 f14:3f3b8d22 f15:43344621
15605427ns          260476 1c0084c4 2c552463 p.beqimm         x10, 712            x10:00000008
15605447ns          260477 1c0084c8 0c832703 lw               x14, 200(x6)        x14=40b51614  x6:10001e58  PA:10001f20
15605487ns          260479 1c0084cc 78e777c3 fmadd.s          f15, f14, f14, f15  f15=xxxxxxxx f14:40b51614 f14:40b51614 f15:4334cf88
15605507ns          260480 1c0084d0 2a652e63 p.beqimm         x10, 700            x10:00000008
15605526ns          260481 1c0084d4 0f032703 lw               x14, 240(x6)        x14=3fdef325  x6:10001e58  PA:10001f48
15605566ns          260483 1c0084d8 78e777c3 fmadd.s          f15, f14, f14, f15  f15=xxxxxxxx f14:3fdef325 f14:3fdef325 f15:4354d597
15605586ns          260484 1c0084dc 2a752863 p.beqimm         x10, 688            x10:00000008
15605606ns          260485 1c0084e0 11832703 lw               x14, 280(x6)        x14=bf7e69e1  x6:10001e58  PA:10001f70
15605646ns          260487 1c0084e4 78e777c3 fmadd.s          f15, f14, f14, f15  f15=xxxxxxxx f14:bf7e69e1 f14:bf7e69e1 f15:4357de41
15605666ns          260488 1c0084e8 2a953263 p.bneimm         x10, 676            x10:00000008
15605765ns          260493 1c00878c 0008a803 lw               x16, 0(x17)         x16=435c3561 x17:10001f98  PA:10001f98
15605805ns          260495 1c008790 08f877d3 fsub.s           f15, f16, f15       f15=xxxxxxxx f16:435c3561 f15:4358db17
15605825ns          260496 1c008794 a0fe9753 flt.s            x14, f29, f15       x14=00000001 f29:00000000 f15:40569280
15605845ns          260497 1c008798 24071f63 bne              x14, x0, 606        x14:00000001
15605924ns          260501 1c0089f6 025505b3 mul              x11, x10, x5        x11=00000058 x10:00000008  x5:0000000b
15605944ns          260502 1c0089fa 5807f853 fsqrt.s          f16, f15            f16=xxxxxxxx f15:40569280
15605964ns          260503 1c0089fe ff858b93 addi             x23, x11, -8        x23=xxxxxxxx x11:00000058
15606223ns          260516 1c008a02 0108a023 sw               x16, 0(x17)         x16:3fea5f60 x17:10001f98  PA:10001f98
15606243ns          260517 1c008a06 00250a13 addi             x20, x10, 2         x20=0000000a x10:00000008
15606262ns          260518 1c008a0a 00158593 addi             x11, x11, 1         x11=00000059 x11:00000058
15606282ns          260519 1c008a0c 054bcc63 blt              x23, x20, 88        x23:00000050 x20:0000000a
15606302ns          260520 1c008a10 00251a93 slli             x21, x10, 0x2       x21=00000020 x10:00000008
15606322ns          260521 1c008a14 03350b33 mul              x22, x10, x19       x22=ffffffe0 x10:00000008 x19:fffffffc
15606342ns          260522 1c008a18 00010793 addi             x15, x2, 0          x15=10001e38  x2:10001e38
15606362ns          260523 1c008a1c 00fa8ab3 add              x21, x21, x15       x21=10001e58 x21:00000020 x15:10001e38
15606382ns          260524 1c008a1e 40a90c33 sub              x24, x18, x10       x24=00000000 x18:00000008 x10:00000008
15606402ns          260525 1c008a22 028b0b13 addi             x22, x22, 40        x22=00000008 x22:ffffffe0
15606422ns          260526 1c008a26 000aa083 lw               x1, 0(x21)           x1=xxxxxxxx x21:10001e58  PA:10001e58
15606441ns          260527 1c008a2a 014c07b3 add              x15, x24, x20       x15=0000000a x24:00000000 x20:0000000a
15606461ns          260528 1c008a2e 201090d3 fsgnjn.s         f1, f1, f1           f1=xxxxxxxx  f1:4140fcf8  f1:4140fcf8
15606481ns          260529 1c008a32 0347c463 blt              x15, x20, 40        x15:0000000a x20:0000000a
15606501ns          260530 1c008a36 ff8b0713 addi             x14, x22, -8        x14=00000000 x22:00000008
15606521ns          260531 1c008a3a 00275713 srli             x14, x14, 0x2       x14=00000000 x14:00000000
15606541ns          260532 1c008a3c 00488693 addi             x13, x17, 4         x13=10001f9c x17:10001f98
15606561ns          260533 1c008a40 004a8613 addi             x12, x21, 4         x12=10001e5c x21:10001e58
15606581ns          260534 1c008a44 00170713 addi             x14, x14, 1         x14=00000001 x14:00000000
15606601ns          260535 1c008a46 008740fb lp.setup         0x1, x14, 0x8       x14:00000001
15606620ns          260536 1c008a4a 0006ac83 lw               x25, 0(x13)         x25=xxxxxxxx x13:10001f9c  PA:10001f9c
15606640ns          260537 1c008a4e 0046278b p.lw             x15, 4(x12!)        x15=xxxxxxxx x12=10001e60 x12:10001e5c  PA:10001e5c
15606680ns          260539 1c008a52 c817f7c3 fmadd.s          f15, f15, f1, f25   f15=xxxxxxxx f15:40cc93a9  f1:c140fcf8 f25:42e28bec
15606700ns          260540 1c008a56 00f6a22b p.sw             x15, 4(x13!)        x13=10001fa0 x15:4210a60b x13:10001f9c  PA:10001f9c
15606720ns          260541 1c008a5a 00aa0a13 addi             x20, x20, 10        x20=00000014 x20:0000000a
15606740ns          260542 1c008a5c 028a8a93 addi             x21, x21, 40        x21=10001e80 x21:10001e58
15606760ns          260543 1c008a60 fd4bd3e3 bge              x23, x20, -58       x23:00000050 x20:00000014
15606839ns          260547 1c008a26 000aa083 lw               x1, 0(x21)           x1=401b71f7 x21:10001e80  PA:10001e80
15606859ns          260548 1c008a2a 014c07b3 add              x15, x24, x20       x15=00000014 x24:00000000 x20:00000014
15606879ns          260549 1c008a2e 201090d3 fsgnjn.s         f1, f1, f1           f1=xxxxxxxx  f1:401b71f7  f1:401b71f7
15606899ns          260550 1c008a32 0347c463 blt              x15, x20, 40        x15:00000014 x20:00000014
15606919ns          260551 1c008a36 ff8b0713 addi             x14, x22, -8        x14=00000000 x22:00000008
15606939ns          260552 1c008a3a 00275713 srli             x14, x14, 0x2       x14=00000000 x14:00000000
15606959ns          260553 1c008a3c 00488693 addi             x13, x17, 4         x13=10001f9c x17:10001f98
15606979ns          260554 1c008a40 004a8613 addi             x12, x21, 4         x12=10001e84 x21:10001e80
15606998ns          260555 1c008a44 00170713 addi             x14, x14, 1         x14=00000001 x14:00000000
15607018ns          260556 1c008a46 008740fb lp.setup         0x1, x14, 0x8       x14:00000001
15607038ns          260557 1c008a4a 0006ac83 lw               x25, 0(x13)         x25=4210a60b x13:10001f9c  PA:10001f9c
15607058ns          260558 1c008a4e 0046278b p.lw             x15, 4(x12!)        x15=3ea3106b x12=10001e88 x12:10001e84  PA:10001e84
15607098ns          260560 1c008a52 c817f7c3 fmadd.s          f15, f15, f1, f25   f15=xxxxxxxx f15:3ea3106b  f1:c01b71f7 f25:4210a60b
15607118ns          260561 1c008a56 00f6a22b p.sw             x15, 4(x13!)        x13=10001fa0 x15:420d8def x13:10001f9c  PA:10001f9c
15607138ns          260562 1c008a5a 00aa0a13 addi             x20, x20, 10        x20=0000001e x20:00000014
15607158ns          260563 1c008a5c 028a8a93 addi             x21, x21, 40        x21=10001ea8 x21:10001e80
15607177ns          260564 1c008a60 fd4bd3e3 bge              x23, x20, -58       x23:00000050 x20:0000001e
15607257ns          260568 1c008a26 000aa083 lw               x1, 0(x21)           x1=40a9bf83 x21:10001ea8  PA:10001ea8
15607277ns          260569 1c008a2a 014c07b3 add              x15, x24, x20       x15=0000001e x24:00000000 x20:0000001e
15607297ns          260570 1c008a2e 201090d3 fsgnjn.s         f1, f1, f1           f1=xxxxxxxx  f1:40a9bf83  f1:40a9bf83
15607317ns          260571 1c008a32 0347c463 blt              x15, x20, 40        x15:0000001e x20:0000001e
15607337ns          260572 1c008a36 ff8b0713 addi             x14, x22, -8        x14=00000000 x22:00000008
15607356ns          260573 1c008a3a 00275713 srli             x14, x14, 0x2       x14=00000000 x14:00000000
15607376ns          260574 1c008a3c 00488693 addi             x13, x17, 4         x13=10001f9c x17:10001f98
15607396ns          260575 1c008a40 004a8613 addi             x12, x21, 4         x12=10001eac x21:10001ea8
15607416ns          260576 1c008a44 00170713 addi             x14, x14, 1         x14=00000001 x14:00000000
15607436ns          260577 1c008a46 008740fb lp.setup         0x1, x14, 0x8       x14:00000001
15607456ns          260578 1c008a4a 0006ac83 lw               x25, 0(x13)         x25=420d8def x13:10001f9c  PA:10001f9c
15607476ns          260579 1c008a4e 0046278b p.lw             x15, 4(x12!)        x15=40893d7f x12=10001eb0 x12:10001eac  PA:10001eac
15607516ns          260581 1c008a52 c817f7c3 fmadd.s          f15, f15, f1, f25   f15=xxxxxxxx f15:40893d7f  f1:c0a9bf83 f25:420d8def
15607535ns          260582 1c008a56 00f6a22b p.sw             x15, 4(x13!)        x13=10001fa0 x15:414a36ac x13:10001f9c  PA:10001f9c
15607555ns          260583 1c008a5a 00aa0a13 addi             x20, x20, 10        x20=00000028 x20:0000001e
15607575ns          260584 1c008a5c 028a8a93 addi             x21, x21, 40        x21=10001ed0 x21:10001ea8
15607595ns          260585 1c008a60 fd4bd3e3 bge              x23, x20, -58       x23:00000050 x20:00000028
15607675ns          260589 1c008a26 000aa083 lw               x1, 0(x21)           x1=3f5da41f x21:10001ed0  PA:10001ed0
15607695ns          260590 1c008a2a 014c07b3 add              x15, x24, x20       x15=00000028 x24:00000000 x20:00000028
15607714ns          260591 1c008a2e 201090d3 fsgnjn.s         f1, f1, f1           f1=xxxxxxxx  f1:3f5da41f  f1:3f5da41f
15607734ns          260592 1c008a32 0347c463 blt              x15, x20, 40        x15:00000028 x20:00000028
15607754ns          260593 1c008a36 ff8b0713 addi             x14, x22, -8        x14=00000000 x22:00000008
15607774ns          260594 1c008a3a 00275713 srli             x14, x14, 0x2       x14=00000000 x14:00000000
15607794ns          260595 1c008a3c 00488693 addi             x13, x17, 4         x13=10001f9c x17:10001f98
15607814ns          260596 1c008a40 004a8613 addi             x12, x21, 4         x12=10001ed4 x21:10001ed0
15607834ns          260597 1c008a44 00170713 addi             x14, x14, 1         x14=00000001 x14:00000000
15607854ns          260598 1c008a46 008740fb lp.setup         0x1, x14, 0x8       x14:00000001
15607874ns          260599 1c008a4a 0006ac83 lw               x25, 0(x13)         x25=414a36ac x13:10001f9c  PA:10001f9c
15607893ns          260600 1c008a4e 0046278b p.lw             x15, 4(x12!)        x15=beab955d x12=10001ed8 x12:10001ed4  PA:10001ed4
15607933ns          260602 1c008a52 c817f7c3 fmadd.s          f15, f15, f1, f25   f15=xxxxxxxx f15:beab955d  f1:bf5da41f f25:414a36ac
15607953ns          260603 1c008a56 00f6a22b p.sw             x15, 4(x13!)        x13=10001fa0 x15:414edb1c x13:10001f9c  PA:10001f9c
15607973ns          260604 1c008a5a 00aa0a13 addi             x20, x20, 10        x20=00000032 x20:00000028
15607993ns          260605 1c008a5c 028a8a93 addi             x21, x21, 40        x21=10001ef8 x21:10001ed0
15608013ns          260606 1c008a60 fd4bd3e3 bge              x23, x20, -58       x23:00000050 x20:00000032
15608092ns          260610 1c008a26 000aa083 lw               x1, 0(x21)           x1=3f3b8d22 x21:10001ef8  PA:10001ef8
15608112ns          260611 1c008a2a 014c07b3 add              x15, x24, x20       x15=00000032 x24:00000000 x20:00000032
15608132ns          260612 1c008a2e 201090d3 fsgnjn.s         f1, f1, f1           f1=xxxxxxxx  f1:3f3b8d22  f1:3f3b8d22
15608152ns          260613 1c008a32 0347c463 blt              x15, x20, 40        x15:00000032 x20:00000032
15608172ns          260614 1c008a36 ff8b0713 addi             x14, x22, -8        x14=00000000 x22:00000008
15608192ns          260615 1c008a3a 00275713 srli             x14, x14, 0x2       x14=00000000 x14:00000000
15608212ns          260616 1c008a3c 00488693 addi             x13, x17, 4         x13=10001f9c x17:10001f98
15608232ns          260617 1c008a40 004a8613 addi             x12, x21, 4         x12=10001efc x21:10001ef8
15608252ns          260618 1c008a44 00170713 addi             x14, x14, 1         x14=00000001 x14:00000000
15608271ns          260619 1c008a46 008740fb lp.setup         0x1, x14, 0x8       x14:00000001
15608291ns          260620 1c008a4a 0006ac83 lw               x25, 0(x13)         x25=414edb1c x13:10001f9c  PA:10001f9c
15608311ns          260621 1c008a4e 0046278b p.lw             x15, 4(x12!)        x15=c015546d x12=10001f00 x12:10001efc  PA:10001efc
15608351ns          260623 1c008a52 c817f7c3 fmadd.s          f15, f15, f1, f25   f15=xxxxxxxx f15:c015546d  f1:bf3b8d22 f25:414edb1c
15608371ns          260624 1c008a56 00f6a22b p.sw             x15, 4(x13!)        x13=10001fa0 x15:416a34dc x13:10001f9c  PA:10001f9c
15608391ns          260625 1c008a5a 00aa0a13 addi             x20, x20, 10        x20=0000003c x20:00000032
15608411ns          260626 1c008a5c 028a8a93 addi             x21, x21, 40        x21=10001f20 x21:10001ef8
15608431ns          260627 1c008a60 fd4bd3e3 bge              x23, x20, -58       x23:00000050 x20:0000003c
15608510ns          260631 1c008a26 000aa083 lw               x1, 0(x21)           x1=40b51614 x21:10001f20  PA:10001f20
15608530ns          260632 1c008a2a 014c07b3 add              x15, x24, x20       x15=0000003c x24:00000000 x20:0000003c
15608550ns          260633 1c008a2e 201090d3 fsgnjn.s         f1, f1, f1           f1=xxxxxxxx  f1:40b51614  f1:40b51614
15608570ns          260634 1c008a32 0347c463 blt              x15, x20, 40        x15:0000003c x20:0000003c
15608590ns          260635 1c008a36 ff8b0713 addi             x14, x22, -8        x14=00000000 x22:00000008
15608610ns          260636 1c008a3a 00275713 srli             x14, x14, 0x2       x14=00000000 x14:00000000
15608629ns          260637 1c008a3c 00488693 addi             x13, x17, 4         x13=10001f9c x17:10001f98
15608649ns          260638 1c008a40 004a8613 addi             x12, x21, 4         x12=10001f24 x21:10001f20
15608669ns          260639 1c008a44 00170713 addi             x14, x14, 1         x14=00000001 x14:00000000
15608689ns          260640 1c008a46 008740fb lp.setup         0x1, x14, 0x8       x14:00000001
15608709ns          260641 1c008a4a 0006ac83 lw               x25, 0(x13)         x25=416a34dc x13:10001f9c  PA:10001f9c
15608729ns          260642 1c008a4e 0046278b p.lw             x15, 4(x12!)        x15=3f880aa5 x12=10001f28 x12:10001f24  PA:10001f24
15608769ns          260644 1c008a52 c817f7c3 fmadd.s          f15, f15, f1, f25   f15=xxxxxxxx f15:3f880aa5  f1:c0b51614 f25:416a34dc
15608789ns          260645 1c008a56 00f6a22b p.sw             x15, 4(x13!)        x13=10001fa0 x15:4109f99a x13:10001f9c  PA:10001f9c
15608808ns          260646 1c008a5a 00aa0a13 addi             x20, x20, 10        x20=00000046 x20:0000003c
15608828ns          260647 1c008a5c 028a8a93 addi             x21, x21, 40        x21=10001f48 x21:10001f20
15608848ns          260648 1c008a60 fd4bd3e3 bge              x23, x20, -58       x23:00000050 x20:00000046
15608928ns          260652 1c008a26 000aa083 lw               x1, 0(x21)           x1=3fdef325 x21:10001f48  PA:10001f48
15608948ns          260653 1c008a2a 014c07b3 add              x15, x24, x20       x15=00000046 x24:00000000 x20:00000046
15608968ns          260654 1c008a2e 201090d3 fsgnjn.s         f1, f1, f1           f1=xxxxxxxx  f1:3fdef325  f1:3fdef325
15608987ns          260655 1c008a32 0347c463 blt              x15, x20, 40        x15:00000046 x20:00000046
15609007ns          260656 1c008a36 ff8b0713 addi             x14, x22, -8        x14=00000000 x22:00000008
15609027ns          260657 1c008a3a 00275713 srli             x14, x14, 0x2       x14=00000000 x14:00000000
15609047ns          260658 1c008a3c 00488693 addi             x13, x17, 4         x13=10001f9c x17:10001f98
15609067ns          260659 1c008a40 004a8613 addi             x12, x21, 4         x12=10001f4c x21:10001f48
15609087ns          260660 1c008a44 00170713 addi             x14, x14, 1         x14=00000001 x14:00000000
15609107ns          260661 1c008a46 008740fb lp.setup         0x1, x14, 0x8       x14:00000001
15609127ns          260662 1c008a4a 0006ac83 lw               x25, 0(x13)         x25=4109f99a x13:10001f9c  PA:10001f9c
15609147ns          260663 1c008a4e 0046278b p.lw             x15, 4(x12!)        x15=40313039 x12=10001f50 x12:10001f4c  PA:10001f4c
15609186ns          260665 1c008a52 c817f7c3 fmadd.s          f15, f15, f1, f25   f15=xxxxxxxx f15:40313039  f1:bfdef325 f25:4109f99a
15609206ns          260666 1c008a56 00f6a22b p.sw             x15, 4(x13!)        x13=10001fa0 x15:40734630 x13:10001f9c  PA:10001f9c
15609226ns          260667 1c008a5a 00aa0a13 addi             x20, x20, 10        x20=00000050 x20:00000046
15609246ns          260668 1c008a5c 028a8a93 addi             x21, x21, 40        x21=10001f70 x21:10001f48
15609266ns          260669 1c008a60 fd4bd3e3 bge              x23, x20, -58       x23:00000050 x20:00000050
15609346ns          260673 1c008a26 000aa083 lw               x1, 0(x21)           x1=bf7e69e1 x21:10001f70  PA:10001f70
15609365ns          260674 1c008a2a 014c07b3 add              x15, x24, x20       x15=00000050 x24:00000000 x20:00000050
15609385ns          260675 1c008a2e 201090d3 fsgnjn.s         f1, f1, f1           f1=xxxxxxxx  f1:bf7e69e1  f1:bf7e69e1
15609405ns          260676 1c008a32 0347c463 blt              x15, x20, 40        x15:00000050 x20:00000050
15609425ns          260677 1c008a36 ff8b0713 addi             x14, x22, -8        x14=00000000 x22:00000008
15609445ns          260678 1c008a3a 00275713 srli             x14, x14, 0x2       x14=00000000 x14:00000000
15609465ns          260679 1c008a3c 00488693 addi             x13, x17, 4         x13=10001f9c x17:10001f98
15609485ns          260680 1c008a40 004a8613 addi             x12, x21, 4         x12=10001f74 x21:10001f70
15609505ns          260681 1c008a44 00170713 addi             x14, x14, 1         x14=00000001 x14:00000000
15609525ns          260682 1c008a46 008740fb lp.setup         0x1, x14, 0x8       x14:00000001
15609544ns          260683 1c008a4a 0006ac83 lw               x25, 0(x13)         x25=40734630 x13:10001f9c  PA:10001f9c
15609564ns          260684 1c008a4e 0046278b p.lw             x15, 4(x12!)        x15=c01d4340 x12=10001f78 x12:10001f74  PA:10001f74
15609604ns          260686 1c008a52 c817f7c3 fmadd.s          f15, f15, f1, f25   f15=xxxxxxxx f15:c01d4340  f1:3f7e69e1 f25:40734630
15609624ns          260687 1c008a56 00f6a22b p.sw             x15, 4(x13!)        x13=10001fa0 x15:3fadf8d7 x13:10001f9c  PA:10001f9c
15609644ns          260688 1c008a5a 00aa0a13 addi             x20, x20, 10        x20=0000005a x20:00000050
15609664ns          260689 1c008a5c 028a8a93 addi             x21, x21, 40        x21=10001f98 x21:10001f70
15609684ns          260690 1c008a60 fd4bd3e3 bge              x23, x20, -58       x23:00000050 x20:0000005a
15609704ns          260691 1c008a64 00150513 addi             x10, x10, 1         x10=00000009 x10:00000008
15609723ns          260692 1c008a66 027507b3 mul              x15, x10, x7        x15=3fadf8d7 x10:00000009  x7:0000000a
15609743ns          260693 1c008a6a 190ff853 fdiv.s           f16, f31, f16       f16=xxxxxxxx f31:3f800000 f16:3fea5f60
15609763ns          260694 1c008a6e d6f5cbe3 blt              x11, x15, -650      x11:00000059 x15:0000005a
15609823ns          260697 1c0087e4 00158693 addi             x13, x11, 1         x13=xxxxxxxx x11:00000059
15609843ns          260698 1c0087e8 00488713 addi             x14, x17, 4         x14=xxxxxxxx x17:10001f98
15609863ns          260699 1c0087ec 40b785b3 sub              x11, x15, x11       x11=xxxxxxxx x15:0000005a x11:00000059
15609883ns          260700 1c0087f0 3ad7c463 blt              x15, x13, 936       x15:0000005a x13:0000005a
15609902ns          260701 1c0087f4 800006b7 lui              x13, 0x80000000     x13=xxxxxxxx
15609922ns          260702 1c0087f8 3ad78063 beq              x15, x13, 928       x15:0000005a x13:80000000
15609942ns          260703 1c0087fc 0055c0fb lp.setup         0x1, x11, 0x5       x11:00000001  PA:10001f9c
15609962ns          260704 1c008800 00072783 lw               x15, 0(x14)         x15=xxxxxxxx x14:10001f9c
15610022ns          260707 1c008802 1107f7d3 fmul.s           f15, f15, f16       f15=xxxxxxxx f15:3fadf8d7 f16:3f0bcfc4
15610042ns          260708 1c008806 00f7222b p.sw             x15, 4(x14!)        x14=10001fa0 x15:3f3e069c x14:10001f9c  PA:10001f9c
15610062ns          260709 1c00880a 00be0e13 addi             x28, x28, 11        x28=00000063 x28:00000058
15610081ns          260710 1c00880c 02c88893 addi             x17, x17, 44        x17=10001fc4 x17:10001f98
15610101ns          260711 1c008810 00430313 addi             x6, x6, 4            x6=10001e5c  x6:10001e58
15610121ns          260712 1c008812 c6a53be3 p.bneimm         x10, -906           x10:00000009
15610181ns          260715 1c008488 32050f63 beq              x10, x0, 830        x10:00000009
15610201ns          260716 1c00848c 00032783 lw               x15, 0(x6)          x15=xxxxxxxx  x6:10001e5c  PA:10001e5c
15610241ns          260718 1c008490 e8f7f7c3 fmadd.s          f15, f15, f15, f29  f15=xxxxxxxx f15:40cc93a9 f15:40cc93a9 f29:00000000
15610260ns          260719 1c008494 2e152c63 p.beqimm         x10, 760            x10:00000009
15610280ns          260720 1c008498 02832703 lw               x14, 40(x6)         x14=xxxxxxxx  x6:10001e5c  PA:10001e84
15610320ns          260722 1c00849c 78e777c3 fmadd.s          f15, f14, f14, f15  f15=xxxxxxxx f14:3ea3106b f14:3ea3106b f15:42237bab
15610340ns          260723 1c0084a0 2e252663 p.beqimm         x10, 748            x10:00000009
15610360ns          260724 1c0084a4 05032703 lw               x14, 80(x6)         x14=xxxxxxxx  x6:10001e5c  PA:10001eac
15610400ns          260726 1c0084a8 78e777c3 fmadd.s          f15, f14, f14, f15  f15=xxxxxxxx f14:40893d7f f14:40893d7f f15:4223e389
15610420ns          260727 1c0084ac 2e352063 p.beqimm         x10, 736            x10:00000009
15610440ns          260728 1c0084b0 07832703 lw               x14, 120(x6)        x14=c015546d  x6:10001e5c  PA:10001ed4
15610479ns          260730 1c0084b4 78e777c3 fmadd.s          f15, f14, f14, f15  f15=xxxxxxxx f14:beab955d f14:beab955d f15:426d766a
15610499ns          260731 1c0084b8 2c452a63 p.beqimm         x10, 724            x10:00000009
15610519ns          260732 1c0084bc 0a032703 lw               x14, 160(x6)        x14=xxxxxxxx  x6:10001e5c  PA:10001efc
15610559ns          260734 1c0084c0 78e777c3 fmadd.s          f15, f14, f14, f15  f15=xxxxxxxx f14:c015546d f14:c015546d f15:426de96b
15610579ns          260735 1c0084c4 2c552463 p.beqimm         x10, 712            x10:00000009
15610599ns          260736 1c0084c8 0c832703 lw               x14, 200(x6)        x14=xxxxxxxx  x6:10001e5c  PA:10001f24
15610638ns          260738 1c0084cc 78e777c3 fmadd.s          f15, f14, f14, f15  f15=xxxxxxxx f14:3f880aa5 f14:3f880aa5 f15:4281d822
15610658ns          260739 1c0084d0 2a652e63 p.beqimm         x10, 700            x10:00000009
15610678ns          260740 1c0084d4 0f032703 lw               x14, 240(x6)        x14=xxxxxxxx  x6:10001e5c  PA:10001f4c
15610718ns          260742 1c0084d8 78e777c3 fmadd.s          f15, f14, f14, f15  f15=xxxxxxxx f14:40313039 f14:40313039 f15:42841a7c
15610738ns          260743 1c0084dc 2a752863 p.beqimm         x10, 688            x10:00000009
15610758ns          260744 1c0084e0 11832703 lw               x14, 280(x6)        x14=c01d4340  x6:10001e5c  PA:10001f74
15610798ns          260746 1c0084e4 78e777c3 fmadd.s          f15, f14, f14, f15  f15=xxxxxxxx f14:c01d4340 f14:c01d4340 f15:42936ef3
15610817ns          260747 1c0084e8 2a953263 p.bneimm         x10, 676            x10:00000009
15610837ns          260748 1c0084ec 16412703 lw               x14, 356(x2)        x14=3f3e069c  x2:10001e38  PA:10001f9c
15610857ns          260749 1c0084f0 0008a683 lw               x13, 0(x17)         x13=42a47157 x17:10001fc4  PA:10001fc4
15610877ns          260750 1c0084f4 78e777c3 fmadd.s          f15, f14, f14, f15  f15=xxxxxxxx f14:3f3e069c f14:3f3e069c f15:429f8265
15610897ns          260751 1c0084f8 08f6f7d3 fsub.s           f15, f13, f15       f15=xxxxxxxx f13:42a47157 f15:42a09c81
15610917ns          260752 1c0084fc a0fe9ed3 flt.s            x29, f29, f15       x29=00000001 f29:00000000 f15:3ff53580
15610937ns          260753 1c008500 280e8e63 beq              x29, x0, 668        x29:00000001
15610977ns          260755 1c008504 5807f7d3 fsqrt.s          f15, f15            f15=xxxxxxxx f15:3ff53580
15611414ns          260777 1c008508 00f8a023 sw               x15, 0(x17)         x15:3fb129be x17:10001fc4  PA:10001fc4
15611434ns          260778 1c00850c 01a020ef jal              x1, 8218             x1=1c008510
15611553ns          260784 1c00a526 f14027f3 csrrs            x15, x0, 0xf14      x15=00000003
15611573ns          260785 1c00a52a 01f00713 addi             x14, x0, 31         x14=0000001f
15611593ns          260786 1c00a52c ca5797b3 p.extractu       x15, x15, 5, 5      x15=00000000 x15:00000003
15611633ns          260788 1c00a530 00e78863 beq              x15, x14, 16        x15:00000000 x14:0000001f
15611673ns          260790 1c00a534 002047b7 lui              x15, 0x204000       x15=00204000
15611693ns          260791 1c00a538 20078793 addi             x15, x15, 512       x15=00204200 x15:00204000
15611713ns          260792 1c00a53c 01c7e703 p.elw            x14, 28(x15)        x14=00010000 x15:00204200  PA:0020421c
15612389ns          260826 1c00a540 00008067 jalr             x0, x1, 0            x1:1c008510
15612429ns          260828 1c008510 f14027f3 csrrs            x15, x0, 0xf14      x15=00000003
15612448ns          260829 1c008514 f457b7b3 p.bclr           x15, x15, 26, 5     x15=00000003 x15:00000003
15612468ns          260830 1c008518 30078763 beq              x15, x0, 782        x15:00000003
15612488ns          260831 1c00851c 00a00513 addi             x10, x0, 10         x10=0000000a
15612508ns          260832 1c00851e 00200793 addi             x15, x0, 2          x15=00000002
15612946ns          260854 1c008520 02810693 addi             x13, x2, 40         x13=10001e60  x2:10001e38
15612966ns          260855 1c008522 02c10593 addi             x11, x2, 44         x11=10001e64  x2:10001e38
15612986ns          260856 1c008524 fff50613 addi             x12, x10, -1        x12=00000009 x10:0000000a
15613005ns          260857 1c008528 66f54663 blt              x10, x15, 1644      x10:0000000a x15:00000002
15613025ns          260858 1c00852c 0106407b lp.setup         0x0, x12, 0x10      x12:00000009
15613463ns          260880 1c008530 40d587b3 sub              x15, x11, x13       x15=00000004 x11:10001e64 x13:10001e60
15613503ns          260882 1c008534 ffc78793 addi             x15, x15, -4        x15=00000000 x15:00000004
15613523ns          260883 1c008536 0027d793 srli             x15, x15, 0x2       x15=00000000 x15:00000000
15613542ns          260884 1c008538 00d00733 add              x14, x0, x13        x14=10001e60 x13:10001e60
15613562ns          260885 1c00853a 00178793 addi             x15, x15, 1         x15=00000001 x15:00000000
15613582ns          260886 1c00853c 0047c0fb lp.setup         0x1, x15, 0x4       x15:00000001
15614040ns          260909 1c008540 00000513 addi             x10, x0, 0          x10=00000000
15614080ns          260911 1c008544 00a7222b p.sw             x10, 4(x14!)        x14=10001e64 x10:00000000 x14:10001e60  PA:10001e60
15614099ns          260912 1c008548 02868693 addi             x13, x13, 40        x13=10001e88 x13:10001e60
15614119ns          260913 1c00854c 02c58593 addi             x11, x11, 44        x11=10001e90 x11:10001e64
15614139ns          260914 1c008530 40d587b3 sub              x15, x11, x13       x15=00000008 x11:10001e90 x13:10001e88
15614159ns          260915 1c008534 ffc78793 addi             x15, x15, -4        x15=00000004 x15:00000008
15614179ns          260916 1c008536 0027d793 srli             x15, x15, 0x2       x15=00000001 x15:00000004
15614199ns          260917 1c008538 00d00733 add              x14, x0, x13        x14=10001e88 x13:10001e88
15614219ns          260918 1c00853a 00178793 addi             x15, x15, 1         x15=00000002 x15:00000001
15614239ns          260919 1c00853c 0047c0fb lp.setup         0x1, x15, 0x4       x15:00000002
15614259ns          260920 1c008540 00000513 addi             x10, x0, 0          x10=00000000
15614278ns          260921 1c008544 00a7222b p.sw             x10, 4(x14!)        x14=10001e8c x10:00000000 x14:10001e88  PA:10001e88
15614298ns          260922 1c008540 00000513 addi             x10, x0, 0          x10=00000000
15614318ns          260923 1c008544 00a7222b p.sw             x10, 4(x14!)        x14=10001e90 x10:00000000 x14:10001e8c  PA:10001e8c
15614338ns          260924 1c008548 02868693 addi             x13, x13, 40        x13=10001eb0 x13:10001e88
15614358ns          260925 1c00854c 02c58593 addi             x11, x11, 44        x11=10001ebc x11:10001e90
15614378ns          260926 1c008530 40d587b3 sub              x15, x11, x13       x15=0000000c x11:10001ebc x13:10001eb0
15614398ns          260927 1c008534 ffc78793 addi             x15, x15, -4        x15=00000008 x15:0000000c
15614418ns          260928 1c008536 0027d793 srli             x15, x15, 0x2       x15=00000002 x15:00000008
15614438ns          260929 1c008538 00d00733 add              x14, x0, x13        x14=10001eb0 x13:10001eb0
15614457ns          260930 1c00853a 00178793 addi             x15, x15, 1         x15=00000003 x15:00000002
15614477ns          260931 1c00853c 0047c0fb lp.setup         0x1, x15, 0x4       x15:00000003
15614497ns          260932 1c008540 00000513 addi             x10, x0, 0          x10=00000000
15614517ns          260933 1c008544 00a7222b p.sw             x10, 4(x14!)        x14=10001eb4 x10:00000000 x14:10001eb0  PA:10001eb0
15614537ns          260934 1c008540 00000513 addi             x10, x0, 0          x10=00000000
15614557ns          260935 1c008544 00a7222b p.sw             x10, 4(x14!)        x14=10001eb8 x10:00000000 x14:10001eb4  PA:10001eb4
15614577ns          260936 1c008540 00000513 addi             x10, x0, 0          x10=00000000
15614597ns          260937 1c008544 00a7222b p.sw             x10, 4(x14!)        x14=10001ebc x10:00000000 x14:10001eb8  PA:10001eb8
15614617ns          260938 1c008548 02868693 addi             x13, x13, 40        x13=10001ed8 x13:10001eb0
15614636ns          260939 1c00854c 02c58593 addi             x11, x11, 44        x11=10001ee8 x11:10001ebc
15614656ns          260940 1c008530 40d587b3 sub              x15, x11, x13       x15=00000010 x11:10001ee8 x13:10001ed8
15614676ns          260941 1c008534 ffc78793 addi             x15, x15, -4        x15=0000000c x15:00000010
15614696ns          260942 1c008536 0027d793 srli             x15, x15, 0x2       x15=00000003 x15:0000000c
15614716ns          260943 1c008538 00d00733 add              x14, x0, x13        x14=10001ed8 x13:10001ed8
15614736ns          260944 1c00853a 00178793 addi             x15, x15, 1         x15=00000004 x15:00000003
15614756ns          260945 1c00853c 0047c0fb lp.setup         0x1, x15, 0x4       x15:00000004
15614776ns          260946 1c008540 00000513 addi             x10, x0, 0          x10=00000000
15614796ns          260947 1c008544 00a7222b p.sw             x10, 4(x14!)        x14=10001edc x10:00000000 x14:10001ed8  PA:10001ed8
15614815ns          260948 1c008540 00000513 addi             x10, x0, 0          x10=00000000
15614835ns          260949 1c008544 00a7222b p.sw             x10, 4(x14!)        x14=10001ee0 x10:00000000 x14:10001edc  PA:10001edc
15614855ns          260950 1c008540 00000513 addi             x10, x0, 0          x10=00000000
15614875ns          260951 1c008544 00a7222b p.sw             x10, 4(x14!)        x14=10001ee4 x10:00000000 x14:10001ee0  PA:10001ee0
15614895ns          260952 1c008540 00000513 addi             x10, x0, 0          x10=00000000
15614915ns          260953 1c008544 00a7222b p.sw             x10, 4(x14!)        x14=10001ee8 x10:00000000 x14:10001ee4  PA:10001ee4
15614935ns          260954 1c008548 02868693 addi             x13, x13, 40        x13=10001f00 x13:10001ed8
15614955ns          260955 1c00854c 02c58593 addi             x11, x11, 44        x11=10001f14 x11:10001ee8
15614975ns          260956 1c008530 40d587b3 sub              x15, x11, x13       x15=00000014 x11:10001f14 x13:10001f00
15614994ns          260957 1c008534 ffc78793 addi             x15, x15, -4        x15=00000010 x15:00000014
15615014ns          260958 1c008536 0027d793 srli             x15, x15, 0x2       x15=00000004 x15:00000010
15615034ns          260959 1c008538 00d00733 add              x14, x0, x13        x14=10001f00 x13:10001f00
15615054ns          260960 1c00853a 00178793 addi             x15, x15, 1         x15=00000005 x15:00000004
15615074ns          260961 1c00853c 0047c0fb lp.setup         0x1, x15, 0x4       x15:00000005
15615094ns          260962 1c008540 00000513 addi             x10, x0, 0          x10=00000000
15615114ns          260963 1c008544 00a7222b p.sw             x10, 4(x14!)        x14=10001f04 x10:00000000 x14:10001f00  PA:10001f00
15615134ns          260964 1c008540 00000513 addi             x10, x0, 0          x10=00000000
15615154ns          260965 1c008544 00a7222b p.sw             x10, 4(x14!)        x14=10001f08 x10:00000000 x14:10001f04  PA:10001f04
15615174ns          260966 1c008540 00000513 addi             x10, x0, 0          x10=00000000
15615193ns          260967 1c008544 00a7222b p.sw             x10, 4(x14!)        x14=10001f0c x10:00000000 x14:10001f08  PA:10001f08
15615213ns          260968 1c008540 00000513 addi             x10, x0, 0          x10=00000000
15615233ns          260969 1c008544 00a7222b p.sw             x10, 4(x14!)        x14=10001f10 x10:00000000 x14:10001f0c  PA:10001f0c
15615253ns          260970 1c008540 00000513 addi             x10, x0, 0          x10=00000000
15615273ns          260971 1c008544 00a7222b p.sw             x10, 4(x14!)        x14=10001f14 x10:00000000 x14:10001f10  PA:10001f10
15615293ns          260972 1c008548 02868693 addi             x13, x13, 40        x13=10001f28 x13:10001f00
15615313ns          260973 1c00854c 02c58593 addi             x11, x11, 44        x11=10001f40 x11:10001f14
15615333ns          260974 1c008530 40d587b3 sub              x15, x11, x13       x15=00000018 x11:10001f40 x13:10001f28
15615353ns          260975 1c008534 ffc78793 addi             x15, x15, -4        x15=00000014 x15:00000018
15615372ns          260976 1c008536 0027d793 srli             x15, x15, 0x2       x15=00000005 x15:00000014
15615392ns          260977 1c008538 00d00733 add              x14, x0, x13        x14=10001f28 x13:10001f28
15615412ns          260978 1c00853a 00178793 addi             x15, x15, 1         x15=00000006 x15:00000005
15615432ns          260979 1c00853c 0047c0fb lp.setup         0x1, x15, 0x4       x15:00000006
15615452ns          260980 1c008540 00000513 addi             x10, x0, 0          x10=00000000
15615472ns          260981 1c008544 00a7222b p.sw             x10, 4(x14!)        x14=10001f2c x10:00000000 x14:10001f28  PA:10001f28
15615492ns          260982 1c008540 00000513 addi             x10, x0, 0          x10=00000000
15615512ns          260983 1c008544 00a7222b p.sw             x10, 4(x14!)        x14=10001f30 x10:00000000 x14:10001f2c  PA:10001f2c
15615532ns          260984 1c008540 00000513 addi             x10, x0, 0          x10=00000000
15615551ns          260985 1c008544 00a7222b p.sw             x10, 4(x14!)        x14=10001f34 x10:00000000 x14:10001f30  PA:10001f30
15615571ns          260986 1c008540 00000513 addi             x10, x0, 0          x10=00000000
15615591ns          260987 1c008544 00a7222b p.sw             x10, 4(x14!)        x14=10001f38 x10:00000000 x14:10001f34  PA:10001f34
15615611ns          260988 1c008540 00000513 addi             x10, x0, 0          x10=00000000
15615631ns          260989 1c008544 00a7222b p.sw             x10, 4(x14!)        x14=10001f3c x10:00000000 x14:10001f38  PA:10001f38
15615651ns          260990 1c008540 00000513 addi             x10, x0, 0          x10=00000000
15615671ns          260991 1c008544 00a7222b p.sw             x10, 4(x14!)        x14=10001f40 x10:00000000 x14:10001f3c  PA:10001f3c
15615691ns          260992 1c008548 02868693 addi             x13, x13, 40        x13=10001f50 x13:10001f28
15615711ns          260993 1c00854c 02c58593 addi             x11, x11, 44        x11=10001f6c x11:10001f40
15615730ns          260994 1c008530 40d587b3 sub              x15, x11, x13       x15=0000001c x11:10001f6c x13:10001f50
15615750ns          260995 1c008534 ffc78793 addi             x15, x15, -4        x15=00000018 x15:0000001c
15615770ns          260996 1c008536 0027d793 srli             x15, x15, 0x2       x15=00000006 x15:00000018
15615790ns          260997 1c008538 00d00733 add              x14, x0, x13        x14=10001f50 x13:10001f50
15615810ns          260998 1c00853a 00178793 addi             x15, x15, 1         x15=00000007 x15:00000006
15615830ns          260999 1c00853c 0047c0fb lp.setup         0x1, x15, 0x4       x15:00000007
15615850ns          261000 1c008540 00000513 addi             x10, x0, 0          x10=00000000
15615870ns          261001 1c008544 00a7222b p.sw             x10, 4(x14!)        x14=10001f54 x10:00000000 x14:10001f50  PA:10001f50
15615890ns          261002 1c008540 00000513 addi             x10, x0, 0          x10=00000000
15615909ns          261003 1c008544 00a7222b p.sw             x10, 4(x14!)        x14=10001f58 x10:00000000 x14:10001f54  PA:10001f54
15615929ns          261004 1c008540 00000513 addi             x10, x0, 0          x10=00000000
15615949ns          261005 1c008544 00a7222b p.sw             x10, 4(x14!)        x14=10001f5c x10:00000000 x14:10001f58  PA:10001f58
15615969ns          261006 1c008540 00000513 addi             x10, x0, 0          x10=00000000
15615989ns          261007 1c008544 00a7222b p.sw             x10, 4(x14!)        x14=10001f60 x10:00000000 x14:10001f5c  PA:10001f5c
15616009ns          261008 1c008540 00000513 addi             x10, x0, 0          x10=00000000
15616029ns          261009 1c008544 00a7222b p.sw             x10, 4(x14!)        x14=10001f64 x10:00000000 x14:10001f60  PA:10001f60
15616049ns          261010 1c008540 00000513 addi             x10, x0, 0          x10=00000000
15616069ns          261011 1c008544 00a7222b p.sw             x10, 4(x14!)        x14=10001f68 x10:00000000 x14:10001f64  PA:10001f64
15616088ns          261012 1c008540 00000513 addi             x10, x0, 0          x10=00000000
15616108ns          261013 1c008544 00a7222b p.sw             x10, 4(x14!)        x14=10001f6c x10:00000000 x14:10001f68  PA:10001f68
15616128ns          261014 1c008548 02868693 addi             x13, x13, 40        x13=10001f78 x13:10001f50
15616148ns          261015 1c00854c 02c58593 addi             x11, x11, 44        x11=10001f98 x11:10001f6c
15616168ns          261016 1c008530 40d587b3 sub              x15, x11, x13       x15=00000020 x11:10001f98 x13:10001f78
15616188ns          261017 1c008534 ffc78793 addi             x15, x15, -4        x15=0000001c x15:00000020
15616208ns          261018 1c008536 0027d793 srli             x15, x15, 0x2       x15=00000007 x15:0000001c
15616228ns          261019 1c008538 00d00733 add              x14, x0, x13        x14=10001f78 x13:10001f78
15616248ns          261020 1c00853a 00178793 addi             x15, x15, 1         x15=00000008 x15:00000007
15616267ns          261021 1c00853c 0047c0fb lp.setup         0x1, x15, 0x4       x15:00000008
15616287ns          261022 1c008540 00000513 addi             x10, x0, 0          x10=00000000
15616307ns          261023 1c008544 00a7222b p.sw             x10, 4(x14!)        x14=10001f7c x10:00000000 x14:10001f78  PA:10001f78
15616327ns          261024 1c008540 00000513 addi             x10, x0, 0          x10=00000000
15616347ns          261025 1c008544 00a7222b p.sw             x10, 4(x14!)        x14=10001f80 x10:00000000 x14:10001f7c  PA:10001f7c
15616367ns          261026 1c008540 00000513 addi             x10, x0, 0          x10=00000000
15616387ns          261027 1c008544 00a7222b p.sw             x10, 4(x14!)        x14=10001f84 x10:00000000 x14:10001f80  PA:10001f80
15616407ns          261028 1c008540 00000513 addi             x10, x0, 0          x10=00000000
15616427ns          261029 1c008544 00a7222b p.sw             x10, 4(x14!)        x14=10001f88 x10:00000000 x14:10001f84  PA:10001f84
15616447ns          261030 1c008540 00000513 addi             x10, x0, 0          x10=00000000
15616466ns          261031 1c008544 00a7222b p.sw             x10, 4(x14!)        x14=10001f8c x10:00000000 x14:10001f88  PA:10001f88
15616486ns          261032 1c008540 00000513 addi             x10, x0, 0          x10=00000000
15616506ns          261033 1c008544 00a7222b p.sw             x10, 4(x14!)        x14=10001f90 x10:00000000 x14:10001f8c  PA:10001f8c
15616526ns          261034 1c008540 00000513 addi             x10, x0, 0          x10=00000000
15616546ns          261035 1c008544 00a7222b p.sw             x10, 4(x14!)        x14=10001f94 x10:00000000 x14:10001f90  PA:10001f90
15616566ns          261036 1c008540 00000513 addi             x10, x0, 0          x10=00000000
15616586ns          261037 1c008544 00a7222b p.sw             x10, 4(x14!)        x14=10001f98 x10:00000000 x14:10001f94  PA:10001f94
15616606ns          261038 1c008548 02868693 addi             x13, x13, 40        x13=10001fa0 x13:10001f78
15616626ns          261039 1c00854c 02c58593 addi             x11, x11, 44        x11=10001fc4 x11:10001f98
15616645ns          261040 1c008530 40d587b3 sub              x15, x11, x13       x15=00000024 x11:10001fc4 x13:10001fa0
15616665ns          261041 1c008534 ffc78793 addi             x15, x15, -4        x15=00000020 x15:00000024
15616685ns          261042 1c008536 0027d793 srli             x15, x15, 0x2       x15=00000008 x15:00000020
15616705ns          261043 1c008538 00d00733 add              x14, x0, x13        x14=10001fa0 x13:10001fa0
15616725ns          261044 1c00853a 00178793 addi             x15, x15, 1         x15=00000009 x15:00000008
15616745ns          261045 1c00853c 0047c0fb lp.setup         0x1, x15, 0x4       x15:00000009
15616765ns          261046 1c008540 00000513 addi             x10, x0, 0          x10=00000000
15616785ns          261047 1c008544 00a7222b p.sw             x10, 4(x14!)        x14=10001fa4 x10:00000000 x14:10001fa0  PA:10001fa0
15616805ns          261048 1c008540 00000513 addi             x10, x0, 0          x10=00000000
15616824ns          261049 1c008544 00a7222b p.sw             x10, 4(x14!)        x14=10001fa8 x10:00000000 x14:10001fa4  PA:10001fa4
15616844ns          261050 1c008540 00000513 addi             x10, x0, 0          x10=00000000
15616864ns          261051 1c008544 00a7222b p.sw             x10, 4(x14!)        x14=10001fac x10:00000000 x14:10001fa8  PA:10001fa8
15616884ns          261052 1c008540 00000513 addi             x10, x0, 0          x10=00000000
15616904ns          261053 1c008544 00a7222b p.sw             x10, 4(x14!)        x14=10001fb0 x10:00000000 x14:10001fac  PA:10001fac
15616924ns          261054 1c008540 00000513 addi             x10, x0, 0          x10=00000000
15616944ns          261055 1c008544 00a7222b p.sw             x10, 4(x14!)        x14=10001fb4 x10:00000000 x14:10001fb0  PA:10001fb0
15616964ns          261056 1c008540 00000513 addi             x10, x0, 0          x10=00000000
15616984ns          261057 1c008544 00a7222b p.sw             x10, 4(x14!)        x14=10001fb8 x10:00000000 x14:10001fb4  PA:10001fb4
15617003ns          261058 1c008540 00000513 addi             x10, x0, 0          x10=00000000
15617023ns          261059 1c008544 00a7222b p.sw             x10, 4(x14!)        x14=10001fbc x10:00000000 x14:10001fb8  PA:10001fb8
15617043ns          261060 1c008540 00000513 addi             x10, x0, 0          x10=00000000
15617063ns          261061 1c008544 00a7222b p.sw             x10, 4(x14!)        x14=10001fc0 x10:00000000 x14:10001fbc  PA:10001fbc
15617083ns          261062 1c008540 00000513 addi             x10, x0, 0          x10=00000000
15617103ns          261063 1c008544 00a7222b p.sw             x10, 4(x14!)        x14=10001fc4 x10:00000000 x14:10001fc0  PA:10001fc0
15617123ns          261064 1c008548 02868693 addi             x13, x13, 40        x13=10001fc8 x13:10001fa0
15617143ns          261065 1c00854c 02c58593 addi             x11, x11, 44        x11=10001ff0 x11:10001fc4
15617202ns          261068 1c008550 00012683 lw               x13, 0(x2)          x13=419d118e  x2:10001e38  PA:10001e38
15617222ns          261069 1c008552 00410613 addi             x12, x2, 4          x12=10001e3c  x2:10001e38
15617242ns          261070 1c008554 00c007b3 add              x15, x0, x12        x15=10001e3c x12:10001e3c
15617262ns          261071 1c008556 00d009b3 add              x19, x0, x13        x19=419d118e x13:419d118e
15617282ns          261072 1c008558 063250fb lp.setupi        0x1, 0x63, 0x4     
15617302ns          261073 1c00855c 0047a58b p.lw             x11, 4(x15!)        x11=416c6a70 x15=10001e40 x15:10001e3c  PA:10001e3c
15617720ns          261094 1c008560 00b9f9d3 fadd.s           f19, f19, f11       f19=xxxxxxxx f19:419d118e f11:416c6a70
15617759ns          261096 1c00855c 0047a58b p.lw             x11, 4(x15!)        x11=4129a14a x15=10001e44 x15:10001e40  PA:10001e40
15617799ns          261098 1c008560 00b9f9d3 fadd.s           f19, f19, f11       f19=xxxxxxxx f19:4209a363 f11:4129a14a
15617819ns          261099 1c00855c 0047a58b p.lw             x11, 4(x15!)        x11=41613bbf x15=10001e48 x15:10001e44  PA:10001e44
15617859ns          261101 1c008560 00b9f9d3 fadd.s           f19, f19, f11       f19=xxxxxxxx f19:42340bb6 f11:41613bbf
15617879ns          261102 1c00855c 0047a58b p.lw             x11, 4(x15!)        x11=4185895a x15=10001e4c x15:10001e48  PA:10001e48
15617918ns          261104 1c008560 00b9f9d3 fadd.s           f19, f19, f11       f19=xxxxxxxx f19:426c5aa6 f11:4185895a
15617938ns          261105 1c00855c 0047a58b p.lw             x11, 4(x15!)        x11=415feae3 x15=10001e50 x15:10001e4c  PA:10001e4c
15617978ns          261107 1c008560 00b9f9d3 fadd.s           f19, f19, f11       f19=xxxxxxxx f19:42978faa f11:415feae3
15617998ns          261108 1c00855c 0047a58b p.lw             x11, 4(x15!)        x11=411f655f x15=10001e54 x15:10001e50  PA:10001e50
15618038ns          261110 1c008560 00b9f9d3 fadd.s           f19, f19, f11       f19=xxxxxxxx f19:42b38d06 f11:411f655f
15618058ns          261111 1c00855c 0047a58b p.lw             x11, 4(x15!)        x11=413d0868 x15=10001e58 x15:10001e54  PA:10001e54
15618097ns          261113 1c008560 00b9f9d3 fadd.s           f19, f19, f11       f19=xxxxxxxx f19:42c779b2 f11:413d0868
15618117ns          261114 1c00855c 0047a58b p.lw             x11, 4(x15!)        x11=4140fcf8 x15=10001e5c x15:10001e58  PA:10001e58
15618157ns          261116 1c008560 00b9f9d3 fadd.s           f19, f19, f11       f19=xxxxxxxx f19:42df1abf f11:4140fcf8
15618177ns          261117 1c00855c 0047a58b p.lw             x11, 4(x15!)        x11=40cc93a9 x15=10001e60 x15:10001e5c  PA:10001e5c
15618217ns          261119 1c008560 00b9f9d3 fadd.s           f19, f19, f11       f19=xxxxxxxx f19:42f73a5e f11:40cc93a9
15618237ns          261120 1c00855c 0047a58b p.lw             x11, 4(x15!)        x11=00000000 x15=10001e64 x15:10001e60  PA:10001e60
15618276ns          261122 1c008560 00b9f9d3 fadd.s           f19, f19, f11       f19=xxxxxxxx f19:430201cc f11:00000000
15618296ns          261123 1c00855c 0047a58b p.lw             x11, 4(x15!)        x11=4141ed9a x15=10001e68 x15:10001e64  PA:10001e64
15618336ns          261125 1c008560 00b9f9d3 fadd.s           f19, f19, f11       f19=xxxxxxxx f19:430201cc f11:4141ed9a
15618356ns          261126 1c00855c 0047a58b p.lw             x11, 4(x15!)        x11=c00aacd4 x15=10001e6c x15:10001e68  PA:10001e68
15618396ns          261128 1c008560 00b9f9d3 fadd.s           f19, f19, f11       f19=xxxxxxxx f19:430e20a6 f11:c00aacd4
15618416ns          261129 1c00855c 0047a58b p.lw             x11, 4(x15!)        x11=40287ae6 x15=10001e70 x15:10001e6c  PA:10001e6c
15618455ns          261131 1c008560 00b9f9d3 fadd.s           f19, f19, f11       f19=xxxxxxxx f19:430bf5f3 f11:40287ae6
15618475ns          261132 1c00855c 0047a58b p.lw             x11, 4(x15!)        x11=403e8b03 x15=10001e74 x15:10001e70  PA:10001e70
15618515ns          261134 1c008560 00b9f9d3 fadd.s           f19, f19, f11       f19=xxxxxxxx f19:430e97df f11:403e8b03
15618535ns          261135 1c00855c 0047a58b p.lw             x11, 4(x15!)        x11=40b68cd0 x15=10001e78 x15:10001e74  PA:10001e74
15618575ns          261137 1c008560 00b9f9d3 fadd.s           f19, f19, f11       f19=xxxxxxxx f19:4311920b f11:40b68cd0
15618595ns          261138 1c00855c 0047a58b p.lw             x11, 4(x15!)        x11=409f18e9 x15=10001e7c x15:10001e78  PA:10001e78
15618634ns          261140 1c008560 00b9f9d3 fadd.s           f19, f19, f11       f19=xxxxxxxx f19:43174672 f11:409f18e9
15618654ns          261141 1c00855c 0047a58b p.lw             x11, 4(x15!)        x11=4103cc6b x15=10001e80 x15:10001e7c  PA:10001e7c
15618694ns          261143 1c008560 00b9f9d3 fadd.s           f19, f19, f11       f19=xxxxxxxx f19:431c3f39 f11:4103cc6b
15618714ns          261144 1c00855c 0047a58b p.lw             x11, 4(x15!)        x11=401b71f7 x15=10001e84 x15:10001e80  PA:10001e80
15618754ns          261146 1c008560 00b9f9d3 fadd.s           f19, f19, f11       f19=xxxxxxxx f19:43247c00 f11:401b71f7
15618774ns          261147 1c00855c 0047a58b p.lw             x11, 4(x15!)        x11=3ea3106b x15=10001e88 x15:10001e84  PA:10001e84
15618814ns          261149 1c008560 00b9f9d3 fadd.s           f19, f19, f11       f19=xxxxxxxx f19:4326e9c8 f11:3ea3106b
15618833ns          261150 1c00855c 0047a58b p.lw             x11, 4(x15!)        x11=00000000 x15=10001e8c x15:10001e88  PA:10001e88
15618873ns          261152 1c008560 00b9f9d3 fadd.s           f19, f19, f11       f19=xxxxxxxx f19:43273b50 f11:00000000
15618893ns          261153 1c00855c 0047a58b p.lw             x11, 4(x15!)        x11=00000000 x15=10001e90 x15:10001e8c  PA:10001e8c
15618933ns          261155 1c008560 00b9f9d3 fadd.s           f19, f19, f11       f19=xxxxxxxx f19:43273b50 f11:00000000
15618953ns          261156 1c00855c 0047a58b p.lw             x11, 4(x15!)        x11=40da83d8 x15=10001e94 x15:10001e90  PA:10001e90
15618993ns          261158 1c008560 00b9f9d3 fadd.s           f19, f19, f11       f19=xxxxxxxx f19:43273b50 f11:40da83d8
15619012ns          261159 1c00855c 0047a58b p.lw             x11, 4(x15!)        x11=3f4fbc11 x15=10001e98 x15:10001e94  PA:10001e94
15619052ns          261161 1c008560 00b9f9d3 fadd.s           f19, f19, f11       f19=xxxxxxxx f19:432e0f6f f11:3f4fbc11
15619072ns          261162 1c00855c 0047a58b p.lw             x11, 4(x15!)        x11=c082ca11 x15=10001e9c x15:10001e98  PA:10001e98
15619112ns          261164 1c008560 00b9f9d3 fadd.s           f19, f19, f11       f19=xxxxxxxx f19:432edf2b f11:c082ca11
15619132ns          261165 1c00855c 0047a58b p.lw             x11, 4(x15!)        x11=c094e38f x15=10001ea0 x15:10001e9c  PA:10001e9c
15619172ns          261167 1c008560 00b9f9d3 fadd.s           f19, f19, f11       f19=xxxxxxxx f19:432ac8da f11:c094e38f
15619191ns          261168 1c00855c 0047a58b p.lw             x11, 4(x15!)        x11=bfa41490 x15=10001ea4 x15:10001ea0  PA:10001ea0
15619231ns          261170 1c008560 00b9f9d3 fadd.s           f19, f19, f11       f19=xxxxxxxx f19:432621be f11:bfa41490
15619251ns          261171 1c00855c 0047a58b p.lw             x11, 4(x15!)        x11=409c5178 x15=10001ea8 x15:10001ea4  PA:10001ea4
15619291ns          261173 1c008560 00b9f9d3 fadd.s           f19, f19, f11       f19=xxxxxxxx f19:4324d995 f11:409c5178
15619311ns          261174 1c00855c 0047a58b p.lw             x11, 4(x15!)        x11=40a9bf83 x15=10001eac x15:10001ea8  PA:10001ea8
15619351ns          261176 1c008560 00b9f9d3 fadd.s           f19, f19, f11       f19=xxxxxxxx f19:4329bc21 f11:40a9bf83
15619370ns          261177 1c00855c 0047a58b p.lw             x11, 4(x15!)        x11=40893d7f x15=10001eb0 x15:10001eac  PA:10001eac
15619410ns          261179 1c008560 00b9f9d3 fadd.s           f19, f19, f11       f19=xxxxxxxx f19:432f0a1d f11:40893d7f
15619430ns          261180 1c00855c 0047a58b p.lw             x11, 4(x15!)        x11=00000000 x15=10001eb4 x15:10001eb0  PA:10001eb0
15619470ns          261182 1c008560 00b9f9d3 fadd.s           f19, f19, f11       f19=xxxxxxxx f19:43335409 f11:00000000
15619490ns          261183 1c00855c 0047a58b p.lw             x11, 4(x15!)        x11=00000000 x15=10001eb8 x15:10001eb4  PA:10001eb4
15619530ns          261185 1c008560 00b9f9d3 fadd.s           f19, f19, f11       f19=xxxxxxxx f19:43335409 f11:00000000
15619549ns          261186 1c00855c 0047a58b p.lw             x11, 4(x15!)        x11=00000000 x15=10001ebc x15:10001eb8  PA:10001eb8
15619589ns          261188 1c008560 00b9f9d3 fadd.s           f19, f19, f11       f19=xxxxxxxx f19:43335409 f11:00000000
15619609ns          261189 1c00855c 0047a58b p.lw             x11, 4(x15!)        x11=410190a0 x15=10001ec0 x15:10001ebc  PA:10001ebc
15619649ns          261191 1c008560 00b9f9d3 fadd.s           f19, f19, f11       f19=xxxxxxxx f19:43335409 f11:410190a0
15619669ns          261192 1c00855c 0047a58b p.lw             x11, 4(x15!)        x11=3fa06742 x15=10001ec4 x15:10001ec0  PA:10001ec0
15619709ns          261194 1c008560 00b9f9d3 fadd.s           f19, f19, f11       f19=xxxxxxxx f19:433b6d13 f11:3fa06742
15619728ns          261195 1c00855c 0047a58b p.lw             x11, 4(x15!)        x11=40ea285e x15=10001ec8 x15:10001ec4  PA:10001ec4
15619768ns          261197 1c008560 00b9f9d3 fadd.s           f19, f19, f11       f19=xxxxxxxx f19:433cade2 f11:40ea285e
15619788ns          261198 1c00855c 0047a58b p.lw             x11, 4(x15!)        x11=40df47e5 x15=10001ecc x15:10001ec8  PA:10001ec8
15619828ns          261200 1c008560 00b9f9d3 fadd.s           f19, f19, f11       f19=xxxxxxxx f19:4343ff25 f11:40df47e5
15619848ns          261201 1c00855c 0047a58b p.lw             x11, 4(x15!)        x11=c0772655 x15=10001ed0 x15:10001ecc  PA:10001ecc
15619888ns          261203 1c008560 00b9f9d3 fadd.s           f19, f19, f11       f19=xxxxxxxx f19:434af964 f11:c0772655
15619908ns          261204 1c00855c 0047a58b p.lw             x11, 4(x15!)        x11=3f5da41f x15=10001ed4 x15:10001ed0  PA:10001ed0
15619947ns          261206 1c008560 00b9f9d3 fadd.s           f19, f19, f11       f19=xxxxxxxx f19:43471ccb f11:3f5da41f
15619967ns          261207 1c00855c 0047a58b p.lw             x11, 4(x15!)        x11=beab955d x15=10001ed8 x15:10001ed4  PA:10001ed4
15620007ns          261209 1c008560 00b9f9d3 fadd.s           f19, f19, f11       f19=xxxxxxxx f19:4347fa6f f11:beab955d
15620027ns          261210 1c00855c 0047a58b p.lw             x11, 4(x15!)        x11=00000000 x15=10001edc x15:10001ed8  PA:10001ed8
15620067ns          261212 1c008560 00b9f9d3 fadd.s           f19, f19, f11       f19=xxxxxxxx f19:4347a4a4 f11:00000000
15620087ns          261213 1c00855c 0047a58b p.lw             x11, 4(x15!)        x11=00000000 x15=10001ee0 x15:10001edc  PA:10001edc
15620126ns          261215 1c008560 00b9f9d3 fadd.s           f19, f19, f11       f19=xxxxxxxx f19:4347a4a4 f11:00000000
15620146ns          261216 1c00855c 0047a58b p.lw             x11, 4(x15!)        x11=00000000 x15=10001ee4 x15:10001ee0  PA:10001ee0
15620186ns          261218 1c008560 00b9f9d3 fadd.s           f19, f19, f11       f19=xxxxxxxx f19:4347a4a4 f11:00000000
15620206ns          261219 1c00855c 0047a58b p.lw             x11, 4(x15!)        x11=00000000 x15=10001ee8 x15:10001ee4  PA:10001ee4
15620246ns          261221 1c008560 00b9f9d3 fadd.s           f19, f19, f11       f19=xxxxxxxx f19:4347a4a4 f11:00000000
15620266ns          261222 1c00855c 0047a58b p.lw             x11, 4(x15!)        x11=40ae2689 x15=10001eec x15:10001ee8  PA:10001ee8
15620305ns          261224 1c008560 00b9f9d3 fadd.s           f19, f19, f11       f19=xxxxxxxx f19:4347a4a4 f11:40ae2689
15620325ns          261225 1c00855c 0047a58b p.lw             x11, 4(x15!)        x11=40b96a8e x15=10001ef0 x15:10001eec  PA:10001eec
15620365ns          261227 1c008560 00b9f9d3 fadd.s           f19, f19, f11       f19=xxxxxxxx f19:434d15d8 f11:40b96a8e
15620385ns          261228 1c00855c 0047a58b p.lw             x11, 4(x15!)        x11=41081a2e x15=10001ef4 x15:10001ef0  PA:10001ef0
15620425ns          261230 1c008560 00b9f9d3 fadd.s           f19, f19, f11       f19=xxxxxxxx f19:4352e12c f11:41081a2e
15620445ns          261231 1c00855c 0047a58b p.lw             x11, 4(x15!)        x11=3e96ca20 x15=10001ef8 x15:10001ef4  PA:10001ef4
15620484ns          261233 1c008560 00b9f9d3 fadd.s           f19, f19, f11       f19=xxxxxxxx f19:435b62cf f11:3e96ca20
15620504ns          261234 1c00855c 0047a58b p.lw             x11, 4(x15!)        x11=3f3b8d22 x15=10001efc x15:10001ef8  PA:10001ef8
15620544ns          261236 1c008560 00b9f9d3 fadd.s           f19, f19, f11       f19=xxxxxxxx f19:435bae34 f11:3f3b8d22
15620564ns          261237 1c00855c 0047a58b p.lw             x11, 4(x15!)        x11=c015546d x15=10001f00 x15:10001efc  PA:10001efc
15620604ns          261239 1c008560 00b9f9d3 fadd.s           f19, f19, f11       f19=xxxxxxxx f19:435c69c1 f11:c015546d
15620624ns          261240 1c00855c 0047a58b p.lw             x11, 4(x15!)        x11=00000000 x15=10001f04 x15:10001f00  PA:10001f00
15620663ns          261242 1c008560 00b9f9d3 fadd.s           f19, f19, f11       f19=xxxxxxxx f19:435a146f f11:00000000
15620683ns          261243 1c00855c 0047a58b p.lw             x11, 4(x15!)        x11=00000000 x15=10001f08 x15:10001f04  PA:10001f04
15620723ns          261245 1c008560 00b9f9d3 fadd.s           f19, f19, f11       f19=xxxxxxxx f19:435a146f f11:00000000
15620743ns          261246 1c00855c 0047a58b p.lw             x11, 4(x15!)        x11=00000000 x15=10001f0c x15:10001f08  PA:10001f08
15620783ns          261248 1c008560 00b9f9d3 fadd.s           f19, f19, f11       f19=xxxxxxxx f19:435a146f f11:00000000
15620803ns          261249 1c00855c 0047a58b p.lw             x11, 4(x15!)        x11=00000000 x15=10001f10 x15:10001f0c  PA:10001f0c
15620842ns          261251 1c008560 00b9f9d3 fadd.s           f19, f19, f11       f19=xxxxxxxx f19:435a146f f11:00000000
15620862ns          261252 1c00855c 0047a58b p.lw             x11, 4(x15!)        x11=00000000 x15=10001f14 x15:10001f10  PA:10001f10
15620902ns          261254 1c008560 00b9f9d3 fadd.s           f19, f19, f11       f19=xxxxxxxx f19:435a146f f11:00000000
15620922ns          261255 1c00855c 0047a58b p.lw             x11, 4(x15!)        x11=401f76df x15=10001f18 x15:10001f14  PA:10001f14
15620962ns          261257 1c008560 00b9f9d3 fadd.s           f19, f19, f11       f19=xxxxxxxx f19:435a146f f11:401f76df
15620982ns          261258 1c00855c 0047a58b p.lw             x11, 4(x15!)        x11=c0539cf8 x15=10001f1c x15:10001f18  PA:10001f18
15621021ns          261260 1c008560 00b9f9d3 fadd.s           f19, f19, f11       f19=xxxxxxxx f19:435c924a f11:c0539cf8
15621041ns          261261 1c00855c 0047a58b p.lw             x11, 4(x15!)        x11=c083dd2a x15=10001f20 x15:10001f1c  PA:10001f1c
15621081ns          261263 1c008560 00b9f9d3 fadd.s           f19, f19, f11       f19=xxxxxxxx f19:435943d6 f11:c083dd2a
15621101ns          261264 1c00855c 0047a58b p.lw             x11, 4(x15!)        x11=40b51614 x15=10001f24 x15:10001f20  PA:10001f20
15621141ns          261266 1c008560 00b9f9d3 fadd.s           f19, f19, f11       f19=xxxxxxxx f19:435524ed f11:40b51614
15621161ns          261267 1c00855c 0047a58b p.lw             x11, 4(x15!)        x11=3f880aa5 x15=10001f28 x15:10001f24  PA:10001f24
15621200ns          261269 1c008560 00b9f9d3 fadd.s           f19, f19, f11       f19=xxxxxxxx f19:435acd9e f11:3f880aa5
15621220ns          261270 1c00855c 0047a58b p.lw             x11, 4(x15!)        x11=00000000 x15=10001f2c x15:10001f28  PA:10001f28
15621260ns          261272 1c008560 00b9f9d3 fadd.s           f19, f19, f11       f19=xxxxxxxx f19:435bddb3 f11:00000000
15621280ns          261273 1c00855c 0047a58b p.lw             x11, 4(x15!)        x11=00000000 x15=10001f30 x15:10001f2c  PA:10001f2c
15621320ns          261275 1c008560 00b9f9d3 fadd.s           f19, f19, f11       f19=xxxxxxxx f19:435bddb3 f11:00000000
15621340ns          261276 1c00855c 0047a58b p.lw             x11, 4(x15!)        x11=00000000 x15=10001f34 x15:10001f30  PA:10001f30
15621379ns          261278 1c008560 00b9f9d3 fadd.s           f19, f19, f11       f19=xxxxxxxx f19:435bddb3 f11:00000000
15621399ns          261279 1c00855c 0047a58b p.lw             x11, 4(x15!)        x11=00000000 x15=10001f38 x15:10001f34  PA:10001f34
15621439ns          261281 1c008560 00b9f9d3 fadd.s           f19, f19, f11       f19=xxxxxxxx f19:435bddb3 f11:00000000
15621459ns          261282 1c00855c 0047a58b p.lw             x11, 4(x15!)        x11=00000000 x15=10001f3c x15:10001f38  PA:10001f38
15621499ns          261284 1c008560 00b9f9d3 fadd.s           f19, f19, f11       f19=xxxxxxxx f19:435bddb3 f11:00000000
15621519ns          261285 1c00855c 0047a58b p.lw             x11, 4(x15!)        x11=00000000 x15=10001f40 x15:10001f3c  PA:10001f3c
15621558ns          261287 1c008560 00b9f9d3 fadd.s           f19, f19, f11       f19=xxxxxxxx f19:435bddb3 f11:00000000
15621578ns          261288 1c00855c 0047a58b p.lw             x11, 4(x15!)        x11=4073e030 x15=10001f44 x15:10001f40  PA:10001f40
15621618ns          261290 1c008560 00b9f9d3 fadd.s           f19, f19, f11       f19=xxxxxxxx f19:435bddb3 f11:4073e030
15621638ns          261291 1c00855c 0047a58b p.lw             x11, 4(x15!)        x11=40c1e1ba x15=10001f48 x15:10001f44  PA:10001f44
15621678ns          261293 1c008560 00b9f9d3 fadd.s           f19, f19, f11       f19=xxxxxxxx f19:435fad34 f11:40c1e1ba
15621698ns          261294 1c00855c 0047a58b p.lw             x11, 4(x15!)        x11=3fdef325 x15=10001f4c x15:10001f48  PA:10001f48
15621737ns          261296 1c008560 00b9f9d3 fadd.s           f19, f19, f11       f19=xxxxxxxx f19:4365bc42 f11:3fdef325
15621757ns          261297 1c00855c 0047a58b p.lw             x11, 4(x15!)        x11=40313039 x15=10001f50 x15:10001f4c  PA:10001f4c
15621797ns          261299 1c008560 00b9f9d3 fadd.s           f19, f19, f11       f19=xxxxxxxx f19:43677a28 f11:40313039
15621817ns          261300 1c00855c 0047a58b p.lw             x11, 4(x15!)        x11=00000000 x15=10001f54 x15:10001f50  PA:10001f50
15621857ns          261302 1c008560 00b9f9d3 fadd.s           f19, f19, f11       f19=xxxxxxxx f19:436a3ee9 f11:00000000
15621877ns          261303 1c00855c 0047a58b p.lw             x11, 4(x15!)        x11=00000000 x15=10001f58 x15:10001f54  PA:10001f54
15621916ns          261305 1c008560 00b9f9d3 fadd.s           f19, f19, f11       f19=xxxxxxxx f19:436a3ee9 f11:00000000
15621936ns          261306 1c00855c 0047a58b p.lw             x11, 4(x15!)        x11=00000000 x15=10001f5c x15:10001f58  PA:10001f58
15621976ns          261308 1c008560 00b9f9d3 fadd.s           f19, f19, f11       f19=xxxxxxxx f19:436a3ee9 f11:00000000
15621996ns          261309 1c00855c 0047a58b p.lw             x11, 4(x15!)        x11=00000000 x15=10001f60 x15:10001f5c  PA:10001f5c
15622036ns          261311 1c008560 00b9f9d3 fadd.s           f19, f19, f11       f19=xxxxxxxx f19:436a3ee9 f11:00000000
15622056ns          261312 1c00855c 0047a58b p.lw             x11, 4(x15!)        x11=00000000 x15=10001f64 x15:10001f60  PA:10001f60
15622095ns          261314 1c008560 00b9f9d3 fadd.s           f19, f19, f11       f19=xxxxxxxx f19:436a3ee9 f11:00000000
15622115ns          261315 1c00855c 0047a58b p.lw             x11, 4(x15!)        x11=00000000 x15=10001f68 x15:10001f64  PA:10001f64
15622155ns          261317 1c008560 00b9f9d3 fadd.s           f19, f19, f11       f19=xxxxxxxx f19:436a3ee9 f11:00000000
15622175ns          261318 1c00855c 0047a58b p.lw             x11, 4(x15!)        x11=00000000 x15=10001f6c x15:10001f68  PA:10001f68
15622215ns          261320 1c008560 00b9f9d3 fadd.s           f19, f19, f11       f19=xxxxxxxx f19:436a3ee9 f11:00000000
15622235ns          261321 1c00855c 0047a58b p.lw             x11, 4(x15!)        x11=406f3779 x15=10001f70 x15:10001f6c  PA:10001f6c
15622275ns          261323 1c008560 00b9f9d3 fadd.s           f19, f19, f11       f19=xxxxxxxx f19:436a3ee9 f11:406f3779
15622294ns          261324 1c00855c 0047a58b p.lw             x11, 4(x15!)        x11=bf7e69e1 x15=10001f74 x15:10001f70  PA:10001f70
15622334ns          261326 1c008560 00b9f9d3 fadd.s           f19, f19, f11       f19=xxxxxxxx f19:436dfbc7 f11:bf7e69e1
15622354ns          261327 1c00855c 0047a58b p.lw             x11, 4(x15!)        x11=c01d4340 x15=10001f78 x15:10001f74  PA:10001f74
15622394ns          261329 1c008560 00b9f9d3 fadd.s           f19, f19, f11       f19=xxxxxxxx f19:436cfd5d f11:c01d4340
15622414ns          261330 1c00855c 0047a58b p.lw             x11, 4(x15!)        x11=00000000 x15=10001f7c x15:10001f78  PA:10001f78
15622454ns          261332 1c008560 00b9f9d3 fadd.s           f19, f19, f11       f19=xxxxxxxx f19:436a8850 f11:00000000
15622473ns          261333 1c00855c 0047a58b p.lw             x11, 4(x15!)        x11=00000000 x15=10001f80 x15:10001f7c  PA:10001f7c
15622513ns          261335 1c008560 00b9f9d3 fadd.s           f19, f19, f11       f19=xxxxxxxx f19:436a8850 f11:00000000
15622533ns          261336 1c00855c 0047a58b p.lw             x11, 4(x15!)        x11=00000000 x15=10001f84 x15:10001f80  PA:10001f80
15622573ns          261338 1c008560 00b9f9d3 fadd.s           f19, f19, f11       f19=xxxxxxxx f19:436a8850 f11:00000000
15622593ns          261339 1c00855c 0047a58b p.lw             x11, 4(x15!)        x11=00000000 x15=10001f88 x15:10001f84  PA:10001f84
15622633ns          261341 1c008560 00b9f9d3 fadd.s           f19, f19, f11       f19=xxxxxxxx f19:436a8850 f11:00000000
15622652ns          261342 1c00855c 0047a58b p.lw             x11, 4(x15!)        x11=00000000 x15=10001f8c x15:10001f88  PA:10001f88
15622692ns          261344 1c008560 00b9f9d3 fadd.s           f19, f19, f11       f19=xxxxxxxx f19:436a8850 f11:00000000
15622712ns          261345 1c00855c 0047a58b p.lw             x11, 4(x15!)        x11=00000000 x15=10001f90 x15:10001f8c  PA:10001f8c
15622752ns          261347 1c008560 00b9f9d3 fadd.s           f19, f19, f11       f19=xxxxxxxx f19:436a8850 f11:00000000
15622772ns          261348 1c00855c 0047a58b p.lw             x11, 4(x15!)        x11=00000000 x15=10001f94 x15:10001f90  PA:10001f90
15622812ns          261350 1c008560 00b9f9d3 fadd.s           f19, f19, f11       f19=xxxxxxxx f19:436a8850 f11:00000000
15622831ns          261351 1c00855c 0047a58b p.lw             x11, 4(x15!)        x11=00000000 x15=10001f98 x15:10001f94  PA:10001f94
15622871ns          261353 1c008560 00b9f9d3 fadd.s           f19, f19, f11       f19=xxxxxxxx f19:436a8850 f11:00000000
15622891ns          261354 1c00855c 0047a58b p.lw             x11, 4(x15!)        x11=3fea5f60 x15=10001f9c x15:10001f98  PA:10001f98
15622931ns          261356 1c008560 00b9f9d3 fadd.s           f19, f19, f11       f19=xxxxxxxx f19:436a8850 f11:3fea5f60
15622951ns          261357 1c00855c 0047a58b p.lw             x11, 4(x15!)        x11=3f3e069c x15=10001fa0 x15:10001f9c  PA:10001f9c
15622991ns          261359 1c008560 00b9f9d3 fadd.s           f19, f19, f11       f19=xxxxxxxx f19:436c5d0f f11:3f3e069c
15623010ns          261360 1c00855c 0047a58b p.lw             x11, 4(x15!)        x11=00000000 x15=10001fa4 x15:10001fa0  PA:10001fa0
15623050ns          261362 1c008560 00b9f9d3 fadd.s           f19, f19, f11       f19=xxxxxxxx f19:436d1b16 f11:00000000
15623070ns          261363 1c00855c 0047a58b p.lw             x11, 4(x15!)        x11=00000000 x15=10001fa8 x15:10001fa4  PA:10001fa4
15623110ns          261365 1c008560 00b9f9d3 fadd.s           f19, f19, f11       f19=xxxxxxxx f19:436d1b16 f11:00000000
15623130ns          261366 1c00855c 0047a58b p.lw             x11, 4(x15!)        x11=00000000 x15=10001fac x15:10001fa8  PA:10001fa8
15623170ns          261368 1c008560 00b9f9d3 fadd.s           f19, f19, f11       f19=xxxxxxxx f19:436d1b16 f11:00000000
15623189ns          261369 1c00855c 0047a58b p.lw             x11, 4(x15!)        x11=00000000 x15=10001fb0 x15:10001fac  PA:10001fac
15623229ns          261371 1c008560 00b9f9d3 fadd.s           f19, f19, f11       f19=xxxxxxxx f19:436d1b16 f11:00000000
15623249ns          261372 1c00855c 0047a58b p.lw             x11, 4(x15!)        x11=00000000 x15=10001fb4 x15:10001fb0  PA:10001fb0
15623289ns          261374 1c008560 00b9f9d3 fadd.s           f19, f19, f11       f19=xxxxxxxx f19:436d1b16 f11:00000000
15623309ns          261375 1c00855c 0047a58b p.lw             x11, 4(x15!)        x11=00000000 x15=10001fb8 x15:10001fb4  PA:10001fb4
15623349ns          261377 1c008560 00b9f9d3 fadd.s           f19, f19, f11       f19=xxxxxxxx f19:436d1b16 f11:00000000
15623368ns          261378 1c00855c 0047a58b p.lw             x11, 4(x15!)        x11=00000000 x15=10001fbc x15:10001fb8  PA:10001fb8
15623408ns          261380 1c008560 00b9f9d3 fadd.s           f19, f19, f11       f19=xxxxxxxx f19:436d1b16 f11:00000000
15623428ns          261381 1c00855c 0047a58b p.lw             x11, 4(x15!)        x11=00000000 x15=10001fc0 x15:10001fbc  PA:10001fbc
15623468ns          261383 1c008560 00b9f9d3 fadd.s           f19, f19, f11       f19=xxxxxxxx f19:436d1b16 f11:00000000
15623488ns          261384 1c00855c 0047a58b p.lw             x11, 4(x15!)        x11=00000000 x15=10001fc4 x15:10001fc0  PA:10001fc0
15623528ns          261386 1c008560 00b9f9d3 fadd.s           f19, f19, f11       f19=xxxxxxxx f19:436d1b16 f11:00000000
15623548ns          261387 1c00855c 0047a58b p.lw             x11, 4(x15!)        x11=3fb129be x15=10001fc8 x15:10001fc4  PA:10001fc4
15623587ns          261389 1c008560 00b9f9d3 fadd.s           f19, f19, f11       f19=xxxxxxxx f19:436d1b16 f11:3fb129be
15623607ns          261390 1c008564 1c000737 lui              x14, 0x1c000000     x14=1c000000
15623627ns          261391 1c008568 02072583 lw               x11, 32(x14)        x11=42c80000 x14:1c000000  PA:1c000020
15624065ns          261413 1c00856c 18b9f5d3 fdiv.s           f11, f19, f11       f11=xxxxxxxx f19:436e7d69 f11:42c80000
15624343ns          261427 1c008570 08b6f6d3 fsub.s           f13, f13, f11       f13=xxxxxxxx f13:419d118e f11:4018a22f
15624363ns          261428 1c008574 40c787b3 sub              x15, x15, x12       x15=0000018c x15:10001fc8 x12:10001e3c
15624383ns          261429 1c008576 ffc78793 addi             x15, x15, -4        x15=00000188 x15:0000018c
15624403ns          261430 1c008578 10d6f6d3 fmul.s           f13, f13, f13       f13=xxxxxxxx f13:4189fd48 f13:4189fd48
15624423ns          261431 1c00857c 0027d793 srli             x15, x15, 0x2       x15=00000062 x15:00000188
15624443ns          261432 1c00857e 00178793 addi             x15, x15, 1         x15=00000063 x15:00000062
15624562ns          261438 1c008580 0067c0fb lp.setup         0x1, x15, 0x6       x15:00000063
15624602ns          261440 1c008584 0046270b p.lw             x14, 4(x12!)        x14=416c6a70 x12=10001e40 x12:10001e3c  PA:10001e3c
15624642ns          261442 1c008588 08b77753 fsub.s           f14, f14, f11       f14=xxxxxxxx f14:416c6a70 f11:4018a22f
15624661ns          261443 1c00858c 68e776c3 fmadd.s          f13, f14, f14, f13  f13=xxxxxxxx f14:414641e4 f14:414641e4 f13:4394c223
15624681ns          261444 1c008584 0046270b p.lw             x14, 4(x12!)        x14=4129a14a x12=10001e44 x12:10001e40  PA:10001e40
15624721ns          261446 1c008588 08b77753 fsub.s           f14, f14, f11       f14=xxxxxxxx f14:4129a14a f11:4018a22f
15624741ns          261447 1c00858c 68e776c3 fmadd.s          f13, f14, f14, f13  f13=xxxxxxxx f14:410378be f14:410378be f13:43e18722
15625179ns          261469 1c008584 0046270b p.lw             x14, 4(x12!)        x14=41613bbf x12=10001e48 x12:10001e44  PA:10001e44
15625218ns          261471 1c008588 08b77753 fsub.s           f14, f14, f11       f14=xxxxxxxx f14:41613bbf f11:4018a22f
15625238ns          261472 1c00858c 68e776c3 fmadd.s          f13, f14, f14, f13  f13=xxxxxxxx f14:413b1333 f14:413b1333 f13:4401a4c4
15625258ns          261473 1c008584 0046270b p.lw             x14, 4(x12!)        x14=4185895a x12=10001e4c x12:10001e48  PA:10001e48
15625298ns          261475 1c008588 08b77753 fsub.s           f14, f14, f11       f14=xxxxxxxx f14:4185895a f11:4018a22f
15625318ns          261476 1c00858c 68e776c3 fmadd.s          f13, f14, f14, f13  f13=xxxxxxxx f14:4164ea28 f14:4164ea28 f13:4423d207
15625338ns          261477 1c008584 0046270b p.lw             x14, 4(x12!)        x14=415feae3 x12=10001e50 x12:10001e4c  PA:10001e4c
15625377ns          261479 1c008588 08b77753 fsub.s           f14, f14, f11       f14=xxxxxxxx f14:415feae3 f11:4018a22f
15625397ns          261480 1c00858c 68e776c3 fmadd.s          f13, f14, f14, f13  f13=xxxxxxxx f14:4139c257 f14:4139c257 f13:4456fe82
15625417ns          261481 1c008584 0046270b p.lw             x14, 4(x12!)        x14=411f655f x12=10001e54 x12:10001e50  PA:10001e50
15625457ns          261483 1c008588 08b77753 fsub.s           f14, f14, f11       f14=xxxxxxxx f14:411f655f f11:4018a22f
15625477ns          261484 1c00858c 68e776c3 fmadd.s          f13, f14, f14, f13  f13=xxxxxxxx f14:40f279a6 f14:40f279a6 f13:4478b11f
15625497ns          261485 1c008584 0046270b p.lw             x14, 4(x12!)        x14=413d0868 x12=10001e58 x12:10001e54  PA:10001e54
15625537ns          261487 1c008588 08b77753 fsub.s           f14, f14, f11       f14=xxxxxxxx f14:413d0868 f11:4018a22f
15625556ns          261488 1c00858c 68e776c3 fmadd.s          f13, f14, f14, f13  f13=xxxxxxxx f14:4116dfdc f14:4116dfdc f13:448385e1
15625576ns          261489 1c008584 0046270b p.lw             x14, 4(x12!)        x14=4140fcf8 x12=10001e5c x12:10001e58  PA:10001e58
15625616ns          261491 1c008588 08b77753 fsub.s           f14, f14, f11       f14=xxxxxxxx f14:4140fcf8 f11:4018a22f
15625636ns          261492 1c00858c 68e776c3 fmadd.s          f13, f14, f14, f13  f13=xxxxxxxx f14:411ad46c f14:411ad46c f13:448ea344
15625656ns          261493 1c008584 0046270b p.lw             x14, 4(x12!)        x14=40cc93a9 x12=10001e60 x12:10001e5c  PA:10001e5c
15625696ns          261495 1c008588 08b77753 fsub.s           f14, f14, f11       f14=xxxxxxxx f14:40cc93a9 f11:4018a22f
15625716ns          261496 1c00858c 68e776c3 fmadd.s          f13, f14, f14, f13  f13=xxxxxxxx f14:40804292 f14:40804292 f13:449a57cc
15625735ns          261497 1c008584 0046270b p.lw             x14, 4(x12!)        x14=00000000 x12=10001e64 x12:10001e60  PA:10001e60
15625775ns          261499 1c008588 08b77753 fsub.s           f14, f14, f11       f14=xxxxxxxx f14:00000000 f11:4018a22f
15625795ns          261500 1c00858c 68e776c3 fmadd.s          f13, f14, f14, f13  f13=xxxxxxxx f14:c018a22f f14:c018a22f f13:449c59e1
15625815ns          261501 1c008584 0046270b p.lw             x14, 4(x12!)        x14=4141ed9a x12=10001e68 x12:10001e64  PA:10001e64
15625855ns          261503 1c008588 08b77753 fsub.s           f14, f14, f11       f14=xxxxxxxx f14:4141ed9a f11:4018a22f
15625875ns          261504 1c00858c 68e776c3 fmadd.s          f13, f14, f14, f13  f13=xxxxxxxx f14:411bc50e f14:411bc50e f13:449d0fe3
15625895ns          261505 1c008584 0046270b p.lw             x14, 4(x12!)        x14=c00aacd4 x12=10001e6c x12:10001e68  PA:10001e68
15625934ns          261507 1c008588 08b77753 fsub.s           f14, f14, f11       f14=xxxxxxxx f14:c00aacd4 f11:4018a22f
15625954ns          261508 1c00858c 68e776c3 fmadd.s          f13, f14, f14, f13  f13=xxxxxxxx f14:c091a782 f14:c091a782 f13:44a8e8ea
15625974ns          261509 1c008584 0046270b p.lw             x14, 4(x12!)        x14=40287ae6 x12=10001e70 x12:10001e6c  PA:10001e6c
15626014ns          261511 1c008588 08b77753 fsub.s           f14, f14, f11       f14=xxxxxxxx f14:40287ae6 f11:4018a22f
15626034ns          261512 1c00858c 68e776c3 fmadd.s          f13, f14, f14, f13  f13=xxxxxxxx f14:3e7d8b70 f14:3e7d8b70 f13:44ab7fe3
15626054ns          261513 1c008584 0046270b p.lw             x14, 4(x12!)        x14=403e8b03 x12=10001e74 x12:10001e70  PA:10001e70
15626094ns          261515 1c008588 08b77753 fsub.s           f14, f14, f11       f14=xxxxxxxx f14:403e8b03 f11:4018a22f
15626113ns          261516 1c00858c 68e776c3 fmadd.s          f13, f14, f14, f13  f13=xxxxxxxx f14:3f17a350 f14:3f17a350 f13:44ab81d9
15626133ns          261517 1c008584 0046270b p.lw             x14, 4(x12!)        x14=40b68cd0 x12=10001e78 x12:10001e74  PA:10001e74
15626173ns          261519 1c008588 08b77753 fsub.s           f14, f14, f11       f14=xxxxxxxx f14:40b68cd0 f11:4018a22f
15626193ns          261520 1c00858c 68e776c3 fmadd.s          f13, f14, f14, f13  f13=xxxxxxxx f14:40547771 f14:40547771 f13:44ab8d13
15626213ns          261521 1c008584 0046270b p.lw             x14, 4(x12!)        x14=409f18e9 x12=10001e7c x12:10001e78  PA:10001e78
15626253ns          261523 1c008588 08b77753 fsub.s           f14, f14, f11       f14=xxxxxxxx f14:409f18e9 f11:4018a22f
15626273ns          261524 1c00858c 68e776c3 fmadd.s          f13, f14, f14, f13  f13=xxxxxxxx f14:40258fa3 f14:40258fa3 f13:44acedbf
15626292ns          261525 1c008584 0046270b p.lw             x14, 4(x12!)        x14=4103cc6b x12=10001e80 x12:10001e7c  PA:10001e7c
15626332ns          261527 1c008588 08b77753 fsub.s           f14, f14, f11       f14=xxxxxxxx f14:4103cc6b f11:4018a22f
15626352ns          261528 1c00858c 68e776c3 fmadd.s          f13, f14, f14, f13  f13=xxxxxxxx f14:40bb47be f14:40bb47be f13:44adc3e4
15626372ns          261529 1c008584 0046270b p.lw             x14, 4(x12!)        x14=401b71f7 x12=10001e84 x12:10001e80  PA:10001e80
15626412ns          261531 1c008588 08b77753 fsub.s           f14, f14, f11       f14=xxxxxxxx f14:401b71f7 f11:4018a22f
15626432ns          261532 1c00858c 68e776c3 fmadd.s          f13, f14, f14, f13  f13=xxxxxxxx f14:3d33f200 f14:3d33f200 f13:44b20bf3
15626452ns          261533 1c008584 0046270b p.lw             x14, 4(x12!)        x14=3ea3106b x12=10001e88 x12:10001e84  PA:10001e84
15626491ns          261535 1c008588 08b77753 fsub.s           f14, f14, f11       f14=xxxxxxxx f14:3ea3106b f11:4018a22f
15626511ns          261536 1c00858c 68e776c3 fmadd.s          f13, f14, f14, f13  f13=xxxxxxxx f14:c0044022 f14:c0044022 f13:44b20c03
15626531ns          261537 1c008584 0046270b p.lw             x14, 4(x12!)        x14=00000000 x12=10001e8c x12:10001e88  PA:10001e88
15626571ns          261539 1c008588 08b77753 fsub.s           f14, f14, f11       f14=xxxxxxxx f14:00000000 f11:4018a22f
15626591ns          261540 1c00858c 68e776c3 fmadd.s          f13, f14, f14, f13  f13=xxxxxxxx f14:c018a22f f14:c018a22f f13:44b294a7
15626611ns          261541 1c008584 0046270b p.lw             x14, 4(x12!)        x14=00000000 x12=10001e90 x12:10001e8c  PA:10001e8c
15626650ns          261543 1c008588 08b77753 fsub.s           f14, f14, f11       f14=xxxxxxxx f14:00000000 f11:4018a22f
15626670ns          261544 1c00858c 68e776c3 fmadd.s          f13, f14, f14, f13  f13=xxxxxxxx f14:c018a22f f14:c018a22f f13:44b34aa9
15626690ns          261545 1c008584 0046270b p.lw             x14, 4(x12!)        x14=40da83d8 x12=10001e94 x12:10001e90  PA:10001e90
15626730ns          261547 1c008588 08b77753 fsub.s           f14, f14, f11       f14=xxxxxxxx f14:40da83d8 f11:4018a22f
15626750ns          261548 1c00858c 68e776c3 fmadd.s          f13, f14, f14, f13  f13=xxxxxxxx f14:408e32c0 f14:408e32c0 f13:44b400ab
15626770ns          261549 1c008584 0046270b p.lw             x14, 4(x12!)        x14=3f4fbc11 x12=10001e98 x12:10001e94  PA:10001e94
15626810ns          261551 1c008588 08b77753 fsub.s           f14, f14, f11       f14=xxxxxxxx f14:3f4fbc11 f11:4018a22f
15626829ns          261552 1c00858c 68e776c3 fmadd.s          f13, f14, f14, f13  f13=xxxxxxxx f14:bfc96656 f14:bfc96656 f13:44b6788e
15626849ns          261553 1c008584 0046270b p.lw             x14, 4(x12!)        x14=c082ca11 x12=10001e9c x12:10001e98  PA:10001e98
15626889ns          261555 1c008588 08b77753 fsub.s           f14, f14, f11       f14=xxxxxxxx f14:c082ca11 f11:4018a22f
15626909ns          261556 1c00858c 68e776c3 fmadd.s          f13, f14, f14, f13  f13=xxxxxxxx f14:c0cf1b28 f14:c0cf1b28 f13:44b6c7c7
15626929ns          261557 1c008584 0046270b p.lw             x14, 4(x12!)        x14=c094e38f x12=10001ea0 x12:10001e9c  PA:10001e9c
15626969ns          261559 1c008588 08b77753 fsub.s           f14, f14, f11       f14=xxxxxxxx f14:c094e38f f11:4018a22f
15626989ns          261560 1c00858c 68e776c3 fmadd.s          f13, f14, f14, f13  f13=xxxxxxxx f14:c0e134a6 f14:c0e134a6 f13:44bc042e
15627009ns          261561 1c008584 0046270b p.lw             x14, 4(x12!)        x14=bfa41490 x12=10001ea4 x12:10001ea0  PA:10001ea0
15627048ns          261563 1c008588 08b77753 fsub.s           f14, f14, f11       f14=xxxxxxxx f14:bfa41490 f11:4018a22f
15627068ns          261564 1c00858c 68e776c3 fmadd.s          f13, f14, f14, f13  f13=xxxxxxxx f14:c06aac77 f14:c06aac77 f13:44c2351b
15627088ns          261565 1c008584 0046270b p.lw             x14, 4(x12!)        x14=409c5178 x12=10001ea8 x12:10001ea4  PA:10001ea4
15627128ns          261567 1c008588 08b77753 fsub.s           f14, f14, f11       f14=xxxxxxxx f14:409c5178 f11:4018a22f
15627148ns          261568 1c00858c 68e776c3 fmadd.s          f13, f14, f14, f13  f13=xxxxxxxx f14:402000c1 f14:402000c1 f13:44c3e35a
15627168ns          261569 1c008584 0046270b p.lw             x14, 4(x12!)        x14=40a9bf83 x12=10001eac x12:10001ea8  PA:10001ea8
15627207ns          261571 1c008588 08b77753 fsub.s           f14, f14, f11       f14=xxxxxxxx f14:40a9bf83 f11:4018a22f
15627227ns          261572 1c00858c 68e776c3 fmadd.s          f13, f14, f14, f13  f13=xxxxxxxx f14:403adcd7 f14:403adcd7 f13:44c4ab5c
15627247ns          261573 1c008584 0046270b p.lw             x14, 4(x12!)        x14=40893d7f x12=10001eb0 x12:10001eac  PA:10001eac
15627287ns          261575 1c008588 08b77753 fsub.s           f14, f14, f11       f14=xxxxxxxx f14:40893d7f f11:4018a22f
15627307ns          261576 1c00858c 68e776c3 fmadd.s          f13, f14, f14, f13  f13=xxxxxxxx f14:3ff3b19e f14:3ff3b19e f13:44c5bc27
15627327ns          261577 1c008584 0046270b p.lw             x14, 4(x12!)        x14=00000000 x12=10001eb4 x12:10001eb0  PA:10001eb0
15627367ns          261579 1c008588 08b77753 fsub.s           f14, f14, f11       f14=xxxxxxxx f14:00000000 f11:4018a22f
15627386ns          261580 1c00858c 68e776c3 fmadd.s          f13, f14, f14, f13  f13=xxxxxxxx f14:c018a22f f14:c018a22f f13:44c63024
15627406ns          261581 1c008584 0046270b p.lw             x14, 4(x12!)        x14=00000000 x12=10001eb8 x12:10001eb4  PA:10001eb4
15627446ns          261583 1c008588 08b77753 fsub.s           f14, f14, f11       f14=xxxxxxxx f14:00000000 f11:4018a22f
15627466ns          261584 1c00858c 68e776c3 fmadd.s          f13, f14, f14, f13  f13=xxxxxxxx f14:c018a22f f14:c018a22f f13:44c6e626
15627486ns          261585 1c008584 0046270b p.lw             x14, 4(x12!)        x14=00000000 x12=10001ebc x12:10001eb8  PA:10001eb8
15627526ns          261587 1c008588 08b77753 fsub.s           f14, f14, f11       f14=xxxxxxxx f14:00000000 f11:4018a22f
15627546ns          261588 1c00858c 68e776c3 fmadd.s          f13, f14, f14, f13  f13=xxxxxxxx f14:c018a22f f14:c018a22f f13:44c79c28
15627565ns          261589 1c008584 0046270b p.lw             x14, 4(x12!)        x14=410190a0 x12=10001ec0 x12:10001ebc  PA:10001ebc
15627605ns          261591 1c008588 08b77753 fsub.s           f14, f14, f11       f14=xxxxxxxx f14:410190a0 f11:4018a22f
15627625ns          261592 1c00858c 68e776c3 fmadd.s          f13, f14, f14, f13  f13=xxxxxxxx f14:40b6d028 f14:40b6d028 f13:44c8522a
15627645ns          261593 1c008584 0046270b p.lw             x14, 4(x12!)        x14=3fa06742 x12=10001ec4 x12:10001ec0  PA:10001ec0
15627685ns          261595 1c008588 08b77753 fsub.s           f14, f14, f11       f14=xxxxxxxx f14:3fa06742 f11:4018a22f
15627705ns          261596 1c00858c 68e776c3 fmadd.s          f13, f14, f14, f13  f13=xxxxxxxx f14:bf90dd1c f14:bf90dd1c f13:44cc668f
15627725ns          261597 1c008584 0046270b p.lw             x14, 4(x12!)        x14=40ea285e x12=10001ec8 x12:10001ec4  PA:10001ec4
15627764ns          261599 1c008588 08b77753 fsub.s           f14, f14, f11       f14=xxxxxxxx f14:40ea285e f11:4018a22f
15627784ns          261600 1c00858c 68e776c3 fmadd.s          f13, f14, f14, f13  f13=xxxxxxxx f14:409dd746 f14:409dd746 f13:44cc8f8c
15627804ns          261601 1c008584 0046270b p.lw             x14, 4(x12!)        x14=40df47e5 x12=10001ecc x12:10001ec8  PA:10001ec8
15627844ns          261603 1c008588 08b77753 fsub.s           f14, f14, f11       f14=xxxxxxxx f14:40df47e5 f11:4018a22f
15627864ns          261604 1c00858c 68e776c3 fmadd.s          f13, f14, f14, f13  f13=xxxxxxxx f14:4092f6ce f14:4092f6ce f13:44cf9a1a
15627884ns          261605 1c008584 0046270b p.lw             x14, 4(x12!)        x14=c0772655 x12=10001ed0 x12:10001ecc  PA:10001ecc
15627923ns          261607 1c008588 08b77753 fsub.s           f14, f14, f11       f14=xxxxxxxx f14:c0772655 f11:4018a22f
15627943ns          261608 1c00858c 68e776c3 fmadd.s          f13, f14, f14, f13  f13=xxxxxxxx f14:c0c7e442 f14:c0c7e442 f13:44d23d0e
15627963ns          261609 1c008584 0046270b p.lw             x14, 4(x12!)        x14=3f5da41f x12=10001ed4 x12:10001ed0  PA:10001ed0
15628003ns          261611 1c008588 08b77753 fsub.s           f14, f14, f11       f14=xxxxxxxx f14:3f5da41f f11:4018a22f
15628023ns          261612 1c00858c 68e776c3 fmadd.s          f13, f14, f14, f13  f13=xxxxxxxx f14:bfc2724e f14:bfc2724e f13:44d71db3
15628043ns          261613 1c008584 0046270b p.lw             x14, 4(x12!)        x14=beab955d x12=10001ed8 x12:10001ed4  PA:10001ed4
15628083ns          261615 1c008588 08b77753 fsub.s           f14, f14, f11       f14=xxxxxxxx f14:beab955d f11:4018a22f
15628102ns          261616 1c00858c 68e776c3 fmadd.s          f13, f14, f14, f13  f13=xxxxxxxx f14:c02e14db f14:c02e14db f13:44d7678c
15628122ns          261617 1c008584 0046270b p.lw             x14, 4(x12!)        x14=00000000 x12=10001edc x12:10001ed8  PA:10001ed8
15628162ns          261619 1c008588 08b77753 fsub.s           f14, f14, f11       f14=xxxxxxxx f14:00000000 f11:4018a22f
15628182ns          261620 1c00858c 68e776c3 fmadd.s          f13, f14, f14, f13  f13=xxxxxxxx f14:c018a22f f14:c018a22f f13:44d8544d
15628202ns          261621 1c008584 0046270b p.lw             x14, 4(x12!)        x14=00000000 x12=10001ee0 x12:10001edc  PA:10001edc
15628242ns          261623 1c008588 08b77753 fsub.s           f14, f14, f11       f14=xxxxxxxx f14:00000000 f11:4018a22f
15628262ns          261624 1c00858c 68e776c3 fmadd.s          f13, f14, f14, f13  f13=xxxxxxxx f14:c018a22f f14:c018a22f f13:44d90a4f
15628282ns          261625 1c008584 0046270b p.lw             x14, 4(x12!)        x14=00000000 x12=10001ee4 x12:10001ee0  PA:10001ee0
15628321ns          261627 1c008588 08b77753 fsub.s           f14, f14, f11       f14=xxxxxxxx f14:00000000 f11:4018a22f
15628341ns          261628 1c00858c 68e776c3 fmadd.s          f13, f14, f14, f13  f13=xxxxxxxx f14:c018a22f f14:c018a22f f13:44d9c051
15628361ns          261629 1c008584 0046270b p.lw             x14, 4(x12!)        x14=00000000 x12=10001ee8 x12:10001ee4  PA:10001ee4
15628401ns          261631 1c008588 08b77753 fsub.s           f14, f14, f11       f14=xxxxxxxx f14:00000000 f11:4018a22f
15628421ns          261632 1c00858c 68e776c3 fmadd.s          f13, f14, f14, f13  f13=xxxxxxxx f14:c018a22f f14:c018a22f f13:44da7653
15628441ns          261633 1c008584 0046270b p.lw             x14, 4(x12!)        x14=40ae2689 x12=10001eec x12:10001ee8  PA:10001ee8
15628480ns          261635 1c008588 08b77753 fsub.s           f14, f14, f11       f14=xxxxxxxx f14:40ae2689 f11:4018a22f
15628500ns          261636 1c00858c 68e776c3 fmadd.s          f13, f14, f14, f13  f13=xxxxxxxx f14:4043aae3 f14:4043aae3 f13:44db2c55
15628520ns          261637 1c008584 0046270b p.lw             x14, 4(x12!)        x14=40b96a8e x12=10001ef0 x12:10001eec  PA:10001eec
15628560ns          261639 1c008588 08b77753 fsub.s           f14, f14, f11       f14=xxxxxxxx f14:40b96a8e f11:4018a22f
15628580ns          261640 1c00858c 68e776c3 fmadd.s          f13, f14, f14, f13  f13=xxxxxxxx f14:405a32ed f14:405a32ed f13:44dc5771
15628600ns          261641 1c008584 0046270b p.lw             x14, 4(x12!)        x14=41081a2e x12=10001ef4 x12:10001ef0  PA:10001ef0
15628640ns          261643 1c008588 08b77753 fsub.s           f14, f14, f11       f14=xxxxxxxx f14:41081a2e f11:4018a22f
15628659ns          261644 1c00858c 68e776c3 fmadd.s          f13, f14, f14, f13  f13=xxxxxxxx f14:40c3e344 f14:40c3e344 f13:44ddcb67
15628679ns          261645 1c008584 0046270b p.lw             x14, 4(x12!)        x14=3e96ca20 x12=10001ef8 x12:10001ef4  PA:10001ef4
15628719ns          261647 1c008588 08b77753 fsub.s           f14, f14, f11       f14=xxxxxxxx f14:3e96ca20 f11:4018a22f
15628739ns          261648 1c00858c 68e776c3 fmadd.s          f13, f14, f14, f13  f13=xxxxxxxx f14:c005c8eb f14:c005c8eb f13:44e27a87
15628759ns          261649 1c008584 0046270b p.lw             x14, 4(x12!)        x14=3f3b8d22 x12=10001efc x12:10001ef8  PA:10001ef8
15628799ns          261651 1c008588 08b77753 fsub.s           f14, f14, f11       f14=xxxxxxxx f14:3f3b8d22 f11:4018a22f
15628819ns          261652 1c00858c 68e776c3 fmadd.s          f13, f14, f14, f13  f13=xxxxxxxx f14:bfd37dcd f14:bfd37dcd f13:44e3065c
15628838ns          261653 1c008584 0046270b p.lw             x14, 4(x12!)        x14=c015546d x12=10001f00 x12:10001efc  PA:10001efc
15628878ns          261655 1c008588 08b77753 fsub.s           f14, f14, f11       f14=xxxxxxxx f14:c015546d f11:4018a22f
15628898ns          261656 1c00858c 68e776c3 fmadd.s          f13, f14, f14, f13  f13=xxxxxxxx f14:c096fb4e f14:c096fb4e f13:44e35db8
15628918ns          261657 1c008584 0046270b p.lw             x14, 4(x12!)        x14=00000000 x12=10001f04 x12:10001f00  PA:10001f00
15628958ns          261659 1c008588 08b77753 fsub.s           f14, f14, f11       f14=xxxxxxxx f14:00000000 f11:4018a22f
15628978ns          261660 1c00858c 68e776c3 fmadd.s          f13, f14, f14, f13  f13=xxxxxxxx f14:c018a22f f14:c018a22f f13:44e62614
15628998ns          261661 1c008584 0046270b p.lw             x14, 4(x12!)        x14=00000000 x12=10001f08 x12:10001f04  PA:10001f04
15629037ns          261663 1c008588 08b77753 fsub.s           f14, f14, f11       f14=xxxxxxxx f14:00000000 f11:4018a22f
15629057ns          261664 1c00858c 68e776c3 fmadd.s          f13, f14, f14, f13  f13=xxxxxxxx f14:c018a22f f14:c018a22f f13:44e6dc16
15629077ns          261665 1c008584 0046270b p.lw             x14, 4(x12!)        x14=00000000 x12=10001f0c x12:10001f08  PA:10001f08
15629117ns          261667 1c008588 08b77753 fsub.s           f14, f14, f11       f14=xxxxxxxx f14:00000000 f11:4018a22f
15629137ns          261668 1c00858c 68e776c3 fmadd.s          f13, f14, f14, f13  f13=xxxxxxxx f14:c018a22f f14:c018a22f f13:44e79218
15629157ns          261669 1c008584 0046270b p.lw             x14, 4(x12!)        x14=00000000 x12=10001f10 x12:10001f0c  PA:10001f0c
15629196ns          261671 1c008588 08b77753 fsub.s           f14, f14, f11       f14=xxxxxxxx f14:00000000 f11:4018a22f
15629216ns          261672 1c00858c 68e776c3 fmadd.s          f13, f14, f14, f13  f13=xxxxxxxx f14:c018a22f f14:c018a22f f13:44e8481a
15629236ns          261673 1c008584 0046270b p.lw             x14, 4(x12!)        x14=00000000 x12=10001f14 x12:10001f10  PA:10001f10
15629276ns          261675 1c008588 08b77753 fsub.s           f14, f14, f11       f14=xxxxxxxx f14:00000000 f11:4018a22f
15629296ns          261676 1c00858c 68e776c3 fmadd.s          f13, f14, f14, f13  f13=xxxxxxxx f14:c018a22f f14:c018a22f f13:44e8fe1c
15629316ns          261677 1c008584 0046270b p.lw             x14, 4(x12!)        x14=401f76df x12=10001f18 x12:10001f14  PA:10001f14
15629356ns          261679 1c008588 08b77753 fsub.s           f14, f14, f11       f14=xxxxxxxx f14:401f76df f11:4018a22f
15629376ns          261680 1c00858c 68e776c3 fmadd.s          f13, f14, f14, f13  f13=xxxxxxxx f14:3dda9600 f14:3dda9600 f13:44e9b41e
15629395ns          261681 1c008584 0046270b p.lw             x14, 4(x12!)        x14=c0539cf8 x12=10001f1c x12:10001f18  PA:10001f18
15629435ns          261683 1c008588 08b77753 fsub.s           f14, f14, f11       f14=xxxxxxxx f14:c0539cf8 f11:4018a22f
15629455ns          261684 1c00858c 68e776c3 fmadd.s          f13, f14, f14, f13  f13=xxxxxxxx f14:c0b61f94 f14:c0b61f94 f13:44e9b47b
15629475ns          261685 1c008584 0046270b p.lw             x14, 4(x12!)        x14=c083dd2a x12=10001f20 x12:10001f1c  PA:10001f1c
15629515ns          261687 1c008588 08b77753 fsub.s           f14, f14, f11       f14=xxxxxxxx f14:c083dd2a f11:4018a22f
15629535ns          261688 1c00858c 68e776c3 fmadd.s          f13, f14, f14, f13  f13=xxxxxxxx f14:c0d02e42 f14:c0d02e42 f13:44edc102
15629555ns          261689 1c008584 0046270b p.lw             x14, 4(x12!)        x14=40b51614 x12=10001f24 x12:10001f20  PA:10001f20
15629594ns          261691 1c008588 08b77753 fsub.s           f14, f14, f11       f14=xxxxxxxx f14:40b51614 f11:4018a22f
15629614ns          261692 1c00858c 68e776c3 fmadd.s          f13, f14, f14, f13  f13=xxxxxxxx f14:405189f9 f14:405189f9 f13:44f30b5c
15629634ns          261693 1c008584 0046270b p.lw             x14, 4(x12!)        x14=3f880aa5 x12=10001f28 x12:10001f24  PA:10001f24
15629674ns          261695 1c008588 08b77753 fsub.s           f14, f14, f11       f14=xxxxxxxx f14:3f880aa5 f11:4018a22f
15629694ns          261696 1c00858c 68e776c3 fmadd.s          f13, f14, f14, f13  f13=xxxxxxxx f14:bfa939b9 f14:bfa939b9 f13:44f46261
15629714ns          261697 1c008584 0046270b p.lw             x14, 4(x12!)        x14=00000000 x12=10001f2c x12:10001f28  PA:10001f28
15629753ns          261699 1c008588 08b77753 fsub.s           f14, f14, f11       f14=xxxxxxxx f14:00000000 f11:4018a22f
15629773ns          261700 1c00858c 68e776c3 fmadd.s          f13, f14, f14, f13  f13=xxxxxxxx f14:c018a22f f14:c018a22f f13:44f49a50
15629793ns          261701 1c008584 0046270b p.lw             x14, 4(x12!)        x14=00000000 x12=10001f30 x12:10001f2c  PA:10001f2c
15629833ns          261703 1c008588 08b77753 fsub.s           f14, f14, f11       f14=xxxxxxxx f14:00000000 f11:4018a22f
15629853ns          261704 1c00858c 68e776c3 fmadd.s          f13, f14, f14, f13  f13=xxxxxxxx f14:c018a22f f14:c018a22f f13:44f55052
15629873ns          261705 1c008584 0046270b p.lw             x14, 4(x12!)        x14=00000000 x12=10001f34 x12:10001f30  PA:10001f30
15629913ns          261707 1c008588 08b77753 fsub.s           f14, f14, f11       f14=xxxxxxxx f14:00000000 f11:4018a22f
15629932ns          261708 1c00858c 68e776c3 fmadd.s          f13, f14, f14, f13  f13=xxxxxxxx f14:c018a22f f14:c018a22f f13:44f60654
15629952ns          261709 1c008584 0046270b p.lw             x14, 4(x12!)        x14=00000000 x12=10001f38 x12:10001f34  PA:10001f34
15629992ns          261711 1c008588 08b77753 fsub.s           f14, f14, f11       f14=xxxxxxxx f14:00000000 f11:4018a22f
15630012ns          261712 1c00858c 68e776c3 fmadd.s          f13, f14, f14, f13  f13=xxxxxxxx f14:c018a22f f14:c018a22f f13:44f6bc56
15630032ns          261713 1c008584 0046270b p.lw             x14, 4(x12!)        x14=00000000 x12=10001f3c x12:10001f38  PA:10001f38
15630072ns          261715 1c008588 08b77753 fsub.s           f14, f14, f11       f14=xxxxxxxx f14:00000000 f11:4018a22f
15630092ns          261716 1c00858c 68e776c3 fmadd.s          f13, f14, f14, f13  f13=xxxxxxxx f14:c018a22f f14:c018a22f f13:44f77258
15630111ns          261717 1c008584 0046270b p.lw             x14, 4(x12!)        x14=00000000 x12=10001f40 x12:10001f3c  PA:10001f3c
15630151ns          261719 1c008588 08b77753 fsub.s           f14, f14, f11       f14=xxxxxxxx f14:00000000 f11:4018a22f
15630171ns          261720 1c00858c 68e776c3 fmadd.s          f13, f14, f14, f13  f13=xxxxxxxx f14:c018a22f f14:c018a22f f13:44f8285a
15630191ns          261721 1c008584 0046270b p.lw             x14, 4(x12!)        x14=4073e030 x12=10001f44 x12:10001f40  PA:10001f40
15630231ns          261723 1c008588 08b77753 fsub.s           f14, f14, f11       f14=xxxxxxxx f14:4073e030 f11:4018a22f
15630251ns          261724 1c00858c 68e776c3 fmadd.s          f13, f14, f14, f13  f13=xxxxxxxx f14:3fb67c02 f14:3fb67c02 f13:44f8de5c
15630271ns          261725 1c008584 0046270b p.lw             x14, 4(x12!)        x14=40c1e1ba x12=10001f48 x12:10001f44  PA:10001f44
15630310ns          261727 1c008588 08b77753 fsub.s           f14, f14, f11       f14=xxxxxxxx f14:40c1e1ba f11:4018a22f
15630330ns          261728 1c00858c 68e776c3 fmadd.s          f13, f14, f14, f13  f13=xxxxxxxx f14:406b2145 f14:406b2145 f13:44f91f66
15630350ns          261729 1c008584 0046270b p.lw             x14, 4(x12!)        x14=3fdef325 x12=10001f4c x12:10001f48  PA:10001f48
15630390ns          261731 1c008588 08b77753 fsub.s           f14, f14, f11       f14=xxxxxxxx f14:3fdef325 f11:4018a22f
15630410ns          261732 1c00858c 68e776c3 fmadd.s          f13, f14, f14, f13  f13=xxxxxxxx f14:bf24a272 f14:bf24a272 f13:44facf52
15630430ns          261733 1c008584 0046270b p.lw             x14, 4(x12!)        x14=40313039 x12=10001f50 x12:10001f4c  PA:10001f4c
15630469ns          261735 1c008588 08b77753 fsub.s           f14, f14, f11       f14=xxxxxxxx f14:40313039 f11:4018a22f
15630489ns          261736 1c00858c 68e776c3 fmadd.s          f13, f14, f14, f13  f13=xxxxxxxx f14:3ec47050 f14:3ec47050 f13:44fadc8e
15630509ns          261737 1c008584 0046270b p.lw             x14, 4(x12!)        x14=00000000 x12=10001f54 x12:10001f50  PA:10001f50
15630549ns          261739 1c008588 08b77753 fsub.s           f14, f14, f11       f14=xxxxxxxx f14:00000000 f11:4018a22f
15630569ns          261740 1c00858c 68e776c3 fmadd.s          f13, f14, f14, f13  f13=xxxxxxxx f14:c018a22f f14:c018a22f f13:44fae144
15630589ns          261741 1c008584 0046270b p.lw             x14, 4(x12!)        x14=00000000 x12=10001f58 x12:10001f54  PA:10001f54
15630629ns          261743 1c008588 08b77753 fsub.s           f14, f14, f11       f14=xxxxxxxx f14:00000000 f11:4018a22f
15630649ns          261744 1c00858c 68e776c3 fmadd.s          f13, f14, f14, f13  f13=xxxxxxxx f14:c018a22f f14:c018a22f f13:44fb9746
15630668ns          261745 1c008584 0046270b p.lw             x14, 4(x12!)        x14=00000000 x12=10001f5c x12:10001f58  PA:10001f58
15630708ns          261747 1c008588 08b77753 fsub.s           f14, f14, f11       f14=xxxxxxxx f14:00000000 f11:4018a22f
15630728ns          261748 1c00858c 68e776c3 fmadd.s          f13, f14, f14, f13  f13=xxxxxxxx f14:c018a22f f14:c018a22f f13:44fc4d48
15630748ns          261749 1c008584 0046270b p.lw             x14, 4(x12!)        x14=00000000 x12=10001f60 x12:10001f5c  PA:10001f5c
15630788ns          261751 1c008588 08b77753 fsub.s           f14, f14, f11       f14=xxxxxxxx f14:00000000 f11:4018a22f
15630808ns          261752 1c00858c 68e776c3 fmadd.s          f13, f14, f14, f13  f13=xxxxxxxx f14:c018a22f f14:c018a22f f13:44fd034a
15630828ns          261753 1c008584 0046270b p.lw             x14, 4(x12!)        x14=00000000 x12=10001f64 x12:10001f60  PA:10001f60
15630867ns          261755 1c008588 08b77753 fsub.s           f14, f14, f11       f14=xxxxxxxx f14:00000000 f11:4018a22f
15630887ns          261756 1c00858c 68e776c3 fmadd.s          f13, f14, f14, f13  f13=xxxxxxxx f14:c018a22f f14:c018a22f f13:44fdb94c
15630907ns          261757 1c008584 0046270b p.lw             x14, 4(x12!)        x14=00000000 x12=10001f68 x12:10001f64  PA:10001f64
15630947ns          261759 1c008588 08b77753 fsub.s           f14, f14, f11       f14=xxxxxxxx f14:00000000 f11:4018a22f
15630967ns          261760 1c00858c 68e776c3 fmadd.s          f13, f14, f14, f13  f13=xxxxxxxx f14:c018a22f f14:c018a22f f13:44fe6f4e
15630987ns          261761 1c008584 0046270b p.lw             x14, 4(x12!)        x14=00000000 x12=10001f6c x12:10001f68  PA:10001f68
15631026ns          261763 1c008588 08b77753 fsub.s           f14, f14, f11       f14=xxxxxxxx f14:00000000 f11:4018a22f
15631046ns          261764 1c00858c 68e776c3 fmadd.s          f13, f14, f14, f13  f13=xxxxxxxx f14:c018a22f f14:c018a22f f13:44ff2550
15631066ns          261765 1c008584 0046270b p.lw             x14, 4(x12!)        x14=406f3779 x12=10001f70 x12:10001f6c  PA:10001f6c
15631106ns          261767 1c008588 08b77753 fsub.s           f14, f14, f11       f14=xxxxxxxx f14:406f3779 f11:4018a22f
15631126ns          261768 1c00858c 68e776c3 fmadd.s          f13, f14, f14, f13  f13=xxxxxxxx f14:3fad2a94 f14:3fad2a94 f13:44ffdb52
15631146ns          261769 1c008584 0046270b p.lw             x14, 4(x12!)        x14=bf7e69e1 x12=10001f74 x12:10001f70  PA:10001f70
15631186ns          261771 1c008588 08b77753 fsub.s           f14, f14, f11       f14=xxxxxxxx f14:bf7e69e1 f11:4018a22f
15631205ns          261772 1c00858c 68e776c3 fmadd.s          f13, f14, f14, f13  f13=xxxxxxxx f14:c0583ca7 f14:c0583ca7 f13:45000af2
15631225ns          261773 1c008584 0046270b p.lw             x14, 4(x12!)        x14=c01d4340 x12=10001f78 x12:10001f74  PA:10001f74
15631265ns          261775 1c008588 08b77753 fsub.s           f14, f14, f11       f14=xxxxxxxx f14:c01d4340 f11:4018a22f
15631285ns          261776 1c00858c 68e776c3 fmadd.s          f13, f14, f14, f13  f13=xxxxxxxx f14:c09af2b8 f14:c09af2b8 f13:4500c198
15631305ns          261777 1c008584 0046270b p.lw             x14, 4(x12!)        x14=00000000 x12=10001f7c x12:10001f78  PA:10001f78
15631345ns          261779 1c008588 08b77753 fsub.s           f14, f14, f11       f14=xxxxxxxx f14:00000000 f11:4018a22f
15631365ns          261780 1c00858c 68e776c3 fmadd.s          f13, f14, f14, f13  f13=xxxxxxxx f14:c018a22f f14:c018a22f f13:450238bc
15631384ns          261781 1c008584 0046270b p.lw             x14, 4(x12!)        x14=00000000 x12=10001f80 x12:10001f7c  PA:10001f7c
15631424ns          261783 1c008588 08b77753 fsub.s           f14, f14, f11       f14=xxxxxxxx f14:00000000 f11:4018a22f
15631444ns          261784 1c00858c 68e776c3 fmadd.s          f13, f14, f14, f13  f13=xxxxxxxx f14:c018a22f f14:c018a22f f13:450293bd
15631464ns          261785 1c008584 0046270b p.lw             x14, 4(x12!)        x14=00000000 x12=10001f84 x12:10001f80  PA:10001f80
15631504ns          261787 1c008588 08b77753 fsub.s           f14, f14, f11       f14=xxxxxxxx f14:00000000 f11:4018a22f
15631524ns          261788 1c00858c 68e776c3 fmadd.s          f13, f14, f14, f13  f13=xxxxxxxx f14:c018a22f f14:c018a22f f13:4502eebe
15631544ns          261789 1c008584 0046270b p.lw             x14, 4(x12!)        x14=00000000 x12=10001f88 x12:10001f84  PA:10001f84
15631583ns          261791 1c008588 08b77753 fsub.s           f14, f14, f11       f14=xxxxxxxx f14:00000000 f11:4018a22f
15631603ns          261792 1c00858c 68e776c3 fmadd.s          f13, f14, f14, f13  f13=xxxxxxxx f14:c018a22f f14:c018a22f f13:450349bf
15631623ns          261793 1c008584 0046270b p.lw             x14, 4(x12!)        x14=00000000 x12=10001f8c x12:10001f88  PA:10001f88
15631663ns          261795 1c008588 08b77753 fsub.s           f14, f14, f11       f14=xxxxxxxx f14:00000000 f11:4018a22f
15631683ns          261796 1c00858c 68e776c3 fmadd.s          f13, f14, f14, f13  f13=xxxxxxxx f14:c018a22f f14:c018a22f f13:4503a4c0
15631703ns          261797 1c008584 0046270b p.lw             x14, 4(x12!)        x14=00000000 x12=10001f90 x12:10001f8c  PA:10001f8c
15631743ns          261799 1c008588 08b77753 fsub.s           f14, f14, f11       f14=xxxxxxxx f14:00000000 f11:4018a22f
15631762ns          261800 1c00858c 68e776c3 fmadd.s          f13, f14, f14, f13  f13=xxxxxxxx f14:c018a22f f14:c018a22f f13:4503ffc1
15631782ns          261801 1c008584 0046270b p.lw             x14, 4(x12!)        x14=00000000 x12=10001f94 x12:10001f90  PA:10001f90
15631822ns          261803 1c008588 08b77753 fsub.s           f14, f14, f11       f14=xxxxxxxx f14:00000000 f11:4018a22f
15631842ns          261804 1c00858c 68e776c3 fmadd.s          f13, f14, f14, f13  f13=xxxxxxxx f14:c018a22f f14:c018a22f f13:45045ac2
15631862ns          261805 1c008584 0046270b p.lw             x14, 4(x12!)        x14=00000000 x12=10001f98 x12:10001f94  PA:10001f94
15631902ns          261807 1c008588 08b77753 fsub.s           f14, f14, f11       f14=xxxxxxxx f14:00000000 f11:4018a22f
15631922ns          261808 1c00858c 68e776c3 fmadd.s          f13, f14, f14, f13  f13=xxxxxxxx f14:c018a22f f14:c018a22f f13:4504b5c3
15631941ns          261809 1c008584 0046270b p.lw             x14, 4(x12!)        x14=3fea5f60 x12=10001f9c x12:10001f98  PA:10001f98
15631981ns          261811 1c008588 08b77753 fsub.s           f14, f14, f11       f14=xxxxxxxx f14:3fea5f60 f11:4018a22f
15632001ns          261812 1c00858c 68e776c3 fmadd.s          f13, f14, f14, f13  f13=xxxxxxxx f14:bf0dc9fc f14:bf0dc9fc f13:450510c4
15632021ns          261813 1c008584 0046270b p.lw             x14, 4(x12!)        x14=3f3e069c x12=10001fa0 x12:10001f9c  PA:10001f9c
15632061ns          261815 1c008588 08b77753 fsub.s           f14, f14, f11       f14=xxxxxxxx f14:3f3e069c f11:4018a22f
15632081ns          261816 1c00858c 68e776c3 fmadd.s          f13, f14, f14, f13  f13=xxxxxxxx f14:bfd24110 f14:bfd24110 f13:450515ad
15632101ns          261817 1c008584 0046270b p.lw             x14, 4(x12!)        x14=00000000 x12=10001fa4 x12:10001fa0  PA:10001fa0
15632140ns          261819 1c008588 08b77753 fsub.s           f14, f14, f11       f14=xxxxxxxx f14:00000000 f11:4018a22f
15632160ns          261820 1c00858c 68e776c3 fmadd.s          f13, f14, f14, f13  f13=xxxxxxxx f14:c018a22f f14:c018a22f f13:450540d9
15632180ns          261821 1c008584 0046270b p.lw             x14, 4(x12!)        x14=00000000 x12=10001fa8 x12:10001fa4  PA:10001fa4
15632220ns          261823 1c008588 08b77753 fsub.s           f14, f14, f11       f14=xxxxxxxx f14:00000000 f11:4018a22f
15632240ns          261824 1c00858c 68e776c3 fmadd.s          f13, f14, f14, f13  f13=xxxxxxxx f14:c018a22f f14:c018a22f f13:45059bda
15632260ns          261825 1c008584 0046270b p.lw             x14, 4(x12!)        x14=00000000 x12=10001fac x12:10001fa8  PA:10001fa8
15632299ns          261827 1c008588 08b77753 fsub.s           f14, f14, f11       f14=xxxxxxxx f14:00000000 f11:4018a22f
15632319ns          261828 1c00858c 68e776c3 fmadd.s          f13, f14, f14, f13  f13=xxxxxxxx f14:c018a22f f14:c018a22f f13:4505f6db
15632339ns          261829 1c008584 0046270b p.lw             x14, 4(x12!)        x14=00000000 x12=10001fb0 x12:10001fac  PA:10001fac
15632379ns          261831 1c008588 08b77753 fsub.s           f14, f14, f11       f14=xxxxxxxx f14:00000000 f11:4018a22f
15632399ns          261832 1c00858c 68e776c3 fmadd.s          f13, f14, f14, f13  f13=xxxxxxxx f14:c018a22f f14:c018a22f f13:450651dc
15632419ns          261833 1c008584 0046270b p.lw             x14, 4(x12!)        x14=00000000 x12=10001fb4 x12:10001fb0  PA:10001fb0
15632459ns          261835 1c008588 08b77753 fsub.s           f14, f14, f11       f14=xxxxxxxx f14:00000000 f11:4018a22f
15632478ns          261836 1c00858c 68e776c3 fmadd.s          f13, f14, f14, f13  f13=xxxxxxxx f14:c018a22f f14:c018a22f f13:4506acdd
15632498ns          261837 1c008584 0046270b p.lw             x14, 4(x12!)        x14=00000000 x12=10001fb8 x12:10001fb4  PA:10001fb4
15632538ns          261839 1c008588 08b77753 fsub.s           f14, f14, f11       f14=xxxxxxxx f14:00000000 f11:4018a22f
15632558ns          261840 1c00858c 68e776c3 fmadd.s          f13, f14, f14, f13  f13=xxxxxxxx f14:c018a22f f14:c018a22f f13:450707de
15632578ns          261841 1c008584 0046270b p.lw             x14, 4(x12!)        x14=00000000 x12=10001fbc x12:10001fb8  PA:10001fb8
15632618ns          261843 1c008588 08b77753 fsub.s           f14, f14, f11       f14=xxxxxxxx f14:00000000 f11:4018a22f
15632638ns          261844 1c00858c 68e776c3 fmadd.s          f13, f14, f14, f13  f13=xxxxxxxx f14:c018a22f f14:c018a22f f13:450762df
15632657ns          261845 1c008584 0046270b p.lw             x14, 4(x12!)        x14=00000000 x12=10001fc0 x12:10001fbc  PA:10001fbc
15632697ns          261847 1c008588 08b77753 fsub.s           f14, f14, f11       f14=xxxxxxxx f14:00000000 f11:4018a22f
15632717ns          261848 1c00858c 68e776c3 fmadd.s          f13, f14, f14, f13  f13=xxxxxxxx f14:c018a22f f14:c018a22f f13:4507bde0
15632737ns          261849 1c008584 0046270b p.lw             x14, 4(x12!)        x14=00000000 x12=10001fc4 x12:10001fc0  PA:10001fc0
15632777ns          261851 1c008588 08b77753 fsub.s           f14, f14, f11       f14=xxxxxxxx f14:00000000 f11:4018a22f
15632797ns          261852 1c00858c 68e776c3 fmadd.s          f13, f14, f14, f13  f13=xxxxxxxx f14:c018a22f f14:c018a22f f13:450818e1
15632817ns          261853 1c008584 0046270b p.lw             x14, 4(x12!)        x14=3fb129be x12=10001fc8 x12:10001fc4  PA:10001fc4
15632856ns          261855 1c008588 08b77753 fsub.s           f14, f14, f11       f14=xxxxxxxx f14:3fb129be f11:4018a22f
15632876ns          261856 1c00858c 68e776c3 fmadd.s          f13, f14, f14, f13  f13=xxxxxxxx f14:bf801aa0 f14:bf801aa0 f13:450873e2
15632896ns          261857 1c008590 1c0007b7 lui              x15, 0x1c000000     x15=1c000000
15632916ns          261858 1c008594 0247a903 lw               x18, 36(x15)        x18=42c60000 x15:1c000000  PA:1c000024
15633234ns          261874 1c008598 1926f953 fdiv.s           f18, f13, f18       f18=xxxxxxxx f13:450883e9 f18:42c60000
15633254ns          261875 1c00859c 78b010ef jal              x1, 8074             x1=xxxxxxxx
15633533ns          261889 1c00a526 f14027f3 csrrs            x15, x0, 0xf14      x15=00000003
15633553ns          261890 1c00a52a 01f00713 addi             x14, x0, 31         x14=0000001f
15633572ns          261891 1c00a52c ca5797b3 p.extractu       x15, x15, 5, 5      x15=00000000 x15:00000003
15633891ns          261907 1c00a530 00e78863 beq              x15, x14, 16        x15:00000000 x14:0000001f
15633930ns          261909 1c00a534 002047b7 lui              x15, 0x204000       x15=00204000
15633950ns          261910 1c00a538 20078793 addi             x15, x15, 512       x15=00204200 x15:00204000
15633970ns          261911 1c00a53c 01c7e703 p.elw            x14, 28(x15)        x14=00010000 x15:00204200  PA:0020421c
16270912ns          293933 1c00a540 00008067 jalr             x0, x1, 0            x1:1c0085a0
16270952ns          293935 1c0085a0 00441793 slli             x15, x8, 0x4        x15=00000030  x8:00000003
16270972ns          293936 1c0085a4 009787b3 add              x15, x15, x9        x15=1c010030 x15:00000030  x9:1c010000
16270991ns          293937 1c0085a6 6407aa83 lw               x21, 1600(x15)      x21=436e7ded x15:1c010030  PA:1c010670
16271509ns          293963 1c0085aa 00241413 slli             x8, x8, 0x2          x8=0000000c  x8:00000003
16271529ns          293964 1c0085ac 00140793 addi             x15, x8, 1          x15=0000000d  x8:0000000c
16271548ns          293965 1c0085b0 a1598753 fle.s            x14, f19, f21       x14=00000001 f19:436e7d69 f21:436e7ded
16271588ns          293967 1c0085b4 00279793 slli             x15, x15, 0x2       x15=00000034 x15:0000000d
16271608ns          293968 1c0085b6 009787b3 add              x15, x15, x9        x15=1c010034 x15:00000034  x9:1c010000
16271628ns          293969 1c0085b8 6407aa03 lw               x20, 1600(x15)      x20=436e7cb5 x15:1c010034  PA:1c010674
16272066ns          293991 1c0085bc 28071663 bne              x14, x0, 652        x14:00000001
16272245ns          294000 1c008848 a13a07d3 fle.s            x15, f20, f19       x15=00000001 f20:436e7cb5 f19:436e7d69
16272284ns          294002 1c00884c 00100693 addi             x13, x0, 1          x13=00000001
16273160ns          294046 1c00884e ec0792e3 bne              x15, x0, -316       x15:00000001
16273299ns          294053 1c008712 00240793 addi             x15, x8, 2          x15=0000000e  x8:0000000c
16273319ns          294054 1c008716 00279793 slli             x15, x15, 0x2       x15=00000038 x15:0000000e
16273339ns          294055 1c008718 009787b3 add              x15, x15, x9        x15=1c010038 x15:00000038  x9:1c010000
16273358ns          294056 1c00871a 6407a983 lw               x19, 1600(x15)      x19=41b081ac x15:1c010038  PA:1c010678
16273717ns          294074 1c00871e 00340413 addi             x8, x8, 3            x8=0000000f  x8:0000000c
16273736ns          294075 1c008720 a1390753 fle.s            x14, f18, f19       x14=00000001 f18:41b0812d f19:41b081ac
16273756ns          294076 1c008724 00241793 slli             x15, x8, 0x2        x15=0000003c  x8:0000000f
16273776ns          294077 1c008728 00f484b3 add              x9, x9, x15          x9=1c01003c  x9:1c010000 x15:0000003c
16273796ns          294078 1c00872a 6404a403 lw               x8, 1600(x9)         x8=41b080c4  x9:1c01003c  PA:1c01067c
16274234ns          294100 1c00872e 12070363 beq              x14, x0, 294        x14:00000001
16274254ns          294101 1c008732 a12407d3 fle.s            x15, f8, f18        x15=00000001  f8:41b080c4 f18:41b0812d
16274273ns          294102 1c008736 10078f63 beq              x15, x0, 286        x15:00000001
16274293ns          294103 1c00873a f14025f3 csrrs            x11, x0, 0xf14      x11=00000003
16274771ns          294127 1c00873e f455b5b3 p.bclr           x11, x11, 26, 5     x11=00000003 x11:00000003
16274811ns          294129 1c008742 26068663 beq              x13, x0, 620        x13:00000001
16274830ns          294130 1c008746 1c000537 lui              x10, 0x1c000000     x10=1c000000
16274850ns          294131 1c00874a 0c050513 addi             x10, x10, 192       x10=1c0000c0 x10:1c000000
16275288ns          294153 1c00874e 223000ef jal              x1, 2594             x1=1c008752
16275367ns          294157 1c009170 fc010113 addi             x2, x2, -64          x2=10001df8  x2:10001e38
16275407ns          294159 1c009172 02410313 addi             x6, x2, 36           x6=10001e1c  x2:10001df8
16275427ns          294160 1c009176 02c12423 sw               x12, 40(x2)         x12:10001fc8  x2:10001df8  PA:10001e20
16275447ns          294161 1c009178 00a00633 add              x12, x0, x10        x12=1c0000c0 x10:1c0000c0
16275467ns          294162 1c00917a 1c009537 lui              x10, 0x1c009000     x10=1c009000
16275487ns          294163 1c00917e 02b12223 sw               x11, 36(x2)         x11:00000003  x2:10001df8  PA:10001e1c
16275507ns          294164 1c009180 02d12623 sw               x13, 44(x2)         x13:00000001  x2:10001df8  PA:10001e24
16275527ns          294165 1c009182 00200593 addi             x11, x0, 2          x11=00000002
16275546ns          294166 1c009184 006006b3 add              x13, x0, x6         x13=10001e1c  x6:10001e1c
16275566ns          294167 1c009186 10450513 addi             x10, x10, 260       x10=1c009104 x10:1c009000
16275586ns          294168 1c00918a 00112e23 sw               x1, 28(x2)           x1:1c008752  x2:10001df8  PA:10001e14
16275606ns          294169 1c00918c 02e12823 sw               x14, 48(x2)         x14:00000001  x2:10001df8  PA:10001e28
16275626ns          294170 1c00918e 02f12a23 sw               x15, 52(x2)         x15:00000001  x2:10001df8  PA:10001e2c
16275646ns          294171 1c009190 03012c23 sw               x16, 56(x2)         x16:3f0bcfc4  x2:10001df8  PA:10001e30
16275666ns          294172 1c009192 03112e23 sw               x17, 60(x2)         x17:10001fc4  x2:10001df8  PA:10001e34
16275686ns          294173 1c009194 00612623 sw               x6, 12(x2)           x6:10001e1c  x2:10001df8  PA:10001e04
16275706ns          294174 1c009196 fbfff0ef jal              x1, -66              x1=1c009198
16275785ns          294178 1c009154 04a0006f jal              x0, 74             
16275825ns          294180 1c00919e ed010113 addi             x2, x2, -304         x2=10001cc8  x2:10001df8
16275885ns          294183 1c0091a0 12812423 sw               x8, 296(x2)          x8:41b080c4  x2:10001cc8  PA:10001df0
16275924ns          294185 1c0091a4 00000413 addi             x8, x0, 0            x8=00000000
16275944ns          294186 1c0091a6 11612823 sw               x22, 272(x2)        x22:00000008  x2:10001cc8  PA:10001dd8
16275964ns          294187 1c0091aa 11712623 sw               x23, 268(x2)        x23:00000050  x2:10001cc8  PA:10001dd4
16276024ns          294190 1c0091ae 11812423 sw               x24, 264(x2)        x24:00000000  x2:10001cc8  PA:10001dd0
16276064ns          294192 1c0091b2 11912223 sw               x25, 260(x2)        x25:40734630  x2:10001cc8  PA:10001dcc
16276084ns          294193 1c0091b6 11a12023 sw               x26, 256(x2)        x26:43910d7d  x2:10001cc8  PA:10001dc8
16276103ns          294194 1c0091ba 0fb12e23 sw               x27, 252(x2)        x27:xxxxxxxx  x2:10001cc8  PA:10001dc4
16276123ns          294195 1c0091bc 12112623 sw               x1, 300(x2)          x1:1c009198  x2:10001cc8  PA:10001df4
16276163ns          294197 1c0091c0 00800db3 add              x27, x0, x8         x27=00000000  x8:00000000
16276203ns          294199 1c0091c2 12912223 sw               x9, 292(x2)          x9:1c01003c  x2:10001cc8  PA:10001dec
16276223ns          294200 1c0091c6 13212023 sw               x18, 288(x2)        x18:41b0812d  x2:10001cc8  PA:10001de8
16276243ns          294201 1c0091ca 11312e23 sw               x19, 284(x2)        x19:41b081ac  x2:10001cc8  PA:10001de4
16276302ns          294204 1c0091ce 11412c23 sw               x20, 280(x2)        x20:436e7cb5  x2:10001cc8  PA:10001de0
16276342ns          294206 1c0091d2 11512a23 sw               x21, 276(x2)        x21:436e7ded  x2:10001cc8  PA:10001ddc
16276362ns          294207 1c0091d6 00a00b33 add              x22, x0, x10        x22=1c009104 x10:1c009104
16276382ns          294208 1c0091d8 00b00d33 add              x26, x0, x11        x26=00000002 x11:00000002
16276402ns          294209 1c0091da 00d00c33 add              x24, x0, x13        x24=10001e1c x13:10001e1c
16276422ns          294210 1c0091dc 1c000bb7 lui              x23, 0x1c000000     x23=1c000000
16276442ns          294211 1c0091e0 02410c93 addi             x25, x2, 36         x25=10001cec  x2:10001cc8
16276481ns          294213 1c0091e4 00c00433 add              x8, x0, x12          x8=1c0000c0 x12:1c0000c0
16276501ns          294214 1c0091e6 00044503 lbu              x10, 0(x8)          x10=0000006b  x8:1c0000c0  PA:1c0000c0
16276800ns          294229 1c0091ea 00140413 addi             x8, x8, 1            x8=1c0000c1  x8:1c0000c0
16276819ns          294230 1c0091ec 00050e63 beq              x10, x0, 28         x10:0000006b
16276839ns          294231 1c0091ee 02500793 addi             x15, x0, 37         x15=00000025
16276859ns          294232 1c0091f2 04f50863 beq              x10, x15, 80        x10:0000006b x15:00000025
16276879ns          294233 1c0091f6 01a005b3 add              x11, x0, x26        x11=00000002 x26:00000002
16276899ns          294234 1c0091f8 000b00e7 jalr             x1, x22, 0           x1=1c0091fa x22:1c009104
16277038ns          294241 1c009104 000026b7 lui              x13, 0x2000         x13=00002000
16277078ns          294243 1c009106 f14027f3 csrrs            x15, x0, 0xf14      x15=00000003
16277098ns          294244 1c00910a f8068693 addi             x13, x13, -128      x13=00001f80 x13:00002000
16277158ns          294247 1c00910e 00379713 slli             x14, x15, 0x3       x14=00000018 x15:00000003
16277178ns          294248 1c009112 00279793 slli             x15, x15, 0x2       x15=0000000c x15:00000003
16277197ns          294249 1c009114 00d7f7b3 and              x15, x15, x13       x15=00000000 x15:0000000c x13:00001f80
16277217ns          294250 1c009116 ee873733 p.bclr           x14, x14, 23, 8     x14=00000018 x14:00000018
16277237ns          294251 1c00911a 1a10f6b7 lui              x13, 0x1a10f000     x13=1a10f000
16277297ns          294254 1c00911e 0ff57513 andi             x10, x10, 255       x10=0000006b x10:0000006b
16277317ns          294255 1c009122 00d70733 add              x14, x14, x13       x14=1a10f018 x14:00000018 x13:1a10f000
16277337ns          294256 1c009124 00a7e723 p.sw             x10, x0(x15)        x10:0000006b x15:00000000  PA:1a10f018
16277715ns          294275 1c009128 00000513 addi             x10, x0, 0          x10=00000000
16277734ns          294276 1c00912a 00008067 jalr             x0, x1, 0            x1:1c0091fa
16277794ns          294279 1c0091fa 31f52563 p.beqimm         x10, 778            x10:00000000
16277814ns          294280 1c0091fe 001d8d93 addi             x27, x27, 1         x27=00000001 x27:00000000
16277854ns          294282 1c009200 00044503 lbu              x10, 0(x8)          x10=00000065  x8:1c0000c1  PA:1c0000c1
16278172ns          294298 1c009204 00140413 addi             x8, x8, 1            x8=1c0000c2  x8:1c0000c1
16278192ns          294299 1c009206 fe0514e3 bne              x10, x0, -24        x10:00000065
16278272ns          294303 1c0091ee 02500793 addi             x15, x0, 37         x15=00000025
16278291ns          294304 1c0091f2 04f50863 beq              x10, x15, 80        x10:00000065 x15:00000025
16278311ns          294305 1c0091f6 01a005b3 add              x11, x0, x26        x11=00000002 x26:00000002
16278331ns          294306 1c0091f8 000b00e7 jalr             x1, x22, 0           x1=1c0091fa x22:1c009104
16278371ns          294308 1c009104 000026b7 lui              x13, 0x2000         x13=00002000
16278391ns          294309 1c009106 f14027f3 csrrs            x15, x0, 0xf14      x15=00000003
16278411ns          294310 1c00910a f8068693 addi             x13, x13, -128      x13=00001f80 x13:00002000
16278470ns          294313 1c00910e 00379713 slli             x14, x15, 0x3       x14=00000018 x15:00000003
16278490ns          294314 1c009112 00279793 slli             x15, x15, 0x2       x15=0000000c x15:00000003
16278510ns          294315 1c009114 00d7f7b3 and              x15, x15, x13       x15=00000000 x15:0000000c x13:00001f80
16278530ns          294316 1c009116 ee873733 p.bclr           x14, x14, 23, 8     x14=00000018 x14:00000018
16278550ns          294317 1c00911a 1a10f6b7 lui              x13, 0x1a10f000     x13=1a10f000
16278570ns          294318 1c00911e 0ff57513 andi             x10, x10, 255       x10=00000065 x10:00000065
16278590ns          294319 1c009122 00d70733 add              x14, x14, x13       x14=1a10f018 x14:00000018 x13:1a10f000
16278610ns          294320 1c009124 00a7e723 p.sw             x10, x0(x15)        x10:00000065 x15:00000000  PA:1a10f018
16278928ns          294336 1c009128 00000513 addi             x10, x0, 0          x10=00000000
16278948ns          294337 1c00912a 00008067 jalr             x0, x1, 0            x1:1c0091fa
16279007ns          294340 1c0091fa 31f52563 p.beqimm         x10, 778            x10:00000000
16279027ns          294341 1c0091fe 001d8d93 addi             x27, x27, 1         x27=00000002 x27:00000001
16279047ns          294342 1c009200 00044503 lbu              x10, 0(x8)          x10=00000072  x8:1c0000c2  PA:1c0000c2
16279346ns          294357 1c009204 00140413 addi             x8, x8, 1            x8=1c0000c3  x8:1c0000c2
16279365ns          294358 1c009206 fe0514e3 bne              x10, x0, -24        x10:00000072
16279445ns          294362 1c0091ee 02500793 addi             x15, x0, 37         x15=00000025
16279465ns          294363 1c0091f2 04f50863 beq              x10, x15, 80        x10:00000072 x15:00000025
16279485ns          294364 1c0091f6 01a005b3 add              x11, x0, x26        x11=00000002 x26:00000002
16279505ns          294365 1c0091f8 000b00e7 jalr             x1, x22, 0           x1=1c0091fa x22:1c009104
16279545ns          294367 1c009104 000026b7 lui              x13, 0x2000         x13=00002000
16279564ns          294368 1c009106 f14027f3 csrrs            x15, x0, 0xf14      x15=00000003
16279584ns          294369 1c00910a f8068693 addi             x13, x13, -128      x13=00001f80 x13:00002000
16279604ns          294370 1c00910e 00379713 slli             x14, x15, 0x3       x14=00000018 x15:00000003
16279624ns          294371 1c009112 00279793 slli             x15, x15, 0x2       x15=0000000c x15:00000003
16279644ns          294372 1c009114 00d7f7b3 and              x15, x15, x13       x15=00000000 x15:0000000c x13:00001f80
16279664ns          294373 1c009116 ee873733 p.bclr           x14, x14, 23, 8     x14=00000018 x14:00000018
16279684ns          294374 1c00911a 1a10f6b7 lui              x13, 0x1a10f000     x13=1a10f000
16279704ns          294375 1c00911e 0ff57513 andi             x10, x10, 255       x10=00000072 x10:00000072
16279724ns          294376 1c009122 00d70733 add              x14, x14, x13       x14=1a10f018 x14:00000018 x13:1a10f000
16279743ns          294377 1c009124 00a7e723 p.sw             x10, x0(x15)        x10:00000072 x15:00000000  PA:1a10f018
16280062ns          294393 1c009128 00000513 addi             x10, x0, 0          x10=00000000
16280082ns          294394 1c00912a 00008067 jalr             x0, x1, 0            x1:1c0091fa
16280141ns          294397 1c0091fa 31f52563 p.beqimm         x10, 778            x10:00000000
16280161ns          294398 1c0091fe 001d8d93 addi             x27, x27, 1         x27=00000003 x27:00000002
16280181ns          294399 1c009200 00044503 lbu              x10, 0(x8)          x10=0000006e  x8:1c0000c3  PA:1c0000c3
16280479ns          294414 1c009204 00140413 addi             x8, x8, 1            x8=1c0000c4  x8:1c0000c3
16280499ns          294415 1c009206 fe0514e3 bne              x10, x0, -24        x10:0000006e
16280579ns          294419 1c0091ee 02500793 addi             x15, x0, 37         x15=00000025
16280599ns          294420 1c0091f2 04f50863 beq              x10, x15, 80        x10:0000006e x15:00000025
16280619ns          294421 1c0091f6 01a005b3 add              x11, x0, x26        x11=00000002 x26:00000002
16280639ns          294422 1c0091f8 000b00e7 jalr             x1, x22, 0           x1=1c0091fa x22:1c009104
16280678ns          294424 1c009104 000026b7 lui              x13, 0x2000         x13=00002000
16280698ns          294425 1c009106 f14027f3 csrrs            x15, x0, 0xf14      x15=00000003
16280718ns          294426 1c00910a f8068693 addi             x13, x13, -128      x13=00001f80 x13:00002000
16280738ns          294427 1c00910e 00379713 slli             x14, x15, 0x3       x14=00000018 x15:00000003
16280758ns          294428 1c009112 00279793 slli             x15, x15, 0x2       x15=0000000c x15:00000003
16280778ns          294429 1c009114 00d7f7b3 and              x15, x15, x13       x15=00000000 x15:0000000c x13:00001f80
16280798ns          294430 1c009116 ee873733 p.bclr           x14, x14, 23, 8     x14=00000018 x14:00000018
16280818ns          294431 1c00911a 1a10f6b7 lui              x13, 0x1a10f000     x13=1a10f000
16280837ns          294432 1c00911e 0ff57513 andi             x10, x10, 255       x10=0000006e x10:0000006e
16280857ns          294433 1c009122 00d70733 add              x14, x14, x13       x14=1a10f018 x14:00000018 x13:1a10f000
16280877ns          294434 1c009124 00a7e723 p.sw             x10, x0(x15)        x10:0000006e x15:00000000  PA:1a10f018
16281215ns          294451 1c009128 00000513 addi             x10, x0, 0          x10=00000000
16281235ns          294452 1c00912a 00008067 jalr             x0, x1, 0            x1:1c0091fa
16281295ns          294455 1c0091fa 31f52563 p.beqimm         x10, 778            x10:00000000
16281315ns          294456 1c0091fe 001d8d93 addi             x27, x27, 1         x27=00000004 x27:00000003
16281335ns          294457 1c009200 00044503 lbu              x10, 0(x8)          x10=00000065  x8:1c0000c4  PA:1c0000c4
16281633ns          294472 1c009204 00140413 addi             x8, x8, 1            x8=1c0000c5  x8:1c0000c4
16281653ns          294473 1c009206 fe0514e3 bne              x10, x0, -24        x10:00000065
16281732ns          294477 1c0091ee 02500793 addi             x15, x0, 37         x15=00000025
16281752ns          294478 1c0091f2 04f50863 beq              x10, x15, 80        x10:00000065 x15:00000025
16281772ns          294479 1c0091f6 01a005b3 add              x11, x0, x26        x11=00000002 x26:00000002
16281792ns          294480 1c0091f8 000b00e7 jalr             x1, x22, 0           x1=1c0091fa x22:1c009104
16281832ns          294482 1c009104 000026b7 lui              x13, 0x2000         x13=00002000
16281852ns          294483 1c009106 f14027f3 csrrs            x15, x0, 0xf14      x15=00000003
16281872ns          294484 1c00910a f8068693 addi             x13, x13, -128      x13=00001f80 x13:00002000
16281892ns          294485 1c00910e 00379713 slli             x14, x15, 0x3       x14=00000018 x15:00000003
16281912ns          294486 1c009112 00279793 slli             x15, x15, 0x2       x15=0000000c x15:00000003
16281931ns          294487 1c009114 00d7f7b3 and              x15, x15, x13       x15=00000000 x15:0000000c x13:00001f80
16281951ns          294488 1c009116 ee873733 p.bclr           x14, x14, 23, 8     x14=00000018 x14:00000018
16281971ns          294489 1c00911a 1a10f6b7 lui              x13, 0x1a10f000     x13=1a10f000
16281991ns          294490 1c00911e 0ff57513 andi             x10, x10, 255       x10=00000065 x10:00000065
16282011ns          294491 1c009122 00d70733 add              x14, x14, x13       x14=1a10f018 x14:00000018 x13:1a10f000
16282031ns          294492 1c009124 00a7e723 p.sw             x10, x0(x15)        x10:00000065 x15:00000000  PA:1a10f018
16282369ns          294509 1c009128 00000513 addi             x10, x0, 0          x10=00000000
16282389ns          294510 1c00912a 00008067 jalr             x0, x1, 0            x1:1c0091fa
16282449ns          294513 1c0091fa 31f52563 p.beqimm         x10, 778            x10:00000000
16282468ns          294514 1c0091fe 001d8d93 addi             x27, x27, 1         x27=00000005 x27:00000004
16282488ns          294515 1c009200 00044503 lbu              x10, 0(x8)          x10=0000006c  x8:1c0000c5  PA:1c0000c5
16282787ns          294530 1c009204 00140413 addi             x8, x8, 1            x8=1c0000c6  x8:1c0000c5
16282807ns          294531 1c009206 fe0514e3 bne              x10, x0, -24        x10:0000006c
16282886ns          294535 1c0091ee 02500793 addi             x15, x0, 37         x15=00000025
16282906ns          294536 1c0091f2 04f50863 beq              x10, x15, 80        x10:0000006c x15:00000025
16282926ns          294537 1c0091f6 01a005b3 add              x11, x0, x26        x11=00000002 x26:00000002
16282946ns          294538 1c0091f8 000b00e7 jalr             x1, x22, 0           x1=1c0091fa x22:1c009104
16282986ns          294540 1c009104 000026b7 lui              x13, 0x2000         x13=00002000
16283006ns          294541 1c009106 f14027f3 csrrs            x15, x0, 0xf14      x15=00000003
16283025ns          294542 1c00910a f8068693 addi             x13, x13, -128      x13=00001f80 x13:00002000
16283045ns          294543 1c00910e 00379713 slli             x14, x15, 0x3       x14=00000018 x15:00000003
16283065ns          294544 1c009112 00279793 slli             x15, x15, 0x2       x15=0000000c x15:00000003
16283085ns          294545 1c009114 00d7f7b3 and              x15, x15, x13       x15=00000000 x15:0000000c x13:00001f80
16283105ns          294546 1c009116 ee873733 p.bclr           x14, x14, 23, 8     x14=00000018 x14:00000018
16283125ns          294547 1c00911a 1a10f6b7 lui              x13, 0x1a10f000     x13=1a10f000
16283145ns          294548 1c00911e 0ff57513 andi             x10, x10, 255       x10=0000006c x10:0000006c
16283165ns          294549 1c009122 00d70733 add              x14, x14, x13       x14=1a10f018 x14:00000018 x13:1a10f000
16283185ns          294550 1c009124 00a7e723 p.sw             x10, x0(x15)        x10:0000006c x15:00000000  PA:1a10f018
16283503ns          294566 1c009128 00000513 addi             x10, x0, 0          x10=00000000
16283523ns          294567 1c00912a 00008067 jalr             x0, x1, 0            x1:1c0091fa
16283582ns          294570 1c0091fa 31f52563 p.beqimm         x10, 778            x10:00000000
16283602ns          294571 1c0091fe 001d8d93 addi             x27, x27, 1         x27=00000006 x27:00000005
16283622ns          294572 1c009200 00044503 lbu              x10, 0(x8)          x10=00000020  x8:1c0000c6  PA:1c0000c6
16283920ns          294587 1c009204 00140413 addi             x8, x8, 1            x8=1c0000c7  x8:1c0000c6
16283940ns          294588 1c009206 fe0514e3 bne              x10, x0, -24        x10:00000020
16284020ns          294592 1c0091ee 02500793 addi             x15, x0, 37         x15=00000025
16284040ns          294593 1c0091f2 04f50863 beq              x10, x15, 80        x10:00000020 x15:00000025
16284060ns          294594 1c0091f6 01a005b3 add              x11, x0, x26        x11=00000002 x26:00000002
16284080ns          294595 1c0091f8 000b00e7 jalr             x1, x22, 0           x1=1c0091fa x22:1c009104
16284119ns          294597 1c009104 000026b7 lui              x13, 0x2000         x13=00002000
16284139ns          294598 1c009106 f14027f3 csrrs            x15, x0, 0xf14      x15=00000003
16284159ns          294599 1c00910a f8068693 addi             x13, x13, -128      x13=00001f80 x13:00002000
16284179ns          294600 1c00910e 00379713 slli             x14, x15, 0x3       x14=00000018 x15:00000003
16284199ns          294601 1c009112 00279793 slli             x15, x15, 0x2       x15=0000000c x15:00000003
16284219ns          294602 1c009114 00d7f7b3 and              x15, x15, x13       x15=00000000 x15:0000000c x13:00001f80
16284239ns          294603 1c009116 ee873733 p.bclr           x14, x14, 23, 8     x14=00000018 x14:00000018
16284259ns          294604 1c00911a 1a10f6b7 lui              x13, 0x1a10f000     x13=1a10f000
16284279ns          294605 1c00911e 0ff57513 andi             x10, x10, 255       x10=00000020 x10:00000020
16284298ns          294606 1c009122 00d70733 add              x14, x14, x13       x14=1a10f018 x14:00000018 x13:1a10f000
16284318ns          294607 1c009124 00a7e723 p.sw             x10, x0(x15)        x10:00000020 x15:00000000  PA:1a10f018
16284656ns          294624 1c009128 00000513 addi             x10, x0, 0          x10=00000000
16284676ns          294625 1c00912a 00008067 jalr             x0, x1, 0            x1:1c0091fa
16284736ns          294628 1c0091fa 31f52563 p.beqimm         x10, 778            x10:00000000
16284756ns          294629 1c0091fe 001d8d93 addi             x27, x27, 1         x27=00000007 x27:00000006
16284776ns          294630 1c009200 00044503 lbu              x10, 0(x8)          x10=00000070  x8:1c0000c7  PA:1c0000c7
16285074ns          294645 1c009204 00140413 addi             x8, x8, 1            x8=1c0000c8  x8:1c0000c7
16285094ns          294646 1c009206 fe0514e3 bne              x10, x0, -24        x10:00000070
16285174ns          294650 1c0091ee 02500793 addi             x15, x0, 37         x15=00000025
16285193ns          294651 1c0091f2 04f50863 beq              x10, x15, 80        x10:00000070 x15:00000025
16285213ns          294652 1c0091f6 01a005b3 add              x11, x0, x26        x11=00000002 x26:00000002
16285233ns          294653 1c0091f8 000b00e7 jalr             x1, x22, 0           x1=1c0091fa x22:1c009104
16285273ns          294655 1c009104 000026b7 lui              x13, 0x2000         x13=00002000
16285293ns          294656 1c009106 f14027f3 csrrs            x15, x0, 0xf14      x15=00000003
16285313ns          294657 1c00910a f8068693 addi             x13, x13, -128      x13=00001f80 x13:00002000
16285333ns          294658 1c00910e 00379713 slli             x14, x15, 0x3       x14=00000018 x15:00000003
16285353ns          294659 1c009112 00279793 slli             x15, x15, 0x2       x15=0000000c x15:00000003
16285373ns          294660 1c009114 00d7f7b3 and              x15, x15, x13       x15=00000000 x15:0000000c x13:00001f80
16285392ns          294661 1c009116 ee873733 p.bclr           x14, x14, 23, 8     x14=00000018 x14:00000018
16285412ns          294662 1c00911a 1a10f6b7 lui              x13, 0x1a10f000     x13=1a10f000
16285432ns          294663 1c00911e 0ff57513 andi             x10, x10, 255       x10=00000070 x10:00000070
16285452ns          294664 1c009122 00d70733 add              x14, x14, x13       x14=1a10f018 x14:00000018 x13:1a10f000
16285472ns          294665 1c009124 00a7e723 p.sw             x10, x0(x15)        x10:00000070 x15:00000000  PA:1a10f018
16285790ns          294681 1c009128 00000513 addi             x10, x0, 0          x10=00000000
16285810ns          294682 1c00912a 00008067 jalr             x0, x1, 0            x1:1c0091fa
16285870ns          294685 1c0091fa 31f52563 p.beqimm         x10, 778            x10:00000000
16285890ns          294686 1c0091fe 001d8d93 addi             x27, x27, 1         x27=00000008 x27:00000007
16285910ns          294687 1c009200 00044503 lbu              x10, 0(x8)          x10=00000061  x8:1c0000c8  PA:1c0000c8
16286208ns          294702 1c009204 00140413 addi             x8, x8, 1            x8=1c0000c9  x8:1c0000c8
16286228ns          294703 1c009206 fe0514e3 bne              x10, x0, -24        x10:00000061
16286307ns          294707 1c0091ee 02500793 addi             x15, x0, 37         x15=00000025
16286327ns          294708 1c0091f2 04f50863 beq              x10, x15, 80        x10:00000061 x15:00000025
16286347ns          294709 1c0091f6 01a005b3 add              x11, x0, x26        x11=00000002 x26:00000002
16286367ns          294710 1c0091f8 000b00e7 jalr             x1, x22, 0           x1=1c0091fa x22:1c009104
16286407ns          294712 1c009104 000026b7 lui              x13, 0x2000         x13=00002000
16286427ns          294713 1c009106 f14027f3 csrrs            x15, x0, 0xf14      x15=00000003
16286447ns          294714 1c00910a f8068693 addi             x13, x13, -128      x13=00001f80 x13:00002000
16286466ns          294715 1c00910e 00379713 slli             x14, x15, 0x3       x14=00000018 x15:00000003
16286486ns          294716 1c009112 00279793 slli             x15, x15, 0x2       x15=0000000c x15:00000003
16286506ns          294717 1c009114 00d7f7b3 and              x15, x15, x13       x15=00000000 x15:0000000c x13:00001f80
16286526ns          294718 1c009116 ee873733 p.bclr           x14, x14, 23, 8     x14=00000018 x14:00000018
16286546ns          294719 1c00911a 1a10f6b7 lui              x13, 0x1a10f000     x13=1a10f000
16286566ns          294720 1c00911e 0ff57513 andi             x10, x10, 255       x10=00000061 x10:00000061
16286586ns          294721 1c009122 00d70733 add              x14, x14, x13       x14=1a10f018 x14:00000018 x13:1a10f000
16286606ns          294722 1c009124 00a7e723 p.sw             x10, x0(x15)        x10:00000061 x15:00000000  PA:1a10f018
16286924ns          294738 1c009128 00000513 addi             x10, x0, 0          x10=00000000
16286944ns          294739 1c00912a 00008067 jalr             x0, x1, 0            x1:1c0091fa
16287004ns          294742 1c0091fa 31f52563 p.beqimm         x10, 778            x10:00000000
16287023ns          294743 1c0091fe 001d8d93 addi             x27, x27, 1         x27=00000009 x27:00000008
16287043ns          294744 1c009200 00044503 lbu              x10, 0(x8)          x10=00000073  x8:1c0000c9  PA:1c0000c9
16287342ns          294759 1c009204 00140413 addi             x8, x8, 1            x8=1c0000ca  x8:1c0000c9
16287362ns          294760 1c009206 fe0514e3 bne              x10, x0, -24        x10:00000073
16287441ns          294764 1c0091ee 02500793 addi             x15, x0, 37         x15=00000025
16287461ns          294765 1c0091f2 04f50863 beq              x10, x15, 80        x10:00000073 x15:00000025
16287481ns          294766 1c0091f6 01a005b3 add              x11, x0, x26        x11=00000002 x26:00000002
16287501ns          294767 1c0091f8 000b00e7 jalr             x1, x22, 0           x1=1c0091fa x22:1c009104
16287541ns          294769 1c009104 000026b7 lui              x13, 0x2000         x13=00002000
16287560ns          294770 1c009106 f14027f3 csrrs            x15, x0, 0xf14      x15=00000003
16287580ns          294771 1c00910a f8068693 addi             x13, x13, -128      x13=00001f80 x13:00002000
16287600ns          294772 1c00910e 00379713 slli             x14, x15, 0x3       x14=00000018 x15:00000003
16287620ns          294773 1c009112 00279793 slli             x15, x15, 0x2       x15=0000000c x15:00000003
16287640ns          294774 1c009114 00d7f7b3 and              x15, x15, x13       x15=00000000 x15:0000000c x13:00001f80
16287660ns          294775 1c009116 ee873733 p.bclr           x14, x14, 23, 8     x14=00000018 x14:00000018
16287680ns          294776 1c00911a 1a10f6b7 lui              x13, 0x1a10f000     x13=1a10f000
16287700ns          294777 1c00911e 0ff57513 andi             x10, x10, 255       x10=00000073 x10:00000073
16287720ns          294778 1c009122 00d70733 add              x14, x14, x13       x14=1a10f018 x14:00000018 x13:1a10f000
16287740ns          294779 1c009124 00a7e723 p.sw             x10, x0(x15)        x10:00000073 x15:00000000  PA:1a10f018
16288058ns          294795 1c009128 00000513 addi             x10, x0, 0          x10=00000000
16288078ns          294796 1c00912a 00008067 jalr             x0, x1, 0            x1:1c0091fa
16288137ns          294799 1c0091fa 31f52563 p.beqimm         x10, 778            x10:00000000
16288157ns          294800 1c0091fe 001d8d93 addi             x27, x27, 1         x27=0000000a x27:00000009
16288177ns          294801 1c009200 00044503 lbu              x10, 0(x8)          x10=00000073  x8:1c0000ca  PA:1c0000ca
16288475ns          294816 1c009204 00140413 addi             x8, x8, 1            x8=1c0000cb  x8:1c0000ca
16288495ns          294817 1c009206 fe0514e3 bne              x10, x0, -24        x10:00000073
16288575ns          294821 1c0091ee 02500793 addi             x15, x0, 37         x15=00000025
16288595ns          294822 1c0091f2 04f50863 beq              x10, x15, 80        x10:00000073 x15:00000025
16288615ns          294823 1c0091f6 01a005b3 add              x11, x0, x26        x11=00000002 x26:00000002
16288635ns          294824 1c0091f8 000b00e7 jalr             x1, x22, 0           x1=1c0091fa x22:1c009104
16288674ns          294826 1c009104 000026b7 lui              x13, 0x2000         x13=00002000
16288694ns          294827 1c009106 f14027f3 csrrs            x15, x0, 0xf14      x15=00000003
16288714ns          294828 1c00910a f8068693 addi             x13, x13, -128      x13=00001f80 x13:00002000
16288734ns          294829 1c00910e 00379713 slli             x14, x15, 0x3       x14=00000018 x15:00000003
16288754ns          294830 1c009112 00279793 slli             x15, x15, 0x2       x15=0000000c x15:00000003
16288774ns          294831 1c009114 00d7f7b3 and              x15, x15, x13       x15=00000000 x15:0000000c x13:00001f80
16288794ns          294832 1c009116 ee873733 p.bclr           x14, x14, 23, 8     x14=00000018 x14:00000018
16288814ns          294833 1c00911a 1a10f6b7 lui              x13, 0x1a10f000     x13=1a10f000
16288833ns          294834 1c00911e 0ff57513 andi             x10, x10, 255       x10=00000073 x10:00000073
16288853ns          294835 1c009122 00d70733 add              x14, x14, x13       x14=1a10f018 x14:00000018 x13:1a10f000
16288873ns          294836 1c009124 00a7e723 p.sw             x10, x0(x15)        x10:00000073 x15:00000000  PA:1a10f018
16289211ns          294853 1c009128 00000513 addi             x10, x0, 0          x10=00000000
16289231ns          294854 1c00912a 00008067 jalr             x0, x1, 0            x1:1c0091fa
16289291ns          294857 1c0091fa 31f52563 p.beqimm         x10, 778            x10:00000000
16289311ns          294858 1c0091fe 001d8d93 addi             x27, x27, 1         x27=0000000b x27:0000000a
16289331ns          294859 1c009200 00044503 lbu              x10, 0(x8)          x10=00000065  x8:1c0000cb  PA:1c0000cb
16289629ns          294874 1c009204 00140413 addi             x8, x8, 1            x8=1c0000cc  x8:1c0000cb
16289649ns          294875 1c009206 fe0514e3 bne              x10, x0, -24        x10:00000065
16289729ns          294879 1c0091ee 02500793 addi             x15, x0, 37         x15=00000025
16289748ns          294880 1c0091f2 04f50863 beq              x10, x15, 80        x10:00000065 x15:00000025
16289768ns          294881 1c0091f6 01a005b3 add              x11, x0, x26        x11=00000002 x26:00000002
16289788ns          294882 1c0091f8 000b00e7 jalr             x1, x22, 0           x1=1c0091fa x22:1c009104
16289828ns          294884 1c009104 000026b7 lui              x13, 0x2000         x13=00002000
16289848ns          294885 1c009106 f14027f3 csrrs            x15, x0, 0xf14      x15=00000003
16289868ns          294886 1c00910a f8068693 addi             x13, x13, -128      x13=00001f80 x13:00002000
16289888ns          294887 1c00910e 00379713 slli             x14, x15, 0x3       x14=00000018 x15:00000003
16289908ns          294888 1c009112 00279793 slli             x15, x15, 0x2       x15=0000000c x15:00000003
16289927ns          294889 1c009114 00d7f7b3 and              x15, x15, x13       x15=00000000 x15:0000000c x13:00001f80
16289947ns          294890 1c009116 ee873733 p.bclr           x14, x14, 23, 8     x14=00000018 x14:00000018
16289967ns          294891 1c00911a 1a10f6b7 lui              x13, 0x1a10f000     x13=1a10f000
16289987ns          294892 1c00911e 0ff57513 andi             x10, x10, 255       x10=00000065 x10:00000065
16290007ns          294893 1c009122 00d70733 add              x14, x14, x13       x14=1a10f018 x14:00000018 x13:1a10f000
16290027ns          294894 1c009124 00a7e723 p.sw             x10, x0(x15)        x10:00000065 x15:00000000  PA:1a10f018
16290345ns          294910 1c009128 00000513 addi             x10, x0, 0          x10=00000000
16290365ns          294911 1c00912a 00008067 jalr             x0, x1, 0            x1:1c0091fa
16290425ns          294914 1c0091fa 31f52563 p.beqimm         x10, 778            x10:00000000
16290445ns          294915 1c0091fe 001d8d93 addi             x27, x27, 1         x27=0000000c x27:0000000b
16290465ns          294916 1c009200 00044503 lbu              x10, 0(x8)          x10=00000064  x8:1c0000cc  PA:1c0000cc
16290763ns          294931 1c009204 00140413 addi             x8, x8, 1            x8=1c0000cd  x8:1c0000cc
16290783ns          294932 1c009206 fe0514e3 bne              x10, x0, -24        x10:00000064
16290862ns          294936 1c0091ee 02500793 addi             x15, x0, 37         x15=00000025
16290882ns          294937 1c0091f2 04f50863 beq              x10, x15, 80        x10:00000064 x15:00000025
16290902ns          294938 1c0091f6 01a005b3 add              x11, x0, x26        x11=00000002 x26:00000002
16290922ns          294939 1c0091f8 000b00e7 jalr             x1, x22, 0           x1=1c0091fa x22:1c009104
16290962ns          294941 1c009104 000026b7 lui              x13, 0x2000         x13=00002000
16290982ns          294942 1c009106 f14027f3 csrrs            x15, x0, 0xf14      x15=00000003
16291002ns          294943 1c00910a f8068693 addi             x13, x13, -128      x13=00001f80 x13:00002000
16291021ns          294944 1c00910e 00379713 slli             x14, x15, 0x3       x14=00000018 x15:00000003
16291041ns          294945 1c009112 00279793 slli             x15, x15, 0x2       x15=0000000c x15:00000003
16291061ns          294946 1c009114 00d7f7b3 and              x15, x15, x13       x15=00000000 x15:0000000c x13:00001f80
16291081ns          294947 1c009116 ee873733 p.bclr           x14, x14, 23, 8     x14=00000018 x14:00000018
16291101ns          294948 1c00911a 1a10f6b7 lui              x13, 0x1a10f000     x13=1a10f000
16291121ns          294949 1c00911e 0ff57513 andi             x10, x10, 255       x10=00000064 x10:00000064
16291141ns          294950 1c009122 00d70733 add              x14, x14, x13       x14=1a10f018 x14:00000018 x13:1a10f000
16291161ns          294951 1c009124 00a7e723 p.sw             x10, x0(x15)        x10:00000064 x15:00000000  PA:1a10f018
16291479ns          294967 1c009128 00000513 addi             x10, x0, 0          x10=00000000
16291499ns          294968 1c00912a 00008067 jalr             x0, x1, 0            x1:1c0091fa
16291559ns          294971 1c0091fa 31f52563 p.beqimm         x10, 778            x10:00000000
16291578ns          294972 1c0091fe 001d8d93 addi             x27, x27, 1         x27=0000000d x27:0000000c
16291598ns          294973 1c009200 00044503 lbu              x10, 0(x8)          x10=00000020  x8:1c0000cd  PA:1c0000cd
16291897ns          294988 1c009204 00140413 addi             x8, x8, 1            x8=1c0000ce  x8:1c0000cd
16291917ns          294989 1c009206 fe0514e3 bne              x10, x0, -24        x10:00000020
16291996ns          294993 1c0091ee 02500793 addi             x15, x0, 37         x15=00000025
16292016ns          294994 1c0091f2 04f50863 beq              x10, x15, 80        x10:00000020 x15:00000025
16292036ns          294995 1c0091f6 01a005b3 add              x11, x0, x26        x11=00000002 x26:00000002
16292056ns          294996 1c0091f8 000b00e7 jalr             x1, x22, 0           x1=1c0091fa x22:1c009104
16292096ns          294998 1c009104 000026b7 lui              x13, 0x2000         x13=00002000
16292115ns          294999 1c009106 f14027f3 csrrs            x15, x0, 0xf14      x15=00000003
16292135ns          295000 1c00910a f8068693 addi             x13, x13, -128      x13=00001f80 x13:00002000
16292155ns          295001 1c00910e 00379713 slli             x14, x15, 0x3       x14=00000018 x15:00000003
16292175ns          295002 1c009112 00279793 slli             x15, x15, 0x2       x15=0000000c x15:00000003
16292195ns          295003 1c009114 00d7f7b3 and              x15, x15, x13       x15=00000000 x15:0000000c x13:00001f80
16292215ns          295004 1c009116 ee873733 p.bclr           x14, x14, 23, 8     x14=00000018 x14:00000018
16292235ns          295005 1c00911a 1a10f6b7 lui              x13, 0x1a10f000     x13=1a10f000
16292255ns          295006 1c00911e 0ff57513 andi             x10, x10, 255       x10=00000020 x10:00000020
16292275ns          295007 1c009122 00d70733 add              x14, x14, x13       x14=1a10f018 x14:00000018 x13:1a10f000
16292294ns          295008 1c009124 00a7e723 p.sw             x10, x0(x15)        x10:00000020 x15:00000000  PA:1a10f018
16292653ns          295026 1c009128 00000513 addi             x10, x0, 0          x10=00000000
16292672ns          295027 1c00912a 00008067 jalr             x0, x1, 0            x1:1c0091fa
16292732ns          295030 1c0091fa 31f52563 p.beqimm         x10, 778            x10:00000000
16292752ns          295031 1c0091fe 001d8d93 addi             x27, x27, 1         x27=0000000e x27:0000000d
16292772ns          295032 1c009200 00044503 lbu              x10, 0(x8)          x10=0000006f  x8:1c0000ce  PA:1c0000ce
16293070ns          295047 1c009204 00140413 addi             x8, x8, 1            x8=1c0000cf  x8:1c0000ce
16293090ns          295048 1c009206 fe0514e3 bne              x10, x0, -24        x10:0000006f
16293170ns          295052 1c0091ee 02500793 addi             x15, x0, 37         x15=00000025
16293190ns          295053 1c0091f2 04f50863 beq              x10, x15, 80        x10:0000006f x15:00000025
16293209ns          295054 1c0091f6 01a005b3 add              x11, x0, x26        x11=00000002 x26:00000002
16293229ns          295055 1c0091f8 000b00e7 jalr             x1, x22, 0           x1=1c0091fa x22:1c009104
16293269ns          295057 1c009104 000026b7 lui              x13, 0x2000         x13=00002000
16293289ns          295058 1c009106 f14027f3 csrrs            x15, x0, 0xf14      x15=00000003
16293309ns          295059 1c00910a f8068693 addi             x13, x13, -128      x13=00001f80 x13:00002000
16293329ns          295060 1c00910e 00379713 slli             x14, x15, 0x3       x14=00000018 x15:00000003
16293349ns          295061 1c009112 00279793 slli             x15, x15, 0x2       x15=0000000c x15:00000003
16293369ns          295062 1c009114 00d7f7b3 and              x15, x15, x13       x15=00000000 x15:0000000c x13:00001f80
16293388ns          295063 1c009116 ee873733 p.bclr           x14, x14, 23, 8     x14=00000018 x14:00000018
16293408ns          295064 1c00911a 1a10f6b7 lui              x13, 0x1a10f000     x13=1a10f000
16293428ns          295065 1c00911e 0ff57513 andi             x10, x10, 255       x10=0000006f x10:0000006f
16293448ns          295066 1c009122 00d70733 add              x14, x14, x13       x14=1a10f018 x14:00000018 x13:1a10f000
16293468ns          295067 1c009124 00a7e723 p.sw             x10, x0(x15)        x10:0000006f x15:00000000  PA:1a10f018
16293786ns          295083 1c009128 00000513 addi             x10, x0, 0          x10=00000000
16293806ns          295084 1c00912a 00008067 jalr             x0, x1, 0            x1:1c0091fa
16293866ns          295087 1c0091fa 31f52563 p.beqimm         x10, 778            x10:00000000
16293886ns          295088 1c0091fe 001d8d93 addi             x27, x27, 1         x27=0000000f x27:0000000e
16293906ns          295089 1c009200 00044503 lbu              x10, 0(x8)          x10=0000006e  x8:1c0000cf  PA:1c0000cf
16294204ns          295104 1c009204 00140413 addi             x8, x8, 1            x8=1c0000d0  x8:1c0000cf
16294224ns          295105 1c009206 fe0514e3 bne              x10, x0, -24        x10:0000006e
16294303ns          295109 1c0091ee 02500793 addi             x15, x0, 37         x15=00000025
16294323ns          295110 1c0091f2 04f50863 beq              x10, x15, 80        x10:0000006e x15:00000025
16294343ns          295111 1c0091f6 01a005b3 add              x11, x0, x26        x11=00000002 x26:00000002
16294363ns          295112 1c0091f8 000b00e7 jalr             x1, x22, 0           x1=1c0091fa x22:1c009104
16294403ns          295114 1c009104 000026b7 lui              x13, 0x2000         x13=00002000
16294423ns          295115 1c009106 f14027f3 csrrs            x15, x0, 0xf14      x15=00000003
16294443ns          295116 1c00910a f8068693 addi             x13, x13, -128      x13=00001f80 x13:00002000
16294463ns          295117 1c00910e 00379713 slli             x14, x15, 0x3       x14=00000018 x15:00000003
16294482ns          295118 1c009112 00279793 slli             x15, x15, 0x2       x15=0000000c x15:00000003
16294502ns          295119 1c009114 00d7f7b3 and              x15, x15, x13       x15=00000000 x15:0000000c x13:00001f80
16294522ns          295120 1c009116 ee873733 p.bclr           x14, x14, 23, 8     x14=00000018 x14:00000018
16294542ns          295121 1c00911a 1a10f6b7 lui              x13, 0x1a10f000     x13=1a10f000
16294562ns          295122 1c00911e 0ff57513 andi             x10, x10, 255       x10=0000006e x10:0000006e
16294582ns          295123 1c009122 00d70733 add              x14, x14, x13       x14=1a10f018 x14:00000018 x13:1a10f000
16294602ns          295124 1c009124 00a7e723 p.sw             x10, x0(x15)        x10:0000006e x15:00000000  PA:1a10f018
16294920ns          295140 1c009128 00000513 addi             x10, x0, 0          x10=00000000
16294940ns          295141 1c00912a 00008067 jalr             x0, x1, 0            x1:1c0091fa
16295000ns          295144 1c0091fa 31f52563 p.beqimm         x10, 778            x10:00000000
16295020ns          295145 1c0091fe 001d8d93 addi             x27, x27, 1         x27=00000010 x27:0000000f
16295039ns          295146 1c009200 00044503 lbu              x10, 0(x8)          x10=00000020  x8:1c0000d0  PA:1c0000d0
16295338ns          295161 1c009204 00140413 addi             x8, x8, 1            x8=1c0000d1  x8:1c0000d0
16295358ns          295162 1c009206 fe0514e3 bne              x10, x0, -24        x10:00000020
16295437ns          295166 1c0091ee 02500793 addi             x15, x0, 37         x15=00000025
16295457ns          295167 1c0091f2 04f50863 beq              x10, x15, 80        x10:00000020 x15:00000025
16295477ns          295168 1c0091f6 01a005b3 add              x11, x0, x26        x11=00000002 x26:00000002
16295497ns          295169 1c0091f8 000b00e7 jalr             x1, x22, 0           x1=1c0091fa x22:1c009104
16295537ns          295171 1c009104 000026b7 lui              x13, 0x2000         x13=00002000
16295557ns          295172 1c009106 f14027f3 csrrs            x15, x0, 0xf14      x15=00000003
16295576ns          295173 1c00910a f8068693 addi             x13, x13, -128      x13=00001f80 x13:00002000
16295596ns          295174 1c00910e 00379713 slli             x14, x15, 0x3       x14=00000018 x15:00000003
16295616ns          295175 1c009112 00279793 slli             x15, x15, 0x2       x15=0000000c x15:00000003
16295636ns          295176 1c009114 00d7f7b3 and              x15, x15, x13       x15=00000000 x15:0000000c x13:00001f80
16295656ns          295177 1c009116 ee873733 p.bclr           x14, x14, 23, 8     x14=00000018 x14:00000018
16295676ns          295178 1c00911a 1a10f6b7 lui              x13, 0x1a10f000     x13=1a10f000
16295696ns          295179 1c00911e 0ff57513 andi             x10, x10, 255       x10=00000020 x10:00000020
16295716ns          295180 1c009122 00d70733 add              x14, x14, x13       x14=1a10f018 x14:00000018 x13:1a10f000
16295736ns          295181 1c009124 00a7e723 p.sw             x10, x0(x15)        x10:00000020 x15:00000000  PA:1a10f018
16296074ns          295198 1c009128 00000513 addi             x10, x0, 0          x10=00000000
16296094ns          295199 1c00912a 00008067 jalr             x0, x1, 0            x1:1c0091fa
16296154ns          295202 1c0091fa 31f52563 p.beqimm         x10, 778            x10:00000000
16296174ns          295203 1c0091fe 001d8d93 addi             x27, x27, 1         x27=00000011 x27:00000010
16296194ns          295204 1c009200 00044503 lbu              x10, 0(x8)          x10=00000063  x8:1c0000d1  PA:1c0000d1
16296495ns          295219 1c009204 00140413 addi             x8, x8, 1            x8=1c0000d2  x8:1c0000d1
16296515ns          295220 1c009206 fe0514e3 bne              x10, x0, -24        x10:00000063
16296595ns          295224 1c0091ee 02500793 addi             x15, x0, 37         x15=00000025
16296615ns          295225 1c0091f2 04f50863 beq              x10, x15, 80        x10:00000063 x15:00000025
16296636ns          295226 1c0091f6 01a005b3 add              x11, x0, x26        x11=00000002 x26:00000002
16296656ns          295227 1c0091f8 000b00e7 jalr             x1, x22, 0           x1=1c0091fa x22:1c009104
16296696ns          295229 1c009104 000026b7 lui              x13, 0x2000         x13=00002000
16296716ns          295230 1c009106 f14027f3 csrrs            x15, x0, 0xf14      x15=00000003
16296736ns          295231 1c00910a f8068693 addi             x13, x13, -128      x13=00001f80 x13:00002000
16296756ns          295232 1c00910e 00379713 slli             x14, x15, 0x3       x14=00000018 x15:00000003
16296776ns          295233 1c009112 00279793 slli             x15, x15, 0x2       x15=0000000c x15:00000003
16296796ns          295234 1c009114 00d7f7b3 and              x15, x15, x13       x15=00000000 x15:0000000c x13:00001f80
16296816ns          295235 1c009116 ee873733 p.bclr           x14, x14, 23, 8     x14=00000018 x14:00000018
16296836ns          295236 1c00911a 1a10f6b7 lui              x13, 0x1a10f000     x13=1a10f000
16296856ns          295237 1c00911e 0ff57513 andi             x10, x10, 255       x10=00000063 x10:00000063
16296876ns          295238 1c009122 00d70733 add              x14, x14, x13       x14=1a10f018 x14:00000018 x13:1a10f000
16296896ns          295239 1c009124 00a7e723 p.sw             x10, x0(x15)        x10:00000063 x15:00000000  PA:1a10f018
16297217ns          295255 1c009128 00000513 addi             x10, x0, 0          x10=00000000
16297237ns          295256 1c00912a 00008067 jalr             x0, x1, 0            x1:1c0091fa
16297298ns          295259 1c0091fa 31f52563 p.beqimm         x10, 778            x10:00000000
16297318ns          295260 1c0091fe 001d8d93 addi             x27, x27, 1         x27=00000012 x27:00000011
16297338ns          295261 1c009200 00044503 lbu              x10, 0(x8)          x10=0000006f  x8:1c0000d2  PA:1c0000d2
16297639ns          295276 1c009204 00140413 addi             x8, x8, 1            x8=1c0000d3  x8:1c0000d2
16297659ns          295277 1c009206 fe0514e3 bne              x10, x0, -24        x10:0000006f
16297739ns          295281 1c0091ee 02500793 addi             x15, x0, 37         x15=00000025
16297759ns          295282 1c0091f2 04f50863 beq              x10, x15, 80        x10:0000006f x15:00000025
16297779ns          295283 1c0091f6 01a005b3 add              x11, x0, x26        x11=00000002 x26:00000002
16297799ns          295284 1c0091f8 000b00e7 jalr             x1, x22, 0           x1=1c0091fa x22:1c009104
16297839ns          295286 1c009104 000026b7 lui              x13, 0x2000         x13=00002000
16297859ns          295287 1c009106 f14027f3 csrrs            x15, x0, 0xf14      x15=00000003
16297880ns          295288 1c00910a f8068693 addi             x13, x13, -128      x13=00001f80 x13:00002000
16297900ns          295289 1c00910e 00379713 slli             x14, x15, 0x3       x14=00000018 x15:00000003
16297920ns          295290 1c009112 00279793 slli             x15, x15, 0x2       x15=0000000c x15:00000003
16297940ns          295291 1c009114 00d7f7b3 and              x15, x15, x13       x15=00000000 x15:0000000c x13:00001f80
16297960ns          295292 1c009116 ee873733 p.bclr           x14, x14, 23, 8     x14=00000018 x14:00000018
16297980ns          295293 1c00911a 1a10f6b7 lui              x13, 0x1a10f000     x13=1a10f000
16298000ns          295294 1c00911e 0ff57513 andi             x10, x10, 255       x10=0000006f x10:0000006f
16298020ns          295295 1c009122 00d70733 add              x14, x14, x13       x14=1a10f018 x14:00000018 x13:1a10f000
16298040ns          295296 1c009124 00a7e723 p.sw             x10, x0(x15)        x10:0000006f x15:00000000  PA:1a10f018
16298381ns          295313 1c009128 00000513 addi             x10, x0, 0          x10=00000000
16298401ns          295314 1c00912a 00008067 jalr             x0, x1, 0            x1:1c0091fa
16298461ns          295317 1c0091fa 31f52563 p.beqimm         x10, 778            x10:00000000
16298482ns          295318 1c0091fe 001d8d93 addi             x27, x27, 1         x27=00000013 x27:00000012
16298502ns          295319 1c009200 00044503 lbu              x10, 0(x8)          x10=00000072  x8:1c0000d3  PA:1c0000d3
16298803ns          295334 1c009204 00140413 addi             x8, x8, 1            x8=1c0000d4  x8:1c0000d3
16298823ns          295335 1c009206 fe0514e3 bne              x10, x0, -24        x10:00000072
16298903ns          295339 1c0091ee 02500793 addi             x15, x0, 37         x15=00000025
16298923ns          295340 1c0091f2 04f50863 beq              x10, x15, 80        x10:00000072 x15:00000025
16298943ns          295341 1c0091f6 01a005b3 add              x11, x0, x26        x11=00000002 x26:00000002
16298963ns          295342 1c0091f8 000b00e7 jalr             x1, x22, 0           x1=1c0091fa x22:1c009104
16299003ns          295344 1c009104 000026b7 lui              x13, 0x2000         x13=00002000
16299023ns          295345 1c009106 f14027f3 csrrs            x15, x0, 0xf14      x15=00000003
16299043ns          295346 1c00910a f8068693 addi             x13, x13, -128      x13=00001f80 x13:00002000
16299063ns          295347 1c00910e 00379713 slli             x14, x15, 0x3       x14=00000018 x15:00000003
16299083ns          295348 1c009112 00279793 slli             x15, x15, 0x2       x15=0000000c x15:00000003
16299104ns          295349 1c009114 00d7f7b3 and              x15, x15, x13       x15=00000000 x15:0000000c x13:00001f80
16299124ns          295350 1c009116 ee873733 p.bclr           x14, x14, 23, 8     x14=00000018 x14:00000018
16299144ns          295351 1c00911a 1a10f6b7 lui              x13, 0x1a10f000     x13=1a10f000
16299164ns          295352 1c00911e 0ff57513 andi             x10, x10, 255       x10=00000072 x10:00000072
16299184ns          295353 1c009122 00d70733 add              x14, x14, x13       x14=1a10f018 x14:00000018 x13:1a10f000
16299204ns          295354 1c009124 00a7e723 p.sw             x10, x0(x15)        x10:00000072 x15:00000000  PA:1a10f018
16299525ns          295370 1c009128 00000513 addi             x10, x0, 0          x10=00000000
16299545ns          295371 1c00912a 00008067 jalr             x0, x1, 0            x1:1c0091fa
16299605ns          295374 1c0091fa 31f52563 p.beqimm         x10, 778            x10:00000000
16299625ns          295375 1c0091fe 001d8d93 addi             x27, x27, 1         x27=00000014 x27:00000013
16299645ns          295376 1c009200 00044503 lbu              x10, 0(x8)          x10=00000065  x8:1c0000d4  PA:1c0000d4
16299946ns          295391 1c009204 00140413 addi             x8, x8, 1            x8=1c0000d5  x8:1c0000d4
16299966ns          295392 1c009206 fe0514e3 bne              x10, x0, -24        x10:00000065
16300047ns          295396 1c0091ee 02500793 addi             x15, x0, 37         x15=00000025
16300067ns          295397 1c0091f2 04f50863 beq              x10, x15, 80        x10:00000065 x15:00000025
16300087ns          295398 1c0091f6 01a005b3 add              x11, x0, x26        x11=00000002 x26:00000002
16300107ns          295399 1c0091f8 000b00e7 jalr             x1, x22, 0           x1=1c0091fa x22:1c009104
16300147ns          295401 1c009104 000026b7 lui              x13, 0x2000         x13=00002000
16300167ns          295402 1c009106 f14027f3 csrrs            x15, x0, 0xf14      x15=00000003
16300187ns          295403 1c00910a f8068693 addi             x13, x13, -128      x13=00001f80 x13:00002000
16300207ns          295404 1c00910e 00379713 slli             x14, x15, 0x3       x14=00000018 x15:00000003
16300227ns          295405 1c009112 00279793 slli             x15, x15, 0x2       x15=0000000c x15:00000003
16300247ns          295406 1c009114 00d7f7b3 and              x15, x15, x13       x15=00000000 x15:0000000c x13:00001f80
16300267ns          295407 1c009116 ee873733 p.bclr           x14, x14, 23, 8     x14=00000018 x14:00000018
16300287ns          295408 1c00911a 1a10f6b7 lui              x13, 0x1a10f000     x13=1a10f000
16300307ns          295409 1c00911e 0ff57513 andi             x10, x10, 255       x10=00000065 x10:00000065
16300328ns          295410 1c009122 00d70733 add              x14, x14, x13       x14=1a10f018 x14:00000018 x13:1a10f000
16300348ns          295411 1c009124 00a7e723 p.sw             x10, x0(x15)        x10:00000065 x15:00000000  PA:1a10f018
16300669ns          295427 1c009128 00000513 addi             x10, x0, 0          x10=00000000
16300689ns          295428 1c00912a 00008067 jalr             x0, x1, 0            x1:1c0091fa
16300749ns          295431 1c0091fa 31f52563 p.beqimm         x10, 778            x10:00000000
16300769ns          295432 1c0091fe 001d8d93 addi             x27, x27, 1         x27=00000015 x27:00000014
16300789ns          295433 1c009200 00044503 lbu              x10, 0(x8)          x10=00000020  x8:1c0000d5  PA:1c0000d5
16301090ns          295448 1c009204 00140413 addi             x8, x8, 1            x8=1c0000d6  x8:1c0000d5
16301110ns          295449 1c009206 fe0514e3 bne              x10, x0, -24        x10:00000020
16301190ns          295453 1c0091ee 02500793 addi             x15, x0, 37         x15=00000025
16301210ns          295454 1c0091f2 04f50863 beq              x10, x15, 80        x10:00000020 x15:00000025
16301230ns          295455 1c0091f6 01a005b3 add              x11, x0, x26        x11=00000002 x26:00000002
16301251ns          295456 1c0091f8 000b00e7 jalr             x1, x22, 0           x1=1c0091fa x22:1c009104
16301291ns          295458 1c009104 000026b7 lui              x13, 0x2000         x13=00002000
16301311ns          295459 1c009106 f14027f3 csrrs            x15, x0, 0xf14      x15=00000003
16301331ns          295460 1c00910a f8068693 addi             x13, x13, -128      x13=00001f80 x13:00002000
16301351ns          295461 1c00910e 00379713 slli             x14, x15, 0x3       x14=00000018 x15:00000003
16301371ns          295462 1c009112 00279793 slli             x15, x15, 0x2       x15=0000000c x15:00000003
16301391ns          295463 1c009114 00d7f7b3 and              x15, x15, x13       x15=00000000 x15:0000000c x13:00001f80
16301411ns          295464 1c009116 ee873733 p.bclr           x14, x14, 23, 8     x14=00000018 x14:00000018
16301431ns          295465 1c00911a 1a10f6b7 lui              x13, 0x1a10f000     x13=1a10f000
16301451ns          295466 1c00911e 0ff57513 andi             x10, x10, 255       x10=00000020 x10:00000020
16301471ns          295467 1c009122 00d70733 add              x14, x14, x13       x14=1a10f018 x14:00000018 x13:1a10f000
16301491ns          295468 1c009124 00a7e723 p.sw             x10, x0(x15)        x10:00000020 x15:00000000  PA:1a10f018
16301812ns          295484 1c009128 00000513 addi             x10, x0, 0          x10=00000000
16301832ns          295485 1c00912a 00008067 jalr             x0, x1, 0            x1:1c0091fa
16301893ns          295488 1c0091fa 31f52563 p.beqimm         x10, 778            x10:00000000
16301913ns          295489 1c0091fe 001d8d93 addi             x27, x27, 1         x27=00000016 x27:00000015
16301933ns          295490 1c009200 00044503 lbu              x10, 0(x8)          x10=00000020  x8:1c0000d6  PA:1c0000d6
16302234ns          295505 1c009204 00140413 addi             x8, x8, 1            x8=1c0000d7  x8:1c0000d6
16302254ns          295506 1c009206 fe0514e3 bne              x10, x0, -24        x10:00000020
16302334ns          295510 1c0091ee 02500793 addi             x15, x0, 37         x15=00000025
16302354ns          295511 1c0091f2 04f50863 beq              x10, x15, 80        x10:00000020 x15:00000025
16302374ns          295512 1c0091f6 01a005b3 add              x11, x0, x26        x11=00000002 x26:00000002
16302394ns          295513 1c0091f8 000b00e7 jalr             x1, x22, 0           x1=1c0091fa x22:1c009104
16302434ns          295515 1c009104 000026b7 lui              x13, 0x2000         x13=00002000
16302454ns          295516 1c009106 f14027f3 csrrs            x15, x0, 0xf14      x15=00000003
16302475ns          295517 1c00910a f8068693 addi             x13, x13, -128      x13=00001f80 x13:00002000
16302495ns          295518 1c00910e 00379713 slli             x14, x15, 0x3       x14=00000018 x15:00000003
16302515ns          295519 1c009112 00279793 slli             x15, x15, 0x2       x15=0000000c x15:00000003
16302535ns          295520 1c009114 00d7f7b3 and              x15, x15, x13       x15=00000000 x15:0000000c x13:00001f80
16302555ns          295521 1c009116 ee873733 p.bclr           x14, x14, 23, 8     x14=00000018 x14:00000018
16302575ns          295522 1c00911a 1a10f6b7 lui              x13, 0x1a10f000     x13=1a10f000
16302595ns          295523 1c00911e 0ff57513 andi             x10, x10, 255       x10=00000020 x10:00000020
16302615ns          295524 1c009122 00d70733 add              x14, x14, x13       x14=1a10f018 x14:00000018 x13:1a10f000
16302635ns          295525 1c009124 00a7e723 p.sw             x10, x0(x15)        x10:00000020 x15:00000000  PA:1a10f018
16302976ns          295542 1c009128 00000513 addi             x10, x0, 0          x10=00000000
16302996ns          295543 1c00912a 00008067 jalr             x0, x1, 0            x1:1c0091fa
16303056ns          295546 1c0091fa 31f52563 p.beqimm         x10, 778            x10:00000000
16303076ns          295547 1c0091fe 001d8d93 addi             x27, x27, 1         x27=00000017 x27:00000016
16303097ns          295548 1c009200 00044503 lbu              x10, 0(x8)          x10=00000025  x8:1c0000d7  PA:1c0000d7
16303398ns          295563 1c009204 00140413 addi             x8, x8, 1            x8=1c0000d8  x8:1c0000d7
16303418ns          295564 1c009206 fe0514e3 bne              x10, x0, -24        x10:00000025
16303498ns          295568 1c0091ee 02500793 addi             x15, x0, 37         x15=00000025
16303518ns          295569 1c0091f2 04f50863 beq              x10, x15, 80        x10:00000025 x15:00000025
16303658ns          295576 1c009242 00044483 lbu              x9, 0(x8)            x9=00000064  x8:1c0000d8  PA:1c0000d8
16303959ns          295591 1c009246 02000693 addi             x13, x0, 32         x13=00000020
16303979ns          295592 1c00924a 00140a93 addi             x21, x8, 1          x21=1c0000d9  x8:1c0000d8
16303999ns          295593 1c00924e 009005b3 add              x11, x0, x9         x11=00000064  x9:00000064
16304020ns          295594 1c009250 100b8513 addi             x10, x23, 256       x10=1c000100 x23:1c000000
16304040ns          295595 1c009254 00d12823 sw               x13, 16(x2)         x13:00000020  x2:10001cc8  PA:10001cd8
16304060ns          295596 1c009256 00012c23 sw               x0, 24(x2)           x2:10001cc8  PA:10001ce0
16304080ns          295597 1c009258 00012a23 sw               x0, 20(x2)           x2:10001cc8  PA:10001cdc
16304100ns          295598 1c00925a 00012e23 sw               x0, 28(x2)           x2:10001cc8  PA:10001ce4
16304120ns          295599 1c00925c 00012623 sw               x0, 12(x2)           x2:10001cc8  PA:10001cd4
16304140ns          295600 1c00925e 02300913 addi             x18, x0, 35         x18=00000023
16304160ns          295601 1c009262 02d00a13 addi             x20, x0, 45         x20=0000002d
16304180ns          295602 1c009266 015009b3 add              x19, x0, x21        x19=1c0000d9 x21:1c0000d9
16304200ns          295603 1c009268 e1dff0ef jal              x1, -484             x1=1c00926a
16304341ns          295610 1c009084 00054783 lbu              x15, 0(x10)         x15=0000002d x10:1c000100  PA:1c000100
16304662ns          295626 1c009088 0ff5f593 andi             x11, x11, 255       x11=00000064 x11:00000064
16304682ns          295627 1c00908c 00b78c63 beq              x15, x11, 24        x15:0000002d x11:00000064
16304702ns          295628 1c009090 00078b63 beq              x15, x0, 22         x15:0000002d
16304722ns          295629 1c009092 00150793 addi             x15, x10, 1         x15=1c000101 x10:1c000100
16304742ns          295630 1c009096 0040006f jal              x0, 4              
16304842ns          295635 1c00909a 00f00533 add              x10, x0, x15        x10=1c000101 x15:1c000101
16304862ns          295636 1c00909c 0017c70b p.lbu            x14, 1(x15!)        x14=0000002b x15=1c000102 x15:1c000101  PA:1c000101
16305183ns          295652 1c0090a0 feb71ce3 bne              x14, x11, -8        x14:0000002b x11:00000064
16305244ns          295655 1c009098 00070763 beq              x14, x0, 14         x14:0000002b
16305264ns          295656 1c00909a 00f00533 add              x10, x0, x15        x10=1c000102 x15:1c000102
16305284ns          295657 1c00909c 0017c70b p.lbu            x14, 1(x15!)        x14=00000020 x15=1c000103 x15:1c000102  PA:1c000102
16305605ns          295673 1c0090a0 feb71ce3 bne              x14, x11, -8        x14:00000020 x11:00000064
16305665ns          295676 1c009098 00070763 beq              x14, x0, 14         x14:00000020
16305685ns          295677 1c00909a 00f00533 add              x10, x0, x15        x10=1c000103 x15:1c000103
16305705ns          295678 1c00909c 0017c70b p.lbu            x14, 1(x15!)        x14=00000023 x15=1c000104 x15:1c000103  PA:1c000103
16306026ns          295694 1c0090a0 feb71ce3 bne              x14, x11, -8        x14:00000023 x11:00000064
16306086ns          295697 1c009098 00070763 beq              x14, x0, 14         x14:00000023
16306106ns          295698 1c00909a 00f00533 add              x10, x0, x15        x10=1c000104 x15:1c000104
16306126ns          295699 1c00909c 0017c70b p.lbu            x14, 1(x15!)        x14=00000030 x15=1c000105 x15:1c000104  PA:1c000104
16306447ns          295715 1c0090a0 feb71ce3 bne              x14, x11, -8        x14:00000030 x11:00000064
16306508ns          295718 1c009098 00070763 beq              x14, x0, 14         x14:00000030
16306528ns          295719 1c00909a 00f00533 add              x10, x0, x15        x10=1c000105 x15:1c000105
16306548ns          295720 1c00909c 0017c70b p.lbu            x14, 1(x15!)        x14=00000000 x15=1c000106 x15:1c000105  PA:1c000105
16306869ns          295736 1c0090a0 feb71ce3 bne              x14, x11, -8        x14:00000000 x11:00000064
16306929ns          295739 1c009098 00070763 beq              x14, x0, 14         x14:00000000
16307009ns          295743 1c0090a6 0015b593 sltiu            x11, x11, 1         x11=00000000 x11:00000064
16307029ns          295744 1c0090aa 40b005b3 sub              x11, x0, x11        x11=00000000 x11:00000000
16307049ns          295745 1c0090ae 00b57533 and              x10, x10, x11       x10=00000000 x10:1c000105 x11:00000000
16307069ns          295746 1c0090b0 00008067 jalr             x0, x1, 0            x1:1c00926a
16307110ns          295748 1c00926a 02050a63 beq              x10, x0, 52         x10:00000000
16307290ns          295757 1c00929e 02a00613 addi             x12, x0, 42         x12=0000002a
16307330ns          295759 1c0092a2 2ac48663 beq              x9, x12, 684         x9:00000064 x12:0000002a
16307350ns          295760 1c0092a6 fd048613 addi             x12, x9, -48        x12=00000034  x9:00000064
16307370ns          295761 1c0092aa 00900593 addi             x11, x0, 9          x11=00000009
16307391ns          295762 1c0092ac 00000913 addi             x18, x0, 0          x18=00000000
16307431ns          295764 1c0092ae 28c5f063 bgeu             x11, x12, 640       x11:00000009 x12:00000034
16307471ns          295766 1c0092b2 02e00693 addi             x13, x0, 46         x13=0000002e
16307491ns          295767 1c0092b6 fff00a13 addi             x20, x0, -1         x20=ffffffff
16307511ns          295768 1c0092b8 2ed48363 beq              x9, x13, 742         x9:00000064 x13:0000002e
16307531ns          295769 1c0092bc 1c0007b7 lui              x15, 0x1c000000     x15=1c000000
16307571ns          295771 1c0092c0 009005b3 add              x11, x0, x9         x11=00000064  x9:00000064
16307611ns          295773 1c0092c2 10878513 addi             x10, x15, 264       x10=1c000108 x15:1c000000
16307631ns          295774 1c0092c6 dbfff0ef jal              x1, -578             x1=1c0092c8
16307671ns          295776 1c009084 00054783 lbu              x15, 0(x10)         x15=00000068 x10:1c000108  PA:1c000108
16307992ns          295792 1c009088 0ff5f593 andi             x11, x11, 255       x11=00000064 x11:00000064
16308013ns          295793 1c00908c 00b78c63 beq              x15, x11, 24        x15:00000068 x11:00000064
16308033ns          295794 1c009090 00078b63 beq              x15, x0, 22         x15:00000068
16308053ns          295795 1c009092 00150793 addi             x15, x10, 1         x15=1c000109 x10:1c000108
16308073ns          295796 1c009096 0040006f jal              x0, 4              
16308113ns          295798 1c00909a 00f00533 add              x10, x0, x15        x10=1c000109 x15:1c000109
16308133ns          295799 1c00909c 0017c70b p.lbu            x14, 1(x15!)        x14=0000006c x15=1c00010a x15:1c000109  PA:1c000109
16308454ns          295815 1c0090a0 feb71ce3 bne              x14, x11, -8        x14:0000006c x11:00000064
16308514ns          295818 1c009098 00070763 beq              x14, x0, 14         x14:0000006c
16308534ns          295819 1c00909a 00f00533 add              x10, x0, x15        x10=1c00010a x15:1c00010a
16308554ns          295820 1c00909c 0017c70b p.lbu            x14, 1(x15!)        x14=0000004c x15=1c00010b x15:1c00010a  PA:1c00010a
16308875ns          295836 1c0090a0 feb71ce3 bne              x14, x11, -8        x14:0000004c x11:00000064
16308936ns          295839 1c009098 00070763 beq              x14, x0, 14         x14:0000004c
16308956ns          295840 1c00909a 00f00533 add              x10, x0, x15        x10=1c00010b x15:1c00010b
16308976ns          295841 1c00909c 0017c70b p.lbu            x14, 1(x15!)        x14=0000007a x15=1c00010c x15:1c00010b  PA:1c00010b
16309297ns          295857 1c0090a0 feb71ce3 bne              x14, x11, -8        x14:0000007a x11:00000064
16309357ns          295860 1c009098 00070763 beq              x14, x0, 14         x14:0000007a
16309377ns          295861 1c00909a 00f00533 add              x10, x0, x15        x10=1c00010c x15:1c00010c
16309397ns          295862 1c00909c 0017c70b p.lbu            x14, 1(x15!)        x14=00000000 x15=1c00010d x15:1c00010c  PA:1c00010c
16309718ns          295878 1c0090a0 feb71ce3 bne              x14, x11, -8        x14:00000000 x11:00000064
16309778ns          295881 1c009098 00070763 beq              x14, x0, 14         x14:00000000
16309859ns          295885 1c0090a6 0015b593 sltiu            x11, x11, 1         x11=00000000 x11:00000064
16309879ns          295886 1c0090aa 40b005b3 sub              x11, x0, x11        x11=00000000 x11:00000000
16309899ns          295887 1c0090ae 00b57533 and              x10, x10, x11       x10=00000000 x10:1c00010c x11:00000000
16309919ns          295888 1c0090b0 00008067 jalr             x0, x1, 0            x1:1c0092c8
16309959ns          295890 1c0092c8 01300433 add              x8, x0, x19          x8=1c0000d9 x19:1c0000d9
16309979ns          295891 1c0092ca 00050563 beq              x10, x0, 10         x10:00000000
16310079ns          295896 1c0092d4 06700693 addi             x13, x0, 103        x13=00000067
16310099ns          295897 1c0092d8 2896d963 bge              x13, x9, 658        x13:00000067  x9:00000064
16310300ns          295907 1c00956a 06500693 addi             x13, x0, 101        x13=00000065
16310360ns          295910 1c00956e 12d4d563 bge              x9, x13, 298         x9:00000064 x13:00000065
16310400ns          295912 1c009572 04700693 addi             x13, x0, 71         x13=00000047
16310420ns          295913 1c009576 dc96cbe3 blt              x13, x9, -554       x13:00000047  x9:00000064
16310581ns          295921 1c00934c 06300693 addi             x13, x0, 99         x13=00000063
16310902ns          295937 1c009350 0ad488e3 beq              x9, x13, 2224        x9:00000064 x13:00000063
16310942ns          295939 1c009354 0096c9e3 blt              x13, x9, 2066       x13:00000063  x9:00000064
16311083ns          295946 1c009b66 000c2583 lw               x11, 0(x24)         x11=00000003 x24:10001e1c  PA:10001e1c
16311103ns          295947 1c009b6a 004c0c13 addi             x24, x24, 4         x24=10001e20 x24:10001e1c
16311123ns          295948 1c009b6c 3405cc63 blt              x11, x0, 856        x11:00000003
16311163ns          295950 1c009b70 01412603 lw               x12, 20(x2)         x12=00000000  x2:10001cc8  PA:10001cdc
16311183ns          295951 1c009b72 00b006b3 add              x13, x0, x11        x13=00000003 x11:00000003
16311203ns          295952 1c009b74 2e061863 bne              x12, x0, 752        x12:00000000
16311223ns          295953 1c009b78 01812703 lw               x14, 24(x2)         x14=00000000  x2:10001cc8  PA:10001ce0
16311243ns          295954 1c009b7a 019007b3 add              x15, x0, x25        x15=10001cec x25:10001cec
16311263ns          295955 1c009b7c 00070763 beq              x14, x0, 14         x14:00000000
16311343ns          295959 1c009b8a 00f00733 add              x14, x0, x15        x14=10001cec x15:10001cec
16311363ns          295960 1c009b8c 00a00513 addi             x10, x0, 10         x10=0000000a
16311424ns          295963 1c009b8e 02a6f633 remu             x12, x13, x10       x12=00000003 x13:00000003 x10:0000000a
16312066ns          295995 1c009b92 02a6d6b3 divu             x13, x13, x10       x13=00000000 x13:00000003 x10:0000000a
16312688ns          296026 1c009b96 03060613 addi             x12, x12, 48        x12=00000033 x12:00000003
16312708ns          296027 1c009b9a 00c700ab p.sb             x12, 1(x14!)        x14=10001ced x12:00000033 x14:10001cec  PA:10001cec
16312728ns          296028 1c009b9e fe0698e3 bne              x13, x0, -16        x13:00000000
16312748ns          296029 1c009ba0 40f706b3 sub              x13, x14, x15       x13=00000001 x14:10001ced x15:10001cec
16312768ns          296030 1c009ba4 0146dc63 bge              x13, x20, 24        x13:00000001 x20:ffffffff
16312888ns          296036 1c009bbc 00e006b3 add              x13, x0, x14        x13=10001ced x14:10001ced
16312949ns          296039 1c009bbe fe068fab p.sb             x0, -1(x13!)        x13=10001cec x13:10001ced  PA:10001ced
16312989ns          296041 1c009bc2 00d7fc63 bgeu             x15, x13, 24        x15:10001cec x13:10001cec
16313089ns          296046 1c009bda 01412783 lw               x15, 20(x2)         x15=00000000  x2:10001cc8  PA:10001cdc
16313129ns          296048 1c009bdc 01812603 lw               x12, 24(x2)         x12=00000000  x2:10001cc8  PA:10001ce0
16313189ns          296051 1c009bde 419704b3 sub              x9, x14, x25         x9=00000001 x14:10001ced x25:10001cec
16313209ns          296052 1c009be2 00c7e7b3 or               x15, x15, x12       x15=00000000 x15:00000000 x12:00000000
16313230ns          296053 1c009be4 00f12623 sw               x15, 12(x2)         x15:00000000  x2:10001cc8  PA:10001cd4
16313250ns          296054 1c009be6 00079363 bne              x15, x0, 6          x15:00000000
16313270ns          296055 1c009be8 01f5d593 srli             x11, x11, 0x1f      x11=00000000 x11:00000003
16313290ns          296056 1c009bea 00b12623 sw               x11, 12(x2)         x11:00000000  x2:10001cc8  PA:10001cd4
16313310ns          296057 1c009bec e3fa28e3 p.beqimm         x20, -464           x20:ffffffff
16313410ns          296062 1c009a1c 0c800793 addi             x15, x0, 200        x15=000000c8
16313490ns          296066 1c009a20 9e97d0e3 bge              x15, x9, -1568      x15:000000c8  x9:00000001
16313591ns          296071 1c009400 0f24d163 bge              x9, x18, 226         x9:00000001 x18:00000000
16313731ns          296078 1c0094e2 d00482e3 beq              x9, x0, -764         x9:00000001
16313751ns          296079 1c0094e6 01900933 add              x18, x0, x25        x18=10001cec x25:10001cec
16313771ns          296080 1c0094e8 419d8db3 sub              x27, x27, x25       x27=efffe32b x27:00000017 x25:10001cec
16313791ns          296081 1c0094ec 00a0006f jal              x0, 10             
16313892ns          296086 1c0094f6 0019450b p.lbu            x10, 1(x18!)        x10=00000033 x18=10001ced x18:10001cec  PA:10001cec
16313912ns          296087 1c0094fa 01a005b3 add              x11, x0, x26        x11=00000002 x26:00000002
16313932ns          296088 1c0094fc 000b00e7 jalr             x1, x22, 0           x1=1c0094fe x22:1c009104
16314012ns          296092 1c009104 000026b7 lui              x13, 0x2000         x13=00002000
16314032ns          296093 1c009106 f14027f3 csrrs            x15, x0, 0xf14      x15=00000003
16314052ns          296094 1c00910a f8068693 addi             x13, x13, -128      x13=00001f80 x13:00002000
16314072ns          296095 1c00910e 00379713 slli             x14, x15, 0x3       x14=00000018 x15:00000003
16314092ns          296096 1c009112 00279793 slli             x15, x15, 0x2       x15=0000000c x15:00000003
16314112ns          296097 1c009114 00d7f7b3 and              x15, x15, x13       x15=00000000 x15:0000000c x13:00001f80
16314132ns          296098 1c009116 ee873733 p.bclr           x14, x14, 23, 8     x14=00000018 x14:00000018
16314153ns          296099 1c00911a 1a10f6b7 lui              x13, 0x1a10f000     x13=1a10f000
16314193ns          296101 1c00911e 0ff57513 andi             x10, x10, 255       x10=00000033 x10:00000033
16314213ns          296102 1c009122 00d70733 add              x14, x14, x13       x14=1a10f018 x14:00000018 x13:1a10f000
16314233ns          296103 1c009124 00a7e723 p.sw             x10, x0(x15)        x10:00000033 x15:00000000  PA:1a10f018
16314654ns          296124 1c009128 00000513 addi             x10, x0, 0          x10=00000000
16314674ns          296125 1c00912a 00008067 jalr             x0, x1, 0            x1:1c0094fe
16314714ns          296127 1c0094fe fff48493 addi             x9, x9, -1           x9=00000000  x9:00000001
16314734ns          296128 1c009500 fff537e3 p.bneimm         x10, -18            x10:00000000
16314815ns          296132 1c0094ee 012d8733 add              x14, x27, x18       x14=00000018 x27:efffe32b x18:10001ced
16314835ns          296133 1c0094f2 5a048b63 beq              x9, x0, 1462         x9:00000000
16314935ns          296138 1c009aa8 00e00db3 add              x27, x0, x14        x27=00000018 x14:00000018
16314975ns          296140 1c009aaa f3cff06f jal              x0, -2244          
16315156ns          296149 1c0091e6 00044503 lbu              x10, 0(x8)          x10=0000000a  x8:1c0000d9  PA:1c0000d9
16315457ns          296164 1c0091ea 00140413 addi             x8, x8, 1            x8=1c0000da  x8:1c0000d9
16315477ns          296165 1c0091ec 00050e63 beq              x10, x0, 28         x10:0000000a
16315497ns          296166 1c0091ee 02500793 addi             x15, x0, 37         x15=00000025
16315517ns          296167 1c0091f2 04f50863 beq              x10, x15, 80        x10:0000000a x15:00000025
16315537ns          296168 1c0091f6 01a005b3 add              x11, x0, x26        x11=00000002 x26:00000002
16315557ns          296169 1c0091f8 000b00e7 jalr             x1, x22, 0           x1=1c0091fa x22:1c009104
16315657ns          296174 1c009104 000026b7 lui              x13, 0x2000         x13=00002000
16315678ns          296175 1c009106 f14027f3 csrrs            x15, x0, 0xf14      x15=00000003
16315698ns          296176 1c00910a f8068693 addi             x13, x13, -128      x13=00001f80 x13:00002000
16315718ns          296177 1c00910e 00379713 slli             x14, x15, 0x3       x14=00000018 x15:00000003
16315738ns          296178 1c009112 00279793 slli             x15, x15, 0x2       x15=0000000c x15:00000003
16315758ns          296179 1c009114 00d7f7b3 and              x15, x15, x13       x15=00000000 x15:0000000c x13:00001f80
16315778ns          296180 1c009116 ee873733 p.bclr           x14, x14, 23, 8     x14=00000018 x14:00000018
16315798ns          296181 1c00911a 1a10f6b7 lui              x13, 0x1a10f000     x13=1a10f000
16315818ns          296182 1c00911e 0ff57513 andi             x10, x10, 255       x10=0000000a x10:0000000a
16315838ns          296183 1c009122 00d70733 add              x14, x14, x13       x14=1a10f018 x14:00000018 x13:1a10f000
16315858ns          296184 1c009124 00a7e723 p.sw             x10, x0(x15)        x10:0000000a x15:00000000  PA:1a10f018
16316239ns          296203 1c009128 00000513 addi             x10, x0, 0          x10=00000000
16316259ns          296204 1c00912a 00008067 jalr             x0, x1, 0            x1:1c0091fa
16316320ns          296207 1c0091fa 31f52563 p.beqimm         x10, 778            x10:00000000
16316340ns          296208 1c0091fe 001d8d93 addi             x27, x27, 1         x27=00000019 x27:00000018
16316360ns          296209 1c009200 00044503 lbu              x10, 0(x8)          x10=00000000  x8:1c0000da  PA:1c0000da
16316661ns          296224 1c009204 00140413 addi             x8, x8, 1            x8=1c0000db  x8:1c0000da
16316681ns          296225 1c009206 fe0514e3 bne              x10, x0, -24        x10:00000000
16316701ns          296226 1c009208 01b00433 add              x8, x0, x27          x8=00000019 x27:00000019
16316721ns          296227 1c00920a 00800533 add              x10, x0, x8         x10=00000019  x8:00000019
16316741ns          296228 1c00920c 12c12083 lw               x1, 300(x2)          x1=1c009198  x2:10001cc8  PA:10001df4
16316761ns          296229 1c009210 12812403 lw               x8, 296(x2)          x8=41b080c4  x2:10001cc8  PA:10001df0
16316781ns          296230 1c009214 12412483 lw               x9, 292(x2)          x9=1c01003c  x2:10001cc8  PA:10001dec
16316801ns          296231 1c009218 12012903 lw               x18, 288(x2)        x18=41b0812d  x2:10001cc8  PA:10001de8
16316821ns          296232 1c00921c 11c12983 lw               x19, 284(x2)        x19=41b081ac  x2:10001cc8  PA:10001de4
16316861ns          296234 1c009220 11812a03 lw               x20, 280(x2)        x20=436e7cb5  x2:10001cc8  PA:10001de0
16316902ns          296236 1c009224 11412a83 lw               x21, 276(x2)        x21=436e7ded  x2:10001cc8  PA:10001ddc
16316922ns          296237 1c009228 11012b03 lw               x22, 272(x2)        x22=00000008  x2:10001cc8  PA:10001dd8
16316942ns          296238 1c00922c 10c12b83 lw               x23, 268(x2)        x23=00000050  x2:10001cc8  PA:10001dd4
16317002ns          296241 1c009230 10812c03 lw               x24, 264(x2)        x24=00000000  x2:10001cc8  PA:10001dd0
16317042ns          296243 1c009234 10412c83 lw               x25, 260(x2)        x25=40734630  x2:10001cc8  PA:10001dcc
16317062ns          296244 1c009238 10012d03 lw               x26, 256(x2)        x26=43910d7d  x2:10001cc8  PA:10001dc8
16317082ns          296245 1c00923c 0fc12d83 lw               x27, 252(x2)        x27=xxxxxxxx  x2:10001cc8  PA:10001dc4
16317102ns          296246 1c00923e 13010113 addi             x2, x2, 304          x2=10001df8  x2:10001cc8
16317142ns          296248 1c009240 00008067 jalr             x0, x1, 0            x1:1c009198
16317223ns          296252 1c009198 01c12083 lw               x1, 28(x2)           x1=1c008752  x2:10001df8  PA:10001e14
16317243ns          296253 1c00919a 04010113 addi             x2, x2, 64           x2=10001e38  x2:10001df8
16317283ns          296255 1c00919c 00008067 jalr             x0, x1, 0            x1:1c008752
16317423ns          296262 1c008752 00100513 addi             x10, x0, 1          x10=00000001
16317463ns          296264 1c008754 1bc12083 lw               x1, 444(x2)          x1=1c00a436  x2:10001e38  PA:10001ff4
16317483ns          296265 1c008758 1b812403 lw               x8, 440(x2)          x8=xxxxxxxx  x2:10001e38  PA:10001ff0
16317503ns          296266 1c00875c 1b412483 lw               x9, 436(x2)          x9=xxxxxxxx  x2:10001e38  PA:10001fec
16317564ns          296269 1c008760 1b012903 lw               x18, 432(x2)        x18=xxxxxxxx  x2:10001e38  PA:10001fe8
16317604ns          296271 1c008764 1ac12983 lw               x19, 428(x2)        x19=xxxxxxxx  x2:10001e38  PA:10001fe4
16317624ns          296272 1c008768 1a812a03 lw               x20, 424(x2)        x20=xxxxxxxx  x2:10001e38  PA:10001fe0
16317644ns          296273 1c00876c 1a412a83 lw               x21, 420(x2)        x21=xxxxxxxx  x2:10001e38  PA:10001fdc
16317704ns          296276 1c008770 1a012b03 lw               x22, 416(x2)        x22=xxxxxxxx  x2:10001e38  PA:10001fd8
16317744ns          296278 1c008774 19c12b83 lw               x23, 412(x2)        x23=xxxxxxxx  x2:10001e38  PA:10001fd4
16317764ns          296279 1c008778 19812c03 lw               x24, 408(x2)        x24=xxxxxxxx  x2:10001e38  PA:10001fd0
16317784ns          296280 1c00877c 19412c83 lw               x25, 404(x2)        x25=xxxxxxxx  x2:10001e38  PA:10001fcc
16317845ns          296283 1c008780 19012d03 lw               x26, 400(x2)        x26=xxxxxxxx  x2:10001e38  PA:10001fc8
16317885ns          296285 1c008784 00154513 xori             x10, x10, 1         x10=00000000 x10:00000001
16317905ns          296286 1c008788 1c010113 addi             x2, x2, 448          x2=10001ff8  x2:10001e38
16317925ns          296287 1c00878a 00008067 jalr             x0, x1, 0            x1:1c00a436
16318326ns          296307 1c00a436 f14027f3 csrrs            x15, x0, 0xf14      x15=00000003
16318346ns          296308 1c00a43a f457b7b3 p.bclr           x15, x15, 26, 5     x15=00000003 x15:00000003
16318366ns          296309 1c00a43e 00079963 bne              x15, x0, 18         x15:00000003
16319289ns          296355 1c00a450 002047b7 lui              x15, 0x204000       x15=00204000
16319329ns          296357 1c00a454 fff00713 addi             x14, x0, -1         x14=ffffffff
16319349ns          296358 1c00a456 00e7a223 sw               x14, 4(x15)         x14:ffffffff x15:00204000  PA:00204004
