                Time          Cycles PC       Instr    Mnemonic
17065537ns          280030 1c008080 0640006f jal              x0, 100            
17065994ns          280053 1c0080e4 f1402573 csrrs            x10, x0, 0xf14      x10=00000003
17066034ns          280055 1c0080e8 01f57593 andi             x11, x10, 31        x11=00000003 x10:00000003
17066054ns          280056 1c0080ec 00555513 srli             x10, x10, 0x5       x10=00000000 x10:00000003
17066074ns          280057 1c0080ee 01f00613 addi             x12, x0, 31         x12=0000001f
17066492ns          280078 1c0080f0 00c50463 beq              x10, x12, 8         x10:00000000 x12:0000001f
17066531ns          280080 1c0080f4 fa1ff06f jal              x0, -96            
17066989ns          280103 1c008094 f3ff8117 auipc            x2, 0xf3ff8000       x2=10000094
17067029ns          280105 1c008098 f7010113 addi             x2, x2, -144         x2=10000004  x2:10000094
17067048ns          280106 1c00809c 00012103 lw               x2, 0(x2)            x2=10000008  x2:10000004  PA:10000004
17067486ns          280128 1c0080a0 000011b7 lui              x3, 0x1000           x3=00001000
17067526ns          280130 1c0080a4 80018193 addi             x3, x3, -2048        x3=00000800  x3:00001000
17067546ns          280131 1c0080a8 00158593 addi             x11, x11, 1         x11=00000004 x11:00000003
17067566ns          280132 1c0080ac 02b180b3 mul              x1, x3, x11          x1=00002000  x3:00000800 x11:00000004
17068003ns          280154 1c0080b0 00110133 add              x2, x2, x1           x2=10002008  x2:10000008  x1:00002000
17068043ns          280156 1c0080b4 2960306f jal              x0, 12950          
17068500ns          280179 1c00b34a ff010113 addi             x2, x2, -16          x2=10001ff8  x2:10002008
17068540ns          280181 1c00b34c 00112623 sw               x1, 12(x2)           x1:00002000  x2:10001ff8  PA:10002004
17068978ns          280203 1c00b34e 002047b7 lui              x15, 0x204000       x15=00204000
17069018ns          280205 1c00b352 00070737 lui              x14, 0x70000        x14=00070000
17069038ns          280206 1c00b356 00e7a423 sw               x14, 8(x15)         x14:00070000 x15:00204000  PA:00204008
17069057ns          280207 1c00b358 00f00713 addi             x14, x0, 15         x14=0000000f
17069077ns          280208 1c00b35a 20078793 addi             x15, x15, 512       x15=00204200 x15:00204000
17069515ns          280230 1c00b35e 00e7a023 sw               x14, 0(x15)         x14:0000000f x15:00204200  PA:00204200
17069594ns          280234 1c00b362 00e7a623 sw               x14, 12(x15)        x14:0000000f x15:00204200  PA:0020420c
17069614ns          280235 1c00b366 1c0017b7 lui              x15, 0x1c001000     x15=1c001000
17069634ns          280236 1c00b36a 9d47a783 lw               x15, -1580(x15)     x15=1c00813e x15:1c001000  PA:1c0009d4
17070132ns          280261 1c00b36e 000780e7 jalr             x1, x15, 0           x1=1c00b370 x15:1c00813e
17070529ns          280281 1c00813e ea010113 addi             x2, x2, -352         x2=10001e98  x2:10001ff8
17070987ns          280304 1c008140 15412423 sw               x20, 328(x2)        x20:xxxxxxxx  x2:10001e98  PA:10001fe0
17071027ns          280306 1c008144 14112e23 sw               x1, 348(x2)          x1:1c00b370  x2:10001e98  PA:10001ff4
17071046ns          280307 1c008148 f1402a73 csrrs            x20, x0, 0xf14      x20=00000003
17071066ns          280308 1c00814c 14812c23 sw               x8, 344(x2)          x8:xxxxxxxx  x2:10001e98  PA:10001ff0
17071504ns          280330 1c008150 14912a23 sw               x9, 340(x2)          x9:xxxxxxxx  x2:10001e98  PA:10001fec
17071544ns          280332 1c008154 15212823 sw               x18, 336(x2)        x18:xxxxxxxx  x2:10001e98  PA:10001fe8
17071564ns          280333 1c008158 15312623 sw               x19, 332(x2)        x19:xxxxxxxx  x2:10001e98  PA:10001fe4
17071584ns          280334 1c00815c 15512223 sw               x21, 324(x2)        x21:xxxxxxxx  x2:10001e98  PA:10001fdc
17072021ns          280356 1c008160 15612023 sw               x22, 320(x2)        x22:xxxxxxxx  x2:10001e98  PA:10001fd8
17072061ns          280358 1c008164 13712e23 sw               x23, 316(x2)        x23:xxxxxxxx  x2:10001e98  PA:10001fd4
17072081ns          280359 1c008168 13812c23 sw               x24, 312(x2)        x24:xxxxxxxx  x2:10001e98  PA:10001fd0
17072101ns          280360 1c00816c 13912a23 sw               x25, 308(x2)        x25:xxxxxxxx  x2:10001e98  PA:10001fcc
17072538ns          280382 1c008170 13a12823 sw               x26, 304(x2)        x26:xxxxxxxx  x2:10001e98  PA:10001fc8
17072578ns          280384 1c008174 13b12623 sw               x27, 300(x2)        x27:xxxxxxxx  x2:10001e98  PA:10001fc4
17072598ns          280385 1c008178 ca5a17b3 p.extractu       x15, x20, 5, 5      x15=00000000 x20:00000003
17072618ns          280386 1c00817c 420797e3 bne              x15, x0, 3118       x15:00000000
17073055ns          280408 1c008180 f45a3a33 p.bclr           x20, x20, 26, 5     x20=00000003 x20:00000003
17073095ns          280410 1c008184 3e1a25e3 p.beqimm         x20, 3050           x20:00000003
17073115ns          280411 1c008188 002a2463 p.beqimm         x20, 8              x20:00000003
17073135ns          280412 1c00818c 2c60106f jal              x0, 4806           
17074050ns          280458 1c009452 6a0a1463 bne              x20, x0, 1704       x20:00000003
17074607ns          280486 1c009afa 00000493 addi             x9, x0, 0            x9=00000000
17074647ns          280488 1c009afc 002a3463 p.bneimm         x20, 8              x20:00000003
17075184ns          280515 1c009b04 00000913 addi             x18, x0, 0          x18=00000000
17075204ns          280516 1c009b06 00000993 addi             x19, x0, 0          x19=00000000
17075224ns          280517 1c009b08 023a3763 p.bneimm         x20, 46             x20:00000003
17075243ns          280518 1c009b0c 100087b7 lui              x15, 0x10008000     x15=10008000
17075681ns          280540 1c009b10 2407a823 sw               x0, 592(x15)        x15:10008000  PA:10008250
17075721ns          280542 1c009b14 2407aa23 sw               x0, 596(x15)        x15:10008000  PA:10008254
17075741ns          280543 1c009b18 2007a023 sw               x0, 512(x15)        x15:10008000  PA:10008200
17075761ns          280544 1c009b1c 2007a223 sw               x0, 516(x15)        x15:10008000  PA:10008204
17076218ns          280567 1c009b20 00000413 addi             x8, x0, 0            x8=00000000
17076258ns          280569 1c009b22 13f010ef jal              x1, 6462             x1=1c009b26
17076337ns          280573 1c00b460 f14027f3 csrrs            x15, x0, 0xf14      x15=00000003
17076377ns          280575 1c00b464 01f00713 addi             x14, x0, 31         x14=0000001f
17076397ns          280576 1c00b466 ca5797b3 p.extractu       x15, x15, 5, 5      x15=00000000 x15:00000003
17076417ns          280577 1c00b46a 00e78863 beq              x15, x14, 16        x15:00000000 x14:0000001f
17076477ns          280580 1c00b46e 002047b7 lui              x15, 0x204000       x15=00204000
17076516ns          280582 1c00b472 20078793 addi             x15, x15, 512       x15=00204200 x15:00204000
17076536ns          280583 1c00b476 01c7e703 p.elw            x14, 28(x15)        x14=00010000 x15:00204200  PA:0020421c
17078764ns          280695 1c00b47a 00008067 jalr             x0, x1, 0            x1:1c009b26
17078824ns          280698 1c009b26 f14027f3 csrrs            x15, x0, 0xf14      x15=00000003
17078844ns          280699 1c009b2a f457b7b3 p.bclr           x15, x15, 26, 5     x15=00000003 x15:00000003
17079281ns          280721 1c009b2e 9c079a63 bne              x15, x0, -3628      x15:00000003
17079798ns          280747 1c008d02 75e020ef jal              x1, 10078            x1=1c008d06
17079838ns          280749 1c00b460 f14027f3 csrrs            x15, x0, 0xf14      x15=00000003
17079858ns          280750 1c00b464 01f00713 addi             x14, x0, 31         x14=0000001f
17079878ns          280751 1c00b466 ca5797b3 p.extractu       x15, x15, 5, 5      x15=00000000 x15:00000003
17079898ns          280752 1c00b46a 00e78863 beq              x15, x14, 16        x15:00000000 x14:0000001f
17079918ns          280753 1c00b46e 002047b7 lui              x15, 0x204000       x15=00204000
17079938ns          280754 1c00b472 20078793 addi             x15, x15, 512       x15=00204200 x15:00204000
