                Time          Cycles PC       Instr    Mnemonic
14685229ns          238148 1c008080 0640006f jal              x0, 100            
14685687ns          238171 1c0080e4 f1402573 csrrs            x10, x0, 0xf14      x10=00000002
14685727ns          238173 1c0080e8 01f57593 andi             x11, x10, 31        x11=00000002 x10:00000002
14685747ns          238174 1c0080ec 00555513 srli             x10, x10, 0x5       x10=00000000 x10:00000002
14685766ns          238175 1c0080ee 01f00613 addi             x12, x0, 31         x12=0000001f
14686184ns          238196 1c0080f0 00c50463 beq              x10, x12, 8         x10:00000000 x12:0000001f
14686224ns          238198 1c0080f4 fa1ff06f jal              x0, -96            
14686681ns          238221 1c008094 f3ff8117 auipc            x2, 0xf3ff8000       x2=10000094
14686721ns          238223 1c008098 f7010113 addi             x2, x2, -144         x2=10000004  x2:10000094
14686741ns          238224 1c00809c 00012103 lw               x2, 0(x2)            x2=10000008  x2:10000004  PA:10000004
14687179ns          238246 1c0080a0 000011b7 lui              x3, 0x1000           x3=00001000
14687218ns          238248 1c0080a4 80018193 addi             x3, x3, -2048        x3=00000800  x3:00001000
14687238ns          238249 1c0080a8 00158593 addi             x11, x11, 1         x11=00000003 x11:00000002
14687258ns          238250 1c0080ac 02b180b3 mul              x1, x3, x11          x1=00001800  x3:00000800 x11:00000003
14687716ns          238273 1c0080b0 00110133 add              x2, x2, x1           x2=10001808  x2:10000008  x1:00001800
14687756ns          238275 1c0080b4 78b0106f jal              x0, 8074           
14688213ns          238298 1c00a03e ff010113 addi             x2, x2, -16          x2=100017f8  x2:10001808
14688671ns          238321 1c00a040 00112623 sw               x1, 12(x2)           x1:00001800  x2:100017f8  PA:10001804
14688710ns          238323 1c00a042 002047b7 lui              x15, 0x204000       x15=00204000
14688730ns          238324 1c00a046 00070737 lui              x14, 0x70000        x14=00070000
14688750ns          238325 1c00a04a 00e7a423 sw               x14, 8(x15)         x14:00070000 x15:00204000  PA:00204008
14688770ns          238326 1c00a04c 00f00713 addi             x14, x0, 15         x14=0000000f
14689188ns          238347 1c00a04e 20078793 addi             x15, x15, 512       x15=00204200 x15:00204000
14689227ns          238349 1c00a052 00e7a023 sw               x14, 0(x15)         x14:0000000f x15:00204200  PA:00204200
14689247ns          238350 1c00a056 00e7a623 sw               x14, 12(x15)        x14:0000000f x15:00204200  PA:0020420c
14689267ns          238351 1c00a05a 1c0017b7 lui              x15, 0x1c001000     x15=1c001000
14689705ns          238373 1c00a05e ae47a783 lw               x15, -1308(x15)     x15=1c00813e x15:1c001000  PA:1c000ae4
14690043ns          238390 1c00a062 000780e7 jalr             x1, x15, 0           x1=1c00a064 x15:1c00813e
14690759ns          238426 1c00813e e5010113 addi             x2, x2, -432         x2=10001648  x2:100017f8
14691217ns          238449 1c008140 1a912223 sw               x9, 420(x2)          x9:xxxxxxxx  x2:10001648  PA:100017ec
14691256ns          238451 1c008144 1a112623 sw               x1, 428(x2)          x1:1c00a064  x2:10001648  PA:100017f4
14691276ns          238452 1c008148 f14024f3 csrrs            x9, x0, 0xf14        x9=00000002
14691296ns          238453 1c00814c 1a812423 sw               x8, 424(x2)          x8:xxxxxxxx  x2:10001648  PA:100017f0
14691754ns          238476 1c008150 1b212023 sw               x18, 416(x2)        x18:xxxxxxxx  x2:10001648  PA:100017e8
14691793ns          238478 1c008154 19312e23 sw               x19, 412(x2)        x19:xxxxxxxx  x2:10001648  PA:100017e4
14691813ns          238479 1c008158 19412c23 sw               x20, 408(x2)        x20:xxxxxxxx  x2:10001648  PA:100017e0
14691833ns          238480 1c00815c 19512a23 sw               x21, 404(x2)        x21:xxxxxxxx  x2:10001648  PA:100017dc
14692271ns          238502 1c008160 19612823 sw               x22, 400(x2)        x22:xxxxxxxx  x2:10001648  PA:100017d8
14692311ns          238504 1c008164 ca5497b3 p.extractu       x15, x9, 5, 5       x15=00000000  x9:00000002
14692330ns          238505 1c008168 44079d63 bne              x15, x0, 1114       x15:00000000
14692350ns          238506 1c00816c f454b4b3 p.bclr           x9, x9, 26, 5        x9=00000002  x9:00000002
14692788ns          238528 1c008170 1c000537 lui              x10, 0x1c000000     x10=1c000000
14692828ns          238530 1c008174 00900633 add              x12, x0, x9         x12=00000002  x9:00000002
14692848ns          238531 1c008176 00100593 addi             x11, x0, 1          x11=00000001
14692867ns          238532 1c008178 02850513 addi             x10, x10, 40        x10=1c000028 x10:1c000000
14692887ns          238533 1c00817c 423000ef jal              x1, 3106             x1=1c008180
14693763ns          238577 1c008d9e fc010113 addi             x2, x2, -64          x2=10001608  x2:10001648
14694240ns          238601 1c008da0 02410313 addi             x6, x2, 36           x6=1000162c  x2:10001608
14694280ns          238603 1c008da4 02c12423 sw               x12, 40(x2)         x12:00000002  x2:10001608  PA:10001630
14694300ns          238604 1c008da6 00a00633 add              x12, x0, x10        x12=1c000028 x10:1c000028
14694319ns          238605 1c008da8 1c009537 lui              x10, 0x1c009000     x10=1c009000
14694339ns          238606 1c008dac 02b12223 sw               x11, 36(x2)         x11:00000001  x2:10001608  PA:1000162c
14694359ns          238607 1c008dae 02d12623 sw               x13, 44(x2)         x13:xxxxxxxx  x2:10001608  PA:10001634
14694757ns          238627 1c008db0 00200593 addi             x11, x0, 2          x11=00000002
14694777ns          238628 1c008db2 006006b3 add              x13, x0, x6         x13=1000162c  x6:1000162c
14694797ns          238629 1c008db4 d3250513 addi             x10, x10, -718      x10=1c008d32 x10:1c009000
14694817ns          238630 1c008db8 00112e23 sw               x1, 28(x2)           x1:1c008180  x2:10001608  PA:10001624
14694837ns          238631 1c008dba 02e12823 sw               x14, 48(x2)         x14:0000000f  x2:10001608  PA:10001638
14694857ns          238632 1c008dbc 02f12a23 sw               x15, 52(x2)         x15:00000000  x2:10001608  PA:1000163c
14694876ns          238633 1c008dbe 03012c23 sw               x16, 56(x2)         x16:xxxxxxxx  x2:10001608  PA:10001640
14695274ns          238653 1c008dc0 03112e23 sw               x17, 60(x2)         x17:xxxxxxxx  x2:10001608  PA:10001644
14695294ns          238654 1c008dc2 00612623 sw               x6, 12(x2)           x6:1000162c  x2:10001608  PA:10001614
14695314ns          238655 1c008dc4 fbfff0ef jal              x1, -66              x1=1c008dc6
14695772ns          238678 1c008d82 04a0006f jal              x0, 74             
14695811ns          238680 1c008dcc ed010113 addi             x2, x2, -304         x2=100014d8  x2:10001608
14696249ns          238702 1c008dce 12812423 sw               x8, 296(x2)          x8:xxxxxxxx  x2:100014d8  PA:10001600
14696269ns          238703 1c008dd2 00000413 addi             x8, x0, 0            x8=00000000
14696289ns          238704 1c008dd4 11612823 sw               x22, 272(x2)        x22:xxxxxxxx  x2:100014d8  PA:100015e8
14696309ns          238705 1c008dd8 11712623 sw               x23, 268(x2)        x23:xxxxxxxx  x2:100014d8  PA:100015e4
14696328ns          238706 1c008ddc 11812423 sw               x24, 264(x2)        x24:xxxxxxxx  x2:100014d8  PA:100015e0
14696766ns          238728 1c008de0 11912223 sw               x25, 260(x2)        x25:xxxxxxxx  x2:100014d8  PA:100015dc
14696806ns          238730 1c008de4 11a12023 sw               x26, 256(x2)        x26:xxxxxxxx  x2:100014d8  PA:100015d8
14696826ns          238731 1c008de8 0fb12e23 sw               x27, 252(x2)        x27:xxxxxxxx  x2:100014d8  PA:100015d4
14696846ns          238732 1c008dea 12112623 sw               x1, 300(x2)          x1:1c008dc6  x2:100014d8  PA:10001604
14696865ns          238733 1c008dee 00800db3 add              x27, x0, x8         x27=00000000  x8:00000000
14697283ns          238754 1c008df0 12912223 sw               x9, 292(x2)          x9:00000002  x2:100014d8  PA:100015fc
14697323ns          238756 1c008df4 13212023 sw               x18, 288(x2)        x18:xxxxxxxx  x2:100014d8  PA:100015f8
14697343ns          238757 1c008df8 11312e23 sw               x19, 284(x2)        x19:xxxxxxxx  x2:100014d8  PA:100015f4
14697363ns          238758 1c008dfc 11412c23 sw               x20, 280(x2)        x20:xxxxxxxx  x2:100014d8  PA:100015f0
14697800ns          238780 1c008e00 11512a23 sw               x21, 276(x2)        x21:xxxxxxxx  x2:100014d8  PA:100015ec
14697840ns          238782 1c008e04 00a00b33 add              x22, x0, x10        x22=1c008d32 x10:1c008d32
14697860ns          238783 1c008e06 00b00d33 add              x26, x0, x11        x26=00000002 x11:00000002
14697880ns          238784 1c008e08 00d00c33 add              x24, x0, x13        x24=1000162c x13:1000162c
14697900ns          238785 1c008e0a 1c000bb7 lui              x23, 0x1c000000     x23=1c000000
14698337ns          238807 1c008e0e 02410c93 addi             x25, x2, 36         x25=100014fc  x2:100014d8
14698357ns          238808 1c008e12 00c00433 add              x8, x0, x12          x8=1c000028 x12:1c000028
14698377ns          238809 1c008e14 00044503 lbu              x10, 0(x8)          x10=00000073  x8:1c000028  PA:1c000028
14698815ns          238831 1c008e18 00140413 addi             x8, x8, 1            x8=1c000029  x8:1c000028
14698835ns          238832 1c008e1a 00050e63 beq              x10, x0, 28         x10:00000073
14698855ns          238833 1c008e1c 02500793 addi             x15, x0, 37         x15=00000025
14698894ns          238835 1c008e20 04f50863 beq              x10, x15, 80        x10:00000073 x15:00000025
14698934ns          238837 1c008e24 01a005b3 add              x11, x0, x26        x11=00000002 x26:00000002
14698954ns          238838 1c008e26 000b00e7 jalr             x1, x22, 0           x1=1c008e28 x22:1c008d32
14699412ns          238861 1c008d32 000026b7 lui              x13, 0x2000         x13=00002000
14699451ns          238863 1c008d34 f14027f3 csrrs            x15, x0, 0xf14      x15=00000002
14699471ns          238864 1c008d38 f8068693 addi             x13, x13, -128      x13=00001f80 x13:00002000
14699491ns          238865 1c008d3c 00379713 slli             x14, x15, 0x3       x14=00000010 x15:00000002
14699929ns          238887 1c008d40 00279793 slli             x15, x15, 0x2       x15=00000008 x15:00000002
14699949ns          238888 1c008d42 00d7f7b3 and              x15, x15, x13       x15=00000000 x15:00000008 x13:00001f80
14699968ns          238889 1c008d44 ee873733 p.bclr           x14, x14, 23, 8     x14=00000010 x14:00000010
14699988ns          238890 1c008d48 1a10f6b7 lui              x13, 0x1a10f000     x13=1a10f000
14700008ns          238891 1c008d4c 0ff57513 andi             x10, x10, 255       x10=00000073 x10:00000073
14700446ns          238913 1c008d50 00d70733 add              x14, x14, x13       x14=1a10f010 x14:00000010 x13:1a10f000
14700486ns          238915 1c008d52 00a7e723 p.sw             x10, x0(x15)        x10:00000073 x15:00000000  PA:1a10f010
14700903ns          238936 1c008d56 00000513 addi             x10, x0, 0          x10=00000000
14700923ns          238937 1c008d58 00008067 jalr             x0, x1, 0            x1:1c008e28
14701023ns          238942 1c008e28 31f52563 p.beqimm         x10, 778            x10:00000000
14701043ns          238943 1c008e2c 001d8d93 addi             x27, x27, 1         x27=00000001 x27:00000000
14701480ns          238965 1c008e2e 00044503 lbu              x10, 0(x8)          x10=00000074  x8:1c000029  PA:1c000029
14701818ns          238982 1c008e32 00140413 addi             x8, x8, 1            x8=1c00002a  x8:1c000029
14701838ns          238983 1c008e34 fe0514e3 bne              x10, x0, -24        x10:00000074
14702097ns          238996 1c008e1c 02500793 addi             x15, x0, 37         x15=00000025
14702117ns          238997 1c008e20 04f50863 beq              x10, x15, 80        x10:00000074 x15:00000025
14702137ns          238998 1c008e24 01a005b3 add              x11, x0, x26        x11=00000002 x26:00000002
14702156ns          238999 1c008e26 000b00e7 jalr             x1, x22, 0           x1=1c008e28 x22:1c008d32
14702196ns          239001 1c008d32 000026b7 lui              x13, 0x2000         x13=00002000
14702216ns          239002 1c008d34 f14027f3 csrrs            x15, x0, 0xf14      x15=00000002
14702236ns          239003 1c008d38 f8068693 addi             x13, x13, -128      x13=00001f80 x13:00002000
14702256ns          239004 1c008d3c 00379713 slli             x14, x15, 0x3       x14=00000010 x15:00000002
14702276ns          239005 1c008d40 00279793 slli             x15, x15, 0x2       x15=00000008 x15:00000002
14702296ns          239006 1c008d42 00d7f7b3 and              x15, x15, x13       x15=00000000 x15:00000008 x13:00001f80
14702316ns          239007 1c008d44 ee873733 p.bclr           x14, x14, 23, 8     x14=00000010 x14:00000010
14702335ns          239008 1c008d48 1a10f6b7 lui              x13, 0x1a10f000     x13=1a10f000
14702355ns          239009 1c008d4c 0ff57513 andi             x10, x10, 255       x10=00000074 x10:00000074
14702375ns          239010 1c008d50 00d70733 add              x14, x14, x13       x14=1a10f010 x14:00000010 x13:1a10f000
14702395ns          239011 1c008d52 00a7e723 p.sw             x10, x0(x15)        x10:00000074 x15:00000000  PA:1a10f010
14702793ns          239031 1c008d56 00000513 addi             x10, x0, 0          x10=00000000
14702813ns          239032 1c008d58 00008067 jalr             x0, x1, 0            x1:1c008e28
14702853ns          239034 1c008e28 31f52563 p.beqimm         x10, 778            x10:00000000
14702873ns          239035 1c008e2c 001d8d93 addi             x27, x27, 1         x27=00000002 x27:00000001
14702892ns          239036 1c008e2e 00044503 lbu              x10, 0(x8)          x10=00000061  x8:1c00002a  PA:1c00002a
14703191ns          239051 1c008e32 00140413 addi             x8, x8, 1            x8=1c00002b  x8:1c00002a
14703211ns          239052 1c008e34 fe0514e3 bne              x10, x0, -24        x10:00000061
14703270ns          239055 1c008e1c 02500793 addi             x15, x0, 37         x15=00000025
14703290ns          239056 1c008e20 04f50863 beq              x10, x15, 80        x10:00000061 x15:00000025
14703310ns          239057 1c008e24 01a005b3 add              x11, x0, x26        x11=00000002 x26:00000002
14703330ns          239058 1c008e26 000b00e7 jalr             x1, x22, 0           x1=1c008e28 x22:1c008d32
14703370ns          239060 1c008d32 000026b7 lui              x13, 0x2000         x13=00002000
14703390ns          239061 1c008d34 f14027f3 csrrs            x15, x0, 0xf14      x15=00000002
14703410ns          239062 1c008d38 f8068693 addi             x13, x13, -128      x13=00001f80 x13:00002000
14703429ns          239063 1c008d3c 00379713 slli             x14, x15, 0x3       x14=00000010 x15:00000002
14703449ns          239064 1c008d40 00279793 slli             x15, x15, 0x2       x15=00000008 x15:00000002
14703469ns          239065 1c008d42 00d7f7b3 and              x15, x15, x13       x15=00000000 x15:00000008 x13:00001f80
14703489ns          239066 1c008d44 ee873733 p.bclr           x14, x14, 23, 8     x14=00000010 x14:00000010
14703509ns          239067 1c008d48 1a10f6b7 lui              x13, 0x1a10f000     x13=1a10f000
14703529ns          239068 1c008d4c 0ff57513 andi             x10, x10, 255       x10=00000061 x10:00000061
14703549ns          239069 1c008d50 00d70733 add              x14, x14, x13       x14=1a10f010 x14:00000010 x13:1a10f000
14703569ns          239070 1c008d52 00a7e723 p.sw             x10, x0(x15)        x10:00000061 x15:00000000  PA:1a10f010
14703907ns          239087 1c008d56 00000513 addi             x10, x0, 0          x10=00000000
14703927ns          239088 1c008d58 00008067 jalr             x0, x1, 0            x1:1c008e28
14703966ns          239090 1c008e28 31f52563 p.beqimm         x10, 778            x10:00000000
14703986ns          239091 1c008e2c 001d8d93 addi             x27, x27, 1         x27=00000003 x27:00000002
14704006ns          239092 1c008e2e 00044503 lbu              x10, 0(x8)          x10=00000072  x8:1c00002b  PA:1c00002b
14704305ns          239107 1c008e32 00140413 addi             x8, x8, 1            x8=1c00002c  x8:1c00002b
14704325ns          239108 1c008e34 fe0514e3 bne              x10, x0, -24        x10:00000072
14704384ns          239111 1c008e1c 02500793 addi             x15, x0, 37         x15=00000025
14704404ns          239112 1c008e20 04f50863 beq              x10, x15, 80        x10:00000072 x15:00000025
14704424ns          239113 1c008e24 01a005b3 add              x11, x0, x26        x11=00000002 x26:00000002
14704444ns          239114 1c008e26 000b00e7 jalr             x1, x22, 0           x1=1c008e28 x22:1c008d32
14704484ns          239116 1c008d32 000026b7 lui              x13, 0x2000         x13=00002000
14704504ns          239117 1c008d34 f14027f3 csrrs            x15, x0, 0xf14      x15=00000002
14704523ns          239118 1c008d38 f8068693 addi             x13, x13, -128      x13=00001f80 x13:00002000
14704543ns          239119 1c008d3c 00379713 slli             x14, x15, 0x3       x14=00000010 x15:00000002
14704563ns          239120 1c008d40 00279793 slli             x15, x15, 0x2       x15=00000008 x15:00000002
14704583ns          239121 1c008d42 00d7f7b3 and              x15, x15, x13       x15=00000000 x15:00000008 x13:00001f80
14704603ns          239122 1c008d44 ee873733 p.bclr           x14, x14, 23, 8     x14=00000010 x14:00000010
14704623ns          239123 1c008d48 1a10f6b7 lui              x13, 0x1a10f000     x13=1a10f000
14704643ns          239124 1c008d4c 0ff57513 andi             x10, x10, 255       x10=00000072 x10:00000072
14704663ns          239125 1c008d50 00d70733 add              x14, x14, x13       x14=1a10f010 x14:00000010 x13:1a10f000
14704683ns          239126 1c008d52 00a7e723 p.sw             x10, x0(x15)        x10:00000072 x15:00000000  PA:1a10f010
14705021ns          239143 1c008d56 00000513 addi             x10, x0, 0          x10=00000000
14705041ns          239144 1c008d58 00008067 jalr             x0, x1, 0            x1:1c008e28
14705080ns          239146 1c008e28 31f52563 p.beqimm         x10, 778            x10:00000000
14705100ns          239147 1c008e2c 001d8d93 addi             x27, x27, 1         x27=00000004 x27:00000003
14705120ns          239148 1c008e2e 00044503 lbu              x10, 0(x8)          x10=00000074  x8:1c00002c  PA:1c00002c
14705419ns          239163 1c008e32 00140413 addi             x8, x8, 1            x8=1c00002d  x8:1c00002c
14705438ns          239164 1c008e34 fe0514e3 bne              x10, x0, -24        x10:00000074
14705498ns          239167 1c008e1c 02500793 addi             x15, x0, 37         x15=00000025
14705518ns          239168 1c008e20 04f50863 beq              x10, x15, 80        x10:00000074 x15:00000025
14705538ns          239169 1c008e24 01a005b3 add              x11, x0, x26        x11=00000002 x26:00000002
14705558ns          239170 1c008e26 000b00e7 jalr             x1, x22, 0           x1=1c008e28 x22:1c008d32
14705598ns          239172 1c008d32 000026b7 lui              x13, 0x2000         x13=00002000
14705617ns          239173 1c008d34 f14027f3 csrrs            x15, x0, 0xf14      x15=00000002
14705637ns          239174 1c008d38 f8068693 addi             x13, x13, -128      x13=00001f80 x13:00002000
14705657ns          239175 1c008d3c 00379713 slli             x14, x15, 0x3       x14=00000010 x15:00000002
14705677ns          239176 1c008d40 00279793 slli             x15, x15, 0x2       x15=00000008 x15:00000002
14705697ns          239177 1c008d42 00d7f7b3 and              x15, x15, x13       x15=00000000 x15:00000008 x13:00001f80
14705717ns          239178 1c008d44 ee873733 p.bclr           x14, x14, 23, 8     x14=00000010 x14:00000010
14705737ns          239179 1c008d48 1a10f6b7 lui              x13, 0x1a10f000     x13=1a10f000
14705757ns          239180 1c008d4c 0ff57513 andi             x10, x10, 255       x10=00000074 x10:00000074
14705777ns          239181 1c008d50 00d70733 add              x14, x14, x13       x14=1a10f010 x14:00000010 x13:1a10f000
14705796ns          239182 1c008d52 00a7e723 p.sw             x10, x0(x15)        x10:00000074 x15:00000000  PA:1a10f010
14706154ns          239200 1c008d56 00000513 addi             x10, x0, 0          x10=00000000
14706174ns          239201 1c008d58 00008067 jalr             x0, x1, 0            x1:1c008e28
14706214ns          239203 1c008e28 31f52563 p.beqimm         x10, 778            x10:00000000
14706234ns          239204 1c008e2c 001d8d93 addi             x27, x27, 1         x27=00000005 x27:00000004
14706254ns          239205 1c008e2e 00044503 lbu              x10, 0(x8)          x10=00000069  x8:1c00002d  PA:1c00002d
14706552ns          239220 1c008e32 00140413 addi             x8, x8, 1            x8=1c00002e  x8:1c00002d
14706572ns          239221 1c008e34 fe0514e3 bne              x10, x0, -24        x10:00000069
14706632ns          239224 1c008e1c 02500793 addi             x15, x0, 37         x15=00000025
14706652ns          239225 1c008e20 04f50863 beq              x10, x15, 80        x10:00000069 x15:00000025
14706672ns          239226 1c008e24 01a005b3 add              x11, x0, x26        x11=00000002 x26:00000002
14706692ns          239227 1c008e26 000b00e7 jalr             x1, x22, 0           x1=1c008e28 x22:1c008d32
14706731ns          239229 1c008d32 000026b7 lui              x13, 0x2000         x13=00002000
14706751ns          239230 1c008d34 f14027f3 csrrs            x15, x0, 0xf14      x15=00000002
14706771ns          239231 1c008d38 f8068693 addi             x13, x13, -128      x13=00001f80 x13:00002000
14706791ns          239232 1c008d3c 00379713 slli             x14, x15, 0x3       x14=00000010 x15:00000002
14706811ns          239233 1c008d40 00279793 slli             x15, x15, 0x2       x15=00000008 x15:00000002
14706831ns          239234 1c008d42 00d7f7b3 and              x15, x15, x13       x15=00000000 x15:00000008 x13:00001f80
14706851ns          239235 1c008d44 ee873733 p.bclr           x14, x14, 23, 8     x14=00000010 x14:00000010
14706871ns          239236 1c008d48 1a10f6b7 lui              x13, 0x1a10f000     x13=1a10f000
14706890ns          239237 1c008d4c 0ff57513 andi             x10, x10, 255       x10=00000069 x10:00000069
14706910ns          239238 1c008d50 00d70733 add              x14, x14, x13       x14=1a10f010 x14:00000010 x13:1a10f000
14706930ns          239239 1c008d52 00a7e723 p.sw             x10, x0(x15)        x10:00000069 x15:00000000  PA:1a10f010
14707248ns          239255 1c008d56 00000513 addi             x10, x0, 0          x10=00000000
14707268ns          239256 1c008d58 00008067 jalr             x0, x1, 0            x1:1c008e28
14707308ns          239258 1c008e28 31f52563 p.beqimm         x10, 778            x10:00000000
14707328ns          239259 1c008e2c 001d8d93 addi             x27, x27, 1         x27=00000006 x27:00000005
14707348ns          239260 1c008e2e 00044503 lbu              x10, 0(x8)          x10=0000006e  x8:1c00002e  PA:1c00002e
14707646ns          239275 1c008e32 00140413 addi             x8, x8, 1            x8=1c00002f  x8:1c00002e
14707666ns          239276 1c008e34 fe0514e3 bne              x10, x0, -24        x10:0000006e
14707726ns          239279 1c008e1c 02500793 addi             x15, x0, 37         x15=00000025
14707746ns          239280 1c008e20 04f50863 beq              x10, x15, 80        x10:0000006e x15:00000025
14707766ns          239281 1c008e24 01a005b3 add              x11, x0, x26        x11=00000002 x26:00000002
14707786ns          239282 1c008e26 000b00e7 jalr             x1, x22, 0           x1=1c008e28 x22:1c008d32
14707825ns          239284 1c008d32 000026b7 lui              x13, 0x2000         x13=00002000
14707845ns          239285 1c008d34 f14027f3 csrrs            x15, x0, 0xf14      x15=00000002
14707865ns          239286 1c008d38 f8068693 addi             x13, x13, -128      x13=00001f80 x13:00002000
14707885ns          239287 1c008d3c 00379713 slli             x14, x15, 0x3       x14=00000010 x15:00000002
14707905ns          239288 1c008d40 00279793 slli             x15, x15, 0x2       x15=00000008 x15:00000002
14707925ns          239289 1c008d42 00d7f7b3 and              x15, x15, x13       x15=00000000 x15:00000008 x13:00001f80
14707945ns          239290 1c008d44 ee873733 p.bclr           x14, x14, 23, 8     x14=00000010 x14:00000010
14707965ns          239291 1c008d48 1a10f6b7 lui              x13, 0x1a10f000     x13=1a10f000
14707984ns          239292 1c008d4c 0ff57513 andi             x10, x10, 255       x10=0000006e x10:0000006e
14708004ns          239293 1c008d50 00d70733 add              x14, x14, x13       x14=1a10f010 x14:00000010 x13:1a10f000
14708024ns          239294 1c008d52 00a7e723 p.sw             x10, x0(x15)        x10:0000006e x15:00000000  PA:1a10f010
14708382ns          239312 1c008d56 00000513 addi             x10, x0, 0          x10=00000000
14708402ns          239313 1c008d58 00008067 jalr             x0, x1, 0            x1:1c008e28
14708442ns          239315 1c008e28 31f52563 p.beqimm         x10, 778            x10:00000000
14708462ns          239316 1c008e2c 001d8d93 addi             x27, x27, 1         x27=00000007 x27:00000006
14708482ns          239317 1c008e2e 00044503 lbu              x10, 0(x8)          x10=00000067  x8:1c00002f  PA:1c00002f
14708800ns          239333 1c008e32 00140413 addi             x8, x8, 1            x8=1c000030  x8:1c00002f
14708820ns          239334 1c008e34 fe0514e3 bne              x10, x0, -24        x10:00000067
14708880ns          239337 1c008e1c 02500793 addi             x15, x0, 37         x15=00000025
14708899ns          239338 1c008e20 04f50863 beq              x10, x15, 80        x10:00000067 x15:00000025
14708919ns          239339 1c008e24 01a005b3 add              x11, x0, x26        x11=00000002 x26:00000002
14708939ns          239340 1c008e26 000b00e7 jalr             x1, x22, 0           x1=1c008e28 x22:1c008d32
14708979ns          239342 1c008d32 000026b7 lui              x13, 0x2000         x13=00002000
14708999ns          239343 1c008d34 f14027f3 csrrs            x15, x0, 0xf14      x15=00000002
14709019ns          239344 1c008d38 f8068693 addi             x13, x13, -128      x13=00001f80 x13:00002000
14709039ns          239345 1c008d3c 00379713 slli             x14, x15, 0x3       x14=00000010 x15:00000002
14709059ns          239346 1c008d40 00279793 slli             x15, x15, 0x2       x15=00000008 x15:00000002
14709078ns          239347 1c008d42 00d7f7b3 and              x15, x15, x13       x15=00000000 x15:00000008 x13:00001f80
14709098ns          239348 1c008d44 ee873733 p.bclr           x14, x14, 23, 8     x14=00000010 x14:00000010
14709118ns          239349 1c008d48 1a10f6b7 lui              x13, 0x1a10f000     x13=1a10f000
14709138ns          239350 1c008d4c 0ff57513 andi             x10, x10, 255       x10=00000067 x10:00000067
14709158ns          239351 1c008d50 00d70733 add              x14, x14, x13       x14=1a10f010 x14:00000010 x13:1a10f000
14709178ns          239352 1c008d52 00a7e723 p.sw             x10, x0(x15)        x10:00000067 x15:00000000  PA:1a10f010
14709496ns          239368 1c008d56 00000513 addi             x10, x0, 0          x10=00000000
14709516ns          239369 1c008d58 00008067 jalr             x0, x1, 0            x1:1c008e28
14709556ns          239371 1c008e28 31f52563 p.beqimm         x10, 778            x10:00000000
14709576ns          239372 1c008e2c 001d8d93 addi             x27, x27, 1         x27=00000008 x27:00000007
14709596ns          239373 1c008e2e 00044503 lbu              x10, 0(x8)          x10=00000020  x8:1c000030  PA:1c000030
14709894ns          239388 1c008e32 00140413 addi             x8, x8, 1            x8=1c000031  x8:1c000030
14709914ns          239389 1c008e34 fe0514e3 bne              x10, x0, -24        x10:00000020
14709973ns          239392 1c008e1c 02500793 addi             x15, x0, 37         x15=00000025
14709993ns          239393 1c008e20 04f50863 beq              x10, x15, 80        x10:00000020 x15:00000025
14710013ns          239394 1c008e24 01a005b3 add              x11, x0, x26        x11=00000002 x26:00000002
14710033ns          239395 1c008e26 000b00e7 jalr             x1, x22, 0           x1=1c008e28 x22:1c008d32
14710073ns          239397 1c008d32 000026b7 lui              x13, 0x2000         x13=00002000
14710093ns          239398 1c008d34 f14027f3 csrrs            x15, x0, 0xf14      x15=00000002
14710113ns          239399 1c008d38 f8068693 addi             x13, x13, -128      x13=00001f80 x13:00002000
14710133ns          239400 1c008d3c 00379713 slli             x14, x15, 0x3       x14=00000010 x15:00000002
14710153ns          239401 1c008d40 00279793 slli             x15, x15, 0x2       x15=00000008 x15:00000002
14710172ns          239402 1c008d42 00d7f7b3 and              x15, x15, x13       x15=00000000 x15:00000008 x13:00001f80
14710192ns          239403 1c008d44 ee873733 p.bclr           x14, x14, 23, 8     x14=00000010 x14:00000010
14710212ns          239404 1c008d48 1a10f6b7 lui              x13, 0x1a10f000     x13=1a10f000
14710232ns          239405 1c008d4c 0ff57513 andi             x10, x10, 255       x10=00000020 x10:00000020
14710252ns          239406 1c008d50 00d70733 add              x14, x14, x13       x14=1a10f010 x14:00000010 x13:1a10f000
14710272ns          239407 1c008d52 00a7e723 p.sw             x10, x0(x15)        x10:00000020 x15:00000000  PA:1a10f010
14710590ns          239423 1c008d56 00000513 addi             x10, x0, 0          x10=00000000
14710610ns          239424 1c008d58 00008067 jalr             x0, x1, 0            x1:1c008e28
14710650ns          239426 1c008e28 31f52563 p.beqimm         x10, 778            x10:00000000
14710670ns          239427 1c008e2c 001d8d93 addi             x27, x27, 1         x27=00000009 x27:00000008
14710690ns          239428 1c008e2e 00044503 lbu              x10, 0(x8)          x10=00000025  x8:1c000031  PA:1c000031
14710988ns          239443 1c008e32 00140413 addi             x8, x8, 1            x8=1c000032  x8:1c000031
14711008ns          239444 1c008e34 fe0514e3 bne              x10, x0, -24        x10:00000025
14711067ns          239447 1c008e1c 02500793 addi             x15, x0, 37         x15=00000025
14711087ns          239448 1c008e20 04f50863 beq              x10, x15, 80        x10:00000025 x15:00000025
14711465ns          239467 1c008e70 00044483 lbu              x9, 0(x8)            x9=00000064  x8:1c000032  PA:1c000032
14711784ns          239483 1c008e74 02000693 addi             x13, x0, 32         x13=00000020
14711803ns          239484 1c008e78 00140a93 addi             x21, x8, 1          x21=1c000033  x8:1c000032
14711823ns          239485 1c008e7c 009005b3 add              x11, x0, x9         x11=00000064  x9:00000064
14712002ns          239494 1c008e7e 150b8513 addi             x10, x23, 336       x10=1c000150 x23:1c000000
14712022ns          239495 1c008e82 00d12823 sw               x13, 16(x2)         x13:00000020  x2:100014d8  PA:100014e8
14712042ns          239496 1c008e84 00012c23 sw               x0, 24(x2)           x2:100014d8  PA:100014f0
14712062ns          239497 1c008e86 00012a23 sw               x0, 20(x2)           x2:100014d8  PA:100014ec
14712082ns          239498 1c008e88 00012e23 sw               x0, 28(x2)           x2:100014d8  PA:100014f4
14712102ns          239499 1c008e8a 00012623 sw               x0, 12(x2)           x2:100014d8  PA:100014e4
14712122ns          239500 1c008e8c 02300913 addi             x18, x0, 35         x18=00000023
14712520ns          239520 1c008e90 02d00a13 addi             x20, x0, 45         x20=0000002d
14712559ns          239522 1c008e94 015009b3 add              x19, x0, x21        x19=1c000033 x21:1c000033
14712579ns          239523 1c008e96 e1dff0ef jal              x1, -484             x1=1c008e98
14713096ns          239549 1c008cb2 00054783 lbu              x15, 0(x10)         x15=0000002d x10:1c000150  PA:1c000150
14713514ns          239570 1c008cb6 0ff5f593 andi             x11, x11, 255       x11=00000064 x11:00000064
14713534ns          239571 1c008cba 00b78c63 beq              x15, x11, 24        x15:0000002d x11:00000064
14713554ns          239572 1c008cbe 00078b63 beq              x15, x0, 22         x15:0000002d
14713594ns          239574 1c008cc0 00150793 addi             x15, x10, 1         x15=1c000151 x10:1c000150
14713633ns          239576 1c008cc4 0040006f jal              x0, 4              
14713673ns          239578 1c008cc8 00f00533 add              x10, x0, x15        x10=1c000151 x15:1c000151
14713693ns          239579 1c008cca 0017c70b p.lbu            x14, 1(x15!)        x14=0000002b x15=1c000152 x15:1c000151  PA:1c000151
14714190ns          239604 1c008cce feb71ce3 bne              x14, x11, -8        x14:0000002b x11:00000064
14714250ns          239607 1c008cc6 00070763 beq              x14, x0, 14         x14:0000002b
14714270ns          239608 1c008cc8 00f00533 add              x10, x0, x15        x10=1c000152 x15:1c000152
14714290ns          239609 1c008cca 0017c70b p.lbu            x14, 1(x15!)        x14=00000020 x15=1c000153 x15:1c000152  PA:1c000152
14714608ns          239625 1c008cce feb71ce3 bne              x14, x11, -8        x14:00000020 x11:00000064
14714668ns          239628 1c008cc6 00070763 beq              x14, x0, 14         x14:00000020
14714688ns          239629 1c008cc8 00f00533 add              x10, x0, x15        x10=1c000153 x15:1c000153
14714707ns          239630 1c008cca 0017c70b p.lbu            x14, 1(x15!)        x14=00000023 x15=1c000154 x15:1c000153  PA:1c000153
14715026ns          239646 1c008cce feb71ce3 bne              x14, x11, -8        x14:00000023 x11:00000064
14715085ns          239649 1c008cc6 00070763 beq              x14, x0, 14         x14:00000023
14715105ns          239650 1c008cc8 00f00533 add              x10, x0, x15        x10=1c000154 x15:1c000154
14715125ns          239651 1c008cca 0017c70b p.lbu            x14, 1(x15!)        x14=00000030 x15=1c000155 x15:1c000154  PA:1c000154
14715463ns          239668 1c008cce feb71ce3 bne              x14, x11, -8        x14:00000030 x11:00000064
14715523ns          239671 1c008cc6 00070763 beq              x14, x0, 14         x14:00000030
14715543ns          239672 1c008cc8 00f00533 add              x10, x0, x15        x10=1c000155 x15:1c000155
14715563ns          239673 1c008cca 0017c70b p.lbu            x14, 1(x15!)        x14=00000000 x15=1c000156 x15:1c000155  PA:1c000155
14715881ns          239689 1c008cce feb71ce3 bne              x14, x11, -8        x14:00000000 x11:00000064
14715941ns          239692 1c008cc6 00070763 beq              x14, x0, 14         x14:00000000
14716000ns          239695 1c008cd4 0015b593 sltiu            x11, x11, 1         x11=00000000 x11:00000064
14716020ns          239696 1c008cd8 40b005b3 sub              x11, x0, x11        x11=00000000 x11:00000000
14716040ns          239697 1c008cdc 00b57533 and              x10, x10, x11       x10=00000000 x10:1c000155 x11:00000000
14716060ns          239698 1c008cde 00008067 jalr             x0, x1, 0            x1:1c008e98
14716498ns          239720 1c008e98 02050a63 beq              x10, x0, 52         x10:00000000
14717433ns          239767 1c008ecc 02a00613 addi             x12, x0, 42         x12=0000002a
14717890ns          239790 1c008ed0 2ac48663 beq              x9, x12, 684         x9:00000064 x12:0000002a
14717930ns          239792 1c008ed4 fd048613 addi             x12, x9, -48        x12=00000034  x9:00000064
14717950ns          239793 1c008ed8 00900593 addi             x11, x0, 9          x11=00000009
14717970ns          239794 1c008eda 00000913 addi             x18, x0, 0          x18=00000000
14717989ns          239795 1c008edc 28c5f063 bgeu             x11, x12, 640       x11:00000009 x12:00000034
14718407ns          239816 1c008ee0 02e00693 addi             x13, x0, 46         x13=0000002e
14718447ns          239818 1c008ee4 fff00a13 addi             x20, x0, -1         x20=ffffffff
14718467ns          239819 1c008ee6 2ed48363 beq              x9, x13, 742         x9:00000064 x13:0000002e
14718487ns          239820 1c008eea 1c0007b7 lui              x15, 0x1c000000     x15=1c000000
14718507ns          239821 1c008eee 009005b3 add              x11, x0, x9         x11=00000064  x9:00000064
14718924ns          239842 1c008ef0 15878513 addi             x10, x15, 344       x10=1c000158 x15:1c000000
14718964ns          239844 1c008ef4 dbfff0ef jal              x1, -578             x1=1c008ef6
14719024ns          239847 1c008cb2 00054783 lbu              x15, 0(x10)         x15=00000068 x10:1c000158  PA:1c000158
14719322ns          239862 1c008cb6 0ff5f593 andi             x11, x11, 255       x11=00000064 x11:00000064
14719342ns          239863 1c008cba 00b78c63 beq              x15, x11, 24        x15:00000068 x11:00000064
14719362ns          239864 1c008cbe 00078b63 beq              x15, x0, 22         x15:00000068
14719382ns          239865 1c008cc0 00150793 addi             x15, x10, 1         x15=1c000159 x10:1c000158
14719402ns          239866 1c008cc4 0040006f jal              x0, 4              
14719441ns          239868 1c008cc8 00f00533 add              x10, x0, x15        x10=1c000159 x15:1c000159
14719461ns          239869 1c008cca 0017c70b p.lbu            x14, 1(x15!)        x14=0000006c x15=1c00015a x15:1c000159  PA:1c000159
14719780ns          239885 1c008cce feb71ce3 bne              x14, x11, -8        x14:0000006c x11:00000064
14719839ns          239888 1c008cc6 00070763 beq              x14, x0, 14         x14:0000006c
14719859ns          239889 1c008cc8 00f00533 add              x10, x0, x15        x10=1c00015a x15:1c00015a
14719879ns          239890 1c008cca 0017c70b p.lbu            x14, 1(x15!)        x14=0000004c x15=1c00015b x15:1c00015a  PA:1c00015a
14720197ns          239906 1c008cce feb71ce3 bne              x14, x11, -8        x14:0000004c x11:00000064
14720257ns          239909 1c008cc6 00070763 beq              x14, x0, 14         x14:0000004c
14720277ns          239910 1c008cc8 00f00533 add              x10, x0, x15        x10=1c00015b x15:1c00015b
14720297ns          239911 1c008cca 0017c70b p.lbu            x14, 1(x15!)        x14=0000007a x15=1c00015c x15:1c00015b  PA:1c00015b
14720615ns          239927 1c008cce feb71ce3 bne              x14, x11, -8        x14:0000007a x11:00000064
14720675ns          239930 1c008cc6 00070763 beq              x14, x0, 14         x14:0000007a
14720695ns          239931 1c008cc8 00f00533 add              x10, x0, x15        x10=1c00015c x15:1c00015c
14720715ns          239932 1c008cca 0017c70b p.lbu            x14, 1(x15!)        x14=00000000 x15=1c00015d x15:1c00015c  PA:1c00015c
14721033ns          239948 1c008cce feb71ce3 bne              x14, x11, -8        x14:00000000 x11:00000064
14721092ns          239951 1c008cc6 00070763 beq              x14, x0, 14         x14:00000000
14721152ns          239954 1c008cd4 0015b593 sltiu            x11, x11, 1         x11=00000000 x11:00000064
14721172ns          239955 1c008cd8 40b005b3 sub              x11, x0, x11        x11=00000000 x11:00000000
14721192ns          239956 1c008cdc 00b57533 and              x10, x10, x11       x10=00000000 x10:1c00015c x11:00000000
14721212ns          239957 1c008cde 00008067 jalr             x0, x1, 0            x1:1c008ef6
14721252ns          239959 1c008ef6 01300433 add              x8, x0, x19          x8=1c000033 x19:1c000033
14721271ns          239960 1c008ef8 00050563 beq              x10, x0, 10         x10:00000000
14721789ns          239986 1c008f02 06700693 addi             x13, x0, 103        x13=00000067
14721808ns          239987 1c008f06 2896d963 bge              x13, x9, 658        x13:00000067  x9:00000064
14722783ns          240036 1c009198 06500693 addi             x13, x0, 101        x13=00000065
14722823ns          240038 1c00919c 12d4d563 bge              x9, x13, 298         x9:00000064 x13:00000065
14723261ns          240060 1c0091a0 04700693 addi             x13, x0, 71         x13=00000047
14723300ns          240062 1c0091a4 dc96cbe3 blt              x13, x9, -554       x13:00000047  x9:00000064
14723817ns          240088 1c008f7a 06300693 addi             x13, x0, 99         x13=00000063
14724255ns          240110 1c008f7e 0ad488e3 beq              x9, x13, 2224        x9:00000064 x13:00000063
14724295ns          240112 1c008f82 0096c9e3 blt              x13, x9, 2066       x13:00000063  x9:00000064
14724772ns          240136 1c009794 000c2583 lw               x11, 0(x24)         x11=00000001 x24:1000162c  PA:1000162c
14724832ns          240139 1c009798 004c0c13 addi             x24, x24, 4         x24=10001630 x24:1000162c
14724852ns          240140 1c00979a 3405cc63 blt              x11, x0, 856        x11:00000001
14724872ns          240141 1c00979e 01412603 lw               x12, 20(x2)         x12=00000000  x2:100014d8  PA:100014ec
14725269ns          240161 1c0097a0 00b006b3 add              x13, x0, x11        x13=00000001 x11:00000001
14725309ns          240163 1c0097a2 2e061863 bne              x12, x0, 752        x12:00000000
14725329ns          240164 1c0097a6 01812703 lw               x14, 24(x2)         x14=00000000  x2:100014d8  PA:100014f0
14725349ns          240165 1c0097a8 019007b3 add              x15, x0, x25        x15=100014fc x25:100014fc
14725369ns          240166 1c0097aa 00070763 beq              x14, x0, 14         x14:00000000
14725826ns          240189 1c0097b8 00f00733 add              x14, x0, x15        x14=100014fc x15:100014fc
14725846ns          240190 1c0097ba 00a00513 addi             x10, x0, 10         x10=0000000a
14725866ns          240191 1c0097bc 02a6f633 remu             x12, x13, x10       x12=00000001 x13:00000001 x10:0000000a
14726503ns          240223 1c0097c0 02a6d6b3 divu             x13, x13, x10       x13=00000000 x13:00000001 x10:0000000a
14727119ns          240254 1c0097c4 03060613 addi             x12, x12, 48        x12=00000031 x12:00000001
14727139ns          240255 1c0097c8 00c700ab p.sb             x12, 1(x14!)        x14=100014fd x12:00000031 x14:100014fc  PA:100014fc
14727159ns          240256 1c0097cc fe0698e3 bne              x13, x0, -16        x13:00000000
14727179ns          240257 1c0097ce 40f706b3 sub              x13, x14, x15       x13=00000001 x14:100014fd x15:100014fc
14727199ns          240258 1c0097d2 0146dc63 bge              x13, x20, 24        x13:00000001 x20:ffffffff
14727696ns          240283 1c0097ea 00e006b3 add              x13, x0, x14        x13=100014fd x14:100014fd
14727736ns          240285 1c0097ec fe068fab p.sb             x0, -1(x13!)        x13=100014fc x13:100014fd  PA:100014fd
14728174ns          240307 1c0097f0 00d7fc63 bgeu             x15, x13, 24        x15:100014fc x13:100014fc
14728651ns          240331 1c009808 01412783 lw               x15, 20(x2)         x15=00000000  x2:100014d8  PA:100014ec
14728671ns          240332 1c00980a 01812603 lw               x12, 24(x2)         x12=00000000  x2:100014d8  PA:100014f0
14728691ns          240333 1c00980c 419704b3 sub              x9, x14, x25         x9=00000001 x14:100014fd x25:100014fc
14729128ns          240355 1c009810 00c7e7b3 or               x15, x15, x12       x15=00000000 x15:00000000 x12:00000000
14729148ns          240356 1c009812 00f12623 sw               x15, 12(x2)         x15:00000000  x2:100014d8  PA:100014e4
14729168ns          240357 1c009814 00079363 bne              x15, x0, 6          x15:00000000
14729188ns          240358 1c009816 01f5d593 srli             x11, x11, 0x1f      x11=00000000 x11:00000001
14729208ns          240359 1c009818 00b12623 sw               x11, 12(x2)         x11:00000000  x2:100014d8  PA:100014e4
14729228ns          240360 1c00981a e3fa28e3 p.beqimm         x20, -464           x20:ffffffff
14730143ns          240406 1c00964a 0c800793 addi             x15, x0, 200        x15=000000c8
14730580ns          240428 1c00964e 9e97d0e3 bge              x15, x9, -1568      x15:000000c8  x9:00000001
14731535ns          240476 1c00902e 0f24d163 bge              x9, x18, 226         x9:00000001 x18:00000000
14732012ns          240500 1c009110 d00482e3 beq              x9, x0, -764         x9:00000001
14732052ns          240502 1c009114 01900933 add              x18, x0, x25        x18=100014fc x25:100014fc
14732072ns          240503 1c009116 419d8db3 sub              x27, x27, x25       x27=efffeb0d x27:00000009 x25:100014fc
14732092ns          240504 1c00911a 00a0006f jal              x0, 10             
14732569ns          240528 1c009124 0019450b p.lbu            x10, 1(x18!)        x10=00000031 x18=100014fd x18:100014fc  PA:100014fc
14732589ns          240529 1c009128 01a005b3 add              x11, x0, x26        x11=00000002 x26:00000002
14732609ns          240530 1c00912a 000b00e7 jalr             x1, x22, 0           x1=1c00912c x22:1c008d32
14733087ns          240554 1c008d32 000026b7 lui              x13, 0x2000         x13=00002000
14733106ns          240555 1c008d34 f14027f3 csrrs            x15, x0, 0xf14      x15=00000002
14733126ns          240556 1c008d38 f8068693 addi             x13, x13, -128      x13=00001f80 x13:00002000
14733146ns          240557 1c008d3c 00379713 slli             x14, x15, 0x3       x14=00000010 x15:00000002
14733166ns          240558 1c008d40 00279793 slli             x15, x15, 0x2       x15=00000008 x15:00000002
14733186ns          240559 1c008d42 00d7f7b3 and              x15, x15, x13       x15=00000000 x15:00000008 x13:00001f80
14733206ns          240560 1c008d44 ee873733 p.bclr           x14, x14, 23, 8     x14=00000010 x14:00000010
14733226ns          240561 1c008d48 1a10f6b7 lui              x13, 0x1a10f000     x13=1a10f000
14733246ns          240562 1c008d4c 0ff57513 andi             x10, x10, 255       x10=00000031 x10:00000031
14733266ns          240563 1c008d50 00d70733 add              x14, x14, x13       x14=1a10f010 x14:00000010 x13:1a10f000
14733285ns          240564 1c008d52 00a7e723 p.sw             x10, x0(x15)        x10:00000031 x15:00000000  PA:1a10f010
14733683ns          240584 1c008d56 00000513 addi             x10, x0, 0          x10=00000000
14733703ns          240585 1c008d58 00008067 jalr             x0, x1, 0            x1:1c00912c
14733743ns          240587 1c00912c fff48493 addi             x9, x9, -1           x9=00000000  x9:00000001
14733763ns          240588 1c00912e fff537e3 p.bneimm         x10, -18            x10:00000000
14733823ns          240591 1c00911c 012d8733 add              x14, x27, x18       x14=0000000a x27:efffeb0d x18:100014fd
14733842ns          240592 1c009120 5a048b63 beq              x9, x0, 1462         x9:00000000
14734260ns          240613 1c0096d6 00e00db3 add              x27, x0, x14        x27=0000000a x14:0000000a
14734300ns          240615 1c0096d8 f3cff06f jal              x0, -2244          
14734379ns          240619 1c008e14 00044503 lbu              x10, 0(x8)          x10=00000020  x8:1c000033  PA:1c000033
14734698ns          240635 1c008e18 00140413 addi             x8, x8, 1            x8=1c000034  x8:1c000033
14734718ns          240636 1c008e1a 00050e63 beq              x10, x0, 28         x10:00000020
14734737ns          240637 1c008e1c 02500793 addi             x15, x0, 37         x15=00000025
14734757ns          240638 1c008e20 04f50863 beq              x10, x15, 80        x10:00000020 x15:00000025
14734777ns          240639 1c008e24 01a005b3 add              x11, x0, x26        x11=00000002 x26:00000002
14734797ns          240640 1c008e26 000b00e7 jalr             x1, x22, 0           x1=1c008e28 x22:1c008d32
14734897ns          240645 1c008d32 000026b7 lui              x13, 0x2000         x13=00002000
14734917ns          240646 1c008d34 f14027f3 csrrs            x15, x0, 0xf14      x15=00000002
14734936ns          240647 1c008d38 f8068693 addi             x13, x13, -128      x13=00001f80 x13:00002000
14734956ns          240648 1c008d3c 00379713 slli             x14, x15, 0x3       x14=00000010 x15:00000002
14734976ns          240649 1c008d40 00279793 slli             x15, x15, 0x2       x15=00000008 x15:00000002
14734996ns          240650 1c008d42 00d7f7b3 and              x15, x15, x13       x15=00000000 x15:00000008 x13:00001f80
14735016ns          240651 1c008d44 ee873733 p.bclr           x14, x14, 23, 8     x14=00000010 x14:00000010
14735036ns          240652 1c008d48 1a10f6b7 lui              x13, 0x1a10f000     x13=1a10f000
14735056ns          240653 1c008d4c 0ff57513 andi             x10, x10, 255       x10=00000020 x10:00000020
14735076ns          240654 1c008d50 00d70733 add              x14, x14, x13       x14=1a10f010 x14:00000010 x13:1a10f000
14735096ns          240655 1c008d52 00a7e723 p.sw             x10, x0(x15)        x10:00000020 x15:00000000  PA:1a10f010
14735513ns          240676 1c008d56 00000513 addi             x10, x0, 0          x10=00000000
14735533ns          240677 1c008d58 00008067 jalr             x0, x1, 0            x1:1c008e28
14735573ns          240679 1c008e28 31f52563 p.beqimm         x10, 778            x10:00000000
14735593ns          240680 1c008e2c 001d8d93 addi             x27, x27, 1         x27=0000000b x27:0000000a
14735613ns          240681 1c008e2e 00044503 lbu              x10, 0(x8)          x10=0000006b  x8:1c000034  PA:1c000034
14735911ns          240696 1c008e32 00140413 addi             x8, x8, 1            x8=1c000035  x8:1c000034
14735931ns          240697 1c008e34 fe0514e3 bne              x10, x0, -24        x10:0000006b
14735991ns          240700 1c008e1c 02500793 addi             x15, x0, 37         x15=00000025
14736010ns          240701 1c008e20 04f50863 beq              x10, x15, 80        x10:0000006b x15:00000025
14736030ns          240702 1c008e24 01a005b3 add              x11, x0, x26        x11=00000002 x26:00000002
14736050ns          240703 1c008e26 000b00e7 jalr             x1, x22, 0           x1=1c008e28 x22:1c008d32
14736090ns          240705 1c008d32 000026b7 lui              x13, 0x2000         x13=00002000
14736110ns          240706 1c008d34 f14027f3 csrrs            x15, x0, 0xf14      x15=00000002
14736130ns          240707 1c008d38 f8068693 addi             x13, x13, -128      x13=00001f80 x13:00002000
14736150ns          240708 1c008d3c 00379713 slli             x14, x15, 0x3       x14=00000010 x15:00000002
14736170ns          240709 1c008d40 00279793 slli             x15, x15, 0x2       x15=00000008 x15:00000002
14736190ns          240710 1c008d42 00d7f7b3 and              x15, x15, x13       x15=00000000 x15:00000008 x13:00001f80
14736209ns          240711 1c008d44 ee873733 p.bclr           x14, x14, 23, 8     x14=00000010 x14:00000010
14736229ns          240712 1c008d48 1a10f6b7 lui              x13, 0x1a10f000     x13=1a10f000
14736249ns          240713 1c008d4c 0ff57513 andi             x10, x10, 255       x10=0000006b x10:0000006b
14736269ns          240714 1c008d50 00d70733 add              x14, x14, x13       x14=1a10f010 x14:00000010 x13:1a10f000
14736289ns          240715 1c008d52 00a7e723 p.sw             x10, x0(x15)        x10:0000006b x15:00000000  PA:1a10f010
14736607ns          240731 1c008d56 00000513 addi             x10, x0, 0          x10=00000000
14736627ns          240732 1c008d58 00008067 jalr             x0, x1, 0            x1:1c008e28
14736667ns          240734 1c008e28 31f52563 p.beqimm         x10, 778            x10:00000000
14736687ns          240735 1c008e2c 001d8d93 addi             x27, x27, 1         x27=0000000c x27:0000000b
14736707ns          240736 1c008e2e 00044503 lbu              x10, 0(x8)          x10=00000065  x8:1c000035  PA:1c000035
14737005ns          240751 1c008e32 00140413 addi             x8, x8, 1            x8=1c000036  x8:1c000035
14737025ns          240752 1c008e34 fe0514e3 bne              x10, x0, -24        x10:00000065
14737085ns          240755 1c008e1c 02500793 addi             x15, x0, 37         x15=00000025
14737104ns          240756 1c008e20 04f50863 beq              x10, x15, 80        x10:00000065 x15:00000025
14737124ns          240757 1c008e24 01a005b3 add              x11, x0, x26        x11=00000002 x26:00000002
14737144ns          240758 1c008e26 000b00e7 jalr             x1, x22, 0           x1=1c008e28 x22:1c008d32
14737184ns          240760 1c008d32 000026b7 lui              x13, 0x2000         x13=00002000
14737204ns          240761 1c008d34 f14027f3 csrrs            x15, x0, 0xf14      x15=00000002
14737224ns          240762 1c008d38 f8068693 addi             x13, x13, -128      x13=00001f80 x13:00002000
14737244ns          240763 1c008d3c 00379713 slli             x14, x15, 0x3       x14=00000010 x15:00000002
14737264ns          240764 1c008d40 00279793 slli             x15, x15, 0x2       x15=00000008 x15:00000002
14737284ns          240765 1c008d42 00d7f7b3 and              x15, x15, x13       x15=00000000 x15:00000008 x13:00001f80
14737303ns          240766 1c008d44 ee873733 p.bclr           x14, x14, 23, 8     x14=00000010 x14:00000010
14737323ns          240767 1c008d48 1a10f6b7 lui              x13, 0x1a10f000     x13=1a10f000
14737343ns          240768 1c008d4c 0ff57513 andi             x10, x10, 255       x10=00000065 x10:00000065
14737363ns          240769 1c008d50 00d70733 add              x14, x14, x13       x14=1a10f010 x14:00000010 x13:1a10f000
14737383ns          240770 1c008d52 00a7e723 p.sw             x10, x0(x15)        x10:00000065 x15:00000000  PA:1a10f010
14737701ns          240786 1c008d56 00000513 addi             x10, x0, 0          x10=00000000
14737721ns          240787 1c008d58 00008067 jalr             x0, x1, 0            x1:1c008e28
14737761ns          240789 1c008e28 31f52563 p.beqimm         x10, 778            x10:00000000
14737781ns          240790 1c008e2c 001d8d93 addi             x27, x27, 1         x27=0000000d x27:0000000c
14737801ns          240791 1c008e2e 00044503 lbu              x10, 0(x8)          x10=00000072  x8:1c000036  PA:1c000036
14738119ns          240807 1c008e32 00140413 addi             x8, x8, 1            x8=1c000037  x8:1c000036
14738139ns          240808 1c008e34 fe0514e3 bne              x10, x0, -24        x10:00000072
14738198ns          240811 1c008e1c 02500793 addi             x15, x0, 37         x15=00000025
14738218ns          240812 1c008e20 04f50863 beq              x10, x15, 80        x10:00000072 x15:00000025
14738238ns          240813 1c008e24 01a005b3 add              x11, x0, x26        x11=00000002 x26:00000002
14738258ns          240814 1c008e26 000b00e7 jalr             x1, x22, 0           x1=1c008e28 x22:1c008d32
14738298ns          240816 1c008d32 000026b7 lui              x13, 0x2000         x13=00002000
14738318ns          240817 1c008d34 f14027f3 csrrs            x15, x0, 0xf14      x15=00000002
14738338ns          240818 1c008d38 f8068693 addi             x13, x13, -128      x13=00001f80 x13:00002000
14738358ns          240819 1c008d3c 00379713 slli             x14, x15, 0x3       x14=00000010 x15:00000002
14738377ns          240820 1c008d40 00279793 slli             x15, x15, 0x2       x15=00000008 x15:00000002
14738397ns          240821 1c008d42 00d7f7b3 and              x15, x15, x13       x15=00000000 x15:00000008 x13:00001f80
14738417ns          240822 1c008d44 ee873733 p.bclr           x14, x14, 23, 8     x14=00000010 x14:00000010
14738437ns          240823 1c008d48 1a10f6b7 lui              x13, 0x1a10f000     x13=1a10f000
14738457ns          240824 1c008d4c 0ff57513 andi             x10, x10, 255       x10=00000072 x10:00000072
14738477ns          240825 1c008d50 00d70733 add              x14, x14, x13       x14=1a10f010 x14:00000010 x13:1a10f000
14738497ns          240826 1c008d52 00a7e723 p.sw             x10, x0(x15)        x10:00000072 x15:00000000  PA:1a10f010
14738815ns          240842 1c008d56 00000513 addi             x10, x0, 0          x10=00000000
14738835ns          240843 1c008d58 00008067 jalr             x0, x1, 0            x1:1c008e28
14738875ns          240845 1c008e28 31f52563 p.beqimm         x10, 778            x10:00000000
14738895ns          240846 1c008e2c 001d8d93 addi             x27, x27, 1         x27=0000000e x27:0000000d
14738915ns          240847 1c008e2e 00044503 lbu              x10, 0(x8)          x10=0000006e  x8:1c000037  PA:1c000037
14739213ns          240862 1c008e32 00140413 addi             x8, x8, 1            x8=1c000038  x8:1c000037
14739233ns          240863 1c008e34 fe0514e3 bne              x10, x0, -24        x10:0000006e
14739292ns          240866 1c008e1c 02500793 addi             x15, x0, 37         x15=00000025
14739312ns          240867 1c008e20 04f50863 beq              x10, x15, 80        x10:0000006e x15:00000025
14739332ns          240868 1c008e24 01a005b3 add              x11, x0, x26        x11=00000002 x26:00000002
14739352ns          240869 1c008e26 000b00e7 jalr             x1, x22, 0           x1=1c008e28 x22:1c008d32
14739392ns          240871 1c008d32 000026b7 lui              x13, 0x2000         x13=00002000
14739412ns          240872 1c008d34 f14027f3 csrrs            x15, x0, 0xf14      x15=00000002
14739432ns          240873 1c008d38 f8068693 addi             x13, x13, -128      x13=00001f80 x13:00002000
14739452ns          240874 1c008d3c 00379713 slli             x14, x15, 0x3       x14=00000010 x15:00000002
14739471ns          240875 1c008d40 00279793 slli             x15, x15, 0x2       x15=00000008 x15:00000002
14739491ns          240876 1c008d42 00d7f7b3 and              x15, x15, x13       x15=00000000 x15:00000008 x13:00001f80
14739511ns          240877 1c008d44 ee873733 p.bclr           x14, x14, 23, 8     x14=00000010 x14:00000010
14739531ns          240878 1c008d48 1a10f6b7 lui              x13, 0x1a10f000     x13=1a10f000
14739551ns          240879 1c008d4c 0ff57513 andi             x10, x10, 255       x10=0000006e x10:0000006e
14739571ns          240880 1c008d50 00d70733 add              x14, x14, x13       x14=1a10f010 x14:00000010 x13:1a10f000
14739591ns          240881 1c008d52 00a7e723 p.sw             x10, x0(x15)        x10:0000006e x15:00000000  PA:1a10f010
14739909ns          240897 1c008d56 00000513 addi             x10, x0, 0          x10=00000000
14739929ns          240898 1c008d58 00008067 jalr             x0, x1, 0            x1:1c008e28
14739969ns          240900 1c008e28 31f52563 p.beqimm         x10, 778            x10:00000000
14739989ns          240901 1c008e2c 001d8d93 addi             x27, x27, 1         x27=0000000f x27:0000000e
14740009ns          240902 1c008e2e 00044503 lbu              x10, 0(x8)          x10=00000065  x8:1c000038  PA:1c000038
14740307ns          240917 1c008e32 00140413 addi             x8, x8, 1            x8=1c000039  x8:1c000038
14740327ns          240918 1c008e34 fe0514e3 bne              x10, x0, -24        x10:00000065
14740386ns          240921 1c008e1c 02500793 addi             x15, x0, 37         x15=00000025
14740406ns          240922 1c008e20 04f50863 beq              x10, x15, 80        x10:00000065 x15:00000025
14740426ns          240923 1c008e24 01a005b3 add              x11, x0, x26        x11=00000002 x26:00000002
14740446ns          240924 1c008e26 000b00e7 jalr             x1, x22, 0           x1=1c008e28 x22:1c008d32
14740486ns          240926 1c008d32 000026b7 lui              x13, 0x2000         x13=00002000
14740506ns          240927 1c008d34 f14027f3 csrrs            x15, x0, 0xf14      x15=00000002
14740526ns          240928 1c008d38 f8068693 addi             x13, x13, -128      x13=00001f80 x13:00002000
14740546ns          240929 1c008d3c 00379713 slli             x14, x15, 0x3       x14=00000010 x15:00000002
14740565ns          240930 1c008d40 00279793 slli             x15, x15, 0x2       x15=00000008 x15:00000002
14740585ns          240931 1c008d42 00d7f7b3 and              x15, x15, x13       x15=00000000 x15:00000008 x13:00001f80
14740605ns          240932 1c008d44 ee873733 p.bclr           x14, x14, 23, 8     x14=00000010 x14:00000010
14740625ns          240933 1c008d48 1a10f6b7 lui              x13, 0x1a10f000     x13=1a10f000
14740645ns          240934 1c008d4c 0ff57513 andi             x10, x10, 255       x10=00000065 x10:00000065
14740665ns          240935 1c008d50 00d70733 add              x14, x14, x13       x14=1a10f010 x14:00000010 x13:1a10f000
14740685ns          240936 1c008d52 00a7e723 p.sw             x10, x0(x15)        x10:00000065 x15:00000000  PA:1a10f010
14741003ns          240952 1c008d56 00000513 addi             x10, x0, 0          x10=00000000
14741023ns          240953 1c008d58 00008067 jalr             x0, x1, 0            x1:1c008e28
14741063ns          240955 1c008e28 31f52563 p.beqimm         x10, 778            x10:00000000
14741083ns          240956 1c008e2c 001d8d93 addi             x27, x27, 1         x27=00000010 x27:0000000f
14741103ns          240957 1c008e2e 00044503 lbu              x10, 0(x8)          x10=0000006c  x8:1c000039  PA:1c000039
14741401ns          240972 1c008e32 00140413 addi             x8, x8, 1            x8=1c00003a  x8:1c000039
14741421ns          240973 1c008e34 fe0514e3 bne              x10, x0, -24        x10:0000006c
14741480ns          240976 1c008e1c 02500793 addi             x15, x0, 37         x15=00000025
14741500ns          240977 1c008e20 04f50863 beq              x10, x15, 80        x10:0000006c x15:00000025
14741520ns          240978 1c008e24 01a005b3 add              x11, x0, x26        x11=00000002 x26:00000002
14741540ns          240979 1c008e26 000b00e7 jalr             x1, x22, 0           x1=1c008e28 x22:1c008d32
14741580ns          240981 1c008d32 000026b7 lui              x13, 0x2000         x13=00002000
14741600ns          240982 1c008d34 f14027f3 csrrs            x15, x0, 0xf14      x15=00000002
14741620ns          240983 1c008d38 f8068693 addi             x13, x13, -128      x13=00001f80 x13:00002000
14741640ns          240984 1c008d3c 00379713 slli             x14, x15, 0x3       x14=00000010 x15:00000002
14741659ns          240985 1c008d40 00279793 slli             x15, x15, 0x2       x15=00000008 x15:00000002
14741679ns          240986 1c008d42 00d7f7b3 and              x15, x15, x13       x15=00000000 x15:00000008 x13:00001f80
14741699ns          240987 1c008d44 ee873733 p.bclr           x14, x14, 23, 8     x14=00000010 x14:00000010
14741719ns          240988 1c008d48 1a10f6b7 lui              x13, 0x1a10f000     x13=1a10f000
14741739ns          240989 1c008d4c 0ff57513 andi             x10, x10, 255       x10=0000006c x10:0000006c
14741759ns          240990 1c008d50 00d70733 add              x14, x14, x13       x14=1a10f010 x14:00000010 x13:1a10f000
14741779ns          240991 1c008d52 00a7e723 p.sw             x10, x0(x15)        x10:0000006c x15:00000000  PA:1a10f010
14742117ns          241008 1c008d56 00000513 addi             x10, x0, 0          x10=00000000
14742137ns          241009 1c008d58 00008067 jalr             x0, x1, 0            x1:1c008e28
14742177ns          241011 1c008e28 31f52563 p.beqimm         x10, 778            x10:00000000
14742197ns          241012 1c008e2c 001d8d93 addi             x27, x27, 1         x27=00000011 x27:00000010
14742216ns          241013 1c008e2e 00044503 lbu              x10, 0(x8)          x10=00000020  x8:1c00003a  PA:1c00003a
14742515ns          241028 1c008e32 00140413 addi             x8, x8, 1            x8=1c00003b  x8:1c00003a
14742535ns          241029 1c008e34 fe0514e3 bne              x10, x0, -24        x10:00000020
14742594ns          241032 1c008e1c 02500793 addi             x15, x0, 37         x15=00000025
14742614ns          241033 1c008e20 04f50863 beq              x10, x15, 80        x10:00000020 x15:00000025
14742634ns          241034 1c008e24 01a005b3 add              x11, x0, x26        x11=00000002 x26:00000002
14742654ns          241035 1c008e26 000b00e7 jalr             x1, x22, 0           x1=1c008e28 x22:1c008d32
14742694ns          241037 1c008d32 000026b7 lui              x13, 0x2000         x13=00002000
14742714ns          241038 1c008d34 f14027f3 csrrs            x15, x0, 0xf14      x15=00000002
14742734ns          241039 1c008d38 f8068693 addi             x13, x13, -128      x13=00001f80 x13:00002000
14742753ns          241040 1c008d3c 00379713 slli             x14, x15, 0x3       x14=00000010 x15:00000002
14742773ns          241041 1c008d40 00279793 slli             x15, x15, 0x2       x15=00000008 x15:00000002
14742793ns          241042 1c008d42 00d7f7b3 and              x15, x15, x13       x15=00000000 x15:00000008 x13:00001f80
14742813ns          241043 1c008d44 ee873733 p.bclr           x14, x14, 23, 8     x14=00000010 x14:00000010
14742833ns          241044 1c008d48 1a10f6b7 lui              x13, 0x1a10f000     x13=1a10f000
14742853ns          241045 1c008d4c 0ff57513 andi             x10, x10, 255       x10=00000020 x10:00000020
14742873ns          241046 1c008d50 00d70733 add              x14, x14, x13       x14=1a10f010 x14:00000010 x13:1a10f000
14742893ns          241047 1c008d52 00a7e723 p.sw             x10, x0(x15)        x10:00000020 x15:00000000  PA:1a10f010
14743211ns          241063 1c008d56 00000513 addi             x10, x0, 0          x10=00000000
14743231ns          241064 1c008d58 00008067 jalr             x0, x1, 0            x1:1c008e28
14743271ns          241066 1c008e28 31f52563 p.beqimm         x10, 778            x10:00000000
14743291ns          241067 1c008e2c 001d8d93 addi             x27, x27, 1         x27=00000012 x27:00000011
14743310ns          241068 1c008e2e 00044503 lbu              x10, 0(x8)          x10=00000069  x8:1c00003b  PA:1c00003b
14743609ns          241083 1c008e32 00140413 addi             x8, x8, 1            x8=1c00003c  x8:1c00003b
14743629ns          241084 1c008e34 fe0514e3 bne              x10, x0, -24        x10:00000069
14743688ns          241087 1c008e1c 02500793 addi             x15, x0, 37         x15=00000025
14743708ns          241088 1c008e20 04f50863 beq              x10, x15, 80        x10:00000069 x15:00000025
14743728ns          241089 1c008e24 01a005b3 add              x11, x0, x26        x11=00000002 x26:00000002
14743748ns          241090 1c008e26 000b00e7 jalr             x1, x22, 0           x1=1c008e28 x22:1c008d32
14743788ns          241092 1c008d32 000026b7 lui              x13, 0x2000         x13=00002000
14743808ns          241093 1c008d34 f14027f3 csrrs            x15, x0, 0xf14      x15=00000002
14743828ns          241094 1c008d38 f8068693 addi             x13, x13, -128      x13=00001f80 x13:00002000
14743847ns          241095 1c008d3c 00379713 slli             x14, x15, 0x3       x14=00000010 x15:00000002
14743867ns          241096 1c008d40 00279793 slli             x15, x15, 0x2       x15=00000008 x15:00000002
14743887ns          241097 1c008d42 00d7f7b3 and              x15, x15, x13       x15=00000000 x15:00000008 x13:00001f80
14743907ns          241098 1c008d44 ee873733 p.bclr           x14, x14, 23, 8     x14=00000010 x14:00000010
14743927ns          241099 1c008d48 1a10f6b7 lui              x13, 0x1a10f000     x13=1a10f000
14743947ns          241100 1c008d4c 0ff57513 andi             x10, x10, 255       x10=00000069 x10:00000069
14743967ns          241101 1c008d50 00d70733 add              x14, x14, x13       x14=1a10f010 x14:00000010 x13:1a10f000
14743987ns          241102 1c008d52 00a7e723 p.sw             x10, x0(x15)        x10:00000069 x15:00000000  PA:1a10f010
14744305ns          241118 1c008d56 00000513 addi             x10, x0, 0          x10=00000000
14744325ns          241119 1c008d58 00008067 jalr             x0, x1, 0            x1:1c008e28
14744365ns          241121 1c008e28 31f52563 p.beqimm         x10, 778            x10:00000000
14744385ns          241122 1c008e2c 001d8d93 addi             x27, x27, 1         x27=00000013 x27:00000012
14744404ns          241123 1c008e2e 00044503 lbu              x10, 0(x8)          x10=00000074  x8:1c00003c  PA:1c00003c
14744723ns          241139 1c008e32 00140413 addi             x8, x8, 1            x8=1c00003d  x8:1c00003c
14744743ns          241140 1c008e34 fe0514e3 bne              x10, x0, -24        x10:00000074
14744802ns          241143 1c008e1c 02500793 addi             x15, x0, 37         x15=00000025
14744822ns          241144 1c008e20 04f50863 beq              x10, x15, 80        x10:00000074 x15:00000025
14744842ns          241145 1c008e24 01a005b3 add              x11, x0, x26        x11=00000002 x26:00000002
14744862ns          241146 1c008e26 000b00e7 jalr             x1, x22, 0           x1=1c008e28 x22:1c008d32
14744902ns          241148 1c008d32 000026b7 lui              x13, 0x2000         x13=00002000
14744922ns          241149 1c008d34 f14027f3 csrrs            x15, x0, 0xf14      x15=00000002
14744941ns          241150 1c008d38 f8068693 addi             x13, x13, -128      x13=00001f80 x13:00002000
14744961ns          241151 1c008d3c 00379713 slli             x14, x15, 0x3       x14=00000010 x15:00000002
14744981ns          241152 1c008d40 00279793 slli             x15, x15, 0x2       x15=00000008 x15:00000002
14745001ns          241153 1c008d42 00d7f7b3 and              x15, x15, x13       x15=00000000 x15:00000008 x13:00001f80
14745021ns          241154 1c008d44 ee873733 p.bclr           x14, x14, 23, 8     x14=00000010 x14:00000010
14745041ns          241155 1c008d48 1a10f6b7 lui              x13, 0x1a10f000     x13=1a10f000
14745061ns          241156 1c008d4c 0ff57513 andi             x10, x10, 255       x10=00000074 x10:00000074
14745081ns          241157 1c008d50 00d70733 add              x14, x14, x13       x14=1a10f010 x14:00000010 x13:1a10f000
14745101ns          241158 1c008d52 00a7e723 p.sw             x10, x0(x15)        x10:00000074 x15:00000000  PA:1a10f010
14745419ns          241174 1c008d56 00000513 addi             x10, x0, 0          x10=00000000
14745439ns          241175 1c008d58 00008067 jalr             x0, x1, 0            x1:1c008e28
14745478ns          241177 1c008e28 31f52563 p.beqimm         x10, 778            x10:00000000
14745498ns          241178 1c008e2c 001d8d93 addi             x27, x27, 1         x27=00000014 x27:00000013
14745518ns          241179 1c008e2e 00044503 lbu              x10, 0(x8)          x10=00000065  x8:1c00003d  PA:1c00003d
14745817ns          241194 1c008e32 00140413 addi             x8, x8, 1            x8=1c00003e  x8:1c00003d
14745837ns          241195 1c008e34 fe0514e3 bne              x10, x0, -24        x10:00000065
14745896ns          241198 1c008e1c 02500793 addi             x15, x0, 37         x15=00000025
14745916ns          241199 1c008e20 04f50863 beq              x10, x15, 80        x10:00000065 x15:00000025
14745936ns          241200 1c008e24 01a005b3 add              x11, x0, x26        x11=00000002 x26:00000002
14745956ns          241201 1c008e26 000b00e7 jalr             x1, x22, 0           x1=1c008e28 x22:1c008d32
14745996ns          241203 1c008d32 000026b7 lui              x13, 0x2000         x13=00002000
14746016ns          241204 1c008d34 f14027f3 csrrs            x15, x0, 0xf14      x15=00000002
14746035ns          241205 1c008d38 f8068693 addi             x13, x13, -128      x13=00001f80 x13:00002000
14746055ns          241206 1c008d3c 00379713 slli             x14, x15, 0x3       x14=00000010 x15:00000002
14746075ns          241207 1c008d40 00279793 slli             x15, x15, 0x2       x15=00000008 x15:00000002
14746095ns          241208 1c008d42 00d7f7b3 and              x15, x15, x13       x15=00000000 x15:00000008 x13:00001f80
14746115ns          241209 1c008d44 ee873733 p.bclr           x14, x14, 23, 8     x14=00000010 x14:00000010
14746135ns          241210 1c008d48 1a10f6b7 lui              x13, 0x1a10f000     x13=1a10f000
14746155ns          241211 1c008d4c 0ff57513 andi             x10, x10, 255       x10=00000065 x10:00000065
14746175ns          241212 1c008d50 00d70733 add              x14, x14, x13       x14=1a10f010 x14:00000010 x13:1a10f000
14746195ns          241213 1c008d52 00a7e723 p.sw             x10, x0(x15)        x10:00000065 x15:00000000  PA:1a10f010
14746513ns          241229 1c008d56 00000513 addi             x10, x0, 0          x10=00000000
14746533ns          241230 1c008d58 00008067 jalr             x0, x1, 0            x1:1c008e28
14746572ns          241232 1c008e28 31f52563 p.beqimm         x10, 778            x10:00000000
14746592ns          241233 1c008e2c 001d8d93 addi             x27, x27, 1         x27=00000015 x27:00000014
14746612ns          241234 1c008e2e 00044503 lbu              x10, 0(x8)          x10=00000072  x8:1c00003e  PA:1c00003e
14746911ns          241249 1c008e32 00140413 addi             x8, x8, 1            x8=1c00003f  x8:1c00003e
14746931ns          241250 1c008e34 fe0514e3 bne              x10, x0, -24        x10:00000072
14746990ns          241253 1c008e1c 02500793 addi             x15, x0, 37         x15=00000025
14747010ns          241254 1c008e20 04f50863 beq              x10, x15, 80        x10:00000072 x15:00000025
14747030ns          241255 1c008e24 01a005b3 add              x11, x0, x26        x11=00000002 x26:00000002
14747050ns          241256 1c008e26 000b00e7 jalr             x1, x22, 0           x1=1c008e28 x22:1c008d32
14747090ns          241258 1c008d32 000026b7 lui              x13, 0x2000         x13=00002000
14747110ns          241259 1c008d34 f14027f3 csrrs            x15, x0, 0xf14      x15=00000002
14747129ns          241260 1c008d38 f8068693 addi             x13, x13, -128      x13=00001f80 x13:00002000
14747149ns          241261 1c008d3c 00379713 slli             x14, x15, 0x3       x14=00000010 x15:00000002
14747169ns          241262 1c008d40 00279793 slli             x15, x15, 0x2       x15=00000008 x15:00000002
14747189ns          241263 1c008d42 00d7f7b3 and              x15, x15, x13       x15=00000000 x15:00000008 x13:00001f80
14747209ns          241264 1c008d44 ee873733 p.bclr           x14, x14, 23, 8     x14=00000010 x14:00000010
14747229ns          241265 1c008d48 1a10f6b7 lui              x13, 0x1a10f000     x13=1a10f000
14747249ns          241266 1c008d4c 0ff57513 andi             x10, x10, 255       x10=00000072 x10:00000072
14747269ns          241267 1c008d50 00d70733 add              x14, x14, x13       x14=1a10f010 x14:00000010 x13:1a10f000
14747289ns          241268 1c008d52 00a7e723 p.sw             x10, x0(x15)        x10:00000072 x15:00000000  PA:1a10f010
14747607ns          241284 1c008d56 00000513 addi             x10, x0, 0          x10=00000000
14747627ns          241285 1c008d58 00008067 jalr             x0, x1, 0            x1:1c008e28
14747666ns          241287 1c008e28 31f52563 p.beqimm         x10, 778            x10:00000000
14747686ns          241288 1c008e2c 001d8d93 addi             x27, x27, 1         x27=00000016 x27:00000015
14747706ns          241289 1c008e2e 00044503 lbu              x10, 0(x8)          x10=00000061  x8:1c00003f  PA:1c00003f
14748005ns          241304 1c008e32 00140413 addi             x8, x8, 1            x8=1c000040  x8:1c00003f
14748025ns          241305 1c008e34 fe0514e3 bne              x10, x0, -24        x10:00000061
14748084ns          241308 1c008e1c 02500793 addi             x15, x0, 37         x15=00000025
14748104ns          241309 1c008e20 04f50863 beq              x10, x15, 80        x10:00000061 x15:00000025
14748124ns          241310 1c008e24 01a005b3 add              x11, x0, x26        x11=00000002 x26:00000002
14748144ns          241311 1c008e26 000b00e7 jalr             x1, x22, 0           x1=1c008e28 x22:1c008d32
14748184ns          241313 1c008d32 000026b7 lui              x13, 0x2000         x13=00002000
14748204ns          241314 1c008d34 f14027f3 csrrs            x15, x0, 0xf14      x15=00000002
14748223ns          241315 1c008d38 f8068693 addi             x13, x13, -128      x13=00001f80 x13:00002000
14748243ns          241316 1c008d3c 00379713 slli             x14, x15, 0x3       x14=00000010 x15:00000002
14748263ns          241317 1c008d40 00279793 slli             x15, x15, 0x2       x15=00000008 x15:00000002
14748283ns          241318 1c008d42 00d7f7b3 and              x15, x15, x13       x15=00000000 x15:00000008 x13:00001f80
14748303ns          241319 1c008d44 ee873733 p.bclr           x14, x14, 23, 8     x14=00000010 x14:00000010
14748323ns          241320 1c008d48 1a10f6b7 lui              x13, 0x1a10f000     x13=1a10f000
14748343ns          241321 1c008d4c 0ff57513 andi             x10, x10, 255       x10=00000061 x10:00000061
14748363ns          241322 1c008d50 00d70733 add              x14, x14, x13       x14=1a10f010 x14:00000010 x13:1a10f000
14748383ns          241323 1c008d52 00a7e723 p.sw             x10, x0(x15)        x10:00000061 x15:00000000  PA:1a10f010
14748721ns          241340 1c008d56 00000513 addi             x10, x0, 0          x10=00000000
14748741ns          241341 1c008d58 00008067 jalr             x0, x1, 0            x1:1c008e28
14748780ns          241343 1c008e28 31f52563 p.beqimm         x10, 778            x10:00000000
14748800ns          241344 1c008e2c 001d8d93 addi             x27, x27, 1         x27=00000017 x27:00000016
14748820ns          241345 1c008e2e 00044503 lbu              x10, 0(x8)          x10=00000074  x8:1c000040  PA:1c000040
14749118ns          241360 1c008e32 00140413 addi             x8, x8, 1            x8=1c000041  x8:1c000040
14749138ns          241361 1c008e34 fe0514e3 bne              x10, x0, -24        x10:00000074
14749198ns          241364 1c008e1c 02500793 addi             x15, x0, 37         x15=00000025
14749218ns          241365 1c008e20 04f50863 beq              x10, x15, 80        x10:00000074 x15:00000025
14749238ns          241366 1c008e24 01a005b3 add              x11, x0, x26        x11=00000002 x26:00000002
14749258ns          241367 1c008e26 000b00e7 jalr             x1, x22, 0           x1=1c008e28 x22:1c008d32
14749298ns          241369 1c008d32 000026b7 lui              x13, 0x2000         x13=00002000
14749317ns          241370 1c008d34 f14027f3 csrrs            x15, x0, 0xf14      x15=00000002
14749337ns          241371 1c008d38 f8068693 addi             x13, x13, -128      x13=00001f80 x13:00002000
14749357ns          241372 1c008d3c 00379713 slli             x14, x15, 0x3       x14=00000010 x15:00000002
14749377ns          241373 1c008d40 00279793 slli             x15, x15, 0x2       x15=00000008 x15:00000002
14749397ns          241374 1c008d42 00d7f7b3 and              x15, x15, x13       x15=00000000 x15:00000008 x13:00001f80
14749417ns          241375 1c008d44 ee873733 p.bclr           x14, x14, 23, 8     x14=00000010 x14:00000010
14749437ns          241376 1c008d48 1a10f6b7 lui              x13, 0x1a10f000     x13=1a10f000
14749457ns          241377 1c008d4c 0ff57513 andi             x10, x10, 255       x10=00000074 x10:00000074
14749477ns          241378 1c008d50 00d70733 add              x14, x14, x13       x14=1a10f010 x14:00000010 x13:1a10f000
14749496ns          241379 1c008d52 00a7e723 p.sw             x10, x0(x15)        x10:00000074 x15:00000000  PA:1a10f010
14749815ns          241395 1c008d56 00000513 addi             x10, x0, 0          x10=00000000
14749835ns          241396 1c008d58 00008067 jalr             x0, x1, 0            x1:1c008e28
14749874ns          241398 1c008e28 31f52563 p.beqimm         x10, 778            x10:00000000
14749894ns          241399 1c008e2c 001d8d93 addi             x27, x27, 1         x27=00000018 x27:00000017
14749914ns          241400 1c008e2e 00044503 lbu              x10, 0(x8)          x10=00000069  x8:1c000041  PA:1c000041
14750212ns          241415 1c008e32 00140413 addi             x8, x8, 1            x8=1c000042  x8:1c000041
14750232ns          241416 1c008e34 fe0514e3 bne              x10, x0, -24        x10:00000069
14750292ns          241419 1c008e1c 02500793 addi             x15, x0, 37         x15=00000025
14750312ns          241420 1c008e20 04f50863 beq              x10, x15, 80        x10:00000069 x15:00000025
14750332ns          241421 1c008e24 01a005b3 add              x11, x0, x26        x11=00000002 x26:00000002
14750352ns          241422 1c008e26 000b00e7 jalr             x1, x22, 0           x1=1c008e28 x22:1c008d32
14750392ns          241424 1c008d32 000026b7 lui              x13, 0x2000         x13=00002000
14750411ns          241425 1c008d34 f14027f3 csrrs            x15, x0, 0xf14      x15=00000002
14750431ns          241426 1c008d38 f8068693 addi             x13, x13, -128      x13=00001f80 x13:00002000
14750451ns          241427 1c008d3c 00379713 slli             x14, x15, 0x3       x14=00000010 x15:00000002
14750471ns          241428 1c008d40 00279793 slli             x15, x15, 0x2       x15=00000008 x15:00000002
14750491ns          241429 1c008d42 00d7f7b3 and              x15, x15, x13       x15=00000000 x15:00000008 x13:00001f80
14750511ns          241430 1c008d44 ee873733 p.bclr           x14, x14, 23, 8     x14=00000010 x14:00000010
14750531ns          241431 1c008d48 1a10f6b7 lui              x13, 0x1a10f000     x13=1a10f000
14750551ns          241432 1c008d4c 0ff57513 andi             x10, x10, 255       x10=00000069 x10:00000069
14750571ns          241433 1c008d50 00d70733 add              x14, x14, x13       x14=1a10f010 x14:00000010 x13:1a10f000
14750590ns          241434 1c008d52 00a7e723 p.sw             x10, x0(x15)        x10:00000069 x15:00000000  PA:1a10f010
14750909ns          241450 1c008d56 00000513 addi             x10, x0, 0          x10=00000000
14750929ns          241451 1c008d58 00008067 jalr             x0, x1, 0            x1:1c008e28
14750968ns          241453 1c008e28 31f52563 p.beqimm         x10, 778            x10:00000000
14750988ns          241454 1c008e2c 001d8d93 addi             x27, x27, 1         x27=00000019 x27:00000018
14751008ns          241455 1c008e2e 00044503 lbu              x10, 0(x8)          x10=0000006f  x8:1c000042  PA:1c000042
14751306ns          241470 1c008e32 00140413 addi             x8, x8, 1            x8=1c000043  x8:1c000042
14751326ns          241471 1c008e34 fe0514e3 bne              x10, x0, -24        x10:0000006f
14751386ns          241474 1c008e1c 02500793 addi             x15, x0, 37         x15=00000025
14751406ns          241475 1c008e20 04f50863 beq              x10, x15, 80        x10:0000006f x15:00000025
14751426ns          241476 1c008e24 01a005b3 add              x11, x0, x26        x11=00000002 x26:00000002
14751446ns          241477 1c008e26 000b00e7 jalr             x1, x22, 0           x1=1c008e28 x22:1c008d32
14751485ns          241479 1c008d32 000026b7 lui              x13, 0x2000         x13=00002000
14751505ns          241480 1c008d34 f14027f3 csrrs            x15, x0, 0xf14      x15=00000002
14751525ns          241481 1c008d38 f8068693 addi             x13, x13, -128      x13=00001f80 x13:00002000
14751545ns          241482 1c008d3c 00379713 slli             x14, x15, 0x3       x14=00000010 x15:00000002
14751565ns          241483 1c008d40 00279793 slli             x15, x15, 0x2       x15=00000008 x15:00000002
14751585ns          241484 1c008d42 00d7f7b3 and              x15, x15, x13       x15=00000000 x15:00000008 x13:00001f80
14751605ns          241485 1c008d44 ee873733 p.bclr           x14, x14, 23, 8     x14=00000010 x14:00000010
14751625ns          241486 1c008d48 1a10f6b7 lui              x13, 0x1a10f000     x13=1a10f000
14751645ns          241487 1c008d4c 0ff57513 andi             x10, x10, 255       x10=0000006f x10:0000006f
14751665ns          241488 1c008d50 00d70733 add              x14, x14, x13       x14=1a10f010 x14:00000010 x13:1a10f000
14751684ns          241489 1c008d52 00a7e723 p.sw             x10, x0(x15)        x10:0000006f x15:00000000  PA:1a10f010
14752003ns          241505 1c008d56 00000513 addi             x10, x0, 0          x10=00000000
14752023ns          241506 1c008d58 00008067 jalr             x0, x1, 0            x1:1c008e28
14752062ns          241508 1c008e28 31f52563 p.beqimm         x10, 778            x10:00000000
14752082ns          241509 1c008e2c 001d8d93 addi             x27, x27, 1         x27=0000001a x27:00000019
14752102ns          241510 1c008e2e 00044503 lbu              x10, 0(x8)          x10=0000006e  x8:1c000043  PA:1c000043
14752400ns          241525 1c008e32 00140413 addi             x8, x8, 1            x8=1c000044  x8:1c000043
14752420ns          241526 1c008e34 fe0514e3 bne              x10, x0, -24        x10:0000006e
14752480ns          241529 1c008e1c 02500793 addi             x15, x0, 37         x15=00000025
14752500ns          241530 1c008e20 04f50863 beq              x10, x15, 80        x10:0000006e x15:00000025
14752520ns          241531 1c008e24 01a005b3 add              x11, x0, x26        x11=00000002 x26:00000002
14752540ns          241532 1c008e26 000b00e7 jalr             x1, x22, 0           x1=1c008e28 x22:1c008d32
14752579ns          241534 1c008d32 000026b7 lui              x13, 0x2000         x13=00002000
14752599ns          241535 1c008d34 f14027f3 csrrs            x15, x0, 0xf14      x15=00000002
14752619ns          241536 1c008d38 f8068693 addi             x13, x13, -128      x13=00001f80 x13:00002000
14752639ns          241537 1c008d3c 00379713 slli             x14, x15, 0x3       x14=00000010 x15:00000002
14752659ns          241538 1c008d40 00279793 slli             x15, x15, 0x2       x15=00000008 x15:00000002
14752679ns          241539 1c008d42 00d7f7b3 and              x15, x15, x13       x15=00000000 x15:00000008 x13:00001f80
14752699ns          241540 1c008d44 ee873733 p.bclr           x14, x14, 23, 8     x14=00000010 x14:00000010
14752719ns          241541 1c008d48 1a10f6b7 lui              x13, 0x1a10f000     x13=1a10f000
14752739ns          241542 1c008d4c 0ff57513 andi             x10, x10, 255       x10=0000006e x10:0000006e
14752759ns          241543 1c008d50 00d70733 add              x14, x14, x13       x14=1a10f010 x14:00000010 x13:1a10f000
14752778ns          241544 1c008d52 00a7e723 p.sw             x10, x0(x15)        x10:0000006e x15:00000000  PA:1a10f010
14753097ns          241560 1c008d56 00000513 addi             x10, x0, 0          x10=00000000
14753117ns          241561 1c008d58 00008067 jalr             x0, x1, 0            x1:1c008e28
14753156ns          241563 1c008e28 31f52563 p.beqimm         x10, 778            x10:00000000
14753176ns          241564 1c008e2c 001d8d93 addi             x27, x27, 1         x27=0000001b x27:0000001a
14753196ns          241565 1c008e2e 00044503 lbu              x10, 0(x8)          x10=00000073  x8:1c000044  PA:1c000044
14753494ns          241580 1c008e32 00140413 addi             x8, x8, 1            x8=1c000045  x8:1c000044
14753514ns          241581 1c008e34 fe0514e3 bne              x10, x0, -24        x10:00000073
14753574ns          241584 1c008e1c 02500793 addi             x15, x0, 37         x15=00000025
14753594ns          241585 1c008e20 04f50863 beq              x10, x15, 80        x10:00000073 x15:00000025
14753614ns          241586 1c008e24 01a005b3 add              x11, x0, x26        x11=00000002 x26:00000002
14753634ns          241587 1c008e26 000b00e7 jalr             x1, x22, 0           x1=1c008e28 x22:1c008d32
14753673ns          241589 1c008d32 000026b7 lui              x13, 0x2000         x13=00002000
14753693ns          241590 1c008d34 f14027f3 csrrs            x15, x0, 0xf14      x15=00000002
14753713ns          241591 1c008d38 f8068693 addi             x13, x13, -128      x13=00001f80 x13:00002000
14753733ns          241592 1c008d3c 00379713 slli             x14, x15, 0x3       x14=00000010 x15:00000002
14753753ns          241593 1c008d40 00279793 slli             x15, x15, 0x2       x15=00000008 x15:00000002
14753773ns          241594 1c008d42 00d7f7b3 and              x15, x15, x13       x15=00000000 x15:00000008 x13:00001f80
14753793ns          241595 1c008d44 ee873733 p.bclr           x14, x14, 23, 8     x14=00000010 x14:00000010
14753813ns          241596 1c008d48 1a10f6b7 lui              x13, 0x1a10f000     x13=1a10f000
14753833ns          241597 1c008d4c 0ff57513 andi             x10, x10, 255       x10=00000073 x10:00000073
14753852ns          241598 1c008d50 00d70733 add              x14, x14, x13       x14=1a10f010 x14:00000010 x13:1a10f000
14753872ns          241599 1c008d52 00a7e723 p.sw             x10, x0(x15)        x10:00000073 x15:00000000  PA:1a10f010
14754211ns          241616 1c008d56 00000513 addi             x10, x0, 0          x10=00000000
14754230ns          241617 1c008d58 00008067 jalr             x0, x1, 0            x1:1c008e28
14754270ns          241619 1c008e28 31f52563 p.beqimm         x10, 778            x10:00000000
14754290ns          241620 1c008e2c 001d8d93 addi             x27, x27, 1         x27=0000001c x27:0000001b
14754310ns          241621 1c008e2e 00044503 lbu              x10, 0(x8)          x10=0000002e  x8:1c000045  PA:1c000045
14754608ns          241636 1c008e32 00140413 addi             x8, x8, 1            x8=1c000046  x8:1c000045
14754628ns          241637 1c008e34 fe0514e3 bne              x10, x0, -24        x10:0000002e
14754688ns          241640 1c008e1c 02500793 addi             x15, x0, 37         x15=00000025
14754708ns          241641 1c008e20 04f50863 beq              x10, x15, 80        x10:0000002e x15:00000025
14754728ns          241642 1c008e24 01a005b3 add              x11, x0, x26        x11=00000002 x26:00000002
14754748ns          241643 1c008e26 000b00e7 jalr             x1, x22, 0           x1=1c008e28 x22:1c008d32
14754787ns          241645 1c008d32 000026b7 lui              x13, 0x2000         x13=00002000
14754807ns          241646 1c008d34 f14027f3 csrrs            x15, x0, 0xf14      x15=00000002
14754827ns          241647 1c008d38 f8068693 addi             x13, x13, -128      x13=00001f80 x13:00002000
14754847ns          241648 1c008d3c 00379713 slli             x14, x15, 0x3       x14=00000010 x15:00000002
14754867ns          241649 1c008d40 00279793 slli             x15, x15, 0x2       x15=00000008 x15:00000002
14754887ns          241650 1c008d42 00d7f7b3 and              x15, x15, x13       x15=00000000 x15:00000008 x13:00001f80
14754907ns          241651 1c008d44 ee873733 p.bclr           x14, x14, 23, 8     x14=00000010 x14:00000010
14754927ns          241652 1c008d48 1a10f6b7 lui              x13, 0x1a10f000     x13=1a10f000
14754946ns          241653 1c008d4c 0ff57513 andi             x10, x10, 255       x10=0000002e x10:0000002e
14754966ns          241654 1c008d50 00d70733 add              x14, x14, x13       x14=1a10f010 x14:00000010 x13:1a10f000
14754986ns          241655 1c008d52 00a7e723 p.sw             x10, x0(x15)        x10:0000002e x15:00000000  PA:1a10f010
14755305ns          241671 1c008d56 00000513 addi             x10, x0, 0          x10=00000000
14755324ns          241672 1c008d58 00008067 jalr             x0, x1, 0            x1:1c008e28
14755364ns          241674 1c008e28 31f52563 p.beqimm         x10, 778            x10:00000000
14755384ns          241675 1c008e2c 001d8d93 addi             x27, x27, 1         x27=0000001d x27:0000001c
14755404ns          241676 1c008e2e 00044503 lbu              x10, 0(x8)          x10=0000002e  x8:1c000046  PA:1c000046
14755702ns          241691 1c008e32 00140413 addi             x8, x8, 1            x8=1c000047  x8:1c000046
14755722ns          241692 1c008e34 fe0514e3 bne              x10, x0, -24        x10:0000002e
14755782ns          241695 1c008e1c 02500793 addi             x15, x0, 37         x15=00000025
14755802ns          241696 1c008e20 04f50863 beq              x10, x15, 80        x10:0000002e x15:00000025
14755822ns          241697 1c008e24 01a005b3 add              x11, x0, x26        x11=00000002 x26:00000002
14755842ns          241698 1c008e26 000b00e7 jalr             x1, x22, 0           x1=1c008e28 x22:1c008d32
14755881ns          241700 1c008d32 000026b7 lui              x13, 0x2000         x13=00002000
14755901ns          241701 1c008d34 f14027f3 csrrs            x15, x0, 0xf14      x15=00000002
14755921ns          241702 1c008d38 f8068693 addi             x13, x13, -128      x13=00001f80 x13:00002000
14755941ns          241703 1c008d3c 00379713 slli             x14, x15, 0x3       x14=00000010 x15:00000002
14755961ns          241704 1c008d40 00279793 slli             x15, x15, 0x2       x15=00000008 x15:00000002
14755981ns          241705 1c008d42 00d7f7b3 and              x15, x15, x13       x15=00000000 x15:00000008 x13:00001f80
14756001ns          241706 1c008d44 ee873733 p.bclr           x14, x14, 23, 8     x14=00000010 x14:00000010
14756021ns          241707 1c008d48 1a10f6b7 lui              x13, 0x1a10f000     x13=1a10f000
14756040ns          241708 1c008d4c 0ff57513 andi             x10, x10, 255       x10=0000002e x10:0000002e
14756060ns          241709 1c008d50 00d70733 add              x14, x14, x13       x14=1a10f010 x14:00000010 x13:1a10f000
14756080ns          241710 1c008d52 00a7e723 p.sw             x10, x0(x15)        x10:0000002e x15:00000000  PA:1a10f010
14756399ns          241726 1c008d56 00000513 addi             x10, x0, 0          x10=00000000
14756418ns          241727 1c008d58 00008067 jalr             x0, x1, 0            x1:1c008e28
14756458ns          241729 1c008e28 31f52563 p.beqimm         x10, 778            x10:00000000
14756478ns          241730 1c008e2c 001d8d93 addi             x27, x27, 1         x27=0000001e x27:0000001d
14756498ns          241731 1c008e2e 00044503 lbu              x10, 0(x8)          x10=0000002e  x8:1c000047  PA:1c000047
14756796ns          241746 1c008e32 00140413 addi             x8, x8, 1            x8=1c000048  x8:1c000047
14756816ns          241747 1c008e34 fe0514e3 bne              x10, x0, -24        x10:0000002e
14756876ns          241750 1c008e1c 02500793 addi             x15, x0, 37         x15=00000025
14756896ns          241751 1c008e20 04f50863 beq              x10, x15, 80        x10:0000002e x15:00000025
14756916ns          241752 1c008e24 01a005b3 add              x11, x0, x26        x11=00000002 x26:00000002
14756936ns          241753 1c008e26 000b00e7 jalr             x1, x22, 0           x1=1c008e28 x22:1c008d32
14756975ns          241755 1c008d32 000026b7 lui              x13, 0x2000         x13=00002000
14756995ns          241756 1c008d34 f14027f3 csrrs            x15, x0, 0xf14      x15=00000002
14757015ns          241757 1c008d38 f8068693 addi             x13, x13, -128      x13=00001f80 x13:00002000
14757035ns          241758 1c008d3c 00379713 slli             x14, x15, 0x3       x14=00000010 x15:00000002
14757055ns          241759 1c008d40 00279793 slli             x15, x15, 0x2       x15=00000008 x15:00000002
14757075ns          241760 1c008d42 00d7f7b3 and              x15, x15, x13       x15=00000000 x15:00000008 x13:00001f80
14757095ns          241761 1c008d44 ee873733 p.bclr           x14, x14, 23, 8     x14=00000010 x14:00000010
14757115ns          241762 1c008d48 1a10f6b7 lui              x13, 0x1a10f000     x13=1a10f000
14757134ns          241763 1c008d4c 0ff57513 andi             x10, x10, 255       x10=0000002e x10:0000002e
14757154ns          241764 1c008d50 00d70733 add              x14, x14, x13       x14=1a10f010 x14:00000010 x13:1a10f000
14757174ns          241765 1c008d52 00a7e723 p.sw             x10, x0(x15)        x10:0000002e x15:00000000  PA:1a10f010
14757512ns          241782 1c008d56 00000513 addi             x10, x0, 0          x10=00000000
14757532ns          241783 1c008d58 00008067 jalr             x0, x1, 0            x1:1c008e28
14757572ns          241785 1c008e28 31f52563 p.beqimm         x10, 778            x10:00000000
14757592ns          241786 1c008e2c 001d8d93 addi             x27, x27, 1         x27=0000001f x27:0000001e
14757612ns          241787 1c008e2e 00044503 lbu              x10, 0(x8)          x10=00000020  x8:1c000048  PA:1c000048
14757910ns          241802 1c008e32 00140413 addi             x8, x8, 1            x8=1c000049  x8:1c000048
14757930ns          241803 1c008e34 fe0514e3 bne              x10, x0, -24        x10:00000020
14757990ns          241806 1c008e1c 02500793 addi             x15, x0, 37         x15=00000025
14758010ns          241807 1c008e20 04f50863 beq              x10, x15, 80        x10:00000020 x15:00000025
14758030ns          241808 1c008e24 01a005b3 add              x11, x0, x26        x11=00000002 x26:00000002
14758049ns          241809 1c008e26 000b00e7 jalr             x1, x22, 0           x1=1c008e28 x22:1c008d32
14758089ns          241811 1c008d32 000026b7 lui              x13, 0x2000         x13=00002000
14758109ns          241812 1c008d34 f14027f3 csrrs            x15, x0, 0xf14      x15=00000002
14758129ns          241813 1c008d38 f8068693 addi             x13, x13, -128      x13=00001f80 x13:00002000
14758149ns          241814 1c008d3c 00379713 slli             x14, x15, 0x3       x14=00000010 x15:00000002
14758169ns          241815 1c008d40 00279793 slli             x15, x15, 0x2       x15=00000008 x15:00000002
14758189ns          241816 1c008d42 00d7f7b3 and              x15, x15, x13       x15=00000000 x15:00000008 x13:00001f80
14758209ns          241817 1c008d44 ee873733 p.bclr           x14, x14, 23, 8     x14=00000010 x14:00000010
14758228ns          241818 1c008d48 1a10f6b7 lui              x13, 0x1a10f000     x13=1a10f000
14758248ns          241819 1c008d4c 0ff57513 andi             x10, x10, 255       x10=00000020 x10:00000020
14758268ns          241820 1c008d50 00d70733 add              x14, x14, x13       x14=1a10f010 x14:00000010 x13:1a10f000
14758288ns          241821 1c008d52 00a7e723 p.sw             x10, x0(x15)        x10:00000020 x15:00000000  PA:1a10f010
14758606ns          241837 1c008d56 00000513 addi             x10, x0, 0          x10=00000000
14758626ns          241838 1c008d58 00008067 jalr             x0, x1, 0            x1:1c008e28
14758666ns          241840 1c008e28 31f52563 p.beqimm         x10, 778            x10:00000000
14758686ns          241841 1c008e2c 001d8d93 addi             x27, x27, 1         x27=00000020 x27:0000001f
14758706ns          241842 1c008e2e 00044503 lbu              x10, 0(x8)          x10=00000028  x8:1c000049  PA:1c000049
14759004ns          241857 1c008e32 00140413 addi             x8, x8, 1            x8=1c00004a  x8:1c000049
14759024ns          241858 1c008e34 fe0514e3 bne              x10, x0, -24        x10:00000028
14759084ns          241861 1c008e1c 02500793 addi             x15, x0, 37         x15=00000025
14759104ns          241862 1c008e20 04f50863 beq              x10, x15, 80        x10:00000028 x15:00000025
14759124ns          241863 1c008e24 01a005b3 add              x11, x0, x26        x11=00000002 x26:00000002
14759143ns          241864 1c008e26 000b00e7 jalr             x1, x22, 0           x1=1c008e28 x22:1c008d32
14759183ns          241866 1c008d32 000026b7 lui              x13, 0x2000         x13=00002000
14759203ns          241867 1c008d34 f14027f3 csrrs            x15, x0, 0xf14      x15=00000002
14759223ns          241868 1c008d38 f8068693 addi             x13, x13, -128      x13=00001f80 x13:00002000
14759243ns          241869 1c008d3c 00379713 slli             x14, x15, 0x3       x14=00000010 x15:00000002
14759263ns          241870 1c008d40 00279793 slli             x15, x15, 0x2       x15=00000008 x15:00000002
14759283ns          241871 1c008d42 00d7f7b3 and              x15, x15, x13       x15=00000000 x15:00000008 x13:00001f80
14759303ns          241872 1c008d44 ee873733 p.bclr           x14, x14, 23, 8     x14=00000010 x14:00000010
14759322ns          241873 1c008d48 1a10f6b7 lui              x13, 0x1a10f000     x13=1a10f000
14759342ns          241874 1c008d4c 0ff57513 andi             x10, x10, 255       x10=00000028 x10:00000028
14759362ns          241875 1c008d50 00d70733 add              x14, x14, x13       x14=1a10f010 x14:00000010 x13:1a10f000
14759382ns          241876 1c008d52 00a7e723 p.sw             x10, x0(x15)        x10:00000028 x15:00000000  PA:1a10f010
14759700ns          241892 1c008d56 00000513 addi             x10, x0, 0          x10=00000000
14759720ns          241893 1c008d58 00008067 jalr             x0, x1, 0            x1:1c008e28
14759760ns          241895 1c008e28 31f52563 p.beqimm         x10, 778            x10:00000000
14759780ns          241896 1c008e2c 001d8d93 addi             x27, x27, 1         x27=00000021 x27:00000020
14759800ns          241897 1c008e2e 00044503 lbu              x10, 0(x8)          x10=00000063  x8:1c00004a  PA:1c00004a
14760098ns          241912 1c008e32 00140413 addi             x8, x8, 1            x8=1c00004b  x8:1c00004a
14760118ns          241913 1c008e34 fe0514e3 bne              x10, x0, -24        x10:00000063
14760178ns          241916 1c008e1c 02500793 addi             x15, x0, 37         x15=00000025
14760198ns          241917 1c008e20 04f50863 beq              x10, x15, 80        x10:00000063 x15:00000025
14760218ns          241918 1c008e24 01a005b3 add              x11, x0, x26        x11=00000002 x26:00000002
14760237ns          241919 1c008e26 000b00e7 jalr             x1, x22, 0           x1=1c008e28 x22:1c008d32
14760277ns          241921 1c008d32 000026b7 lui              x13, 0x2000         x13=00002000
14760297ns          241922 1c008d34 f14027f3 csrrs            x15, x0, 0xf14      x15=00000002
14760317ns          241923 1c008d38 f8068693 addi             x13, x13, -128      x13=00001f80 x13:00002000
14760337ns          241924 1c008d3c 00379713 slli             x14, x15, 0x3       x14=00000010 x15:00000002
14760357ns          241925 1c008d40 00279793 slli             x15, x15, 0x2       x15=00000008 x15:00000002
14760377ns          241926 1c008d42 00d7f7b3 and              x15, x15, x13       x15=00000000 x15:00000008 x13:00001f80
14760397ns          241927 1c008d44 ee873733 p.bclr           x14, x14, 23, 8     x14=00000010 x14:00000010
14760416ns          241928 1c008d48 1a10f6b7 lui              x13, 0x1a10f000     x13=1a10f000
14760436ns          241929 1c008d4c 0ff57513 andi             x10, x10, 255       x10=00000063 x10:00000063
14760456ns          241930 1c008d50 00d70733 add              x14, x14, x13       x14=1a10f010 x14:00000010 x13:1a10f000
14760476ns          241931 1c008d52 00a7e723 p.sw             x10, x0(x15)        x10:00000063 x15:00000000  PA:1a10f010
14760814ns          241948 1c008d56 00000513 addi             x10, x0, 0          x10=00000000
14760834ns          241949 1c008d58 00008067 jalr             x0, x1, 0            x1:1c008e28
14760874ns          241951 1c008e28 31f52563 p.beqimm         x10, 778            x10:00000000
14760894ns          241952 1c008e2c 001d8d93 addi             x27, x27, 1         x27=00000022 x27:00000021
14760914ns          241953 1c008e2e 00044503 lbu              x10, 0(x8)          x10=0000006f  x8:1c00004b  PA:1c00004b
14761212ns          241968 1c008e32 00140413 addi             x8, x8, 1            x8=1c00004c  x8:1c00004b
14761232ns          241969 1c008e34 fe0514e3 bne              x10, x0, -24        x10:0000006f
14761292ns          241972 1c008e1c 02500793 addi             x15, x0, 37         x15=00000025
14761312ns          241973 1c008e20 04f50863 beq              x10, x15, 80        x10:0000006f x15:00000025
14761331ns          241974 1c008e24 01a005b3 add              x11, x0, x26        x11=00000002 x26:00000002
14761351ns          241975 1c008e26 000b00e7 jalr             x1, x22, 0           x1=1c008e28 x22:1c008d32
14761391ns          241977 1c008d32 000026b7 lui              x13, 0x2000         x13=00002000
14761411ns          241978 1c008d34 f14027f3 csrrs            x15, x0, 0xf14      x15=00000002
14761431ns          241979 1c008d38 f8068693 addi             x13, x13, -128      x13=00001f80 x13:00002000
14761451ns          241980 1c008d3c 00379713 slli             x14, x15, 0x3       x14=00000010 x15:00000002
14761471ns          241981 1c008d40 00279793 slli             x15, x15, 0x2       x15=00000008 x15:00000002
14761491ns          241982 1c008d42 00d7f7b3 and              x15, x15, x13       x15=00000000 x15:00000008 x13:00001f80
14761510ns          241983 1c008d44 ee873733 p.bclr           x14, x14, 23, 8     x14=00000010 x14:00000010
14761530ns          241984 1c008d48 1a10f6b7 lui              x13, 0x1a10f000     x13=1a10f000
14761550ns          241985 1c008d4c 0ff57513 andi             x10, x10, 255       x10=0000006f x10:0000006f
14761570ns          241986 1c008d50 00d70733 add              x14, x14, x13       x14=1a10f010 x14:00000010 x13:1a10f000
14761590ns          241987 1c008d52 00a7e723 p.sw             x10, x0(x15)        x10:0000006f x15:00000000  PA:1a10f010
14761928ns          242004 1c008d56 00000513 addi             x10, x0, 0          x10=00000000
14761948ns          242005 1c008d58 00008067 jalr             x0, x1, 0            x1:1c008e28
14761988ns          242007 1c008e28 31f52563 p.beqimm         x10, 778            x10:00000000
14762008ns          242008 1c008e2c 001d8d93 addi             x27, x27, 1         x27=00000023 x27:00000022
14762028ns          242009 1c008e2e 00044503 lbu              x10, 0(x8)          x10=00000072  x8:1c00004c  PA:1c00004c
14762326ns          242024 1c008e32 00140413 addi             x8, x8, 1            x8=1c00004d  x8:1c00004c
14762346ns          242025 1c008e34 fe0514e3 bne              x10, x0, -24        x10:00000072
14762406ns          242028 1c008e1c 02500793 addi             x15, x0, 37         x15=00000025
14762425ns          242029 1c008e20 04f50863 beq              x10, x15, 80        x10:00000072 x15:00000025
14762445ns          242030 1c008e24 01a005b3 add              x11, x0, x26        x11=00000002 x26:00000002
14762465ns          242031 1c008e26 000b00e7 jalr             x1, x22, 0           x1=1c008e28 x22:1c008d32
14762505ns          242033 1c008d32 000026b7 lui              x13, 0x2000         x13=00002000
14762525ns          242034 1c008d34 f14027f3 csrrs            x15, x0, 0xf14      x15=00000002
14762545ns          242035 1c008d38 f8068693 addi             x13, x13, -128      x13=00001f80 x13:00002000
14762565ns          242036 1c008d3c 00379713 slli             x14, x15, 0x3       x14=00000010 x15:00000002
14762585ns          242037 1c008d40 00279793 slli             x15, x15, 0x2       x15=00000008 x15:00000002
14762604ns          242038 1c008d42 00d7f7b3 and              x15, x15, x13       x15=00000000 x15:00000008 x13:00001f80
14762624ns          242039 1c008d44 ee873733 p.bclr           x14, x14, 23, 8     x14=00000010 x14:00000010
14762644ns          242040 1c008d48 1a10f6b7 lui              x13, 0x1a10f000     x13=1a10f000
14762664ns          242041 1c008d4c 0ff57513 andi             x10, x10, 255       x10=00000072 x10:00000072
14762684ns          242042 1c008d50 00d70733 add              x14, x14, x13       x14=1a10f010 x14:00000010 x13:1a10f000
14762704ns          242043 1c008d52 00a7e723 p.sw             x10, x0(x15)        x10:00000072 x15:00000000  PA:1a10f010
14763042ns          242060 1c008d56 00000513 addi             x10, x0, 0          x10=00000000
14763062ns          242061 1c008d58 00008067 jalr             x0, x1, 0            x1:1c008e28
14763102ns          242063 1c008e28 31f52563 p.beqimm         x10, 778            x10:00000000
14763122ns          242064 1c008e2c 001d8d93 addi             x27, x27, 1         x27=00000024 x27:00000023
14763141ns          242065 1c008e2e 00044503 lbu              x10, 0(x8)          x10=00000065  x8:1c00004d  PA:1c00004d
14763440ns          242080 1c008e32 00140413 addi             x8, x8, 1            x8=1c00004e  x8:1c00004d
14763460ns          242081 1c008e34 fe0514e3 bne              x10, x0, -24        x10:00000065
14763519ns          242084 1c008e1c 02500793 addi             x15, x0, 37         x15=00000025
14763539ns          242085 1c008e20 04f50863 beq              x10, x15, 80        x10:00000065 x15:00000025
14763559ns          242086 1c008e24 01a005b3 add              x11, x0, x26        x11=00000002 x26:00000002
14763579ns          242087 1c008e26 000b00e7 jalr             x1, x22, 0           x1=1c008e28 x22:1c008d32
14763619ns          242089 1c008d32 000026b7 lui              x13, 0x2000         x13=00002000
14763639ns          242090 1c008d34 f14027f3 csrrs            x15, x0, 0xf14      x15=00000002
14763659ns          242091 1c008d38 f8068693 addi             x13, x13, -128      x13=00001f80 x13:00002000
14763679ns          242092 1c008d3c 00379713 slli             x14, x15, 0x3       x14=00000010 x15:00000002
14763698ns          242093 1c008d40 00279793 slli             x15, x15, 0x2       x15=00000008 x15:00000002
14763718ns          242094 1c008d42 00d7f7b3 and              x15, x15, x13       x15=00000000 x15:00000008 x13:00001f80
14763738ns          242095 1c008d44 ee873733 p.bclr           x14, x14, 23, 8     x14=00000010 x14:00000010
14763758ns          242096 1c008d48 1a10f6b7 lui              x13, 0x1a10f000     x13=1a10f000
14763778ns          242097 1c008d4c 0ff57513 andi             x10, x10, 255       x10=00000065 x10:00000065
14763798ns          242098 1c008d50 00d70733 add              x14, x14, x13       x14=1a10f010 x14:00000010 x13:1a10f000
14763818ns          242099 1c008d52 00a7e723 p.sw             x10, x0(x15)        x10:00000065 x15:00000000  PA:1a10f010
14764156ns          242116 1c008d56 00000513 addi             x10, x0, 0          x10=00000000
14764176ns          242117 1c008d58 00008067 jalr             x0, x1, 0            x1:1c008e28
14764216ns          242119 1c008e28 31f52563 p.beqimm         x10, 778            x10:00000000
14764235ns          242120 1c008e2c 001d8d93 addi             x27, x27, 1         x27=00000025 x27:00000024
14764255ns          242121 1c008e2e 00044503 lbu              x10, 0(x8)          x10=00000069  x8:1c00004e  PA:1c00004e
14764554ns          242136 1c008e32 00140413 addi             x8, x8, 1            x8=1c00004f  x8:1c00004e
14764574ns          242137 1c008e34 fe0514e3 bne              x10, x0, -24        x10:00000069
14764633ns          242140 1c008e1c 02500793 addi             x15, x0, 37         x15=00000025
14764653ns          242141 1c008e20 04f50863 beq              x10, x15, 80        x10:00000069 x15:00000025
14764673ns          242142 1c008e24 01a005b3 add              x11, x0, x26        x11=00000002 x26:00000002
14764693ns          242143 1c008e26 000b00e7 jalr             x1, x22, 0           x1=1c008e28 x22:1c008d32
14764733ns          242145 1c008d32 000026b7 lui              x13, 0x2000         x13=00002000
14764753ns          242146 1c008d34 f14027f3 csrrs            x15, x0, 0xf14      x15=00000002
14764773ns          242147 1c008d38 f8068693 addi             x13, x13, -128      x13=00001f80 x13:00002000
14764792ns          242148 1c008d3c 00379713 slli             x14, x15, 0x3       x14=00000010 x15:00000002
14764812ns          242149 1c008d40 00279793 slli             x15, x15, 0x2       x15=00000008 x15:00000002
14764832ns          242150 1c008d42 00d7f7b3 and              x15, x15, x13       x15=00000000 x15:00000008 x13:00001f80
14764852ns          242151 1c008d44 ee873733 p.bclr           x14, x14, 23, 8     x14=00000010 x14:00000010
14764872ns          242152 1c008d48 1a10f6b7 lui              x13, 0x1a10f000     x13=1a10f000
14764892ns          242153 1c008d4c 0ff57513 andi             x10, x10, 255       x10=00000069 x10:00000069
14764912ns          242154 1c008d50 00d70733 add              x14, x14, x13       x14=1a10f010 x14:00000010 x13:1a10f000
14764932ns          242155 1c008d52 00a7e723 p.sw             x10, x0(x15)        x10:00000069 x15:00000000  PA:1a10f010
14765250ns          242171 1c008d56 00000513 addi             x10, x0, 0          x10=00000000
14765270ns          242172 1c008d58 00008067 jalr             x0, x1, 0            x1:1c008e28
14765310ns          242174 1c008e28 31f52563 p.beqimm         x10, 778            x10:00000000
14765329ns          242175 1c008e2c 001d8d93 addi             x27, x27, 1         x27=00000026 x27:00000025
14765349ns          242176 1c008e2e 00044503 lbu              x10, 0(x8)          x10=00000064  x8:1c00004f  PA:1c00004f
14765648ns          242191 1c008e32 00140413 addi             x8, x8, 1            x8=1c000050  x8:1c00004f
14765668ns          242192 1c008e34 fe0514e3 bne              x10, x0, -24        x10:00000064
14765727ns          242195 1c008e1c 02500793 addi             x15, x0, 37         x15=00000025
14765747ns          242196 1c008e20 04f50863 beq              x10, x15, 80        x10:00000064 x15:00000025
14765767ns          242197 1c008e24 01a005b3 add              x11, x0, x26        x11=00000002 x26:00000002
14765787ns          242198 1c008e26 000b00e7 jalr             x1, x22, 0           x1=1c008e28 x22:1c008d32
14765827ns          242200 1c008d32 000026b7 lui              x13, 0x2000         x13=00002000
14765847ns          242201 1c008d34 f14027f3 csrrs            x15, x0, 0xf14      x15=00000002
14765867ns          242202 1c008d38 f8068693 addi             x13, x13, -128      x13=00001f80 x13:00002000
14765886ns          242203 1c008d3c 00379713 slli             x14, x15, 0x3       x14=00000010 x15:00000002
14765906ns          242204 1c008d40 00279793 slli             x15, x15, 0x2       x15=00000008 x15:00000002
14765926ns          242205 1c008d42 00d7f7b3 and              x15, x15, x13       x15=00000000 x15:00000008 x13:00001f80
14765946ns          242206 1c008d44 ee873733 p.bclr           x14, x14, 23, 8     x14=00000010 x14:00000010
14765966ns          242207 1c008d48 1a10f6b7 lui              x13, 0x1a10f000     x13=1a10f000
14765986ns          242208 1c008d4c 0ff57513 andi             x10, x10, 255       x10=00000064 x10:00000064
14766006ns          242209 1c008d50 00d70733 add              x14, x14, x13       x14=1a10f010 x14:00000010 x13:1a10f000
14766026ns          242210 1c008d52 00a7e723 p.sw             x10, x0(x15)        x10:00000064 x15:00000000  PA:1a10f010
14766344ns          242226 1c008d56 00000513 addi             x10, x0, 0          x10=00000000
14766364ns          242227 1c008d58 00008067 jalr             x0, x1, 0            x1:1c008e28
14766404ns          242229 1c008e28 31f52563 p.beqimm         x10, 778            x10:00000000
14766423ns          242230 1c008e2c 001d8d93 addi             x27, x27, 1         x27=00000027 x27:00000026
14766443ns          242231 1c008e2e 00044503 lbu              x10, 0(x8)          x10=00000020  x8:1c000050  PA:1c000050
14766742ns          242246 1c008e32 00140413 addi             x8, x8, 1            x8=1c000051  x8:1c000050
14766762ns          242247 1c008e34 fe0514e3 bne              x10, x0, -24        x10:00000020
14766821ns          242250 1c008e1c 02500793 addi             x15, x0, 37         x15=00000025
14766841ns          242251 1c008e20 04f50863 beq              x10, x15, 80        x10:00000020 x15:00000025
14766861ns          242252 1c008e24 01a005b3 add              x11, x0, x26        x11=00000002 x26:00000002
14766881ns          242253 1c008e26 000b00e7 jalr             x1, x22, 0           x1=1c008e28 x22:1c008d32
14766921ns          242255 1c008d32 000026b7 lui              x13, 0x2000         x13=00002000
14766941ns          242256 1c008d34 f14027f3 csrrs            x15, x0, 0xf14      x15=00000002
14766961ns          242257 1c008d38 f8068693 addi             x13, x13, -128      x13=00001f80 x13:00002000
14766980ns          242258 1c008d3c 00379713 slli             x14, x15, 0x3       x14=00000010 x15:00000002
14767000ns          242259 1c008d40 00279793 slli             x15, x15, 0x2       x15=00000008 x15:00000002
14767020ns          242260 1c008d42 00d7f7b3 and              x15, x15, x13       x15=00000000 x15:00000008 x13:00001f80
14767040ns          242261 1c008d44 ee873733 p.bclr           x14, x14, 23, 8     x14=00000010 x14:00000010
14767060ns          242262 1c008d48 1a10f6b7 lui              x13, 0x1a10f000     x13=1a10f000
14767080ns          242263 1c008d4c 0ff57513 andi             x10, x10, 255       x10=00000020 x10:00000020
14767100ns          242264 1c008d50 00d70733 add              x14, x14, x13       x14=1a10f010 x14:00000010 x13:1a10f000
14767120ns          242265 1c008d52 00a7e723 p.sw             x10, x0(x15)        x10:00000020 x15:00000000  PA:1a10f010
14767458ns          242282 1c008d56 00000513 addi             x10, x0, 0          x10=00000000
14767478ns          242283 1c008d58 00008067 jalr             x0, x1, 0            x1:1c008e28
14767517ns          242285 1c008e28 31f52563 p.beqimm         x10, 778            x10:00000000
14767537ns          242286 1c008e2c 001d8d93 addi             x27, x27, 1         x27=00000028 x27:00000027
14767557ns          242287 1c008e2e 00044503 lbu              x10, 0(x8)          x10=0000003d  x8:1c000051  PA:1c000051
14767856ns          242302 1c008e32 00140413 addi             x8, x8, 1            x8=1c000052  x8:1c000051
14767875ns          242303 1c008e34 fe0514e3 bne              x10, x0, -24        x10:0000003d
14767935ns          242306 1c008e1c 02500793 addi             x15, x0, 37         x15=00000025
14767955ns          242307 1c008e20 04f50863 beq              x10, x15, 80        x10:0000003d x15:00000025
14767975ns          242308 1c008e24 01a005b3 add              x11, x0, x26        x11=00000002 x26:00000002
14767995ns          242309 1c008e26 000b00e7 jalr             x1, x22, 0           x1=1c008e28 x22:1c008d32
14768035ns          242311 1c008d32 000026b7 lui              x13, 0x2000         x13=00002000
14768054ns          242312 1c008d34 f14027f3 csrrs            x15, x0, 0xf14      x15=00000002
14768074ns          242313 1c008d38 f8068693 addi             x13, x13, -128      x13=00001f80 x13:00002000
14768094ns          242314 1c008d3c 00379713 slli             x14, x15, 0x3       x14=00000010 x15:00000002
14768114ns          242315 1c008d40 00279793 slli             x15, x15, 0x2       x15=00000008 x15:00000002
14768134ns          242316 1c008d42 00d7f7b3 and              x15, x15, x13       x15=00000000 x15:00000008 x13:00001f80
14768154ns          242317 1c008d44 ee873733 p.bclr           x14, x14, 23, 8     x14=00000010 x14:00000010
14768174ns          242318 1c008d48 1a10f6b7 lui              x13, 0x1a10f000     x13=1a10f000
14768194ns          242319 1c008d4c 0ff57513 andi             x10, x10, 255       x10=0000003d x10:0000003d
14768214ns          242320 1c008d50 00d70733 add              x14, x14, x13       x14=1a10f010 x14:00000010 x13:1a10f000
14768234ns          242321 1c008d52 00a7e723 p.sw             x10, x0(x15)        x10:0000003d x15:00000000  PA:1a10f010
14768552ns          242337 1c008d56 00000513 addi             x10, x0, 0          x10=00000000
14768572ns          242338 1c008d58 00008067 jalr             x0, x1, 0            x1:1c008e28
14768611ns          242340 1c008e28 31f52563 p.beqimm         x10, 778            x10:00000000
14768631ns          242341 1c008e2c 001d8d93 addi             x27, x27, 1         x27=00000029 x27:00000028
14768651ns          242342 1c008e2e 00044503 lbu              x10, 0(x8)          x10=00000020  x8:1c000052  PA:1c000052
14768950ns          242357 1c008e32 00140413 addi             x8, x8, 1            x8=1c000053  x8:1c000052
14768969ns          242358 1c008e34 fe0514e3 bne              x10, x0, -24        x10:00000020
14769029ns          242361 1c008e1c 02500793 addi             x15, x0, 37         x15=00000025
14769049ns          242362 1c008e20 04f50863 beq              x10, x15, 80        x10:00000020 x15:00000025
14769069ns          242363 1c008e24 01a005b3 add              x11, x0, x26        x11=00000002 x26:00000002
14769089ns          242364 1c008e26 000b00e7 jalr             x1, x22, 0           x1=1c008e28 x22:1c008d32
14769129ns          242366 1c008d32 000026b7 lui              x13, 0x2000         x13=00002000
14769148ns          242367 1c008d34 f14027f3 csrrs            x15, x0, 0xf14      x15=00000002
14769168ns          242368 1c008d38 f8068693 addi             x13, x13, -128      x13=00001f80 x13:00002000
14769188ns          242369 1c008d3c 00379713 slli             x14, x15, 0x3       x14=00000010 x15:00000002
14769208ns          242370 1c008d40 00279793 slli             x15, x15, 0x2       x15=00000008 x15:00000002
14769228ns          242371 1c008d42 00d7f7b3 and              x15, x15, x13       x15=00000000 x15:00000008 x13:00001f80
14769248ns          242372 1c008d44 ee873733 p.bclr           x14, x14, 23, 8     x14=00000010 x14:00000010
14769268ns          242373 1c008d48 1a10f6b7 lui              x13, 0x1a10f000     x13=1a10f000
14769288ns          242374 1c008d4c 0ff57513 andi             x10, x10, 255       x10=00000020 x10:00000020
14769308ns          242375 1c008d50 00d70733 add              x14, x14, x13       x14=1a10f010 x14:00000010 x13:1a10f000
14769328ns          242376 1c008d52 00a7e723 p.sw             x10, x0(x15)        x10:00000020 x15:00000000  PA:1a10f010
14769646ns          242392 1c008d56 00000513 addi             x10, x0, 0          x10=00000000
14769666ns          242393 1c008d58 00008067 jalr             x0, x1, 0            x1:1c008e28
14769705ns          242395 1c008e28 31f52563 p.beqimm         x10, 778            x10:00000000
14769725ns          242396 1c008e2c 001d8d93 addi             x27, x27, 1         x27=0000002a x27:00000029
14769745ns          242397 1c008e2e 00044503 lbu              x10, 0(x8)          x10=00000025  x8:1c000053  PA:1c000053
14770063ns          242413 1c008e32 00140413 addi             x8, x8, 1            x8=1c000054  x8:1c000053
14770083ns          242414 1c008e34 fe0514e3 bne              x10, x0, -24        x10:00000025
14770143ns          242417 1c008e1c 02500793 addi             x15, x0, 37         x15=00000025
14770163ns          242418 1c008e20 04f50863 beq              x10, x15, 80        x10:00000025 x15:00000025
14770262ns          242423 1c008e70 00044483 lbu              x9, 0(x8)            x9=00000064  x8:1c000054  PA:1c000054
14770581ns          242439 1c008e74 02000693 addi             x13, x0, 32         x13=00000020
14770601ns          242440 1c008e78 00140a93 addi             x21, x8, 1          x21=1c000055  x8:1c000054
14770620ns          242441 1c008e7c 009005b3 add              x11, x0, x9         x11=00000064  x9:00000064
14770640ns          242442 1c008e7e 150b8513 addi             x10, x23, 336       x10=1c000150 x23:1c000000
14770660ns          242443 1c008e82 00d12823 sw               x13, 16(x2)         x13:00000020  x2:100014d8  PA:100014e8
14770680ns          242444 1c008e84 00012c23 sw               x0, 24(x2)           x2:100014d8  PA:100014f0
14770700ns          242445 1c008e86 00012a23 sw               x0, 20(x2)           x2:100014d8  PA:100014ec
14770720ns          242446 1c008e88 00012e23 sw               x0, 28(x2)           x2:100014d8  PA:100014f4
14770740ns          242447 1c008e8a 00012623 sw               x0, 12(x2)           x2:100014d8  PA:100014e4
14770760ns          242448 1c008e8c 02300913 addi             x18, x0, 35         x18=00000023
14770780ns          242449 1c008e90 02d00a13 addi             x20, x0, 45         x20=0000002d
14770799ns          242450 1c008e94 015009b3 add              x19, x0, x21        x19=1c000055 x21:1c000055
14770819ns          242451 1c008e96 e1dff0ef jal              x1, -484             x1=1c008e98
14770998ns          242460 1c008cb2 00054783 lbu              x15, 0(x10)         x15=0000002d x10:1c000150  PA:1c000150
14771317ns          242476 1c008cb6 0ff5f593 andi             x11, x11, 255       x11=00000064 x11:00000064
14771336ns          242477 1c008cba 00b78c63 beq              x15, x11, 24        x15:0000002d x11:00000064
14771356ns          242478 1c008cbe 00078b63 beq              x15, x0, 22         x15:0000002d
14771376ns          242479 1c008cc0 00150793 addi             x15, x10, 1         x15=1c000151 x10:1c000150
14771396ns          242480 1c008cc4 0040006f jal              x0, 4              
14771436ns          242482 1c008cc8 00f00533 add              x10, x0, x15        x10=1c000151 x15:1c000151
14771456ns          242483 1c008cca 0017c70b p.lbu            x14, 1(x15!)        x14=0000002b x15=1c000152 x15:1c000151  PA:1c000151
14771774ns          242499 1c008cce feb71ce3 bne              x14, x11, -8        x14:0000002b x11:00000064
14771834ns          242502 1c008cc6 00070763 beq              x14, x0, 14         x14:0000002b
14771854ns          242503 1c008cc8 00f00533 add              x10, x0, x15        x10=1c000152 x15:1c000152
14771874ns          242504 1c008cca 0017c70b p.lbu            x14, 1(x15!)        x14=00000020 x15=1c000153 x15:1c000152  PA:1c000152
14772192ns          242520 1c008cce feb71ce3 bne              x14, x11, -8        x14:00000020 x11:00000064
14772251ns          242523 1c008cc6 00070763 beq              x14, x0, 14         x14:00000020
14772271ns          242524 1c008cc8 00f00533 add              x10, x0, x15        x10=1c000153 x15:1c000153
14772291ns          242525 1c008cca 0017c70b p.lbu            x14, 1(x15!)        x14=00000023 x15=1c000154 x15:1c000153  PA:1c000153
14772609ns          242541 1c008cce feb71ce3 bne              x14, x11, -8        x14:00000023 x11:00000064
14772669ns          242544 1c008cc6 00070763 beq              x14, x0, 14         x14:00000023
14772689ns          242545 1c008cc8 00f00533 add              x10, x0, x15        x10=1c000154 x15:1c000154
14772709ns          242546 1c008cca 0017c70b p.lbu            x14, 1(x15!)        x14=00000030 x15=1c000155 x15:1c000154  PA:1c000154
14773027ns          242562 1c008cce feb71ce3 bne              x14, x11, -8        x14:00000030 x11:00000064
14773087ns          242565 1c008cc6 00070763 beq              x14, x0, 14         x14:00000030
14773107ns          242566 1c008cc8 00f00533 add              x10, x0, x15        x10=1c000155 x15:1c000155
14773127ns          242567 1c008cca 0017c70b p.lbu            x14, 1(x15!)        x14=00000000 x15=1c000156 x15:1c000155  PA:1c000155
14773445ns          242583 1c008cce feb71ce3 bne              x14, x11, -8        x14:00000000 x11:00000064
14773505ns          242586 1c008cc6 00070763 beq              x14, x0, 14         x14:00000000
14773564ns          242589 1c008cd4 0015b593 sltiu            x11, x11, 1         x11=00000000 x11:00000064
14773584ns          242590 1c008cd8 40b005b3 sub              x11, x0, x11        x11=00000000 x11:00000000
14773604ns          242591 1c008cdc 00b57533 and              x10, x10, x11       x10=00000000 x10:1c000155 x11:00000000
14773624ns          242592 1c008cde 00008067 jalr             x0, x1, 0            x1:1c008e98
14773664ns          242594 1c008e98 02050a63 beq              x10, x0, 52         x10:00000000
14773763ns          242599 1c008ecc 02a00613 addi             x12, x0, 42         x12=0000002a
14773843ns          242603 1c008ed0 2ac48663 beq              x9, x12, 684         x9:00000064 x12:0000002a
14773882ns          242605 1c008ed4 fd048613 addi             x12, x9, -48        x12=00000034  x9:00000064
14773902ns          242606 1c008ed8 00900593 addi             x11, x0, 9          x11=00000009
14773922ns          242607 1c008eda 00000913 addi             x18, x0, 0          x18=00000000
14773942ns          242608 1c008edc 28c5f063 bgeu             x11, x12, 640       x11:00000009 x12:00000034
14773982ns          242610 1c008ee0 02e00693 addi             x13, x0, 46         x13=0000002e
14774022ns          242612 1c008ee4 fff00a13 addi             x20, x0, -1         x20=ffffffff
14774042ns          242613 1c008ee6 2ed48363 beq              x9, x13, 742         x9:00000064 x13:0000002e
14774062ns          242614 1c008eea 1c0007b7 lui              x15, 0x1c000000     x15=1c000000
14774081ns          242615 1c008eee 009005b3 add              x11, x0, x9         x11=00000064  x9:00000064
14774101ns          242616 1c008ef0 15878513 addi             x10, x15, 344       x10=1c000158 x15:1c000000
14774121ns          242617 1c008ef4 dbfff0ef jal              x1, -578             x1=1c008ef6
14774181ns          242620 1c008cb2 00054783 lbu              x15, 0(x10)         x15=00000068 x10:1c000158  PA:1c000158
14774479ns          242635 1c008cb6 0ff5f593 andi             x11, x11, 255       x11=00000064 x11:00000064
14774499ns          242636 1c008cba 00b78c63 beq              x15, x11, 24        x15:00000068 x11:00000064
14774519ns          242637 1c008cbe 00078b63 beq              x15, x0, 22         x15:00000068
14774539ns          242638 1c008cc0 00150793 addi             x15, x10, 1         x15=1c000159 x10:1c000158
14774559ns          242639 1c008cc4 0040006f jal              x0, 4              
14774599ns          242641 1c008cc8 00f00533 add              x10, x0, x15        x10=1c000159 x15:1c000159
14774618ns          242642 1c008cca 0017c70b p.lbu            x14, 1(x15!)        x14=0000006c x15=1c00015a x15:1c000159  PA:1c000159
14774937ns          242658 1c008cce feb71ce3 bne              x14, x11, -8        x14:0000006c x11:00000064
14774996ns          242661 1c008cc6 00070763 beq              x14, x0, 14         x14:0000006c
14775016ns          242662 1c008cc8 00f00533 add              x10, x0, x15        x10=1c00015a x15:1c00015a
14775036ns          242663 1c008cca 0017c70b p.lbu            x14, 1(x15!)        x14=0000004c x15=1c00015b x15:1c00015a  PA:1c00015a
14775374ns          242680 1c008cce feb71ce3 bne              x14, x11, -8        x14:0000004c x11:00000064
14775434ns          242683 1c008cc6 00070763 beq              x14, x0, 14         x14:0000004c
14775454ns          242684 1c008cc8 00f00533 add              x10, x0, x15        x10=1c00015b x15:1c00015b
14775474ns          242685 1c008cca 0017c70b p.lbu            x14, 1(x15!)        x14=0000007a x15=1c00015c x15:1c00015b  PA:1c00015b
14775792ns          242701 1c008cce feb71ce3 bne              x14, x11, -8        x14:0000007a x11:00000064
14775852ns          242704 1c008cc6 00070763 beq              x14, x0, 14         x14:0000007a
14775872ns          242705 1c008cc8 00f00533 add              x10, x0, x15        x10=1c00015c x15:1c00015c
14775891ns          242706 1c008cca 0017c70b p.lbu            x14, 1(x15!)        x14=00000000 x15=1c00015d x15:1c00015c  PA:1c00015c
14776210ns          242722 1c008cce feb71ce3 bne              x14, x11, -8        x14:00000000 x11:00000064
14776269ns          242725 1c008cc6 00070763 beq              x14, x0, 14         x14:00000000
14776329ns          242728 1c008cd4 0015b593 sltiu            x11, x11, 1         x11=00000000 x11:00000064
14776349ns          242729 1c008cd8 40b005b3 sub              x11, x0, x11        x11=00000000 x11:00000000
14776369ns          242730 1c008cdc 00b57533 and              x10, x10, x11       x10=00000000 x10:1c00015c x11:00000000
14776389ns          242731 1c008cde 00008067 jalr             x0, x1, 0            x1:1c008ef6
14776468ns          242735 1c008ef6 01300433 add              x8, x0, x19          x8=1c000055 x19:1c000055
14776488ns          242736 1c008ef8 00050563 beq              x10, x0, 10         x10:00000000
14776627ns          242743 1c008f02 06700693 addi             x13, x0, 103        x13=00000067
14776647ns          242744 1c008f06 2896d963 bge              x13, x9, 658        x13:00000067  x9:00000064
14776826ns          242753 1c009198 06500693 addi             x13, x0, 101        x13=00000065
14776866ns          242755 1c00919c 12d4d563 bge              x9, x13, 298         x9:00000064 x13:00000065
14776886ns          242756 1c0091a0 04700693 addi             x13, x0, 71         x13=00000047
14776906ns          242757 1c0091a4 dc96cbe3 blt              x13, x9, -554       x13:00000047  x9:00000064
14776985ns          242761 1c008f7a 06300693 addi             x13, x0, 99         x13=00000063
14777005ns          242762 1c008f7e 0ad488e3 beq              x9, x13, 2224        x9:00000064 x13:00000063
14777025ns          242763 1c008f82 0096c9e3 blt              x13, x9, 2066       x13:00000063  x9:00000064
14777125ns          242768 1c009794 000c2583 lw               x11, 0(x24)         x11=00000002 x24:10001630  PA:10001630
14777164ns          242770 1c009798 004c0c13 addi             x24, x24, 4         x24=10001634 x24:10001630
14777184ns          242771 1c00979a 3405cc63 blt              x11, x0, 856        x11:00000002
14777204ns          242772 1c00979e 01412603 lw               x12, 20(x2)         x12=00000000  x2:100014d8  PA:100014ec
14777244ns          242774 1c0097a0 00b006b3 add              x13, x0, x11        x13=00000002 x11:00000002
14777284ns          242776 1c0097a2 2e061863 bne              x12, x0, 752        x12:00000000
14777304ns          242777 1c0097a6 01812703 lw               x14, 24(x2)         x14=00000000  x2:100014d8  PA:100014f0
14777324ns          242778 1c0097a8 019007b3 add              x15, x0, x25        x15=100014fc x25:100014fc
14777343ns          242779 1c0097aa 00070763 beq              x14, x0, 14         x14:00000000
14777423ns          242783 1c0097b8 00f00733 add              x14, x0, x15        x14=100014fc x15:100014fc
14777443ns          242784 1c0097ba 00a00513 addi             x10, x0, 10         x10=0000000a
14777463ns          242785 1c0097bc 02a6f633 remu             x12, x13, x10       x12=00000002 x13:00000002 x10:0000000a
14778099ns          242817 1c0097c0 02a6d6b3 divu             x13, x13, x10       x13=00000000 x13:00000002 x10:0000000a
14778716ns          242848 1c0097c4 03060613 addi             x12, x12, 48        x12=00000032 x12:00000002
14778736ns          242849 1c0097c8 00c700ab p.sb             x12, 1(x14!)        x14=100014fd x12:00000032 x14:100014fc  PA:100014fc
14778756ns          242850 1c0097cc fe0698e3 bne              x13, x0, -16        x13:00000000
14778776ns          242851 1c0097ce 40f706b3 sub              x13, x14, x15       x13=00000001 x14:100014fd x15:100014fc
14778796ns          242852 1c0097d2 0146dc63 bge              x13, x20, 24        x13:00000001 x20:ffffffff
14778895ns          242857 1c0097ea 00e006b3 add              x13, x0, x14        x13=100014fd x14:100014fd
14778935ns          242859 1c0097ec fe068fab p.sb             x0, -1(x13!)        x13=100014fc x13:100014fd  PA:100014fd
14778994ns          242862 1c0097f0 00d7fc63 bgeu             x15, x13, 24        x15:100014fc x13:100014fc
14779094ns          242867 1c009808 01412783 lw               x15, 20(x2)         x15=00000000  x2:100014d8  PA:100014ec
14779114ns          242868 1c00980a 01812603 lw               x12, 24(x2)         x12=00000000  x2:100014d8  PA:100014f0
14779134ns          242869 1c00980c 419704b3 sub              x9, x14, x25         x9=00000001 x14:100014fd x25:100014fc
14779193ns          242872 1c009810 00c7e7b3 or               x15, x15, x12       x15=00000000 x15:00000000 x12:00000000
14779213ns          242873 1c009812 00f12623 sw               x15, 12(x2)         x15:00000000  x2:100014d8  PA:100014e4
14779233ns          242874 1c009814 00079363 bne              x15, x0, 6          x15:00000000
14779253ns          242875 1c009816 01f5d593 srli             x11, x11, 0x1f      x11=00000000 x11:00000002
14779273ns          242876 1c009818 00b12623 sw               x11, 12(x2)         x11:00000000  x2:100014d8  PA:100014e4
14779293ns          242877 1c00981a e3fa28e3 p.beqimm         x20, -464           x20:ffffffff
14779710ns          242898 1c00964a 0c800793 addi             x15, x0, 200        x15=000000c8
14779730ns          242899 1c00964e 9e97d0e3 bge              x15, x9, -1568      x15:000000c8  x9:00000001
14780287ns          242927 1c00902e 0f24d163 bge              x9, x18, 226         x9:00000001 x18:00000000
14780387ns          242932 1c009110 d00482e3 beq              x9, x0, -764         x9:00000001
14780427ns          242934 1c009114 01900933 add              x18, x0, x25        x18=100014fc x25:100014fc
14780446ns          242935 1c009116 419d8db3 sub              x27, x27, x25       x27=efffeb2e x27:0000002a x25:100014fc
14780466ns          242936 1c00911a 00a0006f jal              x0, 10             
14780566ns          242941 1c009124 0019450b p.lbu            x10, 1(x18!)        x10=00000032 x18=100014fd x18:100014fc  PA:100014fc
14780586ns          242942 1c009128 01a005b3 add              x11, x0, x26        x11=00000002 x26:00000002
14780606ns          242943 1c00912a 000b00e7 jalr             x1, x22, 0           x1=1c00912c x22:1c008d32
14780645ns          242945 1c008d32 000026b7 lui              x13, 0x2000         x13=00002000
14780665ns          242946 1c008d34 f14027f3 csrrs            x15, x0, 0xf14      x15=00000002
14780685ns          242947 1c008d38 f8068693 addi             x13, x13, -128      x13=00001f80 x13:00002000
14780705ns          242948 1c008d3c 00379713 slli             x14, x15, 0x3       x14=00000010 x15:00000002
14780765ns          242951 1c008d40 00279793 slli             x15, x15, 0x2       x15=00000008 x15:00000002
14780785ns          242952 1c008d42 00d7f7b3 and              x15, x15, x13       x15=00000000 x15:00000008 x13:00001f80
14780804ns          242953 1c008d44 ee873733 p.bclr           x14, x14, 23, 8     x14=00000010 x14:00000010
14780824ns          242954 1c008d48 1a10f6b7 lui              x13, 0x1a10f000     x13=1a10f000
14780844ns          242955 1c008d4c 0ff57513 andi             x10, x10, 255       x10=00000032 x10:00000032
14780904ns          242958 1c008d50 00d70733 add              x14, x14, x13       x14=1a10f010 x14:00000010 x13:1a10f000
14780944ns          242960 1c008d52 00a7e723 p.sw             x10, x0(x15)        x10:00000032 x15:00000000  PA:1a10f010
14781342ns          242980 1c008d56 00000513 addi             x10, x0, 0          x10=00000000
14781361ns          242981 1c008d58 00008067 jalr             x0, x1, 0            x1:1c00912c
14781401ns          242983 1c00912c fff48493 addi             x9, x9, -1           x9=00000000  x9:00000001
14781421ns          242984 1c00912e fff537e3 p.bneimm         x10, -18            x10:00000000
14781481ns          242987 1c00911c 012d8733 add              x14, x27, x18       x14=0000002b x27:efffeb2e x18:100014fd
14781501ns          242988 1c009120 5a048b63 beq              x9, x0, 1462         x9:00000000
14781600ns          242993 1c0096d6 00e00db3 add              x27, x0, x14        x27=0000002b x14:0000002b
14781640ns          242995 1c0096d8 f3cff06f jal              x0, -2244          
14781719ns          242999 1c008e14 00044503 lbu              x10, 0(x8)          x10=00000029  x8:1c000055  PA:1c000055
14782058ns          243016 1c008e18 00140413 addi             x8, x8, 1            x8=1c000056  x8:1c000055
14782077ns          243017 1c008e1a 00050e63 beq              x10, x0, 28         x10:00000029
14782097ns          243018 1c008e1c 02500793 addi             x15, x0, 37         x15=00000025
14782117ns          243019 1c008e20 04f50863 beq              x10, x15, 80        x10:00000029 x15:00000025
14782137ns          243020 1c008e24 01a005b3 add              x11, x0, x26        x11=00000002 x26:00000002
14782157ns          243021 1c008e26 000b00e7 jalr             x1, x22, 0           x1=1c008e28 x22:1c008d32
14782256ns          243026 1c008d32 000026b7 lui              x13, 0x2000         x13=00002000
14782276ns          243027 1c008d34 f14027f3 csrrs            x15, x0, 0xf14      x15=00000002
14782296ns          243028 1c008d38 f8068693 addi             x13, x13, -128      x13=00001f80 x13:00002000
14782316ns          243029 1c008d3c 00379713 slli             x14, x15, 0x3       x14=00000010 x15:00000002
14782336ns          243030 1c008d40 00279793 slli             x15, x15, 0x2       x15=00000008 x15:00000002
14782356ns          243031 1c008d42 00d7f7b3 and              x15, x15, x13       x15=00000000 x15:00000008 x13:00001f80
14782376ns          243032 1c008d44 ee873733 p.bclr           x14, x14, 23, 8     x14=00000010 x14:00000010
14782396ns          243033 1c008d48 1a10f6b7 lui              x13, 0x1a10f000     x13=1a10f000
14782416ns          243034 1c008d4c 0ff57513 andi             x10, x10, 255       x10=00000029 x10:00000029
14782436ns          243035 1c008d50 00d70733 add              x14, x14, x13       x14=1a10f010 x14:00000010 x13:1a10f000
14782455ns          243036 1c008d52 00a7e723 p.sw             x10, x0(x15)        x10:00000029 x15:00000000  PA:1a10f010
14782774ns          243052 1c008d56 00000513 addi             x10, x0, 0          x10=00000000
14782794ns          243053 1c008d58 00008067 jalr             x0, x1, 0            x1:1c008e28
14782833ns          243055 1c008e28 31f52563 p.beqimm         x10, 778            x10:00000000
14782853ns          243056 1c008e2c 001d8d93 addi             x27, x27, 1         x27=0000002c x27:0000002b
14782873ns          243057 1c008e2e 00044503 lbu              x10, 0(x8)          x10=0000000a  x8:1c000056  PA:1c000056
14783171ns          243072 1c008e32 00140413 addi             x8, x8, 1            x8=1c000057  x8:1c000056
14783191ns          243073 1c008e34 fe0514e3 bne              x10, x0, -24        x10:0000000a
14783251ns          243076 1c008e1c 02500793 addi             x15, x0, 37         x15=00000025
14783271ns          243077 1c008e20 04f50863 beq              x10, x15, 80        x10:0000000a x15:00000025
14783291ns          243078 1c008e24 01a005b3 add              x11, x0, x26        x11=00000002 x26:00000002
14783311ns          243079 1c008e26 000b00e7 jalr             x1, x22, 0           x1=1c008e28 x22:1c008d32
14783350ns          243081 1c008d32 000026b7 lui              x13, 0x2000         x13=00002000
14783370ns          243082 1c008d34 f14027f3 csrrs            x15, x0, 0xf14      x15=00000002
14783390ns          243083 1c008d38 f8068693 addi             x13, x13, -128      x13=00001f80 x13:00002000
14783410ns          243084 1c008d3c 00379713 slli             x14, x15, 0x3       x14=00000010 x15:00000002
14783430ns          243085 1c008d40 00279793 slli             x15, x15, 0x2       x15=00000008 x15:00000002
14783450ns          243086 1c008d42 00d7f7b3 and              x15, x15, x13       x15=00000000 x15:00000008 x13:00001f80
14783470ns          243087 1c008d44 ee873733 p.bclr           x14, x14, 23, 8     x14=00000010 x14:00000010
14783490ns          243088 1c008d48 1a10f6b7 lui              x13, 0x1a10f000     x13=1a10f000
14783510ns          243089 1c008d4c 0ff57513 andi             x10, x10, 255       x10=0000000a x10:0000000a
14783530ns          243090 1c008d50 00d70733 add              x14, x14, x13       x14=1a10f010 x14:00000010 x13:1a10f000
14783549ns          243091 1c008d52 00a7e723 p.sw             x10, x0(x15)        x10:0000000a x15:00000000  PA:1a10f010
14783868ns          243107 1c008d56 00000513 addi             x10, x0, 0          x10=00000000
14783888ns          243108 1c008d58 00008067 jalr             x0, x1, 0            x1:1c008e28
14783927ns          243110 1c008e28 31f52563 p.beqimm         x10, 778            x10:00000000
14783947ns          243111 1c008e2c 001d8d93 addi             x27, x27, 1         x27=0000002d x27:0000002c
14783967ns          243112 1c008e2e 00044503 lbu              x10, 0(x8)          x10=00000000  x8:1c000057  PA:1c000057
14784265ns          243127 1c008e32 00140413 addi             x8, x8, 1            x8=1c000058  x8:1c000057
14784285ns          243128 1c008e34 fe0514e3 bne              x10, x0, -24        x10:00000000
14784305ns          243129 1c008e36 01b00433 add              x8, x0, x27          x8=0000002d x27:0000002d
14784325ns          243130 1c008e38 00800533 add              x10, x0, x8         x10=0000002d  x8:0000002d
14784345ns          243131 1c008e3a 12c12083 lw               x1, 300(x2)          x1=1c008dc6  x2:100014d8  PA:10001604
14784365ns          243132 1c008e3e 12812403 lw               x8, 296(x2)          x8=xxxxxxxx  x2:100014d8  PA:10001600
14784385ns          243133 1c008e42 12412483 lw               x9, 292(x2)          x9=00000002  x2:100014d8  PA:100015fc
14784405ns          243134 1c008e46 12012903 lw               x18, 288(x2)        x18=xxxxxxxx  x2:100014d8  PA:100015f8
14784425ns          243135 1c008e4a 11c12983 lw               x19, 284(x2)        x19=xxxxxxxx  x2:100014d8  PA:100015f4
14784783ns          243153 1c008e4e 11812a03 lw               x20, 280(x2)        x20=xxxxxxxx  x2:100014d8  PA:100015f0
14784822ns          243155 1c008e52 11412a83 lw               x21, 276(x2)        x21=xxxxxxxx  x2:100014d8  PA:100015ec
14784842ns          243156 1c008e56 11012b03 lw               x22, 272(x2)        x22=xxxxxxxx  x2:100014d8  PA:100015e8
14784862ns          243157 1c008e5a 10c12b83 lw               x23, 268(x2)        x23=xxxxxxxx  x2:100014d8  PA:100015e4
14785300ns          243179 1c008e5e 10812c03 lw               x24, 264(x2)        x24=xxxxxxxx  x2:100014d8  PA:100015e0
14785340ns          243181 1c008e62 10412c83 lw               x25, 260(x2)        x25=xxxxxxxx  x2:100014d8  PA:100015dc
14785359ns          243182 1c008e66 10012d03 lw               x26, 256(x2)        x26=xxxxxxxx  x2:100014d8  PA:100015d8
14785379ns          243183 1c008e6a 0fc12d83 lw               x27, 252(x2)        x27=xxxxxxxx  x2:100014d8  PA:100015d4
14785399ns          243184 1c008e6c 13010113 addi             x2, x2, 304          x2=10001608  x2:100014d8
14785419ns          243185 1c008e6e 00008067 jalr             x0, x1, 0            x1:1c008dc6
14785519ns          243190 1c008dc6 01c12083 lw               x1, 28(x2)           x1=1c008180  x2:10001608  PA:10001624
14785558ns          243192 1c008dc8 04010113 addi             x2, x2, 64           x2=10001648  x2:10001608
14785578ns          243193 1c008dca 00008067 jalr             x0, x1, 0            x1:1c008180
14785717ns          243200 1c008180 00300793 addi             x15, x0, 3          x15=00000003
14785757ns          243202 1c008182 0097f463 bgeu             x15, x9, 8          x15:00000003  x9:00000002
14785837ns          243206 1c00818a 7cb010ef jal              x1, 8138             x1=1c00818e
14786792ns          243254 1c00a154 f14027f3 csrrs            x15, x0, 0xf14      x15=00000002
14786831ns          243256 1c00a158 01f00713 addi             x14, x0, 31         x14=0000001f
14786851ns          243257 1c00a15a ca5797b3 p.extractu       x15, x15, 5, 5      x15=00000000 x15:00000002
14787289ns          243279 1c00a15e 00e78863 beq              x15, x14, 16        x15:00000000 x14:0000001f
14787329ns          243281 1c00a162 002047b7 lui              x15, 0x204000       x15=00204000
14787349ns          243282 1c00a166 20078793 addi             x15, x15, 512       x15=00204200 x15:00204000
14787368ns          243283 1c00a16a 01c7e703 p.elw            x14, 28(x15)        x14=00010000 x15:00204200  PA:0020421c
14787508ns          243290 1c00a16e 00008067 jalr             x0, x1, 0            x1:1c00818e
14787866ns          243308 1c00818e f14027f3 csrrs            x15, x0, 0xf14      x15=00000002
14787886ns          243309 1c008192 f457b7b3 p.bclr           x15, x15, 26, 5     x15=00000002 x15:00000002
14787905ns          243310 1c008196 28078563 beq              x15, x0, 650        x15:00000002
14787925ns          243311 1c00819a 06400993 addi             x19, x0, 100        x19=00000064
14788363ns          243333 1c00819e 033489b3 mul              x19, x9, x19        x19=000000c8  x9:00000002 x19:00000064
14788403ns          243335 1c0081a2 1c010937 lui              x18, 0x1c010000     x18=1c010000
14788423ns          243336 1c0081a6 1c0007b7 lui              x15, 0x1c000000     x15=1c000000
14788443ns          243337 1c0081aa 00090913 addi             x18, x18, 0         x18=1c010000 x18:1c010000
14788462ns          243338 1c0081ae 00299993 slli             x19, x19, 0x2       x19=00000320 x19:000000c8
14788999ns          243365 1c0081b0 01c7aa83 lw               x21, 28(x15)        x21=3f317218 x15:1c000000  PA:1c00001c
14789556ns          243393 1c0081b4 012989b3 add              x19, x19, x18       x19=1c010320 x19:00000320 x18:1c010000
14789576ns          243394 1c0081b6 00200433 add              x8, x0, x2           x8=10001648  x2:10001648
14789596ns          243395 1c0081b8 19010a13 addi             x20, x2, 400        x20=100017d8  x2:10001648
14789616ns          243396 1c0081bc 0049a50b p.lw             x10, 4(x19!)        x10=42ac21cd x19=1c010324 x19:1c010320  PA:1c010320
14790034ns          243417 1c0081c0 558000ef jal              x1, 1368             x1=1c0081c2
14790272ns          243429 1c008718 e00517d3 fclass.s         x15, f10            x15=00000040 f10:42ac21cd
14790312ns          243431 1c00871c 0817f793 andi             x15, x15, 129       x15=00000000 x15:00000040
14790750ns          243453 1c008720 08079b63 bne              x15, x0, 150        x15:00000000
14790790ns          243455 1c008722 00000793 addi             x15, x0, 0          x15=00000000
14790810ns          243456 1c008726 a0f52753 feq.s            x14, f10, f15       x14=00000000 f10:42ac21cd f15:00000000
14790829ns          243457 1c00872a 08071163 bne              x14, x0, 130        x14:00000000
14790849ns          243458 1c00872c a0f507d3 fle.s            x15, f10, f15       x15=00000000 f10:42ac21cd f15:00000000
14791287ns          243480 1c008730 08079863 bne              x15, x0, 144        x15:00000000
14791327ns          243482 1c008732 a0a527d3 feq.s            x15, f10, f10       x15=00000001 f10:42ac21cd f10:42ac21cd
14791347ns          243483 1c008736 08078563 beq              x15, x0, 138        x15:00000001
14791366ns          243484 1c008738 d17537b3 p.bclr           x15, x10, 8, 23     x15=002c21cd x10:42ac21cd
14791386ns          243485 1c00873c cb87c733 p.bset           x14, x15, 5, 24     x14=3f2c21cd x15:002c21cd
14791804ns          243506 1c008740 1c0006b7 lui              x13, 0x1c000000     x13=1c000000
14791844ns          243508 1c008744 1c0007b7 lui              x15, 0x1c000000     x15=1c000000
14791864ns          243509 1c008748 1306a683 lw               x13, 304(x13)       x13=c13c5fa8 x13:1c000000  PA:1c000130
14792262ns          243529 1c00874c 12c7a783 lw               x15, 300(x15)       x15=3ff7d7e5 x15:1c000000  PA:1c00012c
14792659ns          243549 1c008750 41755513 srai             x10, x10, 0x417     x10=00000085 x10:42ac21cd
14792679ns          243550 1c008752 68e7f7c3 fmadd.s          f15, f15, f14, f13  f15=xxxxxxxx f15:3ff7d7e5 f14:3f2c21cd f13:c13c5fa8
14792699ns          243551 1c008756 1c0006b7 lui              x13, 0x1c000000     x13=1c000000
14792719ns          243552 1c00875a 1346a683 lw               x13, 308(x13)       x13=41fa6a03 x13:1c000000  PA:1c000134
14793057ns          243569 1c00875e f8250513 addi             x10, x10, -126      x10=00000007 x10:00000085
14793077ns          243570 1c008762 68e7f7c3 fmadd.s          f15, f15, f14, f13  f15=xxxxxxxx f15:c1278aef f14:3f2c21cd f13:41fa6a03
14793097ns          243571 1c008766 1c0006b7 lui              x13, 0x1c000000     x13=1c000000
14793117ns          243572 1c00876a 1386a683 lw               x13, 312(x13)       x13=c23f0e08 x13:1c000000  PA:1c000138
14793574ns          243595 1c00876e d0057553 fcvt.s.w         f10, x10            f10=xxxxxxxx x10:00000007
14793594ns          243596 1c008772 68e7f7c3 fmadd.s          f15, f15, f14, f13  f15=xxxxxxxx f15:41c21647 f14:3f2c21cd f13:c23f0e08
14793614ns          243597 1c008776 1c0006b7 lui              x13, 0x1c000000     x13=1c000000
14793634ns          243598 1c00877a 13c6a683 lw               x13, 316(x13)       x13=42390412 x13:1c000000  PA:1c00013c
14794131ns          243623 1c00877e 68e7f7c3 fmadd.s          f15, f15, f14, f13  f15=xxxxxxxx f15:c1fb9b78 f14:3f2c21cd f13:42390412
14794151ns          243624 1c008782 1c0006b7 lui              x13, 0x1c000000     x13=1c000000
14794171ns          243625 1c008786 1406a683 lw               x13, 320(x13)       x13=c1efd21b x13:1c000000  PA:1c000140
14794629ns          243648 1c00878a 68e7f7c3 fmadd.s          f15, f15, f14, f13  f15=xxxxxxxx f15:41c8da77 f14:3f2c21cd f13:c1efd21b
14794648ns          243649 1c00878e 1c0006b7 lui              x13, 0x1c000000     x13=1c000000
14794668ns          243650 1c008792 1446a683 lw               x13, 324(x13)       x13=41644a86 x13:1c000000  PA:1c000144
14795126ns          243673 1c008796 68e7f7c3 fmadd.s          f15, f15, f14, f13  f15=xxxxxxxx f15:c151899c f14:3f2c21cd f13:41644a86
14795146ns          243674 1c00879a 1c0006b7 lui              x13, 0x1c000000     x13=1c000000
14795205ns          243677 1c00879e 1486a683 lw               x13, 328(x13)       x13=c087dba8 x13:1c000000  PA:1c000148
14795544ns          243694 1c0087a2 68e7f7c3 fmadd.s          f15, f15, f14, f13  f15=xxxxxxxx f15:40aecccd f14:3f2c21cd f13:c087dba8
14795563ns          243695 1c0087a6 00a7f553 fadd.s           f10, f15, f10       f10=xxxxxxxx f15:bf1297cf f10:40e00000
14795583ns          243696 1c0087aa 00008067 jalr             x0, x1, 0            x1:1c0081c2
14796061ns          243720 1c0081c2 11557553 fmul.s           f10, f10, f21       f10=xxxxxxxx f10:40cdad06 f21:3f317218
14796081ns          243721 1c0081c6 00a4222b p.sw             x10, 4(x8!)          x8=1000164c x10:408e904b  x8:10001648  PA:10001648
14796100ns          243722 1c0081ca ff4419e3 bne              x8, x20, -14         x8:1000164c x20:100017d8
14796618ns          243748 1c0081bc 0049a50b p.lw             x10, 4(x19!)        x10=420e293b x19=1c010328 x19:1c010324  PA:1c010324
14796936ns          243764 1c0081c0 558000ef jal              x1, 1368             x1=1c0081c2
14797015ns          243768 1c008718 e00517d3 fclass.s         x15, f10            x15=00000040 f10:420e293b
14797055ns          243770 1c00871c 0817f793 andi             x15, x15, 129       x15=00000000 x15:00000040
14797115ns          243773 1c008720 08079b63 bne              x15, x0, 150        x15:00000000
14797155ns          243775 1c008722 00000793 addi             x15, x0, 0          x15=00000000
14797175ns          243776 1c008726 a0f52753 feq.s            x14, f10, f15       x14=00000000 f10:420e293b f15:00000000
14797194ns          243777 1c00872a 08071163 bne              x14, x0, 130        x14:00000000
14797214ns          243778 1c00872c a0f507d3 fle.s            x15, f10, f15       x15=00000000 f10:420e293b f15:00000000
14797234ns          243779 1c008730 08079863 bne              x15, x0, 144        x15:00000000
14797254ns          243780 1c008732 a0a527d3 feq.s            x15, f10, f10       x15=00000001 f10:420e293b f10:420e293b
14797274ns          243781 1c008736 08078563 beq              x15, x0, 138        x15:00000001
14797294ns          243782 1c008738 d17537b3 p.bclr           x15, x10, 8, 23     x15=000e293b x10:420e293b
14797314ns          243783 1c00873c cb87c733 p.bset           x14, x15, 5, 24     x14=3f0e293b x15:000e293b
14797334ns          243784 1c008740 1c0006b7 lui              x13, 0x1c000000     x13=1c000000
14797354ns          243785 1c008744 1c0007b7 lui              x15, 0x1c000000     x15=1c000000
14797373ns          243786 1c008748 1306a683 lw               x13, 304(x13)       x13=c13c5fa8 x13:1c000000  PA:1c000130
14797672ns          243801 1c00874c 12c7a783 lw               x15, 300(x15)       x15=3ff7d7e5 x15:1c000000  PA:1c00012c
14797990ns          243817 1c008750 41755513 srai             x10, x10, 0x417     x10=00000084 x10:420e293b
14798010ns          243818 1c008752 68e7f7c3 fmadd.s          f15, f15, f14, f13  f15=xxxxxxxx f15:3ff7d7e5 f14:3f0e293b f13:c13c5fa8
14798030ns          243819 1c008756 1c0006b7 lui              x13, 0x1c000000     x13=1c000000
14798050ns          243820 1c00875a 1346a683 lw               x13, 308(x13)       x13=41fa6a03 x13:1c000000  PA:1c000134
14798348ns          243835 1c00875e f8250513 addi             x10, x10, -126      x10=00000006 x10:00000084
14798368ns          243836 1c008762 68e7f7c3 fmadd.s          f15, f15, f14, f13  f15=xxxxxxxx f15:c12b2b73 f14:3f0e293b f13:41fa6a03
14798388ns          243837 1c008766 1c0006b7 lui              x13, 0x1c000000     x13=1c000000
14798408ns          243838 1c00876a 1386a683 lw               x13, 312(x13)       x13=c23f0e08 x13:1c000000  PA:1c000138
14798706ns          243853 1c00876e d0057553 fcvt.s.w         f10, x10            f10=xxxxxxxx x10:00000006
14798726ns          243854 1c008772 68e7f7c3 fmadd.s          f15, f15, f14, f13  f15=xxxxxxxx f15:41cae32d f14:3f0e293b f13:c23f0e08
14798746ns          243855 1c008776 1c0006b7 lui              x13, 0x1c000000     x13=1c000000
14798766ns          243856 1c00877a 13c6a683 lw               x13, 316(x13)       x13=42390412 x13:1c000000  PA:1c00013c
14799084ns          243872 1c00877e 68e7f7c3 fmadd.s          f15, f15, f14, f13  f15=xxxxxxxx f15:c206b8b0 f14:3f0e293b f13:42390412
14799104ns          243873 1c008782 1c0006b7 lui              x13, 0x1c000000     x13=1c000000
14799124ns          243874 1c008786 1406a683 lw               x13, 320(x13)       x13=c1efd21b x13:1c000000  PA:1c000140
14799442ns          243890 1c00878a 68e7f7c3 fmadd.s          f15, f15, f14, f13  f15=xxxxxxxx f15:41dc67db f14:3f0e293b f13:c1efd21b
14799462ns          243891 1c00878e 1c0006b7 lui              x13, 0x1c000000     x13=1c000000
14799482ns          243892 1c008792 1446a683 lw               x13, 324(x13)       x13=41644a86 x13:1c000000  PA:1c000144
14799800ns          243908 1c008796 68e7f7c3 fmadd.s          f15, f15, f14, f13  f15=xxxxxxxx f15:c16ada00 f14:3f0e293b f13:41644a86
14799820ns          243909 1c00879a 1c0006b7 lui              x13, 0x1c000000     x13=1c000000
14799840ns          243910 1c00879e 1486a683 lw               x13, 328(x13)       x13=c087dba8 x13:1c000000  PA:1c000148
14800198ns          243928 1c0087a2 68e7f7c3 fmadd.s          f15, f15, f14, f13  f15=xxxxxxxx f15:40c3bf8e f14:3f0e293b f13:c087dba8
14800218ns          243929 1c0087a6 00a7f553 fadd.s           f10, f15, f10       f10=xxxxxxxx f15:bf593f04 f10:40c00000
14800238ns          243930 1c0087aa 00008067 jalr             x0, x1, 0            x1:1c0081c2
14800297ns          243933 1c0081c2 11557553 fmul.s           f10, f10, f21       f10=xxxxxxxx f10:40a4d820 f21:3f317218
14800317ns          243934 1c0081c6 00a4222b p.sw             x10, 4(x8!)          x8=10001650 x10:406485cc  x8:1000164c  PA:1000164c
14800337ns          243935 1c0081ca ff4419e3 bne              x8, x20, -14         x8:10001650 x20:100017d8
14800437ns          243940 1c0081bc 0049a50b p.lw             x10, 4(x19!)        x10=41a234a5 x19=1c01032c x19:1c010328  PA:1c010328
14800735ns          243955 1c0081c0 558000ef jal              x1, 1368             x1=1c0081c2
14800755ns          243956 1c008718 e00517d3 fclass.s         x15, f10            x15=00000040 f10:41a234a5
14800775ns          243957 1c00871c 0817f793 andi             x15, x15, 129       x15=00000000 x15:00000040
14800795ns          243958 1c008720 08079b63 bne              x15, x0, 150        x15:00000000
14800815ns          243959 1c008722 00000793 addi             x15, x0, 0          x15=00000000
14800834ns          243960 1c008726 a0f52753 feq.s            x14, f10, f15       x14=00000000 f10:41a234a5 f15:00000000
14800854ns          243961 1c00872a 08071163 bne              x14, x0, 130        x14:00000000
14800874ns          243962 1c00872c a0f507d3 fle.s            x15, f10, f15       x15=00000000 f10:41a234a5 f15:00000000
14800894ns          243963 1c008730 08079863 bne              x15, x0, 144        x15:00000000
14800914ns          243964 1c008732 a0a527d3 feq.s            x15, f10, f10       x15=00000001 f10:41a234a5 f10:41a234a5
14800934ns          243965 1c008736 08078563 beq              x15, x0, 138        x15:00000001
14800954ns          243966 1c008738 d17537b3 p.bclr           x15, x10, 8, 23     x15=002234a5 x10:41a234a5
14800974ns          243967 1c00873c cb87c733 p.bset           x14, x15, 5, 24     x14=3f2234a5 x15:002234a5
14800994ns          243968 1c008740 1c0006b7 lui              x13, 0x1c000000     x13=1c000000
14801013ns          243969 1c008744 1c0007b7 lui              x15, 0x1c000000     x15=1c000000
14801033ns          243970 1c008748 1306a683 lw               x13, 304(x13)       x13=c13c5fa8 x13:1c000000  PA:1c000130
14801332ns          243985 1c00874c 12c7a783 lw               x15, 300(x15)       x15=3ff7d7e5 x15:1c000000  PA:1c00012c
14801630ns          244000 1c008750 41755513 srai             x10, x10, 0x417     x10=00000083 x10:41a234a5
14801650ns          244001 1c008752 68e7f7c3 fmadd.s          f15, f15, f14, f13  f15=xxxxxxxx f15:3ff7d7e5 f14:3f2234a5 f13:c13c5fa8
14801670ns          244002 1c008756 1c0006b7 lui              x13, 0x1c000000     x13=1c000000
14801690ns          244003 1c00875a 1346a683 lw               x13, 308(x13)       x13=41fa6a03 x13:1c000000  PA:1c000134
14802008ns          244019 1c00875e f8250513 addi             x10, x10, -126      x10=00000005 x10:00000083
14802028ns          244020 1c008762 68e7f7c3 fmadd.s          f15, f15, f14, f13  f15=xxxxxxxx f15:c128be75 f14:3f2234a5 f13:41fa6a03
14802048ns          244021 1c008766 1c0006b7 lui              x13, 0x1c000000     x13=1c000000
14802068ns          244022 1c00876a 1386a683 lw               x13, 312(x13)       x13=c23f0e08 x13:1c000000  PA:1c000138
14802406ns          244039 1c00876e d0057553 fcvt.s.w         f10, x10            f10=xxxxxxxx x10:00000005
14802426ns          244040 1c008772 68e7f7c3 fmadd.s          f15, f15, f14, f13  f15=xxxxxxxx f15:41c4f466 f14:3f2234a5 f13:c23f0e08
14802446ns          244041 1c008776 1c0006b7 lui              x13, 0x1c000000     x13=1c000000
14802465ns          244042 1c00877a 13c6a683 lw               x13, 316(x13)       x13=42390412 x13:1c000000  PA:1c00013c
14802784ns          244058 1c00877e 68e7f7c3 fmadd.s          f15, f15, f14, f13  f15=xxxxxxxx f15:c200a873 f14:3f2234a5 f13:42390412
14802804ns          244059 1c008782 1c0006b7 lui              x13, 0x1c000000     x13=1c000000
14802824ns          244060 1c008786 1406a683 lw               x13, 320(x13)       x13=c1efd21b x13:1c000000  PA:1c000140
14803142ns          244076 1c00878a 68e7f7c3 fmadd.s          f15, f15, f14, f13  f15=xxxxxxxx f15:41cefe08 f14:3f2234a5 f13:c1efd21b
14803162ns          244077 1c00878e 1c0006b7 lui              x13, 0x1c000000     x13=1c000000
14803182ns          244078 1c008792 1446a683 lw               x13, 324(x13)       x13=41644a86 x13:1c000000  PA:1c000144
14803500ns          244094 1c008796 68e7f7c3 fmadd.s          f15, f15, f14, f13  f15=xxxxxxxx f15:c1595592 f14:3f2234a5 f13:41644a86
14803520ns          244095 1c00879a 1c0006b7 lui              x13, 0x1c000000     x13=1c000000
14803540ns          244096 1c00879e 1486a683 lw               x13, 328(x13)       x13=c087dba8 x13:1c000000  PA:1c000148
14803858ns          244112 1c0087a2 68e7f7c3 fmadd.s          f15, f15, f14, f13  f15=xxxxxxxx f15:40b52b5c f14:3f2234a5 f13:c087dba8
14803878ns          244113 1c0087a6 00a7f553 fadd.s           f10, f15, f10       f10=xxxxxxxx f15:bf2887b2 f10:40a00000
14803898ns          244114 1c0087aa 00008067 jalr             x0, x1, 0            x1:1c0081c2
14803957ns          244117 1c0081c2 11557553 fmul.s           f10, f10, f21       f10=xxxxxxxx f10:408aef0a f21:3f317218
14803977ns          244118 1c0081c6 00a4222b p.sw             x10, 4(x8!)          x8=10001654 x10:40409a63  x8:10001650  PA:10001650
14803997ns          244119 1c0081ca ff4419e3 bne              x8, x20, -14         x8:10001654 x20:100017d8
14804057ns          244122 1c0081bc 0049a50b p.lw             x10, 4(x19!)        x10=429eac39 x19=1c010330 x19:1c01032c  PA:1c01032c
14804355ns          244137 1c0081c0 558000ef jal              x1, 1368             x1=1c0081c2
14804375ns          244138 1c008718 e00517d3 fclass.s         x15, f10            x15=00000040 f10:429eac39
14804395ns          244139 1c00871c 0817f793 andi             x15, x15, 129       x15=00000000 x15:00000040
14804415ns          244140 1c008720 08079b63 bne              x15, x0, 150        x15:00000000
14804435ns          244141 1c008722 00000793 addi             x15, x0, 0          x15=00000000
14804455ns          244142 1c008726 a0f52753 feq.s            x14, f10, f15       x14=00000000 f10:429eac39 f15:00000000
14804474ns          244143 1c00872a 08071163 bne              x14, x0, 130        x14:00000000
14804494ns          244144 1c00872c a0f507d3 fle.s            x15, f10, f15       x15=00000000 f10:429eac39 f15:00000000
14804514ns          244145 1c008730 08079863 bne              x15, x0, 144        x15:00000000
14804534ns          244146 1c008732 a0a527d3 feq.s            x15, f10, f10       x15=00000001 f10:429eac39 f10:429eac39
14804554ns          244147 1c008736 08078563 beq              x15, x0, 138        x15:00000001
14804574ns          244148 1c008738 d17537b3 p.bclr           x15, x10, 8, 23     x15=001eac39 x10:429eac39
14804594ns          244149 1c00873c cb87c733 p.bset           x14, x15, 5, 24     x14=3f1eac39 x15:001eac39
14804614ns          244150 1c008740 1c0006b7 lui              x13, 0x1c000000     x13=1c000000
14804634ns          244151 1c008744 1c0007b7 lui              x15, 0x1c000000     x15=1c000000
14804653ns          244152 1c008748 1306a683 lw               x13, 304(x13)       x13=c13c5fa8 x13:1c000000  PA:1c000130
14804952ns          244167 1c00874c 12c7a783 lw               x15, 300(x15)       x15=3ff7d7e5 x15:1c000000  PA:1c00012c
14805250ns          244182 1c008750 41755513 srai             x10, x10, 0x417     x10=00000085 x10:429eac39
14805270ns          244183 1c008752 68e7f7c3 fmadd.s          f15, f15, f14, f13  f15=xxxxxxxx f15:3ff7d7e5 f14:3f1eac39 f13:c13c5fa8
14805290ns          244184 1c008756 1c0006b7 lui              x13, 0x1c000000     x13=1c000000
14805310ns          244185 1c00875a 1346a683 lw               x13, 308(x13)       x13=41fa6a03 x13:1c000000  PA:1c000134
14805628ns          244201 1c00875e f8250513 addi             x10, x10, -126      x10=00000007 x10:00000085
14805648ns          244202 1c008762 68e7f7c3 fmadd.s          f15, f15, f14, f13  f15=xxxxxxxx f15:c1292be9 f14:3f1eac39 f13:41fa6a03
14805668ns          244203 1c008766 1c0006b7 lui              x13, 0x1c000000     x13=1c000000
14805688ns          244204 1c00876a 1386a683 lw               x13, 312(x13)       x13=c23f0e08 x13:1c000000  PA:1c000138
14806006ns          244220 1c00876e d0057553 fcvt.s.w         f10, x10            f10=xxxxxxxx x10:00000007
14806026ns          244221 1c008772 68e7f7c3 fmadd.s          f15, f15, f14, f13  f15=xxxxxxxx f15:41c5fc8f f14:3f1eac39 f13:c23f0e08
14806046ns          244222 1c008776 1c0006b7 lui              x13, 0x1c000000     x13=1c000000
14806066ns          244223 1c00877a 13c6a683 lw               x13, 316(x13)       x13=42390412 x13:1c000000  PA:1c00013c
14806384ns          244239 1c00877e 68e7f7c3 fmadd.s          f15, f15, f14, f13  f15=xxxxxxxx f15:c201b27f f14:3f1eac39 f13:42390412
14806404ns          244240 1c008782 1c0006b7 lui              x13, 0x1c000000     x13=1c000000
14806424ns          244241 1c008786 1406a683 lw               x13, 320(x13)       x13=c1efd21b x13:1c000000  PA:1c000140
14806742ns          244257 1c00878a 68e7f7c3 fmadd.s          f15, f15, f14, f13  f15=xxxxxxxx f15:41d1414e f14:3f1eac39 f13:c1efd21b
14806762ns          244258 1c00878e 1c0006b7 lui              x13, 0x1c000000     x13=1c000000
14806782ns          244259 1c008792 1446a683 lw               x13, 324(x13)       x13=41644a86 x13:1c000000  PA:1c000144
14807100ns          244275 1c008796 68e7f7c3 fmadd.s          f15, f15, f14, f13  f15=xxxxxxxx f15:c15c3e0d f14:3f1eac39 f13:41644a86
14807120ns          244276 1c00879a 1c0006b7 lui              x13, 0x1c000000     x13=1c000000
14807140ns          244277 1c00879e 1486a683 lw               x13, 328(x13)       x13=c087dba8 x13:1c000000  PA:1c000148
14807458ns          244293 1c0087a2 68e7f7c3 fmadd.s          f15, f15, f14, f13  f15=xxxxxxxx f15:40b7901e f14:3f1eac39 f13:c087dba8
14807478ns          244294 1c0087a6 00a7f553 fadd.s           f10, f15, f10       f10=xxxxxxxx f15:bf30a9be f10:40e00000
14807498ns          244295 1c0087aa 00008067 jalr             x0, x1, 0            x1:1c0081c2
14807558ns          244298 1c0081c2 11557553 fmul.s           f10, f10, f21       f10=xxxxxxxx f10:40c9eac8 f21:3f317218
14807577ns          244299 1c0081c6 00a4222b p.sw             x10, 4(x8!)          x8=10001658 x10:408bf552  x8:10001654  PA:10001654
14807597ns          244300 1c0081ca ff4419e3 bne              x8, x20, -14         x8:10001658 x20:100017d8
14807657ns          244303 1c0081bc 0049a50b p.lw             x10, 4(x19!)        x10=42a090ab x19=1c010334 x19:1c010330  PA:1c010330
14807955ns          244318 1c0081c0 558000ef jal              x1, 1368             x1=1c0081c2
14807975ns          244319 1c008718 e00517d3 fclass.s         x15, f10            x15=00000040 f10:42a090ab
14807995ns          244320 1c00871c 0817f793 andi             x15, x15, 129       x15=00000000 x15:00000040
14808015ns          244321 1c008720 08079b63 bne              x15, x0, 150        x15:00000000
14808035ns          244322 1c008722 00000793 addi             x15, x0, 0          x15=00000000
14808055ns          244323 1c008726 a0f52753 feq.s            x14, f10, f15       x14=00000000 f10:42a090ab f15:00000000
14808075ns          244324 1c00872a 08071163 bne              x14, x0, 130        x14:00000000
14808095ns          244325 1c00872c a0f507d3 fle.s            x15, f10, f15       x15=00000000 f10:42a090ab f15:00000000
14808114ns          244326 1c008730 08079863 bne              x15, x0, 144        x15:00000000
14808134ns          244327 1c008732 a0a527d3 feq.s            x15, f10, f10       x15=00000001 f10:42a090ab f10:42a090ab
14808154ns          244328 1c008736 08078563 beq              x15, x0, 138        x15:00000001
14808174ns          244329 1c008738 d17537b3 p.bclr           x15, x10, 8, 23     x15=002090ab x10:42a090ab
14808194ns          244330 1c00873c cb87c733 p.bset           x14, x15, 5, 24     x14=3f2090ab x15:002090ab
14808214ns          244331 1c008740 1c0006b7 lui              x13, 0x1c000000     x13=1c000000
14808234ns          244332 1c008744 1c0007b7 lui              x15, 0x1c000000     x15=1c000000
14808254ns          244333 1c008748 1306a683 lw               x13, 304(x13)       x13=c13c5fa8 x13:1c000000  PA:1c000130
14808632ns          244352 1c00874c 12c7a783 lw               x15, 300(x15)       x15=3ff7d7e5 x15:1c000000  PA:1c00012c
14808930ns          244367 1c008750 41755513 srai             x10, x10, 0x417     x10=00000085 x10:42a090ab
14808950ns          244368 1c008752 68e7f7c3 fmadd.s          f15, f15, f14, f13  f15=xxxxxxxx f15:3ff7d7e5 f14:3f2090ab f13:c13c5fa8
14808970ns          244369 1c008756 1c0006b7 lui              x13, 0x1c000000     x13=1c000000
14808990ns          244370 1c00875a 1346a683 lw               x13, 308(x13)       x13=41fa6a03 x13:1c000000  PA:1c000134
14809288ns          244385 1c00875e f8250513 addi             x10, x10, -126      x10=00000007 x10:00000085
14809308ns          244386 1c008762 68e7f7c3 fmadd.s          f15, f15, f14, f13  f15=xxxxxxxx f15:c128f148 f14:3f2090ab f13:41fa6a03
14809328ns          244387 1c008766 1c0006b7 lui              x13, 0x1c000000     x13=1c000000
14809348ns          244388 1c00876a 1386a683 lw               x13, 312(x13)       x13=c23f0e08 x13:1c000000  PA:1c000138
14809646ns          244403 1c00876e d0057553 fcvt.s.w         f10, x10            f10=xxxxxxxx x10:00000007
14809666ns          244404 1c008772 68e7f7c3 fmadd.s          f15, f15, f14, f13  f15=xxxxxxxx f15:41c56ee0 f14:3f2090ab f13:c23f0e08
14809686ns          244405 1c008776 1c0006b7 lui              x13, 0x1c000000     x13=1c000000
14809706ns          244406 1c00877a 13c6a683 lw               x13, 316(x13)       x13=42390412 x13:1c000000  PA:1c00013c
14810044ns          244423 1c00877e 68e7f7c3 fmadd.s          f15, f15, f14, f13  f15=xxxxxxxx f15:c2012399 f14:3f2090ab f13:42390412
14810064ns          244424 1c008782 1c0006b7 lui              x13, 0x1c000000     x13=1c000000
14810084ns          244425 1c008786 1406a683 lw               x13, 320(x13)       x13=c1efd21b x13:1c000000  PA:1c000140
14810402ns          244441 1c00878a 68e7f7c3 fmadd.s          f15, f15, f14, f13  f15=xxxxxxxx f15:41d009b0 f14:3f2090ab f13:c1efd21b
14810422ns          244442 1c00878e 1c0006b7 lui              x13, 0x1c000000     x13=1c000000
14810442ns          244443 1c008792 1446a683 lw               x13, 324(x13)       x13=41644a86 x13:1c000000  PA:1c000144
14810760ns          244459 1c008796 68e7f7c3 fmadd.s          f15, f15, f14, f13  f15=xxxxxxxx f15:c15aacf9 f14:3f2090ab f13:41644a86
14810780ns          244460 1c00879a 1c0006b7 lui              x13, 0x1c000000     x13=1c000000
14810800ns          244461 1c00879e 1486a683 lw               x13, 328(x13)       x13=c087dba8 x13:1c000000  PA:1c000148
14811118ns          244477 1c0087a2 68e7f7c3 fmadd.s          f15, f15, f14, f13  f15=xxxxxxxx f15:40b645ae f14:3f2090ab f13:c087dba8
14811138ns          244478 1c0087a6 00a7f553 fadd.s           f10, f15, f10       f10=xxxxxxxx f15:bf2c48d2 f10:40e00000
14811158ns          244479 1c0087aa 00008067 jalr             x0, x1, 0            x1:1c0081c2
14811217ns          244482 1c0081c2 11557553 fmul.s           f10, f10, f21       f10=xxxxxxxx f10:40ca76e6 f21:3f317218
14811237ns          244483 1c0081c6 00a4222b p.sw             x10, 4(x8!)          x8=1000165c x10:408c5671  x8:10001658  PA:10001658
14811257ns          244484 1c0081ca ff4419e3 bne              x8, x20, -14         x8:1000165c x20:100017d8
14811317ns          244487 1c0081bc 0049a50b p.lw             x10, 4(x19!)        x10=42b8793a x19=1c010338 x19:1c010334  PA:1c010334
14811615ns          244502 1c0081c0 558000ef jal              x1, 1368             x1=1c0081c2
14811635ns          244503 1c008718 e00517d3 fclass.s         x15, f10            x15=00000040 f10:42b8793a
14811655ns          244504 1c00871c 0817f793 andi             x15, x15, 129       x15=00000000 x15:00000040
14811675ns          244505 1c008720 08079b63 bne              x15, x0, 150        x15:00000000
14811695ns          244506 1c008722 00000793 addi             x15, x0, 0          x15=00000000
14811715ns          244507 1c008726 a0f52753 feq.s            x14, f10, f15       x14=00000000 f10:42b8793a f15:00000000
14811735ns          244508 1c00872a 08071163 bne              x14, x0, 130        x14:00000000
14811754ns          244509 1c00872c a0f507d3 fle.s            x15, f10, f15       x15=00000000 f10:42b8793a f15:00000000
14811774ns          244510 1c008730 08079863 bne              x15, x0, 144        x15:00000000
14811794ns          244511 1c008732 a0a527d3 feq.s            x15, f10, f10       x15=00000001 f10:42b8793a f10:42b8793a
14811814ns          244512 1c008736 08078563 beq              x15, x0, 138        x15:00000001
14811834ns          244513 1c008738 d17537b3 p.bclr           x15, x10, 8, 23     x15=0038793a x10:42b8793a
14811854ns          244514 1c00873c cb87c733 p.bset           x14, x15, 5, 24     x14=3f38793a x15:0038793a
14811874ns          244515 1c008740 1c0006b7 lui              x13, 0x1c000000     x13=1c000000
14811894ns          244516 1c008744 1c0007b7 lui              x15, 0x1c000000     x15=1c000000
14811914ns          244517 1c008748 1306a683 lw               x13, 304(x13)       x13=c13c5fa8 x13:1c000000  PA:1c000130
14812212ns          244532 1c00874c 12c7a783 lw               x15, 300(x15)       x15=3ff7d7e5 x15:1c000000  PA:1c00012c
14812510ns          244547 1c008750 41755513 srai             x10, x10, 0x417     x10=00000085 x10:42b8793a
14812530ns          244548 1c008752 68e7f7c3 fmadd.s          f15, f15, f14, f13  f15=xxxxxxxx f15:3ff7d7e5 f14:3f38793a f13:c13c5fa8
14812550ns          244549 1c008756 1c0006b7 lui              x13, 0x1c000000     x13=1c000000
14812570ns          244550 1c00875a 1346a683 lw               x13, 308(x13)       x13=41fa6a03 x13:1c000000  PA:1c000134
14812868ns          244565 1c00875e f8250513 addi             x10, x10, -126      x10=00000007 x10:00000085
14812888ns          244566 1c008762 68e7f7c3 fmadd.s          f15, f15, f14, f13  f15=xxxxxxxx f15:c1260c97 f14:3f38793a f13:41fa6a03
14812908ns          244567 1c008766 1c0006b7 lui              x13, 0x1c000000     x13=1c000000
14812928ns          244568 1c00876a 1386a683 lw               x13, 312(x13)       x13=c23f0e08 x13:1c000000  PA:1c000138
14813226ns          244583 1c00876e d0057553 fcvt.s.w         f10, x10            f10=xxxxxxxx x10:00000007
14813246ns          244584 1c008772 68e7f7c3 fmadd.s          f15, f15, f14, f13  f15=xxxxxxxx f15:41be962c f14:3f38793a f13:c23f0e08
14813266ns          244585 1c008776 1c0006b7 lui              x13, 0x1c000000     x13=1c000000
14813286ns          244586 1c00877a 13c6a683 lw               x13, 316(x13)       x13=42390412 x13:1c000000  PA:1c00013c
14813604ns          244602 1c00877e 68e7f7c3 fmadd.s          f15, f15, f14, f13  f15=xxxxxxxx f15:c1f4c5e0 f14:3f38793a f13:42390412
14813624ns          244603 1c008782 1c0006b7 lui              x13, 0x1c000000     x13=1c000000
14813644ns          244604 1c008786 1406a683 lw               x13, 320(x13)       x13=c1efd21b x13:1c000000  PA:1c000140
14813982ns          244621 1c00878a 68e7f7c3 fmadd.s          f15, f15, f14, f13  f15=xxxxxxxx f15:41c1a602 f14:3f38793a f13:c1efd21b
14814002ns          244622 1c00878e 1c0006b7 lui              x13, 0x1c000000     x13=1c000000
14814022ns          244623 1c008792 1446a683 lw               x13, 324(x13)       x13=41644a86 x13:1c000000  PA:1c000144
14814340ns          244639 1c008796 68e7f7c3 fmadd.s          f15, f15, f14, f13  f15=xxxxxxxx f15:c1488e2c f14:3f38793a f13:41644a86
14814360ns          244640 1c00879a 1c0006b7 lui              x13, 0x1c000000     x13=1c000000
14814380ns          244641 1c00879e 1486a683 lw               x13, 328(x13)       x13=c087dba8 x13:1c000000  PA:1c000148
14814698ns          244657 1c0087a2 68e7f7c3 fmadd.s          f15, f15, f14, f13  f15=xxxxxxxx f15:40a78abb f14:3f38793a f13:c087dba8
14814718ns          244658 1c0087a6 00a7f553 fadd.s           f10, f15, f10       f10=xxxxxxxx f15:bef209b1 f10:40e00000
14814738ns          244659 1c0087aa 00008067 jalr             x0, x1, 0            x1:1c0081c2
14814798ns          244662 1c0081c2 11557553 fmul.s           f10, f10, f21       f10=xxxxxxxx f10:40d0df65 f21:3f317218
14814818ns          244663 1c0081c6 00a4222b p.sw             x10, 4(x8!)          x8=10001660 x10:4090c78c  x8:1000165c  PA:1000165c
14814838ns          244664 1c0081ca ff4419e3 bne              x8, x20, -14         x8:10001660 x20:100017d8
14814897ns          244667 1c0081bc 0049a50b p.lw             x10, 4(x19!)        x10=41c39943 x19=1c01033c x19:1c010338  PA:1c010338
14815196ns          244682 1c0081c0 558000ef jal              x1, 1368             x1=1c0081c2
14815215ns          244683 1c008718 e00517d3 fclass.s         x15, f10            x15=00000040 f10:41c39943
14815235ns          244684 1c00871c 0817f793 andi             x15, x15, 129       x15=00000000 x15:00000040
14815255ns          244685 1c008720 08079b63 bne              x15, x0, 150        x15:00000000
14815275ns          244686 1c008722 00000793 addi             x15, x0, 0          x15=00000000
14815295ns          244687 1c008726 a0f52753 feq.s            x14, f10, f15       x14=00000000 f10:41c39943 f15:00000000
14815315ns          244688 1c00872a 08071163 bne              x14, x0, 130        x14:00000000
14815335ns          244689 1c00872c a0f507d3 fle.s            x15, f10, f15       x15=00000000 f10:41c39943 f15:00000000
14815355ns          244690 1c008730 08079863 bne              x15, x0, 144        x15:00000000
14815375ns          244691 1c008732 a0a527d3 feq.s            x15, f10, f10       x15=00000001 f10:41c39943 f10:41c39943
14815394ns          244692 1c008736 08078563 beq              x15, x0, 138        x15:00000001
14815414ns          244693 1c008738 d17537b3 p.bclr           x15, x10, 8, 23     x15=00439943 x10:41c39943
14815434ns          244694 1c00873c cb87c733 p.bset           x14, x15, 5, 24     x14=3f439943 x15:00439943
14815454ns          244695 1c008740 1c0006b7 lui              x13, 0x1c000000     x13=1c000000
14815474ns          244696 1c008744 1c0007b7 lui              x15, 0x1c000000     x15=1c000000
14815494ns          244697 1c008748 1306a683 lw               x13, 304(x13)       x13=c13c5fa8 x13:1c000000  PA:1c000130
14815792ns          244712 1c00874c 12c7a783 lw               x15, 300(x15)       x15=3ff7d7e5 x15:1c000000  PA:1c00012c
14816091ns          244727 1c008750 41755513 srai             x10, x10, 0x417     x10=00000083 x10:41c39943
14816111ns          244728 1c008752 68e7f7c3 fmadd.s          f15, f15, f14, f13  f15=xxxxxxxx f15:3ff7d7e5 f14:3f439943 f13:c13c5fa8
14816130ns          244729 1c008756 1c0006b7 lui              x13, 0x1c000000     x13=1c000000
14816150ns          244730 1c00875a 1346a683 lw               x13, 308(x13)       x13=41fa6a03 x13:1c000000  PA:1c000134
14816449ns          244745 1c00875e f8250513 addi             x10, x10, -126      x10=00000005 x10:00000083
14816469ns          244746 1c008762 68e7f7c3 fmadd.s          f15, f15, f14, f13  f15=xxxxxxxx f15:c124b3ed f14:3f439943 f13:41fa6a03
14816488ns          244747 1c008766 1c0006b7 lui              x13, 0x1c000000     x13=1c000000
14816508ns          244748 1c00876a 1386a683 lw               x13, 312(x13)       x13=c23f0e08 x13:1c000000  PA:1c000138
14816807ns          244763 1c00876e d0057553 fcvt.s.w         f10, x10            f10=xxxxxxxx x10:00000005
14816827ns          244764 1c008772 68e7f7c3 fmadd.s          f15, f15, f14, f13  f15=xxxxxxxx f15:41bb7e2f f14:3f439943 f13:c23f0e08
14816847ns          244765 1c008776 1c0006b7 lui              x13, 0x1c000000     x13=1c000000
14816866ns          244766 1c00877a 13c6a683 lw               x13, 316(x13)       x13=42390412 x13:1c000000  PA:1c00013c
14817185ns          244782 1c00877e 68e7f7c3 fmadd.s          f15, f15, f14, f13  f15=xxxxxxxx f15:c1eedab3 f14:3f439943 f13:42390412
14817205ns          244783 1c008782 1c0006b7 lui              x13, 0x1c000000     x13=1c000000
14817224ns          244784 1c008786 1406a683 lw               x13, 320(x13)       x13=c1efd21b x13:1c000000  PA:1c000140
14817543ns          244800 1c00878a 68e7f7c3 fmadd.s          f15, f15, f14, f13  f15=xxxxxxxx f15:41bb888e f14:3f439943 f13:c1efd21b
14817563ns          244801 1c00878e 1c0006b7 lui              x13, 0x1c000000     x13=1c000000
14817582ns          244802 1c008792 1446a683 lw               x13, 324(x13)       x13=41644a86 x13:1c000000  PA:1c000144
14817901ns          244818 1c008796 68e7f7c3 fmadd.s          f15, f15, f14, f13  f15=xxxxxxxx f15:c14111a2 f14:3f439943 f13:41644a86
14817921ns          244819 1c00879a 1c0006b7 lui              x13, 0x1c000000     x13=1c000000
14817941ns          244820 1c00879e 1486a683 lw               x13, 328(x13)       x13=c087dba8 x13:1c000000  PA:1c000148
14818279ns          244837 1c0087a2 68e7f7c3 fmadd.s          f15, f15, f14, f13  f15=xxxxxxxx f15:40a18d03 f14:3f439943 f13:c087dba8
14818299ns          244838 1c0087a6 00a7f553 fadd.s           f10, f15, f10       f10=xxxxxxxx f15:bec6c873 f10:40a00000
14818318ns          244839 1c0087aa 00008067 jalr             x0, x1, 0            x1:1c0081c2
14818378ns          244842 1c0081c2 11557553 fmul.s           f10, f10, f21       f10=xxxxxxxx f10:40939379 f21:3f317218
14818398ns          244843 1c0081c6 00a4222b p.sw             x10, 4(x8!)          x8=10001664 x10:404c9578  x8:10001660  PA:10001660
14818418ns          244844 1c0081ca ff4419e3 bne              x8, x20, -14         x8:10001664 x20:100017d8
14818478ns          244847 1c0081bc 0049a50b p.lw             x10, 4(x19!)        x10=41ad38e0 x19=1c010340 x19:1c01033c  PA:1c01033c
14818776ns          244862 1c0081c0 558000ef jal              x1, 1368             x1=1c0081c2
14818796ns          244863 1c008718 e00517d3 fclass.s         x15, f10            x15=00000040 f10:41ad38e0
14818816ns          244864 1c00871c 0817f793 andi             x15, x15, 129       x15=00000000 x15:00000040
14818836ns          244865 1c008720 08079b63 bne              x15, x0, 150        x15:00000000
14818855ns          244866 1c008722 00000793 addi             x15, x0, 0          x15=00000000
14818875ns          244867 1c008726 a0f52753 feq.s            x14, f10, f15       x14=00000000 f10:41ad38e0 f15:00000000
14818895ns          244868 1c00872a 08071163 bne              x14, x0, 130        x14:00000000
14818915ns          244869 1c00872c a0f507d3 fle.s            x15, f10, f15       x15=00000000 f10:41ad38e0 f15:00000000
14818935ns          244870 1c008730 08079863 bne              x15, x0, 144        x15:00000000
14818955ns          244871 1c008732 a0a527d3 feq.s            x15, f10, f10       x15=00000001 f10:41ad38e0 f10:41ad38e0
14818975ns          244872 1c008736 08078563 beq              x15, x0, 138        x15:00000001
14818995ns          244873 1c008738 d17537b3 p.bclr           x15, x10, 8, 23     x15=002d38e0 x10:41ad38e0
14819015ns          244874 1c00873c cb87c733 p.bset           x14, x15, 5, 24     x14=3f2d38e0 x15:002d38e0
14819034ns          244875 1c008740 1c0006b7 lui              x13, 0x1c000000     x13=1c000000
14819054ns          244876 1c008744 1c0007b7 lui              x15, 0x1c000000     x15=1c000000
14819074ns          244877 1c008748 1306a683 lw               x13, 304(x13)       x13=c13c5fa8 x13:1c000000  PA:1c000130
14819373ns          244892 1c00874c 12c7a783 lw               x15, 300(x15)       x15=3ff7d7e5 x15:1c000000  PA:1c00012c
14819671ns          244907 1c008750 41755513 srai             x10, x10, 0x417     x10=00000083 x10:41ad38e0
14819691ns          244908 1c008752 68e7f7c3 fmadd.s          f15, f15, f14, f13  f15=xxxxxxxx f15:3ff7d7e5 f14:3f2d38e0 f13:c13c5fa8
14819711ns          244909 1c008756 1c0006b7 lui              x13, 0x1c000000     x13=1c000000
14819731ns          244910 1c00875a 1346a683 lw               x13, 308(x13)       x13=41fa6a03 x13:1c000000  PA:1c000134
14820069ns          244927 1c00875e f8250513 addi             x10, x10, -126      x10=00000005 x10:00000083
14820089ns          244928 1c008762 68e7f7c3 fmadd.s          f15, f15, f14, f13  f15=xxxxxxxx f15:c1276929 f14:3f2d38e0 f13:41fa6a03
14820109ns          244929 1c008766 1c0006b7 lui              x13, 0x1c000000     x13=1c000000
14820128ns          244930 1c00876a 1386a683 lw               x13, 312(x13)       x13=c23f0e08 x13:1c000000  PA:1c000138
14820427ns          244945 1c00876e d0057553 fcvt.s.w         f10, x10            f10=xxxxxxxx x10:00000005
14820447ns          244946 1c008772 68e7f7c3 fmadd.s          f15, f15, f14, f13  f15=xxxxxxxx f15:41c1c662 f14:3f2d38e0 f13:c23f0e08
14820467ns          244947 1c008776 1c0006b7 lui              x13, 0x1c000000     x13=1c000000
14820487ns          244948 1c00877a 13c6a683 lw               x13, 316(x13)       x13=42390412 x13:1c000000  PA:1c00013c
14820805ns          244964 1c00877e 68e7f7c3 fmadd.s          f15, f15, f14, f13  f15=xxxxxxxx f15:c1fafdf3 f14:3f2d38e0 f13:42390412
14820825ns          244965 1c008782 1c0006b7 lui              x13, 0x1c000000     x13=1c000000
14820845ns          244966 1c008786 1406a683 lw               x13, 320(x13)       x13=c1efd21b x13:1c000000  PA:1c000140
14821163ns          244982 1c00878a 68e7f7c3 fmadd.s          f15, f15, f14, f13  f15=xxxxxxxx f15:41c832c4 f14:3f2d38e0 f13:c1efd21b
14821183ns          244983 1c00878e 1c0006b7 lui              x13, 0x1c000000     x13=1c000000
14821203ns          244984 1c008792 1446a683 lw               x13, 324(x13)       x13=41644a86 x13:1c000000  PA:1c000144
14821521ns          245000 1c008796 68e7f7c3 fmadd.s          f15, f15, f14, f13  f15=xxxxxxxx f15:c150b6a5 f14:3f2d38e0 f13:41644a86
14821541ns          245001 1c00879a 1c0006b7 lui              x13, 0x1c000000     x13=1c000000
14821561ns          245002 1c00879e 1486a683 lw               x13, 328(x13)       x13=c087dba8 x13:1c000000  PA:1c000148
14821919ns          245020 1c0087a2 68e7f7c3 fmadd.s          f15, f15, f14, f13  f15=xxxxxxxx f15:40ae2174 f14:3f2d38e0 f13:c087dba8
14821939ns          245021 1c0087a6 00a7f553 fadd.s           f10, f15, f10       f10=xxxxxxxx f15:bf1042e7 f10:40a00000
14821958ns          245022 1c0087aa 00008067 jalr             x0, x1, 0            x1:1c0081c2
14822018ns          245025 1c0081c2 11557553 fmul.s           f10, f10, f21       f10=xxxxxxxx f10:408df7a3 f21:3f317218
14822038ns          245026 1c0081c6 00a4222b p.sw             x10, 4(x8!)          x8=10001668 x10:4044cefb  x8:10001664  PA:10001664
14822058ns          245027 1c0081ca ff4419e3 bne              x8, x20, -14         x8:10001668 x20:100017d8
14822118ns          245030 1c0081bc 0049a50b p.lw             x10, 4(x19!)        x10=427d2088 x19=1c010344 x19:1c010340  PA:1c010340
14822416ns          245045 1c0081c0 558000ef jal              x1, 1368             x1=1c0081c2
14822436ns          245046 1c008718 e00517d3 fclass.s         x15, f10            x15=00000040 f10:427d2088
14822456ns          245047 1c00871c 0817f793 andi             x15, x15, 129       x15=00000000 x15:00000040
14822476ns          245048 1c008720 08079b63 bne              x15, x0, 150        x15:00000000
14822495ns          245049 1c008722 00000793 addi             x15, x0, 0          x15=00000000
14822515ns          245050 1c008726 a0f52753 feq.s            x14, f10, f15       x14=00000000 f10:427d2088 f15:00000000
14822535ns          245051 1c00872a 08071163 bne              x14, x0, 130        x14:00000000
14822555ns          245052 1c00872c a0f507d3 fle.s            x15, f10, f15       x15=00000000 f10:427d2088 f15:00000000
14822575ns          245053 1c008730 08079863 bne              x15, x0, 144        x15:00000000
14822595ns          245054 1c008732 a0a527d3 feq.s            x15, f10, f10       x15=00000001 f10:427d2088 f10:427d2088
14822615ns          245055 1c008736 08078563 beq              x15, x0, 138        x15:00000001
14822635ns          245056 1c008738 d17537b3 p.bclr           x15, x10, 8, 23     x15=007d2088 x10:427d2088
14822655ns          245057 1c00873c cb87c733 p.bset           x14, x15, 5, 24     x14=3f7d2088 x15:007d2088
14822674ns          245058 1c008740 1c0006b7 lui              x13, 0x1c000000     x13=1c000000
14822694ns          245059 1c008744 1c0007b7 lui              x15, 0x1c000000     x15=1c000000
14822714ns          245060 1c008748 1306a683 lw               x13, 304(x13)       x13=c13c5fa8 x13:1c000000  PA:1c000130
14823013ns          245075 1c00874c 12c7a783 lw               x15, 300(x15)       x15=3ff7d7e5 x15:1c000000  PA:1c00012c
14823331ns          245091 1c008750 41755513 srai             x10, x10, 0x417     x10=00000084 x10:427d2088
14823351ns          245092 1c008752 68e7f7c3 fmadd.s          f15, f15, f14, f13  f15=xxxxxxxx f15:3ff7d7e5 f14:3f7d2088 f13:c13c5fa8
14823371ns          245093 1c008756 1c0006b7 lui              x13, 0x1c000000     x13=1c000000
14823391ns          245094 1c00875a 1346a683 lw               x13, 308(x13)       x13=41fa6a03 x13:1c000000  PA:1c000134
14823689ns          245109 1c00875e f8250513 addi             x10, x10, -126      x10=00000006 x10:00000084
14823709ns          245110 1c008762 68e7f7c3 fmadd.s          f15, f15, f14, f13  f15=xxxxxxxx f15:c11dbdad f14:3f7d2088 f13:41fa6a03
14823729ns          245111 1c008766 1c0006b7 lui              x13, 0x1c000000     x13=1c000000
14823749ns          245112 1c00876a 1386a683 lw               x13, 312(x13)       x13=c23f0e08 x13:1c000000  PA:1c000138
14824047ns          245127 1c00876e d0057553 fcvt.s.w         f10, x10            f10=xxxxxxxx x10:00000006
14824067ns          245128 1c008772 68e7f7c3 fmadd.s          f15, f15, f14, f13  f15=xxxxxxxx f15:41ac6dc3 f14:3f7d2088 f13:c23f0e08
14824087ns          245129 1c008776 1c0006b7 lui              x13, 0x1c000000     x13=1c000000
14824107ns          245130 1c00877a 13c6a683 lw               x13, 316(x13)       x13=42390412 x13:1c000000  PA:1c00013c
14824425ns          245146 1c00877e 68e7f7c3 fmadd.s          f15, f15, f14, f13  f15=xxxxxxxx f15:c1d39dad f14:3f7d2088 f13:42390412
14824445ns          245147 1c008782 1c0006b7 lui              x13, 0x1c000000     x13=1c000000
14824465ns          245148 1c008786 1406a683 lw               x13, 320(x13)       x13=c1efd21b x13:1c000000  PA:1c000140
14824783ns          245164 1c00878a 68e7f7c3 fmadd.s          f15, f15, f14, f13  f15=xxxxxxxx f15:41a0ca6c f14:3f7d2088 f13:c1efd21b
14824803ns          245165 1c00878e 1c0006b7 lui              x13, 0x1c000000     x13=1c000000
14824823ns          245166 1c008792 1446a683 lw               x13, 324(x13)       x13=41644a86 x13:1c000000  PA:1c000144
14825141ns          245182 1c008796 68e7f7c3 fmadd.s          f15, f15, f14, f13  f15=xxxxxxxx f15:c121ab3f f14:3f7d2088 f13:41644a86
14825161ns          245183 1c00879a 1c0006b7 lui              x13, 0x1c000000     x13=1c000000
14825181ns          245184 1c00879e 1486a683 lw               x13, 328(x13)       x13=c087dba8 x13:1c000000  PA:1c000148
14825499ns          245200 1c0087a2 68e7f7c3 fmadd.s          f15, f15, f14, f13  f15=xxxxxxxx f15:4088df7b f14:3f7d2088 f13:c087dba8
14825519ns          245201 1c0087a6 00a7f553 fadd.s           f10, f15, f10       f10=xxxxxxxx f15:bc8566cb f10:40c00000
14825539ns          245202 1c0087aa 00008067 jalr             x0, x1, 0            x1:1c0081c2
14825598ns          245205 1c0081c2 11557553 fmul.s           f10, f10, f21       f10=xxxxxxxx f10:40bf7a99 f21:3f317218
14825618ns          245206 1c0081c6 00a4222b p.sw             x10, 4(x8!)          x8=1000166c x10:4084b91a  x8:10001668  PA:10001668
14825638ns          245207 1c0081ca ff4419e3 bne              x8, x20, -14         x8:1000166c x20:100017d8
14825698ns          245210 1c0081bc 0049a50b p.lw             x10, 4(x19!)        x10=41b12d43 x19=1c010348 x19:1c010344  PA:1c010344
14826016ns          245226 1c0081c0 558000ef jal              x1, 1368             x1=1c0081c2
14826036ns          245227 1c008718 e00517d3 fclass.s         x15, f10            x15=00000040 f10:41b12d43
14826056ns          245228 1c00871c 0817f793 andi             x15, x15, 129       x15=00000000 x15:00000040
14826076ns          245229 1c008720 08079b63 bne              x15, x0, 150        x15:00000000
14826096ns          245230 1c008722 00000793 addi             x15, x0, 0          x15=00000000
14826116ns          245231 1c008726 a0f52753 feq.s            x14, f10, f15       x14=00000000 f10:41b12d43 f15:00000000
14826135ns          245232 1c00872a 08071163 bne              x14, x0, 130        x14:00000000
14826155ns          245233 1c00872c a0f507d3 fle.s            x15, f10, f15       x15=00000000 f10:41b12d43 f15:00000000
14826175ns          245234 1c008730 08079863 bne              x15, x0, 144        x15:00000000
14826195ns          245235 1c008732 a0a527d3 feq.s            x15, f10, f10       x15=00000001 f10:41b12d43 f10:41b12d43
14826215ns          245236 1c008736 08078563 beq              x15, x0, 138        x15:00000001
14826235ns          245237 1c008738 d17537b3 p.bclr           x15, x10, 8, 23     x15=00312d43 x10:41b12d43
14826255ns          245238 1c00873c cb87c733 p.bset           x14, x15, 5, 24     x14=3f312d43 x15:00312d43
14826275ns          245239 1c008740 1c0006b7 lui              x13, 0x1c000000     x13=1c000000
14826295ns          245240 1c008744 1c0007b7 lui              x15, 0x1c000000     x15=1c000000
14826315ns          245241 1c008748 1306a683 lw               x13, 304(x13)       x13=c13c5fa8 x13:1c000000  PA:1c000130
14826613ns          245256 1c00874c 12c7a783 lw               x15, 300(x15)       x15=3ff7d7e5 x15:1c000000  PA:1c00012c
14826911ns          245271 1c008750 41755513 srai             x10, x10, 0x417     x10=00000083 x10:41b12d43
14826931ns          245272 1c008752 68e7f7c3 fmadd.s          f15, f15, f14, f13  f15=xxxxxxxx f15:3ff7d7e5 f14:3f312d43 f13:c13c5fa8
14826951ns          245273 1c008756 1c0006b7 lui              x13, 0x1c000000     x13=1c000000
14826971ns          245274 1c00875a 1346a683 lw               x13, 308(x13)       x13=41fa6a03 x13:1c000000  PA:1c000134
14827309ns          245291 1c00875e f8250513 addi             x10, x10, -126      x10=00000005 x10:00000083
14827329ns          245292 1c008762 68e7f7c3 fmadd.s          f15, f15, f14, f13  f15=xxxxxxxx f15:c126eea5 f14:3f312d43 f13:41fa6a03
14827349ns          245293 1c008766 1c0006b7 lui              x13, 0x1c000000     x13=1c000000
14827369ns          245294 1c00876a 1386a683 lw               x13, 312(x13)       x13=c23f0e08 x13:1c000000  PA:1c000138
14827667ns          245309 1c00876e d0057553 fcvt.s.w         f10, x10            f10=xxxxxxxx x10:00000005
14827687ns          245310 1c008772 68e7f7c3 fmadd.s          f15, f15, f14, f13  f15=xxxxxxxx f15:41c0a5c1 f14:3f312d43 f13:c23f0e08
14827707ns          245311 1c008776 1c0006b7 lui              x13, 0x1c000000     x13=1c000000
14827727ns          245312 1c00877a 13c6a683 lw               x13, 316(x13)       x13=42390412 x13:1c000000  PA:1c00013c
14828045ns          245328 1c00877e 68e7f7c3 fmadd.s          f15, f15, f14, f13  f15=xxxxxxxx f15:c1f8c766 f14:3f312d43 f13:42390412
14828065ns          245329 1c008782 1c0006b7 lui              x13, 0x1c000000     x13=1c000000
14828085ns          245330 1c008786 1406a683 lw               x13, 320(x13)       x13=c1efd21b x13:1c000000  PA:1c000140
14828403ns          245346 1c00878a 68e7f7c3 fmadd.s          f15, f15, f14, f13  f15=xxxxxxxx f15:41c5da4a f14:3f312d43 f13:c1efd21b
14828423ns          245347 1c00878e 1c0006b7 lui              x13, 0x1c000000     x13=1c000000
14828443ns          245348 1c008792 1446a683 lw               x13, 324(x13)       x13=41644a86 x13:1c000000  PA:1c000144
14828761ns          245364 1c008796 68e7f7c3 fmadd.s          f15, f15, f14, f13  f15=xxxxxxxx f15:c14dc665 f14:3f312d43 f13:41644a86
14828781ns          245365 1c00879a 1c0006b7 lui              x13, 0x1c000000     x13=1c000000
14828801ns          245366 1c00879e 1486a683 lw               x13, 328(x13)       x13=c087dba8 x13:1c000000  PA:1c000148
14829119ns          245382 1c0087a2 68e7f7c3 fmadd.s          f15, f15, f14, f13  f15=xxxxxxxx f15:40abbff1 f14:3f312d43 f13:c087dba8
14829139ns          245383 1c0087a6 00a7f553 fadd.s           f10, f15, f10       f10=xxxxxxxx f15:bf07eca5 f10:40a00000
14829159ns          245384 1c0087aa 00008067 jalr             x0, x1, 0            x1:1c0081c2
14829219ns          245387 1c0081c2 11557553 fmul.s           f10, f10, f21       f10=xxxxxxxx f10:408f026b f21:3f317218
14829238ns          245388 1c0081c6 00a4222b p.sw             x10, 4(x8!)          x8=10001670 x10:404640d1  x8:1000166c  PA:1000166c
14829258ns          245389 1c0081ca ff4419e3 bne              x8, x20, -14         x8:10001670 x20:100017d8
14829318ns          245392 1c0081bc 0049a50b p.lw             x10, 4(x19!)        x10=42610da4 x19=1c01034c x19:1c010348  PA:1c010348
14829616ns          245407 1c0081c0 558000ef jal              x1, 1368             x1=1c0081c2
14829636ns          245408 1c008718 e00517d3 fclass.s         x15, f10            x15=00000040 f10:42610da4
14829656ns          245409 1c00871c 0817f793 andi             x15, x15, 129       x15=00000000 x15:00000040
14829676ns          245410 1c008720 08079b63 bne              x15, x0, 150        x15:00000000
14829696ns          245411 1c008722 00000793 addi             x15, x0, 0          x15=00000000
14829716ns          245412 1c008726 a0f52753 feq.s            x14, f10, f15       x14=00000000 f10:42610da4 f15:00000000
14829736ns          245413 1c00872a 08071163 bne              x14, x0, 130        x14:00000000
14829756ns          245414 1c00872c a0f507d3 fle.s            x15, f10, f15       x15=00000000 f10:42610da4 f15:00000000
14829775ns          245415 1c008730 08079863 bne              x15, x0, 144        x15:00000000
14829795ns          245416 1c008732 a0a527d3 feq.s            x15, f10, f10       x15=00000001 f10:42610da4 f10:42610da4
14829815ns          245417 1c008736 08078563 beq              x15, x0, 138        x15:00000001
14829835ns          245418 1c008738 d17537b3 p.bclr           x15, x10, 8, 23     x15=00610da4 x10:42610da4
14829855ns          245419 1c00873c cb87c733 p.bset           x14, x15, 5, 24     x14=3f610da4 x15:00610da4
14829875ns          245420 1c008740 1c0006b7 lui              x13, 0x1c000000     x13=1c000000
14829895ns          245421 1c008744 1c0007b7 lui              x15, 0x1c000000     x15=1c000000
14829915ns          245422 1c008748 1306a683 lw               x13, 304(x13)       x13=c13c5fa8 x13:1c000000  PA:1c000130
14830213ns          245437 1c00874c 12c7a783 lw               x15, 300(x15)       x15=3ff7d7e5 x15:1c000000  PA:1c00012c
14830511ns          245452 1c008750 41755513 srai             x10, x10, 0x417     x10=00000084 x10:42610da4
14830531ns          245453 1c008752 68e7f7c3 fmadd.s          f15, f15, f14, f13  f15=xxxxxxxx f15:3ff7d7e5 f14:3f610da4 f13:c13c5fa8
14830551ns          245454 1c008756 1c0006b7 lui              x13, 0x1c000000     x13=1c000000
14830571ns          245455 1c00875a 1346a683 lw               x13, 308(x13)       x13=41fa6a03 x13:1c000000  PA:1c000134
14830869ns          245470 1c00875e f8250513 addi             x10, x10, -126      x10=00000006 x10:00000084
14830889ns          245471 1c008762 68e7f7c3 fmadd.s          f15, f15, f14, f13  f15=xxxxxxxx f15:c1212369 f14:3f610da4 f13:41fa6a03
14830909ns          245472 1c008766 1c0006b7 lui              x13, 0x1c000000     x13=1c000000
14830929ns          245473 1c00876a 1386a683 lw               x13, 312(x13)       x13=c23f0e08 x13:1c000000  PA:1c000138
14831267ns          245490 1c00876e d0057553 fcvt.s.w         f10, x10            f10=xxxxxxxx x10:00000006
14831287ns          245491 1c008772 68e7f7c3 fmadd.s          f15, f15, f14, f13  f15=xxxxxxxx f15:41b395a8 f14:3f610da4 f13:c23f0e08
14831307ns          245492 1c008776 1c0006b7 lui              x13, 0x1c000000     x13=1c000000
14831327ns          245493 1c00877a 13c6a683 lw               x13, 316(x13)       x13=42390412 x13:1c000000  PA:1c00013c
14831645ns          245509 1c00877e 68e7f7c3 fmadd.s          f15, f15, f14, f13  f15=xxxxxxxx f15:c1e03bf6 f14:3f610da4 f13:42390412
14831665ns          245510 1c008782 1c0006b7 lui              x13, 0x1c000000     x13=1c000000
14831685ns          245511 1c008786 1406a683 lw               x13, 320(x13)       x13=c1efd21b x13:1c000000  PA:1c000140
14832003ns          245527 1c00878a 68e7f7c3 fmadd.s          f15, f15, f14, f13  f15=xxxxxxxx f15:41ace77e f14:3f610da4 f13:c1efd21b
14832023ns          245528 1c00878e 1c0006b7 lui              x13, 0x1c000000     x13=1c000000
14832043ns          245529 1c008792 1446a683 lw               x13, 324(x13)       x13=41644a86 x13:1c000000  PA:1c000144
14832361ns          245545 1c008796 68e7f7c3 fmadd.s          f15, f15, f14, f13  f15=xxxxxxxx f15:c12fa2dd f14:3f610da4 f13:41644a86
14832381ns          245546 1c00879a 1c0006b7 lui              x13, 0x1c000000     x13=1c000000
14832401ns          245547 1c00879e 1486a683 lw               x13, 328(x13)       x13=c087dba8 x13:1c000000  PA:1c000148
14832719ns          245563 1c0087a2 68e7f7c3 fmadd.s          f15, f15, f14, f13  f15=xxxxxxxx f15:4093c60c f14:3f610da4 f13:c087dba8
14832739ns          245564 1c0087a6 00a7f553 fadd.s           f10, f15, f10       f10=xxxxxxxx f15:be3e56f7 f10:40c00000
14832759ns          245565 1c0087aa 00008067 jalr             x0, x1, 0            x1:1c0081c2
14832819ns          245568 1c0081c2 11557553 fmul.s           f10, f10, f21       f10=xxxxxxxx f10:40ba0d48 f21:3f317218
14832839ns          245569 1c0081c6 00a4222b p.sw             x10, 4(x8!)          x8=10001674 x10:4080f61a  x8:10001670  PA:10001670
14832859ns          245570 1c0081ca ff4419e3 bne              x8, x20, -14         x8:10001674 x20:100017d8
14832918ns          245573 1c0081bc 0049a50b p.lw             x10, 4(x19!)        x10=410e8f55 x19=1c010350 x19:1c01034c  PA:1c01034c
14833217ns          245588 1c0081c0 558000ef jal              x1, 1368             x1=1c0081c2
14833236ns          245589 1c008718 e00517d3 fclass.s         x15, f10            x15=00000040 f10:410e8f55
14833256ns          245590 1c00871c 0817f793 andi             x15, x15, 129       x15=00000000 x15:00000040
14833276ns          245591 1c008720 08079b63 bne              x15, x0, 150        x15:00000000
14833296ns          245592 1c008722 00000793 addi             x15, x0, 0          x15=00000000
14833316ns          245593 1c008726 a0f52753 feq.s            x14, f10, f15       x14=00000000 f10:410e8f55 f15:00000000
14833336ns          245594 1c00872a 08071163 bne              x14, x0, 130        x14:00000000
14833356ns          245595 1c00872c a0f507d3 fle.s            x15, f10, f15       x15=00000000 f10:410e8f55 f15:00000000
14833376ns          245596 1c008730 08079863 bne              x15, x0, 144        x15:00000000
14833396ns          245597 1c008732 a0a527d3 feq.s            x15, f10, f10       x15=00000001 f10:410e8f55 f10:410e8f55
14833416ns          245598 1c008736 08078563 beq              x15, x0, 138        x15:00000001
14833435ns          245599 1c008738 d17537b3 p.bclr           x15, x10, 8, 23     x15=000e8f55 x10:410e8f55
14833455ns          245600 1c00873c cb87c733 p.bset           x14, x15, 5, 24     x14=3f0e8f55 x15:000e8f55
14833475ns          245601 1c008740 1c0006b7 lui              x13, 0x1c000000     x13=1c000000
14833495ns          245602 1c008744 1c0007b7 lui              x15, 0x1c000000     x15=1c000000
14833515ns          245603 1c008748 1306a683 lw               x13, 304(x13)       x13=c13c5fa8 x13:1c000000  PA:1c000130
14833813ns          245618 1c00874c 12c7a783 lw               x15, 300(x15)       x15=3ff7d7e5 x15:1c000000  PA:1c00012c
14834112ns          245633 1c008750 41755513 srai             x10, x10, 0x417     x10=00000082 x10:410e8f55
14834132ns          245634 1c008752 68e7f7c3 fmadd.s          f15, f15, f14, f13  f15=xxxxxxxx f15:3ff7d7e5 f14:3f0e8f55 f13:c13c5fa8
14834151ns          245635 1c008756 1c0006b7 lui              x13, 0x1c000000     x13=1c000000
14834171ns          245636 1c00875a 1346a683 lw               x13, 308(x13)       x13=41fa6a03 x13:1c000000  PA:1c000134
14834470ns          245651 1c00875e f8250513 addi             x10, x10, -126      x10=00000004 x10:00000082
14834490ns          245652 1c008762 68e7f7c3 fmadd.s          f15, f15, f14, f13  f15=xxxxxxxx f15:c12b1f17 f14:3f0e8f55 f13:41fa6a03
14834509ns          245653 1c008766 1c0006b7 lui              x13, 0x1c000000     x13=1c000000
14834529ns          245654 1c00876a 1386a683 lw               x13, 312(x13)       x13=c23f0e08 x13:1c000000  PA:1c000138
14834868ns          245671 1c00876e d0057553 fcvt.s.w         f10, x10            f10=xxxxxxxx x10:00000004
14834887ns          245672 1c008772 68e7f7c3 fmadd.s          f15, f15, f14, f13  f15=xxxxxxxx f15:41cac47c f14:3f0e8f55 f13:c23f0e08
14834907ns          245673 1c008776 1c0006b7 lui              x13, 0x1c000000     x13=1c000000
14834927ns          245674 1c00877a 13c6a683 lw               x13, 316(x13)       x13=42390412 x13:1c000000  PA:1c00013c
14835265ns          245691 1c00877e 68e7f7c3 fmadd.s          f15, f15, f14, f13  f15=xxxxxxxx f15:c20698c6 f14:3f0e8f55 f13:42390412
14835285ns          245692 1c008782 1c0006b7 lui              x13, 0x1c000000     x13=1c000000
14835305ns          245693 1c008786 1406a683 lw               x13, 320(x13)       x13=c1efd21b x13:1c000000  PA:1c000140
14835623ns          245709 1c00878a 68e7f7c3 fmadd.s          f15, f15, f14, f13  f15=xxxxxxxx f15:41dc1ff0 f14:3f0e8f55 f13:c1efd21b
14835643ns          245710 1c00878e 1c0006b7 lui              x13, 0x1c000000     x13=1c000000
14835663ns          245711 1c008792 1446a683 lw               x13, 324(x13)       x13=41644a86 x13:1c000000  PA:1c000144
14835981ns          245727 1c008796 68e7f7c3 fmadd.s          f15, f15, f14, f13  f15=xxxxxxxx f15:c16a7a4a f14:3f0e8f55 f13:41644a86
14836001ns          245728 1c00879a 1c0006b7 lui              x13, 0x1c000000     x13=1c000000
14836021ns          245729 1c00879e 1486a683 lw               x13, 328(x13)       x13=c087dba8 x13:1c000000  PA:1c000148
14836339ns          245745 1c0087a2 68e7f7c3 fmadd.s          f15, f15, f14, f13  f15=xxxxxxxx f15:40c36ed2 f14:3f0e8f55 f13:c087dba8
14836359ns          245746 1c0087a6 00a7f553 fadd.s           f10, f15, f10       f10=xxxxxxxx f15:bf58361e f10:40800000
14836379ns          245747 1c0087aa 00008067 jalr             x0, x1, 0            x1:1c0081c2
14836439ns          245750 1c0081c2 11557553 fmul.s           f10, f10, f21       f10=xxxxxxxx f10:4049f278 f21:3f317218
14836459ns          245751 1c0081c6 00a4222b p.sw             x10, 4(x8!)          x8=10001678 x10:400bfaa6  x8:10001674  PA:10001674
14836479ns          245752 1c0081ca ff4419e3 bne              x8, x20, -14         x8:10001678 x20:100017d8
14836538ns          245755 1c0081bc 0049a50b p.lw             x10, 4(x19!)        x10=427a9718 x19=1c010354 x19:1c010350  PA:1c010350
14836837ns          245770 1c0081c0 558000ef jal              x1, 1368             x1=1c0081c2
14836857ns          245771 1c008718 e00517d3 fclass.s         x15, f10            x15=00000040 f10:427a9718
14836876ns          245772 1c00871c 0817f793 andi             x15, x15, 129       x15=00000000 x15:00000040
14836896ns          245773 1c008720 08079b63 bne              x15, x0, 150        x15:00000000
14836916ns          245774 1c008722 00000793 addi             x15, x0, 0          x15=00000000
14836936ns          245775 1c008726 a0f52753 feq.s            x14, f10, f15       x14=00000000 f10:427a9718 f15:00000000
14836956ns          245776 1c00872a 08071163 bne              x14, x0, 130        x14:00000000
14836976ns          245777 1c00872c a0f507d3 fle.s            x15, f10, f15       x15=00000000 f10:427a9718 f15:00000000
14836996ns          245778 1c008730 08079863 bne              x15, x0, 144        x15:00000000
14837016ns          245779 1c008732 a0a527d3 feq.s            x15, f10, f10       x15=00000001 f10:427a9718 f10:427a9718
14837036ns          245780 1c008736 08078563 beq              x15, x0, 138        x15:00000001
14837056ns          245781 1c008738 d17537b3 p.bclr           x15, x10, 8, 23     x15=007a9718 x10:427a9718
14837075ns          245782 1c00873c cb87c733 p.bset           x14, x15, 5, 24     x14=3f7a9718 x15:007a9718
14837095ns          245783 1c008740 1c0006b7 lui              x13, 0x1c000000     x13=1c000000
14837115ns          245784 1c008744 1c0007b7 lui              x15, 0x1c000000     x15=1c000000
14837135ns          245785 1c008748 1306a683 lw               x13, 304(x13)       x13=c13c5fa8 x13:1c000000  PA:1c000130
14837433ns          245800 1c00874c 12c7a783 lw               x15, 300(x15)       x15=3ff7d7e5 x15:1c000000  PA:1c00012c
14837732ns          245815 1c008750 41755513 srai             x10, x10, 0x417     x10=00000084 x10:427a9718
14837752ns          245816 1c008752 68e7f7c3 fmadd.s          f15, f15, f14, f13  f15=xxxxxxxx f15:3ff7d7e5 f14:3f7a9718 f13:c13c5fa8
14837772ns          245817 1c008756 1c0006b7 lui              x13, 0x1c000000     x13=1c000000
14837791ns          245818 1c00875a 1346a683 lw               x13, 308(x13)       x13=41fa6a03 x13:1c000000  PA:1c000134
14838090ns          245833 1c00875e f8250513 addi             x10, x10, -126      x10=00000006 x10:00000084
14838110ns          245834 1c008762 68e7f7c3 fmadd.s          f15, f15, f14, f13  f15=xxxxxxxx f15:c11e0c44 f14:3f7a9718 f13:41fa6a03
14838130ns          245835 1c008766 1c0006b7 lui              x13, 0x1c000000     x13=1c000000
14838150ns          245836 1c00876a 1386a683 lw               x13, 312(x13)       x13=c23f0e08 x13:1c000000  PA:1c000138
14838448ns          245851 1c00876e d0057553 fcvt.s.w         f10, x10            f10=xxxxxxxx x10:00000006
14838468ns          245852 1c008772 68e7f7c3 fmadd.s          f15, f15, f14, f13  f15=xxxxxxxx f15:41ad0f62 f14:3f7a9718 f13:c23f0e08
14838488ns          245853 1c008776 1c0006b7 lui              x13, 0x1c000000     x13=1c000000
14838508ns          245854 1c00877a 13c6a683 lw               x13, 316(x13)       x13=42390412 x13:1c000000  PA:1c00013c
14838826ns          245870 1c00877e 68e7f7c3 fmadd.s          f15, f15, f14, f13  f15=xxxxxxxx f15:c1d4b4e6 f14:3f7a9718 f13:42390412
14838846ns          245871 1c008782 1c0006b7 lui              x13, 0x1c000000     x13=1c000000
14838866ns          245872 1c008786 1406a683 lw               x13, 320(x13)       x13=c1efd21b x13:1c000000  PA:1c000140
14839184ns          245888 1c00878a 68e7f7c3 fmadd.s          f15, f15, f14, f13  f15=xxxxxxxx f15:41a1d1f1 f14:3f7a9718 f13:c1efd21b
14839204ns          245889 1c00878e 1c0006b7 lui              x13, 0x1c000000     x13=1c000000
14839224ns          245890 1c008792 1446a683 lw               x13, 324(x13)       x13=41644a86 x13:1c000000  PA:1c000144
14839542ns          245906 1c008796 68e7f7c3 fmadd.s          f15, f15, f14, f13  f15=xxxxxxxx f15:c122d727 f14:3f7a9718 f13:41644a86
14839562ns          245907 1c00879a 1c0006b7 lui              x13, 0x1c000000     x13=1c000000
14839582ns          245908 1c00879e 1486a683 lw               x13, 328(x13)       x13=c087dba8 x13:1c000000  PA:1c000148
14839900ns          245924 1c0087a2 68e7f7c3 fmadd.s          f15, f15, f14, f13  f15=xxxxxxxx f15:4089c89b f14:3f7a9718 f13:c087dba8
14839920ns          245925 1c0087a6 00a7f553 fadd.s           f10, f15, f10       f10=xxxxxxxx f15:bcfc6e64 f10:40c00000
14839940ns          245926 1c0087aa 00008067 jalr             x0, x1, 0            x1:1c0081c2
14839999ns          245929 1c0081c2 11557553 fmul.s           f10, f10, f21       f10=xxxxxxxx f10:40bf0392 f21:3f317218
14840019ns          245930 1c0081c6 00a4222b p.sw             x10, 4(x8!)          x8=1000167c x10:40846699  x8:10001678  PA:10001678
14840039ns          245931 1c0081ca ff4419e3 bne              x8, x20, -14         x8:1000167c x20:100017d8
14840099ns          245934 1c0081bc 0049a50b p.lw             x10, 4(x19!)        x10=429cb28d x19=1c010358 x19:1c010354  PA:1c010354
14840397ns          245949 1c0081c0 558000ef jal              x1, 1368             x1=1c0081c2
14840417ns          245950 1c008718 e00517d3 fclass.s         x15, f10            x15=00000040 f10:429cb28d
14840437ns          245951 1c00871c 0817f793 andi             x15, x15, 129       x15=00000000 x15:00000040
14840457ns          245952 1c008720 08079b63 bne              x15, x0, 150        x15:00000000
14840477ns          245953 1c008722 00000793 addi             x15, x0, 0          x15=00000000
14840497ns          245954 1c008726 a0f52753 feq.s            x14, f10, f15       x14=00000000 f10:429cb28d f15:00000000
14840517ns          245955 1c00872a 08071163 bne              x14, x0, 130        x14:00000000
14840536ns          245956 1c00872c a0f507d3 fle.s            x15, f10, f15       x15=00000000 f10:429cb28d f15:00000000
14840556ns          245957 1c008730 08079863 bne              x15, x0, 144        x15:00000000
14840576ns          245958 1c008732 a0a527d3 feq.s            x15, f10, f10       x15=00000001 f10:429cb28d f10:429cb28d
14840596ns          245959 1c008736 08078563 beq              x15, x0, 138        x15:00000001
14840616ns          245960 1c008738 d17537b3 p.bclr           x15, x10, 8, 23     x15=001cb28d x10:429cb28d
14840636ns          245961 1c00873c cb87c733 p.bset           x14, x15, 5, 24     x14=3f1cb28d x15:001cb28d
14840656ns          245962 1c008740 1c0006b7 lui              x13, 0x1c000000     x13=1c000000
14840676ns          245963 1c008744 1c0007b7 lui              x15, 0x1c000000     x15=1c000000
14840696ns          245964 1c008748 1306a683 lw               x13, 304(x13)       x13=c13c5fa8 x13:1c000000  PA:1c000130
14840994ns          245979 1c00874c 12c7a783 lw               x15, 300(x15)       x15=3ff7d7e5 x15:1c000000  PA:1c00012c
14841292ns          245994 1c008750 41755513 srai             x10, x10, 0x417     x10=00000085 x10:429cb28d
14841312ns          245995 1c008752 68e7f7c3 fmadd.s          f15, f15, f14, f13  f15=xxxxxxxx f15:3ff7d7e5 f14:3f1cb28d f13:c13c5fa8
14841332ns          245996 1c008756 1c0006b7 lui              x13, 0x1c000000     x13=1c000000
14841352ns          245997 1c00875a 1346a683 lw               x13, 308(x13)       x13=41fa6a03 x13:1c000000  PA:1c000134
14841650ns          246012 1c00875e f8250513 addi             x10, x10, -126      x10=00000007 x10:00000085
14841670ns          246013 1c008762 68e7f7c3 fmadd.s          f15, f15, f14, f13  f15=xxxxxxxx f15:c129691a f14:3f1cb28d f13:41fa6a03
14841690ns          246014 1c008766 1c0006b7 lui              x13, 0x1c000000     x13=1c000000
14841710ns          246015 1c00876a 1386a683 lw               x13, 312(x13)       x13=c23f0e08 x13:1c000000  PA:1c000138
14842008ns          246030 1c00876e d0057553 fcvt.s.w         f10, x10            f10=xxxxxxxx x10:00000007
14842028ns          246031 1c008772 68e7f7c3 fmadd.s          f15, f15, f14, f13  f15=xxxxxxxx f15:41c690e9 f14:3f1cb28d f13:c23f0e08
14842048ns          246032 1c008776 1c0006b7 lui              x13, 0x1c000000     x13=1c000000
14842068ns          246033 1c00877a 13c6a683 lw               x13, 316(x13)       x13=42390412 x13:1c000000  PA:1c00013c
14842386ns          246049 1c00877e 68e7f7c3 fmadd.s          f15, f15, f14, f13  f15=xxxxxxxx f15:c20248a2 f14:3f1cb28d f13:42390412
14842406ns          246050 1c008782 1c0006b7 lui              x13, 0x1c000000     x13=1c000000
14842426ns          246051 1c008786 1406a683 lw               x13, 320(x13)       x13=c1efd21b x13:1c000000  PA:1c000140
14842744ns          246067 1c00878a 68e7f7c3 fmadd.s          f15, f15, f14, f13  f15=xxxxxxxx f15:41d289e2 f14:3f1cb28d f13:c1efd21b
14842764ns          246068 1c00878e 1c0006b7 lui              x13, 0x1c000000     x13=1c000000
14842784ns          246069 1c008792 1446a683 lw               x13, 324(x13)       x13=41644a86 x13:1c000000  PA:1c000144
14843102ns          246085 1c008796 68e7f7c3 fmadd.s          f15, f15, f14, f13  f15=xxxxxxxx f15:c15de67b f14:3f1cb28d f13:41644a86
14843122ns          246086 1c00879a 1c0006b7 lui              x13, 0x1c000000     x13=1c000000
14843142ns          246087 1c00879e 1486a683 lw               x13, 328(x13)       x13=c087dba8 x13:1c000000  PA:1c000148
14843500ns          246105 1c0087a2 68e7f7c3 fmadd.s          f15, f15, f14, f13  f15=xxxxxxxx f15:40b8ee9d f14:3f1cb28d f13:c087dba8
14843520ns          246106 1c0087a6 00a7f553 fadd.s           f10, f15, f10       f10=xxxxxxxx f15:bf354a24 f10:40e00000
14843540ns          246107 1c0087aa 00008067 jalr             x0, x1, 0            x1:1c0081c2
14843600ns          246110 1c0081c2 11557553 fmul.s           f10, f10, f21       f10=xxxxxxxx f10:40c956bc f21:3f317218
14843619ns          246111 1c0081c6 00a4222b p.sw             x10, 4(x8!)          x8=10001680 x10:408b8eb3  x8:1000167c  PA:1000167c
14843639ns          246112 1c0081ca ff4419e3 bne              x8, x20, -14         x8:10001680 x20:100017d8
14843699ns          246115 1c0081bc 0049a50b p.lw             x10, 4(x19!)        x10=42425b10 x19=1c01035c x19:1c010358  PA:1c010358
14843997ns          246130 1c0081c0 558000ef jal              x1, 1368             x1=1c0081c2
14844017ns          246131 1c008718 e00517d3 fclass.s         x15, f10            x15=00000040 f10:42425b10
14844037ns          246132 1c00871c 0817f793 andi             x15, x15, 129       x15=00000000 x15:00000040
14844057ns          246133 1c008720 08079b63 bne              x15, x0, 150        x15:00000000
14844077ns          246134 1c008722 00000793 addi             x15, x0, 0          x15=00000000
14844097ns          246135 1c008726 a0f52753 feq.s            x14, f10, f15       x14=00000000 f10:42425b10 f15:00000000
14844117ns          246136 1c00872a 08071163 bne              x14, x0, 130        x14:00000000
14844137ns          246137 1c00872c a0f507d3 fle.s            x15, f10, f15       x15=00000000 f10:42425b10 f15:00000000
14844157ns          246138 1c008730 08079863 bne              x15, x0, 144        x15:00000000
14844176ns          246139 1c008732 a0a527d3 feq.s            x15, f10, f10       x15=00000001 f10:42425b10 f10:42425b10
14844196ns          246140 1c008736 08078563 beq              x15, x0, 138        x15:00000001
14844216ns          246141 1c008738 d17537b3 p.bclr           x15, x10, 8, 23     x15=00425b10 x10:42425b10
14844236ns          246142 1c00873c cb87c733 p.bset           x14, x15, 5, 24     x14=3f425b10 x15:00425b10
14844256ns          246143 1c008740 1c0006b7 lui              x13, 0x1c000000     x13=1c000000
14844276ns          246144 1c008744 1c0007b7 lui              x15, 0x1c000000     x15=1c000000
14844296ns          246145 1c008748 1306a683 lw               x13, 304(x13)       x13=c13c5fa8 x13:1c000000  PA:1c000130
14844614ns          246161 1c00874c 12c7a783 lw               x15, 300(x15)       x15=3ff7d7e5 x15:1c000000  PA:1c00012c
14844912ns          246176 1c008750 41755513 srai             x10, x10, 0x417     x10=00000084 x10:42425b10
14844932ns          246177 1c008752 68e7f7c3 fmadd.s          f15, f15, f14, f13  f15=xxxxxxxx f15:3ff7d7e5 f14:3f425b10 f13:c13c5fa8
14844952ns          246178 1c008756 1c0006b7 lui              x13, 0x1c000000     x13=1c000000
14844972ns          246179 1c00875a 1346a683 lw               x13, 308(x13)       x13=41fa6a03 x13:1c000000  PA:1c000134
14845270ns          246194 1c00875e f8250513 addi             x10, x10, -126      x10=00000006 x10:00000084
14845290ns          246195 1c008762 68e7f7c3 fmadd.s          f15, f15, f14, f13  f15=xxxxxxxx f15:c124da6f f14:3f425b10 f13:41fa6a03
14845310ns          246196 1c008766 1c0006b7 lui              x13, 0x1c000000     x13=1c000000
14845330ns          246197 1c00876a 1386a683 lw               x13, 312(x13)       x13=c23f0e08 x13:1c000000  PA:1c000138
14845628ns          246212 1c00876e d0057553 fcvt.s.w         f10, x10            f10=xxxxxxxx x10:00000006
14845648ns          246213 1c008772 68e7f7c3 fmadd.s          f15, f15, f14, f13  f15=xxxxxxxx f15:41bbd5ed f14:3f425b10 f13:c23f0e08
14845668ns          246214 1c008776 1c0006b7 lui              x13, 0x1c000000     x13=1c000000
14845688ns          246215 1c00877a 13c6a683 lw               x13, 316(x13)       x13=42390412 x13:1c000000  PA:1c00013c
14846006ns          246231 1c00877e 68e7f7c3 fmadd.s          f15, f15, f14, f13  f15=xxxxxxxx f15:c1ef8122 f14:3f425b10 f13:42390412
14846026ns          246232 1c008782 1c0006b7 lui              x13, 0x1c000000     x13=1c000000
14846046ns          246233 1c008786 1406a683 lw               x13, 320(x13)       x13=c1efd21b x13:1c000000  PA:1c000140
14846364ns          246249 1c00878a 68e7f7c3 fmadd.s          f15, f15, f14, f13  f15=xxxxxxxx f15:41bc3316 f14:3f425b10 f13:c1efd21b
14846384ns          246250 1c00878e 1c0006b7 lui              x13, 0x1c000000     x13=1c000000
14846404ns          246251 1c008792 1446a683 lw               x13, 324(x13)       x13=41644a86 x13:1c000000  PA:1c000144
14846722ns          246267 1c008796 68e7f7c3 fmadd.s          f15, f15, f14, f13  f15=xxxxxxxx f15:c141e0e5 f14:3f425b10 f13:41644a86
14846742ns          246268 1c00879a 1c0006b7 lui              x13, 0x1c000000     x13=1c000000
14846762ns          246269 1c00879e 1486a683 lw               x13, 328(x13)       x13=c087dba8 x13:1c000000  PA:1c000148
14847080ns          246285 1c0087a2 68e7f7c3 fmadd.s          f15, f15, f14, f13  f15=xxxxxxxx f15:40a23243 f14:3f425b10 f13:c087dba8
14847100ns          246286 1c0087a6 00a7f553 fadd.s           f10, f15, f10       f10=xxxxxxxx f15:becb7df4 f10:40c00000
14847120ns          246287 1c0087aa 00008067 jalr             x0, x1, 0            x1:1c0081c2
14847180ns          246290 1c0081c2 11557553 fmul.s           f10, f10, f21       f10=xxxxxxxx f10:40b34821 f21:3f317218
14847200ns          246291 1c0081c6 00a4222b p.sw             x10, 4(x8!)          x8=10001684 x10:4078898b  x8:10001680  PA:10001680
14847220ns          246292 1c0081ca ff4419e3 bne              x8, x20, -14         x8:10001684 x20:100017d8
14847279ns          246295 1c0081bc 0049a50b p.lw             x10, 4(x19!)        x10=41de9ac3 x19=1c010360 x19:1c01035c  PA:1c01035c
14847578ns          246310 1c0081c0 558000ef jal              x1, 1368             x1=1c0081c2
14847598ns          246311 1c008718 e00517d3 fclass.s         x15, f10            x15=00000040 f10:41de9ac3
14847618ns          246312 1c00871c 0817f793 andi             x15, x15, 129       x15=00000000 x15:00000040
14847637ns          246313 1c008720 08079b63 bne              x15, x0, 150        x15:00000000
14847657ns          246314 1c008722 00000793 addi             x15, x0, 0          x15=00000000
14847677ns          246315 1c008726 a0f52753 feq.s            x14, f10, f15       x14=00000000 f10:41de9ac3 f15:00000000
14847697ns          246316 1c00872a 08071163 bne              x14, x0, 130        x14:00000000
14847717ns          246317 1c00872c a0f507d3 fle.s            x15, f10, f15       x15=00000000 f10:41de9ac3 f15:00000000
14847737ns          246318 1c008730 08079863 bne              x15, x0, 144        x15:00000000
14847757ns          246319 1c008732 a0a527d3 feq.s            x15, f10, f10       x15=00000001 f10:41de9ac3 f10:41de9ac3
14847777ns          246320 1c008736 08078563 beq              x15, x0, 138        x15:00000001
14847797ns          246321 1c008738 d17537b3 p.bclr           x15, x10, 8, 23     x15=005e9ac3 x10:41de9ac3
14847816ns          246322 1c00873c cb87c733 p.bset           x14, x15, 5, 24     x14=3f5e9ac3 x15:005e9ac3
14847836ns          246323 1c008740 1c0006b7 lui              x13, 0x1c000000     x13=1c000000
14847856ns          246324 1c008744 1c0007b7 lui              x15, 0x1c000000     x15=1c000000
14847876ns          246325 1c008748 1306a683 lw               x13, 304(x13)       x13=c13c5fa8 x13:1c000000  PA:1c000130
14848174ns          246340 1c00874c 12c7a783 lw               x15, 300(x15)       x15=3ff7d7e5 x15:1c000000  PA:1c00012c
14848473ns          246355 1c008750 41755513 srai             x10, x10, 0x417     x10=00000083 x10:41de9ac3
14848493ns          246356 1c008752 68e7f7c3 fmadd.s          f15, f15, f14, f13  f15=xxxxxxxx f15:3ff7d7e5 f14:3f5e9ac3 f13:c13c5fa8
14848513ns          246357 1c008756 1c0006b7 lui              x13, 0x1c000000     x13=1c000000
14848532ns          246358 1c00875a 1346a683 lw               x13, 308(x13)       x13=41fa6a03 x13:1c000000  PA:1c000134
14848831ns          246373 1c00875e f8250513 addi             x10, x10, -126      x10=00000005 x10:00000083
14848851ns          246374 1c008762 68e7f7c3 fmadd.s          f15, f15, f14, f13  f15=xxxxxxxx f15:c1216f46 f14:3f5e9ac3 f13:41fa6a03
14848871ns          246375 1c008766 1c0006b7 lui              x13, 0x1c000000     x13=1c000000
14848891ns          246376 1c00876a 1386a683 lw               x13, 312(x13)       x13=c23f0e08 x13:1c000000  PA:1c000138
14849189ns          246391 1c00876e d0057553 fcvt.s.w         f10, x10            f10=xxxxxxxx x10:00000005
14849209ns          246392 1c008772 68e7f7c3 fmadd.s          f15, f15, f14, f13  f15=xxxxxxxx f15:41b439f8 f14:3f5e9ac3 f13:c23f0e08
14849229ns          246393 1c008776 1c0006b7 lui              x13, 0x1c000000     x13=1c000000
14849249ns          246394 1c00877a 13c6a683 lw               x13, 316(x13)       x13=42390412 x13:1c000000  PA:1c00013c
14849567ns          246410 1c00877e 68e7f7c3 fmadd.s          f15, f15, f14, f13  f15=xxxxxxxx f15:c1e164d7 f14:3f5e9ac3 f13:42390412
14849587ns          246411 1c008782 1c0006b7 lui              x13, 0x1c000000     x13=1c000000
14849607ns          246412 1c008786 1406a683 lw               x13, 320(x13)       x13=c1efd21b x13:1c000000  PA:1c000140
14849945ns          246429 1c00878a 68e7f7c3 fmadd.s          f15, f15, f14, f13  f15=xxxxxxxx f15:41ae0a6f f14:3f5e9ac3 f13:c1efd21b
14849965ns          246430 1c00878e 1c0006b7 lui              x13, 0x1c000000     x13=1c000000
14849985ns          246431 1c008792 1446a683 lw               x13, 324(x13)       x13=41644a86 x13:1c000000  PA:1c000144
14850303ns          246447 1c008796 68e7f7c3 fmadd.s          f15, f15, f14, f13  f15=xxxxxxxx f15:c130f7b0 f14:3f5e9ac3 f13:41644a86
14850323ns          246448 1c00879a 1c0006b7 lui              x13, 0x1c000000     x13=1c000000
14850343ns          246449 1c00879e 1486a683 lw               x13, 328(x13)       x13=c087dba8 x13:1c000000  PA:1c000148
14850661ns          246465 1c0087a2 68e7f7c3 fmadd.s          f15, f15, f14, f13  f15=xxxxxxxx f15:4094d17f f14:3f5e9ac3 f13:c087dba8
14850681ns          246466 1c0087a6 00a7f553 fadd.s           f10, f15, f10       f10=xxxxxxxx f15:be4e8090 f10:40a00000
14850701ns          246467 1c0087aa 00008067 jalr             x0, x1, 0            x1:1c0081c2
14850760ns          246470 1c0081c2 11557553 fmul.s           f10, f10, f21       f10=xxxxxxxx f10:40998bfc f21:3f317218
14850780ns          246471 1c0081c6 00a4222b p.sw             x10, 4(x8!)          x8=10001688 x10:4054dc70  x8:10001684  PA:10001684
14850800ns          246472 1c0081ca ff4419e3 bne              x8, x20, -14         x8:10001688 x20:100017d8
14850860ns          246475 1c0081bc 0049a50b p.lw             x10, 4(x19!)        x10=42003232 x19=1c010364 x19:1c010360  PA:1c010360
14851158ns          246490 1c0081c0 558000ef jal              x1, 1368             x1=1c0081c2
14851178ns          246491 1c008718 e00517d3 fclass.s         x15, f10            x15=00000040 f10:42003232
14851198ns          246492 1c00871c 0817f793 andi             x15, x15, 129       x15=00000000 x15:00000040
14851218ns          246493 1c008720 08079b63 bne              x15, x0, 150        x15:00000000
14851238ns          246494 1c008722 00000793 addi             x15, x0, 0          x15=00000000
14851258ns          246495 1c008726 a0f52753 feq.s            x14, f10, f15       x14=00000000 f10:42003232 f15:00000000
14851277ns          246496 1c00872a 08071163 bne              x14, x0, 130        x14:00000000
14851297ns          246497 1c00872c a0f507d3 fle.s            x15, f10, f15       x15=00000000 f10:42003232 f15:00000000
14851317ns          246498 1c008730 08079863 bne              x15, x0, 144        x15:00000000
14851337ns          246499 1c008732 a0a527d3 feq.s            x15, f10, f10       x15=00000001 f10:42003232 f10:42003232
14851357ns          246500 1c008736 08078563 beq              x15, x0, 138        x15:00000001
14851377ns          246501 1c008738 d17537b3 p.bclr           x15, x10, 8, 23     x15=00003232 x10:42003232
14851397ns          246502 1c00873c cb87c733 p.bset           x14, x15, 5, 24     x14=3f003232 x15:00003232
14851417ns          246503 1c008740 1c0006b7 lui              x13, 0x1c000000     x13=1c000000
14851437ns          246504 1c008744 1c0007b7 lui              x15, 0x1c000000     x15=1c000000
14851456ns          246505 1c008748 1306a683 lw               x13, 304(x13)       x13=c13c5fa8 x13:1c000000  PA:1c000130
14851755ns          246520 1c00874c 12c7a783 lw               x15, 300(x15)       x15=3ff7d7e5 x15:1c000000  PA:1c00012c
14852053ns          246535 1c008750 41755513 srai             x10, x10, 0x417     x10=00000084 x10:42003232
14852073ns          246536 1c008752 68e7f7c3 fmadd.s          f15, f15, f14, f13  f15=xxxxxxxx f15:3ff7d7e5 f14:3f003232 f13:c13c5fa8
14852093ns          246537 1c008756 1c0006b7 lui              x13, 0x1c000000     x13=1c000000
14852113ns          246538 1c00875a 1346a683 lw               x13, 308(x13)       x13=41fa6a03 x13:1c000000  PA:1c000134
14852411ns          246553 1c00875e f8250513 addi             x10, x10, -126      x10=00000006 x10:00000084
14852431ns          246554 1c008762 68e7f7c3 fmadd.s          f15, f15, f14, f13  f15=xxxxxxxx f15:c12cdc17 f14:3f003232 f13:41fa6a03
14852451ns          246555 1c008766 1c0006b7 lui              x13, 0x1c000000     x13=1c000000
14852471ns          246556 1c00876a 1386a683 lw               x13, 312(x13)       x13=c23f0e08 x13:1c000000  PA:1c000138
14852769ns          246571 1c00876e d0057553 fcvt.s.w         f10, x10            f10=xxxxxxxx x10:00000006
14852789ns          246572 1c008772 68e7f7c3 fmadd.s          f15, f15, f14, f13  f15=xxxxxxxx f15:41cf220b f14:3f003232 f13:c23f0e08
14852809ns          246573 1c008776 1c0006b7 lui              x13, 0x1c000000     x13=1c000000
14852829ns          246574 1c00877a 13c6a683 lw               x13, 316(x13)       x13=42390412 x13:1c000000  PA:1c00013c
14853147ns          246590 1c00877e 68e7f7c3 fmadd.s          f15, f15, f14, f13  f15=xxxxxxxx f15:c20b3137 f14:3f003232 f13:42390412
14853167ns          246591 1c008782 1c0006b7 lui              x13, 0x1c000000     x13=1c000000
14853187ns          246592 1c008786 1406a683 lw               x13, 320(x13)       x13=c1efd21b x13:1c000000  PA:1c000140
14853525ns          246609 1c00878a 68e7f7c3 fmadd.s          f15, f15, f14, f13  f15=xxxxxxxx f15:41e6a057 f14:3f003232 f13:c1efd21b
14853545ns          246610 1c00878e 1c0006b7 lui              x13, 0x1c000000     x13=1c000000
14853565ns          246611 1c008792 1446a683 lw               x13, 324(x13)       x13=41644a86 x13:1c000000  PA:1c000144
14853903ns          246628 1c008796 68e7f7c3 fmadd.s          f15, f15, f14, f13  f15=xxxxxxxx f15:c178a96e f14:3f003232 f13:41644a86
14853923ns          246629 1c00879a 1c0006b7 lui              x13, 0x1c000000     x13=1c000000
14853943ns          246630 1c00879e 1486a683 lw               x13, 328(x13)       x13=c087dba8 x13:1c000000  PA:1c000148
14854261ns          246646 1c0087a2 68e7f7c3 fmadd.s          f15, f15, f14, f13  f15=xxxxxxxx f15:40cf8a1b f14:3f003232 f13:c087dba8
14854281ns          246647 1c0087a6 00a7f553 fadd.s           f10, f15, f10       f10=xxxxxxxx f15:bf7f6f48 f10:40c00000
14854301ns          246648 1c0087aa 00008067 jalr             x0, x1, 0            x1:1c0081c2
14854360ns          246651 1c0081c2 11557553 fmul.s           f10, f10, f21       f10=xxxxxxxx f10:40a01217 f21:3f317218
14854380ns          246652 1c0081c6 00a4222b p.sw             x10, 4(x8!)          x8=1000168c x10:405de7b2  x8:10001688  PA:10001688
14854400ns          246653 1c0081ca ff4419e3 bne              x8, x20, -14         x8:1000168c x20:100017d8
14854460ns          246656 1c0081bc 0049a50b p.lw             x10, 4(x19!)        x10=4241dbfe x19=1c010368 x19:1c010364  PA:1c010364
14854758ns          246671 1c0081c0 558000ef jal              x1, 1368             x1=1c0081c2
14854778ns          246672 1c008718 e00517d3 fclass.s         x15, f10            x15=00000040 f10:4241dbfe
14854798ns          246673 1c00871c 0817f793 andi             x15, x15, 129       x15=00000000 x15:00000040
14854818ns          246674 1c008720 08079b63 bne              x15, x0, 150        x15:00000000
14854838ns          246675 1c008722 00000793 addi             x15, x0, 0          x15=00000000
14854858ns          246676 1c008726 a0f52753 feq.s            x14, f10, f15       x14=00000000 f10:4241dbfe f15:00000000
14854878ns          246677 1c00872a 08071163 bne              x14, x0, 130        x14:00000000
14854898ns          246678 1c00872c a0f507d3 fle.s            x15, f10, f15       x15=00000000 f10:4241dbfe f15:00000000
14854917ns          246679 1c008730 08079863 bne              x15, x0, 144        x15:00000000
14854937ns          246680 1c008732 a0a527d3 feq.s            x15, f10, f10       x15=00000001 f10:4241dbfe f10:4241dbfe
14854957ns          246681 1c008736 08078563 beq              x15, x0, 138        x15:00000001
14854977ns          246682 1c008738 d17537b3 p.bclr           x15, x10, 8, 23     x15=0041dbfe x10:4241dbfe
14854997ns          246683 1c00873c cb87c733 p.bset           x14, x15, 5, 24     x14=3f41dbfe x15:0041dbfe
14855017ns          246684 1c008740 1c0006b7 lui              x13, 0x1c000000     x13=1c000000
14855037ns          246685 1c008744 1c0007b7 lui              x15, 0x1c000000     x15=1c000000
14855057ns          246686 1c008748 1306a683 lw               x13, 304(x13)       x13=c13c5fa8 x13:1c000000  PA:1c000130
14855355ns          246701 1c00874c 12c7a783 lw               x15, 300(x15)       x15=3ff7d7e5 x15:1c000000  PA:1c00012c
14855653ns          246716 1c008750 41755513 srai             x10, x10, 0x417     x10=00000084 x10:4241dbfe
14855673ns          246717 1c008752 68e7f7c3 fmadd.s          f15, f15, f14, f13  f15=xxxxxxxx f15:3ff7d7e5 f14:3f41dbfe f13:c13c5fa8
14855693ns          246718 1c008756 1c0006b7 lui              x13, 0x1c000000     x13=1c000000
14855713ns          246719 1c00875a 1346a683 lw               x13, 308(x13)       x13=41fa6a03 x13:1c000000  PA:1c000134
14856031ns          246735 1c00875e f8250513 addi             x10, x10, -126      x10=00000006 x10:00000084
14856051ns          246736 1c008762 68e7f7c3 fmadd.s          f15, f15, f14, f13  f15=xxxxxxxx f15:c124e9d0 f14:3f41dbfe f13:41fa6a03
14856071ns          246737 1c008766 1c0006b7 lui              x13, 0x1c000000     x13=1c000000
14856091ns          246738 1c00876a 1386a683 lw               x13, 312(x13)       x13=c23f0e08 x13:1c000000  PA:1c000138
14856389ns          246753 1c00876e d0057553 fcvt.s.w         f10, x10            f10=xxxxxxxx x10:00000006
14856409ns          246754 1c008772 68e7f7c3 fmadd.s          f15, f15, f14, f13  f15=xxxxxxxx f15:41bbf904 f14:3f41dbfe f13:c23f0e08
14856429ns          246755 1c008776 1c0006b7 lui              x13, 0x1c000000     x13=1c000000
14856449ns          246756 1c00877a 13c6a683 lw               x13, 316(x13)       x13=42390412 x13:1c000000  PA:1c00013c
14856767ns          246772 1c00877e 68e7f7c3 fmadd.s          f15, f15, f14, f13  f15=xxxxxxxx f15:c1efc3cb f14:3f41dbfe f13:42390412
14856787ns          246773 1c008782 1c0006b7 lui              x13, 0x1c000000     x13=1c000000
14856807ns          246774 1c008786 1406a683 lw               x13, 320(x13)       x13=c1efd21b x13:1c000000  PA:1c000140
14857165ns          246792 1c00878a 68e7f7c3 fmadd.s          f15, f15, f14, f13  f15=xxxxxxxx f15:41bc777e f14:3f41dbfe f13:c1efd21b
14857185ns          246793 1c00878e 1c0006b7 lui              x13, 0x1c000000     x13=1c000000
14857205ns          246794 1c008792 1446a683 lw               x13, 324(x13)       x13=41644a86 x13:1c000000  PA:1c000144
14857523ns          246810 1c008796 68e7f7c3 fmadd.s          f15, f15, f14, f13  f15=xxxxxxxx f15:c1423420 f14:3f41dbfe f13:41644a86
14857543ns          246811 1c00879a 1c0006b7 lui              x13, 0x1c000000     x13=1c000000
14857563ns          246812 1c00879e 1486a683 lw               x13, 328(x13)       x13=c087dba8 x13:1c000000  PA:1c000148
14857901ns          246829 1c0087a2 68e7f7c3 fmadd.s          f15, f15, f14, f13  f15=xxxxxxxx f15:40a274ad f14:3f41dbfe f13:c087dba8
14857921ns          246830 1c0087a6 00a7f553 fadd.s           f10, f15, f10       f10=xxxxxxxx f15:becd6169 f10:40c00000
14857941ns          246831 1c0087aa 00008067 jalr             x0, x1, 0            x1:1c0081c2
14858000ns          246834 1c0081c2 11557553 fmul.s           f10, f10, f21       f10=xxxxxxxx f10:40b329e9 f21:3f317218
14858020ns          246835 1c0081c6 00a4222b p.sw             x10, 4(x8!)          x8=10001690 x10:40785fa7  x8:1000168c  PA:1000168c
14858040ns          246836 1c0081ca ff4419e3 bne              x8, x20, -14         x8:10001690 x20:100017d8
14858100ns          246839 1c0081bc 0049a50b p.lw             x10, 4(x19!)        x10=415cf52b x19=1c01036c x19:1c010368  PA:1c010368
14858398ns          246854 1c0081c0 558000ef jal              x1, 1368             x1=1c0081c2
14858418ns          246855 1c008718 e00517d3 fclass.s         x15, f10            x15=00000040 f10:415cf52b
14858438ns          246856 1c00871c 0817f793 andi             x15, x15, 129       x15=00000000 x15:00000040
14858458ns          246857 1c008720 08079b63 bne              x15, x0, 150        x15:00000000
14858478ns          246858 1c008722 00000793 addi             x15, x0, 0          x15=00000000
14858498ns          246859 1c008726 a0f52753 feq.s            x14, f10, f15       x14=00000000 f10:415cf52b f15:00000000
14858518ns          246860 1c00872a 08071163 bne              x14, x0, 130        x14:00000000
14858538ns          246861 1c00872c a0f507d3 fle.s            x15, f10, f15       x15=00000000 f10:415cf52b f15:00000000
14858557ns          246862 1c008730 08079863 bne              x15, x0, 144        x15:00000000
14858577ns          246863 1c008732 a0a527d3 feq.s            x15, f10, f10       x15=00000001 f10:415cf52b f10:415cf52b
14858597ns          246864 1c008736 08078563 beq              x15, x0, 138        x15:00000001
14858617ns          246865 1c008738 d17537b3 p.bclr           x15, x10, 8, 23     x15=005cf52b x10:415cf52b
14858637ns          246866 1c00873c cb87c733 p.bset           x14, x15, 5, 24     x14=3f5cf52b x15:005cf52b
14858657ns          246867 1c008740 1c0006b7 lui              x13, 0x1c000000     x13=1c000000
14858677ns          246868 1c008744 1c0007b7 lui              x15, 0x1c000000     x15=1c000000
14858697ns          246869 1c008748 1306a683 lw               x13, 304(x13)       x13=c13c5fa8 x13:1c000000  PA:1c000130
14858995ns          246884 1c00874c 12c7a783 lw               x15, 300(x15)       x15=3ff7d7e5 x15:1c000000  PA:1c00012c
14859313ns          246900 1c008750 41755513 srai             x10, x10, 0x417     x10=00000082 x10:415cf52b
14859333ns          246901 1c008752 68e7f7c3 fmadd.s          f15, f15, f14, f13  f15=xxxxxxxx f15:3ff7d7e5 f14:3f5cf52b f13:c13c5fa8
14859353ns          246902 1c008756 1c0006b7 lui              x13, 0x1c000000     x13=1c000000
14859373ns          246903 1c00875a 1346a683 lw               x13, 308(x13)       x13=41fa6a03 x13:1c000000  PA:1c000134
14859671ns          246918 1c00875e f8250513 addi             x10, x10, -126      x10=00000004 x10:00000082
14859691ns          246919 1c008762 68e7f7c3 fmadd.s          f15, f15, f14, f13  f15=xxxxxxxx f15:c121a24b f14:3f5cf52b f13:41fa6a03
14859711ns          246920 1c008766 1c0006b7 lui              x13, 0x1c000000     x13=1c000000
14859731ns          246921 1c00876a 1386a683 lw               x13, 312(x13)       x13=c23f0e08 x13:1c000000  PA:1c000138
14860029ns          246936 1c00876e d0057553 fcvt.s.w         f10, x10            f10=xxxxxxxx x10:00000004
14860049ns          246937 1c008772 68e7f7c3 fmadd.s          f15, f15, f14, f13  f15=xxxxxxxx f15:41b4a8e1 f14:3f5cf52b f13:c23f0e08
14860069ns          246938 1c008776 1c0006b7 lui              x13, 0x1c000000     x13=1c000000
14860089ns          246939 1c00877a 13c6a683 lw               x13, 316(x13)       x13=42390412 x13:1c000000  PA:1c00013c
14860407ns          246955 1c00877e 68e7f7c3 fmadd.s          f15, f15, f14, f13  f15=xxxxxxxx f15:c1e22deb f14:3f5cf52b f13:42390412
14860427ns          246956 1c008782 1c0006b7 lui              x13, 0x1c000000     x13=1c000000
14860447ns          246957 1c008786 1406a683 lw               x13, 320(x13)       x13=c1efd21b x13:1c000000  PA:1c000140
14860765ns          246973 1c00878a 68e7f7c3 fmadd.s          f15, f15, f14, f13  f15=xxxxxxxx f15:41aed012 f14:3f5cf52b f13:c1efd21b
14860785ns          246974 1c00878e 1c0006b7 lui              x13, 0x1c000000     x13=1c000000
14860805ns          246975 1c008792 1446a683 lw               x13, 324(x13)       x13=41644a86 x13:1c000000  PA:1c000144
14861123ns          246991 1c008796 68e7f7c3 fmadd.s          f15, f15, f14, f13  f15=xxxxxxxx f15:c131dfc2 f14:3f5cf52b f13:41644a86
14861143ns          246992 1c00879a 1c0006b7 lui              x13, 0x1c000000     x13=1c000000
14861163ns          246993 1c00879e 1486a683 lw               x13, 328(x13)       x13=c087dba8 x13:1c000000  PA:1c000148
14861481ns          247009 1c0087a2 68e7f7c3 fmadd.s          f15, f15, f14, f13  f15=xxxxxxxx f15:409587c5 f14:3f5cf52b f13:c087dba8
14861501ns          247010 1c0087a6 00a7f553 fadd.s           f10, f15, f10       f10=xxxxxxxx f15:be5978d5 f10:40800000
14861521ns          247011 1c0087aa 00008067 jalr             x0, x1, 0            x1:1c0081c2
14861581ns          247014 1c0081c2 11557553 fmul.s           f10, f10, f21       f10=xxxxxxxx f10:40726873 f21:3f317218
14861601ns          247015 1c0081c6 00a4222b p.sw             x10, 4(x8!)          x8=10001694 x10:40280641  x8:10001690  PA:10001690
14861621ns          247016 1c0081ca ff4419e3 bne              x8, x20, -14         x8:10001694 x20:100017d8
14861680ns          247019 1c0081bc 0049a50b p.lw             x10, 4(x19!)        x10=420edf1c x19=1c010370 x19:1c01036c  PA:1c01036c
14861979ns          247034 1c0081c0 558000ef jal              x1, 1368             x1=1c0081c2
14861999ns          247035 1c008718 e00517d3 fclass.s         x15, f10            x15=00000040 f10:420edf1c
14862018ns          247036 1c00871c 0817f793 andi             x15, x15, 129       x15=00000000 x15:00000040
14862038ns          247037 1c008720 08079b63 bne              x15, x0, 150        x15:00000000
14862058ns          247038 1c008722 00000793 addi             x15, x0, 0          x15=00000000
14862078ns          247039 1c008726 a0f52753 feq.s            x14, f10, f15       x14=00000000 f10:420edf1c f15:00000000
14862098ns          247040 1c00872a 08071163 bne              x14, x0, 130        x14:00000000
14862118ns          247041 1c00872c a0f507d3 fle.s            x15, f10, f15       x15=00000000 f10:420edf1c f15:00000000
14862138ns          247042 1c008730 08079863 bne              x15, x0, 144        x15:00000000
14862158ns          247043 1c008732 a0a527d3 feq.s            x15, f10, f10       x15=00000001 f10:420edf1c f10:420edf1c
14862178ns          247044 1c008736 08078563 beq              x15, x0, 138        x15:00000001
14862197ns          247045 1c008738 d17537b3 p.bclr           x15, x10, 8, 23     x15=000edf1c x10:420edf1c
14862217ns          247046 1c00873c cb87c733 p.bset           x14, x15, 5, 24     x14=3f0edf1c x15:000edf1c
14862237ns          247047 1c008740 1c0006b7 lui              x13, 0x1c000000     x13=1c000000
14862257ns          247048 1c008744 1c0007b7 lui              x15, 0x1c000000     x15=1c000000
14862277ns          247049 1c008748 1306a683 lw               x13, 304(x13)       x13=c13c5fa8 x13:1c000000  PA:1c000130
14862575ns          247064 1c00874c 12c7a783 lw               x15, 300(x15)       x15=3ff7d7e5 x15:1c000000  PA:1c00012c
14862874ns          247079 1c008750 41755513 srai             x10, x10, 0x417     x10=00000084 x10:420edf1c
14862894ns          247080 1c008752 68e7f7c3 fmadd.s          f15, f15, f14, f13  f15=xxxxxxxx f15:3ff7d7e5 f14:3f0edf1c f13:c13c5fa8
14862913ns          247081 1c008756 1c0006b7 lui              x13, 0x1c000000     x13=1c000000
14862933ns          247082 1c00875a 1346a683 lw               x13, 308(x13)       x13=41fa6a03 x13:1c000000  PA:1c000134
14863252ns          247098 1c00875e f8250513 addi             x10, x10, -126      x10=00000006 x10:00000084
14863272ns          247099 1c008762 68e7f7c3 fmadd.s          f15, f15, f14, f13  f15=xxxxxxxx f15:c12b1570 f14:3f0edf1c f13:41fa6a03
14863291ns          247100 1c008766 1c0006b7 lui              x13, 0x1c000000     x13=1c000000
14863311ns          247101 1c00876a 1386a683 lw               x13, 312(x13)       x13=c23f0e08 x13:1c000000  PA:1c000138
14863610ns          247116 1c00876e d0057553 fcvt.s.w         f10, x10            f10=xxxxxxxx x10:00000006
14863630ns          247117 1c008772 68e7f7c3 fmadd.s          f15, f15, f14, f13  f15=xxxxxxxx f15:41caac84 f14:3f0edf1c f13:c23f0e08
14863649ns          247118 1c008776 1c0006b7 lui              x13, 0x1c000000     x13=1c000000
14863669ns          247119 1c00877a 13c6a683 lw               x13, 316(x13)       x13=42390412 x13:1c000000  PA:1c00013c
14863988ns          247135 1c00877e 68e7f7c3 fmadd.s          f15, f15, f14, f13  f15=xxxxxxxx f15:c2067fde f14:3f0edf1c f13:42390412
14864007ns          247136 1c008782 1c0006b7 lui              x13, 0x1c000000     x13=1c000000
14864027ns          247137 1c008786 1406a683 lw               x13, 320(x13)       x13=c1efd21b x13:1c000000  PA:1c000140
14864346ns          247153 1c00878a 68e7f7c3 fmadd.s          f15, f15, f14, f13  f15=xxxxxxxx f15:41dbe7da f14:3f0edf1c f13:c1efd21b
14864366ns          247154 1c00878e 1c0006b7 lui              x13, 0x1c000000     x13=1c000000
14864385ns          247155 1c008792 1446a683 lw               x13, 324(x13)       x13=41644a86 x13:1c000000  PA:1c000144
14864704ns          247171 1c008796 68e7f7c3 fmadd.s          f15, f15, f14, f13  f15=xxxxxxxx f15:c16a2fb2 f14:3f0edf1c f13:41644a86
14864724ns          247172 1c00879a 1c0006b7 lui              x13, 0x1c000000     x13=1c000000
14864743ns          247173 1c00879e 1486a683 lw               x13, 328(x13)       x13=c087dba8 x13:1c000000  PA:1c000148
14865062ns          247189 1c0087a2 68e7f7c3 fmadd.s          f15, f15, f14, f13  f15=xxxxxxxx f15:40c32ff0 f14:3f0edf1c f13:c087dba8
14865082ns          247190 1c0087a6 00a7f553 fadd.s           f10, f15, f10       f10=xxxxxxxx f15:bf5767a6 f10:40c00000
14865101ns          247191 1c0087aa 00008067 jalr             x0, x1, 0            x1:1c0081c2
14865161ns          247194 1c0081c2 11557553 fmul.s           f10, f10, f21       f10=xxxxxxxx f10:40a5130b f21:3f317218
14865181ns          247195 1c0081c6 00a4222b p.sw             x10, 4(x8!)          x8=10001698 x10:4064d779  x8:10001694  PA:10001694
14865201ns          247196 1c0081ca ff4419e3 bne              x8, x20, -14         x8:10001698 x20:100017d8
14865261ns          247199 1c0081bc 0049a50b p.lw             x10, 4(x19!)        x10=41d5228e x19=1c010374 x19:1c010370  PA:1c010370
14865559ns          247214 1c0081c0 558000ef jal              x1, 1368             x1=1c0081c2
14865579ns          247215 1c008718 e00517d3 fclass.s         x15, f10            x15=00000040 f10:41d5228e
14865599ns          247216 1c00871c 0817f793 andi             x15, x15, 129       x15=00000000 x15:00000040
14865619ns          247217 1c008720 08079b63 bne              x15, x0, 150        x15:00000000
14865639ns          247218 1c008722 00000793 addi             x15, x0, 0          x15=00000000
14865658ns          247219 1c008726 a0f52753 feq.s            x14, f10, f15       x14=00000000 f10:41d5228e f15:00000000
14865678ns          247220 1c00872a 08071163 bne              x14, x0, 130        x14:00000000
14865698ns          247221 1c00872c a0f507d3 fle.s            x15, f10, f15       x15=00000000 f10:41d5228e f15:00000000
14865718ns          247222 1c008730 08079863 bne              x15, x0, 144        x15:00000000
14865738ns          247223 1c008732 a0a527d3 feq.s            x15, f10, f10       x15=00000001 f10:41d5228e f10:41d5228e
14865758ns          247224 1c008736 08078563 beq              x15, x0, 138        x15:00000001
14865778ns          247225 1c008738 d17537b3 p.bclr           x15, x10, 8, 23     x15=0055228e x10:41d5228e
14865798ns          247226 1c00873c cb87c733 p.bset           x14, x15, 5, 24     x14=3f55228e x15:0055228e
14865818ns          247227 1c008740 1c0006b7 lui              x13, 0x1c000000     x13=1c000000
14865837ns          247228 1c008744 1c0007b7 lui              x15, 0x1c000000     x15=1c000000
14865857ns          247229 1c008748 1306a683 lw               x13, 304(x13)       x13=c13c5fa8 x13:1c000000  PA:1c000130
14866156ns          247244 1c00874c 12c7a783 lw               x15, 300(x15)       x15=3ff7d7e5 x15:1c000000  PA:1c00012c
14866454ns          247259 1c008750 41755513 srai             x10, x10, 0x417     x10=00000083 x10:41d5228e
14866474ns          247260 1c008752 68e7f7c3 fmadd.s          f15, f15, f14, f13  f15=xxxxxxxx f15:3ff7d7e5 f14:3f55228e f13:c13c5fa8
14866494ns          247261 1c008756 1c0006b7 lui              x13, 0x1c000000     x13=1c000000
14866514ns          247262 1c00875a 1346a683 lw               x13, 308(x13)       x13=41fa6a03 x13:1c000000  PA:1c000134
14866812ns          247277 1c00875e f8250513 addi             x10, x10, -126      x10=00000005 x10:00000083
14866832ns          247278 1c008762 68e7f7c3 fmadd.s          f15, f15, f14, f13  f15=xxxxxxxx f15:c12294a5 f14:3f55228e f13:41fa6a03
14866852ns          247279 1c008766 1c0006b7 lui              x13, 0x1c000000     x13=1c000000
14866872ns          247280 1c00876a 1386a683 lw               x13, 312(x13)       x13=c23f0e08 x13:1c000000  PA:1c000138
14867190ns          247296 1c00876e d0057553 fcvt.s.w         f10, x10            f10=xxxxxxxx x10:00000005
14867210ns          247297 1c008772 68e7f7c3 fmadd.s          f15, f15, f14, f13  f15=xxxxxxxx f15:41b6bc33 f14:3f55228e f13:c23f0e08
14867230ns          247298 1c008776 1c0006b7 lui              x13, 0x1c000000     x13=1c000000
14867250ns          247299 1c00877a 13c6a683 lw               x13, 316(x13)       x13=42390412 x13:1c000000  PA:1c00013c
14867568ns          247315 1c00877e 68e7f7c3 fmadd.s          f15, f15, f14, f13  f15=xxxxxxxx f15:c1e5f8cf f14:3f55228e f13:42390412
14867588ns          247316 1c008782 1c0006b7 lui              x13, 0x1c000000     x13=1c000000
14867608ns          247317 1c008786 1406a683 lw               x13, 320(x13)       x13=c1efd21b x13:1c000000  PA:1c000140
14867966ns          247335 1c00878a 68e7f7c3 fmadd.s          f15, f15, f14, f13  f15=xxxxxxxx f15:41b29115 f14:3f55228e f13:c1efd21b
14867986ns          247336 1c00878e 1c0006b7 lui              x13, 0x1c000000     x13=1c000000
14868006ns          247337 1c008792 1446a683 lw               x13, 324(x13)       x13=41644a86 x13:1c000000  PA:1c000144
14868324ns          247353 1c008796 68e7f7c3 fmadd.s          f15, f15, f14, f13  f15=xxxxxxxx f15:c1364e94 f14:3f55228e f13:41644a86
14868344ns          247354 1c00879a 1c0006b7 lui              x13, 0x1c000000     x13=1c000000
14868364ns          247355 1c00879e 1486a683 lw               x13, 328(x13)       x13=c087dba8 x13:1c000000  PA:1c000148
14868682ns          247371 1c0087a2 68e7f7c3 fmadd.s          f15, f15, f14, f13  f15=xxxxxxxx f15:40990513 f14:3f55228e f13:c087dba8
14868702ns          247372 1c0087a6 00a7f553 fadd.s           f10, f15, f10       f10=xxxxxxxx f15:be875c7a f10:40a00000
14868722ns          247373 1c0087aa 00008067 jalr             x0, x1, 0            x1:1c0081c2
14868781ns          247376 1c0081c2 11557553 fmul.s           f10, f10, f21       f10=xxxxxxxx f10:40978a38 f21:3f317218
14868801ns          247377 1c0081c6 00a4222b p.sw             x10, 4(x8!)          x8=1000169c x10:40521435  x8:10001698  PA:10001698
14868821ns          247378 1c0081ca ff4419e3 bne              x8, x20, -14         x8:1000169c x20:100017d8
14868881ns          247381 1c0081bc 0049a50b p.lw             x10, 4(x19!)        x10=42b47df6 x19=1c010378 x19:1c010374  PA:1c010374
14869179ns          247396 1c0081c0 558000ef jal              x1, 1368             x1=1c0081c2
14869199ns          247397 1c008718 e00517d3 fclass.s         x15, f10            x15=00000040 f10:42b47df6
14869219ns          247398 1c00871c 0817f793 andi             x15, x15, 129       x15=00000000 x15:00000040
14869239ns          247399 1c008720 08079b63 bne              x15, x0, 150        x15:00000000
14869259ns          247400 1c008722 00000793 addi             x15, x0, 0          x15=00000000
14869279ns          247401 1c008726 a0f52753 feq.s            x14, f10, f15       x14=00000000 f10:42b47df6 f15:00000000
14869298ns          247402 1c00872a 08071163 bne              x14, x0, 130        x14:00000000
14869318ns          247403 1c00872c a0f507d3 fle.s            x15, f10, f15       x15=00000000 f10:42b47df6 f15:00000000
14869338ns          247404 1c008730 08079863 bne              x15, x0, 144        x15:00000000
14869358ns          247405 1c008732 a0a527d3 feq.s            x15, f10, f10       x15=00000001 f10:42b47df6 f10:42b47df6
14869378ns          247406 1c008736 08078563 beq              x15, x0, 138        x15:00000001
14869398ns          247407 1c008738 d17537b3 p.bclr           x15, x10, 8, 23     x15=00347df6 x10:42b47df6
14869418ns          247408 1c00873c cb87c733 p.bset           x14, x15, 5, 24     x14=3f347df6 x15:00347df6
14869438ns          247409 1c008740 1c0006b7 lui              x13, 0x1c000000     x13=1c000000
14869458ns          247410 1c008744 1c0007b7 lui              x15, 0x1c000000     x15=1c000000
14869477ns          247411 1c008748 1306a683 lw               x13, 304(x13)       x13=c13c5fa8 x13:1c000000  PA:1c000130
14869776ns          247426 1c00874c 12c7a783 lw               x15, 300(x15)       x15=3ff7d7e5 x15:1c000000  PA:1c00012c
14870074ns          247441 1c008750 41755513 srai             x10, x10, 0x417     x10=00000085 x10:42b47df6
14870094ns          247442 1c008752 68e7f7c3 fmadd.s          f15, f15, f14, f13  f15=xxxxxxxx f15:3ff7d7e5 f14:3f347df6 f13:c13c5fa8
14870114ns          247443 1c008756 1c0006b7 lui              x13, 0x1c000000     x13=1c000000
14870134ns          247444 1c00875a 1346a683 lw               x13, 308(x13)       x13=41fa6a03 x13:1c000000  PA:1c000134
14870432ns          247459 1c00875e f8250513 addi             x10, x10, -126      x10=00000007 x10:00000085
14870452ns          247460 1c008762 68e7f7c3 fmadd.s          f15, f15, f14, f13  f15=xxxxxxxx f15:c12687f0 f14:3f347df6 f13:41fa6a03
14870472ns          247461 1c008766 1c0006b7 lui              x13, 0x1c000000     x13=1c000000
14870492ns          247462 1c00876a 1386a683 lw               x13, 312(x13)       x13=c23f0e08 x13:1c000000  PA:1c000138
14870830ns          247479 1c00876e d0057553 fcvt.s.w         f10, x10            f10=xxxxxxxx x10:00000007
14870850ns          247480 1c008772 68e7f7c3 fmadd.s          f15, f15, f14, f13  f15=xxxxxxxx f15:41bfb540 f14:3f347df6 f13:c23f0e08
14870870ns          247481 1c008776 1c0006b7 lui              x13, 0x1c000000     x13=1c000000
14870890ns          247482 1c00877a 13c6a683 lw               x13, 316(x13)       x13=42390412 x13:1c000000  PA:1c00013c
14871228ns          247499 1c00877e 68e7f7c3 fmadd.s          f15, f15, f14, f13  f15=xxxxxxxx f15:c1f6f24b f14:3f347df6 f13:42390412
14871248ns          247500 1c008782 1c0006b7 lui              x13, 0x1c000000     x13=1c000000
14871268ns          247501 1c008786 1406a683 lw               x13, 320(x13)       x13=c1efd21b x13:1c000000  PA:1c000140
14871586ns          247517 1c00878a 68e7f7c3 fmadd.s          f15, f15, f14, f13  f15=xxxxxxxx f15:41c3ec46 f14:3f347df6 f13:c1efd21b
14871606ns          247518 1c00878e 1c0006b7 lui              x13, 0x1c000000     x13=1c000000
14871626ns          247519 1c008792 1446a683 lw               x13, 324(x13)       x13=41644a86 x13:1c000000  PA:1c000144
14871944ns          247535 1c008796 68e7f7c3 fmadd.s          f15, f15, f14, f13  f15=xxxxxxxx f15:c14b5f26 f14:3f347df6 f13:41644a86
14871964ns          247536 1c00879a 1c0006b7 lui              x13, 0x1c000000     x13=1c000000
14871984ns          247537 1c00879e 1486a683 lw               x13, 328(x13)       x13=c087dba8 x13:1c000000  PA:1c000148
14872302ns          247553 1c0087a2 68e7f7c3 fmadd.s          f15, f15, f14, f13  f15=xxxxxxxx f15:40a9cf1d f14:3f347df6 f13:c087dba8
14872322ns          247554 1c0087a6 00a7f553 fadd.s           f10, f15, f10       f10=xxxxxxxx f15:bf0113d2 f10:40e00000
14872342ns          247555 1c0087aa 00008067 jalr             x0, x1, 0            x1:1c0081c2
14872401ns          247558 1c0081c2 11557553 fmul.s           f10, f10, f21       f10=xxxxxxxx f10:40cfdd86 f21:3f317218
14872421ns          247559 1c0081c6 00a4222b p.sw             x10, 4(x8!)          x8=100016a0 x10:409014ce  x8:1000169c  PA:1000169c
14872441ns          247560 1c0081ca ff4419e3 bne              x8, x20, -14         x8:100016a0 x20:100017d8
14872501ns          247563 1c0081bc 0049a50b p.lw             x10, 4(x19!)        x10=42a161ab x19=1c01037c x19:1c010378  PA:1c010378
14872799ns          247578 1c0081c0 558000ef jal              x1, 1368             x1=1c0081c2
14872819ns          247579 1c008718 e00517d3 fclass.s         x15, f10            x15=00000040 f10:42a161ab
14872839ns          247580 1c00871c 0817f793 andi             x15, x15, 129       x15=00000000 x15:00000040
14872859ns          247581 1c008720 08079b63 bne              x15, x0, 150        x15:00000000
14872879ns          247582 1c008722 00000793 addi             x15, x0, 0          x15=00000000
14872899ns          247583 1c008726 a0f52753 feq.s            x14, f10, f15       x14=00000000 f10:42a161ab f15:00000000
14872919ns          247584 1c00872a 08071163 bne              x14, x0, 130        x14:00000000
14872938ns          247585 1c00872c a0f507d3 fle.s            x15, f10, f15       x15=00000000 f10:42a161ab f15:00000000
14872958ns          247586 1c008730 08079863 bne              x15, x0, 144        x15:00000000
14872978ns          247587 1c008732 a0a527d3 feq.s            x15, f10, f10       x15=00000001 f10:42a161ab f10:42a161ab
14872998ns          247588 1c008736 08078563 beq              x15, x0, 138        x15:00000001
14873018ns          247589 1c008738 d17537b3 p.bclr           x15, x10, 8, 23     x15=002161ab x10:42a161ab
14873038ns          247590 1c00873c cb87c733 p.bset           x14, x15, 5, 24     x14=3f2161ab x15:002161ab
14873058ns          247591 1c008740 1c0006b7 lui              x13, 0x1c000000     x13=1c000000
14873078ns          247592 1c008744 1c0007b7 lui              x15, 0x1c000000     x15=1c000000
14873098ns          247593 1c008748 1306a683 lw               x13, 304(x13)       x13=c13c5fa8 x13:1c000000  PA:1c000130
14873396ns          247608 1c00874c 12c7a783 lw               x15, 300(x15)       x15=3ff7d7e5 x15:1c000000  PA:1c00012c
14873694ns          247623 1c008750 41755513 srai             x10, x10, 0x417     x10=00000085 x10:42a161ab
14873714ns          247624 1c008752 68e7f7c3 fmadd.s          f15, f15, f14, f13  f15=xxxxxxxx f15:3ff7d7e5 f14:3f2161ab f13:c13c5fa8
14873734ns          247625 1c008756 1c0006b7 lui              x13, 0x1c000000     x13=1c000000
14873754ns          247626 1c00875a 1346a683 lw               x13, 308(x13)       x13=41fa6a03 x13:1c000000  PA:1c000134
14874052ns          247641 1c00875e f8250513 addi             x10, x10, -126      x10=00000007 x10:00000085
14874072ns          247642 1c008762 68e7f7c3 fmadd.s          f15, f15, f14, f13  f15=xxxxxxxx f15:c128d7fd f14:3f2161ab f13:41fa6a03
14874092ns          247643 1c008766 1c0006b7 lui              x13, 0x1c000000     x13=1c000000
14874112ns          247644 1c00876a 1386a683 lw               x13, 312(x13)       x13=c23f0e08 x13:1c000000  PA:1c000138
14874410ns          247659 1c00876e d0057553 fcvt.s.w         f10, x10            f10=xxxxxxxx x10:00000007
14874430ns          247660 1c008772 68e7f7c3 fmadd.s          f15, f15, f14, f13  f15=xxxxxxxx f15:41c531e3 f14:3f2161ab f13:c23f0e08
14874450ns          247661 1c008776 1c0006b7 lui              x13, 0x1c000000     x13=1c000000
14874470ns          247662 1c00877a 13c6a683 lw               x13, 316(x13)       x13=42390412 x13:1c000000  PA:1c00013c
14874808ns          247679 1c00877e 68e7f7c3 fmadd.s          f15, f15, f14, f13  f15=xxxxxxxx f15:c200e63a f14:3f2161ab f13:42390412
14874828ns          247680 1c008782 1c0006b7 lui              x13, 0x1c000000     x13=1c000000
14874848ns          247681 1c008786 1406a683 lw               x13, 320(x13)       x13=c1efd21b x13:1c000000  PA:1c000140
14875186ns          247698 1c00878a 68e7f7c3 fmadd.s          f15, f15, f14, f13  f15=xxxxxxxx f15:41cf8434 f14:3f2161ab f13:c1efd21b
14875206ns          247699 1c00878e 1c0006b7 lui              x13, 0x1c000000     x13=1c000000
14875226ns          247700 1c008792 1446a683 lw               x13, 324(x13)       x13=41644a86 x13:1c000000  PA:1c000144
14875544ns          247716 1c008796 68e7f7c3 fmadd.s          f15, f15, f14, f13  f15=xxxxxxxx f15:c15a0195 f14:3f2161ab f13:41644a86
14875564ns          247717 1c00879a 1c0006b7 lui              x13, 0x1c000000     x13=1c000000
14875584ns          247718 1c00879e 1486a683 lw               x13, 328(x13)       x13=c087dba8 x13:1c000000  PA:1c000148
14875902ns          247734 1c0087a2 68e7f7c3 fmadd.s          f15, f15, f14, f13  f15=xxxxxxxx f15:40b5b8b6 f14:3f2161ab f13:c087dba8
14875922ns          247735 1c0087a6 00a7f553 fadd.s           f10, f15, f10       f10=xxxxxxxx f15:bf2a6949 f10:40e00000
14875942ns          247736 1c0087aa 00008067 jalr             x0, x1, 0            x1:1c0081c2
14876002ns          247739 1c0081c2 11557553 fmul.s           f10, f10, f21       f10=xxxxxxxx f10:40cab2d7 f21:3f317218
14876021ns          247740 1c0081c6 00a4222b p.sw             x10, 4(x8!)          x8=100016a4 x10:408c7ffd  x8:100016a0  PA:100016a0
14876041ns          247741 1c0081ca ff4419e3 bne              x8, x20, -14         x8:100016a4 x20:100017d8
14876101ns          247744 1c0081bc 0049a50b p.lw             x10, 4(x19!)        x10=42843fa0 x19=1c010380 x19:1c01037c  PA:1c01037c
14876399ns          247759 1c0081c0 558000ef jal              x1, 1368             x1=1c0081c2
14876419ns          247760 1c008718 e00517d3 fclass.s         x15, f10            x15=00000040 f10:42843fa0
14876439ns          247761 1c00871c 0817f793 andi             x15, x15, 129       x15=00000000 x15:00000040
14876459ns          247762 1c008720 08079b63 bne              x15, x0, 150        x15:00000000
14876479ns          247763 1c008722 00000793 addi             x15, x0, 0          x15=00000000
14876499ns          247764 1c008726 a0f52753 feq.s            x14, f10, f15       x14=00000000 f10:42843fa0 f15:00000000
14876519ns          247765 1c00872a 08071163 bne              x14, x0, 130        x14:00000000
14876539ns          247766 1c00872c a0f507d3 fle.s            x15, f10, f15       x15=00000000 f10:42843fa0 f15:00000000
14876559ns          247767 1c008730 08079863 bne              x15, x0, 144        x15:00000000
14876578ns          247768 1c008732 a0a527d3 feq.s            x15, f10, f10       x15=00000001 f10:42843fa0 f10:42843fa0
14876598ns          247769 1c008736 08078563 beq              x15, x0, 138        x15:00000001
14876618ns          247770 1c008738 d17537b3 p.bclr           x15, x10, 8, 23     x15=00043fa0 x10:42843fa0
14876638ns          247771 1c00873c cb87c733 p.bset           x14, x15, 5, 24     x14=3f043fa0 x15:00043fa0
14876658ns          247772 1c008740 1c0006b7 lui              x13, 0x1c000000     x13=1c000000
14876678ns          247773 1c008744 1c0007b7 lui              x15, 0x1c000000     x15=1c000000
14876698ns          247774 1c008748 1306a683 lw               x13, 304(x13)       x13=c13c5fa8 x13:1c000000  PA:1c000130
14876996ns          247789 1c00874c 12c7a783 lw               x15, 300(x15)       x15=3ff7d7e5 x15:1c000000  PA:1c00012c
14877295ns          247804 1c008750 41755513 srai             x10, x10, 0x417     x10=00000085 x10:42843fa0
14877314ns          247805 1c008752 68e7f7c3 fmadd.s          f15, f15, f14, f13  f15=xxxxxxxx f15:3ff7d7e5 f14:3f043fa0 f13:c13c5fa8
14877334ns          247806 1c008756 1c0006b7 lui              x13, 0x1c000000     x13=1c000000
14877354ns          247807 1c00875a 1346a683 lw               x13, 308(x13)       x13=41fa6a03 x13:1c000000  PA:1c000134
14877653ns          247822 1c00875e f8250513 addi             x10, x10, -126      x10=00000007 x10:00000085
14877672ns          247823 1c008762 68e7f7c3 fmadd.s          f15, f15, f14, f13  f15=xxxxxxxx f15:c12c5e8b f14:3f043fa0 f13:41fa6a03
14877692ns          247824 1c008766 1c0006b7 lui              x13, 0x1c000000     x13=1c000000
14877712ns          247825 1c00876a 1386a683 lw               x13, 312(x13)       x13=c23f0e08 x13:1c000000  PA:1c000138
14878011ns          247840 1c00876e d0057553 fcvt.s.w         f10, x10            f10=xxxxxxxx x10:00000007
14878030ns          247841 1c008772 68e7f7c3 fmadd.s          f15, f15, f14, f13  f15=xxxxxxxx f15:41cde438 f14:3f043fa0 f13:c23f0e08
14878050ns          247842 1c008776 1c0006b7 lui              x13, 0x1c000000     x13=1c000000
14878070ns          247843 1c00877a 13c6a683 lw               x13, 316(x13)       x13=42390412 x13:1c000000  PA:1c00013c
14878388ns          247859 1c00877e 68e7f7c3 fmadd.s          f15, f15, f14, f13  f15=xxxxxxxx f15:c209df9c f14:3f043fa0 f13:42390412
14878408ns          247860 1c008782 1c0006b7 lui              x13, 0x1c000000     x13=1c000000
14878428ns          247861 1c008786 1406a683 lw               x13, 320(x13)       x13=c1efd21b x13:1c000000  PA:1c000140
14878766ns          247878 1c00878a 68e7f7c3 fmadd.s          f15, f15, f14, f13  f15=xxxxxxxx f15:41e39503 f14:3f043fa0 f13:c1efd21b
14878786ns          247879 1c00878e 1c0006b7 lui              x13, 0x1c000000     x13=1c000000
14878806ns          247880 1c008792 1446a683 lw               x13, 324(x13)       x13=41644a86 x13:1c000000  PA:1c000144
14879124ns          247896 1c008796 68e7f7c3 fmadd.s          f15, f15, f14, f13  f15=xxxxxxxx f15:c174816b f14:3f043fa0 f13:41644a86
14879144ns          247897 1c00879a 1c0006b7 lui              x13, 0x1c000000     x13=1c000000
14879164ns          247898 1c00879e 1486a683 lw               x13, 328(x13)       x13=c087dba8 x13:1c000000  PA:1c000148
14879482ns          247914 1c0087a2 68e7f7c3 fmadd.s          f15, f15, f14, f13  f15=xxxxxxxx f15:40cbf60c f14:3f043fa0 f13:c087dba8
14879502ns          247915 1c0087a6 00a7f553 fadd.s           f10, f15, f10       f10=xxxxxxxx f15:bf73f0c6 f10:40e00000
14879522ns          247916 1c0087aa 00008067 jalr             x0, x1, 0            x1:1c0081c2
14879582ns          247919 1c0081c2 11557553 fmul.s           f10, f10, f21       f10=xxxxxxxx f10:40c181e7 f21:3f317218
14879602ns          247920 1c0081c6 00a4222b p.sw             x10, 4(x8!)          x8=100016a8 x10:4086210f  x8:100016a4  PA:100016a4
14879622ns          247921 1c0081ca ff4419e3 bne              x8, x20, -14         x8:100016a8 x20:100017d8
14879681ns          247924 1c0081bc 0049a50b p.lw             x10, 4(x19!)        x10=42c28a78 x19=1c010384 x19:1c010380  PA:1c010380
14879980ns          247939 1c0081c0 558000ef jal              x1, 1368             x1=1c0081c2
14880000ns          247940 1c008718 e00517d3 fclass.s         x15, f10            x15=00000040 f10:42c28a78
14880020ns          247941 1c00871c 0817f793 andi             x15, x15, 129       x15=00000000 x15:00000040
14880039ns          247942 1c008720 08079b63 bne              x15, x0, 150        x15:00000000
14880059ns          247943 1c008722 00000793 addi             x15, x0, 0          x15=00000000
14880079ns          247944 1c008726 a0f52753 feq.s            x14, f10, f15       x14=00000000 f10:42c28a78 f15:00000000
14880099ns          247945 1c00872a 08071163 bne              x14, x0, 130        x14:00000000
14880119ns          247946 1c00872c a0f507d3 fle.s            x15, f10, f15       x15=00000000 f10:42c28a78 f15:00000000
14880139ns          247947 1c008730 08079863 bne              x15, x0, 144        x15:00000000
14880159ns          247948 1c008732 a0a527d3 feq.s            x15, f10, f10       x15=00000001 f10:42c28a78 f10:42c28a78
14880179ns          247949 1c008736 08078563 beq              x15, x0, 138        x15:00000001
14880199ns          247950 1c008738 d17537b3 p.bclr           x15, x10, 8, 23     x15=00428a78 x10:42c28a78
14880218ns          247951 1c00873c cb87c733 p.bset           x14, x15, 5, 24     x14=3f428a78 x15:00428a78
14880238ns          247952 1c008740 1c0006b7 lui              x13, 0x1c000000     x13=1c000000
14880258ns          247953 1c008744 1c0007b7 lui              x15, 0x1c000000     x15=1c000000
14880278ns          247954 1c008748 1306a683 lw               x13, 304(x13)       x13=c13c5fa8 x13:1c000000  PA:1c000130
14880596ns          247970 1c00874c 12c7a783 lw               x15, 300(x15)       x15=3ff7d7e5 x15:1c000000  PA:1c00012c
14880895ns          247985 1c008750 41755513 srai             x10, x10, 0x417     x10=00000085 x10:42c28a78
14880915ns          247986 1c008752 68e7f7c3 fmadd.s          f15, f15, f14, f13  f15=xxxxxxxx f15:3ff7d7e5 f14:3f428a78 f13:c13c5fa8
14880935ns          247987 1c008756 1c0006b7 lui              x13, 0x1c000000     x13=1c000000
14880954ns          247988 1c00875a 1346a683 lw               x13, 308(x13)       x13=41fa6a03 x13:1c000000  PA:1c000134
14881253ns          248003 1c00875e f8250513 addi             x10, x10, -126      x10=00000007 x10:00000085
14881273ns          248004 1c008762 68e7f7c3 fmadd.s          f15, f15, f14, f13  f15=xxxxxxxx f15:c124d4b3 f14:3f428a78 f13:41fa6a03
14881293ns          248005 1c008766 1c0006b7 lui              x13, 0x1c000000     x13=1c000000
14881312ns          248006 1c00876a 1386a683 lw               x13, 312(x13)       x13=c23f0e08 x13:1c000000  PA:1c000138
14881611ns          248021 1c00876e d0057553 fcvt.s.w         f10, x10            f10=xxxxxxxx x10:00000007
14881631ns          248022 1c008772 68e7f7c3 fmadd.s          f15, f15, f14, f13  f15=xxxxxxxx f15:41bbc8d7 f14:3f428a78 f13:c23f0e08
14881651ns          248023 1c008776 1c0006b7 lui              x13, 0x1c000000     x13=1c000000
14881670ns          248024 1c00877a 13c6a683 lw               x13, 316(x13)       x13=42390412 x13:1c000000  PA:1c00013c
14882009ns          248041 1c00877e 68e7f7c3 fmadd.s          f15, f15, f14, f13  f15=xxxxxxxx f15:c1ef684b f14:3f428a78 f13:42390412
14882029ns          248042 1c008782 1c0006b7 lui              x13, 0x1c000000     x13=1c000000
14882048ns          248043 1c008786 1406a683 lw               x13, 320(x13)       x13=c1efd21b x13:1c000000  PA:1c000140
14882367ns          248059 1c00878a 68e7f7c3 fmadd.s          f15, f15, f14, f13  f15=xxxxxxxx f15:41bc199d f14:3f428a78 f13:c1efd21b
14882387ns          248060 1c00878e 1c0006b7 lui              x13, 0x1c000000     x13=1c000000
14882406ns          248061 1c008792 1446a683 lw               x13, 324(x13)       x13=41644a86 x13:1c000000  PA:1c000144
14882725ns          248077 1c008796 68e7f7c3 fmadd.s          f15, f15, f14, f13  f15=xxxxxxxx f15:c141c1e8 f14:3f428a78 f13:41644a86
14882745ns          248078 1c00879a 1c0006b7 lui              x13, 0x1c000000     x13=1c000000
14882764ns          248079 1c00879e 1486a683 lw               x13, 328(x13)       x13=c087dba8 x13:1c000000  PA:1c000148
14883083ns          248095 1c0087a2 68e7f7c3 fmadd.s          f15, f15, f14, f13  f15=xxxxxxxx f15:40a2198e f14:3f428a78 f13:c087dba8
14883103ns          248096 1c0087a6 00a7f553 fadd.s           f10, f15, f10       f10=xxxxxxxx f15:becac9ca f10:40e00000
14883122ns          248097 1c0087aa 00008067 jalr             x0, x1, 0            x1:1c0081c2
14883182ns          248100 1c0081c2 11557553 fmul.s           f10, f10, f21       f10=xxxxxxxx f10:40d35363 f21:3f317218
14883202ns          248101 1c0081c6 00a4222b p.sw             x10, 4(x8!)          x8=100016ac x10:40927ad6  x8:100016a8  PA:100016a8
14883222ns          248102 1c0081ca ff4419e3 bne              x8, x20, -14         x8:100016ac x20:100017d8
14883282ns          248105 1c0081bc 0049a50b p.lw             x10, 4(x19!)        x10=422b813b x19=1c010388 x19:1c010384  PA:1c010384
14883580ns          248120 1c0081c0 558000ef jal              x1, 1368             x1=1c0081c2
14883600ns          248121 1c008718 e00517d3 fclass.s         x15, f10            x15=00000040 f10:422b813b
14883620ns          248122 1c00871c 0817f793 andi             x15, x15, 129       x15=00000000 x15:00000040
14883640ns          248123 1c008720 08079b63 bne              x15, x0, 150        x15:00000000
14883660ns          248124 1c008722 00000793 addi             x15, x0, 0          x15=00000000
14883679ns          248125 1c008726 a0f52753 feq.s            x14, f10, f15       x14=00000000 f10:422b813b f15:00000000
14883699ns          248126 1c00872a 08071163 bne              x14, x0, 130        x14:00000000
14883719ns          248127 1c00872c a0f507d3 fle.s            x15, f10, f15       x15=00000000 f10:422b813b f15:00000000
14883739ns          248128 1c008730 08079863 bne              x15, x0, 144        x15:00000000
14883759ns          248129 1c008732 a0a527d3 feq.s            x15, f10, f10       x15=00000001 f10:422b813b f10:422b813b
14883779ns          248130 1c008736 08078563 beq              x15, x0, 138        x15:00000001
14883799ns          248131 1c008738 d17537b3 p.bclr           x15, x10, 8, 23     x15=002b813b x10:422b813b
14883819ns          248132 1c00873c cb87c733 p.bset           x14, x15, 5, 24     x14=3f2b813b x15:002b813b
14883839ns          248133 1c008740 1c0006b7 lui              x13, 0x1c000000     x13=1c000000
14883858ns          248134 1c008744 1c0007b7 lui              x15, 0x1c000000     x15=1c000000
14883878ns          248135 1c008748 1306a683 lw               x13, 304(x13)       x13=c13c5fa8 x13:1c000000  PA:1c000130
14884177ns          248150 1c00874c 12c7a783 lw               x15, 300(x15)       x15=3ff7d7e5 x15:1c000000  PA:1c00012c
14884495ns          248166 1c008750 41755513 srai             x10, x10, 0x417     x10=00000084 x10:422b813b
14884515ns          248167 1c008752 68e7f7c3 fmadd.s          f15, f15, f14, f13  f15=xxxxxxxx f15:3ff7d7e5 f14:3f2b813b f13:c13c5fa8
14884535ns          248168 1c008756 1c0006b7 lui              x13, 0x1c000000     x13=1c000000
14884555ns          248169 1c00875a 1346a683 lw               x13, 308(x13)       x13=41fa6a03 x13:1c000000  PA:1c000134
14884853ns          248184 1c00875e f8250513 addi             x10, x10, -126      x10=00000006 x10:00000084
14884873ns          248185 1c008762 68e7f7c3 fmadd.s          f15, f15, f14, f13  f15=xxxxxxxx f15:c1279e5e f14:3f2b813b f13:41fa6a03
14884893ns          248186 1c008766 1c0006b7 lui              x13, 0x1c000000     x13=1c000000
14884913ns          248187 1c00876a 1386a683 lw               x13, 312(x13)       x13=c23f0e08 x13:1c000000  PA:1c000138
14885211ns          248202 1c00876e d0057553 fcvt.s.w         f10, x10            f10=xxxxxxxx x10:00000006
14885231ns          248203 1c008772 68e7f7c3 fmadd.s          f15, f15, f14, f13  f15=xxxxxxxx f15:41c24450 f14:3f2b813b f13:c23f0e08
14885251ns          248204 1c008776 1c0006b7 lui              x13, 0x1c000000     x13=1c000000
14885271ns          248205 1c00877a 13c6a683 lw               x13, 316(x13)       x13=42390412 x13:1c000000  PA:1c00013c
14885589ns          248221 1c00877e 68e7f7c3 fmadd.s          f15, f15, f14, f13  f15=xxxxxxxx f15:c1fbf65d f14:3f2b813b f13:42390412
14885609ns          248222 1c008782 1c0006b7 lui              x13, 0x1c000000     x13=1c000000
14885629ns          248223 1c008786 1406a683 lw               x13, 320(x13)       x13=c1efd21b x13:1c000000  PA:1c000140
14885947ns          248239 1c00878a 68e7f7c3 fmadd.s          f15, f15, f14, f13  f15=xxxxxxxx f15:41c93b63 f14:3f2b813b f13:c1efd21b
14885967ns          248240 1c00878e 1c0006b7 lui              x13, 0x1c000000     x13=1c000000
14885987ns          248241 1c008792 1446a683 lw               x13, 324(x13)       x13=41644a86 x13:1c000000  PA:1c000144
14886305ns          248257 1c008796 68e7f7c3 fmadd.s          f15, f15, f14, f13  f15=xxxxxxxx f15:c15203b5 f14:3f2b813b f13:41644a86
14886325ns          248258 1c00879a 1c0006b7 lui              x13, 0x1c000000     x13=1c000000
14886345ns          248259 1c00879e 1486a683 lw               x13, 328(x13)       x13=c087dba8 x13:1c000000  PA:1c000148
14886663ns          248275 1c0087a2 68e7f7c3 fmadd.s          f15, f15, f14, f13  f15=xxxxxxxx f15:40af3010 f14:3f2b813b f13:c087dba8
14886683ns          248276 1c0087a6 00a7f553 fadd.s           f10, f15, f10       f10=xxxxxxxx f15:bf13f0ee f10:40c00000
14886703ns          248277 1c0087aa 00008067 jalr             x0, x1, 0            x1:1c0081c2
14886763ns          248280 1c0081c2 11557553 fmul.s           f10, f10, f21       f10=xxxxxxxx f10:40ad81e2 f21:3f317218
14886782ns          248281 1c0081c6 00a4222b p.sw             x10, 4(x8!)          x8=100016b0 x10:40708843  x8:100016ac  PA:100016ac
14886802ns          248282 1c0081ca ff4419e3 bne              x8, x20, -14         x8:100016b0 x20:100017d8
14886862ns          248285 1c0081bc 0049a50b p.lw             x10, 4(x19!)        x10=4254a7fc x19=1c01038c x19:1c010388  PA:1c010388
14887180ns          248301 1c0081c0 558000ef jal              x1, 1368             x1=1c0081c2
14887200ns          248302 1c008718 e00517d3 fclass.s         x15, f10            x15=00000040 f10:4254a7fc
14887220ns          248303 1c00871c 0817f793 andi             x15, x15, 129       x15=00000000 x15:00000040
14887240ns          248304 1c008720 08079b63 bne              x15, x0, 150        x15:00000000
14887260ns          248305 1c008722 00000793 addi             x15, x0, 0          x15=00000000
14887280ns          248306 1c008726 a0f52753 feq.s            x14, f10, f15       x14=00000000 f10:4254a7fc f15:00000000
14887300ns          248307 1c00872a 08071163 bne              x14, x0, 130        x14:00000000
14887319ns          248308 1c00872c a0f507d3 fle.s            x15, f10, f15       x15=00000000 f10:4254a7fc f15:00000000
14887339ns          248309 1c008730 08079863 bne              x15, x0, 144        x15:00000000
14887359ns          248310 1c008732 a0a527d3 feq.s            x15, f10, f10       x15=00000001 f10:4254a7fc f10:4254a7fc
14887379ns          248311 1c008736 08078563 beq              x15, x0, 138        x15:00000001
14887399ns          248312 1c008738 d17537b3 p.bclr           x15, x10, 8, 23     x15=0054a7fc x10:4254a7fc
14887419ns          248313 1c00873c cb87c733 p.bset           x14, x15, 5, 24     x14=3f54a7fc x15:0054a7fc
14887439ns          248314 1c008740 1c0006b7 lui              x13, 0x1c000000     x13=1c000000
14887459ns          248315 1c008744 1c0007b7 lui              x15, 0x1c000000     x15=1c000000
14887479ns          248316 1c008748 1306a683 lw               x13, 304(x13)       x13=c13c5fa8 x13:1c000000  PA:1c000130
14887777ns          248331 1c00874c 12c7a783 lw               x15, 300(x15)       x15=3ff7d7e5 x15:1c000000  PA:1c00012c
14888075ns          248346 1c008750 41755513 srai             x10, x10, 0x417     x10=00000084 x10:4254a7fc
14888095ns          248347 1c008752 68e7f7c3 fmadd.s          f15, f15, f14, f13  f15=xxxxxxxx f15:3ff7d7e5 f14:3f54a7fc f13:c13c5fa8
14888115ns          248348 1c008756 1c0006b7 lui              x13, 0x1c000000     x13=1c000000
14888135ns          248349 1c00875a 1346a683 lw               x13, 308(x13)       x13=41fa6a03 x13:1c000000  PA:1c000134
14888433ns          248364 1c00875e f8250513 addi             x10, x10, -126      x10=00000006 x10:00000084
14888453ns          248365 1c008762 68e7f7c3 fmadd.s          f15, f15, f14, f13  f15=xxxxxxxx f15:c122a37b f14:3f54a7fc f13:41fa6a03
14888473ns          248366 1c008766 1c0006b7 lui              x13, 0x1c000000     x13=1c000000
14888493ns          248367 1c00876a 1386a683 lw               x13, 312(x13)       x13=c23f0e08 x13:1c000000  PA:1c000138
14888791ns          248382 1c00876e d0057553 fcvt.s.w         f10, x10            f10=xxxxxxxx x10:00000006
14888811ns          248383 1c008772 68e7f7c3 fmadd.s          f15, f15, f14, f13  f15=xxxxxxxx f15:41b6dcf6 f14:3f54a7fc f13:c23f0e08
14888831ns          248384 1c008776 1c0006b7 lui              x13, 0x1c000000     x13=1c000000
14888851ns          248385 1c00877a 13c6a683 lw               x13, 316(x13)       x13=42390412 x13:1c000000  PA:1c00013c
14889169ns          248401 1c00877e 68e7f7c3 fmadd.s          f15, f15, f14, f13  f15=xxxxxxxx f15:c1e63516 f14:3f54a7fc f13:42390412
14889189ns          248402 1c008782 1c0006b7 lui              x13, 0x1c000000     x13=1c000000
14889209ns          248403 1c008786 1406a683 lw               x13, 320(x13)       x13=c1efd21b x13:1c000000  PA:1c000140
14889527ns          248419 1c00878a 68e7f7c3 fmadd.s          f15, f15, f14, f13  f15=xxxxxxxx f15:41b2cd1f f14:3f54a7fc f13:c1efd21b
14889547ns          248420 1c00878e 1c0006b7 lui              x13, 0x1c000000     x13=1c000000
14889567ns          248421 1c008792 1446a683 lw               x13, 324(x13)       x13=41644a86 x13:1c000000  PA:1c000144
14889925ns          248439 1c008796 68e7f7c3 fmadd.s          f15, f15, f14, f13  f15=xxxxxxxx f15:c13695d3 f14:3f54a7fc f13:41644a86
14889945ns          248440 1c00879a 1c0006b7 lui              x13, 0x1c000000     x13=1c000000
14889965ns          248441 1c00879e 1486a683 lw               x13, 328(x13)       x13=c087dba8 x13:1c000000  PA:1c000148
14890283ns          248457 1c0087a2 68e7f7c3 fmadd.s          f15, f15, f14, f13  f15=xxxxxxxx f15:40993d48 f14:3f54a7fc f13:c087dba8
14890303ns          248458 1c0087a6 00a7f553 fadd.s           f10, f15, f10       f10=xxxxxxxx f15:be8905a9 f10:40c00000
14890323ns          248459 1c0087aa 00008067 jalr             x0, x1, 0            x1:1c0081c2
14890383ns          248462 1c0081c2 11557553 fmul.s           f10, f10, f21       f10=xxxxxxxx f10:40b76fa5 f21:3f317218
14890403ns          248463 1c0081c6 00a4222b p.sw             x10, 4(x8!)          x8=100016b4 x10:407e4be4  x8:100016b0  PA:100016b0
14890422ns          248464 1c0081ca ff4419e3 bne              x8, x20, -14         x8:100016b4 x20:100017d8
14890482ns          248467 1c0081bc 0049a50b p.lw             x10, 4(x19!)        x10=42b7a643 x19=1c010390 x19:1c01038c  PA:1c01038c
14890780ns          248482 1c0081c0 558000ef jal              x1, 1368             x1=1c0081c2
14890800ns          248483 1c008718 e00517d3 fclass.s         x15, f10            x15=00000040 f10:42b7a643
14890820ns          248484 1c00871c 0817f793 andi             x15, x15, 129       x15=00000000 x15:00000040
14890840ns          248485 1c008720 08079b63 bne              x15, x0, 150        x15:00000000
14890860ns          248486 1c008722 00000793 addi             x15, x0, 0          x15=00000000
14890880ns          248487 1c008726 a0f52753 feq.s            x14, f10, f15       x14=00000000 f10:42b7a643 f15:00000000
14890900ns          248488 1c00872a 08071163 bne              x14, x0, 130        x14:00000000
14890920ns          248489 1c00872c a0f507d3 fle.s            x15, f10, f15       x15=00000000 f10:42b7a643 f15:00000000
14890940ns          248490 1c008730 08079863 bne              x15, x0, 144        x15:00000000
14890959ns          248491 1c008732 a0a527d3 feq.s            x15, f10, f10       x15=00000001 f10:42b7a643 f10:42b7a643
14890979ns          248492 1c008736 08078563 beq              x15, x0, 138        x15:00000001
14890999ns          248493 1c008738 d17537b3 p.bclr           x15, x10, 8, 23     x15=0037a643 x10:42b7a643
14891019ns          248494 1c00873c cb87c733 p.bset           x14, x15, 5, 24     x14=3f37a643 x15:0037a643
14891039ns          248495 1c008740 1c0006b7 lui              x13, 0x1c000000     x13=1c000000
14891059ns          248496 1c008744 1c0007b7 lui              x15, 0x1c000000     x15=1c000000
14891079ns          248497 1c008748 1306a683 lw               x13, 304(x13)       x13=c13c5fa8 x13:1c000000  PA:1c000130
14891377ns          248512 1c00874c 12c7a783 lw               x15, 300(x15)       x15=3ff7d7e5 x15:1c000000  PA:1c00012c
14891676ns          248527 1c008750 41755513 srai             x10, x10, 0x417     x10=00000085 x10:42b7a643
14891695ns          248528 1c008752 68e7f7c3 fmadd.s          f15, f15, f14, f13  f15=xxxxxxxx f15:3ff7d7e5 f14:3f37a643 f13:c13c5fa8
14891715ns          248529 1c008756 1c0006b7 lui              x13, 0x1c000000     x13=1c000000
14891735ns          248530 1c00875a 1346a683 lw               x13, 308(x13)       x13=41fa6a03 x13:1c000000  PA:1c000134
14892034ns          248545 1c00875e f8250513 addi             x10, x10, -126      x10=00000007 x10:00000085
14892053ns          248546 1c008762 68e7f7c3 fmadd.s          f15, f15, f14, f13  f15=xxxxxxxx f15:c126261f f14:3f37a643 f13:41fa6a03
14892073ns          248547 1c008766 1c0006b7 lui              x13, 0x1c000000     x13=1c000000
14892093ns          248548 1c00876a 1386a683 lw               x13, 312(x13)       x13=c23f0e08 x13:1c000000  PA:1c000138
14892411ns          248564 1c00876e d0057553 fcvt.s.w         f10, x10            f10=xxxxxxxx x10:00000007
14892431ns          248565 1c008772 68e7f7c3 fmadd.s          f15, f15, f14, f13  f15=xxxxxxxx f15:41bed16f f14:3f37a643 f13:c23f0e08
14892451ns          248566 1c008776 1c0006b7 lui              x13, 0x1c000000     x13=1c000000
14892471ns          248567 1c00877a 13c6a683 lw               x13, 316(x13)       x13=42390412 x13:1c000000  PA:1c00013c
14892789ns          248583 1c00877e 68e7f7c3 fmadd.s          f15, f15, f14, f13  f15=xxxxxxxx f15:c1f5386c f14:3f37a643 f13:42390412
14892809ns          248584 1c008782 1c0006b7 lui              x13, 0x1c000000     x13=1c000000
14892829ns          248585 1c008786 1406a683 lw               x13, 320(x13)       x13=c1efd21b x13:1c000000  PA:1c000140
14893167ns          248602 1c00878a 68e7f7c3 fmadd.s          f15, f15, f14, f13  f15=xxxxxxxx f15:41c21d8c f14:3f37a643 f13:c1efd21b
14893187ns          248603 1c00878e 1c0006b7 lui              x13, 0x1c000000     x13=1c000000
14893207ns          248604 1c008792 1446a683 lw               x13, 324(x13)       x13=41644a86 x13:1c000000  PA:1c000144
14893525ns          248620 1c008796 68e7f7c3 fmadd.s          f15, f15, f14, f13  f15=xxxxxxxx f15:c14921d4 f14:3f37a643 f13:41644a86
14893545ns          248621 1c00879a 1c0006b7 lui              x13, 0x1c000000     x13=1c000000
14893565ns          248622 1c00879e 1486a683 lw               x13, 328(x13)       x13=c087dba8 x13:1c000000  PA:1c000148
14893903ns          248639 1c0087a2 68e7f7c3 fmadd.s          f15, f15, f14, f13  f15=xxxxxxxx f15:40a8016e f14:3f37a643 f13:c087dba8
14893923ns          248640 1c0087a6 00a7f553 fadd.s           f10, f15, f10       f10=xxxxxxxx f15:bef55858 f10:40e00000
14893943ns          248641 1c0087aa 00008067 jalr             x0, x1, 0            x1:1c0081c2
14894003ns          248644 1c0081c2 11557553 fmul.s           f10, f10, f21       f10=xxxxxxxx f10:40d0aa7a f21:3f317218
14894023ns          248645 1c0081c6 00a4222b p.sw             x10, 4(x8!)          x8=100016b8 x10:4090a2de  x8:100016b4  PA:100016b4
14894043ns          248646 1c0081ca ff4419e3 bne              x8, x20, -14         x8:100016b8 x20:100017d8
14894102ns          248649 1c0081bc 0049a50b p.lw             x10, 4(x19!)        x10=410101b4 x19=1c010394 x19:1c010390  PA:1c010390
14894401ns          248664 1c0081c0 558000ef jal              x1, 1368             x1=1c0081c2
14894420ns          248665 1c008718 e00517d3 fclass.s         x15, f10            x15=00000040 f10:410101b4
14894440ns          248666 1c00871c 0817f793 andi             x15, x15, 129       x15=00000000 x15:00000040
14894460ns          248667 1c008720 08079b63 bne              x15, x0, 150        x15:00000000
14894480ns          248668 1c008722 00000793 addi             x15, x0, 0          x15=00000000
14894500ns          248669 1c008726 a0f52753 feq.s            x14, f10, f15       x14=00000000 f10:410101b4 f15:00000000
14894520ns          248670 1c00872a 08071163 bne              x14, x0, 130        x14:00000000
14894540ns          248671 1c00872c a0f507d3 fle.s            x15, f10, f15       x15=00000000 f10:410101b4 f15:00000000
14894560ns          248672 1c008730 08079863 bne              x15, x0, 144        x15:00000000
14894580ns          248673 1c008732 a0a527d3 feq.s            x15, f10, f10       x15=00000001 f10:410101b4 f10:410101b4
14894599ns          248674 1c008736 08078563 beq              x15, x0, 138        x15:00000001
14894619ns          248675 1c008738 d17537b3 p.bclr           x15, x10, 8, 23     x15=000101b4 x10:410101b4
14894639ns          248676 1c00873c cb87c733 p.bset           x14, x15, 5, 24     x14=3f0101b4 x15:000101b4
14894659ns          248677 1c008740 1c0006b7 lui              x13, 0x1c000000     x13=1c000000
14894679ns          248678 1c008744 1c0007b7 lui              x15, 0x1c000000     x15=1c000000
14894699ns          248679 1c008748 1306a683 lw               x13, 304(x13)       x13=c13c5fa8 x13:1c000000  PA:1c000130
14894997ns          248694 1c00874c 12c7a783 lw               x15, 300(x15)       x15=3ff7d7e5 x15:1c000000  PA:1c00012c
14895296ns          248709 1c008750 41755513 srai             x10, x10, 0x417     x10=00000082 x10:410101b4
14895316ns          248710 1c008752 68e7f7c3 fmadd.s          f15, f15, f14, f13  f15=xxxxxxxx f15:3ff7d7e5 f14:3f0101b4 f13:c13c5fa8
14895335ns          248711 1c008756 1c0006b7 lui              x13, 0x1c000000     x13=1c000000
14895355ns          248712 1c00875a 1346a683 lw               x13, 308(x13)       x13=41fa6a03 x13:1c000000  PA:1c000134
14895654ns          248727 1c00875e f8250513 addi             x10, x10, -126      x10=00000004 x10:00000082
14895674ns          248728 1c008762 68e7f7c3 fmadd.s          f15, f15, f14, f13  f15=xxxxxxxx f15:c12cc2fa f14:3f0101b4 f13:41fa6a03
14895693ns          248729 1c008766 1c0006b7 lui              x13, 0x1c000000     x13=1c000000
14895713ns          248730 1c00876a 1386a683 lw               x13, 312(x13)       x13=c23f0e08 x13:1c000000  PA:1c000138
14896012ns          248745 1c00876e d0057553 fcvt.s.w         f10, x10            f10=xxxxxxxx x10:00000004
14896032ns          248746 1c008772 68e7f7c3 fmadd.s          f15, f15, f14, f13  f15=xxxxxxxx f15:41cee250 f14:3f0101b4 f13:c23f0e08
14896051ns          248747 1c008776 1c0006b7 lui              x13, 0x1c000000     x13=1c000000
14896071ns          248748 1c00877a 13c6a683 lw               x13, 316(x13)       x13=42390412 x13:1c000000  PA:1c00013c
14896410ns          248765 1c00877e 68e7f7c3 fmadd.s          f15, f15, f14, f13  f15=xxxxxxxx f15:c20aed53 f14:3f0101b4 f13:42390412
14896429ns          248766 1c008782 1c0006b7 lui              x13, 0x1c000000     x13=1c000000
14896449ns          248767 1c008786 1406a683 lw               x13, 320(x13)       x13=c1efd21b x13:1c000000  PA:1c000140
14896768ns          248783 1c00878a 68e7f7c3 fmadd.s          f15, f15, f14, f13  f15=xxxxxxxx f15:41e6031d f14:3f0101b4 f13:c1efd21b
14896787ns          248784 1c00878e 1c0006b7 lui              x13, 0x1c000000     x13=1c000000
14896807ns          248785 1c008792 1446a683 lw               x13, 324(x13)       x13=41644a86 x13:1c000000  PA:1c000144
14897145ns          248802 1c008796 68e7f7c3 fmadd.s          f15, f15, f14, f13  f15=xxxxxxxx f15:c177d203 f14:3f0101b4 f13:41644a86
14897165ns          248803 1c00879a 1c0006b7 lui              x13, 0x1c000000     x13=1c000000
14897185ns          248804 1c00879e 1486a683 lw               x13, 328(x13)       x13=c087dba8 x13:1c000000  PA:1c000148
14897504ns          248820 1c0087a2 68e7f7c3 fmadd.s          f15, f15, f14, f13  f15=xxxxxxxx f15:40ced019 f14:3f0101b4 f13:c087dba8
14897523ns          248821 1c0087a6 00a7f553 fadd.s           f10, f15, f10       f10=xxxxxxxx f15:bf7d1b59 f10:40800000
14897543ns          248822 1c0087aa 00008067 jalr             x0, x1, 0            x1:1c0081c2
14897603ns          248825 1c0081c2 11557553 fmul.s           f10, f10, f21       f10=xxxxxxxx f10:4040b92a f21:3f317218
14897623ns          248826 1c0081c6 00a4222b p.sw             x10, 4(x8!)          x8=100016bc x10:400595eb  x8:100016b8  PA:100016b8
14897643ns          248827 1c0081ca ff4419e3 bne              x8, x20, -14         x8:100016bc x20:100017d8
14897702ns          248830 1c0081bc 0049a50b p.lw             x10, 4(x19!)        x10=41a80a93 x19=1c010398 x19:1c010394  PA:1c010394
14898001ns          248845 1c0081c0 558000ef jal              x1, 1368             x1=1c0081c2
14898021ns          248846 1c008718 e00517d3 fclass.s         x15, f10            x15=00000040 f10:41a80a93
14898041ns          248847 1c00871c 0817f793 andi             x15, x15, 129       x15=00000000 x15:00000040
14898060ns          248848 1c008720 08079b63 bne              x15, x0, 150        x15:00000000
14898080ns          248849 1c008722 00000793 addi             x15, x0, 0          x15=00000000
14898100ns          248850 1c008726 a0f52753 feq.s            x14, f10, f15       x14=00000000 f10:41a80a93 f15:00000000
14898120ns          248851 1c00872a 08071163 bne              x14, x0, 130        x14:00000000
14898140ns          248852 1c00872c a0f507d3 fle.s            x15, f10, f15       x15=00000000 f10:41a80a93 f15:00000000
14898160ns          248853 1c008730 08079863 bne              x15, x0, 144        x15:00000000
14898180ns          248854 1c008732 a0a527d3 feq.s            x15, f10, f10       x15=00000001 f10:41a80a93 f10:41a80a93
14898200ns          248855 1c008736 08078563 beq              x15, x0, 138        x15:00000001
14898220ns          248856 1c008738 d17537b3 p.bclr           x15, x10, 8, 23     x15=00280a93 x10:41a80a93
14898239ns          248857 1c00873c cb87c733 p.bset           x14, x15, 5, 24     x14=3f280a93 x15:00280a93
14898259ns          248858 1c008740 1c0006b7 lui              x13, 0x1c000000     x13=1c000000
14898279ns          248859 1c008744 1c0007b7 lui              x15, 0x1c000000     x15=1c000000
14898299ns          248860 1c008748 1306a683 lw               x13, 304(x13)       x13=c13c5fa8 x13:1c000000  PA:1c000130
14898637ns          248877 1c00874c 12c7a783 lw               x15, 300(x15)       x15=3ff7d7e5 x15:1c000000  PA:1c00012c
14898936ns          248892 1c008750 41755513 srai             x10, x10, 0x417     x10=00000083 x10:41a80a93
14898956ns          248893 1c008752 68e7f7c3 fmadd.s          f15, f15, f14, f13  f15=xxxxxxxx f15:3ff7d7e5 f14:3f280a93 f13:c13c5fa8
14898975ns          248894 1c008756 1c0006b7 lui              x13, 0x1c000000     x13=1c000000
14898995ns          248895 1c00875a 1346a683 lw               x13, 308(x13)       x13=41fa6a03 x13:1c000000  PA:1c000134
14899294ns          248910 1c00875e f8250513 addi             x10, x10, -126      x10=00000005 x10:00000083
14899314ns          248911 1c008762 68e7f7c3 fmadd.s          f15, f15, f14, f13  f15=xxxxxxxx f15:c12809ab f14:3f280a93 f13:41fa6a03
14899333ns          248912 1c008766 1c0006b7 lui              x13, 0x1c000000     x13=1c000000
14899353ns          248913 1c00876a 1386a683 lw               x13, 312(x13)       x13=c23f0e08 x13:1c000000  PA:1c000138
14899652ns          248928 1c00876e d0057553 fcvt.s.w         f10, x10            f10=xxxxxxxx x10:00000005
14899672ns          248929 1c008772 68e7f7c3 fmadd.s          f15, f15, f14, f13  f15=xxxxxxxx f15:41c3435e f14:3f280a93 f13:c23f0e08
14899691ns          248930 1c008776 1c0006b7 lui              x13, 0x1c000000     x13=1c000000
14899711ns          248931 1c00877a 13c6a683 lw               x13, 316(x13)       x13=42390412 x13:1c000000  PA:1c00013c
14900030ns          248947 1c00877e 68e7f7c3 fmadd.s          f15, f15, f14, f13  f15=xxxxxxxx f15:c1fdefca f14:3f280a93 f13:42390412
14900050ns          248948 1c008782 1c0006b7 lui              x13, 0x1c000000     x13=1c000000
14900069ns          248949 1c008786 1406a683 lw               x13, 320(x13)       x13=c1efd21b x13:1c000000  PA:1c000140
14900427ns          248967 1c00878a 68e7f7c3 fmadd.s          f15, f15, f14, f13  f15=xxxxxxxx f15:41cb584a f14:3f280a93 f13:c1efd21b
14900447ns          248968 1c00878e 1c0006b7 lui              x13, 0x1c000000     x13=1c000000
14900467ns          248969 1c008792 1446a683 lw               x13, 324(x13)       x13=41644a86 x13:1c000000  PA:1c000144
14900785ns          248985 1c008796 68e7f7c3 fmadd.s          f15, f15, f14, f13  f15=xxxxxxxx f15:c154af88 f14:3f280a93 f13:41644a86
14900805ns          248986 1c00879a 1c0006b7 lui              x13, 0x1c000000     x13=1c000000
14900825ns          248987 1c00879e 1486a683 lw               x13, 328(x13)       x13=c087dba8 x13:1c000000  PA:1c000148
14901163ns          249004 1c0087a2 68e7f7c3 fmadd.s          f15, f15, f14, f13  f15=xxxxxxxx f15:40b15d18 f14:3f280a93 f13:c087dba8
14901183ns          249005 1c0087a6 00a7f553 fadd.s           f10, f15, f10       f10=xxxxxxxx f15:bf1b79e6 f10:40a00000
14901203ns          249006 1c0087aa 00008067 jalr             x0, x1, 0            x1:1c0081c2
14901263ns          249009 1c0081c2 11557553 fmul.s           f10, f10, f21       f10=xxxxxxxx f10:408c90c3 f21:3f317218
14901283ns          249010 1c0081c6 00a4222b p.sw             x10, 4(x8!)          x8=100016c0 x10:4042dd79  x8:100016bc  PA:100016bc
14901303ns          249011 1c0081ca ff4419e3 bne              x8, x20, -14         x8:100016c0 x20:100017d8
14901362ns          249014 1c0081bc 0049a50b p.lw             x10, 4(x19!)        x10=42204b3a x19=1c01039c x19:1c010398  PA:1c010398
14901661ns          249029 1c0081c0 558000ef jal              x1, 1368             x1=1c0081c2
14901681ns          249030 1c008718 e00517d3 fclass.s         x15, f10            x15=00000040 f10:42204b3a
14901700ns          249031 1c00871c 0817f793 andi             x15, x15, 129       x15=00000000 x15:00000040
14901720ns          249032 1c008720 08079b63 bne              x15, x0, 150        x15:00000000
14901740ns          249033 1c008722 00000793 addi             x15, x0, 0          x15=00000000
14901760ns          249034 1c008726 a0f52753 feq.s            x14, f10, f15       x14=00000000 f10:42204b3a f15:00000000
14901780ns          249035 1c00872a 08071163 bne              x14, x0, 130        x14:00000000
14901800ns          249036 1c00872c a0f507d3 fle.s            x15, f10, f15       x15=00000000 f10:42204b3a f15:00000000
14901820ns          249037 1c008730 08079863 bne              x15, x0, 144        x15:00000000
14901840ns          249038 1c008732 a0a527d3 feq.s            x15, f10, f10       x15=00000001 f10:42204b3a f10:42204b3a
14901860ns          249039 1c008736 08078563 beq              x15, x0, 138        x15:00000001
14901879ns          249040 1c008738 d17537b3 p.bclr           x15, x10, 8, 23     x15=00204b3a x10:42204b3a
14901899ns          249041 1c00873c cb87c733 p.bset           x14, x15, 5, 24     x14=3f204b3a x15:00204b3a
14901919ns          249042 1c008740 1c0006b7 lui              x13, 0x1c000000     x13=1c000000
14901939ns          249043 1c008744 1c0007b7 lui              x15, 0x1c000000     x15=1c000000
14901959ns          249044 1c008748 1306a683 lw               x13, 304(x13)       x13=c13c5fa8 x13:1c000000  PA:1c000130
14902257ns          249059 1c00874c 12c7a783 lw               x15, 300(x15)       x15=3ff7d7e5 x15:1c000000  PA:1c00012c
14902556ns          249074 1c008750 41755513 srai             x10, x10, 0x417     x10=00000084 x10:42204b3a
14902576ns          249075 1c008752 68e7f7c3 fmadd.s          f15, f15, f14, f13  f15=xxxxxxxx f15:3ff7d7e5 f14:3f204b3a f13:c13c5fa8
14902596ns          249076 1c008756 1c0006b7 lui              x13, 0x1c000000     x13=1c000000
14902615ns          249077 1c00875a 1346a683 lw               x13, 308(x13)       x13=41fa6a03 x13:1c000000  PA:1c000134
14902914ns          249092 1c00875e f8250513 addi             x10, x10, -126      x10=00000006 x10:00000084
14902934ns          249093 1c008762 68e7f7c3 fmadd.s          f15, f15, f14, f13  f15=xxxxxxxx f15:c128f9b0 f14:3f204b3a f13:41fa6a03
14902954ns          249094 1c008766 1c0006b7 lui              x13, 0x1c000000     x13=1c000000
14902973ns          249095 1c00876a 1386a683 lw               x13, 312(x13)       x13=c23f0e08 x13:1c000000  PA:1c000138
14903272ns          249110 1c00876e d0057553 fcvt.s.w         f10, x10            f10=xxxxxxxx x10:00000006
14903292ns          249111 1c008772 68e7f7c3 fmadd.s          f15, f15, f14, f13  f15=xxxxxxxx f15:41c58328 f14:3f204b3a f13:c23f0e08
14903312ns          249112 1c008776 1c0006b7 lui              x13, 0x1c000000     x13=1c000000
14903331ns          249113 1c00877a 13c6a683 lw               x13, 316(x13)       x13=42390412 x13:1c000000  PA:1c00013c
14903690ns          249131 1c00877e 68e7f7c3 fmadd.s          f15, f15, f14, f13  f15=xxxxxxxx f15:c2013806 f14:3f204b3a f13:42390412
14903709ns          249132 1c008782 1c0006b7 lui              x13, 0x1c000000     x13=1c000000
14903729ns          249133 1c008786 1406a683 lw               x13, 320(x13)       x13=c1efd21b x13:1c000000  PA:1c000140
14904048ns          249149 1c00878a 68e7f7c3 fmadd.s          f15, f15, f14, f13  f15=xxxxxxxx f15:41d0362b f14:3f204b3a f13:c1efd21b
14904067ns          249150 1c00878e 1c0006b7 lui              x13, 0x1c000000     x13=1c000000
14904087ns          249151 1c008792 1446a683 lw               x13, 324(x13)       x13=41644a86 x13:1c000000  PA:1c000144
14904406ns          249167 1c008796 68e7f7c3 fmadd.s          f15, f15, f14, f13  f15=xxxxxxxx f15:c15ae622 f14:3f204b3a f13:41644a86
14904425ns          249168 1c00879a 1c0006b7 lui              x13, 0x1c000000     x13=1c000000
14904445ns          249169 1c00879e 1486a683 lw               x13, 328(x13)       x13=c087dba8 x13:1c000000  PA:1c000148
14904764ns          249185 1c0087a2 68e7f7c3 fmadd.s          f15, f15, f14, f13  f15=xxxxxxxx f15:40b674bb f14:3f204b3a f13:c087dba8
14904784ns          249186 1c0087a6 00a7f553 fadd.s           f10, f15, f10       f10=xxxxxxxx f15:bf2ce8ad f10:40c00000
14904803ns          249187 1c0087aa 00008067 jalr             x0, x1, 0            x1:1c0081c2
14904863ns          249190 1c0081c2 11557553 fmul.s           f10, f10, f21       f10=xxxxxxxx f10:40aa62ea f21:3f317218
14904883ns          249191 1c0081c6 00a4222b p.sw             x10, 4(x8!)          x8=100016c4 x10:406c34a8  x8:100016c0  PA:100016c0
14904903ns          249192 1c0081ca ff4419e3 bne              x8, x20, -14         x8:100016c4 x20:100017d8
14904963ns          249195 1c0081bc 0049a50b p.lw             x10, 4(x19!)        x10=4285ec4f x19=1c0103a0 x19:1c01039c  PA:1c01039c
14905261ns          249210 1c0081c0 558000ef jal              x1, 1368             x1=1c0081c2
14905281ns          249211 1c008718 e00517d3 fclass.s         x15, f10            x15=00000040 f10:4285ec4f
14905301ns          249212 1c00871c 0817f793 andi             x15, x15, 129       x15=00000000 x15:00000040
14905321ns          249213 1c008720 08079b63 bne              x15, x0, 150        x15:00000000
14905340ns          249214 1c008722 00000793 addi             x15, x0, 0          x15=00000000
14905360ns          249215 1c008726 a0f52753 feq.s            x14, f10, f15       x14=00000000 f10:4285ec4f f15:00000000
14905380ns          249216 1c00872a 08071163 bne              x14, x0, 130        x14:00000000
14905400ns          249217 1c00872c a0f507d3 fle.s            x15, f10, f15       x15=00000000 f10:4285ec4f f15:00000000
14905420ns          249218 1c008730 08079863 bne              x15, x0, 144        x15:00000000
14905440ns          249219 1c008732 a0a527d3 feq.s            x15, f10, f10       x15=00000001 f10:4285ec4f f10:4285ec4f
14905460ns          249220 1c008736 08078563 beq              x15, x0, 138        x15:00000001
14905480ns          249221 1c008738 d17537b3 p.bclr           x15, x10, 8, 23     x15=0005ec4f x10:4285ec4f
14905500ns          249222 1c00873c cb87c733 p.bset           x14, x15, 5, 24     x14=3f05ec4f x15:0005ec4f
14905519ns          249223 1c008740 1c0006b7 lui              x13, 0x1c000000     x13=1c000000
14905539ns          249224 1c008744 1c0007b7 lui              x15, 0x1c000000     x15=1c000000
14905559ns          249225 1c008748 1306a683 lw               x13, 304(x13)       x13=c13c5fa8 x13:1c000000  PA:1c000130
14905897ns          249242 1c00874c 12c7a783 lw               x15, 300(x15)       x15=3ff7d7e5 x15:1c000000  PA:1c00012c
14906196ns          249257 1c008750 41755513 srai             x10, x10, 0x417     x10=00000085 x10:4285ec4f
14906216ns          249258 1c008752 68e7f7c3 fmadd.s          f15, f15, f14, f13  f15=xxxxxxxx f15:3ff7d7e5 f14:3f05ec4f f13:c13c5fa8
14906236ns          249259 1c008756 1c0006b7 lui              x13, 0x1c000000     x13=1c000000
14906255ns          249260 1c00875a 1346a683 lw               x13, 308(x13)       x13=41fa6a03 x13:1c000000  PA:1c000134
14906554ns          249275 1c00875e f8250513 addi             x10, x10, -126      x10=00000007 x10:00000085
14906574ns          249276 1c008762 68e7f7c3 fmadd.s          f15, f15, f14, f13  f15=xxxxxxxx f15:c12c2aaa f14:3f05ec4f f13:41fa6a03
14906594ns          249277 1c008766 1c0006b7 lui              x13, 0x1c000000     x13=1c000000
14906613ns          249278 1c00876a 1386a683 lw               x13, 312(x13)       x13=c23f0e08 x13:1c000000  PA:1c000138
14906912ns          249293 1c00876e d0057553 fcvt.s.w         f10, x10            f10=xxxxxxxx x10:00000007
14906932ns          249294 1c008772 68e7f7c3 fmadd.s          f15, f15, f14, f13  f15=xxxxxxxx f15:41cd6178 f14:3f05ec4f f13:c23f0e08
14906952ns          249295 1c008776 1c0006b7 lui              x13, 0x1c000000     x13=1c000000
14906972ns          249296 1c00877a 13c6a683 lw               x13, 316(x13)       x13=42390412 x13:1c000000  PA:1c00013c
14907330ns          249314 1c00877e 68e7f7c3 fmadd.s          f15, f15, f14, f13  f15=xxxxxxxx f15:c209556c f14:3f05ec4f f13:42390412
14907349ns          249315 1c008782 1c0006b7 lui              x13, 0x1c000000     x13=1c000000
14907369ns          249316 1c008786 1406a683 lw               x13, 320(x13)       x13=c1efd21b x13:1c000000  PA:1c000140
14907688ns          249332 1c00878a 68e7f7c3 fmadd.s          f15, f15, f14, f13  f15=xxxxxxxx f15:41e257d8 f14:3f05ec4f f13:c1efd21b
14907707ns          249333 1c00878e 1c0006b7 lui              x13, 0x1c000000     x13=1c000000
14907727ns          249334 1c008792 1446a683 lw               x13, 324(x13)       x13=41644a86 x13:1c000000  PA:1c000144
14908046ns          249350 1c008796 68e7f7c3 fmadd.s          f15, f15, f14, f13  f15=xxxxxxxx f15:c172d312 f14:3f05ec4f f13:41644a86
14908065ns          249351 1c00879a 1c0006b7 lui              x13, 0x1c000000     x13=1c000000
14908085ns          249352 1c00879e 1486a683 lw               x13, 328(x13)       x13=c087dba8 x13:1c000000  PA:1c000148
14908424ns          249369 1c0087a2 68e7f7c3 fmadd.s          f15, f15, f14, f13  f15=xxxxxxxx f15:40ca8570 f14:3f05ec4f f13:c087dba8
14908443ns          249370 1c0087a6 00a7f553 fadd.s           f10, f15, f10       f10=xxxxxxxx f15:bf6f4b1a f10:40e00000
14908463ns          249371 1c0087aa 00008067 jalr             x0, x1, 0            x1:1c0081c2
14908523ns          249374 1c0081c2 11557553 fmul.s           f10, f10, f21       f10=xxxxxxxx f10:40c2169d f21:3f317218
14908543ns          249375 1c0081c6 00a4222b p.sw             x10, 4(x8!)          x8=100016c8 x10:40868823  x8:100016c4  PA:100016c4
14908563ns          249376 1c0081ca ff4419e3 bne              x8, x20, -14         x8:100016c8 x20:100017d8
14908622ns          249379 1c0081bc 0049a50b p.lw             x10, 4(x19!)        x10=425d7224 x19=1c0103a4 x19:1c0103a0  PA:1c0103a0
14908921ns          249394 1c0081c0 558000ef jal              x1, 1368             x1=1c0081c2
14908941ns          249395 1c008718 e00517d3 fclass.s         x15, f10            x15=00000040 f10:425d7224
14908961ns          249396 1c00871c 0817f793 andi             x15, x15, 129       x15=00000000 x15:00000040
14908980ns          249397 1c008720 08079b63 bne              x15, x0, 150        x15:00000000
14909000ns          249398 1c008722 00000793 addi             x15, x0, 0          x15=00000000
14909020ns          249399 1c008726 a0f52753 feq.s            x14, f10, f15       x14=00000000 f10:425d7224 f15:00000000
14909040ns          249400 1c00872a 08071163 bne              x14, x0, 130        x14:00000000
14909060ns          249401 1c00872c a0f507d3 fle.s            x15, f10, f15       x15=00000000 f10:425d7224 f15:00000000
14909080ns          249402 1c008730 08079863 bne              x15, x0, 144        x15:00000000
14909100ns          249403 1c008732 a0a527d3 feq.s            x15, f10, f10       x15=00000001 f10:425d7224 f10:425d7224
14909120ns          249404 1c008736 08078563 beq              x15, x0, 138        x15:00000001
14909140ns          249405 1c008738 d17537b3 p.bclr           x15, x10, 8, 23     x15=005d7224 x10:425d7224
14909159ns          249406 1c00873c cb87c733 p.bset           x14, x15, 5, 24     x14=3f5d7224 x15:005d7224
14909179ns          249407 1c008740 1c0006b7 lui              x13, 0x1c000000     x13=1c000000
14909199ns          249408 1c008744 1c0007b7 lui              x15, 0x1c000000     x15=1c000000
14909219ns          249409 1c008748 1306a683 lw               x13, 304(x13)       x13=c13c5fa8 x13:1c000000  PA:1c000130
14909518ns          249424 1c00874c 12c7a783 lw               x15, 300(x15)       x15=3ff7d7e5 x15:1c000000  PA:1c00012c
14909836ns          249440 1c008750 41755513 srai             x10, x10, 0x417     x10=00000084 x10:425d7224
14909856ns          249441 1c008752 68e7f7c3 fmadd.s          f15, f15, f14, f13  f15=xxxxxxxx f15:3ff7d7e5 f14:3f5d7224 f13:c13c5fa8
14909876ns          249442 1c008756 1c0006b7 lui              x13, 0x1c000000     x13=1c000000
14909895ns          249443 1c00875a 1346a683 lw               x13, 308(x13)       x13=41fa6a03 x13:1c000000  PA:1c000134
14910194ns          249458 1c00875e f8250513 addi             x10, x10, -126      x10=00000006 x10:00000084
14910214ns          249459 1c008762 68e7f7c3 fmadd.s          f15, f15, f14, f13  f15=xxxxxxxx f15:c121932c f14:3f5d7224 f13:41fa6a03
14910234ns          249460 1c008766 1c0006b7 lui              x13, 0x1c000000     x13=1c000000
14910253ns          249461 1c00876a 1386a683 lw               x13, 312(x13)       x13=c23f0e08 x13:1c000000  PA:1c000138
14910552ns          249476 1c00876e d0057553 fcvt.s.w         f10, x10            f10=xxxxxxxx x10:00000006
14910572ns          249477 1c008772 68e7f7c3 fmadd.s          f15, f15, f14, f13  f15=xxxxxxxx f15:41b487f7 f14:3f5d7224 f13:c23f0e08
14910592ns          249478 1c008776 1c0006b7 lui              x13, 0x1c000000     x13=1c000000
14910612ns          249479 1c00877a 13c6a683 lw               x13, 316(x13)       x13=42390412 x13:1c000000  PA:1c00013c
14910930ns          249495 1c00877e 68e7f7c3 fmadd.s          f15, f15, f14, f13  f15=xxxxxxxx f15:c1e1f232 f14:3f5d7224 f13:42390412
14910950ns          249496 1c008782 1c0006b7 lui              x13, 0x1c000000     x13=1c000000
14910970ns          249497 1c008786 1406a683 lw               x13, 320(x13)       x13=c1efd21b x13:1c000000  PA:1c000140
14911288ns          249513 1c00878a 68e7f7c3 fmadd.s          f15, f15, f14, f13  f15=xxxxxxxx f15:41ae9551 f14:3f5d7224 f13:c1efd21b
14911308ns          249514 1c00878e 1c0006b7 lui              x13, 0x1c000000     x13=1c000000
14911328ns          249515 1c008792 1446a683 lw               x13, 324(x13)       x13=41644a86 x13:1c000000  PA:1c000144
14911646ns          249531 1c008796 68e7f7c3 fmadd.s          f15, f15, f14, f13  f15=xxxxxxxx f15:c1319aba f14:3f5d7224 f13:41644a86
14911666ns          249532 1c00879a 1c0006b7 lui              x13, 0x1c000000     x13=1c000000
14911686ns          249533 1c00879e 1486a683 lw               x13, 328(x13)       x13=c087dba8 x13:1c000000  PA:1c000148
14912024ns          249550 1c0087a2 68e7f7c3 fmadd.s          f15, f15, f14, f13  f15=xxxxxxxx f15:40955187 f14:3f5d7224 f13:c087dba8
14912044ns          249551 1c0087a6 00a7f553 fadd.s           f10, f15, f10       f10=xxxxxxxx f15:be563665 f10:40c00000
14912064ns          249552 1c0087aa 00008067 jalr             x0, x1, 0            x1:1c0081c2
14912123ns          249555 1c0081c2 11557553 fmul.s           f10, f10, f21       f10=xxxxxxxx f10:40b94e4d f21:3f317218
14912143ns          249556 1c0081c6 00a4222b p.sw             x10, 4(x8!)          x8=100016cc x10:408071b9  x8:100016c8  PA:100016c8
14912163ns          249557 1c0081ca ff4419e3 bne              x8, x20, -14         x8:100016cc x20:100017d8
14912223ns          249560 1c0081bc 0049a50b p.lw             x10, 4(x19!)        x10=415af096 x19=1c0103a8 x19:1c0103a4  PA:1c0103a4
14912541ns          249576 1c0081c0 558000ef jal              x1, 1368             x1=1c0081c2
14912561ns          249577 1c008718 e00517d3 fclass.s         x15, f10            x15=00000040 f10:415af096
14912581ns          249578 1c00871c 0817f793 andi             x15, x15, 129       x15=00000000 x15:00000040
14912601ns          249579 1c008720 08079b63 bne              x15, x0, 150        x15:00000000
14912620ns          249580 1c008722 00000793 addi             x15, x0, 0          x15=00000000
14912640ns          249581 1c008726 a0f52753 feq.s            x14, f10, f15       x14=00000000 f10:415af096 f15:00000000
14912660ns          249582 1c00872a 08071163 bne              x14, x0, 130        x14:00000000
14912680ns          249583 1c00872c a0f507d3 fle.s            x15, f10, f15       x15=00000000 f10:415af096 f15:00000000
14912700ns          249584 1c008730 08079863 bne              x15, x0, 144        x15:00000000
14912720ns          249585 1c008732 a0a527d3 feq.s            x15, f10, f10       x15=00000001 f10:415af096 f10:415af096
14912740ns          249586 1c008736 08078563 beq              x15, x0, 138        x15:00000001
14912760ns          249587 1c008738 d17537b3 p.bclr           x15, x10, 8, 23     x15=005af096 x10:415af096
14912780ns          249588 1c00873c cb87c733 p.bset           x14, x15, 5, 24     x14=3f5af096 x15:005af096
14912799ns          249589 1c008740 1c0006b7 lui              x13, 0x1c000000     x13=1c000000
14912819ns          249590 1c008744 1c0007b7 lui              x15, 0x1c000000     x15=1c000000
14912839ns          249591 1c008748 1306a683 lw               x13, 304(x13)       x13=c13c5fa8 x13:1c000000  PA:1c000130
14913138ns          249606 1c00874c 12c7a783 lw               x15, 300(x15)       x15=3ff7d7e5 x15:1c000000  PA:1c00012c
14913436ns          249621 1c008750 41755513 srai             x10, x10, 0x417     x10=00000082 x10:415af096
14913456ns          249622 1c008752 68e7f7c3 fmadd.s          f15, f15, f14, f13  f15=xxxxxxxx f15:3ff7d7e5 f14:3f5af096 f13:c13c5fa8
14913476ns          249623 1c008756 1c0006b7 lui              x13, 0x1c000000     x13=1c000000
14913496ns          249624 1c00875a 1346a683 lw               x13, 308(x13)       x13=41fa6a03 x13:1c000000  PA:1c000134
14913814ns          249640 1c00875e f8250513 addi             x10, x10, -126      x10=00000004 x10:00000082
14913834ns          249641 1c008762 68e7f7c3 fmadd.s          f15, f15, f14, f13  f15=xxxxxxxx f15:c121e0cf f14:3f5af096 f13:41fa6a03
14913854ns          249642 1c008766 1c0006b7 lui              x13, 0x1c000000     x13=1c000000
14913874ns          249643 1c00876a 1386a683 lw               x13, 312(x13)       x13=c23f0e08 x13:1c000000  PA:1c000138
14914172ns          249658 1c00876e d0057553 fcvt.s.w         f10, x10            f10=xxxxxxxx x10:00000004
14914192ns          249659 1c008772 68e7f7c3 fmadd.s          f15, f15, f14, f13  f15=xxxxxxxx f15:41b5313a f14:3f5af096 f13:c23f0e08
14914212ns          249660 1c008776 1c0006b7 lui              x13, 0x1c000000     x13=1c000000
14914232ns          249661 1c00877a 13c6a683 lw               x13, 316(x13)       x13=42390412 x13:1c000000  PA:1c00013c
14914550ns          249677 1c00877e 68e7f7c3 fmadd.s          f15, f15, f14, f13  f15=xxxxxxxx f15:c1e325dc f14:3f5af096 f13:42390412
14914570ns          249678 1c008782 1c0006b7 lui              x13, 0x1c000000     x13=1c000000
14914590ns          249679 1c008786 1406a683 lw               x13, 320(x13)       x13=c1efd21b x13:1c000000  PA:1c000140
14914908ns          249695 1c00878a 68e7f7c3 fmadd.s          f15, f15, f14, f13  f15=xxxxxxxx f15:41afc46e f14:3f5af096 f13:c1efd21b
14914928ns          249696 1c00878e 1c0006b7 lui              x13, 0x1c000000     x13=1c000000
14914948ns          249697 1c008792 1446a683 lw               x13, 324(x13)       x13=41644a86 x13:1c000000  PA:1c000144
14915286ns          249714 1c008796 68e7f7c3 fmadd.s          f15, f15, f14, f13  f15=xxxxxxxx f15:c132ff4c f14:3f5af096 f13:41644a86
14915306ns          249715 1c00879a 1c0006b7 lui              x13, 0x1c000000     x13=1c000000
14915326ns          249716 1c00879e 1486a683 lw               x13, 328(x13)       x13=c087dba8 x13:1c000000  PA:1c000148
14915644ns          249732 1c0087a2 68e7f7c3 fmadd.s          f15, f15, f14, f13  f15=xxxxxxxx f15:409669ce f14:3f5af096 f13:c087dba8
14915664ns          249733 1c0087a6 00a7f553 fadd.s           f10, f15, f10       f10=xxxxxxxx f15:be670668 f10:40800000
14915684ns          249734 1c0087aa 00008067 jalr             x0, x1, 0            x1:1c0081c2
14915743ns          249737 1c0081c2 11557553 fmul.s           f10, f10, f21       f10=xxxxxxxx f10:40718f9a f21:3f317218
14915763ns          249738 1c0081c6 00a4222b p.sw             x10, 4(x8!)          x8=100016d0 x10:40276ff2  x8:100016cc  PA:100016cc
14915783ns          249739 1c0081ca ff4419e3 bne              x8, x20, -14         x8:100016d0 x20:100017d8
14915843ns          249742 1c0081bc 0049a50b p.lw             x10, 4(x19!)        x10=414fd8eb x19=1c0103ac x19:1c0103a8  PA:1c0103a8
14916141ns          249757 1c0081c0 558000ef jal              x1, 1368             x1=1c0081c2
14916161ns          249758 1c008718 e00517d3 fclass.s         x15, f10            x15=00000040 f10:414fd8eb
14916181ns          249759 1c00871c 0817f793 andi             x15, x15, 129       x15=00000000 x15:00000040
14916201ns          249760 1c008720 08079b63 bne              x15, x0, 150        x15:00000000
14916221ns          249761 1c008722 00000793 addi             x15, x0, 0          x15=00000000
14916241ns          249762 1c008726 a0f52753 feq.s            x14, f10, f15       x14=00000000 f10:414fd8eb f15:00000000
14916260ns          249763 1c00872a 08071163 bne              x14, x0, 130        x14:00000000
14916280ns          249764 1c00872c a0f507d3 fle.s            x15, f10, f15       x15=00000000 f10:414fd8eb f15:00000000
14916300ns          249765 1c008730 08079863 bne              x15, x0, 144        x15:00000000
14916320ns          249766 1c008732 a0a527d3 feq.s            x15, f10, f10       x15=00000001 f10:414fd8eb f10:414fd8eb
14916340ns          249767 1c008736 08078563 beq              x15, x0, 138        x15:00000001
14916360ns          249768 1c008738 d17537b3 p.bclr           x15, x10, 8, 23     x15=004fd8eb x10:414fd8eb
14916380ns          249769 1c00873c cb87c733 p.bset           x14, x15, 5, 24     x14=3f4fd8eb x15:004fd8eb
14916400ns          249770 1c008740 1c0006b7 lui              x13, 0x1c000000     x13=1c000000
14916420ns          249771 1c008744 1c0007b7 lui              x15, 0x1c000000     x15=1c000000
14916440ns          249772 1c008748 1306a683 lw               x13, 304(x13)       x13=c13c5fa8 x13:1c000000  PA:1c000130
14916738ns          249787 1c00874c 12c7a783 lw               x15, 300(x15)       x15=3ff7d7e5 x15:1c000000  PA:1c00012c
14917036ns          249802 1c008750 41755513 srai             x10, x10, 0x417     x10=00000082 x10:414fd8eb
14917056ns          249803 1c008752 68e7f7c3 fmadd.s          f15, f15, f14, f13  f15=xxxxxxxx f15:3ff7d7e5 f14:3f4fd8eb f13:c13c5fa8
14917076ns          249804 1c008756 1c0006b7 lui              x13, 0x1c000000     x13=1c000000
14917096ns          249805 1c00875a 1346a683 lw               x13, 308(x13)       x13=41fa6a03 x13:1c000000  PA:1c000134
14917394ns          249820 1c00875e f8250513 addi             x10, x10, -126      x10=00000004 x10:00000082
14917414ns          249821 1c008762 68e7f7c3 fmadd.s          f15, f15, f14, f13  f15=xxxxxxxx f15:c1233876 f14:3f4fd8eb f13:41fa6a03
14917434ns          249822 1c008766 1c0006b7 lui              x13, 0x1c000000     x13=1c000000
14917454ns          249823 1c00876a 1386a683 lw               x13, 312(x13)       x13=c23f0e08 x13:1c000000  PA:1c000138
14917772ns          249839 1c00876e d0057553 fcvt.s.w         f10, x10            f10=xxxxxxxx x10:00000004
14917792ns          249840 1c008772 68e7f7c3 fmadd.s          f15, f15, f14, f13  f15=xxxxxxxx f15:41b82789 f14:3f4fd8eb f13:c23f0e08
14917812ns          249841 1c008776 1c0006b7 lui              x13, 0x1c000000     x13=1c000000
14917832ns          249842 1c00877a 13c6a683 lw               x13, 316(x13)       x13=42390412 x13:1c000000  PA:1c00013c
14918150ns          249858 1c00877e 68e7f7c3 fmadd.s          f15, f15, f14, f13  f15=xxxxxxxx f15:c1e8980e f14:3f4fd8eb f13:42390412
14918170ns          249859 1c008782 1c0006b7 lui              x13, 0x1c000000     x13=1c000000
14918190ns          249860 1c008786 1406a683 lw               x13, 320(x13)       x13=c1efd21b x13:1c000000  PA:1c000140
14918508ns          249876 1c00878a 68e7f7c3 fmadd.s          f15, f15, f14, f13  f15=xxxxxxxx f15:41b5301b f14:3f4fd8eb f13:c1efd21b
14918528ns          249877 1c00878e 1c0006b7 lui              x13, 0x1c000000     x13=1c000000
14918548ns          249878 1c008792 1446a683 lw               x13, 324(x13)       x13=41644a86 x13:1c000000  PA:1c000144
14918866ns          249894 1c008796 68e7f7c3 fmadd.s          f15, f15, f14, f13  f15=xxxxxxxx f15:c1396d5d f14:3f4fd8eb f13:41644a86
14918886ns          249895 1c00879a 1c0006b7 lui              x13, 0x1c000000     x13=1c000000
14918906ns          249896 1c00879e 1486a683 lw               x13, 328(x13)       x13=c087dba8 x13:1c000000  PA:1c000148
14919244ns          249913 1c0087a2 68e7f7c3 fmadd.s          f15, f15, f14, f13  f15=xxxxxxxx f15:409b7bf3 f14:3f4fd8eb f13:c087dba8
14919264ns          249914 1c0087a6 00a7f553 fadd.s           f10, f15, f10       f10=xxxxxxxx f15:be99eaf3 f10:40800000
14919284ns          249915 1c0087aa 00008067 jalr             x0, x1, 0            x1:1c0081c2
14919344ns          249918 1c0081c2 11557553 fmul.s           f10, f10, f21       f10=xxxxxxxx f10:406cc2a2 f21:3f317218
14919363ns          249919 1c0081c6 00a4222b p.sw             x10, 4(x8!)          x8=100016d4 x10:40241c17  x8:100016d0  PA:100016d0
14919383ns          249920 1c0081ca ff4419e3 bne              x8, x20, -14         x8:100016d4 x20:100017d8
14919443ns          249923 1c0081bc 0049a50b p.lw             x10, 4(x19!)        x10=42985f37 x19=1c0103b0 x19:1c0103ac  PA:1c0103ac
14919741ns          249938 1c0081c0 558000ef jal              x1, 1368             x1=1c0081c2
14919761ns          249939 1c008718 e00517d3 fclass.s         x15, f10            x15=00000040 f10:42985f37
14919781ns          249940 1c00871c 0817f793 andi             x15, x15, 129       x15=00000000 x15:00000040
14919801ns          249941 1c008720 08079b63 bne              x15, x0, 150        x15:00000000
14919821ns          249942 1c008722 00000793 addi             x15, x0, 0          x15=00000000
14919841ns          249943 1c008726 a0f52753 feq.s            x14, f10, f15       x14=00000000 f10:42985f37 f15:00000000
14919861ns          249944 1c00872a 08071163 bne              x14, x0, 130        x14:00000000
14919881ns          249945 1c00872c a0f507d3 fle.s            x15, f10, f15       x15=00000000 f10:42985f37 f15:00000000
14919900ns          249946 1c008730 08079863 bne              x15, x0, 144        x15:00000000
14919920ns          249947 1c008732 a0a527d3 feq.s            x15, f10, f10       x15=00000001 f10:42985f37 f10:42985f37
14919940ns          249948 1c008736 08078563 beq              x15, x0, 138        x15:00000001
14919960ns          249949 1c008738 d17537b3 p.bclr           x15, x10, 8, 23     x15=00185f37 x10:42985f37
14919980ns          249950 1c00873c cb87c733 p.bset           x14, x15, 5, 24     x14=3f185f37 x15:00185f37
14920000ns          249951 1c008740 1c0006b7 lui              x13, 0x1c000000     x13=1c000000
14920020ns          249952 1c008744 1c0007b7 lui              x15, 0x1c000000     x15=1c000000
14920040ns          249953 1c008748 1306a683 lw               x13, 304(x13)       x13=c13c5fa8 x13:1c000000  PA:1c000130
14920338ns          249968 1c00874c 12c7a783 lw               x15, 300(x15)       x15=3ff7d7e5 x15:1c000000  PA:1c00012c
14920636ns          249983 1c008750 41755513 srai             x10, x10, 0x417     x10=00000085 x10:42985f37
14920656ns          249984 1c008752 68e7f7c3 fmadd.s          f15, f15, f14, f13  f15=xxxxxxxx f15:3ff7d7e5 f14:3f185f37 f13:c13c5fa8
14920676ns          249985 1c008756 1c0006b7 lui              x13, 0x1c000000     x13=1c000000
14920696ns          249986 1c00875a 1346a683 lw               x13, 308(x13)       x13=41fa6a03 x13:1c000000  PA:1c000134
14920994ns          250001 1c00875e f8250513 addi             x10, x10, -126      x10=00000007 x10:00000085
14921014ns          250002 1c008762 68e7f7c3 fmadd.s          f15, f15, f14, f13  f15=xxxxxxxx f15:c129ef1c f14:3f185f37 f13:41fa6a03
14921034ns          250003 1c008766 1c0006b7 lui              x13, 0x1c000000     x13=1c000000
14921054ns          250004 1c00876a 1386a683 lw               x13, 312(x13)       x13=c23f0e08 x13:1c000000  PA:1c000138
14921372ns          250020 1c00876e d0057553 fcvt.s.w         f10, x10            f10=xxxxxxxx x10:00000007
14921392ns          250021 1c008772 68e7f7c3 fmadd.s          f15, f15, f14, f13  f15=xxxxxxxx f15:41c7d76d f14:3f185f37 f13:c23f0e08
14921412ns          250022 1c008776 1c0006b7 lui              x13, 0x1c000000     x13=1c000000
14921432ns          250023 1c00877a 13c6a683 lw               x13, 316(x13)       x13=42390412 x13:1c000000  PA:1c00013c
14921750ns          250039 1c00877e 68e7f7c3 fmadd.s          f15, f15, f14, f13  f15=xxxxxxxx f15:c20394ea f14:3f185f37 f13:42390412
14921770ns          250040 1c008782 1c0006b7 lui              x13, 0x1c000000     x13=1c000000
14921790ns          250041 1c008786 1406a683 lw               x13, 320(x13)       x13=c1efd21b x13:1c000000  PA:1c000140
14922108ns          250057 1c00878a 68e7f7c3 fmadd.s          f15, f15, f14, f13  f15=xxxxxxxx f15:41d5656d f14:3f185f37 f13:c1efd21b
14922128ns          250058 1c00878e 1c0006b7 lui              x13, 0x1c000000     x13=1c000000
14922148ns          250059 1c008792 1446a683 lw               x13, 324(x13)       x13=41644a86 x13:1c000000  PA:1c000144
14922466ns          250075 1c008796 68e7f7c3 fmadd.s          f15, f15, f14, f13  f15=xxxxxxxx f15:c1619d08 f14:3f185f37 f13:41644a86
14922486ns          250076 1c00879a 1c0006b7 lui              x13, 0x1c000000     x13=1c000000
14922506ns          250077 1c00879e 1486a683 lw               x13, 328(x13)       x13=c087dba8 x13:1c000000  PA:1c000148
14922824ns          250093 1c0087a2 68e7f7c3 fmadd.s          f15, f15, f14, f13  f15=xxxxxxxx f15:40bc02bf f14:3f185f37 f13:c087dba8
14922844ns          250094 1c0087a6 00a7f553 fadd.s           f10, f15, f10       f10=xxxxxxxx f15:bf3fa0c9 f10:40e00000
14922864ns          250095 1c0087aa 00008067 jalr             x0, x1, 0            x1:1c0081c2
14922924ns          250098 1c0081c2 11557553 fmul.s           f10, f10, f21       f10=xxxxxxxx f10:40c80be7 f21:3f317218
14922944ns          250099 1c0081c6 00a4222b p.sw             x10, 4(x8!)          x8=100016d8 x10:408aa963  x8:100016d4  PA:100016d4
14922964ns          250100 1c0081ca ff4419e3 bne              x8, x20, -14         x8:100016d8 x20:100017d8
14923023ns          250103 1c0081bc 0049a50b p.lw             x10, 4(x19!)        x10=400f6707 x19=1c0103b4 x19:1c0103b0  PA:1c0103b0
14923322ns          250118 1c0081c0 558000ef jal              x1, 1368             x1=1c0081c2
14923342ns          250119 1c008718 e00517d3 fclass.s         x15, f10            x15=00000040 f10:400f6707
14923361ns          250120 1c00871c 0817f793 andi             x15, x15, 129       x15=00000000 x15:00000040
14923381ns          250121 1c008720 08079b63 bne              x15, x0, 150        x15:00000000
14923401ns          250122 1c008722 00000793 addi             x15, x0, 0          x15=00000000
14923421ns          250123 1c008726 a0f52753 feq.s            x14, f10, f15       x14=00000000 f10:400f6707 f15:00000000
14923441ns          250124 1c00872a 08071163 bne              x14, x0, 130        x14:00000000
14923461ns          250125 1c00872c a0f507d3 fle.s            x15, f10, f15       x15=00000000 f10:400f6707 f15:00000000
14923481ns          250126 1c008730 08079863 bne              x15, x0, 144        x15:00000000
14923501ns          250127 1c008732 a0a527d3 feq.s            x15, f10, f10       x15=00000001 f10:400f6707 f10:400f6707
14923521ns          250128 1c008736 08078563 beq              x15, x0, 138        x15:00000001
14923541ns          250129 1c008738 d17537b3 p.bclr           x15, x10, 8, 23     x15=000f6707 x10:400f6707
14923560ns          250130 1c00873c cb87c733 p.bset           x14, x15, 5, 24     x14=3f0f6707 x15:000f6707
14923580ns          250131 1c008740 1c0006b7 lui              x13, 0x1c000000     x13=1c000000
14923600ns          250132 1c008744 1c0007b7 lui              x15, 0x1c000000     x15=1c000000
14923620ns          250133 1c008748 1306a683 lw               x13, 304(x13)       x13=c13c5fa8 x13:1c000000  PA:1c000130
14923918ns          250148 1c00874c 12c7a783 lw               x15, 300(x15)       x15=3ff7d7e5 x15:1c000000  PA:1c00012c
14924217ns          250163 1c008750 41755513 srai             x10, x10, 0x417     x10=00000080 x10:400f6707
14924237ns          250164 1c008752 68e7f7c3 fmadd.s          f15, f15, f14, f13  f15=xxxxxxxx f15:3ff7d7e5 f14:3f0f6707 f13:c13c5fa8
14924257ns          250165 1c008756 1c0006b7 lui              x13, 0x1c000000     x13=1c000000
14924276ns          250166 1c00875a 1346a683 lw               x13, 308(x13)       x13=41fa6a03 x13:1c000000  PA:1c000134
14924575ns          250181 1c00875e f8250513 addi             x10, x10, -126      x10=00000002 x10:00000080
14924595ns          250182 1c008762 68e7f7c3 fmadd.s          f15, f15, f14, f13  f15=xxxxxxxx f15:c12b04fd f14:3f0f6707 f13:41fa6a03
14924615ns          250183 1c008766 1c0006b7 lui              x13, 0x1c000000     x13=1c000000
14924634ns          250184 1c00876a 1386a683 lw               x13, 312(x13)       x13=c23f0e08 x13:1c000000  PA:1c000138
14924933ns          250199 1c00876e d0057553 fcvt.s.w         f10, x10            f10=xxxxxxxx x10:00000002
14924953ns          250200 1c008772 68e7f7c3 fmadd.s          f15, f15, f14, f13  f15=xxxxxxxx f15:41ca83b4 f14:3f0f6707 f13:c23f0e08
14924973ns          250201 1c008776 1c0006b7 lui              x13, 0x1c000000     x13=1c000000
14924993ns          250202 1c00877a 13c6a683 lw               x13, 316(x13)       x13=42390412 x13:1c000000  PA:1c00013c
14925311ns          250218 1c00877e 68e7f7c3 fmadd.s          f15, f15, f14, f13  f15=xxxxxxxx f15:c206557f f14:3f0f6707 f13:42390412
14925331ns          250219 1c008782 1c0006b7 lui              x13, 0x1c000000     x13=1c000000
14925351ns          250220 1c008786 1406a683 lw               x13, 320(x13)       x13=c1efd21b x13:1c000000  PA:1c000140
14925669ns          250236 1c00878a 68e7f7c3 fmadd.s          f15, f15, f14, f13  f15=xxxxxxxx f15:41db8880 f14:3f0f6707 f13:c1efd21b
14925689ns          250237 1c00878e 1c0006b7 lui              x13, 0x1c000000     x13=1c000000
14925709ns          250238 1c008792 1446a683 lw               x13, 324(x13)       x13=41644a86 x13:1c000000  PA:1c000144
14926087ns          250257 1c008796 68e7f7c3 fmadd.s          f15, f15, f14, f13  f15=xxxxxxxx f15:c169b103 f14:3f0f6707 f13:41644a86
14926106ns          250258 1c00879a 1c0006b7 lui              x13, 0x1c000000     x13=1c000000
14926126ns          250259 1c00879e 1486a683 lw               x13, 328(x13)       x13=c087dba8 x13:1c000000  PA:1c000148
14926445ns          250275 1c0087a2 68e7f7c3 fmadd.s          f15, f15, f14, f13  f15=xxxxxxxx f15:40c2c531 f14:3f0f6707 f13:c087dba8
14926464ns          250276 1c0087a6 00a7f553 fadd.s           f10, f15, f10       f10=xxxxxxxx f15:bf5608f8 f10:40000000
14926484ns          250277 1c0087aa 00008067 jalr             x0, x1, 0            x1:1c0081c2
14926544ns          250280 1c0081c2 11557553 fmul.s           f10, f10, f21       f10=xxxxxxxx f10:3f94fb84 f21:3f317218
14926564ns          250281 1c0081c6 00a4222b p.sw             x10, 4(x8!)          x8=100016dc x10:3f4e8898  x8:100016d8  PA:100016d8
14926584ns          250282 1c0081ca ff4419e3 bne              x8, x20, -14         x8:100016dc x20:100017d8
14926643ns          250285 1c0081bc 0049a50b p.lw             x10, 4(x19!)        x10=42abf9b8 x19=1c0103b8 x19:1c0103b4  PA:1c0103b4
14926942ns          250300 1c0081c0 558000ef jal              x1, 1368             x1=1c0081c2
14926962ns          250301 1c008718 e00517d3 fclass.s         x15, f10            x15=00000040 f10:42abf9b8
14926982ns          250302 1c00871c 0817f793 andi             x15, x15, 129       x15=00000000 x15:00000040
14927001ns          250303 1c008720 08079b63 bne              x15, x0, 150        x15:00000000
14927021ns          250304 1c008722 00000793 addi             x15, x0, 0          x15=00000000
14927041ns          250305 1c008726 a0f52753 feq.s            x14, f10, f15       x14=00000000 f10:42abf9b8 f15:00000000
14927061ns          250306 1c00872a 08071163 bne              x14, x0, 130        x14:00000000
14927081ns          250307 1c00872c a0f507d3 fle.s            x15, f10, f15       x15=00000000 f10:42abf9b8 f15:00000000
14927101ns          250308 1c008730 08079863 bne              x15, x0, 144        x15:00000000
14927121ns          250309 1c008732 a0a527d3 feq.s            x15, f10, f10       x15=00000001 f10:42abf9b8 f10:42abf9b8
14927141ns          250310 1c008736 08078563 beq              x15, x0, 138        x15:00000001
14927161ns          250311 1c008738 d17537b3 p.bclr           x15, x10, 8, 23     x15=002bf9b8 x10:42abf9b8
14927181ns          250312 1c00873c cb87c733 p.bset           x14, x15, 5, 24     x14=3f2bf9b8 x15:002bf9b8
14927200ns          250313 1c008740 1c0006b7 lui              x13, 0x1c000000     x13=1c000000
14927220ns          250314 1c008744 1c0007b7 lui              x15, 0x1c000000     x15=1c000000
14927240ns          250315 1c008748 1306a683 lw               x13, 304(x13)       x13=c13c5fa8 x13:1c000000  PA:1c000130
14927539ns          250330 1c00874c 12c7a783 lw               x15, 300(x15)       x15=3ff7d7e5 x15:1c000000  PA:1c00012c
14927837ns          250345 1c008750 41755513 srai             x10, x10, 0x417     x10=00000085 x10:42abf9b8
14927857ns          250346 1c008752 68e7f7c3 fmadd.s          f15, f15, f14, f13  f15=xxxxxxxx f15:3ff7d7e5 f14:3f2bf9b8 f13:c13c5fa8
14927877ns          250347 1c008756 1c0006b7 lui              x13, 0x1c000000     x13=1c000000
14927897ns          250348 1c00875a 1346a683 lw               x13, 308(x13)       x13=41fa6a03 x13:1c000000  PA:1c000134
14928195ns          250363 1c00875e f8250513 addi             x10, x10, -126      x10=00000007 x10:00000085
14928215ns          250364 1c008762 68e7f7c3 fmadd.s          f15, f15, f14, f13  f15=xxxxxxxx f15:c1278fc9 f14:3f2bf9b8 f13:41fa6a03
14928235ns          250365 1c008766 1c0006b7 lui              x13, 0x1c000000     x13=1c000000
14928255ns          250366 1c00876a 1386a683 lw               x13, 312(x13)       x13=c23f0e08 x13:1c000000  PA:1c000138
14928593ns          250383 1c00876e d0057553 fcvt.s.w         f10, x10            f10=xxxxxxxx x10:00000007
14928613ns          250384 1c008772 68e7f7c3 fmadd.s          f15, f15, f14, f13  f15=xxxxxxxx f15:41c221c4 f14:3f2bf9b8 f13:c23f0e08
14928633ns          250385 1c008776 1c0006b7 lui              x13, 0x1c000000     x13=1c000000
14928652ns          250386 1c00877a 13c6a683 lw               x13, 316(x13)       x13=42390412 x13:1c000000  PA:1c00013c
14928971ns          250402 1c00877e 68e7f7c3 fmadd.s          f15, f15, f14, f13  f15=xxxxxxxx f15:c1fbb224 f14:3f2bf9b8 f13:42390412
14928991ns          250403 1c008782 1c0006b7 lui              x13, 0x1c000000     x13=1c000000
14929010ns          250404 1c008786 1406a683 lw               x13, 320(x13)       x13=c1efd21b x13:1c000000  PA:1c000140
14929329ns          250420 1c00878a 68e7f7c3 fmadd.s          f15, f15, f14, f13  f15=xxxxxxxx f15:41c8f2a1 f14:3f2bf9b8 f13:c1efd21b
14929349ns          250421 1c00878e 1c0006b7 lui              x13, 0x1c000000     x13=1c000000
14929368ns          250422 1c008792 1446a683 lw               x13, 324(x13)       x13=41644a86 x13:1c000000  PA:1c000144
14929707ns          250439 1c008796 68e7f7c3 fmadd.s          f15, f15, f14, f13  f15=xxxxxxxx f15:c151a80a f14:3f2bf9b8 f13:41644a86
14929727ns          250440 1c00879a 1c0006b7 lui              x13, 0x1c000000     x13=1c000000
14929746ns          250441 1c00879e 1486a683 lw               x13, 328(x13)       x13=c087dba8 x13:1c000000  PA:1c000148
14930065ns          250457 1c0087a2 68e7f7c3 fmadd.s          f15, f15, f14, f13  f15=xxxxxxxx f15:40aee588 f14:3f2bf9b8 f13:c087dba8
14930085ns          250458 1c0087a6 00a7f553 fadd.s           f10, f15, f10       f10=xxxxxxxx f15:bf12edda f10:40e00000
14930104ns          250459 1c0087aa 00008067 jalr             x0, x1, 0            x1:1c0081c2
14930164ns          250462 1c0081c2 11557553 fmul.s           f10, f10, f21       f10=xxxxxxxx f10:40cda245 f21:3f317218
14930184ns          250463 1c0081c6 00a4222b p.sw             x10, 4(x8!)          x8=100016e0 x10:408e88d7  x8:100016dc  PA:100016dc
14930204ns          250464 1c0081ca ff4419e3 bne              x8, x20, -14         x8:100016e0 x20:100017d8
14930264ns          250467 1c0081bc 0049a50b p.lw             x10, 4(x19!)        x10=419af429 x19=1c0103bc x19:1c0103b8  PA:1c0103b8
14930562ns          250482 1c0081c0 558000ef jal              x1, 1368             x1=1c0081c2
14930582ns          250483 1c008718 e00517d3 fclass.s         x15, f10            x15=00000040 f10:419af429
14930602ns          250484 1c00871c 0817f793 andi             x15, x15, 129       x15=00000000 x15:00000040
14930622ns          250485 1c008720 08079b63 bne              x15, x0, 150        x15:00000000
14930642ns          250486 1c008722 00000793 addi             x15, x0, 0          x15=00000000
14930661ns          250487 1c008726 a0f52753 feq.s            x14, f10, f15       x14=00000000 f10:419af429 f15:00000000
14930681ns          250488 1c00872a 08071163 bne              x14, x0, 130        x14:00000000
14930701ns          250489 1c00872c a0f507d3 fle.s            x15, f10, f15       x15=00000000 f10:419af429 f15:00000000
14930721ns          250490 1c008730 08079863 bne              x15, x0, 144        x15:00000000
14930741ns          250491 1c008732 a0a527d3 feq.s            x15, f10, f10       x15=00000001 f10:419af429 f10:419af429
14930761ns          250492 1c008736 08078563 beq              x15, x0, 138        x15:00000001
14930781ns          250493 1c008738 d17537b3 p.bclr           x15, x10, 8, 23     x15=001af429 x10:419af429
14930801ns          250494 1c00873c cb87c733 p.bset           x14, x15, 5, 24     x14=3f1af429 x15:001af429
14930821ns          250495 1c008740 1c0006b7 lui              x13, 0x1c000000     x13=1c000000
14930840ns          250496 1c008744 1c0007b7 lui              x15, 0x1c000000     x15=1c000000
14930860ns          250497 1c008748 1306a683 lw               x13, 304(x13)       x13=c13c5fa8 x13:1c000000  PA:1c000130
14931179ns          250513 1c00874c 12c7a783 lw               x15, 300(x15)       x15=3ff7d7e5 x15:1c000000  PA:1c00012c
14931477ns          250528 1c008750 41755513 srai             x10, x10, 0x417     x10=00000083 x10:419af429
14931497ns          250529 1c008752 68e7f7c3 fmadd.s          f15, f15, f14, f13  f15=xxxxxxxx f15:3ff7d7e5 f14:3f1af429 f13:c13c5fa8
14931517ns          250530 1c008756 1c0006b7 lui              x13, 0x1c000000     x13=1c000000
14931537ns          250531 1c00875a 1346a683 lw               x13, 308(x13)       x13=41fa6a03 x13:1c000000  PA:1c000134
14931835ns          250546 1c00875e f8250513 addi             x10, x10, -126      x10=00000005 x10:00000083
14931855ns          250547 1c008762 68e7f7c3 fmadd.s          f15, f15, f14, f13  f15=xxxxxxxx f15:c1299f20 f14:3f1af429 f13:41fa6a03
14931875ns          250548 1c008766 1c0006b7 lui              x13, 0x1c000000     x13=1c000000
14931895ns          250549 1c00876a 1386a683 lw               x13, 312(x13)       x13=c23f0e08 x13:1c000000  PA:1c000138
14932193ns          250564 1c00876e d0057553 fcvt.s.w         f10, x10            f10=xxxxxxxx x10:00000005
14932213ns          250565 1c008772 68e7f7c3 fmadd.s          f15, f15, f14, f13  f15=xxxxxxxx f15:41c71443 f14:3f1af429 f13:c23f0e08
14932233ns          250566 1c008776 1c0006b7 lui              x13, 0x1c000000     x13=1c000000
14932253ns          250567 1c00877a 13c6a683 lw               x13, 316(x13)       x13=42390412 x13:1c000000  PA:1c00013c
14932591ns          250584 1c00877e 68e7f7c3 fmadd.s          f15, f15, f14, f13  f15=xxxxxxxx f15:c202ce00 f14:3f1af429 f13:42390412
14932611ns          250585 1c008782 1c0006b7 lui              x13, 0x1c000000     x13=1c000000
14932631ns          250586 1c008786 1406a683 lw               x13, 320(x13)       x13=c1efd21b x13:1c000000  PA:1c000140
14932949ns          250602 1c00878a 68e7f7c3 fmadd.s          f15, f15, f14, f13  f15=xxxxxxxx f15:41d3aec9 f14:3f1af429 f13:c1efd21b
14932969ns          250603 1c00878e 1c0006b7 lui              x13, 0x1c000000     x13=1c000000
14932989ns          250604 1c008792 1446a683 lw               x13, 324(x13)       x13=41644a86 x13:1c000000  PA:1c000144
14933307ns          250620 1c008796 68e7f7c3 fmadd.s          f15, f15, f14, f13  f15=xxxxxxxx f15:c15f6223 f14:3f1af429 f13:41644a86
14933327ns          250621 1c00879a 1c0006b7 lui              x13, 0x1c000000     x13=1c000000
14933347ns          250622 1c00879e 1486a683 lw               x13, 328(x13)       x13=c087dba8 x13:1c000000  PA:1c000148
14933665ns          250638 1c0087a2 68e7f7c3 fmadd.s          f15, f15, f14, f13  f15=xxxxxxxx f15:40ba28df f14:3f1af429 f13:c087dba8
14933685ns          250639 1c0087a6 00a7f553 fadd.s           f10, f15, f10       f10=xxxxxxxx f15:bf396c29 f10:40a00000
14933705ns          250640 1c0087aa 00008067 jalr             x0, x1, 0            x1:1c0081c2
14933764ns          250643 1c0081c2 11557553 fmul.s           f10, f10, f21       f10=xxxxxxxx f10:4088d27b f21:3f317218
14933784ns          250644 1c0081c6 00a4222b p.sw             x10, 4(x8!)          x8=100016e4 x10:403dad03  x8:100016e0  PA:100016e0
14933804ns          250645 1c0081ca ff4419e3 bne              x8, x20, -14         x8:100016e4 x20:100017d8
14933864ns          250648 1c0081bc 0049a50b p.lw             x10, 4(x19!)        x10=41914aa3 x19=1c0103c0 x19:1c0103bc  PA:1c0103bc
14934162ns          250663 1c0081c0 558000ef jal              x1, 1368             x1=1c0081c2
14934182ns          250664 1c008718 e00517d3 fclass.s         x15, f10            x15=00000040 f10:41914aa3
14934202ns          250665 1c00871c 0817f793 andi             x15, x15, 129       x15=00000000 x15:00000040
14934222ns          250666 1c008720 08079b63 bne              x15, x0, 150        x15:00000000
14934242ns          250667 1c008722 00000793 addi             x15, x0, 0          x15=00000000
14934262ns          250668 1c008726 a0f52753 feq.s            x14, f10, f15       x14=00000000 f10:41914aa3 f15:00000000
14934282ns          250669 1c00872a 08071163 bne              x14, x0, 130        x14:00000000
14934301ns          250670 1c00872c a0f507d3 fle.s            x15, f10, f15       x15=00000000 f10:41914aa3 f15:00000000
14934321ns          250671 1c008730 08079863 bne              x15, x0, 144        x15:00000000
14934341ns          250672 1c008732 a0a527d3 feq.s            x15, f10, f10       x15=00000001 f10:41914aa3 f10:41914aa3
14934361ns          250673 1c008736 08078563 beq              x15, x0, 138        x15:00000001
14934381ns          250674 1c008738 d17537b3 p.bclr           x15, x10, 8, 23     x15=00114aa3 x10:41914aa3
14934401ns          250675 1c00873c cb87c733 p.bset           x14, x15, 5, 24     x14=3f114aa3 x15:00114aa3
14934421ns          250676 1c008740 1c0006b7 lui              x13, 0x1c000000     x13=1c000000
14934441ns          250677 1c008744 1c0007b7 lui              x15, 0x1c000000     x15=1c000000
14934461ns          250678 1c008748 1306a683 lw               x13, 304(x13)       x13=c13c5fa8 x13:1c000000  PA:1c000130
14934759ns          250693 1c00874c 12c7a783 lw               x15, 300(x15)       x15=3ff7d7e5 x15:1c000000  PA:1c00012c
14935077ns          250709 1c008750 41755513 srai             x10, x10, 0x417     x10=00000083 x10:41914aa3
14935097ns          250710 1c008752 68e7f7c3 fmadd.s          f15, f15, f14, f13  f15=xxxxxxxx f15:3ff7d7e5 f14:3f114aa3 f13:c13c5fa8
14935117ns          250711 1c008756 1c0006b7 lui              x13, 0x1c000000     x13=1c000000
14935137ns          250712 1c00875a 1346a683 lw               x13, 308(x13)       x13=41fa6a03 x13:1c000000  PA:1c000134
14935435ns          250727 1c00875e f8250513 addi             x10, x10, -126      x10=00000005 x10:00000083
14935455ns          250728 1c008762 68e7f7c3 fmadd.s          f15, f15, f14, f13  f15=xxxxxxxx f15:c12aca77 f14:3f114aa3 f13:41fa6a03
14935475ns          250729 1c008766 1c0006b7 lui              x13, 0x1c000000     x13=1c000000
14935495ns          250730 1c00876a 1386a683 lw               x13, 312(x13)       x13=c23f0e08 x13:1c000000  PA:1c000138
14935793ns          250745 1c00876e d0057553 fcvt.s.w         f10, x10            f10=xxxxxxxx x10:00000005
14935813ns          250746 1c008772 68e7f7c3 fmadd.s          f15, f15, f14, f13  f15=xxxxxxxx f15:41c9f2c7 f14:3f114aa3 f13:c23f0e08
14935833ns          250747 1c008776 1c0006b7 lui              x13, 0x1c000000     x13=1c000000
14935853ns          250748 1c00877a 13c6a683 lw               x13, 316(x13)       x13=42390412 x13:1c000000  PA:1c00013c
14936171ns          250764 1c00877e 68e7f7c3 fmadd.s          f15, f15, f14, f13  f15=xxxxxxxx f15:c205bf56 f14:3f114aa3 f13:42390412
14936191ns          250765 1c008782 1c0006b7 lui              x13, 0x1c000000     x13=1c000000
14936211ns          250766 1c008786 1406a683 lw               x13, 320(x13)       x13=c1efd21b x13:1c000000  PA:1c000140
14936549ns          250783 1c00878a 68e7f7c3 fmadd.s          f15, f15, f14, f13  f15=xxxxxxxx f15:41da3768 f14:3f114aa3 f13:c1efd21b
14936569ns          250784 1c00878e 1c0006b7 lui              x13, 0x1c000000     x13=1c000000
14936589ns          250785 1c008792 1446a683 lw               x13, 324(x13)       x13=41644a86 x13:1c000000  PA:1c000144
14936907ns          250801 1c008796 68e7f7c3 fmadd.s          f15, f15, f14, f13  f15=xxxxxxxx f15:c167f234 f14:3f114aa3 f13:41644a86
14936927ns          250802 1c00879a 1c0006b7 lui              x13, 0x1c000000     x13=1c000000
14936947ns          250803 1c00879e 1486a683 lw               x13, 328(x13)       x13=c087dba8 x13:1c000000  PA:1c000148
14937265ns          250819 1c0087a2 68e7f7c3 fmadd.s          f15, f15, f14, f13  f15=xxxxxxxx f15:40c14d6e f14:3f114aa3 f13:c087dba8
14937285ns          250820 1c0087a6 00a7f553 fadd.s           f10, f15, f10       f10=xxxxxxxx f15:bf51338a f10:40a00000
14937305ns          250821 1c0087aa 00008067 jalr             x0, x1, 0            x1:1c0081c2
14937365ns          250824 1c0081c2 11557553 fmul.s           f10, f10, f21       f10=xxxxxxxx f10:4085d98f f21:3f317218
14937384ns          250825 1c0081c6 00a4222b p.sw             x10, 4(x8!)          x8=100016e8 x10:40398e27  x8:100016e4  PA:100016e4
14937404ns          250826 1c0081ca ff4419e3 bne              x8, x20, -14         x8:100016e8 x20:100017d8
14937464ns          250829 1c0081bc 0049a50b p.lw             x10, 4(x19!)        x10=42500a39 x19=1c0103c4 x19:1c0103c0  PA:1c0103c0
14937782ns          250845 1c0081c0 558000ef jal              x1, 1368             x1=1c0081c2
14937802ns          250846 1c008718 e00517d3 fclass.s         x15, f10            x15=00000040 f10:42500a39
14937822ns          250847 1c00871c 0817f793 andi             x15, x15, 129       x15=00000000 x15:00000040
14937842ns          250848 1c008720 08079b63 bne              x15, x0, 150        x15:00000000
14937862ns          250849 1c008722 00000793 addi             x15, x0, 0          x15=00000000
14937882ns          250850 1c008726 a0f52753 feq.s            x14, f10, f15       x14=00000000 f10:42500a39 f15:00000000
14937902ns          250851 1c00872a 08071163 bne              x14, x0, 130        x14:00000000
14937922ns          250852 1c00872c a0f507d3 fle.s            x15, f10, f15       x15=00000000 f10:42500a39 f15:00000000
14937941ns          250853 1c008730 08079863 bne              x15, x0, 144        x15:00000000
14937961ns          250854 1c008732 a0a527d3 feq.s            x15, f10, f10       x15=00000001 f10:42500a39 f10:42500a39
14937981ns          250855 1c008736 08078563 beq              x15, x0, 138        x15:00000001
14938001ns          250856 1c008738 d17537b3 p.bclr           x15, x10, 8, 23     x15=00500a39 x10:42500a39
14938021ns          250857 1c00873c cb87c733 p.bset           x14, x15, 5, 24     x14=3f500a39 x15:00500a39
14938041ns          250858 1c008740 1c0006b7 lui              x13, 0x1c000000     x13=1c000000
14938061ns          250859 1c008744 1c0007b7 lui              x15, 0x1c000000     x15=1c000000
14938081ns          250860 1c008748 1306a683 lw               x13, 304(x13)       x13=c13c5fa8 x13:1c000000  PA:1c000130
14938379ns          250875 1c00874c 12c7a783 lw               x15, 300(x15)       x15=3ff7d7e5 x15:1c000000  PA:1c00012c
14938677ns          250890 1c008750 41755513 srai             x10, x10, 0x417     x10=00000084 x10:42500a39
14938697ns          250891 1c008752 68e7f7c3 fmadd.s          f15, f15, f14, f13  f15=xxxxxxxx f15:3ff7d7e5 f14:3f500a39 f13:c13c5fa8
14938717ns          250892 1c008756 1c0006b7 lui              x13, 0x1c000000     x13=1c000000
14938737ns          250893 1c00875a 1346a683 lw               x13, 308(x13)       x13=41fa6a03 x13:1c000000  PA:1c000134
14939035ns          250908 1c00875e f8250513 addi             x10, x10, -126      x10=00000006 x10:00000084
14939055ns          250909 1c008762 68e7f7c3 fmadd.s          f15, f15, f14, f13  f15=xxxxxxxx f15:c123327e f14:3f500a39 f13:41fa6a03
14939075ns          250910 1c008766 1c0006b7 lui              x13, 0x1c000000     x13=1c000000
14939095ns          250911 1c00876a 1386a683 lw               x13, 312(x13)       x13=c23f0e08 x13:1c000000  PA:1c000138
14939393ns          250926 1c00876e d0057553 fcvt.s.w         f10, x10            f10=xxxxxxxx x10:00000006
14939413ns          250927 1c008772 68e7f7c3 fmadd.s          f15, f15, f14, f13  f15=xxxxxxxx f15:41b81a3e f14:3f500a39 f13:c23f0e08
14939433ns          250928 1c008776 1c0006b7 lui              x13, 0x1c000000     x13=1c000000
14939453ns          250929 1c00877a 13c6a683 lw               x13, 316(x13)       x13=42390412 x13:1c000000  PA:1c00013c
14939771ns          250945 1c00877e 68e7f7c3 fmadd.s          f15, f15, f14, f13  f15=xxxxxxxx f15:c1e87f64 f14:3f500a39 f13:42390412
14939791ns          250946 1c008782 1c0006b7 lui              x13, 0x1c000000     x13=1c000000
14939811ns          250947 1c008786 1406a683 lw               x13, 320(x13)       x13=c1efd21b x13:1c000000  PA:1c000140
14940129ns          250963 1c00878a 68e7f7c3 fmadd.s          f15, f15, f14, f13  f15=xxxxxxxx f15:41b5175a f14:3f500a39 f13:c1efd21b
14940149ns          250964 1c00878e 1c0006b7 lui              x13, 0x1c000000     x13=1c000000
14940169ns          250965 1c008792 1446a683 lw               x13, 324(x13)       x13=41644a86 x13:1c000000  PA:1c000144
14940507ns          250982 1c008796 68e7f7c3 fmadd.s          f15, f15, f14, f13  f15=xxxxxxxx f15:c1394fcd f14:3f500a39 f13:41644a86
14940527ns          250983 1c00879a 1c0006b7 lui              x13, 0x1c000000     x13=1c000000
14940547ns          250984 1c00879e 1486a683 lw               x13, 328(x13)       x13=c087dba8 x13:1c000000  PA:1c000148
14940865ns          251000 1c0087a2 68e7f7c3 fmadd.s          f15, f15, f14, f13  f15=xxxxxxxx f15:409b6492 f14:3f500a39 f13:c087dba8
14940885ns          251001 1c0087a6 00a7f553 fadd.s           f10, f15, f10       f10=xxxxxxxx f15:be993bce f10:40c00000
14940905ns          251002 1c0087aa 00008067 jalr             x0, x1, 0            x1:1c0081c2
14940965ns          251005 1c0081c2 11557553 fmul.s           f10, f10, f21       f10=xxxxxxxx f10:40b66c43 f21:3f317218
14940985ns          251006 1c0081c6 00a4222b p.sw             x10, 4(x8!)          x8=100016ec x10:407ce44f  x8:100016e8  PA:100016e8
14941005ns          251007 1c0081ca ff4419e3 bne              x8, x20, -14         x8:100016ec x20:100017d8
14941064ns          251010 1c0081bc 0049a50b p.lw             x10, 4(x19!)        x10=42c458d1 x19=1c0103c8 x19:1c0103c4  PA:1c0103c4
14941363ns          251025 1c0081c0 558000ef jal              x1, 1368             x1=1c0081c2
14941383ns          251026 1c008718 e00517d3 fclass.s         x15, f10            x15=00000040 f10:42c458d1
14941402ns          251027 1c00871c 0817f793 andi             x15, x15, 129       x15=00000000 x15:00000040
14941422ns          251028 1c008720 08079b63 bne              x15, x0, 150        x15:00000000
14941442ns          251029 1c008722 00000793 addi             x15, x0, 0          x15=00000000
14941462ns          251030 1c008726 a0f52753 feq.s            x14, f10, f15       x14=00000000 f10:42c458d1 f15:00000000
14941482ns          251031 1c00872a 08071163 bne              x14, x0, 130        x14:00000000
14941502ns          251032 1c00872c a0f507d3 fle.s            x15, f10, f15       x15=00000000 f10:42c458d1 f15:00000000
14941522ns          251033 1c008730 08079863 bne              x15, x0, 144        x15:00000000
14941542ns          251034 1c008732 a0a527d3 feq.s            x15, f10, f10       x15=00000001 f10:42c458d1 f10:42c458d1
14941562ns          251035 1c008736 08078563 beq              x15, x0, 138        x15:00000001
14941581ns          251036 1c008738 d17537b3 p.bclr           x15, x10, 8, 23     x15=004458d1 x10:42c458d1
14941601ns          251037 1c00873c cb87c733 p.bset           x14, x15, 5, 24     x14=3f4458d1 x15:004458d1
14941621ns          251038 1c008740 1c0006b7 lui              x13, 0x1c000000     x13=1c000000
14941641ns          251039 1c008744 1c0007b7 lui              x15, 0x1c000000     x15=1c000000
14941661ns          251040 1c008748 1306a683 lw               x13, 304(x13)       x13=c13c5fa8 x13:1c000000  PA:1c000130
14941959ns          251055 1c00874c 12c7a783 lw               x15, 300(x15)       x15=3ff7d7e5 x15:1c000000  PA:1c00012c
14942258ns          251070 1c008750 41755513 srai             x10, x10, 0x417     x10=00000085 x10:42c458d1
14942278ns          251071 1c008752 68e7f7c3 fmadd.s          f15, f15, f14, f13  f15=xxxxxxxx f15:3ff7d7e5 f14:3f4458d1 f13:c13c5fa8
14942297ns          251072 1c008756 1c0006b7 lui              x13, 0x1c000000     x13=1c000000
14942317ns          251073 1c00875a 1346a683 lw               x13, 308(x13)       x13=41fa6a03 x13:1c000000  PA:1c000134
14942616ns          251088 1c00875e f8250513 addi             x10, x10, -126      x10=00000007 x10:00000085
14942636ns          251089 1c008762 68e7f7c3 fmadd.s          f15, f15, f14, f13  f15=xxxxxxxx f15:c1249cbf f14:3f4458d1 f13:41fa6a03
14942656ns          251090 1c008766 1c0006b7 lui              x13, 0x1c000000     x13=1c000000
14942675ns          251091 1c00876a 1386a683 lw               x13, 312(x13)       x13=c23f0e08 x13:1c000000  PA:1c000138
14942974ns          251106 1c00876e d0057553 fcvt.s.w         f10, x10            f10=xxxxxxxx x10:00000007
14942994ns          251107 1c008772 68e7f7c3 fmadd.s          f15, f15, f14, f13  f15=xxxxxxxx f15:41bb4974 f14:3f4458d1 f13:c23f0e08
14943014ns          251108 1c008776 1c0006b7 lui              x13, 0x1c000000     x13=1c000000
14943033ns          251109 1c00877a 13c6a683 lw               x13, 316(x13)       x13=42390412 x13:1c000000  PA:1c00013c
14943352ns          251125 1c00877e 68e7f7c3 fmadd.s          f15, f15, f14, f13  f15=xxxxxxxx f15:c1ee76d9 f14:3f4458d1 f13:42390412
14943372ns          251126 1c008782 1c0006b7 lui              x13, 0x1c000000     x13=1c000000
14943391ns          251127 1c008786 1406a683 lw               x13, 320(x13)       x13=c1efd21b x13:1c000000  PA:1c000140
14943730ns          251144 1c00878a 68e7f7c3 fmadd.s          f15, f15, f14, f13  f15=xxxxxxxx f15:41bb226a f14:3f4458d1 f13:c1efd21b
14943750ns          251145 1c00878e 1c0006b7 lui              x13, 0x1c000000     x13=1c000000
14943769ns          251146 1c008792 1446a683 lw               x13, 324(x13)       x13=41644a86 x13:1c000000  PA:1c000144
14944088ns          251162 1c008796 68e7f7c3 fmadd.s          f15, f15, f14, f13  f15=xxxxxxxx f15:c14095aa f14:3f4458d1 f13:41644a86
14944108ns          251163 1c00879a 1c0006b7 lui              x13, 0x1c000000     x13=1c000000
14944127ns          251164 1c00879e 1486a683 lw               x13, 328(x13)       x13=c087dba8 x13:1c000000  PA:1c000148
14944466ns          251181 1c0087a2 68e7f7c3 fmadd.s          f15, f15, f14, f13  f15=xxxxxxxx f15:40a12a3e f14:3f4458d1 f13:c087dba8
14944485ns          251182 1c0087a6 00a7f553 fadd.s           f10, f15, f10       f10=xxxxxxxx f15:bec3f667 f10:40e00000
14944505ns          251183 1c0087aa 00008067 jalr             x0, x1, 0            x1:1c0081c2
14944565ns          251186 1c0081c2 11557553 fmul.s           f10, f10, f21       f10=xxxxxxxx f10:40d3c09a f21:3f317218
14944585ns          251187 1c0081c6 00a4222b p.sw             x10, 4(x8!)          x8=100016f0 x10:4092c68a  x8:100016ec  PA:100016ec
14944605ns          251188 1c0081ca ff4419e3 bne              x8, x20, -14         x8:100016f0 x20:100017d8
14944664ns          251191 1c0081bc 0049a50b p.lw             x10, 4(x19!)        x10=42209b28 x19=1c0103cc x19:1c0103c8  PA:1c0103c8
14944963ns          251206 1c0081c0 558000ef jal              x1, 1368             x1=1c0081c2
14944983ns          251207 1c008718 e00517d3 fclass.s         x15, f10            x15=00000040 f10:42209b28
14945003ns          251208 1c00871c 0817f793 andi             x15, x15, 129       x15=00000000 x15:00000040
14945023ns          251209 1c008720 08079b63 bne              x15, x0, 150        x15:00000000
14945042ns          251210 1c008722 00000793 addi             x15, x0, 0          x15=00000000
14945062ns          251211 1c008726 a0f52753 feq.s            x14, f10, f15       x14=00000000 f10:42209b28 f15:00000000
14945082ns          251212 1c00872a 08071163 bne              x14, x0, 130        x14:00000000
14945102ns          251213 1c00872c a0f507d3 fle.s            x15, f10, f15       x15=00000000 f10:42209b28 f15:00000000
14945122ns          251214 1c008730 08079863 bne              x15, x0, 144        x15:00000000
14945142ns          251215 1c008732 a0a527d3 feq.s            x15, f10, f10       x15=00000001 f10:42209b28 f10:42209b28
14945162ns          251216 1c008736 08078563 beq              x15, x0, 138        x15:00000001
14945182ns          251217 1c008738 d17537b3 p.bclr           x15, x10, 8, 23     x15=00209b28 x10:42209b28
14945202ns          251218 1c00873c cb87c733 p.bset           x14, x15, 5, 24     x14=3f209b28 x15:00209b28
14945221ns          251219 1c008740 1c0006b7 lui              x13, 0x1c000000     x13=1c000000
14945241ns          251220 1c008744 1c0007b7 lui              x15, 0x1c000000     x15=1c000000
14945261ns          251221 1c008748 1306a683 lw               x13, 304(x13)       x13=c13c5fa8 x13:1c000000  PA:1c000130
14945560ns          251236 1c00874c 12c7a783 lw               x15, 300(x15)       x15=3ff7d7e5 x15:1c000000  PA:1c00012c
14945858ns          251251 1c008750 41755513 srai             x10, x10, 0x417     x10=00000084 x10:42209b28
14945878ns          251252 1c008752 68e7f7c3 fmadd.s          f15, f15, f14, f13  f15=xxxxxxxx f15:3ff7d7e5 f14:3f209b28 f13:c13c5fa8
14945898ns          251253 1c008756 1c0006b7 lui              x13, 0x1c000000     x13=1c000000
14945918ns          251254 1c00875a 1346a683 lw               x13, 308(x13)       x13=41fa6a03 x13:1c000000  PA:1c000134
14946236ns          251270 1c00875e f8250513 addi             x10, x10, -126      x10=00000006 x10:00000084
14946256ns          251271 1c008762 68e7f7c3 fmadd.s          f15, f15, f14, f13  f15=xxxxxxxx f15:c128f003 f14:3f209b28 f13:41fa6a03
14946276ns          251272 1c008766 1c0006b7 lui              x13, 0x1c000000     x13=1c000000
14946296ns          251273 1c00876a 1386a683 lw               x13, 312(x13)       x13=c23f0e08 x13:1c000000  PA:1c000138
14946594ns          251288 1c00876e d0057553 fcvt.s.w         f10, x10            f10=xxxxxxxx x10:00000006
14946614ns          251289 1c008772 68e7f7c3 fmadd.s          f15, f15, f14, f13  f15=xxxxxxxx f15:41c56bd0 f14:3f209b28 f13:c23f0e08
14946634ns          251290 1c008776 1c0006b7 lui              x13, 0x1c000000     x13=1c000000
14946654ns          251291 1c00877a 13c6a683 lw               x13, 316(x13)       x13=42390412 x13:1c000000  PA:1c00013c
14946972ns          251307 1c00877e 68e7f7c3 fmadd.s          f15, f15, f14, f13  f15=xxxxxxxx f15:c2012083 f14:3f209b28 f13:42390412
14946992ns          251308 1c008782 1c0006b7 lui              x13, 0x1c000000     x13=1c000000
14947012ns          251309 1c008786 1406a683 lw               x13, 320(x13)       x13=c1efd21b x13:1c000000  PA:1c000140
14947330ns          251325 1c00878a 68e7f7c3 fmadd.s          f15, f15, f14, f13  f15=xxxxxxxx f15:41d002fb f14:3f209b28 f13:c1efd21b
14947350ns          251326 1c00878e 1c0006b7 lui              x13, 0x1c000000     x13=1c000000
14947370ns          251327 1c008792 1446a683 lw               x13, 324(x13)       x13=41644a86 x13:1c000000  PA:1c000144
14947688ns          251343 1c008796 68e7f7c3 fmadd.s          f15, f15, f14, f13  f15=xxxxxxxx f15:c15aa458 f14:3f209b28 f13:41644a86
14947708ns          251344 1c00879a 1c0006b7 lui              x13, 0x1c000000     x13=1c000000
14947728ns          251345 1c00879e 1486a683 lw               x13, 328(x13)       x13=c087dba8 x13:1c000000  PA:1c000148
14948066ns          251362 1c0087a2 68e7f7c3 fmadd.s          f15, f15, f14, f13  f15=xxxxxxxx f15:40b63e97 f14:3f209b28 f13:c087dba8
14948086ns          251363 1c0087a6 00a7f553 fadd.s           f10, f15, f10       f10=xxxxxxxx f15:bf2c30aa f10:40c00000
14948106ns          251364 1c0087aa 00008067 jalr             x0, x1, 0            x1:1c0081c2
14948165ns          251367 1c0081c2 11557553 fmul.s           f10, f10, f21       f10=xxxxxxxx f10:40aa79eb f21:3f317218
14948185ns          251368 1c0081c6 00a4222b p.sw             x10, 4(x8!)          x8=100016f4 x10:406c548c  x8:100016f0  PA:100016f0
14948205ns          251369 1c0081ca ff4419e3 bne              x8, x20, -14         x8:100016f4 x20:100017d8
14948265ns          251372 1c0081bc 0049a50b p.lw             x10, 4(x19!)        x10=42bae325 x19=1c0103d0 x19:1c0103cc  PA:1c0103cc
14948563ns          251387 1c0081c0 558000ef jal              x1, 1368             x1=1c0081c2
14948583ns          251388 1c008718 e00517d3 fclass.s         x15, f10            x15=00000040 f10:42bae325
14948603ns          251389 1c00871c 0817f793 andi             x15, x15, 129       x15=00000000 x15:00000040
14948623ns          251390 1c008720 08079b63 bne              x15, x0, 150        x15:00000000
14948643ns          251391 1c008722 00000793 addi             x15, x0, 0          x15=00000000
14948663ns          251392 1c008726 a0f52753 feq.s            x14, f10, f15       x14=00000000 f10:42bae325 f15:00000000
14948682ns          251393 1c00872a 08071163 bne              x14, x0, 130        x14:00000000
14948702ns          251394 1c00872c a0f507d3 fle.s            x15, f10, f15       x15=00000000 f10:42bae325 f15:00000000
14948722ns          251395 1c008730 08079863 bne              x15, x0, 144        x15:00000000
14948742ns          251396 1c008732 a0a527d3 feq.s            x15, f10, f10       x15=00000001 f10:42bae325 f10:42bae325
14948762ns          251397 1c008736 08078563 beq              x15, x0, 138        x15:00000001
14948782ns          251398 1c008738 d17537b3 p.bclr           x15, x10, 8, 23     x15=003ae325 x10:42bae325
14948802ns          251399 1c00873c cb87c733 p.bset           x14, x15, 5, 24     x14=3f3ae325 x15:003ae325
14948822ns          251400 1c008740 1c0006b7 lui              x13, 0x1c000000     x13=1c000000
14948842ns          251401 1c008744 1c0007b7 lui              x15, 0x1c000000     x15=1c000000
14948861ns          251402 1c008748 1306a683 lw               x13, 304(x13)       x13=c13c5fa8 x13:1c000000  PA:1c000130
14949160ns          251417 1c00874c 12c7a783 lw               x15, 300(x15)       x15=3ff7d7e5 x15:1c000000  PA:1c00012c
14949458ns          251432 1c008750 41755513 srai             x10, x10, 0x417     x10=00000085 x10:42bae325
14949478ns          251433 1c008752 68e7f7c3 fmadd.s          f15, f15, f14, f13  f15=xxxxxxxx f15:3ff7d7e5 f14:3f3ae325 f13:c13c5fa8
14949498ns          251434 1c008756 1c0006b7 lui              x13, 0x1c000000     x13=1c000000
14949518ns          251435 1c00875a 1346a683 lw               x13, 308(x13)       x13=41fa6a03 x13:1c000000  PA:1c000134
14949876ns          251453 1c00875e f8250513 addi             x10, x10, -126      x10=00000007 x10:00000085
14949896ns          251454 1c008762 68e7f7c3 fmadd.s          f15, f15, f14, f13  f15=xxxxxxxx f15:c125c1cf f14:3f3ae325 f13:41fa6a03
14949916ns          251455 1c008766 1c0006b7 lui              x13, 0x1c000000     x13=1c000000
14949936ns          251456 1c00876a 1386a683 lw               x13, 312(x13)       x13=c23f0e08 x13:1c000000  PA:1c000138
14950234ns          251471 1c00876e d0057553 fcvt.s.w         f10, x10            f10=xxxxxxxx x10:00000007
14950254ns          251472 1c008772 68e7f7c3 fmadd.s          f15, f15, f14, f13  f15=xxxxxxxx f15:41bde911 f14:3f3ae325 f13:c23f0e08
14950274ns          251473 1c008776 1c0006b7 lui              x13, 0x1c000000     x13=1c000000
14950294ns          251474 1c00877a 13c6a683 lw               x13, 316(x13)       x13=42390412 x13:1c000000  PA:1c00013c
14950612ns          251490 1c00877e 68e7f7c3 fmadd.s          f15, f15, f14, f13  f15=xxxxxxxx f15:c1f37839 f14:3f3ae325 f13:42390412
14950632ns          251491 1c008782 1c0006b7 lui              x13, 0x1c000000     x13=1c000000
14950652ns          251492 1c008786 1406a683 lw               x13, 320(x13)       x13=c1efd21b x13:1c000000  PA:1c000140
14950990ns          251509 1c00878a 68e7f7c3 fmadd.s          f15, f15, f14, f13  f15=xxxxxxxx f15:41c04ac4 f14:3f3ae325 f13:c1efd21b
14951010ns          251510 1c00878e 1c0006b7 lui              x13, 0x1c000000     x13=1c000000
14951030ns          251511 1c008792 1446a683 lw               x13, 324(x13)       x13=41644a86 x13:1c000000  PA:1c000144
14951348ns          251527 1c008796 68e7f7c3 fmadd.s          f15, f15, f14, f13  f15=xxxxxxxx f15:c146e255 f14:3f3ae325 f13:41644a86
14951368ns          251528 1c00879a 1c0006b7 lui              x13, 0x1c000000     x13=1c000000
14951388ns          251529 1c00879e 1486a683 lw               x13, 328(x13)       x13=c087dba8 x13:1c000000  PA:1c000148
14951726ns          251546 1c0087a2 68e7f7c3 fmadd.s          f15, f15, f14, f13  f15=xxxxxxxx f15:40a6333a f14:3f3ae325 f13:c087dba8
14951746ns          251547 1c0087a6 00a7f553 fadd.s           f10, f15, f10       f10=xxxxxxxx f15:bee86f87 f10:40e00000
14951765ns          251548 1c0087aa 00008067 jalr             x0, x1, 0            x1:1c0081c2
14951825ns          251551 1c0081c2 11557553 fmul.s           f10, f10, f21       f10=xxxxxxxx f10:40d17908 f21:3f317218
14951845ns          251552 1c0081c6 00a4222b p.sw             x10, 4(x8!)          x8=100016f8 x10:4091320a  x8:100016f4  PA:100016f4
14951865ns          251553 1c0081ca ff4419e3 bne              x8, x20, -14         x8:100016f8 x20:100017d8
14951925ns          251556 1c0081bc 0049a50b p.lw             x10, 4(x19!)        x10=420d83bf x19=1c0103d4 x19:1c0103d0  PA:1c0103d0
14952223ns          251571 1c0081c0 558000ef jal              x1, 1368             x1=1c0081c2
14952243ns          251572 1c008718 e00517d3 fclass.s         x15, f10            x15=00000040 f10:420d83bf
14952263ns          251573 1c00871c 0817f793 andi             x15, x15, 129       x15=00000000 x15:00000040
14952283ns          251574 1c008720 08079b63 bne              x15, x0, 150        x15:00000000
14952303ns          251575 1c008722 00000793 addi             x15, x0, 0          x15=00000000
14952322ns          251576 1c008726 a0f52753 feq.s            x14, f10, f15       x14=00000000 f10:420d83bf f15:00000000
14952342ns          251577 1c00872a 08071163 bne              x14, x0, 130        x14:00000000
14952362ns          251578 1c00872c a0f507d3 fle.s            x15, f10, f15       x15=00000000 f10:420d83bf f15:00000000
14952382ns          251579 1c008730 08079863 bne              x15, x0, 144        x15:00000000
14952402ns          251580 1c008732 a0a527d3 feq.s            x15, f10, f10       x15=00000001 f10:420d83bf f10:420d83bf
14952422ns          251581 1c008736 08078563 beq              x15, x0, 138        x15:00000001
14952442ns          251582 1c008738 d17537b3 p.bclr           x15, x10, 8, 23     x15=000d83bf x10:420d83bf
14952462ns          251583 1c00873c cb87c733 p.bset           x14, x15, 5, 24     x14=3f0d83bf x15:000d83bf
14952482ns          251584 1c008740 1c0006b7 lui              x13, 0x1c000000     x13=1c000000
14952501ns          251585 1c008744 1c0007b7 lui              x15, 0x1c000000     x15=1c000000
14952521ns          251586 1c008748 1306a683 lw               x13, 304(x13)       x13=c13c5fa8 x13:1c000000  PA:1c000130
14952820ns          251601 1c00874c 12c7a783 lw               x15, 300(x15)       x15=3ff7d7e5 x15:1c000000  PA:1c00012c
14953118ns          251616 1c008750 41755513 srai             x10, x10, 0x417     x10=00000084 x10:420d83bf
14953138ns          251617 1c008752 68e7f7c3 fmadd.s          f15, f15, f14, f13  f15=xxxxxxxx f15:3ff7d7e5 f14:3f0d83bf f13:c13c5fa8
14953158ns          251618 1c008756 1c0006b7 lui              x13, 0x1c000000     x13=1c000000
14953178ns          251619 1c00875a 1346a683 lw               x13, 308(x13)       x13=41fa6a03 x13:1c000000  PA:1c000134
14953476ns          251634 1c00875e f8250513 addi             x10, x10, -126      x10=00000006 x10:00000084
14953496ns          251635 1c008762 68e7f7c3 fmadd.s          f15, f15, f14, f13  f15=xxxxxxxx f15:c12b3f79 f14:3f0d83bf f13:41fa6a03
14953516ns          251636 1c008766 1c0006b7 lui              x13, 0x1c000000     x13=1c000000
14953536ns          251637 1c00876a 1386a683 lw               x13, 312(x13)       x13=c23f0e08 x13:1c000000  PA:1c000138
14953834ns          251652 1c00876e d0057553 fcvt.s.w         f10, x10            f10=xxxxxxxx x10:00000006
14953854ns          251653 1c008772 68e7f7c3 fmadd.s          f15, f15, f14, f13  f15=xxxxxxxx f15:41cb14f8 f14:3f0d83bf f13:c23f0e08
14953874ns          251654 1c008776 1c0006b7 lui              x13, 0x1c000000     x13=1c000000
14953894ns          251655 1c00877a 13c6a683 lw               x13, 316(x13)       x13=42390412 x13:1c000000  PA:1c00013c
14954252ns          251673 1c00877e 68e7f7c3 fmadd.s          f15, f15, f14, f13  f15=xxxxxxxx f15:c206ec80 f14:3f0d83bf f13:42390412
14954272ns          251674 1c008782 1c0006b7 lui              x13, 0x1c000000     x13=1c000000
14954292ns          251675 1c008786 1406a683 lw               x13, 320(x13)       x13=c1efd21b x13:1c000000  PA:1c000140
14954610ns          251691 1c00878a 68e7f7c3 fmadd.s          f15, f15, f14, f13  f15=xxxxxxxx f15:41dcdcc0 f14:3f0d83bf f13:c1efd21b
14954630ns          251692 1c00878e 1c0006b7 lui              x13, 0x1c000000     x13=1c000000
14954650ns          251693 1c008792 1446a683 lw               x13, 324(x13)       x13=41644a86 x13:1c000000  PA:1c000144
14954968ns          251709 1c008796 68e7f7c3 fmadd.s          f15, f15, f14, f13  f15=xxxxxxxx f15:c16b75b7 f14:3f0d83bf f13:41644a86
14954988ns          251710 1c00879a 1c0006b7 lui              x13, 0x1c000000     x13=1c000000
14955008ns          251711 1c00879e 1486a683 lw               x13, 328(x13)       x13=c087dba8 x13:1c000000  PA:1c000148
14955326ns          251727 1c0087a2 68e7f7c3 fmadd.s          f15, f15, f14, f13  f15=xxxxxxxx f15:40c44307 f14:3f0d83bf f13:c087dba8
14955346ns          251728 1c0087a6 00a7f553 fadd.s           f10, f15, f10       f10=xxxxxxxx f15:bf5aede3 f10:40c00000
14955366ns          251729 1c0087aa 00008067 jalr             x0, x1, 0            x1:1c0081c2
14955425ns          251732 1c0081c2 11557553 fmul.s           f10, f10, f21       f10=xxxxxxxx f10:40a4a244 f21:3f317218
14955445ns          251733 1c0081c6 00a4222b p.sw             x10, 4(x8!)          x8=100016fc x10:40643b21  x8:100016f8  PA:100016f8
14955465ns          251734 1c0081ca ff4419e3 bne              x8, x20, -14         x8:100016fc x20:100017d8
14955525ns          251737 1c0081bc 0049a50b p.lw             x10, 4(x19!)        x10=422c7bbe x19=1c0103d8 x19:1c0103d4  PA:1c0103d4
14955823ns          251752 1c0081c0 558000ef jal              x1, 1368             x1=1c0081c2
14955843ns          251753 1c008718 e00517d3 fclass.s         x15, f10            x15=00000040 f10:422c7bbe
14955863ns          251754 1c00871c 0817f793 andi             x15, x15, 129       x15=00000000 x15:00000040
14955883ns          251755 1c008720 08079b63 bne              x15, x0, 150        x15:00000000
14955903ns          251756 1c008722 00000793 addi             x15, x0, 0          x15=00000000
14955923ns          251757 1c008726 a0f52753 feq.s            x14, f10, f15       x14=00000000 f10:422c7bbe f15:00000000
14955943ns          251758 1c00872a 08071163 bne              x14, x0, 130        x14:00000000
14955962ns          251759 1c00872c a0f507d3 fle.s            x15, f10, f15       x15=00000000 f10:422c7bbe f15:00000000
14955982ns          251760 1c008730 08079863 bne              x15, x0, 144        x15:00000000
14956002ns          251761 1c008732 a0a527d3 feq.s            x15, f10, f10       x15=00000001 f10:422c7bbe f10:422c7bbe
14956022ns          251762 1c008736 08078563 beq              x15, x0, 138        x15:00000001
14956042ns          251763 1c008738 d17537b3 p.bclr           x15, x10, 8, 23     x15=002c7bbe x10:422c7bbe
14956062ns          251764 1c00873c cb87c733 p.bset           x14, x15, 5, 24     x14=3f2c7bbe x15:002c7bbe
14956082ns          251765 1c008740 1c0006b7 lui              x13, 0x1c000000     x13=1c000000
14956102ns          251766 1c008744 1c0007b7 lui              x15, 0x1c000000     x15=1c000000
14956122ns          251767 1c008748 1306a683 lw               x13, 304(x13)       x13=c13c5fa8 x13:1c000000  PA:1c000130
14956460ns          251784 1c00874c 12c7a783 lw               x15, 300(x15)       x15=3ff7d7e5 x15:1c000000  PA:1c00012c
14956758ns          251799 1c008750 41755513 srai             x10, x10, 0x417     x10=00000084 x10:422c7bbe
14956778ns          251800 1c008752 68e7f7c3 fmadd.s          f15, f15, f14, f13  f15=xxxxxxxx f15:3ff7d7e5 f14:3f2c7bbe f13:c13c5fa8
14956798ns          251801 1c008756 1c0006b7 lui              x13, 0x1c000000     x13=1c000000
14956818ns          251802 1c00875a 1346a683 lw               x13, 308(x13)       x13=41fa6a03 x13:1c000000  PA:1c000134
14957116ns          251817 1c00875e f8250513 addi             x10, x10, -126      x10=00000006 x10:00000084
14957136ns          251818 1c008762 68e7f7c3 fmadd.s          f15, f15, f14, f13  f15=xxxxxxxx f15:c127800d f14:3f2c7bbe f13:41fa6a03
14957156ns          251819 1c008766 1c0006b7 lui              x13, 0x1c000000     x13=1c000000
14957176ns          251820 1c00876a 1386a683 lw               x13, 312(x13)       x13=c23f0e08 x13:1c000000  PA:1c000138
14957474ns          251835 1c00876e d0057553 fcvt.s.w         f10, x10            f10=xxxxxxxx x10:00000006
14957494ns          251836 1c008772 68e7f7c3 fmadd.s          f15, f15, f14, f13  f15=xxxxxxxx f15:41c1fc83 f14:3f2c7bbe f13:c23f0e08
14957514ns          251837 1c008776 1c0006b7 lui              x13, 0x1c000000     x13=1c000000
14957534ns          251838 1c00877a 13c6a683 lw               x13, 316(x13)       x13=42390412 x13:1c000000  PA:1c00013c
14957892ns          251856 1c00877e 68e7f7c3 fmadd.s          f15, f15, f14, f13  f15=xxxxxxxx f15:c1fb68a4 f14:3f2c7bbe f13:42390412
14957912ns          251857 1c008782 1c0006b7 lui              x13, 0x1c000000     x13=1c000000
14957932ns          251858 1c008786 1406a683 lw               x13, 320(x13)       x13=c1efd21b x13:1c000000  PA:1c000140
14958250ns          251874 1c00878a 68e7f7c3 fmadd.s          f15, f15, f14, f13  f15=xxxxxxxx f15:41c8a450 f14:3f2c7bbe f13:c1efd21b
14958270ns          251875 1c00878e 1c0006b7 lui              x13, 0x1c000000     x13=1c000000
14958290ns          251876 1c008792 1446a683 lw               x13, 324(x13)       x13=41644a86 x13:1c000000  PA:1c000144
14958608ns          251892 1c008796 68e7f7c3 fmadd.s          f15, f15, f14, f13  f15=xxxxxxxx f15:c1514573 f14:3f2c7bbe f13:41644a86
14958628ns          251893 1c00879a 1c0006b7 lui              x13, 0x1c000000     x13=1c000000
14958648ns          251894 1c00879e 1486a683 lw               x13, 328(x13)       x13=c087dba8 x13:1c000000  PA:1c000148
14958986ns          251911 1c0087a2 68e7f7c3 fmadd.s          f15, f15, f14, f13  f15=xxxxxxxx f15:40ae956a f14:3f2c7bbe f13:c087dba8
14959006ns          251912 1c0087a6 00a7f553 fadd.s           f10, f15, f10       f10=xxxxxxxx f15:bf11d70b f10:40c00000
14959026ns          251913 1c0087aa 00008067 jalr             x0, x1, 0            x1:1c0081c2
14959085ns          251916 1c0081c2 11557553 fmul.s           f10, f10, f21       f10=xxxxxxxx f10:40adc51f f21:3f317218
14959105ns          251917 1c0081c6 00a4222b p.sw             x10, 4(x8!)          x8=10001700 x10:4070e579  x8:100016fc  PA:100016fc
14959125ns          251918 1c0081ca ff4419e3 bne              x8, x20, -14         x8:10001700 x20:100017d8
14959185ns          251921 1c0081bc 0049a50b p.lw             x10, 4(x19!)        x10=42784e9a x19=1c0103dc x19:1c0103d8  PA:1c0103d8
14959483ns          251936 1c0081c0 558000ef jal              x1, 1368             x1=1c0081c2
14959503ns          251937 1c008718 e00517d3 fclass.s         x15, f10            x15=00000040 f10:42784e9a
14959523ns          251938 1c00871c 0817f793 andi             x15, x15, 129       x15=00000000 x15:00000040
14959543ns          251939 1c008720 08079b63 bne              x15, x0, 150        x15:00000000
14959563ns          251940 1c008722 00000793 addi             x15, x0, 0          x15=00000000
14959583ns          251941 1c008726 a0f52753 feq.s            x14, f10, f15       x14=00000000 f10:42784e9a f15:00000000
14959602ns          251942 1c00872a 08071163 bne              x14, x0, 130        x14:00000000
14959622ns          251943 1c00872c a0f507d3 fle.s            x15, f10, f15       x15=00000000 f10:42784e9a f15:00000000
14959642ns          251944 1c008730 08079863 bne              x15, x0, 144        x15:00000000
14959662ns          251945 1c008732 a0a527d3 feq.s            x15, f10, f10       x15=00000001 f10:42784e9a f10:42784e9a
14959682ns          251946 1c008736 08078563 beq              x15, x0, 138        x15:00000001
14959702ns          251947 1c008738 d17537b3 p.bclr           x15, x10, 8, 23     x15=00784e9a x10:42784e9a
14959722ns          251948 1c00873c cb87c733 p.bset           x14, x15, 5, 24     x14=3f784e9a x15:00784e9a
14959742ns          251949 1c008740 1c0006b7 lui              x13, 0x1c000000     x13=1c000000
14959762ns          251950 1c008744 1c0007b7 lui              x15, 0x1c000000     x15=1c000000
14959781ns          251951 1c008748 1306a683 lw               x13, 304(x13)       x13=c13c5fa8 x13:1c000000  PA:1c000130
14960080ns          251966 1c00874c 12c7a783 lw               x15, 300(x15)       x15=3ff7d7e5 x15:1c000000  PA:1c00012c
14960398ns          251982 1c008750 41755513 srai             x10, x10, 0x417     x10=00000084 x10:42784e9a
14960418ns          251983 1c008752 68e7f7c3 fmadd.s          f15, f15, f14, f13  f15=xxxxxxxx f15:3ff7d7e5 f14:3f784e9a f13:c13c5fa8
14960438ns          251984 1c008756 1c0006b7 lui              x13, 0x1c000000     x13=1c000000
14960458ns          251985 1c00875a 1346a683 lw               x13, 308(x13)       x13=41fa6a03 x13:1c000000  PA:1c000134
14960756ns          252000 1c00875e f8250513 addi             x10, x10, -126      x10=00000006 x10:00000084
14960776ns          252001 1c008762 68e7f7c3 fmadd.s          f15, f15, f14, f13  f15=xxxxxxxx f15:c11e5300 f14:3f784e9a f13:41fa6a03
14960796ns          252002 1c008766 1c0006b7 lui              x13, 0x1c000000     x13=1c000000
14960816ns          252003 1c00876a 1386a683 lw               x13, 312(x13)       x13=c23f0e08 x13:1c000000  PA:1c000138
14961114ns          252018 1c00876e d0057553 fcvt.s.w         f10, x10            f10=xxxxxxxx x10:00000006
14961134ns          252019 1c008772 68e7f7c3 fmadd.s          f15, f15, f14, f13  f15=xxxxxxxx f15:41ada181 f14:3f784e9a f13:c23f0e08
14961154ns          252020 1c008776 1c0006b7 lui              x13, 0x1c000000     x13=1c000000
14961174ns          252021 1c00877a 13c6a683 lw               x13, 316(x13)       x13=42390412 x13:1c000000  PA:1c00013c
14961492ns          252037 1c00877e 68e7f7c3 fmadd.s          f15, f15, f14, f13  f15=xxxxxxxx f15:c1d5b24b f14:3f784e9a f13:42390412
14961512ns          252038 1c008782 1c0006b7 lui              x13, 0x1c000000     x13=1c000000
14961532ns          252039 1c008786 1406a683 lw               x13, 320(x13)       x13=c1efd21b x13:1c000000  PA:1c000140
14961850ns          252055 1c00878a 68e7f7c3 fmadd.s          f15, f15, f14, f13  f15=xxxxxxxx f15:41a2c1ce f14:3f784e9a f13:c1efd21b
14961870ns          252056 1c00878e 1c0006b7 lui              x13, 0x1c000000     x13=1c000000
14961890ns          252057 1c008792 1446a683 lw               x13, 324(x13)       x13=41644a86 x13:1c000000  PA:1c000144
14962208ns          252073 1c008796 68e7f7c3 fmadd.s          f15, f15, f14, f13  f15=xxxxxxxx f15:c123e8c5 f14:3f784e9a f13:41644a86
14962228ns          252074 1c00879a 1c0006b7 lui              x13, 0x1c000000     x13=1c000000
14962248ns          252075 1c00879e 1486a683 lw               x13, 328(x13)       x13=c087dba8 x13:1c000000  PA:1c000148
14962566ns          252091 1c0087a2 68e7f7c3 fmadd.s          f15, f15, f14, f13  f15=xxxxxxxx f15:408a9d67 f14:3f784e9a f13:c087dba8
14962586ns          252092 1c0087a6 00a7f553 fadd.s           f10, f15, f10       f10=xxxxxxxx f15:bd344e70 f10:40c00000
14962606ns          252093 1c0087aa 00008067 jalr             x0, x1, 0            x1:1c0081c2
14962666ns          252096 1c0081c2 11557553 fmul.s           f10, f10, f21       f10=xxxxxxxx f10:40be9763 f21:3f317218
14962686ns          252097 1c0081c6 00a4222b p.sw             x10, 4(x8!)          x8=10001704 x10:40841b9d  x8:10001700  PA:10001700
14962705ns          252098 1c0081ca ff4419e3 bne              x8, x20, -14         x8:10001704 x20:100017d8
14962765ns          252101 1c0081bc 0049a50b p.lw             x10, 4(x19!)        x10=42721d5c x19=1c0103e0 x19:1c0103dc  PA:1c0103dc
14963083ns          252117 1c0081c0 558000ef jal              x1, 1368             x1=1c0081c2
14963103ns          252118 1c008718 e00517d3 fclass.s         x15, f10            x15=00000040 f10:42721d5c
14963123ns          252119 1c00871c 0817f793 andi             x15, x15, 129       x15=00000000 x15:00000040
14963143ns          252120 1c008720 08079b63 bne              x15, x0, 150        x15:00000000
14963163ns          252121 1c008722 00000793 addi             x15, x0, 0          x15=00000000
14963183ns          252122 1c008726 a0f52753 feq.s            x14, f10, f15       x14=00000000 f10:42721d5c f15:00000000
14963203ns          252123 1c00872a 08071163 bne              x14, x0, 130        x14:00000000
14963223ns          252124 1c00872c a0f507d3 fle.s            x15, f10, f15       x15=00000000 f10:42721d5c f15:00000000
14963242ns          252125 1c008730 08079863 bne              x15, x0, 144        x15:00000000
14963262ns          252126 1c008732 a0a527d3 feq.s            x15, f10, f10       x15=00000001 f10:42721d5c f10:42721d5c
14963282ns          252127 1c008736 08078563 beq              x15, x0, 138        x15:00000001
14963302ns          252128 1c008738 d17537b3 p.bclr           x15, x10, 8, 23     x15=00721d5c x10:42721d5c
14963322ns          252129 1c00873c cb87c733 p.bset           x14, x15, 5, 24     x14=3f721d5c x15:00721d5c
14963342ns          252130 1c008740 1c0006b7 lui              x13, 0x1c000000     x13=1c000000
14963362ns          252131 1c008744 1c0007b7 lui              x15, 0x1c000000     x15=1c000000
14963382ns          252132 1c008748 1306a683 lw               x13, 304(x13)       x13=c13c5fa8 x13:1c000000  PA:1c000130
14963680ns          252147 1c00874c 12c7a783 lw               x15, 300(x15)       x15=3ff7d7e5 x15:1c000000  PA:1c00012c
14963978ns          252162 1c008750 41755513 srai             x10, x10, 0x417     x10=00000084 x10:42721d5c
14963998ns          252163 1c008752 68e7f7c3 fmadd.s          f15, f15, f14, f13  f15=xxxxxxxx f15:3ff7d7e5 f14:3f721d5c f13:c13c5fa8
14964018ns          252164 1c008756 1c0006b7 lui              x13, 0x1c000000     x13=1c000000
14964038ns          252165 1c00875a 1346a683 lw               x13, 308(x13)       x13=41fa6a03 x13:1c000000  PA:1c000134
14964336ns          252180 1c00875e f8250513 addi             x10, x10, -126      x10=00000006 x10:00000084
14964356ns          252181 1c008762 68e7f7c3 fmadd.s          f15, f15, f14, f13  f15=xxxxxxxx f15:c11f12d8 f14:3f721d5c f13:41fa6a03
14964376ns          252182 1c008766 1c0006b7 lui              x13, 0x1c000000     x13=1c000000
14964396ns          252183 1c00876a 1386a683 lw               x13, 312(x13)       x13=c23f0e08 x13:1c000000  PA:1c000138
14964694ns          252198 1c00876e d0057553 fcvt.s.w         f10, x10            f10=xxxxxxxx x10:00000006
14964714ns          252199 1c008772 68e7f7c3 fmadd.s          f15, f15, f14, f13  f15=xxxxxxxx f15:41af30fc f14:3f721d5c f13:c23f0e08
14964734ns          252200 1c008776 1c0006b7 lui              x13, 0x1c000000     x13=1c000000
14964754ns          252201 1c00877a 13c6a683 lw               x13, 316(x13)       x13=42390412 x13:1c000000  PA:1c00013c
14965072ns          252217 1c00877e 68e7f7c3 fmadd.s          f15, f15, f14, f13  f15=xxxxxxxx f15:c1d86baa f14:3f721d5c f13:42390412
14965092ns          252218 1c008782 1c0006b7 lui              x13, 0x1c000000     x13=1c000000
14965112ns          252219 1c008786 1406a683 lw               x13, 320(x13)       x13=c1efd21b x13:1c000000  PA:1c000140
14965430ns          252235 1c00878a 68e7f7c3 fmadd.s          f15, f15, f14, f13  f15=xxxxxxxx f15:41a5598b f14:3f721d5c f13:c1efd21b
14965450ns          252236 1c00878e 1c0006b7 lui              x13, 0x1c000000     x13=1c000000
14965470ns          252237 1c008792 1446a683 lw               x13, 324(x13)       x13=41644a86 x13:1c000000  PA:1c000144
14965808ns          252254 1c008796 68e7f7c3 fmadd.s          f15, f15, f14, f13  f15=xxxxxxxx f15:c126e0fe f14:3f721d5c f13:41644a86
14965828ns          252255 1c00879a 1c0006b7 lui              x13, 0x1c000000     x13=1c000000
14965848ns          252256 1c00879e 1486a683 lw               x13, 328(x13)       x13=c087dba8 x13:1c000000  PA:1c000148
14966166ns          252272 1c0087a2 68e7f7c3 fmadd.s          f15, f15, f14, f13  f15=xxxxxxxx f15:408ced65 f14:3f721d5c f13:c087dba8
14966186ns          252273 1c0087a6 00a7f553 fadd.s           f10, f15, f10       f10=xxxxxxxx f15:bda4c53f f10:40c00000
14966206ns          252274 1c0087aa 00008067 jalr             x0, x1, 0            x1:1c0081c2
14966266ns          252277 1c0081c2 11557553 fmul.s           f10, f10, f21       f10=xxxxxxxx f10:40bd6ceb f21:3f317218
14966286ns          252278 1c0081c6 00a4222b p.sw             x10, 4(x8!)          x8=10001708 x10:40834cbb  x8:10001704  PA:10001704
14966306ns          252279 1c0081ca ff4419e3 bne              x8, x20, -14         x8:10001708 x20:100017d8
14966365ns          252282 1c0081bc 0049a50b p.lw             x10, 4(x19!)        x10=4112e56d x19=1c0103e4 x19:1c0103e0  PA:1c0103e0
14966664ns          252297 1c0081c0 558000ef jal              x1, 1368             x1=1c0081c2
14966684ns          252298 1c008718 e00517d3 fclass.s         x15, f10            x15=00000040 f10:4112e56d
14966703ns          252299 1c00871c 0817f793 andi             x15, x15, 129       x15=00000000 x15:00000040
14966723ns          252300 1c008720 08079b63 bne              x15, x0, 150        x15:00000000
14966743ns          252301 1c008722 00000793 addi             x15, x0, 0          x15=00000000
14966763ns          252302 1c008726 a0f52753 feq.s            x14, f10, f15       x14=00000000 f10:4112e56d f15:00000000
14966783ns          252303 1c00872a 08071163 bne              x14, x0, 130        x14:00000000
14966803ns          252304 1c00872c a0f507d3 fle.s            x15, f10, f15       x15=00000000 f10:4112e56d f15:00000000
14966823ns          252305 1c008730 08079863 bne              x15, x0, 144        x15:00000000
14966843ns          252306 1c008732 a0a527d3 feq.s            x15, f10, f10       x15=00000001 f10:4112e56d f10:4112e56d
14966863ns          252307 1c008736 08078563 beq              x15, x0, 138        x15:00000001
14966882ns          252308 1c008738 d17537b3 p.bclr           x15, x10, 8, 23     x15=0012e56d x10:4112e56d
14966902ns          252309 1c00873c cb87c733 p.bset           x14, x15, 5, 24     x14=3f12e56d x15:0012e56d
14966922ns          252310 1c008740 1c0006b7 lui              x13, 0x1c000000     x13=1c000000
14966942ns          252311 1c008744 1c0007b7 lui              x15, 0x1c000000     x15=1c000000
14966962ns          252312 1c008748 1306a683 lw               x13, 304(x13)       x13=c13c5fa8 x13:1c000000  PA:1c000130
14967260ns          252327 1c00874c 12c7a783 lw               x15, 300(x15)       x15=3ff7d7e5 x15:1c000000  PA:1c00012c
14967559ns          252342 1c008750 41755513 srai             x10, x10, 0x417     x10=00000082 x10:4112e56d
14967579ns          252343 1c008752 68e7f7c3 fmadd.s          f15, f15, f14, f13  f15=xxxxxxxx f15:3ff7d7e5 f14:3f12e56d f13:c13c5fa8
14967599ns          252344 1c008756 1c0006b7 lui              x13, 0x1c000000     x13=1c000000
14967618ns          252345 1c00875a 1346a683 lw               x13, 308(x13)       x13=41fa6a03 x13:1c000000  PA:1c000134
14967917ns          252360 1c00875e f8250513 addi             x10, x10, -126      x10=00000004 x10:00000082
14967937ns          252361 1c008762 68e7f7c3 fmadd.s          f15, f15, f14, f13  f15=xxxxxxxx f15:c12a98c0 f14:3f12e56d f13:41fa6a03
14967957ns          252362 1c008766 1c0006b7 lui              x13, 0x1c000000     x13=1c000000
14967976ns          252363 1c00876a 1386a683 lw               x13, 312(x13)       x13=c23f0e08 x13:1c000000  PA:1c000138
14968275ns          252378 1c00876e d0057553 fcvt.s.w         f10, x10            f10=xxxxxxxx x10:00000004
14968295ns          252379 1c008772 68e7f7c3 fmadd.s          f15, f15, f14, f13  f15=xxxxxxxx f15:41c97803 f14:3f12e56d f13:c23f0e08
14968315ns          252380 1c008776 1c0006b7 lui              x13, 0x1c000000     x13=1c000000
14968334ns          252381 1c00877a 13c6a683 lw               x13, 316(x13)       x13=42390412 x13:1c000000  PA:1c00013c
14968653ns          252397 1c00877e 68e7f7c3 fmadd.s          f15, f15, f14, f13  f15=xxxxxxxx f15:c2054088 f14:3f12e56d f13:42390412
14968673ns          252398 1c008782 1c0006b7 lui              x13, 0x1c000000     x13=1c000000
14968693ns          252399 1c008786 1406a683 lw               x13, 320(x13)       x13=c1efd21b x13:1c000000  PA:1c000140
14969011ns          252415 1c00878a 68e7f7c3 fmadd.s          f15, f15, f14, f13  f15=xxxxxxxx f15:41d91bb2 f14:3f12e56d f13:c1efd21b
14969031ns          252416 1c00878e 1c0006b7 lui              x13, 0x1c000000     x13=1c000000
14969051ns          252417 1c008792 1446a683 lw               x13, 324(x13)       x13=41644a86 x13:1c000000  PA:1c000144
14969369ns          252433 1c008796 68e7f7c3 fmadd.s          f15, f15, f14, f13  f15=xxxxxxxx f15:c1667b7b f14:3f12e56d f13:41644a86
14969389ns          252434 1c00879a 1c0006b7 lui              x13, 0x1c000000     x13=1c000000
14969409ns          252435 1c00879e 1486a683 lw               x13, 328(x13)       x13=c087dba8 x13:1c000000  PA:1c000148
14969747ns          252452 1c0087a2 68e7f7c3 fmadd.s          f15, f15, f14, f13  f15=xxxxxxxx f15:40c01317 f14:3f12e56d f13:c087dba8
14969767ns          252453 1c0087a6 00a7f553 fadd.s           f10, f15, f10       f10=xxxxxxxx f15:bf4d2510 f10:40800000
14969787ns          252454 1c0087aa 00008067 jalr             x0, x1, 0            x1:1c0081c2
14969846ns          252457 1c0081c2 11557553 fmul.s           f10, f10, f21       f10=xxxxxxxx f10:404cb6bc f21:3f317218
14969866ns          252458 1c0081c6 00a4222b p.sw             x10, 4(x8!)          x8=1000170c x10:400de595  x8:10001708  PA:10001708
14969886ns          252459 1c0081ca ff4419e3 bne              x8, x20, -14         x8:1000170c x20:100017d8
14969946ns          252462 1c0081bc 0049a50b p.lw             x10, 4(x19!)        x10=4135895e x19=1c0103e8 x19:1c0103e4  PA:1c0103e4
14970244ns          252477 1c0081c0 558000ef jal              x1, 1368             x1=1c0081c2
14970264ns          252478 1c008718 e00517d3 fclass.s         x15, f10            x15=00000040 f10:4135895e
14970284ns          252479 1c00871c 0817f793 andi             x15, x15, 129       x15=00000000 x15:00000040
14970304ns          252480 1c008720 08079b63 bne              x15, x0, 150        x15:00000000
14970324ns          252481 1c008722 00000793 addi             x15, x0, 0          x15=00000000
14970343ns          252482 1c008726 a0f52753 feq.s            x14, f10, f15       x14=00000000 f10:4135895e f15:00000000
14970363ns          252483 1c00872a 08071163 bne              x14, x0, 130        x14:00000000
14970383ns          252484 1c00872c a0f507d3 fle.s            x15, f10, f15       x15=00000000 f10:4135895e f15:00000000
14970403ns          252485 1c008730 08079863 bne              x15, x0, 144        x15:00000000
14970423ns          252486 1c008732 a0a527d3 feq.s            x15, f10, f10       x15=00000001 f10:4135895e f10:4135895e
14970443ns          252487 1c008736 08078563 beq              x15, x0, 138        x15:00000001
14970463ns          252488 1c008738 d17537b3 p.bclr           x15, x10, 8, 23     x15=0035895e x10:4135895e
14970483ns          252489 1c00873c cb87c733 p.bset           x14, x15, 5, 24     x14=3f35895e x15:0035895e
14970503ns          252490 1c008740 1c0006b7 lui              x13, 0x1c000000     x13=1c000000
14970522ns          252491 1c008744 1c0007b7 lui              x15, 0x1c000000     x15=1c000000
14970542ns          252492 1c008748 1306a683 lw               x13, 304(x13)       x13=c13c5fa8 x13:1c000000  PA:1c000130
14970841ns          252507 1c00874c 12c7a783 lw               x15, 300(x15)       x15=3ff7d7e5 x15:1c000000  PA:1c00012c
14971139ns          252522 1c008750 41755513 srai             x10, x10, 0x417     x10=00000082 x10:4135895e
14971159ns          252523 1c008752 68e7f7c3 fmadd.s          f15, f15, f14, f13  f15=xxxxxxxx f15:3ff7d7e5 f14:3f35895e f13:c13c5fa8
14971179ns          252524 1c008756 1c0006b7 lui              x13, 0x1c000000     x13=1c000000
14971199ns          252525 1c00875a 1346a683 lw               x13, 308(x13)       x13=41fa6a03 x13:1c000000  PA:1c000134
14971497ns          252540 1c00875e f8250513 addi             x10, x10, -126      x10=00000004 x10:00000082
14971517ns          252541 1c008762 68e7f7c3 fmadd.s          f15, f15, f14, f13  f15=xxxxxxxx f15:c1266794 f14:3f35895e f13:41fa6a03
14971537ns          252542 1c008766 1c0006b7 lui              x13, 0x1c000000     x13=1c000000
14971557ns          252543 1c00876a 1386a683 lw               x13, 312(x13)       x13=c23f0e08 x13:1c000000  PA:1c000138
14971855ns          252558 1c00876e d0057553 fcvt.s.w         f10, x10            f10=xxxxxxxx x10:00000004
14971875ns          252559 1c008772 68e7f7c3 fmadd.s          f15, f15, f14, f13  f15=xxxxxxxx f15:41bf69c0 f14:3f35895e f13:c23f0e08
14971895ns          252560 1c008776 1c0006b7 lui              x13, 0x1c000000     x13=1c000000
14971915ns          252561 1c00877a 13c6a683 lw               x13, 316(x13)       x13=42390412 x13:1c000000  PA:1c00013c
14972233ns          252577 1c00877e 68e7f7c3 fmadd.s          f15, f15, f14, f13  f15=xxxxxxxx f15:c1f65f95 f14:3f35895e f13:42390412
14972253ns          252578 1c008782 1c0006b7 lui              x13, 0x1c000000     x13=1c000000
14972273ns          252579 1c008786 1406a683 lw               x13, 320(x13)       x13=c1efd21b x13:1c000000  PA:1c000140
14972591ns          252595 1c00878a 68e7f7c3 fmadd.s          f15, f15, f14, f13  f15=xxxxxxxx f15:41c3525c f14:3f35895e f13:c1efd21b
14972611ns          252596 1c00878e 1c0006b7 lui              x13, 0x1c000000     x13=1c000000
14972631ns          252597 1c008792 1446a683 lw               x13, 324(x13)       x13=41644a86 x13:1c000000  PA:1c000144
14972949ns          252613 1c008796 68e7f7c3 fmadd.s          f15, f15, f14, f13  f15=xxxxxxxx f15:c14aa022 f14:3f35895e f13:41644a86
14972969ns          252614 1c00879a 1c0006b7 lui              x13, 0x1c000000     x13=1c000000
14972989ns          252615 1c00879e 1486a683 lw               x13, 328(x13)       x13=c087dba8 x13:1c000000  PA:1c000148
14973307ns          252631 1c0087a2 68e7f7c3 fmadd.s          f15, f15, f14, f13  f15=xxxxxxxx f15:40a93528 f14:3f35895e f13:c087dba8
14973327ns          252632 1c0087a6 00a7f553 fadd.s           f10, f15, f10       f10=xxxxxxxx f15:befde472 f10:40800000
14973347ns          252633 1c0087aa 00008067 jalr             x0, x1, 0            x1:1c0081c2
14973407ns          252636 1c0081c2 11557553 fmul.s           f10, f10, f21       f10=xxxxxxxx f10:40604372 f21:3f317218
14973427ns          252637 1c0081c6 00a4222b p.sw             x10, 4(x8!)          x8=10001710 x10:401b7295  x8:1000170c  PA:1000170c
14973446ns          252638 1c0081ca ff4419e3 bne              x8, x20, -14         x8:10001710 x20:100017d8
14973506ns          252641 1c0081bc 0049a50b p.lw             x10, 4(x19!)        x10=41a02595 x19=1c0103ec x19:1c0103e8  PA:1c0103e8
14973824ns          252657 1c0081c0 558000ef jal              x1, 1368             x1=1c0081c2
14973844ns          252658 1c008718 e00517d3 fclass.s         x15, f10            x15=00000040 f10:41a02595
14973864ns          252659 1c00871c 0817f793 andi             x15, x15, 129       x15=00000000 x15:00000040
14973884ns          252660 1c008720 08079b63 bne              x15, x0, 150        x15:00000000
14973904ns          252661 1c008722 00000793 addi             x15, x0, 0          x15=00000000
14973924ns          252662 1c008726 a0f52753 feq.s            x14, f10, f15       x14=00000000 f10:41a02595 f15:00000000
14973944ns          252663 1c00872a 08071163 bne              x14, x0, 130        x14:00000000
14973964ns          252664 1c00872c a0f507d3 fle.s            x15, f10, f15       x15=00000000 f10:41a02595 f15:00000000
14973983ns          252665 1c008730 08079863 bne              x15, x0, 144        x15:00000000
14974003ns          252666 1c008732 a0a527d3 feq.s            x15, f10, f10       x15=00000001 f10:41a02595 f10:41a02595
14974023ns          252667 1c008736 08078563 beq              x15, x0, 138        x15:00000001
14974043ns          252668 1c008738 d17537b3 p.bclr           x15, x10, 8, 23     x15=00202595 x10:41a02595
14974063ns          252669 1c00873c cb87c733 p.bset           x14, x15, 5, 24     x14=3f202595 x15:00202595
14974083ns          252670 1c008740 1c0006b7 lui              x13, 0x1c000000     x13=1c000000
14974103ns          252671 1c008744 1c0007b7 lui              x15, 0x1c000000     x15=1c000000
14974123ns          252672 1c008748 1306a683 lw               x13, 304(x13)       x13=c13c5fa8 x13:1c000000  PA:1c000130
14974421ns          252687 1c00874c 12c7a783 lw               x15, 300(x15)       x15=3ff7d7e5 x15:1c000000  PA:1c00012c
14974719ns          252702 1c008750 41755513 srai             x10, x10, 0x417     x10=00000083 x10:41a02595
14974739ns          252703 1c008752 68e7f7c3 fmadd.s          f15, f15, f14, f13  f15=xxxxxxxx f15:3ff7d7e5 f14:3f202595 f13:c13c5fa8
14974759ns          252704 1c008756 1c0006b7 lui              x13, 0x1c000000     x13=1c000000
14974779ns          252705 1c00875a 1346a683 lw               x13, 308(x13)       x13=41fa6a03 x13:1c000000  PA:1c000134
14975097ns          252721 1c00875e f8250513 addi             x10, x10, -126      x10=00000005 x10:00000083
14975117ns          252722 1c008762 68e7f7c3 fmadd.s          f15, f15, f14, f13  f15=xxxxxxxx f15:c128fe3e f14:3f202595 f13:41fa6a03
14975137ns          252723 1c008766 1c0006b7 lui              x13, 0x1c000000     x13=1c000000
14975157ns          252724 1c00876a 1386a683 lw               x13, 312(x13)       x13=c23f0e08 x13:1c000000  PA:1c000138
14975455ns          252739 1c00876e d0057553 fcvt.s.w         f10, x10            f10=xxxxxxxx x10:00000005
14975475ns          252740 1c008772 68e7f7c3 fmadd.s          f15, f15, f14, f13  f15=xxxxxxxx f15:41c58e28 f14:3f202595 f13:c23f0e08
14975495ns          252741 1c008776 1c0006b7 lui              x13, 0x1c000000     x13=1c000000
14975515ns          252742 1c00877a 13c6a683 lw               x13, 316(x13)       x13=42390412 x13:1c000000  PA:1c00013c
14975833ns          252758 1c00877e 68e7f7c3 fmadd.s          f15, f15, f14, f13  f15=xxxxxxxx f15:c201431b f14:3f202595 f13:42390412
14975853ns          252759 1c008782 1c0006b7 lui              x13, 0x1c000000     x13=1c000000
14975873ns          252760 1c008786 1406a683 lw               x13, 320(x13)       x13=c1efd21b x13:1c000000  PA:1c000140
14976191ns          252776 1c00878a 68e7f7c3 fmadd.s          f15, f15, f14, f13  f15=xxxxxxxx f15:41d04e4e f14:3f202595 f13:c1efd21b
14976211ns          252777 1c00878e 1c0006b7 lui              x13, 0x1c000000     x13=1c000000
14976231ns          252778 1c008792 1446a683 lw               x13, 324(x13)       x13=41644a86 x13:1c000000  PA:1c000144
14976569ns          252795 1c008796 68e7f7c3 fmadd.s          f15, f15, f14, f13  f15=xxxxxxxx f15:c15b052b f14:3f202595 f13:41644a86
14976589ns          252796 1c00879a 1c0006b7 lui              x13, 0x1c000000     x13=1c000000
14976609ns          252797 1c00879e 1486a683 lw               x13, 328(x13)       x13=c087dba8 x13:1c000000  PA:1c000148
14976927ns          252813 1c0087a2 68e7f7c3 fmadd.s          f15, f15, f14, f13  f15=xxxxxxxx f15:40b68e48 f14:3f202595 f13:c087dba8
14976947ns          252814 1c0087a6 00a7f553 fadd.s           f10, f15, f10       f10=xxxxxxxx f15:bf2d3f71 f10:40a00000
14976967ns          252815 1c0087aa 00008067 jalr             x0, x1, 0            x1:1c0081c2
14977027ns          252818 1c0081c2 11557553 fmul.s           f10, f10, f21       f10=xxxxxxxx f10:408a5812 f21:3f317218
14977047ns          252819 1c0081c6 00a4222b p.sw             x10, 4(x8!)          x8=10001714 x10:403fc919  x8:10001710  PA:10001710
14977067ns          252820 1c0081ca ff4419e3 bne              x8, x20, -14         x8:10001714 x20:100017d8
14977126ns          252823 1c0081bc 0049a50b p.lw             x10, 4(x19!)        x10=42983bac x19=1c0103f0 x19:1c0103ec  PA:1c0103ec
14977425ns          252838 1c0081c0 558000ef jal              x1, 1368             x1=1c0081c2
14977444ns          252839 1c008718 e00517d3 fclass.s         x15, f10            x15=00000040 f10:42983bac
14977464ns          252840 1c00871c 0817f793 andi             x15, x15, 129       x15=00000000 x15:00000040
14977484ns          252841 1c008720 08079b63 bne              x15, x0, 150        x15:00000000
14977504ns          252842 1c008722 00000793 addi             x15, x0, 0          x15=00000000
14977524ns          252843 1c008726 a0f52753 feq.s            x14, f10, f15       x14=00000000 f10:42983bac f15:00000000
14977544ns          252844 1c00872a 08071163 bne              x14, x0, 130        x14:00000000
14977564ns          252845 1c00872c a0f507d3 fle.s            x15, f10, f15       x15=00000000 f10:42983bac f15:00000000
14977584ns          252846 1c008730 08079863 bne              x15, x0, 144        x15:00000000
14977604ns          252847 1c008732 a0a527d3 feq.s            x15, f10, f10       x15=00000001 f10:42983bac f10:42983bac
14977623ns          252848 1c008736 08078563 beq              x15, x0, 138        x15:00000001
14977643ns          252849 1c008738 d17537b3 p.bclr           x15, x10, 8, 23     x15=00183bac x10:42983bac
14977663ns          252850 1c00873c cb87c733 p.bset           x14, x15, 5, 24     x14=3f183bac x15:00183bac
14977683ns          252851 1c008740 1c0006b7 lui              x13, 0x1c000000     x13=1c000000
14977703ns          252852 1c008744 1c0007b7 lui              x15, 0x1c000000     x15=1c000000
14977723ns          252853 1c008748 1306a683 lw               x13, 304(x13)       x13=c13c5fa8 x13:1c000000  PA:1c000130
14978021ns          252868 1c00874c 12c7a783 lw               x15, 300(x15)       x15=3ff7d7e5 x15:1c000000  PA:1c00012c
14978320ns          252883 1c008750 41755513 srai             x10, x10, 0x417     x10=00000085 x10:42983bac
14978340ns          252884 1c008752 68e7f7c3 fmadd.s          f15, f15, f14, f13  f15=xxxxxxxx f15:3ff7d7e5 f14:3f183bac f13:c13c5fa8
14978359ns          252885 1c008756 1c0006b7 lui              x13, 0x1c000000     x13=1c000000
14978379ns          252886 1c00875a 1346a683 lw               x13, 308(x13)       x13=41fa6a03 x13:1c000000  PA:1c000134
14978678ns          252901 1c00875e f8250513 addi             x10, x10, -126      x10=00000007 x10:00000085
14978698ns          252902 1c008762 68e7f7c3 fmadd.s          f15, f15, f14, f13  f15=xxxxxxxx f15:c129f369 f14:3f183bac f13:41fa6a03
14978717ns          252903 1c008766 1c0006b7 lui              x13, 0x1c000000     x13=1c000000
14978737ns          252904 1c00876a 1386a683 lw               x13, 312(x13)       x13=c23f0e08 x13:1c000000  PA:1c000138
14979056ns          252920 1c00876e d0057553 fcvt.s.w         f10, x10            f10=xxxxxxxx x10:00000007
14979075ns          252921 1c008772 68e7f7c3 fmadd.s          f15, f15, f14, f13  f15=xxxxxxxx f15:41c7e1f1 f14:3f183bac f13:c23f0e08
14979095ns          252922 1c008776 1c0006b7 lui              x13, 0x1c000000     x13=1c000000
14979115ns          252923 1c00877a 13c6a683 lw               x13, 316(x13)       x13=42390412 x13:1c000000  PA:1c00013c
14979434ns          252939 1c00877e 68e7f7c3 fmadd.s          f15, f15, f14, f13  f15=xxxxxxxx f15:c2039fa9 f14:3f183bac f13:42390412
14979453ns          252940 1c008782 1c0006b7 lui              x13, 0x1c000000     x13=1c000000
14979473ns          252941 1c008786 1406a683 lw               x13, 320(x13)       x13=c1efd21b x13:1c000000  PA:1c000140
14979792ns          252957 1c00878a 68e7f7c3 fmadd.s          f15, f15, f14, f13  f15=xxxxxxxx f15:41d57d2f f14:3f183bac f13:c1efd21b
14979811ns          252958 1c00878e 1c0006b7 lui              x13, 0x1c000000     x13=1c000000
14979831ns          252959 1c008792 1446a683 lw               x13, 324(x13)       x13=41644a86 x13:1c000000  PA:1c000144
14980150ns          252975 1c008796 68e7f7c3 fmadd.s          f15, f15, f14, f13  f15=xxxxxxxx f15:c161bc08 f14:3f183bac f13:41644a86
14980169ns          252976 1c00879a 1c0006b7 lui              x13, 0x1c000000     x13=1c000000
14980189ns          252977 1c00879e 1486a683 lw               x13, 328(x13)       x13=c087dba8 x13:1c000000  PA:1c000148
14980508ns          252993 1c0087a2 68e7f7c3 fmadd.s          f15, f15, f14, f13  f15=xxxxxxxx f15:40bc1c86 f14:3f183bac f13:c087dba8
14980528ns          252994 1c0087a6 00a7f553 fadd.s           f10, f15, f10       f10=xxxxxxxx f15:bf3ff6fc f10:40e00000
14980547ns          252995 1c0087aa 00008067 jalr             x0, x1, 0            x1:1c0081c2
14980607ns          252998 1c0081c2 11557553 fmul.s           f10, f10, f21       f10=xxxxxxxx f10:40c80120 f21:3f317218
14980627ns          252999 1c0081c6 00a4222b p.sw             x10, 4(x8!)          x8=10001718 x10:408aa1ea  x8:10001714  PA:10001714
14980647ns          253000 1c0081ca ff4419e3 bne              x8, x20, -14         x8:10001718 x20:100017d8
14980707ns          253003 1c0081bc 0049a50b p.lw             x10, 4(x19!)        x10=40a54b4c x19=1c0103f4 x19:1c0103f0  PA:1c0103f0
14981005ns          253018 1c0081c0 558000ef jal              x1, 1368             x1=1c0081c2
14981025ns          253019 1c008718 e00517d3 fclass.s         x15, f10            x15=00000040 f10:40a54b4c
14981045ns          253020 1c00871c 0817f793 andi             x15, x15, 129       x15=00000000 x15:00000040
14981065ns          253021 1c008720 08079b63 bne              x15, x0, 150        x15:00000000
14981084ns          253022 1c008722 00000793 addi             x15, x0, 0          x15=00000000
14981104ns          253023 1c008726 a0f52753 feq.s            x14, f10, f15       x14=00000000 f10:40a54b4c f15:00000000
14981124ns          253024 1c00872a 08071163 bne              x14, x0, 130        x14:00000000
14981144ns          253025 1c00872c a0f507d3 fle.s            x15, f10, f15       x15=00000000 f10:40a54b4c f15:00000000
14981164ns          253026 1c008730 08079863 bne              x15, x0, 144        x15:00000000
14981184ns          253027 1c008732 a0a527d3 feq.s            x15, f10, f10       x15=00000001 f10:40a54b4c f10:40a54b4c
14981204ns          253028 1c008736 08078563 beq              x15, x0, 138        x15:00000001
14981224ns          253029 1c008738 d17537b3 p.bclr           x15, x10, 8, 23     x15=00254b4c x10:40a54b4c
14981244ns          253030 1c00873c cb87c733 p.bset           x14, x15, 5, 24     x14=3f254b4c x15:00254b4c
14981263ns          253031 1c008740 1c0006b7 lui              x13, 0x1c000000     x13=1c000000
14981283ns          253032 1c008744 1c0007b7 lui              x15, 0x1c000000     x15=1c000000
14981303ns          253033 1c008748 1306a683 lw               x13, 304(x13)       x13=c13c5fa8 x13:1c000000  PA:1c000130
14981602ns          253048 1c00874c 12c7a783 lw               x15, 300(x15)       x15=3ff7d7e5 x15:1c000000  PA:1c00012c
14981900ns          253063 1c008750 41755513 srai             x10, x10, 0x417     x10=00000081 x10:40a54b4c
14981920ns          253064 1c008752 68e7f7c3 fmadd.s          f15, f15, f14, f13  f15=xxxxxxxx f15:3ff7d7e5 f14:3f254b4c f13:c13c5fa8
14981940ns          253065 1c008756 1c0006b7 lui              x13, 0x1c000000     x13=1c000000
14981960ns          253066 1c00875a 1346a683 lw               x13, 308(x13)       x13=41fa6a03 x13:1c000000  PA:1c000134
14982298ns          253083 1c00875e f8250513 addi             x10, x10, -126      x10=00000003 x10:00000081
14982318ns          253084 1c008762 68e7f7c3 fmadd.s          f15, f15, f14, f13  f15=xxxxxxxx f15:c1285ec6 f14:3f254b4c f13:41fa6a03
14982338ns          253085 1c008766 1c0006b7 lui              x13, 0x1c000000     x13=1c000000
14982357ns          253086 1c00876a 1386a683 lw               x13, 312(x13)       x13=c23f0e08 x13:1c000000  PA:1c000138
14982656ns          253101 1c00876e d0057553 fcvt.s.w         f10, x10            f10=xxxxxxxx x10:00000003
14982676ns          253102 1c008772 68e7f7c3 fmadd.s          f15, f15, f14, f13  f15=xxxxxxxx f15:41c40eb5 f14:3f254b4c f13:c23f0e08
14982696ns          253103 1c008776 1c0006b7 lui              x13, 0x1c000000     x13=1c000000
14982715ns          253104 1c00877a 13c6a683 lw               x13, 316(x13)       x13=42390412 x13:1c000000  PA:1c00013c
14983054ns          253121 1c00877e 68e7f7c3 fmadd.s          f15, f15, f14, f13  f15=xxxxxxxx f15:c1ff84eb f14:3f254b4c f13:42390412
14983074ns          253122 1c008782 1c0006b7 lui              x13, 0x1c000000     x13=1c000000
14983093ns          253123 1c008786 1406a683 lw               x13, 320(x13)       x13=c1efd21b x13:1c000000  PA:1c000140
14983412ns          253139 1c00878a 68e7f7c3 fmadd.s          f15, f15, f14, f13  f15=xxxxxxxx f15:41cd0c51 f14:3f254b4c f13:c1efd21b
14983432ns          253140 1c00878e 1c0006b7 lui              x13, 0x1c000000     x13=1c000000
14983451ns          253141 1c008792 1446a683 lw               x13, 324(x13)       x13=41644a86 x13:1c000000  PA:1c000144
14983770ns          253157 1c008796 68e7f7c3 fmadd.s          f15, f15, f14, f13  f15=xxxxxxxx f15:c156d9b7 f14:3f254b4c f13:41644a86
14983790ns          253158 1c00879a 1c0006b7 lui              x13, 0x1c000000     x13=1c000000
14983809ns          253159 1c00879e 1486a683 lw               x13, 328(x13)       x13=c087dba8 x13:1c000000  PA:1c000148
14984128ns          253175 1c0087a2 68e7f7c3 fmadd.s          f15, f15, f14, f13  f15=xxxxxxxx f15:40b32203 f14:3f254b4c f13:c087dba8
14984148ns          253176 1c0087a6 00a7f553 fadd.s           f10, f15, f10       f10=xxxxxxxx f15:bf21905f f10:40400000
14984168ns          253177 1c0087aa 00008067 jalr             x0, x1, 0            x1:1c0081c2
14984227ns          253180 1c0081c2 11557553 fmul.s           f10, f10, f21       f10=xxxxxxxx f10:40179be8 f21:3f317218
14984247ns          253181 1c0081c6 00a4222b p.sw             x10, 4(x8!)          x8=1000171c x10:3fd22cba  x8:10001718  PA:10001718
14984267ns          253182 1c0081ca ff4419e3 bne              x8, x20, -14         x8:1000171c x20:100017d8
14984327ns          253185 1c0081bc 0049a50b p.lw             x10, 4(x19!)        x10=42a93730 x19=1c0103f8 x19:1c0103f4  PA:1c0103f4
14984625ns          253200 1c0081c0 558000ef jal              x1, 1368             x1=1c0081c2
14984645ns          253201 1c008718 e00517d3 fclass.s         x15, f10            x15=00000040 f10:42a93730
14984665ns          253202 1c00871c 0817f793 andi             x15, x15, 129       x15=00000000 x15:00000040
14984685ns          253203 1c008720 08079b63 bne              x15, x0, 150        x15:00000000
14984705ns          253204 1c008722 00000793 addi             x15, x0, 0          x15=00000000
14984724ns          253205 1c008726 a0f52753 feq.s            x14, f10, f15       x14=00000000 f10:42a93730 f15:00000000
14984744ns          253206 1c00872a 08071163 bne              x14, x0, 130        x14:00000000
14984764ns          253207 1c00872c a0f507d3 fle.s            x15, f10, f15       x15=00000000 f10:42a93730 f15:00000000
14984784ns          253208 1c008730 08079863 bne              x15, x0, 144        x15:00000000
14984804ns          253209 1c008732 a0a527d3 feq.s            x15, f10, f10       x15=00000001 f10:42a93730 f10:42a93730
14984824ns          253210 1c008736 08078563 beq              x15, x0, 138        x15:00000001
14984844ns          253211 1c008738 d17537b3 p.bclr           x15, x10, 8, 23     x15=00293730 x10:42a93730
14984864ns          253212 1c00873c cb87c733 p.bset           x14, x15, 5, 24     x14=3f293730 x15:00293730
14984884ns          253213 1c008740 1c0006b7 lui              x13, 0x1c000000     x13=1c000000
14984903ns          253214 1c008744 1c0007b7 lui              x15, 0x1c000000     x15=1c000000
14984923ns          253215 1c008748 1306a683 lw               x13, 304(x13)       x13=c13c5fa8 x13:1c000000  PA:1c000130
14985222ns          253230 1c00874c 12c7a783 lw               x15, 300(x15)       x15=3ff7d7e5 x15:1c000000  PA:1c00012c
14985520ns          253245 1c008750 41755513 srai             x10, x10, 0x417     x10=00000085 x10:42a93730
14985540ns          253246 1c008752 68e7f7c3 fmadd.s          f15, f15, f14, f13  f15=xxxxxxxx f15:3ff7d7e5 f14:3f293730 f13:c13c5fa8
14985560ns          253247 1c008756 1c0006b7 lui              x13, 0x1c000000     x13=1c000000
14985580ns          253248 1c00875a 1346a683 lw               x13, 308(x13)       x13=41fa6a03 x13:1c000000  PA:1c000134
14985878ns          253263 1c00875e f8250513 addi             x10, x10, -126      x10=00000007 x10:00000085
14985898ns          253264 1c008762 68e7f7c3 fmadd.s          f15, f15, f14, f13  f15=xxxxxxxx f15:c127e549 f14:3f293730 f13:41fa6a03
14985918ns          253265 1c008766 1c0006b7 lui              x13, 0x1c000000     x13=1c000000
14985938ns          253266 1c00876a 1386a683 lw               x13, 312(x13)       x13=c23f0e08 x13:1c000000  PA:1c000138
14986256ns          253282 1c00876e d0057553 fcvt.s.w         f10, x10            f10=xxxxxxxx x10:00000007
14986276ns          253283 1c008772 68e7f7c3 fmadd.s          f15, f15, f14, f13  f15=xxxxxxxx f15:41c2ecbc f14:3f293730 f13:c23f0e08
14986296ns          253284 1c008776 1c0006b7 lui              x13, 0x1c000000     x13=1c000000
14986316ns          253285 1c00877a 13c6a683 lw               x13, 316(x13)       x13=42390412 x13:1c000000  PA:1c00013c
14986634ns          253301 1c00877e 68e7f7c3 fmadd.s          f15, f15, f14, f13  f15=xxxxxxxx f15:c1fd43c2 f14:3f293730 f13:42390412
14986654ns          253302 1c008782 1c0006b7 lui              x13, 0x1c000000     x13=1c000000
14986674ns          253303 1c008786 1406a683 lw               x13, 320(x13)       x13=c1efd21b x13:1c000000  PA:1c000140
14987012ns          253320 1c00878a 68e7f7c3 fmadd.s          f15, f15, f14, f13  f15=xxxxxxxx f15:41ca9fd0 f14:3f293730 f13:c1efd21b
14987032ns          253321 1c00878e 1c0006b7 lui              x13, 0x1c000000     x13=1c000000
14987052ns          253322 1c008792 1446a683 lw               x13, 324(x13)       x13=41644a86 x13:1c000000  PA:1c000144
14987370ns          253338 1c008796 68e7f7c3 fmadd.s          f15, f15, f14, f13  f15=xxxxxxxx f15:c153c5d9 f14:3f293730 f13:41644a86
14987390ns          253339 1c00879a 1c0006b7 lui              x13, 0x1c000000     x13=1c000000
14987410ns          253340 1c00879e 1486a683 lw               x13, 328(x13)       x13=c087dba8 x13:1c000000  PA:1c000148
14987728ns          253356 1c0087a2 68e7f7c3 fmadd.s          f15, f15, f14, f13  f15=xxxxxxxx f15:40b09e85 f14:3f293730 f13:c087dba8
14987748ns          253357 1c0087a6 00a7f553 fadd.s           f10, f15, f10       f10=xxxxxxxx f15:bf18e778 f10:40e00000
14987768ns          253358 1c0087aa 00008067 jalr             x0, x1, 0            x1:1c0081c2
14987827ns          253361 1c0081c2 11557553 fmul.s           f10, f10, f21       f10=xxxxxxxx f10:40cce311 f21:3f317218
14987847ns          253362 1c0081c6 00a4222b p.sw             x10, 4(x8!)          x8=10001720 x10:408e044f  x8:1000171c  PA:1000171c
14987867ns          253363 1c0081ca ff4419e3 bne              x8, x20, -14         x8:10001720 x20:100017d8
14987927ns          253366 1c0081bc 0049a50b p.lw             x10, 4(x19!)        x10=4172270d x19=1c0103fc x19:1c0103f8  PA:1c0103f8
14988225ns          253381 1c0081c0 558000ef jal              x1, 1368             x1=1c0081c2
14988245ns          253382 1c008718 e00517d3 fclass.s         x15, f10            x15=00000040 f10:4172270d
14988265ns          253383 1c00871c 0817f793 andi             x15, x15, 129       x15=00000000 x15:00000040
14988285ns          253384 1c008720 08079b63 bne              x15, x0, 150        x15:00000000
14988305ns          253385 1c008722 00000793 addi             x15, x0, 0          x15=00000000
14988325ns          253386 1c008726 a0f52753 feq.s            x14, f10, f15       x14=00000000 f10:4172270d f15:00000000
14988345ns          253387 1c00872a 08071163 bne              x14, x0, 130        x14:00000000
14988364ns          253388 1c00872c a0f507d3 fle.s            x15, f10, f15       x15=00000000 f10:4172270d f15:00000000
14988384ns          253389 1c008730 08079863 bne              x15, x0, 144        x15:00000000
14988404ns          253390 1c008732 a0a527d3 feq.s            x15, f10, f10       x15=00000001 f10:4172270d f10:4172270d
14988424ns          253391 1c008736 08078563 beq              x15, x0, 138        x15:00000001
14988444ns          253392 1c008738 d17537b3 p.bclr           x15, x10, 8, 23     x15=0072270d x10:4172270d
14988464ns          253393 1c00873c cb87c733 p.bset           x14, x15, 5, 24     x14=3f72270d x15:0072270d
14988484ns          253394 1c008740 1c0006b7 lui              x13, 0x1c000000     x13=1c000000
14988504ns          253395 1c008744 1c0007b7 lui              x15, 0x1c000000     x15=1c000000
14988524ns          253396 1c008748 1306a683 lw               x13, 304(x13)       x13=c13c5fa8 x13:1c000000  PA:1c000130
14988822ns          253411 1c00874c 12c7a783 lw               x15, 300(x15)       x15=3ff7d7e5 x15:1c000000  PA:1c00012c
14989120ns          253426 1c008750 41755513 srai             x10, x10, 0x417     x10=00000082 x10:4172270d
14989140ns          253427 1c008752 68e7f7c3 fmadd.s          f15, f15, f14, f13  f15=xxxxxxxx f15:3ff7d7e5 f14:3f72270d f13:c13c5fa8
14989160ns          253428 1c008756 1c0006b7 lui              x13, 0x1c000000     x13=1c000000
14989180ns          253429 1c00875a 1346a683 lw               x13, 308(x13)       x13=41fa6a03 x13:1c000000  PA:1c000134
14989478ns          253444 1c00875e f8250513 addi             x10, x10, -126      x10=00000004 x10:00000082
14989498ns          253445 1c008762 68e7f7c3 fmadd.s          f15, f15, f14, f13  f15=xxxxxxxx f15:c11f11ab f14:3f72270d f13:41fa6a03
14989518ns          253446 1c008766 1c0006b7 lui              x13, 0x1c000000     x13=1c000000
14989538ns          253447 1c00876a 1386a683 lw               x13, 312(x13)       x13=c23f0e08 x13:1c000000  PA:1c000138
14989836ns          253462 1c00876e d0057553 fcvt.s.w         f10, x10            f10=xxxxxxxx x10:00000004
14989856ns          253463 1c008772 68e7f7c3 fmadd.s          f15, f15, f14, f13  f15=xxxxxxxx f15:41af2e87 f14:3f72270d f13:c23f0e08
14989876ns          253464 1c008776 1c0006b7 lui              x13, 0x1c000000     x13=1c000000
14989896ns          253465 1c00877a 13c6a683 lw               x13, 316(x13)       x13=42390412 x13:1c000000  PA:1c00013c
14990234ns          253482 1c00877e 68e7f7c3 fmadd.s          f15, f15, f14, f13  f15=xxxxxxxx f15:c1d8675b f14:3f72270d f13:42390412
14990254ns          253483 1c008782 1c0006b7 lui              x13, 0x1c000000     x13=1c000000
14990274ns          253484 1c008786 1406a683 lw               x13, 320(x13)       x13=c1efd21b x13:1c000000  PA:1c000140
14990592ns          253500 1c00878a 68e7f7c3 fmadd.s          f15, f15, f14, f13  f15=xxxxxxxx f15:41a5556d f14:3f72270d f13:c1efd21b
14990612ns          253501 1c00878e 1c0006b7 lui              x13, 0x1c000000     x13=1c000000
14990632ns          253502 1c008792 1446a683 lw               x13, 324(x13)       x13=41644a86 x13:1c000000  PA:1c000144
14990950ns          253518 1c008796 68e7f7c3 fmadd.s          f15, f15, f14, f13  f15=xxxxxxxx f15:c126dc43 f14:3f72270d f13:41644a86
14990970ns          253519 1c00879a 1c0006b7 lui              x13, 0x1c000000     x13=1c000000
14990990ns          253520 1c00879e 1486a683 lw               x13, 328(x13)       x13=c087dba8 x13:1c000000  PA:1c000148
14991308ns          253536 1c0087a2 68e7f7c3 fmadd.s          f15, f15, f14, f13  f15=xxxxxxxx f15:408ce9b5 f14:3f72270d f13:c087dba8
14991328ns          253537 1c0087a6 00a7f553 fadd.s           f10, f15, f10       f10=xxxxxxxx f15:bda44f09 f10:40800000
14991348ns          253538 1c0087aa 00008067 jalr             x0, x1, 0            x1:1c0081c2
14991408ns          253541 1c0081c2 11557553 fmul.s           f10, f10, f21       f10=xxxxxxxx f10:407add88 f21:3f317218
14991428ns          253542 1c0081c6 00a4222b p.sw             x10, 4(x8!)          x8=10001724 x10:402de2f9  x8:10001720  PA:10001720
14991448ns          253543 1c0081ca ff4419e3 bne              x8, x20, -14         x8:10001724 x20:100017d8
14991507ns          253546 1c0081bc 0049a50b p.lw             x10, 4(x19!)        x10=42c5bc20 x19=1c010400 x19:1c0103fc  PA:1c0103fc
14991806ns          253561 1c0081c0 558000ef jal              x1, 1368             x1=1c0081c2
14991825ns          253562 1c008718 e00517d3 fclass.s         x15, f10            x15=00000040 f10:42c5bc20
14991845ns          253563 1c00871c 0817f793 andi             x15, x15, 129       x15=00000000 x15:00000040
14991865ns          253564 1c008720 08079b63 bne              x15, x0, 150        x15:00000000
14991885ns          253565 1c008722 00000793 addi             x15, x0, 0          x15=00000000
14991905ns          253566 1c008726 a0f52753 feq.s            x14, f10, f15       x14=00000000 f10:42c5bc20 f15:00000000
14991925ns          253567 1c00872a 08071163 bne              x14, x0, 130        x14:00000000
14991945ns          253568 1c00872c a0f507d3 fle.s            x15, f10, f15       x15=00000000 f10:42c5bc20 f15:00000000
14991965ns          253569 1c008730 08079863 bne              x15, x0, 144        x15:00000000
14991985ns          253570 1c008732 a0a527d3 feq.s            x15, f10, f10       x15=00000001 f10:42c5bc20 f10:42c5bc20
14992004ns          253571 1c008736 08078563 beq              x15, x0, 138        x15:00000001
14992024ns          253572 1c008738 d17537b3 p.bclr           x15, x10, 8, 23     x15=0045bc20 x10:42c5bc20
14992044ns          253573 1c00873c cb87c733 p.bset           x14, x15, 5, 24     x14=3f45bc20 x15:0045bc20
14992064ns          253574 1c008740 1c0006b7 lui              x13, 0x1c000000     x13=1c000000
14992084ns          253575 1c008744 1c0007b7 lui              x15, 0x1c000000     x15=1c000000
14992104ns          253576 1c008748 1306a683 lw               x13, 304(x13)       x13=c13c5fa8 x13:1c000000  PA:1c000130
14992442ns          253593 1c00874c 12c7a783 lw               x15, 300(x15)       x15=3ff7d7e5 x15:1c000000  PA:1c00012c
14992740ns          253608 1c008750 41755513 srai             x10, x10, 0x417     x10=00000085 x10:42c5bc20
14992760ns          253609 1c008752 68e7f7c3 fmadd.s          f15, f15, f14, f13  f15=xxxxxxxx f15:3ff7d7e5 f14:3f45bc20 f13:c13c5fa8
14992780ns          253610 1c008756 1c0006b7 lui              x13, 0x1c000000     x13=1c000000
14992800ns          253611 1c00875a 1346a683 lw               x13, 308(x13)       x13=41fa6a03 x13:1c000000  PA:1c000134
14993098ns          253626 1c00875e f8250513 addi             x10, x10, -126      x10=00000007 x10:00000085
14993118ns          253627 1c008762 68e7f7c3 fmadd.s          f15, f15, f14, f13  f15=xxxxxxxx f15:c12471bf f14:3f45bc20 f13:41fa6a03
14993138ns          253628 1c008766 1c0006b7 lui              x13, 0x1c000000     x13=1c000000
14993158ns          253629 1c00876a 1386a683 lw               x13, 312(x13)       x13=c23f0e08 x13:1c000000  PA:1c000138
14993456ns          253644 1c00876e d0057553 fcvt.s.w         f10, x10            f10=xxxxxxxx x10:00000007
14993476ns          253645 1c008772 68e7f7c3 fmadd.s          f15, f15, f14, f13  f15=xxxxxxxx f15:41bae7d3 f14:3f45bc20 f13:c23f0e08
14993496ns          253646 1c008776 1c0006b7 lui              x13, 0x1c000000     x13=1c000000
14993516ns          253647 1c00877a 13c6a683 lw               x13, 316(x13)       x13=42390412 x13:1c000000  PA:1c00013c
14993874ns          253665 1c00877e 68e7f7c3 fmadd.s          f15, f15, f14, f13  f15=xxxxxxxx f15:c1edbe51 f14:3f45bc20 f13:42390412
14993894ns          253666 1c008782 1c0006b7 lui              x13, 0x1c000000     x13=1c000000
14993914ns          253667 1c008786 1406a683 lw               x13, 320(x13)       x13=c1efd21b x13:1c000000  PA:1c000140
14994232ns          253683 1c00878a 68e7f7c3 fmadd.s          f15, f15, f14, f13  f15=xxxxxxxx f15:41ba65fa f14:3f45bc20 f13:c1efd21b
14994252ns          253684 1c00878e 1c0006b7 lui              x13, 0x1c000000     x13=1c000000
14994272ns          253685 1c008792 1446a683 lw               x13, 324(x13)       x13=41644a86 x13:1c000000  PA:1c000144
14994590ns          253701 1c008796 68e7f7c3 fmadd.s          f15, f15, f14, f13  f15=xxxxxxxx f15:c13fb14f f14:3f45bc20 f13:41644a86
14994610ns          253702 1c00879a 1c0006b7 lui              x13, 0x1c000000     x13=1c000000
14994630ns          253703 1c00879e 1486a683 lw               x13, 328(x13)       x13=c087dba8 x13:1c000000  PA:1c000148
14994968ns          253720 1c0087a2 68e7f7c3 fmadd.s          f15, f15, f14, f13  f15=xxxxxxxx f15:40a0746c f14:3f45bc20 f13:c087dba8
14994988ns          253721 1c0087a6 00a7f553 fadd.s           f10, f15, f10       f10=xxxxxxxx f15:bebec275 f10:40e00000
14995008ns          253722 1c0087aa 00008067 jalr             x0, x1, 0            x1:1c0081c2
14995068ns          253725 1c0081c2 11557553 fmul.s           f10, f10, f21       f10=xxxxxxxx f10:40d413d9 f21:3f317218
14995088ns          253726 1c0081c6 00a4222b p.sw             x10, 4(x8!)          x8=10001728 x10:4093003e  x8:10001724  PA:10001724
14995107ns          253727 1c0081ca ff4419e3 bne              x8, x20, -14         x8:10001728 x20:100017d8
14995167ns          253730 1c0081bc 0049a50b p.lw             x10, 4(x19!)        x10=4284a799 x19=1c010404 x19:1c010400  PA:1c010400
14995465ns          253745 1c0081c0 558000ef jal              x1, 1368             x1=1c0081c2
14995485ns          253746 1c008718 e00517d3 fclass.s         x15, f10            x15=00000040 f10:4284a799
14995505ns          253747 1c00871c 0817f793 andi             x15, x15, 129       x15=00000000 x15:00000040
14995525ns          253748 1c008720 08079b63 bne              x15, x0, 150        x15:00000000
14995545ns          253749 1c008722 00000793 addi             x15, x0, 0          x15=00000000
14995565ns          253750 1c008726 a0f52753 feq.s            x14, f10, f15       x14=00000000 f10:4284a799 f15:00000000
14995585ns          253751 1c00872a 08071163 bne              x14, x0, 130        x14:00000000
14995605ns          253752 1c00872c a0f507d3 fle.s            x15, f10, f15       x15=00000000 f10:4284a799 f15:00000000
14995625ns          253753 1c008730 08079863 bne              x15, x0, 144        x15:00000000
14995644ns          253754 1c008732 a0a527d3 feq.s            x15, f10, f10       x15=00000001 f10:4284a799 f10:4284a799
14995664ns          253755 1c008736 08078563 beq              x15, x0, 138        x15:00000001
14995684ns          253756 1c008738 d17537b3 p.bclr           x15, x10, 8, 23     x15=0004a799 x10:4284a799
14995704ns          253757 1c00873c cb87c733 p.bset           x14, x15, 5, 24     x14=3f04a799 x15:0004a799
14995724ns          253758 1c008740 1c0006b7 lui              x13, 0x1c000000     x13=1c000000
14995744ns          253759 1c008744 1c0007b7 lui              x15, 0x1c000000     x15=1c000000
14995764ns          253760 1c008748 1306a683 lw               x13, 304(x13)       x13=c13c5fa8 x13:1c000000  PA:1c000130
14996062ns          253775 1c00874c 12c7a783 lw               x15, 300(x15)       x15=3ff7d7e5 x15:1c000000  PA:1c00012c
14996380ns          253791 1c008750 41755513 srai             x10, x10, 0x417     x10=00000085 x10:4284a799
14996400ns          253792 1c008752 68e7f7c3 fmadd.s          f15, f15, f14, f13  f15=xxxxxxxx f15:3ff7d7e5 f14:3f04a799 f13:c13c5fa8
14996420ns          253793 1c008756 1c0006b7 lui              x13, 0x1c000000     x13=1c000000
14996440ns          253794 1c00875a 1346a683 lw               x13, 308(x13)       x13=41fa6a03 x13:1c000000  PA:1c000134
14996738ns          253809 1c00875e f8250513 addi             x10, x10, -126      x10=00000007 x10:00000085
14996758ns          253810 1c008762 68e7f7c3 fmadd.s          f15, f15, f14, f13  f15=xxxxxxxx f15:c12c51f5 f14:3f04a799 f13:41fa6a03
14996778ns          253811 1c008766 1c0006b7 lui              x13, 0x1c000000     x13=1c000000
14996798ns          253812 1c00876a 1386a683 lw               x13, 312(x13)       x13=c23f0e08 x13:1c000000  PA:1c000138
14997097ns          253827 1c00876e d0057553 fcvt.s.w         f10, x10            f10=xxxxxxxx x10:00000007
14997116ns          253828 1c008772 68e7f7c3 fmadd.s          f15, f15, f14, f13  f15=xxxxxxxx f15:41cdc47a f14:3f04a799 f13:c23f0e08
14997136ns          253829 1c008776 1c0006b7 lui              x13, 0x1c000000     x13=1c000000
14997156ns          253830 1c00877a 13c6a683 lw               x13, 316(x13)       x13=42390412 x13:1c000000  PA:1c00013c
14997474ns          253846 1c00877e 68e7f7c3 fmadd.s          f15, f15, f14, f13  f15=xxxxxxxx f15:c209be05 f14:3f04a799 f13:42390412
14997494ns          253847 1c008782 1c0006b7 lui              x13, 0x1c000000     x13=1c000000
14997514ns          253848 1c008786 1406a683 lw               x13, 320(x13)       x13=c1efd21b x13:1c000000  PA:1c000140
14997832ns          253864 1c00878a 68e7f7c3 fmadd.s          f15, f15, f14, f13  f15=xxxxxxxx f15:41e347d4 f14:3f04a799 f13:c1efd21b
14997852ns          253865 1c00878e 1c0006b7 lui              x13, 0x1c000000     x13=1c000000
14997872ns          253866 1c008792 1446a683 lw               x13, 324(x13)       x13=41644a86 x13:1c000000  PA:1c000144
14998190ns          253882 1c008796 68e7f7c3 fmadd.s          f15, f15, f14, f13  f15=xxxxxxxx f15:c174188c f14:3f04a799 f13:41644a86
14998210ns          253883 1c00879a 1c0006b7 lui              x13, 0x1c000000     x13=1c000000
14998230ns          253884 1c00879e 1486a683 lw               x13, 328(x13)       x13=c087dba8 x13:1c000000  PA:1c000148
14998568ns          253901 1c0087a2 68e7f7c3 fmadd.s          f15, f15, f14, f13  f15=xxxxxxxx f15:40cb9c20 f14:3f04a799 f13:c087dba8
14998588ns          253902 1c0087a6 00a7f553 fadd.s           f10, f15, f10       f10=xxxxxxxx f15:bf72ced8 f10:40e00000
14998608ns          253903 1c0087aa 00008067 jalr             x0, x1, 0            x1:1c0081c2
14998668ns          253906 1c0081c2 11557553 fmul.s           f10, f10, f21       f10=xxxxxxxx f10:40c1a625 f21:3f317218
14998688ns          253907 1c0081c6 00a4222b p.sw             x10, 4(x8!)          x8=1000172c x10:40863a2e  x8:10001728  PA:10001728
14998708ns          253908 1c0081ca ff4419e3 bne              x8, x20, -14         x8:1000172c x20:100017d8
14998767ns          253911 1c0081bc 0049a50b p.lw             x10, 4(x19!)        x10=41c5b561 x19=1c010408 x19:1c010404  PA:1c010404
14999086ns          253927 1c0081c0 558000ef jal              x1, 1368             x1=1c0081c2
14999105ns          253928 1c008718 e00517d3 fclass.s         x15, f10            x15=00000040 f10:41c5b561
14999125ns          253929 1c00871c 0817f793 andi             x15, x15, 129       x15=00000000 x15:00000040
14999145ns          253930 1c008720 08079b63 bne              x15, x0, 150        x15:00000000
14999165ns          253931 1c008722 00000793 addi             x15, x0, 0          x15=00000000
14999185ns          253932 1c008726 a0f52753 feq.s            x14, f10, f15       x14=00000000 f10:41c5b561 f15:00000000
14999205ns          253933 1c00872a 08071163 bne              x14, x0, 130        x14:00000000
14999225ns          253934 1c00872c a0f507d3 fle.s            x15, f10, f15       x15=00000000 f10:41c5b561 f15:00000000
14999245ns          253935 1c008730 08079863 bne              x15, x0, 144        x15:00000000
14999265ns          253936 1c008732 a0a527d3 feq.s            x15, f10, f10       x15=00000001 f10:41c5b561 f10:41c5b561
14999284ns          253937 1c008736 08078563 beq              x15, x0, 138        x15:00000001
14999304ns          253938 1c008738 d17537b3 p.bclr           x15, x10, 8, 23     x15=0045b561 x10:41c5b561
14999324ns          253939 1c00873c cb87c733 p.bset           x14, x15, 5, 24     x14=3f45b561 x15:0045b561
14999344ns          253940 1c008740 1c0006b7 lui              x13, 0x1c000000     x13=1c000000
14999364ns          253941 1c008744 1c0007b7 lui              x15, 0x1c000000     x15=1c000000
14999384ns          253942 1c008748 1306a683 lw               x13, 304(x13)       x13=c13c5fa8 x13:1c000000  PA:1c000130
14999682ns          253957 1c00874c 12c7a783 lw               x15, 300(x15)       x15=3ff7d7e5 x15:1c000000  PA:1c00012c
14999981ns          253972 1c008750 41755513 srai             x10, x10, 0x417     x10=00000083 x10:41c5b561
15000001ns          253973 1c008752 68e7f7c3 fmadd.s          f15, f15, f14, f13  f15=xxxxxxxx f15:3ff7d7e5 f14:3f45b561 f13:c13c5fa8
15000020ns          253974 1c008756 1c0006b7 lui              x13, 0x1c000000     x13=1c000000
15000040ns          253975 1c00875a 1346a683 lw               x13, 308(x13)       x13=41fa6a03 x13:1c000000  PA:1c000134
15000359ns          253991 1c00875e f8250513 addi             x10, x10, -126      x10=00000005 x10:00000083
15000378ns          253992 1c008762 68e7f7c3 fmadd.s          f15, f15, f14, f13  f15=xxxxxxxx f15:c1247290 f14:3f45b561 f13:41fa6a03
15000398ns          253993 1c008766 1c0006b7 lui              x13, 0x1c000000     x13=1c000000
15000418ns          253994 1c00876a 1386a683 lw               x13, 312(x13)       x13=c23f0e08 x13:1c000000  PA:1c000138
15000717ns          254009 1c00876e d0057553 fcvt.s.w         f10, x10            f10=xxxxxxxx x10:00000005
15000737ns          254010 1c008772 68e7f7c3 fmadd.s          f15, f15, f14, f13  f15=xxxxxxxx f15:41bae9ad f14:3f45b561 f13:c23f0e08
15000756ns          254011 1c008776 1c0006b7 lui              x13, 0x1c000000     x13=1c000000
15000776ns          254012 1c00877a 13c6a683 lw               x13, 316(x13)       x13=42390412 x13:1c000000  PA:1c00013c
15001095ns          254028 1c00877e 68e7f7c3 fmadd.s          f15, f15, f14, f13  f15=xxxxxxxx f15:c1edc1d0 f14:3f45b561 f13:42390412
15001114ns          254029 1c008782 1c0006b7 lui              x13, 0x1c000000     x13=1c000000
15001134ns          254030 1c008786 1406a683 lw               x13, 320(x13)       x13=c1efd21b x13:1c000000  PA:1c000140
15001453ns          254046 1c00878a 68e7f7c3 fmadd.s          f15, f15, f14, f13  f15=xxxxxxxx f15:41ba698b f14:3f45b561 f13:c1efd21b
15001472ns          254047 1c00878e 1c0006b7 lui              x13, 0x1c000000     x13=1c000000
15001492ns          254048 1c008792 1446a683 lw               x13, 324(x13)       x13=41644a86 x13:1c000000  PA:1c000144
15001831ns          254065 1c008796 68e7f7c3 fmadd.s          f15, f15, f14, f13  f15=xxxxxxxx f15:c13fb5a0 f14:3f45b561 f13:41644a86
15001850ns          254066 1c00879a 1c0006b7 lui              x13, 0x1c000000     x13=1c000000
15001870ns          254067 1c00879e 1486a683 lw               x13, 328(x13)       x13=c087dba8 x13:1c000000  PA:1c000148
15002189ns          254083 1c0087a2 68e7f7c3 fmadd.s          f15, f15, f14, f13  f15=xxxxxxxx f15:40a077dc f14:3f45b561 f13:c087dba8
15002208ns          254084 1c0087a6 00a7f553 fadd.s           f10, f15, f10       f10=xxxxxxxx f15:bebedba3 f10:40a00000
15002228ns          254085 1c0087aa 00008067 jalr             x0, x1, 0            x1:1c0081c2
15002288ns          254088 1c0081c2 11557553 fmul.s           f10, f10, f21       f10=xxxxxxxx f10:40941246 f21:3f317218
15002308ns          254089 1c0081c6 00a4222b p.sw             x10, 4(x8!)          x8=10001730 x10:404d4541  x8:1000172c  PA:1000172c
15002328ns          254090 1c0081ca ff4419e3 bne              x8, x20, -14         x8:10001730 x20:100017d8
15002387ns          254093 1c0081bc 0049a50b p.lw             x10, 4(x19!)        x10=425a2ba0 x19=1c01040c x19:1c010408  PA:1c010408
15002686ns          254108 1c0081c0 558000ef jal              x1, 1368             x1=1c0081c2
15002706ns          254109 1c008718 e00517d3 fclass.s         x15, f10            x15=00000040 f10:425a2ba0
15002726ns          254110 1c00871c 0817f793 andi             x15, x15, 129       x15=00000000 x15:00000040
15002745ns          254111 1c008720 08079b63 bne              x15, x0, 150        x15:00000000
15002765ns          254112 1c008722 00000793 addi             x15, x0, 0          x15=00000000
15002785ns          254113 1c008726 a0f52753 feq.s            x14, f10, f15       x14=00000000 f10:425a2ba0 f15:00000000
15002805ns          254114 1c00872a 08071163 bne              x14, x0, 130        x14:00000000
15002825ns          254115 1c00872c a0f507d3 fle.s            x15, f10, f15       x15=00000000 f10:425a2ba0 f15:00000000
15002845ns          254116 1c008730 08079863 bne              x15, x0, 144        x15:00000000
15002865ns          254117 1c008732 a0a527d3 feq.s            x15, f10, f10       x15=00000001 f10:425a2ba0 f10:425a2ba0
15002885ns          254118 1c008736 08078563 beq              x15, x0, 138        x15:00000001
15002905ns          254119 1c008738 d17537b3 p.bclr           x15, x10, 8, 23     x15=005a2ba0 x10:425a2ba0
15002924ns          254120 1c00873c cb87c733 p.bset           x14, x15, 5, 24     x14=3f5a2ba0 x15:005a2ba0
15002944ns          254121 1c008740 1c0006b7 lui              x13, 0x1c000000     x13=1c000000
15002964ns          254122 1c008744 1c0007b7 lui              x15, 0x1c000000     x15=1c000000
15002984ns          254123 1c008748 1306a683 lw               x13, 304(x13)       x13=c13c5fa8 x13:1c000000  PA:1c000130
15003283ns          254138 1c00874c 12c7a783 lw               x15, 300(x15)       x15=3ff7d7e5 x15:1c000000  PA:1c00012c
15003581ns          254153 1c008750 41755513 srai             x10, x10, 0x417     x10=00000084 x10:425a2ba0
15003601ns          254154 1c008752 68e7f7c3 fmadd.s          f15, f15, f14, f13  f15=xxxxxxxx f15:3ff7d7e5 f14:3f5a2ba0 f13:c13c5fa8
15003621ns          254155 1c008756 1c0006b7 lui              x13, 0x1c000000     x13=1c000000
15003641ns          254156 1c00875a 1346a683 lw               x13, 308(x13)       x13=41fa6a03 x13:1c000000  PA:1c000134
15003939ns          254171 1c00875e f8250513 addi             x10, x10, -126      x10=00000006 x10:00000084
15003959ns          254172 1c008762 68e7f7c3 fmadd.s          f15, f15, f14, f13  f15=xxxxxxxx f15:c121f8a5 f14:3f5a2ba0 f13:41fa6a03
15003979ns          254173 1c008766 1c0006b7 lui              x13, 0x1c000000     x13=1c000000
15003999ns          254174 1c00876a 1386a683 lw               x13, 312(x13)       x13=c23f0e08 x13:1c000000  PA:1c000138
15004317ns          254190 1c00876e d0057553 fcvt.s.w         f10, x10            f10=xxxxxxxx x10:00000006
15004337ns          254191 1c008772 68e7f7c3 fmadd.s          f15, f15, f14, f13  f15=xxxxxxxx f15:41b56558 f14:3f5a2ba0 f13:c23f0e08
15004357ns          254192 1c008776 1c0006b7 lui              x13, 0x1c000000     x13=1c000000
15004377ns          254193 1c00877a 13c6a683 lw               x13, 316(x13)       x13=42390412 x13:1c000000  PA:1c00013c
15004695ns          254209 1c00877e 68e7f7c3 fmadd.s          f15, f15, f14, f13  f15=xxxxxxxx f15:c1e384da f14:3f5a2ba0 f13:42390412
15004715ns          254210 1c008782 1c0006b7 lui              x13, 0x1c000000     x13=1c000000
15004735ns          254211 1c008786 1406a683 lw               x13, 320(x13)       x13=c1efd21b x13:1c000000  PA:1c000140
15005053ns          254227 1c00878a 68e7f7c3 fmadd.s          f15, f15, f14, f13  f15=xxxxxxxx f15:41b0223d f14:3f5a2ba0 f13:c1efd21b
15005073ns          254228 1c00878e 1c0006b7 lui              x13, 0x1c000000     x13=1c000000
15005093ns          254229 1c008792 1446a683 lw               x13, 324(x13)       x13=41644a86 x13:1c000000  PA:1c000144
15005411ns          254245 1c008796 68e7f7c3 fmadd.s          f15, f15, f14, f13  f15=xxxxxxxx f15:c1336dde f14:3f5a2ba0 f13:41644a86
15005431ns          254246 1c00879a 1c0006b7 lui              x13, 0x1c000000     x13=1c000000
15005451ns          254247 1c00879e 1486a683 lw               x13, 328(x13)       x13=c087dba8 x13:1c000000  PA:1c000148
15005789ns          254264 1c0087a2 68e7f7c3 fmadd.s          f15, f15, f14, f13  f15=xxxxxxxx f15:4096c0c7 f14:3f5a2ba0 f13:c087dba8
15005809ns          254265 1c0087a6 00a7f553 fadd.s           f10, f15, f10       f10=xxxxxxxx f15:be6c39be f10:40c00000
15005829ns          254266 1c0087aa 00008067 jalr             x0, x1, 0            x1:1c0081c2
15005888ns          254269 1c0081c2 11557553 fmul.s           f10, f10, f21       f10=xxxxxxxx f10:40b89e32 f21:3f317218
15005908ns          254270 1c0081c6 00a4222b p.sw             x10, 4(x8!)          x8=10001734 x10:407fef51  x8:10001730  PA:10001730
15005928ns          254271 1c0081ca ff4419e3 bne              x8, x20, -14         x8:10001734 x20:100017d8
15005988ns          254274 1c0081bc 0049a50b p.lw             x10, 4(x19!)        x10=41981881 x19=1c010410 x19:1c01040c  PA:1c01040c
15006286ns          254289 1c0081c0 558000ef jal              x1, 1368             x1=1c0081c2
15006306ns          254290 1c008718 e00517d3 fclass.s         x15, f10            x15=00000040 f10:41981881
15006326ns          254291 1c00871c 0817f793 andi             x15, x15, 129       x15=00000000 x15:00000040
15006346ns          254292 1c008720 08079b63 bne              x15, x0, 150        x15:00000000
15006366ns          254293 1c008722 00000793 addi             x15, x0, 0          x15=00000000
15006385ns          254294 1c008726 a0f52753 feq.s            x14, f10, f15       x14=00000000 f10:41981881 f15:00000000
15006405ns          254295 1c00872a 08071163 bne              x14, x0, 130        x14:00000000
15006425ns          254296 1c00872c a0f507d3 fle.s            x15, f10, f15       x15=00000000 f10:41981881 f15:00000000
15006445ns          254297 1c008730 08079863 bne              x15, x0, 144        x15:00000000
15006465ns          254298 1c008732 a0a527d3 feq.s            x15, f10, f10       x15=00000001 f10:41981881 f10:41981881
15006485ns          254299 1c008736 08078563 beq              x15, x0, 138        x15:00000001
15006505ns          254300 1c008738 d17537b3 p.bclr           x15, x10, 8, 23     x15=00181881 x10:41981881
15006525ns          254301 1c00873c cb87c733 p.bset           x14, x15, 5, 24     x14=3f181881 x15:00181881
15006545ns          254302 1c008740 1c0006b7 lui              x13, 0x1c000000     x13=1c000000
15006565ns          254303 1c008744 1c0007b7 lui              x15, 0x1c000000     x15=1c000000
15006584ns          254304 1c008748 1306a683 lw               x13, 304(x13)       x13=c13c5fa8 x13:1c000000  PA:1c000130
15006883ns          254319 1c00874c 12c7a783 lw               x15, 300(x15)       x15=3ff7d7e5 x15:1c000000  PA:1c00012c
15007181ns          254334 1c008750 41755513 srai             x10, x10, 0x417     x10=00000083 x10:41981881
15007201ns          254335 1c008752 68e7f7c3 fmadd.s          f15, f15, f14, f13  f15=xxxxxxxx f15:3ff7d7e5 f14:3f181881 f13:c13c5fa8
15007221ns          254336 1c008756 1c0006b7 lui              x13, 0x1c000000     x13=1c000000
15007241ns          254337 1c00875a 1346a683 lw               x13, 308(x13)       x13=41fa6a03 x13:1c000000  PA:1c000134
15007539ns          254352 1c00875e f8250513 addi             x10, x10, -126      x10=00000005 x10:00000083
15007559ns          254353 1c008762 68e7f7c3 fmadd.s          f15, f15, f14, f13  f15=xxxxxxxx f15:c129f7ab f14:3f181881 f13:41fa6a03
15007579ns          254354 1c008766 1c0006b7 lui              x13, 0x1c000000     x13=1c000000
15007599ns          254355 1c00876a 1386a683 lw               x13, 312(x13)       x13=c23f0e08 x13:1c000000  PA:1c000138
15007917ns          254371 1c00876e d0057553 fcvt.s.w         f10, x10            f10=xxxxxxxx x10:00000005
15007937ns          254372 1c008772 68e7f7c3 fmadd.s          f15, f15, f14, f13  f15=xxxxxxxx f15:41c7ec5a f14:3f181881 f13:c23f0e08
15007957ns          254373 1c008776 1c0006b7 lui              x13, 0x1c000000     x13=1c000000
15007977ns          254374 1c00877a 13c6a683 lw               x13, 316(x13)       x13=42390412 x13:1c000000  PA:1c00013c
15008315ns          254391 1c00877e 68e7f7c3 fmadd.s          f15, f15, f14, f13  f15=xxxxxxxx f15:c203aa4c f14:3f181881 f13:42390412
15008335ns          254392 1c008782 1c0006b7 lui              x13, 0x1c000000     x13=1c000000
15008355ns          254393 1c008786 1406a683 lw               x13, 320(x13)       x13=c1efd21b x13:1c000000  PA:1c000140
15008673ns          254409 1c00878a 68e7f7c3 fmadd.s          f15, f15, f14, f13  f15=xxxxxxxx f15:41d594b5 f14:3f181881 f13:c1efd21b
15008693ns          254410 1c00878e 1c0006b7 lui              x13, 0x1c000000     x13=1c000000
15008713ns          254411 1c008792 1446a683 lw               x13, 324(x13)       x13=41644a86 x13:1c000000  PA:1c000144
15009031ns          254427 1c008796 68e7f7c3 fmadd.s          f15, f15, f14, f13  f15=xxxxxxxx f15:c161dabc f14:3f181881 f13:41644a86
15009051ns          254428 1c00879a 1c0006b7 lui              x13, 0x1c000000     x13=1c000000
15009071ns          254429 1c00879e 1486a683 lw               x13, 328(x13)       x13=c087dba8 x13:1c000000  PA:1c000148
15009389ns          254445 1c0087a2 68e7f7c3 fmadd.s          f15, f15, f14, f13  f15=xxxxxxxx f15:40bc3610 f14:3f181881 f13:c087dba8
15009409ns          254446 1c0087a6 00a7f553 fadd.s           f10, f15, f10       f10=xxxxxxxx f15:bf404c55 f10:40a00000
15009429ns          254447 1c0087aa 00008067 jalr             x0, x1, 0            x1:1c0081c2
15009488ns          254450 1c0081c2 11557553 fmul.s           f10, f10, f21       f10=xxxxxxxx f10:4087f675 f21:3f317218
15009508ns          254451 1c0081c6 00a4222b p.sw             x10, 4(x8!)          x8=10001738 x10:403c7bff  x8:10001734  PA:10001734
15009528ns          254452 1c0081ca ff4419e3 bne              x8, x20, -14         x8:10001738 x20:100017d8
15009588ns          254455 1c0081bc 0049a50b p.lw             x10, 4(x19!)        x10=4203986b x19=1c010414 x19:1c010410  PA:1c010410
15009886ns          254470 1c0081c0 558000ef jal              x1, 1368             x1=1c0081c2
15009906ns          254471 1c008718 e00517d3 fclass.s         x15, f10            x15=00000040 f10:4203986b
15009926ns          254472 1c00871c 0817f793 andi             x15, x15, 129       x15=00000000 x15:00000040
15009946ns          254473 1c008720 08079b63 bne              x15, x0, 150        x15:00000000
15009966ns          254474 1c008722 00000793 addi             x15, x0, 0          x15=00000000
15009986ns          254475 1c008726 a0f52753 feq.s            x14, f10, f15       x14=00000000 f10:4203986b f15:00000000
15010006ns          254476 1c00872a 08071163 bne              x14, x0, 130        x14:00000000
15010025ns          254477 1c00872c a0f507d3 fle.s            x15, f10, f15       x15=00000000 f10:4203986b f15:00000000
15010045ns          254478 1c008730 08079863 bne              x15, x0, 144        x15:00000000
15010065ns          254479 1c008732 a0a527d3 feq.s            x15, f10, f10       x15=00000001 f10:4203986b f10:4203986b
15010085ns          254480 1c008736 08078563 beq              x15, x0, 138        x15:00000001
15010105ns          254481 1c008738 d17537b3 p.bclr           x15, x10, 8, 23     x15=0003986b x10:4203986b
15010125ns          254482 1c00873c cb87c733 p.bset           x14, x15, 5, 24     x14=3f03986b x15:0003986b
15010145ns          254483 1c008740 1c0006b7 lui              x13, 0x1c000000     x13=1c000000
15010165ns          254484 1c008744 1c0007b7 lui              x15, 0x1c000000     x15=1c000000
15010185ns          254485 1c008748 1306a683 lw               x13, 304(x13)       x13=c13c5fa8 x13:1c000000  PA:1c000130
15010483ns          254500 1c00874c 12c7a783 lw               x15, 300(x15)       x15=3ff7d7e5 x15:1c000000  PA:1c00012c
15010781ns          254515 1c008750 41755513 srai             x10, x10, 0x417     x10=00000084 x10:4203986b
15010801ns          254516 1c008752 68e7f7c3 fmadd.s          f15, f15, f14, f13  f15=xxxxxxxx f15:3ff7d7e5 f14:3f03986b f13:c13c5fa8
15010821ns          254517 1c008756 1c0006b7 lui              x13, 0x1c000000     x13=1c000000
15010841ns          254518 1c00875a 1346a683 lw               x13, 308(x13)       x13=41fa6a03 x13:1c000000  PA:1c000134
15011179ns          254535 1c00875e f8250513 addi             x10, x10, -126      x10=00000006 x10:00000084
15011199ns          254536 1c008762 68e7f7c3 fmadd.s          f15, f15, f14, f13  f15=xxxxxxxx f15:c12c72c7 f14:3f03986b f13:41fa6a03
15011219ns          254537 1c008766 1c0006b7 lui              x13, 0x1c000000     x13=1c000000
15011239ns          254538 1c00876a 1386a683 lw               x13, 312(x13)       x13=c23f0e08 x13:1c000000  PA:1c000138
15011537ns          254553 1c00876e d0057553 fcvt.s.w         f10, x10            f10=xxxxxxxx x10:00000006
15011557ns          254554 1c008772 68e7f7c3 fmadd.s          f15, f15, f14, f13  f15=xxxxxxxx f15:41ce174f f14:3f03986b f13:c23f0e08
15011577ns          254555 1c008776 1c0006b7 lui              x13, 0x1c000000     x13=1c000000
15011597ns          254556 1c00877a 13c6a683 lw               x13, 316(x13)       x13=42390412 x13:1c000000  PA:1c00013c
15011915ns          254572 1c00877e 68e7f7c3 fmadd.s          f15, f15, f14, f13  f15=xxxxxxxx f15:c20a15b7 f14:3f03986b f13:42390412
15011935ns          254573 1c008782 1c0006b7 lui              x13, 0x1c000000     x13=1c000000
15011955ns          254574 1c008786 1406a683 lw               x13, 320(x13)       x13=c1efd21b x13:1c000000  PA:1c000140
15012313ns          254592 1c00878a 68e7f7c3 fmadd.s          f15, f15, f14, f13  f15=xxxxxxxx f15:41e4117d f14:3f03986b f13:c1efd21b
15012333ns          254593 1c00878e 1c0006b7 lui              x13, 0x1c000000     x13=1c000000
15012353ns          254594 1c008792 1446a683 lw               x13, 324(x13)       x13=41644a86 x13:1c000000  PA:1c000144
15012671ns          254610 1c008796 68e7f7c3 fmadd.s          f15, f15, f14, f13  f15=xxxxxxxx f15:c1752abd f14:3f03986b f13:41644a86
15012691ns          254611 1c00879a 1c0006b7 lui              x13, 0x1c000000     x13=1c000000
15012711ns          254612 1c00879e 1486a683 lw               x13, 328(x13)       x13=c087dba8 x13:1c000000  PA:1c000148
15013029ns          254628 1c0087a2 68e7f7c3 fmadd.s          f15, f15, f14, f13  f15=xxxxxxxx f15:40cc875f f14:3f03986b f13:c087dba8
15013049ns          254629 1c0087a6 00a7f553 fadd.s           f10, f15, f10       f10=xxxxxxxx f15:bf75c4e4 f10:40c00000
15013069ns          254630 1c0087aa 00008067 jalr             x0, x1, 0            x1:1c0081c2
15013128ns          254633 1c0081c2 11557553 fmul.s           f10, f10, f21       f10=xxxxxxxx f10:40a14764 f21:3f317218
15013148ns          254634 1c0081c6 00a4222b p.sw             x10, 4(x8!)          x8=1000173c x10:405f947a  x8:10001738  PA:10001738
15013168ns          254635 1c0081ca ff4419e3 bne              x8, x20, -14         x8:1000173c x20:100017d8
15013228ns          254638 1c0081bc 0049a50b p.lw             x10, 4(x19!)        x10=41e515a8 x19=1c010418 x19:1c010414  PA:1c010414
15013526ns          254653 1c0081c0 558000ef jal              x1, 1368             x1=1c0081c2
15013546ns          254654 1c008718 e00517d3 fclass.s         x15, f10            x15=00000040 f10:41e515a8
15013566ns          254655 1c00871c 0817f793 andi             x15, x15, 129       x15=00000000 x15:00000040
15013586ns          254656 1c008720 08079b63 bne              x15, x0, 150        x15:00000000
15013606ns          254657 1c008722 00000793 addi             x15, x0, 0          x15=00000000
15013626ns          254658 1c008726 a0f52753 feq.s            x14, f10, f15       x14=00000000 f10:41e515a8 f15:00000000
15013646ns          254659 1c00872a 08071163 bne              x14, x0, 130        x14:00000000
15013666ns          254660 1c00872c a0f507d3 fle.s            x15, f10, f15       x15=00000000 f10:41e515a8 f15:00000000
15013685ns          254661 1c008730 08079863 bne              x15, x0, 144        x15:00000000
15013705ns          254662 1c008732 a0a527d3 feq.s            x15, f10, f10       x15=00000001 f10:41e515a8 f10:41e515a8
15013725ns          254663 1c008736 08078563 beq              x15, x0, 138        x15:00000001
15013745ns          254664 1c008738 d17537b3 p.bclr           x15, x10, 8, 23     x15=006515a8 x10:41e515a8
15013765ns          254665 1c00873c cb87c733 p.bset           x14, x15, 5, 24     x14=3f6515a8 x15:006515a8
15013785ns          254666 1c008740 1c0006b7 lui              x13, 0x1c000000     x13=1c000000
15013805ns          254667 1c008744 1c0007b7 lui              x15, 0x1c000000     x15=1c000000
15013825ns          254668 1c008748 1306a683 lw               x13, 304(x13)       x13=c13c5fa8 x13:1c000000  PA:1c000130
15014123ns          254683 1c00874c 12c7a783 lw               x15, 300(x15)       x15=3ff7d7e5 x15:1c000000  PA:1c00012c
15014421ns          254698 1c008750 41755513 srai             x10, x10, 0x417     x10=00000083 x10:41e515a8
15014441ns          254699 1c008752 68e7f7c3 fmadd.s          f15, f15, f14, f13  f15=xxxxxxxx f15:3ff7d7e5 f14:3f6515a8 f13:c13c5fa8
15014461ns          254700 1c008756 1c0006b7 lui              x13, 0x1c000000     x13=1c000000
15014481ns          254701 1c00875a 1346a683 lw               x13, 308(x13)       x13=41fa6a03 x13:1c000000  PA:1c000134
15014779ns          254716 1c00875e f8250513 addi             x10, x10, -126      x10=00000005 x10:00000083
15014799ns          254717 1c008762 68e7f7c3 fmadd.s          f15, f15, f14, f13  f15=xxxxxxxx f15:c120a685 f14:3f6515a8 f13:41fa6a03
15014819ns          254718 1c008766 1c0006b7 lui              x13, 0x1c000000     x13=1c000000
15014839ns          254719 1c00876a 1386a683 lw               x13, 312(x13)       x13=c23f0e08 x13:1c000000  PA:1c000138
15015137ns          254734 1c00876e d0057553 fcvt.s.w         f10, x10            f10=xxxxxxxx x10:00000005
15015157ns          254735 1c008772 68e7f7c3 fmadd.s          f15, f15, f14, f13  f15=xxxxxxxx f15:41b288bd f14:3f6515a8 f13:c23f0e08
15015177ns          254736 1c008776 1c0006b7 lui              x13, 0x1c000000     x13=1c000000
15015197ns          254737 1c00877a 13c6a683 lw               x13, 316(x13)       x13=42390412 x13:1c000000  PA:1c00013c
15015515ns          254753 1c00877e 68e7f7c3 fmadd.s          f15, f15, f14, f13  f15=xxxxxxxx f15:c1de58a5 f14:3f6515a8 f13:42390412
15015535ns          254754 1c008782 1c0006b7 lui              x13, 0x1c000000     x13=1c000000
15015555ns          254755 1c008786 1406a683 lw               x13, 320(x13)       x13=c1efd21b x13:1c000000  PA:1c000140
15015893ns          254772 1c00878a 68e7f7c3 fmadd.s          f15, f15, f14, f13  f15=xxxxxxxx f15:41ab1009 f14:3f6515a8 f13:c1efd21b
15015913ns          254773 1c00878e 1c0006b7 lui              x13, 0x1c000000     x13=1c000000
15015933ns          254774 1c008792 1446a683 lw               x13, 324(x13)       x13=41644a86 x13:1c000000  PA:1c000144
15016251ns          254790 1c008796 68e7f7c3 fmadd.s          f15, f15, f14, f13  f15=xxxxxxxx f15:c12d7c95 f14:3f6515a8 f13:41644a86
15016271ns          254791 1c00879a 1c0006b7 lui              x13, 0x1c000000     x13=1c000000
15016291ns          254792 1c00879e 1486a683 lw               x13, 328(x13)       x13=c087dba8 x13:1c000000  PA:1c000148
15016609ns          254808 1c0087a2 68e7f7c3 fmadd.s          f15, f15, f14, f13  f15=xxxxxxxx f15:409216cf f14:3f6515a8 f13:c087dba8
15016629ns          254809 1c0087a6 00a7f553 fadd.s           f10, f15, f10       f10=xxxxxxxx f15:be241ca3 f10:40a00000
15016649ns          254810 1c0087aa 00008067 jalr             x0, x1, 0            x1:1c0081c2
15016709ns          254813 1c0081c2 11557553 fmul.s           f10, f10, f21       f10=xxxxxxxx f10:409adf1b f21:3f317218
15016729ns          254814 1c0081c6 00a4222b p.sw             x10, 4(x8!)          x8=10001740 x10:4056b28f  x8:1000173c  PA:1000173c
15016749ns          254815 1c0081ca ff4419e3 bne              x8, x20, -14         x8:10001740 x20:100017d8
15016808ns          254818 1c0081bc 0049a50b p.lw             x10, 4(x19!)        x10=4268e583 x19=1c01041c x19:1c010418  PA:1c010418
15017107ns          254833 1c0081c0 558000ef jal              x1, 1368             x1=1c0081c2
15017126ns          254834 1c008718 e00517d3 fclass.s         x15, f10            x15=00000040 f10:4268e583
15017146ns          254835 1c00871c 0817f793 andi             x15, x15, 129       x15=00000000 x15:00000040
15017166ns          254836 1c008720 08079b63 bne              x15, x0, 150        x15:00000000
15017186ns          254837 1c008722 00000793 addi             x15, x0, 0          x15=00000000
15017206ns          254838 1c008726 a0f52753 feq.s            x14, f10, f15       x14=00000000 f10:4268e583 f15:00000000
15017226ns          254839 1c00872a 08071163 bne              x14, x0, 130        x14:00000000
15017246ns          254840 1c00872c a0f507d3 fle.s            x15, f10, f15       x15=00000000 f10:4268e583 f15:00000000
15017266ns          254841 1c008730 08079863 bne              x15, x0, 144        x15:00000000
15017286ns          254842 1c008732 a0a527d3 feq.s            x15, f10, f10       x15=00000001 f10:4268e583 f10:4268e583
15017306ns          254843 1c008736 08078563 beq              x15, x0, 138        x15:00000001
15017325ns          254844 1c008738 d17537b3 p.bclr           x15, x10, 8, 23     x15=0068e583 x10:4268e583
15017345ns          254845 1c00873c cb87c733 p.bset           x14, x15, 5, 24     x14=3f68e583 x15:0068e583
15017365ns          254846 1c008740 1c0006b7 lui              x13, 0x1c000000     x13=1c000000
15017385ns          254847 1c008744 1c0007b7 lui              x15, 0x1c000000     x15=1c000000
15017405ns          254848 1c008748 1306a683 lw               x13, 304(x13)       x13=c13c5fa8 x13:1c000000  PA:1c000130
15017723ns          254864 1c00874c 12c7a783 lw               x15, 300(x15)       x15=3ff7d7e5 x15:1c000000  PA:1c00012c
15018022ns          254879 1c008750 41755513 srai             x10, x10, 0x417     x10=00000084 x10:4268e583
15018041ns          254880 1c008752 68e7f7c3 fmadd.s          f15, f15, f14, f13  f15=xxxxxxxx f15:3ff7d7e5 f14:3f68e583 f13:c13c5fa8
15018061ns          254881 1c008756 1c0006b7 lui              x13, 0x1c000000     x13=1c000000
15018081ns          254882 1c00875a 1346a683 lw               x13, 308(x13)       x13=41fa6a03 x13:1c000000  PA:1c000134
15018380ns          254897 1c00875e f8250513 addi             x10, x10, -126      x10=00000006 x10:00000084
15018399ns          254898 1c008762 68e7f7c3 fmadd.s          f15, f15, f14, f13  f15=xxxxxxxx f15:c120306d f14:3f68e583 f13:41fa6a03
15018419ns          254899 1c008766 1c0006b7 lui              x13, 0x1c000000     x13=1c000000
15018439ns          254900 1c00876a 1386a683 lw               x13, 312(x13)       x13=c23f0e08 x13:1c000000  PA:1c000138
15018738ns          254915 1c00876e d0057553 fcvt.s.w         f10, x10            f10=xxxxxxxx x10:00000006
15018758ns          254916 1c008772 68e7f7c3 fmadd.s          f15, f15, f14, f13  f15=xxxxxxxx f15:41b18c43 f14:3f68e583 f13:c23f0e08
15018777ns          254917 1c008776 1c0006b7 lui              x13, 0x1c000000     x13=1c000000
15018797ns          254918 1c00877a 13c6a683 lw               x13, 316(x13)       x13=42390412 x13:1c000000  PA:1c00013c
15019135ns          254935 1c00877e 68e7f7c3 fmadd.s          f15, f15, f14, f13  f15=xxxxxxxx f15:c1dc95c6 f14:3f68e583 f13:42390412
15019155ns          254936 1c008782 1c0006b7 lui              x13, 0x1c000000     x13=1c000000
15019175ns          254937 1c008786 1406a683 lw               x13, 320(x13)       x13=c1efd21b x13:1c000000  PA:1c000140
15019493ns          254953 1c00878a 68e7f7c3 fmadd.s          f15, f15, f14, f13  f15=xxxxxxxx f15:41a95aa6 f14:3f68e583 f13:c1efd21b
15019513ns          254954 1c00878e 1c0006b7 lui              x13, 0x1c000000     x13=1c000000
15019533ns          254955 1c008792 1446a683 lw               x13, 324(x13)       x13=41644a86 x13:1c000000  PA:1c000144
15019852ns          254971 1c008796 68e7f7c3 fmadd.s          f15, f15, f14, f13  f15=xxxxxxxx f15:c12b8040 f14:3f68e583 f13:41644a86
15019871ns          254972 1c00879a 1c0006b7 lui              x13, 0x1c000000     x13=1c000000
15019891ns          254973 1c00879e 1486a683 lw               x13, 328(x13)       x13=c087dba8 x13:1c000000  PA:1c000148
15020210ns          254989 1c0087a2 68e7f7c3 fmadd.s          f15, f15, f14, f13  f15=xxxxxxxx f15:40908915 f14:3f68e583 f13:c087dba8
15020229ns          254990 1c0087a6 00a7f553 fadd.s           f10, f15, f10       f10=xxxxxxxx f15:be0bbb0c f10:40c00000
15020249ns          254991 1c0087aa 00008067 jalr             x0, x1, 0            x1:1c0081c2
15020309ns          254994 1c0081c2 11557553 fmul.s           f10, f10, f21       f10=xxxxxxxx f10:40bba228 f21:3f317218
15020329ns          254995 1c0081c6 00a4222b p.sw             x10, 4(x8!)          x8=10001744 x10:40820ebd  x8:10001740  PA:10001740
15020349ns          254996 1c0081ca ff4419e3 bne              x8, x20, -14         x8:10001744 x20:100017d8
15020408ns          254999 1c0081bc 0049a50b p.lw             x10, 4(x19!)        x10=42b7b9d0 x19=1c010420 x19:1c01041c  PA:1c01041c
15020707ns          255014 1c0081c0 558000ef jal              x1, 1368             x1=1c0081c2
15020727ns          255015 1c008718 e00517d3 fclass.s         x15, f10            x15=00000040 f10:42b7b9d0
15020747ns          255016 1c00871c 0817f793 andi             x15, x15, 129       x15=00000000 x15:00000040
15020766ns          255017 1c008720 08079b63 bne              x15, x0, 150        x15:00000000
15020786ns          255018 1c008722 00000793 addi             x15, x0, 0          x15=00000000
15020806ns          255019 1c008726 a0f52753 feq.s            x14, f10, f15       x14=00000000 f10:42b7b9d0 f15:00000000
15020826ns          255020 1c00872a 08071163 bne              x14, x0, 130        x14:00000000
15020846ns          255021 1c00872c a0f507d3 fle.s            x15, f10, f15       x15=00000000 f10:42b7b9d0 f15:00000000
15020866ns          255022 1c008730 08079863 bne              x15, x0, 144        x15:00000000
15020886ns          255023 1c008732 a0a527d3 feq.s            x15, f10, f10       x15=00000001 f10:42b7b9d0 f10:42b7b9d0
15020906ns          255024 1c008736 08078563 beq              x15, x0, 138        x15:00000001
15020926ns          255025 1c008738 d17537b3 p.bclr           x15, x10, 8, 23     x15=0037b9d0 x10:42b7b9d0
15020946ns          255026 1c00873c cb87c733 p.bset           x14, x15, 5, 24     x14=3f37b9d0 x15:0037b9d0
15020965ns          255027 1c008740 1c0006b7 lui              x13, 0x1c000000     x13=1c000000
15020985ns          255028 1c008744 1c0007b7 lui              x15, 0x1c000000     x15=1c000000
15021005ns          255029 1c008748 1306a683 lw               x13, 304(x13)       x13=c13c5fa8 x13:1c000000  PA:1c000130
15021304ns          255044 1c00874c 12c7a783 lw               x15, 300(x15)       x15=3ff7d7e5 x15:1c000000  PA:1c00012c
15021622ns          255060 1c008750 41755513 srai             x10, x10, 0x417     x10=00000085 x10:42b7b9d0
15021642ns          255061 1c008752 68e7f7c3 fmadd.s          f15, f15, f14, f13  f15=xxxxxxxx f15:3ff7d7e5 f14:3f37b9d0 f13:c13c5fa8
15021662ns          255062 1c008756 1c0006b7 lui              x13, 0x1c000000     x13=1c000000
15021681ns          255063 1c00875a 1346a683 lw               x13, 308(x13)       x13=41fa6a03 x13:1c000000  PA:1c000134
15021980ns          255078 1c00875e f8250513 addi             x10, x10, -126      x10=00000007 x10:00000085
15022000ns          255079 1c008762 68e7f7c3 fmadd.s          f15, f15, f14, f13  f15=xxxxxxxx f15:c12623c1 f14:3f37b9d0 f13:41fa6a03
15022020ns          255080 1c008766 1c0006b7 lui              x13, 0x1c000000     x13=1c000000
15022040ns          255081 1c00876a 1386a683 lw               x13, 312(x13)       x13=c23f0e08 x13:1c000000  PA:1c000138
15022338ns          255096 1c00876e d0057553 fcvt.s.w         f10, x10            f10=xxxxxxxx x10:00000007
15022358ns          255097 1c008772 68e7f7c3 fmadd.s          f15, f15, f14, f13  f15=xxxxxxxx f15:41becbf0 f14:3f37b9d0 f13:c23f0e08
15022378ns          255098 1c008776 1c0006b7 lui              x13, 0x1c000000     x13=1c000000
15022398ns          255099 1c00877a 13c6a683 lw               x13, 316(x13)       x13=42390412 x13:1c000000  PA:1c00013c
15022716ns          255115 1c00877e 68e7f7c3 fmadd.s          f15, f15, f14, f13  f15=xxxxxxxx f15:c1f52dcb f14:3f37b9d0 f13:42390412
15022736ns          255116 1c008782 1c0006b7 lui              x13, 0x1c000000     x13=1c000000
15022756ns          255117 1c008786 1406a683 lw               x13, 320(x13)       x13=c1efd21b x13:1c000000  PA:1c000140
15023094ns          255134 1c00878a 68e7f7c3 fmadd.s          f15, f15, f14, f13  f15=xxxxxxxx f15:41c21273 f14:3f37b9d0 f13:c1efd21b
15023114ns          255135 1c00878e 1c0006b7 lui              x13, 0x1c000000     x13=1c000000
15023133ns          255136 1c008792 1446a683 lw               x13, 324(x13)       x13=41644a86 x13:1c000000  PA:1c000144
15023452ns          255152 1c008796 68e7f7c3 fmadd.s          f15, f15, f14, f13  f15=xxxxxxxx f15:c149141c f14:3f37b9d0 f13:41644a86
15023472ns          255153 1c00879a 1c0006b7 lui              x13, 0x1c000000     x13=1c000000
15023492ns          255154 1c00879e 1486a683 lw               x13, 328(x13)       x13=c087dba8 x13:1c000000  PA:1c000148
15023810ns          255170 1c0087a2 68e7f7c3 fmadd.s          f15, f15, f14, f13  f15=xxxxxxxx f15:40a7f666 f14:3f37b9d0 f13:c087dba8
15023830ns          255171 1c0087a6 00a7f553 fadd.s           f10, f15, f10       f10=xxxxxxxx f15:bef509b9 f10:40e00000
15023850ns          255172 1c0087aa 00008067 jalr             x0, x1, 0            x1:1c0081c2
15023909ns          255175 1c0081c2 11557553 fmul.s           f10, f10, f21       f10=xxxxxxxx f10:40d0af64 f21:3f317218
15023929ns          255176 1c0081c6 00a4222b p.sw             x10, 4(x8!)          x8=10001748 x10:4090a646  x8:10001744  PA:10001744
15023949ns          255177 1c0081ca ff4419e3 bne              x8, x20, -14         x8:10001748 x20:100017d8
15024009ns          255180 1c0081bc 0049a50b p.lw             x10, 4(x19!)        x10=41583588 x19=1c010424 x19:1c010420  PA:1c010420
15024327ns          255196 1c0081c0 558000ef jal              x1, 1368             x1=1c0081c2
15024347ns          255197 1c008718 e00517d3 fclass.s         x15, f10            x15=00000040 f10:41583588
15024367ns          255198 1c00871c 0817f793 andi             x15, x15, 129       x15=00000000 x15:00000040
15024387ns          255199 1c008720 08079b63 bne              x15, x0, 150        x15:00000000
15024407ns          255200 1c008722 00000793 addi             x15, x0, 0          x15=00000000
15024426ns          255201 1c008726 a0f52753 feq.s            x14, f10, f15       x14=00000000 f10:41583588 f15:00000000
15024446ns          255202 1c00872a 08071163 bne              x14, x0, 130        x14:00000000
15024466ns          255203 1c00872c a0f507d3 fle.s            x15, f10, f15       x15=00000000 f10:41583588 f15:00000000
15024486ns          255204 1c008730 08079863 bne              x15, x0, 144        x15:00000000
15024506ns          255205 1c008732 a0a527d3 feq.s            x15, f10, f10       x15=00000001 f10:41583588 f10:41583588
15024526ns          255206 1c008736 08078563 beq              x15, x0, 138        x15:00000001
15024546ns          255207 1c008738 d17537b3 p.bclr           x15, x10, 8, 23     x15=00583588 x10:41583588
15024566ns          255208 1c00873c cb87c733 p.bset           x14, x15, 5, 24     x14=3f583588 x15:00583588
15024586ns          255209 1c008740 1c0006b7 lui              x13, 0x1c000000     x13=1c000000
15024605ns          255210 1c008744 1c0007b7 lui              x15, 0x1c000000     x15=1c000000
15024625ns          255211 1c008748 1306a683 lw               x13, 304(x13)       x13=c13c5fa8 x13:1c000000  PA:1c000130
15024924ns          255226 1c00874c 12c7a783 lw               x15, 300(x15)       x15=3ff7d7e5 x15:1c000000  PA:1c00012c
15025222ns          255241 1c008750 41755513 srai             x10, x10, 0x417     x10=00000082 x10:41583588
15025242ns          255242 1c008752 68e7f7c3 fmadd.s          f15, f15, f14, f13  f15=xxxxxxxx f15:3ff7d7e5 f14:3f583588 f13:c13c5fa8
15025262ns          255243 1c008756 1c0006b7 lui              x13, 0x1c000000     x13=1c000000
15025282ns          255244 1c00875a 1346a683 lw               x13, 308(x13)       x13=41fa6a03 x13:1c000000  PA:1c000134
15025580ns          255259 1c00875e f8250513 addi             x10, x10, -126      x10=00000004 x10:00000082
15025600ns          255260 1c008762 68e7f7c3 fmadd.s          f15, f15, f14, f13  f15=xxxxxxxx f15:c1223568 f14:3f583588 f13:41fa6a03
15025620ns          255261 1c008766 1c0006b7 lui              x13, 0x1c000000     x13=1c000000
15025640ns          255262 1c00876a 1386a683 lw               x13, 312(x13)       x13=c23f0e08 x13:1c000000  PA:1c000138
15025938ns          255277 1c00876e d0057553 fcvt.s.w         f10, x10            f10=xxxxxxxx x10:00000004
15025958ns          255278 1c008772 68e7f7c3 fmadd.s          f15, f15, f14, f13  f15=xxxxxxxx f15:41b5ea86 f14:3f583588 f13:c23f0e08
15025978ns          255279 1c008776 1c0006b7 lui              x13, 0x1c000000     x13=1c000000
15025998ns          255280 1c00877a 13c6a683 lw               x13, 316(x13)       x13=42390412 x13:1c000000  PA:1c00013c
15026316ns          255296 1c00877e 68e7f7c3 fmadd.s          f15, f15, f14, f13  f15=xxxxxxxx f15:c1e47825 f14:3f583588 f13:42390412
15026336ns          255297 1c008782 1c0006b7 lui              x13, 0x1c000000     x13=1c000000
15026356ns          255298 1c008786 1406a683 lw               x13, 320(x13)       x13=c1efd21b x13:1c000000  PA:1c000140
15026674ns          255314 1c00878a 68e7f7c3 fmadd.s          f15, f15, f14, f13  f15=xxxxxxxx f15:41b112ff f14:3f583588 f13:c1efd21b
15026694ns          255315 1c00878e 1c0006b7 lui              x13, 0x1c000000     x13=1c000000
15026714ns          255316 1c008792 1446a683 lw               x13, 324(x13)       x13=41644a86 x13:1c000000  PA:1c000144
15027052ns          255333 1c008796 68e7f7c3 fmadd.s          f15, f15, f14, f13  f15=xxxxxxxx f15:c1348a1a f14:3f583588 f13:41644a86
15027072ns          255334 1c00879a 1c0006b7 lui              x13, 0x1c000000     x13=1c000000
15027092ns          255335 1c00879e 1486a683 lw               x13, 328(x13)       x13=c087dba8 x13:1c000000  PA:1c000148
15027410ns          255351 1c0087a2 68e7f7c3 fmadd.s          f15, f15, f14, f13  f15=xxxxxxxx f15:4097a07f f14:3f583588 f13:c087dba8
15027430ns          255352 1c0087a6 00a7f553 fadd.s           f10, f15, f10       f10=xxxxxxxx f15:be799102 f10:40800000
15027450ns          255353 1c0087aa 00008067 jalr             x0, x1, 0            x1:1c0081c2
15027509ns          255356 1c0081c2 11557553 fmul.s           f10, f10, f21       f10=xxxxxxxx f10:407066f0 f21:3f317218
15027529ns          255357 1c0081c6 00a4222b p.sw             x10, 4(x8!)          x8=1000174c x10:4026a250  x8:10001748  PA:10001748
15027549ns          255358 1c0081ca ff4419e3 bne              x8, x20, -14         x8:1000174c x20:100017d8
15027609ns          255361 1c0081bc 0049a50b p.lw             x10, 4(x19!)        x10=42494c62 x19=1c010428 x19:1c010424  PA:1c010424
15027907ns          255376 1c0081c0 558000ef jal              x1, 1368             x1=1c0081c2
15027927ns          255377 1c008718 e00517d3 fclass.s         x15, f10            x15=00000040 f10:42494c62
15027947ns          255378 1c00871c 0817f793 andi             x15, x15, 129       x15=00000000 x15:00000040
15027967ns          255379 1c008720 08079b63 bne              x15, x0, 150        x15:00000000
15027987ns          255380 1c008722 00000793 addi             x15, x0, 0          x15=00000000
15028007ns          255381 1c008726 a0f52753 feq.s            x14, f10, f15       x14=00000000 f10:42494c62 f15:00000000
15028027ns          255382 1c00872a 08071163 bne              x14, x0, 130        x14:00000000
15028047ns          255383 1c00872c a0f507d3 fle.s            x15, f10, f15       x15=00000000 f10:42494c62 f15:00000000
15028066ns          255384 1c008730 08079863 bne              x15, x0, 144        x15:00000000
15028086ns          255385 1c008732 a0a527d3 feq.s            x15, f10, f10       x15=00000001 f10:42494c62 f10:42494c62
15028106ns          255386 1c008736 08078563 beq              x15, x0, 138        x15:00000001
15028126ns          255387 1c008738 d17537b3 p.bclr           x15, x10, 8, 23     x15=00494c62 x10:42494c62
15028146ns          255388 1c00873c cb87c733 p.bset           x14, x15, 5, 24     x14=3f494c62 x15:00494c62
15028166ns          255389 1c008740 1c0006b7 lui              x13, 0x1c000000     x13=1c000000
15028186ns          255390 1c008744 1c0007b7 lui              x15, 0x1c000000     x15=1c000000
15028206ns          255391 1c008748 1306a683 lw               x13, 304(x13)       x13=c13c5fa8 x13:1c000000  PA:1c000130
15028504ns          255406 1c00874c 12c7a783 lw               x15, 300(x15)       x15=3ff7d7e5 x15:1c000000  PA:1c00012c
15028802ns          255421 1c008750 41755513 srai             x10, x10, 0x417     x10=00000084 x10:42494c62
15028822ns          255422 1c008752 68e7f7c3 fmadd.s          f15, f15, f14, f13  f15=xxxxxxxx f15:3ff7d7e5 f14:3f494c62 f13:c13c5fa8
15028842ns          255423 1c008756 1c0006b7 lui              x13, 0x1c000000     x13=1c000000
15028862ns          255424 1c00875a 1346a683 lw               x13, 308(x13)       x13=41fa6a03 x13:1c000000  PA:1c000134
15029160ns          255439 1c00875e f8250513 addi             x10, x10, -126      x10=00000006 x10:00000084
15029180ns          255440 1c008762 68e7f7c3 fmadd.s          f15, f15, f14, f13  f15=xxxxxxxx f15:c1240359 f14:3f494c62 f13:41fa6a03
15029200ns          255441 1c008766 1c0006b7 lui              x13, 0x1c000000     x13=1c000000
15029220ns          255442 1c00876a 1386a683 lw               x13, 312(x13)       x13=c23f0e08 x13:1c000000  PA:1c000138
15029518ns          255457 1c00876e d0057553 fcvt.s.w         f10, x10            f10=xxxxxxxx x10:00000006
15029538ns          255458 1c008772 68e7f7c3 fmadd.s          f15, f15, f14, f13  f15=xxxxxxxx f15:41b9ee3b f14:3f494c62 f13:c23f0e08
15029558ns          255459 1c008776 1c0006b7 lui              x13, 0x1c000000     x13=1c000000
15029578ns          255460 1c00877a 13c6a683 lw               x13, 316(x13)       x13=42390412 x13:1c000000  PA:1c00013c
15029896ns          255476 1c00877e 68e7f7c3 fmadd.s          f15, f15, f14, f13  f15=xxxxxxxx f15:c1ebe88a f14:3f494c62 f13:42390412
15029916ns          255477 1c008782 1c0006b7 lui              x13, 0x1c000000     x13=1c000000
15029936ns          255478 1c008786 1406a683 lw               x13, 320(x13)       x13=c1efd21b x13:1c000000  PA:1c000140
15030254ns          255494 1c00878a 68e7f7c3 fmadd.s          f15, f15, f14, f13  f15=xxxxxxxx f15:41b8882c f14:3f494c62 f13:c1efd21b
15030274ns          255495 1c00878e 1c0006b7 lui              x13, 0x1c000000     x13=1c000000
15030294ns          255496 1c008792 1446a683 lw               x13, 324(x13)       x13=41644a86 x13:1c000000  PA:1c000144
15030612ns          255512 1c008796 68e7f7c3 fmadd.s          f15, f15, f14, f13  f15=xxxxxxxx f15:c13d7043 f14:3f494c62 f13:41644a86
15030632ns          255513 1c00879a 1c0006b7 lui              x13, 0x1c000000     x13=1c000000
15030652ns          255514 1c00879e 1486a683 lw               x13, 328(x13)       x13=c087dba8 x13:1c000000  PA:1c000148
15030990ns          255531 1c0087a2 68e7f7c3 fmadd.s          f15, f15, f14, f13  f15=xxxxxxxx f15:409ea9b7 f14:3f494c62 f13:c087dba8
15031010ns          255532 1c0087a6 00a7f553 fadd.s           f10, f15, f10       f10=xxxxxxxx f15:beb19103 f10:40c00000
15031030ns          255533 1c0087aa 00008067 jalr             x0, x1, 0            x1:1c0081c2
15031090ns          255536 1c0081c2 11557553 fmul.s           f10, f10, f21       f10=xxxxxxxx f10:40b4e6f0 f21:3f317218
15031110ns          255537 1c0081c6 00a4222b p.sw             x10, 4(x8!)          x8=10001750 x10:407ac897  x8:1000174c  PA:1000174c
15031130ns          255538 1c0081ca ff4419e3 bne              x8, x20, -14         x8:10001750 x20:100017d8
15031189ns          255541 1c0081bc 0049a50b p.lw             x10, 4(x19!)        x10=42b08e12 x19=1c01042c x19:1c010428  PA:1c010428
15031488ns          255556 1c0081c0 558000ef jal              x1, 1368             x1=1c0081c2
15031508ns          255557 1c008718 e00517d3 fclass.s         x15, f10            x15=00000040 f10:42b08e12
15031527ns          255558 1c00871c 0817f793 andi             x15, x15, 129       x15=00000000 x15:00000040
15031547ns          255559 1c008720 08079b63 bne              x15, x0, 150        x15:00000000
15031567ns          255560 1c008722 00000793 addi             x15, x0, 0          x15=00000000
15031587ns          255561 1c008726 a0f52753 feq.s            x14, f10, f15       x14=00000000 f10:42b08e12 f15:00000000
15031607ns          255562 1c00872a 08071163 bne              x14, x0, 130        x14:00000000
15031627ns          255563 1c00872c a0f507d3 fle.s            x15, f10, f15       x15=00000000 f10:42b08e12 f15:00000000
15031647ns          255564 1c008730 08079863 bne              x15, x0, 144        x15:00000000
15031667ns          255565 1c008732 a0a527d3 feq.s            x15, f10, f10       x15=00000001 f10:42b08e12 f10:42b08e12
15031687ns          255566 1c008736 08078563 beq              x15, x0, 138        x15:00000001
15031706ns          255567 1c008738 d17537b3 p.bclr           x15, x10, 8, 23     x15=00308e12 x10:42b08e12
15031726ns          255568 1c00873c cb87c733 p.bset           x14, x15, 5, 24     x14=3f308e12 x15:00308e12
15031746ns          255569 1c008740 1c0006b7 lui              x13, 0x1c000000     x13=1c000000
15031766ns          255570 1c008744 1c0007b7 lui              x15, 0x1c000000     x15=1c000000
15031786ns          255571 1c008748 1306a683 lw               x13, 304(x13)       x13=c13c5fa8 x13:1c000000  PA:1c000130
15032084ns          255586 1c00874c 12c7a783 lw               x15, 300(x15)       x15=3ff7d7e5 x15:1c000000  PA:1c00012c
15032383ns          255601 1c008750 41755513 srai             x10, x10, 0x417     x10=00000085 x10:42b08e12
15032403ns          255602 1c008752 68e7f7c3 fmadd.s          f15, f15, f14, f13  f15=xxxxxxxx f15:3ff7d7e5 f14:3f308e12 f13:c13c5fa8
15032422ns          255603 1c008756 1c0006b7 lui              x13, 0x1c000000     x13=1c000000
15032442ns          255604 1c00875a 1346a683 lw               x13, 308(x13)       x13=41fa6a03 x13:1c000000  PA:1c000134
15032741ns          255619 1c00875e f8250513 addi             x10, x10, -126      x10=00000007 x10:00000085
15032761ns          255620 1c008762 68e7f7c3 fmadd.s          f15, f15, f14, f13  f15=xxxxxxxx f15:c12701e9 f14:3f308e12 f13:41fa6a03
15032781ns          255621 1c008766 1c0006b7 lui              x13, 0x1c000000     x13=1c000000
15032800ns          255622 1c00876a 1386a683 lw               x13, 312(x13)       x13=c23f0e08 x13:1c000000  PA:1c000138
15033099ns          255637 1c00876e d0057553 fcvt.s.w         f10, x10            f10=xxxxxxxx x10:00000007
15033119ns          255638 1c008772 68e7f7c3 fmadd.s          f15, f15, f14, f13  f15=xxxxxxxx f15:41c0d304 f14:3f308e12 f13:c23f0e08
15033139ns          255639 1c008776 1c0006b7 lui              x13, 0x1c000000     x13=1c000000
15033158ns          255640 1c00877a 13c6a683 lw               x13, 316(x13)       x13=42390412 x13:1c000000  PA:1c00013c
15033477ns          255656 1c00877e 68e7f7c3 fmadd.s          f15, f15, f14, f13  f15=xxxxxxxx f15:c1f91ffb f14:3f308e12 f13:42390412
15033497ns          255657 1c008782 1c0006b7 lui              x13, 0x1c000000     x13=1c000000
15033516ns          255658 1c008786 1406a683 lw               x13, 320(x13)       x13=c1efd21b x13:1c000000  PA:1c000140
15033835ns          255674 1c00878a 68e7f7c3 fmadd.s          f15, f15, f14, f13  f15=xxxxxxxx f15:41c637e6 f14:3f308e12 f13:c1efd21b
15033855ns          255675 1c00878e 1c0006b7 lui              x13, 0x1c000000     x13=1c000000
15033875ns          255676 1c008792 1446a683 lw               x13, 324(x13)       x13=41644a86 x13:1c000000  PA:1c000144
15034193ns          255692 1c008796 68e7f7c3 fmadd.s          f15, f15, f14, f13  f15=xxxxxxxx f15:c14e3b58 f14:3f308e12 f13:41644a86
15034213ns          255693 1c00879a 1c0006b7 lui              x13, 0x1c000000     x13=1c000000
15034233ns          255694 1c00879e 1486a683 lw               x13, 328(x13)       x13=c087dba8 x13:1c000000  PA:1c000148
15034551ns          255710 1c0087a2 68e7f7c3 fmadd.s          f15, f15, f14, f13  f15=xxxxxxxx f15:40ac1e8c f14:3f308e12 f13:c087dba8
15034571ns          255711 1c0087a6 00a7f553 fadd.s           f10, f15, f10       f10=xxxxxxxx f15:bf093916 f10:40e00000
15034591ns          255712 1c0087aa 00008067 jalr             x0, x1, 0            x1:1c0081c2
15034650ns          255715 1c0081c2 11557553 fmul.s           f10, f10, f21       f10=xxxxxxxx f10:40ced8dd f21:3f317218
15034670ns          255716 1c0081c6 00a4222b p.sw             x10, 4(x8!)          x8=10001754 x10:408f6021  x8:10001750  PA:10001750
15034690ns          255717 1c0081ca ff4419e3 bne              x8, x20, -14         x8:10001754 x20:100017d8
15034750ns          255720 1c0081bc 0049a50b p.lw             x10, 4(x19!)        x10=4291e62e x19=1c010430 x19:1c01042c  PA:1c01042c
15035048ns          255735 1c0081c0 558000ef jal              x1, 1368             x1=1c0081c2
15035068ns          255736 1c008718 e00517d3 fclass.s         x15, f10            x15=00000040 f10:4291e62e
15035088ns          255737 1c00871c 0817f793 andi             x15, x15, 129       x15=00000000 x15:00000040
15035108ns          255738 1c008720 08079b63 bne              x15, x0, 150        x15:00000000
15035128ns          255739 1c008722 00000793 addi             x15, x0, 0          x15=00000000
15035148ns          255740 1c008726 a0f52753 feq.s            x14, f10, f15       x14=00000000 f10:4291e62e f15:00000000
15035167ns          255741 1c00872a 08071163 bne              x14, x0, 130        x14:00000000
15035187ns          255742 1c00872c a0f507d3 fle.s            x15, f10, f15       x15=00000000 f10:4291e62e f15:00000000
15035207ns          255743 1c008730 08079863 bne              x15, x0, 144        x15:00000000
15035227ns          255744 1c008732 a0a527d3 feq.s            x15, f10, f10       x15=00000001 f10:4291e62e f10:4291e62e
15035247ns          255745 1c008736 08078563 beq              x15, x0, 138        x15:00000001
15035267ns          255746 1c008738 d17537b3 p.bclr           x15, x10, 8, 23     x15=0011e62e x10:4291e62e
15035287ns          255747 1c00873c cb87c733 p.bset           x14, x15, 5, 24     x14=3f11e62e x15:0011e62e
15035307ns          255748 1c008740 1c0006b7 lui              x13, 0x1c000000     x13=1c000000
15035327ns          255749 1c008744 1c0007b7 lui              x15, 0x1c000000     x15=1c000000
15035346ns          255750 1c008748 1306a683 lw               x13, 304(x13)       x13=c13c5fa8 x13:1c000000  PA:1c000130
15035645ns          255765 1c00874c 12c7a783 lw               x15, 300(x15)       x15=3ff7d7e5 x15:1c000000  PA:1c00012c
15035943ns          255780 1c008750 41755513 srai             x10, x10, 0x417     x10=00000085 x10:4291e62e
15035963ns          255781 1c008752 68e7f7c3 fmadd.s          f15, f15, f14, f13  f15=xxxxxxxx f15:3ff7d7e5 f14:3f11e62e f13:c13c5fa8
15035983ns          255782 1c008756 1c0006b7 lui              x13, 0x1c000000     x13=1c000000
15036003ns          255783 1c00875a 1346a683 lw               x13, 308(x13)       x13=41fa6a03 x13:1c000000  PA:1c000134
15036321ns          255799 1c00875e f8250513 addi             x10, x10, -126      x10=00000007 x10:00000085
15036341ns          255800 1c008762 68e7f7c3 fmadd.s          f15, f15, f14, f13  f15=xxxxxxxx f15:c12ab7a4 f14:3f11e62e f13:41fa6a03
15036361ns          255801 1c008766 1c0006b7 lui              x13, 0x1c000000     x13=1c000000
15036381ns          255802 1c00876a 1386a683 lw               x13, 312(x13)       x13=c23f0e08 x13:1c000000  PA:1c000138
15036679ns          255817 1c00876e d0057553 fcvt.s.w         f10, x10            f10=xxxxxxxx x10:00000007
15036699ns          255818 1c008772 68e7f7c3 fmadd.s          f15, f15, f14, f13  f15=xxxxxxxx f15:41c9c441 f14:3f11e62e f13:c23f0e08
15036719ns          255819 1c008776 1c0006b7 lui              x13, 0x1c000000     x13=1c000000
15036739ns          255820 1c00877a 13c6a683 lw               x13, 316(x13)       x13=42390412 x13:1c000000  PA:1c00013c
15037057ns          255836 1c00877e 68e7f7c3 fmadd.s          f15, f15, f14, f13  f15=xxxxxxxx f15:c2058f3e f14:3f11e62e f13:42390412
15037077ns          255837 1c008782 1c0006b7 lui              x13, 0x1c000000     x13=1c000000
15037097ns          255838 1c008786 1406a683 lw               x13, 320(x13)       x13=c1efd21b x13:1c000000  PA:1c000140
15037415ns          255854 1c00878a 68e7f7c3 fmadd.s          f15, f15, f14, f13  f15=xxxxxxxx f15:41d9cbb2 f14:3f11e62e f13:c1efd21b
15037435ns          255855 1c00878e 1c0006b7 lui              x13, 0x1c000000     x13=1c000000
15037455ns          255856 1c008792 1446a683 lw               x13, 324(x13)       x13=41644a86 x13:1c000000  PA:1c000144
15037773ns          255872 1c008796 68e7f7c3 fmadd.s          f15, f15, f14, f13  f15=xxxxxxxx f15:c16763ce f14:3f11e62e f13:41644a86
15037793ns          255873 1c00879a 1c0006b7 lui              x13, 0x1c000000     x13=1c000000
15037813ns          255874 1c00879e 1486a683 lw               x13, 328(x13)       x13=c087dba8 x13:1c000000  PA:1c000148
15038131ns          255890 1c0087a2 68e7f7c3 fmadd.s          f15, f15, f14, f13  f15=xxxxxxxx f15:40c0d5e2 f14:3f11e62e f13:c087dba8
15038151ns          255891 1c0087a6 00a7f553 fadd.s           f10, f15, f10       f10=xxxxxxxx f15:bf4fa901 f10:40e00000
15038171ns          255892 1c0087aa 00008067 jalr             x0, x1, 0            x1:1c0081c2
15038231ns          255895 1c0081c2 11557553 fmul.s           f10, f10, f21       f10=xxxxxxxx f10:40c60ae0 f21:3f317218
15038250ns          255896 1c0081c6 00a4222b p.sw             x10, 4(x8!)          x8=10001758 x10:408945c8  x8:10001754  PA:10001754
15038270ns          255897 1c0081ca ff4419e3 bne              x8, x20, -14         x8:10001758 x20:100017d8
15038330ns          255900 1c0081bc 0049a50b p.lw             x10, 4(x19!)        x10=42501cb9 x19=1c010434 x19:1c010430  PA:1c010430
15038628ns          255915 1c0081c0 558000ef jal              x1, 1368             x1=1c0081c2
15038648ns          255916 1c008718 e00517d3 fclass.s         x15, f10            x15=00000040 f10:42501cb9
15038668ns          255917 1c00871c 0817f793 andi             x15, x15, 129       x15=00000000 x15:00000040
15038688ns          255918 1c008720 08079b63 bne              x15, x0, 150        x15:00000000
15038708ns          255919 1c008722 00000793 addi             x15, x0, 0          x15=00000000
15038728ns          255920 1c008726 a0f52753 feq.s            x14, f10, f15       x14=00000000 f10:42501cb9 f15:00000000
15038748ns          255921 1c00872a 08071163 bne              x14, x0, 130        x14:00000000
15038768ns          255922 1c00872c a0f507d3 fle.s            x15, f10, f15       x15=00000000 f10:42501cb9 f15:00000000
15038788ns          255923 1c008730 08079863 bne              x15, x0, 144        x15:00000000
15038807ns          255924 1c008732 a0a527d3 feq.s            x15, f10, f10       x15=00000001 f10:42501cb9 f10:42501cb9
15038827ns          255925 1c008736 08078563 beq              x15, x0, 138        x15:00000001
15038847ns          255926 1c008738 d17537b3 p.bclr           x15, x10, 8, 23     x15=00501cb9 x10:42501cb9
15038867ns          255927 1c00873c cb87c733 p.bset           x14, x15, 5, 24     x14=3f501cb9 x15:00501cb9
15038887ns          255928 1c008740 1c0006b7 lui              x13, 0x1c000000     x13=1c000000
15038907ns          255929 1c008744 1c0007b7 lui              x15, 0x1c000000     x15=1c000000
15038927ns          255930 1c008748 1306a683 lw               x13, 304(x13)       x13=c13c5fa8 x13:1c000000  PA:1c000130
15039225ns          255945 1c00874c 12c7a783 lw               x15, 300(x15)       x15=3ff7d7e5 x15:1c000000  PA:1c00012c
15039523ns          255960 1c008750 41755513 srai             x10, x10, 0x417     x10=00000084 x10:42501cb9
15039543ns          255961 1c008752 68e7f7c3 fmadd.s          f15, f15, f14, f13  f15=xxxxxxxx f15:3ff7d7e5 f14:3f501cb9 f13:c13c5fa8
15039563ns          255962 1c008756 1c0006b7 lui              x13, 0x1c000000     x13=1c000000
15039583ns          255963 1c00875a 1346a683 lw               x13, 308(x13)       x13=41fa6a03 x13:1c000000  PA:1c000134
15039882ns          255978 1c00875e f8250513 addi             x10, x10, -126      x10=00000006 x10:00000084
15039901ns          255979 1c008762 68e7f7c3 fmadd.s          f15, f15, f14, f13  f15=xxxxxxxx f15:c1233041 f14:3f501cb9 f13:41fa6a03
15039921ns          255980 1c008766 1c0006b7 lui              x13, 0x1c000000     x13=1c000000
15039941ns          255981 1c00876a 1386a683 lw               x13, 312(x13)       x13=c23f0e08 x13:1c000000  PA:1c000138
15040259ns          255997 1c00876e d0057553 fcvt.s.w         f10, x10            f10=xxxxxxxx x10:00000006
15040279ns          255998 1c008772 68e7f7c3 fmadd.s          f15, f15, f14, f13  f15=xxxxxxxx f15:41b81541 f14:3f501cb9 f13:c23f0e08
15040299ns          255999 1c008776 1c0006b7 lui              x13, 0x1c000000     x13=1c000000
15040319ns          256000 1c00877a 13c6a683 lw               x13, 316(x13)       x13=42390412 x13:1c000000  PA:1c00013c
15040637ns          256016 1c00877e 68e7f7c3 fmadd.s          f15, f15, f14, f13  f15=xxxxxxxx f15:c1e87624 f14:3f501cb9 f13:42390412
15040657ns          256017 1c008782 1c0006b7 lui              x13, 0x1c000000     x13=1c000000
15040677ns          256018 1c008786 1406a683 lw               x13, 320(x13)       x13=c1efd21b x13:1c000000  PA:1c000140
15040995ns          256034 1c00878a 68e7f7c3 fmadd.s          f15, f15, f14, f13  f15=xxxxxxxx f15:41b50e12 f14:3f501cb9 f13:c1efd21b
15041015ns          256035 1c00878e 1c0006b7 lui              x13, 0x1c000000     x13=1c000000
15041035ns          256036 1c008792 1446a683 lw               x13, 324(x13)       x13=41644a86 x13:1c000000  PA:1c000144
15041353ns          256052 1c008796 68e7f7c3 fmadd.s          f15, f15, f14, f13  f15=xxxxxxxx f15:c13944b8 f14:3f501cb9 f13:41644a86
15041373ns          256053 1c00879a 1c0006b7 lui              x13, 0x1c000000     x13=1c000000
15041393ns          256054 1c00879e 1486a683 lw               x13, 328(x13)       x13=c087dba8 x13:1c000000  PA:1c000148
15041731ns          256071 1c0087a2 68e7f7c3 fmadd.s          f15, f15, f14, f13  f15=xxxxxxxx f15:409b5bce f14:3f501cb9 f13:c087dba8
15041751ns          256072 1c0087a6 00a7f553 fadd.s           f10, f15, f10       f10=xxxxxxxx f15:be98fa25 f10:40c00000
15041771ns          256073 1c0087aa 00008067 jalr             x0, x1, 0            x1:1c0081c2
15041831ns          256076 1c0081c2 11557553 fmul.s           f10, f10, f21       f10=xxxxxxxx f10:40b6705e f21:3f317218
15041851ns          256077 1c0081c6 00a4222b p.sw             x10, 4(x8!)          x8=1000175c x10:407cea00  x8:10001758  PA:10001758
15041871ns          256078 1c0081ca ff4419e3 bne              x8, x20, -14         x8:1000175c x20:100017d8
15041930ns          256081 1c0081bc 0049a50b p.lw             x10, 4(x19!)        x10=4221b1b6 x19=1c010438 x19:1c010434  PA:1c010434
15042229ns          256096 1c0081c0 558000ef jal              x1, 1368             x1=1c0081c2
15042249ns          256097 1c008718 e00517d3 fclass.s         x15, f10            x15=00000040 f10:4221b1b6
15042268ns          256098 1c00871c 0817f793 andi             x15, x15, 129       x15=00000000 x15:00000040
15042288ns          256099 1c008720 08079b63 bne              x15, x0, 150        x15:00000000
15042308ns          256100 1c008722 00000793 addi             x15, x0, 0          x15=00000000
15042328ns          256101 1c008726 a0f52753 feq.s            x14, f10, f15       x14=00000000 f10:4221b1b6 f15:00000000
15042348ns          256102 1c00872a 08071163 bne              x14, x0, 130        x14:00000000
15042368ns          256103 1c00872c a0f507d3 fle.s            x15, f10, f15       x15=00000000 f10:4221b1b6 f15:00000000
15042388ns          256104 1c008730 08079863 bne              x15, x0, 144        x15:00000000
15042408ns          256105 1c008732 a0a527d3 feq.s            x15, f10, f10       x15=00000001 f10:4221b1b6 f10:4221b1b6
15042428ns          256106 1c008736 08078563 beq              x15, x0, 138        x15:00000001
15042447ns          256107 1c008738 d17537b3 p.bclr           x15, x10, 8, 23     x15=0021b1b6 x10:4221b1b6
15042467ns          256108 1c00873c cb87c733 p.bset           x14, x15, 5, 24     x14=3f21b1b6 x15:0021b1b6
15042487ns          256109 1c008740 1c0006b7 lui              x13, 0x1c000000     x13=1c000000
15042507ns          256110 1c008744 1c0007b7 lui              x15, 0x1c000000     x15=1c000000
15042527ns          256111 1c008748 1306a683 lw               x13, 304(x13)       x13=c13c5fa8 x13:1c000000  PA:1c000130
15042825ns          256126 1c00874c 12c7a783 lw               x15, 300(x15)       x15=3ff7d7e5 x15:1c000000  PA:1c00012c
15043124ns          256141 1c008750 41755513 srai             x10, x10, 0x417     x10=00000084 x10:4221b1b6
15043144ns          256142 1c008752 68e7f7c3 fmadd.s          f15, f15, f14, f13  f15=xxxxxxxx f15:3ff7d7e5 f14:3f21b1b6 f13:c13c5fa8
15043163ns          256143 1c008756 1c0006b7 lui              x13, 0x1c000000     x13=1c000000
15043183ns          256144 1c00875a 1346a683 lw               x13, 308(x13)       x13=41fa6a03 x13:1c000000  PA:1c000134
15043482ns          256159 1c00875e f8250513 addi             x10, x10, -126      x10=00000006 x10:00000084
15043502ns          256160 1c008762 68e7f7c3 fmadd.s          f15, f15, f14, f13  f15=xxxxxxxx f15:c128ce4e f14:3f21b1b6 f13:41fa6a03
15043522ns          256161 1c008766 1c0006b7 lui              x13, 0x1c000000     x13=1c000000
15043541ns          256162 1c00876a 1386a683 lw               x13, 312(x13)       x13=c23f0e08 x13:1c000000  PA:1c000138
15043840ns          256177 1c00876e d0057553 fcvt.s.w         f10, x10            f10=xxxxxxxx x10:00000006
15043860ns          256178 1c008772 68e7f7c3 fmadd.s          f15, f15, f14, f13  f15=xxxxxxxx f15:41c51a8c f14:3f21b1b6 f13:c23f0e08
15043880ns          256179 1c008776 1c0006b7 lui              x13, 0x1c000000     x13=1c000000
15043899ns          256180 1c00877a 13c6a683 lw               x13, 316(x13)       x13=42390412 x13:1c000000  PA:1c00013c
15044218ns          256196 1c00877e 68e7f7c3 fmadd.s          f15, f15, f14, f13  f15=xxxxxxxx f15:c200cec5 f14:3f21b1b6 f13:42390412
15044238ns          256197 1c008782 1c0006b7 lui              x13, 0x1c000000     x13=1c000000
15044257ns          256198 1c008786 1406a683 lw               x13, 320(x13)       x13=c1efd21b x13:1c000000  PA:1c000140
15044576ns          256214 1c00878a 68e7f7c3 fmadd.s          f15, f15, f14, f13  f15=xxxxxxxx f15:41cf513b f14:3f21b1b6 f13:c1efd21b
15044596ns          256215 1c00878e 1c0006b7 lui              x13, 0x1c000000     x13=1c000000
15044616ns          256216 1c008792 1446a683 lw               x13, 324(x13)       x13=41644a86 x13:1c000000  PA:1c000144
15044934ns          256232 1c008796 68e7f7c3 fmadd.s          f15, f15, f14, f13  f15=xxxxxxxx f15:c159c035 f14:3f21b1b6 f13:41644a86
15044954ns          256233 1c00879a 1c0006b7 lui              x13, 0x1c000000     x13=1c000000
15044974ns          256234 1c00879e 1486a683 lw               x13, 328(x13)       x13=c087dba8 x13:1c000000  PA:1c000148
15045292ns          256250 1c0087a2 68e7f7c3 fmadd.s          f15, f15, f14, f13  f15=xxxxxxxx f15:40b582f8 f14:3f21b1b6 f13:c087dba8
15045312ns          256251 1c0087a6 00a7f553 fadd.s           f10, f15, f10       f10=xxxxxxxx f15:bf29b24b f10:40c00000
15045332ns          256252 1c0087aa 00008067 jalr             x0, x1, 0            x1:1c0081c2
15045391ns          256255 1c0081c2 11557553 fmul.s           f10, f10, f21       f10=xxxxxxxx f10:40aac9b7 f21:3f317218
15045411ns          256256 1c0081c6 00a4222b p.sw             x10, 4(x8!)          x8=10001760 x10:406cc32b  x8:1000175c  PA:1000175c
15045431ns          256257 1c0081ca ff4419e3 bne              x8, x20, -14         x8:10001760 x20:100017d8
15045491ns          256260 1c0081bc 0049a50b p.lw             x10, 4(x19!)        x10=42b1bd88 x19=1c01043c x19:1c010438  PA:1c010438
15045789ns          256275 1c0081c0 558000ef jal              x1, 1368             x1=1c0081c2
15045809ns          256276 1c008718 e00517d3 fclass.s         x15, f10            x15=00000040 f10:42b1bd88
15045829ns          256277 1c00871c 0817f793 andi             x15, x15, 129       x15=00000000 x15:00000040
15045849ns          256278 1c008720 08079b63 bne              x15, x0, 150        x15:00000000
15045869ns          256279 1c008722 00000793 addi             x15, x0, 0          x15=00000000
15045889ns          256280 1c008726 a0f52753 feq.s            x14, f10, f15       x14=00000000 f10:42b1bd88 f15:00000000
15045908ns          256281 1c00872a 08071163 bne              x14, x0, 130        x14:00000000
15045928ns          256282 1c00872c a0f507d3 fle.s            x15, f10, f15       x15=00000000 f10:42b1bd88 f15:00000000
15045948ns          256283 1c008730 08079863 bne              x15, x0, 144        x15:00000000
15045968ns          256284 1c008732 a0a527d3 feq.s            x15, f10, f10       x15=00000001 f10:42b1bd88 f10:42b1bd88
15045988ns          256285 1c008736 08078563 beq              x15, x0, 138        x15:00000001
15046008ns          256286 1c008738 d17537b3 p.bclr           x15, x10, 8, 23     x15=0031bd88 x10:42b1bd88
15046028ns          256287 1c00873c cb87c733 p.bset           x14, x15, 5, 24     x14=3f31bd88 x15:0031bd88
15046048ns          256288 1c008740 1c0006b7 lui              x13, 0x1c000000     x13=1c000000
15046068ns          256289 1c008744 1c0007b7 lui              x15, 0x1c000000     x15=1c000000
15046087ns          256290 1c008748 1306a683 lw               x13, 304(x13)       x13=c13c5fa8 x13:1c000000  PA:1c000130
15046386ns          256305 1c00874c 12c7a783 lw               x15, 300(x15)       x15=3ff7d7e5 x15:1c000000  PA:1c00012c
15046684ns          256320 1c008750 41755513 srai             x10, x10, 0x417     x10=00000085 x10:42b1bd88
15046704ns          256321 1c008752 68e7f7c3 fmadd.s          f15, f15, f14, f13  f15=xxxxxxxx f15:3ff7d7e5 f14:3f31bd88 f13:c13c5fa8
15046724ns          256322 1c008756 1c0006b7 lui              x13, 0x1c000000     x13=1c000000
15046744ns          256323 1c00875a 1346a683 lw               x13, 308(x13)       x13=41fa6a03 x13:1c000000  PA:1c000134
15047042ns          256338 1c00875e f8250513 addi             x10, x10, -126      x10=00000007 x10:00000085
15047062ns          256339 1c008762 68e7f7c3 fmadd.s          f15, f15, f14, f13  f15=xxxxxxxx f15:c126dd30 f14:3f31bd88 f13:41fa6a03
15047082ns          256340 1c008766 1c0006b7 lui              x13, 0x1c000000     x13=1c000000
15047102ns          256341 1c00876a 1386a683 lw               x13, 312(x13)       x13=c23f0e08 x13:1c000000  PA:1c000138
15047400ns          256356 1c00876e d0057553 fcvt.s.w         f10, x10            f10=xxxxxxxx x10:00000007
15047420ns          256357 1c008772 68e7f7c3 fmadd.s          f15, f15, f14, f13  f15=xxxxxxxx f15:41c07cc7 f14:3f31bd88 f13:c23f0e08
15047440ns          256358 1c008776 1c0006b7 lui              x13, 0x1c000000     x13=1c000000
15047460ns          256359 1c00877a 13c6a683 lw               x13, 316(x13)       x13=42390412 x13:1c000000  PA:1c00013c
15047778ns          256375 1c00877e 68e7f7c3 fmadd.s          f15, f15, f14, f13  f15=xxxxxxxx f15:c1f87748 f14:3f31bd88 f13:42390412
15047798ns          256376 1c008782 1c0006b7 lui              x13, 0x1c000000     x13=1c000000
15047818ns          256377 1c008786 1406a683 lw               x13, 320(x13)       x13=c1efd21b x13:1c000000  PA:1c000140
15048136ns          256393 1c00878a 68e7f7c3 fmadd.s          f15, f15, f14, f13  f15=xxxxxxxx f15:41c585b7 f14:3f31bd88 f13:c1efd21b
15048156ns          256394 1c00878e 1c0006b7 lui              x13, 0x1c000000     x13=1c000000
15048176ns          256395 1c008792 1446a683 lw               x13, 324(x13)       x13=41644a86 x13:1c000000  PA:1c000144
15048494ns          256411 1c008796 68e7f7c3 fmadd.s          f15, f15, f14, f13  f15=xxxxxxxx f15:c14d5cd6 f14:3f31bd88 f13:41644a86
15048514ns          256412 1c00879a 1c0006b7 lui              x13, 0x1c000000     x13=1c000000
15048534ns          256413 1c00879e 1486a683 lw               x13, 328(x13)       x13=c087dba8 x13:1c000000  PA:1c000148
15048852ns          256429 1c0087a2 68e7f7c3 fmadd.s          f15, f15, f14, f13  f15=xxxxxxxx f15:40ab6a97 f14:3f31bd88 f13:c087dba8
15048872ns          256430 1c0087a6 00a7f553 fadd.s           f10, f15, f10       f10=xxxxxxxx f15:bf06c067 f10:40e00000
15048892ns          256431 1c0087aa 00008067 jalr             x0, x1, 0            x1:1c0081c2
15048952ns          256434 1c0081c2 11557553 fmul.s           f10, f10, f21       f10=xxxxxxxx f10:40cf27f3 f21:3f317218
15048972ns          256435 1c0081c6 00a4222b p.sw             x10, 4(x8!)          x8=10001764 x10:408f96f2  x8:10001760  PA:10001760
15048991ns          256436 1c0081ca ff4419e3 bne              x8, x20, -14         x8:10001764 x20:100017d8
15049051ns          256439 1c0081bc 0049a50b p.lw             x10, 4(x19!)        x10=421b024d x19=1c010440 x19:1c01043c  PA:1c01043c
15049350ns          256454 1c0081c0 558000ef jal              x1, 1368             x1=1c0081c2
15049369ns          256455 1c008718 e00517d3 fclass.s         x15, f10            x15=00000040 f10:421b024d
15049389ns          256456 1c00871c 0817f793 andi             x15, x15, 129       x15=00000000 x15:00000040
15049409ns          256457 1c008720 08079b63 bne              x15, x0, 150        x15:00000000
15049429ns          256458 1c008722 00000793 addi             x15, x0, 0          x15=00000000
15049449ns          256459 1c008726 a0f52753 feq.s            x14, f10, f15       x14=00000000 f10:421b024d f15:00000000
15049469ns          256460 1c00872a 08071163 bne              x14, x0, 130        x14:00000000
15049489ns          256461 1c00872c a0f507d3 fle.s            x15, f10, f15       x15=00000000 f10:421b024d f15:00000000
15049509ns          256462 1c008730 08079863 bne              x15, x0, 144        x15:00000000
15049529ns          256463 1c008732 a0a527d3 feq.s            x15, f10, f10       x15=00000001 f10:421b024d f10:421b024d
15049548ns          256464 1c008736 08078563 beq              x15, x0, 138        x15:00000001
15049568ns          256465 1c008738 d17537b3 p.bclr           x15, x10, 8, 23     x15=001b024d x10:421b024d
15049588ns          256466 1c00873c cb87c733 p.bset           x14, x15, 5, 24     x14=3f1b024d x15:001b024d
15049608ns          256467 1c008740 1c0006b7 lui              x13, 0x1c000000     x13=1c000000
15049628ns          256468 1c008744 1c0007b7 lui              x15, 0x1c000000     x15=1c000000
15049648ns          256469 1c008748 1306a683 lw               x13, 304(x13)       x13=c13c5fa8 x13:1c000000  PA:1c000130
15049946ns          256484 1c00874c 12c7a783 lw               x15, 300(x15)       x15=3ff7d7e5 x15:1c000000  PA:1c00012c
15050245ns          256499 1c008750 41755513 srai             x10, x10, 0x417     x10=00000084 x10:421b024d
15050264ns          256500 1c008752 68e7f7c3 fmadd.s          f15, f15, f14, f13  f15=xxxxxxxx f15:3ff7d7e5 f14:3f1b024d f13:c13c5fa8
15050284ns          256501 1c008756 1c0006b7 lui              x13, 0x1c000000     x13=1c000000
15050304ns          256502 1c00875a 1346a683 lw               x13, 308(x13)       x13=41fa6a03 x13:1c000000  PA:1c000134
15050662ns          256520 1c00875e f8250513 addi             x10, x10, -126      x10=00000006 x10:00000084
15050682ns          256521 1c008762 68e7f7c3 fmadd.s          f15, f15, f14, f13  f15=xxxxxxxx f15:c1299d6a f14:3f1b024d f13:41fa6a03
15050702ns          256522 1c008766 1c0006b7 lui              x13, 0x1c000000     x13=1c000000
15050722ns          256523 1c00876a 1386a683 lw               x13, 312(x13)       x13=c23f0e08 x13:1c000000  PA:1c000138
15051020ns          256538 1c00876e d0057553 fcvt.s.w         f10, x10            f10=xxxxxxxx x10:00000006
15051040ns          256539 1c008772 68e7f7c3 fmadd.s          f15, f15, f14, f13  f15=xxxxxxxx f15:41c71018 f14:3f1b024d f13:c23f0e08
15051060ns          256540 1c008776 1c0006b7 lui              x13, 0x1c000000     x13=1c000000
15051080ns          256541 1c00877a 13c6a683 lw               x13, 316(x13)       x13=42390412 x13:1c000000  PA:1c00013c
15051398ns          256557 1c00877e 68e7f7c3 fmadd.s          f15, f15, f14, f13  f15=xxxxxxxx f15:c202c9c4 f14:3f1b024d f13:42390412
15051418ns          256558 1c008782 1c0006b7 lui              x13, 0x1c000000     x13=1c000000
15051438ns          256559 1c008786 1406a683 lw               x13, 320(x13)       x13=c1efd21b x13:1c000000  PA:1c000140
15051756ns          256575 1c00878a 68e7f7c3 fmadd.s          f15, f15, f14, f13  f15=xxxxxxxx f15:41d3a577 f14:3f1b024d f13:c1efd21b
15051776ns          256576 1c00878e 1c0006b7 lui              x13, 0x1c000000     x13=1c000000
15051796ns          256577 1c008792 1446a683 lw               x13, 324(x13)       x13=41644a86 x13:1c000000  PA:1c000144
15052114ns          256593 1c008796 68e7f7c3 fmadd.s          f15, f15, f14, f13  f15=xxxxxxxx f15:c15f560a f14:3f1b024d f13:41644a86
15052134ns          256594 1c00879a 1c0006b7 lui              x13, 0x1c000000     x13=1c000000
15052154ns          256595 1c00879e 1486a683 lw               x13, 328(x13)       x13=c087dba8 x13:1c000000  PA:1c000148
15052472ns          256611 1c0087a2 68e7f7c3 fmadd.s          f15, f15, f14, f13  f15=xxxxxxxx f15:40ba1ed8 f14:3f1b024d f13:c087dba8
15052492ns          256612 1c0087a6 00a7f553 fadd.s           f10, f15, f10       f10=xxxxxxxx f15:bf394a78 f10:40c00000
15052512ns          256613 1c0087aa 00008067 jalr             x0, x1, 0            x1:1c0081c2
15052572ns          256616 1c0081c2 11557553 fmul.s           f10, f10, f21       f10=xxxxxxxx f10:40a8d6b1 f21:3f317218
15052592ns          256617 1c0081c6 00a4222b p.sw             x10, 4(x8!)          x8=10001768 x10:406a0f60  x8:10001764  PA:10001764
15052612ns          256618 1c0081ca ff4419e3 bne              x8, x20, -14         x8:10001768 x20:100017d8
15052671ns          256621 1c0081bc 0049a50b p.lw             x10, 4(x19!)        x10=41b43a6c x19=1c010444 x19:1c010440  PA:1c010440
15052970ns          256636 1c0081c0 558000ef jal              x1, 1368             x1=1c0081c2
15052990ns          256637 1c008718 e00517d3 fclass.s         x15, f10            x15=00000040 f10:41b43a6c
15053009ns          256638 1c00871c 0817f793 andi             x15, x15, 129       x15=00000000 x15:00000040
15053029ns          256639 1c008720 08079b63 bne              x15, x0, 150        x15:00000000
15053049ns          256640 1c008722 00000793 addi             x15, x0, 0          x15=00000000
15053069ns          256641 1c008726 a0f52753 feq.s            x14, f10, f15       x14=00000000 f10:41b43a6c f15:00000000
15053089ns          256642 1c00872a 08071163 bne              x14, x0, 130        x14:00000000
15053109ns          256643 1c00872c a0f507d3 fle.s            x15, f10, f15       x15=00000000 f10:41b43a6c f15:00000000
15053129ns          256644 1c008730 08079863 bne              x15, x0, 144        x15:00000000
15053149ns          256645 1c008732 a0a527d3 feq.s            x15, f10, f10       x15=00000001 f10:41b43a6c f10:41b43a6c
15053169ns          256646 1c008736 08078563 beq              x15, x0, 138        x15:00000001
15053188ns          256647 1c008738 d17537b3 p.bclr           x15, x10, 8, 23     x15=00343a6c x10:41b43a6c
15053208ns          256648 1c00873c cb87c733 p.bset           x14, x15, 5, 24     x14=3f343a6c x15:00343a6c
15053228ns          256649 1c008740 1c0006b7 lui              x13, 0x1c000000     x13=1c000000
15053248ns          256650 1c008744 1c0007b7 lui              x15, 0x1c000000     x15=1c000000
15053268ns          256651 1c008748 1306a683 lw               x13, 304(x13)       x13=c13c5fa8 x13:1c000000  PA:1c000130
15053586ns          256667 1c00874c 12c7a783 lw               x15, 300(x15)       x15=3ff7d7e5 x15:1c000000  PA:1c00012c
15053885ns          256682 1c008750 41755513 srai             x10, x10, 0x417     x10=00000083 x10:41b43a6c
15053904ns          256683 1c008752 68e7f7c3 fmadd.s          f15, f15, f14, f13  f15=xxxxxxxx f15:3ff7d7e5 f14:3f343a6c f13:c13c5fa8
15053924ns          256684 1c008756 1c0006b7 lui              x13, 0x1c000000     x13=1c000000
15053944ns          256685 1c00875a 1346a683 lw               x13, 308(x13)       x13=41fa6a03 x13:1c000000  PA:1c000134
15054282ns          256702 1c00875e f8250513 addi             x10, x10, -126      x10=00000005 x10:00000083
15054302ns          256703 1c008762 68e7f7c3 fmadd.s          f15, f15, f14, f13  f15=xxxxxxxx f15:c126901c f14:3f343a6c f13:41fa6a03
15054322ns          256704 1c008766 1c0006b7 lui              x13, 0x1c000000     x13=1c000000
15054342ns          256705 1c00876a 1386a683 lw               x13, 312(x13)       x13=c23f0e08 x13:1c000000  PA:1c000138
15054640ns          256720 1c00876e d0057553 fcvt.s.w         f10, x10            f10=xxxxxxxx x10:00000005
15054660ns          256721 1c008772 68e7f7c3 fmadd.s          f15, f15, f14, f13  f15=xxxxxxxx f15:41bfc858 f14:3f343a6c f13:c23f0e08
15054680ns          256722 1c008776 1c0006b7 lui              x13, 0x1c000000     x13=1c000000
15054700ns          256723 1c00877a 13c6a683 lw               x13, 316(x13)       x13=42390412 x13:1c000000  PA:1c00013c
15055038ns          256740 1c00877e 68e7f7c3 fmadd.s          f15, f15, f14, f13  f15=xxxxxxxx f15:c1f7176e f14:3f343a6c f13:42390412
15055058ns          256741 1c008782 1c0006b7 lui              x13, 0x1c000000     x13=1c000000
15055078ns          256742 1c008786 1406a683 lw               x13, 320(x13)       x13=c1efd21b x13:1c000000  PA:1c000140
15055396ns          256758 1c00878a 68e7f7c3 fmadd.s          f15, f15, f14, f13  f15=xxxxxxxx f15:41c41347 f14:3f343a6c f13:c1efd21b
15055416ns          256759 1c00878e 1c0006b7 lui              x13, 0x1c000000     x13=1c000000
15055436ns          256760 1c008792 1446a683 lw               x13, 324(x13)       x13=41644a86 x13:1c000000  PA:1c000144
15055754ns          256776 1c008796 68e7f7c3 fmadd.s          f15, f15, f14, f13  f15=xxxxxxxx f15:c14b8f9c f14:3f343a6c f13:41644a86
15055774ns          256777 1c00879a 1c0006b7 lui              x13, 0x1c000000     x13=1c000000
15055794ns          256778 1c00879e 1486a683 lw               x13, 328(x13)       x13=c087dba8 x13:1c000000  PA:1c000148
15056112ns          256794 1c0087a2 68e7f7c3 fmadd.s          f15, f15, f14, f13  f15=xxxxxxxx f15:40a9f630 f14:3f343a6c f13:c087dba8
15056132ns          256795 1c0087a6 00a7f553 fadd.s           f10, f15, f10       f10=xxxxxxxx f15:bf019e26 f10:40a00000
15056152ns          256796 1c0087aa 00008067 jalr             x0, x1, 0            x1:1c0081c2
15056212ns          256799 1c0081c2 11557553 fmul.s           f10, f10, f21       f10=xxxxxxxx f10:408fcc3b f21:3f317218
15056232ns          256800 1c0081c6 00a4222b p.sw             x10, 4(x8!)          x8=1000176c x10:40475896  x8:10001768  PA:10001768
15056252ns          256801 1c0081ca ff4419e3 bne              x8, x20, -14         x8:1000176c x20:100017d8
15056311ns          256804 1c0081bc 0049a50b p.lw             x10, 4(x19!)        x10=42ae7db6 x19=1c010448 x19:1c010444  PA:1c010444
15056610ns          256819 1c0081c0 558000ef jal              x1, 1368             x1=1c0081c2
15056630ns          256820 1c008718 e00517d3 fclass.s         x15, f10            x15=00000040 f10:42ae7db6
15056649ns          256821 1c00871c 0817f793 andi             x15, x15, 129       x15=00000000 x15:00000040
15056669ns          256822 1c008720 08079b63 bne              x15, x0, 150        x15:00000000
15056689ns          256823 1c008722 00000793 addi             x15, x0, 0          x15=00000000
15056709ns          256824 1c008726 a0f52753 feq.s            x14, f10, f15       x14=00000000 f10:42ae7db6 f15:00000000
15056729ns          256825 1c00872a 08071163 bne              x14, x0, 130        x14:00000000
15056749ns          256826 1c00872c a0f507d3 fle.s            x15, f10, f15       x15=00000000 f10:42ae7db6 f15:00000000
15056769ns          256827 1c008730 08079863 bne              x15, x0, 144        x15:00000000
15056789ns          256828 1c008732 a0a527d3 feq.s            x15, f10, f10       x15=00000001 f10:42ae7db6 f10:42ae7db6
15056809ns          256829 1c008736 08078563 beq              x15, x0, 138        x15:00000001
15056828ns          256830 1c008738 d17537b3 p.bclr           x15, x10, 8, 23     x15=002e7db6 x10:42ae7db6
15056848ns          256831 1c00873c cb87c733 p.bset           x14, x15, 5, 24     x14=3f2e7db6 x15:002e7db6
15056868ns          256832 1c008740 1c0006b7 lui              x13, 0x1c000000     x13=1c000000
15056888ns          256833 1c008744 1c0007b7 lui              x15, 0x1c000000     x15=1c000000
15056908ns          256834 1c008748 1306a683 lw               x13, 304(x13)       x13=c13c5fa8 x13:1c000000  PA:1c000130
15057206ns          256849 1c00874c 12c7a783 lw               x15, 300(x15)       x15=3ff7d7e5 x15:1c000000  PA:1c00012c
15057505ns          256864 1c008750 41755513 srai             x10, x10, 0x417     x10=00000085 x10:42ae7db6
15057525ns          256865 1c008752 68e7f7c3 fmadd.s          f15, f15, f14, f13  f15=xxxxxxxx f15:3ff7d7e5 f14:3f2e7db6 f13:c13c5fa8
15057544ns          256866 1c008756 1c0006b7 lui              x13, 0x1c000000     x13=1c000000
15057564ns          256867 1c00875a 1346a683 lw               x13, 308(x13)       x13=41fa6a03 x13:1c000000  PA:1c000134
15057863ns          256882 1c00875e f8250513 addi             x10, x10, -126      x10=00000007 x10:00000085
15057883ns          256883 1c008762 68e7f7c3 fmadd.s          f15, f15, f14, f13  f15=xxxxxxxx f15:c12741da f14:3f2e7db6 f13:41fa6a03
15057903ns          256884 1c008766 1c0006b7 lui              x13, 0x1c000000     x13=1c000000
15057922ns          256885 1c00876a 1386a683 lw               x13, 312(x13)       x13=c23f0e08 x13:1c000000  PA:1c000138
15058221ns          256900 1c00876e d0057553 fcvt.s.w         f10, x10            f10=xxxxxxxx x10:00000007
15058241ns          256901 1c008772 68e7f7c3 fmadd.s          f15, f15, f14, f13  f15=xxxxxxxx f15:41c16991 f14:3f2e7db6 f13:c23f0e08
15058261ns          256902 1c008776 1c0006b7 lui              x13, 0x1c000000     x13=1c000000
15058280ns          256903 1c00877a 13c6a683 lw               x13, 316(x13)       x13=42390412 x13:1c000000  PA:1c00013c
15058599ns          256919 1c00877e 68e7f7c3 fmadd.s          f15, f15, f14, f13  f15=xxxxxxxx f15:c1fa4755 f14:3f2e7db6 f13:42390412
15058619ns          256920 1c008782 1c0006b7 lui              x13, 0x1c000000     x13=1c000000
15058638ns          256921 1c008786 1406a683 lw               x13, 320(x13)       x13=c1efd21b x13:1c000000  PA:1c000140
15058997ns          256939 1c00878a 68e7f7c3 fmadd.s          f15, f15, f14, f13  f15=xxxxxxxx f15:41c770c1 f14:3f2e7db6 f13:c1efd21b
15059016ns          256940 1c00878e 1c0006b7 lui              x13, 0x1c000000     x13=1c000000
15059036ns          256941 1c008792 1446a683 lw               x13, 324(x13)       x13=41644a86 x13:1c000000  PA:1c000144
15059355ns          256957 1c008796 68e7f7c3 fmadd.s          f15, f15, f14, f13  f15=xxxxxxxx f15:c14fc310 f14:3f2e7db6 f13:41644a86
15059374ns          256958 1c00879a 1c0006b7 lui              x13, 0x1c000000     x13=1c000000
15059394ns          256959 1c00879e 1486a683 lw               x13, 328(x13)       x13=c087dba8 x13:1c000000  PA:1c000148
15059713ns          256975 1c0087a2 68e7f7c3 fmadd.s          f15, f15, f14, f13  f15=xxxxxxxx f15:40ad5bd6 f14:3f2e7db6 f13:c087dba8
15059732ns          256976 1c0087a6 00a7f553 fadd.s           f10, f15, f10       f10=xxxxxxxx f15:bf0d90dc f10:40e00000
15059752ns          256977 1c0087aa 00008067 jalr             x0, x1, 0            x1:1c0081c2
15059812ns          256980 1c0081c2 11557553 fmul.s           f10, f10, f21       f10=xxxxxxxx f10:40ce4de4 f21:3f317218
15059832ns          256981 1c0081c6 00a4222b p.sw             x10, 4(x8!)          x8=10001770 x10:408effcd  x8:1000176c  PA:1000176c
15059852ns          256982 1c0081ca ff4419e3 bne              x8, x20, -14         x8:10001770 x20:100017d8
15059911ns          256985 1c0081bc 0049a50b p.lw             x10, 4(x19!)        x10=42b0a9d9 x19=1c01044c x19:1c010448  PA:1c010448
15060230ns          257001 1c0081c0 558000ef jal              x1, 1368             x1=1c0081c2
15060250ns          257002 1c008718 e00517d3 fclass.s         x15, f10            x15=00000040 f10:42b0a9d9
15060270ns          257003 1c00871c 0817f793 andi             x15, x15, 129       x15=00000000 x15:00000040
15060289ns          257004 1c008720 08079b63 bne              x15, x0, 150        x15:00000000
15060309ns          257005 1c008722 00000793 addi             x15, x0, 0          x15=00000000
15060329ns          257006 1c008726 a0f52753 feq.s            x14, f10, f15       x14=00000000 f10:42b0a9d9 f15:00000000
15060349ns          257007 1c00872a 08071163 bne              x14, x0, 130        x14:00000000
15060369ns          257008 1c00872c a0f507d3 fle.s            x15, f10, f15       x15=00000000 f10:42b0a9d9 f15:00000000
15060389ns          257009 1c008730 08079863 bne              x15, x0, 144        x15:00000000
15060409ns          257010 1c008732 a0a527d3 feq.s            x15, f10, f10       x15=00000001 f10:42b0a9d9 f10:42b0a9d9
15060429ns          257011 1c008736 08078563 beq              x15, x0, 138        x15:00000001
15060449ns          257012 1c008738 d17537b3 p.bclr           x15, x10, 8, 23     x15=0030a9d9 x10:42b0a9d9
15060468ns          257013 1c00873c cb87c733 p.bset           x14, x15, 5, 24     x14=3f30a9d9 x15:0030a9d9
15060488ns          257014 1c008740 1c0006b7 lui              x13, 0x1c000000     x13=1c000000
15060508ns          257015 1c008744 1c0007b7 lui              x15, 0x1c000000     x15=1c000000
15060528ns          257016 1c008748 1306a683 lw               x13, 304(x13)       x13=c13c5fa8 x13:1c000000  PA:1c000130
15060826ns          257031 1c00874c 12c7a783 lw               x15, 300(x15)       x15=3ff7d7e5 x15:1c000000  PA:1c00012c
15061125ns          257046 1c008750 41755513 srai             x10, x10, 0x417     x10=00000085 x10:42b0a9d9
15061145ns          257047 1c008752 68e7f7c3 fmadd.s          f15, f15, f14, f13  f15=xxxxxxxx f15:3ff7d7e5 f14:3f30a9d9 f13:c13c5fa8
15061165ns          257048 1c008756 1c0006b7 lui              x13, 0x1c000000     x13=1c000000
15061185ns          257049 1c00875a 1346a683 lw               x13, 308(x13)       x13=41fa6a03 x13:1c000000  PA:1c000134
15061483ns          257064 1c00875e f8250513 addi             x10, x10, -126      x10=00000007 x10:00000085
15061503ns          257065 1c008762 68e7f7c3 fmadd.s          f15, f15, f14, f13  f15=xxxxxxxx f15:c126fe8c f14:3f30a9d9 f13:41fa6a03
15061523ns          257066 1c008766 1c0006b7 lui              x13, 0x1c000000     x13=1c000000
15061543ns          257067 1c00876a 1386a683 lw               x13, 312(x13)       x13=c23f0e08 x13:1c000000  PA:1c000138
15061841ns          257082 1c00876e d0057553 fcvt.s.w         f10, x10            f10=xxxxxxxx x10:00000007
15061861ns          257083 1c008772 68e7f7c3 fmadd.s          f15, f15, f14, f13  f15=xxxxxxxx f15:41c0cb1d f14:3f30a9d9 f13:c23f0e08
15061881ns          257084 1c008776 1c0006b7 lui              x13, 0x1c000000     x13=1c000000
15061901ns          257085 1c00877a 13c6a683 lw               x13, 316(x13)       x13=42390412 x13:1c000000  PA:1c00013c
15062219ns          257101 1c00877e 68e7f7c3 fmadd.s          f15, f15, f14, f13  f15=xxxxxxxx f15:c1f91083 f14:3f30a9d9 f13:42390412
15062239ns          257102 1c008782 1c0006b7 lui              x13, 0x1c000000     x13=1c000000
15062259ns          257103 1c008786 1406a683 lw               x13, 320(x13)       x13=c1efd21b x13:1c000000  PA:1c000140
15062577ns          257119 1c00878a 68e7f7c3 fmadd.s          f15, f15, f14, f13  f15=xxxxxxxx f15:41c6278b f14:3f30a9d9 f13:c1efd21b
15062597ns          257120 1c00878e 1c0006b7 lui              x13, 0x1c000000     x13=1c000000
15062617ns          257121 1c008792 1446a683 lw               x13, 324(x13)       x13=41644a86 x13:1c000000  PA:1c000144
15062955ns          257138 1c008796 68e7f7c3 fmadd.s          f15, f15, f14, f13  f15=xxxxxxxx f15:c14e26e7 f14:3f30a9d9 f13:41644a86
15062975ns          257139 1c00879a 1c0006b7 lui              x13, 0x1c000000     x13=1c000000
15062995ns          257140 1c00879e 1486a683 lw               x13, 328(x13)       x13=c087dba8 x13:1c000000  PA:1c000148
15063313ns          257156 1c0087a2 68e7f7c3 fmadd.s          f15, f15, f14, f13  f15=xxxxxxxx f15:40ac0e02 f14:3f30a9d9 f13:c087dba8
15063333ns          257157 1c0087a6 00a7f553 fadd.s           f10, f15, f10       f10=xxxxxxxx f15:bf08fefc f10:40e00000
15063353ns          257158 1c0087aa 00008067 jalr             x0, x1, 0            x1:1c0081c2
15063412ns          257161 1c0081c2 11557553 fmul.s           f10, f10, f21       f10=xxxxxxxx f10:40cee020 f21:3f317218
15063432ns          257162 1c0081c6 00a4222b p.sw             x10, 4(x8!)          x8=10001774 x10:408f6529  x8:10001770  PA:10001770
15063452ns          257163 1c0081ca ff4419e3 bne              x8, x20, -14         x8:10001774 x20:100017d8
15063512ns          257166 1c0081bc 0049a50b p.lw             x10, 4(x19!)        x10=40b2b8ea x19=1c010450 x19:1c01044c  PA:1c01044c
15063810ns          257181 1c0081c0 558000ef jal              x1, 1368             x1=1c0081c2
15063830ns          257182 1c008718 e00517d3 fclass.s         x15, f10            x15=00000040 f10:40b2b8ea
15063850ns          257183 1c00871c 0817f793 andi             x15, x15, 129       x15=00000000 x15:00000040
15063870ns          257184 1c008720 08079b63 bne              x15, x0, 150        x15:00000000
15063890ns          257185 1c008722 00000793 addi             x15, x0, 0          x15=00000000
15063910ns          257186 1c008726 a0f52753 feq.s            x14, f10, f15       x14=00000000 f10:40b2b8ea f15:00000000
15063929ns          257187 1c00872a 08071163 bne              x14, x0, 130        x14:00000000
15063949ns          257188 1c00872c a0f507d3 fle.s            x15, f10, f15       x15=00000000 f10:40b2b8ea f15:00000000
15063969ns          257189 1c008730 08079863 bne              x15, x0, 144        x15:00000000
15063989ns          257190 1c008732 a0a527d3 feq.s            x15, f10, f10       x15=00000001 f10:40b2b8ea f10:40b2b8ea
15064009ns          257191 1c008736 08078563 beq              x15, x0, 138        x15:00000001
15064029ns          257192 1c008738 d17537b3 p.bclr           x15, x10, 8, 23     x15=0032b8ea x10:40b2b8ea
15064049ns          257193 1c00873c cb87c733 p.bset           x14, x15, 5, 24     x14=3f32b8ea x15:0032b8ea
15064069ns          257194 1c008740 1c0006b7 lui              x13, 0x1c000000     x13=1c000000
15064089ns          257195 1c008744 1c0007b7 lui              x15, 0x1c000000     x15=1c000000
15064108ns          257196 1c008748 1306a683 lw               x13, 304(x13)       x13=c13c5fa8 x13:1c000000  PA:1c000130
15064407ns          257211 1c00874c 12c7a783 lw               x15, 300(x15)       x15=3ff7d7e5 x15:1c000000  PA:1c00012c
15064705ns          257226 1c008750 41755513 srai             x10, x10, 0x417     x10=00000081 x10:40b2b8ea
15064725ns          257227 1c008752 68e7f7c3 fmadd.s          f15, f15, f14, f13  f15=xxxxxxxx f15:3ff7d7e5 f14:3f32b8ea f13:c13c5fa8
15064745ns          257228 1c008756 1c0006b7 lui              x13, 0x1c000000     x13=1c000000
15064765ns          257229 1c00875a 1346a683 lw               x13, 308(x13)       x13=41fa6a03 x13:1c000000  PA:1c000134
15065063ns          257244 1c00875e f8250513 addi             x10, x10, -126      x10=00000003 x10:00000081
15065083ns          257245 1c008762 68e7f7c3 fmadd.s          f15, f15, f14, f13  f15=xxxxxxxx f15:c126bec4 f14:3f32b8ea f13:41fa6a03
15065103ns          257246 1c008766 1c0006b7 lui              x13, 0x1c000000     x13=1c000000
15065123ns          257247 1c00876a 1386a683 lw               x13, 312(x13)       x13=c23f0e08 x13:1c000000  PA:1c000138
15065421ns          257262 1c00876e d0057553 fcvt.s.w         f10, x10            f10=xxxxxxxx x10:00000003
15065441ns          257263 1c008772 68e7f7c3 fmadd.s          f15, f15, f14, f13  f15=xxxxxxxx f15:41c03578 f14:3f32b8ea f13:c23f0e08
15065461ns          257264 1c008776 1c0006b7 lui              x13, 0x1c000000     x13=1c000000
15065481ns          257265 1c00877a 13c6a683 lw               x13, 316(x13)       x13=42390412 x13:1c000000  PA:1c00013c
15065799ns          257281 1c00877e 68e7f7c3 fmadd.s          f15, f15, f14, f13  f15=xxxxxxxx f15:c1f7ec0c f14:3f32b8ea f13:42390412
15065819ns          257282 1c008782 1c0006b7 lui              x13, 0x1c000000     x13=1c000000
15065839ns          257283 1c008786 1406a683 lw               x13, 320(x13)       x13=c1efd21b x13:1c000000  PA:1c000140
15066157ns          257299 1c00878a 68e7f7c3 fmadd.s          f15, f15, f14, f13  f15=xxxxxxxx f15:41c4f2ef f14:3f32b8ea f13:c1efd21b
15066177ns          257300 1c00878e 1c0006b7 lui              x13, 0x1c000000     x13=1c000000
15066197ns          257301 1c008792 1446a683 lw               x13, 324(x13)       x13=41644a86 x13:1c000000  PA:1c000144
15066535ns          257318 1c008796 68e7f7c3 fmadd.s          f15, f15, f14, f13  f15=xxxxxxxx f15:c14ca5dc f14:3f32b8ea f13:41644a86
15066555ns          257319 1c00879a 1c0006b7 lui              x13, 0x1c000000     x13=1c000000
15066575ns          257320 1c00879e 1486a683 lw               x13, 328(x13)       x13=c087dba8 x13:1c000000  PA:1c000148
15066913ns          257337 1c0087a2 68e7f7c3 fmadd.s          f15, f15, f14, f13  f15=xxxxxxxx f15:40aad6c2 f14:3f32b8ea f13:c087dba8
15066933ns          257338 1c0087a6 00a7f553 fadd.s           f10, f15, f10       f10=xxxxxxxx f15:bf04b775 f10:40400000
15066953ns          257339 1c0087aa 00008067 jalr             x0, x1, 0            x1:1c0081c2
15067012ns          257342 1c0081c2 11557553 fmul.s           f10, f10, f21       f10=xxxxxxxx f10:401ed223 f21:3f317218
15067032ns          257343 1c0081c6 00a4222b p.sw             x10, 4(x8!)          x8=10001778 x10:3fdc2c25  x8:10001774  PA:10001774
15067052ns          257344 1c0081ca ff4419e3 bne              x8, x20, -14         x8:10001778 x20:100017d8
15067112ns          257347 1c0081bc 0049a50b p.lw             x10, 4(x19!)        x10=428c14d9 x19=1c010454 x19:1c010450  PA:1c010450
15067410ns          257362 1c0081c0 558000ef jal              x1, 1368             x1=1c0081c2
15067430ns          257363 1c008718 e00517d3 fclass.s         x15, f10            x15=00000040 f10:428c14d9
15067450ns          257364 1c00871c 0817f793 andi             x15, x15, 129       x15=00000000 x15:00000040
15067470ns          257365 1c008720 08079b63 bne              x15, x0, 150        x15:00000000
15067490ns          257366 1c008722 00000793 addi             x15, x0, 0          x15=00000000
15067510ns          257367 1c008726 a0f52753 feq.s            x14, f10, f15       x14=00000000 f10:428c14d9 f15:00000000
15067530ns          257368 1c00872a 08071163 bne              x14, x0, 130        x14:00000000
15067550ns          257369 1c00872c a0f507d3 fle.s            x15, f10, f15       x15=00000000 f10:428c14d9 f15:00000000
15067569ns          257370 1c008730 08079863 bne              x15, x0, 144        x15:00000000
15067589ns          257371 1c008732 a0a527d3 feq.s            x15, f10, f10       x15=00000001 f10:428c14d9 f10:428c14d9
15067609ns          257372 1c008736 08078563 beq              x15, x0, 138        x15:00000001
15067629ns          257373 1c008738 d17537b3 p.bclr           x15, x10, 8, 23     x15=000c14d9 x10:428c14d9
15067649ns          257374 1c00873c cb87c733 p.bset           x14, x15, 5, 24     x14=3f0c14d9 x15:000c14d9
15067669ns          257375 1c008740 1c0006b7 lui              x13, 0x1c000000     x13=1c000000
15067689ns          257376 1c008744 1c0007b7 lui              x15, 0x1c000000     x15=1c000000
15067709ns          257377 1c008748 1306a683 lw               x13, 304(x13)       x13=c13c5fa8 x13:1c000000  PA:1c000130
15068007ns          257392 1c00874c 12c7a783 lw               x15, 300(x15)       x15=3ff7d7e5 x15:1c000000  PA:1c00012c
15068325ns          257408 1c008750 41755513 srai             x10, x10, 0x417     x10=00000085 x10:428c14d9
15068345ns          257409 1c008752 68e7f7c3 fmadd.s          f15, f15, f14, f13  f15=xxxxxxxx f15:3ff7d7e5 f14:3f0c14d9 f13:c13c5fa8
15068365ns          257410 1c008756 1c0006b7 lui              x13, 0x1c000000     x13=1c000000
15068385ns          257411 1c00875a 1346a683 lw               x13, 308(x13)       x13=41fa6a03 x13:1c000000  PA:1c000134
15068683ns          257426 1c00875e f8250513 addi             x10, x10, -126      x10=00000007 x10:00000085
15068703ns          257427 1c008762 68e7f7c3 fmadd.s          f15, f15, f14, f13  f15=xxxxxxxx f15:c12b6be0 f14:3f0c14d9 f13:41fa6a03
15068723ns          257428 1c008766 1c0006b7 lui              x13, 0x1c000000     x13=1c000000
15068743ns          257429 1c00876a 1386a683 lw               x13, 312(x13)       x13=c23f0e08 x13:1c000000  PA:1c000138
15069041ns          257444 1c00876e d0057553 fcvt.s.w         f10, x10            f10=xxxxxxxx x10:00000007
15069061ns          257445 1c008772 68e7f7c3 fmadd.s          f15, f15, f14, f13  f15=xxxxxxxx f15:41cb8389 f14:3f0c14d9 f13:c23f0e08
15069081ns          257446 1c008776 1c0006b7 lui              x13, 0x1c000000     x13=1c000000
15069101ns          257447 1c00877a 13c6a683 lw               x13, 316(x13)       x13=42390412 x13:1c000000  PA:1c00013c
15069419ns          257463 1c00877e 68e7f7c3 fmadd.s          f15, f15, f14, f13  f15=xxxxxxxx f15:c2075fc7 f14:3f0c14d9 f13:42390412
15069439ns          257464 1c008782 1c0006b7 lui              x13, 0x1c000000     x13=1c000000
15069459ns          257465 1c008786 1406a683 lw               x13, 320(x13)       x13=c1efd21b x13:1c000000  PA:1c000140
15069777ns          257481 1c00878a 68e7f7c3 fmadd.s          f15, f15, f14, f13  f15=xxxxxxxx f15:41dde156 f14:3f0c14d9 f13:c1efd21b
15069797ns          257482 1c00878e 1c0006b7 lui              x13, 0x1c000000     x13=1c000000
15069817ns          257483 1c008792 1446a683 lw               x13, 324(x13)       x13=41644a86 x13:1c000000  PA:1c000144
15070135ns          257499 1c008796 68e7f7c3 fmadd.s          f15, f15, f14, f13  f15=xxxxxxxx f15:c16cd19d f14:3f0c14d9 f13:41644a86
15070155ns          257500 1c00879a 1c0006b7 lui              x13, 0x1c000000     x13=1c000000
15070175ns          257501 1c00879e 1486a683 lw               x13, 328(x13)       x13=c087dba8 x13:1c000000  PA:1c000148
15070513ns          257518 1c0087a2 68e7f7c3 fmadd.s          f15, f15, f14, f13  f15=xxxxxxxx f15:40c56936 f14:3f0c14d9 f13:c087dba8
15070533ns          257519 1c0087a6 00a7f553 fadd.s           f10, f15, f10       f10=xxxxxxxx f15:bf5eb057 f10:40e00000
15070553ns          257520 1c0087aa 00008067 jalr             x0, x1, 0            x1:1c0081c2
15070613ns          257523 1c0081c2 11557553 fmul.s           f10, f10, f21       f10=xxxxxxxx f10:40c429f5 f21:3f317218
15070633ns          257524 1c0081c6 00a4222b p.sw             x10, 4(x8!)          x8=1000177c x10:4087f86f  x8:10001778  PA:10001778
15070653ns          257525 1c0081ca ff4419e3 bne              x8, x20, -14         x8:1000177c x20:100017d8
15070712ns          257528 1c0081bc 0049a50b p.lw             x10, 4(x19!)        x10=42a07585 x19=1c010458 x19:1c010454  PA:1c010454
15071011ns          257543 1c0081c0 558000ef jal              x1, 1368             x1=1c0081c2
15071030ns          257544 1c008718 e00517d3 fclass.s         x15, f10            x15=00000040 f10:42a07585
15071050ns          257545 1c00871c 0817f793 andi             x15, x15, 129       x15=00000000 x15:00000040
15071070ns          257546 1c008720 08079b63 bne              x15, x0, 150        x15:00000000
15071090ns          257547 1c008722 00000793 addi             x15, x0, 0          x15=00000000
15071110ns          257548 1c008726 a0f52753 feq.s            x14, f10, f15       x14=00000000 f10:42a07585 f15:00000000
15071130ns          257549 1c00872a 08071163 bne              x14, x0, 130        x14:00000000
15071150ns          257550 1c00872c a0f507d3 fle.s            x15, f10, f15       x15=00000000 f10:42a07585 f15:00000000
15071170ns          257551 1c008730 08079863 bne              x15, x0, 144        x15:00000000
15071190ns          257552 1c008732 a0a527d3 feq.s            x15, f10, f10       x15=00000001 f10:42a07585 f10:42a07585
15071209ns          257553 1c008736 08078563 beq              x15, x0, 138        x15:00000001
15071229ns          257554 1c008738 d17537b3 p.bclr           x15, x10, 8, 23     x15=00207585 x10:42a07585
15071249ns          257555 1c00873c cb87c733 p.bset           x14, x15, 5, 24     x14=3f207585 x15:00207585
15071269ns          257556 1c008740 1c0006b7 lui              x13, 0x1c000000     x13=1c000000
15071289ns          257557 1c008744 1c0007b7 lui              x15, 0x1c000000     x15=1c000000
15071309ns          257558 1c008748 1306a683 lw               x13, 304(x13)       x13=c13c5fa8 x13:1c000000  PA:1c000130
15071607ns          257573 1c00874c 12c7a783 lw               x15, 300(x15)       x15=3ff7d7e5 x15:1c000000  PA:1c00012c
15071906ns          257588 1c008750 41755513 srai             x10, x10, 0x417     x10=00000085 x10:42a07585
15071926ns          257589 1c008752 68e7f7c3 fmadd.s          f15, f15, f14, f13  f15=xxxxxxxx f15:3ff7d7e5 f14:3f207585 f13:c13c5fa8
15071945ns          257590 1c008756 1c0006b7 lui              x13, 0x1c000000     x13=1c000000
15071965ns          257591 1c00875a 1346a683 lw               x13, 308(x13)       x13=41fa6a03 x13:1c000000  PA:1c000134
15072323ns          257609 1c00875e f8250513 addi             x10, x10, -126      x10=00000007 x10:00000085
15072343ns          257610 1c008762 68e7f7c3 fmadd.s          f15, f15, f14, f13  f15=xxxxxxxx f15:c128f491 f14:3f207585 f13:41fa6a03
15072363ns          257611 1c008766 1c0006b7 lui              x13, 0x1c000000     x13=1c000000
15072383ns          257612 1c00876a 1386a683 lw               x13, 312(x13)       x13=c23f0e08 x13:1c000000  PA:1c000138
15072681ns          257627 1c00876e d0057553 fcvt.s.w         f10, x10            f10=xxxxxxxx x10:00000007
15072701ns          257628 1c008772 68e7f7c3 fmadd.s          f15, f15, f14, f13  f15=xxxxxxxx f15:41c576ce f14:3f207585 f13:c23f0e08
15072721ns          257629 1c008776 1c0006b7 lui              x13, 0x1c000000     x13=1c000000
15072741ns          257630 1c00877a 13c6a683 lw               x13, 316(x13)       x13=42390412 x13:1c000000  PA:1c00013c
15073059ns          257646 1c00877e 68e7f7c3 fmadd.s          f15, f15, f14, f13  f15=xxxxxxxx f15:c2012b95 f14:3f207585 f13:42390412
15073079ns          257647 1c008782 1c0006b7 lui              x13, 0x1c000000     x13=1c000000
15073099ns          257648 1c008786 1406a683 lw               x13, 320(x13)       x13=c1efd21b x13:1c000000  PA:1c000140
15073417ns          257664 1c00878a 68e7f7c3 fmadd.s          f15, f15, f14, f13  f15=xxxxxxxx f15:41d01b12 f14:3f207585 f13:c1efd21b
15073437ns          257665 1c00878e 1c0006b7 lui              x13, 0x1c000000     x13=1c000000
15073457ns          257666 1c008792 1446a683 lw               x13, 324(x13)       x13=41644a86 x13:1c000000  PA:1c000144
15073775ns          257682 1c008796 68e7f7c3 fmadd.s          f15, f15, f14, f13  f15=xxxxxxxx f15:c15ac34f f14:3f207585 f13:41644a86
15073795ns          257683 1c00879a 1c0006b7 lui              x13, 0x1c000000     x13=1c000000
15073815ns          257684 1c00879e 1486a683 lw               x13, 328(x13)       x13=c087dba8 x13:1c000000  PA:1c000148
15074133ns          257700 1c0087a2 68e7f7c3 fmadd.s          f15, f15, f14, f13  f15=xxxxxxxx f15:40b6580f f14:3f207585 f13:c087dba8
15074153ns          257701 1c0087a6 00a7f553 fadd.s           f10, f15, f10       f10=xxxxxxxx f15:bf2c874d f10:40e00000
15074173ns          257702 1c0087aa 00008067 jalr             x0, x1, 0            x1:1c0081c2
15074233ns          257705 1c0081c2 11557553 fmul.s           f10, f10, f21       f10=xxxxxxxx f10:40ca6f16 f21:3f317218
15074253ns          257706 1c0081c6 00a4222b p.sw             x10, 4(x8!)          x8=10001780 x10:408c5107  x8:1000177c  PA:1000177c
15074273ns          257707 1c0081ca ff4419e3 bne              x8, x20, -14         x8:10001780 x20:100017d8
15074332ns          257710 1c0081bc 0049a50b p.lw             x10, 4(x19!)        x10=4105b698 x19=1c01045c x19:1c010458  PA:1c010458
15074631ns          257725 1c0081c0 558000ef jal              x1, 1368             x1=1c0081c2
15074651ns          257726 1c008718 e00517d3 fclass.s         x15, f10            x15=00000040 f10:4105b698
15074670ns          257727 1c00871c 0817f793 andi             x15, x15, 129       x15=00000000 x15:00000040
15074690ns          257728 1c008720 08079b63 bne              x15, x0, 150        x15:00000000
15074710ns          257729 1c008722 00000793 addi             x15, x0, 0          x15=00000000
15074730ns          257730 1c008726 a0f52753 feq.s            x14, f10, f15       x14=00000000 f10:4105b698 f15:00000000
15074750ns          257731 1c00872a 08071163 bne              x14, x0, 130        x14:00000000
15074770ns          257732 1c00872c a0f507d3 fle.s            x15, f10, f15       x15=00000000 f10:4105b698 f15:00000000
15074790ns          257733 1c008730 08079863 bne              x15, x0, 144        x15:00000000
15074810ns          257734 1c008732 a0a527d3 feq.s            x15, f10, f10       x15=00000001 f10:4105b698 f10:4105b698
15074830ns          257735 1c008736 08078563 beq              x15, x0, 138        x15:00000001
15074849ns          257736 1c008738 d17537b3 p.bclr           x15, x10, 8, 23     x15=0005b698 x10:4105b698
15074869ns          257737 1c00873c cb87c733 p.bset           x14, x15, 5, 24     x14=3f05b698 x15:0005b698
15074889ns          257738 1c008740 1c0006b7 lui              x13, 0x1c000000     x13=1c000000
15074909ns          257739 1c008744 1c0007b7 lui              x15, 0x1c000000     x15=1c000000
15074929ns          257740 1c008748 1306a683 lw               x13, 304(x13)       x13=c13c5fa8 x13:1c000000  PA:1c000130
15075227ns          257755 1c00874c 12c7a783 lw               x15, 300(x15)       x15=3ff7d7e5 x15:1c000000  PA:1c00012c
15075526ns          257770 1c008750 41755513 srai             x10, x10, 0x417     x10=00000082 x10:4105b698
15075546ns          257771 1c008752 68e7f7c3 fmadd.s          f15, f15, f14, f13  f15=xxxxxxxx f15:3ff7d7e5 f14:3f05b698 f13:c13c5fa8
15075566ns          257772 1c008756 1c0006b7 lui              x13, 0x1c000000     x13=1c000000
15075585ns          257773 1c00875a 1346a683 lw               x13, 308(x13)       x13=41fa6a03 x13:1c000000  PA:1c000134
15075884ns          257788 1c00875e f8250513 addi             x10, x10, -126      x10=00000004 x10:00000082
15075904ns          257789 1c008762 68e7f7c3 fmadd.s          f15, f15, f14, f13  f15=xxxxxxxx f15:c12c312a f14:3f05b698 f13:41fa6a03
15075924ns          257790 1c008766 1c0006b7 lui              x13, 0x1c000000     x13=1c000000
15075943ns          257791 1c00876a 1386a683 lw               x13, 312(x13)       x13=c23f0e08 x13:1c000000  PA:1c000138
15076282ns          257808 1c00876e d0057553 fcvt.s.w         f10, x10            f10=xxxxxxxx x10:00000004
15076301ns          257809 1c008772 68e7f7c3 fmadd.s          f15, f15, f14, f13  f15=xxxxxxxx f15:41cd71d5 f14:3f05b698 f13:c23f0e08
15076321ns          257810 1c008776 1c0006b7 lui              x13, 0x1c000000     x13=1c000000
15076341ns          257811 1c00877a 13c6a683 lw               x13, 316(x13)       x13=42390412 x13:1c000000  PA:1c00013c
15076660ns          257827 1c00877e 68e7f7c3 fmadd.s          f15, f15, f14, f13  f15=xxxxxxxx f15:c20966b2 f14:3f05b698 f13:42390412
15076679ns          257828 1c008782 1c0006b7 lui              x13, 0x1c000000     x13=1c000000
15076699ns          257829 1c008786 1406a683 lw               x13, 320(x13)       x13=c1efd21b x13:1c000000  PA:1c000140
15077018ns          257845 1c00878a 68e7f7c3 fmadd.s          f15, f15, f14, f13  f15=xxxxxxxx f15:41e27f6e f14:3f05b698 f13:c1efd21b
15077037ns          257846 1c00878e 1c0006b7 lui              x13, 0x1c000000     x13=1c000000
15077057ns          257847 1c008792 1446a683 lw               x13, 324(x13)       x13=41644a86 x13:1c000000  PA:1c000144
15077376ns          257863 1c008796 68e7f7c3 fmadd.s          f15, f15, f14, f13  f15=xxxxxxxx f15:c17308b4 f14:3f05b698 f13:41644a86
15077395ns          257864 1c00879a 1c0006b7 lui              x13, 0x1c000000     x13=1c000000
15077415ns          257865 1c00879e 1486a683 lw               x13, 328(x13)       x13=c087dba8 x13:1c000000  PA:1c000148
15077734ns          257881 1c0087a2 68e7f7c3 fmadd.s          f15, f15, f14, f13  f15=xxxxxxxx f15:40cab350 f14:3f05b698 f13:c087dba8
15077754ns          257882 1c0087a6 00a7f553 fadd.s           f10, f15, f10       f10=xxxxxxxx f15:bf6fdf5d f10:40800000
15077773ns          257883 1c0087aa 00008067 jalr             x0, x1, 0            x1:1c0081c2
15077833ns          257886 1c0081c2 11557553 fmul.s           f10, f10, f21       f10=xxxxxxxx f10:40440829 f21:3f317218
15077853ns          257887 1c0081c6 00a4222b p.sw             x10, 4(x8!)          x8=10001784 x10:4007e102  x8:10001780  PA:10001780
15077873ns          257888 1c0081ca ff4419e3 bne              x8, x20, -14         x8:10001784 x20:100017d8
15077933ns          257891 1c0081bc 0049a50b p.lw             x10, 4(x19!)        x10=4017e918 x19=1c010460 x19:1c01045c  PA:1c01045c
15078231ns          257906 1c0081c0 558000ef jal              x1, 1368             x1=1c0081c2
15078251ns          257907 1c008718 e00517d3 fclass.s         x15, f10            x15=00000040 f10:4017e918
15078271ns          257908 1c00871c 0817f793 andi             x15, x15, 129       x15=00000000 x15:00000040
15078291ns          257909 1c008720 08079b63 bne              x15, x0, 150        x15:00000000
15078310ns          257910 1c008722 00000793 addi             x15, x0, 0          x15=00000000
15078330ns          257911 1c008726 a0f52753 feq.s            x14, f10, f15       x14=00000000 f10:4017e918 f15:00000000
15078350ns          257912 1c00872a 08071163 bne              x14, x0, 130        x14:00000000
15078370ns          257913 1c00872c a0f507d3 fle.s            x15, f10, f15       x15=00000000 f10:4017e918 f15:00000000
15078390ns          257914 1c008730 08079863 bne              x15, x0, 144        x15:00000000
15078410ns          257915 1c008732 a0a527d3 feq.s            x15, f10, f10       x15=00000001 f10:4017e918 f10:4017e918
15078430ns          257916 1c008736 08078563 beq              x15, x0, 138        x15:00000001
15078450ns          257917 1c008738 d17537b3 p.bclr           x15, x10, 8, 23     x15=0017e918 x10:4017e918
15078470ns          257918 1c00873c cb87c733 p.bset           x14, x15, 5, 24     x14=3f17e918 x15:0017e918
15078489ns          257919 1c008740 1c0006b7 lui              x13, 0x1c000000     x13=1c000000
15078509ns          257920 1c008744 1c0007b7 lui              x15, 0x1c000000     x15=1c000000
15078529ns          257921 1c008748 1306a683 lw               x13, 304(x13)       x13=c13c5fa8 x13:1c000000  PA:1c000130
15078867ns          257938 1c00874c 12c7a783 lw               x15, 300(x15)       x15=3ff7d7e5 x15:1c000000  PA:1c00012c
15079166ns          257953 1c008750 41755513 srai             x10, x10, 0x417     x10=00000080 x10:4017e918
15079186ns          257954 1c008752 68e7f7c3 fmadd.s          f15, f15, f14, f13  f15=xxxxxxxx f15:3ff7d7e5 f14:3f17e918 f13:c13c5fa8
15079206ns          257955 1c008756 1c0006b7 lui              x13, 0x1c000000     x13=1c000000
15079225ns          257956 1c00875a 1346a683 lw               x13, 308(x13)       x13=41fa6a03 x13:1c000000  PA:1c000134
15079524ns          257971 1c00875e f8250513 addi             x10, x10, -126      x10=00000002 x10:00000080
15079544ns          257972 1c008762 68e7f7c3 fmadd.s          f15, f15, f14, f13  f15=xxxxxxxx f15:c129fd68 f14:3f17e918 f13:41fa6a03
15079564ns          257973 1c008766 1c0006b7 lui              x13, 0x1c000000     x13=1c000000
15079583ns          257974 1c00876a 1386a683 lw               x13, 312(x13)       x13=c23f0e08 x13:1c000000  PA:1c000138
15079882ns          257989 1c00876e d0057553 fcvt.s.w         f10, x10            f10=xxxxxxxx x10:00000002
15079902ns          257990 1c008772 68e7f7c3 fmadd.s          f15, f15, f14, f13  f15=xxxxxxxx f15:41c7fa63 f14:3f17e918 f13:c23f0e08
15079922ns          257991 1c008776 1c0006b7 lui              x13, 0x1c000000     x13=1c000000
15079941ns          257992 1c00877a 13c6a683 lw               x13, 316(x13)       x13=42390412 x13:1c000000  PA:1c00013c
15080300ns          258010 1c00877e 68e7f7c3 fmadd.s          f15, f15, f14, f13  f15=xxxxxxxx f15:c203b8a5 f14:3f17e918 f13:42390412
15080319ns          258011 1c008782 1c0006b7 lui              x13, 0x1c000000     x13=1c000000
15080339ns          258012 1c008786 1406a683 lw               x13, 320(x13)       x13=c1efd21b x13:1c000000  PA:1c000140
15080658ns          258028 1c00878a 68e7f7c3 fmadd.s          f15, f15, f14, f13  f15=xxxxxxxx f15:41d5b473 f14:3f17e918 f13:c1efd21b
15080677ns          258029 1c00878e 1c0006b7 lui              x13, 0x1c000000     x13=1c000000
15080697ns          258030 1c008792 1446a683 lw               x13, 324(x13)       x13=41644a86 x13:1c000000  PA:1c000144
15081016ns          258046 1c008796 68e7f7c3 fmadd.s          f15, f15, f14, f13  f15=xxxxxxxx f15:c162042c f14:3f17e918 f13:41644a86
15081035ns          258047 1c00879a 1c0006b7 lui              x13, 0x1c000000     x13=1c000000
15081055ns          258048 1c00879e 1486a683 lw               x13, 328(x13)       x13=c087dba8 x13:1c000000  PA:1c000148
15081374ns          258064 1c0087a2 68e7f7c3 fmadd.s          f15, f15, f14, f13  f15=xxxxxxxx f15:40bc588a f14:3f17e918 f13:c087dba8
15081394ns          258065 1c0087a6 00a7f553 fadd.s           f10, f15, f10       f10=xxxxxxxx f15:bf40bf83 f10:40000000
15081413ns          258066 1c0087aa 00008067 jalr             x0, x1, 0            x1:1c0081c2
15081473ns          258069 1c0081c2 11557553 fmul.s           f10, f10, f21       f10=xxxxxxxx f10:3f9fa03e f21:3f317218
15081493ns          258070 1c0081c6 00a4222b p.sw             x10, 4(x8!)          x8=10001788 x10:3f5d49de  x8:10001784  PA:10001784
15081513ns          258071 1c0081ca ff4419e3 bne              x8, x20, -14         x8:10001788 x20:100017d8
15081573ns          258074 1c0081bc 0049a50b p.lw             x10, 4(x19!)        x10=41f97bb0 x19=1c010464 x19:1c010460  PA:1c010460
15081871ns          258089 1c0081c0 558000ef jal              x1, 1368             x1=1c0081c2
15081891ns          258090 1c008718 e00517d3 fclass.s         x15, f10            x15=00000040 f10:41f97bb0
15081911ns          258091 1c00871c 0817f793 andi             x15, x15, 129       x15=00000000 x15:00000040
15081931ns          258092 1c008720 08079b63 bne              x15, x0, 150        x15:00000000
15081950ns          258093 1c008722 00000793 addi             x15, x0, 0          x15=00000000
15081970ns          258094 1c008726 a0f52753 feq.s            x14, f10, f15       x14=00000000 f10:41f97bb0 f15:00000000
15081990ns          258095 1c00872a 08071163 bne              x14, x0, 130        x14:00000000
15082010ns          258096 1c00872c a0f507d3 fle.s            x15, f10, f15       x15=00000000 f10:41f97bb0 f15:00000000
15082030ns          258097 1c008730 08079863 bne              x15, x0, 144        x15:00000000
15082050ns          258098 1c008732 a0a527d3 feq.s            x15, f10, f10       x15=00000001 f10:41f97bb0 f10:41f97bb0
15082070ns          258099 1c008736 08078563 beq              x15, x0, 138        x15:00000001
15082090ns          258100 1c008738 d17537b3 p.bclr           x15, x10, 8, 23     x15=00797bb0 x10:41f97bb0
15082110ns          258101 1c00873c cb87c733 p.bset           x14, x15, 5, 24     x14=3f797bb0 x15:00797bb0
15082129ns          258102 1c008740 1c0006b7 lui              x13, 0x1c000000     x13=1c000000
15082149ns          258103 1c008744 1c0007b7 lui              x15, 0x1c000000     x15=1c000000
15082169ns          258104 1c008748 1306a683 lw               x13, 304(x13)       x13=c13c5fa8 x13:1c000000  PA:1c000130
15082468ns          258119 1c00874c 12c7a783 lw               x15, 300(x15)       x15=3ff7d7e5 x15:1c000000  PA:1c00012c
15082766ns          258134 1c008750 41755513 srai             x10, x10, 0x417     x10=00000083 x10:41f97bb0
15082786ns          258135 1c008752 68e7f7c3 fmadd.s          f15, f15, f14, f13  f15=xxxxxxxx f15:3ff7d7e5 f14:3f797bb0 f13:c13c5fa8
15082806ns          258136 1c008756 1c0006b7 lui              x13, 0x1c000000     x13=1c000000
15082826ns          258137 1c00875a 1346a683 lw               x13, 308(x13)       x13=41fa6a03 x13:1c000000  PA:1c000134
15083124ns          258152 1c00875e f8250513 addi             x10, x10, -126      x10=00000005 x10:00000083
15083144ns          258153 1c008762 68e7f7c3 fmadd.s          f15, f15, f14, f13  f15=xxxxxxxx f15:c11e2e90 f14:3f797bb0 f13:41fa6a03
15083164ns          258154 1c008766 1c0006b7 lui              x13, 0x1c000000     x13=1c000000
15083184ns          258155 1c00876a 1386a683 lw               x13, 312(x13)       x13=c23f0e08 x13:1c000000  PA:1c000138
15083502ns          258171 1c00876e d0057553 fcvt.s.w         f10, x10            f10=xxxxxxxx x10:00000005
15083522ns          258172 1c008772 68e7f7c3 fmadd.s          f15, f15, f14, f13  f15=xxxxxxxx f15:41ad5627 f14:3f797bb0 f13:c23f0e08
15083542ns          258173 1c008776 1c0006b7 lui              x13, 0x1c000000     x13=1c000000
15083562ns          258174 1c00877a 13c6a683 lw               x13, 316(x13)       x13=42390412 x13:1c000000  PA:1c00013c
15083880ns          258190 1c00877e 68e7f7c3 fmadd.s          f15, f15, f14, f13  f15=xxxxxxxx f15:c1d52f85 f14:3f797bb0 f13:42390412
15083900ns          258191 1c008782 1c0006b7 lui              x13, 0x1c000000     x13=1c000000
15083920ns          258192 1c008786 1406a683 lw               x13, 320(x13)       x13=c1efd21b x13:1c000000  PA:1c000140
15084258ns          258209 1c00878a 68e7f7c3 fmadd.s          f15, f15, f14, f13  f15=xxxxxxxx f15:41a245eb f14:3f797bb0 f13:c1efd21b
15084278ns          258210 1c00878e 1c0006b7 lui              x13, 0x1c000000     x13=1c000000
15084298ns          258211 1c008792 1446a683 lw               x13, 324(x13)       x13=41644a86 x13:1c000000  PA:1c000144
15084616ns          258227 1c008796 68e7f7c3 fmadd.s          f15, f15, f14, f13  f15=xxxxxxxx f15:c1235b65 f14:3f797bb0 f13:41644a86
15084636ns          258228 1c00879a 1c0006b7 lui              x13, 0x1c000000     x13=1c000000
15084656ns          258229 1c00879e 1486a683 lw               x13, 328(x13)       x13=c087dba8 x13:1c000000  PA:1c000148
15084974ns          258245 1c0087a2 68e7f7c3 fmadd.s          f15, f15, f14, f13  f15=xxxxxxxx f15:408a2f67 f14:3f797bb0 f13:c087dba8
15084994ns          258246 1c0087a6 00a7f553 fadd.s           f10, f15, f10       f10=xxxxxxxx f15:bd186485 f10:40a00000
15085014ns          258247 1c0087aa 00008067 jalr             x0, x1, 0            x1:1c0081c2
15085073ns          258250 1c0081c2 11557553 fmul.s           f10, f10, f21       f10=xxxxxxxx f10:409ecf37 f21:3f317218
15085093ns          258251 1c0081c6 00a4222b p.sw             x10, 4(x8!)          x8=1000178c x10:405c2818  x8:10001788  PA:10001788
15085113ns          258252 1c0081ca ff4419e3 bne              x8, x20, -14         x8:1000178c x20:100017d8
15085173ns          258255 1c0081bc 0049a50b p.lw             x10, 4(x19!)        x10=422b34c0 x19=1c010468 x19:1c010464  PA:1c010464
15085471ns          258270 1c0081c0 558000ef jal              x1, 1368             x1=1c0081c2
15085491ns          258271 1c008718 e00517d3 fclass.s         x15, f10            x15=00000040 f10:422b34c0
15085511ns          258272 1c00871c 0817f793 andi             x15, x15, 129       x15=00000000 x15:00000040
15085531ns          258273 1c008720 08079b63 bne              x15, x0, 150        x15:00000000
15085551ns          258274 1c008722 00000793 addi             x15, x0, 0          x15=00000000
15085571ns          258275 1c008726 a0f52753 feq.s            x14, f10, f15       x14=00000000 f10:422b34c0 f15:00000000
15085590ns          258276 1c00872a 08071163 bne              x14, x0, 130        x14:00000000
15085610ns          258277 1c00872c a0f507d3 fle.s            x15, f10, f15       x15=00000000 f10:422b34c0 f15:00000000
15085630ns          258278 1c008730 08079863 bne              x15, x0, 144        x15:00000000
15085650ns          258279 1c008732 a0a527d3 feq.s            x15, f10, f10       x15=00000001 f10:422b34c0 f10:422b34c0
15085670ns          258280 1c008736 08078563 beq              x15, x0, 138        x15:00000001
15085690ns          258281 1c008738 d17537b3 p.bclr           x15, x10, 8, 23     x15=002b34c0 x10:422b34c0
15085710ns          258282 1c00873c cb87c733 p.bset           x14, x15, 5, 24     x14=3f2b34c0 x15:002b34c0
15085730ns          258283 1c008740 1c0006b7 lui              x13, 0x1c000000     x13=1c000000
15085750ns          258284 1c008744 1c0007b7 lui              x15, 0x1c000000     x15=1c000000
15085769ns          258285 1c008748 1306a683 lw               x13, 304(x13)       x13=c13c5fa8 x13:1c000000  PA:1c000130
15086068ns          258300 1c00874c 12c7a783 lw               x15, 300(x15)       x15=3ff7d7e5 x15:1c000000  PA:1c00012c
15086366ns          258315 1c008750 41755513 srai             x10, x10, 0x417     x10=00000084 x10:422b34c0
15086386ns          258316 1c008752 68e7f7c3 fmadd.s          f15, f15, f14, f13  f15=xxxxxxxx f15:3ff7d7e5 f14:3f2b34c0 f13:c13c5fa8
15086406ns          258317 1c008756 1c0006b7 lui              x13, 0x1c000000     x13=1c000000
15086426ns          258318 1c00875a 1346a683 lw               x13, 308(x13)       x13=41fa6a03 x13:1c000000  PA:1c000134
15086724ns          258333 1c00875e f8250513 addi             x10, x10, -126      x10=00000006 x10:00000084
15086744ns          258334 1c008762 68e7f7c3 fmadd.s          f15, f15, f14, f13  f15=xxxxxxxx f15:c127a79f f14:3f2b34c0 f13:41fa6a03
15086764ns          258335 1c008766 1c0006b7 lui              x13, 0x1c000000     x13=1c000000
15086784ns          258336 1c00876a 1386a683 lw               x13, 312(x13)       x13=c23f0e08 x13:1c000000  PA:1c000138
15087082ns          258351 1c00876e d0057553 fcvt.s.w         f10, x10            f10=xxxxxxxx x10:00000006
15087102ns          258352 1c008772 68e7f7c3 fmadd.s          f15, f15, f14, f13  f15=xxxxxxxx f15:41c25a42 f14:3f2b34c0 f13:c23f0e08
15087122ns          258353 1c008776 1c0006b7 lui              x13, 0x1c000000     x13=1c000000
15087142ns          258354 1c00877a 13c6a683 lw               x13, 316(x13)       x13=42390412 x13:1c000000  PA:1c00013c
15087460ns          258370 1c00877e 68e7f7c3 fmadd.s          f15, f15, f14, f13  f15=xxxxxxxx f15:c1fc21ba f14:3f2b34c0 f13:42390412
15087480ns          258371 1c008782 1c0006b7 lui              x13, 0x1c000000     x13=1c000000
15087500ns          258372 1c008786 1406a683 lw               x13, 320(x13)       x13=c1efd21b x13:1c000000  PA:1c000140
15087818ns          258388 1c00878a 68e7f7c3 fmadd.s          f15, f15, f14, f13  f15=xxxxxxxx f15:41c969a9 f14:3f2b34c0 f13:c1efd21b
15087838ns          258389 1c00878e 1c0006b7 lui              x13, 0x1c000000     x13=1c000000
15087858ns          258390 1c008792 1446a683 lw               x13, 324(x13)       x13=41644a86 x13:1c000000  PA:1c000144
15088216ns          258408 1c008796 68e7f7c3 fmadd.s          f15, f15, f14, f13  f15=xxxxxxxx f15:c1523e0d f14:3f2b34c0 f13:41644a86
15088236ns          258409 1c00879a 1c0006b7 lui              x13, 0x1c000000     x13=1c000000
15088256ns          258410 1c00879e 1486a683 lw               x13, 328(x13)       x13=c087dba8 x13:1c000000  PA:1c000148
15088574ns          258426 1c0087a2 68e7f7c3 fmadd.s          f15, f15, f14, f13  f15=xxxxxxxx f15:40af5f82 f14:3f2b34c0 f13:c087dba8
15088594ns          258427 1c0087a6 00a7f553 fadd.s           f10, f15, f10       f10=xxxxxxxx f15:bf1495ca f10:40c00000
15088614ns          258428 1c0087aa 00008067 jalr             x0, x1, 0            x1:1c0081c2
15088674ns          258431 1c0081c2 11557553 fmul.s           f10, f10, f21       f10=xxxxxxxx f10:40ad6d47 f21:3f317218
15088693ns          258432 1c0081c6 00a4222b p.sw             x10, 4(x8!)          x8=10001790 x10:40706bb2  x8:1000178c  PA:1000178c
15088713ns          258433 1c0081ca ff4419e3 bne              x8, x20, -14         x8:10001790 x20:100017d8
15088773ns          258436 1c0081bc 0049a50b p.lw             x10, 4(x19!)        x10=41f15288 x19=1c01046c x19:1c010468  PA:1c010468
15089071ns          258451 1c0081c0 558000ef jal              x1, 1368             x1=1c0081c2
15089091ns          258452 1c008718 e00517d3 fclass.s         x15, f10            x15=00000040 f10:41f15288
15089111ns          258453 1c00871c 0817f793 andi             x15, x15, 129       x15=00000000 x15:00000040
15089131ns          258454 1c008720 08079b63 bne              x15, x0, 150        x15:00000000
15089151ns          258455 1c008722 00000793 addi             x15, x0, 0          x15=00000000
15089171ns          258456 1c008726 a0f52753 feq.s            x14, f10, f15       x14=00000000 f10:41f15288 f15:00000000
15089191ns          258457 1c00872a 08071163 bne              x14, x0, 130        x14:00000000
15089211ns          258458 1c00872c a0f507d3 fle.s            x15, f10, f15       x15=00000000 f10:41f15288 f15:00000000
15089230ns          258459 1c008730 08079863 bne              x15, x0, 144        x15:00000000
15089250ns          258460 1c008732 a0a527d3 feq.s            x15, f10, f10       x15=00000001 f10:41f15288 f10:41f15288
15089270ns          258461 1c008736 08078563 beq              x15, x0, 138        x15:00000001
15089290ns          258462 1c008738 d17537b3 p.bclr           x15, x10, 8, 23     x15=00715288 x10:41f15288
15089310ns          258463 1c00873c cb87c733 p.bset           x14, x15, 5, 24     x14=3f715288 x15:00715288
15089330ns          258464 1c008740 1c0006b7 lui              x13, 0x1c000000     x13=1c000000
15089350ns          258465 1c008744 1c0007b7 lui              x15, 0x1c000000     x15=1c000000
15089370ns          258466 1c008748 1306a683 lw               x13, 304(x13)       x13=c13c5fa8 x13:1c000000  PA:1c000130
15089668ns          258481 1c00874c 12c7a783 lw               x15, 300(x15)       x15=3ff7d7e5 x15:1c000000  PA:1c00012c
15089966ns          258496 1c008750 41755513 srai             x10, x10, 0x417     x10=00000083 x10:41f15288
15089986ns          258497 1c008752 68e7f7c3 fmadd.s          f15, f15, f14, f13  f15=xxxxxxxx f15:3ff7d7e5 f14:3f715288 f13:c13c5fa8
15090006ns          258498 1c008756 1c0006b7 lui              x13, 0x1c000000     x13=1c000000
15090026ns          258499 1c00875a 1346a683 lw               x13, 308(x13)       x13=41fa6a03 x13:1c000000  PA:1c000134
15090344ns          258515 1c00875e f8250513 addi             x10, x10, -126      x10=00000005 x10:00000083
15090364ns          258516 1c008762 68e7f7c3 fmadd.s          f15, f15, f14, f13  f15=xxxxxxxx f15:c11f2b63 f14:3f715288 f13:41fa6a03
15090384ns          258517 1c008766 1c0006b7 lui              x13, 0x1c000000     x13=1c000000
15090404ns          258518 1c00876a 1386a683 lw               x13, 312(x13)       x13=c23f0e08 x13:1c000000  PA:1c000138
15090702ns          258533 1c00876e d0057553 fcvt.s.w         f10, x10            f10=xxxxxxxx x10:00000005
15090722ns          258534 1c008772 68e7f7c3 fmadd.s          f15, f15, f14, f13  f15=xxxxxxxx f15:41af646f f14:3f715288 f13:c23f0e08
15090742ns          258535 1c008776 1c0006b7 lui              x13, 0x1c000000     x13=1c000000
15090762ns          258536 1c00877a 13c6a683 lw               x13, 316(x13)       x13=42390412 x13:1c000000  PA:1c00013c
15091080ns          258552 1c00877e 68e7f7c3 fmadd.s          f15, f15, f14, f13  f15=xxxxxxxx f15:c1d8c5f8 f14:3f715288 f13:42390412
15091100ns          258553 1c008782 1c0006b7 lui              x13, 0x1c000000     x13=1c000000
15091120ns          258554 1c008786 1406a683 lw               x13, 320(x13)       x13=c1efd21b x13:1c000000  PA:1c000140
15091478ns          258572 1c00878a 68e7f7c3 fmadd.s          f15, f15, f14, f13  f15=xxxxxxxx f15:41a5afe3 f14:3f715288 f13:c1efd21b
15091498ns          258573 1c00878e 1c0006b7 lui              x13, 0x1c000000     x13=1c000000
15091518ns          258574 1c008792 1446a683 lw               x13, 324(x13)       x13=41644a86 x13:1c000000  PA:1c000144
15091836ns          258590 1c008796 68e7f7c3 fmadd.s          f15, f15, f14, f13  f15=xxxxxxxx f15:c1274438 f14:3f715288 f13:41644a86
15091856ns          258591 1c00879a 1c0006b7 lui              x13, 0x1c000000     x13=1c000000
15091876ns          258592 1c00879e 1486a683 lw               x13, 328(x13)       x13=c087dba8 x13:1c000000  PA:1c000148
15092214ns          258609 1c0087a2 68e7f7c3 fmadd.s          f15, f15, f14, f13  f15=xxxxxxxx f15:408d3ac1 f14:3f715288 f13:c087dba8
15092234ns          258610 1c0087a6 00a7f553 fadd.s           f10, f15, f10       f10=xxxxxxxx f15:bdae741d f10:40a00000
15092254ns          258611 1c0087aa 00008067 jalr             x0, x1, 0            x1:1c0081c2
15092314ns          258614 1c0081c2 11557553 fmul.s           f10, f10, f21       f10=xxxxxxxx f10:409d4630 f21:3f317218
15092333ns          258615 1c0081c6 00a4222b p.sw             x10, 4(x8!)          x8=10001794 x10:405a073e  x8:10001790  PA:10001790
15092353ns          258616 1c0081ca ff4419e3 bne              x8, x20, -14         x8:10001794 x20:100017d8
15092413ns          258619 1c0081bc 0049a50b p.lw             x10, 4(x19!)        x10=42b5ca4e x19=1c010470 x19:1c01046c  PA:1c01046c
15092711ns          258634 1c0081c0 558000ef jal              x1, 1368             x1=1c0081c2
15092731ns          258635 1c008718 e00517d3 fclass.s         x15, f10            x15=00000040 f10:42b5ca4e
15092751ns          258636 1c00871c 0817f793 andi             x15, x15, 129       x15=00000000 x15:00000040
15092771ns          258637 1c008720 08079b63 bne              x15, x0, 150        x15:00000000
15092791ns          258638 1c008722 00000793 addi             x15, x0, 0          x15=00000000
15092811ns          258639 1c008726 a0f52753 feq.s            x14, f10, f15       x14=00000000 f10:42b5ca4e f15:00000000
15092831ns          258640 1c00872a 08071163 bne              x14, x0, 130        x14:00000000
15092851ns          258641 1c00872c a0f507d3 fle.s            x15, f10, f15       x15=00000000 f10:42b5ca4e f15:00000000
15092870ns          258642 1c008730 08079863 bne              x15, x0, 144        x15:00000000
15092890ns          258643 1c008732 a0a527d3 feq.s            x15, f10, f10       x15=00000001 f10:42b5ca4e f10:42b5ca4e
15092910ns          258644 1c008736 08078563 beq              x15, x0, 138        x15:00000001
15092930ns          258645 1c008738 d17537b3 p.bclr           x15, x10, 8, 23     x15=0035ca4e x10:42b5ca4e
15092950ns          258646 1c00873c cb87c733 p.bset           x14, x15, 5, 24     x14=3f35ca4e x15:0035ca4e
15092970ns          258647 1c008740 1c0006b7 lui              x13, 0x1c000000     x13=1c000000
15092990ns          258648 1c008744 1c0007b7 lui              x15, 0x1c000000     x15=1c000000
15093010ns          258649 1c008748 1306a683 lw               x13, 304(x13)       x13=c13c5fa8 x13:1c000000  PA:1c000130
15093308ns          258664 1c00874c 12c7a783 lw               x15, 300(x15)       x15=3ff7d7e5 x15:1c000000  PA:1c00012c
15093626ns          258680 1c008750 41755513 srai             x10, x10, 0x417     x10=00000085 x10:42b5ca4e
15093646ns          258681 1c008752 68e7f7c3 fmadd.s          f15, f15, f14, f13  f15=xxxxxxxx f15:3ff7d7e5 f14:3f35ca4e f13:c13c5fa8
15093666ns          258682 1c008756 1c0006b7 lui              x13, 0x1c000000     x13=1c000000
15093686ns          258683 1c00875a 1346a683 lw               x13, 308(x13)       x13=41fa6a03 x13:1c000000  PA:1c000134
15093984ns          258698 1c00875e f8250513 addi             x10, x10, -126      x10=00000007 x10:00000085
15094004ns          258699 1c008762 68e7f7c3 fmadd.s          f15, f15, f14, f13  f15=xxxxxxxx f15:c1265fb8 f14:3f35ca4e f13:41fa6a03
15094024ns          258700 1c008766 1c0006b7 lui              x13, 0x1c000000     x13=1c000000
15094044ns          258701 1c00876a 1386a683 lw               x13, 312(x13)       x13=c23f0e08 x13:1c000000  PA:1c000138
15094342ns          258716 1c00876e d0057553 fcvt.s.w         f10, x10            f10=xxxxxxxx x10:00000007
15094362ns          258717 1c008772 68e7f7c3 fmadd.s          f15, f15, f14, f13  f15=xxxxxxxx f15:41bf576f f14:3f35ca4e f13:c23f0e08
15094382ns          258718 1c008776 1c0006b7 lui              x13, 0x1c000000     x13=1c000000
15094402ns          258719 1c00877a 13c6a683 lw               x13, 316(x13)       x13=42390412 x13:1c000000  PA:1c00013c
15094720ns          258735 1c00877e 68e7f7c3 fmadd.s          f15, f15, f14, f13  f15=xxxxxxxx f15:c1f63c09 f14:3f35ca4e f13:42390412
15094740ns          258736 1c008782 1c0006b7 lui              x13, 0x1c000000     x13=1c000000
15094760ns          258737 1c008786 1406a683 lw               x13, 320(x13)       x13=c1efd21b x13:1c000000  PA:1c000140
15095078ns          258753 1c00878a 68e7f7c3 fmadd.s          f15, f15, f14, f13  f15=xxxxxxxx f15:41c32d1b f14:3f35ca4e f13:c1efd21b
15095098ns          258754 1c00878e 1c0006b7 lui              x13, 0x1c000000     x13=1c000000
15095118ns          258755 1c008792 1446a683 lw               x13, 324(x13)       x13=41644a86 x13:1c000000  PA:1c000144
15095436ns          258771 1c008796 68e7f7c3 fmadd.s          f15, f15, f14, f13  f15=xxxxxxxx f15:c14a71f4 f14:3f35ca4e f13:41644a86
15095456ns          258772 1c00879a 1c0006b7 lui              x13, 0x1c000000     x13=1c000000
15095476ns          258773 1c00879e 1486a683 lw               x13, 328(x13)       x13=c087dba8 x13:1c000000  PA:1c000148
15095794ns          258789 1c0087a2 68e7f7c3 fmadd.s          f15, f15, f14, f13  f15=xxxxxxxx f15:40a90ff2 f14:3f35ca4e f13:c087dba8
15095814ns          258790 1c0087a6 00a7f553 fadd.s           f10, f15, f10       f10=xxxxxxxx f15:befcdc7d f10:40e00000
15095834ns          258791 1c0087aa 00008067 jalr             x0, x1, 0            x1:1c0081c2
15095894ns          258794 1c0081c2 11557553 fmul.s           f10, f10, f21       f10=xxxxxxxx f10:40d03238 f21:3f317218
15095914ns          258795 1c0081c6 00a4222b p.sw             x10, 4(x8!)          x8=10001798 x10:40904f83  x8:10001794  PA:10001794
15095934ns          258796 1c0081ca ff4419e3 bne              x8, x20, -14         x8:10001798 x20:100017d8
15095993ns          258799 1c0081bc 0049a50b p.lw             x10, 4(x19!)        x10=421c520e x19=1c010474 x19:1c010470  PA:1c010470
15096292ns          258814 1c0081c0 558000ef jal              x1, 1368             x1=1c0081c2
15096312ns          258815 1c008718 e00517d3 fclass.s         x15, f10            x15=00000040 f10:421c520e
15096331ns          258816 1c00871c 0817f793 andi             x15, x15, 129       x15=00000000 x15:00000040
15096351ns          258817 1c008720 08079b63 bne              x15, x0, 150        x15:00000000
15096371ns          258818 1c008722 00000793 addi             x15, x0, 0          x15=00000000
15096391ns          258819 1c008726 a0f52753 feq.s            x14, f10, f15       x14=00000000 f10:421c520e f15:00000000
15096411ns          258820 1c00872a 08071163 bne              x14, x0, 130        x14:00000000
15096431ns          258821 1c00872c a0f507d3 fle.s            x15, f10, f15       x15=00000000 f10:421c520e f15:00000000
15096451ns          258822 1c008730 08079863 bne              x15, x0, 144        x15:00000000
15096471ns          258823 1c008732 a0a527d3 feq.s            x15, f10, f10       x15=00000001 f10:421c520e f10:421c520e
15096491ns          258824 1c008736 08078563 beq              x15, x0, 138        x15:00000001
15096510ns          258825 1c008738 d17537b3 p.bclr           x15, x10, 8, 23     x15=001c520e x10:421c520e
15096530ns          258826 1c00873c cb87c733 p.bset           x14, x15, 5, 24     x14=3f1c520e x15:001c520e
15096550ns          258827 1c008740 1c0006b7 lui              x13, 0x1c000000     x13=1c000000
15096570ns          258828 1c008744 1c0007b7 lui              x15, 0x1c000000     x15=1c000000
15096590ns          258829 1c008748 1306a683 lw               x13, 304(x13)       x13=c13c5fa8 x13:1c000000  PA:1c000130
15096888ns          258844 1c00874c 12c7a783 lw               x15, 300(x15)       x15=3ff7d7e5 x15:1c000000  PA:1c00012c
15097187ns          258859 1c008750 41755513 srai             x10, x10, 0x417     x10=00000084 x10:421c520e
15097207ns          258860 1c008752 68e7f7c3 fmadd.s          f15, f15, f14, f13  f15=xxxxxxxx f15:3ff7d7e5 f14:3f1c520e f13:c13c5fa8
15097227ns          258861 1c008756 1c0006b7 lui              x13, 0x1c000000     x13=1c000000
15097246ns          258862 1c00875a 1346a683 lw               x13, 308(x13)       x13=41fa6a03 x13:1c000000  PA:1c000134
15097565ns          258878 1c00875e f8250513 addi             x10, x10, -126      x10=00000006 x10:00000084
15097585ns          258879 1c008762 68e7f7c3 fmadd.s          f15, f15, f14, f13  f15=xxxxxxxx f15:c12974c8 f14:3f1c520e f13:41fa6a03
15097604ns          258880 1c008766 1c0006b7 lui              x13, 0x1c000000     x13=1c000000
15097624ns          258881 1c00876a 1386a683 lw               x13, 312(x13)       x13=c23f0e08 x13:1c000000  PA:1c000138
15097923ns          258896 1c00876e d0057553 fcvt.s.w         f10, x10            f10=xxxxxxxx x10:00000006
15097943ns          258897 1c008772 68e7f7c3 fmadd.s          f15, f15, f14, f13  f15=xxxxxxxx f15:41c6ad46 f14:3f1c520e f13:c23f0e08
15097963ns          258898 1c008776 1c0006b7 lui              x13, 0x1c000000     x13=1c000000
15097982ns          258899 1c00877a 13c6a683 lw               x13, 316(x13)       x13=42390412 x13:1c000000  PA:1c00013c
15098301ns          258915 1c00877e 68e7f7c3 fmadd.s          f15, f15, f14, f13  f15=xxxxxxxx f15:c2026565 f14:3f1c520e f13:42390412
15098321ns          258916 1c008782 1c0006b7 lui              x13, 0x1c000000     x13=1c000000
15098340ns          258917 1c008786 1406a683 lw               x13, 320(x13)       x13=c1efd21b x13:1c000000  PA:1c000140
15098659ns          258933 1c00878a 68e7f7c3 fmadd.s          f15, f15, f14, f13  f15=xxxxxxxx f15:41d2c8fa f14:3f1c520e f13:c1efd21b
15098679ns          258934 1c00878e 1c0006b7 lui              x13, 0x1c000000     x13=1c000000
15098698ns          258935 1c008792 1446a683 lw               x13, 324(x13)       x13=41644a86 x13:1c000000  PA:1c000144
15099017ns          258951 1c008796 68e7f7c3 fmadd.s          f15, f15, f14, f13  f15=xxxxxxxx f15:c15e3826 f14:3f1c520e f13:41644a86
15099037ns          258952 1c00879a 1c0006b7 lui              x13, 0x1c000000     x13=1c000000
15099056ns          258953 1c00879e 1486a683 lw               x13, 328(x13)       x13=c087dba8 x13:1c000000  PA:1c000148
15099375ns          258969 1c0087a2 68e7f7c3 fmadd.s          f15, f15, f14, f13  f15=xxxxxxxx f15:40b93229 f14:3f1c520e f13:c087dba8
15099395ns          258970 1c0087a6 00a7f553 fadd.s           f10, f15, f10       f10=xxxxxxxx f15:bf362dd7 f10:40c00000
15099415ns          258971 1c0087aa 00008067 jalr             x0, x1, 0            x1:1c0081c2
15099474ns          258974 1c0081c2 11557553 fmul.s           f10, f10, f21       f10=xxxxxxxx f10:40a93a45 f21:3f317218
15099494ns          258975 1c0081c6 00a4222b p.sw             x10, 4(x8!)          x8=1000179c x10:406a996b  x8:10001798  PA:10001798
15099514ns          258976 1c0081ca ff4419e3 bne              x8, x20, -14         x8:1000179c x20:100017d8
15099574ns          258979 1c0081bc 0049a50b p.lw             x10, 4(x19!)        x10=421dc1b2 x19=1c010478 x19:1c010474  PA:1c010474
15099872ns          258994 1c0081c0 558000ef jal              x1, 1368             x1=1c0081c2
15099892ns          258995 1c008718 e00517d3 fclass.s         x15, f10            x15=00000040 f10:421dc1b2
15099912ns          258996 1c00871c 0817f793 andi             x15, x15, 129       x15=00000000 x15:00000040
15099932ns          258997 1c008720 08079b63 bne              x15, x0, 150        x15:00000000
15099952ns          258998 1c008722 00000793 addi             x15, x0, 0          x15=00000000
15099971ns          258999 1c008726 a0f52753 feq.s            x14, f10, f15       x14=00000000 f10:421dc1b2 f15:00000000
15099991ns          259000 1c00872a 08071163 bne              x14, x0, 130        x14:00000000
15100011ns          259001 1c00872c a0f507d3 fle.s            x15, f10, f15       x15=00000000 f10:421dc1b2 f15:00000000
15100031ns          259002 1c008730 08079863 bne              x15, x0, 144        x15:00000000
15100051ns          259003 1c008732 a0a527d3 feq.s            x15, f10, f10       x15=00000001 f10:421dc1b2 f10:421dc1b2
15100071ns          259004 1c008736 08078563 beq              x15, x0, 138        x15:00000001
15100091ns          259005 1c008738 d17537b3 p.bclr           x15, x10, 8, 23     x15=001dc1b2 x10:421dc1b2
15100111ns          259006 1c00873c cb87c733 p.bset           x14, x15, 5, 24     x14=3f1dc1b2 x15:001dc1b2
15100131ns          259007 1c008740 1c0006b7 lui              x13, 0x1c000000     x13=1c000000
15100150ns          259008 1c008744 1c0007b7 lui              x15, 0x1c000000     x15=1c000000
15100170ns          259009 1c008748 1306a683 lw               x13, 304(x13)       x13=c13c5fa8 x13:1c000000  PA:1c000130
15100469ns          259024 1c00874c 12c7a783 lw               x15, 300(x15)       x15=3ff7d7e5 x15:1c000000  PA:1c00012c
15100767ns          259039 1c008750 41755513 srai             x10, x10, 0x417     x10=00000084 x10:421dc1b2
15100787ns          259040 1c008752 68e7f7c3 fmadd.s          f15, f15, f14, f13  f15=xxxxxxxx f15:3ff7d7e5 f14:3f1dc1b2 f13:c13c5fa8
15100807ns          259041 1c008756 1c0006b7 lui              x13, 0x1c000000     x13=1c000000
15100827ns          259042 1c00875a 1346a683 lw               x13, 308(x13)       x13=41fa6a03 x13:1c000000  PA:1c000134
15101125ns          259057 1c00875e f8250513 addi             x10, x10, -126      x10=00000006 x10:00000084
15101145ns          259058 1c008762 68e7f7c3 fmadd.s          f15, f15, f14, f13  f15=xxxxxxxx f15:c129484a f14:3f1dc1b2 f13:41fa6a03
15101165ns          259059 1c008766 1c0006b7 lui              x13, 0x1c000000     x13=1c000000
15101185ns          259060 1c00876a 1386a683 lw               x13, 312(x13)       x13=c23f0e08 x13:1c000000  PA:1c000138
15101503ns          259076 1c00876e d0057553 fcvt.s.w         f10, x10            f10=xxxxxxxx x10:00000006
15101523ns          259077 1c008772 68e7f7c3 fmadd.s          f15, f15, f14, f13  f15=xxxxxxxx f15:41c6414e f14:3f1dc1b2 f13:c23f0e08
15101543ns          259078 1c008776 1c0006b7 lui              x13, 0x1c000000     x13=1c000000
15101563ns          259079 1c00877a 13c6a683 lw               x13, 316(x13)       x13=42390412 x13:1c000000  PA:1c00013c
15101881ns          259095 1c00877e 68e7f7c3 fmadd.s          f15, f15, f14, f13  f15=xxxxxxxx f15:c201f801 f14:3f1dc1b2 f13:42390412
15101901ns          259096 1c008782 1c0006b7 lui              x13, 0x1c000000     x13=1c000000
15101921ns          259097 1c008786 1406a683 lw               x13, 320(x13)       x13=c1efd21b x13:1c000000  PA:1c000140
15102239ns          259113 1c00878a 68e7f7c3 fmadd.s          f15, f15, f14, f13  f15=xxxxxxxx f15:41d1d946 f14:3f1dc1b2 f13:c1efd21b
15102259ns          259114 1c00878e 1c0006b7 lui              x13, 0x1c000000     x13=1c000000
15102279ns          259115 1c008792 1446a683 lw               x13, 324(x13)       x13=41644a86 x13:1c000000  PA:1c000144
15102597ns          259131 1c008796 68e7f7c3 fmadd.s          f15, f15, f14, f13  f15=xxxxxxxx f15:c15d0229 f14:3f1dc1b2 f13:41644a86
15102617ns          259132 1c00879a 1c0006b7 lui              x13, 0x1c000000     x13=1c000000
15102637ns          259133 1c00879e 1486a683 lw               x13, 328(x13)       x13=c087dba8 x13:1c000000  PA:1c000148
15102975ns          259150 1c0087a2 68e7f7c3 fmadd.s          f15, f15, f14, f13  f15=xxxxxxxx f15:40b831f5 f14:3f1dc1b2 f13:c087dba8
15102995ns          259151 1c0087a6 00a7f553 fadd.s           f10, f15, f10       f10=xxxxxxxx f15:bf32cd38 f10:40c00000
15103015ns          259152 1c0087aa 00008067 jalr             x0, x1, 0            x1:1c0081c2
15103074ns          259155 1c0081c2 11557553 fmul.s           f10, f10, f21       f10=xxxxxxxx f10:40a9a659 f21:3f317218
15103094ns          259156 1c0081c6 00a4222b p.sw             x10, 4(x8!)          x8=100017a0 x10:406b2f3f  x8:1000179c  PA:1000179c
15103114ns          259157 1c0081ca ff4419e3 bne              x8, x20, -14         x8:100017a0 x20:100017d8
15103174ns          259160 1c0081bc 0049a50b p.lw             x10, 4(x19!)        x10=420c2ca2 x19=1c01047c x19:1c010478  PA:1c010478
15103472ns          259175 1c0081c0 558000ef jal              x1, 1368             x1=1c0081c2
15103492ns          259176 1c008718 e00517d3 fclass.s         x15, f10            x15=00000040 f10:420c2ca2
15103512ns          259177 1c00871c 0817f793 andi             x15, x15, 129       x15=00000000 x15:00000040
15103532ns          259178 1c008720 08079b63 bne              x15, x0, 150        x15:00000000
15103552ns          259179 1c008722 00000793 addi             x15, x0, 0          x15=00000000
15103572ns          259180 1c008726 a0f52753 feq.s            x14, f10, f15       x14=00000000 f10:420c2ca2 f15:00000000
15103592ns          259181 1c00872a 08071163 bne              x14, x0, 130        x14:00000000
15103611ns          259182 1c00872c a0f507d3 fle.s            x15, f10, f15       x15=00000000 f10:420c2ca2 f15:00000000
15103631ns          259183 1c008730 08079863 bne              x15, x0, 144        x15:00000000
15103651ns          259184 1c008732 a0a527d3 feq.s            x15, f10, f10       x15=00000001 f10:420c2ca2 f10:420c2ca2
15103671ns          259185 1c008736 08078563 beq              x15, x0, 138        x15:00000001
15103691ns          259186 1c008738 d17537b3 p.bclr           x15, x10, 8, 23     x15=000c2ca2 x10:420c2ca2
15103711ns          259187 1c00873c cb87c733 p.bset           x14, x15, 5, 24     x14=3f0c2ca2 x15:000c2ca2
15103731ns          259188 1c008740 1c0006b7 lui              x13, 0x1c000000     x13=1c000000
15103751ns          259189 1c008744 1c0007b7 lui              x15, 0x1c000000     x15=1c000000
15103771ns          259190 1c008748 1306a683 lw               x13, 304(x13)       x13=c13c5fa8 x13:1c000000  PA:1c000130
15104069ns          259205 1c00874c 12c7a783 lw               x15, 300(x15)       x15=3ff7d7e5 x15:1c000000  PA:1c00012c
15104367ns          259220 1c008750 41755513 srai             x10, x10, 0x417     x10=00000084 x10:420c2ca2
15104387ns          259221 1c008752 68e7f7c3 fmadd.s          f15, f15, f14, f13  f15=xxxxxxxx f15:3ff7d7e5 f14:3f0c2ca2 f13:c13c5fa8
15104407ns          259222 1c008756 1c0006b7 lui              x13, 0x1c000000     x13=1c000000
15104427ns          259223 1c00875a 1346a683 lw               x13, 308(x13)       x13=41fa6a03 x13:1c000000  PA:1c000134
15104725ns          259238 1c00875e f8250513 addi             x10, x10, -126      x10=00000006 x10:00000084
15104745ns          259239 1c008762 68e7f7c3 fmadd.s          f15, f15, f14, f13  f15=xxxxxxxx f15:c12b68ff f14:3f0c2ca2 f13:41fa6a03
15104765ns          259240 1c008766 1c0006b7 lui              x13, 0x1c000000     x13=1c000000
15104785ns          259241 1c00876a 1386a683 lw               x13, 312(x13)       x13=c23f0e08 x13:1c000000  PA:1c000138
15105083ns          259256 1c00876e d0057553 fcvt.s.w         f10, x10            f10=xxxxxxxx x10:00000006
15105103ns          259257 1c008772 68e7f7c3 fmadd.s          f15, f15, f14, f13  f15=xxxxxxxx f15:41cb7c5c f14:3f0c2ca2 f13:c23f0e08
15105123ns          259258 1c008776 1c0006b7 lui              x13, 0x1c000000     x13=1c000000
15105143ns          259259 1c00877a 13c6a683 lw               x13, 316(x13)       x13=42390412 x13:1c000000  PA:1c00013c
15105461ns          259275 1c00877e 68e7f7c3 fmadd.s          f15, f15, f14, f13  f15=xxxxxxxx f15:c207584a f14:3f0c2ca2 f13:42390412
15105481ns          259276 1c008782 1c0006b7 lui              x13, 0x1c000000     x13=1c000000
15105501ns          259277 1c008786 1406a683 lw               x13, 320(x13)       x13=c1efd21b x13:1c000000  PA:1c000140
15105859ns          259295 1c00878a 68e7f7c3 fmadd.s          f15, f15, f14, f13  f15=xxxxxxxx f15:41ddd061 f14:3f0c2ca2 f13:c1efd21b
15105879ns          259296 1c00878e 1c0006b7 lui              x13, 0x1c000000     x13=1c000000
15105899ns          259297 1c008792 1446a683 lw               x13, 324(x13)       x13=41644a86 x13:1c000000  PA:1c000144
15106217ns          259313 1c008796 68e7f7c3 fmadd.s          f15, f15, f14, f13  f15=xxxxxxxx f15:c16cbaf4 f14:3f0c2ca2 f13:41644a86
15106237ns          259314 1c00879a 1c0006b7 lui              x13, 0x1c000000     x13=1c000000
15106257ns          259315 1c00879e 1486a683 lw               x13, 328(x13)       x13=c087dba8 x13:1c000000  PA:1c000148
15106575ns          259331 1c0087a2 68e7f7c3 fmadd.s          f15, f15, f14, f13  f15=xxxxxxxx f15:40c55605 f14:3f0c2ca2 f13:c087dba8
15106595ns          259332 1c0087a6 00a7f553 fadd.s           f10, f15, f10       f10=xxxxxxxx f15:bf5e71ad f10:40c00000
15106615ns          259333 1c0087aa 00008067 jalr             x0, x1, 0            x1:1c0081c2
15106675ns          259336 1c0081c2 11557553 fmul.s           f10, f10, f21       f10=xxxxxxxx f10:40a431ca f21:3f317218
15106695ns          259337 1c0081c6 00a4222b p.sw             x10, 4(x8!)          x8=100017a4 x10:40639f34  x8:100017a0  PA:100017a0
15106714ns          259338 1c0081ca ff4419e3 bne              x8, x20, -14         x8:100017a4 x20:100017d8
15106774ns          259341 1c0081bc 0049a50b p.lw             x10, 4(x19!)        x10=42a333f9 x19=1c010480 x19:1c01047c  PA:1c01047c
15107072ns          259356 1c0081c0 558000ef jal              x1, 1368             x1=1c0081c2
15107092ns          259357 1c008718 e00517d3 fclass.s         x15, f10            x15=00000040 f10:42a333f9
15107112ns          259358 1c00871c 0817f793 andi             x15, x15, 129       x15=00000000 x15:00000040
15107132ns          259359 1c008720 08079b63 bne              x15, x0, 150        x15:00000000
15107152ns          259360 1c008722 00000793 addi             x15, x0, 0          x15=00000000
15107172ns          259361 1c008726 a0f52753 feq.s            x14, f10, f15       x14=00000000 f10:42a333f9 f15:00000000
15107192ns          259362 1c00872a 08071163 bne              x14, x0, 130        x14:00000000
15107212ns          259363 1c00872c a0f507d3 fle.s            x15, f10, f15       x15=00000000 f10:42a333f9 f15:00000000
15107232ns          259364 1c008730 08079863 bne              x15, x0, 144        x15:00000000
15107251ns          259365 1c008732 a0a527d3 feq.s            x15, f10, f10       x15=00000001 f10:42a333f9 f10:42a333f9
15107271ns          259366 1c008736 08078563 beq              x15, x0, 138        x15:00000001
15107291ns          259367 1c008738 d17537b3 p.bclr           x15, x10, 8, 23     x15=002333f9 x10:42a333f9
15107311ns          259368 1c00873c cb87c733 p.bset           x14, x15, 5, 24     x14=3f2333f9 x15:002333f9
15107331ns          259369 1c008740 1c0006b7 lui              x13, 0x1c000000     x13=1c000000
15107351ns          259370 1c008744 1c0007b7 lui              x15, 0x1c000000     x15=1c000000
15107371ns          259371 1c008748 1306a683 lw               x13, 304(x13)       x13=c13c5fa8 x13:1c000000  PA:1c000130
15107669ns          259386 1c00874c 12c7a783 lw               x15, 300(x15)       x15=3ff7d7e5 x15:1c000000  PA:1c00012c
15107968ns          259401 1c008750 41755513 srai             x10, x10, 0x417     x10=00000085 x10:42a333f9
15107987ns          259402 1c008752 68e7f7c3 fmadd.s          f15, f15, f14, f13  f15=xxxxxxxx f15:3ff7d7e5 f14:3f2333f9 f13:c13c5fa8
15108007ns          259403 1c008756 1c0006b7 lui              x13, 0x1c000000     x13=1c000000
15108027ns          259404 1c00875a 1346a683 lw               x13, 308(x13)       x13=41fa6a03 x13:1c000000  PA:1c000134
15108326ns          259419 1c00875e f8250513 addi             x10, x10, -126      x10=00000007 x10:00000085
15108345ns          259420 1c008762 68e7f7c3 fmadd.s          f15, f15, f14, f13  f15=xxxxxxxx f15:c1289f8f f14:3f2333f9 f13:41fa6a03
15108365ns          259421 1c008766 1c0006b7 lui              x13, 0x1c000000     x13=1c000000
15108385ns          259422 1c00876a 1386a683 lw               x13, 312(x13)       x13=c23f0e08 x13:1c000000  PA:1c000138
15108684ns          259437 1c00876e d0057553 fcvt.s.w         f10, x10            f10=xxxxxxxx x10:00000007
15108704ns          259438 1c008772 68e7f7c3 fmadd.s          f15, f15, f14, f13  f15=xxxxxxxx f15:41c4aa19 f14:3f2333f9 f13:c23f0e08
15108723ns          259439 1c008776 1c0006b7 lui              x13, 0x1c000000     x13=1c000000
15108743ns          259440 1c00877a 13c6a683 lw               x13, 316(x13)       x13=42390412 x13:1c000000  PA:1c00013c
15109062ns          259456 1c00877e 68e7f7c3 fmadd.s          f15, f15, f14, f13  f15=xxxxxxxx f15:c2005dea f14:3f2333f9 f13:42390412
15109081ns          259457 1c008782 1c0006b7 lui              x13, 0x1c000000     x13=1c000000
15109101ns          259458 1c008786 1406a683 lw               x13, 320(x13)       x13=c1efd21b x13:1c000000  PA:1c000140
15109420ns          259474 1c00878a 68e7f7c3 fmadd.s          f15, f15, f14, f13  f15=xxxxxxxx f15:41ce5c6d f14:3f2333f9 f13:c1efd21b
15109439ns          259475 1c00878e 1c0006b7 lui              x13, 0x1c000000     x13=1c000000
15109459ns          259476 1c008792 1446a683 lw               x13, 324(x13)       x13=41644a86 x13:1c000000  PA:1c000144
15109837ns          259495 1c008796 68e7f7c3 fmadd.s          f15, f15, f14, f13  f15=xxxxxxxx f15:c15886b9 f14:3f2333f9 f13:41644a86
15109857ns          259496 1c00879a 1c0006b7 lui              x13, 0x1c000000     x13=1c000000
15109877ns          259497 1c00879e 1486a683 lw               x13, 328(x13)       x13=c087dba8 x13:1c000000  PA:1c000148
15110195ns          259513 1c0087a2 68e7f7c3 fmadd.s          f15, f15, f14, f13  f15=xxxxxxxx f15:40b48192 f14:3f2333f9 f13:c087dba8
15110215ns          259514 1c0087a6 00a7f553 fadd.s           f10, f15, f10       f10=xxxxxxxx f15:bf264415 f10:40e00000
15110235ns          259515 1c0087aa 00008067 jalr             x0, x1, 0            x1:1c0081c2
15110295ns          259518 1c0081c2 11557553 fmul.s           f10, f10, f21       f10=xxxxxxxx f10:40cb377d f21:3f317218
15110315ns          259519 1c0081c6 00a4222b p.sw             x10, 4(x8!)          x8=100017a8 x10:408cdbef  x8:100017a4  PA:100017a4
15110335ns          259520 1c0081ca ff4419e3 bne              x8, x20, -14         x8:100017a8 x20:100017d8
15110394ns          259523 1c0081bc 0049a50b p.lw             x10, 4(x19!)        x10=424db9f1 x19=1c010484 x19:1c010480  PA:1c010480
15110693ns          259538 1c0081c0 558000ef jal              x1, 1368             x1=1c0081c2
15110712ns          259539 1c008718 e00517d3 fclass.s         x15, f10            x15=00000040 f10:424db9f1
15110732ns          259540 1c00871c 0817f793 andi             x15, x15, 129       x15=00000000 x15:00000040
15110752ns          259541 1c008720 08079b63 bne              x15, x0, 150        x15:00000000
15110772ns          259542 1c008722 00000793 addi             x15, x0, 0          x15=00000000
15110792ns          259543 1c008726 a0f52753 feq.s            x14, f10, f15       x14=00000000 f10:424db9f1 f15:00000000
15110812ns          259544 1c00872a 08071163 bne              x14, x0, 130        x14:00000000
15110832ns          259545 1c00872c a0f507d3 fle.s            x15, f10, f15       x15=00000000 f10:424db9f1 f15:00000000
15110852ns          259546 1c008730 08079863 bne              x15, x0, 144        x15:00000000
15110872ns          259547 1c008732 a0a527d3 feq.s            x15, f10, f10       x15=00000001 f10:424db9f1 f10:424db9f1
15110891ns          259548 1c008736 08078563 beq              x15, x0, 138        x15:00000001
15110911ns          259549 1c008738 d17537b3 p.bclr           x15, x10, 8, 23     x15=004db9f1 x10:424db9f1
15110931ns          259550 1c00873c cb87c733 p.bset           x14, x15, 5, 24     x14=3f4db9f1 x15:004db9f1
15110951ns          259551 1c008740 1c0006b7 lui              x13, 0x1c000000     x13=1c000000
15110971ns          259552 1c008744 1c0007b7 lui              x15, 0x1c000000     x15=1c000000
15110991ns          259553 1c008748 1306a683 lw               x13, 304(x13)       x13=c13c5fa8 x13:1c000000  PA:1c000130
15111289ns          259568 1c00874c 12c7a783 lw               x15, 300(x15)       x15=3ff7d7e5 x15:1c000000  PA:1c00012c
15111588ns          259583 1c008750 41755513 srai             x10, x10, 0x417     x10=00000084 x10:424db9f1
15111608ns          259584 1c008752 68e7f7c3 fmadd.s          f15, f15, f14, f13  f15=xxxxxxxx f15:3ff7d7e5 f14:3f4db9f1 f13:c13c5fa8
15111627ns          259585 1c008756 1c0006b7 lui              x13, 0x1c000000     x13=1c000000
15111647ns          259586 1c00875a 1346a683 lw               x13, 308(x13)       x13=41fa6a03 x13:1c000000  PA:1c000134
15111946ns          259601 1c00875e f8250513 addi             x10, x10, -126      x10=00000006 x10:00000084
15111966ns          259602 1c008762 68e7f7c3 fmadd.s          f15, f15, f14, f13  f15=xxxxxxxx f15:c1237a2b f14:3f4db9f1 f13:41fa6a03
15111985ns          259603 1c008766 1c0006b7 lui              x13, 0x1c000000     x13=1c000000
15112005ns          259604 1c00876a 1386a683 lw               x13, 312(x13)       x13=c23f0e08 x13:1c000000  PA:1c000138
15112344ns          259621 1c00876e d0057553 fcvt.s.w         f10, x10            f10=xxxxxxxx x10:00000006
15112363ns          259622 1c008772 68e7f7c3 fmadd.s          f15, f15, f14, f13  f15=xxxxxxxx f15:41b8ba3a f14:3f4db9f1 f13:c23f0e08
15112383ns          259623 1c008776 1c0006b7 lui              x13, 0x1c000000     x13=1c000000
15112403ns          259624 1c00877a 13c6a683 lw               x13, 316(x13)       x13=42390412 x13:1c000000  PA:1c00013c
15112721ns          259640 1c00877e 68e7f7c3 fmadd.s          f15, f15, f14, f13  f15=xxxxxxxx f15:c1e9a8c3 f14:3f4db9f1 f13:42390412
15112741ns          259641 1c008782 1c0006b7 lui              x13, 0x1c000000     x13=1c000000
15112761ns          259642 1c008786 1406a683 lw               x13, 320(x13)       x13=c1efd21b x13:1c000000  PA:1c000140
15113079ns          259658 1c00878a 68e7f7c3 fmadd.s          f15, f15, f14, f13  f15=xxxxxxxx f15:41b64249 f14:3f4db9f1 f13:c1efd21b
15113099ns          259659 1c00878e 1c0006b7 lui              x13, 0x1c000000     x13=1c000000
15113119ns          259660 1c008792 1446a683 lw               x13, 324(x13)       x13=41644a86 x13:1c000000  PA:1c000144
15113457ns          259677 1c008796 68e7f7c3 fmadd.s          f15, f15, f14, f13  f15=xxxxxxxx f15:c13ab54a f14:3f4db9f1 f13:41644a86
15113477ns          259678 1c00879a 1c0006b7 lui              x13, 0x1c000000     x13=1c000000
15113497ns          259679 1c00879e 1486a683 lw               x13, 328(x13)       x13=c087dba8 x13:1c000000  PA:1c000148
15113815ns          259695 1c0087a2 68e7f7c3 fmadd.s          f15, f15, f14, f13  f15=xxxxxxxx f15:409c7f7a f14:3f4db9f1 f13:c087dba8
15113835ns          259696 1c0087a6 00a7f553 fadd.s           f10, f15, f10       f10=xxxxxxxx f15:bea17e7e f10:40c00000
15113855ns          259697 1c0087aa 00008067 jalr             x0, x1, 0            x1:1c0081c2
15113915ns          259700 1c0081c2 11557553 fmul.s           f10, f10, f21       f10=xxxxxxxx f10:40b5e818 f21:3f317218
15113935ns          259701 1c0081c6 00a4222b p.sw             x10, 4(x8!)          x8=100017ac x10:407c2d16  x8:100017a8  PA:100017a8
15113955ns          259702 1c0081ca ff4419e3 bne              x8, x20, -14         x8:100017ac x20:100017d8
15114014ns          259705 1c0081bc 0049a50b p.lw             x10, 4(x19!)        x10=42a9916d x19=1c010488 x19:1c010484  PA:1c010484
15114313ns          259720 1c0081c0 558000ef jal              x1, 1368             x1=1c0081c2
15114333ns          259721 1c008718 e00517d3 fclass.s         x15, f10            x15=00000040 f10:42a9916d
15114352ns          259722 1c00871c 0817f793 andi             x15, x15, 129       x15=00000000 x15:00000040
15114372ns          259723 1c008720 08079b63 bne              x15, x0, 150        x15:00000000
15114392ns          259724 1c008722 00000793 addi             x15, x0, 0          x15=00000000
15114412ns          259725 1c008726 a0f52753 feq.s            x14, f10, f15       x14=00000000 f10:42a9916d f15:00000000
15114432ns          259726 1c00872a 08071163 bne              x14, x0, 130        x14:00000000
15114452ns          259727 1c00872c a0f507d3 fle.s            x15, f10, f15       x15=00000000 f10:42a9916d f15:00000000
15114472ns          259728 1c008730 08079863 bne              x15, x0, 144        x15:00000000
15114492ns          259729 1c008732 a0a527d3 feq.s            x15, f10, f10       x15=00000001 f10:42a9916d f10:42a9916d
15114512ns          259730 1c008736 08078563 beq              x15, x0, 138        x15:00000001
15114532ns          259731 1c008738 d17537b3 p.bclr           x15, x10, 8, 23     x15=0029916d x10:42a9916d
15114551ns          259732 1c00873c cb87c733 p.bset           x14, x15, 5, 24     x14=3f29916d x15:0029916d
15114571ns          259733 1c008740 1c0006b7 lui              x13, 0x1c000000     x13=1c000000
15114591ns          259734 1c008744 1c0007b7 lui              x15, 0x1c000000     x15=1c000000
15114611ns          259735 1c008748 1306a683 lw               x13, 304(x13)       x13=c13c5fa8 x13:1c000000  PA:1c000130
15114929ns          259751 1c00874c 12c7a783 lw               x15, 300(x15)       x15=3ff7d7e5 x15:1c000000  PA:1c00012c
15115228ns          259766 1c008750 41755513 srai             x10, x10, 0x417     x10=00000085 x10:42a9916d
15115248ns          259767 1c008752 68e7f7c3 fmadd.s          f15, f15, f14, f13  f15=xxxxxxxx f15:3ff7d7e5 f14:3f29916d f13:c13c5fa8
15115267ns          259768 1c008756 1c0006b7 lui              x13, 0x1c000000     x13=1c000000
15115287ns          259769 1c00875a 1346a683 lw               x13, 308(x13)       x13=41fa6a03 x13:1c000000  PA:1c000134
15115586ns          259784 1c00875e f8250513 addi             x10, x10, -126      x10=00000007 x10:00000085
15115606ns          259785 1c008762 68e7f7c3 fmadd.s          f15, f15, f14, f13  f15=xxxxxxxx f15:c127da5e f14:3f29916d f13:41fa6a03
15115625ns          259786 1c008766 1c0006b7 lui              x13, 0x1c000000     x13=1c000000
15115645ns          259787 1c00876a 1386a683 lw               x13, 312(x13)       x13=c23f0e08 x13:1c000000  PA:1c000138
15115944ns          259802 1c00876e d0057553 fcvt.s.w         f10, x10            f10=xxxxxxxx x10:00000007
15115964ns          259803 1c008772 68e7f7c3 fmadd.s          f15, f15, f14, f13  f15=xxxxxxxx f15:41c2d2c2 f14:3f29916d f13:c23f0e08
15115984ns          259804 1c008776 1c0006b7 lui              x13, 0x1c000000     x13=1c000000
15116003ns          259805 1c00877a 13c6a683 lw               x13, 316(x13)       x13=42390412 x13:1c000000  PA:1c00013c
15116322ns          259821 1c00877e 68e7f7c3 fmadd.s          f15, f15, f14, f13  f15=xxxxxxxx f15:c1fd1042 f14:3f29916d f13:42390412
15116342ns          259822 1c008782 1c0006b7 lui              x13, 0x1c000000     x13=1c000000
15116361ns          259823 1c008786 1406a683 lw               x13, 320(x13)       x13=c1efd21b x13:1c000000  PA:1c000140
15116680ns          259839 1c00878a 68e7f7c3 fmadd.s          f15, f15, f14, f13  f15=xxxxxxxx f15:41ca68a6 f14:3f29916d f13:c1efd21b
15116700ns          259840 1c00878e 1c0006b7 lui              x13, 0x1c000000     x13=1c000000
15116719ns          259841 1c008792 1446a683 lw               x13, 324(x13)       x13=41644a86 x13:1c000000  PA:1c000144
15117038ns          259857 1c008796 68e7f7c3 fmadd.s          f15, f15, f14, f13  f15=xxxxxxxx f15:c1538014 f14:3f29916d f13:41644a86
15117058ns          259858 1c00879a 1c0006b7 lui              x13, 0x1c000000     x13=1c000000
15117078ns          259859 1c00879e 1486a683 lw               x13, 328(x13)       x13=c087dba8 x13:1c000000  PA:1c000148
15117396ns          259875 1c0087a2 68e7f7c3 fmadd.s          f15, f15, f14, f13  f15=xxxxxxxx f15:40b065a6 f14:3f29916d f13:c087dba8
15117416ns          259876 1c0087a6 00a7f553 fadd.s           f10, f15, f10       f10=xxxxxxxx f15:bf1822c6 f10:40e00000
15117436ns          259877 1c0087aa 00008067 jalr             x0, x1, 0            x1:1c0081c2
15117495ns          259880 1c0081c2 11557553 fmul.s           f10, f10, f21       f10=xxxxxxxx f10:40ccfba7 f21:3f317218
15117515ns          259881 1c0081c6 00a4222b p.sw             x10, 4(x8!)          x8=100017b0 x10:408e155a  x8:100017ac  PA:100017ac
15117535ns          259882 1c0081ca ff4419e3 bne              x8, x20, -14         x8:100017b0 x20:100017d8
15117595ns          259885 1c0081bc 0049a50b p.lw             x10, 4(x19!)        x10=42ac4c27 x19=1c01048c x19:1c010488  PA:1c010488
15117893ns          259900 1c0081c0 558000ef jal              x1, 1368             x1=1c0081c2
15117913ns          259901 1c008718 e00517d3 fclass.s         x15, f10            x15=00000040 f10:42ac4c27
15117933ns          259902 1c00871c 0817f793 andi             x15, x15, 129       x15=00000000 x15:00000040
15117953ns          259903 1c008720 08079b63 bne              x15, x0, 150        x15:00000000
15117973ns          259904 1c008722 00000793 addi             x15, x0, 0          x15=00000000
15117992ns          259905 1c008726 a0f52753 feq.s            x14, f10, f15       x14=00000000 f10:42ac4c27 f15:00000000
15118012ns          259906 1c00872a 08071163 bne              x14, x0, 130        x14:00000000
15118032ns          259907 1c00872c a0f507d3 fle.s            x15, f10, f15       x15=00000000 f10:42ac4c27 f15:00000000
15118052ns          259908 1c008730 08079863 bne              x15, x0, 144        x15:00000000
15118072ns          259909 1c008732 a0a527d3 feq.s            x15, f10, f10       x15=00000001 f10:42ac4c27 f10:42ac4c27
15118092ns          259910 1c008736 08078563 beq              x15, x0, 138        x15:00000001
15118112ns          259911 1c008738 d17537b3 p.bclr           x15, x10, 8, 23     x15=002c4c27 x10:42ac4c27
15118132ns          259912 1c00873c cb87c733 p.bset           x14, x15, 5, 24     x14=3f2c4c27 x15:002c4c27
15118152ns          259913 1c008740 1c0006b7 lui              x13, 0x1c000000     x13=1c000000
15118172ns          259914 1c008744 1c0007b7 lui              x15, 0x1c000000     x15=1c000000
15118191ns          259915 1c008748 1306a683 lw               x13, 304(x13)       x13=c13c5fa8 x13:1c000000  PA:1c000130
15118490ns          259930 1c00874c 12c7a783 lw               x15, 300(x15)       x15=3ff7d7e5 x15:1c000000  PA:1c00012c
15118808ns          259946 1c008750 41755513 srai             x10, x10, 0x417     x10=00000085 x10:42ac4c27
15118828ns          259947 1c008752 68e7f7c3 fmadd.s          f15, f15, f14, f13  f15=xxxxxxxx f15:3ff7d7e5 f14:3f2c4c27 f13:c13c5fa8
15118848ns          259948 1c008756 1c0006b7 lui              x13, 0x1c000000     x13=1c000000
15118868ns          259949 1c00875a 1346a683 lw               x13, 308(x13)       x13=41fa6a03 x13:1c000000  PA:1c000134
15119166ns          259964 1c00875e f8250513 addi             x10, x10, -126      x10=00000007 x10:00000085
15119186ns          259965 1c008762 68e7f7c3 fmadd.s          f15, f15, f14, f13  f15=xxxxxxxx f15:c12785cf f14:3f2c4c27 f13:41fa6a03
15119206ns          259966 1c008766 1c0006b7 lui              x13, 0x1c000000     x13=1c000000
15119226ns          259967 1c00876a 1386a683 lw               x13, 312(x13)       x13=c23f0e08 x13:1c000000  PA:1c000138
15119524ns          259982 1c00876e d0057553 fcvt.s.w         f10, x10            f10=xxxxxxxx x10:00000007
15119544ns          259983 1c008772 68e7f7c3 fmadd.s          f15, f15, f14, f13  f15=xxxxxxxx f15:41c20a25 f14:3f2c4c27 f13:c23f0e08
15119564ns          259984 1c008776 1c0006b7 lui              x13, 0x1c000000     x13=1c000000
15119584ns          259985 1c00877a 13c6a683 lw               x13, 316(x13)       x13=42390412 x13:1c000000  PA:1c00013c
15119902ns          260001 1c00877e 68e7f7c3 fmadd.s          f15, f15, f14, f13  f15=xxxxxxxx f15:c1fb8387 f14:3f2c4c27 f13:42390412
15119922ns          260002 1c008782 1c0006b7 lui              x13, 0x1c000000     x13=1c000000
15119942ns          260003 1c008786 1406a683 lw               x13, 320(x13)       x13=c1efd21b x13:1c000000  PA:1c000140
15120280ns          260020 1c00878a 68e7f7c3 fmadd.s          f15, f15, f14, f13  f15=xxxxxxxx f15:41c8c0f4 f14:3f2c4c27 f13:c1efd21b
15120300ns          260021 1c00878e 1c0006b7 lui              x13, 0x1c000000     x13=1c000000
15120320ns          260022 1c008792 1446a683 lw               x13, 324(x13)       x13=41644a86 x13:1c000000  PA:1c000144
15120638ns          260038 1c008796 68e7f7c3 fmadd.s          f15, f15, f14, f13  f15=xxxxxxxx f15:c151697e f14:3f2c4c27 f13:41644a86
15120658ns          260039 1c00879a 1c0006b7 lui              x13, 0x1c000000     x13=1c000000
15120678ns          260040 1c00879e 1486a683 lw               x13, 328(x13)       x13=c087dba8 x13:1c000000  PA:1c000148
15120996ns          260056 1c0087a2 68e7f7c3 fmadd.s          f15, f15, f14, f13  f15=xxxxxxxx f15:40aeb2b4 f14:3f2c4c27 f13:c087dba8
15121016ns          260057 1c0087a6 00a7f553 fadd.s           f10, f15, f10       f10=xxxxxxxx f15:bf123cfb f10:40e00000
15121036ns          260058 1c0087aa 00008067 jalr             x0, x1, 0            x1:1c0081c2
15121095ns          260061 1c0081c2 11557553 fmul.s           f10, f10, f21       f10=xxxxxxxx f10:40cdb861 f21:3f317218
15121115ns          260062 1c0081c6 00a4222b p.sw             x10, 4(x8!)          x8=100017b4 x10:408e982a  x8:100017b0  PA:100017b0
15121135ns          260063 1c0081ca ff4419e3 bne              x8, x20, -14         x8:100017b4 x20:100017d8
15121195ns          260066 1c0081bc 0049a50b p.lw             x10, 4(x19!)        x10=42b80140 x19=1c010490 x19:1c01048c  PA:1c01048c
15121513ns          260082 1c0081c0 558000ef jal              x1, 1368             x1=1c0081c2
15121533ns          260083 1c008718 e00517d3 fclass.s         x15, f10            x15=00000040 f10:42b80140
15121553ns          260084 1c00871c 0817f793 andi             x15, x15, 129       x15=00000000 x15:00000040
15121573ns          260085 1c008720 08079b63 bne              x15, x0, 150        x15:00000000
15121593ns          260086 1c008722 00000793 addi             x15, x0, 0          x15=00000000
15121613ns          260087 1c008726 a0f52753 feq.s            x14, f10, f15       x14=00000000 f10:42b80140 f15:00000000
15121633ns          260088 1c00872a 08071163 bne              x14, x0, 130        x14:00000000
15121652ns          260089 1c00872c a0f507d3 fle.s            x15, f10, f15       x15=00000000 f10:42b80140 f15:00000000
15121672ns          260090 1c008730 08079863 bne              x15, x0, 144        x15:00000000
15121692ns          260091 1c008732 a0a527d3 feq.s            x15, f10, f10       x15=00000001 f10:42b80140 f10:42b80140
15121712ns          260092 1c008736 08078563 beq              x15, x0, 138        x15:00000001
15121732ns          260093 1c008738 d17537b3 p.bclr           x15, x10, 8, 23     x15=00380140 x10:42b80140
15121752ns          260094 1c00873c cb87c733 p.bset           x14, x15, 5, 24     x14=3f380140 x15:00380140
15121772ns          260095 1c008740 1c0006b7 lui              x13, 0x1c000000     x13=1c000000
15121792ns          260096 1c008744 1c0007b7 lui              x15, 0x1c000000     x15=1c000000
15121812ns          260097 1c008748 1306a683 lw               x13, 304(x13)       x13=c13c5fa8 x13:1c000000  PA:1c000130
15122110ns          260112 1c00874c 12c7a783 lw               x15, 300(x15)       x15=3ff7d7e5 x15:1c000000  PA:1c00012c
15122408ns          260127 1c008750 41755513 srai             x10, x10, 0x417     x10=00000085 x10:42b80140
15122428ns          260128 1c008752 68e7f7c3 fmadd.s          f15, f15, f14, f13  f15=xxxxxxxx f15:3ff7d7e5 f14:3f380140 f13:c13c5fa8
15122448ns          260129 1c008756 1c0006b7 lui              x13, 0x1c000000     x13=1c000000
15122468ns          260130 1c00875a 1346a683 lw               x13, 308(x13)       x13=41fa6a03 x13:1c000000  PA:1c000134
15122766ns          260145 1c00875e f8250513 addi             x10, x10, -126      x10=00000007 x10:00000085
15122786ns          260146 1c008762 68e7f7c3 fmadd.s          f15, f15, f14, f13  f15=xxxxxxxx f15:c1261b1c f14:3f380140 f13:41fa6a03
15122806ns          260147 1c008766 1c0006b7 lui              x13, 0x1c000000     x13=1c000000
15122826ns          260148 1c00876a 1386a683 lw               x13, 312(x13)       x13=c23f0e08 x13:1c000000  PA:1c000138
15123124ns          260163 1c00876e d0057553 fcvt.s.w         f10, x10            f10=xxxxxxxx x10:00000007
15123144ns          260164 1c008772 68e7f7c3 fmadd.s          f15, f15, f14, f13  f15=xxxxxxxx f15:41beb7dd f14:3f380140 f13:c23f0e08
15123164ns          260165 1c008776 1c0006b7 lui              x13, 0x1c000000     x13=1c000000
15123184ns          260166 1c00877a 13c6a683 lw               x13, 316(x13)       x13=42390412 x13:1c000000  PA:1c00013c
15123502ns          260182 1c00877e 68e7f7c3 fmadd.s          f15, f15, f14, f13  f15=xxxxxxxx f15:c1f506fb f14:3f380140 f13:42390412
15123522ns          260183 1c008782 1c0006b7 lui              x13, 0x1c000000     x13=1c000000
15123542ns          260184 1c008786 1406a683 lw               x13, 320(x13)       x13=c1efd21b x13:1c000000  PA:1c000140
15123860ns          260200 1c00878a 68e7f7c3 fmadd.s          f15, f15, f14, f13  f15=xxxxxxxx f15:41c1e9ed f14:3f380140 f13:c1efd21b
15123880ns          260201 1c00878e 1c0006b7 lui              x13, 0x1c000000     x13=1c000000
15123900ns          260202 1c008792 1446a683 lw               x13, 324(x13)       x13=41644a86 x13:1c000000  PA:1c000144
15124238ns          260219 1c008796 68e7f7c3 fmadd.s          f15, f15, f14, f13  f15=xxxxxxxx f15:c148e20d f14:3f380140 f13:41644a86
15124258ns          260220 1c00879a 1c0006b7 lui              x13, 0x1c000000     x13=1c000000
15124278ns          260221 1c00879e 1486a683 lw               x13, 328(x13)       x13=c087dba8 x13:1c000000  PA:1c000148
15124596ns          260237 1c0087a2 68e7f7c3 fmadd.s          f15, f15, f14, f13  f15=xxxxxxxx f15:40a7ce23 f14:3f380140 f13:c087dba8
15124616ns          260238 1c0087a6 00a7f553 fadd.s           f10, f15, f10       f10=xxxxxxxx f15:bef3ead1 f10:40e00000
15124636ns          260239 1c0087aa 00008067 jalr             x0, x1, 0            x1:1c0081c2
15124696ns          260242 1c0081c2 11557553 fmul.s           f10, f10, f21       f10=xxxxxxxx f10:40d0c153 f21:3f317218
15124716ns          260243 1c0081c6 00a4222b p.sw             x10, 4(x8!)          x8=100017b8 x10:4090b2b4  x8:100017b4  PA:100017b4
15124735ns          260244 1c0081ca ff4419e3 bne              x8, x20, -14         x8:100017b8 x20:100017d8
15124795ns          260247 1c0081bc 0049a50b p.lw             x10, 4(x19!)        x10=42aeba35 x19=1c010494 x19:1c010490  PA:1c010490
15125093ns          260262 1c0081c0 558000ef jal              x1, 1368             x1=1c0081c2
15125113ns          260263 1c008718 e00517d3 fclass.s         x15, f10            x15=00000040 f10:42aeba35
15125133ns          260264 1c00871c 0817f793 andi             x15, x15, 129       x15=00000000 x15:00000040
15125153ns          260265 1c008720 08079b63 bne              x15, x0, 150        x15:00000000
15125173ns          260266 1c008722 00000793 addi             x15, x0, 0          x15=00000000
15125193ns          260267 1c008726 a0f52753 feq.s            x14, f10, f15       x14=00000000 f10:42aeba35 f15:00000000
15125213ns          260268 1c00872a 08071163 bne              x14, x0, 130        x14:00000000
15125233ns          260269 1c00872c a0f507d3 fle.s            x15, f10, f15       x15=00000000 f10:42aeba35 f15:00000000
15125253ns          260270 1c008730 08079863 bne              x15, x0, 144        x15:00000000
15125273ns          260271 1c008732 a0a527d3 feq.s            x15, f10, f10       x15=00000001 f10:42aeba35 f10:42aeba35
15125292ns          260272 1c008736 08078563 beq              x15, x0, 138        x15:00000001
15125312ns          260273 1c008738 d17537b3 p.bclr           x15, x10, 8, 23     x15=002eba35 x10:42aeba35
15125332ns          260274 1c00873c cb87c733 p.bset           x14, x15, 5, 24     x14=3f2eba35 x15:002eba35
15125352ns          260275 1c008740 1c0006b7 lui              x13, 0x1c000000     x13=1c000000
15125372ns          260276 1c008744 1c0007b7 lui              x15, 0x1c000000     x15=1c000000
15125392ns          260277 1c008748 1306a683 lw               x13, 304(x13)       x13=c13c5fa8 x13:1c000000  PA:1c000130
15125690ns          260292 1c00874c 12c7a783 lw               x15, 300(x15)       x15=3ff7d7e5 x15:1c000000  PA:1c00012c
15125989ns          260307 1c008750 41755513 srai             x10, x10, 0x417     x10=00000085 x10:42aeba35
15126008ns          260308 1c008752 68e7f7c3 fmadd.s          f15, f15, f14, f13  f15=xxxxxxxx f15:3ff7d7e5 f14:3f2eba35 f13:c13c5fa8
15126028ns          260309 1c008756 1c0006b7 lui              x13, 0x1c000000     x13=1c000000
15126048ns          260310 1c00875a 1346a683 lw               x13, 308(x13)       x13=41fa6a03 x13:1c000000  PA:1c000134
15126347ns          260325 1c00875e f8250513 addi             x10, x10, -126      x10=00000007 x10:00000085
15126367ns          260326 1c008762 68e7f7c3 fmadd.s          f15, f15, f14, f13  f15=xxxxxxxx f15:c1273a88 f14:3f2eba35 f13:41fa6a03
15126386ns          260327 1c008766 1c0006b7 lui              x13, 0x1c000000     x13=1c000000
15126406ns          260328 1c00876a 1386a683 lw               x13, 312(x13)       x13=c23f0e08 x13:1c000000  PA:1c000138
15126705ns          260343 1c00876e d0057553 fcvt.s.w         f10, x10            f10=xxxxxxxx x10:00000007
15126725ns          260344 1c008772 68e7f7c3 fmadd.s          f15, f15, f14, f13  f15=xxxxxxxx f15:41c1584d f14:3f2eba35 f13:c23f0e08
15126744ns          260345 1c008776 1c0006b7 lui              x13, 0x1c000000     x13=1c000000
15126764ns          260346 1c00877a 13c6a683 lw               x13, 316(x13)       x13=42390412 x13:1c000000  PA:1c00013c
15127083ns          260362 1c00877e 68e7f7c3 fmadd.s          f15, f15, f14, f13  f15=xxxxxxxx f15:c1fa2569 f14:3f2eba35 f13:42390412
15127102ns          260363 1c008782 1c0006b7 lui              x13, 0x1c000000     x13=1c000000
15127122ns          260364 1c008786 1406a683 lw               x13, 320(x13)       x13=c1efd21b x13:1c000000  PA:1c000140
15127441ns          260380 1c00878a 68e7f7c3 fmadd.s          f15, f15, f14, f13  f15=xxxxxxxx f15:41c74cc4 f14:3f2eba35 f13:c1efd21b
15127460ns          260381 1c00878e 1c0006b7 lui              x13, 0x1c000000     x13=1c000000
15127480ns          260382 1c008792 1446a683 lw               x13, 324(x13)       x13=41644a86 x13:1c000000  PA:1c000144
15127819ns          260399 1c008796 68e7f7c3 fmadd.s          f15, f15, f14, f13  f15=xxxxxxxx f15:c14f95ed f14:3f2eba35 f13:41644a86
15127838ns          260400 1c00879a 1c0006b7 lui              x13, 0x1c000000     x13=1c000000
15127858ns          260401 1c00879e 1486a683 lw               x13, 328(x13)       x13=c087dba8 x13:1c000000  PA:1c000148
15128196ns          260418 1c0087a2 68e7f7c3 fmadd.s          f15, f15, f14, f13  f15=xxxxxxxx f15:40ad3742 f14:3f2eba35 f13:c087dba8
15128216ns          260419 1c0087a6 00a7f553 fadd.s           f10, f15, f10       f10=xxxxxxxx f15:bf0d10d9 f10:40e00000
15128236ns          260420 1c0087aa 00008067 jalr             x0, x1, 0            x1:1c0081c2
15128296ns          260423 1c0081c2 11557553 fmul.s           f10, f10, f21       f10=xxxxxxxx f10:40ce5de5 f21:3f317218
15128316ns          260424 1c0081c6 00a4222b p.sw             x10, 4(x8!)          x8=100017bc x10:408f0ae4  x8:100017b8  PA:100017b8
15128336ns          260425 1c0081ca ff4419e3 bne              x8, x20, -14         x8:100017bc x20:100017d8
15128395ns          260428 1c0081bc 0049a50b p.lw             x10, 4(x19!)        x10=425f47b6 x19=1c010498 x19:1c010494  PA:1c010494
15128694ns          260443 1c0081c0 558000ef jal              x1, 1368             x1=1c0081c2
15128714ns          260444 1c008718 e00517d3 fclass.s         x15, f10            x15=00000040 f10:425f47b6
15128734ns          260445 1c00871c 0817f793 andi             x15, x15, 129       x15=00000000 x15:00000040
15128753ns          260446 1c008720 08079b63 bne              x15, x0, 150        x15:00000000
15128773ns          260447 1c008722 00000793 addi             x15, x0, 0          x15=00000000
15128793ns          260448 1c008726 a0f52753 feq.s            x14, f10, f15       x14=00000000 f10:425f47b6 f15:00000000
15128813ns          260449 1c00872a 08071163 bne              x14, x0, 130        x14:00000000
15128833ns          260450 1c00872c a0f507d3 fle.s            x15, f10, f15       x15=00000000 f10:425f47b6 f15:00000000
15128853ns          260451 1c008730 08079863 bne              x15, x0, 144        x15:00000000
15128873ns          260452 1c008732 a0a527d3 feq.s            x15, f10, f10       x15=00000001 f10:425f47b6 f10:425f47b6
15128893ns          260453 1c008736 08078563 beq              x15, x0, 138        x15:00000001
15128913ns          260454 1c008738 d17537b3 p.bclr           x15, x10, 8, 23     x15=005f47b6 x10:425f47b6
15128932ns          260455 1c00873c cb87c733 p.bset           x14, x15, 5, 24     x14=3f5f47b6 x15:005f47b6
15128952ns          260456 1c008740 1c0006b7 lui              x13, 0x1c000000     x13=1c000000
15128972ns          260457 1c008744 1c0007b7 lui              x15, 0x1c000000     x15=1c000000
15128992ns          260458 1c008748 1306a683 lw               x13, 304(x13)       x13=c13c5fa8 x13:1c000000  PA:1c000130
15129290ns          260473 1c00874c 12c7a783 lw               x15, 300(x15)       x15=3ff7d7e5 x15:1c000000  PA:1c00012c
15129589ns          260488 1c008750 41755513 srai             x10, x10, 0x417     x10=00000084 x10:425f47b6
15129609ns          260489 1c008752 68e7f7c3 fmadd.s          f15, f15, f14, f13  f15=xxxxxxxx f15:3ff7d7e5 f14:3f5f47b6 f13:c13c5fa8
15129629ns          260490 1c008756 1c0006b7 lui              x13, 0x1c000000     x13=1c000000
15129648ns          260491 1c00875a 1346a683 lw               x13, 308(x13)       x13=41fa6a03 x13:1c000000  PA:1c000134
15129947ns          260506 1c00875e f8250513 addi             x10, x10, -126      x10=00000006 x10:00000084
15129967ns          260507 1c008762 68e7f7c3 fmadd.s          f15, f15, f14, f13  f15=xxxxxxxx f15:c1215a58 f14:3f5f47b6 f13:41fa6a03
15129987ns          260508 1c008766 1c0006b7 lui              x13, 0x1c000000     x13=1c000000
15130007ns          260509 1c00876a 1386a683 lw               x13, 312(x13)       x13=c23f0e08 x13:1c000000  PA:1c000138
15130305ns          260524 1c00876e d0057553 fcvt.s.w         f10, x10            f10=xxxxxxxx x10:00000006
15130325ns          260525 1c008772 68e7f7c3 fmadd.s          f15, f15, f14, f13  f15=xxxxxxxx f15:41b40c90 f14:3f5f47b6 f13:c23f0e08
15130345ns          260526 1c008776 1c0006b7 lui              x13, 0x1c000000     x13=1c000000
15130365ns          260527 1c00877a 13c6a683 lw               x13, 316(x13)       x13=42390412 x13:1c000000  PA:1c00013c
15130683ns          260543 1c00877e 68e7f7c3 fmadd.s          f15, f15, f14, f13  f15=xxxxxxxx f15:c1e112af f14:3f5f47b6 f13:42390412
15130703ns          260544 1c008782 1c0006b7 lui              x13, 0x1c000000     x13=1c000000
15130723ns          260545 1c008786 1406a683 lw               x13, 320(x13)       x13=c1efd21b x13:1c000000  PA:1c000140
15131041ns          260561 1c00878a 68e7f7c3 fmadd.s          f15, f15, f14, f13  f15=xxxxxxxx f15:41adb9d1 f14:3f5f47b6 f13:c1efd21b
15131061ns          260562 1c00878e 1c0006b7 lui              x13, 0x1c000000     x13=1c000000
15131081ns          260563 1c008792 1446a683 lw               x13, 324(x13)       x13=41644a86 x13:1c000000  PA:1c000144
15131399ns          260579 1c008796 68e7f7c3 fmadd.s          f15, f15, f14, f13  f15=xxxxxxxx f15:c1309928 f14:3f5f47b6 f13:41644a86
15131419ns          260580 1c00879a 1c0006b7 lui              x13, 0x1c000000     x13=1c000000
15131439ns          260581 1c00879e 1486a683 lw               x13, 328(x13)       x13=c087dba8 x13:1c000000  PA:1c000148
15131757ns          260597 1c0087a2 68e7f7c3 fmadd.s          f15, f15, f14, f13  f15=xxxxxxxx f15:40948748 f14:3f5f47b6 f13:c087dba8
15131777ns          260598 1c0087a6 00a7f553 fadd.s           f10, f15, f10       f10=xxxxxxxx f15:be4a06a5 f10:40c00000
15131797ns          260599 1c0087aa 00008067 jalr             x0, x1, 0            x1:1c0081c2
15131856ns          260602 1c0081c2 11557553 fmul.s           f10, f10, f21       f10=xxxxxxxx f10:40b9afcb f21:3f317218
15131876ns          260603 1c0081c6 00a4222b p.sw             x10, 4(x8!)          x8=100017c0 x10:4080b54d  x8:100017bc  PA:100017bc
15131896ns          260604 1c0081ca ff4419e3 bne              x8, x20, -14         x8:100017c0 x20:100017d8
15131956ns          260607 1c0081bc 0049a50b p.lw             x10, 4(x19!)        x10=4261f277 x19=1c01049c x19:1c010498  PA:1c010498
15132254ns          260622 1c0081c0 558000ef jal              x1, 1368             x1=1c0081c2
15132274ns          260623 1c008718 e00517d3 fclass.s         x15, f10            x15=00000040 f10:4261f277
15132294ns          260624 1c00871c 0817f793 andi             x15, x15, 129       x15=00000000 x15:00000040
15132314ns          260625 1c008720 08079b63 bne              x15, x0, 150        x15:00000000
15132334ns          260626 1c008722 00000793 addi             x15, x0, 0          x15=00000000
15132354ns          260627 1c008726 a0f52753 feq.s            x14, f10, f15       x14=00000000 f10:4261f277 f15:00000000
15132374ns          260628 1c00872a 08071163 bne              x14, x0, 130        x14:00000000
15132393ns          260629 1c00872c a0f507d3 fle.s            x15, f10, f15       x15=00000000 f10:4261f277 f15:00000000
15132413ns          260630 1c008730 08079863 bne              x15, x0, 144        x15:00000000
15132433ns          260631 1c008732 a0a527d3 feq.s            x15, f10, f10       x15=00000001 f10:4261f277 f10:4261f277
15132453ns          260632 1c008736 08078563 beq              x15, x0, 138        x15:00000001
15132473ns          260633 1c008738 d17537b3 p.bclr           x15, x10, 8, 23     x15=0061f277 x10:4261f277
15132493ns          260634 1c00873c cb87c733 p.bset           x14, x15, 5, 24     x14=3f61f277 x15:0061f277
15132513ns          260635 1c008740 1c0006b7 lui              x13, 0x1c000000     x13=1c000000
15132533ns          260636 1c008744 1c0007b7 lui              x15, 0x1c000000     x15=1c000000
15132553ns          260637 1c008748 1306a683 lw               x13, 304(x13)       x13=c13c5fa8 x13:1c000000  PA:1c000130
15132851ns          260652 1c00874c 12c7a783 lw               x15, 300(x15)       x15=3ff7d7e5 x15:1c000000  PA:1c00012c
15133149ns          260667 1c008750 41755513 srai             x10, x10, 0x417     x10=00000084 x10:4261f277
15133169ns          260668 1c008752 68e7f7c3 fmadd.s          f15, f15, f14, f13  f15=xxxxxxxx f15:3ff7d7e5 f14:3f61f277 f13:c13c5fa8
15133189ns          260669 1c008756 1c0006b7 lui              x13, 0x1c000000     x13=1c000000
15133209ns          260670 1c00875a 1346a683 lw               x13, 308(x13)       x13=41fa6a03 x13:1c000000  PA:1c000134
15133527ns          260686 1c00875e f8250513 addi             x10, x10, -126      x10=00000006 x10:00000084
15133547ns          260687 1c008762 68e7f7c3 fmadd.s          f15, f15, f14, f13  f15=xxxxxxxx f15:c12107b8 f14:3f61f277 f13:41fa6a03
15133567ns          260688 1c008766 1c0006b7 lui              x13, 0x1c000000     x13=1c000000
15133587ns          260689 1c00876a 1386a683 lw               x13, 312(x13)       x13=c23f0e08 x13:1c000000  PA:1c000138
15133885ns          260704 1c00876e d0057553 fcvt.s.w         f10, x10            f10=xxxxxxxx x10:00000006
15133905ns          260705 1c008772 68e7f7c3 fmadd.s          f15, f15, f14, f13  f15=xxxxxxxx f15:41b359dd f14:3f61f277 f13:c23f0e08
15133925ns          260706 1c008776 1c0006b7 lui              x13, 0x1c000000     x13=1c000000
15133945ns          260707 1c00877a 13c6a683 lw               x13, 316(x13)       x13=42390412 x13:1c000000  PA:1c00013c
15134263ns          260723 1c00877e 68e7f7c3 fmadd.s          f15, f15, f14, f13  f15=xxxxxxxx f15:c1dfd036 f14:3f61f277 f13:42390412
15134283ns          260724 1c008782 1c0006b7 lui              x13, 0x1c000000     x13=1c000000
15134303ns          260725 1c008786 1406a683 lw               x13, 320(x13)       x13=c1efd21b x13:1c000000  PA:1c000140
15134621ns          260741 1c00878a 68e7f7c3 fmadd.s          f15, f15, f14, f13  f15=xxxxxxxx f15:41ac7e2a f14:3f61f277 f13:c1efd21b
15134641ns          260742 1c00878e 1c0006b7 lui              x13, 0x1c000000     x13=1c000000
15134661ns          260743 1c008792 1446a683 lw               x13, 324(x13)       x13=41644a86 x13:1c000000  PA:1c000144
15134999ns          260760 1c008796 68e7f7c3 fmadd.s          f15, f15, f14, f13  f15=xxxxxxxx f15:c12f27b1 f14:3f61f277 f13:41644a86
15135019ns          260761 1c00879a 1c0006b7 lui              x13, 0x1c000000     x13=1c000000
15135039ns          260762 1c00879e 1486a683 lw               x13, 328(x13)       x13=c087dba8 x13:1c000000  PA:1c000148
15135357ns          260778 1c0087a2 68e7f7c3 fmadd.s          f15, f15, f14, f13  f15=xxxxxxxx f15:4093657d f14:3f61f277 f13:c087dba8
15135377ns          260779 1c0087a6 00a7f553 fadd.s           f10, f15, f10       f10=xxxxxxxx f15:be387b56 f10:40c00000
15135397ns          260780 1c0087aa 00008067 jalr             x0, x1, 0            x1:1c0081c2
15135457ns          260783 1c0081c2 11557553 fmul.s           f10, f10, f21       f10=xxxxxxxx f10:40ba3c25 f21:3f317218
15135476ns          260784 1c0081c6 00a4222b p.sw             x10, 4(x8!)          x8=100017c4 x10:40811696  x8:100017c0  PA:100017c0
15135496ns          260785 1c0081ca ff4419e3 bne              x8, x20, -14         x8:100017c4 x20:100017d8
15135556ns          260788 1c0081bc 0049a50b p.lw             x10, 4(x19!)        x10=4257bd27 x19=1c0104a0 x19:1c01049c  PA:1c01049c
15135854ns          260803 1c0081c0 558000ef jal              x1, 1368             x1=1c0081c2
15135874ns          260804 1c008718 e00517d3 fclass.s         x15, f10            x15=00000040 f10:4257bd27
15135894ns          260805 1c00871c 0817f793 andi             x15, x15, 129       x15=00000000 x15:00000040
15135914ns          260806 1c008720 08079b63 bne              x15, x0, 150        x15:00000000
15135934ns          260807 1c008722 00000793 addi             x15, x0, 0          x15=00000000
15135954ns          260808 1c008726 a0f52753 feq.s            x14, f10, f15       x14=00000000 f10:4257bd27 f15:00000000
15135974ns          260809 1c00872a 08071163 bne              x14, x0, 130        x14:00000000
15135994ns          260810 1c00872c a0f507d3 fle.s            x15, f10, f15       x15=00000000 f10:4257bd27 f15:00000000
15136014ns          260811 1c008730 08079863 bne              x15, x0, 144        x15:00000000
15136033ns          260812 1c008732 a0a527d3 feq.s            x15, f10, f10       x15=00000001 f10:4257bd27 f10:4257bd27
15136053ns          260813 1c008736 08078563 beq              x15, x0, 138        x15:00000001
15136073ns          260814 1c008738 d17537b3 p.bclr           x15, x10, 8, 23     x15=0057bd27 x10:4257bd27
15136093ns          260815 1c00873c cb87c733 p.bset           x14, x15, 5, 24     x14=3f57bd27 x15:0057bd27
15136113ns          260816 1c008740 1c0006b7 lui              x13, 0x1c000000     x13=1c000000
15136133ns          260817 1c008744 1c0007b7 lui              x15, 0x1c000000     x15=1c000000
15136153ns          260818 1c008748 1306a683 lw               x13, 304(x13)       x13=c13c5fa8 x13:1c000000  PA:1c000130
15136451ns          260833 1c00874c 12c7a783 lw               x15, 300(x15)       x15=3ff7d7e5 x15:1c000000  PA:1c00012c
15136749ns          260848 1c008750 41755513 srai             x10, x10, 0x417     x10=00000084 x10:4257bd27
15136769ns          260849 1c008752 68e7f7c3 fmadd.s          f15, f15, f14, f13  f15=xxxxxxxx f15:3ff7d7e5 f14:3f57bd27 f13:c13c5fa8
15136789ns          260850 1c008756 1c0006b7 lui              x13, 0x1c000000     x13=1c000000
15136809ns          260851 1c00875a 1346a683 lw               x13, 308(x13)       x13=41fa6a03 x13:1c000000  PA:1c000134
15137147ns          260868 1c00875e f8250513 addi             x10, x10, -126      x10=00000006 x10:00000084
15137167ns          260869 1c008762 68e7f7c3 fmadd.s          f15, f15, f14, f13  f15=xxxxxxxx f15:c12243fa f14:3f57bd27 f13:41fa6a03
15137187ns          260870 1c008766 1c0006b7 lui              x13, 0x1c000000     x13=1c000000
15137207ns          260871 1c00876a 1386a683 lw               x13, 312(x13)       x13=c23f0e08 x13:1c000000  PA:1c000138
15137525ns          260887 1c00876e d0057553 fcvt.s.w         f10, x10            f10=xxxxxxxx x10:00000006
15137545ns          260888 1c008772 68e7f7c3 fmadd.s          f15, f15, f14, f13  f15=xxxxxxxx f15:41b60a85 f14:3f57bd27 f13:c23f0e08
15137565ns          260889 1c008776 1c0006b7 lui              x13, 0x1c000000     x13=1c000000
15137585ns          260890 1c00877a 13c6a683 lw               x13, 316(x13)       x13=42390412 x13:1c000000  PA:1c00013c
15137903ns          260906 1c00877e 68e7f7c3 fmadd.s          f15, f15, f14, f13  f15=xxxxxxxx f15:c1e4b2b9 f14:3f57bd27 f13:42390412
15137923ns          260907 1c008782 1c0006b7 lui              x13, 0x1c000000     x13=1c000000
15137943ns          260908 1c008786 1406a683 lw               x13, 320(x13)       x13=c1efd21b x13:1c000000  PA:1c000140
15138261ns          260924 1c00878a 68e7f7c3 fmadd.s          f15, f15, f14, f13  f15=xxxxxxxx f15:41b14d10 f14:3f57bd27 f13:c1efd21b
15138281ns          260925 1c00878e 1c0006b7 lui              x13, 0x1c000000     x13=1c000000
15138301ns          260926 1c008792 1446a683 lw               x13, 324(x13)       x13=41644a86 x13:1c000000  PA:1c000144
15138619ns          260942 1c008796 68e7f7c3 fmadd.s          f15, f15, f14, f13  f15=xxxxxxxx f15:c134cec3 f14:3f57bd27 f13:41644a86
15138639ns          260943 1c00879a 1c0006b7 lui              x13, 0x1c000000     x13=1c000000
15138659ns          260944 1c00879e 1486a683 lw               x13, 328(x13)       x13=c087dba8 x13:1c000000  PA:1c000148
15138977ns          260960 1c0087a2 68e7f7c3 fmadd.s          f15, f15, f14, f13  f15=xxxxxxxx f15:4097d690 f14:3f57bd27 f13:c087dba8
15138997ns          260961 1c0087a6 00a7f553 fadd.s           f10, f15, f10       f10=xxxxxxxx f15:be7cc891 f10:40c00000
15139017ns          260962 1c0087aa 00008067 jalr             x0, x1, 0            x1:1c0081c2
15139077ns          260965 1c0081c2 11557553 fmul.s           f10, f10, f21       f10=xxxxxxxx f10:40b819bb f21:3f317218
15139097ns          260966 1c0081c6 00a4222b p.sw             x10, 4(x8!)          x8=100017c8 x10:407f37ae  x8:100017c4  PA:100017c4
15139116ns          260967 1c0081ca ff4419e3 bne              x8, x20, -14         x8:100017c8 x20:100017d8
15139176ns          260970 1c0081bc 0049a50b p.lw             x10, 4(x19!)        x10=4160bf07 x19=1c0104a4 x19:1c0104a0  PA:1c0104a0
15139475ns          260985 1c0081c0 558000ef jal              x1, 1368             x1=1c0081c2
15139494ns          260986 1c008718 e00517d3 fclass.s         x15, f10            x15=00000040 f10:4160bf07
15139514ns          260987 1c00871c 0817f793 andi             x15, x15, 129       x15=00000000 x15:00000040
15139534ns          260988 1c008720 08079b63 bne              x15, x0, 150        x15:00000000
15139554ns          260989 1c008722 00000793 addi             x15, x0, 0          x15=00000000
15139574ns          260990 1c008726 a0f52753 feq.s            x14, f10, f15       x14=00000000 f10:4160bf07 f15:00000000
15139594ns          260991 1c00872a 08071163 bne              x14, x0, 130        x14:00000000
15139614ns          260992 1c00872c a0f507d3 fle.s            x15, f10, f15       x15=00000000 f10:4160bf07 f15:00000000
15139634ns          260993 1c008730 08079863 bne              x15, x0, 144        x15:00000000
15139654ns          260994 1c008732 a0a527d3 feq.s            x15, f10, f10       x15=00000001 f10:4160bf07 f10:4160bf07
15139673ns          260995 1c008736 08078563 beq              x15, x0, 138        x15:00000001
15139693ns          260996 1c008738 d17537b3 p.bclr           x15, x10, 8, 23     x15=0060bf07 x10:4160bf07
15139713ns          260997 1c00873c cb87c733 p.bset           x14, x15, 5, 24     x14=3f60bf07 x15:0060bf07
15139733ns          260998 1c008740 1c0006b7 lui              x13, 0x1c000000     x13=1c000000
15139753ns          260999 1c008744 1c0007b7 lui              x15, 0x1c000000     x15=1c000000
15139773ns          261000 1c008748 1306a683 lw               x13, 304(x13)       x13=c13c5fa8 x13:1c000000  PA:1c000130
15140111ns          261017 1c00874c 12c7a783 lw               x15, 300(x15)       x15=3ff7d7e5 x15:1c000000  PA:1c00012c
15140409ns          261032 1c008750 41755513 srai             x10, x10, 0x417     x10=00000082 x10:4160bf07
15140429ns          261033 1c008752 68e7f7c3 fmadd.s          f15, f15, f14, f13  f15=xxxxxxxx f15:3ff7d7e5 f14:3f60bf07 f13:c13c5fa8
15140449ns          261034 1c008756 1c0006b7 lui              x13, 0x1c000000     x13=1c000000
15140469ns          261035 1c00875a 1346a683 lw               x13, 308(x13)       x13=41fa6a03 x13:1c000000  PA:1c000134
15140767ns          261050 1c00875e f8250513 addi             x10, x10, -126      x10=00000004 x10:00000082
15140787ns          261051 1c008762 68e7f7c3 fmadd.s          f15, f15, f14, f13  f15=xxxxxxxx f15:c1212ced f14:3f60bf07 f13:41fa6a03
15140807ns          261052 1c008766 1c0006b7 lui              x13, 0x1c000000     x13=1c000000
15140827ns          261053 1c00876a 1386a683 lw               x13, 312(x13)       x13=c23f0e08 x13:1c000000  PA:1c000138
15141125ns          261068 1c00876e d0057553 fcvt.s.w         f10, x10            f10=xxxxxxxx x10:00000004
15141145ns          261069 1c008772 68e7f7c3 fmadd.s          f15, f15, f14, f13  f15=xxxxxxxx f15:41b3aa39 f14:3f60bf07 f13:c23f0e08
15141165ns          261070 1c008776 1c0006b7 lui              x13, 0x1c000000     x13=1c000000
15141185ns          261071 1c00877a 13c6a683 lw               x13, 316(x13)       x13=42390412 x13:1c000000  PA:1c00013c
15141543ns          261089 1c00877e 68e7f7c3 fmadd.s          f15, f15, f14, f13  f15=xxxxxxxx f15:c1e0610d f14:3f60bf07 f13:42390412
15141563ns          261090 1c008782 1c0006b7 lui              x13, 0x1c000000     x13=1c000000
15141583ns          261091 1c008786 1406a683 lw               x13, 320(x13)       x13=c1efd21b x13:1c000000  PA:1c000140
15141901ns          261107 1c00878a 68e7f7c3 fmadd.s          f15, f15, f14, f13  f15=xxxxxxxx f15:41ad0bca f14:3f60bf07 f13:c1efd21b
15141921ns          261108 1c00878e 1c0006b7 lui              x13, 0x1c000000     x13=1c000000
15141941ns          261109 1c008792 1446a683 lw               x13, 324(x13)       x13=41644a86 x13:1c000000  PA:1c000144
15142259ns          261125 1c008796 68e7f7c3 fmadd.s          f15, f15, f14, f13  f15=xxxxxxxx f15:c12fcd53 f14:3f60bf07 f13:41644a86
15142279ns          261126 1c00879a 1c0006b7 lui              x13, 0x1c000000     x13=1c000000
15142299ns          261127 1c00879e 1486a683 lw               x13, 328(x13)       x13=c087dba8 x13:1c000000  PA:1c000148
15142617ns          261143 1c0087a2 68e7f7c3 fmadd.s          f15, f15, f14, f13  f15=xxxxxxxx f15:4093e75d f14:3f60bf07 f13:c087dba8
15142637ns          261144 1c0087a6 00a7f553 fadd.s           f10, f15, f10       f10=xxxxxxxx f15:be405b1f f10:40800000
15142657ns          261145 1c0087aa 00008067 jalr             x0, x1, 0            x1:1c0081c2
15142717ns          261148 1c0081c2 11557553 fmul.s           f10, f10, f21       f10=xxxxxxxx f10:4073fa4e f21:3f317218
15142737ns          261149 1c0081c6 00a4222b p.sw             x10, 4(x8!)          x8=100017cc x10:40291ccc  x8:100017c8  PA:100017c8
15142756ns          261150 1c0081ca ff4419e3 bne              x8, x20, -14         x8:100017cc x20:100017d8
15142816ns          261153 1c0081bc 0049a50b p.lw             x10, 4(x19!)        x10=429c48ca x19=1c0104a8 x19:1c0104a4  PA:1c0104a4
15143115ns          261168 1c0081c0 558000ef jal              x1, 1368             x1=1c0081c2
15143134ns          261169 1c008718 e00517d3 fclass.s         x15, f10            x15=00000040 f10:429c48ca
15143154ns          261170 1c00871c 0817f793 andi             x15, x15, 129       x15=00000000 x15:00000040
15143174ns          261171 1c008720 08079b63 bne              x15, x0, 150        x15:00000000
15143194ns          261172 1c008722 00000793 addi             x15, x0, 0          x15=00000000
15143214ns          261173 1c008726 a0f52753 feq.s            x14, f10, f15       x14=00000000 f10:429c48ca f15:00000000
15143234ns          261174 1c00872a 08071163 bne              x14, x0, 130        x14:00000000
15143254ns          261175 1c00872c a0f507d3 fle.s            x15, f10, f15       x15=00000000 f10:429c48ca f15:00000000
15143274ns          261176 1c008730 08079863 bne              x15, x0, 144        x15:00000000
15143294ns          261177 1c008732 a0a527d3 feq.s            x15, f10, f10       x15=00000001 f10:429c48ca f10:429c48ca
15143313ns          261178 1c008736 08078563 beq              x15, x0, 138        x15:00000001
15143333ns          261179 1c008738 d17537b3 p.bclr           x15, x10, 8, 23     x15=001c48ca x10:429c48ca
15143353ns          261180 1c00873c cb87c733 p.bset           x14, x15, 5, 24     x14=3f1c48ca x15:001c48ca
15143373ns          261181 1c008740 1c0006b7 lui              x13, 0x1c000000     x13=1c000000
15143393ns          261182 1c008744 1c0007b7 lui              x15, 0x1c000000     x15=1c000000
15143413ns          261183 1c008748 1306a683 lw               x13, 304(x13)       x13=c13c5fa8 x13:1c000000  PA:1c000130
15143711ns          261198 1c00874c 12c7a783 lw               x15, 300(x15)       x15=3ff7d7e5 x15:1c000000  PA:1c00012c
15144010ns          261213 1c008750 41755513 srai             x10, x10, 0x417     x10=00000085 x10:429c48ca
15144029ns          261214 1c008752 68e7f7c3 fmadd.s          f15, f15, f14, f13  f15=xxxxxxxx f15:3ff7d7e5 f14:3f1c48ca f13:c13c5fa8
15144049ns          261215 1c008756 1c0006b7 lui              x13, 0x1c000000     x13=1c000000
15144069ns          261216 1c00875a 1346a683 lw               x13, 308(x13)       x13=41fa6a03 x13:1c000000  PA:1c000134
15144368ns          261231 1c00875e f8250513 addi             x10, x10, -126      x10=00000007 x10:00000085
15144388ns          261232 1c008762 68e7f7c3 fmadd.s          f15, f15, f14, f13  f15=xxxxxxxx f15:c12975e7 f14:3f1c48ca f13:41fa6a03
15144407ns          261233 1c008766 1c0006b7 lui              x13, 0x1c000000     x13=1c000000
15144427ns          261234 1c00876a 1386a683 lw               x13, 312(x13)       x13=c23f0e08 x13:1c000000  PA:1c000138
15144746ns          261250 1c00876e d0057553 fcvt.s.w         f10, x10            f10=xxxxxxxx x10:00000007
15144765ns          261251 1c008772 68e7f7c3 fmadd.s          f15, f15, f14, f13  f15=xxxxxxxx f15:41c6afff f14:3f1c48ca f13:c23f0e08
15144785ns          261252 1c008776 1c0006b7 lui              x13, 0x1c000000     x13=1c000000
15144805ns          261253 1c00877a 13c6a683 lw               x13, 316(x13)       x13=42390412 x13:1c000000  PA:1c00013c
15145123ns          261269 1c00877e 68e7f7c3 fmadd.s          f15, f15, f14, f13  f15=xxxxxxxx f15:c2026829 f14:3f1c48ca f13:42390412
15145143ns          261270 1c008782 1c0006b7 lui              x13, 0x1c000000     x13=1c000000
15145163ns          261271 1c008786 1406a683 lw               x13, 320(x13)       x13=c1efd21b x13:1c000000  PA:1c000140
15145501ns          261288 1c00878a 68e7f7c3 fmadd.s          f15, f15, f14, f13  f15=xxxxxxxx f15:41d2cf0a f14:3f1c48ca f13:c1efd21b
15145521ns          261289 1c00878e 1c0006b7 lui              x13, 0x1c000000     x13=1c000000
15145541ns          261290 1c008792 1446a683 lw               x13, 324(x13)       x13=41644a86 x13:1c000000  PA:1c000144
15145859ns          261306 1c008796 68e7f7c3 fmadd.s          f15, f15, f14, f13  f15=xxxxxxxx f15:c15e4001 f14:3f1c48ca f13:41644a86
15145879ns          261307 1c00879a 1c0006b7 lui              x13, 0x1c000000     x13=1c000000
15145899ns          261308 1c00879e 1486a683 lw               x13, 328(x13)       x13=c087dba8 x13:1c000000  PA:1c000148
15146217ns          261324 1c0087a2 68e7f7c3 fmadd.s          f15, f15, f14, f13  f15=xxxxxxxx f15:40b938a8 f14:3f1c48ca f13:c087dba8
15146237ns          261325 1c0087a6 00a7f553 fadd.s           f10, f15, f10       f10=xxxxxxxx f15:bf3643bc f10:40e00000
15146257ns          261326 1c0087aa 00008067 jalr             x0, x1, 0            x1:1c0081c2
15146317ns          261329 1c0081c2 11557553 fmul.s           f10, f10, f21       f10=xxxxxxxx f10:40c93788 f21:3f317218
15146337ns          261330 1c0081c6 00a4222b p.sw             x10, 4(x8!)          x8=100017d0 x10:408b7913  x8:100017cc  PA:100017cc
15146357ns          261331 1c0081ca ff4419e3 bne              x8, x20, -14         x8:100017d0 x20:100017d8
15146416ns          261334 1c0081bc 0049a50b p.lw             x10, 4(x19!)        x10=410931a5 x19=1c0104ac x19:1c0104a8  PA:1c0104a8
15146715ns          261349 1c0081c0 558000ef jal              x1, 1368             x1=1c0081c2
15146735ns          261350 1c008718 e00517d3 fclass.s         x15, f10            x15=00000040 f10:410931a5
15146755ns          261351 1c00871c 0817f793 andi             x15, x15, 129       x15=00000000 x15:00000040
15146774ns          261352 1c008720 08079b63 bne              x15, x0, 150        x15:00000000
15146794ns          261353 1c008722 00000793 addi             x15, x0, 0          x15=00000000
15146814ns          261354 1c008726 a0f52753 feq.s            x14, f10, f15       x14=00000000 f10:410931a5 f15:00000000
15146834ns          261355 1c00872a 08071163 bne              x14, x0, 130        x14:00000000
15146854ns          261356 1c00872c a0f507d3 fle.s            x15, f10, f15       x15=00000000 f10:410931a5 f15:00000000
15146874ns          261357 1c008730 08079863 bne              x15, x0, 144        x15:00000000
15146894ns          261358 1c008732 a0a527d3 feq.s            x15, f10, f10       x15=00000001 f10:410931a5 f10:410931a5
15146914ns          261359 1c008736 08078563 beq              x15, x0, 138        x15:00000001
15146934ns          261360 1c008738 d17537b3 p.bclr           x15, x10, 8, 23     x15=000931a5 x10:410931a5
15146953ns          261361 1c00873c cb87c733 p.bset           x14, x15, 5, 24     x14=3f0931a5 x15:000931a5
15146973ns          261362 1c008740 1c0006b7 lui              x13, 0x1c000000     x13=1c000000
15146993ns          261363 1c008744 1c0007b7 lui              x15, 0x1c000000     x15=1c000000
15147013ns          261364 1c008748 1306a683 lw               x13, 304(x13)       x13=c13c5fa8 x13:1c000000  PA:1c000130
15147311ns          261379 1c00874c 12c7a783 lw               x15, 300(x15)       x15=3ff7d7e5 x15:1c000000  PA:1c00012c
15147610ns          261394 1c008750 41755513 srai             x10, x10, 0x417     x10=00000082 x10:410931a5
15147630ns          261395 1c008752 68e7f7c3 fmadd.s          f15, f15, f14, f13  f15=xxxxxxxx f15:3ff7d7e5 f14:3f0931a5 f13:c13c5fa8
15147650ns          261396 1c008756 1c0006b7 lui              x13, 0x1c000000     x13=1c000000
15147669ns          261397 1c00875a 1346a683 lw               x13, 308(x13)       x13=41fa6a03 x13:1c000000  PA:1c000134
15147968ns          261412 1c00875e f8250513 addi             x10, x10, -126      x10=00000004 x10:00000082
15147988ns          261413 1c008762 68e7f7c3 fmadd.s          f15, f15, f14, f13  f15=xxxxxxxx f15:c12bc555 f14:3f0931a5 f13:41fa6a03
15148008ns          261414 1c008766 1c0006b7 lui              x13, 0x1c000000     x13=1c000000
15148028ns          261415 1c00876a 1386a683 lw               x13, 312(x13)       x13=c23f0e08 x13:1c000000  PA:1c000138
15148326ns          261430 1c00876e d0057553 fcvt.s.w         f10, x10            f10=xxxxxxxx x10:00000004
15148346ns          261431 1c008772 68e7f7c3 fmadd.s          f15, f15, f14, f13  f15=xxxxxxxx f15:41cc630e f14:3f0931a5 f13:c23f0e08
15148366ns          261432 1c008776 1c0006b7 lui              x13, 0x1c000000     x13=1c000000
15148386ns          261433 1c00877a 13c6a683 lw               x13, 316(x13)       x13=42390412 x13:1c000000  PA:1c00013c
15148704ns          261449 1c00877e 68e7f7c3 fmadd.s          f15, f15, f14, f13  f15=xxxxxxxx f15:c20849b5 f14:3f0931a5 f13:42390412
15148724ns          261450 1c008782 1c0006b7 lui              x13, 0x1c000000     x13=1c000000
15148744ns          261451 1c008786 1406a683 lw               x13, 320(x13)       x13=c1efd21b x13:1c000000  PA:1c000140
15149062ns          261467 1c00878a 68e7f7c3 fmadd.s          f15, f15, f14, f13  f15=xxxxxxxx f15:41dff464 f14:3f0931a5 f13:c1efd21b
15149082ns          261468 1c00878e 1c0006b7 lui              x13, 0x1c000000     x13=1c000000
15149102ns          261469 1c008792 1446a683 lw               x13, 324(x13)       x13=41644a86 x13:1c000000  PA:1c000144
15149460ns          261487 1c008796 68e7f7c3 fmadd.s          f15, f15, f14, f13  f15=xxxxxxxx f15:c16f99c7 f14:3f0931a5 f13:41644a86
15149480ns          261488 1c00879a 1c0006b7 lui              x13, 0x1c000000     x13=1c000000
15149499ns          261489 1c00879e 1486a683 lw               x13, 328(x13)       x13=c087dba8 x13:1c000000  PA:1c000148
15149818ns          261505 1c0087a2 68e7f7c3 fmadd.s          f15, f15, f14, f13  f15=xxxxxxxx f15:40c7c587 f14:3f0931a5 f13:c087dba8
15149838ns          261506 1c0087a6 00a7f553 fadd.s           f10, f15, f10       f10=xxxxxxxx f15:bf6661a9 f10:40800000
15149857ns          261507 1c0087aa 00008067 jalr             x0, x1, 0            x1:1c0081c2
15149917ns          261510 1c0081c2 11557553 fmul.s           f10, f10, f21       f10=xxxxxxxx f10:40466796 f21:3f317218
15149937ns          261511 1c0081c6 00a4222b p.sw             x10, 4(x8!)          x8=100017d4 x10:4009860b  x8:100017d0  PA:100017d0
15149957ns          261512 1c0081ca ff4419e3 bne              x8, x20, -14         x8:100017d4 x20:100017d8
15150017ns          261515 1c0081bc 0049a50b p.lw             x10, 4(x19!)        x10=42a726b6 x19=1c0104b0 x19:1c0104ac  PA:1c0104ac
15150315ns          261530 1c0081c0 558000ef jal              x1, 1368             x1=1c0081c2
15150335ns          261531 1c008718 e00517d3 fclass.s         x15, f10            x15=00000040 f10:42a726b6
15150355ns          261532 1c00871c 0817f793 andi             x15, x15, 129       x15=00000000 x15:00000040
15150375ns          261533 1c008720 08079b63 bne              x15, x0, 150        x15:00000000
15150395ns          261534 1c008722 00000793 addi             x15, x0, 0          x15=00000000
15150414ns          261535 1c008726 a0f52753 feq.s            x14, f10, f15       x14=00000000 f10:42a726b6 f15:00000000
15150434ns          261536 1c00872a 08071163 bne              x14, x0, 130        x14:00000000
15150454ns          261537 1c00872c a0f507d3 fle.s            x15, f10, f15       x15=00000000 f10:42a726b6 f15:00000000
15150474ns          261538 1c008730 08079863 bne              x15, x0, 144        x15:00000000
15150494ns          261539 1c008732 a0a527d3 feq.s            x15, f10, f10       x15=00000001 f10:42a726b6 f10:42a726b6
15150514ns          261540 1c008736 08078563 beq              x15, x0, 138        x15:00000001
15150534ns          261541 1c008738 d17537b3 p.bclr           x15, x10, 8, 23     x15=002726b6 x10:42a726b6
15150554ns          261542 1c00873c cb87c733 p.bset           x14, x15, 5, 24     x14=3f2726b6 x15:002726b6
15150574ns          261543 1c008740 1c0006b7 lui              x13, 0x1c000000     x13=1c000000
15150593ns          261544 1c008744 1c0007b7 lui              x15, 0x1c000000     x15=1c000000
15150613ns          261545 1c008748 1306a683 lw               x13, 304(x13)       x13=c13c5fa8 x13:1c000000  PA:1c000130
15150912ns          261560 1c00874c 12c7a783 lw               x15, 300(x15)       x15=3ff7d7e5 x15:1c000000  PA:1c00012c
15151210ns          261575 1c008750 41755513 srai             x10, x10, 0x417     x10=00000085 x10:42a726b6
15151230ns          261576 1c008752 68e7f7c3 fmadd.s          f15, f15, f14, f13  f15=xxxxxxxx f15:3ff7d7e5 f14:3f2726b6 f13:c13c5fa8
15151250ns          261577 1c008756 1c0006b7 lui              x13, 0x1c000000     x13=1c000000
15151270ns          261578 1c00875a 1346a683 lw               x13, 308(x13)       x13=41fa6a03 x13:1c000000  PA:1c000134
15151588ns          261594 1c00875e f8250513 addi             x10, x10, -126      x10=00000007 x10:00000085
15151608ns          261595 1c008762 68e7f7c3 fmadd.s          f15, f15, f14, f13  f15=xxxxxxxx f15:c128253e f14:3f2726b6 f13:41fa6a03
15151628ns          261596 1c008766 1c0006b7 lui              x13, 0x1c000000     x13=1c000000
15151648ns          261597 1c00876a 1386a683 lw               x13, 312(x13)       x13=c23f0e08 x13:1c000000  PA:1c000138
15151946ns          261612 1c00876e d0057553 fcvt.s.w         f10, x10            f10=xxxxxxxx x10:00000007
15151966ns          261613 1c008772 68e7f7c3 fmadd.s          f15, f15, f14, f13  f15=xxxxxxxx f15:41c38527 f14:3f2726b6 f13:c23f0e08
15151986ns          261614 1c008776 1c0006b7 lui              x13, 0x1c000000     x13=1c000000
15152006ns          261615 1c00877a 13c6a683 lw               x13, 316(x13)       x13=42390412 x13:1c000000  PA:1c00013c
15152324ns          261631 1c00877e 68e7f7c3 fmadd.s          f15, f15, f14, f13  f15=xxxxxxxx f15:c1fe72a3 f14:3f2726b6 f13:42390412
15152344ns          261632 1c008782 1c0006b7 lui              x13, 0x1c000000     x13=1c000000
15152364ns          261633 1c008786 1406a683 lw               x13, 320(x13)       x13=c1efd21b x13:1c000000  PA:1c000140
15152722ns          261651 1c00878a 68e7f7c3 fmadd.s          f15, f15, f14, f13  f15=xxxxxxxx f15:41cbe4e2 f14:3f2726b6 f13:c1efd21b
15152742ns          261652 1c00878e 1c0006b7 lui              x13, 0x1c000000     x13=1c000000
15152762ns          261653 1c008792 1446a683 lw               x13, 324(x13)       x13=41644a86 x13:1c000000  PA:1c000144
15153080ns          261669 1c008796 68e7f7c3 fmadd.s          f15, f15, f14, f13  f15=xxxxxxxx f15:c15561ed f14:3f2726b6 f13:41644a86
15153100ns          261670 1c00879a 1c0006b7 lui              x13, 0x1c000000     x13=1c000000
15153120ns          261671 1c00879e 1486a683 lw               x13, 328(x13)       x13=c087dba8 x13:1c000000  PA:1c000148
15153458ns          261688 1c0087a2 68e7f7c3 fmadd.s          f15, f15, f14, f13  f15=xxxxxxxx f15:40b1eec0 f14:3f2726b6 f13:c087dba8
15153478ns          261689 1c0087a6 00a7f553 fadd.s           f10, f15, f10       f10=xxxxxxxx f15:bf1d7006 f10:40e00000
15153497ns          261690 1c0087aa 00008067 jalr             x0, x1, 0            x1:1c0081c2
15153557ns          261693 1c0081c2 11557553 fmul.s           f10, f10, f21       f10=xxxxxxxx f10:40cc51ff f21:3f317218
15153577ns          261694 1c0081c6 00a4222b p.sw             x10, 4(x8!)          x8=100017d8 x10:408d9fc1  x8:100017d4  PA:100017d4
15153597ns          261695 1c0081ca ff4419e3 bne              x8, x20, -14         x8:100017d8 x20:100017d8
15153617ns          261696 1c0081ce 787010ef jal              x1, 8070             x1=1c0081d2
15153696ns          261700 1c00a154 f14027f3 csrrs            x15, x0, 0xf14      x15=00000002
15153736ns          261702 1c00a158 01f00713 addi             x14, x0, 31         x14=0000001f
15153756ns          261703 1c00a15a ca5797b3 p.extractu       x15, x15, 5, 5      x15=00000000 x15:00000002
15153776ns          261704 1c00a15e 00e78863 beq              x15, x14, 16        x15:00000000 x14:0000001f
15153796ns          261705 1c00a162 002047b7 lui              x15, 0x204000       x15=00204000
15153816ns          261706 1c00a166 20078793 addi             x15, x15, 512       x15=00204200 x15:00204000
15153836ns          261707 1c00a16a 01c7e703 p.elw            x14, 28(x15)        x14=00010000 x15:00204200  PA:0020421c
15153955ns          261713 1c00a16e 00008067 jalr             x0, x1, 0            x1:1c0081d2
15154015ns          261716 1c0081d2 f14027f3 csrrs            x15, x0, 0xf14      x15=00000002
15154035ns          261717 1c0081d6 f457b7b3 p.bclr           x15, x15, 26, 5     x15=00000002 x15:00000002
15154054ns          261718 1c0081da 26078363 beq              x15, x0, 614        x15:00000002
15154572ns          261744 1c0081de 777010ef jal              x1, 8054             x1=1c0081e2
15154611ns          261746 1c00a154 f14027f3 csrrs            x15, x0, 0xf14      x15=00000002
15154631ns          261747 1c00a158 01f00713 addi             x14, x0, 31         x14=0000001f
15154651ns          261748 1c00a15a ca5797b3 p.extractu       x15, x15, 5, 5      x15=00000000 x15:00000002
15154671ns          261749 1c00a15e 00e78863 beq              x15, x14, 16        x15:00000000 x14:0000001f
15154691ns          261750 1c00a162 002047b7 lui              x15, 0x204000       x15=00204000
15154711ns          261751 1c00a166 20078793 addi             x15, x15, 512       x15=00204200 x15:00204000
15154731ns          261752 1c00a16a 01c7e703 p.elw            x14, 28(x15)        x14=00010000 x15:00204200  PA:0020421c
15788838ns          293533 1c00a16e 00008067 jalr             x0, x1, 0            x1:1c0081e2
15788878ns          293535 1c0081e2 00410613 addi             x12, x2, 4          x12=1000164c  x2:10001648
15788898ns          293536 1c0081e4 40c407b3 sub              x15, x8, x12        x15=0000018c  x8:100017d8 x12:1000164c
15788918ns          293537 1c0081e8 00012683 lw               x13, 0(x2)          x13=408e904b  x2:10001648  PA:10001648
15788979ns          293540 1c0081ea ffc78793 addi             x15, x15, -4        x15=00000188 x15:0000018c
15788999ns          293541 1c0081ec 0027d793 srli             x15, x15, 0x2       x15=00000062 x15:00000188
15789019ns          293542 1c0081ee 00c00733 add              x14, x0, x12        x14=1000164c x12:1000164c
15789460ns          293564 1c0081f0 00d009b3 add              x19, x0, x13        x19=408e904b x13:408e904b
15789480ns          293565 1c0081f2 00178793 addi             x15, x15, 1         x15=00000063 x15:00000062
15789500ns          293566 1c0081f4 0047c0fb lp.setup         0x1, x15, 0x4       x15:00000063
15789520ns          293567 1c0081f8 0047258b p.lw             x11, 4(x14!)        x11=406485cc x14=10001650 x14:1000164c  PA:1000164c
15789560ns          293569 1c0081fc 00b9f9d3 fadd.s           f19, f19, f11       f19=xxxxxxxx f19:408e904b f11:406485cc
15789581ns          293570 1c0081f8 0047258b p.lw             x11, 4(x14!)        x11=40409a63 x14=10001654 x14:10001650  PA:10001650
15789621ns          293572 1c0081fc 00b9f9d3 fadd.s           f19, f19, f11       f19=xxxxxxxx f19:41006998 f11:40409a63
15790062ns          293594 1c0081f8 0047258b p.lw             x11, 4(x14!)        x11=408bf552 x14=10001658 x14:10001654  PA:10001654
15790102ns          293596 1c0081fc 00b9f9d3 fadd.s           f19, f19, f11       f19=xxxxxxxx f19:41309031 f11:408bf552
15790122ns          293597 1c0081f8 0047258b p.lw             x11, 4(x14!)        x11=408c5671 x14=1000165c x14:10001658  PA:10001658
15790162ns          293599 1c0081fc 00b9f9d3 fadd.s           f19, f19, f11       f19=xxxxxxxx f19:41768ada f11:408c5671
15790182ns          293600 1c0081f8 0047258b p.lw             x11, 4(x14!)        x11=4090c78c x14=10001660 x14:1000165c  PA:1000165c
15790223ns          293602 1c0081fc 00b9f9d3 fadd.s           f19, f19, f11       f19=xxxxxxxx f19:419e5b09 f11:4090c78c
15790243ns          293603 1c0081f8 0047258b p.lw             x11, 4(x14!)        x11=404c9578 x14=10001664 x14:10001660  PA:10001660
15790283ns          293605 1c0081fc 00b9f9d3 fadd.s           f19, f19, f11       f19=xxxxxxxx f19:41c28cec f11:404c9578
15790303ns          293606 1c0081f8 0047258b p.lw             x11, 4(x14!)        x11=4044cefb x14=10001668 x14:10001664  PA:10001664
15790343ns          293608 1c0081fc 00b9f9d3 fadd.s           f19, f19, f11       f19=xxxxxxxx f19:41dc1f9b f11:4044cefb
15790363ns          293609 1c0081f8 0047258b p.lw             x11, 4(x14!)        x11=4084b91a x14=1000166c x14:10001668  PA:10001668
15790403ns          293611 1c0081fc 00b9f9d3 fadd.s           f19, f19, f11       f19=xxxxxxxx f19:41f4b97a f11:4084b91a
15790423ns          293612 1c0081f8 0047258b p.lw             x11, 4(x14!)        x11=404640d1 x14=10001670 x14:1000166c  PA:1000166c
15790463ns          293614 1c0081fc 00b9f9d3 fadd.s           f19, f19, f11       f19=xxxxxxxx f19:420af3e0 f11:404640d1
15790483ns          293615 1c0081f8 0047258b p.lw             x11, 4(x14!)        x11=4080f61a x14=10001674 x14:10001670  PA:10001670
15790524ns          293617 1c0081fc 00b9f9d3 fadd.s           f19, f19, f11       f19=xxxxxxxx f19:421757ed f11:4080f61a
15790544ns          293618 1c0081f8 0047258b p.lw             x11, 4(x14!)        x11=400bfaa6 x14=10001678 x14:10001674  PA:10001674
15790584ns          293620 1c0081fc 00b9f9d3 fadd.s           f19, f19, f11       f19=xxxxxxxx f19:422776b0 f11:400bfaa6
15790604ns          293621 1c0081f8 0047258b p.lw             x11, 4(x14!)        x11=40846699 x14=1000167c x14:10001678  PA:10001678
15790644ns          293623 1c0081fc 00b9f9d3 fadd.s           f19, f19, f11       f19=xxxxxxxx f19:4230365a f11:40846699
15790664ns          293624 1c0081f8 0047258b p.lw             x11, 4(x14!)        x11=408b8eb3 x14=10001680 x14:1000167c  PA:1000167c
15790704ns          293626 1c0081fc 00b9f9d3 fadd.s           f19, f19, f11       f19=xxxxxxxx f19:4240c32d f11:408b8eb3
15790724ns          293627 1c0081f8 0047258b p.lw             x11, 4(x14!)        x11=4078898b x14=10001684 x14:10001680  PA:10001680
15790764ns          293629 1c0081fc 00b9f9d3 fadd.s           f19, f19, f11       f19=xxxxxxxx f19:42523503 f11:4078898b
15790784ns          293630 1c0081f8 0047258b p.lw             x11, 4(x14!)        x11=4054dc70 x14=10001688 x14:10001684  PA:10001684
15790825ns          293632 1c0081fc 00b9f9d3 fadd.s           f19, f19, f11       f19=xxxxxxxx f19:4261bd9c f11:4054dc70
15790845ns          293633 1c0081f8 0047258b p.lw             x11, 4(x14!)        x11=405de7b2 x14=1000168c x14:10001688  PA:10001688
15790885ns          293635 1c0081fc 00b9f9d3 fadd.s           f19, f19, f11       f19=xxxxxxxx f19:426f0b63 f11:405de7b2
15790905ns          293636 1c0081f8 0047258b p.lw             x11, 4(x14!)        x11=40785fa7 x14=10001690 x14:1000168c  PA:1000168c
15790945ns          293638 1c0081fc 00b9f9d3 fadd.s           f19, f19, f11       f19=xxxxxxxx f19:427ce9de f11:40785fa7
15790965ns          293639 1c0081f8 0047258b p.lw             x11, 4(x14!)        x11=40280641 x14=10001694 x14:10001690  PA:10001690
15791005ns          293641 1c0081fc 00b9f9d3 fadd.s           f19, f19, f11       f19=xxxxxxxx f19:428637ec f11:40280641
15791025ns          293642 1c0081f8 0047258b p.lw             x11, 4(x14!)        x11=4064d779 x14=10001698 x14:10001694  PA:10001694
15791065ns          293644 1c0081fc 00b9f9d3 fadd.s           f19, f19, f11       f19=xxxxxxxx f19:428b781e f11:4064d779
15791085ns          293645 1c0081f8 0047258b p.lw             x11, 4(x14!)        x11=40521435 x14=1000169c x14:10001698  PA:10001698
15791126ns          293647 1c0081fc 00b9f9d3 fadd.s           f19, f19, f11       f19=xxxxxxxx f19:42929eda f11:40521435
15791146ns          293648 1c0081f8 0047258b p.lw             x11, 4(x14!)        x11=409014ce x14=100016a0 x14:1000169c  PA:1000169c
15791186ns          293650 1c0081fc 00b9f9d3 fadd.s           f19, f19, f11       f19=xxxxxxxx f19:42992f7c f11:409014ce
15791206ns          293651 1c0081f8 0047258b p.lw             x11, 4(x14!)        x11=408c7ffd x14=100016a4 x14:100016a0  PA:100016a0
15791246ns          293653 1c0081fc 00b9f9d3 fadd.s           f19, f19, f11       f19=xxxxxxxx f19:42a230c9 f11:408c7ffd
15791266ns          293654 1c0081f8 0047258b p.lw             x11, 4(x14!)        x11=4086210f x14=100016a8 x14:100016a4  PA:100016a4
15791306ns          293656 1c0081fc 00b9f9d3 fadd.s           f19, f19, f11       f19=xxxxxxxx f19:42aaf8c9 f11:4086210f
15791326ns          293657 1c0081f8 0047258b p.lw             x11, 4(x14!)        x11=40927ad6 x14=100016ac x14:100016a8  PA:100016a8
15791366ns          293659 1c0081fc 00b9f9d3 fadd.s           f19, f19, f11       f19=xxxxxxxx f19:42b35ada f11:40927ad6
15791386ns          293660 1c0081f8 0047258b p.lw             x11, 4(x14!)        x11=40708843 x14=100016b0 x14:100016ac  PA:100016ac
15791427ns          293662 1c0081fc 00b9f9d3 fadd.s           f19, f19, f11       f19=xxxxxxxx f19:42bc8287 f11:40708843
15791447ns          293663 1c0081f8 0047258b p.lw             x11, 4(x14!)        x11=407e4be4 x14=100016b4 x14:100016b0  PA:100016b0
15791487ns          293665 1c0081fc 00b9f9d3 fadd.s           f19, f19, f11       f19=xxxxxxxx f19:42c406c9 f11:407e4be4
15791507ns          293666 1c0081f8 0047258b p.lw             x11, 4(x14!)        x11=4090a2de x14=100016b8 x14:100016b4  PA:100016b4
15791547ns          293668 1c0081fc 00b9f9d3 fadd.s           f19, f19, f11       f19=xxxxxxxx f19:42cbf928 f11:4090a2de
15791567ns          293669 1c0081f8 0047258b p.lw             x11, 4(x14!)        x11=400595eb x14=100016bc x14:100016b8  PA:100016b8
15791607ns          293671 1c0081fc 00b9f9d3 fadd.s           f19, f19, f11       f19=xxxxxxxx f19:42d50356 f11:400595eb
15791627ns          293672 1c0081f8 0047258b p.lw             x11, 4(x14!)        x11=4042dd79 x14=100016c0 x14:100016bc  PA:100016bc
15791667ns          293674 1c0081fc 00b9f9d3 fadd.s           f19, f19, f11       f19=xxxxxxxx f19:42d93005 f11:4042dd79
15791687ns          293675 1c0081f8 0047258b p.lw             x11, 4(x14!)        x11=406c34a8 x14=100016c4 x14:100016c0  PA:100016c0
15791728ns          293677 1c0081fc 00b9f9d3 fadd.s           f19, f19, f11       f19=xxxxxxxx f19:42df46f1 f11:406c34a8
15791748ns          293678 1c0081f8 0047258b p.lw             x11, 4(x14!)        x11=40868823 x14=100016c8 x14:100016c4  PA:100016c4
15791788ns          293680 1c0081fc 00b9f9d3 fadd.s           f19, f19, f11       f19=xxxxxxxx f19:42e6a896 f11:40868823
15791808ns          293681 1c0081f8 0047258b p.lw             x11, 4(x14!)        x11=408071b9 x14=100016cc x14:100016c8  PA:100016c8
15791848ns          293683 1c0081fc 00b9f9d3 fadd.s           f19, f19, f11       f19=xxxxxxxx f19:42ef1118 f11:408071b9
15791868ns          293684 1c0081f8 0047258b p.lw             x11, 4(x14!)        x11=40276ff2 x14=100016d0 x14:100016cc  PA:100016cc
15791908ns          293686 1c0081fc 00b9f9d3 fadd.s           f19, f19, f11       f19=xxxxxxxx f19:42f71834 f11:40276ff2
15791928ns          293687 1c0081f8 0047258b p.lw             x11, 4(x14!)        x11=40241c17 x14=100016d4 x14:100016d0  PA:100016d0
15791968ns          293689 1c0081fc 00b9f9d3 fadd.s           f19, f19, f11       f19=xxxxxxxx f19:42fc53b4 f11:40241c17
15791988ns          293690 1c0081f8 0047258b p.lw             x11, 4(x14!)        x11=408aa963 x14=100016d8 x14:100016d4  PA:100016d4
15792028ns          293692 1c0081fc 00b9f9d3 fadd.s           f19, f19, f11       f19=xxxxxxxx f19:4300ba4a f11:408aa963
15792049ns          293693 1c0081f8 0047258b p.lw             x11, 4(x14!)        x11=3f4e8898 x14=100016dc x14:100016d8  PA:100016d8
15792089ns          293695 1c0081fc 00b9f9d3 fadd.s           f19, f19, f11       f19=xxxxxxxx f19:43050f95 f11:3f4e8898
15792109ns          293696 1c0081f8 0047258b p.lw             x11, 4(x14!)        x11=408e88d7 x14=100016e0 x14:100016dc  PA:100016dc
15792149ns          293698 1c0081fc 00b9f9d3 fadd.s           f19, f19, f11       f19=xxxxxxxx f19:4305de1e f11:408e88d7
15792169ns          293699 1c0081f8 0047258b p.lw             x11, 4(x14!)        x11=403dad03 x14=100016e4 x14:100016e0  PA:100016e0
15792209ns          293701 1c0081fc 00b9f9d3 fadd.s           f19, f19, f11       f19=xxxxxxxx f19:430a5265 f11:403dad03
15792229ns          293702 1c0081f8 0047258b p.lw             x11, 4(x14!)        x11=40398e27 x14=100016e8 x14:100016e4  PA:100016e4
15792269ns          293704 1c0081fc 00b9f9d3 fadd.s           f19, f19, f11       f19=xxxxxxxx f19:430d4919 f11:40398e27
15792289ns          293705 1c0081f8 0047258b p.lw             x11, 4(x14!)        x11=407ce44f x14=100016ec x14:100016e8  PA:100016e8
15792329ns          293707 1c0081fc 00b9f9d3 fadd.s           f19, f19, f11       f19=xxxxxxxx f19:43102f52 f11:407ce44f
15792350ns          293708 1c0081f8 0047258b p.lw             x11, 4(x14!)        x11=4092c68a x14=100016f0 x14:100016ec  PA:100016ec
15792390ns          293710 1c0081fc 00b9f9d3 fadd.s           f19, f19, f11       f19=xxxxxxxx f19:431422e3 f11:4092c68a
15792410ns          293711 1c0081f8 0047258b p.lw             x11, 4(x14!)        x11=406c548c x14=100016f4 x14:100016f0  PA:100016f0
15792450ns          293713 1c0081fc 00b9f9d3 fadd.s           f19, f19, f11       f19=xxxxxxxx f19:4318b917 f11:406c548c
15792470ns          293714 1c0081f8 0047258b p.lw             x11, 4(x14!)        x11=4091320a x14=100016f8 x14:100016f4  PA:100016f4
15792510ns          293716 1c0081fc 00b9f9d3 fadd.s           f19, f19, f11       f19=xxxxxxxx f19:431c6a69 f11:4091320a
15792530ns          293717 1c0081f8 0047258b p.lw             x11, 4(x14!)        x11=40643b21 x14=100016fc x14:100016f8  PA:100016f8
15792570ns          293719 1c0081fc 00b9f9d3 fadd.s           f19, f19, f11       f19=xxxxxxxx f19:4320f3f9 f11:40643b21
15792590ns          293720 1c0081f8 0047258b p.lw             x11, 4(x14!)        x11=4070e579 x14=10001700 x14:100016fc  PA:100016fc
15792630ns          293722 1c0081fc 00b9f9d3 fadd.s           f19, f19, f11       f19=xxxxxxxx f19:432484e6 f11:4070e579
15792651ns          293723 1c0081f8 0047258b p.lw             x11, 4(x14!)        x11=40841b9d x14=10001704 x14:10001700  PA:10001700
15792691ns          293725 1c0081fc 00b9f9d3 fadd.s           f19, f19, f11       f19=xxxxxxxx f19:4328487c f11:40841b9d
15792711ns          293726 1c0081f8 0047258b p.lw             x11, 4(x14!)        x11=40834cbb x14=10001708 x14:10001704  PA:10001704
15792751ns          293728 1c0081fc 00b9f9d3 fadd.s           f19, f19, f11       f19=xxxxxxxx f19:432c6959 f11:40834cbb
15792771ns          293729 1c0081f8 0047258b p.lw             x11, 4(x14!)        x11=400de595 x14=1000170c x14:10001708  PA:10001708
15792811ns          293731 1c0081fc 00b9f9d3 fadd.s           f19, f19, f11       f19=xxxxxxxx f19:433083bf f11:400de595
15792831ns          293732 1c0081f8 0047258b p.lw             x11, 4(x14!)        x11=401b7295 x14=10001710 x14:1000170c  PA:1000170c
15792871ns          293734 1c0081fc 00b9f9d3 fadd.s           f19, f19, f11       f19=xxxxxxxx f19:4332bb55 f11:401b7295
15792891ns          293735 1c0081f8 0047258b p.lw             x11, 4(x14!)        x11=403fc919 x14=10001714 x14:10001710  PA:10001710
15792931ns          293737 1c0081fc 00b9f9d3 fadd.s           f19, f19, f11       f19=xxxxxxxx f19:4335291f f11:403fc919
15792951ns          293738 1c0081f8 0047258b p.lw             x11, 4(x14!)        x11=408aa1ea x14=10001718 x14:10001714  PA:10001714
15792992ns          293740 1c0081fc 00b9f9d3 fadd.s           f19, f19, f11       f19=xxxxxxxx f19:43382843 f11:408aa1ea
15793012ns          293741 1c0081f8 0047258b p.lw             x11, 4(x14!)        x11=3fd22cba x14=1000171c x14:10001718  PA:10001718
15793052ns          293743 1c0081fc 00b9f9d3 fadd.s           f19, f19, f11       f19=xxxxxxxx f19:433c7d52 f11:3fd22cba
15793072ns          293744 1c0081f8 0047258b p.lw             x11, 4(x14!)        x11=408e044f x14=10001720 x14:1000171c  PA:1000171c
15793112ns          293746 1c0081fc 00b9f9d3 fadd.s           f19, f19, f11       f19=xxxxxxxx f19:433e21ab f11:408e044f
15793132ns          293747 1c0081f8 0047258b p.lw             x11, 4(x14!)        x11=402de2f9 x14=10001724 x14:10001720  PA:10001720
15793172ns          293749 1c0081fc 00b9f9d3 fadd.s           f19, f19, f11       f19=xxxxxxxx f19:434291cd f11:402de2f9
15793192ns          293750 1c0081f8 0047258b p.lw             x11, 4(x14!)        x11=4093003e x14=10001728 x14:10001724  PA:10001724
15793232ns          293752 1c0081fc 00b9f9d3 fadd.s           f19, f19, f11       f19=xxxxxxxx f19:43454959 f11:4093003e
15793252ns          293753 1c0081f8 0047258b p.lw             x11, 4(x14!)        x11=40863a2e x14=1000172c x14:10001728  PA:10001728
15793293ns          293755 1c0081fc 00b9f9d3 fadd.s           f19, f19, f11       f19=xxxxxxxx f19:4349e15b f11:40863a2e
15793313ns          293756 1c0081f8 0047258b p.lw             x11, 4(x14!)        x11=404d4541 x14=10001730 x14:1000172c  PA:1000172c
15793353ns          293758 1c0081fc 00b9f9d3 fadd.s           f19, f19, f11       f19=xxxxxxxx f19:434e132c f11:404d4541
15793373ns          293759 1c0081f8 0047258b p.lw             x11, 4(x14!)        x11=407fef51 x14=10001734 x14:10001730  PA:10001730
15793413ns          293761 1c0081fc 00b9f9d3 fadd.s           f19, f19, f11       f19=xxxxxxxx f19:43514841 f11:407fef51
15793433ns          293762 1c0081f8 0047258b p.lw             x11, 4(x14!)        x11=403c7bff x14=10001738 x14:10001734  PA:10001734
15793473ns          293764 1c0081fc 00b9f9d3 fadd.s           f19, f19, f11       f19=xxxxxxxx f19:435547fe f11:403c7bff
15793493ns          293765 1c0081f8 0047258b p.lw             x11, 4(x14!)        x11=405f947a x14=1000173c x14:10001738  PA:10001738
15793533ns          293767 1c0081fc 00b9f9d3 fadd.s           f19, f19, f11       f19=xxxxxxxx f19:435839ee f11:405f947a
15793553ns          293768 1c0081f8 0047258b p.lw             x11, 4(x14!)        x11=4056b28f x14=10001740 x14:1000173c  PA:1000173c
15793594ns          293770 1c0081fc 00b9f9d3 fadd.s           f19, f19, f11       f19=xxxxxxxx f19:435bb840 f11:4056b28f
15793614ns          293771 1c0081f8 0047258b p.lw             x11, 4(x14!)        x11=40820ebd x14=10001744 x14:10001740  PA:10001740
15793654ns          293773 1c0081fc 00b9f9d3 fadd.s           f19, f19, f11       f19=xxxxxxxx f19:435f130a f11:40820ebd
15793674ns          293774 1c0081f8 0047258b p.lw             x11, 4(x14!)        x11=4090a646 x14=10001748 x14:10001744  PA:10001744
15793714ns          293776 1c0081fc 00b9f9d3 fadd.s           f19, f19, f11       f19=xxxxxxxx f19:43632380 f11:4090a646
15793734ns          293777 1c0081f8 0047258b p.lw             x11, 4(x14!)        x11=4026a250 x14=1000174c x14:10001748  PA:10001748
15793774ns          293779 1c0081fc 00b9f9d3 fadd.s           f19, f19, f11       f19=xxxxxxxx f19:4367a8b2 f11:4026a250
15793794ns          293780 1c0081f8 0047258b p.lw             x11, 4(x14!)        x11=407ac897 x14=10001750 x14:1000174c  PA:1000174c
15793834ns          293782 1c0081fc 00b9f9d3 fadd.s           f19, f19, f11       f19=xxxxxxxx f19:436a433b f11:407ac897
15793854ns          293783 1c0081f8 0047258b p.lw             x11, 4(x14!)        x11=408f6021 x14=10001754 x14:10001750  PA:10001750
15793895ns          293785 1c0081fc 00b9f9d3 fadd.s           f19, f19, f11       f19=xxxxxxxx f19:436e2e5d f11:408f6021
15793915ns          293786 1c0081f8 0047258b p.lw             x11, 4(x14!)        x11=408945c8 x14=10001758 x14:10001754  PA:10001754
15793955ns          293788 1c0081fc 00b9f9d3 fadd.s           f19, f19, f11       f19=xxxxxxxx f19:4372a95e f11:408945c8
15793975ns          293789 1c0081f8 0047258b p.lw             x11, 4(x14!)        x11=407cea00 x14=1000175c x14:10001758  PA:10001758
15794015ns          293791 1c0081fc 00b9f9d3 fadd.s           f19, f19, f11       f19=xxxxxxxx f19:4376f38c f11:407cea00
15794035ns          293792 1c0081f8 0047258b p.lw             x11, 4(x14!)        x11=406cc32b x14=10001760 x14:1000175c  PA:1000175c
15794075ns          293794 1c0081fc 00b9f9d3 fadd.s           f19, f19, f11       f19=xxxxxxxx f19:437ae734 f11:406cc32b
15794095ns          293795 1c0081f8 0047258b p.lw             x11, 4(x14!)        x11=408f96f2 x14=10001764 x14:10001760  PA:10001760
15794135ns          293797 1c0081fc 00b9f9d3 fadd.s           f19, f19, f11       f19=xxxxxxxx f19:437e9a41 f11:408f96f2
15794155ns          293798 1c0081f8 0047258b p.lw             x11, 4(x14!)        x11=406a0f60 x14=10001768 x14:10001764  PA:10001764
15794196ns          293800 1c0081fc 00b9f9d3 fadd.s           f19, f19, f11       f19=xxxxxxxx f19:43818b7c f11:406a0f60
15794216ns          293801 1c0081f8 0047258b p.lw             x11, 4(x14!)        x11=40475896 x14=1000176c x14:10001768  PA:10001768
15794256ns          293803 1c0081fc 00b9f9d3 fadd.s           f19, f19, f11       f19=xxxxxxxx f19:43835f9b f11:40475896
15794276ns          293804 1c0081f8 0047258b p.lw             x11, 4(x14!)        x11=408effcd x14=10001770 x14:1000176c  PA:1000176c
15794316ns          293806 1c0081fc 00b9f9d3 fadd.s           f19, f19, f11       f19=xxxxxxxx f19:4384ee4c f11:408effcd
15794336ns          293807 1c0081f8 0047258b p.lw             x11, 4(x14!)        x11=408f6529 x14=10001774 x14:10001770  PA:10001770
15794376ns          293809 1c0081fc 00b9f9d3 fadd.s           f19, f19, f11       f19=xxxxxxxx f19:43872a4b f11:408f6529
15794396ns          293810 1c0081f8 0047258b p.lw             x11, 4(x14!)        x11=3fdc2c25 x14=10001778 x14:10001774  PA:10001774
15794436ns          293812 1c0081fc 00b9f9d3 fadd.s           f19, f19, f11       f19=xxxxxxxx f19:438967e0 f11:3fdc2c25
15794456ns          293813 1c0081f8 0047258b p.lw             x11, 4(x14!)        x11=4087f86f x14=1000177c x14:10001778  PA:10001778
15794497ns          293815 1c0081fc 00b9f9d3 fadd.s           f19, f19, f11       f19=xxxxxxxx f19:438a440c f11:4087f86f
15794517ns          293816 1c0081f8 0047258b p.lw             x11, 4(x14!)        x11=408c5107 x14=10001780 x14:1000177c  PA:1000177c
15794557ns          293818 1c0081fc 00b9f9d3 fadd.s           f19, f19, f11       f19=xxxxxxxx f19:438c63ee f11:408c5107
15794577ns          293819 1c0081f8 0047258b p.lw             x11, 4(x14!)        x11=4007e102 x14=10001784 x14:10001780  PA:10001780
15794617ns          293821 1c0081fc 00b9f9d3 fadd.s           f19, f19, f11       f19=xxxxxxxx f19:438e9532 f11:4007e102
15794637ns          293822 1c0081f8 0047258b p.lw             x11, 4(x14!)        x11=3f5d49de x14=10001788 x14:10001784  PA:10001784
15794677ns          293824 1c0081fc 00b9f9d3 fadd.s           f19, f19, f11       f19=xxxxxxxx f19:438fa4f4 f11:3f5d49de
15794697ns          293825 1c0081f8 0047258b p.lw             x11, 4(x14!)        x11=405c2818 x14=1000178c x14:10001788  PA:10001788
15794737ns          293827 1c0081fc 00b9f9d3 fadd.s           f19, f19, f11       f19=xxxxxxxx f19:43901399 f11:405c2818
15794757ns          293828 1c0081f8 0047258b p.lw             x11, 4(x14!)        x11=40706bb2 x14=10001790 x14:1000178c  PA:1000178c
15794798ns          293830 1c0081fc 00b9f9d3 fadd.s           f19, f19, f11       f19=xxxxxxxx f19:4391cbe9 f11:40706bb2
15794818ns          293831 1c0081f8 0047258b p.lw             x11, 4(x14!)        x11=405a073e x14=10001794 x14:10001790  PA:10001790
15794858ns          293833 1c0081fc 00b9f9d3 fadd.s           f19, f19, f11       f19=xxxxxxxx f19:4393acc0 f11:405a073e
15794878ns          293834 1c0081f8 0047258b p.lw             x11, 4(x14!)        x11=40904f83 x14=10001798 x14:10001794  PA:10001794
15794918ns          293836 1c0081fc 00b9f9d3 fadd.s           f19, f19, f11       f19=xxxxxxxx f19:439560ce f11:40904f83
15794938ns          293837 1c0081f8 0047258b p.lw             x11, 4(x14!)        x11=406a996b x14=1000179c x14:10001798  PA:10001798
15794978ns          293839 1c0081fc 00b9f9d3 fadd.s           f19, f19, f11       f19=xxxxxxxx f19:4397a20c f11:406a996b
15794998ns          293840 1c0081f8 0047258b p.lw             x11, 4(x14!)        x11=406b2f3f x14=100017a0 x14:1000179c  PA:1000179c
15795038ns          293842 1c0081fc 00b9f9d3 fadd.s           f19, f19, f11       f19=xxxxxxxx f19:4399773f f11:406b2f3f
15795058ns          293843 1c0081f8 0047258b p.lw             x11, 4(x14!)        x11=40639f34 x14=100017a4 x14:100017a0  PA:100017a0
15795098ns          293845 1c0081fc 00b9f9d3 fadd.s           f19, f19, f11       f19=xxxxxxxx f19:439b4d9d f11:40639f34
15795119ns          293846 1c0081f8 0047258b p.lw             x11, 4(x14!)        x11=408cdbef x14=100017a8 x14:100017a4  PA:100017a4
15795159ns          293848 1c0081fc 00b9f9d3 fadd.s           f19, f19, f11       f19=xxxxxxxx f19:439d14db f11:408cdbef
15795179ns          293849 1c0081f8 0047258b p.lw             x11, 4(x14!)        x11=407c2d16 x14=100017ac x14:100017a8  PA:100017a8
15795219ns          293851 1c0081fc 00b9f9d3 fadd.s           f19, f19, f11       f19=xxxxxxxx f19:439f484b f11:407c2d16
15795239ns          293852 1c0081f8 0047258b p.lw             x11, 4(x14!)        x11=408e155a x14=100017b0 x14:100017ac  PA:100017ac
15795279ns          293854 1c0081fc 00b9f9d3 fadd.s           f19, f19, f11       f19=xxxxxxxx f19:43a140a5 f11:408e155a
15795299ns          293855 1c0081f8 0047258b p.lw             x11, 4(x14!)        x11=408e982a x14=100017b4 x14:100017b0  PA:100017b0
15795339ns          293857 1c0081fc 00b9f9d3 fadd.s           f19, f19, f11       f19=xxxxxxxx f19:43a378fa f11:408e982a
15795359ns          293858 1c0081f8 0047258b p.lw             x11, 4(x14!)        x11=4090b2b4 x14=100017b8 x14:100017b4  PA:100017b4
15795399ns          293860 1c0081fc 00b9f9d3 fadd.s           f19, f19, f11       f19=xxxxxxxx f19:43a5b35b f11:4090b2b4
15795420ns          293861 1c0081f8 0047258b p.lw             x11, 4(x14!)        x11=408f0ae4 x14=100017bc x14:100017b8  PA:100017b8
15795460ns          293863 1c0081fc 00b9f9d3 fadd.s           f19, f19, f11       f19=xxxxxxxx f19:43a7f626 f11:408f0ae4
15795480ns          293864 1c0081f8 0047258b p.lw             x11, 4(x14!)        x11=4080b54d x14=100017c0 x14:100017bc  PA:100017bc
15795520ns          293866 1c0081fc 00b9f9d3 fadd.s           f19, f19, f11       f19=xxxxxxxx f19:43aa3252 f11:4080b54d
15795540ns          293867 1c0081f8 0047258b p.lw             x11, 4(x14!)        x11=40811696 x14=100017c4 x14:100017c0  PA:100017c0
15795580ns          293869 1c0081fc 00b9f9d3 fadd.s           f19, f19, f11       f19=xxxxxxxx f19:43ac3527 f11:40811696
15795600ns          293870 1c0081f8 0047258b p.lw             x11, 4(x14!)        x11=407f37ae x14=100017c8 x14:100017c4  PA:100017c4
15795640ns          293872 1c0081fc 00b9f9d3 fadd.s           f19, f19, f11       f19=xxxxxxxx f19:43ae3981 f11:407f37ae
15795660ns          293873 1c0081f8 0047258b p.lw             x11, 4(x14!)        x11=40291ccc x14=100017cc x14:100017c8  PA:100017c8
15795700ns          293875 1c0081fc 00b9f9d3 fadd.s           f19, f19, f11       f19=xxxxxxxx f19:43b037f0 f11:40291ccc
15795721ns          293876 1c0081f8 0047258b p.lw             x11, 4(x14!)        x11=408b7913 x14=100017d0 x14:100017cc  PA:100017cc
15795761ns          293878 1c0081fc 00b9f9d3 fadd.s           f19, f19, f11       f19=xxxxxxxx f19:43b18a2a f11:408b7913
15795781ns          293879 1c0081f8 0047258b p.lw             x11, 4(x14!)        x11=4009860b x14=100017d4 x14:100017d0  PA:100017d0
15795821ns          293881 1c0081fc 00b9f9d3 fadd.s           f19, f19, f11       f19=xxxxxxxx f19:43b3b80e f11:4009860b
15795841ns          293882 1c0081f8 0047258b p.lw             x11, 4(x14!)        x11=408d9fc1 x14=100017d8 x14:100017d4  PA:100017d4
15795881ns          293884 1c0081fc 00b9f9d3 fadd.s           f19, f19, f11       f19=xxxxxxxx f19:43b4cb1a f11:408d9fc1
15795901ns          293885 1c008200 40c707b3 sub              x15, x14, x12       x15=0000018c x14:100017d8 x12:1000164c
15795921ns          293886 1c008204 1c000737 lui              x14, 0x1c000000     x14=1c000000
15795941ns          293887 1c008208 02072583 lw               x11, 32(x14)        x11=3c23d70a x14:1c000000  PA:1c000020
15796383ns          293909 1c00820c ffc78793 addi             x15, x15, -4        x15=00000188 x15:0000018c
15796403ns          293910 1c00820e 10b9f5d3 fmul.s           f11, f19, f11       f11=xxxxxxxx f19:43b70199 f11:3c23d70a
15796423ns          293911 1c008212 0027d793 srli             x15, x15, 0x2       x15=00000062 x15:00000188
15796443ns          293912 1c008214 00178793 addi             x15, x15, 1         x15=00000063 x15:00000062
15796463ns          293913 1c008216 08b6f6d3 fsub.s           f13, f13, f11       f13=xxxxxxxx f13:408e904b f11:406a3f7c
15796483ns          293914 1c00821a 10d6f6d3 fmul.s           f13, f13, f13       f13=xxxxxxxx f13:3f4b8468 f13:3f4b8468
15796884ns          293934 1c00821e 0067c0fb lp.setup         0x1, x15, 0x6       x15:00000063
15796924ns          293936 1c008222 0046270b p.lw             x14, 4(x12!)        x14=406485cc x12=10001650 x12:1000164c  PA:1000164c
15796965ns          293938 1c008226 08b77753 fsub.s           f14, f14, f11       f14=xxxxxxxx f14:406485cc f11:406a3f7c
15796985ns          293939 1c00822a 68e776c3 fmadd.s          f13, f14, f14, f13  f13=xxxxxxxx f14:bdb73600 f14:bdb73600 f13:3f21cb41
15797005ns          293940 1c008222 0046270b p.lw             x14, 4(x12!)        x14=40409a63 x12=10001654 x12:10001650  PA:10001650
15797045ns          293942 1c008226 08b77753 fsub.s           f14, f14, f11       f14=xxxxxxxx f14:40409a63 f11:406a3f7c
15797065ns          293943 1c00822a 68e776c3 fmadd.s          f13, f14, f14, f13  f13=xxxxxxxx f14:bf269464 f14:bf269464 f13:3f23d7ba
15797085ns          293944 1c008222 0046270b p.lw             x14, 4(x12!)        x14=408bf552 x12=10001658 x12:10001654  PA:10001654
15797125ns          293946 1c008226 08b77753 fsub.s           f14, f14, f11       f14=xxxxxxxx f14:408bf552 f11:406a3f7c
15797145ns          293947 1c00822a 68e776c3 fmadd.s          f13, f14, f14, f13  f13=xxxxxxxx f14:3f36aca0 f14:3f36aca0 f13:3f881e41
15797165ns          293948 1c008222 0046270b p.lw             x14, 4(x12!)        x14=408c5671 x12=1000165c x12:10001658  PA:10001658
15797205ns          293950 1c008226 08b77753 fsub.s           f14, f14, f11       f14=xxxxxxxx f14:408c5671 f11:406a3f7c
15797225ns          293951 1c00822a 68e776c3 fmadd.s          f13, f14, f14, f13  f13=xxxxxxxx f14:3f39b598 f14:3f39b598 f13:3fc94b35
15797245ns          293952 1c008222 0046270b p.lw             x14, 4(x12!)        x14=4090c78c x12=10001660 x12:1000165c  PA:1000165c
15797286ns          293954 1c008226 08b77753 fsub.s           f14, f14, f11       f14=xxxxxxxx f14:4090c78c f11:406a3f7c
15797306ns          293955 1c00822a 68e776c3 fmadd.s          f13, f14, f14, f13  f13=xxxxxxxx f14:3f5d3e70 f14:3f5d3e70 f13:40065398
15797326ns          293956 1c008222 0046270b p.lw             x14, 4(x12!)        x14=404c9578 x12=10001664 x12:10001660  PA:10001660
15797366ns          293958 1c008226 08b77753 fsub.s           f14, f14, f11       f14=xxxxxxxx f14:404c9578 f11:406a3f7c
15797386ns          293959 1c00822a 68e776c3 fmadd.s          f13, f14, f14, f13  f13=xxxxxxxx f14:beed5020 f14:beed5020 f13:403620cf
15797406ns          293960 1c008222 0046270b p.lw             x14, 4(x12!)        x14=4044cefb x12=10001668 x12:10001664  PA:10001664
15797446ns          293962 1c008226 08b77753 fsub.s           f14, f14, f11       f14=xxxxxxxx f14:4044cefb f11:406a3f7c
15797466ns          293963 1c00822a 68e776c3 fmadd.s          f13, f14, f14, f13  f13=xxxxxxxx f14:bf15c204 f14:bf15c204 f13:4043e0a6
15797486ns          293964 1c008222 0046270b p.lw             x14, 4(x12!)        x14=4084b91a x12=1000166c x12:10001668  PA:10001668
15797526ns          293966 1c008226 08b77753 fsub.s           f14, f14, f11       f14=xxxxxxxx f14:4084b91a f11:406a3f7c
15797546ns          293967 1c00822a 68e776c3 fmadd.s          f13, f14, f14, f13  f13=xxxxxxxx f14:3ef995c0 f14:3ef995c0 f13:4059c781
15797567ns          293968 1c008222 0046270b p.lw             x14, 4(x12!)        x14=404640d1 x12=10001670 x12:1000166c  PA:1000166c
15797607ns          293970 1c008226 08b77753 fsub.s           f14, f14, f11       f14=xxxxxxxx f14:404640d1 f11:406a3f7c
15797627ns          293971 1c00822a 68e776c3 fmadd.s          f13, f14, f14, f13  f13=xxxxxxxx f14:bf0ffaac f14:bf0ffaac f13:4068fccb
15797647ns          293972 1c008222 0046270b p.lw             x14, 4(x12!)        x14=4080f61a x12=10001674 x12:10001670  PA:10001670
15797687ns          293974 1c008226 08b77753 fsub.s           f14, f14, f11       f14=xxxxxxxx f14:4080f61a f11:406a3f7c
15797707ns          293975 1c00822a 68e776c3 fmadd.s          f13, f14, f14, f13  f13=xxxxxxxx f14:3ebd65c0 f14:3ebd65c0 f13:407d3b4b
15797727ns          293976 1c008222 0046270b p.lw             x14, 4(x12!)        x14=400bfaa6 x12=10001678 x12:10001674  PA:10001674
15797767ns          293978 1c008226 08b77753 fsub.s           f14, f14, f11       f14=xxxxxxxx f14:400bfaa6 f11:406a3f7c
15797787ns          293979 1c00822a 68e776c3 fmadd.s          f13, f14, f14, f13  f13=xxxxxxxx f14:bfbc89ac f14:bfbc89ac f13:4082fea1
15797807ns          293980 1c008222 0046270b p.lw             x14, 4(x12!)        x14=40846699 x12=1000167c x12:10001678  PA:10001678
15797847ns          293982 1c008226 08b77753 fsub.s           f14, f14, f11       f14=xxxxxxxx f14:40846699 f11:406a3f7c
15797868ns          293983 1c00822a 68e776c3 fmadd.s          f13, f14, f14, f13  f13=xxxxxxxx f14:3ef46db0 f14:3ef46db0 f13:40c86be0
15797888ns          293984 1c008222 0046270b p.lw             x14, 4(x12!)        x14=408b8eb3 x12=10001680 x12:1000167c  PA:1000167c
15797928ns          293986 1c008226 08b77753 fsub.s           f14, f14, f11       f14=xxxxxxxx f14:408b8eb3 f11:406a3f7c
15797948ns          293987 1c00822a 68e776c3 fmadd.s          f13, f14, f14, f13  f13=xxxxxxxx f14:3f3377a8 f14:3f3377a8 f13:40cfb6ea
15797968ns          293988 1c008222 0046270b p.lw             x14, 4(x12!)        x14=4078898b x12=10001684 x12:10001680  PA:10001680
15798008ns          293990 1c008226 08b77753 fsub.s           f14, f14, f11       f14=xxxxxxxx f14:4078898b f11:406a3f7c
15798028ns          293991 1c00822a 68e776c3 fmadd.s          f13, f14, f14, f13  f13=xxxxxxxx f14:3e64a0f0 f14:3e64a0f0 f13:40df70fc
15798048ns          293992 1c008222 0046270b p.lw             x14, 4(x12!)        x14=4054dc70 x12=10001688 x12:10001684  PA:10001684
15798088ns          293994 1c008226 08b77753 fsub.s           f14, f14, f11       f14=xxxxxxxx f14:4054dc70 f11:406a3f7c
15798108ns          293995 1c00822a 68e776c3 fmadd.s          f13, f14, f14, f13  f13=xxxxxxxx f14:beab1860 f14:beab1860 f13:40e1095a
15798128ns          293996 1c008222 0046270b p.lw             x14, 4(x12!)        x14=405de7b2 x12=1000168c x12:10001688  PA:10001688
15798168ns          293998 1c008226 08b77753 fsub.s           f14, f14, f11       f14=xxxxxxxx f14:405de7b2 f11:406a3f7c
15798189ns          293999 1c00822a 68e776c3 fmadd.s          f13, f14, f14, f13  f13=xxxxxxxx f14:be457ca0 f14:be457ca0 f13:40e49c27
15798209ns          294000 1c008222 0046270b p.lw             x14, 4(x12!)        x14=40785fa7 x12=10001690 x12:1000168c  PA:1000168c
15798249ns          294002 1c008226 08b77753 fsub.s           f14, f14, f11       f14=xxxxxxxx f14:40785fa7 f11:406a3f7c
15798269ns          294003 1c00822a 68e776c3 fmadd.s          f13, f14, f14, f13  f13=xxxxxxxx f14:3e6202b0 f14:3e6202b0 f13:40e5ccd9
15798289ns          294004 1c008222 0046270b p.lw             x14, 4(x12!)        x14=40280641 x12=10001694 x12:10001690  PA:10001690
15798329ns          294006 1c008226 08b77753 fsub.s           f14, f14, f11       f14=xxxxxxxx f14:40280641 f11:406a3f7c
15798349ns          294007 1c00822a 68e776c3 fmadd.s          f13, f14, f14, f13  f13=xxxxxxxx f14:bf847276 f14:bf847276 f13:40e75bea
15798369ns          294008 1c008222 0046270b p.lw             x14, 4(x12!)        x14=4064d779 x12=10001698 x12:10001694  PA:10001694
15798409ns          294010 1c008226 08b77753 fsub.s           f14, f14, f11       f14=xxxxxxxx f14:4064d779 f11:406a3f7c
15798429ns          294011 1c00822a 68e776c3 fmadd.s          f13, f14, f14, f13  f13=xxxxxxxx f14:bdad0060 f14:bdad0060 f13:4104cf84
15798449ns          294012 1c008222 0046270b p.lw             x14, 4(x12!)        x14=40521435 x12=1000169c x12:10001698  PA:10001698
15798490ns          294014 1c008226 08b77753 fsub.s           f14, f14, f11       f14=xxxxxxxx f14:40521435 f11:406a3f7c
15798510ns          294015 1c00822a 68e776c3 fmadd.s          f13, f14, f14, f13  f13=xxxxxxxx f14:bec15a38 f14:bec15a38 f13:4104ecbe
15798530ns          294016 1c008222 0046270b p.lw             x14, 4(x12!)        x14=409014ce x12=100016a0 x12:1000169c  PA:1000169c
15798570ns          294018 1c008226 08b77753 fsub.s           f14, f14, f11       f14=xxxxxxxx f14:409014ce f11:406a3f7c
15798590ns          294019 1c00822a 68e776c3 fmadd.s          f13, f14, f14, f13  f13=xxxxxxxx f14:3f57a880 f14:3f57a880 f13:410734e3
15798610ns          294020 1c008222 0046270b p.lw             x14, 4(x12!)        x14=408c7ffd x12=100016a4 x12:100016a0  PA:100016a0
15798650ns          294022 1c008226 08b77753 fsub.s           f14, f14, f11       f14=xxxxxxxx f14:408c7ffd f11:406a3f7c
15798670ns          294023 1c00822a 68e776c3 fmadd.s          f13, f14, f14, f13  f13=xxxxxxxx f14:3f3b01f8 f14:3f3b01f8 f13:41128faa
15798690ns          294024 1c008222 0046270b p.lw             x14, 4(x12!)        x14=4086210f x12=100016a8 x12:100016a4  PA:100016a4
15798730ns          294026 1c008226 08b77753 fsub.s           f14, f14, f11       f14=xxxxxxxx f14:4086210f f11:406a3f7c
15798750ns          294027 1c00822a 68e776c3 fmadd.s          f13, f14, f14, f13  f13=xxxxxxxx f14:3f080a88 f14:3f080a88 f13:411b1968
15798770ns          294028 1c008222 0046270b p.lw             x14, 4(x12!)        x14=40927ad6 x12=100016ac x12:100016a8  PA:100016a8
15798811ns          294030 1c008226 08b77753 fsub.s           f14, f14, f11       f14=xxxxxxxx f14:40927ad6 f11:406a3f7c
15798831ns          294031 1c00822a 68e776c3 fmadd.s          f13, f14, f14, f13  f13=xxxxxxxx f14:3f6ad8c0 f14:3f6ad8c0 f13:411f9e1b
15798851ns          294032 1c008222 0046270b p.lw             x14, 4(x12!)        x14=40708843 x12=100016b0 x12:100016ac  PA:100016ac
15798891ns          294034 1c008226 08b77753 fsub.s           f14, f14, f11       f14=xxxxxxxx f14:40708843 f11:406a3f7c
15798911ns          294035 1c00822a 68e776c3 fmadd.s          f13, f14, f14, f13  f13=xxxxxxxx f14:3dc918e0 f14:3dc918e0 f13:412d152a
15798931ns          294036 1c008222 0046270b p.lw             x14, 4(x12!)        x14=407e4be4 x12=100016b4 x12:100016b0  PA:100016b0
15798971ns          294038 1c008226 08b77753 fsub.s           f14, f14, f11       f14=xxxxxxxx f14:407e4be4 f11:406a3f7c
15798991ns          294039 1c00822a 68e776c3 fmadd.s          f13, f14, f14, f13  f13=xxxxxxxx f14:3ea06340 f14:3ea06340 f13:412d3ca8
15799011ns          294040 1c008222 0046270b p.lw             x14, 4(x12!)        x14=4090a2de x12=100016b8 x12:100016b4  PA:100016b4
15799051ns          294042 1c008226 08b77753 fsub.s           f14, f14, f11       f14=xxxxxxxx f14:4090a2de f11:406a3f7c
15799071ns          294043 1c00822a 68e776c3 fmadd.s          f13, f14, f14, f13  f13=xxxxxxxx f14:3f5c1900 f14:3f5c1900 f13:412ece99
15799091ns          294044 1c008222 0046270b p.lw             x14, 4(x12!)        x14=400595eb x12=100016bc x12:100016b8  PA:100016b8
15799132ns          294046 1c008226 08b77753 fsub.s           f14, f14, f11       f14=xxxxxxxx f14:400595eb f11:406a3f7c
15799152ns          294047 1c00822a 68e776c3 fmadd.s          f13, f14, f14, f13  f13=xxxxxxxx f14:bfc95322 f14:bfc95322 f13:413aa249
15799172ns          294048 1c008222 0046270b p.lw             x14, 4(x12!)        x14=4042dd79 x12=100016c0 x12:100016bc  PA:100016bc
15799212ns          294050 1c008226 08b77753 fsub.s           f14, f14, f11       f14=xxxxxxxx f14:4042dd79 f11:406a3f7c
15799232ns          294051 1c00822a 68e776c3 fmadd.s          f13, f14, f14, f13  f13=xxxxxxxx f14:bf1d880c f14:bf1d880c f13:41623733
15799252ns          294052 1c008222 0046270b p.lw             x14, 4(x12!)        x14=406c34a8 x12=100016c4 x12:100016c0  PA:100016c0
15799292ns          294054 1c008226 08b77753 fsub.s           f14, f14, f11       f14=xxxxxxxx f14:406c34a8 f11:406a3f7c
15799312ns          294055 1c00822a 68e776c3 fmadd.s          f13, f14, f14, f13  f13=xxxxxxxx f14:3cfa9600 f14:3cfa9600 f13:41684635
15799332ns          294056 1c008222 0046270b p.lw             x14, 4(x12!)        x14=40868823 x12=100016c8 x12:100016c4  PA:100016c4
15799372ns          294058 1c008226 08b77753 fsub.s           f14, f14, f11       f14=xxxxxxxx f14:40868823 f11:406a3f7c
15799392ns          294059 1c00822a 68e776c3 fmadd.s          f13, f14, f14, f13  f13=xxxxxxxx f14:3f0b4328 f14:3f0b4328 f13:41684a0a
15799413ns          294060 1c008222 0046270b p.lw             x14, 4(x12!)        x14=408071b9 x12=100016cc x12:100016c8  PA:100016c8
15799453ns          294062 1c008226 08b77753 fsub.s           f14, f14, f11       f14=xxxxxxxx f14:408071b9 f11:406a3f7c
15799473ns          294063 1c00822a 68e776c3 fmadd.s          f13, f14, f14, f13  f13=xxxxxxxx f14:3eb51fb0 f14:3eb51fb0 f13:416d062a
15799493ns          294064 1c008222 0046270b p.lw             x14, 4(x12!)        x14=40276ff2 x12=100016d0 x12:100016cc  PA:100016cc
15799533ns          294066 1c008226 08b77753 fsub.s           f14, f14, f11       f14=xxxxxxxx f14:40276ff2 f11:406a3f7c
15799553ns          294067 1c00822a 68e776c3 fmadd.s          f13, f14, f14, f13  f13=xxxxxxxx f14:bf859f14 f14:bf859f14 f13:416f06c1
15799573ns          294068 1c008222 0046270b p.lw             x14, 4(x12!)        x14=40241c17 x12=100016d4 x12:100016d0  PA:100016d0
15799613ns          294070 1c008226 08b77753 fsub.s           f14, f14, f11       f14=xxxxxxxx f14:40241c17 f11:406a3f7c
15799633ns          294071 1c00822a 68e776c3 fmadd.s          f13, f14, f14, f13  f13=xxxxxxxx f14:bf8c46ca f14:bf8c46ca f13:41803b36
15799653ns          294072 1c008222 0046270b p.lw             x14, 4(x12!)        x14=408aa963 x12=100016d8 x12:100016d4  PA:100016d4
15799693ns          294074 1c008226 08b77753 fsub.s           f14, f14, f11       f14=xxxxxxxx f14:408aa963 f11:406a3f7c
15799714ns          294075 1c00822a 68e776c3 fmadd.s          f13, f14, f14, f13  f13=xxxxxxxx f14:3f2c4d28 f14:3f2c4d28 f13:4189d6e6
15799734ns          294076 1c008222 0046270b p.lw             x14, 4(x12!)        x14=3f4e8898 x12=100016dc x12:100016d8  PA:100016d8
15799774ns          294078 1c008226 08b77753 fsub.s           f14, f14, f11       f14=xxxxxxxx f14:3f4e8898 f11:406a3f7c
15799794ns          294079 1c00822a 68e776c3 fmadd.s          f13, f14, f14, f13  f13=xxxxxxxx f14:c0369d56 f14:c0369d56 f13:418d76a4
15799814ns          294080 1c008222 0046270b p.lw             x14, 4(x12!)        x14=408e88d7 x12=100016e0 x12:100016dc  PA:100016dc
15799854ns          294082 1c008226 08b77753 fsub.s           f14, f14, f11       f14=xxxxxxxx f14:408e88d7 f11:406a3f7c
15799874ns          294083 1c00822a 68e776c3 fmadd.s          f13, f14, f14, f13  f13=xxxxxxxx f14:3f4b48c8 f14:3f4b48c8 f13:41ce98af
15799894ns          294084 1c008222 0046270b p.lw             x14, 4(x12!)        x14=403dad03 x12=100016e4 x12:100016e0  PA:100016e0
15799934ns          294086 1c008226 08b77753 fsub.s           f14, f14, f11       f14=xxxxxxxx f14:403dad03 f11:406a3f7c
15799954ns          294087 1c00822a 68e776c3 fmadd.s          f13, f14, f14, f13  f13=xxxxxxxx f14:bf3249e4 f14:bf3249e4 f13:41d3a413
15799974ns          294088 1c008222 0046270b p.lw             x14, 4(x12!)        x14=40398e27 x12=100016e8 x12:100016e4  PA:100016e4
15800014ns          294090 1c008226 08b77753 fsub.s           f14, f14, f11       f14=xxxxxxxx f14:40398e27 f11:406a3f7c
15800035ns          294091 1c00822a 68e776c3 fmadd.s          f13, f14, f14, f13  f13=xxxxxxxx f14:bf42c554 f14:bf42c554 f13:41d7856a
15800055ns          294092 1c008222 0046270b p.lw             x14, 4(x12!)        x14=407ce44f x12=100016ec x12:100016e8  PA:100016e8
15800095ns          294094 1c008226 08b77753 fsub.s           f14, f14, f11       f14=xxxxxxxx f14:407ce44f f11:406a3f7c
15800115ns          294095 1c00822a 68e776c3 fmadd.s          f13, f14, f14, f13  f13=xxxxxxxx f14:3e952698 f14:3e952698 f13:41dc26e7
15800135ns          294096 1c008222 0046270b p.lw             x14, 4(x12!)        x14=4092c68a x12=100016f0 x12:100016ec  PA:100016ec
15800175ns          294098 1c008226 08b77753 fsub.s           f14, f14, f11       f14=xxxxxxxx f14:4092c68a f11:406a3f7c
15800195ns          294099 1c00822a 68e776c3 fmadd.s          f13, f14, f14, f13  f13=xxxxxxxx f14:3f6d3660 f14:3f6d3660 f13:41dcd4b3
15800215ns          294100 1c008222 0046270b p.lw             x14, 4(x12!)        x14=406c548c x12=100016f4 x12:100016f0  PA:100016f0
15800255ns          294102 1c008226 08b77753 fsub.s           f14, f14, f11       f14=xxxxxxxx f14:406c548c f11:406a3f7c
15800275ns          294103 1c00822a 68e776c3 fmadd.s          f13, f14, f14, f13  f13=xxxxxxxx f14:3d054400 f14:3d054400 f13:41e3b321
15800295ns          294104 1c008222 0046270b p.lw             x14, 4(x12!)        x14=4091320a x12=100016f8 x12:100016f4  PA:100016f4
15800336ns          294106 1c008226 08b77753 fsub.s           f14, f14, f11       f14=xxxxxxxx f14:4091320a f11:406a3f7c
15800356ns          294107 1c00822a 68e776c3 fmadd.s          f13, f14, f14, f13  f13=xxxxxxxx f14:3f609260 f14:3f609260 f13:41e3b54c
15800376ns          294108 1c008222 0046270b p.lw             x14, 4(x12!)        x14=40643b21 x12=100016fc x12:100016f8  PA:100016f8
15800416ns          294110 1c008226 08b77753 fsub.s           f14, f14, f11       f14=xxxxxxxx f14:40643b21 f11:406a3f7c
15800436ns          294111 1c00822a 68e776c3 fmadd.s          f13, f14, f14, f13  f13=xxxxxxxx f14:bdc08b60 f14:bdc08b60 f13:41e9dd50
15800456ns          294112 1c008222 0046270b p.lw             x14, 4(x12!)        x14=4070e579 x12=10001700 x12:100016fc  PA:100016fc
15800496ns          294114 1c008226 08b77753 fsub.s           f14, f14, f11       f14=xxxxxxxx f14:4070e579 f11:406a3f7c
15800516ns          294115 1c00822a 68e776c3 fmadd.s          f13, f14, f14, f13  f13=xxxxxxxx f14:3dd4bfa0 f14:3dd4bfa0 f13:41e9ef6a
15800536ns          294116 1c008222 0046270b p.lw             x14, 4(x12!)        x14=40841b9d x12=10001704 x12:10001700  PA:10001700
15800576ns          294118 1c008226 08b77753 fsub.s           f14, f14, f11       f14=xxxxxxxx f14:40841b9d f11:406a3f7c
15800596ns          294119 1c00822a 68e776c3 fmadd.s          f13, f14, f14, f13  f13=xxxxxxxx f14:3eefbdf0 f14:3eefbdf0 f13:41ea0584
15800616ns          294120 1c008222 0046270b p.lw             x14, 4(x12!)        x14=40834cbb x12=10001708 x12:10001704  PA:10001704
15800657ns          294122 1c008226 08b77753 fsub.s           f14, f14, f11       f14=xxxxxxxx f14:40834cbb f11:406a3f7c
15800677ns          294123 1c00822a 68e776c3 fmadd.s          f13, f14, f14, f13  f13=xxxxxxxx f14:3ee2cfd0 f14:3ee2cfd0 f13:41ebc68c
15800697ns          294124 1c008222 0046270b p.lw             x14, 4(x12!)        x14=400de595 x12=1000170c x12:10001708  PA:10001708
15800737ns          294126 1c008226 08b77753 fsub.s           f14, f14, f11       f14=xxxxxxxx f14:400de595 f11:406a3f7c
15800757ns          294127 1c00822a 68e776c3 fmadd.s          f13, f14, f14, f13  f13=xxxxxxxx f14:bfb8b3ce f14:bfb8b3ce f13:41ed5873
15800777ns          294128 1c008222 0046270b p.lw             x14, 4(x12!)        x14=401b7295 x12=10001710 x12:1000170c  PA:1000170c
15800817ns          294130 1c008226 08b77753 fsub.s           f14, f14, f11       f14=xxxxxxxx f14:401b7295 f11:406a3f7c
15800837ns          294131 1c00822a 68e776c3 fmadd.s          f13, f14, f14, f13  f13=xxxxxxxx f14:bf9d99ce f14:bf9d99ce f13:41fe00d2
15800857ns          294132 1c008222 0046270b p.lw             x14, 4(x12!)        x14=403fc919 x12=10001714 x12:10001710  PA:10001710
15800897ns          294134 1c008226 08b77753 fsub.s           f14, f14, f11       f14=xxxxxxxx f14:403fc919 f11:406a3f7c
15800917ns          294135 1c00822a 68e776c3 fmadd.s          f13, f14, f14, f13  f13=xxxxxxxx f14:bf29d98c f14:bf29d98c f13:420510c9
15800938ns          294136 1c008222 0046270b p.lw             x14, 4(x12!)        x14=408aa1ea x12=10001718 x12:10001714  PA:10001714
15800978ns          294138 1c008226 08b77753 fsub.s           f14, f14, f11       f14=xxxxxxxx f14:408aa1ea f11:406a3f7c
15800998ns          294139 1c00822a 68e776c3 fmadd.s          f13, f14, f14, f13  f13=xxxxxxxx f14:3f2c1160 f14:3f2c1160 f13:4206d38d
15801018ns          294140 1c008222 0046270b p.lw             x14, 4(x12!)        x14=3fd22cba x12=1000171c x12:10001718  PA:10001718
15801058ns          294142 1c008226 08b77753 fsub.s           f14, f14, f11       f14=xxxxxxxx f14:3fd22cba f11:406a3f7c
15801078ns          294143 1c00822a 68e776c3 fmadd.s          f13, f14, f14, f13  f13=xxxxxxxx f14:c001291f f14:c001291f f13:4208a22a
15801098ns          294144 1c008222 0046270b p.lw             x14, 4(x12!)        x14=408e044f x12=10001720 x12:1000171c  PA:1000171c
15801138ns          294146 1c008226 08b77753 fsub.s           f14, f14, f11       f14=xxxxxxxx f14:408e044f f11:406a3f7c
15801158ns          294147 1c00822a 68e776c3 fmadd.s          f13, f14, f14, f13  f13=xxxxxxxx f14:3f472488 f14:3f472488 f13:4218ecc8
15801178ns          294148 1c008222 0046270b p.lw             x14, 4(x12!)        x14=402de2f9 x12=10001724 x12:10001720  PA:10001720
15801218ns          294150 1c008226 08b77753 fsub.s           f14, f14, f11       f14=xxxxxxxx f14:402de2f9 f11:406a3f7c
15801238ns          294151 1c00822a 68e776c3 fmadd.s          f13, f14, f14, f13  f13=xxxxxxxx f14:bf71720c f14:bf71720c f13:421b586f
15801259ns          294152 1c008222 0046270b p.lw             x14, 4(x12!)        x14=4093003e x12=10001728 x12:10001724  PA:10001724
15801299ns          294154 1c008226 08b77753 fsub.s           f14, f14, f11       f14=xxxxxxxx f14:4093003e f11:406a3f7c
15801319ns          294155 1c00822a 68e776c3 fmadd.s          f13, f14, f14, f13  f13=xxxxxxxx f14:3f6f0400 f14:3f6f0400 f13:421ee74f
15801339ns          294156 1c008222 0046270b p.lw             x14, 4(x12!)        x14=40863a2e x12=1000172c x12:10001728  PA:10001728
15801379ns          294158 1c008226 08b77753 fsub.s           f14, f14, f11       f14=xxxxxxxx f14:40863a2e f11:406a3f7c
15801399ns          294159 1c00822a 68e776c3 fmadd.s          f13, f14, f14, f13  f13=xxxxxxxx f14:3f08d380 f14:3f08d380 f13:422263f1
15801419ns          294160 1c008222 0046270b p.lw             x14, 4(x12!)        x14=404d4541 x12=10001730 x12:1000172c  PA:1000172c
15801459ns          294162 1c008226 08b77753 fsub.s           f14, f14, f11       f14=xxxxxxxx f14:404d4541 f11:406a3f7c
15801479ns          294163 1c00822a 68e776c3 fmadd.s          f13, f14, f14, f13  f13=xxxxxxxx f14:bee7d1d8 f14:bee7d1d8 f13:42238877
15801499ns          294164 1c008222 0046270b p.lw             x14, 4(x12!)        x14=407fef51 x12=10001734 x12:10001730  PA:10001730
15801539ns          294166 1c008226 08b77753 fsub.s           f14, f14, f11       f14=xxxxxxxx f14:407fef51 f11:406a3f7c
15801560ns          294167 1c00822a 68e776c3 fmadd.s          f13, f14, f14, f13  f13=xxxxxxxx f14:3ead7ea8 f14:3ead7ea8 f13:42245a63
15801580ns          294168 1c008222 0046270b p.lw             x14, 4(x12!)        x14=403c7bff x12=10001738 x12:10001734  PA:10001734
15801620ns          294170 1c008226 08b77753 fsub.s           f14, f14, f11       f14=xxxxxxxx f14:403c7bff f11:406a3f7c
15801640ns          294171 1c00822a 68e776c3 fmadd.s          f13, f14, f14, f13  f13=xxxxxxxx f14:bf370df4 f14:bf370df4 f13:4224cff7
15801660ns          294172 1c008222 0046270b p.lw             x14, 4(x12!)        x14=405f947a x12=1000173c x12:10001738  PA:10001738
15801700ns          294174 1c008226 08b77753 fsub.s           f14, f14, f11       f14=xxxxxxxx f14:405f947a f11:406a3f7c
15801720ns          294175 1c00822a 68e776c3 fmadd.s          f13, f14, f14, f13  f13=xxxxxxxx f14:be2ab020 f14:be2ab020 f13:4226db8b
15801740ns          294176 1c008222 0046270b p.lw             x14, 4(x12!)        x14=4056b28f x12=10001740 x12:1000173c  PA:1000173c
15801780ns          294178 1c008226 08b77753 fsub.s           f14, f14, f11       f14=xxxxxxxx f14:4056b28f f11:406a3f7c
15801800ns          294179 1c00822a 68e776c3 fmadd.s          f13, f14, f14, f13  f13=xxxxxxxx f14:be9c6768 f14:be9c6768 f13:4226f7ff
15801820ns          294180 1c008222 0046270b p.lw             x14, 4(x12!)        x14=40820ebd x12=10001744 x12:10001740  PA:10001740
15801861ns          294182 1c008226 08b77753 fsub.s           f14, f14, f11       f14=xxxxxxxx f14:40820ebd f11:406a3f7c
15801881ns          294183 1c00822a 68e776c3 fmadd.s          f13, f14, f14, f13  f13=xxxxxxxx f14:3eceeff0 f14:3eceeff0 f13:4227578d
15801901ns          294184 1c008222 0046270b p.lw             x14, 4(x12!)        x14=4090a646 x12=10001748 x12:10001744  PA:10001744
15801941ns          294186 1c008226 08b77753 fsub.s           f14, f14, f11       f14=xxxxxxxx f14:4090a646 f11:406a3f7c
15801961ns          294187 1c00822a 68e776c3 fmadd.s          f13, f14, f14, f13  f13=xxxxxxxx f14:3f5c3440 f14:3f5c3440 f13:4227fed4
15801981ns          294188 1c008222 0046270b p.lw             x14, 4(x12!)        x14=4026a250 x12=1000174c x12:10001748  PA:10001748
15802021ns          294190 1c008226 08b77753 fsub.s           f14, f14, f11       f14=xxxxxxxx f14:4026a250 f11:406a3f7c
15802041ns          294191 1c00822a 68e776c3 fmadd.s          f13, f14, f14, f13  f13=xxxxxxxx f14:bf873a58 f14:bf873a58 f13:422af47b
15802061ns          294192 1c008222 0046270b p.lw             x14, 4(x12!)        x14=407ac897 x12=10001750 x12:1000174c  PA:1000174c
15802101ns          294194 1c008226 08b77753 fsub.s           f14, f14, f11       f14=xxxxxxxx f14:407ac897 f11:406a3f7c
15802121ns          294195 1c00822a 68e776c3 fmadd.s          f13, f14, f14, f13  f13=xxxxxxxx f14:3e8448d8 f14:3e8448d8 f13:422f6b64
15802141ns          294196 1c008222 0046270b p.lw             x14, 4(x12!)        x14=408f6021 x12=10001754 x12:10001750  PA:10001750
15802182ns          294198 1c008226 08b77753 fsub.s           f14, f14, f11       f14=xxxxxxxx f14:408f6021 f11:406a3f7c
15802202ns          294199 1c00822a 68e776c3 fmadd.s          f13, f14, f14, f13  f13=xxxxxxxx f14:3f520318 f14:3f520318 f13:422fafbf
15802222ns          294200 1c008222 0046270b p.lw             x14, 4(x12!)        x14=408945c8 x12=10001758 x12:10001754  PA:10001754
15802262ns          294202 1c008226 08b77753 fsub.s           f14, f14, f11       f14=xxxxxxxx f14:408945c8 f11:406a3f7c
15802282ns          294203 1c00822a 68e776c3 fmadd.s          f13, f14, f14, f13  f13=xxxxxxxx f14:3f213050 f14:3f213050 f13:423260e3
15802302ns          294204 1c008222 0046270b p.lw             x14, 4(x12!)        x14=407cea00 x12=1000175c x12:10001758  PA:10001758
15802342ns          294206 1c008226 08b77753 fsub.s           f14, f14, f11       f14=xxxxxxxx f14:407cea00 f11:406a3f7c
15802362ns          294207 1c00822a 68e776c3 fmadd.s          f13, f14, f14, f13  f13=xxxxxxxx f14:3e955420 f14:3e955420 f13:4233f6da
15802382ns          294208 1c008222 0046270b p.lw             x14, 4(x12!)        x14=406cc32b x12=10001760 x12:1000175c  PA:1000175c
15802422ns          294210 1c008226 08b77753 fsub.s           f14, f14, f11       f14=xxxxxxxx f14:406cc32b f11:406a3f7c
15802442ns          294211 1c00822a 68e776c3 fmadd.s          f13, f14, f14, f13  f13=xxxxxxxx f14:3d20ebc0 f14:3d20ebc0 f13:42344df5
15802462ns          294212 1c008222 0046270b p.lw             x14, 4(x12!)        x14=408f96f2 x12=10001764 x12:10001760  PA:10001760
15802503ns          294214 1c008226 08b77753 fsub.s           f14, f14, f11       f14=xxxxxxxx f14:408f96f2 f11:406a3f7c
15802523ns          294215 1c00822a 68e776c3 fmadd.s          f13, f14, f14, f13  f13=xxxxxxxx f14:3f53b9a0 f14:3f53b9a0 f13:42344f8a
15802543ns          294216 1c008222 0046270b p.lw             x14, 4(x12!)        x14=406a0f60 x12=10001768 x12:10001764  PA:10001764
15802583ns          294218 1c008226 08b77753 fsub.s           f14, f14, f11       f14=xxxxxxxx f14:406a0f60 f11:406a3f7c
15802603ns          294219 1c00822a 68e776c3 fmadd.s          f13, f14, f14, f13  f13=xxxxxxxx f14:bb407000 f14:bb407000 f13:42370bf8
15802623ns          294220 1c008222 0046270b p.lw             x14, 4(x12!)        x14=40475896 x12=1000176c x12:10001768  PA:10001768
15802663ns          294222 1c008226 08b77753 fsub.s           f14, f14, f11       f14=xxxxxxxx f14:40475896 f11:406a3f7c
15802683ns          294223 1c00822a 68e776c3 fmadd.s          f13, f14, f14, f13  f13=xxxxxxxx f14:bf0b9b98 f14:bf0b9b98 f13:42370bfa
15802703ns          294224 1c008222 0046270b p.lw             x14, 4(x12!)        x14=408effcd x12=10001770 x12:1000176c  PA:1000176c
15802743ns          294226 1c008226 08b77753 fsub.s           f14, f14, f11       f14=xxxxxxxx f14:408effcd f11:406a3f7c
15802763ns          294227 1c00822a 68e776c3 fmadd.s          f13, f14, f14, f13  f13=xxxxxxxx f14:3f4f0078 f14:3f4f0078 f13:42383c83
15802784ns          294228 1c008222 0046270b p.lw             x14, 4(x12!)        x14=408f6529 x12=10001774 x12:10001770  PA:10001770
15802824ns          294230 1c008226 08b77753 fsub.s           f14, f14, f11       f14=xxxxxxxx f14:408f6529 f11:406a3f7c
15802844ns          294231 1c00822a 68e776c3 fmadd.s          f13, f14, f14, f13  f13=xxxxxxxx f14:3f522b58 f14:3f522b58 f13:423ada0a
15802864ns          294232 1c008222 0046270b p.lw             x14, 4(x12!)        x14=3fdc2c25 x12=10001778 x12:10001774  PA:10001774
15802904ns          294234 1c008226 08b77753 fsub.s           f14, f14, f11       f14=xxxxxxxx f14:3fdc2c25 f11:406a3f7c
15802924ns          294235 1c00822a 68e776c3 fmadd.s          f13, f14, f14, f13  f13=xxxxxxxx f14:bff852d3 f14:bff852d3 f13:423d8c37
15802944ns          294236 1c008222 0046270b p.lw             x14, 4(x12!)        x14=4087f86f x12=1000177c x12:10001778  PA:10001778
15802984ns          294238 1c008226 08b77753 fsub.s           f14, f14, f11       f14=xxxxxxxx f14:4087f86f f11:406a3f7c
15803004ns          294239 1c00822a 68e776c3 fmadd.s          f13, f14, f14, f13  f13=xxxxxxxx f14:3f16c588 f14:3f16c588 f13:424c9a40
15803024ns          294240 1c008222 0046270b p.lw             x14, 4(x12!)        x14=408c5107 x12=10001780 x12:1000177c  PA:1000177c
15803064ns          294242 1c008226 08b77753 fsub.s           f14, f14, f11       f14=xxxxxxxx f14:408c5107 f11:406a3f7c
15803084ns          294243 1c00822a 68e776c3 fmadd.s          f13, f14, f14, f13  f13=xxxxxxxx f14:3f398a48 f14:3f398a48 f13:424dfd70
15803105ns          294244 1c008222 0046270b p.lw             x14, 4(x12!)        x14=4007e102 x12=10001784 x12:10001780  PA:10001780
15803145ns          294246 1c008226 08b77753 fsub.s           f14, f14, f11       f14=xxxxxxxx f14:4007e102 f11:406a3f7c
15803165ns          294247 1c00822a 68e776c3 fmadd.s          f13, f14, f14, f13  f13=xxxxxxxx f14:bfc4bcf4 f14:bfc4bcf4 f13:42501755
15803185ns          294248 1c008222 0046270b p.lw             x14, 4(x12!)        x14=3f5d49de x12=10001788 x12:10001784  PA:10001784
15803225ns          294250 1c008226 08b77753 fsub.s           f14, f14, f11       f14=xxxxxxxx f14:3f5d49de f11:406a3f7c
15803245ns          294251 1c00822a 68e776c3 fmadd.s          f13, f14, f14, f13  f13=xxxxxxxx f14:c032ed04 f14:c032ed04 f13:42598a73
15803265ns          294252 1c008222 0046270b p.lw             x14, 4(x12!)        x14=405c2818 x12=1000178c x12:10001788  PA:10001788
15803305ns          294254 1c008226 08b77753 fsub.s           f14, f14, f11       f14=xxxxxxxx f14:405c2818 f11:406a3f7c
15803325ns          294255 1c00822a 68e776c3 fmadd.s          f13, f14, f14, f13  f13=xxxxxxxx f14:be617640 f14:be617640 f13:4278ce10
15803345ns          294256 1c008222 0046270b p.lw             x14, 4(x12!)        x14=40706bb2 x12=10001790 x12:1000178c  PA:1000178c
15803385ns          294258 1c008226 08b77753 fsub.s           f14, f14, f11       f14=xxxxxxxx f14:40706bb2 f11:406a3f7c
15803406ns          294259 1c00822a 68e776c3 fmadd.s          f13, f14, f14, f13  f13=xxxxxxxx f14:3dc586c0 f14:3dc586c0 f13:4278ffb4
15803426ns          294260 1c008222 0046270b p.lw             x14, 4(x12!)        x14=405a073e x12=10001794 x12:10001790  PA:10001790
15803466ns          294262 1c008226 08b77753 fsub.s           f14, f14, f11       f14=xxxxxxxx f14:405a073e f11:406a3f7c
15803486ns          294263 1c00822a 68e776c3 fmadd.s          f13, f14, f14, f13  f13=xxxxxxxx f14:be81c1f0 f14:be81c1f0 f13:4279093b
15803506ns          294264 1c008222 0046270b p.lw             x14, 4(x12!)        x14=40904f83 x12=10001798 x12:10001794  PA:10001794
15803546ns          294266 1c008226 08b77753 fsub.s           f14, f14, f11       f14=xxxxxxxx f14:40904f83 f11:406a3f7c
15803566ns          294267 1c00822a 68e776c3 fmadd.s          f13, f14, f14, f13  f13=xxxxxxxx f14:3f597e28 f14:3f597e28 f13:42794b00
15803586ns          294268 1c008222 0046270b p.lw             x14, 4(x12!)        x14=406a996b x12=1000179c x12:10001798  PA:10001798
15803626ns          294270 1c008226 08b77753 fsub.s           f14, f14, f11       f14=xxxxxxxx f14:406a996b f11:406a3f7c
15803646ns          294271 1c00822a 68e776c3 fmadd.s          f13, f14, f14, f13  f13=xxxxxxxx f14:3bb3de00 f14:3bb3de00 f13:427c2e1c
15803666ns          294272 1c008222 0046270b p.lw             x14, 4(x12!)        x14=406b2f3f x12=100017a0 x12:1000179c  PA:1000179c
15803707ns          294274 1c008226 08b77753 fsub.s           f14, f14, f11       f14=xxxxxxxx f14:406b2f3f f11:406a3f7c
15803727ns          294275 1c00822a 68e776c3 fmadd.s          f13, f14, f14, f13  f13=xxxxxxxx f14:3c6fc300 f14:3c6fc300 f13:427c2e24
15803747ns          294276 1c008222 0046270b p.lw             x14, 4(x12!)        x14=40639f34 x12=100017a4 x12:100017a0  PA:100017a0
15803787ns          294278 1c008226 08b77753 fsub.s           f14, f14, f11       f14=xxxxxxxx f14:40639f34 f11:406a3f7c
15803807ns          294279 1c00822a 68e776c3 fmadd.s          f13, f14, f14, f13  f13=xxxxxxxx f14:bdd40900 f14:bdd40900 f13:427c2e5c
15803827ns          294280 1c008222 0046270b p.lw             x14, 4(x12!)        x14=408cdbef x12=100017a8 x12:100017a4  PA:100017a4
15803867ns          294282 1c008226 08b77753 fsub.s           f14, f14, f11       f14=xxxxxxxx f14:408cdbef f11:406a3f7c
15803887ns          294283 1c00822a 68e776c3 fmadd.s          f13, f14, f14, f13  f13=xxxxxxxx f14:3f3de188 f14:3f3de188 f13:427c3956
15803907ns          294284 1c008222 0046270b p.lw             x14, 4(x12!)        x14=407c2d16 x12=100017ac x12:100017a8  PA:100017a8
15803947ns          294286 1c008226 08b77753 fsub.s           f14, f14, f11       f14=xxxxxxxx f14:407c2d16 f11:406a3f7c
15803967ns          294287 1c00822a 68e776c3 fmadd.s          f13, f14, f14, f13  f13=xxxxxxxx f14:3e8f6cd0 f14:3e8f6cd0 f13:427e6cb1
15803987ns          294288 1c008222 0046270b p.lw             x14, 4(x12!)        x14=408e155a x12=100017b0 x12:100017ac  PA:100017ac
15804028ns          294290 1c008226 08b77753 fsub.s           f14, f14, f11       f14=xxxxxxxx f14:408e155a f11:406a3f7c
15804048ns          294291 1c00822a 68e776c3 fmadd.s          f13, f14, f14, f13  f13=xxxxxxxx f14:3f47ace0 f14:3f47ace0 f13:427ebd0c
15804068ns          294292 1c008222 0046270b p.lw             x14, 4(x12!)        x14=408e982a x12=100017b4 x12:100017b0  PA:100017b0
15804108ns          294294 1c008226 08b77753 fsub.s           f14, f14, f11       f14=xxxxxxxx f14:408e982a f11:406a3f7c
15804128ns          294295 1c00822a 68e776c3 fmadd.s          f13, f14, f14, f13  f13=xxxxxxxx f14:3f4bc360 f14:3f4bc360 f13:42809602
15804148ns          294296 1c008222 0046270b p.lw             x14, 4(x12!)        x14=4090b2b4 x12=100017b8 x12:100017b4  PA:100017b4
15804188ns          294298 1c008226 08b77753 fsub.s           f14, f14, f11       f14=xxxxxxxx f14:4090b2b4 f11:406a3f7c
15804208ns          294299 1c00822a 68e776c3 fmadd.s          f13, f14, f14, f13  f13=xxxxxxxx f14:3f5c97b0 f14:3f5c97b0 f13:4281da61
15804228ns          294300 1c008222 0046270b p.lw             x14, 4(x12!)        x14=408f0ae4 x12=100017bc x12:100017b8  PA:100017b8
15804268ns          294302 1c008226 08b77753 fsub.s           f14, f14, f11       f14=xxxxxxxx f14:408f0ae4 f11:406a3f7c
15804288ns          294303 1c00822a 68e776c3 fmadd.s          f13, f14, f14, f13  f13=xxxxxxxx f14:3f4f5930 f14:3f4f5930 f13:4283568b
15804308ns          294304 1c008222 0046270b p.lw             x14, 4(x12!)        x14=4080b54d x12=100017c0 x12:100017bc  PA:100017bc
15804349ns          294306 1c008226 08b77753 fsub.s           f14, f14, f11       f14=xxxxxxxx f14:4080b54d f11:406a3f7c
15804369ns          294307 1c00822a 68e776c3 fmadd.s          f13, f14, f14, f13  f13=xxxxxxxx f14:3eb958f0 f14:3eb958f0 f13:4284a66e
15804389ns          294308 1c008222 0046270b p.lw             x14, 4(x12!)        x14=40811696 x12=100017c4 x12:100017c0  PA:100017c0
15804429ns          294310 1c008226 08b77753 fsub.s           f14, f14, f11       f14=xxxxxxxx f14:40811696 f11:406a3f7c
15804449ns          294311 1c00822a 68e776c3 fmadd.s          f13, f14, f14, f13  f13=xxxxxxxx f14:3ebf6d80 f14:3ebf6d80 f13:4284e987
15804469ns          294312 1c008222 0046270b p.lw             x14, 4(x12!)        x14=407f37ae x12=100017c8 x12:100017c4  PA:100017c4
15804509ns          294314 1c008226 08b77753 fsub.s           f14, f14, f11       f14=xxxxxxxx f14:407f37ae f11:406a3f7c
15804529ns          294315 1c00822a 68e776c3 fmadd.s          f13, f14, f14, f13  f13=xxxxxxxx f14:3ea7c190 f14:3ea7c190 f13:42853119
15804549ns          294316 1c008222 0046270b p.lw             x14, 4(x12!)        x14=40291ccc x12=100017cc x12:100017c8  PA:100017c8
15804589ns          294318 1c008226 08b77753 fsub.s           f14, f14, f11       f14=xxxxxxxx f14:40291ccc f11:406a3f7c
15804609ns          294319 1c00822a 68e776c3 fmadd.s          f13, f14, f14, f13  f13=xxxxxxxx f14:bf824560 f14:bf824560 f13:42856810
15804630ns          294320 1c008222 0046270b p.lw             x14, 4(x12!)        x14=408b7913 x12=100017d0 x12:100017cc  PA:100017cc
15804670ns          294322 1c008226 08b77753 fsub.s           f14, f14, f11       f14=xxxxxxxx f14:408b7913 f11:406a3f7c
15804690ns          294323 1c00822a 68e776c3 fmadd.s          f13, f14, f14, f13  f13=xxxxxxxx f14:3f32caa8 f14:3f32caa8 f13:42877a64
15804710ns          294324 1c008222 0046270b p.lw             x14, 4(x12!)        x14=4009860b x12=100017d4 x12:100017d0  PA:100017d0
15804750ns          294326 1c008226 08b77753 fsub.s           f14, f14, f11       f14=xxxxxxxx f14:4009860b f11:406a3f7c
15804770ns          294327 1c00822a 68e776c3 fmadd.s          f13, f14, f14, f13  f13=xxxxxxxx f14:bfc172e2 f14:bfc172e2 f13:42887421
15804790ns          294328 1c008222 0046270b p.lw             x14, 4(x12!)        x14=408d9fc1 x12=100017d8 x12:100017d4  PA:100017d4
15804830ns          294330 1c008226 08b77753 fsub.s           f14, f14, f11       f14=xxxxxxxx f14:408d9fc1 f11:406a3f7c
15804850ns          294331 1c00822a 68e776c3 fmadd.s          f13, f14, f14, f13  f13=xxxxxxxx f14:3f440018 f14:3f440018 f13:428d0594
15805272ns          294352 1c00822e 00449793 slli             x15, x9, 0x4        x15=00000020  x9:00000002
15805292ns          294353 1c008232 012787b3 add              x15, x15, x18       x15=1c010020 x15:00000020 x18:1c010000
15805312ns          294354 1c008234 6407aa83 lw               x21, 1600(x15)      x21=43b70213 x15:1c010020  PA:1c010660
15805733ns          294375 1c008238 00249493 slli             x9, x9, 0x2          x9=00000008  x9:00000002
15805753ns          294376 1c00823a 00148793 addi             x15, x9, 1          x15=00000009  x9:00000008
15805813ns          294379 1c00823e 1c000637 lui              x12, 0x1c000000     x12=1c000000
15805854ns          294381 1c008242 a1598753 fle.s            x14, f19, f21       x14=00000001 f19:43b70199 f21:43b70213
15805874ns          294382 1c008246 00279793 slli             x15, x15, 0x2       x15=00000024 x15:00000009
15805894ns          294383 1c008248 02462403 lw               x8, 36(x12)          x8=3c257eb5 x12:1c000000  PA:1c000024
15806335ns          294405 1c00824c 012787b3 add              x15, x15, x18       x15=1c010024 x15:00000024 x18:1c010000
15806375ns          294407 1c00824e 1086f453 fmul.s           f8, f13, f8          f8=xxxxxxxx f13:428e31b4  f8:3c257eb5
15806415ns          294409 1c008252 6407aa03 lw               x20, 1600(x15)      x20=43b70123 x15:1c010024  PA:1c010664
15806857ns          294431 1c008256 1c071063 bne              x14, x0, 448        x14:00000001
15807419ns          294459 1c008416 a13a07d3 fle.s            x15, f20, f19       x15=00000001 f20:43b70123 f19:43b70199
15807439ns          294460 1c00841a 00100693 addi             x13, x0, 1          x13=00000001
15807459ns          294461 1c00841c f80798e3 bne              x15, x0, -112       x15:00000001
15808362ns          294506 1c0083ac 00248793 addi             x15, x9, 2          x15=0000000a  x9:00000008
15808843ns          294530 1c0083b0 00279793 slli             x15, x15, 0x2       x15=00000028 x15:0000000a
15808863ns          294531 1c0083b2 012787b3 add              x15, x15, x18       x15=1c010028 x15:00000028 x18:1c010000
15808883ns          294532 1c0083b4 6407a983 lw               x19, 1600(x15)      x19=3f37d950 x15:1c010028  PA:1c010668
15809305ns          294553 1c0083b8 00348493 addi             x9, x9, 3            x9=0000000b  x9:00000008
15809325ns          294554 1c0083ba a1340753 fle.s            x14, f8, f19        x14=00000001  f8:3f37d8d4 f19:3f37d950
15809385ns          294557 1c0083be 00249793 slli             x15, x9, 0x2        x15=0000002c  x9:0000000b
15809405ns          294558 1c0083c2 00f90933 add              x18, x18, x15       x18=1c01002c x18:1c010000 x15:0000002c
15809425ns          294559 1c0083c4 64092483 lw               x9, 1600(x18)        x9=3f37d860 x18:1c01002c  PA:1c01066c
15809847ns          294580 1c0083c8 08070963 beq              x14, x0, 146        x14:00000001
15809867ns          294581 1c0083ca a08487d3 fle.s            x15, f9, f8         x15=00000001  f9:3f37d860  f8:3f37d8d4
15809887ns          294582 1c0083ce 08078663 beq              x15, x0, 140        x15:00000001
15809947ns          294585 1c0083d0 f14025f3 csrrs            x11, x0, 0xf14      x11=00000002
15809987ns          294587 1c0083d4 f455b5b3 p.bclr           x11, x11, 26, 5     x11=00000002 x11:00000002
15810007ns          294588 1c0083d8 1c068d63 beq              x13, x0, 474        x13:00000001
15810027ns          294589 1c0083dc 1c000537 lui              x10, 0x1c000000     x10=1c000000
15810448ns          294610 1c0083e0 0c050513 addi             x10, x10, 192       x10=1c0000c0 x10:1c000000
15810489ns          294612 1c0083e4 1bb000ef jal              x1, 2490             x1=1c0083e8
15810569ns          294616 1c008d9e fc010113 addi             x2, x2, -64          x2=10001608  x2:10001648
15810649ns          294620 1c008da0 02410313 addi             x6, x2, 36           x6=1000162c  x2:10001608
15810689ns          294622 1c008da4 02c12423 sw               x12, 40(x2)         x12:1c000000  x2:10001608  PA:10001630
15810709ns          294623 1c008da6 00a00633 add              x12, x0, x10        x12=1c0000c0 x10:1c0000c0
15810729ns          294624 1c008da8 1c009537 lui              x10, 0x1c009000     x10=1c009000
15810749ns          294625 1c008dac 02b12223 sw               x11, 36(x2)         x11:00000002  x2:10001608  PA:1000162c
15810770ns          294626 1c008dae 02d12623 sw               x13, 44(x2)         x13:00000001  x2:10001608  PA:10001634
15810790ns          294627 1c008db0 00200593 addi             x11, x0, 2          x11=00000002
15810810ns          294628 1c008db2 006006b3 add              x13, x0, x6         x13=1000162c  x6:1000162c
15810830ns          294629 1c008db4 d3250513 addi             x10, x10, -718      x10=1c008d32 x10:1c009000
15810850ns          294630 1c008db8 00112e23 sw               x1, 28(x2)           x1:1c0083e8  x2:10001608  PA:10001624
15810870ns          294631 1c008dba 02e12823 sw               x14, 48(x2)         x14:00000001  x2:10001608  PA:10001638
15810890ns          294632 1c008dbc 02f12a23 sw               x15, 52(x2)         x15:00000001  x2:10001608  PA:1000163c
15810910ns          294633 1c008dbe 03012c23 sw               x16, 56(x2)         x16:xxxxxxxx  x2:10001608  PA:10001640
15810930ns          294634 1c008dc0 03112e23 sw               x17, 60(x2)         x17:xxxxxxxx  x2:10001608  PA:10001644
15810950ns          294635 1c008dc2 00612623 sw               x6, 12(x2)           x6:1000162c  x2:10001608  PA:10001614
15810970ns          294636 1c008dc4 fbfff0ef jal              x1, -66              x1=1c008dc6
15811050ns          294640 1c008d82 04a0006f jal              x0, 74             
15811091ns          294642 1c008dcc ed010113 addi             x2, x2, -304         x2=100014d8  x2:10001608
15811151ns          294645 1c008dce 12812423 sw               x8, 296(x2)          x8:3f37d8d4  x2:100014d8  PA:10001600
15811171ns          294646 1c008dd2 00000413 addi             x8, x0, 0            x8=00000000
15811191ns          294647 1c008dd4 11612823 sw               x22, 272(x2)        x22:xxxxxxxx  x2:100014d8  PA:100015e8
15811211ns          294648 1c008dd8 11712623 sw               x23, 268(x2)        x23:xxxxxxxx  x2:100014d8  PA:100015e4
15811231ns          294649 1c008ddc 11812423 sw               x24, 264(x2)        x24:xxxxxxxx  x2:100014d8  PA:100015e0
15811291ns          294652 1c008de0 11912223 sw               x25, 260(x2)        x25:xxxxxxxx  x2:100014d8  PA:100015dc
15811331ns          294654 1c008de4 11a12023 sw               x26, 256(x2)        x26:xxxxxxxx  x2:100014d8  PA:100015d8
15811351ns          294655 1c008de8 0fb12e23 sw               x27, 252(x2)        x27:xxxxxxxx  x2:100014d8  PA:100015d4
15811371ns          294656 1c008dea 12112623 sw               x1, 300(x2)          x1:1c008dc6  x2:100014d8  PA:10001604
15811392ns          294657 1c008dee 00800db3 add              x27, x0, x8         x27=00000000  x8:00000000
15811813ns          294678 1c008df0 12912223 sw               x9, 292(x2)          x9:3f37d860  x2:100014d8  PA:100015fc
15811853ns          294680 1c008df4 13212023 sw               x18, 288(x2)        x18:1c01002c  x2:100014d8  PA:100015f8
15811873ns          294681 1c008df8 11312e23 sw               x19, 284(x2)        x19:3f37d950  x2:100014d8  PA:100015f4
15811893ns          294682 1c008dfc 11412c23 sw               x20, 280(x2)        x20:43b70123  x2:100014d8  PA:100015f0
15811953ns          294685 1c008e00 11512a23 sw               x21, 276(x2)        x21:43b70213  x2:100014d8  PA:100015ec
15811994ns          294687 1c008e04 00a00b33 add              x22, x0, x10        x22=1c008d32 x10:1c008d32
15812014ns          294688 1c008e06 00b00d33 add              x26, x0, x11        x26=00000002 x11:00000002
15812034ns          294689 1c008e08 00d00c33 add              x24, x0, x13        x24=1000162c x13:1000162c
15812054ns          294690 1c008e0a 1c000bb7 lui              x23, 0x1c000000     x23=1c000000
15812475ns          294711 1c008e0e 02410c93 addi             x25, x2, 36         x25=100014fc  x2:100014d8
15812495ns          294712 1c008e12 00c00433 add              x8, x0, x12          x8=1c0000c0 x12:1c0000c0
15812515ns          294713 1c008e14 00044503 lbu              x10, 0(x8)          x10=0000006b  x8:1c0000c0  PA:1c0000c0
15812836ns          294729 1c008e18 00140413 addi             x8, x8, 1            x8=1c0000c1  x8:1c0000c0
15812856ns          294730 1c008e1a 00050e63 beq              x10, x0, 28         x10:0000006b
15812876ns          294731 1c008e1c 02500793 addi             x15, x0, 37         x15=00000025
15812896ns          294732 1c008e20 04f50863 beq              x10, x15, 80        x10:0000006b x15:00000025
15812917ns          294733 1c008e24 01a005b3 add              x11, x0, x26        x11=00000002 x26:00000002
15812937ns          294734 1c008e26 000b00e7 jalr             x1, x22, 0           x1=1c008e28 x22:1c008d32
15813077ns          294741 1c008d32 000026b7 lui              x13, 0x2000         x13=00002000
15813117ns          294743 1c008d34 f14027f3 csrrs            x15, x0, 0xf14      x15=00000002
15813137ns          294744 1c008d38 f8068693 addi             x13, x13, -128      x13=00001f80 x13:00002000
15813157ns          294745 1c008d3c 00379713 slli             x14, x15, 0x3       x14=00000010 x15:00000002
15813218ns          294748 1c008d40 00279793 slli             x15, x15, 0x2       x15=00000008 x15:00000002
15813238ns          294749 1c008d42 00d7f7b3 and              x15, x15, x13       x15=00000000 x15:00000008 x13:00001f80
15813258ns          294750 1c008d44 ee873733 p.bclr           x14, x14, 23, 8     x14=00000010 x14:00000010
15813278ns          294751 1c008d48 1a10f6b7 lui              x13, 0x1a10f000     x13=1a10f000
15813298ns          294752 1c008d4c 0ff57513 andi             x10, x10, 255       x10=0000006b x10:0000006b
15813358ns          294755 1c008d50 00d70733 add              x14, x14, x13       x14=1a10f010 x14:00000010 x13:1a10f000
15813398ns          294757 1c008d52 00a7e723 p.sw             x10, x0(x15)        x10:0000006b x15:00000000  PA:1a10f010
15813779ns          294776 1c008d56 00000513 addi             x10, x0, 0          x10=00000000
15813799ns          294777 1c008d58 00008067 jalr             x0, x1, 0            x1:1c008e28
15813840ns          294779 1c008e28 31f52563 p.beqimm         x10, 778            x10:00000000
15813860ns          294780 1c008e2c 001d8d93 addi             x27, x27, 1         x27=00000001 x27:00000000
15813880ns          294781 1c008e2e 00044503 lbu              x10, 0(x8)          x10=00000065  x8:1c0000c1  PA:1c0000c1
15814181ns          294796 1c008e32 00140413 addi             x8, x8, 1            x8=1c0000c2  x8:1c0000c1
15814201ns          294797 1c008e34 fe0514e3 bne              x10, x0, -24        x10:00000065
15814261ns          294800 1c008e1c 02500793 addi             x15, x0, 37         x15=00000025
15814281ns          294801 1c008e20 04f50863 beq              x10, x15, 80        x10:00000065 x15:00000025
15814301ns          294802 1c008e24 01a005b3 add              x11, x0, x26        x11=00000002 x26:00000002
15814321ns          294803 1c008e26 000b00e7 jalr             x1, x22, 0           x1=1c008e28 x22:1c008d32
15814361ns          294805 1c008d32 000026b7 lui              x13, 0x2000         x13=00002000
15814381ns          294806 1c008d34 f14027f3 csrrs            x15, x0, 0xf14      x15=00000002
15814401ns          294807 1c008d38 f8068693 addi             x13, x13, -128      x13=00001f80 x13:00002000
15814421ns          294808 1c008d3c 00379713 slli             x14, x15, 0x3       x14=00000010 x15:00000002
15814441ns          294809 1c008d40 00279793 slli             x15, x15, 0x2       x15=00000008 x15:00000002
15814462ns          294810 1c008d42 00d7f7b3 and              x15, x15, x13       x15=00000000 x15:00000008 x13:00001f80
15814482ns          294811 1c008d44 ee873733 p.bclr           x14, x14, 23, 8     x14=00000010 x14:00000010
15814502ns          294812 1c008d48 1a10f6b7 lui              x13, 0x1a10f000     x13=1a10f000
15814522ns          294813 1c008d4c 0ff57513 andi             x10, x10, 255       x10=00000065 x10:00000065
15814542ns          294814 1c008d50 00d70733 add              x14, x14, x13       x14=1a10f010 x14:00000010 x13:1a10f000
15814562ns          294815 1c008d52 00a7e723 p.sw             x10, x0(x15)        x10:00000065 x15:00000000  PA:1a10f010
15814883ns          294831 1c008d56 00000513 addi             x10, x0, 0          x10=00000000
15814903ns          294832 1c008d58 00008067 jalr             x0, x1, 0            x1:1c008e28
15814943ns          294834 1c008e28 31f52563 p.beqimm         x10, 778            x10:00000000
15814963ns          294835 1c008e2c 001d8d93 addi             x27, x27, 1         x27=00000002 x27:00000001
15814983ns          294836 1c008e2e 00044503 lbu              x10, 0(x8)          x10=00000072  x8:1c0000c2  PA:1c0000c2
15815284ns          294851 1c008e32 00140413 addi             x8, x8, 1            x8=1c0000c3  x8:1c0000c2
15815304ns          294852 1c008e34 fe0514e3 bne              x10, x0, -24        x10:00000072
15815364ns          294855 1c008e1c 02500793 addi             x15, x0, 37         x15=00000025
15815385ns          294856 1c008e20 04f50863 beq              x10, x15, 80        x10:00000072 x15:00000025
15815405ns          294857 1c008e24 01a005b3 add              x11, x0, x26        x11=00000002 x26:00000002
15815425ns          294858 1c008e26 000b00e7 jalr             x1, x22, 0           x1=1c008e28 x22:1c008d32
15815465ns          294860 1c008d32 000026b7 lui              x13, 0x2000         x13=00002000
15815485ns          294861 1c008d34 f14027f3 csrrs            x15, x0, 0xf14      x15=00000002
15815505ns          294862 1c008d38 f8068693 addi             x13, x13, -128      x13=00001f80 x13:00002000
15815525ns          294863 1c008d3c 00379713 slli             x14, x15, 0x3       x14=00000010 x15:00000002
15815545ns          294864 1c008d40 00279793 slli             x15, x15, 0x2       x15=00000008 x15:00000002
15815565ns          294865 1c008d42 00d7f7b3 and              x15, x15, x13       x15=00000000 x15:00000008 x13:00001f80
15815585ns          294866 1c008d44 ee873733 p.bclr           x14, x14, 23, 8     x14=00000010 x14:00000010
15815605ns          294867 1c008d48 1a10f6b7 lui              x13, 0x1a10f000     x13=1a10f000
15815625ns          294868 1c008d4c 0ff57513 andi             x10, x10, 255       x10=00000072 x10:00000072
15815645ns          294869 1c008d50 00d70733 add              x14, x14, x13       x14=1a10f010 x14:00000010 x13:1a10f000
15815665ns          294870 1c008d52 00a7e723 p.sw             x10, x0(x15)        x10:00000072 x15:00000000  PA:1a10f010
15815987ns          294886 1c008d56 00000513 addi             x10, x0, 0          x10=00000000
15816007ns          294887 1c008d58 00008067 jalr             x0, x1, 0            x1:1c008e28
15816047ns          294889 1c008e28 31f52563 p.beqimm         x10, 778            x10:00000000
15816067ns          294890 1c008e2c 001d8d93 addi             x27, x27, 1         x27=00000003 x27:00000002
15816087ns          294891 1c008e2e 00044503 lbu              x10, 0(x8)          x10=0000006e  x8:1c0000c3  PA:1c0000c3
15816388ns          294906 1c008e32 00140413 addi             x8, x8, 1            x8=1c0000c4  x8:1c0000c3
15816408ns          294907 1c008e34 fe0514e3 bne              x10, x0, -24        x10:0000006e
15816468ns          294910 1c008e1c 02500793 addi             x15, x0, 37         x15=00000025
15816488ns          294911 1c008e20 04f50863 beq              x10, x15, 80        x10:0000006e x15:00000025
15816508ns          294912 1c008e24 01a005b3 add              x11, x0, x26        x11=00000002 x26:00000002
15816528ns          294913 1c008e26 000b00e7 jalr             x1, x22, 0           x1=1c008e28 x22:1c008d32
15816568ns          294915 1c008d32 000026b7 lui              x13, 0x2000         x13=00002000
15816588ns          294916 1c008d34 f14027f3 csrrs            x15, x0, 0xf14      x15=00000002
15816609ns          294917 1c008d38 f8068693 addi             x13, x13, -128      x13=00001f80 x13:00002000
15816629ns          294918 1c008d3c 00379713 slli             x14, x15, 0x3       x14=00000010 x15:00000002
15816649ns          294919 1c008d40 00279793 slli             x15, x15, 0x2       x15=00000008 x15:00000002
15816669ns          294920 1c008d42 00d7f7b3 and              x15, x15, x13       x15=00000000 x15:00000008 x13:00001f80
15816689ns          294921 1c008d44 ee873733 p.bclr           x14, x14, 23, 8     x14=00000010 x14:00000010
15816709ns          294922 1c008d48 1a10f6b7 lui              x13, 0x1a10f000     x13=1a10f000
15816729ns          294923 1c008d4c 0ff57513 andi             x10, x10, 255       x10=0000006e x10:0000006e
15816749ns          294924 1c008d50 00d70733 add              x14, x14, x13       x14=1a10f010 x14:00000010 x13:1a10f000
15816769ns          294925 1c008d52 00a7e723 p.sw             x10, x0(x15)        x10:0000006e x15:00000000  PA:1a10f010
15817090ns          294941 1c008d56 00000513 addi             x10, x0, 0          x10=00000000
15817110ns          294942 1c008d58 00008067 jalr             x0, x1, 0            x1:1c008e28
15817150ns          294944 1c008e28 31f52563 p.beqimm         x10, 778            x10:00000000
15817170ns          294945 1c008e2c 001d8d93 addi             x27, x27, 1         x27=00000004 x27:00000003
15817190ns          294946 1c008e2e 00044503 lbu              x10, 0(x8)          x10=00000065  x8:1c0000c4  PA:1c0000c4
15817491ns          294961 1c008e32 00140413 addi             x8, x8, 1            x8=1c0000c5  x8:1c0000c4
15817511ns          294962 1c008e34 fe0514e3 bne              x10, x0, -24        x10:00000065
15817572ns          294965 1c008e1c 02500793 addi             x15, x0, 37         x15=00000025
15817592ns          294966 1c008e20 04f50863 beq              x10, x15, 80        x10:00000065 x15:00000025
15817612ns          294967 1c008e24 01a005b3 add              x11, x0, x26        x11=00000002 x26:00000002
15817632ns          294968 1c008e26 000b00e7 jalr             x1, x22, 0           x1=1c008e28 x22:1c008d32
15817672ns          294970 1c008d32 000026b7 lui              x13, 0x2000         x13=00002000
15817692ns          294971 1c008d34 f14027f3 csrrs            x15, x0, 0xf14      x15=00000002
15817712ns          294972 1c008d38 f8068693 addi             x13, x13, -128      x13=00001f80 x13:00002000
15817732ns          294973 1c008d3c 00379713 slli             x14, x15, 0x3       x14=00000010 x15:00000002
15817752ns          294974 1c008d40 00279793 slli             x15, x15, 0x2       x15=00000008 x15:00000002
15817772ns          294975 1c008d42 00d7f7b3 and              x15, x15, x13       x15=00000000 x15:00000008 x13:00001f80
15817792ns          294976 1c008d44 ee873733 p.bclr           x14, x14, 23, 8     x14=00000010 x14:00000010
15817812ns          294977 1c008d48 1a10f6b7 lui              x13, 0x1a10f000     x13=1a10f000
15817833ns          294978 1c008d4c 0ff57513 andi             x10, x10, 255       x10=00000065 x10:00000065
15817853ns          294979 1c008d50 00d70733 add              x14, x14, x13       x14=1a10f010 x14:00000010 x13:1a10f000
15817873ns          294980 1c008d52 00a7e723 p.sw             x10, x0(x15)        x10:00000065 x15:00000000  PA:1a10f010
15818214ns          294997 1c008d56 00000513 addi             x10, x0, 0          x10=00000000
15818234ns          294998 1c008d58 00008067 jalr             x0, x1, 0            x1:1c008e28
15818274ns          295000 1c008e28 31f52563 p.beqimm         x10, 778            x10:00000000
15818294ns          295001 1c008e2c 001d8d93 addi             x27, x27, 1         x27=00000005 x27:00000004
15818314ns          295002 1c008e2e 00044503 lbu              x10, 0(x8)          x10=0000006c  x8:1c0000c5  PA:1c0000c5
15818615ns          295017 1c008e32 00140413 addi             x8, x8, 1            x8=1c0000c6  x8:1c0000c5
15818635ns          295018 1c008e34 fe0514e3 bne              x10, x0, -24        x10:0000006c
15818695ns          295021 1c008e1c 02500793 addi             x15, x0, 37         x15=00000025
15818715ns          295022 1c008e20 04f50863 beq              x10, x15, 80        x10:0000006c x15:00000025
15818735ns          295023 1c008e24 01a005b3 add              x11, x0, x26        x11=00000002 x26:00000002
15818756ns          295024 1c008e26 000b00e7 jalr             x1, x22, 0           x1=1c008e28 x22:1c008d32
15818796ns          295026 1c008d32 000026b7 lui              x13, 0x2000         x13=00002000
15818816ns          295027 1c008d34 f14027f3 csrrs            x15, x0, 0xf14      x15=00000002
15818836ns          295028 1c008d38 f8068693 addi             x13, x13, -128      x13=00001f80 x13:00002000
15818856ns          295029 1c008d3c 00379713 slli             x14, x15, 0x3       x14=00000010 x15:00000002
15818876ns          295030 1c008d40 00279793 slli             x15, x15, 0x2       x15=00000008 x15:00000002
15818896ns          295031 1c008d42 00d7f7b3 and              x15, x15, x13       x15=00000000 x15:00000008 x13:00001f80
15818916ns          295032 1c008d44 ee873733 p.bclr           x14, x14, 23, 8     x14=00000010 x14:00000010
15818936ns          295033 1c008d48 1a10f6b7 lui              x13, 0x1a10f000     x13=1a10f000
15818956ns          295034 1c008d4c 0ff57513 andi             x10, x10, 255       x10=0000006c x10:0000006c
15818976ns          295035 1c008d50 00d70733 add              x14, x14, x13       x14=1a10f010 x14:00000010 x13:1a10f000
15818996ns          295036 1c008d52 00a7e723 p.sw             x10, x0(x15)        x10:0000006c x15:00000000  PA:1a10f010
15819317ns          295052 1c008d56 00000513 addi             x10, x0, 0          x10=00000000
15819337ns          295053 1c008d58 00008067 jalr             x0, x1, 0            x1:1c008e28
15819378ns          295055 1c008e28 31f52563 p.beqimm         x10, 778            x10:00000000
15819398ns          295056 1c008e2c 001d8d93 addi             x27, x27, 1         x27=00000006 x27:00000005
15819418ns          295057 1c008e2e 00044503 lbu              x10, 0(x8)          x10=00000020  x8:1c0000c6  PA:1c0000c6
15819719ns          295072 1c008e32 00140413 addi             x8, x8, 1            x8=1c0000c7  x8:1c0000c6
15819739ns          295073 1c008e34 fe0514e3 bne              x10, x0, -24        x10:00000020
15819799ns          295076 1c008e1c 02500793 addi             x15, x0, 37         x15=00000025
15819819ns          295077 1c008e20 04f50863 beq              x10, x15, 80        x10:00000020 x15:00000025
15819839ns          295078 1c008e24 01a005b3 add              x11, x0, x26        x11=00000002 x26:00000002
15819859ns          295079 1c008e26 000b00e7 jalr             x1, x22, 0           x1=1c008e28 x22:1c008d32
15819899ns          295081 1c008d32 000026b7 lui              x13, 0x2000         x13=00002000
15819919ns          295082 1c008d34 f14027f3 csrrs            x15, x0, 0xf14      x15=00000002
15819939ns          295083 1c008d38 f8068693 addi             x13, x13, -128      x13=00001f80 x13:00002000
15819959ns          295084 1c008d3c 00379713 slli             x14, x15, 0x3       x14=00000010 x15:00000002
15819980ns          295085 1c008d40 00279793 slli             x15, x15, 0x2       x15=00000008 x15:00000002
15820000ns          295086 1c008d42 00d7f7b3 and              x15, x15, x13       x15=00000000 x15:00000008 x13:00001f80
15820020ns          295087 1c008d44 ee873733 p.bclr           x14, x14, 23, 8     x14=00000010 x14:00000010
15820040ns          295088 1c008d48 1a10f6b7 lui              x13, 0x1a10f000     x13=1a10f000
15820060ns          295089 1c008d4c 0ff57513 andi             x10, x10, 255       x10=00000020 x10:00000020
15820080ns          295090 1c008d50 00d70733 add              x14, x14, x13       x14=1a10f010 x14:00000010 x13:1a10f000
15820100ns          295091 1c008d52 00a7e723 p.sw             x10, x0(x15)        x10:00000020 x15:00000000  PA:1a10f010
15820421ns          295107 1c008d56 00000513 addi             x10, x0, 0          x10=00000000
15820441ns          295108 1c008d58 00008067 jalr             x0, x1, 0            x1:1c008e28
15820481ns          295110 1c008e28 31f52563 p.beqimm         x10, 778            x10:00000000
15820501ns          295111 1c008e2c 001d8d93 addi             x27, x27, 1         x27=00000007 x27:00000006
15820521ns          295112 1c008e2e 00044503 lbu              x10, 0(x8)          x10=00000070  x8:1c0000c7  PA:1c0000c7
15820822ns          295127 1c008e32 00140413 addi             x8, x8, 1            x8=1c0000c8  x8:1c0000c7
15820842ns          295128 1c008e34 fe0514e3 bne              x10, x0, -24        x10:00000070
15820903ns          295131 1c008e1c 02500793 addi             x15, x0, 37         x15=00000025
15820923ns          295132 1c008e20 04f50863 beq              x10, x15, 80        x10:00000070 x15:00000025
15820943ns          295133 1c008e24 01a005b3 add              x11, x0, x26        x11=00000002 x26:00000002
15820963ns          295134 1c008e26 000b00e7 jalr             x1, x22, 0           x1=1c008e28 x22:1c008d32
15821003ns          295136 1c008d32 000026b7 lui              x13, 0x2000         x13=00002000
15821023ns          295137 1c008d34 f14027f3 csrrs            x15, x0, 0xf14      x15=00000002
15821043ns          295138 1c008d38 f8068693 addi             x13, x13, -128      x13=00001f80 x13:00002000
15821063ns          295139 1c008d3c 00379713 slli             x14, x15, 0x3       x14=00000010 x15:00000002
15821083ns          295140 1c008d40 00279793 slli             x15, x15, 0x2       x15=00000008 x15:00000002
15821103ns          295141 1c008d42 00d7f7b3 and              x15, x15, x13       x15=00000000 x15:00000008 x13:00001f80
15821123ns          295142 1c008d44 ee873733 p.bclr           x14, x14, 23, 8     x14=00000010 x14:00000010
15821143ns          295143 1c008d48 1a10f6b7 lui              x13, 0x1a10f000     x13=1a10f000
15821163ns          295144 1c008d4c 0ff57513 andi             x10, x10, 255       x10=00000070 x10:00000070
15821183ns          295145 1c008d50 00d70733 add              x14, x14, x13       x14=1a10f010 x14:00000010 x13:1a10f000
15821204ns          295146 1c008d52 00a7e723 p.sw             x10, x0(x15)        x10:00000070 x15:00000000  PA:1a10f010
15821525ns          295162 1c008d56 00000513 addi             x10, x0, 0          x10=00000000
15821545ns          295163 1c008d58 00008067 jalr             x0, x1, 0            x1:1c008e28
15821585ns          295165 1c008e28 31f52563 p.beqimm         x10, 778            x10:00000000
15821605ns          295166 1c008e2c 001d8d93 addi             x27, x27, 1         x27=00000008 x27:00000007
15821625ns          295167 1c008e2e 00044503 lbu              x10, 0(x8)          x10=00000061  x8:1c0000c8  PA:1c0000c8
15821926ns          295182 1c008e32 00140413 addi             x8, x8, 1            x8=1c0000c9  x8:1c0000c8
15821946ns          295183 1c008e34 fe0514e3 bne              x10, x0, -24        x10:00000061
15822006ns          295186 1c008e1c 02500793 addi             x15, x0, 37         x15=00000025
15822026ns          295187 1c008e20 04f50863 beq              x10, x15, 80        x10:00000061 x15:00000025
15822046ns          295188 1c008e24 01a005b3 add              x11, x0, x26        x11=00000002 x26:00000002
15822066ns          295189 1c008e26 000b00e7 jalr             x1, x22, 0           x1=1c008e28 x22:1c008d32
15822106ns          295191 1c008d32 000026b7 lui              x13, 0x2000         x13=00002000
15822127ns          295192 1c008d34 f14027f3 csrrs            x15, x0, 0xf14      x15=00000002
15822147ns          295193 1c008d38 f8068693 addi             x13, x13, -128      x13=00001f80 x13:00002000
15822167ns          295194 1c008d3c 00379713 slli             x14, x15, 0x3       x14=00000010 x15:00000002
15822187ns          295195 1c008d40 00279793 slli             x15, x15, 0x2       x15=00000008 x15:00000002
15822207ns          295196 1c008d42 00d7f7b3 and              x15, x15, x13       x15=00000000 x15:00000008 x13:00001f80
15822227ns          295197 1c008d44 ee873733 p.bclr           x14, x14, 23, 8     x14=00000010 x14:00000010
15822247ns          295198 1c008d48 1a10f6b7 lui              x13, 0x1a10f000     x13=1a10f000
15822267ns          295199 1c008d4c 0ff57513 andi             x10, x10, 255       x10=00000061 x10:00000061
15822287ns          295200 1c008d50 00d70733 add              x14, x14, x13       x14=1a10f010 x14:00000010 x13:1a10f000
15822307ns          295201 1c008d52 00a7e723 p.sw             x10, x0(x15)        x10:00000061 x15:00000000  PA:1a10f010
15822628ns          295217 1c008d56 00000513 addi             x10, x0, 0          x10=00000000
15822648ns          295218 1c008d58 00008067 jalr             x0, x1, 0            x1:1c008e28
15822688ns          295220 1c008e28 31f52563 p.beqimm         x10, 778            x10:00000000
15822708ns          295221 1c008e2c 001d8d93 addi             x27, x27, 1         x27=00000009 x27:00000008
15822728ns          295222 1c008e2e 00044503 lbu              x10, 0(x8)          x10=00000073  x8:1c0000c9  PA:1c0000c9
15823029ns          295237 1c008e32 00140413 addi             x8, x8, 1            x8=1c0000ca  x8:1c0000c9
15823050ns          295238 1c008e34 fe0514e3 bne              x10, x0, -24        x10:00000073
15823110ns          295241 1c008e1c 02500793 addi             x15, x0, 37         x15=00000025
15823130ns          295242 1c008e20 04f50863 beq              x10, x15, 80        x10:00000073 x15:00000025
15823150ns          295243 1c008e24 01a005b3 add              x11, x0, x26        x11=00000002 x26:00000002
15823170ns          295244 1c008e26 000b00e7 jalr             x1, x22, 0           x1=1c008e28 x22:1c008d32
15823210ns          295246 1c008d32 000026b7 lui              x13, 0x2000         x13=00002000
15823230ns          295247 1c008d34 f14027f3 csrrs            x15, x0, 0xf14      x15=00000002
15823250ns          295248 1c008d38 f8068693 addi             x13, x13, -128      x13=00001f80 x13:00002000
15823270ns          295249 1c008d3c 00379713 slli             x14, x15, 0x3       x14=00000010 x15:00000002
15823290ns          295250 1c008d40 00279793 slli             x15, x15, 0x2       x15=00000008 x15:00000002
15823310ns          295251 1c008d42 00d7f7b3 and              x15, x15, x13       x15=00000000 x15:00000008 x13:00001f80
15823330ns          295252 1c008d44 ee873733 p.bclr           x14, x14, 23, 8     x14=00000010 x14:00000010
15823351ns          295253 1c008d48 1a10f6b7 lui              x13, 0x1a10f000     x13=1a10f000
15823371ns          295254 1c008d4c 0ff57513 andi             x10, x10, 255       x10=00000073 x10:00000073
15823391ns          295255 1c008d50 00d70733 add              x14, x14, x13       x14=1a10f010 x14:00000010 x13:1a10f000
15823411ns          295256 1c008d52 00a7e723 p.sw             x10, x0(x15)        x10:00000073 x15:00000000  PA:1a10f010
15823732ns          295272 1c008d56 00000513 addi             x10, x0, 0          x10=00000000
15823752ns          295273 1c008d58 00008067 jalr             x0, x1, 0            x1:1c008e28
15823792ns          295275 1c008e28 31f52563 p.beqimm         x10, 778            x10:00000000
15823812ns          295276 1c008e2c 001d8d93 addi             x27, x27, 1         x27=0000000a x27:00000009
15823832ns          295277 1c008e2e 00044503 lbu              x10, 0(x8)          x10=00000073  x8:1c0000ca  PA:1c0000ca
15824133ns          295292 1c008e32 00140413 addi             x8, x8, 1            x8=1c0000cb  x8:1c0000ca
15824153ns          295293 1c008e34 fe0514e3 bne              x10, x0, -24        x10:00000073
15824213ns          295296 1c008e1c 02500793 addi             x15, x0, 37         x15=00000025
15824233ns          295297 1c008e20 04f50863 beq              x10, x15, 80        x10:00000073 x15:00000025
15824253ns          295298 1c008e24 01a005b3 add              x11, x0, x26        x11=00000002 x26:00000002
15824274ns          295299 1c008e26 000b00e7 jalr             x1, x22, 0           x1=1c008e28 x22:1c008d32
15824314ns          295301 1c008d32 000026b7 lui              x13, 0x2000         x13=00002000
15824334ns          295302 1c008d34 f14027f3 csrrs            x15, x0, 0xf14      x15=00000002
15824354ns          295303 1c008d38 f8068693 addi             x13, x13, -128      x13=00001f80 x13:00002000
15824374ns          295304 1c008d3c 00379713 slli             x14, x15, 0x3       x14=00000010 x15:00000002
15824394ns          295305 1c008d40 00279793 slli             x15, x15, 0x2       x15=00000008 x15:00000002
15824414ns          295306 1c008d42 00d7f7b3 and              x15, x15, x13       x15=00000000 x15:00000008 x13:00001f80
15824434ns          295307 1c008d44 ee873733 p.bclr           x14, x14, 23, 8     x14=00000010 x14:00000010
15824454ns          295308 1c008d48 1a10f6b7 lui              x13, 0x1a10f000     x13=1a10f000
15824474ns          295309 1c008d4c 0ff57513 andi             x10, x10, 255       x10=00000073 x10:00000073
15824494ns          295310 1c008d50 00d70733 add              x14, x14, x13       x14=1a10f010 x14:00000010 x13:1a10f000
15824514ns          295311 1c008d52 00a7e723 p.sw             x10, x0(x15)        x10:00000073 x15:00000000  PA:1a10f010
15824835ns          295327 1c008d56 00000513 addi             x10, x0, 0          x10=00000000
15824855ns          295328 1c008d58 00008067 jalr             x0, x1, 0            x1:1c008e28
15824896ns          295330 1c008e28 31f52563 p.beqimm         x10, 778            x10:00000000
15824916ns          295331 1c008e2c 001d8d93 addi             x27, x27, 1         x27=0000000b x27:0000000a
15824936ns          295332 1c008e2e 00044503 lbu              x10, 0(x8)          x10=00000065  x8:1c0000cb  PA:1c0000cb
15825237ns          295347 1c008e32 00140413 addi             x8, x8, 1            x8=1c0000cc  x8:1c0000cb
15825257ns          295348 1c008e34 fe0514e3 bne              x10, x0, -24        x10:00000065
15825317ns          295351 1c008e1c 02500793 addi             x15, x0, 37         x15=00000025
15825337ns          295352 1c008e20 04f50863 beq              x10, x15, 80        x10:00000065 x15:00000025
15825357ns          295353 1c008e24 01a005b3 add              x11, x0, x26        x11=00000002 x26:00000002
15825377ns          295354 1c008e26 000b00e7 jalr             x1, x22, 0           x1=1c008e28 x22:1c008d32
15825417ns          295356 1c008d32 000026b7 lui              x13, 0x2000         x13=00002000
15825437ns          295357 1c008d34 f14027f3 csrrs            x15, x0, 0xf14      x15=00000002
15825457ns          295358 1c008d38 f8068693 addi             x13, x13, -128      x13=00001f80 x13:00002000
15825477ns          295359 1c008d3c 00379713 slli             x14, x15, 0x3       x14=00000010 x15:00000002
15825498ns          295360 1c008d40 00279793 slli             x15, x15, 0x2       x15=00000008 x15:00000002
15825518ns          295361 1c008d42 00d7f7b3 and              x15, x15, x13       x15=00000000 x15:00000008 x13:00001f80
15825538ns          295362 1c008d44 ee873733 p.bclr           x14, x14, 23, 8     x14=00000010 x14:00000010
15825558ns          295363 1c008d48 1a10f6b7 lui              x13, 0x1a10f000     x13=1a10f000
15825578ns          295364 1c008d4c 0ff57513 andi             x10, x10, 255       x10=00000065 x10:00000065
15825598ns          295365 1c008d50 00d70733 add              x14, x14, x13       x14=1a10f010 x14:00000010 x13:1a10f000
15825618ns          295366 1c008d52 00a7e723 p.sw             x10, x0(x15)        x10:00000065 x15:00000000  PA:1a10f010
15825959ns          295383 1c008d56 00000513 addi             x10, x0, 0          x10=00000000
15825979ns          295384 1c008d58 00008067 jalr             x0, x1, 0            x1:1c008e28
15826019ns          295386 1c008e28 31f52563 p.beqimm         x10, 778            x10:00000000
15826039ns          295387 1c008e2c 001d8d93 addi             x27, x27, 1         x27=0000000c x27:0000000b
15826059ns          295388 1c008e2e 00044503 lbu              x10, 0(x8)          x10=00000064  x8:1c0000cc  PA:1c0000cc
15826360ns          295403 1c008e32 00140413 addi             x8, x8, 1            x8=1c0000cd  x8:1c0000cc
15826380ns          295404 1c008e34 fe0514e3 bne              x10, x0, -24        x10:00000064
15826441ns          295407 1c008e1c 02500793 addi             x15, x0, 37         x15=00000025
15826461ns          295408 1c008e20 04f50863 beq              x10, x15, 80        x10:00000064 x15:00000025
15826481ns          295409 1c008e24 01a005b3 add              x11, x0, x26        x11=00000002 x26:00000002
15826501ns          295410 1c008e26 000b00e7 jalr             x1, x22, 0           x1=1c008e28 x22:1c008d32
15826541ns          295412 1c008d32 000026b7 lui              x13, 0x2000         x13=00002000
15826561ns          295413 1c008d34 f14027f3 csrrs            x15, x0, 0xf14      x15=00000002
15826581ns          295414 1c008d38 f8068693 addi             x13, x13, -128      x13=00001f80 x13:00002000
15826601ns          295415 1c008d3c 00379713 slli             x14, x15, 0x3       x14=00000010 x15:00000002
15826621ns          295416 1c008d40 00279793 slli             x15, x15, 0x2       x15=00000008 x15:00000002
15826641ns          295417 1c008d42 00d7f7b3 and              x15, x15, x13       x15=00000000 x15:00000008 x13:00001f80
15826661ns          295418 1c008d44 ee873733 p.bclr           x14, x14, 23, 8     x14=00000010 x14:00000010
15826681ns          295419 1c008d48 1a10f6b7 lui              x13, 0x1a10f000     x13=1a10f000
15826701ns          295420 1c008d4c 0ff57513 andi             x10, x10, 255       x10=00000064 x10:00000064
15826721ns          295421 1c008d50 00d70733 add              x14, x14, x13       x14=1a10f010 x14:00000010 x13:1a10f000
15826742ns          295422 1c008d52 00a7e723 p.sw             x10, x0(x15)        x10:00000064 x15:00000000  PA:1a10f010
15827083ns          295439 1c008d56 00000513 addi             x10, x0, 0          x10=00000000
15827103ns          295440 1c008d58 00008067 jalr             x0, x1, 0            x1:1c008e28
15827143ns          295442 1c008e28 31f52563 p.beqimm         x10, 778            x10:00000000
15827163ns          295443 1c008e2c 001d8d93 addi             x27, x27, 1         x27=0000000d x27:0000000c
15827183ns          295444 1c008e2e 00044503 lbu              x10, 0(x8)          x10=00000020  x8:1c0000cd  PA:1c0000cd
15827484ns          295459 1c008e32 00140413 addi             x8, x8, 1            x8=1c0000ce  x8:1c0000cd
15827504ns          295460 1c008e34 fe0514e3 bne              x10, x0, -24        x10:00000020
15827564ns          295463 1c008e1c 02500793 addi             x15, x0, 37         x15=00000025
15827584ns          295464 1c008e20 04f50863 beq              x10, x15, 80        x10:00000020 x15:00000025
15827604ns          295465 1c008e24 01a005b3 add              x11, x0, x26        x11=00000002 x26:00000002
15827624ns          295466 1c008e26 000b00e7 jalr             x1, x22, 0           x1=1c008e28 x22:1c008d32
15827665ns          295468 1c008d32 000026b7 lui              x13, 0x2000         x13=00002000
15827685ns          295469 1c008d34 f14027f3 csrrs            x15, x0, 0xf14      x15=00000002
15827705ns          295470 1c008d38 f8068693 addi             x13, x13, -128      x13=00001f80 x13:00002000
15827725ns          295471 1c008d3c 00379713 slli             x14, x15, 0x3       x14=00000010 x15:00000002
15827745ns          295472 1c008d40 00279793 slli             x15, x15, 0x2       x15=00000008 x15:00000002
15827765ns          295473 1c008d42 00d7f7b3 and              x15, x15, x13       x15=00000000 x15:00000008 x13:00001f80
15827785ns          295474 1c008d44 ee873733 p.bclr           x14, x14, 23, 8     x14=00000010 x14:00000010
15827805ns          295475 1c008d48 1a10f6b7 lui              x13, 0x1a10f000     x13=1a10f000
15827825ns          295476 1c008d4c 0ff57513 andi             x10, x10, 255       x10=00000020 x10:00000020
15827845ns          295477 1c008d50 00d70733 add              x14, x14, x13       x14=1a10f010 x14:00000010 x13:1a10f000
15827865ns          295478 1c008d52 00a7e723 p.sw             x10, x0(x15)        x10:00000020 x15:00000000  PA:1a10f010
15828206ns          295495 1c008d56 00000513 addi             x10, x0, 0          x10=00000000
15828226ns          295496 1c008d58 00008067 jalr             x0, x1, 0            x1:1c008e28
15828267ns          295498 1c008e28 31f52563 p.beqimm         x10, 778            x10:00000000
15828287ns          295499 1c008e2c 001d8d93 addi             x27, x27, 1         x27=0000000e x27:0000000d
15828307ns          295500 1c008e2e 00044503 lbu              x10, 0(x8)          x10=0000006f  x8:1c0000ce  PA:1c0000ce
15828608ns          295515 1c008e32 00140413 addi             x8, x8, 1            x8=1c0000cf  x8:1c0000ce
15828628ns          295516 1c008e34 fe0514e3 bne              x10, x0, -24        x10:0000006f
15828688ns          295519 1c008e1c 02500793 addi             x15, x0, 37         x15=00000025
15828708ns          295520 1c008e20 04f50863 beq              x10, x15, 80        x10:0000006f x15:00000025
15828728ns          295521 1c008e24 01a005b3 add              x11, x0, x26        x11=00000002 x26:00000002
15828748ns          295522 1c008e26 000b00e7 jalr             x1, x22, 0           x1=1c008e28 x22:1c008d32
15828788ns          295524 1c008d32 000026b7 lui              x13, 0x2000         x13=00002000
15828808ns          295525 1c008d34 f14027f3 csrrs            x15, x0, 0xf14      x15=00000002
15828828ns          295526 1c008d38 f8068693 addi             x13, x13, -128      x13=00001f80 x13:00002000
15828848ns          295527 1c008d3c 00379713 slli             x14, x15, 0x3       x14=00000010 x15:00000002
15828868ns          295528 1c008d40 00279793 slli             x15, x15, 0x2       x15=00000008 x15:00000002
15828889ns          295529 1c008d42 00d7f7b3 and              x15, x15, x13       x15=00000000 x15:00000008 x13:00001f80
15828909ns          295530 1c008d44 ee873733 p.bclr           x14, x14, 23, 8     x14=00000010 x14:00000010
15828929ns          295531 1c008d48 1a10f6b7 lui              x13, 0x1a10f000     x13=1a10f000
15828949ns          295532 1c008d4c 0ff57513 andi             x10, x10, 255       x10=0000006f x10:0000006f
15828969ns          295533 1c008d50 00d70733 add              x14, x14, x13       x14=1a10f010 x14:00000010 x13:1a10f000
15828989ns          295534 1c008d52 00a7e723 p.sw             x10, x0(x15)        x10:0000006f x15:00000000  PA:1a10f010
15829310ns          295550 1c008d56 00000513 addi             x10, x0, 0          x10=00000000
15829330ns          295551 1c008d58 00008067 jalr             x0, x1, 0            x1:1c008e28
15829370ns          295553 1c008e28 31f52563 p.beqimm         x10, 778            x10:00000000
15829390ns          295554 1c008e2c 001d8d93 addi             x27, x27, 1         x27=0000000f x27:0000000e
15829410ns          295555 1c008e2e 00044503 lbu              x10, 0(x8)          x10=0000006e  x8:1c0000cf  PA:1c0000cf
15829711ns          295570 1c008e32 00140413 addi             x8, x8, 1            x8=1c0000d0  x8:1c0000cf
15829731ns          295571 1c008e34 fe0514e3 bne              x10, x0, -24        x10:0000006e
15829791ns          295574 1c008e1c 02500793 addi             x15, x0, 37         x15=00000025
15829812ns          295575 1c008e20 04f50863 beq              x10, x15, 80        x10:0000006e x15:00000025
15829832ns          295576 1c008e24 01a005b3 add              x11, x0, x26        x11=00000002 x26:00000002
15829852ns          295577 1c008e26 000b00e7 jalr             x1, x22, 0           x1=1c008e28 x22:1c008d32
15829892ns          295579 1c008d32 000026b7 lui              x13, 0x2000         x13=00002000
15829912ns          295580 1c008d34 f14027f3 csrrs            x15, x0, 0xf14      x15=00000002
15829932ns          295581 1c008d38 f8068693 addi             x13, x13, -128      x13=00001f80 x13:00002000
15829952ns          295582 1c008d3c 00379713 slli             x14, x15, 0x3       x14=00000010 x15:00000002
15829972ns          295583 1c008d40 00279793 slli             x15, x15, 0x2       x15=00000008 x15:00000002
15829992ns          295584 1c008d42 00d7f7b3 and              x15, x15, x13       x15=00000000 x15:00000008 x13:00001f80
15830012ns          295585 1c008d44 ee873733 p.bclr           x14, x14, 23, 8     x14=00000010 x14:00000010
15830032ns          295586 1c008d48 1a10f6b7 lui              x13, 0x1a10f000     x13=1a10f000
15830052ns          295587 1c008d4c 0ff57513 andi             x10, x10, 255       x10=0000006e x10:0000006e
15830072ns          295588 1c008d50 00d70733 add              x14, x14, x13       x14=1a10f010 x14:00000010 x13:1a10f000
15830092ns          295589 1c008d52 00a7e723 p.sw             x10, x0(x15)        x10:0000006e x15:00000000  PA:1a10f010
15830434ns          295606 1c008d56 00000513 addi             x10, x0, 0          x10=00000000
15830454ns          295607 1c008d58 00008067 jalr             x0, x1, 0            x1:1c008e28
15830494ns          295609 1c008e28 31f52563 p.beqimm         x10, 778            x10:00000000
15830514ns          295610 1c008e2c 001d8d93 addi             x27, x27, 1         x27=00000010 x27:0000000f
15830534ns          295611 1c008e2e 00044503 lbu              x10, 0(x8)          x10=00000020  x8:1c0000d0  PA:1c0000d0
15830835ns          295626 1c008e32 00140413 addi             x8, x8, 1            x8=1c0000d1  x8:1c0000d0
15830855ns          295627 1c008e34 fe0514e3 bne              x10, x0, -24        x10:00000020
15830915ns          295630 1c008e1c 02500793 addi             x15, x0, 37         x15=00000025
15830935ns          295631 1c008e20 04f50863 beq              x10, x15, 80        x10:00000020 x15:00000025
15830955ns          295632 1c008e24 01a005b3 add              x11, x0, x26        x11=00000002 x26:00000002
15830975ns          295633 1c008e26 000b00e7 jalr             x1, x22, 0           x1=1c008e28 x22:1c008d32
15831015ns          295635 1c008d32 000026b7 lui              x13, 0x2000         x13=00002000
15831036ns          295636 1c008d34 f14027f3 csrrs            x15, x0, 0xf14      x15=00000002
15831056ns          295637 1c008d38 f8068693 addi             x13, x13, -128      x13=00001f80 x13:00002000
15831076ns          295638 1c008d3c 00379713 slli             x14, x15, 0x3       x14=00000010 x15:00000002
15831096ns          295639 1c008d40 00279793 slli             x15, x15, 0x2       x15=00000008 x15:00000002
15831116ns          295640 1c008d42 00d7f7b3 and              x15, x15, x13       x15=00000000 x15:00000008 x13:00001f80
15831136ns          295641 1c008d44 ee873733 p.bclr           x14, x14, 23, 8     x14=00000010 x14:00000010
15831156ns          295642 1c008d48 1a10f6b7 lui              x13, 0x1a10f000     x13=1a10f000
15831176ns          295643 1c008d4c 0ff57513 andi             x10, x10, 255       x10=00000020 x10:00000020
15831196ns          295644 1c008d50 00d70733 add              x14, x14, x13       x14=1a10f010 x14:00000010 x13:1a10f000
15831216ns          295645 1c008d52 00a7e723 p.sw             x10, x0(x15)        x10:00000020 x15:00000000  PA:1a10f010
15831537ns          295661 1c008d56 00000513 addi             x10, x0, 0          x10=00000000
15831557ns          295662 1c008d58 00008067 jalr             x0, x1, 0            x1:1c008e28
15831597ns          295664 1c008e28 31f52563 p.beqimm         x10, 778            x10:00000000
15831617ns          295665 1c008e2c 001d8d93 addi             x27, x27, 1         x27=00000011 x27:00000010
15831638ns          295666 1c008e2e 00044503 lbu              x10, 0(x8)          x10=00000063  x8:1c0000d1  PA:1c0000d1
15831938ns          295681 1c008e32 00140413 addi             x8, x8, 1            x8=1c0000d2  x8:1c0000d1
15831959ns          295682 1c008e34 fe0514e3 bne              x10, x0, -24        x10:00000063
15832019ns          295685 1c008e1c 02500793 addi             x15, x0, 37         x15=00000025
15832039ns          295686 1c008e20 04f50863 beq              x10, x15, 80        x10:00000063 x15:00000025
15832059ns          295687 1c008e24 01a005b3 add              x11, x0, x26        x11=00000002 x26:00000002
15832079ns          295688 1c008e26 000b00e7 jalr             x1, x22, 0           x1=1c008e28 x22:1c008d32
15832119ns          295690 1c008d32 000026b7 lui              x13, 0x2000         x13=00002000
15832139ns          295691 1c008d34 f14027f3 csrrs            x15, x0, 0xf14      x15=00000002
15832159ns          295692 1c008d38 f8068693 addi             x13, x13, -128      x13=00001f80 x13:00002000
15832179ns          295693 1c008d3c 00379713 slli             x14, x15, 0x3       x14=00000010 x15:00000002
15832199ns          295694 1c008d40 00279793 slli             x15, x15, 0x2       x15=00000008 x15:00000002
15832219ns          295695 1c008d42 00d7f7b3 and              x15, x15, x13       x15=00000000 x15:00000008 x13:00001f80
15832239ns          295696 1c008d44 ee873733 p.bclr           x14, x14, 23, 8     x14=00000010 x14:00000010
15832260ns          295697 1c008d48 1a10f6b7 lui              x13, 0x1a10f000     x13=1a10f000
15832280ns          295698 1c008d4c 0ff57513 andi             x10, x10, 255       x10=00000063 x10:00000063
15832300ns          295699 1c008d50 00d70733 add              x14, x14, x13       x14=1a10f010 x14:00000010 x13:1a10f000
15832320ns          295700 1c008d52 00a7e723 p.sw             x10, x0(x15)        x10:00000063 x15:00000000  PA:1a10f010
15832641ns          295716 1c008d56 00000513 addi             x10, x0, 0          x10=00000000
15832661ns          295717 1c008d58 00008067 jalr             x0, x1, 0            x1:1c008e28
15832701ns          295719 1c008e28 31f52563 p.beqimm         x10, 778            x10:00000000
15832721ns          295720 1c008e2c 001d8d93 addi             x27, x27, 1         x27=00000012 x27:00000011
15832741ns          295721 1c008e2e 00044503 lbu              x10, 0(x8)          x10=0000006f  x8:1c0000d2  PA:1c0000d2
15833042ns          295736 1c008e32 00140413 addi             x8, x8, 1            x8=1c0000d3  x8:1c0000d2
15833062ns          295737 1c008e34 fe0514e3 bne              x10, x0, -24        x10:0000006f
15833122ns          295740 1c008e1c 02500793 addi             x15, x0, 37         x15=00000025
15833142ns          295741 1c008e20 04f50863 beq              x10, x15, 80        x10:0000006f x15:00000025
15833162ns          295742 1c008e24 01a005b3 add              x11, x0, x26        x11=00000002 x26:00000002
15833183ns          295743 1c008e26 000b00e7 jalr             x1, x22, 0           x1=1c008e28 x22:1c008d32
15833223ns          295745 1c008d32 000026b7 lui              x13, 0x2000         x13=00002000
15833243ns          295746 1c008d34 f14027f3 csrrs            x15, x0, 0xf14      x15=00000002
15833263ns          295747 1c008d38 f8068693 addi             x13, x13, -128      x13=00001f80 x13:00002000
15833283ns          295748 1c008d3c 00379713 slli             x14, x15, 0x3       x14=00000010 x15:00000002
15833303ns          295749 1c008d40 00279793 slli             x15, x15, 0x2       x15=00000008 x15:00000002
15833323ns          295750 1c008d42 00d7f7b3 and              x15, x15, x13       x15=00000000 x15:00000008 x13:00001f80
15833343ns          295751 1c008d44 ee873733 p.bclr           x14, x14, 23, 8     x14=00000010 x14:00000010
15833363ns          295752 1c008d48 1a10f6b7 lui              x13, 0x1a10f000     x13=1a10f000
15833383ns          295753 1c008d4c 0ff57513 andi             x10, x10, 255       x10=0000006f x10:0000006f
15833403ns          295754 1c008d50 00d70733 add              x14, x14, x13       x14=1a10f010 x14:00000010 x13:1a10f000
15833423ns          295755 1c008d52 00a7e723 p.sw             x10, x0(x15)        x10:0000006f x15:00000000  PA:1a10f010
15833744ns          295771 1c008d56 00000513 addi             x10, x0, 0          x10=00000000
15833764ns          295772 1c008d58 00008067 jalr             x0, x1, 0            x1:1c008e28
15833805ns          295774 1c008e28 31f52563 p.beqimm         x10, 778            x10:00000000
15833825ns          295775 1c008e2c 001d8d93 addi             x27, x27, 1         x27=00000013 x27:00000012
15833845ns          295776 1c008e2e 00044503 lbu              x10, 0(x8)          x10=00000072  x8:1c0000d3  PA:1c0000d3
15834166ns          295792 1c008e32 00140413 addi             x8, x8, 1            x8=1c0000d4  x8:1c0000d3
15834186ns          295793 1c008e34 fe0514e3 bne              x10, x0, -24        x10:00000072
15834246ns          295796 1c008e1c 02500793 addi             x15, x0, 37         x15=00000025
15834266ns          295797 1c008e20 04f50863 beq              x10, x15, 80        x10:00000072 x15:00000025
15834286ns          295798 1c008e24 01a005b3 add              x11, x0, x26        x11=00000002 x26:00000002
15834306ns          295799 1c008e26 000b00e7 jalr             x1, x22, 0           x1=1c008e28 x22:1c008d32
15834346ns          295801 1c008d32 000026b7 lui              x13, 0x2000         x13=00002000
15834366ns          295802 1c008d34 f14027f3 csrrs            x15, x0, 0xf14      x15=00000002
15834386ns          295803 1c008d38 f8068693 addi             x13, x13, -128      x13=00001f80 x13:00002000
15834407ns          295804 1c008d3c 00379713 slli             x14, x15, 0x3       x14=00000010 x15:00000002
15834427ns          295805 1c008d40 00279793 slli             x15, x15, 0x2       x15=00000008 x15:00000002
15834447ns          295806 1c008d42 00d7f7b3 and              x15, x15, x13       x15=00000000 x15:00000008 x13:00001f80
15834467ns          295807 1c008d44 ee873733 p.bclr           x14, x14, 23, 8     x14=00000010 x14:00000010
15834487ns          295808 1c008d48 1a10f6b7 lui              x13, 0x1a10f000     x13=1a10f000
15834507ns          295809 1c008d4c 0ff57513 andi             x10, x10, 255       x10=00000072 x10:00000072
15834527ns          295810 1c008d50 00d70733 add              x14, x14, x13       x14=1a10f010 x14:00000010 x13:1a10f000
15834547ns          295811 1c008d52 00a7e723 p.sw             x10, x0(x15)        x10:00000072 x15:00000000  PA:1a10f010
15834868ns          295827 1c008d56 00000513 addi             x10, x0, 0          x10=00000000
15834888ns          295828 1c008d58 00008067 jalr             x0, x1, 0            x1:1c008e28
15834928ns          295830 1c008e28 31f52563 p.beqimm         x10, 778            x10:00000000
15834948ns          295831 1c008e2c 001d8d93 addi             x27, x27, 1         x27=00000014 x27:00000013
15834968ns          295832 1c008e2e 00044503 lbu              x10, 0(x8)          x10=00000065  x8:1c0000d4  PA:1c0000d4
15835269ns          295847 1c008e32 00140413 addi             x8, x8, 1            x8=1c0000d5  x8:1c0000d4
15835289ns          295848 1c008e34 fe0514e3 bne              x10, x0, -24        x10:00000065
15835350ns          295851 1c008e1c 02500793 addi             x15, x0, 37         x15=00000025
15835370ns          295852 1c008e20 04f50863 beq              x10, x15, 80        x10:00000065 x15:00000025
15835390ns          295853 1c008e24 01a005b3 add              x11, x0, x26        x11=00000002 x26:00000002
15835410ns          295854 1c008e26 000b00e7 jalr             x1, x22, 0           x1=1c008e28 x22:1c008d32
15835450ns          295856 1c008d32 000026b7 lui              x13, 0x2000         x13=00002000
15835470ns          295857 1c008d34 f14027f3 csrrs            x15, x0, 0xf14      x15=00000002
15835490ns          295858 1c008d38 f8068693 addi             x13, x13, -128      x13=00001f80 x13:00002000
15835510ns          295859 1c008d3c 00379713 slli             x14, x15, 0x3       x14=00000010 x15:00000002
15835530ns          295860 1c008d40 00279793 slli             x15, x15, 0x2       x15=00000008 x15:00000002
15835550ns          295861 1c008d42 00d7f7b3 and              x15, x15, x13       x15=00000000 x15:00000008 x13:00001f80
15835570ns          295862 1c008d44 ee873733 p.bclr           x14, x14, 23, 8     x14=00000010 x14:00000010
15835590ns          295863 1c008d48 1a10f6b7 lui              x13, 0x1a10f000     x13=1a10f000
15835610ns          295864 1c008d4c 0ff57513 andi             x10, x10, 255       x10=00000065 x10:00000065
15835631ns          295865 1c008d50 00d70733 add              x14, x14, x13       x14=1a10f010 x14:00000010 x13:1a10f000
15835651ns          295866 1c008d52 00a7e723 p.sw             x10, x0(x15)        x10:00000065 x15:00000000  PA:1a10f010
15835972ns          295882 1c008d56 00000513 addi             x10, x0, 0          x10=00000000
15835992ns          295883 1c008d58 00008067 jalr             x0, x1, 0            x1:1c008e28
15836032ns          295885 1c008e28 31f52563 p.beqimm         x10, 778            x10:00000000
15836052ns          295886 1c008e2c 001d8d93 addi             x27, x27, 1         x27=00000015 x27:00000014
15836072ns          295887 1c008e2e 00044503 lbu              x10, 0(x8)          x10=00000020  x8:1c0000d5  PA:1c0000d5
15836373ns          295902 1c008e32 00140413 addi             x8, x8, 1            x8=1c0000d6  x8:1c0000d5
15836393ns          295903 1c008e34 fe0514e3 bne              x10, x0, -24        x10:00000020
15836453ns          295906 1c008e1c 02500793 addi             x15, x0, 37         x15=00000025
15836473ns          295907 1c008e20 04f50863 beq              x10, x15, 80        x10:00000020 x15:00000025
15836493ns          295908 1c008e24 01a005b3 add              x11, x0, x26        x11=00000002 x26:00000002
15836513ns          295909 1c008e26 000b00e7 jalr             x1, x22, 0           x1=1c008e28 x22:1c008d32
15836554ns          295911 1c008d32 000026b7 lui              x13, 0x2000         x13=00002000
15836574ns          295912 1c008d34 f14027f3 csrrs            x15, x0, 0xf14      x15=00000002
15836594ns          295913 1c008d38 f8068693 addi             x13, x13, -128      x13=00001f80 x13:00002000
15836614ns          295914 1c008d3c 00379713 slli             x14, x15, 0x3       x14=00000010 x15:00000002
15836634ns          295915 1c008d40 00279793 slli             x15, x15, 0x2       x15=00000008 x15:00000002
15836654ns          295916 1c008d42 00d7f7b3 and              x15, x15, x13       x15=00000000 x15:00000008 x13:00001f80
15836674ns          295917 1c008d44 ee873733 p.bclr           x14, x14, 23, 8     x14=00000010 x14:00000010
15836694ns          295918 1c008d48 1a10f6b7 lui              x13, 0x1a10f000     x13=1a10f000
15836714ns          295919 1c008d4c 0ff57513 andi             x10, x10, 255       x10=00000020 x10:00000020
15836734ns          295920 1c008d50 00d70733 add              x14, x14, x13       x14=1a10f010 x14:00000010 x13:1a10f000
15836754ns          295921 1c008d52 00a7e723 p.sw             x10, x0(x15)        x10:00000020 x15:00000000  PA:1a10f010
15837075ns          295937 1c008d56 00000513 addi             x10, x0, 0          x10=00000000
15837095ns          295938 1c008d58 00008067 jalr             x0, x1, 0            x1:1c008e28
15837135ns          295940 1c008e28 31f52563 p.beqimm         x10, 778            x10:00000000
15837155ns          295941 1c008e2c 001d8d93 addi             x27, x27, 1         x27=00000016 x27:00000015
15837176ns          295942 1c008e2e 00044503 lbu              x10, 0(x8)          x10=00000020  x8:1c0000d6  PA:1c0000d6
15837477ns          295957 1c008e32 00140413 addi             x8, x8, 1            x8=1c0000d7  x8:1c0000d6
15837497ns          295958 1c008e34 fe0514e3 bne              x10, x0, -24        x10:00000020
15837557ns          295961 1c008e1c 02500793 addi             x15, x0, 37         x15=00000025
15837577ns          295962 1c008e20 04f50863 beq              x10, x15, 80        x10:00000020 x15:00000025
15837597ns          295963 1c008e24 01a005b3 add              x11, x0, x26        x11=00000002 x26:00000002
15837617ns          295964 1c008e26 000b00e7 jalr             x1, x22, 0           x1=1c008e28 x22:1c008d32
15837657ns          295966 1c008d32 000026b7 lui              x13, 0x2000         x13=00002000
15837677ns          295967 1c008d34 f14027f3 csrrs            x15, x0, 0xf14      x15=00000002
15837697ns          295968 1c008d38 f8068693 addi             x13, x13, -128      x13=00001f80 x13:00002000
15837717ns          295969 1c008d3c 00379713 slli             x14, x15, 0x3       x14=00000010 x15:00000002
15837737ns          295970 1c008d40 00279793 slli             x15, x15, 0x2       x15=00000008 x15:00000002
15837757ns          295971 1c008d42 00d7f7b3 and              x15, x15, x13       x15=00000000 x15:00000008 x13:00001f80
15837778ns          295972 1c008d44 ee873733 p.bclr           x14, x14, 23, 8     x14=00000010 x14:00000010
15837798ns          295973 1c008d48 1a10f6b7 lui              x13, 0x1a10f000     x13=1a10f000
15837818ns          295974 1c008d4c 0ff57513 andi             x10, x10, 255       x10=00000020 x10:00000020
15837838ns          295975 1c008d50 00d70733 add              x14, x14, x13       x14=1a10f010 x14:00000010 x13:1a10f000
15837858ns          295976 1c008d52 00a7e723 p.sw             x10, x0(x15)        x10:00000020 x15:00000000  PA:1a10f010
15838179ns          295992 1c008d56 00000513 addi             x10, x0, 0          x10=00000000
15838199ns          295993 1c008d58 00008067 jalr             x0, x1, 0            x1:1c008e28
15838239ns          295995 1c008e28 31f52563 p.beqimm         x10, 778            x10:00000000
15838259ns          295996 1c008e2c 001d8d93 addi             x27, x27, 1         x27=00000017 x27:00000016
15838279ns          295997 1c008e2e 00044503 lbu              x10, 0(x8)          x10=00000025  x8:1c0000d7  PA:1c0000d7
15838580ns          296012 1c008e32 00140413 addi             x8, x8, 1            x8=1c0000d8  x8:1c0000d7
15838600ns          296013 1c008e34 fe0514e3 bne              x10, x0, -24        x10:00000025
15838660ns          296016 1c008e1c 02500793 addi             x15, x0, 37         x15=00000025
15838680ns          296017 1c008e20 04f50863 beq              x10, x15, 80        x10:00000025 x15:00000025
15838781ns          296022 1c008e70 00044483 lbu              x9, 0(x8)            x9=00000064  x8:1c0000d8  PA:1c0000d8
15839102ns          296038 1c008e74 02000693 addi             x13, x0, 32         x13=00000020
15839122ns          296039 1c008e78 00140a93 addi             x21, x8, 1          x21=1c0000d9  x8:1c0000d8
15839142ns          296040 1c008e7c 009005b3 add              x11, x0, x9         x11=00000064  x9:00000064
15839162ns          296041 1c008e7e 150b8513 addi             x10, x23, 336       x10=1c000150 x23:1c000000
15839182ns          296042 1c008e82 00d12823 sw               x13, 16(x2)         x13:00000020  x2:100014d8  PA:100014e8
15839202ns          296043 1c008e84 00012c23 sw               x0, 24(x2)           x2:100014d8  PA:100014f0
15839222ns          296044 1c008e86 00012a23 sw               x0, 20(x2)           x2:100014d8  PA:100014ec
15839242ns          296045 1c008e88 00012e23 sw               x0, 28(x2)           x2:100014d8  PA:100014f4
15839262ns          296046 1c008e8a 00012623 sw               x0, 12(x2)           x2:100014d8  PA:100014e4
15839282ns          296047 1c008e8c 02300913 addi             x18, x0, 35         x18=00000023
15839302ns          296048 1c008e90 02d00a13 addi             x20, x0, 45         x20=0000002d
15839323ns          296049 1c008e94 015009b3 add              x19, x0, x21        x19=1c0000d9 x21:1c0000d9
15839343ns          296050 1c008e96 e1dff0ef jal              x1, -484             x1=1c008e98
15839523ns          296059 1c008cb2 00054783 lbu              x15, 0(x10)         x15=0000002d x10:1c000150  PA:1c000150
15839824ns          296074 1c008cb6 0ff5f593 andi             x11, x11, 255       x11=00000064 x11:00000064
15839844ns          296075 1c008cba 00b78c63 beq              x15, x11, 24        x15:0000002d x11:00000064
15839864ns          296076 1c008cbe 00078b63 beq              x15, x0, 22         x15:0000002d
15839884ns          296077 1c008cc0 00150793 addi             x15, x10, 1         x15=1c000151 x10:1c000150
15839904ns          296078 1c008cc4 0040006f jal              x0, 4              
15839945ns          296080 1c008cc8 00f00533 add              x10, x0, x15        x10=1c000151 x15:1c000151
15839965ns          296081 1c008cca 0017c70b p.lbu            x14, 1(x15!)        x14=0000002b x15=1c000152 x15:1c000151  PA:1c000151
15840286ns          296097 1c008cce feb71ce3 bne              x14, x11, -8        x14:0000002b x11:00000064
15840346ns          296100 1c008cc6 00070763 beq              x14, x0, 14         x14:0000002b
15840366ns          296101 1c008cc8 00f00533 add              x10, x0, x15        x10=1c000152 x15:1c000152
15840386ns          296102 1c008cca 0017c70b p.lbu            x14, 1(x15!)        x14=00000020 x15=1c000153 x15:1c000152  PA:1c000152
15840707ns          296118 1c008cce feb71ce3 bne              x14, x11, -8        x14:00000020 x11:00000064
15840767ns          296121 1c008cc6 00070763 beq              x14, x0, 14         x14:00000020
15840787ns          296122 1c008cc8 00f00533 add              x10, x0, x15        x10=1c000153 x15:1c000153
15840807ns          296123 1c008cca 0017c70b p.lbu            x14, 1(x15!)        x14=00000023 x15=1c000154 x15:1c000153  PA:1c000153
15841128ns          296139 1c008cce feb71ce3 bne              x14, x11, -8        x14:00000023 x11:00000064
15841189ns          296142 1c008cc6 00070763 beq              x14, x0, 14         x14:00000023
15841209ns          296143 1c008cc8 00f00533 add              x10, x0, x15        x10=1c000154 x15:1c000154
15841229ns          296144 1c008cca 0017c70b p.lbu            x14, 1(x15!)        x14=00000030 x15=1c000155 x15:1c000154  PA:1c000154
15841550ns          296160 1c008cce feb71ce3 bne              x14, x11, -8        x14:00000030 x11:00000064
15841610ns          296163 1c008cc6 00070763 beq              x14, x0, 14         x14:00000030
15841630ns          296164 1c008cc8 00f00533 add              x10, x0, x15        x10=1c000155 x15:1c000155
15841650ns          296165 1c008cca 0017c70b p.lbu            x14, 1(x15!)        x14=00000000 x15=1c000156 x15:1c000155  PA:1c000155
15841971ns          296181 1c008cce feb71ce3 bne              x14, x11, -8        x14:00000000 x11:00000064
15842031ns          296184 1c008cc6 00070763 beq              x14, x0, 14         x14:00000000
15842092ns          296187 1c008cd4 0015b593 sltiu            x11, x11, 1         x11=00000000 x11:00000064
15842112ns          296188 1c008cd8 40b005b3 sub              x11, x0, x11        x11=00000000 x11:00000000
15842132ns          296189 1c008cdc 00b57533 and              x10, x10, x11       x10=00000000 x10:1c000155 x11:00000000
15842152ns          296190 1c008cde 00008067 jalr             x0, x1, 0            x1:1c008e98
15842232ns          296194 1c008e98 02050a63 beq              x10, x0, 52         x10:00000000
15842332ns          296199 1c008ecc 02a00613 addi             x12, x0, 42         x12=0000002a
15842413ns          296203 1c008ed0 2ac48663 beq              x9, x12, 684         x9:00000064 x12:0000002a
15842453ns          296205 1c008ed4 fd048613 addi             x12, x9, -48        x12=00000034  x9:00000064
15842473ns          296206 1c008ed8 00900593 addi             x11, x0, 9          x11=00000009
15842493ns          296207 1c008eda 00000913 addi             x18, x0, 0          x18=00000000
15842513ns          296208 1c008edc 28c5f063 bgeu             x11, x12, 640       x11:00000009 x12:00000034
15842553ns          296210 1c008ee0 02e00693 addi             x13, x0, 46         x13=0000002e
15842593ns          296212 1c008ee4 fff00a13 addi             x20, x0, -1         x20=ffffffff
15842613ns          296213 1c008ee6 2ed48363 beq              x9, x13, 742         x9:00000064 x13:0000002e
15842633ns          296214 1c008eea 1c0007b7 lui              x15, 0x1c000000     x15=1c000000
15842653ns          296215 1c008eee 009005b3 add              x11, x0, x9         x11=00000064  x9:00000064
15842694ns          296217 1c008ef0 15878513 addi             x10, x15, 344       x10=1c000158 x15:1c000000
15842734ns          296219 1c008ef4 dbfff0ef jal              x1, -578             x1=1c008ef6
15842794ns          296222 1c008cb2 00054783 lbu              x15, 0(x10)         x15=00000068 x10:1c000158  PA:1c000158
15843095ns          296237 1c008cb6 0ff5f593 andi             x11, x11, 255       x11=00000064 x11:00000064
15843115ns          296238 1c008cba 00b78c63 beq              x15, x11, 24        x15:00000068 x11:00000064
15843135ns          296239 1c008cbe 00078b63 beq              x15, x0, 22         x15:00000068
15843155ns          296240 1c008cc0 00150793 addi             x15, x10, 1         x15=1c000159 x10:1c000158
15843175ns          296241 1c008cc4 0040006f jal              x0, 4              
15843215ns          296243 1c008cc8 00f00533 add              x10, x0, x15        x10=1c000159 x15:1c000159
15843235ns          296244 1c008cca 0017c70b p.lbu            x14, 1(x15!)        x14=0000006c x15=1c00015a x15:1c000159  PA:1c000159
15843576ns          296261 1c008cce feb71ce3 bne              x14, x11, -8        x14:0000006c x11:00000064
15843637ns          296264 1c008cc6 00070763 beq              x14, x0, 14         x14:0000006c
15843657ns          296265 1c008cc8 00f00533 add              x10, x0, x15        x10=1c00015a x15:1c00015a
15843677ns          296266 1c008cca 0017c70b p.lbu            x14, 1(x15!)        x14=0000004c x15=1c00015b x15:1c00015a  PA:1c00015a
15843998ns          296282 1c008cce feb71ce3 bne              x14, x11, -8        x14:0000004c x11:00000064
15844058ns          296285 1c008cc6 00070763 beq              x14, x0, 14         x14:0000004c
15844078ns          296286 1c008cc8 00f00533 add              x10, x0, x15        x10=1c00015b x15:1c00015b
15844098ns          296287 1c008cca 0017c70b p.lbu            x14, 1(x15!)        x14=0000007a x15=1c00015c x15:1c00015b  PA:1c00015b
15844419ns          296303 1c008cce feb71ce3 bne              x14, x11, -8        x14:0000007a x11:00000064
15844479ns          296306 1c008cc6 00070763 beq              x14, x0, 14         x14:0000007a
15844499ns          296307 1c008cc8 00f00533 add              x10, x0, x15        x10=1c00015c x15:1c00015c
15844519ns          296308 1c008cca 0017c70b p.lbu            x14, 1(x15!)        x14=00000000 x15=1c00015d x15:1c00015c  PA:1c00015c
15844841ns          296324 1c008cce feb71ce3 bne              x14, x11, -8        x14:00000000 x11:00000064
15844901ns          296327 1c008cc6 00070763 beq              x14, x0, 14         x14:00000000
15844961ns          296330 1c008cd4 0015b593 sltiu            x11, x11, 1         x11=00000000 x11:00000064
15844981ns          296331 1c008cd8 40b005b3 sub              x11, x0, x11        x11=00000000 x11:00000000
15845001ns          296332 1c008cdc 00b57533 and              x10, x10, x11       x10=00000000 x10:1c00015c x11:00000000
15845021ns          296333 1c008cde 00008067 jalr             x0, x1, 0            x1:1c008ef6
15845061ns          296335 1c008ef6 01300433 add              x8, x0, x19          x8=1c0000d9 x19:1c0000d9
15845081ns          296336 1c008ef8 00050563 beq              x10, x0, 10         x10:00000000
15845222ns          296343 1c008f02 06700693 addi             x13, x0, 103        x13=00000067
15845242ns          296344 1c008f06 2896d963 bge              x13, x9, 658        x13:00000067  x9:00000064
15845402ns          296352 1c009198 06500693 addi             x13, x0, 101        x13=00000065
15845442ns          296354 1c00919c 12d4d563 bge              x9, x13, 298         x9:00000064 x13:00000065
15845503ns          296357 1c0091a0 04700693 addi             x13, x0, 71         x13=00000047
15845543ns          296359 1c0091a4 dc96cbe3 blt              x13, x9, -554       x13:00000047  x9:00000064
15845683ns          296366 1c008f7a 06300693 addi             x13, x0, 99         x13=00000063
15845743ns          296369 1c008f7e 0ad488e3 beq              x9, x13, 2224        x9:00000064 x13:00000063
15845784ns          296371 1c008f82 0096c9e3 blt              x13, x9, 2066       x13:00000063  x9:00000064
15845884ns          296376 1c009794 000c2583 lw               x11, 0(x24)         x11=00000002 x24:1000162c  PA:1000162c
15845924ns          296378 1c009798 004c0c13 addi             x24, x24, 4         x24=10001630 x24:1000162c
15845944ns          296379 1c00979a 3405cc63 blt              x11, x0, 856        x11:00000002
15845964ns          296380 1c00979e 01412603 lw               x12, 20(x2)         x12=00000000  x2:100014d8  PA:100014ec
15846004ns          296382 1c0097a0 00b006b3 add              x13, x0, x11        x13=00000002 x11:00000002
15846044ns          296384 1c0097a2 2e061863 bne              x12, x0, 752        x12:00000000
15846064ns          296385 1c0097a6 01812703 lw               x14, 24(x2)         x14=00000000  x2:100014d8  PA:100014f0
15846085ns          296386 1c0097a8 019007b3 add              x15, x0, x25        x15=100014fc x25:100014fc
15846105ns          296387 1c0097aa 00070763 beq              x14, x0, 14         x14:00000000
15846165ns          296390 1c0097b8 00f00733 add              x14, x0, x15        x14=100014fc x15:100014fc
15846185ns          296391 1c0097ba 00a00513 addi             x10, x0, 10         x10=0000000a
15846205ns          296392 1c0097bc 02a6f633 remu             x12, x13, x10       x12=00000002 x13:00000002 x10:0000000a
15846847ns          296424 1c0097c0 02a6d6b3 divu             x13, x13, x10       x13=00000000 x13:00000002 x10:0000000a
15847469ns          296455 1c0097c4 03060613 addi             x12, x12, 48        x12=00000032 x12:00000002
15847489ns          296456 1c0097c8 00c700ab p.sb             x12, 1(x14!)        x14=100014fd x12:00000032 x14:100014fc  PA:100014fc
15847509ns          296457 1c0097cc fe0698e3 bne              x13, x0, -16        x13:00000000
15847529ns          296458 1c0097ce 40f706b3 sub              x13, x14, x15       x13=00000001 x14:100014fd x15:100014fc
15847549ns          296459 1c0097d2 0146dc63 bge              x13, x20, 24        x13:00000001 x20:ffffffff
15847650ns          296464 1c0097ea 00e006b3 add              x13, x0, x14        x13=100014fd x14:100014fd
15847690ns          296466 1c0097ec fe068fab p.sb             x0, -1(x13!)        x13=100014fc x13:100014fd  PA:100014fd
15847750ns          296469 1c0097f0 00d7fc63 bgeu             x15, x13, 24        x15:100014fc x13:100014fc
15847850ns          296474 1c009808 01412783 lw               x15, 20(x2)         x15=00000000  x2:100014d8  PA:100014ec
15847870ns          296475 1c00980a 01812603 lw               x12, 24(x2)         x12=00000000  x2:100014d8  PA:100014f0
15847890ns          296476 1c00980c 419704b3 sub              x9, x14, x25         x9=00000001 x14:100014fd x25:100014fc
15847911ns          296477 1c009810 00c7e7b3 or               x15, x15, x12       x15=00000000 x15:00000000 x12:00000000
15847931ns          296478 1c009812 00f12623 sw               x15, 12(x2)         x15:00000000  x2:100014d8  PA:100014e4
15847951ns          296479 1c009814 00079363 bne              x15, x0, 6          x15:00000000
15847971ns          296480 1c009816 01f5d593 srli             x11, x11, 0x1f      x11=00000000 x11:00000002
15847991ns          296481 1c009818 00b12623 sw               x11, 12(x2)         x11:00000000  x2:100014d8  PA:100014e4
15848031ns          296483 1c00981a e3fa28e3 p.beqimm         x20, -464           x20:ffffffff
15848171ns          296490 1c00964a 0c800793 addi             x15, x0, 200        x15=000000c8
15848232ns          296493 1c00964e 9e97d0e3 bge              x15, x9, -1568      x15:000000c8  x9:00000001
15848412ns          296502 1c00902e 0f24d163 bge              x9, x18, 226         x9:00000001 x18:00000000
15848512ns          296507 1c009110 d00482e3 beq              x9, x0, -764         x9:00000001
15848553ns          296509 1c009114 01900933 add              x18, x0, x25        x18=100014fc x25:100014fc
15848573ns          296510 1c009116 419d8db3 sub              x27, x27, x25       x27=efffeb1b x27:00000017 x25:100014fc
15848593ns          296511 1c00911a 00a0006f jal              x0, 10             
15848693ns          296516 1c009124 0019450b p.lbu            x10, 1(x18!)        x10=00000032 x18=100014fd x18:100014fc  PA:100014fc
15848713ns          296517 1c009128 01a005b3 add              x11, x0, x26        x11=00000002 x26:00000002
15848733ns          296518 1c00912a 000b00e7 jalr             x1, x22, 0           x1=1c00912c x22:1c008d32
15848874ns          296525 1c008d32 000026b7 lui              x13, 0x2000         x13=00002000
15848914ns          296527 1c008d34 f14027f3 csrrs            x15, x0, 0xf14      x15=00000002
15848934ns          296528 1c008d38 f8068693 addi             x13, x13, -128      x13=00001f80 x13:00002000
15848954ns          296529 1c008d3c 00379713 slli             x14, x15, 0x3       x14=00000010 x15:00000002
15849014ns          296532 1c008d40 00279793 slli             x15, x15, 0x2       x15=00000008 x15:00000002
15849034ns          296533 1c008d42 00d7f7b3 and              x15, x15, x13       x15=00000000 x15:00000008 x13:00001f80
15849054ns          296534 1c008d44 ee873733 p.bclr           x14, x14, 23, 8     x14=00000010 x14:00000010
15849074ns          296535 1c008d48 1a10f6b7 lui              x13, 0x1a10f000     x13=1a10f000
15849094ns          296536 1c008d4c 0ff57513 andi             x10, x10, 255       x10=00000032 x10:00000032
15849155ns          296539 1c008d50 00d70733 add              x14, x14, x13       x14=1a10f010 x14:00000010 x13:1a10f000
15849195ns          296541 1c008d52 00a7e723 p.sw             x10, x0(x15)        x10:00000032 x15:00000000  PA:1a10f010
15849556ns          296559 1c008d56 00000513 addi             x10, x0, 0          x10=00000000
15849576ns          296560 1c008d58 00008067 jalr             x0, x1, 0            x1:1c00912c
15849616ns          296562 1c00912c fff48493 addi             x9, x9, -1           x9=00000000  x9:00000001
15849636ns          296563 1c00912e fff537e3 p.bneimm         x10, -18            x10:00000000
15849696ns          296566 1c00911c 012d8733 add              x14, x27, x18       x14=00000018 x27:efffeb1b x18:100014fd
15849716ns          296567 1c009120 5a048b63 beq              x9, x0, 1462         x9:00000000
15849817ns          296572 1c0096d6 00e00db3 add              x27, x0, x14        x27=00000018 x14:00000018
15849857ns          296574 1c0096d8 f3cff06f jal              x0, -2244          
15849957ns          296579 1c008e14 00044503 lbu              x10, 0(x8)          x10=0000000a  x8:1c0000d9  PA:1c0000d9
15850278ns          296595 1c008e18 00140413 addi             x8, x8, 1            x8=1c0000da  x8:1c0000d9
15850298ns          296596 1c008e1a 00050e63 beq              x10, x0, 28         x10:0000000a
15850318ns          296597 1c008e1c 02500793 addi             x15, x0, 37         x15=00000025
15850338ns          296598 1c008e20 04f50863 beq              x10, x15, 80        x10:0000000a x15:00000025
15850358ns          296599 1c008e24 01a005b3 add              x11, x0, x26        x11=00000002 x26:00000002
15850379ns          296600 1c008e26 000b00e7 jalr             x1, x22, 0           x1=1c008e28 x22:1c008d32
15850479ns          296605 1c008d32 000026b7 lui              x13, 0x2000         x13=00002000
15850499ns          296606 1c008d34 f14027f3 csrrs            x15, x0, 0xf14      x15=00000002
15850519ns          296607 1c008d38 f8068693 addi             x13, x13, -128      x13=00001f80 x13:00002000
15850539ns          296608 1c008d3c 00379713 slli             x14, x15, 0x3       x14=00000010 x15:00000002
15850559ns          296609 1c008d40 00279793 slli             x15, x15, 0x2       x15=00000008 x15:00000002
15850579ns          296610 1c008d42 00d7f7b3 and              x15, x15, x13       x15=00000000 x15:00000008 x13:00001f80
15850599ns          296611 1c008d44 ee873733 p.bclr           x14, x14, 23, 8     x14=00000010 x14:00000010
15850619ns          296612 1c008d48 1a10f6b7 lui              x13, 0x1a10f000     x13=1a10f000
15850639ns          296613 1c008d4c 0ff57513 andi             x10, x10, 255       x10=0000000a x10:0000000a
15850659ns          296614 1c008d50 00d70733 add              x14, x14, x13       x14=1a10f010 x14:00000010 x13:1a10f000
15850680ns          296615 1c008d52 00a7e723 p.sw             x10, x0(x15)        x10:0000000a x15:00000000  PA:1a10f010
15851001ns          296631 1c008d56 00000513 addi             x10, x0, 0          x10=00000000
15851021ns          296632 1c008d58 00008067 jalr             x0, x1, 0            x1:1c008e28
15851061ns          296634 1c008e28 31f52563 p.beqimm         x10, 778            x10:00000000
15851081ns          296635 1c008e2c 001d8d93 addi             x27, x27, 1         x27=00000019 x27:00000018
15851101ns          296636 1c008e2e 00044503 lbu              x10, 0(x8)          x10=00000000  x8:1c0000da  PA:1c0000da
15851402ns          296651 1c008e32 00140413 addi             x8, x8, 1            x8=1c0000db  x8:1c0000da
15851422ns          296652 1c008e34 fe0514e3 bne              x10, x0, -24        x10:00000000
15851442ns          296653 1c008e36 01b00433 add              x8, x0, x27          x8=00000019 x27:00000019
15851462ns          296654 1c008e38 00800533 add              x10, x0, x8         x10=00000019  x8:00000019
15851482ns          296655 1c008e3a 12c12083 lw               x1, 300(x2)          x1=1c008dc6  x2:100014d8  PA:10001604
15851502ns          296656 1c008e3e 12812403 lw               x8, 296(x2)          x8=3f37d8d4  x2:100014d8  PA:10001600
15851522ns          296657 1c008e42 12412483 lw               x9, 292(x2)          x9=3f37d860  x2:100014d8  PA:100015fc
15851542ns          296658 1c008e46 12012903 lw               x18, 288(x2)        x18=1c01002c  x2:100014d8  PA:100015f8
15851562ns          296659 1c008e4a 11c12983 lw               x19, 284(x2)        x19=3f37d950  x2:100014d8  PA:100015f4
15851623ns          296662 1c008e4e 11812a03 lw               x20, 280(x2)        x20=43b70123  x2:100014d8  PA:100015f0
15851663ns          296664 1c008e52 11412a83 lw               x21, 276(x2)        x21=43b70213  x2:100014d8  PA:100015ec
15851683ns          296665 1c008e56 11012b03 lw               x22, 272(x2)        x22=xxxxxxxx  x2:100014d8  PA:100015e8
15851703ns          296666 1c008e5a 10c12b83 lw               x23, 268(x2)        x23=xxxxxxxx  x2:100014d8  PA:100015e4
15851763ns          296669 1c008e5e 10812c03 lw               x24, 264(x2)        x24=xxxxxxxx  x2:100014d8  PA:100015e0
15851803ns          296671 1c008e62 10412c83 lw               x25, 260(x2)        x25=xxxxxxxx  x2:100014d8  PA:100015dc
15851823ns          296672 1c008e66 10012d03 lw               x26, 256(x2)        x26=xxxxxxxx  x2:100014d8  PA:100015d8
15851843ns          296673 1c008e6a 0fc12d83 lw               x27, 252(x2)        x27=xxxxxxxx  x2:100014d8  PA:100015d4
15851863ns          296674 1c008e6c 13010113 addi             x2, x2, 304          x2=10001608  x2:100014d8
15851883ns          296675 1c008e6e 00008067 jalr             x0, x1, 0            x1:1c008dc6
15852024ns          296682 1c008dc6 01c12083 lw               x1, 28(x2)           x1=1c0083e8  x2:10001608  PA:10001624
15852064ns          296684 1c008dc8 04010113 addi             x2, x2, 64           x2=10001648  x2:10001608
15852084ns          296685 1c008dca 00008067 jalr             x0, x1, 0            x1:1c0083e8
15852184ns          296690 1c0083e8 00100413 addi             x8, x0, 1            x8=00000001
15852204ns          296691 1c0083ea 56b010ef jal              x1, 7530             x1=1c0083ee
15852345ns          296698 1c00a154 f14027f3 csrrs            x15, x0, 0xf14      x15=00000002
15852385ns          296700 1c00a158 01f00713 addi             x14, x0, 31         x14=0000001f
15852405ns          296701 1c00a15a ca5797b3 p.extractu       x15, x15, 5, 5      x15=00000000 x15:00000002
15852465ns          296704 1c00a15e 00e78863 beq              x15, x14, 16        x15:00000000 x14:0000001f
15852505ns          296706 1c00a162 002047b7 lui              x15, 0x204000       x15=00204000
15852526ns          296707 1c00a166 20078793 addi             x15, x15, 512       x15=00204200 x15:00204000
15852546ns          296708 1c00a16a 01c7e703 p.elw            x14, 28(x15)        x14=00010000 x15:00204200  PA:0020421c
15852706ns          296716 1c00a16e 00008067 jalr             x0, x1, 0            x1:1c0083ee
15852827ns          296722 1c0083ee 00144513 xori             x10, x8, 1          x10=00000000  x8:00000001
15852867ns          296724 1c0083f2 1ac12083 lw               x1, 428(x2)          x1=1c00a064  x2:10001648  PA:100017f4
15852887ns          296725 1c0083f6 1a812403 lw               x8, 424(x2)          x8=xxxxxxxx  x2:10001648  PA:100017f0
15852907ns          296726 1c0083fa 1a412483 lw               x9, 420(x2)          x9=xxxxxxxx  x2:10001648  PA:100017ec
15853348ns          296748 1c0083fe 1a012903 lw               x18, 416(x2)        x18=xxxxxxxx  x2:10001648  PA:100017e8
15853388ns          296750 1c008402 19c12983 lw               x19, 412(x2)        x19=xxxxxxxx  x2:10001648  PA:100017e4
15853408ns          296751 1c008406 19812a03 lw               x20, 408(x2)        x20=xxxxxxxx  x2:10001648  PA:100017e0
15853428ns          296752 1c00840a 19412a83 lw               x21, 404(x2)        x21=xxxxxxxx  x2:10001648  PA:100017dc
15853489ns          296755 1c00840e 19012b03 lw               x22, 400(x2)        x22=xxxxxxxx  x2:10001648  PA:100017d8
15853509ns          296756 1c008412 1b010113 addi             x2, x2, 432          x2=100017f8  x2:10001648
15853529ns          296757 1c008414 00008067 jalr             x0, x1, 0            x1:1c00a064
15853609ns          296761 1c00a064 f14027f3 csrrs            x15, x0, 0xf14      x15=00000002
15853649ns          296763 1c00a068 f457b7b3 p.bclr           x15, x15, 26, 5     x15=00000002 x15:00000002
15853669ns          296764 1c00a06c 00079963 bne              x15, x0, 18         x15:00000002
15854251ns          296793 1c00a07e 002047b7 lui              x15, 0x204000       x15=00204000
15854271ns          296794 1c00a082 fff00713 addi             x14, x0, -1         x14=ffffffff
15854291ns          296795 1c00a084 00e7a223 sw               x14, 4(x15)         x14:ffffffff x15:00204000  PA:00204004
