                Time          Cycles PC       Instr    Mnemonic
14685249ns          238149 1c008080 0640006f jal              x0, 100            
14685707ns          238172 1c0080e4 f1402573 csrrs            x10, x0, 0xf14      x10=00000003
14685747ns          238174 1c0080e8 01f57593 andi             x11, x10, 31        x11=00000003 x10:00000003
14685766ns          238175 1c0080ec 00555513 srli             x10, x10, 0x5       x10=00000000 x10:00000003
14685786ns          238176 1c0080ee 01f00613 addi             x12, x0, 31         x12=0000001f
14686204ns          238197 1c0080f0 00c50463 beq              x10, x12, 8         x10:00000000 x12:0000001f
14686244ns          238199 1c0080f4 fa1ff06f jal              x0, -96            
14686701ns          238222 1c008094 f3ff8117 auipc            x2, 0xf3ff8000       x2=10000094
14686741ns          238224 1c008098 f7010113 addi             x2, x2, -144         x2=10000004  x2:10000094
14686761ns          238225 1c00809c 00012103 lw               x2, 0(x2)            x2=10000008  x2:10000004  PA:10000004
14687199ns          238247 1c0080a0 000011b7 lui              x3, 0x1000           x3=00001000
14687238ns          238249 1c0080a4 80018193 addi             x3, x3, -2048        x3=00000800  x3:00001000
14687258ns          238250 1c0080a8 00158593 addi             x11, x11, 1         x11=00000004 x11:00000003
14687278ns          238251 1c0080ac 02b180b3 mul              x1, x3, x11          x1=00002000  x3:00000800 x11:00000004
14687736ns          238274 1c0080b0 00110133 add              x2, x2, x1           x2=10002008  x2:10000008  x1:00002000
14687775ns          238276 1c0080b4 78b0106f jal              x0, 8074           
14688233ns          238299 1c00a03e ff010113 addi             x2, x2, -16          x2=10001ff8  x2:10002008
14688690ns          238322 1c00a040 00112623 sw               x1, 12(x2)           x1:00002000  x2:10001ff8  PA:10002004
14688730ns          238324 1c00a042 002047b7 lui              x15, 0x204000       x15=00204000
14688750ns          238325 1c00a046 00070737 lui              x14, 0x70000        x14=00070000
14688770ns          238326 1c00a04a 00e7a423 sw               x14, 8(x15)         x14:00070000 x15:00204000  PA:00204008
14688790ns          238327 1c00a04c 00f00713 addi             x14, x0, 15         x14=0000000f
14689208ns          238348 1c00a04e 20078793 addi             x15, x15, 512       x15=00204200 x15:00204000
14689247ns          238350 1c00a052 00e7a023 sw               x14, 0(x15)         x14:0000000f x15:00204200  PA:00204200
14689287ns          238352 1c00a056 00e7a623 sw               x14, 12(x15)        x14:0000000f x15:00204200  PA:0020420c
14689307ns          238353 1c00a05a 1c0017b7 lui              x15, 0x1c001000     x15=1c001000
14689725ns          238374 1c00a05e ae47a783 lw               x15, -1308(x15)     x15=1c00813e x15:1c001000  PA:1c000ae4
14690222ns          238399 1c00a062 000780e7 jalr             x1, x15, 0           x1=1c00a064 x15:1c00813e
14690779ns          238427 1c00813e e5010113 addi             x2, x2, -432         x2=10001e48  x2:10001ff8
14691236ns          238450 1c008140 1a912223 sw               x9, 420(x2)          x9:xxxxxxxx  x2:10001e48  PA:10001fec
14691276ns          238452 1c008144 1a112623 sw               x1, 428(x2)          x1:1c00a064  x2:10001e48  PA:10001ff4
14691296ns          238453 1c008148 f14024f3 csrrs            x9, x0, 0xf14        x9=00000003
14691316ns          238454 1c00814c 1a812423 sw               x8, 424(x2)          x8:xxxxxxxx  x2:10001e48  PA:10001ff0
14691773ns          238477 1c008150 1b212023 sw               x18, 416(x2)        x18:xxxxxxxx  x2:10001e48  PA:10001fe8
14691813ns          238479 1c008154 19312e23 sw               x19, 412(x2)        x19:xxxxxxxx  x2:10001e48  PA:10001fe4
14691833ns          238480 1c008158 19412c23 sw               x20, 408(x2)        x20:xxxxxxxx  x2:10001e48  PA:10001fe0
14691853ns          238481 1c00815c 19512a23 sw               x21, 404(x2)        x21:xxxxxxxx  x2:10001e48  PA:10001fdc
14692291ns          238503 1c008160 19612823 sw               x22, 400(x2)        x22:xxxxxxxx  x2:10001e48  PA:10001fd8
14692330ns          238505 1c008164 ca5497b3 p.extractu       x15, x9, 5, 5       x15=00000000  x9:00000003
14692350ns          238506 1c008168 44079d63 bne              x15, x0, 1114       x15:00000000
14692370ns          238507 1c00816c f454b4b3 p.bclr           x9, x9, 26, 5        x9=00000003  x9:00000003
14692808ns          238529 1c008170 1c000537 lui              x10, 0x1c000000     x10=1c000000
14692848ns          238531 1c008174 00900633 add              x12, x0, x9         x12=00000003  x9:00000003
14692867ns          238532 1c008176 00100593 addi             x11, x0, 1          x11=00000001
14692887ns          238533 1c008178 02850513 addi             x10, x10, 40        x10=1c000028 x10:1c000000
14692907ns          238534 1c00817c 423000ef jal              x1, 3106             x1=1c008180
14693782ns          238578 1c008d9e fc010113 addi             x2, x2, -64          x2=10001e08  x2:10001e48
14694260ns          238602 1c008da0 02410313 addi             x6, x2, 36           x6=10001e2c  x2:10001e08
14694300ns          238604 1c008da4 02c12423 sw               x12, 40(x2)         x12:00000003  x2:10001e08  PA:10001e30
14694319ns          238605 1c008da6 00a00633 add              x12, x0, x10        x12=1c000028 x10:1c000028
14694339ns          238606 1c008da8 1c009537 lui              x10, 0x1c009000     x10=1c009000
14694359ns          238607 1c008dac 02b12223 sw               x11, 36(x2)         x11:00000001  x2:10001e08  PA:10001e2c
14694379ns          238608 1c008dae 02d12623 sw               x13, 44(x2)         x13:xxxxxxxx  x2:10001e08  PA:10001e34
14694777ns          238628 1c008db0 00200593 addi             x11, x0, 2          x11=00000002
14694797ns          238629 1c008db2 006006b3 add              x13, x0, x6         x13=10001e2c  x6:10001e2c
14694817ns          238630 1c008db4 d3250513 addi             x10, x10, -718      x10=1c008d32 x10:1c009000
14694837ns          238631 1c008db8 00112e23 sw               x1, 28(x2)           x1:1c008180  x2:10001e08  PA:10001e24
14694857ns          238632 1c008dba 02e12823 sw               x14, 48(x2)         x14:0000000f  x2:10001e08  PA:10001e38
14694876ns          238633 1c008dbc 02f12a23 sw               x15, 52(x2)         x15:00000000  x2:10001e08  PA:10001e3c
14694896ns          238634 1c008dbe 03012c23 sw               x16, 56(x2)         x16:xxxxxxxx  x2:10001e08  PA:10001e40
14695294ns          238654 1c008dc0 03112e23 sw               x17, 60(x2)         x17:xxxxxxxx  x2:10001e08  PA:10001e44
14695314ns          238655 1c008dc2 00612623 sw               x6, 12(x2)           x6:10001e2c  x2:10001e08  PA:10001e14
14695334ns          238656 1c008dc4 fbfff0ef jal              x1, -66              x1=1c008dc6
14695791ns          238679 1c008d82 04a0006f jal              x0, 74             
14695831ns          238681 1c008dcc ed010113 addi             x2, x2, -304         x2=10001cd8  x2:10001e08
14696269ns          238703 1c008dce 12812423 sw               x8, 296(x2)          x8:xxxxxxxx  x2:10001cd8  PA:10001e00
14696289ns          238704 1c008dd2 00000413 addi             x8, x0, 0            x8=00000000
14696309ns          238705 1c008dd4 11612823 sw               x22, 272(x2)        x22:xxxxxxxx  x2:10001cd8  PA:10001de8
14696328ns          238706 1c008dd8 11712623 sw               x23, 268(x2)        x23:xxxxxxxx  x2:10001cd8  PA:10001de4
14696348ns          238707 1c008ddc 11812423 sw               x24, 264(x2)        x24:xxxxxxxx  x2:10001cd8  PA:10001de0
14696786ns          238729 1c008de0 11912223 sw               x25, 260(x2)        x25:xxxxxxxx  x2:10001cd8  PA:10001ddc
14696826ns          238731 1c008de4 11a12023 sw               x26, 256(x2)        x26:xxxxxxxx  x2:10001cd8  PA:10001dd8
14696846ns          238732 1c008de8 0fb12e23 sw               x27, 252(x2)        x27:xxxxxxxx  x2:10001cd8  PA:10001dd4
14696865ns          238733 1c008dea 12112623 sw               x1, 300(x2)          x1:1c008dc6  x2:10001cd8  PA:10001e04
14696885ns          238734 1c008dee 00800db3 add              x27, x0, x8         x27=00000000  x8:00000000
14697303ns          238755 1c008df0 12912223 sw               x9, 292(x2)          x9:00000003  x2:10001cd8  PA:10001dfc
14697343ns          238757 1c008df4 13212023 sw               x18, 288(x2)        x18:xxxxxxxx  x2:10001cd8  PA:10001df8
14697363ns          238758 1c008df8 11312e23 sw               x19, 284(x2)        x19:xxxxxxxx  x2:10001cd8  PA:10001df4
14697383ns          238759 1c008dfc 11412c23 sw               x20, 280(x2)        x20:xxxxxxxx  x2:10001cd8  PA:10001df0
14697820ns          238781 1c008e00 11512a23 sw               x21, 276(x2)        x21:xxxxxxxx  x2:10001cd8  PA:10001dec
14697860ns          238783 1c008e04 00a00b33 add              x22, x0, x10        x22=1c008d32 x10:1c008d32
14697880ns          238784 1c008e06 00b00d33 add              x26, x0, x11        x26=00000002 x11:00000002
14697900ns          238785 1c008e08 00d00c33 add              x24, x0, x13        x24=10001e2c x13:10001e2c
14697920ns          238786 1c008e0a 1c000bb7 lui              x23, 0x1c000000     x23=1c000000
14698357ns          238808 1c008e0e 02410c93 addi             x25, x2, 36         x25=10001cfc  x2:10001cd8
14698377ns          238809 1c008e12 00c00433 add              x8, x0, x12          x8=1c000028 x12:1c000028
14698397ns          238810 1c008e14 00044503 lbu              x10, 0(x8)          x10=00000073  x8:1c000028  PA:1c000028
14698835ns          238832 1c008e18 00140413 addi             x8, x8, 1            x8=1c000029  x8:1c000028
14698855ns          238833 1c008e1a 00050e63 beq              x10, x0, 28         x10:00000073
14698874ns          238834 1c008e1c 02500793 addi             x15, x0, 37         x15=00000025
14698914ns          238836 1c008e20 04f50863 beq              x10, x15, 80        x10:00000073 x15:00000025
14698954ns          238838 1c008e24 01a005b3 add              x11, x0, x26        x11=00000002 x26:00000002
14698974ns          238839 1c008e26 000b00e7 jalr             x1, x22, 0           x1=1c008e28 x22:1c008d32
14699431ns          238862 1c008d32 000026b7 lui              x13, 0x2000         x13=00002000
14699471ns          238864 1c008d34 f14027f3 csrrs            x15, x0, 0xf14      x15=00000003
14699491ns          238865 1c008d38 f8068693 addi             x13, x13, -128      x13=00001f80 x13:00002000
14699511ns          238866 1c008d3c 00379713 slli             x14, x15, 0x3       x14=00000018 x15:00000003
14699949ns          238888 1c008d40 00279793 slli             x15, x15, 0x2       x15=0000000c x15:00000003
14699968ns          238889 1c008d42 00d7f7b3 and              x15, x15, x13       x15=00000000 x15:0000000c x13:00001f80
14699988ns          238890 1c008d44 ee873733 p.bclr           x14, x14, 23, 8     x14=00000018 x14:00000018
14700008ns          238891 1c008d48 1a10f6b7 lui              x13, 0x1a10f000     x13=1a10f000
14700028ns          238892 1c008d4c 0ff57513 andi             x10, x10, 255       x10=00000073 x10:00000073
14700466ns          238914 1c008d50 00d70733 add              x14, x14, x13       x14=1a10f018 x14:00000018 x13:1a10f000
14700506ns          238916 1c008d52 00a7e723 p.sw             x10, x0(x15)        x10:00000073 x15:00000000  PA:1a10f018
14700983ns          238940 1c008d56 00000513 addi             x10, x0, 0          x10=00000000
14701003ns          238941 1c008d58 00008067 jalr             x0, x1, 0            x1:1c008e28
14701043ns          238943 1c008e28 31f52563 p.beqimm         x10, 778            x10:00000000
14701062ns          238944 1c008e2c 001d8d93 addi             x27, x27, 1         x27=00000001 x27:00000000
14701500ns          238966 1c008e2e 00044503 lbu              x10, 0(x8)          x10=00000074  x8:1c000029  PA:1c000029
14701977ns          238990 1c008e32 00140413 addi             x8, x8, 1            x8=1c00002a  x8:1c000029
14701997ns          238991 1c008e34 fe0514e3 bne              x10, x0, -24        x10:00000074
14702117ns          238997 1c008e1c 02500793 addi             x15, x0, 37         x15=00000025
14702137ns          238998 1c008e20 04f50863 beq              x10, x15, 80        x10:00000074 x15:00000025
14702156ns          238999 1c008e24 01a005b3 add              x11, x0, x26        x11=00000002 x26:00000002
14702176ns          239000 1c008e26 000b00e7 jalr             x1, x22, 0           x1=1c008e28 x22:1c008d32
14702216ns          239002 1c008d32 000026b7 lui              x13, 0x2000         x13=00002000
14702236ns          239003 1c008d34 f14027f3 csrrs            x15, x0, 0xf14      x15=00000003
14702256ns          239004 1c008d38 f8068693 addi             x13, x13, -128      x13=00001f80 x13:00002000
14702276ns          239005 1c008d3c 00379713 slli             x14, x15, 0x3       x14=00000018 x15:00000003
14702296ns          239006 1c008d40 00279793 slli             x15, x15, 0x2       x15=0000000c x15:00000003
14702316ns          239007 1c008d42 00d7f7b3 and              x15, x15, x13       x15=00000000 x15:0000000c x13:00001f80
14702335ns          239008 1c008d44 ee873733 p.bclr           x14, x14, 23, 8     x14=00000018 x14:00000018
14702355ns          239009 1c008d48 1a10f6b7 lui              x13, 0x1a10f000     x13=1a10f000
14702375ns          239010 1c008d4c 0ff57513 andi             x10, x10, 255       x10=00000074 x10:00000074
14702395ns          239011 1c008d50 00d70733 add              x14, x14, x13       x14=1a10f018 x14:00000018 x13:1a10f000
14702415ns          239012 1c008d52 00a7e723 p.sw             x10, x0(x15)        x10:00000074 x15:00000000  PA:1a10f018
14702873ns          239035 1c008d56 00000513 addi             x10, x0, 0          x10=00000000
14702892ns          239036 1c008d58 00008067 jalr             x0, x1, 0            x1:1c008e28
14702932ns          239038 1c008e28 31f52563 p.beqimm         x10, 778            x10:00000000
14702952ns          239039 1c008e2c 001d8d93 addi             x27, x27, 1         x27=00000002 x27:00000001
14702972ns          239040 1c008e2e 00044503 lbu              x10, 0(x8)          x10=00000061  x8:1c00002a  PA:1c00002a
14703270ns          239055 1c008e32 00140413 addi             x8, x8, 1            x8=1c00002b  x8:1c00002a
14703290ns          239056 1c008e34 fe0514e3 bne              x10, x0, -24        x10:00000061
14703350ns          239059 1c008e1c 02500793 addi             x15, x0, 37         x15=00000025
14703370ns          239060 1c008e20 04f50863 beq              x10, x15, 80        x10:00000061 x15:00000025
14703390ns          239061 1c008e24 01a005b3 add              x11, x0, x26        x11=00000002 x26:00000002
14703410ns          239062 1c008e26 000b00e7 jalr             x1, x22, 0           x1=1c008e28 x22:1c008d32
14703449ns          239064 1c008d32 000026b7 lui              x13, 0x2000         x13=00002000
14703469ns          239065 1c008d34 f14027f3 csrrs            x15, x0, 0xf14      x15=00000003
14703489ns          239066 1c008d38 f8068693 addi             x13, x13, -128      x13=00001f80 x13:00002000
14703509ns          239067 1c008d3c 00379713 slli             x14, x15, 0x3       x14=00000018 x15:00000003
14703529ns          239068 1c008d40 00279793 slli             x15, x15, 0x2       x15=0000000c x15:00000003
14703549ns          239069 1c008d42 00d7f7b3 and              x15, x15, x13       x15=00000000 x15:0000000c x13:00001f80
14703569ns          239070 1c008d44 ee873733 p.bclr           x14, x14, 23, 8     x14=00000018 x14:00000018
14703589ns          239071 1c008d48 1a10f6b7 lui              x13, 0x1a10f000     x13=1a10f000
14703608ns          239072 1c008d4c 0ff57513 andi             x10, x10, 255       x10=00000061 x10:00000061
14703628ns          239073 1c008d50 00d70733 add              x14, x14, x13       x14=1a10f018 x14:00000018 x13:1a10f000
14703648ns          239074 1c008d52 00a7e723 p.sw             x10, x0(x15)        x10:00000061 x15:00000000  PA:1a10f018
14703986ns          239091 1c008d56 00000513 addi             x10, x0, 0          x10=00000000
14704006ns          239092 1c008d58 00008067 jalr             x0, x1, 0            x1:1c008e28
14704046ns          239094 1c008e28 31f52563 p.beqimm         x10, 778            x10:00000000
14704066ns          239095 1c008e2c 001d8d93 addi             x27, x27, 1         x27=00000003 x27:00000002
14704086ns          239096 1c008e2e 00044503 lbu              x10, 0(x8)          x10=00000072  x8:1c00002b  PA:1c00002b
14704384ns          239111 1c008e32 00140413 addi             x8, x8, 1            x8=1c00002c  x8:1c00002b
14704404ns          239112 1c008e34 fe0514e3 bne              x10, x0, -24        x10:00000072
14704464ns          239115 1c008e1c 02500793 addi             x15, x0, 37         x15=00000025
14704484ns          239116 1c008e20 04f50863 beq              x10, x15, 80        x10:00000072 x15:00000025
14704504ns          239117 1c008e24 01a005b3 add              x11, x0, x26        x11=00000002 x26:00000002
14704523ns          239118 1c008e26 000b00e7 jalr             x1, x22, 0           x1=1c008e28 x22:1c008d32
14704563ns          239120 1c008d32 000026b7 lui              x13, 0x2000         x13=00002000
14704583ns          239121 1c008d34 f14027f3 csrrs            x15, x0, 0xf14      x15=00000003
14704603ns          239122 1c008d38 f8068693 addi             x13, x13, -128      x13=00001f80 x13:00002000
14704623ns          239123 1c008d3c 00379713 slli             x14, x15, 0x3       x14=00000018 x15:00000003
14704643ns          239124 1c008d40 00279793 slli             x15, x15, 0x2       x15=0000000c x15:00000003
14704663ns          239125 1c008d42 00d7f7b3 and              x15, x15, x13       x15=00000000 x15:0000000c x13:00001f80
14704683ns          239126 1c008d44 ee873733 p.bclr           x14, x14, 23, 8     x14=00000018 x14:00000018
14704702ns          239127 1c008d48 1a10f6b7 lui              x13, 0x1a10f000     x13=1a10f000
14704722ns          239128 1c008d4c 0ff57513 andi             x10, x10, 255       x10=00000072 x10:00000072
14704742ns          239129 1c008d50 00d70733 add              x14, x14, x13       x14=1a10f018 x14:00000018 x13:1a10f000
14704762ns          239130 1c008d52 00a7e723 p.sw             x10, x0(x15)        x10:00000072 x15:00000000  PA:1a10f018
14705100ns          239147 1c008d56 00000513 addi             x10, x0, 0          x10=00000000
14705120ns          239148 1c008d58 00008067 jalr             x0, x1, 0            x1:1c008e28
14705160ns          239150 1c008e28 31f52563 p.beqimm         x10, 778            x10:00000000
14705180ns          239151 1c008e2c 001d8d93 addi             x27, x27, 1         x27=00000004 x27:00000003
14705200ns          239152 1c008e2e 00044503 lbu              x10, 0(x8)          x10=00000074  x8:1c00002c  PA:1c00002c
14705498ns          239167 1c008e32 00140413 addi             x8, x8, 1            x8=1c00002d  x8:1c00002c
14705518ns          239168 1c008e34 fe0514e3 bne              x10, x0, -24        x10:00000074
14705578ns          239171 1c008e1c 02500793 addi             x15, x0, 37         x15=00000025
14705598ns          239172 1c008e20 04f50863 beq              x10, x15, 80        x10:00000074 x15:00000025
14705617ns          239173 1c008e24 01a005b3 add              x11, x0, x26        x11=00000002 x26:00000002
14705637ns          239174 1c008e26 000b00e7 jalr             x1, x22, 0           x1=1c008e28 x22:1c008d32
14705677ns          239176 1c008d32 000026b7 lui              x13, 0x2000         x13=00002000
14705697ns          239177 1c008d34 f14027f3 csrrs            x15, x0, 0xf14      x15=00000003
14705717ns          239178 1c008d38 f8068693 addi             x13, x13, -128      x13=00001f80 x13:00002000
14705737ns          239179 1c008d3c 00379713 slli             x14, x15, 0x3       x14=00000018 x15:00000003
14705757ns          239180 1c008d40 00279793 slli             x15, x15, 0x2       x15=0000000c x15:00000003
14705777ns          239181 1c008d42 00d7f7b3 and              x15, x15, x13       x15=00000000 x15:0000000c x13:00001f80
14705796ns          239182 1c008d44 ee873733 p.bclr           x14, x14, 23, 8     x14=00000018 x14:00000018
14705816ns          239183 1c008d48 1a10f6b7 lui              x13, 0x1a10f000     x13=1a10f000
14705836ns          239184 1c008d4c 0ff57513 andi             x10, x10, 255       x10=00000074 x10:00000074
14705856ns          239185 1c008d50 00d70733 add              x14, x14, x13       x14=1a10f018 x14:00000018 x13:1a10f000
14705876ns          239186 1c008d52 00a7e723 p.sw             x10, x0(x15)        x10:00000074 x15:00000000  PA:1a10f018
14706234ns          239204 1c008d56 00000513 addi             x10, x0, 0          x10=00000000
14706254ns          239205 1c008d58 00008067 jalr             x0, x1, 0            x1:1c008e28
14706294ns          239207 1c008e28 31f52563 p.beqimm         x10, 778            x10:00000000
14706314ns          239208 1c008e2c 001d8d93 addi             x27, x27, 1         x27=00000005 x27:00000004
14706333ns          239209 1c008e2e 00044503 lbu              x10, 0(x8)          x10=00000069  x8:1c00002d  PA:1c00002d
14706632ns          239224 1c008e32 00140413 addi             x8, x8, 1            x8=1c00002e  x8:1c00002d
14706652ns          239225 1c008e34 fe0514e3 bne              x10, x0, -24        x10:00000069
14706711ns          239228 1c008e1c 02500793 addi             x15, x0, 37         x15=00000025
14706731ns          239229 1c008e20 04f50863 beq              x10, x15, 80        x10:00000069 x15:00000025
14706751ns          239230 1c008e24 01a005b3 add              x11, x0, x26        x11=00000002 x26:00000002
14706771ns          239231 1c008e26 000b00e7 jalr             x1, x22, 0           x1=1c008e28 x22:1c008d32
14706811ns          239233 1c008d32 000026b7 lui              x13, 0x2000         x13=00002000
14706831ns          239234 1c008d34 f14027f3 csrrs            x15, x0, 0xf14      x15=00000003
14706851ns          239235 1c008d38 f8068693 addi             x13, x13, -128      x13=00001f80 x13:00002000
14706871ns          239236 1c008d3c 00379713 slli             x14, x15, 0x3       x14=00000018 x15:00000003
14706890ns          239237 1c008d40 00279793 slli             x15, x15, 0x2       x15=0000000c x15:00000003
14706910ns          239238 1c008d42 00d7f7b3 and              x15, x15, x13       x15=00000000 x15:0000000c x13:00001f80
14706930ns          239239 1c008d44 ee873733 p.bclr           x14, x14, 23, 8     x14=00000018 x14:00000018
14706950ns          239240 1c008d48 1a10f6b7 lui              x13, 0x1a10f000     x13=1a10f000
14706970ns          239241 1c008d4c 0ff57513 andi             x10, x10, 255       x10=00000069 x10:00000069
14706990ns          239242 1c008d50 00d70733 add              x14, x14, x13       x14=1a10f018 x14:00000018 x13:1a10f000
14707010ns          239243 1c008d52 00a7e723 p.sw             x10, x0(x15)        x10:00000069 x15:00000000  PA:1a10f018
14707328ns          239259 1c008d56 00000513 addi             x10, x0, 0          x10=00000000
14707348ns          239260 1c008d58 00008067 jalr             x0, x1, 0            x1:1c008e28
14707388ns          239262 1c008e28 31f52563 p.beqimm         x10, 778            x10:00000000
14707408ns          239263 1c008e2c 001d8d93 addi             x27, x27, 1         x27=00000006 x27:00000005
14707427ns          239264 1c008e2e 00044503 lbu              x10, 0(x8)          x10=0000006e  x8:1c00002e  PA:1c00002e
14707726ns          239279 1c008e32 00140413 addi             x8, x8, 1            x8=1c00002f  x8:1c00002e
14707746ns          239280 1c008e34 fe0514e3 bne              x10, x0, -24        x10:0000006e
14707805ns          239283 1c008e1c 02500793 addi             x15, x0, 37         x15=00000025
14707825ns          239284 1c008e20 04f50863 beq              x10, x15, 80        x10:0000006e x15:00000025
14707845ns          239285 1c008e24 01a005b3 add              x11, x0, x26        x11=00000002 x26:00000002
14707865ns          239286 1c008e26 000b00e7 jalr             x1, x22, 0           x1=1c008e28 x22:1c008d32
14707905ns          239288 1c008d32 000026b7 lui              x13, 0x2000         x13=00002000
14707925ns          239289 1c008d34 f14027f3 csrrs            x15, x0, 0xf14      x15=00000003
14707945ns          239290 1c008d38 f8068693 addi             x13, x13, -128      x13=00001f80 x13:00002000
14707965ns          239291 1c008d3c 00379713 slli             x14, x15, 0x3       x14=00000018 x15:00000003
14707984ns          239292 1c008d40 00279793 slli             x15, x15, 0x2       x15=0000000c x15:00000003
14708004ns          239293 1c008d42 00d7f7b3 and              x15, x15, x13       x15=00000000 x15:0000000c x13:00001f80
14708024ns          239294 1c008d44 ee873733 p.bclr           x14, x14, 23, 8     x14=00000018 x14:00000018
14708044ns          239295 1c008d48 1a10f6b7 lui              x13, 0x1a10f000     x13=1a10f000
14708064ns          239296 1c008d4c 0ff57513 andi             x10, x10, 255       x10=0000006e x10:0000006e
14708084ns          239297 1c008d50 00d70733 add              x14, x14, x13       x14=1a10f018 x14:00000018 x13:1a10f000
14708104ns          239298 1c008d52 00a7e723 p.sw             x10, x0(x15)        x10:0000006e x15:00000000  PA:1a10f018
14708462ns          239316 1c008d56 00000513 addi             x10, x0, 0          x10=00000000
14708482ns          239317 1c008d58 00008067 jalr             x0, x1, 0            x1:1c008e28
14708521ns          239319 1c008e28 31f52563 p.beqimm         x10, 778            x10:00000000
14708541ns          239320 1c008e2c 001d8d93 addi             x27, x27, 1         x27=00000007 x27:00000006
14708561ns          239321 1c008e2e 00044503 lbu              x10, 0(x8)          x10=00000067  x8:1c00002f  PA:1c00002f
14708860ns          239336 1c008e32 00140413 addi             x8, x8, 1            x8=1c000030  x8:1c00002f
14708880ns          239337 1c008e34 fe0514e3 bne              x10, x0, -24        x10:00000067
14708939ns          239340 1c008e1c 02500793 addi             x15, x0, 37         x15=00000025
14708959ns          239341 1c008e20 04f50863 beq              x10, x15, 80        x10:00000067 x15:00000025
14708979ns          239342 1c008e24 01a005b3 add              x11, x0, x26        x11=00000002 x26:00000002
14708999ns          239343 1c008e26 000b00e7 jalr             x1, x22, 0           x1=1c008e28 x22:1c008d32
14709039ns          239345 1c008d32 000026b7 lui              x13, 0x2000         x13=00002000
14709059ns          239346 1c008d34 f14027f3 csrrs            x15, x0, 0xf14      x15=00000003
14709078ns          239347 1c008d38 f8068693 addi             x13, x13, -128      x13=00001f80 x13:00002000
14709098ns          239348 1c008d3c 00379713 slli             x14, x15, 0x3       x14=00000018 x15:00000003
14709118ns          239349 1c008d40 00279793 slli             x15, x15, 0x2       x15=0000000c x15:00000003
14709138ns          239350 1c008d42 00d7f7b3 and              x15, x15, x13       x15=00000000 x15:0000000c x13:00001f80
14709158ns          239351 1c008d44 ee873733 p.bclr           x14, x14, 23, 8     x14=00000018 x14:00000018
14709178ns          239352 1c008d48 1a10f6b7 lui              x13, 0x1a10f000     x13=1a10f000
14709198ns          239353 1c008d4c 0ff57513 andi             x10, x10, 255       x10=00000067 x10:00000067
14709218ns          239354 1c008d50 00d70733 add              x14, x14, x13       x14=1a10f018 x14:00000018 x13:1a10f000
14709238ns          239355 1c008d52 00a7e723 p.sw             x10, x0(x15)        x10:00000067 x15:00000000  PA:1a10f018
14709576ns          239372 1c008d56 00000513 addi             x10, x0, 0          x10=00000000
14709596ns          239373 1c008d58 00008067 jalr             x0, x1, 0            x1:1c008e28
14709635ns          239375 1c008e28 31f52563 p.beqimm         x10, 778            x10:00000000
14709655ns          239376 1c008e2c 001d8d93 addi             x27, x27, 1         x27=00000008 x27:00000007
14709675ns          239377 1c008e2e 00044503 lbu              x10, 0(x8)          x10=00000020  x8:1c000030  PA:1c000030
14709973ns          239392 1c008e32 00140413 addi             x8, x8, 1            x8=1c000031  x8:1c000030
14709993ns          239393 1c008e34 fe0514e3 bne              x10, x0, -24        x10:00000020
14710053ns          239396 1c008e1c 02500793 addi             x15, x0, 37         x15=00000025
14710073ns          239397 1c008e20 04f50863 beq              x10, x15, 80        x10:00000020 x15:00000025
14710093ns          239398 1c008e24 01a005b3 add              x11, x0, x26        x11=00000002 x26:00000002
14710113ns          239399 1c008e26 000b00e7 jalr             x1, x22, 0           x1=1c008e28 x22:1c008d32
14710153ns          239401 1c008d32 000026b7 lui              x13, 0x2000         x13=00002000
14710172ns          239402 1c008d34 f14027f3 csrrs            x15, x0, 0xf14      x15=00000003
14710192ns          239403 1c008d38 f8068693 addi             x13, x13, -128      x13=00001f80 x13:00002000
14710212ns          239404 1c008d3c 00379713 slli             x14, x15, 0x3       x14=00000018 x15:00000003
14710232ns          239405 1c008d40 00279793 slli             x15, x15, 0x2       x15=0000000c x15:00000003
14710252ns          239406 1c008d42 00d7f7b3 and              x15, x15, x13       x15=00000000 x15:0000000c x13:00001f80
14710272ns          239407 1c008d44 ee873733 p.bclr           x14, x14, 23, 8     x14=00000018 x14:00000018
14710292ns          239408 1c008d48 1a10f6b7 lui              x13, 0x1a10f000     x13=1a10f000
14710312ns          239409 1c008d4c 0ff57513 andi             x10, x10, 255       x10=00000020 x10:00000020
14710332ns          239410 1c008d50 00d70733 add              x14, x14, x13       x14=1a10f018 x14:00000018 x13:1a10f000
14710351ns          239411 1c008d52 00a7e723 p.sw             x10, x0(x15)        x10:00000020 x15:00000000  PA:1a10f018
14710670ns          239427 1c008d56 00000513 addi             x10, x0, 0          x10=00000000
14710690ns          239428 1c008d58 00008067 jalr             x0, x1, 0            x1:1c008e28
14710729ns          239430 1c008e28 31f52563 p.beqimm         x10, 778            x10:00000000
14710749ns          239431 1c008e2c 001d8d93 addi             x27, x27, 1         x27=00000009 x27:00000008
14710769ns          239432 1c008e2e 00044503 lbu              x10, 0(x8)          x10=00000025  x8:1c000031  PA:1c000031
14711067ns          239447 1c008e32 00140413 addi             x8, x8, 1            x8=1c000032  x8:1c000031
14711087ns          239448 1c008e34 fe0514e3 bne              x10, x0, -24        x10:00000025
14711147ns          239451 1c008e1c 02500793 addi             x15, x0, 37         x15=00000025
14711167ns          239452 1c008e20 04f50863 beq              x10, x15, 80        x10:00000025 x15:00000025
14711485ns          239468 1c008e70 00044483 lbu              x9, 0(x8)            x9=00000064  x8:1c000032  PA:1c000032
14711943ns          239491 1c008e74 02000693 addi             x13, x0, 32         x13=00000020
14711963ns          239492 1c008e78 00140a93 addi             x21, x8, 1          x21=1c000033  x8:1c000032
14711982ns          239493 1c008e7c 009005b3 add              x11, x0, x9         x11=00000064  x9:00000064
14712022ns          239495 1c008e7e 150b8513 addi             x10, x23, 336       x10=1c000150 x23:1c000000
14712042ns          239496 1c008e82 00d12823 sw               x13, 16(x2)         x13:00000020  x2:10001cd8  PA:10001ce8
14712062ns          239497 1c008e84 00012c23 sw               x0, 24(x2)           x2:10001cd8  PA:10001cf0
14712082ns          239498 1c008e86 00012a23 sw               x0, 20(x2)           x2:10001cd8  PA:10001cec
14712102ns          239499 1c008e88 00012e23 sw               x0, 28(x2)           x2:10001cd8  PA:10001cf4
14712122ns          239500 1c008e8a 00012623 sw               x0, 12(x2)           x2:10001cd8  PA:10001ce4
14712142ns          239501 1c008e8c 02300913 addi             x18, x0, 35         x18=00000023
14712539ns          239521 1c008e90 02d00a13 addi             x20, x0, 45         x20=0000002d
14712579ns          239523 1c008e94 015009b3 add              x19, x0, x21        x19=1c000033 x21:1c000033
14712599ns          239524 1c008e96 e1dff0ef jal              x1, -484             x1=1c008e98
14713116ns          239550 1c008cb2 00054783 lbu              x15, 0(x10)         x15=0000002d x10:1c000150  PA:1c000150
14713534ns          239571 1c008cb6 0ff5f593 andi             x11, x11, 255       x11=00000064 x11:00000064
14713554ns          239572 1c008cba 00b78c63 beq              x15, x11, 24        x15:0000002d x11:00000064
14713574ns          239573 1c008cbe 00078b63 beq              x15, x0, 22         x15:0000002d
14713614ns          239575 1c008cc0 00150793 addi             x15, x10, 1         x15=1c000151 x10:1c000150
14713653ns          239577 1c008cc4 0040006f jal              x0, 4              
14713693ns          239579 1c008cc8 00f00533 add              x10, x0, x15        x10=1c000151 x15:1c000151
14713713ns          239580 1c008cca 0017c70b p.lbu            x14, 1(x15!)        x14=0000002b x15=1c000152 x15:1c000151  PA:1c000151
14714230ns          239606 1c008cce feb71ce3 bne              x14, x11, -8        x14:0000002b x11:00000064
14714290ns          239609 1c008cc6 00070763 beq              x14, x0, 14         x14:0000002b
14714310ns          239610 1c008cc8 00f00533 add              x10, x0, x15        x10=1c000152 x15:1c000152
14714330ns          239611 1c008cca 0017c70b p.lbu            x14, 1(x15!)        x14=00000020 x15=1c000153 x15:1c000152  PA:1c000152
14714648ns          239627 1c008cce feb71ce3 bne              x14, x11, -8        x14:00000020 x11:00000064
14714707ns          239630 1c008cc6 00070763 beq              x14, x0, 14         x14:00000020
14714727ns          239631 1c008cc8 00f00533 add              x10, x0, x15        x10=1c000153 x15:1c000153
14714747ns          239632 1c008cca 0017c70b p.lbu            x14, 1(x15!)        x14=00000023 x15=1c000154 x15:1c000153  PA:1c000153
14715066ns          239648 1c008cce feb71ce3 bne              x14, x11, -8        x14:00000023 x11:00000064
14715125ns          239651 1c008cc6 00070763 beq              x14, x0, 14         x14:00000023
14715145ns          239652 1c008cc8 00f00533 add              x10, x0, x15        x10=1c000154 x15:1c000154
14715165ns          239653 1c008cca 0017c70b p.lbu            x14, 1(x15!)        x14=00000030 x15=1c000155 x15:1c000154  PA:1c000154
14715503ns          239670 1c008cce feb71ce3 bne              x14, x11, -8        x14:00000030 x11:00000064
14715563ns          239673 1c008cc6 00070763 beq              x14, x0, 14         x14:00000030
14715583ns          239674 1c008cc8 00f00533 add              x10, x0, x15        x10=1c000155 x15:1c000155
14715603ns          239675 1c008cca 0017c70b p.lbu            x14, 1(x15!)        x14=00000000 x15=1c000156 x15:1c000155  PA:1c000155
14715921ns          239691 1c008cce feb71ce3 bne              x14, x11, -8        x14:00000000 x11:00000064
14715981ns          239694 1c008cc6 00070763 beq              x14, x0, 14         x14:00000000
14716040ns          239697 1c008cd4 0015b593 sltiu            x11, x11, 1         x11=00000000 x11:00000064
14716060ns          239698 1c008cd8 40b005b3 sub              x11, x0, x11        x11=00000000 x11:00000000
14716080ns          239699 1c008cdc 00b57533 and              x10, x10, x11       x10=00000000 x10:1c000155 x11:00000000
14716100ns          239700 1c008cde 00008067 jalr             x0, x1, 0            x1:1c008e98
14716518ns          239721 1c008e98 02050a63 beq              x10, x0, 52         x10:00000000
14717452ns          239768 1c008ecc 02a00613 addi             x12, x0, 42         x12=0000002a
14717910ns          239791 1c008ed0 2ac48663 beq              x9, x12, 684         x9:00000064 x12:0000002a
14717950ns          239793 1c008ed4 fd048613 addi             x12, x9, -48        x12=00000034  x9:00000064
14717970ns          239794 1c008ed8 00900593 addi             x11, x0, 9          x11=00000009
14717989ns          239795 1c008eda 00000913 addi             x18, x0, 0          x18=00000000
14718009ns          239796 1c008edc 28c5f063 bgeu             x11, x12, 640       x11:00000009 x12:00000034
14718427ns          239817 1c008ee0 02e00693 addi             x13, x0, 46         x13=0000002e
14718467ns          239819 1c008ee4 fff00a13 addi             x20, x0, -1         x20=ffffffff
14718487ns          239820 1c008ee6 2ed48363 beq              x9, x13, 742         x9:00000064 x13:0000002e
14718507ns          239821 1c008eea 1c0007b7 lui              x15, 0x1c000000     x15=1c000000
14718527ns          239822 1c008eee 009005b3 add              x11, x0, x9         x11=00000064  x9:00000064
14718944ns          239843 1c008ef0 15878513 addi             x10, x15, 344       x10=1c000158 x15:1c000000
14718984ns          239845 1c008ef4 dbfff0ef jal              x1, -578             x1=1c008ef6
14719044ns          239848 1c008cb2 00054783 lbu              x15, 0(x10)         x15=00000068 x10:1c000158  PA:1c000158
14719342ns          239863 1c008cb6 0ff5f593 andi             x11, x11, 255       x11=00000064 x11:00000064
14719362ns          239864 1c008cba 00b78c63 beq              x15, x11, 24        x15:00000068 x11:00000064
14719382ns          239865 1c008cbe 00078b63 beq              x15, x0, 22         x15:00000068
14719402ns          239866 1c008cc0 00150793 addi             x15, x10, 1         x15=1c000159 x10:1c000158
14719422ns          239867 1c008cc4 0040006f jal              x0, 4              
14719461ns          239869 1c008cc8 00f00533 add              x10, x0, x15        x10=1c000159 x15:1c000159
14719481ns          239870 1c008cca 0017c70b p.lbu            x14, 1(x15!)        x14=0000006c x15=1c00015a x15:1c000159  PA:1c000159
14719800ns          239886 1c008cce feb71ce3 bne              x14, x11, -8        x14:0000006c x11:00000064
14719859ns          239889 1c008cc6 00070763 beq              x14, x0, 14         x14:0000006c
14719879ns          239890 1c008cc8 00f00533 add              x10, x0, x15        x10=1c00015a x15:1c00015a
14719899ns          239891 1c008cca 0017c70b p.lbu            x14, 1(x15!)        x14=0000004c x15=1c00015b x15:1c00015a  PA:1c00015a
14720217ns          239907 1c008cce feb71ce3 bne              x14, x11, -8        x14:0000004c x11:00000064
14720277ns          239910 1c008cc6 00070763 beq              x14, x0, 14         x14:0000004c
14720297ns          239911 1c008cc8 00f00533 add              x10, x0, x15        x10=1c00015b x15:1c00015b
14720317ns          239912 1c008cca 0017c70b p.lbu            x14, 1(x15!)        x14=0000007a x15=1c00015c x15:1c00015b  PA:1c00015b
14720635ns          239928 1c008cce feb71ce3 bne              x14, x11, -8        x14:0000007a x11:00000064
14720695ns          239931 1c008cc6 00070763 beq              x14, x0, 14         x14:0000007a
14720715ns          239932 1c008cc8 00f00533 add              x10, x0, x15        x10=1c00015c x15:1c00015c
14720734ns          239933 1c008cca 0017c70b p.lbu            x14, 1(x15!)        x14=00000000 x15=1c00015d x15:1c00015c  PA:1c00015c
14721053ns          239949 1c008cce feb71ce3 bne              x14, x11, -8        x14:00000000 x11:00000064
14721112ns          239952 1c008cc6 00070763 beq              x14, x0, 14         x14:00000000
14721172ns          239955 1c008cd4 0015b593 sltiu            x11, x11, 1         x11=00000000 x11:00000064
14721192ns          239956 1c008cd8 40b005b3 sub              x11, x0, x11        x11=00000000 x11:00000000
14721212ns          239957 1c008cdc 00b57533 and              x10, x10, x11       x10=00000000 x10:1c00015c x11:00000000
14721232ns          239958 1c008cde 00008067 jalr             x0, x1, 0            x1:1c008ef6
14721271ns          239960 1c008ef6 01300433 add              x8, x0, x19          x8=1c000033 x19:1c000033
14721291ns          239961 1c008ef8 00050563 beq              x10, x0, 10         x10:00000000
14721808ns          239987 1c008f02 06700693 addi             x13, x0, 103        x13=00000067
14721828ns          239988 1c008f06 2896d963 bge              x13, x9, 658        x13:00000067  x9:00000064
14722803ns          240037 1c009198 06500693 addi             x13, x0, 101        x13=00000065
14722843ns          240039 1c00919c 12d4d563 bge              x9, x13, 298         x9:00000064 x13:00000065
14723280ns          240061 1c0091a0 04700693 addi             x13, x0, 71         x13=00000047
14723320ns          240063 1c0091a4 dc96cbe3 blt              x13, x9, -554       x13:00000047  x9:00000064
14723837ns          240089 1c008f7a 06300693 addi             x13, x0, 99         x13=00000063
14724275ns          240111 1c008f7e 0ad488e3 beq              x9, x13, 2224        x9:00000064 x13:00000063
14724315ns          240113 1c008f82 0096c9e3 blt              x13, x9, 2066       x13:00000063  x9:00000064
14724792ns          240137 1c009794 000c2583 lw               x11, 0(x24)         x11=00000001 x24:10001e2c  PA:10001e2c
14724852ns          240140 1c009798 004c0c13 addi             x24, x24, 4         x24=10001e30 x24:10001e2c
14724872ns          240141 1c00979a 3405cc63 blt              x11, x0, 856        x11:00000001
14724892ns          240142 1c00979e 01412603 lw               x12, 20(x2)         x12=00000000  x2:10001cd8  PA:10001cec
14725289ns          240162 1c0097a0 00b006b3 add              x13, x0, x11        x13=00000001 x11:00000001
14725329ns          240164 1c0097a2 2e061863 bne              x12, x0, 752        x12:00000000
14725349ns          240165 1c0097a6 01812703 lw               x14, 24(x2)         x14=00000000  x2:10001cd8  PA:10001cf0
14725369ns          240166 1c0097a8 019007b3 add              x15, x0, x25        x15=10001cfc x25:10001cfc
14725389ns          240167 1c0097aa 00070763 beq              x14, x0, 14         x14:00000000
14725846ns          240190 1c0097b8 00f00733 add              x14, x0, x15        x14=10001cfc x15:10001cfc
14725866ns          240191 1c0097ba 00a00513 addi             x10, x0, 10         x10=0000000a
14725886ns          240192 1c0097bc 02a6f633 remu             x12, x13, x10       x12=00000001 x13:00000001 x10:0000000a
14726523ns          240224 1c0097c0 02a6d6b3 divu             x13, x13, x10       x13=00000000 x13:00000001 x10:0000000a
14727139ns          240255 1c0097c4 03060613 addi             x12, x12, 48        x12=00000031 x12:00000001
14727159ns          240256 1c0097c8 00c700ab p.sb             x12, 1(x14!)        x14=10001cfd x12:00000031 x14:10001cfc  PA:10001cfc
14727179ns          240257 1c0097cc fe0698e3 bne              x13, x0, -16        x13:00000000
14727199ns          240258 1c0097ce 40f706b3 sub              x13, x14, x15       x13=00000001 x14:10001cfd x15:10001cfc
14727219ns          240259 1c0097d2 0146dc63 bge              x13, x20, 24        x13:00000001 x20:ffffffff
14727716ns          240284 1c0097ea 00e006b3 add              x13, x0, x14        x13=10001cfd x14:10001cfd
14727756ns          240286 1c0097ec fe068fab p.sb             x0, -1(x13!)        x13=10001cfc x13:10001cfd  PA:10001cfd
14728193ns          240308 1c0097f0 00d7fc63 bgeu             x15, x13, 24        x15:10001cfc x13:10001cfc
14728671ns          240332 1c009808 01412783 lw               x15, 20(x2)         x15=00000000  x2:10001cd8  PA:10001cec
14728691ns          240333 1c00980a 01812603 lw               x12, 24(x2)         x12=00000000  x2:10001cd8  PA:10001cf0
14728711ns          240334 1c00980c 419704b3 sub              x9, x14, x25         x9=00000001 x14:10001cfd x25:10001cfc
14729148ns          240356 1c009810 00c7e7b3 or               x15, x15, x12       x15=00000000 x15:00000000 x12:00000000
14729168ns          240357 1c009812 00f12623 sw               x15, 12(x2)         x15:00000000  x2:10001cd8  PA:10001ce4
14729188ns          240358 1c009814 00079363 bne              x15, x0, 6          x15:00000000
14729208ns          240359 1c009816 01f5d593 srli             x11, x11, 0x1f      x11=00000000 x11:00000001
14729228ns          240360 1c009818 00b12623 sw               x11, 12(x2)         x11:00000000  x2:10001cd8  PA:10001ce4
14729248ns          240361 1c00981a e3fa28e3 p.beqimm         x20, -464           x20:ffffffff
14730163ns          240407 1c00964a 0c800793 addi             x15, x0, 200        x15=000000c8
14730600ns          240429 1c00964e 9e97d0e3 bge              x15, x9, -1568      x15:000000c8  x9:00000001
14731555ns          240477 1c00902e 0f24d163 bge              x9, x18, 226         x9:00000001 x18:00000000
14732032ns          240501 1c009110 d00482e3 beq              x9, x0, -764         x9:00000001
14732072ns          240503 1c009114 01900933 add              x18, x0, x25        x18=10001cfc x25:10001cfc
14732092ns          240504 1c009116 419d8db3 sub              x27, x27, x25       x27=efffe30d x27:00000009 x25:10001cfc
14732112ns          240505 1c00911a 00a0006f jal              x0, 10             
14732589ns          240529 1c009124 0019450b p.lbu            x10, 1(x18!)        x10=00000031 x18=10001cfd x18:10001cfc  PA:10001cfc
14732609ns          240530 1c009128 01a005b3 add              x11, x0, x26        x11=00000002 x26:00000002
14732629ns          240531 1c00912a 000b00e7 jalr             x1, x22, 0           x1=1c00912c x22:1c008d32
14733106ns          240555 1c008d32 000026b7 lui              x13, 0x2000         x13=00002000
14733126ns          240556 1c008d34 f14027f3 csrrs            x15, x0, 0xf14      x15=00000003
14733146ns          240557 1c008d38 f8068693 addi             x13, x13, -128      x13=00001f80 x13:00002000
14733166ns          240558 1c008d3c 00379713 slli             x14, x15, 0x3       x14=00000018 x15:00000003
14733186ns          240559 1c008d40 00279793 slli             x15, x15, 0x2       x15=0000000c x15:00000003
14733206ns          240560 1c008d42 00d7f7b3 and              x15, x15, x13       x15=00000000 x15:0000000c x13:00001f80
14733226ns          240561 1c008d44 ee873733 p.bclr           x14, x14, 23, 8     x14=00000018 x14:00000018
14733246ns          240562 1c008d48 1a10f6b7 lui              x13, 0x1a10f000     x13=1a10f000
14733266ns          240563 1c008d4c 0ff57513 andi             x10, x10, 255       x10=00000031 x10:00000031
14733285ns          240564 1c008d50 00d70733 add              x14, x14, x13       x14=1a10f018 x14:00000018 x13:1a10f000
14733305ns          240565 1c008d52 00a7e723 p.sw             x10, x0(x15)        x10:00000031 x15:00000000  PA:1a10f018
14733763ns          240588 1c008d56 00000513 addi             x10, x0, 0          x10=00000000
14733783ns          240589 1c008d58 00008067 jalr             x0, x1, 0            x1:1c00912c
14733823ns          240591 1c00912c fff48493 addi             x9, x9, -1           x9=00000000  x9:00000001
14733842ns          240592 1c00912e fff537e3 p.bneimm         x10, -18            x10:00000000
14733902ns          240595 1c00911c 012d8733 add              x14, x27, x18       x14=0000000a x27:efffe30d x18:10001cfd
14733922ns          240596 1c009120 5a048b63 beq              x9, x0, 1462         x9:00000000
14734280ns          240614 1c0096d6 00e00db3 add              x27, x0, x14        x27=0000000a x14:0000000a
14734320ns          240616 1c0096d8 f3cff06f jal              x0, -2244          
14734399ns          240620 1c008e14 00044503 lbu              x10, 0(x8)          x10=00000020  x8:1c000033  PA:1c000033
14734718ns          240636 1c008e18 00140413 addi             x8, x8, 1            x8=1c000034  x8:1c000033
14734737ns          240637 1c008e1a 00050e63 beq              x10, x0, 28         x10:00000020
14734757ns          240638 1c008e1c 02500793 addi             x15, x0, 37         x15=00000025
14734777ns          240639 1c008e20 04f50863 beq              x10, x15, 80        x10:00000020 x15:00000025
14734797ns          240640 1c008e24 01a005b3 add              x11, x0, x26        x11=00000002 x26:00000002
14734817ns          240641 1c008e26 000b00e7 jalr             x1, x22, 0           x1=1c008e28 x22:1c008d32
14734917ns          240646 1c008d32 000026b7 lui              x13, 0x2000         x13=00002000
14734936ns          240647 1c008d34 f14027f3 csrrs            x15, x0, 0xf14      x15=00000003
14734956ns          240648 1c008d38 f8068693 addi             x13, x13, -128      x13=00001f80 x13:00002000
14734976ns          240649 1c008d3c 00379713 slli             x14, x15, 0x3       x14=00000018 x15:00000003
14734996ns          240650 1c008d40 00279793 slli             x15, x15, 0x2       x15=0000000c x15:00000003
14735016ns          240651 1c008d42 00d7f7b3 and              x15, x15, x13       x15=00000000 x15:0000000c x13:00001f80
14735036ns          240652 1c008d44 ee873733 p.bclr           x14, x14, 23, 8     x14=00000018 x14:00000018
14735056ns          240653 1c008d48 1a10f6b7 lui              x13, 0x1a10f000     x13=1a10f000
14735076ns          240654 1c008d4c 0ff57513 andi             x10, x10, 255       x10=00000020 x10:00000020
14735096ns          240655 1c008d50 00d70733 add              x14, x14, x13       x14=1a10f018 x14:00000018 x13:1a10f000
14735115ns          240656 1c008d52 00a7e723 p.sw             x10, x0(x15)        x10:00000020 x15:00000000  PA:1a10f018
14735593ns          240680 1c008d56 00000513 addi             x10, x0, 0          x10=00000000
14735613ns          240681 1c008d58 00008067 jalr             x0, x1, 0            x1:1c008e28
14735652ns          240683 1c008e28 31f52563 p.beqimm         x10, 778            x10:00000000
14735672ns          240684 1c008e2c 001d8d93 addi             x27, x27, 1         x27=0000000b x27:0000000a
14735692ns          240685 1c008e2e 00044503 lbu              x10, 0(x8)          x10=0000006b  x8:1c000034  PA:1c000034
14735991ns          240700 1c008e32 00140413 addi             x8, x8, 1            x8=1c000035  x8:1c000034
14736010ns          240701 1c008e34 fe0514e3 bne              x10, x0, -24        x10:0000006b
14736070ns          240704 1c008e1c 02500793 addi             x15, x0, 37         x15=00000025
14736090ns          240705 1c008e20 04f50863 beq              x10, x15, 80        x10:0000006b x15:00000025
14736110ns          240706 1c008e24 01a005b3 add              x11, x0, x26        x11=00000002 x26:00000002
14736130ns          240707 1c008e26 000b00e7 jalr             x1, x22, 0           x1=1c008e28 x22:1c008d32
14736170ns          240709 1c008d32 000026b7 lui              x13, 0x2000         x13=00002000
14736190ns          240710 1c008d34 f14027f3 csrrs            x15, x0, 0xf14      x15=00000003
14736209ns          240711 1c008d38 f8068693 addi             x13, x13, -128      x13=00001f80 x13:00002000
14736229ns          240712 1c008d3c 00379713 slli             x14, x15, 0x3       x14=00000018 x15:00000003
14736249ns          240713 1c008d40 00279793 slli             x15, x15, 0x2       x15=0000000c x15:00000003
14736269ns          240714 1c008d42 00d7f7b3 and              x15, x15, x13       x15=00000000 x15:0000000c x13:00001f80
14736289ns          240715 1c008d44 ee873733 p.bclr           x14, x14, 23, 8     x14=00000018 x14:00000018
14736309ns          240716 1c008d48 1a10f6b7 lui              x13, 0x1a10f000     x13=1a10f000
14736329ns          240717 1c008d4c 0ff57513 andi             x10, x10, 255       x10=0000006b x10:0000006b
14736349ns          240718 1c008d50 00d70733 add              x14, x14, x13       x14=1a10f018 x14:00000018 x13:1a10f000
14736369ns          240719 1c008d52 00a7e723 p.sw             x10, x0(x15)        x10:0000006b x15:00000000  PA:1a10f018
14736707ns          240736 1c008d56 00000513 addi             x10, x0, 0          x10=00000000
14736727ns          240737 1c008d58 00008067 jalr             x0, x1, 0            x1:1c008e28
14736766ns          240739 1c008e28 31f52563 p.beqimm         x10, 778            x10:00000000
14736786ns          240740 1c008e2c 001d8d93 addi             x27, x27, 1         x27=0000000c x27:0000000b
14736806ns          240741 1c008e2e 00044503 lbu              x10, 0(x8)          x10=00000065  x8:1c000035  PA:1c000035
14737104ns          240756 1c008e32 00140413 addi             x8, x8, 1            x8=1c000036  x8:1c000035
14737124ns          240757 1c008e34 fe0514e3 bne              x10, x0, -24        x10:00000065
14737184ns          240760 1c008e1c 02500793 addi             x15, x0, 37         x15=00000025
14737204ns          240761 1c008e20 04f50863 beq              x10, x15, 80        x10:00000065 x15:00000025
14737224ns          240762 1c008e24 01a005b3 add              x11, x0, x26        x11=00000002 x26:00000002
14737244ns          240763 1c008e26 000b00e7 jalr             x1, x22, 0           x1=1c008e28 x22:1c008d32
14737284ns          240765 1c008d32 000026b7 lui              x13, 0x2000         x13=00002000
14737303ns          240766 1c008d34 f14027f3 csrrs            x15, x0, 0xf14      x15=00000003
14737323ns          240767 1c008d38 f8068693 addi             x13, x13, -128      x13=00001f80 x13:00002000
14737343ns          240768 1c008d3c 00379713 slli             x14, x15, 0x3       x14=00000018 x15:00000003
14737363ns          240769 1c008d40 00279793 slli             x15, x15, 0x2       x15=0000000c x15:00000003
14737383ns          240770 1c008d42 00d7f7b3 and              x15, x15, x13       x15=00000000 x15:0000000c x13:00001f80
14737403ns          240771 1c008d44 ee873733 p.bclr           x14, x14, 23, 8     x14=00000018 x14:00000018
14737423ns          240772 1c008d48 1a10f6b7 lui              x13, 0x1a10f000     x13=1a10f000
14737443ns          240773 1c008d4c 0ff57513 andi             x10, x10, 255       x10=00000065 x10:00000065
14737463ns          240774 1c008d50 00d70733 add              x14, x14, x13       x14=1a10f018 x14:00000018 x13:1a10f000
14737482ns          240775 1c008d52 00a7e723 p.sw             x10, x0(x15)        x10:00000065 x15:00000000  PA:1a10f018
14737801ns          240791 1c008d56 00000513 addi             x10, x0, 0          x10=00000000
14737821ns          240792 1c008d58 00008067 jalr             x0, x1, 0            x1:1c008e28
14737860ns          240794 1c008e28 31f52563 p.beqimm         x10, 778            x10:00000000
14737880ns          240795 1c008e2c 001d8d93 addi             x27, x27, 1         x27=0000000d x27:0000000c
14737900ns          240796 1c008e2e 00044503 lbu              x10, 0(x8)          x10=00000072  x8:1c000036  PA:1c000036
14738198ns          240811 1c008e32 00140413 addi             x8, x8, 1            x8=1c000037  x8:1c000036
14738218ns          240812 1c008e34 fe0514e3 bne              x10, x0, -24        x10:00000072
14738278ns          240815 1c008e1c 02500793 addi             x15, x0, 37         x15=00000025
14738298ns          240816 1c008e20 04f50863 beq              x10, x15, 80        x10:00000072 x15:00000025
14738318ns          240817 1c008e24 01a005b3 add              x11, x0, x26        x11=00000002 x26:00000002
14738338ns          240818 1c008e26 000b00e7 jalr             x1, x22, 0           x1=1c008e28 x22:1c008d32
14738377ns          240820 1c008d32 000026b7 lui              x13, 0x2000         x13=00002000
14738397ns          240821 1c008d34 f14027f3 csrrs            x15, x0, 0xf14      x15=00000003
14738417ns          240822 1c008d38 f8068693 addi             x13, x13, -128      x13=00001f80 x13:00002000
14738437ns          240823 1c008d3c 00379713 slli             x14, x15, 0x3       x14=00000018 x15:00000003
14738457ns          240824 1c008d40 00279793 slli             x15, x15, 0x2       x15=0000000c x15:00000003
14738477ns          240825 1c008d42 00d7f7b3 and              x15, x15, x13       x15=00000000 x15:0000000c x13:00001f80
14738497ns          240826 1c008d44 ee873733 p.bclr           x14, x14, 23, 8     x14=00000018 x14:00000018
14738517ns          240827 1c008d48 1a10f6b7 lui              x13, 0x1a10f000     x13=1a10f000
14738537ns          240828 1c008d4c 0ff57513 andi             x10, x10, 255       x10=00000072 x10:00000072
14738557ns          240829 1c008d50 00d70733 add              x14, x14, x13       x14=1a10f018 x14:00000018 x13:1a10f000
14738576ns          240830 1c008d52 00a7e723 p.sw             x10, x0(x15)        x10:00000072 x15:00000000  PA:1a10f018
14738895ns          240846 1c008d56 00000513 addi             x10, x0, 0          x10=00000000
14738915ns          240847 1c008d58 00008067 jalr             x0, x1, 0            x1:1c008e28
14738954ns          240849 1c008e28 31f52563 p.beqimm         x10, 778            x10:00000000
14738974ns          240850 1c008e2c 001d8d93 addi             x27, x27, 1         x27=0000000e x27:0000000d
14738994ns          240851 1c008e2e 00044503 lbu              x10, 0(x8)          x10=0000006e  x8:1c000037  PA:1c000037
14739292ns          240866 1c008e32 00140413 addi             x8, x8, 1            x8=1c000038  x8:1c000037
14739312ns          240867 1c008e34 fe0514e3 bne              x10, x0, -24        x10:0000006e
14739372ns          240870 1c008e1c 02500793 addi             x15, x0, 37         x15=00000025
14739392ns          240871 1c008e20 04f50863 beq              x10, x15, 80        x10:0000006e x15:00000025
14739412ns          240872 1c008e24 01a005b3 add              x11, x0, x26        x11=00000002 x26:00000002
14739432ns          240873 1c008e26 000b00e7 jalr             x1, x22, 0           x1=1c008e28 x22:1c008d32
14739471ns          240875 1c008d32 000026b7 lui              x13, 0x2000         x13=00002000
14739491ns          240876 1c008d34 f14027f3 csrrs            x15, x0, 0xf14      x15=00000003
14739511ns          240877 1c008d38 f8068693 addi             x13, x13, -128      x13=00001f80 x13:00002000
14739531ns          240878 1c008d3c 00379713 slli             x14, x15, 0x3       x14=00000018 x15:00000003
14739551ns          240879 1c008d40 00279793 slli             x15, x15, 0x2       x15=0000000c x15:00000003
14739571ns          240880 1c008d42 00d7f7b3 and              x15, x15, x13       x15=00000000 x15:0000000c x13:00001f80
14739591ns          240881 1c008d44 ee873733 p.bclr           x14, x14, 23, 8     x14=00000018 x14:00000018
14739611ns          240882 1c008d48 1a10f6b7 lui              x13, 0x1a10f000     x13=1a10f000
14739631ns          240883 1c008d4c 0ff57513 andi             x10, x10, 255       x10=0000006e x10:0000006e
14739651ns          240884 1c008d50 00d70733 add              x14, x14, x13       x14=1a10f018 x14:00000018 x13:1a10f000
14739670ns          240885 1c008d52 00a7e723 p.sw             x10, x0(x15)        x10:0000006e x15:00000000  PA:1a10f018
14739989ns          240901 1c008d56 00000513 addi             x10, x0, 0          x10=00000000
14740009ns          240902 1c008d58 00008067 jalr             x0, x1, 0            x1:1c008e28
14740048ns          240904 1c008e28 31f52563 p.beqimm         x10, 778            x10:00000000
14740068ns          240905 1c008e2c 001d8d93 addi             x27, x27, 1         x27=0000000f x27:0000000e
14740088ns          240906 1c008e2e 00044503 lbu              x10, 0(x8)          x10=00000065  x8:1c000038  PA:1c000038
14740386ns          240921 1c008e32 00140413 addi             x8, x8, 1            x8=1c000039  x8:1c000038
14740406ns          240922 1c008e34 fe0514e3 bne              x10, x0, -24        x10:00000065
14740466ns          240925 1c008e1c 02500793 addi             x15, x0, 37         x15=00000025
14740486ns          240926 1c008e20 04f50863 beq              x10, x15, 80        x10:00000065 x15:00000025
14740506ns          240927 1c008e24 01a005b3 add              x11, x0, x26        x11=00000002 x26:00000002
14740526ns          240928 1c008e26 000b00e7 jalr             x1, x22, 0           x1=1c008e28 x22:1c008d32
14740565ns          240930 1c008d32 000026b7 lui              x13, 0x2000         x13=00002000
14740585ns          240931 1c008d34 f14027f3 csrrs            x15, x0, 0xf14      x15=00000003
14740605ns          240932 1c008d38 f8068693 addi             x13, x13, -128      x13=00001f80 x13:00002000
14740625ns          240933 1c008d3c 00379713 slli             x14, x15, 0x3       x14=00000018 x15:00000003
14740645ns          240934 1c008d40 00279793 slli             x15, x15, 0x2       x15=0000000c x15:00000003
14740665ns          240935 1c008d42 00d7f7b3 and              x15, x15, x13       x15=00000000 x15:0000000c x13:00001f80
14740685ns          240936 1c008d44 ee873733 p.bclr           x14, x14, 23, 8     x14=00000018 x14:00000018
14740705ns          240937 1c008d48 1a10f6b7 lui              x13, 0x1a10f000     x13=1a10f000
14740725ns          240938 1c008d4c 0ff57513 andi             x10, x10, 255       x10=00000065 x10:00000065
14740744ns          240939 1c008d50 00d70733 add              x14, x14, x13       x14=1a10f018 x14:00000018 x13:1a10f000
14740764ns          240940 1c008d52 00a7e723 p.sw             x10, x0(x15)        x10:00000065 x15:00000000  PA:1a10f018
14741083ns          240956 1c008d56 00000513 addi             x10, x0, 0          x10=00000000
14741103ns          240957 1c008d58 00008067 jalr             x0, x1, 0            x1:1c008e28
14741142ns          240959 1c008e28 31f52563 p.beqimm         x10, 778            x10:00000000
14741162ns          240960 1c008e2c 001d8d93 addi             x27, x27, 1         x27=00000010 x27:0000000f
14741182ns          240961 1c008e2e 00044503 lbu              x10, 0(x8)          x10=0000006c  x8:1c000039  PA:1c000039
14741480ns          240976 1c008e32 00140413 addi             x8, x8, 1            x8=1c00003a  x8:1c000039
14741500ns          240977 1c008e34 fe0514e3 bne              x10, x0, -24        x10:0000006c
14741560ns          240980 1c008e1c 02500793 addi             x15, x0, 37         x15=00000025
14741580ns          240981 1c008e20 04f50863 beq              x10, x15, 80        x10:0000006c x15:00000025
14741600ns          240982 1c008e24 01a005b3 add              x11, x0, x26        x11=00000002 x26:00000002
14741620ns          240983 1c008e26 000b00e7 jalr             x1, x22, 0           x1=1c008e28 x22:1c008d32
14741659ns          240985 1c008d32 000026b7 lui              x13, 0x2000         x13=00002000
14741679ns          240986 1c008d34 f14027f3 csrrs            x15, x0, 0xf14      x15=00000003
14741699ns          240987 1c008d38 f8068693 addi             x13, x13, -128      x13=00001f80 x13:00002000
14741719ns          240988 1c008d3c 00379713 slli             x14, x15, 0x3       x14=00000018 x15:00000003
14741739ns          240989 1c008d40 00279793 slli             x15, x15, 0x2       x15=0000000c x15:00000003
14741759ns          240990 1c008d42 00d7f7b3 and              x15, x15, x13       x15=00000000 x15:0000000c x13:00001f80
14741779ns          240991 1c008d44 ee873733 p.bclr           x14, x14, 23, 8     x14=00000018 x14:00000018
14741799ns          240992 1c008d48 1a10f6b7 lui              x13, 0x1a10f000     x13=1a10f000
14741819ns          240993 1c008d4c 0ff57513 andi             x10, x10, 255       x10=0000006c x10:0000006c
14741838ns          240994 1c008d50 00d70733 add              x14, x14, x13       x14=1a10f018 x14:00000018 x13:1a10f000
14741858ns          240995 1c008d52 00a7e723 p.sw             x10, x0(x15)        x10:0000006c x15:00000000  PA:1a10f018
14742197ns          241012 1c008d56 00000513 addi             x10, x0, 0          x10=00000000
14742216ns          241013 1c008d58 00008067 jalr             x0, x1, 0            x1:1c008e28
14742256ns          241015 1c008e28 31f52563 p.beqimm         x10, 778            x10:00000000
14742276ns          241016 1c008e2c 001d8d93 addi             x27, x27, 1         x27=00000011 x27:00000010
14742296ns          241017 1c008e2e 00044503 lbu              x10, 0(x8)          x10=00000020  x8:1c00003a  PA:1c00003a
14742594ns          241032 1c008e32 00140413 addi             x8, x8, 1            x8=1c00003b  x8:1c00003a
14742614ns          241033 1c008e34 fe0514e3 bne              x10, x0, -24        x10:00000020
14742674ns          241036 1c008e1c 02500793 addi             x15, x0, 37         x15=00000025
14742694ns          241037 1c008e20 04f50863 beq              x10, x15, 80        x10:00000020 x15:00000025
14742714ns          241038 1c008e24 01a005b3 add              x11, x0, x26        x11=00000002 x26:00000002
14742734ns          241039 1c008e26 000b00e7 jalr             x1, x22, 0           x1=1c008e28 x22:1c008d32
14742773ns          241041 1c008d32 000026b7 lui              x13, 0x2000         x13=00002000
14742793ns          241042 1c008d34 f14027f3 csrrs            x15, x0, 0xf14      x15=00000003
14742813ns          241043 1c008d38 f8068693 addi             x13, x13, -128      x13=00001f80 x13:00002000
14742833ns          241044 1c008d3c 00379713 slli             x14, x15, 0x3       x14=00000018 x15:00000003
14742853ns          241045 1c008d40 00279793 slli             x15, x15, 0x2       x15=0000000c x15:00000003
14742873ns          241046 1c008d42 00d7f7b3 and              x15, x15, x13       x15=00000000 x15:0000000c x13:00001f80
14742893ns          241047 1c008d44 ee873733 p.bclr           x14, x14, 23, 8     x14=00000018 x14:00000018
14742913ns          241048 1c008d48 1a10f6b7 lui              x13, 0x1a10f000     x13=1a10f000
14742932ns          241049 1c008d4c 0ff57513 andi             x10, x10, 255       x10=00000020 x10:00000020
14742952ns          241050 1c008d50 00d70733 add              x14, x14, x13       x14=1a10f018 x14:00000018 x13:1a10f000
14742972ns          241051 1c008d52 00a7e723 p.sw             x10, x0(x15)        x10:00000020 x15:00000000  PA:1a10f018
14743291ns          241067 1c008d56 00000513 addi             x10, x0, 0          x10=00000000
14743310ns          241068 1c008d58 00008067 jalr             x0, x1, 0            x1:1c008e28
14743350ns          241070 1c008e28 31f52563 p.beqimm         x10, 778            x10:00000000
14743370ns          241071 1c008e2c 001d8d93 addi             x27, x27, 1         x27=00000012 x27:00000011
14743390ns          241072 1c008e2e 00044503 lbu              x10, 0(x8)          x10=00000069  x8:1c00003b  PA:1c00003b
14743688ns          241087 1c008e32 00140413 addi             x8, x8, 1            x8=1c00003c  x8:1c00003b
14743708ns          241088 1c008e34 fe0514e3 bne              x10, x0, -24        x10:00000069
14743768ns          241091 1c008e1c 02500793 addi             x15, x0, 37         x15=00000025
14743788ns          241092 1c008e20 04f50863 beq              x10, x15, 80        x10:00000069 x15:00000025
14743808ns          241093 1c008e24 01a005b3 add              x11, x0, x26        x11=00000002 x26:00000002
14743828ns          241094 1c008e26 000b00e7 jalr             x1, x22, 0           x1=1c008e28 x22:1c008d32
14743867ns          241096 1c008d32 000026b7 lui              x13, 0x2000         x13=00002000
14743887ns          241097 1c008d34 f14027f3 csrrs            x15, x0, 0xf14      x15=00000003
14743907ns          241098 1c008d38 f8068693 addi             x13, x13, -128      x13=00001f80 x13:00002000
14743927ns          241099 1c008d3c 00379713 slli             x14, x15, 0x3       x14=00000018 x15:00000003
14743947ns          241100 1c008d40 00279793 slli             x15, x15, 0x2       x15=0000000c x15:00000003
14743967ns          241101 1c008d42 00d7f7b3 and              x15, x15, x13       x15=00000000 x15:0000000c x13:00001f80
14743987ns          241102 1c008d44 ee873733 p.bclr           x14, x14, 23, 8     x14=00000018 x14:00000018
14744007ns          241103 1c008d48 1a10f6b7 lui              x13, 0x1a10f000     x13=1a10f000
14744026ns          241104 1c008d4c 0ff57513 andi             x10, x10, 255       x10=00000069 x10:00000069
14744046ns          241105 1c008d50 00d70733 add              x14, x14, x13       x14=1a10f018 x14:00000018 x13:1a10f000
14744066ns          241106 1c008d52 00a7e723 p.sw             x10, x0(x15)        x10:00000069 x15:00000000  PA:1a10f018
14744385ns          241122 1c008d56 00000513 addi             x10, x0, 0          x10=00000000
14744404ns          241123 1c008d58 00008067 jalr             x0, x1, 0            x1:1c008e28
14744444ns          241125 1c008e28 31f52563 p.beqimm         x10, 778            x10:00000000
14744464ns          241126 1c008e2c 001d8d93 addi             x27, x27, 1         x27=00000013 x27:00000012
14744484ns          241127 1c008e2e 00044503 lbu              x10, 0(x8)          x10=00000074  x8:1c00003c  PA:1c00003c
14744802ns          241143 1c008e32 00140413 addi             x8, x8, 1            x8=1c00003d  x8:1c00003c
14744822ns          241144 1c008e34 fe0514e3 bne              x10, x0, -24        x10:00000074
14744882ns          241147 1c008e1c 02500793 addi             x15, x0, 37         x15=00000025
14744902ns          241148 1c008e20 04f50863 beq              x10, x15, 80        x10:00000074 x15:00000025
14744922ns          241149 1c008e24 01a005b3 add              x11, x0, x26        x11=00000002 x26:00000002
14744941ns          241150 1c008e26 000b00e7 jalr             x1, x22, 0           x1=1c008e28 x22:1c008d32
14744981ns          241152 1c008d32 000026b7 lui              x13, 0x2000         x13=00002000
14745001ns          241153 1c008d34 f14027f3 csrrs            x15, x0, 0xf14      x15=00000003
14745021ns          241154 1c008d38 f8068693 addi             x13, x13, -128      x13=00001f80 x13:00002000
14745041ns          241155 1c008d3c 00379713 slli             x14, x15, 0x3       x14=00000018 x15:00000003
14745061ns          241156 1c008d40 00279793 slli             x15, x15, 0x2       x15=0000000c x15:00000003
14745081ns          241157 1c008d42 00d7f7b3 and              x15, x15, x13       x15=00000000 x15:0000000c x13:00001f80
14745101ns          241158 1c008d44 ee873733 p.bclr           x14, x14, 23, 8     x14=00000018 x14:00000018
14745120ns          241159 1c008d48 1a10f6b7 lui              x13, 0x1a10f000     x13=1a10f000
14745140ns          241160 1c008d4c 0ff57513 andi             x10, x10, 255       x10=00000074 x10:00000074
14745160ns          241161 1c008d50 00d70733 add              x14, x14, x13       x14=1a10f018 x14:00000018 x13:1a10f000
14745180ns          241162 1c008d52 00a7e723 p.sw             x10, x0(x15)        x10:00000074 x15:00000000  PA:1a10f018
14745498ns          241178 1c008d56 00000513 addi             x10, x0, 0          x10=00000000
14745518ns          241179 1c008d58 00008067 jalr             x0, x1, 0            x1:1c008e28
14745558ns          241181 1c008e28 31f52563 p.beqimm         x10, 778            x10:00000000
14745578ns          241182 1c008e2c 001d8d93 addi             x27, x27, 1         x27=00000014 x27:00000013
14745598ns          241183 1c008e2e 00044503 lbu              x10, 0(x8)          x10=00000065  x8:1c00003d  PA:1c00003d
14745896ns          241198 1c008e32 00140413 addi             x8, x8, 1            x8=1c00003e  x8:1c00003d
14745916ns          241199 1c008e34 fe0514e3 bne              x10, x0, -24        x10:00000065
14745976ns          241202 1c008e1c 02500793 addi             x15, x0, 37         x15=00000025
14745996ns          241203 1c008e20 04f50863 beq              x10, x15, 80        x10:00000065 x15:00000025
14746016ns          241204 1c008e24 01a005b3 add              x11, x0, x26        x11=00000002 x26:00000002
14746035ns          241205 1c008e26 000b00e7 jalr             x1, x22, 0           x1=1c008e28 x22:1c008d32
14746075ns          241207 1c008d32 000026b7 lui              x13, 0x2000         x13=00002000
14746095ns          241208 1c008d34 f14027f3 csrrs            x15, x0, 0xf14      x15=00000003
14746115ns          241209 1c008d38 f8068693 addi             x13, x13, -128      x13=00001f80 x13:00002000
14746135ns          241210 1c008d3c 00379713 slli             x14, x15, 0x3       x14=00000018 x15:00000003
14746155ns          241211 1c008d40 00279793 slli             x15, x15, 0x2       x15=0000000c x15:00000003
14746175ns          241212 1c008d42 00d7f7b3 and              x15, x15, x13       x15=00000000 x15:0000000c x13:00001f80
14746195ns          241213 1c008d44 ee873733 p.bclr           x14, x14, 23, 8     x14=00000018 x14:00000018
14746214ns          241214 1c008d48 1a10f6b7 lui              x13, 0x1a10f000     x13=1a10f000
14746234ns          241215 1c008d4c 0ff57513 andi             x10, x10, 255       x10=00000065 x10:00000065
14746254ns          241216 1c008d50 00d70733 add              x14, x14, x13       x14=1a10f018 x14:00000018 x13:1a10f000
14746274ns          241217 1c008d52 00a7e723 p.sw             x10, x0(x15)        x10:00000065 x15:00000000  PA:1a10f018
14746592ns          241233 1c008d56 00000513 addi             x10, x0, 0          x10=00000000
14746612ns          241234 1c008d58 00008067 jalr             x0, x1, 0            x1:1c008e28
14746652ns          241236 1c008e28 31f52563 p.beqimm         x10, 778            x10:00000000
14746672ns          241237 1c008e2c 001d8d93 addi             x27, x27, 1         x27=00000015 x27:00000014
14746692ns          241238 1c008e2e 00044503 lbu              x10, 0(x8)          x10=00000072  x8:1c00003e  PA:1c00003e
14746990ns          241253 1c008e32 00140413 addi             x8, x8, 1            x8=1c00003f  x8:1c00003e
14747010ns          241254 1c008e34 fe0514e3 bne              x10, x0, -24        x10:00000072
14747070ns          241257 1c008e1c 02500793 addi             x15, x0, 37         x15=00000025
14747090ns          241258 1c008e20 04f50863 beq              x10, x15, 80        x10:00000072 x15:00000025
14747110ns          241259 1c008e24 01a005b3 add              x11, x0, x26        x11=00000002 x26:00000002
14747129ns          241260 1c008e26 000b00e7 jalr             x1, x22, 0           x1=1c008e28 x22:1c008d32
14747169ns          241262 1c008d32 000026b7 lui              x13, 0x2000         x13=00002000
14747189ns          241263 1c008d34 f14027f3 csrrs            x15, x0, 0xf14      x15=00000003
14747209ns          241264 1c008d38 f8068693 addi             x13, x13, -128      x13=00001f80 x13:00002000
14747229ns          241265 1c008d3c 00379713 slli             x14, x15, 0x3       x14=00000018 x15:00000003
14747249ns          241266 1c008d40 00279793 slli             x15, x15, 0x2       x15=0000000c x15:00000003
14747269ns          241267 1c008d42 00d7f7b3 and              x15, x15, x13       x15=00000000 x15:0000000c x13:00001f80
14747289ns          241268 1c008d44 ee873733 p.bclr           x14, x14, 23, 8     x14=00000018 x14:00000018
14747308ns          241269 1c008d48 1a10f6b7 lui              x13, 0x1a10f000     x13=1a10f000
14747328ns          241270 1c008d4c 0ff57513 andi             x10, x10, 255       x10=00000072 x10:00000072
14747348ns          241271 1c008d50 00d70733 add              x14, x14, x13       x14=1a10f018 x14:00000018 x13:1a10f000
14747368ns          241272 1c008d52 00a7e723 p.sw             x10, x0(x15)        x10:00000072 x15:00000000  PA:1a10f018
14747686ns          241288 1c008d56 00000513 addi             x10, x0, 0          x10=00000000
14747706ns          241289 1c008d58 00008067 jalr             x0, x1, 0            x1:1c008e28
14747746ns          241291 1c008e28 31f52563 p.beqimm         x10, 778            x10:00000000
14747766ns          241292 1c008e2c 001d8d93 addi             x27, x27, 1         x27=00000016 x27:00000015
14747786ns          241293 1c008e2e 00044503 lbu              x10, 0(x8)          x10=00000061  x8:1c00003f  PA:1c00003f
14748084ns          241308 1c008e32 00140413 addi             x8, x8, 1            x8=1c000040  x8:1c00003f
14748104ns          241309 1c008e34 fe0514e3 bne              x10, x0, -24        x10:00000061
14748164ns          241312 1c008e1c 02500793 addi             x15, x0, 37         x15=00000025
14748184ns          241313 1c008e20 04f50863 beq              x10, x15, 80        x10:00000061 x15:00000025
14748204ns          241314 1c008e24 01a005b3 add              x11, x0, x26        x11=00000002 x26:00000002
14748223ns          241315 1c008e26 000b00e7 jalr             x1, x22, 0           x1=1c008e28 x22:1c008d32
14748263ns          241317 1c008d32 000026b7 lui              x13, 0x2000         x13=00002000
14748283ns          241318 1c008d34 f14027f3 csrrs            x15, x0, 0xf14      x15=00000003
14748303ns          241319 1c008d38 f8068693 addi             x13, x13, -128      x13=00001f80 x13:00002000
14748323ns          241320 1c008d3c 00379713 slli             x14, x15, 0x3       x14=00000018 x15:00000003
14748343ns          241321 1c008d40 00279793 slli             x15, x15, 0x2       x15=0000000c x15:00000003
14748363ns          241322 1c008d42 00d7f7b3 and              x15, x15, x13       x15=00000000 x15:0000000c x13:00001f80
14748383ns          241323 1c008d44 ee873733 p.bclr           x14, x14, 23, 8     x14=00000018 x14:00000018
14748402ns          241324 1c008d48 1a10f6b7 lui              x13, 0x1a10f000     x13=1a10f000
14748422ns          241325 1c008d4c 0ff57513 andi             x10, x10, 255       x10=00000061 x10:00000061
14748442ns          241326 1c008d50 00d70733 add              x14, x14, x13       x14=1a10f018 x14:00000018 x13:1a10f000
14748462ns          241327 1c008d52 00a7e723 p.sw             x10, x0(x15)        x10:00000061 x15:00000000  PA:1a10f018
14748800ns          241344 1c008d56 00000513 addi             x10, x0, 0          x10=00000000
14748820ns          241345 1c008d58 00008067 jalr             x0, x1, 0            x1:1c008e28
14748860ns          241347 1c008e28 31f52563 p.beqimm         x10, 778            x10:00000000
14748880ns          241348 1c008e2c 001d8d93 addi             x27, x27, 1         x27=00000017 x27:00000016
14748900ns          241349 1c008e2e 00044503 lbu              x10, 0(x8)          x10=00000074  x8:1c000040  PA:1c000040
14749198ns          241364 1c008e32 00140413 addi             x8, x8, 1            x8=1c000041  x8:1c000040
14749218ns          241365 1c008e34 fe0514e3 bne              x10, x0, -24        x10:00000074
14749278ns          241368 1c008e1c 02500793 addi             x15, x0, 37         x15=00000025
14749298ns          241369 1c008e20 04f50863 beq              x10, x15, 80        x10:00000074 x15:00000025
14749317ns          241370 1c008e24 01a005b3 add              x11, x0, x26        x11=00000002 x26:00000002
14749337ns          241371 1c008e26 000b00e7 jalr             x1, x22, 0           x1=1c008e28 x22:1c008d32
14749377ns          241373 1c008d32 000026b7 lui              x13, 0x2000         x13=00002000
14749397ns          241374 1c008d34 f14027f3 csrrs            x15, x0, 0xf14      x15=00000003
14749417ns          241375 1c008d38 f8068693 addi             x13, x13, -128      x13=00001f80 x13:00002000
14749437ns          241376 1c008d3c 00379713 slli             x14, x15, 0x3       x14=00000018 x15:00000003
14749457ns          241377 1c008d40 00279793 slli             x15, x15, 0x2       x15=0000000c x15:00000003
14749477ns          241378 1c008d42 00d7f7b3 and              x15, x15, x13       x15=00000000 x15:0000000c x13:00001f80
14749496ns          241379 1c008d44 ee873733 p.bclr           x14, x14, 23, 8     x14=00000018 x14:00000018
14749516ns          241380 1c008d48 1a10f6b7 lui              x13, 0x1a10f000     x13=1a10f000
14749536ns          241381 1c008d4c 0ff57513 andi             x10, x10, 255       x10=00000074 x10:00000074
14749556ns          241382 1c008d50 00d70733 add              x14, x14, x13       x14=1a10f018 x14:00000018 x13:1a10f000
14749576ns          241383 1c008d52 00a7e723 p.sw             x10, x0(x15)        x10:00000074 x15:00000000  PA:1a10f018
14749894ns          241399 1c008d56 00000513 addi             x10, x0, 0          x10=00000000
14749914ns          241400 1c008d58 00008067 jalr             x0, x1, 0            x1:1c008e28
14749954ns          241402 1c008e28 31f52563 p.beqimm         x10, 778            x10:00000000
14749974ns          241403 1c008e2c 001d8d93 addi             x27, x27, 1         x27=00000018 x27:00000017
14749994ns          241404 1c008e2e 00044503 lbu              x10, 0(x8)          x10=00000069  x8:1c000041  PA:1c000041
14750292ns          241419 1c008e32 00140413 addi             x8, x8, 1            x8=1c000042  x8:1c000041
14750312ns          241420 1c008e34 fe0514e3 bne              x10, x0, -24        x10:00000069
14750372ns          241423 1c008e1c 02500793 addi             x15, x0, 37         x15=00000025
14750392ns          241424 1c008e20 04f50863 beq              x10, x15, 80        x10:00000069 x15:00000025
14750411ns          241425 1c008e24 01a005b3 add              x11, x0, x26        x11=00000002 x26:00000002
14750431ns          241426 1c008e26 000b00e7 jalr             x1, x22, 0           x1=1c008e28 x22:1c008d32
14750471ns          241428 1c008d32 000026b7 lui              x13, 0x2000         x13=00002000
14750491ns          241429 1c008d34 f14027f3 csrrs            x15, x0, 0xf14      x15=00000003
14750511ns          241430 1c008d38 f8068693 addi             x13, x13, -128      x13=00001f80 x13:00002000
14750531ns          241431 1c008d3c 00379713 slli             x14, x15, 0x3       x14=00000018 x15:00000003
14750551ns          241432 1c008d40 00279793 slli             x15, x15, 0x2       x15=0000000c x15:00000003
14750571ns          241433 1c008d42 00d7f7b3 and              x15, x15, x13       x15=00000000 x15:0000000c x13:00001f80
14750590ns          241434 1c008d44 ee873733 p.bclr           x14, x14, 23, 8     x14=00000018 x14:00000018
14750610ns          241435 1c008d48 1a10f6b7 lui              x13, 0x1a10f000     x13=1a10f000
14750630ns          241436 1c008d4c 0ff57513 andi             x10, x10, 255       x10=00000069 x10:00000069
14750650ns          241437 1c008d50 00d70733 add              x14, x14, x13       x14=1a10f018 x14:00000018 x13:1a10f000
14750670ns          241438 1c008d52 00a7e723 p.sw             x10, x0(x15)        x10:00000069 x15:00000000  PA:1a10f018
14750988ns          241454 1c008d56 00000513 addi             x10, x0, 0          x10=00000000
14751008ns          241455 1c008d58 00008067 jalr             x0, x1, 0            x1:1c008e28
14751048ns          241457 1c008e28 31f52563 p.beqimm         x10, 778            x10:00000000
14751068ns          241458 1c008e2c 001d8d93 addi             x27, x27, 1         x27=00000019 x27:00000018
14751088ns          241459 1c008e2e 00044503 lbu              x10, 0(x8)          x10=0000006f  x8:1c000042  PA:1c000042
14751406ns          241475 1c008e32 00140413 addi             x8, x8, 1            x8=1c000043  x8:1c000042
14751426ns          241476 1c008e34 fe0514e3 bne              x10, x0, -24        x10:0000006f
14751485ns          241479 1c008e1c 02500793 addi             x15, x0, 37         x15=00000025
14751505ns          241480 1c008e20 04f50863 beq              x10, x15, 80        x10:0000006f x15:00000025
14751525ns          241481 1c008e24 01a005b3 add              x11, x0, x26        x11=00000002 x26:00000002
14751545ns          241482 1c008e26 000b00e7 jalr             x1, x22, 0           x1=1c008e28 x22:1c008d32
14751585ns          241484 1c008d32 000026b7 lui              x13, 0x2000         x13=00002000
14751605ns          241485 1c008d34 f14027f3 csrrs            x15, x0, 0xf14      x15=00000003
14751625ns          241486 1c008d38 f8068693 addi             x13, x13, -128      x13=00001f80 x13:00002000
14751645ns          241487 1c008d3c 00379713 slli             x14, x15, 0x3       x14=00000018 x15:00000003
14751665ns          241488 1c008d40 00279793 slli             x15, x15, 0x2       x15=0000000c x15:00000003
14751684ns          241489 1c008d42 00d7f7b3 and              x15, x15, x13       x15=00000000 x15:0000000c x13:00001f80
14751704ns          241490 1c008d44 ee873733 p.bclr           x14, x14, 23, 8     x14=00000018 x14:00000018
14751724ns          241491 1c008d48 1a10f6b7 lui              x13, 0x1a10f000     x13=1a10f000
14751744ns          241492 1c008d4c 0ff57513 andi             x10, x10, 255       x10=0000006f x10:0000006f
14751764ns          241493 1c008d50 00d70733 add              x14, x14, x13       x14=1a10f018 x14:00000018 x13:1a10f000
14751784ns          241494 1c008d52 00a7e723 p.sw             x10, x0(x15)        x10:0000006f x15:00000000  PA:1a10f018
14752102ns          241510 1c008d56 00000513 addi             x10, x0, 0          x10=00000000
14752122ns          241511 1c008d58 00008067 jalr             x0, x1, 0            x1:1c008e28
14752162ns          241513 1c008e28 31f52563 p.beqimm         x10, 778            x10:00000000
14752182ns          241514 1c008e2c 001d8d93 addi             x27, x27, 1         x27=0000001a x27:00000019
14752202ns          241515 1c008e2e 00044503 lbu              x10, 0(x8)          x10=0000006e  x8:1c000043  PA:1c000043
14752500ns          241530 1c008e32 00140413 addi             x8, x8, 1            x8=1c000044  x8:1c000043
14752520ns          241531 1c008e34 fe0514e3 bne              x10, x0, -24        x10:0000006e
14752579ns          241534 1c008e1c 02500793 addi             x15, x0, 37         x15=00000025
14752599ns          241535 1c008e20 04f50863 beq              x10, x15, 80        x10:0000006e x15:00000025
14752619ns          241536 1c008e24 01a005b3 add              x11, x0, x26        x11=00000002 x26:00000002
14752639ns          241537 1c008e26 000b00e7 jalr             x1, x22, 0           x1=1c008e28 x22:1c008d32
14752679ns          241539 1c008d32 000026b7 lui              x13, 0x2000         x13=00002000
14752699ns          241540 1c008d34 f14027f3 csrrs            x15, x0, 0xf14      x15=00000003
14752719ns          241541 1c008d38 f8068693 addi             x13, x13, -128      x13=00001f80 x13:00002000
14752739ns          241542 1c008d3c 00379713 slli             x14, x15, 0x3       x14=00000018 x15:00000003
14752759ns          241543 1c008d40 00279793 slli             x15, x15, 0x2       x15=0000000c x15:00000003
14752778ns          241544 1c008d42 00d7f7b3 and              x15, x15, x13       x15=00000000 x15:0000000c x13:00001f80
14752798ns          241545 1c008d44 ee873733 p.bclr           x14, x14, 23, 8     x14=00000018 x14:00000018
14752818ns          241546 1c008d48 1a10f6b7 lui              x13, 0x1a10f000     x13=1a10f000
14752838ns          241547 1c008d4c 0ff57513 andi             x10, x10, 255       x10=0000006e x10:0000006e
14752858ns          241548 1c008d50 00d70733 add              x14, x14, x13       x14=1a10f018 x14:00000018 x13:1a10f000
14752878ns          241549 1c008d52 00a7e723 p.sw             x10, x0(x15)        x10:0000006e x15:00000000  PA:1a10f018
14753196ns          241565 1c008d56 00000513 addi             x10, x0, 0          x10=00000000
14753216ns          241566 1c008d58 00008067 jalr             x0, x1, 0            x1:1c008e28
14753256ns          241568 1c008e28 31f52563 p.beqimm         x10, 778            x10:00000000
14753276ns          241569 1c008e2c 001d8d93 addi             x27, x27, 1         x27=0000001b x27:0000001a
14753296ns          241570 1c008e2e 00044503 lbu              x10, 0(x8)          x10=00000073  x8:1c000044  PA:1c000044
14753594ns          241585 1c008e32 00140413 addi             x8, x8, 1            x8=1c000045  x8:1c000044
14753614ns          241586 1c008e34 fe0514e3 bne              x10, x0, -24        x10:00000073
14753673ns          241589 1c008e1c 02500793 addi             x15, x0, 37         x15=00000025
14753693ns          241590 1c008e20 04f50863 beq              x10, x15, 80        x10:00000073 x15:00000025
14753713ns          241591 1c008e24 01a005b3 add              x11, x0, x26        x11=00000002 x26:00000002
14753733ns          241592 1c008e26 000b00e7 jalr             x1, x22, 0           x1=1c008e28 x22:1c008d32
14753773ns          241594 1c008d32 000026b7 lui              x13, 0x2000         x13=00002000
14753793ns          241595 1c008d34 f14027f3 csrrs            x15, x0, 0xf14      x15=00000003
14753813ns          241596 1c008d38 f8068693 addi             x13, x13, -128      x13=00001f80 x13:00002000
14753833ns          241597 1c008d3c 00379713 slli             x14, x15, 0x3       x14=00000018 x15:00000003
14753852ns          241598 1c008d40 00279793 slli             x15, x15, 0x2       x15=0000000c x15:00000003
14753872ns          241599 1c008d42 00d7f7b3 and              x15, x15, x13       x15=00000000 x15:0000000c x13:00001f80
14753892ns          241600 1c008d44 ee873733 p.bclr           x14, x14, 23, 8     x14=00000018 x14:00000018
14753912ns          241601 1c008d48 1a10f6b7 lui              x13, 0x1a10f000     x13=1a10f000
14753932ns          241602 1c008d4c 0ff57513 andi             x10, x10, 255       x10=00000073 x10:00000073
14753952ns          241603 1c008d50 00d70733 add              x14, x14, x13       x14=1a10f018 x14:00000018 x13:1a10f000
14753972ns          241604 1c008d52 00a7e723 p.sw             x10, x0(x15)        x10:00000073 x15:00000000  PA:1a10f018
14754290ns          241620 1c008d56 00000513 addi             x10, x0, 0          x10=00000000
14754310ns          241621 1c008d58 00008067 jalr             x0, x1, 0            x1:1c008e28
14754350ns          241623 1c008e28 31f52563 p.beqimm         x10, 778            x10:00000000
14754370ns          241624 1c008e2c 001d8d93 addi             x27, x27, 1         x27=0000001c x27:0000001b
14754390ns          241625 1c008e2e 00044503 lbu              x10, 0(x8)          x10=0000002e  x8:1c000045  PA:1c000045
14754688ns          241640 1c008e32 00140413 addi             x8, x8, 1            x8=1c000046  x8:1c000045
14754708ns          241641 1c008e34 fe0514e3 bne              x10, x0, -24        x10:0000002e
14754767ns          241644 1c008e1c 02500793 addi             x15, x0, 37         x15=00000025
14754787ns          241645 1c008e20 04f50863 beq              x10, x15, 80        x10:0000002e x15:00000025
14754807ns          241646 1c008e24 01a005b3 add              x11, x0, x26        x11=00000002 x26:00000002
14754827ns          241647 1c008e26 000b00e7 jalr             x1, x22, 0           x1=1c008e28 x22:1c008d32
14754867ns          241649 1c008d32 000026b7 lui              x13, 0x2000         x13=00002000
14754887ns          241650 1c008d34 f14027f3 csrrs            x15, x0, 0xf14      x15=00000003
14754907ns          241651 1c008d38 f8068693 addi             x13, x13, -128      x13=00001f80 x13:00002000
14754927ns          241652 1c008d3c 00379713 slli             x14, x15, 0x3       x14=00000018 x15:00000003
14754946ns          241653 1c008d40 00279793 slli             x15, x15, 0x2       x15=0000000c x15:00000003
14754966ns          241654 1c008d42 00d7f7b3 and              x15, x15, x13       x15=00000000 x15:0000000c x13:00001f80
14754986ns          241655 1c008d44 ee873733 p.bclr           x14, x14, 23, 8     x14=00000018 x14:00000018
14755006ns          241656 1c008d48 1a10f6b7 lui              x13, 0x1a10f000     x13=1a10f000
14755026ns          241657 1c008d4c 0ff57513 andi             x10, x10, 255       x10=0000002e x10:0000002e
14755046ns          241658 1c008d50 00d70733 add              x14, x14, x13       x14=1a10f018 x14:00000018 x13:1a10f000
14755066ns          241659 1c008d52 00a7e723 p.sw             x10, x0(x15)        x10:0000002e x15:00000000  PA:1a10f018
14755404ns          241676 1c008d56 00000513 addi             x10, x0, 0          x10=00000000
14755424ns          241677 1c008d58 00008067 jalr             x0, x1, 0            x1:1c008e28
14755464ns          241679 1c008e28 31f52563 p.beqimm         x10, 778            x10:00000000
14755484ns          241680 1c008e2c 001d8d93 addi             x27, x27, 1         x27=0000001d x27:0000001c
14755503ns          241681 1c008e2e 00044503 lbu              x10, 0(x8)          x10=0000002e  x8:1c000046  PA:1c000046
14755802ns          241696 1c008e32 00140413 addi             x8, x8, 1            x8=1c000047  x8:1c000046
14755822ns          241697 1c008e34 fe0514e3 bne              x10, x0, -24        x10:0000002e
14755881ns          241700 1c008e1c 02500793 addi             x15, x0, 37         x15=00000025
14755901ns          241701 1c008e20 04f50863 beq              x10, x15, 80        x10:0000002e x15:00000025
14755921ns          241702 1c008e24 01a005b3 add              x11, x0, x26        x11=00000002 x26:00000002
14755941ns          241703 1c008e26 000b00e7 jalr             x1, x22, 0           x1=1c008e28 x22:1c008d32
14755981ns          241705 1c008d32 000026b7 lui              x13, 0x2000         x13=00002000
14756001ns          241706 1c008d34 f14027f3 csrrs            x15, x0, 0xf14      x15=00000003
14756021ns          241707 1c008d38 f8068693 addi             x13, x13, -128      x13=00001f80 x13:00002000
14756040ns          241708 1c008d3c 00379713 slli             x14, x15, 0x3       x14=00000018 x15:00000003
14756060ns          241709 1c008d40 00279793 slli             x15, x15, 0x2       x15=0000000c x15:00000003
14756080ns          241710 1c008d42 00d7f7b3 and              x15, x15, x13       x15=00000000 x15:0000000c x13:00001f80
14756100ns          241711 1c008d44 ee873733 p.bclr           x14, x14, 23, 8     x14=00000018 x14:00000018
14756120ns          241712 1c008d48 1a10f6b7 lui              x13, 0x1a10f000     x13=1a10f000
14756140ns          241713 1c008d4c 0ff57513 andi             x10, x10, 255       x10=0000002e x10:0000002e
14756160ns          241714 1c008d50 00d70733 add              x14, x14, x13       x14=1a10f018 x14:00000018 x13:1a10f000
14756180ns          241715 1c008d52 00a7e723 p.sw             x10, x0(x15)        x10:0000002e x15:00000000  PA:1a10f018
14756498ns          241731 1c008d56 00000513 addi             x10, x0, 0          x10=00000000
14756518ns          241732 1c008d58 00008067 jalr             x0, x1, 0            x1:1c008e28
14756558ns          241734 1c008e28 31f52563 p.beqimm         x10, 778            x10:00000000
14756578ns          241735 1c008e2c 001d8d93 addi             x27, x27, 1         x27=0000001e x27:0000001d
14756597ns          241736 1c008e2e 00044503 lbu              x10, 0(x8)          x10=0000002e  x8:1c000047  PA:1c000047
14756896ns          241751 1c008e32 00140413 addi             x8, x8, 1            x8=1c000048  x8:1c000047
14756916ns          241752 1c008e34 fe0514e3 bne              x10, x0, -24        x10:0000002e
14756975ns          241755 1c008e1c 02500793 addi             x15, x0, 37         x15=00000025
14756995ns          241756 1c008e20 04f50863 beq              x10, x15, 80        x10:0000002e x15:00000025
14757015ns          241757 1c008e24 01a005b3 add              x11, x0, x26        x11=00000002 x26:00000002
14757035ns          241758 1c008e26 000b00e7 jalr             x1, x22, 0           x1=1c008e28 x22:1c008d32
14757075ns          241760 1c008d32 000026b7 lui              x13, 0x2000         x13=00002000
14757095ns          241761 1c008d34 f14027f3 csrrs            x15, x0, 0xf14      x15=00000003
14757115ns          241762 1c008d38 f8068693 addi             x13, x13, -128      x13=00001f80 x13:00002000
14757134ns          241763 1c008d3c 00379713 slli             x14, x15, 0x3       x14=00000018 x15:00000003
14757154ns          241764 1c008d40 00279793 slli             x15, x15, 0x2       x15=0000000c x15:00000003
14757174ns          241765 1c008d42 00d7f7b3 and              x15, x15, x13       x15=00000000 x15:0000000c x13:00001f80
14757194ns          241766 1c008d44 ee873733 p.bclr           x14, x14, 23, 8     x14=00000018 x14:00000018
14757214ns          241767 1c008d48 1a10f6b7 lui              x13, 0x1a10f000     x13=1a10f000
14757234ns          241768 1c008d4c 0ff57513 andi             x10, x10, 255       x10=0000002e x10:0000002e
14757254ns          241769 1c008d50 00d70733 add              x14, x14, x13       x14=1a10f018 x14:00000018 x13:1a10f000
14757274ns          241770 1c008d52 00a7e723 p.sw             x10, x0(x15)        x10:0000002e x15:00000000  PA:1a10f018
14757592ns          241786 1c008d56 00000513 addi             x10, x0, 0          x10=00000000
14757612ns          241787 1c008d58 00008067 jalr             x0, x1, 0            x1:1c008e28
14757652ns          241789 1c008e28 31f52563 p.beqimm         x10, 778            x10:00000000
14757672ns          241790 1c008e2c 001d8d93 addi             x27, x27, 1         x27=0000001f x27:0000001e
14757691ns          241791 1c008e2e 00044503 lbu              x10, 0(x8)          x10=00000020  x8:1c000048  PA:1c000048
14758010ns          241807 1c008e32 00140413 addi             x8, x8, 1            x8=1c000049  x8:1c000048
14758030ns          241808 1c008e34 fe0514e3 bne              x10, x0, -24        x10:00000020
14758089ns          241811 1c008e1c 02500793 addi             x15, x0, 37         x15=00000025
14758109ns          241812 1c008e20 04f50863 beq              x10, x15, 80        x10:00000020 x15:00000025
14758129ns          241813 1c008e24 01a005b3 add              x11, x0, x26        x11=00000002 x26:00000002
14758149ns          241814 1c008e26 000b00e7 jalr             x1, x22, 0           x1=1c008e28 x22:1c008d32
14758189ns          241816 1c008d32 000026b7 lui              x13, 0x2000         x13=00002000
14758209ns          241817 1c008d34 f14027f3 csrrs            x15, x0, 0xf14      x15=00000003
14758228ns          241818 1c008d38 f8068693 addi             x13, x13, -128      x13=00001f80 x13:00002000
14758248ns          241819 1c008d3c 00379713 slli             x14, x15, 0x3       x14=00000018 x15:00000003
14758268ns          241820 1c008d40 00279793 slli             x15, x15, 0x2       x15=0000000c x15:00000003
14758288ns          241821 1c008d42 00d7f7b3 and              x15, x15, x13       x15=00000000 x15:0000000c x13:00001f80
14758308ns          241822 1c008d44 ee873733 p.bclr           x14, x14, 23, 8     x14=00000018 x14:00000018
14758328ns          241823 1c008d48 1a10f6b7 lui              x13, 0x1a10f000     x13=1a10f000
14758348ns          241824 1c008d4c 0ff57513 andi             x10, x10, 255       x10=00000020 x10:00000020
14758368ns          241825 1c008d50 00d70733 add              x14, x14, x13       x14=1a10f018 x14:00000018 x13:1a10f000
14758388ns          241826 1c008d52 00a7e723 p.sw             x10, x0(x15)        x10:00000020 x15:00000000  PA:1a10f018
14758706ns          241842 1c008d56 00000513 addi             x10, x0, 0          x10=00000000
14758726ns          241843 1c008d58 00008067 jalr             x0, x1, 0            x1:1c008e28
14758766ns          241845 1c008e28 31f52563 p.beqimm         x10, 778            x10:00000000
14758785ns          241846 1c008e2c 001d8d93 addi             x27, x27, 1         x27=00000020 x27:0000001f
14758805ns          241847 1c008e2e 00044503 lbu              x10, 0(x8)          x10=00000028  x8:1c000049  PA:1c000049
14759104ns          241862 1c008e32 00140413 addi             x8, x8, 1            x8=1c00004a  x8:1c000049
14759124ns          241863 1c008e34 fe0514e3 bne              x10, x0, -24        x10:00000028
14759183ns          241866 1c008e1c 02500793 addi             x15, x0, 37         x15=00000025
14759203ns          241867 1c008e20 04f50863 beq              x10, x15, 80        x10:00000028 x15:00000025
14759223ns          241868 1c008e24 01a005b3 add              x11, x0, x26        x11=00000002 x26:00000002
14759243ns          241869 1c008e26 000b00e7 jalr             x1, x22, 0           x1=1c008e28 x22:1c008d32
14759283ns          241871 1c008d32 000026b7 lui              x13, 0x2000         x13=00002000
14759303ns          241872 1c008d34 f14027f3 csrrs            x15, x0, 0xf14      x15=00000003
14759322ns          241873 1c008d38 f8068693 addi             x13, x13, -128      x13=00001f80 x13:00002000
14759342ns          241874 1c008d3c 00379713 slli             x14, x15, 0x3       x14=00000018 x15:00000003
14759362ns          241875 1c008d40 00279793 slli             x15, x15, 0x2       x15=0000000c x15:00000003
14759382ns          241876 1c008d42 00d7f7b3 and              x15, x15, x13       x15=00000000 x15:0000000c x13:00001f80
14759402ns          241877 1c008d44 ee873733 p.bclr           x14, x14, 23, 8     x14=00000018 x14:00000018
14759422ns          241878 1c008d48 1a10f6b7 lui              x13, 0x1a10f000     x13=1a10f000
14759442ns          241879 1c008d4c 0ff57513 andi             x10, x10, 255       x10=00000028 x10:00000028
14759462ns          241880 1c008d50 00d70733 add              x14, x14, x13       x14=1a10f018 x14:00000018 x13:1a10f000
14759482ns          241881 1c008d52 00a7e723 p.sw             x10, x0(x15)        x10:00000028 x15:00000000  PA:1a10f018
14759800ns          241897 1c008d56 00000513 addi             x10, x0, 0          x10=00000000
14759820ns          241898 1c008d58 00008067 jalr             x0, x1, 0            x1:1c008e28
14759860ns          241900 1c008e28 31f52563 p.beqimm         x10, 778            x10:00000000
14759879ns          241901 1c008e2c 001d8d93 addi             x27, x27, 1         x27=00000021 x27:00000020
14759899ns          241902 1c008e2e 00044503 lbu              x10, 0(x8)          x10=00000063  x8:1c00004a  PA:1c00004a
14760198ns          241917 1c008e32 00140413 addi             x8, x8, 1            x8=1c00004b  x8:1c00004a
14760218ns          241918 1c008e34 fe0514e3 bne              x10, x0, -24        x10:00000063
14760277ns          241921 1c008e1c 02500793 addi             x15, x0, 37         x15=00000025
14760297ns          241922 1c008e20 04f50863 beq              x10, x15, 80        x10:00000063 x15:00000025
14760317ns          241923 1c008e24 01a005b3 add              x11, x0, x26        x11=00000002 x26:00000002
14760337ns          241924 1c008e26 000b00e7 jalr             x1, x22, 0           x1=1c008e28 x22:1c008d32
14760377ns          241926 1c008d32 000026b7 lui              x13, 0x2000         x13=00002000
14760397ns          241927 1c008d34 f14027f3 csrrs            x15, x0, 0xf14      x15=00000003
14760416ns          241928 1c008d38 f8068693 addi             x13, x13, -128      x13=00001f80 x13:00002000
14760436ns          241929 1c008d3c 00379713 slli             x14, x15, 0x3       x14=00000018 x15:00000003
14760456ns          241930 1c008d40 00279793 slli             x15, x15, 0x2       x15=0000000c x15:00000003
14760476ns          241931 1c008d42 00d7f7b3 and              x15, x15, x13       x15=00000000 x15:0000000c x13:00001f80
14760496ns          241932 1c008d44 ee873733 p.bclr           x14, x14, 23, 8     x14=00000018 x14:00000018
14760516ns          241933 1c008d48 1a10f6b7 lui              x13, 0x1a10f000     x13=1a10f000
14760536ns          241934 1c008d4c 0ff57513 andi             x10, x10, 255       x10=00000063 x10:00000063
14760556ns          241935 1c008d50 00d70733 add              x14, x14, x13       x14=1a10f018 x14:00000018 x13:1a10f000
14760576ns          241936 1c008d52 00a7e723 p.sw             x10, x0(x15)        x10:00000063 x15:00000000  PA:1a10f018
14760894ns          241952 1c008d56 00000513 addi             x10, x0, 0          x10=00000000
14760914ns          241953 1c008d58 00008067 jalr             x0, x1, 0            x1:1c008e28
14760953ns          241955 1c008e28 31f52563 p.beqimm         x10, 778            x10:00000000
14760973ns          241956 1c008e2c 001d8d93 addi             x27, x27, 1         x27=00000022 x27:00000021
14760993ns          241957 1c008e2e 00044503 lbu              x10, 0(x8)          x10=0000006f  x8:1c00004b  PA:1c00004b
14761292ns          241972 1c008e32 00140413 addi             x8, x8, 1            x8=1c00004c  x8:1c00004b
14761312ns          241973 1c008e34 fe0514e3 bne              x10, x0, -24        x10:0000006f
14761371ns          241976 1c008e1c 02500793 addi             x15, x0, 37         x15=00000025
14761391ns          241977 1c008e20 04f50863 beq              x10, x15, 80        x10:0000006f x15:00000025
14761411ns          241978 1c008e24 01a005b3 add              x11, x0, x26        x11=00000002 x26:00000002
14761431ns          241979 1c008e26 000b00e7 jalr             x1, x22, 0           x1=1c008e28 x22:1c008d32
14761471ns          241981 1c008d32 000026b7 lui              x13, 0x2000         x13=00002000
14761491ns          241982 1c008d34 f14027f3 csrrs            x15, x0, 0xf14      x15=00000003
14761510ns          241983 1c008d38 f8068693 addi             x13, x13, -128      x13=00001f80 x13:00002000
14761530ns          241984 1c008d3c 00379713 slli             x14, x15, 0x3       x14=00000018 x15:00000003
14761550ns          241985 1c008d40 00279793 slli             x15, x15, 0x2       x15=0000000c x15:00000003
14761570ns          241986 1c008d42 00d7f7b3 and              x15, x15, x13       x15=00000000 x15:0000000c x13:00001f80
14761590ns          241987 1c008d44 ee873733 p.bclr           x14, x14, 23, 8     x14=00000018 x14:00000018
14761610ns          241988 1c008d48 1a10f6b7 lui              x13, 0x1a10f000     x13=1a10f000
14761630ns          241989 1c008d4c 0ff57513 andi             x10, x10, 255       x10=0000006f x10:0000006f
14761650ns          241990 1c008d50 00d70733 add              x14, x14, x13       x14=1a10f018 x14:00000018 x13:1a10f000
14761670ns          241991 1c008d52 00a7e723 p.sw             x10, x0(x15)        x10:0000006f x15:00000000  PA:1a10f018
14762028ns          242009 1c008d56 00000513 addi             x10, x0, 0          x10=00000000
14762047ns          242010 1c008d58 00008067 jalr             x0, x1, 0            x1:1c008e28
14762087ns          242012 1c008e28 31f52563 p.beqimm         x10, 778            x10:00000000
14762107ns          242013 1c008e2c 001d8d93 addi             x27, x27, 1         x27=00000023 x27:00000022
14762127ns          242014 1c008e2e 00044503 lbu              x10, 0(x8)          x10=00000072  x8:1c00004c  PA:1c00004c
14762425ns          242029 1c008e32 00140413 addi             x8, x8, 1            x8=1c00004d  x8:1c00004c
14762445ns          242030 1c008e34 fe0514e3 bne              x10, x0, -24        x10:00000072
14762505ns          242033 1c008e1c 02500793 addi             x15, x0, 37         x15=00000025
14762525ns          242034 1c008e20 04f50863 beq              x10, x15, 80        x10:00000072 x15:00000025
14762545ns          242035 1c008e24 01a005b3 add              x11, x0, x26        x11=00000002 x26:00000002
14762565ns          242036 1c008e26 000b00e7 jalr             x1, x22, 0           x1=1c008e28 x22:1c008d32
14762604ns          242038 1c008d32 000026b7 lui              x13, 0x2000         x13=00002000
14762624ns          242039 1c008d34 f14027f3 csrrs            x15, x0, 0xf14      x15=00000003
14762644ns          242040 1c008d38 f8068693 addi             x13, x13, -128      x13=00001f80 x13:00002000
14762664ns          242041 1c008d3c 00379713 slli             x14, x15, 0x3       x14=00000018 x15:00000003
14762684ns          242042 1c008d40 00279793 slli             x15, x15, 0x2       x15=0000000c x15:00000003
14762704ns          242043 1c008d42 00d7f7b3 and              x15, x15, x13       x15=00000000 x15:0000000c x13:00001f80
14762724ns          242044 1c008d44 ee873733 p.bclr           x14, x14, 23, 8     x14=00000018 x14:00000018
14762744ns          242045 1c008d48 1a10f6b7 lui              x13, 0x1a10f000     x13=1a10f000
14762764ns          242046 1c008d4c 0ff57513 andi             x10, x10, 255       x10=00000072 x10:00000072
14762783ns          242047 1c008d50 00d70733 add              x14, x14, x13       x14=1a10f018 x14:00000018 x13:1a10f000
14762803ns          242048 1c008d52 00a7e723 p.sw             x10, x0(x15)        x10:00000072 x15:00000000  PA:1a10f018
14763122ns          242064 1c008d56 00000513 addi             x10, x0, 0          x10=00000000
14763141ns          242065 1c008d58 00008067 jalr             x0, x1, 0            x1:1c008e28
14763181ns          242067 1c008e28 31f52563 p.beqimm         x10, 778            x10:00000000
14763201ns          242068 1c008e2c 001d8d93 addi             x27, x27, 1         x27=00000024 x27:00000023
14763221ns          242069 1c008e2e 00044503 lbu              x10, 0(x8)          x10=00000065  x8:1c00004d  PA:1c00004d
14763519ns          242084 1c008e32 00140413 addi             x8, x8, 1            x8=1c00004e  x8:1c00004d
14763539ns          242085 1c008e34 fe0514e3 bne              x10, x0, -24        x10:00000065
14763599ns          242088 1c008e1c 02500793 addi             x15, x0, 37         x15=00000025
14763619ns          242089 1c008e20 04f50863 beq              x10, x15, 80        x10:00000065 x15:00000025
14763639ns          242090 1c008e24 01a005b3 add              x11, x0, x26        x11=00000002 x26:00000002
14763659ns          242091 1c008e26 000b00e7 jalr             x1, x22, 0           x1=1c008e28 x22:1c008d32
14763698ns          242093 1c008d32 000026b7 lui              x13, 0x2000         x13=00002000
14763718ns          242094 1c008d34 f14027f3 csrrs            x15, x0, 0xf14      x15=00000003
14763738ns          242095 1c008d38 f8068693 addi             x13, x13, -128      x13=00001f80 x13:00002000
14763758ns          242096 1c008d3c 00379713 slli             x14, x15, 0x3       x14=00000018 x15:00000003
14763778ns          242097 1c008d40 00279793 slli             x15, x15, 0x2       x15=0000000c x15:00000003
14763798ns          242098 1c008d42 00d7f7b3 and              x15, x15, x13       x15=00000000 x15:0000000c x13:00001f80
14763818ns          242099 1c008d44 ee873733 p.bclr           x14, x14, 23, 8     x14=00000018 x14:00000018
14763838ns          242100 1c008d48 1a10f6b7 lui              x13, 0x1a10f000     x13=1a10f000
14763858ns          242101 1c008d4c 0ff57513 andi             x10, x10, 255       x10=00000065 x10:00000065
14763877ns          242102 1c008d50 00d70733 add              x14, x14, x13       x14=1a10f018 x14:00000018 x13:1a10f000
14763897ns          242103 1c008d52 00a7e723 p.sw             x10, x0(x15)        x10:00000065 x15:00000000  PA:1a10f018
14764235ns          242120 1c008d56 00000513 addi             x10, x0, 0          x10=00000000
14764255ns          242121 1c008d58 00008067 jalr             x0, x1, 0            x1:1c008e28
14764295ns          242123 1c008e28 31f52563 p.beqimm         x10, 778            x10:00000000
14764315ns          242124 1c008e2c 001d8d93 addi             x27, x27, 1         x27=00000025 x27:00000024
14764335ns          242125 1c008e2e 00044503 lbu              x10, 0(x8)          x10=00000069  x8:1c00004e  PA:1c00004e
14764653ns          242141 1c008e32 00140413 addi             x8, x8, 1            x8=1c00004f  x8:1c00004e
14764673ns          242142 1c008e34 fe0514e3 bne              x10, x0, -24        x10:00000069
14764733ns          242145 1c008e1c 02500793 addi             x15, x0, 37         x15=00000025
14764753ns          242146 1c008e20 04f50863 beq              x10, x15, 80        x10:00000069 x15:00000025
14764773ns          242147 1c008e24 01a005b3 add              x11, x0, x26        x11=00000002 x26:00000002
14764792ns          242148 1c008e26 000b00e7 jalr             x1, x22, 0           x1=1c008e28 x22:1c008d32
14764832ns          242150 1c008d32 000026b7 lui              x13, 0x2000         x13=00002000
14764852ns          242151 1c008d34 f14027f3 csrrs            x15, x0, 0xf14      x15=00000003
14764872ns          242152 1c008d38 f8068693 addi             x13, x13, -128      x13=00001f80 x13:00002000
14764892ns          242153 1c008d3c 00379713 slli             x14, x15, 0x3       x14=00000018 x15:00000003
14764912ns          242154 1c008d40 00279793 slli             x15, x15, 0x2       x15=0000000c x15:00000003
14764932ns          242155 1c008d42 00d7f7b3 and              x15, x15, x13       x15=00000000 x15:0000000c x13:00001f80
14764952ns          242156 1c008d44 ee873733 p.bclr           x14, x14, 23, 8     x14=00000018 x14:00000018
14764971ns          242157 1c008d48 1a10f6b7 lui              x13, 0x1a10f000     x13=1a10f000
14764991ns          242158 1c008d4c 0ff57513 andi             x10, x10, 255       x10=00000069 x10:00000069
14765011ns          242159 1c008d50 00d70733 add              x14, x14, x13       x14=1a10f018 x14:00000018 x13:1a10f000
14765031ns          242160 1c008d52 00a7e723 p.sw             x10, x0(x15)        x10:00000069 x15:00000000  PA:1a10f018
14765349ns          242176 1c008d56 00000513 addi             x10, x0, 0          x10=00000000
14765369ns          242177 1c008d58 00008067 jalr             x0, x1, 0            x1:1c008e28
14765409ns          242179 1c008e28 31f52563 p.beqimm         x10, 778            x10:00000000
14765429ns          242180 1c008e2c 001d8d93 addi             x27, x27, 1         x27=00000026 x27:00000025
14765449ns          242181 1c008e2e 00044503 lbu              x10, 0(x8)          x10=00000064  x8:1c00004f  PA:1c00004f
14765747ns          242196 1c008e32 00140413 addi             x8, x8, 1            x8=1c000050  x8:1c00004f
14765767ns          242197 1c008e34 fe0514e3 bne              x10, x0, -24        x10:00000064
14765827ns          242200 1c008e1c 02500793 addi             x15, x0, 37         x15=00000025
14765847ns          242201 1c008e20 04f50863 beq              x10, x15, 80        x10:00000064 x15:00000025
14765867ns          242202 1c008e24 01a005b3 add              x11, x0, x26        x11=00000002 x26:00000002
14765886ns          242203 1c008e26 000b00e7 jalr             x1, x22, 0           x1=1c008e28 x22:1c008d32
14765926ns          242205 1c008d32 000026b7 lui              x13, 0x2000         x13=00002000
14765946ns          242206 1c008d34 f14027f3 csrrs            x15, x0, 0xf14      x15=00000003
14765966ns          242207 1c008d38 f8068693 addi             x13, x13, -128      x13=00001f80 x13:00002000
14765986ns          242208 1c008d3c 00379713 slli             x14, x15, 0x3       x14=00000018 x15:00000003
14766006ns          242209 1c008d40 00279793 slli             x15, x15, 0x2       x15=0000000c x15:00000003
14766026ns          242210 1c008d42 00d7f7b3 and              x15, x15, x13       x15=00000000 x15:0000000c x13:00001f80
14766046ns          242211 1c008d44 ee873733 p.bclr           x14, x14, 23, 8     x14=00000018 x14:00000018
14766065ns          242212 1c008d48 1a10f6b7 lui              x13, 0x1a10f000     x13=1a10f000
14766085ns          242213 1c008d4c 0ff57513 andi             x10, x10, 255       x10=00000064 x10:00000064
14766105ns          242214 1c008d50 00d70733 add              x14, x14, x13       x14=1a10f018 x14:00000018 x13:1a10f000
14766125ns          242215 1c008d52 00a7e723 p.sw             x10, x0(x15)        x10:00000064 x15:00000000  PA:1a10f018
14766443ns          242231 1c008d56 00000513 addi             x10, x0, 0          x10=00000000
14766463ns          242232 1c008d58 00008067 jalr             x0, x1, 0            x1:1c008e28
14766503ns          242234 1c008e28 31f52563 p.beqimm         x10, 778            x10:00000000
14766523ns          242235 1c008e2c 001d8d93 addi             x27, x27, 1         x27=00000027 x27:00000026
14766543ns          242236 1c008e2e 00044503 lbu              x10, 0(x8)          x10=00000020  x8:1c000050  PA:1c000050
14766841ns          242251 1c008e32 00140413 addi             x8, x8, 1            x8=1c000051  x8:1c000050
14766861ns          242252 1c008e34 fe0514e3 bne              x10, x0, -24        x10:00000020
14766921ns          242255 1c008e1c 02500793 addi             x15, x0, 37         x15=00000025
14766941ns          242256 1c008e20 04f50863 beq              x10, x15, 80        x10:00000020 x15:00000025
14766961ns          242257 1c008e24 01a005b3 add              x11, x0, x26        x11=00000002 x26:00000002
14766980ns          242258 1c008e26 000b00e7 jalr             x1, x22, 0           x1=1c008e28 x22:1c008d32
14767020ns          242260 1c008d32 000026b7 lui              x13, 0x2000         x13=00002000
14767040ns          242261 1c008d34 f14027f3 csrrs            x15, x0, 0xf14      x15=00000003
14767060ns          242262 1c008d38 f8068693 addi             x13, x13, -128      x13=00001f80 x13:00002000
14767080ns          242263 1c008d3c 00379713 slli             x14, x15, 0x3       x14=00000018 x15:00000003
14767100ns          242264 1c008d40 00279793 slli             x15, x15, 0x2       x15=0000000c x15:00000003
14767120ns          242265 1c008d42 00d7f7b3 and              x15, x15, x13       x15=00000000 x15:0000000c x13:00001f80
14767140ns          242266 1c008d44 ee873733 p.bclr           x14, x14, 23, 8     x14=00000018 x14:00000018
14767159ns          242267 1c008d48 1a10f6b7 lui              x13, 0x1a10f000     x13=1a10f000
14767179ns          242268 1c008d4c 0ff57513 andi             x10, x10, 255       x10=00000020 x10:00000020
14767199ns          242269 1c008d50 00d70733 add              x14, x14, x13       x14=1a10f018 x14:00000018 x13:1a10f000
14767219ns          242270 1c008d52 00a7e723 p.sw             x10, x0(x15)        x10:00000020 x15:00000000  PA:1a10f018
14767537ns          242286 1c008d56 00000513 addi             x10, x0, 0          x10=00000000
14767557ns          242287 1c008d58 00008067 jalr             x0, x1, 0            x1:1c008e28
14767597ns          242289 1c008e28 31f52563 p.beqimm         x10, 778            x10:00000000
14767617ns          242290 1c008e2c 001d8d93 addi             x27, x27, 1         x27=00000028 x27:00000027
14767637ns          242291 1c008e2e 00044503 lbu              x10, 0(x8)          x10=0000003d  x8:1c000051  PA:1c000051
14767935ns          242306 1c008e32 00140413 addi             x8, x8, 1            x8=1c000052  x8:1c000051
14767955ns          242307 1c008e34 fe0514e3 bne              x10, x0, -24        x10:0000003d
14768015ns          242310 1c008e1c 02500793 addi             x15, x0, 37         x15=00000025
14768035ns          242311 1c008e20 04f50863 beq              x10, x15, 80        x10:0000003d x15:00000025
14768054ns          242312 1c008e24 01a005b3 add              x11, x0, x26        x11=00000002 x26:00000002
14768074ns          242313 1c008e26 000b00e7 jalr             x1, x22, 0           x1=1c008e28 x22:1c008d32
14768114ns          242315 1c008d32 000026b7 lui              x13, 0x2000         x13=00002000
14768134ns          242316 1c008d34 f14027f3 csrrs            x15, x0, 0xf14      x15=00000003
14768154ns          242317 1c008d38 f8068693 addi             x13, x13, -128      x13=00001f80 x13:00002000
14768174ns          242318 1c008d3c 00379713 slli             x14, x15, 0x3       x14=00000018 x15:00000003
14768194ns          242319 1c008d40 00279793 slli             x15, x15, 0x2       x15=0000000c x15:00000003
14768214ns          242320 1c008d42 00d7f7b3 and              x15, x15, x13       x15=00000000 x15:0000000c x13:00001f80
14768234ns          242321 1c008d44 ee873733 p.bclr           x14, x14, 23, 8     x14=00000018 x14:00000018
14768253ns          242322 1c008d48 1a10f6b7 lui              x13, 0x1a10f000     x13=1a10f000
14768273ns          242323 1c008d4c 0ff57513 andi             x10, x10, 255       x10=0000003d x10:0000003d
14768293ns          242324 1c008d50 00d70733 add              x14, x14, x13       x14=1a10f018 x14:00000018 x13:1a10f000
14768313ns          242325 1c008d52 00a7e723 p.sw             x10, x0(x15)        x10:0000003d x15:00000000  PA:1a10f018
14768651ns          242342 1c008d56 00000513 addi             x10, x0, 0          x10=00000000
14768671ns          242343 1c008d58 00008067 jalr             x0, x1, 0            x1:1c008e28
14768711ns          242345 1c008e28 31f52563 p.beqimm         x10, 778            x10:00000000
14768731ns          242346 1c008e2c 001d8d93 addi             x27, x27, 1         x27=00000029 x27:00000028
14768751ns          242347 1c008e2e 00044503 lbu              x10, 0(x8)          x10=00000020  x8:1c000052  PA:1c000052
14769049ns          242362 1c008e32 00140413 addi             x8, x8, 1            x8=1c000053  x8:1c000052
14769069ns          242363 1c008e34 fe0514e3 bne              x10, x0, -24        x10:00000020
14769129ns          242366 1c008e1c 02500793 addi             x15, x0, 37         x15=00000025
14769148ns          242367 1c008e20 04f50863 beq              x10, x15, 80        x10:00000020 x15:00000025
14769168ns          242368 1c008e24 01a005b3 add              x11, x0, x26        x11=00000002 x26:00000002
14769188ns          242369 1c008e26 000b00e7 jalr             x1, x22, 0           x1=1c008e28 x22:1c008d32
14769228ns          242371 1c008d32 000026b7 lui              x13, 0x2000         x13=00002000
14769248ns          242372 1c008d34 f14027f3 csrrs            x15, x0, 0xf14      x15=00000003
14769268ns          242373 1c008d38 f8068693 addi             x13, x13, -128      x13=00001f80 x13:00002000
14769288ns          242374 1c008d3c 00379713 slli             x14, x15, 0x3       x14=00000018 x15:00000003
14769308ns          242375 1c008d40 00279793 slli             x15, x15, 0x2       x15=0000000c x15:00000003
14769328ns          242376 1c008d42 00d7f7b3 and              x15, x15, x13       x15=00000000 x15:0000000c x13:00001f80
14769347ns          242377 1c008d44 ee873733 p.bclr           x14, x14, 23, 8     x14=00000018 x14:00000018
14769367ns          242378 1c008d48 1a10f6b7 lui              x13, 0x1a10f000     x13=1a10f000
14769387ns          242379 1c008d4c 0ff57513 andi             x10, x10, 255       x10=00000020 x10:00000020
14769407ns          242380 1c008d50 00d70733 add              x14, x14, x13       x14=1a10f018 x14:00000018 x13:1a10f000
14769427ns          242381 1c008d52 00a7e723 p.sw             x10, x0(x15)        x10:00000020 x15:00000000  PA:1a10f018
14769745ns          242397 1c008d56 00000513 addi             x10, x0, 0          x10=00000000
14769765ns          242398 1c008d58 00008067 jalr             x0, x1, 0            x1:1c008e28
14769805ns          242400 1c008e28 31f52563 p.beqimm         x10, 778            x10:00000000
14769825ns          242401 1c008e2c 001d8d93 addi             x27, x27, 1         x27=0000002a x27:00000029
14769845ns          242402 1c008e2e 00044503 lbu              x10, 0(x8)          x10=00000025  x8:1c000053  PA:1c000053
14770143ns          242417 1c008e32 00140413 addi             x8, x8, 1            x8=1c000054  x8:1c000053
14770163ns          242418 1c008e34 fe0514e3 bne              x10, x0, -24        x10:00000025
14770223ns          242421 1c008e1c 02500793 addi             x15, x0, 37         x15=00000025
14770242ns          242422 1c008e20 04f50863 beq              x10, x15, 80        x10:00000025 x15:00000025
14770342ns          242427 1c008e70 00044483 lbu              x9, 0(x8)            x9=00000064  x8:1c000054  PA:1c000054
14770660ns          242443 1c008e74 02000693 addi             x13, x0, 32         x13=00000020
14770680ns          242444 1c008e78 00140a93 addi             x21, x8, 1          x21=1c000055  x8:1c000054
14770700ns          242445 1c008e7c 009005b3 add              x11, x0, x9         x11=00000064  x9:00000064
14770720ns          242446 1c008e7e 150b8513 addi             x10, x23, 336       x10=1c000150 x23:1c000000
14770740ns          242447 1c008e82 00d12823 sw               x13, 16(x2)         x13:00000020  x2:10001cd8  PA:10001ce8
14770760ns          242448 1c008e84 00012c23 sw               x0, 24(x2)           x2:10001cd8  PA:10001cf0
14770780ns          242449 1c008e86 00012a23 sw               x0, 20(x2)           x2:10001cd8  PA:10001cec
14770799ns          242450 1c008e88 00012e23 sw               x0, 28(x2)           x2:10001cd8  PA:10001cf4
14770819ns          242451 1c008e8a 00012623 sw               x0, 12(x2)           x2:10001cd8  PA:10001ce4
14770839ns          242452 1c008e8c 02300913 addi             x18, x0, 35         x18=00000023
14770859ns          242453 1c008e90 02d00a13 addi             x20, x0, 45         x20=0000002d
14770879ns          242454 1c008e94 015009b3 add              x19, x0, x21        x19=1c000055 x21:1c000055
14770899ns          242455 1c008e96 e1dff0ef jal              x1, -484             x1=1c008e98
14771078ns          242464 1c008cb2 00054783 lbu              x15, 0(x10)         x15=0000002d x10:1c000150  PA:1c000150
14771396ns          242480 1c008cb6 0ff5f593 andi             x11, x11, 255       x11=00000064 x11:00000064
14771416ns          242481 1c008cba 00b78c63 beq              x15, x11, 24        x15:0000002d x11:00000064
14771436ns          242482 1c008cbe 00078b63 beq              x15, x0, 22         x15:0000002d
14771456ns          242483 1c008cc0 00150793 addi             x15, x10, 1         x15=1c000151 x10:1c000150
14771476ns          242484 1c008cc4 0040006f jal              x0, 4              
14771515ns          242486 1c008cc8 00f00533 add              x10, x0, x15        x10=1c000151 x15:1c000151
14771535ns          242487 1c008cca 0017c70b p.lbu            x14, 1(x15!)        x14=0000002b x15=1c000152 x15:1c000151  PA:1c000151
14771854ns          242503 1c008cce feb71ce3 bne              x14, x11, -8        x14:0000002b x11:00000064
14771913ns          242506 1c008cc6 00070763 beq              x14, x0, 14         x14:0000002b
14771933ns          242507 1c008cc8 00f00533 add              x10, x0, x15        x10=1c000152 x15:1c000152
14771953ns          242508 1c008cca 0017c70b p.lbu            x14, 1(x15!)        x14=00000020 x15=1c000153 x15:1c000152  PA:1c000152
14772271ns          242524 1c008cce feb71ce3 bne              x14, x11, -8        x14:00000020 x11:00000064
14772331ns          242527 1c008cc6 00070763 beq              x14, x0, 14         x14:00000020
14772351ns          242528 1c008cc8 00f00533 add              x10, x0, x15        x10=1c000153 x15:1c000153
14772371ns          242529 1c008cca 0017c70b p.lbu            x14, 1(x15!)        x14=00000023 x15=1c000154 x15:1c000153  PA:1c000153
14772709ns          242546 1c008cce feb71ce3 bne              x14, x11, -8        x14:00000023 x11:00000064
14772769ns          242549 1c008cc6 00070763 beq              x14, x0, 14         x14:00000023
14772788ns          242550 1c008cc8 00f00533 add              x10, x0, x15        x10=1c000154 x15:1c000154
14772808ns          242551 1c008cca 0017c70b p.lbu            x14, 1(x15!)        x14=00000030 x15=1c000155 x15:1c000154  PA:1c000154
14773127ns          242567 1c008cce feb71ce3 bne              x14, x11, -8        x14:00000030 x11:00000064
14773186ns          242570 1c008cc6 00070763 beq              x14, x0, 14         x14:00000030
14773206ns          242571 1c008cc8 00f00533 add              x10, x0, x15        x10=1c000155 x15:1c000155
14773226ns          242572 1c008cca 0017c70b p.lbu            x14, 1(x15!)        x14=00000000 x15=1c000156 x15:1c000155  PA:1c000155
14773544ns          242588 1c008cce feb71ce3 bne              x14, x11, -8        x14:00000000 x11:00000064
14773604ns          242591 1c008cc6 00070763 beq              x14, x0, 14         x14:00000000
14773664ns          242594 1c008cd4 0015b593 sltiu            x11, x11, 1         x11=00000000 x11:00000064
14773684ns          242595 1c008cd8 40b005b3 sub              x11, x0, x11        x11=00000000 x11:00000000
14773703ns          242596 1c008cdc 00b57533 and              x10, x10, x11       x10=00000000 x10:1c000155 x11:00000000
14773723ns          242597 1c008cde 00008067 jalr             x0, x1, 0            x1:1c008e98
14773763ns          242599 1c008e98 02050a63 beq              x10, x0, 52         x10:00000000
14773863ns          242604 1c008ecc 02a00613 addi             x12, x0, 42         x12=0000002a
14773942ns          242608 1c008ed0 2ac48663 beq              x9, x12, 684         x9:00000064 x12:0000002a
14773982ns          242610 1c008ed4 fd048613 addi             x12, x9, -48        x12=00000034  x9:00000064
14774002ns          242611 1c008ed8 00900593 addi             x11, x0, 9          x11=00000009
14774022ns          242612 1c008eda 00000913 addi             x18, x0, 0          x18=00000000
14774042ns          242613 1c008edc 28c5f063 bgeu             x11, x12, 640       x11:00000009 x12:00000034
14774081ns          242615 1c008ee0 02e00693 addi             x13, x0, 46         x13=0000002e
14774121ns          242617 1c008ee4 fff00a13 addi             x20, x0, -1         x20=ffffffff
14774141ns          242618 1c008ee6 2ed48363 beq              x9, x13, 742         x9:00000064 x13:0000002e
14774161ns          242619 1c008eea 1c0007b7 lui              x15, 0x1c000000     x15=1c000000
14774181ns          242620 1c008eee 009005b3 add              x11, x0, x9         x11=00000064  x9:00000064
14774201ns          242621 1c008ef0 15878513 addi             x10, x15, 344       x10=1c000158 x15:1c000000
14774221ns          242622 1c008ef4 dbfff0ef jal              x1, -578             x1=1c008ef6
14774280ns          242625 1c008cb2 00054783 lbu              x15, 0(x10)         x15=00000068 x10:1c000158  PA:1c000158
14774579ns          242640 1c008cb6 0ff5f593 andi             x11, x11, 255       x11=00000064 x11:00000064
14774599ns          242641 1c008cba 00b78c63 beq              x15, x11, 24        x15:00000068 x11:00000064
14774618ns          242642 1c008cbe 00078b63 beq              x15, x0, 22         x15:00000068
14774638ns          242643 1c008cc0 00150793 addi             x15, x10, 1         x15=1c000159 x10:1c000158
14774658ns          242644 1c008cc4 0040006f jal              x0, 4              
14774698ns          242646 1c008cc8 00f00533 add              x10, x0, x15        x10=1c000159 x15:1c000159
14774718ns          242647 1c008cca 0017c70b p.lbu            x14, 1(x15!)        x14=0000006c x15=1c00015a x15:1c000159  PA:1c000159
14775036ns          242663 1c008cce feb71ce3 bne              x14, x11, -8        x14:0000006c x11:00000064
14775096ns          242666 1c008cc6 00070763 beq              x14, x0, 14         x14:0000006c
14775116ns          242667 1c008cc8 00f00533 add              x10, x0, x15        x10=1c00015a x15:1c00015a
14775136ns          242668 1c008cca 0017c70b p.lbu            x14, 1(x15!)        x14=0000004c x15=1c00015b x15:1c00015a  PA:1c00015a
14775454ns          242684 1c008cce feb71ce3 bne              x14, x11, -8        x14:0000004c x11:00000064
14775514ns          242687 1c008cc6 00070763 beq              x14, x0, 14         x14:0000004c
14775533ns          242688 1c008cc8 00f00533 add              x10, x0, x15        x10=1c00015b x15:1c00015b
14775553ns          242689 1c008cca 0017c70b p.lbu            x14, 1(x15!)        x14=0000007a x15=1c00015c x15:1c00015b  PA:1c00015b
14775872ns          242705 1c008cce feb71ce3 bne              x14, x11, -8        x14:0000007a x11:00000064
14775931ns          242708 1c008cc6 00070763 beq              x14, x0, 14         x14:0000007a
14775951ns          242709 1c008cc8 00f00533 add              x10, x0, x15        x10=1c00015c x15:1c00015c
14775971ns          242710 1c008cca 0017c70b p.lbu            x14, 1(x15!)        x14=00000000 x15=1c00015d x15:1c00015c  PA:1c00015c
14776289ns          242726 1c008cce feb71ce3 bne              x14, x11, -8        x14:00000000 x11:00000064
14776349ns          242729 1c008cc6 00070763 beq              x14, x0, 14         x14:00000000
14776409ns          242732 1c008cd4 0015b593 sltiu            x11, x11, 1         x11=00000000 x11:00000064
14776429ns          242733 1c008cd8 40b005b3 sub              x11, x0, x11        x11=00000000 x11:00000000
14776448ns          242734 1c008cdc 00b57533 and              x10, x10, x11       x10=00000000 x10:1c00015c x11:00000000
14776468ns          242735 1c008cde 00008067 jalr             x0, x1, 0            x1:1c008ef6
14776548ns          242739 1c008ef6 01300433 add              x8, x0, x19          x8=1c000055 x19:1c000055
14776568ns          242740 1c008ef8 00050563 beq              x10, x0, 10         x10:00000000
14776707ns          242747 1c008f02 06700693 addi             x13, x0, 103        x13=00000067
14776727ns          242748 1c008f06 2896d963 bge              x13, x9, 658        x13:00000067  x9:00000064
14776886ns          242756 1c009198 06500693 addi             x13, x0, 101        x13=00000065
14776926ns          242758 1c00919c 12d4d563 bge              x9, x13, 298         x9:00000064 x13:00000065
14776946ns          242759 1c0091a0 04700693 addi             x13, x0, 71         x13=00000047
14776966ns          242760 1c0091a4 dc96cbe3 blt              x13, x9, -554       x13:00000047  x9:00000064
14777045ns          242764 1c008f7a 06300693 addi             x13, x0, 99         x13=00000063
14777065ns          242765 1c008f7e 0ad488e3 beq              x9, x13, 2224        x9:00000064 x13:00000063
14777085ns          242766 1c008f82 0096c9e3 blt              x13, x9, 2066       x13:00000063  x9:00000064
14777184ns          242771 1c009794 000c2583 lw               x11, 0(x24)         x11=00000003 x24:10001e30  PA:10001e30
14777224ns          242773 1c009798 004c0c13 addi             x24, x24, 4         x24=10001e34 x24:10001e30
14777244ns          242774 1c00979a 3405cc63 blt              x11, x0, 856        x11:00000003
14777264ns          242775 1c00979e 01412603 lw               x12, 20(x2)         x12=00000000  x2:10001cd8  PA:10001cec
14777304ns          242777 1c0097a0 00b006b3 add              x13, x0, x11        x13=00000003 x11:00000003
14777343ns          242779 1c0097a2 2e061863 bne              x12, x0, 752        x12:00000000
14777363ns          242780 1c0097a6 01812703 lw               x14, 24(x2)         x14=00000000  x2:10001cd8  PA:10001cf0
14777383ns          242781 1c0097a8 019007b3 add              x15, x0, x25        x15=10001cfc x25:10001cfc
14777403ns          242782 1c0097aa 00070763 beq              x14, x0, 14         x14:00000000
14777483ns          242786 1c0097b8 00f00733 add              x14, x0, x15        x14=10001cfc x15:10001cfc
14777503ns          242787 1c0097ba 00a00513 addi             x10, x0, 10         x10=0000000a
14777522ns          242788 1c0097bc 02a6f633 remu             x12, x13, x10       x12=00000003 x13:00000003 x10:0000000a
14778159ns          242820 1c0097c0 02a6d6b3 divu             x13, x13, x10       x13=00000000 x13:00000003 x10:0000000a
14778776ns          242851 1c0097c4 03060613 addi             x12, x12, 48        x12=00000033 x12:00000003
14778796ns          242852 1c0097c8 00c700ab p.sb             x12, 1(x14!)        x14=10001cfd x12:00000033 x14:10001cfc  PA:10001cfc
14778815ns          242853 1c0097cc fe0698e3 bne              x13, x0, -16        x13:00000000
14778835ns          242854 1c0097ce 40f706b3 sub              x13, x14, x15       x13=00000001 x14:10001cfd x15:10001cfc
14778855ns          242855 1c0097d2 0146dc63 bge              x13, x20, 24        x13:00000001 x20:ffffffff
14778955ns          242860 1c0097ea 00e006b3 add              x13, x0, x14        x13=10001cfd x14:10001cfd
14778994ns          242862 1c0097ec fe068fab p.sb             x0, -1(x13!)        x13=10001cfc x13:10001cfd  PA:10001cfd
14779054ns          242865 1c0097f0 00d7fc63 bgeu             x15, x13, 24        x15:10001cfc x13:10001cfc
14779154ns          242870 1c009808 01412783 lw               x15, 20(x2)         x15=00000000  x2:10001cd8  PA:10001cec
14779173ns          242871 1c00980a 01812603 lw               x12, 24(x2)         x12=00000000  x2:10001cd8  PA:10001cf0
14779193ns          242872 1c00980c 419704b3 sub              x9, x14, x25         x9=00000001 x14:10001cfd x25:10001cfc
14779253ns          242875 1c009810 00c7e7b3 or               x15, x15, x12       x15=00000000 x15:00000000 x12:00000000
14779273ns          242876 1c009812 00f12623 sw               x15, 12(x2)         x15:00000000  x2:10001cd8  PA:10001ce4
14779313ns          242878 1c009814 00079363 bne              x15, x0, 6          x15:00000000
14779333ns          242879 1c009816 01f5d593 srli             x11, x11, 0x1f      x11=00000000 x11:00000003
14779352ns          242880 1c009818 00b12623 sw               x11, 12(x2)         x11:00000000  x2:10001cd8  PA:10001ce4
14779372ns          242881 1c00981a e3fa28e3 p.beqimm         x20, -464           x20:ffffffff
14779730ns          242899 1c00964a 0c800793 addi             x15, x0, 200        x15=000000c8
14779750ns          242900 1c00964e 9e97d0e3 bge              x15, x9, -1568      x15:000000c8  x9:00000001
14780307ns          242928 1c00902e 0f24d163 bge              x9, x18, 226         x9:00000001 x18:00000000
14780407ns          242933 1c009110 d00482e3 beq              x9, x0, -764         x9:00000001
14780446ns          242935 1c009114 01900933 add              x18, x0, x25        x18=10001cfc x25:10001cfc
14780466ns          242936 1c009116 419d8db3 sub              x27, x27, x25       x27=efffe32e x27:0000002a x25:10001cfc
14780486ns          242937 1c00911a 00a0006f jal              x0, 10             
14780586ns          242942 1c009124 0019450b p.lbu            x10, 1(x18!)        x10=00000033 x18=10001cfd x18:10001cfc  PA:10001cfc
14780606ns          242943 1c009128 01a005b3 add              x11, x0, x26        x11=00000002 x26:00000002
14780625ns          242944 1c00912a 000b00e7 jalr             x1, x22, 0           x1=1c00912c x22:1c008d32
14780665ns          242946 1c008d32 000026b7 lui              x13, 0x2000         x13=00002000
14780685ns          242947 1c008d34 f14027f3 csrrs            x15, x0, 0xf14      x15=00000003
14780705ns          242948 1c008d38 f8068693 addi             x13, x13, -128      x13=00001f80 x13:00002000
14780725ns          242949 1c008d3c 00379713 slli             x14, x15, 0x3       x14=00000018 x15:00000003
14780785ns          242952 1c008d40 00279793 slli             x15, x15, 0x2       x15=0000000c x15:00000003
14780804ns          242953 1c008d42 00d7f7b3 and              x15, x15, x13       x15=00000000 x15:0000000c x13:00001f80
14780824ns          242954 1c008d44 ee873733 p.bclr           x14, x14, 23, 8     x14=00000018 x14:00000018
14780844ns          242955 1c008d48 1a10f6b7 lui              x13, 0x1a10f000     x13=1a10f000
14780864ns          242956 1c008d4c 0ff57513 andi             x10, x10, 255       x10=00000033 x10:00000033
14780924ns          242959 1c008d50 00d70733 add              x14, x14, x13       x14=1a10f018 x14:00000018 x13:1a10f000
14780964ns          242961 1c008d52 00a7e723 p.sw             x10, x0(x15)        x10:00000033 x15:00000000  PA:1a10f018
14781421ns          242984 1c008d56 00000513 addi             x10, x0, 0          x10=00000000
14781441ns          242985 1c008d58 00008067 jalr             x0, x1, 0            x1:1c00912c
14781481ns          242987 1c00912c fff48493 addi             x9, x9, -1           x9=00000000  x9:00000001
14781501ns          242988 1c00912e fff537e3 p.bneimm         x10, -18            x10:00000000
14781560ns          242991 1c00911c 012d8733 add              x14, x27, x18       x14=0000002b x27:efffe32e x18:10001cfd
14781580ns          242992 1c009120 5a048b63 beq              x9, x0, 1462         x9:00000000
14781680ns          242997 1c0096d6 00e00db3 add              x27, x0, x14        x27=0000002b x14:0000002b
14781719ns          242999 1c0096d8 f3cff06f jal              x0, -2244          
14781799ns          243003 1c008e14 00044503 lbu              x10, 0(x8)          x10=00000029  x8:1c000055  PA:1c000055
14782117ns          243019 1c008e18 00140413 addi             x8, x8, 1            x8=1c000056  x8:1c000055
14782137ns          243020 1c008e1a 00050e63 beq              x10, x0, 28         x10:00000029
14782157ns          243021 1c008e1c 02500793 addi             x15, x0, 37         x15=00000025
14782177ns          243022 1c008e20 04f50863 beq              x10, x15, 80        x10:00000029 x15:00000025
14782197ns          243023 1c008e24 01a005b3 add              x11, x0, x26        x11=00000002 x26:00000002
14782217ns          243024 1c008e26 000b00e7 jalr             x1, x22, 0           x1=1c008e28 x22:1c008d32
14782316ns          243029 1c008d32 000026b7 lui              x13, 0x2000         x13=00002000
14782336ns          243030 1c008d34 f14027f3 csrrs            x15, x0, 0xf14      x15=00000003
14782356ns          243031 1c008d38 f8068693 addi             x13, x13, -128      x13=00001f80 x13:00002000
14782376ns          243032 1c008d3c 00379713 slli             x14, x15, 0x3       x14=00000018 x15:00000003
14782396ns          243033 1c008d40 00279793 slli             x15, x15, 0x2       x15=0000000c x15:00000003
14782416ns          243034 1c008d42 00d7f7b3 and              x15, x15, x13       x15=00000000 x15:0000000c x13:00001f80
14782436ns          243035 1c008d44 ee873733 p.bclr           x14, x14, 23, 8     x14=00000018 x14:00000018
14782455ns          243036 1c008d48 1a10f6b7 lui              x13, 0x1a10f000     x13=1a10f000
14782475ns          243037 1c008d4c 0ff57513 andi             x10, x10, 255       x10=00000029 x10:00000029
14782495ns          243038 1c008d50 00d70733 add              x14, x14, x13       x14=1a10f018 x14:00000018 x13:1a10f000
14782515ns          243039 1c008d52 00a7e723 p.sw             x10, x0(x15)        x10:00000029 x15:00000000  PA:1a10f018
14782853ns          243056 1c008d56 00000513 addi             x10, x0, 0          x10=00000000
14782873ns          243057 1c008d58 00008067 jalr             x0, x1, 0            x1:1c008e28
14782913ns          243059 1c008e28 31f52563 p.beqimm         x10, 778            x10:00000000
14782933ns          243060 1c008e2c 001d8d93 addi             x27, x27, 1         x27=0000002c x27:0000002b
14782953ns          243061 1c008e2e 00044503 lbu              x10, 0(x8)          x10=0000000a  x8:1c000056  PA:1c000056
14783251ns          243076 1c008e32 00140413 addi             x8, x8, 1            x8=1c000057  x8:1c000056
14783271ns          243077 1c008e34 fe0514e3 bne              x10, x0, -24        x10:0000000a
14783331ns          243080 1c008e1c 02500793 addi             x15, x0, 37         x15=00000025
14783350ns          243081 1c008e20 04f50863 beq              x10, x15, 80        x10:0000000a x15:00000025
14783370ns          243082 1c008e24 01a005b3 add              x11, x0, x26        x11=00000002 x26:00000002
14783390ns          243083 1c008e26 000b00e7 jalr             x1, x22, 0           x1=1c008e28 x22:1c008d32
14783430ns          243085 1c008d32 000026b7 lui              x13, 0x2000         x13=00002000
14783450ns          243086 1c008d34 f14027f3 csrrs            x15, x0, 0xf14      x15=00000003
14783470ns          243087 1c008d38 f8068693 addi             x13, x13, -128      x13=00001f80 x13:00002000
14783490ns          243088 1c008d3c 00379713 slli             x14, x15, 0x3       x14=00000018 x15:00000003
14783510ns          243089 1c008d40 00279793 slli             x15, x15, 0x2       x15=0000000c x15:00000003
14783530ns          243090 1c008d42 00d7f7b3 and              x15, x15, x13       x15=00000000 x15:0000000c x13:00001f80
14783549ns          243091 1c008d44 ee873733 p.bclr           x14, x14, 23, 8     x14=00000018 x14:00000018
14783569ns          243092 1c008d48 1a10f6b7 lui              x13, 0x1a10f000     x13=1a10f000
14783589ns          243093 1c008d4c 0ff57513 andi             x10, x10, 255       x10=0000000a x10:0000000a
14783609ns          243094 1c008d50 00d70733 add              x14, x14, x13       x14=1a10f018 x14:00000018 x13:1a10f000
14783629ns          243095 1c008d52 00a7e723 p.sw             x10, x0(x15)        x10:0000000a x15:00000000  PA:1a10f018
14783947ns          243111 1c008d56 00000513 addi             x10, x0, 0          x10=00000000
14783967ns          243112 1c008d58 00008067 jalr             x0, x1, 0            x1:1c008e28
14784007ns          243114 1c008e28 31f52563 p.beqimm         x10, 778            x10:00000000
14784027ns          243115 1c008e2c 001d8d93 addi             x27, x27, 1         x27=0000002d x27:0000002c
14784047ns          243116 1c008e2e 00044503 lbu              x10, 0(x8)          x10=00000000  x8:1c000057  PA:1c000057
14784345ns          243131 1c008e32 00140413 addi             x8, x8, 1            x8=1c000058  x8:1c000057
14784365ns          243132 1c008e34 fe0514e3 bne              x10, x0, -24        x10:00000000
14784385ns          243133 1c008e36 01b00433 add              x8, x0, x27          x8=0000002d x27:0000002d
14784405ns          243134 1c008e38 00800533 add              x10, x0, x8         x10=0000002d  x8:0000002d
14784425ns          243135 1c008e3a 12c12083 lw               x1, 300(x2)          x1=1c008dc6  x2:10001cd8  PA:10001e04
14784444ns          243136 1c008e3e 12812403 lw               x8, 296(x2)          x8=xxxxxxxx  x2:10001cd8  PA:10001e00
14784464ns          243137 1c008e42 12412483 lw               x9, 292(x2)          x9=00000003  x2:10001cd8  PA:10001dfc
14784484ns          243138 1c008e46 12012903 lw               x18, 288(x2)        x18=xxxxxxxx  x2:10001cd8  PA:10001df8
14784504ns          243139 1c008e4a 11c12983 lw               x19, 284(x2)        x19=xxxxxxxx  x2:10001cd8  PA:10001df4
14784803ns          243154 1c008e4e 11812a03 lw               x20, 280(x2)        x20=xxxxxxxx  x2:10001cd8  PA:10001df0
14784842ns          243156 1c008e52 11412a83 lw               x21, 276(x2)        x21=xxxxxxxx  x2:10001cd8  PA:10001dec
14784862ns          243157 1c008e56 11012b03 lw               x22, 272(x2)        x22=xxxxxxxx  x2:10001cd8  PA:10001de8
14784882ns          243158 1c008e5a 10c12b83 lw               x23, 268(x2)        x23=xxxxxxxx  x2:10001cd8  PA:10001de4
14785320ns          243180 1c008e5e 10812c03 lw               x24, 264(x2)        x24=xxxxxxxx  x2:10001cd8  PA:10001de0
14785359ns          243182 1c008e62 10412c83 lw               x25, 260(x2)        x25=xxxxxxxx  x2:10001cd8  PA:10001ddc
14785379ns          243183 1c008e66 10012d03 lw               x26, 256(x2)        x26=xxxxxxxx  x2:10001cd8  PA:10001dd8
14785399ns          243184 1c008e6a 0fc12d83 lw               x27, 252(x2)        x27=xxxxxxxx  x2:10001cd8  PA:10001dd4
14785419ns          243185 1c008e6c 13010113 addi             x2, x2, 304          x2=10001e08  x2:10001cd8
14785439ns          243186 1c008e6e 00008067 jalr             x0, x1, 0            x1:1c008dc6
14785538ns          243191 1c008dc6 01c12083 lw               x1, 28(x2)           x1=1c008180  x2:10001e08  PA:10001e24
14785578ns          243193 1c008dc8 04010113 addi             x2, x2, 64           x2=10001e48  x2:10001e08
14785598ns          243194 1c008dca 00008067 jalr             x0, x1, 0            x1:1c008180
14785737ns          243201 1c008180 00300793 addi             x15, x0, 3          x15=00000003
14785777ns          243203 1c008182 0097f463 bgeu             x15, x9, 8          x15:00000003  x9:00000003
14785857ns          243207 1c00818a 7cb010ef jal              x1, 8138             x1=1c00818e
14786811ns          243255 1c00a154 f14027f3 csrrs            x15, x0, 0xf14      x15=00000003
14786851ns          243257 1c00a158 01f00713 addi             x14, x0, 31         x14=0000001f
14786871ns          243258 1c00a15a ca5797b3 p.extractu       x15, x15, 5, 5      x15=00000000 x15:00000003
14787309ns          243280 1c00a15e 00e78863 beq              x15, x14, 16        x15:00000000 x14:0000001f
14787349ns          243282 1c00a162 002047b7 lui              x15, 0x204000       x15=00204000
14787368ns          243283 1c00a166 20078793 addi             x15, x15, 512       x15=00204200 x15:00204000
14787388ns          243284 1c00a16a 01c7e703 p.elw            x14, 28(x15)        x14=00010000 x15:00204200  PA:0020421c
14787508ns          243290 1c00a16e 00008067 jalr             x0, x1, 0            x1:1c00818e
14787886ns          243309 1c00818e f14027f3 csrrs            x15, x0, 0xf14      x15=00000003
14787905ns          243310 1c008192 f457b7b3 p.bclr           x15, x15, 26, 5     x15=00000003 x15:00000003
14787925ns          243311 1c008196 28078563 beq              x15, x0, 650        x15:00000003
14787945ns          243312 1c00819a 06400993 addi             x19, x0, 100        x19=00000064
14788383ns          243334 1c00819e 033489b3 mul              x19, x9, x19        x19=0000012c  x9:00000003 x19:00000064
14788423ns          243336 1c0081a2 1c010937 lui              x18, 0x1c010000     x18=1c010000
14788443ns          243337 1c0081a6 1c0007b7 lui              x15, 0x1c000000     x15=1c000000
14788462ns          243338 1c0081aa 00090913 addi             x18, x18, 0         x18=1c010000 x18:1c010000
14788482ns          243339 1c0081ae 00299993 slli             x19, x19, 0x2       x19=000004b0 x19:0000012c
14788960ns          243363 1c0081b0 01c7aa83 lw               x21, 28(x15)        x21=3f317218 x15:1c000000  PA:1c00001c
14789278ns          243379 1c0081b4 012989b3 add              x19, x19, x18       x19=1c0104b0 x19:000004b0 x18:1c010000
14789298ns          243380 1c0081b6 00200433 add              x8, x0, x2           x8=10001e48  x2:10001e48
14789318ns          243381 1c0081b8 19010a13 addi             x20, x2, 400        x20=10001fd8  x2:10001e48
14789338ns          243382 1c0081bc 0049a50b p.lw             x10, 4(x19!)        x10=417115c9 x19=1c0104b4 x19:1c0104b0  PA:1c0104b0
14789656ns          243398 1c0081c0 558000ef jal              x1, 1368             x1=1c0081c2
14790233ns          243427 1c008718 e00517d3 fclass.s         x15, f10            x15=00000040 f10:417115c9
14790272ns          243429 1c00871c 0817f793 andi             x15, x15, 129       x15=00000000 x15:00000040
14790710ns          243451 1c008720 08079b63 bne              x15, x0, 150        x15:00000000
14790750ns          243453 1c008722 00000793 addi             x15, x0, 0          x15=00000000
14790770ns          243454 1c008726 a0f52753 feq.s            x14, f10, f15       x14=00000000 f10:417115c9 f15:00000000
14790790ns          243455 1c00872a 08071163 bne              x14, x0, 130        x14:00000000
14790810ns          243456 1c00872c a0f507d3 fle.s            x15, f10, f15       x15=00000000 f10:417115c9 f15:00000000
14791247ns          243478 1c008730 08079863 bne              x15, x0, 144        x15:00000000
14791287ns          243480 1c008732 a0a527d3 feq.s            x15, f10, f10       x15=00000001 f10:417115c9 f10:417115c9
14791307ns          243481 1c008736 08078563 beq              x15, x0, 138        x15:00000001
14791327ns          243482 1c008738 d17537b3 p.bclr           x15, x10, 8, 23     x15=007115c9 x10:417115c9
14791347ns          243483 1c00873c cb87c733 p.bset           x14, x15, 5, 24     x14=3f7115c9 x15:007115c9
14791764ns          243504 1c008740 1c0006b7 lui              x13, 0x1c000000     x13=1c000000
14791804ns          243506 1c008744 1c0007b7 lui              x15, 0x1c000000     x15=1c000000
14791824ns          243507 1c008748 1306a683 lw               x13, 304(x13)       x13=c13c5fa8 x13:1c000000  PA:1c000130
14792242ns          243528 1c00874c 12c7a783 lw               x15, 300(x15)       x15=3ff7d7e5 x15:1c000000  PA:1c00012c
14792600ns          243546 1c008750 41755513 srai             x10, x10, 0x417     x10=00000082 x10:417115c9
14792620ns          243547 1c008752 68e7f7c3 fmadd.s          f15, f15, f14, f13  f15=xxxxxxxx f15:3ff7d7e5 f14:3f7115c9 f13:c13c5fa8
14792639ns          243548 1c008756 1c0006b7 lui              x13, 0x1c000000     x13=1c000000
14792659ns          243549 1c00875a 1346a683 lw               x13, 308(x13)       x13=41fa6a03 x13:1c000000  PA:1c000134
14792997ns          243566 1c00875e f8250513 addi             x10, x10, -126      x10=00000004 x10:00000082
14793017ns          243567 1c008762 68e7f7c3 fmadd.s          f15, f15, f14, f13  f15=xxxxxxxx f15:c11f32bd f14:3f7115c9 f13:41fa6a03
14793037ns          243568 1c008766 1c0006b7 lui              x13, 0x1c000000     x13=1c000000
14793057ns          243569 1c00876a 1386a683 lw               x13, 312(x13)       x13=c23f0e08 x13:1c000000  PA:1c000138
14793515ns          243592 1c00876e d0057553 fcvt.s.w         f10, x10            f10=xxxxxxxx x10:00000004
14793554ns          243594 1c008772 68e7f7c3 fmadd.s          f15, f15, f14, f13  f15=xxxxxxxx f15:41af73db f14:3f7115c9 f13:c23f0e08
14793574ns          243595 1c008776 1c0006b7 lui              x13, 0x1c000000     x13=1c000000
14793594ns          243596 1c00877a 13c6a683 lw               x13, 316(x13)       x13=42390412 x13:1c000000  PA:1c00013c
14794072ns          243620 1c00877e 68e7f7c3 fmadd.s          f15, f15, f14, f13  f15=xxxxxxxx f15:c1d8e111 f14:3f7115c9 f13:42390412
14794111ns          243622 1c008782 1c0006b7 lui              x13, 0x1c000000     x13=1c000000
14794131ns          243623 1c008786 1406a683 lw               x13, 320(x13)       x13=c1efd21b x13:1c000000  PA:1c000140
14794569ns          243645 1c00878a 68e7f7c3 fmadd.s          f15, f15, f14, f13  f15=xxxxxxxx f15:41a5c9ce f14:3f7115c9 f13:c1efd21b
14794589ns          243646 1c00878e 1c0006b7 lui              x13, 0x1c000000     x13=1c000000
14794629ns          243648 1c008792 1446a683 lw               x13, 324(x13)       x13=41644a86 x13:1c000000  PA:1c000144
14794967ns          243665 1c008796 68e7f7c3 fmadd.s          f15, f15, f14, f13  f15=xxxxxxxx f15:c1276209 f14:3f7115c9 f13:41644a86
14794987ns          243666 1c00879a 1c0006b7 lui              x13, 0x1c000000     x13=1c000000
14795146ns          243674 1c00879e 1486a683 lw               x13, 328(x13)       x13=c087dba8 x13:1c000000  PA:1c000148
14795484ns          243691 1c0087a2 68e7f7c3 fmadd.s          f15, f15, f14, f13  f15=xxxxxxxx f15:408d51fa f14:3f7115c9 f13:c087dba8
14795504ns          243692 1c0087a6 00a7f553 fadd.s           f10, f15, f10       f10=xxxxxxxx f15:bdb15d3e f10:40800000
14795524ns          243693 1c0087aa 00008067 jalr             x0, x1, 0            x1:1c0081c2
14796021ns          243718 1c0081c2 11557553 fmul.s           f10, f10, f21       f10=xxxxxxxx f10:407a7516 f21:3f317218
14796041ns          243719 1c0081c6 00a4222b p.sw             x10, 4(x8!)          x8=10001e4c x10:402d9a94  x8:10001e48  PA:10001e48
14796061ns          243720 1c0081ca ff4419e3 bne              x8, x20, -14         x8:10001e4c x20:10001fd8
14796578ns          243746 1c0081bc 0049a50b p.lw             x10, 4(x19!)        x10=42663282 x19=1c0104b8 x19:1c0104b4  PA:1c0104b4
14796896ns          243762 1c0081c0 558000ef jal              x1, 1368             x1=1c0081c2
14796976ns          243766 1c008718 e00517d3 fclass.s         x15, f10            x15=00000040 f10:42663282
14797015ns          243768 1c00871c 0817f793 andi             x15, x15, 129       x15=00000000 x15:00000040
14797075ns          243771 1c008720 08079b63 bne              x15, x0, 150        x15:00000000
14797115ns          243773 1c008722 00000793 addi             x15, x0, 0          x15=00000000
14797135ns          243774 1c008726 a0f52753 feq.s            x14, f10, f15       x14=00000000 f10:42663282 f15:00000000
14797155ns          243775 1c00872a 08071163 bne              x14, x0, 130        x14:00000000
14797175ns          243776 1c00872c a0f507d3 fle.s            x15, f10, f15       x15=00000000 f10:42663282 f15:00000000
14797194ns          243777 1c008730 08079863 bne              x15, x0, 144        x15:00000000
14797214ns          243778 1c008732 a0a527d3 feq.s            x15, f10, f10       x15=00000001 f10:42663282 f10:42663282
14797234ns          243779 1c008736 08078563 beq              x15, x0, 138        x15:00000001
14797254ns          243780 1c008738 d17537b3 p.bclr           x15, x10, 8, 23     x15=00663282 x10:42663282
14797274ns          243781 1c00873c cb87c733 p.bset           x14, x15, 5, 24     x14=3f663282 x15:00663282
14797294ns          243782 1c008740 1c0006b7 lui              x13, 0x1c000000     x13=1c000000
14797314ns          243783 1c008744 1c0007b7 lui              x15, 0x1c000000     x15=1c000000
14797334ns          243784 1c008748 1306a683 lw               x13, 304(x13)       x13=c13c5fa8 x13:1c000000  PA:1c000130
14797632ns          243799 1c00874c 12c7a783 lw               x15, 300(x15)       x15=3ff7d7e5 x15:1c000000  PA:1c00012c
14797950ns          243815 1c008750 41755513 srai             x10, x10, 0x417     x10=00000084 x10:42663282
14797970ns          243816 1c008752 68e7f7c3 fmadd.s          f15, f15, f14, f13  f15=xxxxxxxx f15:3ff7d7e5 f14:3f663282 f13:c13c5fa8
14797990ns          243817 1c008756 1c0006b7 lui              x13, 0x1c000000     x13=1c000000
14798010ns          243818 1c00875a 1346a683 lw               x13, 308(x13)       x13=41fa6a03 x13:1c000000  PA:1c000134
14798308ns          243833 1c00875e f8250513 addi             x10, x10, -126      x10=00000006 x10:00000084
14798328ns          243834 1c008762 68e7f7c3 fmadd.s          f15, f15, f14, f13  f15=xxxxxxxx f15:c120840c f14:3f663282 f13:41fa6a03
14798348ns          243835 1c008766 1c0006b7 lui              x13, 0x1c000000     x13=1c000000
14798368ns          243836 1c00876a 1386a683 lw               x13, 312(x13)       x13=c23f0e08 x13:1c000000  PA:1c000138
14798666ns          243851 1c00876e d0057553 fcvt.s.w         f10, x10            f10=xxxxxxxx x10:00000006
14798686ns          243852 1c008772 68e7f7c3 fmadd.s          f15, f15, f14, f13  f15=xxxxxxxx f15:41b23edc f14:3f663282 f13:c23f0e08
14798706ns          243853 1c008776 1c0006b7 lui              x13, 0x1c000000     x13=1c000000
14798726ns          243854 1c00877a 13c6a683 lw               x13, 316(x13)       x13=42390412 x13:1c000000  PA:1c00013c
14799044ns          243870 1c00877e 68e7f7c3 fmadd.s          f15, f15, f14, f13  f15=xxxxxxxx f15:c1ddd46c f14:3f663282 f13:42390412
14799064ns          243871 1c008782 1c0006b7 lui              x13, 0x1c000000     x13=1c000000
14799084ns          243872 1c008786 1406a683 lw               x13, 320(x13)       x13=c1efd21b x13:1c000000  PA:1c000140
14799402ns          243888 1c00878a 68e7f7c3 fmadd.s          f15, f15, f14, f13  f15=xxxxxxxx f15:41aa8f87 f14:3f663282 f13:c1efd21b
14799422ns          243889 1c00878e 1c0006b7 lui              x13, 0x1c000000     x13=1c000000
14799442ns          243890 1c008792 1446a683 lw               x13, 324(x13)       x13=41644a86 x13:1c000000  PA:1c000144
14799760ns          243906 1c008796 68e7f7c3 fmadd.s          f15, f15, f14, f13  f15=xxxxxxxx f15:c12ce702 f14:3f663282 f13:41644a86
14799780ns          243907 1c00879a 1c0006b7 lui              x13, 0x1c000000     x13=1c000000
14799800ns          243908 1c00879e 1486a683 lw               x13, 328(x13)       x13=c087dba8 x13:1c000000  PA:1c000148
14800138ns          243925 1c0087a2 68e7f7c3 fmadd.s          f15, f15, f14, f13  f15=xxxxxxxx f15:4091a1bb f14:3f663282 f13:c087dba8
14800158ns          243926 1c0087a6 00a7f553 fadd.s           f10, f15, f10       f10=xxxxxxxx f15:be1cf3ce f10:40c00000
14800178ns          243927 1c0087aa 00008067 jalr             x0, x1, 0            x1:1c0081c2
14800238ns          243930 1c0081c2 11557553 fmul.s           f10, f10, f21       f10=xxxxxxxx f10:40bb1862 f21:3f317218
14800258ns          243931 1c0081c6 00a4222b p.sw             x10, 4(x8!)          x8=10001e50 x10:4081af3e  x8:10001e4c  PA:10001e4c
14800278ns          243932 1c0081ca ff4419e3 bne              x8, x20, -14         x8:10001e50 x20:10001fd8
14800377ns          243937 1c0081bc 0049a50b p.lw             x10, 4(x19!)        x10=427e6c90 x19=1c0104bc x19:1c0104b8  PA:1c0104b8
14800695ns          243953 1c0081c0 558000ef jal              x1, 1368             x1=1c0081c2
14800715ns          243954 1c008718 e00517d3 fclass.s         x15, f10            x15=00000040 f10:427e6c90
14800735ns          243955 1c00871c 0817f793 andi             x15, x15, 129       x15=00000000 x15:00000040
14800755ns          243956 1c008720 08079b63 bne              x15, x0, 150        x15:00000000
14800775ns          243957 1c008722 00000793 addi             x15, x0, 0          x15=00000000
14800795ns          243958 1c008726 a0f52753 feq.s            x14, f10, f15       x14=00000000 f10:427e6c90 f15:00000000
14800815ns          243959 1c00872a 08071163 bne              x14, x0, 130        x14:00000000
14800834ns          243960 1c00872c a0f507d3 fle.s            x15, f10, f15       x15=00000000 f10:427e6c90 f15:00000000
14800854ns          243961 1c008730 08079863 bne              x15, x0, 144        x15:00000000
14800874ns          243962 1c008732 a0a527d3 feq.s            x15, f10, f10       x15=00000001 f10:427e6c90 f10:427e6c90
14800894ns          243963 1c008736 08078563 beq              x15, x0, 138        x15:00000001
14800914ns          243964 1c008738 d17537b3 p.bclr           x15, x10, 8, 23     x15=007e6c90 x10:427e6c90
14800934ns          243965 1c00873c cb87c733 p.bset           x14, x15, 5, 24     x14=3f7e6c90 x15:007e6c90
14800954ns          243966 1c008740 1c0006b7 lui              x13, 0x1c000000     x13=1c000000
14800974ns          243967 1c008744 1c0007b7 lui              x15, 0x1c000000     x15=1c000000
14800994ns          243968 1c008748 1306a683 lw               x13, 304(x13)       x13=c13c5fa8 x13:1c000000  PA:1c000130
14801292ns          243983 1c00874c 12c7a783 lw               x15, 300(x15)       x15=3ff7d7e5 x15:1c000000  PA:1c00012c
14801590ns          243998 1c008750 41755513 srai             x10, x10, 0x417     x10=00000084 x10:427e6c90
14801610ns          243999 1c008752 68e7f7c3 fmadd.s          f15, f15, f14, f13  f15=xxxxxxxx f15:3ff7d7e5 f14:3f7e6c90 f13:c13c5fa8
14801630ns          244000 1c008756 1c0006b7 lui              x13, 0x1c000000     x13=1c000000
14801650ns          244001 1c00875a 1346a683 lw               x13, 308(x13)       x13=41fa6a03 x13:1c000000  PA:1c000134
14801968ns          244017 1c00875e f8250513 addi             x10, x10, -126      x10=00000006 x10:00000084
14801988ns          244018 1c008762 68e7f7c3 fmadd.s          f15, f15, f14, f13  f15=xxxxxxxx f15:c11d957e f14:3f7e6c90 f13:41fa6a03
14802008ns          244019 1c008766 1c0006b7 lui              x13, 0x1c000000     x13=1c000000
14802028ns          244020 1c00876a 1386a683 lw               x13, 312(x13)       x13=c23f0e08 x13:1c000000  PA:1c000138
14802346ns          244036 1c00876e d0057553 fcvt.s.w         f10, x10            f10=xxxxxxxx x10:00000006
14802366ns          244037 1c008772 68e7f7c3 fmadd.s          f15, f15, f14, f13  f15=xxxxxxxx f15:41ac1b70 f14:3f7e6c90 f13:c23f0e08
14802386ns          244038 1c008776 1c0006b7 lui              x13, 0x1c000000     x13=1c000000
14802406ns          244039 1c00877a 13c6a683 lw               x13, 316(x13)       x13=42390412 x13:1c000000  PA:1c00013c
14802724ns          244055 1c00877e 68e7f7c3 fmadd.s          f15, f15, f14, f13  f15=xxxxxxxx f15:c1d30fda f14:3f7e6c90 f13:42390412
14802744ns          244056 1c008782 1c0006b7 lui              x13, 0x1c000000     x13=1c000000
14802764ns          244057 1c008786 1406a683 lw               x13, 320(x13)       x13=c1efd21b x13:1c000000  PA:1c000140
14803082ns          244073 1c00878a 68e7f7c3 fmadd.s          f15, f15, f14, f13  f15=xxxxxxxx f15:41a044e8 f14:3f7e6c90 f13:c1efd21b
14803102ns          244074 1c00878e 1c0006b7 lui              x13, 0x1c000000     x13=1c000000
14803122ns          244075 1c008792 1446a683 lw               x13, 324(x13)       x13=41644a86 x13:1c000000  PA:1c000144
14803440ns          244091 1c008796 68e7f7c3 fmadd.s          f15, f15, f14, f13  f15=xxxxxxxx f15:c121138b f14:3f7e6c90 f13:41644a86
14803460ns          244092 1c00879a 1c0006b7 lui              x13, 0x1c000000     x13=1c000000
14803480ns          244093 1c00879e 1486a683 lw               x13, 328(x13)       x13=c087dba8 x13:1c000000  PA:1c000148
14803798ns          244109 1c0087a2 68e7f7c3 fmadd.s          f15, f15, f14, f13  f15=xxxxxxxx f15:408869a6 f14:3f7e6c90 f13:c087dba8
14803818ns          244110 1c0087a6 00a7f553 fadd.s           f10, f15, f10       f10=xxxxxxxx f15:bc11f7fd f10:40c00000
14803838ns          244111 1c0087aa 00008067 jalr             x0, x1, 0            x1:1c0081c2
14803898ns          244114 1c0081c2 11557553 fmul.s           f10, f10, f21       f10=xxxxxxxx f10:40bfb704 f21:3f317218
14803918ns          244115 1c0081c6 00a4222b p.sw             x10, 4(x8!)          x8=10001e54 x10:4084e2fb  x8:10001e50  PA:10001e50
14803937ns          244116 1c0081ca ff4419e3 bne              x8, x20, -14         x8:10001e54 x20:10001fd8
14803997ns          244119 1c0081bc 0049a50b p.lw             x10, 4(x19!)        x10=429df1dc x19=1c0104c0 x19:1c0104bc  PA:1c0104bc
14804295ns          244134 1c0081c0 558000ef jal              x1, 1368             x1=1c0081c2
14804315ns          244135 1c008718 e00517d3 fclass.s         x15, f10            x15=00000040 f10:429df1dc
14804335ns          244136 1c00871c 0817f793 andi             x15, x15, 129       x15=00000000 x15:00000040
14804355ns          244137 1c008720 08079b63 bne              x15, x0, 150        x15:00000000
14804375ns          244138 1c008722 00000793 addi             x15, x0, 0          x15=00000000
14804395ns          244139 1c008726 a0f52753 feq.s            x14, f10, f15       x14=00000000 f10:429df1dc f15:00000000
14804415ns          244140 1c00872a 08071163 bne              x14, x0, 130        x14:00000000
14804435ns          244141 1c00872c a0f507d3 fle.s            x15, f10, f15       x15=00000000 f10:429df1dc f15:00000000
14804455ns          244142 1c008730 08079863 bne              x15, x0, 144        x15:00000000
14804474ns          244143 1c008732 a0a527d3 feq.s            x15, f10, f10       x15=00000001 f10:429df1dc f10:429df1dc
14804494ns          244144 1c008736 08078563 beq              x15, x0, 138        x15:00000001
14804514ns          244145 1c008738 d17537b3 p.bclr           x15, x10, 8, 23     x15=001df1dc x10:429df1dc
14804534ns          244146 1c00873c cb87c733 p.bset           x14, x15, 5, 24     x14=3f1df1dc x15:001df1dc
14804554ns          244147 1c008740 1c0006b7 lui              x13, 0x1c000000     x13=1c000000
14804574ns          244148 1c008744 1c0007b7 lui              x15, 0x1c000000     x15=1c000000
14804594ns          244149 1c008748 1306a683 lw               x13, 304(x13)       x13=c13c5fa8 x13:1c000000  PA:1c000130
14804892ns          244164 1c00874c 12c7a783 lw               x15, 300(x15)       x15=3ff7d7e5 x15:1c000000  PA:1c00012c
14805191ns          244179 1c008750 41755513 srai             x10, x10, 0x417     x10=00000085 x10:429df1dc
14805210ns          244180 1c008752 68e7f7c3 fmadd.s          f15, f15, f14, f13  f15=xxxxxxxx f15:3ff7d7e5 f14:3f1df1dc f13:c13c5fa8
14805230ns          244181 1c008756 1c0006b7 lui              x13, 0x1c000000     x13=1c000000
14805250ns          244182 1c00875a 1346a683 lw               x13, 308(x13)       x13=41fa6a03 x13:1c000000  PA:1c000134
14805568ns          244198 1c00875e f8250513 addi             x10, x10, -126      x10=00000007 x10:00000085
14805588ns          244199 1c008762 68e7f7c3 fmadd.s          f15, f15, f14, f13  f15=xxxxxxxx f15:c1294276 f14:3f1df1dc f13:41fa6a03
14805608ns          244200 1c008766 1c0006b7 lui              x13, 0x1c000000     x13=1c000000
14805628ns          244201 1c00876a 1386a683 lw               x13, 312(x13)       x13=c23f0e08 x13:1c000000  PA:1c000138
14805946ns          244217 1c00876e d0057553 fcvt.s.w         f10, x10            f10=xxxxxxxx x10:00000007
14805966ns          244218 1c008772 68e7f7c3 fmadd.s          f15, f15, f14, f13  f15=xxxxxxxx f15:41c6332d f14:3f1df1dc f13:c23f0e08
14805986ns          244219 1c008776 1c0006b7 lui              x13, 0x1c000000     x13=1c000000
14806006ns          244220 1c00877a 13c6a683 lw               x13, 316(x13)       x13=42390412 x13:1c000000  PA:1c00013c
14806324ns          244236 1c00877e 68e7f7c3 fmadd.s          f15, f15, f14, f13  f15=xxxxxxxx f15:c201e9b6 f14:3f1df1dc f13:42390412
14806344ns          244237 1c008782 1c0006b7 lui              x13, 0x1c000000     x13=1c000000
14806364ns          244238 1c008786 1406a683 lw               x13, 320(x13)       x13=c1efd21b x13:1c000000  PA:1c000140
14806682ns          244254 1c00878a 68e7f7c3 fmadd.s          f15, f15, f14, f13  f15=xxxxxxxx f15:41d1ba01 f14:3f1df1dc f13:c1efd21b
14806702ns          244255 1c00878e 1c0006b7 lui              x13, 0x1c000000     x13=1c000000
14806722ns          244256 1c008792 1446a683 lw               x13, 324(x13)       x13=41644a86 x13:1c000000  PA:1c000144
14807040ns          244272 1c008796 68e7f7c3 fmadd.s          f15, f15, f14, f13  f15=xxxxxxxx f15:c15cd9c8 f14:3f1df1dc f13:41644a86
14807060ns          244273 1c00879a 1c0006b7 lui              x13, 0x1c000000     x13=1c000000
14807080ns          244274 1c00879e 1486a683 lw               x13, 328(x13)       x13=c087dba8 x13:1c000000  PA:1c000148
14807398ns          244290 1c0087a2 68e7f7c3 fmadd.s          f15, f15, f14, f13  f15=xxxxxxxx f15:40b8109f f14:3f1df1dc f13:c087dba8
14807418ns          244291 1c0087a6 00a7f553 fadd.s           f10, f15, f10       f10=xxxxxxxx f15:bf325c85 f10:40e00000
14807438ns          244292 1c0087aa 00008067 jalr             x0, x1, 0            x1:1c0081c2
14807498ns          244295 1c0081c2 11557553 fmul.s           f10, f10, f21       f10=xxxxxxxx f10:40c9b46f f21:3f317218
14807518ns          244296 1c0081c6 00a4222b p.sw             x10, 4(x8!)          x8=10001e58 x10:408bcfa6  x8:10001e54  PA:10001e54
14807538ns          244297 1c0081ca ff4419e3 bne              x8, x20, -14         x8:10001e58 x20:10001fd8
14807597ns          244300 1c0081bc 0049a50b p.lw             x10, 4(x19!)        x10=423eb068 x19=1c0104c4 x19:1c0104c0  PA:1c0104c0
14807896ns          244315 1c0081c0 558000ef jal              x1, 1368             x1=1c0081c2
14807916ns          244316 1c008718 e00517d3 fclass.s         x15, f10            x15=00000040 f10:423eb068
14807935ns          244317 1c00871c 0817f793 andi             x15, x15, 129       x15=00000000 x15:00000040
14807955ns          244318 1c008720 08079b63 bne              x15, x0, 150        x15:00000000
14807975ns          244319 1c008722 00000793 addi             x15, x0, 0          x15=00000000
14807995ns          244320 1c008726 a0f52753 feq.s            x14, f10, f15       x14=00000000 f10:423eb068 f15:00000000
14808015ns          244321 1c00872a 08071163 bne              x14, x0, 130        x14:00000000
14808035ns          244322 1c00872c a0f507d3 fle.s            x15, f10, f15       x15=00000000 f10:423eb068 f15:00000000
14808055ns          244323 1c008730 08079863 bne              x15, x0, 144        x15:00000000
14808075ns          244324 1c008732 a0a527d3 feq.s            x15, f10, f10       x15=00000001 f10:423eb068 f10:423eb068
14808095ns          244325 1c008736 08078563 beq              x15, x0, 138        x15:00000001
14808114ns          244326 1c008738 d17537b3 p.bclr           x15, x10, 8, 23     x15=003eb068 x10:423eb068
14808134ns          244327 1c00873c cb87c733 p.bset           x14, x15, 5, 24     x14=3f3eb068 x15:003eb068
14808154ns          244328 1c008740 1c0006b7 lui              x13, 0x1c000000     x13=1c000000
14808174ns          244329 1c008744 1c0007b7 lui              x15, 0x1c000000     x15=1c000000
14808194ns          244330 1c008748 1306a683 lw               x13, 304(x13)       x13=c13c5fa8 x13:1c000000  PA:1c000130
14808512ns          244346 1c00874c 12c7a783 lw               x15, 300(x15)       x15=3ff7d7e5 x15:1c000000  PA:1c00012c
14808831ns          244362 1c008750 41755513 srai             x10, x10, 0x417     x10=00000084 x10:423eb068
14808850ns          244363 1c008752 68e7f7c3 fmadd.s          f15, f15, f14, f13  f15=xxxxxxxx f15:3ff7d7e5 f14:3f3eb068 f13:c13c5fa8
14808870ns          244364 1c008756 1c0006b7 lui              x13, 0x1c000000     x13=1c000000
14808890ns          244365 1c00875a 1346a683 lw               x13, 308(x13)       x13=41fa6a03 x13:1c000000  PA:1c000134
14809189ns          244380 1c00875e f8250513 addi             x10, x10, -126      x10=00000006 x10:00000084
14809208ns          244381 1c008762 68e7f7c3 fmadd.s          f15, f15, f14, f13  f15=xxxxxxxx f15:c1254c07 f14:3f3eb068 f13:41fa6a03
14809228ns          244382 1c008766 1c0006b7 lui              x13, 0x1c000000     x13=1c000000
14809248ns          244383 1c00876a 1386a683 lw               x13, 312(x13)       x13=c23f0e08 x13:1c000000  PA:1c000138
14809547ns          244398 1c00876e d0057553 fcvt.s.w         f10, x10            f10=xxxxxxxx x10:00000006
14809566ns          244399 1c008772 68e7f7c3 fmadd.s          f15, f15, f14, f13  f15=xxxxxxxx f15:41bcd9d9 f14:3f3eb068 f13:c23f0e08
14809586ns          244400 1c008776 1c0006b7 lui              x13, 0x1c000000     x13=1c000000
14809606ns          244401 1c00877a 13c6a683 lw               x13, 316(x13)       x13=42390412 x13:1c000000  PA:1c00013c
14809964ns          244419 1c00877e 68e7f7c3 fmadd.s          f15, f15, f14, f13  f15=xxxxxxxx f15:c1f1703e f14:3f3eb068 f13:42390412
14809984ns          244420 1c008782 1c0006b7 lui              x13, 0x1c000000     x13=1c000000
14810004ns          244421 1c008786 1406a683 lw               x13, 320(x13)       x13=c1efd21b x13:1c000000  PA:1c000140
14810322ns          244437 1c00878a 68e7f7c3 fmadd.s          f15, f15, f14, f13  f15=xxxxxxxx f15:41be3077 f14:3f3eb068 f13:c1efd21b
14810342ns          244438 1c00878e 1c0006b7 lui              x13, 0x1c000000     x13=1c000000
14810362ns          244439 1c008792 1446a683 lw               x13, 324(x13)       x13=41644a86 x13:1c000000  PA:1c000144
14810680ns          244455 1c008796 68e7f7c3 fmadd.s          f15, f15, f14, f13  f15=xxxxxxxx f15:c1444e28 f14:3f3eb068 f13:41644a86
14810700ns          244456 1c00879a 1c0006b7 lui              x13, 0x1c000000     x13=1c000000
14810720ns          244457 1c00879e 1486a683 lw               x13, 328(x13)       x13=c087dba8 x13:1c000000  PA:1c000148
14811038ns          244473 1c0087a2 68e7f7c3 fmadd.s          f15, f15, f14, f13  f15=xxxxxxxx f15:40a4227e f14:3f3eb068 f13:c087dba8
14811058ns          244474 1c0087a6 00a7f553 fadd.s           f10, f15, f10       f10=xxxxxxxx f15:bed98f41 f10:40c00000
14811078ns          244475 1c0087aa 00008067 jalr             x0, x1, 0            x1:1c0081c2
14811138ns          244478 1c0081c2 11557553 fmul.s           f10, f10, f21       f10=xxxxxxxx f10:40b2670c f21:3f317218
14811158ns          244479 1c0081c6 00a4222b p.sw             x10, 4(x8!)          x8=10001e5c x10:40775184  x8:10001e58  PA:10001e58
14811178ns          244480 1c0081ca ff4419e3 bne              x8, x20, -14         x8:10001e5c x20:10001fd8
14811237ns          244483 1c0081bc 0049a50b p.lw             x10, 4(x19!)        x10=42a9b8ff x19=1c0104c8 x19:1c0104c4  PA:1c0104c4
14811536ns          244498 1c0081c0 558000ef jal              x1, 1368             x1=1c0081c2
14811556ns          244499 1c008718 e00517d3 fclass.s         x15, f10            x15=00000040 f10:42a9b8ff
14811575ns          244500 1c00871c 0817f793 andi             x15, x15, 129       x15=00000000 x15:00000040
14811595ns          244501 1c008720 08079b63 bne              x15, x0, 150        x15:00000000
14811615ns          244502 1c008722 00000793 addi             x15, x0, 0          x15=00000000
14811635ns          244503 1c008726 a0f52753 feq.s            x14, f10, f15       x14=00000000 f10:42a9b8ff f15:00000000
14811655ns          244504 1c00872a 08071163 bne              x14, x0, 130        x14:00000000
14811675ns          244505 1c00872c a0f507d3 fle.s            x15, f10, f15       x15=00000000 f10:42a9b8ff f15:00000000
14811695ns          244506 1c008730 08079863 bne              x15, x0, 144        x15:00000000
14811715ns          244507 1c008732 a0a527d3 feq.s            x15, f10, f10       x15=00000001 f10:42a9b8ff f10:42a9b8ff
14811735ns          244508 1c008736 08078563 beq              x15, x0, 138        x15:00000001
14811754ns          244509 1c008738 d17537b3 p.bclr           x15, x10, 8, 23     x15=0029b8ff x10:42a9b8ff
14811774ns          244510 1c00873c cb87c733 p.bset           x14, x15, 5, 24     x14=3f29b8ff x15:0029b8ff
14811794ns          244511 1c008740 1c0006b7 lui              x13, 0x1c000000     x13=1c000000
14811814ns          244512 1c008744 1c0007b7 lui              x15, 0x1c000000     x15=1c000000
14811834ns          244513 1c008748 1306a683 lw               x13, 304(x13)       x13=c13c5fa8 x13:1c000000  PA:1c000130
14812132ns          244528 1c00874c 12c7a783 lw               x15, 300(x15)       x15=3ff7d7e5 x15:1c000000  PA:1c00012c
14812431ns          244543 1c008750 41755513 srai             x10, x10, 0x417     x10=00000085 x10:42a9b8ff
14812451ns          244544 1c008752 68e7f7c3 fmadd.s          f15, f15, f14, f13  f15=xxxxxxxx f15:3ff7d7e5 f14:3f29b8ff f13:c13c5fa8
14812471ns          244545 1c008756 1c0006b7 lui              x13, 0x1c000000     x13=1c000000
14812490ns          244546 1c00875a 1346a683 lw               x13, 308(x13)       x13=41fa6a03 x13:1c000000  PA:1c000134
14812789ns          244561 1c00875e f8250513 addi             x10, x10, -126      x10=00000007 x10:00000085
14812809ns          244562 1c008762 68e7f7c3 fmadd.s          f15, f15, f14, f13  f15=xxxxxxxx f15:c127d594 f14:3f29b8ff f13:41fa6a03
14812829ns          244563 1c008766 1c0006b7 lui              x13, 0x1c000000     x13=1c000000
14812848ns          244564 1c00876a 1386a683 lw               x13, 312(x13)       x13=c23f0e08 x13:1c000000  PA:1c000138
14813147ns          244579 1c00876e d0057553 fcvt.s.w         f10, x10            f10=xxxxxxxx x10:00000007
14813167ns          244580 1c008772 68e7f7c3 fmadd.s          f15, f15, f14, f13  f15=xxxxxxxx f15:41c2c75f f14:3f29b8ff f13:c23f0e08
14813187ns          244581 1c008776 1c0006b7 lui              x13, 0x1c000000     x13=1c000000
14813207ns          244582 1c00877a 13c6a683 lw               x13, 316(x13)       x13=42390412 x13:1c000000  PA:1c00013c
14813525ns          244598 1c00877e 68e7f7c3 fmadd.s          f15, f15, f14, f13  f15=xxxxxxxx f15:c1fcf9b1 f14:3f29b8ff f13:42390412
14813545ns          244599 1c008782 1c0006b7 lui              x13, 0x1c000000     x13=1c000000
14813565ns          244600 1c008786 1406a683 lw               x13, 320(x13)       x13=c1efd21b x13:1c000000  PA:1c000140
14813883ns          244616 1c00878a 68e7f7c3 fmadd.s          f15, f15, f14, f13  f15=xxxxxxxx f15:41ca507f f14:3f29b8ff f13:c1efd21b
14813903ns          244617 1c00878e 1c0006b7 lui              x13, 0x1c000000     x13=1c000000
14813923ns          244618 1c008792 1446a683 lw               x13, 324(x13)       x13=41644a86 x13:1c000000  PA:1c000144
14814241ns          244634 1c008796 68e7f7c3 fmadd.s          f15, f15, f14, f13  f15=xxxxxxxx f15:c1536188 f14:3f29b8ff f13:41644a86
14814261ns          244635 1c00879a 1c0006b7 lui              x13, 0x1c000000     x13=1c000000
14814281ns          244636 1c00879e 1486a683 lw               x13, 328(x13)       x13=c087dba8 x13:1c000000  PA:1c000148
14814619ns          244653 1c0087a2 68e7f7c3 fmadd.s          f15, f15, f14, f13  f15=xxxxxxxx f15:40b04cc5 f14:3f29b8ff f13:c087dba8
14814639ns          244654 1c0087a6 00a7f553 fadd.s           f10, f15, f10       f10=xxxxxxxx f15:bf17cc99 f10:40e00000
14814659ns          244655 1c0087aa 00008067 jalr             x0, x1, 0            x1:1c0081c2
14814718ns          244658 1c0081c2 11557553 fmul.s           f10, f10, f21       f10=xxxxxxxx f10:40cd066d f21:3f317218
14814738ns          244659 1c0081c6 00a4222b p.sw             x10, 4(x8!)          x8=10001e60 x10:408e1cd1  x8:10001e5c  PA:10001e5c
14814758ns          244660 1c0081ca ff4419e3 bne              x8, x20, -14         x8:10001e60 x20:10001fd8
14814818ns          244663 1c0081bc 0049a50b p.lw             x10, 4(x19!)        x10=42b3c8ea x19=1c0104cc x19:1c0104c8  PA:1c0104c8
14815116ns          244678 1c0081c0 558000ef jal              x1, 1368             x1=1c0081c2
14815136ns          244679 1c008718 e00517d3 fclass.s         x15, f10            x15=00000040 f10:42b3c8ea
14815156ns          244680 1c00871c 0817f793 andi             x15, x15, 129       x15=00000000 x15:00000040
14815176ns          244681 1c008720 08079b63 bne              x15, x0, 150        x15:00000000
14815196ns          244682 1c008722 00000793 addi             x15, x0, 0          x15=00000000
14815215ns          244683 1c008726 a0f52753 feq.s            x14, f10, f15       x14=00000000 f10:42b3c8ea f15:00000000
14815235ns          244684 1c00872a 08071163 bne              x14, x0, 130        x14:00000000
14815255ns          244685 1c00872c a0f507d3 fle.s            x15, f10, f15       x15=00000000 f10:42b3c8ea f15:00000000
14815275ns          244686 1c008730 08079863 bne              x15, x0, 144        x15:00000000
14815295ns          244687 1c008732 a0a527d3 feq.s            x15, f10, f10       x15=00000001 f10:42b3c8ea f10:42b3c8ea
14815315ns          244688 1c008736 08078563 beq              x15, x0, 138        x15:00000001
14815335ns          244689 1c008738 d17537b3 p.bclr           x15, x10, 8, 23     x15=0033c8ea x10:42b3c8ea
14815355ns          244690 1c00873c cb87c733 p.bset           x14, x15, 5, 24     x14=3f33c8ea x15:0033c8ea
14815375ns          244691 1c008740 1c0006b7 lui              x13, 0x1c000000     x13=1c000000
14815394ns          244692 1c008744 1c0007b7 lui              x15, 0x1c000000     x15=1c000000
14815414ns          244693 1c008748 1306a683 lw               x13, 304(x13)       x13=c13c5fa8 x13:1c000000  PA:1c000130
14815713ns          244708 1c00874c 12c7a783 lw               x15, 300(x15)       x15=3ff7d7e5 x15:1c000000  PA:1c00012c
14816011ns          244723 1c008750 41755513 srai             x10, x10, 0x417     x10=00000085 x10:42b3c8ea
14816031ns          244724 1c008752 68e7f7c3 fmadd.s          f15, f15, f14, f13  f15=xxxxxxxx f15:3ff7d7e5 f14:3f33c8ea f13:c13c5fa8
14816051ns          244725 1c008756 1c0006b7 lui              x13, 0x1c000000     x13=1c000000
14816071ns          244726 1c00875a 1346a683 lw               x13, 308(x13)       x13=41fa6a03 x13:1c000000  PA:1c000134
14816369ns          244741 1c00875e f8250513 addi             x10, x10, -126      x10=00000007 x10:00000085
14816389ns          244742 1c008762 68e7f7c3 fmadd.s          f15, f15, f14, f13  f15=xxxxxxxx f15:c1269dd9 f14:3f33c8ea f13:41fa6a03
14816409ns          244743 1c008766 1c0006b7 lui              x13, 0x1c000000     x13=1c000000
14816429ns          244744 1c00876a 1386a683 lw               x13, 312(x13)       x13=c23f0e08 x13:1c000000  PA:1c000138
14816727ns          244759 1c00876e d0057553 fcvt.s.w         f10, x10            f10=xxxxxxxx x10:00000007
14816747ns          244760 1c008772 68e7f7c3 fmadd.s          f15, f15, f14, f13  f15=xxxxxxxx f15:41bfe872 f14:3f33c8ea f13:c23f0e08
14816767ns          244761 1c008776 1c0006b7 lui              x13, 0x1c000000     x13=1c000000
14816787ns          244762 1c00877a 13c6a683 lw               x13, 316(x13)       x13=42390412 x13:1c000000  PA:1c00013c
14817105ns          244778 1c00877e 68e7f7c3 fmadd.s          f15, f15, f14, f13  f15=xxxxxxxx f15:c1f755eb f14:3f33c8ea f13:42390412
14817125ns          244779 1c008782 1c0006b7 lui              x13, 0x1c000000     x13=1c000000
14817145ns          244780 1c008786 1406a683 lw               x13, 320(x13)       x13=c1efd21b x13:1c000000  PA:1c000140
14817463ns          244796 1c00878a 68e7f7c3 fmadd.s          f15, f15, f14, f13  f15=xxxxxxxx f15:41c454f3 f14:3f33c8ea f13:c1efd21b
14817483ns          244797 1c00878e 1c0006b7 lui              x13, 0x1c000000     x13=1c000000
14817503ns          244798 1c008792 1446a683 lw               x13, 324(x13)       x13=41644a86 x13:1c000000  PA:1c000144
14817821ns          244814 1c008796 68e7f7c3 fmadd.s          f15, f15, f14, f13  f15=xxxxxxxx f15:c14be13f f14:3f33c8ea f13:41644a86
14817841ns          244815 1c00879a 1c0006b7 lui              x13, 0x1c000000     x13=1c000000
14817861ns          244816 1c00879e 1486a683 lw               x13, 328(x13)       x13=c087dba8 x13:1c000000  PA:1c000148
14818219ns          244834 1c0087a2 68e7f7c3 fmadd.s          f15, f15, f14, f13  f15=xxxxxxxx f15:40aa3809 f14:3f33c8ea f13:c087dba8
14818239ns          244835 1c0087a6 00a7f553 fadd.s           f10, f15, f10       f10=xxxxxxxx f15:bf028713 f10:40e00000
14818259ns          244836 1c0087aa 00008067 jalr             x0, x1, 0            x1:1c0081c2
14818318ns          244839 1c0081c2 11557553 fmul.s           f10, f10, f21       f10=xxxxxxxx f10:40cfaf1e f21:3f317218
14818338ns          244840 1c0081c6 00a4222b p.sw             x10, 4(x8!)          x8=10001e64 x10:408ff4a3  x8:10001e60  PA:10001e60
14818358ns          244841 1c0081ca ff4419e3 bne              x8, x20, -14         x8:10001e64 x20:10001fd8
14818418ns          244844 1c0081bc 0049a50b p.lw             x10, 4(x19!)        x10=420937d3 x19=1c0104d0 x19:1c0104cc  PA:1c0104cc
14818716ns          244859 1c0081c0 558000ef jal              x1, 1368             x1=1c0081c2
14818736ns          244860 1c008718 e00517d3 fclass.s         x15, f10            x15=00000040 f10:420937d3
14818756ns          244861 1c00871c 0817f793 andi             x15, x15, 129       x15=00000000 x15:00000040
14818776ns          244862 1c008720 08079b63 bne              x15, x0, 150        x15:00000000
14818796ns          244863 1c008722 00000793 addi             x15, x0, 0          x15=00000000
14818816ns          244864 1c008726 a0f52753 feq.s            x14, f10, f15       x14=00000000 f10:420937d3 f15:00000000
14818836ns          244865 1c00872a 08071163 bne              x14, x0, 130        x14:00000000
14818855ns          244866 1c00872c a0f507d3 fle.s            x15, f10, f15       x15=00000000 f10:420937d3 f15:00000000
14818875ns          244867 1c008730 08079863 bne              x15, x0, 144        x15:00000000
14818895ns          244868 1c008732 a0a527d3 feq.s            x15, f10, f10       x15=00000001 f10:420937d3 f10:420937d3
14818915ns          244869 1c008736 08078563 beq              x15, x0, 138        x15:00000001
14818935ns          244870 1c008738 d17537b3 p.bclr           x15, x10, 8, 23     x15=000937d3 x10:420937d3
14818955ns          244871 1c00873c cb87c733 p.bset           x14, x15, 5, 24     x14=3f0937d3 x15:000937d3
14818975ns          244872 1c008740 1c0006b7 lui              x13, 0x1c000000     x13=1c000000
14818995ns          244873 1c008744 1c0007b7 lui              x15, 0x1c000000     x15=1c000000
14819015ns          244874 1c008748 1306a683 lw               x13, 304(x13)       x13=c13c5fa8 x13:1c000000  PA:1c000130
14819333ns          244890 1c00874c 12c7a783 lw               x15, 300(x15)       x15=3ff7d7e5 x15:1c000000  PA:1c00012c
14819631ns          244905 1c008750 41755513 srai             x10, x10, 0x417     x10=00000084 x10:420937d3
14819651ns          244906 1c008752 68e7f7c3 fmadd.s          f15, f15, f14, f13  f15=xxxxxxxx f15:3ff7d7e5 f14:3f0937d3 f13:c13c5fa8
14819671ns          244907 1c008756 1c0006b7 lui              x13, 0x1c000000     x13=1c000000
14819691ns          244908 1c00875a 1346a683 lw               x13, 308(x13)       x13=41fa6a03 x13:1c000000  PA:1c000134
14820009ns          244924 1c00875e f8250513 addi             x10, x10, -126      x10=00000006 x10:00000084
14820029ns          244925 1c008762 68e7f7c3 fmadd.s          f15, f15, f14, f13  f15=xxxxxxxx f15:c12bc495 f14:3f0937d3 f13:41fa6a03
14820049ns          244926 1c008766 1c0006b7 lui              x13, 0x1c000000     x13=1c000000
14820069ns          244927 1c00876a 1386a683 lw               x13, 312(x13)       x13=c23f0e08 x13:1c000000  PA:1c000138
14820367ns          244942 1c00876e d0057553 fcvt.s.w         f10, x10            f10=xxxxxxxx x10:00000006
14820387ns          244943 1c008772 68e7f7c3 fmadd.s          f15, f15, f14, f13  f15=xxxxxxxx f15:41cc612f f14:3f0937d3 f13:c23f0e08
14820407ns          244944 1c008776 1c0006b7 lui              x13, 0x1c000000     x13=1c000000
14820427ns          244945 1c00877a 13c6a683 lw               x13, 316(x13)       x13=42390412 x13:1c000000  PA:1c00013c
14820745ns          244961 1c00877e 68e7f7c3 fmadd.s          f15, f15, f14, f13  f15=xxxxxxxx f15:c20847be f14:3f0937d3 f13:42390412
14820765ns          244962 1c008782 1c0006b7 lui              x13, 0x1c000000     x13=1c000000
14820785ns          244963 1c008786 1406a683 lw               x13, 320(x13)       x13=c1efd21b x13:1c000000  PA:1c000140
14821103ns          244979 1c00878a 68e7f7c3 fmadd.s          f15, f15, f14, f13  f15=xxxxxxxx f15:41dfefeb f14:3f0937d3 f13:c1efd21b
14821123ns          244980 1c00878e 1c0006b7 lui              x13, 0x1c000000     x13=1c000000
14821143ns          244981 1c008792 1446a683 lw               x13, 324(x13)       x13=41644a86 x13:1c000000  PA:1c000144
14821461ns          244997 1c008796 68e7f7c3 fmadd.s          f15, f15, f14, f13  f15=xxxxxxxx f15:c16f93c2 f14:3f0937d3 f13:41644a86
14821481ns          244998 1c00879a 1c0006b7 lui              x13, 0x1c000000     x13=1c000000
14821501ns          244999 1c00879e 1486a683 lw               x13, 328(x13)       x13=c087dba8 x13:1c000000  PA:1c000148
14821839ns          245016 1c0087a2 68e7f7c3 fmadd.s          f15, f15, f14, f13  f15=xxxxxxxx f15:40c7c06a f14:3f0937d3 f13:c087dba8
14821859ns          245017 1c0087a6 00a7f553 fadd.s           f10, f15, f10       f10=xxxxxxxx f15:bf665102 f10:40c00000
14821879ns          245018 1c0087aa 00008067 jalr             x0, x1, 0            x1:1c0081c2
14821939ns          245021 1c0081c2 11557553 fmul.s           f10, f10, f21       f10=xxxxxxxx f10:40a335e0 f21:3f317218
14821958ns          245022 1c0081c6 00a4222b p.sw             x10, 4(x8!)          x8=10001e68 x10:406241fa  x8:10001e64  PA:10001e64
14821978ns          245023 1c0081ca ff4419e3 bne              x8, x20, -14         x8:10001e68 x20:10001fd8
14822038ns          245026 1c0081bc 0049a50b p.lw             x10, 4(x19!)        x10=42781cb6 x19=1c0104d4 x19:1c0104d0  PA:1c0104d0
14822336ns          245041 1c0081c0 558000ef jal              x1, 1368             x1=1c0081c2
14822356ns          245042 1c008718 e00517d3 fclass.s         x15, f10            x15=00000040 f10:42781cb6
14822376ns          245043 1c00871c 0817f793 andi             x15, x15, 129       x15=00000000 x15:00000040
14822396ns          245044 1c008720 08079b63 bne              x15, x0, 150        x15:00000000
14822416ns          245045 1c008722 00000793 addi             x15, x0, 0          x15=00000000
14822436ns          245046 1c008726 a0f52753 feq.s            x14, f10, f15       x14=00000000 f10:42781cb6 f15:00000000
14822456ns          245047 1c00872a 08071163 bne              x14, x0, 130        x14:00000000
14822476ns          245048 1c00872c a0f507d3 fle.s            x15, f10, f15       x15=00000000 f10:42781cb6 f15:00000000
14822495ns          245049 1c008730 08079863 bne              x15, x0, 144        x15:00000000
14822515ns          245050 1c008732 a0a527d3 feq.s            x15, f10, f10       x15=00000001 f10:42781cb6 f10:42781cb6
14822535ns          245051 1c008736 08078563 beq              x15, x0, 138        x15:00000001
14822555ns          245052 1c008738 d17537b3 p.bclr           x15, x10, 8, 23     x15=00781cb6 x10:42781cb6
14822575ns          245053 1c00873c cb87c733 p.bset           x14, x15, 5, 24     x14=3f781cb6 x15:00781cb6
14822595ns          245054 1c008740 1c0006b7 lui              x13, 0x1c000000     x13=1c000000
14822615ns          245055 1c008744 1c0007b7 lui              x15, 0x1c000000     x15=1c000000
14822635ns          245056 1c008748 1306a683 lw               x13, 304(x13)       x13=c13c5fa8 x13:1c000000  PA:1c000130
14822933ns          245071 1c00874c 12c7a783 lw               x15, 300(x15)       x15=3ff7d7e5 x15:1c000000  PA:1c00012c
14823251ns          245087 1c008750 41755513 srai             x10, x10, 0x417     x10=00000084 x10:42781cb6
14823271ns          245088 1c008752 68e7f7c3 fmadd.s          f15, f15, f14, f13  f15=xxxxxxxx f15:3ff7d7e5 f14:3f781cb6 f13:c13c5fa8
14823291ns          245089 1c008756 1c0006b7 lui              x13, 0x1c000000     x13=1c000000
14823311ns          245090 1c00875a 1346a683 lw               x13, 308(x13)       x13=41fa6a03 x13:1c000000  PA:1c000134
14823609ns          245105 1c00875e f8250513 addi             x10, x10, -126      x10=00000006 x10:00000084
14823629ns          245106 1c008762 68e7f7c3 fmadd.s          f15, f15, f14, f13  f15=xxxxxxxx f15:c11e590a f14:3f781cb6 f13:41fa6a03
14823649ns          245107 1c008766 1c0006b7 lui              x13, 0x1c000000     x13=1c000000
14823669ns          245108 1c00876a 1386a683 lw               x13, 312(x13)       x13=c23f0e08 x13:1c000000  PA:1c000138
14823967ns          245123 1c00876e d0057553 fcvt.s.w         f10, x10            f10=xxxxxxxx x10:00000006
14823987ns          245124 1c008772 68e7f7c3 fmadd.s          f15, f15, f14, f13  f15=xxxxxxxx f15:41adae01 f14:3f781cb6 f13:c23f0e08
14824007ns          245125 1c008776 1c0006b7 lui              x13, 0x1c000000     x13=1c000000
14824027ns          245126 1c00877a 13c6a683 lw               x13, 316(x13)       x13=42390412 x13:1c000000  PA:1c00013c
14824345ns          245142 1c00877e 68e7f7c3 fmadd.s          f15, f15, f14, f13  f15=xxxxxxxx f15:c1d5c805 f14:3f781cb6 f13:42390412
14824365ns          245143 1c008782 1c0006b7 lui              x13, 0x1c000000     x13=1c000000
14824385ns          245144 1c008786 1406a683 lw               x13, 320(x13)       x13=c1efd21b x13:1c000000  PA:1c000140
14824703ns          245160 1c00878a 68e7f7c3 fmadd.s          f15, f15, f14, f13  f15=xxxxxxxx f15:41a2d665 f14:3f781cb6 f13:c1efd21b
14824723ns          245161 1c00878e 1c0006b7 lui              x13, 0x1c000000     x13=1c000000
14824743ns          245162 1c008792 1446a683 lw               x13, 324(x13)       x13=41644a86 x13:1c000000  PA:1c000144
14825061ns          245178 1c008796 68e7f7c3 fmadd.s          f15, f15, f14, f13  f15=xxxxxxxx f15:c124004c f14:3f781cb6 f13:41644a86
14825081ns          245179 1c00879a 1c0006b7 lui              x13, 0x1c000000     x13=1c000000
14825101ns          245180 1c00879e 1486a683 lw               x13, 328(x13)       x13=c087dba8 x13:1c000000  PA:1c000148
14825419ns          245196 1c0087a2 68e7f7c3 fmadd.s          f15, f15, f14, f13  f15=xxxxxxxx f15:408aafaf f14:3f781cb6 f13:c087dba8
14825439ns          245197 1c0087a6 00a7f553 fadd.s           f10, f15, f10       f10=xxxxxxxx f15:bd38f454 f10:40c00000
14825459ns          245198 1c0087aa 00008067 jalr             x0, x1, 0            x1:1c0081c2
14825519ns          245201 1c0081c2 11557553 fmul.s           f10, f10, f21       f10=xxxxxxxx f10:40be8e17 f21:3f317218
14825539ns          245202 1c0081c6 00a4222b p.sw             x10, 4(x8!)          x8=10001e6c x10:4084152b  x8:10001e68  PA:10001e68
14825559ns          245203 1c0081ca ff4419e3 bne              x8, x20, -14         x8:10001e6c x20:10001fd8
14825618ns          245206 1c0081bc 0049a50b p.lw             x10, 4(x19!)        x10=410903d1 x19=1c0104d8 x19:1c0104d4  PA:1c0104d4
14825937ns          245222 1c0081c0 558000ef jal              x1, 1368             x1=1c0081c2
14825956ns          245223 1c008718 e00517d3 fclass.s         x15, f10            x15=00000040 f10:410903d1
14825976ns          245224 1c00871c 0817f793 andi             x15, x15, 129       x15=00000000 x15:00000040
14825996ns          245225 1c008720 08079b63 bne              x15, x0, 150        x15:00000000
14826016ns          245226 1c008722 00000793 addi             x15, x0, 0          x15=00000000
14826036ns          245227 1c008726 a0f52753 feq.s            x14, f10, f15       x14=00000000 f10:410903d1 f15:00000000
14826056ns          245228 1c00872a 08071163 bne              x14, x0, 130        x14:00000000
14826076ns          245229 1c00872c a0f507d3 fle.s            x15, f10, f15       x15=00000000 f10:410903d1 f15:00000000
14826096ns          245230 1c008730 08079863 bne              x15, x0, 144        x15:00000000
14826116ns          245231 1c008732 a0a527d3 feq.s            x15, f10, f10       x15=00000001 f10:410903d1 f10:410903d1
14826135ns          245232 1c008736 08078563 beq              x15, x0, 138        x15:00000001
14826155ns          245233 1c008738 d17537b3 p.bclr           x15, x10, 8, 23     x15=000903d1 x10:410903d1
14826175ns          245234 1c00873c cb87c733 p.bset           x14, x15, 5, 24     x14=3f0903d1 x15:000903d1
14826195ns          245235 1c008740 1c0006b7 lui              x13, 0x1c000000     x13=1c000000
14826215ns          245236 1c008744 1c0007b7 lui              x15, 0x1c000000     x15=1c000000
14826235ns          245237 1c008748 1306a683 lw               x13, 304(x13)       x13=c13c5fa8 x13:1c000000  PA:1c000130
14826533ns          245252 1c00874c 12c7a783 lw               x15, 300(x15)       x15=3ff7d7e5 x15:1c000000  PA:1c00012c
14826832ns          245267 1c008750 41755513 srai             x10, x10, 0x417     x10=00000082 x10:410903d1
14826852ns          245268 1c008752 68e7f7c3 fmadd.s          f15, f15, f14, f13  f15=xxxxxxxx f15:3ff7d7e5 f14:3f0903d1 f13:c13c5fa8
14826871ns          245269 1c008756 1c0006b7 lui              x13, 0x1c000000     x13=1c000000
14826891ns          245270 1c00875a 1346a683 lw               x13, 308(x13)       x13=41fa6a03 x13:1c000000  PA:1c000134
14827249ns          245288 1c00875e f8250513 addi             x10, x10, -126      x10=00000004 x10:00000082
14827269ns          245289 1c008762 68e7f7c3 fmadd.s          f15, f15, f14, f13  f15=xxxxxxxx f15:c12bcae1 f14:3f0903d1 f13:41fa6a03
14827289ns          245290 1c008766 1c0006b7 lui              x13, 0x1c000000     x13=1c000000
14827309ns          245291 1c00876a 1386a683 lw               x13, 312(x13)       x13=c23f0e08 x13:1c000000  PA:1c000138
14827607ns          245306 1c00876e d0057553 fcvt.s.w         f10, x10            f10=xxxxxxxx x10:00000004
14827627ns          245307 1c008772 68e7f7c3 fmadd.s          f15, f15, f14, f13  f15=xxxxxxxx f15:41cc70f2 f14:3f0903d1 f13:c23f0e08
14827647ns          245308 1c008776 1c0006b7 lui              x13, 0x1c000000     x13=1c000000
14827667ns          245309 1c00877a 13c6a683 lw               x13, 316(x13)       x13=42390412 x13:1c000000  PA:1c00013c
14827985ns          245325 1c00877e 68e7f7c3 fmadd.s          f15, f15, f14, f13  f15=xxxxxxxx f15:c2085849 f14:3f0903d1 f13:42390412
14828005ns          245326 1c008782 1c0006b7 lui              x13, 0x1c000000     x13=1c000000
14828025ns          245327 1c008786 1406a683 lw               x13, 320(x13)       x13=c1efd21b x13:1c000000  PA:1c000140
14828343ns          245343 1c00878a 68e7f7c3 fmadd.s          f15, f15, f14, f13  f15=xxxxxxxx f15:41e01595 f14:3f0903d1 f13:c1efd21b
14828363ns          245344 1c00878e 1c0006b7 lui              x13, 0x1c000000     x13=1c000000
14828383ns          245345 1c008792 1446a683 lw               x13, 324(x13)       x13=41644a86 x13:1c000000  PA:1c000144
14828701ns          245361 1c008796 68e7f7c3 fmadd.s          f15, f15, f14, f13  f15=xxxxxxxx f15:c16fc66e f14:3f0903d1 f13:41644a86
14828721ns          245362 1c00879a 1c0006b7 lui              x13, 0x1c000000     x13=1c000000
14828741ns          245363 1c00879e 1486a683 lw               x13, 328(x13)       x13=c087dba8 x13:1c000000  PA:1c000148
14829059ns          245379 1c0087a2 68e7f7c3 fmadd.s          f15, f15, f14, f13  f15=xxxxxxxx f15:40c7eb84 f14:3f0903d1 f13:c087dba8
14829079ns          245380 1c0087a6 00a7f553 fadd.s           f10, f15, f10       f10=xxxxxxxx f15:bf66dd1b f10:40800000
14829099ns          245381 1c0087aa 00008067 jalr             x0, x1, 0            x1:1c0081c2
14829159ns          245384 1c0081c2 11557553 fmul.s           f10, f10, f21       f10=xxxxxxxx f10:404648b9 f21:3f317218
14829179ns          245385 1c0081c6 00a4222b p.sw             x10, 4(x8!)          x8=10001e70 x10:400970a7  x8:10001e6c  PA:10001e6c
14829199ns          245386 1c0081ca ff4419e3 bne              x8, x20, -14         x8:10001e70 x20:10001fd8
14829258ns          245389 1c0081bc 0049a50b p.lw             x10, 4(x19!)        x10=419d2aed x19=1c0104dc x19:1c0104d8  PA:1c0104d8
14829557ns          245404 1c0081c0 558000ef jal              x1, 1368             x1=1c0081c2
14829577ns          245405 1c008718 e00517d3 fclass.s         x15, f10            x15=00000040 f10:419d2aed
14829596ns          245406 1c00871c 0817f793 andi             x15, x15, 129       x15=00000000 x15:00000040
14829616ns          245407 1c008720 08079b63 bne              x15, x0, 150        x15:00000000
14829636ns          245408 1c008722 00000793 addi             x15, x0, 0          x15=00000000
14829656ns          245409 1c008726 a0f52753 feq.s            x14, f10, f15       x14=00000000 f10:419d2aed f15:00000000
14829676ns          245410 1c00872a 08071163 bne              x14, x0, 130        x14:00000000
14829696ns          245411 1c00872c a0f507d3 fle.s            x15, f10, f15       x15=00000000 f10:419d2aed f15:00000000
14829716ns          245412 1c008730 08079863 bne              x15, x0, 144        x15:00000000
14829736ns          245413 1c008732 a0a527d3 feq.s            x15, f10, f10       x15=00000001 f10:419d2aed f10:419d2aed
14829756ns          245414 1c008736 08078563 beq              x15, x0, 138        x15:00000001
14829775ns          245415 1c008738 d17537b3 p.bclr           x15, x10, 8, 23     x15=001d2aed x10:419d2aed
14829795ns          245416 1c00873c cb87c733 p.bset           x14, x15, 5, 24     x14=3f1d2aed x15:001d2aed
14829815ns          245417 1c008740 1c0006b7 lui              x13, 0x1c000000     x13=1c000000
14829835ns          245418 1c008744 1c0007b7 lui              x15, 0x1c000000     x15=1c000000
14829855ns          245419 1c008748 1306a683 lw               x13, 304(x13)       x13=c13c5fa8 x13:1c000000  PA:1c000130
14830153ns          245434 1c00874c 12c7a783 lw               x15, 300(x15)       x15=3ff7d7e5 x15:1c000000  PA:1c00012c
14830452ns          245449 1c008750 41755513 srai             x10, x10, 0x417     x10=00000083 x10:419d2aed
14830472ns          245450 1c008752 68e7f7c3 fmadd.s          f15, f15, f14, f13  f15=xxxxxxxx f15:3ff7d7e5 f14:3f1d2aed f13:c13c5fa8
14830492ns          245451 1c008756 1c0006b7 lui              x13, 0x1c000000     x13=1c000000
14830511ns          245452 1c00875a 1346a683 lw               x13, 308(x13)       x13=41fa6a03 x13:1c000000  PA:1c000134
14830810ns          245467 1c00875e f8250513 addi             x10, x10, -126      x10=00000005 x10:00000083
14830830ns          245468 1c008762 68e7f7c3 fmadd.s          f15, f15, f14, f13  f15=xxxxxxxx f15:c1295a89 f14:3f1d2aed f13:41fa6a03
14830850ns          245469 1c008766 1c0006b7 lui              x13, 0x1c000000     x13=1c000000
14830869ns          245470 1c00876a 1386a683 lw               x13, 312(x13)       x13=c23f0e08 x13:1c000000  PA:1c000138
14831188ns          245486 1c00876e d0057553 fcvt.s.w         f10, x10            f10=xxxxxxxx x10:00000005
14831208ns          245487 1c008772 68e7f7c3 fmadd.s          f15, f15, f14, f13  f15=xxxxxxxx f15:41c66d8d f14:3f1d2aed f13:c23f0e08
14831228ns          245488 1c008776 1c0006b7 lui              x13, 0x1c000000     x13=1c000000
14831247ns          245489 1c00877a 13c6a683 lw               x13, 316(x13)       x13=42390412 x13:1c000000  PA:1c00013c
14831566ns          245505 1c00877e 68e7f7c3 fmadd.s          f15, f15, f14, f13  f15=xxxxxxxx f15:c20224cd f14:3f1d2aed f13:42390412
14831586ns          245506 1c008782 1c0006b7 lui              x13, 0x1c000000     x13=1c000000
14831605ns          245507 1c008786 1406a683 lw               x13, 320(x13)       x13=c1efd21b x13:1c000000  PA:1c000140
14831944ns          245524 1c00878a 68e7f7c3 fmadd.s          f15, f15, f14, f13  f15=xxxxxxxx f15:41d23b5c f14:3f1d2aed f13:c1efd21b
14831963ns          245525 1c00878e 1c0006b7 lui              x13, 0x1c000000     x13=1c000000
14831983ns          245526 1c008792 1446a683 lw               x13, 324(x13)       x13=41644a86 x13:1c000000  PA:1c000144
14832302ns          245542 1c008796 68e7f7c3 fmadd.s          f15, f15, f14, f13  f15=xxxxxxxx f15:c15d80e6 f14:3f1d2aed f13:41644a86
14832322ns          245543 1c00879a 1c0006b7 lui              x13, 0x1c000000     x13=1c000000
14832341ns          245544 1c00879e 1486a683 lw               x13, 328(x13)       x13=c087dba8 x13:1c000000  PA:1c000148
14832680ns          245561 1c0087a2 68e7f7c3 fmadd.s          f15, f15, f14, f13  f15=xxxxxxxx f15:40b89aa9 f14:3f1d2aed f13:c087dba8
14832699ns          245562 1c0087a6 00a7f553 fadd.s           f10, f15, f10       f10=xxxxxxxx f15:bf342ed1 f10:40a00000
14832719ns          245563 1c0087aa 00008067 jalr             x0, x1, 0            x1:1c0081c2
14832779ns          245566 1c0081c2 11557553 fmul.s           f10, f10, f21       f10=xxxxxxxx f10:40897a26 f21:3f317218
14832799ns          245567 1c0081c6 00a4222b p.sw             x10, 4(x8!)          x8=10001e74 x10:403e9573  x8:10001e70  PA:10001e70
14832819ns          245568 1c0081ca ff4419e3 bne              x8, x20, -14         x8:10001e74 x20:10001fd8
14832878ns          245571 1c0081bc 0049a50b p.lw             x10, 4(x19!)        x10=4288131a x19=1c0104e0 x19:1c0104dc  PA:1c0104dc
14833177ns          245586 1c0081c0 558000ef jal              x1, 1368             x1=1c0081c2
14833197ns          245587 1c008718 e00517d3 fclass.s         x15, f10            x15=00000040 f10:4288131a
14833217ns          245588 1c00871c 0817f793 andi             x15, x15, 129       x15=00000000 x15:00000040
14833236ns          245589 1c008720 08079b63 bne              x15, x0, 150        x15:00000000
14833256ns          245590 1c008722 00000793 addi             x15, x0, 0          x15=00000000
14833276ns          245591 1c008726 a0f52753 feq.s            x14, f10, f15       x14=00000000 f10:4288131a f15:00000000
14833296ns          245592 1c00872a 08071163 bne              x14, x0, 130        x14:00000000
14833316ns          245593 1c00872c a0f507d3 fle.s            x15, f10, f15       x15=00000000 f10:4288131a f15:00000000
14833336ns          245594 1c008730 08079863 bne              x15, x0, 144        x15:00000000
14833356ns          245595 1c008732 a0a527d3 feq.s            x15, f10, f10       x15=00000001 f10:4288131a f10:4288131a
14833376ns          245596 1c008736 08078563 beq              x15, x0, 138        x15:00000001
14833396ns          245597 1c008738 d17537b3 p.bclr           x15, x10, 8, 23     x15=0008131a x10:4288131a
14833416ns          245598 1c00873c cb87c733 p.bset           x14, x15, 5, 24     x14=3f08131a x15:0008131a
14833435ns          245599 1c008740 1c0006b7 lui              x13, 0x1c000000     x13=1c000000
14833455ns          245600 1c008744 1c0007b7 lui              x15, 0x1c000000     x15=1c000000
14833475ns          245601 1c008748 1306a683 lw               x13, 304(x13)       x13=c13c5fa8 x13:1c000000  PA:1c000130
14833774ns          245616 1c00874c 12c7a783 lw               x15, 300(x15)       x15=3ff7d7e5 x15:1c000000  PA:1c00012c
14834072ns          245631 1c008750 41755513 srai             x10, x10, 0x417     x10=00000085 x10:4288131a
14834092ns          245632 1c008752 68e7f7c3 fmadd.s          f15, f15, f14, f13  f15=xxxxxxxx f15:3ff7d7e5 f14:3f08131a f13:c13c5fa8
14834112ns          245633 1c008756 1c0006b7 lui              x13, 0x1c000000     x13=1c000000
14834132ns          245634 1c00875a 1346a683 lw               x13, 308(x13)       x13=41fa6a03 x13:1c000000  PA:1c000134
14834430ns          245649 1c00875e f8250513 addi             x10, x10, -126      x10=00000007 x10:00000085
14834450ns          245650 1c008762 68e7f7c3 fmadd.s          f15, f15, f14, f13  f15=xxxxxxxx f15:c12be802 f14:3f08131a f13:41fa6a03
14834470ns          245651 1c008766 1c0006b7 lui              x13, 0x1c000000     x13=1c000000
14834490ns          245652 1c00876a 1386a683 lw               x13, 312(x13)       x13=c23f0e08 x13:1c000000  PA:1c000138
14834808ns          245668 1c00876e d0057553 fcvt.s.w         f10, x10            f10=xxxxxxxx x10:00000007
14834828ns          245669 1c008772 68e7f7c3 fmadd.s          f15, f15, f14, f13  f15=xxxxxxxx f15:41ccb9f9 f14:3f08131a f13:c23f0e08
14834848ns          245670 1c008776 1c0006b7 lui              x13, 0x1c000000     x13=1c000000
14834868ns          245671 1c00877a 13c6a683 lw               x13, 316(x13)       x13=42390412 x13:1c000000  PA:1c00013c
14835186ns          245687 1c00877e 68e7f7c3 fmadd.s          f15, f15, f14, f13  f15=xxxxxxxx f15:c208a4ff f14:3f08131a f13:42390412
14835206ns          245688 1c008782 1c0006b7 lui              x13, 0x1c000000     x13=1c000000
14835226ns          245689 1c008786 1406a683 lw               x13, 320(x13)       x13=c1efd21b x13:1c000000  PA:1c000140
14835544ns          245705 1c00878a 68e7f7c3 fmadd.s          f15, f15, f14, f13  f15=xxxxxxxx f15:41e0c471 f14:3f08131a f13:c1efd21b
14835564ns          245706 1c00878e 1c0006b7 lui              x13, 0x1c000000     x13=1c000000
14835584ns          245707 1c008792 1446a683 lw               x13, 324(x13)       x13=41644a86 x13:1c000000  PA:1c000144
14835902ns          245723 1c008796 68e7f7c3 fmadd.s          f15, f15, f14, f13  f15=xxxxxxxx f15:c170b1f3 f14:3f08131a f13:41644a86
14835922ns          245724 1c00879a 1c0006b7 lui              x13, 0x1c000000     x13=1c000000
14835942ns          245725 1c00879e 1486a683 lw               x13, 328(x13)       x13=c087dba8 x13:1c000000  PA:1c000148
14836260ns          245741 1c0087a2 68e7f7c3 fmadd.s          f15, f15, f14, f13  f15=xxxxxxxx f15:40c8b40f f14:3f08131a f13:c087dba8
14836280ns          245742 1c0087a6 00a7f553 fadd.s           f10, f15, f10       f10=xxxxxxxx f15:bf696832 f10:40e00000
14836300ns          245743 1c0087aa 00008067 jalr             x0, x1, 0            x1:1c0081c2
14836359ns          245746 1c0081c2 11557553 fmul.s           f10, f10, f21       f10=xxxxxxxx f10:40c2d2fa f21:3f317218
14836379ns          245747 1c0081c6 00a4222b p.sw             x10, 4(x8!)          x8=10001e78 x10:40870ab3  x8:10001e74  PA:10001e74
14836399ns          245748 1c0081ca ff4419e3 bne              x8, x20, -14         x8:10001e78 x20:10001fd8
14836459ns          245751 1c0081bc 0049a50b p.lw             x10, 4(x19!)        x10=421d6783 x19=1c0104e4 x19:1c0104e0  PA:1c0104e0
14836757ns          245766 1c0081c0 558000ef jal              x1, 1368             x1=1c0081c2
14836777ns          245767 1c008718 e00517d3 fclass.s         x15, f10            x15=00000040 f10:421d6783
14836797ns          245768 1c00871c 0817f793 andi             x15, x15, 129       x15=00000000 x15:00000040
14836817ns          245769 1c008720 08079b63 bne              x15, x0, 150        x15:00000000
14836837ns          245770 1c008722 00000793 addi             x15, x0, 0          x15=00000000
14836857ns          245771 1c008726 a0f52753 feq.s            x14, f10, f15       x14=00000000 f10:421d6783 f15:00000000
14836876ns          245772 1c00872a 08071163 bne              x14, x0, 130        x14:00000000
14836896ns          245773 1c00872c a0f507d3 fle.s            x15, f10, f15       x15=00000000 f10:421d6783 f15:00000000
14836916ns          245774 1c008730 08079863 bne              x15, x0, 144        x15:00000000
14836936ns          245775 1c008732 a0a527d3 feq.s            x15, f10, f10       x15=00000001 f10:421d6783 f10:421d6783
14836956ns          245776 1c008736 08078563 beq              x15, x0, 138        x15:00000001
14836976ns          245777 1c008738 d17537b3 p.bclr           x15, x10, 8, 23     x15=001d6783 x10:421d6783
14836996ns          245778 1c00873c cb87c733 p.bset           x14, x15, 5, 24     x14=3f1d6783 x15:001d6783
14837016ns          245779 1c008740 1c0006b7 lui              x13, 0x1c000000     x13=1c000000
14837036ns          245780 1c008744 1c0007b7 lui              x15, 0x1c000000     x15=1c000000
14837056ns          245781 1c008748 1306a683 lw               x13, 304(x13)       x13=c13c5fa8 x13:1c000000  PA:1c000130
14837354ns          245796 1c00874c 12c7a783 lw               x15, 300(x15)       x15=3ff7d7e5 x15:1c000000  PA:1c00012c
14837652ns          245811 1c008750 41755513 srai             x10, x10, 0x417     x10=00000084 x10:421d6783
14837672ns          245812 1c008752 68e7f7c3 fmadd.s          f15, f15, f14, f13  f15=xxxxxxxx f15:3ff7d7e5 f14:3f1d6783 f13:c13c5fa8
14837692ns          245813 1c008756 1c0006b7 lui              x13, 0x1c000000     x13=1c000000
14837712ns          245814 1c00875a 1346a683 lw               x13, 308(x13)       x13=41fa6a03 x13:1c000000  PA:1c000134
14838010ns          245829 1c00875e f8250513 addi             x10, x10, -126      x10=00000006 x10:00000084
14838030ns          245830 1c008762 68e7f7c3 fmadd.s          f15, f15, f14, f13  f15=xxxxxxxx f15:c1295334 f14:3f1d6783 f13:41fa6a03
14838050ns          245831 1c008766 1c0006b7 lui              x13, 0x1c000000     x13=1c000000
14838070ns          245832 1c00876a 1386a683 lw               x13, 312(x13)       x13=c23f0e08 x13:1c000000  PA:1c000138
14838368ns          245847 1c00876e d0057553 fcvt.s.w         f10, x10            f10=xxxxxxxx x10:00000006
14838388ns          245848 1c008772 68e7f7c3 fmadd.s          f15, f15, f14, f13  f15=xxxxxxxx f15:41c65bc4 f14:3f1d6783 f13:c23f0e08
14838408ns          245849 1c008776 1c0006b7 lui              x13, 0x1c000000     x13=1c000000
14838428ns          245850 1c00877a 13c6a683 lw               x13, 316(x13)       x13=42390412 x13:1c000000  PA:1c00013c
14838746ns          245866 1c00877e 68e7f7c3 fmadd.s          f15, f15, f14, f13  f15=xxxxxxxx f15:c20212ca f14:3f1d6783 f13:42390412
14838766ns          245867 1c008782 1c0006b7 lui              x13, 0x1c000000     x13=1c000000
14838786ns          245868 1c008786 1406a683 lw               x13, 320(x13)       x13=c1efd21b x13:1c000000  PA:1c000140
14839104ns          245884 1c00878a 68e7f7c3 fmadd.s          f15, f15, f14, f13  f15=xxxxxxxx f15:41d213e8 f14:3f1d6783 f13:c1efd21b
14839124ns          245885 1c00878e 1c0006b7 lui              x13, 0x1c000000     x13=1c000000
14839144ns          245886 1c008792 1446a683 lw               x13, 324(x13)       x13=41644a86 x13:1c000000  PA:1c000144
14839462ns          245902 1c008796 68e7f7c3 fmadd.s          f15, f15, f14, f13  f15=xxxxxxxx f15:c15d4de8 f14:3f1d6783 f13:41644a86
14839482ns          245903 1c00879a 1c0006b7 lui              x13, 0x1c000000     x13=1c000000
14839502ns          245904 1c00879e 1486a683 lw               x13, 328(x13)       x13=c087dba8 x13:1c000000  PA:1c000148
14839820ns          245920 1c0087a2 68e7f7c3 fmadd.s          f15, f15, f14, f13  f15=xxxxxxxx f15:40b87086 f14:3f1d6783 f13:c087dba8
14839840ns          245921 1c0087a6 00a7f553 fadd.s           f10, f15, f10       f10=xxxxxxxx f15:bf33a091 f10:40c00000
14839860ns          245922 1c0087aa 00008067 jalr             x0, x1, 0            x1:1c0081c2
14839920ns          245925 1c0081c2 11557553 fmul.s           f10, f10, f21       f10=xxxxxxxx f10:40a98bee f21:3f317218
14839940ns          245926 1c0081c6 00a4222b p.sw             x10, 4(x8!)          x8=10001e7c x10:406b0aa0  x8:10001e78  PA:10001e78
14839960ns          245927 1c0081ca ff4419e3 bne              x8, x20, -14         x8:10001e7c x20:10001fd8
14840019ns          245930 1c0081bc 0049a50b p.lw             x10, 4(x19!)        x10=4215d6fb x19=1c0104e8 x19:1c0104e4  PA:1c0104e4
14840318ns          245945 1c0081c0 558000ef jal              x1, 1368             x1=1c0081c2
14840337ns          245946 1c008718 e00517d3 fclass.s         x15, f10            x15=00000040 f10:4215d6fb
14840357ns          245947 1c00871c 0817f793 andi             x15, x15, 129       x15=00000000 x15:00000040
14840377ns          245948 1c008720 08079b63 bne              x15, x0, 150        x15:00000000
14840397ns          245949 1c008722 00000793 addi             x15, x0, 0          x15=00000000
14840417ns          245950 1c008726 a0f52753 feq.s            x14, f10, f15       x14=00000000 f10:4215d6fb f15:00000000
14840437ns          245951 1c00872a 08071163 bne              x14, x0, 130        x14:00000000
14840457ns          245952 1c00872c a0f507d3 fle.s            x15, f10, f15       x15=00000000 f10:4215d6fb f15:00000000
14840477ns          245953 1c008730 08079863 bne              x15, x0, 144        x15:00000000
14840497ns          245954 1c008732 a0a527d3 feq.s            x15, f10, f10       x15=00000001 f10:4215d6fb f10:4215d6fb
14840517ns          245955 1c008736 08078563 beq              x15, x0, 138        x15:00000001
14840536ns          245956 1c008738 d17537b3 p.bclr           x15, x10, 8, 23     x15=0015d6fb x10:4215d6fb
14840556ns          245957 1c00873c cb87c733 p.bset           x14, x15, 5, 24     x14=3f15d6fb x15:0015d6fb
14840576ns          245958 1c008740 1c0006b7 lui              x13, 0x1c000000     x13=1c000000
14840596ns          245959 1c008744 1c0007b7 lui              x15, 0x1c000000     x15=1c000000
14840616ns          245960 1c008748 1306a683 lw               x13, 304(x13)       x13=c13c5fa8 x13:1c000000  PA:1c000130
14840914ns          245975 1c00874c 12c7a783 lw               x15, 300(x15)       x15=3ff7d7e5 x15:1c000000  PA:1c00012c
14841213ns          245990 1c008750 41755513 srai             x10, x10, 0x417     x10=00000084 x10:4215d6fb
14841233ns          245991 1c008752 68e7f7c3 fmadd.s          f15, f15, f14, f13  f15=xxxxxxxx f15:3ff7d7e5 f14:3f15d6fb f13:c13c5fa8
14841252ns          245992 1c008756 1c0006b7 lui              x13, 0x1c000000     x13=1c000000
14841272ns          245993 1c00875a 1346a683 lw               x13, 308(x13)       x13=41fa6a03 x13:1c000000  PA:1c000134
14841571ns          246008 1c00875e f8250513 addi             x10, x10, -126      x10=00000006 x10:00000084
14841591ns          246009 1c008762 68e7f7c3 fmadd.s          f15, f15, f14, f13  f15=xxxxxxxx f15:c12a3d8f f14:3f15d6fb f13:41fa6a03
14841610ns          246010 1c008766 1c0006b7 lui              x13, 0x1c000000     x13=1c000000
14841630ns          246011 1c00876a 1386a683 lw               x13, 312(x13)       x13=c23f0e08 x13:1c000000  PA:1c000138
14841949ns          246027 1c00876e d0057553 fcvt.s.w         f10, x10            f10=xxxxxxxx x10:00000006
14841969ns          246028 1c008772 68e7f7c3 fmadd.s          f15, f15, f14, f13  f15=xxxxxxxx f15:41c8979e f14:3f15d6fb f13:c23f0e08
14841988ns          246029 1c008776 1c0006b7 lui              x13, 0x1c000000     x13=1c000000
14842008ns          246030 1c00877a 13c6a683 lw               x13, 316(x13)       x13=42390412 x13:1c000000  PA:1c00013c
14842327ns          246046 1c00877e 68e7f7c3 fmadd.s          f15, f15, f14, f13  f15=xxxxxxxx f15:c20459af f14:3f15d6fb f13:42390412
14842346ns          246047 1c008782 1c0006b7 lui              x13, 0x1c000000     x13=1c000000
14842366ns          246048 1c008786 1406a683 lw               x13, 320(x13)       x13=c1efd21b x13:1c000000  PA:1c000140
14842685ns          246064 1c00878a 68e7f7c3 fmadd.s          f15, f15, f14, f13  f15=xxxxxxxx f15:41d71975 f14:3f15d6fb f13:c1efd21b
14842704ns          246065 1c00878e 1c0006b7 lui              x13, 0x1c000000     x13=1c000000
14842724ns          246066 1c008792 1446a683 lw               x13, 324(x13)       x13=41644a86 x13:1c000000  PA:1c000144
14843043ns          246082 1c008796 68e7f7c3 fmadd.s          f15, f15, f14, f13  f15=xxxxxxxx f15:c163d74f f14:3f15d6fb f13:41644a86
14843063ns          246083 1c00879a 1c0006b7 lui              x13, 0x1c000000     x13=1c000000
14843082ns          246084 1c00879e 1486a683 lw               x13, 328(x13)       x13=c087dba8 x13:1c000000  PA:1c000148
14843440ns          246102 1c0087a2 68e7f7c3 fmadd.s          f15, f15, f14, f13  f15=xxxxxxxx f15:40bdddbf f14:3f15d6fb f13:c087dba8
14843460ns          246103 1c0087a6 00a7f553 fadd.s           f10, f15, f10       f10=xxxxxxxx f15:bf45d132 f10:40c00000
14843480ns          246104 1c0087aa 00008067 jalr             x0, x1, 0            x1:1c0081c2
14843540ns          246107 1c0081c2 11557553 fmul.s           f10, f10, f21       f10=xxxxxxxx f10:40a745da f21:3f317218
14843560ns          246108 1c0081c6 00a4222b p.sw             x10, 4(x8!)          x8=10001e80 x10:4067e3b1  x8:10001e7c  PA:10001e7c
14843580ns          246109 1c0081ca ff4419e3 bne              x8, x20, -14         x8:10001e80 x20:10001fd8
14843639ns          246112 1c0081bc 0049a50b p.lw             x10, 4(x19!)        x10=40f0934e x19=1c0104ec x19:1c0104e8  PA:1c0104e8
14843938ns          246127 1c0081c0 558000ef jal              x1, 1368             x1=1c0081c2
14843958ns          246128 1c008718 e00517d3 fclass.s         x15, f10            x15=00000040 f10:40f0934e
14843977ns          246129 1c00871c 0817f793 andi             x15, x15, 129       x15=00000000 x15:00000040
14843997ns          246130 1c008720 08079b63 bne              x15, x0, 150        x15:00000000
14844017ns          246131 1c008722 00000793 addi             x15, x0, 0          x15=00000000
14844037ns          246132 1c008726 a0f52753 feq.s            x14, f10, f15       x14=00000000 f10:40f0934e f15:00000000
14844057ns          246133 1c00872a 08071163 bne              x14, x0, 130        x14:00000000
14844077ns          246134 1c00872c a0f507d3 fle.s            x15, f10, f15       x15=00000000 f10:40f0934e f15:00000000
14844097ns          246135 1c008730 08079863 bne              x15, x0, 144        x15:00000000
14844117ns          246136 1c008732 a0a527d3 feq.s            x15, f10, f10       x15=00000001 f10:40f0934e f10:40f0934e
14844137ns          246137 1c008736 08078563 beq              x15, x0, 138        x15:00000001
14844157ns          246138 1c008738 d17537b3 p.bclr           x15, x10, 8, 23     x15=0070934e x10:40f0934e
14844176ns          246139 1c00873c cb87c733 p.bset           x14, x15, 5, 24     x14=3f70934e x15:0070934e
14844196ns          246140 1c008740 1c0006b7 lui              x13, 0x1c000000     x13=1c000000
14844216ns          246141 1c008744 1c0007b7 lui              x15, 0x1c000000     x15=1c000000
14844236ns          246142 1c008748 1306a683 lw               x13, 304(x13)       x13=c13c5fa8 x13:1c000000  PA:1c000130
14844554ns          246158 1c00874c 12c7a783 lw               x15, 300(x15)       x15=3ff7d7e5 x15:1c000000  PA:1c00012c
14844853ns          246173 1c008750 41755513 srai             x10, x10, 0x417     x10=00000081 x10:40f0934e
14844873ns          246174 1c008752 68e7f7c3 fmadd.s          f15, f15, f14, f13  f15=xxxxxxxx f15:3ff7d7e5 f14:3f70934e f13:c13c5fa8
14844892ns          246175 1c008756 1c0006b7 lui              x13, 0x1c000000     x13=1c000000
14844912ns          246176 1c00875a 1346a683 lw               x13, 308(x13)       x13=41fa6a03 x13:1c000000  PA:1c000134
14845211ns          246191 1c00875e f8250513 addi             x10, x10, -126      x10=00000003 x10:00000081
14845231ns          246192 1c008762 68e7f7c3 fmadd.s          f15, f15, f14, f13  f15=xxxxxxxx f15:c11f4288 f14:3f70934e f13:41fa6a03
14845251ns          246193 1c008766 1c0006b7 lui              x13, 0x1c000000     x13=1c000000
14845270ns          246194 1c00876a 1386a683 lw               x13, 312(x13)       x13=c23f0e08 x13:1c000000  PA:1c000138
14845569ns          246209 1c00876e d0057553 fcvt.s.w         f10, x10            f10=xxxxxxxx x10:00000003
14845589ns          246210 1c008772 68e7f7c3 fmadd.s          f15, f15, f14, f13  f15=xxxxxxxx f15:41af9501 f14:3f70934e f13:c23f0e08
14845609ns          246211 1c008776 1c0006b7 lui              x13, 0x1c000000     x13=1c000000
14845628ns          246212 1c00877a 13c6a683 lw               x13, 316(x13)       x13=42390412 x13:1c000000  PA:1c00013c
14845967ns          246229 1c00877e 68e7f7c3 fmadd.s          f15, f15, f14, f13  f15=xxxxxxxx f15:c1d91b57 f14:3f70934e f13:42390412
14845986ns          246230 1c008782 1c0006b7 lui              x13, 0x1c000000     x13=1c000000
14846006ns          246231 1c008786 1406a683 lw               x13, 320(x13)       x13=c1efd21b x13:1c000000  PA:1c000140
14846325ns          246247 1c00878a 68e7f7c3 fmadd.s          f15, f15, f14, f13  f15=xxxxxxxx f15:41a60196 f14:3f70934e f13:c1efd21b
14846344ns          246248 1c00878e 1c0006b7 lui              x13, 0x1c000000     x13=1c000000
14846364ns          246249 1c008792 1446a683 lw               x13, 324(x13)       x13=41644a86 x13:1c000000  PA:1c000144
14846683ns          246265 1c008796 68e7f7c3 fmadd.s          f15, f15, f14, f13  f15=xxxxxxxx f15:c127a232 f14:3f70934e f13:41644a86
14846703ns          246266 1c00879a 1c0006b7 lui              x13, 0x1c000000     x13=1c000000
14846722ns          246267 1c00879e 1486a683 lw               x13, 328(x13)       x13=c087dba8 x13:1c000000  PA:1c000148
14847041ns          246283 1c0087a2 68e7f7c3 fmadd.s          f15, f15, f14, f13  f15=xxxxxxxx f15:408d8404 f14:3f70934e f13:c087dba8
14847061ns          246284 1c0087a6 00a7f553 fadd.s           f10, f15, f10       f10=xxxxxxxx f15:bdb79d95 f10:40400000
14847080ns          246285 1c0087aa 00008067 jalr             x0, x1, 0            x1:1c0081c2
14847140ns          246288 1c0081c2 11557553 fmul.s           f10, f10, f21       f10=xxxxxxxx f10:403a4313 f21:3f317218
14847160ns          246289 1c0081c6 00a4222b p.sw             x10, 4(x8!)          x8=10001e84 x10:40011b63  x8:10001e80  PA:10001e80
14847180ns          246290 1c0081ca ff4419e3 bne              x8, x20, -14         x8:10001e84 x20:10001fd8
14847240ns          246293 1c0081bc 0049a50b p.lw             x10, 4(x19!)        x10=428d6dac x19=1c0104f0 x19:1c0104ec  PA:1c0104ec
14847538ns          246308 1c0081c0 558000ef jal              x1, 1368             x1=1c0081c2
14847558ns          246309 1c008718 e00517d3 fclass.s         x15, f10            x15=00000040 f10:428d6dac
14847578ns          246310 1c00871c 0817f793 andi             x15, x15, 129       x15=00000000 x15:00000040
14847598ns          246311 1c008720 08079b63 bne              x15, x0, 150        x15:00000000
14847618ns          246312 1c008722 00000793 addi             x15, x0, 0          x15=00000000
14847637ns          246313 1c008726 a0f52753 feq.s            x14, f10, f15       x14=00000000 f10:428d6dac f15:00000000
14847657ns          246314 1c00872a 08071163 bne              x14, x0, 130        x14:00000000
14847677ns          246315 1c00872c a0f507d3 fle.s            x15, f10, f15       x15=00000000 f10:428d6dac f15:00000000
14847697ns          246316 1c008730 08079863 bne              x15, x0, 144        x15:00000000
14847717ns          246317 1c008732 a0a527d3 feq.s            x15, f10, f10       x15=00000001 f10:428d6dac f10:428d6dac
14847737ns          246318 1c008736 08078563 beq              x15, x0, 138        x15:00000001
14847757ns          246319 1c008738 d17537b3 p.bclr           x15, x10, 8, 23     x15=000d6dac x10:428d6dac
14847777ns          246320 1c00873c cb87c733 p.bset           x14, x15, 5, 24     x14=3f0d6dac x15:000d6dac
14847797ns          246321 1c008740 1c0006b7 lui              x13, 0x1c000000     x13=1c000000
14847816ns          246322 1c008744 1c0007b7 lui              x15, 0x1c000000     x15=1c000000
14847836ns          246323 1c008748 1306a683 lw               x13, 304(x13)       x13=c13c5fa8 x13:1c000000  PA:1c000130
14848135ns          246338 1c00874c 12c7a783 lw               x15, 300(x15)       x15=3ff7d7e5 x15:1c000000  PA:1c00012c
14848433ns          246353 1c008750 41755513 srai             x10, x10, 0x417     x10=00000085 x10:428d6dac
14848453ns          246354 1c008752 68e7f7c3 fmadd.s          f15, f15, f14, f13  f15=xxxxxxxx f15:3ff7d7e5 f14:3f0d6dac f13:c13c5fa8
14848473ns          246355 1c008756 1c0006b7 lui              x13, 0x1c000000     x13=1c000000
14848493ns          246356 1c00875a 1346a683 lw               x13, 308(x13)       x13=41fa6a03 x13:1c000000  PA:1c000134
14848791ns          246371 1c00875e f8250513 addi             x10, x10, -126      x10=00000007 x10:00000085
14848811ns          246372 1c008762 68e7f7c3 fmadd.s          f15, f15, f14, f13  f15=xxxxxxxx f15:c12b4225 f14:3f0d6dac f13:41fa6a03
14848831ns          246373 1c008766 1c0006b7 lui              x13, 0x1c000000     x13=1c000000
14848851ns          246374 1c00876a 1386a683 lw               x13, 312(x13)       x13=c23f0e08 x13:1c000000  PA:1c000138
14849149ns          246389 1c00876e d0057553 fcvt.s.w         f10, x10            f10=xxxxxxxx x10:00000007
14849169ns          246390 1c008772 68e7f7c3 fmadd.s          f15, f15, f14, f13  f15=xxxxxxxx f15:41cb1b9d f14:3f0d6dac f13:c23f0e08
14849189ns          246391 1c008776 1c0006b7 lui              x13, 0x1c000000     x13=1c000000
14849209ns          246392 1c00877a 13c6a683 lw               x13, 316(x13)       x13=42390412 x13:1c000000  PA:1c00013c
14849527ns          246408 1c00877e 68e7f7c3 fmadd.s          f15, f15, f14, f13  f15=xxxxxxxx f15:c206f36c f14:3f0d6dac f13:42390412
14849547ns          246409 1c008782 1c0006b7 lui              x13, 0x1c000000     x13=1c000000
14849567ns          246410 1c008786 1406a683 lw               x13, 320(x13)       x13=c1efd21b x13:1c000000  PA:1c000140
14849905ns          246427 1c00878a 68e7f7c3 fmadd.s          f15, f15, f14, f13  f15=xxxxxxxx f15:41dcec5e f14:3f0d6dac f13:c1efd21b
14849925ns          246428 1c00878e 1c0006b7 lui              x13, 0x1c000000     x13=1c000000
14849945ns          246429 1c008792 1446a683 lw               x13, 324(x13)       x13=41644a86 x13:1c000000  PA:1c000144
14850263ns          246445 1c008796 68e7f7c3 fmadd.s          f15, f15, f14, f13  f15=xxxxxxxx f15:c16b8a8c f14:3f0d6dac f13:41644a86
14850283ns          246446 1c00879a 1c0006b7 lui              x13, 0x1c000000     x13=1c000000
14850303ns          246447 1c00879e 1486a683 lw               x13, 328(x13)       x13=c087dba8 x13:1c000000  PA:1c000148
14850621ns          246463 1c0087a2 68e7f7c3 fmadd.s          f15, f15, f14, f13  f15=xxxxxxxx f15:40c4549d f14:3f0d6dac f13:c087dba8
14850641ns          246464 1c0087a6 00a7f553 fadd.s           f10, f15, f10       f10=xxxxxxxx f15:bf5b278d f10:40e00000
14850661ns          246465 1c0087aa 00008067 jalr             x0, x1, 0            x1:1c0081c2
14850720ns          246468 1c0081c2 11557553 fmul.s           f10, f10, f21       f10=xxxxxxxx f10:40c49b0e f21:3f317218
14850740ns          246469 1c0081c6 00a4222b p.sw             x10, 4(x8!)          x8=10001e88 x10:408846d4  x8:10001e84  PA:10001e84
14850760ns          246470 1c0081ca ff4419e3 bne              x8, x20, -14         x8:10001e88 x20:10001fd8
14850820ns          246473 1c0081bc 0049a50b p.lw             x10, 4(x19!)        x10=408dedbc x19=1c0104f4 x19:1c0104f0  PA:1c0104f0
14851118ns          246488 1c0081c0 558000ef jal              x1, 1368             x1=1c0081c2
14851138ns          246489 1c008718 e00517d3 fclass.s         x15, f10            x15=00000040 f10:408dedbc
14851158ns          246490 1c00871c 0817f793 andi             x15, x15, 129       x15=00000000 x15:00000040
14851178ns          246491 1c008720 08079b63 bne              x15, x0, 150        x15:00000000
14851198ns          246492 1c008722 00000793 addi             x15, x0, 0          x15=00000000
14851218ns          246493 1c008726 a0f52753 feq.s            x14, f10, f15       x14=00000000 f10:408dedbc f15:00000000
14851238ns          246494 1c00872a 08071163 bne              x14, x0, 130        x14:00000000
14851258ns          246495 1c00872c a0f507d3 fle.s            x15, f10, f15       x15=00000000 f10:408dedbc f15:00000000
14851277ns          246496 1c008730 08079863 bne              x15, x0, 144        x15:00000000
14851297ns          246497 1c008732 a0a527d3 feq.s            x15, f10, f10       x15=00000001 f10:408dedbc f10:408dedbc
14851317ns          246498 1c008736 08078563 beq              x15, x0, 138        x15:00000001
14851337ns          246499 1c008738 d17537b3 p.bclr           x15, x10, 8, 23     x15=000dedbc x10:408dedbc
14851357ns          246500 1c00873c cb87c733 p.bset           x14, x15, 5, 24     x14=3f0dedbc x15:000dedbc
14851377ns          246501 1c008740 1c0006b7 lui              x13, 0x1c000000     x13=1c000000
14851397ns          246502 1c008744 1c0007b7 lui              x15, 0x1c000000     x15=1c000000
14851417ns          246503 1c008748 1306a683 lw               x13, 304(x13)       x13=c13c5fa8 x13:1c000000  PA:1c000130
14851715ns          246518 1c00874c 12c7a783 lw               x15, 300(x15)       x15=3ff7d7e5 x15:1c000000  PA:1c00012c
14852013ns          246533 1c008750 41755513 srai             x10, x10, 0x417     x10=00000081 x10:408dedbc
14852033ns          246534 1c008752 68e7f7c3 fmadd.s          f15, f15, f14, f13  f15=xxxxxxxx f15:3ff7d7e5 f14:3f0dedbc f13:c13c5fa8
14852053ns          246535 1c008756 1c0006b7 lui              x13, 0x1c000000     x13=1c000000
14852073ns          246536 1c00875a 1346a683 lw               x13, 308(x13)       x13=41fa6a03 x13:1c000000  PA:1c000134
14852371ns          246551 1c00875e f8250513 addi             x10, x10, -126      x10=00000003 x10:00000081
14852391ns          246552 1c008762 68e7f7c3 fmadd.s          f15, f15, f14, f13  f15=xxxxxxxx f15:c12b32a6 f14:3f0dedbc f13:41fa6a03
14852411ns          246553 1c008766 1c0006b7 lui              x13, 0x1c000000     x13=1c000000
14852431ns          246554 1c00876a 1386a683 lw               x13, 312(x13)       x13=c23f0e08 x13:1c000000  PA:1c000138
14852729ns          246569 1c00876e d0057553 fcvt.s.w         f10, x10            f10=xxxxxxxx x10:00000003
14852749ns          246570 1c008772 68e7f7c3 fmadd.s          f15, f15, f14, f13  f15=xxxxxxxx f15:41caf512 f14:3f0dedbc f13:c23f0e08
14852769ns          246571 1c008776 1c0006b7 lui              x13, 0x1c000000     x13=1c000000
14852789ns          246572 1c00877a 13c6a683 lw               x13, 316(x13)       x13=42390412 x13:1c000000  PA:1c00013c
14853107ns          246588 1c00877e 68e7f7c3 fmadd.s          f15, f15, f14, f13  f15=xxxxxxxx f15:c206cb4e f14:3f0dedbc f13:42390412
14853127ns          246589 1c008782 1c0006b7 lui              x13, 0x1c000000     x13=1c000000
14853147ns          246590 1c008786 1406a683 lw               x13, 320(x13)       x13=c1efd21b x13:1c000000  PA:1c000140
14853485ns          246607 1c00878a 68e7f7c3 fmadd.s          f15, f15, f14, f13  f15=xxxxxxxx f15:41dc91d6 f14:3f0dedbc f13:c1efd21b
14853505ns          246608 1c00878e 1c0006b7 lui              x13, 0x1c000000     x13=1c000000
14853525ns          246609 1c008792 1446a683 lw               x13, 324(x13)       x13=41644a86 x13:1c000000  PA:1c000144
14853843ns          246625 1c008796 68e7f7c3 fmadd.s          f15, f15, f14, f13  f15=xxxxxxxx f15:c16b11e6 f14:3f0dedbc f13:41644a86
14853863ns          246626 1c00879a 1c0006b7 lui              x13, 0x1c000000     x13=1c000000
14853883ns          246627 1c00879e 1486a683 lw               x13, 328(x13)       x13=c087dba8 x13:1c000000  PA:1c000148
14854201ns          246643 1c0087a2 68e7f7c3 fmadd.s          f15, f15, f14, f13  f15=xxxxxxxx f15:40c3eebc f14:3f0dedbc f13:c087dba8
14854221ns          246644 1c0087a6 00a7f553 fadd.s           f10, f15, f10       f10=xxxxxxxx f15:bf59d9b4 f10:40400000
14854241ns          246645 1c0087aa 00008067 jalr             x0, x1, 0            x1:1c0081c2
14854301ns          246648 1c0081c2 11557553 fmul.s           f10, f10, f21       f10=xxxxxxxx f10:40098993 f21:3f317218
14854321ns          246649 1c0081c6 00a4222b p.sw             x10, 4(x8!)          x8=10001e8c x10:3fbeaad6  x8:10001e88  PA:10001e88
14854341ns          246650 1c0081ca ff4419e3 bne              x8, x20, -14         x8:10001e8c x20:10001fd8
14854400ns          246653 1c0081bc 0049a50b p.lw             x10, 4(x19!)        x10=42a6bea6 x19=1c0104f8 x19:1c0104f4  PA:1c0104f4
14854699ns          246668 1c0081c0 558000ef jal              x1, 1368             x1=1c0081c2
14854719ns          246669 1c008718 e00517d3 fclass.s         x15, f10            x15=00000040 f10:42a6bea6
14854738ns          246670 1c00871c 0817f793 andi             x15, x15, 129       x15=00000000 x15:00000040
14854758ns          246671 1c008720 08079b63 bne              x15, x0, 150        x15:00000000
14854778ns          246672 1c008722 00000793 addi             x15, x0, 0          x15=00000000
14854798ns          246673 1c008726 a0f52753 feq.s            x14, f10, f15       x14=00000000 f10:42a6bea6 f15:00000000
14854818ns          246674 1c00872a 08071163 bne              x14, x0, 130        x14:00000000
14854838ns          246675 1c00872c a0f507d3 fle.s            x15, f10, f15       x15=00000000 f10:42a6bea6 f15:00000000
14854858ns          246676 1c008730 08079863 bne              x15, x0, 144        x15:00000000
14854878ns          246677 1c008732 a0a527d3 feq.s            x15, f10, f10       x15=00000001 f10:42a6bea6 f10:42a6bea6
14854898ns          246678 1c008736 08078563 beq              x15, x0, 138        x15:00000001
14854917ns          246679 1c008738 d17537b3 p.bclr           x15, x10, 8, 23     x15=0026bea6 x10:42a6bea6
14854937ns          246680 1c00873c cb87c733 p.bset           x14, x15, 5, 24     x14=3f26bea6 x15:0026bea6
14854957ns          246681 1c008740 1c0006b7 lui              x13, 0x1c000000     x13=1c000000
14854977ns          246682 1c008744 1c0007b7 lui              x15, 0x1c000000     x15=1c000000
14854997ns          246683 1c008748 1306a683 lw               x13, 304(x13)       x13=c13c5fa8 x13:1c000000  PA:1c000130
14855315ns          246699 1c00874c 12c7a783 lw               x15, 300(x15)       x15=3ff7d7e5 x15:1c000000  PA:1c00012c
14855614ns          246714 1c008750 41755513 srai             x10, x10, 0x417     x10=00000085 x10:42a6bea6
14855633ns          246715 1c008752 68e7f7c3 fmadd.s          f15, f15, f14, f13  f15=xxxxxxxx f15:3ff7d7e5 f14:3f26bea6 f13:c13c5fa8
14855653ns          246716 1c008756 1c0006b7 lui              x13, 0x1c000000     x13=1c000000
14855673ns          246717 1c00875a 1346a683 lw               x13, 308(x13)       x13=41fa6a03 x13:1c000000  PA:1c000134
14855992ns          246733 1c00875e f8250513 addi             x10, x10, -126      x10=00000007 x10:00000085
14856011ns          246734 1c008762 68e7f7c3 fmadd.s          f15, f15, f14, f13  f15=xxxxxxxx f15:c12831d6 f14:3f26bea6 f13:41fa6a03
14856031ns          246735 1c008766 1c0006b7 lui              x13, 0x1c000000     x13=1c000000
14856051ns          246736 1c00876a 1386a683 lw               x13, 312(x13)       x13=c23f0e08 x13:1c000000  PA:1c000138
14856350ns          246751 1c00876e d0057553 fcvt.s.w         f10, x10            f10=xxxxxxxx x10:00000007
14856369ns          246752 1c008772 68e7f7c3 fmadd.s          f15, f15, f14, f13  f15=xxxxxxxx f15:41c3a33a f14:3f26bea6 f13:c23f0e08
14856389ns          246753 1c008776 1c0006b7 lui              x13, 0x1c000000     x13=1c000000
14856409ns          246754 1c00877a 13c6a683 lw               x13, 316(x13)       x13=42390412 x13:1c000000  PA:1c00013c
14856727ns          246770 1c00877e 68e7f7c3 fmadd.s          f15, f15, f14, f13  f15=xxxxxxxx f15:c1feae86 f14:3f26bea6 f13:42390412
14856747ns          246771 1c008782 1c0006b7 lui              x13, 0x1c000000     x13=1c000000
14856767ns          246772 1c008786 1406a683 lw               x13, 320(x13)       x13=c1efd21b x13:1c000000  PA:1c000140
14857125ns          246790 1c00878a 68e7f7c3 fmadd.s          f15, f15, f14, f13  f15=xxxxxxxx f15:41cc254e f14:3f26bea6 f13:c1efd21b
14857145ns          246791 1c00878e 1c0006b7 lui              x13, 0x1c000000     x13=1c000000
14857165ns          246792 1c008792 1446a683 lw               x13, 324(x13)       x13=41644a86 x13:1c000000  PA:1c000144
14857483ns          246808 1c008796 68e7f7c3 fmadd.s          f15, f15, f14, f13  f15=xxxxxxxx f15:c155b3c5 f14:3f26bea6 f13:41644a86
14857503ns          246809 1c00879a 1c0006b7 lui              x13, 0x1c000000     x13=1c000000
14857523ns          246810 1c00879e 1486a683 lw               x13, 328(x13)       x13=c087dba8 x13:1c000000  PA:1c000148
14857841ns          246826 1c0087a2 68e7f7c3 fmadd.s          f15, f15, f14, f13  f15=xxxxxxxx f15:40b2319d f14:3f26bea6 f13:c087dba8
14857861ns          246827 1c0087a6 00a7f553 fadd.s           f10, f15, f10       f10=xxxxxxxx f15:bf1e563f f10:40e00000
14857881ns          246828 1c0087aa 00008067 jalr             x0, x1, 0            x1:1c0081c2
14857941ns          246831 1c0081c2 11557553 fmul.s           f10, f10, f21       f10=xxxxxxxx f10:40cc3538 f21:3f317218
14857961ns          246832 1c0081c6 00a4222b p.sw             x10, 4(x8!)          x8=10001e90 x10:408d8bcf  x8:10001e8c  PA:10001e8c
14857981ns          246833 1c0081ca ff4419e3 bne              x8, x20, -14         x8:10001e90 x20:10001fd8
14858040ns          246836 1c0081bc 0049a50b p.lw             x10, 4(x19!)        x10=426c3121 x19=1c0104fc x19:1c0104f8  PA:1c0104f8
14858339ns          246851 1c0081c0 558000ef jal              x1, 1368             x1=1c0081c2
14858359ns          246852 1c008718 e00517d3 fclass.s         x15, f10            x15=00000040 f10:426c3121
14858378ns          246853 1c00871c 0817f793 andi             x15, x15, 129       x15=00000000 x15:00000040
14858398ns          246854 1c008720 08079b63 bne              x15, x0, 150        x15:00000000
14858418ns          246855 1c008722 00000793 addi             x15, x0, 0          x15=00000000
14858438ns          246856 1c008726 a0f52753 feq.s            x14, f10, f15       x14=00000000 f10:426c3121 f15:00000000
14858458ns          246857 1c00872a 08071163 bne              x14, x0, 130        x14:00000000
14858478ns          246858 1c00872c a0f507d3 fle.s            x15, f10, f15       x15=00000000 f10:426c3121 f15:00000000
14858498ns          246859 1c008730 08079863 bne              x15, x0, 144        x15:00000000
14858518ns          246860 1c008732 a0a527d3 feq.s            x15, f10, f10       x15=00000001 f10:426c3121 f10:426c3121
14858538ns          246861 1c008736 08078563 beq              x15, x0, 138        x15:00000001
14858557ns          246862 1c008738 d17537b3 p.bclr           x15, x10, 8, 23     x15=006c3121 x10:426c3121
14858577ns          246863 1c00873c cb87c733 p.bset           x14, x15, 5, 24     x14=3f6c3121 x15:006c3121
14858597ns          246864 1c008740 1c0006b7 lui              x13, 0x1c000000     x13=1c000000
14858617ns          246865 1c008744 1c0007b7 lui              x15, 0x1c000000     x15=1c000000
14858637ns          246866 1c008748 1306a683 lw               x13, 304(x13)       x13=c13c5fa8 x13:1c000000  PA:1c000130
14858935ns          246881 1c00874c 12c7a783 lw               x15, 300(x15)       x15=3ff7d7e5 x15:1c000000  PA:1c00012c
14859254ns          246897 1c008750 41755513 srai             x10, x10, 0x417     x10=00000084 x10:426c3121
14859273ns          246898 1c008752 68e7f7c3 fmadd.s          f15, f15, f14, f13  f15=xxxxxxxx f15:3ff7d7e5 f14:3f6c3121 f13:c13c5fa8
14859293ns          246899 1c008756 1c0006b7 lui              x13, 0x1c000000     x13=1c000000
14859313ns          246900 1c00875a 1346a683 lw               x13, 308(x13)       x13=41fa6a03 x13:1c000000  PA:1c000134
14859612ns          246915 1c00875e f8250513 addi             x10, x10, -126      x10=00000006 x10:00000084
14859632ns          246916 1c008762 68e7f7c3 fmadd.s          f15, f15, f14, f13  f15=xxxxxxxx f15:c11fca55 f14:3f6c3121 f13:41fa6a03
14859651ns          246917 1c008766 1c0006b7 lui              x13, 0x1c000000     x13=1c000000
14859671ns          246918 1c00876a 1386a683 lw               x13, 312(x13)       x13=c23f0e08 x13:1c000000  PA:1c000138
14859970ns          246933 1c00876e d0057553 fcvt.s.w         f10, x10            f10=xxxxxxxx x10:00000006
14859990ns          246934 1c008772 68e7f7c3 fmadd.s          f15, f15, f14, f13  f15=xxxxxxxx f15:41b0b36b f14:3f6c3121 f13:c23f0e08
14860009ns          246935 1c008776 1c0006b7 lui              x13, 0x1c000000     x13=1c000000
14860029ns          246936 1c00877a 13c6a683 lw               x13, 316(x13)       x13=42390412 x13:1c000000  PA:1c00013c
14860348ns          246952 1c00877e 68e7f7c3 fmadd.s          f15, f15, f14, f13  f15=xxxxxxxx f15:c1db14c0 f14:3f6c3121 f13:42390412
14860367ns          246953 1c008782 1c0006b7 lui              x13, 0x1c000000     x13=1c000000
14860387ns          246954 1c008786 1406a683 lw               x13, 320(x13)       x13=c1efd21b x13:1c000000  PA:1c000140
14860706ns          246970 1c00878a 68e7f7c3 fmadd.s          f15, f15, f14, f13  f15=xxxxxxxx f15:41a7e6f8 f14:3f6c3121 f13:c1efd21b
14860726ns          246971 1c00878e 1c0006b7 lui              x13, 0x1c000000     x13=1c000000
14860745ns          246972 1c008792 1446a683 lw               x13, 324(x13)       x13=41644a86 x13:1c000000  PA:1c000144
14861064ns          246988 1c008796 68e7f7c3 fmadd.s          f15, f15, f14, f13  f15=xxxxxxxx f15:c129d1eb f14:3f6c3121 f13:41644a86
14861084ns          246989 1c00879a 1c0006b7 lui              x13, 0x1c000000     x13=1c000000
14861103ns          246990 1c00879e 1486a683 lw               x13, 328(x13)       x13=c087dba8 x13:1c000000  PA:1c000148
14861422ns          247006 1c0087a2 68e7f7c3 fmadd.s          f15, f15, f14, f13  f15=xxxxxxxx f15:408f38d5 f14:3f6c3121 f13:c087dba8
14861442ns          247007 1c0087a6 00a7f553 fadd.s           f10, f15, f10       f10=xxxxxxxx f15:bdedf1d3 f10:40c00000
14861461ns          247008 1c0087aa 00008067 jalr             x0, x1, 0            x1:1c0081c2
14861521ns          247011 1c0081c2 11557553 fmul.s           f10, f10, f21       f10=xxxxxxxx f10:40bc4839 f21:3f317218
14861541ns          247012 1c0081c6 00a4222b p.sw             x10, 4(x8!)          x8=10001e94 x10:408281d9  x8:10001e90  PA:10001e90
14861561ns          247013 1c0081ca ff4419e3 bne              x8, x20, -14         x8:10001e94 x20:10001fd8
14861621ns          247016 1c0081bc 0049a50b p.lw             x10, 4(x19!)        x10=42b9d487 x19=1c010500 x19:1c0104fc  PA:1c0104fc
14861939ns          247032 1c0081c0 558000ef jal              x1, 1368             x1=1c0081c2
14861959ns          247033 1c008718 e00517d3 fclass.s         x15, f10            x15=00000040 f10:42b9d487
14861979ns          247034 1c00871c 0817f793 andi             x15, x15, 129       x15=00000000 x15:00000040
14861999ns          247035 1c008720 08079b63 bne              x15, x0, 150        x15:00000000
14862018ns          247036 1c008722 00000793 addi             x15, x0, 0          x15=00000000
14862038ns          247037 1c008726 a0f52753 feq.s            x14, f10, f15       x14=00000000 f10:42b9d487 f15:00000000
14862058ns          247038 1c00872a 08071163 bne              x14, x0, 130        x14:00000000
14862078ns          247039 1c00872c a0f507d3 fle.s            x15, f10, f15       x15=00000000 f10:42b9d487 f15:00000000
14862098ns          247040 1c008730 08079863 bne              x15, x0, 144        x15:00000000
14862118ns          247041 1c008732 a0a527d3 feq.s            x15, f10, f10       x15=00000001 f10:42b9d487 f10:42b9d487
14862138ns          247042 1c008736 08078563 beq              x15, x0, 138        x15:00000001
14862158ns          247043 1c008738 d17537b3 p.bclr           x15, x10, 8, 23     x15=0039d487 x10:42b9d487
14862178ns          247044 1c00873c cb87c733 p.bset           x14, x15, 5, 24     x14=3f39d487 x15:0039d487
14862197ns          247045 1c008740 1c0006b7 lui              x13, 0x1c000000     x13=1c000000
14862217ns          247046 1c008744 1c0007b7 lui              x15, 0x1c000000     x15=1c000000
14862237ns          247047 1c008748 1306a683 lw               x13, 304(x13)       x13=c13c5fa8 x13:1c000000  PA:1c000130
14862536ns          247062 1c00874c 12c7a783 lw               x15, 300(x15)       x15=3ff7d7e5 x15:1c000000  PA:1c00012c
14862834ns          247077 1c008750 41755513 srai             x10, x10, 0x417     x10=00000085 x10:42b9d487
14862854ns          247078 1c008752 68e7f7c3 fmadd.s          f15, f15, f14, f13  f15=xxxxxxxx f15:3ff7d7e5 f14:3f39d487 f13:c13c5fa8
14862874ns          247079 1c008756 1c0006b7 lui              x13, 0x1c000000     x13=1c000000
14862894ns          247080 1c00875a 1346a683 lw               x13, 308(x13)       x13=41fa6a03 x13:1c000000  PA:1c000134
14863212ns          247096 1c00875e f8250513 addi             x10, x10, -126      x10=00000007 x10:00000085
14863232ns          247097 1c008762 68e7f7c3 fmadd.s          f15, f15, f14, f13  f15=xxxxxxxx f15:c125e28f f14:3f39d487 f13:41fa6a03
14863252ns          247098 1c008766 1c0006b7 lui              x13, 0x1c000000     x13=1c000000
14863272ns          247099 1c00876a 1386a683 lw               x13, 312(x13)       x13=c23f0e08 x13:1c000000  PA:1c000138
14863570ns          247114 1c00876e d0057553 fcvt.s.w         f10, x10            f10=xxxxxxxx x10:00000007
14863590ns          247115 1c008772 68e7f7c3 fmadd.s          f15, f15, f14, f13  f15=xxxxxxxx f15:41be34cb f14:3f39d487 f13:c23f0e08
14863610ns          247116 1c008776 1c0006b7 lui              x13, 0x1c000000     x13=1c000000
14863630ns          247117 1c00877a 13c6a683 lw               x13, 316(x13)       x13=42390412 x13:1c000000  PA:1c00013c
14863948ns          247133 1c00877e 68e7f7c3 fmadd.s          f15, f15, f14, f13  f15=xxxxxxxx f15:c1f40a01 f14:3f39d487 f13:42390412
14863968ns          247134 1c008782 1c0006b7 lui              x13, 0x1c000000     x13=1c000000
14863988ns          247135 1c008786 1406a683 lw               x13, 320(x13)       x13=c1efd21b x13:1c000000  PA:1c000140
14864306ns          247151 1c00878a 68e7f7c3 fmadd.s          f15, f15, f14, f13  f15=xxxxxxxx f15:41c0e250 f14:3f39d487 f13:c1efd21b
14864326ns          247152 1c00878e 1c0006b7 lui              x13, 0x1c000000     x13=1c000000
14864346ns          247153 1c008792 1446a683 lw               x13, 324(x13)       x13=41644a86 x13:1c000000  PA:1c000144
14864664ns          247169 1c008796 68e7f7c3 fmadd.s          f15, f15, f14, f13  f15=xxxxxxxx f15:c1479cdc f14:3f39d487 f13:41644a86
14864684ns          247170 1c00879a 1c0006b7 lui              x13, 0x1c000000     x13=1c000000
14864704ns          247171 1c00879e 1486a683 lw               x13, 328(x13)       x13=c087dba8 x13:1c000000  PA:1c000148
14865022ns          247187 1c0087a2 68e7f7c3 fmadd.s          f15, f15, f14, f13  f15=xxxxxxxx f15:40a6c8e8 f14:3f39d487 f13:c087dba8
14865042ns          247188 1c0087a6 00a7f553 fadd.s           f10, f15, f10       f10=xxxxxxxx f15:beeca020 f10:40e00000
14865062ns          247189 1c0087aa 00008067 jalr             x0, x1, 0            x1:1c0081c2
14865121ns          247192 1c0081c2 11557553 fmul.s           f10, f10, f21       f10=xxxxxxxx f10:40d135fe f21:3f317218
14865141ns          247193 1c0081c6 00a4222b p.sw             x10, 4(x8!)          x8=10001e98 x10:40910392  x8:10001e94  PA:10001e94
14865161ns          247194 1c0081ca ff4419e3 bne              x8, x20, -14         x8:10001e98 x20:10001fd8
14865221ns          247197 1c0081bc 0049a50b p.lw             x10, 4(x19!)        x10=42278caa x19=1c010504 x19:1c010500  PA:1c010500
14865519ns          247212 1c0081c0 558000ef jal              x1, 1368             x1=1c0081c2
14865539ns          247213 1c008718 e00517d3 fclass.s         x15, f10            x15=00000040 f10:42278caa
14865559ns          247214 1c00871c 0817f793 andi             x15, x15, 129       x15=00000000 x15:00000040
14865579ns          247215 1c008720 08079b63 bne              x15, x0, 150        x15:00000000
14865599ns          247216 1c008722 00000793 addi             x15, x0, 0          x15=00000000
14865619ns          247217 1c008726 a0f52753 feq.s            x14, f10, f15       x14=00000000 f10:42278caa f15:00000000
14865639ns          247218 1c00872a 08071163 bne              x14, x0, 130        x14:00000000
14865658ns          247219 1c00872c a0f507d3 fle.s            x15, f10, f15       x15=00000000 f10:42278caa f15:00000000
14865678ns          247220 1c008730 08079863 bne              x15, x0, 144        x15:00000000
14865698ns          247221 1c008732 a0a527d3 feq.s            x15, f10, f10       x15=00000001 f10:42278caa f10:42278caa
14865718ns          247222 1c008736 08078563 beq              x15, x0, 138        x15:00000001
14865738ns          247223 1c008738 d17537b3 p.bclr           x15, x10, 8, 23     x15=00278caa x10:42278caa
14865758ns          247224 1c00873c cb87c733 p.bset           x14, x15, 5, 24     x14=3f278caa x15:00278caa
14865778ns          247225 1c008740 1c0006b7 lui              x13, 0x1c000000     x13=1c000000
14865798ns          247226 1c008744 1c0007b7 lui              x15, 0x1c000000     x15=1c000000
14865818ns          247227 1c008748 1306a683 lw               x13, 304(x13)       x13=c13c5fa8 x13:1c000000  PA:1c000130
14866116ns          247242 1c00874c 12c7a783 lw               x15, 300(x15)       x15=3ff7d7e5 x15:1c000000  PA:1c00012c
14866414ns          247257 1c008750 41755513 srai             x10, x10, 0x417     x10=00000084 x10:42278caa
14866434ns          247258 1c008752 68e7f7c3 fmadd.s          f15, f15, f14, f13  f15=xxxxxxxx f15:3ff7d7e5 f14:3f278caa f13:c13c5fa8
14866454ns          247259 1c008756 1c0006b7 lui              x13, 0x1c000000     x13=1c000000
14866474ns          247260 1c00875a 1346a683 lw               x13, 308(x13)       x13=41fa6a03 x13:1c000000  PA:1c000134
14866772ns          247275 1c00875e f8250513 addi             x10, x10, -126      x10=00000006 x10:00000084
14866792ns          247276 1c008762 68e7f7c3 fmadd.s          f15, f15, f14, f13  f15=xxxxxxxx f15:c12818e7 f14:3f278caa f13:41fa6a03
14866812ns          247277 1c008766 1c0006b7 lui              x13, 0x1c000000     x13=1c000000
14866832ns          247278 1c00876a 1386a683 lw               x13, 312(x13)       x13=c23f0e08 x13:1c000000  PA:1c000138
14867130ns          247293 1c00876e d0057553 fcvt.s.w         f10, x10            f10=xxxxxxxx x10:00000006
14867150ns          247294 1c008772 68e7f7c3 fmadd.s          f15, f15, f14, f13  f15=xxxxxxxx f15:41c367b5 f14:3f278caa f13:c23f0e08
14867170ns          247295 1c008776 1c0006b7 lui              x13, 0x1c000000     x13=1c000000
14867190ns          247296 1c00877a 13c6a683 lw               x13, 316(x13)       x13=42390412 x13:1c000000  PA:1c00013c
14867528ns          247313 1c00877e 68e7f7c3 fmadd.s          f15, f15, f14, f13  f15=xxxxxxxx f15:c1fe380a f14:3f278caa f13:42390412
14867548ns          247314 1c008782 1c0006b7 lui              x13, 0x1c000000     x13=1c000000
14867568ns          247315 1c008786 1406a683 lw               x13, 320(x13)       x13=c1efd21b x13:1c000000  PA:1c000140
14867926ns          247333 1c00878a 68e7f7c3 fmadd.s          f15, f15, f14, f13  f15=xxxxxxxx f15:41cba5e6 f14:3f278caa f13:c1efd21b
14867946ns          247334 1c00878e 1c0006b7 lui              x13, 0x1c000000     x13=1c000000
14867966ns          247335 1c008792 1446a683 lw               x13, 324(x13)       x13=41644a86 x13:1c000000  PA:1c000144
14868284ns          247351 1c008796 68e7f7c3 fmadd.s          f15, f15, f14, f13  f15=xxxxxxxx f15:c15511f8 f14:3f278caa f13:41644a86
14868304ns          247352 1c00879a 1c0006b7 lui              x13, 0x1c000000     x13=1c000000
14868324ns          247353 1c00879e 1486a683 lw               x13, 328(x13)       x13=c087dba8 x13:1c000000  PA:1c000148
14868642ns          247369 1c0087a2 68e7f7c3 fmadd.s          f15, f15, f14, f13  f15=xxxxxxxx f15:40b1ad74 f14:3f278caa f13:c087dba8
14868662ns          247370 1c0087a6 00a7f553 fadd.s           f10, f15, f10       f10=xxxxxxxx f15:bf1c8f04 f10:40c00000
14868682ns          247371 1c0087aa 00008067 jalr             x0, x1, 0            x1:1c0081c2
14868741ns          247374 1c0081c2 11557553 fmul.s           f10, f10, f21       f10=xxxxxxxx f10:40ac6e20 f21:3f317218
14868761ns          247375 1c0081c6 00a4222b p.sw             x10, 4(x8!)          x8=10001e9c x10:406f09fb  x8:10001e98  PA:10001e98
14868781ns          247376 1c0081ca ff4419e3 bne              x8, x20, -14         x8:10001e9c x20:10001fd8
14868841ns          247379 1c0081bc 0049a50b p.lw             x10, 4(x19!)        x10=428b21a5 x19=1c010508 x19:1c010504  PA:1c010504
14869139ns          247394 1c0081c0 558000ef jal              x1, 1368             x1=1c0081c2
14869159ns          247395 1c008718 e00517d3 fclass.s         x15, f10            x15=00000040 f10:428b21a5
14869179ns          247396 1c00871c 0817f793 andi             x15, x15, 129       x15=00000000 x15:00000040
14869199ns          247397 1c008720 08079b63 bne              x15, x0, 150        x15:00000000
14869219ns          247398 1c008722 00000793 addi             x15, x0, 0          x15=00000000
14869239ns          247399 1c008726 a0f52753 feq.s            x14, f10, f15       x14=00000000 f10:428b21a5 f15:00000000
14869259ns          247400 1c00872a 08071163 bne              x14, x0, 130        x14:00000000
14869279ns          247401 1c00872c a0f507d3 fle.s            x15, f10, f15       x15=00000000 f10:428b21a5 f15:00000000
14869298ns          247402 1c008730 08079863 bne              x15, x0, 144        x15:00000000
14869318ns          247403 1c008732 a0a527d3 feq.s            x15, f10, f10       x15=00000001 f10:428b21a5 f10:428b21a5
14869338ns          247404 1c008736 08078563 beq              x15, x0, 138        x15:00000001
14869358ns          247405 1c008738 d17537b3 p.bclr           x15, x10, 8, 23     x15=000b21a5 x10:428b21a5
14869378ns          247406 1c00873c cb87c733 p.bset           x14, x15, 5, 24     x14=3f0b21a5 x15:000b21a5
14869398ns          247407 1c008740 1c0006b7 lui              x13, 0x1c000000     x13=1c000000
14869418ns          247408 1c008744 1c0007b7 lui              x15, 0x1c000000     x15=1c000000
14869438ns          247409 1c008748 1306a683 lw               x13, 304(x13)       x13=c13c5fa8 x13:1c000000  PA:1c000130
14869736ns          247424 1c00874c 12c7a783 lw               x15, 300(x15)       x15=3ff7d7e5 x15:1c000000  PA:1c00012c
14870034ns          247439 1c008750 41755513 srai             x10, x10, 0x417     x10=00000085 x10:428b21a5
14870054ns          247440 1c008752 68e7f7c3 fmadd.s          f15, f15, f14, f13  f15=xxxxxxxx f15:3ff7d7e5 f14:3f0b21a5 f13:c13c5fa8
14870074ns          247441 1c008756 1c0006b7 lui              x13, 0x1c000000     x13=1c000000
14870094ns          247442 1c00875a 1346a683 lw               x13, 308(x13)       x13=41fa6a03 x13:1c000000  PA:1c000134
14870392ns          247457 1c00875e f8250513 addi             x10, x10, -126      x10=00000007 x10:00000085
14870412ns          247458 1c008762 68e7f7c3 fmadd.s          f15, f15, f14, f13  f15=xxxxxxxx f15:c12b894f f14:3f0b21a5 f13:41fa6a03
14870432ns          247459 1c008766 1c0006b7 lui              x13, 0x1c000000     x13=1c000000
14870452ns          247460 1c00876a 1386a683 lw               x13, 312(x13)       x13=c23f0e08 x13:1c000000  PA:1c000138
14870790ns          247477 1c00876e d0057553 fcvt.s.w         f10, x10            f10=xxxxxxxx x10:00000007
14870810ns          247478 1c008772 68e7f7c3 fmadd.s          f15, f15, f14, f13  f15=xxxxxxxx f15:41cbccf6 f14:3f0b21a5 f13:c23f0e08
14870830ns          247479 1c008776 1c0006b7 lui              x13, 0x1c000000     x13=1c000000
14870850ns          247480 1c00877a 13c6a683 lw               x13, 316(x13)       x13=42390412 x13:1c000000  PA:1c00013c
14871188ns          247497 1c00877e 68e7f7c3 fmadd.s          f15, f15, f14, f13  f15=xxxxxxxx f15:c207ac7f f14:3f0b21a5 f13:42390412
14871208ns          247498 1c008782 1c0006b7 lui              x13, 0x1c000000     x13=1c000000
14871228ns          247499 1c008786 1406a683 lw               x13, 320(x13)       x13=c1efd21b x13:1c000000  PA:1c000140
14871546ns          247515 1c00878a 68e7f7c3 fmadd.s          f15, f15, f14, f13  f15=xxxxxxxx f15:41de8f29 f14:3f0b21a5 f13:c1efd21b
14871566ns          247516 1c00878e 1c0006b7 lui              x13, 0x1c000000     x13=1c000000
14871586ns          247517 1c008792 1446a683 lw               x13, 324(x13)       x13=41644a86 x13:1c000000  PA:1c000144
14871904ns          247533 1c008796 68e7f7c3 fmadd.s          f15, f15, f14, f13  f15=xxxxxxxx f15:c16dba40 f14:3f0b21a5 f13:41644a86
14871924ns          247534 1c00879a 1c0006b7 lui              x13, 0x1c000000     x13=1c000000
14871944ns          247535 1c00879e 1486a683 lw               x13, 328(x13)       x13=c087dba8 x13:1c000000  PA:1c000148
14872262ns          247551 1c0087a2 68e7f7c3 fmadd.s          f15, f15, f14, f13  f15=xxxxxxxx f15:40c62e4e f14:3f0b21a5 f13:c087dba8
14872282ns          247552 1c0087a6 00a7f553 fadd.s           f10, f15, f10       f10=xxxxxxxx f15:bf6133c0 f10:40e00000
14872302ns          247553 1c0087aa 00008067 jalr             x0, x1, 0            x1:1c0081c2
14872362ns          247556 1c0081c2 11557553 fmul.s           f10, f10, f21       f10=xxxxxxxx f10:40c3d988 f21:3f317218
14872381ns          247557 1c0081c6 00a4222b p.sw             x10, 4(x8!)          x8=10001ea0 x10:4087c0b0  x8:10001e9c  PA:10001e9c
14872401ns          247558 1c0081ca ff4419e3 bne              x8, x20, -14         x8:10001ea0 x20:10001fd8
14872461ns          247561 1c0081bc 0049a50b p.lw             x10, 4(x19!)        x10=427e2295 x19=1c01050c x19:1c010508  PA:1c010508
14872759ns          247576 1c0081c0 558000ef jal              x1, 1368             x1=1c0081c2
14872779ns          247577 1c008718 e00517d3 fclass.s         x15, f10            x15=00000040 f10:427e2295
14872799ns          247578 1c00871c 0817f793 andi             x15, x15, 129       x15=00000000 x15:00000040
14872819ns          247579 1c008720 08079b63 bne              x15, x0, 150        x15:00000000
14872839ns          247580 1c008722 00000793 addi             x15, x0, 0          x15=00000000
14872859ns          247581 1c008726 a0f52753 feq.s            x14, f10, f15       x14=00000000 f10:427e2295 f15:00000000
14872879ns          247582 1c00872a 08071163 bne              x14, x0, 130        x14:00000000
14872899ns          247583 1c00872c a0f507d3 fle.s            x15, f10, f15       x15=00000000 f10:427e2295 f15:00000000
14872919ns          247584 1c008730 08079863 bne              x15, x0, 144        x15:00000000
14872938ns          247585 1c008732 a0a527d3 feq.s            x15, f10, f10       x15=00000001 f10:427e2295 f10:427e2295
14872958ns          247586 1c008736 08078563 beq              x15, x0, 138        x15:00000001
14872978ns          247587 1c008738 d17537b3 p.bclr           x15, x10, 8, 23     x15=007e2295 x10:427e2295
14872998ns          247588 1c00873c cb87c733 p.bset           x14, x15, 5, 24     x14=3f7e2295 x15:007e2295
14873018ns          247589 1c008740 1c0006b7 lui              x13, 0x1c000000     x13=1c000000
14873038ns          247590 1c008744 1c0007b7 lui              x15, 0x1c000000     x15=1c000000
14873058ns          247591 1c008748 1306a683 lw               x13, 304(x13)       x13=c13c5fa8 x13:1c000000  PA:1c000130
14873356ns          247606 1c00874c 12c7a783 lw               x15, 300(x15)       x15=3ff7d7e5 x15:1c000000  PA:1c00012c
14873654ns          247621 1c008750 41755513 srai             x10, x10, 0x417     x10=00000084 x10:427e2295
14873674ns          247622 1c008752 68e7f7c3 fmadd.s          f15, f15, f14, f13  f15=xxxxxxxx f15:3ff7d7e5 f14:3f7e2295 f13:c13c5fa8
14873694ns          247623 1c008756 1c0006b7 lui              x13, 0x1c000000     x13=1c000000
14873714ns          247624 1c00875a 1346a683 lw               x13, 308(x13)       x13=41fa6a03 x13:1c000000  PA:1c000134
14874013ns          247639 1c00875e f8250513 addi             x10, x10, -126      x10=00000006 x10:00000084
14874032ns          247640 1c008762 68e7f7c3 fmadd.s          f15, f15, f14, f13  f15=xxxxxxxx f15:c11d9e72 f14:3f7e2295 f13:41fa6a03
14874052ns          247641 1c008766 1c0006b7 lui              x13, 0x1c000000     x13=1c000000
14874072ns          247642 1c00876a 1386a683 lw               x13, 312(x13)       x13=c23f0e08 x13:1c000000  PA:1c000138
14874371ns          247657 1c00876e d0057553 fcvt.s.w         f10, x10            f10=xxxxxxxx x10:00000006
14874390ns          247658 1c008772 68e7f7c3 fmadd.s          f15, f15, f14, f13  f15=xxxxxxxx f15:41ac2dc3 f14:3f7e2295 f13:c23f0e08
14874410ns          247659 1c008776 1c0006b7 lui              x13, 0x1c000000     x13=1c000000
14874430ns          247660 1c00877a 13c6a683 lw               x13, 316(x13)       x13=42390412 x13:1c000000  PA:1c00013c
14874768ns          247677 1c00877e 68e7f7c3 fmadd.s          f15, f15, f14, f13  f15=xxxxxxxx f15:c1d32f66 f14:3f7e2295 f13:42390412
14874788ns          247678 1c008782 1c0006b7 lui              x13, 0x1c000000     x13=1c000000
14874808ns          247679 1c008786 1406a683 lw               x13, 320(x13)       x13=c1efd21b x13:1c000000  PA:1c000140
14875126ns          247695 1c00878a 68e7f7c3 fmadd.s          f15, f15, f14, f13  f15=xxxxxxxx f15:41a06296 f14:3f7e2295 f13:c1efd21b
14875146ns          247696 1c00878e 1c0006b7 lui              x13, 0x1c000000     x13=1c000000
14875166ns          247697 1c008792 1446a683 lw               x13, 324(x13)       x13=41644a86 x13:1c000000  PA:1c000144
14875484ns          247713 1c008796 68e7f7c3 fmadd.s          f15, f15, f14, f13  f15=xxxxxxxx f15:c121353f f14:3f7e2295 f13:41644a86
14875504ns          247714 1c00879a 1c0006b7 lui              x13, 0x1c000000     x13=1c000000
14875524ns          247715 1c00879e 1486a683 lw               x13, 328(x13)       x13=c087dba8 x13:1c000000  PA:1c000148
14875842ns          247731 1c0087a2 68e7f7c3 fmadd.s          f15, f15, f14, f13  f15=xxxxxxxx f15:408883d5 f14:3f7e2295 f13:c087dba8
14875862ns          247732 1c0087a6 00a7f553 fadd.s           f10, f15, f10       f10=xxxxxxxx f15:bc2cd366 f10:40c00000
14875882ns          247733 1c0087aa 00008067 jalr             x0, x1, 0            x1:1c0081c2
14875942ns          247736 1c0081c2 11557553 fmul.s           f10, f10, f21       f10=xxxxxxxx f10:40bfa996 f21:3f317218
14875962ns          247737 1c0081c6 00a4222b p.sw             x10, 4(x8!)          x8=10001ea4 x10:4084d9ac  x8:10001ea0  PA:10001ea0
14875982ns          247738 1c0081ca ff4419e3 bne              x8, x20, -14         x8:10001ea4 x20:10001fd8
14876041ns          247741 1c0081bc 0049a50b p.lw             x10, 4(x19!)        x10=42aa68cd x19=1c010510 x19:1c01050c  PA:1c01050c
14876340ns          247756 1c0081c0 558000ef jal              x1, 1368             x1=1c0081c2
14876360ns          247757 1c008718 e00517d3 fclass.s         x15, f10            x15=00000040 f10:42aa68cd
14876380ns          247758 1c00871c 0817f793 andi             x15, x15, 129       x15=00000000 x15:00000040
14876399ns          247759 1c008720 08079b63 bne              x15, x0, 150        x15:00000000
14876419ns          247760 1c008722 00000793 addi             x15, x0, 0          x15=00000000
14876439ns          247761 1c008726 a0f52753 feq.s            x14, f10, f15       x14=00000000 f10:42aa68cd f15:00000000
14876459ns          247762 1c00872a 08071163 bne              x14, x0, 130        x14:00000000
14876479ns          247763 1c00872c a0f507d3 fle.s            x15, f10, f15       x15=00000000 f10:42aa68cd f15:00000000
14876499ns          247764 1c008730 08079863 bne              x15, x0, 144        x15:00000000
14876519ns          247765 1c008732 a0a527d3 feq.s            x15, f10, f10       x15=00000001 f10:42aa68cd f10:42aa68cd
14876539ns          247766 1c008736 08078563 beq              x15, x0, 138        x15:00000001
14876559ns          247767 1c008738 d17537b3 p.bclr           x15, x10, 8, 23     x15=002a68cd x10:42aa68cd
14876578ns          247768 1c00873c cb87c733 p.bset           x14, x15, 5, 24     x14=3f2a68cd x15:002a68cd
14876598ns          247769 1c008740 1c0006b7 lui              x13, 0x1c000000     x13=1c000000
14876618ns          247770 1c008744 1c0007b7 lui              x15, 0x1c000000     x15=1c000000
14876638ns          247771 1c008748 1306a683 lw               x13, 304(x13)       x13=c13c5fa8 x13:1c000000  PA:1c000130
14876936ns          247786 1c00874c 12c7a783 lw               x15, 300(x15)       x15=3ff7d7e5 x15:1c000000  PA:1c00012c
14877235ns          247801 1c008750 41755513 srai             x10, x10, 0x417     x10=00000085 x10:42aa68cd
14877255ns          247802 1c008752 68e7f7c3 fmadd.s          f15, f15, f14, f13  f15=xxxxxxxx f15:3ff7d7e5 f14:3f2a68cd f13:c13c5fa8
14877275ns          247803 1c008756 1c0006b7 lui              x13, 0x1c000000     x13=1c000000
14877295ns          247804 1c00875a 1346a683 lw               x13, 308(x13)       x13=41fa6a03 x13:1c000000  PA:1c000134
14877593ns          247819 1c00875e f8250513 addi             x10, x10, -126      x10=00000007 x10:00000085
14877613ns          247820 1c008762 68e7f7c3 fmadd.s          f15, f15, f14, f13  f15=xxxxxxxx f15:c127c04d f14:3f2a68cd f13:41fa6a03
14877633ns          247821 1c008766 1c0006b7 lui              x13, 0x1c000000     x13=1c000000
14877653ns          247822 1c00876a 1386a683 lw               x13, 312(x13)       x13=c23f0e08 x13:1c000000  PA:1c000138
14877951ns          247837 1c00876e d0057553 fcvt.s.w         f10, x10            f10=xxxxxxxx x10:00000007
14877971ns          247838 1c008772 68e7f7c3 fmadd.s          f15, f15, f14, f13  f15=xxxxxxxx f15:41c294d3 f14:3f2a68cd f13:c23f0e08
14877991ns          247839 1c008776 1c0006b7 lui              x13, 0x1c000000     x13=1c000000
14878011ns          247840 1c00877a 13c6a683 lw               x13, 316(x13)       x13=42390412 x13:1c000000  PA:1c00013c
14878329ns          247856 1c00877e 68e7f7c3 fmadd.s          f15, f15, f14, f13  f15=xxxxxxxx f15:c1fc9594 f14:3f2a68cd f13:42390412
14878349ns          247857 1c008782 1c0006b7 lui              x13, 0x1c000000     x13=1c000000
14878369ns          247858 1c008786 1406a683 lw               x13, 320(x13)       x13=c1efd21b x13:1c000000  PA:1c000140
14878727ns          247876 1c00878a 68e7f7c3 fmadd.s          f15, f15, f14, f13  f15=xxxxxxxx f15:41c9e569 f14:3f2a68cd f13:c1efd21b
14878747ns          247877 1c00878e 1c0006b7 lui              x13, 0x1c000000     x13=1c000000
14878766ns          247878 1c008792 1446a683 lw               x13, 324(x13)       x13=41644a86 x13:1c000000  PA:1c000144
14879085ns          247894 1c008796 68e7f7c3 fmadd.s          f15, f15, f14, f13  f15=xxxxxxxx f15:c152da39 f14:3f2a68cd f13:41644a86
14879105ns          247895 1c00879a 1c0006b7 lui              x13, 0x1c000000     x13=1c000000
14879124ns          247896 1c00879e 1486a683 lw               x13, 328(x13)       x13=c087dba8 x13:1c000000  PA:1c000148
14879443ns          247912 1c0087a2 68e7f7c3 fmadd.s          f15, f15, f14, f13  f15=xxxxxxxx f15:40afde95 f14:3f2a68cd f13:c087dba8
14879463ns          247913 1c0087a6 00a7f553 fadd.s           f10, f15, f10       f10=xxxxxxxx f15:bf164ece f10:40e00000
14879482ns          247914 1c0087aa 00008067 jalr             x0, x1, 0            x1:1c0081c2
14879542ns          247917 1c0081c2 11557553 fmul.s           f10, f10, f21       f10=xxxxxxxx f10:40cd3626 f21:3f317218
14879562ns          247918 1c0081c6 00a4222b p.sw             x10, 4(x8!)          x8=10001ea8 x10:408e3de6  x8:10001ea4  PA:10001ea4
14879582ns          247919 1c0081ca ff4419e3 bne              x8, x20, -14         x8:10001ea8 x20:10001fd8
14879642ns          247922 1c0081bc 0049a50b p.lw             x10, 4(x19!)        x10=419bcb7b x19=1c010514 x19:1c010510  PA:1c010510
14879940ns          247937 1c0081c0 558000ef jal              x1, 1368             x1=1c0081c2
14879960ns          247938 1c008718 e00517d3 fclass.s         x15, f10            x15=00000040 f10:419bcb7b
14879980ns          247939 1c00871c 0817f793 andi             x15, x15, 129       x15=00000000 x15:00000040
14880000ns          247940 1c008720 08079b63 bne              x15, x0, 150        x15:00000000
14880020ns          247941 1c008722 00000793 addi             x15, x0, 0          x15=00000000
14880039ns          247942 1c008726 a0f52753 feq.s            x14, f10, f15       x14=00000000 f10:419bcb7b f15:00000000
14880059ns          247943 1c00872a 08071163 bne              x14, x0, 130        x14:00000000
14880079ns          247944 1c00872c a0f507d3 fle.s            x15, f10, f15       x15=00000000 f10:419bcb7b f15:00000000
14880099ns          247945 1c008730 08079863 bne              x15, x0, 144        x15:00000000
14880119ns          247946 1c008732 a0a527d3 feq.s            x15, f10, f10       x15=00000001 f10:419bcb7b f10:419bcb7b
14880139ns          247947 1c008736 08078563 beq              x15, x0, 138        x15:00000001
14880159ns          247948 1c008738 d17537b3 p.bclr           x15, x10, 8, 23     x15=001bcb7b x10:419bcb7b
14880179ns          247949 1c00873c cb87c733 p.bset           x14, x15, 5, 24     x14=3f1bcb7b x15:001bcb7b
14880199ns          247950 1c008740 1c0006b7 lui              x13, 0x1c000000     x13=1c000000
14880218ns          247951 1c008744 1c0007b7 lui              x15, 0x1c000000     x15=1c000000
14880238ns          247952 1c008748 1306a683 lw               x13, 304(x13)       x13=c13c5fa8 x13:1c000000  PA:1c000130
14880557ns          247968 1c00874c 12c7a783 lw               x15, 300(x15)       x15=3ff7d7e5 x15:1c000000  PA:1c00012c
14880855ns          247983 1c008750 41755513 srai             x10, x10, 0x417     x10=00000083 x10:419bcb7b
14880875ns          247984 1c008752 68e7f7c3 fmadd.s          f15, f15, f14, f13  f15=xxxxxxxx f15:3ff7d7e5 f14:3f1bcb7b f13:c13c5fa8
14880895ns          247985 1c008756 1c0006b7 lui              x13, 0x1c000000     x13=1c000000
14880915ns          247986 1c00875a 1346a683 lw               x13, 308(x13)       x13=41fa6a03 x13:1c000000  PA:1c000134
14881213ns          248001 1c00875e f8250513 addi             x10, x10, -126      x10=00000005 x10:00000083
14881233ns          248002 1c008762 68e7f7c3 fmadd.s          f15, f15, f14, f13  f15=xxxxxxxx f15:c1298511 f14:3f1bcb7b f13:41fa6a03
14881253ns          248003 1c008766 1c0006b7 lui              x13, 0x1c000000     x13=1c000000
14881273ns          248004 1c00876a 1386a683 lw               x13, 312(x13)       x13=c23f0e08 x13:1c000000  PA:1c000138
14881571ns          248019 1c00876e d0057553 fcvt.s.w         f10, x10            f10=xxxxxxxx x10:00000005
14881591ns          248020 1c008772 68e7f7c3 fmadd.s          f15, f15, f14, f13  f15=xxxxxxxx f15:41c6d4db f14:3f1bcb7b f13:c23f0e08
14881611ns          248021 1c008776 1c0006b7 lui              x13, 0x1c000000     x13=1c000000
14881631ns          248022 1c00877a 13c6a683 lw               x13, 316(x13)       x13=42390412 x13:1c000000  PA:1c00013c
14881969ns          248039 1c00877e 68e7f7c3 fmadd.s          f15, f15, f14, f13  f15=xxxxxxxx f15:c2028d93 f14:3f1bcb7b f13:42390412
14881989ns          248040 1c008782 1c0006b7 lui              x13, 0x1c000000     x13=1c000000
14882009ns          248041 1c008786 1406a683 lw               x13, 320(x13)       x13=c1efd21b x13:1c000000  PA:1c000140
14882327ns          248057 1c00878a 68e7f7c3 fmadd.s          f15, f15, f14, f13  f15=xxxxxxxx f15:41d3212a f14:3f1bcb7b f13:c1efd21b
14882347ns          248058 1c00878e 1c0006b7 lui              x13, 0x1c000000     x13=1c000000
14882367ns          248059 1c008792 1446a683 lw               x13, 324(x13)       x13=41644a86 x13:1c000000  PA:1c000144
14882685ns          248075 1c008796 68e7f7c3 fmadd.s          f15, f15, f14, f13  f15=xxxxxxxx f15:c15eaa6c f14:3f1bcb7b f13:41644a86
14882705ns          248076 1c00879a 1c0006b7 lui              x13, 0x1c000000     x13=1c000000
14882725ns          248077 1c00879e 1486a683 lw               x13, 328(x13)       x13=c087dba8 x13:1c000000  PA:1c000148
14883043ns          248093 1c0087a2 68e7f7c3 fmadd.s          f15, f15, f14, f13  f15=xxxxxxxx f15:40b990b5 f14:3f1bcb7b f13:c087dba8
14883063ns          248094 1c0087a6 00a7f553 fadd.s           f10, f15, f10       f10=xxxxxxxx f15:bf376c5c f10:40a00000
14883083ns          248095 1c0087aa 00008067 jalr             x0, x1, 0            x1:1c0081c2
14883142ns          248098 1c0081c2 11557553 fmul.s           f10, f10, f21       f10=xxxxxxxx f10:40891274 f21:3f317218
14883162ns          248099 1c0081c6 00a4222b p.sw             x10, 4(x8!)          x8=10001eac x10:403e05b3  x8:10001ea8  PA:10001ea8
14883182ns          248100 1c0081ca ff4419e3 bne              x8, x20, -14         x8:10001eac x20:10001fd8
14883242ns          248103 1c0081bc 0049a50b p.lw             x10, 4(x19!)        x10=41c4fcc7 x19=1c010518 x19:1c010514  PA:1c010514
14883540ns          248118 1c0081c0 558000ef jal              x1, 1368             x1=1c0081c2
14883560ns          248119 1c008718 e00517d3 fclass.s         x15, f10            x15=00000040 f10:41c4fcc7
14883580ns          248120 1c00871c 0817f793 andi             x15, x15, 129       x15=00000000 x15:00000040
14883600ns          248121 1c008720 08079b63 bne              x15, x0, 150        x15:00000000
14883620ns          248122 1c008722 00000793 addi             x15, x0, 0          x15=00000000
14883640ns          248123 1c008726 a0f52753 feq.s            x14, f10, f15       x14=00000000 f10:41c4fcc7 f15:00000000
14883660ns          248124 1c00872a 08071163 bne              x14, x0, 130        x14:00000000
14883679ns          248125 1c00872c a0f507d3 fle.s            x15, f10, f15       x15=00000000 f10:41c4fcc7 f15:00000000
14883699ns          248126 1c008730 08079863 bne              x15, x0, 144        x15:00000000
14883719ns          248127 1c008732 a0a527d3 feq.s            x15, f10, f10       x15=00000001 f10:41c4fcc7 f10:41c4fcc7
14883739ns          248128 1c008736 08078563 beq              x15, x0, 138        x15:00000001
14883759ns          248129 1c008738 d17537b3 p.bclr           x15, x10, 8, 23     x15=0044fcc7 x10:41c4fcc7
14883779ns          248130 1c00873c cb87c733 p.bset           x14, x15, 5, 24     x14=3f44fcc7 x15:0044fcc7
14883799ns          248131 1c008740 1c0006b7 lui              x13, 0x1c000000     x13=1c000000
14883819ns          248132 1c008744 1c0007b7 lui              x15, 0x1c000000     x15=1c000000
14883839ns          248133 1c008748 1306a683 lw               x13, 304(x13)       x13=c13c5fa8 x13:1c000000  PA:1c000130
14884137ns          248148 1c00874c 12c7a783 lw               x15, 300(x15)       x15=3ff7d7e5 x15:1c000000  PA:1c00012c
14884435ns          248163 1c008750 41755513 srai             x10, x10, 0x417     x10=00000083 x10:41c4fcc7
14884455ns          248164 1c008752 68e7f7c3 fmadd.s          f15, f15, f14, f13  f15=xxxxxxxx f15:3ff7d7e5 f14:3f44fcc7 f13:c13c5fa8
14884475ns          248165 1c008756 1c0006b7 lui              x13, 0x1c000000     x13=1c000000
14884495ns          248166 1c00875a 1346a683 lw               x13, 308(x13)       x13=41fa6a03 x13:1c000000  PA:1c000134
14884793ns          248181 1c00875e f8250513 addi             x10, x10, -126      x10=00000005 x10:00000083
14884813ns          248182 1c008762 68e7f7c3 fmadd.s          f15, f15, f14, f13  f15=xxxxxxxx f15:c12488e7 f14:3f44fcc7 f13:41fa6a03
14884833ns          248183 1c008766 1c0006b7 lui              x13, 0x1c000000     x13=1c000000
14884853ns          248184 1c00876a 1386a683 lw               x13, 312(x13)       x13=c23f0e08 x13:1c000000  PA:1c000138
14885151ns          248199 1c00876e d0057553 fcvt.s.w         f10, x10            f10=xxxxxxxx x10:00000005
14885171ns          248200 1c008772 68e7f7c3 fmadd.s          f15, f15, f14, f13  f15=xxxxxxxx f15:41bb1c5f f14:3f44fcc7 f13:c23f0e08
14885191ns          248201 1c008776 1c0006b7 lui              x13, 0x1c000000     x13=1c000000
14885211ns          248202 1c00877a 13c6a683 lw               x13, 316(x13)       x13=42390412 x13:1c000000  PA:1c00013c
14885529ns          248218 1c00877e 68e7f7c3 fmadd.s          f15, f15, f14, f13  f15=xxxxxxxx f15:c1ee2196 f14:3f44fcc7 f13:42390412
14885549ns          248219 1c008782 1c0006b7 lui              x13, 0x1c000000     x13=1c000000
14885569ns          248220 1c008786 1406a683 lw               x13, 320(x13)       x13=c1efd21b x13:1c000000  PA:1c000140
14885907ns          248237 1c00878a 68e7f7c3 fmadd.s          f15, f15, f14, f13  f15=xxxxxxxx f15:41bacb4b f14:3f44fcc7 f13:c1efd21b
14885927ns          248238 1c00878e 1c0006b7 lui              x13, 0x1c000000     x13=1c000000
14885947ns          248239 1c008792 1446a683 lw               x13, 324(x13)       x13=41644a86 x13:1c000000  PA:1c000144
14886265ns          248255 1c008796 68e7f7c3 fmadd.s          f15, f15, f14, f13  f15=xxxxxxxx f15:c1402c09 f14:3f44fcc7 f13:41644a86
14886285ns          248256 1c00879a 1c0006b7 lui              x13, 0x1c000000     x13=1c000000
14886305ns          248257 1c00879e 1486a683 lw               x13, 328(x13)       x13=c087dba8 x13:1c000000  PA:1c000148
14886623ns          248273 1c0087a2 68e7f7c3 fmadd.s          f15, f15, f14, f13  f15=xxxxxxxx f15:40a0d61d f14:3f44fcc7 f13:c087dba8
14886643ns          248274 1c0087a6 00a7f553 fadd.s           f10, f15, f10       f10=xxxxxxxx f15:bec18ea0 f10:40a00000
14886663ns          248275 1c0087aa 00008067 jalr             x0, x1, 0            x1:1c0081c2
14886723ns          248278 1c0081c2 11557553 fmul.s           f10, f10, f21       f10=xxxxxxxx f10:4093e716 f21:3f317218
14886743ns          248279 1c0081c6 00a4222b p.sw             x10, 4(x8!)          x8=10001eb0 x10:404d0962  x8:10001eac  PA:10001eac
14886763ns          248280 1c0081ca ff4419e3 bne              x8, x20, -14         x8:10001eb0 x20:10001fd8
14886822ns          248283 1c0081bc 0049a50b p.lw             x10, 4(x19!)        x10=42b7652b x19=1c01051c x19:1c010518  PA:1c010518
14887140ns          248299 1c0081c0 558000ef jal              x1, 1368             x1=1c0081c2
14887160ns          248300 1c008718 e00517d3 fclass.s         x15, f10            x15=00000040 f10:42b7652b
14887180ns          248301 1c00871c 0817f793 andi             x15, x15, 129       x15=00000000 x15:00000040
14887200ns          248302 1c008720 08079b63 bne              x15, x0, 150        x15:00000000
14887220ns          248303 1c008722 00000793 addi             x15, x0, 0          x15=00000000
14887240ns          248304 1c008726 a0f52753 feq.s            x14, f10, f15       x14=00000000 f10:42b7652b f15:00000000
14887260ns          248305 1c00872a 08071163 bne              x14, x0, 130        x14:00000000
14887280ns          248306 1c00872c a0f507d3 fle.s            x15, f10, f15       x15=00000000 f10:42b7652b f15:00000000
14887300ns          248307 1c008730 08079863 bne              x15, x0, 144        x15:00000000
14887319ns          248308 1c008732 a0a527d3 feq.s            x15, f10, f10       x15=00000001 f10:42b7652b f10:42b7652b
14887339ns          248309 1c008736 08078563 beq              x15, x0, 138        x15:00000001
14887359ns          248310 1c008738 d17537b3 p.bclr           x15, x10, 8, 23     x15=0037652b x10:42b7652b
14887379ns          248311 1c00873c cb87c733 p.bset           x14, x15, 5, 24     x14=3f37652b x15:0037652b
14887399ns          248312 1c008740 1c0006b7 lui              x13, 0x1c000000     x13=1c000000
14887419ns          248313 1c008744 1c0007b7 lui              x15, 0x1c000000     x15=1c000000
14887439ns          248314 1c008748 1306a683 lw               x13, 304(x13)       x13=c13c5fa8 x13:1c000000  PA:1c000130
14887737ns          248329 1c00874c 12c7a783 lw               x15, 300(x15)       x15=3ff7d7e5 x15:1c000000  PA:1c00012c
14888036ns          248344 1c008750 41755513 srai             x10, x10, 0x417     x10=00000085 x10:42b7652b
14888055ns          248345 1c008752 68e7f7c3 fmadd.s          f15, f15, f14, f13  f15=xxxxxxxx f15:3ff7d7e5 f14:3f37652b f13:c13c5fa8
14888075ns          248346 1c008756 1c0006b7 lui              x13, 0x1c000000     x13=1c000000
14888095ns          248347 1c00875a 1346a683 lw               x13, 308(x13)       x13=41fa6a03 x13:1c000000  PA:1c000134
14888394ns          248362 1c00875e f8250513 addi             x10, x10, -126      x10=00000007 x10:00000085
14888413ns          248363 1c008762 68e7f7c3 fmadd.s          f15, f15, f14, f13  f15=xxxxxxxx f15:c1262dff f14:3f37652b f13:41fa6a03
14888433ns          248364 1c008766 1c0006b7 lui              x13, 0x1c000000     x13=1c000000
14888453ns          248365 1c00876a 1386a683 lw               x13, 312(x13)       x13=c23f0e08 x13:1c000000  PA:1c000138
14888752ns          248380 1c00876e d0057553 fcvt.s.w         f10, x10            f10=xxxxxxxx x10:00000007
14888771ns          248381 1c008772 68e7f7c3 fmadd.s          f15, f15, f14, f13  f15=xxxxxxxx f15:41bee3bc f14:3f37652b f13:c23f0e08
14888791ns          248382 1c008776 1c0006b7 lui              x13, 0x1c000000     x13=1c000000
14888811ns          248383 1c00877a 13c6a683 lw               x13, 316(x13)       x13=42390412 x13:1c000000  PA:1c00013c
14889130ns          248399 1c00877e 68e7f7c3 fmadd.s          f15, f15, f14, f13  f15=xxxxxxxx f15:c1f55bd5 f14:3f37652b f13:42390412
14889149ns          248400 1c008782 1c0006b7 lui              x13, 0x1c000000     x13=1c000000
14889169ns          248401 1c008786 1406a683 lw               x13, 320(x13)       x13=c1efd21b x13:1c000000  PA:1c000140
14889488ns          248417 1c00878a 68e7f7c3 fmadd.s          f15, f15, f14, f13  f15=xxxxxxxx f15:41c24288 f14:3f37652b f13:c1efd21b
14889507ns          248418 1c00878e 1c0006b7 lui              x13, 0x1c000000     x13=1c000000
14889527ns          248419 1c008792 1446a683 lw               x13, 324(x13)       x13=41644a86 x13:1c000000  PA:1c000144
14889885ns          248437 1c008796 68e7f7c3 fmadd.s          f15, f15, f14, f13  f15=xxxxxxxx f15:c1494f8e f14:3f37652b f13:41644a86
14889905ns          248438 1c00879a 1c0006b7 lui              x13, 0x1c000000     x13=1c000000
14889925ns          248439 1c00879e 1486a683 lw               x13, 328(x13)       x13=c087dba8 x13:1c000000  PA:1c000148
14890243ns          248455 1c0087a2 68e7f7c3 fmadd.s          f15, f15, f14, f13  f15=xxxxxxxx f15:40a82633 f14:3f37652b f13:c087dba8
14890263ns          248456 1c0087a6 00a7f553 fadd.s           f10, f15, f10       f10=xxxxxxxx f15:bef65e64 f10:40e00000
14890283ns          248457 1c0087aa 00008067 jalr             x0, x1, 0            x1:1c0081c2
14890343ns          248460 1c0081c2 11557553 fmul.s           f10, f10, f21       f10=xxxxxxxx f10:40d09a1a f21:3f317218
14890363ns          248461 1c0081c6 00a4222b p.sw             x10, 4(x8!)          x8=10001eb4 x10:40909784  x8:10001eb0  PA:10001eb0
14890383ns          248462 1c0081ca ff4419e3 bne              x8, x20, -14         x8:10001eb4 x20:10001fd8
14890442ns          248465 1c0081bc 0049a50b p.lw             x10, 4(x19!)        x10=424f882b x19=1c010520 x19:1c01051c  PA:1c01051c
14890741ns          248480 1c0081c0 558000ef jal              x1, 1368             x1=1c0081c2
14890761ns          248481 1c008718 e00517d3 fclass.s         x15, f10            x15=00000040 f10:424f882b
14890780ns          248482 1c00871c 0817f793 andi             x15, x15, 129       x15=00000000 x15:00000040
14890800ns          248483 1c008720 08079b63 bne              x15, x0, 150        x15:00000000
14890820ns          248484 1c008722 00000793 addi             x15, x0, 0          x15=00000000
14890840ns          248485 1c008726 a0f52753 feq.s            x14, f10, f15       x14=00000000 f10:424f882b f15:00000000
14890860ns          248486 1c00872a 08071163 bne              x14, x0, 130        x14:00000000
14890880ns          248487 1c00872c a0f507d3 fle.s            x15, f10, f15       x15=00000000 f10:424f882b f15:00000000
14890900ns          248488 1c008730 08079863 bne              x15, x0, 144        x15:00000000
14890920ns          248489 1c008732 a0a527d3 feq.s            x15, f10, f10       x15=00000001 f10:424f882b f10:424f882b
14890940ns          248490 1c008736 08078563 beq              x15, x0, 138        x15:00000001
14890959ns          248491 1c008738 d17537b3 p.bclr           x15, x10, 8, 23     x15=004f882b x10:424f882b
14890979ns          248492 1c00873c cb87c733 p.bset           x14, x15, 5, 24     x14=3f4f882b x15:004f882b
14890999ns          248493 1c008740 1c0006b7 lui              x13, 0x1c000000     x13=1c000000
14891019ns          248494 1c008744 1c0007b7 lui              x15, 0x1c000000     x15=1c000000
14891039ns          248495 1c008748 1306a683 lw               x13, 304(x13)       x13=c13c5fa8 x13:1c000000  PA:1c000130
14891337ns          248510 1c00874c 12c7a783 lw               x15, 300(x15)       x15=3ff7d7e5 x15:1c000000  PA:1c00012c
14891636ns          248525 1c008750 41755513 srai             x10, x10, 0x417     x10=00000084 x10:424f882b
14891656ns          248526 1c008752 68e7f7c3 fmadd.s          f15, f15, f14, f13  f15=xxxxxxxx f15:3ff7d7e5 f14:3f4f882b f13:c13c5fa8
14891676ns          248527 1c008756 1c0006b7 lui              x13, 0x1c000000     x13=1c000000
14891695ns          248528 1c00875a 1346a683 lw               x13, 308(x13)       x13=41fa6a03 x13:1c000000  PA:1c000134
14891994ns          248543 1c00875e f8250513 addi             x10, x10, -126      x10=00000006 x10:00000084
14892014ns          248544 1c008762 68e7f7c3 fmadd.s          f15, f15, f14, f13  f15=xxxxxxxx f15:c123423b f14:3f4f882b f13:41fa6a03
14892034ns          248545 1c008766 1c0006b7 lui              x13, 0x1c000000     x13=1c000000
14892053ns          248546 1c00876a 1386a683 lw               x13, 312(x13)       x13=c23f0e08 x13:1c000000  PA:1c000138
14892372ns          248562 1c00876e d0057553 fcvt.s.w         f10, x10            f10=xxxxxxxx x10:00000006
14892392ns          248563 1c008772 68e7f7c3 fmadd.s          f15, f15, f14, f13  f15=xxxxxxxx f15:41b83d51 f14:3f4f882b f13:c23f0e08
14892411ns          248564 1c008776 1c0006b7 lui              x13, 0x1c000000     x13=1c000000
14892431ns          248565 1c00877a 13c6a683 lw               x13, 316(x13)       x13=42390412 x13:1c000000  PA:1c00013c
14892750ns          248581 1c00877e 68e7f7c3 fmadd.s          f15, f15, f14, f13  f15=xxxxxxxx f15:c1e8c07c f14:3f4f882b f13:42390412
14892770ns          248582 1c008782 1c0006b7 lui              x13, 0x1c000000     x13=1c000000
14892789ns          248583 1c008786 1406a683 lw               x13, 320(x13)       x13=c1efd21b x13:1c000000  PA:1c000140
14893128ns          248600 1c00878a 68e7f7c3 fmadd.s          f15, f15, f14, f13  f15=xxxxxxxx f15:41b558b2 f14:3f4f882b f13:c1efd21b
14893147ns          248601 1c00878e 1c0006b7 lui              x13, 0x1c000000     x13=1c000000
14893167ns          248602 1c008792 1446a683 lw               x13, 324(x13)       x13=41644a86 x13:1c000000  PA:1c000144
14893486ns          248618 1c008796 68e7f7c3 fmadd.s          f15, f15, f14, f13  f15=xxxxxxxx f15:c1399ddb f14:3f4f882b f13:41644a86
14893505ns          248619 1c00879a 1c0006b7 lui              x13, 0x1c000000     x13=1c000000
14893525ns          248620 1c00879e 1486a683 lw               x13, 328(x13)       x13=c087dba8 x13:1c000000  PA:1c000148
14893864ns          248637 1c0087a2 68e7f7c3 fmadd.s          f15, f15, f14, f13  f15=xxxxxxxx f15:409ba24e f14:3f4f882b f13:c087dba8
14893883ns          248638 1c0087a6 00a7f553 fadd.s           f10, f15, f10       f10=xxxxxxxx f15:be9b0a29 f10:40c00000
14893903ns          248639 1c0087aa 00008067 jalr             x0, x1, 0            x1:1c0081c2
14893963ns          248642 1c0081c2 11557553 fmul.s           f10, f10, f21       f10=xxxxxxxx f10:40b64f5d f21:3f317218
14893983ns          248643 1c0081c6 00a4222b p.sw             x10, 4(x8!)          x8=10001eb8 x10:407cbc3f  x8:10001eb4  PA:10001eb4
14894003ns          248644 1c0081ca ff4419e3 bne              x8, x20, -14         x8:10001eb8 x20:10001fd8
14894062ns          248647 1c0081bc 0049a50b p.lw             x10, 4(x19!)        x10=42359bb2 x19=1c010524 x19:1c010520  PA:1c010520
14894361ns          248662 1c0081c0 558000ef jal              x1, 1368             x1=1c0081c2
14894381ns          248663 1c008718 e00517d3 fclass.s         x15, f10            x15=00000040 f10:42359bb2
14894401ns          248664 1c00871c 0817f793 andi             x15, x15, 129       x15=00000000 x15:00000040
14894420ns          248665 1c008720 08079b63 bne              x15, x0, 150        x15:00000000
14894440ns          248666 1c008722 00000793 addi             x15, x0, 0          x15=00000000
14894460ns          248667 1c008726 a0f52753 feq.s            x14, f10, f15       x14=00000000 f10:42359bb2 f15:00000000
14894480ns          248668 1c00872a 08071163 bne              x14, x0, 130        x14:00000000
14894500ns          248669 1c00872c a0f507d3 fle.s            x15, f10, f15       x15=00000000 f10:42359bb2 f15:00000000
14894520ns          248670 1c008730 08079863 bne              x15, x0, 144        x15:00000000
14894540ns          248671 1c008732 a0a527d3 feq.s            x15, f10, f10       x15=00000001 f10:42359bb2 f10:42359bb2
14894560ns          248672 1c008736 08078563 beq              x15, x0, 138        x15:00000001
14894580ns          248673 1c008738 d17537b3 p.bclr           x15, x10, 8, 23     x15=00359bb2 x10:42359bb2
14894599ns          248674 1c00873c cb87c733 p.bset           x14, x15, 5, 24     x14=3f359bb2 x15:00359bb2
14894619ns          248675 1c008740 1c0006b7 lui              x13, 0x1c000000     x13=1c000000
14894639ns          248676 1c008744 1c0007b7 lui              x15, 0x1c000000     x15=1c000000
14894659ns          248677 1c008748 1306a683 lw               x13, 304(x13)       x13=c13c5fa8 x13:1c000000  PA:1c000130
14894957ns          248692 1c00874c 12c7a783 lw               x15, 300(x15)       x15=3ff7d7e5 x15:1c000000  PA:1c00012c
14895256ns          248707 1c008750 41755513 srai             x10, x10, 0x417     x10=00000084 x10:42359bb2
14895276ns          248708 1c008752 68e7f7c3 fmadd.s          f15, f15, f14, f13  f15=xxxxxxxx f15:3ff7d7e5 f14:3f359bb2 f13:c13c5fa8
14895296ns          248709 1c008756 1c0006b7 lui              x13, 0x1c000000     x13=1c000000
14895316ns          248710 1c00875a 1346a683 lw               x13, 308(x13)       x13=41fa6a03 x13:1c000000  PA:1c000134
14895614ns          248725 1c00875e f8250513 addi             x10, x10, -126      x10=00000006 x10:00000084
14895634ns          248726 1c008762 68e7f7c3 fmadd.s          f15, f15, f14, f13  f15=xxxxxxxx f15:c126655c f14:3f359bb2 f13:41fa6a03
14895654ns          248727 1c008766 1c0006b7 lui              x13, 0x1c000000     x13=1c000000
14895674ns          248728 1c00876a 1386a683 lw               x13, 312(x13)       x13=c23f0e08 x13:1c000000  PA:1c000138
14895972ns          248743 1c00876e d0057553 fcvt.s.w         f10, x10            f10=xxxxxxxx x10:00000006
14895992ns          248744 1c008772 68e7f7c3 fmadd.s          f15, f15, f14, f13  f15=xxxxxxxx f15:41bf6494 f14:3f359bb2 f13:c23f0e08
14896012ns          248745 1c008776 1c0006b7 lui              x13, 0x1c000000     x13=1c000000
14896032ns          248746 1c00877a 13c6a683 lw               x13, 316(x13)       x13=42390412 x13:1c000000  PA:1c00013c
14896370ns          248763 1c00877e 68e7f7c3 fmadd.s          f15, f15, f14, f13  f15=xxxxxxxx f15:c1f6558c f14:3f359bb2 f13:42390412
14896390ns          248764 1c008782 1c0006b7 lui              x13, 0x1c000000     x13=1c000000
14896410ns          248765 1c008786 1406a683 lw               x13, 320(x13)       x13=c1efd21b x13:1c000000  PA:1c000140
14896728ns          248781 1c00878a 68e7f7c3 fmadd.s          f15, f15, f14, f13  f15=xxxxxxxx f15:41c347d7 f14:3f359bb2 f13:c1efd21b
14896748ns          248782 1c00878e 1c0006b7 lui              x13, 0x1c000000     x13=1c000000
14896768ns          248783 1c008792 1446a683 lw               x13, 324(x13)       x13=41644a86 x13:1c000000  PA:1c000144
14897106ns          248800 1c008796 68e7f7c3 fmadd.s          f15, f15, f14, f13  f15=xxxxxxxx f15:c14a9317 f14:3f359bb2 f13:41644a86
14897126ns          248801 1c00879a 1c0006b7 lui              x13, 0x1c000000     x13=1c000000
14897145ns          248802 1c00879e 1486a683 lw               x13, 328(x13)       x13=c087dba8 x13:1c000000  PA:1c000148
14897464ns          248818 1c0087a2 68e7f7c3 fmadd.s          f15, f15, f14, f13  f15=xxxxxxxx f15:40a92aa6 f14:3f359bb2 f13:c087dba8
14897484ns          248819 1c0087a6 00a7f553 fadd.s           f10, f15, f10       f10=xxxxxxxx f15:befd99e3 f10:40c00000
14897504ns          248820 1c0087aa 00008067 jalr             x0, x1, 0            x1:1c0081c2
14897563ns          248823 1c0081c2 11557553 fmul.s           f10, f10, f21       f10=xxxxxxxx f10:40b02662 f21:3f317218
14897583ns          248824 1c0081c6 00a4222b p.sw             x10, 4(x8!)          x8=10001ebc x10:40743217  x8:10001eb8  PA:10001eb8
14897603ns          248825 1c0081ca ff4419e3 bne              x8, x20, -14         x8:10001ebc x20:10001fd8
14897663ns          248828 1c0081bc 0049a50b p.lw             x10, 4(x19!)        x10=4178059e x19=1c010528 x19:1c010524  PA:1c010524
14897961ns          248843 1c0081c0 558000ef jal              x1, 1368             x1=1c0081c2
14897981ns          248844 1c008718 e00517d3 fclass.s         x15, f10            x15=00000040 f10:4178059e
14898001ns          248845 1c00871c 0817f793 andi             x15, x15, 129       x15=00000000 x15:00000040
14898021ns          248846 1c008720 08079b63 bne              x15, x0, 150        x15:00000000
14898041ns          248847 1c008722 00000793 addi             x15, x0, 0          x15=00000000
14898060ns          248848 1c008726 a0f52753 feq.s            x14, f10, f15       x14=00000000 f10:4178059e f15:00000000
14898080ns          248849 1c00872a 08071163 bne              x14, x0, 130        x14:00000000
14898100ns          248850 1c00872c a0f507d3 fle.s            x15, f10, f15       x15=00000000 f10:4178059e f15:00000000
14898120ns          248851 1c008730 08079863 bne              x15, x0, 144        x15:00000000
14898140ns          248852 1c008732 a0a527d3 feq.s            x15, f10, f10       x15=00000001 f10:4178059e f10:4178059e
14898160ns          248853 1c008736 08078563 beq              x15, x0, 138        x15:00000001
14898180ns          248854 1c008738 d17537b3 p.bclr           x15, x10, 8, 23     x15=0078059e x10:4178059e
14898200ns          248855 1c00873c cb87c733 p.bset           x14, x15, 5, 24     x14=3f78059e x15:0078059e
14898220ns          248856 1c008740 1c0006b7 lui              x13, 0x1c000000     x13=1c000000
14898239ns          248857 1c008744 1c0007b7 lui              x15, 0x1c000000     x15=1c000000
14898259ns          248858 1c008748 1306a683 lw               x13, 304(x13)       x13=c13c5fa8 x13:1c000000  PA:1c000130
14898598ns          248875 1c00874c 12c7a783 lw               x15, 300(x15)       x15=3ff7d7e5 x15:1c000000  PA:1c00012c
14898896ns          248890 1c008750 41755513 srai             x10, x10, 0x417     x10=00000082 x10:4178059e
14898916ns          248891 1c008752 68e7f7c3 fmadd.s          f15, f15, f14, f13  f15=xxxxxxxx f15:3ff7d7e5 f14:3f78059e f13:c13c5fa8
14898936ns          248892 1c008756 1c0006b7 lui              x13, 0x1c000000     x13=1c000000
14898956ns          248893 1c00875a 1346a683 lw               x13, 308(x13)       x13=41fa6a03 x13:1c000000  PA:1c000134
14899254ns          248908 1c00875e f8250513 addi             x10, x10, -126      x10=00000004 x10:00000082
14899274ns          248909 1c008762 68e7f7c3 fmadd.s          f15, f15, f14, f13  f15=xxxxxxxx f15:c11e5bd5 f14:3f78059e f13:41fa6a03
14899294ns          248910 1c008766 1c0006b7 lui              x13, 0x1c000000     x13=1c000000
14899314ns          248911 1c00876a 1386a683 lw               x13, 312(x13)       x13=c23f0e08 x13:1c000000  PA:1c000138
14899612ns          248926 1c00876e d0057553 fcvt.s.w         f10, x10            f10=xxxxxxxx x10:00000004
14899632ns          248927 1c008772 68e7f7c3 fmadd.s          f15, f15, f14, f13  f15=xxxxxxxx f15:41adb3cb f14:3f78059e f13:c23f0e08
14899652ns          248928 1c008776 1c0006b7 lui              x13, 0x1c000000     x13=1c000000
14899672ns          248929 1c00877a 13c6a683 lw               x13, 316(x13)       x13=42390412 x13:1c000000  PA:1c00013c
14899990ns          248945 1c00877e 68e7f7c3 fmadd.s          f15, f15, f14, f13  f15=xxxxxxxx f15:c1d5d214 f14:3f78059e f13:42390412
14900010ns          248946 1c008782 1c0006b7 lui              x13, 0x1c000000     x13=1c000000
14900030ns          248947 1c008786 1406a683 lw               x13, 320(x13)       x13=c1efd21b x13:1c000000  PA:1c000140
14900388ns          248965 1c00878a 68e7f7c3 fmadd.s          f15, f15, f14, f13  f15=xxxxxxxx f15:41a2dff0 f14:3f78059e f13:c1efd21b
14900408ns          248966 1c00878e 1c0006b7 lui              x13, 0x1c000000     x13=1c000000
14900427ns          248967 1c008792 1446a683 lw               x13, 324(x13)       x13=41644a86 x13:1c000000  PA:1c000144
14900746ns          248983 1c008796 68e7f7c3 fmadd.s          f15, f15, f14, f13  f15=xxxxxxxx f15:c1240b2f f14:3f78059e f13:41644a86
14900766ns          248984 1c00879a 1c0006b7 lui              x13, 0x1c000000     x13=1c000000
14900785ns          248985 1c00879e 1486a683 lw               x13, 328(x13)       x13=c087dba8 x13:1c000000  PA:1c000148
14901124ns          249002 1c0087a2 68e7f7c3 fmadd.s          f15, f15, f14, f13  f15=xxxxxxxx f15:408ab82e f14:3f78059e f13:c087dba8
14901144ns          249003 1c0087a6 00a7f553 fadd.s           f10, f15, f10       f10=xxxxxxxx f15:bd3b181d f10:40800000
14901163ns          249004 1c0087aa 00008067 jalr             x0, x1, 0            x1:1c0081c2
14901223ns          249007 1c0081c2 11557553 fmul.s           f10, f10, f21       f10=xxxxxxxx f10:407d13a0 f21:3f317218
14901243ns          249008 1c0081c6 00a4222b p.sw             x10, 4(x8!)          x8=10001ec0 x10:402f6b5c  x8:10001ebc  PA:10001ebc
14901263ns          249009 1c0081ca ff4419e3 bne              x8, x20, -14         x8:10001ec0 x20:10001fd8
14901323ns          249012 1c0081bc 0049a50b p.lw             x10, 4(x19!)        x10=42aab162 x19=1c01052c x19:1c010528  PA:1c010528
14901621ns          249027 1c0081c0 558000ef jal              x1, 1368             x1=1c0081c2
14901641ns          249028 1c008718 e00517d3 fclass.s         x15, f10            x15=00000040 f10:42aab162
14901661ns          249029 1c00871c 0817f793 andi             x15, x15, 129       x15=00000000 x15:00000040
14901681ns          249030 1c008720 08079b63 bne              x15, x0, 150        x15:00000000
14901700ns          249031 1c008722 00000793 addi             x15, x0, 0          x15=00000000
14901720ns          249032 1c008726 a0f52753 feq.s            x14, f10, f15       x14=00000000 f10:42aab162 f15:00000000
14901740ns          249033 1c00872a 08071163 bne              x14, x0, 130        x14:00000000
14901760ns          249034 1c00872c a0f507d3 fle.s            x15, f10, f15       x15=00000000 f10:42aab162 f15:00000000
14901780ns          249035 1c008730 08079863 bne              x15, x0, 144        x15:00000000
14901800ns          249036 1c008732 a0a527d3 feq.s            x15, f10, f10       x15=00000001 f10:42aab162 f10:42aab162
14901820ns          249037 1c008736 08078563 beq              x15, x0, 138        x15:00000001
14901840ns          249038 1c008738 d17537b3 p.bclr           x15, x10, 8, 23     x15=002ab162 x10:42aab162
14901860ns          249039 1c00873c cb87c733 p.bset           x14, x15, 5, 24     x14=3f2ab162 x15:002ab162
14901879ns          249040 1c008740 1c0006b7 lui              x13, 0x1c000000     x13=1c000000
14901899ns          249041 1c008744 1c0007b7 lui              x15, 0x1c000000     x15=1c000000
14901919ns          249042 1c008748 1306a683 lw               x13, 304(x13)       x13=c13c5fa8 x13:1c000000  PA:1c000130
14902218ns          249057 1c00874c 12c7a783 lw               x15, 300(x15)       x15=3ff7d7e5 x15:1c000000  PA:1c00012c
14902516ns          249072 1c008750 41755513 srai             x10, x10, 0x417     x10=00000085 x10:42aab162
14902536ns          249073 1c008752 68e7f7c3 fmadd.s          f15, f15, f14, f13  f15=xxxxxxxx f15:3ff7d7e5 f14:3f2ab162 f13:c13c5fa8
14902556ns          249074 1c008756 1c0006b7 lui              x13, 0x1c000000     x13=1c000000
14902576ns          249075 1c00875a 1346a683 lw               x13, 308(x13)       x13=41fa6a03 x13:1c000000  PA:1c000134
14902874ns          249090 1c00875e f8250513 addi             x10, x10, -126      x10=00000007 x10:00000085
14902894ns          249091 1c008762 68e7f7c3 fmadd.s          f15, f15, f14, f13  f15=xxxxxxxx f15:c127b785 f14:3f2ab162 f13:41fa6a03
14902914ns          249092 1c008766 1c0006b7 lui              x13, 0x1c000000     x13=1c000000
14902934ns          249093 1c00876a 1386a683 lw               x13, 312(x13)       x13=c23f0e08 x13:1c000000  PA:1c000138
14903232ns          249108 1c00876e d0057553 fcvt.s.w         f10, x10            f10=xxxxxxxx x10:00000007
14903252ns          249109 1c008772 68e7f7c3 fmadd.s          f15, f15, f14, f13  f15=xxxxxxxx f15:41c27ff9 f14:3f2ab162 f13:c23f0e08
14903272ns          249110 1c008776 1c0006b7 lui              x13, 0x1c000000     x13=1c000000
14903292ns          249111 1c00877a 13c6a683 lw               x13, 316(x13)       x13=42390412 x13:1c000000  PA:1c00013c
14903650ns          249129 1c00877e 68e7f7c3 fmadd.s          f15, f15, f14, f13  f15=xxxxxxxx f15:c1fc6c50 f14:3f2ab162 f13:42390412
14903670ns          249130 1c008782 1c0006b7 lui              x13, 0x1c000000     x13=1c000000
14903690ns          249131 1c008786 1406a683 lw               x13, 320(x13)       x13=c1efd21b x13:1c000000  PA:1c000140
14904008ns          249147 1c00878a 68e7f7c3 fmadd.s          f15, f15, f14, f13  f15=xxxxxxxx f15:41c9b94f f14:3f2ab162 f13:c1efd21b
14904028ns          249148 1c00878e 1c0006b7 lui              x13, 0x1c000000     x13=1c000000
14904048ns          249149 1c008792 1446a683 lw               x13, 324(x13)       x13=41644a86 x13:1c000000  PA:1c000144
14904366ns          249165 1c008796 68e7f7c3 fmadd.s          f15, f15, f14, f13  f15=xxxxxxxx f15:c152a28c f14:3f2ab162 f13:41644a86
14904386ns          249166 1c00879a 1c0006b7 lui              x13, 0x1c000000     x13=1c000000
14904406ns          249167 1c00879e 1486a683 lw               x13, 328(x13)       x13=c087dba8 x13:1c000000  PA:1c000148
14904724ns          249183 1c0087a2 68e7f7c3 fmadd.s          f15, f15, f14, f13  f15=xxxxxxxx f15:40afb144 f14:3f2ab162 f13:c087dba8
14904744ns          249184 1c0087a6 00a7f553 fadd.s           f10, f15, f10       f10=xxxxxxxx f15:bf15b1a0 f10:40e00000
14904764ns          249185 1c0087aa 00008067 jalr             x0, x1, 0            x1:1c0081c2
14904823ns          249188 1c0081c2 11557553 fmul.s           f10, f10, f21       f10=xxxxxxxx f10:40cd49cc f21:3f317218
14904843ns          249189 1c0081c6 00a4222b p.sw             x10, 4(x8!)          x8=10001ec4 x10:408e4b84  x8:10001ec0  PA:10001ec0
14904863ns          249190 1c0081ca ff4419e3 bne              x8, x20, -14         x8:10001ec4 x20:10001fd8
14904923ns          249193 1c0081bc 0049a50b p.lw             x10, 4(x19!)        x10=41ff0264 x19=1c010530 x19:1c01052c  PA:1c01052c
14905221ns          249208 1c0081c0 558000ef jal              x1, 1368             x1=1c0081c2
14905241ns          249209 1c008718 e00517d3 fclass.s         x15, f10            x15=00000040 f10:41ff0264
14905261ns          249210 1c00871c 0817f793 andi             x15, x15, 129       x15=00000000 x15:00000040
14905281ns          249211 1c008720 08079b63 bne              x15, x0, 150        x15:00000000
14905301ns          249212 1c008722 00000793 addi             x15, x0, 0          x15=00000000
14905321ns          249213 1c008726 a0f52753 feq.s            x14, f10, f15       x14=00000000 f10:41ff0264 f15:00000000
14905340ns          249214 1c00872a 08071163 bne              x14, x0, 130        x14:00000000
14905360ns          249215 1c00872c a0f507d3 fle.s            x15, f10, f15       x15=00000000 f10:41ff0264 f15:00000000
14905380ns          249216 1c008730 08079863 bne              x15, x0, 144        x15:00000000
14905400ns          249217 1c008732 a0a527d3 feq.s            x15, f10, f10       x15=00000001 f10:41ff0264 f10:41ff0264
14905420ns          249218 1c008736 08078563 beq              x15, x0, 138        x15:00000001
14905440ns          249219 1c008738 d17537b3 p.bclr           x15, x10, 8, 23     x15=007f0264 x10:41ff0264
14905460ns          249220 1c00873c cb87c733 p.bset           x14, x15, 5, 24     x14=3f7f0264 x15:007f0264
14905480ns          249221 1c008740 1c0006b7 lui              x13, 0x1c000000     x13=1c000000
14905500ns          249222 1c008744 1c0007b7 lui              x15, 0x1c000000     x15=1c000000
14905519ns          249223 1c008748 1306a683 lw               x13, 304(x13)       x13=c13c5fa8 x13:1c000000  PA:1c000130
14905858ns          249240 1c00874c 12c7a783 lw               x15, 300(x15)       x15=3ff7d7e5 x15:1c000000  PA:1c00012c
14906156ns          249255 1c008750 41755513 srai             x10, x10, 0x417     x10=00000083 x10:41ff0264
14906176ns          249256 1c008752 68e7f7c3 fmadd.s          f15, f15, f14, f13  f15=xxxxxxxx f15:3ff7d7e5 f14:3f7f0264 f13:c13c5fa8
14906196ns          249257 1c008756 1c0006b7 lui              x13, 0x1c000000     x13=1c000000
14906216ns          249258 1c00875a 1346a683 lw               x13, 308(x13)       x13=41fa6a03 x13:1c000000  PA:1c000134
14906514ns          249273 1c00875e f8250513 addi             x10, x10, -126      x10=00000005 x10:00000083
14906534ns          249274 1c008762 68e7f7c3 fmadd.s          f15, f15, f14, f13  f15=xxxxxxxx f15:c11d835c f14:3f7f0264 f13:41fa6a03
14906554ns          249275 1c008766 1c0006b7 lui              x13, 0x1c000000     x13=1c000000
14906574ns          249276 1c00876a 1386a683 lw               x13, 312(x13)       x13=c23f0e08 x13:1c000000  PA:1c000138
14906872ns          249291 1c00876e d0057553 fcvt.s.w         f10, x10            f10=xxxxxxxx x10:00000005
14906892ns          249292 1c008772 68e7f7c3 fmadd.s          f15, f15, f14, f13  f15=xxxxxxxx f15:41abf65a f14:3f7f0264 f13:c23f0e08
14906912ns          249293 1c008776 1c0006b7 lui              x13, 0x1c000000     x13=1c000000
14906932ns          249294 1c00877a 13c6a683 lw               x13, 316(x13)       x13=42390412 x13:1c000000  PA:1c00013c
14907290ns          249312 1c00877e 68e7f7c3 fmadd.s          f15, f15, f14, f13  f15=xxxxxxxx f15:c1d2d011 f14:3f7f0264 f13:42390412
14907310ns          249313 1c008782 1c0006b7 lui              x13, 0x1c000000     x13=1c000000
14907330ns          249314 1c008786 1406a683 lw               x13, 320(x13)       x13=c1efd21b x13:1c000000  PA:1c000140
14907648ns          249330 1c00878a 68e7f7c3 fmadd.s          f15, f15, f14, f13  f15=xxxxxxxx f15:41a008eb f14:3f7f0264 f13:c1efd21b
14907668ns          249331 1c00878e 1c0006b7 lui              x13, 0x1c000000     x13=1c000000
14907688ns          249332 1c008792 1446a683 lw               x13, 324(x13)       x13=41644a86 x13:1c000000  PA:1c000144
14908006ns          249348 1c008796 68e7f7c3 fmadd.s          f15, f15, f14, f13  f15=xxxxxxxx f15:c120cf75 f14:3f7f0264 f13:41644a86
14908026ns          249349 1c00879a 1c0006b7 lui              x13, 0x1c000000     x13=1c000000
14908046ns          249350 1c00879e 1486a683 lw               x13, 328(x13)       x13=c087dba8 x13:1c000000  PA:1c000148
14908384ns          249367 1c0087a2 68e7f7c3 fmadd.s          f15, f15, f14, f13  f15=xxxxxxxx f15:408834c0 f14:3f7f0264 f13:c087dba8
14908404ns          249368 1c0087a6 00a7f553 fadd.s           f10, f15, f10       f10=xxxxxxxx f15:bbb75c88 f10:40a00000
14908424ns          249369 1c0087aa 00008067 jalr             x0, x1, 0            x1:1c0081c2
14908483ns          249372 1c0081c2 11557553 fmul.s           f10, f10, f21       f10=xxxxxxxx f10:409fd229 f21:3f317218
14908503ns          249373 1c0081c6 00a4222b p.sw             x10, 4(x8!)          x8=10001ec8 x10:405d8f12  x8:10001ec4  PA:10001ec4
14908523ns          249374 1c0081ca ff4419e3 bne              x8, x20, -14         x8:10001ec8 x20:10001fd8
14908583ns          249377 1c0081bc 0049a50b p.lw             x10, 4(x19!)        x10=42488538 x19=1c010534 x19:1c010530  PA:1c010530
14908881ns          249392 1c0081c0 558000ef jal              x1, 1368             x1=1c0081c2
14908901ns          249393 1c008718 e00517d3 fclass.s         x15, f10            x15=00000040 f10:42488538
14908921ns          249394 1c00871c 0817f793 andi             x15, x15, 129       x15=00000000 x15:00000040
14908941ns          249395 1c008720 08079b63 bne              x15, x0, 150        x15:00000000
14908961ns          249396 1c008722 00000793 addi             x15, x0, 0          x15=00000000
14908980ns          249397 1c008726 a0f52753 feq.s            x14, f10, f15       x14=00000000 f10:42488538 f15:00000000
14909000ns          249398 1c00872a 08071163 bne              x14, x0, 130        x14:00000000
14909020ns          249399 1c00872c a0f507d3 fle.s            x15, f10, f15       x15=00000000 f10:42488538 f15:00000000
14909040ns          249400 1c008730 08079863 bne              x15, x0, 144        x15:00000000
14909060ns          249401 1c008732 a0a527d3 feq.s            x15, f10, f10       x15=00000001 f10:42488538 f10:42488538
14909080ns          249402 1c008736 08078563 beq              x15, x0, 138        x15:00000001
14909100ns          249403 1c008738 d17537b3 p.bclr           x15, x10, 8, 23     x15=00488538 x10:42488538
14909120ns          249404 1c00873c cb87c733 p.bset           x14, x15, 5, 24     x14=3f488538 x15:00488538
14909140ns          249405 1c008740 1c0006b7 lui              x13, 0x1c000000     x13=1c000000
14909159ns          249406 1c008744 1c0007b7 lui              x15, 0x1c000000     x15=1c000000
14909179ns          249407 1c008748 1306a683 lw               x13, 304(x13)       x13=c13c5fa8 x13:1c000000  PA:1c000130
14909478ns          249422 1c00874c 12c7a783 lw               x15, 300(x15)       x15=3ff7d7e5 x15:1c000000  PA:1c00012c
14909796ns          249438 1c008750 41755513 srai             x10, x10, 0x417     x10=00000084 x10:42488538
14909816ns          249439 1c008752 68e7f7c3 fmadd.s          f15, f15, f14, f13  f15=xxxxxxxx f15:3ff7d7e5 f14:3f488538 f13:c13c5fa8
14909836ns          249440 1c008756 1c0006b7 lui              x13, 0x1c000000     x13=1c000000
14909856ns          249441 1c00875a 1346a683 lw               x13, 308(x13)       x13=41fa6a03 x13:1c000000  PA:1c000134
14910154ns          249456 1c00875e f8250513 addi             x10, x10, -126      x10=00000006 x10:00000084
14910174ns          249457 1c008762 68e7f7c3 fmadd.s          f15, f15, f14, f13  f15=xxxxxxxx f15:c1241b73 f14:3f488538 f13:41fa6a03
14910194ns          249458 1c008766 1c0006b7 lui              x13, 0x1c000000     x13=1c000000
14910214ns          249459 1c00876a 1386a683 lw               x13, 312(x13)       x13=c23f0e08 x13:1c000000  PA:1c000138
14910512ns          249474 1c00876e d0057553 fcvt.s.w         f10, x10            f10=xxxxxxxx x10:00000006
14910532ns          249475 1c008772 68e7f7c3 fmadd.s          f15, f15, f14, f13  f15=xxxxxxxx f15:41ba2497 f14:3f488538 f13:c23f0e08
14910552ns          249476 1c008776 1c0006b7 lui              x13, 0x1c000000     x13=1c000000
14910572ns          249477 1c00877a 13c6a683 lw               x13, 316(x13)       x13=42390412 x13:1c000000  PA:1c00013c
14910890ns          249493 1c00877e 68e7f7c3 fmadd.s          f15, f15, f14, f13  f15=xxxxxxxx f15:c1ec4e9c f14:3f488538 f13:42390412
14910910ns          249494 1c008782 1c0006b7 lui              x13, 0x1c000000     x13=1c000000
14910930ns          249495 1c008786 1406a683 lw               x13, 320(x13)       x13=c1efd21b x13:1c000000  PA:1c000140
14911248ns          249511 1c00878a 68e7f7c3 fmadd.s          f15, f15, f14, f13  f15=xxxxxxxx f15:41b8efc2 f14:3f488538 f13:c1efd21b
14911268ns          249512 1c00878e 1c0006b7 lui              x13, 0x1c000000     x13=1c000000
14911288ns          249513 1c008792 1446a683 lw               x13, 324(x13)       x13=41644a86 x13:1c000000  PA:1c000144
14911606ns          249529 1c008796 68e7f7c3 fmadd.s          f15, f15, f14, f13  f15=xxxxxxxx f15:c13ded1d f14:3f488538 f13:41644a86
14911626ns          249530 1c00879a 1c0006b7 lui              x13, 0x1c000000     x13=1c000000
14911646ns          249531 1c00879e 1486a683 lw               x13, 328(x13)       x13=c087dba8 x13:1c000000  PA:1c000148
14911984ns          249548 1c0087a2 68e7f7c3 fmadd.s          f15, f15, f14, f13  f15=xxxxxxxx f15:409f0ce3 f14:3f488538 f13:c087dba8
14912004ns          249549 1c0087a6 00a7f553 fadd.s           f10, f15, f10       f10=xxxxxxxx f15:beb46d23 f10:40c00000
14912024ns          249550 1c0087aa 00008067 jalr             x0, x1, 0            x1:1c0081c2
14912083ns          249553 1c0081c2 11557553 fmul.s           f10, f10, f21       f10=xxxxxxxx f10:40b4b92e f21:3f317218
14912103ns          249554 1c0081c6 00a4222b p.sw             x10, 4(x8!)          x8=10001ecc x10:407a8928  x8:10001ec8  PA:10001ec8
14912123ns          249555 1c0081ca ff4419e3 bne              x8, x20, -14         x8:10001ecc x20:10001fd8
14912183ns          249558 1c0081bc 0049a50b p.lw             x10, 4(x19!)        x10=42b799b5 x19=1c010538 x19:1c010534  PA:1c010534
14912501ns          249574 1c0081c0 558000ef jal              x1, 1368             x1=1c0081c2
14912521ns          249575 1c008718 e00517d3 fclass.s         x15, f10            x15=00000040 f10:42b799b5
14912541ns          249576 1c00871c 0817f793 andi             x15, x15, 129       x15=00000000 x15:00000040
14912561ns          249577 1c008720 08079b63 bne              x15, x0, 150        x15:00000000
14912581ns          249578 1c008722 00000793 addi             x15, x0, 0          x15=00000000
14912601ns          249579 1c008726 a0f52753 feq.s            x14, f10, f15       x14=00000000 f10:42b799b5 f15:00000000
14912620ns          249580 1c00872a 08071163 bne              x14, x0, 130        x14:00000000
14912640ns          249581 1c00872c a0f507d3 fle.s            x15, f10, f15       x15=00000000 f10:42b799b5 f15:00000000
14912660ns          249582 1c008730 08079863 bne              x15, x0, 144        x15:00000000
14912680ns          249583 1c008732 a0a527d3 feq.s            x15, f10, f10       x15=00000001 f10:42b799b5 f10:42b799b5
14912700ns          249584 1c008736 08078563 beq              x15, x0, 138        x15:00000001
14912720ns          249585 1c008738 d17537b3 p.bclr           x15, x10, 8, 23     x15=003799b5 x10:42b799b5
14912740ns          249586 1c00873c cb87c733 p.bset           x14, x15, 5, 24     x14=3f3799b5 x15:003799b5
14912760ns          249587 1c008740 1c0006b7 lui              x13, 0x1c000000     x13=1c000000
14912780ns          249588 1c008744 1c0007b7 lui              x15, 0x1c000000     x15=1c000000
14912799ns          249589 1c008748 1306a683 lw               x13, 304(x13)       x13=c13c5fa8 x13:1c000000  PA:1c000130
14913098ns          249604 1c00874c 12c7a783 lw               x15, 300(x15)       x15=3ff7d7e5 x15:1c000000  PA:1c00012c
14913396ns          249619 1c008750 41755513 srai             x10, x10, 0x417     x10=00000085 x10:42b799b5
14913416ns          249620 1c008752 68e7f7c3 fmadd.s          f15, f15, f14, f13  f15=xxxxxxxx f15:3ff7d7e5 f14:3f3799b5 f13:c13c5fa8
14913436ns          249621 1c008756 1c0006b7 lui              x13, 0x1c000000     x13=1c000000
14913456ns          249622 1c00875a 1346a683 lw               x13, 308(x13)       x13=41fa6a03 x13:1c000000  PA:1c000134
14913774ns          249638 1c00875e f8250513 addi             x10, x10, -126      x10=00000007 x10:00000085
14913794ns          249639 1c008762 68e7f7c3 fmadd.s          f15, f15, f14, f13  f15=xxxxxxxx f15:c12627a4 f14:3f3799b5 f13:41fa6a03
14913814ns          249640 1c008766 1c0006b7 lui              x13, 0x1c000000     x13=1c000000
14913834ns          249641 1c00876a 1386a683 lw               x13, 312(x13)       x13=c23f0e08 x13:1c000000  PA:1c000138
14914132ns          249656 1c00876e d0057553 fcvt.s.w         f10, x10            f10=xxxxxxxx x10:00000007
14914152ns          249657 1c008772 68e7f7c3 fmadd.s          f15, f15, f14, f13  f15=xxxxxxxx f15:41bed4f6 f14:3f3799b5 f13:c23f0e08
14914172ns          249658 1c008776 1c0006b7 lui              x13, 0x1c000000     x13=1c000000
14914192ns          249659 1c00877a 13c6a683 lw               x13, 316(x13)       x13=42390412 x13:1c000000  PA:1c00013c
14914510ns          249675 1c00877e 68e7f7c3 fmadd.s          f15, f15, f14, f13  f15=xxxxxxxx f15:c1f53f40 f14:3f3799b5 f13:42390412
14914530ns          249676 1c008782 1c0006b7 lui              x13, 0x1c000000     x13=1c000000
14914550ns          249677 1c008786 1406a683 lw               x13, 320(x13)       x13=c1efd21b x13:1c000000  PA:1c000140
14914868ns          249693 1c00878a 68e7f7c3 fmadd.s          f15, f15, f14, f13  f15=xxxxxxxx f15:41c224ad f14:3f3799b5 f13:c1efd21b
14914888ns          249694 1c00878e 1c0006b7 lui              x13, 0x1c000000     x13=1c000000
14914908ns          249695 1c008792 1446a683 lw               x13, 324(x13)       x13=41644a86 x13:1c000000  PA:1c000144
14915246ns          249712 1c008796 68e7f7c3 fmadd.s          f15, f15, f14, f13  f15=xxxxxxxx f15:c1492aa4 f14:3f3799b5 f13:41644a86
14915266ns          249713 1c00879a 1c0006b7 lui              x13, 0x1c000000     x13=1c000000
14915286ns          249714 1c00879e 1486a683 lw               x13, 328(x13)       x13=c087dba8 x13:1c000000  PA:1c000148
14915604ns          249730 1c0087a2 68e7f7c3 fmadd.s          f15, f15, f14, f13  f15=xxxxxxxx f15:40a80884 f14:3f3799b5 f13:c087dba8
14915624ns          249731 1c0087a6 00a7f553 fadd.s           f10, f15, f10       f10=xxxxxxxx f15:bef58adc f10:40e00000
14915644ns          249732 1c0087aa 00008067 jalr             x0, x1, 0            x1:1c0081c2
14915704ns          249735 1c0081c2 11557553 fmul.s           f10, f10, f21       f10=xxxxxxxx f10:40d0a752 f21:3f317218
14915723ns          249736 1c0081c6 00a4222b p.sw             x10, 4(x8!)          x8=10001ed0 x10:4090a0ae  x8:10001ecc  PA:10001ecc
14915743ns          249737 1c0081ca ff4419e3 bne              x8, x20, -14         x8:10001ed0 x20:10001fd8
14915803ns          249740 1c0081bc 0049a50b p.lw             x10, 4(x19!)        x10=4230b1a3 x19=1c01053c x19:1c010538  PA:1c010538
14916101ns          249755 1c0081c0 558000ef jal              x1, 1368             x1=1c0081c2
14916121ns          249756 1c008718 e00517d3 fclass.s         x15, f10            x15=00000040 f10:4230b1a3
14916141ns          249757 1c00871c 0817f793 andi             x15, x15, 129       x15=00000000 x15:00000040
14916161ns          249758 1c008720 08079b63 bne              x15, x0, 150        x15:00000000
14916181ns          249759 1c008722 00000793 addi             x15, x0, 0          x15=00000000
14916201ns          249760 1c008726 a0f52753 feq.s            x14, f10, f15       x14=00000000 f10:4230b1a3 f15:00000000
14916221ns          249761 1c00872a 08071163 bne              x14, x0, 130        x14:00000000
14916241ns          249762 1c00872c a0f507d3 fle.s            x15, f10, f15       x15=00000000 f10:4230b1a3 f15:00000000
14916260ns          249763 1c008730 08079863 bne              x15, x0, 144        x15:00000000
14916280ns          249764 1c008732 a0a527d3 feq.s            x15, f10, f10       x15=00000001 f10:4230b1a3 f10:4230b1a3
14916300ns          249765 1c008736 08078563 beq              x15, x0, 138        x15:00000001
14916320ns          249766 1c008738 d17537b3 p.bclr           x15, x10, 8, 23     x15=0030b1a3 x10:4230b1a3
14916340ns          249767 1c00873c cb87c733 p.bset           x14, x15, 5, 24     x14=3f30b1a3 x15:0030b1a3
14916360ns          249768 1c008740 1c0006b7 lui              x13, 0x1c000000     x13=1c000000
14916380ns          249769 1c008744 1c0007b7 lui              x15, 0x1c000000     x15=1c000000
14916400ns          249770 1c008748 1306a683 lw               x13, 304(x13)       x13=c13c5fa8 x13:1c000000  PA:1c000130
14916698ns          249785 1c00874c 12c7a783 lw               x15, 300(x15)       x15=3ff7d7e5 x15:1c000000  PA:1c00012c
14916996ns          249800 1c008750 41755513 srai             x10, x10, 0x417     x10=00000084 x10:4230b1a3
14917016ns          249801 1c008752 68e7f7c3 fmadd.s          f15, f15, f14, f13  f15=xxxxxxxx f15:3ff7d7e5 f14:3f30b1a3 f13:c13c5fa8
14917036ns          249802 1c008756 1c0006b7 lui              x13, 0x1c000000     x13=1c000000
14917056ns          249803 1c00875a 1346a683 lw               x13, 308(x13)       x13=41fa6a03 x13:1c000000  PA:1c000134
14917354ns          249818 1c00875e f8250513 addi             x10, x10, -126      x10=00000006 x10:00000084
14917374ns          249819 1c008762 68e7f7c3 fmadd.s          f15, f15, f14, f13  f15=xxxxxxxx f15:c126fd9b f14:3f30b1a3 f13:41fa6a03
14917394ns          249820 1c008766 1c0006b7 lui              x13, 0x1c000000     x13=1c000000
14917414ns          249821 1c00876a 1386a683 lw               x13, 312(x13)       x13=c23f0e08 x13:1c000000  PA:1c000138
14917713ns          249836 1c00876e d0057553 fcvt.s.w         f10, x10            f10=xxxxxxxx x10:00000006
14917732ns          249837 1c008772 68e7f7c3 fmadd.s          f15, f15, f14, f13  f15=xxxxxxxx f15:41c0c8e6 f14:3f30b1a3 f13:c23f0e08
14917752ns          249838 1c008776 1c0006b7 lui              x13, 0x1c000000     x13=1c000000
14917772ns          249839 1c00877a 13c6a683 lw               x13, 316(x13)       x13=42390412 x13:1c000000  PA:1c00013c
14918090ns          249855 1c00877e 68e7f7c3 fmadd.s          f15, f15, f14, f13  f15=xxxxxxxx f15:c1f90c2c f14:3f30b1a3 f13:42390412
14918110ns          249856 1c008782 1c0006b7 lui              x13, 0x1c000000     x13=1c000000
14918130ns          249857 1c008786 1406a683 lw               x13, 320(x13)       x13=c1efd21b x13:1c000000  PA:1c000140
14918448ns          249873 1c00878a 68e7f7c3 fmadd.s          f15, f15, f14, f13  f15=xxxxxxxx f15:41c622f6 f14:3f30b1a3 f13:c1efd21b
14918468ns          249874 1c00878e 1c0006b7 lui              x13, 0x1c000000     x13=1c000000
14918488ns          249875 1c008792 1446a683 lw               x13, 324(x13)       x13=41644a86 x13:1c000000  PA:1c000144
14918807ns          249891 1c008796 68e7f7c3 fmadd.s          f15, f15, f14, f13  f15=xxxxxxxx f15:c14e212b f14:3f30b1a3 f13:41644a86
14918826ns          249892 1c00879a 1c0006b7 lui              x13, 0x1c000000     x13=1c000000
14918846ns          249893 1c00879e 1486a683 lw               x13, 328(x13)       x13=c087dba8 x13:1c000000  PA:1c000148
14919184ns          249910 1c0087a2 68e7f7c3 fmadd.s          f15, f15, f14, f13  f15=xxxxxxxx f15:40ac0961 f14:3f30b1a3 f13:c087dba8
14919204ns          249911 1c0087a6 00a7f553 fadd.s           f10, f15, f10       f10=xxxxxxxx f15:bf08eeaa f10:40c00000
14919224ns          249912 1c0087aa 00008067 jalr             x0, x1, 0            x1:1c0081c2
14919284ns          249915 1c0081c2 11557553 fmul.s           f10, f10, f21       f10=xxxxxxxx f10:40aee22b f21:3f317218
14919304ns          249916 1c0081c6 00a4222b p.sw             x10, 4(x8!)          x8=10001ed4 x10:407270a2  x8:10001ed0  PA:10001ed0
14919324ns          249917 1c0081ca ff4419e3 bne              x8, x20, -14         x8:10001ed4 x20:10001fd8
14919383ns          249920 1c0081bc 0049a50b p.lw             x10, 4(x19!)        x10=413220ae x19=1c010540 x19:1c01053c  PA:1c01053c
14919682ns          249935 1c0081c0 558000ef jal              x1, 1368             x1=1c0081c2
14919702ns          249936 1c008718 e00517d3 fclass.s         x15, f10            x15=00000040 f10:413220ae
14919721ns          249937 1c00871c 0817f793 andi             x15, x15, 129       x15=00000000 x15:00000040
14919741ns          249938 1c008720 08079b63 bne              x15, x0, 150        x15:00000000
14919761ns          249939 1c008722 00000793 addi             x15, x0, 0          x15=00000000
14919781ns          249940 1c008726 a0f52753 feq.s            x14, f10, f15       x14=00000000 f10:413220ae f15:00000000
14919801ns          249941 1c00872a 08071163 bne              x14, x0, 130        x14:00000000
14919821ns          249942 1c00872c a0f507d3 fle.s            x15, f10, f15       x15=00000000 f10:413220ae f15:00000000
14919841ns          249943 1c008730 08079863 bne              x15, x0, 144        x15:00000000
14919861ns          249944 1c008732 a0a527d3 feq.s            x15, f10, f10       x15=00000001 f10:413220ae f10:413220ae
14919881ns          249945 1c008736 08078563 beq              x15, x0, 138        x15:00000001
14919900ns          249946 1c008738 d17537b3 p.bclr           x15, x10, 8, 23     x15=003220ae x10:413220ae
14919920ns          249947 1c00873c cb87c733 p.bset           x14, x15, 5, 24     x14=3f3220ae x15:003220ae
14919940ns          249948 1c008740 1c0006b7 lui              x13, 0x1c000000     x13=1c000000
14919960ns          249949 1c008744 1c0007b7 lui              x15, 0x1c000000     x15=1c000000
14919980ns          249950 1c008748 1306a683 lw               x13, 304(x13)       x13=c13c5fa8 x13:1c000000  PA:1c000130
14920278ns          249965 1c00874c 12c7a783 lw               x15, 300(x15)       x15=3ff7d7e5 x15:1c000000  PA:1c00012c
14920577ns          249980 1c008750 41755513 srai             x10, x10, 0x417     x10=00000082 x10:413220ae
14920597ns          249981 1c008752 68e7f7c3 fmadd.s          f15, f15, f14, f13  f15=xxxxxxxx f15:3ff7d7e5 f14:3f3220ae f13:c13c5fa8
14920617ns          249982 1c008756 1c0006b7 lui              x13, 0x1c000000     x13=1c000000
14920636ns          249983 1c00875a 1346a683 lw               x13, 308(x13)       x13=41fa6a03 x13:1c000000  PA:1c000134
14920935ns          249998 1c00875e f8250513 addi             x10, x10, -126      x10=00000004 x10:00000082
14920955ns          249999 1c008762 68e7f7c3 fmadd.s          f15, f15, f14, f13  f15=xxxxxxxx f15:c126d130 f14:3f3220ae f13:41fa6a03
14920975ns          250000 1c008766 1c0006b7 lui              x13, 0x1c000000     x13=1c000000
14920994ns          250001 1c00876a 1386a683 lw               x13, 312(x13)       x13=c23f0e08 x13:1c000000  PA:1c000138
14921333ns          250018 1c00876e d0057553 fcvt.s.w         f10, x10            f10=xxxxxxxx x10:00000004
14921353ns          250019 1c008772 68e7f7c3 fmadd.s          f15, f15, f14, f13  f15=xxxxxxxx f15:41c060a4 f14:3f3220ae f13:c23f0e08
14921372ns          250020 1c008776 1c0006b7 lui              x13, 0x1c000000     x13=1c000000
14921392ns          250021 1c00877a 13c6a683 lw               x13, 316(x13)       x13=42390412 x13:1c000000  PA:1c00013c
14921711ns          250037 1c00877e 68e7f7c3 fmadd.s          f15, f15, f14, f13  f15=xxxxxxxx f15:c1f8404f f14:3f3220ae f13:42390412
14921730ns          250038 1c008782 1c0006b7 lui              x13, 0x1c000000     x13=1c000000
14921750ns          250039 1c008786 1406a683 lw               x13, 320(x13)       x13=c1efd21b x13:1c000000  PA:1c000140
14922069ns          250055 1c00878a 68e7f7c3 fmadd.s          f15, f15, f14, f13  f15=xxxxxxxx f15:41c54bbc f14:3f3220ae f13:c1efd21b
14922088ns          250056 1c00878e 1c0006b7 lui              x13, 0x1c000000     x13=1c000000
14922108ns          250057 1c008792 1446a683 lw               x13, 324(x13)       x13=41644a86 x13:1c000000  PA:1c000144
14922427ns          250073 1c008796 68e7f7c3 fmadd.s          f15, f15, f14, f13  f15=xxxxxxxx f15:c14d1485 f14:3f3220ae f13:41644a86
14922447ns          250074 1c00879a 1c0006b7 lui              x13, 0x1c000000     x13=1c000000
14922466ns          250075 1c00879e 1486a683 lw               x13, 328(x13)       x13=c087dba8 x13:1c000000  PA:1c000148
14922785ns          250091 1c0087a2 68e7f7c3 fmadd.s          f15, f15, f14, f13  f15=xxxxxxxx f15:40ab3027 f14:3f3220ae f13:c087dba8
14922805ns          250092 1c0087a6 00a7f553 fadd.s           f10, f15, f10       f10=xxxxxxxx f15:bf05f294 f10:40800000
14922824ns          250093 1c0087aa 00008067 jalr             x0, x1, 0            x1:1c0081c2
14922884ns          250096 1c0081c2 11557553 fmul.s           f10, f10, f21       f10=xxxxxxxx f10:405e835b f21:3f317218
14922904ns          250097 1c0081c6 00a4222b p.sw             x10, 4(x8!)          x8=10001ed8 x10:401a3bfd  x8:10001ed4  PA:10001ed4
14922924ns          250098 1c0081ca ff4419e3 bne              x8, x20, -14         x8:10001ed8 x20:10001fd8
14922984ns          250101 1c0081bc 0049a50b p.lw             x10, 4(x19!)        x10=42b46af9 x19=1c010544 x19:1c010540  PA:1c010540
14923282ns          250116 1c0081c0 558000ef jal              x1, 1368             x1=1c0081c2
14923302ns          250117 1c008718 e00517d3 fclass.s         x15, f10            x15=00000040 f10:42b46af9
14923322ns          250118 1c00871c 0817f793 andi             x15, x15, 129       x15=00000000 x15:00000040
14923342ns          250119 1c008720 08079b63 bne              x15, x0, 150        x15:00000000
14923361ns          250120 1c008722 00000793 addi             x15, x0, 0          x15=00000000
14923381ns          250121 1c008726 a0f52753 feq.s            x14, f10, f15       x14=00000000 f10:42b46af9 f15:00000000
14923401ns          250122 1c00872a 08071163 bne              x14, x0, 130        x14:00000000
14923421ns          250123 1c00872c a0f507d3 fle.s            x15, f10, f15       x15=00000000 f10:42b46af9 f15:00000000
14923441ns          250124 1c008730 08079863 bne              x15, x0, 144        x15:00000000
14923461ns          250125 1c008732 a0a527d3 feq.s            x15, f10, f10       x15=00000001 f10:42b46af9 f10:42b46af9
14923481ns          250126 1c008736 08078563 beq              x15, x0, 138        x15:00000001
14923501ns          250127 1c008738 d17537b3 p.bclr           x15, x10, 8, 23     x15=00346af9 x10:42b46af9
14923521ns          250128 1c00873c cb87c733 p.bset           x14, x15, 5, 24     x14=3f346af9 x15:00346af9
14923541ns          250129 1c008740 1c0006b7 lui              x13, 0x1c000000     x13=1c000000
14923560ns          250130 1c008744 1c0007b7 lui              x15, 0x1c000000     x15=1c000000
14923580ns          250131 1c008748 1306a683 lw               x13, 304(x13)       x13=c13c5fa8 x13:1c000000  PA:1c000130
14923879ns          250146 1c00874c 12c7a783 lw               x15, 300(x15)       x15=3ff7d7e5 x15:1c000000  PA:1c00012c
14924177ns          250161 1c008750 41755513 srai             x10, x10, 0x417     x10=00000085 x10:42b46af9
14924197ns          250162 1c008752 68e7f7c3 fmadd.s          f15, f15, f14, f13  f15=xxxxxxxx f15:3ff7d7e5 f14:3f346af9 f13:c13c5fa8
14924217ns          250163 1c008756 1c0006b7 lui              x13, 0x1c000000     x13=1c000000
14924237ns          250164 1c00875a 1346a683 lw               x13, 308(x13)       x13=41fa6a03 x13:1c000000  PA:1c000134
14924535ns          250179 1c00875e f8250513 addi             x10, x10, -126      x10=00000007 x10:00000085
14924555ns          250180 1c008762 68e7f7c3 fmadd.s          f15, f15, f14, f13  f15=xxxxxxxx f15:c1268a3c f14:3f346af9 f13:41fa6a03
14924575ns          250181 1c008766 1c0006b7 lui              x13, 0x1c000000     x13=1c000000
14924595ns          250182 1c00876a 1386a683 lw               x13, 312(x13)       x13=c23f0e08 x13:1c000000  PA:1c000138
14924893ns          250197 1c00876e d0057553 fcvt.s.w         f10, x10            f10=xxxxxxxx x10:00000007
14924913ns          250198 1c008772 68e7f7c3 fmadd.s          f15, f15, f14, f13  f15=xxxxxxxx f15:41bfba9e f14:3f346af9 f13:c23f0e08
14924933ns          250199 1c008776 1c0006b7 lui              x13, 0x1c000000     x13=1c000000
14924953ns          250200 1c00877a 13c6a683 lw               x13, 316(x13)       x13=42390412 x13:1c000000  PA:1c00013c
14925271ns          250216 1c00877e 68e7f7c3 fmadd.s          f15, f15, f14, f13  f15=xxxxxxxx f15:c1f6fcbb f14:3f346af9 f13:42390412
14925291ns          250217 1c008782 1c0006b7 lui              x13, 0x1c000000     x13=1c000000
14925311ns          250218 1c008786 1406a683 lw               x13, 320(x13)       x13=c1efd21b x13:1c000000  PA:1c000140
14925629ns          250234 1c00878a 68e7f7c3 fmadd.s          f15, f15, f14, f13  f15=xxxxxxxx f15:41c3f73c f14:3f346af9 f13:c1efd21b
14925649ns          250235 1c00878e 1c0006b7 lui              x13, 0x1c000000     x13=1c000000
14925669ns          250236 1c008792 1446a683 lw               x13, 324(x13)       x13=41644a86 x13:1c000000  PA:1c000144
14926047ns          250255 1c008796 68e7f7c3 fmadd.s          f15, f15, f14, f13  f15=xxxxxxxx f15:c14b6cc4 f14:3f346af9 f13:41644a86
14926067ns          250256 1c00879a 1c0006b7 lui              x13, 0x1c000000     x13=1c000000
14926087ns          250257 1c00879e 1486a683 lw               x13, 328(x13)       x13=c087dba8 x13:1c000000  PA:1c000148
14926405ns          250273 1c0087a2 68e7f7c3 fmadd.s          f15, f15, f14, f13  f15=xxxxxxxx f15:40a9da17 f14:3f346af9 f13:c087dba8
14926425ns          250274 1c0087a6 00a7f553 fadd.s           f10, f15, f10       f10=xxxxxxxx f15:bf013ab3 f10:40e00000
14926445ns          250275 1c0087aa 00008067 jalr             x0, x1, 0            x1:1c0081c2
14926504ns          250278 1c0081c2 11557553 fmul.s           f10, f10, f21       f10=xxxxxxxx f10:40cfd8aa f21:3f317218
14926524ns          250279 1c0081c6 00a4222b p.sw             x10, 4(x8!)          x8=10001edc x10:40901170  x8:10001ed8  PA:10001ed8
14926544ns          250280 1c0081ca ff4419e3 bne              x8, x20, -14         x8:10001edc x20:10001fd8
14926604ns          250283 1c0081bc 0049a50b p.lw             x10, 4(x19!)        x10=42b15964 x19=1c010548 x19:1c010544  PA:1c010544
14926902ns          250298 1c0081c0 558000ef jal              x1, 1368             x1=1c0081c2
14926922ns          250299 1c008718 e00517d3 fclass.s         x15, f10            x15=00000040 f10:42b15964
14926942ns          250300 1c00871c 0817f793 andi             x15, x15, 129       x15=00000000 x15:00000040
14926962ns          250301 1c008720 08079b63 bne              x15, x0, 150        x15:00000000
14926982ns          250302 1c008722 00000793 addi             x15, x0, 0          x15=00000000
14927001ns          250303 1c008726 a0f52753 feq.s            x14, f10, f15       x14=00000000 f10:42b15964 f15:00000000
14927021ns          250304 1c00872a 08071163 bne              x14, x0, 130        x14:00000000
14927041ns          250305 1c00872c a0f507d3 fle.s            x15, f10, f15       x15=00000000 f10:42b15964 f15:00000000
14927061ns          250306 1c008730 08079863 bne              x15, x0, 144        x15:00000000
14927081ns          250307 1c008732 a0a527d3 feq.s            x15, f10, f10       x15=00000001 f10:42b15964 f10:42b15964
14927101ns          250308 1c008736 08078563 beq              x15, x0, 138        x15:00000001
14927121ns          250309 1c008738 d17537b3 p.bclr           x15, x10, 8, 23     x15=00315964 x10:42b15964
14927141ns          250310 1c00873c cb87c733 p.bset           x14, x15, 5, 24     x14=3f315964 x15:00315964
14927161ns          250311 1c008740 1c0006b7 lui              x13, 0x1c000000     x13=1c000000
14927181ns          250312 1c008744 1c0007b7 lui              x15, 0x1c000000     x15=1c000000
14927200ns          250313 1c008748 1306a683 lw               x13, 304(x13)       x13=c13c5fa8 x13:1c000000  PA:1c000130
14927499ns          250328 1c00874c 12c7a783 lw               x15, 300(x15)       x15=3ff7d7e5 x15:1c000000  PA:1c00012c
14927797ns          250343 1c008750 41755513 srai             x10, x10, 0x417     x10=00000085 x10:42b15964
14927817ns          250344 1c008752 68e7f7c3 fmadd.s          f15, f15, f14, f13  f15=xxxxxxxx f15:3ff7d7e5 f14:3f315964 f13:c13c5fa8
14927837ns          250345 1c008756 1c0006b7 lui              x13, 0x1c000000     x13=1c000000
14927857ns          250346 1c00875a 1346a683 lw               x13, 308(x13)       x13=41fa6a03 x13:1c000000  PA:1c000134
14928155ns          250361 1c00875e f8250513 addi             x10, x10, -126      x10=00000007 x10:00000085
14928175ns          250362 1c008762 68e7f7c3 fmadd.s          f15, f15, f14, f13  f15=xxxxxxxx f15:c126e94e f14:3f315964 f13:41fa6a03
14928195ns          250363 1c008766 1c0006b7 lui              x13, 0x1c000000     x13=1c000000
14928215ns          250364 1c00876a 1386a683 lw               x13, 312(x13)       x13=c23f0e08 x13:1c000000  PA:1c000138
14928553ns          250381 1c00876e d0057553 fcvt.s.w         f10, x10            f10=xxxxxxxx x10:00000007
14928573ns          250382 1c008772 68e7f7c3 fmadd.s          f15, f15, f14, f13  f15=xxxxxxxx f15:41c09937 f14:3f315964 f13:c23f0e08
14928593ns          250383 1c008776 1c0006b7 lui              x13, 0x1c000000     x13=1c000000
14928613ns          250384 1c00877a 13c6a683 lw               x13, 316(x13)       x13=42390412 x13:1c000000  PA:1c00013c
14928931ns          250400 1c00877e 68e7f7c3 fmadd.s          f15, f15, f14, f13  f15=xxxxxxxx f15:c1f8aee0 f14:3f315964 f13:42390412
14928951ns          250401 1c008782 1c0006b7 lui              x13, 0x1c000000     x13=1c000000
14928971ns          250402 1c008786 1406a683 lw               x13, 320(x13)       x13=c1efd21b x13:1c000000  PA:1c000140
14929289ns          250418 1c00878a 68e7f7c3 fmadd.s          f15, f15, f14, f13  f15=xxxxxxxx f15:41c5c065 f14:3f315964 f13:c1efd21b
14929309ns          250419 1c00878e 1c0006b7 lui              x13, 0x1c000000     x13=1c000000
14929329ns          250420 1c008792 1446a683 lw               x13, 324(x13)       x13=41644a86 x13:1c000000  PA:1c000144
14929667ns          250437 1c008796 68e7f7c3 fmadd.s          f15, f15, f14, f13  f15=xxxxxxxx f15:c14da610 f14:3f315964 f13:41644a86
14929687ns          250438 1c00879a 1c0006b7 lui              x13, 0x1c000000     x13=1c000000
14929707ns          250439 1c00879e 1486a683 lw               x13, 328(x13)       x13=c087dba8 x13:1c000000  PA:1c000148
14930025ns          250455 1c0087a2 68e7f7c3 fmadd.s          f15, f15, f14, f13  f15=xxxxxxxx f15:40aba5cc f14:3f315964 f13:c087dba8
14930045ns          250456 1c0087a6 00a7f553 fadd.s           f10, f15, f10       f10=xxxxxxxx f15:bf0790b2 f10:40e00000
14930065ns          250457 1c0087aa 00008067 jalr             x0, x1, 0            x1:1c0081c2
14930124ns          250460 1c0081c2 11557553 fmul.s           f10, f10, f21       f10=xxxxxxxx f10:40cf0dea f21:3f317218
14930144ns          250461 1c0081c6 00a4222b p.sw             x10, 4(x8!)          x8=10001ee0 x10:408f84e6  x8:10001edc  PA:10001edc
14930164ns          250462 1c0081ca ff4419e3 bne              x8, x20, -14         x8:10001ee0 x20:10001fd8
14930224ns          250465 1c0081bc 0049a50b p.lw             x10, 4(x19!)        x10=42741d5a x19=1c01054c x19:1c010548  PA:1c010548
14930522ns          250480 1c0081c0 558000ef jal              x1, 1368             x1=1c0081c2
14930542ns          250481 1c008718 e00517d3 fclass.s         x15, f10            x15=00000040 f10:42741d5a
14930562ns          250482 1c00871c 0817f793 andi             x15, x15, 129       x15=00000000 x15:00000040
14930582ns          250483 1c008720 08079b63 bne              x15, x0, 150        x15:00000000
14930602ns          250484 1c008722 00000793 addi             x15, x0, 0          x15=00000000
14930622ns          250485 1c008726 a0f52753 feq.s            x14, f10, f15       x14=00000000 f10:42741d5a f15:00000000
14930642ns          250486 1c00872a 08071163 bne              x14, x0, 130        x14:00000000
14930661ns          250487 1c00872c a0f507d3 fle.s            x15, f10, f15       x15=00000000 f10:42741d5a f15:00000000
14930681ns          250488 1c008730 08079863 bne              x15, x0, 144        x15:00000000
14930701ns          250489 1c008732 a0a527d3 feq.s            x15, f10, f10       x15=00000001 f10:42741d5a f10:42741d5a
14930721ns          250490 1c008736 08078563 beq              x15, x0, 138        x15:00000001
14930741ns          250491 1c008738 d17537b3 p.bclr           x15, x10, 8, 23     x15=00741d5a x10:42741d5a
14930761ns          250492 1c00873c cb87c733 p.bset           x14, x15, 5, 24     x14=3f741d5a x15:00741d5a
14930781ns          250493 1c008740 1c0006b7 lui              x13, 0x1c000000     x13=1c000000
14930801ns          250494 1c008744 1c0007b7 lui              x15, 0x1c000000     x15=1c000000
14930821ns          250495 1c008748 1306a683 lw               x13, 304(x13)       x13=c13c5fa8 x13:1c000000  PA:1c000130
14931139ns          250511 1c00874c 12c7a783 lw               x15, 300(x15)       x15=3ff7d7e5 x15:1c000000  PA:1c00012c
14931437ns          250526 1c008750 41755513 srai             x10, x10, 0x417     x10=00000084 x10:42741d5a
14931457ns          250527 1c008752 68e7f7c3 fmadd.s          f15, f15, f14, f13  f15=xxxxxxxx f15:3ff7d7e5 f14:3f741d5a f13:c13c5fa8
14931477ns          250528 1c008756 1c0006b7 lui              x13, 0x1c000000     x13=1c000000
14931497ns          250529 1c00875a 1346a683 lw               x13, 308(x13)       x13=41fa6a03 x13:1c000000  PA:1c000134
14931795ns          250544 1c00875e f8250513 addi             x10, x10, -126      x10=00000006 x10:00000084
14931815ns          250545 1c008762 68e7f7c3 fmadd.s          f15, f15, f14, f13  f15=xxxxxxxx f15:c11ed4e2 f14:3f741d5a f13:41fa6a03
14931835ns          250546 1c008766 1c0006b7 lui              x13, 0x1c000000     x13=1c000000
14931855ns          250547 1c00876a 1386a683 lw               x13, 312(x13)       x13=c23f0e08 x13:1c000000  PA:1c000138
14932153ns          250562 1c00876e d0057553 fcvt.s.w         f10, x10            f10=xxxxxxxx x10:00000006
14932173ns          250563 1c008772 68e7f7c3 fmadd.s          f15, f15, f14, f13  f15=xxxxxxxx f15:41aeaf74 f14:3f741d5a f13:c23f0e08
14932193ns          250564 1c008776 1c0006b7 lui              x13, 0x1c000000     x13=1c000000
14932213ns          250565 1c00877a 13c6a683 lw               x13, 316(x13)       x13=42390412 x13:1c000000  PA:1c00013c
14932551ns          250582 1c00877e 68e7f7c3 fmadd.s          f15, f15, f14, f13  f15=xxxxxxxx f15:c1d788ce f14:3f741d5a f13:42390412
14932571ns          250583 1c008782 1c0006b7 lui              x13, 0x1c000000     x13=1c000000
14932591ns          250584 1c008786 1406a683 lw               x13, 320(x13)       x13=c1efd21b x13:1c000000  PA:1c000140
14932909ns          250600 1c00878a 68e7f7c3 fmadd.s          f15, f15, f14, f13  f15=xxxxxxxx f15:41a48109 f14:3f741d5a f13:c1efd21b
14932929ns          250601 1c00878e 1c0006b7 lui              x13, 0x1c000000     x13=1c000000
14932949ns          250602 1c008792 1446a683 lw               x13, 324(x13)       x13=41644a86 x13:1c000000  PA:1c000144
14933267ns          250618 1c008796 68e7f7c3 fmadd.s          f15, f15, f14, f13  f15=xxxxxxxx f15:c125e884 f14:3f741d5a f13:41644a86
14933287ns          250619 1c00879a 1c0006b7 lui              x13, 0x1c000000     x13=1c000000
14933307ns          250620 1c00879e 1486a683 lw               x13, 328(x13)       x13=c087dba8 x13:1c000000  PA:1c000148
14933625ns          250636 1c0087a2 68e7f7c3 fmadd.s          f15, f15, f14, f13  f15=xxxxxxxx f15:408c2bc5 f14:3f741d5a f13:c087dba8
14933645ns          250637 1c0087a6 00a7f553 fadd.s           f10, f15, f10       f10=xxxxxxxx f15:bd8c7780 f10:40c00000
14933665ns          250638 1c0087aa 00008067 jalr             x0, x1, 0            x1:1c0081c2
14933725ns          250641 1c0081c2 11557553 fmul.s           f10, f10, f21       f10=xxxxxxxx f10:40bdce22 f21:3f317218
14933744ns          250642 1c0081c6 00a4222b p.sw             x10, 4(x8!)          x8=10001ee4 x10:4083901d  x8:10001ee0  PA:10001ee0
14933764ns          250643 1c0081ca ff4419e3 bne              x8, x20, -14         x8:10001ee4 x20:10001fd8
14933824ns          250646 1c0081bc 0049a50b p.lw             x10, 4(x19!)        x10=41fc843e x19=1c010550 x19:1c01054c  PA:1c01054c
14934122ns          250661 1c0081c0 558000ef jal              x1, 1368             x1=1c0081c2
14934142ns          250662 1c008718 e00517d3 fclass.s         x15, f10            x15=00000040 f10:41fc843e
14934162ns          250663 1c00871c 0817f793 andi             x15, x15, 129       x15=00000000 x15:00000040
14934182ns          250664 1c008720 08079b63 bne              x15, x0, 150        x15:00000000
14934202ns          250665 1c008722 00000793 addi             x15, x0, 0          x15=00000000
14934222ns          250666 1c008726 a0f52753 feq.s            x14, f10, f15       x14=00000000 f10:41fc843e f15:00000000
14934242ns          250667 1c00872a 08071163 bne              x14, x0, 130        x14:00000000
14934262ns          250668 1c00872c a0f507d3 fle.s            x15, f10, f15       x15=00000000 f10:41fc843e f15:00000000
14934282ns          250669 1c008730 08079863 bne              x15, x0, 144        x15:00000000
14934301ns          250670 1c008732 a0a527d3 feq.s            x15, f10, f10       x15=00000001 f10:41fc843e f10:41fc843e
14934321ns          250671 1c008736 08078563 beq              x15, x0, 138        x15:00000001
14934341ns          250672 1c008738 d17537b3 p.bclr           x15, x10, 8, 23     x15=007c843e x10:41fc843e
14934361ns          250673 1c00873c cb87c733 p.bset           x14, x15, 5, 24     x14=3f7c843e x15:007c843e
14934381ns          250674 1c008740 1c0006b7 lui              x13, 0x1c000000     x13=1c000000
14934401ns          250675 1c008744 1c0007b7 lui              x15, 0x1c000000     x15=1c000000
14934421ns          250676 1c008748 1306a683 lw               x13, 304(x13)       x13=c13c5fa8 x13:1c000000  PA:1c000130
14934719ns          250691 1c00874c 12c7a783 lw               x15, 300(x15)       x15=3ff7d7e5 x15:1c000000  PA:1c00012c
14935017ns          250706 1c008750 41755513 srai             x10, x10, 0x417     x10=00000083 x10:41fc843e
14935037ns          250707 1c008752 68e7f7c3 fmadd.s          f15, f15, f14, f13  f15=xxxxxxxx f15:3ff7d7e5 f14:3f7c843e f13:c13c5fa8
14935057ns          250708 1c008756 1c0006b7 lui              x13, 0x1c000000     x13=1c000000
14935077ns          250709 1c00875a 1346a683 lw               x13, 308(x13)       x13=41fa6a03 x13:1c000000  PA:1c000134
14935376ns          250724 1c00875e f8250513 addi             x10, x10, -126      x10=00000005 x10:00000083
14935395ns          250725 1c008762 68e7f7c3 fmadd.s          f15, f15, f14, f13  f15=xxxxxxxx f15:c11dd096 f14:3f7c843e f13:41fa6a03
14935415ns          250726 1c008766 1c0006b7 lui              x13, 0x1c000000     x13=1c000000
14935435ns          250727 1c00876a 1386a683 lw               x13, 312(x13)       x13=c23f0e08 x13:1c000000  PA:1c000138
14935734ns          250742 1c00876e d0057553 fcvt.s.w         f10, x10            f10=xxxxxxxx x10:00000005
14935753ns          250743 1c008772 68e7f7c3 fmadd.s          f15, f15, f14, f13  f15=xxxxxxxx f15:41ac9496 f14:3f7c843e f13:c23f0e08
14935773ns          250744 1c008776 1c0006b7 lui              x13, 0x1c000000     x13=1c000000
14935793ns          250745 1c00877a 13c6a683 lw               x13, 316(x13)       x13=42390412 x13:1c000000  PA:1c00013c
14936111ns          250761 1c00877e 68e7f7c3 fmadd.s          f15, f15, f14, f13  f15=xxxxxxxx f15:c1d3e0a6 f14:3f7c843e f13:42390412
14936131ns          250762 1c008782 1c0006b7 lui              x13, 0x1c000000     x13=1c000000
14936151ns          250763 1c008786 1406a683 lw               x13, 320(x13)       x13=c1efd21b x13:1c000000  PA:1c000140
14936489ns          250780 1c00878a 68e7f7c3 fmadd.s          f15, f15, f14, f13  f15=xxxxxxxx f15:41a1098d f14:3f7c843e f13:c1efd21b
14936509ns          250781 1c00878e 1c0006b7 lui              x13, 0x1c000000     x13=1c000000
14936529ns          250782 1c008792 1446a683 lw               x13, 324(x13)       x13=41644a86 x13:1c000000  PA:1c000144
14936847ns          250798 1c008796 68e7f7c3 fmadd.s          f15, f15, f14, f13  f15=xxxxxxxx f15:c121f309 f14:3f7c843e f13:41644a86
14936867ns          250799 1c00879a 1c0006b7 lui              x13, 0x1c000000     x13=1c000000
14936887ns          250800 1c00879e 1486a683 lw               x13, 328(x13)       x13=c087dba8 x13:1c000000  PA:1c000148
14937205ns          250816 1c0087a2 68e7f7c3 fmadd.s          f15, f15, f14, f13  f15=xxxxxxxx f15:40891741 f14:3f7c843e f13:c087dba8
14937225ns          250817 1c0087a6 00a7f553 fadd.s           f10, f15, f10       f10=xxxxxxxx f15:bca1f2d3 f10:40a00000
14937245ns          250818 1c0087aa 00008067 jalr             x0, x1, 0            x1:1c0081c2
14937305ns          250821 1c0081c2 11557553 fmul.s           f10, f10, f21       f10=xxxxxxxx f10:409f5e0d f21:3f317218
14937325ns          250822 1c0081c6 00a4222b p.sw             x10, 4(x8!)          x8=10001ee8 x10:405cee1c  x8:10001ee4  PA:10001ee4
14937345ns          250823 1c0081ca ff4419e3 bne              x8, x20, -14         x8:10001ee8 x20:10001fd8
14937404ns          250826 1c0081bc 0049a50b p.lw             x10, 4(x19!)        x10=422f3b6a x19=1c010554 x19:1c010550  PA:1c010550
14937703ns          250841 1c0081c0 558000ef jal              x1, 1368             x1=1c0081c2
14937723ns          250842 1c008718 e00517d3 fclass.s         x15, f10            x15=00000040 f10:422f3b6a
14937743ns          250843 1c00871c 0817f793 andi             x15, x15, 129       x15=00000000 x15:00000040
14937762ns          250844 1c008720 08079b63 bne              x15, x0, 150        x15:00000000
14937782ns          250845 1c008722 00000793 addi             x15, x0, 0          x15=00000000
14937802ns          250846 1c008726 a0f52753 feq.s            x14, f10, f15       x14=00000000 f10:422f3b6a f15:00000000
14937822ns          250847 1c00872a 08071163 bne              x14, x0, 130        x14:00000000
14937842ns          250848 1c00872c a0f507d3 fle.s            x15, f10, f15       x15=00000000 f10:422f3b6a f15:00000000
14937862ns          250849 1c008730 08079863 bne              x15, x0, 144        x15:00000000
14937882ns          250850 1c008732 a0a527d3 feq.s            x15, f10, f10       x15=00000001 f10:422f3b6a f10:422f3b6a
14937902ns          250851 1c008736 08078563 beq              x15, x0, 138        x15:00000001
14937922ns          250852 1c008738 d17537b3 p.bclr           x15, x10, 8, 23     x15=002f3b6a x10:422f3b6a
14937941ns          250853 1c00873c cb87c733 p.bset           x14, x15, 5, 24     x14=3f2f3b6a x15:002f3b6a
14937961ns          250854 1c008740 1c0006b7 lui              x13, 0x1c000000     x13=1c000000
14937981ns          250855 1c008744 1c0007b7 lui              x15, 0x1c000000     x15=1c000000
14938001ns          250856 1c008748 1306a683 lw               x13, 304(x13)       x13=c13c5fa8 x13:1c000000  PA:1c000130
14938299ns          250871 1c00874c 12c7a783 lw               x15, 300(x15)       x15=3ff7d7e5 x15:1c000000  PA:1c00012c
14938618ns          250887 1c008750 41755513 srai             x10, x10, 0x417     x10=00000084 x10:422f3b6a
14938638ns          250888 1c008752 68e7f7c3 fmadd.s          f15, f15, f14, f13  f15=xxxxxxxx f15:3ff7d7e5 f14:3f2f3b6a f13:c13c5fa8
14938657ns          250889 1c008756 1c0006b7 lui              x13, 0x1c000000     x13=1c000000
14938677ns          250890 1c00875a 1346a683 lw               x13, 308(x13)       x13=41fa6a03 x13:1c000000  PA:1c000134
14938976ns          250905 1c00875e f8250513 addi             x10, x10, -126      x10=00000006 x10:00000084
14938996ns          250906 1c008762 68e7f7c3 fmadd.s          f15, f15, f14, f13  f15=xxxxxxxx f15:c1272ae5 f14:3f2f3b6a f13:41fa6a03
14939016ns          250907 1c008766 1c0006b7 lui              x13, 0x1c000000     x13=1c000000
14939035ns          250908 1c00876a 1386a683 lw               x13, 312(x13)       x13=c23f0e08 x13:1c000000  PA:1c000138
14939334ns          250923 1c00876e d0057553 fcvt.s.w         f10, x10            f10=xxxxxxxx x10:00000006
14939354ns          250924 1c008772 68e7f7c3 fmadd.s          f15, f15, f14, f13  f15=xxxxxxxx f15:41c13374 f14:3f2f3b6a f13:c23f0e08
14939374ns          250925 1c008776 1c0006b7 lui              x13, 0x1c000000     x13=1c000000
14939393ns          250926 1c00877a 13c6a683 lw               x13, 316(x13)       x13=42390412 x13:1c000000  PA:1c00013c
14939712ns          250942 1c00877e 68e7f7c3 fmadd.s          f15, f15, f14, f13  f15=xxxxxxxx f15:c1f9dd0d f14:3f2f3b6a f13:42390412
14939732ns          250943 1c008782 1c0006b7 lui              x13, 0x1c000000     x13=1c000000
14939751ns          250944 1c008786 1406a683 lw               x13, 320(x13)       x13=c1efd21b x13:1c000000  PA:1c000140
14940070ns          250960 1c00878a 68e7f7c3 fmadd.s          f15, f15, f14, f13  f15=xxxxxxxx f15:41c7000b f14:3f2f3b6a f13:c1efd21b
14940090ns          250961 1c00878e 1c0006b7 lui              x13, 0x1c000000     x13=1c000000
14940109ns          250962 1c008792 1446a683 lw               x13, 324(x13)       x13=41644a86 x13:1c000000  PA:1c000144
14940448ns          250979 1c008796 68e7f7c3 fmadd.s          f15, f15, f14, f13  f15=xxxxxxxx f15:c14f35c8 f14:3f2f3b6a f13:41644a86
14940468ns          250980 1c00879a 1c0006b7 lui              x13, 0x1c000000     x13=1c000000
14940487ns          250981 1c00879e 1486a683 lw               x13, 328(x13)       x13=c087dba8 x13:1c000000  PA:1c000148
14940806ns          250997 1c0087a2 68e7f7c3 fmadd.s          f15, f15, f14, f13  f15=xxxxxxxx f15:40ace956 f14:3f2f3b6a f13:c087dba8
14940826ns          250998 1c0087a6 00a7f553 fadd.s           f10, f15, f10       f10=xxxxxxxx f15:bf0c0027 f10:40c00000
14940845ns          250999 1c0087aa 00008067 jalr             x0, x1, 0            x1:1c0081c2
14940905ns          251002 1c0081c2 11557553 fmul.s           f10, f10, f21       f10=xxxxxxxx f10:40ae7ffb f21:3f317218
14940925ns          251003 1c0081c6 00a4222b p.sw             x10, 4(x8!)          x8=10001eec x10:4071e884  x8:10001ee8  PA:10001ee8
14940945ns          251004 1c0081ca ff4419e3 bne              x8, x20, -14         x8:10001eec x20:10001fd8
14941005ns          251007 1c0081bc 0049a50b p.lw             x10, 4(x19!)        x10=424d00a1 x19=1c010558 x19:1c010554  PA:1c010554
14941303ns          251022 1c0081c0 558000ef jal              x1, 1368             x1=1c0081c2
14941323ns          251023 1c008718 e00517d3 fclass.s         x15, f10            x15=00000040 f10:424d00a1
14941343ns          251024 1c00871c 0817f793 andi             x15, x15, 129       x15=00000000 x15:00000040
14941363ns          251025 1c008720 08079b63 bne              x15, x0, 150        x15:00000000
14941383ns          251026 1c008722 00000793 addi             x15, x0, 0          x15=00000000
14941402ns          251027 1c008726 a0f52753 feq.s            x14, f10, f15       x14=00000000 f10:424d00a1 f15:00000000
14941422ns          251028 1c00872a 08071163 bne              x14, x0, 130        x14:00000000
14941442ns          251029 1c00872c a0f507d3 fle.s            x15, f10, f15       x15=00000000 f10:424d00a1 f15:00000000
14941462ns          251030 1c008730 08079863 bne              x15, x0, 144        x15:00000000
14941482ns          251031 1c008732 a0a527d3 feq.s            x15, f10, f10       x15=00000001 f10:424d00a1 f10:424d00a1
14941502ns          251032 1c008736 08078563 beq              x15, x0, 138        x15:00000001
14941522ns          251033 1c008738 d17537b3 p.bclr           x15, x10, 8, 23     x15=004d00a1 x10:424d00a1
14941542ns          251034 1c00873c cb87c733 p.bset           x14, x15, 5, 24     x14=3f4d00a1 x15:004d00a1
14941562ns          251035 1c008740 1c0006b7 lui              x13, 0x1c000000     x13=1c000000
14941581ns          251036 1c008744 1c0007b7 lui              x15, 0x1c000000     x15=1c000000
14941601ns          251037 1c008748 1306a683 lw               x13, 304(x13)       x13=c13c5fa8 x13:1c000000  PA:1c000130
14941900ns          251052 1c00874c 12c7a783 lw               x15, 300(x15)       x15=3ff7d7e5 x15:1c000000  PA:1c00012c
14942198ns          251067 1c008750 41755513 srai             x10, x10, 0x417     x10=00000084 x10:424d00a1
14942218ns          251068 1c008752 68e7f7c3 fmadd.s          f15, f15, f14, f13  f15=xxxxxxxx f15:3ff7d7e5 f14:3f4d00a1 f13:c13c5fa8
14942238ns          251069 1c008756 1c0006b7 lui              x13, 0x1c000000     x13=1c000000
14942258ns          251070 1c00875a 1346a683 lw               x13, 308(x13)       x13=41fa6a03 x13:1c000000  PA:1c000134
14942556ns          251085 1c00875e f8250513 addi             x10, x10, -126      x10=00000006 x10:00000084
14942576ns          251086 1c008762 68e7f7c3 fmadd.s          f15, f15, f14, f13  f15=xxxxxxxx f15:c1239098 f14:3f4d00a1 f13:41fa6a03
14942596ns          251087 1c008766 1c0006b7 lui              x13, 0x1c000000     x13=1c000000
14942616ns          251088 1c00876a 1386a683 lw               x13, 312(x13)       x13=c23f0e08 x13:1c000000  PA:1c000138
14942914ns          251103 1c00876e d0057553 fcvt.s.w         f10, x10            f10=xxxxxxxx x10:00000006
14942934ns          251104 1c008772 68e7f7c3 fmadd.s          f15, f15, f14, f13  f15=xxxxxxxx f15:41b8ec6b f14:3f4d00a1 f13:c23f0e08
14942954ns          251105 1c008776 1c0006b7 lui              x13, 0x1c000000     x13=1c000000
14942974ns          251106 1c00877a 13c6a683 lw               x13, 316(x13)       x13=42390412 x13:1c000000  PA:1c00013c
14943292ns          251122 1c00877e 68e7f7c3 fmadd.s          f15, f15, f14, f13  f15=xxxxxxxx f15:c1ea064a f14:3f4d00a1 f13:42390412
14943312ns          251123 1c008782 1c0006b7 lui              x13, 0x1c000000     x13=1c000000
14943332ns          251124 1c008786 1406a683 lw               x13, 320(x13)       x13=c1efd21b x13:1c000000  PA:1c000140
14943690ns          251142 1c00878a 68e7f7c3 fmadd.s          f15, f15, f14, f13  f15=xxxxxxxx f15:41b6a088 f14:3f4d00a1 f13:c1efd21b
14943710ns          251143 1c00878e 1c0006b7 lui              x13, 0x1c000000     x13=1c000000
14943730ns          251144 1c008792 1446a683 lw               x13, 324(x13)       x13=41644a86 x13:1c000000  PA:1c000144
14944048ns          251160 1c008796 68e7f7c3 fmadd.s          f15, f15, f14, f13  f15=xxxxxxxx f15:c13b2636 f14:3f4d00a1 f13:41644a86
14944068ns          251161 1c00879a 1c0006b7 lui              x13, 0x1c000000     x13=1c000000
14944088ns          251162 1c00879e 1486a683 lw               x13, 328(x13)       x13=c087dba8 x13:1c000000  PA:1c000148
14944426ns          251179 1c0087a2 68e7f7c3 fmadd.s          f15, f15, f14, f13  f15=xxxxxxxx f15:409cd8ee f14:3f4d00a1 f13:c087dba8
14944446ns          251180 1c0087a6 00a7f553 fadd.s           f10, f15, f10       f10=xxxxxxxx f15:bea418ec f10:40c00000
14944466ns          251181 1c0087aa 00008067 jalr             x0, x1, 0            x1:1c0081c2
14944525ns          251184 1c0081c2 11557553 fmul.s           f10, f10, f21       f10=xxxxxxxx f10:40b5be71 f21:3f317218
14944545ns          251185 1c0081c6 00a4222b p.sw             x10, 4(x8!)          x8=10001ef0 x10:407bf358  x8:10001eec  PA:10001eec
14944565ns          251186 1c0081ca ff4419e3 bne              x8, x20, -14         x8:10001ef0 x20:10001fd8
14944625ns          251189 1c0081bc 0049a50b p.lw             x10, 4(x19!)        x10=422944fd x19=1c01055c x19:1c010558  PA:1c010558
14944923ns          251204 1c0081c0 558000ef jal              x1, 1368             x1=1c0081c2
14944943ns          251205 1c008718 e00517d3 fclass.s         x15, f10            x15=00000040 f10:422944fd
14944963ns          251206 1c00871c 0817f793 andi             x15, x15, 129       x15=00000000 x15:00000040
14944983ns          251207 1c008720 08079b63 bne              x15, x0, 150        x15:00000000
14945003ns          251208 1c008722 00000793 addi             x15, x0, 0          x15=00000000
14945023ns          251209 1c008726 a0f52753 feq.s            x14, f10, f15       x14=00000000 f10:422944fd f15:00000000
14945042ns          251210 1c00872a 08071163 bne              x14, x0, 130        x14:00000000
14945062ns          251211 1c00872c a0f507d3 fle.s            x15, f10, f15       x15=00000000 f10:422944fd f15:00000000
14945082ns          251212 1c008730 08079863 bne              x15, x0, 144        x15:00000000
14945102ns          251213 1c008732 a0a527d3 feq.s            x15, f10, f10       x15=00000001 f10:422944fd f10:422944fd
14945122ns          251214 1c008736 08078563 beq              x15, x0, 138        x15:00000001
14945142ns          251215 1c008738 d17537b3 p.bclr           x15, x10, 8, 23     x15=002944fd x10:422944fd
14945162ns          251216 1c00873c cb87c733 p.bset           x14, x15, 5, 24     x14=3f2944fd x15:002944fd
14945182ns          251217 1c008740 1c0006b7 lui              x13, 0x1c000000     x13=1c000000
14945202ns          251218 1c008744 1c0007b7 lui              x15, 0x1c000000     x15=1c000000
14945221ns          251219 1c008748 1306a683 lw               x13, 304(x13)       x13=c13c5fa8 x13:1c000000  PA:1c000130
14945520ns          251234 1c00874c 12c7a783 lw               x15, 300(x15)       x15=3ff7d7e5 x15:1c000000  PA:1c00012c
14945838ns          251250 1c008750 41755513 srai             x10, x10, 0x417     x10=00000084 x10:422944fd
14945858ns          251251 1c008752 68e7f7c3 fmadd.s          f15, f15, f14, f13  f15=xxxxxxxx f15:3ff7d7e5 f14:3f2944fd f13:c13c5fa8
14945878ns          251252 1c008756 1c0006b7 lui              x13, 0x1c000000     x13=1c000000
14945898ns          251253 1c00875a 1346a683 lw               x13, 308(x13)       x13=41fa6a03 x13:1c000000  PA:1c000134
14946196ns          251268 1c00875e f8250513 addi             x10, x10, -126      x10=00000006 x10:00000084
14946216ns          251269 1c008762 68e7f7c3 fmadd.s          f15, f15, f14, f13  f15=xxxxxxxx f15:c127e39e f14:3f2944fd f13:41fa6a03
14946236ns          251270 1c008766 1c0006b7 lui              x13, 0x1c000000     x13=1c000000
14946256ns          251271 1c00876a 1386a683 lw               x13, 312(x13)       x13=c23f0e08 x13:1c000000  PA:1c000138
14946554ns          251286 1c00876e d0057553 fcvt.s.w         f10, x10            f10=xxxxxxxx x10:00000006
14946574ns          251287 1c008772 68e7f7c3 fmadd.s          f15, f15, f14, f13  f15=xxxxxxxx f15:41c2e8c2 f14:3f2944fd f13:c23f0e08
14946594ns          251288 1c008776 1c0006b7 lui              x13, 0x1c000000     x13=1c000000
14946614ns          251289 1c00877a 13c6a683 lw               x13, 316(x13)       x13=42390412 x13:1c000000  PA:1c00013c
14946932ns          251305 1c00877e 68e7f7c3 fmadd.s          f15, f15, f14, f13  f15=xxxxxxxx f15:c1fd3be1 f14:3f2944fd f13:42390412
14946952ns          251306 1c008782 1c0006b7 lui              x13, 0x1c000000     x13=1c000000
14946972ns          251307 1c008786 1406a683 lw               x13, 320(x13)       x13=c1efd21b x13:1c000000  PA:1c000140
14947290ns          251323 1c00878a 68e7f7c3 fmadd.s          f15, f15, f14, f13  f15=xxxxxxxx f15:41ca975e f14:3f2944fd f13:c1efd21b
14947310ns          251324 1c00878e 1c0006b7 lui              x13, 0x1c000000     x13=1c000000
14947330ns          251325 1c008792 1446a683 lw               x13, 324(x13)       x13=41644a86 x13:1c000000  PA:1c000144
14947648ns          251341 1c008796 68e7f7c3 fmadd.s          f15, f15, f14, f13  f15=xxxxxxxx f15:c153bb2b f14:3f2944fd f13:41644a86
14947668ns          251342 1c00879a 1c0006b7 lui              x13, 0x1c000000     x13=1c000000
14947688ns          251343 1c00879e 1486a683 lw               x13, 328(x13)       x13=c087dba8 x13:1c000000  PA:1c000148
14948026ns          251360 1c0087a2 68e7f7c3 fmadd.s          f15, f15, f14, f13  f15=xxxxxxxx f15:40b095cf f14:3f2944fd f13:c087dba8
14948046ns          251361 1c0087a6 00a7f553 fadd.s           f10, f15, f10       f10=xxxxxxxx f15:bf18c960 f10:40c00000
14948066ns          251362 1c0087aa 00008067 jalr             x0, x1, 0            x1:1c0081c2
14948125ns          251365 1c0081c2 11557553 fmul.s           f10, f10, f21       f10=xxxxxxxx f10:40ace6d4 f21:3f317218
14948145ns          251366 1c0081c6 00a4222b p.sw             x10, 4(x8!)          x8=10001ef4 x10:406fb14f  x8:10001ef0  PA:10001ef0
14948165ns          251367 1c0081ca ff4419e3 bne              x8, x20, -14         x8:10001ef4 x20:10001fd8
14948225ns          251370 1c0081bc 0049a50b p.lw             x10, 4(x19!)        x10=4232bd86 x19=1c010560 x19:1c01055c  PA:1c01055c
14948523ns          251385 1c0081c0 558000ef jal              x1, 1368             x1=1c0081c2
14948543ns          251386 1c008718 e00517d3 fclass.s         x15, f10            x15=00000040 f10:4232bd86
14948563ns          251387 1c00871c 0817f793 andi             x15, x15, 129       x15=00000000 x15:00000040
14948583ns          251388 1c008720 08079b63 bne              x15, x0, 150        x15:00000000
14948603ns          251389 1c008722 00000793 addi             x15, x0, 0          x15=00000000
14948623ns          251390 1c008726 a0f52753 feq.s            x14, f10, f15       x14=00000000 f10:4232bd86 f15:00000000
14948643ns          251391 1c00872a 08071163 bne              x14, x0, 130        x14:00000000
14948663ns          251392 1c00872c a0f507d3 fle.s            x15, f10, f15       x15=00000000 f10:4232bd86 f15:00000000
14948682ns          251393 1c008730 08079863 bne              x15, x0, 144        x15:00000000
14948702ns          251394 1c008732 a0a527d3 feq.s            x15, f10, f10       x15=00000001 f10:4232bd86 f10:4232bd86
14948722ns          251395 1c008736 08078563 beq              x15, x0, 138        x15:00000001
14948742ns          251396 1c008738 d17537b3 p.bclr           x15, x10, 8, 23     x15=0032bd86 x10:4232bd86
14948762ns          251397 1c00873c cb87c733 p.bset           x14, x15, 5, 24     x14=3f32bd86 x15:0032bd86
14948782ns          251398 1c008740 1c0006b7 lui              x13, 0x1c000000     x13=1c000000
14948802ns          251399 1c008744 1c0007b7 lui              x15, 0x1c000000     x15=1c000000
14948822ns          251400 1c008748 1306a683 lw               x13, 304(x13)       x13=c13c5fa8 x13:1c000000  PA:1c000130
14949120ns          251415 1c00874c 12c7a783 lw               x15, 300(x15)       x15=3ff7d7e5 x15:1c000000  PA:1c00012c
14949418ns          251430 1c008750 41755513 srai             x10, x10, 0x417     x10=00000084 x10:4232bd86
14949438ns          251431 1c008752 68e7f7c3 fmadd.s          f15, f15, f14, f13  f15=xxxxxxxx f15:3ff7d7e5 f14:3f32bd86 f13:c13c5fa8
14949458ns          251432 1c008756 1c0006b7 lui              x13, 0x1c000000     x13=1c000000
14949478ns          251433 1c00875a 1346a683 lw               x13, 308(x13)       x13=41fa6a03 x13:1c000000  PA:1c000134
14949836ns          251451 1c00875e f8250513 addi             x10, x10, -126      x10=00000006 x10:00000084
14949856ns          251452 1c008762 68e7f7c3 fmadd.s          f15, f15, f14, f13  f15=xxxxxxxx f15:c126be35 f14:3f32bd86 f13:41fa6a03
14949876ns          251453 1c008766 1c0006b7 lui              x13, 0x1c000000     x13=1c000000
14949896ns          251454 1c00876a 1386a683 lw               x13, 312(x13)       x13=c23f0e08 x13:1c000000  PA:1c000138
14950194ns          251469 1c00876e d0057553 fcvt.s.w         f10, x10            f10=xxxxxxxx x10:00000006
14950214ns          251470 1c008772 68e7f7c3 fmadd.s          f15, f15, f14, f13  f15=xxxxxxxx f15:41c0342a f14:3f32bd86 f13:c23f0e08
14950234ns          251471 1c008776 1c0006b7 lui              x13, 0x1c000000     x13=1c000000
14950254ns          251472 1c00877a 13c6a683 lw               x13, 316(x13)       x13=42390412 x13:1c000000  PA:1c00013c
14950572ns          251488 1c00877e 68e7f7c3 fmadd.s          f15, f15, f14, f13  f15=xxxxxxxx f15:c1f7e980 f14:3f32bd86 f13:42390412
14950592ns          251489 1c008782 1c0006b7 lui              x13, 0x1c000000     x13=1c000000
14950612ns          251490 1c008786 1406a683 lw               x13, 320(x13)       x13=c1efd21b x13:1c000000  PA:1c000140
14950950ns          251507 1c00878a 68e7f7c3 fmadd.s          f15, f15, f14, f13  f15=xxxxxxxx f15:41c4f040 f14:3f32bd86 f13:c1efd21b
14950970ns          251508 1c00878e 1c0006b7 lui              x13, 0x1c000000     x13=1c000000
14950990ns          251509 1c008792 1446a683 lw               x13, 324(x13)       x13=41644a86 x13:1c000000  PA:1c000144
14951308ns          251525 1c008796 68e7f7c3 fmadd.s          f15, f15, f14, f13  f15=xxxxxxxx f15:c14ca284 f14:3f32bd86 f13:41644a86
14951328ns          251526 1c00879a 1c0006b7 lui              x13, 0x1c000000     x13=1c000000
14951348ns          251527 1c00879e 1486a683 lw               x13, 328(x13)       x13=c087dba8 x13:1c000000  PA:1c000148
14951686ns          251544 1c0087a2 68e7f7c3 fmadd.s          f15, f15, f14, f13  f15=xxxxxxxx f15:40aad40e f14:3f32bd86 f13:c087dba8
14951706ns          251545 1c0087a6 00a7f553 fadd.s           f10, f15, f10       f10=xxxxxxxx f15:bf04adf2 f10:40c00000
14951726ns          251546 1c0087aa 00008067 jalr             x0, x1, 0            x1:1c0081c2
14951785ns          251549 1c0081c2 11557553 fmul.s           f10, f10, f21       f10=xxxxxxxx f10:40af6a42 f21:3f317218
14951805ns          251550 1c0081c6 00a4222b p.sw             x10, 4(x8!)          x8=10001ef8 x10:40732d4b  x8:10001ef4  PA:10001ef4
14951825ns          251551 1c0081ca ff4419e3 bne              x8, x20, -14         x8:10001ef8 x20:10001fd8
14951885ns          251554 1c0081bc 0049a50b p.lw             x10, 4(x19!)        x10=4290a362 x19=1c010564 x19:1c010560  PA:1c010560
14952183ns          251569 1c0081c0 558000ef jal              x1, 1368             x1=1c0081c2
14952203ns          251570 1c008718 e00517d3 fclass.s         x15, f10            x15=00000040 f10:4290a362
14952223ns          251571 1c00871c 0817f793 andi             x15, x15, 129       x15=00000000 x15:00000040
14952243ns          251572 1c008720 08079b63 bne              x15, x0, 150        x15:00000000
14952263ns          251573 1c008722 00000793 addi             x15, x0, 0          x15=00000000
14952283ns          251574 1c008726 a0f52753 feq.s            x14, f10, f15       x14=00000000 f10:4290a362 f15:00000000
14952303ns          251575 1c00872a 08071163 bne              x14, x0, 130        x14:00000000
14952322ns          251576 1c00872c a0f507d3 fle.s            x15, f10, f15       x15=00000000 f10:4290a362 f15:00000000
14952342ns          251577 1c008730 08079863 bne              x15, x0, 144        x15:00000000
14952362ns          251578 1c008732 a0a527d3 feq.s            x15, f10, f10       x15=00000001 f10:4290a362 f10:4290a362
14952382ns          251579 1c008736 08078563 beq              x15, x0, 138        x15:00000001
14952402ns          251580 1c008738 d17537b3 p.bclr           x15, x10, 8, 23     x15=0010a362 x10:4290a362
14952422ns          251581 1c00873c cb87c733 p.bset           x14, x15, 5, 24     x14=3f10a362 x15:0010a362
14952442ns          251582 1c008740 1c0006b7 lui              x13, 0x1c000000     x13=1c000000
14952462ns          251583 1c008744 1c0007b7 lui              x15, 0x1c000000     x15=1c000000
14952482ns          251584 1c008748 1306a683 lw               x13, 304(x13)       x13=c13c5fa8 x13:1c000000  PA:1c000130
14952780ns          251599 1c00874c 12c7a783 lw               x15, 300(x15)       x15=3ff7d7e5 x15:1c000000  PA:1c00012c
14953078ns          251614 1c008750 41755513 srai             x10, x10, 0x417     x10=00000085 x10:4290a362
14953098ns          251615 1c008752 68e7f7c3 fmadd.s          f15, f15, f14, f13  f15=xxxxxxxx f15:3ff7d7e5 f14:3f10a362 f13:c13c5fa8
14953118ns          251616 1c008756 1c0006b7 lui              x13, 0x1c000000     x13=1c000000
14953138ns          251617 1c00875a 1346a683 lw               x13, 308(x13)       x13=41fa6a03 x13:1c000000  PA:1c000134
14953436ns          251632 1c00875e f8250513 addi             x10, x10, -126      x10=00000007 x10:00000085
14953456ns          251633 1c008762 68e7f7c3 fmadd.s          f15, f15, f14, f13  f15=xxxxxxxx f15:c12adeb4 f14:3f10a362 f13:41fa6a03
14953476ns          251634 1c008766 1c0006b7 lui              x13, 0x1c000000     x13=1c000000
14953496ns          251635 1c00876a 1386a683 lw               x13, 312(x13)       x13=c23f0e08 x13:1c000000  PA:1c000138
14953814ns          251651 1c00876e d0057553 fcvt.s.w         f10, x10            f10=xxxxxxxx x10:00000007
14953834ns          251652 1c008772 68e7f7c3 fmadd.s          f15, f15, f14, f13  f15=xxxxxxxx f15:41ca24da f14:3f10a362 f13:c23f0e08
14953854ns          251653 1c008776 1c0006b7 lui              x13, 0x1c000000     x13=1c000000
14953874ns          251654 1c00877a 13c6a683 lw               x13, 316(x13)       x13=42390412 x13:1c000000  PA:1c00013c
14954212ns          251671 1c00877e 68e7f7c3 fmadd.s          f15, f15, f14, f13  f15=xxxxxxxx f15:c205f329 f14:3f10a362 f13:42390412
14954232ns          251672 1c008782 1c0006b7 lui              x13, 0x1c000000     x13=1c000000
14954252ns          251673 1c008786 1406a683 lw               x13, 320(x13)       x13=c1efd21b x13:1c000000  PA:1c000140
14954570ns          251689 1c00878a 68e7f7c3 fmadd.s          f15, f15, f14, f13  f15=xxxxxxxx f15:41daab9c f14:3f10a362 f13:c1efd21b
14954590ns          251690 1c00878e 1c0006b7 lui              x13, 0x1c000000     x13=1c000000
14954610ns          251691 1c008792 1446a683 lw               x13, 324(x13)       x13=41644a86 x13:1c000000  PA:1c000144
14954928ns          251707 1c008796 68e7f7c3 fmadd.s          f15, f15, f14, f13  f15=xxxxxxxx f15:c1688c09 f14:3f10a362 f13:41644a86
14954948ns          251708 1c00879a 1c0006b7 lui              x13, 0x1c000000     x13=1c000000
14954968ns          251709 1c00879e 1486a683 lw               x13, 328(x13)       x13=c087dba8 x13:1c000000  PA:1c000148
14955286ns          251725 1c0087a2 68e7f7c3 fmadd.s          f15, f15, f14, f13  f15=xxxxxxxx f15:40c1ceae f14:3f10a362 f13:c087dba8
14955306ns          251726 1c0087a6 00a7f553 fadd.s           f10, f15, f10       f10=xxxxxxxx f15:bf52ddab f10:40e00000
14955326ns          251727 1c0087aa 00008067 jalr             x0, x1, 0            x1:1c0081c2
14955386ns          251730 1c0081c2 11557553 fmul.s           f10, f10, f21       f10=xxxxxxxx f10:40c5a44b f21:3f317218
14955405ns          251731 1c0081c6 00a4222b p.sw             x10, 4(x8!)          x8=10001efc x10:4088feae  x8:10001ef8  PA:10001ef8
14955425ns          251732 1c0081ca ff4419e3 bne              x8, x20, -14         x8:10001efc x20:10001fd8
14955485ns          251735 1c0081bc 0049a50b p.lw             x10, 4(x19!)        x10=42b5ee68 x19=1c010568 x19:1c010564  PA:1c010564
14955783ns          251750 1c0081c0 558000ef jal              x1, 1368             x1=1c0081c2
14955803ns          251751 1c008718 e00517d3 fclass.s         x15, f10            x15=00000040 f10:42b5ee68
14955823ns          251752 1c00871c 0817f793 andi             x15, x15, 129       x15=00000000 x15:00000040
14955843ns          251753 1c008720 08079b63 bne              x15, x0, 150        x15:00000000
14955863ns          251754 1c008722 00000793 addi             x15, x0, 0          x15=00000000
14955883ns          251755 1c008726 a0f52753 feq.s            x14, f10, f15       x14=00000000 f10:42b5ee68 f15:00000000
14955903ns          251756 1c00872a 08071163 bne              x14, x0, 130        x14:00000000
14955923ns          251757 1c00872c a0f507d3 fle.s            x15, f10, f15       x15=00000000 f10:42b5ee68 f15:00000000
14955943ns          251758 1c008730 08079863 bne              x15, x0, 144        x15:00000000
14955962ns          251759 1c008732 a0a527d3 feq.s            x15, f10, f10       x15=00000001 f10:42b5ee68 f10:42b5ee68
14955982ns          251760 1c008736 08078563 beq              x15, x0, 138        x15:00000001
14956002ns          251761 1c008738 d17537b3 p.bclr           x15, x10, 8, 23     x15=0035ee68 x10:42b5ee68
14956022ns          251762 1c00873c cb87c733 p.bset           x14, x15, 5, 24     x14=3f35ee68 x15:0035ee68
14956042ns          251763 1c008740 1c0006b7 lui              x13, 0x1c000000     x13=1c000000
14956062ns          251764 1c008744 1c0007b7 lui              x15, 0x1c000000     x15=1c000000
14956082ns          251765 1c008748 1306a683 lw               x13, 304(x13)       x13=c13c5fa8 x13:1c000000  PA:1c000130
14956420ns          251782 1c00874c 12c7a783 lw               x15, 300(x15)       x15=3ff7d7e5 x15:1c000000  PA:1c00012c
14956718ns          251797 1c008750 41755513 srai             x10, x10, 0x417     x10=00000085 x10:42b5ee68
14956738ns          251798 1c008752 68e7f7c3 fmadd.s          f15, f15, f14, f13  f15=xxxxxxxx f15:3ff7d7e5 f14:3f35ee68 f13:c13c5fa8
14956758ns          251799 1c008756 1c0006b7 lui              x13, 0x1c000000     x13=1c000000
14956778ns          251800 1c00875a 1346a683 lw               x13, 308(x13)       x13=41fa6a03 x13:1c000000  PA:1c000134
14957076ns          251815 1c00875e f8250513 addi             x10, x10, -126      x10=00000007 x10:00000085
14957096ns          251816 1c008762 68e7f7c3 fmadd.s          f15, f15, f14, f13  f15=xxxxxxxx f15:c1265b59 f14:3f35ee68 f13:41fa6a03
14957116ns          251817 1c008766 1c0006b7 lui              x13, 0x1c000000     x13=1c000000
14957136ns          251818 1c00876a 1386a683 lw               x13, 312(x13)       x13=c23f0e08 x13:1c000000  PA:1c000138
14957434ns          251833 1c00876e d0057553 fcvt.s.w         f10, x10            f10=xxxxxxxx x10:00000007
14957454ns          251834 1c008772 68e7f7c3 fmadd.s          f15, f15, f14, f13  f15=xxxxxxxx f15:41bf4d42 f14:3f35ee68 f13:c23f0e08
14957474ns          251835 1c008776 1c0006b7 lui              x13, 0x1c000000     x13=1c000000
14957494ns          251836 1c00877a 13c6a683 lw               x13, 316(x13)       x13=42390412 x13:1c000000  PA:1c00013c
14957852ns          251854 1c00877e 68e7f7c3 fmadd.s          f15, f15, f14, f13  f15=xxxxxxxx f15:c1f62849 f14:3f35ee68 f13:42390412
14957872ns          251855 1c008782 1c0006b7 lui              x13, 0x1c000000     x13=1c000000
14957892ns          251856 1c008786 1406a683 lw               x13, 320(x13)       x13=c1efd21b x13:1c000000  PA:1c000140
14958210ns          251872 1c00878a 68e7f7c3 fmadd.s          f15, f15, f14, f13  f15=xxxxxxxx f15:41c3186b f14:3f35ee68 f13:c1efd21b
14958230ns          251873 1c00878e 1c0006b7 lui              x13, 0x1c000000     x13=1c000000
14958250ns          251874 1c008792 1446a683 lw               x13, 324(x13)       x13=41644a86 x13:1c000000  PA:1c000144
14958568ns          251890 1c008796 68e7f7c3 fmadd.s          f15, f15, f14, f13  f15=xxxxxxxx f15:c14a584f f14:3f35ee68 f13:41644a86
14958588ns          251891 1c00879a 1c0006b7 lui              x13, 0x1c000000     x13=1c000000
14958608ns          251892 1c00879e 1486a683 lw               x13, 328(x13)       x13=c087dba8 x13:1c000000  PA:1c000148
14958946ns          251909 1c0087a2 68e7f7c3 fmadd.s          f15, f15, f14, f13  f15=xxxxxxxx f15:40a8fb4c f14:3f35ee68 f13:c087dba8
14958966ns          251910 1c0087a6 00a7f553 fadd.s           f10, f15, f10       f10=xxxxxxxx f15:befc49d0 f10:40e00000
14958986ns          251911 1c0087aa 00008067 jalr             x0, x1, 0            x1:1c0081c2
14959045ns          251914 1c0081c2 11557553 fmul.s           f10, f10, f21       f10=xxxxxxxx f10:40d03b63 f21:3f317218
14959065ns          251915 1c0081c6 00a4222b p.sw             x10, 4(x8!)          x8=10001f00 x10:409055dd  x8:10001efc  PA:10001efc
14959085ns          251916 1c0081ca ff4419e3 bne              x8, x20, -14         x8:10001f00 x20:10001fd8
14959145ns          251919 1c0081bc 0049a50b p.lw             x10, 4(x19!)        x10=42a4fe4a x19=1c01056c x19:1c010568  PA:1c010568
14959443ns          251934 1c0081c0 558000ef jal              x1, 1368             x1=1c0081c2
14959463ns          251935 1c008718 e00517d3 fclass.s         x15, f10            x15=00000040 f10:42a4fe4a
14959483ns          251936 1c00871c 0817f793 andi             x15, x15, 129       x15=00000000 x15:00000040
14959503ns          251937 1c008720 08079b63 bne              x15, x0, 150        x15:00000000
14959523ns          251938 1c008722 00000793 addi             x15, x0, 0          x15=00000000
14959543ns          251939 1c008726 a0f52753 feq.s            x14, f10, f15       x14=00000000 f10:42a4fe4a f15:00000000
14959563ns          251940 1c00872a 08071163 bne              x14, x0, 130        x14:00000000
14959583ns          251941 1c00872c a0f507d3 fle.s            x15, f10, f15       x15=00000000 f10:42a4fe4a f15:00000000
14959602ns          251942 1c008730 08079863 bne              x15, x0, 144        x15:00000000
14959622ns          251943 1c008732 a0a527d3 feq.s            x15, f10, f10       x15=00000001 f10:42a4fe4a f10:42a4fe4a
14959642ns          251944 1c008736 08078563 beq              x15, x0, 138        x15:00000001
14959662ns          251945 1c008738 d17537b3 p.bclr           x15, x10, 8, 23     x15=0024fe4a x10:42a4fe4a
14959682ns          251946 1c00873c cb87c733 p.bset           x14, x15, 5, 24     x14=3f24fe4a x15:0024fe4a
14959702ns          251947 1c008740 1c0006b7 lui              x13, 0x1c000000     x13=1c000000
14959722ns          251948 1c008744 1c0007b7 lui              x15, 0x1c000000     x15=1c000000
14959742ns          251949 1c008748 1306a683 lw               x13, 304(x13)       x13=c13c5fa8 x13:1c000000  PA:1c000130
14960040ns          251964 1c00874c 12c7a783 lw               x15, 300(x15)       x15=3ff7d7e5 x15:1c000000  PA:1c00012c
14960338ns          251979 1c008750 41755513 srai             x10, x10, 0x417     x10=00000085 x10:42a4fe4a
14960358ns          251980 1c008752 68e7f7c3 fmadd.s          f15, f15, f14, f13  f15=xxxxxxxx f15:3ff7d7e5 f14:3f24fe4a f13:c13c5fa8
14960378ns          251981 1c008756 1c0006b7 lui              x13, 0x1c000000     x13=1c000000
14960398ns          251982 1c00875a 1346a683 lw               x13, 308(x13)       x13=41fa6a03 x13:1c000000  PA:1c000134
14960696ns          251997 1c00875e f8250513 addi             x10, x10, -126      x10=00000007 x10:00000085
14960716ns          251998 1c008762 68e7f7c3 fmadd.s          f15, f15, f14, f13  f15=xxxxxxxx f15:c1286818 f14:3f24fe4a f13:41fa6a03
14960736ns          251999 1c008766 1c0006b7 lui              x13, 0x1c000000     x13=1c000000
14960756ns          252000 1c00876a 1386a683 lw               x13, 312(x13)       x13=c23f0e08 x13:1c000000  PA:1c000138
14961054ns          252015 1c00876e d0057553 fcvt.s.w         f10, x10            f10=xxxxxxxx x10:00000007
14961074ns          252016 1c008772 68e7f7c3 fmadd.s          f15, f15, f14, f13  f15=xxxxxxxx f15:41c42507 f14:3f24fe4a f13:c23f0e08
14961094ns          252017 1c008776 1c0006b7 lui              x13, 0x1c000000     x13=1c000000
14961114ns          252018 1c00877a 13c6a683 lw               x13, 316(x13)       x13=42390412 x13:1c000000  PA:1c00013c
14961432ns          252034 1c00877e 68e7f7c3 fmadd.s          f15, f15, f14, f13  f15=xxxxxxxx f15:c1ffb182 f14:3f24fe4a f13:42390412
14961452ns          252035 1c008782 1c0006b7 lui              x13, 0x1c000000     x13=1c000000
14961472ns          252036 1c008786 1406a683 lw               x13, 320(x13)       x13=c1efd21b x13:1c000000  PA:1c000140
14961810ns          252053 1c00878a 68e7f7c3 fmadd.s          f15, f15, f14, f13  f15=xxxxxxxx f15:41cd3c71 f14:3f24fe4a f13:c1efd21b
14961830ns          252054 1c00878e 1c0006b7 lui              x13, 0x1c000000     x13=1c000000
14961850ns          252055 1c008792 1446a683 lw               x13, 324(x13)       x13=41644a86 x13:1c000000  PA:1c000144
14962168ns          252071 1c008796 68e7f7c3 fmadd.s          f15, f15, f14, f13  f15=xxxxxxxx f15:c157170b f14:3f24fe4a f13:41644a86
14962188ns          252072 1c00879a 1c0006b7 lui              x13, 0x1c000000     x13=1c000000
14962208ns          252073 1c00879e 1486a683 lw               x13, 328(x13)       x13=c087dba8 x13:1c000000  PA:1c000148
14962526ns          252089 1c0087a2 68e7f7c3 fmadd.s          f15, f15, f14, f13  f15=xxxxxxxx f15:40b35438 f14:3f24fe4a f13:c087dba8
14962546ns          252090 1c0087a6 00a7f553 fadd.s           f10, f15, f10       f10=xxxxxxxx f15:bf223c96 f10:40e00000
14962566ns          252091 1c0087aa 00008067 jalr             x0, x1, 0            x1:1c0081c2
14962626ns          252094 1c0081c2 11557553 fmul.s           f10, f10, f21       f10=xxxxxxxx f10:40cbb86d f21:3f317218
14962646ns          252095 1c0081c6 00a4222b p.sw             x10, 4(x8!)          x8=10001f04 x10:408d354f  x8:10001f00  PA:10001f00
14962666ns          252096 1c0081ca ff4419e3 bne              x8, x20, -14         x8:10001f04 x20:10001fd8
14962725ns          252099 1c0081bc 0049a50b p.lw             x10, 4(x19!)        x10=42a1b3c8 x19=1c010570 x19:1c01056c  PA:1c01056c
14963044ns          252115 1c0081c0 558000ef jal              x1, 1368             x1=1c0081c2
14963063ns          252116 1c008718 e00517d3 fclass.s         x15, f10            x15=00000040 f10:42a1b3c8
14963083ns          252117 1c00871c 0817f793 andi             x15, x15, 129       x15=00000000 x15:00000040
14963103ns          252118 1c008720 08079b63 bne              x15, x0, 150        x15:00000000
14963123ns          252119 1c008722 00000793 addi             x15, x0, 0          x15=00000000
14963143ns          252120 1c008726 a0f52753 feq.s            x14, f10, f15       x14=00000000 f10:42a1b3c8 f15:00000000
14963163ns          252121 1c00872a 08071163 bne              x14, x0, 130        x14:00000000
14963183ns          252122 1c00872c a0f507d3 fle.s            x15, f10, f15       x15=00000000 f10:42a1b3c8 f15:00000000
14963203ns          252123 1c008730 08079863 bne              x15, x0, 144        x15:00000000
14963223ns          252124 1c008732 a0a527d3 feq.s            x15, f10, f10       x15=00000001 f10:42a1b3c8 f10:42a1b3c8
14963242ns          252125 1c008736 08078563 beq              x15, x0, 138        x15:00000001
14963262ns          252126 1c008738 d17537b3 p.bclr           x15, x10, 8, 23     x15=0021b3c8 x10:42a1b3c8
14963282ns          252127 1c00873c cb87c733 p.bset           x14, x15, 5, 24     x14=3f21b3c8 x15:0021b3c8
14963302ns          252128 1c008740 1c0006b7 lui              x13, 0x1c000000     x13=1c000000
14963322ns          252129 1c008744 1c0007b7 lui              x15, 0x1c000000     x15=1c000000
14963342ns          252130 1c008748 1306a683 lw               x13, 304(x13)       x13=c13c5fa8 x13:1c000000  PA:1c000130
14963640ns          252145 1c00874c 12c7a783 lw               x15, 300(x15)       x15=3ff7d7e5 x15:1c000000  PA:1c00012c
14963939ns          252160 1c008750 41755513 srai             x10, x10, 0x417     x10=00000085 x10:42a1b3c8
14963959ns          252161 1c008752 68e7f7c3 fmadd.s          f15, f15, f14, f13  f15=xxxxxxxx f15:3ff7d7e5 f14:3f21b3c8 f13:c13c5fa8
14963978ns          252162 1c008756 1c0006b7 lui              x13, 0x1c000000     x13=1c000000
14963998ns          252163 1c00875a 1346a683 lw               x13, 308(x13)       x13=41fa6a03 x13:1c000000  PA:1c000134
14964297ns          252178 1c00875e f8250513 addi             x10, x10, -126      x10=00000007 x10:00000085
14964317ns          252179 1c008762 68e7f7c3 fmadd.s          f15, f15, f14, f13  f15=xxxxxxxx f15:c128ce0d f14:3f21b3c8 f13:41fa6a03
14964336ns          252180 1c008766 1c0006b7 lui              x13, 0x1c000000     x13=1c000000
14964356ns          252181 1c00876a 1386a683 lw               x13, 312(x13)       x13=c23f0e08 x13:1c000000  PA:1c000138
14964655ns          252196 1c00876e d0057553 fcvt.s.w         f10, x10            f10=xxxxxxxx x10:00000007
14964675ns          252197 1c008772 68e7f7c3 fmadd.s          f15, f15, f14, f13  f15=xxxxxxxx f15:41c519f2 f14:3f21b3c8 f13:c23f0e08
14964694ns          252198 1c008776 1c0006b7 lui              x13, 0x1c000000     x13=1c000000
14964714ns          252199 1c00877a 13c6a683 lw               x13, 316(x13)       x13=42390412 x13:1c000000  PA:1c00013c
14965033ns          252215 1c00877e 68e7f7c3 fmadd.s          f15, f15, f14, f13  f15=xxxxxxxx f15:c200ce2a f14:3f21b3c8 f13:42390412
14965053ns          252216 1c008782 1c0006b7 lui              x13, 0x1c000000     x13=1c000000
14965072ns          252217 1c008786 1406a683 lw               x13, 320(x13)       x13=c1efd21b x13:1c000000  PA:1c000140
14965391ns          252233 1c00878a 68e7f7c3 fmadd.s          f15, f15, f14, f13  f15=xxxxxxxx f15:41cf4fea f14:3f21b3c8 f13:c1efd21b
14965411ns          252234 1c00878e 1c0006b7 lui              x13, 0x1c000000     x13=1c000000
14965430ns          252235 1c008792 1446a683 lw               x13, 324(x13)       x13=41644a86 x13:1c000000  PA:1c000144
14965769ns          252252 1c008796 68e7f7c3 fmadd.s          f15, f15, f14, f13  f15=xxxxxxxx f15:c159be84 f14:3f21b3c8 f13:41644a86
14965788ns          252253 1c00879a 1c0006b7 lui              x13, 0x1c000000     x13=1c000000
14965808ns          252254 1c00879e 1486a683 lw               x13, 328(x13)       x13=c087dba8 x13:1c000000  PA:1c000148
14966127ns          252270 1c0087a2 68e7f7c3 fmadd.s          f15, f15, f14, f13  f15=xxxxxxxx f15:40b58195 f14:3f21b3c8 f13:c087dba8
14966146ns          252271 1c0087a6 00a7f553 fadd.s           f10, f15, f10       f10=xxxxxxxx f15:bf29ad8f f10:40e00000
14966166ns          252272 1c0087aa 00008067 jalr             x0, x1, 0            x1:1c0081c2
14966226ns          252275 1c0081c2 11557553 fmul.s           f10, f10, f21       f10=xxxxxxxx f10:40caca4e f21:3f317218
14966246ns          252276 1c0081c6 00a4222b p.sw             x10, 4(x8!)          x8=10001f08 x10:408c9041  x8:10001f04  PA:10001f04
14966266ns          252277 1c0081ca ff4419e3 bne              x8, x20, -14         x8:10001f08 x20:10001fd8
14966326ns          252280 1c0081bc 0049a50b p.lw             x10, 4(x19!)        x10=427442b4 x19=1c010574 x19:1c010570  PA:1c010570
14966624ns          252295 1c0081c0 558000ef jal              x1, 1368             x1=1c0081c2
14966644ns          252296 1c008718 e00517d3 fclass.s         x15, f10            x15=00000040 f10:427442b4
14966664ns          252297 1c00871c 0817f793 andi             x15, x15, 129       x15=00000000 x15:00000040
14966684ns          252298 1c008720 08079b63 bne              x15, x0, 150        x15:00000000
14966703ns          252299 1c008722 00000793 addi             x15, x0, 0          x15=00000000
14966723ns          252300 1c008726 a0f52753 feq.s            x14, f10, f15       x14=00000000 f10:427442b4 f15:00000000
14966743ns          252301 1c00872a 08071163 bne              x14, x0, 130        x14:00000000
14966763ns          252302 1c00872c a0f507d3 fle.s            x15, f10, f15       x15=00000000 f10:427442b4 f15:00000000
14966783ns          252303 1c008730 08079863 bne              x15, x0, 144        x15:00000000
14966803ns          252304 1c008732 a0a527d3 feq.s            x15, f10, f10       x15=00000001 f10:427442b4 f10:427442b4
14966823ns          252305 1c008736 08078563 beq              x15, x0, 138        x15:00000001
14966843ns          252306 1c008738 d17537b3 p.bclr           x15, x10, 8, 23     x15=007442b4 x10:427442b4
14966863ns          252307 1c00873c cb87c733 p.bset           x14, x15, 5, 24     x14=3f7442b4 x15:007442b4
14966882ns          252308 1c008740 1c0006b7 lui              x13, 0x1c000000     x13=1c000000
14966902ns          252309 1c008744 1c0007b7 lui              x15, 0x1c000000     x15=1c000000
14966922ns          252310 1c008748 1306a683 lw               x13, 304(x13)       x13=c13c5fa8 x13:1c000000  PA:1c000130
14967221ns          252325 1c00874c 12c7a783 lw               x15, 300(x15)       x15=3ff7d7e5 x15:1c000000  PA:1c00012c
14967519ns          252340 1c008750 41755513 srai             x10, x10, 0x417     x10=00000084 x10:427442b4
14967539ns          252341 1c008752 68e7f7c3 fmadd.s          f15, f15, f14, f13  f15=xxxxxxxx f15:3ff7d7e5 f14:3f7442b4 f13:c13c5fa8
14967559ns          252342 1c008756 1c0006b7 lui              x13, 0x1c000000     x13=1c000000
14967579ns          252343 1c00875a 1346a683 lw               x13, 308(x13)       x13=41fa6a03 x13:1c000000  PA:1c000134
14967877ns          252358 1c00875e f8250513 addi             x10, x10, -126      x10=00000006 x10:00000084
14967897ns          252359 1c008762 68e7f7c3 fmadd.s          f15, f15, f14, f13  f15=xxxxxxxx f15:c11ed05d f14:3f7442b4 f13:41fa6a03
14967917ns          252360 1c008766 1c0006b7 lui              x13, 0x1c000000     x13=1c000000
14967937ns          252361 1c00876a 1386a683 lw               x13, 312(x13)       x13=c23f0e08 x13:1c000000  PA:1c000138
14968235ns          252376 1c00876e d0057553 fcvt.s.w         f10, x10            f10=xxxxxxxx x10:00000006
14968255ns          252377 1c008772 68e7f7c3 fmadd.s          f15, f15, f14, f13  f15=xxxxxxxx f15:41aea606 f14:3f7442b4 f13:c23f0e08
14968275ns          252378 1c008776 1c0006b7 lui              x13, 0x1c000000     x13=1c000000
14968295ns          252379 1c00877a 13c6a683 lw               x13, 316(x13)       x13=42390412 x13:1c000000  PA:1c00013c
14968613ns          252395 1c00877e 68e7f7c3 fmadd.s          f15, f15, f14, f13  f15=xxxxxxxx f15:c1d77851 f14:3f7442b4 f13:42390412
14968633ns          252396 1c008782 1c0006b7 lui              x13, 0x1c000000     x13=1c000000
14968653ns          252397 1c008786 1406a683 lw               x13, 320(x13)       x13=c1efd21b x13:1c000000  PA:1c000140
14968971ns          252413 1c00878a 68e7f7c3 fmadd.s          f15, f15, f14, f13  f15=xxxxxxxx f15:41a47152 f14:3f7442b4 f13:c1efd21b
14968991ns          252414 1c00878e 1c0006b7 lui              x13, 0x1c000000     x13=1c000000
14969011ns          252415 1c008792 1446a683 lw               x13, 324(x13)       x13=41644a86 x13:1c000000  PA:1c000144
14969329ns          252431 1c008796 68e7f7c3 fmadd.s          f15, f15, f14, f13  f15=xxxxxxxx f15:c125d680 f14:3f7442b4 f13:41644a86
14969349ns          252432 1c00879a 1c0006b7 lui              x13, 0x1c000000     x13=1c000000
14969369ns          252433 1c00879e 1486a683 lw               x13, 328(x13)       x13=c087dba8 x13:1c000000  PA:1c000148
14969707ns          252450 1c0087a2 68e7f7c3 fmadd.s          f15, f15, f14, f13  f15=xxxxxxxx f15:408c1dbc f14:3f7442b4 f13:c087dba8
14969727ns          252451 1c0087a6 00a7f553 fadd.s           f10, f15, f10       f10=xxxxxxxx f15:bd8ab3a8 f10:40c00000
14969747ns          252452 1c0087aa 00008067 jalr             x0, x1, 0            x1:1c0081c2
14969806ns          252455 1c0081c2 11557553 fmul.s           f10, f10, f21       f10=xxxxxxxx f10:40bdd531 f21:3f317218
14969826ns          252456 1c0081c6 00a4222b p.sw             x10, 4(x8!)          x8=10001f0c x10:40839502  x8:10001f08  PA:10001f08
14969846ns          252457 1c0081ca ff4419e3 bne              x8, x20, -14         x8:10001f0c x20:10001fd8
14969906ns          252460 1c0081bc 0049a50b p.lw             x10, 4(x19!)        x10=42c1bb80 x19=1c010578 x19:1c010574  PA:1c010574
14970204ns          252475 1c0081c0 558000ef jal              x1, 1368             x1=1c0081c2
14970224ns          252476 1c008718 e00517d3 fclass.s         x15, f10            x15=00000040 f10:42c1bb80
14970244ns          252477 1c00871c 0817f793 andi             x15, x15, 129       x15=00000000 x15:00000040
14970264ns          252478 1c008720 08079b63 bne              x15, x0, 150        x15:00000000
14970284ns          252479 1c008722 00000793 addi             x15, x0, 0          x15=00000000
14970304ns          252480 1c008726 a0f52753 feq.s            x14, f10, f15       x14=00000000 f10:42c1bb80 f15:00000000
14970324ns          252481 1c00872a 08071163 bne              x14, x0, 130        x14:00000000
14970343ns          252482 1c00872c a0f507d3 fle.s            x15, f10, f15       x15=00000000 f10:42c1bb80 f15:00000000
14970363ns          252483 1c008730 08079863 bne              x15, x0, 144        x15:00000000
14970383ns          252484 1c008732 a0a527d3 feq.s            x15, f10, f10       x15=00000001 f10:42c1bb80 f10:42c1bb80
14970403ns          252485 1c008736 08078563 beq              x15, x0, 138        x15:00000001
14970423ns          252486 1c008738 d17537b3 p.bclr           x15, x10, 8, 23     x15=0041bb80 x10:42c1bb80
14970443ns          252487 1c00873c cb87c733 p.bset           x14, x15, 5, 24     x14=3f41bb80 x15:0041bb80
14970463ns          252488 1c008740 1c0006b7 lui              x13, 0x1c000000     x13=1c000000
14970483ns          252489 1c008744 1c0007b7 lui              x15, 0x1c000000     x15=1c000000
14970503ns          252490 1c008748 1306a683 lw               x13, 304(x13)       x13=c13c5fa8 x13:1c000000  PA:1c000130
14970801ns          252505 1c00874c 12c7a783 lw               x15, 300(x15)       x15=3ff7d7e5 x15:1c000000  PA:1c00012c
14971119ns          252521 1c008750 41755513 srai             x10, x10, 0x417     x10=00000085 x10:42c1bb80
14971139ns          252522 1c008752 68e7f7c3 fmadd.s          f15, f15, f14, f13  f15=xxxxxxxx f15:3ff7d7e5 f14:3f41bb80 f13:c13c5fa8
14971159ns          252523 1c008756 1c0006b7 lui              x13, 0x1c000000     x13=1c000000
14971179ns          252524 1c00875a 1346a683 lw               x13, 308(x13)       x13=41fa6a03 x13:1c000000  PA:1c000134
14971477ns          252539 1c00875e f8250513 addi             x10, x10, -126      x10=00000007 x10:00000085
14971497ns          252540 1c008762 68e7f7c3 fmadd.s          f15, f15, f14, f13  f15=xxxxxxxx f15:c124edbf f14:3f41bb80 f13:41fa6a03
14971517ns          252541 1c008766 1c0006b7 lui              x13, 0x1c000000     x13=1c000000
14971537ns          252542 1c00876a 1386a683 lw               x13, 312(x13)       x13=c23f0e08 x13:1c000000  PA:1c000138
14971835ns          252557 1c00876e d0057553 fcvt.s.w         f10, x10            f10=xxxxxxxx x10:00000007
14971855ns          252558 1c008772 68e7f7c3 fmadd.s          f15, f15, f14, f13  f15=xxxxxxxx f15:41bc01fe f14:3f41bb80 f13:c23f0e08
14971875ns          252559 1c008776 1c0006b7 lui              x13, 0x1c000000     x13=1c000000
14971895ns          252560 1c00877a 13c6a683 lw               x13, 316(x13)       x13=42390412 x13:1c000000  PA:1c00013c
14972213ns          252576 1c00877e 68e7f7c3 fmadd.s          f15, f15, f14, f13  f15=xxxxxxxx f15:c1efd4dc f14:3f41bb80 f13:42390412
14972233ns          252577 1c008782 1c0006b7 lui              x13, 0x1c000000     x13=1c000000
14972253ns          252578 1c008786 1406a683 lw               x13, 320(x13)       x13=c1efd21b x13:1c000000  PA:1c000140
14972571ns          252594 1c00878a 68e7f7c3 fmadd.s          f15, f15, f14, f13  f15=xxxxxxxx f15:41bc8902 f14:3f41bb80 f13:c1efd21b
14972591ns          252595 1c00878e 1c0006b7 lui              x13, 0x1c000000     x13=1c000000
14972611ns          252596 1c008792 1446a683 lw               x13, 324(x13)       x13=41644a86 x13:1c000000  PA:1c000144
14972929ns          252612 1c008796 68e7f7c3 fmadd.s          f15, f15, f14, f13  f15=xxxxxxxx f15:c1424974 f14:3f41bb80 f13:41644a86
14972949ns          252613 1c00879a 1c0006b7 lui              x13, 0x1c000000     x13=1c000000
14972969ns          252614 1c00879e 1486a683 lw               x13, 328(x13)       x13=c087dba8 x13:1c000000  PA:1c000148
14973287ns          252630 1c0087a2 68e7f7c3 fmadd.s          f15, f15, f14, f13  f15=xxxxxxxx f15:40a285b1 f14:3f41bb80 f13:c087dba8
14973307ns          252631 1c0087a6 00a7f553 fadd.s           f10, f15, f10       f10=xxxxxxxx f15:becddd4a f10:40e00000
14973327ns          252632 1c0087aa 00008067 jalr             x0, x1, 0            x1:1c0081c2
14973387ns          252635 1c0081c2 11557553 fmul.s           f10, f10, f21       f10=xxxxxxxx f10:40d3222b f21:3f317218
14973407ns          252636 1c0081c6 00a4222b p.sw             x10, 4(x8!)          x8=10001f10 x10:409258b9  x8:10001f0c  PA:10001f0c
14973427ns          252637 1c0081ca ff4419e3 bne              x8, x20, -14         x8:10001f10 x20:10001fd8
14973486ns          252640 1c0081bc 0049a50b p.lw             x10, 4(x19!)        x10=427cf329 x19=1c01057c x19:1c010578  PA:1c010578
14973804ns          252656 1c0081c0 558000ef jal              x1, 1368             x1=1c0081c2
14973824ns          252657 1c008718 e00517d3 fclass.s         x15, f10            x15=00000040 f10:427cf329
14973844ns          252658 1c00871c 0817f793 andi             x15, x15, 129       x15=00000000 x15:00000040
14973864ns          252659 1c008720 08079b63 bne              x15, x0, 150        x15:00000000
14973884ns          252660 1c008722 00000793 addi             x15, x0, 0          x15=00000000
14973904ns          252661 1c008726 a0f52753 feq.s            x14, f10, f15       x14=00000000 f10:427cf329 f15:00000000
14973924ns          252662 1c00872a 08071163 bne              x14, x0, 130        x14:00000000
14973944ns          252663 1c00872c a0f507d3 fle.s            x15, f10, f15       x15=00000000 f10:427cf329 f15:00000000
14973964ns          252664 1c008730 08079863 bne              x15, x0, 144        x15:00000000
14973983ns          252665 1c008732 a0a527d3 feq.s            x15, f10, f10       x15=00000001 f10:427cf329 f10:427cf329
14974003ns          252666 1c008736 08078563 beq              x15, x0, 138        x15:00000001
14974023ns          252667 1c008738 d17537b3 p.bclr           x15, x10, 8, 23     x15=007cf329 x10:427cf329
14974043ns          252668 1c00873c cb87c733 p.bset           x14, x15, 5, 24     x14=3f7cf329 x15:007cf329
14974063ns          252669 1c008740 1c0006b7 lui              x13, 0x1c000000     x13=1c000000
14974083ns          252670 1c008744 1c0007b7 lui              x15, 0x1c000000     x15=1c000000
14974103ns          252671 1c008748 1306a683 lw               x13, 304(x13)       x13=c13c5fa8 x13:1c000000  PA:1c000130
14974401ns          252686 1c00874c 12c7a783 lw               x15, 300(x15)       x15=3ff7d7e5 x15:1c000000  PA:1c00012c
14974700ns          252701 1c008750 41755513 srai             x10, x10, 0x417     x10=00000084 x10:427cf329
14974719ns          252702 1c008752 68e7f7c3 fmadd.s          f15, f15, f14, f13  f15=xxxxxxxx f15:3ff7d7e5 f14:3f7cf329 f13:c13c5fa8
14974739ns          252703 1c008756 1c0006b7 lui              x13, 0x1c000000     x13=1c000000
14974759ns          252704 1c00875a 1346a683 lw               x13, 308(x13)       x13=41fa6a03 x13:1c000000  PA:1c000134
14975077ns          252720 1c00875e f8250513 addi             x10, x10, -126      x10=00000006 x10:00000084
14975097ns          252721 1c008762 68e7f7c3 fmadd.s          f15, f15, f14, f13  f15=xxxxxxxx f15:c11dc32a f14:3f7cf329 f13:41fa6a03
14975117ns          252722 1c008766 1c0006b7 lui              x13, 0x1c000000     x13=1c000000
14975137ns          252723 1c00876a 1386a683 lw               x13, 312(x13)       x13=c23f0e08 x13:1c000000  PA:1c000138
14975435ns          252738 1c00876e d0057553 fcvt.s.w         f10, x10            f10=xxxxxxxx x10:00000006
14975455ns          252739 1c008772 68e7f7c3 fmadd.s          f15, f15, f14, f13  f15=xxxxxxxx f15:41ac7908 f14:3f7cf329 f13:c23f0e08
14975475ns          252740 1c008776 1c0006b7 lui              x13, 0x1c000000     x13=1c000000
14975495ns          252741 1c00877a 13c6a683 lw               x13, 316(x13)       x13=42390412 x13:1c000000  PA:1c00013c
14975813ns          252757 1c00877e 68e7f7c3 fmadd.s          f15, f15, f14, f13  f15=xxxxxxxx f15:c1d3b11a f14:3f7cf329 f13:42390412
14975833ns          252758 1c008782 1c0006b7 lui              x13, 0x1c000000     x13=1c000000
14975853ns          252759 1c008786 1406a683 lw               x13, 320(x13)       x13=c1efd21b x13:1c000000  PA:1c000140
14976171ns          252775 1c00878a 68e7f7c3 fmadd.s          f15, f15, f14, f13  f15=xxxxxxxx f15:41a0dcbb f14:3f7cf329 f13:c1efd21b
14976191ns          252776 1c00878e 1c0006b7 lui              x13, 0x1c000000     x13=1c000000
14976211ns          252777 1c008792 1446a683 lw               x13, 324(x13)       x13=41644a86 x13:1c000000  PA:1c000144
14976529ns          252793 1c008796 68e7f7c3 fmadd.s          f15, f15, f14, f13  f15=xxxxxxxx f15:c121c00f f14:3f7cf329 f13:41644a86
14976549ns          252794 1c00879a 1c0006b7 lui              x13, 0x1c000000     x13=1c000000
14976569ns          252795 1c00879e 1486a683 lw               x13, 328(x13)       x13=c087dba8 x13:1c000000  PA:1c000148
14976888ns          252811 1c0087a2 68e7f7c3 fmadd.s          f15, f15, f14, f13  f15=xxxxxxxx f15:4088efa8 f14:3f7cf329 f13:c087dba8
14976907ns          252812 1c0087a6 00a7f553 fadd.s           f10, f15, f10       f10=xxxxxxxx f15:bc8dad35 f10:40c00000
14976927ns          252813 1c0087aa 00008067 jalr             x0, x1, 0            x1:1c0081c2
14976987ns          252816 1c0081c2 11557553 fmul.s           f10, f10, f21       f10=xxxxxxxx f10:40bf7253 f21:3f317218
14977007ns          252817 1c0081c6 00a4222b p.sw             x10, 4(x8!)          x8=10001f14 x10:4084b35e  x8:10001f10  PA:10001f10
14977027ns          252818 1c0081ca ff4419e3 bne              x8, x20, -14         x8:10001f14 x20:10001fd8
14977086ns          252821 1c0081bc 0049a50b p.lw             x10, 4(x19!)        x10=42c3aab6 x19=1c010580 x19:1c01057c  PA:1c01057c
14977385ns          252836 1c0081c0 558000ef jal              x1, 1368             x1=1c0081c2
14977405ns          252837 1c008718 e00517d3 fclass.s         x15, f10            x15=00000040 f10:42c3aab6
14977425ns          252838 1c00871c 0817f793 andi             x15, x15, 129       x15=00000000 x15:00000040
14977444ns          252839 1c008720 08079b63 bne              x15, x0, 150        x15:00000000
14977464ns          252840 1c008722 00000793 addi             x15, x0, 0          x15=00000000
14977484ns          252841 1c008726 a0f52753 feq.s            x14, f10, f15       x14=00000000 f10:42c3aab6 f15:00000000
14977504ns          252842 1c00872a 08071163 bne              x14, x0, 130        x14:00000000
14977524ns          252843 1c00872c a0f507d3 fle.s            x15, f10, f15       x15=00000000 f10:42c3aab6 f15:00000000
14977544ns          252844 1c008730 08079863 bne              x15, x0, 144        x15:00000000
14977564ns          252845 1c008732 a0a527d3 feq.s            x15, f10, f10       x15=00000001 f10:42c3aab6 f10:42c3aab6
14977584ns          252846 1c008736 08078563 beq              x15, x0, 138        x15:00000001
14977604ns          252847 1c008738 d17537b3 p.bclr           x15, x10, 8, 23     x15=0043aab6 x10:42c3aab6
14977623ns          252848 1c00873c cb87c733 p.bset           x14, x15, 5, 24     x14=3f43aab6 x15:0043aab6
14977643ns          252849 1c008740 1c0006b7 lui              x13, 0x1c000000     x13=1c000000
14977663ns          252850 1c008744 1c0007b7 lui              x15, 0x1c000000     x15=1c000000
14977683ns          252851 1c008748 1306a683 lw               x13, 304(x13)       x13=c13c5fa8 x13:1c000000  PA:1c000130
14977981ns          252866 1c00874c 12c7a783 lw               x15, 300(x15)       x15=3ff7d7e5 x15:1c000000  PA:1c00012c
14978280ns          252881 1c008750 41755513 srai             x10, x10, 0x417     x10=00000085 x10:42c3aab6
14978300ns          252882 1c008752 68e7f7c3 fmadd.s          f15, f15, f14, f13  f15=xxxxxxxx f15:3ff7d7e5 f14:3f43aab6 f13:c13c5fa8
14978320ns          252883 1c008756 1c0006b7 lui              x13, 0x1c000000     x13=1c000000
14978340ns          252884 1c00875a 1346a683 lw               x13, 308(x13)       x13=41fa6a03 x13:1c000000  PA:1c000134
14978638ns          252899 1c00875e f8250513 addi             x10, x10, -126      x10=00000007 x10:00000085
14978658ns          252900 1c008762 68e7f7c3 fmadd.s          f15, f15, f14, f13  f15=xxxxxxxx f15:c124b1d1 f14:3f43aab6 f13:41fa6a03
14978678ns          252901 1c008766 1c0006b7 lui              x13, 0x1c000000     x13=1c000000
14978698ns          252902 1c00876a 1386a683 lw               x13, 312(x13)       x13=c23f0e08 x13:1c000000  PA:1c000138
14979016ns          252918 1c00876e d0057553 fcvt.s.w         f10, x10            f10=xxxxxxxx x10:00000007
14979036ns          252919 1c008772 68e7f7c3 fmadd.s          f15, f15, f14, f13  f15=xxxxxxxx f15:41bb7960 f14:3f43aab6 f13:c23f0e08
14979056ns          252920 1c008776 1c0006b7 lui              x13, 0x1c000000     x13=1c000000
14979075ns          252921 1c00877a 13c6a683 lw               x13, 316(x13)       x13=42390412 x13:1c000000  PA:1c00013c
14979394ns          252937 1c00877e 68e7f7c3 fmadd.s          f15, f15, f14, f13  f15=xxxxxxxx f15:c1eed198 f14:3f43aab6 f13:42390412
14979414ns          252938 1c008782 1c0006b7 lui              x13, 0x1c000000     x13=1c000000
14979434ns          252939 1c008786 1406a683 lw               x13, 320(x13)       x13=c1efd21b x13:1c000000  PA:1c000140
14979752ns          252955 1c00878a 68e7f7c3 fmadd.s          f15, f15, f14, f13  f15=xxxxxxxx f15:41bb7f3c f14:3f43aab6 f13:c1efd21b
14979772ns          252956 1c00878e 1c0006b7 lui              x13, 0x1c000000     x13=1c000000
14979792ns          252957 1c008792 1446a683 lw               x13, 324(x13)       x13=41644a86 x13:1c000000  PA:1c000144
14980110ns          252973 1c008796 68e7f7c3 fmadd.s          f15, f15, f14, f13  f15=xxxxxxxx f15:c1410651 f14:3f43aab6 f13:41644a86
14980130ns          252974 1c00879a 1c0006b7 lui              x13, 0x1c000000     x13=1c000000
14980150ns          252975 1c00879e 1486a683 lw               x13, 328(x13)       x13=c087dba8 x13:1c000000  PA:1c000148
14980488ns          252992 1c0087a2 68e7f7c3 fmadd.s          f15, f15, f14, f13  f15=xxxxxxxx f15:40a183fe f14:3f43aab6 f13:c087dba8
14980508ns          252993 1c0087a6 00a7f553 fadd.s           f10, f15, f10       f10=xxxxxxxx f15:bec68691 f10:40e00000
14980528ns          252994 1c0087aa 00008067 jalr             x0, x1, 0            x1:1c0081c2
14980587ns          252997 1c0081c2 11557553 fmul.s           f10, f10, f21       f10=xxxxxxxx f10:40d39797 f21:3f317218
14980607ns          252998 1c0081c6 00a4222b p.sw             x10, 4(x8!)          x8=10001f18 x10:4092aa1d  x8:10001f14  PA:10001f14
14980627ns          252999 1c0081ca ff4419e3 bne              x8, x20, -14         x8:10001f18 x20:10001fd8
14980687ns          253002 1c0081bc 0049a50b p.lw             x10, 4(x19!)        x10=42a4ca63 x19=1c010584 x19:1c010580  PA:1c010580
14980985ns          253017 1c0081c0 558000ef jal              x1, 1368             x1=1c0081c2
14981005ns          253018 1c008718 e00517d3 fclass.s         x15, f10            x15=00000040 f10:42a4ca63
14981025ns          253019 1c00871c 0817f793 andi             x15, x15, 129       x15=00000000 x15:00000040
14981045ns          253020 1c008720 08079b63 bne              x15, x0, 150        x15:00000000
14981065ns          253021 1c008722 00000793 addi             x15, x0, 0          x15=00000000
14981084ns          253022 1c008726 a0f52753 feq.s            x14, f10, f15       x14=00000000 f10:42a4ca63 f15:00000000
14981104ns          253023 1c00872a 08071163 bne              x14, x0, 130        x14:00000000
14981124ns          253024 1c00872c a0f507d3 fle.s            x15, f10, f15       x15=00000000 f10:42a4ca63 f15:00000000
14981144ns          253025 1c008730 08079863 bne              x15, x0, 144        x15:00000000
14981164ns          253026 1c008732 a0a527d3 feq.s            x15, f10, f10       x15=00000001 f10:42a4ca63 f10:42a4ca63
14981184ns          253027 1c008736 08078563 beq              x15, x0, 138        x15:00000001
14981204ns          253028 1c008738 d17537b3 p.bclr           x15, x10, 8, 23     x15=0024ca63 x10:42a4ca63
14981224ns          253029 1c00873c cb87c733 p.bset           x14, x15, 5, 24     x14=3f24ca63 x15:0024ca63
14981244ns          253030 1c008740 1c0006b7 lui              x13, 0x1c000000     x13=1c000000
14981263ns          253031 1c008744 1c0007b7 lui              x15, 0x1c000000     x15=1c000000
14981283ns          253032 1c008748 1306a683 lw               x13, 304(x13)       x13=c13c5fa8 x13:1c000000  PA:1c000130
14981582ns          253047 1c00874c 12c7a783 lw               x15, 300(x15)       x15=3ff7d7e5 x15:1c000000  PA:1c00012c
14981880ns          253062 1c008750 41755513 srai             x10, x10, 0x417     x10=00000085 x10:42a4ca63
14981900ns          253063 1c008752 68e7f7c3 fmadd.s          f15, f15, f14, f13  f15=xxxxxxxx f15:3ff7d7e5 f14:3f24ca63 f13:c13c5fa8
14981920ns          253064 1c008756 1c0006b7 lui              x13, 0x1c000000     x13=1c000000
14981940ns          253065 1c00875a 1346a683 lw               x13, 308(x13)       x13=41fa6a03 x13:1c000000  PA:1c000134
14982258ns          253081 1c00875e f8250513 addi             x10, x10, -126      x10=00000007 x10:00000085
14982278ns          253082 1c008762 68e7f7c3 fmadd.s          f15, f15, f14, f13  f15=xxxxxxxx f15:c1286e60 f14:3f24ca63 f13:41fa6a03
14982298ns          253083 1c008766 1c0006b7 lui              x13, 0x1c000000     x13=1c000000
14982318ns          253084 1c00876a 1386a683 lw               x13, 312(x13)       x13=c23f0e08 x13:1c000000  PA:1c000138
14982616ns          253099 1c00876e d0057553 fcvt.s.w         f10, x10            f10=xxxxxxxx x10:00000007
14982636ns          253100 1c008772 68e7f7c3 fmadd.s          f15, f15, f14, f13  f15=xxxxxxxx f15:41c43414 f14:3f24ca63 f13:c23f0e08
14982656ns          253101 1c008776 1c0006b7 lui              x13, 0x1c000000     x13=1c000000
14982676ns          253102 1c00877a 13c6a683 lw               x13, 316(x13)       x13=42390412 x13:1c000000  PA:1c00013c
14982994ns          253118 1c00877e 68e7f7c3 fmadd.s          f15, f15, f14, f13  f15=xxxxxxxx f15:c1ffcf96 f14:3f24ca63 f13:42390412
14983014ns          253119 1c008782 1c0006b7 lui              x13, 0x1c000000     x13=1c000000
14983034ns          253120 1c008786 1406a683 lw               x13, 320(x13)       x13=c1efd21b x13:1c000000  PA:1c000140
14983352ns          253136 1c00878a 68e7f7c3 fmadd.s          f15, f15, f14, f13  f15=xxxxxxxx f15:41cd5ceb f14:3f24ca63 f13:c1efd21b
14983372ns          253137 1c00878e 1c0006b7 lui              x13, 0x1c000000     x13=1c000000
14983392ns          253138 1c008792 1446a683 lw               x13, 324(x13)       x13=41644a86 x13:1c000000  PA:1c000144
14983710ns          253154 1c008796 68e7f7c3 fmadd.s          f15, f15, f14, f13  f15=xxxxxxxx f15:c1574073 f14:3f24ca63 f13:41644a86
14983730ns          253155 1c00879a 1c0006b7 lui              x13, 0x1c000000     x13=1c000000
14983750ns          253156 1c00879e 1486a683 lw               x13, 328(x13)       x13=c087dba8 x13:1c000000  PA:1c000148
14984068ns          253172 1c0087a2 68e7f7c3 fmadd.s          f15, f15, f14, f13  f15=xxxxxxxx f15:40b37620 f14:3f24ca63 f13:c087dba8
14984088ns          253173 1c0087a6 00a7f553 fadd.s           f10, f15, f10       f10=xxxxxxxx f15:bf22b0d7 f10:40e00000
14984108ns          253174 1c0087aa 00008067 jalr             x0, x1, 0            x1:1c0081c2
14984168ns          253177 1c0081c2 11557553 fmul.s           f10, f10, f21       f10=xxxxxxxx f10:40cba9e5 f21:3f317218
14984187ns          253178 1c0081c6 00a4222b p.sw             x10, 4(x8!)          x8=10001f1c x10:408d2b3c  x8:10001f18  PA:10001f18
14984207ns          253179 1c0081ca ff4419e3 bne              x8, x20, -14         x8:10001f1c x20:10001fd8
14984267ns          253182 1c0081bc 0049a50b p.lw             x10, 4(x19!)        x10=4287408e x19=1c010588 x19:1c010584  PA:1c010584
14984565ns          253197 1c0081c0 558000ef jal              x1, 1368             x1=1c0081c2
14984585ns          253198 1c008718 e00517d3 fclass.s         x15, f10            x15=00000040 f10:4287408e
14984605ns          253199 1c00871c 0817f793 andi             x15, x15, 129       x15=00000000 x15:00000040
14984625ns          253200 1c008720 08079b63 bne              x15, x0, 150        x15:00000000
14984645ns          253201 1c008722 00000793 addi             x15, x0, 0          x15=00000000
14984665ns          253202 1c008726 a0f52753 feq.s            x14, f10, f15       x14=00000000 f10:4287408e f15:00000000
14984685ns          253203 1c00872a 08071163 bne              x14, x0, 130        x14:00000000
14984705ns          253204 1c00872c a0f507d3 fle.s            x15, f10, f15       x15=00000000 f10:4287408e f15:00000000
14984724ns          253205 1c008730 08079863 bne              x15, x0, 144        x15:00000000
14984744ns          253206 1c008732 a0a527d3 feq.s            x15, f10, f10       x15=00000001 f10:4287408e f10:4287408e
14984764ns          253207 1c008736 08078563 beq              x15, x0, 138        x15:00000001
14984784ns          253208 1c008738 d17537b3 p.bclr           x15, x10, 8, 23     x15=0007408e x10:4287408e
14984804ns          253209 1c00873c cb87c733 p.bset           x14, x15, 5, 24     x14=3f07408e x15:0007408e
14984824ns          253210 1c008740 1c0006b7 lui              x13, 0x1c000000     x13=1c000000
14984844ns          253211 1c008744 1c0007b7 lui              x15, 0x1c000000     x15=1c000000
14984864ns          253212 1c008748 1306a683 lw               x13, 304(x13)       x13=c13c5fa8 x13:1c000000  PA:1c000130
14985162ns          253227 1c00874c 12c7a783 lw               x15, 300(x15)       x15=3ff7d7e5 x15:1c000000  PA:1c00012c
14985460ns          253242 1c008750 41755513 srai             x10, x10, 0x417     x10=00000085 x10:4287408e
14985480ns          253243 1c008752 68e7f7c3 fmadd.s          f15, f15, f14, f13  f15=xxxxxxxx f15:3ff7d7e5 f14:3f07408e f13:c13c5fa8
14985500ns          253244 1c008756 1c0006b7 lui              x13, 0x1c000000     x13=1c000000
14985520ns          253245 1c00875a 1346a683 lw               x13, 308(x13)       x13=41fa6a03 x13:1c000000  PA:1c000134
14985818ns          253260 1c00875e f8250513 addi             x10, x10, -126      x10=00000007 x10:00000085
14985838ns          253261 1c008762 68e7f7c3 fmadd.s          f15, f15, f14, f13  f15=xxxxxxxx f15:c12c017d f14:3f07408e f13:41fa6a03
14985858ns          253262 1c008766 1c0006b7 lui              x13, 0x1c000000     x13=1c000000
14985878ns          253263 1c00876a 1386a683 lw               x13, 312(x13)       x13=c23f0e08 x13:1c000000  PA:1c000138
14986216ns          253280 1c00876e d0057553 fcvt.s.w         f10, x10            f10=xxxxxxxx x10:00000007
14986236ns          253281 1c008772 68e7f7c3 fmadd.s          f15, f15, f14, f13  f15=xxxxxxxx f15:41ccf9ef f14:3f07408e f13:c23f0e08
14986256ns          253282 1c008776 1c0006b7 lui              x13, 0x1c000000     x13=1c000000
14986276ns          253283 1c00877a 13c6a683 lw               x13, 316(x13)       x13=42390412 x13:1c000000  PA:1c00013c
14986594ns          253299 1c00877e 68e7f7c3 fmadd.s          f15, f15, f14, f13  f15=xxxxxxxx f15:c208e849 f14:3f07408e f13:42390412
14986614ns          253300 1c008782 1c0006b7 lui              x13, 0x1c000000     x13=1c000000
14986634ns          253301 1c008786 1406a683 lw               x13, 320(x13)       x13=c1efd21b x13:1c000000  PA:1c000140
14986952ns          253317 1c00878a 68e7f7c3 fmadd.s          f15, f15, f14, f13  f15=xxxxxxxx f15:41e15e1b f14:3f07408e f13:c1efd21b
14986972ns          253318 1c00878e 1c0006b7 lui              x13, 0x1c000000     x13=1c000000
14986992ns          253319 1c008792 1446a683 lw               x13, 324(x13)       x13=41644a86 x13:1c000000  PA:1c000144
14987310ns          253335 1c008796 68e7f7c3 fmadd.s          f15, f15, f14, f13  f15=xxxxxxxx f15:c171814c f14:3f07408e f13:41644a86
14987330ns          253336 1c00879a 1c0006b7 lui              x13, 0x1c000000     x13=1c000000
14987350ns          253337 1c00879e 1486a683 lw               x13, 328(x13)       x13=c087dba8 x13:1c000000  PA:1c000148
14987668ns          253353 1c0087a2 68e7f7c3 fmadd.s          f15, f15, f14, f13  f15=xxxxxxxx f15:40c964e1 f14:3f07408e f13:c087dba8
14987688ns          253354 1c0087a6 00a7f553 fadd.s           f10, f15, f10       f10=xxxxxxxx f15:bf6ba563 f10:40e00000
14987708ns          253355 1c0087aa 00008067 jalr             x0, x1, 0            x1:1c0081c2
14987768ns          253358 1c0081c2 11557553 fmul.s           f10, f10, f21       f10=xxxxxxxx f10:40c28b54 f21:3f317218
14987788ns          253359 1c0081c6 00a4222b p.sw             x10, 4(x8!)          x8=10001f20 x10:4086d909  x8:10001f1c  PA:10001f1c
14987808ns          253360 1c0081ca ff4419e3 bne              x8, x20, -14         x8:10001f20 x20:10001fd8
14987867ns          253363 1c0081bc 0049a50b p.lw             x10, 4(x19!)        x10=423f4a61 x19=1c01058c x19:1c010588  PA:1c010588
14988166ns          253378 1c0081c0 558000ef jal              x1, 1368             x1=1c0081c2
14988185ns          253379 1c008718 e00517d3 fclass.s         x15, f10            x15=00000040 f10:423f4a61
14988205ns          253380 1c00871c 0817f793 andi             x15, x15, 129       x15=00000000 x15:00000040
14988225ns          253381 1c008720 08079b63 bne              x15, x0, 150        x15:00000000
14988245ns          253382 1c008722 00000793 addi             x15, x0, 0          x15=00000000
14988265ns          253383 1c008726 a0f52753 feq.s            x14, f10, f15       x14=00000000 f10:423f4a61 f15:00000000
14988285ns          253384 1c00872a 08071163 bne              x14, x0, 130        x14:00000000
14988305ns          253385 1c00872c a0f507d3 fle.s            x15, f10, f15       x15=00000000 f10:423f4a61 f15:00000000
14988325ns          253386 1c008730 08079863 bne              x15, x0, 144        x15:00000000
14988345ns          253387 1c008732 a0a527d3 feq.s            x15, f10, f10       x15=00000001 f10:423f4a61 f10:423f4a61
14988364ns          253388 1c008736 08078563 beq              x15, x0, 138        x15:00000001
14988384ns          253389 1c008738 d17537b3 p.bclr           x15, x10, 8, 23     x15=003f4a61 x10:423f4a61
14988404ns          253390 1c00873c cb87c733 p.bset           x14, x15, 5, 24     x14=3f3f4a61 x15:003f4a61
14988424ns          253391 1c008740 1c0006b7 lui              x13, 0x1c000000     x13=1c000000
14988444ns          253392 1c008744 1c0007b7 lui              x15, 0x1c000000     x15=1c000000
14988464ns          253393 1c008748 1306a683 lw               x13, 304(x13)       x13=c13c5fa8 x13:1c000000  PA:1c000130
14988762ns          253408 1c00874c 12c7a783 lw               x15, 300(x15)       x15=3ff7d7e5 x15:1c000000  PA:1c00012c
14989061ns          253423 1c008750 41755513 srai             x10, x10, 0x417     x10=00000084 x10:423f4a61
14989081ns          253424 1c008752 68e7f7c3 fmadd.s          f15, f15, f14, f13  f15=xxxxxxxx f15:3ff7d7e5 f14:3f3f4a61 f13:c13c5fa8
14989100ns          253425 1c008756 1c0006b7 lui              x13, 0x1c000000     x13=1c000000
14989120ns          253426 1c00875a 1346a683 lw               x13, 308(x13)       x13=41fa6a03 x13:1c000000  PA:1c000134
14989419ns          253441 1c00875e f8250513 addi             x10, x10, -126      x10=00000006 x10:00000084
14989439ns          253442 1c008762 68e7f7c3 fmadd.s          f15, f15, f14, f13  f15=xxxxxxxx f15:c1253965 f14:3f3f4a61 f13:41fa6a03
14989458ns          253443 1c008766 1c0006b7 lui              x13, 0x1c000000     x13=1c000000
14989478ns          253444 1c00876a 1386a683 lw               x13, 312(x13)       x13=c23f0e08 x13:1c000000  PA:1c000138
14989777ns          253459 1c00876e d0057553 fcvt.s.w         f10, x10            f10=xxxxxxxx x10:00000006
14989797ns          253460 1c008772 68e7f7c3 fmadd.s          f15, f15, f14, f13  f15=xxxxxxxx f15:41bcaf19 f14:3f3f4a61 f13:c23f0e08
14989816ns          253461 1c008776 1c0006b7 lui              x13, 0x1c000000     x13=1c000000
14989836ns          253462 1c00877a 13c6a683 lw               x13, 316(x13)       x13=42390412 x13:1c000000  PA:1c00013c
14990194ns          253480 1c00877e 68e7f7c3 fmadd.s          f15, f15, f14, f13  f15=xxxxxxxx f15:c1f11e9a f14:3f3f4a61 f13:42390412
14990214ns          253481 1c008782 1c0006b7 lui              x13, 0x1c000000     x13=1c000000
14990234ns          253482 1c008786 1406a683 lw               x13, 320(x13)       x13=c1efd21b x13:1c000000  PA:1c000140
14990552ns          253498 1c00878a 68e7f7c3 fmadd.s          f15, f15, f14, f13  f15=xxxxxxxx f15:41bddc41 f14:3f3f4a61 f13:c1efd21b
14990572ns          253499 1c00878e 1c0006b7 lui              x13, 0x1c000000     x13=1c000000
14990592ns          253500 1c008792 1446a683 lw               x13, 324(x13)       x13=41644a86 x13:1c000000  PA:1c000144
14990910ns          253516 1c008796 68e7f7c3 fmadd.s          f15, f15, f14, f13  f15=xxxxxxxx f15:c143e73a f14:3f3f4a61 f13:41644a86
14990930ns          253517 1c00879a 1c0006b7 lui              x13, 0x1c000000     x13=1c000000
14990950ns          253518 1c00879e 1486a683 lw               x13, 328(x13)       x13=c087dba8 x13:1c000000  PA:1c000148
14991269ns          253534 1c0087a2 68e7f7c3 fmadd.s          f15, f15, f14, f13  f15=xxxxxxxx f15:40a3d02d f14:3f3f4a61 f13:c087dba8
14991288ns          253535 1c0087a6 00a7f553 fadd.s           f10, f15, f10       f10=xxxxxxxx f15:bed73be3 f10:40c00000
14991308ns          253536 1c0087aa 00008067 jalr             x0, x1, 0            x1:1c0081c2
14991368ns          253539 1c0081c2 11557553 fmul.s           f10, f10, f21       f10=xxxxxxxx f10:40b28c42 f21:3f317218
14991388ns          253540 1c0081c6 00a4222b p.sw             x10, 4(x8!)          x8=10001f24 x10:4077851a  x8:10001f20  PA:10001f20
14991408ns          253541 1c0081ca ff4419e3 bne              x8, x20, -14         x8:10001f24 x20:10001fd8
14991467ns          253544 1c0081bc 0049a50b p.lw             x10, 4(x19!)        x10=40fbe6f5 x19=1c010590 x19:1c01058c  PA:1c01058c
14991766ns          253559 1c0081c0 558000ef jal              x1, 1368             x1=1c0081c2
14991786ns          253560 1c008718 e00517d3 fclass.s         x15, f10            x15=00000040 f10:40fbe6f5
14991806ns          253561 1c00871c 0817f793 andi             x15, x15, 129       x15=00000000 x15:00000040
14991825ns          253562 1c008720 08079b63 bne              x15, x0, 150        x15:00000000
14991845ns          253563 1c008722 00000793 addi             x15, x0, 0          x15=00000000
14991865ns          253564 1c008726 a0f52753 feq.s            x14, f10, f15       x14=00000000 f10:40fbe6f5 f15:00000000
14991885ns          253565 1c00872a 08071163 bne              x14, x0, 130        x14:00000000
14991905ns          253566 1c00872c a0f507d3 fle.s            x15, f10, f15       x15=00000000 f10:40fbe6f5 f15:00000000
14991925ns          253567 1c008730 08079863 bne              x15, x0, 144        x15:00000000
14991945ns          253568 1c008732 a0a527d3 feq.s            x15, f10, f10       x15=00000001 f10:40fbe6f5 f10:40fbe6f5
14991965ns          253569 1c008736 08078563 beq              x15, x0, 138        x15:00000001
14991985ns          253570 1c008738 d17537b3 p.bclr           x15, x10, 8, 23     x15=007be6f5 x10:40fbe6f5
14992004ns          253571 1c00873c cb87c733 p.bset           x14, x15, 5, 24     x14=3f7be6f5 x15:007be6f5
14992024ns          253572 1c008740 1c0006b7 lui              x13, 0x1c000000     x13=1c000000
14992044ns          253573 1c008744 1c0007b7 lui              x15, 0x1c000000     x15=1c000000
14992064ns          253574 1c008748 1306a683 lw               x13, 304(x13)       x13=c13c5fa8 x13:1c000000  PA:1c000130
14992402ns          253591 1c00874c 12c7a783 lw               x15, 300(x15)       x15=3ff7d7e5 x15:1c000000  PA:1c00012c
14992701ns          253606 1c008750 41755513 srai             x10, x10, 0x417     x10=00000081 x10:40fbe6f5
14992721ns          253607 1c008752 68e7f7c3 fmadd.s          f15, f15, f14, f13  f15=xxxxxxxx f15:3ff7d7e5 f14:3f7be6f5 f13:c13c5fa8
14992740ns          253608 1c008756 1c0006b7 lui              x13, 0x1c000000     x13=1c000000
14992760ns          253609 1c00875a 1346a683 lw               x13, 308(x13)       x13=41fa6a03 x13:1c000000  PA:1c000134
14993059ns          253624 1c00875e f8250513 addi             x10, x10, -126      x10=00000003 x10:00000081
14993079ns          253625 1c008762 68e7f7c3 fmadd.s          f15, f15, f14, f13  f15=xxxxxxxx f15:c11de39f f14:3f7be6f5 f13:41fa6a03
14993098ns          253626 1c008766 1c0006b7 lui              x13, 0x1c000000     x13=1c000000
14993118ns          253627 1c00876a 1386a683 lw               x13, 312(x13)       x13=c23f0e08 x13:1c000000  PA:1c000138
14993417ns          253642 1c00876e d0057553 fcvt.s.w         f10, x10            f10=xxxxxxxx x10:00000003
14993437ns          253643 1c008772 68e7f7c3 fmadd.s          f15, f15, f14, f13  f15=xxxxxxxx f15:41acbbb4 f14:3f7be6f5 f13:c23f0e08
14993456ns          253644 1c008776 1c0006b7 lui              x13, 0x1c000000     x13=1c000000
14993476ns          253645 1c00877a 13c6a683 lw               x13, 316(x13)       x13=42390412 x13:1c000000  PA:1c00013c
14993834ns          253663 1c00877e 68e7f7c3 fmadd.s          f15, f15, f14, f13  f15=xxxxxxxx f15:c1d42431 f14:3f7be6f5 f13:42390412
14993854ns          253664 1c008782 1c0006b7 lui              x13, 0x1c000000     x13=1c000000
14993874ns          253665 1c008786 1406a683 lw               x13, 320(x13)       x13=c1efd21b x13:1c000000  PA:1c000140
14994192ns          253681 1c00878a 68e7f7c3 fmadd.s          f15, f15, f14, f13  f15=xxxxxxxx f15:41a14944 f14:3f7be6f5 f13:c1efd21b
14994212ns          253682 1c00878e 1c0006b7 lui              x13, 0x1c000000     x13=1c000000
14994232ns          253683 1c008792 1446a683 lw               x13, 324(x13)       x13=41644a86 x13:1c000000  PA:1c000144
14994550ns          253699 1c008796 68e7f7c3 fmadd.s          f15, f15, f14, f13  f15=xxxxxxxx f15:c1223b86 f14:3f7be6f5 f13:41644a86
14994570ns          253700 1c00879a 1c0006b7 lui              x13, 0x1c000000     x13=1c000000
14994590ns          253701 1c00879e 1486a683 lw               x13, 328(x13)       x13=c087dba8 x13:1c000000  PA:1c000148
14994928ns          253718 1c0087a2 68e7f7c3 fmadd.s          f15, f15, f14, f13  f15=xxxxxxxx f15:40894f9a f14:3f7be6f5 f13:c087dba8
14994948ns          253719 1c0087a6 00a7f553 fadd.s           f10, f15, f10       f10=xxxxxxxx f15:bcbebb14 f10:40400000
14994968ns          253720 1c0087aa 00008067 jalr             x0, x1, 0            x1:1c0081c2
14995028ns          253723 1c0081c2 11557553 fmul.s           f10, f10, f21       f10=xxxxxxxx f10:403e828a f21:3f317218
14995048ns          253724 1c0081c6 00a4222b p.sw             x10, 4(x8!)          x8=10001f28 x10:40040d29  x8:10001f24  PA:10001f24
14995068ns          253725 1c0081ca ff4419e3 bne              x8, x20, -14         x8:10001f28 x20:10001fd8
14995127ns          253728 1c0081bc 0049a50b p.lw             x10, 4(x19!)        x10=42b7ad0b x19=1c010594 x19:1c010590  PA:1c010590
14995426ns          253743 1c0081c0 558000ef jal              x1, 1368             x1=1c0081c2
14995446ns          253744 1c008718 e00517d3 fclass.s         x15, f10            x15=00000040 f10:42b7ad0b
14995465ns          253745 1c00871c 0817f793 andi             x15, x15, 129       x15=00000000 x15:00000040
14995485ns          253746 1c008720 08079b63 bne              x15, x0, 150        x15:00000000
14995505ns          253747 1c008722 00000793 addi             x15, x0, 0          x15=00000000
14995525ns          253748 1c008726 a0f52753 feq.s            x14, f10, f15       x14=00000000 f10:42b7ad0b f15:00000000
14995545ns          253749 1c00872a 08071163 bne              x14, x0, 130        x14:00000000
14995565ns          253750 1c00872c a0f507d3 fle.s            x15, f10, f15       x15=00000000 f10:42b7ad0b f15:00000000
14995585ns          253751 1c008730 08079863 bne              x15, x0, 144        x15:00000000
14995605ns          253752 1c008732 a0a527d3 feq.s            x15, f10, f10       x15=00000001 f10:42b7ad0b f10:42b7ad0b
14995625ns          253753 1c008736 08078563 beq              x15, x0, 138        x15:00000001
14995644ns          253754 1c008738 d17537b3 p.bclr           x15, x10, 8, 23     x15=0037ad0b x10:42b7ad0b
14995664ns          253755 1c00873c cb87c733 p.bset           x14, x15, 5, 24     x14=3f37ad0b x15:0037ad0b
14995684ns          253756 1c008740 1c0006b7 lui              x13, 0x1c000000     x13=1c000000
14995704ns          253757 1c008744 1c0007b7 lui              x15, 0x1c000000     x15=1c000000
14995724ns          253758 1c008748 1306a683 lw               x13, 304(x13)       x13=c13c5fa8 x13:1c000000  PA:1c000130
14996022ns          253773 1c00874c 12c7a783 lw               x15, 300(x15)       x15=3ff7d7e5 x15:1c000000  PA:1c00012c
14996341ns          253789 1c008750 41755513 srai             x10, x10, 0x417     x10=00000085 x10:42b7ad0b
14996361ns          253790 1c008752 68e7f7c3 fmadd.s          f15, f15, f14, f13  f15=xxxxxxxx f15:3ff7d7e5 f14:3f37ad0b f13:c13c5fa8
14996380ns          253791 1c008756 1c0006b7 lui              x13, 0x1c000000     x13=1c000000
14996400ns          253792 1c00875a 1346a683 lw               x13, 308(x13)       x13=41fa6a03 x13:1c000000  PA:1c000134
14996699ns          253807 1c00875e f8250513 addi             x10, x10, -126      x10=00000007 x10:00000085
14996719ns          253808 1c008762 68e7f7c3 fmadd.s          f15, f15, f14, f13  f15=xxxxxxxx f15:c126254c f14:3f37ad0b f13:41fa6a03
14996738ns          253809 1c008766 1c0006b7 lui              x13, 0x1c000000     x13=1c000000
14996758ns          253810 1c00876a 1386a683 lw               x13, 312(x13)       x13=c23f0e08 x13:1c000000  PA:1c000138
14997057ns          253825 1c00876e d0057553 fcvt.s.w         f10, x10            f10=xxxxxxxx x10:00000007
14997077ns          253826 1c008772 68e7f7c3 fmadd.s          f15, f15, f14, f13  f15=xxxxxxxx f15:41becf87 f14:3f37ad0b f13:c23f0e08
14997097ns          253827 1c008776 1c0006b7 lui              x13, 0x1c000000     x13=1c000000
14997116ns          253828 1c00877a 13c6a683 lw               x13, 316(x13)       x13=42390412 x13:1c000000  PA:1c00013c
14997435ns          253844 1c00877e 68e7f7c3 fmadd.s          f15, f15, f14, f13  f15=xxxxxxxx f15:c1f534bc f14:3f37ad0b f13:42390412
14997455ns          253845 1c008782 1c0006b7 lui              x13, 0x1c000000     x13=1c000000
14997474ns          253846 1c008786 1406a683 lw               x13, 320(x13)       x13=c1efd21b x13:1c000000  PA:1c000140
14997793ns          253862 1c00878a 68e7f7c3 fmadd.s          f15, f15, f14, f13  f15=xxxxxxxx f15:41c219b2 f14:3f37ad0b f13:c1efd21b
14997813ns          253863 1c00878e 1c0006b7 lui              x13, 0x1c000000     x13=1c000000
14997832ns          253864 1c008792 1446a683 lw               x13, 324(x13)       x13=41644a86 x13:1c000000  PA:1c000144
14998151ns          253880 1c008796 68e7f7c3 fmadd.s          f15, f15, f14, f13  f15=xxxxxxxx f15:c1491d12 f14:3f37ad0b f13:41644a86
14998171ns          253881 1c00879a 1c0006b7 lui              x13, 0x1c000000     x13=1c000000
14998190ns          253882 1c00879e 1486a683 lw               x13, 328(x13)       x13=c087dba8 x13:1c000000  PA:1c000148
14998529ns          253899 1c0087a2 68e7f7c3 fmadd.s          f15, f15, f14, f13  f15=xxxxxxxx f15:40a7fd9a f14:3f37ad0b f13:c087dba8
14998549ns          253900 1c0087a6 00a7f553 fadd.s           f10, f15, f10       f10=xxxxxxxx f15:bef53d15 f10:40e00000
14998568ns          253901 1c0087aa 00008067 jalr             x0, x1, 0            x1:1c0081c2
14998628ns          253904 1c0081c2 11557553 fmul.s           f10, f10, f21       f10=xxxxxxxx f10:40d0ac2f f21:3f317218
14998648ns          253905 1c0081c6 00a4222b p.sw             x10, 4(x8!)          x8=10001f2c x10:4090a40d  x8:10001f28  PA:10001f28
14998668ns          253906 1c0081ca ff4419e3 bne              x8, x20, -14         x8:10001f2c x20:10001fd8
14998728ns          253909 1c0081bc 0049a50b p.lw             x10, 4(x19!)        x10=42ab07ca x19=1c010598 x19:1c010594  PA:1c010594
14999046ns          253925 1c0081c0 558000ef jal              x1, 1368             x1=1c0081c2
14999066ns          253926 1c008718 e00517d3 fclass.s         x15, f10            x15=00000040 f10:42ab07ca
14999086ns          253927 1c00871c 0817f793 andi             x15, x15, 129       x15=00000000 x15:00000040
14999105ns          253928 1c008720 08079b63 bne              x15, x0, 150        x15:00000000
14999125ns          253929 1c008722 00000793 addi             x15, x0, 0          x15=00000000
14999145ns          253930 1c008726 a0f52753 feq.s            x14, f10, f15       x14=00000000 f10:42ab07ca f15:00000000
14999165ns          253931 1c00872a 08071163 bne              x14, x0, 130        x14:00000000
14999185ns          253932 1c00872c a0f507d3 fle.s            x15, f10, f15       x15=00000000 f10:42ab07ca f15:00000000
14999205ns          253933 1c008730 08079863 bne              x15, x0, 144        x15:00000000
14999225ns          253934 1c008732 a0a527d3 feq.s            x15, f10, f10       x15=00000001 f10:42ab07ca f10:42ab07ca
14999245ns          253935 1c008736 08078563 beq              x15, x0, 138        x15:00000001
14999265ns          253936 1c008738 d17537b3 p.bclr           x15, x10, 8, 23     x15=002b07ca x10:42ab07ca
14999284ns          253937 1c00873c cb87c733 p.bset           x14, x15, 5, 24     x14=3f2b07ca x15:002b07ca
14999304ns          253938 1c008740 1c0006b7 lui              x13, 0x1c000000     x13=1c000000
14999324ns          253939 1c008744 1c0007b7 lui              x15, 0x1c000000     x15=1c000000
14999344ns          253940 1c008748 1306a683 lw               x13, 304(x13)       x13=c13c5fa8 x13:1c000000  PA:1c000130
14999643ns          253955 1c00874c 12c7a783 lw               x15, 300(x15)       x15=3ff7d7e5 x15:1c000000  PA:1c00012c
14999941ns          253970 1c008750 41755513 srai             x10, x10, 0x417     x10=00000085 x10:42ab07ca
14999961ns          253971 1c008752 68e7f7c3 fmadd.s          f15, f15, f14, f13  f15=xxxxxxxx f15:3ff7d7e5 f14:3f2b07ca f13:c13c5fa8
14999981ns          253972 1c008756 1c0006b7 lui              x13, 0x1c000000     x13=1c000000
15000001ns          253973 1c00875a 1346a683 lw               x13, 308(x13)       x13=41fa6a03 x13:1c000000  PA:1c000134
15000319ns          253989 1c00875e f8250513 addi             x10, x10, -126      x10=00000007 x10:00000085
15000339ns          253990 1c008762 68e7f7c3 fmadd.s          f15, f15, f14, f13  f15=xxxxxxxx f15:c127ad10 f14:3f2b07ca f13:41fa6a03
15000359ns          253991 1c008766 1c0006b7 lui              x13, 0x1c000000     x13=1c000000
15000378ns          253992 1c00876a 1386a683 lw               x13, 312(x13)       x13=c23f0e08 x13:1c000000  PA:1c000138
15000677ns          254007 1c00876e d0057553 fcvt.s.w         f10, x10            f10=xxxxxxxx x10:00000007
15000697ns          254008 1c008772 68e7f7c3 fmadd.s          f15, f15, f14, f13  f15=xxxxxxxx f15:41c26729 f14:3f2b07ca f13:c23f0e08
15000717ns          254009 1c008776 1c0006b7 lui              x13, 0x1c000000     x13=1c000000
15000737ns          254010 1c00877a 13c6a683 lw               x13, 316(x13)       x13=42390412 x13:1c000000  PA:1c00013c
15001055ns          254026 1c00877e 68e7f7c3 fmadd.s          f15, f15, f14, f13  f15=xxxxxxxx f15:c1fc3b3d f14:3f2b07ca f13:42390412
15001075ns          254027 1c008782 1c0006b7 lui              x13, 0x1c000000     x13=1c000000
15001095ns          254028 1c008786 1406a683 lw               x13, 320(x13)       x13=c1efd21b x13:1c000000  PA:1c000140
15001413ns          254044 1c00878a 68e7f7c3 fmadd.s          f15, f15, f14, f13  f15=xxxxxxxx f15:41c984e6 f14:3f2b07ca f13:c1efd21b
15001433ns          254045 1c00878e 1c0006b7 lui              x13, 0x1c000000     x13=1c000000
15001453ns          254046 1c008792 1446a683 lw               x13, 324(x13)       x13=41644a86 x13:1c000000  PA:1c000144
15001791ns          254063 1c008796 68e7f7c3 fmadd.s          f15, f15, f14, f13  f15=xxxxxxxx f15:c1526067 f14:3f2b07ca f13:41644a86
15001811ns          254064 1c00879a 1c0006b7 lui              x13, 0x1c000000     x13=1c000000
15001831ns          254065 1c00879e 1486a683 lw               x13, 328(x13)       x13=c087dba8 x13:1c000000  PA:1c000148
15002149ns          254081 1c0087a2 68e7f7c3 fmadd.s          f15, f15, f14, f13  f15=xxxxxxxx f15:40af7b75 f14:3f2b07ca f13:c087dba8
15002169ns          254082 1c0087a6 00a7f553 fadd.s           f10, f15, f10       f10=xxxxxxxx f15:bf14f6d0 f10:40e00000
15002189ns          254083 1c0087aa 00008067 jalr             x0, x1, 0            x1:1c0081c2
15002248ns          254086 1c0081c2 11557553 fmul.s           f10, f10, f21       f10=xxxxxxxx f10:40cd6126 f21:3f317218
15002268ns          254087 1c0081c6 00a4222b p.sw             x10, 4(x8!)          x8=10001f30 x10:408e5bb4  x8:10001f2c  PA:10001f2c
15002288ns          254088 1c0081ca ff4419e3 bne              x8, x20, -14         x8:10001f30 x20:10001fd8
15002348ns          254091 1c0081bc 0049a50b p.lw             x10, 4(x19!)        x10=425e8e14 x19=1c01059c x19:1c010598  PA:1c010598
15002646ns          254106 1c0081c0 558000ef jal              x1, 1368             x1=1c0081c2
15002666ns          254107 1c008718 e00517d3 fclass.s         x15, f10            x15=00000040 f10:425e8e14
15002686ns          254108 1c00871c 0817f793 andi             x15, x15, 129       x15=00000000 x15:00000040
15002706ns          254109 1c008720 08079b63 bne              x15, x0, 150        x15:00000000
15002726ns          254110 1c008722 00000793 addi             x15, x0, 0          x15=00000000
15002745ns          254111 1c008726 a0f52753 feq.s            x14, f10, f15       x14=00000000 f10:425e8e14 f15:00000000
15002765ns          254112 1c00872a 08071163 bne              x14, x0, 130        x14:00000000
15002785ns          254113 1c00872c a0f507d3 fle.s            x15, f10, f15       x15=00000000 f10:425e8e14 f15:00000000
15002805ns          254114 1c008730 08079863 bne              x15, x0, 144        x15:00000000
15002825ns          254115 1c008732 a0a527d3 feq.s            x15, f10, f10       x15=00000001 f10:425e8e14 f10:425e8e14
15002845ns          254116 1c008736 08078563 beq              x15, x0, 138        x15:00000001
15002865ns          254117 1c008738 d17537b3 p.bclr           x15, x10, 8, 23     x15=005e8e14 x10:425e8e14
15002885ns          254118 1c00873c cb87c733 p.bset           x14, x15, 5, 24     x14=3f5e8e14 x15:005e8e14
15002905ns          254119 1c008740 1c0006b7 lui              x13, 0x1c000000     x13=1c000000
15002924ns          254120 1c008744 1c0007b7 lui              x15, 0x1c000000     x15=1c000000
15002944ns          254121 1c008748 1306a683 lw               x13, 304(x13)       x13=c13c5fa8 x13:1c000000  PA:1c000130
15003243ns          254136 1c00874c 12c7a783 lw               x15, 300(x15)       x15=3ff7d7e5 x15:1c000000  PA:1c00012c
15003541ns          254151 1c008750 41755513 srai             x10, x10, 0x417     x10=00000084 x10:425e8e14
15003561ns          254152 1c008752 68e7f7c3 fmadd.s          f15, f15, f14, f13  f15=xxxxxxxx f15:3ff7d7e5 f14:3f5e8e14 f13:c13c5fa8
15003581ns          254153 1c008756 1c0006b7 lui              x13, 0x1c000000     x13=1c000000
15003601ns          254154 1c00875a 1346a683 lw               x13, 308(x13)       x13=41fa6a03 x13:1c000000  PA:1c000134
15003899ns          254169 1c00875e f8250513 addi             x10, x10, -126      x10=00000006 x10:00000084
15003919ns          254170 1c008762 68e7f7c3 fmadd.s          f15, f15, f14, f13  f15=xxxxxxxx f15:c12170cf f14:3f5e8e14 f13:41fa6a03
15003939ns          254171 1c008766 1c0006b7 lui              x13, 0x1c000000     x13=1c000000
15003959ns          254172 1c00876a 1386a683 lw               x13, 312(x13)       x13=c23f0e08 x13:1c000000  PA:1c000138
15004257ns          254187 1c00876e d0057553 fcvt.s.w         f10, x10            f10=xxxxxxxx x10:00000006
15004277ns          254188 1c008772 68e7f7c3 fmadd.s          f15, f15, f14, f13  f15=xxxxxxxx f15:41b43d4d f14:3f5e8e14 f13:c23f0e08
15004297ns          254189 1c008776 1c0006b7 lui              x13, 0x1c000000     x13=1c000000
15004317ns          254190 1c00877a 13c6a683 lw               x13, 316(x13)       x13=42390412 x13:1c000000  PA:1c00013c
15004635ns          254206 1c00877e 68e7f7c3 fmadd.s          f15, f15, f14, f13  f15=xxxxxxxx f15:c1e16adf f14:3f5e8e14 f13:42390412
15004655ns          254207 1c008782 1c0006b7 lui              x13, 0x1c000000     x13=1c000000
15004675ns          254208 1c008786 1406a683 lw               x13, 320(x13)       x13=c1efd21b x13:1c000000  PA:1c000140
15004993ns          254224 1c00878a 68e7f7c3 fmadd.s          f15, f15, f14, f13  f15=xxxxxxxx f15:41ae105c f14:3f5e8e14 f13:c1efd21b
15005013ns          254225 1c00878e 1c0006b7 lui              x13, 0x1c000000     x13=1c000000
15005033ns          254226 1c008792 1446a683 lw               x13, 324(x13)       x13=41644a86 x13:1c000000  PA:1c000144
15005351ns          254242 1c008796 68e7f7c3 fmadd.s          f15, f15, f14, f13  f15=xxxxxxxx f15:c130fea1 f14:3f5e8e14 f13:41644a86
15005371ns          254243 1c00879a 1c0006b7 lui              x13, 0x1c000000     x13=1c000000
15005391ns          254244 1c00879e 1486a683 lw               x13, 328(x13)       x13=c087dba8 x13:1c000000  PA:1c000148
15005729ns          254261 1c0087a2 68e7f7c3 fmadd.s          f15, f15, f14, f13  f15=xxxxxxxx f15:4094d6f7 f14:3f5e8e14 f13:c087dba8
15005749ns          254262 1c0087a6 00a7f553 fadd.s           f10, f15, f10       f10=xxxxxxxx f15:be4ed45e f10:40c00000
15005769ns          254263 1c0087aa 00008067 jalr             x0, x1, 0            x1:1c0081c2
15005829ns          254266 1c0081c2 11557553 fmul.s           f10, f10, f21       f10=xxxxxxxx f10:40b9895d f21:3f317218
15005848ns          254267 1c0081c6 00a4222b p.sw             x10, 4(x8!)          x8=10001f34 x10:40809aaa  x8:10001f30  PA:10001f30
15005868ns          254268 1c0081ca ff4419e3 bne              x8, x20, -14         x8:10001f34 x20:10001fd8
15005928ns          254271 1c0081bc 0049a50b p.lw             x10, 4(x19!)        x10=42ad85a8 x19=1c0105a0 x19:1c01059c  PA:1c01059c
15006226ns          254286 1c0081c0 558000ef jal              x1, 1368             x1=1c0081c2
15006246ns          254287 1c008718 e00517d3 fclass.s         x15, f10            x15=00000040 f10:42ad85a8
15006266ns          254288 1c00871c 0817f793 andi             x15, x15, 129       x15=00000000 x15:00000040
15006286ns          254289 1c008720 08079b63 bne              x15, x0, 150        x15:00000000
15006306ns          254290 1c008722 00000793 addi             x15, x0, 0          x15=00000000
15006326ns          254291 1c008726 a0f52753 feq.s            x14, f10, f15       x14=00000000 f10:42ad85a8 f15:00000000
15006346ns          254292 1c00872a 08071163 bne              x14, x0, 130        x14:00000000
15006366ns          254293 1c00872c a0f507d3 fle.s            x15, f10, f15       x15=00000000 f10:42ad85a8 f15:00000000
15006385ns          254294 1c008730 08079863 bne              x15, x0, 144        x15:00000000
15006405ns          254295 1c008732 a0a527d3 feq.s            x15, f10, f10       x15=00000001 f10:42ad85a8 f10:42ad85a8
15006425ns          254296 1c008736 08078563 beq              x15, x0, 138        x15:00000001
15006445ns          254297 1c008738 d17537b3 p.bclr           x15, x10, 8, 23     x15=002d85a8 x10:42ad85a8
15006465ns          254298 1c00873c cb87c733 p.bset           x14, x15, 5, 24     x14=3f2d85a8 x15:002d85a8
15006485ns          254299 1c008740 1c0006b7 lui              x13, 0x1c000000     x13=1c000000
15006505ns          254300 1c008744 1c0007b7 lui              x15, 0x1c000000     x15=1c000000
15006525ns          254301 1c008748 1306a683 lw               x13, 304(x13)       x13=c13c5fa8 x13:1c000000  PA:1c000130
15006823ns          254316 1c00874c 12c7a783 lw               x15, 300(x15)       x15=3ff7d7e5 x15:1c000000  PA:1c00012c
15007121ns          254331 1c008750 41755513 srai             x10, x10, 0x417     x10=00000085 x10:42ad85a8
15007141ns          254332 1c008752 68e7f7c3 fmadd.s          f15, f15, f14, f13  f15=xxxxxxxx f15:3ff7d7e5 f14:3f2d85a8 f13:c13c5fa8
15007161ns          254333 1c008756 1c0006b7 lui              x13, 0x1c000000     x13=1c000000
15007181ns          254334 1c00875a 1346a683 lw               x13, 308(x13)       x13=41fa6a03 x13:1c000000  PA:1c000134
15007479ns          254349 1c00875e f8250513 addi             x10, x10, -126      x10=00000007 x10:00000085
15007499ns          254350 1c008762 68e7f7c3 fmadd.s          f15, f15, f14, f13  f15=xxxxxxxx f15:c1275fdf f14:3f2d85a8 f13:41fa6a03
15007519ns          254351 1c008766 1c0006b7 lui              x13, 0x1c000000     x13=1c000000
15007539ns          254352 1c00876a 1386a683 lw               x13, 312(x13)       x13=c23f0e08 x13:1c000000  PA:1c000138
15007877ns          254369 1c00876e d0057553 fcvt.s.w         f10, x10            f10=xxxxxxxx x10:00000007
15007897ns          254370 1c008772 68e7f7c3 fmadd.s          f15, f15, f14, f13  f15=xxxxxxxx f15:41c1b06d f14:3f2d85a8 f13:c23f0e08
15007917ns          254371 1c008776 1c0006b7 lui              x13, 0x1c000000     x13=1c000000
15007937ns          254372 1c00877a 13c6a683 lw               x13, 316(x13)       x13=42390412 x13:1c000000  PA:1c00013c
15008255ns          254388 1c00877e 68e7f7c3 fmadd.s          f15, f15, f14, f13  f15=xxxxxxxx f15:c1fad2b7 f14:3f2d85a8 f13:42390412
15008275ns          254389 1c008782 1c0006b7 lui              x13, 0x1c000000     x13=1c000000
15008295ns          254390 1c008786 1406a683 lw               x13, 320(x13)       x13=c1efd21b x13:1c000000  PA:1c000140
15008613ns          254406 1c00878a 68e7f7c3 fmadd.s          f15, f15, f14, f13  f15=xxxxxxxx f15:41c804ca f14:3f2d85a8 f13:c1efd21b
15008633ns          254407 1c00878e 1c0006b7 lui              x13, 0x1c000000     x13=1c000000
15008653ns          254408 1c008792 1446a683 lw               x13, 324(x13)       x13=41644a86 x13:1c000000  PA:1c000144
15008971ns          254424 1c008796 68e7f7c3 fmadd.s          f15, f15, f14, f13  f15=xxxxxxxx f15:c1507ce1 f14:3f2d85a8 f13:41644a86
15008991ns          254425 1c00879a 1c0006b7 lui              x13, 0x1c000000     x13=1c000000
15009011ns          254426 1c00879e 1486a683 lw               x13, 328(x13)       x13=c087dba8 x13:1c000000  PA:1c000148
15009329ns          254442 1c0087a2 68e7f7c3 fmadd.s          f15, f15, f14, f13  f15=xxxxxxxx f15:40adf291 f14:3f2d85a8 f13:c087dba8
15009349ns          254443 1c0087a6 00a7f553 fadd.s           f10, f15, f10       f10=xxxxxxxx f15:bf0f9f57 f10:40e00000
15009369ns          254444 1c0087aa 00008067 jalr             x0, x1, 0            x1:1c0081c2
15009429ns          254447 1c0081c2 11557553 fmul.s           f10, f10, f21       f10=xxxxxxxx f10:40ce0c15 f21:3f317218
15009449ns          254448 1c0081c6 00a4222b p.sw             x10, 4(x8!)          x8=10001f38 x10:408ed22f  x8:10001f34  PA:10001f34
15009469ns          254449 1c0081ca ff4419e3 bne              x8, x20, -14         x8:10001f38 x20:10001fd8
15009528ns          254452 1c0081bc 0049a50b p.lw             x10, 4(x19!)        x10=42868aea x19=1c0105a4 x19:1c0105a0  PA:1c0105a0
15009827ns          254467 1c0081c0 558000ef jal              x1, 1368             x1=1c0081c2
15009846ns          254468 1c008718 e00517d3 fclass.s         x15, f10            x15=00000040 f10:42868aea
15009866ns          254469 1c00871c 0817f793 andi             x15, x15, 129       x15=00000000 x15:00000040
15009886ns          254470 1c008720 08079b63 bne              x15, x0, 150        x15:00000000
15009906ns          254471 1c008722 00000793 addi             x15, x0, 0          x15=00000000
15009926ns          254472 1c008726 a0f52753 feq.s            x14, f10, f15       x14=00000000 f10:42868aea f15:00000000
15009946ns          254473 1c00872a 08071163 bne              x14, x0, 130        x14:00000000
15009966ns          254474 1c00872c a0f507d3 fle.s            x15, f10, f15       x15=00000000 f10:42868aea f15:00000000
15009986ns          254475 1c008730 08079863 bne              x15, x0, 144        x15:00000000
15010006ns          254476 1c008732 a0a527d3 feq.s            x15, f10, f10       x15=00000001 f10:42868aea f10:42868aea
15010025ns          254477 1c008736 08078563 beq              x15, x0, 138        x15:00000001
15010045ns          254478 1c008738 d17537b3 p.bclr           x15, x10, 8, 23     x15=00068aea x10:42868aea
15010065ns          254479 1c00873c cb87c733 p.bset           x14, x15, 5, 24     x14=3f068aea x15:00068aea
15010085ns          254480 1c008740 1c0006b7 lui              x13, 0x1c000000     x13=1c000000
15010105ns          254481 1c008744 1c0007b7 lui              x15, 0x1c000000     x15=1c000000
15010125ns          254482 1c008748 1306a683 lw               x13, 304(x13)       x13=c13c5fa8 x13:1c000000  PA:1c000130
15010423ns          254497 1c00874c 12c7a783 lw               x15, 300(x15)       x15=3ff7d7e5 x15:1c000000  PA:1c00012c
15010722ns          254512 1c008750 41755513 srai             x10, x10, 0x417     x10=00000085 x10:42868aea
15010742ns          254513 1c008752 68e7f7c3 fmadd.s          f15, f15, f14, f13  f15=xxxxxxxx f15:3ff7d7e5 f14:3f068aea f13:c13c5fa8
15010761ns          254514 1c008756 1c0006b7 lui              x13, 0x1c000000     x13=1c000000
15010781ns          254515 1c00875a 1346a683 lw               x13, 308(x13)       x13=41fa6a03 x13:1c000000  PA:1c000134
15011139ns          254533 1c00875e f8250513 addi             x10, x10, -126      x10=00000007 x10:00000085
15011159ns          254534 1c008762 68e7f7c3 fmadd.s          f15, f15, f14, f13  f15=xxxxxxxx f15:c12c1778 f14:3f068aea f13:41fa6a03
15011179ns          254535 1c008766 1c0006b7 lui              x13, 0x1c000000     x13=1c000000
15011199ns          254536 1c00876a 1386a683 lw               x13, 312(x13)       x13=c23f0e08 x13:1c000000  PA:1c000138
15011497ns          254551 1c00876e d0057553 fcvt.s.w         f10, x10            f10=xxxxxxxx x10:00000007
15011517ns          254552 1c008772 68e7f7c3 fmadd.s          f15, f15, f14, f13  f15=xxxxxxxx f15:41cd312e f14:3f068aea f13:c23f0e08
15011537ns          254553 1c008776 1c0006b7 lui              x13, 0x1c000000     x13=1c000000
15011557ns          254554 1c00877a 13c6a683 lw               x13, 316(x13)       x13=42390412 x13:1c000000  PA:1c00013c
15011875ns          254570 1c00877e 68e7f7c3 fmadd.s          f15, f15, f14, f13  f15=xxxxxxxx f15:c209227d f14:3f068aea f13:42390412
15011895ns          254571 1c008782 1c0006b7 lui              x13, 0x1c000000     x13=1c000000
15011915ns          254572 1c008786 1406a683 lw               x13, 320(x13)       x13=c1efd21b x13:1c000000  PA:1c000140
15012253ns          254589 1c00878a 68e7f7c3 fmadd.s          f15, f15, f14, f13  f15=xxxxxxxx f15:41e1e335 f14:3f068aea f13:c1efd21b
15012273ns          254590 1c00878e 1c0006b7 lui              x13, 0x1c000000     x13=1c000000
15012293ns          254591 1c008792 1446a683 lw               x13, 324(x13)       x13=41644a86 x13:1c000000  PA:1c000144
15012611ns          254607 1c008796 68e7f7c3 fmadd.s          f15, f15, f14, f13  f15=xxxxxxxx f15:c1723535 f14:3f068aea f13:41644a86
15012631ns          254608 1c00879a 1c0006b7 lui              x13, 0x1c000000     x13=1c000000
15012651ns          254609 1c00879e 1486a683 lw               x13, 328(x13)       x13=c087dba8 x13:1c000000  PA:1c000148
15012969ns          254625 1c0087a2 68e7f7c3 fmadd.s          f15, f15, f14, f13  f15=xxxxxxxx f15:40c9fe7c f14:3f068aea f13:c087dba8
15012989ns          254626 1c0087a6 00a7f553 fadd.s           f10, f15, f10       f10=xxxxxxxx f15:bf6d96ba f10:40e00000
15013009ns          254627 1c0087aa 00008067 jalr             x0, x1, 0            x1:1c0081c2
15013069ns          254630 1c0081c2 11557553 fmul.s           f10, f10, f21       f10=xxxxxxxx f10:40c24d29 f21:3f317218
15013089ns          254631 1c0081c6 00a4222b p.sw             x10, 4(x8!)          x8=10001f3c x10:4086adf2  x8:10001f38  PA:10001f38
15013109ns          254632 1c0081ca ff4419e3 bne              x8, x20, -14         x8:10001f3c x20:10001fd8
15013168ns          254635 1c0081bc 0049a50b p.lw             x10, 4(x19!)        x10=419c9ca2 x19=1c0105a8 x19:1c0105a4  PA:1c0105a4
15013467ns          254650 1c0081c0 558000ef jal              x1, 1368             x1=1c0081c2
15013486ns          254651 1c008718 e00517d3 fclass.s         x15, f10            x15=00000040 f10:419c9ca2
15013506ns          254652 1c00871c 0817f793 andi             x15, x15, 129       x15=00000000 x15:00000040
15013526ns          254653 1c008720 08079b63 bne              x15, x0, 150        x15:00000000
15013546ns          254654 1c008722 00000793 addi             x15, x0, 0          x15=00000000
15013566ns          254655 1c008726 a0f52753 feq.s            x14, f10, f15       x14=00000000 f10:419c9ca2 f15:00000000
15013586ns          254656 1c00872a 08071163 bne              x14, x0, 130        x14:00000000
15013606ns          254657 1c00872c a0f507d3 fle.s            x15, f10, f15       x15=00000000 f10:419c9ca2 f15:00000000
15013626ns          254658 1c008730 08079863 bne              x15, x0, 144        x15:00000000
15013646ns          254659 1c008732 a0a527d3 feq.s            x15, f10, f10       x15=00000001 f10:419c9ca2 f10:419c9ca2
15013666ns          254660 1c008736 08078563 beq              x15, x0, 138        x15:00000001
15013685ns          254661 1c008738 d17537b3 p.bclr           x15, x10, 8, 23     x15=001c9ca2 x10:419c9ca2
15013705ns          254662 1c00873c cb87c733 p.bset           x14, x15, 5, 24     x14=3f1c9ca2 x15:001c9ca2
15013725ns          254663 1c008740 1c0006b7 lui              x13, 0x1c000000     x13=1c000000
15013745ns          254664 1c008744 1c0007b7 lui              x15, 0x1c000000     x15=1c000000
15013765ns          254665 1c008748 1306a683 lw               x13, 304(x13)       x13=c13c5fa8 x13:1c000000  PA:1c000130
15014063ns          254680 1c00874c 12c7a783 lw               x15, 300(x15)       x15=3ff7d7e5 x15:1c000000  PA:1c00012c
15014362ns          254695 1c008750 41755513 srai             x10, x10, 0x417     x10=00000083 x10:419c9ca2
15014382ns          254696 1c008752 68e7f7c3 fmadd.s          f15, f15, f14, f13  f15=xxxxxxxx f15:3ff7d7e5 f14:3f1c9ca2 f13:c13c5fa8
15014401ns          254697 1c008756 1c0006b7 lui              x13, 0x1c000000     x13=1c000000
15014421ns          254698 1c00875a 1346a683 lw               x13, 308(x13)       x13=41fa6a03 x13:1c000000  PA:1c000134
15014720ns          254713 1c00875e f8250513 addi             x10, x10, -126      x10=00000005 x10:00000083
15014740ns          254714 1c008762 68e7f7c3 fmadd.s          f15, f15, f14, f13  f15=xxxxxxxx f15:c1296bc2 f14:3f1c9ca2 f13:41fa6a03
15014759ns          254715 1c008766 1c0006b7 lui              x13, 0x1c000000     x13=1c000000
15014779ns          254716 1c00876a 1386a683 lw               x13, 312(x13)       x13=c23f0e08 x13:1c000000  PA:1c000138
15015078ns          254731 1c00876e d0057553 fcvt.s.w         f10, x10            f10=xxxxxxxx x10:00000005
15015098ns          254732 1c008772 68e7f7c3 fmadd.s          f15, f15, f14, f13  f15=xxxxxxxx f15:41c69759 f14:3f1c9ca2 f13:c23f0e08
15015118ns          254733 1c008776 1c0006b7 lui              x13, 0x1c000000     x13=1c000000
15015137ns          254734 1c00877a 13c6a683 lw               x13, 316(x13)       x13=42390412 x13:1c000000  PA:1c00013c
15015456ns          254750 1c00877e 68e7f7c3 fmadd.s          f15, f15, f14, f13  f15=xxxxxxxx f15:c2024f2a f14:3f1c9ca2 f13:42390412
15015476ns          254751 1c008782 1c0006b7 lui              x13, 0x1c000000     x13=1c000000
15015495ns          254752 1c008786 1406a683 lw               x13, 320(x13)       x13=c1efd21b x13:1c000000  PA:1c000140
15015853ns          254770 1c00878a 68e7f7c3 fmadd.s          f15, f15, f14, f13  f15=xxxxxxxx f15:41d29833 f14:3f1c9ca2 f13:c1efd21b
15015873ns          254771 1c00878e 1c0006b7 lui              x13, 0x1c000000     x13=1c000000
15015893ns          254772 1c008792 1446a683 lw               x13, 324(x13)       x13=41644a86 x13:1c000000  PA:1c000144
15016212ns          254788 1c008796 68e7f7c3 fmadd.s          f15, f15, f14, f13  f15=xxxxxxxx f15:c15df904 f14:3f1c9ca2 f13:41644a86
15016231ns          254789 1c00879a 1c0006b7 lui              x13, 0x1c000000     x13=1c000000
15016251ns          254790 1c00879e 1486a683 lw               x13, 328(x13)       x13=c087dba8 x13:1c000000  PA:1c000148
15016570ns          254806 1c0087a2 68e7f7c3 fmadd.s          f15, f15, f14, f13  f15=xxxxxxxx f15:40b8fdef f14:3f1c9ca2 f13:c087dba8
15016589ns          254807 1c0087a6 00a7f553 fadd.s           f10, f15, f10       f10=xxxxxxxx f15:bf357dd4 f10:40a00000
15016609ns          254808 1c0087aa 00008067 jalr             x0, x1, 0            x1:1c0081c2
15016669ns          254811 1c0081c2 11557553 fmul.s           f10, f10, f21       f10=xxxxxxxx f10:40895046 f21:3f317218
15016689ns          254812 1c0081c6 00a4222b p.sw             x10, 4(x8!)          x8=10001f40 x10:403e5b66  x8:10001f3c  PA:10001f3c
15016709ns          254813 1c0081ca ff4419e3 bne              x8, x20, -14         x8:10001f40 x20:10001fd8
15016768ns          254816 1c0081bc 0049a50b p.lw             x10, 4(x19!)        x10=41eaa8fd x19=1c0105ac x19:1c0105a8  PA:1c0105a8
15017067ns          254831 1c0081c0 558000ef jal              x1, 1368             x1=1c0081c2
15017087ns          254832 1c008718 e00517d3 fclass.s         x15, f10            x15=00000040 f10:41eaa8fd
15017107ns          254833 1c00871c 0817f793 andi             x15, x15, 129       x15=00000000 x15:00000040
15017126ns          254834 1c008720 08079b63 bne              x15, x0, 150        x15:00000000
15017146ns          254835 1c008722 00000793 addi             x15, x0, 0          x15=00000000
15017166ns          254836 1c008726 a0f52753 feq.s            x14, f10, f15       x14=00000000 f10:41eaa8fd f15:00000000
15017186ns          254837 1c00872a 08071163 bne              x14, x0, 130        x14:00000000
15017206ns          254838 1c00872c a0f507d3 fle.s            x15, f10, f15       x15=00000000 f10:41eaa8fd f15:00000000
15017226ns          254839 1c008730 08079863 bne              x15, x0, 144        x15:00000000
15017246ns          254840 1c008732 a0a527d3 feq.s            x15, f10, f10       x15=00000001 f10:41eaa8fd f10:41eaa8fd
15017266ns          254841 1c008736 08078563 beq              x15, x0, 138        x15:00000001
15017286ns          254842 1c008738 d17537b3 p.bclr           x15, x10, 8, 23     x15=006aa8fd x10:41eaa8fd
15017306ns          254843 1c00873c cb87c733 p.bset           x14, x15, 5, 24     x14=3f6aa8fd x15:006aa8fd
15017325ns          254844 1c008740 1c0006b7 lui              x13, 0x1c000000     x13=1c000000
15017345ns          254845 1c008744 1c0007b7 lui              x15, 0x1c000000     x15=1c000000
15017365ns          254846 1c008748 1306a683 lw               x13, 304(x13)       x13=c13c5fa8 x13:1c000000  PA:1c000130
15017683ns          254862 1c00874c 12c7a783 lw               x15, 300(x15)       x15=3ff7d7e5 x15:1c000000  PA:1c00012c
15017982ns          254877 1c008750 41755513 srai             x10, x10, 0x417     x10=00000083 x10:41eaa8fd
15018002ns          254878 1c008752 68e7f7c3 fmadd.s          f15, f15, f14, f13  f15=xxxxxxxx f15:3ff7d7e5 f14:3f6aa8fd f13:c13c5fa8
15018022ns          254879 1c008756 1c0006b7 lui              x13, 0x1c000000     x13=1c000000
15018041ns          254880 1c00875a 1346a683 lw               x13, 308(x13)       x13=41fa6a03 x13:1c000000  PA:1c000134
15018340ns          254895 1c00875e f8250513 addi             x10, x10, -126      x10=00000005 x10:00000083
15018360ns          254896 1c008762 68e7f7c3 fmadd.s          f15, f15, f14, f13  f15=xxxxxxxx f15:c11ff9ca f14:3f6aa8fd f13:41fa6a03
15018380ns          254897 1c008766 1c0006b7 lui              x13, 0x1c000000     x13=1c000000
15018399ns          254898 1c00876a 1386a683 lw               x13, 312(x13)       x13=c23f0e08 x13:1c000000  PA:1c000138
15018698ns          254913 1c00876e d0057553 fcvt.s.w         f10, x10            f10=xxxxxxxx x10:00000005
15018718ns          254914 1c008772 68e7f7c3 fmadd.s          f15, f15, f14, f13  f15=xxxxxxxx f15:41b1180d f14:3f6aa8fd f13:c23f0e08
15018738ns          254915 1c008776 1c0006b7 lui              x13, 0x1c000000     x13=1c000000
15018758ns          254916 1c00877a 13c6a683 lw               x13, 316(x13)       x13=42390412 x13:1c000000  PA:1c00013c
15019096ns          254933 1c00877e 68e7f7c3 fmadd.s          f15, f15, f14, f13  f15=xxxxxxxx f15:c1dbc72d f14:3f6aa8fd f13:42390412
15019116ns          254934 1c008782 1c0006b7 lui              x13, 0x1c000000     x13=1c000000
15019135ns          254935 1c008786 1406a683 lw               x13, 320(x13)       x13=c1efd21b x13:1c000000  PA:1c000140
15019454ns          254951 1c00878a 68e7f7c3 fmadd.s          f15, f15, f14, f13  f15=xxxxxxxx f15:41a89301 f14:3f6aa8fd f13:c1efd21b
15019474ns          254952 1c00878e 1c0006b7 lui              x13, 0x1c000000     x13=1c000000
15019493ns          254953 1c008792 1446a683 lw               x13, 324(x13)       x13=41644a86 x13:1c000000  PA:1c000144
15019812ns          254969 1c008796 68e7f7c3 fmadd.s          f15, f15, f14, f13  f15=xxxxxxxx f15:c12a98ea f14:3f6aa8fd f13:41644a86
15019832ns          254970 1c00879a 1c0006b7 lui              x13, 0x1c000000     x13=1c000000
15019852ns          254971 1c00879e 1486a683 lw               x13, 328(x13)       x13=c087dba8 x13:1c000000  PA:1c000148
15020170ns          254987 1c0087a2 68e7f7c3 fmadd.s          f15, f15, f14, f13  f15=xxxxxxxx f15:408fd446 f14:3f6aa8fd f13:c087dba8
15020190ns          254988 1c0087a6 00a7f553 fadd.s           f10, f15, f10       f10=xxxxxxxx f15:be0095d2 f10:40a00000
15020210ns          254989 1c0087aa 00008067 jalr             x0, x1, 0            x1:1c0081c2
15020269ns          254992 1c0081c2 11557553 fmul.s           f10, f10, f21       f10=xxxxxxxx f10:409bfb51 f21:3f317218
15020289ns          254993 1c0081c6 00a4222b p.sw             x10, 4(x8!)          x8=10001f44 x10:40583c8f  x8:10001f40  PA:10001f40
15020309ns          254994 1c0081ca ff4419e3 bne              x8, x20, -14         x8:10001f44 x20:10001fd8
15020369ns          254997 1c0081bc 0049a50b p.lw             x10, 4(x19!)        x10=4295f2c2 x19=1c0105b0 x19:1c0105ac  PA:1c0105ac
15020667ns          255012 1c0081c0 558000ef jal              x1, 1368             x1=1c0081c2
15020687ns          255013 1c008718 e00517d3 fclass.s         x15, f10            x15=00000040 f10:4295f2c2
15020707ns          255014 1c00871c 0817f793 andi             x15, x15, 129       x15=00000000 x15:00000040
15020727ns          255015 1c008720 08079b63 bne              x15, x0, 150        x15:00000000
15020747ns          255016 1c008722 00000793 addi             x15, x0, 0          x15=00000000
15020766ns          255017 1c008726 a0f52753 feq.s            x14, f10, f15       x14=00000000 f10:4295f2c2 f15:00000000
15020786ns          255018 1c00872a 08071163 bne              x14, x0, 130        x14:00000000
15020806ns          255019 1c00872c a0f507d3 fle.s            x15, f10, f15       x15=00000000 f10:4295f2c2 f15:00000000
15020826ns          255020 1c008730 08079863 bne              x15, x0, 144        x15:00000000
15020846ns          255021 1c008732 a0a527d3 feq.s            x15, f10, f10       x15=00000001 f10:4295f2c2 f10:4295f2c2
15020866ns          255022 1c008736 08078563 beq              x15, x0, 138        x15:00000001
15020886ns          255023 1c008738 d17537b3 p.bclr           x15, x10, 8, 23     x15=0015f2c2 x10:4295f2c2
15020906ns          255024 1c00873c cb87c733 p.bset           x14, x15, 5, 24     x14=3f15f2c2 x15:0015f2c2
15020926ns          255025 1c008740 1c0006b7 lui              x13, 0x1c000000     x13=1c000000
15020946ns          255026 1c008744 1c0007b7 lui              x15, 0x1c000000     x15=1c000000
15020965ns          255027 1c008748 1306a683 lw               x13, 304(x13)       x13=c13c5fa8 x13:1c000000  PA:1c000130
15021264ns          255042 1c00874c 12c7a783 lw               x15, 300(x15)       x15=3ff7d7e5 x15:1c000000  PA:1c00012c
15021562ns          255057 1c008750 41755513 srai             x10, x10, 0x417     x10=00000085 x10:4295f2c2
15021582ns          255058 1c008752 68e7f7c3 fmadd.s          f15, f15, f14, f13  f15=xxxxxxxx f15:3ff7d7e5 f14:3f15f2c2 f13:c13c5fa8
15021602ns          255059 1c008756 1c0006b7 lui              x13, 0x1c000000     x13=1c000000
15021622ns          255060 1c00875a 1346a683 lw               x13, 308(x13)       x13=41fa6a03 x13:1c000000  PA:1c000134
15021920ns          255075 1c00875e f8250513 addi             x10, x10, -126      x10=00000007 x10:00000085
15021940ns          255076 1c008762 68e7f7c3 fmadd.s          f15, f15, f14, f13  f15=xxxxxxxx f15:c12a3a32 f14:3f15f2c2 f13:41fa6a03
15021960ns          255077 1c008766 1c0006b7 lui              x13, 0x1c000000     x13=1c000000
15021980ns          255078 1c00876a 1386a683 lw               x13, 312(x13)       x13=c23f0e08 x13:1c000000  PA:1c000138
15022278ns          255093 1c00876e d0057553 fcvt.s.w         f10, x10            f10=xxxxxxxx x10:00000007
15022298ns          255094 1c008772 68e7f7c3 fmadd.s          f15, f15, f14, f13  f15=xxxxxxxx f15:41c88f5d f14:3f15f2c2 f13:c23f0e08
15022318ns          255095 1c008776 1c0006b7 lui              x13, 0x1c000000     x13=1c000000
15022338ns          255096 1c00877a 13c6a683 lw               x13, 316(x13)       x13=42390412 x13:1c000000  PA:1c00013c
15022656ns          255112 1c00877e 68e7f7c3 fmadd.s          f15, f15, f14, f13  f15=xxxxxxxx f15:c2045138 f14:3f15f2c2 f13:42390412
15022676ns          255113 1c008782 1c0006b7 lui              x13, 0x1c000000     x13=1c000000
15022696ns          255114 1c008786 1406a683 lw               x13, 320(x13)       x13=c1efd21b x13:1c000000  PA:1c000140
15023034ns          255131 1c00878a 68e7f7c3 fmadd.s          f15, f15, f14, f13  f15=xxxxxxxx f15:41d706a7 f14:3f15f2c2 f13:c1efd21b
15023054ns          255132 1c00878e 1c0006b7 lui              x13, 0x1c000000     x13=1c000000
15023074ns          255133 1c008792 1446a683 lw               x13, 324(x13)       x13=41644a86 x13:1c000000  PA:1c000144
15023392ns          255149 1c008796 68e7f7c3 fmadd.s          f15, f15, f14, f13  f15=xxxxxxxx f15:c163bea9 f14:3f15f2c2 f13:41644a86
15023412ns          255150 1c00879a 1c0006b7 lui              x13, 0x1c000000     x13=1c000000
15023432ns          255151 1c00879e 1486a683 lw               x13, 328(x13)       x13=c087dba8 x13:1c000000  PA:1c000148
15023750ns          255167 1c0087a2 68e7f7c3 fmadd.s          f15, f15, f14, f13  f15=xxxxxxxx f15:40bdc92e f14:3f15f2c2 f13:c087dba8
15023770ns          255168 1c0087a6 00a7f553 fadd.s           f10, f15, f10       f10=xxxxxxxx f15:bf458cc2 f10:40e00000
15023790ns          255169 1c0087aa 00008067 jalr             x0, x1, 0            x1:1c0081c2
15023850ns          255172 1c0081c2 11557553 fmul.s           f10, f10, f21       f10=xxxxxxxx f10:40c74e68 f21:3f317218
15023869ns          255173 1c0081c6 00a4222b p.sw             x10, 4(x8!)          x8=10001f48 x10:408a260a  x8:10001f44  PA:10001f44
15023889ns          255174 1c0081ca ff4419e3 bne              x8, x20, -14         x8:10001f48 x20:10001fd8
15023949ns          255177 1c0081bc 0049a50b p.lw             x10, 4(x19!)        x10=423e9817 x19=1c0105b4 x19:1c0105b0  PA:1c0105b0
15024247ns          255192 1c0081c0 558000ef jal              x1, 1368             x1=1c0081c2
15024267ns          255193 1c008718 e00517d3 fclass.s         x15, f10            x15=00000040 f10:423e9817
15024287ns          255194 1c00871c 0817f793 andi             x15, x15, 129       x15=00000000 x15:00000040
15024307ns          255195 1c008720 08079b63 bne              x15, x0, 150        x15:00000000
15024327ns          255196 1c008722 00000793 addi             x15, x0, 0          x15=00000000
15024347ns          255197 1c008726 a0f52753 feq.s            x14, f10, f15       x14=00000000 f10:423e9817 f15:00000000
15024367ns          255198 1c00872a 08071163 bne              x14, x0, 130        x14:00000000
15024387ns          255199 1c00872c a0f507d3 fle.s            x15, f10, f15       x15=00000000 f10:423e9817 f15:00000000
15024407ns          255200 1c008730 08079863 bne              x15, x0, 144        x15:00000000
15024426ns          255201 1c008732 a0a527d3 feq.s            x15, f10, f10       x15=00000001 f10:423e9817 f10:423e9817
15024446ns          255202 1c008736 08078563 beq              x15, x0, 138        x15:00000001
15024466ns          255203 1c008738 d17537b3 p.bclr           x15, x10, 8, 23     x15=003e9817 x10:423e9817
15024486ns          255204 1c00873c cb87c733 p.bset           x14, x15, 5, 24     x14=3f3e9817 x15:003e9817
15024506ns          255205 1c008740 1c0006b7 lui              x13, 0x1c000000     x13=1c000000
15024526ns          255206 1c008744 1c0007b7 lui              x15, 0x1c000000     x15=1c000000
15024546ns          255207 1c008748 1306a683 lw               x13, 304(x13)       x13=c13c5fa8 x13:1c000000  PA:1c000130
15024844ns          255222 1c00874c 12c7a783 lw               x15, 300(x15)       x15=3ff7d7e5 x15:1c000000  PA:1c00012c
15025162ns          255238 1c008750 41755513 srai             x10, x10, 0x417     x10=00000084 x10:423e9817
15025182ns          255239 1c008752 68e7f7c3 fmadd.s          f15, f15, f14, f13  f15=xxxxxxxx f15:3ff7d7e5 f14:3f3e9817 f13:c13c5fa8
15025202ns          255240 1c008756 1c0006b7 lui              x13, 0x1c000000     x13=1c000000
15025222ns          255241 1c00875a 1346a683 lw               x13, 308(x13)       x13=41fa6a03 x13:1c000000  PA:1c000134
15025520ns          255256 1c00875e f8250513 addi             x10, x10, -126      x10=00000006 x10:00000084
15025540ns          255257 1c008762 68e7f7c3 fmadd.s          f15, f15, f14, f13  f15=xxxxxxxx f15:c1254ef9 f14:3f3e9817 f13:41fa6a03
15025560ns          255258 1c008766 1c0006b7 lui              x13, 0x1c000000     x13=1c000000
15025580ns          255259 1c00876a 1386a683 lw               x13, 312(x13)       x13=c23f0e08 x13:1c000000  PA:1c000138
15025878ns          255274 1c00876e d0057553 fcvt.s.w         f10, x10            f10=xxxxxxxx x10:00000006
15025898ns          255275 1c008772 68e7f7c3 fmadd.s          f15, f15, f14, f13  f15=xxxxxxxx f15:41bce09a f14:3f3e9817 f13:c23f0e08
15025918ns          255276 1c008776 1c0006b7 lui              x13, 0x1c000000     x13=1c000000
15025938ns          255277 1c00877a 13c6a683 lw               x13, 316(x13)       x13=42390412 x13:1c000000  PA:1c00013c
15026256ns          255293 1c00877e 68e7f7c3 fmadd.s          f15, f15, f14, f13  f15=xxxxxxxx f15:c1f17d27 f14:3f3e9817 f13:42390412
15026276ns          255294 1c008782 1c0006b7 lui              x13, 0x1c000000     x13=1c000000
15026296ns          255295 1c008786 1406a683 lw               x13, 320(x13)       x13=c1efd21b x13:1c000000  PA:1c000140
15026614ns          255311 1c00878a 68e7f7c3 fmadd.s          f15, f15, f14, f13  f15=xxxxxxxx f15:41be3dc9 f14:3f3e9817 f13:c1efd21b
15026634ns          255312 1c00878e 1c0006b7 lui              x13, 0x1c000000     x13=1c000000
15026654ns          255313 1c008792 1446a683 lw               x13, 324(x13)       x13=41644a86 x13:1c000000  PA:1c000144
15026992ns          255330 1c008796 68e7f7c3 fmadd.s          f15, f15, f14, f13  f15=xxxxxxxx f15:c1445e74 f14:3f3e9817 f13:41644a86
15027012ns          255331 1c00879a 1c0006b7 lui              x13, 0x1c000000     x13=1c000000
15027032ns          255332 1c00879e 1486a683 lw               x13, 328(x13)       x13=c087dba8 x13:1c000000  PA:1c000148
15027350ns          255348 1c0087a2 68e7f7c3 fmadd.s          f15, f15, f14, f13  f15=xxxxxxxx f15:40a42f84 f14:3f3e9817 f13:c087dba8
15027370ns          255349 1c0087a6 00a7f553 fadd.s           f10, f15, f10       f10=xxxxxxxx f15:bed9ed91 f10:40c00000
15027390ns          255350 1c0087aa 00008067 jalr             x0, x1, 0            x1:1c0081c2
15027450ns          255353 1c0081c2 11557553 fmul.s           f10, f10, f21       f10=xxxxxxxx f10:40b26127 f21:3f317218
15027470ns          255354 1c0081c6 00a4222b p.sw             x10, 4(x8!)          x8=10001f4c x10:40774958  x8:10001f48  PA:10001f48
15027490ns          255355 1c0081ca ff4419e3 bne              x8, x20, -14         x8:10001f4c x20:10001fd8
15027549ns          255358 1c0081bc 0049a50b p.lw             x10, 4(x19!)        x10=421579db x19=1c0105b8 x19:1c0105b4  PA:1c0105b4
15027848ns          255373 1c0081c0 558000ef jal              x1, 1368             x1=1c0081c2
15027867ns          255374 1c008718 e00517d3 fclass.s         x15, f10            x15=00000040 f10:421579db
15027887ns          255375 1c00871c 0817f793 andi             x15, x15, 129       x15=00000000 x15:00000040
15027907ns          255376 1c008720 08079b63 bne              x15, x0, 150        x15:00000000
15027927ns          255377 1c008722 00000793 addi             x15, x0, 0          x15=00000000
15027947ns          255378 1c008726 a0f52753 feq.s            x14, f10, f15       x14=00000000 f10:421579db f15:00000000
15027967ns          255379 1c00872a 08071163 bne              x14, x0, 130        x14:00000000
15027987ns          255380 1c00872c a0f507d3 fle.s            x15, f10, f15       x15=00000000 f10:421579db f15:00000000
15028007ns          255381 1c008730 08079863 bne              x15, x0, 144        x15:00000000
15028027ns          255382 1c008732 a0a527d3 feq.s            x15, f10, f10       x15=00000001 f10:421579db f10:421579db
15028047ns          255383 1c008736 08078563 beq              x15, x0, 138        x15:00000001
15028066ns          255384 1c008738 d17537b3 p.bclr           x15, x10, 8, 23     x15=001579db x10:421579db
15028086ns          255385 1c00873c cb87c733 p.bset           x14, x15, 5, 24     x14=3f1579db x15:001579db
15028106ns          255386 1c008740 1c0006b7 lui              x13, 0x1c000000     x13=1c000000
15028126ns          255387 1c008744 1c0007b7 lui              x15, 0x1c000000     x15=1c000000
15028146ns          255388 1c008748 1306a683 lw               x13, 304(x13)       x13=c13c5fa8 x13:1c000000  PA:1c000130
15028444ns          255403 1c00874c 12c7a783 lw               x15, 300(x15)       x15=3ff7d7e5 x15:1c000000  PA:1c00012c
15028743ns          255418 1c008750 41755513 srai             x10, x10, 0x417     x10=00000084 x10:421579db
15028763ns          255419 1c008752 68e7f7c3 fmadd.s          f15, f15, f14, f13  f15=xxxxxxxx f15:3ff7d7e5 f14:3f1579db f13:c13c5fa8
15028782ns          255420 1c008756 1c0006b7 lui              x13, 0x1c000000     x13=1c000000
15028802ns          255421 1c00875a 1346a683 lw               x13, 308(x13)       x13=41fa6a03 x13:1c000000  PA:1c000134
15029101ns          255436 1c00875e f8250513 addi             x10, x10, -126      x10=00000006 x10:00000084
15029121ns          255437 1c008762 68e7f7c3 fmadd.s          f15, f15, f14, f13  f15=xxxxxxxx f15:c12a48d4 f14:3f1579db f13:41fa6a03
15029141ns          255438 1c008766 1c0006b7 lui              x13, 0x1c000000     x13=1c000000
15029160ns          255439 1c00876a 1386a683 lw               x13, 312(x13)       x13=c23f0e08 x13:1c000000  PA:1c000138
15029459ns          255454 1c00876e d0057553 fcvt.s.w         f10, x10            f10=xxxxxxxx x10:00000006
15029479ns          255455 1c008772 68e7f7c3 fmadd.s          f15, f15, f14, f13  f15=xxxxxxxx f15:41c8b34a f14:3f1579db f13:c23f0e08
15029499ns          255456 1c008776 1c0006b7 lui              x13, 0x1c000000     x13=1c000000
15029518ns          255457 1c00877a 13c6a683 lw               x13, 316(x13)       x13=42390412 x13:1c000000  PA:1c00013c
15029837ns          255473 1c00877e 68e7f7c3 fmadd.s          f15, f15, f14, f13  f15=xxxxxxxx f15:c2047617 f14:3f1579db f13:42390412
15029857ns          255474 1c008782 1c0006b7 lui              x13, 0x1c000000     x13=1c000000
15029876ns          255475 1c008786 1406a683 lw               x13, 320(x13)       x13=c1efd21b x13:1c000000  PA:1c000140
15030195ns          255491 1c00878a 68e7f7c3 fmadd.s          f15, f15, f14, f13  f15=xxxxxxxx f15:41d75893 f14:3f1579db f13:c1efd21b
15030215ns          255492 1c00878e 1c0006b7 lui              x13, 0x1c000000     x13=1c000000
15030234ns          255493 1c008792 1446a683 lw               x13, 324(x13)       x13=41644a86 x13:1c000000  PA:1c000144
15030553ns          255509 1c008796 68e7f7c3 fmadd.s          f15, f15, f14, f13  f15=xxxxxxxx f15:c1642a19 f14:3f1579db f13:41644a86
15030573ns          255510 1c00879a 1c0006b7 lui              x13, 0x1c000000     x13=1c000000
15030593ns          255511 1c00879e 1486a683 lw               x13, 328(x13)       x13=c087dba8 x13:1c000000  PA:1c000148
15030911ns          255527 1c0087a2 68e7f7c3 fmadd.s          f15, f15, f14, f13  f15=xxxxxxxx f15:40be22d5 f14:3f1579db f13:c087dba8
15030931ns          255528 1c0087a6 00a7f553 fadd.s           f10, f15, f10       f10=xxxxxxxx f15:bf46b707 f10:40c00000
15030951ns          255529 1c0087aa 00008067 jalr             x0, x1, 0            x1:1c0081c2
15031010ns          255532 1c0081c2 11557553 fmul.s           f10, f10, f21       f10=xxxxxxxx f10:40a7291f f21:3f317218
15031030ns          255533 1c0081c6 00a4222b p.sw             x10, 4(x8!)          x8=10001f50 x10:4067bbdd  x8:10001f4c  PA:10001f4c
15031050ns          255534 1c0081ca ff4419e3 bne              x8, x20, -14         x8:10001f50 x20:10001fd8
15031110ns          255537 1c0081bc 0049a50b p.lw             x10, 4(x19!)        x10=42ba601c x19=1c0105bc x19:1c0105b8  PA:1c0105b8
15031408ns          255552 1c0081c0 558000ef jal              x1, 1368             x1=1c0081c2
15031428ns          255553 1c008718 e00517d3 fclass.s         x15, f10            x15=00000040 f10:42ba601c
15031448ns          255554 1c00871c 0817f793 andi             x15, x15, 129       x15=00000000 x15:00000040
15031468ns          255555 1c008720 08079b63 bne              x15, x0, 150        x15:00000000
15031488ns          255556 1c008722 00000793 addi             x15, x0, 0          x15=00000000
15031508ns          255557 1c008726 a0f52753 feq.s            x14, f10, f15       x14=00000000 f10:42ba601c f15:00000000
15031527ns          255558 1c00872a 08071163 bne              x14, x0, 130        x14:00000000
15031547ns          255559 1c00872c a0f507d3 fle.s            x15, f10, f15       x15=00000000 f10:42ba601c f15:00000000
15031567ns          255560 1c008730 08079863 bne              x15, x0, 144        x15:00000000
15031587ns          255561 1c008732 a0a527d3 feq.s            x15, f10, f10       x15=00000001 f10:42ba601c f10:42ba601c
15031607ns          255562 1c008736 08078563 beq              x15, x0, 138        x15:00000001
15031627ns          255563 1c008738 d17537b3 p.bclr           x15, x10, 8, 23     x15=003a601c x10:42ba601c
15031647ns          255564 1c00873c cb87c733 p.bset           x14, x15, 5, 24     x14=3f3a601c x15:003a601c
15031667ns          255565 1c008740 1c0006b7 lui              x13, 0x1c000000     x13=1c000000
15031687ns          255566 1c008744 1c0007b7 lui              x15, 0x1c000000     x15=1c000000
15031706ns          255567 1c008748 1306a683 lw               x13, 304(x13)       x13=c13c5fa8 x13:1c000000  PA:1c000130
15032005ns          255582 1c00874c 12c7a783 lw               x15, 300(x15)       x15=3ff7d7e5 x15:1c000000  PA:1c00012c
15032323ns          255598 1c008750 41755513 srai             x10, x10, 0x417     x10=00000085 x10:42ba601c
15032343ns          255599 1c008752 68e7f7c3 fmadd.s          f15, f15, f14, f13  f15=xxxxxxxx f15:3ff7d7e5 f14:3f3a601c f13:c13c5fa8
15032363ns          255600 1c008756 1c0006b7 lui              x13, 0x1c000000     x13=1c000000
15032383ns          255601 1c00875a 1346a683 lw               x13, 308(x13)       x13=41fa6a03 x13:1c000000  PA:1c000134
15032681ns          255616 1c00875e f8250513 addi             x10, x10, -126      x10=00000007 x10:00000085
15032701ns          255617 1c008762 68e7f7c3 fmadd.s          f15, f15, f14, f13  f15=xxxxxxxx f15:c125d1ab f14:3f3a601c f13:41fa6a03
15032721ns          255618 1c008766 1c0006b7 lui              x13, 0x1c000000     x13=1c000000
15032741ns          255619 1c00876a 1386a683 lw               x13, 312(x13)       x13=c23f0e08 x13:1c000000  PA:1c000138
15033039ns          255634 1c00876e d0057553 fcvt.s.w         f10, x10            f10=xxxxxxxx x10:00000007
15033059ns          255635 1c008772 68e7f7c3 fmadd.s          f15, f15, f14, f13  f15=xxxxxxxx f15:41be0db7 f14:3f3a601c f13:c23f0e08
15033079ns          255636 1c008776 1c0006b7 lui              x13, 0x1c000000     x13=1c000000
15033099ns          255637 1c00877a 13c6a683 lw               x13, 316(x13)       x13=42390412 x13:1c000000  PA:1c00013c
15033417ns          255653 1c00877e 68e7f7c3 fmadd.s          f15, f15, f14, f13  f15=xxxxxxxx f15:c1f3bebf f14:3f3a601c f13:42390412
15033437ns          255654 1c008782 1c0006b7 lui              x13, 0x1c000000     x13=1c000000
15033457ns          255655 1c008786 1406a683 lw               x13, 320(x13)       x13=c1efd21b x13:1c000000  PA:1c000140
15033775ns          255671 1c00878a 68e7f7c3 fmadd.s          f15, f15, f14, f13  f15=xxxxxxxx f15:41c0940b f14:3f3a601c f13:c1efd21b
15033795ns          255672 1c00878e 1c0006b7 lui              x13, 0x1c000000     x13=1c000000
15033815ns          255673 1c008792 1446a683 lw               x13, 324(x13)       x13=41644a86 x13:1c000000  PA:1c000144
15034133ns          255689 1c008796 68e7f7c3 fmadd.s          f15, f15, f14, f13  f15=xxxxxxxx f15:c1473c7d f14:3f3a601c f13:41644a86
15034153ns          255690 1c00879a 1c0006b7 lui              x13, 0x1c000000     x13=1c000000
15034173ns          255691 1c00879e 1486a683 lw               x13, 328(x13)       x13=c087dba8 x13:1c000000  PA:1c000148
15034491ns          255707 1c0087a2 68e7f7c3 fmadd.s          f15, f15, f14, f13  f15=xxxxxxxx f15:40a67b8d f14:3f3a601c f13:c087dba8
15034511ns          255708 1c0087a6 00a7f553 fadd.s           f10, f15, f10       f10=xxxxxxxx f15:beea7630 f10:40e00000
15034531ns          255709 1c0087aa 00008067 jalr             x0, x1, 0            x1:1c0081c2
15034591ns          255712 1c0081c2 11557553 fmul.s           f10, f10, f21       f10=xxxxxxxx f10:40d1589d f21:3f317218
15034610ns          255713 1c0081c6 00a4222b p.sw             x10, 4(x8!)          x8=10001f54 x10:40911b92  x8:10001f50  PA:10001f50
15034630ns          255714 1c0081ca ff4419e3 bne              x8, x20, -14         x8:10001f54 x20:10001fd8
15034690ns          255717 1c0081bc 0049a50b p.lw             x10, 4(x19!)        x10=422d6f36 x19=1c0105c0 x19:1c0105bc  PA:1c0105bc
15035008ns          255733 1c0081c0 558000ef jal              x1, 1368             x1=1c0081c2
15035028ns          255734 1c008718 e00517d3 fclass.s         x15, f10            x15=00000040 f10:422d6f36
15035048ns          255735 1c00871c 0817f793 andi             x15, x15, 129       x15=00000000 x15:00000040
15035068ns          255736 1c008720 08079b63 bne              x15, x0, 150        x15:00000000
15035088ns          255737 1c008722 00000793 addi             x15, x0, 0          x15=00000000
15035108ns          255738 1c008726 a0f52753 feq.s            x14, f10, f15       x14=00000000 f10:422d6f36 f15:00000000
15035128ns          255739 1c00872a 08071163 bne              x14, x0, 130        x14:00000000
15035148ns          255740 1c00872c a0f507d3 fle.s            x15, f10, f15       x15=00000000 f10:422d6f36 f15:00000000
15035167ns          255741 1c008730 08079863 bne              x15, x0, 144        x15:00000000
15035187ns          255742 1c008732 a0a527d3 feq.s            x15, f10, f10       x15=00000001 f10:422d6f36 f10:422d6f36
15035207ns          255743 1c008736 08078563 beq              x15, x0, 138        x15:00000001
15035227ns          255744 1c008738 d17537b3 p.bclr           x15, x10, 8, 23     x15=002d6f36 x10:422d6f36
15035247ns          255745 1c00873c cb87c733 p.bset           x14, x15, 5, 24     x14=3f2d6f36 x15:002d6f36
15035267ns          255746 1c008740 1c0006b7 lui              x13, 0x1c000000     x13=1c000000
15035287ns          255747 1c008744 1c0007b7 lui              x15, 0x1c000000     x15=1c000000
15035307ns          255748 1c008748 1306a683 lw               x13, 304(x13)       x13=c13c5fa8 x13:1c000000  PA:1c000130
15035605ns          255763 1c00874c 12c7a783 lw               x15, 300(x15)       x15=3ff7d7e5 x15:1c000000  PA:1c00012c
15035903ns          255778 1c008750 41755513 srai             x10, x10, 0x417     x10=00000084 x10:422d6f36
15035923ns          255779 1c008752 68e7f7c3 fmadd.s          f15, f15, f14, f13  f15=xxxxxxxx f15:3ff7d7e5 f14:3f2d6f36 f13:c13c5fa8
15035943ns          255780 1c008756 1c0006b7 lui              x13, 0x1c000000     x13=1c000000
15035963ns          255781 1c00875a 1346a683 lw               x13, 308(x13)       x13=41fa6a03 x13:1c000000  PA:1c000134
15036281ns          255797 1c00875e f8250513 addi             x10, x10, -126      x10=00000006 x10:00000084
15036301ns          255798 1c008762 68e7f7c3 fmadd.s          f15, f15, f14, f13  f15=xxxxxxxx f15:c1276296 f14:3f2d6f36 f13:41fa6a03
15036321ns          255799 1c008766 1c0006b7 lui              x13, 0x1c000000     x13=1c000000
15036341ns          255800 1c00876a 1386a683 lw               x13, 312(x13)       x13=c23f0e08 x13:1c000000  PA:1c000138
15036639ns          255815 1c00876e d0057553 fcvt.s.w         f10, x10            f10=xxxxxxxx x10:00000006
15036659ns          255816 1c008772 68e7f7c3 fmadd.s          f15, f15, f14, f13  f15=xxxxxxxx f15:41c1b6d8 f14:3f2d6f36 f13:c23f0e08
15036679ns          255817 1c008776 1c0006b7 lui              x13, 0x1c000000     x13=1c000000
15036699ns          255818 1c00877a 13c6a683 lw               x13, 316(x13)       x13=42390412 x13:1c000000  PA:1c00013c
15037017ns          255834 1c00877e 68e7f7c3 fmadd.s          f15, f15, f14, f13  f15=xxxxxxxx f15:c1fadf59 f14:3f2d6f36 f13:42390412
15037037ns          255835 1c008782 1c0006b7 lui              x13, 0x1c000000     x13=1c000000
15037057ns          255836 1c008786 1406a683 lw               x13, 320(x13)       x13=c1efd21b x13:1c000000  PA:1c000140
15037375ns          255852 1c00878a 68e7f7c3 fmadd.s          f15, f15, f14, f13  f15=xxxxxxxx f15:41c81239 f14:3f2d6f36 f13:c1efd21b
15037395ns          255853 1c00878e 1c0006b7 lui              x13, 0x1c000000     x13=1c000000
15037415ns          255854 1c008792 1446a683 lw               x13, 324(x13)       x13=41644a86 x13:1c000000  PA:1c000144
15037733ns          255870 1c008796 68e7f7c3 fmadd.s          f15, f15, f14, f13  f15=xxxxxxxx f15:c1508dc1 f14:3f2d6f36 f13:41644a86
15037753ns          255871 1c00879a 1c0006b7 lui              x13, 0x1c000000     x13=1c000000
15037773ns          255872 1c00879e 1486a683 lw               x13, 328(x13)       x13=c087dba8 x13:1c000000  PA:1c000148
15038091ns          255888 1c0087a2 68e7f7c3 fmadd.s          f15, f15, f14, f13  f15=xxxxxxxx f15:40ae0042 f14:3f2d6f36 f13:c087dba8
15038111ns          255889 1c0087a6 00a7f553 fadd.s           f10, f15, f10       f10=xxxxxxxx f15:bf0fcf25 f10:40c00000
15038131ns          255890 1c0087aa 00008067 jalr             x0, x1, 0            x1:1c0081c2
15038191ns          255893 1c0081c2 11557553 fmul.s           f10, f10, f21       f10=xxxxxxxx f10:40ae061b f21:3f317218
15038211ns          255894 1c0081c6 00a4222b p.sw             x10, 4(x8!)          x8=10001f58 x10:40713f8f  x8:10001f54  PA:10001f54
15038231ns          255895 1c0081ca ff4419e3 bne              x8, x20, -14         x8:10001f58 x20:10001fd8
15038290ns          255898 1c0081bc 0049a50b p.lw             x10, 4(x19!)        x10=40ee3108 x19=1c0105c4 x19:1c0105c0  PA:1c0105c0
15038589ns          255913 1c0081c0 558000ef jal              x1, 1368             x1=1c0081c2
15038609ns          255914 1c008718 e00517d3 fclass.s         x15, f10            x15=00000040 f10:40ee3108
15038628ns          255915 1c00871c 0817f793 andi             x15, x15, 129       x15=00000000 x15:00000040
15038648ns          255916 1c008720 08079b63 bne              x15, x0, 150        x15:00000000
15038668ns          255917 1c008722 00000793 addi             x15, x0, 0          x15=00000000
15038688ns          255918 1c008726 a0f52753 feq.s            x14, f10, f15       x14=00000000 f10:40ee3108 f15:00000000
15038708ns          255919 1c00872a 08071163 bne              x14, x0, 130        x14:00000000
15038728ns          255920 1c00872c a0f507d3 fle.s            x15, f10, f15       x15=00000000 f10:40ee3108 f15:00000000
15038748ns          255921 1c008730 08079863 bne              x15, x0, 144        x15:00000000
15038768ns          255922 1c008732 a0a527d3 feq.s            x15, f10, f10       x15=00000001 f10:40ee3108 f10:40ee3108
15038788ns          255923 1c008736 08078563 beq              x15, x0, 138        x15:00000001
15038807ns          255924 1c008738 d17537b3 p.bclr           x15, x10, 8, 23     x15=006e3108 x10:40ee3108
15038827ns          255925 1c00873c cb87c733 p.bset           x14, x15, 5, 24     x14=3f6e3108 x15:006e3108
15038847ns          255926 1c008740 1c0006b7 lui              x13, 0x1c000000     x13=1c000000
15038867ns          255927 1c008744 1c0007b7 lui              x15, 0x1c000000     x15=1c000000
15038887ns          255928 1c008748 1306a683 lw               x13, 304(x13)       x13=c13c5fa8 x13:1c000000  PA:1c000130
15039185ns          255943 1c00874c 12c7a783 lw               x15, 300(x15)       x15=3ff7d7e5 x15:1c000000  PA:1c00012c
15039484ns          255958 1c008750 41755513 srai             x10, x10, 0x417     x10=00000081 x10:40ee3108
15039504ns          255959 1c008752 68e7f7c3 fmadd.s          f15, f15, f14, f13  f15=xxxxxxxx f15:3ff7d7e5 f14:3f6e3108 f13:c13c5fa8
15039523ns          255960 1c008756 1c0006b7 lui              x13, 0x1c000000     x13=1c000000
15039543ns          255961 1c00875a 1346a683 lw               x13, 308(x13)       x13=41fa6a03 x13:1c000000  PA:1c000134
15039842ns          255976 1c00875e f8250513 addi             x10, x10, -126      x10=00000003 x10:00000081
15039862ns          255977 1c008762 68e7f7c3 fmadd.s          f15, f15, f14, f13  f15=xxxxxxxx f15:c11f8c62 f14:3f6e3108 f13:41fa6a03
15039882ns          255978 1c008766 1c0006b7 lui              x13, 0x1c000000     x13=1c000000
15039901ns          255979 1c00876a 1386a683 lw               x13, 312(x13)       x13=c23f0e08 x13:1c000000  PA:1c000138
15040200ns          255994 1c00876e d0057553 fcvt.s.w         f10, x10            f10=xxxxxxxx x10:00000003
15040220ns          255995 1c008772 68e7f7c3 fmadd.s          f15, f15, f14, f13  f15=xxxxxxxx f15:41b0307a f14:3f6e3108 f13:c23f0e08
15040240ns          255996 1c008776 1c0006b7 lui              x13, 0x1c000000     x13=1c000000
15040259ns          255997 1c00877a 13c6a683 lw               x13, 316(x13)       x13=42390412 x13:1c000000  PA:1c00013c
15040578ns          256013 1c00877e 68e7f7c3 fmadd.s          f15, f15, f14, f13  f15=xxxxxxxx f15:c1da2d40 f14:3f6e3108 f13:42390412
15040598ns          256014 1c008782 1c0006b7 lui              x13, 0x1c000000     x13=1c000000
15040617ns          256015 1c008786 1406a683 lw               x13, 320(x13)       x13=c1efd21b x13:1c000000  PA:1c000140
15040936ns          256031 1c00878a 68e7f7c3 fmadd.s          f15, f15, f14, f13  f15=xxxxxxxx f15:41a70849 f14:3f6e3108 f13:c1efd21b
15040956ns          256032 1c00878e 1c0006b7 lui              x13, 0x1c000000     x13=1c000000
15040976ns          256033 1c008792 1446a683 lw               x13, 324(x13)       x13=41644a86 x13:1c000000  PA:1c000144
15041294ns          256049 1c008796 68e7f7c3 fmadd.s          f15, f15, f14, f13  f15=xxxxxxxx f15:c128d0d3 f14:3f6e3108 f13:41644a86
15041314ns          256050 1c00879a 1c0006b7 lui              x13, 0x1c000000     x13=1c000000
15041334ns          256051 1c00879e 1486a683 lw               x13, 328(x13)       x13=c087dba8 x13:1c000000  PA:1c000148
15041672ns          256068 1c0087a2 68e7f7c3 fmadd.s          f15, f15, f14, f13  f15=xxxxxxxx f15:408e7019 f14:3f6e3108 f13:c087dba8
15041692ns          256069 1c0087a6 00a7f553 fadd.s           f10, f15, f10       f10=xxxxxxxx f15:bdd50a36 f10:40400000
15041711ns          256070 1c0087aa 00008067 jalr             x0, x1, 0            x1:1c0081c2
15041771ns          256073 1c0081c2 11557553 fmul.s           f10, f10, f21       f10=xxxxxxxx f10:403957ae f21:3f317218
15041791ns          256074 1c0081c6 00a4222b p.sw             x10, 4(x8!)          x8=10001f5c x10:4000783a  x8:10001f58  PA:10001f58
15041811ns          256075 1c0081ca ff4419e3 bne              x8, x20, -14         x8:10001f5c x20:10001fd8
15041871ns          256078 1c0081bc 0049a50b p.lw             x10, 4(x19!)        x10=424f058b x19=1c0105c8 x19:1c0105c4  PA:1c0105c4
15042169ns          256093 1c0081c0 558000ef jal              x1, 1368             x1=1c0081c2
15042189ns          256094 1c008718 e00517d3 fclass.s         x15, f10            x15=00000040 f10:424f058b
15042209ns          256095 1c00871c 0817f793 andi             x15, x15, 129       x15=00000000 x15:00000040
15042229ns          256096 1c008720 08079b63 bne              x15, x0, 150        x15:00000000
15042249ns          256097 1c008722 00000793 addi             x15, x0, 0          x15=00000000
15042268ns          256098 1c008726 a0f52753 feq.s            x14, f10, f15       x14=00000000 f10:424f058b f15:00000000
15042288ns          256099 1c00872a 08071163 bne              x14, x0, 130        x14:00000000
15042308ns          256100 1c00872c a0f507d3 fle.s            x15, f10, f15       x15=00000000 f10:424f058b f15:00000000
15042328ns          256101 1c008730 08079863 bne              x15, x0, 144        x15:00000000
15042348ns          256102 1c008732 a0a527d3 feq.s            x15, f10, f10       x15=00000001 f10:424f058b f10:424f058b
15042368ns          256103 1c008736 08078563 beq              x15, x0, 138        x15:00000001
15042388ns          256104 1c008738 d17537b3 p.bclr           x15, x10, 8, 23     x15=004f058b x10:424f058b
15042408ns          256105 1c00873c cb87c733 p.bset           x14, x15, 5, 24     x14=3f4f058b x15:004f058b
15042428ns          256106 1c008740 1c0006b7 lui              x13, 0x1c000000     x13=1c000000
15042447ns          256107 1c008744 1c0007b7 lui              x15, 0x1c000000     x15=1c000000
15042467ns          256108 1c008748 1306a683 lw               x13, 304(x13)       x13=c13c5fa8 x13:1c000000  PA:1c000130
15042766ns          256123 1c00874c 12c7a783 lw               x15, 300(x15)       x15=3ff7d7e5 x15:1c000000  PA:1c00012c
15043064ns          256138 1c008750 41755513 srai             x10, x10, 0x417     x10=00000084 x10:424f058b
15043084ns          256139 1c008752 68e7f7c3 fmadd.s          f15, f15, f14, f13  f15=xxxxxxxx f15:3ff7d7e5 f14:3f4f058b f13:c13c5fa8
15043104ns          256140 1c008756 1c0006b7 lui              x13, 0x1c000000     x13=1c000000
15043124ns          256141 1c00875a 1346a683 lw               x13, 308(x13)       x13=41fa6a03 x13:1c000000  PA:1c000134
15043442ns          256157 1c00875e f8250513 addi             x10, x10, -126      x10=00000006 x10:00000084
15043462ns          256158 1c008762 68e7f7c3 fmadd.s          f15, f15, f14, f13  f15=xxxxxxxx f15:c123520a f14:3f4f058b f13:41fa6a03
15043482ns          256159 1c008766 1c0006b7 lui              x13, 0x1c000000     x13=1c000000
15043502ns          256160 1c00876a 1386a683 lw               x13, 312(x13)       x13=c23f0e08 x13:1c000000  PA:1c000138
15043800ns          256175 1c00876e d0057553 fcvt.s.w         f10, x10            f10=xxxxxxxx x10:00000006
15043820ns          256176 1c008772 68e7f7c3 fmadd.s          f15, f15, f14, f13  f15=xxxxxxxx f15:41b86093 f14:3f4f058b f13:c23f0e08
15043840ns          256177 1c008776 1c0006b7 lui              x13, 0x1c000000     x13=1c000000
15043860ns          256178 1c00877a 13c6a683 lw               x13, 316(x13)       x13=42390412 x13:1c000000  PA:1c00013c
15044178ns          256194 1c00877e 68e7f7c3 fmadd.s          f15, f15, f14, f13  f15=xxxxxxxx f15:c1e901fb f14:3f4f058b f13:42390412
15044198ns          256195 1c008782 1c0006b7 lui              x13, 0x1c000000     x13=1c000000
15044218ns          256196 1c008786 1406a683 lw               x13, 320(x13)       x13=c1efd21b x13:1c000000  PA:1c000140
15044536ns          256212 1c00878a 68e7f7c3 fmadd.s          f15, f15, f14, f13  f15=xxxxxxxx f15:41b59a7e f14:3f4f058b f13:c1efd21b
15044556ns          256213 1c00878e 1c0006b7 lui              x13, 0x1c000000     x13=1c000000
15044576ns          256214 1c008792 1446a683 lw               x13, 324(x13)       x13=41644a86 x13:1c000000  PA:1c000144
15044894ns          256230 1c008796 68e7f7c3 fmadd.s          f15, f15, f14, f13  f15=xxxxxxxx f15:c139ec81 f14:3f4f058b f13:41644a86
15044914ns          256231 1c00879a 1c0006b7 lui              x13, 0x1c000000     x13=1c000000
15044934ns          256232 1c00879e 1486a683 lw               x13, 328(x13)       x13=c087dba8 x13:1c000000  PA:1c000148
15045252ns          256248 1c0087a2 68e7f7c3 fmadd.s          f15, f15, f14, f13  f15=xxxxxxxx f15:409be086 f14:3f4f058b f13:c087dba8
15045272ns          256249 1c0087a6 00a7f553 fadd.s           f10, f15, f10       f10=xxxxxxxx f15:be9cdbba f10:40c00000
15045292ns          256250 1c0087aa 00008067 jalr             x0, x1, 0            x1:1c0081c2
15045351ns          256253 1c0081c2 11557553 fmul.s           f10, f10, f21       f10=xxxxxxxx f10:40b63244 f21:3f317218
15045371ns          256254 1c0081c6 00a4222b p.sw             x10, 4(x8!)          x8=10001f60 x10:407c93e9  x8:10001f5c  PA:10001f5c
15045391ns          256255 1c0081ca ff4419e3 bne              x8, x20, -14         x8:10001f60 x20:10001fd8
15045451ns          256258 1c0081bc 0049a50b p.lw             x10, 4(x19!)        x10=426f6b74 x19=1c0105cc x19:1c0105c8  PA:1c0105c8
15045749ns          256273 1c0081c0 558000ef jal              x1, 1368             x1=1c0081c2
15045769ns          256274 1c008718 e00517d3 fclass.s         x15, f10            x15=00000040 f10:426f6b74
15045789ns          256275 1c00871c 0817f793 andi             x15, x15, 129       x15=00000000 x15:00000040
15045809ns          256276 1c008720 08079b63 bne              x15, x0, 150        x15:00000000
15045829ns          256277 1c008722 00000793 addi             x15, x0, 0          x15=00000000
15045849ns          256278 1c008726 a0f52753 feq.s            x14, f10, f15       x14=00000000 f10:426f6b74 f15:00000000
15045869ns          256279 1c00872a 08071163 bne              x14, x0, 130        x14:00000000
15045889ns          256280 1c00872c a0f507d3 fle.s            x15, f10, f15       x15=00000000 f10:426f6b74 f15:00000000
15045908ns          256281 1c008730 08079863 bne              x15, x0, 144        x15:00000000
15045928ns          256282 1c008732 a0a527d3 feq.s            x15, f10, f10       x15=00000001 f10:426f6b74 f10:426f6b74
15045948ns          256283 1c008736 08078563 beq              x15, x0, 138        x15:00000001
15045968ns          256284 1c008738 d17537b3 p.bclr           x15, x10, 8, 23     x15=006f6b74 x10:426f6b74
15045988ns          256285 1c00873c cb87c733 p.bset           x14, x15, 5, 24     x14=3f6f6b74 x15:006f6b74
15046008ns          256286 1c008740 1c0006b7 lui              x13, 0x1c000000     x13=1c000000
15046028ns          256287 1c008744 1c0007b7 lui              x15, 0x1c000000     x15=1c000000
15046048ns          256288 1c008748 1306a683 lw               x13, 304(x13)       x13=c13c5fa8 x13:1c000000  PA:1c000130
15046346ns          256303 1c00874c 12c7a783 lw               x15, 300(x15)       x15=3ff7d7e5 x15:1c000000  PA:1c00012c
15046644ns          256318 1c008750 41755513 srai             x10, x10, 0x417     x10=00000084 x10:426f6b74
15046664ns          256319 1c008752 68e7f7c3 fmadd.s          f15, f15, f14, f13  f15=xxxxxxxx f15:3ff7d7e5 f14:3f6f6b74 f13:c13c5fa8
15046684ns          256320 1c008756 1c0006b7 lui              x13, 0x1c000000     x13=1c000000
15046704ns          256321 1c00875a 1346a683 lw               x13, 308(x13)       x13=41fa6a03 x13:1c000000  PA:1c000134
15047022ns          256337 1c00875e f8250513 addi             x10, x10, -126      x10=00000006 x10:00000084
15047042ns          256338 1c008762 68e7f7c3 fmadd.s          f15, f15, f14, f13  f15=xxxxxxxx f15:c11f6655 f14:3f6f6b74 f13:41fa6a03
15047062ns          256339 1c008766 1c0006b7 lui              x13, 0x1c000000     x13=1c000000
15047082ns          256340 1c00876a 1386a683 lw               x13, 312(x13)       x13=c23f0e08 x13:1c000000  PA:1c000138
15047380ns          256355 1c00876e d0057553 fcvt.s.w         f10, x10            f10=xxxxxxxx x10:00000006
15047400ns          256356 1c008772 68e7f7c3 fmadd.s          f15, f15, f14, f13  f15=xxxxxxxx f15:41afe04a f14:3f6f6b74 f13:c23f0e08
15047420ns          256357 1c008776 1c0006b7 lui              x13, 0x1c000000     x13=1c000000
15047440ns          256358 1c00877a 13c6a683 lw               x13, 316(x13)       x13=42390412 x13:1c000000  PA:1c00013c
15047758ns          256374 1c00877e 68e7f7c3 fmadd.s          f15, f15, f14, f13  f15=xxxxxxxx f15:c1d99fd8 f14:3f6f6b74 f13:42390412
15047778ns          256375 1c008782 1c0006b7 lui              x13, 0x1c000000     x13=1c000000
15047798ns          256376 1c008786 1406a683 lw               x13, 320(x13)       x13=c1efd21b x13:1c000000  PA:1c000140
15048116ns          256392 1c00878a 68e7f7c3 fmadd.s          f15, f15, f14, f13  f15=xxxxxxxx f15:41a68091 f14:3f6f6b74 f13:c1efd21b
15048136ns          256393 1c00878e 1c0006b7 lui              x13, 0x1c000000     x13=1c000000
15048156ns          256394 1c008792 1446a683 lw               x13, 324(x13)       x13=41644a86 x13:1c000000  PA:1c000144
15048474ns          256410 1c008796 68e7f7c3 fmadd.s          f15, f15, f14, f13  f15=xxxxxxxx f15:c1283461 f14:3f6f6b74 f13:41644a86
15048494ns          256411 1c00879a 1c0006b7 lui              x13, 0x1c000000     x13=1c000000
15048514ns          256412 1c00879e 1486a683 lw               x13, 328(x13)       x13=c087dba8 x13:1c000000  PA:1c000148
15048832ns          256428 1c0087a2 68e7f7c3 fmadd.s          f15, f15, f14, f13  f15=xxxxxxxx f15:408df60b f14:3f6f6b74 f13:c087dba8
15048852ns          256429 1c0087a6 00a7f553 fadd.s           f10, f15, f10       f10=xxxxxxxx f15:bdc5d764 f10:40c00000
15048872ns          256430 1c0087aa 00008067 jalr             x0, x1, 0            x1:1c0081c2
15048932ns          256433 1c0081c2 11557553 fmul.s           f10, f10, f21       f10=xxxxxxxx f10:40bce8a2 f21:3f317218
15048952ns          256434 1c0081c6 00a4222b p.sw             x10, 4(x8!)          x8=10001f64 x10:4082f109  x8:10001f60  PA:10001f60
15048972ns          256435 1c0081ca ff4419e3 bne              x8, x20, -14         x8:10001f64 x20:10001fd8
15049031ns          256438 1c0081bc 0049a50b p.lw             x10, 4(x19!)        x10=426a027f x19=1c0105d0 x19:1c0105cc  PA:1c0105cc
15049330ns          256453 1c0081c0 558000ef jal              x1, 1368             x1=1c0081c2
15049350ns          256454 1c008718 e00517d3 fclass.s         x15, f10            x15=00000040 f10:426a027f
15049369ns          256455 1c00871c 0817f793 andi             x15, x15, 129       x15=00000000 x15:00000040
15049389ns          256456 1c008720 08079b63 bne              x15, x0, 150        x15:00000000
15049409ns          256457 1c008722 00000793 addi             x15, x0, 0          x15=00000000
15049429ns          256458 1c008726 a0f52753 feq.s            x14, f10, f15       x14=00000000 f10:426a027f f15:00000000
15049449ns          256459 1c00872a 08071163 bne              x14, x0, 130        x14:00000000
15049469ns          256460 1c00872c a0f507d3 fle.s            x15, f10, f15       x15=00000000 f10:426a027f f15:00000000
15049489ns          256461 1c008730 08079863 bne              x15, x0, 144        x15:00000000
15049509ns          256462 1c008732 a0a527d3 feq.s            x15, f10, f10       x15=00000001 f10:426a027f f10:426a027f
15049529ns          256463 1c008736 08078563 beq              x15, x0, 138        x15:00000001
15049548ns          256464 1c008738 d17537b3 p.bclr           x15, x10, 8, 23     x15=006a027f x10:426a027f
15049568ns          256465 1c00873c cb87c733 p.bset           x14, x15, 5, 24     x14=3f6a027f x15:006a027f
15049588ns          256466 1c008740 1c0006b7 lui              x13, 0x1c000000     x13=1c000000
15049608ns          256467 1c008744 1c0007b7 lui              x15, 0x1c000000     x15=1c000000
15049628ns          256468 1c008748 1306a683 lw               x13, 304(x13)       x13=c13c5fa8 x13:1c000000  PA:1c000130
15049926ns          256483 1c00874c 12c7a783 lw               x15, 300(x15)       x15=3ff7d7e5 x15:1c000000  PA:1c00012c
15050225ns          256498 1c008750 41755513 srai             x10, x10, 0x417     x10=00000084 x10:426a027f
15050245ns          256499 1c008752 68e7f7c3 fmadd.s          f15, f15, f14, f13  f15=xxxxxxxx f15:3ff7d7e5 f14:3f6a027f f13:c13c5fa8
15050264ns          256500 1c008756 1c0006b7 lui              x13, 0x1c000000     x13=1c000000
15050284ns          256501 1c00875a 1346a683 lw               x13, 308(x13)       x13=41fa6a03 x13:1c000000  PA:1c000134
15050623ns          256518 1c00875e f8250513 addi             x10, x10, -126      x10=00000006 x10:00000084
15050642ns          256519 1c008762 68e7f7c3 fmadd.s          f15, f15, f14, f13  f15=xxxxxxxx f15:c1200df0 f14:3f6a027f f13:41fa6a03
15050662ns          256520 1c008766 1c0006b7 lui              x13, 0x1c000000     x13=1c000000
15050682ns          256521 1c00876a 1386a683 lw               x13, 312(x13)       x13=c23f0e08 x13:1c000000  PA:1c000138
15051000ns          256537 1c00876e d0057553 fcvt.s.w         f10, x10            f10=xxxxxxxx x10:00000006
15051020ns          256538 1c008772 68e7f7c3 fmadd.s          f15, f15, f14, f13  f15=xxxxxxxx f15:41b142dd f14:3f6a027f f13:c23f0e08
15051040ns          256539 1c008776 1c0006b7 lui              x13, 0x1c000000     x13=1c000000
15051060ns          256540 1c00877a 13c6a683 lw               x13, 316(x13)       x13=42390412 x13:1c000000  PA:1c00013c
15051378ns          256556 1c00877e 68e7f7c3 fmadd.s          f15, f15, f14, f13  f15=xxxxxxxx f15:c1dc1338 f14:3f6a027f f13:42390412
15051398ns          256557 1c008782 1c0006b7 lui              x13, 0x1c000000     x13=1c000000
15051418ns          256558 1c008786 1406a683 lw               x13, 320(x13)       x13=c1efd21b x13:1c000000  PA:1c000140
15051736ns          256574 1c00878a 68e7f7c3 fmadd.s          f15, f15, f14, f13  f15=xxxxxxxx f15:41a8dc6d f14:3f6a027f f13:c1efd21b
15051756ns          256575 1c00878e 1c0006b7 lui              x13, 0x1c000000     x13=1c000000
15051776ns          256576 1c008792 1446a683 lw               x13, 324(x13)       x13=41644a86 x13:1c000000  PA:1c000144
15052094ns          256592 1c008796 68e7f7c3 fmadd.s          f15, f15, f14, f13  f15=xxxxxxxx f15:c12aedf4 f14:3f6a027f f13:41644a86
15052114ns          256593 1c00879a 1c0006b7 lui              x13, 0x1c000000     x13=1c000000
15052134ns          256594 1c00879e 1486a683 lw               x13, 328(x13)       x13=c087dba8 x13:1c000000  PA:1c000148
15052452ns          256610 1c0087a2 68e7f7c3 fmadd.s          f15, f15, f14, f13  f15=xxxxxxxx f15:409016b5 f14:3f6a027f f13:c087dba8
15052472ns          256611 1c0087a6 00a7f553 fadd.s           f10, f15, f10       f10=xxxxxxxx f15:be04afdd f10:40c00000
15052492ns          256612 1c0087aa 00008067 jalr             x0, x1, 0            x1:1c0081c2
15052552ns          256615 1c0081c2 11557553 fmul.s           f10, f10, f21       f10=xxxxxxxx f10:40bbda81 f21:3f317218
15052572ns          256616 1c0081c6 00a4222b p.sw             x10, 4(x8!)          x8=10001f68 x10:408235cc  x8:10001f64  PA:10001f64
15052592ns          256617 1c0081ca ff4419e3 bne              x8, x20, -14         x8:10001f68 x20:10001fd8
15052651ns          256620 1c0081bc 0049a50b p.lw             x10, 4(x19!)        x10=424b1b2c x19=1c0105d4 x19:1c0105d0  PA:1c0105d0
15052950ns          256635 1c0081c0 558000ef jal              x1, 1368             x1=1c0081c2
15052970ns          256636 1c008718 e00517d3 fclass.s         x15, f10            x15=00000040 f10:424b1b2c
15052990ns          256637 1c00871c 0817f793 andi             x15, x15, 129       x15=00000000 x15:00000040
15053009ns          256638 1c008720 08079b63 bne              x15, x0, 150        x15:00000000
15053029ns          256639 1c008722 00000793 addi             x15, x0, 0          x15=00000000
15053049ns          256640 1c008726 a0f52753 feq.s            x14, f10, f15       x14=00000000 f10:424b1b2c f15:00000000
15053069ns          256641 1c00872a 08071163 bne              x14, x0, 130        x14:00000000
15053089ns          256642 1c00872c a0f507d3 fle.s            x15, f10, f15       x15=00000000 f10:424b1b2c f15:00000000
15053109ns          256643 1c008730 08079863 bne              x15, x0, 144        x15:00000000
15053129ns          256644 1c008732 a0a527d3 feq.s            x15, f10, f10       x15=00000001 f10:424b1b2c f10:424b1b2c
15053149ns          256645 1c008736 08078563 beq              x15, x0, 138        x15:00000001
15053169ns          256646 1c008738 d17537b3 p.bclr           x15, x10, 8, 23     x15=004b1b2c x10:424b1b2c
15053188ns          256647 1c00873c cb87c733 p.bset           x14, x15, 5, 24     x14=3f4b1b2c x15:004b1b2c
15053208ns          256648 1c008740 1c0006b7 lui              x13, 0x1c000000     x13=1c000000
15053228ns          256649 1c008744 1c0007b7 lui              x15, 0x1c000000     x15=1c000000
15053248ns          256650 1c008748 1306a683 lw               x13, 304(x13)       x13=c13c5fa8 x13:1c000000  PA:1c000130
15053566ns          256666 1c00874c 12c7a783 lw               x15, 300(x15)       x15=3ff7d7e5 x15:1c000000  PA:1c00012c
15053865ns          256681 1c008750 41755513 srai             x10, x10, 0x417     x10=00000084 x10:424b1b2c
15053885ns          256682 1c008752 68e7f7c3 fmadd.s          f15, f15, f14, f13  f15=xxxxxxxx f15:3ff7d7e5 f14:3f4b1b2c f13:c13c5fa8
15053904ns          256683 1c008756 1c0006b7 lui              x13, 0x1c000000     x13=1c000000
15053924ns          256684 1c00875a 1346a683 lw               x13, 308(x13)       x13=41fa6a03 x13:1c000000  PA:1c000134
15054243ns          256700 1c00875e f8250513 addi             x10, x10, -126      x10=00000006 x10:00000084
15054263ns          256701 1c008762 68e7f7c3 fmadd.s          f15, f15, f14, f13  f15=xxxxxxxx f15:c123cb58 f14:3f4b1b2c f13:41fa6a03
15054282ns          256702 1c008766 1c0006b7 lui              x13, 0x1c000000     x13=1c000000
15054302ns          256703 1c00876a 1386a683 lw               x13, 312(x13)       x13=c23f0e08 x13:1c000000  PA:1c000138
15054601ns          256718 1c00876e d0057553 fcvt.s.w         f10, x10            f10=xxxxxxxx x10:00000006
15054621ns          256719 1c008772 68e7f7c3 fmadd.s          f15, f15, f14, f13  f15=xxxxxxxx f15:41b97032 f14:3f4b1b2c f13:c23f0e08
15054640ns          256720 1c008776 1c0006b7 lui              x13, 0x1c000000     x13=1c000000
15054660ns          256721 1c00877a 13c6a683 lw               x13, 316(x13)       x13=42390412 x13:1c000000  PA:1c00013c
15054998ns          256738 1c00877e 68e7f7c3 fmadd.s          f15, f15, f14, f13  f15=xxxxxxxx f15:c1eafc6a f14:3f4b1b2c f13:42390412
15055018ns          256739 1c008782 1c0006b7 lui              x13, 0x1c000000     x13=1c000000
15055038ns          256740 1c008786 1406a683 lw               x13, 320(x13)       x13=c1efd21b x13:1c000000  PA:1c000140
15055357ns          256756 1c00878a 68e7f7c3 fmadd.s          f15, f15, f14, f13  f15=xxxxxxxx f15:41b7990b f14:3f4b1b2c f13:c1efd21b
15055376ns          256757 1c00878e 1c0006b7 lui              x13, 0x1c000000     x13=1c000000
15055396ns          256758 1c008792 1446a683 lw               x13, 324(x13)       x13=41644a86 x13:1c000000  PA:1c000144
15055715ns          256774 1c008796 68e7f7c3 fmadd.s          f15, f15, f14, f13  f15=xxxxxxxx f15:c13c5085 f14:3f4b1b2c f13:41644a86
15055734ns          256775 1c00879a 1c0006b7 lui              x13, 0x1c000000     x13=1c000000
15055754ns          256776 1c00879e 1486a683 lw               x13, 328(x13)       x13=c087dba8 x13:1c000000  PA:1c000148
15056073ns          256792 1c0087a2 68e7f7c3 fmadd.s          f15, f15, f14, f13  f15=xxxxxxxx f15:409dc55f f14:3f4b1b2c f13:c087dba8
15056092ns          256793 1c0087a6 00a7f553 fadd.s           f10, f15, f10       f10=xxxxxxxx f15:beaaf66c f10:40c00000
15056112ns          256794 1c0087aa 00008067 jalr             x0, x1, 0            x1:1c0081c2
15056172ns          256797 1c0081c2 11557553 fmul.s           f10, f10, f21       f10=xxxxxxxx f10:40b55099 f21:3f317218
15056192ns          256798 1c0081c6 00a4222b p.sw             x10, 4(x8!)          x8=10001f6c x10:407b5b11  x8:10001f68  PA:10001f68
15056212ns          256799 1c0081ca ff4419e3 bne              x8, x20, -14         x8:10001f6c x20:10001fd8
15056271ns          256802 1c0081bc 0049a50b p.lw             x10, 4(x19!)        x10=42b53554 x19=1c0105d8 x19:1c0105d4  PA:1c0105d4
15056570ns          256817 1c0081c0 558000ef jal              x1, 1368             x1=1c0081c2
15056590ns          256818 1c008718 e00517d3 fclass.s         x15, f10            x15=00000040 f10:42b53554
15056610ns          256819 1c00871c 0817f793 andi             x15, x15, 129       x15=00000000 x15:00000040
15056630ns          256820 1c008720 08079b63 bne              x15, x0, 150        x15:00000000
15056649ns          256821 1c008722 00000793 addi             x15, x0, 0          x15=00000000
15056669ns          256822 1c008726 a0f52753 feq.s            x14, f10, f15       x14=00000000 f10:42b53554 f15:00000000
15056689ns          256823 1c00872a 08071163 bne              x14, x0, 130        x14:00000000
15056709ns          256824 1c00872c a0f507d3 fle.s            x15, f10, f15       x15=00000000 f10:42b53554 f15:00000000
15056729ns          256825 1c008730 08079863 bne              x15, x0, 144        x15:00000000
15056749ns          256826 1c008732 a0a527d3 feq.s            x15, f10, f10       x15=00000001 f10:42b53554 f10:42b53554
15056769ns          256827 1c008736 08078563 beq              x15, x0, 138        x15:00000001
15056789ns          256828 1c008738 d17537b3 p.bclr           x15, x10, 8, 23     x15=00353554 x10:42b53554
15056809ns          256829 1c00873c cb87c733 p.bset           x14, x15, 5, 24     x14=3f353554 x15:00353554
15056828ns          256830 1c008740 1c0006b7 lui              x13, 0x1c000000     x13=1c000000
15056848ns          256831 1c008744 1c0007b7 lui              x15, 0x1c000000     x15=1c000000
15056868ns          256832 1c008748 1306a683 lw               x13, 304(x13)       x13=c13c5fa8 x13:1c000000  PA:1c000130
15057167ns          256847 1c00874c 12c7a783 lw               x15, 300(x15)       x15=3ff7d7e5 x15:1c000000  PA:1c00012c
15057465ns          256862 1c008750 41755513 srai             x10, x10, 0x417     x10=00000085 x10:42b53554
15057485ns          256863 1c008752 68e7f7c3 fmadd.s          f15, f15, f14, f13  f15=xxxxxxxx f15:3ff7d7e5 f14:3f353554 f13:c13c5fa8
15057505ns          256864 1c008756 1c0006b7 lui              x13, 0x1c000000     x13=1c000000
15057525ns          256865 1c00875a 1346a683 lw               x13, 308(x13)       x13=41fa6a03 x13:1c000000  PA:1c000134
15057823ns          256880 1c00875e f8250513 addi             x10, x10, -126      x10=00000007 x10:00000085
15057843ns          256881 1c008762 68e7f7c3 fmadd.s          f15, f15, f14, f13  f15=xxxxxxxx f15:c12671bf f14:3f353554 f13:41fa6a03
15057863ns          256882 1c008766 1c0006b7 lui              x13, 0x1c000000     x13=1c000000
15057883ns          256883 1c00876a 1386a683 lw               x13, 312(x13)       x13=c23f0e08 x13:1c000000  PA:1c000138
15058181ns          256898 1c00876e d0057553 fcvt.s.w         f10, x10            f10=xxxxxxxx x10:00000007
15058201ns          256899 1c008772 68e7f7c3 fmadd.s          f15, f15, f14, f13  f15=xxxxxxxx f15:41bf8177 f14:3f353554 f13:c23f0e08
15058221ns          256900 1c008776 1c0006b7 lui              x13, 0x1c000000     x13=1c000000
15058241ns          256901 1c00877a 13c6a683 lw               x13, 316(x13)       x13=42390412 x13:1c000000  PA:1c00013c
15058559ns          256917 1c00877e 68e7f7c3 fmadd.s          f15, f15, f14, f13  f15=xxxxxxxx f15:c1f68da2 f14:3f353554 f13:42390412
15058579ns          256918 1c008782 1c0006b7 lui              x13, 0x1c000000     x13=1c000000
15058599ns          256919 1c008786 1406a683 lw               x13, 320(x13)       x13=c1efd21b x13:1c000000  PA:1c000140
15058957ns          256937 1c00878a 68e7f7c3 fmadd.s          f15, f15, f14, f13  f15=xxxxxxxx f15:41c382a4 f14:3f353554 f13:c1efd21b
15058977ns          256938 1c00878e 1c0006b7 lui              x13, 0x1c000000     x13=1c000000
15058997ns          256939 1c008792 1446a683 lw               x13, 324(x13)       x13=41644a86 x13:1c000000  PA:1c000144
15059315ns          256955 1c008796 68e7f7c3 fmadd.s          f15, f15, f14, f13  f15=xxxxxxxx f15:c14adc06 f14:3f353554 f13:41644a86
15059335ns          256956 1c00879a 1c0006b7 lui              x13, 0x1c000000     x13=1c000000
15059355ns          256957 1c00879e 1486a683 lw               x13, 328(x13)       x13=c087dba8 x13:1c000000  PA:1c000148
15059673ns          256973 1c0087a2 68e7f7c3 fmadd.s          f15, f15, f14, f13  f15=xxxxxxxx f15:40a96567 f14:3f353554 f13:c087dba8
15059693ns          256974 1c0087a6 00a7f553 fadd.s           f10, f15, f10       f10=xxxxxxxx f15:beff3aca f10:40e00000
15059713ns          256975 1c0087aa 00008067 jalr             x0, x1, 0            x1:1c0081c2
15059772ns          256978 1c0081c2 11557553 fmul.s           f10, f10, f21       f10=xxxxxxxx f10:40d00c53 f21:3f317218
15059792ns          256979 1c0081c6 00a4222b p.sw             x10, 4(x8!)          x8=10001f70 x10:4090353e  x8:10001f6c  PA:10001f6c
15059812ns          256980 1c0081ca ff4419e3 bne              x8, x20, -14         x8:10001f70 x20:10001fd8
15059872ns          256983 1c0081bc 0049a50b p.lw             x10, 4(x19!)        x10=42c40864 x19=1c0105dc x19:1c0105d8  PA:1c0105d8
15060170ns          256998 1c0081c0 558000ef jal              x1, 1368             x1=1c0081c2
15060190ns          256999 1c008718 e00517d3 fclass.s         x15, f10            x15=00000040 f10:42c40864
15060210ns          257000 1c00871c 0817f793 andi             x15, x15, 129       x15=00000000 x15:00000040
15060230ns          257001 1c008720 08079b63 bne              x15, x0, 150        x15:00000000
15060250ns          257002 1c008722 00000793 addi             x15, x0, 0          x15=00000000
15060270ns          257003 1c008726 a0f52753 feq.s            x14, f10, f15       x14=00000000 f10:42c40864 f15:00000000
15060289ns          257004 1c00872a 08071163 bne              x14, x0, 130        x14:00000000
15060309ns          257005 1c00872c a0f507d3 fle.s            x15, f10, f15       x15=00000000 f10:42c40864 f15:00000000
15060329ns          257006 1c008730 08079863 bne              x15, x0, 144        x15:00000000
15060349ns          257007 1c008732 a0a527d3 feq.s            x15, f10, f10       x15=00000001 f10:42c40864 f10:42c40864
15060369ns          257008 1c008736 08078563 beq              x15, x0, 138        x15:00000001
15060389ns          257009 1c008738 d17537b3 p.bclr           x15, x10, 8, 23     x15=00440864 x10:42c40864
15060409ns          257010 1c00873c cb87c733 p.bset           x14, x15, 5, 24     x14=3f440864 x15:00440864
15060429ns          257011 1c008740 1c0006b7 lui              x13, 0x1c000000     x13=1c000000
15060449ns          257012 1c008744 1c0007b7 lui              x15, 0x1c000000     x15=1c000000
15060468ns          257013 1c008748 1306a683 lw               x13, 304(x13)       x13=c13c5fa8 x13:1c000000  PA:1c000130
15060767ns          257028 1c00874c 12c7a783 lw               x15, 300(x15)       x15=3ff7d7e5 x15:1c000000  PA:1c00012c
15061065ns          257043 1c008750 41755513 srai             x10, x10, 0x417     x10=00000085 x10:42c40864
15061085ns          257044 1c008752 68e7f7c3 fmadd.s          f15, f15, f14, f13  f15=xxxxxxxx f15:3ff7d7e5 f14:3f440864 f13:c13c5fa8
15061105ns          257045 1c008756 1c0006b7 lui              x13, 0x1c000000     x13=1c000000
15061125ns          257046 1c00875a 1346a683 lw               x13, 308(x13)       x13=41fa6a03 x13:1c000000  PA:1c000134
15061423ns          257061 1c00875e f8250513 addi             x10, x10, -126      x10=00000007 x10:00000085
15061443ns          257062 1c008762 68e7f7c3 fmadd.s          f15, f15, f14, f13  f15=xxxxxxxx f15:c124a67b f14:3f440864 f13:41fa6a03
15061463ns          257063 1c008766 1c0006b7 lui              x13, 0x1c000000     x13=1c000000
15061483ns          257064 1c00876a 1386a683 lw               x13, 312(x13)       x13=c23f0e08 x13:1c000000  PA:1c000138
15061781ns          257079 1c00876e d0057553 fcvt.s.w         f10, x10            f10=xxxxxxxx x10:00000007
15061801ns          257080 1c008772 68e7f7c3 fmadd.s          f15, f15, f14, f13  f15=xxxxxxxx f15:41bb5f95 f14:3f440864 f13:c23f0e08
15061821ns          257081 1c008776 1c0006b7 lui              x13, 0x1c000000     x13=1c000000
15061841ns          257082 1c00877a 13c6a683 lw               x13, 316(x13)       x13=42390412 x13:1c000000  PA:1c00013c
15062159ns          257098 1c00877e 68e7f7c3 fmadd.s          f15, f15, f14, f13  f15=xxxxxxxx f15:c1eea0be f14:3f440864 f13:42390412
15062179ns          257099 1c008782 1c0006b7 lui              x13, 0x1c000000     x13=1c000000
15062199ns          257100 1c008786 1406a683 lw               x13, 320(x13)       x13=c1efd21b x13:1c000000  PA:1c000140
15062517ns          257116 1c00878a 68e7f7c3 fmadd.s          f15, f15, f14, f13  f15=xxxxxxxx f15:41bb4d40 f14:3f440864 f13:c1efd21b
15062537ns          257117 1c00878e 1c0006b7 lui              x13, 0x1c000000     x13=1c000000
15062557ns          257118 1c008792 1446a683 lw               x13, 324(x13)       x13=41644a86 x13:1c000000  PA:1c000144
15062875ns          257134 1c008796 68e7f7c3 fmadd.s          f15, f15, f14, f13  f15=xxxxxxxx f15:c140c9a5 f14:3f440864 f13:41644a86
15062895ns          257135 1c00879a 1c0006b7 lui              x13, 0x1c000000     x13=1c000000
15062915ns          257136 1c00879e 1486a683 lw               x13, 328(x13)       x13=c087dba8 x13:1c000000  PA:1c000148
15063233ns          257152 1c0087a2 68e7f7c3 fmadd.s          f15, f15, f14, f13  f15=xxxxxxxx f15:40a153a4 f14:3f440864 f13:c087dba8
15063253ns          257153 1c0087a6 00a7f553 fadd.s           f10, f15, f10       f10=xxxxxxxx f15:bec5254d f10:40e00000
15063273ns          257154 1c0087aa 00008067 jalr             x0, x1, 0            x1:1c0081c2
15063333ns          257157 1c0081c2 11557553 fmul.s           f10, f10, f21       f10=xxxxxxxx f10:40d3adab f21:3f317218
15063353ns          257158 1c0081c6 00a4222b p.sw             x10, 4(x8!)          x8=10001f74 x10:4092b96a  x8:10001f70  PA:10001f70
15063372ns          257159 1c0081ca ff4419e3 bne              x8, x20, -14         x8:10001f74 x20:10001fd8
15063432ns          257162 1c0081bc 0049a50b p.lw             x10, 4(x19!)        x10=4295591c x19=1c0105e0 x19:1c0105dc  PA:1c0105dc
15063731ns          257177 1c0081c0 558000ef jal              x1, 1368             x1=1c0081c2
15063750ns          257178 1c008718 e00517d3 fclass.s         x15, f10            x15=00000040 f10:4295591c
15063770ns          257179 1c00871c 0817f793 andi             x15, x15, 129       x15=00000000 x15:00000040
15063790ns          257180 1c008720 08079b63 bne              x15, x0, 150        x15:00000000
15063810ns          257181 1c008722 00000793 addi             x15, x0, 0          x15=00000000
15063830ns          257182 1c008726 a0f52753 feq.s            x14, f10, f15       x14=00000000 f10:4295591c f15:00000000
15063850ns          257183 1c00872a 08071163 bne              x14, x0, 130        x14:00000000
15063870ns          257184 1c00872c a0f507d3 fle.s            x15, f10, f15       x15=00000000 f10:4295591c f15:00000000
15063890ns          257185 1c008730 08079863 bne              x15, x0, 144        x15:00000000
15063910ns          257186 1c008732 a0a527d3 feq.s            x15, f10, f10       x15=00000001 f10:4295591c f10:4295591c
15063929ns          257187 1c008736 08078563 beq              x15, x0, 138        x15:00000001
15063949ns          257188 1c008738 d17537b3 p.bclr           x15, x10, 8, 23     x15=0015591c x10:4295591c
15063969ns          257189 1c00873c cb87c733 p.bset           x14, x15, 5, 24     x14=3f15591c x15:0015591c
15063989ns          257190 1c008740 1c0006b7 lui              x13, 0x1c000000     x13=1c000000
15064009ns          257191 1c008744 1c0007b7 lui              x15, 0x1c000000     x15=1c000000
15064029ns          257192 1c008748 1306a683 lw               x13, 304(x13)       x13=c13c5fa8 x13:1c000000  PA:1c000130
15064347ns          257208 1c00874c 12c7a783 lw               x15, 300(x15)       x15=3ff7d7e5 x15:1c000000  PA:1c00012c
15064645ns          257223 1c008750 41755513 srai             x10, x10, 0x417     x10=00000085 x10:4295591c
15064665ns          257224 1c008752 68e7f7c3 fmadd.s          f15, f15, f14, f13  f15=xxxxxxxx f15:3ff7d7e5 f14:3f15591c f13:c13c5fa8
15064685ns          257225 1c008756 1c0006b7 lui              x13, 0x1c000000     x13=1c000000
15064705ns          257226 1c00875a 1346a683 lw               x13, 308(x13)       x13=41fa6a03 x13:1c000000  PA:1c000134
15065004ns          257241 1c00875e f8250513 addi             x10, x10, -126      x10=00000007 x10:00000085
15065023ns          257242 1c008762 68e7f7c3 fmadd.s          f15, f15, f14, f13  f15=xxxxxxxx f15:c12a4cca f14:3f15591c f13:41fa6a03
15065043ns          257243 1c008766 1c0006b7 lui              x13, 0x1c000000     x13=1c000000
15065063ns          257244 1c00876a 1386a683 lw               x13, 312(x13)       x13=c23f0e08 x13:1c000000  PA:1c000138
15065362ns          257259 1c00876e d0057553 fcvt.s.w         f10, x10            f10=xxxxxxxx x10:00000007
15065381ns          257260 1c008772 68e7f7c3 fmadd.s          f15, f15, f14, f13  f15=xxxxxxxx f15:41c8bd07 f14:3f15591c f13:c23f0e08
15065401ns          257261 1c008776 1c0006b7 lui              x13, 0x1c000000     x13=1c000000
15065421ns          257262 1c00877a 13c6a683 lw               x13, 316(x13)       x13=42390412 x13:1c000000  PA:1c00013c
15065739ns          257278 1c00877e 68e7f7c3 fmadd.s          f15, f15, f14, f13  f15=xxxxxxxx f15:c2048016 f14:3f15591c f13:42390412
15065759ns          257279 1c008782 1c0006b7 lui              x13, 0x1c000000     x13=1c000000
15065779ns          257280 1c008786 1406a683 lw               x13, 320(x13)       x13=c1efd21b x13:1c000000  PA:1c000140
15066098ns          257296 1c00878a 68e7f7c3 fmadd.s          f15, f15, f14, f13  f15=xxxxxxxx f15:41d76ecc f14:3f15591c f13:c1efd21b
15066117ns          257297 1c00878e 1c0006b7 lui              x13, 0x1c000000     x13=1c000000
15066137ns          257298 1c008792 1446a683 lw               x13, 324(x13)       x13=41644a86 x13:1c000000  PA:1c000144
15066495ns          257316 1c008796 68e7f7c3 fmadd.s          f15, f15, f14, f13  f15=xxxxxxxx f15:c1644742 f14:3f15591c f13:41644a86
15066515ns          257317 1c00879a 1c0006b7 lui              x13, 0x1c000000     x13=1c000000
15066535ns          257318 1c00879e 1486a683 lw               x13, 328(x13)       x13=c087dba8 x13:1c000000  PA:1c000148
15066853ns          257334 1c0087a2 68e7f7c3 fmadd.s          f15, f15, f14, f13  f15=xxxxxxxx f15:40be3b2e f14:3f15591c f13:c087dba8
15066873ns          257335 1c0087a6 00a7f553 fadd.s           f10, f15, f10       f10=xxxxxxxx f15:bf4707f7 f10:40e00000
15066893ns          257336 1c0087aa 00008067 jalr             x0, x1, 0            x1:1c0081c2
15066953ns          257339 1c0081c2 11557553 fmul.s           f10, f10, f21       f10=xxxxxxxx f10:40c71f01 f21:3f317218
15066973ns          257340 1c0081c6 00a4222b p.sw             x10, 4(x8!)          x8=10001f78 x10:408a052e  x8:10001f74  PA:10001f74
15066993ns          257341 1c0081ca ff4419e3 bne              x8, x20, -14         x8:10001f78 x20:10001fd8
15067052ns          257344 1c0081bc 0049a50b p.lw             x10, 4(x19!)        x10=42970f98 x19=1c0105e4 x19:1c0105e0  PA:1c0105e0
15067351ns          257359 1c0081c0 558000ef jal              x1, 1368             x1=1c0081c2
15067371ns          257360 1c008718 e00517d3 fclass.s         x15, f10            x15=00000040 f10:42970f98
15067390ns          257361 1c00871c 0817f793 andi             x15, x15, 129       x15=00000000 x15:00000040
15067410ns          257362 1c008720 08079b63 bne              x15, x0, 150        x15:00000000
15067430ns          257363 1c008722 00000793 addi             x15, x0, 0          x15=00000000
15067450ns          257364 1c008726 a0f52753 feq.s            x14, f10, f15       x14=00000000 f10:42970f98 f15:00000000
15067470ns          257365 1c00872a 08071163 bne              x14, x0, 130        x14:00000000
15067490ns          257366 1c00872c a0f507d3 fle.s            x15, f10, f15       x15=00000000 f10:42970f98 f15:00000000
15067510ns          257367 1c008730 08079863 bne              x15, x0, 144        x15:00000000
15067530ns          257368 1c008732 a0a527d3 feq.s            x15, f10, f10       x15=00000001 f10:42970f98 f10:42970f98
15067550ns          257369 1c008736 08078563 beq              x15, x0, 138        x15:00000001
15067569ns          257370 1c008738 d17537b3 p.bclr           x15, x10, 8, 23     x15=00170f98 x10:42970f98
15067589ns          257371 1c00873c cb87c733 p.bset           x14, x15, 5, 24     x14=3f170f98 x15:00170f98
15067609ns          257372 1c008740 1c0006b7 lui              x13, 0x1c000000     x13=1c000000
15067629ns          257373 1c008744 1c0007b7 lui              x15, 0x1c000000     x15=1c000000
15067649ns          257374 1c008748 1306a683 lw               x13, 304(x13)       x13=c13c5fa8 x13:1c000000  PA:1c000130
15067947ns          257389 1c00874c 12c7a783 lw               x15, 300(x15)       x15=3ff7d7e5 x15:1c000000  PA:1c00012c
15068266ns          257405 1c008750 41755513 srai             x10, x10, 0x417     x10=00000085 x10:42970f98
15068286ns          257406 1c008752 68e7f7c3 fmadd.s          f15, f15, f14, f13  f15=xxxxxxxx f15:3ff7d7e5 f14:3f170f98 f13:c13c5fa8
15068305ns          257407 1c008756 1c0006b7 lui              x13, 0x1c000000     x13=1c000000
15068325ns          257408 1c00875a 1346a683 lw               x13, 308(x13)       x13=41fa6a03 x13:1c000000  PA:1c000134
15068624ns          257423 1c00875e f8250513 addi             x10, x10, -126      x10=00000007 x10:00000085
15068644ns          257424 1c008762 68e7f7c3 fmadd.s          f15, f15, f14, f13  f15=xxxxxxxx f15:c12a17ba f14:3f170f98 f13:41fa6a03
15068663ns          257425 1c008766 1c0006b7 lui              x13, 0x1c000000     x13=1c000000
15068683ns          257426 1c00876a 1386a683 lw               x13, 312(x13)       x13=c23f0e08 x13:1c000000  PA:1c000138
15068982ns          257441 1c00876e d0057553 fcvt.s.w         f10, x10            f10=xxxxxxxx x10:00000007
15069002ns          257442 1c008772 68e7f7c3 fmadd.s          f15, f15, f14, f13  f15=xxxxxxxx f15:41c83ad5 f14:3f170f98 f13:c23f0e08
15069021ns          257443 1c008776 1c0006b7 lui              x13, 0x1c000000     x13=1c000000
15069041ns          257444 1c00877a 13c6a683 lw               x13, 316(x13)       x13=42390412 x13:1c000000  PA:1c00013c
15069360ns          257460 1c00877e 68e7f7c3 fmadd.s          f15, f15, f14, f13  f15=xxxxxxxx f15:c203fa95 f14:3f170f98 f13:42390412
15069379ns          257461 1c008782 1c0006b7 lui              x13, 0x1c000000     x13=1c000000
15069399ns          257462 1c008786 1406a683 lw               x13, 320(x13)       x13=c1efd21b x13:1c000000  PA:1c000140
15069718ns          257478 1c00878a 68e7f7c3 fmadd.s          f15, f15, f14, f13  f15=xxxxxxxx f15:41d64674 f14:3f170f98 f13:c1efd21b
15069738ns          257479 1c00878e 1c0006b7 lui              x13, 0x1c000000     x13=1c000000
15069757ns          257480 1c008792 1446a683 lw               x13, 324(x13)       x13=41644a86 x13:1c000000  PA:1c000144
15070076ns          257496 1c008796 68e7f7c3 fmadd.s          f15, f15, f14, f13  f15=xxxxxxxx f15:c162c2fe f14:3f170f98 f13:41644a86
15070096ns          257497 1c00879a 1c0006b7 lui              x13, 0x1c000000     x13=1c000000
15070115ns          257498 1c00879e 1486a683 lw               x13, 328(x13)       x13=c087dba8 x13:1c000000  PA:1c000148
15070473ns          257516 1c0087a2 68e7f7c3 fmadd.s          f15, f15, f14, f13  f15=xxxxxxxx f15:40bcf764 f14:3f170f98 f13:c087dba8
15070493ns          257517 1c0087a6 00a7f553 fadd.s           f10, f15, f10       f10=xxxxxxxx f15:bf42d1cb f10:40e00000
15070513ns          257518 1c0087aa 00008067 jalr             x0, x1, 0            x1:1c0081c2
15070573ns          257521 1c0081c2 11557553 fmul.s           f10, f10, f21       f10=xxxxxxxx f10:40c7a5c7 f21:3f317218
15070593ns          257522 1c0081c6 00a4222b p.sw             x10, 4(x8!)          x8=10001f7c x10:408a6299  x8:10001f78  PA:10001f78
15070613ns          257523 1c0081ca ff4419e3 bne              x8, x20, -14         x8:10001f7c x20:10001fd8
15070672ns          257526 1c0081bc 0049a50b p.lw             x10, 4(x19!)        x10=425746b7 x19=1c0105e8 x19:1c0105e4  PA:1c0105e4
15070991ns          257542 1c0081c0 558000ef jal              x1, 1368             x1=1c0081c2
15071011ns          257543 1c008718 e00517d3 fclass.s         x15, f10            x15=00000040 f10:425746b7
15071030ns          257544 1c00871c 0817f793 andi             x15, x15, 129       x15=00000000 x15:00000040
15071050ns          257545 1c008720 08079b63 bne              x15, x0, 150        x15:00000000
15071070ns          257546 1c008722 00000793 addi             x15, x0, 0          x15=00000000
15071090ns          257547 1c008726 a0f52753 feq.s            x14, f10, f15       x14=00000000 f10:425746b7 f15:00000000
15071110ns          257548 1c00872a 08071163 bne              x14, x0, 130        x14:00000000
15071130ns          257549 1c00872c a0f507d3 fle.s            x15, f10, f15       x15=00000000 f10:425746b7 f15:00000000
15071150ns          257550 1c008730 08079863 bne              x15, x0, 144        x15:00000000
15071170ns          257551 1c008732 a0a527d3 feq.s            x15, f10, f10       x15=00000001 f10:425746b7 f10:425746b7
15071190ns          257552 1c008736 08078563 beq              x15, x0, 138        x15:00000001
15071209ns          257553 1c008738 d17537b3 p.bclr           x15, x10, 8, 23     x15=005746b7 x10:425746b7
15071229ns          257554 1c00873c cb87c733 p.bset           x14, x15, 5, 24     x14=3f5746b7 x15:005746b7
15071249ns          257555 1c008740 1c0006b7 lui              x13, 0x1c000000     x13=1c000000
15071269ns          257556 1c008744 1c0007b7 lui              x15, 0x1c000000     x15=1c000000
15071289ns          257557 1c008748 1306a683 lw               x13, 304(x13)       x13=c13c5fa8 x13:1c000000  PA:1c000130
15071587ns          257572 1c00874c 12c7a783 lw               x15, 300(x15)       x15=3ff7d7e5 x15:1c000000  PA:1c00012c
15071886ns          257587 1c008750 41755513 srai             x10, x10, 0x417     x10=00000084 x10:425746b7
15071906ns          257588 1c008752 68e7f7c3 fmadd.s          f15, f15, f14, f13  f15=xxxxxxxx f15:3ff7d7e5 f14:3f5746b7 f13:c13c5fa8
15071926ns          257589 1c008756 1c0006b7 lui              x13, 0x1c000000     x13=1c000000
15071945ns          257590 1c00875a 1346a683 lw               x13, 308(x13)       x13=41fa6a03 x13:1c000000  PA:1c000134
15072284ns          257607 1c00875e f8250513 addi             x10, x10, -126      x10=00000006 x10:00000084
15072303ns          257608 1c008762 68e7f7c3 fmadd.s          f15, f15, f14, f13  f15=xxxxxxxx f15:c122524f f14:3f5746b7 f13:41fa6a03
15072323ns          257609 1c008766 1c0006b7 lui              x13, 0x1c000000     x13=1c000000
15072343ns          257610 1c00876a 1386a683 lw               x13, 312(x13)       x13=c23f0e08 x13:1c000000  PA:1c000138
15072642ns          257625 1c00876e d0057553 fcvt.s.w         f10, x10            f10=xxxxxxxx x10:00000006
15072661ns          257626 1c008772 68e7f7c3 fmadd.s          f15, f15, f14, f13  f15=xxxxxxxx f15:41b62a08 f14:3f5746b7 f13:c23f0e08
15072681ns          257627 1c008776 1c0006b7 lui              x13, 0x1c000000     x13=1c000000
15072701ns          257628 1c00877a 13c6a683 lw               x13, 316(x13)       x13=42390412 x13:1c000000  PA:1c00013c
15073020ns          257644 1c00877e 68e7f7c3 fmadd.s          f15, f15, f14, f13  f15=xxxxxxxx f15:c1e4ec72 f14:3f5746b7 f13:42390412
15073039ns          257645 1c008782 1c0006b7 lui              x13, 0x1c000000     x13=1c000000
15073059ns          257646 1c008786 1406a683 lw               x13, 320(x13)       x13=c1efd21b x13:1c000000  PA:1c000140
15073378ns          257662 1c00878a 68e7f7c3 fmadd.s          f15, f15, f14, f13  f15=xxxxxxxx f15:41b18654 f14:3f5746b7 f13:c1efd21b
15073397ns          257663 1c00878e 1c0006b7 lui              x13, 0x1c000000     x13=1c000000
15073417ns          257664 1c008792 1446a683 lw               x13, 324(x13)       x13=41644a86 x13:1c000000  PA:1c000144
15073736ns          257680 1c008796 68e7f7c3 fmadd.s          f15, f15, f14, f13  f15=xxxxxxxx f15:c1351282 f14:3f5746b7 f13:41644a86
15073755ns          257681 1c00879a 1c0006b7 lui              x13, 0x1c000000     x13=1c000000
15073775ns          257682 1c00879e 1486a683 lw               x13, 328(x13)       x13=c087dba8 x13:1c000000  PA:1c000148
15074094ns          257698 1c0087a2 68e7f7c3 fmadd.s          f15, f15, f14, f13  f15=xxxxxxxx f15:40980bed f14:3f5746b7 f13:c087dba8
15074113ns          257699 1c0087a6 00a7f553 fadd.s           f10, f15, f10       f10=xxxxxxxx f15:be7ff480 f10:40c00000
15074133ns          257700 1c0087aa 00008067 jalr             x0, x1, 0            x1:1c0081c2
15074193ns          257703 1c0081c2 11557553 fmul.s           f10, f10, f21       f10=xxxxxxxx f10:40b8005c f21:3f317218
15074213ns          257704 1c0081c6 00a4222b p.sw             x10, 4(x8!)          x8=10001f80 x10:407f1482  x8:10001f7c  PA:10001f7c
15074233ns          257705 1c0081ca ff4419e3 bne              x8, x20, -14         x8:10001f80 x20:10001fd8
15074293ns          257708 1c0081bc 0049a50b p.lw             x10, 4(x19!)        x10=421de1a9 x19=1c0105ec x19:1c0105e8  PA:1c0105e8
15074591ns          257723 1c0081c0 558000ef jal              x1, 1368             x1=1c0081c2
15074611ns          257724 1c008718 e00517d3 fclass.s         x15, f10            x15=00000040 f10:421de1a9
15074631ns          257725 1c00871c 0817f793 andi             x15, x15, 129       x15=00000000 x15:00000040
15074651ns          257726 1c008720 08079b63 bne              x15, x0, 150        x15:00000000
15074670ns          257727 1c008722 00000793 addi             x15, x0, 0          x15=00000000
15074690ns          257728 1c008726 a0f52753 feq.s            x14, f10, f15       x14=00000000 f10:421de1a9 f15:00000000
15074710ns          257729 1c00872a 08071163 bne              x14, x0, 130        x14:00000000
15074730ns          257730 1c00872c a0f507d3 fle.s            x15, f10, f15       x15=00000000 f10:421de1a9 f15:00000000
15074750ns          257731 1c008730 08079863 bne              x15, x0, 144        x15:00000000
15074770ns          257732 1c008732 a0a527d3 feq.s            x15, f10, f10       x15=00000001 f10:421de1a9 f10:421de1a9
15074790ns          257733 1c008736 08078563 beq              x15, x0, 138        x15:00000001
15074810ns          257734 1c008738 d17537b3 p.bclr           x15, x10, 8, 23     x15=001de1a9 x10:421de1a9
15074830ns          257735 1c00873c cb87c733 p.bset           x14, x15, 5, 24     x14=3f1de1a9 x15:001de1a9
15074849ns          257736 1c008740 1c0006b7 lui              x13, 0x1c000000     x13=1c000000
15074869ns          257737 1c008744 1c0007b7 lui              x15, 0x1c000000     x15=1c000000
15074889ns          257738 1c008748 1306a683 lw               x13, 304(x13)       x13=c13c5fa8 x13:1c000000  PA:1c000130
15075188ns          257753 1c00874c 12c7a783 lw               x15, 300(x15)       x15=3ff7d7e5 x15:1c000000  PA:1c00012c
15075486ns          257768 1c008750 41755513 srai             x10, x10, 0x417     x10=00000084 x10:421de1a9
15075506ns          257769 1c008752 68e7f7c3 fmadd.s          f15, f15, f14, f13  f15=xxxxxxxx f15:3ff7d7e5 f14:3f1de1a9 f13:c13c5fa8
15075526ns          257770 1c008756 1c0006b7 lui              x13, 0x1c000000     x13=1c000000
15075546ns          257771 1c00875a 1346a683 lw               x13, 308(x13)       x13=41fa6a03 x13:1c000000  PA:1c000134
15075844ns          257786 1c00875e f8250513 addi             x10, x10, -126      x10=00000006 x10:00000084
15075864ns          257787 1c008762 68e7f7c3 fmadd.s          f15, f15, f14, f13  f15=xxxxxxxx f15:c129446c f14:3f1de1a9 f13:41fa6a03
15075884ns          257788 1c008766 1c0006b7 lui              x13, 0x1c000000     x13=1c000000
15075904ns          257789 1c00876a 1386a683 lw               x13, 312(x13)       x13=c23f0e08 x13:1c000000  PA:1c000138
15076242ns          257806 1c00876e d0057553 fcvt.s.w         f10, x10            f10=xxxxxxxx x10:00000006
15076262ns          257807 1c008772 68e7f7c3 fmadd.s          f15, f15, f14, f13  f15=xxxxxxxx f15:41c637ed f14:3f1de1a9 f13:c23f0e08
15076282ns          257808 1c008776 1c0006b7 lui              x13, 0x1c000000     x13=1c000000
15076301ns          257809 1c00877a 13c6a683 lw               x13, 316(x13)       x13=42390412 x13:1c000000  PA:1c00013c
15076620ns          257825 1c00877e 68e7f7c3 fmadd.s          f15, f15, f14, f13  f15=xxxxxxxx f15:c201ee85 f14:3f1de1a9 f13:42390412
15076640ns          257826 1c008782 1c0006b7 lui              x13, 0x1c000000     x13=1c000000
15076660ns          257827 1c008786 1406a683 lw               x13, 320(x13)       x13=c1efd21b x13:1c000000  PA:1c000140
15076978ns          257843 1c00878a 68e7f7c3 fmadd.s          f15, f15, f14, f13  f15=xxxxxxxx f15:41d1c484 f14:3f1de1a9 f13:c1efd21b
15076998ns          257844 1c00878e 1c0006b7 lui              x13, 0x1c000000     x13=1c000000
15077018ns          257845 1c008792 1446a683 lw               x13, 324(x13)       x13=41644a86 x13:1c000000  PA:1c000144
15077336ns          257861 1c008796 68e7f7c3 fmadd.s          f15, f15, f14, f13  f15=xxxxxxxx f15:c15ce75c f14:3f1de1a9 f13:41644a86
15077356ns          257862 1c00879a 1c0006b7 lui              x13, 0x1c000000     x13=1c000000
15077376ns          257863 1c00879e 1486a683 lw               x13, 328(x13)       x13=c087dba8 x13:1c000000  PA:1c000148
15077694ns          257879 1c0087a2 68e7f7c3 fmadd.s          f15, f15, f14, f13  f15=xxxxxxxx f15:40b81bd3 f14:3f1de1a9 f13:c087dba8
15077714ns          257880 1c0087a6 00a7f553 fadd.s           f10, f15, f10       f10=xxxxxxxx f15:bf32826d f10:40c00000
15077734ns          257881 1c0087aa 00008067 jalr             x0, x1, 0            x1:1c0081c2
15077793ns          257884 1c0081c2 11557553 fmul.s           f10, f10, f21       f10=xxxxxxxx f10:40a9afb2 f21:3f317218
15077813ns          257885 1c0081c6 00a4222b p.sw             x10, 4(x8!)          x8=10001f84 x10:406b3c34  x8:10001f80  PA:10001f80
15077833ns          257886 1c0081ca ff4419e3 bne              x8, x20, -14         x8:10001f84 x20:10001fd8
15077893ns          257889 1c0081bc 0049a50b p.lw             x10, 4(x19!)        x10=4275f26c x19=1c0105f0 x19:1c0105ec  PA:1c0105ec
15078191ns          257904 1c0081c0 558000ef jal              x1, 1368             x1=1c0081c2
15078211ns          257905 1c008718 e00517d3 fclass.s         x15, f10            x15=00000040 f10:4275f26c
15078231ns          257906 1c00871c 0817f793 andi             x15, x15, 129       x15=00000000 x15:00000040
15078251ns          257907 1c008720 08079b63 bne              x15, x0, 150        x15:00000000
15078271ns          257908 1c008722 00000793 addi             x15, x0, 0          x15=00000000
15078291ns          257909 1c008726 a0f52753 feq.s            x14, f10, f15       x14=00000000 f10:4275f26c f15:00000000
15078310ns          257910 1c00872a 08071163 bne              x14, x0, 130        x14:00000000
15078330ns          257911 1c00872c a0f507d3 fle.s            x15, f10, f15       x15=00000000 f10:4275f26c f15:00000000
15078350ns          257912 1c008730 08079863 bne              x15, x0, 144        x15:00000000
15078370ns          257913 1c008732 a0a527d3 feq.s            x15, f10, f10       x15=00000001 f10:4275f26c f10:4275f26c
15078390ns          257914 1c008736 08078563 beq              x15, x0, 138        x15:00000001
15078410ns          257915 1c008738 d17537b3 p.bclr           x15, x10, 8, 23     x15=0075f26c x10:4275f26c
15078430ns          257916 1c00873c cb87c733 p.bset           x14, x15, 5, 24     x14=3f75f26c x15:0075f26c
15078450ns          257917 1c008740 1c0006b7 lui              x13, 0x1c000000     x13=1c000000
15078470ns          257918 1c008744 1c0007b7 lui              x15, 0x1c000000     x15=1c000000
15078489ns          257919 1c008748 1306a683 lw               x13, 304(x13)       x13=c13c5fa8 x13:1c000000  PA:1c000130
15078808ns          257935 1c00874c 12c7a783 lw               x15, 300(x15)       x15=3ff7d7e5 x15:1c000000  PA:1c00012c
15079126ns          257951 1c008750 41755513 srai             x10, x10, 0x417     x10=00000084 x10:4275f26c
15079146ns          257952 1c008752 68e7f7c3 fmadd.s          f15, f15, f14, f13  f15=xxxxxxxx f15:3ff7d7e5 f14:3f75f26c f13:c13c5fa8
15079166ns          257953 1c008756 1c0006b7 lui              x13, 0x1c000000     x13=1c000000
15079186ns          257954 1c00875a 1346a683 lw               x13, 308(x13)       x13=41fa6a03 x13:1c000000  PA:1c000134
15079484ns          257969 1c00875e f8250513 addi             x10, x10, -126      x10=00000006 x10:00000084
15079504ns          257970 1c008762 68e7f7c3 fmadd.s          f15, f15, f14, f13  f15=xxxxxxxx f15:c11e9c1e f14:3f75f26c f13:41fa6a03
15079524ns          257971 1c008766 1c0006b7 lui              x13, 0x1c000000     x13=1c000000
15079544ns          257972 1c00876a 1386a683 lw               x13, 312(x13)       x13=c23f0e08 x13:1c000000  PA:1c000138
15079842ns          257987 1c00876e d0057553 fcvt.s.w         f10, x10            f10=xxxxxxxx x10:00000006
15079862ns          257988 1c008772 68e7f7c3 fmadd.s          f15, f15, f14, f13  f15=xxxxxxxx f15:41ae3935 f14:3f75f26c f13:c23f0e08
15079882ns          257989 1c008776 1c0006b7 lui              x13, 0x1c000000     x13=1c000000
15079902ns          257990 1c00877a 13c6a683 lw               x13, 316(x13)       x13=42390412 x13:1c000000  PA:1c00013c
15080260ns          258008 1c00877e 68e7f7c3 fmadd.s          f15, f15, f14, f13  f15=xxxxxxxx f15:c1d6ba55 f14:3f75f26c f13:42390412
15080280ns          258009 1c008782 1c0006b7 lui              x13, 0x1c000000     x13=1c000000
15080300ns          258010 1c008786 1406a683 lw               x13, 320(x13)       x13=c1efd21b x13:1c000000  PA:1c000140
15080618ns          258026 1c00878a 68e7f7c3 fmadd.s          f15, f15, f14, f13  f15=xxxxxxxx f15:41a3bc7a f14:3f75f26c f13:c1efd21b
15080638ns          258027 1c00878e 1c0006b7 lui              x13, 0x1c000000     x13=1c000000
15080658ns          258028 1c008792 1446a683 lw               x13, 324(x13)       x13=41644a86 x13:1c000000  PA:1c000144
15080976ns          258044 1c008796 68e7f7c3 fmadd.s          f15, f15, f14, f13  f15=xxxxxxxx f15:c125075a f14:3f75f26c f13:41644a86
15080996ns          258045 1c00879a 1c0006b7 lui              x13, 0x1c000000     x13=1c000000
15081016ns          258046 1c00879e 1486a683 lw               x13, 328(x13)       x13=c087dba8 x13:1c000000  PA:1c000148
15081334ns          258062 1c0087a2 68e7f7c3 fmadd.s          f15, f15, f14, f13  f15=xxxxxxxx f15:408b7c6d f14:3f75f26c f13:c087dba8
15081354ns          258063 1c0087a6 00a7f553 fadd.s           f10, f15, f10       f10=xxxxxxxx f15:bd6cbe9c f10:40c00000
15081374ns          258064 1c0087aa 00008067 jalr             x0, x1, 0            x1:1c0081c2
15081433ns          258067 1c0081c2 11557553 fmul.s           f10, f10, f21       f10=xxxxxxxx f10:40be2683 f21:3f317218
15081453ns          258068 1c0081c6 00a4222b p.sw             x10, 4(x8!)          x8=10001f88 x10:4083cd60  x8:10001f84  PA:10001f84
15081473ns          258069 1c0081ca ff4419e3 bne              x8, x20, -14         x8:10001f88 x20:10001fd8
15081533ns          258072 1c0081bc 0049a50b p.lw             x10, 4(x19!)        x10=422c1823 x19=1c0105f4 x19:1c0105f0  PA:1c0105f0
15081831ns          258087 1c0081c0 558000ef jal              x1, 1368             x1=1c0081c2
15081851ns          258088 1c008718 e00517d3 fclass.s         x15, f10            x15=00000040 f10:422c1823
15081871ns          258089 1c00871c 0817f793 andi             x15, x15, 129       x15=00000000 x15:00000040
15081891ns          258090 1c008720 08079b63 bne              x15, x0, 150        x15:00000000
15081911ns          258091 1c008722 00000793 addi             x15, x0, 0          x15=00000000
15081931ns          258092 1c008726 a0f52753 feq.s            x14, f10, f15       x14=00000000 f10:422c1823 f15:00000000
15081950ns          258093 1c00872a 08071163 bne              x14, x0, 130        x14:00000000
15081970ns          258094 1c00872c a0f507d3 fle.s            x15, f10, f15       x15=00000000 f10:422c1823 f15:00000000
15081990ns          258095 1c008730 08079863 bne              x15, x0, 144        x15:00000000
15082010ns          258096 1c008732 a0a527d3 feq.s            x15, f10, f10       x15=00000001 f10:422c1823 f10:422c1823
15082030ns          258097 1c008736 08078563 beq              x15, x0, 138        x15:00000001
15082050ns          258098 1c008738 d17537b3 p.bclr           x15, x10, 8, 23     x15=002c1823 x10:422c1823
15082070ns          258099 1c00873c cb87c733 p.bset           x14, x15, 5, 24     x14=3f2c1823 x15:002c1823
15082090ns          258100 1c008740 1c0006b7 lui              x13, 0x1c000000     x13=1c000000
15082110ns          258101 1c008744 1c0007b7 lui              x15, 0x1c000000     x15=1c000000
15082129ns          258102 1c008748 1306a683 lw               x13, 304(x13)       x13=c13c5fa8 x13:1c000000  PA:1c000130
15082428ns          258117 1c00874c 12c7a783 lw               x15, 300(x15)       x15=3ff7d7e5 x15:1c000000  PA:1c00012c
15082726ns          258132 1c008750 41755513 srai             x10, x10, 0x417     x10=00000084 x10:422c1823
15082746ns          258133 1c008752 68e7f7c3 fmadd.s          f15, f15, f14, f13  f15=xxxxxxxx f15:3ff7d7e5 f14:3f2c1823 f13:c13c5fa8
15082766ns          258134 1c008756 1c0006b7 lui              x13, 0x1c000000     x13=1c000000
15082786ns          258135 1c00875a 1346a683 lw               x13, 308(x13)       x13=41fa6a03 x13:1c000000  PA:1c000134
15083084ns          258150 1c00875e f8250513 addi             x10, x10, -126      x10=00000006 x10:00000084
15083104ns          258151 1c008762 68e7f7c3 fmadd.s          f15, f15, f14, f13  f15=xxxxxxxx f15:c1278c1b f14:3f2c1823 f13:41fa6a03
15083124ns          258152 1c008766 1c0006b7 lui              x13, 0x1c000000     x13=1c000000
15083144ns          258153 1c00876a 1386a683 lw               x13, 312(x13)       x13=c23f0e08 x13:1c000000  PA:1c000138
15083462ns          258169 1c00876e d0057553 fcvt.s.w         f10, x10            f10=xxxxxxxx x10:00000006
15083482ns          258170 1c008772 68e7f7c3 fmadd.s          f15, f15, f14, f13  f15=xxxxxxxx f15:41c2190c f14:3f2c1823 f13:c23f0e08
15083502ns          258171 1c008776 1c0006b7 lui              x13, 0x1c000000     x13=1c000000
15083522ns          258172 1c00877a 13c6a683 lw               x13, 316(x13)       x13=42390412 x13:1c000000  PA:1c00013c
15083840ns          258188 1c00877e 68e7f7c3 fmadd.s          f15, f15, f14, f13  f15=xxxxxxxx f15:c1fba0ef f14:3f2c1823 f13:42390412
15083860ns          258189 1c008782 1c0006b7 lui              x13, 0x1c000000     x13=1c000000
15083880ns          258190 1c008786 1406a683 lw               x13, 320(x13)       x13=c1efd21b x13:1c000000  PA:1c000140
15084218ns          258207 1c00878a 68e7f7c3 fmadd.s          f15, f15, f14, f13  f15=xxxxxxxx f15:41c8e04a f14:3f2c1823 f13:c1efd21b
15084238ns          258208 1c00878e 1c0006b7 lui              x13, 0x1c000000     x13=1c000000
15084258ns          258209 1c008792 1446a683 lw               x13, 324(x13)       x13=41644a86 x13:1c000000  PA:1c000144
15084576ns          258225 1c008796 68e7f7c3 fmadd.s          f15, f15, f14, f13  f15=xxxxxxxx f15:c15190f2 f14:3f2c1823 f13:41644a86
15084596ns          258226 1c00879a 1c0006b7 lui              x13, 0x1c000000     x13=1c000000
15084616ns          258227 1c00879e 1486a683 lw               x13, 328(x13)       x13=c087dba8 x13:1c000000  PA:1c000148
15084934ns          258243 1c0087a2 68e7f7c3 fmadd.s          f15, f15, f14, f13  f15=xxxxxxxx f15:40aed2c2 f14:3f2c1823 f13:c087dba8
15084954ns          258244 1c0087a6 00a7f553 fadd.s           f10, f15, f10       f10=xxxxxxxx f15:bf12ac90 f10:40c00000
15084974ns          258245 1c0087aa 00008067 jalr             x0, x1, 0            x1:1c0081c2
15085034ns          258248 1c0081c2 11557553 fmul.s           f10, f10, f21       f10=xxxxxxxx f10:40adaa6e f21:3f317218
15085053ns          258249 1c0081c6 00a4222b p.sw             x10, 4(x8!)          x8=10001f8c x10:4070c078  x8:10001f88  PA:10001f88
15085073ns          258250 1c0081ca ff4419e3 bne              x8, x20, -14         x8:10001f8c x20:10001fd8
15085133ns          258253 1c0081bc 0049a50b p.lw             x10, 4(x19!)        x10=4233f029 x19=1c0105f8 x19:1c0105f4  PA:1c0105f4
15085431ns          258268 1c0081c0 558000ef jal              x1, 1368             x1=1c0081c2
15085451ns          258269 1c008718 e00517d3 fclass.s         x15, f10            x15=00000040 f10:4233f029
15085471ns          258270 1c00871c 0817f793 andi             x15, x15, 129       x15=00000000 x15:00000040
15085491ns          258271 1c008720 08079b63 bne              x15, x0, 150        x15:00000000
15085511ns          258272 1c008722 00000793 addi             x15, x0, 0          x15=00000000
15085531ns          258273 1c008726 a0f52753 feq.s            x14, f10, f15       x14=00000000 f10:4233f029 f15:00000000
15085551ns          258274 1c00872a 08071163 bne              x14, x0, 130        x14:00000000
15085571ns          258275 1c00872c a0f507d3 fle.s            x15, f10, f15       x15=00000000 f10:4233f029 f15:00000000
15085590ns          258276 1c008730 08079863 bne              x15, x0, 144        x15:00000000
15085610ns          258277 1c008732 a0a527d3 feq.s            x15, f10, f10       x15=00000001 f10:4233f029 f10:4233f029
15085630ns          258278 1c008736 08078563 beq              x15, x0, 138        x15:00000001
15085650ns          258279 1c008738 d17537b3 p.bclr           x15, x10, 8, 23     x15=0033f029 x10:4233f029
15085670ns          258280 1c00873c cb87c733 p.bset           x14, x15, 5, 24     x14=3f33f029 x15:0033f029
15085690ns          258281 1c008740 1c0006b7 lui              x13, 0x1c000000     x13=1c000000
15085710ns          258282 1c008744 1c0007b7 lui              x15, 0x1c000000     x15=1c000000
15085730ns          258283 1c008748 1306a683 lw               x13, 304(x13)       x13=c13c5fa8 x13:1c000000  PA:1c000130
15086028ns          258298 1c00874c 12c7a783 lw               x15, 300(x15)       x15=3ff7d7e5 x15:1c000000  PA:1c00012c
15086326ns          258313 1c008750 41755513 srai             x10, x10, 0x417     x10=00000084 x10:4233f029
15086346ns          258314 1c008752 68e7f7c3 fmadd.s          f15, f15, f14, f13  f15=xxxxxxxx f15:3ff7d7e5 f14:3f33f029 f13:c13c5fa8
15086366ns          258315 1c008756 1c0006b7 lui              x13, 0x1c000000     x13=1c000000
15086386ns          258316 1c00875a 1346a683 lw               x13, 308(x13)       x13=41fa6a03 x13:1c000000  PA:1c000134
15086684ns          258331 1c00875e f8250513 addi             x10, x10, -126      x10=00000006 x10:00000084
15086704ns          258332 1c008762 68e7f7c3 fmadd.s          f15, f15, f14, f13  f15=xxxxxxxx f15:c1269919 f14:3f33f029 f13:41fa6a03
15086724ns          258333 1c008766 1c0006b7 lui              x13, 0x1c000000     x13=1c000000
15086744ns          258334 1c00876a 1386a683 lw               x13, 312(x13)       x13=c23f0e08 x13:1c000000  PA:1c000138
15087042ns          258349 1c00876e d0057553 fcvt.s.w         f10, x10            f10=xxxxxxxx x10:00000006
15087062ns          258350 1c008772 68e7f7c3 fmadd.s          f15, f15, f14, f13  f15=xxxxxxxx f15:41bfdd58 f14:3f33f029 f13:c23f0e08
15087082ns          258351 1c008776 1c0006b7 lui              x13, 0x1c000000     x13=1c000000
15087102ns          258352 1c00877a 13c6a683 lw               x13, 316(x13)       x13=42390412 x13:1c000000  PA:1c00013c
15087420ns          258368 1c00877e 68e7f7c3 fmadd.s          f15, f15, f14, f13  f15=xxxxxxxx f15:c1f7404d f14:3f33f029 f13:42390412
15087440ns          258369 1c008782 1c0006b7 lui              x13, 0x1c000000     x13=1c000000
15087460ns          258370 1c008786 1406a683 lw               x13, 320(x13)       x13=c1efd21b x13:1c000000  PA:1c000140
15087778ns          258386 1c00878a 68e7f7c3 fmadd.s          f15, f15, f14, f13  f15=xxxxxxxx f15:41c43e3a f14:3f33f029 f13:c1efd21b
15087798ns          258387 1c00878e 1c0006b7 lui              x13, 0x1c000000     x13=1c000000
15087818ns          258388 1c008792 1446a683 lw               x13, 324(x13)       x13=41644a86 x13:1c000000  PA:1c000144
15088156ns          258405 1c008796 68e7f7c3 fmadd.s          f15, f15, f14, f13  f15=xxxxxxxx f15:c14bc4fd f14:3f33f029 f13:41644a86
15088176ns          258406 1c00879a 1c0006b7 lui              x13, 0x1c000000     x13=1c000000
15088196ns          258407 1c00879e 1486a683 lw               x13, 328(x13)       x13=c087dba8 x13:1c000000  PA:1c000148
15088514ns          258423 1c0087a2 68e7f7c3 fmadd.s          f15, f15, f14, f13  f15=xxxxxxxx f15:40aa2140 f14:3f33f029 f13:c087dba8
15088534ns          258424 1c0087a6 00a7f553 fadd.s           f10, f15, f10       f10=xxxxxxxx f15:bf02366f f10:40c00000
15088554ns          258425 1c0087aa 00008067 jalr             x0, x1, 0            x1:1c0081c2
15088614ns          258428 1c0081c2 11557553 fmul.s           f10, f10, f21       f10=xxxxxxxx f10:40afb932 f21:3f317218
15088634ns          258429 1c0081c6 00a4222b p.sw             x10, 4(x8!)          x8=10001f90 x10:40739ab9  x8:10001f8c  PA:10001f8c
15088654ns          258430 1c0081ca ff4419e3 bne              x8, x20, -14         x8:10001f90 x20:10001fd8
15088713ns          258433 1c0081bc 0049a50b p.lw             x10, 4(x19!)        x10=42449e51 x19=1c0105fc x19:1c0105f8  PA:1c0105f8
15089012ns          258448 1c0081c0 558000ef jal              x1, 1368             x1=1c0081c2
15089032ns          258449 1c008718 e00517d3 fclass.s         x15, f10            x15=00000040 f10:42449e51
15089051ns          258450 1c00871c 0817f793 andi             x15, x15, 129       x15=00000000 x15:00000040
15089071ns          258451 1c008720 08079b63 bne              x15, x0, 150        x15:00000000
15089091ns          258452 1c008722 00000793 addi             x15, x0, 0          x15=00000000
15089111ns          258453 1c008726 a0f52753 feq.s            x14, f10, f15       x14=00000000 f10:42449e51 f15:00000000
15089131ns          258454 1c00872a 08071163 bne              x14, x0, 130        x14:00000000
15089151ns          258455 1c00872c a0f507d3 fle.s            x15, f10, f15       x15=00000000 f10:42449e51 f15:00000000
15089171ns          258456 1c008730 08079863 bne              x15, x0, 144        x15:00000000
15089191ns          258457 1c008732 a0a527d3 feq.s            x15, f10, f10       x15=00000001 f10:42449e51 f10:42449e51
15089211ns          258458 1c008736 08078563 beq              x15, x0, 138        x15:00000001
15089230ns          258459 1c008738 d17537b3 p.bclr           x15, x10, 8, 23     x15=00449e51 x10:42449e51
15089250ns          258460 1c00873c cb87c733 p.bset           x14, x15, 5, 24     x14=3f449e51 x15:00449e51
15089270ns          258461 1c008740 1c0006b7 lui              x13, 0x1c000000     x13=1c000000
15089290ns          258462 1c008744 1c0007b7 lui              x15, 0x1c000000     x15=1c000000
15089310ns          258463 1c008748 1306a683 lw               x13, 304(x13)       x13=c13c5fa8 x13:1c000000  PA:1c000130
15089628ns          258479 1c00874c 12c7a783 lw               x15, 300(x15)       x15=3ff7d7e5 x15:1c000000  PA:1c00012c
15089927ns          258494 1c008750 41755513 srai             x10, x10, 0x417     x10=00000084 x10:42449e51
15089947ns          258495 1c008752 68e7f7c3 fmadd.s          f15, f15, f14, f13  f15=xxxxxxxx f15:3ff7d7e5 f14:3f449e51 f13:c13c5fa8
15089966ns          258496 1c008756 1c0006b7 lui              x13, 0x1c000000     x13=1c000000
15089986ns          258497 1c00875a 1346a683 lw               x13, 308(x13)       x13=41fa6a03 x13:1c000000  PA:1c000134
15090305ns          258513 1c00875e f8250513 addi             x10, x10, -126      x10=00000006 x10:00000084
15090324ns          258514 1c008762 68e7f7c3 fmadd.s          f15, f15, f14, f13  f15=xxxxxxxx f15:c1249456 f14:3f449e51 f13:41fa6a03
15090344ns          258515 1c008766 1c0006b7 lui              x13, 0x1c000000     x13=1c000000
15090364ns          258516 1c00876a 1386a683 lw               x13, 312(x13)       x13=c23f0e08 x13:1c000000  PA:1c000138
15090663ns          258531 1c00876e d0057553 fcvt.s.w         f10, x10            f10=xxxxxxxx x10:00000006
15090682ns          258532 1c008772 68e7f7c3 fmadd.s          f15, f15, f14, f13  f15=xxxxxxxx f15:41bb3656 f14:3f449e51 f13:c23f0e08
15090702ns          258533 1c008776 1c0006b7 lui              x13, 0x1c000000     x13=1c000000
15090722ns          258534 1c00877a 13c6a683 lw               x13, 316(x13)       x13=42390412 x13:1c000000  PA:1c00013c
15091041ns          258550 1c00877e 68e7f7c3 fmadd.s          f15, f15, f14, f13  f15=xxxxxxxx f15:c1ee52af f14:3f449e51 f13:42390412
15091060ns          258551 1c008782 1c0006b7 lui              x13, 0x1c000000     x13=1c000000
15091080ns          258552 1c008786 1406a683 lw               x13, 320(x13)       x13=c1efd21b x13:1c000000  PA:1c000140
15091438ns          258570 1c00878a 68e7f7c3 fmadd.s          f15, f15, f14, f13  f15=xxxxxxxx f15:41bafd74 f14:3f449e51 f13:c1efd21b
15091458ns          258571 1c00878e 1c0006b7 lui              x13, 0x1c000000     x13=1c000000
15091478ns          258572 1c008792 1446a683 lw               x13, 324(x13)       x13=41644a86 x13:1c000000  PA:1c000144
15091796ns          258588 1c008796 68e7f7c3 fmadd.s          f15, f15, f14, f13  f15=xxxxxxxx f15:c14068d5 f14:3f449e51 f13:41644a86
15091816ns          258589 1c00879a 1c0006b7 lui              x13, 0x1c000000     x13=1c000000
15091836ns          258590 1c00879e 1486a683 lw               x13, 328(x13)       x13=c087dba8 x13:1c000000  PA:1c000148
15092154ns          258606 1c0087a2 68e7f7c3 fmadd.s          f15, f15, f14, f13  f15=xxxxxxxx f15:40a1068b f14:3f449e51 f13:c087dba8
15092174ns          258607 1c0087a6 00a7f553 fadd.s           f10, f15, f10       f10=xxxxxxxx f15:bec2f109 f10:40c00000
15092194ns          258608 1c0087aa 00008067 jalr             x0, x1, 0            x1:1c0081c2
15092254ns          258611 1c0081c2 11557553 fmul.s           f10, f10, f21       f10=xxxxxxxx f10:40b3d0ef f21:3f317218
15092274ns          258612 1c0081c6 00a4222b p.sw             x10, 4(x8!)          x8=10001f94 x10:40794732  x8:10001f90  PA:10001f90
15092294ns          258613 1c0081ca ff4419e3 bne              x8, x20, -14         x8:10001f94 x20:10001fd8
15092353ns          258616 1c0081bc 0049a50b p.lw             x10, 4(x19!)        x10=41611b47 x19=1c010600 x19:1c0105fc  PA:1c0105fc
15092652ns          258631 1c0081c0 558000ef jal              x1, 1368             x1=1c0081c2
15092672ns          258632 1c008718 e00517d3 fclass.s         x15, f10            x15=00000040 f10:41611b47
15092691ns          258633 1c00871c 0817f793 andi             x15, x15, 129       x15=00000000 x15:00000040
15092711ns          258634 1c008720 08079b63 bne              x15, x0, 150        x15:00000000
15092731ns          258635 1c008722 00000793 addi             x15, x0, 0          x15=00000000
15092751ns          258636 1c008726 a0f52753 feq.s            x14, f10, f15       x14=00000000 f10:41611b47 f15:00000000
15092771ns          258637 1c00872a 08071163 bne              x14, x0, 130        x14:00000000
15092791ns          258638 1c00872c a0f507d3 fle.s            x15, f10, f15       x15=00000000 f10:41611b47 f15:00000000
15092811ns          258639 1c008730 08079863 bne              x15, x0, 144        x15:00000000
15092831ns          258640 1c008732 a0a527d3 feq.s            x15, f10, f10       x15=00000001 f10:41611b47 f10:41611b47
15092851ns          258641 1c008736 08078563 beq              x15, x0, 138        x15:00000001
15092870ns          258642 1c008738 d17537b3 p.bclr           x15, x10, 8, 23     x15=00611b47 x10:41611b47
15092890ns          258643 1c00873c cb87c733 p.bset           x14, x15, 5, 24     x14=3f611b47 x15:00611b47
15092910ns          258644 1c008740 1c0006b7 lui              x13, 0x1c000000     x13=1c000000
15092930ns          258645 1c008744 1c0007b7 lui              x15, 0x1c000000     x15=1c000000
15092950ns          258646 1c008748 1306a683 lw               x13, 304(x13)       x13=c13c5fa8 x13:1c000000  PA:1c000130
15093248ns          258661 1c00874c 12c7a783 lw               x15, 300(x15)       x15=3ff7d7e5 x15:1c000000  PA:1c00012c
15093567ns          258677 1c008750 41755513 srai             x10, x10, 0x417     x10=00000082 x10:41611b47
15093587ns          258678 1c008752 68e7f7c3 fmadd.s          f15, f15, f14, f13  f15=xxxxxxxx f15:3ff7d7e5 f14:3f611b47 f13:c13c5fa8
15093606ns          258679 1c008756 1c0006b7 lui              x13, 0x1c000000     x13=1c000000
15093626ns          258680 1c00875a 1346a683 lw               x13, 308(x13)       x13=41fa6a03 x13:1c000000  PA:1c000134
15093925ns          258695 1c00875e f8250513 addi             x10, x10, -126      x10=00000004 x10:00000082
15093945ns          258696 1c008762 68e7f7c3 fmadd.s          f15, f15, f14, f13  f15=xxxxxxxx f15:c12121c3 f14:3f611b47 f13:41fa6a03
15093964ns          258697 1c008766 1c0006b7 lui              x13, 0x1c000000     x13=1c000000
15093984ns          258698 1c00876a 1386a683 lw               x13, 312(x13)       x13=c23f0e08 x13:1c000000  PA:1c000138
15094283ns          258713 1c00876e d0057553 fcvt.s.w         f10, x10            f10=xxxxxxxx x10:00000004
15094303ns          258714 1c008772 68e7f7c3 fmadd.s          f15, f15, f14, f13  f15=xxxxxxxx f15:41b39217 f14:3f611b47 f13:c23f0e08
15094323ns          258715 1c008776 1c0006b7 lui              x13, 0x1c000000     x13=1c000000
15094342ns          258716 1c00877a 13c6a683 lw               x13, 316(x13)       x13=42390412 x13:1c000000  PA:1c00013c
15094661ns          258732 1c00877e 68e7f7c3 fmadd.s          f15, f15, f14, f13  f15=xxxxxxxx f15:c1e03588 f14:3f611b47 f13:42390412
15094681ns          258733 1c008782 1c0006b7 lui              x13, 0x1c000000     x13=1c000000
15094700ns          258734 1c008786 1406a683 lw               x13, 320(x13)       x13=c1efd21b x13:1c000000  PA:1c000140
15095019ns          258750 1c00878a 68e7f7c3 fmadd.s          f15, f15, f14, f13  f15=xxxxxxxx f15:41ace134 f14:3f611b47 f13:c1efd21b
15095039ns          258751 1c00878e 1c0006b7 lui              x13, 0x1c000000     x13=1c000000
15095058ns          258752 1c008792 1446a683 lw               x13, 324(x13)       x13=41644a86 x13:1c000000  PA:1c000144
15095377ns          258768 1c008796 68e7f7c3 fmadd.s          f15, f15, f14, f13  f15=xxxxxxxx f15:c12f9b81 f14:3f611b47 f13:41644a86
15095397ns          258769 1c00879a 1c0006b7 lui              x13, 0x1c000000     x13=1c000000
15095416ns          258770 1c00879e 1486a683 lw               x13, 328(x13)       x13=c087dba8 x13:1c000000  PA:1c000148
15095735ns          258786 1c0087a2 68e7f7c3 fmadd.s          f15, f15, f14, f13  f15=xxxxxxxx f15:4093c047 f14:3f611b47 f13:c087dba8
15095755ns          258787 1c0087a6 00a7f553 fadd.s           f10, f15, f10       f10=xxxxxxxx f15:be3dfd6b f10:40800000
15095775ns          258788 1c0087aa 00008067 jalr             x0, x1, 0            x1:1c0081c2
15095834ns          258791 1c0081c2 11557553 fmul.s           f10, f10, f21       f10=xxxxxxxx f10:40742029 f21:3f317218
15095854ns          258792 1c0081c6 00a4222b p.sw             x10, 4(x8!)          x8=10001f98 x10:4029370a  x8:10001f94  PA:10001f94
15095874ns          258793 1c0081ca ff4419e3 bne              x8, x20, -14         x8:10001f98 x20:10001fd8
15095934ns          258796 1c0081bc 0049a50b p.lw             x10, 4(x19!)        x10=42a4b17a x19=1c010604 x19:1c010600  PA:1c010600
15096252ns          258812 1c0081c0 558000ef jal              x1, 1368             x1=1c0081c2
15096272ns          258813 1c008718 e00517d3 fclass.s         x15, f10            x15=00000040 f10:42a4b17a
15096292ns          258814 1c00871c 0817f793 andi             x15, x15, 129       x15=00000000 x15:00000040
15096312ns          258815 1c008720 08079b63 bne              x15, x0, 150        x15:00000000
15096331ns          258816 1c008722 00000793 addi             x15, x0, 0          x15=00000000
15096351ns          258817 1c008726 a0f52753 feq.s            x14, f10, f15       x14=00000000 f10:42a4b17a f15:00000000
15096371ns          258818 1c00872a 08071163 bne              x14, x0, 130        x14:00000000
15096391ns          258819 1c00872c a0f507d3 fle.s            x15, f10, f15       x15=00000000 f10:42a4b17a f15:00000000
15096411ns          258820 1c008730 08079863 bne              x15, x0, 144        x15:00000000
15096431ns          258821 1c008732 a0a527d3 feq.s            x15, f10, f10       x15=00000001 f10:42a4b17a f10:42a4b17a
15096451ns          258822 1c008736 08078563 beq              x15, x0, 138        x15:00000001
15096471ns          258823 1c008738 d17537b3 p.bclr           x15, x10, 8, 23     x15=0024b17a x10:42a4b17a
15096491ns          258824 1c00873c cb87c733 p.bset           x14, x15, 5, 24     x14=3f24b17a x15:0024b17a
15096510ns          258825 1c008740 1c0006b7 lui              x13, 0x1c000000     x13=1c000000
15096530ns          258826 1c008744 1c0007b7 lui              x15, 0x1c000000     x15=1c000000
15096550ns          258827 1c008748 1306a683 lw               x13, 304(x13)       x13=c13c5fa8 x13:1c000000  PA:1c000130
15096849ns          258842 1c00874c 12c7a783 lw               x15, 300(x15)       x15=3ff7d7e5 x15:1c000000  PA:1c00012c
15097147ns          258857 1c008750 41755513 srai             x10, x10, 0x417     x10=00000085 x10:42a4b17a
15097167ns          258858 1c008752 68e7f7c3 fmadd.s          f15, f15, f14, f13  f15=xxxxxxxx f15:3ff7d7e5 f14:3f24b17a f13:c13c5fa8
15097187ns          258859 1c008756 1c0006b7 lui              x13, 0x1c000000     x13=1c000000
15097207ns          258860 1c00875a 1346a683 lw               x13, 308(x13)       x13=41fa6a03 x13:1c000000  PA:1c000134
15097525ns          258876 1c00875e f8250513 addi             x10, x10, -126      x10=00000007 x10:00000085
15097545ns          258877 1c008762 68e7f7c3 fmadd.s          f15, f15, f14, f13  f15=xxxxxxxx f15:c1287164 f14:3f24b17a f13:41fa6a03
15097565ns          258878 1c008766 1c0006b7 lui              x13, 0x1c000000     x13=1c000000
15097585ns          258879 1c00876a 1386a683 lw               x13, 312(x13)       x13=c23f0e08 x13:1c000000  PA:1c000138
15097883ns          258894 1c00876e d0057553 fcvt.s.w         f10, x10            f10=xxxxxxxx x10:00000007
15097903ns          258895 1c008772 68e7f7c3 fmadd.s          f15, f15, f14, f13  f15=xxxxxxxx f15:41c43b4e f14:3f24b17a f13:c23f0e08
15097923ns          258896 1c008776 1c0006b7 lui              x13, 0x1c000000     x13=1c000000
15097943ns          258897 1c00877a 13c6a683 lw               x13, 316(x13)       x13=42390412 x13:1c000000  PA:1c00013c
15098261ns          258913 1c00877e 68e7f7c3 fmadd.s          f15, f15, f14, f13  f15=xxxxxxxx f15:c1ffde08 f14:3f24b17a f13:42390412
15098281ns          258914 1c008782 1c0006b7 lui              x13, 0x1c000000     x13=1c000000
15098301ns          258915 1c008786 1406a683 lw               x13, 320(x13)       x13=c1efd21b x13:1c000000  PA:1c000140
15098619ns          258931 1c00878a 68e7f7c3 fmadd.s          f15, f15, f14, f13  f15=xxxxxxxx f15:41cd6c84 f14:3f24b17a f13:c1efd21b
15098639ns          258932 1c00878e 1c0006b7 lui              x13, 0x1c000000     x13=1c000000
15098659ns          258933 1c008792 1446a683 lw               x13, 324(x13)       x13=41644a86 x13:1c000000  PA:1c000144
15098977ns          258949 1c008796 68e7f7c3 fmadd.s          f15, f15, f14, f13  f15=xxxxxxxx f15:c1575459 f14:3f24b17a f13:41644a86
15098997ns          258950 1c00879a 1c0006b7 lui              x13, 0x1c000000     x13=1c000000
15099017ns          258951 1c00879e 1486a683 lw               x13, 328(x13)       x13=c087dba8 x13:1c000000  PA:1c000148
15099335ns          258967 1c0087a2 68e7f7c3 fmadd.s          f15, f15, f14, f13  f15=xxxxxxxx f15:40b3866a f14:3f24b17a f13:c087dba8
15099355ns          258968 1c0087a6 00a7f553 fadd.s           f10, f15, f10       f10=xxxxxxxx f15:bf22e8b5 f10:40e00000
15099375ns          258969 1c0087aa 00008067 jalr             x0, x1, 0            x1:1c0081c2
15099434ns          258972 1c0081c2 11557553 fmul.s           f10, f10, f21       f10=xxxxxxxx f10:40cba2e9 f21:3f317218
15099454ns          258973 1c0081c6 00a4222b p.sw             x10, 4(x8!)          x8=10001f9c x10:408d2665  x8:10001f98  PA:10001f98
15099474ns          258974 1c0081ca ff4419e3 bne              x8, x20, -14         x8:10001f9c x20:10001fd8
15099534ns          258977 1c0081bc 0049a50b p.lw             x10, 4(x19!)        x10=41c9cd5d x19=1c010608 x19:1c010604  PA:1c010604
15099832ns          258992 1c0081c0 558000ef jal              x1, 1368             x1=1c0081c2
15099852ns          258993 1c008718 e00517d3 fclass.s         x15, f10            x15=00000040 f10:41c9cd5d
15099872ns          258994 1c00871c 0817f793 andi             x15, x15, 129       x15=00000000 x15:00000040
15099892ns          258995 1c008720 08079b63 bne              x15, x0, 150        x15:00000000
15099912ns          258996 1c008722 00000793 addi             x15, x0, 0          x15=00000000
15099932ns          258997 1c008726 a0f52753 feq.s            x14, f10, f15       x14=00000000 f10:41c9cd5d f15:00000000
15099952ns          258998 1c00872a 08071163 bne              x14, x0, 130        x14:00000000
15099971ns          258999 1c00872c a0f507d3 fle.s            x15, f10, f15       x15=00000000 f10:41c9cd5d f15:00000000
15099991ns          259000 1c008730 08079863 bne              x15, x0, 144        x15:00000000
15100011ns          259001 1c008732 a0a527d3 feq.s            x15, f10, f10       x15=00000001 f10:41c9cd5d f10:41c9cd5d
15100031ns          259002 1c008736 08078563 beq              x15, x0, 138        x15:00000001
15100051ns          259003 1c008738 d17537b3 p.bclr           x15, x10, 8, 23     x15=0049cd5d x10:41c9cd5d
15100071ns          259004 1c00873c cb87c733 p.bset           x14, x15, 5, 24     x14=3f49cd5d x15:0049cd5d
15100091ns          259005 1c008740 1c0006b7 lui              x13, 0x1c000000     x13=1c000000
15100111ns          259006 1c008744 1c0007b7 lui              x15, 0x1c000000     x15=1c000000
15100131ns          259007 1c008748 1306a683 lw               x13, 304(x13)       x13=c13c5fa8 x13:1c000000  PA:1c000130
15100429ns          259022 1c00874c 12c7a783 lw               x15, 300(x15)       x15=3ff7d7e5 x15:1c000000  PA:1c00012c
15100727ns          259037 1c008750 41755513 srai             x10, x10, 0x417     x10=00000083 x10:41c9cd5d
15100747ns          259038 1c008752 68e7f7c3 fmadd.s          f15, f15, f14, f13  f15=xxxxxxxx f15:3ff7d7e5 f14:3f49cd5d f13:c13c5fa8
15100767ns          259039 1c008756 1c0006b7 lui              x13, 0x1c000000     x13=1c000000
15100787ns          259040 1c00875a 1346a683 lw               x13, 308(x13)       x13=41fa6a03 x13:1c000000  PA:1c000134
15101085ns          259055 1c00875e f8250513 addi             x10, x10, -126      x10=00000005 x10:00000083
15101105ns          259056 1c008762 68e7f7c3 fmadd.s          f15, f15, f14, f13  f15=xxxxxxxx f15:c123f3bd f14:3f49cd5d f13:41fa6a03
15101125ns          259057 1c008766 1c0006b7 lui              x13, 0x1c000000     x13=1c000000
15101145ns          259058 1c00876a 1386a683 lw               x13, 312(x13)       x13=c23f0e08 x13:1c000000  PA:1c000138
15101443ns          259073 1c00876e d0057553 fcvt.s.w         f10, x10            f10=xxxxxxxx x10:00000005
15101463ns          259074 1c008772 68e7f7c3 fmadd.s          f15, f15, f14, f13  f15=xxxxxxxx f15:41b9cb10 f14:3f49cd5d f13:c23f0e08
15101483ns          259075 1c008776 1c0006b7 lui              x13, 0x1c000000     x13=1c000000
15101503ns          259076 1c00877a 13c6a683 lw               x13, 316(x13)       x13=42390412 x13:1c000000  PA:1c00013c
15101821ns          259092 1c00877e 68e7f7c3 fmadd.s          f15, f15, f14, f13  f15=xxxxxxxx f15:c1eba695 f14:3f49cd5d f13:42390412
15101841ns          259093 1c008782 1c0006b7 lui              x13, 0x1c000000     x13=1c000000
15101861ns          259094 1c008786 1406a683 lw               x13, 320(x13)       x13=c1efd21b x13:1c000000  PA:1c000140
15102179ns          259110 1c00878a 68e7f7c3 fmadd.s          f15, f15, f14, f13  f15=xxxxxxxx f15:41b8454f f14:3f49cd5d f13:c1efd21b
15102199ns          259111 1c00878e 1c0006b7 lui              x13, 0x1c000000     x13=1c000000
15102219ns          259112 1c008792 1446a683 lw               x13, 324(x13)       x13=41644a86 x13:1c000000  PA:1c000144
15102537ns          259128 1c008796 68e7f7c3 fmadd.s          f15, f15, f14, f13  f15=xxxxxxxx f15:c13d1fbb f14:3f49cd5d f13:41644a86
15102557ns          259129 1c00879a 1c0006b7 lui              x13, 0x1c000000     x13=1c000000
15102577ns          259130 1c00879e 1486a683 lw               x13, 328(x13)       x13=c087dba8 x13:1c000000  PA:1c000148
15102915ns          259147 1c0087a2 68e7f7c3 fmadd.s          f15, f15, f14, f13  f15=xxxxxxxx f15:409e69ca f14:3f49cd5d f13:c087dba8
15102935ns          259148 1c0087a6 00a7f553 fadd.s           f10, f15, f10       f10=xxxxxxxx f15:beafb842 f10:40a00000
15102955ns          259149 1c0087aa 00008067 jalr             x0, x1, 0            x1:1c0081c2
15103015ns          259152 1c0081c2 11557553 fmul.s           f10, f10, f21       f10=xxxxxxxx f10:4095047c f21:3f317218
15103035ns          259153 1c0081c6 00a4222b p.sw             x10, 4(x8!)          x8=10001fa0 x10:404e9507  x8:10001f9c  PA:10001f9c
15103055ns          259154 1c0081ca ff4419e3 bne              x8, x20, -14         x8:10001fa0 x20:10001fd8
15103114ns          259157 1c0081bc 0049a50b p.lw             x10, 4(x19!)        x10=42ab9a9f x19=1c01060c x19:1c010608  PA:1c010608
15103413ns          259172 1c0081c0 558000ef jal              x1, 1368             x1=1c0081c2
15103432ns          259173 1c008718 e00517d3 fclass.s         x15, f10            x15=00000040 f10:42ab9a9f
15103452ns          259174 1c00871c 0817f793 andi             x15, x15, 129       x15=00000000 x15:00000040
15103472ns          259175 1c008720 08079b63 bne              x15, x0, 150        x15:00000000
15103492ns          259176 1c008722 00000793 addi             x15, x0, 0          x15=00000000
15103512ns          259177 1c008726 a0f52753 feq.s            x14, f10, f15       x14=00000000 f10:42ab9a9f f15:00000000
15103532ns          259178 1c00872a 08071163 bne              x14, x0, 130        x14:00000000
15103552ns          259179 1c00872c a0f507d3 fle.s            x15, f10, f15       x15=00000000 f10:42ab9a9f f15:00000000
15103572ns          259180 1c008730 08079863 bne              x15, x0, 144        x15:00000000
15103592ns          259181 1c008732 a0a527d3 feq.s            x15, f10, f10       x15=00000001 f10:42ab9a9f f10:42ab9a9f
15103611ns          259182 1c008736 08078563 beq              x15, x0, 138        x15:00000001
15103631ns          259183 1c008738 d17537b3 p.bclr           x15, x10, 8, 23     x15=002b9a9f x10:42ab9a9f
15103651ns          259184 1c00873c cb87c733 p.bset           x14, x15, 5, 24     x14=3f2b9a9f x15:002b9a9f
15103671ns          259185 1c008740 1c0006b7 lui              x13, 0x1c000000     x13=1c000000
15103691ns          259186 1c008744 1c0007b7 lui              x15, 0x1c000000     x15=1c000000
15103711ns          259187 1c008748 1306a683 lw               x13, 304(x13)       x13=c13c5fa8 x13:1c000000  PA:1c000130
15104009ns          259202 1c00874c 12c7a783 lw               x15, 300(x15)       x15=3ff7d7e5 x15:1c000000  PA:1c00012c
15104308ns          259217 1c008750 41755513 srai             x10, x10, 0x417     x10=00000085 x10:42ab9a9f
15104328ns          259218 1c008752 68e7f7c3 fmadd.s          f15, f15, f14, f13  f15=xxxxxxxx f15:3ff7d7e5 f14:3f2b9a9f f13:c13c5fa8
15104347ns          259219 1c008756 1c0006b7 lui              x13, 0x1c000000     x13=1c000000
15104367ns          259220 1c00875a 1346a683 lw               x13, 308(x13)       x13=41fa6a03 x13:1c000000  PA:1c000134
15104666ns          259235 1c00875e f8250513 addi             x10, x10, -126      x10=00000007 x10:00000085
15104686ns          259236 1c008762 68e7f7c3 fmadd.s          f15, f15, f14, f13  f15=xxxxxxxx f15:c1279b4b f14:3f2b9a9f f13:41fa6a03
15104705ns          259237 1c008766 1c0006b7 lui              x13, 0x1c000000     x13=1c000000
15104725ns          259238 1c00876a 1386a683 lw               x13, 312(x13)       x13=c23f0e08 x13:1c000000  PA:1c000138
15105024ns          259253 1c00876e d0057553 fcvt.s.w         f10, x10            f10=xxxxxxxx x10:00000007
15105044ns          259254 1c008772 68e7f7c3 fmadd.s          f15, f15, f14, f13  f15=xxxxxxxx f15:41c23d08 f14:3f2b9a9f f13:c23f0e08
15105064ns          259255 1c008776 1c0006b7 lui              x13, 0x1c000000     x13=1c000000
15105083ns          259256 1c00877a 13c6a683 lw               x13, 316(x13)       x13=42390412 x13:1c000000  PA:1c00013c
15105402ns          259272 1c00877e 68e7f7c3 fmadd.s          f15, f15, f14, f13  f15=xxxxxxxx f15:c1fbe7fa f14:3f2b9a9f f13:42390412
15105422ns          259273 1c008782 1c0006b7 lui              x13, 0x1c000000     x13=1c000000
15105441ns          259274 1c008786 1406a683 lw               x13, 320(x13)       x13=c1efd21b x13:1c000000  PA:1c000140
15105819ns          259293 1c00878a 68e7f7c3 fmadd.s          f15, f15, f14, f13  f15=xxxxxxxx f15:41c92c0a f14:3f2b9a9f f13:c1efd21b
15105839ns          259294 1c00878e 1c0006b7 lui              x13, 0x1c000000     x13=1c000000
15105859ns          259295 1c008792 1446a683 lw               x13, 324(x13)       x13=41644a86 x13:1c000000  PA:1c000144
15106177ns          259311 1c008796 68e7f7c3 fmadd.s          f15, f15, f14, f13  f15=xxxxxxxx f15:c151f05e f14:3f2b9a9f f13:41644a86
15106197ns          259312 1c00879a 1c0006b7 lui              x13, 0x1c000000     x13=1c000000
15106217ns          259313 1c00879e 1486a683 lw               x13, 328(x13)       x13=c087dba8 x13:1c000000  PA:1c000148
15106535ns          259329 1c0087a2 68e7f7c3 fmadd.s          f15, f15, f14, f13  f15=xxxxxxxx f15:40af2054 f14:3f2b9a9f f13:c087dba8
15106555ns          259330 1c0087a6 00a7f553 fadd.s           f10, f15, f10       f10=xxxxxxxx f15:bf13ba4d f10:40e00000
15106575ns          259331 1c0087aa 00008067 jalr             x0, x1, 0            x1:1c0081c2
15106635ns          259334 1c0081c2 11557553 fmul.s           f10, f10, f21       f10=xxxxxxxx f10:40cd88b6 f21:3f317218
15106655ns          259335 1c0081c6 00a4222b p.sw             x10, 4(x8!)          x8=10001fa4 x10:408e7720  x8:10001fa0  PA:10001fa0
15106675ns          259336 1c0081ca ff4419e3 bne              x8, x20, -14         x8:10001fa4 x20:10001fd8
15106734ns          259339 1c0081bc 0049a50b p.lw             x10, 4(x19!)        x10=426f6266 x19=1c010610 x19:1c01060c  PA:1c01060c
15107033ns          259354 1c0081c0 558000ef jal              x1, 1368             x1=1c0081c2
15107053ns          259355 1c008718 e00517d3 fclass.s         x15, f10            x15=00000040 f10:426f6266
15107072ns          259356 1c00871c 0817f793 andi             x15, x15, 129       x15=00000000 x15:00000040
15107092ns          259357 1c008720 08079b63 bne              x15, x0, 150        x15:00000000
15107112ns          259358 1c008722 00000793 addi             x15, x0, 0          x15=00000000
15107132ns          259359 1c008726 a0f52753 feq.s            x14, f10, f15       x14=00000000 f10:426f6266 f15:00000000
15107152ns          259360 1c00872a 08071163 bne              x14, x0, 130        x14:00000000
15107172ns          259361 1c00872c a0f507d3 fle.s            x15, f10, f15       x15=00000000 f10:426f6266 f15:00000000
15107192ns          259362 1c008730 08079863 bne              x15, x0, 144        x15:00000000
15107212ns          259363 1c008732 a0a527d3 feq.s            x15, f10, f10       x15=00000001 f10:426f6266 f10:426f6266
15107232ns          259364 1c008736 08078563 beq              x15, x0, 138        x15:00000001
15107251ns          259365 1c008738 d17537b3 p.bclr           x15, x10, 8, 23     x15=006f6266 x10:426f6266
15107271ns          259366 1c00873c cb87c733 p.bset           x14, x15, 5, 24     x14=3f6f6266 x15:006f6266
15107291ns          259367 1c008740 1c0006b7 lui              x13, 0x1c000000     x13=1c000000
15107311ns          259368 1c008744 1c0007b7 lui              x15, 0x1c000000     x15=1c000000
15107331ns          259369 1c008748 1306a683 lw               x13, 304(x13)       x13=c13c5fa8 x13:1c000000  PA:1c000130
15107629ns          259384 1c00874c 12c7a783 lw               x15, 300(x15)       x15=3ff7d7e5 x15:1c000000  PA:1c00012c
15107928ns          259399 1c008750 41755513 srai             x10, x10, 0x417     x10=00000084 x10:426f6266
15107948ns          259400 1c008752 68e7f7c3 fmadd.s          f15, f15, f14, f13  f15=xxxxxxxx f15:3ff7d7e5 f14:3f6f6266 f13:c13c5fa8
15107968ns          259401 1c008756 1c0006b7 lui              x13, 0x1c000000     x13=1c000000
15107987ns          259402 1c00875a 1346a683 lw               x13, 308(x13)       x13=41fa6a03 x13:1c000000  PA:1c000134
15108286ns          259417 1c00875e f8250513 addi             x10, x10, -126      x10=00000006 x10:00000084
15108306ns          259418 1c008762 68e7f7c3 fmadd.s          f15, f15, f14, f13  f15=xxxxxxxx f15:c11f676e f14:3f6f6266 f13:41fa6a03
15108326ns          259419 1c008766 1c0006b7 lui              x13, 0x1c000000     x13=1c000000
15108345ns          259420 1c00876a 1386a683 lw               x13, 312(x13)       x13=c23f0e08 x13:1c000000  PA:1c000138
15108644ns          259435 1c00876e d0057553 fcvt.s.w         f10, x10            f10=xxxxxxxx x10:00000006
15108664ns          259436 1c008772 68e7f7c3 fmadd.s          f15, f15, f14, f13  f15=xxxxxxxx f15:41afe299 f14:3f6f6266 f13:c23f0e08
15108684ns          259437 1c008776 1c0006b7 lui              x13, 0x1c000000     x13=1c000000
15108704ns          259438 1c00877a 13c6a683 lw               x13, 316(x13)       x13=42390412 x13:1c000000  PA:1c00013c
15109022ns          259454 1c00877e 68e7f7c3 fmadd.s          f15, f15, f14, f13  f15=xxxxxxxx f15:c1d9a3e8 f14:3f6f6266 f13:42390412
15109042ns          259455 1c008782 1c0006b7 lui              x13, 0x1c000000     x13=1c000000
15109062ns          259456 1c008786 1406a683 lw               x13, 320(x13)       x13=c1efd21b x13:1c000000  PA:1c000140
15109380ns          259472 1c00878a 68e7f7c3 fmadd.s          f15, f15, f14, f13  f15=xxxxxxxx f15:41a68477 f14:3f6f6266 f13:c1efd21b
15109400ns          259473 1c00878e 1c0006b7 lui              x13, 0x1c000000     x13=1c000000
15109420ns          259474 1c008792 1446a683 lw               x13, 324(x13)       x13=41644a86 x13:1c000000  PA:1c000144
15109798ns          259493 1c008796 68e7f7c3 fmadd.s          f15, f15, f14, f13  f15=xxxxxxxx f15:c12838de f14:3f6f6266 f13:41644a86
15109817ns          259494 1c00879a 1c0006b7 lui              x13, 0x1c000000     x13=1c000000
15109837ns          259495 1c00879e 1486a683 lw               x13, 328(x13)       x13=c087dba8 x13:1c000000  PA:1c000148
15110156ns          259511 1c0087a2 68e7f7c3 fmadd.s          f15, f15, f14, f13  f15=xxxxxxxx f15:408df98c f14:3f6f6266 f13:c087dba8
15110175ns          259512 1c0087a6 00a7f553 fadd.s           f10, f15, f10       f10=xxxxxxxx f15:bdc6470d f10:40c00000
15110195ns          259513 1c0087aa 00008067 jalr             x0, x1, 0            x1:1c0081c2
15110255ns          259516 1c0081c2 11557553 fmul.s           f10, f10, f21       f10=xxxxxxxx f10:40bce6e4 f21:3f317218
15110275ns          259517 1c0081c6 00a4222b p.sw             x10, 4(x8!)          x8=10001fa8 x10:4082efd4  x8:10001fa4  PA:10001fa4
15110295ns          259518 1c0081ca ff4419e3 bne              x8, x20, -14         x8:10001fa8 x20:10001fd8
15110354ns          259521 1c0081bc 0049a50b p.lw             x10, 4(x19!)        x10=42bd656f x19=1c010614 x19:1c010610  PA:1c010610
15110653ns          259536 1c0081c0 558000ef jal              x1, 1368             x1=1c0081c2
15110673ns          259537 1c008718 e00517d3 fclass.s         x15, f10            x15=00000040 f10:42bd656f
15110693ns          259538 1c00871c 0817f793 andi             x15, x15, 129       x15=00000000 x15:00000040
15110712ns          259539 1c008720 08079b63 bne              x15, x0, 150        x15:00000000
15110732ns          259540 1c008722 00000793 addi             x15, x0, 0          x15=00000000
15110752ns          259541 1c008726 a0f52753 feq.s            x14, f10, f15       x14=00000000 f10:42bd656f f15:00000000
15110772ns          259542 1c00872a 08071163 bne              x14, x0, 130        x14:00000000
15110792ns          259543 1c00872c a0f507d3 fle.s            x15, f10, f15       x15=00000000 f10:42bd656f f15:00000000
15110812ns          259544 1c008730 08079863 bne              x15, x0, 144        x15:00000000
15110832ns          259545 1c008732 a0a527d3 feq.s            x15, f10, f10       x15=00000001 f10:42bd656f f10:42bd656f
15110852ns          259546 1c008736 08078563 beq              x15, x0, 138        x15:00000001
15110872ns          259547 1c008738 d17537b3 p.bclr           x15, x10, 8, 23     x15=003d656f x10:42bd656f
15110891ns          259548 1c00873c cb87c733 p.bset           x14, x15, 5, 24     x14=3f3d656f x15:003d656f
15110911ns          259549 1c008740 1c0006b7 lui              x13, 0x1c000000     x13=1c000000
15110931ns          259550 1c008744 1c0007b7 lui              x15, 0x1c000000     x15=1c000000
15110951ns          259551 1c008748 1306a683 lw               x13, 304(x13)       x13=c13c5fa8 x13:1c000000  PA:1c000130
15111250ns          259566 1c00874c 12c7a783 lw               x15, 300(x15)       x15=3ff7d7e5 x15:1c000000  PA:1c00012c
15111548ns          259581 1c008750 41755513 srai             x10, x10, 0x417     x10=00000085 x10:42bd656f
15111568ns          259582 1c008752 68e7f7c3 fmadd.s          f15, f15, f14, f13  f15=xxxxxxxx f15:3ff7d7e5 f14:3f3d656f f13:c13c5fa8
15111588ns          259583 1c008756 1c0006b7 lui              x13, 0x1c000000     x13=1c000000
15111608ns          259584 1c00875a 1346a683 lw               x13, 308(x13)       x13=41fa6a03 x13:1c000000  PA:1c000134
15111906ns          259599 1c00875e f8250513 addi             x10, x10, -126      x10=00000007 x10:00000085
15111926ns          259600 1c008762 68e7f7c3 fmadd.s          f15, f15, f14, f13  f15=xxxxxxxx f15:c1257415 f14:3f3d656f f13:41fa6a03
15111946ns          259601 1c008766 1c0006b7 lui              x13, 0x1c000000     x13=1c000000
15111966ns          259602 1c00876a 1386a683 lw               x13, 312(x13)       x13=c23f0e08 x13:1c000000  PA:1c000138
15112304ns          259619 1c00876e d0057553 fcvt.s.w         f10, x10            f10=xxxxxxxx x10:00000007
15112324ns          259620 1c008772 68e7f7c3 fmadd.s          f15, f15, f14, f13  f15=xxxxxxxx f15:41bd35e2 f14:3f3d656f f13:c23f0e08
15112344ns          259621 1c008776 1c0006b7 lui              x13, 0x1c000000     x13=1c000000
15112363ns          259622 1c00877a 13c6a683 lw               x13, 316(x13)       x13=42390412 x13:1c000000  PA:1c00013c
15112682ns          259638 1c00877e 68e7f7c3 fmadd.s          f15, f15, f14, f13  f15=xxxxxxxx f15:c1f22050 f14:3f3d656f f13:42390412
15112702ns          259639 1c008782 1c0006b7 lui              x13, 0x1c000000     x13=1c000000
15112721ns          259640 1c008786 1406a683 lw               x13, 320(x13)       x13=c1efd21b x13:1c000000  PA:1c000140
15113040ns          259656 1c00878a 68e7f7c3 fmadd.s          f15, f15, f14, f13  f15=xxxxxxxx f15:41bee659 f14:3f3d656f f13:c1efd21b
15113060ns          259657 1c00878e 1c0006b7 lui              x13, 0x1c000000     x13=1c000000
15113079ns          259658 1c008792 1446a683 lw               x13, 324(x13)       x13=41644a86 x13:1c000000  PA:1c000144
15113418ns          259675 1c008796 68e7f7c3 fmadd.s          f15, f15, f14, f13  f15=xxxxxxxx f15:c1452ccf f14:3f3d656f f13:41644a86
15113438ns          259676 1c00879a 1c0006b7 lui              x13, 0x1c000000     x13=1c000000
15113457ns          259677 1c00879e 1486a683 lw               x13, 328(x13)       x13=c087dba8 x13:1c000000  PA:1c000148
15113776ns          259693 1c0087a2 68e7f7c3 fmadd.s          f15, f15, f14, f13  f15=xxxxxxxx f15:40a4d4a2 f14:3f3d656f f13:c087dba8
15113796ns          259694 1c0087a6 00a7f553 fadd.s           f10, f15, f10       f10=xxxxxxxx f15:bede95d1 f10:40e00000
15113815ns          259695 1c0087aa 00008067 jalr             x0, x1, 0            x1:1c0081c2
15113875ns          259698 1c0081c2 11557553 fmul.s           f10, f10, f21       f10=xxxxxxxx f10:40d216a3 f21:3f317218
15113895ns          259699 1c0081c6 00a4222b p.sw             x10, 4(x8!)          x8=10001fac x10:40919f48  x8:10001fa8  PA:10001fa8
15113915ns          259700 1c0081ca ff4419e3 bne              x8, x20, -14         x8:10001fac x20:10001fd8
15113975ns          259703 1c0081bc 0049a50b p.lw             x10, 4(x19!)        x10=428a3f28 x19=1c010618 x19:1c010614  PA:1c010614
15114273ns          259718 1c0081c0 558000ef jal              x1, 1368             x1=1c0081c2
15114293ns          259719 1c008718 e00517d3 fclass.s         x15, f10            x15=00000040 f10:428a3f28
15114313ns          259720 1c00871c 0817f793 andi             x15, x15, 129       x15=00000000 x15:00000040
15114333ns          259721 1c008720 08079b63 bne              x15, x0, 150        x15:00000000
15114352ns          259722 1c008722 00000793 addi             x15, x0, 0          x15=00000000
15114372ns          259723 1c008726 a0f52753 feq.s            x14, f10, f15       x14=00000000 f10:428a3f28 f15:00000000
15114392ns          259724 1c00872a 08071163 bne              x14, x0, 130        x14:00000000
15114412ns          259725 1c00872c a0f507d3 fle.s            x15, f10, f15       x15=00000000 f10:428a3f28 f15:00000000
15114432ns          259726 1c008730 08079863 bne              x15, x0, 144        x15:00000000
15114452ns          259727 1c008732 a0a527d3 feq.s            x15, f10, f10       x15=00000001 f10:428a3f28 f10:428a3f28
15114472ns          259728 1c008736 08078563 beq              x15, x0, 138        x15:00000001
15114492ns          259729 1c008738 d17537b3 p.bclr           x15, x10, 8, 23     x15=000a3f28 x10:428a3f28
15114512ns          259730 1c00873c cb87c733 p.bset           x14, x15, 5, 24     x14=3f0a3f28 x15:000a3f28
15114532ns          259731 1c008740 1c0006b7 lui              x13, 0x1c000000     x13=1c000000
15114551ns          259732 1c008744 1c0007b7 lui              x15, 0x1c000000     x15=1c000000
15114571ns          259733 1c008748 1306a683 lw               x13, 304(x13)       x13=c13c5fa8 x13:1c000000  PA:1c000130
15114890ns          259749 1c00874c 12c7a783 lw               x15, 300(x15)       x15=3ff7d7e5 x15:1c000000  PA:1c00012c
15115188ns          259764 1c008750 41755513 srai             x10, x10, 0x417     x10=00000085 x10:428a3f28
15115208ns          259765 1c008752 68e7f7c3 fmadd.s          f15, f15, f14, f13  f15=xxxxxxxx f15:3ff7d7e5 f14:3f0a3f28 f13:c13c5fa8
15115228ns          259766 1c008756 1c0006b7 lui              x13, 0x1c000000     x13=1c000000
15115248ns          259767 1c00875a 1346a683 lw               x13, 308(x13)       x13=41fa6a03 x13:1c000000  PA:1c000134
15115546ns          259782 1c00875e f8250513 addi             x10, x10, -126      x10=00000007 x10:00000085
15115566ns          259783 1c008762 68e7f7c3 fmadd.s          f15, f15, f14, f13  f15=xxxxxxxx f15:c12ba4b7 f14:3f0a3f28 f13:41fa6a03
15115586ns          259784 1c008766 1c0006b7 lui              x13, 0x1c000000     x13=1c000000
15115606ns          259785 1c00876a 1386a683 lw               x13, 312(x13)       x13=c23f0e08 x13:1c000000  PA:1c000138
15115904ns          259800 1c00876e d0057553 fcvt.s.w         f10, x10            f10=xxxxxxxx x10:00000007
15115924ns          259801 1c008772 68e7f7c3 fmadd.s          f15, f15, f14, f13  f15=xxxxxxxx f15:41cc1171 f14:3f0a3f28 f13:c23f0e08
15115944ns          259802 1c008776 1c0006b7 lui              x13, 0x1c000000     x13=1c000000
15115964ns          259803 1c00877a 13c6a683 lw               x13, 316(x13)       x13=42390412 x13:1c000000  PA:1c00013c
15116282ns          259819 1c00877e 68e7f7c3 fmadd.s          f15, f15, f14, f13  f15=xxxxxxxx f15:c207f428 f14:3f0a3f28 f13:42390412
15116302ns          259820 1c008782 1c0006b7 lui              x13, 0x1c000000     x13=1c000000
15116322ns          259821 1c008786 1406a683 lw               x13, 320(x13)       x13=c1efd21b x13:1c000000  PA:1c000140
15116640ns          259837 1c00878a 68e7f7c3 fmadd.s          f15, f15, f14, f13  f15=xxxxxxxx f15:41df31d4 f14:3f0a3f28 f13:c1efd21b
15116660ns          259838 1c00878e 1c0006b7 lui              x13, 0x1c000000     x13=1c000000
15116680ns          259839 1c008792 1446a683 lw               x13, 324(x13)       x13=41644a86 x13:1c000000  PA:1c000144
15116998ns          259855 1c008796 68e7f7c3 fmadd.s          f15, f15, f14, f13  f15=xxxxxxxx f15:c16e945d f14:3f0a3f28 f13:41644a86
15117018ns          259856 1c00879a 1c0006b7 lui              x13, 0x1c000000     x13=1c000000
15117038ns          259857 1c00879e 1486a683 lw               x13, 328(x13)       x13=c087dba8 x13:1c000000  PA:1c000148
15117356ns          259873 1c0087a2 68e7f7c3 fmadd.s          f15, f15, f14, f13  f15=xxxxxxxx f15:40c6e760 f14:3f0a3f28 f13:c087dba8
15117376ns          259874 1c0087a6 00a7f553 fadd.s           f10, f15, f10       f10=xxxxxxxx f15:bf638ee2 f10:40e00000
15117396ns          259875 1c0087aa 00008067 jalr             x0, x1, 0            x1:1c0081c2
15117455ns          259878 1c0081c2 11557553 fmul.s           f10, f10, f21       f10=xxxxxxxx f10:40c38e24 f21:3f317218
15117475ns          259879 1c0081c6 00a4222b p.sw             x10, 4(x8!)          x8=10001fb0 x10:40878c6f  x8:10001fac  PA:10001fac
15117495ns          259880 1c0081ca ff4419e3 bne              x8, x20, -14         x8:10001fb0 x20:10001fd8
15117555ns          259883 1c0081bc 0049a50b p.lw             x10, 4(x19!)        x10=4048853f x19=1c01061c x19:1c010618  PA:1c010618
15117853ns          259898 1c0081c0 558000ef jal              x1, 1368             x1=1c0081c2
15117873ns          259899 1c008718 e00517d3 fclass.s         x15, f10            x15=00000040 f10:4048853f
15117893ns          259900 1c00871c 0817f793 andi             x15, x15, 129       x15=00000000 x15:00000040
15117913ns          259901 1c008720 08079b63 bne              x15, x0, 150        x15:00000000
15117933ns          259902 1c008722 00000793 addi             x15, x0, 0          x15=00000000
15117953ns          259903 1c008726 a0f52753 feq.s            x14, f10, f15       x14=00000000 f10:4048853f f15:00000000
15117973ns          259904 1c00872a 08071163 bne              x14, x0, 130        x14:00000000
15117992ns          259905 1c00872c a0f507d3 fle.s            x15, f10, f15       x15=00000000 f10:4048853f f15:00000000
15118012ns          259906 1c008730 08079863 bne              x15, x0, 144        x15:00000000
15118032ns          259907 1c008732 a0a527d3 feq.s            x15, f10, f10       x15=00000001 f10:4048853f f10:4048853f
15118052ns          259908 1c008736 08078563 beq              x15, x0, 138        x15:00000001
15118072ns          259909 1c008738 d17537b3 p.bclr           x15, x10, 8, 23     x15=0048853f x10:4048853f
15118092ns          259910 1c00873c cb87c733 p.bset           x14, x15, 5, 24     x14=3f48853f x15:0048853f
15118112ns          259911 1c008740 1c0006b7 lui              x13, 0x1c000000     x13=1c000000
15118132ns          259912 1c008744 1c0007b7 lui              x15, 0x1c000000     x15=1c000000
15118152ns          259913 1c008748 1306a683 lw               x13, 304(x13)       x13=c13c5fa8 x13:1c000000  PA:1c000130
15118450ns          259928 1c00874c 12c7a783 lw               x15, 300(x15)       x15=3ff7d7e5 x15:1c000000  PA:1c00012c
15118748ns          259943 1c008750 41755513 srai             x10, x10, 0x417     x10=00000080 x10:4048853f
15118768ns          259944 1c008752 68e7f7c3 fmadd.s          f15, f15, f14, f13  f15=xxxxxxxx f15:3ff7d7e5 f14:3f48853f f13:c13c5fa8
15118788ns          259945 1c008756 1c0006b7 lui              x13, 0x1c000000     x13=1c000000
15118808ns          259946 1c00875a 1346a683 lw               x13, 308(x13)       x13=41fa6a03 x13:1c000000  PA:1c000134
15119106ns          259961 1c00875e f8250513 addi             x10, x10, -126      x10=00000002 x10:00000080
15119126ns          259962 1c008762 68e7f7c3 fmadd.s          f15, f15, f14, f13  f15=xxxxxxxx f15:c1241b73 f14:3f48853f f13:41fa6a03
15119146ns          259963 1c008766 1c0006b7 lui              x13, 0x1c000000     x13=1c000000
15119166ns          259964 1c00876a 1386a683 lw               x13, 312(x13)       x13=c23f0e08 x13:1c000000  PA:1c000138
15119464ns          259979 1c00876e d0057553 fcvt.s.w         f10, x10            f10=xxxxxxxx x10:00000002
15119484ns          259980 1c008772 68e7f7c3 fmadd.s          f15, f15, f14, f13  f15=xxxxxxxx f15:41ba2495 f14:3f48853f f13:c23f0e08
15119504ns          259981 1c008776 1c0006b7 lui              x13, 0x1c000000     x13=1c000000
15119524ns          259982 1c00877a 13c6a683 lw               x13, 316(x13)       x13=42390412 x13:1c000000  PA:1c00013c
15119842ns          259998 1c00877e 68e7f7c3 fmadd.s          f15, f15, f14, f13  f15=xxxxxxxx f15:c1ec4e99 f14:3f48853f f13:42390412
15119862ns          259999 1c008782 1c0006b7 lui              x13, 0x1c000000     x13=1c000000
15119882ns          260000 1c008786 1406a683 lw               x13, 320(x13)       x13=c1efd21b x13:1c000000  PA:1c000140
15120220ns          260017 1c00878a 68e7f7c3 fmadd.s          f15, f15, f14, f13  f15=xxxxxxxx f15:41b8efbd f14:3f48853f f13:c1efd21b
15120240ns          260018 1c00878e 1c0006b7 lui              x13, 0x1c000000     x13=1c000000
15120260ns          260019 1c008792 1446a683 lw               x13, 324(x13)       x13=41644a86 x13:1c000000  PA:1c000144
15120578ns          260035 1c008796 68e7f7c3 fmadd.s          f15, f15, f14, f13  f15=xxxxxxxx f15:c13ded1b f14:3f48853f f13:41644a86
15120598ns          260036 1c00879a 1c0006b7 lui              x13, 0x1c000000     x13=1c000000
15120618ns          260037 1c00879e 1486a683 lw               x13, 328(x13)       x13=c087dba8 x13:1c000000  PA:1c000148
15120936ns          260053 1c0087a2 68e7f7c3 fmadd.s          f15, f15, f14, f13  f15=xxxxxxxx f15:409f0cdc f14:3f48853f f13:c087dba8
15120956ns          260054 1c0087a6 00a7f553 fadd.s           f10, f15, f10       f10=xxxxxxxx f15:beb46d35 f10:40000000
15120976ns          260055 1c0087aa 00008067 jalr             x0, x1, 0            x1:1c0081c2
15121036ns          260058 1c0081c2 11557553 fmul.s           f10, f10, f21       f10=xxxxxxxx f10:3fd2e4b3 f21:3f317218
15121056ns          260059 1c0081c6 00a4222b p.sw             x10, 4(x8!)          x8=10001fb4 x10:3f922e1d  x8:10001fb0  PA:10001fb0
15121076ns          260060 1c0081ca ff4419e3 bne              x8, x20, -14         x8:10001fb4 x20:10001fd8
15121135ns          260063 1c0081bc 0049a50b p.lw             x10, 4(x19!)        x10=421b5743 x19=1c010620 x19:1c01061c  PA:1c01061c
15121434ns          260078 1c0081c0 558000ef jal              x1, 1368             x1=1c0081c2
15121453ns          260079 1c008718 e00517d3 fclass.s         x15, f10            x15=00000040 f10:421b5743
15121473ns          260080 1c00871c 0817f793 andi             x15, x15, 129       x15=00000000 x15:00000040
15121493ns          260081 1c008720 08079b63 bne              x15, x0, 150        x15:00000000
15121513ns          260082 1c008722 00000793 addi             x15, x0, 0          x15=00000000
15121533ns          260083 1c008726 a0f52753 feq.s            x14, f10, f15       x14=00000000 f10:421b5743 f15:00000000
15121553ns          260084 1c00872a 08071163 bne              x14, x0, 130        x14:00000000
15121573ns          260085 1c00872c a0f507d3 fle.s            x15, f10, f15       x15=00000000 f10:421b5743 f15:00000000
15121593ns          260086 1c008730 08079863 bne              x15, x0, 144        x15:00000000
15121613ns          260087 1c008732 a0a527d3 feq.s            x15, f10, f10       x15=00000001 f10:421b5743 f10:421b5743
15121633ns          260088 1c008736 08078563 beq              x15, x0, 138        x15:00000001
15121652ns          260089 1c008738 d17537b3 p.bclr           x15, x10, 8, 23     x15=001b5743 x10:421b5743
15121672ns          260090 1c00873c cb87c733 p.bset           x14, x15, 5, 24     x14=3f1b5743 x15:001b5743
15121692ns          260091 1c008740 1c0006b7 lui              x13, 0x1c000000     x13=1c000000
15121712ns          260092 1c008744 1c0007b7 lui              x15, 0x1c000000     x15=1c000000
15121732ns          260093 1c008748 1306a683 lw               x13, 304(x13)       x13=c13c5fa8 x13:1c000000  PA:1c000130
15122030ns          260108 1c00874c 12c7a783 lw               x15, 300(x15)       x15=3ff7d7e5 x15:1c000000  PA:1c00012c
15122329ns          260123 1c008750 41755513 srai             x10, x10, 0x417     x10=00000084 x10:421b5743
15122349ns          260124 1c008752 68e7f7c3 fmadd.s          f15, f15, f14, f13  f15=xxxxxxxx f15:3ff7d7e5 f14:3f1b5743 f13:c13c5fa8
15122368ns          260125 1c008756 1c0006b7 lui              x13, 0x1c000000     x13=1c000000
15122388ns          260126 1c00875a 1346a683 lw               x13, 308(x13)       x13=41fa6a03 x13:1c000000  PA:1c000134
15122687ns          260141 1c00875e f8250513 addi             x10, x10, -126      x10=00000006 x10:00000084
15122707ns          260142 1c008762 68e7f7c3 fmadd.s          f15, f15, f14, f13  f15=xxxxxxxx f15:c1299322 f14:3f1b5743 f13:41fa6a03
15122726ns          260143 1c008766 1c0006b7 lui              x13, 0x1c000000     x13=1c000000
15122746ns          260144 1c00876a 1386a683 lw               x13, 312(x13)       x13=c23f0e08 x13:1c000000  PA:1c000138
15123045ns          260159 1c00876e d0057553 fcvt.s.w         f10, x10            f10=xxxxxxxx x10:00000006
15123065ns          260160 1c008772 68e7f7c3 fmadd.s          f15, f15, f14, f13  f15=xxxxxxxx f15:41c6f712 f14:3f1b5743 f13:c23f0e08
15123085ns          260161 1c008776 1c0006b7 lui              x13, 0x1c000000     x13=1c000000
15123104ns          260162 1c00877a 13c6a683 lw               x13, 316(x13)       x13=42390412 x13:1c000000  PA:1c00013c
15123423ns          260178 1c00877e 68e7f7c3 fmadd.s          f15, f15, f14, f13  f15=xxxxxxxx f15:c202b053 f14:3f1b5743 f13:42390412
15123443ns          260179 1c008782 1c0006b7 lui              x13, 0x1c000000     x13=1c000000
15123462ns          260180 1c008786 1406a683 lw               x13, 320(x13)       x13=c1efd21b x13:1c000000  PA:1c000140
15123781ns          260196 1c00878a 68e7f7c3 fmadd.s          f15, f15, f14, f13  f15=xxxxxxxx f15:41d36d87 f14:3f1b5743 f13:c1efd21b
15123801ns          260197 1c00878e 1c0006b7 lui              x13, 0x1c000000     x13=1c000000
15123820ns          260198 1c008792 1446a683 lw               x13, 324(x13)       x13=41644a86 x13:1c000000  PA:1c000144
15124159ns          260215 1c008796 68e7f7c3 fmadd.s          f15, f15, f14, f13  f15=xxxxxxxx f15:c15f0d71 f14:3f1b5743 f13:41644a86
15124179ns          260216 1c00879a 1c0006b7 lui              x13, 0x1c000000     x13=1c000000
15124198ns          260217 1c00879e 1486a683 lw               x13, 328(x13)       x13=c087dba8 x13:1c000000  PA:1c000148
15124517ns          260233 1c0087a2 68e7f7c3 fmadd.s          f15, f15, f14, f13  f15=xxxxxxxx f15:40b9e2b5 f14:3f1b5743 f13:c087dba8
15124537ns          260234 1c0087a6 00a7f553 fadd.s           f10, f15, f10       f10=xxxxxxxx f15:bf38803e f10:40c00000
15124556ns          260235 1c0087aa 00008067 jalr             x0, x1, 0            x1:1c0081c2
15124616ns          260238 1c0081c2 11557553 fmul.s           f10, f10, f21       f10=xxxxxxxx f10:40a8eff8 f21:3f317218
15124636ns          260239 1c0081c6 00a4222b p.sw             x10, 4(x8!)          x8=10001fb8 x10:406a326a  x8:10001fb4  PA:10001fb4
15124656ns          260240 1c0081ca ff4419e3 bne              x8, x20, -14         x8:10001fb8 x20:10001fd8
15124716ns          260243 1c0081bc 0049a50b p.lw             x10, 4(x19!)        x10=4191684f x19=1c010624 x19:1c010620  PA:1c010620
15125014ns          260258 1c0081c0 558000ef jal              x1, 1368             x1=1c0081c2
15125034ns          260259 1c008718 e00517d3 fclass.s         x15, f10            x15=00000040 f10:4191684f
15125054ns          260260 1c00871c 0817f793 andi             x15, x15, 129       x15=00000000 x15:00000040
15125074ns          260261 1c008720 08079b63 bne              x15, x0, 150        x15:00000000
15125093ns          260262 1c008722 00000793 addi             x15, x0, 0          x15=00000000
15125113ns          260263 1c008726 a0f52753 feq.s            x14, f10, f15       x14=00000000 f10:4191684f f15:00000000
15125133ns          260264 1c00872a 08071163 bne              x14, x0, 130        x14:00000000
15125153ns          260265 1c00872c a0f507d3 fle.s            x15, f10, f15       x15=00000000 f10:4191684f f15:00000000
15125173ns          260266 1c008730 08079863 bne              x15, x0, 144        x15:00000000
15125193ns          260267 1c008732 a0a527d3 feq.s            x15, f10, f10       x15=00000001 f10:4191684f f10:4191684f
15125213ns          260268 1c008736 08078563 beq              x15, x0, 138        x15:00000001
15125233ns          260269 1c008738 d17537b3 p.bclr           x15, x10, 8, 23     x15=0011684f x10:4191684f
15125253ns          260270 1c00873c cb87c733 p.bset           x14, x15, 5, 24     x14=3f11684f x15:0011684f
15125273ns          260271 1c008740 1c0006b7 lui              x13, 0x1c000000     x13=1c000000
15125292ns          260272 1c008744 1c0007b7 lui              x15, 0x1c000000     x15=1c000000
15125312ns          260273 1c008748 1306a683 lw               x13, 304(x13)       x13=c13c5fa8 x13:1c000000  PA:1c000130
15125611ns          260288 1c00874c 12c7a783 lw               x15, 300(x15)       x15=3ff7d7e5 x15:1c000000  PA:1c00012c
15125949ns          260305 1c008750 41755513 srai             x10, x10, 0x417     x10=00000083 x10:4191684f
15125969ns          260306 1c008752 68e7f7c3 fmadd.s          f15, f15, f14, f13  f15=xxxxxxxx f15:3ff7d7e5 f14:3f11684f f13:c13c5fa8
15125989ns          260307 1c008756 1c0006b7 lui              x13, 0x1c000000     x13=1c000000
15126008ns          260308 1c00875a 1346a683 lw               x13, 308(x13)       x13=41fa6a03 x13:1c000000  PA:1c000134
15126307ns          260323 1c00875e f8250513 addi             x10, x10, -126      x10=00000005 x10:00000083
15126327ns          260324 1c008762 68e7f7c3 fmadd.s          f15, f15, f14, f13  f15=xxxxxxxx f15:c12ac6df f14:3f11684f f13:41fa6a03
15126347ns          260325 1c008766 1c0006b7 lui              x13, 0x1c000000     x13=1c000000
15126367ns          260326 1c00876a 1386a683 lw               x13, 312(x13)       x13=c23f0e08 x13:1c000000  PA:1c000138
15126665ns          260341 1c00876e d0057553 fcvt.s.w         f10, x10            f10=xxxxxxxx x10:00000005
15126685ns          260342 1c008772 68e7f7c3 fmadd.s          f15, f15, f14, f13  f15=xxxxxxxx f15:41c9e9e6 f14:3f11684f f13:c23f0e08
15126705ns          260343 1c008776 1c0006b7 lui              x13, 0x1c000000     x13=1c000000
15126725ns          260344 1c00877a 13c6a683 lw               x13, 316(x13)       x13=42390412 x13:1c000000  PA:1c00013c
15127043ns          260360 1c00877e 68e7f7c3 fmadd.s          f15, f15, f14, f13  f15=xxxxxxxx f15:c205b628 f14:3f11684f f13:42390412
15127063ns          260361 1c008782 1c0006b7 lui              x13, 0x1c000000     x13=1c000000
15127083ns          260362 1c008786 1406a683 lw               x13, 320(x13)       x13=c1efd21b x13:1c000000  PA:1c000140
15127401ns          260378 1c00878a 68e7f7c3 fmadd.s          f15, f15, f14, f13  f15=xxxxxxxx f15:41da22d4 f14:3f11684f f13:c1efd21b
15127421ns          260379 1c00878e 1c0006b7 lui              x13, 0x1c000000     x13=1c000000
15127441ns          260380 1c008792 1446a683 lw               x13, 324(x13)       x13=41644a86 x13:1c000000  PA:1c000144
15127779ns          260397 1c008796 68e7f7c3 fmadd.s          f15, f15, f14, f13  f15=xxxxxxxx f15:c167d6ff f14:3f11684f f13:41644a86
15127799ns          260398 1c00879a 1c0006b7 lui              x13, 0x1c000000     x13=1c000000
15127819ns          260399 1c00879e 1486a683 lw               x13, 328(x13)       x13=c087dba8 x13:1c000000  PA:1c000148
15128157ns          260416 1c0087a2 68e7f7c3 fmadd.s          f15, f15, f14, f13  f15=xxxxxxxx f15:40c13691 f14:3f11684f f13:c087dba8
15128177ns          260417 1c0087a6 00a7f553 fadd.s           f10, f15, f10       f10=xxxxxxxx f15:bf50e831 f10:40a00000
15128196ns          260418 1c0087aa 00008067 jalr             x0, x1, 0            x1:1c0081c2
15128256ns          260421 1c0081c2 11557553 fmul.s           f10, f10, f21       f10=xxxxxxxx f10:4085e2fa f21:3f317218
15128276ns          260422 1c0081c6 00a4222b p.sw             x10, 4(x8!)          x8=10001fbc x10:40399b35  x8:10001fb8  PA:10001fb8
15128296ns          260423 1c0081ca ff4419e3 bne              x8, x20, -14         x8:10001fbc x20:10001fd8
15128356ns          260426 1c0081bc 0049a50b p.lw             x10, 4(x19!)        x10=4240acbf x19=1c010628 x19:1c010624  PA:1c010624
15128654ns          260441 1c0081c0 558000ef jal              x1, 1368             x1=1c0081c2
15128674ns          260442 1c008718 e00517d3 fclass.s         x15, f10            x15=00000040 f10:4240acbf
15128694ns          260443 1c00871c 0817f793 andi             x15, x15, 129       x15=00000000 x15:00000040
15128714ns          260444 1c008720 08079b63 bne              x15, x0, 150        x15:00000000
15128734ns          260445 1c008722 00000793 addi             x15, x0, 0          x15=00000000
15128753ns          260446 1c008726 a0f52753 feq.s            x14, f10, f15       x14=00000000 f10:4240acbf f15:00000000
15128773ns          260447 1c00872a 08071163 bne              x14, x0, 130        x14:00000000
15128793ns          260448 1c00872c a0f507d3 fle.s            x15, f10, f15       x15=00000000 f10:4240acbf f15:00000000
15128813ns          260449 1c008730 08079863 bne              x15, x0, 144        x15:00000000
15128833ns          260450 1c008732 a0a527d3 feq.s            x15, f10, f10       x15=00000001 f10:4240acbf f10:4240acbf
15128853ns          260451 1c008736 08078563 beq              x15, x0, 138        x15:00000001
15128873ns          260452 1c008738 d17537b3 p.bclr           x15, x10, 8, 23     x15=0040acbf x10:4240acbf
15128893ns          260453 1c00873c cb87c733 p.bset           x14, x15, 5, 24     x14=3f40acbf x15:0040acbf
15128913ns          260454 1c008740 1c0006b7 lui              x13, 0x1c000000     x13=1c000000
15128932ns          260455 1c008744 1c0007b7 lui              x15, 0x1c000000     x15=1c000000
15128952ns          260456 1c008748 1306a683 lw               x13, 304(x13)       x13=c13c5fa8 x13:1c000000  PA:1c000130
15129251ns          260471 1c00874c 12c7a783 lw               x15, 300(x15)       x15=3ff7d7e5 x15:1c000000  PA:1c00012c
15129569ns          260487 1c008750 41755513 srai             x10, x10, 0x417     x10=00000084 x10:4240acbf
15129589ns          260488 1c008752 68e7f7c3 fmadd.s          f15, f15, f14, f13  f15=xxxxxxxx f15:3ff7d7e5 f14:3f40acbf f13:c13c5fa8
15129609ns          260489 1c008756 1c0006b7 lui              x13, 0x1c000000     x13=1c000000
15129629ns          260490 1c00875a 1346a683 lw               x13, 308(x13)       x13=41fa6a03 x13:1c000000  PA:1c000134
15129927ns          260505 1c00875e f8250513 addi             x10, x10, -126      x10=00000006 x10:00000084
15129947ns          260506 1c008762 68e7f7c3 fmadd.s          f15, f15, f14, f13  f15=xxxxxxxx f15:c1250e83 f14:3f40acbf f13:41fa6a03
15129967ns          260507 1c008766 1c0006b7 lui              x13, 0x1c000000     x13=1c000000
15129987ns          260508 1c00876a 1386a683 lw               x13, 312(x13)       x13=c23f0e08 x13:1c000000  PA:1c000138
15130285ns          260523 1c00876e d0057553 fcvt.s.w         f10, x10            f10=xxxxxxxx x10:00000006
15130305ns          260524 1c008772 68e7f7c3 fmadd.s          f15, f15, f14, f13  f15=xxxxxxxx f15:41bc4ce1 f14:3f40acbf f13:c23f0e08
15130325ns          260525 1c008776 1c0006b7 lui              x13, 0x1c000000     x13=1c000000
15130345ns          260526 1c00877a 13c6a683 lw               x13, 316(x13)       x13=42390412 x13:1c000000  PA:1c00013c
15130663ns          260542 1c00877e 68e7f7c3 fmadd.s          f15, f15, f14, f13  f15=xxxxxxxx f15:c1f06357 f14:3f40acbf f13:42390412
15130683ns          260543 1c008782 1c0006b7 lui              x13, 0x1c000000     x13=1c000000
15130703ns          260544 1c008786 1406a683 lw               x13, 320(x13)       x13=c1efd21b x13:1c000000  PA:1c000140
15131021ns          260560 1c00878a 68e7f7c3 fmadd.s          f15, f15, f14, f13  f15=xxxxxxxx f15:41bd1b6d f14:3f40acbf f13:c1efd21b
15131041ns          260561 1c00878e 1c0006b7 lui              x13, 0x1c000000     x13=1c000000
15131061ns          260562 1c008792 1446a683 lw               x13, 324(x13)       x13=41644a86 x13:1c000000  PA:1c000144
15131379ns          260578 1c008796 68e7f7c3 fmadd.s          f15, f15, f14, f13  f15=xxxxxxxx f15:c142fbdb f14:3f40acbf f13:41644a86
15131399ns          260579 1c00879a 1c0006b7 lui              x13, 0x1c000000     x13=1c000000
15131419ns          260580 1c00879e 1486a683 lw               x13, 328(x13)       x13=c087dba8 x13:1c000000  PA:1c000148
15131737ns          260596 1c0087a2 68e7f7c3 fmadd.s          f15, f15, f14, f13  f15=xxxxxxxx f15:40a3141e f14:3f40acbf f13:c087dba8
15131757ns          260597 1c0087a6 00a7f553 fadd.s           f10, f15, f10       f10=xxxxxxxx f15:bed1e865 f10:40c00000
15131777ns          260598 1c0087aa 00008067 jalr             x0, x1, 0            x1:1c0081c2
15131836ns          260601 1c0081c2 11557553 fmul.s           f10, f10, f21       f10=xxxxxxxx f10:40b2e17a f21:3f317218
15131856ns          260602 1c0081c6 00a4222b p.sw             x10, 4(x8!)          x8=10001fc0 x10:4077fb3d  x8:10001fbc  PA:10001fbc
15131876ns          260603 1c0081ca ff4419e3 bne              x8, x20, -14         x8:10001fc0 x20:10001fd8
15131936ns          260606 1c0081bc 0049a50b p.lw             x10, 4(x19!)        x10=428b041a x19=1c01062c x19:1c010628  PA:1c010628
15132234ns          260621 1c0081c0 558000ef jal              x1, 1368             x1=1c0081c2
15132254ns          260622 1c008718 e00517d3 fclass.s         x15, f10            x15=00000040 f10:428b041a
15132274ns          260623 1c00871c 0817f793 andi             x15, x15, 129       x15=00000000 x15:00000040
15132294ns          260624 1c008720 08079b63 bne              x15, x0, 150        x15:00000000
15132314ns          260625 1c008722 00000793 addi             x15, x0, 0          x15=00000000
15132334ns          260626 1c008726 a0f52753 feq.s            x14, f10, f15       x14=00000000 f10:428b041a f15:00000000
15132354ns          260627 1c00872a 08071163 bne              x14, x0, 130        x14:00000000
15132374ns          260628 1c00872c a0f507d3 fle.s            x15, f10, f15       x15=00000000 f10:428b041a f15:00000000
15132393ns          260629 1c008730 08079863 bne              x15, x0, 144        x15:00000000
15132413ns          260630 1c008732 a0a527d3 feq.s            x15, f10, f10       x15=00000001 f10:428b041a f10:428b041a
15132433ns          260631 1c008736 08078563 beq              x15, x0, 138        x15:00000001
15132453ns          260632 1c008738 d17537b3 p.bclr           x15, x10, 8, 23     x15=000b041a x10:428b041a
15132473ns          260633 1c00873c cb87c733 p.bset           x14, x15, 5, 24     x14=3f0b041a x15:000b041a
15132493ns          260634 1c008740 1c0006b7 lui              x13, 0x1c000000     x13=1c000000
15132513ns          260635 1c008744 1c0007b7 lui              x15, 0x1c000000     x15=1c000000
15132533ns          260636 1c008748 1306a683 lw               x13, 304(x13)       x13=c13c5fa8 x13:1c000000  PA:1c000130
15132831ns          260651 1c00874c 12c7a783 lw               x15, 300(x15)       x15=3ff7d7e5 x15:1c000000  PA:1c00012c
15133129ns          260666 1c008750 41755513 srai             x10, x10, 0x417     x10=00000085 x10:428b041a
15133149ns          260667 1c008752 68e7f7c3 fmadd.s          f15, f15, f14, f13  f15=xxxxxxxx f15:3ff7d7e5 f14:3f0b041a f13:c13c5fa8
15133169ns          260668 1c008756 1c0006b7 lui              x13, 0x1c000000     x13=1c000000
15133189ns          260669 1c00875a 1346a683 lw               x13, 308(x13)       x13=41fa6a03 x13:1c000000  PA:1c000134
15133507ns          260685 1c00875e f8250513 addi             x10, x10, -126      x10=00000007 x10:00000085
15133527ns          260686 1c008762 68e7f7c3 fmadd.s          f15, f15, f14, f13  f15=xxxxxxxx f15:c12b8ce2 f14:3f0b041a f13:41fa6a03
15133547ns          260687 1c008766 1c0006b7 lui              x13, 0x1c000000     x13=1c000000
15133567ns          260688 1c00876a 1386a683 lw               x13, 312(x13)       x13=c23f0e08 x13:1c000000  PA:1c000138
15133865ns          260703 1c00876e d0057553 fcvt.s.w         f10, x10            f10=xxxxxxxx x10:00000007
15133885ns          260704 1c008772 68e7f7c3 fmadd.s          f15, f15, f14, f13  f15=xxxxxxxx f15:41cbd5e4 f14:3f0b041a f13:c23f0e08
15133905ns          260705 1c008776 1c0006b7 lui              x13, 0x1c000000     x13=1c000000
15133925ns          260706 1c00877a 13c6a683 lw               x13, 316(x13)       x13=42390412 x13:1c000000  PA:1c00013c
15134243ns          260722 1c00877e 68e7f7c3 fmadd.s          f15, f15, f14, f13  f15=xxxxxxxx f15:c207b5d5 f14:3f0b041a f13:42390412
15134263ns          260723 1c008782 1c0006b7 lui              x13, 0x1c000000     x13=1c000000
15134283ns          260724 1c008786 1406a683 lw               x13, 320(x13)       x13=c1efd21b x13:1c000000  PA:1c000140
15134601ns          260740 1c00878a 68e7f7c3 fmadd.s          f15, f15, f14, f13  f15=xxxxxxxx f15:41dea455 f14:3f0b041a f13:c1efd21b
15134621ns          260741 1c00878e 1c0006b7 lui              x13, 0x1c000000     x13=1c000000
15134641ns          260742 1c008792 1446a683 lw               x13, 324(x13)       x13=41644a86 x13:1c000000  PA:1c000144
15134959ns          260758 1c008796 68e7f7c3 fmadd.s          f15, f15, f14, f13  f15=xxxxxxxx f15:c16dd69f f14:3f0b041a f13:41644a86
15134979ns          260759 1c00879a 1c0006b7 lui              x13, 0x1c000000     x13=1c000000
15134999ns          260760 1c00879e 1486a683 lw               x13, 328(x13)       x13=c087dba8 x13:1c000000  PA:1c000148
15135317ns          260776 1c0087a2 68e7f7c3 fmadd.s          f15, f15, f14, f13  f15=xxxxxxxx f15:40c6465c f14:3f0b041a f13:c087dba8
15135337ns          260777 1c0087a6 00a7f553 fadd.s           f10, f15, f10       f10=xxxxxxxx f15:bf618236 f10:40e00000
15135357ns          260778 1c0087aa 00008067 jalr             x0, x1, 0            x1:1c0081c2
15135417ns          260781 1c0081c2 11557553 fmul.s           f10, f10, f21       f10=xxxxxxxx f10:40c3cfb9 f21:3f317218
15135437ns          260782 1c0081c6 00a4222b p.sw             x10, 4(x8!)          x8=10001fc4 x10:4087b9e4  x8:10001fc0  PA:10001fc0
15135457ns          260783 1c0081ca ff4419e3 bne              x8, x20, -14         x8:10001fc4 x20:10001fd8
15135516ns          260786 1c0081bc 0049a50b p.lw             x10, 4(x19!)        x10=40526efa x19=1c010630 x19:1c01062c  PA:1c01062c
15135815ns          260801 1c0081c0 558000ef jal              x1, 1368             x1=1c0081c2
15135834ns          260802 1c008718 e00517d3 fclass.s         x15, f10            x15=00000040 f10:40526efa
15135854ns          260803 1c00871c 0817f793 andi             x15, x15, 129       x15=00000000 x15:00000040
15135874ns          260804 1c008720 08079b63 bne              x15, x0, 150        x15:00000000
15135894ns          260805 1c008722 00000793 addi             x15, x0, 0          x15=00000000
15135914ns          260806 1c008726 a0f52753 feq.s            x14, f10, f15       x14=00000000 f10:40526efa f15:00000000
15135934ns          260807 1c00872a 08071163 bne              x14, x0, 130        x14:00000000
15135954ns          260808 1c00872c a0f507d3 fle.s            x15, f10, f15       x15=00000000 f10:40526efa f15:00000000
15135974ns          260809 1c008730 08079863 bne              x15, x0, 144        x15:00000000
15135994ns          260810 1c008732 a0a527d3 feq.s            x15, f10, f10       x15=00000001 f10:40526efa f10:40526efa
15136014ns          260811 1c008736 08078563 beq              x15, x0, 138        x15:00000001
15136033ns          260812 1c008738 d17537b3 p.bclr           x15, x10, 8, 23     x15=00526efa x10:40526efa
15136053ns          260813 1c00873c cb87c733 p.bset           x14, x15, 5, 24     x14=3f526efa x15:00526efa
15136073ns          260814 1c008740 1c0006b7 lui              x13, 0x1c000000     x13=1c000000
15136093ns          260815 1c008744 1c0007b7 lui              x15, 0x1c000000     x15=1c000000
15136113ns          260816 1c008748 1306a683 lw               x13, 304(x13)       x13=c13c5fa8 x13:1c000000  PA:1c000130
15136411ns          260831 1c00874c 12c7a783 lw               x15, 300(x15)       x15=3ff7d7e5 x15:1c000000  PA:1c00012c
15136710ns          260846 1c008750 41755513 srai             x10, x10, 0x417     x10=00000080 x10:40526efa
15136730ns          260847 1c008752 68e7f7c3 fmadd.s          f15, f15, f14, f13  f15=xxxxxxxx f15:3ff7d7e5 f14:3f526efa f13:c13c5fa8
15136749ns          260848 1c008756 1c0006b7 lui              x13, 0x1c000000     x13=1c000000
15136769ns          260849 1c00875a 1346a683 lw               x13, 308(x13)       x13=41fa6a03 x13:1c000000  PA:1c000134
15137108ns          260866 1c00875e f8250513 addi             x10, x10, -126      x10=00000002 x10:00000080
15137127ns          260867 1c008762 68e7f7c3 fmadd.s          f15, f15, f14, f13  f15=xxxxxxxx f15:c122e857 f14:3f526efa f13:41fa6a03
15137147ns          260868 1c008766 1c0006b7 lui              x13, 0x1c000000     x13=1c000000
15137167ns          260869 1c00876a 1386a683 lw               x13, 312(x13)       x13=c23f0e08 x13:1c000000  PA:1c000138
15137485ns          260885 1c00876e d0057553 fcvt.s.w         f10, x10            f10=xxxxxxxx x10:00000002
15137505ns          260886 1c008772 68e7f7c3 fmadd.s          f15, f15, f14, f13  f15=xxxxxxxx f15:41b77568 f14:3f526efa f13:c23f0e08
15137525ns          260887 1c008776 1c0006b7 lui              x13, 0x1c000000     x13=1c000000
15137545ns          260888 1c00877a 13c6a683 lw               x13, 316(x13)       x13=42390412 x13:1c000000  PA:1c00013c
15137863ns          260904 1c00877e 68e7f7c3 fmadd.s          f15, f15, f14, f13  f15=xxxxxxxx f15:c1e74e39 f14:3f526efa f13:42390412
15137883ns          260905 1c008782 1c0006b7 lui              x13, 0x1c000000     x13=1c000000
15137903ns          260906 1c008786 1406a683 lw               x13, 320(x13)       x13=c1efd21b x13:1c000000  PA:1c000140
15138221ns          260922 1c00878a 68e7f7c3 fmadd.s          f15, f15, f14, f13  f15=xxxxxxxx f15:41b3e5b4 f14:3f526efa f13:c1efd21b
15138241ns          260923 1c00878e 1c0006b7 lui              x13, 0x1c000000     x13=1c000000
15138261ns          260924 1c008792 1446a683 lw               x13, 324(x13)       x13=41644a86 x13:1c000000  PA:1c000144
15138579ns          260940 1c008796 68e7f7c3 fmadd.s          f15, f15, f14, f13  f15=xxxxxxxx f15:c137e362 f14:3f526efa f13:41644a86
15138599ns          260941 1c00879a 1c0006b7 lui              x13, 0x1c000000     x13=1c000000
15138619ns          260942 1c00879e 1486a683 lw               x13, 328(x13)       x13=c087dba8 x13:1c000000  PA:1c000148
15138937ns          260958 1c0087a2 68e7f7c3 fmadd.s          f15, f15, f14, f13  f15=xxxxxxxx f15:409a4491 f14:3f526efa f13:c087dba8
15138957ns          260959 1c0087a6 00a7f553 fadd.s           f10, f15, f10       f10=xxxxxxxx f15:be90c88f f10:40000000
15138977ns          260960 1c0087aa 00008067 jalr             x0, x1, 0            x1:1c0081c2
15139037ns          260963 1c0081c2 11557553 fmul.s           f10, f10, f21       f10=xxxxxxxx f10:3fdbcddc f21:3f317218
15139057ns          260964 1c0081c6 00a4222b p.sw             x10, 4(x8!)          x8=10001fc8 x10:3f985b4b  x8:10001fc4  PA:10001fc4
15139077ns          260965 1c0081ca ff4419e3 bne              x8, x20, -14         x8:10001fc8 x20:10001fd8
15139136ns          260968 1c0081bc 0049a50b p.lw             x10, 4(x19!)        x10=4054acd0 x19=1c010634 x19:1c010630  PA:1c010630
15139435ns          260983 1c0081c0 558000ef jal              x1, 1368             x1=1c0081c2
15139455ns          260984 1c008718 e00517d3 fclass.s         x15, f10            x15=00000040 f10:4054acd0
15139475ns          260985 1c00871c 0817f793 andi             x15, x15, 129       x15=00000000 x15:00000040
15139494ns          260986 1c008720 08079b63 bne              x15, x0, 150        x15:00000000
15139514ns          260987 1c008722 00000793 addi             x15, x0, 0          x15=00000000
15139534ns          260988 1c008726 a0f52753 feq.s            x14, f10, f15       x14=00000000 f10:4054acd0 f15:00000000
15139554ns          260989 1c00872a 08071163 bne              x14, x0, 130        x14:00000000
15139574ns          260990 1c00872c a0f507d3 fle.s            x15, f10, f15       x15=00000000 f10:4054acd0 f15:00000000
15139594ns          260991 1c008730 08079863 bne              x15, x0, 144        x15:00000000
15139614ns          260992 1c008732 a0a527d3 feq.s            x15, f10, f10       x15=00000001 f10:4054acd0 f10:4054acd0
15139634ns          260993 1c008736 08078563 beq              x15, x0, 138        x15:00000001
15139654ns          260994 1c008738 d17537b3 p.bclr           x15, x10, 8, 23     x15=0054acd0 x10:4054acd0
15139673ns          260995 1c00873c cb87c733 p.bset           x14, x15, 5, 24     x14=3f54acd0 x15:0054acd0
15139693ns          260996 1c008740 1c0006b7 lui              x13, 0x1c000000     x13=1c000000
15139713ns          260997 1c008744 1c0007b7 lui              x15, 0x1c000000     x15=1c000000
15139733ns          260998 1c008748 1306a683 lw               x13, 304(x13)       x13=c13c5fa8 x13:1c000000  PA:1c000130
15140051ns          261014 1c00874c 12c7a783 lw               x15, 300(x15)       x15=3ff7d7e5 x15:1c000000  PA:1c00012c
15140370ns          261030 1c008750 41755513 srai             x10, x10, 0x417     x10=00000080 x10:4054acd0
15140389ns          261031 1c008752 68e7f7c3 fmadd.s          f15, f15, f14, f13  f15=xxxxxxxx f15:3ff7d7e5 f14:3f54acd0 f13:c13c5fa8
15140409ns          261032 1c008756 1c0006b7 lui              x13, 0x1c000000     x13=1c000000
15140429ns          261033 1c00875a 1346a683 lw               x13, 308(x13)       x13=41fa6a03 x13:1c000000  PA:1c000134
15140728ns          261048 1c00875e f8250513 addi             x10, x10, -126      x10=00000002 x10:00000080
15140748ns          261049 1c008762 68e7f7c3 fmadd.s          f15, f15, f14, f13  f15=xxxxxxxx f15:c122a2e5 f14:3f54acd0 f13:41fa6a03
15140767ns          261050 1c008766 1c0006b7 lui              x13, 0x1c000000     x13=1c000000
15140787ns          261051 1c00876a 1386a683 lw               x13, 312(x13)       x13=c23f0e08 x13:1c000000  PA:1c000138
15141086ns          261066 1c00876e d0057553 fcvt.s.w         f10, x10            f10=xxxxxxxx x10:00000002
15141106ns          261067 1c008772 68e7f7c3 fmadd.s          f15, f15, f14, f13  f15=xxxxxxxx f15:41b6dbab f14:3f54acd0 f13:c23f0e08
15141125ns          261068 1c008776 1c0006b7 lui              x13, 0x1c000000     x13=1c000000
15141145ns          261069 1c00877a 13c6a683 lw               x13, 316(x13)       x13=42390412 x13:1c000000  PA:1c00013c
15141503ns          261087 1c00877e 68e7f7c3 fmadd.s          f15, f15, f14, f13  f15=xxxxxxxx f15:c1e632b6 f14:3f54acd0 f13:42390412
15141523ns          261088 1c008782 1c0006b7 lui              x13, 0x1c000000     x13=1c000000
15141543ns          261089 1c008786 1406a683 lw               x13, 320(x13)       x13=c1efd21b x13:1c000000  PA:1c000140
15141861ns          261105 1c00878a 68e7f7c3 fmadd.s          f15, f15, f14, f13  f15=xxxxxxxx f15:41b2cac0 f14:3f54acd0 f13:c1efd21b
15141881ns          261106 1c00878e 1c0006b7 lui              x13, 0x1c000000     x13=1c000000
15141901ns          261107 1c008792 1446a683 lw               x13, 324(x13)       x13=41644a86 x13:1c000000  PA:1c000144
15142219ns          261123 1c008796 68e7f7c3 fmadd.s          f15, f15, f14, f13  f15=xxxxxxxx f15:c1369305 f14:3f54acd0 f13:41644a86
15142239ns          261124 1c00879a 1c0006b7 lui              x13, 0x1c000000     x13=1c000000
15142259ns          261125 1c00879e 1486a683 lw               x13, 328(x13)       x13=c087dba8 x13:1c000000  PA:1c000148
15142577ns          261141 1c0087a2 68e7f7c3 fmadd.s          f15, f15, f14, f13  f15=xxxxxxxx f15:40993b0d f14:3f54acd0 f13:c087dba8
15142597ns          261142 1c0087a6 00a7f553 fadd.s           f10, f15, f10       f10=xxxxxxxx f15:be88f511 f10:40000000
15142617ns          261143 1c0087aa 00008067 jalr             x0, x1, 0            x1:1c0081c2
15142677ns          261146 1c0081c2 11557553 fmul.s           f10, f10, f21       f10=xxxxxxxx f10:3fddc2bc f21:3f317218
15142697ns          261147 1c0081c6 00a4222b p.sw             x10, 4(x8!)          x8=10001fcc x10:3f99b679  x8:10001fc8  PA:10001fc8
15142717ns          261148 1c0081ca ff4419e3 bne              x8, x20, -14         x8:10001fcc x20:10001fd8
15142776ns          261151 1c0081bc 0049a50b p.lw             x10, 4(x19!)        x10=42337db5 x19=1c010638 x19:1c010634  PA:1c010634
15143075ns          261166 1c0081c0 558000ef jal              x1, 1368             x1=1c0081c2
15143095ns          261167 1c008718 e00517d3 fclass.s         x15, f10            x15=00000040 f10:42337db5
15143115ns          261168 1c00871c 0817f793 andi             x15, x15, 129       x15=00000000 x15:00000040
15143134ns          261169 1c008720 08079b63 bne              x15, x0, 150        x15:00000000
15143154ns          261170 1c008722 00000793 addi             x15, x0, 0          x15=00000000
15143174ns          261171 1c008726 a0f52753 feq.s            x14, f10, f15       x14=00000000 f10:42337db5 f15:00000000
15143194ns          261172 1c00872a 08071163 bne              x14, x0, 130        x14:00000000
15143214ns          261173 1c00872c a0f507d3 fle.s            x15, f10, f15       x15=00000000 f10:42337db5 f15:00000000
15143234ns          261174 1c008730 08079863 bne              x15, x0, 144        x15:00000000
15143254ns          261175 1c008732 a0a527d3 feq.s            x15, f10, f10       x15=00000001 f10:42337db5 f10:42337db5
15143274ns          261176 1c008736 08078563 beq              x15, x0, 138        x15:00000001
15143294ns          261177 1c008738 d17537b3 p.bclr           x15, x10, 8, 23     x15=00337db5 x10:42337db5
15143313ns          261178 1c00873c cb87c733 p.bset           x14, x15, 5, 24     x14=3f337db5 x15:00337db5
15143333ns          261179 1c008740 1c0006b7 lui              x13, 0x1c000000     x13=1c000000
15143353ns          261180 1c008744 1c0007b7 lui              x15, 0x1c000000     x15=1c000000
15143373ns          261181 1c008748 1306a683 lw               x13, 304(x13)       x13=c13c5fa8 x13:1c000000  PA:1c000130
15143671ns          261196 1c00874c 12c7a783 lw               x15, 300(x15)       x15=3ff7d7e5 x15:1c000000  PA:1c00012c
15143970ns          261211 1c008750 41755513 srai             x10, x10, 0x417     x10=00000084 x10:42337db5
15143990ns          261212 1c008752 68e7f7c3 fmadd.s          f15, f15, f14, f13  f15=xxxxxxxx f15:3ff7d7e5 f14:3f337db5 f13:c13c5fa8
15144010ns          261213 1c008756 1c0006b7 lui              x13, 0x1c000000     x13=1c000000
15144029ns          261214 1c00875a 1346a683 lw               x13, 308(x13)       x13=41fa6a03 x13:1c000000  PA:1c000134
15144328ns          261229 1c00875e f8250513 addi             x10, x10, -126      x10=00000006 x10:00000084
15144348ns          261230 1c008762 68e7f7c3 fmadd.s          f15, f15, f14, f13  f15=xxxxxxxx f15:c126a6f3 f14:3f337db5 f13:41fa6a03
15144368ns          261231 1c008766 1c0006b7 lui              x13, 0x1c000000     x13=1c000000
15144388ns          261232 1c00876a 1386a683 lw               x13, 312(x13)       x13=c23f0e08 x13:1c000000  PA:1c000138
15144706ns          261248 1c00876e d0057553 fcvt.s.w         f10, x10            f10=xxxxxxxx x10:00000006
15144726ns          261249 1c008772 68e7f7c3 fmadd.s          f15, f15, f14, f13  f15=xxxxxxxx f15:41bffdba f14:3f337db5 f13:c23f0e08
15144746ns          261250 1c008776 1c0006b7 lui              x13, 0x1c000000     x13=1c000000
15144765ns          261251 1c00877a 13c6a683 lw               x13, 316(x13)       x13=42390412 x13:1c000000  PA:1c00013c
15145084ns          261267 1c00877e 68e7f7c3 fmadd.s          f15, f15, f14, f13  f15=xxxxxxxx f15:c1f77f60 f14:3f337db5 f13:42390412
15145104ns          261268 1c008782 1c0006b7 lui              x13, 0x1c000000     x13=1c000000
15145123ns          261269 1c008786 1406a683 lw               x13, 320(x13)       x13=c1efd21b x13:1c000000  PA:1c000140
15145462ns          261286 1c00878a 68e7f7c3 fmadd.s          f15, f15, f14, f13  f15=xxxxxxxx f15:41c4808c f14:3f337db5 f13:c1efd21b
15145482ns          261287 1c00878e 1c0006b7 lui              x13, 0x1c000000     x13=1c000000
15145501ns          261288 1c008792 1446a683 lw               x13, 324(x13)       x13=41644a86 x13:1c000000  PA:1c000144
15145820ns          261304 1c008796 68e7f7c3 fmadd.s          f15, f15, f14, f13  f15=xxxxxxxx f15:c14c1777 f14:3f337db5 f13:41644a86
15145840ns          261305 1c00879a 1c0006b7 lui              x13, 0x1c000000     x13=1c000000
15145859ns          261306 1c00879e 1486a683 lw               x13, 328(x13)       x13=c087dba8 x13:1c000000  PA:1c000148
15146178ns          261322 1c0087a2 68e7f7c3 fmadd.s          f15, f15, f14, f13  f15=xxxxxxxx f15:40aa63cc f14:3f337db5 f13:c087dba8
15146198ns          261323 1c0087a6 00a7f553 fadd.s           f10, f15, f10       f10=xxxxxxxx f15:bf0321a9 f10:40c00000
15146217ns          261324 1c0087aa 00008067 jalr             x0, x1, 0            x1:1c0081c2
15146277ns          261327 1c0081c2 11557553 fmul.s           f10, f10, f21       f10=xxxxxxxx f10:40af9bcb f21:3f317218
15146297ns          261328 1c0081c6 00a4222b p.sw             x10, 4(x8!)          x8=10001fd0 x10:407371f6  x8:10001fcc  PA:10001fcc
15146317ns          261329 1c0081ca ff4419e3 bne              x8, x20, -14         x8:10001fd0 x20:10001fd8
15146377ns          261332 1c0081bc 0049a50b p.lw             x10, 4(x19!)        x10=420fac26 x19=1c01063c x19:1c010638  PA:1c010638
15146675ns          261347 1c0081c0 558000ef jal              x1, 1368             x1=1c0081c2
15146695ns          261348 1c008718 e00517d3 fclass.s         x15, f10            x15=00000040 f10:420fac26
15146715ns          261349 1c00871c 0817f793 andi             x15, x15, 129       x15=00000000 x15:00000040
15146735ns          261350 1c008720 08079b63 bne              x15, x0, 150        x15:00000000
15146755ns          261351 1c008722 00000793 addi             x15, x0, 0          x15=00000000
15146774ns          261352 1c008726 a0f52753 feq.s            x14, f10, f15       x14=00000000 f10:420fac26 f15:00000000
15146794ns          261353 1c00872a 08071163 bne              x14, x0, 130        x14:00000000
15146814ns          261354 1c00872c a0f507d3 fle.s            x15, f10, f15       x15=00000000 f10:420fac26 f15:00000000
15146834ns          261355 1c008730 08079863 bne              x15, x0, 144        x15:00000000
15146854ns          261356 1c008732 a0a527d3 feq.s            x15, f10, f10       x15=00000001 f10:420fac26 f10:420fac26
15146874ns          261357 1c008736 08078563 beq              x15, x0, 138        x15:00000001
15146894ns          261358 1c008738 d17537b3 p.bclr           x15, x10, 8, 23     x15=000fac26 x10:420fac26
15146914ns          261359 1c00873c cb87c733 p.bset           x14, x15, 5, 24     x14=3f0fac26 x15:000fac26
15146934ns          261360 1c008740 1c0006b7 lui              x13, 0x1c000000     x13=1c000000
15146953ns          261361 1c008744 1c0007b7 lui              x15, 0x1c000000     x15=1c000000
15146973ns          261362 1c008748 1306a683 lw               x13, 304(x13)       x13=c13c5fa8 x13:1c000000  PA:1c000130
15147272ns          261377 1c00874c 12c7a783 lw               x15, 300(x15)       x15=3ff7d7e5 x15:1c000000  PA:1c00012c
15147570ns          261392 1c008750 41755513 srai             x10, x10, 0x417     x10=00000084 x10:420fac26
15147590ns          261393 1c008752 68e7f7c3 fmadd.s          f15, f15, f14, f13  f15=xxxxxxxx f15:3ff7d7e5 f14:3f0fac26 f13:c13c5fa8
15147610ns          261394 1c008756 1c0006b7 lui              x13, 0x1c000000     x13=1c000000
15147630ns          261395 1c00875a 1346a683 lw               x13, 308(x13)       x13=41fa6a03 x13:1c000000  PA:1c000134
15147928ns          261410 1c00875e f8250513 addi             x10, x10, -126      x10=00000006 x10:00000084
15147948ns          261411 1c008762 68e7f7c3 fmadd.s          f15, f15, f14, f13  f15=xxxxxxxx f15:c12afca0 f14:3f0fac26 f13:41fa6a03
15147968ns          261412 1c008766 1c0006b7 lui              x13, 0x1c000000     x13=1c000000
15147988ns          261413 1c00876a 1386a683 lw               x13, 312(x13)       x13=c23f0e08 x13:1c000000  PA:1c000138
15148286ns          261428 1c00876e d0057553 fcvt.s.w         f10, x10            f10=xxxxxxxx x10:00000006
15148306ns          261429 1c008772 68e7f7c3 fmadd.s          f15, f15, f14, f13  f15=xxxxxxxx f15:41ca6ef7 f14:3f0fac26 f13:c23f0e08
15148326ns          261430 1c008776 1c0006b7 lui              x13, 0x1c000000     x13=1c000000
15148346ns          261431 1c00877a 13c6a683 lw               x13, 316(x13)       x13=42390412 x13:1c000000  PA:1c00013c
15148664ns          261447 1c00877e 68e7f7c3 fmadd.s          f15, f15, f14, f13  f15=xxxxxxxx f15:c2063ffa f14:3f0fac26 f13:42390412
15148684ns          261448 1c008782 1c0006b7 lui              x13, 0x1c000000     x13=1c000000
15148704ns          261449 1c008786 1406a683 lw               x13, 320(x13)       x13=c1efd21b x13:1c000000  PA:1c000140
15149022ns          261465 1c00878a 68e7f7c3 fmadd.s          f15, f15, f14, f13  f15=xxxxxxxx f15:41db581d f14:3f0fac26 f13:c1efd21b
15149042ns          261466 1c00878e 1c0006b7 lui              x13, 0x1c000000     x13=1c000000
15149062ns          261467 1c008792 1446a683 lw               x13, 324(x13)       x13=41644a86 x13:1c000000  PA:1c000144
15149400ns          261484 1c008796 68e7f7c3 fmadd.s          f15, f15, f14, f13  f15=xxxxxxxx f15:c16970c6 f14:3f0fac26 f13:41644a86
15149420ns          261485 1c00879a 1c0006b7 lui              x13, 0x1c000000     x13=1c000000
15149440ns          261486 1c00879e 1486a683 lw               x13, 328(x13)       x13=c087dba8 x13:1c000000  PA:1c000148
15149758ns          261502 1c0087a2 68e7f7c3 fmadd.s          f15, f15, f14, f13  f15=xxxxxxxx f15:40c28f1a f14:3f0fac26 f13:c087dba8
15149778ns          261503 1c0087a6 00a7f553 fadd.s           f10, f15, f10       f10=xxxxxxxx f15:bf55571c f10:40c00000
15149798ns          261504 1c0087aa 00008067 jalr             x0, x1, 0            x1:1c0081c2
15149857ns          261507 1c0081c2 11557553 fmul.s           f10, f10, f21       f10=xxxxxxxx f10:40a5551c f21:3f317218
15149877ns          261508 1c0081c6 00a4222b p.sw             x10, 4(x8!)          x8=10001fd4 x10:40653310  x8:10001fd0  PA:10001fd0
15149897ns          261509 1c0081ca ff4419e3 bne              x8, x20, -14         x8:10001fd4 x20:10001fd8
15149957ns          261512 1c0081bc 0049a50b p.lw             x10, 4(x19!)        x10=427d1eaa x19=1c010640 x19:1c01063c  PA:1c01063c
15150255ns          261527 1c0081c0 558000ef jal              x1, 1368             x1=1c0081c2
15150275ns          261528 1c008718 e00517d3 fclass.s         x15, f10            x15=00000040 f10:427d1eaa
15150295ns          261529 1c00871c 0817f793 andi             x15, x15, 129       x15=00000000 x15:00000040
15150315ns          261530 1c008720 08079b63 bne              x15, x0, 150        x15:00000000
15150335ns          261531 1c008722 00000793 addi             x15, x0, 0          x15=00000000
15150355ns          261532 1c008726 a0f52753 feq.s            x14, f10, f15       x14=00000000 f10:427d1eaa f15:00000000
15150375ns          261533 1c00872a 08071163 bne              x14, x0, 130        x14:00000000
15150395ns          261534 1c00872c a0f507d3 fle.s            x15, f10, f15       x15=00000000 f10:427d1eaa f15:00000000
15150414ns          261535 1c008730 08079863 bne              x15, x0, 144        x15:00000000
15150434ns          261536 1c008732 a0a527d3 feq.s            x15, f10, f10       x15=00000001 f10:427d1eaa f10:427d1eaa
15150454ns          261537 1c008736 08078563 beq              x15, x0, 138        x15:00000001
15150474ns          261538 1c008738 d17537b3 p.bclr           x15, x10, 8, 23     x15=007d1eaa x10:427d1eaa
15150494ns          261539 1c00873c cb87c733 p.bset           x14, x15, 5, 24     x14=3f7d1eaa x15:007d1eaa
15150514ns          261540 1c008740 1c0006b7 lui              x13, 0x1c000000     x13=1c000000
15150534ns          261541 1c008744 1c0007b7 lui              x15, 0x1c000000     x15=1c000000
15150554ns          261542 1c008748 1306a683 lw               x13, 304(x13)       x13=c13c5fa8 x13:1c000000  PA:1c000130
15150872ns          261558 1c00874c 12c7a783 lw               x15, 300(x15)       x15=3ff7d7e5 x15:1c000000  PA:1c00012c
15151170ns          261573 1c008750 41755513 srai             x10, x10, 0x417     x10=00000084 x10:427d1eaa
15151190ns          261574 1c008752 68e7f7c3 fmadd.s          f15, f15, f14, f13  f15=xxxxxxxx f15:3ff7d7e5 f14:3f7d1eaa f13:c13c5fa8
15151210ns          261575 1c008756 1c0006b7 lui              x13, 0x1c000000     x13=1c000000
15151230ns          261576 1c00875a 1346a683 lw               x13, 308(x13)       x13=41fa6a03 x13:1c000000  PA:1c000134
15151548ns          261592 1c00875e f8250513 addi             x10, x10, -126      x10=00000006 x10:00000084
15151568ns          261593 1c008762 68e7f7c3 fmadd.s          f15, f15, f14, f13  f15=xxxxxxxx f15:c11dbde6 f14:3f7d1eaa f13:41fa6a03
15151588ns          261594 1c008766 1c0006b7 lui              x13, 0x1c000000     x13=1c000000
15151608ns          261595 1c00876a 1386a683 lw               x13, 312(x13)       x13=c23f0e08 x13:1c000000  PA:1c000138
15151906ns          261610 1c00876e d0057553 fcvt.s.w         f10, x10            f10=xxxxxxxx x10:00000006
15151926ns          261611 1c008772 68e7f7c3 fmadd.s          f15, f15, f14, f13  f15=xxxxxxxx f15:41ac6e3a f14:3f7d1eaa f13:c23f0e08
15151946ns          261612 1c008776 1c0006b7 lui              x13, 0x1c000000     x13=1c000000
15151966ns          261613 1c00877a 13c6a683 lw               x13, 316(x13)       x13=42390412 x13:1c000000  PA:1c00013c
15152284ns          261629 1c00877e 68e7f7c3 fmadd.s          f15, f15, f14, f13  f15=xxxxxxxx f15:c1d39e79 f14:3f7d1eaa f13:42390412
15152304ns          261630 1c008782 1c0006b7 lui              x13, 0x1c000000     x13=1c000000
15152324ns          261631 1c008786 1406a683 lw               x13, 320(x13)       x13=c1efd21b x13:1c000000  PA:1c000140
15152682ns          261649 1c00878a 68e7f7c3 fmadd.s          f15, f15, f14, f13  f15=xxxxxxxx f15:41a0cb2d f14:3f7d1eaa f13:c1efd21b
15152702ns          261650 1c00878e 1c0006b7 lui              x13, 0x1c000000     x13=1c000000
15152722ns          261651 1c008792 1446a683 lw               x13, 324(x13)       x13=41644a86 x13:1c000000  PA:1c000144
15153040ns          261667 1c008796 68e7f7c3 fmadd.s          f15, f15, f14, f13  f15=xxxxxxxx f15:c121ac1a f14:3f7d1eaa f13:41644a86
15153060ns          261668 1c00879a 1c0006b7 lui              x13, 0x1c000000     x13=1c000000
15153080ns          261669 1c00879e 1486a683 lw               x13, 328(x13)       x13=c087dba8 x13:1c000000  PA:1c000148
15153398ns          261685 1c0087a2 68e7f7c3 fmadd.s          f15, f15, f14, f13  f15=xxxxxxxx f15:4088e026 f14:3f7d1eaa f13:c087dba8
15153418ns          261686 1c0087a6 00a7f553 fadd.s           f10, f15, f10       f10=xxxxxxxx f15:bc85bd49 f10:40c00000
15153438ns          261687 1c0087aa 00008067 jalr             x0, x1, 0            x1:1c0081c2
15153497ns          261690 1c0081c2 11557553 fmul.s           f10, f10, f21       f10=xxxxxxxx f10:40bf7a43 f21:3f317218
15153517ns          261691 1c0081c6 00a4222b p.sw             x10, 4(x8!)          x8=10001fd8 x10:4084b8df  x8:10001fd4  PA:10001fd4
15153537ns          261692 1c0081ca ff4419e3 bne              x8, x20, -14         x8:10001fd8 x20:10001fd8
15153557ns          261693 1c0081ce 787010ef jal              x1, 8070             x1=1c0081d2
15153637ns          261697 1c00a154 f14027f3 csrrs            x15, x0, 0xf14      x15=00000003
15153677ns          261699 1c00a158 01f00713 addi             x14, x0, 31         x14=0000001f
15153696ns          261700 1c00a15a ca5797b3 p.extractu       x15, x15, 5, 5      x15=00000000 x15:00000003
15153716ns          261701 1c00a15e 00e78863 beq              x15, x14, 16        x15:00000000 x14:0000001f
15153736ns          261702 1c00a162 002047b7 lui              x15, 0x204000       x15=00204000
15153756ns          261703 1c00a166 20078793 addi             x15, x15, 512       x15=00204200 x15:00204000
15153776ns          261704 1c00a16a 01c7e703 p.elw            x14, 28(x15)        x14=00010000 x15:00204200  PA:0020421c
15153955ns          261713 1c00a16e 00008067 jalr             x0, x1, 0            x1:1c0081d2
15154015ns          261716 1c0081d2 f14027f3 csrrs            x15, x0, 0xf14      x15=00000003
15154035ns          261717 1c0081d6 f457b7b3 p.bclr           x15, x15, 26, 5     x15=00000003 x15:00000003
15154054ns          261718 1c0081da 26078363 beq              x15, x0, 614        x15:00000003
15154591ns          261745 1c0081de 777010ef jal              x1, 8054             x1=1c0081e2
15154631ns          261747 1c00a154 f14027f3 csrrs            x15, x0, 0xf14      x15=00000003
15154651ns          261748 1c00a158 01f00713 addi             x14, x0, 31         x14=0000001f
15154671ns          261749 1c00a15a ca5797b3 p.extractu       x15, x15, 5, 5      x15=00000000 x15:00000003
15154691ns          261750 1c00a15e 00e78863 beq              x15, x14, 16        x15:00000000 x14:0000001f
15154711ns          261751 1c00a162 002047b7 lui              x15, 0x204000       x15=00204000
15154731ns          261752 1c00a166 20078793 addi             x15, x15, 512       x15=00204200 x15:00204000
15154751ns          261753 1c00a16a 01c7e703 p.elw            x14, 28(x15)        x14=00010000 x15:00204200  PA:0020421c
15788838ns          293533 1c00a16e 00008067 jalr             x0, x1, 0            x1:1c0081e2
15788878ns          293535 1c0081e2 00410613 addi             x12, x2, 4          x12=10001e4c  x2:10001e48
15788898ns          293536 1c0081e4 40c407b3 sub              x15, x8, x12        x15=0000018c  x8:10001fd8 x12:10001e4c
15788918ns          293537 1c0081e8 00012683 lw               x13, 0(x2)          x13=402d9a94  x2:10001e48  PA:10001e48
15788999ns          293541 1c0081ea ffc78793 addi             x15, x15, -4        x15=00000188 x15:0000018c
15789019ns          293542 1c0081ec 0027d793 srli             x15, x15, 0x2       x15=00000062 x15:00000188
15789039ns          293543 1c0081ee 00c00733 add              x14, x0, x12        x14=10001e4c x12:10001e4c
15789480ns          293565 1c0081f0 00d009b3 add              x19, x0, x13        x19=402d9a94 x13:402d9a94
15789500ns          293566 1c0081f2 00178793 addi             x15, x15, 1         x15=00000063 x15:00000062
15789520ns          293567 1c0081f4 0047c0fb lp.setup         0x1, x15, 0x4       x15:00000063
15789540ns          293568 1c0081f8 0047258b p.lw             x11, 4(x14!)        x11=4081af3e x14=10001e50 x14:10001e4c  PA:10001e4c
15789581ns          293570 1c0081fc 00b9f9d3 fadd.s           f19, f19, f11       f19=xxxxxxxx f19:402d9a94 f11:4081af3e
15789601ns          293571 1c0081f8 0047258b p.lw             x11, 4(x14!)        x11=4084e2fb x14=10001e54 x14:10001e50  PA:10001e50
15789641ns          293573 1c0081fc 00b9f9d3 fadd.s           f19, f19, f11       f19=xxxxxxxx f19:40d87c88 f11:4084e2fb
15790082ns          293595 1c0081f8 0047258b p.lw             x11, 4(x14!)        x11=408bcfa6 x14=10001e58 x14:10001e54  PA:10001e54
15790122ns          293597 1c0081fc 00b9f9d3 fadd.s           f19, f19, f11       f19=xxxxxxxx f19:412eafc2 f11:408bcfa6
15790142ns          293598 1c0081f8 0047258b p.lw             x11, 4(x14!)        x11=40775184 x14=10001e5c x14:10001e58  PA:10001e58
15790182ns          293600 1c0081fc 00b9f9d3 fadd.s           f19, f19, f11       f19=xxxxxxxx f19:41749795 f11:40775184
15790203ns          293601 1c0081f8 0047258b p.lw             x11, 4(x14!)        x11=408e1cd1 x14=10001e60 x14:10001e5c  PA:10001e5c
15790243ns          293603 1c0081fc 00b9f9d3 fadd.s           f19, f19, f11       f19=xxxxxxxx f19:419935fb f11:408e1cd1
15790263ns          293604 1c0081f8 0047258b p.lw             x11, 4(x14!)        x11=408ff4a3 x14=10001e64 x14:10001e60  PA:10001e60
15790303ns          293606 1c0081fc 00b9f9d3 fadd.s           f19, f19, f11       f19=xxxxxxxx f19:41bcbd2f f11:408ff4a3
15790323ns          293607 1c0081f8 0047258b p.lw             x11, 4(x14!)        x11=406241fa x14=10001e68 x14:10001e64  PA:10001e64
15790363ns          293609 1c0081fc 00b9f9d3 fadd.s           f19, f19, f11       f19=xxxxxxxx f19:41e0ba58 f11:406241fa
15790383ns          293610 1c0081f8 0047258b p.lw             x11, 4(x14!)        x11=4084152b x14=10001e6c x14:10001e68  PA:10001e68
15790423ns          293612 1c0081fc 00b9f9d3 fadd.s           f19, f19, f11       f19=xxxxxxxx f19:41fd0297 f11:4084152b
15790443ns          293613 1c0081f8 0047258b p.lw             x11, 4(x14!)        x11=400970a7 x14=10001e70 x14:10001e6c  PA:10001e6c
15790483ns          293615 1c0081fc 00b9f9d3 fadd.s           f19, f19, f11       f19=xxxxxxxx f19:420f03f1 f11:400970a7
15790504ns          293616 1c0081f8 0047258b p.lw             x11, 4(x14!)        x11=403e9573 x14=10001e74 x14:10001e70  PA:10001e70
15790544ns          293618 1c0081fc 00b9f9d3 fadd.s           f19, f19, f11       f19=xxxxxxxx f19:42179afb f11:403e9573
15790564ns          293619 1c0081f8 0047258b p.lw             x11, 4(x14!)        x11=40870ab3 x14=10001e78 x14:10001e74  PA:10001e74
15790604ns          293621 1c0081fc 00b9f9d3 fadd.s           f19, f19, f11       f19=xxxxxxxx f19:42238452 f11:40870ab3
15790624ns          293622 1c0081f8 0047258b p.lw             x11, 4(x14!)        x11=406b0aa0 x14=10001e7c x14:10001e78  PA:10001e78
15790664ns          293624 1c0081fc 00b9f9d3 fadd.s           f19, f19, f11       f19=xxxxxxxx f19:423465a8 f11:406b0aa0
15790684ns          293625 1c0081f8 0047258b p.lw             x11, 4(x14!)        x11=4067e3b1 x14=10001e80 x14:10001e7c  PA:10001e7c
15790724ns          293627 1c0081fc 00b9f9d3 fadd.s           f19, f19, f11       f19=xxxxxxxx f19:42431652 f11:4067e3b1
15790744ns          293628 1c0081f8 0047258b p.lw             x11, 4(x14!)        x11=40011b63 x14=10001e84 x14:10001e80  PA:10001e80
15790784ns          293630 1c0081fc 00b9f9d3 fadd.s           f19, f19, f11       f19=xxxxxxxx f19:4251948d f11:40011b63
15790804ns          293631 1c0081f8 0047258b p.lw             x11, 4(x14!)        x11=408846d4 x14=10001e88 x14:10001e84  PA:10001e84
15790845ns          293633 1c0081fc 00b9f9d3 fadd.s           f19, f19, f11       f19=xxxxxxxx f19:4259a643 f11:408846d4
15790865ns          293634 1c0081f8 0047258b p.lw             x11, 4(x14!)        x11=3fbeaad6 x14=10001e8c x14:10001e88  PA:10001e88
15790905ns          293636 1c0081fc 00b9f9d3 fadd.s           f19, f19, f11       f19=xxxxxxxx f19:426aaf1e f11:3fbeaad6
15790925ns          293637 1c0081f8 0047258b p.lw             x11, 4(x14!)        x11=408d8bcf x14=10001e90 x14:10001e8c  PA:10001e8c
15790965ns          293639 1c0081fc 00b9f9d3 fadd.s           f19, f19, f11       f19=xxxxxxxx f19:4270a475 f11:408d8bcf
15790985ns          293640 1c0081f8 0047258b p.lw             x11, 4(x14!)        x11=408281d9 x14=10001e94 x14:10001e90  PA:10001e90
15791025ns          293642 1c0081fc 00b9f9d3 fadd.s           f19, f19, f11       f19=xxxxxxxx f19:42812af7 f11:408281d9
15791045ns          293643 1c0081f8 0047258b p.lw             x11, 4(x14!)        x11=40910392 x14=10001e98 x14:10001e94  PA:10001e94
15791085ns          293645 1c0081fc 00b9f9d3 fadd.s           f19, f19, f11       f19=xxxxxxxx f19:42895315 f11:40910392
15791105ns          293646 1c0081f8 0047258b p.lw             x11, 4(x14!)        x11=406f09fb x14=10001e9c x14:10001e98  PA:10001e98
15791146ns          293648 1c0081fc 00b9f9d3 fadd.s           f19, f19, f11       f19=xxxxxxxx f19:4292634e f11:406f09fb
15791166ns          293649 1c0081f8 0047258b p.lw             x11, 4(x14!)        x11=4087c0b0 x14=10001ea0 x14:10001e9c  PA:10001e9c
15791206ns          293651 1c0081fc 00b9f9d3 fadd.s           f19, f19, f11       f19=xxxxxxxx f19:4299db9e f11:4087c0b0
15791226ns          293652 1c0081f8 0047258b p.lw             x11, 4(x14!)        x11=4084d9ac x14=10001ea4 x14:10001ea0  PA:10001ea0
15791266ns          293654 1c0081fc 00b9f9d3 fadd.s           f19, f19, f11       f19=xxxxxxxx f19:42a257a9 f11:4084d9ac
15791286ns          293655 1c0081f8 0047258b p.lw             x11, 4(x14!)        x11=408e3de6 x14=10001ea8 x14:10001ea4  PA:10001ea4
15791326ns          293657 1c0081fc 00b9f9d3 fadd.s           f19, f19, f11       f19=xxxxxxxx f19:42aaa544 f11:408e3de6
15791346ns          293658 1c0081f8 0047258b p.lw             x11, 4(x14!)        x11=403e05b3 x14=10001eac x14:10001ea8  PA:10001ea8
15791386ns          293660 1c0081fc 00b9f9d3 fadd.s           f19, f19, f11       f19=xxxxxxxx f19:42b38922 f11:403e05b3
15791406ns          293661 1c0081f8 0047258b p.lw             x11, 4(x14!)        x11=404d0962 x14=10001eb0 x14:10001eac  PA:10001eac
15791447ns          293663 1c0081fc 00b9f9d3 fadd.s           f19, f19, f11       f19=xxxxxxxx f19:42b97950 f11:404d0962
15791467ns          293664 1c0081f8 0047258b p.lw             x11, 4(x14!)        x11=40909784 x14=10001eb4 x14:10001eb0  PA:10001eb0
15791507ns          293666 1c0081fc 00b9f9d3 fadd.s           f19, f19, f11       f19=xxxxxxxx f19:42bfe19b f11:40909784
15791527ns          293667 1c0081f8 0047258b p.lw             x11, 4(x14!)        x11=407cbc3f x14=10001eb8 x14:10001eb4  PA:10001eb4
15791567ns          293669 1c0081fc 00b9f9d3 fadd.s           f19, f19, f11       f19=xxxxxxxx f19:42c8eb13 f11:407cbc3f
15791587ns          293670 1c0081f8 0047258b p.lw             x11, 4(x14!)        x11=40743217 x14=10001ebc x14:10001eb8  PA:10001eb8
15791627ns          293672 1c0081fc 00b9f9d3 fadd.s           f19, f19, f11       f19=xxxxxxxx f19:42d0d0f5 f11:40743217
15791647ns          293673 1c0081f8 0047258b p.lw             x11, 4(x14!)        x11=402f6b5c x14=10001ec0 x14:10001ebc  PA:10001ebc
15791687ns          293675 1c0081fc 00b9f9d3 fadd.s           f19, f19, f11       f19=xxxxxxxx f19:42d87286 f11:402f6b5c
15791707ns          293676 1c0081f8 0047258b p.lw             x11, 4(x14!)        x11=408e4b84 x14=10001ec4 x14:10001ec0  PA:10001ec0
15791748ns          293678 1c0081fc 00b9f9d3 fadd.s           f19, f19, f11       f19=xxxxxxxx f19:42ddede1 f11:408e4b84
15791768ns          293679 1c0081f8 0047258b p.lw             x11, 4(x14!)        x11=405d8f12 x14=10001ec8 x14:10001ec4  PA:10001ec4
15791808ns          293681 1c0081fc 00b9f9d3 fadd.s           f19, f19, f11       f19=xxxxxxxx f19:42e6d299 f11:405d8f12
15791828ns          293682 1c0081f8 0047258b p.lw             x11, 4(x14!)        x11=407a8928 x14=10001ecc x14:10001ec8  PA:10001ec8
15791868ns          293684 1c0081fc 00b9f9d3 fadd.s           f19, f19, f11       f19=xxxxxxxx f19:42edbf12 f11:407a8928
15791888ns          293685 1c0081f8 0047258b p.lw             x11, 4(x14!)        x11=4090a0ae x14=10001ed0 x14:10001ecc  PA:10001ecc
15791928ns          293687 1c0081fc 00b9f9d3 fadd.s           f19, f19, f11       f19=xxxxxxxx f19:42f5935b f11:4090a0ae
15791948ns          293688 1c0081f8 0047258b p.lw             x11, 4(x14!)        x11=407270a2 x14=10001ed4 x14:10001ed0  PA:10001ed0
15791988ns          293690 1c0081fc 00b9f9d3 fadd.s           f19, f19, f11       f19=xxxxxxxx f19:42fe9d66 f11:407270a2
15792008ns          293691 1c0081f8 0047258b p.lw             x11, 4(x14!)        x11=401a3bfd x14=10001ed8 x14:10001ed4  PA:10001ed4
15792049ns          293693 1c0081fc 00b9f9d3 fadd.s           f19, f19, f11       f19=xxxxxxxx f19:43031876 f11:401a3bfd
15792069ns          293694 1c0081f8 0047258b p.lw             x11, 4(x14!)        x11=40901170 x14=10001edc x14:10001ed8  PA:10001ed8
15792109ns          293696 1c0081fc 00b9f9d3 fadd.s           f19, f19, f11       f19=xxxxxxxx f19:43058166 f11:40901170
15792129ns          293697 1c0081f8 0047258b p.lw             x11, 4(x14!)        x11=408f84e6 x14=10001ee0 x14:10001edc  PA:10001edc
15792169ns          293699 1c0081fc 00b9f9d3 fadd.s           f19, f19, f11       f19=xxxxxxxx f19:430a01f2 f11:408f84e6
15792189ns          293700 1c0081f8 0047258b p.lw             x11, 4(x14!)        x11=4083901d x14=10001ee4 x14:10001ee0  PA:10001ee0
15792229ns          293702 1c0081fc 00b9f9d3 fadd.s           f19, f19, f11       f19=xxxxxxxx f19:430e7e19 f11:4083901d
15792249ns          293703 1c0081f8 0047258b p.lw             x11, 4(x14!)        x11=405cee1c x14=10001ee8 x14:10001ee4  PA:10001ee4
15792289ns          293705 1c0081fc 00b9f9d3 fadd.s           f19, f19, f11       f19=xxxxxxxx f19:43129a9a f11:405cee1c
15792309ns          293706 1c0081f8 0047258b p.lw             x11, 4(x14!)        x11=4071e884 x14=10001eec x14:10001ee8  PA:10001ee8
15792350ns          293708 1c0081fc 00b9f9d3 fadd.s           f19, f19, f11       f19=xxxxxxxx f19:43160e52 f11:4071e884
15792370ns          293709 1c0081f8 0047258b p.lw             x11, 4(x14!)        x11=407bf358 x14=10001ef0 x14:10001eec  PA:10001eec
15792410ns          293711 1c0081fc 00b9f9d3 fadd.s           f19, f19, f11       f19=xxxxxxxx f19:4319d5f4 f11:407bf358
15792430ns          293712 1c0081f8 0047258b p.lw             x11, 4(x14!)        x11=406fb14f x14=10001ef4 x14:10001ef0  PA:10001ef0
15792470ns          293714 1c0081fc 00b9f9d3 fadd.s           f19, f19, f11       f19=xxxxxxxx f19:431dc5c1 f11:406fb14f
15792490ns          293715 1c0081f8 0047258b p.lw             x11, 4(x14!)        x11=40732d4b x14=10001ef8 x14:10001ef4  PA:10001ef4
15792530ns          293717 1c0081fc 00b9f9d3 fadd.s           f19, f19, f11       f19=xxxxxxxx f19:43218486 f11:40732d4b
15792550ns          293718 1c0081f8 0047258b p.lw             x11, 4(x14!)        x11=4088feae x14=10001efc x14:10001ef8  PA:10001ef8
15792590ns          293720 1c0081fc 00b9f9d3 fadd.s           f19, f19, f11       f19=xxxxxxxx f19:4325513b f11:4088feae
15792610ns          293721 1c0081f8 0047258b p.lw             x11, 4(x14!)        x11=409055dd x14=10001f00 x14:10001efc  PA:10001efc
15792651ns          293723 1c0081fc 00b9f9d3 fadd.s           f19, f19, f11       f19=xxxxxxxx f19:43299930 f11:409055dd
15792671ns          293724 1c0081f8 0047258b p.lw             x11, 4(x14!)        x11=408d354f x14=10001f04 x14:10001f00  PA:10001f00
15792711ns          293726 1c0081fc 00b9f9d3 fadd.s           f19, f19, f11       f19=xxxxxxxx f19:432e1bdf f11:408d354f
15792731ns          293727 1c0081f8 0047258b p.lw             x11, 4(x14!)        x11=408c9041 x14=10001f08 x14:10001f04  PA:10001f04
15792771ns          293729 1c0081fc 00b9f9d3 fadd.s           f19, f19, f11       f19=xxxxxxxx f19:43328589 f11:408c9041
15792791ns          293730 1c0081f8 0047258b p.lw             x11, 4(x14!)        x11=40839502 x14=10001f0c x14:10001f08  PA:10001f08
15792831ns          293732 1c0081fc 00b9f9d3 fadd.s           f19, f19, f11       f19=xxxxxxxx f19:4336ea0b f11:40839502
15792851ns          293733 1c0081f8 0047258b p.lw             x11, 4(x14!)        x11=409258b9 x14=10001f10 x14:10001f0c  PA:10001f0c
15792891ns          293735 1c0081fc 00b9f9d3 fadd.s           f19, f19, f11       f19=xxxxxxxx f19:433b06b3 f11:409258b9
15792911ns          293736 1c0081f8 0047258b p.lw             x11, 4(x14!)        x11=4084b35e x14=10001f14 x14:10001f10  PA:10001f10
15792951ns          293738 1c0081fc 00b9f9d3 fadd.s           f19, f19, f11       f19=xxxxxxxx f19:433f9979 f11:4084b35e
15792972ns          293739 1c0081f8 0047258b p.lw             x11, 4(x14!)        x11=4092aa1d x14=10001f18 x14:10001f14  PA:10001f14
15793012ns          293741 1c0081fc 00b9f9d3 fadd.s           f19, f19, f11       f19=xxxxxxxx f19:4343bf14 f11:4092aa1d
15793032ns          293742 1c0081f8 0047258b p.lw             x11, 4(x14!)        x11=408d2b3c x14=10001f1c x14:10001f18  PA:10001f18
15793072ns          293744 1c0081fc 00b9f9d3 fadd.s           f19, f19, f11       f19=xxxxxxxx f19:43485465 f11:408d2b3c
15793092ns          293745 1c0081f8 0047258b p.lw             x11, 4(x14!)        x11=4086d909 x14=10001f20 x14:10001f1c  PA:10001f1c
15793132ns          293747 1c0081fc 00b9f9d3 fadd.s           f19, f19, f11       f19=xxxxxxxx f19:434cbdbf f11:4086d909
15793152ns          293748 1c0081f8 0047258b p.lw             x11, 4(x14!)        x11=4077851a x14=10001f24 x14:10001f20  PA:10001f20
15793192ns          293750 1c0081fc 00b9f9d3 fadd.s           f19, f19, f11       f19=xxxxxxxx f19:4350f487 f11:4077851a
15793212ns          293751 1c0081f8 0047258b p.lw             x11, 4(x14!)        x11=40040d29 x14=10001f28 x14:10001f24  PA:10001f24
15793252ns          293753 1c0081fc 00b9f9d3 fadd.s           f19, f19, f11       f19=xxxxxxxx f19:4354d29b f11:40040d29
15793273ns          293754 1c0081f8 0047258b p.lw             x11, 4(x14!)        x11=4090a40d x14=10001f2c x14:10001f28  PA:10001f28
15793313ns          293756 1c0081fc 00b9f9d3 fadd.s           f19, f19, f11       f19=xxxxxxxx f19:4356e2d0 f11:4090a40d
15793333ns          293757 1c0081f8 0047258b p.lw             x11, 4(x14!)        x11=408e5bb4 x14=10001f30 x14:10001f2c  PA:10001f2c
15793373ns          293759 1c0081fc 00b9f9d3 fadd.s           f19, f19, f11       f19=xxxxxxxx f19:435b67f0 f11:408e5bb4
15793393ns          293760 1c0081f8 0047258b p.lw             x11, 4(x14!)        x11=40809aaa x14=10001f34 x14:10001f30  PA:10001f30
15793433ns          293762 1c0081fc 00b9f9d3 fadd.s           f19, f19, f11       f19=xxxxxxxx f19:435fdace f11:40809aaa
15793453ns          293763 1c0081f8 0047258b p.lw             x11, 4(x14!)        x11=408ed22f x14=10001f38 x14:10001f34  PA:10001f34
15793493ns          293765 1c0081fc 00b9f9d3 fadd.s           f19, f19, f11       f19=xxxxxxxx f19:4363dfa3 f11:408ed22f
15793513ns          293766 1c0081f8 0047258b p.lw             x11, 4(x14!)        x11=4086adf2 x14=10001f3c x14:10001f38  PA:10001f38
15793553ns          293768 1c0081fc 00b9f9d3 fadd.s           f19, f19, f11       f19=xxxxxxxx f19:43685634 f11:4086adf2
15793574ns          293769 1c0081f8 0047258b p.lw             x11, 4(x14!)        x11=403e5b66 x14=10001f40 x14:10001f3c  PA:10001f3c
15793614ns          293771 1c0081fc 00b9f9d3 fadd.s           f19, f19, f11       f19=xxxxxxxx f19:436c8ba4 f11:403e5b66
15793634ns          293772 1c0081f8 0047258b p.lw             x11, 4(x14!)        x11=40583c8f x14=10001f44 x14:10001f40  PA:10001f40
15793674ns          293774 1c0081fc 00b9f9d3 fadd.s           f19, f19, f11       f19=xxxxxxxx f19:436f8512 f11:40583c8f
15793694ns          293775 1c0081f8 0047258b p.lw             x11, 4(x14!)        x11=408a260a x14=10001f48 x14:10001f44  PA:10001f44
15793734ns          293777 1c0081fc 00b9f9d3 fadd.s           f19, f19, f11       f19=xxxxxxxx f19:4372e604 f11:408a260a
15793754ns          293778 1c0081f8 0047258b p.lw             x11, 4(x14!)        x11=40774958 x14=10001f4c x14:10001f48  PA:10001f48
15793794ns          293780 1c0081fc 00b9f9d3 fadd.s           f19, f19, f11       f19=xxxxxxxx f19:43773734 f11:40774958
15793814ns          293781 1c0081f8 0047258b p.lw             x11, 4(x14!)        x11=4067bbdd x14=10001f50 x14:10001f4c  PA:10001f4c
15793854ns          293783 1c0081fc 00b9f9d3 fadd.s           f19, f19, f11       f19=xxxxxxxx f19:437b1459 f11:4067bbdd
15793874ns          293784 1c0081f8 0047258b p.lw             x11, 4(x14!)        x11=40911b92 x14=10001f54 x14:10001f50  PA:10001f50
15793915ns          293786 1c0081fc 00b9f9d3 fadd.s           f19, f19, f11       f19=xxxxxxxx f19:437eb348 f11:40911b92
15793935ns          293787 1c0081f8 0047258b p.lw             x11, 4(x14!)        x11=40713f8f x14=10001f58 x14:10001f54  PA:10001f54
15793975ns          293789 1c0081fc 00b9f9d3 fadd.s           f19, f19, f11       f19=xxxxxxxx f19:43819e12 f11:40713f8f
15793995ns          293790 1c0081f8 0047258b p.lw             x11, 4(x14!)        x11=4000783a x14=10001f5c x14:10001f58  PA:10001f58
15794035ns          293792 1c0081fc 00b9f9d3 fadd.s           f19, f19, f11       f19=xxxxxxxx f19:43838091 f11:4000783a
15794055ns          293793 1c0081f8 0047258b p.lw             x11, 4(x14!)        x11=407c93e9 x14=10001f60 x14:10001f5c  PA:10001f5c
15794095ns          293795 1c0081fc 00b9f9d3 fadd.s           f19, f19, f11       f19=xxxxxxxx f19:43848181 f11:407c93e9
15794115ns          293796 1c0081f8 0047258b p.lw             x11, 4(x14!)        x11=4082f109 x14=10001f64 x14:10001f60  PA:10001f60
15794155ns          293798 1c0081fc 00b9f9d3 fadd.s           f19, f19, f11       f19=xxxxxxxx f19:43867aa9 f11:4082f109
15794175ns          293799 1c0081f8 0047258b p.lw             x11, 4(x14!)        x11=408235cc x14=10001f68 x14:10001f64  PA:10001f64
15794216ns          293801 1c0081fc 00b9f9d3 fadd.s           f19, f19, f11       f19=xxxxxxxx f19:4388866d f11:408235cc
15794236ns          293802 1c0081f8 0047258b p.lw             x11, 4(x14!)        x11=407b5b11 x14=10001f6c x14:10001f68  PA:10001f68
15794276ns          293804 1c0081fc 00b9f9d3 fadd.s           f19, f19, f11       f19=xxxxxxxx f19:438a8f44 f11:407b5b11
15794296ns          293805 1c0081f8 0047258b p.lw             x11, 4(x14!)        x11=4090353e x14=10001f70 x14:10001f6c  PA:10001f6c
15794336ns          293807 1c0081fc 00b9f9d3 fadd.s           f19, f19, f11       f19=xxxxxxxx f19:438c85fa f11:4090353e
15794356ns          293808 1c0081f8 0047258b p.lw             x11, 4(x14!)        x11=4092b96a x14=10001f74 x14:10001f70  PA:10001f70
15794396ns          293810 1c0081fc 00b9f9d3 fadd.s           f19, f19, f11       f19=xxxxxxxx f19:438ec6cf f11:4092b96a
15794416ns          293811 1c0081f8 0047258b p.lw             x11, 4(x14!)        x11=408a052e x14=10001f78 x14:10001f74  PA:10001f74
15794456ns          293813 1c0081fc 00b9f9d3 fadd.s           f19, f19, f11       f19=xxxxxxxx f19:439111b5 f11:408a052e
15794476ns          293814 1c0081f8 0047258b p.lw             x11, 4(x14!)        x11=408a6299 x14=10001f7c x14:10001f78  PA:10001f78
15794517ns          293816 1c0081fc 00b9f9d3 fadd.s           f19, f19, f11       f19=xxxxxxxx f19:439339ca f11:408a6299
15794537ns          293817 1c0081f8 0047258b p.lw             x11, 4(x14!)        x11=407f1482 x14=10001f80 x14:10001f7c  PA:10001f7c
15794577ns          293819 1c0081fc 00b9f9d3 fadd.s           f19, f19, f11       f19=xxxxxxxx f19:43956354 f11:407f1482
15794597ns          293820 1c0081f8 0047258b p.lw             x11, 4(x14!)        x11=406b3c34 x14=10001f84 x14:10001f80  PA:10001f80
15794637ns          293822 1c0081fc 00b9f9d3 fadd.s           f19, f19, f11       f19=xxxxxxxx f19:4397617d f11:406b3c34
15794657ns          293823 1c0081f8 0047258b p.lw             x11, 4(x14!)        x11=4083cd60 x14=10001f88 x14:10001f84  PA:10001f84
15794697ns          293825 1c0081fc 00b9f9d3 fadd.s           f19, f19, f11       f19=xxxxxxxx f19:439937f5 f11:4083cd60
15794717ns          293826 1c0081f8 0047258b p.lw             x11, 4(x14!)        x11=4070c078 x14=10001f8c x14:10001f88  PA:10001f88
15794757ns          293828 1c0081fc 00b9f9d3 fadd.s           f19, f19, f11       f19=xxxxxxxx f19:439b472a f11:4070c078
15794777ns          293829 1c0081f8 0047258b p.lw             x11, 4(x14!)        x11=40739ab9 x14=10001f90 x14:10001f8c  PA:10001f8c
15794818ns          293831 1c0081fc 00b9f9d3 fadd.s           f19, f19, f11       f19=xxxxxxxx f19:439d28ab f11:40739ab9
15794838ns          293832 1c0081f8 0047258b p.lw             x11, 4(x14!)        x11=40794732 x14=10001f94 x14:10001f90  PA:10001f90
15794878ns          293834 1c0081fc 00b9f9d3 fadd.s           f19, f19, f11       f19=xxxxxxxx f19:439f0fe0 f11:40794732
15794898ns          293835 1c0081f8 0047258b p.lw             x11, 4(x14!)        x11=4029370a x14=10001f98 x14:10001f94  PA:10001f94
15794938ns          293837 1c0081fc 00b9f9d3 fadd.s           f19, f19, f11       f19=xxxxxxxx f19:43a1026e f11:4029370a
15794958ns          293838 1c0081f8 0047258b p.lw             x11, 4(x14!)        x11=408d2665 x14=10001f9c x14:10001f98  PA:10001f98
15794998ns          293840 1c0081fc 00b9f9d3 fadd.s           f19, f19, f11       f19=xxxxxxxx f19:43a254dc f11:408d2665
15795018ns          293841 1c0081f8 0047258b p.lw             x11, 4(x14!)        x11=404e9507 x14=10001fa0 x14:10001f9c  PA:10001f9c
15795058ns          293843 1c0081fc 00b9f9d3 fadd.s           f19, f19, f11       f19=xxxxxxxx f19:43a48976 f11:404e9507
15795078ns          293844 1c0081f8 0047258b p.lw             x11, 4(x14!)        x11=408e7720 x14=10001fa4 x14:10001fa0  PA:10001fa0
15795119ns          293846 1c0081fc 00b9f9d3 fadd.s           f19, f19, f11       f19=xxxxxxxx f19:43a626a0 f11:408e7720
15795139ns          293847 1c0081f8 0047258b p.lw             x11, 4(x14!)        x11=4082efd4 x14=10001fa8 x14:10001fa4  PA:10001fa4
15795179ns          293849 1c0081fc 00b9f9d3 fadd.s           f19, f19, f11       f19=xxxxxxxx f19:43a8607c f11:4082efd4
15795199ns          293850 1c0081f8 0047258b p.lw             x11, 4(x14!)        x11=40919f48 x14=10001fac x14:10001fa8  PA:10001fa8
15795239ns          293852 1c0081fc 00b9f9d3 fadd.s           f19, f19, f11       f19=xxxxxxxx f19:43aa6c3b f11:40919f48
15795259ns          293853 1c0081f8 0047258b p.lw             x11, 4(x14!)        x11=40878c6f x14=10001fb0 x14:10001fac  PA:10001fac
15795299ns          293855 1c0081fc 00b9f9d3 fadd.s           f19, f19, f11       f19=xxxxxxxx f19:43acb2b8 f11:40878c6f
15795319ns          293856 1c0081f8 0047258b p.lw             x11, 4(x14!)        x11=3f922e1d x14=10001fb4 x14:10001fb0  PA:10001fb0
15795359ns          293858 1c0081fc 00b9f9d3 fadd.s           f19, f19, f11       f19=xxxxxxxx f19:43aed0ea f11:3f922e1d
15795379ns          293859 1c0081f8 0047258b p.lw             x11, 4(x14!)        x11=406a326a x14=10001fb8 x14:10001fb4  PA:10001fb4
15795420ns          293861 1c0081fc 00b9f9d3 fadd.s           f19, f19, f11       f19=xxxxxxxx f19:43af6318 f11:406a326a
15795440ns          293862 1c0081f8 0047258b p.lw             x11, 4(x14!)        x11=40399b35 x14=10001fbc x14:10001fb8  PA:10001fb8
15795480ns          293864 1c0081fc 00b9f9d3 fadd.s           f19, f19, f11       f19=xxxxxxxx f19:43b1377d f11:40399b35
15795500ns          293865 1c0081f8 0047258b p.lw             x11, 4(x14!)        x11=4077fb3d x14=10001fc0 x14:10001fbc  PA:10001fbc
15795540ns          293867 1c0081fc 00b9f9d3 fadd.s           f19, f19, f11       f19=xxxxxxxx f19:43b2aab3 f11:4077fb3d
15795560ns          293868 1c0081f8 0047258b p.lw             x11, 4(x14!)        x11=4087b9e4 x14=10001fc4 x14:10001fc0  PA:10001fc0
15795600ns          293870 1c0081fc 00b9f9d3 fadd.s           f19, f19, f11       f19=xxxxxxxx f19:43b49aa9 f11:4087b9e4
15795620ns          293871 1c0081f8 0047258b p.lw             x11, 4(x14!)        x11=3f985b4b x14=10001fc8 x14:10001fc4  PA:10001fc4
15795660ns          293873 1c0081fc 00b9f9d3 fadd.s           f19, f19, f11       f19=xxxxxxxx f19:43b6b991 f11:3f985b4b
15795680ns          293874 1c0081f8 0047258b p.lw             x11, 4(x14!)        x11=3f99b679 x14=10001fcc x14:10001fc8  PA:10001fc8
15795721ns          293876 1c0081fc 00b9f9d3 fadd.s           f19, f19, f11       f19=xxxxxxxx f19:43b751ec f11:3f99b679
15795741ns          293877 1c0081f8 0047258b p.lw             x11, 4(x14!)        x11=407371f6 x14=10001fd0 x14:10001fcc  PA:10001fcc
15795781ns          293879 1c0081fc 00b9f9d3 fadd.s           f19, f19, f11       f19=xxxxxxxx f19:43b7eba2 f11:407371f6
15795801ns          293880 1c0081f8 0047258b p.lw             x11, 4(x14!)        x11=40653310 x14=10001fd4 x14:10001fd0  PA:10001fd0
15795841ns          293882 1c0081fc 00b9f9d3 fadd.s           f19, f19, f11       f19=xxxxxxxx f19:43b9d286 f11:40653310
15795861ns          293883 1c0081f8 0047258b p.lw             x11, 4(x14!)        x11=4084b8df x14=10001fd8 x14:10001fd4  PA:10001fd4
15795901ns          293885 1c0081fc 00b9f9d3 fadd.s           f19, f19, f11       f19=xxxxxxxx f19:43bb9cec f11:4084b8df
15795921ns          293886 1c008200 40c707b3 sub              x15, x14, x12       x15=0000018c x14:10001fd8 x12:10001e4c
15795941ns          293887 1c008204 1c000737 lui              x14, 0x1c000000     x14=1c000000
15795961ns          293888 1c008208 02072583 lw               x11, 32(x14)        x11=3c23d70a x14:1c000000  PA:1c000020
15796443ns          293912 1c00820c ffc78793 addi             x15, x15, -4        x15=00000188 x15:0000018c
15796463ns          293913 1c00820e 10b9f5d3 fmul.s           f11, f19, f11       f11=xxxxxxxx f19:43bdafcf f11:3c23d70a
15796483ns          293914 1c008212 0027d793 srli             x15, x15, 0x2       x15=00000062 x15:00000188
15796503ns          293915 1c008214 00178793 addi             x15, x15, 1         x15=00000063 x15:00000062
15796523ns          293916 1c008216 08b6f6d3 fsub.s           f13, f13, f11       f13=xxxxxxxx f13:402d9a94 f11:4072cc8e
15796543ns          293917 1c00821a 10d6f6d3 fmul.s           f13, f13, f13       f13=xxxxxxxx f13:bf8a63f4 f13:bf8a63f4
15796904ns          293935 1c00821e 0067c0fb lp.setup         0x1, x15, 0x6       x15:00000063
15796944ns          293937 1c008222 0046270b p.lw             x14, 4(x12!)        x14=4081af3e x12=10001e50 x12:10001e4c  PA:10001e4c
15796985ns          293939 1c008226 08b77753 fsub.s           f14, f14, f11       f14=xxxxxxxx f14:4081af3e f11:4072cc8e
15797005ns          293940 1c00822a 68e776c3 fmadd.s          f13, f14, f14, f13  f13=xxxxxxxx f14:3e848f70 f14:3e848f70 f13:3f959fd4
15797025ns          293941 1c008222 0046270b p.lw             x14, 4(x12!)        x14=4084e2fb x12=10001e54 x12:10001e50  PA:10001e50
15797065ns          293943 1c008226 08b77753 fsub.s           f14, f14, f11       f14=xxxxxxxx f14:4084e2fb f11:4072cc8e
15797085ns          293944 1c00822a 68e776c3 fmadd.s          f13, f14, f14, f13  f13=xxxxxxxx f14:3eb7cb40 f14:3eb7cb40 f13:3f9e345b
15797105ns          293945 1c008222 0046270b p.lw             x14, 4(x12!)        x14=408bcfa6 x12=10001e58 x12:10001e54  PA:10001e54
15797145ns          293947 1c008226 08b77753 fsub.s           f14, f14, f11       f14=xxxxxxxx f14:408bcfa6 f11:4072cc8e
15797165ns          293948 1c00822a 68e776c3 fmadd.s          f13, f14, f14, f13  f13=xxxxxxxx f14:3f134af8 f14:3f134af8 f13:3faeb2e2
15797185ns          293949 1c008222 0046270b p.lw             x14, 4(x12!)        x14=40775184 x12=10001e5c x12:10001e58  PA:10001e58
15797225ns          293951 1c008226 08b77753 fsub.s           f14, f14, f11       f14=xxxxxxxx f14:40775184 f11:4072cc8e
15797245ns          293952 1c00822a 68e776c3 fmadd.s          f13, f14, f14, f13  f13=xxxxxxxx f14:3d909ec0 f14:3d909ec0 f13:3fd91279
15797266ns          293953 1c008222 0046270b p.lw             x14, 4(x12!)        x14=408e1cd1 x12=10001e60 x12:10001e5c  PA:10001e5c
15797306ns          293955 1c008226 08b77753 fsub.s           f14, f14, f11       f14=xxxxxxxx f14:408e1cd1 f11:4072cc8e
15797326ns          293956 1c00822a 68e776c3 fmadd.s          f13, f14, f14, f13  f13=xxxxxxxx f14:3f25b450 f14:3f25b450 f13:3fd9b5df
15797346ns          293957 1c008222 0046270b p.lw             x14, 4(x12!)        x14=408ff4a3 x12=10001e64 x12:10001e60  PA:10001e60
15797386ns          293959 1c008226 08b77753 fsub.s           f14, f14, f11       f14=xxxxxxxx f14:408ff4a3 f11:4072cc8e
15797406ns          293960 1c00822a 68e776c3 fmadd.s          f13, f14, f14, f13  f13=xxxxxxxx f14:3f3472e0 f14:3f3472e0 f13:4007ab6b
15797426ns          293961 1c008222 0046270b p.lw             x14, 4(x12!)        x14=406241fa x12=10001e68 x12:10001e64  PA:10001e64
15797466ns          293963 1c008226 08b77753 fsub.s           f14, f14, f11       f14=xxxxxxxx f14:406241fa f11:4072cc8e
15797486ns          293964 1c00822a 68e776c3 fmadd.s          f13, f14, f14, f13  f13=xxxxxxxx f14:be8454a0 f14:be8454a0 f13:402777db
15797506ns          293965 1c008222 0046270b p.lw             x14, 4(x12!)        x14=4084152b x12=10001e6c x12:10001e68  PA:10001e68
15797546ns          293967 1c008226 08b77753 fsub.s           f14, f14, f11       f14=xxxxxxxx f14:4084152b f11:4072cc8e
15797567ns          293968 1c00822a 68e776c3 fmadd.s          f13, f14, f14, f13  f13=xxxxxxxx f14:3eaaee40 f14:3eaaee40 f13:402bbe51
15797587ns          293969 1c008222 0046270b p.lw             x14, 4(x12!)        x14=400970a7 x12=10001e70 x12:10001e6c  PA:10001e6c
15797627ns          293971 1c008226 08b77753 fsub.s           f14, f14, f11       f14=xxxxxxxx f14:400970a7 f11:4072cc8e
15797647ns          293972 1c00822a 68e776c3 fmadd.s          f13, f14, f14, f13  f13=xxxxxxxx f14:bfd2b7ce f14:bfd2b7ce f13:4032e066
15797667ns          293973 1c008222 0046270b p.lw             x14, 4(x12!)        x14=403e9573 x12=10001e74 x12:10001e70  PA:10001e70
15797707ns          293975 1c008226 08b77753 fsub.s           f14, f14, f11       f14=xxxxxxxx f14:403e9573 f11:4072cc8e
15797727ns          293976 1c00822a 68e776c3 fmadd.s          f13, f14, f14, f13  f13=xxxxxxxx f14:bf50dc6c f14:bf50dc6c f13:40b0293c
15797747ns          293977 1c008222 0046270b p.lw             x14, 4(x12!)        x14=40870ab3 x12=10001e78 x12:10001e74  PA:10001e74
15797787ns          293979 1c008226 08b77753 fsub.s           f14, f14, f11       f14=xxxxxxxx f14:40870ab3 f11:4072cc8e
15797807ns          293980 1c00822a 68e776c3 fmadd.s          f13, f14, f14, f13  f13=xxxxxxxx f14:3eda46c0 f14:3eda46c0 f13:40c5761a
15797827ns          293981 1c008222 0046270b p.lw             x14, 4(x12!)        x14=406b0aa0 x12=10001e7c x12:10001e78  PA:10001e78
15797868ns          293983 1c008226 08b77753 fsub.s           f14, f14, f11       f14=xxxxxxxx f14:406b0aa0 f11:4072cc8e
15797888ns          293984 1c00822a 68e776c3 fmadd.s          f13, f14, f14, f13  f13=xxxxxxxx f14:bdf83dc0 f14:bdf83dc0 f13:40cb46ff
15797908ns          293985 1c008222 0046270b p.lw             x14, 4(x12!)        x14=4067e3b1 x12=10001e80 x12:10001e7c  PA:10001e7c
15797948ns          293987 1c008226 08b77753 fsub.s           f14, f14, f11       f14=xxxxxxxx f14:4067e3b1 f11:4072cc8e
15797968ns          293988 1c00822a 68e776c3 fmadd.s          f13, f14, f14, f13  f13=xxxxxxxx f14:be2e8dd0 f14:be2e8dd0 f13:40cbbf5b
15797988ns          293989 1c008222 0046270b p.lw             x14, 4(x12!)        x14=40011b63 x12=10001e84 x12:10001e80  PA:10001e80
15798028ns          293991 1c008226 08b77753 fsub.s           f14, f14, f11       f14=xxxxxxxx f14:40011b63 f11:4072cc8e
15798048ns          293992 1c00822a 68e776c3 fmadd.s          f13, f14, f14, f13  f13=xxxxxxxx f14:bfe36256 f14:bfe36256 f13:40ccad65
15798068ns          293993 1c008222 0046270b p.lw             x14, 4(x12!)        x14=408846d4 x12=10001e88 x12:10001e84  PA:10001e84
15798108ns          293995 1c008226 08b77753 fsub.s           f14, f14, f11       f14=xxxxxxxx f14:408846d4 f11:4072cc8e
15798128ns          293996 1c00822a 68e776c3 fmadd.s          f13, f14, f14, f13  f13=xxxxxxxx f14:3eee08d0 f14:3eee08d0 f13:4118d495
15798148ns          293997 1c008222 0046270b p.lw             x14, 4(x12!)        x14=3fbeaad6 x12=10001e8c x12:10001e88  PA:10001e88
15798189ns          293999 1c008226 08b77753 fsub.s           f14, f14, f11       f14=xxxxxxxx f14:3fbeaad6 f11:4072cc8e
15798209ns          294000 1c00822a 68e776c3 fmadd.s          f13, f14, f14, f13  f13=xxxxxxxx f14:c0137723 f14:c0137723 f13:411c49e7
15798229ns          294001 1c008222 0046270b p.lw             x14, 4(x12!)        x14=408d8bcf x12=10001e90 x12:10001e8c  PA:10001e8c
15798269ns          294003 1c008226 08b77753 fsub.s           f14, f14, f11       f14=xxxxxxxx f14:408d8bcf f11:4072cc8e
15798289ns          294004 1c00822a 68e776c3 fmadd.s          f13, f14, f14, f13  f13=xxxxxxxx f14:3f212c40 f14:3f212c40 f13:41713bf1
15798309ns          294005 1c008222 0046270b p.lw             x14, 4(x12!)        x14=408281d9 x12=10001e94 x12:10001e90  PA:10001e90
15798349ns          294007 1c008226 08b77753 fsub.s           f14, f14, f11       f14=xxxxxxxx f14:408281d9 f11:4072cc8e
15798369ns          294008 1c00822a 68e776c3 fmadd.s          f13, f14, f14, f13  f13=xxxxxxxx f14:3e91b920 f14:3e91b920 f13:4177937c
15798389ns          294009 1c008222 0046270b p.lw             x14, 4(x12!)        x14=40910392 x12=10001e98 x12:10001e94  PA:10001e94
15798429ns          294011 1c008226 08b77753 fsub.s           f14, f14, f11       f14=xxxxxxxx f14:40910392 f11:4072cc8e
15798449ns          294012 1c00822a 68e776c3 fmadd.s          f13, f14, f14, f13  f13=xxxxxxxx f14:3f3cea58 f14:3f3cea58 f13:4178df49
15798469ns          294013 1c008222 0046270b p.lw             x14, 4(x12!)        x14=406f09fb x12=10001e9c x12:10001e98  PA:10001e98
15798510ns          294015 1c008226 08b77753 fsub.s           f14, f14, f11       f14=xxxxxxxx f14:406f09fb f11:4072cc8e
15798530ns          294016 1c00822a 68e776c3 fmadd.s          f13, f14, f14, f13  f13=xxxxxxxx f14:bd70a4c0 f14:bd70a4c0 f13:4180caed
15798550ns          294017 1c008222 0046270b p.lw             x14, 4(x12!)        x14=4087c0b0 x12=10001ea0 x12:10001e9c  PA:10001e9c
15798590ns          294019 1c008226 08b77753 fsub.s           f14, f14, f11       f14=xxxxxxxx f14:4087c0b0 f11:4072cc8e
15798610ns          294020 1c00822a 68e776c3 fmadd.s          f13, f14, f14, f13  f13=xxxxxxxx f14:3ee5a690 f14:3ee5a690 f13:4180d1ff
15798630ns          294021 1c008222 0046270b p.lw             x14, 4(x12!)        x14=4084d9ac x12=10001ea4 x12:10001ea0  PA:10001ea0
15798670ns          294023 1c008226 08b77753 fsub.s           f14, f14, f11       f14=xxxxxxxx f14:4084d9ac f11:4072cc8e
15798690ns          294024 1c00822a 68e776c3 fmadd.s          f13, f14, f14, f13  f13=xxxxxxxx f14:3eb73650 f14:3eb73650 f13:41826e06
15798710ns          294025 1c008222 0046270b p.lw             x14, 4(x12!)        x14=408e3de6 x12=10001ea8 x12:10001ea4  PA:10001ea4
15798750ns          294027 1c008226 08b77753 fsub.s           f14, f14, f11       f14=xxxxxxxx f14:408e3de6 f11:4072cc8e
15798770ns          294028 1c00822a 68e776c3 fmadd.s          f13, f14, f14, f13  f13=xxxxxxxx f14:3f26bcf8 f14:3f26bcf8 f13:41837443
15798791ns          294029 1c008222 0046270b p.lw             x14, 4(x12!)        x14=403e05b3 x12=10001eac x12:10001ea8  PA:10001ea8
15798831ns          294031 1c008226 08b77753 fsub.s           f14, f14, f11       f14=xxxxxxxx f14:403e05b3 f11:4072cc8e
15798851ns          294032 1c00822a 68e776c3 fmadd.s          f13, f14, f14, f13  f13=xxxxxxxx f14:bf531b6c f14:bf531b6c f13:4186d910
15798871ns          294033 1c008222 0046270b p.lw             x14, 4(x12!)        x14=404d0962 x12=10001eb0 x12:10001eac  PA:10001eac
15798911ns          294035 1c008226 08b77753 fsub.s           f14, f14, f11       f14=xxxxxxxx f14:404d0962 f11:4072cc8e
15798931ns          294036 1c00822a 68e776c3 fmadd.s          f13, f14, f14, f13  f13=xxxxxxxx f14:bf170cb0 f14:bf170cb0 f13:418c49c2
15798951ns          294037 1c008222 0046270b p.lw             x14, 4(x12!)        x14=40909784 x12=10001eb4 x12:10001eb0  PA:10001eb0
15798991ns          294039 1c008226 08b77753 fsub.s           f14, f14, f11       f14=xxxxxxxx f14:40909784 f11:4072cc8e
15799011ns          294040 1c00822a 68e776c3 fmadd.s          f13, f14, f14, f13  f13=xxxxxxxx f14:3f3989e8 f14:3f3989e8 f13:418f12c2
15799031ns          294041 1c008222 0046270b p.lw             x14, 4(x12!)        x14=407cbc3f x12=10001eb8 x12:10001eb4  PA:10001eb4
15799071ns          294043 1c008226 08b77753 fsub.s           f14, f14, f11       f14=xxxxxxxx f14:407cbc3f f11:4072cc8e
15799091ns          294044 1c00822a 68e776c3 fmadd.s          f13, f14, f14, f13  f13=xxxxxxxx f14:3e1efb10 f14:3e1efb10 f13:41934687
15799112ns          294045 1c008222 0046270b p.lw             x14, 4(x12!)        x14=40743217 x12=10001ebc x12:10001eb8  PA:10001eb8
15799152ns          294047 1c008226 08b77753 fsub.s           f14, f14, f11       f14=xxxxxxxx f14:40743217 f11:4072cc8e
15799172ns          294048 1c00822a 68e776c3 fmadd.s          f13, f14, f14, f13  f13=xxxxxxxx f14:3cb2c480 f14:3cb2c480 f13:419377e4
15799192ns          294049 1c008222 0046270b p.lw             x14, 4(x12!)        x14=402f6b5c x12=10001ec0 x12:10001ebc  PA:10001ebc
15799232ns          294051 1c008226 08b77753 fsub.s           f14, f14, f11       f14=xxxxxxxx f14:402f6b5c f11:4072cc8e
15799252ns          294052 1c00822a 68e776c3 fmadd.s          f13, f14, f14, f13  f13=xxxxxxxx f14:bf86c264 f14:bf86c264 f13:419378de
15799272ns          294053 1c008222 0046270b p.lw             x14, 4(x12!)        x14=408e4b84 x12=10001ec4 x12:10001ec0  PA:10001ec0
15799312ns          294055 1c008226 08b77753 fsub.s           f14, f14, f11       f14=xxxxxxxx f14:408e4b84 f11:4072cc8e
15799332ns          294056 1c00822a 68e776c3 fmadd.s          f13, f14, f14, f13  f13=xxxxxxxx f14:3f2729e8 f14:3f2729e8 f13:419c56e1
15799352ns          294057 1c008222 0046270b p.lw             x14, 4(x12!)        x14=405d8f12 x12=10001ec8 x12:10001ec4  PA:10001ec4
15799392ns          294059 1c008226 08b77753 fsub.s           f14, f14, f11       f14=xxxxxxxx f14:405d8f12 f11:4072cc8e
15799413ns          294060 1c00822a 68e776c3 fmadd.s          f13, f14, f14, f13  f13=xxxxxxxx f14:bea9ebe0 f14:bea9ebe0 f13:419fc01f
15799433ns          294061 1c008222 0046270b p.lw             x14, 4(x12!)        x14=407a8928 x12=10001ecc x12:10001ec8  PA:10001ec8
15799473ns          294063 1c008226 08b77753 fsub.s           f14, f14, f11       f14=xxxxxxxx f14:407a8928 f11:4072cc8e
15799493ns          294064 1c00822a 68e776c3 fmadd.s          f13, f14, f14, f13  f13=xxxxxxxx f14:3df79340 f14:3df79340 f13:41a0a1b2
15799513ns          294065 1c008222 0046270b p.lw             x14, 4(x12!)        x14=4090a0ae x12=10001ed0 x12:10001ecc  PA:10001ecc
15799553ns          294067 1c008226 08b77753 fsub.s           f14, f14, f11       f14=xxxxxxxx f14:4090a0ae f11:4072cc8e
15799573ns          294068 1c00822a 68e776c3 fmadd.s          f13, f14, f14, f13  f13=xxxxxxxx f14:3f39d338 f14:3f39d338 f13:41a0bfa0
15799593ns          294069 1c008222 0046270b p.lw             x14, 4(x12!)        x14=407270a2 x12=10001ed4 x12:10001ed0  PA:10001ed0
15799633ns          294071 1c008226 08b77753 fsub.s           f14, f14, f11       f14=xxxxxxxx f14:407270a2 f11:4072cc8e
15799653ns          294072 1c00822a 68e776c3 fmadd.s          f13, f14, f14, f13  f13=xxxxxxxx f14:bbb7d800 f14:bbb7d800 f13:41a4f6b8
15799673ns          294073 1c008222 0046270b p.lw             x14, 4(x12!)        x14=401a3bfd x12=10001ed8 x12:10001ed4  PA:10001ed4
15799714ns          294075 1c008226 08b77753 fsub.s           f14, f14, f11       f14=xxxxxxxx f14:401a3bfd f11:4072cc8e
15799734ns          294076 1c00822a 68e776c3 fmadd.s          f13, f14, f14, f13  f13=xxxxxxxx f14:bfb12122 f14:bfb12122 f13:41a4f6c9
15799754ns          294077 1c008222 0046270b p.lw             x14, 4(x12!)        x14=40901170 x12=10001edc x12:10001ed8  PA:10001ed8
15799794ns          294079 1c008226 08b77753 fsub.s           f14, f14, f11       f14=xxxxxxxx f14:40901170 f11:4072cc8e
15799814ns          294080 1c00822a 68e776c3 fmadd.s          f13, f14, f14, f13  f13=xxxxxxxx f14:3f355948 f14:3f355948 f13:41b448a4
15799834ns          294081 1c008222 0046270b p.lw             x14, 4(x12!)        x14=408f84e6 x12=10001ee0 x12:10001edc  PA:10001edc
15799874ns          294083 1c008226 08b77753 fsub.s           f14, f14, f11       f14=xxxxxxxx f14:408f84e6 f11:4072cc8e
15799894ns          294084 1c00822a 68e776c3 fmadd.s          f13, f14, f14, f13  f13=xxxxxxxx f14:3f30f4f8 f14:3f30f4f8 f13:41b84c5f
15799914ns          294085 1c008222 0046270b p.lw             x14, 4(x12!)        x14=4083901d x12=10001ee4 x12:10001ee0  PA:10001ee0
15799954ns          294087 1c008226 08b77753 fsub.s           f14, f14, f11       f14=xxxxxxxx f14:4083901d f11:4072cc8e
15799974ns          294088 1c00822a 68e776c3 fmadd.s          f13, f14, f14, f13  f13=xxxxxxxx f14:3ea29d60 f14:3ea29d60 f13:41bc1eed
15799994ns          294089 1c008222 0046270b p.lw             x14, 4(x12!)        x14=405cee1c x12=10001ee8 x12:10001ee4  PA:10001ee4
15800035ns          294091 1c008226 08b77753 fsub.s           f14, f14, f11       f14=xxxxxxxx f14:405cee1c f11:4072cc8e
15800055ns          294092 1c00822a 68e776c3 fmadd.s          f13, f14, f14, f13  f13=xxxxxxxx f14:beaef390 f14:beaef390 f13:41bced84
15800075ns          294093 1c008222 0046270b p.lw             x14, 4(x12!)        x14=4071e884 x12=10001eec x12:10001ee8  PA:10001ee8
15800115ns          294095 1c008226 08b77753 fsub.s           f14, f14, f11       f14=xxxxxxxx f14:4071e884 f11:4072cc8e
15800135ns          294096 1c00822a 68e776c3 fmadd.s          f13, f14, f14, f13  f13=xxxxxxxx f14:bc640a00 f14:bc640a00 f13:41bddca4
15800155ns          294097 1c008222 0046270b p.lw             x14, 4(x12!)        x14=407bf358 x12=10001ef0 x12:10001eec  PA:10001eec
15800195ns          294099 1c008226 08b77753 fsub.s           f14, f14, f11       f14=xxxxxxxx f14:407bf358 f11:4072cc8e
15800215ns          294100 1c00822a 68e776c3 fmadd.s          f13, f14, f14, f13  f13=xxxxxxxx f14:3e126ca0 f14:3e126ca0 f13:41bddd0a
15800235ns          294101 1c008222 0046270b p.lw             x14, 4(x12!)        x14=406fb14f x12=10001ef4 x12:10001ef0  PA:10001ef0
15800275ns          294103 1c008226 08b77753 fsub.s           f14, f14, f11       f14=xxxxxxxx f14:406fb14f f11:4072cc8e
15800295ns          294104 1c00822a 68e776c3 fmadd.s          f13, f14, f14, f13  f13=xxxxxxxx f14:bd46cfc0 f14:bd46cfc0 f13:41be06ea
15800315ns          294105 1c008222 0046270b p.lw             x14, 4(x12!)        x14=40732d4b x12=10001ef8 x12:10001ef4  PA:10001ef4
15800356ns          294107 1c008226 08b77753 fsub.s           f14, f14, f11       f14=xxxxxxxx f14:40732d4b f11:4072cc8e
15800376ns          294108 1c00822a 68e776c3 fmadd.s          f13, f14, f14, f13  f13=xxxxxxxx f14:3bc17a00 f14:3bc17a00 f13:41be0bbd
15800396ns          294109 1c008222 0046270b p.lw             x14, 4(x12!)        x14=4088feae x12=10001efc x12:10001ef8  PA:10001ef8
15800436ns          294111 1c008226 08b77753 fsub.s           f14, f14, f11       f14=xxxxxxxx f14:4088feae f11:4072cc8e
15800456ns          294112 1c00822a 68e776c3 fmadd.s          f13, f14, f14, f13  f13=xxxxxxxx f14:3ef98670 f14:3ef98670 f13:41be0bcf
15800476ns          294113 1c008222 0046270b p.lw             x14, 4(x12!)        x14=409055dd x12=10001f00 x12:10001efc  PA:10001efc
15800516ns          294115 1c008226 08b77753 fsub.s           f14, f14, f11       f14=xxxxxxxx f14:409055dd f11:4072cc8e
15800536ns          294116 1c00822a 68e776c3 fmadd.s          f13, f14, f14, f13  f13=xxxxxxxx f14:3f377cb0 f14:3f377cb0 f13:41bff23d
15800556ns          294117 1c008222 0046270b p.lw             x14, 4(x12!)        x14=408d354f x12=10001f04 x12:10001f00  PA:10001f00
15800596ns          294119 1c008226 08b77753 fsub.s           f14, f14, f11       f14=xxxxxxxx f14:408d354f f11:4072cc8e
15800616ns          294120 1c00822a 68e776c3 fmadd.s          f13, f14, f14, f13  f13=xxxxxxxx f14:3f1e7840 f14:3f1e7840 f13:41c40e59
15800637ns          294121 1c008222 0046270b p.lw             x14, 4(x12!)        x14=408c9041 x12=10001f08 x12:10001f04  PA:10001f04
15800677ns          294123 1c008226 08b77753 fsub.s           f14, f14, f11       f14=xxxxxxxx f14:408c9041 f11:4072cc8e
15800697ns          294124 1c00822a 68e776c3 fmadd.s          f13, f14, f14, f13  f13=xxxxxxxx f14:3f194fd0 f14:3f194fd0 f13:41c71f1e
15800717ns          294125 1c008222 0046270b p.lw             x14, 4(x12!)        x14=40839502 x12=10001f0c x12:10001f08  PA:10001f08
15800757ns          294127 1c008226 08b77753 fsub.s           f14, f14, f11       f14=xxxxxxxx f14:40839502 f11:4072cc8e
15800777ns          294128 1c00822a 68e776c3 fmadd.s          f13, f14, f14, f13  f13=xxxxxxxx f14:3ea2ebb0 f14:3ea2ebb0 f13:41c9fda2
15800797ns          294129 1c008222 0046270b p.lw             x14, 4(x12!)        x14=409258b9 x12=10001f10 x12:10001f0c  PA:10001f0c
15800837ns          294131 1c008226 08b77753 fsub.s           f14, f14, f11       f14=xxxxxxxx f14:409258b9 f11:4072cc8e
15800857ns          294132 1c00822a 68e776c3 fmadd.s          f13, f14, f14, f13  f13=xxxxxxxx f14:3f479390 f14:3f479390 f13:41cacd00
15800877ns          294133 1c008222 0046270b p.lw             x14, 4(x12!)        x14=4084b35e x12=10001f14 x12:10001f10  PA:10001f10
15800917ns          294135 1c008226 08b77753 fsub.s           f14, f14, f11       f14=xxxxxxxx f14:4084b35e f11:4072cc8e
15800938ns          294136 1c00822a 68e776c3 fmadd.s          f13, f14, f14, f13  f13=xxxxxxxx f14:3eb4d170 f14:3eb4d170 f13:41cfa9b6
15800958ns          294137 1c008222 0046270b p.lw             x14, 4(x12!)        x14=4092aa1d x12=10001f18 x12:10001f14  PA:10001f14
15800998ns          294139 1c008226 08b77753 fsub.s           f14, f14, f11       f14=xxxxxxxx f14:4092aa1d f11:4072cc8e
15801018ns          294140 1c00822a 68e776c3 fmadd.s          f13, f14, f14, f13  f13=xxxxxxxx f14:3f4a1eb0 f14:3f4a1eb0 f13:41d0a924
15801038ns          294141 1c008222 0046270b p.lw             x14, 4(x12!)        x14=408d2b3c x12=10001f1c x12:10001f18  PA:10001f18
15801078ns          294143 1c008226 08b77753 fsub.s           f14, f14, f11       f14=xxxxxxxx f14:408d2b3c f11:4072cc8e
15801098ns          294144 1c00822a 68e776c3 fmadd.s          f13, f14, f14, f13  f13=xxxxxxxx f14:3f1e27a8 f14:3f1e27a8 f13:41d5a5c8
15801118ns          294145 1c008222 0046270b p.lw             x14, 4(x12!)        x14=4086d909 x12=10001f20 x12:10001f1c  PA:10001f1c
15801158ns          294147 1c008226 08b77753 fsub.s           f14, f14, f11       f14=xxxxxxxx f14:4086d909 f11:4072cc8e
15801178ns          294148 1c00822a 68e776c3 fmadd.s          f13, f14, f14, f13  f13=xxxxxxxx f14:3ed72c20 f14:3ed72c20 f13:41d8b370
15801198ns          294149 1c008222 0046270b p.lw             x14, 4(x12!)        x14=4077851a x12=10001f24 x12:10001f20  PA:10001f20
15801238ns          294151 1c008226 08b77753 fsub.s           f14, f14, f11       f14=xxxxxxxx f14:4077851a f11:4072cc8e
15801259ns          294152 1c00822a 68e776c3 fmadd.s          f13, f14, f14, f13  f13=xxxxxxxx f14:3d971180 f14:3d971180 f13:41da1d26
15801279ns          294153 1c008222 0046270b p.lw             x14, 4(x12!)        x14=40040d29 x12=10001f28 x12:10001f24  PA:10001f24
15801319ns          294155 1c008226 08b77753 fsub.s           f14, f14, f11       f14=xxxxxxxx f14:40040d29 f11:4072cc8e
15801339ns          294156 1c00822a 68e776c3 fmadd.s          f13, f14, f14, f13  f13=xxxxxxxx f14:bfdd7eca f14:bfdd7eca f13:41da284b
15801359ns          294157 1c008222 0046270b p.lw             x14, 4(x12!)        x14=4090a40d x12=10001f2c x12:10001f28  PA:10001f28
15801399ns          294159 1c008226 08b77753 fsub.s           f14, f14, f11       f14=xxxxxxxx f14:4090a40d f11:4072cc8e
15801419ns          294160 1c00822a 68e776c3 fmadd.s          f13, f14, f14, f13  f13=xxxxxxxx f14:3f39ee30 f14:3f39ee30 f13:41f21cd0
15801439ns          294161 1c008222 0046270b p.lw             x14, 4(x12!)        x14=408e5bb4 x12=10001f30 x12:10001f2c  PA:10001f2c
15801479ns          294163 1c008226 08b77753 fsub.s           f14, f14, f11       f14=xxxxxxxx f14:408e5bb4 f11:4072cc8e
15801499ns          294164 1c00822a 68e776c3 fmadd.s          f13, f14, f14, f13  f13=xxxxxxxx f14:3f27ab68 f14:3f27ab68 f13:41f65521
15801519ns          294165 1c008222 0046270b p.lw             x14, 4(x12!)        x14=40809aaa x12=10001f34 x12:10001f30  PA:10001f30
15801560ns          294167 1c008226 08b77753 fsub.s           f14, f14, f11       f14=xxxxxxxx f14:40809aaa f11:4072cc8e
15801580ns          294168 1c00822a 68e776c3 fmadd.s          f13, f14, f14, f13  f13=xxxxxxxx f14:3e668c60 f14:3e668c60 f13:41f9c3aa
15801600ns          294169 1c008222 0046270b p.lw             x14, 4(x12!)        x14=408ed22f x12=10001f38 x12:10001f34  PA:10001f34
15801640ns          294171 1c008226 08b77753 fsub.s           f14, f14, f11       f14=xxxxxxxx f14:408ed22f f11:4072cc8e
15801660ns          294172 1c00822a 68e776c3 fmadd.s          f13, f14, f14, f13  f13=xxxxxxxx f14:3f2b5f40 f14:3f2b5f40 f13:41fa2b7a
15801680ns          294173 1c008222 0046270b p.lw             x14, 4(x12!)        x14=4086adf2 x12=10001f3c x12:10001f38  PA:10001f38
15801720ns          294175 1c008226 08b77753 fsub.s           f14, f14, f11       f14=xxxxxxxx f14:4086adf2 f11:4072cc8e
15801740ns          294176 1c00822a 68e776c3 fmadd.s          f13, f14, f14, f13  f13=xxxxxxxx f14:3ed47ab0 f14:3ed47ab0 f13:41fdc13d
15801760ns          294177 1c008222 0046270b p.lw             x14, 4(x12!)        x14=403e5b66 x12=10001f40 x12:10001f3c  PA:10001f3c
15801800ns          294179 1c008226 08b77753 fsub.s           f14, f14, f11       f14=xxxxxxxx f14:403e5b66 f11:4072cc8e
15801820ns          294180 1c00822a 68e776c3 fmadd.s          f13, f14, f14, f13  f13=xxxxxxxx f14:bf51c4a0 f14:bf51c4a0 f13:41ff21f4
15801840ns          294181 1c008222 0046270b p.lw             x14, 4(x12!)        x14=40583c8f x12=10001f44 x12:10001f40  PA:10001f40
15801881ns          294183 1c008226 08b77753 fsub.s           f14, f14, f11       f14=xxxxxxxx f14:40583c8f f11:4072cc8e
15801901ns          294184 1c00822a 68e776c3 fmadd.s          f13, f14, f14, f13  f13=xxxxxxxx f14:bed47ff8 f14:bed47ff8 f13:42024085
15801921ns          294185 1c008222 0046270b p.lw             x14, 4(x12!)        x14=408a260a x12=10001f48 x12:10001f44  PA:10001f44
15801961ns          294187 1c008226 08b77753 fsub.s           f14, f14, f11       f14=xxxxxxxx f14:408a260a f11:4072cc8e
15801981ns          294188 1c00822a 68e776c3 fmadd.s          f13, f14, f14, f13  f13=xxxxxxxx f14:3f05fe18 f14:3f05fe18 f13:4202f0e9
15802001ns          294189 1c008222 0046270b p.lw             x14, 4(x12!)        x14=40774958 x12=10001f4c x12:10001f48  PA:10001f48
15802041ns          294191 1c008226 08b77753 fsub.s           f14, f14, f11       f14=xxxxxxxx f14:40774958 f11:4072cc8e
15802061ns          294192 1c00822a 68e776c3 fmadd.s          f13, f14, f14, f13  f13=xxxxxxxx f14:3d8f9940 f14:3d8f9940 f13:42040971
15802081ns          294193 1c008222 0046270b p.lw             x14, 4(x12!)        x14=4067bbdd x12=10001f50 x12:10001f4c  PA:10001f4c
15802121ns          294195 1c008226 08b77753 fsub.s           f14, f14, f11       f14=xxxxxxxx f14:4067bbdd f11:4072cc8e
15802141ns          294196 1c00822a 68e776c3 fmadd.s          f13, f14, f14, f13  f13=xxxxxxxx f14:be310b10 f14:be310b10 f13:42040e7a
15802161ns          294197 1c008222 0046270b p.lw             x14, 4(x12!)        x14=40911b92 x12=10001f54 x12:10001f50  PA:10001f50
15802202ns          294199 1c008226 08b77753 fsub.s           f14, f14, f11       f14=xxxxxxxx f14:40911b92 f11:4072cc8e
15802222ns          294200 1c00822a 68e776c3 fmadd.s          f13, f14, f14, f13  f13=xxxxxxxx f14:3f3daa58 f14:3f3daa58 f13:42042d16
15802242ns          294201 1c008222 0046270b p.lw             x14, 4(x12!)        x14=40713f8f x12=10001f58 x12:10001f54  PA:10001f54
15802282ns          294203 1c008226 08b77753 fsub.s           f14, f14, f11       f14=xxxxxxxx f14:40713f8f f11:4072cc8e
15802302ns          294204 1c00822a 68e776c3 fmadd.s          f13, f14, f14, f13  f13=xxxxxxxx f14:bcc67f80 f14:bcc67f80 f13:42065f2a
15802322ns          294205 1c008222 0046270b p.lw             x14, 4(x12!)        x14=4000783a x12=10001f5c x12:10001f58  PA:10001f58
15802362ns          294207 1c008226 08b77753 fsub.s           f14, f14, f11       f14=xxxxxxxx f14:4000783a f11:4072cc8e
15802382ns          294208 1c00822a 68e776c3 fmadd.s          f13, f14, f14, f13  f13=xxxxxxxx f14:bfe4a8a8 f14:bfe4a8a8 f13:42065fc4
15802402ns          294209 1c008222 0046270b p.lw             x14, 4(x12!)        x14=407c93e9 x12=10001f60 x12:10001f5c  PA:10001f5c
15802442ns          294211 1c008226 08b77753 fsub.s           f14, f14, f11       f14=xxxxxxxx f14:407c93e9 f11:4072cc8e
15802462ns          294212 1c00822a 68e776c3 fmadd.s          f13, f14, f14, f13  f13=xxxxxxxx f14:3e1c75b0 f14:3e1c75b0 f13:42132392
15802483ns          294213 1c008222 0046270b p.lw             x14, 4(x12!)        x14=4082f109 x12=10001f64 x12:10001f60  PA:10001f60
15802523ns          294215 1c008226 08b77753 fsub.s           f14, f14, f11       f14=xxxxxxxx f14:4082f109 f11:4072cc8e
15802543ns          294216 1c00822a 68e776c3 fmadd.s          f13, f14, f14, f13  f13=xxxxxxxx f14:3e98ac20 f14:3e98ac20 f13:42133b7a
15802563ns          294217 1c008222 0046270b p.lw             x14, 4(x12!)        x14=408235cc x12=10001f68 x12:10001f64  PA:10001f64
15802603ns          294219 1c008226 08b77753 fsub.s           f14, f14, f11       f14=xxxxxxxx f14:408235cc f11:4072cc8e
15802623ns          294220 1c00822a 68e776c3 fmadd.s          f13, f14, f14, f13  f13=xxxxxxxx f14:3e8cf850 f14:3e8cf850 f13:42139687
15802643ns          294221 1c008222 0046270b p.lw             x14, 4(x12!)        x14=407b5b11 x12=10001f6c x12:10001f68  PA:10001f68
15802683ns          294223 1c008226 08b77753 fsub.s           f14, f14, f11       f14=xxxxxxxx f14:407b5b11 f11:4072cc8e
15802703ns          294224 1c00822a 68e776c3 fmadd.s          f13, f14, f14, f13  f13=xxxxxxxx f14:3e08e830 f14:3e08e830 f13:4213e428
15802723ns          294225 1c008222 0046270b p.lw             x14, 4(x12!)        x14=4090353e x12=10001f70 x12:10001f6c  PA:10001f6c
15802763ns          294227 1c008226 08b77753 fsub.s           f14, f14, f11       f14=xxxxxxxx f14:4090353e f11:4072cc8e
15802784ns          294228 1c00822a 68e776c3 fmadd.s          f13, f14, f14, f13  f13=xxxxxxxx f14:3f3677b8 f14:3f3677b8 f13:4213f676
15802804ns          294229 1c008222 0046270b p.lw             x14, 4(x12!)        x14=4092b96a x12=10001f74 x12:10001f70  PA:10001f70
15802844ns          294231 1c008226 08b77753 fsub.s           f14, f14, f11       f14=xxxxxxxx f14:4092b96a f11:4072cc8e
15802864ns          294232 1c00822a 68e776c3 fmadd.s          f13, f14, f14, f13  f13=xxxxxxxx f14:3f4a9918 f14:3f4a9918 f13:4215feb0
15802884ns          294233 1c008222 0046270b p.lw             x14, 4(x12!)        x14=408a052e x12=10001f78 x12:10001f74  PA:10001f74
15802924ns          294235 1c008226 08b77753 fsub.s           f14, f14, f11       f14=xxxxxxxx f14:408a052e f11:4072cc8e
15802944ns          294236 1c00822a 68e776c3 fmadd.s          f13, f14, f14, f13  f13=xxxxxxxx f14:3f04f738 f14:3f04f738 f13:42188008
15802964ns          294237 1c008222 0046270b p.lw             x14, 4(x12!)        x14=408a6299 x12=10001f7c x12:10001f78  PA:10001f78
15803004ns          294239 1c008226 08b77753 fsub.s           f14, f14, f11       f14=xxxxxxxx f14:408a6299 f11:4072cc8e
15803024ns          294240 1c00822a 68e776c3 fmadd.s          f13, f14, f14, f13  f13=xxxxxxxx f14:3f07e290 f14:3f07e290 f13:42199448
15803044ns          294241 1c008222 0046270b p.lw             x14, 4(x12!)        x14=407f1482 x12=10001f80 x12:10001f7c  PA:10001f7c
15803084ns          294243 1c008226 08b77753 fsub.s           f14, f14, f11       f14=xxxxxxxx f14:407f1482 f11:4072cc8e
15803105ns          294244 1c00822a 68e776c3 fmadd.s          f13, f14, f14, f13  f13=xxxxxxxx f14:3e447f40 f14:3e447f40 f13:421ab4cb
15803125ns          294245 1c008222 0046270b p.lw             x14, 4(x12!)        x14=406b3c34 x12=10001f84 x12:10001f80  PA:10001f80
15803165ns          294247 1c008226 08b77753 fsub.s           f14, f14, f11       f14=xxxxxxxx f14:406b3c34 f11:4072cc8e
15803185ns          294248 1c00822a 68e776c3 fmadd.s          f13, f14, f14, f13  f13=xxxxxxxx f14:bdf20b40 f14:bdf20b40 f13:421ada80
15803205ns          294249 1c008222 0046270b p.lw             x14, 4(x12!)        x14=4083cd60 x12=10001f88 x12:10001f84  PA:10001f84
15803245ns          294251 1c008226 08b77753 fsub.s           f14, f14, f11       f14=xxxxxxxx f14:4083cd60 f11:4072cc8e
15803265ns          294252 1c00822a 68e776c3 fmadd.s          f13, f14, f14, f13  f13=xxxxxxxx f14:3ea67190 f14:3ea67190 f13:421ae8ce
15803285ns          294253 1c008222 0046270b p.lw             x14, 4(x12!)        x14=4070c078 x12=10001f8c x12:10001f88  PA:10001f88
15803325ns          294255 1c008226 08b77753 fsub.s           f14, f14, f11       f14=xxxxxxxx f14:4070c078 f11:4072cc8e
15803345ns          294256 1c00822a 68e776c3 fmadd.s          f13, f14, f14, f13  f13=xxxxxxxx f14:bd030580 f14:bd030580 f13:421b5505
15803365ns          294257 1c008222 0046270b p.lw             x14, 4(x12!)        x14=40739ab9 x12=10001f90 x12:10001f8c  PA:10001f8c
15803406ns          294259 1c008226 08b77753 fsub.s           f14, f14, f11       f14=xxxxxxxx f14:40739ab9 f11:4072cc8e
15803426ns          294260 1c00822a 68e776c3 fmadd.s          f13, f14, f14, f13  f13=xxxxxxxx f14:3c4e2b00 f14:3c4e2b00 f13:421b5611
15803446ns          294261 1c008222 0046270b p.lw             x14, 4(x12!)        x14=40794732 x12=10001f94 x12:10001f90  PA:10001f90
15803486ns          294263 1c008226 08b77753 fsub.s           f14, f14, f11       f14=xxxxxxxx f14:40794732 f11:4072cc8e
15803506ns          294264 1c00822a 68e776c3 fmadd.s          f13, f14, f14, f13  f13=xxxxxxxx f14:3dcf5480 f14:3dcf5480 f13:421b563b
15803526ns          294265 1c008222 0046270b p.lw             x14, 4(x12!)        x14=4029370a x12=10001f98 x12:10001f94  PA:10001f94
15803566ns          294267 1c008226 08b77753 fsub.s           f14, f14, f11       f14=xxxxxxxx f14:4029370a f11:4072cc8e
15803586ns          294268 1c00822a 68e776c3 fmadd.s          f13, f14, f14, f13  f13=xxxxxxxx f14:bf932b08 f14:bf932b08 f13:421b60ba
15803606ns          294269 1c008222 0046270b p.lw             x14, 4(x12!)        x14=408d2665 x12=10001f9c x12:10001f98  PA:10001f98
15803646ns          294271 1c008226 08b77753 fsub.s           f14, f14, f11       f14=xxxxxxxx f14:408d2665 f11:4072cc8e
15803666ns          294272 1c00822a 68e776c3 fmadd.s          f13, f14, f14, f13  f13=xxxxxxxx f14:3f1e00f0 f14:3f1e00f0 f13:4220aa61
15803686ns          294273 1c008222 0046270b p.lw             x14, 4(x12!)        x14=404e9507 x12=10001fa0 x12:10001f9c  PA:10001f9c
15803727ns          294275 1c008226 08b77753 fsub.s           f14, f14, f11       f14=xxxxxxxx f14:404e9507 f11:4072cc8e
15803747ns          294276 1c00822a 68e776c3 fmadd.s          f13, f14, f14, f13  f13=xxxxxxxx f14:bf10de1c f14:bf10de1c f13:42223076
15803767ns          294277 1c008222 0046270b p.lw             x14, 4(x12!)        x14=408e7720 x12=10001fa4 x12:10001fa0  PA:10001fa0
15803807ns          294279 1c008226 08b77753 fsub.s           f14, f14, f11       f14=xxxxxxxx f14:408e7720 f11:4072cc8e
15803827ns          294280 1c00822a 68e776c3 fmadd.s          f13, f14, f14, f13  f13=xxxxxxxx f14:3f2886c8 f14:3f2886c8 f13:42237861
15803847ns          294281 1c008222 0046270b p.lw             x14, 4(x12!)        x14=4082efd4 x12=10001fa8 x12:10001fa4  PA:10001fa4
15803887ns          294283 1c008226 08b77753 fsub.s           f14, f14, f11       f14=xxxxxxxx f14:4082efd4 f11:4072cc8e
15803907ns          294284 1c00822a 68e776c3 fmadd.s          f13, f14, f14, f13  f13=xxxxxxxx f14:3e9898d0 f14:3e9898d0 f13:42253426
15803927ns          294285 1c008222 0046270b p.lw             x14, 4(x12!)        x14=40919f48 x12=10001fac x12:10001fa8  PA:10001fa8
15803967ns          294287 1c008226 08b77753 fsub.s           f14, f14, f11       f14=xxxxxxxx f14:40919f48 f11:4072cc8e
15803987ns          294288 1c00822a 68e776c3 fmadd.s          f13, f14, f14, f13  f13=xxxxxxxx f14:3f41c808 f14:3f41c808 f13:42258f1c
15804008ns          294289 1c008222 0046270b p.lw             x14, 4(x12!)        x14=40878c6f x12=10001fb0 x12:10001fac  PA:10001fac
15804048ns          294291 1c008226 08b77753 fsub.s           f14, f14, f11       f14=xxxxxxxx f14:40878c6f f11:4072cc8e
15804068ns          294292 1c00822a 68e776c3 fmadd.s          f13, f14, f14, f13  f13=xxxxxxxx f14:3ee26280 f14:3ee26280 f13:4227d9d9
15804088ns          294293 1c008222 0046270b p.lw             x14, 4(x12!)        x14=3f922e1d x12=10001fb4 x12:10001fb0  PA:10001fb0
15804128ns          294295 1c008226 08b77753 fsub.s           f14, f14, f11       f14=xxxxxxxx f14:3f922e1d f11:4072cc8e
15804148ns          294296 1c00822a 68e776c3 fmadd.s          f13, f14, f14, f13  f13=xxxxxxxx f14:c029b580 f14:c029b580 f13:4228a20b
15804168ns          294297 1c008222 0046270b p.lw             x14, 4(x12!)        x14=406a326a x12=10001fb8 x12:10001fb4  PA:10001fb4
15804208ns          294299 1c008226 08b77753 fsub.s           f14, f14, f11       f14=xxxxxxxx f14:406a326a f11:4072cc8e
15804228ns          294300 1c00822a 68e776c3 fmadd.s          f13, f14, f14, f13  f13=xxxxxxxx f14:be09a240 f14:be09a240 f13:4244c254
15804248ns          294301 1c008222 0046270b p.lw             x14, 4(x12!)        x14=40399b35 x12=10001fbc x12:10001fb8  PA:10001fb8
15804288ns          294303 1c008226 08b77753 fsub.s           f14, f14, f11       f14=xxxxxxxx f14:40399b35 f11:4072cc8e
15804308ns          294304 1c00822a 68e776c3 fmadd.s          f13, f14, f14, f13  f13=xxxxxxxx f14:bf64c564 f14:bf64c564 f13:4244d4d4
15804329ns          294305 1c008222 0046270b p.lw             x14, 4(x12!)        x14=4077fb3d x12=10001fc0 x12:10001fbc  PA:10001fbc
15804369ns          294307 1c008226 08b77753 fsub.s           f14, f14, f11       f14=xxxxxxxx f14:4077fb3d f11:4072cc8e
15804389ns          294308 1c00822a 68e776c3 fmadd.s          f13, f14, f14, f13  f13=xxxxxxxx f14:3da5d5e0 f14:3da5d5e0 f13:42480695
15804409ns          294309 1c008222 0046270b p.lw             x14, 4(x12!)        x14=4087b9e4 x12=10001fc4 x12:10001fc0  PA:10001fc0
15804449ns          294311 1c008226 08b77753 fsub.s           f14, f14, f11       f14=xxxxxxxx f14:4087b9e4 f11:4072cc8e
15804469ns          294312 1c00822a 68e776c3 fmadd.s          f13, f14, f14, f13  f13=xxxxxxxx f14:3ee539d0 f14:3ee539d0 f13:42480d4c
15804489ns          294313 1c008222 0046270b p.lw             x14, 4(x12!)        x14=3f985b4b x12=10001fc8 x12:10001fc4  PA:10001fc4
15804529ns          294315 1c008226 08b77753 fsub.s           f14, f14, f11       f14=xxxxxxxx f14:3f985b4b f11:4072cc8e
15804549ns          294316 1c00822a 68e776c3 fmadd.s          f13, f14, f14, f13  f13=xxxxxxxx f14:c0269ee8 f14:c0269ee8 f13:4248da8c
15804569ns          294317 1c008222 0046270b p.lw             x14, 4(x12!)        x14=3f99b679 x12=10001fcc x12:10001fc8  PA:10001fc8
15804609ns          294319 1c008226 08b77753 fsub.s           f14, f14, f11       f14=xxxxxxxx f14:3f99b679 f11:4072cc8e
15804630ns          294320 1c00822a 68e776c3 fmadd.s          f13, f14, f14, f13  f13=xxxxxxxx f14:c025f152 f14:c025f152 f13:4263f72a
15804650ns          294321 1c008222 0046270b p.lw             x14, 4(x12!)        x14=407371f6 x12=10001fd0 x12:10001fcc  PA:10001fcc
15804690ns          294323 1c008226 08b77753 fsub.s           f14, f14, f11       f14=xxxxxxxx f14:407371f6 f11:4072cc8e
15804710ns          294324 1c00822a 68e776c3 fmadd.s          f13, f14, f14, f13  f13=xxxxxxxx f14:3c256800 f14:3c256800 f13:427edb68
15804730ns          294325 1c008222 0046270b p.lw             x14, 4(x12!)        x14=40653310 x12=10001fd4 x12:10001fd0  PA:10001fd0
15804770ns          294327 1c008226 08b77753 fsub.s           f14, f14, f11       f14=xxxxxxxx f14:40653310 f11:4072cc8e
15804790ns          294328 1c00822a 68e776c3 fmadd.s          f13, f14, f14, f13  f13=xxxxxxxx f14:be5997e0 f14:be5997e0 f13:427edb83
15804810ns          294329 1c008222 0046270b p.lw             x14, 4(x12!)        x14=4084b8df x12=10001fd8 x12:10001fd4  PA:10001fd4
15804850ns          294331 1c008226 08b77753 fsub.s           f14, f14, f11       f14=xxxxxxxx f14:4084b8df f11:4072cc8e
15804870ns          294332 1c00822a 68e776c3 fmadd.s          f13, f14, f14, f13  f13=xxxxxxxx f14:3eb52980 f14:3eb52980 f13:427f09c0
15805292ns          294353 1c00822e 00449793 slli             x15, x9, 0x4        x15=00000030  x9:00000003
15805312ns          294354 1c008232 012787b3 add              x15, x15, x18       x15=1c010030 x15:00000030 x18:1c010000
15805332ns          294355 1c008234 6407aa83 lw               x21, 1600(x15)      x21=43bdb050 x15:1c010030  PA:1c010670
15805773ns          294377 1c008238 00249493 slli             x9, x9, 0x2          x9=0000000c  x9:00000003
15805793ns          294378 1c00823a 00148793 addi             x15, x9, 1          x15=0000000d  x9:0000000c
15805833ns          294380 1c00823e 1c000637 lui              x12, 0x1c000000     x12=1c000000
15805874ns          294382 1c008242 a1598753 fle.s            x14, f19, f21       x14=00000001 f19:43bdafcf f21:43bdb050
15805894ns          294383 1c008246 00279793 slli             x15, x15, 0x2       x15=00000034 x15:0000000d
15805914ns          294384 1c008248 02462403 lw               x8, 36(x12)          x8=3c257eb5 x12:1c000000  PA:1c000024
15806375ns          294407 1c00824c 012787b3 add              x15, x15, x18       x15=1c010034 x15:00000034 x18:1c010000
15806395ns          294408 1c00824e 1086f453 fmul.s           f8, f13, f8          f8=xxxxxxxx f13:427f89f4  f8:3c257eb5
15806415ns          294409 1c008252 6407aa03 lw               x20, 1600(x15)      x20=43bdaf58 x15:1c010034  PA:1c010674
15806817ns          294429 1c008256 1c071063 bne              x14, x0, 448        x14:00000001
15807399ns          294458 1c008416 a13a07d3 fle.s            x15, f20, f19       x15=00000001 f20:43bdaf58 f19:43bdafcf
15807419ns          294459 1c00841a 00100693 addi             x13, x0, 1          x13=00000001
15807439ns          294460 1c00841c f80798e3 bne              x15, x0, -112       x15:00000001
15808382ns          294507 1c0083ac 00248793 addi             x15, x9, 2          x15=0000000e  x9:0000000c
15808863ns          294531 1c0083b0 00279793 slli             x15, x15, 0x2       x15=00000038 x15:0000000e
15808883ns          294532 1c0083b2 012787b3 add              x15, x15, x18       x15=1c010038 x15:00000038 x18:1c010000
15808903ns          294533 1c0083b4 6407a983 lw               x19, 1600(x15)      x19=3f2532ca x15:1c010038  PA:1c010678
15809345ns          294555 1c0083b8 00348493 addi             x9, x9, 3            x9=0000000f  x9:0000000c
15809365ns          294556 1c0083ba a1340753 fle.s            x14, f8, f19        x14=00000001  f8:3f253265 f19:3f2532ca
15809405ns          294558 1c0083be 00249793 slli             x15, x9, 0x2        x15=0000003c  x9:0000000f
15809425ns          294559 1c0083c2 00f90933 add              x18, x18, x15       x18=1c01003c x18:1c010000 x15:0000003c
15809445ns          294560 1c0083c4 64092483 lw               x9, 1600(x18)        x9=3f2531f2 x18:1c01003c  PA:1c01067c
15809887ns          294582 1c0083c8 08070963 beq              x14, x0, 146        x14:00000001
15809907ns          294583 1c0083ca a08487d3 fle.s            x15, f9, f8         x15=00000001  f9:3f2531f2  f8:3f253265
15809927ns          294584 1c0083ce 08078663 beq              x15, x0, 140        x15:00000001
15809947ns          294585 1c0083d0 f14025f3 csrrs            x11, x0, 0xf14      x11=00000003
15809967ns          294586 1c0083d4 f455b5b3 p.bclr           x11, x11, 26, 5     x11=00000003 x11:00000003
15809987ns          294587 1c0083d8 1c068d63 beq              x13, x0, 474        x13:00000001
15810007ns          294588 1c0083dc 1c000537 lui              x10, 0x1c000000     x10=1c000000
15810469ns          294611 1c0083e0 0c050513 addi             x10, x10, 192       x10=1c0000c0 x10:1c000000
15810509ns          294613 1c0083e4 1bb000ef jal              x1, 2490             x1=1c0083e8
15810589ns          294617 1c008d9e fc010113 addi             x2, x2, -64          x2=10001e08  x2:10001e48
15810669ns          294621 1c008da0 02410313 addi             x6, x2, 36           x6=10001e2c  x2:10001e08
15810709ns          294623 1c008da4 02c12423 sw               x12, 40(x2)         x12:1c000000  x2:10001e08  PA:10001e30
15810729ns          294624 1c008da6 00a00633 add              x12, x0, x10        x12=1c0000c0 x10:1c0000c0
15810749ns          294625 1c008da8 1c009537 lui              x10, 0x1c009000     x10=1c009000
15810770ns          294626 1c008dac 02b12223 sw               x11, 36(x2)         x11:00000003  x2:10001e08  PA:10001e2c
15810790ns          294627 1c008dae 02d12623 sw               x13, 44(x2)         x13:00000001  x2:10001e08  PA:10001e34
15810810ns          294628 1c008db0 00200593 addi             x11, x0, 2          x11=00000002
15810830ns          294629 1c008db2 006006b3 add              x13, x0, x6         x13=10001e2c  x6:10001e2c
15810850ns          294630 1c008db4 d3250513 addi             x10, x10, -718      x10=1c008d32 x10:1c009000
15810870ns          294631 1c008db8 00112e23 sw               x1, 28(x2)           x1:1c0083e8  x2:10001e08  PA:10001e24
15810890ns          294632 1c008dba 02e12823 sw               x14, 48(x2)         x14:00000001  x2:10001e08  PA:10001e38
15810910ns          294633 1c008dbc 02f12a23 sw               x15, 52(x2)         x15:00000001  x2:10001e08  PA:10001e3c
15810930ns          294634 1c008dbe 03012c23 sw               x16, 56(x2)         x16:xxxxxxxx  x2:10001e08  PA:10001e40
15810950ns          294635 1c008dc0 03112e23 sw               x17, 60(x2)         x17:xxxxxxxx  x2:10001e08  PA:10001e44
15810970ns          294636 1c008dc2 00612623 sw               x6, 12(x2)           x6:10001e2c  x2:10001e08  PA:10001e14
15810990ns          294637 1c008dc4 fbfff0ef jal              x1, -66              x1=1c008dc6
15811071ns          294641 1c008d82 04a0006f jal              x0, 74             
15811111ns          294643 1c008dcc ed010113 addi             x2, x2, -304         x2=10001cd8  x2:10001e08
15811171ns          294646 1c008dce 12812423 sw               x8, 296(x2)          x8:3f253265  x2:10001cd8  PA:10001e00
15811191ns          294647 1c008dd2 00000413 addi             x8, x0, 0            x8=00000000
15811211ns          294648 1c008dd4 11612823 sw               x22, 272(x2)        x22:xxxxxxxx  x2:10001cd8  PA:10001de8
15811231ns          294649 1c008dd8 11712623 sw               x23, 268(x2)        x23:xxxxxxxx  x2:10001cd8  PA:10001de4
15811251ns          294650 1c008ddc 11812423 sw               x24, 264(x2)        x24:xxxxxxxx  x2:10001cd8  PA:10001de0
15811311ns          294653 1c008de0 11912223 sw               x25, 260(x2)        x25:xxxxxxxx  x2:10001cd8  PA:10001ddc
15811351ns          294655 1c008de4 11a12023 sw               x26, 256(x2)        x26:xxxxxxxx  x2:10001cd8  PA:10001dd8
15811371ns          294656 1c008de8 0fb12e23 sw               x27, 252(x2)        x27:xxxxxxxx  x2:10001cd8  PA:10001dd4
15811392ns          294657 1c008dea 12112623 sw               x1, 300(x2)          x1:1c008dc6  x2:10001cd8  PA:10001e04
15811412ns          294658 1c008dee 00800db3 add              x27, x0, x8         x27=00000000  x8:00000000
15811833ns          294679 1c008df0 12912223 sw               x9, 292(x2)          x9:3f2531f2  x2:10001cd8  PA:10001dfc
15811873ns          294681 1c008df4 13212023 sw               x18, 288(x2)        x18:1c01003c  x2:10001cd8  PA:10001df8
15811893ns          294682 1c008df8 11312e23 sw               x19, 284(x2)        x19:3f2532ca  x2:10001cd8  PA:10001df4
15811913ns          294683 1c008dfc 11412c23 sw               x20, 280(x2)        x20:43bdaf58  x2:10001cd8  PA:10001df0
15811973ns          294686 1c008e00 11512a23 sw               x21, 276(x2)        x21:43bdb050  x2:10001cd8  PA:10001dec
15812014ns          294688 1c008e04 00a00b33 add              x22, x0, x10        x22=1c008d32 x10:1c008d32
15812034ns          294689 1c008e06 00b00d33 add              x26, x0, x11        x26=00000002 x11:00000002
15812054ns          294690 1c008e08 00d00c33 add              x24, x0, x13        x24=10001e2c x13:10001e2c
15812074ns          294691 1c008e0a 1c000bb7 lui              x23, 0x1c000000     x23=1c000000
15812515ns          294713 1c008e0e 02410c93 addi             x25, x2, 36         x25=10001cfc  x2:10001cd8
15812535ns          294714 1c008e12 00c00433 add              x8, x0, x12          x8=1c0000c0 x12:1c0000c0
15812555ns          294715 1c008e14 00044503 lbu              x10, 0(x8)          x10=0000006b  x8:1c0000c0  PA:1c0000c0
15812896ns          294732 1c008e18 00140413 addi             x8, x8, 1            x8=1c0000c1  x8:1c0000c0
15812917ns          294733 1c008e1a 00050e63 beq              x10, x0, 28         x10:0000006b
15812937ns          294734 1c008e1c 02500793 addi             x15, x0, 37         x15=00000025
15812957ns          294735 1c008e20 04f50863 beq              x10, x15, 80        x10:0000006b x15:00000025
15812977ns          294736 1c008e24 01a005b3 add              x11, x0, x26        x11=00000002 x26:00000002
15812997ns          294737 1c008e26 000b00e7 jalr             x1, x22, 0           x1=1c008e28 x22:1c008d32
15813137ns          294744 1c008d32 000026b7 lui              x13, 0x2000         x13=00002000
15813177ns          294746 1c008d34 f14027f3 csrrs            x15, x0, 0xf14      x15=00000003
15813197ns          294747 1c008d38 f8068693 addi             x13, x13, -128      x13=00001f80 x13:00002000
15813218ns          294748 1c008d3c 00379713 slli             x14, x15, 0x3       x14=00000018 x15:00000003
15813278ns          294751 1c008d40 00279793 slli             x15, x15, 0x2       x15=0000000c x15:00000003
15813298ns          294752 1c008d42 00d7f7b3 and              x15, x15, x13       x15=00000000 x15:0000000c x13:00001f80
15813318ns          294753 1c008d44 ee873733 p.bclr           x14, x14, 23, 8     x14=00000018 x14:00000018
15813338ns          294754 1c008d48 1a10f6b7 lui              x13, 0x1a10f000     x13=1a10f000
15813358ns          294755 1c008d4c 0ff57513 andi             x10, x10, 255       x10=0000006b x10:0000006b
15813418ns          294758 1c008d50 00d70733 add              x14, x14, x13       x14=1a10f018 x14:00000018 x13:1a10f000
15813458ns          294760 1c008d52 00a7e723 p.sw             x10, x0(x15)        x10:0000006b x15:00000000  PA:1a10f018
15813860ns          294780 1c008d56 00000513 addi             x10, x0, 0          x10=00000000
15813880ns          294781 1c008d58 00008067 jalr             x0, x1, 0            x1:1c008e28
15813920ns          294783 1c008e28 31f52563 p.beqimm         x10, 778            x10:00000000
15813940ns          294784 1c008e2c 001d8d93 addi             x27, x27, 1         x27=00000001 x27:00000000
15813960ns          294785 1c008e2e 00044503 lbu              x10, 0(x8)          x10=00000065  x8:1c0000c1  PA:1c0000c1
15814261ns          294800 1c008e32 00140413 addi             x8, x8, 1            x8=1c0000c2  x8:1c0000c1
15814281ns          294801 1c008e34 fe0514e3 bne              x10, x0, -24        x10:00000065
15814341ns          294804 1c008e1c 02500793 addi             x15, x0, 37         x15=00000025
15814361ns          294805 1c008e20 04f50863 beq              x10, x15, 80        x10:00000065 x15:00000025
15814381ns          294806 1c008e24 01a005b3 add              x11, x0, x26        x11=00000002 x26:00000002
15814401ns          294807 1c008e26 000b00e7 jalr             x1, x22, 0           x1=1c008e28 x22:1c008d32
15814441ns          294809 1c008d32 000026b7 lui              x13, 0x2000         x13=00002000
15814462ns          294810 1c008d34 f14027f3 csrrs            x15, x0, 0xf14      x15=00000003
15814482ns          294811 1c008d38 f8068693 addi             x13, x13, -128      x13=00001f80 x13:00002000
15814502ns          294812 1c008d3c 00379713 slli             x14, x15, 0x3       x14=00000018 x15:00000003
15814522ns          294813 1c008d40 00279793 slli             x15, x15, 0x2       x15=0000000c x15:00000003
15814542ns          294814 1c008d42 00d7f7b3 and              x15, x15, x13       x15=00000000 x15:0000000c x13:00001f80
15814562ns          294815 1c008d44 ee873733 p.bclr           x14, x14, 23, 8     x14=00000018 x14:00000018
15814582ns          294816 1c008d48 1a10f6b7 lui              x13, 0x1a10f000     x13=1a10f000
15814602ns          294817 1c008d4c 0ff57513 andi             x10, x10, 255       x10=00000065 x10:00000065
15814622ns          294818 1c008d50 00d70733 add              x14, x14, x13       x14=1a10f018 x14:00000018 x13:1a10f000
15814642ns          294819 1c008d52 00a7e723 p.sw             x10, x0(x15)        x10:00000065 x15:00000000  PA:1a10f018
15814963ns          294835 1c008d56 00000513 addi             x10, x0, 0          x10=00000000
15814983ns          294836 1c008d58 00008067 jalr             x0, x1, 0            x1:1c008e28
15815023ns          294838 1c008e28 31f52563 p.beqimm         x10, 778            x10:00000000
15815043ns          294839 1c008e2c 001d8d93 addi             x27, x27, 1         x27=00000002 x27:00000001
15815064ns          294840 1c008e2e 00044503 lbu              x10, 0(x8)          x10=00000072  x8:1c0000c2  PA:1c0000c2
15815364ns          294855 1c008e32 00140413 addi             x8, x8, 1            x8=1c0000c3  x8:1c0000c2
15815385ns          294856 1c008e34 fe0514e3 bne              x10, x0, -24        x10:00000072
15815445ns          294859 1c008e1c 02500793 addi             x15, x0, 37         x15=00000025
15815465ns          294860 1c008e20 04f50863 beq              x10, x15, 80        x10:00000072 x15:00000025
15815485ns          294861 1c008e24 01a005b3 add              x11, x0, x26        x11=00000002 x26:00000002
15815505ns          294862 1c008e26 000b00e7 jalr             x1, x22, 0           x1=1c008e28 x22:1c008d32
15815545ns          294864 1c008d32 000026b7 lui              x13, 0x2000         x13=00002000
15815565ns          294865 1c008d34 f14027f3 csrrs            x15, x0, 0xf14      x15=00000003
15815585ns          294866 1c008d38 f8068693 addi             x13, x13, -128      x13=00001f80 x13:00002000
15815605ns          294867 1c008d3c 00379713 slli             x14, x15, 0x3       x14=00000018 x15:00000003
15815625ns          294868 1c008d40 00279793 slli             x15, x15, 0x2       x15=0000000c x15:00000003
15815645ns          294869 1c008d42 00d7f7b3 and              x15, x15, x13       x15=00000000 x15:0000000c x13:00001f80
15815665ns          294870 1c008d44 ee873733 p.bclr           x14, x14, 23, 8     x14=00000018 x14:00000018
15815686ns          294871 1c008d48 1a10f6b7 lui              x13, 0x1a10f000     x13=1a10f000
15815706ns          294872 1c008d4c 0ff57513 andi             x10, x10, 255       x10=00000072 x10:00000072
15815726ns          294873 1c008d50 00d70733 add              x14, x14, x13       x14=1a10f018 x14:00000018 x13:1a10f000
15815746ns          294874 1c008d52 00a7e723 p.sw             x10, x0(x15)        x10:00000072 x15:00000000  PA:1a10f018
15816067ns          294890 1c008d56 00000513 addi             x10, x0, 0          x10=00000000
15816087ns          294891 1c008d58 00008067 jalr             x0, x1, 0            x1:1c008e28
15816127ns          294893 1c008e28 31f52563 p.beqimm         x10, 778            x10:00000000
15816147ns          294894 1c008e2c 001d8d93 addi             x27, x27, 1         x27=00000003 x27:00000002
15816167ns          294895 1c008e2e 00044503 lbu              x10, 0(x8)          x10=0000006e  x8:1c0000c3  PA:1c0000c3
15816468ns          294910 1c008e32 00140413 addi             x8, x8, 1            x8=1c0000c4  x8:1c0000c3
15816488ns          294911 1c008e34 fe0514e3 bne              x10, x0, -24        x10:0000006e
15816548ns          294914 1c008e1c 02500793 addi             x15, x0, 37         x15=00000025
15816568ns          294915 1c008e20 04f50863 beq              x10, x15, 80        x10:0000006e x15:00000025
15816588ns          294916 1c008e24 01a005b3 add              x11, x0, x26        x11=00000002 x26:00000002
15816609ns          294917 1c008e26 000b00e7 jalr             x1, x22, 0           x1=1c008e28 x22:1c008d32
15816649ns          294919 1c008d32 000026b7 lui              x13, 0x2000         x13=00002000
15816669ns          294920 1c008d34 f14027f3 csrrs            x15, x0, 0xf14      x15=00000003
15816689ns          294921 1c008d38 f8068693 addi             x13, x13, -128      x13=00001f80 x13:00002000
15816709ns          294922 1c008d3c 00379713 slli             x14, x15, 0x3       x14=00000018 x15:00000003
15816729ns          294923 1c008d40 00279793 slli             x15, x15, 0x2       x15=0000000c x15:00000003
15816749ns          294924 1c008d42 00d7f7b3 and              x15, x15, x13       x15=00000000 x15:0000000c x13:00001f80
15816769ns          294925 1c008d44 ee873733 p.bclr           x14, x14, 23, 8     x14=00000018 x14:00000018
15816789ns          294926 1c008d48 1a10f6b7 lui              x13, 0x1a10f000     x13=1a10f000
15816809ns          294927 1c008d4c 0ff57513 andi             x10, x10, 255       x10=0000006e x10:0000006e
15816829ns          294928 1c008d50 00d70733 add              x14, x14, x13       x14=1a10f018 x14:00000018 x13:1a10f000
15816849ns          294929 1c008d52 00a7e723 p.sw             x10, x0(x15)        x10:0000006e x15:00000000  PA:1a10f018
15817170ns          294945 1c008d56 00000513 addi             x10, x0, 0          x10=00000000
15817190ns          294946 1c008d58 00008067 jalr             x0, x1, 0            x1:1c008e28
15817231ns          294948 1c008e28 31f52563 p.beqimm         x10, 778            x10:00000000
15817251ns          294949 1c008e2c 001d8d93 addi             x27, x27, 1         x27=00000004 x27:00000003
15817271ns          294950 1c008e2e 00044503 lbu              x10, 0(x8)          x10=00000065  x8:1c0000c4  PA:1c0000c4
15817572ns          294965 1c008e32 00140413 addi             x8, x8, 1            x8=1c0000c5  x8:1c0000c4
15817592ns          294966 1c008e34 fe0514e3 bne              x10, x0, -24        x10:00000065
15817652ns          294969 1c008e1c 02500793 addi             x15, x0, 37         x15=00000025
15817672ns          294970 1c008e20 04f50863 beq              x10, x15, 80        x10:00000065 x15:00000025
15817692ns          294971 1c008e24 01a005b3 add              x11, x0, x26        x11=00000002 x26:00000002
15817712ns          294972 1c008e26 000b00e7 jalr             x1, x22, 0           x1=1c008e28 x22:1c008d32
15817752ns          294974 1c008d32 000026b7 lui              x13, 0x2000         x13=00002000
15817772ns          294975 1c008d34 f14027f3 csrrs            x15, x0, 0xf14      x15=00000003
15817792ns          294976 1c008d38 f8068693 addi             x13, x13, -128      x13=00001f80 x13:00002000
15817812ns          294977 1c008d3c 00379713 slli             x14, x15, 0x3       x14=00000018 x15:00000003
15817833ns          294978 1c008d40 00279793 slli             x15, x15, 0x2       x15=0000000c x15:00000003
15817853ns          294979 1c008d42 00d7f7b3 and              x15, x15, x13       x15=00000000 x15:0000000c x13:00001f80
15817873ns          294980 1c008d44 ee873733 p.bclr           x14, x14, 23, 8     x14=00000018 x14:00000018
15817893ns          294981 1c008d48 1a10f6b7 lui              x13, 0x1a10f000     x13=1a10f000
15817913ns          294982 1c008d4c 0ff57513 andi             x10, x10, 255       x10=00000065 x10:00000065
15817933ns          294983 1c008d50 00d70733 add              x14, x14, x13       x14=1a10f018 x14:00000018 x13:1a10f000
15817953ns          294984 1c008d52 00a7e723 p.sw             x10, x0(x15)        x10:00000065 x15:00000000  PA:1a10f018
15818294ns          295001 1c008d56 00000513 addi             x10, x0, 0          x10=00000000
15818314ns          295002 1c008d58 00008067 jalr             x0, x1, 0            x1:1c008e28
15818354ns          295004 1c008e28 31f52563 p.beqimm         x10, 778            x10:00000000
15818374ns          295005 1c008e2c 001d8d93 addi             x27, x27, 1         x27=00000005 x27:00000004
15818394ns          295006 1c008e2e 00044503 lbu              x10, 0(x8)          x10=0000006c  x8:1c0000c5  PA:1c0000c5
15818695ns          295021 1c008e32 00140413 addi             x8, x8, 1            x8=1c0000c6  x8:1c0000c5
15818715ns          295022 1c008e34 fe0514e3 bne              x10, x0, -24        x10:0000006c
15818776ns          295025 1c008e1c 02500793 addi             x15, x0, 37         x15=00000025
15818796ns          295026 1c008e20 04f50863 beq              x10, x15, 80        x10:0000006c x15:00000025
15818816ns          295027 1c008e24 01a005b3 add              x11, x0, x26        x11=00000002 x26:00000002
15818836ns          295028 1c008e26 000b00e7 jalr             x1, x22, 0           x1=1c008e28 x22:1c008d32
15818876ns          295030 1c008d32 000026b7 lui              x13, 0x2000         x13=00002000
15818896ns          295031 1c008d34 f14027f3 csrrs            x15, x0, 0xf14      x15=00000003
15818916ns          295032 1c008d38 f8068693 addi             x13, x13, -128      x13=00001f80 x13:00002000
15818936ns          295033 1c008d3c 00379713 slli             x14, x15, 0x3       x14=00000018 x15:00000003
15818956ns          295034 1c008d40 00279793 slli             x15, x15, 0x2       x15=0000000c x15:00000003
15818976ns          295035 1c008d42 00d7f7b3 and              x15, x15, x13       x15=00000000 x15:0000000c x13:00001f80
15818996ns          295036 1c008d44 ee873733 p.bclr           x14, x14, 23, 8     x14=00000018 x14:00000018
15819016ns          295037 1c008d48 1a10f6b7 lui              x13, 0x1a10f000     x13=1a10f000
15819036ns          295038 1c008d4c 0ff57513 andi             x10, x10, 255       x10=0000006c x10:0000006c
15819057ns          295039 1c008d50 00d70733 add              x14, x14, x13       x14=1a10f018 x14:00000018 x13:1a10f000
15819077ns          295040 1c008d52 00a7e723 p.sw             x10, x0(x15)        x10:0000006c x15:00000000  PA:1a10f018
15819398ns          295056 1c008d56 00000513 addi             x10, x0, 0          x10=00000000
15819418ns          295057 1c008d58 00008067 jalr             x0, x1, 0            x1:1c008e28
15819458ns          295059 1c008e28 31f52563 p.beqimm         x10, 778            x10:00000000
15819478ns          295060 1c008e2c 001d8d93 addi             x27, x27, 1         x27=00000006 x27:00000005
15819498ns          295061 1c008e2e 00044503 lbu              x10, 0(x8)          x10=00000020  x8:1c0000c6  PA:1c0000c6
15819799ns          295076 1c008e32 00140413 addi             x8, x8, 1            x8=1c0000c7  x8:1c0000c6
15819819ns          295077 1c008e34 fe0514e3 bne              x10, x0, -24        x10:00000020
15819879ns          295080 1c008e1c 02500793 addi             x15, x0, 37         x15=00000025
15819899ns          295081 1c008e20 04f50863 beq              x10, x15, 80        x10:00000020 x15:00000025
15819919ns          295082 1c008e24 01a005b3 add              x11, x0, x26        x11=00000002 x26:00000002
15819939ns          295083 1c008e26 000b00e7 jalr             x1, x22, 0           x1=1c008e28 x22:1c008d32
15819980ns          295085 1c008d32 000026b7 lui              x13, 0x2000         x13=00002000
15820000ns          295086 1c008d34 f14027f3 csrrs            x15, x0, 0xf14      x15=00000003
15820020ns          295087 1c008d38 f8068693 addi             x13, x13, -128      x13=00001f80 x13:00002000
15820040ns          295088 1c008d3c 00379713 slli             x14, x15, 0x3       x14=00000018 x15:00000003
15820060ns          295089 1c008d40 00279793 slli             x15, x15, 0x2       x15=0000000c x15:00000003
15820080ns          295090 1c008d42 00d7f7b3 and              x15, x15, x13       x15=00000000 x15:0000000c x13:00001f80
15820100ns          295091 1c008d44 ee873733 p.bclr           x14, x14, 23, 8     x14=00000018 x14:00000018
15820120ns          295092 1c008d48 1a10f6b7 lui              x13, 0x1a10f000     x13=1a10f000
15820140ns          295093 1c008d4c 0ff57513 andi             x10, x10, 255       x10=00000020 x10:00000020
15820160ns          295094 1c008d50 00d70733 add              x14, x14, x13       x14=1a10f018 x14:00000018 x13:1a10f000
15820180ns          295095 1c008d52 00a7e723 p.sw             x10, x0(x15)        x10:00000020 x15:00000000  PA:1a10f018
15820501ns          295111 1c008d56 00000513 addi             x10, x0, 0          x10=00000000
15820521ns          295112 1c008d58 00008067 jalr             x0, x1, 0            x1:1c008e28
15820561ns          295114 1c008e28 31f52563 p.beqimm         x10, 778            x10:00000000
15820581ns          295115 1c008e2c 001d8d93 addi             x27, x27, 1         x27=00000007 x27:00000006
15820602ns          295116 1c008e2e 00044503 lbu              x10, 0(x8)          x10=00000070  x8:1c0000c7  PA:1c0000c7
15820903ns          295131 1c008e32 00140413 addi             x8, x8, 1            x8=1c0000c8  x8:1c0000c7
15820923ns          295132 1c008e34 fe0514e3 bne              x10, x0, -24        x10:00000070
15820983ns          295135 1c008e1c 02500793 addi             x15, x0, 37         x15=00000025
15821003ns          295136 1c008e20 04f50863 beq              x10, x15, 80        x10:00000070 x15:00000025
15821023ns          295137 1c008e24 01a005b3 add              x11, x0, x26        x11=00000002 x26:00000002
15821043ns          295138 1c008e26 000b00e7 jalr             x1, x22, 0           x1=1c008e28 x22:1c008d32
15821083ns          295140 1c008d32 000026b7 lui              x13, 0x2000         x13=00002000
15821103ns          295141 1c008d34 f14027f3 csrrs            x15, x0, 0xf14      x15=00000003
15821123ns          295142 1c008d38 f8068693 addi             x13, x13, -128      x13=00001f80 x13:00002000
15821143ns          295143 1c008d3c 00379713 slli             x14, x15, 0x3       x14=00000018 x15:00000003
15821163ns          295144 1c008d40 00279793 slli             x15, x15, 0x2       x15=0000000c x15:00000003
15821183ns          295145 1c008d42 00d7f7b3 and              x15, x15, x13       x15=00000000 x15:0000000c x13:00001f80
15821204ns          295146 1c008d44 ee873733 p.bclr           x14, x14, 23, 8     x14=00000018 x14:00000018
15821224ns          295147 1c008d48 1a10f6b7 lui              x13, 0x1a10f000     x13=1a10f000
15821244ns          295148 1c008d4c 0ff57513 andi             x10, x10, 255       x10=00000070 x10:00000070
15821264ns          295149 1c008d50 00d70733 add              x14, x14, x13       x14=1a10f018 x14:00000018 x13:1a10f000
15821284ns          295150 1c008d52 00a7e723 p.sw             x10, x0(x15)        x10:00000070 x15:00000000  PA:1a10f018
15821605ns          295166 1c008d56 00000513 addi             x10, x0, 0          x10=00000000
15821625ns          295167 1c008d58 00008067 jalr             x0, x1, 0            x1:1c008e28
15821665ns          295169 1c008e28 31f52563 p.beqimm         x10, 778            x10:00000000
15821685ns          295170 1c008e2c 001d8d93 addi             x27, x27, 1         x27=00000008 x27:00000007
15821705ns          295171 1c008e2e 00044503 lbu              x10, 0(x8)          x10=00000061  x8:1c0000c8  PA:1c0000c8
15822006ns          295186 1c008e32 00140413 addi             x8, x8, 1            x8=1c0000c9  x8:1c0000c8
15822026ns          295187 1c008e34 fe0514e3 bne              x10, x0, -24        x10:00000061
15822086ns          295190 1c008e1c 02500793 addi             x15, x0, 37         x15=00000025
15822106ns          295191 1c008e20 04f50863 beq              x10, x15, 80        x10:00000061 x15:00000025
15822127ns          295192 1c008e24 01a005b3 add              x11, x0, x26        x11=00000002 x26:00000002
15822147ns          295193 1c008e26 000b00e7 jalr             x1, x22, 0           x1=1c008e28 x22:1c008d32
15822187ns          295195 1c008d32 000026b7 lui              x13, 0x2000         x13=00002000
15822207ns          295196 1c008d34 f14027f3 csrrs            x15, x0, 0xf14      x15=00000003
15822227ns          295197 1c008d38 f8068693 addi             x13, x13, -128      x13=00001f80 x13:00002000
15822247ns          295198 1c008d3c 00379713 slli             x14, x15, 0x3       x14=00000018 x15:00000003
15822267ns          295199 1c008d40 00279793 slli             x15, x15, 0x2       x15=0000000c x15:00000003
15822287ns          295200 1c008d42 00d7f7b3 and              x15, x15, x13       x15=00000000 x15:0000000c x13:00001f80
15822307ns          295201 1c008d44 ee873733 p.bclr           x14, x14, 23, 8     x14=00000018 x14:00000018
15822327ns          295202 1c008d48 1a10f6b7 lui              x13, 0x1a10f000     x13=1a10f000
15822347ns          295203 1c008d4c 0ff57513 andi             x10, x10, 255       x10=00000061 x10:00000061
15822367ns          295204 1c008d50 00d70733 add              x14, x14, x13       x14=1a10f018 x14:00000018 x13:1a10f000
15822387ns          295205 1c008d52 00a7e723 p.sw             x10, x0(x15)        x10:00000061 x15:00000000  PA:1a10f018
15822708ns          295221 1c008d56 00000513 addi             x10, x0, 0          x10=00000000
15822728ns          295222 1c008d58 00008067 jalr             x0, x1, 0            x1:1c008e28
15822769ns          295224 1c008e28 31f52563 p.beqimm         x10, 778            x10:00000000
15822789ns          295225 1c008e2c 001d8d93 addi             x27, x27, 1         x27=00000009 x27:00000008
15822809ns          295226 1c008e2e 00044503 lbu              x10, 0(x8)          x10=00000073  x8:1c0000c9  PA:1c0000c9
15823110ns          295241 1c008e32 00140413 addi             x8, x8, 1            x8=1c0000ca  x8:1c0000c9
15823130ns          295242 1c008e34 fe0514e3 bne              x10, x0, -24        x10:00000073
15823190ns          295245 1c008e1c 02500793 addi             x15, x0, 37         x15=00000025
15823210ns          295246 1c008e20 04f50863 beq              x10, x15, 80        x10:00000073 x15:00000025
15823230ns          295247 1c008e24 01a005b3 add              x11, x0, x26        x11=00000002 x26:00000002
15823250ns          295248 1c008e26 000b00e7 jalr             x1, x22, 0           x1=1c008e28 x22:1c008d32
15823290ns          295250 1c008d32 000026b7 lui              x13, 0x2000         x13=00002000
15823310ns          295251 1c008d34 f14027f3 csrrs            x15, x0, 0xf14      x15=00000003
15823330ns          295252 1c008d38 f8068693 addi             x13, x13, -128      x13=00001f80 x13:00002000
15823351ns          295253 1c008d3c 00379713 slli             x14, x15, 0x3       x14=00000018 x15:00000003
15823371ns          295254 1c008d40 00279793 slli             x15, x15, 0x2       x15=0000000c x15:00000003
15823391ns          295255 1c008d42 00d7f7b3 and              x15, x15, x13       x15=00000000 x15:0000000c x13:00001f80
15823411ns          295256 1c008d44 ee873733 p.bclr           x14, x14, 23, 8     x14=00000018 x14:00000018
15823431ns          295257 1c008d48 1a10f6b7 lui              x13, 0x1a10f000     x13=1a10f000
15823451ns          295258 1c008d4c 0ff57513 andi             x10, x10, 255       x10=00000073 x10:00000073
15823471ns          295259 1c008d50 00d70733 add              x14, x14, x13       x14=1a10f018 x14:00000018 x13:1a10f000
15823491ns          295260 1c008d52 00a7e723 p.sw             x10, x0(x15)        x10:00000073 x15:00000000  PA:1a10f018
15823812ns          295276 1c008d56 00000513 addi             x10, x0, 0          x10=00000000
15823832ns          295277 1c008d58 00008067 jalr             x0, x1, 0            x1:1c008e28
15823872ns          295279 1c008e28 31f52563 p.beqimm         x10, 778            x10:00000000
15823892ns          295280 1c008e2c 001d8d93 addi             x27, x27, 1         x27=0000000a x27:00000009
15823912ns          295281 1c008e2e 00044503 lbu              x10, 0(x8)          x10=00000073  x8:1c0000ca  PA:1c0000ca
15824213ns          295296 1c008e32 00140413 addi             x8, x8, 1            x8=1c0000cb  x8:1c0000ca
15824233ns          295297 1c008e34 fe0514e3 bne              x10, x0, -24        x10:00000073
15824294ns          295300 1c008e1c 02500793 addi             x15, x0, 37         x15=00000025
15824314ns          295301 1c008e20 04f50863 beq              x10, x15, 80        x10:00000073 x15:00000025
15824334ns          295302 1c008e24 01a005b3 add              x11, x0, x26        x11=00000002 x26:00000002
15824354ns          295303 1c008e26 000b00e7 jalr             x1, x22, 0           x1=1c008e28 x22:1c008d32
15824394ns          295305 1c008d32 000026b7 lui              x13, 0x2000         x13=00002000
15824414ns          295306 1c008d34 f14027f3 csrrs            x15, x0, 0xf14      x15=00000003
15824434ns          295307 1c008d38 f8068693 addi             x13, x13, -128      x13=00001f80 x13:00002000
15824454ns          295308 1c008d3c 00379713 slli             x14, x15, 0x3       x14=00000018 x15:00000003
15824474ns          295309 1c008d40 00279793 slli             x15, x15, 0x2       x15=0000000c x15:00000003
15824494ns          295310 1c008d42 00d7f7b3 and              x15, x15, x13       x15=00000000 x15:0000000c x13:00001f80
15824514ns          295311 1c008d44 ee873733 p.bclr           x14, x14, 23, 8     x14=00000018 x14:00000018
15824534ns          295312 1c008d48 1a10f6b7 lui              x13, 0x1a10f000     x13=1a10f000
15824554ns          295313 1c008d4c 0ff57513 andi             x10, x10, 255       x10=00000073 x10:00000073
15824574ns          295314 1c008d50 00d70733 add              x14, x14, x13       x14=1a10f018 x14:00000018 x13:1a10f000
15824595ns          295315 1c008d52 00a7e723 p.sw             x10, x0(x15)        x10:00000073 x15:00000000  PA:1a10f018
15824916ns          295331 1c008d56 00000513 addi             x10, x0, 0          x10=00000000
15824936ns          295332 1c008d58 00008067 jalr             x0, x1, 0            x1:1c008e28
15824976ns          295334 1c008e28 31f52563 p.beqimm         x10, 778            x10:00000000
15824996ns          295335 1c008e2c 001d8d93 addi             x27, x27, 1         x27=0000000b x27:0000000a
15825016ns          295336 1c008e2e 00044503 lbu              x10, 0(x8)          x10=00000065  x8:1c0000cb  PA:1c0000cb
15825317ns          295351 1c008e32 00140413 addi             x8, x8, 1            x8=1c0000cc  x8:1c0000cb
15825337ns          295352 1c008e34 fe0514e3 bne              x10, x0, -24        x10:00000065
15825397ns          295355 1c008e1c 02500793 addi             x15, x0, 37         x15=00000025
15825417ns          295356 1c008e20 04f50863 beq              x10, x15, 80        x10:00000065 x15:00000025
15825437ns          295357 1c008e24 01a005b3 add              x11, x0, x26        x11=00000002 x26:00000002
15825457ns          295358 1c008e26 000b00e7 jalr             x1, x22, 0           x1=1c008e28 x22:1c008d32
15825498ns          295360 1c008d32 000026b7 lui              x13, 0x2000         x13=00002000
15825518ns          295361 1c008d34 f14027f3 csrrs            x15, x0, 0xf14      x15=00000003
15825538ns          295362 1c008d38 f8068693 addi             x13, x13, -128      x13=00001f80 x13:00002000
15825558ns          295363 1c008d3c 00379713 slli             x14, x15, 0x3       x14=00000018 x15:00000003
15825578ns          295364 1c008d40 00279793 slli             x15, x15, 0x2       x15=0000000c x15:00000003
15825598ns          295365 1c008d42 00d7f7b3 and              x15, x15, x13       x15=00000000 x15:0000000c x13:00001f80
15825618ns          295366 1c008d44 ee873733 p.bclr           x14, x14, 23, 8     x14=00000018 x14:00000018
15825638ns          295367 1c008d48 1a10f6b7 lui              x13, 0x1a10f000     x13=1a10f000
15825658ns          295368 1c008d4c 0ff57513 andi             x10, x10, 255       x10=00000065 x10:00000065
15825678ns          295369 1c008d50 00d70733 add              x14, x14, x13       x14=1a10f018 x14:00000018 x13:1a10f000
15825698ns          295370 1c008d52 00a7e723 p.sw             x10, x0(x15)        x10:00000065 x15:00000000  PA:1a10f018
15826039ns          295387 1c008d56 00000513 addi             x10, x0, 0          x10=00000000
15826059ns          295388 1c008d58 00008067 jalr             x0, x1, 0            x1:1c008e28
15826099ns          295390 1c008e28 31f52563 p.beqimm         x10, 778            x10:00000000
15826120ns          295391 1c008e2c 001d8d93 addi             x27, x27, 1         x27=0000000c x27:0000000b
15826140ns          295392 1c008e2e 00044503 lbu              x10, 0(x8)          x10=00000064  x8:1c0000cc  PA:1c0000cc
15826441ns          295407 1c008e32 00140413 addi             x8, x8, 1            x8=1c0000cd  x8:1c0000cc
15826461ns          295408 1c008e34 fe0514e3 bne              x10, x0, -24        x10:00000064
15826521ns          295411 1c008e1c 02500793 addi             x15, x0, 37         x15=00000025
15826541ns          295412 1c008e20 04f50863 beq              x10, x15, 80        x10:00000064 x15:00000025
15826561ns          295413 1c008e24 01a005b3 add              x11, x0, x26        x11=00000002 x26:00000002
15826581ns          295414 1c008e26 000b00e7 jalr             x1, x22, 0           x1=1c008e28 x22:1c008d32
15826621ns          295416 1c008d32 000026b7 lui              x13, 0x2000         x13=00002000
15826641ns          295417 1c008d34 f14027f3 csrrs            x15, x0, 0xf14      x15=00000003
15826661ns          295418 1c008d38 f8068693 addi             x13, x13, -128      x13=00001f80 x13:00002000
15826681ns          295419 1c008d3c 00379713 slli             x14, x15, 0x3       x14=00000018 x15:00000003
15826701ns          295420 1c008d40 00279793 slli             x15, x15, 0x2       x15=0000000c x15:00000003
15826721ns          295421 1c008d42 00d7f7b3 and              x15, x15, x13       x15=00000000 x15:0000000c x13:00001f80
15826742ns          295422 1c008d44 ee873733 p.bclr           x14, x14, 23, 8     x14=00000018 x14:00000018
15826762ns          295423 1c008d48 1a10f6b7 lui              x13, 0x1a10f000     x13=1a10f000
15826782ns          295424 1c008d4c 0ff57513 andi             x10, x10, 255       x10=00000064 x10:00000064
15826802ns          295425 1c008d50 00d70733 add              x14, x14, x13       x14=1a10f018 x14:00000018 x13:1a10f000
15826822ns          295426 1c008d52 00a7e723 p.sw             x10, x0(x15)        x10:00000064 x15:00000000  PA:1a10f018
15827163ns          295443 1c008d56 00000513 addi             x10, x0, 0          x10=00000000
15827183ns          295444 1c008d58 00008067 jalr             x0, x1, 0            x1:1c008e28
15827223ns          295446 1c008e28 31f52563 p.beqimm         x10, 778            x10:00000000
15827243ns          295447 1c008e2c 001d8d93 addi             x27, x27, 1         x27=0000000d x27:0000000c
15827263ns          295448 1c008e2e 00044503 lbu              x10, 0(x8)          x10=00000020  x8:1c0000cd  PA:1c0000cd
15827564ns          295463 1c008e32 00140413 addi             x8, x8, 1            x8=1c0000ce  x8:1c0000cd
15827584ns          295464 1c008e34 fe0514e3 bne              x10, x0, -24        x10:00000020
15827644ns          295467 1c008e1c 02500793 addi             x15, x0, 37         x15=00000025
15827665ns          295468 1c008e20 04f50863 beq              x10, x15, 80        x10:00000020 x15:00000025
15827685ns          295469 1c008e24 01a005b3 add              x11, x0, x26        x11=00000002 x26:00000002
15827705ns          295470 1c008e26 000b00e7 jalr             x1, x22, 0           x1=1c008e28 x22:1c008d32
15827745ns          295472 1c008d32 000026b7 lui              x13, 0x2000         x13=00002000
15827765ns          295473 1c008d34 f14027f3 csrrs            x15, x0, 0xf14      x15=00000003
15827785ns          295474 1c008d38 f8068693 addi             x13, x13, -128      x13=00001f80 x13:00002000
15827805ns          295475 1c008d3c 00379713 slli             x14, x15, 0x3       x14=00000018 x15:00000003
15827825ns          295476 1c008d40 00279793 slli             x15, x15, 0x2       x15=0000000c x15:00000003
15827845ns          295477 1c008d42 00d7f7b3 and              x15, x15, x13       x15=00000000 x15:0000000c x13:00001f80
15827865ns          295478 1c008d44 ee873733 p.bclr           x14, x14, 23, 8     x14=00000018 x14:00000018
15827885ns          295479 1c008d48 1a10f6b7 lui              x13, 0x1a10f000     x13=1a10f000
15827905ns          295480 1c008d4c 0ff57513 andi             x10, x10, 255       x10=00000020 x10:00000020
15827925ns          295481 1c008d50 00d70733 add              x14, x14, x13       x14=1a10f018 x14:00000018 x13:1a10f000
15827945ns          295482 1c008d52 00a7e723 p.sw             x10, x0(x15)        x10:00000020 x15:00000000  PA:1a10f018
15828287ns          295499 1c008d56 00000513 addi             x10, x0, 0          x10=00000000
15828307ns          295500 1c008d58 00008067 jalr             x0, x1, 0            x1:1c008e28
15828347ns          295502 1c008e28 31f52563 p.beqimm         x10, 778            x10:00000000
15828367ns          295503 1c008e2c 001d8d93 addi             x27, x27, 1         x27=0000000e x27:0000000d
15828387ns          295504 1c008e2e 00044503 lbu              x10, 0(x8)          x10=0000006f  x8:1c0000ce  PA:1c0000ce
15828688ns          295519 1c008e32 00140413 addi             x8, x8, 1            x8=1c0000cf  x8:1c0000ce
15828708ns          295520 1c008e34 fe0514e3 bne              x10, x0, -24        x10:0000006f
15828768ns          295523 1c008e1c 02500793 addi             x15, x0, 37         x15=00000025
15828788ns          295524 1c008e20 04f50863 beq              x10, x15, 80        x10:0000006f x15:00000025
15828808ns          295525 1c008e24 01a005b3 add              x11, x0, x26        x11=00000002 x26:00000002
15828828ns          295526 1c008e26 000b00e7 jalr             x1, x22, 0           x1=1c008e28 x22:1c008d32
15828868ns          295528 1c008d32 000026b7 lui              x13, 0x2000         x13=00002000
15828889ns          295529 1c008d34 f14027f3 csrrs            x15, x0, 0xf14      x15=00000003
15828909ns          295530 1c008d38 f8068693 addi             x13, x13, -128      x13=00001f80 x13:00002000
15828929ns          295531 1c008d3c 00379713 slli             x14, x15, 0x3       x14=00000018 x15:00000003
15828949ns          295532 1c008d40 00279793 slli             x15, x15, 0x2       x15=0000000c x15:00000003
15828969ns          295533 1c008d42 00d7f7b3 and              x15, x15, x13       x15=00000000 x15:0000000c x13:00001f80
15828989ns          295534 1c008d44 ee873733 p.bclr           x14, x14, 23, 8     x14=00000018 x14:00000018
15829009ns          295535 1c008d48 1a10f6b7 lui              x13, 0x1a10f000     x13=1a10f000
15829029ns          295536 1c008d4c 0ff57513 andi             x10, x10, 255       x10=0000006f x10:0000006f
15829049ns          295537 1c008d50 00d70733 add              x14, x14, x13       x14=1a10f018 x14:00000018 x13:1a10f000
15829069ns          295538 1c008d52 00a7e723 p.sw             x10, x0(x15)        x10:0000006f x15:00000000  PA:1a10f018
15829390ns          295554 1c008d56 00000513 addi             x10, x0, 0          x10=00000000
15829410ns          295555 1c008d58 00008067 jalr             x0, x1, 0            x1:1c008e28
15829450ns          295557 1c008e28 31f52563 p.beqimm         x10, 778            x10:00000000
15829470ns          295558 1c008e2c 001d8d93 addi             x27, x27, 1         x27=0000000f x27:0000000e
15829491ns          295559 1c008e2e 00044503 lbu              x10, 0(x8)          x10=0000006e  x8:1c0000cf  PA:1c0000cf
15829791ns          295574 1c008e32 00140413 addi             x8, x8, 1            x8=1c0000d0  x8:1c0000cf
15829812ns          295575 1c008e34 fe0514e3 bne              x10, x0, -24        x10:0000006e
15829872ns          295578 1c008e1c 02500793 addi             x15, x0, 37         x15=00000025
15829892ns          295579 1c008e20 04f50863 beq              x10, x15, 80        x10:0000006e x15:00000025
15829912ns          295580 1c008e24 01a005b3 add              x11, x0, x26        x11=00000002 x26:00000002
15829932ns          295581 1c008e26 000b00e7 jalr             x1, x22, 0           x1=1c008e28 x22:1c008d32
15829972ns          295583 1c008d32 000026b7 lui              x13, 0x2000         x13=00002000
15829992ns          295584 1c008d34 f14027f3 csrrs            x15, x0, 0xf14      x15=00000003
15830012ns          295585 1c008d38 f8068693 addi             x13, x13, -128      x13=00001f80 x13:00002000
15830032ns          295586 1c008d3c 00379713 slli             x14, x15, 0x3       x14=00000018 x15:00000003
15830052ns          295587 1c008d40 00279793 slli             x15, x15, 0x2       x15=0000000c x15:00000003
15830072ns          295588 1c008d42 00d7f7b3 and              x15, x15, x13       x15=00000000 x15:0000000c x13:00001f80
15830092ns          295589 1c008d44 ee873733 p.bclr           x14, x14, 23, 8     x14=00000018 x14:00000018
15830113ns          295590 1c008d48 1a10f6b7 lui              x13, 0x1a10f000     x13=1a10f000
15830133ns          295591 1c008d4c 0ff57513 andi             x10, x10, 255       x10=0000006e x10:0000006e
15830153ns          295592 1c008d50 00d70733 add              x14, x14, x13       x14=1a10f018 x14:00000018 x13:1a10f000
15830173ns          295593 1c008d52 00a7e723 p.sw             x10, x0(x15)        x10:0000006e x15:00000000  PA:1a10f018
15830514ns          295610 1c008d56 00000513 addi             x10, x0, 0          x10=00000000
15830534ns          295611 1c008d58 00008067 jalr             x0, x1, 0            x1:1c008e28
15830574ns          295613 1c008e28 31f52563 p.beqimm         x10, 778            x10:00000000
15830594ns          295614 1c008e2c 001d8d93 addi             x27, x27, 1         x27=00000010 x27:0000000f
15830614ns          295615 1c008e2e 00044503 lbu              x10, 0(x8)          x10=00000020  x8:1c0000d0  PA:1c0000d0
15830915ns          295630 1c008e32 00140413 addi             x8, x8, 1            x8=1c0000d1  x8:1c0000d0
15830935ns          295631 1c008e34 fe0514e3 bne              x10, x0, -24        x10:00000020
15830995ns          295634 1c008e1c 02500793 addi             x15, x0, 37         x15=00000025
15831015ns          295635 1c008e20 04f50863 beq              x10, x15, 80        x10:00000020 x15:00000025
15831036ns          295636 1c008e24 01a005b3 add              x11, x0, x26        x11=00000002 x26:00000002
15831056ns          295637 1c008e26 000b00e7 jalr             x1, x22, 0           x1=1c008e28 x22:1c008d32
15831096ns          295639 1c008d32 000026b7 lui              x13, 0x2000         x13=00002000
15831116ns          295640 1c008d34 f14027f3 csrrs            x15, x0, 0xf14      x15=00000003
15831136ns          295641 1c008d38 f8068693 addi             x13, x13, -128      x13=00001f80 x13:00002000
15831156ns          295642 1c008d3c 00379713 slli             x14, x15, 0x3       x14=00000018 x15:00000003
15831176ns          295643 1c008d40 00279793 slli             x15, x15, 0x2       x15=0000000c x15:00000003
15831196ns          295644 1c008d42 00d7f7b3 and              x15, x15, x13       x15=00000000 x15:0000000c x13:00001f80
15831216ns          295645 1c008d44 ee873733 p.bclr           x14, x14, 23, 8     x14=00000018 x14:00000018
15831236ns          295646 1c008d48 1a10f6b7 lui              x13, 0x1a10f000     x13=1a10f000
15831256ns          295647 1c008d4c 0ff57513 andi             x10, x10, 255       x10=00000020 x10:00000020
15831276ns          295648 1c008d50 00d70733 add              x14, x14, x13       x14=1a10f018 x14:00000018 x13:1a10f000
15831296ns          295649 1c008d52 00a7e723 p.sw             x10, x0(x15)        x10:00000020 x15:00000000  PA:1a10f018
15831617ns          295665 1c008d56 00000513 addi             x10, x0, 0          x10=00000000
15831638ns          295666 1c008d58 00008067 jalr             x0, x1, 0            x1:1c008e28
15831678ns          295668 1c008e28 31f52563 p.beqimm         x10, 778            x10:00000000
15831698ns          295669 1c008e2c 001d8d93 addi             x27, x27, 1         x27=00000011 x27:00000010
15831718ns          295670 1c008e2e 00044503 lbu              x10, 0(x8)          x10=00000063  x8:1c0000d1  PA:1c0000d1
15832019ns          295685 1c008e32 00140413 addi             x8, x8, 1            x8=1c0000d2  x8:1c0000d1
15832039ns          295686 1c008e34 fe0514e3 bne              x10, x0, -24        x10:00000063
15832099ns          295689 1c008e1c 02500793 addi             x15, x0, 37         x15=00000025
15832119ns          295690 1c008e20 04f50863 beq              x10, x15, 80        x10:00000063 x15:00000025
15832139ns          295691 1c008e24 01a005b3 add              x11, x0, x26        x11=00000002 x26:00000002
15832159ns          295692 1c008e26 000b00e7 jalr             x1, x22, 0           x1=1c008e28 x22:1c008d32
15832199ns          295694 1c008d32 000026b7 lui              x13, 0x2000         x13=00002000
15832219ns          295695 1c008d34 f14027f3 csrrs            x15, x0, 0xf14      x15=00000003
15832239ns          295696 1c008d38 f8068693 addi             x13, x13, -128      x13=00001f80 x13:00002000
15832260ns          295697 1c008d3c 00379713 slli             x14, x15, 0x3       x14=00000018 x15:00000003
15832280ns          295698 1c008d40 00279793 slli             x15, x15, 0x2       x15=0000000c x15:00000003
15832300ns          295699 1c008d42 00d7f7b3 and              x15, x15, x13       x15=00000000 x15:0000000c x13:00001f80
15832320ns          295700 1c008d44 ee873733 p.bclr           x14, x14, 23, 8     x14=00000018 x14:00000018
15832340ns          295701 1c008d48 1a10f6b7 lui              x13, 0x1a10f000     x13=1a10f000
15832360ns          295702 1c008d4c 0ff57513 andi             x10, x10, 255       x10=00000063 x10:00000063
15832380ns          295703 1c008d50 00d70733 add              x14, x14, x13       x14=1a10f018 x14:00000018 x13:1a10f000
15832400ns          295704 1c008d52 00a7e723 p.sw             x10, x0(x15)        x10:00000063 x15:00000000  PA:1a10f018
15832721ns          295720 1c008d56 00000513 addi             x10, x0, 0          x10=00000000
15832741ns          295721 1c008d58 00008067 jalr             x0, x1, 0            x1:1c008e28
15832781ns          295723 1c008e28 31f52563 p.beqimm         x10, 778            x10:00000000
15832801ns          295724 1c008e2c 001d8d93 addi             x27, x27, 1         x27=00000012 x27:00000011
15832821ns          295725 1c008e2e 00044503 lbu              x10, 0(x8)          x10=0000006f  x8:1c0000d2  PA:1c0000d2
15833122ns          295740 1c008e32 00140413 addi             x8, x8, 1            x8=1c0000d3  x8:1c0000d2
15833142ns          295741 1c008e34 fe0514e3 bne              x10, x0, -24        x10:0000006f
15833203ns          295744 1c008e1c 02500793 addi             x15, x0, 37         x15=00000025
15833223ns          295745 1c008e20 04f50863 beq              x10, x15, 80        x10:0000006f x15:00000025
15833243ns          295746 1c008e24 01a005b3 add              x11, x0, x26        x11=00000002 x26:00000002
15833263ns          295747 1c008e26 000b00e7 jalr             x1, x22, 0           x1=1c008e28 x22:1c008d32
15833303ns          295749 1c008d32 000026b7 lui              x13, 0x2000         x13=00002000
15833323ns          295750 1c008d34 f14027f3 csrrs            x15, x0, 0xf14      x15=00000003
15833343ns          295751 1c008d38 f8068693 addi             x13, x13, -128      x13=00001f80 x13:00002000
15833363ns          295752 1c008d3c 00379713 slli             x14, x15, 0x3       x14=00000018 x15:00000003
15833383ns          295753 1c008d40 00279793 slli             x15, x15, 0x2       x15=0000000c x15:00000003
15833403ns          295754 1c008d42 00d7f7b3 and              x15, x15, x13       x15=00000000 x15:0000000c x13:00001f80
15833423ns          295755 1c008d44 ee873733 p.bclr           x14, x14, 23, 8     x14=00000018 x14:00000018
15833443ns          295756 1c008d48 1a10f6b7 lui              x13, 0x1a10f000     x13=1a10f000
15833463ns          295757 1c008d4c 0ff57513 andi             x10, x10, 255       x10=0000006f x10:0000006f
15833484ns          295758 1c008d50 00d70733 add              x14, x14, x13       x14=1a10f018 x14:00000018 x13:1a10f000
15833504ns          295759 1c008d52 00a7e723 p.sw             x10, x0(x15)        x10:0000006f x15:00000000  PA:1a10f018
15833825ns          295775 1c008d56 00000513 addi             x10, x0, 0          x10=00000000
15833845ns          295776 1c008d58 00008067 jalr             x0, x1, 0            x1:1c008e28
15833885ns          295778 1c008e28 31f52563 p.beqimm         x10, 778            x10:00000000
15833905ns          295779 1c008e2c 001d8d93 addi             x27, x27, 1         x27=00000013 x27:00000012
15833925ns          295780 1c008e2e 00044503 lbu              x10, 0(x8)          x10=00000072  x8:1c0000d3  PA:1c0000d3
15834246ns          295796 1c008e32 00140413 addi             x8, x8, 1            x8=1c0000d4  x8:1c0000d3
15834266ns          295797 1c008e34 fe0514e3 bne              x10, x0, -24        x10:00000072
15834326ns          295800 1c008e1c 02500793 addi             x15, x0, 37         x15=00000025
15834346ns          295801 1c008e20 04f50863 beq              x10, x15, 80        x10:00000072 x15:00000025
15834366ns          295802 1c008e24 01a005b3 add              x11, x0, x26        x11=00000002 x26:00000002
15834386ns          295803 1c008e26 000b00e7 jalr             x1, x22, 0           x1=1c008e28 x22:1c008d32
15834427ns          295805 1c008d32 000026b7 lui              x13, 0x2000         x13=00002000
15834447ns          295806 1c008d34 f14027f3 csrrs            x15, x0, 0xf14      x15=00000003
15834467ns          295807 1c008d38 f8068693 addi             x13, x13, -128      x13=00001f80 x13:00002000
15834487ns          295808 1c008d3c 00379713 slli             x14, x15, 0x3       x14=00000018 x15:00000003
15834507ns          295809 1c008d40 00279793 slli             x15, x15, 0x2       x15=0000000c x15:00000003
15834527ns          295810 1c008d42 00d7f7b3 and              x15, x15, x13       x15=00000000 x15:0000000c x13:00001f80
15834547ns          295811 1c008d44 ee873733 p.bclr           x14, x14, 23, 8     x14=00000018 x14:00000018
15834567ns          295812 1c008d48 1a10f6b7 lui              x13, 0x1a10f000     x13=1a10f000
15834587ns          295813 1c008d4c 0ff57513 andi             x10, x10, 255       x10=00000072 x10:00000072
15834607ns          295814 1c008d50 00d70733 add              x14, x14, x13       x14=1a10f018 x14:00000018 x13:1a10f000
15834627ns          295815 1c008d52 00a7e723 p.sw             x10, x0(x15)        x10:00000072 x15:00000000  PA:1a10f018
15834948ns          295831 1c008d56 00000513 addi             x10, x0, 0          x10=00000000
15834968ns          295832 1c008d58 00008067 jalr             x0, x1, 0            x1:1c008e28
15835008ns          295834 1c008e28 31f52563 p.beqimm         x10, 778            x10:00000000
15835029ns          295835 1c008e2c 001d8d93 addi             x27, x27, 1         x27=00000014 x27:00000013
15835049ns          295836 1c008e2e 00044503 lbu              x10, 0(x8)          x10=00000065  x8:1c0000d4  PA:1c0000d4
15835350ns          295851 1c008e32 00140413 addi             x8, x8, 1            x8=1c0000d5  x8:1c0000d4
15835370ns          295852 1c008e34 fe0514e3 bne              x10, x0, -24        x10:00000065
15835430ns          295855 1c008e1c 02500793 addi             x15, x0, 37         x15=00000025
15835450ns          295856 1c008e20 04f50863 beq              x10, x15, 80        x10:00000065 x15:00000025
15835470ns          295857 1c008e24 01a005b3 add              x11, x0, x26        x11=00000002 x26:00000002
15835490ns          295858 1c008e26 000b00e7 jalr             x1, x22, 0           x1=1c008e28 x22:1c008d32
15835530ns          295860 1c008d32 000026b7 lui              x13, 0x2000         x13=00002000
15835550ns          295861 1c008d34 f14027f3 csrrs            x15, x0, 0xf14      x15=00000003
15835570ns          295862 1c008d38 f8068693 addi             x13, x13, -128      x13=00001f80 x13:00002000
15835590ns          295863 1c008d3c 00379713 slli             x14, x15, 0x3       x14=00000018 x15:00000003
15835610ns          295864 1c008d40 00279793 slli             x15, x15, 0x2       x15=0000000c x15:00000003
15835631ns          295865 1c008d42 00d7f7b3 and              x15, x15, x13       x15=00000000 x15:0000000c x13:00001f80
15835651ns          295866 1c008d44 ee873733 p.bclr           x14, x14, 23, 8     x14=00000018 x14:00000018
15835671ns          295867 1c008d48 1a10f6b7 lui              x13, 0x1a10f000     x13=1a10f000
15835691ns          295868 1c008d4c 0ff57513 andi             x10, x10, 255       x10=00000065 x10:00000065
15835711ns          295869 1c008d50 00d70733 add              x14, x14, x13       x14=1a10f018 x14:00000018 x13:1a10f000
15835731ns          295870 1c008d52 00a7e723 p.sw             x10, x0(x15)        x10:00000065 x15:00000000  PA:1a10f018
15836052ns          295886 1c008d56 00000513 addi             x10, x0, 0          x10=00000000
15836072ns          295887 1c008d58 00008067 jalr             x0, x1, 0            x1:1c008e28
15836112ns          295889 1c008e28 31f52563 p.beqimm         x10, 778            x10:00000000
15836132ns          295890 1c008e2c 001d8d93 addi             x27, x27, 1         x27=00000015 x27:00000014
15836152ns          295891 1c008e2e 00044503 lbu              x10, 0(x8)          x10=00000020  x8:1c0000d5  PA:1c0000d5
15836453ns          295906 1c008e32 00140413 addi             x8, x8, 1            x8=1c0000d6  x8:1c0000d5
15836473ns          295907 1c008e34 fe0514e3 bne              x10, x0, -24        x10:00000020
15836533ns          295910 1c008e1c 02500793 addi             x15, x0, 37         x15=00000025
15836554ns          295911 1c008e20 04f50863 beq              x10, x15, 80        x10:00000020 x15:00000025
15836574ns          295912 1c008e24 01a005b3 add              x11, x0, x26        x11=00000002 x26:00000002
15836594ns          295913 1c008e26 000b00e7 jalr             x1, x22, 0           x1=1c008e28 x22:1c008d32
15836634ns          295915 1c008d32 000026b7 lui              x13, 0x2000         x13=00002000
15836654ns          295916 1c008d34 f14027f3 csrrs            x15, x0, 0xf14      x15=00000003
15836674ns          295917 1c008d38 f8068693 addi             x13, x13, -128      x13=00001f80 x13:00002000
15836694ns          295918 1c008d3c 00379713 slli             x14, x15, 0x3       x14=00000018 x15:00000003
15836714ns          295919 1c008d40 00279793 slli             x15, x15, 0x2       x15=0000000c x15:00000003
15836734ns          295920 1c008d42 00d7f7b3 and              x15, x15, x13       x15=00000000 x15:0000000c x13:00001f80
15836754ns          295921 1c008d44 ee873733 p.bclr           x14, x14, 23, 8     x14=00000018 x14:00000018
15836774ns          295922 1c008d48 1a10f6b7 lui              x13, 0x1a10f000     x13=1a10f000
15836794ns          295923 1c008d4c 0ff57513 andi             x10, x10, 255       x10=00000020 x10:00000020
15836814ns          295924 1c008d50 00d70733 add              x14, x14, x13       x14=1a10f018 x14:00000018 x13:1a10f000
15836834ns          295925 1c008d52 00a7e723 p.sw             x10, x0(x15)        x10:00000020 x15:00000000  PA:1a10f018
15837155ns          295941 1c008d56 00000513 addi             x10, x0, 0          x10=00000000
15837176ns          295942 1c008d58 00008067 jalr             x0, x1, 0            x1:1c008e28
15837216ns          295944 1c008e28 31f52563 p.beqimm         x10, 778            x10:00000000
15837236ns          295945 1c008e2c 001d8d93 addi             x27, x27, 1         x27=00000016 x27:00000015
15837256ns          295946 1c008e2e 00044503 lbu              x10, 0(x8)          x10=00000020  x8:1c0000d6  PA:1c0000d6
15837557ns          295961 1c008e32 00140413 addi             x8, x8, 1            x8=1c0000d7  x8:1c0000d6
15837577ns          295962 1c008e34 fe0514e3 bne              x10, x0, -24        x10:00000020
15837637ns          295965 1c008e1c 02500793 addi             x15, x0, 37         x15=00000025
15837657ns          295966 1c008e20 04f50863 beq              x10, x15, 80        x10:00000020 x15:00000025
15837677ns          295967 1c008e24 01a005b3 add              x11, x0, x26        x11=00000002 x26:00000002
15837697ns          295968 1c008e26 000b00e7 jalr             x1, x22, 0           x1=1c008e28 x22:1c008d32
15837737ns          295970 1c008d32 000026b7 lui              x13, 0x2000         x13=00002000
15837757ns          295971 1c008d34 f14027f3 csrrs            x15, x0, 0xf14      x15=00000003
15837778ns          295972 1c008d38 f8068693 addi             x13, x13, -128      x13=00001f80 x13:00002000
15837798ns          295973 1c008d3c 00379713 slli             x14, x15, 0x3       x14=00000018 x15:00000003
15837818ns          295974 1c008d40 00279793 slli             x15, x15, 0x2       x15=0000000c x15:00000003
15837838ns          295975 1c008d42 00d7f7b3 and              x15, x15, x13       x15=00000000 x15:0000000c x13:00001f80
15837858ns          295976 1c008d44 ee873733 p.bclr           x14, x14, 23, 8     x14=00000018 x14:00000018
15837878ns          295977 1c008d48 1a10f6b7 lui              x13, 0x1a10f000     x13=1a10f000
15837898ns          295978 1c008d4c 0ff57513 andi             x10, x10, 255       x10=00000020 x10:00000020
15837918ns          295979 1c008d50 00d70733 add              x14, x14, x13       x14=1a10f018 x14:00000018 x13:1a10f000
15837938ns          295980 1c008d52 00a7e723 p.sw             x10, x0(x15)        x10:00000020 x15:00000000  PA:1a10f018
15838259ns          295996 1c008d56 00000513 addi             x10, x0, 0          x10=00000000
15838279ns          295997 1c008d58 00008067 jalr             x0, x1, 0            x1:1c008e28
15838319ns          295999 1c008e28 31f52563 p.beqimm         x10, 778            x10:00000000
15838339ns          296000 1c008e2c 001d8d93 addi             x27, x27, 1         x27=00000017 x27:00000016
15838359ns          296001 1c008e2e 00044503 lbu              x10, 0(x8)          x10=00000025  x8:1c0000d7  PA:1c0000d7
15838660ns          296016 1c008e32 00140413 addi             x8, x8, 1            x8=1c0000d8  x8:1c0000d7
15838680ns          296017 1c008e34 fe0514e3 bne              x10, x0, -24        x10:00000025
15838741ns          296020 1c008e1c 02500793 addi             x15, x0, 37         x15=00000025
15838761ns          296021 1c008e20 04f50863 beq              x10, x15, 80        x10:00000025 x15:00000025
15838861ns          296026 1c008e70 00044483 lbu              x9, 0(x8)            x9=00000064  x8:1c0000d8  PA:1c0000d8
15839182ns          296042 1c008e74 02000693 addi             x13, x0, 32         x13=00000020
15839202ns          296043 1c008e78 00140a93 addi             x21, x8, 1          x21=1c0000d9  x8:1c0000d8
15839222ns          296044 1c008e7c 009005b3 add              x11, x0, x9         x11=00000064  x9:00000064
15839242ns          296045 1c008e7e 150b8513 addi             x10, x23, 336       x10=1c000150 x23:1c000000
15839262ns          296046 1c008e82 00d12823 sw               x13, 16(x2)         x13:00000020  x2:10001cd8  PA:10001ce8
15839282ns          296047 1c008e84 00012c23 sw               x0, 24(x2)           x2:10001cd8  PA:10001cf0
15839302ns          296048 1c008e86 00012a23 sw               x0, 20(x2)           x2:10001cd8  PA:10001cec
15839323ns          296049 1c008e88 00012e23 sw               x0, 28(x2)           x2:10001cd8  PA:10001cf4
15839343ns          296050 1c008e8a 00012623 sw               x0, 12(x2)           x2:10001cd8  PA:10001ce4
15839363ns          296051 1c008e8c 02300913 addi             x18, x0, 35         x18=00000023
15839383ns          296052 1c008e90 02d00a13 addi             x20, x0, 45         x20=0000002d
15839403ns          296053 1c008e94 015009b3 add              x19, x0, x21        x19=1c0000d9 x21:1c0000d9
15839423ns          296054 1c008e96 e1dff0ef jal              x1, -484             x1=1c008e98
15839603ns          296063 1c008cb2 00054783 lbu              x15, 0(x10)         x15=0000002d x10:1c000150  PA:1c000150
15839904ns          296078 1c008cb6 0ff5f593 andi             x11, x11, 255       x11=00000064 x11:00000064
15839924ns          296079 1c008cba 00b78c63 beq              x15, x11, 24        x15:0000002d x11:00000064
15839945ns          296080 1c008cbe 00078b63 beq              x15, x0, 22         x15:0000002d
15839965ns          296081 1c008cc0 00150793 addi             x15, x10, 1         x15=1c000151 x10:1c000150
15839985ns          296082 1c008cc4 0040006f jal              x0, 4              
15840025ns          296084 1c008cc8 00f00533 add              x10, x0, x15        x10=1c000151 x15:1c000151
15840045ns          296085 1c008cca 0017c70b p.lbu            x14, 1(x15!)        x14=0000002b x15=1c000152 x15:1c000151  PA:1c000151
15840366ns          296101 1c008cce feb71ce3 bne              x14, x11, -8        x14:0000002b x11:00000064
15840426ns          296104 1c008cc6 00070763 beq              x14, x0, 14         x14:0000002b
15840446ns          296105 1c008cc8 00f00533 add              x10, x0, x15        x10=1c000152 x15:1c000152
15840466ns          296106 1c008cca 0017c70b p.lbu            x14, 1(x15!)        x14=00000020 x15=1c000153 x15:1c000152  PA:1c000152
15840787ns          296122 1c008cce feb71ce3 bne              x14, x11, -8        x14:00000020 x11:00000064
15840848ns          296125 1c008cc6 00070763 beq              x14, x0, 14         x14:00000020
15840868ns          296126 1c008cc8 00f00533 add              x10, x0, x15        x10=1c000153 x15:1c000153
15840888ns          296127 1c008cca 0017c70b p.lbu            x14, 1(x15!)        x14=00000023 x15=1c000154 x15:1c000153  PA:1c000153
15841209ns          296143 1c008cce feb71ce3 bne              x14, x11, -8        x14:00000023 x11:00000064
15841269ns          296146 1c008cc6 00070763 beq              x14, x0, 14         x14:00000023
15841289ns          296147 1c008cc8 00f00533 add              x10, x0, x15        x10=1c000154 x15:1c000154
15841309ns          296148 1c008cca 0017c70b p.lbu            x14, 1(x15!)        x14=00000030 x15=1c000155 x15:1c000154  PA:1c000154
15841630ns          296164 1c008cce feb71ce3 bne              x14, x11, -8        x14:00000030 x11:00000064
15841690ns          296167 1c008cc6 00070763 beq              x14, x0, 14         x14:00000030
15841710ns          296168 1c008cc8 00f00533 add              x10, x0, x15        x10=1c000155 x15:1c000155
15841730ns          296169 1c008cca 0017c70b p.lbu            x14, 1(x15!)        x14=00000000 x15=1c000156 x15:1c000155  PA:1c000155
15842051ns          296185 1c008cce feb71ce3 bne              x14, x11, -8        x14:00000000 x11:00000064
15842112ns          296188 1c008cc6 00070763 beq              x14, x0, 14         x14:00000000
15842172ns          296191 1c008cd4 0015b593 sltiu            x11, x11, 1         x11=00000000 x11:00000064
15842192ns          296192 1c008cd8 40b005b3 sub              x11, x0, x11        x11=00000000 x11:00000000
15842212ns          296193 1c008cdc 00b57533 and              x10, x10, x11       x10=00000000 x10:1c000155 x11:00000000
15842232ns          296194 1c008cde 00008067 jalr             x0, x1, 0            x1:1c008e98
15842312ns          296198 1c008e98 02050a63 beq              x10, x0, 52         x10:00000000
15842413ns          296203 1c008ecc 02a00613 addi             x12, x0, 42         x12=0000002a
15842493ns          296207 1c008ed0 2ac48663 beq              x9, x12, 684         x9:00000064 x12:0000002a
15842533ns          296209 1c008ed4 fd048613 addi             x12, x9, -48        x12=00000034  x9:00000064
15842553ns          296210 1c008ed8 00900593 addi             x11, x0, 9          x11=00000009
15842573ns          296211 1c008eda 00000913 addi             x18, x0, 0          x18=00000000
15842593ns          296212 1c008edc 28c5f063 bgeu             x11, x12, 640       x11:00000009 x12:00000034
15842633ns          296214 1c008ee0 02e00693 addi             x13, x0, 46         x13=0000002e
15842673ns          296216 1c008ee4 fff00a13 addi             x20, x0, -1         x20=ffffffff
15842694ns          296217 1c008ee6 2ed48363 beq              x9, x13, 742         x9:00000064 x13:0000002e
15842714ns          296218 1c008eea 1c0007b7 lui              x15, 0x1c000000     x15=1c000000
15842734ns          296219 1c008eee 009005b3 add              x11, x0, x9         x11=00000064  x9:00000064
15842774ns          296221 1c008ef0 15878513 addi             x10, x15, 344       x10=1c000158 x15:1c000000
15842814ns          296223 1c008ef4 dbfff0ef jal              x1, -578             x1=1c008ef6
15842874ns          296226 1c008cb2 00054783 lbu              x15, 0(x10)         x15=00000068 x10:1c000158  PA:1c000158
15843175ns          296241 1c008cb6 0ff5f593 andi             x11, x11, 255       x11=00000064 x11:00000064
15843195ns          296242 1c008cba 00b78c63 beq              x15, x11, 24        x15:00000068 x11:00000064
15843215ns          296243 1c008cbe 00078b63 beq              x15, x0, 22         x15:00000068
15843235ns          296244 1c008cc0 00150793 addi             x15, x10, 1         x15=1c000159 x10:1c000158
15843255ns          296245 1c008cc4 0040006f jal              x0, 4              
15843295ns          296247 1c008cc8 00f00533 add              x10, x0, x15        x10=1c000159 x15:1c000159
15843316ns          296248 1c008cca 0017c70b p.lbu            x14, 1(x15!)        x14=0000006c x15=1c00015a x15:1c000159  PA:1c000159
15843637ns          296264 1c008cce feb71ce3 bne              x14, x11, -8        x14:0000006c x11:00000064
15843697ns          296267 1c008cc6 00070763 beq              x14, x0, 14         x14:0000006c
15843717ns          296268 1c008cc8 00f00533 add              x10, x0, x15        x10=1c00015a x15:1c00015a
15843737ns          296269 1c008cca 0017c70b p.lbu            x14, 1(x15!)        x14=0000004c x15=1c00015b x15:1c00015a  PA:1c00015a
15844058ns          296285 1c008cce feb71ce3 bne              x14, x11, -8        x14:0000004c x11:00000064
15844118ns          296288 1c008cc6 00070763 beq              x14, x0, 14         x14:0000004c
15844138ns          296289 1c008cc8 00f00533 add              x10, x0, x15        x10=1c00015b x15:1c00015b
15844158ns          296290 1c008cca 0017c70b p.lbu            x14, 1(x15!)        x14=0000007a x15=1c00015c x15:1c00015b  PA:1c00015b
15844479ns          296306 1c008cce feb71ce3 bne              x14, x11, -8        x14:0000007a x11:00000064
15844540ns          296309 1c008cc6 00070763 beq              x14, x0, 14         x14:0000007a
15844560ns          296310 1c008cc8 00f00533 add              x10, x0, x15        x10=1c00015c x15:1c00015c
15844580ns          296311 1c008cca 0017c70b p.lbu            x14, 1(x15!)        x14=00000000 x15=1c00015d x15:1c00015c  PA:1c00015c
15844901ns          296327 1c008cce feb71ce3 bne              x14, x11, -8        x14:00000000 x11:00000064
15844961ns          296330 1c008cc6 00070763 beq              x14, x0, 14         x14:00000000
15845021ns          296333 1c008cd4 0015b593 sltiu            x11, x11, 1         x11=00000000 x11:00000064
15845041ns          296334 1c008cd8 40b005b3 sub              x11, x0, x11        x11=00000000 x11:00000000
15845061ns          296335 1c008cdc 00b57533 and              x10, x10, x11       x10=00000000 x10:1c00015c x11:00000000
15845081ns          296336 1c008cde 00008067 jalr             x0, x1, 0            x1:1c008ef6
15845121ns          296338 1c008ef6 01300433 add              x8, x0, x19          x8=1c0000d9 x19:1c0000d9
15845141ns          296339 1c008ef8 00050563 beq              x10, x0, 10         x10:00000000
15845282ns          296346 1c008f02 06700693 addi             x13, x0, 103        x13=00000067
15845302ns          296347 1c008f06 2896d963 bge              x13, x9, 658        x13:00000067  x9:00000064
15845463ns          296355 1c009198 06500693 addi             x13, x0, 101        x13=00000065
15845503ns          296357 1c00919c 12d4d563 bge              x9, x13, 298         x9:00000064 x13:00000065
15845563ns          296360 1c0091a0 04700693 addi             x13, x0, 71         x13=00000047
15845603ns          296362 1c0091a4 dc96cbe3 blt              x13, x9, -554       x13:00000047  x9:00000064
15845743ns          296369 1c008f7a 06300693 addi             x13, x0, 99         x13=00000063
15845804ns          296372 1c008f7e 0ad488e3 beq              x9, x13, 2224        x9:00000064 x13:00000063
15845844ns          296374 1c008f82 0096c9e3 blt              x13, x9, 2066       x13:00000063  x9:00000064
15845944ns          296379 1c009794 000c2583 lw               x11, 0(x24)         x11=00000003 x24:10001e2c  PA:10001e2c
15845984ns          296381 1c009798 004c0c13 addi             x24, x24, 4         x24=10001e30 x24:10001e2c
15846004ns          296382 1c00979a 3405cc63 blt              x11, x0, 856        x11:00000003
15846024ns          296383 1c00979e 01412603 lw               x12, 20(x2)         x12=00000000  x2:10001cd8  PA:10001cec
15846064ns          296385 1c0097a0 00b006b3 add              x13, x0, x11        x13=00000003 x11:00000003
15846105ns          296387 1c0097a2 2e061863 bne              x12, x0, 752        x12:00000000
15846125ns          296388 1c0097a6 01812703 lw               x14, 24(x2)         x14=00000000  x2:10001cd8  PA:10001cf0
15846145ns          296389 1c0097a8 019007b3 add              x15, x0, x25        x15=10001cfc x25:10001cfc
15846165ns          296390 1c0097aa 00070763 beq              x14, x0, 14         x14:00000000
15846225ns          296393 1c0097b8 00f00733 add              x14, x0, x15        x14=10001cfc x15:10001cfc
15846245ns          296394 1c0097ba 00a00513 addi             x10, x0, 10         x10=0000000a
15846265ns          296395 1c0097bc 02a6f633 remu             x12, x13, x10       x12=00000003 x13:00000003 x10:0000000a
15846907ns          296427 1c0097c0 02a6d6b3 divu             x13, x13, x10       x13=00000000 x13:00000003 x10:0000000a
15847529ns          296458 1c0097c4 03060613 addi             x12, x12, 48        x12=00000033 x12:00000003
15847549ns          296459 1c0097c8 00c700ab p.sb             x12, 1(x14!)        x14=10001cfd x12:00000033 x14:10001cfc  PA:10001cfc
15847569ns          296460 1c0097cc fe0698e3 bne              x13, x0, -16        x13:00000000
15847589ns          296461 1c0097ce 40f706b3 sub              x13, x14, x15       x13=00000001 x14:10001cfd x15:10001cfc
15847610ns          296462 1c0097d2 0146dc63 bge              x13, x20, 24        x13:00000001 x20:ffffffff
15847710ns          296467 1c0097ea 00e006b3 add              x13, x0, x14        x13=10001cfd x14:10001cfd
15847750ns          296469 1c0097ec fe068fab p.sb             x0, -1(x13!)        x13=10001cfc x13:10001cfd  PA:10001cfd
15847810ns          296472 1c0097f0 00d7fc63 bgeu             x15, x13, 24        x15:10001cfc x13:10001cfc
15847911ns          296477 1c009808 01412783 lw               x15, 20(x2)         x15=00000000  x2:10001cd8  PA:10001cec
15847931ns          296478 1c00980a 01812603 lw               x12, 24(x2)         x12=00000000  x2:10001cd8  PA:10001cf0
15847951ns          296479 1c00980c 419704b3 sub              x9, x14, x25         x9=00000001 x14:10001cfd x25:10001cfc
15847971ns          296480 1c009810 00c7e7b3 or               x15, x15, x12       x15=00000000 x15:00000000 x12:00000000
15847991ns          296481 1c009812 00f12623 sw               x15, 12(x2)         x15:00000000  x2:10001cd8  PA:10001ce4
15848011ns          296482 1c009814 00079363 bne              x15, x0, 6          x15:00000000
15848031ns          296483 1c009816 01f5d593 srli             x11, x11, 0x1f      x11=00000000 x11:00000003
15848051ns          296484 1c009818 00b12623 sw               x11, 12(x2)         x11:00000000  x2:10001cd8  PA:10001ce4
15848071ns          296485 1c00981a e3fa28e3 p.beqimm         x20, -464           x20:ffffffff
15848211ns          296492 1c00964a 0c800793 addi             x15, x0, 200        x15=000000c8
15848272ns          296495 1c00964e 9e97d0e3 bge              x15, x9, -1568      x15:000000c8  x9:00000001
15848452ns          296504 1c00902e 0f24d163 bge              x9, x18, 226         x9:00000001 x18:00000000
15848553ns          296509 1c009110 d00482e3 beq              x9, x0, -764         x9:00000001
15848593ns          296511 1c009114 01900933 add              x18, x0, x25        x18=10001cfc x25:10001cfc
15848613ns          296512 1c009116 419d8db3 sub              x27, x27, x25       x27=efffe31b x27:00000017 x25:10001cfc
15848633ns          296513 1c00911a 00a0006f jal              x0, 10             
15848733ns          296518 1c009124 0019450b p.lbu            x10, 1(x18!)        x10=00000033 x18=10001cfd x18:10001cfc  PA:10001cfc
15848753ns          296519 1c009128 01a005b3 add              x11, x0, x26        x11=00000002 x26:00000002
15848773ns          296520 1c00912a 000b00e7 jalr             x1, x22, 0           x1=1c00912c x22:1c008d32
15848914ns          296527 1c008d32 000026b7 lui              x13, 0x2000         x13=00002000
15848954ns          296529 1c008d34 f14027f3 csrrs            x15, x0, 0xf14      x15=00000003
15848974ns          296530 1c008d38 f8068693 addi             x13, x13, -128      x13=00001f80 x13:00002000
15848994ns          296531 1c008d3c 00379713 slli             x14, x15, 0x3       x14=00000018 x15:00000003
15849054ns          296534 1c008d40 00279793 slli             x15, x15, 0x2       x15=0000000c x15:00000003
15849074ns          296535 1c008d42 00d7f7b3 and              x15, x15, x13       x15=00000000 x15:0000000c x13:00001f80
15849094ns          296536 1c008d44 ee873733 p.bclr           x14, x14, 23, 8     x14=00000018 x14:00000018
15849114ns          296537 1c008d48 1a10f6b7 lui              x13, 0x1a10f000     x13=1a10f000
15849134ns          296538 1c008d4c 0ff57513 andi             x10, x10, 255       x10=00000033 x10:00000033
15849195ns          296541 1c008d50 00d70733 add              x14, x14, x13       x14=1a10f018 x14:00000018 x13:1a10f000
15849235ns          296543 1c008d52 00a7e723 p.sw             x10, x0(x15)        x10:00000033 x15:00000000  PA:1a10f018
15849636ns          296563 1c008d56 00000513 addi             x10, x0, 0          x10=00000000
15849656ns          296564 1c008d58 00008067 jalr             x0, x1, 0            x1:1c00912c
15849696ns          296566 1c00912c fff48493 addi             x9, x9, -1           x9=00000000  x9:00000001
15849716ns          296567 1c00912e fff537e3 p.bneimm         x10, -18            x10:00000000
15849777ns          296570 1c00911c 012d8733 add              x14, x27, x18       x14=00000018 x27:efffe31b x18:10001cfd
15849797ns          296571 1c009120 5a048b63 beq              x9, x0, 1462         x9:00000000
15849897ns          296576 1c0096d6 00e00db3 add              x27, x0, x14        x27=00000018 x14:00000018
15849937ns          296578 1c0096d8 f3cff06f jal              x0, -2244          
15850017ns          296582 1c008e14 00044503 lbu              x10, 0(x8)          x10=0000000a  x8:1c0000d9  PA:1c0000d9
15850338ns          296598 1c008e18 00140413 addi             x8, x8, 1            x8=1c0000da  x8:1c0000d9
15850358ns          296599 1c008e1a 00050e63 beq              x10, x0, 28         x10:0000000a
15850379ns          296600 1c008e1c 02500793 addi             x15, x0, 37         x15=00000025
15850399ns          296601 1c008e20 04f50863 beq              x10, x15, 80        x10:0000000a x15:00000025
15850419ns          296602 1c008e24 01a005b3 add              x11, x0, x26        x11=00000002 x26:00000002
15850439ns          296603 1c008e26 000b00e7 jalr             x1, x22, 0           x1=1c008e28 x22:1c008d32
15850539ns          296608 1c008d32 000026b7 lui              x13, 0x2000         x13=00002000
15850559ns          296609 1c008d34 f14027f3 csrrs            x15, x0, 0xf14      x15=00000003
15850579ns          296610 1c008d38 f8068693 addi             x13, x13, -128      x13=00001f80 x13:00002000
15850599ns          296611 1c008d3c 00379713 slli             x14, x15, 0x3       x14=00000018 x15:00000003
15850619ns          296612 1c008d40 00279793 slli             x15, x15, 0x2       x15=0000000c x15:00000003
15850639ns          296613 1c008d42 00d7f7b3 and              x15, x15, x13       x15=00000000 x15:0000000c x13:00001f80
15850659ns          296614 1c008d44 ee873733 p.bclr           x14, x14, 23, 8     x14=00000018 x14:00000018
15850680ns          296615 1c008d48 1a10f6b7 lui              x13, 0x1a10f000     x13=1a10f000
15850700ns          296616 1c008d4c 0ff57513 andi             x10, x10, 255       x10=0000000a x10:0000000a
15850720ns          296617 1c008d50 00d70733 add              x14, x14, x13       x14=1a10f018 x14:00000018 x13:1a10f000
15850740ns          296618 1c008d52 00a7e723 p.sw             x10, x0(x15)        x10:0000000a x15:00000000  PA:1a10f018
15851081ns          296635 1c008d56 00000513 addi             x10, x0, 0          x10=00000000
15851101ns          296636 1c008d58 00008067 jalr             x0, x1, 0            x1:1c008e28
15851141ns          296638 1c008e28 31f52563 p.beqimm         x10, 778            x10:00000000
15851161ns          296639 1c008e2c 001d8d93 addi             x27, x27, 1         x27=00000019 x27:00000018
15851181ns          296640 1c008e2e 00044503 lbu              x10, 0(x8)          x10=00000000  x8:1c0000da  PA:1c0000da
15851482ns          296655 1c008e32 00140413 addi             x8, x8, 1            x8=1c0000db  x8:1c0000da
15851502ns          296656 1c008e34 fe0514e3 bne              x10, x0, -24        x10:00000000
15851522ns          296657 1c008e36 01b00433 add              x8, x0, x27          x8=00000019 x27:00000019
15851542ns          296658 1c008e38 00800533 add              x10, x0, x8         x10=00000019  x8:00000019
15851562ns          296659 1c008e3a 12c12083 lw               x1, 300(x2)          x1=1c008dc6  x2:10001cd8  PA:10001e04
15851582ns          296660 1c008e3e 12812403 lw               x8, 296(x2)          x8=3f253265  x2:10001cd8  PA:10001e00
15851603ns          296661 1c008e42 12412483 lw               x9, 292(x2)          x9=3f2531f2  x2:10001cd8  PA:10001dfc
15851623ns          296662 1c008e46 12012903 lw               x18, 288(x2)        x18=1c01003c  x2:10001cd8  PA:10001df8
15851643ns          296663 1c008e4a 11c12983 lw               x19, 284(x2)        x19=3f2532ca  x2:10001cd8  PA:10001df4
15851703ns          296666 1c008e4e 11812a03 lw               x20, 280(x2)        x20=43bdaf58  x2:10001cd8  PA:10001df0
15851743ns          296668 1c008e52 11412a83 lw               x21, 276(x2)        x21=43bdb050  x2:10001cd8  PA:10001dec
15851763ns          296669 1c008e56 11012b03 lw               x22, 272(x2)        x22=xxxxxxxx  x2:10001cd8  PA:10001de8
15851783ns          296670 1c008e5a 10c12b83 lw               x23, 268(x2)        x23=xxxxxxxx  x2:10001cd8  PA:10001de4
15851843ns          296673 1c008e5e 10812c03 lw               x24, 264(x2)        x24=xxxxxxxx  x2:10001cd8  PA:10001de0
15851883ns          296675 1c008e62 10412c83 lw               x25, 260(x2)        x25=xxxxxxxx  x2:10001cd8  PA:10001ddc
15851904ns          296676 1c008e66 10012d03 lw               x26, 256(x2)        x26=xxxxxxxx  x2:10001cd8  PA:10001dd8
15851924ns          296677 1c008e6a 0fc12d83 lw               x27, 252(x2)        x27=xxxxxxxx  x2:10001cd8  PA:10001dd4
15851944ns          296678 1c008e6c 13010113 addi             x2, x2, 304          x2=10001e08  x2:10001cd8
15851964ns          296679 1c008e6e 00008067 jalr             x0, x1, 0            x1:1c008dc6
15852064ns          296684 1c008dc6 01c12083 lw               x1, 28(x2)           x1=1c0083e8  x2:10001e08  PA:10001e24
15852104ns          296686 1c008dc8 04010113 addi             x2, x2, 64           x2=10001e48  x2:10001e08
15852124ns          296687 1c008dca 00008067 jalr             x0, x1, 0            x1:1c0083e8
15852225ns          296692 1c0083e8 00100413 addi             x8, x0, 1            x8=00000001
15852245ns          296693 1c0083ea 56b010ef jal              x1, 7530             x1=1c0083ee
15852385ns          296700 1c00a154 f14027f3 csrrs            x15, x0, 0xf14      x15=00000003
15852425ns          296702 1c00a158 01f00713 addi             x14, x0, 31         x14=0000001f
15852445ns          296703 1c00a15a ca5797b3 p.extractu       x15, x15, 5, 5      x15=00000000 x15:00000003
15852505ns          296706 1c00a15e 00e78863 beq              x15, x14, 16        x15:00000000 x14:0000001f
15852546ns          296708 1c00a162 002047b7 lui              x15, 0x204000       x15=00204000
15852566ns          296709 1c00a166 20078793 addi             x15, x15, 512       x15=00204200 x15:00204000
15852586ns          296710 1c00a16a 01c7e703 p.elw            x14, 28(x15)        x14=00010000 x15:00204200  PA:0020421c
15852706ns          296716 1c00a16e 00008067 jalr             x0, x1, 0            x1:1c0083ee
15852847ns          296723 1c0083ee 00144513 xori             x10, x8, 1          x10=00000000  x8:00000001
15852887ns          296725 1c0083f2 1ac12083 lw               x1, 428(x2)          x1=1c00a064  x2:10001e48  PA:10001ff4
15852907ns          296726 1c0083f6 1a812403 lw               x8, 424(x2)          x8=xxxxxxxx  x2:10001e48  PA:10001ff0
15852927ns          296727 1c0083fa 1a412483 lw               x9, 420(x2)          x9=xxxxxxxx  x2:10001e48  PA:10001fec
15853368ns          296749 1c0083fe 1a012903 lw               x18, 416(x2)        x18=xxxxxxxx  x2:10001e48  PA:10001fe8
15853408ns          296751 1c008402 19c12983 lw               x19, 412(x2)        x19=xxxxxxxx  x2:10001e48  PA:10001fe4
15853428ns          296752 1c008406 19812a03 lw               x20, 408(x2)        x20=xxxxxxxx  x2:10001e48  PA:10001fe0
15853449ns          296753 1c00840a 19412a83 lw               x21, 404(x2)        x21=xxxxxxxx  x2:10001e48  PA:10001fdc
15853509ns          296756 1c00840e 19012b03 lw               x22, 400(x2)        x22=xxxxxxxx  x2:10001e48  PA:10001fd8
15853529ns          296757 1c008412 1b010113 addi             x2, x2, 432          x2=10001ff8  x2:10001e48
15853549ns          296758 1c008414 00008067 jalr             x0, x1, 0            x1:1c00a064
15853629ns          296762 1c00a064 f14027f3 csrrs            x15, x0, 0xf14      x15=00000003
15853669ns          296764 1c00a068 f457b7b3 p.bclr           x15, x15, 26, 5     x15=00000003 x15:00000003
15853689ns          296765 1c00a06c 00079963 bne              x15, x0, 18         x15:00000003
15854271ns          296794 1c00a07e 002047b7 lui              x15, 0x204000       x15=00204000
15854291ns          296795 1c00a082 fff00713 addi             x14, x0, -1         x14=ffffffff
15854311ns          296796 1c00a084 00e7a223 sw               x14, 4(x15)         x14:ffffffff x15:00204000  PA:00204004
