                Time          Cycles PC       Instr    Mnemonic
14685190ns          238146 1c008080 0640006f jal              x0, 100            
14685647ns          238169 1c0080e4 f1402573 csrrs            x10, x0, 0xf14      x10=00000001
14685687ns          238171 1c0080e8 01f57593 andi             x11, x10, 31        x11=00000001 x10:00000001
14685707ns          238172 1c0080ec 00555513 srli             x10, x10, 0x5       x10=00000000 x10:00000001
14685727ns          238173 1c0080ee 01f00613 addi             x12, x0, 31         x12=0000001f
14686144ns          238194 1c0080f0 00c50463 beq              x10, x12, 8         x10:00000000 x12:0000001f
14686184ns          238196 1c0080f4 fa1ff06f jal              x0, -96            
14686642ns          238219 1c008094 f3ff8117 auipc            x2, 0xf3ff8000       x2=10000094
14686681ns          238221 1c008098 f7010113 addi             x2, x2, -144         x2=10000004  x2:10000094
14686701ns          238222 1c00809c 00012103 lw               x2, 0(x2)            x2=10000008  x2:10000004  PA:10000004
14687139ns          238244 1c0080a0 000011b7 lui              x3, 0x1000           x3=00001000
14687179ns          238246 1c0080a4 80018193 addi             x3, x3, -2048        x3=00000800  x3:00001000
14687199ns          238247 1c0080a8 00158593 addi             x11, x11, 1         x11=00000002 x11:00000001
14687218ns          238248 1c0080ac 02b180b3 mul              x1, x3, x11          x1=00001000  x3:00000800 x11:00000002
14687676ns          238271 1c0080b0 00110133 add              x2, x2, x1           x2=10001008  x2:10000008  x1:00001000
14687716ns          238273 1c0080b4 78b0106f jal              x0, 8074           
14688173ns          238296 1c00a03e ff010113 addi             x2, x2, -16          x2=10000ff8  x2:10001008
14688631ns          238319 1c00a040 00112623 sw               x1, 12(x2)           x1:00001000  x2:10000ff8  PA:10001004
14688671ns          238321 1c00a042 002047b7 lui              x15, 0x204000       x15=00204000
14688690ns          238322 1c00a046 00070737 lui              x14, 0x70000        x14=00070000
14688710ns          238323 1c00a04a 00e7a423 sw               x14, 8(x15)         x14:00070000 x15:00204000  PA:00204008
14688730ns          238324 1c00a04c 00f00713 addi             x14, x0, 15         x14=0000000f
14689148ns          238345 1c00a04e 20078793 addi             x15, x15, 512       x15=00204200 x15:00204000
14689188ns          238347 1c00a052 00e7a023 sw               x14, 0(x15)         x14:0000000f x15:00204200  PA:00204200
14689208ns          238348 1c00a056 00e7a623 sw               x14, 12(x15)        x14:0000000f x15:00204200  PA:0020420c
14689227ns          238349 1c00a05a 1c0017b7 lui              x15, 0x1c001000     x15=1c001000
14689665ns          238371 1c00a05e ae47a783 lw               x15, -1308(x15)     x15=1c00813e x15:1c001000  PA:1c000ae4
14690003ns          238388 1c00a062 000780e7 jalr             x1, x15, 0           x1=1c00a064 x15:1c00813e
14690719ns          238424 1c00813e e5010113 addi             x2, x2, -432         x2=10000e48  x2:10000ff8
14691177ns          238447 1c008140 1a912223 sw               x9, 420(x2)          x9:xxxxxxxx  x2:10000e48  PA:10000fec
14691217ns          238449 1c008144 1a112623 sw               x1, 428(x2)          x1:1c00a064  x2:10000e48  PA:10000ff4
14691236ns          238450 1c008148 f14024f3 csrrs            x9, x0, 0xf14        x9=00000001
14691256ns          238451 1c00814c 1a812423 sw               x8, 424(x2)          x8:xxxxxxxx  x2:10000e48  PA:10000ff0
14691714ns          238474 1c008150 1b212023 sw               x18, 416(x2)        x18:xxxxxxxx  x2:10000e48  PA:10000fe8
14691754ns          238476 1c008154 19312e23 sw               x19, 412(x2)        x19:xxxxxxxx  x2:10000e48  PA:10000fe4
14691773ns          238477 1c008158 19412c23 sw               x20, 408(x2)        x20:xxxxxxxx  x2:10000e48  PA:10000fe0
14691793ns          238478 1c00815c 19512a23 sw               x21, 404(x2)        x21:xxxxxxxx  x2:10000e48  PA:10000fdc
14692231ns          238500 1c008160 19612823 sw               x22, 400(x2)        x22:xxxxxxxx  x2:10000e48  PA:10000fd8
14692271ns          238502 1c008164 ca5497b3 p.extractu       x15, x9, 5, 5       x15=00000000  x9:00000001
14692291ns          238503 1c008168 44079d63 bne              x15, x0, 1114       x15:00000000
14692311ns          238504 1c00816c f454b4b3 p.bclr           x9, x9, 26, 5        x9=00000001  x9:00000001
14692748ns          238526 1c008170 1c000537 lui              x10, 0x1c000000     x10=1c000000
14692788ns          238528 1c008174 00900633 add              x12, x0, x9         x12=00000001  x9:00000001
14692808ns          238529 1c008176 00100593 addi             x11, x0, 1          x11=00000001
14692828ns          238530 1c008178 02850513 addi             x10, x10, 40        x10=1c000028 x10:1c000000
14692848ns          238531 1c00817c 423000ef jal              x1, 3106             x1=1c008180
14693723ns          238575 1c008d9e fc010113 addi             x2, x2, -64          x2=10000e08  x2:10000e48
14694200ns          238599 1c008da0 02410313 addi             x6, x2, 36           x6=10000e2c  x2:10000e08
14694240ns          238601 1c008da4 02c12423 sw               x12, 40(x2)         x12:00000001  x2:10000e08  PA:10000e30
14694260ns          238602 1c008da6 00a00633 add              x12, x0, x10        x12=1c000028 x10:1c000028
14694280ns          238603 1c008da8 1c009537 lui              x10, 0x1c009000     x10=1c009000
14694300ns          238604 1c008dac 02b12223 sw               x11, 36(x2)         x11:00000001  x2:10000e08  PA:10000e2c
14694319ns          238605 1c008dae 02d12623 sw               x13, 44(x2)         x13:xxxxxxxx  x2:10000e08  PA:10000e34
14694717ns          238625 1c008db0 00200593 addi             x11, x0, 2          x11=00000002
14694737ns          238626 1c008db2 006006b3 add              x13, x0, x6         x13=10000e2c  x6:10000e2c
14694757ns          238627 1c008db4 d3250513 addi             x10, x10, -718      x10=1c008d32 x10:1c009000
14694777ns          238628 1c008db8 00112e23 sw               x1, 28(x2)           x1:1c008180  x2:10000e08  PA:10000e24
14694797ns          238629 1c008dba 02e12823 sw               x14, 48(x2)         x14:0000000f  x2:10000e08  PA:10000e38
14694817ns          238630 1c008dbc 02f12a23 sw               x15, 52(x2)         x15:00000000  x2:10000e08  PA:10000e3c
14694837ns          238631 1c008dbe 03012c23 sw               x16, 56(x2)         x16:xxxxxxxx  x2:10000e08  PA:10000e40
14695234ns          238651 1c008dc0 03112e23 sw               x17, 60(x2)         x17:xxxxxxxx  x2:10000e08  PA:10000e44
14695254ns          238652 1c008dc2 00612623 sw               x6, 12(x2)           x6:10000e2c  x2:10000e08  PA:10000e14
14695274ns          238653 1c008dc4 fbfff0ef jal              x1, -66              x1=1c008dc6
14695732ns          238676 1c008d82 04a0006f jal              x0, 74             
14695772ns          238678 1c008dcc ed010113 addi             x2, x2, -304         x2=10000cd8  x2:10000e08
14696209ns          238700 1c008dce 12812423 sw               x8, 296(x2)          x8:xxxxxxxx  x2:10000cd8  PA:10000e00
14696229ns          238701 1c008dd2 00000413 addi             x8, x0, 0            x8=00000000
14696249ns          238702 1c008dd4 11612823 sw               x22, 272(x2)        x22:xxxxxxxx  x2:10000cd8  PA:10000de8
14696269ns          238703 1c008dd8 11712623 sw               x23, 268(x2)        x23:xxxxxxxx  x2:10000cd8  PA:10000de4
14696289ns          238704 1c008ddc 11812423 sw               x24, 264(x2)        x24:xxxxxxxx  x2:10000cd8  PA:10000de0
14696726ns          238726 1c008de0 11912223 sw               x25, 260(x2)        x25:xxxxxxxx  x2:10000cd8  PA:10000ddc
14696766ns          238728 1c008de4 11a12023 sw               x26, 256(x2)        x26:xxxxxxxx  x2:10000cd8  PA:10000dd8
14696786ns          238729 1c008de8 0fb12e23 sw               x27, 252(x2)        x27:xxxxxxxx  x2:10000cd8  PA:10000dd4
14696806ns          238730 1c008dea 12112623 sw               x1, 300(x2)          x1:1c008dc6  x2:10000cd8  PA:10000e04
14696826ns          238731 1c008dee 00800db3 add              x27, x0, x8         x27=00000000  x8:00000000
14697243ns          238752 1c008df0 12912223 sw               x9, 292(x2)          x9:00000001  x2:10000cd8  PA:10000dfc
14697283ns          238754 1c008df4 13212023 sw               x18, 288(x2)        x18:xxxxxxxx  x2:10000cd8  PA:10000df8
14697303ns          238755 1c008df8 11312e23 sw               x19, 284(x2)        x19:xxxxxxxx  x2:10000cd8  PA:10000df4
14697323ns          238756 1c008dfc 11412c23 sw               x20, 280(x2)        x20:xxxxxxxx  x2:10000cd8  PA:10000df0
14697761ns          238778 1c008e00 11512a23 sw               x21, 276(x2)        x21:xxxxxxxx  x2:10000cd8  PA:10000dec
14697800ns          238780 1c008e04 00a00b33 add              x22, x0, x10        x22=1c008d32 x10:1c008d32
14697820ns          238781 1c008e06 00b00d33 add              x26, x0, x11        x26=00000002 x11:00000002
14697840ns          238782 1c008e08 00d00c33 add              x24, x0, x13        x24=10000e2c x13:10000e2c
14697860ns          238783 1c008e0a 1c000bb7 lui              x23, 0x1c000000     x23=1c000000
14698298ns          238805 1c008e0e 02410c93 addi             x25, x2, 36         x25=10000cfc  x2:10000cd8
14698318ns          238806 1c008e12 00c00433 add              x8, x0, x12          x8=1c000028 x12:1c000028
14698337ns          238807 1c008e14 00044503 lbu              x10, 0(x8)          x10=00000073  x8:1c000028  PA:1c000028
14698656ns          238823 1c008e18 00140413 addi             x8, x8, 1            x8=1c000029  x8:1c000028
14698676ns          238824 1c008e1a 00050e63 beq              x10, x0, 28         x10:00000073
14698695ns          238825 1c008e1c 02500793 addi             x15, x0, 37         x15=00000025
14698855ns          238833 1c008e20 04f50863 beq              x10, x15, 80        x10:00000073 x15:00000025
14698894ns          238835 1c008e24 01a005b3 add              x11, x0, x26        x11=00000002 x26:00000002
14698914ns          238836 1c008e26 000b00e7 jalr             x1, x22, 0           x1=1c008e28 x22:1c008d32
14699372ns          238859 1c008d32 000026b7 lui              x13, 0x2000         x13=00002000
14699412ns          238861 1c008d34 f14027f3 csrrs            x15, x0, 0xf14      x15=00000001
14699431ns          238862 1c008d38 f8068693 addi             x13, x13, -128      x13=00001f80 x13:00002000
14699451ns          238863 1c008d3c 00379713 slli             x14, x15, 0x3       x14=00000008 x15:00000001
14699889ns          238885 1c008d40 00279793 slli             x15, x15, 0x2       x15=00000004 x15:00000001
14699909ns          238886 1c008d42 00d7f7b3 and              x15, x15, x13       x15=00000000 x15:00000004 x13:00001f80
14699929ns          238887 1c008d44 ee873733 p.bclr           x14, x14, 23, 8     x14=00000008 x14:00000008
14699949ns          238888 1c008d48 1a10f6b7 lui              x13, 0x1a10f000     x13=1a10f000
14699968ns          238889 1c008d4c 0ff57513 andi             x10, x10, 255       x10=00000073 x10:00000073
14700406ns          238911 1c008d50 00d70733 add              x14, x14, x13       x14=1a10f008 x14:00000008 x13:1a10f000
14700446ns          238913 1c008d52 00a7e723 p.sw             x10, x0(x15)        x10:00000073 x15:00000000  PA:1a10f008
14700824ns          238932 1c008d56 00000513 addi             x10, x0, 0          x10=00000000
14700844ns          238933 1c008d58 00008067 jalr             x0, x1, 0            x1:1c008e28
14700983ns          238940 1c008e28 31f52563 p.beqimm         x10, 778            x10:00000000
14701003ns          238941 1c008e2c 001d8d93 addi             x27, x27, 1         x27=00000001 x27:00000000
14701440ns          238963 1c008e2e 00044503 lbu              x10, 0(x8)          x10=00000074  x8:1c000029  PA:1c000029
14701759ns          238979 1c008e32 00140413 addi             x8, x8, 1            x8=1c00002a  x8:1c000029
14701779ns          238980 1c008e34 fe0514e3 bne              x10, x0, -24        x10:00000074
14702057ns          238994 1c008e1c 02500793 addi             x15, x0, 37         x15=00000025
14702077ns          238995 1c008e20 04f50863 beq              x10, x15, 80        x10:00000074 x15:00000025
14702097ns          238996 1c008e24 01a005b3 add              x11, x0, x26        x11=00000002 x26:00000002
14702117ns          238997 1c008e26 000b00e7 jalr             x1, x22, 0           x1=1c008e28 x22:1c008d32
14702156ns          238999 1c008d32 000026b7 lui              x13, 0x2000         x13=00002000
14702176ns          239000 1c008d34 f14027f3 csrrs            x15, x0, 0xf14      x15=00000001
14702196ns          239001 1c008d38 f8068693 addi             x13, x13, -128      x13=00001f80 x13:00002000
14702216ns          239002 1c008d3c 00379713 slli             x14, x15, 0x3       x14=00000008 x15:00000001
14702236ns          239003 1c008d40 00279793 slli             x15, x15, 0x2       x15=00000004 x15:00000001
14702256ns          239004 1c008d42 00d7f7b3 and              x15, x15, x13       x15=00000000 x15:00000004 x13:00001f80
14702276ns          239005 1c008d44 ee873733 p.bclr           x14, x14, 23, 8     x14=00000008 x14:00000008
14702296ns          239006 1c008d48 1a10f6b7 lui              x13, 0x1a10f000     x13=1a10f000
14702316ns          239007 1c008d4c 0ff57513 andi             x10, x10, 255       x10=00000074 x10:00000074
14702335ns          239008 1c008d50 00d70733 add              x14, x14, x13       x14=1a10f008 x14:00000008 x13:1a10f000
14702355ns          239009 1c008d52 00a7e723 p.sw             x10, x0(x15)        x10:00000074 x15:00000000  PA:1a10f008
14702713ns          239027 1c008d56 00000513 addi             x10, x0, 0          x10=00000000
14702733ns          239028 1c008d58 00008067 jalr             x0, x1, 0            x1:1c008e28
14702773ns          239030 1c008e28 31f52563 p.beqimm         x10, 778            x10:00000000
14702793ns          239031 1c008e2c 001d8d93 addi             x27, x27, 1         x27=00000002 x27:00000001
14702813ns          239032 1c008e2e 00044503 lbu              x10, 0(x8)          x10=00000061  x8:1c00002a  PA:1c00002a
14703111ns          239047 1c008e32 00140413 addi             x8, x8, 1            x8=1c00002b  x8:1c00002a
14703131ns          239048 1c008e34 fe0514e3 bne              x10, x0, -24        x10:00000061
14703191ns          239051 1c008e1c 02500793 addi             x15, x0, 37         x15=00000025
14703211ns          239052 1c008e20 04f50863 beq              x10, x15, 80        x10:00000061 x15:00000025
14703231ns          239053 1c008e24 01a005b3 add              x11, x0, x26        x11=00000002 x26:00000002
14703250ns          239054 1c008e26 000b00e7 jalr             x1, x22, 0           x1=1c008e28 x22:1c008d32
14703290ns          239056 1c008d32 000026b7 lui              x13, 0x2000         x13=00002000
14703310ns          239057 1c008d34 f14027f3 csrrs            x15, x0, 0xf14      x15=00000001
14703330ns          239058 1c008d38 f8068693 addi             x13, x13, -128      x13=00001f80 x13:00002000
14703350ns          239059 1c008d3c 00379713 slli             x14, x15, 0x3       x14=00000008 x15:00000001
14703370ns          239060 1c008d40 00279793 slli             x15, x15, 0x2       x15=00000004 x15:00000001
14703390ns          239061 1c008d42 00d7f7b3 and              x15, x15, x13       x15=00000000 x15:00000004 x13:00001f80
14703410ns          239062 1c008d44 ee873733 p.bclr           x14, x14, 23, 8     x14=00000008 x14:00000008
14703429ns          239063 1c008d48 1a10f6b7 lui              x13, 0x1a10f000     x13=1a10f000
14703449ns          239064 1c008d4c 0ff57513 andi             x10, x10, 255       x10=00000061 x10:00000061
14703469ns          239065 1c008d50 00d70733 add              x14, x14, x13       x14=1a10f008 x14:00000008 x13:1a10f000
14703489ns          239066 1c008d52 00a7e723 p.sw             x10, x0(x15)        x10:00000061 x15:00000000  PA:1a10f008
14703827ns          239083 1c008d56 00000513 addi             x10, x0, 0          x10=00000000
14703847ns          239084 1c008d58 00008067 jalr             x0, x1, 0            x1:1c008e28
14703887ns          239086 1c008e28 31f52563 p.beqimm         x10, 778            x10:00000000
14703907ns          239087 1c008e2c 001d8d93 addi             x27, x27, 1         x27=00000003 x27:00000002
14703927ns          239088 1c008e2e 00044503 lbu              x10, 0(x8)          x10=00000072  x8:1c00002b  PA:1c00002b
14704225ns          239103 1c008e32 00140413 addi             x8, x8, 1            x8=1c00002c  x8:1c00002b
14704245ns          239104 1c008e34 fe0514e3 bne              x10, x0, -24        x10:00000072
14704305ns          239107 1c008e1c 02500793 addi             x15, x0, 37         x15=00000025
14704325ns          239108 1c008e20 04f50863 beq              x10, x15, 80        x10:00000072 x15:00000025
14704344ns          239109 1c008e24 01a005b3 add              x11, x0, x26        x11=00000002 x26:00000002
14704364ns          239110 1c008e26 000b00e7 jalr             x1, x22, 0           x1=1c008e28 x22:1c008d32
14704404ns          239112 1c008d32 000026b7 lui              x13, 0x2000         x13=00002000
14704424ns          239113 1c008d34 f14027f3 csrrs            x15, x0, 0xf14      x15=00000001
14704444ns          239114 1c008d38 f8068693 addi             x13, x13, -128      x13=00001f80 x13:00002000
14704464ns          239115 1c008d3c 00379713 slli             x14, x15, 0x3       x14=00000008 x15:00000001
14704484ns          239116 1c008d40 00279793 slli             x15, x15, 0x2       x15=00000004 x15:00000001
14704504ns          239117 1c008d42 00d7f7b3 and              x15, x15, x13       x15=00000000 x15:00000004 x13:00001f80
14704523ns          239118 1c008d44 ee873733 p.bclr           x14, x14, 23, 8     x14=00000008 x14:00000008
14704543ns          239119 1c008d48 1a10f6b7 lui              x13, 0x1a10f000     x13=1a10f000
14704563ns          239120 1c008d4c 0ff57513 andi             x10, x10, 255       x10=00000072 x10:00000072
14704583ns          239121 1c008d50 00d70733 add              x14, x14, x13       x14=1a10f008 x14:00000008 x13:1a10f000
14704603ns          239122 1c008d52 00a7e723 p.sw             x10, x0(x15)        x10:00000072 x15:00000000  PA:1a10f008
14704941ns          239139 1c008d56 00000513 addi             x10, x0, 0          x10=00000000
14704961ns          239140 1c008d58 00008067 jalr             x0, x1, 0            x1:1c008e28
14705001ns          239142 1c008e28 31f52563 p.beqimm         x10, 778            x10:00000000
14705021ns          239143 1c008e2c 001d8d93 addi             x27, x27, 1         x27=00000004 x27:00000003
14705041ns          239144 1c008e2e 00044503 lbu              x10, 0(x8)          x10=00000074  x8:1c00002c  PA:1c00002c
14705339ns          239159 1c008e32 00140413 addi             x8, x8, 1            x8=1c00002d  x8:1c00002c
14705359ns          239160 1c008e34 fe0514e3 bne              x10, x0, -24        x10:00000074
14705419ns          239163 1c008e1c 02500793 addi             x15, x0, 37         x15=00000025
14705438ns          239164 1c008e20 04f50863 beq              x10, x15, 80        x10:00000074 x15:00000025
14705458ns          239165 1c008e24 01a005b3 add              x11, x0, x26        x11=00000002 x26:00000002
14705478ns          239166 1c008e26 000b00e7 jalr             x1, x22, 0           x1=1c008e28 x22:1c008d32
14705518ns          239168 1c008d32 000026b7 lui              x13, 0x2000         x13=00002000
14705538ns          239169 1c008d34 f14027f3 csrrs            x15, x0, 0xf14      x15=00000001
14705558ns          239170 1c008d38 f8068693 addi             x13, x13, -128      x13=00001f80 x13:00002000
14705578ns          239171 1c008d3c 00379713 slli             x14, x15, 0x3       x14=00000008 x15:00000001
14705598ns          239172 1c008d40 00279793 slli             x15, x15, 0x2       x15=00000004 x15:00000001
14705617ns          239173 1c008d42 00d7f7b3 and              x15, x15, x13       x15=00000000 x15:00000004 x13:00001f80
14705637ns          239174 1c008d44 ee873733 p.bclr           x14, x14, 23, 8     x14=00000008 x14:00000008
14705657ns          239175 1c008d48 1a10f6b7 lui              x13, 0x1a10f000     x13=1a10f000
14705677ns          239176 1c008d4c 0ff57513 andi             x10, x10, 255       x10=00000074 x10:00000074
14705697ns          239177 1c008d50 00d70733 add              x14, x14, x13       x14=1a10f008 x14:00000008 x13:1a10f000
14705717ns          239178 1c008d52 00a7e723 p.sw             x10, x0(x15)        x10:00000074 x15:00000000  PA:1a10f008
14706075ns          239196 1c008d56 00000513 addi             x10, x0, 0          x10=00000000
14706095ns          239197 1c008d58 00008067 jalr             x0, x1, 0            x1:1c008e28
14706135ns          239199 1c008e28 31f52563 p.beqimm         x10, 778            x10:00000000
14706154ns          239200 1c008e2c 001d8d93 addi             x27, x27, 1         x27=00000005 x27:00000004
14706174ns          239201 1c008e2e 00044503 lbu              x10, 0(x8)          x10=00000069  x8:1c00002d  PA:1c00002d
14706473ns          239216 1c008e32 00140413 addi             x8, x8, 1            x8=1c00002e  x8:1c00002d
14706493ns          239217 1c008e34 fe0514e3 bne              x10, x0, -24        x10:00000069
14706552ns          239220 1c008e1c 02500793 addi             x15, x0, 37         x15=00000025
14706572ns          239221 1c008e20 04f50863 beq              x10, x15, 80        x10:00000069 x15:00000025
14706592ns          239222 1c008e24 01a005b3 add              x11, x0, x26        x11=00000002 x26:00000002
14706612ns          239223 1c008e26 000b00e7 jalr             x1, x22, 0           x1=1c008e28 x22:1c008d32
14706652ns          239225 1c008d32 000026b7 lui              x13, 0x2000         x13=00002000
14706672ns          239226 1c008d34 f14027f3 csrrs            x15, x0, 0xf14      x15=00000001
14706692ns          239227 1c008d38 f8068693 addi             x13, x13, -128      x13=00001f80 x13:00002000
14706711ns          239228 1c008d3c 00379713 slli             x14, x15, 0x3       x14=00000008 x15:00000001
14706731ns          239229 1c008d40 00279793 slli             x15, x15, 0x2       x15=00000004 x15:00000001
14706751ns          239230 1c008d42 00d7f7b3 and              x15, x15, x13       x15=00000000 x15:00000004 x13:00001f80
14706771ns          239231 1c008d44 ee873733 p.bclr           x14, x14, 23, 8     x14=00000008 x14:00000008
14706791ns          239232 1c008d48 1a10f6b7 lui              x13, 0x1a10f000     x13=1a10f000
14706811ns          239233 1c008d4c 0ff57513 andi             x10, x10, 255       x10=00000069 x10:00000069
14706831ns          239234 1c008d50 00d70733 add              x14, x14, x13       x14=1a10f008 x14:00000008 x13:1a10f000
14706851ns          239235 1c008d52 00a7e723 p.sw             x10, x0(x15)        x10:00000069 x15:00000000  PA:1a10f008
14707169ns          239251 1c008d56 00000513 addi             x10, x0, 0          x10=00000000
14707189ns          239252 1c008d58 00008067 jalr             x0, x1, 0            x1:1c008e28
14707229ns          239254 1c008e28 31f52563 p.beqimm         x10, 778            x10:00000000
14707248ns          239255 1c008e2c 001d8d93 addi             x27, x27, 1         x27=00000006 x27:00000005
14707268ns          239256 1c008e2e 00044503 lbu              x10, 0(x8)          x10=0000006e  x8:1c00002e  PA:1c00002e
14707567ns          239271 1c008e32 00140413 addi             x8, x8, 1            x8=1c00002f  x8:1c00002e
14707587ns          239272 1c008e34 fe0514e3 bne              x10, x0, -24        x10:0000006e
14707646ns          239275 1c008e1c 02500793 addi             x15, x0, 37         x15=00000025
14707666ns          239276 1c008e20 04f50863 beq              x10, x15, 80        x10:0000006e x15:00000025
14707686ns          239277 1c008e24 01a005b3 add              x11, x0, x26        x11=00000002 x26:00000002
14707706ns          239278 1c008e26 000b00e7 jalr             x1, x22, 0           x1=1c008e28 x22:1c008d32
14707746ns          239280 1c008d32 000026b7 lui              x13, 0x2000         x13=00002000
14707766ns          239281 1c008d34 f14027f3 csrrs            x15, x0, 0xf14      x15=00000001
14707786ns          239282 1c008d38 f8068693 addi             x13, x13, -128      x13=00001f80 x13:00002000
14707805ns          239283 1c008d3c 00379713 slli             x14, x15, 0x3       x14=00000008 x15:00000001
14707825ns          239284 1c008d40 00279793 slli             x15, x15, 0x2       x15=00000004 x15:00000001
14707845ns          239285 1c008d42 00d7f7b3 and              x15, x15, x13       x15=00000000 x15:00000004 x13:00001f80
14707865ns          239286 1c008d44 ee873733 p.bclr           x14, x14, 23, 8     x14=00000008 x14:00000008
14707885ns          239287 1c008d48 1a10f6b7 lui              x13, 0x1a10f000     x13=1a10f000
14707905ns          239288 1c008d4c 0ff57513 andi             x10, x10, 255       x10=0000006e x10:0000006e
14707925ns          239289 1c008d50 00d70733 add              x14, x14, x13       x14=1a10f008 x14:00000008 x13:1a10f000
14707945ns          239290 1c008d52 00a7e723 p.sw             x10, x0(x15)        x10:0000006e x15:00000000  PA:1a10f008
14708303ns          239308 1c008d56 00000513 addi             x10, x0, 0          x10=00000000
14708323ns          239309 1c008d58 00008067 jalr             x0, x1, 0            x1:1c008e28
14708362ns          239311 1c008e28 31f52563 p.beqimm         x10, 778            x10:00000000
14708382ns          239312 1c008e2c 001d8d93 addi             x27, x27, 1         x27=00000007 x27:00000006
14708402ns          239313 1c008e2e 00044503 lbu              x10, 0(x8)          x10=00000067  x8:1c00002f  PA:1c00002f
14708700ns          239328 1c008e32 00140413 addi             x8, x8, 1            x8=1c000030  x8:1c00002f
14708720ns          239329 1c008e34 fe0514e3 bne              x10, x0, -24        x10:00000067
14708780ns          239332 1c008e1c 02500793 addi             x15, x0, 37         x15=00000025
14708800ns          239333 1c008e20 04f50863 beq              x10, x15, 80        x10:00000067 x15:00000025
14708820ns          239334 1c008e24 01a005b3 add              x11, x0, x26        x11=00000002 x26:00000002
14708840ns          239335 1c008e26 000b00e7 jalr             x1, x22, 0           x1=1c008e28 x22:1c008d32
14708880ns          239337 1c008d32 000026b7 lui              x13, 0x2000         x13=00002000
14708899ns          239338 1c008d34 f14027f3 csrrs            x15, x0, 0xf14      x15=00000001
14708919ns          239339 1c008d38 f8068693 addi             x13, x13, -128      x13=00001f80 x13:00002000
14708939ns          239340 1c008d3c 00379713 slli             x14, x15, 0x3       x14=00000008 x15:00000001
14708959ns          239341 1c008d40 00279793 slli             x15, x15, 0x2       x15=00000004 x15:00000001
14708979ns          239342 1c008d42 00d7f7b3 and              x15, x15, x13       x15=00000000 x15:00000004 x13:00001f80
14708999ns          239343 1c008d44 ee873733 p.bclr           x14, x14, 23, 8     x14=00000008 x14:00000008
14709019ns          239344 1c008d48 1a10f6b7 lui              x13, 0x1a10f000     x13=1a10f000
14709039ns          239345 1c008d4c 0ff57513 andi             x10, x10, 255       x10=00000067 x10:00000067
14709059ns          239346 1c008d50 00d70733 add              x14, x14, x13       x14=1a10f008 x14:00000008 x13:1a10f000
14709078ns          239347 1c008d52 00a7e723 p.sw             x10, x0(x15)        x10:00000067 x15:00000000  PA:1a10f008
14709397ns          239363 1c008d56 00000513 addi             x10, x0, 0          x10=00000000
14709417ns          239364 1c008d58 00008067 jalr             x0, x1, 0            x1:1c008e28
14709456ns          239366 1c008e28 31f52563 p.beqimm         x10, 778            x10:00000000
14709476ns          239367 1c008e2c 001d8d93 addi             x27, x27, 1         x27=00000008 x27:00000007
14709496ns          239368 1c008e2e 00044503 lbu              x10, 0(x8)          x10=00000020  x8:1c000030  PA:1c000030
14709794ns          239383 1c008e32 00140413 addi             x8, x8, 1            x8=1c000031  x8:1c000030
14709814ns          239384 1c008e34 fe0514e3 bne              x10, x0, -24        x10:00000020
14709874ns          239387 1c008e1c 02500793 addi             x15, x0, 37         x15=00000025
14709894ns          239388 1c008e20 04f50863 beq              x10, x15, 80        x10:00000020 x15:00000025
14709914ns          239389 1c008e24 01a005b3 add              x11, x0, x26        x11=00000002 x26:00000002
14709934ns          239390 1c008e26 000b00e7 jalr             x1, x22, 0           x1=1c008e28 x22:1c008d32
14709973ns          239392 1c008d32 000026b7 lui              x13, 0x2000         x13=00002000
14709993ns          239393 1c008d34 f14027f3 csrrs            x15, x0, 0xf14      x15=00000001
14710013ns          239394 1c008d38 f8068693 addi             x13, x13, -128      x13=00001f80 x13:00002000
14710033ns          239395 1c008d3c 00379713 slli             x14, x15, 0x3       x14=00000008 x15:00000001
14710053ns          239396 1c008d40 00279793 slli             x15, x15, 0x2       x15=00000004 x15:00000001
14710073ns          239397 1c008d42 00d7f7b3 and              x15, x15, x13       x15=00000000 x15:00000004 x13:00001f80
14710093ns          239398 1c008d44 ee873733 p.bclr           x14, x14, 23, 8     x14=00000008 x14:00000008
14710113ns          239399 1c008d48 1a10f6b7 lui              x13, 0x1a10f000     x13=1a10f000
14710133ns          239400 1c008d4c 0ff57513 andi             x10, x10, 255       x10=00000020 x10:00000020
14710153ns          239401 1c008d50 00d70733 add              x14, x14, x13       x14=1a10f008 x14:00000008 x13:1a10f000
14710172ns          239402 1c008d52 00a7e723 p.sw             x10, x0(x15)        x10:00000020 x15:00000000  PA:1a10f008
14710491ns          239418 1c008d56 00000513 addi             x10, x0, 0          x10=00000000
14710511ns          239419 1c008d58 00008067 jalr             x0, x1, 0            x1:1c008e28
14710550ns          239421 1c008e28 31f52563 p.beqimm         x10, 778            x10:00000000
14710570ns          239422 1c008e2c 001d8d93 addi             x27, x27, 1         x27=00000009 x27:00000008
14710590ns          239423 1c008e2e 00044503 lbu              x10, 0(x8)          x10=00000025  x8:1c000031  PA:1c000031
14710888ns          239438 1c008e32 00140413 addi             x8, x8, 1            x8=1c000032  x8:1c000031
14710908ns          239439 1c008e34 fe0514e3 bne              x10, x0, -24        x10:00000025
14710968ns          239442 1c008e1c 02500793 addi             x15, x0, 37         x15=00000025
14710988ns          239443 1c008e20 04f50863 beq              x10, x15, 80        x10:00000025 x15:00000025
14711426ns          239465 1c008e70 00044483 lbu              x9, 0(x8)            x9=00000064  x8:1c000032  PA:1c000032
14711744ns          239481 1c008e74 02000693 addi             x13, x0, 32         x13=00000020
14711764ns          239482 1c008e78 00140a93 addi             x21, x8, 1          x21=1c000033  x8:1c000032
14711784ns          239483 1c008e7c 009005b3 add              x11, x0, x9         x11=00000064  x9:00000064
14711963ns          239492 1c008e7e 150b8513 addi             x10, x23, 336       x10=1c000150 x23:1c000000
14711982ns          239493 1c008e82 00d12823 sw               x13, 16(x2)         x13:00000020  x2:10000cd8  PA:10000ce8
14712002ns          239494 1c008e84 00012c23 sw               x0, 24(x2)           x2:10000cd8  PA:10000cf0
14712022ns          239495 1c008e86 00012a23 sw               x0, 20(x2)           x2:10000cd8  PA:10000cec
14712042ns          239496 1c008e88 00012e23 sw               x0, 28(x2)           x2:10000cd8  PA:10000cf4
14712062ns          239497 1c008e8a 00012623 sw               x0, 12(x2)           x2:10000cd8  PA:10000ce4
14712082ns          239498 1c008e8c 02300913 addi             x18, x0, 35         x18=00000023
14712480ns          239518 1c008e90 02d00a13 addi             x20, x0, 45         x20=0000002d
14712520ns          239520 1c008e94 015009b3 add              x19, x0, x21        x19=1c000033 x21:1c000033
14712539ns          239521 1c008e96 e1dff0ef jal              x1, -484             x1=1c008e98
14713057ns          239547 1c008cb2 00054783 lbu              x15, 0(x10)         x15=0000002d x10:1c000150  PA:1c000150
14713355ns          239562 1c008cb6 0ff5f593 andi             x11, x11, 255       x11=00000064 x11:00000064
14713375ns          239563 1c008cba 00b78c63 beq              x15, x11, 24        x15:0000002d x11:00000064
14713395ns          239564 1c008cbe 00078b63 beq              x15, x0, 22         x15:0000002d
14713554ns          239572 1c008cc0 00150793 addi             x15, x10, 1         x15=1c000151 x10:1c000150
14713594ns          239574 1c008cc4 0040006f jal              x0, 4              
14713633ns          239576 1c008cc8 00f00533 add              x10, x0, x15        x10=1c000151 x15:1c000151
14713653ns          239577 1c008cca 0017c70b p.lbu            x14, 1(x15!)        x14=0000002b x15=1c000152 x15:1c000151  PA:1c000151
14714151ns          239602 1c008cce feb71ce3 bne              x14, x11, -8        x14:0000002b x11:00000064
14714210ns          239605 1c008cc6 00070763 beq              x14, x0, 14         x14:0000002b
14714230ns          239606 1c008cc8 00f00533 add              x10, x0, x15        x10=1c000152 x15:1c000152
14714250ns          239607 1c008cca 0017c70b p.lbu            x14, 1(x15!)        x14=00000020 x15=1c000153 x15:1c000152  PA:1c000152
14714568ns          239623 1c008cce feb71ce3 bne              x14, x11, -8        x14:00000020 x11:00000064
14714628ns          239626 1c008cc6 00070763 beq              x14, x0, 14         x14:00000020
14714648ns          239627 1c008cc8 00f00533 add              x10, x0, x15        x10=1c000153 x15:1c000153
14714668ns          239628 1c008cca 0017c70b p.lbu            x14, 1(x15!)        x14=00000023 x15=1c000154 x15:1c000153  PA:1c000153
14714986ns          239644 1c008cce feb71ce3 bne              x14, x11, -8        x14:00000023 x11:00000064
14715046ns          239647 1c008cc6 00070763 beq              x14, x0, 14         x14:00000023
14715066ns          239648 1c008cc8 00f00533 add              x10, x0, x15        x10=1c000154 x15:1c000154
14715085ns          239649 1c008cca 0017c70b p.lbu            x14, 1(x15!)        x14=00000030 x15=1c000155 x15:1c000154  PA:1c000154
14715424ns          239666 1c008cce feb71ce3 bne              x14, x11, -8        x14:00000030 x11:00000064
14715483ns          239669 1c008cc6 00070763 beq              x14, x0, 14         x14:00000030
14715503ns          239670 1c008cc8 00f00533 add              x10, x0, x15        x10=1c000155 x15:1c000155
14715523ns          239671 1c008cca 0017c70b p.lbu            x14, 1(x15!)        x14=00000000 x15=1c000156 x15:1c000155  PA:1c000155
14715841ns          239687 1c008cce feb71ce3 bne              x14, x11, -8        x14:00000000 x11:00000064
14715901ns          239690 1c008cc6 00070763 beq              x14, x0, 14         x14:00000000
14715961ns          239693 1c008cd4 0015b593 sltiu            x11, x11, 1         x11=00000000 x11:00000064
14715981ns          239694 1c008cd8 40b005b3 sub              x11, x0, x11        x11=00000000 x11:00000000
14716000ns          239695 1c008cdc 00b57533 and              x10, x10, x11       x10=00000000 x10:1c000155 x11:00000000
14716020ns          239696 1c008cde 00008067 jalr             x0, x1, 0            x1:1c008e98
14716458ns          239718 1c008e98 02050a63 beq              x10, x0, 52         x10:00000000
14717393ns          239765 1c008ecc 02a00613 addi             x12, x0, 42         x12=0000002a
14717850ns          239788 1c008ed0 2ac48663 beq              x9, x12, 684         x9:00000064 x12:0000002a
14717890ns          239790 1c008ed4 fd048613 addi             x12, x9, -48        x12=00000034  x9:00000064
14717910ns          239791 1c008ed8 00900593 addi             x11, x0, 9          x11=00000009
14717930ns          239792 1c008eda 00000913 addi             x18, x0, 0          x18=00000000
14717950ns          239793 1c008edc 28c5f063 bgeu             x11, x12, 640       x11:00000009 x12:00000034
14718367ns          239814 1c008ee0 02e00693 addi             x13, x0, 46         x13=0000002e
14718407ns          239816 1c008ee4 fff00a13 addi             x20, x0, -1         x20=ffffffff
14718427ns          239817 1c008ee6 2ed48363 beq              x9, x13, 742         x9:00000064 x13:0000002e
14718447ns          239818 1c008eea 1c0007b7 lui              x15, 0x1c000000     x15=1c000000
14718467ns          239819 1c008eee 009005b3 add              x11, x0, x9         x11=00000064  x9:00000064
14718885ns          239840 1c008ef0 15878513 addi             x10, x15, 344       x10=1c000158 x15:1c000000
14718924ns          239842 1c008ef4 dbfff0ef jal              x1, -578             x1=1c008ef6
14718984ns          239845 1c008cb2 00054783 lbu              x15, 0(x10)         x15=00000068 x10:1c000158  PA:1c000158
14719282ns          239860 1c008cb6 0ff5f593 andi             x11, x11, 255       x11=00000064 x11:00000064
14719302ns          239861 1c008cba 00b78c63 beq              x15, x11, 24        x15:00000068 x11:00000064
14719322ns          239862 1c008cbe 00078b63 beq              x15, x0, 22         x15:00000068
14719342ns          239863 1c008cc0 00150793 addi             x15, x10, 1         x15=1c000159 x10:1c000158
14719362ns          239864 1c008cc4 0040006f jal              x0, 4              
14719402ns          239866 1c008cc8 00f00533 add              x10, x0, x15        x10=1c000159 x15:1c000159
14719422ns          239867 1c008cca 0017c70b p.lbu            x14, 1(x15!)        x14=0000006c x15=1c00015a x15:1c000159  PA:1c000159
14719740ns          239883 1c008cce feb71ce3 bne              x14, x11, -8        x14:0000006c x11:00000064
14719800ns          239886 1c008cc6 00070763 beq              x14, x0, 14         x14:0000006c
14719819ns          239887 1c008cc8 00f00533 add              x10, x0, x15        x10=1c00015a x15:1c00015a
14719839ns          239888 1c008cca 0017c70b p.lbu            x14, 1(x15!)        x14=0000004c x15=1c00015b x15:1c00015a  PA:1c00015a
14720158ns          239904 1c008cce feb71ce3 bne              x14, x11, -8        x14:0000004c x11:00000064
14720217ns          239907 1c008cc6 00070763 beq              x14, x0, 14         x14:0000004c
14720237ns          239908 1c008cc8 00f00533 add              x10, x0, x15        x10=1c00015b x15:1c00015b
14720257ns          239909 1c008cca 0017c70b p.lbu            x14, 1(x15!)        x14=0000007a x15=1c00015c x15:1c00015b  PA:1c00015b
14720575ns          239925 1c008cce feb71ce3 bne              x14, x11, -8        x14:0000007a x11:00000064
14720635ns          239928 1c008cc6 00070763 beq              x14, x0, 14         x14:0000007a
14720655ns          239929 1c008cc8 00f00533 add              x10, x0, x15        x10=1c00015c x15:1c00015c
14720675ns          239930 1c008cca 0017c70b p.lbu            x14, 1(x15!)        x14=00000000 x15=1c00015d x15:1c00015c  PA:1c00015c
14720993ns          239946 1c008cce feb71ce3 bne              x14, x11, -8        x14:00000000 x11:00000064
14721053ns          239949 1c008cc6 00070763 beq              x14, x0, 14         x14:00000000
14721112ns          239952 1c008cd4 0015b593 sltiu            x11, x11, 1         x11=00000000 x11:00000064
14721132ns          239953 1c008cd8 40b005b3 sub              x11, x0, x11        x11=00000000 x11:00000000
14721152ns          239954 1c008cdc 00b57533 and              x10, x10, x11       x10=00000000 x10:1c00015c x11:00000000
14721172ns          239955 1c008cde 00008067 jalr             x0, x1, 0            x1:1c008ef6
14721212ns          239957 1c008ef6 01300433 add              x8, x0, x19          x8=1c000033 x19:1c000033
14721232ns          239958 1c008ef8 00050563 beq              x10, x0, 10         x10:00000000
14721749ns          239984 1c008f02 06700693 addi             x13, x0, 103        x13=00000067
14721769ns          239985 1c008f06 2896d963 bge              x13, x9, 658        x13:00000067  x9:00000064
14722743ns          240034 1c009198 06500693 addi             x13, x0, 101        x13=00000065
14722783ns          240036 1c00919c 12d4d563 bge              x9, x13, 298         x9:00000064 x13:00000065
14723221ns          240058 1c0091a0 04700693 addi             x13, x0, 71         x13=00000047
14723261ns          240060 1c0091a4 dc96cbe3 blt              x13, x9, -554       x13:00000047  x9:00000064
14723778ns          240086 1c008f7a 06300693 addi             x13, x0, 99         x13=00000063
14724215ns          240108 1c008f7e 0ad488e3 beq              x9, x13, 2224        x9:00000064 x13:00000063
14724255ns          240110 1c008f82 0096c9e3 blt              x13, x9, 2066       x13:00000063  x9:00000064
14724732ns          240134 1c009794 000c2583 lw               x11, 0(x24)         x11=00000001 x24:10000e2c  PA:10000e2c
14724772ns          240136 1c009798 004c0c13 addi             x24, x24, 4         x24=10000e30 x24:10000e2c
14724792ns          240137 1c00979a 3405cc63 blt              x11, x0, 856        x11:00000001
14724812ns          240138 1c00979e 01412603 lw               x12, 20(x2)         x12=00000000  x2:10000cd8  PA:10000cec
14725230ns          240159 1c0097a0 00b006b3 add              x13, x0, x11        x13=00000001 x11:00000001
14725269ns          240161 1c0097a2 2e061863 bne              x12, x0, 752        x12:00000000
14725289ns          240162 1c0097a6 01812703 lw               x14, 24(x2)         x14=00000000  x2:10000cd8  PA:10000cf0
14725309ns          240163 1c0097a8 019007b3 add              x15, x0, x25        x15=10000cfc x25:10000cfc
14725329ns          240164 1c0097aa 00070763 beq              x14, x0, 14         x14:00000000
14725787ns          240187 1c0097b8 00f00733 add              x14, x0, x15        x14=10000cfc x15:10000cfc
14725807ns          240188 1c0097ba 00a00513 addi             x10, x0, 10         x10=0000000a
14725826ns          240189 1c0097bc 02a6f633 remu             x12, x13, x10       x12=00000001 x13:00000001 x10:0000000a
14726463ns          240221 1c0097c0 02a6d6b3 divu             x13, x13, x10       x13=00000000 x13:00000001 x10:0000000a
14727080ns          240252 1c0097c4 03060613 addi             x12, x12, 48        x12=00000031 x12:00000001
14727099ns          240253 1c0097c8 00c700ab p.sb             x12, 1(x14!)        x14=10000cfd x12:00000031 x14:10000cfc  PA:10000cfc
14727119ns          240254 1c0097cc fe0698e3 bne              x13, x0, -16        x13:00000000
14727139ns          240255 1c0097ce 40f706b3 sub              x13, x14, x15       x13=00000001 x14:10000cfd x15:10000cfc
14727159ns          240256 1c0097d2 0146dc63 bge              x13, x20, 24        x13:00000001 x20:ffffffff
14727656ns          240281 1c0097ea 00e006b3 add              x13, x0, x14        x13=10000cfd x14:10000cfd
14727696ns          240283 1c0097ec fe068fab p.sb             x0, -1(x13!)        x13=10000cfc x13:10000cfd  PA:10000cfd
14728134ns          240305 1c0097f0 00d7fc63 bgeu             x15, x13, 24        x15:10000cfc x13:10000cfc
14728611ns          240329 1c009808 01412783 lw               x15, 20(x2)         x15=00000000  x2:10000cd8  PA:10000cec
14728631ns          240330 1c00980a 01812603 lw               x12, 24(x2)         x12=00000000  x2:10000cd8  PA:10000cf0
14728651ns          240331 1c00980c 419704b3 sub              x9, x14, x25         x9=00000001 x14:10000cfd x25:10000cfc
14729089ns          240353 1c009810 00c7e7b3 or               x15, x15, x12       x15=00000000 x15:00000000 x12:00000000
14729108ns          240354 1c009812 00f12623 sw               x15, 12(x2)         x15:00000000  x2:10000cd8  PA:10000ce4
14729128ns          240355 1c009814 00079363 bne              x15, x0, 6          x15:00000000
14729148ns          240356 1c009816 01f5d593 srli             x11, x11, 0x1f      x11=00000000 x11:00000001
14729168ns          240357 1c009818 00b12623 sw               x11, 12(x2)         x11:00000000  x2:10000cd8  PA:10000ce4
14729208ns          240359 1c00981a e3fa28e3 p.beqimm         x20, -464           x20:ffffffff
14730103ns          240404 1c00964a 0c800793 addi             x15, x0, 200        x15=000000c8
14730541ns          240426 1c00964e 9e97d0e3 bge              x15, x9, -1568      x15:000000c8  x9:00000001
14731495ns          240474 1c00902e 0f24d163 bge              x9, x18, 226         x9:00000001 x18:00000000
14731973ns          240498 1c009110 d00482e3 beq              x9, x0, -764         x9:00000001
14732012ns          240500 1c009114 01900933 add              x18, x0, x25        x18=10000cfc x25:10000cfc
14732032ns          240501 1c009116 419d8db3 sub              x27, x27, x25       x27=effff30d x27:00000009 x25:10000cfc
14732052ns          240502 1c00911a 00a0006f jal              x0, 10             
14732530ns          240526 1c009124 0019450b p.lbu            x10, 1(x18!)        x10=00000031 x18=10000cfd x18:10000cfc  PA:10000cfc
14732550ns          240527 1c009128 01a005b3 add              x11, x0, x26        x11=00000002 x26:00000002
14732569ns          240528 1c00912a 000b00e7 jalr             x1, x22, 0           x1=1c00912c x22:1c008d32
14733047ns          240552 1c008d32 000026b7 lui              x13, 0x2000         x13=00002000
14733067ns          240553 1c008d34 f14027f3 csrrs            x15, x0, 0xf14      x15=00000001
14733087ns          240554 1c008d38 f8068693 addi             x13, x13, -128      x13=00001f80 x13:00002000
14733106ns          240555 1c008d3c 00379713 slli             x14, x15, 0x3       x14=00000008 x15:00000001
14733126ns          240556 1c008d40 00279793 slli             x15, x15, 0x2       x15=00000004 x15:00000001
14733146ns          240557 1c008d42 00d7f7b3 and              x15, x15, x13       x15=00000000 x15:00000004 x13:00001f80
14733166ns          240558 1c008d44 ee873733 p.bclr           x14, x14, 23, 8     x14=00000008 x14:00000008
14733186ns          240559 1c008d48 1a10f6b7 lui              x13, 0x1a10f000     x13=1a10f000
14733206ns          240560 1c008d4c 0ff57513 andi             x10, x10, 255       x10=00000031 x10:00000031
14733226ns          240561 1c008d50 00d70733 add              x14, x14, x13       x14=1a10f008 x14:00000008 x13:1a10f000
14733246ns          240562 1c008d52 00a7e723 p.sw             x10, x0(x15)        x10:00000031 x15:00000000  PA:1a10f008
14733604ns          240580 1c008d56 00000513 addi             x10, x0, 0          x10=00000000
14733624ns          240581 1c008d58 00008067 jalr             x0, x1, 0            x1:1c00912c
14733663ns          240583 1c00912c fff48493 addi             x9, x9, -1           x9=00000000  x9:00000001
14733683ns          240584 1c00912e fff537e3 p.bneimm         x10, -18            x10:00000000
14733743ns          240587 1c00911c 012d8733 add              x14, x27, x18       x14=0000000a x27:effff30d x18:10000cfd
14733763ns          240588 1c009120 5a048b63 beq              x9, x0, 1462         x9:00000000
14734220ns          240611 1c0096d6 00e00db3 add              x27, x0, x14        x27=0000000a x14:0000000a
14734260ns          240613 1c0096d8 f3cff06f jal              x0, -2244          
14734340ns          240617 1c008e14 00044503 lbu              x10, 0(x8)          x10=00000020  x8:1c000033  PA:1c000033
14734658ns          240633 1c008e18 00140413 addi             x8, x8, 1            x8=1c000034  x8:1c000033
14734678ns          240634 1c008e1a 00050e63 beq              x10, x0, 28         x10:00000020
14734698ns          240635 1c008e1c 02500793 addi             x15, x0, 37         x15=00000025
14734718ns          240636 1c008e20 04f50863 beq              x10, x15, 80        x10:00000020 x15:00000025
14734737ns          240637 1c008e24 01a005b3 add              x11, x0, x26        x11=00000002 x26:00000002
14734757ns          240638 1c008e26 000b00e7 jalr             x1, x22, 0           x1=1c008e28 x22:1c008d32
14734857ns          240643 1c008d32 000026b7 lui              x13, 0x2000         x13=00002000
14734877ns          240644 1c008d34 f14027f3 csrrs            x15, x0, 0xf14      x15=00000001
14734897ns          240645 1c008d38 f8068693 addi             x13, x13, -128      x13=00001f80 x13:00002000
14734917ns          240646 1c008d3c 00379713 slli             x14, x15, 0x3       x14=00000008 x15:00000001
14734936ns          240647 1c008d40 00279793 slli             x15, x15, 0x2       x15=00000004 x15:00000001
14734956ns          240648 1c008d42 00d7f7b3 and              x15, x15, x13       x15=00000000 x15:00000004 x13:00001f80
14734976ns          240649 1c008d44 ee873733 p.bclr           x14, x14, 23, 8     x14=00000008 x14:00000008
14734996ns          240650 1c008d48 1a10f6b7 lui              x13, 0x1a10f000     x13=1a10f000
14735016ns          240651 1c008d4c 0ff57513 andi             x10, x10, 255       x10=00000020 x10:00000020
14735036ns          240652 1c008d50 00d70733 add              x14, x14, x13       x14=1a10f008 x14:00000008 x13:1a10f000
14735056ns          240653 1c008d52 00a7e723 p.sw             x10, x0(x15)        x10:00000020 x15:00000000  PA:1a10f008
14735434ns          240672 1c008d56 00000513 addi             x10, x0, 0          x10=00000000
14735454ns          240673 1c008d58 00008067 jalr             x0, x1, 0            x1:1c008e28
14735493ns          240675 1c008e28 31f52563 p.beqimm         x10, 778            x10:00000000
14735513ns          240676 1c008e2c 001d8d93 addi             x27, x27, 1         x27=0000000b x27:0000000a
14735533ns          240677 1c008e2e 00044503 lbu              x10, 0(x8)          x10=0000006b  x8:1c000034  PA:1c000034
14735831ns          240692 1c008e32 00140413 addi             x8, x8, 1            x8=1c000035  x8:1c000034
14735851ns          240693 1c008e34 fe0514e3 bne              x10, x0, -24        x10:0000006b
14735911ns          240696 1c008e1c 02500793 addi             x15, x0, 37         x15=00000025
14735931ns          240697 1c008e20 04f50863 beq              x10, x15, 80        x10:0000006b x15:00000025
14735951ns          240698 1c008e24 01a005b3 add              x11, x0, x26        x11=00000002 x26:00000002
14735971ns          240699 1c008e26 000b00e7 jalr             x1, x22, 0           x1=1c008e28 x22:1c008d32
14736010ns          240701 1c008d32 000026b7 lui              x13, 0x2000         x13=00002000
14736030ns          240702 1c008d34 f14027f3 csrrs            x15, x0, 0xf14      x15=00000001
14736050ns          240703 1c008d38 f8068693 addi             x13, x13, -128      x13=00001f80 x13:00002000
14736070ns          240704 1c008d3c 00379713 slli             x14, x15, 0x3       x14=00000008 x15:00000001
14736090ns          240705 1c008d40 00279793 slli             x15, x15, 0x2       x15=00000004 x15:00000001
14736110ns          240706 1c008d42 00d7f7b3 and              x15, x15, x13       x15=00000000 x15:00000004 x13:00001f80
14736130ns          240707 1c008d44 ee873733 p.bclr           x14, x14, 23, 8     x14=00000008 x14:00000008
14736150ns          240708 1c008d48 1a10f6b7 lui              x13, 0x1a10f000     x13=1a10f000
14736170ns          240709 1c008d4c 0ff57513 andi             x10, x10, 255       x10=0000006b x10:0000006b
14736190ns          240710 1c008d50 00d70733 add              x14, x14, x13       x14=1a10f008 x14:00000008 x13:1a10f000
14736209ns          240711 1c008d52 00a7e723 p.sw             x10, x0(x15)        x10:0000006b x15:00000000  PA:1a10f008
14736528ns          240727 1c008d56 00000513 addi             x10, x0, 0          x10=00000000
14736548ns          240728 1c008d58 00008067 jalr             x0, x1, 0            x1:1c008e28
14736587ns          240730 1c008e28 31f52563 p.beqimm         x10, 778            x10:00000000
14736607ns          240731 1c008e2c 001d8d93 addi             x27, x27, 1         x27=0000000c x27:0000000b
14736627ns          240732 1c008e2e 00044503 lbu              x10, 0(x8)          x10=00000065  x8:1c000035  PA:1c000035
14736925ns          240747 1c008e32 00140413 addi             x8, x8, 1            x8=1c000036  x8:1c000035
14736945ns          240748 1c008e34 fe0514e3 bne              x10, x0, -24        x10:00000065
14737005ns          240751 1c008e1c 02500793 addi             x15, x0, 37         x15=00000025
14737025ns          240752 1c008e20 04f50863 beq              x10, x15, 80        x10:00000065 x15:00000025
14737045ns          240753 1c008e24 01a005b3 add              x11, x0, x26        x11=00000002 x26:00000002
14737065ns          240754 1c008e26 000b00e7 jalr             x1, x22, 0           x1=1c008e28 x22:1c008d32
14737104ns          240756 1c008d32 000026b7 lui              x13, 0x2000         x13=00002000
14737124ns          240757 1c008d34 f14027f3 csrrs            x15, x0, 0xf14      x15=00000001
14737144ns          240758 1c008d38 f8068693 addi             x13, x13, -128      x13=00001f80 x13:00002000
14737164ns          240759 1c008d3c 00379713 slli             x14, x15, 0x3       x14=00000008 x15:00000001
14737184ns          240760 1c008d40 00279793 slli             x15, x15, 0x2       x15=00000004 x15:00000001
14737204ns          240761 1c008d42 00d7f7b3 and              x15, x15, x13       x15=00000000 x15:00000004 x13:00001f80
14737224ns          240762 1c008d44 ee873733 p.bclr           x14, x14, 23, 8     x14=00000008 x14:00000008
14737244ns          240763 1c008d48 1a10f6b7 lui              x13, 0x1a10f000     x13=1a10f000
14737264ns          240764 1c008d4c 0ff57513 andi             x10, x10, 255       x10=00000065 x10:00000065
14737284ns          240765 1c008d50 00d70733 add              x14, x14, x13       x14=1a10f008 x14:00000008 x13:1a10f000
14737303ns          240766 1c008d52 00a7e723 p.sw             x10, x0(x15)        x10:00000065 x15:00000000  PA:1a10f008
14737622ns          240782 1c008d56 00000513 addi             x10, x0, 0          x10=00000000
14737642ns          240783 1c008d58 00008067 jalr             x0, x1, 0            x1:1c008e28
14737681ns          240785 1c008e28 31f52563 p.beqimm         x10, 778            x10:00000000
14737701ns          240786 1c008e2c 001d8d93 addi             x27, x27, 1         x27=0000000d x27:0000000c
14737721ns          240787 1c008e2e 00044503 lbu              x10, 0(x8)          x10=00000072  x8:1c000036  PA:1c000036
14738039ns          240803 1c008e32 00140413 addi             x8, x8, 1            x8=1c000037  x8:1c000036
14738059ns          240804 1c008e34 fe0514e3 bne              x10, x0, -24        x10:00000072
14738119ns          240807 1c008e1c 02500793 addi             x15, x0, 37         x15=00000025
14738139ns          240808 1c008e20 04f50863 beq              x10, x15, 80        x10:00000072 x15:00000025
14738159ns          240809 1c008e24 01a005b3 add              x11, x0, x26        x11=00000002 x26:00000002
14738179ns          240810 1c008e26 000b00e7 jalr             x1, x22, 0           x1=1c008e28 x22:1c008d32
14738218ns          240812 1c008d32 000026b7 lui              x13, 0x2000         x13=00002000
14738238ns          240813 1c008d34 f14027f3 csrrs            x15, x0, 0xf14      x15=00000001
14738258ns          240814 1c008d38 f8068693 addi             x13, x13, -128      x13=00001f80 x13:00002000
14738278ns          240815 1c008d3c 00379713 slli             x14, x15, 0x3       x14=00000008 x15:00000001
14738298ns          240816 1c008d40 00279793 slli             x15, x15, 0x2       x15=00000004 x15:00000001
14738318ns          240817 1c008d42 00d7f7b3 and              x15, x15, x13       x15=00000000 x15:00000004 x13:00001f80
14738338ns          240818 1c008d44 ee873733 p.bclr           x14, x14, 23, 8     x14=00000008 x14:00000008
14738358ns          240819 1c008d48 1a10f6b7 lui              x13, 0x1a10f000     x13=1a10f000
14738377ns          240820 1c008d4c 0ff57513 andi             x10, x10, 255       x10=00000072 x10:00000072
14738397ns          240821 1c008d50 00d70733 add              x14, x14, x13       x14=1a10f008 x14:00000008 x13:1a10f000
14738417ns          240822 1c008d52 00a7e723 p.sw             x10, x0(x15)        x10:00000072 x15:00000000  PA:1a10f008
14738736ns          240838 1c008d56 00000513 addi             x10, x0, 0          x10=00000000
14738755ns          240839 1c008d58 00008067 jalr             x0, x1, 0            x1:1c008e28
14738795ns          240841 1c008e28 31f52563 p.beqimm         x10, 778            x10:00000000
14738815ns          240842 1c008e2c 001d8d93 addi             x27, x27, 1         x27=0000000e x27:0000000d
14738835ns          240843 1c008e2e 00044503 lbu              x10, 0(x8)          x10=0000006e  x8:1c000037  PA:1c000037
14739133ns          240858 1c008e32 00140413 addi             x8, x8, 1            x8=1c000038  x8:1c000037
14739153ns          240859 1c008e34 fe0514e3 bne              x10, x0, -24        x10:0000006e
14739213ns          240862 1c008e1c 02500793 addi             x15, x0, 37         x15=00000025
14739233ns          240863 1c008e20 04f50863 beq              x10, x15, 80        x10:0000006e x15:00000025
14739253ns          240864 1c008e24 01a005b3 add              x11, x0, x26        x11=00000002 x26:00000002
14739273ns          240865 1c008e26 000b00e7 jalr             x1, x22, 0           x1=1c008e28 x22:1c008d32
14739312ns          240867 1c008d32 000026b7 lui              x13, 0x2000         x13=00002000
14739332ns          240868 1c008d34 f14027f3 csrrs            x15, x0, 0xf14      x15=00000001
14739352ns          240869 1c008d38 f8068693 addi             x13, x13, -128      x13=00001f80 x13:00002000
14739372ns          240870 1c008d3c 00379713 slli             x14, x15, 0x3       x14=00000008 x15:00000001
14739392ns          240871 1c008d40 00279793 slli             x15, x15, 0x2       x15=00000004 x15:00000001
14739412ns          240872 1c008d42 00d7f7b3 and              x15, x15, x13       x15=00000000 x15:00000004 x13:00001f80
14739432ns          240873 1c008d44 ee873733 p.bclr           x14, x14, 23, 8     x14=00000008 x14:00000008
14739452ns          240874 1c008d48 1a10f6b7 lui              x13, 0x1a10f000     x13=1a10f000
14739471ns          240875 1c008d4c 0ff57513 andi             x10, x10, 255       x10=0000006e x10:0000006e
14739491ns          240876 1c008d50 00d70733 add              x14, x14, x13       x14=1a10f008 x14:00000008 x13:1a10f000
14739511ns          240877 1c008d52 00a7e723 p.sw             x10, x0(x15)        x10:0000006e x15:00000000  PA:1a10f008
14739830ns          240893 1c008d56 00000513 addi             x10, x0, 0          x10=00000000
14739849ns          240894 1c008d58 00008067 jalr             x0, x1, 0            x1:1c008e28
14739889ns          240896 1c008e28 31f52563 p.beqimm         x10, 778            x10:00000000
14739909ns          240897 1c008e2c 001d8d93 addi             x27, x27, 1         x27=0000000f x27:0000000e
14739929ns          240898 1c008e2e 00044503 lbu              x10, 0(x8)          x10=00000065  x8:1c000038  PA:1c000038
14740227ns          240913 1c008e32 00140413 addi             x8, x8, 1            x8=1c000039  x8:1c000038
14740247ns          240914 1c008e34 fe0514e3 bne              x10, x0, -24        x10:00000065
14740307ns          240917 1c008e1c 02500793 addi             x15, x0, 37         x15=00000025
14740327ns          240918 1c008e20 04f50863 beq              x10, x15, 80        x10:00000065 x15:00000025
14740347ns          240919 1c008e24 01a005b3 add              x11, x0, x26        x11=00000002 x26:00000002
14740367ns          240920 1c008e26 000b00e7 jalr             x1, x22, 0           x1=1c008e28 x22:1c008d32
14740406ns          240922 1c008d32 000026b7 lui              x13, 0x2000         x13=00002000
14740426ns          240923 1c008d34 f14027f3 csrrs            x15, x0, 0xf14      x15=00000001
14740446ns          240924 1c008d38 f8068693 addi             x13, x13, -128      x13=00001f80 x13:00002000
14740466ns          240925 1c008d3c 00379713 slli             x14, x15, 0x3       x14=00000008 x15:00000001
14740486ns          240926 1c008d40 00279793 slli             x15, x15, 0x2       x15=00000004 x15:00000001
14740506ns          240927 1c008d42 00d7f7b3 and              x15, x15, x13       x15=00000000 x15:00000004 x13:00001f80
14740526ns          240928 1c008d44 ee873733 p.bclr           x14, x14, 23, 8     x14=00000008 x14:00000008
14740546ns          240929 1c008d48 1a10f6b7 lui              x13, 0x1a10f000     x13=1a10f000
14740565ns          240930 1c008d4c 0ff57513 andi             x10, x10, 255       x10=00000065 x10:00000065
14740585ns          240931 1c008d50 00d70733 add              x14, x14, x13       x14=1a10f008 x14:00000008 x13:1a10f000
14740605ns          240932 1c008d52 00a7e723 p.sw             x10, x0(x15)        x10:00000065 x15:00000000  PA:1a10f008
14740924ns          240948 1c008d56 00000513 addi             x10, x0, 0          x10=00000000
14740943ns          240949 1c008d58 00008067 jalr             x0, x1, 0            x1:1c008e28
14740983ns          240951 1c008e28 31f52563 p.beqimm         x10, 778            x10:00000000
14741003ns          240952 1c008e2c 001d8d93 addi             x27, x27, 1         x27=00000010 x27:0000000f
14741023ns          240953 1c008e2e 00044503 lbu              x10, 0(x8)          x10=0000006c  x8:1c000039  PA:1c000039
14741321ns          240968 1c008e32 00140413 addi             x8, x8, 1            x8=1c00003a  x8:1c000039
14741341ns          240969 1c008e34 fe0514e3 bne              x10, x0, -24        x10:0000006c
14741401ns          240972 1c008e1c 02500793 addi             x15, x0, 37         x15=00000025
14741421ns          240973 1c008e20 04f50863 beq              x10, x15, 80        x10:0000006c x15:00000025
14741441ns          240974 1c008e24 01a005b3 add              x11, x0, x26        x11=00000002 x26:00000002
14741461ns          240975 1c008e26 000b00e7 jalr             x1, x22, 0           x1=1c008e28 x22:1c008d32
14741500ns          240977 1c008d32 000026b7 lui              x13, 0x2000         x13=00002000
14741520ns          240978 1c008d34 f14027f3 csrrs            x15, x0, 0xf14      x15=00000001
14741540ns          240979 1c008d38 f8068693 addi             x13, x13, -128      x13=00001f80 x13:00002000
14741560ns          240980 1c008d3c 00379713 slli             x14, x15, 0x3       x14=00000008 x15:00000001
14741580ns          240981 1c008d40 00279793 slli             x15, x15, 0x2       x15=00000004 x15:00000001
14741600ns          240982 1c008d42 00d7f7b3 and              x15, x15, x13       x15=00000000 x15:00000004 x13:00001f80
14741620ns          240983 1c008d44 ee873733 p.bclr           x14, x14, 23, 8     x14=00000008 x14:00000008
14741640ns          240984 1c008d48 1a10f6b7 lui              x13, 0x1a10f000     x13=1a10f000
14741659ns          240985 1c008d4c 0ff57513 andi             x10, x10, 255       x10=0000006c x10:0000006c
14741679ns          240986 1c008d50 00d70733 add              x14, x14, x13       x14=1a10f008 x14:00000008 x13:1a10f000
14741699ns          240987 1c008d52 00a7e723 p.sw             x10, x0(x15)        x10:0000006c x15:00000000  PA:1a10f008
14742037ns          241004 1c008d56 00000513 addi             x10, x0, 0          x10=00000000
14742057ns          241005 1c008d58 00008067 jalr             x0, x1, 0            x1:1c008e28
14742097ns          241007 1c008e28 31f52563 p.beqimm         x10, 778            x10:00000000
14742117ns          241008 1c008e2c 001d8d93 addi             x27, x27, 1         x27=00000011 x27:00000010
14742137ns          241009 1c008e2e 00044503 lbu              x10, 0(x8)          x10=00000020  x8:1c00003a  PA:1c00003a
14742435ns          241024 1c008e32 00140413 addi             x8, x8, 1            x8=1c00003b  x8:1c00003a
14742455ns          241025 1c008e34 fe0514e3 bne              x10, x0, -24        x10:00000020
14742515ns          241028 1c008e1c 02500793 addi             x15, x0, 37         x15=00000025
14742535ns          241029 1c008e20 04f50863 beq              x10, x15, 80        x10:00000020 x15:00000025
14742555ns          241030 1c008e24 01a005b3 add              x11, x0, x26        x11=00000002 x26:00000002
14742574ns          241031 1c008e26 000b00e7 jalr             x1, x22, 0           x1=1c008e28 x22:1c008d32
14742614ns          241033 1c008d32 000026b7 lui              x13, 0x2000         x13=00002000
14742634ns          241034 1c008d34 f14027f3 csrrs            x15, x0, 0xf14      x15=00000001
14742654ns          241035 1c008d38 f8068693 addi             x13, x13, -128      x13=00001f80 x13:00002000
14742674ns          241036 1c008d3c 00379713 slli             x14, x15, 0x3       x14=00000008 x15:00000001
14742694ns          241037 1c008d40 00279793 slli             x15, x15, 0x2       x15=00000004 x15:00000001
14742714ns          241038 1c008d42 00d7f7b3 and              x15, x15, x13       x15=00000000 x15:00000004 x13:00001f80
14742734ns          241039 1c008d44 ee873733 p.bclr           x14, x14, 23, 8     x14=00000008 x14:00000008
14742753ns          241040 1c008d48 1a10f6b7 lui              x13, 0x1a10f000     x13=1a10f000
14742773ns          241041 1c008d4c 0ff57513 andi             x10, x10, 255       x10=00000020 x10:00000020
14742793ns          241042 1c008d50 00d70733 add              x14, x14, x13       x14=1a10f008 x14:00000008 x13:1a10f000
14742813ns          241043 1c008d52 00a7e723 p.sw             x10, x0(x15)        x10:00000020 x15:00000000  PA:1a10f008
14743131ns          241059 1c008d56 00000513 addi             x10, x0, 0          x10=00000000
14743151ns          241060 1c008d58 00008067 jalr             x0, x1, 0            x1:1c008e28
14743191ns          241062 1c008e28 31f52563 p.beqimm         x10, 778            x10:00000000
14743211ns          241063 1c008e2c 001d8d93 addi             x27, x27, 1         x27=00000012 x27:00000011
14743231ns          241064 1c008e2e 00044503 lbu              x10, 0(x8)          x10=00000069  x8:1c00003b  PA:1c00003b
14743529ns          241079 1c008e32 00140413 addi             x8, x8, 1            x8=1c00003c  x8:1c00003b
14743549ns          241080 1c008e34 fe0514e3 bne              x10, x0, -24        x10:00000069
14743609ns          241083 1c008e1c 02500793 addi             x15, x0, 37         x15=00000025
14743629ns          241084 1c008e20 04f50863 beq              x10, x15, 80        x10:00000069 x15:00000025
14743649ns          241085 1c008e24 01a005b3 add              x11, x0, x26        x11=00000002 x26:00000002
14743668ns          241086 1c008e26 000b00e7 jalr             x1, x22, 0           x1=1c008e28 x22:1c008d32
14743708ns          241088 1c008d32 000026b7 lui              x13, 0x2000         x13=00002000
14743728ns          241089 1c008d34 f14027f3 csrrs            x15, x0, 0xf14      x15=00000001
14743748ns          241090 1c008d38 f8068693 addi             x13, x13, -128      x13=00001f80 x13:00002000
14743768ns          241091 1c008d3c 00379713 slli             x14, x15, 0x3       x14=00000008 x15:00000001
14743788ns          241092 1c008d40 00279793 slli             x15, x15, 0x2       x15=00000004 x15:00000001
14743808ns          241093 1c008d42 00d7f7b3 and              x15, x15, x13       x15=00000000 x15:00000004 x13:00001f80
14743828ns          241094 1c008d44 ee873733 p.bclr           x14, x14, 23, 8     x14=00000008 x14:00000008
14743847ns          241095 1c008d48 1a10f6b7 lui              x13, 0x1a10f000     x13=1a10f000
14743867ns          241096 1c008d4c 0ff57513 andi             x10, x10, 255       x10=00000069 x10:00000069
14743887ns          241097 1c008d50 00d70733 add              x14, x14, x13       x14=1a10f008 x14:00000008 x13:1a10f000
14743907ns          241098 1c008d52 00a7e723 p.sw             x10, x0(x15)        x10:00000069 x15:00000000  PA:1a10f008
14744225ns          241114 1c008d56 00000513 addi             x10, x0, 0          x10=00000000
14744245ns          241115 1c008d58 00008067 jalr             x0, x1, 0            x1:1c008e28
14744285ns          241117 1c008e28 31f52563 p.beqimm         x10, 778            x10:00000000
14744305ns          241118 1c008e2c 001d8d93 addi             x27, x27, 1         x27=00000013 x27:00000012
14744325ns          241119 1c008e2e 00044503 lbu              x10, 0(x8)          x10=00000074  x8:1c00003c  PA:1c00003c
14744623ns          241134 1c008e32 00140413 addi             x8, x8, 1            x8=1c00003d  x8:1c00003c
14744643ns          241135 1c008e34 fe0514e3 bne              x10, x0, -24        x10:00000074
14744703ns          241138 1c008e1c 02500793 addi             x15, x0, 37         x15=00000025
14744723ns          241139 1c008e20 04f50863 beq              x10, x15, 80        x10:00000074 x15:00000025
14744743ns          241140 1c008e24 01a005b3 add              x11, x0, x26        x11=00000002 x26:00000002
14744762ns          241141 1c008e26 000b00e7 jalr             x1, x22, 0           x1=1c008e28 x22:1c008d32
14744802ns          241143 1c008d32 000026b7 lui              x13, 0x2000         x13=00002000
14744822ns          241144 1c008d34 f14027f3 csrrs            x15, x0, 0xf14      x15=00000001
14744842ns          241145 1c008d38 f8068693 addi             x13, x13, -128      x13=00001f80 x13:00002000
14744862ns          241146 1c008d3c 00379713 slli             x14, x15, 0x3       x14=00000008 x15:00000001
14744882ns          241147 1c008d40 00279793 slli             x15, x15, 0x2       x15=00000004 x15:00000001
14744902ns          241148 1c008d42 00d7f7b3 and              x15, x15, x13       x15=00000000 x15:00000004 x13:00001f80
14744922ns          241149 1c008d44 ee873733 p.bclr           x14, x14, 23, 8     x14=00000008 x14:00000008
14744941ns          241150 1c008d48 1a10f6b7 lui              x13, 0x1a10f000     x13=1a10f000
14744961ns          241151 1c008d4c 0ff57513 andi             x10, x10, 255       x10=00000074 x10:00000074
14744981ns          241152 1c008d50 00d70733 add              x14, x14, x13       x14=1a10f008 x14:00000008 x13:1a10f000
14745001ns          241153 1c008d52 00a7e723 p.sw             x10, x0(x15)        x10:00000074 x15:00000000  PA:1a10f008
14745319ns          241169 1c008d56 00000513 addi             x10, x0, 0          x10=00000000
14745339ns          241170 1c008d58 00008067 jalr             x0, x1, 0            x1:1c008e28
14745379ns          241172 1c008e28 31f52563 p.beqimm         x10, 778            x10:00000000
14745399ns          241173 1c008e2c 001d8d93 addi             x27, x27, 1         x27=00000014 x27:00000013
14745419ns          241174 1c008e2e 00044503 lbu              x10, 0(x8)          x10=00000065  x8:1c00003d  PA:1c00003d
14745717ns          241189 1c008e32 00140413 addi             x8, x8, 1            x8=1c00003e  x8:1c00003d
14745737ns          241190 1c008e34 fe0514e3 bne              x10, x0, -24        x10:00000065
14745797ns          241193 1c008e1c 02500793 addi             x15, x0, 37         x15=00000025
14745817ns          241194 1c008e20 04f50863 beq              x10, x15, 80        x10:00000065 x15:00000025
14745837ns          241195 1c008e24 01a005b3 add              x11, x0, x26        x11=00000002 x26:00000002
14745856ns          241196 1c008e26 000b00e7 jalr             x1, x22, 0           x1=1c008e28 x22:1c008d32
14745896ns          241198 1c008d32 000026b7 lui              x13, 0x2000         x13=00002000
14745916ns          241199 1c008d34 f14027f3 csrrs            x15, x0, 0xf14      x15=00000001
14745936ns          241200 1c008d38 f8068693 addi             x13, x13, -128      x13=00001f80 x13:00002000
14745956ns          241201 1c008d3c 00379713 slli             x14, x15, 0x3       x14=00000008 x15:00000001
14745976ns          241202 1c008d40 00279793 slli             x15, x15, 0x2       x15=00000004 x15:00000001
14745996ns          241203 1c008d42 00d7f7b3 and              x15, x15, x13       x15=00000000 x15:00000004 x13:00001f80
14746016ns          241204 1c008d44 ee873733 p.bclr           x14, x14, 23, 8     x14=00000008 x14:00000008
14746035ns          241205 1c008d48 1a10f6b7 lui              x13, 0x1a10f000     x13=1a10f000
14746055ns          241206 1c008d4c 0ff57513 andi             x10, x10, 255       x10=00000065 x10:00000065
14746075ns          241207 1c008d50 00d70733 add              x14, x14, x13       x14=1a10f008 x14:00000008 x13:1a10f000
14746095ns          241208 1c008d52 00a7e723 p.sw             x10, x0(x15)        x10:00000065 x15:00000000  PA:1a10f008
14746413ns          241224 1c008d56 00000513 addi             x10, x0, 0          x10=00000000
14746433ns          241225 1c008d58 00008067 jalr             x0, x1, 0            x1:1c008e28
14746473ns          241227 1c008e28 31f52563 p.beqimm         x10, 778            x10:00000000
14746493ns          241228 1c008e2c 001d8d93 addi             x27, x27, 1         x27=00000015 x27:00000014
14746513ns          241229 1c008e2e 00044503 lbu              x10, 0(x8)          x10=00000072  x8:1c00003e  PA:1c00003e
14746811ns          241244 1c008e32 00140413 addi             x8, x8, 1            x8=1c00003f  x8:1c00003e
14746831ns          241245 1c008e34 fe0514e3 bne              x10, x0, -24        x10:00000072
14746891ns          241248 1c008e1c 02500793 addi             x15, x0, 37         x15=00000025
14746911ns          241249 1c008e20 04f50863 beq              x10, x15, 80        x10:00000072 x15:00000025
14746931ns          241250 1c008e24 01a005b3 add              x11, x0, x26        x11=00000002 x26:00000002
14746950ns          241251 1c008e26 000b00e7 jalr             x1, x22, 0           x1=1c008e28 x22:1c008d32
14746990ns          241253 1c008d32 000026b7 lui              x13, 0x2000         x13=00002000
14747010ns          241254 1c008d34 f14027f3 csrrs            x15, x0, 0xf14      x15=00000001
14747030ns          241255 1c008d38 f8068693 addi             x13, x13, -128      x13=00001f80 x13:00002000
14747050ns          241256 1c008d3c 00379713 slli             x14, x15, 0x3       x14=00000008 x15:00000001
14747070ns          241257 1c008d40 00279793 slli             x15, x15, 0x2       x15=00000004 x15:00000001
14747090ns          241258 1c008d42 00d7f7b3 and              x15, x15, x13       x15=00000000 x15:00000004 x13:00001f80
14747110ns          241259 1c008d44 ee873733 p.bclr           x14, x14, 23, 8     x14=00000008 x14:00000008
14747129ns          241260 1c008d48 1a10f6b7 lui              x13, 0x1a10f000     x13=1a10f000
14747149ns          241261 1c008d4c 0ff57513 andi             x10, x10, 255       x10=00000072 x10:00000072
14747169ns          241262 1c008d50 00d70733 add              x14, x14, x13       x14=1a10f008 x14:00000008 x13:1a10f000
14747189ns          241263 1c008d52 00a7e723 p.sw             x10, x0(x15)        x10:00000072 x15:00000000  PA:1a10f008
14747527ns          241280 1c008d56 00000513 addi             x10, x0, 0          x10=00000000
14747547ns          241281 1c008d58 00008067 jalr             x0, x1, 0            x1:1c008e28
14747587ns          241283 1c008e28 31f52563 p.beqimm         x10, 778            x10:00000000
14747607ns          241284 1c008e2c 001d8d93 addi             x27, x27, 1         x27=00000016 x27:00000015
14747627ns          241285 1c008e2e 00044503 lbu              x10, 0(x8)          x10=00000061  x8:1c00003f  PA:1c00003f
14747925ns          241300 1c008e32 00140413 addi             x8, x8, 1            x8=1c000040  x8:1c00003f
14747945ns          241301 1c008e34 fe0514e3 bne              x10, x0, -24        x10:00000061
14748005ns          241304 1c008e1c 02500793 addi             x15, x0, 37         x15=00000025
14748025ns          241305 1c008e20 04f50863 beq              x10, x15, 80        x10:00000061 x15:00000025
14748044ns          241306 1c008e24 01a005b3 add              x11, x0, x26        x11=00000002 x26:00000002
14748064ns          241307 1c008e26 000b00e7 jalr             x1, x22, 0           x1=1c008e28 x22:1c008d32
14748104ns          241309 1c008d32 000026b7 lui              x13, 0x2000         x13=00002000
14748124ns          241310 1c008d34 f14027f3 csrrs            x15, x0, 0xf14      x15=00000001
14748144ns          241311 1c008d38 f8068693 addi             x13, x13, -128      x13=00001f80 x13:00002000
14748164ns          241312 1c008d3c 00379713 slli             x14, x15, 0x3       x14=00000008 x15:00000001
14748184ns          241313 1c008d40 00279793 slli             x15, x15, 0x2       x15=00000004 x15:00000001
14748204ns          241314 1c008d42 00d7f7b3 and              x15, x15, x13       x15=00000000 x15:00000004 x13:00001f80
14748223ns          241315 1c008d44 ee873733 p.bclr           x14, x14, 23, 8     x14=00000008 x14:00000008
14748243ns          241316 1c008d48 1a10f6b7 lui              x13, 0x1a10f000     x13=1a10f000
14748263ns          241317 1c008d4c 0ff57513 andi             x10, x10, 255       x10=00000061 x10:00000061
14748283ns          241318 1c008d50 00d70733 add              x14, x14, x13       x14=1a10f008 x14:00000008 x13:1a10f000
14748303ns          241319 1c008d52 00a7e723 p.sw             x10, x0(x15)        x10:00000061 x15:00000000  PA:1a10f008
14748621ns          241335 1c008d56 00000513 addi             x10, x0, 0          x10=00000000
14748641ns          241336 1c008d58 00008067 jalr             x0, x1, 0            x1:1c008e28
14748681ns          241338 1c008e28 31f52563 p.beqimm         x10, 778            x10:00000000
14748701ns          241339 1c008e2c 001d8d93 addi             x27, x27, 1         x27=00000017 x27:00000016
14748721ns          241340 1c008e2e 00044503 lbu              x10, 0(x8)          x10=00000074  x8:1c000040  PA:1c000040
14749019ns          241355 1c008e32 00140413 addi             x8, x8, 1            x8=1c000041  x8:1c000040
14749039ns          241356 1c008e34 fe0514e3 bne              x10, x0, -24        x10:00000074
14749099ns          241359 1c008e1c 02500793 addi             x15, x0, 37         x15=00000025
14749118ns          241360 1c008e20 04f50863 beq              x10, x15, 80        x10:00000074 x15:00000025
14749138ns          241361 1c008e24 01a005b3 add              x11, x0, x26        x11=00000002 x26:00000002
14749158ns          241362 1c008e26 000b00e7 jalr             x1, x22, 0           x1=1c008e28 x22:1c008d32
14749198ns          241364 1c008d32 000026b7 lui              x13, 0x2000         x13=00002000
14749218ns          241365 1c008d34 f14027f3 csrrs            x15, x0, 0xf14      x15=00000001
14749238ns          241366 1c008d38 f8068693 addi             x13, x13, -128      x13=00001f80 x13:00002000
14749258ns          241367 1c008d3c 00379713 slli             x14, x15, 0x3       x14=00000008 x15:00000001
14749278ns          241368 1c008d40 00279793 slli             x15, x15, 0x2       x15=00000004 x15:00000001
14749298ns          241369 1c008d42 00d7f7b3 and              x15, x15, x13       x15=00000000 x15:00000004 x13:00001f80
14749317ns          241370 1c008d44 ee873733 p.bclr           x14, x14, 23, 8     x14=00000008 x14:00000008
14749337ns          241371 1c008d48 1a10f6b7 lui              x13, 0x1a10f000     x13=1a10f000
14749357ns          241372 1c008d4c 0ff57513 andi             x10, x10, 255       x10=00000074 x10:00000074
14749377ns          241373 1c008d50 00d70733 add              x14, x14, x13       x14=1a10f008 x14:00000008 x13:1a10f000
14749397ns          241374 1c008d52 00a7e723 p.sw             x10, x0(x15)        x10:00000074 x15:00000000  PA:1a10f008
14749715ns          241390 1c008d56 00000513 addi             x10, x0, 0          x10=00000000
14749735ns          241391 1c008d58 00008067 jalr             x0, x1, 0            x1:1c008e28
14749775ns          241393 1c008e28 31f52563 p.beqimm         x10, 778            x10:00000000
14749795ns          241394 1c008e2c 001d8d93 addi             x27, x27, 1         x27=00000018 x27:00000017
14749815ns          241395 1c008e2e 00044503 lbu              x10, 0(x8)          x10=00000069  x8:1c000041  PA:1c000041
14750133ns          241411 1c008e32 00140413 addi             x8, x8, 1            x8=1c000042  x8:1c000041
14750153ns          241412 1c008e34 fe0514e3 bne              x10, x0, -24        x10:00000069
14750212ns          241415 1c008e1c 02500793 addi             x15, x0, 37         x15=00000025
14750232ns          241416 1c008e20 04f50863 beq              x10, x15, 80        x10:00000069 x15:00000025
14750252ns          241417 1c008e24 01a005b3 add              x11, x0, x26        x11=00000002 x26:00000002
14750272ns          241418 1c008e26 000b00e7 jalr             x1, x22, 0           x1=1c008e28 x22:1c008d32
14750312ns          241420 1c008d32 000026b7 lui              x13, 0x2000         x13=00002000
14750332ns          241421 1c008d34 f14027f3 csrrs            x15, x0, 0xf14      x15=00000001
14750352ns          241422 1c008d38 f8068693 addi             x13, x13, -128      x13=00001f80 x13:00002000
14750372ns          241423 1c008d3c 00379713 slli             x14, x15, 0x3       x14=00000008 x15:00000001
14750392ns          241424 1c008d40 00279793 slli             x15, x15, 0x2       x15=00000004 x15:00000001
14750411ns          241425 1c008d42 00d7f7b3 and              x15, x15, x13       x15=00000000 x15:00000004 x13:00001f80
14750431ns          241426 1c008d44 ee873733 p.bclr           x14, x14, 23, 8     x14=00000008 x14:00000008
14750451ns          241427 1c008d48 1a10f6b7 lui              x13, 0x1a10f000     x13=1a10f000
14750471ns          241428 1c008d4c 0ff57513 andi             x10, x10, 255       x10=00000069 x10:00000069
14750491ns          241429 1c008d50 00d70733 add              x14, x14, x13       x14=1a10f008 x14:00000008 x13:1a10f000
14750511ns          241430 1c008d52 00a7e723 p.sw             x10, x0(x15)        x10:00000069 x15:00000000  PA:1a10f008
14750829ns          241446 1c008d56 00000513 addi             x10, x0, 0          x10=00000000
14750849ns          241447 1c008d58 00008067 jalr             x0, x1, 0            x1:1c008e28
14750889ns          241449 1c008e28 31f52563 p.beqimm         x10, 778            x10:00000000
14750909ns          241450 1c008e2c 001d8d93 addi             x27, x27, 1         x27=00000019 x27:00000018
14750929ns          241451 1c008e2e 00044503 lbu              x10, 0(x8)          x10=0000006f  x8:1c000042  PA:1c000042
14751227ns          241466 1c008e32 00140413 addi             x8, x8, 1            x8=1c000043  x8:1c000042
14751247ns          241467 1c008e34 fe0514e3 bne              x10, x0, -24        x10:0000006f
14751306ns          241470 1c008e1c 02500793 addi             x15, x0, 37         x15=00000025
14751326ns          241471 1c008e20 04f50863 beq              x10, x15, 80        x10:0000006f x15:00000025
14751346ns          241472 1c008e24 01a005b3 add              x11, x0, x26        x11=00000002 x26:00000002
14751366ns          241473 1c008e26 000b00e7 jalr             x1, x22, 0           x1=1c008e28 x22:1c008d32
14751406ns          241475 1c008d32 000026b7 lui              x13, 0x2000         x13=00002000
14751426ns          241476 1c008d34 f14027f3 csrrs            x15, x0, 0xf14      x15=00000001
14751446ns          241477 1c008d38 f8068693 addi             x13, x13, -128      x13=00001f80 x13:00002000
14751466ns          241478 1c008d3c 00379713 slli             x14, x15, 0x3       x14=00000008 x15:00000001
14751485ns          241479 1c008d40 00279793 slli             x15, x15, 0x2       x15=00000004 x15:00000001
14751505ns          241480 1c008d42 00d7f7b3 and              x15, x15, x13       x15=00000000 x15:00000004 x13:00001f80
14751525ns          241481 1c008d44 ee873733 p.bclr           x14, x14, 23, 8     x14=00000008 x14:00000008
14751545ns          241482 1c008d48 1a10f6b7 lui              x13, 0x1a10f000     x13=1a10f000
14751565ns          241483 1c008d4c 0ff57513 andi             x10, x10, 255       x10=0000006f x10:0000006f
14751585ns          241484 1c008d50 00d70733 add              x14, x14, x13       x14=1a10f008 x14:00000008 x13:1a10f000
14751605ns          241485 1c008d52 00a7e723 p.sw             x10, x0(x15)        x10:0000006f x15:00000000  PA:1a10f008
14751923ns          241501 1c008d56 00000513 addi             x10, x0, 0          x10=00000000
14751943ns          241502 1c008d58 00008067 jalr             x0, x1, 0            x1:1c008e28
14751983ns          241504 1c008e28 31f52563 p.beqimm         x10, 778            x10:00000000
14752003ns          241505 1c008e2c 001d8d93 addi             x27, x27, 1         x27=0000001a x27:00000019
14752023ns          241506 1c008e2e 00044503 lbu              x10, 0(x8)          x10=0000006e  x8:1c000043  PA:1c000043
14752321ns          241521 1c008e32 00140413 addi             x8, x8, 1            x8=1c000044  x8:1c000043
14752341ns          241522 1c008e34 fe0514e3 bne              x10, x0, -24        x10:0000006e
14752400ns          241525 1c008e1c 02500793 addi             x15, x0, 37         x15=00000025
14752420ns          241526 1c008e20 04f50863 beq              x10, x15, 80        x10:0000006e x15:00000025
14752440ns          241527 1c008e24 01a005b3 add              x11, x0, x26        x11=00000002 x26:00000002
14752460ns          241528 1c008e26 000b00e7 jalr             x1, x22, 0           x1=1c008e28 x22:1c008d32
14752500ns          241530 1c008d32 000026b7 lui              x13, 0x2000         x13=00002000
14752520ns          241531 1c008d34 f14027f3 csrrs            x15, x0, 0xf14      x15=00000001
14752540ns          241532 1c008d38 f8068693 addi             x13, x13, -128      x13=00001f80 x13:00002000
14752560ns          241533 1c008d3c 00379713 slli             x14, x15, 0x3       x14=00000008 x15:00000001
14752579ns          241534 1c008d40 00279793 slli             x15, x15, 0x2       x15=00000004 x15:00000001
14752599ns          241535 1c008d42 00d7f7b3 and              x15, x15, x13       x15=00000000 x15:00000004 x13:00001f80
14752619ns          241536 1c008d44 ee873733 p.bclr           x14, x14, 23, 8     x14=00000008 x14:00000008
14752639ns          241537 1c008d48 1a10f6b7 lui              x13, 0x1a10f000     x13=1a10f000
14752659ns          241538 1c008d4c 0ff57513 andi             x10, x10, 255       x10=0000006e x10:0000006e
14752679ns          241539 1c008d50 00d70733 add              x14, x14, x13       x14=1a10f008 x14:00000008 x13:1a10f000
14752699ns          241540 1c008d52 00a7e723 p.sw             x10, x0(x15)        x10:0000006e x15:00000000  PA:1a10f008
14753017ns          241556 1c008d56 00000513 addi             x10, x0, 0          x10=00000000
14753037ns          241557 1c008d58 00008067 jalr             x0, x1, 0            x1:1c008e28
14753077ns          241559 1c008e28 31f52563 p.beqimm         x10, 778            x10:00000000
14753097ns          241560 1c008e2c 001d8d93 addi             x27, x27, 1         x27=0000001b x27:0000001a
14753117ns          241561 1c008e2e 00044503 lbu              x10, 0(x8)          x10=00000073  x8:1c000044  PA:1c000044
14753415ns          241576 1c008e32 00140413 addi             x8, x8, 1            x8=1c000045  x8:1c000044
14753435ns          241577 1c008e34 fe0514e3 bne              x10, x0, -24        x10:00000073
14753494ns          241580 1c008e1c 02500793 addi             x15, x0, 37         x15=00000025
14753514ns          241581 1c008e20 04f50863 beq              x10, x15, 80        x10:00000073 x15:00000025
14753534ns          241582 1c008e24 01a005b3 add              x11, x0, x26        x11=00000002 x26:00000002
14753554ns          241583 1c008e26 000b00e7 jalr             x1, x22, 0           x1=1c008e28 x22:1c008d32
14753594ns          241585 1c008d32 000026b7 lui              x13, 0x2000         x13=00002000
14753614ns          241586 1c008d34 f14027f3 csrrs            x15, x0, 0xf14      x15=00000001
14753634ns          241587 1c008d38 f8068693 addi             x13, x13, -128      x13=00001f80 x13:00002000
14753654ns          241588 1c008d3c 00379713 slli             x14, x15, 0x3       x14=00000008 x15:00000001
14753673ns          241589 1c008d40 00279793 slli             x15, x15, 0x2       x15=00000004 x15:00000001
14753693ns          241590 1c008d42 00d7f7b3 and              x15, x15, x13       x15=00000000 x15:00000004 x13:00001f80
14753713ns          241591 1c008d44 ee873733 p.bclr           x14, x14, 23, 8     x14=00000008 x14:00000008
14753733ns          241592 1c008d48 1a10f6b7 lui              x13, 0x1a10f000     x13=1a10f000
14753753ns          241593 1c008d4c 0ff57513 andi             x10, x10, 255       x10=00000073 x10:00000073
14753773ns          241594 1c008d50 00d70733 add              x14, x14, x13       x14=1a10f008 x14:00000008 x13:1a10f000
14753793ns          241595 1c008d52 00a7e723 p.sw             x10, x0(x15)        x10:00000073 x15:00000000  PA:1a10f008
14754131ns          241612 1c008d56 00000513 addi             x10, x0, 0          x10=00000000
14754151ns          241613 1c008d58 00008067 jalr             x0, x1, 0            x1:1c008e28
14754191ns          241615 1c008e28 31f52563 p.beqimm         x10, 778            x10:00000000
14754211ns          241616 1c008e2c 001d8d93 addi             x27, x27, 1         x27=0000001c x27:0000001b
14754230ns          241617 1c008e2e 00044503 lbu              x10, 0(x8)          x10=0000002e  x8:1c000045  PA:1c000045
14754529ns          241632 1c008e32 00140413 addi             x8, x8, 1            x8=1c000046  x8:1c000045
14754549ns          241633 1c008e34 fe0514e3 bne              x10, x0, -24        x10:0000002e
14754608ns          241636 1c008e1c 02500793 addi             x15, x0, 37         x15=00000025
14754628ns          241637 1c008e20 04f50863 beq              x10, x15, 80        x10:0000002e x15:00000025
14754648ns          241638 1c008e24 01a005b3 add              x11, x0, x26        x11=00000002 x26:00000002
14754668ns          241639 1c008e26 000b00e7 jalr             x1, x22, 0           x1=1c008e28 x22:1c008d32
14754708ns          241641 1c008d32 000026b7 lui              x13, 0x2000         x13=00002000
14754728ns          241642 1c008d34 f14027f3 csrrs            x15, x0, 0xf14      x15=00000001
14754748ns          241643 1c008d38 f8068693 addi             x13, x13, -128      x13=00001f80 x13:00002000
14754767ns          241644 1c008d3c 00379713 slli             x14, x15, 0x3       x14=00000008 x15:00000001
14754787ns          241645 1c008d40 00279793 slli             x15, x15, 0x2       x15=00000004 x15:00000001
14754807ns          241646 1c008d42 00d7f7b3 and              x15, x15, x13       x15=00000000 x15:00000004 x13:00001f80
14754827ns          241647 1c008d44 ee873733 p.bclr           x14, x14, 23, 8     x14=00000008 x14:00000008
14754847ns          241648 1c008d48 1a10f6b7 lui              x13, 0x1a10f000     x13=1a10f000
14754867ns          241649 1c008d4c 0ff57513 andi             x10, x10, 255       x10=0000002e x10:0000002e
14754887ns          241650 1c008d50 00d70733 add              x14, x14, x13       x14=1a10f008 x14:00000008 x13:1a10f000
14754907ns          241651 1c008d52 00a7e723 p.sw             x10, x0(x15)        x10:0000002e x15:00000000  PA:1a10f008
14755225ns          241667 1c008d56 00000513 addi             x10, x0, 0          x10=00000000
14755245ns          241668 1c008d58 00008067 jalr             x0, x1, 0            x1:1c008e28
14755285ns          241670 1c008e28 31f52563 p.beqimm         x10, 778            x10:00000000
14755305ns          241671 1c008e2c 001d8d93 addi             x27, x27, 1         x27=0000001d x27:0000001c
14755324ns          241672 1c008e2e 00044503 lbu              x10, 0(x8)          x10=0000002e  x8:1c000046  PA:1c000046
14755623ns          241687 1c008e32 00140413 addi             x8, x8, 1            x8=1c000047  x8:1c000046
14755643ns          241688 1c008e34 fe0514e3 bne              x10, x0, -24        x10:0000002e
14755702ns          241691 1c008e1c 02500793 addi             x15, x0, 37         x15=00000025
14755722ns          241692 1c008e20 04f50863 beq              x10, x15, 80        x10:0000002e x15:00000025
14755742ns          241693 1c008e24 01a005b3 add              x11, x0, x26        x11=00000002 x26:00000002
14755762ns          241694 1c008e26 000b00e7 jalr             x1, x22, 0           x1=1c008e28 x22:1c008d32
14755802ns          241696 1c008d32 000026b7 lui              x13, 0x2000         x13=00002000
14755822ns          241697 1c008d34 f14027f3 csrrs            x15, x0, 0xf14      x15=00000001
14755842ns          241698 1c008d38 f8068693 addi             x13, x13, -128      x13=00001f80 x13:00002000
14755861ns          241699 1c008d3c 00379713 slli             x14, x15, 0x3       x14=00000008 x15:00000001
14755881ns          241700 1c008d40 00279793 slli             x15, x15, 0x2       x15=00000004 x15:00000001
14755901ns          241701 1c008d42 00d7f7b3 and              x15, x15, x13       x15=00000000 x15:00000004 x13:00001f80
14755921ns          241702 1c008d44 ee873733 p.bclr           x14, x14, 23, 8     x14=00000008 x14:00000008
14755941ns          241703 1c008d48 1a10f6b7 lui              x13, 0x1a10f000     x13=1a10f000
14755961ns          241704 1c008d4c 0ff57513 andi             x10, x10, 255       x10=0000002e x10:0000002e
14755981ns          241705 1c008d50 00d70733 add              x14, x14, x13       x14=1a10f008 x14:00000008 x13:1a10f000
14756001ns          241706 1c008d52 00a7e723 p.sw             x10, x0(x15)        x10:0000002e x15:00000000  PA:1a10f008
14756319ns          241722 1c008d56 00000513 addi             x10, x0, 0          x10=00000000
14756339ns          241723 1c008d58 00008067 jalr             x0, x1, 0            x1:1c008e28
14756379ns          241725 1c008e28 31f52563 p.beqimm         x10, 778            x10:00000000
14756399ns          241726 1c008e2c 001d8d93 addi             x27, x27, 1         x27=0000001e x27:0000001d
14756418ns          241727 1c008e2e 00044503 lbu              x10, 0(x8)          x10=0000002e  x8:1c000047  PA:1c000047
14756737ns          241743 1c008e32 00140413 addi             x8, x8, 1            x8=1c000048  x8:1c000047
14756757ns          241744 1c008e34 fe0514e3 bne              x10, x0, -24        x10:0000002e
14756816ns          241747 1c008e1c 02500793 addi             x15, x0, 37         x15=00000025
14756836ns          241748 1c008e20 04f50863 beq              x10, x15, 80        x10:0000002e x15:00000025
14756856ns          241749 1c008e24 01a005b3 add              x11, x0, x26        x11=00000002 x26:00000002
14756876ns          241750 1c008e26 000b00e7 jalr             x1, x22, 0           x1=1c008e28 x22:1c008d32
14756916ns          241752 1c008d32 000026b7 lui              x13, 0x2000         x13=00002000
14756936ns          241753 1c008d34 f14027f3 csrrs            x15, x0, 0xf14      x15=00000001
14756955ns          241754 1c008d38 f8068693 addi             x13, x13, -128      x13=00001f80 x13:00002000
14756975ns          241755 1c008d3c 00379713 slli             x14, x15, 0x3       x14=00000008 x15:00000001
14756995ns          241756 1c008d40 00279793 slli             x15, x15, 0x2       x15=00000004 x15:00000001
14757015ns          241757 1c008d42 00d7f7b3 and              x15, x15, x13       x15=00000000 x15:00000004 x13:00001f80
14757035ns          241758 1c008d44 ee873733 p.bclr           x14, x14, 23, 8     x14=00000008 x14:00000008
14757055ns          241759 1c008d48 1a10f6b7 lui              x13, 0x1a10f000     x13=1a10f000
14757075ns          241760 1c008d4c 0ff57513 andi             x10, x10, 255       x10=0000002e x10:0000002e
14757095ns          241761 1c008d50 00d70733 add              x14, x14, x13       x14=1a10f008 x14:00000008 x13:1a10f000
14757115ns          241762 1c008d52 00a7e723 p.sw             x10, x0(x15)        x10:0000002e x15:00000000  PA:1a10f008
14757433ns          241778 1c008d56 00000513 addi             x10, x0, 0          x10=00000000
14757453ns          241779 1c008d58 00008067 jalr             x0, x1, 0            x1:1c008e28
14757493ns          241781 1c008e28 31f52563 p.beqimm         x10, 778            x10:00000000
14757512ns          241782 1c008e2c 001d8d93 addi             x27, x27, 1         x27=0000001f x27:0000001e
14757532ns          241783 1c008e2e 00044503 lbu              x10, 0(x8)          x10=00000020  x8:1c000048  PA:1c000048
14757831ns          241798 1c008e32 00140413 addi             x8, x8, 1            x8=1c000049  x8:1c000048
14757851ns          241799 1c008e34 fe0514e3 bne              x10, x0, -24        x10:00000020
14757910ns          241802 1c008e1c 02500793 addi             x15, x0, 37         x15=00000025
14757930ns          241803 1c008e20 04f50863 beq              x10, x15, 80        x10:00000020 x15:00000025
14757950ns          241804 1c008e24 01a005b3 add              x11, x0, x26        x11=00000002 x26:00000002
14757970ns          241805 1c008e26 000b00e7 jalr             x1, x22, 0           x1=1c008e28 x22:1c008d32
14758010ns          241807 1c008d32 000026b7 lui              x13, 0x2000         x13=00002000
14758030ns          241808 1c008d34 f14027f3 csrrs            x15, x0, 0xf14      x15=00000001
14758049ns          241809 1c008d38 f8068693 addi             x13, x13, -128      x13=00001f80 x13:00002000
14758069ns          241810 1c008d3c 00379713 slli             x14, x15, 0x3       x14=00000008 x15:00000001
14758089ns          241811 1c008d40 00279793 slli             x15, x15, 0x2       x15=00000004 x15:00000001
14758109ns          241812 1c008d42 00d7f7b3 and              x15, x15, x13       x15=00000000 x15:00000004 x13:00001f80
14758129ns          241813 1c008d44 ee873733 p.bclr           x14, x14, 23, 8     x14=00000008 x14:00000008
14758149ns          241814 1c008d48 1a10f6b7 lui              x13, 0x1a10f000     x13=1a10f000
14758169ns          241815 1c008d4c 0ff57513 andi             x10, x10, 255       x10=00000020 x10:00000020
14758189ns          241816 1c008d50 00d70733 add              x14, x14, x13       x14=1a10f008 x14:00000008 x13:1a10f000
14758209ns          241817 1c008d52 00a7e723 p.sw             x10, x0(x15)        x10:00000020 x15:00000000  PA:1a10f008
14758527ns          241833 1c008d56 00000513 addi             x10, x0, 0          x10=00000000
14758547ns          241834 1c008d58 00008067 jalr             x0, x1, 0            x1:1c008e28
14758586ns          241836 1c008e28 31f52563 p.beqimm         x10, 778            x10:00000000
14758606ns          241837 1c008e2c 001d8d93 addi             x27, x27, 1         x27=00000020 x27:0000001f
14758626ns          241838 1c008e2e 00044503 lbu              x10, 0(x8)          x10=00000028  x8:1c000049  PA:1c000049
14758925ns          241853 1c008e32 00140413 addi             x8, x8, 1            x8=1c00004a  x8:1c000049
14758945ns          241854 1c008e34 fe0514e3 bne              x10, x0, -24        x10:00000028
14759004ns          241857 1c008e1c 02500793 addi             x15, x0, 37         x15=00000025
14759024ns          241858 1c008e20 04f50863 beq              x10, x15, 80        x10:00000028 x15:00000025
14759044ns          241859 1c008e24 01a005b3 add              x11, x0, x26        x11=00000002 x26:00000002
14759064ns          241860 1c008e26 000b00e7 jalr             x1, x22, 0           x1=1c008e28 x22:1c008d32
14759104ns          241862 1c008d32 000026b7 lui              x13, 0x2000         x13=00002000
14759124ns          241863 1c008d34 f14027f3 csrrs            x15, x0, 0xf14      x15=00000001
14759143ns          241864 1c008d38 f8068693 addi             x13, x13, -128      x13=00001f80 x13:00002000
14759163ns          241865 1c008d3c 00379713 slli             x14, x15, 0x3       x14=00000008 x15:00000001
14759183ns          241866 1c008d40 00279793 slli             x15, x15, 0x2       x15=00000004 x15:00000001
14759203ns          241867 1c008d42 00d7f7b3 and              x15, x15, x13       x15=00000000 x15:00000004 x13:00001f80
14759223ns          241868 1c008d44 ee873733 p.bclr           x14, x14, 23, 8     x14=00000008 x14:00000008
14759243ns          241869 1c008d48 1a10f6b7 lui              x13, 0x1a10f000     x13=1a10f000
14759263ns          241870 1c008d4c 0ff57513 andi             x10, x10, 255       x10=00000028 x10:00000028
14759283ns          241871 1c008d50 00d70733 add              x14, x14, x13       x14=1a10f008 x14:00000008 x13:1a10f000
14759303ns          241872 1c008d52 00a7e723 p.sw             x10, x0(x15)        x10:00000028 x15:00000000  PA:1a10f008
14759621ns          241888 1c008d56 00000513 addi             x10, x0, 0          x10=00000000
14759641ns          241889 1c008d58 00008067 jalr             x0, x1, 0            x1:1c008e28
14759680ns          241891 1c008e28 31f52563 p.beqimm         x10, 778            x10:00000000
14759700ns          241892 1c008e2c 001d8d93 addi             x27, x27, 1         x27=00000021 x27:00000020
14759720ns          241893 1c008e2e 00044503 lbu              x10, 0(x8)          x10=00000063  x8:1c00004a  PA:1c00004a
14760019ns          241908 1c008e32 00140413 addi             x8, x8, 1            x8=1c00004b  x8:1c00004a
14760039ns          241909 1c008e34 fe0514e3 bne              x10, x0, -24        x10:00000063
14760098ns          241912 1c008e1c 02500793 addi             x15, x0, 37         x15=00000025
14760118ns          241913 1c008e20 04f50863 beq              x10, x15, 80        x10:00000063 x15:00000025
14760138ns          241914 1c008e24 01a005b3 add              x11, x0, x26        x11=00000002 x26:00000002
14760158ns          241915 1c008e26 000b00e7 jalr             x1, x22, 0           x1=1c008e28 x22:1c008d32
14760198ns          241917 1c008d32 000026b7 lui              x13, 0x2000         x13=00002000
14760218ns          241918 1c008d34 f14027f3 csrrs            x15, x0, 0xf14      x15=00000001
14760237ns          241919 1c008d38 f8068693 addi             x13, x13, -128      x13=00001f80 x13:00002000
14760257ns          241920 1c008d3c 00379713 slli             x14, x15, 0x3       x14=00000008 x15:00000001
14760277ns          241921 1c008d40 00279793 slli             x15, x15, 0x2       x15=00000004 x15:00000001
14760297ns          241922 1c008d42 00d7f7b3 and              x15, x15, x13       x15=00000000 x15:00000004 x13:00001f80
14760317ns          241923 1c008d44 ee873733 p.bclr           x14, x14, 23, 8     x14=00000008 x14:00000008
14760337ns          241924 1c008d48 1a10f6b7 lui              x13, 0x1a10f000     x13=1a10f000
14760357ns          241925 1c008d4c 0ff57513 andi             x10, x10, 255       x10=00000063 x10:00000063
14760377ns          241926 1c008d50 00d70733 add              x14, x14, x13       x14=1a10f008 x14:00000008 x13:1a10f000
14760397ns          241927 1c008d52 00a7e723 p.sw             x10, x0(x15)        x10:00000063 x15:00000000  PA:1a10f008
14760735ns          241944 1c008d56 00000513 addi             x10, x0, 0          x10=00000000
14760755ns          241945 1c008d58 00008067 jalr             x0, x1, 0            x1:1c008e28
14760794ns          241947 1c008e28 31f52563 p.beqimm         x10, 778            x10:00000000
14760814ns          241948 1c008e2c 001d8d93 addi             x27, x27, 1         x27=00000022 x27:00000021
14760834ns          241949 1c008e2e 00044503 lbu              x10, 0(x8)          x10=0000006f  x8:1c00004b  PA:1c00004b
14761152ns          241965 1c008e32 00140413 addi             x8, x8, 1            x8=1c00004c  x8:1c00004b
14761172ns          241966 1c008e34 fe0514e3 bne              x10, x0, -24        x10:0000006f
14761232ns          241969 1c008e1c 02500793 addi             x15, x0, 37         x15=00000025
14761252ns          241970 1c008e20 04f50863 beq              x10, x15, 80        x10:0000006f x15:00000025
14761272ns          241971 1c008e24 01a005b3 add              x11, x0, x26        x11=00000002 x26:00000002
14761292ns          241972 1c008e26 000b00e7 jalr             x1, x22, 0           x1=1c008e28 x22:1c008d32
14761331ns          241974 1c008d32 000026b7 lui              x13, 0x2000         x13=00002000
14761351ns          241975 1c008d34 f14027f3 csrrs            x15, x0, 0xf14      x15=00000001
14761371ns          241976 1c008d38 f8068693 addi             x13, x13, -128      x13=00001f80 x13:00002000
14761391ns          241977 1c008d3c 00379713 slli             x14, x15, 0x3       x14=00000008 x15:00000001
14761411ns          241978 1c008d40 00279793 slli             x15, x15, 0x2       x15=00000004 x15:00000001
14761431ns          241979 1c008d42 00d7f7b3 and              x15, x15, x13       x15=00000000 x15:00000004 x13:00001f80
14761451ns          241980 1c008d44 ee873733 p.bclr           x14, x14, 23, 8     x14=00000008 x14:00000008
14761471ns          241981 1c008d48 1a10f6b7 lui              x13, 0x1a10f000     x13=1a10f000
14761491ns          241982 1c008d4c 0ff57513 andi             x10, x10, 255       x10=0000006f x10:0000006f
14761510ns          241983 1c008d50 00d70733 add              x14, x14, x13       x14=1a10f008 x14:00000008 x13:1a10f000
14761530ns          241984 1c008d52 00a7e723 p.sw             x10, x0(x15)        x10:0000006f x15:00000000  PA:1a10f008
14761849ns          242000 1c008d56 00000513 addi             x10, x0, 0          x10=00000000
14761868ns          242001 1c008d58 00008067 jalr             x0, x1, 0            x1:1c008e28
14761908ns          242003 1c008e28 31f52563 p.beqimm         x10, 778            x10:00000000
14761928ns          242004 1c008e2c 001d8d93 addi             x27, x27, 1         x27=00000023 x27:00000022
14761948ns          242005 1c008e2e 00044503 lbu              x10, 0(x8)          x10=00000072  x8:1c00004c  PA:1c00004c
14762266ns          242021 1c008e32 00140413 addi             x8, x8, 1            x8=1c00004d  x8:1c00004c
14762286ns          242022 1c008e34 fe0514e3 bne              x10, x0, -24        x10:00000072
14762346ns          242025 1c008e1c 02500793 addi             x15, x0, 37         x15=00000025
14762366ns          242026 1c008e20 04f50863 beq              x10, x15, 80        x10:00000072 x15:00000025
14762386ns          242027 1c008e24 01a005b3 add              x11, x0, x26        x11=00000002 x26:00000002
14762406ns          242028 1c008e26 000b00e7 jalr             x1, x22, 0           x1=1c008e28 x22:1c008d32
14762445ns          242030 1c008d32 000026b7 lui              x13, 0x2000         x13=00002000
14762465ns          242031 1c008d34 f14027f3 csrrs            x15, x0, 0xf14      x15=00000001
14762485ns          242032 1c008d38 f8068693 addi             x13, x13, -128      x13=00001f80 x13:00002000
14762505ns          242033 1c008d3c 00379713 slli             x14, x15, 0x3       x14=00000008 x15:00000001
14762525ns          242034 1c008d40 00279793 slli             x15, x15, 0x2       x15=00000004 x15:00000001
14762545ns          242035 1c008d42 00d7f7b3 and              x15, x15, x13       x15=00000000 x15:00000004 x13:00001f80
14762565ns          242036 1c008d44 ee873733 p.bclr           x14, x14, 23, 8     x14=00000008 x14:00000008
14762585ns          242037 1c008d48 1a10f6b7 lui              x13, 0x1a10f000     x13=1a10f000
14762604ns          242038 1c008d4c 0ff57513 andi             x10, x10, 255       x10=00000072 x10:00000072
14762624ns          242039 1c008d50 00d70733 add              x14, x14, x13       x14=1a10f008 x14:00000008 x13:1a10f000
14762644ns          242040 1c008d52 00a7e723 p.sw             x10, x0(x15)        x10:00000072 x15:00000000  PA:1a10f008
14762962ns          242056 1c008d56 00000513 addi             x10, x0, 0          x10=00000000
14762982ns          242057 1c008d58 00008067 jalr             x0, x1, 0            x1:1c008e28
14763022ns          242059 1c008e28 31f52563 p.beqimm         x10, 778            x10:00000000
14763042ns          242060 1c008e2c 001d8d93 addi             x27, x27, 1         x27=00000024 x27:00000023
14763062ns          242061 1c008e2e 00044503 lbu              x10, 0(x8)          x10=00000065  x8:1c00004d  PA:1c00004d
14763380ns          242077 1c008e32 00140413 addi             x8, x8, 1            x8=1c00004e  x8:1c00004d
14763400ns          242078 1c008e34 fe0514e3 bne              x10, x0, -24        x10:00000065
14763460ns          242081 1c008e1c 02500793 addi             x15, x0, 37         x15=00000025
14763480ns          242082 1c008e20 04f50863 beq              x10, x15, 80        x10:00000065 x15:00000025
14763500ns          242083 1c008e24 01a005b3 add              x11, x0, x26        x11=00000002 x26:00000002
14763519ns          242084 1c008e26 000b00e7 jalr             x1, x22, 0           x1=1c008e28 x22:1c008d32
14763559ns          242086 1c008d32 000026b7 lui              x13, 0x2000         x13=00002000
14763579ns          242087 1c008d34 f14027f3 csrrs            x15, x0, 0xf14      x15=00000001
14763599ns          242088 1c008d38 f8068693 addi             x13, x13, -128      x13=00001f80 x13:00002000
14763619ns          242089 1c008d3c 00379713 slli             x14, x15, 0x3       x14=00000008 x15:00000001
14763639ns          242090 1c008d40 00279793 slli             x15, x15, 0x2       x15=00000004 x15:00000001
14763659ns          242091 1c008d42 00d7f7b3 and              x15, x15, x13       x15=00000000 x15:00000004 x13:00001f80
14763679ns          242092 1c008d44 ee873733 p.bclr           x14, x14, 23, 8     x14=00000008 x14:00000008
14763698ns          242093 1c008d48 1a10f6b7 lui              x13, 0x1a10f000     x13=1a10f000
14763718ns          242094 1c008d4c 0ff57513 andi             x10, x10, 255       x10=00000065 x10:00000065
14763738ns          242095 1c008d50 00d70733 add              x14, x14, x13       x14=1a10f008 x14:00000008 x13:1a10f000
14763758ns          242096 1c008d52 00a7e723 p.sw             x10, x0(x15)        x10:00000065 x15:00000000  PA:1a10f008
14764076ns          242112 1c008d56 00000513 addi             x10, x0, 0          x10=00000000
14764096ns          242113 1c008d58 00008067 jalr             x0, x1, 0            x1:1c008e28
14764136ns          242115 1c008e28 31f52563 p.beqimm         x10, 778            x10:00000000
14764156ns          242116 1c008e2c 001d8d93 addi             x27, x27, 1         x27=00000025 x27:00000024
14764176ns          242117 1c008e2e 00044503 lbu              x10, 0(x8)          x10=00000069  x8:1c00004e  PA:1c00004e
14764474ns          242132 1c008e32 00140413 addi             x8, x8, 1            x8=1c00004f  x8:1c00004e
14764494ns          242133 1c008e34 fe0514e3 bne              x10, x0, -24        x10:00000069
14764554ns          242136 1c008e1c 02500793 addi             x15, x0, 37         x15=00000025
14764574ns          242137 1c008e20 04f50863 beq              x10, x15, 80        x10:00000069 x15:00000025
14764594ns          242138 1c008e24 01a005b3 add              x11, x0, x26        x11=00000002 x26:00000002
14764613ns          242139 1c008e26 000b00e7 jalr             x1, x22, 0           x1=1c008e28 x22:1c008d32
14764653ns          242141 1c008d32 000026b7 lui              x13, 0x2000         x13=00002000
14764673ns          242142 1c008d34 f14027f3 csrrs            x15, x0, 0xf14      x15=00000001
14764693ns          242143 1c008d38 f8068693 addi             x13, x13, -128      x13=00001f80 x13:00002000
14764713ns          242144 1c008d3c 00379713 slli             x14, x15, 0x3       x14=00000008 x15:00000001
14764733ns          242145 1c008d40 00279793 slli             x15, x15, 0x2       x15=00000004 x15:00000001
14764753ns          242146 1c008d42 00d7f7b3 and              x15, x15, x13       x15=00000000 x15:00000004 x13:00001f80
14764773ns          242147 1c008d44 ee873733 p.bclr           x14, x14, 23, 8     x14=00000008 x14:00000008
14764792ns          242148 1c008d48 1a10f6b7 lui              x13, 0x1a10f000     x13=1a10f000
14764812ns          242149 1c008d4c 0ff57513 andi             x10, x10, 255       x10=00000069 x10:00000069
14764832ns          242150 1c008d50 00d70733 add              x14, x14, x13       x14=1a10f008 x14:00000008 x13:1a10f000
14764852ns          242151 1c008d52 00a7e723 p.sw             x10, x0(x15)        x10:00000069 x15:00000000  PA:1a10f008
14765170ns          242167 1c008d56 00000513 addi             x10, x0, 0          x10=00000000
14765190ns          242168 1c008d58 00008067 jalr             x0, x1, 0            x1:1c008e28
14765230ns          242170 1c008e28 31f52563 p.beqimm         x10, 778            x10:00000000
14765250ns          242171 1c008e2c 001d8d93 addi             x27, x27, 1         x27=00000026 x27:00000025
14765270ns          242172 1c008e2e 00044503 lbu              x10, 0(x8)          x10=00000064  x8:1c00004f  PA:1c00004f
14765568ns          242187 1c008e32 00140413 addi             x8, x8, 1            x8=1c000050  x8:1c00004f
14765588ns          242188 1c008e34 fe0514e3 bne              x10, x0, -24        x10:00000064
14765648ns          242191 1c008e1c 02500793 addi             x15, x0, 37         x15=00000025
14765668ns          242192 1c008e20 04f50863 beq              x10, x15, 80        x10:00000064 x15:00000025
14765687ns          242193 1c008e24 01a005b3 add              x11, x0, x26        x11=00000002 x26:00000002
14765707ns          242194 1c008e26 000b00e7 jalr             x1, x22, 0           x1=1c008e28 x22:1c008d32
14765747ns          242196 1c008d32 000026b7 lui              x13, 0x2000         x13=00002000
14765767ns          242197 1c008d34 f14027f3 csrrs            x15, x0, 0xf14      x15=00000001
14765787ns          242198 1c008d38 f8068693 addi             x13, x13, -128      x13=00001f80 x13:00002000
14765807ns          242199 1c008d3c 00379713 slli             x14, x15, 0x3       x14=00000008 x15:00000001
14765827ns          242200 1c008d40 00279793 slli             x15, x15, 0x2       x15=00000004 x15:00000001
14765847ns          242201 1c008d42 00d7f7b3 and              x15, x15, x13       x15=00000000 x15:00000004 x13:00001f80
14765867ns          242202 1c008d44 ee873733 p.bclr           x14, x14, 23, 8     x14=00000008 x14:00000008
14765886ns          242203 1c008d48 1a10f6b7 lui              x13, 0x1a10f000     x13=1a10f000
14765906ns          242204 1c008d4c 0ff57513 andi             x10, x10, 255       x10=00000064 x10:00000064
14765926ns          242205 1c008d50 00d70733 add              x14, x14, x13       x14=1a10f008 x14:00000008 x13:1a10f000
14765946ns          242206 1c008d52 00a7e723 p.sw             x10, x0(x15)        x10:00000064 x15:00000000  PA:1a10f008
14766264ns          242222 1c008d56 00000513 addi             x10, x0, 0          x10=00000000
14766284ns          242223 1c008d58 00008067 jalr             x0, x1, 0            x1:1c008e28
14766324ns          242225 1c008e28 31f52563 p.beqimm         x10, 778            x10:00000000
14766344ns          242226 1c008e2c 001d8d93 addi             x27, x27, 1         x27=00000027 x27:00000026
14766364ns          242227 1c008e2e 00044503 lbu              x10, 0(x8)          x10=00000020  x8:1c000050  PA:1c000050
14766662ns          242242 1c008e32 00140413 addi             x8, x8, 1            x8=1c000051  x8:1c000050
14766682ns          242243 1c008e34 fe0514e3 bne              x10, x0, -24        x10:00000020
14766742ns          242246 1c008e1c 02500793 addi             x15, x0, 37         x15=00000025
14766762ns          242247 1c008e20 04f50863 beq              x10, x15, 80        x10:00000020 x15:00000025
14766781ns          242248 1c008e24 01a005b3 add              x11, x0, x26        x11=00000002 x26:00000002
14766801ns          242249 1c008e26 000b00e7 jalr             x1, x22, 0           x1=1c008e28 x22:1c008d32
14766841ns          242251 1c008d32 000026b7 lui              x13, 0x2000         x13=00002000
14766861ns          242252 1c008d34 f14027f3 csrrs            x15, x0, 0xf14      x15=00000001
14766881ns          242253 1c008d38 f8068693 addi             x13, x13, -128      x13=00001f80 x13:00002000
14766901ns          242254 1c008d3c 00379713 slli             x14, x15, 0x3       x14=00000008 x15:00000001
14766921ns          242255 1c008d40 00279793 slli             x15, x15, 0x2       x15=00000004 x15:00000001
14766941ns          242256 1c008d42 00d7f7b3 and              x15, x15, x13       x15=00000000 x15:00000004 x13:00001f80
14766961ns          242257 1c008d44 ee873733 p.bclr           x14, x14, 23, 8     x14=00000008 x14:00000008
14766980ns          242258 1c008d48 1a10f6b7 lui              x13, 0x1a10f000     x13=1a10f000
14767000ns          242259 1c008d4c 0ff57513 andi             x10, x10, 255       x10=00000020 x10:00000020
14767020ns          242260 1c008d50 00d70733 add              x14, x14, x13       x14=1a10f008 x14:00000008 x13:1a10f000
14767040ns          242261 1c008d52 00a7e723 p.sw             x10, x0(x15)        x10:00000020 x15:00000000  PA:1a10f008
14767378ns          242278 1c008d56 00000513 addi             x10, x0, 0          x10=00000000
14767398ns          242279 1c008d58 00008067 jalr             x0, x1, 0            x1:1c008e28
14767438ns          242281 1c008e28 31f52563 p.beqimm         x10, 778            x10:00000000
14767458ns          242282 1c008e2c 001d8d93 addi             x27, x27, 1         x27=00000028 x27:00000027
14767478ns          242283 1c008e2e 00044503 lbu              x10, 0(x8)          x10=0000003d  x8:1c000051  PA:1c000051
14767776ns          242298 1c008e32 00140413 addi             x8, x8, 1            x8=1c000052  x8:1c000051
14767796ns          242299 1c008e34 fe0514e3 bne              x10, x0, -24        x10:0000003d
14767856ns          242302 1c008e1c 02500793 addi             x15, x0, 37         x15=00000025
14767875ns          242303 1c008e20 04f50863 beq              x10, x15, 80        x10:0000003d x15:00000025
14767895ns          242304 1c008e24 01a005b3 add              x11, x0, x26        x11=00000002 x26:00000002
14767915ns          242305 1c008e26 000b00e7 jalr             x1, x22, 0           x1=1c008e28 x22:1c008d32
14767955ns          242307 1c008d32 000026b7 lui              x13, 0x2000         x13=00002000
14767975ns          242308 1c008d34 f14027f3 csrrs            x15, x0, 0xf14      x15=00000001
14767995ns          242309 1c008d38 f8068693 addi             x13, x13, -128      x13=00001f80 x13:00002000
14768015ns          242310 1c008d3c 00379713 slli             x14, x15, 0x3       x14=00000008 x15:00000001
14768035ns          242311 1c008d40 00279793 slli             x15, x15, 0x2       x15=00000004 x15:00000001
14768054ns          242312 1c008d42 00d7f7b3 and              x15, x15, x13       x15=00000000 x15:00000004 x13:00001f80
14768074ns          242313 1c008d44 ee873733 p.bclr           x14, x14, 23, 8     x14=00000008 x14:00000008
14768094ns          242314 1c008d48 1a10f6b7 lui              x13, 0x1a10f000     x13=1a10f000
14768114ns          242315 1c008d4c 0ff57513 andi             x10, x10, 255       x10=0000003d x10:0000003d
14768134ns          242316 1c008d50 00d70733 add              x14, x14, x13       x14=1a10f008 x14:00000008 x13:1a10f000
14768154ns          242317 1c008d52 00a7e723 p.sw             x10, x0(x15)        x10:0000003d x15:00000000  PA:1a10f008
14768472ns          242333 1c008d56 00000513 addi             x10, x0, 0          x10=00000000
14768492ns          242334 1c008d58 00008067 jalr             x0, x1, 0            x1:1c008e28
14768532ns          242336 1c008e28 31f52563 p.beqimm         x10, 778            x10:00000000
14768552ns          242337 1c008e2c 001d8d93 addi             x27, x27, 1         x27=00000029 x27:00000028
14768572ns          242338 1c008e2e 00044503 lbu              x10, 0(x8)          x10=00000020  x8:1c000052  PA:1c000052
14768870ns          242353 1c008e32 00140413 addi             x8, x8, 1            x8=1c000053  x8:1c000052
14768890ns          242354 1c008e34 fe0514e3 bne              x10, x0, -24        x10:00000020
14768950ns          242357 1c008e1c 02500793 addi             x15, x0, 37         x15=00000025
14768969ns          242358 1c008e20 04f50863 beq              x10, x15, 80        x10:00000020 x15:00000025
14768989ns          242359 1c008e24 01a005b3 add              x11, x0, x26        x11=00000002 x26:00000002
14769009ns          242360 1c008e26 000b00e7 jalr             x1, x22, 0           x1=1c008e28 x22:1c008d32
14769049ns          242362 1c008d32 000026b7 lui              x13, 0x2000         x13=00002000
14769069ns          242363 1c008d34 f14027f3 csrrs            x15, x0, 0xf14      x15=00000001
14769089ns          242364 1c008d38 f8068693 addi             x13, x13, -128      x13=00001f80 x13:00002000
14769109ns          242365 1c008d3c 00379713 slli             x14, x15, 0x3       x14=00000008 x15:00000001
14769129ns          242366 1c008d40 00279793 slli             x15, x15, 0x2       x15=00000004 x15:00000001
14769148ns          242367 1c008d42 00d7f7b3 and              x15, x15, x13       x15=00000000 x15:00000004 x13:00001f80
14769168ns          242368 1c008d44 ee873733 p.bclr           x14, x14, 23, 8     x14=00000008 x14:00000008
14769188ns          242369 1c008d48 1a10f6b7 lui              x13, 0x1a10f000     x13=1a10f000
14769208ns          242370 1c008d4c 0ff57513 andi             x10, x10, 255       x10=00000020 x10:00000020
14769228ns          242371 1c008d50 00d70733 add              x14, x14, x13       x14=1a10f008 x14:00000008 x13:1a10f000
14769248ns          242372 1c008d52 00a7e723 p.sw             x10, x0(x15)        x10:00000020 x15:00000000  PA:1a10f008
14769566ns          242388 1c008d56 00000513 addi             x10, x0, 0          x10=00000000
14769586ns          242389 1c008d58 00008067 jalr             x0, x1, 0            x1:1c008e28
14769626ns          242391 1c008e28 31f52563 p.beqimm         x10, 778            x10:00000000
14769646ns          242392 1c008e2c 001d8d93 addi             x27, x27, 1         x27=0000002a x27:00000029
14769666ns          242393 1c008e2e 00044503 lbu              x10, 0(x8)          x10=00000025  x8:1c000053  PA:1c000053
14769984ns          242409 1c008e32 00140413 addi             x8, x8, 1            x8=1c000054  x8:1c000053
14770004ns          242410 1c008e34 fe0514e3 bne              x10, x0, -24        x10:00000025
14770063ns          242413 1c008e1c 02500793 addi             x15, x0, 37         x15=00000025
14770083ns          242414 1c008e20 04f50863 beq              x10, x15, 80        x10:00000025 x15:00000025
14770183ns          242419 1c008e70 00044483 lbu              x9, 0(x8)            x9=00000064  x8:1c000054  PA:1c000054
14770501ns          242435 1c008e74 02000693 addi             x13, x0, 32         x13=00000020
14770521ns          242436 1c008e78 00140a93 addi             x21, x8, 1          x21=1c000055  x8:1c000054
14770541ns          242437 1c008e7c 009005b3 add              x11, x0, x9         x11=00000064  x9:00000064
14770561ns          242438 1c008e7e 150b8513 addi             x10, x23, 336       x10=1c000150 x23:1c000000
14770581ns          242439 1c008e82 00d12823 sw               x13, 16(x2)         x13:00000020  x2:10000cd8  PA:10000ce8
14770601ns          242440 1c008e84 00012c23 sw               x0, 24(x2)           x2:10000cd8  PA:10000cf0
14770620ns          242441 1c008e86 00012a23 sw               x0, 20(x2)           x2:10000cd8  PA:10000cec
14770640ns          242442 1c008e88 00012e23 sw               x0, 28(x2)           x2:10000cd8  PA:10000cf4
14770660ns          242443 1c008e8a 00012623 sw               x0, 12(x2)           x2:10000cd8  PA:10000ce4
14770680ns          242444 1c008e8c 02300913 addi             x18, x0, 35         x18=00000023
14770700ns          242445 1c008e90 02d00a13 addi             x20, x0, 45         x20=0000002d
14770720ns          242446 1c008e94 015009b3 add              x19, x0, x21        x19=1c000055 x21:1c000055
14770740ns          242447 1c008e96 e1dff0ef jal              x1, -484             x1=1c008e98
14770919ns          242456 1c008cb2 00054783 lbu              x15, 0(x10)         x15=0000002d x10:1c000150  PA:1c000150
14771217ns          242471 1c008cb6 0ff5f593 andi             x11, x11, 255       x11=00000064 x11:00000064
14771237ns          242472 1c008cba 00b78c63 beq              x15, x11, 24        x15:0000002d x11:00000064
14771257ns          242473 1c008cbe 00078b63 beq              x15, x0, 22         x15:0000002d
14771277ns          242474 1c008cc0 00150793 addi             x15, x10, 1         x15=1c000151 x10:1c000150
14771297ns          242475 1c008cc4 0040006f jal              x0, 4              
14771336ns          242477 1c008cc8 00f00533 add              x10, x0, x15        x10=1c000151 x15:1c000151
14771356ns          242478 1c008cca 0017c70b p.lbu            x14, 1(x15!)        x14=0000002b x15=1c000152 x15:1c000151  PA:1c000151
14771675ns          242494 1c008cce feb71ce3 bne              x14, x11, -8        x14:0000002b x11:00000064
14771734ns          242497 1c008cc6 00070763 beq              x14, x0, 14         x14:0000002b
14771754ns          242498 1c008cc8 00f00533 add              x10, x0, x15        x10=1c000152 x15:1c000152
14771774ns          242499 1c008cca 0017c70b p.lbu            x14, 1(x15!)        x14=00000020 x15=1c000153 x15:1c000152  PA:1c000152
14772092ns          242515 1c008cce feb71ce3 bne              x14, x11, -8        x14:00000020 x11:00000064
14772152ns          242518 1c008cc6 00070763 beq              x14, x0, 14         x14:00000020
14772172ns          242519 1c008cc8 00f00533 add              x10, x0, x15        x10=1c000153 x15:1c000153
14772192ns          242520 1c008cca 0017c70b p.lbu            x14, 1(x15!)        x14=00000023 x15=1c000154 x15:1c000153  PA:1c000153
14772510ns          242536 1c008cce feb71ce3 bne              x14, x11, -8        x14:00000023 x11:00000064
14772570ns          242539 1c008cc6 00070763 beq              x14, x0, 14         x14:00000023
14772590ns          242540 1c008cc8 00f00533 add              x10, x0, x15        x10=1c000154 x15:1c000154
14772609ns          242541 1c008cca 0017c70b p.lbu            x14, 1(x15!)        x14=00000030 x15=1c000155 x15:1c000154  PA:1c000154
14772928ns          242557 1c008cce feb71ce3 bne              x14, x11, -8        x14:00000030 x11:00000064
14772987ns          242560 1c008cc6 00070763 beq              x14, x0, 14         x14:00000030
14773007ns          242561 1c008cc8 00f00533 add              x10, x0, x15        x10=1c000155 x15:1c000155
14773027ns          242562 1c008cca 0017c70b p.lbu            x14, 1(x15!)        x14=00000000 x15=1c000156 x15:1c000155  PA:1c000155
14773365ns          242579 1c008cce feb71ce3 bne              x14, x11, -8        x14:00000000 x11:00000064
14773425ns          242582 1c008cc6 00070763 beq              x14, x0, 14         x14:00000000
14773485ns          242585 1c008cd4 0015b593 sltiu            x11, x11, 1         x11=00000000 x11:00000064
14773505ns          242586 1c008cd8 40b005b3 sub              x11, x0, x11        x11=00000000 x11:00000000
14773524ns          242587 1c008cdc 00b57533 and              x10, x10, x11       x10=00000000 x10:1c000155 x11:00000000
14773544ns          242588 1c008cde 00008067 jalr             x0, x1, 0            x1:1c008e98
14773584ns          242590 1c008e98 02050a63 beq              x10, x0, 52         x10:00000000
14773684ns          242595 1c008ecc 02a00613 addi             x12, x0, 42         x12=0000002a
14773763ns          242599 1c008ed0 2ac48663 beq              x9, x12, 684         x9:00000064 x12:0000002a
14773803ns          242601 1c008ed4 fd048613 addi             x12, x9, -48        x12=00000034  x9:00000064
14773823ns          242602 1c008ed8 00900593 addi             x11, x0, 9          x11=00000009
14773843ns          242603 1c008eda 00000913 addi             x18, x0, 0          x18=00000000
14773863ns          242604 1c008edc 28c5f063 bgeu             x11, x12, 640       x11:00000009 x12:00000034
14773902ns          242606 1c008ee0 02e00693 addi             x13, x0, 46         x13=0000002e
14773942ns          242608 1c008ee4 fff00a13 addi             x20, x0, -1         x20=ffffffff
14773962ns          242609 1c008ee6 2ed48363 beq              x9, x13, 742         x9:00000064 x13:0000002e
14773982ns          242610 1c008eea 1c0007b7 lui              x15, 0x1c000000     x15=1c000000
14774002ns          242611 1c008eee 009005b3 add              x11, x0, x9         x11=00000064  x9:00000064
14774022ns          242612 1c008ef0 15878513 addi             x10, x15, 344       x10=1c000158 x15:1c000000
14774042ns          242613 1c008ef4 dbfff0ef jal              x1, -578             x1=1c008ef6
14774101ns          242616 1c008cb2 00054783 lbu              x15, 0(x10)         x15=00000068 x10:1c000158  PA:1c000158
14774400ns          242631 1c008cb6 0ff5f593 andi             x11, x11, 255       x11=00000064 x11:00000064
14774420ns          242632 1c008cba 00b78c63 beq              x15, x11, 24        x15:00000068 x11:00000064
14774439ns          242633 1c008cbe 00078b63 beq              x15, x0, 22         x15:00000068
14774459ns          242634 1c008cc0 00150793 addi             x15, x10, 1         x15=1c000159 x10:1c000158
14774479ns          242635 1c008cc4 0040006f jal              x0, 4              
14774519ns          242637 1c008cc8 00f00533 add              x10, x0, x15        x10=1c000159 x15:1c000159
14774539ns          242638 1c008cca 0017c70b p.lbu            x14, 1(x15!)        x14=0000006c x15=1c00015a x15:1c000159  PA:1c000159
14774857ns          242654 1c008cce feb71ce3 bne              x14, x11, -8        x14:0000006c x11:00000064
14774917ns          242657 1c008cc6 00070763 beq              x14, x0, 14         x14:0000006c
14774937ns          242658 1c008cc8 00f00533 add              x10, x0, x15        x10=1c00015a x15:1c00015a
14774957ns          242659 1c008cca 0017c70b p.lbu            x14, 1(x15!)        x14=0000004c x15=1c00015b x15:1c00015a  PA:1c00015a
14775295ns          242676 1c008cce feb71ce3 bne              x14, x11, -8        x14:0000004c x11:00000064
14775354ns          242679 1c008cc6 00070763 beq              x14, x0, 14         x14:0000004c
14775374ns          242680 1c008cc8 00f00533 add              x10, x0, x15        x10=1c00015b x15:1c00015b
14775394ns          242681 1c008cca 0017c70b p.lbu            x14, 1(x15!)        x14=0000007a x15=1c00015c x15:1c00015b  PA:1c00015b
14775712ns          242697 1c008cce feb71ce3 bne              x14, x11, -8        x14:0000007a x11:00000064
14775772ns          242700 1c008cc6 00070763 beq              x14, x0, 14         x14:0000007a
14775792ns          242701 1c008cc8 00f00533 add              x10, x0, x15        x10=1c00015c x15:1c00015c
14775812ns          242702 1c008cca 0017c70b p.lbu            x14, 1(x15!)        x14=00000000 x15=1c00015d x15:1c00015c  PA:1c00015c
14776130ns          242718 1c008cce feb71ce3 bne              x14, x11, -8        x14:00000000 x11:00000064
14776190ns          242721 1c008cc6 00070763 beq              x14, x0, 14         x14:00000000
14776249ns          242724 1c008cd4 0015b593 sltiu            x11, x11, 1         x11=00000000 x11:00000064
14776269ns          242725 1c008cd8 40b005b3 sub              x11, x0, x11        x11=00000000 x11:00000000
14776289ns          242726 1c008cdc 00b57533 and              x10, x10, x11       x10=00000000 x10:1c00015c x11:00000000
14776309ns          242727 1c008cde 00008067 jalr             x0, x1, 0            x1:1c008ef6
14776389ns          242731 1c008ef6 01300433 add              x8, x0, x19          x8=1c000055 x19:1c000055
14776409ns          242732 1c008ef8 00050563 beq              x10, x0, 10         x10:00000000
14776548ns          242739 1c008f02 06700693 addi             x13, x0, 103        x13=00000067
14776568ns          242740 1c008f06 2896d963 bge              x13, x9, 658        x13:00000067  x9:00000064
14776747ns          242749 1c009198 06500693 addi             x13, x0, 101        x13=00000065
14776787ns          242751 1c00919c 12d4d563 bge              x9, x13, 298         x9:00000064 x13:00000065
14776806ns          242752 1c0091a0 04700693 addi             x13, x0, 71         x13=00000047
14776826ns          242753 1c0091a4 dc96cbe3 blt              x13, x9, -554       x13:00000047  x9:00000064
14776906ns          242757 1c008f7a 06300693 addi             x13, x0, 99         x13=00000063
14776926ns          242758 1c008f7e 0ad488e3 beq              x9, x13, 2224        x9:00000064 x13:00000063
14776946ns          242759 1c008f82 0096c9e3 blt              x13, x9, 2066       x13:00000063  x9:00000064
14777045ns          242764 1c009794 000c2583 lw               x11, 0(x24)         x11=00000001 x24:10000e30  PA:10000e30
14777085ns          242766 1c009798 004c0c13 addi             x24, x24, 4         x24=10000e34 x24:10000e30
14777105ns          242767 1c00979a 3405cc63 blt              x11, x0, 856        x11:00000001
14777125ns          242768 1c00979e 01412603 lw               x12, 20(x2)         x12=00000000  x2:10000cd8  PA:10000cec
14777164ns          242770 1c0097a0 00b006b3 add              x13, x0, x11        x13=00000001 x11:00000001
14777204ns          242772 1c0097a2 2e061863 bne              x12, x0, 752        x12:00000000
14777224ns          242773 1c0097a6 01812703 lw               x14, 24(x2)         x14=00000000  x2:10000cd8  PA:10000cf0
14777244ns          242774 1c0097a8 019007b3 add              x15, x0, x25        x15=10000cfc x25:10000cfc
14777264ns          242775 1c0097aa 00070763 beq              x14, x0, 14         x14:00000000
14777343ns          242779 1c0097b8 00f00733 add              x14, x0, x15        x14=10000cfc x15:10000cfc
14777363ns          242780 1c0097ba 00a00513 addi             x10, x0, 10         x10=0000000a
14777383ns          242781 1c0097bc 02a6f633 remu             x12, x13, x10       x12=00000001 x13:00000001 x10:0000000a
14778020ns          242813 1c0097c0 02a6d6b3 divu             x13, x13, x10       x13=00000000 x13:00000001 x10:0000000a
14778636ns          242844 1c0097c4 03060613 addi             x12, x12, 48        x12=00000031 x12:00000001
14778656ns          242845 1c0097c8 00c700ab p.sb             x12, 1(x14!)        x14=10000cfd x12:00000031 x14:10000cfc  PA:10000cfc
14778676ns          242846 1c0097cc fe0698e3 bne              x13, x0, -16        x13:00000000
14778696ns          242847 1c0097ce 40f706b3 sub              x13, x14, x15       x13=00000001 x14:10000cfd x15:10000cfc
14778716ns          242848 1c0097d2 0146dc63 bge              x13, x20, 24        x13:00000001 x20:ffffffff
14778815ns          242853 1c0097ea 00e006b3 add              x13, x0, x14        x13=10000cfd x14:10000cfd
14778855ns          242855 1c0097ec fe068fab p.sb             x0, -1(x13!)        x13=10000cfc x13:10000cfd  PA:10000cfd
14778915ns          242858 1c0097f0 00d7fc63 bgeu             x15, x13, 24        x15:10000cfc x13:10000cfc
14779014ns          242863 1c009808 01412783 lw               x15, 20(x2)         x15=00000000  x2:10000cd8  PA:10000cec
14779034ns          242864 1c00980a 01812603 lw               x12, 24(x2)         x12=00000000  x2:10000cd8  PA:10000cf0
14779054ns          242865 1c00980c 419704b3 sub              x9, x14, x25         x9=00000001 x14:10000cfd x25:10000cfc
14779114ns          242868 1c009810 00c7e7b3 or               x15, x15, x12       x15=00000000 x15:00000000 x12:00000000
14779134ns          242869 1c009812 00f12623 sw               x15, 12(x2)         x15:00000000  x2:10000cd8  PA:10000ce4
14779154ns          242870 1c009814 00079363 bne              x15, x0, 6          x15:00000000
14779173ns          242871 1c009816 01f5d593 srli             x11, x11, 0x1f      x11=00000000 x11:00000001
14779193ns          242872 1c009818 00b12623 sw               x11, 12(x2)         x11:00000000  x2:10000cd8  PA:10000ce4
14779213ns          242873 1c00981a e3fa28e3 p.beqimm         x20, -464           x20:ffffffff
14779671ns          242896 1c00964a 0c800793 addi             x15, x0, 200        x15=000000c8
14779691ns          242897 1c00964e 9e97d0e3 bge              x15, x9, -1568      x15:000000c8  x9:00000001
14780248ns          242925 1c00902e 0f24d163 bge              x9, x18, 226         x9:00000001 x18:00000000
14780347ns          242930 1c009110 d00482e3 beq              x9, x0, -764         x9:00000001
14780387ns          242932 1c009114 01900933 add              x18, x0, x25        x18=10000cfc x25:10000cfc
14780407ns          242933 1c009116 419d8db3 sub              x27, x27, x25       x27=effff32e x27:0000002a x25:10000cfc
14780427ns          242934 1c00911a 00a0006f jal              x0, 10             
14780526ns          242939 1c009124 0019450b p.lbu            x10, 1(x18!)        x10=00000031 x18=10000cfd x18:10000cfc  PA:10000cfc
14780546ns          242940 1c009128 01a005b3 add              x11, x0, x26        x11=00000002 x26:00000002
14780566ns          242941 1c00912a 000b00e7 jalr             x1, x22, 0           x1=1c00912c x22:1c008d32
14780606ns          242943 1c008d32 000026b7 lui              x13, 0x2000         x13=00002000
14780625ns          242944 1c008d34 f14027f3 csrrs            x15, x0, 0xf14      x15=00000001
14780645ns          242945 1c008d38 f8068693 addi             x13, x13, -128      x13=00001f80 x13:00002000
14780665ns          242946 1c008d3c 00379713 slli             x14, x15, 0x3       x14=00000008 x15:00000001
14780725ns          242949 1c008d40 00279793 slli             x15, x15, 0x2       x15=00000004 x15:00000001
14780745ns          242950 1c008d42 00d7f7b3 and              x15, x15, x13       x15=00000000 x15:00000004 x13:00001f80
14780765ns          242951 1c008d44 ee873733 p.bclr           x14, x14, 23, 8     x14=00000008 x14:00000008
14780785ns          242952 1c008d48 1a10f6b7 lui              x13, 0x1a10f000     x13=1a10f000
14780804ns          242953 1c008d4c 0ff57513 andi             x10, x10, 255       x10=00000031 x10:00000031
14780864ns          242956 1c008d50 00d70733 add              x14, x14, x13       x14=1a10f008 x14:00000008 x13:1a10f000
14780904ns          242958 1c008d52 00a7e723 p.sw             x10, x0(x15)        x10:00000031 x15:00000000  PA:1a10f008
14781262ns          242976 1c008d56 00000513 addi             x10, x0, 0          x10=00000000
14781282ns          242977 1c008d58 00008067 jalr             x0, x1, 0            x1:1c00912c
14781322ns          242979 1c00912c fff48493 addi             x9, x9, -1           x9=00000000  x9:00000001
14781342ns          242980 1c00912e fff537e3 p.bneimm         x10, -18            x10:00000000
14781401ns          242983 1c00911c 012d8733 add              x14, x27, x18       x14=0000002b x27:effff32e x18:10000cfd
14781421ns          242984 1c009120 5a048b63 beq              x9, x0, 1462         x9:00000000
14781521ns          242989 1c0096d6 00e00db3 add              x27, x0, x14        x27=0000002b x14:0000002b
14781560ns          242991 1c0096d8 f3cff06f jal              x0, -2244          
14781640ns          242995 1c008e14 00044503 lbu              x10, 0(x8)          x10=00000029  x8:1c000055  PA:1c000055
14781978ns          243012 1c008e18 00140413 addi             x8, x8, 1            x8=1c000056  x8:1c000055
14781998ns          243013 1c008e1a 00050e63 beq              x10, x0, 28         x10:00000029
14782018ns          243014 1c008e1c 02500793 addi             x15, x0, 37         x15=00000025
14782038ns          243015 1c008e20 04f50863 beq              x10, x15, 80        x10:00000029 x15:00000025
14782058ns          243016 1c008e24 01a005b3 add              x11, x0, x26        x11=00000002 x26:00000002
14782077ns          243017 1c008e26 000b00e7 jalr             x1, x22, 0           x1=1c008e28 x22:1c008d32
14782177ns          243022 1c008d32 000026b7 lui              x13, 0x2000         x13=00002000
14782197ns          243023 1c008d34 f14027f3 csrrs            x15, x0, 0xf14      x15=00000001
14782217ns          243024 1c008d38 f8068693 addi             x13, x13, -128      x13=00001f80 x13:00002000
14782237ns          243025 1c008d3c 00379713 slli             x14, x15, 0x3       x14=00000008 x15:00000001
14782256ns          243026 1c008d40 00279793 slli             x15, x15, 0x2       x15=00000004 x15:00000001
14782276ns          243027 1c008d42 00d7f7b3 and              x15, x15, x13       x15=00000000 x15:00000004 x13:00001f80
14782296ns          243028 1c008d44 ee873733 p.bclr           x14, x14, 23, 8     x14=00000008 x14:00000008
14782316ns          243029 1c008d48 1a10f6b7 lui              x13, 0x1a10f000     x13=1a10f000
14782336ns          243030 1c008d4c 0ff57513 andi             x10, x10, 255       x10=00000029 x10:00000029
14782356ns          243031 1c008d50 00d70733 add              x14, x14, x13       x14=1a10f008 x14:00000008 x13:1a10f000
14782376ns          243032 1c008d52 00a7e723 p.sw             x10, x0(x15)        x10:00000029 x15:00000000  PA:1a10f008
14782694ns          243048 1c008d56 00000513 addi             x10, x0, 0          x10=00000000
14782714ns          243049 1c008d58 00008067 jalr             x0, x1, 0            x1:1c008e28
14782754ns          243051 1c008e28 31f52563 p.beqimm         x10, 778            x10:00000000
14782774ns          243052 1c008e2c 001d8d93 addi             x27, x27, 1         x27=0000002c x27:0000002b
14782794ns          243053 1c008e2e 00044503 lbu              x10, 0(x8)          x10=0000000a  x8:1c000056  PA:1c000056
14783092ns          243068 1c008e32 00140413 addi             x8, x8, 1            x8=1c000057  x8:1c000056
14783112ns          243069 1c008e34 fe0514e3 bne              x10, x0, -24        x10:0000000a
14783171ns          243072 1c008e1c 02500793 addi             x15, x0, 37         x15=00000025
14783191ns          243073 1c008e20 04f50863 beq              x10, x15, 80        x10:0000000a x15:00000025
14783211ns          243074 1c008e24 01a005b3 add              x11, x0, x26        x11=00000002 x26:00000002
14783231ns          243075 1c008e26 000b00e7 jalr             x1, x22, 0           x1=1c008e28 x22:1c008d32
14783271ns          243077 1c008d32 000026b7 lui              x13, 0x2000         x13=00002000
14783291ns          243078 1c008d34 f14027f3 csrrs            x15, x0, 0xf14      x15=00000001
14783311ns          243079 1c008d38 f8068693 addi             x13, x13, -128      x13=00001f80 x13:00002000
14783331ns          243080 1c008d3c 00379713 slli             x14, x15, 0x3       x14=00000008 x15:00000001
14783350ns          243081 1c008d40 00279793 slli             x15, x15, 0x2       x15=00000004 x15:00000001
14783370ns          243082 1c008d42 00d7f7b3 and              x15, x15, x13       x15=00000000 x15:00000004 x13:00001f80
14783390ns          243083 1c008d44 ee873733 p.bclr           x14, x14, 23, 8     x14=00000008 x14:00000008
14783410ns          243084 1c008d48 1a10f6b7 lui              x13, 0x1a10f000     x13=1a10f000
14783430ns          243085 1c008d4c 0ff57513 andi             x10, x10, 255       x10=0000000a x10:0000000a
14783450ns          243086 1c008d50 00d70733 add              x14, x14, x13       x14=1a10f008 x14:00000008 x13:1a10f000
14783470ns          243087 1c008d52 00a7e723 p.sw             x10, x0(x15)        x10:0000000a x15:00000000  PA:1a10f008
14783788ns          243103 1c008d56 00000513 addi             x10, x0, 0          x10=00000000
14783808ns          243104 1c008d58 00008067 jalr             x0, x1, 0            x1:1c008e28
14783848ns          243106 1c008e28 31f52563 p.beqimm         x10, 778            x10:00000000
14783868ns          243107 1c008e2c 001d8d93 addi             x27, x27, 1         x27=0000002d x27:0000002c
14783888ns          243108 1c008e2e 00044503 lbu              x10, 0(x8)          x10=00000000  x8:1c000057  PA:1c000057
14784186ns          243123 1c008e32 00140413 addi             x8, x8, 1            x8=1c000058  x8:1c000057
14784206ns          243124 1c008e34 fe0514e3 bne              x10, x0, -24        x10:00000000
14784226ns          243125 1c008e36 01b00433 add              x8, x0, x27          x8=0000002d x27:0000002d
14784246ns          243126 1c008e38 00800533 add              x10, x0, x8         x10=0000002d  x8:0000002d
14784265ns          243127 1c008e3a 12c12083 lw               x1, 300(x2)          x1=1c008dc6  x2:10000cd8  PA:10000e04
14784285ns          243128 1c008e3e 12812403 lw               x8, 296(x2)          x8=xxxxxxxx  x2:10000cd8  PA:10000e00
14784305ns          243129 1c008e42 12412483 lw               x9, 292(x2)          x9=00000001  x2:10000cd8  PA:10000dfc
14784325ns          243130 1c008e46 12012903 lw               x18, 288(x2)        x18=xxxxxxxx  x2:10000cd8  PA:10000df8
14784345ns          243131 1c008e4a 11c12983 lw               x19, 284(x2)        x19=xxxxxxxx  x2:10000cd8  PA:10000df4
14784743ns          243151 1c008e4e 11812a03 lw               x20, 280(x2)        x20=xxxxxxxx  x2:10000cd8  PA:10000df0
14784783ns          243153 1c008e52 11412a83 lw               x21, 276(x2)        x21=xxxxxxxx  x2:10000cd8  PA:10000dec
14784803ns          243154 1c008e56 11012b03 lw               x22, 272(x2)        x22=xxxxxxxx  x2:10000cd8  PA:10000de8
14784822ns          243155 1c008e5a 10c12b83 lw               x23, 268(x2)        x23=xxxxxxxx  x2:10000cd8  PA:10000de4
14785260ns          243177 1c008e5e 10812c03 lw               x24, 264(x2)        x24=xxxxxxxx  x2:10000cd8  PA:10000de0
14785300ns          243179 1c008e62 10412c83 lw               x25, 260(x2)        x25=xxxxxxxx  x2:10000cd8  PA:10000ddc
14785320ns          243180 1c008e66 10012d03 lw               x26, 256(x2)        x26=xxxxxxxx  x2:10000cd8  PA:10000dd8
14785340ns          243181 1c008e6a 0fc12d83 lw               x27, 252(x2)        x27=xxxxxxxx  x2:10000cd8  PA:10000dd4
14785359ns          243182 1c008e6c 13010113 addi             x2, x2, 304          x2=10000e08  x2:10000cd8
14785379ns          243183 1c008e6e 00008067 jalr             x0, x1, 0            x1:1c008dc6
14785479ns          243188 1c008dc6 01c12083 lw               x1, 28(x2)           x1=1c008180  x2:10000e08  PA:10000e24
14785519ns          243190 1c008dc8 04010113 addi             x2, x2, 64           x2=10000e48  x2:10000e08
14785538ns          243191 1c008dca 00008067 jalr             x0, x1, 0            x1:1c008180
14785678ns          243198 1c008180 00300793 addi             x15, x0, 3          x15=00000003
14785717ns          243200 1c008182 0097f463 bgeu             x15, x9, 8          x15:00000003  x9:00000001
14785797ns          243204 1c00818a 7cb010ef jal              x1, 8138             x1=1c00818e
14786752ns          243252 1c00a154 f14027f3 csrrs            x15, x0, 0xf14      x15=00000001
14786792ns          243254 1c00a158 01f00713 addi             x14, x0, 31         x14=0000001f
14786811ns          243255 1c00a15a ca5797b3 p.extractu       x15, x15, 5, 5      x15=00000000 x15:00000001
14787249ns          243277 1c00a15e 00e78863 beq              x15, x14, 16        x15:00000000 x14:0000001f
14787289ns          243279 1c00a162 002047b7 lui              x15, 0x204000       x15=00204000
14787309ns          243280 1c00a166 20078793 addi             x15, x15, 512       x15=00204200 x15:00204000
14787329ns          243281 1c00a16a 01c7e703 p.elw            x14, 28(x15)        x14=00010000 x15:00204200  PA:0020421c
14787508ns          243290 1c00a16e 00008067 jalr             x0, x1, 0            x1:1c00818e
14787826ns          243306 1c00818e f14027f3 csrrs            x15, x0, 0xf14      x15=00000001
14787846ns          243307 1c008192 f457b7b3 p.bclr           x15, x15, 26, 5     x15=00000001 x15:00000001
14787866ns          243308 1c008196 28078563 beq              x15, x0, 650        x15:00000001
14787886ns          243309 1c00819a 06400993 addi             x19, x0, 100        x19=00000064
14788323ns          243331 1c00819e 033489b3 mul              x19, x9, x19        x19=00000064  x9:00000001 x19:00000064
14788363ns          243333 1c0081a2 1c010937 lui              x18, 0x1c010000     x18=1c010000
14788383ns          243334 1c0081a6 1c0007b7 lui              x15, 0x1c000000     x15=1c000000
14788403ns          243335 1c0081aa 00090913 addi             x18, x18, 0         x18=1c010000 x18:1c010000
14788423ns          243336 1c0081ae 00299993 slli             x19, x19, 0x2       x19=00000190 x19:00000064
14788920ns          243361 1c0081b0 01c7aa83 lw               x21, 28(x15)        x21=3f317218 x15:1c000000  PA:1c00001c
14789238ns          243377 1c0081b4 012989b3 add              x19, x19, x18       x19=1c010190 x19:00000190 x18:1c010000
14789258ns          243378 1c0081b6 00200433 add              x8, x0, x2           x8=10000e48  x2:10000e48
14789278ns          243379 1c0081b8 19010a13 addi             x20, x2, 400        x20=10000fd8  x2:10000e48
14789298ns          243380 1c0081bc 0049a50b p.lw             x10, 4(x19!)        x10=4221a145 x19=1c010194 x19:1c010190  PA:1c010190
14789616ns          243396 1c0081c0 558000ef jal              x1, 1368             x1=1c0081c2
14790193ns          243425 1c008718 e00517d3 fclass.s         x15, f10            x15=00000040 f10:4221a145
14790233ns          243427 1c00871c 0817f793 andi             x15, x15, 129       x15=00000000 x15:00000040
14790670ns          243449 1c008720 08079b63 bne              x15, x0, 150        x15:00000000
14790710ns          243451 1c008722 00000793 addi             x15, x0, 0          x15=00000000
14790730ns          243452 1c008726 a0f52753 feq.s            x14, f10, f15       x14=00000000 f10:4221a145 f15:00000000
14790750ns          243453 1c00872a 08071163 bne              x14, x0, 130        x14:00000000
14790770ns          243454 1c00872c a0f507d3 fle.s            x15, f10, f15       x15=00000000 f10:4221a145 f15:00000000
14791207ns          243476 1c008730 08079863 bne              x15, x0, 144        x15:00000000
14791247ns          243478 1c008732 a0a527d3 feq.s            x15, f10, f10       x15=00000001 f10:4221a145 f10:4221a145
14791267ns          243479 1c008736 08078563 beq              x15, x0, 138        x15:00000001
14791287ns          243480 1c008738 d17537b3 p.bclr           x15, x10, 8, 23     x15=0021a145 x10:4221a145
14791307ns          243481 1c00873c cb87c733 p.bset           x14, x15, 5, 24     x14=3f21a145 x15:0021a145
14791724ns          243502 1c008740 1c0006b7 lui              x13, 0x1c000000     x13=1c000000
14791764ns          243504 1c008744 1c0007b7 lui              x15, 0x1c000000     x15=1c000000
14791784ns          243505 1c008748 1306a683 lw               x13, 304(x13)       x13=c13c5fa8 x13:1c000000  PA:1c000130
14792083ns          243520 1c00874c 12c7a783 lw               x15, 300(x15)       x15=3ff7d7e5 x15:1c000000  PA:1c00012c
14792421ns          243537 1c008750 41755513 srai             x10, x10, 0x417     x10=00000084 x10:4221a145
14792441ns          243538 1c008752 68e7f7c3 fmadd.s          f15, f15, f14, f13  f15=xxxxxxxx f15:3ff7d7e5 f14:3f21a145 f13:c13c5fa8
14792460ns          243539 1c008756 1c0006b7 lui              x13, 0x1c000000     x13=1c000000
14792480ns          243540 1c00875a 1346a683 lw               x13, 308(x13)       x13=41fa6a03 x13:1c000000  PA:1c000134
14792938ns          243563 1c00875e f8250513 addi             x10, x10, -126      x10=00000006 x10:00000084
14792978ns          243565 1c008762 68e7f7c3 fmadd.s          f15, f15, f14, f13  f15=xxxxxxxx f15:c128d04b f14:3f21a145 f13:41fa6a03
14792997ns          243566 1c008766 1c0006b7 lui              x13, 0x1c000000     x13=1c000000
14793017ns          243567 1c00876a 1386a683 lw               x13, 312(x13)       x13=c23f0e08 x13:1c000000  PA:1c000138
14793475ns          243590 1c00876e d0057553 fcvt.s.w         f10, x10            f10=xxxxxxxx x10:00000006
14793515ns          243592 1c008772 68e7f7c3 fmadd.s          f15, f15, f14, f13  f15=xxxxxxxx f15:41c51f57 f14:3f21a145 f13:c23f0e08
14793535ns          243593 1c008776 1c0006b7 lui              x13, 0x1c000000     x13=1c000000
14793554ns          243594 1c00877a 13c6a683 lw               x13, 316(x13)       x13=42390412 x13:1c000000  PA:1c00013c
14794032ns          243618 1c00877e 68e7f7c3 fmadd.s          f15, f15, f14, f13  f15=xxxxxxxx f15:c200d396 f14:3f21a145 f13:42390412
14794072ns          243620 1c008782 1c0006b7 lui              x13, 0x1c000000     x13=1c000000
14794091ns          243621 1c008786 1406a683 lw               x13, 320(x13)       x13=c1efd21b x13:1c000000  PA:1c000140
14794410ns          243637 1c00878a 68e7f7c3 fmadd.s          f15, f15, f14, f13  f15=xxxxxxxx f15:41cf5bb2 f14:3f21a145 f13:c1efd21b
14794549ns          243644 1c00878e 1c0006b7 lui              x13, 0x1c000000     x13=1c000000
14794589ns          243646 1c008792 1446a683 lw               x13, 324(x13)       x13=41644a86 x13:1c000000  PA:1c000144
14794927ns          243663 1c008796 68e7f7c3 fmadd.s          f15, f15, f14, f13  f15=xxxxxxxx f15:c159cd9f f14:3f21a145 f13:41644a86
14794947ns          243664 1c00879a 1c0006b7 lui              x13, 0x1c000000     x13=1c000000
14795106ns          243672 1c00879e 1486a683 lw               x13, 328(x13)       x13=c087dba8 x13:1c000000  PA:1c000148
14795444ns          243689 1c0087a2 68e7f7c3 fmadd.s          f15, f15, f14, f13  f15=xxxxxxxx f15:40b58e00 f14:3f21a145 f13:c087dba8
14795464ns          243690 1c0087a6 00a7f553 fadd.s           f10, f15, f10       f10=xxxxxxxx f15:bf29d7d6 f10:40c00000
14795484ns          243691 1c0087aa 00008067 jalr             x0, x1, 0            x1:1c0081c2
14795981ns          243716 1c0081c2 11557553 fmul.s           f10, f10, f21       f10=xxxxxxxx f10:40aac505 f21:3f317218
14796001ns          243717 1c0081c6 00a4222b p.sw             x10, 4(x8!)          x8=10000e4c x10:406cbca8  x8:10000e48  PA:10000e48
14796021ns          243718 1c0081ca ff4419e3 bne              x8, x20, -14         x8:10000e4c x20:10000fd8
14796538ns          243744 1c0081bc 0049a50b p.lw             x10, 4(x19!)        x10=424ccbe6 x19=1c010198 x19:1c010194  PA:1c010194
14796856ns          243760 1c0081c0 558000ef jal              x1, 1368             x1=1c0081c2
14796936ns          243764 1c008718 e00517d3 fclass.s         x15, f10            x15=00000040 f10:424ccbe6
14796976ns          243766 1c00871c 0817f793 andi             x15, x15, 129       x15=00000000 x15:00000040
14797035ns          243769 1c008720 08079b63 bne              x15, x0, 150        x15:00000000
14797075ns          243771 1c008722 00000793 addi             x15, x0, 0          x15=00000000
14797095ns          243772 1c008726 a0f52753 feq.s            x14, f10, f15       x14=00000000 f10:424ccbe6 f15:00000000
14797115ns          243773 1c00872a 08071163 bne              x14, x0, 130        x14:00000000
14797135ns          243774 1c00872c a0f507d3 fle.s            x15, f10, f15       x15=00000000 f10:424ccbe6 f15:00000000
14797155ns          243775 1c008730 08079863 bne              x15, x0, 144        x15:00000000
14797175ns          243776 1c008732 a0a527d3 feq.s            x15, f10, f10       x15=00000001 f10:424ccbe6 f10:424ccbe6
14797194ns          243777 1c008736 08078563 beq              x15, x0, 138        x15:00000001
14797214ns          243778 1c008738 d17537b3 p.bclr           x15, x10, 8, 23     x15=004ccbe6 x10:424ccbe6
14797234ns          243779 1c00873c cb87c733 p.bset           x14, x15, 5, 24     x14=3f4ccbe6 x15:004ccbe6
14797254ns          243780 1c008740 1c0006b7 lui              x13, 0x1c000000     x13=1c000000
14797274ns          243781 1c008744 1c0007b7 lui              x15, 0x1c000000     x15=1c000000
14797294ns          243782 1c008748 1306a683 lw               x13, 304(x13)       x13=c13c5fa8 x13:1c000000  PA:1c000130
14797592ns          243797 1c00874c 12c7a783 lw               x15, 300(x15)       x15=3ff7d7e5 x15:1c000000  PA:1c00012c
14797891ns          243812 1c008750 41755513 srai             x10, x10, 0x417     x10=00000084 x10:424ccbe6
14797911ns          243813 1c008752 68e7f7c3 fmadd.s          f15, f15, f14, f13  f15=xxxxxxxx f15:3ff7d7e5 f14:3f4ccbe6 f13:c13c5fa8
14797930ns          243814 1c008756 1c0006b7 lui              x13, 0x1c000000     x13=1c000000
14797950ns          243815 1c00875a 1346a683 lw               x13, 308(x13)       x13=41fa6a03 x13:1c000000  PA:1c000134
14798249ns          243830 1c00875e f8250513 addi             x10, x10, -126      x10=00000006 x10:00000084
14798269ns          243831 1c008762 68e7f7c3 fmadd.s          f15, f15, f14, f13  f15=xxxxxxxx f15:c12396fa f14:3f4ccbe6 f13:41fa6a03
14798288ns          243832 1c008766 1c0006b7 lui              x13, 0x1c000000     x13=1c000000
14798308ns          243833 1c00876a 1386a683 lw               x13, 312(x13)       x13=c23f0e08 x13:1c000000  PA:1c000138
14798607ns          243848 1c00876e d0057553 fcvt.s.w         f10, x10            f10=xxxxxxxx x10:00000006
14798627ns          243849 1c008772 68e7f7c3 fmadd.s          f15, f15, f14, f13  f15=xxxxxxxx f15:41b8fab6 f14:3f4ccbe6 f13:c23f0e08
14798646ns          243850 1c008776 1c0006b7 lui              x13, 0x1c000000     x13=1c000000
14798666ns          243851 1c00877a 13c6a683 lw               x13, 316(x13)       x13=42390412 x13:1c000000  PA:1c00013c
14798985ns          243867 1c00877e 68e7f7c3 fmadd.s          f15, f15, f14, f13  f15=xxxxxxxx f15:c1ea20f2 f14:3f4ccbe6 f13:42390412
14799005ns          243868 1c008782 1c0006b7 lui              x13, 0x1c000000     x13=1c000000
14799024ns          243869 1c008786 1406a683 lw               x13, 320(x13)       x13=c1efd21b x13:1c000000  PA:1c000140
14799363ns          243886 1c00878a 68e7f7c3 fmadd.s          f15, f15, f14, f13  f15=xxxxxxxx f15:41b6bb69 f14:3f4ccbe6 f13:c1efd21b
14799382ns          243887 1c00878e 1c0006b7 lui              x13, 0x1c000000     x13=1c000000
14799402ns          243888 1c008792 1446a683 lw               x13, 324(x13)       x13=41644a86 x13:1c000000  PA:1c000144
14799721ns          243904 1c008796 68e7f7c3 fmadd.s          f15, f15, f14, f13  f15=xxxxxxxx f15:c13b4671 f14:3f4ccbe6 f13:41644a86
14799740ns          243905 1c00879a 1c0006b7 lui              x13, 0x1c000000     x13=1c000000
14799760ns          243906 1c00879e 1486a683 lw               x13, 328(x13)       x13=c087dba8 x13:1c000000  PA:1c000148
14800098ns          243923 1c0087a2 68e7f7c3 fmadd.s          f15, f15, f14, f13  f15=xxxxxxxx f15:409cf276 f14:3f4ccbe6 f13:c087dba8
14800118ns          243924 1c0087a6 00a7f553 fadd.s           f10, f15, f10       f10=xxxxxxxx f15:bea4d70b f10:40c00000
14800138ns          243925 1c0087aa 00008067 jalr             x0, x1, 0            x1:1c0081c2
14800198ns          243928 1c0081c2 11557553 fmul.s           f10, f10, f21       f10=xxxxxxxx f10:40b5b28f f21:3f317218
14800218ns          243929 1c0081c6 00a4222b p.sw             x10, 4(x8!)          x8=10000e50 x10:407be2df  x8:10000e4c  PA:10000e4c
14800238ns          243930 1c0081ca ff4419e3 bne              x8, x20, -14         x8:10000e50 x20:10000fd8
14800337ns          243935 1c0081bc 0049a50b p.lw             x10, 4(x19!)        x10=422da1f3 x19=1c01019c x19:1c010198  PA:1c010198
14800655ns          243951 1c0081c0 558000ef jal              x1, 1368             x1=1c0081c2
14800675ns          243952 1c008718 e00517d3 fclass.s         x15, f10            x15=00000040 f10:422da1f3
14800695ns          243953 1c00871c 0817f793 andi             x15, x15, 129       x15=00000000 x15:00000040
14800715ns          243954 1c008720 08079b63 bne              x15, x0, 150        x15:00000000
14800735ns          243955 1c008722 00000793 addi             x15, x0, 0          x15=00000000
14800755ns          243956 1c008726 a0f52753 feq.s            x14, f10, f15       x14=00000000 f10:422da1f3 f15:00000000
14800775ns          243957 1c00872a 08071163 bne              x14, x0, 130        x14:00000000
14800795ns          243958 1c00872c a0f507d3 fle.s            x15, f10, f15       x15=00000000 f10:422da1f3 f15:00000000
14800815ns          243959 1c008730 08079863 bne              x15, x0, 144        x15:00000000
14800834ns          243960 1c008732 a0a527d3 feq.s            x15, f10, f10       x15=00000001 f10:422da1f3 f10:422da1f3
14800854ns          243961 1c008736 08078563 beq              x15, x0, 138        x15:00000001
14800874ns          243962 1c008738 d17537b3 p.bclr           x15, x10, 8, 23     x15=002da1f3 x10:422da1f3
14800894ns          243963 1c00873c cb87c733 p.bset           x14, x15, 5, 24     x14=3f2da1f3 x15:002da1f3
14800914ns          243964 1c008740 1c0006b7 lui              x13, 0x1c000000     x13=1c000000
14800934ns          243965 1c008744 1c0007b7 lui              x15, 0x1c000000     x15=1c000000
14800954ns          243966 1c008748 1306a683 lw               x13, 304(x13)       x13=c13c5fa8 x13:1c000000  PA:1c000130
14801252ns          243981 1c00874c 12c7a783 lw               x15, 300(x15)       x15=3ff7d7e5 x15:1c000000  PA:1c00012c
14801551ns          243996 1c008750 41755513 srai             x10, x10, 0x417     x10=00000084 x10:422da1f3
14801570ns          243997 1c008752 68e7f7c3 fmadd.s          f15, f15, f14, f13  f15=xxxxxxxx f15:3ff7d7e5 f14:3f2da1f3 f13:c13c5fa8
14801590ns          243998 1c008756 1c0006b7 lui              x13, 0x1c000000     x13=1c000000
14801610ns          243999 1c00875a 1346a683 lw               x13, 308(x13)       x13=41fa6a03 x13:1c000000  PA:1c000134
14801928ns          244015 1c00875e f8250513 addi             x10, x10, -126      x10=00000006 x10:00000084
14801948ns          244016 1c008762 68e7f7c3 fmadd.s          f15, f15, f14, f13  f15=xxxxxxxx f15:c1275c72 f14:3f2da1f3 f13:41fa6a03
14801968ns          244017 1c008766 1c0006b7 lui              x13, 0x1c000000     x13=1c000000
14801988ns          244018 1c00876a 1386a683 lw               x13, 312(x13)       x13=c23f0e08 x13:1c000000  PA:1c000138
14802306ns          244034 1c00876e d0057553 fcvt.s.w         f10, x10            f10=xxxxxxxx x10:00000006
14802326ns          244035 1c008772 68e7f7c3 fmadd.s          f15, f15, f14, f13  f15=xxxxxxxx f15:41c1a856 f14:3f2da1f3 f13:c23f0e08
14802346ns          244036 1c008776 1c0006b7 lui              x13, 0x1c000000     x13=1c000000
14802366ns          244037 1c00877a 13c6a683 lw               x13, 316(x13)       x13=42390412 x13:1c000000  PA:1c00013c
14802684ns          244053 1c00877e 68e7f7c3 fmadd.s          f15, f15, f14, f13  f15=xxxxxxxx f15:c1fac2cb f14:3f2da1f3 f13:42390412
14802704ns          244054 1c008782 1c0006b7 lui              x13, 0x1c000000     x13=1c000000
14802724ns          244055 1c008786 1406a683 lw               x13, 320(x13)       x13=c1efd21b x13:1c000000  PA:1c000140
14803042ns          244071 1c00878a 68e7f7c3 fmadd.s          f15, f15, f14, f13  f15=xxxxxxxx f15:41c7f3de f14:3f2da1f3 f13:c1efd21b
14803062ns          244072 1c00878e 1c0006b7 lui              x13, 0x1c000000     x13=1c000000
14803082ns          244073 1c008792 1446a683 lw               x13, 324(x13)       x13=41644a86 x13:1c000000  PA:1c000144
14803400ns          244089 1c008796 68e7f7c3 fmadd.s          f15, f15, f14, f13  f15=xxxxxxxx f15:c15067a0 f14:3f2da1f3 f13:41644a86
14803420ns          244090 1c00879a 1c0006b7 lui              x13, 0x1c000000     x13=1c000000
14803440ns          244091 1c00879e 1486a683 lw               x13, 328(x13)       x13=c087dba8 x13:1c000000  PA:1c000148
14803758ns          244107 1c0087a2 68e7f7c3 fmadd.s          f15, f15, f14, f13  f15=xxxxxxxx f15:40ade150 f14:3f2da1f3 f13:c087dba8
14803778ns          244108 1c0087a6 00a7f553 fadd.s           f10, f15, f10       f10=xxxxxxxx f15:bf0f6329 f10:40c00000
14803798ns          244109 1c0087aa 00008067 jalr             x0, x1, 0            x1:1c0081c2
14803858ns          244112 1c0081c2 11557553 fmul.s           f10, f10, f21       f10=xxxxxxxx f10:40ae139b f21:3f317218
14803878ns          244113 1c0081c6 00a4222b p.sw             x10, 4(x8!)          x8=10000e54 x10:40715246  x8:10000e50  PA:10000e50
14803898ns          244114 1c0081ca ff4419e3 bne              x8, x20, -14         x8:10000e54 x20:10000fd8
14803957ns          244117 1c0081bc 0049a50b p.lw             x10, 4(x19!)        x10=429ed8bf x19=1c0101a0 x19:1c01019c  PA:1c01019c
14804256ns          244132 1c0081c0 558000ef jal              x1, 1368             x1=1c0081c2
14804276ns          244133 1c008718 e00517d3 fclass.s         x15, f10            x15=00000040 f10:429ed8bf
14804295ns          244134 1c00871c 0817f793 andi             x15, x15, 129       x15=00000000 x15:00000040
14804315ns          244135 1c008720 08079b63 bne              x15, x0, 150        x15:00000000
14804335ns          244136 1c008722 00000793 addi             x15, x0, 0          x15=00000000
14804355ns          244137 1c008726 a0f52753 feq.s            x14, f10, f15       x14=00000000 f10:429ed8bf f15:00000000
14804375ns          244138 1c00872a 08071163 bne              x14, x0, 130        x14:00000000
14804395ns          244139 1c00872c a0f507d3 fle.s            x15, f10, f15       x15=00000000 f10:429ed8bf f15:00000000
14804415ns          244140 1c008730 08079863 bne              x15, x0, 144        x15:00000000
14804435ns          244141 1c008732 a0a527d3 feq.s            x15, f10, f10       x15=00000001 f10:429ed8bf f10:429ed8bf
14804455ns          244142 1c008736 08078563 beq              x15, x0, 138        x15:00000001
14804474ns          244143 1c008738 d17537b3 p.bclr           x15, x10, 8, 23     x15=001ed8bf x10:429ed8bf
14804494ns          244144 1c00873c cb87c733 p.bset           x14, x15, 5, 24     x14=3f1ed8bf x15:001ed8bf
14804514ns          244145 1c008740 1c0006b7 lui              x13, 0x1c000000     x13=1c000000
14804534ns          244146 1c008744 1c0007b7 lui              x15, 0x1c000000     x15=1c000000
14804554ns          244147 1c008748 1306a683 lw               x13, 304(x13)       x13=c13c5fa8 x13:1c000000  PA:1c000130
14804852ns          244162 1c00874c 12c7a783 lw               x15, 300(x15)       x15=3ff7d7e5 x15:1c000000  PA:1c00012c
14805151ns          244177 1c008750 41755513 srai             x10, x10, 0x417     x10=00000085 x10:429ed8bf
14805171ns          244178 1c008752 68e7f7c3 fmadd.s          f15, f15, f14, f13  f15=xxxxxxxx f15:3ff7d7e5 f14:3f1ed8bf f13:c13c5fa8
14805191ns          244179 1c008756 1c0006b7 lui              x13, 0x1c000000     x13=1c000000
14805210ns          244180 1c00875a 1346a683 lw               x13, 308(x13)       x13=41fa6a03 x13:1c000000  PA:1c000134
14805529ns          244196 1c00875e f8250513 addi             x10, x10, -126      x10=00000007 x10:00000085
14805549ns          244197 1c008762 68e7f7c3 fmadd.s          f15, f15, f14, f13  f15=xxxxxxxx f15:c1292685 f14:3f1ed8bf f13:41fa6a03
14805568ns          244198 1c008766 1c0006b7 lui              x13, 0x1c000000     x13=1c000000
14805588ns          244199 1c00876a 1386a683 lw               x13, 312(x13)       x13=c23f0e08 x13:1c000000  PA:1c000138
14805887ns          244214 1c00876e d0057553 fcvt.s.w         f10, x10            f10=xxxxxxxx x10:00000007
14805907ns          244215 1c008772 68e7f7c3 fmadd.s          f15, f15, f14, f13  f15=xxxxxxxx f15:41c5ef85 f14:3f1ed8bf f13:c23f0e08
14805926ns          244216 1c008776 1c0006b7 lui              x13, 0x1c000000     x13=1c000000
14805946ns          244217 1c00877a 13c6a683 lw               x13, 316(x13)       x13=42390412 x13:1c000000  PA:1c00013c
14806265ns          244233 1c00877e 68e7f7c3 fmadd.s          f15, f15, f14, f13  f15=xxxxxxxx f15:c201a553 f14:3f1ed8bf f13:42390412
14806285ns          244234 1c008782 1c0006b7 lui              x13, 0x1c000000     x13=1c000000
14806304ns          244235 1c008786 1406a683 lw               x13, 320(x13)       x13=c1efd21b x13:1c000000  PA:1c000140
14806623ns          244251 1c00878a 68e7f7c3 fmadd.s          f15, f15, f14, f13  f15=xxxxxxxx f15:41d12489 f14:3f1ed8bf f13:c1efd21b
14806643ns          244252 1c00878e 1c0006b7 lui              x13, 0x1c000000     x13=1c000000
14806662ns          244253 1c008792 1446a683 lw               x13, 324(x13)       x13=41644a86 x13:1c000000  PA:1c000144
14806981ns          244269 1c008796 68e7f7c3 fmadd.s          f15, f15, f14, f13  f15=xxxxxxxx f15:c15c18f7 f14:3f1ed8bf f13:41644a86
14807001ns          244270 1c00879a 1c0006b7 lui              x13, 0x1c000000     x13=1c000000
14807020ns          244271 1c00879e 1486a683 lw               x13, 328(x13)       x13=c087dba8 x13:1c000000  PA:1c000148
14807359ns          244288 1c0087a2 68e7f7c3 fmadd.s          f15, f15, f14, f13  f15=xxxxxxxx f15:40b77189 f14:3f1ed8bf f13:c087dba8
14807379ns          244289 1c0087a6 00a7f553 fadd.s           f10, f15, f10       f10=xxxxxxxx f15:bf304226 f10:40e00000
14807398ns          244290 1c0087aa 00008067 jalr             x0, x1, 0            x1:1c0081c2
14807458ns          244293 1c0081c2 11557553 fmul.s           f10, f10, f21       f10=xxxxxxxx f10:40c9f7bb f21:3f317218
14807478ns          244294 1c0081c6 00a4222b p.sw             x10, 4(x8!)          x8=10000e58 x10:408bfe4c  x8:10000e54  PA:10000e54
14807498ns          244295 1c0081ca ff4419e3 bne              x8, x20, -14         x8:10000e58 x20:10000fd8
14807558ns          244298 1c0081bc 0049a50b p.lw             x10, 4(x19!)        x10=41a0e1f1 x19=1c0101a4 x19:1c0101a0  PA:1c0101a0
14807856ns          244313 1c0081c0 558000ef jal              x1, 1368             x1=1c0081c2
14807876ns          244314 1c008718 e00517d3 fclass.s         x15, f10            x15=00000040 f10:41a0e1f1
14807896ns          244315 1c00871c 0817f793 andi             x15, x15, 129       x15=00000000 x15:00000040
14807916ns          244316 1c008720 08079b63 bne              x15, x0, 150        x15:00000000
14807935ns          244317 1c008722 00000793 addi             x15, x0, 0          x15=00000000
14807955ns          244318 1c008726 a0f52753 feq.s            x14, f10, f15       x14=00000000 f10:41a0e1f1 f15:00000000
14807975ns          244319 1c00872a 08071163 bne              x14, x0, 130        x14:00000000
14807995ns          244320 1c00872c a0f507d3 fle.s            x15, f10, f15       x15=00000000 f10:41a0e1f1 f15:00000000
14808015ns          244321 1c008730 08079863 bne              x15, x0, 144        x15:00000000
14808035ns          244322 1c008732 a0a527d3 feq.s            x15, f10, f10       x15=00000001 f10:41a0e1f1 f10:41a0e1f1
14808055ns          244323 1c008736 08078563 beq              x15, x0, 138        x15:00000001
14808075ns          244324 1c008738 d17537b3 p.bclr           x15, x10, 8, 23     x15=0020e1f1 x10:41a0e1f1
14808095ns          244325 1c00873c cb87c733 p.bset           x14, x15, 5, 24     x14=3f20e1f1 x15:0020e1f1
14808114ns          244326 1c008740 1c0006b7 lui              x13, 0x1c000000     x13=1c000000
14808134ns          244327 1c008744 1c0007b7 lui              x15, 0x1c000000     x15=1c000000
14808154ns          244328 1c008748 1306a683 lw               x13, 304(x13)       x13=c13c5fa8 x13:1c000000  PA:1c000130
14808473ns          244344 1c00874c 12c7a783 lw               x15, 300(x15)       x15=3ff7d7e5 x15:1c000000  PA:1c00012c
14808791ns          244360 1c008750 41755513 srai             x10, x10, 0x417     x10=00000083 x10:41a0e1f1
14808811ns          244361 1c008752 68e7f7c3 fmadd.s          f15, f15, f14, f13  f15=xxxxxxxx f15:3ff7d7e5 f14:3f20e1f1 f13:c13c5fa8
14808831ns          244362 1c008756 1c0006b7 lui              x13, 0x1c000000     x13=1c000000
14808850ns          244363 1c00875a 1346a683 lw               x13, 308(x13)       x13=41fa6a03 x13:1c000000  PA:1c000134
14809149ns          244378 1c00875e f8250513 addi             x10, x10, -126      x10=00000005 x10:00000083
14809169ns          244379 1c008762 68e7f7c3 fmadd.s          f15, f15, f14, f13  f15=xxxxxxxx f15:c128e772 f14:3f20e1f1 f13:41fa6a03
14809189ns          244380 1c008766 1c0006b7 lui              x13, 0x1c000000     x13=1c000000
14809208ns          244381 1c00876a 1386a683 lw               x13, 312(x13)       x13=c23f0e08 x13:1c000000  PA:1c000138
14809507ns          244396 1c00876e d0057553 fcvt.s.w         f10, x10            f10=xxxxxxxx x10:00000005
14809527ns          244397 1c008772 68e7f7c3 fmadd.s          f15, f15, f14, f13  f15=xxxxxxxx f15:41c55726 f14:3f20e1f1 f13:c23f0e08
14809547ns          244398 1c008776 1c0006b7 lui              x13, 0x1c000000     x13=1c000000
14809566ns          244399 1c00877a 13c6a683 lw               x13, 316(x13)       x13=42390412 x13:1c000000  PA:1c00013c
14809905ns          244416 1c00877e 68e7f7c3 fmadd.s          f15, f15, f14, f13  f15=xxxxxxxx f15:c2010bb6 f14:3f20e1f1 f13:42390412
14809925ns          244417 1c008782 1c0006b7 lui              x13, 0x1c000000     x13=1c000000
14809944ns          244418 1c008786 1406a683 lw               x13, 320(x13)       x13=c1efd21b x13:1c000000  PA:1c000140
14810263ns          244434 1c00878a 68e7f7c3 fmadd.s          f15, f15, f14, f13  f15=xxxxxxxx f15:41cfd5b7 f14:3f20e1f1 f13:c1efd21b
14810283ns          244435 1c00878e 1c0006b7 lui              x13, 0x1c000000     x13=1c000000
14810302ns          244436 1c008792 1446a683 lw               x13, 324(x13)       x13=41644a86 x13:1c000000  PA:1c000144
14810641ns          244453 1c008796 68e7f7c3 fmadd.s          f15, f15, f14, f13  f15=xxxxxxxx f15:c15a6a34 f14:3f20e1f1 f13:41644a86
14810660ns          244454 1c00879a 1c0006b7 lui              x13, 0x1c000000     x13=1c000000
14810680ns          244455 1c00879e 1486a683 lw               x13, 328(x13)       x13=c087dba8 x13:1c000000  PA:1c000148
14810999ns          244471 1c0087a2 68e7f7c3 fmadd.s          f15, f15, f14, f13  f15=xxxxxxxx f15:40b60ec1 f14:3f20e1f1 f13:c087dba8
14811019ns          244472 1c0087a6 00a7f553 fadd.s           f10, f15, f10       f10=xxxxxxxx f15:bf2b8e08 f10:40a00000
14811038ns          244473 1c0087aa 00008067 jalr             x0, x1, 0            x1:1c0081c2
14811098ns          244476 1c0081c2 11557553 fmul.s           f10, f10, f21       f10=xxxxxxxx f10:408a8e3f f21:3f317218
14811118ns          244477 1c0081c6 00a4222b p.sw             x10, 4(x8!)          x8=10000e5c x10:40401434  x8:10000e58  PA:10000e58
14811138ns          244478 1c0081ca ff4419e3 bne              x8, x20, -14         x8:10000e5c x20:10000fd8
14811198ns          244481 1c0081bc 0049a50b p.lw             x10, 4(x19!)        x10=4272c0d9 x19=1c0101a8 x19:1c0101a4  PA:1c0101a4
14811496ns          244496 1c0081c0 558000ef jal              x1, 1368             x1=1c0081c2
14811516ns          244497 1c008718 e00517d3 fclass.s         x15, f10            x15=00000040 f10:4272c0d9
14811536ns          244498 1c00871c 0817f793 andi             x15, x15, 129       x15=00000000 x15:00000040
14811556ns          244499 1c008720 08079b63 bne              x15, x0, 150        x15:00000000
14811575ns          244500 1c008722 00000793 addi             x15, x0, 0          x15=00000000
14811595ns          244501 1c008726 a0f52753 feq.s            x14, f10, f15       x14=00000000 f10:4272c0d9 f15:00000000
14811615ns          244502 1c00872a 08071163 bne              x14, x0, 130        x14:00000000
14811635ns          244503 1c00872c a0f507d3 fle.s            x15, f10, f15       x15=00000000 f10:4272c0d9 f15:00000000
14811655ns          244504 1c008730 08079863 bne              x15, x0, 144        x15:00000000
14811675ns          244505 1c008732 a0a527d3 feq.s            x15, f10, f10       x15=00000001 f10:4272c0d9 f10:4272c0d9
14811695ns          244506 1c008736 08078563 beq              x15, x0, 138        x15:00000001
14811715ns          244507 1c008738 d17537b3 p.bclr           x15, x10, 8, 23     x15=0072c0d9 x10:4272c0d9
14811735ns          244508 1c00873c cb87c733 p.bset           x14, x15, 5, 24     x14=3f72c0d9 x15:0072c0d9
14811754ns          244509 1c008740 1c0006b7 lui              x13, 0x1c000000     x13=1c000000
14811774ns          244510 1c008744 1c0007b7 lui              x15, 0x1c000000     x15=1c000000
14811794ns          244511 1c008748 1306a683 lw               x13, 304(x13)       x13=c13c5fa8 x13:1c000000  PA:1c000130
14812093ns          244526 1c00874c 12c7a783 lw               x15, 300(x15)       x15=3ff7d7e5 x15:1c000000  PA:1c00012c
14812391ns          244541 1c008750 41755513 srai             x10, x10, 0x417     x10=00000084 x10:4272c0d9
14812411ns          244542 1c008752 68e7f7c3 fmadd.s          f15, f15, f14, f13  f15=xxxxxxxx f15:3ff7d7e5 f14:3f72c0d9 f13:c13c5fa8
14812431ns          244543 1c008756 1c0006b7 lui              x13, 0x1c000000     x13=1c000000
14812451ns          244544 1c00875a 1346a683 lw               x13, 308(x13)       x13=41fa6a03 x13:1c000000  PA:1c000134
14812749ns          244559 1c00875e f8250513 addi             x10, x10, -126      x10=00000006 x10:00000084
14812769ns          244560 1c008762 68e7f7c3 fmadd.s          f15, f15, f14, f13  f15=xxxxxxxx f15:c11eff0f f14:3f72c0d9 f13:41fa6a03
14812789ns          244561 1c008766 1c0006b7 lui              x13, 0x1c000000     x13=1c000000
14812809ns          244562 1c00876a 1386a683 lw               x13, 312(x13)       x13=c23f0e08 x13:1c000000  PA:1c000138
14813107ns          244577 1c00876e d0057553 fcvt.s.w         f10, x10            f10=xxxxxxxx x10:00000006
14813127ns          244578 1c008772 68e7f7c3 fmadd.s          f15, f15, f14, f13  f15=xxxxxxxx f15:41af0792 f14:3f72c0d9 f13:c23f0e08
14813147ns          244579 1c008776 1c0006b7 lui              x13, 0x1c000000     x13=1c000000
14813167ns          244580 1c00877a 13c6a683 lw               x13, 316(x13)       x13=42390412 x13:1c000000  PA:1c00013c
14813485ns          244596 1c00877e 68e7f7c3 fmadd.s          f15, f15, f14, f13  f15=xxxxxxxx f15:c1d8230e f14:3f72c0d9 f13:42390412
14813505ns          244597 1c008782 1c0006b7 lui              x13, 0x1c000000     x13=1c000000
14813525ns          244598 1c008786 1406a683 lw               x13, 320(x13)       x13=c1efd21b x13:1c000000  PA:1c000140
14813843ns          244614 1c00878a 68e7f7c3 fmadd.s          f15, f15, f14, f13  f15=xxxxxxxx f15:41a5142f f14:3f72c0d9 f13:c1efd21b
14813863ns          244615 1c00878e 1c0006b7 lui              x13, 0x1c000000     x13=1c000000
14813883ns          244616 1c008792 1446a683 lw               x13, 324(x13)       x13=41644a86 x13:1c000000  PA:1c000144
14814201ns          244632 1c008796 68e7f7c3 fmadd.s          f15, f15, f14, f13  f15=xxxxxxxx f15:c1269157 f14:3f72c0d9 f13:41644a86
14814221ns          244633 1c00879a 1c0006b7 lui              x13, 0x1c000000     x13=1c000000
14814241ns          244634 1c00879e 1486a683 lw               x13, 328(x13)       x13=c087dba8 x13:1c000000  PA:1c000148
14814579ns          244651 1c0087a2 68e7f7c3 fmadd.s          f15, f15, f14, f13  f15=xxxxxxxx f15:408caf4f f14:3f72c0d9 f13:c087dba8
14814599ns          244652 1c0087a6 00a7f553 fadd.s           f10, f15, f10       f10=xxxxxxxx f15:bd9cfd26 f10:40c00000
14814619ns          244653 1c0087aa 00008067 jalr             x0, x1, 0            x1:1c0081c2
14814678ns          244656 1c0081c2 11557553 fmul.s           f10, f10, f21       f10=xxxxxxxx f10:40bd8c0b f21:3f317218
14814698ns          244657 1c0081c6 00a4222b p.sw             x10, 4(x8!)          x8=10000e60 x10:4083624e  x8:10000e5c  PA:10000e5c
14814718ns          244658 1c0081ca ff4419e3 bne              x8, x20, -14         x8:10000e60 x20:10000fd8
14814778ns          244661 1c0081bc 0049a50b p.lw             x10, 4(x19!)        x10=425278f8 x19=1c0101ac x19:1c0101a8  PA:1c0101a8
14815076ns          244676 1c0081c0 558000ef jal              x1, 1368             x1=1c0081c2
14815096ns          244677 1c008718 e00517d3 fclass.s         x15, f10            x15=00000040 f10:425278f8
14815116ns          244678 1c00871c 0817f793 andi             x15, x15, 129       x15=00000000 x15:00000040
14815136ns          244679 1c008720 08079b63 bne              x15, x0, 150        x15:00000000
14815156ns          244680 1c008722 00000793 addi             x15, x0, 0          x15=00000000
14815176ns          244681 1c008726 a0f52753 feq.s            x14, f10, f15       x14=00000000 f10:425278f8 f15:00000000
14815196ns          244682 1c00872a 08071163 bne              x14, x0, 130        x14:00000000
14815215ns          244683 1c00872c a0f507d3 fle.s            x15, f10, f15       x15=00000000 f10:425278f8 f15:00000000
14815235ns          244684 1c008730 08079863 bne              x15, x0, 144        x15:00000000
14815255ns          244685 1c008732 a0a527d3 feq.s            x15, f10, f10       x15=00000001 f10:425278f8 f10:425278f8
14815275ns          244686 1c008736 08078563 beq              x15, x0, 138        x15:00000001
14815295ns          244687 1c008738 d17537b3 p.bclr           x15, x10, 8, 23     x15=005278f8 x10:425278f8
14815315ns          244688 1c00873c cb87c733 p.bset           x14, x15, 5, 24     x14=3f5278f8 x15:005278f8
14815335ns          244689 1c008740 1c0006b7 lui              x13, 0x1c000000     x13=1c000000
14815355ns          244690 1c008744 1c0007b7 lui              x15, 0x1c000000     x15=1c000000
14815375ns          244691 1c008748 1306a683 lw               x13, 304(x13)       x13=c13c5fa8 x13:1c000000  PA:1c000130
14815673ns          244706 1c00874c 12c7a783 lw               x15, 300(x15)       x15=3ff7d7e5 x15:1c000000  PA:1c00012c
14815971ns          244721 1c008750 41755513 srai             x10, x10, 0x417     x10=00000084 x10:425278f8
14815991ns          244722 1c008752 68e7f7c3 fmadd.s          f15, f15, f14, f13  f15=xxxxxxxx f15:3ff7d7e5 f14:3f5278f8 f13:c13c5fa8
14816011ns          244723 1c008756 1c0006b7 lui              x13, 0x1c000000     x13=1c000000
14816031ns          244724 1c00875a 1346a683 lw               x13, 308(x13)       x13=41fa6a03 x13:1c000000  PA:1c000134
14816329ns          244739 1c00875e f8250513 addi             x10, x10, -126      x10=00000006 x10:00000084
14816349ns          244740 1c008762 68e7f7c3 fmadd.s          f15, f15, f14, f13  f15=xxxxxxxx f15:c122e721 f14:3f5278f8 f13:41fa6a03
14816369ns          244741 1c008766 1c0006b7 lui              x13, 0x1c000000     x13=1c000000
14816389ns          244742 1c00876a 1386a683 lw               x13, 312(x13)       x13=c23f0e08 x13:1c000000  PA:1c000138
14816707ns          244758 1c00876e d0057553 fcvt.s.w         f10, x10            f10=xxxxxxxx x10:00000006
14816727ns          244759 1c008772 68e7f7c3 fmadd.s          f15, f15, f14, f13  f15=xxxxxxxx f15:41b772b9 f14:3f5278f8 f13:c23f0e08
14816747ns          244760 1c008776 1c0006b7 lui              x13, 0x1c000000     x13=1c000000
14816767ns          244761 1c00877a 13c6a683 lw               x13, 316(x13)       x13=42390412 x13:1c000000  PA:1c00013c
14817085ns          244777 1c00877e 68e7f7c3 fmadd.s          f15, f15, f14, f13  f15=xxxxxxxx f15:c1e74945 f14:3f5278f8 f13:42390412
14817105ns          244778 1c008782 1c0006b7 lui              x13, 0x1c000000     x13=1c000000
14817125ns          244779 1c008786 1406a683 lw               x13, 320(x13)       x13=c1efd21b x13:1c000000  PA:1c000140
14817443ns          244795 1c00878a 68e7f7c3 fmadd.s          f15, f15, f14, f13  f15=xxxxxxxx f15:41b3e0bf f14:3f5278f8 f13:c1efd21b
14817463ns          244796 1c00878e 1c0006b7 lui              x13, 0x1c000000     x13=1c000000
14817483ns          244797 1c008792 1446a683 lw               x13, 324(x13)       x13=41644a86 x13:1c000000  PA:1c000144
14817801ns          244813 1c008796 68e7f7c3 fmadd.s          f15, f15, f14, f13  f15=xxxxxxxx f15:c137dd7d f14:3f5278f8 f13:41644a86
14817821ns          244814 1c00879a 1c0006b7 lui              x13, 0x1c000000     x13=1c000000
14817841ns          244815 1c00879e 1486a683 lw               x13, 328(x13)       x13=c087dba8 x13:1c000000  PA:1c000148
14818179ns          244832 1c0087a2 68e7f7c3 fmadd.s          f15, f15, f14, f13  f15=xxxxxxxx f15:409a3fe7 f14:3f5278f8 f13:c087dba8
14818199ns          244833 1c0087a6 00a7f553 fadd.s           f10, f15, f10       f10=xxxxxxxx f15:be90a592 f10:40c00000
14818219ns          244834 1c0087aa 00008067 jalr             x0, x1, 0            x1:1c0081c2
14818279ns          244837 1c0081c2 11557553 fmul.s           f10, f10, f21       f10=xxxxxxxx f10:40b6f5a7 f21:3f317218
14818299ns          244838 1c0081c6 00a4222b p.sw             x10, 4(x8!)          x8=10000e64 x10:407da2c6  x8:10000e60  PA:10000e60
14818318ns          244839 1c0081ca ff4419e3 bne              x8, x20, -14         x8:10000e64 x20:10000fd8
14818378ns          244842 1c0081bc 0049a50b p.lw             x10, 4(x19!)        x10=42095978 x19=1c0101b0 x19:1c0101ac  PA:1c0101ac
14818676ns          244857 1c0081c0 558000ef jal              x1, 1368             x1=1c0081c2
14818696ns          244858 1c008718 e00517d3 fclass.s         x15, f10            x15=00000040 f10:42095978
14818716ns          244859 1c00871c 0817f793 andi             x15, x15, 129       x15=00000000 x15:00000040
14818736ns          244860 1c008720 08079b63 bne              x15, x0, 150        x15:00000000
14818756ns          244861 1c008722 00000793 addi             x15, x0, 0          x15=00000000
14818776ns          244862 1c008726 a0f52753 feq.s            x14, f10, f15       x14=00000000 f10:42095978 f15:00000000
14818796ns          244863 1c00872a 08071163 bne              x14, x0, 130        x14:00000000
14818816ns          244864 1c00872c a0f507d3 fle.s            x15, f10, f15       x15=00000000 f10:42095978 f15:00000000
14818836ns          244865 1c008730 08079863 bne              x15, x0, 144        x15:00000000
14818855ns          244866 1c008732 a0a527d3 feq.s            x15, f10, f10       x15=00000001 f10:42095978 f10:42095978
14818875ns          244867 1c008736 08078563 beq              x15, x0, 138        x15:00000001
14818895ns          244868 1c008738 d17537b3 p.bclr           x15, x10, 8, 23     x15=00095978 x10:42095978
14818915ns          244869 1c00873c cb87c733 p.bset           x14, x15, 5, 24     x14=3f095978 x15:00095978
14818935ns          244870 1c008740 1c0006b7 lui              x13, 0x1c000000     x13=1c000000
14818955ns          244871 1c008744 1c0007b7 lui              x15, 0x1c000000     x15=1c000000
14818975ns          244872 1c008748 1306a683 lw               x13, 304(x13)       x13=c13c5fa8 x13:1c000000  PA:1c000130
14819293ns          244888 1c00874c 12c7a783 lw               x15, 300(x15)       x15=3ff7d7e5 x15:1c000000  PA:1c00012c
14819591ns          244903 1c008750 41755513 srai             x10, x10, 0x417     x10=00000084 x10:42095978
14819611ns          244904 1c008752 68e7f7c3 fmadd.s          f15, f15, f14, f13  f15=xxxxxxxx f15:3ff7d7e5 f14:3f095978 f13:c13c5fa8
14819631ns          244905 1c008756 1c0006b7 lui              x13, 0x1c000000     x13=1c000000
14819651ns          244906 1c00875a 1346a683 lw               x13, 308(x13)       x13=41fa6a03 x13:1c000000  PA:1c000134
14819969ns          244922 1c00875e f8250513 addi             x10, x10, -126      x10=00000006 x10:00000084
14819989ns          244923 1c008762 68e7f7c3 fmadd.s          f15, f15, f14, f13  f15=xxxxxxxx f15:c12bc083 f14:3f095978 f13:41fa6a03
14820009ns          244924 1c008766 1c0006b7 lui              x13, 0x1c000000     x13=1c000000
14820029ns          244925 1c00876a 1386a683 lw               x13, 312(x13)       x13=c23f0e08 x13:1c000000  PA:1c000138
14820327ns          244940 1c00876e d0057553 fcvt.s.w         f10, x10            f10=xxxxxxxx x10:00000006
14820347ns          244941 1c008772 68e7f7c3 fmadd.s          f15, f15, f14, f13  f15=xxxxxxxx f15:41cc56fd f14:3f095978 f13:c23f0e08
14820367ns          244942 1c008776 1c0006b7 lui              x13, 0x1c000000     x13=1c000000
14820387ns          244943 1c00877a 13c6a683 lw               x13, 316(x13)       x13=42390412 x13:1c000000  PA:1c00013c
14820705ns          244959 1c00877e 68e7f7c3 fmadd.s          f15, f15, f14, f13  f15=xxxxxxxx f15:c2083d0c f14:3f095978 f13:42390412
14820725ns          244960 1c008782 1c0006b7 lui              x13, 0x1c000000     x13=1c000000
14820745ns          244961 1c008786 1406a683 lw               x13, 320(x13)       x13=c1efd21b x13:1c000000  PA:1c000140
14821063ns          244977 1c00878a 68e7f7c3 fmadd.s          f15, f15, f14, f13  f15=xxxxxxxx f15:41dfd793 f14:3f095978 f13:c1efd21b
14821083ns          244978 1c00878e 1c0006b7 lui              x13, 0x1c000000     x13=1c000000
14821103ns          244979 1c008792 1446a683 lw               x13, 324(x13)       x13=41644a86 x13:1c000000  PA:1c000144
14821421ns          244995 1c008796 68e7f7c3 fmadd.s          f15, f15, f14, f13  f15=xxxxxxxx f15:c16f7305 f14:3f095978 f13:41644a86
14821441ns          244996 1c00879a 1c0006b7 lui              x13, 0x1c000000     x13=1c000000
14821461ns          244997 1c00879e 1486a683 lw               x13, 328(x13)       x13=c087dba8 x13:1c000000  PA:1c000148
14821799ns          245014 1c0087a2 68e7f7c3 fmadd.s          f15, f15, f14, f13  f15=xxxxxxxx f15:40c7a492 f14:3f095978 f13:c087dba8
14821819ns          245015 1c0087a6 00a7f553 fadd.s           f10, f15, f10       f10=xxxxxxxx f15:bf65f681 f10:40c00000
14821839ns          245016 1c0087aa 00008067 jalr             x0, x1, 0            x1:1c0081c2
14821899ns          245019 1c0081c2 11557553 fmul.s           f10, f10, f21       f10=xxxxxxxx f10:40a34130 f21:3f317218
14821919ns          245020 1c0081c6 00a4222b p.sw             x10, 4(x8!)          x8=10000e68 x10:406251a9  x8:10000e64  PA:10000e64
14821939ns          245021 1c0081ca ff4419e3 bne              x8, x20, -14         x8:10000e68 x20:10000fd8
14821998ns          245024 1c0081bc 0049a50b p.lw             x10, 4(x19!)        x10=429147f5 x19=1c0101b4 x19:1c0101b0  PA:1c0101b0
14822297ns          245039 1c0081c0 558000ef jal              x1, 1368             x1=1c0081c2
14822316ns          245040 1c008718 e00517d3 fclass.s         x15, f10            x15=00000040 f10:429147f5
14822336ns          245041 1c00871c 0817f793 andi             x15, x15, 129       x15=00000000 x15:00000040
14822356ns          245042 1c008720 08079b63 bne              x15, x0, 150        x15:00000000
14822376ns          245043 1c008722 00000793 addi             x15, x0, 0          x15=00000000
14822396ns          245044 1c008726 a0f52753 feq.s            x14, f10, f15       x14=00000000 f10:429147f5 f15:00000000
14822416ns          245045 1c00872a 08071163 bne              x14, x0, 130        x14:00000000
14822436ns          245046 1c00872c a0f507d3 fle.s            x15, f10, f15       x15=00000000 f10:429147f5 f15:00000000
14822456ns          245047 1c008730 08079863 bne              x15, x0, 144        x15:00000000
14822476ns          245048 1c008732 a0a527d3 feq.s            x15, f10, f10       x15=00000001 f10:429147f5 f10:429147f5
14822495ns          245049 1c008736 08078563 beq              x15, x0, 138        x15:00000001
14822515ns          245050 1c008738 d17537b3 p.bclr           x15, x10, 8, 23     x15=001147f5 x10:429147f5
14822535ns          245051 1c00873c cb87c733 p.bset           x14, x15, 5, 24     x14=3f1147f5 x15:001147f5
14822555ns          245052 1c008740 1c0006b7 lui              x13, 0x1c000000     x13=1c000000
14822575ns          245053 1c008744 1c0007b7 lui              x15, 0x1c000000     x15=1c000000
14822595ns          245054 1c008748 1306a683 lw               x13, 304(x13)       x13=c13c5fa8 x13:1c000000  PA:1c000130
14822893ns          245069 1c00874c 12c7a783 lw               x15, 300(x15)       x15=3ff7d7e5 x15:1c000000  PA:1c00012c
14823192ns          245084 1c008750 41755513 srai             x10, x10, 0x417     x10=00000085 x10:429147f5
14823212ns          245085 1c008752 68e7f7c3 fmadd.s          f15, f15, f14, f13  f15=xxxxxxxx f15:3ff7d7e5 f14:3f1147f5 f13:c13c5fa8
14823231ns          245086 1c008756 1c0006b7 lui              x13, 0x1c000000     x13=1c000000
14823251ns          245087 1c00875a 1346a683 lw               x13, 308(x13)       x13=41fa6a03 x13:1c000000  PA:1c000134
14823550ns          245102 1c00875e f8250513 addi             x10, x10, -126      x10=00000007 x10:00000085
14823570ns          245103 1c008762 68e7f7c3 fmadd.s          f15, f15, f14, f13  f15=xxxxxxxx f15:c12acaca f14:3f1147f5 f13:41fa6a03
14823589ns          245104 1c008766 1c0006b7 lui              x13, 0x1c000000     x13=1c000000
14823609ns          245105 1c00876a 1386a683 lw               x13, 312(x13)       x13=c23f0e08 x13:1c000000  PA:1c000138
14823928ns          245121 1c00876e d0057553 fcvt.s.w         f10, x10            f10=xxxxxxxx x10:00000007
14823948ns          245122 1c008772 68e7f7c3 fmadd.s          f15, f15, f14, f13  f15=xxxxxxxx f15:41c9f394 f14:3f1147f5 f13:c23f0e08
14823967ns          245123 1c008776 1c0006b7 lui              x13, 0x1c000000     x13=1c000000
14823987ns          245124 1c00877a 13c6a683 lw               x13, 316(x13)       x13=42390412 x13:1c000000  PA:1c00013c
14824306ns          245140 1c00877e 68e7f7c3 fmadd.s          f15, f15, f14, f13  f15=xxxxxxxx f15:c205c02b f14:3f1147f5 f13:42390412
14824325ns          245141 1c008782 1c0006b7 lui              x13, 0x1c000000     x13=1c000000
14824345ns          245142 1c008786 1406a683 lw               x13, 320(x13)       x13=c1efd21b x13:1c000000  PA:1c000140
14824683ns          245159 1c00878a 68e7f7c3 fmadd.s          f15, f15, f14, f13  f15=xxxxxxxx f15:41da3943 f14:3f1147f5 f13:c1efd21b
14824703ns          245160 1c00878e 1c0006b7 lui              x13, 0x1c000000     x13=1c000000
14824723ns          245161 1c008792 1446a683 lw               x13, 324(x13)       x13=41644a86 x13:1c000000  PA:1c000144
14825041ns          245177 1c008796 68e7f7c3 fmadd.s          f15, f15, f14, f13  f15=xxxxxxxx f15:c167f4ab f14:3f1147f5 f13:41644a86
14825061ns          245178 1c00879a 1c0006b7 lui              x13, 0x1c000000     x13=1c000000
14825081ns          245179 1c00879e 1486a683 lw               x13, 328(x13)       x13=c087dba8 x13:1c000000  PA:1c000148
14825400ns          245195 1c0087a2 68e7f7c3 fmadd.s          f15, f15, f14, f13  f15=xxxxxxxx f15:40c14f7d f14:3f1147f5 f13:c087dba8
14825419ns          245196 1c0087a6 00a7f553 fadd.s           f10, f15, f10       f10=xxxxxxxx f15:bf513a61 f10:40e00000
14825439ns          245197 1c0087aa 00008067 jalr             x0, x1, 0            x1:1c0081c2
14825499ns          245200 1c0081c2 11557553 fmul.s           f10, f10, f21       f10=xxxxxxxx f10:40c5d8b4 f21:3f317218
14825519ns          245201 1c0081c6 00a4222b p.sw             x10, 4(x8!)          x8=10000e6c x10:40892302  x8:10000e68  PA:10000e68
14825539ns          245202 1c0081ca ff4419e3 bne              x8, x20, -14         x8:10000e6c x20:10000fd8
14825598ns          245205 1c0081bc 0049a50b p.lw             x10, 4(x19!)        x10=429a9fc8 x19=1c0101b8 x19:1c0101b4  PA:1c0101b4
14825917ns          245221 1c0081c0 558000ef jal              x1, 1368             x1=1c0081c2
14825937ns          245222 1c008718 e00517d3 fclass.s         x15, f10            x15=00000040 f10:429a9fc8
14825956ns          245223 1c00871c 0817f793 andi             x15, x15, 129       x15=00000000 x15:00000040
14825976ns          245224 1c008720 08079b63 bne              x15, x0, 150        x15:00000000
14825996ns          245225 1c008722 00000793 addi             x15, x0, 0          x15=00000000
14826016ns          245226 1c008726 a0f52753 feq.s            x14, f10, f15       x14=00000000 f10:429a9fc8 f15:00000000
14826036ns          245227 1c00872a 08071163 bne              x14, x0, 130        x14:00000000
14826056ns          245228 1c00872c a0f507d3 fle.s            x15, f10, f15       x15=00000000 f10:429a9fc8 f15:00000000
14826076ns          245229 1c008730 08079863 bne              x15, x0, 144        x15:00000000
14826096ns          245230 1c008732 a0a527d3 feq.s            x15, f10, f10       x15=00000001 f10:429a9fc8 f10:429a9fc8
14826116ns          245231 1c008736 08078563 beq              x15, x0, 138        x15:00000001
14826135ns          245232 1c008738 d17537b3 p.bclr           x15, x10, 8, 23     x15=001a9fc8 x10:429a9fc8
14826155ns          245233 1c00873c cb87c733 p.bset           x14, x15, 5, 24     x14=3f1a9fc8 x15:001a9fc8
14826175ns          245234 1c008740 1c0006b7 lui              x13, 0x1c000000     x13=1c000000
14826195ns          245235 1c008744 1c0007b7 lui              x15, 0x1c000000     x15=1c000000
14826215ns          245236 1c008748 1306a683 lw               x13, 304(x13)       x13=c13c5fa8 x13:1c000000  PA:1c000130
14826513ns          245251 1c00874c 12c7a783 lw               x15, 300(x15)       x15=3ff7d7e5 x15:1c000000  PA:1c00012c
14826812ns          245266 1c008750 41755513 srai             x10, x10, 0x417     x10=00000085 x10:429a9fc8
14826832ns          245267 1c008752 68e7f7c3 fmadd.s          f15, f15, f14, f13  f15=xxxxxxxx f15:3ff7d7e5 f14:3f1a9fc8 f13:c13c5fa8
14826852ns          245268 1c008756 1c0006b7 lui              x13, 0x1c000000     x13=1c000000
14826871ns          245269 1c00875a 1346a683 lw               x13, 308(x13)       x13=41fa6a03 x13:1c000000  PA:1c000134
14827190ns          245285 1c00875e f8250513 addi             x10, x10, -126      x10=00000007 x10:00000085
14827210ns          245286 1c008762 68e7f7c3 fmadd.s          f15, f15, f14, f13  f15=xxxxxxxx f15:c129a956 f14:3f1a9fc8 f13:41fa6a03
14827229ns          245287 1c008766 1c0006b7 lui              x13, 0x1c000000     x13=1c000000
14827249ns          245288 1c00876a 1386a683 lw               x13, 312(x13)       x13=c23f0e08 x13:1c000000  PA:1c000138
14827548ns          245303 1c00876e d0057553 fcvt.s.w         f10, x10            f10=xxxxxxxx x10:00000007
14827568ns          245304 1c008772 68e7f7c3 fmadd.s          f15, f15, f14, f13  f15=xxxxxxxx f15:41c72d22 f14:3f1a9fc8 f13:c23f0e08
14827588ns          245305 1c008776 1c0006b7 lui              x13, 0x1c000000     x13=1c000000
14827607ns          245306 1c00877a 13c6a683 lw               x13, 316(x13)       x13=42390412 x13:1c000000  PA:1c00013c
14827926ns          245322 1c00877e 68e7f7c3 fmadd.s          f15, f15, f14, f13  f15=xxxxxxxx f15:c202e74c f14:3f1a9fc8 f13:42390412
14827946ns          245323 1c008782 1c0006b7 lui              x13, 0x1c000000     x13=1c000000
14827965ns          245324 1c008786 1406a683 lw               x13, 320(x13)       x13=c1efd21b x13:1c000000  PA:1c000140
14828284ns          245340 1c00878a 68e7f7c3 fmadd.s          f15, f15, f14, f13  f15=xxxxxxxx f15:41d3e675 f14:3f1a9fc8 f13:c1efd21b
14828304ns          245341 1c00878e 1c0006b7 lui              x13, 0x1c000000     x13=1c000000
14828323ns          245342 1c008792 1446a683 lw               x13, 324(x13)       x13=41644a86 x13:1c000000  PA:1c000144
14828662ns          245359 1c008796 68e7f7c3 fmadd.s          f15, f15, f14, f13  f15=xxxxxxxx f15:c15faa6e f14:3f1a9fc8 f13:41644a86
14828682ns          245360 1c00879a 1c0006b7 lui              x13, 0x1c000000     x13=1c000000
14828701ns          245361 1c00879e 1486a683 lw               x13, 328(x13)       x13=c087dba8 x13:1c000000  PA:1c000148
14829020ns          245377 1c0087a2 68e7f7c3 fmadd.s          f15, f15, f14, f13  f15=xxxxxxxx f15:40ba64cc f14:3f1a9fc8 f13:c087dba8
14829040ns          245378 1c0087a6 00a7f553 fadd.s           f10, f15, f10       f10=xxxxxxxx f15:bf3a3578 f10:40e00000
14829059ns          245379 1c0087aa 00008067 jalr             x0, x1, 0            x1:1c0081c2
14829119ns          245382 1c0081c2 11557553 fmul.s           f10, f10, f21       f10=xxxxxxxx f10:40c8b951 f21:3f317218
14829139ns          245383 1c0081c6 00a4222b p.sw             x10, 4(x8!)          x8=10000e70 x10:408b2196  x8:10000e6c  PA:10000e6c
14829159ns          245384 1c0081ca ff4419e3 bne              x8, x20, -14         x8:10000e70 x20:10000fd8
14829219ns          245387 1c0081bc 0049a50b p.lw             x10, 4(x19!)        x10=41b2e9b7 x19=1c0101bc x19:1c0101b8  PA:1c0101b8
14829517ns          245402 1c0081c0 558000ef jal              x1, 1368             x1=1c0081c2
14829537ns          245403 1c008718 e00517d3 fclass.s         x15, f10            x15=00000040 f10:41b2e9b7
14829557ns          245404 1c00871c 0817f793 andi             x15, x15, 129       x15=00000000 x15:00000040
14829577ns          245405 1c008720 08079b63 bne              x15, x0, 150        x15:00000000
14829596ns          245406 1c008722 00000793 addi             x15, x0, 0          x15=00000000
14829616ns          245407 1c008726 a0f52753 feq.s            x14, f10, f15       x14=00000000 f10:41b2e9b7 f15:00000000
14829636ns          245408 1c00872a 08071163 bne              x14, x0, 130        x14:00000000
14829656ns          245409 1c00872c a0f507d3 fle.s            x15, f10, f15       x15=00000000 f10:41b2e9b7 f15:00000000
14829676ns          245410 1c008730 08079863 bne              x15, x0, 144        x15:00000000
14829696ns          245411 1c008732 a0a527d3 feq.s            x15, f10, f10       x15=00000001 f10:41b2e9b7 f10:41b2e9b7
14829716ns          245412 1c008736 08078563 beq              x15, x0, 138        x15:00000001
14829736ns          245413 1c008738 d17537b3 p.bclr           x15, x10, 8, 23     x15=0032e9b7 x10:41b2e9b7
14829756ns          245414 1c00873c cb87c733 p.bset           x14, x15, 5, 24     x14=3f32e9b7 x15:0032e9b7
14829775ns          245415 1c008740 1c0006b7 lui              x13, 0x1c000000     x13=1c000000
14829795ns          245416 1c008744 1c0007b7 lui              x15, 0x1c000000     x15=1c000000
14829815ns          245417 1c008748 1306a683 lw               x13, 304(x13)       x13=c13c5fa8 x13:1c000000  PA:1c000130
14830114ns          245432 1c00874c 12c7a783 lw               x15, 300(x15)       x15=3ff7d7e5 x15:1c000000  PA:1c00012c
14830412ns          245447 1c008750 41755513 srai             x10, x10, 0x417     x10=00000083 x10:41b2e9b7
14830432ns          245448 1c008752 68e7f7c3 fmadd.s          f15, f15, f14, f13  f15=xxxxxxxx f15:3ff7d7e5 f14:3f32e9b7 f13:c13c5fa8
14830452ns          245449 1c008756 1c0006b7 lui              x13, 0x1c000000     x13=1c000000
14830472ns          245450 1c00875a 1346a683 lw               x13, 308(x13)       x13=41fa6a03 x13:1c000000  PA:1c000134
14830770ns          245465 1c00875e f8250513 addi             x10, x10, -126      x10=00000005 x10:00000083
14830790ns          245466 1c008762 68e7f7c3 fmadd.s          f15, f15, f14, f13  f15=xxxxxxxx f15:c126b8dc f14:3f32e9b7 f13:41fa6a03
14830810ns          245467 1c008766 1c0006b7 lui              x13, 0x1c000000     x13=1c000000
14830830ns          245468 1c00876a 1386a683 lw               x13, 312(x13)       x13=c23f0e08 x13:1c000000  PA:1c000138
14831148ns          245484 1c00876e d0057553 fcvt.s.w         f10, x10            f10=xxxxxxxx x10:00000005
14831168ns          245485 1c008772 68e7f7c3 fmadd.s          f15, f15, f14, f13  f15=xxxxxxxx f15:41c027a4 f14:3f32e9b7 f13:c23f0e08
14831188ns          245486 1c008776 1c0006b7 lui              x13, 0x1c000000     x13=1c000000
14831208ns          245487 1c00877a 13c6a683 lw               x13, 316(x13)       x13=42390412 x13:1c000000  PA:1c00013c
14831526ns          245503 1c00877e 68e7f7c3 fmadd.s          f15, f15, f14, f13  f15=xxxxxxxx f15:c1f7d113 f14:3f32e9b7 f13:42390412
14831546ns          245504 1c008782 1c0006b7 lui              x13, 0x1c000000     x13=1c000000
14831566ns          245505 1c008786 1406a683 lw               x13, 320(x13)       x13=c1efd21b x13:1c000000  PA:1c000140
14831904ns          245522 1c00878a 68e7f7c3 fmadd.s          f15, f15, f14, f13  f15=xxxxxxxx f15:41c4d686 f14:3f32e9b7 f13:c1efd21b
14831924ns          245523 1c00878e 1c0006b7 lui              x13, 0x1c000000     x13=1c000000
14831944ns          245524 1c008792 1446a683 lw               x13, 324(x13)       x13=41644a86 x13:1c000000  PA:1c000144
14832262ns          245540 1c008796 68e7f7c3 fmadd.s          f15, f15, f14, f13  f15=xxxxxxxx f15:c14c827c f14:3f32e9b7 f13:41644a86
14832282ns          245541 1c00879a 1c0006b7 lui              x13, 0x1c000000     x13=1c000000
14832302ns          245542 1c00879e 1486a683 lw               x13, 328(x13)       x13=c087dba8 x13:1c000000  PA:1c000148
14832640ns          245559 1c0087a2 68e7f7c3 fmadd.s          f15, f15, f14, f13  f15=xxxxxxxx f15:40aaba2e f14:3f32e9b7 f13:c087dba8
14832660ns          245560 1c0087a6 00a7f553 fadd.s           f10, f15, f10       f10=xxxxxxxx f15:bf0452b4 f10:40a00000
14832680ns          245561 1c0087aa 00008067 jalr             x0, x1, 0            x1:1c0081c2
14832739ns          245564 1c0081c2 11557553 fmul.s           f10, f10, f21       f10=xxxxxxxx f10:408f75aa f21:3f317218
14832759ns          245565 1c0081c6 00a4222b p.sw             x10, 4(x8!)          x8=10000e74 x10:4046e095  x8:10000e70  PA:10000e70
14832779ns          245566 1c0081ca ff4419e3 bne              x8, x20, -14         x8:10000e74 x20:10000fd8
14832839ns          245569 1c0081bc 0049a50b p.lw             x10, 4(x19!)        x10=42c3b78d x19=1c0101c0 x19:1c0101bc  PA:1c0101bc
14833137ns          245584 1c0081c0 558000ef jal              x1, 1368             x1=1c0081c2
14833157ns          245585 1c008718 e00517d3 fclass.s         x15, f10            x15=00000040 f10:42c3b78d
14833177ns          245586 1c00871c 0817f793 andi             x15, x15, 129       x15=00000000 x15:00000040
14833197ns          245587 1c008720 08079b63 bne              x15, x0, 150        x15:00000000
14833217ns          245588 1c008722 00000793 addi             x15, x0, 0          x15=00000000
14833236ns          245589 1c008726 a0f52753 feq.s            x14, f10, f15       x14=00000000 f10:42c3b78d f15:00000000
14833256ns          245590 1c00872a 08071163 bne              x14, x0, 130        x14:00000000
14833276ns          245591 1c00872c a0f507d3 fle.s            x15, f10, f15       x15=00000000 f10:42c3b78d f15:00000000
14833296ns          245592 1c008730 08079863 bne              x15, x0, 144        x15:00000000
14833316ns          245593 1c008732 a0a527d3 feq.s            x15, f10, f10       x15=00000001 f10:42c3b78d f10:42c3b78d
14833336ns          245594 1c008736 08078563 beq              x15, x0, 138        x15:00000001
14833356ns          245595 1c008738 d17537b3 p.bclr           x15, x10, 8, 23     x15=0043b78d x10:42c3b78d
14833376ns          245596 1c00873c cb87c733 p.bset           x14, x15, 5, 24     x14=3f43b78d x15:0043b78d
14833396ns          245597 1c008740 1c0006b7 lui              x13, 0x1c000000     x13=1c000000
14833416ns          245598 1c008744 1c0007b7 lui              x15, 0x1c000000     x15=1c000000
14833435ns          245599 1c008748 1306a683 lw               x13, 304(x13)       x13=c13c5fa8 x13:1c000000  PA:1c000130
14833734ns          245614 1c00874c 12c7a783 lw               x15, 300(x15)       x15=3ff7d7e5 x15:1c000000  PA:1c00012c
14834032ns          245629 1c008750 41755513 srai             x10, x10, 0x417     x10=00000085 x10:42c3b78d
14834052ns          245630 1c008752 68e7f7c3 fmadd.s          f15, f15, f14, f13  f15=xxxxxxxx f15:3ff7d7e5 f14:3f43b78d f13:c13c5fa8
14834072ns          245631 1c008756 1c0006b7 lui              x13, 0x1c000000     x13=1c000000
14834092ns          245632 1c00875a 1346a683 lw               x13, 308(x13)       x13=41fa6a03 x13:1c000000  PA:1c000134
14834390ns          245647 1c00875e f8250513 addi             x10, x10, -126      x10=00000007 x10:00000085
14834410ns          245648 1c008762 68e7f7c3 fmadd.s          f15, f15, f14, f13  f15=xxxxxxxx f15:c124b043 f14:3f43b78d f13:41fa6a03
14834430ns          245649 1c008766 1c0006b7 lui              x13, 0x1c000000     x13=1c000000
14834450ns          245650 1c00876a 1386a683 lw               x13, 312(x13)       x13=c23f0e08 x13:1c000000  PA:1c000138
14834768ns          245666 1c00876e d0057553 fcvt.s.w         f10, x10            f10=xxxxxxxx x10:00000007
14834788ns          245667 1c008772 68e7f7c3 fmadd.s          f15, f15, f14, f13  f15=xxxxxxxx f15:41bb75d7 f14:3f43b78d f13:c23f0e08
14834808ns          245668 1c008776 1c0006b7 lui              x13, 0x1c000000     x13=1c000000
14834828ns          245669 1c00877a 13c6a683 lw               x13, 316(x13)       x13=42390412 x13:1c000000  PA:1c00013c
14835146ns          245685 1c00877e 68e7f7c3 fmadd.s          f15, f15, f14, f13  f15=xxxxxxxx f15:c1eecae5 f14:3f43b78d f13:42390412
14835166ns          245686 1c008782 1c0006b7 lui              x13, 0x1c000000     x13=1c000000
14835186ns          245687 1c008786 1406a683 lw               x13, 320(x13)       x13=c1efd21b x13:1c000000  PA:1c000140
14835504ns          245703 1c00878a 68e7f7c3 fmadd.s          f15, f15, f14, f13  f15=xxxxxxxx f15:41bb7861 f14:3f43b78d f13:c1efd21b
14835524ns          245704 1c00878e 1c0006b7 lui              x13, 0x1c000000     x13=1c000000
14835544ns          245705 1c008792 1446a683 lw               x13, 324(x13)       x13=41644a86 x13:1c000000  PA:1c000144
14835862ns          245721 1c008796 68e7f7c3 fmadd.s          f15, f15, f14, f13  f15=xxxxxxxx f15:c140fdfe f14:3f43b78d f13:41644a86
14835882ns          245722 1c00879a 1c0006b7 lui              x13, 0x1c000000     x13=1c000000
14835902ns          245723 1c00879e 1486a683 lw               x13, 328(x13)       x13=c087dba8 x13:1c000000  PA:1c000148
14836220ns          245739 1c0087a2 68e7f7c3 fmadd.s          f15, f15, f14, f13  f15=xxxxxxxx f15:40a17d5b f14:3f43b78d f13:c087dba8
14836240ns          245740 1c0087a6 00a7f553 fadd.s           f10, f15, f10       f10=xxxxxxxx f15:bec65622 f10:40e00000
14836260ns          245741 1c0087aa 00008067 jalr             x0, x1, 0            x1:1c0081c2
14836320ns          245744 1c0081c2 11557553 fmul.s           f10, f10, f21       f10=xxxxxxxx f10:40d39a9e f21:3f317218
14836339ns          245745 1c0081c6 00a4222b p.sw             x10, 4(x8!)          x8=10000e78 x10:4092ac36  x8:10000e74  PA:10000e74
14836359ns          245746 1c0081ca ff4419e3 bne              x8, x20, -14         x8:10000e78 x20:10000fd8
14836419ns          245749 1c0081bc 0049a50b p.lw             x10, 4(x19!)        x10=423a0c2d x19=1c0101c4 x19:1c0101c0  PA:1c0101c0
14836717ns          245764 1c0081c0 558000ef jal              x1, 1368             x1=1c0081c2
14836737ns          245765 1c008718 e00517d3 fclass.s         x15, f10            x15=00000040 f10:423a0c2d
14836757ns          245766 1c00871c 0817f793 andi             x15, x15, 129       x15=00000000 x15:00000040
14836777ns          245767 1c008720 08079b63 bne              x15, x0, 150        x15:00000000
14836797ns          245768 1c008722 00000793 addi             x15, x0, 0          x15=00000000
14836817ns          245769 1c008726 a0f52753 feq.s            x14, f10, f15       x14=00000000 f10:423a0c2d f15:00000000
14836837ns          245770 1c00872a 08071163 bne              x14, x0, 130        x14:00000000
14836857ns          245771 1c00872c a0f507d3 fle.s            x15, f10, f15       x15=00000000 f10:423a0c2d f15:00000000
14836876ns          245772 1c008730 08079863 bne              x15, x0, 144        x15:00000000
14836896ns          245773 1c008732 a0a527d3 feq.s            x15, f10, f10       x15=00000001 f10:423a0c2d f10:423a0c2d
14836916ns          245774 1c008736 08078563 beq              x15, x0, 138        x15:00000001
14836936ns          245775 1c008738 d17537b3 p.bclr           x15, x10, 8, 23     x15=003a0c2d x10:423a0c2d
14836956ns          245776 1c00873c cb87c733 p.bset           x14, x15, 5, 24     x14=3f3a0c2d x15:003a0c2d
14836976ns          245777 1c008740 1c0006b7 lui              x13, 0x1c000000     x13=1c000000
14836996ns          245778 1c008744 1c0007b7 lui              x15, 0x1c000000     x15=1c000000
14837016ns          245779 1c008748 1306a683 lw               x13, 304(x13)       x13=c13c5fa8 x13:1c000000  PA:1c000130
14837314ns          245794 1c00874c 12c7a783 lw               x15, 300(x15)       x15=3ff7d7e5 x15:1c000000  PA:1c00012c
14837612ns          245809 1c008750 41755513 srai             x10, x10, 0x417     x10=00000084 x10:423a0c2d
14837632ns          245810 1c008752 68e7f7c3 fmadd.s          f15, f15, f14, f13  f15=xxxxxxxx f15:3ff7d7e5 f14:3f3a0c2d f13:c13c5fa8
14837652ns          245811 1c008756 1c0006b7 lui              x13, 0x1c000000     x13=1c000000
14837672ns          245812 1c00875a 1346a683 lw               x13, 308(x13)       x13=41fa6a03 x13:1c000000  PA:1c000134
14837990ns          245828 1c00875e f8250513 addi             x10, x10, -126      x10=00000006 x10:00000084
14838010ns          245829 1c008762 68e7f7c3 fmadd.s          f15, f15, f14, f13  f15=xxxxxxxx f15:c125dbd3 f14:3f3a0c2d f13:41fa6a03
14838030ns          245830 1c008766 1c0006b7 lui              x13, 0x1c000000     x13=1c000000
14838050ns          245831 1c00876a 1386a683 lw               x13, 312(x13)       x13=c23f0e08 x13:1c000000  PA:1c000138
14838348ns          245846 1c00876e d0057553 fcvt.s.w         f10, x10            f10=xxxxxxxx x10:00000006
14838368ns          245847 1c008772 68e7f7c3 fmadd.s          f15, f15, f14, f13  f15=xxxxxxxx f15:41be2536 f14:3f3a0c2d f13:c23f0e08
14838388ns          245848 1c008776 1c0006b7 lui              x13, 0x1c000000     x13=1c000000
14838408ns          245849 1c00877a 13c6a683 lw               x13, 316(x13)       x13=42390412 x13:1c000000  PA:1c00013c
14838726ns          245865 1c00877e 68e7f7c3 fmadd.s          f15, f15, f14, f13  f15=xxxxxxxx f15:c1f3ebfc f14:3f3a0c2d f13:42390412
14838746ns          245866 1c008782 1c0006b7 lui              x13, 0x1c000000     x13=1c000000
14838766ns          245867 1c008786 1406a683 lw               x13, 320(x13)       x13=c1efd21b x13:1c000000  PA:1c000140
14839084ns          245883 1c00878a 68e7f7c3 fmadd.s          f15, f15, f14, f13  f15=xxxxxxxx f15:41c0c315 f14:3f3a0c2d f13:c1efd21b
14839104ns          245884 1c00878e 1c0006b7 lui              x13, 0x1c000000     x13=1c000000
14839124ns          245885 1c008792 1446a683 lw               x13, 324(x13)       x13=41644a86 x13:1c000000  PA:1c000144
14839442ns          245901 1c008796 68e7f7c3 fmadd.s          f15, f15, f14, f13  f15=xxxxxxxx f15:c1477665 f14:3f3a0c2d f13:41644a86
14839462ns          245902 1c00879a 1c0006b7 lui              x13, 0x1c000000     x13=1c000000
14839482ns          245903 1c00879e 1486a683 lw               x13, 328(x13)       x13=c087dba8 x13:1c000000  PA:1c000148
14839800ns          245919 1c0087a2 68e7f7c3 fmadd.s          f15, f15, f14, f13  f15=xxxxxxxx f15:40a6aa08 f14:3f3a0c2d f13:c087dba8
14839820ns          245920 1c0087a6 00a7f553 fadd.s           f10, f15, f10       f10=xxxxxxxx f15:beebc30f f10:40c00000
14839840ns          245921 1c0087aa 00008067 jalr             x0, x1, 0            x1:1c0081c2
14839900ns          245924 1c0081c2 11557553 fmul.s           f10, f10, f21       f10=xxxxxxxx f10:40b143cf f21:3f317218
14839920ns          245925 1c0081c6 00a4222b p.sw             x10, 4(x8!)          x8=10000e7c x10:4075bdc6  x8:10000e78  PA:10000e78
14839940ns          245926 1c0081ca ff4419e3 bne              x8, x20, -14         x8:10000e7c x20:10000fd8
14839999ns          245929 1c0081bc 0049a50b p.lw             x10, 4(x19!)        x10=4208fdbd x19=1c0101c8 x19:1c0101c4  PA:1c0101c4
14840298ns          245944 1c0081c0 558000ef jal              x1, 1368             x1=1c0081c2
14840318ns          245945 1c008718 e00517d3 fclass.s         x15, f10            x15=00000040 f10:4208fdbd
14840337ns          245946 1c00871c 0817f793 andi             x15, x15, 129       x15=00000000 x15:00000040
14840357ns          245947 1c008720 08079b63 bne              x15, x0, 150        x15:00000000
14840377ns          245948 1c008722 00000793 addi             x15, x0, 0          x15=00000000
14840397ns          245949 1c008726 a0f52753 feq.s            x14, f10, f15       x14=00000000 f10:4208fdbd f15:00000000
14840417ns          245950 1c00872a 08071163 bne              x14, x0, 130        x14:00000000
14840437ns          245951 1c00872c a0f507d3 fle.s            x15, f10, f15       x15=00000000 f10:4208fdbd f15:00000000
14840457ns          245952 1c008730 08079863 bne              x15, x0, 144        x15:00000000
14840477ns          245953 1c008732 a0a527d3 feq.s            x15, f10, f10       x15=00000001 f10:4208fdbd f10:4208fdbd
14840497ns          245954 1c008736 08078563 beq              x15, x0, 138        x15:00000001
14840517ns          245955 1c008738 d17537b3 p.bclr           x15, x10, 8, 23     x15=0008fdbd x10:4208fdbd
14840536ns          245956 1c00873c cb87c733 p.bset           x14, x15, 5, 24     x14=3f08fdbd x15:0008fdbd
14840556ns          245957 1c008740 1c0006b7 lui              x13, 0x1c000000     x13=1c000000
14840576ns          245958 1c008744 1c0007b7 lui              x15, 0x1c000000     x15=1c000000
14840596ns          245959 1c008748 1306a683 lw               x13, 304(x13)       x13=c13c5fa8 x13:1c000000  PA:1c000130
14840894ns          245974 1c00874c 12c7a783 lw               x15, 300(x15)       x15=3ff7d7e5 x15:1c000000  PA:1c00012c
14841193ns          245989 1c008750 41755513 srai             x10, x10, 0x417     x10=00000084 x10:4208fdbd
14841213ns          245990 1c008752 68e7f7c3 fmadd.s          f15, f15, f14, f13  f15=xxxxxxxx f15:3ff7d7e5 f14:3f08fdbd f13:c13c5fa8
14841233ns          245991 1c008756 1c0006b7 lui              x13, 0x1c000000     x13=1c000000
14841252ns          245992 1c00875a 1346a683 lw               x13, 308(x13)       x13=41fa6a03 x13:1c000000  PA:1c000134
14841551ns          246007 1c00875e f8250513 addi             x10, x10, -126      x10=00000006 x10:00000084
14841571ns          246008 1c008762 68e7f7c3 fmadd.s          f15, f15, f14, f13  f15=xxxxxxxx f15:c12bcb9d f14:3f08fdbd f13:41fa6a03
14841591ns          246009 1c008766 1c0006b7 lui              x13, 0x1c000000     x13=1c000000
14841610ns          246010 1c00876a 1386a683 lw               x13, 312(x13)       x13=c23f0e08 x13:1c000000  PA:1c000138
14841929ns          246026 1c00876e d0057553 fcvt.s.w         f10, x10            f10=xxxxxxxx x10:00000006
14841949ns          246027 1c008772 68e7f7c3 fmadd.s          f15, f15, f14, f13  f15=xxxxxxxx f15:41cc72ca f14:3f08fdbd f13:c23f0e08
14841969ns          246028 1c008776 1c0006b7 lui              x13, 0x1c000000     x13=1c000000
14841988ns          246029 1c00877a 13c6a683 lw               x13, 316(x13)       x13=42390412 x13:1c000000  PA:1c00013c
14842307ns          246045 1c00877e 68e7f7c3 fmadd.s          f15, f15, f14, f13  f15=xxxxxxxx f15:c2085a38 f14:3f08fdbd f13:42390412
14842327ns          246046 1c008782 1c0006b7 lui              x13, 0x1c000000     x13=1c000000
14842346ns          246047 1c008786 1406a683 lw               x13, 320(x13)       x13=c1efd21b x13:1c000000  PA:1c000140
14842665ns          246063 1c00878a 68e7f7c3 fmadd.s          f15, f15, f14, f13  f15=xxxxxxxx f15:41e019fd f14:3f08fdbd f13:c1efd21b
14842685ns          246064 1c00878e 1c0006b7 lui              x13, 0x1c000000     x13=1c000000
14842704ns          246065 1c008792 1446a683 lw               x13, 324(x13)       x13=41644a86 x13:1c000000  PA:1c000144
14843023ns          246081 1c008796 68e7f7c3 fmadd.s          f15, f15, f14, f13  f15=xxxxxxxx f15:c16fcc5b f14:3f08fdbd f13:41644a86
14843043ns          246082 1c00879a 1c0006b7 lui              x13, 0x1c000000     x13=1c000000
14843063ns          246083 1c00879e 1486a683 lw               x13, 328(x13)       x13=c087dba8 x13:1c000000  PA:1c000148
14843401ns          246100 1c0087a2 68e7f7c3 fmadd.s          f15, f15, f14, f13  f15=xxxxxxxx f15:40c7f08f f14:3f08fdbd f13:c087dba8
14843421ns          246101 1c0087a6 00a7f553 fadd.s           f10, f15, f10       f10=xxxxxxxx f15:bf66ed7d f10:40c00000
14843440ns          246102 1c0087aa 00008067 jalr             x0, x1, 0            x1:1c0081c2
14843500ns          246105 1c0081c2 11557553 fmul.s           f10, f10, f21       f10=xxxxxxxx f10:40a32250 f21:3f317218
14843520ns          246106 1c0081c6 00a4222b p.sw             x10, 4(x8!)          x8=10000e80 x10:406226dc  x8:10000e7c  PA:10000e7c
14843540ns          246107 1c0081ca ff4419e3 bne              x8, x20, -14         x8:10000e80 x20:10000fd8
14843600ns          246110 1c0081bc 0049a50b p.lw             x10, 4(x19!)        x10=3fd6f38d x19=1c0101cc x19:1c0101c8  PA:1c0101c8
14843898ns          246125 1c0081c0 558000ef jal              x1, 1368             x1=1c0081c2
14843918ns          246126 1c008718 e00517d3 fclass.s         x15, f10            x15=00000040 f10:3fd6f38d
14843938ns          246127 1c00871c 0817f793 andi             x15, x15, 129       x15=00000000 x15:00000040
14843958ns          246128 1c008720 08079b63 bne              x15, x0, 150        x15:00000000
14843977ns          246129 1c008722 00000793 addi             x15, x0, 0          x15=00000000
14843997ns          246130 1c008726 a0f52753 feq.s            x14, f10, f15       x14=00000000 f10:3fd6f38d f15:00000000
14844017ns          246131 1c00872a 08071163 bne              x14, x0, 130        x14:00000000
14844037ns          246132 1c00872c a0f507d3 fle.s            x15, f10, f15       x15=00000000 f10:3fd6f38d f15:00000000
14844057ns          246133 1c008730 08079863 bne              x15, x0, 144        x15:00000000
14844077ns          246134 1c008732 a0a527d3 feq.s            x15, f10, f10       x15=00000001 f10:3fd6f38d f10:3fd6f38d
14844097ns          246135 1c008736 08078563 beq              x15, x0, 138        x15:00000001
14844117ns          246136 1c008738 d17537b3 p.bclr           x15, x10, 8, 23     x15=0056f38d x10:3fd6f38d
14844137ns          246137 1c00873c cb87c733 p.bset           x14, x15, 5, 24     x14=3f56f38d x15:0056f38d
14844157ns          246138 1c008740 1c0006b7 lui              x13, 0x1c000000     x13=1c000000
14844176ns          246139 1c008744 1c0007b7 lui              x15, 0x1c000000     x15=1c000000
14844196ns          246140 1c008748 1306a683 lw               x13, 304(x13)       x13=c13c5fa8 x13:1c000000  PA:1c000130
14844495ns          246155 1c00874c 12c7a783 lw               x15, 300(x15)       x15=3ff7d7e5 x15:1c000000  PA:1c00012c
14844793ns          246170 1c008750 41755513 srai             x10, x10, 0x417     x10=0000007f x10:3fd6f38d
14844813ns          246171 1c008752 68e7f7c3 fmadd.s          f15, f15, f14, f13  f15=xxxxxxxx f15:3ff7d7e5 f14:3f56f38d f13:c13c5fa8
14844833ns          246172 1c008756 1c0006b7 lui              x13, 0x1c000000     x13=1c000000
14844853ns          246173 1c00875a 1346a683 lw               x13, 308(x13)       x13=41fa6a03 x13:1c000000  PA:1c000134
14845151ns          246188 1c00875e f8250513 addi             x10, x10, -126      x10=00000001 x10:0000007f
14845171ns          246189 1c008762 68e7f7c3 fmadd.s          f15, f15, f14, f13  f15=xxxxxxxx f15:c1225c60 f14:3f56f38d f13:41fa6a03
14845191ns          246190 1c008766 1c0006b7 lui              x13, 0x1c000000     x13=1c000000
14845211ns          246191 1c00876a 1386a683 lw               x13, 312(x13)       x13=c23f0e08 x13:1c000000  PA:1c000138
14845509ns          246206 1c00876e d0057553 fcvt.s.w         f10, x10            f10=xxxxxxxx x10:00000001
14845529ns          246207 1c008772 68e7f7c3 fmadd.s          f15, f15, f14, f13  f15=xxxxxxxx f15:41b6402b f14:3f56f38d f13:c23f0e08
14845549ns          246208 1c008776 1c0006b7 lui              x13, 0x1c000000     x13=1c000000
14845569ns          246209 1c00877a 13c6a683 lw               x13, 316(x13)       x13=42390412 x13:1c000000  PA:1c00013c
14845907ns          246226 1c00877e 68e7f7c3 fmadd.s          f15, f15, f14, f13  f15=xxxxxxxx f15:c1e51509 f14:3f56f38d f13:42390412
14845927ns          246227 1c008782 1c0006b7 lui              x13, 0x1c000000     x13=1c000000
14845947ns          246228 1c008786 1406a683 lw               x13, 320(x13)       x13=c1efd21b x13:1c000000  PA:1c000140
14846265ns          246244 1c00878a 68e7f7c3 fmadd.s          f15, f15, f14, f13  f15=xxxxxxxx f15:41b1ae9d f14:3f56f38d f13:c1efd21b
14846285ns          246245 1c00878e 1c0006b7 lui              x13, 0x1c000000     x13=1c000000
14846305ns          246246 1c008792 1446a683 lw               x13, 324(x13)       x13=41644a86 x13:1c000000  PA:1c000144
14846623ns          246262 1c008796 68e7f7c3 fmadd.s          f15, f15, f14, f13  f15=xxxxxxxx f15:c1354232 f14:3f56f38d f13:41644a86
14846643ns          246263 1c00879a 1c0006b7 lui              x13, 0x1c000000     x13=1c000000
14846663ns          246264 1c00879e 1486a683 lw               x13, 328(x13)       x13=c087dba8 x13:1c000000  PA:1c000148
14846981ns          246280 1c0087a2 68e7f7c3 fmadd.s          f15, f15, f14, f13  f15=xxxxxxxx f15:4098317d f14:3f56f38d f13:c087dba8
14847001ns          246281 1c0087a6 00a7f553 fadd.s           f10, f15, f10       f10=xxxxxxxx f15:be8117eb f10:3f800000
14847021ns          246282 1c0087aa 00008067 jalr             x0, x1, 0            x1:1c0081c2
14847080ns          246285 1c0081c2 11557553 fmul.s           f10, f10, f21       f10=xxxxxxxx f10:3f3f740a f21:3f317218
14847100ns          246286 1c0081c6 00a4222b p.sw             x10, 4(x8!)          x8=10000e84 x10:3f04b48f  x8:10000e80  PA:10000e80
14847120ns          246287 1c0081ca ff4419e3 bne              x8, x20, -14         x8:10000e84 x20:10000fd8
14847180ns          246290 1c0081bc 0049a50b p.lw             x10, 4(x19!)        x10=41fa3841 x19=1c0101d0 x19:1c0101cc  PA:1c0101cc
14847478ns          246305 1c0081c0 558000ef jal              x1, 1368             x1=1c0081c2
14847498ns          246306 1c008718 e00517d3 fclass.s         x15, f10            x15=00000040 f10:41fa3841
14847518ns          246307 1c00871c 0817f793 andi             x15, x15, 129       x15=00000000 x15:00000040
14847538ns          246308 1c008720 08079b63 bne              x15, x0, 150        x15:00000000
14847558ns          246309 1c008722 00000793 addi             x15, x0, 0          x15=00000000
14847578ns          246310 1c008726 a0f52753 feq.s            x14, f10, f15       x14=00000000 f10:41fa3841 f15:00000000
14847598ns          246311 1c00872a 08071163 bne              x14, x0, 130        x14:00000000
14847618ns          246312 1c00872c a0f507d3 fle.s            x15, f10, f15       x15=00000000 f10:41fa3841 f15:00000000
14847637ns          246313 1c008730 08079863 bne              x15, x0, 144        x15:00000000
14847657ns          246314 1c008732 a0a527d3 feq.s            x15, f10, f10       x15=00000001 f10:41fa3841 f10:41fa3841
14847677ns          246315 1c008736 08078563 beq              x15, x0, 138        x15:00000001
14847697ns          246316 1c008738 d17537b3 p.bclr           x15, x10, 8, 23     x15=007a3841 x10:41fa3841
14847717ns          246317 1c00873c cb87c733 p.bset           x14, x15, 5, 24     x14=3f7a3841 x15:007a3841
14847737ns          246318 1c008740 1c0006b7 lui              x13, 0x1c000000     x13=1c000000
14847757ns          246319 1c008744 1c0007b7 lui              x15, 0x1c000000     x15=1c000000
14847777ns          246320 1c008748 1306a683 lw               x13, 304(x13)       x13=c13c5fa8 x13:1c000000  PA:1c000130
14848075ns          246335 1c00874c 12c7a783 lw               x15, 300(x15)       x15=3ff7d7e5 x15:1c000000  PA:1c00012c
14848373ns          246350 1c008750 41755513 srai             x10, x10, 0x417     x10=00000083 x10:41fa3841
14848393ns          246351 1c008752 68e7f7c3 fmadd.s          f15, f15, f14, f13  f15=xxxxxxxx f15:3ff7d7e5 f14:3f7a3841 f13:c13c5fa8
14848413ns          246352 1c008756 1c0006b7 lui              x13, 0x1c000000     x13=1c000000
14848433ns          246353 1c00875a 1346a683 lw               x13, 308(x13)       x13=41fa6a03 x13:1c000000  PA:1c000134
14848731ns          246368 1c00875e f8250513 addi             x10, x10, -126      x10=00000005 x10:00000083
14848751ns          246369 1c008762 68e7f7c3 fmadd.s          f15, f15, f14, f13  f15=xxxxxxxx f15:c11e17bf f14:3f7a3841 f13:41fa6a03
14848771ns          246370 1c008766 1c0006b7 lui              x13, 0x1c000000     x13=1c000000
14848791ns          246371 1c00876a 1386a683 lw               x13, 312(x13)       x13=c23f0e08 x13:1c000000  PA:1c000138
14849089ns          246386 1c00876e d0057553 fcvt.s.w         f10, x10            f10=xxxxxxxx x10:00000005
14849109ns          246387 1c008772 68e7f7c3 fmadd.s          f15, f15, f14, f13  f15=xxxxxxxx f15:41ad270c f14:3f7a3841 f13:c23f0e08
14849129ns          246388 1c008776 1c0006b7 lui              x13, 0x1c000000     x13=1c000000
14849149ns          246389 1c00877a 13c6a683 lw               x13, 316(x13)       x13=42390412 x13:1c000000  PA:1c00013c
14849467ns          246405 1c00877e 68e7f7c3 fmadd.s          f15, f15, f14, f13  f15=xxxxxxxx f15:c1d4dde2 f14:3f7a3841 f13:42390412
14849487ns          246406 1c008782 1c0006b7 lui              x13, 0x1c000000     x13=1c000000
14849507ns          246407 1c008786 1406a683 lw               x13, 320(x13)       x13=c1efd21b x13:1c000000  PA:1c000140
14849825ns          246423 1c00878a 68e7f7c3 fmadd.s          f15, f15, f14, f13  f15=xxxxxxxx f15:41a1f8af f14:3f7a3841 f13:c1efd21b
14849845ns          246424 1c00878e 1c0006b7 lui              x13, 0x1c000000     x13=1c000000
14849865ns          246425 1c008792 1446a683 lw               x13, 324(x13)       x13=41644a86 x13:1c000000  PA:1c000144
14850183ns          246441 1c008796 68e7f7c3 fmadd.s          f15, f15, f14, f13  f15=xxxxxxxx f15:c1230351 f14:3f7a3841 f13:41644a86
14850203ns          246442 1c00879a 1c0006b7 lui              x13, 0x1c000000     x13=1c000000
14850223ns          246443 1c00879e 1486a683 lw               x13, 328(x13)       x13=c087dba8 x13:1c000000  PA:1c000148
14850541ns          246459 1c0087a2 68e7f7c3 fmadd.s          f15, f15, f14, f13  f15=xxxxxxxx f15:4089eaee f14:3f7a3841 f13:c087dba8
14850561ns          246460 1c0087a6 00a7f553 fadd.s           f10, f15, f10       f10=xxxxxxxx f15:bd06f696 f10:40a00000
14850581ns          246461 1c0087aa 00008067 jalr             x0, x1, 0            x1:1c0081c2
14850641ns          246464 1c0081c2 11557553 fmul.s           f10, f10, f21       f10=xxxxxxxx f10:409ef213 f21:3f317218
14850661ns          246465 1c0081c6 00a4222b p.sw             x10, 4(x8!)          x8=10000e88 x10:405c586c  x8:10000e84  PA:10000e84
14850681ns          246466 1c0081ca ff4419e3 bne              x8, x20, -14         x8:10000e88 x20:10000fd8
14850740ns          246469 1c0081bc 0049a50b p.lw             x10, 4(x19!)        x10=420c21b9 x19=1c0101d4 x19:1c0101d0  PA:1c0101d0
14851039ns          246484 1c0081c0 558000ef jal              x1, 1368             x1=1c0081c2
14851059ns          246485 1c008718 e00517d3 fclass.s         x15, f10            x15=00000040 f10:420c21b9
14851078ns          246486 1c00871c 0817f793 andi             x15, x15, 129       x15=00000000 x15:00000040
14851098ns          246487 1c008720 08079b63 bne              x15, x0, 150        x15:00000000
14851118ns          246488 1c008722 00000793 addi             x15, x0, 0          x15=00000000
14851138ns          246489 1c008726 a0f52753 feq.s            x14, f10, f15       x14=00000000 f10:420c21b9 f15:00000000
14851158ns          246490 1c00872a 08071163 bne              x14, x0, 130        x14:00000000
14851178ns          246491 1c00872c a0f507d3 fle.s            x15, f10, f15       x15=00000000 f10:420c21b9 f15:00000000
14851198ns          246492 1c008730 08079863 bne              x15, x0, 144        x15:00000000
14851218ns          246493 1c008732 a0a527d3 feq.s            x15, f10, f10       x15=00000001 f10:420c21b9 f10:420c21b9
14851238ns          246494 1c008736 08078563 beq              x15, x0, 138        x15:00000001
14851258ns          246495 1c008738 d17537b3 p.bclr           x15, x10, 8, 23     x15=000c21b9 x10:420c21b9
14851277ns          246496 1c00873c cb87c733 p.bset           x14, x15, 5, 24     x14=3f0c21b9 x15:000c21b9
14851297ns          246497 1c008740 1c0006b7 lui              x13, 0x1c000000     x13=1c000000
14851317ns          246498 1c008744 1c0007b7 lui              x15, 0x1c000000     x15=1c000000
14851337ns          246499 1c008748 1306a683 lw               x13, 304(x13)       x13=c13c5fa8 x13:1c000000  PA:1c000130
14851635ns          246514 1c00874c 12c7a783 lw               x15, 300(x15)       x15=3ff7d7e5 x15:1c000000  PA:1c00012c
14851934ns          246529 1c008750 41755513 srai             x10, x10, 0x417     x10=00000084 x10:420c21b9
14851954ns          246530 1c008752 68e7f7c3 fmadd.s          f15, f15, f14, f13  f15=xxxxxxxx f15:3ff7d7e5 f14:3f0c21b9 f13:c13c5fa8
14851974ns          246531 1c008756 1c0006b7 lui              x13, 0x1c000000     x13=1c000000
14851993ns          246532 1c00875a 1346a683 lw               x13, 308(x13)       x13=41fa6a03 x13:1c000000  PA:1c000134
14852292ns          246547 1c00875e f8250513 addi             x10, x10, -126      x10=00000006 x10:00000084
14852312ns          246548 1c008762 68e7f7c3 fmadd.s          f15, f15, f14, f13  f15=xxxxxxxx f15:c12b6a51 f14:3f0c21b9 f13:41fa6a03
14852332ns          246549 1c008766 1c0006b7 lui              x13, 0x1c000000     x13=1c000000
14852352ns          246550 1c00876a 1386a683 lw               x13, 312(x13)       x13=c23f0e08 x13:1c000000  PA:1c000138
14852650ns          246565 1c00876e d0057553 fcvt.s.w         f10, x10            f10=xxxxxxxx x10:00000006
14852670ns          246566 1c008772 68e7f7c3 fmadd.s          f15, f15, f14, f13  f15=xxxxxxxx f15:41cb7fa7 f14:3f0c21b9 f13:c23f0e08
14852690ns          246567 1c008776 1c0006b7 lui              x13, 0x1c000000     x13=1c000000
14852710ns          246568 1c00877a 13c6a683 lw               x13, 316(x13)       x13=42390412 x13:1c000000  PA:1c00013c
14853028ns          246584 1c00877e 68e7f7c3 fmadd.s          f15, f15, f14, f13  f15=xxxxxxxx f15:c2075bb9 f14:3f0c21b9 f13:42390412
14853048ns          246585 1c008782 1c0006b7 lui              x13, 0x1c000000     x13=1c000000
14853068ns          246586 1c008786 1406a683 lw               x13, 320(x13)       x13=c1efd21b x13:1c000000  PA:1c000140
14853426ns          246604 1c00878a 68e7f7c3 fmadd.s          f15, f15, f14, f13  f15=xxxxxxxx f15:41ddd828 f14:3f0c21b9 f13:c1efd21b
14853445ns          246605 1c00878e 1c0006b7 lui              x13, 0x1c000000     x13=1c000000
14853465ns          246606 1c008792 1446a683 lw               x13, 324(x13)       x13=41644a86 x13:1c000000  PA:1c000144
14853784ns          246622 1c008796 68e7f7c3 fmadd.s          f15, f15, f14, f13  f15=xxxxxxxx f15:c16cc558 f14:3f0c21b9 f13:41644a86
14853804ns          246623 1c00879a 1c0006b7 lui              x13, 0x1c000000     x13=1c000000
14853823ns          246624 1c00879e 1486a683 lw               x13, 328(x13)       x13=c087dba8 x13:1c000000  PA:1c000148
14854142ns          246640 1c0087a2 68e7f7c3 fmadd.s          f15, f15, f14, f13  f15=xxxxxxxx f15:40c55ed3 f14:3f0c21b9 f13:c087dba8
14854162ns          246641 1c0087a6 00a7f553 fadd.s           f10, f15, f10       f10=xxxxxxxx f15:bf5e8e66 f10:40c00000
14854181ns          246642 1c0087aa 00008067 jalr             x0, x1, 0            x1:1c0081c2
14854241ns          246645 1c0081c2 11557553 fmul.s           f10, f10, f21       f10=xxxxxxxx f10:40a42e33 f21:3f317218
14854261ns          246646 1c0081c6 00a4222b p.sw             x10, 4(x8!)          x8=10000e8c x10:40639a3a  x8:10000e88  PA:10000e88
14854281ns          246647 1c0081ca ff4419e3 bne              x8, x20, -14         x8:10000e8c x20:10000fd8
14854341ns          246650 1c0081bc 0049a50b p.lw             x10, 4(x19!)        x10=41d71471 x19=1c0101d8 x19:1c0101d4  PA:1c0101d4
14854639ns          246665 1c0081c0 558000ef jal              x1, 1368             x1=1c0081c2
14854659ns          246666 1c008718 e00517d3 fclass.s         x15, f10            x15=00000040 f10:41d71471
14854679ns          246667 1c00871c 0817f793 andi             x15, x15, 129       x15=00000000 x15:00000040
14854699ns          246668 1c008720 08079b63 bne              x15, x0, 150        x15:00000000
14854719ns          246669 1c008722 00000793 addi             x15, x0, 0          x15=00000000
14854738ns          246670 1c008726 a0f52753 feq.s            x14, f10, f15       x14=00000000 f10:41d71471 f15:00000000
14854758ns          246671 1c00872a 08071163 bne              x14, x0, 130        x14:00000000
14854778ns          246672 1c00872c a0f507d3 fle.s            x15, f10, f15       x15=00000000 f10:41d71471 f15:00000000
14854798ns          246673 1c008730 08079863 bne              x15, x0, 144        x15:00000000
14854818ns          246674 1c008732 a0a527d3 feq.s            x15, f10, f10       x15=00000001 f10:41d71471 f10:41d71471
14854838ns          246675 1c008736 08078563 beq              x15, x0, 138        x15:00000001
14854858ns          246676 1c008738 d17537b3 p.bclr           x15, x10, 8, 23     x15=00571471 x10:41d71471
14854878ns          246677 1c00873c cb87c733 p.bset           x14, x15, 5, 24     x14=3f571471 x15:00571471
14854898ns          246678 1c008740 1c0006b7 lui              x13, 0x1c000000     x13=1c000000
14854917ns          246679 1c008744 1c0007b7 lui              x15, 0x1c000000     x15=1c000000
14854937ns          246680 1c008748 1306a683 lw               x13, 304(x13)       x13=c13c5fa8 x13:1c000000  PA:1c000130
14855256ns          246696 1c00874c 12c7a783 lw               x15, 300(x15)       x15=3ff7d7e5 x15:1c000000  PA:1c00012c
14855554ns          246711 1c008750 41755513 srai             x10, x10, 0x417     x10=00000083 x10:41d71471
14855574ns          246712 1c008752 68e7f7c3 fmadd.s          f15, f15, f14, f13  f15=xxxxxxxx f15:3ff7d7e5 f14:3f571471 f13:c13c5fa8
14855594ns          246713 1c008756 1c0006b7 lui              x13, 0x1c000000     x13=1c000000
14855614ns          246714 1c00875a 1346a683 lw               x13, 308(x13)       x13=41fa6a03 x13:1c000000  PA:1c000134
14855932ns          246730 1c00875e f8250513 addi             x10, x10, -126      x10=00000005 x10:00000083
14855952ns          246731 1c008762 68e7f7c3 fmadd.s          f15, f15, f14, f13  f15=xxxxxxxx f15:c1225865 f14:3f571471 f13:41fa6a03
14855972ns          246732 1c008766 1c0006b7 lui              x13, 0x1c000000     x13=1c000000
14855992ns          246733 1c00876a 1386a683 lw               x13, 312(x13)       x13=c23f0e08 x13:1c000000  PA:1c000138
14856290ns          246748 1c00876e d0057553 fcvt.s.w         f10, x10            f10=xxxxxxxx x10:00000005
14856310ns          246749 1c008772 68e7f7c3 fmadd.s          f15, f15, f14, f13  f15=xxxxxxxx f15:41b63769 f14:3f571471 f13:c23f0e08
14856330ns          246750 1c008776 1c0006b7 lui              x13, 0x1c000000     x13=1c000000
14856350ns          246751 1c00877a 13c6a683 lw               x13, 316(x13)       x13=42390412 x13:1c000000  PA:1c00013c
14856668ns          246767 1c00877e 68e7f7c3 fmadd.s          f15, f15, f14, f13  f15=xxxxxxxx f15:c1e504fa f14:3f571471 f13:42390412
14856688ns          246768 1c008782 1c0006b7 lui              x13, 0x1c000000     x13=1c000000
14856708ns          246769 1c008786 1406a683 lw               x13, 320(x13)       x13=c1efd21b x13:1c000000  PA:1c000140
14857066ns          246787 1c00878a 68e7f7c3 fmadd.s          f15, f15, f14, f13  f15=xxxxxxxx f15:41b19ead f14:3f571471 f13:c1efd21b
14857086ns          246788 1c00878e 1c0006b7 lui              x13, 0x1c000000     x13=1c000000
14857105ns          246789 1c008792 1446a683 lw               x13, 324(x13)       x13=41644a86 x13:1c000000  PA:1c000144
14857424ns          246805 1c008796 68e7f7c3 fmadd.s          f15, f15, f14, f13  f15=xxxxxxxx f15:c1352f52 f14:3f571471 f13:41644a86
14857444ns          246806 1c00879a 1c0006b7 lui              x13, 0x1c000000     x13=1c000000
14857463ns          246807 1c00879e 1486a683 lw               x13, 328(x13)       x13=c087dba8 x13:1c000000  PA:1c000148
14857782ns          246823 1c0087a2 68e7f7c3 fmadd.s          f15, f15, f14, f13  f15=xxxxxxxx f15:409822a1 f14:3f571471 f13:c087dba8
14857802ns          246824 1c0087a6 00a7f553 fadd.s           f10, f15, f10       f10=xxxxxxxx f15:be80a6cf f10:40a00000
14857821ns          246825 1c0087aa 00008067 jalr             x0, x1, 0            x1:1c0081c2
14857881ns          246828 1c0081c2 11557553 fmul.s           f10, f10, f21       f10=xxxxxxxx f10:4097f593 f21:3f317218
14857901ns          246829 1c0081c6 00a4222b p.sw             x10, 4(x8!)          x8=10000e90 x10:4052a908  x8:10000e8c  PA:10000e8c
14857921ns          246830 1c0081ca ff4419e3 bne              x8, x20, -14         x8:10000e90 x20:10000fd8
14857981ns          246833 1c0081bc 0049a50b p.lw             x10, 4(x19!)        x10=429c4809 x19=1c0101dc x19:1c0101d8  PA:1c0101d8
14858279ns          246848 1c0081c0 558000ef jal              x1, 1368             x1=1c0081c2
14858299ns          246849 1c008718 e00517d3 fclass.s         x15, f10            x15=00000040 f10:429c4809
14858319ns          246850 1c00871c 0817f793 andi             x15, x15, 129       x15=00000000 x15:00000040
14858339ns          246851 1c008720 08079b63 bne              x15, x0, 150        x15:00000000
14858359ns          246852 1c008722 00000793 addi             x15, x0, 0          x15=00000000
14858378ns          246853 1c008726 a0f52753 feq.s            x14, f10, f15       x14=00000000 f10:429c4809 f15:00000000
14858398ns          246854 1c00872a 08071163 bne              x14, x0, 130        x14:00000000
14858418ns          246855 1c00872c a0f507d3 fle.s            x15, f10, f15       x15=00000000 f10:429c4809 f15:00000000
14858438ns          246856 1c008730 08079863 bne              x15, x0, 144        x15:00000000
14858458ns          246857 1c008732 a0a527d3 feq.s            x15, f10, f10       x15=00000001 f10:429c4809 f10:429c4809
14858478ns          246858 1c008736 08078563 beq              x15, x0, 138        x15:00000001
14858498ns          246859 1c008738 d17537b3 p.bclr           x15, x10, 8, 23     x15=001c4809 x10:429c4809
14858518ns          246860 1c00873c cb87c733 p.bset           x14, x15, 5, 24     x14=3f1c4809 x15:001c4809
14858538ns          246861 1c008740 1c0006b7 lui              x13, 0x1c000000     x13=1c000000
14858557ns          246862 1c008744 1c0007b7 lui              x15, 0x1c000000     x15=1c000000
14858577ns          246863 1c008748 1306a683 lw               x13, 304(x13)       x13=c13c5fa8 x13:1c000000  PA:1c000130
14858876ns          246878 1c00874c 12c7a783 lw               x15, 300(x15)       x15=3ff7d7e5 x15:1c000000  PA:1c00012c
14859194ns          246894 1c008750 41755513 srai             x10, x10, 0x417     x10=00000085 x10:429c4809
14859214ns          246895 1c008752 68e7f7c3 fmadd.s          f15, f15, f14, f13  f15=xxxxxxxx f15:3ff7d7e5 f14:3f1c4809 f13:c13c5fa8
14859234ns          246896 1c008756 1c0006b7 lui              x13, 0x1c000000     x13=1c000000
14859254ns          246897 1c00875a 1346a683 lw               x13, 308(x13)       x13=41fa6a03 x13:1c000000  PA:1c000134
14859552ns          246912 1c00875e f8250513 addi             x10, x10, -126      x10=00000007 x10:00000085
14859572ns          246913 1c008762 68e7f7c3 fmadd.s          f15, f15, f14, f13  f15=xxxxxxxx f15:c12975fe f14:3f1c4809 f13:41fa6a03
14859592ns          246914 1c008766 1c0006b7 lui              x13, 0x1c000000     x13=1c000000
14859612ns          246915 1c00876a 1386a683 lw               x13, 312(x13)       x13=c23f0e08 x13:1c000000  PA:1c000138
14859910ns          246930 1c00876e d0057553 fcvt.s.w         f10, x10            f10=xxxxxxxx x10:00000007
14859930ns          246931 1c008772 68e7f7c3 fmadd.s          f15, f15, f14, f13  f15=xxxxxxxx f15:41c6b038 f14:3f1c4809 f13:c23f0e08
14859950ns          246932 1c008776 1c0006b7 lui              x13, 0x1c000000     x13=1c000000
14859970ns          246933 1c00877a 13c6a683 lw               x13, 316(x13)       x13=42390412 x13:1c000000  PA:1c00013c
14860288ns          246949 1c00877e 68e7f7c3 fmadd.s          f15, f15, f14, f13  f15=xxxxxxxx f15:c2026863 f14:3f1c4809 f13:42390412
14860308ns          246950 1c008782 1c0006b7 lui              x13, 0x1c000000     x13=1c000000
14860328ns          246951 1c008786 1406a683 lw               x13, 320(x13)       x13=c1efd21b x13:1c000000  PA:1c000140
14860666ns          246968 1c00878a 68e7f7c3 fmadd.s          f15, f15, f14, f13  f15=xxxxxxxx f15:41d2cf87 f14:3f1c4809 f13:c1efd21b
14860686ns          246969 1c00878e 1c0006b7 lui              x13, 0x1c000000     x13=1c000000
14860706ns          246970 1c008792 1446a683 lw               x13, 324(x13)       x13=41644a86 x13:1c000000  PA:1c000144
14861024ns          246986 1c008796 68e7f7c3 fmadd.s          f15, f15, f14, f13  f15=xxxxxxxx f15:c15e40a6 f14:3f1c4809 f13:41644a86
14861044ns          246987 1c00879a 1c0006b7 lui              x13, 0x1c000000     x13=1c000000
14861064ns          246988 1c00879e 1486a683 lw               x13, 328(x13)       x13=c087dba8 x13:1c000000  PA:1c000148
14861382ns          247004 1c0087a2 68e7f7c3 fmadd.s          f15, f15, f14, f13  f15=xxxxxxxx f15:40b9392e f14:3f1c4809 f13:c087dba8
14861402ns          247005 1c0087a6 00a7f553 fadd.s           f10, f15, f10       f10=xxxxxxxx f15:bf36458b f10:40e00000
14861422ns          247006 1c0087aa 00008067 jalr             x0, x1, 0            x1:1c0081c2
14861481ns          247009 1c0081c2 11557553 fmul.s           f10, f10, f21       f10=xxxxxxxx f10:40c9374f f21:3f317218
14861501ns          247010 1c0081c6 00a4222b p.sw             x10, 4(x8!)          x8=10000e94 x10:408b78eb  x8:10000e90  PA:10000e90
14861521ns          247011 1c0081ca ff4419e3 bne              x8, x20, -14         x8:10000e94 x20:10000fd8
14861581ns          247014 1c0081bc 0049a50b p.lw             x10, 4(x19!)        x10=422db342 x19=1c0101e0 x19:1c0101dc  PA:1c0101dc
14861899ns          247030 1c0081c0 558000ef jal              x1, 1368             x1=1c0081c2
14861919ns          247031 1c008718 e00517d3 fclass.s         x15, f10            x15=00000040 f10:422db342
14861939ns          247032 1c00871c 0817f793 andi             x15, x15, 129       x15=00000000 x15:00000040
14861959ns          247033 1c008720 08079b63 bne              x15, x0, 150        x15:00000000
14861979ns          247034 1c008722 00000793 addi             x15, x0, 0          x15=00000000
14861999ns          247035 1c008726 a0f52753 feq.s            x14, f10, f15       x14=00000000 f10:422db342 f15:00000000
14862018ns          247036 1c00872a 08071163 bne              x14, x0, 130        x14:00000000
14862038ns          247037 1c00872c a0f507d3 fle.s            x15, f10, f15       x15=00000000 f10:422db342 f15:00000000
14862058ns          247038 1c008730 08079863 bne              x15, x0, 144        x15:00000000
14862078ns          247039 1c008732 a0a527d3 feq.s            x15, f10, f10       x15=00000001 f10:422db342 f10:422db342
14862098ns          247040 1c008736 08078563 beq              x15, x0, 138        x15:00000001
14862118ns          247041 1c008738 d17537b3 p.bclr           x15, x10, 8, 23     x15=002db342 x10:422db342
14862138ns          247042 1c00873c cb87c733 p.bset           x14, x15, 5, 24     x14=3f2db342 x15:002db342
14862158ns          247043 1c008740 1c0006b7 lui              x13, 0x1c000000     x13=1c000000
14862178ns          247044 1c008744 1c0007b7 lui              x15, 0x1c000000     x15=1c000000
14862197ns          247045 1c008748 1306a683 lw               x13, 304(x13)       x13=c13c5fa8 x13:1c000000  PA:1c000130
14862496ns          247060 1c00874c 12c7a783 lw               x15, 300(x15)       x15=3ff7d7e5 x15:1c000000  PA:1c00012c
14862794ns          247075 1c008750 41755513 srai             x10, x10, 0x417     x10=00000084 x10:422db342
14862814ns          247076 1c008752 68e7f7c3 fmadd.s          f15, f15, f14, f13  f15=xxxxxxxx f15:3ff7d7e5 f14:3f2db342 f13:c13c5fa8
14862834ns          247077 1c008756 1c0006b7 lui              x13, 0x1c000000     x13=1c000000
14862854ns          247078 1c00875a 1346a683 lw               x13, 308(x13)       x13=41fa6a03 x13:1c000000  PA:1c000134
14863172ns          247094 1c00875e f8250513 addi             x10, x10, -126      x10=00000006 x10:00000084
14863192ns          247095 1c008762 68e7f7c3 fmadd.s          f15, f15, f14, f13  f15=xxxxxxxx f15:c1275a5a f14:3f2db342 f13:41fa6a03
14863212ns          247096 1c008766 1c0006b7 lui              x13, 0x1c000000     x13=1c000000
14863232ns          247097 1c00876a 1386a683 lw               x13, 312(x13)       x13=c23f0e08 x13:1c000000  PA:1c000138
14863530ns          247112 1c00876e d0057553 fcvt.s.w         f10, x10            f10=xxxxxxxx x10:00000006
14863550ns          247113 1c008772 68e7f7c3 fmadd.s          f15, f15, f14, f13  f15=xxxxxxxx f15:41c1a364 f14:3f2db342 f13:c23f0e08
14863570ns          247114 1c008776 1c0006b7 lui              x13, 0x1c000000     x13=1c000000
14863590ns          247115 1c00877a 13c6a683 lw               x13, 316(x13)       x13=42390412 x13:1c000000  PA:1c00013c
14863908ns          247131 1c00877e 68e7f7c3 fmadd.s          f15, f15, f14, f13  f15=xxxxxxxx f15:c1fab90e f14:3f2db342 f13:42390412
14863928ns          247132 1c008782 1c0006b7 lui              x13, 0x1c000000     x13=1c000000
14863948ns          247133 1c008786 1406a683 lw               x13, 320(x13)       x13=c1efd21b x13:1c000000  PA:1c000140
14864266ns          247149 1c00878a 68e7f7c3 fmadd.s          f15, f15, f14, f13  f15=xxxxxxxx f15:41c7e986 f14:3f2db342 f13:c1efd21b
14864286ns          247150 1c00878e 1c0006b7 lui              x13, 0x1c000000     x13=1c000000
14864306ns          247151 1c008792 1446a683 lw               x13, 324(x13)       x13=41644a86 x13:1c000000  PA:1c000144
14864644ns          247168 1c008796 68e7f7c3 fmadd.s          f15, f15, f14, f13  f15=xxxxxxxx f15:c1505a9f f14:3f2db342 f13:41644a86
14864664ns          247169 1c00879a 1c0006b7 lui              x13, 0x1c000000     x13=1c000000
14864684ns          247170 1c00879e 1486a683 lw               x13, 328(x13)       x13=c087dba8 x13:1c000000  PA:1c000148
14865002ns          247186 1c0087a2 68e7f7c3 fmadd.s          f15, f15, f14, f13  f15=xxxxxxxx f15:40add6c7 f14:3f2db342 f13:c087dba8
14865022ns          247187 1c0087a6 00a7f553 fadd.s           f10, f15, f10       f10=xxxxxxxx f15:bf0f3e4c f10:40c00000
14865042ns          247188 1c0087aa 00008067 jalr             x0, x1, 0            x1:1c0081c2
14865101ns          247191 1c0081c2 11557553 fmul.s           f10, f10, f21       f10=xxxxxxxx f10:40ae1836 f21:3f317218
14865121ns          247192 1c0081c6 00a4222b p.sw             x10, 4(x8!)          x8=10000e98 x10:407158a9  x8:10000e94  PA:10000e94
14865141ns          247193 1c0081ca ff4419e3 bne              x8, x20, -14         x8:10000e98 x20:10000fd8
14865201ns          247196 1c0081bc 0049a50b p.lw             x10, 4(x19!)        x10=40b274ab x19=1c0101e4 x19:1c0101e0  PA:1c0101e0
14865499ns          247211 1c0081c0 558000ef jal              x1, 1368             x1=1c0081c2
14865519ns          247212 1c008718 e00517d3 fclass.s         x15, f10            x15=00000040 f10:40b274ab
14865539ns          247213 1c00871c 0817f793 andi             x15, x15, 129       x15=00000000 x15:00000040
14865559ns          247214 1c008720 08079b63 bne              x15, x0, 150        x15:00000000
14865579ns          247215 1c008722 00000793 addi             x15, x0, 0          x15=00000000
14865599ns          247216 1c008726 a0f52753 feq.s            x14, f10, f15       x14=00000000 f10:40b274ab f15:00000000
14865619ns          247217 1c00872a 08071163 bne              x14, x0, 130        x14:00000000
14865639ns          247218 1c00872c a0f507d3 fle.s            x15, f10, f15       x15=00000000 f10:40b274ab f15:00000000
14865658ns          247219 1c008730 08079863 bne              x15, x0, 144        x15:00000000
14865678ns          247220 1c008732 a0a527d3 feq.s            x15, f10, f10       x15=00000001 f10:40b274ab f10:40b274ab
14865698ns          247221 1c008736 08078563 beq              x15, x0, 138        x15:00000001
14865718ns          247222 1c008738 d17537b3 p.bclr           x15, x10, 8, 23     x15=003274ab x10:40b274ab
14865738ns          247223 1c00873c cb87c733 p.bset           x14, x15, 5, 24     x14=3f3274ab x15:003274ab
14865758ns          247224 1c008740 1c0006b7 lui              x13, 0x1c000000     x13=1c000000
14865778ns          247225 1c008744 1c0007b7 lui              x15, 0x1c000000     x15=1c000000
14865798ns          247226 1c008748 1306a683 lw               x13, 304(x13)       x13=c13c5fa8 x13:1c000000  PA:1c000130
14866096ns          247241 1c00874c 12c7a783 lw               x15, 300(x15)       x15=3ff7d7e5 x15:1c000000  PA:1c00012c
14866394ns          247256 1c008750 41755513 srai             x10, x10, 0x417     x10=00000081 x10:40b274ab
14866414ns          247257 1c008752 68e7f7c3 fmadd.s          f15, f15, f14, f13  f15=xxxxxxxx f15:3ff7d7e5 f14:3f3274ab f13:c13c5fa8
14866434ns          247258 1c008756 1c0006b7 lui              x13, 0x1c000000     x13=1c000000
14866454ns          247259 1c00875a 1346a683 lw               x13, 308(x13)       x13=41fa6a03 x13:1c000000  PA:1c000134
14866752ns          247274 1c00875e f8250513 addi             x10, x10, -126      x10=00000003 x10:00000081
14866772ns          247275 1c008762 68e7f7c3 fmadd.s          f15, f15, f14, f13  f15=xxxxxxxx f15:c126c706 f14:3f3274ab f13:41fa6a03
14866792ns          247276 1c008766 1c0006b7 lui              x13, 0x1c000000     x13=1c000000
14866812ns          247277 1c00876a 1386a683 lw               x13, 312(x13)       x13=c23f0e08 x13:1c000000  PA:1c000138
14867110ns          247292 1c00876e d0057553 fcvt.s.w         f10, x10            f10=xxxxxxxx x10:00000003
14867130ns          247293 1c008772 68e7f7c3 fmadd.s          f15, f15, f14, f13  f15=xxxxxxxx f15:41c048d1 f14:3f3274ab f13:c23f0e08
14867150ns          247294 1c008776 1c0006b7 lui              x13, 0x1c000000     x13=1c000000
14867170ns          247295 1c00877a 13c6a683 lw               x13, 316(x13)       x13=42390412 x13:1c000000  PA:1c00013c
14867488ns          247311 1c00877e 68e7f7c3 fmadd.s          f15, f15, f14, f13  f15=xxxxxxxx f15:c1f811cd f14:3f3274ab f13:42390412
14867508ns          247312 1c008782 1c0006b7 lui              x13, 0x1c000000     x13=1c000000
14867528ns          247313 1c008786 1406a683 lw               x13, 320(x13)       x13=c1efd21b x13:1c000000  PA:1c000140
14867866ns          247330 1c00878a 68e7f7c3 fmadd.s          f15, f15, f14, f13  f15=xxxxxxxx f15:41c51ab6 f14:3f3274ab f13:c1efd21b
14867886ns          247331 1c00878e 1c0006b7 lui              x13, 0x1c000000     x13=1c000000
14867906ns          247332 1c008792 1446a683 lw               x13, 324(x13)       x13=41644a86 x13:1c000000  PA:1c000144
14868224ns          247348 1c008796 68e7f7c3 fmadd.s          f15, f15, f14, f13  f15=xxxxxxxx f15:c14cd769 f14:3f3274ab f13:41644a86
14868244ns          247349 1c00879a 1c0006b7 lui              x13, 0x1c000000     x13=1c000000
14868264ns          247350 1c00879e 1486a683 lw               x13, 328(x13)       x13=c087dba8 x13:1c000000  PA:1c000148
14868602ns          247367 1c0087a2 68e7f7c3 fmadd.s          f15, f15, f14, f13  f15=xxxxxxxx f15:40aafec9 f14:3f3274ab f13:c087dba8
14868622ns          247368 1c0087a6 00a7f553 fadd.s           f10, f15, f10       f10=xxxxxxxx f15:bf054495 f10:40400000
14868642ns          247369 1c0087aa 00008067 jalr             x0, x1, 0            x1:1c0081c2
14868702ns          247372 1c0081c2 11557553 fmul.s           f10, f10, f21       f10=xxxxxxxx f10:401eaedb f21:3f317218
14868722ns          247373 1c0081c6 00a4222b p.sw             x10, 4(x8!)          x8=10000e9c x10:3fdbfb3c  x8:10000e98  PA:10000e98
14868741ns          247374 1c0081ca ff4419e3 bne              x8, x20, -14         x8:10000e9c x20:10000fd8
14868801ns          247377 1c0081bc 0049a50b p.lw             x10, 4(x19!)        x10=41d63744 x19=1c0101e8 x19:1c0101e4  PA:1c0101e4
14869100ns          247392 1c0081c0 558000ef jal              x1, 1368             x1=1c0081c2
14869119ns          247393 1c008718 e00517d3 fclass.s         x15, f10            x15=00000040 f10:41d63744
14869139ns          247394 1c00871c 0817f793 andi             x15, x15, 129       x15=00000000 x15:00000040
14869159ns          247395 1c008720 08079b63 bne              x15, x0, 150        x15:00000000
14869179ns          247396 1c008722 00000793 addi             x15, x0, 0          x15=00000000
14869199ns          247397 1c008726 a0f52753 feq.s            x14, f10, f15       x14=00000000 f10:41d63744 f15:00000000
14869219ns          247398 1c00872a 08071163 bne              x14, x0, 130        x14:00000000
14869239ns          247399 1c00872c a0f507d3 fle.s            x15, f10, f15       x15=00000000 f10:41d63744 f15:00000000
14869259ns          247400 1c008730 08079863 bne              x15, x0, 144        x15:00000000
14869279ns          247401 1c008732 a0a527d3 feq.s            x15, f10, f10       x15=00000001 f10:41d63744 f10:41d63744
14869298ns          247402 1c008736 08078563 beq              x15, x0, 138        x15:00000001
14869318ns          247403 1c008738 d17537b3 p.bclr           x15, x10, 8, 23     x15=00563744 x10:41d63744
14869338ns          247404 1c00873c cb87c733 p.bset           x14, x15, 5, 24     x14=3f563744 x15:00563744
14869358ns          247405 1c008740 1c0006b7 lui              x13, 0x1c000000     x13=1c000000
14869378ns          247406 1c008744 1c0007b7 lui              x15, 0x1c000000     x15=1c000000
14869398ns          247407 1c008748 1306a683 lw               x13, 304(x13)       x13=c13c5fa8 x13:1c000000  PA:1c000130
14869696ns          247422 1c00874c 12c7a783 lw               x15, 300(x15)       x15=3ff7d7e5 x15:1c000000  PA:1c00012c
14869995ns          247437 1c008750 41755513 srai             x10, x10, 0x417     x10=00000083 x10:41d63744
14870014ns          247438 1c008752 68e7f7c3 fmadd.s          f15, f15, f14, f13  f15=xxxxxxxx f15:3ff7d7e5 f14:3f563744 f13:c13c5fa8
14870034ns          247439 1c008756 1c0006b7 lui              x13, 0x1c000000     x13=1c000000
14870054ns          247440 1c00875a 1346a683 lw               x13, 308(x13)       x13=41fa6a03 x13:1c000000  PA:1c000134
14870353ns          247455 1c00875e f8250513 addi             x10, x10, -126      x10=00000005 x10:00000083
14870373ns          247456 1c008762 68e7f7c3 fmadd.s          f15, f15, f14, f13  f15=xxxxxxxx f15:c1227329 f14:3f563744 f13:41fa6a03
14870392ns          247457 1c008766 1c0006b7 lui              x13, 0x1c000000     x13=1c000000
14870412ns          247458 1c00876a 1386a683 lw               x13, 312(x13)       x13=c23f0e08 x13:1c000000  PA:1c000138
14870731ns          247474 1c00876e d0057553 fcvt.s.w         f10, x10            f10=xxxxxxxx x10:00000005
14870750ns          247475 1c008772 68e7f7c3 fmadd.s          f15, f15, f14, f13  f15=xxxxxxxx f15:41b67258 f14:3f563744 f13:c23f0e08
14870770ns          247476 1c008776 1c0006b7 lui              x13, 0x1c000000     x13=1c000000
14870790ns          247477 1c00877a 13c6a683 lw               x13, 316(x13)       x13=42390412 x13:1c000000  PA:1c00013c
14871108ns          247493 1c00877e 68e7f7c3 fmadd.s          f15, f15, f14, f13  f15=xxxxxxxx f15:c1e57117 f14:3f563744 f13:42390412
14871128ns          247494 1c008782 1c0006b7 lui              x13, 0x1c000000     x13=1c000000
14871148ns          247495 1c008786 1406a683 lw               x13, 320(x13)       x13=c1efd21b x13:1c000000  PA:1c000140
14871467ns          247511 1c00878a 68e7f7c3 fmadd.s          f15, f15, f14, f13  f15=xxxxxxxx f15:41b20a13 f14:3f563744 f13:c1efd21b
14871486ns          247512 1c00878e 1c0006b7 lui              x13, 0x1c000000     x13=1c000000
14871506ns          247513 1c008792 1446a683 lw               x13, 324(x13)       x13=41644a86 x13:1c000000  PA:1c000144
14871825ns          247529 1c008796 68e7f7c3 fmadd.s          f15, f15, f14, f13  f15=xxxxxxxx f15:c135ae7f f14:3f563744 f13:41644a86
14871844ns          247530 1c00879a 1c0006b7 lui              x13, 0x1c000000     x13=1c000000
14871864ns          247531 1c00879e 1486a683 lw               x13, 328(x13)       x13=c087dba8 x13:1c000000  PA:1c000148
14872183ns          247547 1c0087a2 68e7f7c3 fmadd.s          f15, f15, f14, f13  f15=xxxxxxxx f15:409886de f14:3f563744 f13:c087dba8
14872202ns          247548 1c0087a6 00a7f553 fadd.s           f10, f15, f10       f10=xxxxxxxx f15:be839fcf f10:40a00000
14872222ns          247549 1c0087aa 00008067 jalr             x0, x1, 0            x1:1c0081c2
14872282ns          247552 1c0081c2 11557553 fmul.s           f10, f10, f21       f10=xxxxxxxx f10:4097c603 f21:3f317218
14872302ns          247553 1c0081c6 00a4222b p.sw             x10, 4(x8!)          x8=10000ea0 x10:40526719  x8:10000e9c  PA:10000e9c
14872322ns          247554 1c0081ca ff4419e3 bne              x8, x20, -14         x8:10000ea0 x20:10000fd8
14872381ns          247557 1c0081bc 0049a50b p.lw             x10, 4(x19!)        x10=41902812 x19=1c0101ec x19:1c0101e8  PA:1c0101e8
14872680ns          247572 1c0081c0 558000ef jal              x1, 1368             x1=1c0081c2
14872700ns          247573 1c008718 e00517d3 fclass.s         x15, f10            x15=00000040 f10:41902812
14872720ns          247574 1c00871c 0817f793 andi             x15, x15, 129       x15=00000000 x15:00000040
14872740ns          247575 1c008720 08079b63 bne              x15, x0, 150        x15:00000000
14872759ns          247576 1c008722 00000793 addi             x15, x0, 0          x15=00000000
14872779ns          247577 1c008726 a0f52753 feq.s            x14, f10, f15       x14=00000000 f10:41902812 f15:00000000
14872799ns          247578 1c00872a 08071163 bne              x14, x0, 130        x14:00000000
14872819ns          247579 1c00872c a0f507d3 fle.s            x15, f10, f15       x15=00000000 f10:41902812 f15:00000000
14872839ns          247580 1c008730 08079863 bne              x15, x0, 144        x15:00000000
14872859ns          247581 1c008732 a0a527d3 feq.s            x15, f10, f10       x15=00000001 f10:41902812 f10:41902812
14872879ns          247582 1c008736 08078563 beq              x15, x0, 138        x15:00000001
14872899ns          247583 1c008738 d17537b3 p.bclr           x15, x10, 8, 23     x15=00102812 x10:41902812
14872919ns          247584 1c00873c cb87c733 p.bset           x14, x15, 5, 24     x14=3f102812 x15:00102812
14872938ns          247585 1c008740 1c0006b7 lui              x13, 0x1c000000     x13=1c000000
14872958ns          247586 1c008744 1c0007b7 lui              x15, 0x1c000000     x15=1c000000
14872978ns          247587 1c008748 1306a683 lw               x13, 304(x13)       x13=c13c5fa8 x13:1c000000  PA:1c000130
14873277ns          247602 1c00874c 12c7a783 lw               x15, 300(x15)       x15=3ff7d7e5 x15:1c000000  PA:1c00012c
14873575ns          247617 1c008750 41755513 srai             x10, x10, 0x417     x10=00000083 x10:41902812
14873595ns          247618 1c008752 68e7f7c3 fmadd.s          f15, f15, f14, f13  f15=xxxxxxxx f15:3ff7d7e5 f14:3f102812 f13:c13c5fa8
14873615ns          247619 1c008756 1c0006b7 lui              x13, 0x1c000000     x13=1c000000
14873635ns          247620 1c00875a 1346a683 lw               x13, 308(x13)       x13=41fa6a03 x13:1c000000  PA:1c000134
14873953ns          247636 1c00875e f8250513 addi             x10, x10, -126      x10=00000005 x10:00000083
14873973ns          247637 1c008762 68e7f7c3 fmadd.s          f15, f15, f14, f13  f15=xxxxxxxx f15:c12aeda1 f14:3f102812 f13:41fa6a03
14873993ns          247638 1c008766 1c0006b7 lui              x13, 0x1c000000     x13=1c000000
14874013ns          247639 1c00876a 1386a683 lw               x13, 312(x13)       x13=c23f0e08 x13:1c000000  PA:1c000138
14874311ns          247654 1c00876e d0057553 fcvt.s.w         f10, x10            f10=xxxxxxxx x10:00000005
14874331ns          247655 1c008772 68e7f7c3 fmadd.s          f15, f15, f14, f13  f15=xxxxxxxx f15:41ca49cd f14:3f102812 f13:c23f0e08
14874351ns          247656 1c008776 1c0006b7 lui              x13, 0x1c000000     x13=1c000000
14874371ns          247657 1c00877a 13c6a683 lw               x13, 316(x13)       x13=42390412 x13:1c000000  PA:1c00013c
14874709ns          247674 1c00877e 68e7f7c3 fmadd.s          f15, f15, f14, f13  f15=xxxxxxxx f15:c2061971 f14:3f102812 f13:42390412
14874729ns          247675 1c008782 1c0006b7 lui              x13, 0x1c000000     x13=1c000000
14874748ns          247676 1c008786 1406a683 lw               x13, 320(x13)       x13=c1efd21b x13:1c000000  PA:1c000140
14875067ns          247692 1c00878a 68e7f7c3 fmadd.s          f15, f15, f14, f13  f15=xxxxxxxx f15:41db018a f14:3f102812 f13:c1efd21b
14875087ns          247693 1c00878e 1c0006b7 lui              x13, 0x1c000000     x13=1c000000
14875107ns          247694 1c008792 1446a683 lw               x13, 324(x13)       x13=41644a86 x13:1c000000  PA:1c000144
14875425ns          247710 1c008796 68e7f7c3 fmadd.s          f15, f15, f14, f13  f15=xxxxxxxx f15:c168fdeb f14:3f102812 f13:41644a86
14875445ns          247711 1c00879a 1c0006b7 lui              x13, 0x1c000000     x13=1c000000
14875465ns          247712 1c00879e 1486a683 lw               x13, 328(x13)       x13=c087dba8 x13:1c000000  PA:1c000148
14875783ns          247728 1c0087a2 68e7f7c3 fmadd.s          f15, f15, f14, f13  f15=xxxxxxxx f15:40c22e74 f14:3f102812 f13:c087dba8
14875803ns          247729 1c0087a6 00a7f553 fadd.s           f10, f15, f10       f10=xxxxxxxx f15:bf54190f f10:40a00000
14875823ns          247730 1c0087aa 00008067 jalr             x0, x1, 0            x1:1c0081c2
14875882ns          247733 1c0081c2 11557553 fmul.s           f10, f10, f21       f10=xxxxxxxx f10:40857cde f21:3f317218
14875902ns          247734 1c0081c6 00a4222b p.sw             x10, 4(x8!)          x8=10000ea4 x10:40390da7  x8:10000ea0  PA:10000ea0
14875922ns          247735 1c0081ca ff4419e3 bne              x8, x20, -14         x8:10000ea4 x20:10000fd8
14875982ns          247738 1c0081bc 0049a50b p.lw             x10, 4(x19!)        x10=428e4919 x19=1c0101f0 x19:1c0101ec  PA:1c0101ec
14876280ns          247753 1c0081c0 558000ef jal              x1, 1368             x1=1c0081c2
14876300ns          247754 1c008718 e00517d3 fclass.s         x15, f10            x15=00000040 f10:428e4919
14876320ns          247755 1c00871c 0817f793 andi             x15, x15, 129       x15=00000000 x15:00000040
14876340ns          247756 1c008720 08079b63 bne              x15, x0, 150        x15:00000000
14876360ns          247757 1c008722 00000793 addi             x15, x0, 0          x15=00000000
14876380ns          247758 1c008726 a0f52753 feq.s            x14, f10, f15       x14=00000000 f10:428e4919 f15:00000000
14876399ns          247759 1c00872a 08071163 bne              x14, x0, 130        x14:00000000
14876419ns          247760 1c00872c a0f507d3 fle.s            x15, f10, f15       x15=00000000 f10:428e4919 f15:00000000
14876439ns          247761 1c008730 08079863 bne              x15, x0, 144        x15:00000000
14876459ns          247762 1c008732 a0a527d3 feq.s            x15, f10, f10       x15=00000001 f10:428e4919 f10:428e4919
14876479ns          247763 1c008736 08078563 beq              x15, x0, 138        x15:00000001
14876499ns          247764 1c008738 d17537b3 p.bclr           x15, x10, 8, 23     x15=000e4919 x10:428e4919
14876519ns          247765 1c00873c cb87c733 p.bset           x14, x15, 5, 24     x14=3f0e4919 x15:000e4919
14876539ns          247766 1c008740 1c0006b7 lui              x13, 0x1c000000     x13=1c000000
14876559ns          247767 1c008744 1c0007b7 lui              x15, 0x1c000000     x15=1c000000
14876578ns          247768 1c008748 1306a683 lw               x13, 304(x13)       x13=c13c5fa8 x13:1c000000  PA:1c000130
14876877ns          247783 1c00874c 12c7a783 lw               x15, 300(x15)       x15=3ff7d7e5 x15:1c000000  PA:1c00012c
14877175ns          247798 1c008750 41755513 srai             x10, x10, 0x417     x10=00000085 x10:428e4919
14877195ns          247799 1c008752 68e7f7c3 fmadd.s          f15, f15, f14, f13  f15=xxxxxxxx f15:3ff7d7e5 f14:3f0e4919 f13:c13c5fa8
14877215ns          247800 1c008756 1c0006b7 lui              x13, 0x1c000000     x13=1c000000
14877235ns          247801 1c00875a 1346a683 lw               x13, 308(x13)       x13=41fa6a03 x13:1c000000  PA:1c000134
14877533ns          247816 1c00875e f8250513 addi             x10, x10, -126      x10=00000007 x10:00000085
14877553ns          247817 1c008762 68e7f7c3 fmadd.s          f15, f15, f14, f13  f15=xxxxxxxx f15:c12b2797 f14:3f0e4919 f13:41fa6a03
14877573ns          247818 1c008766 1c0006b7 lui              x13, 0x1c000000     x13=1c000000
14877593ns          247819 1c00876a 1386a683 lw               x13, 312(x13)       x13=c23f0e08 x13:1c000000  PA:1c000138
14877911ns          247835 1c00876e d0057553 fcvt.s.w         f10, x10            f10=xxxxxxxx x10:00000007
14877931ns          247836 1c008772 68e7f7c3 fmadd.s          f15, f15, f14, f13  f15=xxxxxxxx f15:41cad999 f14:3f0e4919 f13:c23f0e08
14877951ns          247837 1c008776 1c0006b7 lui              x13, 0x1c000000     x13=1c000000
14877971ns          247838 1c00877a 13c6a683 lw               x13, 316(x13)       x13=42390412 x13:1c000000  PA:1c00013c
14878289ns          247854 1c00877e 68e7f7c3 fmadd.s          f15, f15, f14, f13  f15=xxxxxxxx f15:c206aeb9 f14:3f0e4919 f13:42390412
14878309ns          247855 1c008782 1c0006b7 lui              x13, 0x1c000000     x13=1c000000
14878329ns          247856 1c008786 1406a683 lw               x13, 320(x13)       x13=c1efd21b x13:1c000000  PA:1c000140
14878667ns          247873 1c00878a 68e7f7c3 fmadd.s          f15, f15, f14, f13  f15=xxxxxxxx f15:41dc5165 f14:3f0e4919 f13:c1efd21b
14878687ns          247874 1c00878e 1c0006b7 lui              x13, 0x1c000000     x13=1c000000
14878707ns          247875 1c008792 1446a683 lw               x13, 324(x13)       x13=41644a86 x13:1c000000  PA:1c000144
14879025ns          247891 1c008796 68e7f7c3 fmadd.s          f15, f15, f14, f13  f15=xxxxxxxx f15:c16abc19 f14:3f0e4919 f13:41644a86
14879045ns          247892 1c00879a 1c0006b7 lui              x13, 0x1c000000     x13=1c000000
14879065ns          247893 1c00879e 1486a683 lw               x13, 328(x13)       x13=c087dba8 x13:1c000000  PA:1c000148
14879383ns          247909 1c0087a2 68e7f7c3 fmadd.s          f15, f15, f14, f13  f15=xxxxxxxx f15:40c3a653 f14:3f0e4919 f13:c087dba8
14879403ns          247910 1c0087a6 00a7f553 fadd.s           f10, f15, f10       f10=xxxxxxxx f15:bf58ec43 f10:40e00000
14879423ns          247911 1c0087aa 00008067 jalr             x0, x1, 0            x1:1c0081c2
14879482ns          247914 1c0081c2 11557553 fmul.s           f10, f10, f21       f10=xxxxxxxx f10:40c4e278 f21:3f317218
14879502ns          247915 1c0081c6 00a4222b p.sw             x10, 4(x8!)          x8=10000ea8 x10:40887854  x8:10000ea4  PA:10000ea4
14879522ns          247916 1c0081ca ff4419e3 bne              x8, x20, -14         x8:10000ea8 x20:10000fd8
14879582ns          247919 1c0081bc 0049a50b p.lw             x10, 4(x19!)        x10=429c0c18 x19=1c0101f4 x19:1c0101f0  PA:1c0101f0
14879880ns          247934 1c0081c0 558000ef jal              x1, 1368             x1=1c0081c2
14879900ns          247935 1c008718 e00517d3 fclass.s         x15, f10            x15=00000040 f10:429c0c18
14879920ns          247936 1c00871c 0817f793 andi             x15, x15, 129       x15=00000000 x15:00000040
14879940ns          247937 1c008720 08079b63 bne              x15, x0, 150        x15:00000000
14879960ns          247938 1c008722 00000793 addi             x15, x0, 0          x15=00000000
14879980ns          247939 1c008726 a0f52753 feq.s            x14, f10, f15       x14=00000000 f10:429c0c18 f15:00000000
14880000ns          247940 1c00872a 08071163 bne              x14, x0, 130        x14:00000000
14880020ns          247941 1c00872c a0f507d3 fle.s            x15, f10, f15       x15=00000000 f10:429c0c18 f15:00000000
14880039ns          247942 1c008730 08079863 bne              x15, x0, 144        x15:00000000
14880059ns          247943 1c008732 a0a527d3 feq.s            x15, f10, f10       x15=00000001 f10:429c0c18 f10:429c0c18
14880079ns          247944 1c008736 08078563 beq              x15, x0, 138        x15:00000001
14880099ns          247945 1c008738 d17537b3 p.bclr           x15, x10, 8, 23     x15=001c0c18 x10:429c0c18
14880119ns          247946 1c00873c cb87c733 p.bset           x14, x15, 5, 24     x14=3f1c0c18 x15:001c0c18
14880139ns          247947 1c008740 1c0006b7 lui              x13, 0x1c000000     x13=1c000000
14880159ns          247948 1c008744 1c0007b7 lui              x15, 0x1c000000     x15=1c000000
14880179ns          247949 1c008748 1306a683 lw               x13, 304(x13)       x13=c13c5fa8 x13:1c000000  PA:1c000130
14880497ns          247965 1c00874c 12c7a783 lw               x15, 300(x15)       x15=3ff7d7e5 x15:1c000000  PA:1c00012c
14880795ns          247980 1c008750 41755513 srai             x10, x10, 0x417     x10=00000085 x10:429c0c18
14880815ns          247981 1c008752 68e7f7c3 fmadd.s          f15, f15, f14, f13  f15=xxxxxxxx f15:3ff7d7e5 f14:3f1c0c18 f13:c13c5fa8
14880835ns          247982 1c008756 1c0006b7 lui              x13, 0x1c000000     x13=1c000000
14880855ns          247983 1c00875a 1346a683 lw               x13, 308(x13)       x13=41fa6a03 x13:1c000000  PA:1c000134
14881153ns          247998 1c00875e f8250513 addi             x10, x10, -126      x10=00000007 x10:00000085
14881173ns          247999 1c008762 68e7f7c3 fmadd.s          f15, f15, f14, f13  f15=xxxxxxxx f15:c1297d3f f14:3f1c0c18 f13:41fa6a03
14881193ns          248000 1c008766 1c0006b7 lui              x13, 0x1c000000     x13=1c000000
14881213ns          248001 1c00876a 1386a683 lw               x13, 312(x13)       x13=c23f0e08 x13:1c000000  PA:1c000138
14881511ns          248016 1c00876e d0057553 fcvt.s.w         f10, x10            f10=xxxxxxxx x10:00000007
14881531ns          248017 1c008772 68e7f7c3 fmadd.s          f15, f15, f14, f13  f15=xxxxxxxx f15:41c6c1d9 f14:3f1c0c18 f13:c23f0e08
14881551ns          248018 1c008776 1c0006b7 lui              x13, 0x1c000000     x13=1c000000
14881571ns          248019 1c00877a 13c6a683 lw               x13, 316(x13)       x13=42390412 x13:1c000000  PA:1c00013c
14881909ns          248036 1c00877e 68e7f7c3 fmadd.s          f15, f15, f14, f13  f15=xxxxxxxx f15:c2027a46 f14:3f1c0c18 f13:42390412
14881929ns          248037 1c008782 1c0006b7 lui              x13, 0x1c000000     x13=1c000000
14881949ns          248038 1c008786 1406a683 lw               x13, 320(x13)       x13=c1efd21b x13:1c000000  PA:1c000140
14882267ns          248054 1c00878a 68e7f7c3 fmadd.s          f15, f15, f14, f13  f15=xxxxxxxx f15:41d2f6cb f14:3f1c0c18 f13:c1efd21b
14882287ns          248055 1c00878e 1c0006b7 lui              x13, 0x1c000000     x13=1c000000
14882307ns          248056 1c008792 1446a683 lw               x13, 324(x13)       x13=41644a86 x13:1c000000  PA:1c000144
14882625ns          248072 1c008796 68e7f7c3 fmadd.s          f15, f15, f14, f13  f15=xxxxxxxx f15:c15e7380 f14:3f1c0c18 f13:41644a86
14882645ns          248073 1c00879a 1c0006b7 lui              x13, 0x1c000000     x13=1c000000
14882665ns          248074 1c00879e 1486a683 lw               x13, 328(x13)       x13=c087dba8 x13:1c000000  PA:1c000148
14882983ns          248090 1c0087a2 68e7f7c3 fmadd.s          f15, f15, f14, f13  f15=xxxxxxxx f15:40b96343 f14:3f1c0c18 f13:c087dba8
14883003ns          248091 1c0087a6 00a7f553 fadd.s           f10, f15, f10       f10=xxxxxxxx f15:bf36d349 f10:40e00000
14883023ns          248092 1c0087aa 00008067 jalr             x0, x1, 0            x1:1c0081c2
14883083ns          248095 1c0081c2 11557553 fmul.s           f10, f10, f21       f10=xxxxxxxx f10:40c92597 f21:3f317218
14883103ns          248096 1c0081c6 00a4222b p.sw             x10, 4(x8!)          x8=10000eac x10:408b6ca3  x8:10000ea8  PA:10000ea8
14883122ns          248097 1c0081ca ff4419e3 bne              x8, x20, -14         x8:10000eac x20:10000fd8
14883182ns          248100 1c0081bc 0049a50b p.lw             x10, 4(x19!)        x10=4199cc37 x19=1c0101f8 x19:1c0101f4  PA:1c0101f4
14883481ns          248115 1c0081c0 558000ef jal              x1, 1368             x1=1c0081c2
14883500ns          248116 1c008718 e00517d3 fclass.s         x15, f10            x15=00000040 f10:4199cc37
14883520ns          248117 1c00871c 0817f793 andi             x15, x15, 129       x15=00000000 x15:00000040
14883540ns          248118 1c008720 08079b63 bne              x15, x0, 150        x15:00000000
14883560ns          248119 1c008722 00000793 addi             x15, x0, 0          x15=00000000
14883580ns          248120 1c008726 a0f52753 feq.s            x14, f10, f15       x14=00000000 f10:4199cc37 f15:00000000
14883600ns          248121 1c00872a 08071163 bne              x14, x0, 130        x14:00000000
14883620ns          248122 1c00872c a0f507d3 fle.s            x15, f10, f15       x15=00000000 f10:4199cc37 f15:00000000
14883640ns          248123 1c008730 08079863 bne              x15, x0, 144        x15:00000000
14883660ns          248124 1c008732 a0a527d3 feq.s            x15, f10, f10       x15=00000001 f10:4199cc37 f10:4199cc37
14883679ns          248125 1c008736 08078563 beq              x15, x0, 138        x15:00000001
14883699ns          248126 1c008738 d17537b3 p.bclr           x15, x10, 8, 23     x15=0019cc37 x10:4199cc37
14883719ns          248127 1c00873c cb87c733 p.bset           x14, x15, 5, 24     x14=3f19cc37 x15:0019cc37
14883739ns          248128 1c008740 1c0006b7 lui              x13, 0x1c000000     x13=1c000000
14883759ns          248129 1c008744 1c0007b7 lui              x15, 0x1c000000     x15=1c000000
14883779ns          248130 1c008748 1306a683 lw               x13, 304(x13)       x13=c13c5fa8 x13:1c000000  PA:1c000130
14884077ns          248145 1c00874c 12c7a783 lw               x15, 300(x15)       x15=3ff7d7e5 x15:1c000000  PA:1c00012c
14884376ns          248160 1c008750 41755513 srai             x10, x10, 0x417     x10=00000083 x10:4199cc37
14884396ns          248161 1c008752 68e7f7c3 fmadd.s          f15, f15, f14, f13  f15=xxxxxxxx f15:3ff7d7e5 f14:3f19cc37 f13:c13c5fa8
14884415ns          248162 1c008756 1c0006b7 lui              x13, 0x1c000000     x13=1c000000
14884435ns          248163 1c00875a 1346a683 lw               x13, 308(x13)       x13=41fa6a03 x13:1c000000  PA:1c000134
14884734ns          248178 1c00875e f8250513 addi             x10, x10, -126      x10=00000005 x10:00000083
14884754ns          248179 1c008762 68e7f7c3 fmadd.s          f15, f15, f14, f13  f15=xxxxxxxx f15:c129c2f0 f14:3f19cc37 f13:41fa6a03
14884773ns          248180 1c008766 1c0006b7 lui              x13, 0x1c000000     x13=1c000000
14884793ns          248181 1c00876a 1386a683 lw               x13, 312(x13)       x13=c23f0e08 x13:1c000000  PA:1c000138
14885092ns          248196 1c00876e d0057553 fcvt.s.w         f10, x10            f10=xxxxxxxx x10:00000005
14885112ns          248197 1c008772 68e7f7c3 fmadd.s          f15, f15, f14, f13  f15=xxxxxxxx f15:41c76b8c f14:3f19cc37 f13:c23f0e08
14885131ns          248198 1c008776 1c0006b7 lui              x13, 0x1c000000     x13=1c000000
14885151ns          248199 1c00877a 13c6a683 lw               x13, 316(x13)       x13=42390412 x13:1c000000  PA:1c00013c
14885470ns          248215 1c00877e 68e7f7c3 fmadd.s          f15, f15, f14, f13  f15=xxxxxxxx f15:c20326da f14:3f19cc37 f13:42390412
14885489ns          248216 1c008782 1c0006b7 lui              x13, 0x1c000000     x13=1c000000
14885509ns          248217 1c008786 1406a683 lw               x13, 320(x13)       x13=c1efd21b x13:1c000000  PA:1c000140
14885848ns          248234 1c00878a 68e7f7c3 fmadd.s          f15, f15, f14, f13  f15=xxxxxxxx f15:41d47275 f14:3f19cc37 f13:c1efd21b
14885867ns          248235 1c00878e 1c0006b7 lui              x13, 0x1c000000     x13=1c000000
14885887ns          248236 1c008792 1446a683 lw               x13, 324(x13)       x13=41644a86 x13:1c000000  PA:1c000144
14886206ns          248252 1c008796 68e7f7c3 fmadd.s          f15, f15, f14, f13  f15=xxxxxxxx f15:c1606074 f14:3f19cc37 f13:41644a86
14886225ns          248253 1c00879a 1c0006b7 lui              x13, 0x1c000000     x13=1c000000
14886245ns          248254 1c00879e 1486a683 lw               x13, 328(x13)       x13=c087dba8 x13:1c000000  PA:1c000148
14886564ns          248270 1c0087a2 68e7f7c3 fmadd.s          f15, f15, f14, f13  f15=xxxxxxxx f15:40bafbc7 f14:3f19cc37 f13:c087dba8
14886583ns          248271 1c0087a6 00a7f553 fadd.s           f10, f15, f10       f10=xxxxxxxx f15:bf3c302a f10:40a00000
14886603ns          248272 1c0087aa 00008067 jalr             x0, x1, 0            x1:1c0081c2
14886663ns          248275 1c0081c2 11557553 fmul.s           f10, f10, f21       f10=xxxxxxxx f10:408879fb f21:3f317218
14886683ns          248276 1c0081c6 00a4222b p.sw             x10, 4(x8!)          x8=10000eb0 x10:403d3253  x8:10000eac  PA:10000eac
14886703ns          248277 1c0081ca ff4419e3 bne              x8, x20, -14         x8:10000eb0 x20:10000fd8
14886763ns          248280 1c0081bc 0049a50b p.lw             x10, 4(x19!)        x10=41c94019 x19=1c0101fc x19:1c0101f8  PA:1c0101f8
14887061ns          248295 1c0081c0 558000ef jal              x1, 1368             x1=1c0081c2
14887081ns          248296 1c008718 e00517d3 fclass.s         x15, f10            x15=00000040 f10:41c94019
14887101ns          248297 1c00871c 0817f793 andi             x15, x15, 129       x15=00000000 x15:00000040
14887121ns          248298 1c008720 08079b63 bne              x15, x0, 150        x15:00000000
14887140ns          248299 1c008722 00000793 addi             x15, x0, 0          x15=00000000
14887160ns          248300 1c008726 a0f52753 feq.s            x14, f10, f15       x14=00000000 f10:41c94019 f15:00000000
14887180ns          248301 1c00872a 08071163 bne              x14, x0, 130        x14:00000000
14887200ns          248302 1c00872c a0f507d3 fle.s            x15, f10, f15       x15=00000000 f10:41c94019 f15:00000000
14887220ns          248303 1c008730 08079863 bne              x15, x0, 144        x15:00000000
14887240ns          248304 1c008732 a0a527d3 feq.s            x15, f10, f10       x15=00000001 f10:41c94019 f10:41c94019
14887260ns          248305 1c008736 08078563 beq              x15, x0, 138        x15:00000001
14887280ns          248306 1c008738 d17537b3 p.bclr           x15, x10, 8, 23     x15=00494019 x10:41c94019
14887300ns          248307 1c00873c cb87c733 p.bset           x14, x15, 5, 24     x14=3f494019 x15:00494019
14887319ns          248308 1c008740 1c0006b7 lui              x13, 0x1c000000     x13=1c000000
14887339ns          248309 1c008744 1c0007b7 lui              x15, 0x1c000000     x15=1c000000
14887359ns          248310 1c008748 1306a683 lw               x13, 304(x13)       x13=c13c5fa8 x13:1c000000  PA:1c000130
14887658ns          248325 1c00874c 12c7a783 lw               x15, 300(x15)       x15=3ff7d7e5 x15:1c000000  PA:1c00012c
14887956ns          248340 1c008750 41755513 srai             x10, x10, 0x417     x10=00000083 x10:41c94019
14887976ns          248341 1c008752 68e7f7c3 fmadd.s          f15, f15, f14, f13  f15=xxxxxxxx f15:3ff7d7e5 f14:3f494019 f13:c13c5fa8
14887996ns          248342 1c008756 1c0006b7 lui              x13, 0x1c000000     x13=1c000000
14888016ns          248343 1c00875a 1346a683 lw               x13, 308(x13)       x13=41fa6a03 x13:1c000000  PA:1c000134
14888314ns          248358 1c00875e f8250513 addi             x10, x10, -126      x10=00000005 x10:00000083
14888334ns          248359 1c008762 68e7f7c3 fmadd.s          f15, f15, f14, f13  f15=xxxxxxxx f15:c12404d6 f14:3f494019 f13:41fa6a03
14888354ns          248360 1c008766 1c0006b7 lui              x13, 0x1c000000     x13=1c000000
14888374ns          248361 1c00876a 1386a683 lw               x13, 312(x13)       x13=c23f0e08 x13:1c000000  PA:1c000138
14888692ns          248377 1c00876e d0057553 fcvt.s.w         f10, x10            f10=xxxxxxxx x10:00000005
14888712ns          248378 1c008772 68e7f7c3 fmadd.s          f15, f15, f14, f13  f15=xxxxxxxx f15:41b9f194 f14:3f494019 f13:c23f0e08
14888732ns          248379 1c008776 1c0006b7 lui              x13, 0x1c000000     x13=1c000000
14888752ns          248380 1c00877a 13c6a683 lw               x13, 316(x13)       x13=42390412 x13:1c000000  PA:1c00013c
14889070ns          248396 1c00877e 68e7f7c3 fmadd.s          f15, f15, f14, f13  f15=xxxxxxxx f15:c1ebeed4 f14:3f494019 f13:42390412
14889090ns          248397 1c008782 1c0006b7 lui              x13, 0x1c000000     x13=1c000000
14889110ns          248398 1c008786 1406a683 lw               x13, 320(x13)       x13=c1efd21b x13:1c000000  PA:1c000140
14889428ns          248414 1c00878a 68e7f7c3 fmadd.s          f15, f15, f14, f13  f15=xxxxxxxx f15:41b88e8d f14:3f494019 f13:c1efd21b
14889448ns          248415 1c00878e 1c0006b7 lui              x13, 0x1c000000     x13=1c000000
14889468ns          248416 1c008792 1446a683 lw               x13, 324(x13)       x13=41644a86 x13:1c000000  PA:1c000144
14889826ns          248434 1c008796 68e7f7c3 fmadd.s          f15, f15, f14, f13  f15=xxxxxxxx f15:c13d77f1 f14:3f494019 f13:41644a86
14889846ns          248435 1c00879a 1c0006b7 lui              x13, 0x1c000000     x13=1c000000
14889865ns          248436 1c00879e 1486a683 lw               x13, 328(x13)       x13=c087dba8 x13:1c000000  PA:1c000148
14890184ns          248452 1c0087a2 68e7f7c3 fmadd.s          f15, f15, f14, f13  f15=xxxxxxxx f15:409eafd3 f14:3f494019 f13:c087dba8
14890204ns          248453 1c0087a6 00a7f553 fadd.s           f10, f15, f10       f10=xxxxxxxx f15:beb1bdfe f10:40a00000
14890223ns          248454 1c0087aa 00008067 jalr             x0, x1, 0            x1:1c0081c2
14890283ns          248457 1c0081c2 11557553 fmul.s           f10, f10, f21       f10=xxxxxxxx f10:4094e420 f21:3f317218
14890303ns          248458 1c0081c6 00a4222b p.sw             x10, 4(x8!)          x8=10000eb4 x10:404e682b  x8:10000eb0  PA:10000eb0
14890323ns          248459 1c0081ca ff4419e3 bne              x8, x20, -14         x8:10000eb4 x20:10000fd8
14890383ns          248462 1c0081bc 0049a50b p.lw             x10, 4(x19!)        x10=42b01559 x19=1c010200 x19:1c0101fc  PA:1c0101fc
14890681ns          248477 1c0081c0 558000ef jal              x1, 1368             x1=1c0081c2
14890701ns          248478 1c008718 e00517d3 fclass.s         x15, f10            x15=00000040 f10:42b01559
14890721ns          248479 1c00871c 0817f793 andi             x15, x15, 129       x15=00000000 x15:00000040
14890741ns          248480 1c008720 08079b63 bne              x15, x0, 150        x15:00000000
14890761ns          248481 1c008722 00000793 addi             x15, x0, 0          x15=00000000
14890780ns          248482 1c008726 a0f52753 feq.s            x14, f10, f15       x14=00000000 f10:42b01559 f15:00000000
14890800ns          248483 1c00872a 08071163 bne              x14, x0, 130        x14:00000000
14890820ns          248484 1c00872c a0f507d3 fle.s            x15, f10, f15       x15=00000000 f10:42b01559 f15:00000000
14890840ns          248485 1c008730 08079863 bne              x15, x0, 144        x15:00000000
14890860ns          248486 1c008732 a0a527d3 feq.s            x15, f10, f10       x15=00000001 f10:42b01559 f10:42b01559
14890880ns          248487 1c008736 08078563 beq              x15, x0, 138        x15:00000001
14890900ns          248488 1c008738 d17537b3 p.bclr           x15, x10, 8, 23     x15=00301559 x10:42b01559
14890920ns          248489 1c00873c cb87c733 p.bset           x14, x15, 5, 24     x14=3f301559 x15:00301559
14890940ns          248490 1c008740 1c0006b7 lui              x13, 0x1c000000     x13=1c000000
14890959ns          248491 1c008744 1c0007b7 lui              x15, 0x1c000000     x15=1c000000
14890979ns          248492 1c008748 1306a683 lw               x13, 304(x13)       x13=c13c5fa8 x13:1c000000  PA:1c000130
14891278ns          248507 1c00874c 12c7a783 lw               x15, 300(x15)       x15=3ff7d7e5 x15:1c000000  PA:1c00012c
14891576ns          248522 1c008750 41755513 srai             x10, x10, 0x417     x10=00000085 x10:42b01559
14891596ns          248523 1c008752 68e7f7c3 fmadd.s          f15, f15, f14, f13  f15=xxxxxxxx f15:3ff7d7e5 f14:3f301559 f13:c13c5fa8
14891616ns          248524 1c008756 1c0006b7 lui              x13, 0x1c000000     x13=1c000000
14891636ns          248525 1c00875a 1346a683 lw               x13, 308(x13)       x13=41fa6a03 x13:1c000000  PA:1c000134
14891934ns          248540 1c00875e f8250513 addi             x10, x10, -126      x10=00000007 x10:00000085
14891954ns          248541 1c008762 68e7f7c3 fmadd.s          f15, f15, f14, f13  f15=xxxxxxxx f15:c1271085 f14:3f301559 f13:41fa6a03
14891974ns          248542 1c008766 1c0006b7 lui              x13, 0x1c000000     x13=1c000000
14891994ns          248543 1c00876a 1386a683 lw               x13, 312(x13)       x13=c23f0e08 x13:1c000000  PA:1c000138
14892312ns          248559 1c00876e d0057553 fcvt.s.w         f10, x10            f10=xxxxxxxx x10:00000007
14892332ns          248560 1c008772 68e7f7c3 fmadd.s          f15, f15, f14, f13  f15=xxxxxxxx f15:41c0f55e f14:3f301559 f13:c23f0e08
14892352ns          248561 1c008776 1c0006b7 lui              x13, 0x1c000000     x13=1c000000
14892372ns          248562 1c00877a 13c6a683 lw               x13, 316(x13)       x13=42390412 x13:1c000000  PA:1c00013c
14892690ns          248578 1c00877e 68e7f7c3 fmadd.s          f15, f15, f14, f13  f15=xxxxxxxx f15:c1f96348 f14:3f301559 f13:42390412
14892710ns          248579 1c008782 1c0006b7 lui              x13, 0x1c000000     x13=1c000000
14892730ns          248580 1c008786 1406a683 lw               x13, 320(x13)       x13=c1efd21b x13:1c000000  PA:1c000140
14893068ns          248597 1c00878a 68e7f7c3 fmadd.s          f15, f15, f14, f13  f15=xxxxxxxx f15:41c67f17 f14:3f301559 f13:c1efd21b
14893088ns          248598 1c00878e 1c0006b7 lui              x13, 0x1c000000     x13=1c000000
14893108ns          248599 1c008792 1446a683 lw               x13, 324(x13)       x13=41644a86 x13:1c000000  PA:1c000144
14893426ns          248615 1c008796 68e7f7c3 fmadd.s          f15, f15, f14, f13  f15=xxxxxxxx f15:c14e945c f14:3f301559 f13:41644a86
14893446ns          248616 1c00879a 1c0006b7 lui              x13, 0x1c000000     x13=1c000000
14893466ns          248617 1c00879e 1486a683 lw               x13, 328(x13)       x13=c087dba8 x13:1c000000  PA:1c000148
14893784ns          248633 1c0087a2 68e7f7c3 fmadd.s          f15, f15, f14, f13  f15=xxxxxxxx f15:40ac669a f14:3f301559 f13:c087dba8
14893804ns          248634 1c0087a6 00a7f553 fadd.s           f10, f15, f10       f10=xxxxxxxx f15:bf0a35ee f10:40e00000
14893824ns          248635 1c0087aa 00008067 jalr             x0, x1, 0            x1:1c0081c2
14893883ns          248638 1c0081c2 11557553 fmul.s           f10, f10, f21       f10=xxxxxxxx f10:40ceb942 f21:3f317218
14893903ns          248639 1c0081c6 00a4222b p.sw             x10, 4(x8!)          x8=10000eb8 x10:408f4a39  x8:10000eb4  PA:10000eb4
14893923ns          248640 1c0081ca ff4419e3 bne              x8, x20, -14         x8:10000eb8 x20:10000fd8
14893983ns          248643 1c0081bc 0049a50b p.lw             x10, 4(x19!)        x10=42b38b4a x19=1c010204 x19:1c010200  PA:1c010200
14894281ns          248658 1c0081c0 558000ef jal              x1, 1368             x1=1c0081c2
14894301ns          248659 1c008718 e00517d3 fclass.s         x15, f10            x15=00000040 f10:42b38b4a
14894321ns          248660 1c00871c 0817f793 andi             x15, x15, 129       x15=00000000 x15:00000040
14894341ns          248661 1c008720 08079b63 bne              x15, x0, 150        x15:00000000
14894361ns          248662 1c008722 00000793 addi             x15, x0, 0          x15=00000000
14894381ns          248663 1c008726 a0f52753 feq.s            x14, f10, f15       x14=00000000 f10:42b38b4a f15:00000000
14894401ns          248664 1c00872a 08071163 bne              x14, x0, 130        x14:00000000
14894420ns          248665 1c00872c a0f507d3 fle.s            x15, f10, f15       x15=00000000 f10:42b38b4a f15:00000000
14894440ns          248666 1c008730 08079863 bne              x15, x0, 144        x15:00000000
14894460ns          248667 1c008732 a0a527d3 feq.s            x15, f10, f10       x15=00000001 f10:42b38b4a f10:42b38b4a
14894480ns          248668 1c008736 08078563 beq              x15, x0, 138        x15:00000001
14894500ns          248669 1c008738 d17537b3 p.bclr           x15, x10, 8, 23     x15=00338b4a x10:42b38b4a
14894520ns          248670 1c00873c cb87c733 p.bset           x14, x15, 5, 24     x14=3f338b4a x15:00338b4a
14894540ns          248671 1c008740 1c0006b7 lui              x13, 0x1c000000     x13=1c000000
14894560ns          248672 1c008744 1c0007b7 lui              x15, 0x1c000000     x15=1c000000
14894580ns          248673 1c008748 1306a683 lw               x13, 304(x13)       x13=c13c5fa8 x13:1c000000  PA:1c000130
14894878ns          248688 1c00874c 12c7a783 lw               x15, 300(x15)       x15=3ff7d7e5 x15:1c000000  PA:1c00012c
14895196ns          248704 1c008750 41755513 srai             x10, x10, 0x417     x10=00000085 x10:42b38b4a
14895216ns          248705 1c008752 68e7f7c3 fmadd.s          f15, f15, f14, f13  f15=xxxxxxxx f15:3ff7d7e5 f14:3f338b4a f13:c13c5fa8
14895236ns          248706 1c008756 1c0006b7 lui              x13, 0x1c000000     x13=1c000000
14895256ns          248707 1c00875a 1346a683 lw               x13, 308(x13)       x13=41fa6a03 x13:1c000000  PA:1c000134
14895554ns          248722 1c00875e f8250513 addi             x10, x10, -126      x10=00000007 x10:00000085
14895574ns          248723 1c008762 68e7f7c3 fmadd.s          f15, f15, f14, f13  f15=xxxxxxxx f15:c126a54e f14:3f338b4a f13:41fa6a03
14895594ns          248724 1c008766 1c0006b7 lui              x13, 0x1c000000     x13=1c000000
14895614ns          248725 1c00876a 1386a683 lw               x13, 312(x13)       x13=c23f0e08 x13:1c000000  PA:1c000138
14895912ns          248740 1c00876e d0057553 fcvt.s.w         f10, x10            f10=xxxxxxxx x10:00000007
14895932ns          248741 1c008772 68e7f7c3 fmadd.s          f15, f15, f14, f13  f15=xxxxxxxx f15:41bff9e2 f14:3f338b4a f13:c23f0e08
14895952ns          248742 1c008776 1c0006b7 lui              x13, 0x1c000000     x13=1c000000
14895972ns          248743 1c00877a 13c6a683 lw               x13, 316(x13)       x13=42390412 x13:1c000000  PA:1c00013c
14896310ns          248760 1c00877e 68e7f7c3 fmadd.s          f15, f15, f14, f13  f15=xxxxxxxx f15:c1f777e3 f14:3f338b4a f13:42390412
14896330ns          248761 1c008782 1c0006b7 lui              x13, 0x1c000000     x13=1c000000
14896350ns          248762 1c008786 1406a683 lw               x13, 320(x13)       x13=c1efd21b x13:1c000000  PA:1c000140
14896668ns          248778 1c00878a 68e7f7c3 fmadd.s          f15, f15, f14, f13  f15=xxxxxxxx f15:41c478ab f14:3f338b4a f13:c1efd21b
14896688ns          248779 1c00878e 1c0006b7 lui              x13, 0x1c000000     x13=1c000000
14896708ns          248780 1c008792 1446a683 lw               x13, 324(x13)       x13=41644a86 x13:1c000000  PA:1c000144
14897046ns          248797 1c008796 68e7f7c3 fmadd.s          f15, f15, f14, f13  f15=xxxxxxxx f15:c14c0daa f14:3f338b4a f13:41644a86
14897066ns          248798 1c00879a 1c0006b7 lui              x13, 0x1c000000     x13=1c000000
14897086ns          248799 1c00879e 1486a683 lw               x13, 328(x13)       x13=c087dba8 x13:1c000000  PA:1c000148
14897404ns          248815 1c0087a2 68e7f7c3 fmadd.s          f15, f15, f14, f13  f15=xxxxxxxx f15:40aa5be3 f14:3f338b4a f13:c087dba8
14897424ns          248816 1c0087a6 00a7f553 fadd.s           f10, f15, f10       f10=xxxxxxxx f15:bf0305b9 f10:40e00000
14897444ns          248817 1c0087aa 00008067 jalr             x0, x1, 0            x1:1c0081c2
14897504ns          248820 1c0081c2 11557553 fmul.s           f10, f10, f21       f10=xxxxxxxx f10:40cf9f49 f21:3f317218
14897523ns          248821 1c0081c6 00a4222b p.sw             x10, 4(x8!)          x8=10000ebc x10:408fe9aa  x8:10000eb8  PA:10000eb8
14897543ns          248822 1c0081ca ff4419e3 bne              x8, x20, -14         x8:10000ebc x20:10000fd8
14897603ns          248825 1c0081bc 0049a50b p.lw             x10, 4(x19!)        x10=42431fe1 x19=1c010208 x19:1c010204  PA:1c010204
14897921ns          248841 1c0081c0 558000ef jal              x1, 1368             x1=1c0081c2
14897941ns          248842 1c008718 e00517d3 fclass.s         x15, f10            x15=00000040 f10:42431fe1
14897961ns          248843 1c00871c 0817f793 andi             x15, x15, 129       x15=00000000 x15:00000040
14897981ns          248844 1c008720 08079b63 bne              x15, x0, 150        x15:00000000
14898001ns          248845 1c008722 00000793 addi             x15, x0, 0          x15=00000000
14898021ns          248846 1c008726 a0f52753 feq.s            x14, f10, f15       x14=00000000 f10:42431fe1 f15:00000000
14898041ns          248847 1c00872a 08071163 bne              x14, x0, 130        x14:00000000
14898060ns          248848 1c00872c a0f507d3 fle.s            x15, f10, f15       x15=00000000 f10:42431fe1 f15:00000000
14898080ns          248849 1c008730 08079863 bne              x15, x0, 144        x15:00000000
14898100ns          248850 1c008732 a0a527d3 feq.s            x15, f10, f10       x15=00000001 f10:42431fe1 f10:42431fe1
14898120ns          248851 1c008736 08078563 beq              x15, x0, 138        x15:00000001
14898140ns          248852 1c008738 d17537b3 p.bclr           x15, x10, 8, 23     x15=00431fe1 x10:42431fe1
14898160ns          248853 1c00873c cb87c733 p.bset           x14, x15, 5, 24     x14=3f431fe1 x15:00431fe1
14898180ns          248854 1c008740 1c0006b7 lui              x13, 0x1c000000     x13=1c000000
14898200ns          248855 1c008744 1c0007b7 lui              x15, 0x1c000000     x15=1c000000
14898220ns          248856 1c008748 1306a683 lw               x13, 304(x13)       x13=c13c5fa8 x13:1c000000  PA:1c000130
14898538ns          248872 1c00874c 12c7a783 lw               x15, 300(x15)       x15=3ff7d7e5 x15:1c000000  PA:1c00012c
14898836ns          248887 1c008750 41755513 srai             x10, x10, 0x417     x10=00000084 x10:42431fe1
14898856ns          248888 1c008752 68e7f7c3 fmadd.s          f15, f15, f14, f13  f15=xxxxxxxx f15:3ff7d7e5 f14:3f431fe1 f13:c13c5fa8
14898876ns          248889 1c008756 1c0006b7 lui              x13, 0x1c000000     x13=1c000000
14898896ns          248890 1c00875a 1346a683 lw               x13, 308(x13)       x13=41fa6a03 x13:1c000000  PA:1c000134
14899214ns          248906 1c00875e f8250513 addi             x10, x10, -126      x10=00000006 x10:00000084
14899234ns          248907 1c008762 68e7f7c3 fmadd.s          f15, f15, f14, f13  f15=xxxxxxxx f15:c124c29e f14:3f431fe1 f13:41fa6a03
14899254ns          248908 1c008766 1c0006b7 lui              x13, 0x1c000000     x13=1c000000
14899274ns          248909 1c00876a 1386a683 lw               x13, 312(x13)       x13=c23f0e08 x13:1c000000  PA:1c000138
14899572ns          248924 1c00876e d0057553 fcvt.s.w         f10, x10            f10=xxxxxxxx x10:00000006
14899592ns          248925 1c008772 68e7f7c3 fmadd.s          f15, f15, f14, f13  f15=xxxxxxxx f15:41bb9fa2 f14:3f431fe1 f13:c23f0e08
14899612ns          248926 1c008776 1c0006b7 lui              x13, 0x1c000000     x13=1c000000
14899632ns          248927 1c00877a 13c6a683 lw               x13, 316(x13)       x13=42390412 x13:1c000000  PA:1c00013c
14899950ns          248943 1c00877e 68e7f7c3 fmadd.s          f15, f15, f14, f13  f15=xxxxxxxx f15:c1ef1a1a f14:3f431fe1 f13:42390412
14899970ns          248944 1c008782 1c0006b7 lui              x13, 0x1c000000     x13=1c000000
14899990ns          248945 1c008786 1406a683 lw               x13, 320(x13)       x13=c1efd21b x13:1c000000  PA:1c000140
14900328ns          248962 1c00878a 68e7f7c3 fmadd.s          f15, f15, f14, f13  f15=xxxxxxxx f15:41bbc97c f14:3f431fe1 f13:c1efd21b
14900348ns          248963 1c00878e 1c0006b7 lui              x13, 0x1c000000     x13=1c000000
14900368ns          248964 1c008792 1446a683 lw               x13, 324(x13)       x13=41644a86 x13:1c000000  PA:1c000144
14900686ns          248980 1c008796 68e7f7c3 fmadd.s          f15, f15, f14, f13  f15=xxxxxxxx f15:c141607e f14:3f431fe1 f13:41644a86
14900706ns          248981 1c00879a 1c0006b7 lui              x13, 0x1c000000     x13=1c000000
14900726ns          248982 1c00879e 1486a683 lw               x13, 328(x13)       x13=c087dba8 x13:1c000000  PA:1c000148
14901064ns          248999 1c0087a2 68e7f7c3 fmadd.s          f15, f15, f14, f13  f15=xxxxxxxx f15:40a1cbe3 f14:3f431fe1 f13:c087dba8
14901084ns          249000 1c0087a6 00a7f553 fadd.s           f10, f15, f10       f10=xxxxxxxx f15:bec89343 f10:40c00000
14901104ns          249001 1c0087aa 00008067 jalr             x0, x1, 0            x1:1c0081c2
14901163ns          249004 1c0081c2 11557553 fmul.s           f10, f10, f21       f10=xxxxxxxx f10:40b376cc f21:3f317218
14901183ns          249005 1c0081c6 00a4222b p.sw             x10, 4(x8!)          x8=10000ec0 x10:4078ca3e  x8:10000ebc  PA:10000ebc
14901203ns          249006 1c0081ca ff4419e3 bne              x8, x20, -14         x8:10000ec0 x20:10000fd8
14901263ns          249009 1c0081bc 0049a50b p.lw             x10, 4(x19!)        x10=429bafe9 x19=1c01020c x19:1c010208  PA:1c010208
14901561ns          249024 1c0081c0 558000ef jal              x1, 1368             x1=1c0081c2
14901581ns          249025 1c008718 e00517d3 fclass.s         x15, f10            x15=00000040 f10:429bafe9
14901601ns          249026 1c00871c 0817f793 andi             x15, x15, 129       x15=00000000 x15:00000040
14901621ns          249027 1c008720 08079b63 bne              x15, x0, 150        x15:00000000
14901641ns          249028 1c008722 00000793 addi             x15, x0, 0          x15=00000000
14901661ns          249029 1c008726 a0f52753 feq.s            x14, f10, f15       x14=00000000 f10:429bafe9 f15:00000000
14901681ns          249030 1c00872a 08071163 bne              x14, x0, 130        x14:00000000
14901700ns          249031 1c00872c a0f507d3 fle.s            x15, f10, f15       x15=00000000 f10:429bafe9 f15:00000000
14901720ns          249032 1c008730 08079863 bne              x15, x0, 144        x15:00000000
14901740ns          249033 1c008732 a0a527d3 feq.s            x15, f10, f10       x15=00000001 f10:429bafe9 f10:429bafe9
14901760ns          249034 1c008736 08078563 beq              x15, x0, 138        x15:00000001
14901780ns          249035 1c008738 d17537b3 p.bclr           x15, x10, 8, 23     x15=001bafe9 x10:429bafe9
14901800ns          249036 1c00873c cb87c733 p.bset           x14, x15, 5, 24     x14=3f1bafe9 x15:001bafe9
14901820ns          249037 1c008740 1c0006b7 lui              x13, 0x1c000000     x13=1c000000
14901840ns          249038 1c008744 1c0007b7 lui              x15, 0x1c000000     x15=1c000000
14901860ns          249039 1c008748 1306a683 lw               x13, 304(x13)       x13=c13c5fa8 x13:1c000000  PA:1c000130
14902158ns          249054 1c00874c 12c7a783 lw               x15, 300(x15)       x15=3ff7d7e5 x15:1c000000  PA:1c00012c
14902456ns          249069 1c008750 41755513 srai             x10, x10, 0x417     x10=00000085 x10:429bafe9
14902476ns          249070 1c008752 68e7f7c3 fmadd.s          f15, f15, f14, f13  f15=xxxxxxxx f15:3ff7d7e5 f14:3f1bafe9 f13:c13c5fa8
14902496ns          249071 1c008756 1c0006b7 lui              x13, 0x1c000000     x13=1c000000
14902516ns          249072 1c00875a 1346a683 lw               x13, 308(x13)       x13=41fa6a03 x13:1c000000  PA:1c000134
14902814ns          249087 1c00875e f8250513 addi             x10, x10, -126      x10=00000007 x10:00000085
14902834ns          249088 1c008762 68e7f7c3 fmadd.s          f15, f15, f14, f13  f15=xxxxxxxx f15:c1298867 f14:3f1bafe9 f13:41fa6a03
14902854ns          249089 1c008766 1c0006b7 lui              x13, 0x1c000000     x13=1c000000
14902874ns          249090 1c00876a 1386a683 lw               x13, 312(x13)       x13=c23f0e08 x13:1c000000  PA:1c000138
14903192ns          249106 1c00876e d0057553 fcvt.s.w         f10, x10            f10=xxxxxxxx x10:00000007
14903212ns          249107 1c008772 68e7f7c3 fmadd.s          f15, f15, f14, f13  f15=xxxxxxxx f15:41c6dcf9 f14:3f1bafe9 f13:c23f0e08
14903232ns          249108 1c008776 1c0006b7 lui              x13, 0x1c000000     x13=1c000000
14903252ns          249109 1c00877a 13c6a683 lw               x13, 316(x13)       x13=42390412 x13:1c000000  PA:1c00013c
14903590ns          249126 1c00877e 68e7f7c3 fmadd.s          f15, f15, f14, f13  f15=xxxxxxxx f15:c20295d0 f14:3f1bafe9 f13:42390412
14903610ns          249127 1c008782 1c0006b7 lui              x13, 0x1c000000     x13=1c000000
14903630ns          249128 1c008786 1406a683 lw               x13, 320(x13)       x13=c1efd21b x13:1c000000  PA:1c000140
14903948ns          249144 1c00878a 68e7f7c3 fmadd.s          f15, f15, f14, f13  f15=xxxxxxxx f15:41d33344 f14:3f1bafe9 f13:c1efd21b
14903968ns          249145 1c00878e 1c0006b7 lui              x13, 0x1c000000     x13=1c000000
14903988ns          249146 1c008792 1446a683 lw               x13, 324(x13)       x13=41644a86 x13:1c000000  PA:1c000144
14904306ns          249162 1c008796 68e7f7c3 fmadd.s          f15, f15, f14, f13  f15=xxxxxxxx f15:c15ec1e1 f14:3f1bafe9 f13:41644a86
14904326ns          249163 1c00879a 1c0006b7 lui              x13, 0x1c000000     x13=1c000000
14904346ns          249164 1c00879e 1486a683 lw               x13, 328(x13)       x13=c087dba8 x13:1c000000  PA:1c000148
14904664ns          249180 1c0087a2 68e7f7c3 fmadd.s          f15, f15, f14, f13  f15=xxxxxxxx f15:40b9a423 f14:3f1bafe9 f13:c087dba8
14904684ns          249181 1c0087a6 00a7f553 fadd.s           f10, f15, f10       f10=xxxxxxxx f15:bf37adb5 f10:40e00000
14904704ns          249182 1c0087aa 00008067 jalr             x0, x1, 0            x1:1c0081c2
14904764ns          249185 1c0081c2 11557553 fmul.s           f10, f10, f21       f10=xxxxxxxx f10:40c90a49 f21:3f317218
14904784ns          249186 1c0081c6 00a4222b p.sw             x10, 4(x8!)          x8=10000ec4 x10:408b59b6  x8:10000ec0  PA:10000ec0
14904803ns          249187 1c0081ca ff4419e3 bne              x8, x20, -14         x8:10000ec4 x20:10000fd8
14904863ns          249190 1c0081bc 0049a50b p.lw             x10, 4(x19!)        x10=42515820 x19=1c010210 x19:1c01020c  PA:1c01020c
14905161ns          249205 1c0081c0 558000ef jal              x1, 1368             x1=1c0081c2
14905181ns          249206 1c008718 e00517d3 fclass.s         x15, f10            x15=00000040 f10:42515820
14905201ns          249207 1c00871c 0817f793 andi             x15, x15, 129       x15=00000000 x15:00000040
14905221ns          249208 1c008720 08079b63 bne              x15, x0, 150        x15:00000000
14905241ns          249209 1c008722 00000793 addi             x15, x0, 0          x15=00000000
14905261ns          249210 1c008726 a0f52753 feq.s            x14, f10, f15       x14=00000000 f10:42515820 f15:00000000
14905281ns          249211 1c00872a 08071163 bne              x14, x0, 130        x14:00000000
14905301ns          249212 1c00872c a0f507d3 fle.s            x15, f10, f15       x15=00000000 f10:42515820 f15:00000000
14905321ns          249213 1c008730 08079863 bne              x15, x0, 144        x15:00000000
14905340ns          249214 1c008732 a0a527d3 feq.s            x15, f10, f10       x15=00000001 f10:42515820 f10:42515820
14905360ns          249215 1c008736 08078563 beq              x15, x0, 138        x15:00000001
14905380ns          249216 1c008738 d17537b3 p.bclr           x15, x10, 8, 23     x15=00515820 x10:42515820
14905400ns          249217 1c00873c cb87c733 p.bset           x14, x15, 5, 24     x14=3f515820 x15:00515820
14905420ns          249218 1c008740 1c0006b7 lui              x13, 0x1c000000     x13=1c000000
14905440ns          249219 1c008744 1c0007b7 lui              x15, 0x1c000000     x15=1c000000
14905460ns          249220 1c008748 1306a683 lw               x13, 304(x13)       x13=c13c5fa8 x13:1c000000  PA:1c000130
14905798ns          249237 1c00874c 12c7a783 lw               x15, 300(x15)       x15=3ff7d7e5 x15:1c000000  PA:1c00012c
14906096ns          249252 1c008750 41755513 srai             x10, x10, 0x417     x10=00000084 x10:42515820
14906116ns          249253 1c008752 68e7f7c3 fmadd.s          f15, f15, f14, f13  f15=xxxxxxxx f15:3ff7d7e5 f14:3f515820 f13:c13c5fa8
14906136ns          249254 1c008756 1c0006b7 lui              x13, 0x1c000000     x13=1c000000
14906156ns          249255 1c00875a 1346a683 lw               x13, 308(x13)       x13=41fa6a03 x13:1c000000  PA:1c000134
14906454ns          249270 1c00875e f8250513 addi             x10, x10, -126      x10=00000006 x10:00000084
14906474ns          249271 1c008762 68e7f7c3 fmadd.s          f15, f15, f14, f13  f15=xxxxxxxx f15:c1230a16 f14:3f515820 f13:41fa6a03
14906494ns          249272 1c008766 1c0006b7 lui              x13, 0x1c000000     x13=1c000000
14906514ns          249273 1c00876a 1386a683 lw               x13, 312(x13)       x13=c23f0e08 x13:1c000000  PA:1c000138
14906812ns          249288 1c00876e d0057553 fcvt.s.w         f10, x10            f10=xxxxxxxx x10:00000006
14906832ns          249289 1c008772 68e7f7c3 fmadd.s          f15, f15, f14, f13  f15=xxxxxxxx f15:41b7c055 f14:3f515820 f13:c23f0e08
14906852ns          249290 1c008776 1c0006b7 lui              x13, 0x1c000000     x13=1c000000
14906872ns          249291 1c00877a 13c6a683 lw               x13, 316(x13)       x13=42390412 x13:1c000000  PA:1c00013c
14907230ns          249309 1c00877e 68e7f7c3 fmadd.s          f15, f15, f14, f13  f15=xxxxxxxx f15:c1e7d8ca f14:3f515820 f13:42390412
14907250ns          249310 1c008782 1c0006b7 lui              x13, 0x1c000000     x13=1c000000
14907270ns          249311 1c008786 1406a683 lw               x13, 320(x13)       x13=c1efd21b x13:1c000000  PA:1c000140
14907588ns          249327 1c00878a 68e7f7c3 fmadd.s          f15, f15, f14, f13  f15=xxxxxxxx f15:41b47058 f14:3f515820 f13:c1efd21b
14907608ns          249328 1c00878e 1c0006b7 lui              x13, 0x1c000000     x13=1c000000
14907628ns          249329 1c008792 1446a683 lw               x13, 324(x13)       x13=41644a86 x13:1c000000  PA:1c000144
14907946ns          249345 1c008796 68e7f7c3 fmadd.s          f15, f15, f14, f13  f15=xxxxxxxx f15:c138888c f14:3f515820 f13:41644a86
14907966ns          249346 1c00879a 1c0006b7 lui              x13, 0x1c000000     x13=1c000000
14907986ns          249347 1c00879e 1486a683 lw               x13, 328(x13)       x13=c087dba8 x13:1c000000  PA:1c000148
14908324ns          249364 1c0087a2 68e7f7c3 fmadd.s          f15, f15, f14, f13  f15=xxxxxxxx f15:409ac70b f14:3f515820 f13:c087dba8
14908344ns          249365 1c0087a6 00a7f553 fadd.s           f10, f15, f10       f10=xxxxxxxx f15:be949e04 f10:40c00000
14908364ns          249366 1c0087aa 00008067 jalr             x0, x1, 0            x1:1c0081c2
14908424ns          249369 1c0081c2 11557553 fmul.s           f10, f10, f21       f10=xxxxxxxx f10:40b6b620 f21:3f317218
14908443ns          249370 1c0081c6 00a4222b p.sw             x10, 4(x8!)          x8=10000ec8 x10:407d4ab5  x8:10000ec4  PA:10000ec4
14908463ns          249371 1c0081ca ff4419e3 bne              x8, x20, -14         x8:10000ec8 x20:10000fd8
14908523ns          249374 1c0081bc 0049a50b p.lw             x10, 4(x19!)        x10=42a7d238 x19=1c010214 x19:1c010210  PA:1c010210
14908821ns          249389 1c0081c0 558000ef jal              x1, 1368             x1=1c0081c2
14908841ns          249390 1c008718 e00517d3 fclass.s         x15, f10            x15=00000040 f10:42a7d238
14908861ns          249391 1c00871c 0817f793 andi             x15, x15, 129       x15=00000000 x15:00000040
14908881ns          249392 1c008720 08079b63 bne              x15, x0, 150        x15:00000000
14908901ns          249393 1c008722 00000793 addi             x15, x0, 0          x15=00000000
14908921ns          249394 1c008726 a0f52753 feq.s            x14, f10, f15       x14=00000000 f10:42a7d238 f15:00000000
14908941ns          249395 1c00872a 08071163 bne              x14, x0, 130        x14:00000000
14908961ns          249396 1c00872c a0f507d3 fle.s            x15, f10, f15       x15=00000000 f10:42a7d238 f15:00000000
14908980ns          249397 1c008730 08079863 bne              x15, x0, 144        x15:00000000
14909000ns          249398 1c008732 a0a527d3 feq.s            x15, f10, f10       x15=00000001 f10:42a7d238 f10:42a7d238
14909020ns          249399 1c008736 08078563 beq              x15, x0, 138        x15:00000001
14909040ns          249400 1c008738 d17537b3 p.bclr           x15, x10, 8, 23     x15=0027d238 x10:42a7d238
14909060ns          249401 1c00873c cb87c733 p.bset           x14, x15, 5, 24     x14=3f27d238 x15:0027d238
14909080ns          249402 1c008740 1c0006b7 lui              x13, 0x1c000000     x13=1c000000
14909100ns          249403 1c008744 1c0007b7 lui              x15, 0x1c000000     x15=1c000000
14909120ns          249404 1c008748 1306a683 lw               x13, 304(x13)       x13=c13c5fa8 x13:1c000000  PA:1c000130
14909418ns          249419 1c00874c 12c7a783 lw               x15, 300(x15)       x15=3ff7d7e5 x15:1c000000  PA:1c00012c
14909716ns          249434 1c008750 41755513 srai             x10, x10, 0x417     x10=00000085 x10:42a7d238
14909736ns          249435 1c008752 68e7f7c3 fmadd.s          f15, f15, f14, f13  f15=xxxxxxxx f15:3ff7d7e5 f14:3f27d238 f13:c13c5fa8
14909756ns          249436 1c008756 1c0006b7 lui              x13, 0x1c000000     x13=1c000000
14909776ns          249437 1c00875a 1346a683 lw               x13, 308(x13)       x13=41fa6a03 x13:1c000000  PA:1c000134
14910074ns          249452 1c00875e f8250513 addi             x10, x10, -126      x10=00000007 x10:00000085
14910094ns          249453 1c008762 68e7f7c3 fmadd.s          f15, f15, f14, f13  f15=xxxxxxxx f15:c128107d f14:3f27d238 f13:41fa6a03
14910114ns          249454 1c008766 1c0006b7 lui              x13, 0x1c000000     x13=1c000000
14910134ns          249455 1c00876a 1386a683 lw               x13, 312(x13)       x13=c23f0e08 x13:1c000000  PA:1c000138
14910432ns          249470 1c00876e d0057553 fcvt.s.w         f10, x10            f10=xxxxxxxx x10:00000007
14910452ns          249471 1c008772 68e7f7c3 fmadd.s          f15, f15, f14, f13  f15=xxxxxxxx f15:41c353a1 f14:3f27d238 f13:c23f0e08
14910472ns          249472 1c008776 1c0006b7 lui              x13, 0x1c000000     x13=1c000000
14910492ns          249473 1c00877a 13c6a683 lw               x13, 316(x13)       x13=42390412 x13:1c000000  PA:1c00013c
14910810ns          249489 1c00877e 68e7f7c3 fmadd.s          f15, f15, f14, f13  f15=xxxxxxxx f15:c1fe101d f14:3f27d238 f13:42390412
14910830ns          249490 1c008782 1c0006b7 lui              x13, 0x1c000000     x13=1c000000
14910850ns          249491 1c008786 1406a683 lw               x13, 320(x13)       x13=c1efd21b x13:1c000000  PA:1c000140
14911188ns          249508 1c00878a 68e7f7c3 fmadd.s          f15, f15, f14, f13  f15=xxxxxxxx f15:41cb7b00 f14:3f27d238 f13:c1efd21b
14911208ns          249509 1c00878e 1c0006b7 lui              x13, 0x1c000000     x13=1c000000
14911228ns          249510 1c008792 1446a683 lw               x13, 324(x13)       x13=41644a86 x13:1c000000  PA:1c000144
14911546ns          249526 1c008796 68e7f7c3 fmadd.s          f15, f15, f14, f13  f15=xxxxxxxx f15:c154db8d f14:3f27d238 f13:41644a86
14911566ns          249527 1c00879a 1c0006b7 lui              x13, 0x1c000000     x13=1c000000
14911586ns          249528 1c00879e 1486a683 lw               x13, 328(x13)       x13=c087dba8 x13:1c000000  PA:1c000148
14911924ns          249545 1c0087a2 68e7f7c3 fmadd.s          f15, f15, f14, f13  f15=xxxxxxxx f15:40b18105 f14:3f27d238 f13:c087dba8
14911944ns          249546 1c0087a6 00a7f553 fadd.s           f10, f15, f10       f10=xxxxxxxx f15:bf1bf5d9 f10:40e00000
14911964ns          249547 1c0087aa 00008067 jalr             x0, x1, 0            x1:1c0081c2
14912024ns          249550 1c0081c2 11557553 fmul.s           f10, f10, f21       f10=xxxxxxxx f10:40cc8145 f21:3f317218
14912044ns          249551 1c0081c6 00a4222b p.sw             x10, 4(x8!)          x8=10000ecc x10:408dc085  x8:10000ec8  PA:10000ec8
14912064ns          249552 1c0081ca ff4419e3 bne              x8, x20, -14         x8:10000ecc x20:10000fd8
14912123ns          249555 1c0081bc 0049a50b p.lw             x10, 4(x19!)        x10=415c9136 x19=1c010218 x19:1c010214  PA:1c010214
14912441ns          249571 1c0081c0 558000ef jal              x1, 1368             x1=1c0081c2
14912461ns          249572 1c008718 e00517d3 fclass.s         x15, f10            x15=00000040 f10:415c9136
14912481ns          249573 1c00871c 0817f793 andi             x15, x15, 129       x15=00000000 x15:00000040
14912501ns          249574 1c008720 08079b63 bne              x15, x0, 150        x15:00000000
14912521ns          249575 1c008722 00000793 addi             x15, x0, 0          x15=00000000
14912541ns          249576 1c008726 a0f52753 feq.s            x14, f10, f15       x14=00000000 f10:415c9136 f15:00000000
14912561ns          249577 1c00872a 08071163 bne              x14, x0, 130        x14:00000000
14912581ns          249578 1c00872c a0f507d3 fle.s            x15, f10, f15       x15=00000000 f10:415c9136 f15:00000000
14912601ns          249579 1c008730 08079863 bne              x15, x0, 144        x15:00000000
14912620ns          249580 1c008732 a0a527d3 feq.s            x15, f10, f10       x15=00000001 f10:415c9136 f10:415c9136
14912640ns          249581 1c008736 08078563 beq              x15, x0, 138        x15:00000001
14912660ns          249582 1c008738 d17537b3 p.bclr           x15, x10, 8, 23     x15=005c9136 x10:415c9136
14912680ns          249583 1c00873c cb87c733 p.bset           x14, x15, 5, 24     x14=3f5c9136 x15:005c9136
14912700ns          249584 1c008740 1c0006b7 lui              x13, 0x1c000000     x13=1c000000
14912720ns          249585 1c008744 1c0007b7 lui              x15, 0x1c000000     x15=1c000000
14912740ns          249586 1c008748 1306a683 lw               x13, 304(x13)       x13=c13c5fa8 x13:1c000000  PA:1c000130
14913038ns          249601 1c00874c 12c7a783 lw               x15, 300(x15)       x15=3ff7d7e5 x15:1c000000  PA:1c00012c
14913337ns          249616 1c008750 41755513 srai             x10, x10, 0x417     x10=00000082 x10:415c9136
14913356ns          249617 1c008752 68e7f7c3 fmadd.s          f15, f15, f14, f13  f15=xxxxxxxx f15:3ff7d7e5 f14:3f5c9136 f13:c13c5fa8
14913376ns          249618 1c008756 1c0006b7 lui              x13, 0x1c000000     x13=1c000000
14913396ns          249619 1c00875a 1346a683 lw               x13, 308(x13)       x13=41fa6a03 x13:1c000000  PA:1c000134
14913695ns          249634 1c00875e f8250513 addi             x10, x10, -126      x10=00000004 x10:00000082
14913714ns          249635 1c008762 68e7f7c3 fmadd.s          f15, f15, f14, f13  f15=xxxxxxxx f15:c121ae64 f14:3f5c9136 f13:41fa6a03
14913734ns          249636 1c008766 1c0006b7 lui              x13, 0x1c000000     x13=1c000000
14913754ns          249637 1c00876a 1386a683 lw               x13, 312(x13)       x13=c23f0e08 x13:1c000000  PA:1c000138
14914053ns          249652 1c00876e d0057553 fcvt.s.w         f10, x10            f10=xxxxxxxx x10:00000004
14914073ns          249653 1c008772 68e7f7c3 fmadd.s          f15, f15, f14, f13  f15=xxxxxxxx f15:41b4c339 f14:3f5c9136 f13:c23f0e08
14914092ns          249654 1c008776 1c0006b7 lui              x13, 0x1c000000     x13=1c000000
14914112ns          249655 1c00877a 13c6a683 lw               x13, 316(x13)       x13=42390412 x13:1c000000  PA:1c00013c
14914431ns          249671 1c00877e 68e7f7c3 fmadd.s          f15, f15, f14, f13  f15=xxxxxxxx f15:c1e25dc2 f14:3f5c9136 f13:42390412
14914450ns          249672 1c008782 1c0006b7 lui              x13, 0x1c000000     x13=1c000000
14914470ns          249673 1c008786 1406a683 lw               x13, 320(x13)       x13=c1efd21b x13:1c000000  PA:1c000140
14914789ns          249689 1c00878a 68e7f7c3 fmadd.s          f15, f15, f14, f13  f15=xxxxxxxx f15:41aeff2a f14:3f5c9136 f13:c1efd21b
14914808ns          249690 1c00878e 1c0006b7 lui              x13, 0x1c000000     x13=1c000000
14914828ns          249691 1c008792 1446a683 lw               x13, 324(x13)       x13=41644a86 x13:1c000000  PA:1c000144
14915166ns          249708 1c008796 68e7f7c3 fmadd.s          f15, f15, f14, f13  f15=xxxxxxxx f15:c132171f f14:3f5c9136 f13:41644a86
14915186ns          249709 1c00879a 1c0006b7 lui              x13, 0x1c000000     x13=1c000000
14915206ns          249710 1c00879e 1486a683 lw               x13, 328(x13)       x13=c087dba8 x13:1c000000  PA:1c000148
14915525ns          249726 1c0087a2 68e7f7c3 fmadd.s          f15, f15, f14, f13  f15=xxxxxxxx f15:4095b345 f14:3f5c9136 f13:c087dba8
14915544ns          249727 1c0087a6 00a7f553 fadd.s           f10, f15, f10       f10=xxxxxxxx f15:be5c15d3 f10:40800000
14915564ns          249728 1c0087aa 00008067 jalr             x0, x1, 0            x1:1c0081c2
14915624ns          249731 1c0081c2 11557553 fmul.s           f10, f10, f21       f10=xxxxxxxx f10:40723ea3 f21:3f317218
14915644ns          249732 1c0081c6 00a4222b p.sw             x10, 4(x8!)          x8=10000ed0 x10:4027e945  x8:10000ecc  PA:10000ecc
14915664ns          249733 1c0081ca ff4419e3 bne              x8, x20, -14         x8:10000ed0 x20:10000fd8
14915723ns          249736 1c0081bc 0049a50b p.lw             x10, 4(x19!)        x10=427d5790 x19=1c01021c x19:1c010218  PA:1c010218
14916022ns          249751 1c0081c0 558000ef jal              x1, 1368             x1=1c0081c2
14916042ns          249752 1c008718 e00517d3 fclass.s         x15, f10            x15=00000040 f10:427d5790
14916062ns          249753 1c00871c 0817f793 andi             x15, x15, 129       x15=00000000 x15:00000040
14916081ns          249754 1c008720 08079b63 bne              x15, x0, 150        x15:00000000
14916101ns          249755 1c008722 00000793 addi             x15, x0, 0          x15=00000000
14916121ns          249756 1c008726 a0f52753 feq.s            x14, f10, f15       x14=00000000 f10:427d5790 f15:00000000
14916141ns          249757 1c00872a 08071163 bne              x14, x0, 130        x14:00000000
14916161ns          249758 1c00872c a0f507d3 fle.s            x15, f10, f15       x15=00000000 f10:427d5790 f15:00000000
14916181ns          249759 1c008730 08079863 bne              x15, x0, 144        x15:00000000
14916201ns          249760 1c008732 a0a527d3 feq.s            x15, f10, f10       x15=00000001 f10:427d5790 f10:427d5790
14916221ns          249761 1c008736 08078563 beq              x15, x0, 138        x15:00000001
14916241ns          249762 1c008738 d17537b3 p.bclr           x15, x10, 8, 23     x15=007d5790 x10:427d5790
14916260ns          249763 1c00873c cb87c733 p.bset           x14, x15, 5, 24     x14=3f7d5790 x15:007d5790
14916280ns          249764 1c008740 1c0006b7 lui              x13, 0x1c000000     x13=1c000000
14916300ns          249765 1c008744 1c0007b7 lui              x15, 0x1c000000     x15=1c000000
14916320ns          249766 1c008748 1306a683 lw               x13, 304(x13)       x13=c13c5fa8 x13:1c000000  PA:1c000130
14916619ns          249781 1c00874c 12c7a783 lw               x15, 300(x15)       x15=3ff7d7e5 x15:1c000000  PA:1c00012c
14916917ns          249796 1c008750 41755513 srai             x10, x10, 0x417     x10=00000084 x10:427d5790
14916937ns          249797 1c008752 68e7f7c3 fmadd.s          f15, f15, f14, f13  f15=xxxxxxxx f15:3ff7d7e5 f14:3f7d5790 f13:c13c5fa8
14916957ns          249798 1c008756 1c0006b7 lui              x13, 0x1c000000     x13=1c000000
14916977ns          249799 1c00875a 1346a683 lw               x13, 308(x13)       x13=41fa6a03 x13:1c000000  PA:1c000134
14917275ns          249814 1c00875e f8250513 addi             x10, x10, -126      x10=00000006 x10:00000084
14917295ns          249815 1c008762 68e7f7c3 fmadd.s          f15, f15, f14, f13  f15=xxxxxxxx f15:c11db704 f14:3f7d5790 f13:41fa6a03
14917315ns          249816 1c008766 1c0006b7 lui              x13, 0x1c000000     x13=1c000000
14917335ns          249817 1c00876a 1386a683 lw               x13, 312(x13)       x13=c23f0e08 x13:1c000000  PA:1c000138
14917633ns          249832 1c00876e d0057553 fcvt.s.w         f10, x10            f10=xxxxxxxx x10:00000006
14917653ns          249833 1c008772 68e7f7c3 fmadd.s          f15, f15, f14, f13  f15=xxxxxxxx f15:41ac601b f14:3f7d5790 f13:c23f0e08
14917673ns          249834 1c008776 1c0006b7 lui              x13, 0x1c000000     x13=1c000000
14917693ns          249835 1c00877a 13c6a683 lw               x13, 316(x13)       x13=42390412 x13:1c000000  PA:1c00013c
14918011ns          249851 1c00877e 68e7f7c3 fmadd.s          f15, f15, f14, f13  f15=xxxxxxxx f15:c1d38620 f14:3f7d5790 f13:42390412
14918031ns          249852 1c008782 1c0006b7 lui              x13, 0x1c000000     x13=1c000000
14918051ns          249853 1c008786 1406a683 lw               x13, 320(x13)       x13=c1efd21b x13:1c000000  PA:1c000140
14918389ns          249870 1c00878a 68e7f7c3 fmadd.s          f15, f15, f14, f13  f15=xxxxxxxx f15:41a0b43d f14:3f7d5790 f13:c1efd21b
14918409ns          249871 1c00878e 1c0006b7 lui              x13, 0x1c000000     x13=1c000000
14918429ns          249872 1c008792 1446a683 lw               x13, 324(x13)       x13=41644a86 x13:1c000000  PA:1c000144
14918747ns          249888 1c008796 68e7f7c3 fmadd.s          f15, f15, f14, f13  f15=xxxxxxxx f15:c1219206 f14:3f7d5790 f13:41644a86
14918767ns          249889 1c00879a 1c0006b7 lui              x13, 0x1c000000     x13=1c000000
14918787ns          249890 1c00879e 1486a683 lw               x13, 328(x13)       x13=c087dba8 x13:1c000000  PA:1c000148
14919125ns          249907 1c0087a2 68e7f7c3 fmadd.s          f15, f15, f14, f13  f15=xxxxxxxx f15:4088cbe5 f14:3f7d5790 f13:c087dba8
14919145ns          249908 1c0087a6 00a7f553 fadd.s           f10, f15, f10       f10=xxxxxxxx f15:bc76b8e3 f10:40c00000
14919165ns          249909 1c0087aa 00008067 jalr             x0, x1, 0            x1:1c0081c2
14919224ns          249912 1c0081c2 11557553 fmul.s           f10, f10, f21       f10=xxxxxxxx f10:40bf84a4 f21:3f317218
14919244ns          249913 1c0081c6 00a4222b p.sw             x10, 4(x8!)          x8=10000ed4 x10:4084c010  x8:10000ed0  PA:10000ed0
14919264ns          249914 1c0081ca ff4419e3 bne              x8, x20, -14         x8:10000ed4 x20:10000fd8
14919324ns          249917 1c0081bc 0049a50b p.lw             x10, 4(x19!)        x10=42a3e274 x19=1c010220 x19:1c01021c  PA:1c01021c
14919622ns          249932 1c0081c0 558000ef jal              x1, 1368             x1=1c0081c2
14919642ns          249933 1c008718 e00517d3 fclass.s         x15, f10            x15=00000040 f10:42a3e274
14919662ns          249934 1c00871c 0817f793 andi             x15, x15, 129       x15=00000000 x15:00000040
14919682ns          249935 1c008720 08079b63 bne              x15, x0, 150        x15:00000000
14919702ns          249936 1c008722 00000793 addi             x15, x0, 0          x15=00000000
14919721ns          249937 1c008726 a0f52753 feq.s            x14, f10, f15       x14=00000000 f10:42a3e274 f15:00000000
14919741ns          249938 1c00872a 08071163 bne              x14, x0, 130        x14:00000000
14919761ns          249939 1c00872c a0f507d3 fle.s            x15, f10, f15       x15=00000000 f10:42a3e274 f15:00000000
14919781ns          249940 1c008730 08079863 bne              x15, x0, 144        x15:00000000
14919801ns          249941 1c008732 a0a527d3 feq.s            x15, f10, f10       x15=00000001 f10:42a3e274 f10:42a3e274
14919821ns          249942 1c008736 08078563 beq              x15, x0, 138        x15:00000001
14919841ns          249943 1c008738 d17537b3 p.bclr           x15, x10, 8, 23     x15=0023e274 x10:42a3e274
14919861ns          249944 1c00873c cb87c733 p.bset           x14, x15, 5, 24     x14=3f23e274 x15:0023e274
14919881ns          249945 1c008740 1c0006b7 lui              x13, 0x1c000000     x13=1c000000
14919900ns          249946 1c008744 1c0007b7 lui              x15, 0x1c000000     x15=1c000000
14919920ns          249947 1c008748 1306a683 lw               x13, 304(x13)       x13=c13c5fa8 x13:1c000000  PA:1c000130
14920219ns          249962 1c00874c 12c7a783 lw               x15, 300(x15)       x15=3ff7d7e5 x15:1c000000  PA:1c00012c
14920537ns          249978 1c008750 41755513 srai             x10, x10, 0x417     x10=00000085 x10:42a3e274
14920557ns          249979 1c008752 68e7f7c3 fmadd.s          f15, f15, f14, f13  f15=xxxxxxxx f15:3ff7d7e5 f14:3f23e274 f13:c13c5fa8
14920577ns          249980 1c008756 1c0006b7 lui              x13, 0x1c000000     x13=1c000000
14920597ns          249981 1c00875a 1346a683 lw               x13, 308(x13)       x13=41fa6a03 x13:1c000000  PA:1c000134
14920895ns          249996 1c00875e f8250513 addi             x10, x10, -126      x10=00000007 x10:00000085
14920915ns          249997 1c008762 68e7f7c3 fmadd.s          f15, f15, f14, f13  f15=xxxxxxxx f15:c1288a72 f14:3f23e274 f13:41fa6a03
14920935ns          249998 1c008766 1c0006b7 lui              x13, 0x1c000000     x13=1c000000
14920955ns          249999 1c00876a 1386a683 lw               x13, 312(x13)       x13=c23f0e08 x13:1c000000  PA:1c000138
14921273ns          250015 1c00876e d0057553 fcvt.s.w         f10, x10            f10=xxxxxxxx x10:00000007
14921293ns          250016 1c008772 68e7f7c3 fmadd.s          f15, f15, f14, f13  f15=xxxxxxxx f15:41c47764 f14:3f23e274 f13:c23f0e08
14921313ns          250017 1c008776 1c0006b7 lui              x13, 0x1c000000     x13=1c000000
14921333ns          250018 1c00877a 13c6a683 lw               x13, 316(x13)       x13=42390412 x13:1c000000  PA:1c00013c
14921651ns          250034 1c00877e 68e7f7c3 fmadd.s          f15, f15, f14, f13  f15=xxxxxxxx f15:c2002b20 f14:3f23e274 f13:42390412
14921671ns          250035 1c008782 1c0006b7 lui              x13, 0x1c000000     x13=1c000000
14921691ns          250036 1c008786 1406a683 lw               x13, 320(x13)       x13=c1efd21b x13:1c000000  PA:1c000140
14922009ns          250052 1c00878a 68e7f7c3 fmadd.s          f15, f15, f14, f13  f15=xxxxxxxx f15:41cdee79 f14:3f23e274 f13:c1efd21b
14922029ns          250053 1c00878e 1c0006b7 lui              x13, 0x1c000000     x13=1c000000
14922049ns          250054 1c008792 1446a683 lw               x13, 324(x13)       x13=41644a86 x13:1c000000  PA:1c000144
14922367ns          250070 1c008796 68e7f7c3 fmadd.s          f15, f15, f14, f13  f15=xxxxxxxx f15:c157fa34 f14:3f23e274 f13:41644a86
14922387ns          250071 1c00879a 1c0006b7 lui              x13, 0x1c000000     x13=1c000000
14922407ns          250072 1c00879e 1486a683 lw               x13, 328(x13)       x13=c087dba8 x13:1c000000  PA:1c000148
14922725ns          250088 1c0087a2 68e7f7c3 fmadd.s          f15, f15, f14, f13  f15=xxxxxxxx f15:40b40e54 f14:3f23e274 f13:c087dba8
14922745ns          250089 1c0087a6 00a7f553 fadd.s           f10, f15, f10       f10=xxxxxxxx f15:bf24ba12 f10:40e00000
14922765ns          250090 1c0087aa 00008067 jalr             x0, x1, 0            x1:1c0081c2
14922824ns          250093 1c0081c2 11557553 fmul.s           f10, f10, f21       f10=xxxxxxxx f10:40cb68be f21:3f317218
14922844ns          250094 1c0081c6 00a4222b p.sw             x10, 4(x8!)          x8=10000ed8 x10:408cfe13  x8:10000ed4  PA:10000ed4
14922864ns          250095 1c0081ca ff4419e3 bne              x8, x20, -14         x8:10000ed8 x20:10000fd8
14922924ns          250098 1c0081bc 0049a50b p.lw             x10, 4(x19!)        x10=412c99b4 x19=1c010224 x19:1c010220  PA:1c010220
14923222ns          250113 1c0081c0 558000ef jal              x1, 1368             x1=1c0081c2
14923242ns          250114 1c008718 e00517d3 fclass.s         x15, f10            x15=00000040 f10:412c99b4
14923262ns          250115 1c00871c 0817f793 andi             x15, x15, 129       x15=00000000 x15:00000040
14923282ns          250116 1c008720 08079b63 bne              x15, x0, 150        x15:00000000
14923302ns          250117 1c008722 00000793 addi             x15, x0, 0          x15=00000000
14923322ns          250118 1c008726 a0f52753 feq.s            x14, f10, f15       x14=00000000 f10:412c99b4 f15:00000000
14923342ns          250119 1c00872a 08071163 bne              x14, x0, 130        x14:00000000
14923361ns          250120 1c00872c a0f507d3 fle.s            x15, f10, f15       x15=00000000 f10:412c99b4 f15:00000000
14923381ns          250121 1c008730 08079863 bne              x15, x0, 144        x15:00000000
14923401ns          250122 1c008732 a0a527d3 feq.s            x15, f10, f10       x15=00000001 f10:412c99b4 f10:412c99b4
14923421ns          250123 1c008736 08078563 beq              x15, x0, 138        x15:00000001
14923441ns          250124 1c008738 d17537b3 p.bclr           x15, x10, 8, 23     x15=002c99b4 x10:412c99b4
14923461ns          250125 1c00873c cb87c733 p.bset           x14, x15, 5, 24     x14=3f2c99b4 x15:002c99b4
14923481ns          250126 1c008740 1c0006b7 lui              x13, 0x1c000000     x13=1c000000
14923501ns          250127 1c008744 1c0007b7 lui              x15, 0x1c000000     x15=1c000000
14923521ns          250128 1c008748 1306a683 lw               x13, 304(x13)       x13=c13c5fa8 x13:1c000000  PA:1c000130
14923819ns          250143 1c00874c 12c7a783 lw               x15, 300(x15)       x15=3ff7d7e5 x15:1c000000  PA:1c00012c
14924117ns          250158 1c008750 41755513 srai             x10, x10, 0x417     x10=00000082 x10:412c99b4
14924137ns          250159 1c008752 68e7f7c3 fmadd.s          f15, f15, f14, f13  f15=xxxxxxxx f15:3ff7d7e5 f14:3f2c99b4 f13:c13c5fa8
14924157ns          250160 1c008756 1c0006b7 lui              x13, 0x1c000000     x13=1c000000
14924177ns          250161 1c00875a 1346a683 lw               x13, 308(x13)       x13=41fa6a03 x13:1c000000  PA:1c000134
14924495ns          250177 1c00875e f8250513 addi             x10, x10, -126      x10=00000004 x10:00000082
14924515ns          250178 1c008762 68e7f7c3 fmadd.s          f15, f15, f14, f13  f15=xxxxxxxx f15:c1277c6c f14:3f2c99b4 f13:41fa6a03
14924535ns          250179 1c008766 1c0006b7 lui              x13, 0x1c000000     x13=1c000000
14924555ns          250180 1c00876a 1386a683 lw               x13, 312(x13)       x13=c23f0e08 x13:1c000000  PA:1c000138
14924853ns          250195 1c00876e d0057553 fcvt.s.w         f10, x10            f10=xxxxxxxx x10:00000004
14924873ns          250196 1c008772 68e7f7c3 fmadd.s          f15, f15, f14, f13  f15=xxxxxxxx f15:41c1f3ef f14:3f2c99b4 f13:c23f0e08
14924893ns          250197 1c008776 1c0006b7 lui              x13, 0x1c000000     x13=1c000000
14924913ns          250198 1c00877a 13c6a683 lw               x13, 316(x13)       x13=42390412 x13:1c000000  PA:1c00013c
14925231ns          250214 1c00877e 68e7f7c3 fmadd.s          f15, f15, f14, f13  f15=xxxxxxxx f15:c1fb57b8 f14:3f2c99b4 f13:42390412
14925251ns          250215 1c008782 1c0006b7 lui              x13, 0x1c000000     x13=1c000000
14925271ns          250216 1c008786 1406a683 lw               x13, 320(x13)       x13=c1efd21b x13:1c000000  PA:1c000140
14925589ns          250232 1c00878a 68e7f7c3 fmadd.s          f15, f15, f14, f13  f15=xxxxxxxx f15:41c8924c f14:3f2c99b4 f13:c1efd21b
14925609ns          250233 1c00878e 1c0006b7 lui              x13, 0x1c000000     x13=1c000000
14925629ns          250234 1c008792 1446a683 lw               x13, 324(x13)       x13=41644a86 x13:1c000000  PA:1c000144
14925987ns          250252 1c008796 68e7f7c3 fmadd.s          f15, f15, f14, f13  f15=xxxxxxxx f15:c1512ec7 f14:3f2c99b4 f13:41644a86
14926007ns          250253 1c00879a 1c0006b7 lui              x13, 0x1c000000     x13=1c000000
14926027ns          250254 1c00879e 1486a683 lw               x13, 328(x13)       x13=c087dba8 x13:1c000000  PA:1c000148
14926345ns          250270 1c0087a2 68e7f7c3 fmadd.s          f15, f15, f14, f13  f15=xxxxxxxx f15:40ae8301 f14:3f2c99b4 f13:c087dba8
14926365ns          250271 1c0087a6 00a7f553 fadd.s           f10, f15, f10       f10=xxxxxxxx f15:bf1196e3 f10:40800000
14926385ns          250272 1c0087aa 00008067 jalr             x0, x1, 0            x1:1c0081c2
14926445ns          250275 1c0081c2 11557553 fmul.s           f10, f10, f21       f10=xxxxxxxx f10:405b9a47 f21:3f317218
14926464ns          250276 1c0081c6 00a4222b p.sw             x10, 4(x8!)          x8=10000edc x10:4018378a  x8:10000ed8  PA:10000ed8
14926484ns          250277 1c0081ca ff4419e3 bne              x8, x20, -14         x8:10000edc x20:10000fd8
14926544ns          250280 1c0081bc 0049a50b p.lw             x10, 4(x19!)        x10=42883ecf x19=1c010228 x19:1c010224  PA:1c010224
14926842ns          250295 1c0081c0 558000ef jal              x1, 1368             x1=1c0081c2
14926862ns          250296 1c008718 e00517d3 fclass.s         x15, f10            x15=00000040 f10:42883ecf
14926882ns          250297 1c00871c 0817f793 andi             x15, x15, 129       x15=00000000 x15:00000040
14926902ns          250298 1c008720 08079b63 bne              x15, x0, 150        x15:00000000
14926922ns          250299 1c008722 00000793 addi             x15, x0, 0          x15=00000000
14926942ns          250300 1c008726 a0f52753 feq.s            x14, f10, f15       x14=00000000 f10:42883ecf f15:00000000
14926962ns          250301 1c00872a 08071163 bne              x14, x0, 130        x14:00000000
14926982ns          250302 1c00872c a0f507d3 fle.s            x15, f10, f15       x15=00000000 f10:42883ecf f15:00000000
14927001ns          250303 1c008730 08079863 bne              x15, x0, 144        x15:00000000
14927021ns          250304 1c008732 a0a527d3 feq.s            x15, f10, f10       x15=00000001 f10:42883ecf f10:42883ecf
14927041ns          250305 1c008736 08078563 beq              x15, x0, 138        x15:00000001
14927061ns          250306 1c008738 d17537b3 p.bclr           x15, x10, 8, 23     x15=00083ecf x10:42883ecf
14927081ns          250307 1c00873c cb87c733 p.bset           x14, x15, 5, 24     x14=3f083ecf x15:00083ecf
14927101ns          250308 1c008740 1c0006b7 lui              x13, 0x1c000000     x13=1c000000
14927121ns          250309 1c008744 1c0007b7 lui              x15, 0x1c000000     x15=1c000000
14927141ns          250310 1c008748 1306a683 lw               x13, 304(x13)       x13=c13c5fa8 x13:1c000000  PA:1c000130
14927439ns          250325 1c00874c 12c7a783 lw               x15, 300(x15)       x15=3ff7d7e5 x15:1c000000  PA:1c00012c
14927737ns          250340 1c008750 41755513 srai             x10, x10, 0x417     x10=00000085 x10:42883ecf
14927757ns          250341 1c008752 68e7f7c3 fmadd.s          f15, f15, f14, f13  f15=xxxxxxxx f15:3ff7d7e5 f14:3f083ecf f13:c13c5fa8
14927777ns          250342 1c008756 1c0006b7 lui              x13, 0x1c000000     x13=1c000000
14927797ns          250343 1c00875a 1346a683 lw               x13, 308(x13)       x13=41fa6a03 x13:1c000000  PA:1c000134
14928095ns          250358 1c00875e f8250513 addi             x10, x10, -126      x10=00000007 x10:00000085
14928115ns          250359 1c008762 68e7f7c3 fmadd.s          f15, f15, f14, f13  f15=xxxxxxxx f15:c12be2b8 f14:3f083ecf f13:41fa6a03
14928135ns          250360 1c008766 1c0006b7 lui              x13, 0x1c000000     x13=1c000000
14928155ns          250361 1c00876a 1386a683 lw               x13, 312(x13)       x13=c23f0e08 x13:1c000000  PA:1c000138
14928493ns          250378 1c00876e d0057553 fcvt.s.w         f10, x10            f10=xxxxxxxx x10:00000007
14928513ns          250379 1c008772 68e7f7c3 fmadd.s          f15, f15, f14, f13  f15=xxxxxxxx f15:41ccacb4 f14:3f083ecf f13:c23f0e08
14928533ns          250380 1c008776 1c0006b7 lui              x13, 0x1c000000     x13=1c000000
14928553ns          250381 1c00877a 13c6a683 lw               x13, 316(x13)       x13=42390412 x13:1c000000  PA:1c00013c
14928871ns          250397 1c00877e 68e7f7c3 fmadd.s          f15, f15, f14, f13  f15=xxxxxxxx f15:c208970d f14:3f083ecf f13:42390412
14928891ns          250398 1c008782 1c0006b7 lui              x13, 0x1c000000     x13=1c000000
14928911ns          250399 1c008786 1406a683 lw               x13, 320(x13)       x13=c1efd21b x13:1c000000  PA:1c000140
14929229ns          250415 1c00878a 68e7f7c3 fmadd.s          f15, f15, f14, f13  f15=xxxxxxxx f15:41e0a4a0 f14:3f083ecf f13:c1efd21b
14929249ns          250416 1c00878e 1c0006b7 lui              x13, 0x1c000000     x13=1c000000
14929269ns          250417 1c008792 1446a683 lw               x13, 324(x13)       x13=41644a86 x13:1c000000  PA:1c000144
14929607ns          250434 1c008796 68e7f7c3 fmadd.s          f15, f15, f14, f13  f15=xxxxxxxx f15:c1708711 f14:3f083ecf f13:41644a86
14929627ns          250435 1c00879a 1c0006b7 lui              x13, 0x1c000000     x13=1c000000
14929647ns          250436 1c00879e 1486a683 lw               x13, 328(x13)       x13=c087dba8 x13:1c000000  PA:1c000148
14929965ns          250452 1c0087a2 68e7f7c3 fmadd.s          f15, f15, f14, f13  f15=xxxxxxxx f15:40c88f84 f14:3f083ecf f13:c087dba8
14929985ns          250453 1c0087a6 00a7f553 fadd.s           f10, f15, f10       f10=xxxxxxxx f15:bf68f1a8 f10:40e00000
14930005ns          250454 1c0087aa 00008067 jalr             x0, x1, 0            x1:1c0081c2
14930065ns          250457 1c0081c2 11557553 fmul.s           f10, f10, f21       f10=xxxxxxxx f10:40c2e1cb f21:3f317218
14930085ns          250458 1c0081c6 00a4222b p.sw             x10, 4(x8!)          x8=10000ee0 x10:408714f8  x8:10000edc  PA:10000edc
14930104ns          250459 1c0081ca ff4419e3 bne              x8, x20, -14         x8:10000ee0 x20:10000fd8
14930164ns          250462 1c0081bc 0049a50b p.lw             x10, 4(x19!)        x10=40d48f3c x19=1c01022c x19:1c010228  PA:1c010228
14930462ns          250477 1c0081c0 558000ef jal              x1, 1368             x1=1c0081c2
14930482ns          250478 1c008718 e00517d3 fclass.s         x15, f10            x15=00000040 f10:40d48f3c
14930502ns          250479 1c00871c 0817f793 andi             x15, x15, 129       x15=00000000 x15:00000040
14930522ns          250480 1c008720 08079b63 bne              x15, x0, 150        x15:00000000
14930542ns          250481 1c008722 00000793 addi             x15, x0, 0          x15=00000000
14930562ns          250482 1c008726 a0f52753 feq.s            x14, f10, f15       x14=00000000 f10:40d48f3c f15:00000000
14930582ns          250483 1c00872a 08071163 bne              x14, x0, 130        x14:00000000
14930602ns          250484 1c00872c a0f507d3 fle.s            x15, f10, f15       x15=00000000 f10:40d48f3c f15:00000000
14930622ns          250485 1c008730 08079863 bne              x15, x0, 144        x15:00000000
14930642ns          250486 1c008732 a0a527d3 feq.s            x15, f10, f10       x15=00000001 f10:40d48f3c f10:40d48f3c
14930661ns          250487 1c008736 08078563 beq              x15, x0, 138        x15:00000001
14930681ns          250488 1c008738 d17537b3 p.bclr           x15, x10, 8, 23     x15=00548f3c x10:40d48f3c
14930701ns          250489 1c00873c cb87c733 p.bset           x14, x15, 5, 24     x14=3f548f3c x15:00548f3c
14930721ns          250490 1c008740 1c0006b7 lui              x13, 0x1c000000     x13=1c000000
14930741ns          250491 1c008744 1c0007b7 lui              x15, 0x1c000000     x15=1c000000
14930761ns          250492 1c008748 1306a683 lw               x13, 304(x13)       x13=c13c5fa8 x13:1c000000  PA:1c000130
14931079ns          250508 1c00874c 12c7a783 lw               x15, 300(x15)       x15=3ff7d7e5 x15:1c000000  PA:1c00012c
14931377ns          250523 1c008750 41755513 srai             x10, x10, 0x417     x10=00000081 x10:40d48f3c
14931397ns          250524 1c008752 68e7f7c3 fmadd.s          f15, f15, f14, f13  f15=xxxxxxxx f15:3ff7d7e5 f14:3f548f3c f13:c13c5fa8
14931417ns          250525 1c008756 1c0006b7 lui              x13, 0x1c000000     x13=1c000000
14931437ns          250526 1c00875a 1346a683 lw               x13, 308(x13)       x13=41fa6a03 x13:1c000000  PA:1c000134
14931735ns          250541 1c00875e f8250513 addi             x10, x10, -126      x10=00000003 x10:00000081
14931755ns          250542 1c008762 68e7f7c3 fmadd.s          f15, f15, f14, f13  f15=xxxxxxxx f15:c122a679 f14:3f548f3c f13:41fa6a03
14931775ns          250543 1c008766 1c0006b7 lui              x13, 0x1c000000     x13=1c000000
14931795ns          250544 1c00876a 1386a683 lw               x13, 312(x13)       x13=c23f0e08 x13:1c000000  PA:1c000138
14932094ns          250559 1c00876e d0057553 fcvt.s.w         f10, x10            f10=xxxxxxxx x10:00000003
14932113ns          250560 1c008772 68e7f7c3 fmadd.s          f15, f15, f14, f13  f15=xxxxxxxx f15:41b6e394 f14:3f548f3c f13:c23f0e08
14932133ns          250561 1c008776 1c0006b7 lui              x13, 0x1c000000     x13=1c000000
14932153ns          250562 1c00877a 13c6a683 lw               x13, 316(x13)       x13=42390412 x13:1c000000  PA:1c00013c
14932491ns          250579 1c00877e 68e7f7c3 fmadd.s          f15, f15, f14, f13  f15=xxxxxxxx f15:c1e64145 f14:3f548f3c f13:42390412
14932511ns          250580 1c008782 1c0006b7 lui              x13, 0x1c000000     x13=1c000000
14932531ns          250581 1c008786 1406a683 lw               x13, 320(x13)       x13=c1efd21b x13:1c000000  PA:1c000140
14932849ns          250597 1c00878a 68e7f7c3 fmadd.s          f15, f15, f14, f13  f15=xxxxxxxx f15:41b2d942 f14:3f548f3c f13:c1efd21b
14932869ns          250598 1c00878e 1c0006b7 lui              x13, 0x1c000000     x13=1c000000
14932889ns          250599 1c008792 1446a683 lw               x13, 324(x13)       x13=41644a86 x13:1c000000  PA:1c000144
14933207ns          250615 1c008796 68e7f7c3 fmadd.s          f15, f15, f14, f13  f15=xxxxxxxx f15:c136a43e f14:3f548f3c f13:41644a86
14933227ns          250616 1c00879a 1c0006b7 lui              x13, 0x1c000000     x13=1c000000
14933247ns          250617 1c00879e 1486a683 lw               x13, 328(x13)       x13=c087dba8 x13:1c000000  PA:1c000148
14933565ns          250633 1c0087a2 68e7f7c3 fmadd.s          f15, f15, f14, f13  f15=xxxxxxxx f15:409948a4 f14:3f548f3c f13:c087dba8
14933585ns          250634 1c0087a6 00a7f553 fadd.s           f10, f15, f10       f10=xxxxxxxx f15:be895bcb f10:40400000
14933605ns          250635 1c0087aa 00008067 jalr             x0, x1, 0            x1:1c0081c2
14933665ns          250638 1c0081c2 11557553 fmul.s           f10, f10, f21       f10=xxxxxxxx f10:402ed487 f21:3f317218
14933685ns          250639 1c0081c6 00a4222b p.sw             x10, 4(x8!)          x8=10000ee4 x10:3ff25db9  x8:10000ee0  PA:10000ee0
14933705ns          250640 1c0081ca ff4419e3 bne              x8, x20, -14         x8:10000ee4 x20:10000fd8
14933764ns          250643 1c0081bc 0049a50b p.lw             x10, 4(x19!)        x10=4293d4a3 x19=1c010230 x19:1c01022c  PA:1c01022c
14934063ns          250658 1c0081c0 558000ef jal              x1, 1368             x1=1c0081c2
14934083ns          250659 1c008718 e00517d3 fclass.s         x15, f10            x15=00000040 f10:4293d4a3
14934102ns          250660 1c00871c 0817f793 andi             x15, x15, 129       x15=00000000 x15:00000040
14934122ns          250661 1c008720 08079b63 bne              x15, x0, 150        x15:00000000
14934142ns          250662 1c008722 00000793 addi             x15, x0, 0          x15=00000000
14934162ns          250663 1c008726 a0f52753 feq.s            x14, f10, f15       x14=00000000 f10:4293d4a3 f15:00000000
14934182ns          250664 1c00872a 08071163 bne              x14, x0, 130        x14:00000000
14934202ns          250665 1c00872c a0f507d3 fle.s            x15, f10, f15       x15=00000000 f10:4293d4a3 f15:00000000
14934222ns          250666 1c008730 08079863 bne              x15, x0, 144        x15:00000000
14934242ns          250667 1c008732 a0a527d3 feq.s            x15, f10, f10       x15=00000001 f10:4293d4a3 f10:4293d4a3
14934262ns          250668 1c008736 08078563 beq              x15, x0, 138        x15:00000001
14934282ns          250669 1c008738 d17537b3 p.bclr           x15, x10, 8, 23     x15=0013d4a3 x10:4293d4a3
14934301ns          250670 1c00873c cb87c733 p.bset           x14, x15, 5, 24     x14=3f13d4a3 x15:0013d4a3
14934321ns          250671 1c008740 1c0006b7 lui              x13, 0x1c000000     x13=1c000000
14934341ns          250672 1c008744 1c0007b7 lui              x15, 0x1c000000     x15=1c000000
14934361ns          250673 1c008748 1306a683 lw               x13, 304(x13)       x13=c13c5fa8 x13:1c000000  PA:1c000130
14934659ns          250688 1c00874c 12c7a783 lw               x15, 300(x15)       x15=3ff7d7e5 x15:1c000000  PA:1c00012c
14934958ns          250703 1c008750 41755513 srai             x10, x10, 0x417     x10=00000085 x10:4293d4a3
14934978ns          250704 1c008752 68e7f7c3 fmadd.s          f15, f15, f14, f13  f15=xxxxxxxx f15:3ff7d7e5 f14:3f13d4a3 f13:c13c5fa8
14934998ns          250705 1c008756 1c0006b7 lui              x13, 0x1c000000     x13=1c000000
14935017ns          250706 1c00875a 1346a683 lw               x13, 308(x13)       x13=41fa6a03 x13:1c000000  PA:1c000134
14935316ns          250721 1c00875e f8250513 addi             x10, x10, -126      x10=00000007 x10:00000085
14935336ns          250722 1c008762 68e7f7c3 fmadd.s          f15, f15, f14, f13  f15=xxxxxxxx f15:c12a7bcd f14:3f13d4a3 f13:41fa6a03
14935356ns          250723 1c008766 1c0006b7 lui              x13, 0x1c000000     x13=1c000000
14935376ns          250724 1c00876a 1386a683 lw               x13, 312(x13)       x13=c23f0e08 x13:1c000000  PA:1c000138
14935674ns          250739 1c00876e d0057553 fcvt.s.w         f10, x10            f10=xxxxxxxx x10:00000007
14935694ns          250740 1c008772 68e7f7c3 fmadd.s          f15, f15, f14, f13  f15=xxxxxxxx f15:41c930aa f14:3f13d4a3 f13:c23f0e08
14935714ns          250741 1c008776 1c0006b7 lui              x13, 0x1c000000     x13=1c000000
14935734ns          250742 1c00877a 13c6a683 lw               x13, 316(x13)       x13=42390412 x13:1c000000  PA:1c00013c
14936052ns          250758 1c00877e 68e7f7c3 fmadd.s          f15, f15, f14, f13  f15=xxxxxxxx f15:c204f701 f14:3f13d4a3 f13:42390412
14936072ns          250759 1c008782 1c0006b7 lui              x13, 0x1c000000     x13=1c000000
14936092ns          250760 1c008786 1406a683 lw               x13, 320(x13)       x13=c1efd21b x13:1c000000  PA:1c000140
14936430ns          250777 1c00878a 68e7f7c3 fmadd.s          f15, f15, f14, f13  f15=xxxxxxxx f15:41d87796 f14:3f13d4a3 f13:c1efd21b
14936450ns          250778 1c00878e 1c0006b7 lui              x13, 0x1c000000     x13=1c000000
14936469ns          250779 1c008792 1446a683 lw               x13, 324(x13)       x13=41644a86 x13:1c000000  PA:1c000144
14936788ns          250795 1c008796 68e7f7c3 fmadd.s          f15, f15, f14, f13  f15=xxxxxxxx f15:c165a346 f14:3f13d4a3 f13:41644a86
14936808ns          250796 1c00879a 1c0006b7 lui              x13, 0x1c000000     x13=1c000000
14936828ns          250797 1c00879e 1486a683 lw               x13, 328(x13)       x13=c087dba8 x13:1c000000  PA:1c000148
14937146ns          250813 1c0087a2 68e7f7c3 fmadd.s          f15, f15, f14, f13  f15=xxxxxxxx f15:40bf5e0f f14:3f13d4a3 f13:c087dba8
14937166ns          250814 1c0087a6 00a7f553 fadd.s           f10, f15, f10       f10=xxxxxxxx f15:bf4acd8d f10:40e00000
14937186ns          250815 1c0087aa 00008067 jalr             x0, x1, 0            x1:1c0081c2
14937245ns          250818 1c0081c2 11557553 fmul.s           f10, f10, f21       f10=xxxxxxxx f10:40c6a64e f21:3f317218
14937265ns          250819 1c0081c6 00a4222b p.sw             x10, 4(x8!)          x8=10000ee8 x10:4089b185  x8:10000ee4  PA:10000ee4
14937285ns          250820 1c0081ca ff4419e3 bne              x8, x20, -14         x8:10000ee8 x20:10000fd8
14937345ns          250823 1c0081bc 0049a50b p.lw             x10, 4(x19!)        x10=42c7930d x19=1c010234 x19:1c010230  PA:1c010230
14937643ns          250838 1c0081c0 558000ef jal              x1, 1368             x1=1c0081c2
14937663ns          250839 1c008718 e00517d3 fclass.s         x15, f10            x15=00000040 f10:42c7930d
14937683ns          250840 1c00871c 0817f793 andi             x15, x15, 129       x15=00000000 x15:00000040
14937703ns          250841 1c008720 08079b63 bne              x15, x0, 150        x15:00000000
14937723ns          250842 1c008722 00000793 addi             x15, x0, 0          x15=00000000
14937743ns          250843 1c008726 a0f52753 feq.s            x14, f10, f15       x14=00000000 f10:42c7930d f15:00000000
14937762ns          250844 1c00872a 08071163 bne              x14, x0, 130        x14:00000000
14937782ns          250845 1c00872c a0f507d3 fle.s            x15, f10, f15       x15=00000000 f10:42c7930d f15:00000000
14937802ns          250846 1c008730 08079863 bne              x15, x0, 144        x15:00000000
14937822ns          250847 1c008732 a0a527d3 feq.s            x15, f10, f10       x15=00000001 f10:42c7930d f10:42c7930d
14937842ns          250848 1c008736 08078563 beq              x15, x0, 138        x15:00000001
14937862ns          250849 1c008738 d17537b3 p.bclr           x15, x10, 8, 23     x15=0047930d x10:42c7930d
14937882ns          250850 1c00873c cb87c733 p.bset           x14, x15, 5, 24     x14=3f47930d x15:0047930d
14937902ns          250851 1c008740 1c0006b7 lui              x13, 0x1c000000     x13=1c000000
14937922ns          250852 1c008744 1c0007b7 lui              x15, 0x1c000000     x15=1c000000
14937941ns          250853 1c008748 1306a683 lw               x13, 304(x13)       x13=c13c5fa8 x13:1c000000  PA:1c000130
14938240ns          250868 1c00874c 12c7a783 lw               x15, 300(x15)       x15=3ff7d7e5 x15:1c000000  PA:1c00012c
14938558ns          250884 1c008750 41755513 srai             x10, x10, 0x417     x10=00000085 x10:42c7930d
14938578ns          250885 1c008752 68e7f7c3 fmadd.s          f15, f15, f14, f13  f15=xxxxxxxx f15:3ff7d7e5 f14:3f47930d f13:c13c5fa8
14938598ns          250886 1c008756 1c0006b7 lui              x13, 0x1c000000     x13=1c000000
14938618ns          250887 1c00875a 1346a683 lw               x13, 308(x13)       x13=41fa6a03 x13:1c000000  PA:1c000134
14938916ns          250902 1c00875e f8250513 addi             x10, x10, -126      x10=00000007 x10:00000085
14938936ns          250903 1c008762 68e7f7c3 fmadd.s          f15, f15, f14, f13  f15=xxxxxxxx f15:c12438c2 f14:3f47930d f13:41fa6a03
14938956ns          250904 1c008766 1c0006b7 lui              x13, 0x1c000000     x13=1c000000
14938976ns          250905 1c00876a 1386a683 lw               x13, 312(x13)       x13=c23f0e08 x13:1c000000  PA:1c000138
14939274ns          250920 1c00876e d0057553 fcvt.s.w         f10, x10            f10=xxxxxxxx x10:00000007
14939294ns          250921 1c008772 68e7f7c3 fmadd.s          f15, f15, f14, f13  f15=xxxxxxxx f15:41ba66c9 f14:3f47930d f13:c23f0e08
14939314ns          250922 1c008776 1c0006b7 lui              x13, 0x1c000000     x13=1c000000
14939334ns          250923 1c00877a 13c6a683 lw               x13, 316(x13)       x13=42390412 x13:1c000000  PA:1c00013c
14939652ns          250939 1c00877e 68e7f7c3 fmadd.s          f15, f15, f14, f13  f15=xxxxxxxx f15:c1eccb17 f14:3f47930d f13:42390412
14939672ns          250940 1c008782 1c0006b7 lui              x13, 0x1c000000     x13=1c000000
14939692ns          250941 1c008786 1406a683 lw               x13, 320(x13)       x13=c1efd21b x13:1c000000  PA:1c000140
14940010ns          250957 1c00878a 68e7f7c3 fmadd.s          f15, f15, f14, f13  f15=xxxxxxxx f15:41b96e40 f14:3f47930d f13:c1efd21b
14940030ns          250958 1c00878e 1c0006b7 lui              x13, 0x1c000000     x13=1c000000
14940050ns          250959 1c008792 1446a683 lw               x13, 324(x13)       x13=41644a86 x13:1c000000  PA:1c000144
14940368ns          250975 1c008796 68e7f7c3 fmadd.s          f15, f15, f14, f13  f15=xxxxxxxx f15:c13e85c7 f14:3f47930d f13:41644a86
14940388ns          250976 1c00879a 1c0006b7 lui              x13, 0x1c000000     x13=1c000000
14940408ns          250977 1c00879e 1486a683 lw               x13, 328(x13)       x13=c087dba8 x13:1c000000  PA:1c000148
14940726ns          250993 1c0087a2 68e7f7c3 fmadd.s          f15, f15, f14, f13  f15=xxxxxxxx f15:409f8630 f14:3f47930d f13:c087dba8
14940746ns          250994 1c0087a6 00a7f553 fadd.s           f10, f15, f10       f10=xxxxxxxx f15:beb7eb69 f10:40e00000
14940766ns          250995 1c0087aa 00008067 jalr             x0, x1, 0            x1:1c0081c2
14940826ns          250998 1c0081c2 11557553 fmul.s           f10, f10, f21       f10=xxxxxxxx f10:40d48149 f21:3f317218
14940845ns          250999 1c0081c6 00a4222b p.sw             x10, 4(x8!)          x8=10000eec x10:40934c19  x8:10000ee8  PA:10000ee8
14940865ns          251000 1c0081ca ff4419e3 bne              x8, x20, -14         x8:10000eec x20:10000fd8
14940925ns          251003 1c0081bc 0049a50b p.lw             x10, 4(x19!)        x10=4284a85d x19=1c010238 x19:1c010234  PA:1c010234
14941223ns          251018 1c0081c0 558000ef jal              x1, 1368             x1=1c0081c2
14941243ns          251019 1c008718 e00517d3 fclass.s         x15, f10            x15=00000040 f10:4284a85d
14941263ns          251020 1c00871c 0817f793 andi             x15, x15, 129       x15=00000000 x15:00000040
14941283ns          251021 1c008720 08079b63 bne              x15, x0, 150        x15:00000000
14941303ns          251022 1c008722 00000793 addi             x15, x0, 0          x15=00000000
14941323ns          251023 1c008726 a0f52753 feq.s            x14, f10, f15       x14=00000000 f10:4284a85d f15:00000000
14941343ns          251024 1c00872a 08071163 bne              x14, x0, 130        x14:00000000
14941363ns          251025 1c00872c a0f507d3 fle.s            x15, f10, f15       x15=00000000 f10:4284a85d f15:00000000
14941383ns          251026 1c008730 08079863 bne              x15, x0, 144        x15:00000000
14941402ns          251027 1c008732 a0a527d3 feq.s            x15, f10, f10       x15=00000001 f10:4284a85d f10:4284a85d
14941422ns          251028 1c008736 08078563 beq              x15, x0, 138        x15:00000001
14941442ns          251029 1c008738 d17537b3 p.bclr           x15, x10, 8, 23     x15=0004a85d x10:4284a85d
14941462ns          251030 1c00873c cb87c733 p.bset           x14, x15, 5, 24     x14=3f04a85d x15:0004a85d
14941482ns          251031 1c008740 1c0006b7 lui              x13, 0x1c000000     x13=1c000000
14941502ns          251032 1c008744 1c0007b7 lui              x15, 0x1c000000     x15=1c000000
14941522ns          251033 1c008748 1306a683 lw               x13, 304(x13)       x13=c13c5fa8 x13:1c000000  PA:1c000130
14941840ns          251049 1c00874c 12c7a783 lw               x15, 300(x15)       x15=3ff7d7e5 x15:1c000000  PA:1c00012c
14942138ns          251064 1c008750 41755513 srai             x10, x10, 0x417     x10=00000085 x10:4284a85d
14942158ns          251065 1c008752 68e7f7c3 fmadd.s          f15, f15, f14, f13  f15=xxxxxxxx f15:3ff7d7e5 f14:3f04a85d f13:c13c5fa8
14942178ns          251066 1c008756 1c0006b7 lui              x13, 0x1c000000     x13=1c000000
14942198ns          251067 1c00875a 1346a683 lw               x13, 308(x13)       x13=41fa6a03 x13:1c000000  PA:1c000134
14942496ns          251082 1c00875e f8250513 addi             x10, x10, -126      x10=00000007 x10:00000085
14942516ns          251083 1c008762 68e7f7c3 fmadd.s          f15, f15, f14, f13  f15=xxxxxxxx f15:c12c51de f14:3f04a85d f13:41fa6a03
14942536ns          251084 1c008766 1c0006b7 lui              x13, 0x1c000000     x13=1c000000
14942556ns          251085 1c00876a 1386a683 lw               x13, 312(x13)       x13=c23f0e08 x13:1c000000  PA:1c000138
14942854ns          251100 1c00876e d0057553 fcvt.s.w         f10, x10            f10=xxxxxxxx x10:00000007
14942874ns          251101 1c008772 68e7f7c3 fmadd.s          f15, f15, f14, f13  f15=xxxxxxxx f15:41cdc43e f14:3f04a85d f13:c23f0e08
14942894ns          251102 1c008776 1c0006b7 lui              x13, 0x1c000000     x13=1c000000
14942914ns          251103 1c00877a 13c6a683 lw               x13, 316(x13)       x13=42390412 x13:1c000000  PA:1c00013c
14943232ns          251119 1c00877e 68e7f7c3 fmadd.s          f15, f15, f14, f13  f15=xxxxxxxx f15:c209bdc6 f14:3f04a85d f13:42390412
14943252ns          251120 1c008782 1c0006b7 lui              x13, 0x1c000000     x13=1c000000
14943272ns          251121 1c008786 1406a683 lw               x13, 320(x13)       x13=c1efd21b x13:1c000000  PA:1c000140
14943630ns          251139 1c00878a 68e7f7c3 fmadd.s          f15, f15, f14, f13  f15=xxxxxxxx f15:41e34743 f14:3f04a85d f13:c1efd21b
14943650ns          251140 1c00878e 1c0006b7 lui              x13, 0x1c000000     x13=1c000000
14943670ns          251141 1c008792 1446a683 lw               x13, 324(x13)       x13=41644a86 x13:1c000000  PA:1c000144
14943988ns          251157 1c008796 68e7f7c3 fmadd.s          f15, f15, f14, f13  f15=xxxxxxxx f15:c17417c6 f14:3f04a85d f13:41644a86
14944008ns          251158 1c00879a 1c0006b7 lui              x13, 0x1c000000     x13=1c000000
14944028ns          251159 1c00879e 1486a683 lw               x13, 328(x13)       x13=c087dba8 x13:1c000000  PA:1c000148
14944346ns          251175 1c0087a2 68e7f7c3 fmadd.s          f15, f15, f14, f13  f15=xxxxxxxx f15:40cb9b77 f14:3f04a85d f13:c087dba8
14944366ns          251176 1c0087a6 00a7f553 fadd.s           f10, f15, f10       f10=xxxxxxxx f15:bf72ccb5 f10:40e00000
14944386ns          251177 1c0087aa 00008067 jalr             x0, x1, 0            x1:1c0081c2
14944446ns          251180 1c0081c2 11557553 fmul.s           f10, f10, f21       f10=xxxxxxxx f10:40c1a669 f21:3f317218
14944466ns          251181 1c0081c6 00a4222b p.sw             x10, 4(x8!)          x8=10000ef0 x10:40863a5d  x8:10000eec  PA:10000eec
14944485ns          251182 1c0081ca ff4419e3 bne              x8, x20, -14         x8:10000ef0 x20:10000fd8
14944545ns          251185 1c0081bc 0049a50b p.lw             x10, 4(x19!)        x10=42c5f478 x19=1c01023c x19:1c010238  PA:1c010238
14944843ns          251200 1c0081c0 558000ef jal              x1, 1368             x1=1c0081c2
14944863ns          251201 1c008718 e00517d3 fclass.s         x15, f10            x15=00000040 f10:42c5f478
14944883ns          251202 1c00871c 0817f793 andi             x15, x15, 129       x15=00000000 x15:00000040
14944903ns          251203 1c008720 08079b63 bne              x15, x0, 150        x15:00000000
14944923ns          251204 1c008722 00000793 addi             x15, x0, 0          x15=00000000
14944943ns          251205 1c008726 a0f52753 feq.s            x14, f10, f15       x14=00000000 f10:42c5f478 f15:00000000
14944963ns          251206 1c00872a 08071163 bne              x14, x0, 130        x14:00000000
14944983ns          251207 1c00872c a0f507d3 fle.s            x15, f10, f15       x15=00000000 f10:42c5f478 f15:00000000
14945003ns          251208 1c008730 08079863 bne              x15, x0, 144        x15:00000000
14945023ns          251209 1c008732 a0a527d3 feq.s            x15, f10, f10       x15=00000001 f10:42c5f478 f10:42c5f478
14945042ns          251210 1c008736 08078563 beq              x15, x0, 138        x15:00000001
14945062ns          251211 1c008738 d17537b3 p.bclr           x15, x10, 8, 23     x15=0045f478 x10:42c5f478
14945082ns          251212 1c00873c cb87c733 p.bset           x14, x15, 5, 24     x14=3f45f478 x15:0045f478
14945102ns          251213 1c008740 1c0006b7 lui              x13, 0x1c000000     x13=1c000000
14945122ns          251214 1c008744 1c0007b7 lui              x15, 0x1c000000     x15=1c000000
14945142ns          251215 1c008748 1306a683 lw               x13, 304(x13)       x13=c13c5fa8 x13:1c000000  PA:1c000130
14945440ns          251230 1c00874c 12c7a783 lw               x15, 300(x15)       x15=3ff7d7e5 x15:1c000000  PA:1c00012c
14945758ns          251246 1c008750 41755513 srai             x10, x10, 0x417     x10=00000085 x10:42c5f478
14945778ns          251247 1c008752 68e7f7c3 fmadd.s          f15, f15, f14, f13  f15=xxxxxxxx f15:3ff7d7e5 f14:3f45f478 f13:c13c5fa8
14945798ns          251248 1c008756 1c0006b7 lui              x13, 0x1c000000     x13=1c000000
14945818ns          251249 1c00875a 1346a683 lw               x13, 308(x13)       x13=41fa6a03 x13:1c000000  PA:1c000134
14946117ns          251264 1c00875e f8250513 addi             x10, x10, -126      x10=00000007 x10:00000085
14946136ns          251265 1c008762 68e7f7c3 fmadd.s          f15, f15, f14, f13  f15=xxxxxxxx f15:c1246aee f14:3f45f478 f13:41fa6a03
14946156ns          251266 1c008766 1c0006b7 lui              x13, 0x1c000000     x13=1c000000
14946176ns          251267 1c00876a 1386a683 lw               x13, 312(x13)       x13=c23f0e08 x13:1c000000  PA:1c000138
14946475ns          251282 1c00876e d0057553 fcvt.s.w         f10, x10            f10=xxxxxxxx x10:00000007
14946494ns          251283 1c008772 68e7f7c3 fmadd.s          f15, f15, f14, f13  f15=xxxxxxxx f15:41bad85d f14:3f45f478 f13:c23f0e08
14946514ns          251284 1c008776 1c0006b7 lui              x13, 0x1c000000     x13=1c000000
14946534ns          251285 1c00877a 13c6a683 lw               x13, 316(x13)       x13=42390412 x13:1c000000  PA:1c00013c
14946852ns          251301 1c00877e 68e7f7c3 fmadd.s          f15, f15, f14, f13  f15=xxxxxxxx f15:c1eda123 f14:3f45f478 f13:42390412
14946872ns          251302 1c008782 1c0006b7 lui              x13, 0x1c000000     x13=1c000000
14946892ns          251303 1c008786 1406a683 lw               x13, 320(x13)       x13=c1efd21b x13:1c000000  PA:1c000140
14947210ns          251319 1c00878a 68e7f7c3 fmadd.s          f15, f15, f14, f13  f15=xxxxxxxx f15:41ba4837 f14:3f45f478 f13:c1efd21b
14947230ns          251320 1c00878e 1c0006b7 lui              x13, 0x1c000000     x13=1c000000
14947250ns          251321 1c008792 1446a683 lw               x13, 324(x13)       x13=41644a86 x13:1c000000  PA:1c000144
14947569ns          251337 1c008796 68e7f7c3 fmadd.s          f15, f15, f14, f13  f15=xxxxxxxx f15:c13f8d49 f14:3f45f478 f13:41644a86
14947588ns          251338 1c00879a 1c0006b7 lui              x13, 0x1c000000     x13=1c000000
14947608ns          251339 1c00879e 1486a683 lw               x13, 328(x13)       x13=c087dba8 x13:1c000000  PA:1c000148
14947966ns          251357 1c0087a2 68e7f7c3 fmadd.s          f15, f15, f14, f13  f15=xxxxxxxx f15:40a057c1 f14:3f45f478 f13:c087dba8
14947986ns          251358 1c0087a6 00a7f553 fadd.s           f10, f15, f10       f10=xxxxxxxx f15:bebdf01b f10:40e00000
14948006ns          251359 1c0087aa 00008067 jalr             x0, x1, 0            x1:1c0081c2
14948066ns          251362 1c0081c2 11557553 fmul.s           f10, f10, f21       f10=xxxxxxxx f10:40d420fe f21:3f317218
14948086ns          251363 1c0081c6 00a4222b p.sw             x10, 4(x8!)          x8=10000ef4 x10:4093095a  x8:10000ef0  PA:10000ef0
14948106ns          251364 1c0081ca ff4419e3 bne              x8, x20, -14         x8:10000ef4 x20:10000fd8
14948165ns          251367 1c0081bc 0049a50b p.lw             x10, 4(x19!)        x10=4296de9c x19=1c010240 x19:1c01023c  PA:1c01023c
14948484ns          251383 1c0081c0 558000ef jal              x1, 1368             x1=1c0081c2
14948503ns          251384 1c008718 e00517d3 fclass.s         x15, f10            x15=00000040 f10:4296de9c
14948523ns          251385 1c00871c 0817f793 andi             x15, x15, 129       x15=00000000 x15:00000040
14948543ns          251386 1c008720 08079b63 bne              x15, x0, 150        x15:00000000
14948563ns          251387 1c008722 00000793 addi             x15, x0, 0          x15=00000000
14948583ns          251388 1c008726 a0f52753 feq.s            x14, f10, f15       x14=00000000 f10:4296de9c f15:00000000
14948603ns          251389 1c00872a 08071163 bne              x14, x0, 130        x14:00000000
14948623ns          251390 1c00872c a0f507d3 fle.s            x15, f10, f15       x15=00000000 f10:4296de9c f15:00000000
14948643ns          251391 1c008730 08079863 bne              x15, x0, 144        x15:00000000
14948663ns          251392 1c008732 a0a527d3 feq.s            x15, f10, f10       x15=00000001 f10:4296de9c f10:4296de9c
14948682ns          251393 1c008736 08078563 beq              x15, x0, 138        x15:00000001
14948702ns          251394 1c008738 d17537b3 p.bclr           x15, x10, 8, 23     x15=0016de9c x10:4296de9c
14948722ns          251395 1c00873c cb87c733 p.bset           x14, x15, 5, 24     x14=3f16de9c x15:0016de9c
14948742ns          251396 1c008740 1c0006b7 lui              x13, 0x1c000000     x13=1c000000
14948762ns          251397 1c008744 1c0007b7 lui              x15, 0x1c000000     x15=1c000000
14948782ns          251398 1c008748 1306a683 lw               x13, 304(x13)       x13=c13c5fa8 x13:1c000000  PA:1c000130
14949080ns          251413 1c00874c 12c7a783 lw               x15, 300(x15)       x15=3ff7d7e5 x15:1c000000  PA:1c00012c
14949379ns          251428 1c008750 41755513 srai             x10, x10, 0x417     x10=00000085 x10:4296de9c
14949398ns          251429 1c008752 68e7f7c3 fmadd.s          f15, f15, f14, f13  f15=xxxxxxxx f15:3ff7d7e5 f14:3f16de9c f13:c13c5fa8
14949418ns          251430 1c008756 1c0006b7 lui              x13, 0x1c000000     x13=1c000000
14949438ns          251431 1c00875a 1346a683 lw               x13, 308(x13)       x13=41fa6a03 x13:1c000000  PA:1c000134
14949776ns          251448 1c00875e f8250513 addi             x10, x10, -126      x10=00000007 x10:00000085
14949796ns          251449 1c008762 68e7f7c3 fmadd.s          f15, f15, f14, f13  f15=xxxxxxxx f15:c12a1da7 f14:3f16de9c f13:41fa6a03
14949816ns          251450 1c008766 1c0006b7 lui              x13, 0x1c000000     x13=1c000000
14949836ns          251451 1c00876a 1386a683 lw               x13, 312(x13)       x13=c23f0e08 x13:1c000000  PA:1c000138
14950134ns          251466 1c00876e d0057553 fcvt.s.w         f10, x10            f10=xxxxxxxx x10:00000007
14950154ns          251467 1c008772 68e7f7c3 fmadd.s          f15, f15, f14, f13  f15=xxxxxxxx f15:41c8495c f14:3f16de9c f13:c23f0e08
14950174ns          251468 1c008776 1c0006b7 lui              x13, 0x1c000000     x13=1c000000
14950194ns          251469 1c00877a 13c6a683 lw               x13, 316(x13)       x13=42390412 x13:1c000000  PA:1c00013c
14950512ns          251485 1c00877e 68e7f7c3 fmadd.s          f15, f15, f14, f13  f15=xxxxxxxx f15:c2040975 f14:3f16de9c f13:42390412
14950532ns          251486 1c008782 1c0006b7 lui              x13, 0x1c000000     x13=1c000000
14950552ns          251487 1c008786 1406a683 lw               x13, 320(x13)       x13=c1efd21b x13:1c000000  PA:1c000140
14950890ns          251504 1c00878a 68e7f7c3 fmadd.s          f15, f15, f14, f13  f15=xxxxxxxx f15:41d6676e f14:3f16de9c f13:c1efd21b
14950910ns          251505 1c00878e 1c0006b7 lui              x13, 0x1c000000     x13=1c000000
14950930ns          251506 1c008792 1446a683 lw               x13, 324(x13)       x13=41644a86 x13:1c000000  PA:1c000144
14951248ns          251522 1c008796 68e7f7c3 fmadd.s          f15, f15, f14, f13  f15=xxxxxxxx f15:c162ee20 f14:3f16de9c f13:41644a86
14951268ns          251523 1c00879a 1c0006b7 lui              x13, 0x1c000000     x13=1c000000
14951288ns          251524 1c00879e 1486a683 lw               x13, 328(x13)       x13=c087dba8 x13:1c000000  PA:1c000148
14951626ns          251541 1c0087a2 68e7f7c3 fmadd.s          f15, f15, f14, f13  f15=xxxxxxxx f15:40bd1b55 f14:3f16de9c f13:c087dba8
14951646ns          251542 1c0087a6 00a7f553 fadd.s           f10, f15, f10       f10=xxxxxxxx f15:bf43499a f10:40e00000
14951666ns          251543 1c0087aa 00008067 jalr             x0, x1, 0            x1:1c0081c2
14951726ns          251546 1c0081c2 11557553 fmul.s           f10, f10, f21       f10=xxxxxxxx f10:40c796cd f21:3f317218
14951746ns          251547 1c0081c6 00a4222b p.sw             x10, 4(x8!)          x8=10000ef8 x10:408a5838  x8:10000ef4  PA:10000ef4
14951765ns          251548 1c0081ca ff4419e3 bne              x8, x20, -14         x8:10000ef8 x20:10000fd8
14951825ns          251551 1c0081bc 0049a50b p.lw             x10, 4(x19!)        x10=41ebeadd x19=1c010244 x19:1c010240  PA:1c010240
14952124ns          251566 1c0081c0 558000ef jal              x1, 1368             x1=1c0081c2
14952143ns          251567 1c008718 e00517d3 fclass.s         x15, f10            x15=00000040 f10:41ebeadd
14952163ns          251568 1c00871c 0817f793 andi             x15, x15, 129       x15=00000000 x15:00000040
14952183ns          251569 1c008720 08079b63 bne              x15, x0, 150        x15:00000000
14952203ns          251570 1c008722 00000793 addi             x15, x0, 0          x15=00000000
14952223ns          251571 1c008726 a0f52753 feq.s            x14, f10, f15       x14=00000000 f10:41ebeadd f15:00000000
14952243ns          251572 1c00872a 08071163 bne              x14, x0, 130        x14:00000000
14952263ns          251573 1c00872c a0f507d3 fle.s            x15, f10, f15       x15=00000000 f10:41ebeadd f15:00000000
14952283ns          251574 1c008730 08079863 bne              x15, x0, 144        x15:00000000
14952303ns          251575 1c008732 a0a527d3 feq.s            x15, f10, f10       x15=00000001 f10:41ebeadd f10:41ebeadd
14952322ns          251576 1c008736 08078563 beq              x15, x0, 138        x15:00000001
14952342ns          251577 1c008738 d17537b3 p.bclr           x15, x10, 8, 23     x15=006beadd x10:41ebeadd
14952362ns          251578 1c00873c cb87c733 p.bset           x14, x15, 5, 24     x14=3f6beadd x15:006beadd
14952382ns          251579 1c008740 1c0006b7 lui              x13, 0x1c000000     x13=1c000000
14952402ns          251580 1c008744 1c0007b7 lui              x15, 0x1c000000     x15=1c000000
14952422ns          251581 1c008748 1306a683 lw               x13, 304(x13)       x13=c13c5fa8 x13:1c000000  PA:1c000130
14952720ns          251596 1c00874c 12c7a783 lw               x15, 300(x15)       x15=3ff7d7e5 x15:1c000000  PA:1c00012c
14953019ns          251611 1c008750 41755513 srai             x10, x10, 0x417     x10=00000083 x10:41ebeadd
14953038ns          251612 1c008752 68e7f7c3 fmadd.s          f15, f15, f14, f13  f15=xxxxxxxx f15:3ff7d7e5 f14:3f6beadd f13:c13c5fa8
14953058ns          251613 1c008756 1c0006b7 lui              x13, 0x1c000000     x13=1c000000
14953078ns          251614 1c00875a 1346a683 lw               x13, 308(x13)       x13=41fa6a03 x13:1c000000  PA:1c000134
14953377ns          251629 1c00875e f8250513 addi             x10, x10, -126      x10=00000005 x10:00000083
14953397ns          251630 1c008762 68e7f7c3 fmadd.s          f15, f15, f14, f13  f15=xxxxxxxx f15:c11fd2d6 f14:3f6beadd f13:41fa6a03
14953416ns          251631 1c008766 1c0006b7 lui              x13, 0x1c000000     x13=1c000000
14953436ns          251632 1c00876a 1386a683 lw               x13, 312(x13)       x13=c23f0e08 x13:1c000000  PA:1c000138
14953755ns          251648 1c00876e d0057553 fcvt.s.w         f10, x10            f10=xxxxxxxx x10:00000005
14953774ns          251649 1c008772 68e7f7c3 fmadd.s          f15, f15, f14, f13  f15=xxxxxxxx f15:41b0c56d f14:3f6beadd f13:c23f0e08
14953794ns          251650 1c008776 1c0006b7 lui              x13, 0x1c000000     x13=1c000000
14953814ns          251651 1c00877a 13c6a683 lw               x13, 316(x13)       x13=42390412 x13:1c000000  PA:1c00013c
14954152ns          251668 1c00877e 68e7f7c3 fmadd.s          f15, f15, f14, f13  f15=xxxxxxxx f15:c1db34a8 f14:3f6beadd f13:42390412
14954172ns          251669 1c008782 1c0006b7 lui              x13, 0x1c000000     x13=1c000000
14954192ns          251670 1c008786 1406a683 lw               x13, 320(x13)       x13=c1efd21b x13:1c000000  PA:1c000140
14954510ns          251686 1c00878a 68e7f7c3 fmadd.s          f15, f15, f14, f13  f15=xxxxxxxx f15:41a805b2 f14:3f6beadd f13:c1efd21b
14954530ns          251687 1c00878e 1c0006b7 lui              x13, 0x1c000000     x13=1c000000
14954550ns          251688 1c008792 1446a683 lw               x13, 324(x13)       x13=41644a86 x13:1c000000  PA:1c000144
14954868ns          251704 1c008796 68e7f7c3 fmadd.s          f15, f15, f14, f13  f15=xxxxxxxx f15:c129f575 f14:3f6beadd f13:41644a86
14954888ns          251705 1c00879a 1c0006b7 lui              x13, 0x1c000000     x13=1c000000
14954908ns          251706 1c00879e 1486a683 lw               x13, 328(x13)       x13=c087dba8 x13:1c000000  PA:1c000148
14955226ns          251722 1c0087a2 68e7f7c3 fmadd.s          f15, f15, f14, f13  f15=xxxxxxxx f15:408f548d f14:3f6beadd f13:c087dba8
14955246ns          251723 1c0087a6 00a7f553 fadd.s           f10, f15, f10       f10=xxxxxxxx f15:bdf162e3 f10:40a00000
14955266ns          251724 1c0087aa 00008067 jalr             x0, x1, 0            x1:1c0081c2
14955326ns          251727 1c0081c2 11557553 fmul.s           f10, f10, f21       f10=xxxxxxxx f10:409c3a74 f21:3f317218
14955346ns          251728 1c0081c6 00a4222b p.sw             x10, 4(x8!)          x8=10000efc x10:40589416  x8:10000ef8  PA:10000ef8
14955366ns          251729 1c0081ca ff4419e3 bne              x8, x20, -14         x8:10000efc x20:10000fd8
14955425ns          251732 1c0081bc 0049a50b p.lw             x10, 4(x19!)        x10=429c2286 x19=1c010248 x19:1c010244  PA:1c010244
14955724ns          251747 1c0081c0 558000ef jal              x1, 1368             x1=1c0081c2
14955744ns          251748 1c008718 e00517d3 fclass.s         x15, f10            x15=00000040 f10:429c2286
14955764ns          251749 1c00871c 0817f793 andi             x15, x15, 129       x15=00000000 x15:00000040
14955783ns          251750 1c008720 08079b63 bne              x15, x0, 150        x15:00000000
14955803ns          251751 1c008722 00000793 addi             x15, x0, 0          x15=00000000
14955823ns          251752 1c008726 a0f52753 feq.s            x14, f10, f15       x14=00000000 f10:429c2286 f15:00000000
14955843ns          251753 1c00872a 08071163 bne              x14, x0, 130        x14:00000000
14955863ns          251754 1c00872c a0f507d3 fle.s            x15, f10, f15       x15=00000000 f10:429c2286 f15:00000000
14955883ns          251755 1c008730 08079863 bne              x15, x0, 144        x15:00000000
14955903ns          251756 1c008732 a0a527d3 feq.s            x15, f10, f10       x15=00000001 f10:429c2286 f10:429c2286
14955923ns          251757 1c008736 08078563 beq              x15, x0, 138        x15:00000001
14955943ns          251758 1c008738 d17537b3 p.bclr           x15, x10, 8, 23     x15=001c2286 x10:429c2286
14955962ns          251759 1c00873c cb87c733 p.bset           x14, x15, 5, 24     x14=3f1c2286 x15:001c2286
14955982ns          251760 1c008740 1c0006b7 lui              x13, 0x1c000000     x13=1c000000
14956002ns          251761 1c008744 1c0007b7 lui              x15, 0x1c000000     x15=1c000000
14956022ns          251762 1c008748 1306a683 lw               x13, 304(x13)       x13=c13c5fa8 x13:1c000000  PA:1c000130
14956340ns          251778 1c00874c 12c7a783 lw               x15, 300(x15)       x15=3ff7d7e5 x15:1c000000  PA:1c00012c
14956659ns          251794 1c008750 41755513 srai             x10, x10, 0x417     x10=00000085 x10:429c2286
14956678ns          251795 1c008752 68e7f7c3 fmadd.s          f15, f15, f14, f13  f15=xxxxxxxx f15:3ff7d7e5 f14:3f1c2286 f13:c13c5fa8
14956698ns          251796 1c008756 1c0006b7 lui              x13, 0x1c000000     x13=1c000000
14956718ns          251797 1c00875a 1346a683 lw               x13, 308(x13)       x13=41fa6a03 x13:1c000000  PA:1c000134
14957017ns          251812 1c00875e f8250513 addi             x10, x10, -126      x10=00000007 x10:00000085
14957037ns          251813 1c008762 68e7f7c3 fmadd.s          f15, f15, f14, f13  f15=xxxxxxxx f15:c1297a89 f14:3f1c2286 f13:41fa6a03
14957056ns          251814 1c008766 1c0006b7 lui              x13, 0x1c000000     x13=1c000000
14957076ns          251815 1c00876a 1386a683 lw               x13, 312(x13)       x13=c23f0e08 x13:1c000000  PA:1c000138
14957375ns          251830 1c00876e d0057553 fcvt.s.w         f10, x10            f10=xxxxxxxx x10:00000007
14957395ns          251831 1c008772 68e7f7c3 fmadd.s          f15, f15, f14, f13  f15=xxxxxxxx f15:41c6bb40 f14:3f1c2286 f13:c23f0e08
14957414ns          251832 1c008776 1c0006b7 lui              x13, 0x1c000000     x13=1c000000
14957434ns          251833 1c00877a 13c6a683 lw               x13, 316(x13)       x13=42390412 x13:1c000000  PA:1c00013c
14957792ns          251851 1c00877e 68e7f7c3 fmadd.s          f15, f15, f14, f13  f15=xxxxxxxx f15:c2027394 f14:3f1c2286 f13:42390412
14957812ns          251852 1c008782 1c0006b7 lui              x13, 0x1c000000     x13=1c000000
14957832ns          251853 1c008786 1406a683 lw               x13, 320(x13)       x13=c1efd21b x13:1c000000  PA:1c000140
14958150ns          251869 1c00878a 68e7f7c3 fmadd.s          f15, f15, f14, f13  f15=xxxxxxxx f15:41d2e818 f14:3f1c2286 f13:c1efd21b
14958170ns          251870 1c00878e 1c0006b7 lui              x13, 0x1c000000     x13=1c000000
14958190ns          251871 1c008792 1446a683 lw               x13, 324(x13)       x13=41644a86 x13:1c000000  PA:1c000144
14958508ns          251887 1c008796 68e7f7c3 fmadd.s          f15, f15, f14, f13  f15=xxxxxxxx f15:c15e6076 f14:3f1c2286 f13:41644a86
14958528ns          251888 1c00879a 1c0006b7 lui              x13, 0x1c000000     x13=1c000000
14958548ns          251889 1c00879e 1486a683 lw               x13, 328(x13)       x13=c087dba8 x13:1c000000  PA:1c000148
14958886ns          251906 1c0087a2 68e7f7c3 fmadd.s          f15, f15, f14, f13  f15=xxxxxxxx f15:40b95382 f14:3f1c2286 f13:c087dba8
14958906ns          251907 1c0087a6 00a7f553 fadd.s           f10, f15, f10       f10=xxxxxxxx f15:bf369e35 f10:40e00000
14958926ns          251908 1c0087aa 00008067 jalr             x0, x1, 0            x1:1c0081c2
14958986ns          251911 1c0081c2 11557553 fmul.s           f10, f10, f21       f10=xxxxxxxx f10:40c92c39 f21:3f317218
14959006ns          251912 1c0081c6 00a4222b p.sw             x10, 4(x8!)          x8=10000f00 x10:408b713c  x8:10000efc  PA:10000efc
14959026ns          251913 1c0081ca ff4419e3 bne              x8, x20, -14         x8:10000f00 x20:10000fd8
14959085ns          251916 1c0081bc 0049a50b p.lw             x10, 4(x19!)        x10=4231cff7 x19=1c01024c x19:1c010248  PA:1c010248
14959384ns          251931 1c0081c0 558000ef jal              x1, 1368             x1=1c0081c2
14959404ns          251932 1c008718 e00517d3 fclass.s         x15, f10            x15=00000040 f10:4231cff7
14959423ns          251933 1c00871c 0817f793 andi             x15, x15, 129       x15=00000000 x15:00000040
14959443ns          251934 1c008720 08079b63 bne              x15, x0, 150        x15:00000000
14959463ns          251935 1c008722 00000793 addi             x15, x0, 0          x15=00000000
14959483ns          251936 1c008726 a0f52753 feq.s            x14, f10, f15       x14=00000000 f10:4231cff7 f15:00000000
14959503ns          251937 1c00872a 08071163 bne              x14, x0, 130        x14:00000000
14959523ns          251938 1c00872c a0f507d3 fle.s            x15, f10, f15       x15=00000000 f10:4231cff7 f15:00000000
14959543ns          251939 1c008730 08079863 bne              x15, x0, 144        x15:00000000
14959563ns          251940 1c008732 a0a527d3 feq.s            x15, f10, f10       x15=00000001 f10:4231cff7 f10:4231cff7
14959583ns          251941 1c008736 08078563 beq              x15, x0, 138        x15:00000001
14959602ns          251942 1c008738 d17537b3 p.bclr           x15, x10, 8, 23     x15=0031cff7 x10:4231cff7
14959622ns          251943 1c00873c cb87c733 p.bset           x14, x15, 5, 24     x14=3f31cff7 x15:0031cff7
14959642ns          251944 1c008740 1c0006b7 lui              x13, 0x1c000000     x13=1c000000
14959662ns          251945 1c008744 1c0007b7 lui              x15, 0x1c000000     x15=1c000000
14959682ns          251946 1c008748 1306a683 lw               x13, 304(x13)       x13=c13c5fa8 x13:1c000000  PA:1c000130
14959980ns          251961 1c00874c 12c7a783 lw               x15, 300(x15)       x15=3ff7d7e5 x15:1c000000  PA:1c00012c
14960279ns          251976 1c008750 41755513 srai             x10, x10, 0x417     x10=00000084 x10:4231cff7
14960299ns          251977 1c008752 68e7f7c3 fmadd.s          f15, f15, f14, f13  f15=xxxxxxxx f15:3ff7d7e5 f14:3f31cff7 f13:c13c5fa8
14960319ns          251978 1c008756 1c0006b7 lui              x13, 0x1c000000     x13=1c000000
14960338ns          251979 1c00875a 1346a683 lw               x13, 308(x13)       x13=41fa6a03 x13:1c000000  PA:1c000134
14960637ns          251994 1c00875e f8250513 addi             x10, x10, -126      x10=00000006 x10:00000084
14960657ns          251995 1c008762 68e7f7c3 fmadd.s          f15, f15, f14, f13  f15=xxxxxxxx f15:c126daf4 f14:3f31cff7 f13:41fa6a03
14960677ns          251996 1c008766 1c0006b7 lui              x13, 0x1c000000     x13=1c000000
14960696ns          251997 1c00876a 1386a683 lw               x13, 312(x13)       x13=c23f0e08 x13:1c000000  PA:1c000138
14960995ns          252012 1c00876e d0057553 fcvt.s.w         f10, x10            f10=xxxxxxxx x10:00000006
14961015ns          252013 1c008772 68e7f7c3 fmadd.s          f15, f15, f14, f13  f15=xxxxxxxx f15:41c0778c f14:3f31cff7 f13:c23f0e08
14961035ns          252014 1c008776 1c0006b7 lui              x13, 0x1c000000     x13=1c000000
14961054ns          252015 1c00877a 13c6a683 lw               x13, 316(x13)       x13=42390412 x13:1c000000  PA:1c00013c
14961373ns          252031 1c00877e 68e7f7c3 fmadd.s          f15, f15, f14, f13  f15=xxxxxxxx f15:c1f86d0e f14:3f31cff7 f13:42390412
14961393ns          252032 1c008782 1c0006b7 lui              x13, 0x1c000000     x13=1c000000
14961412ns          252033 1c008786 1406a683 lw               x13, 320(x13)       x13=c1efd21b x13:1c000000  PA:1c000140
14961751ns          252050 1c00878a 68e7f7c3 fmadd.s          f15, f15, f14, f13  f15=xxxxxxxx f15:41c57aed f14:3f31cff7 f13:c1efd21b
14961771ns          252051 1c00878e 1c0006b7 lui              x13, 0x1c000000     x13=1c000000
14961790ns          252052 1c008792 1446a683 lw               x13, 324(x13)       x13=41644a86 x13:1c000000  PA:1c000144
14962109ns          252068 1c008796 68e7f7c3 fmadd.s          f15, f15, f14, f13  f15=xxxxxxxx f15:c14d4f60 f14:3f31cff7 f13:41644a86
14962129ns          252069 1c00879a 1c0006b7 lui              x13, 0x1c000000     x13=1c000000
14962148ns          252070 1c00879e 1486a683 lw               x13, 328(x13)       x13=c087dba8 x13:1c000000  PA:1c000148
14962467ns          252086 1c0087a2 68e7f7c3 fmadd.s          f15, f15, f14, f13  f15=xxxxxxxx f15:40ab5fb7 f14:3f31cff7 f13:c087dba8
14962487ns          252087 1c0087a6 00a7f553 fadd.s           f10, f15, f10       f10=xxxxxxxx f15:bf069a16 f10:40c00000
14962506ns          252088 1c0087aa 00008067 jalr             x0, x1, 0            x1:1c0081c2
14962566ns          252091 1c0081c2 11557553 fmul.s           f10, f10, f21       f10=xxxxxxxx f10:40af2cbd f21:3f317218
14962586ns          252092 1c0081c6 00a4222b p.sw             x10, 4(x8!)          x8=10000f04 x10:4072d802  x8:10000f00  PA:10000f00
14962606ns          252093 1c0081ca ff4419e3 bne              x8, x20, -14         x8:10000f04 x20:10000fd8
14962666ns          252096 1c0081bc 0049a50b p.lw             x10, 4(x19!)        x10=408eac64 x19=1c010250 x19:1c01024c  PA:1c01024c
14962964ns          252111 1c0081c0 558000ef jal              x1, 1368             x1=1c0081c2
14962984ns          252112 1c008718 e00517d3 fclass.s         x15, f10            x15=00000040 f10:408eac64
14963004ns          252113 1c00871c 0817f793 andi             x15, x15, 129       x15=00000000 x15:00000040
14963024ns          252114 1c008720 08079b63 bne              x15, x0, 150        x15:00000000
14963044ns          252115 1c008722 00000793 addi             x15, x0, 0          x15=00000000
14963063ns          252116 1c008726 a0f52753 feq.s            x14, f10, f15       x14=00000000 f10:408eac64 f15:00000000
14963083ns          252117 1c00872a 08071163 bne              x14, x0, 130        x14:00000000
14963103ns          252118 1c00872c a0f507d3 fle.s            x15, f10, f15       x15=00000000 f10:408eac64 f15:00000000
14963123ns          252119 1c008730 08079863 bne              x15, x0, 144        x15:00000000
14963143ns          252120 1c008732 a0a527d3 feq.s            x15, f10, f10       x15=00000001 f10:408eac64 f10:408eac64
14963163ns          252121 1c008736 08078563 beq              x15, x0, 138        x15:00000001
14963183ns          252122 1c008738 d17537b3 p.bclr           x15, x10, 8, 23     x15=000eac64 x10:408eac64
14963203ns          252123 1c00873c cb87c733 p.bset           x14, x15, 5, 24     x14=3f0eac64 x15:000eac64
14963223ns          252124 1c008740 1c0006b7 lui              x13, 0x1c000000     x13=1c000000
14963242ns          252125 1c008744 1c0007b7 lui              x15, 0x1c000000     x15=1c000000
14963262ns          252126 1c008748 1306a683 lw               x13, 304(x13)       x13=c13c5fa8 x13:1c000000  PA:1c000130
14963561ns          252141 1c00874c 12c7a783 lw               x15, 300(x15)       x15=3ff7d7e5 x15:1c000000  PA:1c00012c
14963859ns          252156 1c008750 41755513 srai             x10, x10, 0x417     x10=00000081 x10:408eac64
14963879ns          252157 1c008752 68e7f7c3 fmadd.s          f15, f15, f14, f13  f15=xxxxxxxx f15:3ff7d7e5 f14:3f0eac64 f13:c13c5fa8
14963899ns          252158 1c008756 1c0006b7 lui              x13, 0x1c000000     x13=1c000000
14963919ns          252159 1c00875a 1346a683 lw               x13, 308(x13)       x13=41fa6a03 x13:1c000000  PA:1c000134
14964217ns          252174 1c00875e f8250513 addi             x10, x10, -126      x10=00000003 x10:00000081
14964237ns          252175 1c008762 68e7f7c3 fmadd.s          f15, f15, f14, f13  f15=xxxxxxxx f15:c12b1b93 f14:3f0eac64 f13:41fa6a03
14964257ns          252176 1c008766 1c0006b7 lui              x13, 0x1c000000     x13=1c000000
14964277ns          252177 1c00876a 1386a683 lw               x13, 312(x13)       x13=c23f0e08 x13:1c000000  PA:1c000138
14964575ns          252192 1c00876e d0057553 fcvt.s.w         f10, x10            f10=xxxxxxxx x10:00000003
14964595ns          252193 1c008772 68e7f7c3 fmadd.s          f15, f15, f14, f13  f15=xxxxxxxx f15:41cabbc1 f14:3f0eac64 f13:c23f0e08
14964615ns          252194 1c008776 1c0006b7 lui              x13, 0x1c000000     x13=1c000000
14964635ns          252195 1c00877a 13c6a683 lw               x13, 316(x13)       x13=42390412 x13:1c000000  PA:1c00013c
14964953ns          252211 1c00877e 68e7f7c3 fmadd.s          f15, f15, f14, f13  f15=xxxxxxxx f15:c2068fb3 f14:3f0eac64 f13:42390412
14964973ns          252212 1c008782 1c0006b7 lui              x13, 0x1c000000     x13=1c000000
14964993ns          252213 1c008786 1406a683 lw               x13, 320(x13)       x13=c1efd21b x13:1c000000  PA:1c000140
14965311ns          252229 1c00878a 68e7f7c3 fmadd.s          f15, f15, f14, f13  f15=xxxxxxxx f15:41dc0b7f f14:3f0eac64 f13:c1efd21b
14965331ns          252230 1c00878e 1c0006b7 lui              x13, 0x1c000000     x13=1c000000
14965351ns          252231 1c008792 1446a683 lw               x13, 324(x13)       x13=41644a86 x13:1c000000  PA:1c000144
14965669ns          252247 1c008796 68e7f7c3 fmadd.s          f15, f15, f14, f13  f15=xxxxxxxx f15:c16a5f1a f14:3f0eac64 f13:41644a86
14965689ns          252248 1c00879a 1c0006b7 lui              x13, 0x1c000000     x13=1c000000
14965709ns          252249 1c00879e 1486a683 lw               x13, 328(x13)       x13=c087dba8 x13:1c000000  PA:1c000148
14966027ns          252265 1c0087a2 68e7f7c3 fmadd.s          f15, f15, f14, f13  f15=xxxxxxxx f15:40c357e4 f14:3f0eac64 f13:c087dba8
14966047ns          252266 1c0087a6 00a7f553 fadd.s           f10, f15, f10       f10=xxxxxxxx f15:bf57eae1 f10:40400000
14966067ns          252267 1c0087aa 00008067 jalr             x0, x1, 0            x1:1c0081c2
14966127ns          252270 1c0081c2 11557553 fmul.s           f10, f10, f21       f10=xxxxxxxx f10:400a0548 f21:3f317218
14966146ns          252271 1c0081c6 00a4222b p.sw             x10, 4(x8!)          x8=10000f08 x10:3fbf5654  x8:10000f04  PA:10000f04
14966166ns          252272 1c0081ca ff4419e3 bne              x8, x20, -14         x8:10000f08 x20:10000fd8
14966226ns          252275 1c0081bc 0049a50b p.lw             x10, 4(x19!)        x10=42575b82 x19=1c010254 x19:1c010250  PA:1c010250
14966524ns          252290 1c0081c0 558000ef jal              x1, 1368             x1=1c0081c2
14966544ns          252291 1c008718 e00517d3 fclass.s         x15, f10            x15=00000040 f10:42575b82
14966564ns          252292 1c00871c 0817f793 andi             x15, x15, 129       x15=00000000 x15:00000040
14966584ns          252293 1c008720 08079b63 bne              x15, x0, 150        x15:00000000
14966604ns          252294 1c008722 00000793 addi             x15, x0, 0          x15=00000000
14966624ns          252295 1c008726 a0f52753 feq.s            x14, f10, f15       x14=00000000 f10:42575b82 f15:00000000
14966644ns          252296 1c00872a 08071163 bne              x14, x0, 130        x14:00000000
14966664ns          252297 1c00872c a0f507d3 fle.s            x15, f10, f15       x15=00000000 f10:42575b82 f15:00000000
14966684ns          252298 1c008730 08079863 bne              x15, x0, 144        x15:00000000
14966703ns          252299 1c008732 a0a527d3 feq.s            x15, f10, f10       x15=00000001 f10:42575b82 f10:42575b82
14966723ns          252300 1c008736 08078563 beq              x15, x0, 138        x15:00000001
14966743ns          252301 1c008738 d17537b3 p.bclr           x15, x10, 8, 23     x15=00575b82 x10:42575b82
14966763ns          252302 1c00873c cb87c733 p.bset           x14, x15, 5, 24     x14=3f575b82 x15:00575b82
14966783ns          252303 1c008740 1c0006b7 lui              x13, 0x1c000000     x13=1c000000
14966803ns          252304 1c008744 1c0007b7 lui              x15, 0x1c000000     x15=1c000000
14966823ns          252305 1c008748 1306a683 lw               x13, 304(x13)       x13=c13c5fa8 x13:1c000000  PA:1c000130
14967141ns          252321 1c00874c 12c7a783 lw               x15, 300(x15)       x15=3ff7d7e5 x15:1c000000  PA:1c00012c
14967439ns          252336 1c008750 41755513 srai             x10, x10, 0x417     x10=00000084 x10:42575b82
14967459ns          252337 1c008752 68e7f7c3 fmadd.s          f15, f15, f14, f13  f15=xxxxxxxx f15:3ff7d7e5 f14:3f575b82 f13:c13c5fa8
14967479ns          252338 1c008756 1c0006b7 lui              x13, 0x1c000000     x13=1c000000
14967499ns          252339 1c00875a 1346a683 lw               x13, 308(x13)       x13=41fa6a03 x13:1c000000  PA:1c000134
14967797ns          252354 1c00875e f8250513 addi             x10, x10, -126      x10=00000006 x10:00000084
14967817ns          252355 1c008762 68e7f7c3 fmadd.s          f15, f15, f14, f13  f15=xxxxxxxx f15:c1224fcb f14:3f575b82 f13:41fa6a03
14967837ns          252356 1c008766 1c0006b7 lui              x13, 0x1c000000     x13=1c000000
14967857ns          252357 1c00876a 1386a683 lw               x13, 312(x13)       x13=c23f0e08 x13:1c000000  PA:1c000138
14968155ns          252372 1c00876e d0057553 fcvt.s.w         f10, x10            f10=xxxxxxxx x10:00000006
14968175ns          252373 1c008772 68e7f7c3 fmadd.s          f15, f15, f14, f13  f15=xxxxxxxx f15:41b6247f f14:3f575b82 f13:c23f0e08
14968195ns          252374 1c008776 1c0006b7 lui              x13, 0x1c000000     x13=1c000000
14968215ns          252375 1c00877a 13c6a683 lw               x13, 316(x13)       x13=42390412 x13:1c000000  PA:1c00013c
14968533ns          252391 1c00877e 68e7f7c3 fmadd.s          f15, f15, f14, f13  f15=xxxxxxxx f15:c1e4e24e f14:3f575b82 f13:42390412
14968553ns          252392 1c008782 1c0006b7 lui              x13, 0x1c000000     x13=1c000000
14968573ns          252393 1c008786 1406a683 lw               x13, 320(x13)       x13=c1efd21b x13:1c000000  PA:1c000140
14968891ns          252409 1c00878a 68e7f7c3 fmadd.s          f15, f15, f14, f13  f15=xxxxxxxx f15:41b17c44 f14:3f575b82 f13:c1efd21b
14968911ns          252410 1c00878e 1c0006b7 lui              x13, 0x1c000000     x13=1c000000
14968931ns          252411 1c008792 1446a683 lw               x13, 324(x13)       x13=41644a86 x13:1c000000  PA:1c000144
14969249ns          252427 1c008796 68e7f7c3 fmadd.s          f15, f15, f14, f13  f15=xxxxxxxx f15:c1350699 f14:3f575b82 f13:41644a86
14969269ns          252428 1c00879a 1c0006b7 lui              x13, 0x1c000000     x13=1c000000
14969289ns          252429 1c00879e 1486a683 lw               x13, 328(x13)       x13=c087dba8 x13:1c000000  PA:1c000148
14969607ns          252445 1c0087a2 68e7f7c3 fmadd.s          f15, f15, f14, f13  f15=xxxxxxxx f15:4098028c f14:3f575b82 f13:c087dba8
14969627ns          252446 1c0087a6 00a7f553 fadd.s           f10, f15, f10       f10=xxxxxxxx f15:be7f65ca f10:40c00000
14969647ns          252447 1c0087aa 00008067 jalr             x0, x1, 0            x1:1c0081c2
14969707ns          252450 1c0081c2 11557553 fmul.s           f10, f10, f21       f10=xxxxxxxx f10:40b804d2 f21:3f317218
14969727ns          252451 1c0081c6 00a4222b p.sw             x10, 4(x8!)          x8=10000f0c x10:407f1ab1  x8:10000f08  PA:10000f08
14969747ns          252452 1c0081ca ff4419e3 bne              x8, x20, -14         x8:10000f0c x20:10000fd8
14969806ns          252455 1c0081bc 0049a50b p.lw             x10, 4(x19!)        x10=42be71c4 x19=1c010258 x19:1c010254  PA:1c010254
14970105ns          252470 1c0081c0 558000ef jal              x1, 1368             x1=1c0081c2
14970125ns          252471 1c008718 e00517d3 fclass.s         x15, f10            x15=00000040 f10:42be71c4
14970145ns          252472 1c00871c 0817f793 andi             x15, x15, 129       x15=00000000 x15:00000040
14970164ns          252473 1c008720 08079b63 bne              x15, x0, 150        x15:00000000
14970184ns          252474 1c008722 00000793 addi             x15, x0, 0          x15=00000000
14970204ns          252475 1c008726 a0f52753 feq.s            x14, f10, f15       x14=00000000 f10:42be71c4 f15:00000000
14970224ns          252476 1c00872a 08071163 bne              x14, x0, 130        x14:00000000
14970244ns          252477 1c00872c a0f507d3 fle.s            x15, f10, f15       x15=00000000 f10:42be71c4 f15:00000000
14970264ns          252478 1c008730 08079863 bne              x15, x0, 144        x15:00000000
14970284ns          252479 1c008732 a0a527d3 feq.s            x15, f10, f10       x15=00000001 f10:42be71c4 f10:42be71c4
14970304ns          252480 1c008736 08078563 beq              x15, x0, 138        x15:00000001
14970324ns          252481 1c008738 d17537b3 p.bclr           x15, x10, 8, 23     x15=003e71c4 x10:42be71c4
14970343ns          252482 1c00873c cb87c733 p.bset           x14, x15, 5, 24     x14=3f3e71c4 x15:003e71c4
14970363ns          252483 1c008740 1c0006b7 lui              x13, 0x1c000000     x13=1c000000
14970383ns          252484 1c008744 1c0007b7 lui              x15, 0x1c000000     x15=1c000000
14970403ns          252485 1c008748 1306a683 lw               x13, 304(x13)       x13=c13c5fa8 x13:1c000000  PA:1c000130
14970701ns          252500 1c00874c 12c7a783 lw               x15, 300(x15)       x15=3ff7d7e5 x15:1c000000  PA:1c00012c
14971020ns          252516 1c008750 41755513 srai             x10, x10, 0x417     x10=00000085 x10:42be71c4
14971040ns          252517 1c008752 68e7f7c3 fmadd.s          f15, f15, f14, f13  f15=xxxxxxxx f15:3ff7d7e5 f14:3f3e71c4 f13:c13c5fa8
14971060ns          252518 1c008756 1c0006b7 lui              x13, 0x1c000000     x13=1c000000
14971079ns          252519 1c00875a 1346a683 lw               x13, 308(x13)       x13=41fa6a03 x13:1c000000  PA:1c000134
14971378ns          252534 1c00875e f8250513 addi             x10, x10, -126      x10=00000007 x10:00000085
14971398ns          252535 1c008762 68e7f7c3 fmadd.s          f15, f15, f14, f13  f15=xxxxxxxx f15:c125539c f14:3f3e71c4 f13:41fa6a03
14971418ns          252536 1c008766 1c0006b7 lui              x13, 0x1c000000     x13=1c000000
14971437ns          252537 1c00876a 1386a683 lw               x13, 312(x13)       x13=c23f0e08 x13:1c000000  PA:1c000138
14971736ns          252552 1c00876e d0057553 fcvt.s.w         f10, x10            f10=xxxxxxxx x10:00000007
14971756ns          252553 1c008772 68e7f7c3 fmadd.s          f15, f15, f14, f13  f15=xxxxxxxx f15:41bceb40 f14:3f3e71c4 f13:c23f0e08
14971776ns          252554 1c008776 1c0006b7 lui              x13, 0x1c000000     x13=1c000000
14971795ns          252555 1c00877a 13c6a683 lw               x13, 316(x13)       x13=42390412 x13:1c000000  PA:1c00013c
14972114ns          252571 1c00877e 68e7f7c3 fmadd.s          f15, f15, f14, f13  f15=xxxxxxxx f15:c1f19182 f14:3f3e71c4 f13:42390412
14972134ns          252572 1c008782 1c0006b7 lui              x13, 0x1c000000     x13=1c000000
14972154ns          252573 1c008786 1406a683 lw               x13, 320(x13)       x13=c1efd21b x13:1c000000  PA:1c000140
14972492ns          252590 1c00878a 68e7f7c3 fmadd.s          f15, f15, f14, f13  f15=xxxxxxxx f15:41be52cb f14:3f3e71c4 f13:c1efd21b
14972512ns          252591 1c00878e 1c0006b7 lui              x13, 0x1c000000     x13=1c000000
14972531ns          252592 1c008792 1446a683 lw               x13, 324(x13)       x13=41644a86 x13:1c000000  PA:1c000144
14972850ns          252608 1c008796 68e7f7c3 fmadd.s          f15, f15, f14, f13  f15=xxxxxxxx f15:c1447828 f14:3f3e71c4 f13:41644a86
14972870ns          252609 1c00879a 1c0006b7 lui              x13, 0x1c000000     x13=1c000000
14972889ns          252610 1c00879e 1486a683 lw               x13, 328(x13)       x13=c087dba8 x13:1c000000  PA:1c000148
14973208ns          252626 1c0087a2 68e7f7c3 fmadd.s          f15, f15, f14, f13  f15=xxxxxxxx f15:40a44412 f14:3f3e71c4 f13:c087dba8
14973228ns          252627 1c0087a6 00a7f553 fadd.s           f10, f15, f10       f10=xxxxxxxx f15:beda822d f10:40e00000
14973247ns          252628 1c0087aa 00008067 jalr             x0, x1, 0            x1:1c0081c2
14973307ns          252631 1c0081c2 11557553 fmul.s           f10, f10, f21       f10=xxxxxxxx f10:40d257dd f21:3f317218
14973327ns          252632 1c0081c6 00a4222b p.sw             x10, 4(x8!)          x8=10000f10 x10:4091cc7f  x8:10000f0c  PA:10000f0c
14973347ns          252633 1c0081ca ff4419e3 bne              x8, x20, -14         x8:10000f10 x20:10000fd8
14973407ns          252636 1c0081bc 0049a50b p.lw             x10, 4(x19!)        x10=41424f7f x19=1c01025c x19:1c010258  PA:1c010258
14973725ns          252652 1c0081c0 558000ef jal              x1, 1368             x1=1c0081c2
14973745ns          252653 1c008718 e00517d3 fclass.s         x15, f10            x15=00000040 f10:41424f7f
14973765ns          252654 1c00871c 0817f793 andi             x15, x15, 129       x15=00000000 x15:00000040
14973785ns          252655 1c008720 08079b63 bne              x15, x0, 150        x15:00000000
14973804ns          252656 1c008722 00000793 addi             x15, x0, 0          x15=00000000
14973824ns          252657 1c008726 a0f52753 feq.s            x14, f10, f15       x14=00000000 f10:41424f7f f15:00000000
14973844ns          252658 1c00872a 08071163 bne              x14, x0, 130        x14:00000000
14973864ns          252659 1c00872c a0f507d3 fle.s            x15, f10, f15       x15=00000000 f10:41424f7f f15:00000000
14973884ns          252660 1c008730 08079863 bne              x15, x0, 144        x15:00000000
14973904ns          252661 1c008732 a0a527d3 feq.s            x15, f10, f10       x15=00000001 f10:41424f7f f10:41424f7f
14973924ns          252662 1c008736 08078563 beq              x15, x0, 138        x15:00000001
14973944ns          252663 1c008738 d17537b3 p.bclr           x15, x10, 8, 23     x15=00424f7f x10:41424f7f
14973964ns          252664 1c00873c cb87c733 p.bset           x14, x15, 5, 24     x14=3f424f7f x15:00424f7f
14973983ns          252665 1c008740 1c0006b7 lui              x13, 0x1c000000     x13=1c000000
14974003ns          252666 1c008744 1c0007b7 lui              x15, 0x1c000000     x15=1c000000
14974023ns          252667 1c008748 1306a683 lw               x13, 304(x13)       x13=c13c5fa8 x13:1c000000  PA:1c000130
14974322ns          252682 1c00874c 12c7a783 lw               x15, 300(x15)       x15=3ff7d7e5 x15:1c000000  PA:1c00012c
14974620ns          252697 1c008750 41755513 srai             x10, x10, 0x417     x10=00000082 x10:41424f7f
14974640ns          252698 1c008752 68e7f7c3 fmadd.s          f15, f15, f14, f13  f15=xxxxxxxx f15:3ff7d7e5 f14:3f424f7f f13:c13c5fa8
14974660ns          252699 1c008756 1c0006b7 lui              x13, 0x1c000000     x13=1c000000
14974680ns          252700 1c00875a 1346a683 lw               x13, 308(x13)       x13=41fa6a03 x13:1c000000  PA:1c000134
14974978ns          252715 1c00875e f8250513 addi             x10, x10, -126      x10=00000004 x10:00000082
14974998ns          252716 1c008762 68e7f7c3 fmadd.s          f15, f15, f14, f13  f15=xxxxxxxx f15:c124dbd6 f14:3f424f7f f13:41fa6a03
14975018ns          252717 1c008766 1c0006b7 lui              x13, 0x1c000000     x13=1c000000
14975038ns          252718 1c00876a 1386a683 lw               x13, 312(x13)       x13=c23f0e08 x13:1c000000  PA:1c000138
14975336ns          252733 1c00876e d0057553 fcvt.s.w         f10, x10            f10=xxxxxxxx x10:00000004
14975356ns          252734 1c008772 68e7f7c3 fmadd.s          f15, f15, f14, f13  f15=xxxxxxxx f15:41bbd91e f14:3f424f7f f13:c23f0e08
14975376ns          252735 1c008776 1c0006b7 lui              x13, 0x1c000000     x13=1c000000
14975396ns          252736 1c00877a 13c6a683 lw               x13, 316(x13)       x13=42390412 x13:1c000000  PA:1c00013c
14975714ns          252752 1c00877e 68e7f7c3 fmadd.s          f15, f15, f14, f13  f15=xxxxxxxx f15:c1ef8732 f14:3f424f7f f13:42390412
14975734ns          252753 1c008782 1c0006b7 lui              x13, 0x1c000000     x13=1c000000
14975754ns          252754 1c008786 1406a683 lw               x13, 320(x13)       x13=c1efd21b x13:1c000000  PA:1c000140
14976072ns          252770 1c00878a 68e7f7c3 fmadd.s          f15, f15, f14, f13  f15=xxxxxxxx f15:41bc394f f14:3f424f7f f13:c1efd21b
14976092ns          252771 1c00878e 1c0006b7 lui              x13, 0x1c000000     x13=1c000000
14976112ns          252772 1c008792 1446a683 lw               x13, 324(x13)       x13=41644a86 x13:1c000000  PA:1c000144
14976450ns          252789 1c008796 68e7f7c3 fmadd.s          f15, f15, f14, f13  f15=xxxxxxxx f15:c141e874 f14:3f424f7f f13:41644a86
14976470ns          252790 1c00879a 1c0006b7 lui              x13, 0x1c000000     x13=1c000000
14976490ns          252791 1c00879e 1486a683 lw               x13, 328(x13)       x13=c087dba8 x13:1c000000  PA:1c000148
14976808ns          252807 1c0087a2 68e7f7c3 fmadd.s          f15, f15, f14, f13  f15=xxxxxxxx f15:40a2384e f14:3f424f7f f13:c087dba8
14976828ns          252808 1c0087a6 00a7f553 fadd.s           f10, f15, f10       f10=xxxxxxxx f15:becba9d1 f10:40800000
14976848ns          252809 1c0087aa 00008067 jalr             x0, x1, 0            x1:1c0081c2
14976907ns          252812 1c0081c2 11557553 fmul.s           f10, f10, f21       f10=xxxxxxxx f10:40668ac6 f21:3f317218
14976927ns          252813 1c0081c6 00a4222b p.sw             x10, 4(x8!)          x8=10000f14 x10:401fccb2  x8:10000f10  PA:10000f10
14976947ns          252814 1c0081ca ff4419e3 bne              x8, x20, -14         x8:10000f14 x20:10000fd8
14977007ns          252817 1c0081bc 0049a50b p.lw             x10, 4(x19!)        x10=428056fb x19=1c010260 x19:1c01025c  PA:1c01025c
14977305ns          252832 1c0081c0 558000ef jal              x1, 1368             x1=1c0081c2
14977325ns          252833 1c008718 e00517d3 fclass.s         x15, f10            x15=00000040 f10:428056fb
14977345ns          252834 1c00871c 0817f793 andi             x15, x15, 129       x15=00000000 x15:00000040
14977365ns          252835 1c008720 08079b63 bne              x15, x0, 150        x15:00000000
14977385ns          252836 1c008722 00000793 addi             x15, x0, 0          x15=00000000
14977405ns          252837 1c008726 a0f52753 feq.s            x14, f10, f15       x14=00000000 f10:428056fb f15:00000000
14977425ns          252838 1c00872a 08071163 bne              x14, x0, 130        x14:00000000
14977444ns          252839 1c00872c a0f507d3 fle.s            x15, f10, f15       x15=00000000 f10:428056fb f15:00000000
14977464ns          252840 1c008730 08079863 bne              x15, x0, 144        x15:00000000
14977484ns          252841 1c008732 a0a527d3 feq.s            x15, f10, f10       x15=00000001 f10:428056fb f10:428056fb
14977504ns          252842 1c008736 08078563 beq              x15, x0, 138        x15:00000001
14977524ns          252843 1c008738 d17537b3 p.bclr           x15, x10, 8, 23     x15=000056fb x10:428056fb
14977544ns          252844 1c00873c cb87c733 p.bset           x14, x15, 5, 24     x14=3f0056fb x15:000056fb
14977564ns          252845 1c008740 1c0006b7 lui              x13, 0x1c000000     x13=1c000000
14977584ns          252846 1c008744 1c0007b7 lui              x15, 0x1c000000     x15=1c000000
14977604ns          252847 1c008748 1306a683 lw               x13, 304(x13)       x13=c13c5fa8 x13:1c000000  PA:1c000130
14977902ns          252862 1c00874c 12c7a783 lw               x15, 300(x15)       x15=3ff7d7e5 x15:1c000000  PA:1c00012c
14978200ns          252877 1c008750 41755513 srai             x10, x10, 0x417     x10=00000085 x10:428056fb
14978220ns          252878 1c008752 68e7f7c3 fmadd.s          f15, f15, f14, f13  f15=xxxxxxxx f15:3ff7d7e5 f14:3f0056fb f13:c13c5fa8
14978240ns          252879 1c008756 1c0006b7 lui              x13, 0x1c000000     x13=1c000000
14978260ns          252880 1c00875a 1346a683 lw               x13, 308(x13)       x13=41fa6a03 x13:1c000000  PA:1c000134
14978558ns          252895 1c00875e f8250513 addi             x10, x10, -126      x10=00000007 x10:00000085
14978578ns          252896 1c008762 68e7f7c3 fmadd.s          f15, f15, f14, f13  f15=xxxxxxxx f15:c12cd7a3 f14:3f0056fb f13:41fa6a03
14978598ns          252897 1c008766 1c0006b7 lui              x13, 0x1c000000     x13=1c000000
14978618ns          252898 1c00876a 1386a683 lw               x13, 312(x13)       x13=c23f0e08 x13:1c000000  PA:1c000138
14978916ns          252913 1c00876e d0057553 fcvt.s.w         f10, x10            f10=xxxxxxxx x10:00000007
14978936ns          252914 1c008772 68e7f7c3 fmadd.s          f15, f15, f14, f13  f15=xxxxxxxx f15:41cf16bd f14:3f0056fb f13:c23f0e08
14978956ns          252915 1c008776 1c0006b7 lui              x13, 0x1c000000     x13=1c000000
14978976ns          252916 1c00877a 13c6a683 lw               x13, 316(x13)       x13=42390412 x13:1c000000  PA:1c00013c
14979294ns          252932 1c00877e 68e7f7c3 fmadd.s          f15, f15, f14, f13  f15=xxxxxxxx f15:c20b252a f14:3f0056fb f13:42390412
14979314ns          252933 1c008782 1c0006b7 lui              x13, 0x1c000000     x13=1c000000
14979334ns          252934 1c008786 1406a683 lw               x13, 320(x13)       x13=c1efd21b x13:1c000000  PA:1c000140
14979672ns          252951 1c00878a 68e7f7c3 fmadd.s          f15, f15, f14, f13  f15=xxxxxxxx f15:41e6846c f14:3f0056fb f13:c1efd21b
14979692ns          252952 1c00878e 1c0006b7 lui              x13, 0x1c000000     x13=1c000000
14979712ns          252953 1c008792 1446a683 lw               x13, 324(x13)       x13=41644a86 x13:1c000000  PA:1c000144
14980030ns          252969 1c008796 68e7f7c3 fmadd.s          f15, f15, f14, f13  f15=xxxxxxxx f15:c1788325 f14:3f0056fb f13:41644a86
14980050ns          252970 1c00879a 1c0006b7 lui              x13, 0x1c000000     x13=1c000000
14980070ns          252971 1c00879e 1486a683 lw               x13, 328(x13)       x13=c087dba8 x13:1c000000  PA:1c000148
14980408ns          252988 1c0087a2 68e7f7c3 fmadd.s          f15, f15, f14, f13  f15=xxxxxxxx f15:40cf6908 f14:3f0056fb f13:c087dba8
14980428ns          252989 1c0087a6 00a7f553 fadd.s           f10, f15, f10       f10=xxxxxxxx f15:bf7f055b f10:40e00000
14980448ns          252990 1c0087aa 00008067 jalr             x0, x1, 0            x1:1c0081c2
14980508ns          252993 1c0081c2 11557553 fmul.s           f10, f10, f21       f10=xxxxxxxx f10:40c01f55 f21:3f317218
14980528ns          252994 1c0081c6 00a4222b p.sw             x10, 4(x8!)          x8=10000f18 x10:40852b4a  x8:10000f14  PA:10000f14
14980547ns          252995 1c0081ca ff4419e3 bne              x8, x20, -14         x8:10000f18 x20:10000fd8
14980607ns          252998 1c0081bc 0049a50b p.lw             x10, 4(x19!)        x10=41b2805d x19=1c010264 x19:1c010260  PA:1c010260
14980905ns          253013 1c0081c0 558000ef jal              x1, 1368             x1=1c0081c2
14980925ns          253014 1c008718 e00517d3 fclass.s         x15, f10            x15=00000040 f10:41b2805d
14980945ns          253015 1c00871c 0817f793 andi             x15, x15, 129       x15=00000000 x15:00000040
14980965ns          253016 1c008720 08079b63 bne              x15, x0, 150        x15:00000000
14980985ns          253017 1c008722 00000793 addi             x15, x0, 0          x15=00000000
14981005ns          253018 1c008726 a0f52753 feq.s            x14, f10, f15       x14=00000000 f10:41b2805d f15:00000000
14981025ns          253019 1c00872a 08071163 bne              x14, x0, 130        x14:00000000
14981045ns          253020 1c00872c a0f507d3 fle.s            x15, f10, f15       x15=00000000 f10:41b2805d f15:00000000
14981065ns          253021 1c008730 08079863 bne              x15, x0, 144        x15:00000000
14981084ns          253022 1c008732 a0a527d3 feq.s            x15, f10, f10       x15=00000001 f10:41b2805d f10:41b2805d
14981104ns          253023 1c008736 08078563 beq              x15, x0, 138        x15:00000001
14981124ns          253024 1c008738 d17537b3 p.bclr           x15, x10, 8, 23     x15=0032805d x10:41b2805d
14981144ns          253025 1c00873c cb87c733 p.bset           x14, x15, 5, 24     x14=3f32805d x15:0032805d
14981164ns          253026 1c008740 1c0006b7 lui              x13, 0x1c000000     x13=1c000000
14981184ns          253027 1c008744 1c0007b7 lui              x15, 0x1c000000     x15=1c000000
14981204ns          253028 1c008748 1306a683 lw               x13, 304(x13)       x13=c13c5fa8 x13:1c000000  PA:1c000130
14981502ns          253043 1c00874c 12c7a783 lw               x15, 300(x15)       x15=3ff7d7e5 x15:1c000000  PA:1c00012c
14981801ns          253058 1c008750 41755513 srai             x10, x10, 0x417     x10=00000083 x10:41b2805d
14981820ns          253059 1c008752 68e7f7c3 fmadd.s          f15, f15, f14, f13  f15=xxxxxxxx f15:3ff7d7e5 f14:3f32805d f13:c13c5fa8
14981840ns          253060 1c008756 1c0006b7 lui              x13, 0x1c000000     x13=1c000000
14981860ns          253061 1c00875a 1346a683 lw               x13, 308(x13)       x13=41fa6a03 x13:1c000000  PA:1c000134
14982198ns          253078 1c00875e f8250513 addi             x10, x10, -126      x10=00000005 x10:00000083
14982218ns          253079 1c008762 68e7f7c3 fmadd.s          f15, f15, f14, f13  f15=xxxxxxxx f15:c126c59c f14:3f32805d f13:41fa6a03
14982238ns          253080 1c008766 1c0006b7 lui              x13, 0x1c000000     x13=1c000000
14982258ns          253081 1c00876a 1386a683 lw               x13, 312(x13)       x13=c23f0e08 x13:1c000000  PA:1c000138
14982556ns          253096 1c00876e d0057553 fcvt.s.w         f10, x10            f10=xxxxxxxx x10:00000005
14982576ns          253097 1c008772 68e7f7c3 fmadd.s          f15, f15, f14, f13  f15=xxxxxxxx f15:41c04580 f14:3f32805d f13:c23f0e08
14982596ns          253098 1c008776 1c0006b7 lui              x13, 0x1c000000     x13=1c000000
14982616ns          253099 1c00877a 13c6a683 lw               x13, 316(x13)       x13=42390412 x13:1c000000  PA:1c00013c
14982934ns          253115 1c00877e 68e7f7c3 fmadd.s          f15, f15, f14, f13  f15=xxxxxxxx f15:c1f80b54 f14:3f32805d f13:42390412
14982954ns          253116 1c008782 1c0006b7 lui              x13, 0x1c000000     x13=1c000000
14982974ns          253117 1c008786 1406a683 lw               x13, 320(x13)       x13=c1efd21b x13:1c000000  PA:1c000140
14983292ns          253133 1c00878a 68e7f7c3 fmadd.s          f15, f15, f14, f13  f15=xxxxxxxx f15:41c513e4 f14:3f32805d f13:c1efd21b
14983312ns          253134 1c00878e 1c0006b7 lui              x13, 0x1c000000     x13=1c000000
14983332ns          253135 1c008792 1446a683 lw               x13, 324(x13)       x13=41644a86 x13:1c000000  PA:1c000144
14983650ns          253151 1c008796 68e7f7c3 fmadd.s          f15, f15, f14, f13  f15=xxxxxxxx f15:c14cceea f14:3f32805d f13:41644a86
14983670ns          253152 1c00879a 1c0006b7 lui              x13, 0x1c000000     x13=1c000000
14983690ns          253153 1c00879e 1486a683 lw               x13, 328(x13)       x13=c087dba8 x13:1c000000  PA:1c000148
14984008ns          253169 1c0087a2 68e7f7c3 fmadd.s          f15, f15, f14, f13  f15=xxxxxxxx f15:40aaf7eb f14:3f32805d f13:c087dba8
14984028ns          253170 1c0087a6 00a7f553 fadd.s           f10, f15, f10       f10=xxxxxxxx f15:bf052c64 f10:40a00000
14984048ns          253171 1c0087aa 00008067 jalr             x0, x1, 0            x1:1c0081c2
14984108ns          253174 1c0081c2 11557553 fmul.s           f10, f10, f21       f10=xxxxxxxx f10:408f5a74 f21:3f317218
14984128ns          253175 1c0081c6 00a4222b p.sw             x10, 4(x8!)          x8=10000f1c x10:4046badc  x8:10000f18  PA:10000f18
14984148ns          253176 1c0081ca ff4419e3 bne              x8, x20, -14         x8:10000f1c x20:10000fd8
14984207ns          253179 1c0081bc 0049a50b p.lw             x10, 4(x19!)        x10=42178383 x19=1c010268 x19:1c010264  PA:1c010264
14984506ns          253194 1c0081c0 558000ef jal              x1, 1368             x1=1c0081c2
14984526ns          253195 1c008718 e00517d3 fclass.s         x15, f10            x15=00000040 f10:42178383
14984545ns          253196 1c00871c 0817f793 andi             x15, x15, 129       x15=00000000 x15:00000040
14984565ns          253197 1c008720 08079b63 bne              x15, x0, 150        x15:00000000
14984585ns          253198 1c008722 00000793 addi             x15, x0, 0          x15=00000000
14984605ns          253199 1c008726 a0f52753 feq.s            x14, f10, f15       x14=00000000 f10:42178383 f15:00000000
14984625ns          253200 1c00872a 08071163 bne              x14, x0, 130        x14:00000000
14984645ns          253201 1c00872c a0f507d3 fle.s            x15, f10, f15       x15=00000000 f10:42178383 f15:00000000
14984665ns          253202 1c008730 08079863 bne              x15, x0, 144        x15:00000000
14984685ns          253203 1c008732 a0a527d3 feq.s            x15, f10, f10       x15=00000001 f10:42178383 f10:42178383
14984705ns          253204 1c008736 08078563 beq              x15, x0, 138        x15:00000001
14984724ns          253205 1c008738 d17537b3 p.bclr           x15, x10, 8, 23     x15=00178383 x10:42178383
14984744ns          253206 1c00873c cb87c733 p.bset           x14, x15, 5, 24     x14=3f178383 x15:00178383
14984764ns          253207 1c008740 1c0006b7 lui              x13, 0x1c000000     x13=1c000000
14984784ns          253208 1c008744 1c0007b7 lui              x15, 0x1c000000     x15=1c000000
14984804ns          253209 1c008748 1306a683 lw               x13, 304(x13)       x13=c13c5fa8 x13:1c000000  PA:1c000130
14985102ns          253224 1c00874c 12c7a783 lw               x15, 300(x15)       x15=3ff7d7e5 x15:1c000000  PA:1c00012c
14985401ns          253239 1c008750 41755513 srai             x10, x10, 0x417     x10=00000084 x10:42178383
14985421ns          253240 1c008752 68e7f7c3 fmadd.s          f15, f15, f14, f13  f15=xxxxxxxx f15:3ff7d7e5 f14:3f178383 f13:c13c5fa8
14985441ns          253241 1c008756 1c0006b7 lui              x13, 0x1c000000     x13=1c000000
14985460ns          253242 1c00875a 1346a683 lw               x13, 308(x13)       x13=41fa6a03 x13:1c000000  PA:1c000134
14985779ns          253258 1c00875e f8250513 addi             x10, x10, -126      x10=00000006 x10:00000084
14985799ns          253259 1c008762 68e7f7c3 fmadd.s          f15, f15, f14, f13  f15=xxxxxxxx f15:c12a09b3 f14:3f178383 f13:41fa6a03
14985818ns          253260 1c008766 1c0006b7 lui              x13, 0x1c000000     x13=1c000000
14985838ns          253261 1c00876a 1386a683 lw               x13, 312(x13)       x13=c23f0e08 x13:1c000000  PA:1c000138
14986157ns          253277 1c00876e d0057553 fcvt.s.w         f10, x10            f10=xxxxxxxx x10:00000006
14986176ns          253278 1c008772 68e7f7c3 fmadd.s          f15, f15, f14, f13  f15=xxxxxxxx f15:41c8187a f14:3f178383 f13:c23f0e08
14986196ns          253279 1c008776 1c0006b7 lui              x13, 0x1c000000     x13=1c000000
14986216ns          253280 1c00877a 13c6a683 lw               x13, 316(x13)       x13=42390412 x13:1c000000  PA:1c00013c
14986535ns          253296 1c00877e 68e7f7c3 fmadd.s          f15, f15, f14, f13  f15=xxxxxxxx f15:c203d76b f14:3f178383 f13:42390412
14986554ns          253297 1c008782 1c0006b7 lui              x13, 0x1c000000     x13=1c000000
14986574ns          253298 1c008786 1406a683 lw               x13, 320(x13)       x13=c1efd21b x13:1c000000  PA:1c000140
14986893ns          253314 1c00878a 68e7f7c3 fmadd.s          f15, f15, f14, f13  f15=xxxxxxxx f15:41d5f88e f14:3f178383 f13:c1efd21b
14986912ns          253315 1c00878e 1c0006b7 lui              x13, 0x1c000000     x13=1c000000
14986932ns          253316 1c008792 1446a683 lw               x13, 324(x13)       x13=41644a86 x13:1c000000  PA:1c000144
14987251ns          253332 1c008796 68e7f7c3 fmadd.s          f15, f15, f14, f13  f15=xxxxxxxx f15:c1625d27 f14:3f178383 f13:41644a86
14987270ns          253333 1c00879a 1c0006b7 lui              x13, 0x1c000000     x13=1c000000
14987290ns          253334 1c00879e 1486a683 lw               x13, 328(x13)       x13=c087dba8 x13:1c000000  PA:1c000148
14987609ns          253350 1c0087a2 68e7f7c3 fmadd.s          f15, f15, f14, f13  f15=xxxxxxxx f15:40bca295 f14:3f178383 f13:c087dba8
14987629ns          253351 1c0087a6 00a7f553 fadd.s           f10, f15, f10       f10=xxxxxxxx f15:bf41b6d3 f10:40c00000
14987648ns          253352 1c0087aa 00008067 jalr             x0, x1, 0            x1:1c0081c2
14987708ns          253355 1c0081c2 11557553 fmul.s           f10, f10, f21       f10=xxxxxxxx f10:40a7c926 f21:3f317218
14987728ns          253356 1c0081c6 00a4222b p.sw             x10, 4(x8!)          x8=10000f20 x10:406899b5  x8:10000f1c  PA:10000f1c
14987748ns          253357 1c0081ca ff4419e3 bne              x8, x20, -14         x8:10000f20 x20:10000fd8
14987808ns          253360 1c0081bc 0049a50b p.lw             x10, 4(x19!)        x10=423925ae x19=1c01026c x19:1c010268  PA:1c010268
14988106ns          253375 1c0081c0 558000ef jal              x1, 1368             x1=1c0081c2
14988126ns          253376 1c008718 e00517d3 fclass.s         x15, f10            x15=00000040 f10:423925ae
14988146ns          253377 1c00871c 0817f793 andi             x15, x15, 129       x15=00000000 x15:00000040
14988166ns          253378 1c008720 08079b63 bne              x15, x0, 150        x15:00000000
14988185ns          253379 1c008722 00000793 addi             x15, x0, 0          x15=00000000
14988205ns          253380 1c008726 a0f52753 feq.s            x14, f10, f15       x14=00000000 f10:423925ae f15:00000000
14988225ns          253381 1c00872a 08071163 bne              x14, x0, 130        x14:00000000
14988245ns          253382 1c00872c a0f507d3 fle.s            x15, f10, f15       x15=00000000 f10:423925ae f15:00000000
14988265ns          253383 1c008730 08079863 bne              x15, x0, 144        x15:00000000
14988285ns          253384 1c008732 a0a527d3 feq.s            x15, f10, f10       x15=00000001 f10:423925ae f10:423925ae
14988305ns          253385 1c008736 08078563 beq              x15, x0, 138        x15:00000001
14988325ns          253386 1c008738 d17537b3 p.bclr           x15, x10, 8, 23     x15=003925ae x10:423925ae
14988345ns          253387 1c00873c cb87c733 p.bset           x14, x15, 5, 24     x14=3f3925ae x15:003925ae
14988364ns          253388 1c008740 1c0006b7 lui              x13, 0x1c000000     x13=1c000000
14988384ns          253389 1c008744 1c0007b7 lui              x15, 0x1c000000     x15=1c000000
14988404ns          253390 1c008748 1306a683 lw               x13, 304(x13)       x13=c13c5fa8 x13:1c000000  PA:1c000130
14988703ns          253405 1c00874c 12c7a783 lw               x15, 300(x15)       x15=3ff7d7e5 x15:1c000000  PA:1c00012c
14989001ns          253420 1c008750 41755513 srai             x10, x10, 0x417     x10=00000084 x10:423925ae
14989021ns          253421 1c008752 68e7f7c3 fmadd.s          f15, f15, f14, f13  f15=xxxxxxxx f15:3ff7d7e5 f14:3f3925ae f13:c13c5fa8
14989041ns          253422 1c008756 1c0006b7 lui              x13, 0x1c000000     x13=1c000000
14989061ns          253423 1c00875a 1346a683 lw               x13, 308(x13)       x13=41fa6a03 x13:1c000000  PA:1c000134
14989359ns          253438 1c00875e f8250513 addi             x10, x10, -126      x10=00000006 x10:00000084
14989379ns          253439 1c008762 68e7f7c3 fmadd.s          f15, f15, f14, f13  f15=xxxxxxxx f15:c125f7b8 f14:3f3925ae f13:41fa6a03
14989399ns          253440 1c008766 1c0006b7 lui              x13, 0x1c000000     x13=1c000000
14989419ns          253441 1c00876a 1386a683 lw               x13, 312(x13)       x13=c23f0e08 x13:1c000000  PA:1c000138
14989737ns          253457 1c00876e d0057553 fcvt.s.w         f10, x10            f10=xxxxxxxx x10:00000006
14989757ns          253458 1c008772 68e7f7c3 fmadd.s          f15, f15, f14, f13  f15=xxxxxxxx f15:41be65ca f14:3f3925ae f13:c23f0e08
14989777ns          253459 1c008776 1c0006b7 lui              x13, 0x1c000000     x13=1c000000
14989797ns          253460 1c00877a 13c6a683 lw               x13, 316(x13)       x13=42390412 x13:1c000000  PA:1c00013c
14990135ns          253477 1c00877e 68e7f7c3 fmadd.s          f15, f15, f14, f13  f15=xxxxxxxx f15:c1f4687b f14:3f3925ae f13:42390412
14990155ns          253478 1c008782 1c0006b7 lui              x13, 0x1c000000     x13=1c000000
14990175ns          253479 1c008786 1406a683 lw               x13, 320(x13)       x13=c1efd21b x13:1c000000  PA:1c000140
14990493ns          253495 1c00878a 68e7f7c3 fmadd.s          f15, f15, f14, f13  f15=xxxxxxxx f15:41c144aa f14:3f3925ae f13:c1efd21b
14990513ns          253496 1c00878e 1c0006b7 lui              x13, 0x1c000000     x13=1c000000
14990533ns          253497 1c008792 1446a683 lw               x13, 324(x13)       x13=41644a86 x13:1c000000  PA:1c000144
14990851ns          253513 1c008796 68e7f7c3 fmadd.s          f15, f15, f14, f13  f15=xxxxxxxx f15:c1481614 f14:3f3925ae f13:41644a86
14990871ns          253514 1c00879a 1c0006b7 lui              x13, 0x1c000000     x13=1c000000
14990891ns          253515 1c00879e 1486a683 lw               x13, 328(x13)       x13=c087dba8 x13:1c000000  PA:1c000148
14991209ns          253531 1c0087a2 68e7f7c3 fmadd.s          f15, f15, f14, f13  f15=xxxxxxxx f15:40a72a3d f14:3f3925ae f13:c087dba8
14991229ns          253532 1c0087a6 00a7f553 fadd.s           f10, f15, f10       f10=xxxxxxxx f15:beef5873 f10:40c00000
14991249ns          253533 1c0087aa 00008067 jalr             x0, x1, 0            x1:1c0081c2
14991308ns          253536 1c0081c2 11557553 fmul.s           f10, f10, f21       f10=xxxxxxxx f10:40b10a79 f21:3f317218
14991328ns          253537 1c0081c6 00a4222b p.sw             x10, 4(x8!)          x8=10000f24 x10:40756e4a  x8:10000f20  PA:10000f20
14991348ns          253538 1c0081ca ff4419e3 bne              x8, x20, -14         x8:10000f24 x20:10000fd8
14991408ns          253541 1c0081bc 0049a50b p.lw             x10, 4(x19!)        x10=422c3e2a x19=1c010270 x19:1c01026c  PA:1c01026c
14991706ns          253556 1c0081c0 558000ef jal              x1, 1368             x1=1c0081c2
14991726ns          253557 1c008718 e00517d3 fclass.s         x15, f10            x15=00000040 f10:422c3e2a
14991746ns          253558 1c00871c 0817f793 andi             x15, x15, 129       x15=00000000 x15:00000040
14991766ns          253559 1c008720 08079b63 bne              x15, x0, 150        x15:00000000
14991786ns          253560 1c008722 00000793 addi             x15, x0, 0          x15=00000000
14991806ns          253561 1c008726 a0f52753 feq.s            x14, f10, f15       x14=00000000 f10:422c3e2a f15:00000000
14991825ns          253562 1c00872a 08071163 bne              x14, x0, 130        x14:00000000
14991845ns          253563 1c00872c a0f507d3 fle.s            x15, f10, f15       x15=00000000 f10:422c3e2a f15:00000000
14991865ns          253564 1c008730 08079863 bne              x15, x0, 144        x15:00000000
14991885ns          253565 1c008732 a0a527d3 feq.s            x15, f10, f10       x15=00000001 f10:422c3e2a f10:422c3e2a
14991905ns          253566 1c008736 08078563 beq              x15, x0, 138        x15:00000001
14991925ns          253567 1c008738 d17537b3 p.bclr           x15, x10, 8, 23     x15=002c3e2a x10:422c3e2a
14991945ns          253568 1c00873c cb87c733 p.bset           x14, x15, 5, 24     x14=3f2c3e2a x15:002c3e2a
14991965ns          253569 1c008740 1c0006b7 lui              x13, 0x1c000000     x13=1c000000
14991985ns          253570 1c008744 1c0007b7 lui              x15, 0x1c000000     x15=1c000000
14992004ns          253571 1c008748 1306a683 lw               x13, 304(x13)       x13=c13c5fa8 x13:1c000000  PA:1c000130
14992343ns          253588 1c00874c 12c7a783 lw               x15, 300(x15)       x15=3ff7d7e5 x15:1c000000  PA:1c00012c
14992641ns          253603 1c008750 41755513 srai             x10, x10, 0x417     x10=00000084 x10:422c3e2a
14992661ns          253604 1c008752 68e7f7c3 fmadd.s          f15, f15, f14, f13  f15=xxxxxxxx f15:3ff7d7e5 f14:3f2c3e2a f13:c13c5fa8
14992681ns          253605 1c008756 1c0006b7 lui              x13, 0x1c000000     x13=1c000000
14992701ns          253606 1c00875a 1346a683 lw               x13, 308(x13)       x13=41fa6a03 x13:1c000000  PA:1c000134
14992999ns          253621 1c00875e f8250513 addi             x10, x10, -126      x10=00000006 x10:00000084
14993019ns          253622 1c008762 68e7f7c3 fmadd.s          f15, f15, f14, f13  f15=xxxxxxxx f15:c1278780 f14:3f2c3e2a f13:41fa6a03
14993039ns          253623 1c008766 1c0006b7 lui              x13, 0x1c000000     x13=1c000000
14993059ns          253624 1c00876a 1386a683 lw               x13, 312(x13)       x13=c23f0e08 x13:1c000000  PA:1c000138
14993357ns          253639 1c00876e d0057553 fcvt.s.w         f10, x10            f10=xxxxxxxx x10:00000006
14993377ns          253640 1c008772 68e7f7c3 fmadd.s          f15, f15, f14, f13  f15=xxxxxxxx f15:41c20e27 f14:3f2c3e2a f13:c23f0e08
14993397ns          253641 1c008776 1c0006b7 lui              x13, 0x1c000000     x13=1c000000
14993417ns          253642 1c00877a 13c6a683 lw               x13, 316(x13)       x13=42390412 x13:1c000000  PA:1c00013c
14993775ns          253660 1c00877e 68e7f7c3 fmadd.s          f15, f15, f14, f13  f15=xxxxxxxx f15:c1fb8b6f f14:3f2c3e2a f13:42390412
14993795ns          253661 1c008782 1c0006b7 lui              x13, 0x1c000000     x13=1c000000
14993815ns          253662 1c008786 1406a683 lw               x13, 320(x13)       x13=c1efd21b x13:1c000000  PA:1c000140
14994133ns          253678 1c00878a 68e7f7c3 fmadd.s          f15, f15, f14, f13  f15=xxxxxxxx f15:41c8c960 f14:3f2c3e2a f13:c1efd21b
14994153ns          253679 1c00878e 1c0006b7 lui              x13, 0x1c000000     x13=1c000000
14994173ns          253680 1c008792 1446a683 lw               x13, 324(x13)       x13=41644a86 x13:1c000000  PA:1c000144
14994491ns          253696 1c008796 68e7f7c3 fmadd.s          f15, f15, f14, f13  f15=xxxxxxxx f15:c151741a f14:3f2c3e2a f13:41644a86
14994511ns          253697 1c00879a 1c0006b7 lui              x13, 0x1c000000     x13=1c000000
14994531ns          253698 1c00879e 1486a683 lw               x13, 328(x13)       x13=c087dba8 x13:1c000000  PA:1c000148
14994869ns          253715 1c0087a2 68e7f7c3 fmadd.s          f15, f15, f14, f13  f15=xxxxxxxx f15:40aebb50 f14:3f2c3e2a f13:c087dba8
14994889ns          253716 1c0087a6 00a7f553 fadd.s           f10, f15, f10       f10=xxxxxxxx f15:bf125b02 f10:40c00000
14994909ns          253717 1c0087aa 00008067 jalr             x0, x1, 0            x1:1c0081c2
14994968ns          253720 1c0081c2 11557553 fmul.s           f10, f10, f21       f10=xxxxxxxx f10:40adb4a0 f21:3f317218
14994988ns          253721 1c0081c6 00a4222b p.sw             x10, 4(x8!)          x8=10000f28 x10:4070ce9b  x8:10000f24  PA:10000f24
14995008ns          253722 1c0081ca ff4419e3 bne              x8, x20, -14         x8:10000f28 x20:10000fd8
14995068ns          253725 1c0081bc 0049a50b p.lw             x10, 4(x19!)        x10=42b2c366 x19=1c010274 x19:1c010270  PA:1c010270
14995366ns          253740 1c0081c0 558000ef jal              x1, 1368             x1=1c0081c2
14995386ns          253741 1c008718 e00517d3 fclass.s         x15, f10            x15=00000040 f10:42b2c366
14995406ns          253742 1c00871c 0817f793 andi             x15, x15, 129       x15=00000000 x15:00000040
14995426ns          253743 1c008720 08079b63 bne              x15, x0, 150        x15:00000000
14995446ns          253744 1c008722 00000793 addi             x15, x0, 0          x15=00000000
14995465ns          253745 1c008726 a0f52753 feq.s            x14, f10, f15       x14=00000000 f10:42b2c366 f15:00000000
14995485ns          253746 1c00872a 08071163 bne              x14, x0, 130        x14:00000000
14995505ns          253747 1c00872c a0f507d3 fle.s            x15, f10, f15       x15=00000000 f10:42b2c366 f15:00000000
14995525ns          253748 1c008730 08079863 bne              x15, x0, 144        x15:00000000
14995545ns          253749 1c008732 a0a527d3 feq.s            x15, f10, f10       x15=00000001 f10:42b2c366 f10:42b2c366
14995565ns          253750 1c008736 08078563 beq              x15, x0, 138        x15:00000001
14995585ns          253751 1c008738 d17537b3 p.bclr           x15, x10, 8, 23     x15=0032c366 x10:42b2c366
14995605ns          253752 1c00873c cb87c733 p.bset           x14, x15, 5, 24     x14=3f32c366 x15:0032c366
14995625ns          253753 1c008740 1c0006b7 lui              x13, 0x1c000000     x13=1c000000
14995644ns          253754 1c008744 1c0007b7 lui              x15, 0x1c000000     x15=1c000000
14995664ns          253755 1c008748 1306a683 lw               x13, 304(x13)       x13=c13c5fa8 x13:1c000000  PA:1c000130
14995963ns          253770 1c00874c 12c7a783 lw               x15, 300(x15)       x15=3ff7d7e5 x15:1c000000  PA:1c00012c
14996261ns          253785 1c008750 41755513 srai             x10, x10, 0x417     x10=00000085 x10:42b2c366
14996281ns          253786 1c008752 68e7f7c3 fmadd.s          f15, f15, f14, f13  f15=xxxxxxxx f15:3ff7d7e5 f14:3f32c366 f13:c13c5fa8
14996301ns          253787 1c008756 1c0006b7 lui              x13, 0x1c000000     x13=1c000000
14996321ns          253788 1c00875a 1346a683 lw               x13, 308(x13)       x13=41fa6a03 x13:1c000000  PA:1c000134
14996619ns          253803 1c00875e f8250513 addi             x10, x10, -126      x10=00000007 x10:00000085
14996639ns          253804 1c008762 68e7f7c3 fmadd.s          f15, f15, f14, f13  f15=xxxxxxxx f15:c126bd7f f14:3f32c366 f13:41fa6a03
14996659ns          253805 1c008766 1c0006b7 lui              x13, 0x1c000000     x13=1c000000
14996679ns          253806 1c00876a 1386a683 lw               x13, 312(x13)       x13=c23f0e08 x13:1c000000  PA:1c000138
14996977ns          253821 1c00876e d0057553 fcvt.s.w         f10, x10            f10=xxxxxxxx x10:00000007
14996997ns          253822 1c008772 68e7f7c3 fmadd.s          f15, f15, f14, f13  f15=xxxxxxxx f15:41c0327f f14:3f32c366 f13:c23f0e08
14997017ns          253823 1c008776 1c0006b7 lui              x13, 0x1c000000     x13=1c000000
14997037ns          253824 1c00877a 13c6a683 lw               x13, 316(x13)       x13=42390412 x13:1c000000  PA:1c00013c
14997355ns          253840 1c00877e 68e7f7c3 fmadd.s          f15, f15, f14, f13  f15=xxxxxxxx f15:c1f7e641 f14:3f32c366 f13:42390412
14997375ns          253841 1c008782 1c0006b7 lui              x13, 0x1c000000     x13=1c000000
14997395ns          253842 1c008786 1406a683 lw               x13, 320(x13)       x13=c1efd21b x13:1c000000  PA:1c000140
14997733ns          253859 1c00878a 68e7f7c3 fmadd.s          f15, f15, f14, f13  f15=xxxxxxxx f15:41c4ecd4 f14:3f32c366 f13:c1efd21b
14997753ns          253860 1c00878e 1c0006b7 lui              x13, 0x1c000000     x13=1c000000
14997773ns          253861 1c008792 1446a683 lw               x13, 324(x13)       x13=41644a86 x13:1c000000  PA:1c000144
14998091ns          253877 1c008796 68e7f7c3 fmadd.s          f15, f15, f14, f13  f15=xxxxxxxx f15:c14c9e41 f14:3f32c366 f13:41644a86
14998111ns          253878 1c00879a 1c0006b7 lui              x13, 0x1c000000     x13=1c000000
14998131ns          253879 1c00879e 1486a683 lw               x13, 328(x13)       x13=c087dba8 x13:1c000000  PA:1c000148
14998469ns          253896 1c0087a2 68e7f7c3 fmadd.s          f15, f15, f14, f13  f15=xxxxxxxx f15:40aad09d f14:3f32c366 f13:c087dba8
14998489ns          253897 1c0087a6 00a7f553 fadd.s           f10, f15, f10       f10=xxxxxxxx f15:bf04a1cf f10:40e00000
14998509ns          253898 1c0087aa 00008067 jalr             x0, x1, 0            x1:1c0081c2
14998568ns          253901 1c0081c2 11557553 fmul.s           f10, f10, f21       f10=xxxxxxxx f10:40cf6bc6 f21:3f317218
14998588ns          253902 1c0081c6 00a4222b p.sw             x10, 4(x8!)          x8=10000f2c x10:408fc5f5  x8:10000f28  PA:10000f28
14998608ns          253903 1c0081ca ff4419e3 bne              x8, x20, -14         x8:10000f2c x20:10000fd8
14998668ns          253906 1c0081bc 0049a50b p.lw             x10, 4(x19!)        x10=424c8739 x19=1c010278 x19:1c010274  PA:1c010274
14998986ns          253922 1c0081c0 558000ef jal              x1, 1368             x1=1c0081c2
14999006ns          253923 1c008718 e00517d3 fclass.s         x15, f10            x15=00000040 f10:424c8739
14999026ns          253924 1c00871c 0817f793 andi             x15, x15, 129       x15=00000000 x15:00000040
14999046ns          253925 1c008720 08079b63 bne              x15, x0, 150        x15:00000000
14999066ns          253926 1c008722 00000793 addi             x15, x0, 0          x15=00000000
14999086ns          253927 1c008726 a0f52753 feq.s            x14, f10, f15       x14=00000000 f10:424c8739 f15:00000000
14999105ns          253928 1c00872a 08071163 bne              x14, x0, 130        x14:00000000
14999125ns          253929 1c00872c a0f507d3 fle.s            x15, f10, f15       x15=00000000 f10:424c8739 f15:00000000
14999145ns          253930 1c008730 08079863 bne              x15, x0, 144        x15:00000000
14999165ns          253931 1c008732 a0a527d3 feq.s            x15, f10, f10       x15=00000001 f10:424c8739 f10:424c8739
14999185ns          253932 1c008736 08078563 beq              x15, x0, 138        x15:00000001
14999205ns          253933 1c008738 d17537b3 p.bclr           x15, x10, 8, 23     x15=004c8739 x10:424c8739
14999225ns          253934 1c00873c cb87c733 p.bset           x14, x15, 5, 24     x14=3f4c8739 x15:004c8739
14999245ns          253935 1c008740 1c0006b7 lui              x13, 0x1c000000     x13=1c000000
14999265ns          253936 1c008744 1c0007b7 lui              x15, 0x1c000000     x15=1c000000
14999284ns          253937 1c008748 1306a683 lw               x13, 304(x13)       x13=c13c5fa8 x13:1c000000  PA:1c000130
14999583ns          253952 1c00874c 12c7a783 lw               x15, 300(x15)       x15=3ff7d7e5 x15:1c000000  PA:1c00012c
14999881ns          253967 1c008750 41755513 srai             x10, x10, 0x417     x10=00000084 x10:424c8739
14999901ns          253968 1c008752 68e7f7c3 fmadd.s          f15, f15, f14, f13  f15=xxxxxxxx f15:3ff7d7e5 f14:3f4c8739 f13:c13c5fa8
14999921ns          253969 1c008756 1c0006b7 lui              x13, 0x1c000000     x13=1c000000
14999941ns          253970 1c00875a 1346a683 lw               x13, 308(x13)       x13=41fa6a03 x13:1c000000  PA:1c000134
15000239ns          253985 1c00875e f8250513 addi             x10, x10, -126      x10=00000006 x10:00000084
15000259ns          253986 1c008762 68e7f7c3 fmadd.s          f15, f15, f14, f13  f15=xxxxxxxx f15:c1239f49 f14:3f4c8739 f13:41fa6a03
15000279ns          253987 1c008766 1c0006b7 lui              x13, 0x1c000000     x13=1c000000
15000299ns          253988 1c00876a 1386a683 lw               x13, 312(x13)       x13=c23f0e08 x13:1c000000  PA:1c000138
15000597ns          254003 1c00876e d0057553 fcvt.s.w         f10, x10            f10=xxxxxxxx x10:00000006
15000617ns          254004 1c008772 68e7f7c3 fmadd.s          f15, f15, f14, f13  f15=xxxxxxxx f15:41b90d55 f14:3f4c8739 f13:c23f0e08
15000637ns          254005 1c008776 1c0006b7 lui              x13, 0x1c000000     x13=1c000000
15000657ns          254006 1c00877a 13c6a683 lw               x13, 316(x13)       x13=42390412 x13:1c000000  PA:1c00013c
15000975ns          254022 1c00877e 68e7f7c3 fmadd.s          f15, f15, f14, f13  f15=xxxxxxxx f15:c1ea43b1 f14:3f4c8739 f13:42390412
15000995ns          254023 1c008782 1c0006b7 lui              x13, 0x1c000000     x13=1c000000
15001015ns          254024 1c008786 1406a683 lw               x13, 320(x13)       x13=c1efd21b x13:1c000000  PA:1c000140
15001333ns          254040 1c00878a 68e7f7c3 fmadd.s          f15, f15, f14, f13  f15=xxxxxxxx f15:41b6de75 f14:3f4c8739 f13:c1efd21b
15001353ns          254041 1c00878e 1c0006b7 lui              x13, 0x1c000000     x13=1c000000
15001373ns          254042 1c008792 1446a683 lw               x13, 324(x13)       x13=41644a86 x13:1c000000  PA:1c000144
15001711ns          254059 1c008796 68e7f7c3 fmadd.s          f15, f15, f14, f13  f15=xxxxxxxx f15:c13b707b f14:3f4c8739 f13:41644a86
15001731ns          254060 1c00879a 1c0006b7 lui              x13, 0x1c000000     x13=1c000000
15001751ns          254061 1c00879e 1486a683 lw               x13, 328(x13)       x13=c087dba8 x13:1c000000  PA:1c000148
15002069ns          254077 1c0087a2 68e7f7c3 fmadd.s          f15, f15, f14, f13  f15=xxxxxxxx f15:409d13c4 f14:3f4c8739 f13:c087dba8
15002089ns          254078 1c0087a6 00a7f553 fadd.s           f10, f15, f10       f10=xxxxxxxx f15:bea5cef7 f10:40c00000
15002109ns          254079 1c0087aa 00008067 jalr             x0, x1, 0            x1:1c0081c2
15002169ns          254082 1c0081c2 11557553 fmul.s           f10, f10, f21       f10=xxxxxxxx f10:40b5a311 f21:3f317218
15002189ns          254083 1c0081c6 00a4222b p.sw             x10, 4(x8!)          x8=10000f30 x10:407bcd65  x8:10000f2c  PA:10000f2c
15002208ns          254084 1c0081ca ff4419e3 bne              x8, x20, -14         x8:10000f30 x20:10000fd8
15002268ns          254087 1c0081bc 0049a50b p.lw             x10, 4(x19!)        x10=42466933 x19=1c01027c x19:1c010278  PA:1c010278
15002566ns          254102 1c0081c0 558000ef jal              x1, 1368             x1=1c0081c2
15002586ns          254103 1c008718 e00517d3 fclass.s         x15, f10            x15=00000040 f10:42466933
15002606ns          254104 1c00871c 0817f793 andi             x15, x15, 129       x15=00000000 x15:00000040
15002626ns          254105 1c008720 08079b63 bne              x15, x0, 150        x15:00000000
15002646ns          254106 1c008722 00000793 addi             x15, x0, 0          x15=00000000
15002666ns          254107 1c008726 a0f52753 feq.s            x14, f10, f15       x14=00000000 f10:42466933 f15:00000000
15002686ns          254108 1c00872a 08071163 bne              x14, x0, 130        x14:00000000
15002706ns          254109 1c00872c a0f507d3 fle.s            x15, f10, f15       x15=00000000 f10:42466933 f15:00000000
15002726ns          254110 1c008730 08079863 bne              x15, x0, 144        x15:00000000
15002745ns          254111 1c008732 a0a527d3 feq.s            x15, f10, f10       x15=00000001 f10:42466933 f10:42466933
15002765ns          254112 1c008736 08078563 beq              x15, x0, 138        x15:00000001
15002785ns          254113 1c008738 d17537b3 p.bclr           x15, x10, 8, 23     x15=00466933 x10:42466933
15002805ns          254114 1c00873c cb87c733 p.bset           x14, x15, 5, 24     x14=3f466933 x15:00466933
15002825ns          254115 1c008740 1c0006b7 lui              x13, 0x1c000000     x13=1c000000
15002845ns          254116 1c008744 1c0007b7 lui              x15, 0x1c000000     x15=1c000000
15002865ns          254117 1c008748 1306a683 lw               x13, 304(x13)       x13=c13c5fa8 x13:1c000000  PA:1c000130
15003163ns          254132 1c00874c 12c7a783 lw               x15, 300(x15)       x15=3ff7d7e5 x15:1c000000  PA:1c00012c
15003462ns          254147 1c008750 41755513 srai             x10, x10, 0x417     x10=00000084 x10:42466933
15003481ns          254148 1c008752 68e7f7c3 fmadd.s          f15, f15, f14, f13  f15=xxxxxxxx f15:3ff7d7e5 f14:3f466933 f13:c13c5fa8
15003501ns          254149 1c008756 1c0006b7 lui              x13, 0x1c000000     x13=1c000000
15003521ns          254150 1c00875a 1346a683 lw               x13, 308(x13)       x13=41fa6a03 x13:1c000000  PA:1c000134
15003820ns          254165 1c00875e f8250513 addi             x10, x10, -126      x10=00000006 x10:00000084
15003839ns          254166 1c008762 68e7f7c3 fmadd.s          f15, f15, f14, f13  f15=xxxxxxxx f15:c1245ccd f14:3f466933 f13:41fa6a03
15003859ns          254167 1c008766 1c0006b7 lui              x13, 0x1c000000     x13=1c000000
15003879ns          254168 1c00876a 1386a683 lw               x13, 312(x13)       x13=c23f0e08 x13:1c000000  PA:1c000138
15004178ns          254183 1c00876e d0057553 fcvt.s.w         f10, x10            f10=xxxxxxxx x10:00000006
15004198ns          254184 1c008772 68e7f7c3 fmadd.s          f15, f15, f14, f13  f15=xxxxxxxx f15:41bab85a f14:3f466933 f13:c23f0e08
15004217ns          254185 1c008776 1c0006b7 lui              x13, 0x1c000000     x13=1c000000
15004237ns          254186 1c00877a 13c6a683 lw               x13, 316(x13)       x13=42390412 x13:1c000000  PA:1c00013c
15004556ns          254202 1c00877e 68e7f7c3 fmadd.s          f15, f15, f14, f13  f15=xxxxxxxx f15:c1ed64c0 f14:3f466933 f13:42390412
15004575ns          254203 1c008782 1c0006b7 lui              x13, 0x1c000000     x13=1c000000
15004595ns          254204 1c008786 1406a683 lw               x13, 320(x13)       x13=c1efd21b x13:1c000000  PA:1c000140
15004933ns          254221 1c00878a 68e7f7c3 fmadd.s          f15, f15, f14, f13  f15=xxxxxxxx f15:41ba0aaa f14:3f466933 f13:c1efd21b
15004953ns          254222 1c00878e 1c0006b7 lui              x13, 0x1c000000     x13=1c000000
15004973ns          254223 1c008792 1446a683 lw               x13, 324(x13)       x13=41644a86 x13:1c000000  PA:1c000144
15005291ns          254239 1c008796 68e7f7c3 fmadd.s          f15, f15, f14, f13  f15=xxxxxxxx f15:c13f42d0 f14:3f466933 f13:41644a86
15005311ns          254240 1c00879a 1c0006b7 lui              x13, 0x1c000000     x13=1c000000
15005331ns          254241 1c00879e 1486a683 lw               x13, 328(x13)       x13=c087dba8 x13:1c000000  PA:1c000148
15005669ns          254258 1c0087a2 68e7f7c3 fmadd.s          f15, f15, f14, f13  f15=xxxxxxxx f15:40a01c81 f14:3f466933 f13:c087dba8
15005689ns          254259 1c0087a6 00a7f553 fadd.s           f10, f15, f10       f10=xxxxxxxx f15:bebc3d0a f10:40c00000
15005709ns          254260 1c0087aa 00008067 jalr             x0, x1, 0            x1:1c0081c2
15005769ns          254263 1c0081c2 11557553 fmul.s           f10, f10, f21       f10=xxxxxxxx f10:40b43c2f f21:3f317218
15005789ns          254264 1c0081c6 00a4222b p.sw             x10, 4(x8!)          x8=10000f34 x10:4079dbe0  x8:10000f30  PA:10000f30
15005809ns          254265 1c0081ca ff4419e3 bne              x8, x20, -14         x8:10000f34 x20:10000fd8
15005868ns          254268 1c0081bc 0049a50b p.lw             x10, 4(x19!)        x10=421f35d4 x19=1c010280 x19:1c01027c  PA:1c01027c
15006167ns          254283 1c0081c0 558000ef jal              x1, 1368             x1=1c0081c2
15006187ns          254284 1c008718 e00517d3 fclass.s         x15, f10            x15=00000040 f10:421f35d4
15006206ns          254285 1c00871c 0817f793 andi             x15, x15, 129       x15=00000000 x15:00000040
15006226ns          254286 1c008720 08079b63 bne              x15, x0, 150        x15:00000000
15006246ns          254287 1c008722 00000793 addi             x15, x0, 0          x15=00000000
15006266ns          254288 1c008726 a0f52753 feq.s            x14, f10, f15       x14=00000000 f10:421f35d4 f15:00000000
15006286ns          254289 1c00872a 08071163 bne              x14, x0, 130        x14:00000000
15006306ns          254290 1c00872c a0f507d3 fle.s            x15, f10, f15       x15=00000000 f10:421f35d4 f15:00000000
15006326ns          254291 1c008730 08079863 bne              x15, x0, 144        x15:00000000
15006346ns          254292 1c008732 a0a527d3 feq.s            x15, f10, f10       x15=00000001 f10:421f35d4 f10:421f35d4
15006366ns          254293 1c008736 08078563 beq              x15, x0, 138        x15:00000001
15006385ns          254294 1c008738 d17537b3 p.bclr           x15, x10, 8, 23     x15=001f35d4 x10:421f35d4
15006405ns          254295 1c00873c cb87c733 p.bset           x14, x15, 5, 24     x14=3f1f35d4 x15:001f35d4
15006425ns          254296 1c008740 1c0006b7 lui              x13, 0x1c000000     x13=1c000000
15006445ns          254297 1c008744 1c0007b7 lui              x15, 0x1c000000     x15=1c000000
15006465ns          254298 1c008748 1306a683 lw               x13, 304(x13)       x13=c13c5fa8 x13:1c000000  PA:1c000130
15006763ns          254313 1c00874c 12c7a783 lw               x15, 300(x15)       x15=3ff7d7e5 x15:1c000000  PA:1c00012c
15007082ns          254329 1c008750 41755513 srai             x10, x10, 0x417     x10=00000084 x10:421f35d4
15007102ns          254330 1c008752 68e7f7c3 fmadd.s          f15, f15, f14, f13  f15=xxxxxxxx f15:3ff7d7e5 f14:3f1f35d4 f13:c13c5fa8
15007121ns          254331 1c008756 1c0006b7 lui              x13, 0x1c000000     x13=1c000000
15007141ns          254332 1c00875a 1346a683 lw               x13, 308(x13)       x13=41fa6a03 x13:1c000000  PA:1c000134
15007440ns          254347 1c00875e f8250513 addi             x10, x10, -126      x10=00000006 x10:00000084
15007460ns          254348 1c008762 68e7f7c3 fmadd.s          f15, f15, f14, f13  f15=xxxxxxxx f15:c1291b41 f14:3f1f35d4 f13:41fa6a03
15007479ns          254349 1c008766 1c0006b7 lui              x13, 0x1c000000     x13=1c000000
15007499ns          254350 1c00876a 1386a683 lw               x13, 312(x13)       x13=c23f0e08 x13:1c000000  PA:1c000138
15007818ns          254366 1c00876e d0057553 fcvt.s.w         f10, x10            f10=xxxxxxxx x10:00000006
15007838ns          254367 1c008772 68e7f7c3 fmadd.s          f15, f15, f14, f13  f15=xxxxxxxx f15:41c5d445 f14:3f1f35d4 f13:c23f0e08
15007857ns          254368 1c008776 1c0006b7 lui              x13, 0x1c000000     x13=1c000000
15007877ns          254369 1c00877a 13c6a683 lw               x13, 316(x13)       x13=42390412 x13:1c000000  PA:1c00013c
15008196ns          254385 1c00877e 68e7f7c3 fmadd.s          f15, f15, f14, f13  f15=xxxxxxxx f15:c20189d0 f14:3f1f35d4 f13:42390412
15008215ns          254386 1c008782 1c0006b7 lui              x13, 0x1c000000     x13=1c000000
15008235ns          254387 1c008786 1406a683 lw               x13, 320(x13)       x13=c1efd21b x13:1c000000  PA:1c000140
15008554ns          254403 1c00878a 68e7f7c3 fmadd.s          f15, f15, f14, f13  f15=xxxxxxxx f15:41d0e87a f14:3f1f35d4 f13:c1efd21b
15008573ns          254404 1c00878e 1c0006b7 lui              x13, 0x1c000000     x13=1c000000
15008593ns          254405 1c008792 1446a683 lw               x13, 324(x13)       x13=41644a86 x13:1c000000  PA:1c000144
15008912ns          254421 1c008796 68e7f7c3 fmadd.s          f15, f15, f14, f13  f15=xxxxxxxx f15:c15bcb94 f14:3f1f35d4 f13:41644a86
15008932ns          254422 1c00879a 1c0006b7 lui              x13, 0x1c000000     x13=1c000000
15008951ns          254423 1c00879e 1486a683 lw               x13, 328(x13)       x13=c087dba8 x13:1c000000  PA:1c000148
15009270ns          254439 1c0087a2 68e7f7c3 fmadd.s          f15, f15, f14, f13  f15=xxxxxxxx f15:40b731bc f14:3f1f35d4 f13:c087dba8
15009290ns          254440 1c0087a6 00a7f553 fadd.s           f10, f15, f10       f10=xxxxxxxx f15:bf2f69fa f10:40c00000
15009309ns          254441 1c0087aa 00008067 jalr             x0, x1, 0            x1:1c0081c2
15009369ns          254444 1c0081c2 11557553 fmul.s           f10, f10, f21       f10=xxxxxxxx f10:40aa12c1 f21:3f317218
15009389ns          254445 1c0081c6 00a4222b p.sw             x10, 4(x8!)          x8=10000f38 x10:406bc587  x8:10000f34  PA:10000f34
15009409ns          254446 1c0081ca ff4419e3 bne              x8, x20, -14         x8:10000f38 x20:10000fd8
15009469ns          254449 1c0081bc 0049a50b p.lw             x10, 4(x19!)        x10=42a04279 x19=1c010284 x19:1c010280  PA:1c010280
15009767ns          254464 1c0081c0 558000ef jal              x1, 1368             x1=1c0081c2
15009787ns          254465 1c008718 e00517d3 fclass.s         x15, f10            x15=00000040 f10:42a04279
15009807ns          254466 1c00871c 0817f793 andi             x15, x15, 129       x15=00000000 x15:00000040
15009827ns          254467 1c008720 08079b63 bne              x15, x0, 150        x15:00000000
15009846ns          254468 1c008722 00000793 addi             x15, x0, 0          x15=00000000
15009866ns          254469 1c008726 a0f52753 feq.s            x14, f10, f15       x14=00000000 f10:42a04279 f15:00000000
15009886ns          254470 1c00872a 08071163 bne              x14, x0, 130        x14:00000000
15009906ns          254471 1c00872c a0f507d3 fle.s            x15, f10, f15       x15=00000000 f10:42a04279 f15:00000000
15009926ns          254472 1c008730 08079863 bne              x15, x0, 144        x15:00000000
15009946ns          254473 1c008732 a0a527d3 feq.s            x15, f10, f10       x15=00000001 f10:42a04279 f10:42a04279
15009966ns          254474 1c008736 08078563 beq              x15, x0, 138        x15:00000001
15009986ns          254475 1c008738 d17537b3 p.bclr           x15, x10, 8, 23     x15=00204279 x10:42a04279
15010006ns          254476 1c00873c cb87c733 p.bset           x14, x15, 5, 24     x14=3f204279 x15:00204279
15010025ns          254477 1c008740 1c0006b7 lui              x13, 0x1c000000     x13=1c000000
15010045ns          254478 1c008744 1c0007b7 lui              x15, 0x1c000000     x15=1c000000
15010065ns          254479 1c008748 1306a683 lw               x13, 304(x13)       x13=c13c5fa8 x13:1c000000  PA:1c000130
15010364ns          254494 1c00874c 12c7a783 lw               x15, 300(x15)       x15=3ff7d7e5 x15:1c000000  PA:1c00012c
15010662ns          254509 1c008750 41755513 srai             x10, x10, 0x417     x10=00000085 x10:42a04279
15010682ns          254510 1c008752 68e7f7c3 fmadd.s          f15, f15, f14, f13  f15=xxxxxxxx f15:3ff7d7e5 f14:3f204279 f13:c13c5fa8
15010702ns          254511 1c008756 1c0006b7 lui              x13, 0x1c000000     x13=1c000000
15010722ns          254512 1c00875a 1346a683 lw               x13, 308(x13)       x13=41fa6a03 x13:1c000000  PA:1c000134
15011080ns          254530 1c00875e f8250513 addi             x10, x10, -126      x10=00000007 x10:00000085
15011100ns          254531 1c008762 68e7f7c3 fmadd.s          f15, f15, f14, f13  f15=xxxxxxxx f15:c128fabf f14:3f204279 f13:41fa6a03
15011119ns          254532 1c008766 1c0006b7 lui              x13, 0x1c000000     x13=1c000000
15011139ns          254533 1c00876a 1386a683 lw               x13, 312(x13)       x13=c23f0e08 x13:1c000000  PA:1c000138
15011438ns          254548 1c00876e d0057553 fcvt.s.w         f10, x10            f10=xxxxxxxx x10:00000007
15011458ns          254549 1c008772 68e7f7c3 fmadd.s          f15, f15, f14, f13  f15=xxxxxxxx f15:41c585b7 f14:3f204279 f13:c23f0e08
15011478ns          254550 1c008776 1c0006b7 lui              x13, 0x1c000000     x13=1c000000
15011497ns          254551 1c00877a 13c6a683 lw               x13, 316(x13)       x13=42390412 x13:1c000000  PA:1c00013c
15011816ns          254567 1c00877e 68e7f7c3 fmadd.s          f15, f15, f14, f13  f15=xxxxxxxx f15:c2013a9a f14:3f204279 f13:42390412
15011836ns          254568 1c008782 1c0006b7 lui              x13, 0x1c000000     x13=1c000000
15011855ns          254569 1c008786 1406a683 lw               x13, 320(x13)       x13=c1efd21b x13:1c000000  PA:1c000140
15012194ns          254586 1c00878a 68e7f7c3 fmadd.s          f15, f15, f14, f13  f15=xxxxxxxx f15:41d03bc7 f14:3f204279 f13:c1efd21b
15012213ns          254587 1c00878e 1c0006b7 lui              x13, 0x1c000000     x13=1c000000
15012233ns          254588 1c008792 1446a683 lw               x13, 324(x13)       x13=41644a86 x13:1c000000  PA:1c000144
15012552ns          254604 1c008796 68e7f7c3 fmadd.s          f15, f15, f14, f13  f15=xxxxxxxx f15:c15aed5a f14:3f204279 f13:41644a86
15012572ns          254605 1c00879a 1c0006b7 lui              x13, 0x1c000000     x13=1c000000
15012591ns          254606 1c00879e 1486a683 lw               x13, 328(x13)       x13=c087dba8 x13:1c000000  PA:1c000148
15012910ns          254622 1c0087a2 68e7f7c3 fmadd.s          f15, f15, f14, f13  f15=xxxxxxxx f15:40b67aaa f14:3f204279 f13:c087dba8
15012930ns          254623 1c0087a6 00a7f553 fadd.s           f10, f15, f10       f10=xxxxxxxx f15:bf2cfcdf f10:40e00000
15012949ns          254624 1c0087aa 00008067 jalr             x0, x1, 0            x1:1c0081c2
15013009ns          254627 1c0081c2 11557553 fmul.s           f10, f10, f21       f10=xxxxxxxx f10:40ca6064 f21:3f317218
15013029ns          254628 1c0081c6 00a4222b p.sw             x10, 4(x8!)          x8=10000f3c x10:408c46d7  x8:10000f38  PA:10000f38
15013049ns          254629 1c0081ca ff4419e3 bne              x8, x20, -14         x8:10000f3c x20:10000fd8
15013109ns          254632 1c0081bc 0049a50b p.lw             x10, 4(x19!)        x10=429dd5c4 x19=1c010288 x19:1c010284  PA:1c010284
15013407ns          254647 1c0081c0 558000ef jal              x1, 1368             x1=1c0081c2
15013427ns          254648 1c008718 e00517d3 fclass.s         x15, f10            x15=00000040 f10:429dd5c4
15013447ns          254649 1c00871c 0817f793 andi             x15, x15, 129       x15=00000000 x15:00000040
15013467ns          254650 1c008720 08079b63 bne              x15, x0, 150        x15:00000000
15013486ns          254651 1c008722 00000793 addi             x15, x0, 0          x15=00000000
15013506ns          254652 1c008726 a0f52753 feq.s            x14, f10, f15       x14=00000000 f10:429dd5c4 f15:00000000
15013526ns          254653 1c00872a 08071163 bne              x14, x0, 130        x14:00000000
15013546ns          254654 1c00872c a0f507d3 fle.s            x15, f10, f15       x15=00000000 f10:429dd5c4 f15:00000000
15013566ns          254655 1c008730 08079863 bne              x15, x0, 144        x15:00000000
15013586ns          254656 1c008732 a0a527d3 feq.s            x15, f10, f10       x15=00000001 f10:429dd5c4 f10:429dd5c4
15013606ns          254657 1c008736 08078563 beq              x15, x0, 138        x15:00000001
15013626ns          254658 1c008738 d17537b3 p.bclr           x15, x10, 8, 23     x15=001dd5c4 x10:429dd5c4
15013646ns          254659 1c00873c cb87c733 p.bset           x14, x15, 5, 24     x14=3f1dd5c4 x15:001dd5c4
15013666ns          254660 1c008740 1c0006b7 lui              x13, 0x1c000000     x13=1c000000
15013685ns          254661 1c008744 1c0007b7 lui              x15, 0x1c000000     x15=1c000000
15013705ns          254662 1c008748 1306a683 lw               x13, 304(x13)       x13=c13c5fa8 x13:1c000000  PA:1c000130
15014004ns          254677 1c00874c 12c7a783 lw               x15, 300(x15)       x15=3ff7d7e5 x15:1c000000  PA:1c00012c
15014302ns          254692 1c008750 41755513 srai             x10, x10, 0x417     x10=00000085 x10:429dd5c4
15014322ns          254693 1c008752 68e7f7c3 fmadd.s          f15, f15, f14, f13  f15=xxxxxxxx f15:3ff7d7e5 f14:3f1dd5c4 f13:c13c5fa8
15014342ns          254694 1c008756 1c0006b7 lui              x13, 0x1c000000     x13=1c000000
15014362ns          254695 1c00875a 1346a683 lw               x13, 308(x13)       x13=41fa6a03 x13:1c000000  PA:1c000134
15014660ns          254710 1c00875e f8250513 addi             x10, x10, -126      x10=00000007 x10:00000085
15014680ns          254711 1c008762 68e7f7c3 fmadd.s          f15, f15, f14, f13  f15=xxxxxxxx f15:c12945dd f14:3f1dd5c4 f13:41fa6a03
15014700ns          254712 1c008766 1c0006b7 lui              x13, 0x1c000000     x13=1c000000
15014720ns          254713 1c00876a 1386a683 lw               x13, 312(x13)       x13=c23f0e08 x13:1c000000  PA:1c000138
15015038ns          254729 1c00876e d0057553 fcvt.s.w         f10, x10            f10=xxxxxxxx x10:00000007
15015058ns          254730 1c008772 68e7f7c3 fmadd.s          f15, f15, f14, f13  f15=xxxxxxxx f15:41c63b6a f14:3f1dd5c4 f13:c23f0e08
15015078ns          254731 1c008776 1c0006b7 lui              x13, 0x1c000000     x13=1c000000
15015098ns          254732 1c00877a 13c6a683 lw               x13, 316(x13)       x13=42390412 x13:1c000000  PA:1c00013c
15015416ns          254748 1c00877e 68e7f7c3 fmadd.s          f15, f15, f14, f13  f15=xxxxxxxx f15:c201f20c f14:3f1dd5c4 f13:42390412
15015436ns          254749 1c008782 1c0006b7 lui              x13, 0x1c000000     x13=1c000000
15015456ns          254750 1c008786 1406a683 lw               x13, 320(x13)       x13=c1efd21b x13:1c000000  PA:1c000140
15015794ns          254767 1c00878a 68e7f7c3 fmadd.s          f15, f15, f14, f13  f15=xxxxxxxx f15:41d1cc3e f14:3f1dd5c4 f13:c1efd21b
15015814ns          254768 1c00878e 1c0006b7 lui              x13, 0x1c000000     x13=1c000000
15015834ns          254769 1c008792 1446a683 lw               x13, 324(x13)       x13=41644a86 x13:1c000000  PA:1c000144
15016152ns          254785 1c008796 68e7f7c3 fmadd.s          f15, f15, f14, f13  f15=xxxxxxxx f15:c15cf153 f14:3f1dd5c4 f13:41644a86
15016172ns          254786 1c00879a 1c0006b7 lui              x13, 0x1c000000     x13=1c000000
15016192ns          254787 1c00879e 1486a683 lw               x13, 328(x13)       x13=c087dba8 x13:1c000000  PA:1c000148
15016510ns          254803 1c0087a2 68e7f7c3 fmadd.s          f15, f15, f14, f13  f15=xxxxxxxx f15:40b82410 f14:3f1dd5c4 f13:c087dba8
15016530ns          254804 1c0087a6 00a7f553 fadd.s           f10, f15, f10       f10=xxxxxxxx f15:bf329e3a f10:40e00000
15016550ns          254805 1c0087aa 00008067 jalr             x0, x1, 0            x1:1c0081c2
15016609ns          254808 1c0081c2 11557553 fmul.s           f10, f10, f21       f10=xxxxxxxx f10:40c9ac39 f21:3f317218
15016629ns          254809 1c0081c6 00a4222b p.sw             x10, 4(x8!)          x8=10000f40 x10:408bc9f5  x8:10000f3c  PA:10000f3c
15016649ns          254810 1c0081ca ff4419e3 bne              x8, x20, -14         x8:10000f40 x20:10000fd8
15016709ns          254813 1c0081bc 0049a50b p.lw             x10, 4(x19!)        x10=42a1f067 x19=1c01028c x19:1c010288  PA:1c010288
15017007ns          254828 1c0081c0 558000ef jal              x1, 1368             x1=1c0081c2
15017027ns          254829 1c008718 e00517d3 fclass.s         x15, f10            x15=00000040 f10:42a1f067
15017047ns          254830 1c00871c 0817f793 andi             x15, x15, 129       x15=00000000 x15:00000040
15017067ns          254831 1c008720 08079b63 bne              x15, x0, 150        x15:00000000
15017087ns          254832 1c008722 00000793 addi             x15, x0, 0          x15=00000000
15017107ns          254833 1c008726 a0f52753 feq.s            x14, f10, f15       x14=00000000 f10:42a1f067 f15:00000000
15017126ns          254834 1c00872a 08071163 bne              x14, x0, 130        x14:00000000
15017146ns          254835 1c00872c a0f507d3 fle.s            x15, f10, f15       x15=00000000 f10:42a1f067 f15:00000000
15017166ns          254836 1c008730 08079863 bne              x15, x0, 144        x15:00000000
15017186ns          254837 1c008732 a0a527d3 feq.s            x15, f10, f10       x15=00000001 f10:42a1f067 f10:42a1f067
15017206ns          254838 1c008736 08078563 beq              x15, x0, 138        x15:00000001
15017226ns          254839 1c008738 d17537b3 p.bclr           x15, x10, 8, 23     x15=0021f067 x10:42a1f067
15017246ns          254840 1c00873c cb87c733 p.bset           x14, x15, 5, 24     x14=3f21f067 x15:0021f067
15017266ns          254841 1c008740 1c0006b7 lui              x13, 0x1c000000     x13=1c000000
15017286ns          254842 1c008744 1c0007b7 lui              x15, 0x1c000000     x15=1c000000
15017306ns          254843 1c008748 1306a683 lw               x13, 304(x13)       x13=c13c5fa8 x13:1c000000  PA:1c000130
15017624ns          254859 1c00874c 12c7a783 lw               x15, 300(x15)       x15=3ff7d7e5 x15:1c000000  PA:1c00012c
15017922ns          254874 1c008750 41755513 srai             x10, x10, 0x417     x10=00000085 x10:42a1f067
15017942ns          254875 1c008752 68e7f7c3 fmadd.s          f15, f15, f14, f13  f15=xxxxxxxx f15:3ff7d7e5 f14:3f21f067 f13:c13c5fa8
15017962ns          254876 1c008756 1c0006b7 lui              x13, 0x1c000000     x13=1c000000
15017982ns          254877 1c00875a 1346a683 lw               x13, 308(x13)       x13=41fa6a03 x13:1c000000  PA:1c000134
15018280ns          254892 1c00875e f8250513 addi             x10, x10, -126      x10=00000007 x10:00000085
15018300ns          254893 1c008762 68e7f7c3 fmadd.s          f15, f15, f14, f13  f15=xxxxxxxx f15:c128c6b7 f14:3f21f067 f13:41fa6a03
15018320ns          254894 1c008766 1c0006b7 lui              x13, 0x1c000000     x13=1c000000
15018340ns          254895 1c00876a 1386a683 lw               x13, 312(x13)       x13=c23f0e08 x13:1c000000  PA:1c000138
15018638ns          254910 1c00876e d0057553 fcvt.s.w         f10, x10            f10=xxxxxxxx x10:00000007
15018658ns          254911 1c008772 68e7f7c3 fmadd.s          f15, f15, f14, f13  f15=xxxxxxxx f15:41c50847 f14:3f21f067 f13:c23f0e08
15018678ns          254912 1c008776 1c0006b7 lui              x13, 0x1c000000     x13=1c000000
15018698ns          254913 1c00877a 13c6a683 lw               x13, 316(x13)       x13=42390412 x13:1c000000  PA:1c00013c
15019036ns          254930 1c00877e 68e7f7c3 fmadd.s          f15, f15, f14, f13  f15=xxxxxxxx f15:c200bc6a f14:3f21f067 f13:42390412
15019056ns          254931 1c008782 1c0006b7 lui              x13, 0x1c000000     x13=1c000000
15019076ns          254932 1c008786 1406a683 lw               x13, 320(x13)       x13=c1efd21b x13:1c000000  PA:1c000140
15019394ns          254948 1c00878a 68e7f7c3 fmadd.s          f15, f15, f14, f13  f15=xxxxxxxx f15:41cf295e f14:3f21f067 f13:c1efd21b
15019414ns          254949 1c00878e 1c0006b7 lui              x13, 0x1c000000     x13=1c000000
15019434ns          254950 1c008792 1446a683 lw               x13, 324(x13)       x13=41644a86 x13:1c000000  PA:1c000144
15019752ns          254966 1c008796 68e7f7c3 fmadd.s          f15, f15, f14, f13  f15=xxxxxxxx f15:c1598d1a f14:3f21f067 f13:41644a86
15019772ns          254967 1c00879a 1c0006b7 lui              x13, 0x1c000000     x13=1c000000
15019792ns          254968 1c00879e 1486a683 lw               x13, 328(x13)       x13=c087dba8 x13:1c000000  PA:1c000148
15020110ns          254984 1c0087a2 68e7f7c3 fmadd.s          f15, f15, f14, f13  f15=xxxxxxxx f15:40b558fa f14:3f21f067 f13:c087dba8
15020130ns          254985 1c0087a6 00a7f553 fadd.s           f10, f15, f10       f10=xxxxxxxx f15:bf292333 f10:40e00000
15020150ns          254986 1c0087aa 00008067 jalr             x0, x1, 0            x1:1c0081c2
15020210ns          254989 1c0081c2 11557553 fmul.s           f10, f10, f21       f10=xxxxxxxx f10:40cadb9a f21:3f317218
15020229ns          254990 1c0081c6 00a4222b p.sw             x10, 4(x8!)          x8=10000f44 x10:408c9c3e  x8:10000f40  PA:10000f40
15020249ns          254991 1c0081ca ff4419e3 bne              x8, x20, -14         x8:10000f44 x20:10000fd8
15020309ns          254994 1c0081bc 0049a50b p.lw             x10, 4(x19!)        x10=42816de1 x19=1c010290 x19:1c01028c  PA:1c01028c
15020607ns          255009 1c0081c0 558000ef jal              x1, 1368             x1=1c0081c2
15020627ns          255010 1c008718 e00517d3 fclass.s         x15, f10            x15=00000040 f10:42816de1
15020647ns          255011 1c00871c 0817f793 andi             x15, x15, 129       x15=00000000 x15:00000040
15020667ns          255012 1c008720 08079b63 bne              x15, x0, 150        x15:00000000
15020687ns          255013 1c008722 00000793 addi             x15, x0, 0          x15=00000000
15020707ns          255014 1c008726 a0f52753 feq.s            x14, f10, f15       x14=00000000 f10:42816de1 f15:00000000
15020727ns          255015 1c00872a 08071163 bne              x14, x0, 130        x14:00000000
15020747ns          255016 1c00872c a0f507d3 fle.s            x15, f10, f15       x15=00000000 f10:42816de1 f15:00000000
15020766ns          255017 1c008730 08079863 bne              x15, x0, 144        x15:00000000
15020786ns          255018 1c008732 a0a527d3 feq.s            x15, f10, f10       x15=00000001 f10:42816de1 f10:42816de1
15020806ns          255019 1c008736 08078563 beq              x15, x0, 138        x15:00000001
15020826ns          255020 1c008738 d17537b3 p.bclr           x15, x10, 8, 23     x15=00016de1 x10:42816de1
15020846ns          255021 1c00873c cb87c733 p.bset           x14, x15, 5, 24     x14=3f016de1 x15:00016de1
15020866ns          255022 1c008740 1c0006b7 lui              x13, 0x1c000000     x13=1c000000
15020886ns          255023 1c008744 1c0007b7 lui              x15, 0x1c000000     x15=1c000000
15020906ns          255024 1c008748 1306a683 lw               x13, 304(x13)       x13=c13c5fa8 x13:1c000000  PA:1c000130
15021204ns          255039 1c00874c 12c7a783 lw               x15, 300(x15)       x15=3ff7d7e5 x15:1c000000  PA:1c00012c
15021502ns          255054 1c008750 41755513 srai             x10, x10, 0x417     x10=00000085 x10:42816de1
15021522ns          255055 1c008752 68e7f7c3 fmadd.s          f15, f15, f14, f13  f15=xxxxxxxx f15:3ff7d7e5 f14:3f016de1 f13:c13c5fa8
15021542ns          255056 1c008756 1c0006b7 lui              x13, 0x1c000000     x13=1c000000
15021562ns          255057 1c00875a 1346a683 lw               x13, 308(x13)       x13=41fa6a03 x13:1c000000  PA:1c000134
15021860ns          255072 1c00875e f8250513 addi             x10, x10, -126      x10=00000007 x10:00000085
15021880ns          255073 1c008762 68e7f7c3 fmadd.s          f15, f15, f14, f13  f15=xxxxxxxx f15:c12cb5e3 f14:3f016de1 f13:41fa6a03
15021900ns          255074 1c008766 1c0006b7 lui              x13, 0x1c000000     x13=1c000000
15021920ns          255075 1c00876a 1386a683 lw               x13, 312(x13)       x13=c23f0e08 x13:1c000000  PA:1c000138
15022219ns          255090 1c00876e d0057553 fcvt.s.w         f10, x10            f10=xxxxxxxx x10:00000007
15022238ns          255091 1c008772 68e7f7c3 fmadd.s          f15, f15, f14, f13  f15=xxxxxxxx f15:41cec11f f14:3f016de1 f13:c23f0e08
15022258ns          255092 1c008776 1c0006b7 lui              x13, 0x1c000000     x13=1c000000
15022278ns          255093 1c00877a 13c6a683 lw               x13, 316(x13)       x13=42390412 x13:1c000000  PA:1c00013c
15022596ns          255109 1c00877e 68e7f7c3 fmadd.s          f15, f15, f14, f13  f15=xxxxxxxx f15:c20aca01 f14:3f016de1 f13:42390412
15022616ns          255110 1c008782 1c0006b7 lui              x13, 0x1c000000     x13=1c000000
15022636ns          255111 1c008786 1406a683 lw               x13, 320(x13)       x13=c1efd21b x13:1c000000  PA:1c000140
15022974ns          255128 1c00878a 68e7f7c3 fmadd.s          f15, f15, f14, f13  f15=xxxxxxxx f15:41e5b16b f14:3f016de1 f13:c1efd21b
15022994ns          255129 1c00878e 1c0006b7 lui              x13, 0x1c000000     x13=1c000000
15023014ns          255130 1c008792 1446a683 lw               x13, 324(x13)       x13=41644a86 x13:1c000000  PA:1c000144
15023332ns          255146 1c008796 68e7f7c3 fmadd.s          f15, f15, f14, f13  f15=xxxxxxxx f15:c177623b f14:3f016de1 f13:41644a86
15023352ns          255147 1c00879a 1c0006b7 lui              x13, 0x1c000000     x13=1c000000
15023372ns          255148 1c00879e 1486a683 lw               x13, 328(x13)       x13=c087dba8 x13:1c000000  PA:1c000148
15023690ns          255164 1c0087a2 68e7f7c3 fmadd.s          f15, f15, f14, f13  f15=xxxxxxxx f15:40ce6fb0 f14:3f016de1 f13:c087dba8
15023710ns          255165 1c0087a6 00a7f553 fadd.s           f10, f15, f10       f10=xxxxxxxx f15:bf7be62b f10:40e00000
15023730ns          255166 1c0087aa 00008067 jalr             x0, x1, 0            x1:1c0081c2
15023790ns          255169 1c0081c2 11557553 fmul.s           f10, f10, f21       f10=xxxxxxxx f10:40c0833b f21:3f317218
15023810ns          255170 1c0081c6 00a4222b p.sw             x10, 4(x8!)          x8=10000f48 x10:40857088  x8:10000f44  PA:10000f44
15023830ns          255171 1c0081ca ff4419e3 bne              x8, x20, -14         x8:10000f48 x20:10000fd8
15023889ns          255174 1c0081bc 0049a50b p.lw             x10, 4(x19!)        x10=423ded53 x19=1c010294 x19:1c010290  PA:1c010290
15024188ns          255189 1c0081c0 558000ef jal              x1, 1368             x1=1c0081c2
15024208ns          255190 1c008718 e00517d3 fclass.s         x15, f10            x15=00000040 f10:423ded53
15024227ns          255191 1c00871c 0817f793 andi             x15, x15, 129       x15=00000000 x15:00000040
15024247ns          255192 1c008720 08079b63 bne              x15, x0, 150        x15:00000000
15024267ns          255193 1c008722 00000793 addi             x15, x0, 0          x15=00000000
15024287ns          255194 1c008726 a0f52753 feq.s            x14, f10, f15       x14=00000000 f10:423ded53 f15:00000000
15024307ns          255195 1c00872a 08071163 bne              x14, x0, 130        x14:00000000
15024327ns          255196 1c00872c a0f507d3 fle.s            x15, f10, f15       x15=00000000 f10:423ded53 f15:00000000
15024347ns          255197 1c008730 08079863 bne              x15, x0, 144        x15:00000000
15024367ns          255198 1c008732 a0a527d3 feq.s            x15, f10, f10       x15=00000001 f10:423ded53 f10:423ded53
15024387ns          255199 1c008736 08078563 beq              x15, x0, 138        x15:00000001
15024407ns          255200 1c008738 d17537b3 p.bclr           x15, x10, 8, 23     x15=003ded53 x10:423ded53
15024426ns          255201 1c00873c cb87c733 p.bset           x14, x15, 5, 24     x14=3f3ded53 x15:003ded53
15024446ns          255202 1c008740 1c0006b7 lui              x13, 0x1c000000     x13=1c000000
15024466ns          255203 1c008744 1c0007b7 lui              x15, 0x1c000000     x15=1c000000
15024486ns          255204 1c008748 1306a683 lw               x13, 304(x13)       x13=c13c5fa8 x13:1c000000  PA:1c000130
15024784ns          255219 1c00874c 12c7a783 lw               x15, 300(x15)       x15=3ff7d7e5 x15:1c000000  PA:1c00012c
15025103ns          255235 1c008750 41755513 srai             x10, x10, 0x417     x10=00000084 x10:423ded53
15025123ns          255236 1c008752 68e7f7c3 fmadd.s          f15, f15, f14, f13  f15=xxxxxxxx f15:3ff7d7e5 f14:3f3ded53 f13:c13c5fa8
15025142ns          255237 1c008756 1c0006b7 lui              x13, 0x1c000000     x13=1c000000
15025162ns          255238 1c00875a 1346a683 lw               x13, 308(x13)       x13=41fa6a03 x13:1c000000  PA:1c000134
15025461ns          255253 1c00875e f8250513 addi             x10, x10, -126      x10=00000006 x10:00000084
15025481ns          255254 1c008762 68e7f7c3 fmadd.s          f15, f15, f14, f13  f15=xxxxxxxx f15:c12563a3 f14:3f3ded53 f13:41fa6a03
15025500ns          255255 1c008766 1c0006b7 lui              x13, 0x1c000000     x13=1c000000
15025520ns          255256 1c00876a 1386a683 lw               x13, 312(x13)       x13=c23f0e08 x13:1c000000  PA:1c000138
15025819ns          255271 1c00876e d0057553 fcvt.s.w         f10, x10            f10=xxxxxxxx x10:00000006
15025839ns          255272 1c008772 68e7f7c3 fmadd.s          f15, f15, f14, f13  f15=xxxxxxxx f15:41bd1012 f14:3f3ded53 f13:c23f0e08
15025859ns          255273 1c008776 1c0006b7 lui              x13, 0x1c000000     x13=1c000000
15025878ns          255274 1c00877a 13c6a683 lw               x13, 316(x13)       x13=42390412 x13:1c000000  PA:1c00013c
15026197ns          255290 1c00877e 68e7f7c3 fmadd.s          f15, f15, f14, f13  f15=xxxxxxxx f15:c1f1d7ee f14:3f3ded53 f13:42390412
15026217ns          255291 1c008782 1c0006b7 lui              x13, 0x1c000000     x13=1c000000
15026236ns          255292 1c008786 1406a683 lw               x13, 320(x13)       x13=c1efd21b x13:1c000000  PA:1c000140
15026555ns          255308 1c00878a 68e7f7c3 fmadd.s          f15, f15, f14, f13  f15=xxxxxxxx f15:41be9b86 f14:3f3ded53 f13:c1efd21b
15026575ns          255309 1c00878e 1c0006b7 lui              x13, 0x1c000000     x13=1c000000
15026594ns          255310 1c008792 1446a683 lw               x13, 324(x13)       x13=41644a86 x13:1c000000  PA:1c000144
15026913ns          255326 1c008796 68e7f7c3 fmadd.s          f15, f15, f14, f13  f15=xxxxxxxx f15:c144d12b f14:3f3ded53 f13:41644a86
15026933ns          255327 1c00879a 1c0006b7 lui              x13, 0x1c000000     x13=1c000000
15026953ns          255328 1c00879e 1486a683 lw               x13, 328(x13)       x13=c087dba8 x13:1c000000  PA:1c000148
15027271ns          255344 1c0087a2 68e7f7c3 fmadd.s          f15, f15, f14, f13  f15=xxxxxxxx f15:40a48b48 f14:3f3ded53 f13:c087dba8
15027291ns          255345 1c0087a6 00a7f553 fadd.s           f10, f15, f10       f10=xxxxxxxx f15:bedc8499 f10:40c00000
15027311ns          255346 1c0087aa 00008067 jalr             x0, x1, 0            x1:1c0081c2
15027370ns          255349 1c0081c2 11557553 fmul.s           f10, f10, f21       f10=xxxxxxxx f10:40b237b6 f21:3f317218
15027390ns          255350 1c0081c6 00a4222b p.sw             x10, 4(x8!)          x8=10000f4c x10:40770fe5  x8:10000f48  PA:10000f48
15027410ns          255351 1c0081ca ff4419e3 bne              x8, x20, -14         x8:10000f4c x20:10000fd8
15027470ns          255354 1c0081bc 0049a50b p.lw             x10, 4(x19!)        x10=41eca1e5 x19=1c010298 x19:1c010294  PA:1c010294
15027768ns          255369 1c0081c0 558000ef jal              x1, 1368             x1=1c0081c2
15027788ns          255370 1c008718 e00517d3 fclass.s         x15, f10            x15=00000040 f10:41eca1e5
15027808ns          255371 1c00871c 0817f793 andi             x15, x15, 129       x15=00000000 x15:00000040
15027828ns          255372 1c008720 08079b63 bne              x15, x0, 150        x15:00000000
15027848ns          255373 1c008722 00000793 addi             x15, x0, 0          x15=00000000
15027867ns          255374 1c008726 a0f52753 feq.s            x14, f10, f15       x14=00000000 f10:41eca1e5 f15:00000000
15027887ns          255375 1c00872a 08071163 bne              x14, x0, 130        x14:00000000
15027907ns          255376 1c00872c a0f507d3 fle.s            x15, f10, f15       x15=00000000 f10:41eca1e5 f15:00000000
15027927ns          255377 1c008730 08079863 bne              x15, x0, 144        x15:00000000
15027947ns          255378 1c008732 a0a527d3 feq.s            x15, f10, f10       x15=00000001 f10:41eca1e5 f10:41eca1e5
15027967ns          255379 1c008736 08078563 beq              x15, x0, 138        x15:00000001
15027987ns          255380 1c008738 d17537b3 p.bclr           x15, x10, 8, 23     x15=006ca1e5 x10:41eca1e5
15028007ns          255381 1c00873c cb87c733 p.bset           x14, x15, 5, 24     x14=3f6ca1e5 x15:006ca1e5
15028027ns          255382 1c008740 1c0006b7 lui              x13, 0x1c000000     x13=1c000000
15028047ns          255383 1c008744 1c0007b7 lui              x15, 0x1c000000     x15=1c000000
15028066ns          255384 1c008748 1306a683 lw               x13, 304(x13)       x13=c13c5fa8 x13:1c000000  PA:1c000130
15028385ns          255400 1c00874c 12c7a783 lw               x15, 300(x15)       x15=3ff7d7e5 x15:1c000000  PA:1c00012c
15028683ns          255415 1c008750 41755513 srai             x10, x10, 0x417     x10=00000083 x10:41eca1e5
15028703ns          255416 1c008752 68e7f7c3 fmadd.s          f15, f15, f14, f13  f15=xxxxxxxx f15:3ff7d7e5 f14:3f6ca1e5 f13:c13c5fa8
15028723ns          255417 1c008756 1c0006b7 lui              x13, 0x1c000000     x13=1c000000
15028743ns          255418 1c00875a 1346a683 lw               x13, 308(x13)       x13=41fa6a03 x13:1c000000  PA:1c000134
15029041ns          255433 1c00875e f8250513 addi             x10, x10, -126      x10=00000005 x10:00000083
15029061ns          255434 1c008762 68e7f7c3 fmadd.s          f15, f15, f14, f13  f15=xxxxxxxx f15:c11fbcb0 f14:3f6ca1e5 f13:41fa6a03
15029081ns          255435 1c008766 1c0006b7 lui              x13, 0x1c000000     x13=1c000000
15029101ns          255436 1c00876a 1386a683 lw               x13, 312(x13)       x13=c23f0e08 x13:1c000000  PA:1c000138
15029399ns          255451 1c00876e d0057553 fcvt.s.w         f10, x10            f10=xxxxxxxx x10:00000005
15029419ns          255452 1c008772 68e7f7c3 fmadd.s          f15, f15, f14, f13  f15=xxxxxxxx f15:41b09688 f14:3f6ca1e5 f13:c23f0e08
15029439ns          255453 1c008776 1c0006b7 lui              x13, 0x1c000000     x13=1c000000
15029459ns          255454 1c00877a 13c6a683 lw               x13, 316(x13)       x13=42390412 x13:1c000000  PA:1c00013c
15029777ns          255470 1c00877e 68e7f7c3 fmadd.s          f15, f15, f14, f13  f15=xxxxxxxx f15:c1dae19e f14:3f6ca1e5 f13:42390412
15029797ns          255471 1c008782 1c0006b7 lui              x13, 0x1c000000     x13=1c000000
15029817ns          255472 1c008786 1406a683 lw               x13, 320(x13)       x13=c1efd21b x13:1c000000  PA:1c000140
15030135ns          255488 1c00878a 68e7f7c3 fmadd.s          f15, f15, f14, f13  f15=xxxxxxxx f15:41a7b5bb f14:3f6ca1e5 f13:c1efd21b
15030155ns          255489 1c00878e 1c0006b7 lui              x13, 0x1c000000     x13=1c000000
15030175ns          255490 1c008792 1446a683 lw               x13, 324(x13)       x13=41644a86 x13:1c000000  PA:1c000144
15030493ns          255506 1c008796 68e7f7c3 fmadd.s          f15, f15, f14, f13  f15=xxxxxxxx f15:c1299907 f14:3f6ca1e5 f13:41644a86
15030513ns          255507 1c00879a 1c0006b7 lui              x13, 0x1c000000     x13=1c000000
15030533ns          255508 1c00879e 1486a683 lw               x13, 328(x13)       x13=c087dba8 x13:1c000000  PA:1c000148
15030851ns          255524 1c0087a2 68e7f7c3 fmadd.s          f15, f15, f14, f13  f15=xxxxxxxx f15:408f0c65 f14:3f6ca1e5 f13:c087dba8
15030871ns          255525 1c0087a6 00a7f553 fadd.s           f10, f15, f10       f10=xxxxxxxx f15:bde87109 f10:40a00000
15030891ns          255526 1c0087aa 00008067 jalr             x0, x1, 0            x1:1c0081c2
15030951ns          255529 1c0081c2 11557553 fmul.s           f10, f10, f21       f10=xxxxxxxx f10:409c5e3c f21:3f317218
15030970ns          255530 1c0081c6 00a4222b p.sw             x10, 4(x8!)          x8=10000f50 x10:4058c5b0  x8:10000f4c  PA:10000f4c
15030990ns          255531 1c0081ca ff4419e3 bne              x8, x20, -14         x8:10000f50 x20:10000fd8
15031050ns          255534 1c0081bc 0049a50b p.lw             x10, 4(x19!)        x10=41dad24c x19=1c01029c x19:1c010298  PA:1c010298
15031348ns          255549 1c0081c0 558000ef jal              x1, 1368             x1=1c0081c2
15031368ns          255550 1c008718 e00517d3 fclass.s         x15, f10            x15=00000040 f10:41dad24c
15031388ns          255551 1c00871c 0817f793 andi             x15, x15, 129       x15=00000000 x15:00000040
15031408ns          255552 1c008720 08079b63 bne              x15, x0, 150        x15:00000000
15031428ns          255553 1c008722 00000793 addi             x15, x0, 0          x15=00000000
15031448ns          255554 1c008726 a0f52753 feq.s            x14, f10, f15       x14=00000000 f10:41dad24c f15:00000000
15031468ns          255555 1c00872a 08071163 bne              x14, x0, 130        x14:00000000
15031488ns          255556 1c00872c a0f507d3 fle.s            x15, f10, f15       x15=00000000 f10:41dad24c f15:00000000
15031508ns          255557 1c008730 08079863 bne              x15, x0, 144        x15:00000000
15031527ns          255558 1c008732 a0a527d3 feq.s            x15, f10, f10       x15=00000001 f10:41dad24c f10:41dad24c
15031547ns          255559 1c008736 08078563 beq              x15, x0, 138        x15:00000001
15031567ns          255560 1c008738 d17537b3 p.bclr           x15, x10, 8, 23     x15=005ad24c x10:41dad24c
15031587ns          255561 1c00873c cb87c733 p.bset           x14, x15, 5, 24     x14=3f5ad24c x15:005ad24c
15031607ns          255562 1c008740 1c0006b7 lui              x13, 0x1c000000     x13=1c000000
15031627ns          255563 1c008744 1c0007b7 lui              x15, 0x1c000000     x15=1c000000
15031647ns          255564 1c008748 1306a683 lw               x13, 304(x13)       x13=c13c5fa8 x13:1c000000  PA:1c000130
15031945ns          255579 1c00874c 12c7a783 lw               x15, 300(x15)       x15=3ff7d7e5 x15:1c000000  PA:1c00012c
15032263ns          255595 1c008750 41755513 srai             x10, x10, 0x417     x10=00000083 x10:41dad24c
15032283ns          255596 1c008752 68e7f7c3 fmadd.s          f15, f15, f14, f13  f15=xxxxxxxx f15:3ff7d7e5 f14:3f5ad24c f13:c13c5fa8
15032303ns          255597 1c008756 1c0006b7 lui              x13, 0x1c000000     x13=1c000000
15032323ns          255598 1c00875a 1346a683 lw               x13, 308(x13)       x13=41fa6a03 x13:1c000000  PA:1c000134
15032621ns          255613 1c00875e f8250513 addi             x10, x10, -126      x10=00000005 x10:00000083
15032641ns          255614 1c008762 68e7f7c3 fmadd.s          f15, f15, f14, f13  f15=xxxxxxxx f15:c121e47a f14:3f5ad24c f13:41fa6a03
15032661ns          255615 1c008766 1c0006b7 lui              x13, 0x1c000000     x13=1c000000
15032681ns          255616 1c00876a 1386a683 lw               x13, 312(x13)       x13=c23f0e08 x13:1c000000  PA:1c000138
15032979ns          255631 1c00876e d0057553 fcvt.s.w         f10, x10            f10=xxxxxxxx x10:00000005
15032999ns          255632 1c008772 68e7f7c3 fmadd.s          f15, f15, f14, f13  f15=xxxxxxxx f15:41b5393c f14:3f5ad24c f13:c23f0e08
15033019ns          255633 1c008776 1c0006b7 lui              x13, 0x1c000000     x13=1c000000
15033039ns          255634 1c00877a 13c6a683 lw               x13, 316(x13)       x13=42390412 x13:1c000000  PA:1c00013c
15033357ns          255650 1c00877e 68e7f7c3 fmadd.s          f15, f15, f14, f13  f15=xxxxxxxx f15:c1e33474 f14:3f5ad24c f13:42390412
15033377ns          255651 1c008782 1c0006b7 lui              x13, 0x1c000000     x13=1c000000
15033397ns          255652 1c008786 1406a683 lw               x13, 320(x13)       x13=c1efd21b x13:1c000000  PA:1c000140
15033735ns          255669 1c00878a 68e7f7c3 fmadd.s          f15, f15, f14, f13  f15=xxxxxxxx f15:41afd2d5 f14:3f5ad24c f13:c1efd21b
15033755ns          255670 1c00878e 1c0006b7 lui              x13, 0x1c000000     x13=1c000000
15033775ns          255671 1c008792 1446a683 lw               x13, 324(x13)       x13=41644a86 x13:1c000000  PA:1c000144
15034093ns          255687 1c008796 68e7f7c3 fmadd.s          f15, f15, f14, f13  f15=xxxxxxxx f15:c1331045 f14:3f5ad24c f13:41644a86
15034113ns          255688 1c00879a 1c0006b7 lui              x13, 0x1c000000     x13=1c000000
15034133ns          255689 1c00879e 1486a683 lw               x13, 328(x13)       x13=c087dba8 x13:1c000000  PA:1c000148
15034451ns          255705 1c0087a2 68e7f7c3 fmadd.s          f15, f15, f14, f13  f15=xxxxxxxx f15:40967725 f14:3f5ad24c f13:c087dba8
15034471ns          255706 1c0087a6 00a7f553 fadd.s           f10, f15, f10       f10=xxxxxxxx f15:be67d303 f10:40a00000
15034491ns          255707 1c0087aa 00008067 jalr             x0, x1, 0            x1:1c0081c2
15034551ns          255710 1c0081c2 11557553 fmul.s           f10, f10, f21       f10=xxxxxxxx f10:4098c168 f21:3f317218
15034571ns          255711 1c0081c6 00a4222b p.sw             x10, 4(x8!)          x8=10000f54 x10:4053c39b  x8:10000f50  PA:10000f50
15034591ns          255712 1c0081ca ff4419e3 bne              x8, x20, -14         x8:10000f54 x20:10000fd8
15034650ns          255715 1c0081bc 0049a50b p.lw             x10, 4(x19!)        x10=42b7f49e x19=1c0102a0 x19:1c01029c  PA:1c01029c
15034968ns          255731 1c0081c0 558000ef jal              x1, 1368             x1=1c0081c2
15034988ns          255732 1c008718 e00517d3 fclass.s         x15, f10            x15=00000040 f10:42b7f49e
15035008ns          255733 1c00871c 0817f793 andi             x15, x15, 129       x15=00000000 x15:00000040
15035028ns          255734 1c008720 08079b63 bne              x15, x0, 150        x15:00000000
15035048ns          255735 1c008722 00000793 addi             x15, x0, 0          x15=00000000
15035068ns          255736 1c008726 a0f52753 feq.s            x14, f10, f15       x14=00000000 f10:42b7f49e f15:00000000
15035088ns          255737 1c00872a 08071163 bne              x14, x0, 130        x14:00000000
15035108ns          255738 1c00872c a0f507d3 fle.s            x15, f10, f15       x15=00000000 f10:42b7f49e f15:00000000
15035128ns          255739 1c008730 08079863 bne              x15, x0, 144        x15:00000000
15035148ns          255740 1c008732 a0a527d3 feq.s            x15, f10, f10       x15=00000001 f10:42b7f49e f10:42b7f49e
15035167ns          255741 1c008736 08078563 beq              x15, x0, 138        x15:00000001
15035187ns          255742 1c008738 d17537b3 p.bclr           x15, x10, 8, 23     x15=0037f49e x10:42b7f49e
15035207ns          255743 1c00873c cb87c733 p.bset           x14, x15, 5, 24     x14=3f37f49e x15:0037f49e
15035227ns          255744 1c008740 1c0006b7 lui              x13, 0x1c000000     x13=1c000000
15035247ns          255745 1c008744 1c0007b7 lui              x15, 0x1c000000     x15=1c000000
15035267ns          255746 1c008748 1306a683 lw               x13, 304(x13)       x13=c13c5fa8 x13:1c000000  PA:1c000130
15035565ns          255761 1c00874c 12c7a783 lw               x15, 300(x15)       x15=3ff7d7e5 x15:1c000000  PA:1c00012c
15035864ns          255776 1c008750 41755513 srai             x10, x10, 0x417     x10=00000085 x10:42b7f49e
15035883ns          255777 1c008752 68e7f7c3 fmadd.s          f15, f15, f14, f13  f15=xxxxxxxx f15:3ff7d7e5 f14:3f37f49e f13:c13c5fa8
15035903ns          255778 1c008756 1c0006b7 lui              x13, 0x1c000000     x13=1c000000
15035923ns          255779 1c00875a 1346a683 lw               x13, 308(x13)       x13=41fa6a03 x13:1c000000  PA:1c000134
15036222ns          255794 1c00875e f8250513 addi             x10, x10, -126      x10=00000007 x10:00000085
15036242ns          255795 1c008762 68e7f7c3 fmadd.s          f15, f15, f14, f13  f15=xxxxxxxx f15:c1261ca3 f14:3f37f49e f13:41fa6a03
15036261ns          255796 1c008766 1c0006b7 lui              x13, 0x1c000000     x13=1c000000
15036281ns          255797 1c00876a 1386a683 lw               x13, 312(x13)       x13=c23f0e08 x13:1c000000  PA:1c000138
15036580ns          255812 1c00876e d0057553 fcvt.s.w         f10, x10            f10=xxxxxxxx x10:00000007
15036600ns          255813 1c008772 68e7f7c3 fmadd.s          f15, f15, f14, f13  f15=xxxxxxxx f15:41bebb6a f14:3f37f49e f13:c23f0e08
15036619ns          255814 1c008776 1c0006b7 lui              x13, 0x1c000000     x13=1c000000
15036639ns          255815 1c00877a 13c6a683 lw               x13, 316(x13)       x13=42390412 x13:1c000000  PA:1c00013c
15036958ns          255831 1c00877e 68e7f7c3 fmadd.s          f15, f15, f14, f13  f15=xxxxxxxx f15:c1f50dd7 f14:3f37f49e f13:42390412
15036977ns          255832 1c008782 1c0006b7 lui              x13, 0x1c000000     x13=1c000000
15036997ns          255833 1c008786 1406a683 lw               x13, 320(x13)       x13=c1efd21b x13:1c000000  PA:1c000140
15037316ns          255849 1c00878a 68e7f7c3 fmadd.s          f15, f15, f14, f13  f15=xxxxxxxx f15:41c1f117 f14:3f37f49e f13:c1efd21b
15037335ns          255850 1c00878e 1c0006b7 lui              x13, 0x1c000000     x13=1c000000
15037355ns          255851 1c008792 1446a683 lw               x13, 324(x13)       x13=41644a86 x13:1c000000  PA:1c000144
15037694ns          255868 1c008796 68e7f7c3 fmadd.s          f15, f15, f14, f13  f15=xxxxxxxx f15:c148eae4 f14:3f37f49e f13:41644a86
15037713ns          255869 1c00879a 1c0006b7 lui              x13, 0x1c000000     x13=1c000000
15037733ns          255870 1c00879e 1486a683 lw               x13, 328(x13)       x13=c087dba8 x13:1c000000  PA:1c000148
15038052ns          255886 1c0087a2 68e7f7c3 fmadd.s          f15, f15, f14, f13  f15=xxxxxxxx f15:40a7d542 f14:3f37f49e f13:c087dba8
15038071ns          255887 1c0087a6 00a7f553 fadd.s           f10, f15, f10       f10=xxxxxxxx f15:bef41d70 f10:40e00000
15038091ns          255888 1c0087aa 00008067 jalr             x0, x1, 0            x1:1c0081c2
15038151ns          255891 1c0081c2 11557553 fmul.s           f10, f10, f21       f10=xxxxxxxx f10:40d0be29 f21:3f317218
15038171ns          255892 1c0081c6 00a4222b p.sw             x10, 4(x8!)          x8=10000f58 x10:4090b083  x8:10000f54  PA:10000f54
15038191ns          255893 1c0081ca ff4419e3 bne              x8, x20, -14         x8:10000f58 x20:10000fd8
15038250ns          255896 1c0081bc 0049a50b p.lw             x10, 4(x19!)        x10=3f4c9b99 x19=1c0102a4 x19:1c0102a0  PA:1c0102a0
15038549ns          255911 1c0081c0 558000ef jal              x1, 1368             x1=1c0081c2
15038569ns          255912 1c008718 e00517d3 fclass.s         x15, f10            x15=00000040 f10:3f4c9b99
15038589ns          255913 1c00871c 0817f793 andi             x15, x15, 129       x15=00000000 x15:00000040
15038609ns          255914 1c008720 08079b63 bne              x15, x0, 150        x15:00000000
15038628ns          255915 1c008722 00000793 addi             x15, x0, 0          x15=00000000
15038648ns          255916 1c008726 a0f52753 feq.s            x14, f10, f15       x14=00000000 f10:3f4c9b99 f15:00000000
15038668ns          255917 1c00872a 08071163 bne              x14, x0, 130        x14:00000000
15038688ns          255918 1c00872c a0f507d3 fle.s            x15, f10, f15       x15=00000000 f10:3f4c9b99 f15:00000000
15038708ns          255919 1c008730 08079863 bne              x15, x0, 144        x15:00000000
15038728ns          255920 1c008732 a0a527d3 feq.s            x15, f10, f10       x15=00000001 f10:3f4c9b99 f10:3f4c9b99
15038748ns          255921 1c008736 08078563 beq              x15, x0, 138        x15:00000001
15038768ns          255922 1c008738 d17537b3 p.bclr           x15, x10, 8, 23     x15=004c9b99 x10:3f4c9b99
15038788ns          255923 1c00873c cb87c733 p.bset           x14, x15, 5, 24     x14=3f4c9b99 x15:004c9b99
15038807ns          255924 1c008740 1c0006b7 lui              x13, 0x1c000000     x13=1c000000
15038827ns          255925 1c008744 1c0007b7 lui              x15, 0x1c000000     x15=1c000000
15038847ns          255926 1c008748 1306a683 lw               x13, 304(x13)       x13=c13c5fa8 x13:1c000000  PA:1c000130
15039146ns          255941 1c00874c 12c7a783 lw               x15, 300(x15)       x15=3ff7d7e5 x15:1c000000  PA:1c00012c
15039444ns          255956 1c008750 41755513 srai             x10, x10, 0x417     x10=0000007e x10:3f4c9b99
15039464ns          255957 1c008752 68e7f7c3 fmadd.s          f15, f15, f14, f13  f15=xxxxxxxx f15:3ff7d7e5 f14:3f4c9b99 f13:c13c5fa8
15039484ns          255958 1c008756 1c0006b7 lui              x13, 0x1c000000     x13=1c000000
15039504ns          255959 1c00875a 1346a683 lw               x13, 308(x13)       x13=41fa6a03 x13:1c000000  PA:1c000134
15039802ns          255974 1c00875e f8250513 addi             x10, x10, -126      x10=00000000 x10:0000007e
15039822ns          255975 1c008762 68e7f7c3 fmadd.s          f15, f15, f14, f13  f15=xxxxxxxx f15:c1239cd2 f14:3f4c9b99 f13:41fa6a03
15039842ns          255976 1c008766 1c0006b7 lui              x13, 0x1c000000     x13=1c000000
15039862ns          255977 1c00876a 1386a683 lw               x13, 312(x13)       x13=c23f0e08 x13:1c000000  PA:1c000138
15040160ns          255992 1c00876e d0057553 fcvt.s.w         f10, x10            f10=xxxxxxxx x10:00000000
15040180ns          255993 1c008772 68e7f7c3 fmadd.s          f15, f15, f14, f13  f15=xxxxxxxx f15:41b907ce f14:3f4c9b99 f13:c23f0e08
15040200ns          255994 1c008776 1c0006b7 lui              x13, 0x1c000000     x13=1c000000
15040220ns          255995 1c00877a 13c6a683 lw               x13, 316(x13)       x13=42390412 x13:1c000000  PA:1c00013c
15040538ns          256011 1c00877e 68e7f7c3 fmadd.s          f15, f15, f14, f13  f15=xxxxxxxx f15:c1ea3962 f14:3f4c9b99 f13:42390412
15040558ns          256012 1c008782 1c0006b7 lui              x13, 0x1c000000     x13=1c000000
15040578ns          256013 1c008786 1406a683 lw               x13, 320(x13)       x13=c1efd21b x13:1c000000  PA:1c000140
15040896ns          256029 1c00878a 68e7f7c3 fmadd.s          f15, f15, f14, f13  f15=xxxxxxxx f15:41b6d40d f14:3f4c9b99 f13:c1efd21b
15040916ns          256030 1c00878e 1c0006b7 lui              x13, 0x1c000000     x13=1c000000
15040936ns          256031 1c008792 1446a683 lw               x13, 324(x13)       x13=41644a86 x13:1c000000  PA:1c000144
15041254ns          256047 1c008796 68e7f7c3 fmadd.s          f15, f15, f14, f13  f15=xxxxxxxx f15:c13b6402 f14:3f4c9b99 f13:41644a86
15041274ns          256048 1c00879a 1c0006b7 lui              x13, 0x1c000000     x13=1c000000
15041294ns          256049 1c00879e 1486a683 lw               x13, 328(x13)       x13=c087dba8 x13:1c000000  PA:1c000148
15041632ns          256066 1c0087a2 68e7f7c3 fmadd.s          f15, f15, f14, f13  f15=xxxxxxxx f15:409d09de f14:3f4c9b99 f13:c087dba8
15041652ns          256067 1c0087a6 00a7f553 fadd.s           f10, f15, f10       f10=xxxxxxxx f15:bea58584 f10:00000000
15041672ns          256068 1c0087aa 00008067 jalr             x0, x1, 0            x1:1c0081c2
15041731ns          256071 1c0081c2 11557553 fmul.s           f10, f10, f21       f10=xxxxxxxx f10:bea58584 f21:3f317218
15041751ns          256072 1c0081c6 00a4222b p.sw             x10, 4(x8!)          x8=10000f5c x10:be65762a  x8:10000f58  PA:10000f58
15041771ns          256073 1c0081ca ff4419e3 bne              x8, x20, -14         x8:10000f5c x20:10000fd8
15041831ns          256076 1c0081bc 0049a50b p.lw             x10, 4(x19!)        x10=4251f756 x19=1c0102a8 x19:1c0102a4  PA:1c0102a4
15042129ns          256091 1c0081c0 558000ef jal              x1, 1368             x1=1c0081c2
15042149ns          256092 1c008718 e00517d3 fclass.s         x15, f10            x15=00000040 f10:4251f756
15042169ns          256093 1c00871c 0817f793 andi             x15, x15, 129       x15=00000000 x15:00000040
15042189ns          256094 1c008720 08079b63 bne              x15, x0, 150        x15:00000000
15042209ns          256095 1c008722 00000793 addi             x15, x0, 0          x15=00000000
15042229ns          256096 1c008726 a0f52753 feq.s            x14, f10, f15       x14=00000000 f10:4251f756 f15:00000000
15042249ns          256097 1c00872a 08071163 bne              x14, x0, 130        x14:00000000
15042268ns          256098 1c00872c a0f507d3 fle.s            x15, f10, f15       x15=00000000 f10:4251f756 f15:00000000
15042288ns          256099 1c008730 08079863 bne              x15, x0, 144        x15:00000000
15042308ns          256100 1c008732 a0a527d3 feq.s            x15, f10, f10       x15=00000001 f10:4251f756 f10:4251f756
15042328ns          256101 1c008736 08078563 beq              x15, x0, 138        x15:00000001
15042348ns          256102 1c008738 d17537b3 p.bclr           x15, x10, 8, 23     x15=0051f756 x10:4251f756
15042368ns          256103 1c00873c cb87c733 p.bset           x14, x15, 5, 24     x14=3f51f756 x15:0051f756
15042388ns          256104 1c008740 1c0006b7 lui              x13, 0x1c000000     x13=1c000000
15042408ns          256105 1c008744 1c0007b7 lui              x15, 0x1c000000     x15=1c000000
15042428ns          256106 1c008748 1306a683 lw               x13, 304(x13)       x13=c13c5fa8 x13:1c000000  PA:1c000130
15042726ns          256121 1c00874c 12c7a783 lw               x15, 300(x15)       x15=3ff7d7e5 x15:1c000000  PA:1c00012c
15043044ns          256137 1c008750 41755513 srai             x10, x10, 0x417     x10=00000084 x10:4251f756
15043064ns          256138 1c008752 68e7f7c3 fmadd.s          f15, f15, f14, f13  f15=xxxxxxxx f15:3ff7d7e5 f14:3f51f756 f13:c13c5fa8
15043084ns          256139 1c008756 1c0006b7 lui              x13, 0x1c000000     x13=1c000000
15043104ns          256140 1c00875a 1346a683 lw               x13, 308(x13)       x13=41fa6a03 x13:1c000000  PA:1c000134
15043402ns          256155 1c00875e f8250513 addi             x10, x10, -126      x10=00000006 x10:00000084
15043422ns          256156 1c008762 68e7f7c3 fmadd.s          f15, f15, f14, f13  f15=xxxxxxxx f15:c122f6d1 f14:3f51f756 f13:41fa6a03
15043442ns          256157 1c008766 1c0006b7 lui              x13, 0x1c000000     x13=1c000000
15043462ns          256158 1c00876a 1386a683 lw               x13, 312(x13)       x13=c23f0e08 x13:1c000000  PA:1c000138
15043760ns          256173 1c00876e d0057553 fcvt.s.w         f10, x10            f10=xxxxxxxx x10:00000006
15043780ns          256174 1c008772 68e7f7c3 fmadd.s          f15, f15, f14, f13  f15=xxxxxxxx f15:41b79589 f14:3f51f756 f13:c23f0e08
15043800ns          256175 1c008776 1c0006b7 lui              x13, 0x1c000000     x13=1c000000
15043820ns          256176 1c00877a 13c6a683 lw               x13, 316(x13)       x13=42390412 x13:1c000000  PA:1c00013c
15044138ns          256192 1c00877e 68e7f7c3 fmadd.s          f15, f15, f14, f13  f15=xxxxxxxx f15:c1e7899c f14:3f51f756 f13:42390412
15044158ns          256193 1c008782 1c0006b7 lui              x13, 0x1c000000     x13=1c000000
15044178ns          256194 1c008786 1406a683 lw               x13, 320(x13)       x13=c1efd21b x13:1c000000  PA:1c000140
15044496ns          256210 1c00878a 68e7f7c3 fmadd.s          f15, f15, f14, f13  f15=xxxxxxxx f15:41b42118 f14:3f51f756 f13:c1efd21b
15044516ns          256211 1c00878e 1c0006b7 lui              x13, 0x1c000000     x13=1c000000
15044536ns          256212 1c008792 1446a683 lw               x13, 324(x13)       x13=41644a86 x13:1c000000  PA:1c000144
15044854ns          256228 1c008796 68e7f7c3 fmadd.s          f15, f15, f14, f13  f15=xxxxxxxx f15:c1382a1c f14:3f51f756 f13:41644a86
15044874ns          256229 1c00879a 1c0006b7 lui              x13, 0x1c000000     x13=1c000000
15044894ns          256230 1c00879e 1486a683 lw               x13, 328(x13)       x13=c087dba8 x13:1c000000  PA:1c000148
15045212ns          256246 1c0087a2 68e7f7c3 fmadd.s          f15, f15, f14, f13  f15=xxxxxxxx f15:409a7c6d f14:3f51f756 f13:c087dba8
15045232ns          256247 1c0087a6 00a7f553 fadd.s           f10, f15, f10       f10=xxxxxxxx f15:be926d11 f10:40c00000
15045252ns          256248 1c0087aa 00008067 jalr             x0, x1, 0            x1:1c0081c2
15045312ns          256251 1c0081c2 11557553 fmul.s           f10, f10, f21       f10=xxxxxxxx f10:40b6d92f f21:3f317218
15045332ns          256252 1c0081c6 00a4222b p.sw             x10, 4(x8!)          x8=10000f60 x10:407d7b4f  x8:10000f5c  PA:10000f5c
15045351ns          256253 1c0081ca ff4419e3 bne              x8, x20, -14         x8:10000f60 x20:10000fd8
15045411ns          256256 1c0081bc 0049a50b p.lw             x10, 4(x19!)        x10=423ab9f1 x19=1c0102ac x19:1c0102a8  PA:1c0102a8
15045710ns          256271 1c0081c0 558000ef jal              x1, 1368             x1=1c0081c2
15045729ns          256272 1c008718 e00517d3 fclass.s         x15, f10            x15=00000040 f10:423ab9f1
15045749ns          256273 1c00871c 0817f793 andi             x15, x15, 129       x15=00000000 x15:00000040
15045769ns          256274 1c008720 08079b63 bne              x15, x0, 150        x15:00000000
15045789ns          256275 1c008722 00000793 addi             x15, x0, 0          x15=00000000
15045809ns          256276 1c008726 a0f52753 feq.s            x14, f10, f15       x14=00000000 f10:423ab9f1 f15:00000000
15045829ns          256277 1c00872a 08071163 bne              x14, x0, 130        x14:00000000
15045849ns          256278 1c00872c a0f507d3 fle.s            x15, f10, f15       x15=00000000 f10:423ab9f1 f15:00000000
15045869ns          256279 1c008730 08079863 bne              x15, x0, 144        x15:00000000
15045889ns          256280 1c008732 a0a527d3 feq.s            x15, f10, f10       x15=00000001 f10:423ab9f1 f10:423ab9f1
15045908ns          256281 1c008736 08078563 beq              x15, x0, 138        x15:00000001
15045928ns          256282 1c008738 d17537b3 p.bclr           x15, x10, 8, 23     x15=003ab9f1 x10:423ab9f1
15045948ns          256283 1c00873c cb87c733 p.bset           x14, x15, 5, 24     x14=3f3ab9f1 x15:003ab9f1
15045968ns          256284 1c008740 1c0006b7 lui              x13, 0x1c000000     x13=1c000000
15045988ns          256285 1c008744 1c0007b7 lui              x15, 0x1c000000     x15=1c000000
15046008ns          256286 1c008748 1306a683 lw               x13, 304(x13)       x13=c13c5fa8 x13:1c000000  PA:1c000130
15046306ns          256301 1c00874c 12c7a783 lw               x15, 300(x15)       x15=3ff7d7e5 x15:1c000000  PA:1c00012c
15046605ns          256316 1c008750 41755513 srai             x10, x10, 0x417     x10=00000084 x10:423ab9f1
15046624ns          256317 1c008752 68e7f7c3 fmadd.s          f15, f15, f14, f13  f15=xxxxxxxx f15:3ff7d7e5 f14:3f3ab9f1 f13:c13c5fa8
15046644ns          256318 1c008756 1c0006b7 lui              x13, 0x1c000000     x13=1c000000
15046664ns          256319 1c00875a 1346a683 lw               x13, 308(x13)       x13=41fa6a03 x13:1c000000  PA:1c000134
15046983ns          256335 1c00875e f8250513 addi             x10, x10, -126      x10=00000006 x10:00000084
15047002ns          256336 1c008762 68e7f7c3 fmadd.s          f15, f15, f14, f13  f15=xxxxxxxx f15:c125c6cc f14:3f3ab9f1 f13:41fa6a03
15047022ns          256337 1c008766 1c0006b7 lui              x13, 0x1c000000     x13=1c000000
15047042ns          256338 1c00876a 1386a683 lw               x13, 312(x13)       x13=c23f0e08 x13:1c000000  PA:1c000138
15047341ns          256353 1c00876e d0057553 fcvt.s.w         f10, x10            f10=xxxxxxxx x10:00000006
15047360ns          256354 1c008772 68e7f7c3 fmadd.s          f15, f15, f14, f13  f15=xxxxxxxx f15:41bdf497 f14:3f3ab9f1 f13:c23f0e08
15047380ns          256355 1c008776 1c0006b7 lui              x13, 0x1c000000     x13=1c000000
15047400ns          256356 1c00877a 13c6a683 lw               x13, 316(x13)       x13=42390412 x13:1c000000  PA:1c00013c
15047718ns          256372 1c00877e 68e7f7c3 fmadd.s          f15, f15, f14, f13  f15=xxxxxxxx f15:c1f38e62 f14:3f3ab9f1 f13:42390412
15047738ns          256373 1c008782 1c0006b7 lui              x13, 0x1c000000     x13=1c000000
15047758ns          256374 1c008786 1406a683 lw               x13, 320(x13)       x13=c1efd21b x13:1c000000  PA:1c000140
15048077ns          256390 1c00878a 68e7f7c3 fmadd.s          f15, f15, f14, f13  f15=xxxxxxxx f15:41c061ca f14:3f3ab9f1 f13:c1efd21b
15048096ns          256391 1c00878e 1c0006b7 lui              x13, 0x1c000000     x13=1c000000
15048116ns          256392 1c008792 1446a683 lw               x13, 324(x13)       x13=41644a86 x13:1c000000  PA:1c000144
15048435ns          256408 1c008796 68e7f7c3 fmadd.s          f15, f15, f14, f13  f15=xxxxxxxx f15:c146fea5 f14:3f3ab9f1 f13:41644a86
15048454ns          256409 1c00879a 1c0006b7 lui              x13, 0x1c000000     x13=1c000000
15048474ns          256410 1c00879e 1486a683 lw               x13, 328(x13)       x13=c087dba8 x13:1c000000  PA:1c000148
15048793ns          256426 1c0087a2 68e7f7c3 fmadd.s          f15, f15, f14, f13  f15=xxxxxxxx f15:40a649f2 f14:3f3ab9f1 f13:c087dba8
15048812ns          256427 1c0087a6 00a7f553 fadd.s           f10, f15, f10       f10=xxxxxxxx f15:bee91263 f10:40c00000
15048832ns          256428 1c0087aa 00008067 jalr             x0, x1, 0            x1:1c0081c2
15048892ns          256431 1c0081c2 11557553 fmul.s           f10, f10, f21       f10=xxxxxxxx f10:40b16eda f21:3f317218
15048912ns          256432 1c0081c6 00a4222b p.sw             x10, 4(x8!)          x8=10000f64 x10:4075f971  x8:10000f60  PA:10000f60
15048932ns          256433 1c0081ca ff4419e3 bne              x8, x20, -14         x8:10000f64 x20:10000fd8
15048991ns          256436 1c0081bc 0049a50b p.lw             x10, 4(x19!)        x10=41cf345a x19=1c0102b0 x19:1c0102ac  PA:1c0102ac
15049290ns          256451 1c0081c0 558000ef jal              x1, 1368             x1=1c0081c2
15049310ns          256452 1c008718 e00517d3 fclass.s         x15, f10            x15=00000040 f10:41cf345a
15049330ns          256453 1c00871c 0817f793 andi             x15, x15, 129       x15=00000000 x15:00000040
15049350ns          256454 1c008720 08079b63 bne              x15, x0, 150        x15:00000000
15049369ns          256455 1c008722 00000793 addi             x15, x0, 0          x15=00000000
15049389ns          256456 1c008726 a0f52753 feq.s            x14, f10, f15       x14=00000000 f10:41cf345a f15:00000000
15049409ns          256457 1c00872a 08071163 bne              x14, x0, 130        x14:00000000
15049429ns          256458 1c00872c a0f507d3 fle.s            x15, f10, f15       x15=00000000 f10:41cf345a f15:00000000
15049449ns          256459 1c008730 08079863 bne              x15, x0, 144        x15:00000000
15049469ns          256460 1c008732 a0a527d3 feq.s            x15, f10, f10       x15=00000001 f10:41cf345a f10:41cf345a
15049489ns          256461 1c008736 08078563 beq              x15, x0, 138        x15:00000001
15049509ns          256462 1c008738 d17537b3 p.bclr           x15, x10, 8, 23     x15=004f345a x10:41cf345a
15049529ns          256463 1c00873c cb87c733 p.bset           x14, x15, 5, 24     x14=3f4f345a x15:004f345a
15049548ns          256464 1c008740 1c0006b7 lui              x13, 0x1c000000     x13=1c000000
15049568ns          256465 1c008744 1c0007b7 lui              x15, 0x1c000000     x15=1c000000
15049588ns          256466 1c008748 1306a683 lw               x13, 304(x13)       x13=c13c5fa8 x13:1c000000  PA:1c000130
15049887ns          256481 1c00874c 12c7a783 lw               x15, 300(x15)       x15=3ff7d7e5 x15:1c000000  PA:1c00012c
15050185ns          256496 1c008750 41755513 srai             x10, x10, 0x417     x10=00000083 x10:41cf345a
15050205ns          256497 1c008752 68e7f7c3 fmadd.s          f15, f15, f14, f13  f15=xxxxxxxx f15:3ff7d7e5 f14:3f4f345a f13:c13c5fa8
15050225ns          256498 1c008756 1c0006b7 lui              x13, 0x1c000000     x13=1c000000
15050245ns          256499 1c00875a 1346a683 lw               x13, 308(x13)       x13=41fa6a03 x13:1c000000  PA:1c000134
15050563ns          256515 1c00875e f8250513 addi             x10, x10, -126      x10=00000005 x10:00000083
15050583ns          256516 1c008762 68e7f7c3 fmadd.s          f15, f15, f14, f13  f15=xxxxxxxx f15:c1234c60 f14:3f4f345a f13:41fa6a03
15050603ns          256517 1c008766 1c0006b7 lui              x13, 0x1c000000     x13=1c000000
15050623ns          256518 1c00876a 1386a683 lw               x13, 312(x13)       x13=c23f0e08 x13:1c000000  PA:1c000138
15050941ns          256534 1c00876e d0057553 fcvt.s.w         f10, x10            f10=xxxxxxxx x10:00000005
15050961ns          256535 1c008772 68e7f7c3 fmadd.s          f15, f15, f14, f13  f15=xxxxxxxx f15:41b853f0 f14:3f4f345a f13:c23f0e08
15050981ns          256536 1c008776 1c0006b7 lui              x13, 0x1c000000     x13=1c000000
15051000ns          256537 1c00877a 13c6a683 lw               x13, 316(x13)       x13=42390412 x13:1c000000  PA:1c00013c
15051319ns          256553 1c00877e 68e7f7c3 fmadd.s          f15, f15, f14, f13  f15=xxxxxxxx f15:c1e8ea7f f14:3f4f345a f13:42390412
15051339ns          256554 1c008782 1c0006b7 lui              x13, 0x1c000000     x13=1c000000
15051358ns          256555 1c008786 1406a683 lw               x13, 320(x13)       x13=c1efd21b x13:1c000000  PA:1c000140
15051677ns          256571 1c00878a 68e7f7c3 fmadd.s          f15, f15, f14, f13  f15=xxxxxxxx f15:41b582e6 f14:3f4f345a f13:c1efd21b
15051697ns          256572 1c00878e 1c0006b7 lui              x13, 0x1c000000     x13=1c000000
15051717ns          256573 1c008792 1446a683 lw               x13, 324(x13)       x13=41644a86 x13:1c000000  PA:1c000144
15052035ns          256589 1c008796 68e7f7c3 fmadd.s          f15, f15, f14, f13  f15=xxxxxxxx f15:c139d049 f14:3f4f345a f13:41644a86
15052055ns          256590 1c00879a 1c0006b7 lui              x13, 0x1c000000     x13=1c000000
15052075ns          256591 1c00879e 1486a683 lw               x13, 328(x13)       x13=c087dba8 x13:1c000000  PA:1c000148
15052393ns          256607 1c0087a2 68e7f7c3 fmadd.s          f15, f15, f14, f13  f15=xxxxxxxx f15:409bca37 f14:3f4f345a f13:c087dba8
15052413ns          256608 1c0087a6 00a7f553 fadd.s           f10, f15, f10       f10=xxxxxxxx f15:be9c349b f10:40a00000
15052433ns          256609 1c0087aa 00008067 jalr             x0, x1, 0            x1:1c0081c2
15052492ns          256612 1c0081c2 11557553 fmul.s           f10, f10, f21       f10=xxxxxxxx f10:40963cb6 f21:3f317218
15052512ns          256613 1c0081c6 00a4222b p.sw             x10, 4(x8!)          x8=10000f68 x10:405045de  x8:10000f64  PA:10000f64
15052532ns          256614 1c0081ca ff4419e3 bne              x8, x20, -14         x8:10000f68 x20:10000fd8
15052592ns          256617 1c0081bc 0049a50b p.lw             x10, 4(x19!)        x10=41195cb1 x19=1c0102b4 x19:1c0102b0  PA:1c0102b0
15052890ns          256632 1c0081c0 558000ef jal              x1, 1368             x1=1c0081c2
15052910ns          256633 1c008718 e00517d3 fclass.s         x15, f10            x15=00000040 f10:41195cb1
15052930ns          256634 1c00871c 0817f793 andi             x15, x15, 129       x15=00000000 x15:00000040
15052950ns          256635 1c008720 08079b63 bne              x15, x0, 150        x15:00000000
15052970ns          256636 1c008722 00000793 addi             x15, x0, 0          x15=00000000
15052990ns          256637 1c008726 a0f52753 feq.s            x14, f10, f15       x14=00000000 f10:41195cb1 f15:00000000
15053009ns          256638 1c00872a 08071163 bne              x14, x0, 130        x14:00000000
15053029ns          256639 1c00872c a0f507d3 fle.s            x15, f10, f15       x15=00000000 f10:41195cb1 f15:00000000
15053049ns          256640 1c008730 08079863 bne              x15, x0, 144        x15:00000000
15053069ns          256641 1c008732 a0a527d3 feq.s            x15, f10, f10       x15=00000001 f10:41195cb1 f10:41195cb1
15053089ns          256642 1c008736 08078563 beq              x15, x0, 138        x15:00000001
15053109ns          256643 1c008738 d17537b3 p.bclr           x15, x10, 8, 23     x15=00195cb1 x10:41195cb1
15053129ns          256644 1c00873c cb87c733 p.bset           x14, x15, 5, 24     x14=3f195cb1 x15:00195cb1
15053149ns          256645 1c008740 1c0006b7 lui              x13, 0x1c000000     x13=1c000000
15053169ns          256646 1c008744 1c0007b7 lui              x15, 0x1c000000     x15=1c000000
15053188ns          256647 1c008748 1306a683 lw               x13, 304(x13)       x13=c13c5fa8 x13:1c000000  PA:1c000130
15053487ns          256662 1c00874c 12c7a783 lw               x15, 300(x15)       x15=3ff7d7e5 x15:1c000000  PA:1c00012c
15053785ns          256677 1c008750 41755513 srai             x10, x10, 0x417     x10=00000082 x10:41195cb1
15053805ns          256678 1c008752 68e7f7c3 fmadd.s          f15, f15, f14, f13  f15=xxxxxxxx f15:3ff7d7e5 f14:3f195cb1 f13:c13c5fa8
15053825ns          256679 1c008756 1c0006b7 lui              x13, 0x1c000000     x13=1c000000
15053845ns          256680 1c00875a 1346a683 lw               x13, 308(x13)       x13=41fa6a03 x13:1c000000  PA:1c000134
15054183ns          256697 1c00875e f8250513 addi             x10, x10, -126      x10=00000004 x10:00000082
15054203ns          256698 1c008762 68e7f7c3 fmadd.s          f15, f15, f14, f13  f15=xxxxxxxx f15:c129d06f f14:3f195cb1 f13:41fa6a03
15054223ns          256699 1c008766 1c0006b7 lui              x13, 0x1c000000     x13=1c000000
15054243ns          256700 1c00876a 1386a683 lw               x13, 312(x13)       x13=c23f0e08 x13:1c000000  PA:1c000138
15054541ns          256715 1c00876e d0057553 fcvt.s.w         f10, x10            f10=xxxxxxxx x10:00000004
15054561ns          256716 1c008772 68e7f7c3 fmadd.s          f15, f15, f14, f13  f15=xxxxxxxx f15:41c78c7c f14:3f195cb1 f13:c23f0e08
15054581ns          256717 1c008776 1c0006b7 lui              x13, 0x1c000000     x13=1c000000
15054601ns          256718 1c00877a 13c6a683 lw               x13, 316(x13)       x13=42390412 x13:1c000000  PA:1c00013c
15054939ns          256735 1c00877e 68e7f7c3 fmadd.s          f15, f15, f14, f13  f15=xxxxxxxx f15:c203486d f14:3f195cb1 f13:42390412
15054959ns          256736 1c008782 1c0006b7 lui              x13, 0x1c000000     x13=1c000000
15054979ns          256737 1c008786 1406a683 lw               x13, 320(x13)       x13=c1efd21b x13:1c000000  PA:1c000140
15055297ns          256753 1c00878a 68e7f7c3 fmadd.s          f15, f15, f14, f13  f15=xxxxxxxx f15:41d4bc80 f14:3f195cb1 f13:c1efd21b
15055317ns          256754 1c00878e 1c0006b7 lui              x13, 0x1c000000     x13=1c000000
15055337ns          256755 1c008792 1446a683 lw               x13, 324(x13)       x13=41644a86 x13:1c000000  PA:1c000144
15055655ns          256771 1c008796 68e7f7c3 fmadd.s          f15, f15, f14, f13  f15=xxxxxxxx f15:c160c0d7 f14:3f195cb1 f13:41644a86
15055675ns          256772 1c00879a 1c0006b7 lui              x13, 0x1c000000     x13=1c000000
15055695ns          256773 1c00879e 1486a683 lw               x13, 328(x13)       x13=c087dba8 x13:1c000000  PA:1c000148
15056013ns          256789 1c0087a2 68e7f7c3 fmadd.s          f15, f15, f14, f13  f15=xxxxxxxx f15:40bb4bca f14:3f195cb1 f13:c087dba8
15056033ns          256790 1c0087a6 00a7f553 fadd.s           f10, f15, f10       f10=xxxxxxxx f15:bf3d3c5c f10:40800000
15056053ns          256791 1c0087aa 00008067 jalr             x0, x1, 0            x1:1c0081c2
15056112ns          256794 1c0081c2 11557553 fmul.s           f10, f10, f21       f10=xxxxxxxx f10:4050b0e9 f21:3f317218
15056132ns          256795 1c0081c6 00a4222b p.sw             x10, 4(x8!)          x8=10000f6c x10:4010a753  x8:10000f68  PA:10000f68
15056152ns          256796 1c0081ca ff4419e3 bne              x8, x20, -14         x8:10000f6c x20:10000fd8
15056212ns          256799 1c0081bc 0049a50b p.lw             x10, 4(x19!)        x10=42182aa8 x19=1c0102b8 x19:1c0102b4  PA:1c0102b4
15056510ns          256814 1c0081c0 558000ef jal              x1, 1368             x1=1c0081c2
15056530ns          256815 1c008718 e00517d3 fclass.s         x15, f10            x15=00000040 f10:42182aa8
15056550ns          256816 1c00871c 0817f793 andi             x15, x15, 129       x15=00000000 x15:00000040
15056570ns          256817 1c008720 08079b63 bne              x15, x0, 150        x15:00000000
15056590ns          256818 1c008722 00000793 addi             x15, x0, 0          x15=00000000
15056610ns          256819 1c008726 a0f52753 feq.s            x14, f10, f15       x14=00000000 f10:42182aa8 f15:00000000
15056630ns          256820 1c00872a 08071163 bne              x14, x0, 130        x14:00000000
15056649ns          256821 1c00872c a0f507d3 fle.s            x15, f10, f15       x15=00000000 f10:42182aa8 f15:00000000
15056669ns          256822 1c008730 08079863 bne              x15, x0, 144        x15:00000000
15056689ns          256823 1c008732 a0a527d3 feq.s            x15, f10, f10       x15=00000001 f10:42182aa8 f10:42182aa8
15056709ns          256824 1c008736 08078563 beq              x15, x0, 138        x15:00000001
15056729ns          256825 1c008738 d17537b3 p.bclr           x15, x10, 8, 23     x15=00182aa8 x10:42182aa8
15056749ns          256826 1c00873c cb87c733 p.bset           x14, x15, 5, 24     x14=3f182aa8 x15:00182aa8
15056769ns          256827 1c008740 1c0006b7 lui              x13, 0x1c000000     x13=1c000000
15056789ns          256828 1c008744 1c0007b7 lui              x15, 0x1c000000     x15=1c000000
15056809ns          256829 1c008748 1306a683 lw               x13, 304(x13)       x13=c13c5fa8 x13:1c000000  PA:1c000130
15057107ns          256844 1c00874c 12c7a783 lw               x15, 300(x15)       x15=3ff7d7e5 x15:1c000000  PA:1c00012c
15057405ns          256859 1c008750 41755513 srai             x10, x10, 0x417     x10=00000084 x10:42182aa8
15057425ns          256860 1c008752 68e7f7c3 fmadd.s          f15, f15, f14, f13  f15=xxxxxxxx f15:3ff7d7e5 f14:3f182aa8 f13:c13c5fa8
15057445ns          256861 1c008756 1c0006b7 lui              x13, 0x1c000000     x13=1c000000
15057465ns          256862 1c00875a 1346a683 lw               x13, 308(x13)       x13=41fa6a03 x13:1c000000  PA:1c000134
15057763ns          256877 1c00875e f8250513 addi             x10, x10, -126      x10=00000006 x10:00000084
15057783ns          256878 1c008762 68e7f7c3 fmadd.s          f15, f15, f14, f13  f15=xxxxxxxx f15:c129f578 f14:3f182aa8 f13:41fa6a03
15057803ns          256879 1c008766 1c0006b7 lui              x13, 0x1c000000     x13=1c000000
15057823ns          256880 1c00876a 1386a683 lw               x13, 312(x13)       x13=c23f0e08 x13:1c000000  PA:1c000138
15058121ns          256895 1c00876e d0057553 fcvt.s.w         f10, x10            f10=xxxxxxxx x10:00000006
15058141ns          256896 1c008772 68e7f7c3 fmadd.s          f15, f15, f14, f13  f15=xxxxxxxx f15:41c7e6fa f14:3f182aa8 f13:c23f0e08
15058161ns          256897 1c008776 1c0006b7 lui              x13, 0x1c000000     x13=1c000000
15058181ns          256898 1c00877a 13c6a683 lw               x13, 316(x13)       x13=42390412 x13:1c000000  PA:1c00013c
15058499ns          256914 1c00877e 68e7f7c3 fmadd.s          f15, f15, f14, f13  f15=xxxxxxxx f15:c203a4ce f14:3f182aa8 f13:42390412
15058519ns          256915 1c008782 1c0006b7 lui              x13, 0x1c000000     x13=1c000000
15058539ns          256916 1c008786 1406a683 lw               x13, 320(x13)       x13=c1efd21b x13:1c000000  PA:1c000140
15058877ns          256933 1c00878a 68e7f7c3 fmadd.s          f15, f15, f14, f13  f15=xxxxxxxx f15:41d58891 f14:3f182aa8 f13:c1efd21b
15058897ns          256934 1c00878e 1c0006b7 lui              x13, 0x1c000000     x13=1c000000
15058917ns          256935 1c008792 1446a683 lw               x13, 324(x13)       x13=41644a86 x13:1c000000  PA:1c000144
15059235ns          256951 1c008796 68e7f7c3 fmadd.s          f15, f15, f14, f13  f15=xxxxxxxx f15:c161cae1 f14:3f182aa8 f13:41644a86
15059255ns          256952 1c00879a 1c0006b7 lui              x13, 0x1c000000     x13=1c000000
15059275ns          256953 1c00879e 1486a683 lw               x13, 328(x13)       x13=c087dba8 x13:1c000000  PA:1c000148
15059593ns          256969 1c0087a2 68e7f7c3 fmadd.s          f15, f15, f14, f13  f15=xxxxxxxx f15:40bc28e2 f14:3f182aa8 f13:c087dba8
15059613ns          256970 1c0087a6 00a7f553 fadd.s           f10, f15, f10       f10=xxxxxxxx f15:bf40203d f10:40c00000
15059633ns          256971 1c0087aa 00008067 jalr             x0, x1, 0            x1:1c0081c2
15059693ns          256974 1c0081c2 11557553 fmul.s           f10, f10, f21       f10=xxxxxxxx f10:40a7fbf8 f21:3f317218
15059713ns          256975 1c0081c6 00a4222b p.sw             x10, 4(x8!)          x8=10000f70 x10:4068e029  x8:10000f6c  PA:10000f6c
15059732ns          256976 1c0081ca ff4419e3 bne              x8, x20, -14         x8:10000f70 x20:10000fd8
15059792ns          256979 1c0081bc 0049a50b p.lw             x10, 4(x19!)        x10=42935957 x19=1c0102bc x19:1c0102b8  PA:1c0102b8
15060091ns          256994 1c0081c0 558000ef jal              x1, 1368             x1=1c0081c2
15060110ns          256995 1c008718 e00517d3 fclass.s         x15, f10            x15=00000040 f10:42935957
15060130ns          256996 1c00871c 0817f793 andi             x15, x15, 129       x15=00000000 x15:00000040
15060150ns          256997 1c008720 08079b63 bne              x15, x0, 150        x15:00000000
15060170ns          256998 1c008722 00000793 addi             x15, x0, 0          x15=00000000
15060190ns          256999 1c008726 a0f52753 feq.s            x14, f10, f15       x14=00000000 f10:42935957 f15:00000000
15060210ns          257000 1c00872a 08071163 bne              x14, x0, 130        x14:00000000
15060230ns          257001 1c00872c a0f507d3 fle.s            x15, f10, f15       x15=00000000 f10:42935957 f15:00000000
15060250ns          257002 1c008730 08079863 bne              x15, x0, 144        x15:00000000
15060270ns          257003 1c008732 a0a527d3 feq.s            x15, f10, f10       x15=00000001 f10:42935957 f10:42935957
15060289ns          257004 1c008736 08078563 beq              x15, x0, 138        x15:00000001
15060309ns          257005 1c008738 d17537b3 p.bclr           x15, x10, 8, 23     x15=00135957 x10:42935957
15060329ns          257006 1c00873c cb87c733 p.bset           x14, x15, 5, 24     x14=3f135957 x15:00135957
15060349ns          257007 1c008740 1c0006b7 lui              x13, 0x1c000000     x13=1c000000
15060369ns          257008 1c008744 1c0007b7 lui              x15, 0x1c000000     x15=1c000000
15060389ns          257009 1c008748 1306a683 lw               x13, 304(x13)       x13=c13c5fa8 x13:1c000000  PA:1c000130
15060687ns          257024 1c00874c 12c7a783 lw               x15, 300(x15)       x15=3ff7d7e5 x15:1c000000  PA:1c00012c
15060986ns          257039 1c008750 41755513 srai             x10, x10, 0x417     x10=00000085 x10:42935957
15061005ns          257040 1c008752 68e7f7c3 fmadd.s          f15, f15, f14, f13  f15=xxxxxxxx f15:3ff7d7e5 f14:3f135957 f13:c13c5fa8
15061025ns          257041 1c008756 1c0006b7 lui              x13, 0x1c000000     x13=1c000000
15061045ns          257042 1c00875a 1346a683 lw               x13, 308(x13)       x13=41fa6a03 x13:1c000000  PA:1c000134
15061364ns          257058 1c00875e f8250513 addi             x10, x10, -126      x10=00000007 x10:00000085
15061383ns          257059 1c008762 68e7f7c3 fmadd.s          f15, f15, f14, f13  f15=xxxxxxxx f15:c12a8ab9 f14:3f135957 f13:41fa6a03
15061403ns          257060 1c008766 1c0006b7 lui              x13, 0x1c000000     x13=1c000000
15061423ns          257061 1c00876a 1386a683 lw               x13, 312(x13)       x13=c23f0e08 x13:1c000000  PA:1c000138
15061722ns          257076 1c00876e d0057553 fcvt.s.w         f10, x10            f10=xxxxxxxx x10:00000007
15061741ns          257077 1c008772 68e7f7c3 fmadd.s          f15, f15, f14, f13  f15=xxxxxxxx f15:41c9556d f14:3f135957 f13:c23f0e08
15061761ns          257078 1c008776 1c0006b7 lui              x13, 0x1c000000     x13=1c000000
15061781ns          257079 1c00877a 13c6a683 lw               x13, 316(x13)       x13=42390412 x13:1c000000  PA:1c00013c
15062099ns          257095 1c00877e 68e7f7c3 fmadd.s          f15, f15, f14, f13  f15=xxxxxxxx f15:c2051ce0 f14:3f135957 f13:42390412
15062119ns          257096 1c008782 1c0006b7 lui              x13, 0x1c000000     x13=1c000000
15062139ns          257097 1c008786 1406a683 lw               x13, 320(x13)       x13=c1efd21b x13:1c000000  PA:1c000140
15062458ns          257113 1c00878a 68e7f7c3 fmadd.s          f15, f15, f14, f13  f15=xxxxxxxx f15:41d8cc12 f14:3f135957 f13:c1efd21b
15062477ns          257114 1c00878e 1c0006b7 lui              x13, 0x1c000000     x13=1c000000
15062497ns          257115 1c008792 1446a683 lw               x13, 324(x13)       x13=41644a86 x13:1c000000  PA:1c000144
15062816ns          257131 1c008796 68e7f7c3 fmadd.s          f15, f15, f14, f13  f15=xxxxxxxx f15:c1661288 f14:3f135957 f13:41644a86
15062835ns          257132 1c00879a 1c0006b7 lui              x13, 0x1c000000     x13=1c000000
15062855ns          257133 1c00879e 1486a683 lw               x13, 328(x13)       x13=c087dba8 x13:1c000000  PA:1c000148
15063174ns          257149 1c0087a2 68e7f7c3 fmadd.s          f15, f15, f14, f13  f15=xxxxxxxx f15:40bfbb2f f14:3f135957 f13:c087dba8
15063193ns          257150 1c0087a6 00a7f553 fadd.s           f10, f15, f10       f10=xxxxxxxx f15:bf4c0216 f10:40e00000
15063213ns          257151 1c0087aa 00008067 jalr             x0, x1, 0            x1:1c0081c2
15063273ns          257154 1c0081c2 11557553 fmul.s           f10, f10, f21       f10=xxxxxxxx f10:40c67fbd f21:3f317218
15063293ns          257155 1c0081c6 00a4222b p.sw             x10, 4(x8!)          x8=10000f74 x10:408996c9  x8:10000f70  PA:10000f70
15063313ns          257156 1c0081ca ff4419e3 bne              x8, x20, -14         x8:10000f74 x20:10000fd8
15063372ns          257159 1c0081bc 0049a50b p.lw             x10, 4(x19!)        x10=42031f36 x19=1c0102c0 x19:1c0102bc  PA:1c0102bc
15063671ns          257174 1c0081c0 558000ef jal              x1, 1368             x1=1c0081c2
15063691ns          257175 1c008718 e00517d3 fclass.s         x15, f10            x15=00000040 f10:42031f36
15063711ns          257176 1c00871c 0817f793 andi             x15, x15, 129       x15=00000000 x15:00000040
15063731ns          257177 1c008720 08079b63 bne              x15, x0, 150        x15:00000000
15063750ns          257178 1c008722 00000793 addi             x15, x0, 0          x15=00000000
15063770ns          257179 1c008726 a0f52753 feq.s            x14, f10, f15       x14=00000000 f10:42031f36 f15:00000000
15063790ns          257180 1c00872a 08071163 bne              x14, x0, 130        x14:00000000
15063810ns          257181 1c00872c a0f507d3 fle.s            x15, f10, f15       x15=00000000 f10:42031f36 f15:00000000
15063830ns          257182 1c008730 08079863 bne              x15, x0, 144        x15:00000000
15063850ns          257183 1c008732 a0a527d3 feq.s            x15, f10, f10       x15=00000001 f10:42031f36 f10:42031f36
15063870ns          257184 1c008736 08078563 beq              x15, x0, 138        x15:00000001
15063890ns          257185 1c008738 d17537b3 p.bclr           x15, x10, 8, 23     x15=00031f36 x10:42031f36
15063910ns          257186 1c00873c cb87c733 p.bset           x14, x15, 5, 24     x14=3f031f36 x15:00031f36
15063929ns          257187 1c008740 1c0006b7 lui              x13, 0x1c000000     x13=1c000000
15063949ns          257188 1c008744 1c0007b7 lui              x15, 0x1c000000     x15=1c000000
15063969ns          257189 1c008748 1306a683 lw               x13, 304(x13)       x13=c13c5fa8 x13:1c000000  PA:1c000130
15064287ns          257205 1c00874c 12c7a783 lw               x15, 300(x15)       x15=3ff7d7e5 x15:1c000000  PA:1c00012c
15064586ns          257220 1c008750 41755513 srai             x10, x10, 0x417     x10=00000084 x10:42031f36
15064606ns          257221 1c008752 68e7f7c3 fmadd.s          f15, f15, f14, f13  f15=xxxxxxxx f15:3ff7d7e5 f14:3f031f36 f13:c13c5fa8
15064626ns          257222 1c008756 1c0006b7 lui              x13, 0x1c000000     x13=1c000000
15064645ns          257223 1c00875a 1346a683 lw               x13, 308(x13)       x13=41fa6a03 x13:1c000000  PA:1c000134
15064944ns          257238 1c00875e f8250513 addi             x10, x10, -126      x10=00000006 x10:00000084
15064964ns          257239 1c008762 68e7f7c3 fmadd.s          f15, f15, f14, f13  f15=xxxxxxxx f15:c12c8172 f14:3f031f36 f13:41fa6a03
15064984ns          257240 1c008766 1c0006b7 lui              x13, 0x1c000000     x13=1c000000
15065004ns          257241 1c00876a 1386a683 lw               x13, 312(x13)       x13=c23f0e08 x13:1c000000  PA:1c000138
15065302ns          257256 1c00876e d0057553 fcvt.s.w         f10, x10            f10=xxxxxxxx x10:00000006
15065322ns          257257 1c008772 68e7f7c3 fmadd.s          f15, f15, f14, f13  f15=xxxxxxxx f15:41ce3c60 f14:3f031f36 f13:c23f0e08
15065342ns          257258 1c008776 1c0006b7 lui              x13, 0x1c000000     x13=1c000000
15065362ns          257259 1c00877a 13c6a683 lw               x13, 316(x13)       x13=42390412 x13:1c000000  PA:1c00013c
15065700ns          257276 1c00877e 68e7f7c3 fmadd.s          f15, f15, f14, f13  f15=xxxxxxxx f15:c20a3d03 f14:3f031f36 f13:42390412
15065720ns          257277 1c008782 1c0006b7 lui              x13, 0x1c000000     x13=1c000000
15065739ns          257278 1c008786 1406a683 lw               x13, 320(x13)       x13=c1efd21b x13:1c000000  PA:1c000140
15066058ns          257294 1c00878a 68e7f7c3 fmadd.s          f15, f15, f14, f13  f15=xxxxxxxx f15:41e46bfe f14:3f031f36 f13:c1efd21b
15066078ns          257295 1c00878e 1c0006b7 lui              x13, 0x1c000000     x13=1c000000
15066098ns          257296 1c008792 1446a683 lw               x13, 324(x13)       x13=41644a86 x13:1c000000  PA:1c000144
15066436ns          257313 1c008796 68e7f7c3 fmadd.s          f15, f15, f14, f13  f15=xxxxxxxx f15:c175a5fe f14:3f031f36 f13:41644a86
15066456ns          257314 1c00879a 1c0006b7 lui              x13, 0x1c000000     x13=1c000000
15066475ns          257315 1c00879e 1486a683 lw               x13, 328(x13)       x13=c087dba8 x13:1c000000  PA:1c000148
15066794ns          257331 1c0087a2 68e7f7c3 fmadd.s          f15, f15, f14, f13  f15=xxxxxxxx f15:40ccf144 f14:3f031f36 f13:c087dba8
15066814ns          257332 1c0087a6 00a7f553 fadd.s           f10, f15, f10       f10=xxxxxxxx f15:bf7719ae f10:40c00000
15066833ns          257333 1c0087aa 00008067 jalr             x0, x1, 0            x1:1c0081c2
15066893ns          257336 1c0081c2 11557553 fmul.s           f10, f10, f21       f10=xxxxxxxx f10:40a11cca f21:3f317218
15066913ns          257337 1c0081c6 00a4222b p.sw             x10, 4(x8!)          x8=10000f78 x10:405f596b  x8:10000f74  PA:10000f74
15066933ns          257338 1c0081ca ff4419e3 bne              x8, x20, -14         x8:10000f78 x20:10000fd8
15066993ns          257341 1c0081bc 0049a50b p.lw             x10, 4(x19!)        x10=4230b7a0 x19=1c0102c4 x19:1c0102c0  PA:1c0102c0
15067291ns          257356 1c0081c0 558000ef jal              x1, 1368             x1=1c0081c2
15067311ns          257357 1c008718 e00517d3 fclass.s         x15, f10            x15=00000040 f10:4230b7a0
15067331ns          257358 1c00871c 0817f793 andi             x15, x15, 129       x15=00000000 x15:00000040
15067351ns          257359 1c008720 08079b63 bne              x15, x0, 150        x15:00000000
15067371ns          257360 1c008722 00000793 addi             x15, x0, 0          x15=00000000
15067390ns          257361 1c008726 a0f52753 feq.s            x14, f10, f15       x14=00000000 f10:4230b7a0 f15:00000000
15067410ns          257362 1c00872a 08071163 bne              x14, x0, 130        x14:00000000
15067430ns          257363 1c00872c a0f507d3 fle.s            x15, f10, f15       x15=00000000 f10:4230b7a0 f15:00000000
15067450ns          257364 1c008730 08079863 bne              x15, x0, 144        x15:00000000
15067470ns          257365 1c008732 a0a527d3 feq.s            x15, f10, f10       x15=00000001 f10:4230b7a0 f10:4230b7a0
15067490ns          257366 1c008736 08078563 beq              x15, x0, 138        x15:00000001
15067510ns          257367 1c008738 d17537b3 p.bclr           x15, x10, 8, 23     x15=0030b7a0 x10:4230b7a0
15067530ns          257368 1c00873c cb87c733 p.bset           x14, x15, 5, 24     x14=3f30b7a0 x15:0030b7a0
15067550ns          257369 1c008740 1c0006b7 lui              x13, 0x1c000000     x13=1c000000
15067569ns          257370 1c008744 1c0007b7 lui              x15, 0x1c000000     x15=1c000000
15067589ns          257371 1c008748 1306a683 lw               x13, 304(x13)       x13=c13c5fa8 x13:1c000000  PA:1c000130
15067888ns          257386 1c00874c 12c7a783 lw               x15, 300(x15)       x15=3ff7d7e5 x15:1c000000  PA:1c00012c
15068186ns          257401 1c008750 41755513 srai             x10, x10, 0x417     x10=00000084 x10:4230b7a0
15068206ns          257402 1c008752 68e7f7c3 fmadd.s          f15, f15, f14, f13  f15=xxxxxxxx f15:3ff7d7e5 f14:3f30b7a0 f13:c13c5fa8
15068226ns          257403 1c008756 1c0006b7 lui              x13, 0x1c000000     x13=1c000000
15068246ns          257404 1c00875a 1346a683 lw               x13, 308(x13)       x13=41fa6a03 x13:1c000000  PA:1c000134
15068544ns          257419 1c00875e f8250513 addi             x10, x10, -126      x10=00000006 x10:00000084
15068564ns          257420 1c008762 68e7f7c3 fmadd.s          f15, f15, f14, f13  f15=xxxxxxxx f15:c126fce2 f14:3f30b7a0 f13:41fa6a03
15068584ns          257421 1c008766 1c0006b7 lui              x13, 0x1c000000     x13=1c000000
15068604ns          257422 1c00876a 1386a683 lw               x13, 312(x13)       x13=c23f0e08 x13:1c000000  PA:1c000138
15068902ns          257437 1c00876e d0057553 fcvt.s.w         f10, x10            f10=xxxxxxxx x10:00000006
15068922ns          257438 1c008772 68e7f7c3 fmadd.s          f15, f15, f14, f13  f15=xxxxxxxx f15:41c0c732 f14:3f30b7a0 f13:c23f0e08
15068942ns          257439 1c008776 1c0006b7 lui              x13, 0x1c000000     x13=1c000000
15068962ns          257440 1c00877a 13c6a683 lw               x13, 316(x13)       x13=42390412 x13:1c000000  PA:1c00013c
15069300ns          257457 1c00877e 68e7f7c3 fmadd.s          f15, f15, f14, f13  f15=xxxxxxxx f15:c1f908d7 f14:3f30b7a0 f13:42390412
15069320ns          257458 1c008782 1c0006b7 lui              x13, 0x1c000000     x13=1c000000
15069340ns          257459 1c008786 1406a683 lw               x13, 320(x13)       x13=c1efd21b x13:1c000000  PA:1c000140
15069678ns          257476 1c00878a 68e7f7c3 fmadd.s          f15, f15, f14, f13  f15=xxxxxxxx f15:41c61f6f f14:3f30b7a0 f13:c1efd21b
15069698ns          257477 1c00878e 1c0006b7 lui              x13, 0x1c000000     x13=1c000000
15069718ns          257478 1c008792 1446a683 lw               x13, 324(x13)       x13=41644a86 x13:1c000000  PA:1c000144
15070036ns          257494 1c008796 68e7f7c3 fmadd.s          f15, f15, f14, f13  f15=xxxxxxxx f15:c14e1cc5 f14:3f30b7a0 f13:41644a86
15070056ns          257495 1c00879a 1c0006b7 lui              x13, 0x1c000000     x13=1c000000
15070076ns          257496 1c00879e 1486a683 lw               x13, 328(x13)       x13=c087dba8 x13:1c000000  PA:1c000148
15070414ns          257513 1c0087a2 68e7f7c3 fmadd.s          f15, f15, f14, f13  f15=xxxxxxxx f15:40ac05ce f14:3f30b7a0 f13:c087dba8
15070434ns          257514 1c0087a6 00a7f553 fadd.s           f10, f15, f10       f10=xxxxxxxx f15:bf08e236 f10:40c00000
15070454ns          257515 1c0087aa 00008067 jalr             x0, x1, 0            x1:1c0081c2
15070513ns          257518 1c0081c2 11557553 fmul.s           f10, f10, f21       f10=xxxxxxxx f10:40aee3b9 f21:3f317218
15070533ns          257519 1c0081c6 00a4222b p.sw             x10, 4(x8!)          x8=10000f7c x10:407272c9  x8:10000f78  PA:10000f78
15070553ns          257520 1c0081ca ff4419e3 bne              x8, x20, -14         x8:10000f7c x20:10000fd8
15070613ns          257523 1c0081bc 0049a50b p.lw             x10, 4(x19!)        x10=4114f476 x19=1c0102c8 x19:1c0102c4  PA:1c0102c4
15070931ns          257539 1c0081c0 558000ef jal              x1, 1368             x1=1c0081c2
15070951ns          257540 1c008718 e00517d3 fclass.s         x15, f10            x15=00000040 f10:4114f476
15070971ns          257541 1c00871c 0817f793 andi             x15, x15, 129       x15=00000000 x15:00000040
15070991ns          257542 1c008720 08079b63 bne              x15, x0, 150        x15:00000000
15071011ns          257543 1c008722 00000793 addi             x15, x0, 0          x15=00000000
15071030ns          257544 1c008726 a0f52753 feq.s            x14, f10, f15       x14=00000000 f10:4114f476 f15:00000000
15071050ns          257545 1c00872a 08071163 bne              x14, x0, 130        x14:00000000
15071070ns          257546 1c00872c a0f507d3 fle.s            x15, f10, f15       x15=00000000 f10:4114f476 f15:00000000
15071090ns          257547 1c008730 08079863 bne              x15, x0, 144        x15:00000000
15071110ns          257548 1c008732 a0a527d3 feq.s            x15, f10, f10       x15=00000001 f10:4114f476 f10:4114f476
15071130ns          257549 1c008736 08078563 beq              x15, x0, 138        x15:00000001
15071150ns          257550 1c008738 d17537b3 p.bclr           x15, x10, 8, 23     x15=0014f476 x10:4114f476
15071170ns          257551 1c00873c cb87c733 p.bset           x14, x15, 5, 24     x14=3f14f476 x15:0014f476
15071190ns          257552 1c008740 1c0006b7 lui              x13, 0x1c000000     x13=1c000000
15071209ns          257553 1c008744 1c0007b7 lui              x15, 0x1c000000     x15=1c000000
15071229ns          257554 1c008748 1306a683 lw               x13, 304(x13)       x13=c13c5fa8 x13:1c000000  PA:1c000130
15071528ns          257569 1c00874c 12c7a783 lw               x15, 300(x15)       x15=3ff7d7e5 x15:1c000000  PA:1c00012c
15071826ns          257584 1c008750 41755513 srai             x10, x10, 0x417     x10=00000082 x10:4114f476
15071846ns          257585 1c008752 68e7f7c3 fmadd.s          f15, f15, f14, f13  f15=xxxxxxxx f15:3ff7d7e5 f14:3f14f476 f13:c13c5fa8
15071866ns          257586 1c008756 1c0006b7 lui              x13, 0x1c000000     x13=1c000000
15071886ns          257587 1c00875a 1346a683 lw               x13, 308(x13)       x13=41fa6a03 x13:1c000000  PA:1c000134
15072224ns          257604 1c00875e f8250513 addi             x10, x10, -126      x10=00000004 x10:00000082
15072244ns          257605 1c008762 68e7f7c3 fmadd.s          f15, f15, f14, f13  f15=xxxxxxxx f15:c12a58f8 f14:3f14f476 f13:41fa6a03
15072264ns          257606 1c008766 1c0006b7 lui              x13, 0x1c000000     x13=1c000000
15072284ns          257607 1c00876a 1386a683 lw               x13, 312(x13)       x13=c23f0e08 x13:1c000000  PA:1c000138
15072582ns          257622 1c00876e d0057553 fcvt.s.w         f10, x10            f10=xxxxxxxx x10:00000004
15072602ns          257623 1c008772 68e7f7c3 fmadd.s          f15, f15, f14, f13  f15=xxxxxxxx f15:41c8daf6 f14:3f14f476 f13:c23f0e08
15072622ns          257624 1c008776 1c0006b7 lui              x13, 0x1c000000     x13=1c000000
15072642ns          257625 1c00877a 13c6a683 lw               x13, 316(x13)       x13=42390412 x13:1c000000  PA:1c00013c
15072960ns          257641 1c00877e 68e7f7c3 fmadd.s          f15, f15, f14, f13  f15=xxxxxxxx f15:c2049ed6 f14:3f14f476 f13:42390412
15072980ns          257642 1c008782 1c0006b7 lui              x13, 0x1c000000     x13=1c000000
15073000ns          257643 1c008786 1406a683 lw               x13, 320(x13)       x13=c1efd21b x13:1c000000  PA:1c000140
15073318ns          257659 1c00878a 68e7f7c3 fmadd.s          f15, f15, f14, f13  f15=xxxxxxxx f15:41d7b334 f14:3f14f476 f13:c1efd21b
15073338ns          257660 1c00878e 1c0006b7 lui              x13, 0x1c000000     x13=1c000000
15073358ns          257661 1c008792 1446a683 lw               x13, 324(x13)       x13=41644a86 x13:1c000000  PA:1c000144
15073676ns          257677 1c008796 68e7f7c3 fmadd.s          f15, f15, f14, f13  f15=xxxxxxxx f15:c164a10d f14:3f14f476 f13:41644a86
15073696ns          257678 1c00879a 1c0006b7 lui              x13, 0x1c000000     x13=1c000000
15073716ns          257679 1c00879e 1486a683 lw               x13, 328(x13)       x13=c087dba8 x13:1c000000  PA:1c000148
15074034ns          257695 1c0087a2 68e7f7c3 fmadd.s          f15, f15, f14, f13  f15=xxxxxxxx f15:40be862f f14:3f14f476 f13:c087dba8
15074054ns          257696 1c0087a6 00a7f553 fadd.s           f10, f15, f10       f10=xxxxxxxx f15:bf480129 f10:40800000
15074074ns          257697 1c0087aa 00008067 jalr             x0, x1, 0            x1:1c0081c2
15074133ns          257700 1c0081c2 11557553 fmul.s           f10, f10, f21       f10=xxxxxxxx f10:404dffb6 f21:3f317218
15074153ns          257701 1c0081c6 00a4222b p.sw             x10, 4(x8!)          x8=10000f80 x10:400ec99c  x8:10000f7c  PA:10000f7c
15074173ns          257702 1c0081ca ff4419e3 bne              x8, x20, -14         x8:10000f80 x20:10000fd8
15074233ns          257705 1c0081bc 0049a50b p.lw             x10, 4(x19!)        x10=407774d1 x19=1c0102cc x19:1c0102c8  PA:1c0102c8
15074531ns          257720 1c0081c0 558000ef jal              x1, 1368             x1=1c0081c2
15074551ns          257721 1c008718 e00517d3 fclass.s         x15, f10            x15=00000040 f10:407774d1
15074571ns          257722 1c00871c 0817f793 andi             x15, x15, 129       x15=00000000 x15:00000040
15074591ns          257723 1c008720 08079b63 bne              x15, x0, 150        x15:00000000
15074611ns          257724 1c008722 00000793 addi             x15, x0, 0          x15=00000000
15074631ns          257725 1c008726 a0f52753 feq.s            x14, f10, f15       x14=00000000 f10:407774d1 f15:00000000
15074651ns          257726 1c00872a 08071163 bne              x14, x0, 130        x14:00000000
15074670ns          257727 1c00872c a0f507d3 fle.s            x15, f10, f15       x15=00000000 f10:407774d1 f15:00000000
15074690ns          257728 1c008730 08079863 bne              x15, x0, 144        x15:00000000
15074710ns          257729 1c008732 a0a527d3 feq.s            x15, f10, f10       x15=00000001 f10:407774d1 f10:407774d1
15074730ns          257730 1c008736 08078563 beq              x15, x0, 138        x15:00000001
15074750ns          257731 1c008738 d17537b3 p.bclr           x15, x10, 8, 23     x15=007774d1 x10:407774d1
15074770ns          257732 1c00873c cb87c733 p.bset           x14, x15, 5, 24     x14=3f7774d1 x15:007774d1
15074790ns          257733 1c008740 1c0006b7 lui              x13, 0x1c000000     x13=1c000000
15074810ns          257734 1c008744 1c0007b7 lui              x15, 0x1c000000     x15=1c000000
15074830ns          257735 1c008748 1306a683 lw               x13, 304(x13)       x13=c13c5fa8 x13:1c000000  PA:1c000130
15075128ns          257750 1c00874c 12c7a783 lw               x15, 300(x15)       x15=3ff7d7e5 x15:1c000000  PA:1c00012c
15075426ns          257765 1c008750 41755513 srai             x10, x10, 0x417     x10=00000080 x10:407774d1
15075446ns          257766 1c008752 68e7f7c3 fmadd.s          f15, f15, f14, f13  f15=xxxxxxxx f15:3ff7d7e5 f14:3f7774d1 f13:c13c5fa8
15075466ns          257767 1c008756 1c0006b7 lui              x13, 0x1c000000     x13=1c000000
15075486ns          257768 1c00875a 1346a683 lw               x13, 308(x13)       x13=41fa6a03 x13:1c000000  PA:1c000134
15075784ns          257783 1c00875e f8250513 addi             x10, x10, -126      x10=00000002 x10:00000080
15075804ns          257784 1c008762 68e7f7c3 fmadd.s          f15, f15, f14, f13  f15=xxxxxxxx f15:c11e6d5b f14:3f7774d1 f13:41fa6a03
15075824ns          257785 1c008766 1c0006b7 lui              x13, 0x1c000000     x13=1c000000
15075844ns          257786 1c00876a 1386a683 lw               x13, 312(x13)       x13=c23f0e08 x13:1c000000  PA:1c000138
15076162ns          257802 1c00876e d0057553 fcvt.s.w         f10, x10            f10=xxxxxxxx x10:00000002
15076182ns          257803 1c008772 68e7f7c3 fmadd.s          f15, f15, f14, f13  f15=xxxxxxxx f15:41add81c f14:3f7774d1 f13:c23f0e08
15076202ns          257804 1c008776 1c0006b7 lui              x13, 0x1c000000     x13=1c000000
15076222ns          257805 1c00877a 13c6a683 lw               x13, 316(x13)       x13=42390412 x13:1c000000  PA:1c00013c
15076540ns          257821 1c00877e 68e7f7c3 fmadd.s          f15, f15, f14, f13  f15=xxxxxxxx f15:c1d61139 f14:3f7774d1 f13:42390412
15076560ns          257822 1c008782 1c0006b7 lui              x13, 0x1c000000     x13=1c000000
15076580ns          257823 1c008786 1406a683 lw               x13, 320(x13)       x13=c1efd21b x13:1c000000  PA:1c000140
15076898ns          257839 1c00878a 68e7f7c3 fmadd.s          f15, f15, f14, f13  f15=xxxxxxxx f15:41a31bd7 f14:3f7774d1 f13:c1efd21b
15076918ns          257840 1c00878e 1c0006b7 lui              x13, 0x1c000000     x13=1c000000
15076938ns          257841 1c008792 1446a683 lw               x13, 324(x13)       x13=41644a86 x13:1c000000  PA:1c000144
15077256ns          257857 1c008796 68e7f7c3 fmadd.s          f15, f15, f14, f13  f15=xxxxxxxx f15:c1244fa2 f14:3f7774d1 f13:41644a86
15077276ns          257858 1c00879a 1c0006b7 lui              x13, 0x1c000000     x13=1c000000
15077296ns          257859 1c00879e 1486a683 lw               x13, 328(x13)       x13=c087dba8 x13:1c000000  PA:1c000148
15077634ns          257876 1c0087a2 68e7f7c3 fmadd.s          f15, f15, f14, f13  f15=xxxxxxxx f15:408aed6d f14:3f7774d1 f13:c087dba8
15077654ns          257877 1c0087a6 00a7f553 fadd.s           f10, f15, f10       f10=xxxxxxxx f15:bd48976a f10:40000000
15077674ns          257878 1c0087aa 00008067 jalr             x0, x1, 0            x1:1c0081c2
15077734ns          257881 1c0081c2 11557553 fmul.s           f10, f10, f21       f10=xxxxxxxx f10:3ff9bb45 f21:3f317218
15077754ns          257882 1c0081c6 00a4222b p.sw             x10, 4(x8!)          x8=10000f84 x10:3fad19c8  x8:10000f80  PA:10000f80
15077773ns          257883 1c0081ca ff4419e3 bne              x8, x20, -14         x8:10000f84 x20:10000fd8
15077833ns          257886 1c0081bc 0049a50b p.lw             x10, 4(x19!)        x10=423f1212 x19=1c0102d0 x19:1c0102cc  PA:1c0102cc
15078131ns          257901 1c0081c0 558000ef jal              x1, 1368             x1=1c0081c2
15078151ns          257902 1c008718 e00517d3 fclass.s         x15, f10            x15=00000040 f10:423f1212
15078171ns          257903 1c00871c 0817f793 andi             x15, x15, 129       x15=00000000 x15:00000040
15078191ns          257904 1c008720 08079b63 bne              x15, x0, 150        x15:00000000
15078211ns          257905 1c008722 00000793 addi             x15, x0, 0          x15=00000000
15078231ns          257906 1c008726 a0f52753 feq.s            x14, f10, f15       x14=00000000 f10:423f1212 f15:00000000
15078251ns          257907 1c00872a 08071163 bne              x14, x0, 130        x14:00000000
15078271ns          257908 1c00872c a0f507d3 fle.s            x15, f10, f15       x15=00000000 f10:423f1212 f15:00000000
15078291ns          257909 1c008730 08079863 bne              x15, x0, 144        x15:00000000
15078310ns          257910 1c008732 a0a527d3 feq.s            x15, f10, f10       x15=00000001 f10:423f1212 f10:423f1212
15078330ns          257911 1c008736 08078563 beq              x15, x0, 138        x15:00000001
15078350ns          257912 1c008738 d17537b3 p.bclr           x15, x10, 8, 23     x15=003f1212 x10:423f1212
15078370ns          257913 1c00873c cb87c733 p.bset           x14, x15, 5, 24     x14=3f3f1212 x15:003f1212
15078390ns          257914 1c008740 1c0006b7 lui              x13, 0x1c000000     x13=1c000000
15078410ns          257915 1c008744 1c0007b7 lui              x15, 0x1c000000     x15=1c000000
15078430ns          257916 1c008748 1306a683 lw               x13, 304(x13)       x13=c13c5fa8 x13:1c000000  PA:1c000130
15078748ns          257932 1c00874c 12c7a783 lw               x15, 300(x15)       x15=3ff7d7e5 x15:1c000000  PA:1c00012c
15079066ns          257948 1c008750 41755513 srai             x10, x10, 0x417     x10=00000084 x10:423f1212
15079086ns          257949 1c008752 68e7f7c3 fmadd.s          f15, f15, f14, f13  f15=xxxxxxxx f15:3ff7d7e5 f14:3f3f1212 f13:c13c5fa8
15079106ns          257950 1c008756 1c0006b7 lui              x13, 0x1c000000     x13=1c000000
15079126ns          257951 1c00875a 1346a683 lw               x13, 308(x13)       x13=41fa6a03 x13:1c000000  PA:1c000134
15079424ns          257966 1c00875e f8250513 addi             x10, x10, -126      x10=00000006 x10:00000084
15079444ns          257967 1c008762 68e7f7c3 fmadd.s          f15, f15, f14, f13  f15=xxxxxxxx f15:c1254036 f14:3f3f1212 f13:41fa6a03
15079464ns          257968 1c008766 1c0006b7 lui              x13, 0x1c000000     x13=1c000000
15079484ns          257969 1c00876a 1386a683 lw               x13, 312(x13)       x13=c23f0e08 x13:1c000000  PA:1c000138
15079782ns          257984 1c00876e d0057553 fcvt.s.w         f10, x10            f10=xxxxxxxx x10:00000006
15079802ns          257985 1c008772 68e7f7c3 fmadd.s          f15, f15, f14, f13  f15=xxxxxxxx f15:41bcbeba f14:3f3f1212 f13:c23f0e08
15079822ns          257986 1c008776 1c0006b7 lui              x13, 0x1c000000     x13=1c000000
15079842ns          257987 1c00877a 13c6a683 lw               x13, 316(x13)       x13=42390412 x13:1c000000  PA:1c00013c
15080180ns          258004 1c00877e 68e7f7c3 fmadd.s          f15, f15, f14, f13  f15=xxxxxxxx f15:c1f13c71 f14:3f3f1212 f13:42390412
15080200ns          258005 1c008782 1c0006b7 lui              x13, 0x1c000000     x13=1c000000
15080220ns          258006 1c008786 1406a683 lw               x13, 320(x13)       x13=c1efd21b x13:1c000000  PA:1c000140
15080538ns          258022 1c00878a 68e7f7c3 fmadd.s          f15, f15, f14, f13  f15=xxxxxxxx f15:41bdfb04 f14:3f3f1212 f13:c1efd21b
15080558ns          258023 1c00878e 1c0006b7 lui              x13, 0x1c000000     x13=1c000000
15080578ns          258024 1c008792 1446a683 lw               x13, 324(x13)       x13=41644a86 x13:1c000000  PA:1c000144
15080896ns          258040 1c008796 68e7f7c3 fmadd.s          f15, f15, f14, f13  f15=xxxxxxxx f15:c1440cd4 f14:3f3f1212 f13:41644a86
15080916ns          258041 1c00879a 1c0006b7 lui              x13, 0x1c000000     x13=1c000000
15080936ns          258042 1c00879e 1486a683 lw               x13, 328(x13)       x13=c087dba8 x13:1c000000  PA:1c000148
15081254ns          258058 1c0087a2 68e7f7c3 fmadd.s          f15, f15, f14, f13  f15=xxxxxxxx f15:40a3ee3a f14:3f3f1212 f13:c087dba8
15081274ns          258059 1c0087a6 00a7f553 fadd.s           f10, f15, f10       f10=xxxxxxxx f15:bed81587 f10:40c00000
15081294ns          258060 1c0087aa 00008067 jalr             x0, x1, 0            x1:1c0081c2
15081354ns          258063 1c0081c2 11557553 fmul.s           f10, f10, f21       f10=xxxxxxxx f10:40b27ea8 f21:3f317218
15081374ns          258064 1c0081c6 00a4222b p.sw             x10, 4(x8!)          x8=10000f88 x10:4077723f  x8:10000f84  PA:10000f84
15081394ns          258065 1c0081ca ff4419e3 bne              x8, x20, -14         x8:10000f88 x20:10000fd8
15081453ns          258068 1c0081bc 0049a50b p.lw             x10, 4(x19!)        x10=422cc310 x19=1c0102d4 x19:1c0102d0  PA:1c0102d0
15081752ns          258083 1c0081c0 558000ef jal              x1, 1368             x1=1c0081c2
15081771ns          258084 1c008718 e00517d3 fclass.s         x15, f10            x15=00000040 f10:422cc310
15081791ns          258085 1c00871c 0817f793 andi             x15, x15, 129       x15=00000000 x15:00000040
15081811ns          258086 1c008720 08079b63 bne              x15, x0, 150        x15:00000000
15081831ns          258087 1c008722 00000793 addi             x15, x0, 0          x15=00000000
15081851ns          258088 1c008726 a0f52753 feq.s            x14, f10, f15       x14=00000000 f10:422cc310 f15:00000000
15081871ns          258089 1c00872a 08071163 bne              x14, x0, 130        x14:00000000
15081891ns          258090 1c00872c a0f507d3 fle.s            x15, f10, f15       x15=00000000 f10:422cc310 f15:00000000
15081911ns          258091 1c008730 08079863 bne              x15, x0, 144        x15:00000000
15081931ns          258092 1c008732 a0a527d3 feq.s            x15, f10, f10       x15=00000001 f10:422cc310 f10:422cc310
15081950ns          258093 1c008736 08078563 beq              x15, x0, 138        x15:00000001
15081970ns          258094 1c008738 d17537b3 p.bclr           x15, x10, 8, 23     x15=002cc310 x10:422cc310
15081990ns          258095 1c00873c cb87c733 p.bset           x14, x15, 5, 24     x14=3f2cc310 x15:002cc310
15082010ns          258096 1c008740 1c0006b7 lui              x13, 0x1c000000     x13=1c000000
15082030ns          258097 1c008744 1c0007b7 lui              x15, 0x1c000000     x15=1c000000
15082050ns          258098 1c008748 1306a683 lw               x13, 304(x13)       x13=c13c5fa8 x13:1c000000  PA:1c000130
15082348ns          258113 1c00874c 12c7a783 lw               x15, 300(x15)       x15=3ff7d7e5 x15:1c000000  PA:1c00012c
15082647ns          258128 1c008750 41755513 srai             x10, x10, 0x417     x10=00000084 x10:422cc310
15082667ns          258129 1c008752 68e7f7c3 fmadd.s          f15, f15, f14, f13  f15=xxxxxxxx f15:3ff7d7e5 f14:3f2cc310 f13:c13c5fa8
15082686ns          258130 1c008756 1c0006b7 lui              x13, 0x1c000000     x13=1c000000
15082706ns          258131 1c00875a 1346a683 lw               x13, 308(x13)       x13=41fa6a03 x13:1c000000  PA:1c000134
15083005ns          258146 1c00875e f8250513 addi             x10, x10, -126      x10=00000006 x10:00000084
15083025ns          258147 1c008762 68e7f7c3 fmadd.s          f15, f15, f14, f13  f15=xxxxxxxx f15:c127776b f14:3f2cc310 f13:41fa6a03
15083044ns          258148 1c008766 1c0006b7 lui              x13, 0x1c000000     x13=1c000000
15083064ns          258149 1c00876a 1386a683 lw               x13, 312(x13)       x13=c23f0e08 x13:1c000000  PA:1c000138
15083402ns          258166 1c00876e d0057553 fcvt.s.w         f10, x10            f10=xxxxxxxx x10:00000006
15083422ns          258167 1c008772 68e7f7c3 fmadd.s          f15, f15, f14, f13  f15=xxxxxxxx f15:41c1e818 f14:3f2cc310 f13:c23f0e08
15083442ns          258168 1c008776 1c0006b7 lui              x13, 0x1c000000     x13=1c000000
15083462ns          258169 1c00877a 13c6a683 lw               x13, 316(x13)       x13=42390412 x13:1c000000  PA:1c00013c
15083780ns          258185 1c00877e 68e7f7c3 fmadd.s          f15, f15, f14, f13  f15=xxxxxxxx f15:c1fb4060 f14:3f2cc310 f13:42390412
15083800ns          258186 1c008782 1c0006b7 lui              x13, 0x1c000000     x13=1c000000
15083820ns          258187 1c008786 1406a683 lw               x13, 320(x13)       x13=c1efd21b x13:1c000000  PA:1c000140
15084138ns          258203 1c00878a 68e7f7c3 fmadd.s          f15, f15, f14, f13  f15=xxxxxxxx f15:41c87972 f14:3f2cc310 f13:c1efd21b
15084158ns          258204 1c00878e 1c0006b7 lui              x13, 0x1c000000     x13=1c000000
15084178ns          258205 1c008792 1446a683 lw               x13, 324(x13)       x13=41644a86 x13:1c000000  PA:1c000144
15084496ns          258221 1c008796 68e7f7c3 fmadd.s          f15, f15, f14, f13  f15=xxxxxxxx f15:c1510f83 f14:3f2cc310 f13:41644a86
15084516ns          258222 1c00879a 1c0006b7 lui              x13, 0x1c000000     x13=1c000000
15084536ns          258223 1c00879e 1486a683 lw               x13, 328(x13)       x13=c087dba8 x13:1c000000  PA:1c000148
15084855ns          258239 1c0087a2 68e7f7c3 fmadd.s          f15, f15, f14, f13  f15=xxxxxxxx f15:40ae699c f14:3f2cc310 f13:c087dba8
15084874ns          258240 1c0087a6 00a7f553 fadd.s           f10, f15, f10       f10=xxxxxxxx f15:bf113e6f f10:40c00000
15084894ns          258241 1c0087aa 00008067 jalr             x0, x1, 0            x1:1c0081c2
15084954ns          258244 1c0081c2 11557553 fmul.s           f10, f10, f21       f10=xxxxxxxx f10:40add832 f21:3f317218
15084974ns          258245 1c0081c6 00a4222b p.sw             x10, 4(x8!)          x8=10000f8c x10:4070ffea  x8:10000f88  PA:10000f88
15084994ns          258246 1c0081ca ff4419e3 bne              x8, x20, -14         x8:10000f8c x20:10000fd8
15085053ns          258249 1c0081bc 0049a50b p.lw             x10, 4(x19!)        x10=42c0d070 x19=1c0102d8 x19:1c0102d4  PA:1c0102d4
15085352ns          258264 1c0081c0 558000ef jal              x1, 1368             x1=1c0081c2
15085372ns          258265 1c008718 e00517d3 fclass.s         x15, f10            x15=00000040 f10:42c0d070
15085392ns          258266 1c00871c 0817f793 andi             x15, x15, 129       x15=00000000 x15:00000040
15085411ns          258267 1c008720 08079b63 bne              x15, x0, 150        x15:00000000
15085431ns          258268 1c008722 00000793 addi             x15, x0, 0          x15=00000000
15085451ns          258269 1c008726 a0f52753 feq.s            x14, f10, f15       x14=00000000 f10:42c0d070 f15:00000000
15085471ns          258270 1c00872a 08071163 bne              x14, x0, 130        x14:00000000
15085491ns          258271 1c00872c a0f507d3 fle.s            x15, f10, f15       x15=00000000 f10:42c0d070 f15:00000000
15085511ns          258272 1c008730 08079863 bne              x15, x0, 144        x15:00000000
15085531ns          258273 1c008732 a0a527d3 feq.s            x15, f10, f10       x15=00000001 f10:42c0d070 f10:42c0d070
15085551ns          258274 1c008736 08078563 beq              x15, x0, 138        x15:00000001
15085571ns          258275 1c008738 d17537b3 p.bclr           x15, x10, 8, 23     x15=0040d070 x10:42c0d070
15085590ns          258276 1c00873c cb87c733 p.bset           x14, x15, 5, 24     x14=3f40d070 x15:0040d070
15085610ns          258277 1c008740 1c0006b7 lui              x13, 0x1c000000     x13=1c000000
15085630ns          258278 1c008744 1c0007b7 lui              x15, 0x1c000000     x15=1c000000
15085650ns          258279 1c008748 1306a683 lw               x13, 304(x13)       x13=c13c5fa8 x13:1c000000  PA:1c000130
15085948ns          258294 1c00874c 12c7a783 lw               x15, 300(x15)       x15=3ff7d7e5 x15:1c000000  PA:1c00012c
15086247ns          258309 1c008750 41755513 srai             x10, x10, 0x417     x10=00000085 x10:42c0d070
15086267ns          258310 1c008752 68e7f7c3 fmadd.s          f15, f15, f14, f13  f15=xxxxxxxx f15:3ff7d7e5 f14:3f40d070 f13:c13c5fa8
15086287ns          258311 1c008756 1c0006b7 lui              x13, 0x1c000000     x13=1c000000
15086307ns          258312 1c00875a 1346a683 lw               x13, 308(x13)       x13=41fa6a03 x13:1c000000  PA:1c000134
15086605ns          258327 1c00875e f8250513 addi             x10, x10, -126      x10=00000007 x10:00000085
15086625ns          258328 1c008762 68e7f7c3 fmadd.s          f15, f15, f14, f13  f15=xxxxxxxx f15:c1250a31 f14:3f40d070 f13:41fa6a03
15086645ns          258329 1c008766 1c0006b7 lui              x13, 0x1c000000     x13=1c000000
15086665ns          258330 1c00876a 1386a683 lw               x13, 312(x13)       x13=c23f0e08 x13:1c000000  PA:1c000138
15086983ns          258346 1c00876e d0057553 fcvt.s.w         f10, x10            f10=xxxxxxxx x10:00000007
15087003ns          258347 1c008772 68e7f7c3 fmadd.s          f15, f15, f14, f13  f15=xxxxxxxx f15:41bc4300 f14:3f40d070 f13:c23f0e08
15087023ns          258348 1c008776 1c0006b7 lui              x13, 0x1c000000     x13=1c000000
15087042ns          258349 1c00877a 13c6a683 lw               x13, 316(x13)       x13=42390412 x13:1c000000  PA:1c00013c
15087361ns          258365 1c00877e 68e7f7c3 fmadd.s          f15, f15, f14, f13  f15=xxxxxxxx f15:c1f05087 f14:3f40d070 f13:42390412
15087381ns          258366 1c008782 1c0006b7 lui              x13, 0x1c000000     x13=1c000000
15087401ns          258367 1c008786 1406a683 lw               x13, 320(x13)       x13=c1efd21b x13:1c000000  PA:1c000140
15087719ns          258383 1c00878a 68e7f7c3 fmadd.s          f15, f15, f14, f13  f15=xxxxxxxx f15:41bd0814 f14:3f40d070 f13:c1efd21b
15087739ns          258384 1c00878e 1c0006b7 lui              x13, 0x1c000000     x13=1c000000
15087759ns          258385 1c008792 1446a683 lw               x13, 324(x13)       x13=41644a86 x13:1c000000  PA:1c000144
15088097ns          258402 1c008796 68e7f7c3 fmadd.s          f15, f15, f14, f13  f15=xxxxxxxx f15:c142e445 f14:3f40d070 f13:41644a86
15088117ns          258403 1c00879a 1c0006b7 lui              x13, 0x1c000000     x13=1c000000
15088136ns          258404 1c00879e 1486a683 lw               x13, 328(x13)       x13=c087dba8 x13:1c000000  PA:1c000148
15088455ns          258420 1c0087a2 68e7f7c3 fmadd.s          f15, f15, f14, f13  f15=xxxxxxxx f15:40a30147 f14:3f40d070 f13:c087dba8
15088475ns          258421 1c0087a6 00a7f553 fadd.s           f10, f15, f10       f10=xxxxxxxx f15:bed15fa6 f10:40e00000
15088495ns          258422 1c0087aa 00008067 jalr             x0, x1, 0            x1:1c0081c2
15088554ns          258425 1c0081c2 11557553 fmul.s           f10, f10, f21       f10=xxxxxxxx f10:40d2ea06 f21:3f317218
15088574ns          258426 1c0081c6 00a4222b p.sw             x10, 4(x8!)          x8=10000f90 x10:409231ce  x8:10000f8c  PA:10000f8c
15088594ns          258427 1c0081ca ff4419e3 bne              x8, x20, -14         x8:10000f90 x20:10000fd8
15088654ns          258430 1c0081bc 0049a50b p.lw             x10, 4(x19!)        x10=422a2c13 x19=1c0102dc x19:1c0102d8  PA:1c0102d8
15088952ns          258445 1c0081c0 558000ef jal              x1, 1368             x1=1c0081c2
15088972ns          258446 1c008718 e00517d3 fclass.s         x15, f10            x15=00000040 f10:422a2c13
15088992ns          258447 1c00871c 0817f793 andi             x15, x15, 129       x15=00000000 x15:00000040
15089012ns          258448 1c008720 08079b63 bne              x15, x0, 150        x15:00000000
15089032ns          258449 1c008722 00000793 addi             x15, x0, 0          x15=00000000
15089051ns          258450 1c008726 a0f52753 feq.s            x14, f10, f15       x14=00000000 f10:422a2c13 f15:00000000
15089071ns          258451 1c00872a 08071163 bne              x14, x0, 130        x14:00000000
15089091ns          258452 1c00872c a0f507d3 fle.s            x15, f10, f15       x15=00000000 f10:422a2c13 f15:00000000
15089111ns          258453 1c008730 08079863 bne              x15, x0, 144        x15:00000000
15089131ns          258454 1c008732 a0a527d3 feq.s            x15, f10, f10       x15=00000001 f10:422a2c13 f10:422a2c13
15089151ns          258455 1c008736 08078563 beq              x15, x0, 138        x15:00000001
15089171ns          258456 1c008738 d17537b3 p.bclr           x15, x10, 8, 23     x15=002a2c13 x10:422a2c13
15089191ns          258457 1c00873c cb87c733 p.bset           x14, x15, 5, 24     x14=3f2a2c13 x15:002a2c13
15089211ns          258458 1c008740 1c0006b7 lui              x13, 0x1c000000     x13=1c000000
15089230ns          258459 1c008744 1c0007b7 lui              x15, 0x1c000000     x15=1c000000
15089250ns          258460 1c008748 1306a683 lw               x13, 304(x13)       x13=c13c5fa8 x13:1c000000  PA:1c000130
15089569ns          258476 1c00874c 12c7a783 lw               x15, 300(x15)       x15=3ff7d7e5 x15:1c000000  PA:1c00012c
15089867ns          258491 1c008750 41755513 srai             x10, x10, 0x417     x10=00000084 x10:422a2c13
15089887ns          258492 1c008752 68e7f7c3 fmadd.s          f15, f15, f14, f13  f15=xxxxxxxx f15:3ff7d7e5 f14:3f2a2c13 f13:c13c5fa8
15089907ns          258493 1c008756 1c0006b7 lui              x13, 0x1c000000     x13=1c000000
15089927ns          258494 1c00875a 1346a683 lw               x13, 308(x13)       x13=41fa6a03 x13:1c000000  PA:1c000134
15090245ns          258510 1c00875e f8250513 addi             x10, x10, -126      x10=00000006 x10:00000084
15090265ns          258511 1c008762 68e7f7c3 fmadd.s          f15, f15, f14, f13  f15=xxxxxxxx f15:c127c7a7 f14:3f2a2c13 f13:41fa6a03
15090285ns          258512 1c008766 1c0006b7 lui              x13, 0x1c000000     x13=1c000000
15090305ns          258513 1c00876a 1386a683 lw               x13, 312(x13)       x13=c23f0e08 x13:1c000000  PA:1c000138
15090603ns          258528 1c00876e d0057553 fcvt.s.w         f10, x10            f10=xxxxxxxx x10:00000006
15090623ns          258529 1c008772 68e7f7c3 fmadd.s          f15, f15, f14, f13  f15=xxxxxxxx f15:41c2a647 f14:3f2a2c13 f13:c23f0e08
15090643ns          258530 1c008776 1c0006b7 lui              x13, 0x1c000000     x13=1c000000
15090663ns          258531 1c00877a 13c6a683 lw               x13, 316(x13)       x13=42390412 x13:1c000000  PA:1c00013c
15090981ns          258547 1c00877e 68e7f7c3 fmadd.s          f15, f15, f14, f13  f15=xxxxxxxx f15:c1fcb822 f14:3f2a2c13 f13:42390412
15091001ns          258548 1c008782 1c0006b7 lui              x13, 0x1c000000     x13=1c000000
15091021ns          258549 1c008786 1406a683 lw               x13, 320(x13)       x13=c1efd21b x13:1c000000  PA:1c000140
15091379ns          258567 1c00878a 68e7f7c3 fmadd.s          f15, f15, f14, f13  f15=xxxxxxxx f15:41ca0a5b f14:3f2a2c13 f13:c1efd21b
15091399ns          258568 1c00878e 1c0006b7 lui              x13, 0x1c000000     x13=1c000000
15091418ns          258569 1c008792 1446a683 lw               x13, 324(x13)       x13=41644a86 x13:1c000000  PA:1c000144
15091737ns          258585 1c008796 68e7f7c3 fmadd.s          f15, f15, f14, f13  f15=xxxxxxxx f15:c15308e4 f14:3f2a2c13 f13:41644a86
15091757ns          258586 1c00879a 1c0006b7 lui              x13, 0x1c000000     x13=1c000000
15091776ns          258587 1c00879e 1486a683 lw               x13, 328(x13)       x13=c087dba8 x13:1c000000  PA:1c000148
15092095ns          258603 1c0087a2 68e7f7c3 fmadd.s          f15, f15, f14, f13  f15=xxxxxxxx f15:40b00493 f14:3f2a2c13 f13:c087dba8
15092115ns          258604 1c0087a6 00a7f553 fadd.s           f10, f15, f10       f10=xxxxxxxx f15:bf16d284 f10:40c00000
15092135ns          258605 1c0087aa 00008067 jalr             x0, x1, 0            x1:1c0081c2
15092194ns          258608 1c0081c2 11557553 fmul.s           f10, f10, f21       f10=xxxxxxxx f10:40ad25b0 f21:3f317218
15092214ns          258609 1c0081c6 00a4222b p.sw             x10, 4(x8!)          x8=10000f94 x10:40700873  x8:10000f90  PA:10000f90
15092234ns          258610 1c0081ca ff4419e3 bne              x8, x20, -14         x8:10000f94 x20:10000fd8
15092294ns          258613 1c0081bc 0049a50b p.lw             x10, 4(x19!)        x10=42b80092 x19=1c0102e0 x19:1c0102dc  PA:1c0102dc
15092592ns          258628 1c0081c0 558000ef jal              x1, 1368             x1=1c0081c2
15092612ns          258629 1c008718 e00517d3 fclass.s         x15, f10            x15=00000040 f10:42b80092
15092632ns          258630 1c00871c 0817f793 andi             x15, x15, 129       x15=00000000 x15:00000040
15092652ns          258631 1c008720 08079b63 bne              x15, x0, 150        x15:00000000
15092672ns          258632 1c008722 00000793 addi             x15, x0, 0          x15=00000000
15092691ns          258633 1c008726 a0f52753 feq.s            x14, f10, f15       x14=00000000 f10:42b80092 f15:00000000
15092711ns          258634 1c00872a 08071163 bne              x14, x0, 130        x14:00000000
15092731ns          258635 1c00872c a0f507d3 fle.s            x15, f10, f15       x15=00000000 f10:42b80092 f15:00000000
15092751ns          258636 1c008730 08079863 bne              x15, x0, 144        x15:00000000
15092771ns          258637 1c008732 a0a527d3 feq.s            x15, f10, f10       x15=00000001 f10:42b80092 f10:42b80092
15092791ns          258638 1c008736 08078563 beq              x15, x0, 138        x15:00000001
15092811ns          258639 1c008738 d17537b3 p.bclr           x15, x10, 8, 23     x15=00380092 x10:42b80092
15092831ns          258640 1c00873c cb87c733 p.bset           x14, x15, 5, 24     x14=3f380092 x15:00380092
15092851ns          258641 1c008740 1c0006b7 lui              x13, 0x1c000000     x13=1c000000
15092870ns          258642 1c008744 1c0007b7 lui              x15, 0x1c000000     x15=1c000000
15092890ns          258643 1c008748 1306a683 lw               x13, 304(x13)       x13=c13c5fa8 x13:1c000000  PA:1c000130
15093189ns          258658 1c00874c 12c7a783 lw               x15, 300(x15)       x15=3ff7d7e5 x15:1c000000  PA:1c00012c
15093507ns          258674 1c008750 41755513 srai             x10, x10, 0x417     x10=00000085 x10:42b80092
15093527ns          258675 1c008752 68e7f7c3 fmadd.s          f15, f15, f14, f13  f15=xxxxxxxx f15:3ff7d7e5 f14:3f380092 f13:c13c5fa8
15093547ns          258676 1c008756 1c0006b7 lui              x13, 0x1c000000     x13=1c000000
15093567ns          258677 1c00875a 1346a683 lw               x13, 308(x13)       x13=41fa6a03 x13:1c000000  PA:1c000134
15093865ns          258692 1c00875e f8250513 addi             x10, x10, -126      x10=00000007 x10:00000085
15093885ns          258693 1c008762 68e7f7c3 fmadd.s          f15, f15, f14, f13  f15=xxxxxxxx f15:c1261b31 f14:3f380092 f13:41fa6a03
15093905ns          258694 1c008766 1c0006b7 lui              x13, 0x1c000000     x13=1c000000
15093925ns          258695 1c00876a 1386a683 lw               x13, 312(x13)       x13=c23f0e08 x13:1c000000  PA:1c000138
15094223ns          258710 1c00876e d0057553 fcvt.s.w         f10, x10            f10=xxxxxxxx x10:00000007
15094243ns          258711 1c008772 68e7f7c3 fmadd.s          f15, f15, f14, f13  f15=xxxxxxxx f15:41beb80e f14:3f380092 f13:c23f0e08
15094263ns          258712 1c008776 1c0006b7 lui              x13, 0x1c000000     x13=1c000000
15094283ns          258713 1c00877a 13c6a683 lw               x13, 316(x13)       x13=42390412 x13:1c000000  PA:1c00013c
15094601ns          258729 1c00877e 68e7f7c3 fmadd.s          f15, f15, f14, f13  f15=xxxxxxxx f15:c1f50759 f14:3f380092 f13:42390412
15094621ns          258730 1c008782 1c0006b7 lui              x13, 0x1c000000     x13=1c000000
15094641ns          258731 1c008786 1406a683 lw               x13, 320(x13)       x13=c1efd21b x13:1c000000  PA:1c000140
15094979ns          258748 1c00878a 68e7f7c3 fmadd.s          f15, f15, f14, f13  f15=xxxxxxxx f15:41c1ea50 f14:3f380092 f13:c1efd21b
15094999ns          258749 1c00878e 1c0006b7 lui              x13, 0x1c000000     x13=1c000000
15095019ns          258750 1c008792 1446a683 lw               x13, 324(x13)       x13=41644a86 x13:1c000000  PA:1c000144
15095337ns          258766 1c008796 68e7f7c3 fmadd.s          f15, f15, f14, f13  f15=xxxxxxxx f15:c148e286 f14:3f380092 f13:41644a86
15095357ns          258767 1c00879a 1c0006b7 lui              x13, 0x1c000000     x13=1c000000
15095377ns          258768 1c00879e 1486a683 lw               x13, 328(x13)       x13=c087dba8 x13:1c000000  PA:1c000148
15095695ns          258784 1c0087a2 68e7f7c3 fmadd.s          f15, f15, f14, f13  f15=xxxxxxxx f15:40a7ce86 f14:3f380092 f13:c087dba8
15095715ns          258785 1c0087a6 00a7f553 fadd.s           f10, f15, f10       f10=xxxxxxxx f15:bef3ed80 f10:40e00000
15095735ns          258786 1c0087aa 00008067 jalr             x0, x1, 0            x1:1c0081c2
15095794ns          258789 1c0081c2 11557553 fmul.s           f10, f10, f21       f10=xxxxxxxx f10:40d0c128 f21:3f317218
15095814ns          258790 1c0081c6 00a4222b p.sw             x10, 4(x8!)          x8=10000f98 x10:4090b296  x8:10000f94  PA:10000f94
15095834ns          258791 1c0081ca ff4419e3 bne              x8, x20, -14         x8:10000f98 x20:10000fd8
15095894ns          258794 1c0081bc 0049a50b p.lw             x10, 4(x19!)        x10=428644a1 x19=1c0102e4 x19:1c0102e0  PA:1c0102e0
15096212ns          258810 1c0081c0 558000ef jal              x1, 1368             x1=1c0081c2
15096232ns          258811 1c008718 e00517d3 fclass.s         x15, f10            x15=00000040 f10:428644a1
15096252ns          258812 1c00871c 0817f793 andi             x15, x15, 129       x15=00000000 x15:00000040
15096272ns          258813 1c008720 08079b63 bne              x15, x0, 150        x15:00000000
15096292ns          258814 1c008722 00000793 addi             x15, x0, 0          x15=00000000
15096312ns          258815 1c008726 a0f52753 feq.s            x14, f10, f15       x14=00000000 f10:428644a1 f15:00000000
15096331ns          258816 1c00872a 08071163 bne              x14, x0, 130        x14:00000000
15096351ns          258817 1c00872c a0f507d3 fle.s            x15, f10, f15       x15=00000000 f10:428644a1 f15:00000000
15096371ns          258818 1c008730 08079863 bne              x15, x0, 144        x15:00000000
15096391ns          258819 1c008732 a0a527d3 feq.s            x15, f10, f10       x15=00000001 f10:428644a1 f10:428644a1
15096411ns          258820 1c008736 08078563 beq              x15, x0, 138        x15:00000001
15096431ns          258821 1c008738 d17537b3 p.bclr           x15, x10, 8, 23     x15=000644a1 x10:428644a1
15096451ns          258822 1c00873c cb87c733 p.bset           x14, x15, 5, 24     x14=3f0644a1 x15:000644a1
15096471ns          258823 1c008740 1c0006b7 lui              x13, 0x1c000000     x13=1c000000
15096491ns          258824 1c008744 1c0007b7 lui              x15, 0x1c000000     x15=1c000000
15096510ns          258825 1c008748 1306a683 lw               x13, 304(x13)       x13=c13c5fa8 x13:1c000000  PA:1c000130
15096809ns          258840 1c00874c 12c7a783 lw               x15, 300(x15)       x15=3ff7d7e5 x15:1c000000  PA:1c00012c
15097107ns          258855 1c008750 41755513 srai             x10, x10, 0x417     x10=00000085 x10:428644a1
15097127ns          258856 1c008752 68e7f7c3 fmadd.s          f15, f15, f14, f13  f15=xxxxxxxx f15:3ff7d7e5 f14:3f0644a1 f13:c13c5fa8
15097147ns          258857 1c008756 1c0006b7 lui              x13, 0x1c000000     x13=1c000000
15097167ns          258858 1c00875a 1346a683 lw               x13, 308(x13)       x13=41fa6a03 x13:1c000000  PA:1c000134
15097465ns          258873 1c00875e f8250513 addi             x10, x10, -126      x10=00000007 x10:00000085
15097485ns          258874 1c008762 68e7f7c3 fmadd.s          f15, f15, f14, f13  f15=xxxxxxxx f15:c12c1ffa f14:3f0644a1 f13:41fa6a03
15097505ns          258875 1c008766 1c0006b7 lui              x13, 0x1c000000     x13=1c000000
15097525ns          258876 1c00876a 1386a683 lw               x13, 312(x13)       x13=c23f0e08 x13:1c000000  PA:1c000138
15097823ns          258891 1c00876e d0057553 fcvt.s.w         f10, x10            f10=xxxxxxxx x10:00000007
15097843ns          258892 1c008772 68e7f7c3 fmadd.s          f15, f15, f14, f13  f15=xxxxxxxx f15:41cd4692 f14:3f0644a1 f13:c23f0e08
15097863ns          258893 1c008776 1c0006b7 lui              x13, 0x1c000000     x13=1c000000
15097883ns          258894 1c00877a 13c6a683 lw               x13, 316(x13)       x13=42390412 x13:1c000000  PA:1c00013c
15098201ns          258910 1c00877e 68e7f7c3 fmadd.s          f15, f15, f14, f13  f15=xxxxxxxx f15:c209390c f14:3f0644a1 f13:42390412
15098221ns          258911 1c008782 1c0006b7 lui              x13, 0x1c000000     x13=1c000000
15098241ns          258912 1c008786 1406a683 lw               x13, 320(x13)       x13=c1efd21b x13:1c000000  PA:1c000140
15098559ns          258928 1c00878a 68e7f7c3 fmadd.s          f15, f15, f14, f13  f15=xxxxxxxx f15:41e216d9 f14:3f0644a1 f13:c1efd21b
15098579ns          258929 1c00878e 1c0006b7 lui              x13, 0x1c000000     x13=1c000000
15098599ns          258930 1c008792 1446a683 lw               x13, 324(x13)       x13=41644a86 x13:1c000000  PA:1c000144
15098937ns          258947 1c008796 68e7f7c3 fmadd.s          f15, f15, f14, f13  f15=xxxxxxxx f15:c1727b12 f14:3f0644a1 f13:41644a86
15098957ns          258948 1c00879a 1c0006b7 lui              x13, 0x1c000000     x13=1c000000
15098977ns          258949 1c00879e 1486a683 lw               x13, 328(x13)       x13=c087dba8 x13:1c000000  PA:1c000148
15099295ns          258965 1c0087a2 68e7f7c3 fmadd.s          f15, f15, f14, f13  f15=xxxxxxxx f15:40ca3a33 f14:3f0644a1 f13:c087dba8
15099315ns          258966 1c0087a6 00a7f553 fadd.s           f10, f15, f10       f10=xxxxxxxx f15:bf6e57d5 f10:40e00000
15099335ns          258967 1c0087aa 00008067 jalr             x0, x1, 0            x1:1c0081c2
15099395ns          258970 1c0081c2 11557553 fmul.s           f10, f10, f21       f10=xxxxxxxx f10:40c23505 f21:3f317218
15099415ns          258971 1c0081c6 00a4222b p.sw             x10, 4(x8!)          x8=10000f9c x10:40869d36  x8:10000f98  PA:10000f98
15099434ns          258972 1c0081ca ff4419e3 bne              x8, x20, -14         x8:10000f9c x20:10000fd8
15099494ns          258975 1c0081bc 0049a50b p.lw             x10, 4(x19!)        x10=42339158 x19=1c0102e8 x19:1c0102e4  PA:1c0102e4
15099792ns          258990 1c0081c0 558000ef jal              x1, 1368             x1=1c0081c2
15099812ns          258991 1c008718 e00517d3 fclass.s         x15, f10            x15=00000040 f10:42339158
15099832ns          258992 1c00871c 0817f793 andi             x15, x15, 129       x15=00000000 x15:00000040
15099852ns          258993 1c008720 08079b63 bne              x15, x0, 150        x15:00000000
15099872ns          258994 1c008722 00000793 addi             x15, x0, 0          x15=00000000
15099892ns          258995 1c008726 a0f52753 feq.s            x14, f10, f15       x14=00000000 f10:42339158 f15:00000000
15099912ns          258996 1c00872a 08071163 bne              x14, x0, 130        x14:00000000
15099932ns          258997 1c00872c a0f507d3 fle.s            x15, f10, f15       x15=00000000 f10:42339158 f15:00000000
15099952ns          258998 1c008730 08079863 bne              x15, x0, 144        x15:00000000
15099971ns          258999 1c008732 a0a527d3 feq.s            x15, f10, f10       x15=00000001 f10:42339158 f10:42339158
15099991ns          259000 1c008736 08078563 beq              x15, x0, 138        x15:00000001
15100011ns          259001 1c008738 d17537b3 p.bclr           x15, x10, 8, 23     x15=00339158 x10:42339158
15100031ns          259002 1c00873c cb87c733 p.bset           x14, x15, 5, 24     x14=3f339158 x15:00339158
15100051ns          259003 1c008740 1c0006b7 lui              x13, 0x1c000000     x13=1c000000
15100071ns          259004 1c008744 1c0007b7 lui              x15, 0x1c000000     x15=1c000000
15100091ns          259005 1c008748 1306a683 lw               x13, 304(x13)       x13=c13c5fa8 x13:1c000000  PA:1c000130
15100389ns          259020 1c00874c 12c7a783 lw               x15, 300(x15)       x15=3ff7d7e5 x15:1c000000  PA:1c00012c
15100688ns          259035 1c008750 41755513 srai             x10, x10, 0x417     x10=00000084 x10:42339158
15100707ns          259036 1c008752 68e7f7c3 fmadd.s          f15, f15, f14, f13  f15=xxxxxxxx f15:3ff7d7e5 f14:3f339158 f13:c13c5fa8
15100727ns          259037 1c008756 1c0006b7 lui              x13, 0x1c000000     x13=1c000000
15100747ns          259038 1c00875a 1346a683 lw               x13, 308(x13)       x13=41fa6a03 x13:1c000000  PA:1c000134
15101046ns          259053 1c00875e f8250513 addi             x10, x10, -126      x10=00000006 x10:00000084
15101065ns          259054 1c008762 68e7f7c3 fmadd.s          f15, f15, f14, f13  f15=xxxxxxxx f15:c126a493 f14:3f339158 f13:41fa6a03
15101085ns          259055 1c008766 1c0006b7 lui              x13, 0x1c000000     x13=1c000000
15101105ns          259056 1c00876a 1386a683 lw               x13, 312(x13)       x13=c23f0e08 x13:1c000000  PA:1c000138
15101404ns          259071 1c00876e d0057553 fcvt.s.w         f10, x10            f10=xxxxxxxx x10:00000006
15101423ns          259072 1c008772 68e7f7c3 fmadd.s          f15, f15, f14, f13  f15=xxxxxxxx f15:41bff82b f14:3f339158 f13:c23f0e08
15101443ns          259073 1c008776 1c0006b7 lui              x13, 0x1c000000     x13=1c000000
15101463ns          259074 1c00877a 13c6a683 lw               x13, 316(x13)       x13=42390412 x13:1c000000  PA:1c00013c
15101782ns          259090 1c00877e 68e7f7c3 fmadd.s          f15, f15, f14, f13  f15=xxxxxxxx f15:c1f7748c f14:3f339158 f13:42390412
15101801ns          259091 1c008782 1c0006b7 lui              x13, 0x1c000000     x13=1c000000
15101821ns          259092 1c008786 1406a683 lw               x13, 320(x13)       x13=c1efd21b x13:1c000000  PA:1c000140
15102140ns          259108 1c00878a 68e7f7c3 fmadd.s          f15, f15, f14, f13  f15=xxxxxxxx f15:41c47528 f14:3f339158 f13:c1efd21b
15102159ns          259109 1c00878e 1c0006b7 lui              x13, 0x1c000000     x13=1c000000
15102179ns          259110 1c008792 1446a683 lw               x13, 324(x13)       x13=41644a86 x13:1c000000  PA:1c000144
15102498ns          259126 1c008796 68e7f7c3 fmadd.s          f15, f15, f14, f13  f15=xxxxxxxx f15:c14c094c f14:3f339158 f13:41644a86
15102517ns          259127 1c00879a 1c0006b7 lui              x13, 0x1c000000     x13=1c000000
15102537ns          259128 1c00879e 1486a683 lw               x13, 328(x13)       x13=c087dba8 x13:1c000000  PA:1c000148
15102876ns          259145 1c0087a2 68e7f7c3 fmadd.s          f15, f15, f14, f13  f15=xxxxxxxx f15:40aa585d f14:3f339158 f13:c087dba8
15102895ns          259146 1c0087a6 00a7f553 fadd.s           f10, f15, f10       f10=xxxxxxxx f15:bf02f943 f10:40c00000
15102915ns          259147 1c0087aa 00008067 jalr             x0, x1, 0            x1:1c0081c2
15102975ns          259150 1c0081c2 11557553 fmul.s           f10, f10, f21       f10=xxxxxxxx f10:40afa0d8 f21:3f317218
15102995ns          259151 1c0081c6 00a4222b p.sw             x10, 4(x8!)          x8=10000fa0 x10:407378f7  x8:10000f9c  PA:10000f9c
15103015ns          259152 1c0081ca ff4419e3 bne              x8, x20, -14         x8:10000fa0 x20:10000fd8
15103074ns          259155 1c0081bc 0049a50b p.lw             x10, 4(x19!)        x10=421d7c33 x19=1c0102ec x19:1c0102e8  PA:1c0102e8
15103373ns          259170 1c0081c0 558000ef jal              x1, 1368             x1=1c0081c2
15103393ns          259171 1c008718 e00517d3 fclass.s         x15, f10            x15=00000040 f10:421d7c33
15103413ns          259172 1c00871c 0817f793 andi             x15, x15, 129       x15=00000000 x15:00000040
15103432ns          259173 1c008720 08079b63 bne              x15, x0, 150        x15:00000000
15103452ns          259174 1c008722 00000793 addi             x15, x0, 0          x15=00000000
15103472ns          259175 1c008726 a0f52753 feq.s            x14, f10, f15       x14=00000000 f10:421d7c33 f15:00000000
15103492ns          259176 1c00872a 08071163 bne              x14, x0, 130        x14:00000000
15103512ns          259177 1c00872c a0f507d3 fle.s            x15, f10, f15       x15=00000000 f10:421d7c33 f15:00000000
15103532ns          259178 1c008730 08079863 bne              x15, x0, 144        x15:00000000
15103552ns          259179 1c008732 a0a527d3 feq.s            x15, f10, f10       x15=00000001 f10:421d7c33 f10:421d7c33
15103572ns          259180 1c008736 08078563 beq              x15, x0, 138        x15:00000001
15103592ns          259181 1c008738 d17537b3 p.bclr           x15, x10, 8, 23     x15=001d7c33 x10:421d7c33
15103611ns          259182 1c00873c cb87c733 p.bset           x14, x15, 5, 24     x14=3f1d7c33 x15:001d7c33
15103631ns          259183 1c008740 1c0006b7 lui              x13, 0x1c000000     x13=1c000000
15103651ns          259184 1c008744 1c0007b7 lui              x15, 0x1c000000     x15=1c000000
15103671ns          259185 1c008748 1306a683 lw               x13, 304(x13)       x13=c13c5fa8 x13:1c000000  PA:1c000130
15103970ns          259200 1c00874c 12c7a783 lw               x15, 300(x15)       x15=3ff7d7e5 x15:1c000000  PA:1c00012c
15104288ns          259216 1c008750 41755513 srai             x10, x10, 0x417     x10=00000084 x10:421d7c33
15104308ns          259217 1c008752 68e7f7c3 fmadd.s          f15, f15, f14, f13  f15=xxxxxxxx f15:3ff7d7e5 f14:3f1d7c33 f13:c13c5fa8
15104328ns          259218 1c008756 1c0006b7 lui              x13, 0x1c000000     x13=1c000000
15104347ns          259219 1c00875a 1346a683 lw               x13, 308(x13)       x13=41fa6a03 x13:1c000000  PA:1c000134
15104646ns          259234 1c00875e f8250513 addi             x10, x10, -126      x10=00000006 x10:00000084
15104666ns          259235 1c008762 68e7f7c3 fmadd.s          f15, f15, f14, f13  f15=xxxxxxxx f15:c12950b3 f14:3f1d7c33 f13:41fa6a03
15104686ns          259236 1c008766 1c0006b7 lui              x13, 0x1c000000     x13=1c000000
15104705ns          259237 1c00876a 1386a683 lw               x13, 312(x13)       x13=c23f0e08 x13:1c000000  PA:1c000138
15105004ns          259252 1c00876e d0057553 fcvt.s.w         f10, x10            f10=xxxxxxxx x10:00000006
15105024ns          259253 1c008772 68e7f7c3 fmadd.s          f15, f15, f14, f13  f15=xxxxxxxx f15:41c655b2 f14:3f1d7c33 f13:c23f0e08
15105044ns          259254 1c008776 1c0006b7 lui              x13, 0x1c000000     x13=1c000000
15105064ns          259255 1c00877a 13c6a683 lw               x13, 316(x13)       x13=42390412 x13:1c000000  PA:1c00013c
15105382ns          259271 1c00877e 68e7f7c3 fmadd.s          f15, f15, f14, f13  f15=xxxxxxxx f15:c2020ca4 f14:3f1d7c33 f13:42390412
15105402ns          259272 1c008782 1c0006b7 lui              x13, 0x1c000000     x13=1c000000
15105422ns          259273 1c008786 1406a683 lw               x13, 320(x13)       x13=c1efd21b x13:1c000000  PA:1c000140
15105760ns          259290 1c00878a 68e7f7c3 fmadd.s          f15, f15, f14, f13  f15=xxxxxxxx f15:41d20673 f14:3f1d7c33 f13:c1efd21b
15105780ns          259291 1c00878e 1c0006b7 lui              x13, 0x1c000000     x13=1c000000
15105799ns          259292 1c008792 1446a683 lw               x13, 324(x13)       x13=41644a86 x13:1c000000  PA:1c000144
15106118ns          259308 1c008796 68e7f7c3 fmadd.s          f15, f15, f14, f13  f15=xxxxxxxx f15:c15d3c83 f14:3f1d7c33 f13:41644a86
15106138ns          259309 1c00879a 1c0006b7 lui              x13, 0x1c000000     x13=1c000000
15106157ns          259310 1c00879e 1486a683 lw               x13, 328(x13)       x13=c087dba8 x13:1c000000  PA:1c000148
15106476ns          259326 1c0087a2 68e7f7c3 fmadd.s          f15, f15, f14, f13  f15=xxxxxxxx f15:40b86229 f14:3f1d7c33 f13:c087dba8
15106496ns          259327 1c0087a6 00a7f553 fadd.s           f10, f15, f10       f10=xxxxxxxx f15:bf337005 f10:40c00000
15106516ns          259328 1c0087aa 00008067 jalr             x0, x1, 0            x1:1c0081c2
15106575ns          259331 1c0081c2 11557553 fmul.s           f10, f10, f21       f10=xxxxxxxx f10:40a991ff f21:3f317218
15106595ns          259332 1c0081c6 00a4222b p.sw             x10, 4(x8!)          x8=10000fa4 x10:406b1308  x8:10000fa0  PA:10000fa0
15106615ns          259333 1c0081ca ff4419e3 bne              x8, x20, -14         x8:10000fa4 x20:10000fd8
15106675ns          259336 1c0081bc 0049a50b p.lw             x10, 4(x19!)        x10=42b24ba5 x19=1c0102f0 x19:1c0102ec  PA:1c0102ec
15106973ns          259351 1c0081c0 558000ef jal              x1, 1368             x1=1c0081c2
15106993ns          259352 1c008718 e00517d3 fclass.s         x15, f10            x15=00000040 f10:42b24ba5
15107013ns          259353 1c00871c 0817f793 andi             x15, x15, 129       x15=00000000 x15:00000040
15107033ns          259354 1c008720 08079b63 bne              x15, x0, 150        x15:00000000
15107053ns          259355 1c008722 00000793 addi             x15, x0, 0          x15=00000000
15107072ns          259356 1c008726 a0f52753 feq.s            x14, f10, f15       x14=00000000 f10:42b24ba5 f15:00000000
15107092ns          259357 1c00872a 08071163 bne              x14, x0, 130        x14:00000000
15107112ns          259358 1c00872c a0f507d3 fle.s            x15, f10, f15       x15=00000000 f10:42b24ba5 f15:00000000
15107132ns          259359 1c008730 08079863 bne              x15, x0, 144        x15:00000000
15107152ns          259360 1c008732 a0a527d3 feq.s            x15, f10, f10       x15=00000001 f10:42b24ba5 f10:42b24ba5
15107172ns          259361 1c008736 08078563 beq              x15, x0, 138        x15:00000001
15107192ns          259362 1c008738 d17537b3 p.bclr           x15, x10, 8, 23     x15=00324ba5 x10:42b24ba5
15107212ns          259363 1c00873c cb87c733 p.bset           x14, x15, 5, 24     x14=3f324ba5 x15:00324ba5
15107232ns          259364 1c008740 1c0006b7 lui              x13, 0x1c000000     x13=1c000000
15107251ns          259365 1c008744 1c0007b7 lui              x15, 0x1c000000     x15=1c000000
15107271ns          259366 1c008748 1306a683 lw               x13, 304(x13)       x13=c13c5fa8 x13:1c000000  PA:1c000130
15107570ns          259381 1c00874c 12c7a783 lw               x15, 300(x15)       x15=3ff7d7e5 x15:1c000000  PA:1c00012c
15107868ns          259396 1c008750 41755513 srai             x10, x10, 0x417     x10=00000085 x10:42b24ba5
15107888ns          259397 1c008752 68e7f7c3 fmadd.s          f15, f15, f14, f13  f15=xxxxxxxx f15:3ff7d7e5 f14:3f324ba5 f13:c13c5fa8
15107908ns          259398 1c008756 1c0006b7 lui              x13, 0x1c000000     x13=1c000000
15107928ns          259399 1c00875a 1346a683 lw               x13, 308(x13)       x13=41fa6a03 x13:1c000000  PA:1c000134
15108246ns          259415 1c00875e f8250513 addi             x10, x10, -126      x10=00000007 x10:00000085
15108266ns          259416 1c008762 68e7f7c3 fmadd.s          f15, f15, f14, f13  f15=xxxxxxxx f15:c126cbfd f14:3f324ba5 f13:41fa6a03
15108286ns          259417 1c008766 1c0006b7 lui              x13, 0x1c000000     x13=1c000000
15108306ns          259418 1c00876a 1386a683 lw               x13, 312(x13)       x13=c23f0e08 x13:1c000000  PA:1c000138
15108604ns          259433 1c00876e d0057553 fcvt.s.w         f10, x10            f10=xxxxxxxx x10:00000007
15108624ns          259434 1c008772 68e7f7c3 fmadd.s          f15, f15, f14, f13  f15=xxxxxxxx f15:41c05473 f14:3f324ba5 f13:c23f0e08
15108644ns          259435 1c008776 1c0006b7 lui              x13, 0x1c000000     x13=1c000000
15108664ns          259436 1c00877a 13c6a683 lw               x13, 316(x13)       x13=42390412 x13:1c000000  PA:1c00013c
15108982ns          259452 1c00877e 68e7f7c3 fmadd.s          f15, f15, f14, f13  f15=xxxxxxxx f15:c1f82883 f14:3f324ba5 f13:42390412
15109002ns          259453 1c008782 1c0006b7 lui              x13, 0x1c000000     x13=1c000000
15109022ns          259454 1c008786 1406a683 lw               x13, 320(x13)       x13=c1efd21b x13:1c000000  PA:1c000140
15109340ns          259470 1c00878a 68e7f7c3 fmadd.s          f15, f15, f14, f13  f15=xxxxxxxx f15:41c532a5 f14:3f324ba5 f13:c1efd21b
15109360ns          259471 1c00878e 1c0006b7 lui              x13, 0x1c000000     x13=1c000000
15109380ns          259472 1c008792 1446a683 lw               x13, 324(x13)       x13=41644a86 x13:1c000000  PA:1c000144
15109738ns          259490 1c008796 68e7f7c3 fmadd.s          f15, f15, f14, f13  f15=xxxxxxxx f15:c14cf53f f14:3f324ba5 f13:41644a86
15109758ns          259491 1c00879a 1c0006b7 lui              x13, 0x1c000000     x13=1c000000
15109778ns          259492 1c00879e 1486a683 lw               x13, 328(x13)       x13=c087dba8 x13:1c000000  PA:1c000148
15110096ns          259508 1c0087a2 68e7f7c3 fmadd.s          f15, f15, f14, f13  f15=xxxxxxxx f15:40ab16e0 f14:3f324ba5 f13:c087dba8
15110116ns          259509 1c0087a6 00a7f553 fadd.s           f10, f15, f10       f10=xxxxxxxx f15:bf059992 f10:40e00000
15110136ns          259510 1c0087aa 00008067 jalr             x0, x1, 0            x1:1c0081c2
15110195ns          259513 1c0081c2 11557553 fmul.s           f10, f10, f21       f10=xxxxxxxx f10:40cf4cce f21:3f317218
15110215ns          259514 1c0081c6 00a4222b p.sw             x10, 4(x8!)          x8=10000fa8 x10:408fb07e  x8:10000fa4  PA:10000fa4
15110235ns          259515 1c0081ca ff4419e3 bne              x8, x20, -14         x8:10000fa8 x20:10000fd8
15110295ns          259518 1c0081bc 0049a50b p.lw             x10, 4(x19!)        x10=4268d7b1 x19=1c0102f4 x19:1c0102f0  PA:1c0102f0
15110593ns          259533 1c0081c0 558000ef jal              x1, 1368             x1=1c0081c2
15110613ns          259534 1c008718 e00517d3 fclass.s         x15, f10            x15=00000040 f10:4268d7b1
15110633ns          259535 1c00871c 0817f793 andi             x15, x15, 129       x15=00000000 x15:00000040
15110653ns          259536 1c008720 08079b63 bne              x15, x0, 150        x15:00000000
15110673ns          259537 1c008722 00000793 addi             x15, x0, 0          x15=00000000
15110693ns          259538 1c008726 a0f52753 feq.s            x14, f10, f15       x14=00000000 f10:4268d7b1 f15:00000000
15110712ns          259539 1c00872a 08071163 bne              x14, x0, 130        x14:00000000
15110732ns          259540 1c00872c a0f507d3 fle.s            x15, f10, f15       x15=00000000 f10:4268d7b1 f15:00000000
15110752ns          259541 1c008730 08079863 bne              x15, x0, 144        x15:00000000
15110772ns          259542 1c008732 a0a527d3 feq.s            x15, f10, f10       x15=00000001 f10:4268d7b1 f10:4268d7b1
15110792ns          259543 1c008736 08078563 beq              x15, x0, 138        x15:00000001
15110812ns          259544 1c008738 d17537b3 p.bclr           x15, x10, 8, 23     x15=0068d7b1 x10:4268d7b1
15110832ns          259545 1c00873c cb87c733 p.bset           x14, x15, 5, 24     x14=3f68d7b1 x15:0068d7b1
15110852ns          259546 1c008740 1c0006b7 lui              x13, 0x1c000000     x13=1c000000
15110872ns          259547 1c008744 1c0007b7 lui              x15, 0x1c000000     x15=1c000000
15110891ns          259548 1c008748 1306a683 lw               x13, 304(x13)       x13=c13c5fa8 x13:1c000000  PA:1c000130
15111190ns          259563 1c00874c 12c7a783 lw               x15, 300(x15)       x15=3ff7d7e5 x15:1c000000  PA:1c00012c
15111488ns          259578 1c008750 41755513 srai             x10, x10, 0x417     x10=00000084 x10:4268d7b1
15111508ns          259579 1c008752 68e7f7c3 fmadd.s          f15, f15, f14, f13  f15=xxxxxxxx f15:3ff7d7e5 f14:3f68d7b1 f13:c13c5fa8
15111528ns          259580 1c008756 1c0006b7 lui              x13, 0x1c000000     x13=1c000000
15111548ns          259581 1c00875a 1346a683 lw               x13, 308(x13)       x13=41fa6a03 x13:1c000000  PA:1c000134
15111846ns          259596 1c00875e f8250513 addi             x10, x10, -126      x10=00000006 x10:00000084
15111866ns          259597 1c008762 68e7f7c3 fmadd.s          f15, f15, f14, f13  f15=xxxxxxxx f15:c1203219 f14:3f68d7b1 f13:41fa6a03
15111886ns          259598 1c008766 1c0006b7 lui              x13, 0x1c000000     x13=1c000000
15111906ns          259599 1c00876a 1386a683 lw               x13, 312(x13)       x13=c23f0e08 x13:1c000000  PA:1c000138
15112244ns          259616 1c00876e d0057553 fcvt.s.w         f10, x10            f10=xxxxxxxx x10:00000006
15112264ns          259617 1c008772 68e7f7c3 fmadd.s          f15, f15, f14, f13  f15=xxxxxxxx f15:41b18fd3 f14:3f68d7b1 f13:c23f0e08
15112284ns          259618 1c008776 1c0006b7 lui              x13, 0x1c000000     x13=1c000000
15112304ns          259619 1c00877a 13c6a683 lw               x13, 316(x13)       x13=42390412 x13:1c000000  PA:1c00013c
15112622ns          259635 1c00877e 68e7f7c3 fmadd.s          f15, f15, f14, f13  f15=xxxxxxxx f15:c1dc9c1e f14:3f68d7b1 f13:42390412
15112642ns          259636 1c008782 1c0006b7 lui              x13, 0x1c000000     x13=1c000000
15112662ns          259637 1c008786 1406a683 lw               x13, 320(x13)       x13=c1efd21b x13:1c000000  PA:1c000140
15112980ns          259653 1c00878a 68e7f7c3 fmadd.s          f15, f15, f14, f13  f15=xxxxxxxx f15:41a960c9 f14:3f68d7b1 f13:c1efd21b
15113000ns          259654 1c00878e 1c0006b7 lui              x13, 0x1c000000     x13=1c000000
15113020ns          259655 1c008792 1446a683 lw               x13, 324(x13)       x13=41644a86 x13:1c000000  PA:1c000144
15113358ns          259672 1c008796 68e7f7c3 fmadd.s          f15, f15, f14, f13  f15=xxxxxxxx f15:c12b875f f14:3f68d7b1 f13:41644a86
15113378ns          259673 1c00879a 1c0006b7 lui              x13, 0x1c000000     x13=1c000000
15113398ns          259674 1c00879e 1486a683 lw               x13, 328(x13)       x13=c087dba8 x13:1c000000  PA:1c000148
15113716ns          259690 1c0087a2 68e7f7c3 fmadd.s          f15, f15, f14, f13  f15=xxxxxxxx f15:40908ea5 f14:3f68d7b1 f13:c087dba8
15113736ns          259691 1c0087a6 00a7f553 fadd.s           f10, f15, f10       f10=xxxxxxxx f15:be0c12d7 f10:40c00000
15113756ns          259692 1c0087aa 00008067 jalr             x0, x1, 0            x1:1c0081c2
15113815ns          259695 1c0081c2 11557553 fmul.s           f10, f10, f21       f10=xxxxxxxx f10:40bb9f69 f21:3f317218
15113835ns          259696 1c0081c6 00a4222b p.sw             x10, 4(x8!)          x8=10000fac x10:40820cd6  x8:10000fa8  PA:10000fa8
15113855ns          259697 1c0081ca ff4419e3 bne              x8, x20, -14         x8:10000fac x20:10000fd8
15113915ns          259700 1c0081bc 0049a50b p.lw             x10, 4(x19!)        x10=426e144d x19=1c0102f8 x19:1c0102f4  PA:1c0102f4
15114213ns          259715 1c0081c0 558000ef jal              x1, 1368             x1=1c0081c2
15114233ns          259716 1c008718 e00517d3 fclass.s         x15, f10            x15=00000040 f10:426e144d
15114253ns          259717 1c00871c 0817f793 andi             x15, x15, 129       x15=00000000 x15:00000040
15114273ns          259718 1c008720 08079b63 bne              x15, x0, 150        x15:00000000
15114293ns          259719 1c008722 00000793 addi             x15, x0, 0          x15=00000000
15114313ns          259720 1c008726 a0f52753 feq.s            x14, f10, f15       x14=00000000 f10:426e144d f15:00000000
15114333ns          259721 1c00872a 08071163 bne              x14, x0, 130        x14:00000000
15114352ns          259722 1c00872c a0f507d3 fle.s            x15, f10, f15       x15=00000000 f10:426e144d f15:00000000
15114372ns          259723 1c008730 08079863 bne              x15, x0, 144        x15:00000000
15114392ns          259724 1c008732 a0a527d3 feq.s            x15, f10, f10       x15=00000001 f10:426e144d f10:426e144d
15114412ns          259725 1c008736 08078563 beq              x15, x0, 138        x15:00000001
15114432ns          259726 1c008738 d17537b3 p.bclr           x15, x10, 8, 23     x15=006e144d x10:426e144d
15114452ns          259727 1c00873c cb87c733 p.bset           x14, x15, 5, 24     x14=3f6e144d x15:006e144d
15114472ns          259728 1c008740 1c0006b7 lui              x13, 0x1c000000     x13=1c000000
15114492ns          259729 1c008744 1c0007b7 lui              x15, 0x1c000000     x15=1c000000
15114512ns          259730 1c008748 1306a683 lw               x13, 304(x13)       x13=c13c5fa8 x13:1c000000  PA:1c000130
15114830ns          259746 1c00874c 12c7a783 lw               x15, 300(x15)       x15=3ff7d7e5 x15:1c000000  PA:1c00012c
15115128ns          259761 1c008750 41755513 srai             x10, x10, 0x417     x10=00000084 x10:426e144d
15115148ns          259762 1c008752 68e7f7c3 fmadd.s          f15, f15, f14, f13  f15=xxxxxxxx f15:3ff7d7e5 f14:3f6e144d f13:c13c5fa8
15115168ns          259763 1c008756 1c0006b7 lui              x13, 0x1c000000     x13=1c000000
15115188ns          259764 1c00875a 1346a683 lw               x13, 308(x13)       x13=41fa6a03 x13:1c000000  PA:1c000134
15115486ns          259779 1c00875e f8250513 addi             x10, x10, -126      x10=00000006 x10:00000084
15115506ns          259780 1c008762 68e7f7c3 fmadd.s          f15, f15, f14, f13  f15=xxxxxxxx f15:c11f8fdc f14:3f6e144d f13:41fa6a03
15115526ns          259781 1c008766 1c0006b7 lui              x13, 0x1c000000     x13=1c000000
15115546ns          259782 1c00876a 1386a683 lw               x13, 312(x13)       x13=c23f0e08 x13:1c000000  PA:1c000138
15115844ns          259797 1c00876e d0057553 fcvt.s.w         f10, x10            f10=xxxxxxxx x10:00000006
15115864ns          259798 1c008772 68e7f7c3 fmadd.s          f15, f15, f14, f13  f15=xxxxxxxx f15:41b037d0 f14:3f6e144d f13:c23f0e08
15115884ns          259799 1c008776 1c0006b7 lui              x13, 0x1c000000     x13=1c000000
15115904ns          259800 1c00877a 13c6a683 lw               x13, 316(x13)       x13=42390412 x13:1c000000  PA:1c00013c
15116242ns          259817 1c00877e 68e7f7c3 fmadd.s          f15, f15, f14, f13  f15=xxxxxxxx f15:c1da3a33 f14:3f6e144d f13:42390412
15116262ns          259818 1c008782 1c0006b7 lui              x13, 0x1c000000     x13=1c000000
15116282ns          259819 1c008786 1406a683 lw               x13, 320(x13)       x13=c1efd21b x13:1c000000  PA:1c000140
15116600ns          259835 1c00878a 68e7f7c3 fmadd.s          f15, f15, f14, f13  f15=xxxxxxxx f15:41a714ba f14:3f6e144d f13:c1efd21b
15116620ns          259836 1c00878e 1c0006b7 lui              x13, 0x1c000000     x13=1c000000
15116640ns          259837 1c008792 1446a683 lw               x13, 324(x13)       x13=41644a86 x13:1c000000  PA:1c000144
15116958ns          259853 1c008796 68e7f7c3 fmadd.s          f15, f15, f14, f13  f15=xxxxxxxx f15:c128df2c f14:3f6e144d f13:41644a86
15116978ns          259854 1c00879a 1c0006b7 lui              x13, 0x1c000000     x13=1c000000
15116998ns          259855 1c00879e 1486a683 lw               x13, 328(x13)       x13=c087dba8 x13:1c000000  PA:1c000148
15117316ns          259871 1c0087a2 68e7f7c3 fmadd.s          f15, f15, f14, f13  f15=xxxxxxxx f15:408e7b4e f14:3f6e144d f13:c087dba8
15117336ns          259872 1c0087a6 00a7f553 fadd.s           f10, f15, f10       f10=xxxxxxxx f15:bdd66e40 f10:40c00000
15117356ns          259873 1c0087aa 00008067 jalr             x0, x1, 0            x1:1c0081c2
15117416ns          259876 1c0081c2 11557553 fmul.s           f10, f10, f21       f10=xxxxxxxx f10:40bca647 f21:3f317218
15117436ns          259877 1c0081c6 00a4222b p.sw             x10, 4(x8!)          x8=10000fb0 x10:4082c30b  x8:10000fac  PA:10000fac
15117455ns          259878 1c0081ca ff4419e3 bne              x8, x20, -14         x8:10000fb0 x20:10000fd8
15117515ns          259881 1c0081bc 0049a50b p.lw             x10, 4(x19!)        x10=42ab168e x19=1c0102fc x19:1c0102f8  PA:1c0102f8
15117813ns          259896 1c0081c0 558000ef jal              x1, 1368             x1=1c0081c2
15117833ns          259897 1c008718 e00517d3 fclass.s         x15, f10            x15=00000040 f10:42ab168e
15117853ns          259898 1c00871c 0817f793 andi             x15, x15, 129       x15=00000000 x15:00000040
15117873ns          259899 1c008720 08079b63 bne              x15, x0, 150        x15:00000000
15117893ns          259900 1c008722 00000793 addi             x15, x0, 0          x15=00000000
15117913ns          259901 1c008726 a0f52753 feq.s            x14, f10, f15       x14=00000000 f10:42ab168e f15:00000000
15117933ns          259902 1c00872a 08071163 bne              x14, x0, 130        x14:00000000
15117953ns          259903 1c00872c a0f507d3 fle.s            x15, f10, f15       x15=00000000 f10:42ab168e f15:00000000
15117973ns          259904 1c008730 08079863 bne              x15, x0, 144        x15:00000000
15117992ns          259905 1c008732 a0a527d3 feq.s            x15, f10, f10       x15=00000001 f10:42ab168e f10:42ab168e
15118012ns          259906 1c008736 08078563 beq              x15, x0, 138        x15:00000001
15118032ns          259907 1c008738 d17537b3 p.bclr           x15, x10, 8, 23     x15=002b168e x10:42ab168e
15118052ns          259908 1c00873c cb87c733 p.bset           x14, x15, 5, 24     x14=3f2b168e x15:002b168e
15118072ns          259909 1c008740 1c0006b7 lui              x13, 0x1c000000     x13=1c000000
15118092ns          259910 1c008744 1c0007b7 lui              x15, 0x1c000000     x15=1c000000
15118112ns          259911 1c008748 1306a683 lw               x13, 304(x13)       x13=c13c5fa8 x13:1c000000  PA:1c000130
15118410ns          259926 1c00874c 12c7a783 lw               x15, 300(x15)       x15=3ff7d7e5 x15:1c000000  PA:1c00012c
15118709ns          259941 1c008750 41755513 srai             x10, x10, 0x417     x10=00000085 x10:42ab168e
15118728ns          259942 1c008752 68e7f7c3 fmadd.s          f15, f15, f14, f13  f15=xxxxxxxx f15:3ff7d7e5 f14:3f2b168e f13:c13c5fa8
15118748ns          259943 1c008756 1c0006b7 lui              x13, 0x1c000000     x13=1c000000
15118768ns          259944 1c00875a 1346a683 lw               x13, 308(x13)       x13=41fa6a03 x13:1c000000  PA:1c000134
15119067ns          259959 1c00875e f8250513 addi             x10, x10, -126      x10=00000007 x10:00000085
15119086ns          259960 1c008762 68e7f7c3 fmadd.s          f15, f15, f14, f13  f15=xxxxxxxx f15:c127ab47 f14:3f2b168e f13:41fa6a03
15119106ns          259961 1c008766 1c0006b7 lui              x13, 0x1c000000     x13=1c000000
15119126ns          259962 1c00876a 1386a683 lw               x13, 312(x13)       x13=c23f0e08 x13:1c000000  PA:1c000138
15119425ns          259977 1c00876e d0057553 fcvt.s.w         f10, x10            f10=xxxxxxxx x10:00000007
15119445ns          259978 1c008772 68e7f7c3 fmadd.s          f15, f15, f14, f13  f15=xxxxxxxx f15:41c262ec f14:3f2b168e f13:c23f0e08
15119464ns          259979 1c008776 1c0006b7 lui              x13, 0x1c000000     x13=1c000000
15119484ns          259980 1c00877a 13c6a683 lw               x13, 316(x13)       x13=42390412 x13:1c000000  PA:1c00013c
15119803ns          259996 1c00877e 68e7f7c3 fmadd.s          f15, f15, f14, f13  f15=xxxxxxxx f15:c1fc32dc f14:3f2b168e f13:42390412
15119822ns          259997 1c008782 1c0006b7 lui              x13, 0x1c000000     x13=1c000000
15119842ns          259998 1c008786 1406a683 lw               x13, 320(x13)       x13=c1efd21b x13:1c000000  PA:1c000140
15120180ns          260015 1c00878a 68e7f7c3 fmadd.s          f15, f15, f14, f13  f15=xxxxxxxx f15:41c97bf3 f14:3f2b168e f13:c1efd21b
15120200ns          260016 1c00878e 1c0006b7 lui              x13, 0x1c000000     x13=1c000000
15120220ns          260017 1c008792 1446a683 lw               x13, 324(x13)       x13=41644a86 x13:1c000000  PA:1c000144
15120539ns          260033 1c008796 68e7f7c3 fmadd.s          f15, f15, f14, f13  f15=xxxxxxxx f15:c152551f f14:3f2b168e f13:41644a86
15120558ns          260034 1c00879a 1c0006b7 lui              x13, 0x1c000000     x13=1c000000
15120578ns          260035 1c00879e 1486a683 lw               x13, 328(x13)       x13=c087dba8 x13:1c000000  PA:1c000148
15120897ns          260051 1c0087a2 68e7f7c3 fmadd.s          f15, f15, f14, f13  f15=xxxxxxxx f15:40af7245 f14:3f2b168e f13:c087dba8
15120916ns          260052 1c0087a6 00a7f553 fadd.s           f10, f15, f10       f10=xxxxxxxx f15:bf14d6f6 f10:40e00000
15120936ns          260053 1c0087aa 00008067 jalr             x0, x1, 0            x1:1c0081c2
15120996ns          260056 1c0081c2 11557553 fmul.s           f10, f10, f21       f10=xxxxxxxx f10:40cd6521 f21:3f317218
15121016ns          260057 1c0081c6 00a4222b p.sw             x10, 4(x8!)          x8=10000fb4 x10:408e5e76  x8:10000fb0  PA:10000fb0
15121036ns          260058 1c0081ca ff4419e3 bne              x8, x20, -14         x8:10000fb4 x20:10000fd8
15121095ns          260061 1c0081bc 0049a50b p.lw             x10, 4(x19!)        x10=41feda06 x19=1c010300 x19:1c0102fc  PA:1c0102fc
15121394ns          260076 1c0081c0 558000ef jal              x1, 1368             x1=1c0081c2
15121414ns          260077 1c008718 e00517d3 fclass.s         x15, f10            x15=00000040 f10:41feda06
15121434ns          260078 1c00871c 0817f793 andi             x15, x15, 129       x15=00000000 x15:00000040
15121453ns          260079 1c008720 08079b63 bne              x15, x0, 150        x15:00000000
15121473ns          260080 1c008722 00000793 addi             x15, x0, 0          x15=00000000
15121493ns          260081 1c008726 a0f52753 feq.s            x14, f10, f15       x14=00000000 f10:41feda06 f15:00000000
15121513ns          260082 1c00872a 08071163 bne              x14, x0, 130        x14:00000000
15121533ns          260083 1c00872c a0f507d3 fle.s            x15, f10, f15       x15=00000000 f10:41feda06 f15:00000000
15121553ns          260084 1c008730 08079863 bne              x15, x0, 144        x15:00000000
15121573ns          260085 1c008732 a0a527d3 feq.s            x15, f10, f10       x15=00000001 f10:41feda06 f10:41feda06
15121593ns          260086 1c008736 08078563 beq              x15, x0, 138        x15:00000001
15121613ns          260087 1c008738 d17537b3 p.bclr           x15, x10, 8, 23     x15=007eda06 x10:41feda06
15121633ns          260088 1c00873c cb87c733 p.bset           x14, x15, 5, 24     x14=3f7eda06 x15:007eda06
15121652ns          260089 1c008740 1c0006b7 lui              x13, 0x1c000000     x13=1c000000
15121672ns          260090 1c008744 1c0007b7 lui              x15, 0x1c000000     x15=1c000000
15121692ns          260091 1c008748 1306a683 lw               x13, 304(x13)       x13=c13c5fa8 x13:1c000000  PA:1c000130
15121991ns          260106 1c00874c 12c7a783 lw               x15, 300(x15)       x15=3ff7d7e5 x15:1c000000  PA:1c00012c
15122289ns          260121 1c008750 41755513 srai             x10, x10, 0x417     x10=00000083 x10:41feda06
15122309ns          260122 1c008752 68e7f7c3 fmadd.s          f15, f15, f14, f13  f15=xxxxxxxx f15:3ff7d7e5 f14:3f7eda06 f13:c13c5fa8
15122329ns          260123 1c008756 1c0006b7 lui              x13, 0x1c000000     x13=1c000000
15122349ns          260124 1c00875a 1346a683 lw               x13, 308(x13)       x13=41fa6a03 x13:1c000000  PA:1c000134
15122647ns          260139 1c00875e f8250513 addi             x10, x10, -126      x10=00000005 x10:00000083
15122667ns          260140 1c008762 68e7f7c3 fmadd.s          f15, f15, f14, f13  f15=xxxxxxxx f15:c11d883f f14:3f7eda06 f13:41fa6a03
15122687ns          260141 1c008766 1c0006b7 lui              x13, 0x1c000000     x13=1c000000
15122707ns          260142 1c00876a 1386a683 lw               x13, 312(x13)       x13=c23f0e08 x13:1c000000  PA:1c000138
15123005ns          260157 1c00876e d0057553 fcvt.s.w         f10, x10            f10=xxxxxxxx x10:00000005
15123025ns          260158 1c008772 68e7f7c3 fmadd.s          f15, f15, f14, f13  f15=xxxxxxxx f15:41ac0057 f14:3f7eda06 f13:c23f0e08
15123045ns          260159 1c008776 1c0006b7 lui              x13, 0x1c000000     x13=1c000000
15123065ns          260160 1c00877a 13c6a683 lw               x13, 316(x13)       x13=42390412 x13:1c000000  PA:1c00013c
15123383ns          260176 1c00877e 68e7f7c3 fmadd.s          f15, f15, f14, f13  f15=xxxxxxxx f15:c1d2e13d f14:3f7eda06 f13:42390412
15123403ns          260177 1c008782 1c0006b7 lui              x13, 0x1c000000     x13=1c000000
15123423ns          260178 1c008786 1406a683 lw               x13, 320(x13)       x13=c1efd21b x13:1c000000  PA:1c000140
15123741ns          260194 1c00878a 68e7f7c3 fmadd.s          f15, f15, f14, f13  f15=xxxxxxxx f15:41a01911 f14:3f7eda06 f13:c1efd21b
15123761ns          260195 1c00878e 1c0006b7 lui              x13, 0x1c000000     x13=1c000000
15123781ns          260196 1c008792 1446a683 lw               x13, 324(x13)       x13=41644a86 x13:1c000000  PA:1c000144
15124099ns          260212 1c008796 68e7f7c3 fmadd.s          f15, f15, f14, f13  f15=xxxxxxxx f15:c120e1c6 f14:3f7eda06 f13:41644a86
15124119ns          260213 1c00879a 1c0006b7 lui              x13, 0x1c000000     x13=1c000000
15124139ns          260214 1c00879e 1486a683 lw               x13, 328(x13)       x13=c087dba8 x13:1c000000  PA:1c000148
15124457ns          260230 1c0087a2 68e7f7c3 fmadd.s          f15, f15, f14, f13  f15=xxxxxxxx f15:408842ff f14:3f7eda06 f13:c087dba8
15124477ns          260231 1c0087a6 00a7f553 fadd.s           f10, f15, f10       f10=xxxxxxxx f15:bbd48afd f10:40a00000
15124497ns          260232 1c0087aa 00008067 jalr             x0, x1, 0            x1:1c0081c2
15124556ns          260235 1c0081c2 11557553 fmul.s           f10, f10, f21       f10=xxxxxxxx f10:409fcadd f21:3f317218
15124576ns          260236 1c0081c6 00a4222b p.sw             x10, 4(x8!)          x8=10000fb8 x10:405d84f4  x8:10000fb4  PA:10000fb4
15124596ns          260237 1c0081ca ff4419e3 bne              x8, x20, -14         x8:10000fb8 x20:10000fd8
15124656ns          260240 1c0081bc 0049a50b p.lw             x10, 4(x19!)        x10=420cc861 x19=1c010304 x19:1c010300  PA:1c010300
15124954ns          260255 1c0081c0 558000ef jal              x1, 1368             x1=1c0081c2
15124974ns          260256 1c008718 e00517d3 fclass.s         x15, f10            x15=00000040 f10:420cc861
15124994ns          260257 1c00871c 0817f793 andi             x15, x15, 129       x15=00000000 x15:00000040
15125014ns          260258 1c008720 08079b63 bne              x15, x0, 150        x15:00000000
15125034ns          260259 1c008722 00000793 addi             x15, x0, 0          x15=00000000
15125054ns          260260 1c008726 a0f52753 feq.s            x14, f10, f15       x14=00000000 f10:420cc861 f15:00000000
15125074ns          260261 1c00872a 08071163 bne              x14, x0, 130        x14:00000000
15125093ns          260262 1c00872c a0f507d3 fle.s            x15, f10, f15       x15=00000000 f10:420cc861 f15:00000000
15125113ns          260263 1c008730 08079863 bne              x15, x0, 144        x15:00000000
15125133ns          260264 1c008732 a0a527d3 feq.s            x15, f10, f10       x15=00000001 f10:420cc861 f10:420cc861
15125153ns          260265 1c008736 08078563 beq              x15, x0, 138        x15:00000001
15125173ns          260266 1c008738 d17537b3 p.bclr           x15, x10, 8, 23     x15=000cc861 x10:420cc861
15125193ns          260267 1c00873c cb87c733 p.bset           x14, x15, 5, 24     x14=3f0cc861 x15:000cc861
15125213ns          260268 1c008740 1c0006b7 lui              x13, 0x1c000000     x13=1c000000
15125233ns          260269 1c008744 1c0007b7 lui              x15, 0x1c000000     x15=1c000000
15125253ns          260270 1c008748 1306a683 lw               x13, 304(x13)       x13=c13c5fa8 x13:1c000000  PA:1c000130
15125571ns          260286 1c00874c 12c7a783 lw               x15, 300(x15)       x15=3ff7d7e5 x15:1c000000  PA:1c00012c
15125889ns          260302 1c008750 41755513 srai             x10, x10, 0x417     x10=00000084 x10:420cc861
15125909ns          260303 1c008752 68e7f7c3 fmadd.s          f15, f15, f14, f13  f15=xxxxxxxx f15:3ff7d7e5 f14:3f0cc861 f13:c13c5fa8
15125929ns          260304 1c008756 1c0006b7 lui              x13, 0x1c000000     x13=1c000000
15125949ns          260305 1c00875a 1346a683 lw               x13, 308(x13)       x13=41fa6a03 x13:1c000000  PA:1c000134
15126247ns          260320 1c00875e f8250513 addi             x10, x10, -126      x10=00000006 x10:00000084
15126267ns          260321 1c008762 68e7f7c3 fmadd.s          f15, f15, f14, f13  f15=xxxxxxxx f15:c12b5626 f14:3f0cc861 f13:41fa6a03
15126287ns          260322 1c008766 1c0006b7 lui              x13, 0x1c000000     x13=1c000000
15126307ns          260323 1c00876a 1386a683 lw               x13, 312(x13)       x13=c23f0e08 x13:1c000000  PA:1c000138
15126605ns          260338 1c00876e d0057553 fcvt.s.w         f10, x10            f10=xxxxxxxx x10:00000006
15126625ns          260339 1c008772 68e7f7c3 fmadd.s          f15, f15, f14, f13  f15=xxxxxxxx f15:41cb4d66 f14:3f0cc861 f13:c23f0e08
15126645ns          260340 1c008776 1c0006b7 lui              x13, 0x1c000000     x13=1c000000
15126665ns          260341 1c00877a 13c6a683 lw               x13, 316(x13)       x13=42390412 x13:1c000000  PA:1c00013c
15126983ns          260357 1c00877e 68e7f7c3 fmadd.s          f15, f15, f14, f13  f15=xxxxxxxx f15:c207274d f14:3f0cc861 f13:42390412
15127003ns          260358 1c008782 1c0006b7 lui              x13, 0x1c000000     x13=1c000000
15127023ns          260359 1c008786 1406a683 lw               x13, 320(x13)       x13=c1efd21b x13:1c000000  PA:1c000140
15127341ns          260375 1c00878a 68e7f7c3 fmadd.s          f15, f15, f14, f13  f15=xxxxxxxx f15:41dd6194 f14:3f0cc861 f13:c1efd21b
15127361ns          260376 1c00878e 1c0006b7 lui              x13, 0x1c000000     x13=1c000000
15127381ns          260377 1c008792 1446a683 lw               x13, 324(x13)       x13=41644a86 x13:1c000000  PA:1c000144
15127719ns          260394 1c008796 68e7f7c3 fmadd.s          f15, f15, f14, f13  f15=xxxxxxxx f15:c16c26ec f14:3f0cc861 f13:41644a86
15127739ns          260395 1c00879a 1c0006b7 lui              x13, 0x1c000000     x13=1c000000
15127759ns          260396 1c00879e 1486a683 lw               x13, 328(x13)       x13=c087dba8 x13:1c000000  PA:1c000148
15128077ns          260412 1c0087a2 68e7f7c3 fmadd.s          f15, f15, f14, f13  f15=xxxxxxxx f15:40c4d8ca f14:3f0cc861 f13:c087dba8
15128097ns          260413 1c0087a6 00a7f553 fadd.s           f10, f15, f10       f10=xxxxxxxx f15:bf5cd82d f10:40c00000
15128117ns          260414 1c0087aa 00008067 jalr             x0, x1, 0            x1:1c0081c2
15128177ns          260417 1c0081c2 11557553 fmul.s           f10, f10, f21       f10=xxxxxxxx f10:40a464fa f21:3f317218
15128196ns          260418 1c0081c6 00a4222b p.sw             x10, 4(x8!)          x8=10000fbc x10:4063e62a  x8:10000fb8  PA:10000fb8
15128216ns          260419 1c0081ca ff4419e3 bne              x8, x20, -14         x8:10000fbc x20:10000fd8
15128276ns          260422 1c0081bc 0049a50b p.lw             x10, 4(x19!)        x10=42932ceb x19=1c010308 x19:1c010304  PA:1c010304
15128574ns          260437 1c0081c0 558000ef jal              x1, 1368             x1=1c0081c2
15128594ns          260438 1c008718 e00517d3 fclass.s         x15, f10            x15=00000040 f10:42932ceb
15128614ns          260439 1c00871c 0817f793 andi             x15, x15, 129       x15=00000000 x15:00000040
15128634ns          260440 1c008720 08079b63 bne              x15, x0, 150        x15:00000000
15128654ns          260441 1c008722 00000793 addi             x15, x0, 0          x15=00000000
15128674ns          260442 1c008726 a0f52753 feq.s            x14, f10, f15       x14=00000000 f10:42932ceb f15:00000000
15128694ns          260443 1c00872a 08071163 bne              x14, x0, 130        x14:00000000
15128714ns          260444 1c00872c a0f507d3 fle.s            x15, f10, f15       x15=00000000 f10:42932ceb f15:00000000
15128734ns          260445 1c008730 08079863 bne              x15, x0, 144        x15:00000000
15128753ns          260446 1c008732 a0a527d3 feq.s            x15, f10, f10       x15=00000001 f10:42932ceb f10:42932ceb
15128773ns          260447 1c008736 08078563 beq              x15, x0, 138        x15:00000001
15128793ns          260448 1c008738 d17537b3 p.bclr           x15, x10, 8, 23     x15=00132ceb x10:42932ceb
15128813ns          260449 1c00873c cb87c733 p.bset           x14, x15, 5, 24     x14=3f132ceb x15:00132ceb
15128833ns          260450 1c008740 1c0006b7 lui              x13, 0x1c000000     x13=1c000000
15128853ns          260451 1c008744 1c0007b7 lui              x15, 0x1c000000     x15=1c000000
15128873ns          260452 1c008748 1306a683 lw               x13, 304(x13)       x13=c13c5fa8 x13:1c000000  PA:1c000130
15129171ns          260467 1c00874c 12c7a783 lw               x15, 300(x15)       x15=3ff7d7e5 x15:1c000000  PA:1c00012c
15129489ns          260483 1c008750 41755513 srai             x10, x10, 0x417     x10=00000085 x10:42932ceb
15129509ns          260484 1c008752 68e7f7c3 fmadd.s          f15, f15, f14, f13  f15=xxxxxxxx f15:3ff7d7e5 f14:3f132ceb f13:c13c5fa8
15129529ns          260485 1c008756 1c0006b7 lui              x13, 0x1c000000     x13=1c000000
15129549ns          260486 1c00875a 1346a683 lw               x13, 308(x13)       x13=41fa6a03 x13:1c000000  PA:1c000134
15129847ns          260501 1c00875e f8250513 addi             x10, x10, -126      x10=00000007 x10:00000085
15129867ns          260502 1c008762 68e7f7c3 fmadd.s          f15, f15, f14, f13  f15=xxxxxxxx f15:c12a9019 f14:3f132ceb f13:41fa6a03
15129887ns          260503 1c008766 1c0006b7 lui              x13, 0x1c000000     x13=1c000000
15129907ns          260504 1c00876a 1386a683 lw               x13, 312(x13)       x13=c23f0e08 x13:1c000000  PA:1c000138
15130205ns          260519 1c00876e d0057553 fcvt.s.w         f10, x10            f10=xxxxxxxx x10:00000007
15130225ns          260520 1c008772 68e7f7c3 fmadd.s          f15, f15, f14, f13  f15=xxxxxxxx f15:41c962ad f14:3f132ceb f13:c23f0e08
15130245ns          260521 1c008776 1c0006b7 lui              x13, 0x1c000000     x13=1c000000
15130265ns          260522 1c00877a 13c6a683 lw               x13, 316(x13)       x13=42390412 x13:1c000000  PA:1c00013c
15130583ns          260538 1c00877e 68e7f7c3 fmadd.s          f15, f15, f14, f13  f15=xxxxxxxx f15:c2052a88 f14:3f132ceb f13:42390412
15130603ns          260539 1c008782 1c0006b7 lui              x13, 0x1c000000     x13=1c000000
15130623ns          260540 1c008786 1406a683 lw               x13, 320(x13)       x13=c1efd21b x13:1c000000  PA:1c000140
15130941ns          260556 1c00878a 68e7f7c3 fmadd.s          f15, f15, f14, f13  f15=xxxxxxxx f15:41d8ea91 f14:3f132ceb f13:c1efd21b
15130961ns          260557 1c00878e 1c0006b7 lui              x13, 0x1c000000     x13=1c000000
15130981ns          260558 1c008792 1446a683 lw               x13, 324(x13)       x13=41644a86 x13:1c000000  PA:1c000144
15131319ns          260575 1c008796 68e7f7c3 fmadd.s          f15, f15, f14, f13  f15=xxxxxxxx f15:c1663ab5 f14:3f132ceb f13:41644a86
15131339ns          260576 1c00879a 1c0006b7 lui              x13, 0x1c000000     x13=1c000000
15131359ns          260577 1c00879e 1486a683 lw               x13, 328(x13)       x13=c087dba8 x13:1c000000  PA:1c000148
15131677ns          260593 1c0087a2 68e7f7c3 fmadd.s          f15, f15, f14, f13  f15=xxxxxxxx f15:40bfdcd5 f14:3f132ceb f13:c087dba8
15131697ns          260594 1c0087a6 00a7f553 fadd.s           f10, f15, f10       f10=xxxxxxxx f15:bf4c717d f10:40e00000
15131717ns          260595 1c0087aa 00008067 jalr             x0, x1, 0            x1:1c0081c2
15131777ns          260598 1c0081c2 11557553 fmul.s           f10, f10, f21       f10=xxxxxxxx f10:40c671d0 f21:3f317218
15131797ns          260599 1c0081c6 00a4222b p.sw             x10, 4(x8!)          x8=10000fc0 x10:40898d22  x8:10000fbc  PA:10000fbc
15131817ns          260600 1c0081ca ff4419e3 bne              x8, x20, -14         x8:10000fc0 x20:10000fd8
15131876ns          260603 1c0081bc 0049a50b p.lw             x10, 4(x19!)        x10=4215d221 x19=1c01030c x19:1c010308  PA:1c010308
15132194ns          260619 1c0081c0 558000ef jal              x1, 1368             x1=1c0081c2
15132214ns          260620 1c008718 e00517d3 fclass.s         x15, f10            x15=00000040 f10:4215d221
15132234ns          260621 1c00871c 0817f793 andi             x15, x15, 129       x15=00000000 x15:00000040
15132254ns          260622 1c008720 08079b63 bne              x15, x0, 150        x15:00000000
15132274ns          260623 1c008722 00000793 addi             x15, x0, 0          x15=00000000
15132294ns          260624 1c008726 a0f52753 feq.s            x14, f10, f15       x14=00000000 f10:4215d221 f15:00000000
15132314ns          260625 1c00872a 08071163 bne              x14, x0, 130        x14:00000000
15132334ns          260626 1c00872c a0f507d3 fle.s            x15, f10, f15       x15=00000000 f10:4215d221 f15:00000000
15132354ns          260627 1c008730 08079863 bne              x15, x0, 144        x15:00000000
15132374ns          260628 1c008732 a0a527d3 feq.s            x15, f10, f10       x15=00000001 f10:4215d221 f10:4215d221
15132393ns          260629 1c008736 08078563 beq              x15, x0, 138        x15:00000001
15132413ns          260630 1c008738 d17537b3 p.bclr           x15, x10, 8, 23     x15=0015d221 x10:4215d221
15132433ns          260631 1c00873c cb87c733 p.bset           x14, x15, 5, 24     x14=3f15d221 x15:0015d221
15132453ns          260632 1c008740 1c0006b7 lui              x13, 0x1c000000     x13=1c000000
15132473ns          260633 1c008744 1c0007b7 lui              x15, 0x1c000000     x15=1c000000
15132493ns          260634 1c008748 1306a683 lw               x13, 304(x13)       x13=c13c5fa8 x13:1c000000  PA:1c000130
15132791ns          260649 1c00874c 12c7a783 lw               x15, 300(x15)       x15=3ff7d7e5 x15:1c000000  PA:1c00012c
15133090ns          260664 1c008750 41755513 srai             x10, x10, 0x417     x10=00000084 x10:4215d221
15133109ns          260665 1c008752 68e7f7c3 fmadd.s          f15, f15, f14, f13  f15=xxxxxxxx f15:3ff7d7e5 f14:3f15d221 f13:c13c5fa8
15133129ns          260666 1c008756 1c0006b7 lui              x13, 0x1c000000     x13=1c000000
15133149ns          260667 1c00875a 1346a683 lw               x13, 308(x13)       x13=41fa6a03 x13:1c000000  PA:1c000134
15133467ns          260683 1c00875e f8250513 addi             x10, x10, -126      x10=00000006 x10:00000084
15133487ns          260684 1c008762 68e7f7c3 fmadd.s          f15, f15, f14, f13  f15=xxxxxxxx f15:c12a3e25 f14:3f15d221 f13:41fa6a03
15133507ns          260685 1c008766 1c0006b7 lui              x13, 0x1c000000     x13=1c000000
15133527ns          260686 1c00876a 1386a683 lw               x13, 312(x13)       x13=c23f0e08 x13:1c000000  PA:1c000138
15133826ns          260701 1c00876e d0057553 fcvt.s.w         f10, x10            f10=xxxxxxxx x10:00000006
15133845ns          260702 1c008772 68e7f7c3 fmadd.s          f15, f15, f14, f13  f15=xxxxxxxx f15:41c8990f f14:3f15d221 f13:c23f0e08
15133865ns          260703 1c008776 1c0006b7 lui              x13, 0x1c000000     x13=1c000000
15133885ns          260704 1c00877a 13c6a683 lw               x13, 316(x13)       x13=42390412 x13:1c000000  PA:1c00013c
15134203ns          260720 1c00877e 68e7f7c3 fmadd.s          f15, f15, f14, f13  f15=xxxxxxxx f15:c2045b29 f14:3f15d221 f13:42390412
15134223ns          260721 1c008782 1c0006b7 lui              x13, 0x1c000000     x13=1c000000
15134243ns          260722 1c008786 1406a683 lw               x13, 320(x13)       x13=c1efd21b x13:1c000000  PA:1c000140
15134561ns          260738 1c00878a 68e7f7c3 fmadd.s          f15, f15, f14, f13  f15=xxxxxxxx f15:41d71cbf f14:3f15d221 f13:c1efd21b
15134581ns          260739 1c00878e 1c0006b7 lui              x13, 0x1c000000     x13=1c000000
15134601ns          260740 1c008792 1446a683 lw               x13, 324(x13)       x13=41644a86 x13:1c000000  PA:1c000144
15134920ns          260756 1c008796 68e7f7c3 fmadd.s          f15, f15, f14, f13  f15=xxxxxxxx f15:c163db9d f14:3f15d221 f13:41644a86
15134939ns          260757 1c00879a 1c0006b7 lui              x13, 0x1c000000     x13=1c000000
15134959ns          260758 1c00879e 1486a683 lw               x13, 328(x13)       x13=c087dba8 x13:1c000000  PA:1c000148
15135278ns          260774 1c0087a2 68e7f7c3 fmadd.s          f15, f15, f14, f13  f15=xxxxxxxx f15:40bde158 f14:3f15d221 f13:c087dba8
15135297ns          260775 1c0087a6 00a7f553 fadd.s           f10, f15, f10       f10=xxxxxxxx f15:bf45dd24 f10:40c00000
15135317ns          260776 1c0087aa 00008067 jalr             x0, x1, 0            x1:1c0081c2
15135377ns          260779 1c0081c2 11557553 fmul.s           f10, f10, f21       f10=xxxxxxxx f10:40a7445c f21:3f317218
15135397ns          260780 1c0081c6 00a4222b p.sw             x10, 4(x8!)          x8=10000fc4 x10:4067e19f  x8:10000fc0  PA:10000fc0
15135417ns          260781 1c0081ca ff4419e3 bne              x8, x20, -14         x8:10000fc4 x20:10000fd8
15135476ns          260784 1c0081bc 0049a50b p.lw             x10, 4(x19!)        x10=41677ec7 x19=1c010310 x19:1c01030c  PA:1c01030c
15135775ns          260799 1c0081c0 558000ef jal              x1, 1368             x1=1c0081c2
15135795ns          260800 1c008718 e00517d3 fclass.s         x15, f10            x15=00000040 f10:41677ec7
15135815ns          260801 1c00871c 0817f793 andi             x15, x15, 129       x15=00000000 x15:00000040
15135834ns          260802 1c008720 08079b63 bne              x15, x0, 150        x15:00000000
15135854ns          260803 1c008722 00000793 addi             x15, x0, 0          x15=00000000
15135874ns          260804 1c008726 a0f52753 feq.s            x14, f10, f15       x14=00000000 f10:41677ec7 f15:00000000
15135894ns          260805 1c00872a 08071163 bne              x14, x0, 130        x14:00000000
15135914ns          260806 1c00872c a0f507d3 fle.s            x15, f10, f15       x15=00000000 f10:41677ec7 f15:00000000
15135934ns          260807 1c008730 08079863 bne              x15, x0, 144        x15:00000000
15135954ns          260808 1c008732 a0a527d3 feq.s            x15, f10, f10       x15=00000001 f10:41677ec7 f10:41677ec7
15135974ns          260809 1c008736 08078563 beq              x15, x0, 138        x15:00000001
15135994ns          260810 1c008738 d17537b3 p.bclr           x15, x10, 8, 23     x15=00677ec7 x10:41677ec7
15136014ns          260811 1c00873c cb87c733 p.bset           x14, x15, 5, 24     x14=3f677ec7 x15:00677ec7
15136033ns          260812 1c008740 1c0006b7 lui              x13, 0x1c000000     x13=1c000000
15136053ns          260813 1c008744 1c0007b7 lui              x15, 0x1c000000     x15=1c000000
15136073ns          260814 1c008748 1306a683 lw               x13, 304(x13)       x13=c13c5fa8 x13:1c000000  PA:1c000130
15136372ns          260829 1c00874c 12c7a783 lw               x15, 300(x15)       x15=3ff7d7e5 x15:1c000000  PA:1c00012c
15136670ns          260844 1c008750 41755513 srai             x10, x10, 0x417     x10=00000082 x10:41677ec7
15136690ns          260845 1c008752 68e7f7c3 fmadd.s          f15, f15, f14, f13  f15=xxxxxxxx f15:3ff7d7e5 f14:3f677ec7 f13:c13c5fa8
15136710ns          260846 1c008756 1c0006b7 lui              x13, 0x1c000000     x13=1c000000
15136730ns          260847 1c00875a 1346a683 lw               x13, 308(x13)       x13=41fa6a03 x13:1c000000  PA:1c000134
15137048ns          260863 1c00875e f8250513 addi             x10, x10, -126      x10=00000004 x10:00000082
15137068ns          260864 1c008762 68e7f7c3 fmadd.s          f15, f15, f14, f13  f15=xxxxxxxx f15:c1205bd6 f14:3f677ec7 f13:41fa6a03
15137088ns          260865 1c008766 1c0006b7 lui              x13, 0x1c000000     x13=1c000000
15137108ns          260866 1c00876a 1386a683 lw               x13, 312(x13)       x13=c23f0e08 x13:1c000000  PA:1c000138
15137406ns          260881 1c00876e d0057553 fcvt.s.w         f10, x10            f10=xxxxxxxx x10:00000004
15137426ns          260882 1c008772 68e7f7c3 fmadd.s          f15, f15, f14, f13  f15=xxxxxxxx f15:41b1e8df f14:3f677ec7 f13:c23f0e08
15137446ns          260883 1c008776 1c0006b7 lui              x13, 0x1c000000     x13=1c000000
15137466ns          260884 1c00877a 13c6a683 lw               x13, 316(x13)       x13=42390412 x13:1c000000  PA:1c00013c
15137784ns          260900 1c00877e 68e7f7c3 fmadd.s          f15, f15, f14, f13  f15=xxxxxxxx f15:c1dd3ad4 f14:3f677ec7 f13:42390412
15137804ns          260901 1c008782 1c0006b7 lui              x13, 0x1c000000     x13=1c000000
15137824ns          260902 1c008786 1406a683 lw               x13, 320(x13)       x13=c1efd21b x13:1c000000  PA:1c000140
15138142ns          260918 1c00878a 68e7f7c3 fmadd.s          f15, f15, f14, f13  f15=xxxxxxxx f15:41a9fa80 f14:3f677ec7 f13:c1efd21b
15138162ns          260919 1c00878e 1c0006b7 lui              x13, 0x1c000000     x13=1c000000
15138182ns          260920 1c008792 1446a683 lw               x13, 324(x13)       x13=41644a86 x13:1c000000  PA:1c000144
15138500ns          260936 1c008796 68e7f7c3 fmadd.s          f15, f15, f14, f13  f15=xxxxxxxx f15:c12c39c8 f14:3f677ec7 f13:41644a86
15138520ns          260937 1c00879a 1c0006b7 lui              x13, 0x1c000000     x13=1c000000
15138540ns          260938 1c00879e 1486a683 lw               x13, 328(x13)       x13=c087dba8 x13:1c000000  PA:1c000148
15138878ns          260955 1c0087a2 68e7f7c3 fmadd.s          f15, f15, f14, f13  f15=xxxxxxxx f15:40911a30 f14:3f677ec7 f13:c087dba8
15138898ns          260956 1c0087a6 00a7f553 fadd.s           f10, f15, f10       f10=xxxxxxxx f15:be14a560 f10:40800000
15138918ns          260957 1c0087aa 00008067 jalr             x0, x1, 0            x1:1c0081c2
15138977ns          260960 1c0081c2 11557553 fmul.s           f10, f10, f21       f10=xxxxxxxx f10:4076b5aa f21:3f317218
15138997ns          260961 1c0081c6 00a4222b p.sw             x10, 4(x8!)          x8=10000fc8 x10:402b018f  x8:10000fc4  PA:10000fc4
15139017ns          260962 1c0081ca ff4419e3 bne              x8, x20, -14         x8:10000fc8 x20:10000fd8
15139077ns          260965 1c0081bc 0049a50b p.lw             x10, 4(x19!)        x10=3f2f2094 x19=1c010314 x19:1c010310  PA:1c010310
15139375ns          260980 1c0081c0 558000ef jal              x1, 1368             x1=1c0081c2
15139395ns          260981 1c008718 e00517d3 fclass.s         x15, f10            x15=00000040 f10:3f2f2094
15139415ns          260982 1c00871c 0817f793 andi             x15, x15, 129       x15=00000000 x15:00000040
15139435ns          260983 1c008720 08079b63 bne              x15, x0, 150        x15:00000000
15139455ns          260984 1c008722 00000793 addi             x15, x0, 0          x15=00000000
15139475ns          260985 1c008726 a0f52753 feq.s            x14, f10, f15       x14=00000000 f10:3f2f2094 f15:00000000
15139494ns          260986 1c00872a 08071163 bne              x14, x0, 130        x14:00000000
15139514ns          260987 1c00872c a0f507d3 fle.s            x15, f10, f15       x15=00000000 f10:3f2f2094 f15:00000000
15139534ns          260988 1c008730 08079863 bne              x15, x0, 144        x15:00000000
15139554ns          260989 1c008732 a0a527d3 feq.s            x15, f10, f10       x15=00000001 f10:3f2f2094 f10:3f2f2094
15139574ns          260990 1c008736 08078563 beq              x15, x0, 138        x15:00000001
15139594ns          260991 1c008738 d17537b3 p.bclr           x15, x10, 8, 23     x15=002f2094 x10:3f2f2094
15139614ns          260992 1c00873c cb87c733 p.bset           x14, x15, 5, 24     x14=3f2f2094 x15:002f2094
15139634ns          260993 1c008740 1c0006b7 lui              x13, 0x1c000000     x13=1c000000
15139654ns          260994 1c008744 1c0007b7 lui              x15, 0x1c000000     x15=1c000000
15139673ns          260995 1c008748 1306a683 lw               x13, 304(x13)       x13=c13c5fa8 x13:1c000000  PA:1c000130
15139992ns          261011 1c00874c 12c7a783 lw               x15, 300(x15)       x15=3ff7d7e5 x15:1c000000  PA:1c00012c
15140310ns          261027 1c008750 41755513 srai             x10, x10, 0x417     x10=0000007e x10:3f2f2094
15140330ns          261028 1c008752 68e7f7c3 fmadd.s          f15, f15, f14, f13  f15=xxxxxxxx f15:3ff7d7e5 f14:3f2f2094 f13:c13c5fa8
15140350ns          261029 1c008756 1c0006b7 lui              x13, 0x1c000000     x13=1c000000
15140370ns          261030 1c00875a 1346a683 lw               x13, 308(x13)       x13=41fa6a03 x13:1c000000  PA:1c000134
15140668ns          261045 1c00875e f8250513 addi             x10, x10, -126      x10=00000000 x10:0000007e
15140688ns          261046 1c008762 68e7f7c3 fmadd.s          f15, f15, f14, f13  f15=xxxxxxxx f15:c1272e24 f14:3f2f2094 f13:41fa6a03
15140708ns          261047 1c008766 1c0006b7 lui              x13, 0x1c000000     x13=1c000000
15140728ns          261048 1c00876a 1386a683 lw               x13, 312(x13)       x13=c23f0e08 x13:1c000000  PA:1c000138
15141026ns          261063 1c00876e d0057553 fcvt.s.w         f10, x10            f10=xxxxxxxx x10:00000000
15141046ns          261064 1c008772 68e7f7c3 fmadd.s          f15, f15, f14, f13  f15=xxxxxxxx f15:41c13b1a f14:3f2f2094 f13:c23f0e08
15141066ns          261065 1c008776 1c0006b7 lui              x13, 0x1c000000     x13=1c000000
15141086ns          261066 1c00877a 13c6a683 lw               x13, 316(x13)       x13=42390412 x13:1c000000  PA:1c00013c
15141424ns          261083 1c00877e 68e7f7c3 fmadd.s          f15, f15, f14, f13  f15=xxxxxxxx f15:c1f9ec12 f14:3f2f2094 f13:42390412
15141444ns          261084 1c008782 1c0006b7 lui              x13, 0x1c000000     x13=1c000000
15141464ns          261085 1c008786 1406a683 lw               x13, 320(x13)       x13=c1efd21b x13:1c000000  PA:1c000140
15141782ns          261101 1c00878a 68e7f7c3 fmadd.s          f15, f15, f14, f13  f15=xxxxxxxx f15:41c70ff6 f14:3f2f2094 f13:c1efd21b
15141802ns          261102 1c00878e 1c0006b7 lui              x13, 0x1c000000     x13=1c000000
15141822ns          261103 1c008792 1446a683 lw               x13, 324(x13)       x13=41644a86 x13:1c000000  PA:1c000144
15142140ns          261119 1c008796 68e7f7c3 fmadd.s          f15, f15, f14, f13  f15=xxxxxxxx f15:c14f49ba f14:3f2f2094 f13:41644a86
15142160ns          261120 1c00879a 1c0006b7 lui              x13, 0x1c000000     x13=1c000000
15142180ns          261121 1c00879e 1486a683 lw               x13, 328(x13)       x13=c087dba8 x13:1c000000  PA:1c000148
15142498ns          261137 1c0087a2 68e7f7c3 fmadd.s          f15, f15, f14, f13  f15=xxxxxxxx f15:40acf97e f14:3f2f2094 f13:c087dba8
15142518ns          261138 1c0087a6 00a7f553 fadd.s           f10, f15, f10       f10=xxxxxxxx f15:bf0c38bd f10:00000000
15142538ns          261139 1c0087aa 00008067 jalr             x0, x1, 0            x1:1c0081c2
15142597ns          261142 1c0081c2 11557553 fmul.s           f10, f10, f21       f10=xxxxxxxx f10:bf0c38bd f21:3f317218
15142617ns          261143 1c0081c6 00a4222b p.sw             x10, 4(x8!)          x8=10000fcc x10:bec26372  x8:10000fc8  PA:10000fc8
15142637ns          261144 1c0081ca ff4419e3 bne              x8, x20, -14         x8:10000fcc x20:10000fd8
15142697ns          261147 1c0081bc 0049a50b p.lw             x10, 4(x19!)        x10=42236510 x19=1c010318 x19:1c010314  PA:1c010314
15142995ns          261162 1c0081c0 558000ef jal              x1, 1368             x1=1c0081c2
15143015ns          261163 1c008718 e00517d3 fclass.s         x15, f10            x15=00000040 f10:42236510
15143035ns          261164 1c00871c 0817f793 andi             x15, x15, 129       x15=00000000 x15:00000040
15143055ns          261165 1c008720 08079b63 bne              x15, x0, 150        x15:00000000
15143075ns          261166 1c008722 00000793 addi             x15, x0, 0          x15=00000000
15143095ns          261167 1c008726 a0f52753 feq.s            x14, f10, f15       x14=00000000 f10:42236510 f15:00000000
15143115ns          261168 1c00872a 08071163 bne              x14, x0, 130        x14:00000000
15143134ns          261169 1c00872c a0f507d3 fle.s            x15, f10, f15       x15=00000000 f10:42236510 f15:00000000
15143154ns          261170 1c008730 08079863 bne              x15, x0, 144        x15:00000000
15143174ns          261171 1c008732 a0a527d3 feq.s            x15, f10, f10       x15=00000001 f10:42236510 f10:42236510
15143194ns          261172 1c008736 08078563 beq              x15, x0, 138        x15:00000001
15143214ns          261173 1c008738 d17537b3 p.bclr           x15, x10, 8, 23     x15=00236510 x10:42236510
15143234ns          261174 1c00873c cb87c733 p.bset           x14, x15, 5, 24     x14=3f236510 x15:00236510
15143254ns          261175 1c008740 1c0006b7 lui              x13, 0x1c000000     x13=1c000000
15143274ns          261176 1c008744 1c0007b7 lui              x15, 0x1c000000     x15=1c000000
15143294ns          261177 1c008748 1306a683 lw               x13, 304(x13)       x13=c13c5fa8 x13:1c000000  PA:1c000130
15143592ns          261192 1c00874c 12c7a783 lw               x15, 300(x15)       x15=3ff7d7e5 x15:1c000000  PA:1c00012c
15143890ns          261207 1c008750 41755513 srai             x10, x10, 0x417     x10=00000084 x10:42236510
15143910ns          261208 1c008752 68e7f7c3 fmadd.s          f15, f15, f14, f13  f15=xxxxxxxx f15:3ff7d7e5 f14:3f236510 f13:c13c5fa8
15143930ns          261209 1c008756 1c0006b7 lui              x13, 0x1c000000     x13=1c000000
15143950ns          261210 1c00875a 1346a683 lw               x13, 308(x13)       x13=41fa6a03 x13:1c000000  PA:1c000134
15144248ns          261225 1c00875e f8250513 addi             x10, x10, -126      x10=00000006 x10:00000084
15144268ns          261226 1c008762 68e7f7c3 fmadd.s          f15, f15, f14, f13  f15=xxxxxxxx f15:c128999e f14:3f236510 f13:41fa6a03
15144288ns          261227 1c008766 1c0006b7 lui              x13, 0x1c000000     x13=1c000000
15144308ns          261228 1c00876a 1386a683 lw               x13, 312(x13)       x13=c23f0e08 x13:1c000000  PA:1c000138
15144646ns          261245 1c00876e d0057553 fcvt.s.w         f10, x10            f10=xxxxxxxx x10:00000006
15144666ns          261246 1c008772 68e7f7c3 fmadd.s          f15, f15, f14, f13  f15=xxxxxxxx f15:41c49bd4 f14:3f236510 f13:c23f0e08
15144686ns          261247 1c008776 1c0006b7 lui              x13, 0x1c000000     x13=1c000000
15144706ns          261248 1c00877a 13c6a683 lw               x13, 316(x13)       x13=42390412 x13:1c000000  PA:1c00013c
15145024ns          261264 1c00877e 68e7f7c3 fmadd.s          f15, f15, f14, f13  f15=xxxxxxxx f15:c2004f9d f14:3f236510 f13:42390412
15145044ns          261265 1c008782 1c0006b7 lui              x13, 0x1c000000     x13=1c000000
15145064ns          261266 1c008786 1406a683 lw               x13, 320(x13)       x13=c1efd21b x13:1c000000  PA:1c000140
15145382ns          261282 1c00878a 68e7f7c3 fmadd.s          f15, f15, f14, f13  f15=xxxxxxxx f15:41ce3d73 f14:3f236510 f13:c1efd21b
15145402ns          261283 1c00878e 1c0006b7 lui              x13, 0x1c000000     x13=1c000000
15145422ns          261284 1c008792 1446a683 lw               x13, 324(x13)       x13=41644a86 x13:1c000000  PA:1c000144
15145740ns          261300 1c008796 68e7f7c3 fmadd.s          f15, f15, f14, f13  f15=xxxxxxxx f15:c1585f1f f14:3f236510 f13:41644a86
15145760ns          261301 1c00879a 1c0006b7 lui              x13, 0x1c000000     x13=1c000000
15145780ns          261302 1c00879e 1486a683 lw               x13, 328(x13)       x13=c087dba8 x13:1c000000  PA:1c000148
15146098ns          261318 1c0087a2 68e7f7c3 fmadd.s          f15, f15, f14, f13  f15=xxxxxxxx f15:40b46114 f14:3f236510 f13:c087dba8
15146118ns          261319 1c0087a6 00a7f553 fadd.s           f10, f15, f10       f10=xxxxxxxx f15:bf25d516 f10:40c00000
15146138ns          261320 1c0087aa 00008067 jalr             x0, x1, 0            x1:1c0081c2
15146198ns          261323 1c0081c2 11557553 fmul.s           f10, f10, f21       f10=xxxxxxxx f10:40ab455d f21:3f317218
15146217ns          261324 1c0081c6 00a4222b p.sw             x10, 4(x8!)          x8=10000fd0 x10:406d6e94  x8:10000fcc  PA:10000fcc
15146237ns          261325 1c0081ca ff4419e3 bne              x8, x20, -14         x8:10000fd0 x20:10000fd8
15146297ns          261328 1c0081bc 0049a50b p.lw             x10, 4(x19!)        x10=424be8f4 x19=1c01031c x19:1c010318  PA:1c010318
15146595ns          261343 1c0081c0 558000ef jal              x1, 1368             x1=1c0081c2
15146615ns          261344 1c008718 e00517d3 fclass.s         x15, f10            x15=00000040 f10:424be8f4
15146635ns          261345 1c00871c 0817f793 andi             x15, x15, 129       x15=00000000 x15:00000040
15146655ns          261346 1c008720 08079b63 bne              x15, x0, 150        x15:00000000
15146675ns          261347 1c008722 00000793 addi             x15, x0, 0          x15=00000000
15146695ns          261348 1c008726 a0f52753 feq.s            x14, f10, f15       x14=00000000 f10:424be8f4 f15:00000000
15146715ns          261349 1c00872a 08071163 bne              x14, x0, 130        x14:00000000
15146735ns          261350 1c00872c a0f507d3 fle.s            x15, f10, f15       x15=00000000 f10:424be8f4 f15:00000000
15146755ns          261351 1c008730 08079863 bne              x15, x0, 144        x15:00000000
15146774ns          261352 1c008732 a0a527d3 feq.s            x15, f10, f10       x15=00000001 f10:424be8f4 f10:424be8f4
15146794ns          261353 1c008736 08078563 beq              x15, x0, 138        x15:00000001
15146814ns          261354 1c008738 d17537b3 p.bclr           x15, x10, 8, 23     x15=004be8f4 x10:424be8f4
15146834ns          261355 1c00873c cb87c733 p.bset           x14, x15, 5, 24     x14=3f4be8f4 x15:004be8f4
15146854ns          261356 1c008740 1c0006b7 lui              x13, 0x1c000000     x13=1c000000
15146874ns          261357 1c008744 1c0007b7 lui              x15, 0x1c000000     x15=1c000000
15146894ns          261358 1c008748 1306a683 lw               x13, 304(x13)       x13=c13c5fa8 x13:1c000000  PA:1c000130
15147192ns          261373 1c00874c 12c7a783 lw               x15, 300(x15)       x15=3ff7d7e5 x15:1c000000  PA:1c00012c
15147490ns          261388 1c008750 41755513 srai             x10, x10, 0x417     x10=00000084 x10:424be8f4
15147510ns          261389 1c008752 68e7f7c3 fmadd.s          f15, f15, f14, f13  f15=xxxxxxxx f15:3ff7d7e5 f14:3f4be8f4 f13:c13c5fa8
15147530ns          261390 1c008756 1c0006b7 lui              x13, 0x1c000000     x13=1c000000
15147550ns          261391 1c00875a 1346a683 lw               x13, 308(x13)       x13=41fa6a03 x13:1c000000  PA:1c000134
15147849ns          261406 1c00875e f8250513 addi             x10, x10, -126      x10=00000006 x10:00000084
15147868ns          261407 1c008762 68e7f7c3 fmadd.s          f15, f15, f14, f13  f15=xxxxxxxx f15:c123b271 f14:3f4be8f4 f13:41fa6a03
15147888ns          261408 1c008766 1c0006b7 lui              x13, 0x1c000000     x13=1c000000
15147908ns          261409 1c00876a 1386a683 lw               x13, 312(x13)       x13=c23f0e08 x13:1c000000  PA:1c000138
15148226ns          261425 1c00876e d0057553 fcvt.s.w         f10, x10            f10=xxxxxxxx x10:00000006
15148246ns          261426 1c008772 68e7f7c3 fmadd.s          f15, f15, f14, f13  f15=xxxxxxxx f15:41b93848 f14:3f4be8f4 f13:c23f0e08
15148266ns          261427 1c008776 1c0006b7 lui              x13, 0x1c000000     x13=1c000000
15148286ns          261428 1c00877a 13c6a683 lw               x13, 316(x13)       x13=42390412 x13:1c000000  PA:1c00013c
15148604ns          261444 1c00877e 68e7f7c3 fmadd.s          f15, f15, f14, f13  f15=xxxxxxxx f15:c1ea93e3 f14:3f4be8f4 f13:42390412
15148624ns          261445 1c008782 1c0006b7 lui              x13, 0x1c000000     x13=1c000000
15148644ns          261446 1c008786 1406a683 lw               x13, 320(x13)       x13=c1efd21b x13:1c000000  PA:1c000140
15148962ns          261462 1c00878a 68e7f7c3 fmadd.s          f15, f15, f14, f13  f15=xxxxxxxx f15:41b72f69 f14:3f4be8f4 f13:c1efd21b
15148982ns          261463 1c00878e 1c0006b7 lui              x13, 0x1c000000     x13=1c000000
15149002ns          261464 1c008792 1446a683 lw               x13, 324(x13)       x13=41644a86 x13:1c000000  PA:1c000144
15149340ns          261481 1c008796 68e7f7c3 fmadd.s          f15, f15, f14, f13  f15=xxxxxxxx f15:c13bd1a2 f14:3f4be8f4 f13:41644a86
15149360ns          261482 1c00879a 1c0006b7 lui              x13, 0x1c000000     x13=1c000000
15149380ns          261483 1c00879e 1486a683 lw               x13, 328(x13)       x13=c087dba8 x13:1c000000  PA:1c000148
15149698ns          261499 1c0087a2 68e7f7c3 fmadd.s          f15, f15, f14, f13  f15=xxxxxxxx f15:409d60c3 f14:3f4be8f4 f13:c087dba8
15149718ns          261500 1c0087a6 00a7f553 fadd.s           f10, f15, f10       f10=xxxxxxxx f15:bea80b7b f10:40c00000
15149738ns          261501 1c0087aa 00008067 jalr             x0, x1, 0            x1:1c0081c2
15149798ns          261504 1c0081c2 11557553 fmul.s           f10, f10, f21       f10=xxxxxxxx f10:40b57f48 f21:3f317218
15149818ns          261505 1c0081c6 00a4222b p.sw             x10, 4(x8!)          x8=10000fd4 x10:407b9bc9  x8:10000fd0  PA:10000fd0
15149838ns          261506 1c0081ca ff4419e3 bne              x8, x20, -14         x8:10000fd4 x20:10000fd8
15149897ns          261509 1c0081bc 0049a50b p.lw             x10, 4(x19!)        x10=42ae9cc2 x19=1c010320 x19:1c01031c  PA:1c01031c
15150196ns          261524 1c0081c0 558000ef jal              x1, 1368             x1=1c0081c2
15150216ns          261525 1c008718 e00517d3 fclass.s         x15, f10            x15=00000040 f10:42ae9cc2
15150235ns          261526 1c00871c 0817f793 andi             x15, x15, 129       x15=00000000 x15:00000040
15150255ns          261527 1c008720 08079b63 bne              x15, x0, 150        x15:00000000
15150275ns          261528 1c008722 00000793 addi             x15, x0, 0          x15=00000000
15150295ns          261529 1c008726 a0f52753 feq.s            x14, f10, f15       x14=00000000 f10:42ae9cc2 f15:00000000
15150315ns          261530 1c00872a 08071163 bne              x14, x0, 130        x14:00000000
15150335ns          261531 1c00872c a0f507d3 fle.s            x15, f10, f15       x15=00000000 f10:42ae9cc2 f15:00000000
15150355ns          261532 1c008730 08079863 bne              x15, x0, 144        x15:00000000
15150375ns          261533 1c008732 a0a527d3 feq.s            x15, f10, f10       x15=00000001 f10:42ae9cc2 f10:42ae9cc2
15150395ns          261534 1c008736 08078563 beq              x15, x0, 138        x15:00000001
15150414ns          261535 1c008738 d17537b3 p.bclr           x15, x10, 8, 23     x15=002e9cc2 x10:42ae9cc2
15150434ns          261536 1c00873c cb87c733 p.bset           x14, x15, 5, 24     x14=3f2e9cc2 x15:002e9cc2
15150454ns          261537 1c008740 1c0006b7 lui              x13, 0x1c000000     x13=1c000000
15150474ns          261538 1c008744 1c0007b7 lui              x15, 0x1c000000     x15=1c000000
15150494ns          261539 1c008748 1306a683 lw               x13, 304(x13)       x13=c13c5fa8 x13:1c000000  PA:1c000130
15150812ns          261555 1c00874c 12c7a783 lw               x15, 300(x15)       x15=3ff7d7e5 x15:1c000000  PA:1c00012c
15151111ns          261570 1c008750 41755513 srai             x10, x10, 0x417     x10=00000085 x10:42ae9cc2
15151130ns          261571 1c008752 68e7f7c3 fmadd.s          f15, f15, f14, f13  f15=xxxxxxxx f15:3ff7d7e5 f14:3f2e9cc2 f13:c13c5fa8
15151150ns          261572 1c008756 1c0006b7 lui              x13, 0x1c000000     x13=1c000000
15151170ns          261573 1c00875a 1346a683 lw               x13, 308(x13)       x13=41fa6a03 x13:1c000000  PA:1c000134
15151489ns          261589 1c00875e f8250513 addi             x10, x10, -126      x10=00000007 x10:00000085
15151508ns          261590 1c008762 68e7f7c3 fmadd.s          f15, f15, f14, f13  f15=xxxxxxxx f15:c1273e18 f14:3f2e9cc2 f13:41fa6a03
15151528ns          261591 1c008766 1c0006b7 lui              x13, 0x1c000000     x13=1c000000
15151548ns          261592 1c00876a 1386a683 lw               x13, 312(x13)       x13=c23f0e08 x13:1c000000  PA:1c000138
15151847ns          261607 1c00876e d0057553 fcvt.s.w         f10, x10            f10=xxxxxxxx x10:00000007
15151866ns          261608 1c008772 68e7f7c3 fmadd.s          f15, f15, f14, f13  f15=xxxxxxxx f15:41c160b5 f14:3f2e9cc2 f13:c23f0e08
15151886ns          261609 1c008776 1c0006b7 lui              x13, 0x1c000000     x13=1c000000
15151906ns          261610 1c00877a 13c6a683 lw               x13, 316(x13)       x13=42390412 x13:1c000000  PA:1c00013c
15152244ns          261627 1c00877e 68e7f7c3 fmadd.s          f15, f15, f14, f13  f15=xxxxxxxx f15:c1fa35ec f14:3f2e9cc2 f13:42390412
15152264ns          261628 1c008782 1c0006b7 lui              x13, 0x1c000000     x13=1c000000
15152284ns          261629 1c008786 1406a683 lw               x13, 320(x13)       x13=c1efd21b x13:1c000000  PA:1c000140
15152622ns          261646 1c00878a 68e7f7c3 fmadd.s          f15, f15, f14, f13  f15=xxxxxxxx f15:41c75e47 f14:3f2e9cc2 f13:c1efd21b
15152642ns          261647 1c00878e 1c0006b7 lui              x13, 0x1c000000     x13=1c000000
15152662ns          261648 1c008792 1446a683 lw               x13, 324(x13)       x13=41644a86 x13:1c000000  PA:1c000144
15152980ns          261664 1c008796 68e7f7c3 fmadd.s          f15, f15, f14, f13  f15=xxxxxxxx f15:c14fabe4 f14:3f2e9cc2 f13:41644a86
15153000ns          261665 1c00879a 1c0006b7 lui              x13, 0x1c000000     x13=1c000000
15153020ns          261666 1c00879e 1486a683 lw               x13, 328(x13)       x13=c087dba8 x13:1c000000  PA:1c000148
15153338ns          261682 1c0087a2 68e7f7c3 fmadd.s          f15, f15, f14, f13  f15=xxxxxxxx f15:40ad490e f14:3f2e9cc2 f13:c087dba8
15153358ns          261683 1c0087a6 00a7f553 fadd.s           f10, f15, f10       f10=xxxxxxxx f15:bf0d4f25 f10:40e00000
15153378ns          261684 1c0087aa 00008067 jalr             x0, x1, 0            x1:1c0081c2
15153438ns          261687 1c0081c2 11557553 fmul.s           f10, f10, f21       f10=xxxxxxxx f10:40ce561b f21:3f317218
15153458ns          261688 1c0081c6 00a4222b p.sw             x10, 4(x8!)          x8=10000fd8 x10:408f057e  x8:10000fd4  PA:10000fd4
15153478ns          261689 1c0081ca ff4419e3 bne              x8, x20, -14         x8:10000fd8 x20:10000fd8
15153497ns          261690 1c0081ce 787010ef jal              x1, 8070             x1=1c0081d2
15153577ns          261694 1c00a154 f14027f3 csrrs            x15, x0, 0xf14      x15=00000001
15153617ns          261696 1c00a158 01f00713 addi             x14, x0, 31         x14=0000001f
15153637ns          261697 1c00a15a ca5797b3 p.extractu       x15, x15, 5, 5      x15=00000000 x15:00000001
15153657ns          261698 1c00a15e 00e78863 beq              x15, x14, 16        x15:00000000 x14:0000001f
15153677ns          261699 1c00a162 002047b7 lui              x15, 0x204000       x15=00204000
15153696ns          261700 1c00a166 20078793 addi             x15, x15, 512       x15=00204200 x15:00204000
15153716ns          261701 1c00a16a 01c7e703 p.elw            x14, 28(x15)        x14=00010000 x15:00204200  PA:0020421c
15153955ns          261713 1c00a16e 00008067 jalr             x0, x1, 0            x1:1c0081d2
15154015ns          261716 1c0081d2 f14027f3 csrrs            x15, x0, 0xf14      x15=00000001
15154035ns          261717 1c0081d6 f457b7b3 p.bclr           x15, x15, 26, 5     x15=00000001 x15:00000001
15154054ns          261718 1c0081da 26078363 beq              x15, x0, 614        x15:00000001
15154532ns          261742 1c0081de 777010ef jal              x1, 8054             x1=1c0081e2
15154572ns          261744 1c00a154 f14027f3 csrrs            x15, x0, 0xf14      x15=00000001
15154591ns          261745 1c00a158 01f00713 addi             x14, x0, 31         x14=0000001f
15154611ns          261746 1c00a15a ca5797b3 p.extractu       x15, x15, 5, 5      x15=00000000 x15:00000001
15154631ns          261747 1c00a15e 00e78863 beq              x15, x14, 16        x15:00000000 x14:0000001f
15154651ns          261748 1c00a162 002047b7 lui              x15, 0x204000       x15=00204000
15154671ns          261749 1c00a166 20078793 addi             x15, x15, 512       x15=00204200 x15:00204000
15154691ns          261750 1c00a16a 01c7e703 p.elw            x14, 28(x15)        x14=00010000 x15:00204200  PA:0020421c
15788838ns          293533 1c00a16e 00008067 jalr             x0, x1, 0            x1:1c0081e2
15788878ns          293535 1c0081e2 00410613 addi             x12, x2, 4          x12=10000e4c  x2:10000e48
15788898ns          293536 1c0081e4 40c407b3 sub              x15, x8, x12        x15=0000018c  x8:10000fd8 x12:10000e4c
15788918ns          293537 1c0081e8 00012683 lw               x13, 0(x2)          x13=406cbca8  x2:10000e48  PA:10000e48
15788958ns          293539 1c0081ea ffc78793 addi             x15, x15, -4        x15=00000188 x15:0000018c
15788979ns          293540 1c0081ec 0027d793 srli             x15, x15, 0x2       x15=00000062 x15:00000188
15788999ns          293541 1c0081ee 00c00733 add              x14, x0, x12        x14=10000e4c x12:10000e4c
15789420ns          293562 1c0081f0 00d009b3 add              x19, x0, x13        x19=406cbca8 x13:406cbca8
15789440ns          293563 1c0081f2 00178793 addi             x15, x15, 1         x15=00000063 x15:00000062
15789460ns          293564 1c0081f4 0047c0fb lp.setup         0x1, x15, 0x4       x15:00000063
15789480ns          293565 1c0081f8 0047258b p.lw             x11, 4(x14!)        x11=407be2df x14=10000e50 x14:10000e4c  PA:10000e4c
15789520ns          293567 1c0081fc 00b9f9d3 fadd.s           f19, f19, f11       f19=xxxxxxxx f19:406cbca8 f11:407be2df
15789540ns          293568 1c0081f8 0047258b p.lw             x11, 4(x14!)        x11=40715246 x14=10000e54 x14:10000e50  PA:10000e50
15789581ns          293570 1c0081fc 00b9f9d3 fadd.s           f19, f19, f11       f19=xxxxxxxx f19:40f44fc4 f11:40715246
15790022ns          293592 1c0081f8 0047258b p.lw             x11, 4(x14!)        x11=408bfe4c x14=10000e58 x14:10000e54  PA:10000e54
15790062ns          293594 1c0081fc 00b9f9d3 fadd.s           f19, f19, f11       f19=xxxxxxxx f19:41367c74 f11:408bfe4c
15790082ns          293595 1c0081f8 0047258b p.lw             x11, 4(x14!)        x11=40401434 x14=10000e5c x14:10000e58  PA:10000e58
15790122ns          293597 1c0081fc 00b9f9d3 fadd.s           f19, f19, f11       f19=xxxxxxxx f19:417c7b9a f11:40401434
15790142ns          293598 1c0081f8 0047258b p.lw             x11, 4(x14!)        x11=4083624e x14=10000e60 x14:10000e5c  PA:10000e5c
15790182ns          293600 1c0081fc 00b9f9d3 fadd.s           f19, f19, f11       f19=xxxxxxxx f19:41964054 f11:4083624e
15790203ns          293601 1c0081f8 0047258b p.lw             x11, 4(x14!)        x11=407da2c6 x14=10000e64 x14:10000e60  PA:10000e60
15790243ns          293603 1c0081fc 00b9f9d3 fadd.s           f19, f19, f11       f19=xxxxxxxx f19:41b718e8 f11:407da2c6
15790263ns          293604 1c0081f8 0047258b p.lw             x11, 4(x14!)        x11=406251a9 x14=10000e68 x14:10000e64  PA:10000e64
15790303ns          293606 1c0081fc 00b9f9d3 fadd.s           f19, f19, f11       f19=xxxxxxxx f19:41d6cd41 f11:406251a9
15790323ns          293607 1c0081f8 0047258b p.lw             x11, 4(x14!)        x11=40892302 x14=10000e6c x14:10000e68  PA:10000e68
15790363ns          293609 1c0081fc 00b9f9d3 fadd.s           f19, f19, f11       f19=xxxxxxxx f19:41f31776 f11:40892302
15790383ns          293610 1c0081f8 0047258b p.lw             x11, 4(x14!)        x11=408b2196 x14=10000e70 x14:10000e6c  PA:10000e6c
15790423ns          293612 1c0081fc 00b9f9d3 fadd.s           f19, f19, f11       f19=xxxxxxxx f19:420ab01b f11:408b2196
15790443ns          293613 1c0081f8 0047258b p.lw             x11, 4(x14!)        x11=4046e095 x14=10000e74 x14:10000e70  PA:10000e70
15790483ns          293615 1c0081fc 00b9f9d3 fadd.s           f19, f19, f11       f19=xxxxxxxx f19:421c144e f11:4046e095
15790504ns          293616 1c0081f8 0047258b p.lw             x11, 4(x14!)        x11=4092ac36 x14=10000e78 x14:10000e74  PA:10000e74
15790544ns          293618 1c0081fc 00b9f9d3 fadd.s           f19, f19, f11       f19=xxxxxxxx f19:42288257 f11:4092ac36
15790564ns          293619 1c0081f8 0047258b p.lw             x11, 4(x14!)        x11=4075bdc6 x14=10000e7c x14:10000e78  PA:10000e78
15790604ns          293621 1c0081fc 00b9f9d3 fadd.s           f19, f19, f11       f19=xxxxxxxx f19:423ad7de f11:4075bdc6
15790624ns          293622 1c0081f8 0047258b p.lw             x11, 4(x14!)        x11=406226dc x14=10000e80 x14:10000e7c  PA:10000e7c
15790664ns          293624 1c0081fc 00b9f9d3 fadd.s           f19, f19, f11       f19=xxxxxxxx f19:424a33ba f11:406226dc
15790684ns          293625 1c0081f8 0047258b p.lw             x11, 4(x14!)        x11=3f04b48f x14=10000e84 x14:10000e80  PA:10000e80
15790724ns          293627 1c0081fc 00b9f9d3 fadd.s           f19, f19, f11       f19=xxxxxxxx f19:42585628 f11:3f04b48f
15790744ns          293628 1c0081f8 0047258b p.lw             x11, 4(x14!)        x11=405c586c x14=10000e88 x14:10000e84  PA:10000e84
15790784ns          293630 1c0081fc 00b9f9d3 fadd.s           f19, f19, f11       f19=xxxxxxxx f19:425a68fa f11:405c586c
15790804ns          293631 1c0081f8 0047258b p.lw             x11, 4(x14!)        x11=40639a3a x14=10000e8c x14:10000e88  PA:10000e88
15790845ns          293633 1c0081fc 00b9f9d3 fadd.s           f19, f19, f11       f19=xxxxxxxx f19:42682e81 f11:40639a3a
15790865ns          293634 1c0081f8 0047258b p.lw             x11, 4(x14!)        x11=4052a908 x14=10000e90 x14:10000e8c  PA:10000e8c
15790905ns          293636 1c0081fc 00b9f9d3 fadd.s           f19, f19, f11       f19=xxxxxxxx f19:42766825 f11:4052a908
15790925ns          293637 1c0081f8 0047258b p.lw             x11, 4(x14!)        x11=408b78eb x14=10000e94 x14:10000e90  PA:10000e90
15790965ns          293639 1c0081fc 00b9f9d3 fadd.s           f19, f19, f11       f19=xxxxxxxx f19:4281c95b f11:408b78eb
15790985ns          293640 1c0081f8 0047258b p.lw             x11, 4(x14!)        x11=407158a9 x14=10000e98 x14:10000e94  PA:10000e94
15791025ns          293642 1c0081fc 00b9f9d3 fadd.s           f19, f19, f11       f19=xxxxxxxx f19:428a80ea f11:407158a9
15791045ns          293643 1c0081f8 0047258b p.lw             x11, 4(x14!)        x11=3fdbfb3c x14=10000e9c x14:10000e98  PA:10000e98
15791085ns          293645 1c0081fc 00b9f9d3 fadd.s           f19, f19, f11       f19=xxxxxxxx f19:42920baf f11:3fdbfb3c
15791105ns          293646 1c0081f8 0047258b p.lw             x11, 4(x14!)        x11=40526719 x14=10000ea0 x14:10000e9c  PA:10000e9c
15791146ns          293648 1c0081fc 00b9f9d3 fadd.s           f19, f19, f11       f19=xxxxxxxx f19:42957b9c f11:40526719
15791166ns          293649 1c0081f8 0047258b p.lw             x11, 4(x14!)        x11=40390da7 x14=10000ea4 x14:10000ea0  PA:10000ea0
15791206ns          293651 1c0081fc 00b9f9d3 fadd.s           f19, f19, f11       f19=xxxxxxxx f19:429c0ed5 f11:40390da7
15791226ns          293652 1c0081f8 0047258b p.lw             x11, 4(x14!)        x11=40887854 x14=10000ea8 x14:10000ea4  PA:10000ea4
15791266ns          293654 1c0081fc 00b9f9d3 fadd.s           f19, f19, f11       f19=xxxxxxxx f19:42a1d742 f11:40887854
15791286ns          293655 1c0081f8 0047258b p.lw             x11, 4(x14!)        x11=408b6ca3 x14=10000eac x14:10000ea8  PA:10000ea8
15791326ns          293657 1c0081fc 00b9f9d3 fadd.s           f19, f19, f11       f19=xxxxxxxx f19:42aa5ec7 f11:408b6ca3
15791346ns          293658 1c0081f8 0047258b p.lw             x11, 4(x14!)        x11=403d3253 x14=10000eb0 x14:10000eac  PA:10000eac
15791386ns          293660 1c0081fc 00b9f9d3 fadd.s           f19, f19, f11       f19=xxxxxxxx f19:42b31591 f11:403d3253
15791406ns          293661 1c0081f8 0047258b p.lw             x11, 4(x14!)        x11=404e682b x14=10000eb4 x14:10000eb0  PA:10000eb0
15791447ns          293663 1c0081fc 00b9f9d3 fadd.s           f19, f19, f11       f19=xxxxxxxx f19:42b8ff24 f11:404e682b
15791467ns          293664 1c0081f8 0047258b p.lw             x11, 4(x14!)        x11=408f4a39 x14=10000eb8 x14:10000eb4  PA:10000eb4
15791507ns          293666 1c0081fc 00b9f9d3 fadd.s           f19, f19, f11       f19=xxxxxxxx f19:42bf7265 f11:408f4a39
15791527ns          293667 1c0081f8 0047258b p.lw             x11, 4(x14!)        x11=408fe9aa x14=10000ebc x14:10000eb8  PA:10000eb8
15791567ns          293669 1c0081fc 00b9f9d3 fadd.s           f19, f19, f11       f19=xxxxxxxx f19:42c86709 f11:408fe9aa
15791587ns          293670 1c0081f8 0047258b p.lw             x11, 4(x14!)        x11=4078ca3e x14=10000ec0 x14:10000ebc  PA:10000ebc
15791627ns          293672 1c0081fc 00b9f9d3 fadd.s           f19, f19, f11       f19=xxxxxxxx f19:42d165a4 f11:4078ca3e
15791647ns          293673 1c0081f8 0047258b p.lw             x11, 4(x14!)        x11=408b59b6 x14=10000ec4 x14:10000ec0  PA:10000ec0
15791687ns          293675 1c0081fc 00b9f9d3 fadd.s           f19, f19, f11       f19=xxxxxxxx f19:42d92bf6 f11:408b59b6
15791707ns          293676 1c0081f8 0047258b p.lw             x11, 4(x14!)        x11=407d4ab5 x14=10000ec8 x14:10000ec4  PA:10000ec4
15791748ns          293678 1c0081fc 00b9f9d3 fadd.s           f19, f19, f11       f19=xxxxxxxx f19:42e1e191 f11:407d4ab5
15791768ns          293679 1c0081f8 0047258b p.lw             x11, 4(x14!)        x11=408dc085 x14=10000ecc x14:10000ec8  PA:10000ec8
15791808ns          293681 1c0081fc 00b9f9d3 fadd.s           f19, f19, f11       f19=xxxxxxxx f19:42e9cbe7 f11:408dc085
15791828ns          293682 1c0081f8 0047258b p.lw             x11, 4(x14!)        x11=4027e945 x14=10000ed0 x14:10000ecc  PA:10000ecc
15791868ns          293684 1c0081fc 00b9f9d3 fadd.s           f19, f19, f11       f19=xxxxxxxx f19:42f2a7ef f11:4027e945
15791888ns          293685 1c0081f8 0047258b p.lw             x11, 4(x14!)        x11=4084c010 x14=10000ed4 x14:10000ed0  PA:10000ed0
15791928ns          293687 1c0081fc 00b9f9d3 fadd.s           f19, f19, f11       f19=xxxxxxxx f19:42f7e739 f11:4084c010
15791948ns          293688 1c0081f8 0047258b p.lw             x11, 4(x14!)        x11=408cfe13 x14=10000ed8 x14:10000ed4  PA:10000ed4
15791988ns          293690 1c0081fc 00b9f9d3 fadd.s           f19, f19, f11       f19=xxxxxxxx f19:4300199d f11:408cfe13
15792008ns          293691 1c0081f8 0047258b p.lw             x11, 4(x14!)        x11=4018378a x14=10000edc x14:10000ed8  PA:10000ed8
15792049ns          293693 1c0081fc 00b9f9d3 fadd.s           f19, f19, f11       f19=xxxxxxxx f19:4304818e f11:4018378a
15792069ns          293694 1c0081f8 0047258b p.lw             x11, 4(x14!)        x11=408714f8 x14=10000ee0 x14:10000edc  PA:10000edc
15792109ns          293696 1c0081fc 00b9f9d3 fadd.s           f19, f19, f11       f19=xxxxxxxx f19:4306e26c f11:408714f8
15792129ns          293697 1c0081f8 0047258b p.lw             x11, 4(x14!)        x11=3ff25db9 x14=10000ee4 x14:10000ee0  PA:10000ee0
15792169ns          293699 1c0081fc 00b9f9d3 fadd.s           f19, f19, f11       f19=xxxxxxxx f19:430b1b14 f11:3ff25db9
15792189ns          293700 1c0081f8 0047258b p.lw             x11, 4(x14!)        x11=4089b185 x14=10000ee8 x14:10000ee4  PA:10000ee4
15792229ns          293702 1c0081fc 00b9f9d3 fadd.s           f19, f19, f11       f19=xxxxxxxx f19:430cffcf f11:4089b185
15792249ns          293703 1c0081f8 0047258b p.lw             x11, 4(x14!)        x11=40934c19 x14=10000eec x14:10000ee8  PA:10000ee8
15792289ns          293705 1c0081fc 00b9f9d3 fadd.s           f19, f19, f11       f19=xxxxxxxx f19:43114d5b f11:40934c19
15792309ns          293706 1c0081f8 0047258b p.lw             x11, 4(x14!)        x11=40863a5d x14=10000ef0 x14:10000eec  PA:10000eec
15792350ns          293708 1c0081fc 00b9f9d3 fadd.s           f19, f19, f11       f19=xxxxxxxx f19:4315e7bc f11:40863a5d
15792370ns          293709 1c0081f8 0047258b p.lw             x11, 4(x14!)        x11=4093095a x14=10000ef4 x14:10000ef0  PA:10000ef0
15792410ns          293711 1c0081fc 00b9f9d3 fadd.s           f19, f19, f11       f19=xxxxxxxx f19:431a198f f11:4093095a
15792430ns          293712 1c0081f8 0047258b p.lw             x11, 4(x14!)        x11=408a5838 x14=10000ef8 x14:10000ef4  PA:10000ef4
15792470ns          293714 1c0081fc 00b9f9d3 fadd.s           f19, f19, f11       f19=xxxxxxxx f19:431eb1da f11:408a5838
15792490ns          293715 1c0081f8 0047258b p.lw             x11, 4(x14!)        x11=40589416 x14=10000efc x14:10000ef8  PA:10000ef8
15792530ns          293717 1c0081fc 00b9f9d3 fadd.s           f19, f19, f11       f19=xxxxxxxx f19:4323049c f11:40589416
15792550ns          293718 1c0081f8 0047258b p.lw             x11, 4(x14!)        x11=408b713c x14=10000f00 x14:10000efc  PA:10000efc
15792590ns          293720 1c0081fc 00b9f9d3 fadd.s           f19, f19, f11       f19=xxxxxxxx f19:432666ec f11:408b713c
15792610ns          293721 1c0081f8 0047258b p.lw             x11, 4(x14!)        x11=4072d802 x14=10000f04 x14:10000f00  PA:10000f00
15792651ns          293723 1c0081fc 00b9f9d3 fadd.s           f19, f19, f11       f19=xxxxxxxx f19:432ac276 f11:4072d802
15792671ns          293724 1c0081f8 0047258b p.lw             x11, 4(x14!)        x11=3fbf5654 x14=10000f08 x14:10000f04  PA:10000f04
15792711ns          293726 1c0081fc 00b9f9d3 fadd.s           f19, f19, f11       f19=xxxxxxxx f19:432e8dd6 f11:3fbf5654
15792731ns          293727 1c0081f8 0047258b p.lw             x11, 4(x14!)        x11=407f1ab1 x14=10000f0c x14:10000f08  PA:10000f08
15792771ns          293729 1c0081fc 00b9f9d3 fadd.s           f19, f19, f11       f19=xxxxxxxx f19:43300c83 f11:407f1ab1
15792791ns          293730 1c0081f8 0047258b p.lw             x11, 4(x14!)        x11=4091cc7f x14=10000f10 x14:10000f0c  PA:10000f0c
15792831ns          293732 1c0081fc 00b9f9d3 fadd.s           f19, f19, f11       f19=xxxxxxxx f19:433408ee f11:4091cc7f
15792851ns          293733 1c0081f8 0047258b p.lw             x11, 4(x14!)        x11=401fccb2 x14=10000f14 x14:10000f10  PA:10000f10
15792891ns          293735 1c0081fc 00b9f9d3 fadd.s           f19, f19, f11       f19=xxxxxxxx f19:43389752 f11:401fccb2
15792911ns          293736 1c0081f8 0047258b p.lw             x11, 4(x14!)        x11=40852b4a x14=10000f18 x14:10000f14  PA:10000f14
15792951ns          293738 1c0081fc 00b9f9d3 fadd.s           f19, f19, f11       f19=xxxxxxxx f19:433b1685 f11:40852b4a
15792972ns          293739 1c0081f8 0047258b p.lw             x11, 4(x14!)        x11=4046badc x14=10000f1c x14:10000f18  PA:10000f18
15793012ns          293741 1c0081fc 00b9f9d3 fadd.s           f19, f19, f11       f19=xxxxxxxx f19:433f3fdf f11:4046badc
15793032ns          293742 1c0081f8 0047258b p.lw             x11, 4(x14!)        x11=406899b5 x14=10000f20 x14:10000f1c  PA:10000f1c
15793072ns          293744 1c0081fc 00b9f9d3 fadd.s           f19, f19, f11       f19=xxxxxxxx f19:43425aca f11:406899b5
15793092ns          293745 1c0081f8 0047258b p.lw             x11, 4(x14!)        x11=40756e4a x14=10000f24 x14:10000f20  PA:10000f20
15793132ns          293747 1c0081fc 00b9f9d3 fadd.s           f19, f19, f11       f19=xxxxxxxx f19:4345fd31 f11:40756e4a
15793152ns          293748 1c0081f8 0047258b p.lw             x11, 4(x14!)        x11=4070ce9b x14=10000f28 x14:10000f24  PA:10000f24
15793192ns          293750 1c0081fc 00b9f9d3 fadd.s           f19, f19, f11       f19=xxxxxxxx f19:4349d2ea f11:4070ce9b
15793212ns          293751 1c0081f8 0047258b p.lw             x11, 4(x14!)        x11=408fc5f5 x14=10000f2c x14:10000f28  PA:10000f28
15793252ns          293753 1c0081fc 00b9f9d3 fadd.s           f19, f19, f11       f19=xxxxxxxx f19:434d9624 f11:408fc5f5
15793273ns          293754 1c0081f8 0047258b p.lw             x11, 4(x14!)        x11=407bcd65 x14=10000f30 x14:10000f2c  PA:10000f2c
15793313ns          293756 1c0081fc 00b9f9d3 fadd.s           f19, f19, f11       f19=xxxxxxxx f19:43521454 f11:407bcd65
15793333ns          293757 1c0081f8 0047258b p.lw             x11, 4(x14!)        x11=4079dbe0 x14=10000f34 x14:10000f30  PA:10000f30
15793373ns          293759 1c0081fc 00b9f9d3 fadd.s           f19, f19, f11       f19=xxxxxxxx f19:4356038a f11:4079dbe0
15793393ns          293760 1c0081f8 0047258b p.lw             x11, 4(x14!)        x11=406bc587 x14=10000f38 x14:10000f34  PA:10000f34
15793433ns          293762 1c0081fc 00b9f9d3 fadd.s           f19, f19, f11       f19=xxxxxxxx f19:4359eafa f11:406bc587
15793453ns          293763 1c0081f8 0047258b p.lw             x11, 4(x14!)        x11=408c46d7 x14=10000f3c x14:10000f38  PA:10000f38
15793493ns          293765 1c0081fc 00b9f9d3 fadd.s           f19, f19, f11       f19=xxxxxxxx f19:435d9a10 f11:408c46d7
15793513ns          293766 1c0081f8 0047258b p.lw             x11, 4(x14!)        x11=408bc9f5 x14=10000f40 x14:10000f3c  PA:10000f3c
15793553ns          293768 1c0081fc 00b9f9d3 fadd.s           f19, f19, f11       f19=xxxxxxxx f19:4361fc47 f11:408bc9f5
15793574ns          293769 1c0081f8 0047258b p.lw             x11, 4(x14!)        x11=408c9c3e x14=10000f44 x14:10000f40  PA:10000f40
15793614ns          293771 1c0081fc 00b9f9d3 fadd.s           f19, f19, f11       f19=xxxxxxxx f19:43665a97 f11:408c9c3e
15793634ns          293772 1c0081f8 0047258b p.lw             x11, 4(x14!)        x11=40857088 x14=10000f48 x14:10000f44  PA:10000f44
15793674ns          293774 1c0081fc 00b9f9d3 fadd.s           f19, f19, f11       f19=xxxxxxxx f19:436abf79 f11:40857088
15793694ns          293775 1c0081f8 0047258b p.lw             x11, 4(x14!)        x11=40770fe5 x14=10000f4c x14:10000f48  PA:10000f48
15793734ns          293777 1c0081fc 00b9f9d3 fadd.s           f19, f19, f11       f19=xxxxxxxx f19:436eeafd f11:40770fe5
15793754ns          293778 1c0081f8 0047258b p.lw             x11, 4(x14!)        x11=4058c5b0 x14=10000f50 x14:10000f4c  PA:10000f4c
15793794ns          293780 1c0081fc 00b9f9d3 fadd.s           f19, f19, f11       f19=xxxxxxxx f19:4372c73d f11:4058c5b0
15793814ns          293781 1c0081f8 0047258b p.lw             x11, 4(x14!)        x11=4053c39b x14=10000f54 x14:10000f50  PA:10000f50
15793854ns          293783 1c0081fc 00b9f9d3 fadd.s           f19, f19, f11       f19=xxxxxxxx f19:43762a54 f11:4053c39b
15793874ns          293784 1c0081f8 0047258b p.lw             x11, 4(x14!)        x11=4090b083 x14=10000f58 x14:10000f54  PA:10000f54
15793915ns          293786 1c0081fc 00b9f9d3 fadd.s           f19, f19, f11       f19=xxxxxxxx f19:43797962 f11:4090b083
15793935ns          293787 1c0081f8 0047258b p.lw             x11, 4(x14!)        x11=be65762a x14=10000f5c x14:10000f58  PA:10000f58
15793975ns          293789 1c0081fc 00b9f9d3 fadd.s           f19, f19, f11       f19=xxxxxxxx f19:437dfee6 f11:be65762a
15793995ns          293790 1c0081f8 0047258b p.lw             x11, 4(x14!)        x11=407d7b4f x14=10000f60 x14:10000f5c  PA:10000f5c
15794035ns          293792 1c0081fc 00b9f9d3 fadd.s           f19, f19, f11       f19=xxxxxxxx f19:437dc588 f11:407d7b4f
15794055ns          293793 1c0081f8 0047258b p.lw             x11, 4(x14!)        x11=4075f971 x14=10000f64 x14:10000f60  PA:10000f60
15794095ns          293795 1c0081fc 00b9f9d3 fadd.s           f19, f19, f11       f19=xxxxxxxx f19:4380ddbb f11:4075f971
15794115ns          293796 1c0081f8 0047258b p.lw             x11, 4(x14!)        x11=405045de x14=10000f68 x14:10000f64  PA:10000f64
15794155ns          293798 1c0081fc 00b9f9d3 fadd.s           f19, f19, f11       f19=xxxxxxxx f19:4382c9ae f11:405045de
15794175ns          293799 1c0081f8 0047258b p.lw             x11, 4(x14!)        x11=4010a753 x14=10000f6c x14:10000f68  PA:10000f68
15794216ns          293801 1c0081fc 00b9f9d3 fadd.s           f19, f19, f11       f19=xxxxxxxx f19:43846a3a f11:4010a753
15794236ns          293802 1c0081f8 0047258b p.lw             x11, 4(x14!)        x11=4068e029 x14=10000f70 x14:10000f6c  PA:10000f6c
15794276ns          293804 1c0081fc 00b9f9d3 fadd.s           f19, f19, f11       f19=xxxxxxxx f19:43858b89 f11:4068e029
15794296ns          293805 1c0081f8 0047258b p.lw             x11, 4(x14!)        x11=408996c9 x14=10000f74 x14:10000f70  PA:10000f70
15794336ns          293807 1c0081fc 00b9f9d3 fadd.s           f19, f19, f11       f19=xxxxxxxx f19:43875d49 f11:408996c9
15794356ns          293808 1c0081f8 0047258b p.lw             x11, 4(x14!)        x11=405f596b x14=10000f78 x14:10000f74  PA:10000f74
15794396ns          293810 1c0081fc 00b9f9d3 fadd.s           f19, f19, f11       f19=xxxxxxxx f19:438983a4 f11:405f596b
15794416ns          293811 1c0081f8 0047258b p.lw             x11, 4(x14!)        x11=407272c9 x14=10000f7c x14:10000f78  PA:10000f78
15794456ns          293813 1c0081fc 00b9f9d3 fadd.s           f19, f19, f11       f19=xxxxxxxx f19:438b4257 f11:407272c9
15794476ns          293814 1c0081f8 0047258b p.lw             x11, 4(x14!)        x11=400ec99c x14=10000f80 x14:10000f7c  PA:10000f7c
15794517ns          293816 1c0081fc 00b9f9d3 fadd.s           f19, f19, f11       f19=xxxxxxxx f19:438d273d f11:400ec99c
15794537ns          293817 1c0081f8 0047258b p.lw             x11, 4(x14!)        x11=3fad19c8 x14=10000f84 x14:10000f80  PA:10000f80
15794577ns          293819 1c0081fc 00b9f9d3 fadd.s           f19, f19, f11       f19=xxxxxxxx f19:438e44d0 f11:3fad19c8
15794597ns          293820 1c0081f8 0047258b p.lw             x11, 4(x14!)        x11=4077723f x14=10000f88 x14:10000f84  PA:10000f84
15794637ns          293822 1c0081fc 00b9f9d3 fadd.s           f19, f19, f11       f19=xxxxxxxx f19:438ef1ea f11:4077723f
15794657ns          293823 1c0081f8 0047258b p.lw             x11, 4(x14!)        x11=4070ffea x14=10000f8c x14:10000f88  PA:10000f88
15794697ns          293825 1c0081fc 00b9f9d3 fadd.s           f19, f19, f11       f19=xxxxxxxx f19:4390e0ce f11:4070ffea
15794717ns          293826 1c0081f8 0047258b p.lw             x11, 4(x14!)        x11=409231ce x14=10000f90 x14:10000f8c  PA:10000f8c
15794757ns          293828 1c0081fc 00b9f9d3 fadd.s           f19, f19, f11       f19=xxxxxxxx f19:4392c2ce f11:409231ce
15794777ns          293829 1c0081f8 0047258b p.lw             x11, 4(x14!)        x11=40700873 x14=10000f94 x14:10000f90  PA:10000f90
15794818ns          293831 1c0081fc 00b9f9d3 fadd.s           f19, f19, f11       f19=xxxxxxxx f19:43950b95 f11:40700873
15794838ns          293832 1c0081f8 0047258b p.lw             x11, 4(x14!)        x11=4090b296 x14=10000f98 x14:10000f94  PA:10000f94
15794878ns          293834 1c0081fc 00b9f9d3 fadd.s           f19, f19, f11       f19=xxxxxxxx f19:4396eba6 f11:4090b296
15794898ns          293835 1c0081f8 0047258b p.lw             x11, 4(x14!)        x11=40869d36 x14=10000f9c x14:10000f98  PA:10000f98
15794938ns          293837 1c0081fc 00b9f9d3 fadd.s           f19, f19, f11       f19=xxxxxxxx f19:43992e70 f11:40869d36
15794958ns          293838 1c0081f8 0047258b p.lw             x11, 4(x14!)        x11=407378f7 x14=10000fa0 x14:10000f9c  PA:10000f9c
15794998ns          293840 1c0081fc 00b9f9d3 fadd.s           f19, f19, f11       f19=xxxxxxxx f19:439b48e5 f11:407378f7
15795018ns          293841 1c0081f8 0047258b p.lw             x11, 4(x14!)        x11=406b1308 x14=10000fa4 x14:10000fa0  PA:10000fa0
15795058ns          293843 1c0081fc 00b9f9d3 fadd.s           f19, f19, f11       f19=xxxxxxxx f19:439d2fd7 f11:406b1308
15795078ns          293844 1c0081f8 0047258b p.lw             x11, 4(x14!)        x11=408fb07e x14=10000fa8 x14:10000fa4  PA:10000fa4
15795119ns          293846 1c0081fc 00b9f9d3 fadd.s           f19, f19, f11       f19=xxxxxxxx f19:439f05fd f11:408fb07e
15795139ns          293847 1c0081f8 0047258b p.lw             x11, 4(x14!)        x11=40820cd6 x14=10000fac x14:10000fa8  PA:10000fa8
15795179ns          293849 1c0081fc 00b9f9d3 fadd.s           f19, f19, f11       f19=xxxxxxxx f19:43a144bf f11:40820cd6
15795199ns          293850 1c0081f8 0047258b p.lw             x11, 4(x14!)        x11=4082c30b x14=10000fb0 x14:10000fac  PA:10000fac
15795239ns          293852 1c0081fc 00b9f9d3 fadd.s           f19, f19, f11       f19=xxxxxxxx f19:43a34cf2 f11:4082c30b
15795259ns          293853 1c0081f8 0047258b p.lw             x11, 4(x14!)        x11=408e5e76 x14=10000fb4 x14:10000fb0  PA:10000fb0
15795299ns          293855 1c0081fc 00b9f9d3 fadd.s           f19, f19, f11       f19=xxxxxxxx f19:43a557fe f11:408e5e76
15795319ns          293856 1c0081f8 0047258b p.lw             x11, 4(x14!)        x11=405d84f4 x14=10000fb8 x14:10000fb4  PA:10000fb4
15795359ns          293858 1c0081fc 00b9f9d3 fadd.s           f19, f19, f11       f19=xxxxxxxx f19:43a79178 f11:405d84f4
15795379ns          293859 1c0081f8 0047258b p.lw             x11, 4(x14!)        x11=4063e62a x14=10000fbc x14:10000fb8  PA:10000fb8
15795420ns          293861 1c0081fc 00b9f9d3 fadd.s           f19, f19, f11       f19=xxxxxxxx f19:43a94c82 f11:4063e62a
15795440ns          293862 1c0081f8 0047258b p.lw             x11, 4(x14!)        x11=40898d22 x14=10000fc0 x14:10000fbc  PA:10000fbc
15795480ns          293864 1c0081fc 00b9f9d3 fadd.s           f19, f19, f11       f19=xxxxxxxx f19:43ab144e f11:40898d22
15795500ns          293865 1c0081f8 0047258b p.lw             x11, 4(x14!)        x11=4067e19f x14=10000fc4 x14:10000fc0  PA:10000fc0
15795540ns          293867 1c0081fc 00b9f9d3 fadd.s           f19, f19, f11       f19=xxxxxxxx f19:43ad3a83 f11:4067e19f
15795560ns          293868 1c0081f8 0047258b p.lw             x11, 4(x14!)        x11=402b018f x14=10000fc8 x14:10000fc4  PA:10000fc4
15795600ns          293870 1c0081fc 00b9f9d3 fadd.s           f19, f19, f11       f19=xxxxxxxx f19:43af0a46 f11:402b018f
15795620ns          293871 1c0081f8 0047258b p.lw             x11, 4(x14!)        x11=bec26372 x14=10000fcc x14:10000fc8  PA:10000fc8
15795660ns          293873 1c0081fc 00b9f9d3 fadd.s           f19, f19, f11       f19=xxxxxxxx f19:43b06049 f11:bec26372
15795680ns          293874 1c0081f8 0047258b p.lw             x11, 4(x14!)        x11=406d6e94 x14=10000fd0 x14:10000fcc  PA:10000fcc
15795721ns          293876 1c0081fc 00b9f9d3 fadd.s           f19, f19, f11       f19=xxxxxxxx f19:43b02fb0 f11:406d6e94
15795741ns          293877 1c0081f8 0047258b p.lw             x11, 4(x14!)        x11=407b9bc9 x14=10000fd4 x14:10000fd0  PA:10000fd0
15795781ns          293879 1c0081fc 00b9f9d3 fadd.s           f19, f19, f11       f19=xxxxxxxx f19:43b20a8d f11:407b9bc9
15795801ns          293880 1c0081f8 0047258b p.lw             x11, 4(x14!)        x11=408f057e x14=10000fd8 x14:10000fd4  PA:10000fd4
15795841ns          293882 1c0081fc 00b9f9d3 fadd.s           f19, f19, f11       f19=xxxxxxxx f19:43b401c5 f11:408f057e
15795861ns          293883 1c008200 40c707b3 sub              x15, x14, x12       x15=0000018c x14:10000fd8 x12:10000e4c
15795881ns          293884 1c008204 1c000737 lui              x14, 0x1c000000     x14=1c000000
15795901ns          293885 1c008208 02072583 lw               x11, 32(x14)        x11=3c23d70a x14:1c000000  PA:1c000020
15796343ns          293907 1c00820c ffc78793 addi             x15, x15, -4        x15=00000188 x15:0000018c
15796363ns          293908 1c00820e 10b9f5d3 fmul.s           f11, f19, f11       f11=xxxxxxxx f19:43b63ddb f11:3c23d70a
15796383ns          293909 1c008212 0027d793 srli             x15, x15, 0x2       x15=00000062 x15:00000188
15796403ns          293910 1c008214 00178793 addi             x15, x15, 1         x15=00000063 x15:00000062
15796423ns          293911 1c008216 08b6f6d3 fsub.s           f13, f13, f11       f13=xxxxxxxx f13:406cbca8 f11:406944ef
15796443ns          293912 1c00821a 10d6f6d3 fmul.s           f13, f13, f13       f13=xxxxxxxx f13:3d5dee40 f13:3d5dee40
15796844ns          293932 1c00821e 0067c0fb lp.setup         0x1, x15, 0x6       x15:00000063
15796884ns          293934 1c008222 0046270b p.lw             x14, 4(x12!)        x14=407be2df x12=10000e50 x12:10000e4c  PA:10000e4c
15796924ns          293936 1c008226 08b77753 fsub.s           f14, f14, f11       f14=xxxxxxxx f14:407be2df f11:406944ef
15796944ns          293937 1c00822a 68e776c3 fmadd.s          f13, f14, f14, f13  f13=xxxxxxxx f14:3e94ef80 f14:3e94ef80 f13:3b406538
15796965ns          293938 1c008222 0046270b p.lw             x14, 4(x12!)        x14=40715246 x12=10000e54 x12:10000e50  PA:10000e50
15797005ns          293940 1c008226 08b77753 fsub.s           f14, f14, f11       f14=xxxxxxxx f14:40715246 f11:406944ef
15797025ns          293941 1c00822a 68e776c3 fmadd.s          f13, f14, f14, f13  f13=xxxxxxxx f14:3e00d570 f14:3e00d570 f13:3db34ec2
15797045ns          293942 1c008222 0046270b p.lw             x14, 4(x12!)        x14=408bfe4c x12=10000e58 x12:10000e54  PA:10000e54
15797085ns          293944 1c008226 08b77753 fsub.s           f14, f14, f11       f14=xxxxxxxx f14:408bfe4c f11:406944ef
15797105ns          293945 1c00822a 68e776c3 fmadd.s          f13, f14, f14, f13  f13=xxxxxxxx f14:3f3adea4 f14:3f3adea4 f13:3dd3b9d3
15797125ns          293946 1c008222 0046270b p.lw             x14, 4(x12!)        x14=40401434 x12=10000e5c x12:10000e58  PA:10000e58
15797165ns          293948 1c008226 08b77753 fsub.s           f14, f14, f11       f14=xxxxxxxx f14:40401434 f11:406944ef
15797185ns          293949 1c00822a 68e776c3 fmadd.s          f13, f14, f14, f13  f13=xxxxxxxx f14:bf24c2ec f14:bf24c2ec f13:3f22df82
15797205ns          293950 1c008222 0046270b p.lw             x14, 4(x12!)        x14=4083624e x12=10000e60 x12:10000e5c  PA:10000e5c
15797245ns          293952 1c008226 08b77753 fsub.s           f14, f14, f11       f14=xxxxxxxx f14:4083624e f11:406944ef
15797266ns          293953 1c00822a 68e776c3 fmadd.s          f13, f14, f14, f13  f13=xxxxxxxx f14:3eebfd68 f14:3eebfd68 f13:3f8674ea
15797286ns          293954 1c008222 0046270b p.lw             x14, 4(x12!)        x14=407da2c6 x12=10000e64 x12:10000e60  PA:10000e60
15797326ns          293956 1c008226 08b77753 fsub.s           f14, f14, f11       f14=xxxxxxxx f14:407da2c6 f11:406944ef
15797346ns          293957 1c00822a 68e776c3 fmadd.s          f13, f14, f14, f13  f13=xxxxxxxx f14:3ea2eeb8 f14:3ea2eeb8 f13:3fa1a651
15797366ns          293958 1c008222 0046270b p.lw             x14, 4(x12!)        x14=406251a9 x12=10000e68 x12:10000e64  PA:10000e64
15797406ns          293960 1c008226 08b77753 fsub.s           f14, f14, f11       f14=xxxxxxxx f14:406251a9 f11:406944ef
15797426ns          293961 1c00822a 68e776c3 fmadd.s          f13, f14, f14, f13  f13=xxxxxxxx f14:bdde68c0 f14:bdde68c0 f13:3fae9cb1
15797446ns          293962 1c008222 0046270b p.lw             x14, 4(x12!)        x14=40892302 x12=10000e6c x12:10000e68  PA:10000e68
15797486ns          293964 1c008226 08b77753 fsub.s           f14, f14, f11       f14=xxxxxxxx f14:40892302 f11:406944ef
15797506ns          293965 1c00822a 68e776c3 fmadd.s          f13, f14, f14, f13  f13=xxxxxxxx f14:3f240454 f14:3f240454 f13:3fb01f25
15797526ns          293966 1c008222 0046270b p.lw             x14, 4(x12!)        x14=408b2196 x12=10000e70 x12:10000e6c  PA:10000e6c
15797567ns          293968 1c008226 08b77753 fsub.s           f14, f14, f11       f14=xxxxxxxx f14:408b2196 f11:406944ef
15797587ns          293969 1c00822a 68e776c3 fmadd.s          f13, f14, f14, f13  f13=xxxxxxxx f14:3f33f8f4 f14:3f33f8f4 f13:3fe4a9eb
15797607ns          293970 1c008222 0046270b p.lw             x14, 4(x12!)        x14=4046e095 x12=10000e74 x12:10000e70  PA:10000e70
15797647ns          293972 1c008226 08b77753 fsub.s           f14, f14, f11       f14=xxxxxxxx f14:4046e095 f11:406944ef
15797667ns          293973 1c00822a 68e776c3 fmadd.s          f13, f14, f14, f13  f13=xxxxxxxx f14:bf099168 f14:bf099168 f13:4011f67b
15797687ns          293974 1c008222 0046270b p.lw             x14, 4(x12!)        x14=4092ac36 x12=10000e78 x12:10000e74  PA:10000e74
15797727ns          293976 1c008226 08b77753 fsub.s           f14, f14, f11       f14=xxxxxxxx f14:4092ac36 f11:406944ef
15797747ns          293977 1c00822a 68e776c3 fmadd.s          f13, f14, f14, f13  f13=xxxxxxxx f14:3f704df4 f14:3f704df4 f13:402471b8
15797767ns          293978 1c008222 0046270b p.lw             x14, 4(x12!)        x14=4075bdc6 x12=10000e7c x12:10000e78  PA:10000e78
15797807ns          293980 1c008226 08b77753 fsub.s           f14, f14, f11       f14=xxxxxxxx f14:4075bdc6 f11:406944ef
15797827ns          293981 1c00822a 68e776c3 fmadd.s          f13, f14, f14, f13  f13=xxxxxxxx f14:3e478d70 f14:3e478d70 f13:405cd648
15797847ns          293982 1c008222 0046270b p.lw             x14, 4(x12!)        x14=406226dc x12=10000e80 x12:10000e7c  PA:10000e7c
15797888ns          293984 1c008226 08b77753 fsub.s           f14, f14, f11       f14=xxxxxxxx f14:406226dc f11:406944ef
15797908ns          293985 1c00822a 68e776c3 fmadd.s          f13, f14, f14, f13  f13=xxxxxxxx f14:bde3c260 f14:bde3c260 f13:405f447d
15797928ns          293986 1c008222 0046270b p.lw             x14, 4(x12!)        x14=3f04b48f x12=10000e84 x12:10000e80  PA:10000e80
15797968ns          293988 1c008226 08b77753 fsub.s           f14, f14, f11       f14=xxxxxxxx f14:3f04b48f f11:406944ef
15797988ns          293989 1c00822a 68e776c3 fmadd.s          f13, f14, f14, f13  f13=xxxxxxxx f14:c04817cb f14:c04817cb f13:40600f1f
15798008ns          293990 1c008222 0046270b p.lw             x14, 4(x12!)        x14=405c586c x12=10000e88 x12:10000e84  PA:10000e84
15798048ns          293992 1c008226 08b77753 fsub.s           f14, f14, f11       f14=xxxxxxxx f14:405c586c f11:406944ef
15798068ns          293993 1c00822a 68e776c3 fmadd.s          f13, f14, f14, f13  f13=xxxxxxxx f14:be4ec830 f14:be4ec830 f13:415468f7
15798088ns          293994 1c008222 0046270b p.lw             x14, 4(x12!)        x14=40639a3a x12=10000e8c x12:10000e88  PA:10000e88
15798128ns          293996 1c008226 08b77753 fsub.s           f14, f14, f11       f14=xxxxxxxx f14:40639a3a f11:406944ef
15798148ns          293997 1c00822a 68e776c3 fmadd.s          f13, f14, f14, f13  f13=xxxxxxxx f14:bdb556a0 f14:bdb556a0 f13:41550ffe
15798168ns          293998 1c008222 0046270b p.lw             x14, 4(x12!)        x14=4052a908 x12=10000e90 x12:10000e8c  PA:10000e8c
15798209ns          294000 1c008226 08b77753 fsub.s           f14, f14, f11       f14=xxxxxxxx f14:4052a908 f11:406944ef
15798229ns          294001 1c00822a 68e776c3 fmadd.s          f13, f14, f14, f13  f13=xxxxxxxx f14:beb4df38 f14:beb4df38 f13:4155301b
15798249ns          294002 1c008222 0046270b p.lw             x14, 4(x12!)        x14=408b78eb x12=10000e94 x12:10000e90  PA:10000e90
15798289ns          294004 1c008226 08b77753 fsub.s           f14, f14, f11       f14=xxxxxxxx f14:408b78eb f11:406944ef
15798309ns          294005 1c00822a 68e776c3 fmadd.s          f13, f14, f14, f13  f13=xxxxxxxx f14:3f36b39c f14:3f36b39c f13:41572f46
15798329ns          294006 1c008222 0046270b p.lw             x14, 4(x12!)        x14=407158a9 x12=10000e98 x12:10000e94  PA:10000e94
15798369ns          294008 1c008226 08b77753 fsub.s           f14, f14, f11       f14=xxxxxxxx f14:407158a9 f11:406944ef
15798389ns          294009 1c00822a 68e776c3 fmadd.s          f13, f14, f14, f13  f13=xxxxxxxx f14:3e013ba0 f14:3e013ba0 f13:415f5584
15798409ns          294010 1c008222 0046270b p.lw             x14, 4(x12!)        x14=3fdbfb3c x12=10000e9c x12:10000e98  PA:10000e98
15798449ns          294012 1c008226 08b77753 fsub.s           f14, f14, f11       f14=xxxxxxxx f14:3fdbfb3c f11:406944ef
15798469ns          294013 1c00822a 68e776c3 fmadd.s          f13, f14, f14, f13  f13=xxxxxxxx f14:bff68ea2 f14:bff68ea2 f13:415f96c1
15798490ns          294014 1c008222 0046270b p.lw             x14, 4(x12!)        x14=40526719 x12=10000ea0 x12:10000e9c  PA:10000e9c
15798530ns          294016 1c008226 08b77753 fsub.s           f14, f14, f11       f14=xxxxxxxx f14:40526719 f11:406944ef
15798550ns          294017 1c00822a 68e776c3 fmadd.s          f13, f14, f14, f13  f13=xxxxxxxx f14:beb6eeb0 f14:beb6eeb0 f13:418d7a2e
15798570ns          294018 1c008222 0046270b p.lw             x14, 4(x12!)        x14=40390da7 x12=10000ea4 x12:10000ea0  PA:10000ea0
15798610ns          294020 1c008226 08b77753 fsub.s           f14, f14, f11       f14=xxxxxxxx f14:40390da7 f11:406944ef
15798630ns          294021 1c00822a 68e776c3 fmadd.s          f13, f14, f14, f13  f13=xxxxxxxx f14:bf40dd20 f14:bf40dd20 f13:418e7f9f
15798650ns          294022 1c008222 0046270b p.lw             x14, 4(x12!)        x14=40887854 x12=10000ea8 x12:10000ea4  PA:10000ea4
15798690ns          294024 1c008226 08b77753 fsub.s           f14, f14, f11       f14=xxxxxxxx f14:40887854 f11:406944ef
15798710ns          294025 1c00822a 68e776c3 fmadd.s          f13, f14, f14, f13  f13=xxxxxxxx f14:3f1eaee4 f14:3f1eaee4 f13:41930a02
15798730ns          294026 1c008222 0046270b p.lw             x14, 4(x12!)        x14=408b6ca3 x12=10000eac x12:10000ea8  PA:10000ea8
15798770ns          294028 1c008226 08b77753 fsub.s           f14, f14, f11       f14=xxxxxxxx f14:408b6ca3 f11:406944ef
15798791ns          294029 1c00822a 68e776c3 fmadd.s          f13, f14, f14, f13  f13=xxxxxxxx f14:3f36515c f14:3f36515c f13:41961ce5
15798811ns          294030 1c008222 0046270b p.lw             x14, 4(x12!)        x14=403d3253 x12=10000eb0 x12:10000eac  PA:10000eac
15798851ns          294032 1c008226 08b77753 fsub.s           f14, f14, f11       f14=xxxxxxxx f14:403d3253 f11:406944ef
15798871ns          294033 1c00822a 68e776c3 fmadd.s          f13, f14, f14, f13  f13=xxxxxxxx f14:bf304a70 f14:bf304a70 f13:419a2ba3
15798891ns          294034 1c008222 0046270b p.lw             x14, 4(x12!)        x14=404e682b x12=10000eb4 x12:10000eb0  PA:10000eb0
15798931ns          294036 1c008226 08b77753 fsub.s           f14, f14, f11       f14=xxxxxxxx f14:404e682b f11:406944ef
15798951ns          294037 1c00822a 68e776c3 fmadd.s          f13, f14, f14, f13  f13=xxxxxxxx f14:bed6e620 f14:bed6e620 f13:419df6d6
15798971ns          294038 1c008222 0046270b p.lw             x14, 4(x12!)        x14=408f4a39 x12=10000eb8 x12:10000eb4  PA:10000eb4
15799011ns          294040 1c008226 08b77753 fsub.s           f14, f14, f11       f14=xxxxxxxx f14:408f4a39 f11:406944ef
15799031ns          294041 1c00822a 68e776c3 fmadd.s          f13, f14, f14, f13  f13=xxxxxxxx f14:3f553e0c f14:3f553e0c f13:419f5fa1
15799051ns          294042 1c008222 0046270b p.lw             x14, 4(x12!)        x14=408fe9aa x12=10000ebc x12:10000eb8  PA:10000eb8
15799091ns          294044 1c008226 08b77753 fsub.s           f14, f14, f11       f14=xxxxxxxx f14:408fe9aa f11:406944ef
15799112ns          294045 1c00822a 68e776c3 fmadd.s          f13, f14, f14, f13  f13=xxxxxxxx f14:3f5a3994 f14:3f5a3994 f13:41a4eca3
15799132ns          294046 1c008222 0046270b p.lw             x14, 4(x12!)        x14=4078ca3e x12=10000ec0 x12:10000ebc  PA:10000ebc
15799172ns          294048 1c008226 08b77753 fsub.s           f14, f14, f11       f14=xxxxxxxx f14:4078ca3e f11:406944ef
15799192ns          294049 1c00822a 68e776c3 fmadd.s          f13, f14, f14, f13  f13=xxxxxxxx f14:3e7854f0 f14:3e7854f0 f13:41aabcd4
15799212ns          294050 1c008222 0046270b p.lw             x14, 4(x12!)        x14=408b59b6 x12=10000ec4 x12:10000ec0  PA:10000ec0
15799252ns          294052 1c008226 08b77753 fsub.s           f14, f14, f11       f14=xxxxxxxx f14:408b59b6 f11:406944ef
15799272ns          294053 1c00822a 68e776c3 fmadd.s          f13, f14, f14, f13  f13=xxxxxxxx f14:3f35b9f4 f14:3f35b9f4 f13:41ab3546
15799292ns          294054 1c008222 0046270b p.lw             x14, 4(x12!)        x14=407d4ab5 x12=10000ec8 x12:10000ec4  PA:10000ec4
15799332ns          294056 1c008226 08b77753 fsub.s           f14, f14, f11       f14=xxxxxxxx f14:407d4ab5 f11:406944ef
15799352ns          294057 1c00822a 68e776c3 fmadd.s          f13, f14, f14, f13  f13=xxxxxxxx f14:3ea02e30 f14:3ea02e30 f13:41af3d4a
15799372ns          294058 1c008222 0046270b p.lw             x14, 4(x12!)        x14=408dc085 x12=10000ecc x12:10000ec8  PA:10000ec8
15799413ns          294060 1c008226 08b77753 fsub.s           f14, f14, f11       f14=xxxxxxxx f14:408dc085 f11:406944ef
15799433ns          294061 1c00822a 68e776c3 fmadd.s          f13, f14, f14, f13  f13=xxxxxxxx f14:3f48f06c f14:3f48f06c f13:41b005be
15799453ns          294062 1c008222 0046270b p.lw             x14, 4(x12!)        x14=4027e945 x12=10000ed0 x12:10000ecc  PA:10000ecc
15799493ns          294064 1c008226 08b77753 fsub.s           f14, f14, f11       f14=xxxxxxxx f14:4027e945 f11:406944ef
15799513ns          294065 1c00822a 68e776c3 fmadd.s          f13, f14, f14, f13  f13=xxxxxxxx f14:bf82b754 f14:bf82b754 f13:41b4f382
15799533ns          294066 1c008222 0046270b p.lw             x14, 4(x12!)        x14=4084c010 x12=10000ed4 x12:10000ed0  PA:10000ed0
15799573ns          294068 1c008226 08b77753 fsub.s           f14, f14, f11       f14=xxxxxxxx f14:4084c010 f11:406944ef
15799593ns          294069 1c00822a 68e776c3 fmadd.s          f13, f14, f14, f13  f13=xxxxxxxx f14:3f00ecc4 f14:3f00ecc4 f13:41bd4b59
15799613ns          294070 1c008222 0046270b p.lw             x14, 4(x12!)        x14=408cfe13 x12=10000ed8 x12:10000ed4  PA:10000ed4
15799653ns          294072 1c008226 08b77753 fsub.s           f14, f14, f11       f14=xxxxxxxx f14:408cfe13 f11:406944ef
15799673ns          294073 1c00822a 68e776c3 fmadd.s          f13, f14, f14, f13  f13=xxxxxxxx f14:3f42dcdc f14:3f42dcdc f13:41bf52c6
15799693ns          294074 1c008222 0046270b p.lw             x14, 4(x12!)        x14=4018378a x12=10000edc x12:10000ed8  PA:10000ed8
15799734ns          294076 1c008226 08b77753 fsub.s           f14, f14, f11       f14=xxxxxxxx f14:4018378a f11:406944ef
15799754ns          294077 1c00822a 68e776c3 fmadd.s          f13, f14, f14, f13  f13=xxxxxxxx f14:bfa21aca f14:bfa21aca f13:41c3f562
15799774ns          294078 1c008222 0046270b p.lw             x14, 4(x12!)        x14=408714f8 x12=10000ee0 x12:10000edc  PA:10000edc
15799814ns          294080 1c008226 08b77753 fsub.s           f14, f14, f11       f14=xxxxxxxx f14:408714f8 f11:406944ef
15799834ns          294081 1c00822a 68e776c3 fmadd.s          f13, f14, f14, f13  f13=xxxxxxxx f14:3f139404 f14:3f139404 f13:41d0ca1f
15799854ns          294082 1c008222 0046270b p.lw             x14, 4(x12!)        x14=3ff25db9 x12=10000ee4 x12:10000ee0  PA:10000ee0
15799894ns          294084 1c008226 08b77753 fsub.s           f14, f14, f11       f14=xxxxxxxx f14:3ff25db9 f11:406944ef
15799914ns          294085 1c00822a 68e776c3 fmadd.s          f13, f14, f14, f13  f13=xxxxxxxx f14:bfe02c25 f14:bfe02c25 f13:41d372ba
15799934ns          294086 1c008222 0046270b p.lw             x14, 4(x12!)        x14=4089b185 x12=10000ee8 x12:10000ee4  PA:10000ee4
15799974ns          294088 1c008226 08b77753 fsub.s           f14, f14, f11       f14=xxxxxxxx f14:4089b185 f11:406944ef
15799994ns          294089 1c00822a 68e776c3 fmadd.s          f13, f14, f14, f13  f13=xxxxxxxx f14:3f28786c f14:3f28786c f13:41ebfc63
15800014ns          294090 1c008222 0046270b p.lw             x14, 4(x12!)        x14=40934c19 x12=10000eec x12:10000ee8  PA:10000ee8
15800055ns          294092 1c008226 08b77753 fsub.s           f14, f14, f11       f14=xxxxxxxx f14:40934c19 f11:406944ef
15800075ns          294093 1c00822a 68e776c3 fmadd.s          f13, f14, f14, f13  f13=xxxxxxxx f14:3f754d0c f14:3f754d0c f13:41ef7355
15800095ns          294094 1c008222 0046270b p.lw             x14, 4(x12!)        x14=40863a5d x12=10000ef0 x12:10000eec  PA:10000eec
15800135ns          294096 1c008226 08b77753 fsub.s           f14, f14, f11       f14=xxxxxxxx f14:40863a5d f11:406944ef
15800155ns          294097 1c00822a 68e776c3 fmadd.s          f13, f14, f14, f13  f13=xxxxxxxx f14:3f0cbf2c f14:3f0cbf2c f13:41f6cbba
15800175ns          294098 1c008222 0046270b p.lw             x14, 4(x12!)        x14=4093095a x12=10000ef4 x12:10000ef0  PA:10000ef0
15800215ns          294100 1c008226 08b77753 fsub.s           f14, f14, f11       f14=xxxxxxxx f14:4093095a f11:406944ef
15800235ns          294101 1c00822a 68e776c3 fmadd.s          f13, f14, f14, f13  f13=xxxxxxxx f14:3f733714 f14:3f733714 f13:41f936c7
15800255ns          294102 1c008222 0046270b p.lw             x14, 4(x12!)        x14=408a5838 x12=10000ef8 x12:10000ef4  PA:10000ef4
15800295ns          294104 1c008226 08b77753 fsub.s           f14, f14, f11       f14=xxxxxxxx f14:408a5838 f11:406944ef
15800315ns          294105 1c00822a 68e776c3 fmadd.s          f13, f14, f14, f13  f13=xxxxxxxx f14:3f2dae04 f14:3f2dae04 f13:420037aa
15800336ns          294106 1c008222 0046270b p.lw             x14, 4(x12!)        x14=40589416 x12=10000efc x12:10000ef8  PA:10000ef8
15800376ns          294108 1c008226 08b77753 fsub.s           f14, f14, f11       f14=xxxxxxxx f14:40589416 f11:406944ef
15800396ns          294109 1c00822a 68e776c3 fmadd.s          f13, f14, f14, f13  f13=xxxxxxxx f14:be8586c8 f14:be8586c8 f13:42020efd
15800416ns          294110 1c008222 0046270b p.lw             x14, 4(x12!)        x14=408b713c x12=10000f00 x12:10000efc  PA:10000efc
15800456ns          294112 1c008226 08b77753 fsub.s           f14, f14, f11       f14=xxxxxxxx f14:408b713c f11:406944ef
15800476ns          294113 1c00822a 68e776c3 fmadd.s          f13, f14, f14, f13  f13=xxxxxxxx f14:3f367624 f14:3f367624 f13:420254a2
15800496ns          294114 1c008222 0046270b p.lw             x14, 4(x12!)        x14=4072d802 x12=10000f04 x12:10000f00  PA:10000f00
15800536ns          294116 1c008226 08b77753 fsub.s           f14, f14, f11       f14=xxxxxxxx f14:4072d802 f11:406944ef
15800556ns          294117 1c00822a 68e776c3 fmadd.s          f13, f14, f14, f13  f13=xxxxxxxx f14:3e193130 f14:3e193130 f13:42045cd3
15800576ns          294118 1c008222 0046270b p.lw             x14, 4(x12!)        x14=3fbf5654 x12=10000f08 x12:10000f04  PA:10000f04
15800616ns          294120 1c008226 08b77753 fsub.s           f14, f14, f11       f14=xxxxxxxx f14:3fbf5654 f11:406944ef
15800637ns          294121 1c00822a 68e776c3 fmadd.s          f13, f14, f14, f13  f13=xxxxxxxx f14:c00999c5 f14:c00999c5 f13:420473be
15800657ns          294122 1c008222 0046270b p.lw             x14, 4(x12!)        x14=407f1ab1 x12=10000f0c x12:10000f08  PA:10000f08
15800697ns          294124 1c008226 08b77753 fsub.s           f14, f14, f11       f14=xxxxxxxx f14:407f1ab1 f11:406944ef
15800717ns          294125 1c00822a 68e776c3 fmadd.s          f13, f14, f14, f13  f13=xxxxxxxx f14:3eaeae10 f14:3eaeae10 f13:4216f13a
15800737ns          294126 1c008222 0046270b p.lw             x14, 4(x12!)        x14=4091cc7f x12=10000f10 x12:10000f0c  PA:10000f0c
15800777ns          294128 1c008226 08b77753 fsub.s           f14, f14, f11       f14=xxxxxxxx f14:4091cc7f f11:406944ef
15800797ns          294129 1c00822a 68e776c3 fmadd.s          f13, f14, f14, f13  f13=xxxxxxxx f14:3f69503c f14:3f69503c f13:4217686b
15800817ns          294130 1c008222 0046270b p.lw             x14, 4(x12!)        x14=401fccb2 x12=10000f14 x12:10000f10  PA:10000f10
15800857ns          294132 1c008226 08b77753 fsub.s           f14, f14, f11       f14=xxxxxxxx f14:401fccb2 f11:406944ef
15800877ns          294133 1c00822a 68e776c3 fmadd.s          f13, f14, f14, f13  f13=xxxxxxxx f14:bf92f07a f14:bf92f07a f13:421abaf8
15800897ns          294134 1c008222 0046270b p.lw             x14, 4(x12!)        x14=40852b4a x12=10000f18 x12:10000f14  PA:10000f14
15800938ns          294136 1c008226 08b77753 fsub.s           f14, f14, f11       f14=xxxxxxxx f14:40852b4a f11:406944ef
15800958ns          294137 1c00822a 68e776c3 fmadd.s          f13, f14, f14, f13  f13=xxxxxxxx f14:3f044694 f14:3f044694 f13:4220006b
15800978ns          294138 1c008222 0046270b p.lw             x14, 4(x12!)        x14=4046badc x12=10000f1c x12:10000f18  PA:10000f18
15801018ns          294140 1c008226 08b77753 fsub.s           f14, f14, f11       f14=xxxxxxxx f14:4046badc f11:406944ef
15801038ns          294141 1c00822a 68e776c3 fmadd.s          f13, f14, f14, f13  f13=xxxxxxxx f14:bf0a284c f14:bf0a284c f13:422111ce
15801058ns          294142 1c008222 0046270b p.lw             x14, 4(x12!)        x14=406899b5 x12=10000f20 x12:10000f1c  PA:10000f1c
15801098ns          294144 1c008226 08b77753 fsub.s           f14, f14, f11       f14=xxxxxxxx f14:406899b5 f11:406944ef
15801118ns          294145 1c00822a 68e776c3 fmadd.s          f13, f14, f14, f13  f13=xxxxxxxx f14:bc2b3a00 f14:bc2b3a00 f13:42223c0c
15801138ns          294146 1c008222 0046270b p.lw             x14, 4(x12!)        x14=40756e4a x12=10000f24 x12:10000f20  PA:10000f20
15801178ns          294148 1c008226 08b77753 fsub.s           f14, f14, f11       f14=xxxxxxxx f14:40756e4a f11:406944ef
15801198ns          294149 1c00822a 68e776c3 fmadd.s          f13, f14, f14, f13  f13=xxxxxxxx f14:3e4295b0 f14:3e4295b0 f13:42223c29
15801218ns          294150 1c008222 0046270b p.lw             x14, 4(x12!)        x14=4070ce9b x12=10000f28 x12:10000f24  PA:10000f24
15801259ns          294152 1c008226 08b77753 fsub.s           f14, f14, f11       f14=xxxxxxxx f14:4070ce9b f11:406944ef
15801279ns          294153 1c00822a 68e776c3 fmadd.s          f13, f14, f14, f13  f13=xxxxxxxx f14:3df13580 f14:3df13580 f13:42226123
15801299ns          294154 1c008222 0046270b p.lw             x14, 4(x12!)        x14=408fc5f5 x12=10000f2c x12:10000f28  PA:10000f28
15801339ns          294156 1c008226 08b77753 fsub.s           f14, f14, f11       f14=xxxxxxxx f14:408fc5f5 f11:406944ef
15801359ns          294157 1c00822a 68e776c3 fmadd.s          f13, f14, f14, f13  f13=xxxxxxxx f14:3f591bec f14:3f591bec f13:42226f57
15801379ns          294158 1c008222 0046270b p.lw             x14, 4(x12!)        x14=407bcd65 x12=10000f30 x12:10000f2c  PA:10000f2c
15801419ns          294160 1c008226 08b77753 fsub.s           f14, f14, f11       f14=xxxxxxxx f14:407bcd65 f11:406944ef
15801439ns          294161 1c00822a 68e776c3 fmadd.s          f13, f14, f14, f13  f13=xxxxxxxx f14:3e9443b0 f14:3e9443b0 f13:42254fd8
15801459ns          294162 1c008222 0046270b p.lw             x14, 4(x12!)        x14=4079dbe0 x12=10000f34 x12:10000f30  PA:10000f30
15801499ns          294164 1c008226 08b77753 fsub.s           f14, f14, f11       f14=xxxxxxxx f14:4079dbe0 f11:406944ef
15801519ns          294165 1c00822a 68e776c3 fmadd.s          f13, f14, f14, f13  f13=xxxxxxxx f14:3e84b788 f14:3e84b788 f13:4225a5b6
15801539ns          294166 1c008222 0046270b p.lw             x14, 4(x12!)        x14=406bc587 x12=10000f38 x12:10000f34  PA:10000f34
15801580ns          294168 1c008226 08b77753 fsub.s           f14, f14, f11       f14=xxxxxxxx f14:406bc587 f11:406944ef
15801600ns          294169 1c00822a 68e776c3 fmadd.s          f13, f14, f14, f13  f13=xxxxxxxx f14:3d202600 f14:3d202600 f13:4225ea84
15801620ns          294170 1c008222 0046270b p.lw             x14, 4(x12!)        x14=408c46d7 x12=10000f3c x12:10000f38  PA:10000f38
15801660ns          294172 1c008226 08b77753 fsub.s           f14, f14, f11       f14=xxxxxxxx f14:408c46d7 f11:406944ef
15801680ns          294173 1c00822a 68e776c3 fmadd.s          f13, f14, f14, f13  f13=xxxxxxxx f14:3f3d22fc f14:3f3d22fc f13:4225ec15
15801700ns          294174 1c008222 0046270b p.lw             x14, 4(x12!)        x14=408bc9f5 x12=10000f40 x12:10000f3c  PA:10000f3c
15801740ns          294176 1c008226 08b77753 fsub.s           f14, f14, f11       f14=xxxxxxxx f14:408bc9f5 f11:406944ef
15801760ns          294177 1c00822a 68e776c3 fmadd.s          f13, f14, f14, f13  f13=xxxxxxxx f14:3f393bec f14:3f393bec f13:42281b08
15801780ns          294178 1c008222 0046270b p.lw             x14, 4(x12!)        x14=408c9c3e x12=10000f44 x12:10000f40  PA:10000f40
15801820ns          294180 1c008226 08b77753 fsub.s           f14, f14, f11       f14=xxxxxxxx f14:408c9c3e f11:406944ef
15801840ns          294181 1c00822a 68e776c3 fmadd.s          f13, f14, f14, f13  f13=xxxxxxxx f14:3f3fce34 f14:3f3fce34 f13:422a3327
15801861ns          294182 1c008222 0046270b p.lw             x14, 4(x12!)        x14=40857088 x12=10000f48 x12:10000f44  PA:10000f44
15801901ns          294184 1c008226 08b77753 fsub.s           f14, f14, f11       f14=xxxxxxxx f14:40857088 f11:406944ef
15801921ns          294185 1c00822a 68e776c3 fmadd.s          f13, f14, f14, f13  f13=xxxxxxxx f14:3f067084 f14:3f067084 f13:422c71fc
15801941ns          294186 1c008222 0046270b p.lw             x14, 4(x12!)        x14=40770fe5 x12=10000f4c x12:10000f48  PA:10000f48
15801981ns          294188 1c008226 08b77753 fsub.s           f14, f14, f11       f14=xxxxxxxx f14:40770fe5 f11:406944ef
15802001ns          294189 1c00822a 68e776c3 fmadd.s          f13, f14, f14, f13  f13=xxxxxxxx f14:3e5caf60 f14:3e5caf60 f13:422d8c64
15802021ns          294190 1c008222 0046270b p.lw             x14, 4(x12!)        x14=4058c5b0 x12=10000f50 x12:10000f4c  PA:10000f4c
15802061ns          294192 1c008226 08b77753 fsub.s           f14, f14, f11       f14=xxxxxxxx f14:4058c5b0 f11:406944ef
15802081ns          294193 1c00822a 68e776c3 fmadd.s          f13, f14, f14, f13  f13=xxxxxxxx f14:be83f9f8 f14:be83f9f8 f13:422dbbf3
15802101ns          294194 1c008222 0046270b p.lw             x14, 4(x12!)        x14=4053c39b x12=10000f54 x12:10000f50  PA:10000f50
15802141ns          294196 1c008226 08b77753 fsub.s           f14, f14, f11       f14=xxxxxxxx f14:4053c39b f11:406944ef
15802161ns          294197 1c00822a 68e776c3 fmadd.s          f13, f14, f14, f13  f13=xxxxxxxx f14:beac0aa0 f14:beac0aa0 f13:422dfffd
15802182ns          294198 1c008222 0046270b p.lw             x14, 4(x12!)        x14=4090b083 x12=10000f58 x12:10000f54  PA:10000f54
15802222ns          294200 1c008226 08b77753 fsub.s           f14, f14, f11       f14=xxxxxxxx f14:4090b083 f11:406944ef
15802242ns          294201 1c00822a 68e776c3 fmadd.s          f13, f14, f14, f13  f13=xxxxxxxx f14:3f60705c f14:3f60705c f13:422e739b
15802262ns          294202 1c008222 0046270b p.lw             x14, 4(x12!)        x14=be65762a x12=10000f5c x12:10000f58  PA:10000f58
15802302ns          294204 1c008226 08b77753 fsub.s           f14, f14, f11       f14=xxxxxxxx f14:be65762a f11:406944ef
15802322ns          294205 1c00822a 68e776c3 fmadd.s          f13, f14, f14, f13  f13=xxxxxxxx f14:c0779c52 f14:c0779c52 f13:423186ae
15802342ns          294206 1c008222 0046270b p.lw             x14, 4(x12!)        x14=407d7b4f x12=10000f60 x12:10000f5c  PA:10000f5c
15802382ns          294208 1c008226 08b77753 fsub.s           f14, f14, f11       f14=xxxxxxxx f14:407d7b4f f11:406944ef
15802402ns          294209 1c00822a 68e776c3 fmadd.s          f13, f14, f14, f13  f13=xxxxxxxx f14:3ea1b300 f14:3ea1b300 f13:426d666f
15802422ns          294210 1c008222 0046270b p.lw             x14, 4(x12!)        x14=4075f971 x12=10000f64 x12:10000f60  PA:10000f60
15802462ns          294212 1c008226 08b77753 fsub.s           f14, f14, f11       f14=xxxxxxxx f14:4075f971 f11:406944ef
15802483ns          294213 1c00822a 68e776c3 fmadd.s          f13, f14, f14, f13  f13=xxxxxxxx f14:3e4b4820 f14:3e4b4820 f13:426dcc92
15802503ns          294214 1c008222 0046270b p.lw             x14, 4(x12!)        x14=405045de x12=10000f68 x12:10000f64  PA:10000f64
15802543ns          294216 1c008226 08b77753 fsub.s           f14, f14, f11       f14=xxxxxxxx f14:405045de f11:406944ef
15802563ns          294217 1c00822a 68e776c3 fmadd.s          f13, f14, f14, f13  f13=xxxxxxxx f14:bec7f888 f14:bec7f888 f13:426df4ed
15802583ns          294218 1c008222 0046270b p.lw             x14, 4(x12!)        x14=4010a753 x12=10000f6c x12:10000f68  PA:10000f68
15802623ns          294220 1c008226 08b77753 fsub.s           f14, f14, f11       f14=xxxxxxxx f14:4010a753 f11:406944ef
15802643ns          294221 1c00822a 68e776c3 fmadd.s          f13, f14, f14, f13  f13=xxxxxxxx f14:bfb13b38 f14:bfb13b38 f13:426e9121
15802663ns          294222 1c008222 0046270b p.lw             x14, 4(x12!)        x14=4068e029 x12=10000f70 x12:10000f6c  PA:10000f6c
15802703ns          294224 1c008226 08b77753 fsub.s           f14, f14, f11       f14=xxxxxxxx f14:4068e029 f11:406944ef
15802723ns          294225 1c00822a 68e776c3 fmadd.s          f13, f14, f14, f13  f13=xxxxxxxx f14:bbc98c00 f14:bbc98c00 f13:42763c50
15802743ns          294226 1c008222 0046270b p.lw             x14, 4(x12!)        x14=408996c9 x12=10000f74 x12:10000f70  PA:10000f70
15802784ns          294228 1c008226 08b77753 fsub.s           f14, f14, f11       f14=xxxxxxxx f14:408996c9 f11:406944ef
15802804ns          294229 1c00822a 68e776c3 fmadd.s          f13, f14, f14, f13  f13=xxxxxxxx f14:3f27a28c f14:3f27a28c f13:42763c5a
15802824ns          294230 1c008222 0046270b p.lw             x14, 4(x12!)        x14=405f596b x12=10000f78 x12:10000f74  PA:10000f74
15802864ns          294232 1c008226 08b77753 fsub.s           f14, f14, f11       f14=xxxxxxxx f14:405f596b f11:406944ef
15802884ns          294233 1c00822a 68e776c3 fmadd.s          f13, f14, f14, f13  f13=xxxxxxxx f14:be1eb840 f14:be1eb840 f13:4277f370
15802904ns          294234 1c008222 0046270b p.lw             x14, 4(x12!)        x14=407272c9 x12=10000f7c x12:10000f78  PA:10000f78
15802944ns          294236 1c008226 08b77753 fsub.s           f14, f14, f11       f14=xxxxxxxx f14:407272c9 f11:406944ef
15802964ns          294237 1c00822a 68e776c3 fmadd.s          f13, f14, f14, f13  f13=xxxxxxxx f14:3e12dda0 f14:3e12dda0 f13:42780c0a
15802984ns          294238 1c008222 0046270b p.lw             x14, 4(x12!)        x14=400ec99c x12=10000f80 x12:10000f7c  PA:10000f7c
15803024ns          294240 1c008226 08b77753 fsub.s           f14, f14, f11       f14=xxxxxxxx f14:400ec99c f11:406944ef
15803044ns          294241 1c00822a 68e776c3 fmadd.s          f13, f14, f14, f13  f13=xxxxxxxx f14:bfb4f6a6 f14:bfb4f6a6 f13:4278211a
15803064ns          294242 1c008222 0046270b p.lw             x14, 4(x12!)        x14=3fad19c8 x12=10000f84 x12:10000f80  PA:10000f80
15803105ns          294244 1c008226 08b77753 fsub.s           f14, f14, f11       f14=xxxxxxxx f14:3fad19c8 f11:406944ef
15803125ns          294245 1c00822a 68e776c3 fmadd.s          f13, f14, f14, f13  f13=xxxxxxxx f14:c012b80b f14:c012b80b f13:42800feb
15803145ns          294246 1c008222 0046270b p.lw             x14, 4(x12!)        x14=4077723f x12=10000f88 x12:10000f84  PA:10000f84
15803185ns          294248 1c008226 08b77753 fsub.s           f14, f14, f11       f14=xxxxxxxx f14:4077723f f11:406944ef
15803205ns          294249 1c00822a 68e776c3 fmadd.s          f13, f14, f14, f13  f13=xxxxxxxx f14:3e62d500 f14:3e62d500 f13:428a92b9
15803225ns          294250 1c008222 0046270b p.lw             x14, 4(x12!)        x14=4070ffea x12=10000f8c x12:10000f88  PA:10000f88
15803265ns          294252 1c008226 08b77753 fsub.s           f14, f14, f11       f14=xxxxxxxx f14:4070ffea f11:406944ef
15803285ns          294253 1c00822a 68e776c3 fmadd.s          f13, f14, f14, f13  f13=xxxxxxxx f14:3df75f60 f14:3df75f60 f13:428aabd9
15803305ns          294254 1c008222 0046270b p.lw             x14, 4(x12!)        x14=409231ce x12=10000f90 x12:10000f8c  PA:10000f8c
15803345ns          294256 1c008226 08b77753 fsub.s           f14, f14, f11       f14=xxxxxxxx f14:409231ce f11:406944ef
15803365ns          294257 1c00822a 68e776c3 fmadd.s          f13, f14, f14, f13  f13=xxxxxxxx f14:3f6c7ab4 f14:3f6c7ab4 f13:428ab351
15803385ns          294258 1c008222 0046270b p.lw             x14, 4(x12!)        x14=40700873 x12=10000f94 x12:10000f90  PA:10000f90
15803426ns          294260 1c008226 08b77753 fsub.s           f14, f14, f11       f14=xxxxxxxx f14:40700873 f11:406944ef
15803446ns          294261 1c00822a 68e776c3 fmadd.s          f13, f14, f14, f13  f13=xxxxxxxx f14:3dd87080 f14:3dd87080 f13:428c6836
15803466ns          294262 1c008222 0046270b p.lw             x14, 4(x12!)        x14=4090b296 x12=10000f98 x12:10000f94  PA:10000f94
15803506ns          294264 1c008226 08b77753 fsub.s           f14, f14, f11       f14=xxxxxxxx f14:4090b296 f11:406944ef
15803526ns          294265 1c00822a 68e776c3 fmadd.s          f13, f14, f14, f13  f13=xxxxxxxx f14:3f6080f4 f14:3f6080f4 f13:428c6dee
15803546ns          294266 1c008222 0046270b p.lw             x14, 4(x12!)        x14=40869d36 x12=10000f9c x12:10000f98  PA:10000f98
15803586ns          294268 1c008226 08b77753 fsub.s           f14, f14, f11       f14=xxxxxxxx f14:40869d36 f11:406944ef
15803606ns          294269 1c00822a 68e776c3 fmadd.s          f13, f14, f14, f13  f13=xxxxxxxx f14:3f0fd5f4 f14:3f0fd5f4 f13:428df7b2
15803626ns          294270 1c008222 0046270b p.lw             x14, 4(x12!)        x14=407378f7 x12=10000fa0 x12:10000f9c  PA:10000f9c
15803666ns          294272 1c008226 08b77753 fsub.s           f14, f14, f11       f14=xxxxxxxx f14:407378f7 f11:406944ef
15803686ns          294273 1c00822a 68e776c3 fmadd.s          f13, f14, f14, f13  f13=xxxxxxxx f14:3e234080 f14:3e234080 f13:428e9953
15803707ns          294274 1c008222 0046270b p.lw             x14, 4(x12!)        x14=406b1308 x12=10000fa4 x12:10000fa0  PA:10000fa0
15803747ns          294276 1c008226 08b77753 fsub.s           f14, f14, f11       f14=xxxxxxxx f14:406b1308 f11:406944ef
15803767ns          294277 1c00822a 68e776c3 fmadd.s          f13, f14, f14, f13  f13=xxxxxxxx f14:3ce70c80 f14:3ce70c80 f13:428ea656
15803787ns          294278 1c008222 0046270b p.lw             x14, 4(x12!)        x14=408fb07e x12=10000fa8 x12:10000fa4  PA:10000fa4
15803827ns          294280 1c008226 08b77753 fsub.s           f14, f14, f11       f14=xxxxxxxx f14:408fb07e f11:406944ef
15803847ns          294281 1c00822a 68e776c3 fmadd.s          f13, f14, f14, f13  f13=xxxxxxxx f14:3f587034 f14:3f587034 f13:428ea6be
15803867ns          294282 1c008222 0046270b p.lw             x14, 4(x12!)        x14=40820cd6 x12=10000fac x12:10000fa8  PA:10000fa8
15803907ns          294284 1c008226 08b77753 fsub.s           f14, f14, f11       f14=xxxxxxxx f14:40820cd6 f11:406944ef
15803927ns          294285 1c00822a 68e776c3 fmadd.s          f13, f14, f14, f13  f13=xxxxxxxx f14:3ed6a5e8 f14:3ed6a5e8 f13:429014b9
15803947ns          294286 1c008222 0046270b p.lw             x14, 4(x12!)        x14=4082c30b x12=10000fb0 x12:10000fac  PA:10000fac
15803987ns          294288 1c008226 08b77753 fsub.s           f14, f14, f11       f14=xxxxxxxx f14:4082c30b f11:406944ef
15804008ns          294289 1c00822a 68e776c3 fmadd.s          f13, f14, f14, f13  f13=xxxxxxxx f14:3ee20938 f14:3ee20938 f13:42906eb6
15804028ns          294290 1c008222 0046270b p.lw             x14, 4(x12!)        x14=408e5e76 x12=10000fb4 x12:10000fb0  PA:10000fb0
15804068ns          294292 1c008226 08b77753 fsub.s           f14, f14, f11       f14=xxxxxxxx f14:408e5e76 f11:406944ef
15804088ns          294293 1c00822a 68e776c3 fmadd.s          f13, f14, f14, f13  f13=xxxxxxxx f14:3f4ddff4 f14:3f4ddff4 f13:4290d280
15804108ns          294294 1c008222 0046270b p.lw             x14, 4(x12!)        x14=405d84f4 x12=10000fb8 x12:10000fb4  PA:10000fb4
15804148ns          294296 1c008226 08b77753 fsub.s           f14, f14, f11       f14=xxxxxxxx f14:405d84f4 f11:406944ef
15804168ns          294297 1c00822a 68e776c3 fmadd.s          f13, f14, f14, f13  f13=xxxxxxxx f14:be3bffb0 f14:be3bffb0 f13:42921da1
15804188ns          294298 1c008222 0046270b p.lw             x14, 4(x12!)        x14=4063e62a x12=10000fbc x12:10000fb8  PA:10000fb8
15804228ns          294300 1c008226 08b77753 fsub.s           f14, f14, f11       f14=xxxxxxxx f14:4063e62a f11:406944ef
15804248ns          294301 1c00822a 68e776c3 fmadd.s          f13, f14, f14, f13  f13=xxxxxxxx f14:bdabd8a0 f14:bdabd8a0 f13:42922ee3
15804268ns          294302 1c008222 0046270b p.lw             x14, 4(x12!)        x14=40898d22 x12=10000fc0 x12:10000fbc  PA:10000fbc
15804308ns          294304 1c008226 08b77753 fsub.s           f14, f14, f11       f14=xxxxxxxx f14:40898d22 f11:406944ef
15804329ns          294305 1c00822a 68e776c3 fmadd.s          f13, f14, f14, f13  f13=xxxxxxxx f14:3f275554 f14:3f275554 f13:4292327e
15804349ns          294306 1c008222 0046270b p.lw             x14, 4(x12!)        x14=4067e19f x12=10000fc4 x12:10000fc0  PA:10000fc0
15804389ns          294308 1c008226 08b77753 fsub.s           f14, f14, f11       f14=xxxxxxxx f14:4067e19f f11:406944ef
15804409ns          294309 1c00822a 68e776c3 fmadd.s          f13, f14, f14, f13  f13=xxxxxxxx f14:bcb1a800 f14:bcb1a800 f13:42930d3f
15804429ns          294310 1c008222 0046270b p.lw             x14, 4(x12!)        x14=402b018f x12=10000fc8 x12:10000fc4  PA:10000fc4
15804469ns          294312 1c008226 08b77753 fsub.s           f14, f14, f11       f14=xxxxxxxx f14:402b018f f11:406944ef
15804489ns          294313 1c00822a 68e776c3 fmadd.s          f13, f14, f14, f13  f13=xxxxxxxx f14:bf790d80 f14:bf790d80 f13:42930d7d
15804509ns          294314 1c008222 0046270b p.lw             x14, 4(x12!)        x14=bec26372 x12=10000fcc x12:10000fc8  PA:10000fc8
15804549ns          294316 1c008226 08b77753 fsub.s           f14, f14, f11       f14=xxxxxxxx f14:bec26372 f11:406944ef
15804569ns          294317 1c00822a 68e776c3 fmadd.s          f13, f14, f14, f13  f13=xxxxxxxx f14:c080c8af f14:c080c8af f13:4294f214
15804589ns          294318 1c008222 0046270b p.lw             x14, 4(x12!)        x14=406d6e94 x12=10000fd0 x12:10000fcc  PA:10000fcc
15804630ns          294320 1c008226 08b77753 fsub.s           f14, f14, f11       f14=xxxxxxxx f14:406d6e94 f11:406944ef
15804650ns          294321 1c00822a 68e776c3 fmadd.s          f13, f14, f14, f13  f13=xxxxxxxx f14:3d8534a0 f14:3d8534a0 f13:42b556ba
15804670ns          294322 1c008222 0046270b p.lw             x14, 4(x12!)        x14=407b9bc9 x12=10000fd4 x12:10000fd0  PA:10000fd0
15804710ns          294324 1c008226 08b77753 fsub.s           f14, f14, f11       f14=xxxxxxxx f14:407b9bc9 f11:406944ef
15804730ns          294325 1c00822a 68e776c3 fmadd.s          f13, f14, f14, f13  f13=xxxxxxxx f14:3e92b6d0 f14:3e92b6d0 f13:42b558e4
15804750ns          294326 1c008222 0046270b p.lw             x14, 4(x12!)        x14=408f057e x12=10000fd8 x12:10000fd4  PA:10000fd4
15804790ns          294328 1c008226 08b77753 fsub.s           f14, f14, f11       f14=xxxxxxxx f14:408f057e f11:406944ef
15804810ns          294329 1c00822a 68e776c3 fmadd.s          f13, f14, f14, f13  f13=xxxxxxxx f14:3f531834 f14:3f531834 f13:42b582ef
15805231ns          294350 1c00822e 00449793 slli             x15, x9, 0x4        x15=00000010  x9:00000001
15805252ns          294351 1c008232 012787b3 add              x15, x15, x18       x15=1c010010 x15:00000010 x18:1c010000
15805272ns          294352 1c008234 6407aa83 lw               x21, 1600(x15)      x21=43b63e54 x15:1c010010  PA:1c010650
15805573ns          294367 1c008238 00249493 slli             x9, x9, 0x2          x9=00000004  x9:00000001
15805593ns          294368 1c00823a 00148793 addi             x15, x9, 1          x15=00000005  x9:00000004
15805773ns          294377 1c00823e 1c000637 lui              x12, 0x1c000000     x12=1c000000
15805813ns          294379 1c008242 a1598753 fle.s            x14, f19, f21       x14=00000001 f19:43b63ddb f21:43b63e54
15805833ns          294380 1c008246 00279793 slli             x15, x15, 0x2       x15=00000014 x15:00000005
15805854ns          294381 1c008248 02462403 lw               x8, 36(x12)          x8=3c257eb5 x12:1c000000  PA:1c000024
15806275ns          294402 1c00824c 012787b3 add              x15, x15, x18       x15=1c010014 x15:00000014 x18:1c010000
15806315ns          294404 1c00824e 1086f453 fmul.s           f8, f13, f8          f8=xxxxxxxx f13:42b6df11  f8:3c257eb5
15806355ns          294406 1c008252 6407aa03 lw               x20, 1600(x15)      x20=43b63d66 x15:1c010014  PA:1c010654
15806656ns          294421 1c008256 1c071063 bne              x14, x0, 448        x14:00000001
15807358ns          294456 1c008416 a13a07d3 fle.s            x15, f20, f19       x15=00000001 f20:43b63d66 f19:43b63ddb
15807378ns          294457 1c00841a 00100693 addi             x13, x0, 1          x13=00000001
15807399ns          294458 1c00841c f80798e3 bne              x15, x0, -112       x15:00000001
15808322ns          294504 1c0083ac 00248793 addi             x15, x9, 2          x15=00000006  x9:00000004
15808803ns          294528 1c0083b0 00279793 slli             x15, x15, 0x2       x15=00000018 x15:00000006
15808823ns          294529 1c0083b2 012787b3 add              x15, x15, x18       x15=1c010018 x15:00000018 x18:1c010000
15808843ns          294530 1c0083b4 6407a983 lw               x19, 1600(x15)      x19=3f6c712c x15:1c010018  PA:1c010658
15809144ns          294545 1c0083b8 00348493 addi             x9, x9, 3            x9=00000007  x9:00000004
15809164ns          294546 1c0083ba a1340753 fle.s            x14, f8, f19        x14=00000001  f8:3f6c7092 f19:3f6c712c
15809345ns          294555 1c0083be 00249793 slli             x15, x9, 0x2        x15=0000001c  x9:00000007
15809365ns          294556 1c0083c2 00f90933 add              x18, x18, x15       x18=1c01001c x18:1c010000 x15:0000001c
15809385ns          294557 1c0083c4 64092483 lw               x9, 1600(x18)        x9=3f6c6ff6 x18:1c01001c  PA:1c01065c
15809686ns          294572 1c0083c8 08070963 beq              x14, x0, 146        x14:00000001
15809706ns          294573 1c0083ca a08487d3 fle.s            x15, f9, f8         x15=00000001  f9:3f6c6ff6  f8:3f6c7092
15809726ns          294574 1c0083ce 08078663 beq              x15, x0, 140        x15:00000001
15809887ns          294582 1c0083d0 f14025f3 csrrs            x11, x0, 0xf14      x11=00000001
15809927ns          294584 1c0083d4 f455b5b3 p.bclr           x11, x11, 26, 5     x11=00000001 x11:00000001
15809947ns          294585 1c0083d8 1c068d63 beq              x13, x0, 474        x13:00000001
15809967ns          294586 1c0083dc 1c000537 lui              x10, 0x1c000000     x10=1c000000
15810408ns          294608 1c0083e0 0c050513 addi             x10, x10, 192       x10=1c0000c0 x10:1c000000
15810448ns          294610 1c0083e4 1bb000ef jal              x1, 2490             x1=1c0083e8
15810529ns          294614 1c008d9e fc010113 addi             x2, x2, -64          x2=10000e08  x2:10000e48
15810609ns          294618 1c008da0 02410313 addi             x6, x2, 36           x6=10000e2c  x2:10000e08
15810649ns          294620 1c008da4 02c12423 sw               x12, 40(x2)         x12:1c000000  x2:10000e08  PA:10000e30
15810669ns          294621 1c008da6 00a00633 add              x12, x0, x10        x12=1c0000c0 x10:1c0000c0
15810689ns          294622 1c008da8 1c009537 lui              x10, 0x1c009000     x10=1c009000
15810709ns          294623 1c008dac 02b12223 sw               x11, 36(x2)         x11:00000001  x2:10000e08  PA:10000e2c
15810729ns          294624 1c008dae 02d12623 sw               x13, 44(x2)         x13:00000001  x2:10000e08  PA:10000e34
15810749ns          294625 1c008db0 00200593 addi             x11, x0, 2          x11=00000002
15810770ns          294626 1c008db2 006006b3 add              x13, x0, x6         x13=10000e2c  x6:10000e2c
15810790ns          294627 1c008db4 d3250513 addi             x10, x10, -718      x10=1c008d32 x10:1c009000
15810810ns          294628 1c008db8 00112e23 sw               x1, 28(x2)           x1:1c0083e8  x2:10000e08  PA:10000e24
15810830ns          294629 1c008dba 02e12823 sw               x14, 48(x2)         x14:00000001  x2:10000e08  PA:10000e38
15810850ns          294630 1c008dbc 02f12a23 sw               x15, 52(x2)         x15:00000001  x2:10000e08  PA:10000e3c
15810870ns          294631 1c008dbe 03012c23 sw               x16, 56(x2)         x16:xxxxxxxx  x2:10000e08  PA:10000e40
15810890ns          294632 1c008dc0 03112e23 sw               x17, 60(x2)         x17:xxxxxxxx  x2:10000e08  PA:10000e44
15810910ns          294633 1c008dc2 00612623 sw               x6, 12(x2)           x6:10000e2c  x2:10000e08  PA:10000e14
15810930ns          294634 1c008dc4 fbfff0ef jal              x1, -66              x1=1c008dc6
15811010ns          294638 1c008d82 04a0006f jal              x0, 74             
15811050ns          294640 1c008dcc ed010113 addi             x2, x2, -304         x2=10000cd8  x2:10000e08
15811111ns          294643 1c008dce 12812423 sw               x8, 296(x2)          x8:3f6c7092  x2:10000cd8  PA:10000e00
15811131ns          294644 1c008dd2 00000413 addi             x8, x0, 0            x8=00000000
15811151ns          294645 1c008dd4 11612823 sw               x22, 272(x2)        x22:xxxxxxxx  x2:10000cd8  PA:10000de8
15811171ns          294646 1c008dd8 11712623 sw               x23, 268(x2)        x23:xxxxxxxx  x2:10000cd8  PA:10000de4
15811191ns          294647 1c008ddc 11812423 sw               x24, 264(x2)        x24:xxxxxxxx  x2:10000cd8  PA:10000de0
15811251ns          294650 1c008de0 11912223 sw               x25, 260(x2)        x25:xxxxxxxx  x2:10000cd8  PA:10000ddc
15811291ns          294652 1c008de4 11a12023 sw               x26, 256(x2)        x26:xxxxxxxx  x2:10000cd8  PA:10000dd8
15811311ns          294653 1c008de8 0fb12e23 sw               x27, 252(x2)        x27:xxxxxxxx  x2:10000cd8  PA:10000dd4
15811331ns          294654 1c008dea 12112623 sw               x1, 300(x2)          x1:1c008dc6  x2:10000cd8  PA:10000e04
15811351ns          294655 1c008dee 00800db3 add              x27, x0, x8         x27=00000000  x8:00000000
15811773ns          294676 1c008df0 12912223 sw               x9, 292(x2)          x9:3f6c6ff6  x2:10000cd8  PA:10000dfc
15811813ns          294678 1c008df4 13212023 sw               x18, 288(x2)        x18:1c01001c  x2:10000cd8  PA:10000df8
15811833ns          294679 1c008df8 11312e23 sw               x19, 284(x2)        x19:3f6c712c  x2:10000cd8  PA:10000df4
15811853ns          294680 1c008dfc 11412c23 sw               x20, 280(x2)        x20:43b63d66  x2:10000cd8  PA:10000df0
15811913ns          294683 1c008e00 11512a23 sw               x21, 276(x2)        x21:43b63e54  x2:10000cd8  PA:10000dec
15811953ns          294685 1c008e04 00a00b33 add              x22, x0, x10        x22=1c008d32 x10:1c008d32
15811973ns          294686 1c008e06 00b00d33 add              x26, x0, x11        x26=00000002 x11:00000002
15811994ns          294687 1c008e08 00d00c33 add              x24, x0, x13        x24=10000e2c x13:10000e2c
15812014ns          294688 1c008e0a 1c000bb7 lui              x23, 0x1c000000     x23=1c000000
15812435ns          294709 1c008e0e 02410c93 addi             x25, x2, 36         x25=10000cfc  x2:10000cd8
15812455ns          294710 1c008e12 00c00433 add              x8, x0, x12          x8=1c0000c0 x12:1c0000c0
15812475ns          294711 1c008e14 00044503 lbu              x10, 0(x8)          x10=0000006b  x8:1c0000c0  PA:1c0000c0
15812796ns          294727 1c008e18 00140413 addi             x8, x8, 1            x8=1c0000c1  x8:1c0000c0
15812816ns          294728 1c008e1a 00050e63 beq              x10, x0, 28         x10:0000006b
15812836ns          294729 1c008e1c 02500793 addi             x15, x0, 37         x15=00000025
15812856ns          294730 1c008e20 04f50863 beq              x10, x15, 80        x10:0000006b x15:00000025
15812876ns          294731 1c008e24 01a005b3 add              x11, x0, x26        x11=00000002 x26:00000002
15812896ns          294732 1c008e26 000b00e7 jalr             x1, x22, 0           x1=1c008e28 x22:1c008d32
15813037ns          294739 1c008d32 000026b7 lui              x13, 0x2000         x13=00002000
15813077ns          294741 1c008d34 f14027f3 csrrs            x15, x0, 0xf14      x15=00000001
15813097ns          294742 1c008d38 f8068693 addi             x13, x13, -128      x13=00001f80 x13:00002000
15813117ns          294743 1c008d3c 00379713 slli             x14, x15, 0x3       x14=00000008 x15:00000001
15813177ns          294746 1c008d40 00279793 slli             x15, x15, 0x2       x15=00000004 x15:00000001
15813197ns          294747 1c008d42 00d7f7b3 and              x15, x15, x13       x15=00000000 x15:00000004 x13:00001f80
15813218ns          294748 1c008d44 ee873733 p.bclr           x14, x14, 23, 8     x14=00000008 x14:00000008
15813238ns          294749 1c008d48 1a10f6b7 lui              x13, 0x1a10f000     x13=1a10f000
15813258ns          294750 1c008d4c 0ff57513 andi             x10, x10, 255       x10=0000006b x10:0000006b
15813318ns          294753 1c008d50 00d70733 add              x14, x14, x13       x14=1a10f008 x14:00000008 x13:1a10f000
15813358ns          294755 1c008d52 00a7e723 p.sw             x10, x0(x15)        x10:0000006b x15:00000000  PA:1a10f008
15813699ns          294772 1c008d56 00000513 addi             x10, x0, 0          x10=00000000
15813719ns          294773 1c008d58 00008067 jalr             x0, x1, 0            x1:1c008e28
15813759ns          294775 1c008e28 31f52563 p.beqimm         x10, 778            x10:00000000
15813779ns          294776 1c008e2c 001d8d93 addi             x27, x27, 1         x27=00000001 x27:00000000
15813799ns          294777 1c008e2e 00044503 lbu              x10, 0(x8)          x10=00000065  x8:1c0000c1  PA:1c0000c1
15814100ns          294792 1c008e32 00140413 addi             x8, x8, 1            x8=1c0000c2  x8:1c0000c1
15814120ns          294793 1c008e34 fe0514e3 bne              x10, x0, -24        x10:00000065
15814181ns          294796 1c008e1c 02500793 addi             x15, x0, 37         x15=00000025
15814201ns          294797 1c008e20 04f50863 beq              x10, x15, 80        x10:00000065 x15:00000025
15814221ns          294798 1c008e24 01a005b3 add              x11, x0, x26        x11=00000002 x26:00000002
15814241ns          294799 1c008e26 000b00e7 jalr             x1, x22, 0           x1=1c008e28 x22:1c008d32
15814281ns          294801 1c008d32 000026b7 lui              x13, 0x2000         x13=00002000
15814301ns          294802 1c008d34 f14027f3 csrrs            x15, x0, 0xf14      x15=00000001
15814321ns          294803 1c008d38 f8068693 addi             x13, x13, -128      x13=00001f80 x13:00002000
15814341ns          294804 1c008d3c 00379713 slli             x14, x15, 0x3       x14=00000008 x15:00000001
15814361ns          294805 1c008d40 00279793 slli             x15, x15, 0x2       x15=00000004 x15:00000001
15814381ns          294806 1c008d42 00d7f7b3 and              x15, x15, x13       x15=00000000 x15:00000004 x13:00001f80
15814401ns          294807 1c008d44 ee873733 p.bclr           x14, x14, 23, 8     x14=00000008 x14:00000008
15814421ns          294808 1c008d48 1a10f6b7 lui              x13, 0x1a10f000     x13=1a10f000
15814441ns          294809 1c008d4c 0ff57513 andi             x10, x10, 255       x10=00000065 x10:00000065
15814462ns          294810 1c008d50 00d70733 add              x14, x14, x13       x14=1a10f008 x14:00000008 x13:1a10f000
15814482ns          294811 1c008d52 00a7e723 p.sw             x10, x0(x15)        x10:00000065 x15:00000000  PA:1a10f008
15814803ns          294827 1c008d56 00000513 addi             x10, x0, 0          x10=00000000
15814823ns          294828 1c008d58 00008067 jalr             x0, x1, 0            x1:1c008e28
15814863ns          294830 1c008e28 31f52563 p.beqimm         x10, 778            x10:00000000
15814883ns          294831 1c008e2c 001d8d93 addi             x27, x27, 1         x27=00000002 x27:00000001
15814903ns          294832 1c008e2e 00044503 lbu              x10, 0(x8)          x10=00000072  x8:1c0000c2  PA:1c0000c2
15815204ns          294847 1c008e32 00140413 addi             x8, x8, 1            x8=1c0000c3  x8:1c0000c2
15815224ns          294848 1c008e34 fe0514e3 bne              x10, x0, -24        x10:00000072
15815284ns          294851 1c008e1c 02500793 addi             x15, x0, 37         x15=00000025
15815304ns          294852 1c008e20 04f50863 beq              x10, x15, 80        x10:00000072 x15:00000025
15815324ns          294853 1c008e24 01a005b3 add              x11, x0, x26        x11=00000002 x26:00000002
15815344ns          294854 1c008e26 000b00e7 jalr             x1, x22, 0           x1=1c008e28 x22:1c008d32
15815385ns          294856 1c008d32 000026b7 lui              x13, 0x2000         x13=00002000
15815405ns          294857 1c008d34 f14027f3 csrrs            x15, x0, 0xf14      x15=00000001
15815425ns          294858 1c008d38 f8068693 addi             x13, x13, -128      x13=00001f80 x13:00002000
15815445ns          294859 1c008d3c 00379713 slli             x14, x15, 0x3       x14=00000008 x15:00000001
15815465ns          294860 1c008d40 00279793 slli             x15, x15, 0x2       x15=00000004 x15:00000001
15815485ns          294861 1c008d42 00d7f7b3 and              x15, x15, x13       x15=00000000 x15:00000004 x13:00001f80
15815505ns          294862 1c008d44 ee873733 p.bclr           x14, x14, 23, 8     x14=00000008 x14:00000008
15815525ns          294863 1c008d48 1a10f6b7 lui              x13, 0x1a10f000     x13=1a10f000
15815545ns          294864 1c008d4c 0ff57513 andi             x10, x10, 255       x10=00000072 x10:00000072
15815565ns          294865 1c008d50 00d70733 add              x14, x14, x13       x14=1a10f008 x14:00000008 x13:1a10f000
15815585ns          294866 1c008d52 00a7e723 p.sw             x10, x0(x15)        x10:00000072 x15:00000000  PA:1a10f008
15815906ns          294882 1c008d56 00000513 addi             x10, x0, 0          x10=00000000
15815926ns          294883 1c008d58 00008067 jalr             x0, x1, 0            x1:1c008e28
15815966ns          294885 1c008e28 31f52563 p.beqimm         x10, 778            x10:00000000
15815987ns          294886 1c008e2c 001d8d93 addi             x27, x27, 1         x27=00000003 x27:00000002
15816007ns          294887 1c008e2e 00044503 lbu              x10, 0(x8)          x10=0000006e  x8:1c0000c3  PA:1c0000c3
15816308ns          294902 1c008e32 00140413 addi             x8, x8, 1            x8=1c0000c4  x8:1c0000c3
15816328ns          294903 1c008e34 fe0514e3 bne              x10, x0, -24        x10:0000006e
15816388ns          294906 1c008e1c 02500793 addi             x15, x0, 37         x15=00000025
15816408ns          294907 1c008e20 04f50863 beq              x10, x15, 80        x10:0000006e x15:00000025
15816428ns          294908 1c008e24 01a005b3 add              x11, x0, x26        x11=00000002 x26:00000002
15816448ns          294909 1c008e26 000b00e7 jalr             x1, x22, 0           x1=1c008e28 x22:1c008d32
15816488ns          294911 1c008d32 000026b7 lui              x13, 0x2000         x13=00002000
15816508ns          294912 1c008d34 f14027f3 csrrs            x15, x0, 0xf14      x15=00000001
15816528ns          294913 1c008d38 f8068693 addi             x13, x13, -128      x13=00001f80 x13:00002000
15816548ns          294914 1c008d3c 00379713 slli             x14, x15, 0x3       x14=00000008 x15:00000001
15816568ns          294915 1c008d40 00279793 slli             x15, x15, 0x2       x15=00000004 x15:00000001
15816588ns          294916 1c008d42 00d7f7b3 and              x15, x15, x13       x15=00000000 x15:00000004 x13:00001f80
15816609ns          294917 1c008d44 ee873733 p.bclr           x14, x14, 23, 8     x14=00000008 x14:00000008
15816629ns          294918 1c008d48 1a10f6b7 lui              x13, 0x1a10f000     x13=1a10f000
15816649ns          294919 1c008d4c 0ff57513 andi             x10, x10, 255       x10=0000006e x10:0000006e
15816669ns          294920 1c008d50 00d70733 add              x14, x14, x13       x14=1a10f008 x14:00000008 x13:1a10f000
15816689ns          294921 1c008d52 00a7e723 p.sw             x10, x0(x15)        x10:0000006e x15:00000000  PA:1a10f008
15817010ns          294937 1c008d56 00000513 addi             x10, x0, 0          x10=00000000
15817030ns          294938 1c008d58 00008067 jalr             x0, x1, 0            x1:1c008e28
15817070ns          294940 1c008e28 31f52563 p.beqimm         x10, 778            x10:00000000
15817090ns          294941 1c008e2c 001d8d93 addi             x27, x27, 1         x27=00000004 x27:00000003
15817110ns          294942 1c008e2e 00044503 lbu              x10, 0(x8)          x10=00000065  x8:1c0000c4  PA:1c0000c4
15817411ns          294957 1c008e32 00140413 addi             x8, x8, 1            x8=1c0000c5  x8:1c0000c4
15817431ns          294958 1c008e34 fe0514e3 bne              x10, x0, -24        x10:00000065
15817491ns          294961 1c008e1c 02500793 addi             x15, x0, 37         x15=00000025
15817511ns          294962 1c008e20 04f50863 beq              x10, x15, 80        x10:00000065 x15:00000025
15817532ns          294963 1c008e24 01a005b3 add              x11, x0, x26        x11=00000002 x26:00000002
15817552ns          294964 1c008e26 000b00e7 jalr             x1, x22, 0           x1=1c008e28 x22:1c008d32
15817592ns          294966 1c008d32 000026b7 lui              x13, 0x2000         x13=00002000
15817612ns          294967 1c008d34 f14027f3 csrrs            x15, x0, 0xf14      x15=00000001
15817632ns          294968 1c008d38 f8068693 addi             x13, x13, -128      x13=00001f80 x13:00002000
15817652ns          294969 1c008d3c 00379713 slli             x14, x15, 0x3       x14=00000008 x15:00000001
15817672ns          294970 1c008d40 00279793 slli             x15, x15, 0x2       x15=00000004 x15:00000001
15817692ns          294971 1c008d42 00d7f7b3 and              x15, x15, x13       x15=00000000 x15:00000004 x13:00001f80
15817712ns          294972 1c008d44 ee873733 p.bclr           x14, x14, 23, 8     x14=00000008 x14:00000008
15817732ns          294973 1c008d48 1a10f6b7 lui              x13, 0x1a10f000     x13=1a10f000
15817752ns          294974 1c008d4c 0ff57513 andi             x10, x10, 255       x10=00000065 x10:00000065
15817772ns          294975 1c008d50 00d70733 add              x14, x14, x13       x14=1a10f008 x14:00000008 x13:1a10f000
15817792ns          294976 1c008d52 00a7e723 p.sw             x10, x0(x15)        x10:00000065 x15:00000000  PA:1a10f008
15818113ns          294992 1c008d56 00000513 addi             x10, x0, 0          x10=00000000
15818134ns          294993 1c008d58 00008067 jalr             x0, x1, 0            x1:1c008e28
15818174ns          294995 1c008e28 31f52563 p.beqimm         x10, 778            x10:00000000
15818194ns          294996 1c008e2c 001d8d93 addi             x27, x27, 1         x27=00000005 x27:00000004
15818214ns          294997 1c008e2e 00044503 lbu              x10, 0(x8)          x10=0000006c  x8:1c0000c5  PA:1c0000c5
15818515ns          295012 1c008e32 00140413 addi             x8, x8, 1            x8=1c0000c6  x8:1c0000c5
15818535ns          295013 1c008e34 fe0514e3 bne              x10, x0, -24        x10:0000006c
15818595ns          295016 1c008e1c 02500793 addi             x15, x0, 37         x15=00000025
15818615ns          295017 1c008e20 04f50863 beq              x10, x15, 80        x10:0000006c x15:00000025
15818635ns          295018 1c008e24 01a005b3 add              x11, x0, x26        x11=00000002 x26:00000002
15818655ns          295019 1c008e26 000b00e7 jalr             x1, x22, 0           x1=1c008e28 x22:1c008d32
15818695ns          295021 1c008d32 000026b7 lui              x13, 0x2000         x13=00002000
15818715ns          295022 1c008d34 f14027f3 csrrs            x15, x0, 0xf14      x15=00000001
15818735ns          295023 1c008d38 f8068693 addi             x13, x13, -128      x13=00001f80 x13:00002000
15818756ns          295024 1c008d3c 00379713 slli             x14, x15, 0x3       x14=00000008 x15:00000001
15818776ns          295025 1c008d40 00279793 slli             x15, x15, 0x2       x15=00000004 x15:00000001
15818796ns          295026 1c008d42 00d7f7b3 and              x15, x15, x13       x15=00000000 x15:00000004 x13:00001f80
15818816ns          295027 1c008d44 ee873733 p.bclr           x14, x14, 23, 8     x14=00000008 x14:00000008
15818836ns          295028 1c008d48 1a10f6b7 lui              x13, 0x1a10f000     x13=1a10f000
15818856ns          295029 1c008d4c 0ff57513 andi             x10, x10, 255       x10=0000006c x10:0000006c
15818876ns          295030 1c008d50 00d70733 add              x14, x14, x13       x14=1a10f008 x14:00000008 x13:1a10f000
15818896ns          295031 1c008d52 00a7e723 p.sw             x10, x0(x15)        x10:0000006c x15:00000000  PA:1a10f008
15819217ns          295047 1c008d56 00000513 addi             x10, x0, 0          x10=00000000
15819237ns          295048 1c008d58 00008067 jalr             x0, x1, 0            x1:1c008e28
15819277ns          295050 1c008e28 31f52563 p.beqimm         x10, 778            x10:00000000
15819297ns          295051 1c008e2c 001d8d93 addi             x27, x27, 1         x27=00000006 x27:00000005
15819317ns          295052 1c008e2e 00044503 lbu              x10, 0(x8)          x10=00000020  x8:1c0000c6  PA:1c0000c6
15819618ns          295067 1c008e32 00140413 addi             x8, x8, 1            x8=1c0000c7  x8:1c0000c6
15819638ns          295068 1c008e34 fe0514e3 bne              x10, x0, -24        x10:00000020
15819699ns          295071 1c008e1c 02500793 addi             x15, x0, 37         x15=00000025
15819719ns          295072 1c008e20 04f50863 beq              x10, x15, 80        x10:00000020 x15:00000025
15819739ns          295073 1c008e24 01a005b3 add              x11, x0, x26        x11=00000002 x26:00000002
15819759ns          295074 1c008e26 000b00e7 jalr             x1, x22, 0           x1=1c008e28 x22:1c008d32
15819799ns          295076 1c008d32 000026b7 lui              x13, 0x2000         x13=00002000
15819819ns          295077 1c008d34 f14027f3 csrrs            x15, x0, 0xf14      x15=00000001
15819839ns          295078 1c008d38 f8068693 addi             x13, x13, -128      x13=00001f80 x13:00002000
15819859ns          295079 1c008d3c 00379713 slli             x14, x15, 0x3       x14=00000008 x15:00000001
15819879ns          295080 1c008d40 00279793 slli             x15, x15, 0x2       x15=00000004 x15:00000001
15819899ns          295081 1c008d42 00d7f7b3 and              x15, x15, x13       x15=00000000 x15:00000004 x13:00001f80
15819919ns          295082 1c008d44 ee873733 p.bclr           x14, x14, 23, 8     x14=00000008 x14:00000008
15819939ns          295083 1c008d48 1a10f6b7 lui              x13, 0x1a10f000     x13=1a10f000
15819959ns          295084 1c008d4c 0ff57513 andi             x10, x10, 255       x10=00000020 x10:00000020
15819980ns          295085 1c008d50 00d70733 add              x14, x14, x13       x14=1a10f008 x14:00000008 x13:1a10f000
15820000ns          295086 1c008d52 00a7e723 p.sw             x10, x0(x15)        x10:00000020 x15:00000000  PA:1a10f008
15820321ns          295102 1c008d56 00000513 addi             x10, x0, 0          x10=00000000
15820341ns          295103 1c008d58 00008067 jalr             x0, x1, 0            x1:1c008e28
15820381ns          295105 1c008e28 31f52563 p.beqimm         x10, 778            x10:00000000
15820401ns          295106 1c008e2c 001d8d93 addi             x27, x27, 1         x27=00000007 x27:00000006
15820421ns          295107 1c008e2e 00044503 lbu              x10, 0(x8)          x10=00000070  x8:1c0000c7  PA:1c0000c7
15820722ns          295122 1c008e32 00140413 addi             x8, x8, 1            x8=1c0000c8  x8:1c0000c7
15820742ns          295123 1c008e34 fe0514e3 bne              x10, x0, -24        x10:00000070
15820802ns          295126 1c008e1c 02500793 addi             x15, x0, 37         x15=00000025
15820822ns          295127 1c008e20 04f50863 beq              x10, x15, 80        x10:00000070 x15:00000025
15820842ns          295128 1c008e24 01a005b3 add              x11, x0, x26        x11=00000002 x26:00000002
15820862ns          295129 1c008e26 000b00e7 jalr             x1, x22, 0           x1=1c008e28 x22:1c008d32
15820903ns          295131 1c008d32 000026b7 lui              x13, 0x2000         x13=00002000
15820923ns          295132 1c008d34 f14027f3 csrrs            x15, x0, 0xf14      x15=00000001
15820943ns          295133 1c008d38 f8068693 addi             x13, x13, -128      x13=00001f80 x13:00002000
15820963ns          295134 1c008d3c 00379713 slli             x14, x15, 0x3       x14=00000008 x15:00000001
15820983ns          295135 1c008d40 00279793 slli             x15, x15, 0x2       x15=00000004 x15:00000001
15821003ns          295136 1c008d42 00d7f7b3 and              x15, x15, x13       x15=00000000 x15:00000004 x13:00001f80
15821023ns          295137 1c008d44 ee873733 p.bclr           x14, x14, 23, 8     x14=00000008 x14:00000008
15821043ns          295138 1c008d48 1a10f6b7 lui              x13, 0x1a10f000     x13=1a10f000
15821063ns          295139 1c008d4c 0ff57513 andi             x10, x10, 255       x10=00000070 x10:00000070
15821083ns          295140 1c008d50 00d70733 add              x14, x14, x13       x14=1a10f008 x14:00000008 x13:1a10f000
15821103ns          295141 1c008d52 00a7e723 p.sw             x10, x0(x15)        x10:00000070 x15:00000000  PA:1a10f008
15821444ns          295158 1c008d56 00000513 addi             x10, x0, 0          x10=00000000
15821464ns          295159 1c008d58 00008067 jalr             x0, x1, 0            x1:1c008e28
15821504ns          295161 1c008e28 31f52563 p.beqimm         x10, 778            x10:00000000
15821525ns          295162 1c008e2c 001d8d93 addi             x27, x27, 1         x27=00000008 x27:00000007
15821545ns          295163 1c008e2e 00044503 lbu              x10, 0(x8)          x10=00000061  x8:1c0000c8  PA:1c0000c8
15821846ns          295178 1c008e32 00140413 addi             x8, x8, 1            x8=1c0000c9  x8:1c0000c8
15821866ns          295179 1c008e34 fe0514e3 bne              x10, x0, -24        x10:00000061
15821926ns          295182 1c008e1c 02500793 addi             x15, x0, 37         x15=00000025
15821946ns          295183 1c008e20 04f50863 beq              x10, x15, 80        x10:00000061 x15:00000025
15821966ns          295184 1c008e24 01a005b3 add              x11, x0, x26        x11=00000002 x26:00000002
15821986ns          295185 1c008e26 000b00e7 jalr             x1, x22, 0           x1=1c008e28 x22:1c008d32
15822026ns          295187 1c008d32 000026b7 lui              x13, 0x2000         x13=00002000
15822046ns          295188 1c008d34 f14027f3 csrrs            x15, x0, 0xf14      x15=00000001
15822066ns          295189 1c008d38 f8068693 addi             x13, x13, -128      x13=00001f80 x13:00002000
15822086ns          295190 1c008d3c 00379713 slli             x14, x15, 0x3       x14=00000008 x15:00000001
15822106ns          295191 1c008d40 00279793 slli             x15, x15, 0x2       x15=00000004 x15:00000001
15822127ns          295192 1c008d42 00d7f7b3 and              x15, x15, x13       x15=00000000 x15:00000004 x13:00001f80
15822147ns          295193 1c008d44 ee873733 p.bclr           x14, x14, 23, 8     x14=00000008 x14:00000008
15822167ns          295194 1c008d48 1a10f6b7 lui              x13, 0x1a10f000     x13=1a10f000
15822187ns          295195 1c008d4c 0ff57513 andi             x10, x10, 255       x10=00000061 x10:00000061
15822207ns          295196 1c008d50 00d70733 add              x14, x14, x13       x14=1a10f008 x14:00000008 x13:1a10f000
15822227ns          295197 1c008d52 00a7e723 p.sw             x10, x0(x15)        x10:00000061 x15:00000000  PA:1a10f008
15822548ns          295213 1c008d56 00000513 addi             x10, x0, 0          x10=00000000
15822568ns          295214 1c008d58 00008067 jalr             x0, x1, 0            x1:1c008e28
15822608ns          295216 1c008e28 31f52563 p.beqimm         x10, 778            x10:00000000
15822628ns          295217 1c008e2c 001d8d93 addi             x27, x27, 1         x27=00000009 x27:00000008
15822648ns          295218 1c008e2e 00044503 lbu              x10, 0(x8)          x10=00000073  x8:1c0000c9  PA:1c0000c9
15822949ns          295233 1c008e32 00140413 addi             x8, x8, 1            x8=1c0000ca  x8:1c0000c9
15822969ns          295234 1c008e34 fe0514e3 bne              x10, x0, -24        x10:00000073
15823029ns          295237 1c008e1c 02500793 addi             x15, x0, 37         x15=00000025
15823050ns          295238 1c008e20 04f50863 beq              x10, x15, 80        x10:00000073 x15:00000025
15823070ns          295239 1c008e24 01a005b3 add              x11, x0, x26        x11=00000002 x26:00000002
15823090ns          295240 1c008e26 000b00e7 jalr             x1, x22, 0           x1=1c008e28 x22:1c008d32
15823130ns          295242 1c008d32 000026b7 lui              x13, 0x2000         x13=00002000
15823150ns          295243 1c008d34 f14027f3 csrrs            x15, x0, 0xf14      x15=00000001
15823170ns          295244 1c008d38 f8068693 addi             x13, x13, -128      x13=00001f80 x13:00002000
15823190ns          295245 1c008d3c 00379713 slli             x14, x15, 0x3       x14=00000008 x15:00000001
15823210ns          295246 1c008d40 00279793 slli             x15, x15, 0x2       x15=00000004 x15:00000001
15823230ns          295247 1c008d42 00d7f7b3 and              x15, x15, x13       x15=00000000 x15:00000004 x13:00001f80
15823250ns          295248 1c008d44 ee873733 p.bclr           x14, x14, 23, 8     x14=00000008 x14:00000008
15823270ns          295249 1c008d48 1a10f6b7 lui              x13, 0x1a10f000     x13=1a10f000
15823290ns          295250 1c008d4c 0ff57513 andi             x10, x10, 255       x10=00000073 x10:00000073
15823310ns          295251 1c008d50 00d70733 add              x14, x14, x13       x14=1a10f008 x14:00000008 x13:1a10f000
15823330ns          295252 1c008d52 00a7e723 p.sw             x10, x0(x15)        x10:00000073 x15:00000000  PA:1a10f008
15823651ns          295268 1c008d56 00000513 addi             x10, x0, 0          x10=00000000
15823672ns          295269 1c008d58 00008067 jalr             x0, x1, 0            x1:1c008e28
15823712ns          295271 1c008e28 31f52563 p.beqimm         x10, 778            x10:00000000
15823732ns          295272 1c008e2c 001d8d93 addi             x27, x27, 1         x27=0000000a x27:00000009
15823752ns          295273 1c008e2e 00044503 lbu              x10, 0(x8)          x10=00000073  x8:1c0000ca  PA:1c0000ca
15824053ns          295288 1c008e32 00140413 addi             x8, x8, 1            x8=1c0000cb  x8:1c0000ca
15824073ns          295289 1c008e34 fe0514e3 bne              x10, x0, -24        x10:00000073
15824133ns          295292 1c008e1c 02500793 addi             x15, x0, 37         x15=00000025
15824153ns          295293 1c008e20 04f50863 beq              x10, x15, 80        x10:00000073 x15:00000025
15824173ns          295294 1c008e24 01a005b3 add              x11, x0, x26        x11=00000002 x26:00000002
15824193ns          295295 1c008e26 000b00e7 jalr             x1, x22, 0           x1=1c008e28 x22:1c008d32
15824233ns          295297 1c008d32 000026b7 lui              x13, 0x2000         x13=00002000
15824253ns          295298 1c008d34 f14027f3 csrrs            x15, x0, 0xf14      x15=00000001
15824274ns          295299 1c008d38 f8068693 addi             x13, x13, -128      x13=00001f80 x13:00002000
15824294ns          295300 1c008d3c 00379713 slli             x14, x15, 0x3       x14=00000008 x15:00000001
15824314ns          295301 1c008d40 00279793 slli             x15, x15, 0x2       x15=00000004 x15:00000001
15824334ns          295302 1c008d42 00d7f7b3 and              x15, x15, x13       x15=00000000 x15:00000004 x13:00001f80
15824354ns          295303 1c008d44 ee873733 p.bclr           x14, x14, 23, 8     x14=00000008 x14:00000008
15824374ns          295304 1c008d48 1a10f6b7 lui              x13, 0x1a10f000     x13=1a10f000
15824394ns          295305 1c008d4c 0ff57513 andi             x10, x10, 255       x10=00000073 x10:00000073
15824414ns          295306 1c008d50 00d70733 add              x14, x14, x13       x14=1a10f008 x14:00000008 x13:1a10f000
15824434ns          295307 1c008d52 00a7e723 p.sw             x10, x0(x15)        x10:00000073 x15:00000000  PA:1a10f008
15824755ns          295323 1c008d56 00000513 addi             x10, x0, 0          x10=00000000
15824775ns          295324 1c008d58 00008067 jalr             x0, x1, 0            x1:1c008e28
15824815ns          295326 1c008e28 31f52563 p.beqimm         x10, 778            x10:00000000
15824835ns          295327 1c008e2c 001d8d93 addi             x27, x27, 1         x27=0000000b x27:0000000a
15824855ns          295328 1c008e2e 00044503 lbu              x10, 0(x8)          x10=00000065  x8:1c0000cb  PA:1c0000cb
15825156ns          295343 1c008e32 00140413 addi             x8, x8, 1            x8=1c0000cc  x8:1c0000cb
15825176ns          295344 1c008e34 fe0514e3 bne              x10, x0, -24        x10:00000065
15825237ns          295347 1c008e1c 02500793 addi             x15, x0, 37         x15=00000025
15825257ns          295348 1c008e20 04f50863 beq              x10, x15, 80        x10:00000065 x15:00000025
15825277ns          295349 1c008e24 01a005b3 add              x11, x0, x26        x11=00000002 x26:00000002
15825297ns          295350 1c008e26 000b00e7 jalr             x1, x22, 0           x1=1c008e28 x22:1c008d32
15825337ns          295352 1c008d32 000026b7 lui              x13, 0x2000         x13=00002000
15825357ns          295353 1c008d34 f14027f3 csrrs            x15, x0, 0xf14      x15=00000001
15825377ns          295354 1c008d38 f8068693 addi             x13, x13, -128      x13=00001f80 x13:00002000
15825397ns          295355 1c008d3c 00379713 slli             x14, x15, 0x3       x14=00000008 x15:00000001
15825417ns          295356 1c008d40 00279793 slli             x15, x15, 0x2       x15=00000004 x15:00000001
15825437ns          295357 1c008d42 00d7f7b3 and              x15, x15, x13       x15=00000000 x15:00000004 x13:00001f80
15825457ns          295358 1c008d44 ee873733 p.bclr           x14, x14, 23, 8     x14=00000008 x14:00000008
15825477ns          295359 1c008d48 1a10f6b7 lui              x13, 0x1a10f000     x13=1a10f000
15825498ns          295360 1c008d4c 0ff57513 andi             x10, x10, 255       x10=00000065 x10:00000065
15825518ns          295361 1c008d50 00d70733 add              x14, x14, x13       x14=1a10f008 x14:00000008 x13:1a10f000
15825538ns          295362 1c008d52 00a7e723 p.sw             x10, x0(x15)        x10:00000065 x15:00000000  PA:1a10f008
15825879ns          295379 1c008d56 00000513 addi             x10, x0, 0          x10=00000000
15825899ns          295380 1c008d58 00008067 jalr             x0, x1, 0            x1:1c008e28
15825939ns          295382 1c008e28 31f52563 p.beqimm         x10, 778            x10:00000000
15825959ns          295383 1c008e2c 001d8d93 addi             x27, x27, 1         x27=0000000c x27:0000000b
15825979ns          295384 1c008e2e 00044503 lbu              x10, 0(x8)          x10=00000064  x8:1c0000cc  PA:1c0000cc
15826280ns          295399 1c008e32 00140413 addi             x8, x8, 1            x8=1c0000cd  x8:1c0000cc
15826300ns          295400 1c008e34 fe0514e3 bne              x10, x0, -24        x10:00000064
15826360ns          295403 1c008e1c 02500793 addi             x15, x0, 37         x15=00000025
15826380ns          295404 1c008e20 04f50863 beq              x10, x15, 80        x10:00000064 x15:00000025
15826400ns          295405 1c008e24 01a005b3 add              x11, x0, x26        x11=00000002 x26:00000002
15826421ns          295406 1c008e26 000b00e7 jalr             x1, x22, 0           x1=1c008e28 x22:1c008d32
15826461ns          295408 1c008d32 000026b7 lui              x13, 0x2000         x13=00002000
15826481ns          295409 1c008d34 f14027f3 csrrs            x15, x0, 0xf14      x15=00000001
15826501ns          295410 1c008d38 f8068693 addi             x13, x13, -128      x13=00001f80 x13:00002000
15826521ns          295411 1c008d3c 00379713 slli             x14, x15, 0x3       x14=00000008 x15:00000001
15826541ns          295412 1c008d40 00279793 slli             x15, x15, 0x2       x15=00000004 x15:00000001
15826561ns          295413 1c008d42 00d7f7b3 and              x15, x15, x13       x15=00000000 x15:00000004 x13:00001f80
15826581ns          295414 1c008d44 ee873733 p.bclr           x14, x14, 23, 8     x14=00000008 x14:00000008
15826601ns          295415 1c008d48 1a10f6b7 lui              x13, 0x1a10f000     x13=1a10f000
15826621ns          295416 1c008d4c 0ff57513 andi             x10, x10, 255       x10=00000064 x10:00000064
15826641ns          295417 1c008d50 00d70733 add              x14, x14, x13       x14=1a10f008 x14:00000008 x13:1a10f000
15826661ns          295418 1c008d52 00a7e723 p.sw             x10, x0(x15)        x10:00000064 x15:00000000  PA:1a10f008
15827002ns          295435 1c008d56 00000513 addi             x10, x0, 0          x10=00000000
15827022ns          295436 1c008d58 00008067 jalr             x0, x1, 0            x1:1c008e28
15827063ns          295438 1c008e28 31f52563 p.beqimm         x10, 778            x10:00000000
15827083ns          295439 1c008e2c 001d8d93 addi             x27, x27, 1         x27=0000000d x27:0000000c
15827103ns          295440 1c008e2e 00044503 lbu              x10, 0(x8)          x10=00000020  x8:1c0000cd  PA:1c0000cd
15827404ns          295455 1c008e32 00140413 addi             x8, x8, 1            x8=1c0000ce  x8:1c0000cd
15827424ns          295456 1c008e34 fe0514e3 bne              x10, x0, -24        x10:00000020
15827484ns          295459 1c008e1c 02500793 addi             x15, x0, 37         x15=00000025
15827504ns          295460 1c008e20 04f50863 beq              x10, x15, 80        x10:00000020 x15:00000025
15827524ns          295461 1c008e24 01a005b3 add              x11, x0, x26        x11=00000002 x26:00000002
15827544ns          295462 1c008e26 000b00e7 jalr             x1, x22, 0           x1=1c008e28 x22:1c008d32
15827584ns          295464 1c008d32 000026b7 lui              x13, 0x2000         x13=00002000
15827604ns          295465 1c008d34 f14027f3 csrrs            x15, x0, 0xf14      x15=00000001
15827624ns          295466 1c008d38 f8068693 addi             x13, x13, -128      x13=00001f80 x13:00002000
15827644ns          295467 1c008d3c 00379713 slli             x14, x15, 0x3       x14=00000008 x15:00000001
15827665ns          295468 1c008d40 00279793 slli             x15, x15, 0x2       x15=00000004 x15:00000001
15827685ns          295469 1c008d42 00d7f7b3 and              x15, x15, x13       x15=00000000 x15:00000004 x13:00001f80
15827705ns          295470 1c008d44 ee873733 p.bclr           x14, x14, 23, 8     x14=00000008 x14:00000008
15827725ns          295471 1c008d48 1a10f6b7 lui              x13, 0x1a10f000     x13=1a10f000
15827745ns          295472 1c008d4c 0ff57513 andi             x10, x10, 255       x10=00000020 x10:00000020
15827765ns          295473 1c008d50 00d70733 add              x14, x14, x13       x14=1a10f008 x14:00000008 x13:1a10f000
15827785ns          295474 1c008d52 00a7e723 p.sw             x10, x0(x15)        x10:00000020 x15:00000000  PA:1a10f008
15828126ns          295491 1c008d56 00000513 addi             x10, x0, 0          x10=00000000
15828146ns          295492 1c008d58 00008067 jalr             x0, x1, 0            x1:1c008e28
15828186ns          295494 1c008e28 31f52563 p.beqimm         x10, 778            x10:00000000
15828206ns          295495 1c008e2c 001d8d93 addi             x27, x27, 1         x27=0000000e x27:0000000d
15828226ns          295496 1c008e2e 00044503 lbu              x10, 0(x8)          x10=0000006f  x8:1c0000ce  PA:1c0000ce
15828527ns          295511 1c008e32 00140413 addi             x8, x8, 1            x8=1c0000cf  x8:1c0000ce
15828547ns          295512 1c008e34 fe0514e3 bne              x10, x0, -24        x10:0000006f
15828608ns          295515 1c008e1c 02500793 addi             x15, x0, 37         x15=00000025
15828628ns          295516 1c008e20 04f50863 beq              x10, x15, 80        x10:0000006f x15:00000025
15828648ns          295517 1c008e24 01a005b3 add              x11, x0, x26        x11=00000002 x26:00000002
15828668ns          295518 1c008e26 000b00e7 jalr             x1, x22, 0           x1=1c008e28 x22:1c008d32
15828708ns          295520 1c008d32 000026b7 lui              x13, 0x2000         x13=00002000
15828728ns          295521 1c008d34 f14027f3 csrrs            x15, x0, 0xf14      x15=00000001
15828748ns          295522 1c008d38 f8068693 addi             x13, x13, -128      x13=00001f80 x13:00002000
15828768ns          295523 1c008d3c 00379713 slli             x14, x15, 0x3       x14=00000008 x15:00000001
15828788ns          295524 1c008d40 00279793 slli             x15, x15, 0x2       x15=00000004 x15:00000001
15828808ns          295525 1c008d42 00d7f7b3 and              x15, x15, x13       x15=00000000 x15:00000004 x13:00001f80
15828828ns          295526 1c008d44 ee873733 p.bclr           x14, x14, 23, 8     x14=00000008 x14:00000008
15828848ns          295527 1c008d48 1a10f6b7 lui              x13, 0x1a10f000     x13=1a10f000
15828868ns          295528 1c008d4c 0ff57513 andi             x10, x10, 255       x10=0000006f x10:0000006f
15828889ns          295529 1c008d50 00d70733 add              x14, x14, x13       x14=1a10f008 x14:00000008 x13:1a10f000
15828909ns          295530 1c008d52 00a7e723 p.sw             x10, x0(x15)        x10:0000006f x15:00000000  PA:1a10f008
15829230ns          295546 1c008d56 00000513 addi             x10, x0, 0          x10=00000000
15829250ns          295547 1c008d58 00008067 jalr             x0, x1, 0            x1:1c008e28
15829290ns          295549 1c008e28 31f52563 p.beqimm         x10, 778            x10:00000000
15829310ns          295550 1c008e2c 001d8d93 addi             x27, x27, 1         x27=0000000f x27:0000000e
15829330ns          295551 1c008e2e 00044503 lbu              x10, 0(x8)          x10=0000006e  x8:1c0000cf  PA:1c0000cf
15829651ns          295567 1c008e32 00140413 addi             x8, x8, 1            x8=1c0000d0  x8:1c0000cf
15829671ns          295568 1c008e34 fe0514e3 bne              x10, x0, -24        x10:0000006e
15829731ns          295571 1c008e1c 02500793 addi             x15, x0, 37         x15=00000025
15829751ns          295572 1c008e20 04f50863 beq              x10, x15, 80        x10:0000006e x15:00000025
15829771ns          295573 1c008e24 01a005b3 add              x11, x0, x26        x11=00000002 x26:00000002
15829791ns          295574 1c008e26 000b00e7 jalr             x1, x22, 0           x1=1c008e28 x22:1c008d32
15829832ns          295576 1c008d32 000026b7 lui              x13, 0x2000         x13=00002000
15829852ns          295577 1c008d34 f14027f3 csrrs            x15, x0, 0xf14      x15=00000001
15829872ns          295578 1c008d38 f8068693 addi             x13, x13, -128      x13=00001f80 x13:00002000
15829892ns          295579 1c008d3c 00379713 slli             x14, x15, 0x3       x14=00000008 x15:00000001
15829912ns          295580 1c008d40 00279793 slli             x15, x15, 0x2       x15=00000004 x15:00000001
15829932ns          295581 1c008d42 00d7f7b3 and              x15, x15, x13       x15=00000000 x15:00000004 x13:00001f80
15829952ns          295582 1c008d44 ee873733 p.bclr           x14, x14, 23, 8     x14=00000008 x14:00000008
15829972ns          295583 1c008d48 1a10f6b7 lui              x13, 0x1a10f000     x13=1a10f000
15829992ns          295584 1c008d4c 0ff57513 andi             x10, x10, 255       x10=0000006e x10:0000006e
15830012ns          295585 1c008d50 00d70733 add              x14, x14, x13       x14=1a10f008 x14:00000008 x13:1a10f000
15830032ns          295586 1c008d52 00a7e723 p.sw             x10, x0(x15)        x10:0000006e x15:00000000  PA:1a10f008
15830353ns          295602 1c008d56 00000513 addi             x10, x0, 0          x10=00000000
15830373ns          295603 1c008d58 00008067 jalr             x0, x1, 0            x1:1c008e28
15830414ns          295605 1c008e28 31f52563 p.beqimm         x10, 778            x10:00000000
15830434ns          295606 1c008e2c 001d8d93 addi             x27, x27, 1         x27=00000010 x27:0000000f
15830454ns          295607 1c008e2e 00044503 lbu              x10, 0(x8)          x10=00000020  x8:1c0000d0  PA:1c0000d0
15830755ns          295622 1c008e32 00140413 addi             x8, x8, 1            x8=1c0000d1  x8:1c0000d0
15830775ns          295623 1c008e34 fe0514e3 bne              x10, x0, -24        x10:00000020
15830835ns          295626 1c008e1c 02500793 addi             x15, x0, 37         x15=00000025
15830855ns          295627 1c008e20 04f50863 beq              x10, x15, 80        x10:00000020 x15:00000025
15830875ns          295628 1c008e24 01a005b3 add              x11, x0, x26        x11=00000002 x26:00000002
15830895ns          295629 1c008e26 000b00e7 jalr             x1, x22, 0           x1=1c008e28 x22:1c008d32
15830935ns          295631 1c008d32 000026b7 lui              x13, 0x2000         x13=00002000
15830955ns          295632 1c008d34 f14027f3 csrrs            x15, x0, 0xf14      x15=00000001
15830975ns          295633 1c008d38 f8068693 addi             x13, x13, -128      x13=00001f80 x13:00002000
15830995ns          295634 1c008d3c 00379713 slli             x14, x15, 0x3       x14=00000008 x15:00000001
15831015ns          295635 1c008d40 00279793 slli             x15, x15, 0x2       x15=00000004 x15:00000001
15831036ns          295636 1c008d42 00d7f7b3 and              x15, x15, x13       x15=00000000 x15:00000004 x13:00001f80
15831056ns          295637 1c008d44 ee873733 p.bclr           x14, x14, 23, 8     x14=00000008 x14:00000008
15831076ns          295638 1c008d48 1a10f6b7 lui              x13, 0x1a10f000     x13=1a10f000
15831096ns          295639 1c008d4c 0ff57513 andi             x10, x10, 255       x10=00000020 x10:00000020
15831116ns          295640 1c008d50 00d70733 add              x14, x14, x13       x14=1a10f008 x14:00000008 x13:1a10f000
15831136ns          295641 1c008d52 00a7e723 p.sw             x10, x0(x15)        x10:00000020 x15:00000000  PA:1a10f008
15831457ns          295657 1c008d56 00000513 addi             x10, x0, 0          x10=00000000
15831477ns          295658 1c008d58 00008067 jalr             x0, x1, 0            x1:1c008e28
15831517ns          295660 1c008e28 31f52563 p.beqimm         x10, 778            x10:00000000
15831537ns          295661 1c008e2c 001d8d93 addi             x27, x27, 1         x27=00000011 x27:00000010
15831557ns          295662 1c008e2e 00044503 lbu              x10, 0(x8)          x10=00000063  x8:1c0000d1  PA:1c0000d1
15831858ns          295677 1c008e32 00140413 addi             x8, x8, 1            x8=1c0000d2  x8:1c0000d1
15831878ns          295678 1c008e34 fe0514e3 bne              x10, x0, -24        x10:00000063
15831938ns          295681 1c008e1c 02500793 addi             x15, x0, 37         x15=00000025
15831959ns          295682 1c008e20 04f50863 beq              x10, x15, 80        x10:00000063 x15:00000025
15831979ns          295683 1c008e24 01a005b3 add              x11, x0, x26        x11=00000002 x26:00000002
15831999ns          295684 1c008e26 000b00e7 jalr             x1, x22, 0           x1=1c008e28 x22:1c008d32
15832039ns          295686 1c008d32 000026b7 lui              x13, 0x2000         x13=00002000
15832059ns          295687 1c008d34 f14027f3 csrrs            x15, x0, 0xf14      x15=00000001
15832079ns          295688 1c008d38 f8068693 addi             x13, x13, -128      x13=00001f80 x13:00002000
15832099ns          295689 1c008d3c 00379713 slli             x14, x15, 0x3       x14=00000008 x15:00000001
15832119ns          295690 1c008d40 00279793 slli             x15, x15, 0x2       x15=00000004 x15:00000001
15832139ns          295691 1c008d42 00d7f7b3 and              x15, x15, x13       x15=00000000 x15:00000004 x13:00001f80
15832159ns          295692 1c008d44 ee873733 p.bclr           x14, x14, 23, 8     x14=00000008 x14:00000008
15832179ns          295693 1c008d48 1a10f6b7 lui              x13, 0x1a10f000     x13=1a10f000
15832199ns          295694 1c008d4c 0ff57513 andi             x10, x10, 255       x10=00000063 x10:00000063
15832219ns          295695 1c008d50 00d70733 add              x14, x14, x13       x14=1a10f008 x14:00000008 x13:1a10f000
15832239ns          295696 1c008d52 00a7e723 p.sw             x10, x0(x15)        x10:00000063 x15:00000000  PA:1a10f008
15832561ns          295712 1c008d56 00000513 addi             x10, x0, 0          x10=00000000
15832581ns          295713 1c008d58 00008067 jalr             x0, x1, 0            x1:1c008e28
15832621ns          295715 1c008e28 31f52563 p.beqimm         x10, 778            x10:00000000
15832641ns          295716 1c008e2c 001d8d93 addi             x27, x27, 1         x27=00000012 x27:00000011
15832661ns          295717 1c008e2e 00044503 lbu              x10, 0(x8)          x10=0000006f  x8:1c0000d2  PA:1c0000d2
15832962ns          295732 1c008e32 00140413 addi             x8, x8, 1            x8=1c0000d3  x8:1c0000d2
15832982ns          295733 1c008e34 fe0514e3 bne              x10, x0, -24        x10:0000006f
15833042ns          295736 1c008e1c 02500793 addi             x15, x0, 37         x15=00000025
15833062ns          295737 1c008e20 04f50863 beq              x10, x15, 80        x10:0000006f x15:00000025
15833082ns          295738 1c008e24 01a005b3 add              x11, x0, x26        x11=00000002 x26:00000002
15833102ns          295739 1c008e26 000b00e7 jalr             x1, x22, 0           x1=1c008e28 x22:1c008d32
15833142ns          295741 1c008d32 000026b7 lui              x13, 0x2000         x13=00002000
15833162ns          295742 1c008d34 f14027f3 csrrs            x15, x0, 0xf14      x15=00000001
15833183ns          295743 1c008d38 f8068693 addi             x13, x13, -128      x13=00001f80 x13:00002000
15833203ns          295744 1c008d3c 00379713 slli             x14, x15, 0x3       x14=00000008 x15:00000001
15833223ns          295745 1c008d40 00279793 slli             x15, x15, 0x2       x15=00000004 x15:00000001
15833243ns          295746 1c008d42 00d7f7b3 and              x15, x15, x13       x15=00000000 x15:00000004 x13:00001f80
15833263ns          295747 1c008d44 ee873733 p.bclr           x14, x14, 23, 8     x14=00000008 x14:00000008
15833283ns          295748 1c008d48 1a10f6b7 lui              x13, 0x1a10f000     x13=1a10f000
15833303ns          295749 1c008d4c 0ff57513 andi             x10, x10, 255       x10=0000006f x10:0000006f
15833323ns          295750 1c008d50 00d70733 add              x14, x14, x13       x14=1a10f008 x14:00000008 x13:1a10f000
15833343ns          295751 1c008d52 00a7e723 p.sw             x10, x0(x15)        x10:0000006f x15:00000000  PA:1a10f008
15833664ns          295767 1c008d56 00000513 addi             x10, x0, 0          x10=00000000
15833684ns          295768 1c008d58 00008067 jalr             x0, x1, 0            x1:1c008e28
15833724ns          295770 1c008e28 31f52563 p.beqimm         x10, 778            x10:00000000
15833744ns          295771 1c008e2c 001d8d93 addi             x27, x27, 1         x27=00000013 x27:00000012
15833764ns          295772 1c008e2e 00044503 lbu              x10, 0(x8)          x10=00000072  x8:1c0000d3  PA:1c0000d3
15834065ns          295787 1c008e32 00140413 addi             x8, x8, 1            x8=1c0000d4  x8:1c0000d3
15834085ns          295788 1c008e34 fe0514e3 bne              x10, x0, -24        x10:00000072
15834146ns          295791 1c008e1c 02500793 addi             x15, x0, 37         x15=00000025
15834166ns          295792 1c008e20 04f50863 beq              x10, x15, 80        x10:00000072 x15:00000025
15834186ns          295793 1c008e24 01a005b3 add              x11, x0, x26        x11=00000002 x26:00000002
15834206ns          295794 1c008e26 000b00e7 jalr             x1, x22, 0           x1=1c008e28 x22:1c008d32
15834246ns          295796 1c008d32 000026b7 lui              x13, 0x2000         x13=00002000
15834266ns          295797 1c008d34 f14027f3 csrrs            x15, x0, 0xf14      x15=00000001
15834286ns          295798 1c008d38 f8068693 addi             x13, x13, -128      x13=00001f80 x13:00002000
15834306ns          295799 1c008d3c 00379713 slli             x14, x15, 0x3       x14=00000008 x15:00000001
15834326ns          295800 1c008d40 00279793 slli             x15, x15, 0x2       x15=00000004 x15:00000001
15834346ns          295801 1c008d42 00d7f7b3 and              x15, x15, x13       x15=00000000 x15:00000004 x13:00001f80
15834366ns          295802 1c008d44 ee873733 p.bclr           x14, x14, 23, 8     x14=00000008 x14:00000008
15834386ns          295803 1c008d48 1a10f6b7 lui              x13, 0x1a10f000     x13=1a10f000
15834407ns          295804 1c008d4c 0ff57513 andi             x10, x10, 255       x10=00000072 x10:00000072
15834427ns          295805 1c008d50 00d70733 add              x14, x14, x13       x14=1a10f008 x14:00000008 x13:1a10f000
15834447ns          295806 1c008d52 00a7e723 p.sw             x10, x0(x15)        x10:00000072 x15:00000000  PA:1a10f008
15834768ns          295822 1c008d56 00000513 addi             x10, x0, 0          x10=00000000
15834788ns          295823 1c008d58 00008067 jalr             x0, x1, 0            x1:1c008e28
15834828ns          295825 1c008e28 31f52563 p.beqimm         x10, 778            x10:00000000
15834848ns          295826 1c008e2c 001d8d93 addi             x27, x27, 1         x27=00000014 x27:00000013
15834868ns          295827 1c008e2e 00044503 lbu              x10, 0(x8)          x10=00000065  x8:1c0000d4  PA:1c0000d4
15835169ns          295842 1c008e32 00140413 addi             x8, x8, 1            x8=1c0000d5  x8:1c0000d4
15835189ns          295843 1c008e34 fe0514e3 bne              x10, x0, -24        x10:00000065
15835249ns          295846 1c008e1c 02500793 addi             x15, x0, 37         x15=00000025
15835269ns          295847 1c008e20 04f50863 beq              x10, x15, 80        x10:00000065 x15:00000025
15835289ns          295848 1c008e24 01a005b3 add              x11, x0, x26        x11=00000002 x26:00000002
15835309ns          295849 1c008e26 000b00e7 jalr             x1, x22, 0           x1=1c008e28 x22:1c008d32
15835350ns          295851 1c008d32 000026b7 lui              x13, 0x2000         x13=00002000
15835370ns          295852 1c008d34 f14027f3 csrrs            x15, x0, 0xf14      x15=00000001
15835390ns          295853 1c008d38 f8068693 addi             x13, x13, -128      x13=00001f80 x13:00002000
15835410ns          295854 1c008d3c 00379713 slli             x14, x15, 0x3       x14=00000008 x15:00000001
15835430ns          295855 1c008d40 00279793 slli             x15, x15, 0x2       x15=00000004 x15:00000001
15835450ns          295856 1c008d42 00d7f7b3 and              x15, x15, x13       x15=00000000 x15:00000004 x13:00001f80
15835470ns          295857 1c008d44 ee873733 p.bclr           x14, x14, 23, 8     x14=00000008 x14:00000008
15835490ns          295858 1c008d48 1a10f6b7 lui              x13, 0x1a10f000     x13=1a10f000
15835510ns          295859 1c008d4c 0ff57513 andi             x10, x10, 255       x10=00000065 x10:00000065
15835530ns          295860 1c008d50 00d70733 add              x14, x14, x13       x14=1a10f008 x14:00000008 x13:1a10f000
15835550ns          295861 1c008d52 00a7e723 p.sw             x10, x0(x15)        x10:00000065 x15:00000000  PA:1a10f008
15835871ns          295877 1c008d56 00000513 addi             x10, x0, 0          x10=00000000
15835891ns          295878 1c008d58 00008067 jalr             x0, x1, 0            x1:1c008e28
15835931ns          295880 1c008e28 31f52563 p.beqimm         x10, 778            x10:00000000
15835952ns          295881 1c008e2c 001d8d93 addi             x27, x27, 1         x27=00000015 x27:00000014
15835972ns          295882 1c008e2e 00044503 lbu              x10, 0(x8)          x10=00000020  x8:1c0000d5  PA:1c0000d5
15836273ns          295897 1c008e32 00140413 addi             x8, x8, 1            x8=1c0000d6  x8:1c0000d5
15836293ns          295898 1c008e34 fe0514e3 bne              x10, x0, -24        x10:00000020
15836353ns          295901 1c008e1c 02500793 addi             x15, x0, 37         x15=00000025
15836373ns          295902 1c008e20 04f50863 beq              x10, x15, 80        x10:00000020 x15:00000025
15836393ns          295903 1c008e24 01a005b3 add              x11, x0, x26        x11=00000002 x26:00000002
15836413ns          295904 1c008e26 000b00e7 jalr             x1, x22, 0           x1=1c008e28 x22:1c008d32
15836453ns          295906 1c008d32 000026b7 lui              x13, 0x2000         x13=00002000
15836473ns          295907 1c008d34 f14027f3 csrrs            x15, x0, 0xf14      x15=00000001
15836493ns          295908 1c008d38 f8068693 addi             x13, x13, -128      x13=00001f80 x13:00002000
15836513ns          295909 1c008d3c 00379713 slli             x14, x15, 0x3       x14=00000008 x15:00000001
15836533ns          295910 1c008d40 00279793 slli             x15, x15, 0x2       x15=00000004 x15:00000001
15836554ns          295911 1c008d42 00d7f7b3 and              x15, x15, x13       x15=00000000 x15:00000004 x13:00001f80
15836574ns          295912 1c008d44 ee873733 p.bclr           x14, x14, 23, 8     x14=00000008 x14:00000008
15836594ns          295913 1c008d48 1a10f6b7 lui              x13, 0x1a10f000     x13=1a10f000
15836614ns          295914 1c008d4c 0ff57513 andi             x10, x10, 255       x10=00000020 x10:00000020
15836634ns          295915 1c008d50 00d70733 add              x14, x14, x13       x14=1a10f008 x14:00000008 x13:1a10f000
15836654ns          295916 1c008d52 00a7e723 p.sw             x10, x0(x15)        x10:00000020 x15:00000000  PA:1a10f008
15836975ns          295932 1c008d56 00000513 addi             x10, x0, 0          x10=00000000
15836995ns          295933 1c008d58 00008067 jalr             x0, x1, 0            x1:1c008e28
15837035ns          295935 1c008e28 31f52563 p.beqimm         x10, 778            x10:00000000
15837055ns          295936 1c008e2c 001d8d93 addi             x27, x27, 1         x27=00000016 x27:00000015
15837075ns          295937 1c008e2e 00044503 lbu              x10, 0(x8)          x10=00000020  x8:1c0000d6  PA:1c0000d6
15837396ns          295953 1c008e32 00140413 addi             x8, x8, 1            x8=1c0000d7  x8:1c0000d6
15837416ns          295954 1c008e34 fe0514e3 bne              x10, x0, -24        x10:00000020
15837477ns          295957 1c008e1c 02500793 addi             x15, x0, 37         x15=00000025
15837497ns          295958 1c008e20 04f50863 beq              x10, x15, 80        x10:00000020 x15:00000025
15837517ns          295959 1c008e24 01a005b3 add              x11, x0, x26        x11=00000002 x26:00000002
15837537ns          295960 1c008e26 000b00e7 jalr             x1, x22, 0           x1=1c008e28 x22:1c008d32
15837577ns          295962 1c008d32 000026b7 lui              x13, 0x2000         x13=00002000
15837597ns          295963 1c008d34 f14027f3 csrrs            x15, x0, 0xf14      x15=00000001
15837617ns          295964 1c008d38 f8068693 addi             x13, x13, -128      x13=00001f80 x13:00002000
15837637ns          295965 1c008d3c 00379713 slli             x14, x15, 0x3       x14=00000008 x15:00000001
15837657ns          295966 1c008d40 00279793 slli             x15, x15, 0x2       x15=00000004 x15:00000001
15837677ns          295967 1c008d42 00d7f7b3 and              x15, x15, x13       x15=00000000 x15:00000004 x13:00001f80
15837697ns          295968 1c008d44 ee873733 p.bclr           x14, x14, 23, 8     x14=00000008 x14:00000008
15837717ns          295969 1c008d48 1a10f6b7 lui              x13, 0x1a10f000     x13=1a10f000
15837737ns          295970 1c008d4c 0ff57513 andi             x10, x10, 255       x10=00000020 x10:00000020
15837757ns          295971 1c008d50 00d70733 add              x14, x14, x13       x14=1a10f008 x14:00000008 x13:1a10f000
15837778ns          295972 1c008d52 00a7e723 p.sw             x10, x0(x15)        x10:00000020 x15:00000000  PA:1a10f008
15838099ns          295988 1c008d56 00000513 addi             x10, x0, 0          x10=00000000
15838119ns          295989 1c008d58 00008067 jalr             x0, x1, 0            x1:1c008e28
15838159ns          295991 1c008e28 31f52563 p.beqimm         x10, 778            x10:00000000
15838179ns          295992 1c008e2c 001d8d93 addi             x27, x27, 1         x27=00000017 x27:00000016
15838199ns          295993 1c008e2e 00044503 lbu              x10, 0(x8)          x10=00000025  x8:1c0000d7  PA:1c0000d7
15838500ns          296008 1c008e32 00140413 addi             x8, x8, 1            x8=1c0000d8  x8:1c0000d7
15838520ns          296009 1c008e34 fe0514e3 bne              x10, x0, -24        x10:00000025
15838580ns          296012 1c008e1c 02500793 addi             x15, x0, 37         x15=00000025
15838600ns          296013 1c008e20 04f50863 beq              x10, x15, 80        x10:00000025 x15:00000025
15838701ns          296018 1c008e70 00044483 lbu              x9, 0(x8)            x9=00000064  x8:1c0000d8  PA:1c0000d8
15839022ns          296034 1c008e74 02000693 addi             x13, x0, 32         x13=00000020
15839042ns          296035 1c008e78 00140a93 addi             x21, x8, 1          x21=1c0000d9  x8:1c0000d8
15839062ns          296036 1c008e7c 009005b3 add              x11, x0, x9         x11=00000064  x9:00000064
15839082ns          296037 1c008e7e 150b8513 addi             x10, x23, 336       x10=1c000150 x23:1c000000
15839102ns          296038 1c008e82 00d12823 sw               x13, 16(x2)         x13:00000020  x2:10000cd8  PA:10000ce8
15839122ns          296039 1c008e84 00012c23 sw               x0, 24(x2)           x2:10000cd8  PA:10000cf0
15839142ns          296040 1c008e86 00012a23 sw               x0, 20(x2)           x2:10000cd8  PA:10000cec
15839162ns          296041 1c008e88 00012e23 sw               x0, 28(x2)           x2:10000cd8  PA:10000cf4
15839182ns          296042 1c008e8a 00012623 sw               x0, 12(x2)           x2:10000cd8  PA:10000ce4
15839202ns          296043 1c008e8c 02300913 addi             x18, x0, 35         x18=00000023
15839222ns          296044 1c008e90 02d00a13 addi             x20, x0, 45         x20=0000002d
15839242ns          296045 1c008e94 015009b3 add              x19, x0, x21        x19=1c0000d9 x21:1c0000d9
15839262ns          296046 1c008e96 e1dff0ef jal              x1, -484             x1=1c008e98
15839443ns          296055 1c008cb2 00054783 lbu              x15, 0(x10)         x15=0000002d x10:1c000150  PA:1c000150
15839764ns          296071 1c008cb6 0ff5f593 andi             x11, x11, 255       x11=00000064 x11:00000064
15839784ns          296072 1c008cba 00b78c63 beq              x15, x11, 24        x15:0000002d x11:00000064
15839804ns          296073 1c008cbe 00078b63 beq              x15, x0, 22         x15:0000002d
15839824ns          296074 1c008cc0 00150793 addi             x15, x10, 1         x15=1c000151 x10:1c000150
15839844ns          296075 1c008cc4 0040006f jal              x0, 4              
15839884ns          296077 1c008cc8 00f00533 add              x10, x0, x15        x10=1c000151 x15:1c000151
15839904ns          296078 1c008cca 0017c70b p.lbu            x14, 1(x15!)        x14=0000002b x15=1c000152 x15:1c000151  PA:1c000151
15840225ns          296094 1c008cce feb71ce3 bne              x14, x11, -8        x14:0000002b x11:00000064
15840286ns          296097 1c008cc6 00070763 beq              x14, x0, 14         x14:0000002b
15840306ns          296098 1c008cc8 00f00533 add              x10, x0, x15        x10=1c000152 x15:1c000152
15840326ns          296099 1c008cca 0017c70b p.lbu            x14, 1(x15!)        x14=00000020 x15=1c000153 x15:1c000152  PA:1c000152
15840667ns          296116 1c008cce feb71ce3 bne              x14, x11, -8        x14:00000020 x11:00000064
15840727ns          296119 1c008cc6 00070763 beq              x14, x0, 14         x14:00000020
15840747ns          296120 1c008cc8 00f00533 add              x10, x0, x15        x10=1c000153 x15:1c000153
15840767ns          296121 1c008cca 0017c70b p.lbu            x14, 1(x15!)        x14=00000023 x15=1c000154 x15:1c000153  PA:1c000153
15841088ns          296137 1c008cce feb71ce3 bne              x14, x11, -8        x14:00000023 x11:00000064
15841148ns          296140 1c008cc6 00070763 beq              x14, x0, 14         x14:00000023
15841169ns          296141 1c008cc8 00f00533 add              x10, x0, x15        x10=1c000154 x15:1c000154
15841189ns          296142 1c008cca 0017c70b p.lbu            x14, 1(x15!)        x14=00000030 x15=1c000155 x15:1c000154  PA:1c000154
15841510ns          296158 1c008cce feb71ce3 bne              x14, x11, -8        x14:00000030 x11:00000064
15841570ns          296161 1c008cc6 00070763 beq              x14, x0, 14         x14:00000030
15841590ns          296162 1c008cc8 00f00533 add              x10, x0, x15        x10=1c000155 x15:1c000155
15841610ns          296163 1c008cca 0017c70b p.lbu            x14, 1(x15!)        x14=00000000 x15=1c000156 x15:1c000155  PA:1c000155
15841931ns          296179 1c008cce feb71ce3 bne              x14, x11, -8        x14:00000000 x11:00000064
15841991ns          296182 1c008cc6 00070763 beq              x14, x0, 14         x14:00000000
15842051ns          296185 1c008cd4 0015b593 sltiu            x11, x11, 1         x11=00000000 x11:00000064
15842071ns          296186 1c008cd8 40b005b3 sub              x11, x0, x11        x11=00000000 x11:00000000
15842092ns          296187 1c008cdc 00b57533 and              x10, x10, x11       x10=00000000 x10:1c000155 x11:00000000
15842112ns          296188 1c008cde 00008067 jalr             x0, x1, 0            x1:1c008e98
15842192ns          296192 1c008e98 02050a63 beq              x10, x0, 52         x10:00000000
15842292ns          296197 1c008ecc 02a00613 addi             x12, x0, 42         x12=0000002a
15842372ns          296201 1c008ed0 2ac48663 beq              x9, x12, 684         x9:00000064 x12:0000002a
15842413ns          296203 1c008ed4 fd048613 addi             x12, x9, -48        x12=00000034  x9:00000064
15842433ns          296204 1c008ed8 00900593 addi             x11, x0, 9          x11=00000009
15842453ns          296205 1c008eda 00000913 addi             x18, x0, 0          x18=00000000
15842473ns          296206 1c008edc 28c5f063 bgeu             x11, x12, 640       x11:00000009 x12:00000034
15842513ns          296208 1c008ee0 02e00693 addi             x13, x0, 46         x13=0000002e
15842553ns          296210 1c008ee4 fff00a13 addi             x20, x0, -1         x20=ffffffff
15842573ns          296211 1c008ee6 2ed48363 beq              x9, x13, 742         x9:00000064 x13:0000002e
15842593ns          296212 1c008eea 1c0007b7 lui              x15, 0x1c000000     x15=1c000000
15842613ns          296213 1c008eee 009005b3 add              x11, x0, x9         x11=00000064  x9:00000064
15842653ns          296215 1c008ef0 15878513 addi             x10, x15, 344       x10=1c000158 x15:1c000000
15842694ns          296217 1c008ef4 dbfff0ef jal              x1, -578             x1=1c008ef6
15842754ns          296220 1c008cb2 00054783 lbu              x15, 0(x10)         x15=00000068 x10:1c000158  PA:1c000158
15843055ns          296235 1c008cb6 0ff5f593 andi             x11, x11, 255       x11=00000064 x11:00000064
15843075ns          296236 1c008cba 00b78c63 beq              x15, x11, 24        x15:00000068 x11:00000064
15843095ns          296237 1c008cbe 00078b63 beq              x15, x0, 22         x15:00000068
15843115ns          296238 1c008cc0 00150793 addi             x15, x10, 1         x15=1c000159 x10:1c000158
15843135ns          296239 1c008cc4 0040006f jal              x0, 4              
15843175ns          296241 1c008cc8 00f00533 add              x10, x0, x15        x10=1c000159 x15:1c000159
15843195ns          296242 1c008cca 0017c70b p.lbu            x14, 1(x15!)        x14=0000006c x15=1c00015a x15:1c000159  PA:1c000159
15843536ns          296259 1c008cce feb71ce3 bne              x14, x11, -8        x14:0000006c x11:00000064
15843596ns          296262 1c008cc6 00070763 beq              x14, x0, 14         x14:0000006c
15843617ns          296263 1c008cc8 00f00533 add              x10, x0, x15        x10=1c00015a x15:1c00015a
15843637ns          296264 1c008cca 0017c70b p.lbu            x14, 1(x15!)        x14=0000004c x15=1c00015b x15:1c00015a  PA:1c00015a
15843958ns          296280 1c008cce feb71ce3 bne              x14, x11, -8        x14:0000004c x11:00000064
15844018ns          296283 1c008cc6 00070763 beq              x14, x0, 14         x14:0000004c
15844038ns          296284 1c008cc8 00f00533 add              x10, x0, x15        x10=1c00015b x15:1c00015b
15844058ns          296285 1c008cca 0017c70b p.lbu            x14, 1(x15!)        x14=0000007a x15=1c00015c x15:1c00015b  PA:1c00015b
15844379ns          296301 1c008cce feb71ce3 bne              x14, x11, -8        x14:0000007a x11:00000064
15844439ns          296304 1c008cc6 00070763 beq              x14, x0, 14         x14:0000007a
15844459ns          296305 1c008cc8 00f00533 add              x10, x0, x15        x10=1c00015c x15:1c00015c
15844479ns          296306 1c008cca 0017c70b p.lbu            x14, 1(x15!)        x14=00000000 x15=1c00015d x15:1c00015c  PA:1c00015c
15844800ns          296322 1c008cce feb71ce3 bne              x14, x11, -8        x14:00000000 x11:00000064
15844861ns          296325 1c008cc6 00070763 beq              x14, x0, 14         x14:00000000
15844921ns          296328 1c008cd4 0015b593 sltiu            x11, x11, 1         x11=00000000 x11:00000064
15844941ns          296329 1c008cd8 40b005b3 sub              x11, x0, x11        x11=00000000 x11:00000000
15844961ns          296330 1c008cdc 00b57533 and              x10, x10, x11       x10=00000000 x10:1c00015c x11:00000000
15844981ns          296331 1c008cde 00008067 jalr             x0, x1, 0            x1:1c008ef6
15845021ns          296333 1c008ef6 01300433 add              x8, x0, x19          x8=1c0000d9 x19:1c0000d9
15845041ns          296334 1c008ef8 00050563 beq              x10, x0, 10         x10:00000000
15845182ns          296341 1c008f02 06700693 addi             x13, x0, 103        x13=00000067
15845202ns          296342 1c008f06 2896d963 bge              x13, x9, 658        x13:00000067  x9:00000064
15845362ns          296350 1c009198 06500693 addi             x13, x0, 101        x13=00000065
15845402ns          296352 1c00919c 12d4d563 bge              x9, x13, 298         x9:00000064 x13:00000065
15845463ns          296355 1c0091a0 04700693 addi             x13, x0, 71         x13=00000047
15845503ns          296357 1c0091a4 dc96cbe3 blt              x13, x9, -554       x13:00000047  x9:00000064
15845643ns          296364 1c008f7a 06300693 addi             x13, x0, 99         x13=00000063
15845703ns          296367 1c008f7e 0ad488e3 beq              x9, x13, 2224        x9:00000064 x13:00000063
15845743ns          296369 1c008f82 0096c9e3 blt              x13, x9, 2066       x13:00000063  x9:00000064
15845844ns          296374 1c009794 000c2583 lw               x11, 0(x24)         x11=00000001 x24:10000e2c  PA:10000e2c
15845884ns          296376 1c009798 004c0c13 addi             x24, x24, 4         x24=10000e30 x24:10000e2c
15845904ns          296377 1c00979a 3405cc63 blt              x11, x0, 856        x11:00000001
15845924ns          296378 1c00979e 01412603 lw               x12, 20(x2)         x12=00000000  x2:10000cd8  PA:10000cec
15845964ns          296380 1c0097a0 00b006b3 add              x13, x0, x11        x13=00000001 x11:00000001
15846004ns          296382 1c0097a2 2e061863 bne              x12, x0, 752        x12:00000000
15846024ns          296383 1c0097a6 01812703 lw               x14, 24(x2)         x14=00000000  x2:10000cd8  PA:10000cf0
15846044ns          296384 1c0097a8 019007b3 add              x15, x0, x25        x15=10000cfc x25:10000cfc
15846064ns          296385 1c0097aa 00070763 beq              x14, x0, 14         x14:00000000
15846125ns          296388 1c0097b8 00f00733 add              x14, x0, x15        x14=10000cfc x15:10000cfc
15846145ns          296389 1c0097ba 00a00513 addi             x10, x0, 10         x10=0000000a
15846165ns          296390 1c0097bc 02a6f633 remu             x12, x13, x10       x12=00000001 x13:00000001 x10:0000000a
15846807ns          296422 1c0097c0 02a6d6b3 divu             x13, x13, x10       x13=00000000 x13:00000001 x10:0000000a
15847429ns          296453 1c0097c4 03060613 addi             x12, x12, 48        x12=00000031 x12:00000001
15847449ns          296454 1c0097c8 00c700ab p.sb             x12, 1(x14!)        x14=10000cfd x12:00000031 x14:10000cfc  PA:10000cfc
15847469ns          296455 1c0097cc fe0698e3 bne              x13, x0, -16        x13:00000000
15847489ns          296456 1c0097ce 40f706b3 sub              x13, x14, x15       x13=00000001 x14:10000cfd x15:10000cfc
15847509ns          296457 1c0097d2 0146dc63 bge              x13, x20, 24        x13:00000001 x20:ffffffff
15847610ns          296462 1c0097ea 00e006b3 add              x13, x0, x14        x13=10000cfd x14:10000cfd
15847650ns          296464 1c0097ec fe068fab p.sb             x0, -1(x13!)        x13=10000cfc x13:10000cfd  PA:10000cfd
15847710ns          296467 1c0097f0 00d7fc63 bgeu             x15, x13, 24        x15:10000cfc x13:10000cfc
15847810ns          296472 1c009808 01412783 lw               x15, 20(x2)         x15=00000000  x2:10000cd8  PA:10000cec
15847830ns          296473 1c00980a 01812603 lw               x12, 24(x2)         x12=00000000  x2:10000cd8  PA:10000cf0
15847850ns          296474 1c00980c 419704b3 sub              x9, x14, x25         x9=00000001 x14:10000cfd x25:10000cfc
15847870ns          296475 1c009810 00c7e7b3 or               x15, x15, x12       x15=00000000 x15:00000000 x12:00000000
15847890ns          296476 1c009812 00f12623 sw               x15, 12(x2)         x15:00000000  x2:10000cd8  PA:10000ce4
15847911ns          296477 1c009814 00079363 bne              x15, x0, 6          x15:00000000
15847931ns          296478 1c009816 01f5d593 srli             x11, x11, 0x1f      x11=00000000 x11:00000001
15847951ns          296479 1c009818 00b12623 sw               x11, 12(x2)         x11:00000000  x2:10000cd8  PA:10000ce4
15847971ns          296480 1c00981a e3fa28e3 p.beqimm         x20, -464           x20:ffffffff
15848111ns          296487 1c00964a 0c800793 addi             x15, x0, 200        x15=000000c8
15848171ns          296490 1c00964e 9e97d0e3 bge              x15, x9, -1568      x15:000000c8  x9:00000001
15848352ns          296499 1c00902e 0f24d163 bge              x9, x18, 226         x9:00000001 x18:00000000
15848452ns          296504 1c009110 d00482e3 beq              x9, x0, -764         x9:00000001
15848492ns          296506 1c009114 01900933 add              x18, x0, x25        x18=10000cfc x25:10000cfc
15848512ns          296507 1c009116 419d8db3 sub              x27, x27, x25       x27=effff31b x27:00000017 x25:10000cfc
15848533ns          296508 1c00911a 00a0006f jal              x0, 10             
15848633ns          296513 1c009124 0019450b p.lbu            x10, 1(x18!)        x10=00000031 x18=10000cfd x18:10000cfc  PA:10000cfc
15848653ns          296514 1c009128 01a005b3 add              x11, x0, x26        x11=00000002 x26:00000002
15848673ns          296515 1c00912a 000b00e7 jalr             x1, x22, 0           x1=1c00912c x22:1c008d32
15848813ns          296522 1c008d32 000026b7 lui              x13, 0x2000         x13=00002000
15848854ns          296524 1c008d34 f14027f3 csrrs            x15, x0, 0xf14      x15=00000001
15848874ns          296525 1c008d38 f8068693 addi             x13, x13, -128      x13=00001f80 x13:00002000
15848894ns          296526 1c008d3c 00379713 slli             x14, x15, 0x3       x14=00000008 x15:00000001
15848954ns          296529 1c008d40 00279793 slli             x15, x15, 0x2       x15=00000004 x15:00000001
15848974ns          296530 1c008d42 00d7f7b3 and              x15, x15, x13       x15=00000000 x15:00000004 x13:00001f80
15848994ns          296531 1c008d44 ee873733 p.bclr           x14, x14, 23, 8     x14=00000008 x14:00000008
15849014ns          296532 1c008d48 1a10f6b7 lui              x13, 0x1a10f000     x13=1a10f000
15849034ns          296533 1c008d4c 0ff57513 andi             x10, x10, 255       x10=00000031 x10:00000031
15849114ns          296537 1c008d50 00d70733 add              x14, x14, x13       x14=1a10f008 x14:00000008 x13:1a10f000
15849155ns          296539 1c008d52 00a7e723 p.sw             x10, x0(x15)        x10:00000031 x15:00000000  PA:1a10f008
15849476ns          296555 1c008d56 00000513 addi             x10, x0, 0          x10=00000000
15849496ns          296556 1c008d58 00008067 jalr             x0, x1, 0            x1:1c00912c
15849536ns          296558 1c00912c fff48493 addi             x9, x9, -1           x9=00000000  x9:00000001
15849556ns          296559 1c00912e fff537e3 p.bneimm         x10, -18            x10:00000000
15849616ns          296562 1c00911c 012d8733 add              x14, x27, x18       x14=00000018 x27:effff31b x18:10000cfd
15849636ns          296563 1c009120 5a048b63 beq              x9, x0, 1462         x9:00000000
15849736ns          296568 1c0096d6 00e00db3 add              x27, x0, x14        x27=00000018 x14:00000018
15849777ns          296570 1c0096d8 f3cff06f jal              x0, -2244          
15849857ns          296574 1c008e14 00044503 lbu              x10, 0(x8)          x10=0000000a  x8:1c0000d9  PA:1c0000d9
15850198ns          296591 1c008e18 00140413 addi             x8, x8, 1            x8=1c0000da  x8:1c0000d9
15850218ns          296592 1c008e1a 00050e63 beq              x10, x0, 28         x10:0000000a
15850238ns          296593 1c008e1c 02500793 addi             x15, x0, 37         x15=00000025
15850258ns          296594 1c008e20 04f50863 beq              x10, x15, 80        x10:0000000a x15:00000025
15850278ns          296595 1c008e24 01a005b3 add              x11, x0, x26        x11=00000002 x26:00000002
15850298ns          296596 1c008e26 000b00e7 jalr             x1, x22, 0           x1=1c008e28 x22:1c008d32
15850399ns          296601 1c008d32 000026b7 lui              x13, 0x2000         x13=00002000
15850419ns          296602 1c008d34 f14027f3 csrrs            x15, x0, 0xf14      x15=00000001
15850439ns          296603 1c008d38 f8068693 addi             x13, x13, -128      x13=00001f80 x13:00002000
15850459ns          296604 1c008d3c 00379713 slli             x14, x15, 0x3       x14=00000008 x15:00000001
15850479ns          296605 1c008d40 00279793 slli             x15, x15, 0x2       x15=00000004 x15:00000001
15850499ns          296606 1c008d42 00d7f7b3 and              x15, x15, x13       x15=00000000 x15:00000004 x13:00001f80
15850519ns          296607 1c008d44 ee873733 p.bclr           x14, x14, 23, 8     x14=00000008 x14:00000008
15850539ns          296608 1c008d48 1a10f6b7 lui              x13, 0x1a10f000     x13=1a10f000
15850559ns          296609 1c008d4c 0ff57513 andi             x10, x10, 255       x10=0000000a x10:0000000a
15850579ns          296610 1c008d50 00d70733 add              x14, x14, x13       x14=1a10f008 x14:00000008 x13:1a10f000
15850599ns          296611 1c008d52 00a7e723 p.sw             x10, x0(x15)        x10:0000000a x15:00000000  PA:1a10f008
15850920ns          296627 1c008d56 00000513 addi             x10, x0, 0          x10=00000000
15850940ns          296628 1c008d58 00008067 jalr             x0, x1, 0            x1:1c008e28
15850981ns          296630 1c008e28 31f52563 p.beqimm         x10, 778            x10:00000000
15851001ns          296631 1c008e2c 001d8d93 addi             x27, x27, 1         x27=00000019 x27:00000018
15851021ns          296632 1c008e2e 00044503 lbu              x10, 0(x8)          x10=00000000  x8:1c0000da  PA:1c0000da
15851322ns          296647 1c008e32 00140413 addi             x8, x8, 1            x8=1c0000db  x8:1c0000da
15851342ns          296648 1c008e34 fe0514e3 bne              x10, x0, -24        x10:00000000
15851362ns          296649 1c008e36 01b00433 add              x8, x0, x27          x8=00000019 x27:00000019
15851382ns          296650 1c008e38 00800533 add              x10, x0, x8         x10=00000019  x8:00000019
15851402ns          296651 1c008e3a 12c12083 lw               x1, 300(x2)          x1=1c008dc6  x2:10000cd8  PA:10000e04
15851422ns          296652 1c008e3e 12812403 lw               x8, 296(x2)          x8=3f6c7092  x2:10000cd8  PA:10000e00
15851442ns          296653 1c008e42 12412483 lw               x9, 292(x2)          x9=3f6c6ff6  x2:10000cd8  PA:10000dfc
15851462ns          296654 1c008e46 12012903 lw               x18, 288(x2)        x18=1c01001c  x2:10000cd8  PA:10000df8
15851482ns          296655 1c008e4a 11c12983 lw               x19, 284(x2)        x19=3f6c712c  x2:10000cd8  PA:10000df4
15851542ns          296658 1c008e4e 11812a03 lw               x20, 280(x2)        x20=43b63d66  x2:10000cd8  PA:10000df0
15851582ns          296660 1c008e52 11412a83 lw               x21, 276(x2)        x21=43b63e54  x2:10000cd8  PA:10000dec
15851603ns          296661 1c008e56 11012b03 lw               x22, 272(x2)        x22=xxxxxxxx  x2:10000cd8  PA:10000de8
15851623ns          296662 1c008e5a 10c12b83 lw               x23, 268(x2)        x23=xxxxxxxx  x2:10000cd8  PA:10000de4
15851683ns          296665 1c008e5e 10812c03 lw               x24, 264(x2)        x24=xxxxxxxx  x2:10000cd8  PA:10000de0
15851723ns          296667 1c008e62 10412c83 lw               x25, 260(x2)        x25=xxxxxxxx  x2:10000cd8  PA:10000ddc
15851743ns          296668 1c008e66 10012d03 lw               x26, 256(x2)        x26=xxxxxxxx  x2:10000cd8  PA:10000dd8
15851763ns          296669 1c008e6a 0fc12d83 lw               x27, 252(x2)        x27=xxxxxxxx  x2:10000cd8  PA:10000dd4
15851783ns          296670 1c008e6c 13010113 addi             x2, x2, 304          x2=10000e08  x2:10000cd8
15851803ns          296671 1c008e6e 00008067 jalr             x0, x1, 0            x1:1c008dc6
15851904ns          296676 1c008dc6 01c12083 lw               x1, 28(x2)           x1=1c0083e8  x2:10000e08  PA:10000e24
15851944ns          296678 1c008dc8 04010113 addi             x2, x2, 64           x2=10000e48  x2:10000e08
15851964ns          296679 1c008dca 00008067 jalr             x0, x1, 0            x1:1c0083e8
15852064ns          296684 1c0083e8 00100413 addi             x8, x0, 1            x8=00000001
15852084ns          296685 1c0083ea 56b010ef jal              x1, 7530             x1=1c0083ee
15852225ns          296692 1c00a154 f14027f3 csrrs            x15, x0, 0xf14      x15=00000001
15852265ns          296694 1c00a158 01f00713 addi             x14, x0, 31         x14=0000001f
15852285ns          296695 1c00a15a ca5797b3 p.extractu       x15, x15, 5, 5      x15=00000000 x15:00000001
15852345ns          296698 1c00a15e 00e78863 beq              x15, x14, 16        x15:00000000 x14:0000001f
15852385ns          296700 1c00a162 002047b7 lui              x15, 0x204000       x15=00204000
15852405ns          296701 1c00a166 20078793 addi             x15, x15, 512       x15=00204200 x15:00204000
15852425ns          296702 1c00a16a 01c7e703 p.elw            x14, 28(x15)        x14=00010000 x15:00204200  PA:0020421c
15852706ns          296716 1c00a16e 00008067 jalr             x0, x1, 0            x1:1c0083ee
15852806ns          296721 1c0083ee 00144513 xori             x10, x8, 1          x10=00000000  x8:00000001
15852847ns          296723 1c0083f2 1ac12083 lw               x1, 428(x2)          x1=1c00a064  x2:10000e48  PA:10000ff4
15852867ns          296724 1c0083f6 1a812403 lw               x8, 424(x2)          x8=xxxxxxxx  x2:10000e48  PA:10000ff0
15852887ns          296725 1c0083fa 1a412483 lw               x9, 420(x2)          x9=xxxxxxxx  x2:10000e48  PA:10000fec
15853308ns          296746 1c0083fe 1a012903 lw               x18, 416(x2)        x18=xxxxxxxx  x2:10000e48  PA:10000fe8
15853348ns          296748 1c008402 19c12983 lw               x19, 412(x2)        x19=xxxxxxxx  x2:10000e48  PA:10000fe4
15853368ns          296749 1c008406 19812a03 lw               x20, 408(x2)        x20=xxxxxxxx  x2:10000e48  PA:10000fe0
15853388ns          296750 1c00840a 19412a83 lw               x21, 404(x2)        x21=xxxxxxxx  x2:10000e48  PA:10000fdc
15853449ns          296753 1c00840e 19012b03 lw               x22, 400(x2)        x22=xxxxxxxx  x2:10000e48  PA:10000fd8
15853469ns          296754 1c008412 1b010113 addi             x2, x2, 432          x2=10000ff8  x2:10000e48
15853489ns          296755 1c008414 00008067 jalr             x0, x1, 0            x1:1c00a064
15853569ns          296759 1c00a064 f14027f3 csrrs            x15, x0, 0xf14      x15=00000001
15853609ns          296761 1c00a068 f457b7b3 p.bclr           x15, x15, 26, 5     x15=00000001 x15:00000001
15853629ns          296762 1c00a06c 00079963 bne              x15, x0, 18         x15:00000001
15854211ns          296791 1c00a07e 002047b7 lui              x15, 0x204000       x15=00204000
15854231ns          296792 1c00a082 fff00713 addi             x14, x0, -1         x14=ffffffff
15854251ns          296793 1c00a084 00e7a223 sw               x14, 4(x15)         x14:ffffffff x15:00204000  PA:00204004
