                Time          Cycles PC       Instr    Mnemonic
13342522ns          214524 1c008080 0640006f jal              x0, 100            
13342980ns          214547 1c0080e4 f1402573 csrrs            x10, x0, 0xf14      x10=00000003
13343020ns          214549 1c0080e8 01f57593 andi             x11, x10, 31        x11=00000003 x10:00000003
13343040ns          214550 1c0080ec 00555513 srli             x10, x10, 0x5       x10=00000000 x10:00000003
13343059ns          214551 1c0080ee 01f00613 addi             x12, x0, 31         x12=0000001f
13343477ns          214572 1c0080f0 00c50463 beq              x10, x12, 8         x10:00000000 x12:0000001f
13343517ns          214574 1c0080f4 fa1ff06f jal              x0, -96            
13343994ns          214598 1c008094 f3ff8117 auipc            x2, 0xf3ff8000       x2=10000094
13344034ns          214600 1c008098 f7010113 addi             x2, x2, -144         x2=10000004  x2:10000094
13344054ns          214601 1c00809c 00012103 lw               x2, 0(x2)            x2=10000008  x2:10000004  PA:10000004
13344492ns          214623 1c0080a0 000011b7 lui              x3, 0x1000           x3=00001000
13344531ns          214625 1c0080a4 80018193 addi             x3, x3, -2048        x3=00000800  x3:00001000
13344551ns          214626 1c0080a8 00158593 addi             x11, x11, 1         x11=00000004 x11:00000003
13344571ns          214627 1c0080ac 02b180b3 mul              x1, x3, x11          x1=00002000  x3:00000800 x11:00000004
13345009ns          214649 1c0080b0 00110133 add              x2, x2, x1           x2=10002008  x2:10000008  x1:00002000
13345049ns          214651 1c0080b4 3dd0106f jal              x0, 7132           
13345506ns          214674 1c009c90 ff010113 addi             x2, x2, -16          x2=10001ff8  x2:10002008
13345526ns          214675 1c009c92 00112623 sw               x1, 12(x2)           x1:00002000  x2:10001ff8  PA:10002004
13345546ns          214676 1c009c94 002047b7 lui              x15, 0x204000       x15=00204000
13345566ns          214677 1c009c98 00070737 lui              x14, 0x70000        x14=00070000
13345586ns          214678 1c009c9c 00e7a423 sw               x14, 8(x15)         x14:00070000 x15:00204000  PA:00204008
13345605ns          214679 1c009c9e 00f00713 addi             x14, x0, 15         x14=0000000f
13346023ns          214700 1c009ca0 20078793 addi             x15, x15, 512       x15=00204200 x15:00204000
13346063ns          214702 1c009ca4 00e7a023 sw               x14, 0(x15)         x14:0000000f x15:00204200  PA:00204200
13346103ns          214704 1c009ca8 00e7a623 sw               x14, 12(x15)        x14:0000000f x15:00204200  PA:0020420c
13346123ns          214705 1c009cac 1c0017b7 lui              x15, 0x1c001000     x15=1c001000
13346560ns          214727 1c009cb0 ebc7a783 lw               x15, -324(x15)      x15=1c00836a x15:1c001000  PA:1c000ebc
13347038ns          214751 1c009cb4 000780e7 jalr             x1, x15, 0           x1=1c009cb6 x15:1c00836a
13347595ns          214779 1c00836a f14027f3 csrrs            x15, x0, 0xf14      x15=00000003
13348052ns          214802 1c00836e ca579733 p.extractu       x14, x15, 5, 5      x14=00000000 x15:00000003
13348072ns          214803 1c008372 00071c63 bne              x14, x0, 24         x14:00000000
13348092ns          214804 1c008374 f457b7b3 p.bclr           x15, x15, 26, 5     x15=00000003 x15:00000003
13348112ns          214805 1c008378 00078363 beq              x15, x0, 6          x15:00000003
13348132ns          214806 1c00837a 00000513 addi             x10, x0, 0          x10=00000000
13348152ns          214807 1c00837c 00008067 jalr             x0, x1, 0            x1:1c009cb6
13348629ns          214831 1c009cb6 f14027f3 csrrs            x15, x0, 0xf14      x15=00000003
13348649ns          214832 1c009cba f457b7b3 p.bclr           x15, x15, 26, 5     x15=00000003 x15:00000003
13348669ns          214833 1c009cbe 00079963 bne              x15, x0, 18         x15:00000003
13349206ns          214860 1c009cd0 002047b7 lui              x15, 0x204000       x15=00204000
13349246ns          214862 1c009cd4 fff00713 addi             x14, x0, -1         x14=ffffffff
13349265ns          214863 1c009cd6 00e7a223 sw               x14, 4(x15)         x14:ffffffff x15:00204000  PA:00204004
