                Time          Cycles PC       Instr    Mnemonic
13342423ns          214519 1c008080 0640006f jal              x0, 100            
13342880ns          214542 1c0080e4 f1402573 csrrs            x10, x0, 0xf14      x10=00000000
13342920ns          214544 1c0080e8 01f57593 andi             x11, x10, 31        x11=00000000 x10:00000000
13342940ns          214545 1c0080ec 00555513 srli             x10, x10, 0x5       x10=00000000 x10:00000000
13342960ns          214546 1c0080ee 01f00613 addi             x12, x0, 31         x12=0000001f
13343378ns          214567 1c0080f0 00c50463 beq              x10, x12, 8         x10:00000000 x12:0000001f
13343418ns          214569 1c0080f4 fa1ff06f jal              x0, -96            
13343895ns          214593 1c008094 f3ff8117 auipc            x2, 0xf3ff8000       x2=10000094
13343935ns          214595 1c008098 f7010113 addi             x2, x2, -144         x2=10000004  x2:10000094
13343955ns          214596 1c00809c 00012103 lw               x2, 0(x2)            x2=10000008  x2:10000004  PA:10000004
13344392ns          214618 1c0080a0 000011b7 lui              x3, 0x1000           x3=00001000
13344432ns          214620 1c0080a4 80018193 addi             x3, x3, -2048        x3=00000800  x3:00001000
13344452ns          214621 1c0080a8 00158593 addi             x11, x11, 1         x11=00000001 x11:00000000
13344472ns          214622 1c0080ac 02b180b3 mul              x1, x3, x11          x1=00000800  x3:00000800 x11:00000001
13344909ns          214644 1c0080b0 00110133 add              x2, x2, x1           x2=10000808  x2:10000008  x1:00000800
13344949ns          214646 1c0080b4 3dd0106f jal              x0, 7132           
13345407ns          214669 1c009c90 ff010113 addi             x2, x2, -16          x2=100007f8  x2:10000808
13345426ns          214670 1c009c92 00112623 sw               x1, 12(x2)           x1:00000800  x2:100007f8  PA:10000804
13345446ns          214671 1c009c94 002047b7 lui              x15, 0x204000       x15=00204000
13345466ns          214672 1c009c98 00070737 lui              x14, 0x70000        x14=00070000
13345486ns          214673 1c009c9c 00e7a423 sw               x14, 8(x15)         x14:00070000 x15:00204000  PA:00204008
13345506ns          214674 1c009c9e 00f00713 addi             x14, x0, 15         x14=0000000f
13345924ns          214695 1c009ca0 20078793 addi             x15, x15, 512       x15=00204200 x15:00204000
13345964ns          214697 1c009ca4 00e7a023 sw               x14, 0(x15)         x14:0000000f x15:00204200  PA:00204200
13345983ns          214698 1c009ca8 00e7a623 sw               x14, 12(x15)        x14:0000000f x15:00204200  PA:0020420c
13346003ns          214699 1c009cac 1c0017b7 lui              x15, 0x1c001000     x15=1c001000
13346461ns          214722 1c009cb0 ebc7a783 lw               x15, -324(x15)      x15=1c00836a x15:1c001000  PA:1c000ebc
13346799ns          214739 1c009cb4 000780e7 jalr             x1, x15, 0           x1=1c009cb6 x15:1c00836a
13347495ns          214774 1c00836a f14027f3 csrrs            x15, x0, 0xf14      x15=00000000
13347953ns          214797 1c00836e ca579733 p.extractu       x14, x15, 5, 5      x14=00000000 x15:00000000
13347972ns          214798 1c008372 00071c63 bne              x14, x0, 24         x14:00000000
13347992ns          214799 1c008374 f457b7b3 p.bclr           x15, x15, 26, 5     x15=00000000 x15:00000000
13348012ns          214800 1c008378 00078363 beq              x15, x0, 6          x15:00000000
13348529ns          214826 1c00837e 1c001537 lui              x10, 0x1c001000     x10=1c001000
13348549ns          214827 1c008382 e6450513 addi             x10, x10, -412      x10=1c000e64 x10:1c001000
13348569ns          214828 1c008386 7680106f jal              x0, 5992           
13349027ns          214851 1c009aee fb010113 addi             x2, x2, -80          x2=100007a8  x2:100007f8
13349484ns          214874 1c009af0 00052783 lw               x15, 0(x10)         x15=1c000050 x10:1c000e64  PA:1c000e64
13349783ns          214889 1c009af2 04112623 sw               x1, 76(x2)           x1:1c009cb6  x2:100007a8  PA:100007f4
13349802ns          214890 1c009af4 04812423 sw               x8, 72(x2)           x8:xxxxxxxx  x2:100007a8  PA:100007f0
13349822ns          214891 1c009af6 04912223 sw               x9, 68(x2)           x9:xxxxxxxx  x2:100007a8  PA:100007ec
13349842ns          214892 1c009af8 05212023 sw               x18, 64(x2)         x18:xxxxxxxx  x2:100007a8  PA:100007e8
13349862ns          214893 1c009afa 03312e23 sw               x19, 60(x2)         x19:xxxxxxxx  x2:100007a8  PA:100007e4
13349882ns          214894 1c009afc 03412c23 sw               x20, 56(x2)         x20:xxxxxxxx  x2:100007a8  PA:100007e0
13349902ns          214895 1c009afe 03512a23 sw               x21, 52(x2)         x21:xxxxxxxx  x2:100007a8  PA:100007dc
13350001ns          214900 1c009b00 03612823 sw               x22, 48(x2)         x22:xxxxxxxx  x2:100007a8  PA:100007d8
13350021ns          214901 1c009b02 03712623 sw               x23, 44(x2)         x23:xxxxxxxx  x2:100007a8  PA:100007d4
13350041ns          214902 1c009b04 03812423 sw               x24, 40(x2)         x24:xxxxxxxx  x2:100007a8  PA:100007d0
13350061ns          214903 1c009b06 03912223 sw               x25, 36(x2)         x25:xxxxxxxx  x2:100007a8  PA:100007cc
13350081ns          214904 1c009b08 03a12023 sw               x26, 32(x2)         x26:xxxxxxxx  x2:100007a8  PA:100007c8
13350101ns          214905 1c009b0a 01b12e23 sw               x27, 28(x2)         x27:xxxxxxxx  x2:100007a8  PA:100007c4
13350121ns          214906 1c009b0c 10078763 beq              x15, x0, 270        x15:1c000050
13350538ns          214927 1c009b10 00850713 addi             x14, x10, 8         x14=1c000e6c x10:1c000e64
13350578ns          214929 1c009b14 00000413 addi             x8, x0, 0            x8=00000000
13350598ns          214930 1c009b16 0087268b p.lw             x13, 8(x14!)        x13=1c000054 x14=1c000e74 x14:1c000e6c  PA:1c000e6c
13350896ns          214945 1c009b1a 00140413 addi             x8, x8, 1            x8=00000001  x8:00000000
13350916ns          214946 1c009b1c fe069de3 bne              x13, x0, -6         x13:1c000054
13351115ns          214956 1c009b16 0087268b p.lw             x13, 8(x14!)        x13=1c00004c x14=1c000e7c x14:1c000e74  PA:1c000e74
13351414ns          214971 1c009b1a 00140413 addi             x8, x8, 1            x8=00000002  x8:00000001
13351433ns          214972 1c009b1c fe069de3 bne              x13, x0, -6         x13:1c00004c
13351513ns          214976 1c009b16 0087268b p.lw             x13, 8(x14!)        x13=00000000 x14=1c000e84 x14:1c000e7c  PA:1c000e7c
13351831ns          214992 1c009b1a 00140413 addi             x8, x8, 1            x8=00000003  x8:00000002
13351851ns          214993 1c009b1c fe069de3 bne              x13, x0, -6         x13:00000000
13351871ns          214994 1c009b1e 00450d93 addi             x27, x10, 4         x27=1c000e68 x10:1c000e64
13351891ns          214995 1c009b22 00341413 slli             x8, x8, 0x3          x8=00000018  x8:00000003
13351911ns          214996 1c009b24 1c001a37 lui              x20, 0x1c001000     x20=1c001000
13351931ns          214997 1c009b28 1a10b937 lui              x18, 0x1a10b000     x18=1a10b000
13351951ns          214998 1c009b2c f14029f3 csrrs            x19, x0, 0xf14      x19=00000000
13352368ns          215019 1c009b30 01b40433 add              x8, x8, x27          x8=1c000e80  x8:00000018 x27:1c000e68
13352388ns          215020 1c009b32 00000493 addi             x9, x0, 0            x9=00000000
13352408ns          215021 1c009b34 1c00ab37 lui              x22, 0x1c00a000     x22=1c00a000
13352428ns          215022 1c009b38 1c00aab7 lui              x21, 0x1c00a000     x21=1c00a000
13352448ns          215023 1c009b3c e84a0a13 addi             x20, x20, -380      x20=1c000e84 x20:1c001000
13352886ns          215045 1c009b40 f459b9b3 p.bclr           x19, x19, 26, 5     x19=00000000 x19:00000000
13352925ns          215047 1c009b44 00490913 addi             x18, x18, 4         x18=1a10b004 x18:1a10b000
13352945ns          215048 1c009b46 1c000d37 lui              x26, 0x1c000000     x26=1c000000
13352965ns          215049 1c009b4a 1c000cb7 lui              x25, 0x1c000000     x25=1c000000
13353403ns          215071 1c009b4e 1c000c37 lui              x24, 0x1c000000     x24=1c000000
13353442ns          215073 1c009b52 1c000bb7 lui              x23, 0x1c000000     x23=1c000000
13353462ns          215074 1c009b56 00c0006f jal              x0, 12             
13353920ns          215097 1c009b62 00012623 sw               x0, 12(x2)           x2:100007a8  PA:100007b4
13353960ns          215099 1c009b64 00099763 bne              x19, x0, 14         x19:00000000
13353980ns          215100 1c009b68 00092023 sw               x0, 0(x18)          x18:1a10b004  PA:1a10b004
13354298ns          215116 1c009b6c 00100713 addi             x14, x0, 1          x14=00000001
13354457ns          215124 1c009b6e 02e92023 sw               x14, 32(x18)        x14:00000001 x18:1a10b004  PA:1a10b024
13354795ns          215141 1c009b72 000da703 lw               x14, 0(x27)         x14=1c0081a8 x27:1c000e68  PA:1c000e68
13355093ns          215156 1c009b76 ad8b0613 addi             x12, x22, -1320     x12=1c009ad8 x22:1c00a000
13355113ns          215157 1c009b7a ac0a8593 addi             x11, x21, -1344     x11=1c009ac0 x21:1c00a000
13355133ns          215158 1c009b7e 00810513 addi             x10, x2, 8          x10=100007b0  x2:100007a8
13355272ns          215165 1c009b80 000700e7 jalr             x1, x14, 0           x1=1c009b82 x14:1c0081a8
13355730ns          215188 1c0081a8 fe010113 addi             x2, x2, -32          x2=10000788  x2:100007a8
13355750ns          215189 1c0081aa 00812c23 sw               x8, 24(x2)           x8:1c000e80  x2:10000788  PA:100007a0
13355770ns          215190 1c0081ac 1c001437 lui              x8, 0x1c001000       x8=1c001000
13356207ns          215212 1c0081b0 00912a23 sw               x9, 20(x2)           x9:00000000  x2:10000788  PA:1000079c
13356227ns          215213 1c0081b2 01212823 sw               x18, 16(x2)         x18:1a10b004  x2:10000788  PA:10000798
13356247ns          215214 1c0081b4 01312623 sw               x19, 12(x2)         x19:00000000  x2:10000788  PA:10000794
13356267ns          215215 1c0081b6 97840413 addi             x8, x8, -1672        x8=1c000978  x8:1c001000
13356287ns          215216 1c0081ba 1c0019b7 lui              x19, 0x1c001000     x19=1c001000
13356724ns          215238 1c0081be 1c001937 lui              x18, 0x1c001000     x18=1c001000
13356764ns          215240 1c0081c2 1c0014b7 lui              x9, 0x1c001000       x9=1c001000
13356784ns          215241 1c0081c6 01412423 sw               x20, 8(x2)          x20:1c000e84  x2:10000788  PA:10000790
13356804ns          215242 1c0081c8 01512223 sw               x21, 4(x2)          x21:1c00a000  x2:10000788  PA:1000078c
13356824ns          215243 1c0081ca 01612023 sw               x22, 0(x2)          x22:1c00a000  x2:10000788  PA:10000788
13356844ns          215244 1c0081cc 00112e23 sw               x1, 28(x2)           x1:1c009b82  x2:10000788  PA:100007a4
13356864ns          215245 1c0081ce 00a00a33 add              x20, x0, x10        x20=100007b0 x10:100007b0
13357261ns          215265 1c0081d0 90098993 addi             x19, x19, -1792     x19=1c000900 x19:1c001000
13357301ns          215267 1c0081d4 93c90913 addi             x18, x18, -1732     x18=1c00093c x18:1c001000
13357321ns          215268 1c0081d8 9b448493 addi             x9, x9, -1612        x9=1c0009b4  x9:1c001000
13357341ns          215269 1c0081dc 03c40b13 addi             x22, x8, 60         x22=1c0009b4  x8:1c000978
13357779ns          215291 1c0081e0 1c000ab7 lui              x21, 0x1c000000     x21=1c000000
13357818ns          215293 1c0081e4 0044260b p.lw             x12, 4(x8!)         x12=af785ecb  x8=1c00097c  x8:1c000978  PA:1c000978
13358117ns          215308 1c0081e8 0049a78b p.lw             x15, 4(x19!)        x15=b463dade x19=1c000904 x19:1c000900  PA:1c000900
13358435ns          215324 1c0081ec 0049270b p.lw             x14, 4(x18!)        x14=ca65811b x18=1c000940 x18:1c00093c  PA:1c00093c
13358753ns          215340 1c0081f0 42e78633 p.mac            x12, x15, x14       x12=8ce05235 x12:af785ecb x15:b463dade x14:ca65811b
13358773ns          215341 1c0081f4 0044a68b p.lw             x13, 4(x9!)         x13=8ce05235  x9=1c0009b8  x9:1c0009b4  PA:1c0009b4
13359072ns          215356 1c0081f8 01ca8593 addi             x11, x21, 28        x11=1c00001c x21:1c000000
13359091ns          215357 1c0081fc 01400533 add              x10, x0, x20        x10=100007b0 x20:100007b0
13359231ns          215364 1c0081fe 245010ef jal              x1, 6724             x1=1c008202
13359728ns          215389 1c009c42 00d60a63 beq              x12, x13, 20        x12:8ce05235 x13:8ce05235
13360205ns          215413 1c009c56 00008067 jalr             x0, x1, 0            x1:1c008202
13360265ns          215416 1c008202 ff6411e3 bne              x8, x22, -30         x8:1c00097c x22:1c0009b4
13360325ns          215419 1c0081e4 0044260b p.lw             x12, 4(x8!)         x12=8f51e642  x8=1c000980  x8:1c00097c  PA:1c00097c
13360623ns          215434 1c0081e8 0049a78b p.lw             x15, 4(x19!)        x15=1c2d45f3 x19=1c000908 x19:1c000904  PA:1c000904
13360921ns          215449 1c0081ec 0049270b p.lw             x14, 4(x18!)        x14=5f61a47f x18=1c000944 x18:1c000940  PA:1c000940
13361240ns          215465 1c0081f0 42e78633 p.mac            x12, x15, x14       x12=38aa45cf x12:8f51e642 x15:1c2d45f3 x14:5f61a47f
13361260ns          215466 1c0081f4 0044a68b p.lw             x13, 4(x9!)         x13=38aa45cf  x9=1c0009bc  x9:1c0009b8  PA:1c0009b8
13361558ns          215481 1c0081f8 01ca8593 addi             x11, x21, 28        x11=1c00001c x21:1c000000
13361578ns          215482 1c0081fc 01400533 add              x10, x0, x20        x10=100007b0 x20:100007b0
13361598ns          215483 1c0081fe 245010ef jal              x1, 6724             x1=1c008202
13361657ns          215486 1c009c42 00d60a63 beq              x12, x13, 20        x12:38aa45cf x13:38aa45cf
13361717ns          215489 1c009c56 00008067 jalr             x0, x1, 0            x1:1c008202
13361777ns          215492 1c008202 ff6411e3 bne              x8, x22, -30         x8:1c000980 x22:1c0009b4
13361836ns          215495 1c0081e4 0044260b p.lw             x12, 4(x8!)         x12=02c50e83  x8=1c000984  x8:1c000980  PA:1c000980
13362135ns          215510 1c0081e8 0049a78b p.lw             x15, 4(x19!)        x15=67287485 x19=1c00090c x19:1c000908  PA:1c000908
13362453ns          215526 1c0081ec 0049270b p.lw             x14, 4(x18!)        x14=7e139c55 x18=1c000948 x18:1c000944  PA:1c000944
13362771ns          215542 1c0081f0 42e78633 p.mac            x12, x15, x14       x12=0613caac x12:02c50e83 x15:67287485 x14:7e139c55
13362791ns          215543 1c0081f4 0044a68b p.lw             x13, 4(x9!)         x13=0613caac  x9=1c0009c0  x9:1c0009bc  PA:1c0009bc
13363089ns          215558 1c0081f8 01ca8593 addi             x11, x21, 28        x11=1c00001c x21:1c000000
13363109ns          215559 1c0081fc 01400533 add              x10, x0, x20        x10=100007b0 x20:100007b0
13363129ns          215560 1c0081fe 245010ef jal              x1, 6724             x1=1c008202
13363189ns          215563 1c009c42 00d60a63 beq              x12, x13, 20        x12:0613caac x13:0613caac
13363249ns          215566 1c009c56 00008067 jalr             x0, x1, 0            x1:1c008202
13363308ns          215569 1c008202 ff6411e3 bne              x8, x22, -30         x8:1c000984 x22:1c0009b4
13363368ns          215572 1c0081e4 0044260b p.lw             x12, 4(x8!)         x12=584984cf  x8=1c000988  x8:1c000984  PA:1c000984
13363666ns          215587 1c0081e8 0049a78b p.lw             x15, 4(x19!)        x15=5de547e9 x19=1c000910 x19:1c00090c  PA:1c00090c
13363965ns          215602 1c0081ec 0049270b p.lw             x14, 4(x18!)        x14=6b2386c4 x18=1c00094c x18:1c000948  PA:1c000948
13364283ns          215618 1c0081f0 42e78633 p.mac            x12, x15, x14       x12=77538933 x12:584984cf x15:5de547e9 x14:6b2386c4
13364303ns          215619 1c0081f4 0044a68b p.lw             x13, 4(x9!)         x13=77538933  x9=1c0009c4  x9:1c0009c0  PA:1c0009c0
13364601ns          215634 1c0081f8 01ca8593 addi             x11, x21, 28        x11=1c00001c x21:1c000000
13364621ns          215635 1c0081fc 01400533 add              x10, x0, x20        x10=100007b0 x20:100007b0
13364641ns          215636 1c0081fe 245010ef jal              x1, 6724             x1=1c008202
13364701ns          215639 1c009c42 00d60a63 beq              x12, x13, 20        x12:77538933 x13:77538933
13364760ns          215642 1c009c56 00008067 jalr             x0, x1, 0            x1:1c008202
13364820ns          215645 1c008202 ff6411e3 bne              x8, x22, -30         x8:1c000988 x22:1c0009b4
13364880ns          215648 1c0081e4 0044260b p.lw             x12, 4(x8!)         x12=bcb82852  x8=1c00098c  x8:1c000988  PA:1c000988
13365178ns          215663 1c0081e8 0049a78b p.lw             x15, 4(x19!)        x15=113e2192 x19=1c000914 x19:1c000910  PA:1c000910
13365476ns          215678 1c0081ec 0049270b p.lw             x14, 4(x18!)        x14=8a8bb5b7 x18=1c000950 x18:1c00094c  PA:1c00094c
13365795ns          215694 1c0081f0 42e78633 p.mac            x12, x15, x14       x12=ec2461b0 x12:bcb82852 x15:113e2192 x14:8a8bb5b7
13365815ns          215695 1c0081f4 0044a68b p.lw             x13, 4(x9!)         x13=ec2461b0  x9=1c0009c8  x9:1c0009c4  PA:1c0009c4
13366113ns          215710 1c0081f8 01ca8593 addi             x11, x21, 28        x11=1c00001c x21:1c000000
13366133ns          215711 1c0081fc 01400533 add              x10, x0, x20        x10=100007b0 x20:100007b0
13366153ns          215712 1c0081fe 245010ef jal              x1, 6724             x1=1c008202
13366212ns          215715 1c009c42 00d60a63 beq              x12, x13, 20        x12:ec2461b0 x13:ec2461b0
13366272ns          215718 1c009c56 00008067 jalr             x0, x1, 0            x1:1c008202
13366332ns          215721 1c008202 ff6411e3 bne              x8, x22, -30         x8:1c00098c x22:1c0009b4
13366391ns          215724 1c0081e4 0044260b p.lw             x12, 4(x8!)         x12=3bfd5efd  x8=1c000990  x8:1c00098c  PA:1c00098c
13366690ns          215739 1c0081e8 0049a78b p.lw             x15, 4(x19!)        x15=be923643 x19=1c000918 x19:1c000914  PA:1c000914
13366988ns          215754 1c0081ec 0049270b p.lw             x14, 4(x18!)        x14=97bab7de x18=1c000954 x18:1c000950  PA:1c000950
13367306ns          215770 1c0081f0 42e78633 p.mac            x12, x15, x14       x12=f5405217 x12:3bfd5efd x15:be923643 x14:97bab7de
13367326ns          215771 1c0081f4 0044a68b p.lw             x13, 4(x9!)         x13=f5405217  x9=1c0009cc  x9:1c0009c8  PA:1c0009c8
13367625ns          215786 1c0081f8 01ca8593 addi             x11, x21, 28        x11=1c00001c x21:1c000000
13367644ns          215787 1c0081fc 01400533 add              x10, x0, x20        x10=100007b0 x20:100007b0
13367664ns          215788 1c0081fe 245010ef jal              x1, 6724             x1=1c008202
13367724ns          215791 1c009c42 00d60a63 beq              x12, x13, 20        x12:f5405217 x13:f5405217
13367784ns          215794 1c009c56 00008067 jalr             x0, x1, 0            x1:1c008202
13367843ns          215797 1c008202 ff6411e3 bne              x8, x22, -30         x8:1c000990 x22:1c0009b4
13367903ns          215800 1c0081e4 0044260b p.lw             x12, 4(x8!)         x12=ba551b8f  x8=1c000994  x8:1c000990  PA:1c000990
13368201ns          215815 1c0081e8 0049a78b p.lw             x15, 4(x19!)        x15=0762a9a5 x19=1c00091c x19:1c000918  PA:1c000918
13368500ns          215830 1c0081ec 0049270b p.lw             x14, 4(x18!)        x14=84bb8025 x18=1c000958 x18:1c000954  PA:1c000954
13368818ns          215846 1c0081f0 42e78633 p.mac            x12, x15, x14       x12=1ff12068 x12:ba551b8f x15:0762a9a5 x14:84bb8025
13368838ns          215847 1c0081f4 0044a68b p.lw             x13, 4(x9!)         x13=1ff12068  x9=1c0009d0  x9:1c0009cc  PA:1c0009cc
13369156ns          215863 1c0081f8 01ca8593 addi             x11, x21, 28        x11=1c00001c x21:1c000000
13369176ns          215864 1c0081fc 01400533 add              x10, x0, x20        x10=100007b0 x20:100007b0
13369196ns          215865 1c0081fe 245010ef jal              x1, 6724             x1=1c008202
13369256ns          215868 1c009c42 00d60a63 beq              x12, x13, 20        x12:1ff12068 x13:1ff12068
13369315ns          215871 1c009c56 00008067 jalr             x0, x1, 0            x1:1c008202
13369375ns          215874 1c008202 ff6411e3 bne              x8, x22, -30         x8:1c000994 x22:1c0009b4
13369435ns          215877 1c0081e4 0044260b p.lw             x12, 4(x8!)         x12=9c82f81d  x8=1c000998  x8:1c000994  PA:1c000994
13369733ns          215892 1c0081e8 0049a78b p.lw             x15, 4(x19!)        x15=9b426c98 x19=1c000920 x19:1c00091c  PA:1c00091c
13370031ns          215907 1c0081ec 0049270b p.lw             x14, 4(x18!)        x14=7da8ae45 x18=1c00095c x18:1c000958  PA:1c000958
13370350ns          215923 1c0081f0 42e78633 p.mac            x12, x15, x14       x12=16f98d15 x12:9c82f81d x15:9b426c98 x14:7da8ae45
13370369ns          215924 1c0081f4 0044a68b p.lw             x13, 4(x9!)         x13=16f98d15  x9=1c0009d4  x9:1c0009d0  PA:1c0009d0
13370668ns          215939 1c0081f8 01ca8593 addi             x11, x21, 28        x11=1c00001c x21:1c000000
13370688ns          215940 1c0081fc 01400533 add              x10, x0, x20        x10=100007b0 x20:100007b0
13370708ns          215941 1c0081fe 245010ef jal              x1, 6724             x1=1c008202
13370767ns          215944 1c009c42 00d60a63 beq              x12, x13, 20        x12:16f98d15 x13:16f98d15
13370827ns          215947 1c009c56 00008067 jalr             x0, x1, 0            x1:1c008202
13370887ns          215950 1c008202 ff6411e3 bne              x8, x22, -30         x8:1c000998 x22:1c0009b4
13370946ns          215953 1c0081e4 0044260b p.lw             x12, 4(x8!)         x12=88107dfc  x8=1c00099c  x8:1c000998  PA:1c000998
13371245ns          215968 1c0081e8 0049a78b p.lw             x15, 4(x19!)        x15=20b94a62 x19=1c000924 x19:1c000920  PA:1c000920
13371543ns          215983 1c0081ec 0049270b p.lw             x14, 4(x18!)        x14=0f5cb5e9 x18=1c000960 x18:1c00095c  PA:1c00095c
13371861ns          215999 1c0081f0 42e78633 p.mac            x12, x15, x14       x12=cb847b2e x12:88107dfc x15:20b94a62 x14:0f5cb5e9
13371881ns          216000 1c0081f4 0044a68b p.lw             x13, 4(x9!)         x13=cb847b2e  x9=1c0009d8  x9:1c0009d4  PA:1c0009d4
13372180ns          216015 1c0081f8 01ca8593 addi             x11, x21, 28        x11=1c00001c x21:1c000000
13372199ns          216016 1c0081fc 01400533 add              x10, x0, x20        x10=100007b0 x20:100007b0
13372219ns          216017 1c0081fe 245010ef jal              x1, 6724             x1=1c008202
13372279ns          216020 1c009c42 00d60a63 beq              x12, x13, 20        x12:cb847b2e x13:cb847b2e
13372339ns          216023 1c009c56 00008067 jalr             x0, x1, 0            x1:1c008202
13372398ns          216026 1c008202 ff6411e3 bne              x8, x22, -30         x8:1c00099c x22:1c0009b4
13372458ns          216029 1c0081e4 0044260b p.lw             x12, 4(x8!)         x12=4d961ed6  x8=1c0009a0  x8:1c00099c  PA:1c00099c
13372756ns          216044 1c0081e8 0049a78b p.lw             x15, 4(x19!)        x15=d265f5bb x19=1c000928 x19:1c000924  PA:1c000924
13373075ns          216060 1c0081ec 0049270b p.lw             x14, 4(x18!)        x14=b0b9fdd9 x18=1c000964 x18:1c000960  PA:1c000960
13373393ns          216076 1c0081f0 42e78633 p.mac            x12, x15, x14       x12=8e003959 x12:4d961ed6 x15:d265f5bb x14:b0b9fdd9
13373413ns          216077 1c0081f4 0044a68b p.lw             x13, 4(x9!)         x13=8e003959  x9=1c0009dc  x9:1c0009d8  PA:1c0009d8
13373731ns          216093 1c0081f8 01ca8593 addi             x11, x21, 28        x11=1c00001c x21:1c000000
13373751ns          216094 1c0081fc 01400533 add              x10, x0, x20        x10=100007b0 x20:100007b0
13373771ns          216095 1c0081fe 245010ef jal              x1, 6724             x1=1c008202
13373830ns          216098 1c009c42 00d60a63 beq              x12, x13, 20        x12:8e003959 x13:8e003959
13373890ns          216101 1c009c56 00008067 jalr             x0, x1, 0            x1:1c008202
13373950ns          216104 1c008202 ff6411e3 bne              x8, x22, -30         x8:1c0009a0 x22:1c0009b4
13374009ns          216107 1c0081e4 0044260b p.lw             x12, 4(x8!)         x12=a70a108c  x8=1c0009a4  x8:1c0009a0  PA:1c0009a0
13374328ns          216123 1c0081e8 0049a78b p.lw             x15, 4(x19!)        x15=ab420127 x19=1c00092c x19:1c000928  PA:1c000928
13374646ns          216139 1c0081ec 0049270b p.lw             x14, 4(x18!)        x14=b4fe6438 x18=1c000968 x18:1c000964  PA:1c000964
13374964ns          216155 1c0081f0 42e78633 p.mac            x12, x15, x14       x12=769f8d14 x12:a70a108c x15:ab420127 x14:b4fe6438
13374984ns          216156 1c0081f4 0044a68b p.lw             x13, 4(x9!)         x13=769f8d14  x9=1c0009e0  x9:1c0009dc  PA:1c0009dc
13375283ns          216171 1c0081f8 01ca8593 addi             x11, x21, 28        x11=1c00001c x21:1c000000
13375302ns          216172 1c0081fc 01400533 add              x10, x0, x20        x10=100007b0 x20:100007b0
13375322ns          216173 1c0081fe 245010ef jal              x1, 6724             x1=1c008202
13375382ns          216176 1c009c42 00d60a63 beq              x12, x13, 20        x12:769f8d14 x13:769f8d14
13375442ns          216179 1c009c56 00008067 jalr             x0, x1, 0            x1:1c008202
13375501ns          216182 1c008202 ff6411e3 bne              x8, x22, -30         x8:1c0009a4 x22:1c0009b4
13375561ns          216185 1c0081e4 0044260b p.lw             x12, 4(x8!)         x12=a4a19da2  x8=1c0009a8  x8:1c0009a4  PA:1c0009a4
13375859ns          216200 1c0081e8 0049a78b p.lw             x15, 4(x19!)        x15=d5042c35 x19=1c000930 x19:1c00092c  PA:1c00092c
13376158ns          216215 1c0081ec 0049270b p.lw             x14, 4(x18!)        x14=fd14939a x18=1c00096c x18:1c000968  PA:1c000968
13376476ns          216231 1c0081f0 42e78633 p.mac            x12, x15, x14       x12=03aaa484 x12:a4a19da2 x15:d5042c35 x14:fd14939a
13376496ns          216232 1c0081f4 0044a68b p.lw             x13, 4(x9!)         x13=03aaa484  x9=1c0009e4  x9:1c0009e0  PA:1c0009e0
13376794ns          216247 1c0081f8 01ca8593 addi             x11, x21, 28        x11=1c00001c x21:1c000000
13376814ns          216248 1c0081fc 01400533 add              x10, x0, x20        x10=100007b0 x20:100007b0
13376834ns          216249 1c0081fe 245010ef jal              x1, 6724             x1=1c008202
13376894ns          216252 1c009c42 00d60a63 beq              x12, x13, 20        x12:03aaa484 x13:03aaa484
13376953ns          216255 1c009c56 00008067 jalr             x0, x1, 0            x1:1c008202
13377013ns          216258 1c008202 ff6411e3 bne              x8, x22, -30         x8:1c0009a8 x22:1c0009b4
13377073ns          216261 1c0081e4 0044260b p.lw             x12, 4(x8!)         x12=6b381804  x8=1c0009ac  x8:1c0009a8  PA:1c0009a8
13377371ns          216276 1c0081e8 0049a78b p.lw             x15, 4(x19!)        x15=48f46413 x19=1c000934 x19:1c000930  PA:1c000930
13377669ns          216291 1c0081ec 0049270b p.lw             x14, 4(x18!)        x14=8ffcb7ce x18=1c000970 x18:1c00096c  PA:1c00096c
13377988ns          216307 1c0081f0 42e78633 p.mac            x12, x15, x14       x12=f31e344e x12:6b381804 x15:48f46413 x14:8ffcb7ce
13378008ns          216308 1c0081f4 0044a68b p.lw             x13, 4(x9!)         x13=f31e344e  x9=1c0009e8  x9:1c0009e4  PA:1c0009e4
13378306ns          216323 1c0081f8 01ca8593 addi             x11, x21, 28        x11=1c00001c x21:1c000000
13378326ns          216324 1c0081fc 01400533 add              x10, x0, x20        x10=100007b0 x20:100007b0
13378346ns          216325 1c0081fe 245010ef jal              x1, 6724             x1=1c008202
13378405ns          216328 1c009c42 00d60a63 beq              x12, x13, 20        x12:f31e344e x13:f31e344e
13378465ns          216331 1c009c56 00008067 jalr             x0, x1, 0            x1:1c008202
13378525ns          216334 1c008202 ff6411e3 bne              x8, x22, -30         x8:1c0009ac x22:1c0009b4
13378584ns          216337 1c0081e4 0044260b p.lw             x12, 4(x8!)         x12=e82f15bb  x8=1c0009b0  x8:1c0009ac  PA:1c0009ac
13378883ns          216352 1c0081e8 0049a78b p.lw             x15, 4(x19!)        x15=f394ed33 x19=1c000938 x19:1c000934  PA:1c000934
13379181ns          216367 1c0081ec 0049270b p.lw             x14, 4(x18!)        x14=19ed6c7d x18=1c000974 x18:1c000970  PA:1c000970
13379499ns          216383 1c0081f0 42e78633 p.mac            x12, x15, x14       x12=3f2f6ba2 x12:e82f15bb x15:f394ed33 x14:19ed6c7d
13379519ns          216384 1c0081f4 0044a68b p.lw             x13, 4(x9!)         x13=3f2f6ba2  x9=1c0009ec  x9:1c0009e8  PA:1c0009e8
13379837ns          216400 1c0081f8 01ca8593 addi             x11, x21, 28        x11=1c00001c x21:1c000000
13379857ns          216401 1c0081fc 01400533 add              x10, x0, x20        x10=100007b0 x20:100007b0
13379877ns          216402 1c0081fe 245010ef jal              x1, 6724             x1=1c008202
13379937ns          216405 1c009c42 00d60a63 beq              x12, x13, 20        x12:3f2f6ba2 x13:3f2f6ba2
13379997ns          216408 1c009c56 00008067 jalr             x0, x1, 0            x1:1c008202
13380056ns          216411 1c008202 ff6411e3 bne              x8, x22, -30         x8:1c0009b0 x22:1c0009b4
13380116ns          216414 1c0081e4 0044260b p.lw             x12, 4(x8!)         x12=1b3a1cb0  x8=1c0009b4  x8:1c0009b0  PA:1c0009b0
13380414ns          216429 1c0081e8 0049a78b p.lw             x15, 4(x19!)        x15=238d70d5 x19=1c00093c x19:1c000938  PA:1c000938
13380713ns          216444 1c0081ec 0049270b p.lw             x14, 4(x18!)        x14=96866bb7 x18=1c000978 x18:1c000974  PA:1c000974
13381031ns          216460 1c0081f0 42e78633 p.mac            x12, x15, x14       x12=80fccbf3 x12:1b3a1cb0 x15:238d70d5 x14:96866bb7
13381051ns          216461 1c0081f4 0044a68b p.lw             x13, 4(x9!)         x13=80fccbf3  x9=1c0009f0  x9:1c0009ec  PA:1c0009ec
13381349ns          216476 1c0081f8 01ca8593 addi             x11, x21, 28        x11=1c00001c x21:1c000000
13381369ns          216477 1c0081fc 01400533 add              x10, x0, x20        x10=100007b0 x20:100007b0
13381389ns          216478 1c0081fe 245010ef jal              x1, 6724             x1=1c008202
13381449ns          216481 1c009c42 00d60a63 beq              x12, x13, 20        x12:80fccbf3 x13:80fccbf3
13381508ns          216484 1c009c56 00008067 jalr             x0, x1, 0            x1:1c008202
13381568ns          216487 1c008202 ff6411e3 bne              x8, x22, -30         x8:1c0009b4 x22:1c0009b4
13381588ns          216488 1c008206 01c12083 lw               x1, 28(x2)           x1=1c009b82  x2:10000788  PA:100007a4
13381608ns          216489 1c008208 01812403 lw               x8, 24(x2)           x8=1c000e80  x2:10000788  PA:100007a0
13381628ns          216490 1c00820a 01412483 lw               x9, 20(x2)           x9=00000000  x2:10000788  PA:1000079c
13381648ns          216491 1c00820c 01012903 lw               x18, 16(x2)         x18=1a10b004  x2:10000788  PA:10000798
13381667ns          216492 1c00820e 00c12983 lw               x19, 12(x2)         x19=00000000  x2:10000788  PA:10000794
13382045ns          216511 1c008210 00812a03 lw               x20, 8(x2)          x20=1c000e84  x2:10000788  PA:10000790
13382065ns          216512 1c008212 00412a83 lw               x21, 4(x2)          x21=1c00a000  x2:10000788  PA:1000078c
13382085ns          216513 1c008214 00012b03 lw               x22, 0(x2)          x22=1c00a000  x2:10000788  PA:10000788
13382105ns          216514 1c008216 02010113 addi             x2, x2, 32           x2=100007a8  x2:10000788
13382125ns          216515 1c008218 00008067 jalr             x0, x1, 0            x1:1c009b82
13382642ns          216541 1c009b82 00892683 lw               x13, 8(x18)         x13=00000000 x18:1a10b004  PA:1a10b00c
13382960ns          216557 1c009b86 000a2703 lw               x14, 0(x20)         x14=00000001 x20:1c000e84  PA:1c000e84
13383259ns          216572 1c009b8a 00d12423 sw               x13, 8(x2)          x13:00000000  x2:100007a8  PA:100007b0
13383279ns          216573 1c009b8c fc0706e3 beq              x14, x0, -52        x14:00000001
13383298ns          216574 1c009b8e ffcda583 lw               x11, -4(x27)        x11=1c000050 x27:1c000e68  PA:1c000e64
13383617ns          216590 1c009b92 090d0513 addi             x10, x26, 144       x10=1c000090 x26:1c000000
13383637ns          216591 1c009b96 dcffe0ef jal              x1, -4658            x1=1c009b9a
13384273ns          216623 1c008964 fc010113 addi             x2, x2, -64          x2=10000768  x2:100007a8
13384313ns          216625 1c008966 02410313 addi             x6, x2, 36           x6=1000078c  x2:10000768
13384333ns          216626 1c00896a 02c12423 sw               x12, 40(x2)         x12:80fccbf3  x2:10000768  PA:10000790
13384353ns          216627 1c00896c 00a00633 add              x12, x0, x10        x12=1c000090 x10:1c000090
13384770ns          216648 1c00896e 1c009537 lui              x10, 0x1c009000     x10=1c009000
13384790ns          216649 1c008972 02b12223 sw               x11, 36(x2)         x11:1c000050  x2:10000768  PA:1000078c
13384810ns          216650 1c008974 02d12623 sw               x13, 44(x2)         x13:00000000  x2:10000768  PA:10000794
13384830ns          216651 1c008976 00200593 addi             x11, x0, 2          x11=00000002
13384850ns          216652 1c008978 006006b3 add              x13, x0, x6         x13=1000078c  x6:1000078c
13384870ns          216653 1c00897a 8f850513 addi             x10, x10, -1800     x10=1c0088f8 x10:1c009000
13384890ns          216654 1c00897e 00112e23 sw               x1, 28(x2)           x1:1c009b9a  x2:10000768  PA:10000784
13385288ns          216674 1c008980 02e12823 sw               x14, 48(x2)         x14:00000001  x2:10000768  PA:10000798
13385307ns          216675 1c008982 02f12a23 sw               x15, 52(x2)         x15:238d70d5  x2:10000768  PA:1000079c
13385327ns          216676 1c008984 03012c23 sw               x16, 56(x2)         x16:xxxxxxxx  x2:10000768  PA:100007a0
13385347ns          216677 1c008986 03112e23 sw               x17, 60(x2)         x17:xxxxxxxx  x2:10000768  PA:100007a4
13385367ns          216678 1c008988 00612623 sw               x6, 12(x2)           x6:1000078c  x2:10000768  PA:10000774
13385387ns          216679 1c00898a fbfff0ef jal              x1, -66              x1=1c00898c
13386262ns          216723 1c008948 04a0006f jal              x0, 74             
13386302ns          216725 1c008992 ed010113 addi             x2, x2, -304         x2=10000638  x2:10000768
13386322ns          216726 1c008994 12812423 sw               x8, 296(x2)          x8:1c000e80  x2:10000638  PA:10000760
13386342ns          216727 1c008998 00000413 addi             x8, x0, 0            x8=00000000
13386362ns          216728 1c00899a 11612823 sw               x22, 272(x2)        x22:1c00a000  x2:10000638  PA:10000748
13386799ns          216750 1c00899e 11712623 sw               x23, 268(x2)        x23:1c000000  x2:10000638  PA:10000744
13386839ns          216752 1c0089a2 11812423 sw               x24, 264(x2)        x24:1c000000  x2:10000638  PA:10000740
13386859ns          216753 1c0089a6 11912223 sw               x25, 260(x2)        x25:1c000000  x2:10000638  PA:1000073c
13386879ns          216754 1c0089aa 11a12023 sw               x26, 256(x2)        x26:1c000000  x2:10000638  PA:10000738
13386899ns          216755 1c0089ae 0fb12e23 sw               x27, 252(x2)        x27:1c000e68  x2:10000638  PA:10000734
13387316ns          216776 1c0089b0 12112623 sw               x1, 300(x2)          x1:1c00898c  x2:10000638  PA:10000764
13387356ns          216778 1c0089b4 00800db3 add              x27, x0, x8         x27=00000000  x8:00000000
13387376ns          216779 1c0089b6 12912223 sw               x9, 292(x2)          x9:00000000  x2:10000638  PA:1000075c
13387396ns          216780 1c0089ba 13212023 sw               x18, 288(x2)        x18:1a10b004  x2:10000638  PA:10000758
13387853ns          216803 1c0089be 11312e23 sw               x19, 284(x2)        x19:00000000  x2:10000638  PA:10000754
13387893ns          216805 1c0089c2 11412c23 sw               x20, 280(x2)        x20:1c000e84  x2:10000638  PA:10000750
13387913ns          216806 1c0089c6 11512a23 sw               x21, 276(x2)        x21:1c00a000  x2:10000638  PA:1000074c
13387933ns          216807 1c0089ca 00a00b33 add              x22, x0, x10        x22=1c0088f8 x10:1c0088f8
13387953ns          216808 1c0089cc 00b00d33 add              x26, x0, x11        x26=00000002 x11:00000002
13387973ns          216809 1c0089ce 00d00c33 add              x24, x0, x13        x24=1000078c x13:1000078c
13388371ns          216829 1c0089d0 1c000bb7 lui              x23, 0x1c000000     x23=1c000000
13388410ns          216831 1c0089d4 02410c93 addi             x25, x2, 36         x25=1000065c  x2:10000638
13388430ns          216832 1c0089d8 00c00433 add              x8, x0, x12          x8=1c000090 x12:1c000090
13388450ns          216833 1c0089da 00044503 lbu              x10, 0(x8)          x10=0000003d  x8:1c000090  PA:1c000090
13388888ns          216855 1c0089de 00140413 addi             x8, x8, 1            x8=1c000091  x8:1c000090
13388908ns          216856 1c0089e0 00050e63 beq              x10, x0, 28         x10:0000003d
13388928ns          216857 1c0089e2 02500793 addi             x15, x0, 37         x15=00000025
13388947ns          216858 1c0089e6 04f50863 beq              x10, x15, 80        x10:0000003d x15:00000025
13388967ns          216859 1c0089ea 01a005b3 add              x11, x0, x26        x11=00000002 x26:00000002
13388987ns          216860 1c0089ec 000b00e7 jalr             x1, x22, 0           x1=1c0089ee x22:1c0088f8
13389862ns          216904 1c0088f8 000026b7 lui              x13, 0x2000         x13=00002000
13389902ns          216906 1c0088fa f14027f3 csrrs            x15, x0, 0xf14      x15=00000000
13390340ns          216928 1c0088fe f8068693 addi             x13, x13, -128      x13=00001f80 x13:00002000
13390380ns          216930 1c008902 00379713 slli             x14, x15, 0x3       x14=00000000 x15:00000000
13390399ns          216931 1c008906 00279793 slli             x15, x15, 0x2       x15=00000000 x15:00000000
13390419ns          216932 1c008908 00d7f7b3 and              x15, x15, x13       x15=00000000 x15:00000000 x13:00001f80
13390439ns          216933 1c00890a ee873733 p.bclr           x14, x14, 23, 8     x14=00000000 x14:00000000
13390857ns          216954 1c00890e 1a10f6b7 lui              x13, 0x1a10f000     x13=1a10f000
13390897ns          216956 1c008912 0ff57513 andi             x10, x10, 255       x10=0000003d x10:0000003d
13390917ns          216957 1c008916 00d70733 add              x14, x14, x13       x14=1a10f000 x14:00000000 x13:1a10f000
13390937ns          216958 1c008918 00a7e723 p.sw             x10, x0(x15)        x10:0000003d x15:00000000  PA:1a10f000
13391255ns          216974 1c00891c 00000513 addi             x10, x0, 0          x10=00000000
13391275ns          216975 1c00891e 00008067 jalr             x0, x1, 0            x1:1c0089ee
13391474ns          216985 1c0089ee 31f52563 p.beqimm         x10, 778            x10:00000000
13391493ns          216986 1c0089f2 001d8d93 addi             x27, x27, 1         x27=00000001 x27:00000000
13391513ns          216987 1c0089f4 00044503 lbu              x10, 0(x8)          x10=0000003d  x8:1c000091  PA:1c000091
13391812ns          217002 1c0089f8 00140413 addi             x8, x8, 1            x8=1c000092  x8:1c000091
13391832ns          217003 1c0089fa fe0514e3 bne              x10, x0, -24        x10:0000003d
13392050ns          217014 1c0089e2 02500793 addi             x15, x0, 37         x15=00000025
13392070ns          217015 1c0089e6 04f50863 beq              x10, x15, 80        x10:0000003d x15:00000025
13392090ns          217016 1c0089ea 01a005b3 add              x11, x0, x26        x11=00000002 x26:00000002
13392110ns          217017 1c0089ec 000b00e7 jalr             x1, x22, 0           x1=1c0089ee x22:1c0088f8
13392150ns          217019 1c0088f8 000026b7 lui              x13, 0x2000         x13=00002000
13392170ns          217020 1c0088fa f14027f3 csrrs            x15, x0, 0xf14      x15=00000000
13392190ns          217021 1c0088fe f8068693 addi             x13, x13, -128      x13=00001f80 x13:00002000
13392210ns          217022 1c008902 00379713 slli             x14, x15, 0x3       x14=00000000 x15:00000000
13392229ns          217023 1c008906 00279793 slli             x15, x15, 0x2       x15=00000000 x15:00000000
13392249ns          217024 1c008908 00d7f7b3 and              x15, x15, x13       x15=00000000 x15:00000000 x13:00001f80
13392269ns          217025 1c00890a ee873733 p.bclr           x14, x14, 23, 8     x14=00000000 x14:00000000
13392289ns          217026 1c00890e 1a10f6b7 lui              x13, 0x1a10f000     x13=1a10f000
13392309ns          217027 1c008912 0ff57513 andi             x10, x10, 255       x10=0000003d x10:0000003d
13392329ns          217028 1c008916 00d70733 add              x14, x14, x13       x14=1a10f000 x14:00000000 x13:1a10f000
13392349ns          217029 1c008918 00a7e723 p.sw             x10, x0(x15)        x10:0000003d x15:00000000  PA:1a10f000
13392667ns          217045 1c00891c 00000513 addi             x10, x0, 0          x10=00000000
13392687ns          217046 1c00891e 00008067 jalr             x0, x1, 0            x1:1c0089ee
13392747ns          217049 1c0089ee 31f52563 p.beqimm         x10, 778            x10:00000000
13392766ns          217050 1c0089f2 001d8d93 addi             x27, x27, 1         x27=00000002 x27:00000001
13392786ns          217051 1c0089f4 00044503 lbu              x10, 0(x8)          x10=00000020  x8:1c000092  PA:1c000092
13393105ns          217067 1c0089f8 00140413 addi             x8, x8, 1            x8=1c000093  x8:1c000092
13393125ns          217068 1c0089fa fe0514e3 bne              x10, x0, -24        x10:00000020
13393204ns          217072 1c0089e2 02500793 addi             x15, x0, 37         x15=00000025
13393224ns          217073 1c0089e6 04f50863 beq              x10, x15, 80        x10:00000020 x15:00000025
13393244ns          217074 1c0089ea 01a005b3 add              x11, x0, x26        x11=00000002 x26:00000002
13393264ns          217075 1c0089ec 000b00e7 jalr             x1, x22, 0           x1=1c0089ee x22:1c0088f8
13393304ns          217077 1c0088f8 000026b7 lui              x13, 0x2000         x13=00002000
13393323ns          217078 1c0088fa f14027f3 csrrs            x15, x0, 0xf14      x15=00000000
13393343ns          217079 1c0088fe f8068693 addi             x13, x13, -128      x13=00001f80 x13:00002000
13393363ns          217080 1c008902 00379713 slli             x14, x15, 0x3       x14=00000000 x15:00000000
13393383ns          217081 1c008906 00279793 slli             x15, x15, 0x2       x15=00000000 x15:00000000
13393403ns          217082 1c008908 00d7f7b3 and              x15, x15, x13       x15=00000000 x15:00000000 x13:00001f80
13393423ns          217083 1c00890a ee873733 p.bclr           x14, x14, 23, 8     x14=00000000 x14:00000000
13393443ns          217084 1c00890e 1a10f6b7 lui              x13, 0x1a10f000     x13=1a10f000
13393463ns          217085 1c008912 0ff57513 andi             x10, x10, 255       x10=00000020 x10:00000020
13393483ns          217086 1c008916 00d70733 add              x14, x14, x13       x14=1a10f000 x14:00000000 x13:1a10f000
13393502ns          217087 1c008918 00a7e723 p.sw             x10, x0(x15)        x10:00000020 x15:00000000  PA:1a10f000
13393821ns          217103 1c00891c 00000513 addi             x10, x0, 0          x10=00000000
13393841ns          217104 1c00891e 00008067 jalr             x0, x1, 0            x1:1c0089ee
13393900ns          217107 1c0089ee 31f52563 p.beqimm         x10, 778            x10:00000000
13393920ns          217108 1c0089f2 001d8d93 addi             x27, x27, 1         x27=00000003 x27:00000002
13393940ns          217109 1c0089f4 00044503 lbu              x10, 0(x8)          x10=00000074  x8:1c000093  PA:1c000093
13394238ns          217124 1c0089f8 00140413 addi             x8, x8, 1            x8=1c000094  x8:1c000093
13394258ns          217125 1c0089fa fe0514e3 bne              x10, x0, -24        x10:00000074
13394338ns          217129 1c0089e2 02500793 addi             x15, x0, 37         x15=00000025
13394358ns          217130 1c0089e6 04f50863 beq              x10, x15, 80        x10:00000074 x15:00000025
13394378ns          217131 1c0089ea 01a005b3 add              x11, x0, x26        x11=00000002 x26:00000002
13394398ns          217132 1c0089ec 000b00e7 jalr             x1, x22, 0           x1=1c0089ee x22:1c0088f8
13394437ns          217134 1c0088f8 000026b7 lui              x13, 0x2000         x13=00002000
13394457ns          217135 1c0088fa f14027f3 csrrs            x15, x0, 0xf14      x15=00000000
13394477ns          217136 1c0088fe f8068693 addi             x13, x13, -128      x13=00001f80 x13:00002000
13394497ns          217137 1c008902 00379713 slli             x14, x15, 0x3       x14=00000000 x15:00000000
13394517ns          217138 1c008906 00279793 slli             x15, x15, 0x2       x15=00000000 x15:00000000
13394537ns          217139 1c008908 00d7f7b3 and              x15, x15, x13       x15=00000000 x15:00000000 x13:00001f80
13394557ns          217140 1c00890a ee873733 p.bclr           x14, x14, 23, 8     x14=00000000 x14:00000000
13394577ns          217141 1c00890e 1a10f6b7 lui              x13, 0x1a10f000     x13=1a10f000
13394596ns          217142 1c008912 0ff57513 andi             x10, x10, 255       x10=00000074 x10:00000074
13394616ns          217143 1c008916 00d70733 add              x14, x14, x13       x14=1a10f000 x14:00000000 x13:1a10f000
13394636ns          217144 1c008918 00a7e723 p.sw             x10, x0(x15)        x10:00000074 x15:00000000  PA:1a10f000
13394954ns          217160 1c00891c 00000513 addi             x10, x0, 0          x10=00000000
13394974ns          217161 1c00891e 00008067 jalr             x0, x1, 0            x1:1c0089ee
13395034ns          217164 1c0089ee 31f52563 p.beqimm         x10, 778            x10:00000000
13395054ns          217165 1c0089f2 001d8d93 addi             x27, x27, 1         x27=00000004 x27:00000003
13395074ns          217166 1c0089f4 00044503 lbu              x10, 0(x8)          x10=00000065  x8:1c000094  PA:1c000094
13395372ns          217181 1c0089f8 00140413 addi             x8, x8, 1            x8=1c000095  x8:1c000094
13395392ns          217182 1c0089fa fe0514e3 bne              x10, x0, -24        x10:00000065
13395472ns          217186 1c0089e2 02500793 addi             x15, x0, 37         x15=00000025
13395492ns          217187 1c0089e6 04f50863 beq              x10, x15, 80        x10:00000065 x15:00000025
13395511ns          217188 1c0089ea 01a005b3 add              x11, x0, x26        x11=00000002 x26:00000002
13395531ns          217189 1c0089ec 000b00e7 jalr             x1, x22, 0           x1=1c0089ee x22:1c0088f8
13395571ns          217191 1c0088f8 000026b7 lui              x13, 0x2000         x13=00002000
13395591ns          217192 1c0088fa f14027f3 csrrs            x15, x0, 0xf14      x15=00000000
13395611ns          217193 1c0088fe f8068693 addi             x13, x13, -128      x13=00001f80 x13:00002000
13395631ns          217194 1c008902 00379713 slli             x14, x15, 0x3       x14=00000000 x15:00000000
13395651ns          217195 1c008906 00279793 slli             x15, x15, 0x2       x15=00000000 x15:00000000
13395671ns          217196 1c008908 00d7f7b3 and              x15, x15, x13       x15=00000000 x15:00000000 x13:00001f80
13395690ns          217197 1c00890a ee873733 p.bclr           x14, x14, 23, 8     x14=00000000 x14:00000000
13395710ns          217198 1c00890e 1a10f6b7 lui              x13, 0x1a10f000     x13=1a10f000
13395730ns          217199 1c008912 0ff57513 andi             x10, x10, 255       x10=00000065 x10:00000065
13395750ns          217200 1c008916 00d70733 add              x14, x14, x13       x14=1a10f000 x14:00000000 x13:1a10f000
13395770ns          217201 1c008918 00a7e723 p.sw             x10, x0(x15)        x10:00000065 x15:00000000  PA:1a10f000
13396088ns          217217 1c00891c 00000513 addi             x10, x0, 0          x10=00000000
13396108ns          217218 1c00891e 00008067 jalr             x0, x1, 0            x1:1c0089ee
13396168ns          217221 1c0089ee 31f52563 p.beqimm         x10, 778            x10:00000000
13396188ns          217222 1c0089f2 001d8d93 addi             x27, x27, 1         x27=00000005 x27:00000004
13396208ns          217223 1c0089f4 00044503 lbu              x10, 0(x8)          x10=00000073  x8:1c000095  PA:1c000095
13396526ns          217239 1c0089f8 00140413 addi             x8, x8, 1            x8=1c000096  x8:1c000095
13396546ns          217240 1c0089fa fe0514e3 bne              x10, x0, -24        x10:00000073
13396625ns          217244 1c0089e2 02500793 addi             x15, x0, 37         x15=00000025
13396645ns          217245 1c0089e6 04f50863 beq              x10, x15, 80        x10:00000073 x15:00000025
13396665ns          217246 1c0089ea 01a005b3 add              x11, x0, x26        x11=00000002 x26:00000002
13396685ns          217247 1c0089ec 000b00e7 jalr             x1, x22, 0           x1=1c0089ee x22:1c0088f8
13396725ns          217249 1c0088f8 000026b7 lui              x13, 0x2000         x13=00002000
13396745ns          217250 1c0088fa f14027f3 csrrs            x15, x0, 0xf14      x15=00000000
13396765ns          217251 1c0088fe f8068693 addi             x13, x13, -128      x13=00001f80 x13:00002000
13396784ns          217252 1c008902 00379713 slli             x14, x15, 0x3       x14=00000000 x15:00000000
13396804ns          217253 1c008906 00279793 slli             x15, x15, 0x2       x15=00000000 x15:00000000
13396824ns          217254 1c008908 00d7f7b3 and              x15, x15, x13       x15=00000000 x15:00000000 x13:00001f80
13396844ns          217255 1c00890a ee873733 p.bclr           x14, x14, 23, 8     x14=00000000 x14:00000000
13396864ns          217256 1c00890e 1a10f6b7 lui              x13, 0x1a10f000     x13=1a10f000
13396884ns          217257 1c008912 0ff57513 andi             x10, x10, 255       x10=00000073 x10:00000073
13396904ns          217258 1c008916 00d70733 add              x14, x14, x13       x14=1a10f000 x14:00000000 x13:1a10f000
13396924ns          217259 1c008918 00a7e723 p.sw             x10, x0(x15)        x10:00000073 x15:00000000  PA:1a10f000
13397242ns          217275 1c00891c 00000513 addi             x10, x0, 0          x10=00000000
13397262ns          217276 1c00891e 00008067 jalr             x0, x1, 0            x1:1c0089ee
13397321ns          217279 1c0089ee 31f52563 p.beqimm         x10, 778            x10:00000000
13397341ns          217280 1c0089f2 001d8d93 addi             x27, x27, 1         x27=00000006 x27:00000005
13397361ns          217281 1c0089f4 00044503 lbu              x10, 0(x8)          x10=00000074  x8:1c000096  PA:1c000096
13397660ns          217296 1c0089f8 00140413 addi             x8, x8, 1            x8=1c000097  x8:1c000096
13397679ns          217297 1c0089fa fe0514e3 bne              x10, x0, -24        x10:00000074
13397759ns          217301 1c0089e2 02500793 addi             x15, x0, 37         x15=00000025
13397779ns          217302 1c0089e6 04f50863 beq              x10, x15, 80        x10:00000074 x15:00000025
13397799ns          217303 1c0089ea 01a005b3 add              x11, x0, x26        x11=00000002 x26:00000002
13397819ns          217304 1c0089ec 000b00e7 jalr             x1, x22, 0           x1=1c0089ee x22:1c0088f8
13397859ns          217306 1c0088f8 000026b7 lui              x13, 0x2000         x13=00002000
13397878ns          217307 1c0088fa f14027f3 csrrs            x15, x0, 0xf14      x15=00000000
13397898ns          217308 1c0088fe f8068693 addi             x13, x13, -128      x13=00001f80 x13:00002000
13397918ns          217309 1c008902 00379713 slli             x14, x15, 0x3       x14=00000000 x15:00000000
13397938ns          217310 1c008906 00279793 slli             x15, x15, 0x2       x15=00000000 x15:00000000
13397958ns          217311 1c008908 00d7f7b3 and              x15, x15, x13       x15=00000000 x15:00000000 x13:00001f80
13397978ns          217312 1c00890a ee873733 p.bclr           x14, x14, 23, 8     x14=00000000 x14:00000000
13397998ns          217313 1c00890e 1a10f6b7 lui              x13, 0x1a10f000     x13=1a10f000
13398018ns          217314 1c008912 0ff57513 andi             x10, x10, 255       x10=00000074 x10:00000074
13398038ns          217315 1c008916 00d70733 add              x14, x14, x13       x14=1a10f000 x14:00000000 x13:1a10f000
13398057ns          217316 1c008918 00a7e723 p.sw             x10, x0(x15)        x10:00000074 x15:00000000  PA:1a10f000
13398396ns          217333 1c00891c 00000513 addi             x10, x0, 0          x10=00000000
13398415ns          217334 1c00891e 00008067 jalr             x0, x1, 0            x1:1c0089ee
13398475ns          217337 1c0089ee 31f52563 p.beqimm         x10, 778            x10:00000000
13398495ns          217338 1c0089f2 001d8d93 addi             x27, x27, 1         x27=00000007 x27:00000006
13398515ns          217339 1c0089f4 00044503 lbu              x10, 0(x8)          x10=0000003a  x8:1c000097  PA:1c000097
13398813ns          217354 1c0089f8 00140413 addi             x8, x8, 1            x8=1c000098  x8:1c000097
13398833ns          217355 1c0089fa fe0514e3 bne              x10, x0, -24        x10:0000003a
13398913ns          217359 1c0089e2 02500793 addi             x15, x0, 37         x15=00000025
13398933ns          217360 1c0089e6 04f50863 beq              x10, x15, 80        x10:0000003a x15:00000025
13398952ns          217361 1c0089ea 01a005b3 add              x11, x0, x26        x11=00000002 x26:00000002
13398972ns          217362 1c0089ec 000b00e7 jalr             x1, x22, 0           x1=1c0089ee x22:1c0088f8
13399012ns          217364 1c0088f8 000026b7 lui              x13, 0x2000         x13=00002000
13399032ns          217365 1c0088fa f14027f3 csrrs            x15, x0, 0xf14      x15=00000000
13399052ns          217366 1c0088fe f8068693 addi             x13, x13, -128      x13=00001f80 x13:00002000
13399072ns          217367 1c008902 00379713 slli             x14, x15, 0x3       x14=00000000 x15:00000000
13399092ns          217368 1c008906 00279793 slli             x15, x15, 0x2       x15=00000000 x15:00000000
13399112ns          217369 1c008908 00d7f7b3 and              x15, x15, x13       x15=00000000 x15:00000000 x13:00001f80
13399132ns          217370 1c00890a ee873733 p.bclr           x14, x14, 23, 8     x14=00000000 x14:00000000
13399151ns          217371 1c00890e 1a10f6b7 lui              x13, 0x1a10f000     x13=1a10f000
13399171ns          217372 1c008912 0ff57513 andi             x10, x10, 255       x10=0000003a x10:0000003a
13399191ns          217373 1c008916 00d70733 add              x14, x14, x13       x14=1a10f000 x14:00000000 x13:1a10f000
13399211ns          217374 1c008918 00a7e723 p.sw             x10, x0(x15)        x10:0000003a x15:00000000  PA:1a10f000
13399529ns          217390 1c00891c 00000513 addi             x10, x0, 0          x10=00000000
13399549ns          217391 1c00891e 00008067 jalr             x0, x1, 0            x1:1c0089ee
13399609ns          217394 1c0089ee 31f52563 p.beqimm         x10, 778            x10:00000000
13399629ns          217395 1c0089f2 001d8d93 addi             x27, x27, 1         x27=00000008 x27:00000007
13399649ns          217396 1c0089f4 00044503 lbu              x10, 0(x8)          x10=00000020  x8:1c000098  PA:1c000098
13399967ns          217412 1c0089f8 00140413 addi             x8, x8, 1            x8=1c000099  x8:1c000098
13399987ns          217413 1c0089fa fe0514e3 bne              x10, x0, -24        x10:00000020
13400066ns          217417 1c0089e2 02500793 addi             x15, x0, 37         x15=00000025
13400086ns          217418 1c0089e6 04f50863 beq              x10, x15, 80        x10:00000020 x15:00000025
13400106ns          217419 1c0089ea 01a005b3 add              x11, x0, x26        x11=00000002 x26:00000002
13400126ns          217420 1c0089ec 000b00e7 jalr             x1, x22, 0           x1=1c0089ee x22:1c0088f8
13400166ns          217422 1c0088f8 000026b7 lui              x13, 0x2000         x13=00002000
13400186ns          217423 1c0088fa f14027f3 csrrs            x15, x0, 0xf14      x15=00000000
13400206ns          217424 1c0088fe f8068693 addi             x13, x13, -128      x13=00001f80 x13:00002000
13400226ns          217425 1c008902 00379713 slli             x14, x15, 0x3       x14=00000000 x15:00000000
13400245ns          217426 1c008906 00279793 slli             x15, x15, 0x2       x15=00000000 x15:00000000
13400265ns          217427 1c008908 00d7f7b3 and              x15, x15, x13       x15=00000000 x15:00000000 x13:00001f80
13400285ns          217428 1c00890a ee873733 p.bclr           x14, x14, 23, 8     x14=00000000 x14:00000000
13400305ns          217429 1c00890e 1a10f6b7 lui              x13, 0x1a10f000     x13=1a10f000
13400325ns          217430 1c008912 0ff57513 andi             x10, x10, 255       x10=00000020 x10:00000020
13400345ns          217431 1c008916 00d70733 add              x14, x14, x13       x14=1a10f000 x14:00000000 x13:1a10f000
13400365ns          217432 1c008918 00a7e723 p.sw             x10, x0(x15)        x10:00000020 x15:00000000  PA:1a10f000
13400683ns          217448 1c00891c 00000513 addi             x10, x0, 0          x10=00000000
13400703ns          217449 1c00891e 00008067 jalr             x0, x1, 0            x1:1c0089ee
13400763ns          217452 1c0089ee 31f52563 p.beqimm         x10, 778            x10:00000000
13400782ns          217453 1c0089f2 001d8d93 addi             x27, x27, 1         x27=00000009 x27:00000008
13400802ns          217454 1c0089f4 00044503 lbu              x10, 0(x8)          x10=00000025  x8:1c000099  PA:1c000099
13401121ns          217470 1c0089f8 00140413 addi             x8, x8, 1            x8=1c00009a  x8:1c000099
13401140ns          217471 1c0089fa fe0514e3 bne              x10, x0, -24        x10:00000025
13401220ns          217475 1c0089e2 02500793 addi             x15, x0, 37         x15=00000025
13401240ns          217476 1c0089e6 04f50863 beq              x10, x15, 80        x10:00000025 x15:00000025
13401757ns          217502 1c008a36 00044483 lbu              x9, 0(x8)            x9=00000073  x8:1c00009a  PA:1c00009a
13402055ns          217517 1c008a3a 02000693 addi             x13, x0, 32         x13=00000020
13402215ns          217525 1c008a3e 00140a93 addi             x21, x8, 1          x21=1c00009b  x8:1c00009a
13402234ns          217526 1c008a42 009005b3 add              x11, x0, x9         x11=00000073  x9:00000073
13402254ns          217527 1c008a44 064b8513 addi             x10, x23, 100       x10=1c000064 x23:1c000000
13402274ns          217528 1c008a48 00d12823 sw               x13, 16(x2)         x13:00000020  x2:10000638  PA:10000648
13402294ns          217529 1c008a4a 00012c23 sw               x0, 24(x2)           x2:10000638  PA:10000650
13402314ns          217530 1c008a4c 00012a23 sw               x0, 20(x2)           x2:10000638  PA:1000064c
13402334ns          217531 1c008a4e 00012e23 sw               x0, 28(x2)           x2:10000638  PA:10000654
13402732ns          217551 1c008a50 00012623 sw               x0, 12(x2)           x2:10000638  PA:10000644
13402772ns          217553 1c008a52 02300913 addi             x18, x0, 35         x18=00000023
13402791ns          217554 1c008a56 02d00a13 addi             x20, x0, 45         x20=0000002d
13402811ns          217555 1c008a5a 015009b3 add              x19, x0, x21        x19=1c00009b x21:1c00009b
13402831ns          217556 1c008a5c e1dff0ef jal              x1, -484             x1=1c008a5e
13403726ns          217601 1c008878 00054783 lbu              x15, 0(x10)         x15=0000002d x10:1c000064  PA:1c000064
13404045ns          217617 1c00887c 0ff5f593 andi             x11, x11, 255       x11=00000073 x11:00000073
13404204ns          217625 1c008880 00b78c63 beq              x15, x11, 24        x15:0000002d x11:00000073
13404243ns          217627 1c008884 00078b63 beq              x15, x0, 22         x15:0000002d
13404263ns          217628 1c008886 00150793 addi             x15, x10, 1         x15=1c000065 x10:1c000064
13404283ns          217629 1c00888a 0040006f jal              x0, 4              
13404761ns          217653 1c00888e 00f00533 add              x10, x0, x15        x10=1c000065 x15:1c000065
13404780ns          217654 1c008890 0017c70b p.lbu            x14, 1(x15!)        x14=0000002b x15=1c000066 x15:1c000065  PA:1c000065
13405119ns          217671 1c008894 feb71ce3 bne              x14, x11, -8        x14:0000002b x11:00000073
13405318ns          217681 1c00888c 00070763 beq              x14, x0, 14         x14:0000002b
13405337ns          217682 1c00888e 00f00533 add              x10, x0, x15        x10=1c000066 x15:1c000066
13405357ns          217683 1c008890 0017c70b p.lbu            x14, 1(x15!)        x14=00000020 x15=1c000067 x15:1c000066  PA:1c000066
13405695ns          217700 1c008894 feb71ce3 bne              x14, x11, -8        x14:00000020 x11:00000073
13405755ns          217703 1c00888c 00070763 beq              x14, x0, 14         x14:00000020
13405775ns          217704 1c00888e 00f00533 add              x10, x0, x15        x10=1c000067 x15:1c000067
13405795ns          217705 1c008890 0017c70b p.lbu            x14, 1(x15!)        x14=00000023 x15=1c000068 x15:1c000067  PA:1c000067
13406113ns          217721 1c008894 feb71ce3 bne              x14, x11, -8        x14:00000023 x11:00000073
13406173ns          217724 1c00888c 00070763 beq              x14, x0, 14         x14:00000023
13406193ns          217725 1c00888e 00f00533 add              x10, x0, x15        x10=1c000068 x15:1c000068
13406213ns          217726 1c008890 0017c70b p.lbu            x14, 1(x15!)        x14=00000030 x15=1c000069 x15:1c000068  PA:1c000068
13406531ns          217742 1c008894 feb71ce3 bne              x14, x11, -8        x14:00000030 x11:00000073
13406591ns          217745 1c00888c 00070763 beq              x14, x0, 14         x14:00000030
13406610ns          217746 1c00888e 00f00533 add              x10, x0, x15        x10=1c000069 x15:1c000069
13406630ns          217747 1c008890 0017c70b p.lbu            x14, 1(x15!)        x14=00000000 x15=1c00006a x15:1c000069  PA:1c000069
13406949ns          217763 1c008894 feb71ce3 bne              x14, x11, -8        x14:00000000 x11:00000073
13407008ns          217766 1c00888c 00070763 beq              x14, x0, 14         x14:00000000
13407088ns          217770 1c00889a 0015b593 sltiu            x11, x11, 1         x11=00000000 x11:00000073
13407108ns          217771 1c00889e 40b005b3 sub              x11, x0, x11        x11=00000000 x11:00000000
13407128ns          217772 1c0088a2 00b57533 and              x10, x10, x11       x10=00000000 x10:1c000069 x11:00000000
13407147ns          217773 1c0088a4 00008067 jalr             x0, x1, 0            x1:1c008a5e
13407187ns          217775 1c008a5e 02050a63 beq              x10, x0, 52         x10:00000000
13407704ns          217801 1c008a92 02a00613 addi             x12, x0, 42         x12=0000002a
13407724ns          217802 1c008a96 2ac48663 beq              x9, x12, 684         x9:00000073 x12:0000002a
13407744ns          217803 1c008a9a fd048613 addi             x12, x9, -48        x12=00000043  x9:00000073
13407764ns          217804 1c008a9e 00900593 addi             x11, x0, 9          x11=00000009
13408182ns          217825 1c008aa0 00000913 addi             x18, x0, 0          x18=00000000
13408222ns          217827 1c008aa2 28c5f063 bgeu             x11, x12, 640       x11:00000009 x12:00000043
13408241ns          217828 1c008aa6 02e00693 addi             x13, x0, 46         x13=0000002e
13408261ns          217829 1c008aaa fff00a13 addi             x20, x0, -1         x20=ffffffff
13408281ns          217830 1c008aac 2ed48363 beq              x9, x13, 742         x9:00000073 x13:0000002e
13408699ns          217851 1c008ab0 1c0007b7 lui              x15, 0x1c000000     x15=1c000000
13408739ns          217853 1c008ab4 009005b3 add              x11, x0, x9         x11=00000073  x9:00000073
13408759ns          217854 1c008ab6 06c78513 addi             x10, x15, 108       x10=1c00006c x15:1c000000
13408779ns          217855 1c008aba dbfff0ef jal              x1, -578             x1=1c008abc
13409276ns          217880 1c008878 00054783 lbu              x15, 0(x10)         x15=00000068 x10:1c00006c  PA:1c00006c
13409574ns          217895 1c00887c 0ff5f593 andi             x11, x11, 255       x11=00000073 x11:00000073
13409594ns          217896 1c008880 00b78c63 beq              x15, x11, 24        x15:00000068 x11:00000073
13409614ns          217897 1c008884 00078b63 beq              x15, x0, 22         x15:00000068
13409634ns          217898 1c008886 00150793 addi             x15, x10, 1         x15=1c00006d x10:1c00006c
13409654ns          217899 1c00888a 0040006f jal              x0, 4              
13409694ns          217901 1c00888e 00f00533 add              x10, x0, x15        x10=1c00006d x15:1c00006d
13409713ns          217902 1c008890 0017c70b p.lbu            x14, 1(x15!)        x14=0000006c x15=1c00006e x15:1c00006d  PA:1c00006d
13410052ns          217919 1c008894 feb71ce3 bne              x14, x11, -8        x14:0000006c x11:00000073
13410111ns          217922 1c00888c 00070763 beq              x14, x0, 14         x14:0000006c
13410131ns          217923 1c00888e 00f00533 add              x10, x0, x15        x10=1c00006e x15:1c00006e
13410151ns          217924 1c008890 0017c70b p.lbu            x14, 1(x15!)        x14=0000004c x15=1c00006f x15:1c00006e  PA:1c00006e
13410469ns          217940 1c008894 feb71ce3 bne              x14, x11, -8        x14:0000004c x11:00000073
13410529ns          217943 1c00888c 00070763 beq              x14, x0, 14         x14:0000004c
13410549ns          217944 1c00888e 00f00533 add              x10, x0, x15        x10=1c00006f x15:1c00006f
13410569ns          217945 1c008890 0017c70b p.lbu            x14, 1(x15!)        x14=0000007a x15=1c000070 x15:1c00006f  PA:1c00006f
13410887ns          217961 1c008894 feb71ce3 bne              x14, x11, -8        x14:0000007a x11:00000073
13410947ns          217964 1c00888c 00070763 beq              x14, x0, 14         x14:0000007a
13410967ns          217965 1c00888e 00f00533 add              x10, x0, x15        x10=1c000070 x15:1c000070
13410986ns          217966 1c008890 0017c70b p.lbu            x14, 1(x15!)        x14=00000000 x15=1c000071 x15:1c000070  PA:1c000070
13411305ns          217982 1c008894 feb71ce3 bne              x14, x11, -8        x14:00000000 x11:00000073
13411364ns          217985 1c00888c 00070763 beq              x14, x0, 14         x14:00000000
13411444ns          217989 1c00889a 0015b593 sltiu            x11, x11, 1         x11=00000000 x11:00000073
13411464ns          217990 1c00889e 40b005b3 sub              x11, x0, x11        x11=00000000 x11:00000000
13411484ns          217991 1c0088a2 00b57533 and              x10, x10, x11       x10=00000000 x10:1c000070 x11:00000000
13411504ns          217992 1c0088a4 00008067 jalr             x0, x1, 0            x1:1c008abc
13411543ns          217994 1c008abc 01300433 add              x8, x0, x19          x8=1c00009b x19:1c00009b
13411563ns          217995 1c008abe 00050563 beq              x10, x0, 10         x10:00000000
13411623ns          217998 1c008ac8 06700693 addi             x13, x0, 103        x13=00000067
13411643ns          217999 1c008acc 2896d963 bge              x13, x9, 658        x13:00000067  x9:00000073
13412080ns          218021 1c008ad0 07000693 addi             x13, x0, 112        x13=00000070
13412120ns          218023 1c008ad4 7cd48763 beq              x9, x13, 1998        x9:00000073 x13:00000070
13412140ns          218024 1c008ad8 2e96d163 bge              x13, x9, 738        x13:00000070  x9:00000073
13412160ns          218025 1c008adc 07500693 addi             x13, x0, 117        x13=00000075
13412598ns          218047 1c008ae0 12d484e3 beq              x9, x13, 2344        x9:00000073 x13:00000075
13412637ns          218049 1c008ae4 07800693 addi             x13, x0, 120        x13=00000078
13412657ns          218050 1c008ae8 06d48663 beq              x9, x13, 108         x9:00000073 x13:00000078
13412677ns          218051 1c008aec 07300693 addi             x13, x0, 115        x13=00000073
13413135ns          218074 1c008af0 18d49ae3 bne              x9, x13, 2452        x9:00000073 x13:00000073
13413174ns          218076 1c008af4 000c2583 lw               x11, 0(x24)         x11=1c000050 x24:1000078c  PA:1000078c
13413194ns          218077 1c008af8 004c0993 addi             x19, x24, 4         x19=10000790 x24:1000078c
13413214ns          218078 1c008afc 00b006b3 add              x13, x0, x11        x13=1c000050 x11:1c000050
13413234ns          218079 1c008afe 00000493 addi             x9, x0, 0            x9=00000000
13413652ns          218100 1c008b00 0c8350fb lp.setupi        0x1, 0xc8, 0x6     
13413692ns          218102 1c008b04 0016c70b p.lbu            x14, 1(x13!)        x14=0000006d x13=1c000051 x13:1c000050  PA:1c000050
13414010ns          218118 1c008b08 180705e3 beq              x14, x0, 2442       x14:0000006d
13414030ns          218119 1c008b0c 00148493 addi             x9, x9, 1            x9=00000001  x9:00000000
13414050ns          218120 1c008b04 0016c70b p.lbu            x14, 1(x13!)        x14=00000061 x13=1c000052 x13:1c000051  PA:1c000051
13414388ns          218137 1c008b08 180705e3 beq              x14, x0, 2442       x14:00000061
13414408ns          218138 1c008b0c 00148493 addi             x9, x9, 1            x9=00000002  x9:00000001
13414567ns          218146 1c008b04 0016c70b p.lbu            x14, 1(x13!)        x14=00000063 x13=1c000053 x13:1c000052  PA:1c000052
13414905ns          218163 1c008b08 180705e3 beq              x14, x0, 2442       x14:00000063
13414925ns          218164 1c008b0c 00148493 addi             x9, x9, 1            x9=00000003  x9:00000002
13414945ns          218165 1c008b04 0016c70b p.lbu            x14, 1(x13!)        x14=00000000 x13=1c000054 x13:1c000053  PA:1c000053
13415263ns          218181 1c008b08 180705e3 beq              x14, x0, 2442       x14:00000000
13415800ns          218208 1c009492 e80a5063 bge              x20, x0, -2432      x20:ffffffff
13415820ns          218209 1c009496 e80ff06f jal              x0, -2432          
13415860ns          218211 1c008b16 01300c33 add              x24, x0, x19        x24=10000790 x19:10000790
13415880ns          218212 1c008b18 ec0481e3 beq              x9, x0, -318         x9:00000003
13415899ns          218213 1c008b1c 00900633 add              x12, x0, x9         x12=00000003  x9:00000003
13415919ns          218214 1c008b1e 01900533 add              x10, x0, x25        x10=1000065c x25:1000065c
13416337ns          218235 1c008b20 9e5ff0ef jal              x1, -1564            x1=1c008b22
13416794ns          218258 1c008504 00a5e7b3 or               x15, x11, x10       x15=1c00065c x11:1c000050 x10:1000065c
13416834ns          218260 1c008508 fa27b7b3 p.bclr           x15, x15, 29, 2     x15=00000000 x15:1c00065c
13416854ns          218261 1c00850c 00a00833 add              x16, x0, x10        x16=1000065c x10:1000065c
13417292ns          218283 1c00850e 10078163 beq              x15, x0, 258        x15:00000000
13417769ns          218307 1c008610 fa2637b3 p.bclr           x15, x12, 29, 2     x15=00000003 x12:00000003
13417809ns          218309 1c008614 f00791e3 bne              x15, x0, -254       x15:00000003
13417888ns          218313 1c008516 00458793 addi             x15, x11, 4         x15=1c000054 x11:1c000050
13417908ns          218314 1c00851a 00450693 addi             x13, x10, 4         x13=10000660 x10:1000065c
13418366ns          218337 1c00851e 04a7b7b3 p.sletu          x15, x15, x10       x15=00000000 x15:1c000054 x10:1000065c
13418406ns          218339 1c008522 04b6b6b3 p.sletu          x13, x13, x11       x13=00000001 x13:10000660 x11:1c000050
13418426ns          218340 1c008526 00f00733 add              x14, x0, x15        x14=00000000 x15:00000000
13418445ns          218341 1c008528 00d007b3 add              x15, x0, x13        x15=00000001 x13:00000001
13418465ns          218342 1c00852a 00e7e7b3 or               x15, x15, x14       x15=00000001 x15:00000001 x14:00000000
13418485ns          218343 1c00852c 0ff7f793 andi             x15, x15, 255       x15=00000001 x15:00000001
13418883ns          218363 1c008530 0c078963 beq              x15, x0, 210        x15:00000001
13418923ns          218365 1c008532 00863793 sltiu            x15, x12, 8         x15=00000001 x12:00000003
13418943ns          218366 1c008536 0017c793 xori             x15, x15, 1         x15=00000000 x15:00000001
13418963ns          218367 1c00853a 0ff7f793 andi             x15, x15, 255       x15=00000000 x15:00000000
13418982ns          218368 1c00853e 0c078263 beq              x15, x0, 196        x15:00000000
13419917ns          218415 1c008602 004640fb lp.setup         0x1, x12, 0x4       x12:00000003
13419937ns          218416 1c008606 0015c78b p.lbu            x15, 1(x11!)        x15=0000006d x11=1c000051 x11:1c000050  PA:1c000050
13420255ns          218432 1c00860a 00f800ab p.sb             x15, 1(x16!)        x16=1000065d x15:0000006d x16:1000065c  PA:1000065c
13420275ns          218433 1c008606 0015c78b p.lbu            x15, 1(x11!)        x15=00000061 x11=1c000052 x11:1c000051  PA:1c000051
13420594ns          218449 1c00860a 00f800ab p.sb             x15, 1(x16!)        x16=1000065e x15:00000061 x16:1000065d  PA:1000065d
13420614ns          218450 1c008606 0015c78b p.lbu            x15, 1(x11!)        x15=00000063 x11=1c000053 x11:1c000052  PA:1c000052
13420952ns          218467 1c00860a 00f800ab p.sb             x15, 1(x16!)        x16=1000065f x15:00000063 x16:1000065e  PA:1000065e
13420972ns          218468 1c00860e 00008067 jalr             x0, x1, 0            x1:1c008b22
13421011ns          218470 1c008b22 01300c33 add              x24, x0, x19        x24=10000790 x19:10000790
13421031ns          218471 1c008b24 1b24db63 bge              x9, x18, 438         x9:00000003 x18:00000000
13421509ns          218495 1c008cda 01900933 add              x18, x0, x25        x18=1000065c x25:1000065c
13421548ns          218497 1c008cdc 419d8db3 sub              x27, x27, x25       x27=effff9ad x27:00000009 x25:1000065c
13421986ns          218519 1c008ce0 00a0006f jal              x0, 10             
13422046ns          218522 1c008cea 0019450b p.lbu            x10, 1(x18!)        x10=0000006d x18=1000065d x18:1000065c  PA:1000065c
13422066ns          218523 1c008cee 01a005b3 add              x11, x0, x26        x11=00000002 x26:00000002
13422503ns          218545 1c008cf0 000b00e7 jalr             x1, x22, 0           x1=1c008cf2 x22:1c0088f8
13422583ns          218549 1c0088f8 000026b7 lui              x13, 0x2000         x13=00002000
13422622ns          218551 1c0088fa f14027f3 csrrs            x15, x0, 0xf14      x15=00000000
13422682ns          218554 1c0088fe f8068693 addi             x13, x13, -128      x13=00001f80 x13:00002000
13422722ns          218556 1c008902 00379713 slli             x14, x15, 0x3       x14=00000000 x15:00000000
13422742ns          218557 1c008906 00279793 slli             x15, x15, 0x2       x15=00000000 x15:00000000
13422762ns          218558 1c008908 00d7f7b3 and              x15, x15, x13       x15=00000000 x15:00000000 x13:00001f80
13422782ns          218559 1c00890a ee873733 p.bclr           x14, x14, 23, 8     x14=00000000 x14:00000000
13423199ns          218580 1c00890e 1a10f6b7 lui              x13, 0x1a10f000     x13=1a10f000
13423239ns          218582 1c008912 0ff57513 andi             x10, x10, 255       x10=0000006d x10:0000006d
13423259ns          218583 1c008916 00d70733 add              x14, x14, x13       x14=1a10f000 x14:00000000 x13:1a10f000
13423279ns          218584 1c008918 00a7e723 p.sw             x10, x0(x15)        x10:0000006d x15:00000000  PA:1a10f000
13423597ns          218600 1c00891c 00000513 addi             x10, x0, 0          x10=00000000
13423617ns          218601 1c00891e 00008067 jalr             x0, x1, 0            x1:1c008cf2
13423657ns          218603 1c008cf2 fff48493 addi             x9, x9, -1           x9=00000002  x9:00000003
13423677ns          218604 1c008cf4 fff537e3 p.bneimm         x10, -18            x10:00000000
13423756ns          218608 1c008ce2 012d8733 add              x14, x27, x18       x14=0000000a x27:effff9ad x18:1000065d
13423776ns          218609 1c008ce6 5a048b63 beq              x9, x0, 1462         x9:00000002
13423796ns          218610 1c008cea 0019450b p.lbu            x10, 1(x18!)        x10=00000061 x18=1000065e x18:1000065d  PA:1000065d
13423816ns          218611 1c008cee 01a005b3 add              x11, x0, x26        x11=00000002 x26:00000002
13423836ns          218612 1c008cf0 000b00e7 jalr             x1, x22, 0           x1=1c008cf2 x22:1c0088f8
13423876ns          218614 1c0088f8 000026b7 lui              x13, 0x2000         x13=00002000
13423895ns          218615 1c0088fa f14027f3 csrrs            x15, x0, 0xf14      x15=00000000
13423915ns          218616 1c0088fe f8068693 addi             x13, x13, -128      x13=00001f80 x13:00002000
13423935ns          218617 1c008902 00379713 slli             x14, x15, 0x3       x14=00000000 x15:00000000
13423955ns          218618 1c008906 00279793 slli             x15, x15, 0x2       x15=00000000 x15:00000000
13423975ns          218619 1c008908 00d7f7b3 and              x15, x15, x13       x15=00000000 x15:00000000 x13:00001f80
13423995ns          218620 1c00890a ee873733 p.bclr           x14, x14, 23, 8     x14=00000000 x14:00000000
13424015ns          218621 1c00890e 1a10f6b7 lui              x13, 0x1a10f000     x13=1a10f000
13424035ns          218622 1c008912 0ff57513 andi             x10, x10, 255       x10=00000061 x10:00000061
13424055ns          218623 1c008916 00d70733 add              x14, x14, x13       x14=1a10f000 x14:00000000 x13:1a10f000
13424075ns          218624 1c008918 00a7e723 p.sw             x10, x0(x15)        x10:00000061 x15:00000000  PA:1a10f000
13424393ns          218640 1c00891c 00000513 addi             x10, x0, 0          x10=00000000
13424413ns          218641 1c00891e 00008067 jalr             x0, x1, 0            x1:1c008cf2
13424452ns          218643 1c008cf2 fff48493 addi             x9, x9, -1           x9=00000001  x9:00000002
13424472ns          218644 1c008cf4 fff537e3 p.bneimm         x10, -18            x10:00000000
13424552ns          218648 1c008ce2 012d8733 add              x14, x27, x18       x14=0000000b x27:effff9ad x18:1000065e
13424572ns          218649 1c008ce6 5a048b63 beq              x9, x0, 1462         x9:00000001
13424592ns          218650 1c008cea 0019450b p.lbu            x10, 1(x18!)        x10=00000063 x18=1000065f x18:1000065e  PA:1000065e
13424612ns          218651 1c008cee 01a005b3 add              x11, x0, x26        x11=00000002 x26:00000002
13424631ns          218652 1c008cf0 000b00e7 jalr             x1, x22, 0           x1=1c008cf2 x22:1c0088f8
13424671ns          218654 1c0088f8 000026b7 lui              x13, 0x2000         x13=00002000
13424691ns          218655 1c0088fa f14027f3 csrrs            x15, x0, 0xf14      x15=00000000
13424711ns          218656 1c0088fe f8068693 addi             x13, x13, -128      x13=00001f80 x13:00002000
13424731ns          218657 1c008902 00379713 slli             x14, x15, 0x3       x14=00000000 x15:00000000
13424751ns          218658 1c008906 00279793 slli             x15, x15, 0x2       x15=00000000 x15:00000000
13424771ns          218659 1c008908 00d7f7b3 and              x15, x15, x13       x15=00000000 x15:00000000 x13:00001f80
13424791ns          218660 1c00890a ee873733 p.bclr           x14, x14, 23, 8     x14=00000000 x14:00000000
13424810ns          218661 1c00890e 1a10f6b7 lui              x13, 0x1a10f000     x13=1a10f000
13424830ns          218662 1c008912 0ff57513 andi             x10, x10, 255       x10=00000063 x10:00000063
13424850ns          218663 1c008916 00d70733 add              x14, x14, x13       x14=1a10f000 x14:00000000 x13:1a10f000
13424870ns          218664 1c008918 00a7e723 p.sw             x10, x0(x15)        x10:00000063 x15:00000000  PA:1a10f000
13425188ns          218680 1c00891c 00000513 addi             x10, x0, 0          x10=00000000
13425208ns          218681 1c00891e 00008067 jalr             x0, x1, 0            x1:1c008cf2
13425248ns          218683 1c008cf2 fff48493 addi             x9, x9, -1           x9=00000000  x9:00000001
13425268ns          218684 1c008cf4 fff537e3 p.bneimm         x10, -18            x10:00000000
13425348ns          218688 1c008ce2 012d8733 add              x14, x27, x18       x14=0000000c x27:effff9ad x18:1000065f
13425367ns          218689 1c008ce6 5a048b63 beq              x9, x0, 1462         x9:00000000
13425845ns          218713 1c00929c 00e00db3 add              x27, x0, x14        x27=0000000c x14:0000000c
13426302ns          218736 1c00929e f3cff06f jal              x0, -2244          
13426362ns          218739 1c0089da 00044503 lbu              x10, 0(x8)          x10=00000020  x8:1c00009b  PA:1c00009b
13426680ns          218755 1c0089de 00140413 addi             x8, x8, 1            x8=1c00009c  x8:1c00009b
13426700ns          218756 1c0089e0 00050e63 beq              x10, x0, 28         x10:00000020
13426720ns          218757 1c0089e2 02500793 addi             x15, x0, 37         x15=00000025
13426740ns          218758 1c0089e6 04f50863 beq              x10, x15, 80        x10:00000020 x15:00000025
13426760ns          218759 1c0089ea 01a005b3 add              x11, x0, x26        x11=00000002 x26:00000002
13426780ns          218760 1c0089ec 000b00e7 jalr             x1, x22, 0           x1=1c0089ee x22:1c0088f8
13426859ns          218764 1c0088f8 000026b7 lui              x13, 0x2000         x13=00002000
13426879ns          218765 1c0088fa f14027f3 csrrs            x15, x0, 0xf14      x15=00000000
13426899ns          218766 1c0088fe f8068693 addi             x13, x13, -128      x13=00001f80 x13:00002000
13426919ns          218767 1c008902 00379713 slli             x14, x15, 0x3       x14=00000000 x15:00000000
13426939ns          218768 1c008906 00279793 slli             x15, x15, 0x2       x15=00000000 x15:00000000
13426959ns          218769 1c008908 00d7f7b3 and              x15, x15, x13       x15=00000000 x15:00000000 x13:00001f80
13426979ns          218770 1c00890a ee873733 p.bclr           x14, x14, 23, 8     x14=00000000 x14:00000000
13427018ns          218772 1c00890e 1a10f6b7 lui              x13, 0x1a10f000     x13=1a10f000
13427058ns          218774 1c008912 0ff57513 andi             x10, x10, 255       x10=00000020 x10:00000020
13427078ns          218775 1c008916 00d70733 add              x14, x14, x13       x14=1a10f000 x14:00000000 x13:1a10f000
13427098ns          218776 1c008918 00a7e723 p.sw             x10, x0(x15)        x10:00000020 x15:00000000  PA:1a10f000
13427416ns          218792 1c00891c 00000513 addi             x10, x0, 0          x10=00000000
13427436ns          218793 1c00891e 00008067 jalr             x0, x1, 0            x1:1c0089ee
13427496ns          218796 1c0089ee 31f52563 p.beqimm         x10, 778            x10:00000000
13427516ns          218797 1c0089f2 001d8d93 addi             x27, x27, 1         x27=0000000d x27:0000000c
13427536ns          218798 1c0089f4 00044503 lbu              x10, 0(x8)          x10=0000002d  x8:1c00009c  PA:1c00009c
13427834ns          218813 1c0089f8 00140413 addi             x8, x8, 1            x8=1c00009d  x8:1c00009c
13427854ns          218814 1c0089fa fe0514e3 bne              x10, x0, -24        x10:0000002d
13427933ns          218818 1c0089e2 02500793 addi             x15, x0, 37         x15=00000025
13427953ns          218819 1c0089e6 04f50863 beq              x10, x15, 80        x10:0000002d x15:00000025
13427973ns          218820 1c0089ea 01a005b3 add              x11, x0, x26        x11=00000002 x26:00000002
13427993ns          218821 1c0089ec 000b00e7 jalr             x1, x22, 0           x1=1c0089ee x22:1c0088f8
13428033ns          218823 1c0088f8 000026b7 lui              x13, 0x2000         x13=00002000
13428053ns          218824 1c0088fa f14027f3 csrrs            x15, x0, 0xf14      x15=00000000
13428073ns          218825 1c0088fe f8068693 addi             x13, x13, -128      x13=00001f80 x13:00002000
13428092ns          218826 1c008902 00379713 slli             x14, x15, 0x3       x14=00000000 x15:00000000
13428112ns          218827 1c008906 00279793 slli             x15, x15, 0x2       x15=00000000 x15:00000000
13428132ns          218828 1c008908 00d7f7b3 and              x15, x15, x13       x15=00000000 x15:00000000 x13:00001f80
13428152ns          218829 1c00890a ee873733 p.bclr           x14, x14, 23, 8     x14=00000000 x14:00000000
13428172ns          218830 1c00890e 1a10f6b7 lui              x13, 0x1a10f000     x13=1a10f000
13428192ns          218831 1c008912 0ff57513 andi             x10, x10, 255       x10=0000002d x10:0000002d
13428212ns          218832 1c008916 00d70733 add              x14, x14, x13       x14=1a10f000 x14:00000000 x13:1a10f000
13428232ns          218833 1c008918 00a7e723 p.sw             x10, x0(x15)        x10:0000002d x15:00000000  PA:1a10f000
13428550ns          218849 1c00891c 00000513 addi             x10, x0, 0          x10=00000000
13428570ns          218850 1c00891e 00008067 jalr             x0, x1, 0            x1:1c0089ee
13428629ns          218853 1c0089ee 31f52563 p.beqimm         x10, 778            x10:00000000
13428649ns          218854 1c0089f2 001d8d93 addi             x27, x27, 1         x27=0000000e x27:0000000d
13428669ns          218855 1c0089f4 00044503 lbu              x10, 0(x8)          x10=0000003e  x8:1c00009d  PA:1c00009d
13429007ns          218872 1c0089f8 00140413 addi             x8, x8, 1            x8=1c00009e  x8:1c00009d
13429027ns          218873 1c0089fa fe0514e3 bne              x10, x0, -24        x10:0000003e
13429107ns          218877 1c0089e2 02500793 addi             x15, x0, 37         x15=00000025
13429127ns          218878 1c0089e6 04f50863 beq              x10, x15, 80        x10:0000003e x15:00000025
13429147ns          218879 1c0089ea 01a005b3 add              x11, x0, x26        x11=00000002 x26:00000002
13429167ns          218880 1c0089ec 000b00e7 jalr             x1, x22, 0           x1=1c0089ee x22:1c0088f8
13429206ns          218882 1c0088f8 000026b7 lui              x13, 0x2000         x13=00002000
13429226ns          218883 1c0088fa f14027f3 csrrs            x15, x0, 0xf14      x15=00000000
13429246ns          218884 1c0088fe f8068693 addi             x13, x13, -128      x13=00001f80 x13:00002000
13429266ns          218885 1c008902 00379713 slli             x14, x15, 0x3       x14=00000000 x15:00000000
13429286ns          218886 1c008906 00279793 slli             x15, x15, 0x2       x15=00000000 x15:00000000
13429306ns          218887 1c008908 00d7f7b3 and              x15, x15, x13       x15=00000000 x15:00000000 x13:00001f80
13429326ns          218888 1c00890a ee873733 p.bclr           x14, x14, 23, 8     x14=00000000 x14:00000000
13429346ns          218889 1c00890e 1a10f6b7 lui              x13, 0x1a10f000     x13=1a10f000
13429365ns          218890 1c008912 0ff57513 andi             x10, x10, 255       x10=0000003e x10:0000003e
13429385ns          218891 1c008916 00d70733 add              x14, x14, x13       x14=1a10f000 x14:00000000 x13:1a10f000
13429405ns          218892 1c008918 00a7e723 p.sw             x10, x0(x15)        x10:0000003e x15:00000000  PA:1a10f000
13429723ns          218908 1c00891c 00000513 addi             x10, x0, 0          x10=00000000
13429743ns          218909 1c00891e 00008067 jalr             x0, x1, 0            x1:1c0089ee
13429803ns          218912 1c0089ee 31f52563 p.beqimm         x10, 778            x10:00000000
13429823ns          218913 1c0089f2 001d8d93 addi             x27, x27, 1         x27=0000000f x27:0000000e
13429843ns          218914 1c0089f4 00044503 lbu              x10, 0(x8)          x10=00000020  x8:1c00009e  PA:1c00009e
13430141ns          218929 1c0089f8 00140413 addi             x8, x8, 1            x8=1c00009f  x8:1c00009e
13430161ns          218930 1c0089fa fe0514e3 bne              x10, x0, -24        x10:00000020
13430241ns          218934 1c0089e2 02500793 addi             x15, x0, 37         x15=00000025
13430261ns          218935 1c0089e6 04f50863 beq              x10, x15, 80        x10:00000020 x15:00000025
13430280ns          218936 1c0089ea 01a005b3 add              x11, x0, x26        x11=00000002 x26:00000002
13430300ns          218937 1c0089ec 000b00e7 jalr             x1, x22, 0           x1=1c0089ee x22:1c0088f8
13430340ns          218939 1c0088f8 000026b7 lui              x13, 0x2000         x13=00002000
13430360ns          218940 1c0088fa f14027f3 csrrs            x15, x0, 0xf14      x15=00000000
13430380ns          218941 1c0088fe f8068693 addi             x13, x13, -128      x13=00001f80 x13:00002000
13430400ns          218942 1c008902 00379713 slli             x14, x15, 0x3       x14=00000000 x15:00000000
13430420ns          218943 1c008906 00279793 slli             x15, x15, 0x2       x15=00000000 x15:00000000
13430440ns          218944 1c008908 00d7f7b3 and              x15, x15, x13       x15=00000000 x15:00000000 x13:00001f80
13430459ns          218945 1c00890a ee873733 p.bclr           x14, x14, 23, 8     x14=00000000 x14:00000000
13430479ns          218946 1c00890e 1a10f6b7 lui              x13, 0x1a10f000     x13=1a10f000
13430499ns          218947 1c008912 0ff57513 andi             x10, x10, 255       x10=00000020 x10:00000020
13430519ns          218948 1c008916 00d70733 add              x14, x14, x13       x14=1a10f000 x14:00000000 x13:1a10f000
13430539ns          218949 1c008918 00a7e723 p.sw             x10, x0(x15)        x10:00000020 x15:00000000  PA:1a10f000
13430857ns          218965 1c00891c 00000513 addi             x10, x0, 0          x10=00000000
13430877ns          218966 1c00891e 00008067 jalr             x0, x1, 0            x1:1c0089ee
13430937ns          218969 1c0089ee 31f52563 p.beqimm         x10, 778            x10:00000000
13430957ns          218970 1c0089f2 001d8d93 addi             x27, x27, 1         x27=00000010 x27:0000000f
13430977ns          218971 1c0089f4 00044503 lbu              x10, 0(x8)          x10=00000000  x8:1c00009f  PA:1c00009f
13431275ns          218986 1c0089f8 00140413 addi             x8, x8, 1            x8=1c0000a0  x8:1c00009f
13431295ns          218987 1c0089fa fe0514e3 bne              x10, x0, -24        x10:00000000
13431315ns          218988 1c0089fc 01b00433 add              x8, x0, x27          x8=00000010 x27:00000010
13431335ns          218989 1c0089fe 00800533 add              x10, x0, x8         x10=00000010  x8:00000010
13431355ns          218990 1c008a00 12c12083 lw               x1, 300(x2)          x1=1c00898c  x2:10000638  PA:10000764
13431374ns          218991 1c008a04 12812403 lw               x8, 296(x2)          x8=1c000e80  x2:10000638  PA:10000760
13431394ns          218992 1c008a08 12412483 lw               x9, 292(x2)          x9=00000000  x2:10000638  PA:1000075c
13431414ns          218993 1c008a0c 12012903 lw               x18, 288(x2)        x18=1a10b004  x2:10000638  PA:10000758
13431852ns          219015 1c008a10 11c12983 lw               x19, 284(x2)        x19=00000000  x2:10000638  PA:10000754
13431892ns          219017 1c008a14 11812a03 lw               x20, 280(x2)        x20=1c000e84  x2:10000638  PA:10000750
13431911ns          219018 1c008a18 11412a83 lw               x21, 276(x2)        x21=1c00a000  x2:10000638  PA:1000074c
13431931ns          219019 1c008a1c 11012b03 lw               x22, 272(x2)        x22=1c00a000  x2:10000638  PA:10000748
13432369ns          219041 1c008a20 10c12b83 lw               x23, 268(x2)        x23=1c000000  x2:10000638  PA:10000744
13432409ns          219043 1c008a24 10812c03 lw               x24, 264(x2)        x24=1c000000  x2:10000638  PA:10000740
13432429ns          219044 1c008a28 10412c83 lw               x25, 260(x2)        x25=1c000000  x2:10000638  PA:1000073c
13432449ns          219045 1c008a2c 10012d03 lw               x26, 256(x2)        x26=1c000000  x2:10000638  PA:10000738
13432468ns          219046 1c008a30 0fc12d83 lw               x27, 252(x2)        x27=1c000e68  x2:10000638  PA:10000734
13432488ns          219047 1c008a32 13010113 addi             x2, x2, 304          x2=10000768  x2:10000638
13432508ns          219048 1c008a34 00008067 jalr             x0, x1, 0            x1:1c00898c
13432588ns          219052 1c00898c 01c12083 lw               x1, 28(x2)           x1=1c009b9a  x2:10000768  PA:10000784
13432608ns          219053 1c00898e 04010113 addi             x2, x2, 64           x2=100007a8  x2:10000768
13432667ns          219056 1c008990 00008067 jalr             x0, x1, 0            x1:1c009b9a
13432747ns          219060 1c009b9a 00c12703 lw               x14, 12(x2)         x14=00000000  x2:100007a8  PA:100007b4
13432787ns          219062 1c009b9c 0a0b8513 addi             x10, x23, 160       x10=1c0000a0 x23:1c000000
13432846ns          219065 1c009ba0 00070563 beq              x14, x0, 10         x14:00000000
13432926ns          219069 1c009baa dbbfe0ef jal              x1, -4678            x1=1c009bae
13433443ns          219095 1c008964 fc010113 addi             x2, x2, -64          x2=10000768  x2:100007a8
13433483ns          219097 1c008966 02410313 addi             x6, x2, 36           x6=1000078c  x2:10000768
13433503ns          219098 1c00896a 02c12423 sw               x12, 40(x2)         x12:00000003  x2:10000768  PA:10000790
13433523ns          219099 1c00896c 00a00633 add              x12, x0, x10        x12=1c0000a0 x10:1c0000a0
13433562ns          219101 1c00896e 1c009537 lui              x10, 0x1c009000     x10=1c009000
13433582ns          219102 1c008972 02b12223 sw               x11, 36(x2)         x11:00000002  x2:10000768  PA:1000078c
13433602ns          219103 1c008974 02d12623 sw               x13, 44(x2)         x13:1a10f000  x2:10000768  PA:10000794
13433622ns          219104 1c008976 00200593 addi             x11, x0, 2          x11=00000002
13433642ns          219105 1c008978 006006b3 add              x13, x0, x6         x13=1000078c  x6:1000078c
13433662ns          219106 1c00897a 8f850513 addi             x10, x10, -1800     x10=1c0088f8 x10:1c009000
13433682ns          219107 1c00897e 00112e23 sw               x1, 28(x2)           x1:1c009bae  x2:10000768  PA:10000784
13433702ns          219108 1c008980 02e12823 sw               x14, 48(x2)         x14:00000000  x2:10000768  PA:10000798
13433722ns          219109 1c008982 02f12a23 sw               x15, 52(x2)         x15:00000000  x2:10000768  PA:1000079c
13433741ns          219110 1c008984 03012c23 sw               x16, 56(x2)         x16:1000065f  x2:10000768  PA:100007a0
13433761ns          219111 1c008986 03112e23 sw               x17, 60(x2)         x17:xxxxxxxx  x2:10000768  PA:100007a4
13433781ns          219112 1c008988 00612623 sw               x6, 12(x2)           x6:1000078c  x2:10000768  PA:10000774
13433801ns          219113 1c00898a fbfff0ef jal              x1, -66              x1=1c00898c
13434259ns          219136 1c008948 04a0006f jal              x0, 74             
13434298ns          219138 1c008992 ed010113 addi             x2, x2, -304         x2=10000638  x2:10000768
13434318ns          219139 1c008994 12812423 sw               x8, 296(x2)          x8:1c000e80  x2:10000638  PA:10000760
13434338ns          219140 1c008998 00000413 addi             x8, x0, 0            x8=00000000
13434358ns          219141 1c00899a 11612823 sw               x22, 272(x2)        x22:1c00a000  x2:10000638  PA:10000748
13434418ns          219144 1c00899e 11712623 sw               x23, 268(x2)        x23:1c000000  x2:10000638  PA:10000744
13434457ns          219146 1c0089a2 11812423 sw               x24, 264(x2)        x24:1c000000  x2:10000638  PA:10000740
13434477ns          219147 1c0089a6 11912223 sw               x25, 260(x2)        x25:1c000000  x2:10000638  PA:1000073c
13434497ns          219148 1c0089aa 11a12023 sw               x26, 256(x2)        x26:1c000000  x2:10000638  PA:10000738
13434517ns          219149 1c0089ae 0fb12e23 sw               x27, 252(x2)        x27:1c000e68  x2:10000638  PA:10000734
13434557ns          219151 1c0089b0 12112623 sw               x1, 300(x2)          x1:1c00898c  x2:10000638  PA:10000764
13434597ns          219153 1c0089b4 00800db3 add              x27, x0, x8         x27=00000000  x8:00000000
13434617ns          219154 1c0089b6 12912223 sw               x9, 292(x2)          x9:00000000  x2:10000638  PA:1000075c
13434637ns          219155 1c0089ba 13212023 sw               x18, 288(x2)        x18:1a10b004  x2:10000638  PA:10000758
13434696ns          219158 1c0089be 11312e23 sw               x19, 284(x2)        x19:00000000  x2:10000638  PA:10000754
13434736ns          219160 1c0089c2 11412c23 sw               x20, 280(x2)        x20:1c000e84  x2:10000638  PA:10000750
13434756ns          219161 1c0089c6 11512a23 sw               x21, 276(x2)        x21:1c00a000  x2:10000638  PA:1000074c
13434776ns          219162 1c0089ca 00a00b33 add              x22, x0, x10        x22=1c0088f8 x10:1c0088f8
13434796ns          219163 1c0089cc 00b00d33 add              x26, x0, x11        x26=00000002 x11:00000002
13434816ns          219164 1c0089ce 00d00c33 add              x24, x0, x13        x24=1000078c x13:1000078c
13434835ns          219165 1c0089d0 1c000bb7 lui              x23, 0x1c000000     x23=1c000000
13434855ns          219166 1c0089d4 02410c93 addi             x25, x2, 36         x25=1000065c  x2:10000638
13434875ns          219167 1c0089d8 00c00433 add              x8, x0, x12          x8=1c0000a0 x12:1c0000a0
13434895ns          219168 1c0089da 00044503 lbu              x10, 0(x8)          x10=00000073  x8:1c0000a0  PA:1c0000a0
13435193ns          219183 1c0089de 00140413 addi             x8, x8, 1            x8=1c0000a1  x8:1c0000a0
13435213ns          219184 1c0089e0 00050e63 beq              x10, x0, 28         x10:00000073
13435233ns          219185 1c0089e2 02500793 addi             x15, x0, 37         x15=00000025
13435253ns          219186 1c0089e6 04f50863 beq              x10, x15, 80        x10:00000073 x15:00000025
13435273ns          219187 1c0089ea 01a005b3 add              x11, x0, x26        x11=00000002 x26:00000002
13435293ns          219188 1c0089ec 000b00e7 jalr             x1, x22, 0           x1=1c0089ee x22:1c0088f8
13435372ns          219192 1c0088f8 000026b7 lui              x13, 0x2000         x13=00002000
13435412ns          219194 1c0088fa f14027f3 csrrs            x15, x0, 0xf14      x15=00000000
13435472ns          219197 1c0088fe f8068693 addi             x13, x13, -128      x13=00001f80 x13:00002000
13435512ns          219199 1c008902 00379713 slli             x14, x15, 0x3       x14=00000000 x15:00000000
13435532ns          219200 1c008906 00279793 slli             x15, x15, 0x2       x15=00000000 x15:00000000
13435551ns          219201 1c008908 00d7f7b3 and              x15, x15, x13       x15=00000000 x15:00000000 x13:00001f80
13435571ns          219202 1c00890a ee873733 p.bclr           x14, x14, 23, 8     x14=00000000 x14:00000000
13435611ns          219204 1c00890e 1a10f6b7 lui              x13, 0x1a10f000     x13=1a10f000
13435651ns          219206 1c008912 0ff57513 andi             x10, x10, 255       x10=00000073 x10:00000073
13435671ns          219207 1c008916 00d70733 add              x14, x14, x13       x14=1a10f000 x14:00000000 x13:1a10f000
13435691ns          219208 1c008918 00a7e723 p.sw             x10, x0(x15)        x10:00000073 x15:00000000  PA:1a10f000
13436009ns          219224 1c00891c 00000513 addi             x10, x0, 0          x10=00000000
13436029ns          219225 1c00891e 00008067 jalr             x0, x1, 0            x1:1c0089ee
13436128ns          219230 1c0089ee 31f52563 p.beqimm         x10, 778            x10:00000000
13436148ns          219231 1c0089f2 001d8d93 addi             x27, x27, 1         x27=00000001 x27:00000000
13436168ns          219232 1c0089f4 00044503 lbu              x10, 0(x8)          x10=00000075  x8:1c0000a1  PA:1c0000a1
13436486ns          219248 1c0089f8 00140413 addi             x8, x8, 1            x8=1c0000a2  x8:1c0000a1
13436506ns          219249 1c0089fa fe0514e3 bne              x10, x0, -24        x10:00000075
13436586ns          219253 1c0089e2 02500793 addi             x15, x0, 37         x15=00000025
13436606ns          219254 1c0089e6 04f50863 beq              x10, x15, 80        x10:00000075 x15:00000025
13436626ns          219255 1c0089ea 01a005b3 add              x11, x0, x26        x11=00000002 x26:00000002
13436645ns          219256 1c0089ec 000b00e7 jalr             x1, x22, 0           x1=1c0089ee x22:1c0088f8
13436685ns          219258 1c0088f8 000026b7 lui              x13, 0x2000         x13=00002000
13436705ns          219259 1c0088fa f14027f3 csrrs            x15, x0, 0xf14      x15=00000000
13436725ns          219260 1c0088fe f8068693 addi             x13, x13, -128      x13=00001f80 x13:00002000
13436745ns          219261 1c008902 00379713 slli             x14, x15, 0x3       x14=00000000 x15:00000000
13436765ns          219262 1c008906 00279793 slli             x15, x15, 0x2       x15=00000000 x15:00000000
13436785ns          219263 1c008908 00d7f7b3 and              x15, x15, x13       x15=00000000 x15:00000000 x13:00001f80
13436805ns          219264 1c00890a ee873733 p.bclr           x14, x14, 23, 8     x14=00000000 x14:00000000
13436824ns          219265 1c00890e 1a10f6b7 lui              x13, 0x1a10f000     x13=1a10f000
13436844ns          219266 1c008912 0ff57513 andi             x10, x10, 255       x10=00000075 x10:00000075
13436864ns          219267 1c008916 00d70733 add              x14, x14, x13       x14=1a10f000 x14:00000000 x13:1a10f000
13436884ns          219268 1c008918 00a7e723 p.sw             x10, x0(x15)        x10:00000075 x15:00000000  PA:1a10f000
13437202ns          219284 1c00891c 00000513 addi             x10, x0, 0          x10=00000000
13437222ns          219285 1c00891e 00008067 jalr             x0, x1, 0            x1:1c0089ee
13437282ns          219288 1c0089ee 31f52563 p.beqimm         x10, 778            x10:00000000
13437302ns          219289 1c0089f2 001d8d93 addi             x27, x27, 1         x27=00000002 x27:00000001
13437322ns          219290 1c0089f4 00044503 lbu              x10, 0(x8)          x10=00000063  x8:1c0000a2  PA:1c0000a2
13437620ns          219305 1c0089f8 00140413 addi             x8, x8, 1            x8=1c0000a3  x8:1c0000a2
13437640ns          219306 1c0089fa fe0514e3 bne              x10, x0, -24        x10:00000063
13437720ns          219310 1c0089e2 02500793 addi             x15, x0, 37         x15=00000025
13437739ns          219311 1c0089e6 04f50863 beq              x10, x15, 80        x10:00000063 x15:00000025
13437759ns          219312 1c0089ea 01a005b3 add              x11, x0, x26        x11=00000002 x26:00000002
13437779ns          219313 1c0089ec 000b00e7 jalr             x1, x22, 0           x1=1c0089ee x22:1c0088f8
13437819ns          219315 1c0088f8 000026b7 lui              x13, 0x2000         x13=00002000
13437839ns          219316 1c0088fa f14027f3 csrrs            x15, x0, 0xf14      x15=00000000
13437859ns          219317 1c0088fe f8068693 addi             x13, x13, -128      x13=00001f80 x13:00002000
13437879ns          219318 1c008902 00379713 slli             x14, x15, 0x3       x14=00000000 x15:00000000
13437899ns          219319 1c008906 00279793 slli             x15, x15, 0x2       x15=00000000 x15:00000000
13437918ns          219320 1c008908 00d7f7b3 and              x15, x15, x13       x15=00000000 x15:00000000 x13:00001f80
13437938ns          219321 1c00890a ee873733 p.bclr           x14, x14, 23, 8     x14=00000000 x14:00000000
13437958ns          219322 1c00890e 1a10f6b7 lui              x13, 0x1a10f000     x13=1a10f000
13437978ns          219323 1c008912 0ff57513 andi             x10, x10, 255       x10=00000063 x10:00000063
13437998ns          219324 1c008916 00d70733 add              x14, x14, x13       x14=1a10f000 x14:00000000 x13:1a10f000
13438018ns          219325 1c008918 00a7e723 p.sw             x10, x0(x15)        x10:00000063 x15:00000000  PA:1a10f000
13438356ns          219342 1c00891c 00000513 addi             x10, x0, 0          x10=00000000
13438376ns          219343 1c00891e 00008067 jalr             x0, x1, 0            x1:1c0089ee
13438436ns          219346 1c0089ee 31f52563 p.beqimm         x10, 778            x10:00000000
13438456ns          219347 1c0089f2 001d8d93 addi             x27, x27, 1         x27=00000003 x27:00000002
13438475ns          219348 1c0089f4 00044503 lbu              x10, 0(x8)          x10=00000063  x8:1c0000a3  PA:1c0000a3
13438774ns          219363 1c0089f8 00140413 addi             x8, x8, 1            x8=1c0000a4  x8:1c0000a3
13438794ns          219364 1c0089fa fe0514e3 bne              x10, x0, -24        x10:00000063
13438873ns          219368 1c0089e2 02500793 addi             x15, x0, 37         x15=00000025
13438893ns          219369 1c0089e6 04f50863 beq              x10, x15, 80        x10:00000063 x15:00000025
13438913ns          219370 1c0089ea 01a005b3 add              x11, x0, x26        x11=00000002 x26:00000002
13438933ns          219371 1c0089ec 000b00e7 jalr             x1, x22, 0           x1=1c0089ee x22:1c0088f8
13438973ns          219373 1c0088f8 000026b7 lui              x13, 0x2000         x13=00002000
13438993ns          219374 1c0088fa f14027f3 csrrs            x15, x0, 0xf14      x15=00000000
13439012ns          219375 1c0088fe f8068693 addi             x13, x13, -128      x13=00001f80 x13:00002000
13439032ns          219376 1c008902 00379713 slli             x14, x15, 0x3       x14=00000000 x15:00000000
13439052ns          219377 1c008906 00279793 slli             x15, x15, 0x2       x15=00000000 x15:00000000
13439072ns          219378 1c008908 00d7f7b3 and              x15, x15, x13       x15=00000000 x15:00000000 x13:00001f80
13439092ns          219379 1c00890a ee873733 p.bclr           x14, x14, 23, 8     x14=00000000 x14:00000000
13439112ns          219380 1c00890e 1a10f6b7 lui              x13, 0x1a10f000     x13=1a10f000
13439132ns          219381 1c008912 0ff57513 andi             x10, x10, 255       x10=00000063 x10:00000063
13439152ns          219382 1c008916 00d70733 add              x14, x14, x13       x14=1a10f000 x14:00000000 x13:1a10f000
13439172ns          219383 1c008918 00a7e723 p.sw             x10, x0(x15)        x10:00000063 x15:00000000  PA:1a10f000
13439490ns          219399 1c00891c 00000513 addi             x10, x0, 0          x10=00000000
13439510ns          219400 1c00891e 00008067 jalr             x0, x1, 0            x1:1c0089ee
13439569ns          219403 1c0089ee 31f52563 p.beqimm         x10, 778            x10:00000000
13439589ns          219404 1c0089f2 001d8d93 addi             x27, x27, 1         x27=00000004 x27:00000003
13439609ns          219405 1c0089f4 00044503 lbu              x10, 0(x8)          x10=00000065  x8:1c0000a4  PA:1c0000a4
13439927ns          219421 1c0089f8 00140413 addi             x8, x8, 1            x8=1c0000a5  x8:1c0000a4
13439947ns          219422 1c0089fa fe0514e3 bne              x10, x0, -24        x10:00000065
13440027ns          219426 1c0089e2 02500793 addi             x15, x0, 37         x15=00000025
13440047ns          219427 1c0089e6 04f50863 beq              x10, x15, 80        x10:00000065 x15:00000025
13440067ns          219428 1c0089ea 01a005b3 add              x11, x0, x26        x11=00000002 x26:00000002
13440087ns          219429 1c0089ec 000b00e7 jalr             x1, x22, 0           x1=1c0089ee x22:1c0088f8
13440126ns          219431 1c0088f8 000026b7 lui              x13, 0x2000         x13=00002000
13440146ns          219432 1c0088fa f14027f3 csrrs            x15, x0, 0xf14      x15=00000000
13440166ns          219433 1c0088fe f8068693 addi             x13, x13, -128      x13=00001f80 x13:00002000
13440186ns          219434 1c008902 00379713 slli             x14, x15, 0x3       x14=00000000 x15:00000000
13440206ns          219435 1c008906 00279793 slli             x15, x15, 0x2       x15=00000000 x15:00000000
13440226ns          219436 1c008908 00d7f7b3 and              x15, x15, x13       x15=00000000 x15:00000000 x13:00001f80
13440246ns          219437 1c00890a ee873733 p.bclr           x14, x14, 23, 8     x14=00000000 x14:00000000
13440266ns          219438 1c00890e 1a10f6b7 lui              x13, 0x1a10f000     x13=1a10f000
13440285ns          219439 1c008912 0ff57513 andi             x10, x10, 255       x10=00000065 x10:00000065
13440305ns          219440 1c008916 00d70733 add              x14, x14, x13       x14=1a10f000 x14:00000000 x13:1a10f000
13440325ns          219441 1c008918 00a7e723 p.sw             x10, x0(x15)        x10:00000065 x15:00000000  PA:1a10f000
13440644ns          219457 1c00891c 00000513 addi             x10, x0, 0          x10=00000000
13440663ns          219458 1c00891e 00008067 jalr             x0, x1, 0            x1:1c0089ee
13440723ns          219461 1c0089ee 31f52563 p.beqimm         x10, 778            x10:00000000
13440743ns          219462 1c0089f2 001d8d93 addi             x27, x27, 1         x27=00000005 x27:00000004
13440763ns          219463 1c0089f4 00044503 lbu              x10, 0(x8)          x10=00000073  x8:1c0000a5  PA:1c0000a5
13441081ns          219479 1c0089f8 00140413 addi             x8, x8, 1            x8=1c0000a6  x8:1c0000a5
13441101ns          219480 1c0089fa fe0514e3 bne              x10, x0, -24        x10:00000073
13441181ns          219484 1c0089e2 02500793 addi             x15, x0, 37         x15=00000025
13441200ns          219485 1c0089e6 04f50863 beq              x10, x15, 80        x10:00000073 x15:00000025
13441220ns          219486 1c0089ea 01a005b3 add              x11, x0, x26        x11=00000002 x26:00000002
13441240ns          219487 1c0089ec 000b00e7 jalr             x1, x22, 0           x1=1c0089ee x22:1c0088f8
13441280ns          219489 1c0088f8 000026b7 lui              x13, 0x2000         x13=00002000
13441300ns          219490 1c0088fa f14027f3 csrrs            x15, x0, 0xf14      x15=00000000
13441320ns          219491 1c0088fe f8068693 addi             x13, x13, -128      x13=00001f80 x13:00002000
13441340ns          219492 1c008902 00379713 slli             x14, x15, 0x3       x14=00000000 x15:00000000
13441360ns          219493 1c008906 00279793 slli             x15, x15, 0x2       x15=00000000 x15:00000000
13441379ns          219494 1c008908 00d7f7b3 and              x15, x15, x13       x15=00000000 x15:00000000 x13:00001f80
13441399ns          219495 1c00890a ee873733 p.bclr           x14, x14, 23, 8     x14=00000000 x14:00000000
13441419ns          219496 1c00890e 1a10f6b7 lui              x13, 0x1a10f000     x13=1a10f000
13441439ns          219497 1c008912 0ff57513 andi             x10, x10, 255       x10=00000073 x10:00000073
13441459ns          219498 1c008916 00d70733 add              x14, x14, x13       x14=1a10f000 x14:00000000 x13:1a10f000
13441479ns          219499 1c008918 00a7e723 p.sw             x10, x0(x15)        x10:00000073 x15:00000000  PA:1a10f000
13441797ns          219515 1c00891c 00000513 addi             x10, x0, 0          x10=00000000
13441817ns          219516 1c00891e 00008067 jalr             x0, x1, 0            x1:1c0089ee
13441877ns          219519 1c0089ee 31f52563 p.beqimm         x10, 778            x10:00000000
13441897ns          219520 1c0089f2 001d8d93 addi             x27, x27, 1         x27=00000006 x27:00000005
13441917ns          219521 1c0089f4 00044503 lbu              x10, 0(x8)          x10=00000073  x8:1c0000a6  PA:1c0000a6
13442235ns          219537 1c0089f8 00140413 addi             x8, x8, 1            x8=1c0000a7  x8:1c0000a6
13442255ns          219538 1c0089fa fe0514e3 bne              x10, x0, -24        x10:00000073
13442334ns          219542 1c0089e2 02500793 addi             x15, x0, 37         x15=00000025
13442354ns          219543 1c0089e6 04f50863 beq              x10, x15, 80        x10:00000073 x15:00000025
13442374ns          219544 1c0089ea 01a005b3 add              x11, x0, x26        x11=00000002 x26:00000002
13442394ns          219545 1c0089ec 000b00e7 jalr             x1, x22, 0           x1=1c0089ee x22:1c0088f8
13442434ns          219547 1c0088f8 000026b7 lui              x13, 0x2000         x13=00002000
13442454ns          219548 1c0088fa f14027f3 csrrs            x15, x0, 0xf14      x15=00000000
13442473ns          219549 1c0088fe f8068693 addi             x13, x13, -128      x13=00001f80 x13:00002000
13442493ns          219550 1c008902 00379713 slli             x14, x15, 0x3       x14=00000000 x15:00000000
13442513ns          219551 1c008906 00279793 slli             x15, x15, 0x2       x15=00000000 x15:00000000
13442533ns          219552 1c008908 00d7f7b3 and              x15, x15, x13       x15=00000000 x15:00000000 x13:00001f80
13442553ns          219553 1c00890a ee873733 p.bclr           x14, x14, 23, 8     x14=00000000 x14:00000000
13442573ns          219554 1c00890e 1a10f6b7 lui              x13, 0x1a10f000     x13=1a10f000
13442593ns          219555 1c008912 0ff57513 andi             x10, x10, 255       x10=00000073 x10:00000073
13442613ns          219556 1c008916 00d70733 add              x14, x14, x13       x14=1a10f000 x14:00000000 x13:1a10f000
13442633ns          219557 1c008918 00a7e723 p.sw             x10, x0(x15)        x10:00000073 x15:00000000  PA:1a10f000
13442951ns          219573 1c00891c 00000513 addi             x10, x0, 0          x10=00000000
13442971ns          219574 1c00891e 00008067 jalr             x0, x1, 0            x1:1c0089ee
13443030ns          219577 1c0089ee 31f52563 p.beqimm         x10, 778            x10:00000000
13443050ns          219578 1c0089f2 001d8d93 addi             x27, x27, 1         x27=00000007 x27:00000006
13443070ns          219579 1c0089f4 00044503 lbu              x10, 0(x8)          x10=0000002c  x8:1c0000a7  PA:1c0000a7
13443369ns          219594 1c0089f8 00140413 addi             x8, x8, 1            x8=1c0000a8  x8:1c0000a7
13443388ns          219595 1c0089fa fe0514e3 bne              x10, x0, -24        x10:0000002c
13443468ns          219599 1c0089e2 02500793 addi             x15, x0, 37         x15=00000025
13443488ns          219600 1c0089e6 04f50863 beq              x10, x15, 80        x10:0000002c x15:00000025
13443508ns          219601 1c0089ea 01a005b3 add              x11, x0, x26        x11=00000002 x26:00000002
13443528ns          219602 1c0089ec 000b00e7 jalr             x1, x22, 0           x1=1c0089ee x22:1c0088f8
13443567ns          219604 1c0088f8 000026b7 lui              x13, 0x2000         x13=00002000
13443587ns          219605 1c0088fa f14027f3 csrrs            x15, x0, 0xf14      x15=00000000
13443607ns          219606 1c0088fe f8068693 addi             x13, x13, -128      x13=00001f80 x13:00002000
13443627ns          219607 1c008902 00379713 slli             x14, x15, 0x3       x14=00000000 x15:00000000
13443647ns          219608 1c008906 00279793 slli             x15, x15, 0x2       x15=00000000 x15:00000000
13443667ns          219609 1c008908 00d7f7b3 and              x15, x15, x13       x15=00000000 x15:00000000 x13:00001f80
13443687ns          219610 1c00890a ee873733 p.bclr           x14, x14, 23, 8     x14=00000000 x14:00000000
13443707ns          219611 1c00890e 1a10f6b7 lui              x13, 0x1a10f000     x13=1a10f000
13443727ns          219612 1c008912 0ff57513 andi             x10, x10, 255       x10=0000002c x10:0000002c
13443746ns          219613 1c008916 00d70733 add              x14, x14, x13       x14=1a10f000 x14:00000000 x13:1a10f000
13443766ns          219614 1c008918 00a7e723 p.sw             x10, x0(x15)        x10:0000002c x15:00000000  PA:1a10f000
13444085ns          219630 1c00891c 00000513 addi             x10, x0, 0          x10=00000000
13444105ns          219631 1c00891e 00008067 jalr             x0, x1, 0            x1:1c0089ee
13444164ns          219634 1c0089ee 31f52563 p.beqimm         x10, 778            x10:00000000
13444184ns          219635 1c0089f2 001d8d93 addi             x27, x27, 1         x27=00000008 x27:00000007
13444204ns          219636 1c0089f4 00044503 lbu              x10, 0(x8)          x10=00000020  x8:1c0000a8  PA:1c0000a8
13444502ns          219651 1c0089f8 00140413 addi             x8, x8, 1            x8=1c0000a9  x8:1c0000a8
13444522ns          219652 1c0089fa fe0514e3 bne              x10, x0, -24        x10:00000020
13444602ns          219656 1c0089e2 02500793 addi             x15, x0, 37         x15=00000025
13444622ns          219657 1c0089e6 04f50863 beq              x10, x15, 80        x10:00000020 x15:00000025
13444642ns          219658 1c0089ea 01a005b3 add              x11, x0, x26        x11=00000002 x26:00000002
13444661ns          219659 1c0089ec 000b00e7 jalr             x1, x22, 0           x1=1c0089ee x22:1c0088f8
13444701ns          219661 1c0088f8 000026b7 lui              x13, 0x2000         x13=00002000
13444721ns          219662 1c0088fa f14027f3 csrrs            x15, x0, 0xf14      x15=00000000
13444741ns          219663 1c0088fe f8068693 addi             x13, x13, -128      x13=00001f80 x13:00002000
13444761ns          219664 1c008902 00379713 slli             x14, x15, 0x3       x14=00000000 x15:00000000
13444781ns          219665 1c008906 00279793 slli             x15, x15, 0x2       x15=00000000 x15:00000000
13444801ns          219666 1c008908 00d7f7b3 and              x15, x15, x13       x15=00000000 x15:00000000 x13:00001f80
13444821ns          219667 1c00890a ee873733 p.bclr           x14, x14, 23, 8     x14=00000000 x14:00000000
13444840ns          219668 1c00890e 1a10f6b7 lui              x13, 0x1a10f000     x13=1a10f000
13444860ns          219669 1c008912 0ff57513 andi             x10, x10, 255       x10=00000020 x10:00000020
13444880ns          219670 1c008916 00d70733 add              x14, x14, x13       x14=1a10f000 x14:00000000 x13:1a10f000
13444900ns          219671 1c008918 00a7e723 p.sw             x10, x0(x15)        x10:00000020 x15:00000000  PA:1a10f000
13445218ns          219687 1c00891c 00000513 addi             x10, x0, 0          x10=00000000
13445238ns          219688 1c00891e 00008067 jalr             x0, x1, 0            x1:1c0089ee
13445298ns          219691 1c0089ee 31f52563 p.beqimm         x10, 778            x10:00000000
13445318ns          219692 1c0089f2 001d8d93 addi             x27, x27, 1         x27=00000009 x27:00000008
13445338ns          219693 1c0089f4 00044503 lbu              x10, 0(x8)          x10=00000000  x8:1c0000a9  PA:1c0000a9
13445636ns          219708 1c0089f8 00140413 addi             x8, x8, 1            x8=1c0000aa  x8:1c0000a9
13445656ns          219709 1c0089fa fe0514e3 bne              x10, x0, -24        x10:00000000
13445676ns          219710 1c0089fc 01b00433 add              x8, x0, x27          x8=00000009 x27:00000009
13445696ns          219711 1c0089fe 00800533 add              x10, x0, x8         x10=00000009  x8:00000009
13445716ns          219712 1c008a00 12c12083 lw               x1, 300(x2)          x1=1c00898c  x2:10000638  PA:10000764
13445736ns          219713 1c008a04 12812403 lw               x8, 296(x2)          x8=1c000e80  x2:10000638  PA:10000760
13445755ns          219714 1c008a08 12412483 lw               x9, 292(x2)          x9=00000000  x2:10000638  PA:1000075c
13445775ns          219715 1c008a0c 12012903 lw               x18, 288(x2)        x18=1a10b004  x2:10000638  PA:10000758
13445795ns          219716 1c008a10 11c12983 lw               x19, 284(x2)        x19=00000000  x2:10000638  PA:10000754
13445815ns          219717 1c008a14 11812a03 lw               x20, 280(x2)        x20=1c000e84  x2:10000638  PA:10000750
13445835ns          219718 1c008a18 11412a83 lw               x21, 276(x2)        x21=1c00a000  x2:10000638  PA:1000074c
13445855ns          219719 1c008a1c 11012b03 lw               x22, 272(x2)        x22=1c00a000  x2:10000638  PA:10000748
13445895ns          219721 1c008a20 10c12b83 lw               x23, 268(x2)        x23=1c000000  x2:10000638  PA:10000744
13445934ns          219723 1c008a24 10812c03 lw               x24, 264(x2)        x24=1c000000  x2:10000638  PA:10000740
13445954ns          219724 1c008a28 10412c83 lw               x25, 260(x2)        x25=1c000000  x2:10000638  PA:1000073c
13445974ns          219725 1c008a2c 10012d03 lw               x26, 256(x2)        x26=1c000000  x2:10000638  PA:10000738
13446034ns          219728 1c008a30 0fc12d83 lw               x27, 252(x2)        x27=1c000e68  x2:10000638  PA:10000734
13446054ns          219729 1c008a32 13010113 addi             x2, x2, 304          x2=10000768  x2:10000638
13446074ns          219730 1c008a34 00008067 jalr             x0, x1, 0            x1:1c00898c
13446153ns          219734 1c00898c 01c12083 lw               x1, 28(x2)           x1=1c009bae  x2:10000768  PA:10000784
13446173ns          219735 1c00898e 04010113 addi             x2, x2, 64           x2=100007a8  x2:10000768
13446233ns          219738 1c008990 00008067 jalr             x0, x1, 0            x1:1c009bae
13446273ns          219740 1c009bae 00c12583 lw               x11, 12(x2)         x11=00000000  x2:100007a8  PA:100007b4
13446292ns          219741 1c009bb0 0b4c8513 addi             x10, x25, 180       x10=1c0000b4 x25:1c000000
13446312ns          219742 1c009bb4 db1fe0ef jal              x1, -4688            x1=1c009bb8
13446352ns          219744 1c008964 fc010113 addi             x2, x2, -64          x2=10000768  x2:100007a8
13446372ns          219745 1c008966 02410313 addi             x6, x2, 36           x6=1000078c  x2:10000768
13446392ns          219746 1c00896a 02c12423 sw               x12, 40(x2)         x12:1c0000a0  x2:10000768  PA:10000790
13446412ns          219747 1c00896c 00a00633 add              x12, x0, x10        x12=1c0000b4 x10:1c0000b4
13446452ns          219749 1c00896e 1c009537 lui              x10, 0x1c009000     x10=1c009000
13446472ns          219750 1c008972 02b12223 sw               x11, 36(x2)         x11:00000000  x2:10000768  PA:1000078c
13446491ns          219751 1c008974 02d12623 sw               x13, 44(x2)         x13:1a10f000  x2:10000768  PA:10000794
13446511ns          219752 1c008976 00200593 addi             x11, x0, 2          x11=00000002
13446531ns          219753 1c008978 006006b3 add              x13, x0, x6         x13=1000078c  x6:1000078c
13446551ns          219754 1c00897a 8f850513 addi             x10, x10, -1800     x10=1c0088f8 x10:1c009000
13446571ns          219755 1c00897e 00112e23 sw               x1, 28(x2)           x1:1c009bb8  x2:10000768  PA:10000784
13446591ns          219756 1c008980 02e12823 sw               x14, 48(x2)         x14:1a10f000  x2:10000768  PA:10000798
13446611ns          219757 1c008982 02f12a23 sw               x15, 52(x2)         x15:00000000  x2:10000768  PA:1000079c
13446631ns          219758 1c008984 03012c23 sw               x16, 56(x2)         x16:1000065f  x2:10000768  PA:100007a0
13446651ns          219759 1c008986 03112e23 sw               x17, 60(x2)         x17:xxxxxxxx  x2:10000768  PA:100007a4
13446670ns          219760 1c008988 00612623 sw               x6, 12(x2)           x6:1000078c  x2:10000768  PA:10000774
13446690ns          219761 1c00898a fbfff0ef jal              x1, -66              x1=1c00898c
13446730ns          219763 1c008948 04a0006f jal              x0, 74             
13446770ns          219765 1c008992 ed010113 addi             x2, x2, -304         x2=10000638  x2:10000768
13446790ns          219766 1c008994 12812423 sw               x8, 296(x2)          x8:1c000e80  x2:10000638  PA:10000760
13446810ns          219767 1c008998 00000413 addi             x8, x0, 0            x8=00000000
13446830ns          219768 1c00899a 11612823 sw               x22, 272(x2)        x22:1c00a000  x2:10000638  PA:10000748
13446849ns          219769 1c00899e 11712623 sw               x23, 268(x2)        x23:1c000000  x2:10000638  PA:10000744
13446869ns          219770 1c0089a2 11812423 sw               x24, 264(x2)        x24:1c000000  x2:10000638  PA:10000740
13446889ns          219771 1c0089a6 11912223 sw               x25, 260(x2)        x25:1c000000  x2:10000638  PA:1000073c
13446909ns          219772 1c0089aa 11a12023 sw               x26, 256(x2)        x26:1c000000  x2:10000638  PA:10000738
13446929ns          219773 1c0089ae 0fb12e23 sw               x27, 252(x2)        x27:1c000e68  x2:10000638  PA:10000734
13446949ns          219774 1c0089b0 12112623 sw               x1, 300(x2)          x1:1c00898c  x2:10000638  PA:10000764
13446969ns          219775 1c0089b4 00800db3 add              x27, x0, x8         x27=00000000  x8:00000000
13446989ns          219776 1c0089b6 12912223 sw               x9, 292(x2)          x9:00000000  x2:10000638  PA:1000075c
13447009ns          219777 1c0089ba 13212023 sw               x18, 288(x2)        x18:1a10b004  x2:10000638  PA:10000758
13447028ns          219778 1c0089be 11312e23 sw               x19, 284(x2)        x19:00000000  x2:10000638  PA:10000754
13447048ns          219779 1c0089c2 11412c23 sw               x20, 280(x2)        x20:1c000e84  x2:10000638  PA:10000750
13447068ns          219780 1c0089c6 11512a23 sw               x21, 276(x2)        x21:1c00a000  x2:10000638  PA:1000074c
13447088ns          219781 1c0089ca 00a00b33 add              x22, x0, x10        x22=1c0088f8 x10:1c0088f8
13447108ns          219782 1c0089cc 00b00d33 add              x26, x0, x11        x26=00000002 x11:00000002
13447128ns          219783 1c0089ce 00d00c33 add              x24, x0, x13        x24=1000078c x13:1000078c
13447148ns          219784 1c0089d0 1c000bb7 lui              x23, 0x1c000000     x23=1c000000
13447168ns          219785 1c0089d4 02410c93 addi             x25, x2, 36         x25=1000065c  x2:10000638
13447188ns          219786 1c0089d8 00c00433 add              x8, x0, x12          x8=1c0000b4 x12:1c0000b4
13447207ns          219787 1c0089da 00044503 lbu              x10, 0(x8)          x10=0000006e  x8:1c0000b4  PA:1c0000b4
13447506ns          219802 1c0089de 00140413 addi             x8, x8, 1            x8=1c0000b5  x8:1c0000b4
13447526ns          219803 1c0089e0 00050e63 beq              x10, x0, 28         x10:0000006e
13447546ns          219804 1c0089e2 02500793 addi             x15, x0, 37         x15=00000025
13447565ns          219805 1c0089e6 04f50863 beq              x10, x15, 80        x10:0000006e x15:00000025
13447585ns          219806 1c0089ea 01a005b3 add              x11, x0, x26        x11=00000002 x26:00000002
13447605ns          219807 1c0089ec 000b00e7 jalr             x1, x22, 0           x1=1c0089ee x22:1c0088f8
13447645ns          219809 1c0088f8 000026b7 lui              x13, 0x2000         x13=00002000
13447665ns          219810 1c0088fa f14027f3 csrrs            x15, x0, 0xf14      x15=00000000
13447685ns          219811 1c0088fe f8068693 addi             x13, x13, -128      x13=00001f80 x13:00002000
13447705ns          219812 1c008902 00379713 slli             x14, x15, 0x3       x14=00000000 x15:00000000
13447725ns          219813 1c008906 00279793 slli             x15, x15, 0x2       x15=00000000 x15:00000000
13447745ns          219814 1c008908 00d7f7b3 and              x15, x15, x13       x15=00000000 x15:00000000 x13:00001f80
13447764ns          219815 1c00890a ee873733 p.bclr           x14, x14, 23, 8     x14=00000000 x14:00000000
13447784ns          219816 1c00890e 1a10f6b7 lui              x13, 0x1a10f000     x13=1a10f000
13447804ns          219817 1c008912 0ff57513 andi             x10, x10, 255       x10=0000006e x10:0000006e
13447824ns          219818 1c008916 00d70733 add              x14, x14, x13       x14=1a10f000 x14:00000000 x13:1a10f000
13447844ns          219819 1c008918 00a7e723 p.sw             x10, x0(x15)        x10:0000006e x15:00000000  PA:1a10f000
13448162ns          219835 1c00891c 00000513 addi             x10, x0, 0          x10=00000000
13448182ns          219836 1c00891e 00008067 jalr             x0, x1, 0            x1:1c0089ee
13448242ns          219839 1c0089ee 31f52563 p.beqimm         x10, 778            x10:00000000
13448262ns          219840 1c0089f2 001d8d93 addi             x27, x27, 1         x27=00000001 x27:00000000
13448282ns          219841 1c0089f4 00044503 lbu              x10, 0(x8)          x10=00000072  x8:1c0000b5  PA:1c0000b5
13448600ns          219857 1c0089f8 00140413 addi             x8, x8, 1            x8=1c0000b6  x8:1c0000b5
13448620ns          219858 1c0089fa fe0514e3 bne              x10, x0, -24        x10:00000072
13448699ns          219862 1c0089e2 02500793 addi             x15, x0, 37         x15=00000025
13448719ns          219863 1c0089e6 04f50863 beq              x10, x15, 80        x10:00000072 x15:00000025
13448739ns          219864 1c0089ea 01a005b3 add              x11, x0, x26        x11=00000002 x26:00000002
13448759ns          219865 1c0089ec 000b00e7 jalr             x1, x22, 0           x1=1c0089ee x22:1c0088f8
13448799ns          219867 1c0088f8 000026b7 lui              x13, 0x2000         x13=00002000
13448819ns          219868 1c0088fa f14027f3 csrrs            x15, x0, 0xf14      x15=00000000
13448839ns          219869 1c0088fe f8068693 addi             x13, x13, -128      x13=00001f80 x13:00002000
13448858ns          219870 1c008902 00379713 slli             x14, x15, 0x3       x14=00000000 x15:00000000
13448878ns          219871 1c008906 00279793 slli             x15, x15, 0x2       x15=00000000 x15:00000000
13448898ns          219872 1c008908 00d7f7b3 and              x15, x15, x13       x15=00000000 x15:00000000 x13:00001f80
13448918ns          219873 1c00890a ee873733 p.bclr           x14, x14, 23, 8     x14=00000000 x14:00000000
13448938ns          219874 1c00890e 1a10f6b7 lui              x13, 0x1a10f000     x13=1a10f000
13448958ns          219875 1c008912 0ff57513 andi             x10, x10, 255       x10=00000072 x10:00000072
13448978ns          219876 1c008916 00d70733 add              x14, x14, x13       x14=1a10f000 x14:00000000 x13:1a10f000
13448998ns          219877 1c008918 00a7e723 p.sw             x10, x0(x15)        x10:00000072 x15:00000000  PA:1a10f000
13449316ns          219893 1c00891c 00000513 addi             x10, x0, 0          x10=00000000
13449336ns          219894 1c00891e 00008067 jalr             x0, x1, 0            x1:1c0089ee
13449395ns          219897 1c0089ee 31f52563 p.beqimm         x10, 778            x10:00000000
13449415ns          219898 1c0089f2 001d8d93 addi             x27, x27, 1         x27=00000002 x27:00000001
13449435ns          219899 1c0089f4 00044503 lbu              x10, 0(x8)          x10=0000002e  x8:1c0000b6  PA:1c0000b6
13449734ns          219914 1c0089f8 00140413 addi             x8, x8, 1            x8=1c0000b7  x8:1c0000b6
13449753ns          219915 1c0089fa fe0514e3 bne              x10, x0, -24        x10:0000002e
13449833ns          219919 1c0089e2 02500793 addi             x15, x0, 37         x15=00000025
13449853ns          219920 1c0089e6 04f50863 beq              x10, x15, 80        x10:0000002e x15:00000025
13449873ns          219921 1c0089ea 01a005b3 add              x11, x0, x26        x11=00000002 x26:00000002
13449893ns          219922 1c0089ec 000b00e7 jalr             x1, x22, 0           x1=1c0089ee x22:1c0088f8
13449932ns          219924 1c0088f8 000026b7 lui              x13, 0x2000         x13=00002000
13449952ns          219925 1c0088fa f14027f3 csrrs            x15, x0, 0xf14      x15=00000000
13449972ns          219926 1c0088fe f8068693 addi             x13, x13, -128      x13=00001f80 x13:00002000
13449992ns          219927 1c008902 00379713 slli             x14, x15, 0x3       x14=00000000 x15:00000000
13450012ns          219928 1c008906 00279793 slli             x15, x15, 0x2       x15=00000000 x15:00000000
13450032ns          219929 1c008908 00d7f7b3 and              x15, x15, x13       x15=00000000 x15:00000000 x13:00001f80
13450052ns          219930 1c00890a ee873733 p.bclr           x14, x14, 23, 8     x14=00000000 x14:00000000
13450072ns          219931 1c00890e 1a10f6b7 lui              x13, 0x1a10f000     x13=1a10f000
13450092ns          219932 1c008912 0ff57513 andi             x10, x10, 255       x10=0000002e x10:0000002e
13450112ns          219933 1c008916 00d70733 add              x14, x14, x13       x14=1a10f000 x14:00000000 x13:1a10f000
13450131ns          219934 1c008918 00a7e723 p.sw             x10, x0(x15)        x10:0000002e x15:00000000  PA:1a10f000
13450450ns          219950 1c00891c 00000513 addi             x10, x0, 0          x10=00000000
13450470ns          219951 1c00891e 00008067 jalr             x0, x1, 0            x1:1c0089ee
13450529ns          219954 1c0089ee 31f52563 p.beqimm         x10, 778            x10:00000000
13450549ns          219955 1c0089f2 001d8d93 addi             x27, x27, 1         x27=00000003 x27:00000002
13450569ns          219956 1c0089f4 00044503 lbu              x10, 0(x8)          x10=00000020  x8:1c0000b7  PA:1c0000b7
13450867ns          219971 1c0089f8 00140413 addi             x8, x8, 1            x8=1c0000b8  x8:1c0000b7
13450887ns          219972 1c0089fa fe0514e3 bne              x10, x0, -24        x10:00000020
13450967ns          219976 1c0089e2 02500793 addi             x15, x0, 37         x15=00000025
13450987ns          219977 1c0089e6 04f50863 beq              x10, x15, 80        x10:00000020 x15:00000025
13451007ns          219978 1c0089ea 01a005b3 add              x11, x0, x26        x11=00000002 x26:00000002
13451026ns          219979 1c0089ec 000b00e7 jalr             x1, x22, 0           x1=1c0089ee x22:1c0088f8
13451066ns          219981 1c0088f8 000026b7 lui              x13, 0x2000         x13=00002000
13451086ns          219982 1c0088fa f14027f3 csrrs            x15, x0, 0xf14      x15=00000000
13451106ns          219983 1c0088fe f8068693 addi             x13, x13, -128      x13=00001f80 x13:00002000
13451126ns          219984 1c008902 00379713 slli             x14, x15, 0x3       x14=00000000 x15:00000000
13451146ns          219985 1c008906 00279793 slli             x15, x15, 0x2       x15=00000000 x15:00000000
13451166ns          219986 1c008908 00d7f7b3 and              x15, x15, x13       x15=00000000 x15:00000000 x13:00001f80
13451186ns          219987 1c00890a ee873733 p.bclr           x14, x14, 23, 8     x14=00000000 x14:00000000
13451206ns          219988 1c00890e 1a10f6b7 lui              x13, 0x1a10f000     x13=1a10f000
13451225ns          219989 1c008912 0ff57513 andi             x10, x10, 255       x10=00000020 x10:00000020
13451245ns          219990 1c008916 00d70733 add              x14, x14, x13       x14=1a10f000 x14:00000000 x13:1a10f000
13451265ns          219991 1c008918 00a7e723 p.sw             x10, x0(x15)        x10:00000020 x15:00000000  PA:1a10f000
13451603ns          220008 1c00891c 00000513 addi             x10, x0, 0          x10=00000000
13451623ns          220009 1c00891e 00008067 jalr             x0, x1, 0            x1:1c0089ee
13451683ns          220012 1c0089ee 31f52563 p.beqimm         x10, 778            x10:00000000
13451703ns          220013 1c0089f2 001d8d93 addi             x27, x27, 1         x27=00000004 x27:00000003
13451723ns          220014 1c0089f4 00044503 lbu              x10, 0(x8)          x10=0000006f  x8:1c0000b8  PA:1c0000b8
13452041ns          220030 1c0089f8 00140413 addi             x8, x8, 1            x8=1c0000b9  x8:1c0000b8
13452061ns          220031 1c0089fa fe0514e3 bne              x10, x0, -24        x10:0000006f
13452140ns          220035 1c0089e2 02500793 addi             x15, x0, 37         x15=00000025
13452160ns          220036 1c0089e6 04f50863 beq              x10, x15, 80        x10:0000006f x15:00000025
13452180ns          220037 1c0089ea 01a005b3 add              x11, x0, x26        x11=00000002 x26:00000002
13452200ns          220038 1c0089ec 000b00e7 jalr             x1, x22, 0           x1=1c0089ee x22:1c0088f8
13452240ns          220040 1c0088f8 000026b7 lui              x13, 0x2000         x13=00002000
13452260ns          220041 1c0088fa f14027f3 csrrs            x15, x0, 0xf14      x15=00000000
13452280ns          220042 1c0088fe f8068693 addi             x13, x13, -128      x13=00001f80 x13:00002000
13452299ns          220043 1c008902 00379713 slli             x14, x15, 0x3       x14=00000000 x15:00000000
13452319ns          220044 1c008906 00279793 slli             x15, x15, 0x2       x15=00000000 x15:00000000
13452339ns          220045 1c008908 00d7f7b3 and              x15, x15, x13       x15=00000000 x15:00000000 x13:00001f80
13452359ns          220046 1c00890a ee873733 p.bclr           x14, x14, 23, 8     x14=00000000 x14:00000000
13452379ns          220047 1c00890e 1a10f6b7 lui              x13, 0x1a10f000     x13=1a10f000
13452399ns          220048 1c008912 0ff57513 andi             x10, x10, 255       x10=0000006f x10:0000006f
13452419ns          220049 1c008916 00d70733 add              x14, x14, x13       x14=1a10f000 x14:00000000 x13:1a10f000
13452439ns          220050 1c008918 00a7e723 p.sw             x10, x0(x15)        x10:0000006f x15:00000000  PA:1a10f000
13452757ns          220066 1c00891c 00000513 addi             x10, x0, 0          x10=00000000
13452777ns          220067 1c00891e 00008067 jalr             x0, x1, 0            x1:1c0089ee
13452837ns          220070 1c0089ee 31f52563 p.beqimm         x10, 778            x10:00000000
13452856ns          220071 1c0089f2 001d8d93 addi             x27, x27, 1         x27=00000005 x27:00000004
13452876ns          220072 1c0089f4 00044503 lbu              x10, 0(x8)          x10=00000066  x8:1c0000b9  PA:1c0000b9
13453175ns          220087 1c0089f8 00140413 addi             x8, x8, 1            x8=1c0000ba  x8:1c0000b9
13453195ns          220088 1c0089fa fe0514e3 bne              x10, x0, -24        x10:00000066
13453274ns          220092 1c0089e2 02500793 addi             x15, x0, 37         x15=00000025
13453294ns          220093 1c0089e6 04f50863 beq              x10, x15, 80        x10:00000066 x15:00000025
13453314ns          220094 1c0089ea 01a005b3 add              x11, x0, x26        x11=00000002 x26:00000002
13453334ns          220095 1c0089ec 000b00e7 jalr             x1, x22, 0           x1=1c0089ee x22:1c0088f8
13453374ns          220097 1c0088f8 000026b7 lui              x13, 0x2000         x13=00002000
13453393ns          220098 1c0088fa f14027f3 csrrs            x15, x0, 0xf14      x15=00000000
13453413ns          220099 1c0088fe f8068693 addi             x13, x13, -128      x13=00001f80 x13:00002000
13453433ns          220100 1c008902 00379713 slli             x14, x15, 0x3       x14=00000000 x15:00000000
13453453ns          220101 1c008906 00279793 slli             x15, x15, 0x2       x15=00000000 x15:00000000
13453473ns          220102 1c008908 00d7f7b3 and              x15, x15, x13       x15=00000000 x15:00000000 x13:00001f80
13453493ns          220103 1c00890a ee873733 p.bclr           x14, x14, 23, 8     x14=00000000 x14:00000000
13453513ns          220104 1c00890e 1a10f6b7 lui              x13, 0x1a10f000     x13=1a10f000
13453533ns          220105 1c008912 0ff57513 andi             x10, x10, 255       x10=00000066 x10:00000066
13453553ns          220106 1c008916 00d70733 add              x14, x14, x13       x14=1a10f000 x14:00000000 x13:1a10f000
13453573ns          220107 1c008918 00a7e723 p.sw             x10, x0(x15)        x10:00000066 x15:00000000  PA:1a10f000
13453891ns          220123 1c00891c 00000513 addi             x10, x0, 0          x10=00000000
13453911ns          220124 1c00891e 00008067 jalr             x0, x1, 0            x1:1c0089ee
13453970ns          220127 1c0089ee 31f52563 p.beqimm         x10, 778            x10:00000000
13453990ns          220128 1c0089f2 001d8d93 addi             x27, x27, 1         x27=00000006 x27:00000005
13454010ns          220129 1c0089f4 00044503 lbu              x10, 0(x8)          x10=00000020  x8:1c0000ba  PA:1c0000ba
13454328ns          220145 1c0089f8 00140413 addi             x8, x8, 1            x8=1c0000bb  x8:1c0000ba
13454348ns          220146 1c0089fa fe0514e3 bne              x10, x0, -24        x10:00000020
13454428ns          220150 1c0089e2 02500793 addi             x15, x0, 37         x15=00000025
13454448ns          220151 1c0089e6 04f50863 beq              x10, x15, 80        x10:00000020 x15:00000025
13454468ns          220152 1c0089ea 01a005b3 add              x11, x0, x26        x11=00000002 x26:00000002
13454487ns          220153 1c0089ec 000b00e7 jalr             x1, x22, 0           x1=1c0089ee x22:1c0088f8
13454527ns          220155 1c0088f8 000026b7 lui              x13, 0x2000         x13=00002000
13454547ns          220156 1c0088fa f14027f3 csrrs            x15, x0, 0xf14      x15=00000000
13454567ns          220157 1c0088fe f8068693 addi             x13, x13, -128      x13=00001f80 x13:00002000
13454587ns          220158 1c008902 00379713 slli             x14, x15, 0x3       x14=00000000 x15:00000000
13454607ns          220159 1c008906 00279793 slli             x15, x15, 0x2       x15=00000000 x15:00000000
13454627ns          220160 1c008908 00d7f7b3 and              x15, x15, x13       x15=00000000 x15:00000000 x13:00001f80
13454647ns          220161 1c00890a ee873733 p.bclr           x14, x14, 23, 8     x14=00000000 x14:00000000
13454666ns          220162 1c00890e 1a10f6b7 lui              x13, 0x1a10f000     x13=1a10f000
13454686ns          220163 1c008912 0ff57513 andi             x10, x10, 255       x10=00000020 x10:00000020
13454706ns          220164 1c008916 00d70733 add              x14, x14, x13       x14=1a10f000 x14:00000000 x13:1a10f000
13454726ns          220165 1c008918 00a7e723 p.sw             x10, x0(x15)        x10:00000020 x15:00000000  PA:1a10f000
13455044ns          220181 1c00891c 00000513 addi             x10, x0, 0          x10=00000000
13455064ns          220182 1c00891e 00008067 jalr             x0, x1, 0            x1:1c0089ee
13455124ns          220185 1c0089ee 31f52563 p.beqimm         x10, 778            x10:00000000
13455144ns          220186 1c0089f2 001d8d93 addi             x27, x27, 1         x27=00000007 x27:00000006
13455164ns          220187 1c0089f4 00044503 lbu              x10, 0(x8)          x10=00000065  x8:1c0000bb  PA:1c0000bb
13455462ns          220202 1c0089f8 00140413 addi             x8, x8, 1            x8=1c0000bc  x8:1c0000bb
13455482ns          220203 1c0089fa fe0514e3 bne              x10, x0, -24        x10:00000065
13455562ns          220207 1c0089e2 02500793 addi             x15, x0, 37         x15=00000025
13455581ns          220208 1c0089e6 04f50863 beq              x10, x15, 80        x10:00000065 x15:00000025
13455601ns          220209 1c0089ea 01a005b3 add              x11, x0, x26        x11=00000002 x26:00000002
13455621ns          220210 1c0089ec 000b00e7 jalr             x1, x22, 0           x1=1c0089ee x22:1c0088f8
13455661ns          220212 1c0088f8 000026b7 lui              x13, 0x2000         x13=00002000
13455681ns          220213 1c0088fa f14027f3 csrrs            x15, x0, 0xf14      x15=00000000
13455701ns          220214 1c0088fe f8068693 addi             x13, x13, -128      x13=00001f80 x13:00002000
13455721ns          220215 1c008902 00379713 slli             x14, x15, 0x3       x14=00000000 x15:00000000
13455741ns          220216 1c008906 00279793 slli             x15, x15, 0x2       x15=00000000 x15:00000000
13455760ns          220217 1c008908 00d7f7b3 and              x15, x15, x13       x15=00000000 x15:00000000 x13:00001f80
13455780ns          220218 1c00890a ee873733 p.bclr           x14, x14, 23, 8     x14=00000000 x14:00000000
13455800ns          220219 1c00890e 1a10f6b7 lui              x13, 0x1a10f000     x13=1a10f000
13455820ns          220220 1c008912 0ff57513 andi             x10, x10, 255       x10=00000065 x10:00000065
13455840ns          220221 1c008916 00d70733 add              x14, x14, x13       x14=1a10f000 x14:00000000 x13:1a10f000
13455860ns          220222 1c008918 00a7e723 p.sw             x10, x0(x15)        x10:00000065 x15:00000000  PA:1a10f000
13456178ns          220238 1c00891c 00000513 addi             x10, x0, 0          x10=00000000
13456198ns          220239 1c00891e 00008067 jalr             x0, x1, 0            x1:1c0089ee
13456258ns          220242 1c0089ee 31f52563 p.beqimm         x10, 778            x10:00000000
13456278ns          220243 1c0089f2 001d8d93 addi             x27, x27, 1         x27=00000008 x27:00000007
13456298ns          220244 1c0089f4 00044503 lbu              x10, 0(x8)          x10=00000072  x8:1c0000bc  PA:1c0000bc
13456596ns          220259 1c0089f8 00140413 addi             x8, x8, 1            x8=1c0000bd  x8:1c0000bc
13456616ns          220260 1c0089fa fe0514e3 bne              x10, x0, -24        x10:00000072
13456695ns          220264 1c0089e2 02500793 addi             x15, x0, 37         x15=00000025
13456715ns          220265 1c0089e6 04f50863 beq              x10, x15, 80        x10:00000072 x15:00000025
13456735ns          220266 1c0089ea 01a005b3 add              x11, x0, x26        x11=00000002 x26:00000002
13456755ns          220267 1c0089ec 000b00e7 jalr             x1, x22, 0           x1=1c0089ee x22:1c0088f8
13456795ns          220269 1c0088f8 000026b7 lui              x13, 0x2000         x13=00002000
13456815ns          220270 1c0088fa f14027f3 csrrs            x15, x0, 0xf14      x15=00000000
13456835ns          220271 1c0088fe f8068693 addi             x13, x13, -128      x13=00001f80 x13:00002000
13456854ns          220272 1c008902 00379713 slli             x14, x15, 0x3       x14=00000000 x15:00000000
13456874ns          220273 1c008906 00279793 slli             x15, x15, 0x2       x15=00000000 x15:00000000
13456894ns          220274 1c008908 00d7f7b3 and              x15, x15, x13       x15=00000000 x15:00000000 x13:00001f80
13456914ns          220275 1c00890a ee873733 p.bclr           x14, x14, 23, 8     x14=00000000 x14:00000000
13456934ns          220276 1c00890e 1a10f6b7 lui              x13, 0x1a10f000     x13=1a10f000
13456954ns          220277 1c008912 0ff57513 andi             x10, x10, 255       x10=00000072 x10:00000072
13456974ns          220278 1c008916 00d70733 add              x14, x14, x13       x14=1a10f000 x14:00000000 x13:1a10f000
13456994ns          220279 1c008918 00a7e723 p.sw             x10, x0(x15)        x10:00000072 x15:00000000  PA:1a10f000
13457312ns          220295 1c00891c 00000513 addi             x10, x0, 0          x10=00000000
13457332ns          220296 1c00891e 00008067 jalr             x0, x1, 0            x1:1c0089ee
13457392ns          220299 1c0089ee 31f52563 p.beqimm         x10, 778            x10:00000000
13457411ns          220300 1c0089f2 001d8d93 addi             x27, x27, 1         x27=00000009 x27:00000008
13457431ns          220301 1c0089f4 00044503 lbu              x10, 0(x8)          x10=00000072  x8:1c0000bd  PA:1c0000bd
13457730ns          220316 1c0089f8 00140413 addi             x8, x8, 1            x8=1c0000be  x8:1c0000bd
13457750ns          220317 1c0089fa fe0514e3 bne              x10, x0, -24        x10:00000072
13457829ns          220321 1c0089e2 02500793 addi             x15, x0, 37         x15=00000025
13457849ns          220322 1c0089e6 04f50863 beq              x10, x15, 80        x10:00000072 x15:00000025
13457869ns          220323 1c0089ea 01a005b3 add              x11, x0, x26        x11=00000002 x26:00000002
13457889ns          220324 1c0089ec 000b00e7 jalr             x1, x22, 0           x1=1c0089ee x22:1c0088f8
13457929ns          220326 1c0088f8 000026b7 lui              x13, 0x2000         x13=00002000
13457948ns          220327 1c0088fa f14027f3 csrrs            x15, x0, 0xf14      x15=00000000
13457968ns          220328 1c0088fe f8068693 addi             x13, x13, -128      x13=00001f80 x13:00002000
13457988ns          220329 1c008902 00379713 slli             x14, x15, 0x3       x14=00000000 x15:00000000
13458008ns          220330 1c008906 00279793 slli             x15, x15, 0x2       x15=00000000 x15:00000000
13458028ns          220331 1c008908 00d7f7b3 and              x15, x15, x13       x15=00000000 x15:00000000 x13:00001f80
13458048ns          220332 1c00890a ee873733 p.bclr           x14, x14, 23, 8     x14=00000000 x14:00000000
13458068ns          220333 1c00890e 1a10f6b7 lui              x13, 0x1a10f000     x13=1a10f000
13458088ns          220334 1c008912 0ff57513 andi             x10, x10, 255       x10=00000072 x10:00000072
13458108ns          220335 1c008916 00d70733 add              x14, x14, x13       x14=1a10f000 x14:00000000 x13:1a10f000
13458127ns          220336 1c008918 00a7e723 p.sw             x10, x0(x15)        x10:00000072 x15:00000000  PA:1a10f000
13458446ns          220352 1c00891c 00000513 addi             x10, x0, 0          x10=00000000
13458466ns          220353 1c00891e 00008067 jalr             x0, x1, 0            x1:1c0089ee
13458525ns          220356 1c0089ee 31f52563 p.beqimm         x10, 778            x10:00000000
13458545ns          220357 1c0089f2 001d8d93 addi             x27, x27, 1         x27=0000000a x27:00000009
13458565ns          220358 1c0089f4 00044503 lbu              x10, 0(x8)          x10=0000006f  x8:1c0000be  PA:1c0000be
13458863ns          220373 1c0089f8 00140413 addi             x8, x8, 1            x8=1c0000bf  x8:1c0000be
13458883ns          220374 1c0089fa fe0514e3 bne              x10, x0, -24        x10:0000006f
13458963ns          220378 1c0089e2 02500793 addi             x15, x0, 37         x15=00000025
13458983ns          220379 1c0089e6 04f50863 beq              x10, x15, 80        x10:0000006f x15:00000025
13459003ns          220380 1c0089ea 01a005b3 add              x11, x0, x26        x11=00000002 x26:00000002
13459023ns          220381 1c0089ec 000b00e7 jalr             x1, x22, 0           x1=1c0089ee x22:1c0088f8
13459062ns          220383 1c0088f8 000026b7 lui              x13, 0x2000         x13=00002000
13459082ns          220384 1c0088fa f14027f3 csrrs            x15, x0, 0xf14      x15=00000000
13459102ns          220385 1c0088fe f8068693 addi             x13, x13, -128      x13=00001f80 x13:00002000
13459122ns          220386 1c008902 00379713 slli             x14, x15, 0x3       x14=00000000 x15:00000000
13459142ns          220387 1c008906 00279793 slli             x15, x15, 0x2       x15=00000000 x15:00000000
13459162ns          220388 1c008908 00d7f7b3 and              x15, x15, x13       x15=00000000 x15:00000000 x13:00001f80
13459182ns          220389 1c00890a ee873733 p.bclr           x14, x14, 23, 8     x14=00000000 x14:00000000
13459202ns          220390 1c00890e 1a10f6b7 lui              x13, 0x1a10f000     x13=1a10f000
13459221ns          220391 1c008912 0ff57513 andi             x10, x10, 255       x10=0000006f x10:0000006f
13459241ns          220392 1c008916 00d70733 add              x14, x14, x13       x14=1a10f000 x14:00000000 x13:1a10f000
13459261ns          220393 1c008918 00a7e723 p.sw             x10, x0(x15)        x10:0000006f x15:00000000  PA:1a10f000
13459599ns          220410 1c00891c 00000513 addi             x10, x0, 0          x10=00000000
13459619ns          220411 1c00891e 00008067 jalr             x0, x1, 0            x1:1c0089ee
13459679ns          220414 1c0089ee 31f52563 p.beqimm         x10, 778            x10:00000000
13459699ns          220415 1c0089f2 001d8d93 addi             x27, x27, 1         x27=0000000b x27:0000000a
13459719ns          220416 1c0089f4 00044503 lbu              x10, 0(x8)          x10=00000072  x8:1c0000bf  PA:1c0000bf
13460017ns          220431 1c0089f8 00140413 addi             x8, x8, 1            x8=1c0000c0  x8:1c0000bf
13460037ns          220432 1c0089fa fe0514e3 bne              x10, x0, -24        x10:00000072
13460117ns          220436 1c0089e2 02500793 addi             x15, x0, 37         x15=00000025
13460136ns          220437 1c0089e6 04f50863 beq              x10, x15, 80        x10:00000072 x15:00000025
13460156ns          220438 1c0089ea 01a005b3 add              x11, x0, x26        x11=00000002 x26:00000002
13460176ns          220439 1c0089ec 000b00e7 jalr             x1, x22, 0           x1=1c0089ee x22:1c0088f8
13460216ns          220441 1c0088f8 000026b7 lui              x13, 0x2000         x13=00002000
13460236ns          220442 1c0088fa f14027f3 csrrs            x15, x0, 0xf14      x15=00000000
13460256ns          220443 1c0088fe f8068693 addi             x13, x13, -128      x13=00001f80 x13:00002000
13460276ns          220444 1c008902 00379713 slli             x14, x15, 0x3       x14=00000000 x15:00000000
13460296ns          220445 1c008906 00279793 slli             x15, x15, 0x2       x15=00000000 x15:00000000
13460315ns          220446 1c008908 00d7f7b3 and              x15, x15, x13       x15=00000000 x15:00000000 x13:00001f80
13460335ns          220447 1c00890a ee873733 p.bclr           x14, x14, 23, 8     x14=00000000 x14:00000000
13460355ns          220448 1c00890e 1a10f6b7 lui              x13, 0x1a10f000     x13=1a10f000
13460375ns          220449 1c008912 0ff57513 andi             x10, x10, 255       x10=00000072 x10:00000072
13460395ns          220450 1c008916 00d70733 add              x14, x14, x13       x14=1a10f000 x14:00000000 x13:1a10f000
13460415ns          220451 1c008918 00a7e723 p.sw             x10, x0(x15)        x10:00000072 x15:00000000  PA:1a10f000
13460733ns          220467 1c00891c 00000513 addi             x10, x0, 0          x10=00000000
13460753ns          220468 1c00891e 00008067 jalr             x0, x1, 0            x1:1c0089ee
13460813ns          220471 1c0089ee 31f52563 p.beqimm         x10, 778            x10:00000000
13460833ns          220472 1c0089f2 001d8d93 addi             x27, x27, 1         x27=0000000c x27:0000000b
13460853ns          220473 1c0089f4 00044503 lbu              x10, 0(x8)          x10=00000073  x8:1c0000c0  PA:1c0000c0
13461151ns          220488 1c0089f8 00140413 addi             x8, x8, 1            x8=1c0000c1  x8:1c0000c0
13461171ns          220489 1c0089fa fe0514e3 bne              x10, x0, -24        x10:00000073
13461250ns          220493 1c0089e2 02500793 addi             x15, x0, 37         x15=00000025
13461270ns          220494 1c0089e6 04f50863 beq              x10, x15, 80        x10:00000073 x15:00000025
13461290ns          220495 1c0089ea 01a005b3 add              x11, x0, x26        x11=00000002 x26:00000002
13461310ns          220496 1c0089ec 000b00e7 jalr             x1, x22, 0           x1=1c0089ee x22:1c0088f8
13461350ns          220498 1c0088f8 000026b7 lui              x13, 0x2000         x13=00002000
13461370ns          220499 1c0088fa f14027f3 csrrs            x15, x0, 0xf14      x15=00000000
13461390ns          220500 1c0088fe f8068693 addi             x13, x13, -128      x13=00001f80 x13:00002000
13461409ns          220501 1c008902 00379713 slli             x14, x15, 0x3       x14=00000000 x15:00000000
13461429ns          220502 1c008906 00279793 slli             x15, x15, 0x2       x15=00000000 x15:00000000
13461449ns          220503 1c008908 00d7f7b3 and              x15, x15, x13       x15=00000000 x15:00000000 x13:00001f80
13461469ns          220504 1c00890a ee873733 p.bclr           x14, x14, 23, 8     x14=00000000 x14:00000000
13461489ns          220505 1c00890e 1a10f6b7 lui              x13, 0x1a10f000     x13=1a10f000
13461509ns          220506 1c008912 0ff57513 andi             x10, x10, 255       x10=00000073 x10:00000073
13461529ns          220507 1c008916 00d70733 add              x14, x14, x13       x14=1a10f000 x14:00000000 x13:1a10f000
13461549ns          220508 1c008918 00a7e723 p.sw             x10, x0(x15)        x10:00000073 x15:00000000  PA:1a10f000
13461867ns          220524 1c00891c 00000513 addi             x10, x0, 0          x10=00000000
13461887ns          220525 1c00891e 00008067 jalr             x0, x1, 0            x1:1c0089ee
13461947ns          220528 1c0089ee 31f52563 p.beqimm         x10, 778            x10:00000000
13461966ns          220529 1c0089f2 001d8d93 addi             x27, x27, 1         x27=0000000d x27:0000000c
13461986ns          220530 1c0089f4 00044503 lbu              x10, 0(x8)          x10=0000003a  x8:1c0000c1  PA:1c0000c1
13462305ns          220546 1c0089f8 00140413 addi             x8, x8, 1            x8=1c0000c2  x8:1c0000c1
13462324ns          220547 1c0089fa fe0514e3 bne              x10, x0, -24        x10:0000003a
13462404ns          220551 1c0089e2 02500793 addi             x15, x0, 37         x15=00000025
13462424ns          220552 1c0089e6 04f50863 beq              x10, x15, 80        x10:0000003a x15:00000025
13462444ns          220553 1c0089ea 01a005b3 add              x11, x0, x26        x11=00000002 x26:00000002
13462464ns          220554 1c0089ec 000b00e7 jalr             x1, x22, 0           x1=1c0089ee x22:1c0088f8
13462503ns          220556 1c0088f8 000026b7 lui              x13, 0x2000         x13=00002000
13462523ns          220557 1c0088fa f14027f3 csrrs            x15, x0, 0xf14      x15=00000000
13462543ns          220558 1c0088fe f8068693 addi             x13, x13, -128      x13=00001f80 x13:00002000
13462563ns          220559 1c008902 00379713 slli             x14, x15, 0x3       x14=00000000 x15:00000000
13462583ns          220560 1c008906 00279793 slli             x15, x15, 0x2       x15=00000000 x15:00000000
13462603ns          220561 1c008908 00d7f7b3 and              x15, x15, x13       x15=00000000 x15:00000000 x13:00001f80
13462623ns          220562 1c00890a ee873733 p.bclr           x14, x14, 23, 8     x14=00000000 x14:00000000
13462643ns          220563 1c00890e 1a10f6b7 lui              x13, 0x1a10f000     x13=1a10f000
13462663ns          220564 1c008912 0ff57513 andi             x10, x10, 255       x10=0000003a x10:0000003a
13462682ns          220565 1c008916 00d70733 add              x14, x14, x13       x14=1a10f000 x14:00000000 x13:1a10f000
13462702ns          220566 1c008918 00a7e723 p.sw             x10, x0(x15)        x10:0000003a x15:00000000  PA:1a10f000
13463021ns          220582 1c00891c 00000513 addi             x10, x0, 0          x10=00000000
13463040ns          220583 1c00891e 00008067 jalr             x0, x1, 0            x1:1c0089ee
13463100ns          220586 1c0089ee 31f52563 p.beqimm         x10, 778            x10:00000000
13463120ns          220587 1c0089f2 001d8d93 addi             x27, x27, 1         x27=0000000e x27:0000000d
13463140ns          220588 1c0089f4 00044503 lbu              x10, 0(x8)          x10=00000020  x8:1c0000c2  PA:1c0000c2
13463438ns          220603 1c0089f8 00140413 addi             x8, x8, 1            x8=1c0000c3  x8:1c0000c2
13463458ns          220604 1c0089fa fe0514e3 bne              x10, x0, -24        x10:00000020
13463538ns          220608 1c0089e2 02500793 addi             x15, x0, 37         x15=00000025
13463558ns          220609 1c0089e6 04f50863 beq              x10, x15, 80        x10:00000020 x15:00000025
13463578ns          220610 1c0089ea 01a005b3 add              x11, x0, x26        x11=00000002 x26:00000002
13463597ns          220611 1c0089ec 000b00e7 jalr             x1, x22, 0           x1=1c0089ee x22:1c0088f8
13463637ns          220613 1c0088f8 000026b7 lui              x13, 0x2000         x13=00002000
13463657ns          220614 1c0088fa f14027f3 csrrs            x15, x0, 0xf14      x15=00000000
13463677ns          220615 1c0088fe f8068693 addi             x13, x13, -128      x13=00001f80 x13:00002000
13463697ns          220616 1c008902 00379713 slli             x14, x15, 0x3       x14=00000000 x15:00000000
13463717ns          220617 1c008906 00279793 slli             x15, x15, 0x2       x15=00000000 x15:00000000
13463737ns          220618 1c008908 00d7f7b3 and              x15, x15, x13       x15=00000000 x15:00000000 x13:00001f80
13463757ns          220619 1c00890a ee873733 p.bclr           x14, x14, 23, 8     x14=00000000 x14:00000000
13463776ns          220620 1c00890e 1a10f6b7 lui              x13, 0x1a10f000     x13=1a10f000
13463796ns          220621 1c008912 0ff57513 andi             x10, x10, 255       x10=00000020 x10:00000020
13463816ns          220622 1c008916 00d70733 add              x14, x14, x13       x14=1a10f000 x14:00000000 x13:1a10f000
13463836ns          220623 1c008918 00a7e723 p.sw             x10, x0(x15)        x10:00000020 x15:00000000  PA:1a10f000
13464154ns          220639 1c00891c 00000513 addi             x10, x0, 0          x10=00000000
13464174ns          220640 1c00891e 00008067 jalr             x0, x1, 0            x1:1c0089ee
13464234ns          220643 1c0089ee 31f52563 p.beqimm         x10, 778            x10:00000000
13464254ns          220644 1c0089f2 001d8d93 addi             x27, x27, 1         x27=0000000f x27:0000000e
13464274ns          220645 1c0089f4 00044503 lbu              x10, 0(x8)          x10=00000025  x8:1c0000c3  PA:1c0000c3
13464572ns          220660 1c0089f8 00140413 addi             x8, x8, 1            x8=1c0000c4  x8:1c0000c3
13464592ns          220661 1c0089fa fe0514e3 bne              x10, x0, -24        x10:00000025
13464672ns          220665 1c0089e2 02500793 addi             x15, x0, 37         x15=00000025
13464691ns          220666 1c0089e6 04f50863 beq              x10, x15, 80        x10:00000025 x15:00000025
13464771ns          220670 1c008a36 00044483 lbu              x9, 0(x8)            x9=00000064  x8:1c0000c4  PA:1c0000c4
13465069ns          220685 1c008a3a 02000693 addi             x13, x0, 32         x13=00000020
13465089ns          220686 1c008a3e 00140a93 addi             x21, x8, 1          x21=1c0000c5  x8:1c0000c4
13465109ns          220687 1c008a42 009005b3 add              x11, x0, x9         x11=00000064  x9:00000064
13465129ns          220688 1c008a44 064b8513 addi             x10, x23, 100       x10=1c000064 x23:1c000000
13465149ns          220689 1c008a48 00d12823 sw               x13, 16(x2)         x13:00000020  x2:10000638  PA:10000648
13465169ns          220690 1c008a4a 00012c23 sw               x0, 24(x2)           x2:10000638  PA:10000650
13465189ns          220691 1c008a4c 00012a23 sw               x0, 20(x2)           x2:10000638  PA:1000064c
13465209ns          220692 1c008a4e 00012e23 sw               x0, 28(x2)           x2:10000638  PA:10000654
13465228ns          220693 1c008a50 00012623 sw               x0, 12(x2)           x2:10000638  PA:10000644
13465248ns          220694 1c008a52 02300913 addi             x18, x0, 35         x18=00000023
13465268ns          220695 1c008a56 02d00a13 addi             x20, x0, 45         x20=0000002d
13465288ns          220696 1c008a5a 015009b3 add              x19, x0, x21        x19=1c0000c5 x21:1c0000c5
13465308ns          220697 1c008a5c e1dff0ef jal              x1, -484             x1=1c008a5e
13465427ns          220703 1c008878 00054783 lbu              x15, 0(x10)         x15=0000002d x10:1c000064  PA:1c000064
13465746ns          220719 1c00887c 0ff5f593 andi             x11, x11, 255       x11=00000064 x11:00000064
13465766ns          220720 1c008880 00b78c63 beq              x15, x11, 24        x15:0000002d x11:00000064
13465785ns          220721 1c008884 00078b63 beq              x15, x0, 22         x15:0000002d
13465805ns          220722 1c008886 00150793 addi             x15, x10, 1         x15=1c000065 x10:1c000064
13465825ns          220723 1c00888a 0040006f jal              x0, 4              
13465905ns          220727 1c00888e 00f00533 add              x10, x0, x15        x10=1c000065 x15:1c000065
13465925ns          220728 1c008890 0017c70b p.lbu            x14, 1(x15!)        x14=0000002b x15=1c000066 x15:1c000065  PA:1c000065
13466243ns          220744 1c008894 feb71ce3 bne              x14, x11, -8        x14:0000002b x11:00000064
13466303ns          220747 1c00888c 00070763 beq              x14, x0, 14         x14:0000002b
13466322ns          220748 1c00888e 00f00533 add              x10, x0, x15        x10=1c000066 x15:1c000066
13466342ns          220749 1c008890 0017c70b p.lbu            x14, 1(x15!)        x14=00000020 x15=1c000067 x15:1c000066  PA:1c000066
13466661ns          220765 1c008894 feb71ce3 bne              x14, x11, -8        x14:00000020 x11:00000064
13466720ns          220768 1c00888c 00070763 beq              x14, x0, 14         x14:00000020
13466740ns          220769 1c00888e 00f00533 add              x10, x0, x15        x10=1c000067 x15:1c000067
13466760ns          220770 1c008890 0017c70b p.lbu            x14, 1(x15!)        x14=00000023 x15=1c000068 x15:1c000067  PA:1c000067
13467098ns          220787 1c008894 feb71ce3 bne              x14, x11, -8        x14:00000023 x11:00000064
13467158ns          220790 1c00888c 00070763 beq              x14, x0, 14         x14:00000023
13467178ns          220791 1c00888e 00f00533 add              x10, x0, x15        x10=1c000068 x15:1c000068
13467198ns          220792 1c008890 0017c70b p.lbu            x14, 1(x15!)        x14=00000030 x15=1c000069 x15:1c000068  PA:1c000068
13467516ns          220808 1c008894 feb71ce3 bne              x14, x11, -8        x14:00000030 x11:00000064
13467576ns          220811 1c00888c 00070763 beq              x14, x0, 14         x14:00000030
13467595ns          220812 1c00888e 00f00533 add              x10, x0, x15        x10=1c000069 x15:1c000069
13467615ns          220813 1c008890 0017c70b p.lbu            x14, 1(x15!)        x14=00000000 x15=1c00006a x15:1c000069  PA:1c000069
13467934ns          220829 1c008894 feb71ce3 bne              x14, x11, -8        x14:00000000 x11:00000064
13467993ns          220832 1c00888c 00070763 beq              x14, x0, 14         x14:00000000
13468073ns          220836 1c00889a 0015b593 sltiu            x11, x11, 1         x11=00000000 x11:00000064
13468093ns          220837 1c00889e 40b005b3 sub              x11, x0, x11        x11=00000000 x11:00000000
13468113ns          220838 1c0088a2 00b57533 and              x10, x10, x11       x10=00000000 x10:1c000069 x11:00000000
13468133ns          220839 1c0088a4 00008067 jalr             x0, x1, 0            x1:1c008a5e
13468172ns          220841 1c008a5e 02050a63 beq              x10, x0, 52         x10:00000000
13468312ns          220848 1c008a92 02a00613 addi             x12, x0, 42         x12=0000002a
13468331ns          220849 1c008a96 2ac48663 beq              x9, x12, 684         x9:00000064 x12:0000002a
13468351ns          220850 1c008a9a fd048613 addi             x12, x9, -48        x12=00000034  x9:00000064
13468371ns          220851 1c008a9e 00900593 addi             x11, x0, 9          x11=00000009
13468411ns          220853 1c008aa0 00000913 addi             x18, x0, 0          x18=00000000
13468451ns          220855 1c008aa2 28c5f063 bgeu             x11, x12, 640       x11:00000009 x12:00000034
13468471ns          220856 1c008aa6 02e00693 addi             x13, x0, 46         x13=0000002e
13468491ns          220857 1c008aaa fff00a13 addi             x20, x0, -1         x20=ffffffff
13468510ns          220858 1c008aac 2ed48363 beq              x9, x13, 742         x9:00000064 x13:0000002e
13468530ns          220859 1c008ab0 1c0007b7 lui              x15, 0x1c000000     x15=1c000000
13468550ns          220860 1c008ab4 009005b3 add              x11, x0, x9         x11=00000064  x9:00000064
13468570ns          220861 1c008ab6 06c78513 addi             x10, x15, 108       x10=1c00006c x15:1c000000
13468590ns          220862 1c008aba dbfff0ef jal              x1, -578             x1=1c008abc
13468670ns          220866 1c008878 00054783 lbu              x15, 0(x10)         x15=00000068 x10:1c00006c  PA:1c00006c
13469008ns          220883 1c00887c 0ff5f593 andi             x11, x11, 255       x11=00000064 x11:00000064
13469028ns          220884 1c008880 00b78c63 beq              x15, x11, 24        x15:00000068 x11:00000064
13469048ns          220885 1c008884 00078b63 beq              x15, x0, 22         x15:00000068
13469067ns          220886 1c008886 00150793 addi             x15, x10, 1         x15=1c00006d x10:1c00006c
13469087ns          220887 1c00888a 0040006f jal              x0, 4              
13469127ns          220889 1c00888e 00f00533 add              x10, x0, x15        x10=1c00006d x15:1c00006d
13469147ns          220890 1c008890 0017c70b p.lbu            x14, 1(x15!)        x14=0000006c x15=1c00006e x15:1c00006d  PA:1c00006d
13469465ns          220906 1c008894 feb71ce3 bne              x14, x11, -8        x14:0000006c x11:00000064
13469525ns          220909 1c00888c 00070763 beq              x14, x0, 14         x14:0000006c
13469545ns          220910 1c00888e 00f00533 add              x10, x0, x15        x10=1c00006e x15:1c00006e
13469565ns          220911 1c008890 0017c70b p.lbu            x14, 1(x15!)        x14=0000004c x15=1c00006f x15:1c00006e  PA:1c00006e
13469883ns          220927 1c008894 feb71ce3 bne              x14, x11, -8        x14:0000004c x11:00000064
13469943ns          220930 1c00888c 00070763 beq              x14, x0, 14         x14:0000004c
13469962ns          220931 1c00888e 00f00533 add              x10, x0, x15        x10=1c00006f x15:1c00006f
13469982ns          220932 1c008890 0017c70b p.lbu            x14, 1(x15!)        x14=0000007a x15=1c000070 x15:1c00006f  PA:1c00006f
13470340ns          220950 1c008894 feb71ce3 bne              x14, x11, -8        x14:0000007a x11:00000064
13470400ns          220953 1c00888c 00070763 beq              x14, x0, 14         x14:0000007a
13470420ns          220954 1c00888e 00f00533 add              x10, x0, x15        x10=1c000070 x15:1c000070
13470440ns          220955 1c008890 0017c70b p.lbu            x14, 1(x15!)        x14=00000000 x15=1c000071 x15:1c000070  PA:1c000070
13470758ns          220971 1c008894 feb71ce3 bne              x14, x11, -8        x14:00000000 x11:00000064
13470818ns          220974 1c00888c 00070763 beq              x14, x0, 14         x14:00000000
13470897ns          220978 1c00889a 0015b593 sltiu            x11, x11, 1         x11=00000000 x11:00000064
13470917ns          220979 1c00889e 40b005b3 sub              x11, x0, x11        x11=00000000 x11:00000000
13470937ns          220980 1c0088a2 00b57533 and              x10, x10, x11       x10=00000000 x10:1c000070 x11:00000000
13470957ns          220981 1c0088a4 00008067 jalr             x0, x1, 0            x1:1c008abc
13470997ns          220983 1c008abc 01300433 add              x8, x0, x19          x8=1c0000c5 x19:1c0000c5
13471017ns          220984 1c008abe 00050563 beq              x10, x0, 10         x10:00000000
13471076ns          220987 1c008ac8 06700693 addi             x13, x0, 103        x13=00000067
13471096ns          220988 1c008acc 2896d963 bge              x13, x9, 658        x13:00000067  x9:00000064
13472031ns          221035 1c008d5e 06500693 addi             x13, x0, 101        x13=00000065
13472071ns          221037 1c008d62 12d4d563 bge              x9, x13, 298         x9:00000064 x13:00000065
13472091ns          221038 1c008d66 04700693 addi             x13, x0, 71         x13=00000047
13472111ns          221039 1c008d6a dc96cbe3 blt              x13, x9, -554       x13:00000047  x9:00000064
13473026ns          221085 1c008b40 06300693 addi             x13, x0, 99         x13=00000063
13473065ns          221087 1c008b44 0ad488e3 beq              x9, x13, 2224        x9:00000064 x13:00000063
13473085ns          221088 1c008b48 0096c9e3 blt              x13, x9, 2066       x13:00000063  x9:00000064
13474040ns          221136 1c00935a 000c2583 lw               x11, 0(x24)         x11=00000000 x24:1000078c  PA:1000078c
13474060ns          221137 1c00935e 004c0c13 addi             x24, x24, 4         x24=10000790 x24:1000078c
13474498ns          221159 1c009360 3405cc63 blt              x11, x0, 856        x11:00000000
13474537ns          221161 1c009364 01412603 lw               x12, 20(x2)         x12=00000000  x2:10000638  PA:1000064c
13474557ns          221162 1c009366 00b006b3 add              x13, x0, x11        x13=00000000 x11:00000000
13474577ns          221163 1c009368 2e061863 bne              x12, x0, 752        x12:00000000
13474597ns          221164 1c00936c 01812703 lw               x14, 24(x2)         x14=00000000  x2:10000638  PA:10000650
13474617ns          221165 1c00936e 019007b3 add              x15, x0, x25        x15=1000065c x25:1000065c
13475015ns          221185 1c009370 00070763 beq              x14, x0, 14         x14:00000000
13475074ns          221188 1c00937e 00f00733 add              x14, x0, x15        x14=1000065c x15:1000065c
13475512ns          221210 1c009380 00a00513 addi             x10, x0, 10         x10=0000000a
13475552ns          221212 1c009382 02a6f633 remu             x12, x13, x10       x12=00000000 x13:00000000 x10:0000000a
13476168ns          221243 1c009386 02a6d6b3 divu             x13, x13, x10       x13=00000000 x13:00000000 x10:0000000a
13476785ns          221274 1c00938a 03060613 addi             x12, x12, 48        x12=00000030 x12:00000000
13476805ns          221275 1c00938e 00c700ab p.sb             x12, 1(x14!)        x14=1000065d x12:00000030 x14:1000065c  PA:1000065c
13476825ns          221276 1c009392 fe0698e3 bne              x13, x0, -16        x13:00000000
13476845ns          221277 1c009394 40f706b3 sub              x13, x14, x15       x13=00000001 x14:1000065d x15:1000065c
13476865ns          221278 1c009398 0146dc63 bge              x13, x20, 24        x13:00000001 x20:ffffffff
13477760ns          221323 1c0093b0 00e006b3 add              x13, x0, x14        x13=1000065d x14:1000065d
13477799ns          221325 1c0093b2 fe068fab p.sb             x0, -1(x13!)        x13=1000065c x13:1000065d  PA:1000065d
13477819ns          221326 1c0093b6 00d7fc63 bgeu             x15, x13, 24        x15:1000065c x13:1000065c
13478336ns          221352 1c0093ce 01412783 lw               x15, 20(x2)         x15=00000000  x2:10000638  PA:1000064c
13478774ns          221374 1c0093d0 01812603 lw               x12, 24(x2)         x12=00000000  x2:10000638  PA:10000650
13478814ns          221376 1c0093d2 419704b3 sub              x9, x14, x25         x9=00000001 x14:1000065d x25:1000065c
13478834ns          221377 1c0093d6 00c7e7b3 or               x15, x15, x12       x15=00000000 x15:00000000 x12:00000000
13478854ns          221378 1c0093d8 00f12623 sw               x15, 12(x2)         x15:00000000  x2:10000638  PA:10000644
13478874ns          221379 1c0093da 00079363 bne              x15, x0, 6          x15:00000000
13478893ns          221380 1c0093dc 01f5d593 srli             x11, x11, 0x1f      x11=00000000 x11:00000000
13478913ns          221381 1c0093de 00b12623 sw               x11, 12(x2)         x11:00000000  x2:10000638  PA:10000644
13479291ns          221400 1c0093e0 e3fa28e3 p.beqimm         x20, -464           x20:ffffffff
13479789ns          221425 1c009210 0c800793 addi             x15, x0, 200        x15=000000c8
13479828ns          221427 1c009214 9e97d0e3 bge              x15, x9, -1568      x15:000000c8  x9:00000001
13480306ns          221451 1c008bf4 0f24d163 bge              x9, x18, 226         x9:00000001 x18:00000000
13480385ns          221455 1c008cd6 d00482e3 beq              x9, x0, -764         x9:00000001
13480405ns          221456 1c008cda 01900933 add              x18, x0, x25        x18=1000065c x25:1000065c
13480425ns          221457 1c008cdc 419d8db3 sub              x27, x27, x25       x27=effff9b3 x27:0000000f x25:1000065c
13480445ns          221458 1c008ce0 00a0006f jal              x0, 10             
13480505ns          221461 1c008cea 0019450b p.lbu            x10, 1(x18!)        x10=00000030 x18=1000065d x18:1000065c  PA:1000065c
13480524ns          221462 1c008cee 01a005b3 add              x11, x0, x26        x11=00000002 x26:00000002
13480564ns          221464 1c008cf0 000b00e7 jalr             x1, x22, 0           x1=1c008cf2 x22:1c0088f8
13480604ns          221466 1c0088f8 000026b7 lui              x13, 0x2000         x13=00002000
13480624ns          221467 1c0088fa f14027f3 csrrs            x15, x0, 0xf14      x15=00000000
13480644ns          221468 1c0088fe f8068693 addi             x13, x13, -128      x13=00001f80 x13:00002000
13480664ns          221469 1c008902 00379713 slli             x14, x15, 0x3       x14=00000000 x15:00000000
13480684ns          221470 1c008906 00279793 slli             x15, x15, 0x2       x15=00000000 x15:00000000
13480703ns          221471 1c008908 00d7f7b3 and              x15, x15, x13       x15=00000000 x15:00000000 x13:00001f80
13480723ns          221472 1c00890a ee873733 p.bclr           x14, x14, 23, 8     x14=00000000 x14:00000000
13480743ns          221473 1c00890e 1a10f6b7 lui              x13, 0x1a10f000     x13=1a10f000
13480763ns          221474 1c008912 0ff57513 andi             x10, x10, 255       x10=00000030 x10:00000030
13480783ns          221475 1c008916 00d70733 add              x14, x14, x13       x14=1a10f000 x14:00000000 x13:1a10f000
13480803ns          221476 1c008918 00a7e723 p.sw             x10, x0(x15)        x10:00000030 x15:00000000  PA:1a10f000
13481121ns          221492 1c00891c 00000513 addi             x10, x0, 0          x10=00000000
13481141ns          221493 1c00891e 00008067 jalr             x0, x1, 0            x1:1c008cf2
13481181ns          221495 1c008cf2 fff48493 addi             x9, x9, -1           x9=00000000  x9:00000001
13481201ns          221496 1c008cf4 fff537e3 p.bneimm         x10, -18            x10:00000000
13481280ns          221500 1c008ce2 012d8733 add              x14, x27, x18       x14=00000010 x27:effff9b3 x18:1000065d
13481300ns          221501 1c008ce6 5a048b63 beq              x9, x0, 1462         x9:00000000
13481400ns          221506 1c00929c 00e00db3 add              x27, x0, x14        x27=00000010 x14:00000010
13481479ns          221510 1c00929e f3cff06f jal              x0, -2244          
13481539ns          221513 1c0089da 00044503 lbu              x10, 0(x8)          x10=00000000  x8:1c0000c5  PA:1c0000c5
13481837ns          221528 1c0089de 00140413 addi             x8, x8, 1            x8=1c0000c6  x8:1c0000c5
13481857ns          221529 1c0089e0 00050e63 beq              x10, x0, 28         x10:00000000
13481957ns          221534 1c0089fc 01b00433 add              x8, x0, x27          x8=00000010 x27:00000010
13481976ns          221535 1c0089fe 00800533 add              x10, x0, x8         x10=00000010  x8:00000010
13481996ns          221536 1c008a00 12c12083 lw               x1, 300(x2)          x1=1c00898c  x2:10000638  PA:10000764
13482016ns          221537 1c008a04 12812403 lw               x8, 296(x2)          x8=1c000e80  x2:10000638  PA:10000760
13482036ns          221538 1c008a08 12412483 lw               x9, 292(x2)          x9=00000000  x2:10000638  PA:1000075c
13482056ns          221539 1c008a0c 12012903 lw               x18, 288(x2)        x18=1a10b004  x2:10000638  PA:10000758
13482116ns          221542 1c008a10 11c12983 lw               x19, 284(x2)        x19=00000000  x2:10000638  PA:10000754
13482156ns          221544 1c008a14 11812a03 lw               x20, 280(x2)        x20=1c000e84  x2:10000638  PA:10000750
13482175ns          221545 1c008a18 11412a83 lw               x21, 276(x2)        x21=1c00a000  x2:10000638  PA:1000074c
13482195ns          221546 1c008a1c 11012b03 lw               x22, 272(x2)        x22=1c00a000  x2:10000638  PA:10000748
13482255ns          221549 1c008a20 10c12b83 lw               x23, 268(x2)        x23=1c000000  x2:10000638  PA:10000744
13482295ns          221551 1c008a24 10812c03 lw               x24, 264(x2)        x24=1c000000  x2:10000638  PA:10000740
13482315ns          221552 1c008a28 10412c83 lw               x25, 260(x2)        x25=1c000000  x2:10000638  PA:1000073c
13482335ns          221553 1c008a2c 10012d03 lw               x26, 256(x2)        x26=1c000000  x2:10000638  PA:10000738
13482354ns          221554 1c008a30 0fc12d83 lw               x27, 252(x2)        x27=1c000e68  x2:10000638  PA:10000734
13482374ns          221555 1c008a32 13010113 addi             x2, x2, 304          x2=10000768  x2:10000638
13482394ns          221556 1c008a34 00008067 jalr             x0, x1, 0            x1:1c00898c
13482474ns          221560 1c00898c 01c12083 lw               x1, 28(x2)           x1=1c009bb8  x2:10000768  PA:10000784
13482494ns          221561 1c00898e 04010113 addi             x2, x2, 64           x2=100007a8  x2:10000768
13482553ns          221564 1c008990 00008067 jalr             x0, x1, 0            x1:1c009bb8
13482593ns          221566 1c009bb8 00812703 lw               x14, 8(x2)          x14=00000000  x2:100007a8  PA:100007b0
13482613ns          221567 1c009bba 0c8c0513 addi             x10, x24, 200       x10=1c0000c8 x24:1c000000
13482633ns          221568 1c009bbe 00e005b3 add              x11, x0, x14        x11=00000000 x14:00000000
13483051ns          221589 1c009bc0 02070b63 beq              x14, x0, 54         x14:00000000
13483528ns          221613 1c009bf6 00a00513 addi             x10, x0, 10         x10=0000000a
13483568ns          221615 1c009bf8 d29fe0ef jal              x1, -4824            x1=1c009bfc
13483608ns          221617 1c008920 000026b7 lui              x13, 0x2000         x13=00002000
13483627ns          221618 1c008922 f14027f3 csrrs            x15, x0, 0xf14      x15=00000000
13483647ns          221619 1c008926 f8068693 addi             x13, x13, -128      x13=00001f80 x13:00002000
13483667ns          221620 1c00892a 00379713 slli             x14, x15, 0x3       x14=00000000 x15:00000000
13483687ns          221621 1c00892e 00279793 slli             x15, x15, 0x2       x15=00000000 x15:00000000
13484105ns          221642 1c008930 00d7f7b3 and              x15, x15, x13       x15=00000000 x15:00000000 x13:00001f80
13484145ns          221644 1c008932 ee873733 p.bclr           x14, x14, 23, 8     x14=00000000 x14:00000000
13484164ns          221645 1c008936 1a10f6b7 lui              x13, 0x1a10f000     x13=1a10f000
13484184ns          221646 1c00893a 0ff57513 andi             x10, x10, 255       x10=0000000a x10:0000000a
13484204ns          221647 1c00893e 00d70733 add              x14, x14, x13       x14=1a10f000 x14:00000000 x13:1a10f000
13484244ns          221649 1c008940 00a7e723 p.sw             x10, x0(x15)        x10:0000000a x15:00000000  PA:1a10f000
13484582ns          221666 1c008944 00000513 addi             x10, x0, 0          x10=00000000
13484602ns          221667 1c008946 00008067 jalr             x0, x1, 0            x1:1c009bfc
13484801ns          221677 1c009bfc f5dff06f jal              x0, -164           
13485318ns          221703 1c009b58 00c12703 lw               x14, 12(x2)         x14=00000000  x2:100007a8  PA:100007b4
13485338ns          221704 1c009b5a 008d8d93 addi             x27, x27, 8         x27=1c000e70 x27:1c000e68
13485358ns          221705 1c009b5c 00e484b3 add              x9, x9, x14          x9=00000000  x9:00000000 x14:00000000
13485418ns          221708 1c009b5e 07b40963 beq              x8, x27, 114         x8:1c000e80 x27:1c000e70
13485437ns          221709 1c009b62 00012623 sw               x0, 12(x2)           x2:100007a8  PA:100007b4
13485457ns          221710 1c009b64 00099763 bne              x19, x0, 14         x19:00000000
13485477ns          221711 1c009b68 00092023 sw               x0, 0(x18)          x18:1a10b004  PA:1a10b004
13485796ns          221727 1c009b6c 00100713 addi             x14, x0, 1          x14=00000001
13485815ns          221728 1c009b6e 02e92023 sw               x14, 32(x18)        x14:00000001 x18:1a10b004  PA:1a10b024
13486134ns          221744 1c009b72 000da703 lw               x14, 0(x27)         x14=1c00821a x27:1c000e70  PA:1c000e70
13486452ns          221760 1c009b76 ad8b0613 addi             x12, x22, -1320     x12=1c009ad8 x22:1c00a000
13486472ns          221761 1c009b7a ac0a8593 addi             x11, x21, -1344     x11=1c009ac0 x21:1c00a000
13486492ns          221762 1c009b7e 00810513 addi             x10, x2, 8          x10=100007b0  x2:100007a8
13486512ns          221763 1c009b80 000700e7 jalr             x1, x14, 0           x1=1c009b82 x14:1c00821a
13486969ns          221786 1c00821a fe010113 addi             x2, x2, -32          x2=10000788  x2:100007a8
13487009ns          221788 1c00821c 00912a23 sw               x9, 20(x2)           x9:00000000  x2:10000788  PA:1000079c
13487069ns          221791 1c00821e 1c0014b7 lui              x9, 0x1c001000       x9=1c001000
13487088ns          221792 1c008222 01212823 sw               x18, 16(x2)         x18:1a10b004  x2:10000788  PA:10000798
13487108ns          221793 1c008224 01312623 sw               x19, 12(x2)         x19:00000000  x2:10000788  PA:10000794
13487128ns          221794 1c008226 01412423 sw               x20, 8(x2)          x20:1c000e84  x2:10000788  PA:10000790
13487148ns          221795 1c008228 d3848493 addi             x9, x9, -712         x9=1c000d38  x9:1c001000
13487168ns          221796 1c00822c 1c001a37 lui              x20, 0x1c001000     x20=1c001000
13487606ns          221818 1c008230 1c0019b7 lui              x19, 0x1c001000     x19=1c001000
13487645ns          221820 1c008234 1c001937 lui              x18, 0x1c001000     x18=1c001000
13487665ns          221821 1c008238 00812c23 sw               x8, 24(x2)           x8:1c000e80  x2:10000788  PA:100007a0
13487685ns          221822 1c00823a 01512223 sw               x21, 4(x2)          x21:1c00a000  x2:10000788  PA:1000078c
13487705ns          221823 1c00823c 01612023 sw               x22, 0(x2)          x22:1c00a000  x2:10000788  PA:10000788
13487725ns          221824 1c00823e 00112e23 sw               x1, 28(x2)           x1:1c009b82  x2:10000788  PA:100007a4
13488123ns          221844 1c008240 00a00433 add              x8, x0, x10          x8=100007b0 x10:100007b0
13488163ns          221846 1c008242 cc0a0a13 addi             x20, x20, -832      x20=1c000cc0 x20:1c001000
13488182ns          221847 1c008246 cfc98993 addi             x19, x19, -772      x19=1c000cfc x19:1c001000
13488202ns          221848 1c00824a d7490913 addi             x18, x18, -652      x18=1c000d74 x18:1c001000
13488640ns          221870 1c00824e 03c48b13 addi             x22, x9, 60         x22=1c000d74  x9:1c000d38
13488680ns          221872 1c008252 1c000ab7 lui              x21, 0x1c000000     x21=1c000000
13488700ns          221873 1c008256 0044a60b p.lw             x12, 4(x9!)         x12=8b82477b  x9=1c000d3c  x9:1c000d38  PA:1c000d38
13488998ns          221888 1c00825a 004a278b p.lw             x15, 4(x20!)        x15=0000254c x20=1c000cc4 x20:1c000cc0  PA:1c000cc0
13489316ns          221904 1c00825e 0049a70b p.lw             x14, 4(x19!)        x14=0000b650 x19=1c000d00 x19:1c000cfc  PA:1c000cfc
13489634ns          221920 1c008262 00e7965b p.macu           x12, x15, x14       x12=a611f73b x15:0000254c x14:0000b650 x12:8b82477b
13489654ns          221921 1c008266 0049268b p.lw             x13, 4(x18!)        x13=a611f73b x18=1c000d78 x18:1c000d74  PA:1c000d74
13489973ns          221937 1c00826a 024a8593 addi             x11, x21, 36        x11=1c000024 x21:1c000000
13489992ns          221938 1c00826e 00800533 add              x10, x0, x8         x10=100007b0  x8:100007b0
13490012ns          221939 1c008270 1d3010ef jal              x1, 6610             x1=1c008274
13490132ns          221945 1c009c42 00d60a63 beq              x12, x13, 20        x12:a611f73b x13:a611f73b
13490231ns          221950 1c009c56 00008067 jalr             x0, x1, 0            x1:1c008274
13490271ns          221952 1c008274 ff6491e3 bne              x9, x22, -30         x9:1c000d3c x22:1c000d74
13490351ns          221956 1c008256 0044a60b p.lw             x12, 4(x9!)         x12=d2d8481a  x9=1c000d40  x9:1c000d3c  PA:1c000d3c
13490649ns          221971 1c00825a 004a278b p.lw             x15, 4(x20!)        x15=00003e04 x20=1c000cc8 x20:1c000cc4  PA:1c000cc4
13490947ns          221986 1c00825e 0049a70b p.lw             x14, 4(x19!)        x14=0000f8a0 x19=1c000d04 x19:1c000d00  PA:1c000d00
13491265ns          222002 1c008262 00e7965b p.macu           x12, x15, x14       x12=0f12ea9a x15:00003e04 x14:0000f8a0 x12:d2d8481a
13491285ns          222003 1c008266 0049268b p.lw             x13, 4(x18!)        x13=0f12ea9a x18=1c000d7c x18:1c000d78  PA:1c000d78
13491604ns          222019 1c00826a 024a8593 addi             x11, x21, 36        x11=1c000024 x21:1c000000
13491624ns          222020 1c00826e 00800533 add              x10, x0, x8         x10=100007b0  x8:100007b0
13491643ns          222021 1c008270 1d3010ef jal              x1, 6610             x1=1c008274
13491703ns          222024 1c009c42 00d60a63 beq              x12, x13, 20        x12:0f12ea9a x13:0f12ea9a
13491763ns          222027 1c009c56 00008067 jalr             x0, x1, 0            x1:1c008274
13491803ns          222029 1c008274 ff6491e3 bne              x9, x22, -30         x9:1c000d40 x22:1c000d74
13491882ns          222033 1c008256 0044a60b p.lw             x12, 4(x9!)         x12=03f9a39d  x9=1c000d44  x9:1c000d40  PA:1c000d40
13492200ns          222049 1c00825a 004a278b p.lw             x15, 4(x20!)        x15=000013c4 x20=1c000ccc x20:1c000cc8  PA:1c000cc8
13492499ns          222064 1c00825e 0049a70b p.lw             x14, 4(x19!)        x14=0000ab7f x19=1c000d08 x19:1c000d04  PA:1c000d04
13492817ns          222080 1c008262 00e7965b p.macu           x12, x15, x14       x12=11375dd9 x15:000013c4 x14:0000ab7f x12:03f9a39d
13492837ns          222081 1c008266 0049268b p.lw             x13, 4(x18!)        x13=11375dd9 x18=1c000d80 x18:1c000d7c  PA:1c000d7c
13493135ns          222096 1c00826a 024a8593 addi             x11, x21, 36        x11=1c000024 x21:1c000000
13493155ns          222097 1c00826e 00800533 add              x10, x0, x8         x10=100007b0  x8:100007b0
13493175ns          222098 1c008270 1d3010ef jal              x1, 6610             x1=1c008274
13493235ns          222101 1c009c42 00d60a63 beq              x12, x13, 20        x12:11375dd9 x13:11375dd9
13493294ns          222104 1c009c56 00008067 jalr             x0, x1, 0            x1:1c008274
13493334ns          222106 1c008274 ff6491e3 bne              x9, x22, -30         x9:1c000d44 x22:1c000d74
13493414ns          222110 1c008256 0044a60b p.lw             x12, 4(x9!)         x12=919243a6  x9=1c000d48  x9:1c000d44  PA:1c000d44
13493712ns          222125 1c00825a 004a278b p.lw             x15, 4(x20!)        x15=0000badd x20=1c000cd0 x20:1c000ccc  PA:1c000ccc
13494010ns          222140 1c00825e 0049a70b p.lw             x14, 4(x19!)        x14=000066a7 x19=1c000d0c x19:1c000d08  PA:1c000d08
13494349ns          222157 1c008262 00e7965b p.macu           x12, x15, x14       x12=dc8037d1 x15:0000badd x14:000066a7 x12:919243a6
13494368ns          222158 1c008266 0049268b p.lw             x13, 4(x18!)        x13=dc8037d1 x18=1c000d84 x18:1c000d80  PA:1c000d80
13494667ns          222173 1c00826a 024a8593 addi             x11, x21, 36        x11=1c000024 x21:1c000000
13494687ns          222174 1c00826e 00800533 add              x10, x0, x8         x10=100007b0  x8:100007b0
13494707ns          222175 1c008270 1d3010ef jal              x1, 6610             x1=1c008274
13494766ns          222178 1c009c42 00d60a63 beq              x12, x13, 20        x12:dc8037d1 x13:dc8037d1
13494826ns          222181 1c009c56 00008067 jalr             x0, x1, 0            x1:1c008274
13494866ns          222183 1c008274 ff6491e3 bne              x9, x22, -30         x9:1c000d48 x22:1c000d74
13494945ns          222187 1c008256 0044a60b p.lw             x12, 4(x9!)         x12=5a2a08ff  x9=1c000d4c  x9:1c000d48  PA:1c000d48
13495244ns          222202 1c00825a 004a278b p.lw             x15, 4(x20!)        x15=0000d5c7 x20=1c000cd4 x20:1c000cd0  PA:1c000cd0
13495562ns          222218 1c00825e 0049a70b p.lw             x14, 4(x19!)        x14=000095f5 x19=1c000d10 x19:1c000d0c  PA:1c000d0c
13495880ns          222234 1c008262 00e7965b p.macu           x12, x15, x14       x12=d7637372 x15:0000d5c7 x14:000095f5 x12:5a2a08ff
13495900ns          222235 1c008266 0049268b p.lw             x13, 4(x18!)        x13=d7637372 x18=1c000d88 x18:1c000d84  PA:1c000d84
13496198ns          222250 1c00826a 024a8593 addi             x11, x21, 36        x11=1c000024 x21:1c000000
13496218ns          222251 1c00826e 00800533 add              x10, x0, x8         x10=100007b0  x8:100007b0
13496238ns          222252 1c008270 1d3010ef jal              x1, 6610             x1=1c008274
13496298ns          222255 1c009c42 00d60a63 beq              x12, x13, 20        x12:d7637372 x13:d7637372
13496358ns          222258 1c009c56 00008067 jalr             x0, x1, 0            x1:1c008274
13496397ns          222260 1c008274 ff6491e3 bne              x9, x22, -30         x9:1c000d4c x22:1c000d74
13496477ns          222264 1c008256 0044a60b p.lw             x12, 4(x9!)         x12=868a8c19  x9=1c000d50  x9:1c000d4c  PA:1c000d4c
13496775ns          222279 1c00825a 004a278b p.lw             x15, 4(x20!)        x15=00007365 x20=1c000cd8 x20:1c000cd4  PA:1c000cd4
13497074ns          222294 1c00825e 0049a70b p.lw             x14, 4(x19!)        x14=00007dad x19=1c000d14 x19:1c000d10  PA:1c000d10
13497392ns          222310 1c008262 00e7965b p.macu           x12, x15, x14       x12=bf30d85a x15:00007365 x14:00007dad x12:868a8c19
13497412ns          222311 1c008266 0049268b p.lw             x13, 4(x18!)        x13=bf30d85a x18=1c000d8c x18:1c000d88  PA:1c000d88
13497710ns          222326 1c00826a 024a8593 addi             x11, x21, 36        x11=1c000024 x21:1c000000
13497730ns          222327 1c00826e 00800533 add              x10, x0, x8         x10=100007b0  x8:100007b0
13497750ns          222328 1c008270 1d3010ef jal              x1, 6610             x1=1c008274
13497810ns          222331 1c009c42 00d60a63 beq              x12, x13, 20        x12:bf30d85a x13:bf30d85a
13497869ns          222334 1c009c56 00008067 jalr             x0, x1, 0            x1:1c008274
13497909ns          222336 1c008274 ff6491e3 bne              x9, x22, -30         x9:1c000d50 x22:1c000d74
13497989ns          222340 1c008256 0044a60b p.lw             x12, 4(x9!)         x12=4ad8ae92  x9=1c000d54  x9:1c000d50  PA:1c000d50
13498307ns          222356 1c00825a 004a278b p.lw             x15, 4(x20!)        x15=00000a94 x20=1c000cdc x20:1c000cd8  PA:1c000cd8
13498605ns          222371 1c00825e 0049a70b p.lw             x14, 4(x19!)        x14=000060f3 x19=1c000d18 x19:1c000d14  PA:1c000d14
13498923ns          222387 1c008262 00e7965b p.macu           x12, x15, x14       x12=4eda390e x15:00000a94 x14:000060f3 x12:4ad8ae92
13498943ns          222388 1c008266 0049268b p.lw             x13, 4(x18!)        x13=4eda390e x18=1c000d90 x18:1c000d8c  PA:1c000d8c
13499262ns          222404 1c00826a 024a8593 addi             x11, x21, 36        x11=1c000024 x21:1c000000
13499281ns          222405 1c00826e 00800533 add              x10, x0, x8         x10=100007b0  x8:100007b0
13499301ns          222406 1c008270 1d3010ef jal              x1, 6610             x1=1c008274
13499361ns          222409 1c009c42 00d60a63 beq              x12, x13, 20        x12:4eda390e x13:4eda390e
13499421ns          222412 1c009c56 00008067 jalr             x0, x1, 0            x1:1c008274
13499460ns          222414 1c008274 ff6491e3 bne              x9, x22, -30         x9:1c000d54 x22:1c000d74
13499540ns          222418 1c008256 0044a60b p.lw             x12, 4(x9!)         x12=9aefb69e  x9=1c000d58  x9:1c000d54  PA:1c000d54
13499838ns          222433 1c00825a 004a278b p.lw             x15, 4(x20!)        x15=00009321 x20=1c000ce0 x20:1c000cdc  PA:1c000cdc
13500137ns          222448 1c00825e 0049a70b p.lw             x14, 4(x19!)        x14=00007c3a x19=1c000d1c x19:1c000d18  PA:1c000d18
13500455ns          222464 1c008262 00e7965b p.macu           x12, x15, x14       x12=e2550818 x15:00009321 x14:00007c3a x12:9aefb69e
13500475ns          222465 1c008266 0049268b p.lw             x13, 4(x18!)        x13=e2550818 x18=1c000d94 x18:1c000d90  PA:1c000d90
13500773ns          222480 1c00826a 024a8593 addi             x11, x21, 36        x11=1c000024 x21:1c000000
13500793ns          222481 1c00826e 00800533 add              x10, x0, x8         x10=100007b0  x8:100007b0
13500813ns          222482 1c008270 1d3010ef jal              x1, 6610             x1=1c008274
13500873ns          222485 1c009c42 00d60a63 beq              x12, x13, 20        x12:e2550818 x13:e2550818
13500932ns          222488 1c009c56 00008067 jalr             x0, x1, 0            x1:1c008274
13500972ns          222490 1c008274 ff6491e3 bne              x9, x22, -30         x9:1c000d58 x22:1c000d74
13501052ns          222494 1c008256 0044a60b p.lw             x12, 4(x9!)         x12=c1a9e7a3  x9=1c000d5c  x9:1c000d58  PA:1c000d58
13501350ns          222509 1c00825a 004a278b p.lw             x15, 4(x20!)        x15=0000ba65 x20=1c000ce4 x20:1c000ce0  PA:1c000ce0
13501648ns          222524 1c00825e 0049a70b p.lw             x14, 4(x19!)        x14=0000f7fe x19=1c000d20 x19:1c000d1c  PA:1c000d1c
13501967ns          222540 1c008262 00e7965b p.macu           x12, x15, x14       x12=763a4ad9 x15:0000ba65 x14:0000f7fe x12:c1a9e7a3
13501987ns          222541 1c008266 0049268b p.lw             x13, 4(x18!)        x13=763a4ad9 x18=1c000d98 x18:1c000d94  PA:1c000d94
13502305ns          222557 1c00826a 024a8593 addi             x11, x21, 36        x11=1c000024 x21:1c000000
13502325ns          222558 1c00826e 00800533 add              x10, x0, x8         x10=100007b0  x8:100007b0
13502345ns          222559 1c008270 1d3010ef jal              x1, 6610             x1=1c008274
13502404ns          222562 1c009c42 00d60a63 beq              x12, x13, 20        x12:763a4ad9 x13:763a4ad9
13502464ns          222565 1c009c56 00008067 jalr             x0, x1, 0            x1:1c008274
13502504ns          222567 1c008274 ff6491e3 bne              x9, x22, -30         x9:1c000d5c x22:1c000d74
13502583ns          222571 1c008256 0044a60b p.lw             x12, 4(x9!)         x12=a350d23d  x9=1c000d60  x9:1c000d5c  PA:1c000d5c
13502902ns          222587 1c00825a 004a278b p.lw             x15, 4(x20!)        x15=00002ec1 x20=1c000ce8 x20:1c000ce4  PA:1c000ce4
13503200ns          222602 1c00825e 0049a70b p.lw             x14, 4(x19!)        x14=00004b7f x19=1c000d24 x19:1c000d20  PA:1c000d20
13503518ns          222618 1c008262 00e7965b p.macu           x12, x15, x14       x12=b11a8efc x15:00002ec1 x14:00004b7f x12:a350d23d
13503538ns          222619 1c008266 0049268b p.lw             x13, 4(x18!)        x13=b11a8efc x18=1c000d9c x18:1c000d98  PA:1c000d98
13503836ns          222634 1c00826a 024a8593 addi             x11, x21, 36        x11=1c000024 x21:1c000000
13503856ns          222635 1c00826e 00800533 add              x10, x0, x8         x10=100007b0  x8:100007b0
13503876ns          222636 1c008270 1d3010ef jal              x1, 6610             x1=1c008274
13503936ns          222639 1c009c42 00d60a63 beq              x12, x13, 20        x12:b11a8efc x13:b11a8efc
13503996ns          222642 1c009c56 00008067 jalr             x0, x1, 0            x1:1c008274
13504035ns          222644 1c008274 ff6491e3 bne              x9, x22, -30         x9:1c000d60 x22:1c000d74
13504115ns          222648 1c008256 0044a60b p.lw             x12, 4(x9!)         x12=4765e2ea  x9=1c000d64  x9:1c000d60  PA:1c000d60
13504413ns          222663 1c00825a 004a278b p.lw             x15, 4(x20!)        x15=000078df x20=1c000cec x20:1c000ce8  PA:1c000ce8
13504712ns          222678 1c00825e 0049a70b p.lw             x14, 4(x19!)        x14=00004049 x19=1c000d28 x19:1c000d24  PA:1c000d24
13505050ns          222695 1c008262 00e7965b p.macu           x12, x15, x14       x12=65c01a81 x15:000078df x14:00004049 x12:4765e2ea
13505070ns          222696 1c008266 0049268b p.lw             x13, 4(x18!)        x13=65c01a81 x18=1c000da0 x18:1c000d9c  PA:1c000d9c
13505368ns          222711 1c00826a 024a8593 addi             x11, x21, 36        x11=1c000024 x21:1c000000
13505388ns          222712 1c00826e 00800533 add              x10, x0, x8         x10=100007b0  x8:100007b0
13505408ns          222713 1c008270 1d3010ef jal              x1, 6610             x1=1c008274
13505467ns          222716 1c009c42 00d60a63 beq              x12, x13, 20        x12:65c01a81 x13:65c01a81
13505527ns          222719 1c009c56 00008067 jalr             x0, x1, 0            x1:1c008274
13505567ns          222721 1c008274 ff6491e3 bne              x9, x22, -30         x9:1c000d64 x22:1c000d74
13505646ns          222725 1c008256 0044a60b p.lw             x12, 4(x9!)         x12=ebd5d686  x9=1c000d68  x9:1c000d64  PA:1c000d64
13505945ns          222740 1c00825a 004a278b p.lw             x15, 4(x20!)        x15=00003e38 x20=1c000cf0 x20:1c000cec  PA:1c000cec
13506263ns          222756 1c00825e 0049a70b p.lw             x14, 4(x19!)        x14=0000dc22 x19=1c000d2c x19:1c000d28  PA:1c000d28
13506581ns          222772 1c008262 00e7965b p.macu           x12, x15, x14       x12=215639f6 x15:00003e38 x14:0000dc22 x12:ebd5d686
13506601ns          222773 1c008266 0049268b p.lw             x13, 4(x18!)        x13=215639f6 x18=1c000da4 x18:1c000da0  PA:1c000da0
13506900ns          222788 1c00826a 024a8593 addi             x11, x21, 36        x11=1c000024 x21:1c000000
13506919ns          222789 1c00826e 00800533 add              x10, x0, x8         x10=100007b0  x8:100007b0
13506939ns          222790 1c008270 1d3010ef jal              x1, 6610             x1=1c008274
13506999ns          222793 1c009c42 00d60a63 beq              x12, x13, 20        x12:215639f6 x13:215639f6
13507059ns          222796 1c009c56 00008067 jalr             x0, x1, 0            x1:1c008274
13507099ns          222798 1c008274 ff6491e3 bne              x9, x22, -30         x9:1c000d68 x22:1c000d74
13507178ns          222802 1c008256 0044a60b p.lw             x12, 4(x9!)         x12=38ef399e  x9=1c000d6c  x9:1c000d68  PA:1c000d68
13507476ns          222817 1c00825a 004a278b p.lw             x15, 4(x20!)        x15=0000d6e5 x20=1c000cf4 x20:1c000cf0  PA:1c000cf0
13507775ns          222832 1c00825e 0049a70b p.lw             x14, 4(x19!)        x14=00005f4f x19=1c000d30 x19:1c000d2c  PA:1c000d2c
13508093ns          222848 1c008262 00e7965b p.macu           x12, x15, x14       x12=88f08549 x15:0000d6e5 x14:00005f4f x12:38ef399e
13508113ns          222849 1c008266 0049268b p.lw             x13, 4(x18!)        x13=88f08549 x18=1c000da8 x18:1c000da4  PA:1c000da4
13508411ns          222864 1c00826a 024a8593 addi             x11, x21, 36        x11=1c000024 x21:1c000000
13508431ns          222865 1c00826e 00800533 add              x10, x0, x8         x10=100007b0  x8:100007b0
13508451ns          222866 1c008270 1d3010ef jal              x1, 6610             x1=1c008274
13508511ns          222869 1c009c42 00d60a63 beq              x12, x13, 20        x12:88f08549 x13:88f08549
13508570ns          222872 1c009c56 00008067 jalr             x0, x1, 0            x1:1c008274
13508610ns          222874 1c008274 ff6491e3 bne              x9, x22, -30         x9:1c000d6c x22:1c000d74
13508690ns          222878 1c008256 0044a60b p.lw             x12, 4(x9!)         x12=e0fb5613  x9=1c000d70  x9:1c000d6c  PA:1c000d6c
13508988ns          222893 1c00825a 004a278b p.lw             x15, 4(x20!)        x15=0000ceac x20=1c000cf8 x20:1c000cf4  PA:1c000cf4
13509286ns          222908 1c00825e 0049a70b p.lw             x14, 4(x19!)        x14=00002f6f x19=1c000d34 x19:1c000d30  PA:1c000d30
13509605ns          222924 1c008262 00e7965b p.macu           x12, x15, x14       x12=074686a7 x15:0000ceac x14:00002f6f x12:e0fb5613
13509625ns          222925 1c008266 0049268b p.lw             x13, 4(x18!)        x13=074686a7 x18=1c000dac x18:1c000da8  PA:1c000da8
13509923ns          222940 1c00826a 024a8593 addi             x11, x21, 36        x11=1c000024 x21:1c000000
13509943ns          222941 1c00826e 00800533 add              x10, x0, x8         x10=100007b0  x8:100007b0
13509963ns          222942 1c008270 1d3010ef jal              x1, 6610             x1=1c008274
13510022ns          222945 1c009c42 00d60a63 beq              x12, x13, 20        x12:074686a7 x13:074686a7
13510082ns          222948 1c009c56 00008067 jalr             x0, x1, 0            x1:1c008274
13510122ns          222950 1c008274 ff6491e3 bne              x9, x22, -30         x9:1c000d70 x22:1c000d74
13510201ns          222954 1c008256 0044a60b p.lw             x12, 4(x9!)         x12=814261fd  x9=1c000d74  x9:1c000d70  PA:1c000d70
13510500ns          222969 1c00825a 004a278b p.lw             x15, 4(x20!)        x15=000002a9 x20=1c000cfc x20:1c000cf8  PA:1c000cf8
13510798ns          222984 1c00825e 0049a70b p.lw             x14, 4(x19!)        x14=0000ee3e x19=1c000d38 x19:1c000d34  PA:1c000d34
13511116ns          223000 1c008262 00e7965b p.macu           x12, x15, x14       x12=83bc24eb x15:000002a9 x14:0000ee3e x12:814261fd
13511136ns          223001 1c008266 0049268b p.lw             x13, 4(x18!)        x13=83bc24eb x18=1c000db0 x18:1c000dac  PA:1c000dac
13511435ns          223016 1c00826a 024a8593 addi             x11, x21, 36        x11=1c000024 x21:1c000000
13511455ns          223017 1c00826e 00800533 add              x10, x0, x8         x10=100007b0  x8:100007b0
13511474ns          223018 1c008270 1d3010ef jal              x1, 6610             x1=1c008274
13511534ns          223021 1c009c42 00d60a63 beq              x12, x13, 20        x12:83bc24eb x13:83bc24eb
13511594ns          223024 1c009c56 00008067 jalr             x0, x1, 0            x1:1c008274
13511634ns          223026 1c008274 ff6491e3 bne              x9, x22, -30         x9:1c000d74 x22:1c000d74
13511653ns          223027 1c008278 1c0014b7 lui              x9, 0x1c001000       x9=1c001000
13511673ns          223028 1c00827c c4848493 addi             x9, x9, -952         x9=1c000c48  x9:1c001000
13512111ns          223050 1c008280 1c001a37 lui              x20, 0x1c001000     x20=1c001000
13512151ns          223052 1c008284 1c0019b7 lui              x19, 0x1c001000     x19=1c001000
13512171ns          223053 1c008288 1c001937 lui              x18, 0x1c001000     x18=1c001000
13512191ns          223054 1c00828c bd0a0a13 addi             x20, x20, -1072     x20=1c000bd0 x20:1c001000
13512628ns          223076 1c008290 c0c98993 addi             x19, x19, -1012     x19=1c000c0c x19:1c001000
13512668ns          223078 1c008294 c8490913 addi             x18, x18, -892      x18=1c000c84 x18:1c001000
13512688ns          223079 1c008298 03c48b13 addi             x22, x9, 60         x22=1c000c84  x9:1c000c48
13512708ns          223080 1c00829c 1c000ab7 lui              x21, 0x1c000000     x21=1c000000
13513145ns          223102 1c0082a0 0044a60b p.lw             x12, 4(x9!)         x12=d03dbe86  x9=1c000c4c  x9:1c000c48  PA:1c000c48
13513464ns          223118 1c0082a4 004a278b p.lw             x15, 4(x20!)        x15=3d08d7b0 x20=1c000bd4 x20:1c000bd0  PA:1c000bd0
13513762ns          223133 1c0082a8 0049a70b p.lw             x14, 4(x19!)        x14=68776412 x19=1c000c10 x19:1c000c0c  PA:1c000c0c
13514080ns          223149 1c0082ac 40e7965b p.machhu         x12, x15, x14       x12=e9255d3e x15:3d08d7b0 x14:68776412 x12:d03dbe86
13514100ns          223150 1c0082b0 0049268b p.lw             x13, 4(x18!)        x13=e9255d3e x18=1c000c88 x18:1c000c84  PA:1c000c84
13514398ns          223165 1c0082b4 02ca8593 addi             x11, x21, 44        x11=1c00002c x21:1c000000
13514418ns          223166 1c0082b8 00800533 add              x10, x0, x8         x10=100007b0  x8:100007b0
13514438ns          223167 1c0082ba 189010ef jal              x1, 6536             x1=1c0082be
13514637ns          223177 1c009c42 00d60a63 beq              x12, x13, 20        x12:e9255d3e x13:e9255d3e
13514697ns          223180 1c009c56 00008067 jalr             x0, x1, 0            x1:1c0082be
13514756ns          223183 1c0082be ff6491e3 bne              x9, x22, -30         x9:1c000c4c x22:1c000c84
13514816ns          223186 1c0082a0 0044a60b p.lw             x12, 4(x9!)         x12=fab640e9  x9=1c000c50  x9:1c000c4c  PA:1c000c4c
13515114ns          223201 1c0082a4 004a278b p.lw             x15, 4(x20!)        x15=df3fd4e2 x20=1c000bd8 x20:1c000bd4  PA:1c000bd4
13515413ns          223216 1c0082a8 0049a70b p.lw             x14, 4(x19!)        x14=cf2d701a x19=1c000c14 x19:1c000c10  PA:1c000c10
13515731ns          223232 1c0082ac 40e7965b p.machhu         x12, x15, x14       x12=af616ffc x15:df3fd4e2 x14:cf2d701a x12:fab640e9
13515751ns          223233 1c0082b0 0049268b p.lw             x13, 4(x18!)        x13=af616ffc x18=1c000c8c x18:1c000c88  PA:1c000c88
13516049ns          223248 1c0082b4 02ca8593 addi             x11, x21, 44        x11=1c00002c x21:1c000000
13516069ns          223249 1c0082b8 00800533 add              x10, x0, x8         x10=100007b0  x8:100007b0
13516089ns          223250 1c0082ba 189010ef jal              x1, 6536             x1=1c0082be
13516149ns          223253 1c009c42 00d60a63 beq              x12, x13, 20        x12:af616ffc x13:af616ffc
13516208ns          223256 1c009c56 00008067 jalr             x0, x1, 0            x1:1c0082be
13516268ns          223259 1c0082be ff6491e3 bne              x9, x22, -30         x9:1c000c50 x22:1c000c84
13516328ns          223262 1c0082a0 0044a60b p.lw             x12, 4(x9!)         x12=00f8e5a3  x9=1c000c54  x9:1c000c50  PA:1c000c50
13516626ns          223277 1c0082a4 004a278b p.lw             x15, 4(x20!)        x15=cab43bb3 x20=1c000bdc x20:1c000bd8  PA:1c000bd8
13516944ns          223293 1c0082a8 0049a70b p.lw             x14, 4(x19!)        x14=c1aaaaba x19=1c000c18 x19:1c000c14  PA:1c000c14
13517263ns          223309 1c0082ac 40e7965b p.machhu         x12, x15, x14       x12=9a51352b x15:cab43bb3 x14:c1aaaaba x12:00f8e5a3
13517283ns          223310 1c0082b0 0049268b p.lw             x13, 4(x18!)        x13=9a51352b x18=1c000c90 x18:1c000c8c  PA:1c000c8c
13517601ns          223326 1c0082b4 02ca8593 addi             x11, x21, 44        x11=1c00002c x21:1c000000
13517621ns          223327 1c0082b8 00800533 add              x10, x0, x8         x10=100007b0  x8:100007b0
13517641ns          223328 1c0082ba 189010ef jal              x1, 6536             x1=1c0082be
13517700ns          223331 1c009c42 00d60a63 beq              x12, x13, 20        x12:9a51352b x13:9a51352b
13517760ns          223334 1c009c56 00008067 jalr             x0, x1, 0            x1:1c0082be
13517820ns          223337 1c0082be ff6491e3 bne              x9, x22, -30         x9:1c000c54 x22:1c000c84
13517879ns          223340 1c0082a0 0044a60b p.lw             x12, 4(x9!)         x12=e0a9db5d  x9=1c000c58  x9:1c000c54  PA:1c000c54
13518217ns          223357 1c0082a4 004a278b p.lw             x15, 4(x20!)        x15=2e846e62 x20=1c000be0 x20:1c000bdc  PA:1c000bdc
13518516ns          223372 1c0082a8 0049a70b p.lw             x14, 4(x19!)        x14=798b114b x19=1c000c1c x19:1c000c18  PA:1c000c18
13518834ns          223388 1c0082ac 40e7965b p.machhu         x12, x15, x14       x12=f6bf8109 x15:2e846e62 x14:798b114b x12:e0a9db5d
13518854ns          223389 1c0082b0 0049268b p.lw             x13, 4(x18!)        x13=f6bf8109 x18=1c000c94 x18:1c000c90  PA:1c000c90
13519152ns          223404 1c0082b4 02ca8593 addi             x11, x21, 44        x11=1c00002c x21:1c000000
13519172ns          223405 1c0082b8 00800533 add              x10, x0, x8         x10=100007b0  x8:100007b0
13519192ns          223406 1c0082ba 189010ef jal              x1, 6536             x1=1c0082be
13519252ns          223409 1c009c42 00d60a63 beq              x12, x13, 20        x12:f6bf8109 x13:f6bf8109
13519311ns          223412 1c009c56 00008067 jalr             x0, x1, 0            x1:1c0082be
13519371ns          223415 1c0082be ff6491e3 bne              x9, x22, -30         x9:1c000c58 x22:1c000c84
13519431ns          223418 1c0082a0 0044a60b p.lw             x12, 4(x9!)         x12=32e73029  x9=1c000c5c  x9:1c000c58  PA:1c000c58
13519729ns          223433 1c0082a4 004a278b p.lw             x15, 4(x20!)        x15=00525981 x20=1c000be4 x20:1c000be0  PA:1c000be0
13520028ns          223448 1c0082a8 0049a70b p.lw             x14, 4(x19!)        x14=f4296387 x19=1c000c20 x19:1c000c1c  PA:1c000c1c
13520346ns          223464 1c0082ac 40e7965b p.machhu         x12, x15, x14       x12=3335654b x15:00525981 x14:f4296387 x12:32e73029
13520366ns          223465 1c0082b0 0049268b p.lw             x13, 4(x18!)        x13=3335654b x18=1c000c98 x18:1c000c94  PA:1c000c94
13520664ns          223480 1c0082b4 02ca8593 addi             x11, x21, 44        x11=1c00002c x21:1c000000
13520684ns          223481 1c0082b8 00800533 add              x10, x0, x8         x10=100007b0  x8:100007b0
13520704ns          223482 1c0082ba 189010ef jal              x1, 6536             x1=1c0082be
13520763ns          223485 1c009c42 00d60a63 beq              x12, x13, 20        x12:3335654b x13:3335654b
13520823ns          223488 1c009c56 00008067 jalr             x0, x1, 0            x1:1c0082be
13520883ns          223491 1c0082be ff6491e3 bne              x9, x22, -30         x9:1c000c5c x22:1c000c84
13520942ns          223494 1c0082a0 0044a60b p.lw             x12, 4(x9!)         x12=6f0b7354  x9=1c000c60  x9:1c000c5c  PA:1c000c5c
13521241ns          223509 1c0082a4 004a278b p.lw             x15, 4(x20!)        x15=8946c52a x20=1c000be8 x20:1c000be4  PA:1c000be4
13521539ns          223524 1c0082a8 0049a70b p.lw             x14, 4(x19!)        x14=4f90ea27 x19=1c000c24 x19:1c000c20  PA:1c000c20
13521857ns          223540 1c0082ac 40e7965b p.machhu         x12, x15, x14       x12=99b544b4 x15:8946c52a x14:4f90ea27 x12:6f0b7354
13521877ns          223541 1c0082b0 0049268b p.lw             x13, 4(x18!)        x13=99b544b4 x18=1c000c9c x18:1c000c98  PA:1c000c98
13522196ns          223557 1c0082b4 02ca8593 addi             x11, x21, 44        x11=1c00002c x21:1c000000
13522215ns          223558 1c0082b8 00800533 add              x10, x0, x8         x10=100007b0  x8:100007b0
13522235ns          223559 1c0082ba 189010ef jal              x1, 6536             x1=1c0082be
13522295ns          223562 1c009c42 00d60a63 beq              x12, x13, 20        x12:99b544b4 x13:99b544b4
13522355ns          223565 1c009c56 00008067 jalr             x0, x1, 0            x1:1c0082be
13522414ns          223568 1c0082be ff6491e3 bne              x9, x22, -30         x9:1c000c60 x22:1c000c84
13522474ns          223571 1c0082a0 0044a60b p.lw             x12, 4(x9!)         x12=6ef4b403  x9=1c000c64  x9:1c000c60  PA:1c000c60
13522772ns          223586 1c0082a4 004a278b p.lw             x15, 4(x20!)        x15=599d8746 x20=1c000bec x20:1c000be8  PA:1c000be8
13523071ns          223601 1c0082a8 0049a70b p.lw             x14, 4(x19!)        x14=43ff8741 x19=1c000c28 x19:1c000c24  PA:1c000c24
13523389ns          223617 1c0082ac 40e7965b p.machhu         x12, x15, x14       x12=86c20e66 x15:599d8746 x14:43ff8741 x12:6ef4b403
13523409ns          223618 1c0082b0 0049268b p.lw             x13, 4(x18!)        x13=86c20e66 x18=1c000ca0 x18:1c000c9c  PA:1c000c9c
13523707ns          223633 1c0082b4 02ca8593 addi             x11, x21, 44        x11=1c00002c x21:1c000000
13523727ns          223634 1c0082b8 00800533 add              x10, x0, x8         x10=100007b0  x8:100007b0
13523747ns          223635 1c0082ba 189010ef jal              x1, 6536             x1=1c0082be
13523807ns          223638 1c009c42 00d60a63 beq              x12, x13, 20        x12:86c20e66 x13:86c20e66
13523866ns          223641 1c009c56 00008067 jalr             x0, x1, 0            x1:1c0082be
13523926ns          223644 1c0082be ff6491e3 bne              x9, x22, -30         x9:1c000c64 x22:1c000c84
13523986ns          223647 1c0082a0 0044a60b p.lw             x12, 4(x9!)         x12=df75a7b5  x9=1c000c68  x9:1c000c64  PA:1c000c64
13524284ns          223662 1c0082a4 004a278b p.lw             x15, 4(x20!)        x15=df5987a4 x20=1c000bf0 x20:1c000bec  PA:1c000bec
13524582ns          223677 1c0082a8 0049a70b p.lw             x14, 4(x19!)        x14=8639a3c4 x19=1c000c2c x19:1c000c28  PA:1c000c28
13524921ns          223694 1c0082ac 40e7965b p.machhu         x12, x15, x14       x12=548ff886 x15:df5987a4 x14:8639a3c4 x12:df75a7b5
13524941ns          223695 1c0082b0 0049268b p.lw             x13, 4(x18!)        x13=548ff886 x18=1c000ca4 x18:1c000ca0  PA:1c000ca0
13525239ns          223710 1c0082b4 02ca8593 addi             x11, x21, 44        x11=1c00002c x21:1c000000
13525259ns          223711 1c0082b8 00800533 add              x10, x0, x8         x10=100007b0  x8:100007b0
13525279ns          223712 1c0082ba 189010ef jal              x1, 6536             x1=1c0082be
13525338ns          223715 1c009c42 00d60a63 beq              x12, x13, 20        x12:548ff886 x13:548ff886
13525398ns          223718 1c009c56 00008067 jalr             x0, x1, 0            x1:1c0082be
13525458ns          223721 1c0082be ff6491e3 bne              x9, x22, -30         x9:1c000c68 x22:1c000c84
13525517ns          223724 1c0082a0 0044a60b p.lw             x12, 4(x9!)         x12=1d57cb27  x9=1c000c6c  x9:1c000c68  PA:1c000c68
13525816ns          223739 1c0082a4 004a278b p.lw             x15, 4(x20!)        x15=b0dc24a9 x20=1c000bf4 x20:1c000bf0  PA:1c000bf0
13526114ns          223754 1c0082a8 0049a70b p.lw             x14, 4(x19!)        x14=6293ab39 x19=1c000c30 x19:1c000c2c  PA:1c000c2c
13526432ns          223770 1c0082ac 40e7965b p.machhu         x12, x15, x14       x12=6171917b x15:b0dc24a9 x14:6293ab39 x12:1d57cb27
13526452ns          223771 1c0082b0 0049268b p.lw             x13, 4(x18!)        x13=6171917b x18=1c000ca8 x18:1c000ca4  PA:1c000ca4
13526751ns          223786 1c0082b4 02ca8593 addi             x11, x21, 44        x11=1c00002c x21:1c000000
13526770ns          223787 1c0082b8 00800533 add              x10, x0, x8         x10=100007b0  x8:100007b0
13526790ns          223788 1c0082ba 189010ef jal              x1, 6536             x1=1c0082be
13526850ns          223791 1c009c42 00d60a63 beq              x12, x13, 20        x12:6171917b x13:6171917b
13526910ns          223794 1c009c56 00008067 jalr             x0, x1, 0            x1:1c0082be
13526969ns          223797 1c0082be ff6491e3 bne              x9, x22, -30         x9:1c000c6c x22:1c000c84
13527029ns          223800 1c0082a0 0044a60b p.lw             x12, 4(x9!)         x12=495800be  x9=1c000c70  x9:1c000c6c  PA:1c000c6c
13527327ns          223815 1c0082a4 004a278b p.lw             x15, 4(x20!)        x15=6501b739 x20=1c000bf8 x20:1c000bf4  PA:1c000bf4
13527626ns          223830 1c0082a8 0049a70b p.lw             x14, 4(x19!)        x14=b79ca388 x19=1c000c34 x19:1c000c30  PA:1c000c30
13527944ns          223846 1c0082ac 40e7965b p.machhu         x12, x15, x14       x12=91c9445a x15:6501b739 x14:b79ca388 x12:495800be
13527964ns          223847 1c0082b0 0049268b p.lw             x13, 4(x18!)        x13=91c9445a x18=1c000cac x18:1c000ca8  PA:1c000ca8
13528262ns          223862 1c0082b4 02ca8593 addi             x11, x21, 44        x11=1c00002c x21:1c000000
13528282ns          223863 1c0082b8 00800533 add              x10, x0, x8         x10=100007b0  x8:100007b0
13528302ns          223864 1c0082ba 189010ef jal              x1, 6536             x1=1c0082be
13528362ns          223867 1c009c42 00d60a63 beq              x12, x13, 20        x12:91c9445a x13:91c9445a
13528421ns          223870 1c009c56 00008067 jalr             x0, x1, 0            x1:1c0082be
13528481ns          223873 1c0082be ff6491e3 bne              x9, x22, -30         x9:1c000c70 x22:1c000c84
13528541ns          223876 1c0082a0 0044a60b p.lw             x12, 4(x9!)         x12=b0cfaaff  x9=1c000c74  x9:1c000c70  PA:1c000c70
13528859ns          223892 1c0082a4 004a278b p.lw             x15, 4(x20!)        x15=5bf91427 x20=1c000bfc x20:1c000bf8  PA:1c000bf8
13529157ns          223907 1c0082a8 0049a70b p.lw             x14, 4(x19!)        x14=d353cb73 x19=1c000c38 x19:1c000c34  PA:1c000c34
13529476ns          223923 1c0082ac 40e7965b p.machhu         x12, x15, x14       x12=fcbbb7ba x15:5bf91427 x14:d353cb73 x12:b0cfaaff
13529496ns          223924 1c0082b0 0049268b p.lw             x13, 4(x18!)        x13=fcbbb7ba x18=1c000cb0 x18:1c000cac  PA:1c000cac
13529814ns          223940 1c0082b4 02ca8593 addi             x11, x21, 44        x11=1c00002c x21:1c000000
13529834ns          223941 1c0082b8 00800533 add              x10, x0, x8         x10=100007b0  x8:100007b0
13529854ns          223942 1c0082ba 189010ef jal              x1, 6536             x1=1c0082be
13529913ns          223945 1c009c42 00d60a63 beq              x12, x13, 20        x12:fcbbb7ba x13:fcbbb7ba
13529973ns          223948 1c009c56 00008067 jalr             x0, x1, 0            x1:1c0082be
13530033ns          223951 1c0082be ff6491e3 bne              x9, x22, -30         x9:1c000c74 x22:1c000c84
13530092ns          223954 1c0082a0 0044a60b p.lw             x12, 4(x9!)         x12=c6e57eb5  x9=1c000c78  x9:1c000c74  PA:1c000c74
13530391ns          223969 1c0082a4 004a278b p.lw             x15, 4(x20!)        x15=7d0d15f4 x20=1c000c00 x20:1c000bfc  PA:1c000bfc
13530689ns          223984 1c0082a8 0049a70b p.lw             x14, 4(x19!)        x14=b6447509 x19=1c000c3c x19:1c000c38  PA:1c000c38
13531007ns          224000 1c0082ac 40e7965b p.machhu         x12, x15, x14       x12=1fedf429 x15:7d0d15f4 x14:b6447509 x12:c6e57eb5
13531027ns          224001 1c0082b0 0049268b p.lw             x13, 4(x18!)        x13=1fedf429 x18=1c000cb4 x18:1c000cb0  PA:1c000cb0
13531325ns          224016 1c0082b4 02ca8593 addi             x11, x21, 44        x11=1c00002c x21:1c000000
13531345ns          224017 1c0082b8 00800533 add              x10, x0, x8         x10=100007b0  x8:100007b0
13531365ns          224018 1c0082ba 189010ef jal              x1, 6536             x1=1c0082be
13531425ns          224021 1c009c42 00d60a63 beq              x12, x13, 20        x12:1fedf429 x13:1fedf429
13531485ns          224024 1c009c56 00008067 jalr             x0, x1, 0            x1:1c0082be
13531544ns          224027 1c0082be ff6491e3 bne              x9, x22, -30         x9:1c000c78 x22:1c000c84
13531604ns          224030 1c0082a0 0044a60b p.lw             x12, 4(x9!)         x12=40de7595  x9=1c000c7c  x9:1c000c78  PA:1c000c78
13531902ns          224045 1c0082a4 004a278b p.lw             x15, 4(x20!)        x15=e6d64a42 x20=1c000c04 x20:1c000c00  PA:1c000c00
13532201ns          224060 1c0082a8 0049a70b p.lw             x14, 4(x19!)        x14=43366411 x19=1c000c40 x19:1c000c3c  PA:1c000c3c
13532519ns          224076 1c0082ac 40e7965b p.machhu         x12, x15, x14       x12=7d7928b9 x15:e6d64a42 x14:43366411 x12:40de7595
13532539ns          224077 1c0082b0 0049268b p.lw             x13, 4(x18!)        x13=7d7928b9 x18=1c000cb8 x18:1c000cb4  PA:1c000cb4
13532857ns          224093 1c0082b4 02ca8593 addi             x11, x21, 44        x11=1c00002c x21:1c000000
13532877ns          224094 1c0082b8 00800533 add              x10, x0, x8         x10=100007b0  x8:100007b0
13532897ns          224095 1c0082ba 189010ef jal              x1, 6536             x1=1c0082be
13532956ns          224098 1c009c42 00d60a63 beq              x12, x13, 20        x12:7d7928b9 x13:7d7928b9
13533016ns          224101 1c009c56 00008067 jalr             x0, x1, 0            x1:1c0082be
13533076ns          224104 1c0082be ff6491e3 bne              x9, x22, -30         x9:1c000c7c x22:1c000c84
13533136ns          224107 1c0082a0 0044a60b p.lw             x12, 4(x9!)         x12=25f03d48  x9=1c000c80  x9:1c000c7c  PA:1c000c7c
13533454ns          224123 1c0082a4 004a278b p.lw             x15, 4(x20!)        x15=2aee6304 x20=1c000c08 x20:1c000c04  PA:1c000c04
13533752ns          224138 1c0082a8 0049a70b p.lw             x14, 4(x19!)        x14=1cc8880a x19=1c000c44 x19:1c000c40  PA:1c000c40
13534070ns          224154 1c0082ac 40e7965b p.machhu         x12, x15, x14       x12=2ac3cf38 x15:2aee6304 x14:1cc8880a x12:25f03d48
13534090ns          224155 1c0082b0 0049268b p.lw             x13, 4(x18!)        x13=2ac3cf38 x18=1c000cbc x18:1c000cb8  PA:1c000cb8
13534389ns          224170 1c0082b4 02ca8593 addi             x11, x21, 44        x11=1c00002c x21:1c000000
13534409ns          224171 1c0082b8 00800533 add              x10, x0, x8         x10=100007b0  x8:100007b0
13534428ns          224172 1c0082ba 189010ef jal              x1, 6536             x1=1c0082be
13534488ns          224175 1c009c42 00d60a63 beq              x12, x13, 20        x12:2ac3cf38 x13:2ac3cf38
13534548ns          224178 1c009c56 00008067 jalr             x0, x1, 0            x1:1c0082be
13534607ns          224181 1c0082be ff6491e3 bne              x9, x22, -30         x9:1c000c80 x22:1c000c84
13534667ns          224184 1c0082a0 0044a60b p.lw             x12, 4(x9!)         x12=153b4258  x9=1c000c84  x9:1c000c80  PA:1c000c80
13534965ns          224199 1c0082a4 004a278b p.lw             x15, 4(x20!)        x15=820874a0 x20=1c000c0c x20:1c000c08  PA:1c000c08
13535264ns          224214 1c0082a8 0049a70b p.lw             x14, 4(x19!)        x14=16ebdf79 x19=1c000c48 x19:1c000c44  PA:1c000c44
13535602ns          224231 1c0082ac 40e7965b p.machhu         x12, x15, x14       x12=20df4fb0 x15:820874a0 x14:16ebdf79 x12:153b4258
13535622ns          224232 1c0082b0 0049268b p.lw             x13, 4(x18!)        x13=20df4fb0 x18=1c000cc0 x18:1c000cbc  PA:1c000cbc
13535920ns          224247 1c0082b4 02ca8593 addi             x11, x21, 44        x11=1c00002c x21:1c000000
13535940ns          224248 1c0082b8 00800533 add              x10, x0, x8         x10=100007b0  x8:100007b0
13535960ns          224249 1c0082ba 189010ef jal              x1, 6536             x1=1c0082be
13536020ns          224252 1c009c42 00d60a63 beq              x12, x13, 20        x12:20df4fb0 x13:20df4fb0
13536079ns          224255 1c009c56 00008067 jalr             x0, x1, 0            x1:1c0082be
13536139ns          224258 1c0082be ff6491e3 bne              x9, x22, -30         x9:1c000c84 x22:1c000c84
13536159ns          224259 1c0082c2 1c0014b7 lui              x9, 0x1c001000       x9=1c001000
13536179ns          224260 1c0082c6 b5848493 addi             x9, x9, -1192        x9=1c000b58  x9:1c001000
13536199ns          224261 1c0082ca 1c001a37 lui              x20, 0x1c001000     x20=1c001000
13536636ns          224283 1c0082ce 1c0019b7 lui              x19, 0x1c001000     x19=1c001000
13536676ns          224285 1c0082d2 1c001937 lui              x18, 0x1c001000     x18=1c001000
13536696ns          224286 1c0082d6 ae0a0a13 addi             x20, x20, -1312     x20=1c000ae0 x20:1c001000
13536716ns          224287 1c0082da b1c98993 addi             x19, x19, -1252     x19=1c000b1c x19:1c001000
13537153ns          224309 1c0082de b9490913 addi             x18, x18, -1132     x18=1c000b94 x18:1c001000
13537193ns          224311 1c0082e2 03c48b13 addi             x22, x9, 60         x22=1c000b94  x9:1c000b58
13537213ns          224312 1c0082e6 1c000ab7 lui              x21, 0x1c000000     x21=1c000000
13537233ns          224313 1c0082ea 0044a60b p.lw             x12, 4(x9!)         x12=26d20530  x9=1c000b5c  x9:1c000b58  PA:1c000b58
13537690ns          224336 1c0082ee 004a278b p.lw             x15, 4(x20!)        x15=00004cf3 x20=1c000ae4 x20:1c000ae0  PA:1c000ae0
13537989ns          224351 1c0082f2 0049a70b p.lw             x14, 4(x19!)        x14=000022b4 x19=1c000b20 x19:1c000b1c  PA:1c000b1c
13538327ns          224368 1c0082f6 80e7965b p.macs           x12, x15, x14       x12=3140660c x15:00004cf3 x14:000022b4 x12:26d20530
13538347ns          224369 1c0082fa 0049268b p.lw             x13, 4(x18!)        x13=3140660c x18=1c000b98 x18:1c000b94  PA:1c000b94
13538645ns          224384 1c0082fe 038a8593 addi             x11, x21, 56        x11=1c000038 x21:1c000000
13538665ns          224385 1c008302 00800533 add              x10, x0, x8         x10=100007b0  x8:100007b0
13538685ns          224386 1c008304 13f010ef jal              x1, 6462             x1=1c008308
13538745ns          224389 1c009c42 00d60a63 beq              x12, x13, 20        x12:3140660c x13:3140660c
13538804ns          224392 1c009c56 00008067 jalr             x0, x1, 0            x1:1c008308
13538844ns          224394 1c008308 ff6491e3 bne              x9, x22, -30         x9:1c000b5c x22:1c000b94
13539361ns          224420 1c0082ea 0044a60b p.lw             x12, 4(x9!)         x12=e9b92e14  x9=1c000b60  x9:1c000b5c  PA:1c000b5c
13539660ns          224435 1c0082ee 004a278b p.lw             x15, 4(x20!)        x15=00000566 x20=1c000ae8 x20:1c000ae4  PA:1c000ae4
13539958ns          224450 1c0082f2 0049a70b p.lw             x14, 4(x19!)        x14=0000773d x19=1c000b24 x19:1c000b20  PA:1c000b20
13540276ns          224466 1c0082f6 80e7965b p.macs           x12, x15, x14       x12=ec3ce162 x15:00000566 x14:0000773d x12:e9b92e14
13540296ns          224467 1c0082fa 0049268b p.lw             x13, 4(x18!)        x13=ec3ce162 x18=1c000b9c x18:1c000b98  PA:1c000b98
13540614ns          224483 1c0082fe 038a8593 addi             x11, x21, 56        x11=1c000038 x21:1c000000
13540634ns          224484 1c008302 00800533 add              x10, x0, x8         x10=100007b0  x8:100007b0
13540654ns          224485 1c008304 13f010ef jal              x1, 6462             x1=1c008308
13540714ns          224488 1c009c42 00d60a63 beq              x12, x13, 20        x12:ec3ce162 x13:ec3ce162
13540774ns          224491 1c009c56 00008067 jalr             x0, x1, 0            x1:1c008308
13540813ns          224493 1c008308 ff6491e3 bne              x9, x22, -30         x9:1c000b60 x22:1c000b94
13540893ns          224497 1c0082ea 0044a60b p.lw             x12, 4(x9!)         x12=a25e5a7e  x9=1c000b64  x9:1c000b60  PA:1c000b60
13541191ns          224512 1c0082ee 004a278b p.lw             x15, 4(x20!)        x15=ffffb335 x20=1c000aec x20:1c000ae8  PA:1c000ae8
13541490ns          224527 1c0082f2 0049a70b p.lw             x14, 4(x19!)        x14=ffffd21b x19=1c000b28 x19:1c000b24  PA:1c000b24
13541808ns          224543 1c0082f6 80e7965b p.macs           x12, x15, x14       x12=b022bb15 x15:ffffb335 x14:ffffd21b x12:a25e5a7e
13541828ns          224544 1c0082fa 0049268b p.lw             x13, 4(x18!)        x13=b022bb15 x18=1c000ba0 x18:1c000b9c  PA:1c000b9c
13542146ns          224560 1c0082fe 038a8593 addi             x11, x21, 56        x11=1c000038 x21:1c000000
13542166ns          224561 1c008302 00800533 add              x10, x0, x8         x10=100007b0  x8:100007b0
13542186ns          224562 1c008304 13f010ef jal              x1, 6462             x1=1c008308
13542245ns          224565 1c009c42 00d60a63 beq              x12, x13, 20        x12:b022bb15 x13:b022bb15
13542305ns          224568 1c009c56 00008067 jalr             x0, x1, 0            x1:1c008308
13542345ns          224570 1c008308 ff6491e3 bne              x9, x22, -30         x9:1c000b64 x22:1c000b94
13542424ns          224574 1c0082ea 0044a60b p.lw             x12, 4(x9!)         x12=4fbb2865  x9=1c000b68  x9:1c000b64  PA:1c000b64
13542743ns          224590 1c0082ee 004a278b p.lw             x15, 4(x20!)        x15=00004152 x20=1c000af0 x20:1c000aec  PA:1c000aec
13543041ns          224605 1c0082f2 0049a70b p.lw             x14, 4(x19!)        x14=ffff97fb x19=1c000b2c x19:1c000b28  PA:1c000b28
13543359ns          224621 1c0082f6 80e7965b p.macs           x12, x15, x14       x12=353091cb x15:00004152 x14:ffff97fb x12:4fbb2865
13543379ns          224622 1c0082fa 0049268b p.lw             x13, 4(x18!)        x13=353091cb x18=1c000ba4 x18:1c000ba0  PA:1c000ba0
13543678ns          224637 1c0082fe 038a8593 addi             x11, x21, 56        x11=1c000038 x21:1c000000
13543697ns          224638 1c008302 00800533 add              x10, x0, x8         x10=100007b0  x8:100007b0
13543717ns          224639 1c008304 13f010ef jal              x1, 6462             x1=1c008308
13543777ns          224642 1c009c42 00d60a63 beq              x12, x13, 20        x12:353091cb x13:353091cb
13543837ns          224645 1c009c56 00008067 jalr             x0, x1, 0            x1:1c008308
13543877ns          224647 1c008308 ff6491e3 bne              x9, x22, -30         x9:1c000b68 x22:1c000b94
13543956ns          224651 1c0082ea 0044a60b p.lw             x12, 4(x9!)         x12=b49aeff8  x9=1c000b6c  x9:1c000b68  PA:1c000b68
13544254ns          224666 1c0082ee 004a278b p.lw             x15, 4(x20!)        x15=ffffe7af x20=1c000af4 x20:1c000af0  PA:1c000af0
13544553ns          224681 1c0082f2 0049a70b p.lw             x14, 4(x19!)        x14=00005e3e x19=1c000b30 x19:1c000b2c  PA:1c000b2c
13544891ns          224698 1c0082f6 80e7965b p.macs           x12, x15, x14       x12=aba74e5a x15:ffffe7af x14:00005e3e x12:b49aeff8
13544911ns          224699 1c0082fa 0049268b p.lw             x13, 4(x18!)        x13=aba74e5a x18=1c000ba8 x18:1c000ba4  PA:1c000ba4
13545209ns          224714 1c0082fe 038a8593 addi             x11, x21, 56        x11=1c000038 x21:1c000000
13545229ns          224715 1c008302 00800533 add              x10, x0, x8         x10=100007b0  x8:100007b0
13545249ns          224716 1c008304 13f010ef jal              x1, 6462             x1=1c008308
13545309ns          224719 1c009c42 00d60a63 beq              x12, x13, 20        x12:aba74e5a x13:aba74e5a
13545368ns          224722 1c009c56 00008067 jalr             x0, x1, 0            x1:1c008308
13545408ns          224724 1c008308 ff6491e3 bne              x9, x22, -30         x9:1c000b6c x22:1c000b94
13545488ns          224728 1c0082ea 0044a60b p.lw             x12, 4(x9!)         x12=fe264890  x9=1c000b70  x9:1c000b6c  PA:1c000b6c
13545786ns          224743 1c0082ee 004a278b p.lw             x15, 4(x20!)        x15=00007a2f x20=1c000af8 x20:1c000af4  PA:1c000af4
13546084ns          224758 1c0082f2 0049a70b p.lw             x14, 4(x19!)        x14=000044fd x19=1c000b34 x19:1c000b30  PA:1c000b30
13546403ns          224774 1c0082f6 80e7965b p.macs           x12, x15, x14       x12=1f138503 x15:00007a2f x14:000044fd x12:fe264890
13546423ns          224775 1c0082fa 0049268b p.lw             x13, 4(x18!)        x13=1f138503 x18=1c000bac x18:1c000ba8  PA:1c000ba8
13546721ns          224790 1c0082fe 038a8593 addi             x11, x21, 56        x11=1c000038 x21:1c000000
13546741ns          224791 1c008302 00800533 add              x10, x0, x8         x10=100007b0  x8:100007b0
13546761ns          224792 1c008304 13f010ef jal              x1, 6462             x1=1c008308
13546820ns          224795 1c009c42 00d60a63 beq              x12, x13, 20        x12:1f138503 x13:1f138503
13546880ns          224798 1c009c56 00008067 jalr             x0, x1, 0            x1:1c008308
13546920ns          224800 1c008308 ff6491e3 bne              x9, x22, -30         x9:1c000b70 x22:1c000b94
13546999ns          224804 1c0082ea 0044a60b p.lw             x12, 4(x9!)         x12=7b384f10  x9=1c000b74  x9:1c000b70  PA:1c000b70
13547298ns          224819 1c0082ee 004a278b p.lw             x15, 4(x20!)        x15=ffffbf31 x20=1c000afc x20:1c000af8  PA:1c000af8
13547596ns          224834 1c0082f2 0049a70b p.lw             x14, 4(x19!)        x14=00005a20 x19=1c000b38 x19:1c000b34  PA:1c000b34
13547914ns          224850 1c0082f6 80e7965b p.macs           x12, x15, x14       x12=64676f30 x15:ffffbf31 x14:00005a20 x12:7b384f10
13547934ns          224851 1c0082fa 0049268b p.lw             x13, 4(x18!)        x13=64676f30 x18=1c000bb0 x18:1c000bac  PA:1c000bac
13548233ns          224866 1c0082fe 038a8593 addi             x11, x21, 56        x11=1c000038 x21:1c000000
13548252ns          224867 1c008302 00800533 add              x10, x0, x8         x10=100007b0  x8:100007b0
13548272ns          224868 1c008304 13f010ef jal              x1, 6462             x1=1c008308
13548332ns          224871 1c009c42 00d60a63 beq              x12, x13, 20        x12:64676f30 x13:64676f30
13548392ns          224874 1c009c56 00008067 jalr             x0, x1, 0            x1:1c008308
13548431ns          224876 1c008308 ff6491e3 bne              x9, x22, -30         x9:1c000b74 x22:1c000b94
13548511ns          224880 1c0082ea 0044a60b p.lw             x12, 4(x9!)         x12=10433aa8  x9=1c000b78  x9:1c000b74  PA:1c000b74
13548829ns          224896 1c0082ee 004a278b p.lw             x15, 4(x20!)        x15=00000059 x20=1c000b00 x20:1c000afc  PA:1c000afc
13549128ns          224911 1c0082f2 0049a70b p.lw             x14, 4(x19!)        x14=00006eb4 x19=1c000b3c x19:1c000b38  PA:1c000b38
13549446ns          224927 1c0082f6 80e7965b p.macs           x12, x15, x14       x12=1069b73c x15:00000059 x14:00006eb4 x12:10433aa8
13549466ns          224928 1c0082fa 0049268b p.lw             x13, 4(x18!)        x13=1069b73c x18=1c000bb4 x18:1c000bb0  PA:1c000bb0
13549764ns          224943 1c0082fe 038a8593 addi             x11, x21, 56        x11=1c000038 x21:1c000000
13549784ns          224944 1c008302 00800533 add              x10, x0, x8         x10=100007b0  x8:100007b0
13549804ns          224945 1c008304 13f010ef jal              x1, 6462             x1=1c008308
13549864ns          224948 1c009c42 00d60a63 beq              x12, x13, 20        x12:1069b73c x13:1069b73c
13549923ns          224951 1c009c56 00008067 jalr             x0, x1, 0            x1:1c008308
13549963ns          224953 1c008308 ff6491e3 bne              x9, x22, -30         x9:1c000b78 x22:1c000b94
13550043ns          224957 1c0082ea 0044a60b p.lw             x12, 4(x9!)         x12=dd15c266  x9=1c000b7c  x9:1c000b78  PA:1c000b78
13550341ns          224972 1c0082ee 004a278b p.lw             x15, 4(x20!)        x15=00001562 x20=1c000b04 x20:1c000b00  PA:1c000b00
13550639ns          224987 1c0082f2 0049a70b p.lw             x14, 4(x19!)        x14=00001da3 x19=1c000b40 x19:1c000b3c  PA:1c000b3c
13550958ns          225003 1c0082f6 80e7965b p.macs           x12, x15, x14       x12=df8f79cc x15:00001562 x14:00001da3 x12:dd15c266
13550978ns          225004 1c0082fa 0049268b p.lw             x13, 4(x18!)        x13=df8f79cc x18=1c000bb8 x18:1c000bb4  PA:1c000bb4
13551276ns          225019 1c0082fe 038a8593 addi             x11, x21, 56        x11=1c000038 x21:1c000000
13551296ns          225020 1c008302 00800533 add              x10, x0, x8         x10=100007b0  x8:100007b0
13551316ns          225021 1c008304 13f010ef jal              x1, 6462             x1=1c008308
13551375ns          225024 1c009c42 00d60a63 beq              x12, x13, 20        x12:df8f79cc x13:df8f79cc
13551435ns          225027 1c009c56 00008067 jalr             x0, x1, 0            x1:1c008308
13551475ns          225029 1c008308 ff6491e3 bne              x9, x22, -30         x9:1c000b7c x22:1c000b94
13551554ns          225033 1c0082ea 0044a60b p.lw             x12, 4(x9!)         x12=93984a50  x9=1c000b80  x9:1c000b7c  PA:1c000b7c
13551853ns          225048 1c0082ee 004a278b p.lw             x15, 4(x20!)        x15=00007f94 x20=1c000b08 x20:1c000b04  PA:1c000b04
13552151ns          225063 1c0082f2 0049a70b p.lw             x14, 4(x19!)        x14=00006376 x19=1c000b44 x19:1c000b40  PA:1c000b40
13552469ns          225079 1c0082f6 80e7965b p.macs           x12, x15, x14       x12=c5295488 x15:00007f94 x14:00006376 x12:93984a50
13552489ns          225080 1c0082fa 0049268b p.lw             x13, 4(x18!)        x13=c5295488 x18=1c000bbc x18:1c000bb8  PA:1c000bb8
13552807ns          225096 1c0082fe 038a8593 addi             x11, x21, 56        x11=1c000038 x21:1c000000
13552827ns          225097 1c008302 00800533 add              x10, x0, x8         x10=100007b0  x8:100007b0
13552847ns          225098 1c008304 13f010ef jal              x1, 6462             x1=1c008308
13552907ns          225101 1c009c42 00d60a63 beq              x12, x13, 20        x12:c5295488 x13:c5295488
13552967ns          225104 1c009c56 00008067 jalr             x0, x1, 0            x1:1c008308
13553006ns          225106 1c008308 ff6491e3 bne              x9, x22, -30         x9:1c000b80 x22:1c000b94
13553086ns          225110 1c0082ea 0044a60b p.lw             x12, 4(x9!)         x12=5cd8bfc6  x9=1c000b84  x9:1c000b80  PA:1c000b80
13553384ns          225125 1c0082ee 004a278b p.lw             x15, 4(x20!)        x15=000068bd x20=1c000b0c x20:1c000b08  PA:1c000b08
13553683ns          225140 1c0082f2 0049a70b p.lw             x14, 4(x19!)        x14=ffff9698 x19=1c000b48 x19:1c000b44  PA:1c000b44
13554001ns          225156 1c0082f6 80e7965b p.macs           x12, x15, x14       x12=31b8adfe x15:000068bd x14:ffff9698 x12:5cd8bfc6
13554021ns          225157 1c0082fa 0049268b p.lw             x13, 4(x18!)        x13=31b8adfe x18=1c000bc0 x18:1c000bbc  PA:1c000bbc
13554319ns          225172 1c0082fe 038a8593 addi             x11, x21, 56        x11=1c000038 x21:1c000000
13554339ns          225173 1c008302 00800533 add              x10, x0, x8         x10=100007b0  x8:100007b0
13554359ns          225174 1c008304 13f010ef jal              x1, 6462             x1=1c008308
13554419ns          225177 1c009c42 00d60a63 beq              x12, x13, 20        x12:31b8adfe x13:31b8adfe
13554478ns          225180 1c009c56 00008067 jalr             x0, x1, 0            x1:1c008308
13554518ns          225182 1c008308 ff6491e3 bne              x9, x22, -30         x9:1c000b84 x22:1c000b94
13554598ns          225186 1c0082ea 0044a60b p.lw             x12, 4(x9!)         x12=b146c0e2  x9=1c000b88  x9:1c000b84  PA:1c000b84
13554896ns          225201 1c0082ee 004a278b p.lw             x15, 4(x20!)        x15=000001c4 x20=1c000b10 x20:1c000b0c  PA:1c000b0c
13555194ns          225216 1c0082f2 0049a70b p.lw             x14, 4(x19!)        x14=ffffd681 x19=1c000b4c x19:1c000b48  PA:1c000b48
13555532ns          225233 1c0082f6 80e7965b p.macs           x12, x15, x14       x12=b0fd7ca6 x15:000001c4 x14:ffffd681 x12:b146c0e2
13555552ns          225234 1c0082fa 0049268b p.lw             x13, 4(x18!)        x13=b0fd7ca6 x18=1c000bc4 x18:1c000bc0  PA:1c000bc0
13555871ns          225250 1c0082fe 038a8593 addi             x11, x21, 56        x11=1c000038 x21:1c000000
13555891ns          225251 1c008302 00800533 add              x10, x0, x8         x10=100007b0  x8:100007b0
13555910ns          225252 1c008304 13f010ef jal              x1, 6462             x1=1c008308
13555970ns          225255 1c009c42 00d60a63 beq              x12, x13, 20        x12:b0fd7ca6 x13:b0fd7ca6
13556030ns          225258 1c009c56 00008067 jalr             x0, x1, 0            x1:1c008308
13556070ns          225260 1c008308 ff6491e3 bne              x9, x22, -30         x9:1c000b88 x22:1c000b94
13556149ns          225264 1c0082ea 0044a60b p.lw             x12, 4(x9!)         x12=8f98c06d  x9=1c000b8c  x9:1c000b88  PA:1c000b88
13556467ns          225280 1c0082ee 004a278b p.lw             x15, 4(x20!)        x15=ffff9a75 x20=1c000b14 x20:1c000b10  PA:1c000b10
13556786ns          225296 1c0082f2 0049a70b p.lw             x14, 4(x19!)        x14=00005a77 x19=1c000b50 x19:1c000b4c  PA:1c000b4c
13557104ns          225312 1c0082f6 80e7965b p.macs           x12, x15, x14       x12=6bb6aed0 x15:ffff9a75 x14:00005a77 x12:8f98c06d
13557124ns          225313 1c0082fa 0049268b p.lw             x13, 4(x18!)        x13=6bb6aed0 x18=1c000bc8 x18:1c000bc4  PA:1c000bc4
13557422ns          225328 1c0082fe 038a8593 addi             x11, x21, 56        x11=1c000038 x21:1c000000
13557442ns          225329 1c008302 00800533 add              x10, x0, x8         x10=100007b0  x8:100007b0
13557462ns          225330 1c008304 13f010ef jal              x1, 6462             x1=1c008308
13557522ns          225333 1c009c42 00d60a63 beq              x12, x13, 20        x12:6bb6aed0 x13:6bb6aed0
13557581ns          225336 1c009c56 00008067 jalr             x0, x1, 0            x1:1c008308
13557621ns          225338 1c008308 ff6491e3 bne              x9, x22, -30         x9:1c000b8c x22:1c000b94
13557701ns          225342 1c0082ea 0044a60b p.lw             x12, 4(x9!)         x12=e89b8566  x9=1c000b90  x9:1c000b8c  PA:1c000b8c
13557999ns          225357 1c0082ee 004a278b p.lw             x15, 4(x20!)        x15=000073ed x20=1c000b18 x20:1c000b14  PA:1c000b14
13558297ns          225372 1c0082f2 0049a70b p.lw             x14, 4(x19!)        x14=0000507d x19=1c000b54 x19:1c000b50  PA:1c000b50
13558616ns          225388 1c0082f6 80e7965b p.macs           x12, x15, x14       x12=0d0e301f x15:000073ed x14:0000507d x12:e89b8566
13558635ns          225389 1c0082fa 0049268b p.lw             x13, 4(x18!)        x13=0d0e301f x18=1c000bcc x18:1c000bc8  PA:1c000bc8
13558934ns          225404 1c0082fe 038a8593 addi             x11, x21, 56        x11=1c000038 x21:1c000000
13558954ns          225405 1c008302 00800533 add              x10, x0, x8         x10=100007b0  x8:100007b0
13558974ns          225406 1c008304 13f010ef jal              x1, 6462             x1=1c008308
13559033ns          225409 1c009c42 00d60a63 beq              x12, x13, 20        x12:0d0e301f x13:0d0e301f
13559093ns          225412 1c009c56 00008067 jalr             x0, x1, 0            x1:1c008308
13559133ns          225414 1c008308 ff6491e3 bne              x9, x22, -30         x9:1c000b90 x22:1c000b94
13559212ns          225418 1c0082ea 0044a60b p.lw             x12, 4(x9!)         x12=a9304ac7  x9=1c000b94  x9:1c000b90  PA:1c000b90
13559531ns          225434 1c0082ee 004a278b p.lw             x15, 4(x20!)        x15=00001ebc x20=1c000b1c x20:1c000b18  PA:1c000b18
13559829ns          225449 1c0082f2 0049a70b p.lw             x14, 4(x19!)        x14=00001c15 x19=1c000b58 x19:1c000b54  PA:1c000b54
13560147ns          225465 1c0082f6 80e7965b p.macs           x12, x15, x14       x12=ac8f6033 x15:00001ebc x14:00001c15 x12:a9304ac7
13560167ns          225466 1c0082fa 0049268b p.lw             x13, 4(x18!)        x13=ac8f6033 x18=1c000bd0 x18:1c000bcc  PA:1c000bcc
13560465ns          225481 1c0082fe 038a8593 addi             x11, x21, 56        x11=1c000038 x21:1c000000
13560485ns          225482 1c008302 00800533 add              x10, x0, x8         x10=100007b0  x8:100007b0
13560505ns          225483 1c008304 13f010ef jal              x1, 6462             x1=1c008308
13560565ns          225486 1c009c42 00d60a63 beq              x12, x13, 20        x12:ac8f6033 x13:ac8f6033
13560625ns          225489 1c009c56 00008067 jalr             x0, x1, 0            x1:1c008308
13560664ns          225491 1c008308 ff6491e3 bne              x9, x22, -30         x9:1c000b94 x22:1c000b94
13560684ns          225492 1c00830c 1c0014b7 lui              x9, 0x1c001000       x9=1c001000
13560704ns          225493 1c008310 a6848493 addi             x9, x9, -1432        x9=1c000a68  x9:1c001000
13560724ns          225494 1c008314 1c001a37 lui              x20, 0x1c001000     x20=1c001000
13560744ns          225495 1c008318 1c0019b7 lui              x19, 0x1c001000     x19=1c001000
13560764ns          225496 1c00831c 1c001937 lui              x18, 0x1c001000     x18=1c001000
13561201ns          225518 1c008320 9f0a0a13 addi             x20, x20, -1552     x20=1c0009f0 x20:1c001000
13561241ns          225520 1c008324 a2c98993 addi             x19, x19, -1492     x19=1c000a2c x19:1c001000
13561261ns          225521 1c008328 aa490913 addi             x18, x18, -1372     x18=1c000aa4 x18:1c001000
13561281ns          225522 1c00832c 03c48b13 addi             x22, x9, 60         x22=1c000aa4  x9:1c000a68
13561719ns          225544 1c008330 1c000ab7 lui              x21, 0x1c000000     x21=1c000000
13561758ns          225546 1c008334 0044a60b p.lw             x12, 4(x9!)         x12=a4fcfb46  x9=1c000a6c  x9:1c000a68  PA:1c000a68
13562077ns          225562 1c008338 004a278b p.lw             x15, 4(x20!)        x15=59257d8d x20=1c0009f4 x20:1c0009f0  PA:1c0009f0
13562375ns          225577 1c00833c 0049a70b p.lw             x14, 4(x19!)        x14=5f79853a x19=1c000a30 x19:1c000a2c  PA:1c000a2c
13562693ns          225593 1c008340 c0e7965b p.machhs         x12, x15, x14       x12=c63bd8c3 x15:59257d8d x14:5f79853a x12:a4fcfb46
13562713ns          225594 1c008344 0049268b p.lw             x13, 4(x18!)        x13=c63bd8c3 x18=1c000aa8 x18:1c000aa4  PA:1c000aa4
13563011ns          225609 1c008348 040a8593 addi             x11, x21, 64        x11=1c000040 x21:1c000000
13563031ns          225610 1c00834c 00800533 add              x10, x0, x8         x10=100007b0  x8:100007b0
13563171ns          225617 1c00834e 0f5010ef jal              x1, 6388             x1=1c008352
13563230ns          225620 1c009c42 00d60a63 beq              x12, x13, 20        x12:c63bd8c3 x13:c63bd8c3
13563330ns          225625 1c009c56 00008067 jalr             x0, x1, 0            x1:1c008352
13563389ns          225628 1c008352 ff6491e3 bne              x9, x22, -30         x9:1c000a6c x22:1c000aa4
13563449ns          225631 1c008334 0044a60b p.lw             x12, 4(x9!)         x12=bc05625e  x9=1c000a70  x9:1c000a6c  PA:1c000a6c
13563747ns          225646 1c008338 004a278b p.lw             x15, 4(x20!)        x15=048b8760 x20=1c0009f8 x20:1c0009f4  PA:1c0009f4
13564046ns          225661 1c00833c 0049a70b p.lw             x14, 4(x19!)        x14=1b2af03d x19=1c000a34 x19:1c000a30  PA:1c000a30
13564364ns          225677 1c008340 c0e7965b p.machhs         x12, x15, x14       x12=bc80ca2c x15:048b8760 x14:1b2af03d x12:bc05625e
13564384ns          225678 1c008344 0049268b p.lw             x13, 4(x18!)        x13=bc80ca2c x18=1c000aac x18:1c000aa8  PA:1c000aa8
13564682ns          225693 1c008348 040a8593 addi             x11, x21, 64        x11=1c000040 x21:1c000000
13564702ns          225694 1c00834c 00800533 add              x10, x0, x8         x10=100007b0  x8:100007b0
13564722ns          225695 1c00834e 0f5010ef jal              x1, 6388             x1=1c008352
13564782ns          225698 1c009c42 00d60a63 beq              x12, x13, 20        x12:bc80ca2c x13:bc80ca2c
13564841ns          225701 1c009c56 00008067 jalr             x0, x1, 0            x1:1c008352
13564901ns          225704 1c008352 ff6491e3 bne              x9, x22, -30         x9:1c000a70 x22:1c000aa4
13564961ns          225707 1c008334 0044a60b p.lw             x12, 4(x9!)         x12=637139e0  x9=1c000a74  x9:1c000a70  PA:1c000a70
13565259ns          225722 1c008338 004a278b p.lw             x15, 4(x20!)        x15=8ce26d1a x20=1c0009fc x20:1c0009f8  PA:1c0009f8
13565557ns          225737 1c00833c 0049a70b p.lw             x14, 4(x19!)        x14=457adaac x19=1c000a38 x19:1c000a34  PA:1c000a34
13565876ns          225753 1c008340 c0e7965b p.machhs         x12, x15, x14       x12=44334794 x15:8ce26d1a x14:457adaac x12:637139e0
13565896ns          225754 1c008344 0049268b p.lw             x13, 4(x18!)        x13=44334794 x18=1c000ab0 x18:1c000aac  PA:1c000aac
13566214ns          225770 1c008348 040a8593 addi             x11, x21, 64        x11=1c000040 x21:1c000000
13566234ns          225771 1c00834c 00800533 add              x10, x0, x8         x10=100007b0  x8:100007b0
13566254ns          225772 1c00834e 0f5010ef jal              x1, 6388             x1=1c008352
13566313ns          225775 1c009c42 00d60a63 beq              x12, x13, 20        x12:44334794 x13:44334794
13566373ns          225778 1c009c56 00008067 jalr             x0, x1, 0            x1:1c008352
13566433ns          225781 1c008352 ff6491e3 bne              x9, x22, -30         x9:1c000a74 x22:1c000aa4
13566492ns          225784 1c008334 0044a60b p.lw             x12, 4(x9!)         x12=ea48a925  x9=1c000a78  x9:1c000a74  PA:1c000a74
13566791ns          225799 1c008338 004a278b p.lw             x15, 4(x20!)        x15=dcc0d6b9 x20=1c000a00 x20:1c0009fc  PA:1c0009fc
13567089ns          225814 1c00833c 0049a70b p.lw             x14, 4(x19!)        x14=4fd59ee2 x19=1c000a3c x19:1c000a38  PA:1c000a38
13567407ns          225830 1c008340 c0e7965b p.machhs         x12, x15, x14       x12=df4a94e5 x15:dcc0d6b9 x14:4fd59ee2 x12:ea48a925
13567427ns          225831 1c008344 0049268b p.lw             x13, 4(x18!)        x13=df4a94e5 x18=1c000ab4 x18:1c000ab0  PA:1c000ab0
13567726ns          225846 1c008348 040a8593 addi             x11, x21, 64        x11=1c000040 x21:1c000000
13567745ns          225847 1c00834c 00800533 add              x10, x0, x8         x10=100007b0  x8:100007b0
13567765ns          225848 1c00834e 0f5010ef jal              x1, 6388             x1=1c008352
13567825ns          225851 1c009c42 00d60a63 beq              x12, x13, 20        x12:df4a94e5 x13:df4a94e5
13567885ns          225854 1c009c56 00008067 jalr             x0, x1, 0            x1:1c008352
13567944ns          225857 1c008352 ff6491e3 bne              x9, x22, -30         x9:1c000a78 x22:1c000aa4
13568004ns          225860 1c008334 0044a60b p.lw             x12, 4(x9!)         x12=92f2c658  x9=1c000a7c  x9:1c000a78  PA:1c000a78
13568302ns          225875 1c008338 004a278b p.lw             x15, 4(x20!)        x15=f8bf1a6e x20=1c000a04 x20:1c000a00  PA:1c000a00
13568601ns          225890 1c00833c 0049a70b p.lw             x14, 4(x19!)        x14=2268953c x19=1c000a40 x19:1c000a3c  PA:1c000a3c
13568919ns          225906 1c008340 c0e7965b p.machhs         x12, x15, x14       x12=91f931f0 x15:f8bf1a6e x14:2268953c x12:92f2c658
13568939ns          225907 1c008344 0049268b p.lw             x13, 4(x18!)        x13=91f931f0 x18=1c000ab8 x18:1c000ab4  PA:1c000ab4
13569237ns          225922 1c008348 040a8593 addi             x11, x21, 64        x11=1c000040 x21:1c000000
13569257ns          225923 1c00834c 00800533 add              x10, x0, x8         x10=100007b0  x8:100007b0
13569277ns          225924 1c00834e 0f5010ef jal              x1, 6388             x1=1c008352
13569337ns          225927 1c009c42 00d60a63 beq              x12, x13, 20        x12:91f931f0 x13:91f931f0
13569396ns          225930 1c009c56 00008067 jalr             x0, x1, 0            x1:1c008352
13569456ns          225933 1c008352 ff6491e3 bne              x9, x22, -30         x9:1c000a7c x22:1c000aa4
13569516ns          225936 1c008334 0044a60b p.lw             x12, 4(x9!)         x12=11e1d654  x9=1c000a80  x9:1c000a7c  PA:1c000a7c
13569814ns          225951 1c008338 004a278b p.lw             x15, 4(x20!)        x15=9d14f420 x20=1c000a08 x20:1c000a04  PA:1c000a04
13570132ns          225967 1c00833c 0049a70b p.lw             x14, 4(x19!)        x14=2ac08e37 x19=1c000a44 x19:1c000a40  PA:1c000a40
13570451ns          225983 1c008340 c0e7965b p.machhs         x12, x15, x14       x12=015ced54 x15:9d14f420 x14:2ac08e37 x12:11e1d654
13570470ns          225984 1c008344 0049268b p.lw             x13, 4(x18!)        x13=015ced54 x18=1c000abc x18:1c000ab8  PA:1c000ab8
13570769ns          225999 1c008348 040a8593 addi             x11, x21, 64        x11=1c000040 x21:1c000000
13570789ns          226000 1c00834c 00800533 add              x10, x0, x8         x10=100007b0  x8:100007b0
13570809ns          226001 1c00834e 0f5010ef jal              x1, 6388             x1=1c008352
13570868ns          226004 1c009c42 00d60a63 beq              x12, x13, 20        x12:015ced54 x13:015ced54
13570928ns          226007 1c009c56 00008067 jalr             x0, x1, 0            x1:1c008352
13570988ns          226010 1c008352 ff6491e3 bne              x9, x22, -30         x9:1c000a80 x22:1c000aa4
13571047ns          226013 1c008334 0044a60b p.lw             x12, 4(x9!)         x12=0238781d  x9=1c000a84  x9:1c000a80  PA:1c000a80
13571346ns          226028 1c008338 004a278b p.lw             x15, 4(x20!)        x15=0f12089e x20=1c000a0c x20:1c000a08  PA:1c000a08
13571644ns          226043 1c00833c 0049a70b p.lw             x14, 4(x19!)        x14=b430bf9c x19=1c000a48 x19:1c000a44  PA:1c000a44
13571962ns          226059 1c008340 c0e7965b p.machhs         x12, x15, x14       x12=fdc1f37d x15:0f12089e x14:b430bf9c x12:0238781d
13571982ns          226060 1c008344 0049268b p.lw             x13, 4(x18!)        x13=fdc1f37d x18=1c000ac0 x18:1c000abc  PA:1c000abc
13572281ns          226075 1c008348 040a8593 addi             x11, x21, 64        x11=1c000040 x21:1c000000
13572300ns          226076 1c00834c 00800533 add              x10, x0, x8         x10=100007b0  x8:100007b0
13572320ns          226077 1c00834e 0f5010ef jal              x1, 6388             x1=1c008352
13572380ns          226080 1c009c42 00d60a63 beq              x12, x13, 20        x12:fdc1f37d x13:fdc1f37d
13572440ns          226083 1c009c56 00008067 jalr             x0, x1, 0            x1:1c008352
13572499ns          226086 1c008352 ff6491e3 bne              x9, x22, -30         x9:1c000a84 x22:1c000aa4
13572559ns          226089 1c008334 0044a60b p.lw             x12, 4(x9!)         x12=0ccda3ab  x9=1c000a88  x9:1c000a84  PA:1c000a84
13572877ns          226105 1c008338 004a278b p.lw             x15, 4(x20!)        x15=e9ef5a2f x20=1c000a10 x20:1c000a0c  PA:1c000a0c
13573176ns          226120 1c00833c 0049a70b p.lw             x14, 4(x19!)        x14=890b9405 x19=1c000a4c x19:1c000a48  PA:1c000a48
13573494ns          226136 1c008340 c0e7965b p.machhs         x12, x15, x14       x12=170e97f0 x15:e9ef5a2f x14:890b9405 x12:0ccda3ab
13573514ns          226137 1c008344 0049268b p.lw             x13, 4(x18!)        x13=170e97f0 x18=1c000ac4 x18:1c000ac0  PA:1c000ac0
13573832ns          226153 1c008348 040a8593 addi             x11, x21, 64        x11=1c000040 x21:1c000000
13573852ns          226154 1c00834c 00800533 add              x10, x0, x8         x10=100007b0  x8:100007b0
13573872ns          226155 1c00834e 0f5010ef jal              x1, 6388             x1=1c008352
13573931ns          226158 1c009c42 00d60a63 beq              x12, x13, 20        x12:170e97f0 x13:170e97f0
13573991ns          226161 1c009c56 00008067 jalr             x0, x1, 0            x1:1c008352
13574051ns          226164 1c008352 ff6491e3 bne              x9, x22, -30         x9:1c000a88 x22:1c000aa4
13574110ns          226167 1c008334 0044a60b p.lw             x12, 4(x9!)         x12=76bdab21  x9=1c000a8c  x9:1c000a88  PA:1c000a88
13574409ns          226182 1c008338 004a278b p.lw             x15, 4(x20!)        x15=327ae218 x20=1c000a14 x20:1c000a10  PA:1c000a10
13574707ns          226197 1c00833c 0049a70b p.lw             x14, 4(x19!)        x14=5d1fa2cd x19=1c000a50 x19:1c000a4c  PA:1c000a4c
13575025ns          226213 1c008340 c0e7965b p.machhs         x12, x15, x14       x12=891a19e7 x15:327ae218 x14:5d1fa2cd x12:76bdab21
13575045ns          226214 1c008344 0049268b p.lw             x13, 4(x18!)        x13=891a19e7 x18=1c000ac8 x18:1c000ac4  PA:1c000ac4
13575344ns          226229 1c008348 040a8593 addi             x11, x21, 64        x11=1c000040 x21:1c000000
13575364ns          226230 1c00834c 00800533 add              x10, x0, x8         x10=100007b0  x8:100007b0
13575383ns          226231 1c00834e 0f5010ef jal              x1, 6388             x1=1c008352
13575443ns          226234 1c009c42 00d60a63 beq              x12, x13, 20        x12:891a19e7 x13:891a19e7
13575503ns          226237 1c009c56 00008067 jalr             x0, x1, 0            x1:1c008352
13575562ns          226240 1c008352 ff6491e3 bne              x9, x22, -30         x9:1c000a8c x22:1c000aa4
13575622ns          226243 1c008334 0044a60b p.lw             x12, 4(x9!)         x12=c6dedf80  x9=1c000a90  x9:1c000a8c  PA:1c000a8c
13575921ns          226258 1c008338 004a278b p.lw             x15, 4(x20!)        x15=ce87bc8a x20=1c000a18 x20:1c000a14  PA:1c000a14
13576219ns          226273 1c00833c 0049a70b p.lw             x14, 4(x19!)        x14=83cc8cc5 x19=1c000a54 x19:1c000a50  PA:1c000a50
13576537ns          226289 1c008340 c0e7965b p.machhs         x12, x15, x14       x12=dedf8814 x15:ce87bc8a x14:83cc8cc5 x12:c6dedf80
13576557ns          226290 1c008344 0049268b p.lw             x13, 4(x18!)        x13=dedf8814 x18=1c000acc x18:1c000ac8  PA:1c000ac8
13576875ns          226306 1c008348 040a8593 addi             x11, x21, 64        x11=1c000040 x21:1c000000
13576895ns          226307 1c00834c 00800533 add              x10, x0, x8         x10=100007b0  x8:100007b0
13576915ns          226308 1c00834e 0f5010ef jal              x1, 6388             x1=1c008352
13576975ns          226311 1c009c42 00d60a63 beq              x12, x13, 20        x12:dedf8814 x13:dedf8814
13577034ns          226314 1c009c56 00008067 jalr             x0, x1, 0            x1:1c008352
13577094ns          226317 1c008352 ff6491e3 bne              x9, x22, -30         x9:1c000a90 x22:1c000aa4
13577154ns          226320 1c008334 0044a60b p.lw             x12, 4(x9!)         x12=df0ffad9  x9=1c000a94  x9:1c000a90  PA:1c000a90
13577472ns          226336 1c008338 004a278b p.lw             x15, 4(x20!)        x15=26e0890b x20=1c000a1c x20:1c000a18  PA:1c000a18
13577770ns          226351 1c00833c 0049a70b p.lw             x14, 4(x19!)        x14=75dad0a9 x19=1c000a58 x19:1c000a54  PA:1c000a54
13578108ns          226368 1c008340 c0e7965b p.machhs         x12, x15, x14       x12=f0f57599 x15:26e0890b x14:75dad0a9 x12:df0ffad9
13578128ns          226369 1c008344 0049268b p.lw             x13, 4(x18!)        x13=f0f57599 x18=1c000ad0 x18:1c000acc  PA:1c000acc
13578427ns          226384 1c008348 040a8593 addi             x11, x21, 64        x11=1c000040 x21:1c000000
13578447ns          226385 1c00834c 00800533 add              x10, x0, x8         x10=100007b0  x8:100007b0
13578467ns          226386 1c00834e 0f5010ef jal              x1, 6388             x1=1c008352
13578526ns          226389 1c009c42 00d60a63 beq              x12, x13, 20        x12:f0f57599 x13:f0f57599
13578586ns          226392 1c009c56 00008067 jalr             x0, x1, 0            x1:1c008352
13578646ns          226395 1c008352 ff6491e3 bne              x9, x22, -30         x9:1c000a94 x22:1c000aa4
13578705ns          226398 1c008334 0044a60b p.lw             x12, 4(x9!)         x12=49a15feb  x9=1c000a98  x9:1c000a94  PA:1c000a94
13579004ns          226413 1c008338 004a278b p.lw             x15, 4(x20!)        x15=c7d2eb99 x20=1c000a20 x20:1c000a1c  PA:1c000a1c
13579302ns          226428 1c00833c 0049a70b p.lw             x14, 4(x19!)        x14=eb0f4748 x19=1c000a5c x19:1c000a58  PA:1c000a58
13579620ns          226444 1c008340 c0e7965b p.machhs         x12, x15, x14       x12=4e39db39 x15:c7d2eb99 x14:eb0f4748 x12:49a15feb
13579640ns          226445 1c008344 0049268b p.lw             x13, 4(x18!)        x13=4e39db39 x18=1c000ad4 x18:1c000ad0  PA:1c000ad0
13579938ns          226460 1c008348 040a8593 addi             x11, x21, 64        x11=1c000040 x21:1c000000
13579958ns          226461 1c00834c 00800533 add              x10, x0, x8         x10=100007b0  x8:100007b0
13579978ns          226462 1c00834e 0f5010ef jal              x1, 6388             x1=1c008352
13580038ns          226465 1c009c42 00d60a63 beq              x12, x13, 20        x12:4e39db39 x13:4e39db39
13580098ns          226468 1c009c56 00008067 jalr             x0, x1, 0            x1:1c008352
13580157ns          226471 1c008352 ff6491e3 bne              x9, x22, -30         x9:1c000a98 x22:1c000aa4
13580217ns          226474 1c008334 0044a60b p.lw             x12, 4(x9!)         x12=8043d919  x9=1c000a9c  x9:1c000a98  PA:1c000a98
13580515ns          226489 1c008338 004a278b p.lw             x15, 4(x20!)        x15=6c457992 x20=1c000a24 x20:1c000a20  PA:1c000a20
13580834ns          226505 1c00833c 0049a70b p.lw             x14, 4(x19!)        x14=a755e092 x19=1c000a60 x19:1c000a5c  PA:1c000a5c
13581152ns          226521 1c008340 c0e7965b p.machhs         x12, x15, x14       x12=5ac3cf02 x15:6c457992 x14:a755e092 x12:8043d919
13581172ns          226522 1c008344 0049268b p.lw             x13, 4(x18!)        x13=5ac3cf02 x18=1c000ad8 x18:1c000ad4  PA:1c000ad4
13581470ns          226537 1c008348 040a8593 addi             x11, x21, 64        x11=1c000040 x21:1c000000
13581490ns          226538 1c00834c 00800533 add              x10, x0, x8         x10=100007b0  x8:100007b0
13581510ns          226539 1c00834e 0f5010ef jal              x1, 6388             x1=1c008352
13581569ns          226542 1c009c42 00d60a63 beq              x12, x13, 20        x12:5ac3cf02 x13:5ac3cf02
13581629ns          226545 1c009c56 00008067 jalr             x0, x1, 0            x1:1c008352
13581689ns          226548 1c008352 ff6491e3 bne              x9, x22, -30         x9:1c000a9c x22:1c000aa4
13581749ns          226551 1c008334 0044a60b p.lw             x12, 4(x9!)         x12=e3d70f51  x9=1c000aa0  x9:1c000a9c  PA:1c000a9c
13582047ns          226566 1c008338 004a278b p.lw             x15, 4(x20!)        x15=c55de96e x20=1c000a28 x20:1c000a24  PA:1c000a24
13582345ns          226581 1c00833c 0049a70b p.lw             x14, 4(x19!)        x14=6f147f53 x19=1c000a64 x19:1c000a60  PA:1c000a60
13582663ns          226597 1c008340 c0e7965b p.machhs         x12, x15, x14       x12=ca65cd95 x15:c55de96e x14:6f147f53 x12:e3d70f51
13582683ns          226598 1c008344 0049268b p.lw             x13, 4(x18!)        x13=ca65cd95 x18=1c000adc x18:1c000ad8  PA:1c000ad8
13582982ns          226613 1c008348 040a8593 addi             x11, x21, 64        x11=1c000040 x21:1c000000
13583002ns          226614 1c00834c 00800533 add              x10, x0, x8         x10=100007b0  x8:100007b0
13583022ns          226615 1c00834e 0f5010ef jal              x1, 6388             x1=1c008352
13583081ns          226618 1c009c42 00d60a63 beq              x12, x13, 20        x12:ca65cd95 x13:ca65cd95
13583141ns          226621 1c009c56 00008067 jalr             x0, x1, 0            x1:1c008352
13583201ns          226624 1c008352 ff6491e3 bne              x9, x22, -30         x9:1c000aa0 x22:1c000aa4
13583260ns          226627 1c008334 0044a60b p.lw             x12, 4(x9!)         x12=155ba695  x9=1c000aa4  x9:1c000aa0  PA:1c000aa0
13583559ns          226642 1c008338 004a278b p.lw             x15, 4(x20!)        x15=4b374672 x20=1c000a2c x20:1c000a28  PA:1c000a28
13583857ns          226657 1c00833c 0049a70b p.lw             x14, 4(x19!)        x14=acf573f8 x19=1c000a68 x19:1c000a64  PA:1c000a64
13584175ns          226673 1c008340 c0e7965b p.machhs         x12, x15, x14       x12=fcf59638 x15:4b374672 x14:acf573f8 x12:155ba695
13584195ns          226674 1c008344 0049268b p.lw             x13, 4(x18!)        x13=fcf59638 x18=1c000ae0 x18:1c000adc  PA:1c000adc
13584493ns          226689 1c008348 040a8593 addi             x11, x21, 64        x11=1c000040 x21:1c000000
13584513ns          226690 1c00834c 00800533 add              x10, x0, x8         x10=100007b0  x8:100007b0
13584533ns          226691 1c00834e 0f5010ef jal              x1, 6388             x1=1c008352
13584593ns          226694 1c009c42 00d60a63 beq              x12, x13, 20        x12:fcf59638 x13:fcf59638
13584653ns          226697 1c009c56 00008067 jalr             x0, x1, 0            x1:1c008352
13584712ns          226700 1c008352 ff6491e3 bne              x9, x22, -30         x9:1c000aa4 x22:1c000aa4
13584732ns          226701 1c008356 01c12083 lw               x1, 28(x2)           x1=1c009b82  x2:10000788  PA:100007a4
13584752ns          226702 1c008358 01812403 lw               x8, 24(x2)           x8=1c000e80  x2:10000788  PA:100007a0
13584772ns          226703 1c00835a 01412483 lw               x9, 20(x2)           x9=00000000  x2:10000788  PA:1000079c
13584792ns          226704 1c00835c 01012903 lw               x18, 16(x2)         x18=1a10b004  x2:10000788  PA:10000798
13584812ns          226705 1c00835e 00c12983 lw               x19, 12(x2)         x19=00000000  x2:10000788  PA:10000794
13584832ns          226706 1c008360 00812a03 lw               x20, 8(x2)          x20=1c000e84  x2:10000788  PA:10000790
13584851ns          226707 1c008362 00412a83 lw               x21, 4(x2)          x21=1c00a000  x2:10000788  PA:1000078c
13584871ns          226708 1c008364 00012b03 lw               x22, 0(x2)          x22=1c00a000  x2:10000788  PA:10000788
13584891ns          226709 1c008366 02010113 addi             x2, x2, 32           x2=100007a8  x2:10000788
13584911ns          226710 1c008368 00008067 jalr             x0, x1, 0            x1:1c009b82
13585389ns          226734 1c009b82 00892683 lw               x13, 8(x18)         x13=00000000 x18:1a10b004  PA:1a10b00c
13585707ns          226750 1c009b86 000a2703 lw               x14, 0(x20)         x14=00000001 x20:1c000e84  PA:1c000e84
13586005ns          226765 1c009b8a 00d12423 sw               x13, 8(x2)          x13:00000000  x2:100007a8  PA:100007b0
13586025ns          226766 1c009b8c fc0706e3 beq              x14, x0, -52        x14:00000001
13586045ns          226767 1c009b8e ffcda583 lw               x11, -4(x27)        x11=1c000054 x27:1c000e70  PA:1c000e6c
13586343ns          226782 1c009b92 090d0513 addi             x10, x26, 144       x10=1c000090 x26:1c000000
13586363ns          226783 1c009b96 dcffe0ef jal              x1, -4658            x1=1c009b9a
13586443ns          226787 1c008964 fc010113 addi             x2, x2, -64          x2=10000768  x2:100007a8
13586483ns          226789 1c008966 02410313 addi             x6, x2, 36           x6=1000078c  x2:10000768
13586502ns          226790 1c00896a 02c12423 sw               x12, 40(x2)         x12:fcf59638  x2:10000768  PA:10000790
13586522ns          226791 1c00896c 00a00633 add              x12, x0, x10        x12=1c000090 x10:1c000090
13586940ns          226812 1c00896e 1c009537 lui              x10, 0x1c009000     x10=1c009000
13586960ns          226813 1c008972 02b12223 sw               x11, 36(x2)         x11:1c000054  x2:10000768  PA:1000078c
13586980ns          226814 1c008974 02d12623 sw               x13, 44(x2)         x13:00000000  x2:10000768  PA:10000794
13587000ns          226815 1c008976 00200593 addi             x11, x0, 2          x11=00000002
13587020ns          226816 1c008978 006006b3 add              x13, x0, x6         x13=1000078c  x6:1000078c
13587039ns          226817 1c00897a 8f850513 addi             x10, x10, -1800     x10=1c0088f8 x10:1c009000
13587059ns          226818 1c00897e 00112e23 sw               x1, 28(x2)           x1:1c009b9a  x2:10000768  PA:10000784
13587079ns          226819 1c008980 02e12823 sw               x14, 48(x2)         x14:00000001  x2:10000768  PA:10000798
13587099ns          226820 1c008982 02f12a23 sw               x15, 52(x2)         x15:4b374672  x2:10000768  PA:1000079c
13587119ns          226821 1c008984 03012c23 sw               x16, 56(x2)         x16:1000065f  x2:10000768  PA:100007a0
13587139ns          226822 1c008986 03112e23 sw               x17, 60(x2)         x17:xxxxxxxx  x2:10000768  PA:100007a4
13587159ns          226823 1c008988 00612623 sw               x6, 12(x2)           x6:1000078c  x2:10000768  PA:10000774
13587179ns          226824 1c00898a fbfff0ef jal              x1, -66              x1=1c00898c
13587298ns          226830 1c008948 04a0006f jal              x0, 74             
13587338ns          226832 1c008992 ed010113 addi             x2, x2, -304         x2=10000638  x2:10000768
13587358ns          226833 1c008994 12812423 sw               x8, 296(x2)          x8:1c000e80  x2:10000638  PA:10000760
13587378ns          226834 1c008998 00000413 addi             x8, x0, 0            x8=00000000
13587397ns          226835 1c00899a 11612823 sw               x22, 272(x2)        x22:1c00a000  x2:10000638  PA:10000748
13587457ns          226838 1c00899e 11712623 sw               x23, 268(x2)        x23:1c000000  x2:10000638  PA:10000744
13587497ns          226840 1c0089a2 11812423 sw               x24, 264(x2)        x24:1c000000  x2:10000638  PA:10000740
13587517ns          226841 1c0089a6 11912223 sw               x25, 260(x2)        x25:1c000000  x2:10000638  PA:1000073c
13587537ns          226842 1c0089aa 11a12023 sw               x26, 256(x2)        x26:1c000000  x2:10000638  PA:10000738
13587557ns          226843 1c0089ae 0fb12e23 sw               x27, 252(x2)        x27:1c000e70  x2:10000638  PA:10000734
13587596ns          226845 1c0089b0 12112623 sw               x1, 300(x2)          x1:1c00898c  x2:10000638  PA:10000764
13587636ns          226847 1c0089b4 00800db3 add              x27, x0, x8         x27=00000000  x8:00000000
13587656ns          226848 1c0089b6 12912223 sw               x9, 292(x2)          x9:00000000  x2:10000638  PA:1000075c
13587676ns          226849 1c0089ba 13212023 sw               x18, 288(x2)        x18:1a10b004  x2:10000638  PA:10000758
13587736ns          226852 1c0089be 11312e23 sw               x19, 284(x2)        x19:00000000  x2:10000638  PA:10000754
13587775ns          226854 1c0089c2 11412c23 sw               x20, 280(x2)        x20:1c000e84  x2:10000638  PA:10000750
13587795ns          226855 1c0089c6 11512a23 sw               x21, 276(x2)        x21:1c00a000  x2:10000638  PA:1000074c
13587815ns          226856 1c0089ca 00a00b33 add              x22, x0, x10        x22=1c0088f8 x10:1c0088f8
13587835ns          226857 1c0089cc 00b00d33 add              x26, x0, x11        x26=00000002 x11:00000002
13587855ns          226858 1c0089ce 00d00c33 add              x24, x0, x13        x24=1000078c x13:1000078c
13587875ns          226859 1c0089d0 1c000bb7 lui              x23, 0x1c000000     x23=1c000000
13587915ns          226861 1c0089d4 02410c93 addi             x25, x2, 36         x25=1000065c  x2:10000638
13587935ns          226862 1c0089d8 00c00433 add              x8, x0, x12          x8=1c000090 x12:1c000090
13587954ns          226863 1c0089da 00044503 lbu              x10, 0(x8)          x10=0000003d  x8:1c000090  PA:1c000090
13588253ns          226878 1c0089de 00140413 addi             x8, x8, 1            x8=1c000091  x8:1c000090
13588273ns          226879 1c0089e0 00050e63 beq              x10, x0, 28         x10:0000003d
13588293ns          226880 1c0089e2 02500793 addi             x15, x0, 37         x15=00000025
13588312ns          226881 1c0089e6 04f50863 beq              x10, x15, 80        x10:0000003d x15:00000025
13588332ns          226882 1c0089ea 01a005b3 add              x11, x0, x26        x11=00000002 x26:00000002
13588352ns          226883 1c0089ec 000b00e7 jalr             x1, x22, 0           x1=1c0089ee x22:1c0088f8
13588472ns          226889 1c0088f8 000026b7 lui              x13, 0x2000         x13=00002000
13588511ns          226891 1c0088fa f14027f3 csrrs            x15, x0, 0xf14      x15=00000000
13588531ns          226892 1c0088fe f8068693 addi             x13, x13, -128      x13=00001f80 x13:00002000
13588551ns          226893 1c008902 00379713 slli             x14, x15, 0x3       x14=00000000 x15:00000000
13588571ns          226894 1c008906 00279793 slli             x15, x15, 0x2       x15=00000000 x15:00000000
13588591ns          226895 1c008908 00d7f7b3 and              x15, x15, x13       x15=00000000 x15:00000000 x13:00001f80
13588611ns          226896 1c00890a ee873733 p.bclr           x14, x14, 23, 8     x14=00000000 x14:00000000
13588631ns          226897 1c00890e 1a10f6b7 lui              x13, 0x1a10f000     x13=1a10f000
13588651ns          226898 1c008912 0ff57513 andi             x10, x10, 255       x10=0000003d x10:0000003d
13588670ns          226899 1c008916 00d70733 add              x14, x14, x13       x14=1a10f000 x14:00000000 x13:1a10f000
13588690ns          226900 1c008918 00a7e723 p.sw             x10, x0(x15)        x10:0000003d x15:00000000  PA:1a10f000
13589009ns          226916 1c00891c 00000513 addi             x10, x0, 0          x10=00000000
13589029ns          226917 1c00891e 00008067 jalr             x0, x1, 0            x1:1c0089ee
13589088ns          226920 1c0089ee 31f52563 p.beqimm         x10, 778            x10:00000000
13589108ns          226921 1c0089f2 001d8d93 addi             x27, x27, 1         x27=00000001 x27:00000000
13589128ns          226922 1c0089f4 00044503 lbu              x10, 0(x8)          x10=0000003d  x8:1c000091  PA:1c000091
13589426ns          226937 1c0089f8 00140413 addi             x8, x8, 1            x8=1c000092  x8:1c000091
13589446ns          226938 1c0089fa fe0514e3 bne              x10, x0, -24        x10:0000003d
13589526ns          226942 1c0089e2 02500793 addi             x15, x0, 37         x15=00000025
13589546ns          226943 1c0089e6 04f50863 beq              x10, x15, 80        x10:0000003d x15:00000025
13589566ns          226944 1c0089ea 01a005b3 add              x11, x0, x26        x11=00000002 x26:00000002
13589585ns          226945 1c0089ec 000b00e7 jalr             x1, x22, 0           x1=1c0089ee x22:1c0088f8
13589625ns          226947 1c0088f8 000026b7 lui              x13, 0x2000         x13=00002000
13589645ns          226948 1c0088fa f14027f3 csrrs            x15, x0, 0xf14      x15=00000000
13589705ns          226951 1c0088fe f8068693 addi             x13, x13, -128      x13=00001f80 x13:00002000
13589745ns          226953 1c008902 00379713 slli             x14, x15, 0x3       x14=00000000 x15:00000000
13589764ns          226954 1c008906 00279793 slli             x15, x15, 0x2       x15=00000000 x15:00000000
13589784ns          226955 1c008908 00d7f7b3 and              x15, x15, x13       x15=00000000 x15:00000000 x13:00001f80
13589804ns          226956 1c00890a ee873733 p.bclr           x14, x14, 23, 8     x14=00000000 x14:00000000
13589824ns          226957 1c00890e 1a10f6b7 lui              x13, 0x1a10f000     x13=1a10f000
13589844ns          226958 1c008912 0ff57513 andi             x10, x10, 255       x10=0000003d x10:0000003d
13589864ns          226959 1c008916 00d70733 add              x14, x14, x13       x14=1a10f000 x14:00000000 x13:1a10f000
13589884ns          226960 1c008918 00a7e723 p.sw             x10, x0(x15)        x10:0000003d x15:00000000  PA:1a10f000
13590202ns          226976 1c00891c 00000513 addi             x10, x0, 0          x10=00000000
13590222ns          226977 1c00891e 00008067 jalr             x0, x1, 0            x1:1c0089ee
13590282ns          226980 1c0089ee 31f52563 p.beqimm         x10, 778            x10:00000000
13590302ns          226981 1c0089f2 001d8d93 addi             x27, x27, 1         x27=00000002 x27:00000001
13590321ns          226982 1c0089f4 00044503 lbu              x10, 0(x8)          x10=00000020  x8:1c000092  PA:1c000092
13590620ns          226997 1c0089f8 00140413 addi             x8, x8, 1            x8=1c000093  x8:1c000092
13590640ns          226998 1c0089fa fe0514e3 bne              x10, x0, -24        x10:00000020
13590719ns          227002 1c0089e2 02500793 addi             x15, x0, 37         x15=00000025
13590739ns          227003 1c0089e6 04f50863 beq              x10, x15, 80        x10:00000020 x15:00000025
13590759ns          227004 1c0089ea 01a005b3 add              x11, x0, x26        x11=00000002 x26:00000002
13590779ns          227005 1c0089ec 000b00e7 jalr             x1, x22, 0           x1=1c0089ee x22:1c0088f8
13590819ns          227007 1c0088f8 000026b7 lui              x13, 0x2000         x13=00002000
13590839ns          227008 1c0088fa f14027f3 csrrs            x15, x0, 0xf14      x15=00000000
13590858ns          227009 1c0088fe f8068693 addi             x13, x13, -128      x13=00001f80 x13:00002000
13590878ns          227010 1c008902 00379713 slli             x14, x15, 0x3       x14=00000000 x15:00000000
13590898ns          227011 1c008906 00279793 slli             x15, x15, 0x2       x15=00000000 x15:00000000
13590918ns          227012 1c008908 00d7f7b3 and              x15, x15, x13       x15=00000000 x15:00000000 x13:00001f80
13590938ns          227013 1c00890a ee873733 p.bclr           x14, x14, 23, 8     x14=00000000 x14:00000000
13590958ns          227014 1c00890e 1a10f6b7 lui              x13, 0x1a10f000     x13=1a10f000
13590978ns          227015 1c008912 0ff57513 andi             x10, x10, 255       x10=00000020 x10:00000020
13590998ns          227016 1c008916 00d70733 add              x14, x14, x13       x14=1a10f000 x14:00000000 x13:1a10f000
13591018ns          227017 1c008918 00a7e723 p.sw             x10, x0(x15)        x10:00000020 x15:00000000  PA:1a10f000
13591336ns          227033 1c00891c 00000513 addi             x10, x0, 0          x10=00000000
13591356ns          227034 1c00891e 00008067 jalr             x0, x1, 0            x1:1c0089ee
13591415ns          227037 1c0089ee 31f52563 p.beqimm         x10, 778            x10:00000000
13591435ns          227038 1c0089f2 001d8d93 addi             x27, x27, 1         x27=00000003 x27:00000002
13591455ns          227039 1c0089f4 00044503 lbu              x10, 0(x8)          x10=00000074  x8:1c000093  PA:1c000093
13591754ns          227054 1c0089f8 00140413 addi             x8, x8, 1            x8=1c000094  x8:1c000093
13591773ns          227055 1c0089fa fe0514e3 bne              x10, x0, -24        x10:00000074
13591853ns          227059 1c0089e2 02500793 addi             x15, x0, 37         x15=00000025
13591873ns          227060 1c0089e6 04f50863 beq              x10, x15, 80        x10:00000074 x15:00000025
13591893ns          227061 1c0089ea 01a005b3 add              x11, x0, x26        x11=00000002 x26:00000002
13591913ns          227062 1c0089ec 000b00e7 jalr             x1, x22, 0           x1=1c0089ee x22:1c0088f8
13591952ns          227064 1c0088f8 000026b7 lui              x13, 0x2000         x13=00002000
13591972ns          227065 1c0088fa f14027f3 csrrs            x15, x0, 0xf14      x15=00000000
13591992ns          227066 1c0088fe f8068693 addi             x13, x13, -128      x13=00001f80 x13:00002000
13592012ns          227067 1c008902 00379713 slli             x14, x15, 0x3       x14=00000000 x15:00000000
13592032ns          227068 1c008906 00279793 slli             x15, x15, 0x2       x15=00000000 x15:00000000
13592052ns          227069 1c008908 00d7f7b3 and              x15, x15, x13       x15=00000000 x15:00000000 x13:00001f80
13592072ns          227070 1c00890a ee873733 p.bclr           x14, x14, 23, 8     x14=00000000 x14:00000000
13592092ns          227071 1c00890e 1a10f6b7 lui              x13, 0x1a10f000     x13=1a10f000
13592112ns          227072 1c008912 0ff57513 andi             x10, x10, 255       x10=00000074 x10:00000074
13592131ns          227073 1c008916 00d70733 add              x14, x14, x13       x14=1a10f000 x14:00000000 x13:1a10f000
13592151ns          227074 1c008918 00a7e723 p.sw             x10, x0(x15)        x10:00000074 x15:00000000  PA:1a10f000
13592470ns          227090 1c00891c 00000513 addi             x10, x0, 0          x10=00000000
13592490ns          227091 1c00891e 00008067 jalr             x0, x1, 0            x1:1c0089ee
13592549ns          227094 1c0089ee 31f52563 p.beqimm         x10, 778            x10:00000000
13592569ns          227095 1c0089f2 001d8d93 addi             x27, x27, 1         x27=00000004 x27:00000003
13592589ns          227096 1c0089f4 00044503 lbu              x10, 0(x8)          x10=00000065  x8:1c000094  PA:1c000094
13592907ns          227112 1c0089f8 00140413 addi             x8, x8, 1            x8=1c000095  x8:1c000094
13592927ns          227113 1c0089fa fe0514e3 bne              x10, x0, -24        x10:00000065
13593007ns          227117 1c0089e2 02500793 addi             x15, x0, 37         x15=00000025
13593027ns          227118 1c0089e6 04f50863 beq              x10, x15, 80        x10:00000065 x15:00000025
13593046ns          227119 1c0089ea 01a005b3 add              x11, x0, x26        x11=00000002 x26:00000002
13593066ns          227120 1c0089ec 000b00e7 jalr             x1, x22, 0           x1=1c0089ee x22:1c0088f8
13593106ns          227122 1c0088f8 000026b7 lui              x13, 0x2000         x13=00002000
13593126ns          227123 1c0088fa f14027f3 csrrs            x15, x0, 0xf14      x15=00000000
13593146ns          227124 1c0088fe f8068693 addi             x13, x13, -128      x13=00001f80 x13:00002000
13593166ns          227125 1c008902 00379713 slli             x14, x15, 0x3       x14=00000000 x15:00000000
13593186ns          227126 1c008906 00279793 slli             x15, x15, 0x2       x15=00000000 x15:00000000
13593206ns          227127 1c008908 00d7f7b3 and              x15, x15, x13       x15=00000000 x15:00000000 x13:00001f80
13593225ns          227128 1c00890a ee873733 p.bclr           x14, x14, 23, 8     x14=00000000 x14:00000000
13593245ns          227129 1c00890e 1a10f6b7 lui              x13, 0x1a10f000     x13=1a10f000
13593265ns          227130 1c008912 0ff57513 andi             x10, x10, 255       x10=00000065 x10:00000065
13593285ns          227131 1c008916 00d70733 add              x14, x14, x13       x14=1a10f000 x14:00000000 x13:1a10f000
13593305ns          227132 1c008918 00a7e723 p.sw             x10, x0(x15)        x10:00000065 x15:00000000  PA:1a10f000
13593623ns          227148 1c00891c 00000513 addi             x10, x0, 0          x10=00000000
13593643ns          227149 1c00891e 00008067 jalr             x0, x1, 0            x1:1c0089ee
13593703ns          227152 1c0089ee 31f52563 p.beqimm         x10, 778            x10:00000000
13593723ns          227153 1c0089f2 001d8d93 addi             x27, x27, 1         x27=00000005 x27:00000004
13593743ns          227154 1c0089f4 00044503 lbu              x10, 0(x8)          x10=00000073  x8:1c000095  PA:1c000095
13594061ns          227170 1c0089f8 00140413 addi             x8, x8, 1            x8=1c000096  x8:1c000095
13594081ns          227171 1c0089fa fe0514e3 bne              x10, x0, -24        x10:00000073
13594160ns          227175 1c0089e2 02500793 addi             x15, x0, 37         x15=00000025
13594180ns          227176 1c0089e6 04f50863 beq              x10, x15, 80        x10:00000073 x15:00000025
13594200ns          227177 1c0089ea 01a005b3 add              x11, x0, x26        x11=00000002 x26:00000002
13594220ns          227178 1c0089ec 000b00e7 jalr             x1, x22, 0           x1=1c0089ee x22:1c0088f8
13594260ns          227180 1c0088f8 000026b7 lui              x13, 0x2000         x13=00002000
13594280ns          227181 1c0088fa f14027f3 csrrs            x15, x0, 0xf14      x15=00000000
13594300ns          227182 1c0088fe f8068693 addi             x13, x13, -128      x13=00001f80 x13:00002000
13594319ns          227183 1c008902 00379713 slli             x14, x15, 0x3       x14=00000000 x15:00000000
13594339ns          227184 1c008906 00279793 slli             x15, x15, 0x2       x15=00000000 x15:00000000
13594359ns          227185 1c008908 00d7f7b3 and              x15, x15, x13       x15=00000000 x15:00000000 x13:00001f80
13594379ns          227186 1c00890a ee873733 p.bclr           x14, x14, 23, 8     x14=00000000 x14:00000000
13594399ns          227187 1c00890e 1a10f6b7 lui              x13, 0x1a10f000     x13=1a10f000
13594419ns          227188 1c008912 0ff57513 andi             x10, x10, 255       x10=00000073 x10:00000073
13594439ns          227189 1c008916 00d70733 add              x14, x14, x13       x14=1a10f000 x14:00000000 x13:1a10f000
13594459ns          227190 1c008918 00a7e723 p.sw             x10, x0(x15)        x10:00000073 x15:00000000  PA:1a10f000
13594777ns          227206 1c00891c 00000513 addi             x10, x0, 0          x10=00000000
13594797ns          227207 1c00891e 00008067 jalr             x0, x1, 0            x1:1c0089ee
13594857ns          227210 1c0089ee 31f52563 p.beqimm         x10, 778            x10:00000000
13594876ns          227211 1c0089f2 001d8d93 addi             x27, x27, 1         x27=00000006 x27:00000005
13594896ns          227212 1c0089f4 00044503 lbu              x10, 0(x8)          x10=00000074  x8:1c000096  PA:1c000096
13595215ns          227228 1c0089f8 00140413 addi             x8, x8, 1            x8=1c000097  x8:1c000096
13595234ns          227229 1c0089fa fe0514e3 bne              x10, x0, -24        x10:00000074
13595314ns          227233 1c0089e2 02500793 addi             x15, x0, 37         x15=00000025
13595334ns          227234 1c0089e6 04f50863 beq              x10, x15, 80        x10:00000074 x15:00000025
13595354ns          227235 1c0089ea 01a005b3 add              x11, x0, x26        x11=00000002 x26:00000002
13595374ns          227236 1c0089ec 000b00e7 jalr             x1, x22, 0           x1=1c0089ee x22:1c0088f8
13595413ns          227238 1c0088f8 000026b7 lui              x13, 0x2000         x13=00002000
13595433ns          227239 1c0088fa f14027f3 csrrs            x15, x0, 0xf14      x15=00000000
13595453ns          227240 1c0088fe f8068693 addi             x13, x13, -128      x13=00001f80 x13:00002000
13595473ns          227241 1c008902 00379713 slli             x14, x15, 0x3       x14=00000000 x15:00000000
13595493ns          227242 1c008906 00279793 slli             x15, x15, 0x2       x15=00000000 x15:00000000
13595513ns          227243 1c008908 00d7f7b3 and              x15, x15, x13       x15=00000000 x15:00000000 x13:00001f80
13595533ns          227244 1c00890a ee873733 p.bclr           x14, x14, 23, 8     x14=00000000 x14:00000000
13595553ns          227245 1c00890e 1a10f6b7 lui              x13, 0x1a10f000     x13=1a10f000
13595573ns          227246 1c008912 0ff57513 andi             x10, x10, 255       x10=00000074 x10:00000074
13595592ns          227247 1c008916 00d70733 add              x14, x14, x13       x14=1a10f000 x14:00000000 x13:1a10f000
13595612ns          227248 1c008918 00a7e723 p.sw             x10, x0(x15)        x10:00000074 x15:00000000  PA:1a10f000
13595931ns          227264 1c00891c 00000513 addi             x10, x0, 0          x10=00000000
13595951ns          227265 1c00891e 00008067 jalr             x0, x1, 0            x1:1c0089ee
13596010ns          227268 1c0089ee 31f52563 p.beqimm         x10, 778            x10:00000000
13596030ns          227269 1c0089f2 001d8d93 addi             x27, x27, 1         x27=00000007 x27:00000006
13596050ns          227270 1c0089f4 00044503 lbu              x10, 0(x8)          x10=0000003a  x8:1c000097  PA:1c000097
13596348ns          227285 1c0089f8 00140413 addi             x8, x8, 1            x8=1c000098  x8:1c000097
13596368ns          227286 1c0089fa fe0514e3 bne              x10, x0, -24        x10:0000003a
13596448ns          227290 1c0089e2 02500793 addi             x15, x0, 37         x15=00000025
13596468ns          227291 1c0089e6 04f50863 beq              x10, x15, 80        x10:0000003a x15:00000025
13596488ns          227292 1c0089ea 01a005b3 add              x11, x0, x26        x11=00000002 x26:00000002
13596507ns          227293 1c0089ec 000b00e7 jalr             x1, x22, 0           x1=1c0089ee x22:1c0088f8
13596547ns          227295 1c0088f8 000026b7 lui              x13, 0x2000         x13=00002000
13596567ns          227296 1c0088fa f14027f3 csrrs            x15, x0, 0xf14      x15=00000000
13596587ns          227297 1c0088fe f8068693 addi             x13, x13, -128      x13=00001f80 x13:00002000
13596607ns          227298 1c008902 00379713 slli             x14, x15, 0x3       x14=00000000 x15:00000000
13596627ns          227299 1c008906 00279793 slli             x15, x15, 0x2       x15=00000000 x15:00000000
13596647ns          227300 1c008908 00d7f7b3 and              x15, x15, x13       x15=00000000 x15:00000000 x13:00001f80
13596667ns          227301 1c00890a ee873733 p.bclr           x14, x14, 23, 8     x14=00000000 x14:00000000
13596686ns          227302 1c00890e 1a10f6b7 lui              x13, 0x1a10f000     x13=1a10f000
13596706ns          227303 1c008912 0ff57513 andi             x10, x10, 255       x10=0000003a x10:0000003a
13596726ns          227304 1c008916 00d70733 add              x14, x14, x13       x14=1a10f000 x14:00000000 x13:1a10f000
13596746ns          227305 1c008918 00a7e723 p.sw             x10, x0(x15)        x10:0000003a x15:00000000  PA:1a10f000
13597064ns          227321 1c00891c 00000513 addi             x10, x0, 0          x10=00000000
13597084ns          227322 1c00891e 00008067 jalr             x0, x1, 0            x1:1c0089ee
13597144ns          227325 1c0089ee 31f52563 p.beqimm         x10, 778            x10:00000000
13597164ns          227326 1c0089f2 001d8d93 addi             x27, x27, 1         x27=00000008 x27:00000007
13597184ns          227327 1c0089f4 00044503 lbu              x10, 0(x8)          x10=00000020  x8:1c000098  PA:1c000098
13597482ns          227342 1c0089f8 00140413 addi             x8, x8, 1            x8=1c000099  x8:1c000098
13597502ns          227343 1c0089fa fe0514e3 bne              x10, x0, -24        x10:00000020
13597582ns          227347 1c0089e2 02500793 addi             x15, x0, 37         x15=00000025
13597601ns          227348 1c0089e6 04f50863 beq              x10, x15, 80        x10:00000020 x15:00000025
13597621ns          227349 1c0089ea 01a005b3 add              x11, x0, x26        x11=00000002 x26:00000002
13597641ns          227350 1c0089ec 000b00e7 jalr             x1, x22, 0           x1=1c0089ee x22:1c0088f8
13597681ns          227352 1c0088f8 000026b7 lui              x13, 0x2000         x13=00002000
13597701ns          227353 1c0088fa f14027f3 csrrs            x15, x0, 0xf14      x15=00000000
13597721ns          227354 1c0088fe f8068693 addi             x13, x13, -128      x13=00001f80 x13:00002000
13597741ns          227355 1c008902 00379713 slli             x14, x15, 0x3       x14=00000000 x15:00000000
13597761ns          227356 1c008906 00279793 slli             x15, x15, 0x2       x15=00000000 x15:00000000
13597780ns          227357 1c008908 00d7f7b3 and              x15, x15, x13       x15=00000000 x15:00000000 x13:00001f80
13597800ns          227358 1c00890a ee873733 p.bclr           x14, x14, 23, 8     x14=00000000 x14:00000000
13597820ns          227359 1c00890e 1a10f6b7 lui              x13, 0x1a10f000     x13=1a10f000
13597840ns          227360 1c008912 0ff57513 andi             x10, x10, 255       x10=00000020 x10:00000020
13597860ns          227361 1c008916 00d70733 add              x14, x14, x13       x14=1a10f000 x14:00000000 x13:1a10f000
13597880ns          227362 1c008918 00a7e723 p.sw             x10, x0(x15)        x10:00000020 x15:00000000  PA:1a10f000
13598198ns          227378 1c00891c 00000513 addi             x10, x0, 0          x10=00000000
13598218ns          227379 1c00891e 00008067 jalr             x0, x1, 0            x1:1c0089ee
13598278ns          227382 1c0089ee 31f52563 p.beqimm         x10, 778            x10:00000000
13598298ns          227383 1c0089f2 001d8d93 addi             x27, x27, 1         x27=00000009 x27:00000008
13598318ns          227384 1c0089f4 00044503 lbu              x10, 0(x8)          x10=00000025  x8:1c000099  PA:1c000099
13598616ns          227399 1c0089f8 00140413 addi             x8, x8, 1            x8=1c00009a  x8:1c000099
13598636ns          227400 1c0089fa fe0514e3 bne              x10, x0, -24        x10:00000025
13598715ns          227404 1c0089e2 02500793 addi             x15, x0, 37         x15=00000025
13598735ns          227405 1c0089e6 04f50863 beq              x10, x15, 80        x10:00000025 x15:00000025
13598815ns          227409 1c008a36 00044483 lbu              x9, 0(x8)            x9=00000073  x8:1c00009a  PA:1c00009a
13599113ns          227424 1c008a3a 02000693 addi             x13, x0, 32         x13=00000020
13599272ns          227432 1c008a3e 00140a93 addi             x21, x8, 1          x21=1c00009b  x8:1c00009a
13599292ns          227433 1c008a42 009005b3 add              x11, x0, x9         x11=00000073  x9:00000073
13599312ns          227434 1c008a44 064b8513 addi             x10, x23, 100       x10=1c000064 x23:1c000000
13599332ns          227435 1c008a48 00d12823 sw               x13, 16(x2)         x13:00000020  x2:10000638  PA:10000648
13599352ns          227436 1c008a4a 00012c23 sw               x0, 24(x2)           x2:10000638  PA:10000650
13599372ns          227437 1c008a4c 00012a23 sw               x0, 20(x2)           x2:10000638  PA:1000064c
13599392ns          227438 1c008a4e 00012e23 sw               x0, 28(x2)           x2:10000638  PA:10000654
13599789ns          227458 1c008a50 00012623 sw               x0, 12(x2)           x2:10000638  PA:10000644
13599829ns          227460 1c008a52 02300913 addi             x18, x0, 35         x18=00000023
13599849ns          227461 1c008a56 02d00a13 addi             x20, x0, 45         x20=0000002d
13599869ns          227462 1c008a5a 015009b3 add              x19, x0, x21        x19=1c00009b x21:1c00009b
13599889ns          227463 1c008a5c e1dff0ef jal              x1, -484             x1=1c008a5e
13600008ns          227469 1c008878 00054783 lbu              x15, 0(x10)         x15=0000002d x10:1c000064  PA:1c000064
13600326ns          227485 1c00887c 0ff5f593 andi             x11, x11, 255       x11=00000073 x11:00000073
13600346ns          227486 1c008880 00b78c63 beq              x15, x11, 24        x15:0000002d x11:00000073
13600366ns          227487 1c008884 00078b63 beq              x15, x0, 22         x15:0000002d
13600386ns          227488 1c008886 00150793 addi             x15, x10, 1         x15=1c000065 x10:1c000064
13600406ns          227489 1c00888a 0040006f jal              x0, 4              
13600486ns          227493 1c00888e 00f00533 add              x10, x0, x15        x10=1c000065 x15:1c000065
13600505ns          227494 1c008890 0017c70b p.lbu            x14, 1(x15!)        x14=0000002b x15=1c000066 x15:1c000065  PA:1c000065
13600844ns          227511 1c008894 feb71ce3 bne              x14, x11, -8        x14:0000002b x11:00000073
13600903ns          227514 1c00888c 00070763 beq              x14, x0, 14         x14:0000002b
13600923ns          227515 1c00888e 00f00533 add              x10, x0, x15        x10=1c000066 x15:1c000066
13600943ns          227516 1c008890 0017c70b p.lbu            x14, 1(x15!)        x14=00000020 x15=1c000067 x15:1c000066  PA:1c000066
13601261ns          227532 1c008894 feb71ce3 bne              x14, x11, -8        x14:00000020 x11:00000073
13601321ns          227535 1c00888c 00070763 beq              x14, x0, 14         x14:00000020
13601341ns          227536 1c00888e 00f00533 add              x10, x0, x15        x10=1c000067 x15:1c000067
13601361ns          227537 1c008890 0017c70b p.lbu            x14, 1(x15!)        x14=00000023 x15=1c000068 x15:1c000067  PA:1c000067
13601679ns          227553 1c008894 feb71ce3 bne              x14, x11, -8        x14:00000023 x11:00000073
13601739ns          227556 1c00888c 00070763 beq              x14, x0, 14         x14:00000023
13601759ns          227557 1c00888e 00f00533 add              x10, x0, x15        x10=1c000068 x15:1c000068
13601778ns          227558 1c008890 0017c70b p.lbu            x14, 1(x15!)        x14=00000030 x15=1c000069 x15:1c000068  PA:1c000068
13602137ns          227576 1c008894 feb71ce3 bne              x14, x11, -8        x14:00000030 x11:00000073
13602196ns          227579 1c00888c 00070763 beq              x14, x0, 14         x14:00000030
13602216ns          227580 1c00888e 00f00533 add              x10, x0, x15        x10=1c000069 x15:1c000069
13602236ns          227581 1c008890 0017c70b p.lbu            x14, 1(x15!)        x14=00000000 x15=1c00006a x15:1c000069  PA:1c000069
13602554ns          227597 1c008894 feb71ce3 bne              x14, x11, -8        x14:00000000 x11:00000073
13602614ns          227600 1c00888c 00070763 beq              x14, x0, 14         x14:00000000
13602693ns          227604 1c00889a 0015b593 sltiu            x11, x11, 1         x11=00000000 x11:00000073
13602713ns          227605 1c00889e 40b005b3 sub              x11, x0, x11        x11=00000000 x11:00000000
13602733ns          227606 1c0088a2 00b57533 and              x10, x10, x11       x10=00000000 x10:1c000069 x11:00000000
13602753ns          227607 1c0088a4 00008067 jalr             x0, x1, 0            x1:1c008a5e
13602793ns          227609 1c008a5e 02050a63 beq              x10, x0, 52         x10:00000000
13602932ns          227616 1c008a92 02a00613 addi             x12, x0, 42         x12=0000002a
13602952ns          227617 1c008a96 2ac48663 beq              x9, x12, 684         x9:00000073 x12:0000002a
13602972ns          227618 1c008a9a fd048613 addi             x12, x9, -48        x12=00000043  x9:00000073
13602992ns          227619 1c008a9e 00900593 addi             x11, x0, 9          x11=00000009
13603012ns          227620 1c008aa0 00000913 addi             x18, x0, 0          x18=00000000
13603032ns          227621 1c008aa2 28c5f063 bgeu             x11, x12, 640       x11:00000009 x12:00000043
13603052ns          227622 1c008aa6 02e00693 addi             x13, x0, 46         x13=0000002e
13603071ns          227623 1c008aaa fff00a13 addi             x20, x0, -1         x20=ffffffff
13603091ns          227624 1c008aac 2ed48363 beq              x9, x13, 742         x9:00000073 x13:0000002e
13603111ns          227625 1c008ab0 1c0007b7 lui              x15, 0x1c000000     x15=1c000000
13603131ns          227626 1c008ab4 009005b3 add              x11, x0, x9         x11=00000073  x9:00000073
13603151ns          227627 1c008ab6 06c78513 addi             x10, x15, 108       x10=1c00006c x15:1c000000
13603171ns          227628 1c008aba dbfff0ef jal              x1, -578             x1=1c008abc
13603231ns          227631 1c008878 00054783 lbu              x15, 0(x10)         x15=00000068 x10:1c00006c  PA:1c00006c
13603529ns          227646 1c00887c 0ff5f593 andi             x11, x11, 255       x11=00000073 x11:00000073
13603549ns          227647 1c008880 00b78c63 beq              x15, x11, 24        x15:00000068 x11:00000073
13603569ns          227648 1c008884 00078b63 beq              x15, x0, 22         x15:00000068
13603589ns          227649 1c008886 00150793 addi             x15, x10, 1         x15=1c00006d x10:1c00006c
13603608ns          227650 1c00888a 0040006f jal              x0, 4              
13603708ns          227655 1c00888e 00f00533 add              x10, x0, x15        x10=1c00006d x15:1c00006d
13603728ns          227656 1c008890 0017c70b p.lbu            x14, 1(x15!)        x14=0000006c x15=1c00006e x15:1c00006d  PA:1c00006d
13604046ns          227672 1c008894 feb71ce3 bne              x14, x11, -8        x14:0000006c x11:00000073
13604106ns          227675 1c00888c 00070763 beq              x14, x0, 14         x14:0000006c
13604126ns          227676 1c00888e 00f00533 add              x10, x0, x15        x10=1c00006e x15:1c00006e
13604145ns          227677 1c008890 0017c70b p.lbu            x14, 1(x15!)        x14=0000004c x15=1c00006f x15:1c00006e  PA:1c00006e
13604464ns          227693 1c008894 feb71ce3 bne              x14, x11, -8        x14:0000004c x11:00000073
13604523ns          227696 1c00888c 00070763 beq              x14, x0, 14         x14:0000004c
13604543ns          227697 1c00888e 00f00533 add              x10, x0, x15        x10=1c00006f x15:1c00006f
13604563ns          227698 1c008890 0017c70b p.lbu            x14, 1(x15!)        x14=0000007a x15=1c000070 x15:1c00006f  PA:1c00006f
13604881ns          227714 1c008894 feb71ce3 bne              x14, x11, -8        x14:0000007a x11:00000073
13604941ns          227717 1c00888c 00070763 beq              x14, x0, 14         x14:0000007a
13604961ns          227718 1c00888e 00f00533 add              x10, x0, x15        x10=1c000070 x15:1c000070
13604981ns          227719 1c008890 0017c70b p.lbu            x14, 1(x15!)        x14=00000000 x15=1c000071 x15:1c000070  PA:1c000070
13605299ns          227735 1c008894 feb71ce3 bne              x14, x11, -8        x14:00000000 x11:00000073
13605359ns          227738 1c00888c 00070763 beq              x14, x0, 14         x14:00000000
13605438ns          227742 1c00889a 0015b593 sltiu            x11, x11, 1         x11=00000000 x11:00000073
13605458ns          227743 1c00889e 40b005b3 sub              x11, x0, x11        x11=00000000 x11:00000000
13605478ns          227744 1c0088a2 00b57533 and              x10, x10, x11       x10=00000000 x10:1c000070 x11:00000000
13605498ns          227745 1c0088a4 00008067 jalr             x0, x1, 0            x1:1c008abc
13605538ns          227747 1c008abc 01300433 add              x8, x0, x19          x8=1c00009b x19:1c00009b
13605558ns          227748 1c008abe 00050563 beq              x10, x0, 10         x10:00000000
13605617ns          227751 1c008ac8 06700693 addi             x13, x0, 103        x13=00000067
13605637ns          227752 1c008acc 2896d963 bge              x13, x9, 658        x13:00000067  x9:00000073
13606095ns          227775 1c008ad0 07000693 addi             x13, x0, 112        x13=00000070
13606135ns          227777 1c008ad4 7cd48763 beq              x9, x13, 1998        x9:00000073 x13:00000070
13606154ns          227778 1c008ad8 2e96d163 bge              x13, x9, 738        x13:00000070  x9:00000073
13606174ns          227779 1c008adc 07500693 addi             x13, x0, 117        x13=00000075
13606234ns          227782 1c008ae0 12d484e3 beq              x9, x13, 2344        x9:00000073 x13:00000075
13606274ns          227784 1c008ae4 07800693 addi             x13, x0, 120        x13=00000078
13606294ns          227785 1c008ae8 06d48663 beq              x9, x13, 108         x9:00000073 x13:00000078
13606314ns          227786 1c008aec 07300693 addi             x13, x0, 115        x13=00000073
13606373ns          227789 1c008af0 18d49ae3 bne              x9, x13, 2452        x9:00000073 x13:00000073
13606413ns          227791 1c008af4 000c2583 lw               x11, 0(x24)         x11=1c000054 x24:1000078c  PA:1000078c
13606433ns          227792 1c008af8 004c0993 addi             x19, x24, 4         x19=10000790 x24:1000078c
13606453ns          227793 1c008afc 00b006b3 add              x13, x0, x11        x13=1c000054 x11:1c000054
13606473ns          227794 1c008afe 00000493 addi             x9, x0, 0            x9=00000000
13606512ns          227796 1c008b00 0c8350fb lp.setupi        0x1, 0xc8, 0x6     
13606552ns          227798 1c008b04 0016c70b p.lbu            x14, 1(x13!)        x14=0000006d x13=1c000055 x13:1c000054  PA:1c000054
13606871ns          227814 1c008b08 180705e3 beq              x14, x0, 2442       x14:0000006d
13606890ns          227815 1c008b0c 00148493 addi             x9, x9, 1            x9=00000001  x9:00000000
13606910ns          227816 1c008b04 0016c70b p.lbu            x14, 1(x13!)        x14=00000061 x13=1c000056 x13:1c000055  PA:1c000055
13607229ns          227832 1c008b08 180705e3 beq              x14, x0, 2442       x14:00000061
13607248ns          227833 1c008b0c 00148493 addi             x9, x9, 1            x9=00000002  x9:00000001
13607268ns          227834 1c008b04 0016c70b p.lbu            x14, 1(x13!)        x14=00000063 x13=1c000057 x13:1c000056  PA:1c000056
13607587ns          227850 1c008b08 180705e3 beq              x14, x0, 2442       x14:00000063
13607606ns          227851 1c008b0c 00148493 addi             x9, x9, 1            x9=00000003  x9:00000002
13607626ns          227852 1c008b04 0016c70b p.lbu            x14, 1(x13!)        x14=0000005f x13=1c000058 x13:1c000057  PA:1c000057
13607945ns          227868 1c008b08 180705e3 beq              x14, x0, 2442       x14:0000005f
13607965ns          227869 1c008b0c 00148493 addi             x9, x9, 1            x9=00000004  x9:00000003
13607984ns          227870 1c008b04 0016c70b p.lbu            x14, 1(x13!)        x14=00000073 x13=1c000059 x13:1c000058  PA:1c000058
13608323ns          227887 1c008b08 180705e3 beq              x14, x0, 2442       x14:00000073
13608342ns          227888 1c008b0c 00148493 addi             x9, x9, 1            x9=00000005  x9:00000004
13608362ns          227889 1c008b04 0016c70b p.lbu            x14, 1(x13!)        x14=00000075 x13=1c00005a x13:1c000059  PA:1c000059
13608681ns          227905 1c008b08 180705e3 beq              x14, x0, 2442       x14:00000075
13608700ns          227906 1c008b0c 00148493 addi             x9, x9, 1            x9=00000006  x9:00000005
13608720ns          227907 1c008b04 0016c70b p.lbu            x14, 1(x13!)        x14=00000062 x13=1c00005b x13:1c00005a  PA:1c00005a
13609039ns          227923 1c008b08 180705e3 beq              x14, x0, 2442       x14:00000062
13609059ns          227924 1c008b0c 00148493 addi             x9, x9, 1            x9=00000007  x9:00000006
13609078ns          227925 1c008b04 0016c70b p.lbu            x14, 1(x13!)        x14=00000077 x13=1c00005c x13:1c00005b  PA:1c00005b
13609397ns          227941 1c008b08 180705e3 beq              x14, x0, 2442       x14:00000077
13609417ns          227942 1c008b0c 00148493 addi             x9, x9, 1            x9=00000008  x9:00000007
13609436ns          227943 1c008b04 0016c70b p.lbu            x14, 1(x13!)        x14=0000006f x13=1c00005d x13:1c00005c  PA:1c00005c
13609755ns          227959 1c008b08 180705e3 beq              x14, x0, 2442       x14:0000006f
13609775ns          227960 1c008b0c 00148493 addi             x9, x9, 1            x9=00000009  x9:00000008
13609794ns          227961 1c008b04 0016c70b p.lbu            x14, 1(x13!)        x14=00000072 x13=1c00005e x13:1c00005d  PA:1c00005d
13610153ns          227979 1c008b08 180705e3 beq              x14, x0, 2442       x14:00000072
13610172ns          227980 1c008b0c 00148493 addi             x9, x9, 1            x9=0000000a  x9:00000009
13610192ns          227981 1c008b04 0016c70b p.lbu            x14, 1(x13!)        x14=00000064 x13=1c00005f x13:1c00005e  PA:1c00005e
13610511ns          227997 1c008b08 180705e3 beq              x14, x0, 2442       x14:00000064
13610530ns          227998 1c008b0c 00148493 addi             x9, x9, 1            x9=0000000b  x9:0000000a
13610550ns          227999 1c008b04 0016c70b p.lbu            x14, 1(x13!)        x14=00000000 x13=1c000060 x13:1c00005f  PA:1c00005f
13610869ns          228015 1c008b08 180705e3 beq              x14, x0, 2442       x14:00000000
13611008ns          228022 1c009492 e80a5063 bge              x20, x0, -2432      x20:ffffffff
13611028ns          228023 1c009496 e80ff06f jal              x0, -2432          
13611067ns          228025 1c008b16 01300c33 add              x24, x0, x19        x24=10000790 x19:10000790
13611087ns          228026 1c008b18 ec0481e3 beq              x9, x0, -318         x9:0000000b
13611107ns          228027 1c008b1c 00900633 add              x12, x0, x9         x12=0000000b  x9:0000000b
13611127ns          228028 1c008b1e 01900533 add              x10, x0, x25        x10=1000065c x25:1000065c
13611167ns          228030 1c008b20 9e5ff0ef jal              x1, -1564            x1=1c008b22
13611246ns          228034 1c008504 00a5e7b3 or               x15, x11, x10       x15=1c00065c x11:1c000054 x10:1000065c
13611286ns          228036 1c008508 fa27b7b3 p.bclr           x15, x15, 29, 2     x15=00000000 x15:1c00065c
13611306ns          228037 1c00850c 00a00833 add              x16, x0, x10        x16=1000065c x10:1000065c
13611366ns          228040 1c00850e 10078163 beq              x15, x0, 258        x15:00000000
13611843ns          228064 1c008610 fa2637b3 p.bclr           x15, x12, 29, 2     x15=00000003 x12:0000000b
13611883ns          228066 1c008614 f00791e3 bne              x15, x0, -254       x15:00000003
13611963ns          228070 1c008516 00458793 addi             x15, x11, 4         x15=1c000058 x11:1c000054
13611982ns          228071 1c00851a 00450693 addi             x13, x10, 4         x13=10000660 x10:1000065c
13612042ns          228074 1c00851e 04a7b7b3 p.sletu          x15, x15, x10       x15=00000000 x15:1c000058 x10:1000065c
13612082ns          228076 1c008522 04b6b6b3 p.sletu          x13, x13, x11       x13=00000001 x13:10000660 x11:1c000054
13612102ns          228077 1c008526 00f00733 add              x14, x0, x15        x14=00000000 x15:00000000
13612122ns          228078 1c008528 00d007b3 add              x15, x0, x13        x15=00000001 x13:00000001
13612142ns          228079 1c00852a 00e7e7b3 or               x15, x15, x14       x15=00000001 x15:00000001 x14:00000000
13612161ns          228080 1c00852c 0ff7f793 andi             x15, x15, 255       x15=00000001 x15:00000001
13612181ns          228081 1c008530 0c078963 beq              x15, x0, 210        x15:00000001
13612221ns          228083 1c008532 00863793 sltiu            x15, x12, 8         x15=00000000 x12:0000000b
13612241ns          228084 1c008536 0017c793 xori             x15, x15, 1         x15=00000001 x15:00000000
13612261ns          228085 1c00853a 0ff7f793 andi             x15, x15, 255       x15=00000001 x15:00000001
13612281ns          228086 1c00853e 0c078263 beq              x15, x0, 196        x15:00000001
13612699ns          228107 1c008540 40b007b3 sub              x15, x0, x11        x15=e3ffffac x11:1c000054
13612738ns          228109 1c008544 fa27b7b3 p.bclr           x15, x15, 29, 2     x15=00000000 x15:e3ffffac
13612758ns          228110 1c008548 fff60313 addi             x6, x12, -1          x6=0000000a x12:0000000b
13612778ns          228111 1c00854c 0e078163 beq              x15, x0, 226        x15:00000000
13613673ns          228156 1c00862e 00b008b3 add              x17, x0, x11        x17=1c000054 x11:1c000054
13614151ns          228180 1c008630 00a00833 add              x16, x0, x10        x16=1000065c x10:1000065c
13614170ns          228181 1c008632 00c00333 add              x6, x0, x12          x6=0000000b x12:0000000b
13614190ns          228182 1c008634 f5bff06f jal              x0, -166           
13614648ns          228205 1c00858e 40f60633 sub              x12, x12, x15       x12=0000000b x12:0000000b x15:00000000
13615105ns          228228 1c008590 00265713 srli             x14, x12, 0x2       x14=00000002 x12:0000000b
13615145ns          228230 1c008594 00f506b3 add              x13, x10, x15       x13=1000065c x10:1000065c x15:00000000
13615165ns          228231 1c008598 00f585b3 add              x11, x11, x15       x11=1c000054 x11:1c000054 x15:00000000
13615185ns          228232 1c00859a 08070f63 beq              x14, x0, 158        x14:00000002
13615205ns          228233 1c00859c 004740fb lp.setup         0x1, x14, 0x4       x14:00000002
13615622ns          228254 1c0085a0 0045a78b p.lw             x15, 4(x11!)        x15=5f63616d x11=1c000058 x11:1c000054  PA:1c000054
13615941ns          228270 1c0085a4 00f6a22b p.sw             x15, 4(x13!)        x13=10000660 x15:5f63616d x13:1000065c  PA:1000065c
13615961ns          228271 1c0085a0 0045a78b p.lw             x15, 4(x11!)        x15=77627573 x11=1c00005c x11:1c000058  PA:1c000058
13616279ns          228287 1c0085a4 00f6a22b p.sw             x15, 4(x13!)        x13=10000664 x15:77627573 x13:10000660  PA:10000660
13616299ns          228288 1c0085a8 c20635b3 p.bclr           x11, x12, 1, 0      x11=00000008 x12:0000000b
13616319ns          228289 1c0085ac 40b306b3 sub              x13, x6, x11        x13=00000003  x6:0000000b x11:00000008
13616438ns          228295 1c0085b0 00b807b3 add              x15, x16, x11       x15=10000664 x16:1000065c x11:00000008
13616478ns          228297 1c0085b4 00b88733 add              x14, x17, x11       x14=1c00005c x17:1c000054 x11:00000008
13616498ns          228298 1c0085b8 04b60b63 beq              x12, x11, 86        x12:0000000b x11:00000008
13616518ns          228299 1c0085bc 00074603 lbu              x12, 0(x14)         x12=0000006f x14:1c00005c  PA:1c00005c
13616975ns          228322 1c0085c0 00c78023 sb               x12, 0(x15)         x12:0000006f x15:10000664  PA:10000664
13616995ns          228323 1c0085c4 0416a563 p.beqimm         x13, 74             x13:00000003
13617015ns          228324 1c0085c8 00174603 lbu              x12, 1(x14)         x12=00000072 x14:1c00005c  PA:1c00005d
13617333ns          228340 1c0085cc 00c780a3 sb               x12, 1(x15)         x12:00000072 x15:10000664  PA:10000665
13617472ns          228347 1c0085d0 0226af63 p.beqimm         x13, 62             x13:00000003
13617512ns          228349 1c0085d4 00274603 lbu              x12, 2(x14)         x12=00000064 x14:1c00005c  PA:1c00005e
13617830ns          228365 1c0085d8 00c78123 sb               x12, 2(x15)         x12:00000064 x15:10000664  PA:10000666
13617850ns          228366 1c0085dc 0236a963 p.beqimm         x13, 50             x13:00000003
13618069ns          228377 1c00860e 00008067 jalr             x0, x1, 0            x1:1c008b22
13618109ns          228379 1c008b22 01300c33 add              x24, x0, x19        x24=10000790 x19:10000790
13618129ns          228380 1c008b24 1b24db63 bge              x9, x18, 438         x9:0000000b x18:00000000
13618228ns          228385 1c008cda 01900933 add              x18, x0, x25        x18=1000065c x25:1000065c
13618268ns          228387 1c008cdc 419d8db3 sub              x27, x27, x25       x27=effff9ad x27:00000009 x25:1000065c
13618328ns          228390 1c008ce0 00a0006f jal              x0, 10             
13618387ns          228393 1c008cea 0019450b p.lbu            x10, 1(x18!)        x10=0000006d x18=1000065d x18:1000065c  PA:1000065c
13618407ns          228394 1c008cee 01a005b3 add              x11, x0, x26        x11=00000002 x26:00000002
13618447ns          228396 1c008cf0 000b00e7 jalr             x1, x22, 0           x1=1c008cf2 x22:1c0088f8
13618527ns          228400 1c0088f8 000026b7 lui              x13, 0x2000         x13=00002000
13618566ns          228402 1c0088fa f14027f3 csrrs            x15, x0, 0xf14      x15=00000000
13618626ns          228405 1c0088fe f8068693 addi             x13, x13, -128      x13=00001f80 x13:00002000
13618666ns          228407 1c008902 00379713 slli             x14, x15, 0x3       x14=00000000 x15:00000000
13618686ns          228408 1c008906 00279793 slli             x15, x15, 0x2       x15=00000000 x15:00000000
13618706ns          228409 1c008908 00d7f7b3 and              x15, x15, x13       x15=00000000 x15:00000000 x13:00001f80
13618725ns          228410 1c00890a ee873733 p.bclr           x14, x14, 23, 8     x14=00000000 x14:00000000
13618765ns          228412 1c00890e 1a10f6b7 lui              x13, 0x1a10f000     x13=1a10f000
13618805ns          228414 1c008912 0ff57513 andi             x10, x10, 255       x10=0000006d x10:0000006d
13618825ns          228415 1c008916 00d70733 add              x14, x14, x13       x14=1a10f000 x14:00000000 x13:1a10f000
13618845ns          228416 1c008918 00a7e723 p.sw             x10, x0(x15)        x10:0000006d x15:00000000  PA:1a10f000
13619163ns          228432 1c00891c 00000513 addi             x10, x0, 0          x10=00000000
13619183ns          228433 1c00891e 00008067 jalr             x0, x1, 0            x1:1c008cf2
13619223ns          228435 1c008cf2 fff48493 addi             x9, x9, -1           x9=0000000a  x9:0000000b
13619243ns          228436 1c008cf4 fff537e3 p.bneimm         x10, -18            x10:00000000
13619322ns          228440 1c008ce2 012d8733 add              x14, x27, x18       x14=0000000a x27:effff9ad x18:1000065d
13619342ns          228441 1c008ce6 5a048b63 beq              x9, x0, 1462         x9:0000000a
13619362ns          228442 1c008cea 0019450b p.lbu            x10, 1(x18!)        x10=00000061 x18=1000065e x18:1000065d  PA:1000065d
13619382ns          228443 1c008cee 01a005b3 add              x11, x0, x26        x11=00000002 x26:00000002
13619402ns          228444 1c008cf0 000b00e7 jalr             x1, x22, 0           x1=1c008cf2 x22:1c0088f8
13619441ns          228446 1c0088f8 000026b7 lui              x13, 0x2000         x13=00002000
13619461ns          228447 1c0088fa f14027f3 csrrs            x15, x0, 0xf14      x15=00000000
13619481ns          228448 1c0088fe f8068693 addi             x13, x13, -128      x13=00001f80 x13:00002000
13619501ns          228449 1c008902 00379713 slli             x14, x15, 0x3       x14=00000000 x15:00000000
13619521ns          228450 1c008906 00279793 slli             x15, x15, 0x2       x15=00000000 x15:00000000
13619541ns          228451 1c008908 00d7f7b3 and              x15, x15, x13       x15=00000000 x15:00000000 x13:00001f80
13619561ns          228452 1c00890a ee873733 p.bclr           x14, x14, 23, 8     x14=00000000 x14:00000000
13619581ns          228453 1c00890e 1a10f6b7 lui              x13, 0x1a10f000     x13=1a10f000
13619601ns          228454 1c008912 0ff57513 andi             x10, x10, 255       x10=00000061 x10:00000061
13619620ns          228455 1c008916 00d70733 add              x14, x14, x13       x14=1a10f000 x14:00000000 x13:1a10f000
13619640ns          228456 1c008918 00a7e723 p.sw             x10, x0(x15)        x10:00000061 x15:00000000  PA:1a10f000
13619959ns          228472 1c00891c 00000513 addi             x10, x0, 0          x10=00000000
13619979ns          228473 1c00891e 00008067 jalr             x0, x1, 0            x1:1c008cf2
13620018ns          228475 1c008cf2 fff48493 addi             x9, x9, -1           x9=00000009  x9:0000000a
13620038ns          228476 1c008cf4 fff537e3 p.bneimm         x10, -18            x10:00000000
13620118ns          228480 1c008ce2 012d8733 add              x14, x27, x18       x14=0000000b x27:effff9ad x18:1000065e
13620138ns          228481 1c008ce6 5a048b63 beq              x9, x0, 1462         x9:00000009
13620158ns          228482 1c008cea 0019450b p.lbu            x10, 1(x18!)        x10=00000063 x18=1000065f x18:1000065e  PA:1000065e
13620177ns          228483 1c008cee 01a005b3 add              x11, x0, x26        x11=00000002 x26:00000002
13620197ns          228484 1c008cf0 000b00e7 jalr             x1, x22, 0           x1=1c008cf2 x22:1c0088f8
13620237ns          228486 1c0088f8 000026b7 lui              x13, 0x2000         x13=00002000
13620257ns          228487 1c0088fa f14027f3 csrrs            x15, x0, 0xf14      x15=00000000
13620277ns          228488 1c0088fe f8068693 addi             x13, x13, -128      x13=00001f80 x13:00002000
13620297ns          228489 1c008902 00379713 slli             x14, x15, 0x3       x14=00000000 x15:00000000
13620317ns          228490 1c008906 00279793 slli             x15, x15, 0x2       x15=00000000 x15:00000000
13620337ns          228491 1c008908 00d7f7b3 and              x15, x15, x13       x15=00000000 x15:00000000 x13:00001f80
13620356ns          228492 1c00890a ee873733 p.bclr           x14, x14, 23, 8     x14=00000000 x14:00000000
13620376ns          228493 1c00890e 1a10f6b7 lui              x13, 0x1a10f000     x13=1a10f000
13620396ns          228494 1c008912 0ff57513 andi             x10, x10, 255       x10=00000063 x10:00000063
13620416ns          228495 1c008916 00d70733 add              x14, x14, x13       x14=1a10f000 x14:00000000 x13:1a10f000
13620436ns          228496 1c008918 00a7e723 p.sw             x10, x0(x15)        x10:00000063 x15:00000000  PA:1a10f000
13620774ns          228513 1c00891c 00000513 addi             x10, x0, 0          x10=00000000
13620794ns          228514 1c00891e 00008067 jalr             x0, x1, 0            x1:1c008cf2
13620834ns          228516 1c008cf2 fff48493 addi             x9, x9, -1           x9=00000008  x9:00000009
13620854ns          228517 1c008cf4 fff537e3 p.bneimm         x10, -18            x10:00000000
13620933ns          228521 1c008ce2 012d8733 add              x14, x27, x18       x14=0000000c x27:effff9ad x18:1000065f
13620953ns          228522 1c008ce6 5a048b63 beq              x9, x0, 1462         x9:00000008
13620973ns          228523 1c008cea 0019450b p.lbu            x10, 1(x18!)        x10=0000005f x18=10000660 x18:1000065f  PA:1000065f
13620993ns          228524 1c008cee 01a005b3 add              x11, x0, x26        x11=00000002 x26:00000002
13621013ns          228525 1c008cf0 000b00e7 jalr             x1, x22, 0           x1=1c008cf2 x22:1c0088f8
13621053ns          228527 1c0088f8 000026b7 lui              x13, 0x2000         x13=00002000
13621073ns          228528 1c0088fa f14027f3 csrrs            x15, x0, 0xf14      x15=00000000
13621092ns          228529 1c0088fe f8068693 addi             x13, x13, -128      x13=00001f80 x13:00002000
13621112ns          228530 1c008902 00379713 slli             x14, x15, 0x3       x14=00000000 x15:00000000
13621132ns          228531 1c008906 00279793 slli             x15, x15, 0x2       x15=00000000 x15:00000000
13621152ns          228532 1c008908 00d7f7b3 and              x15, x15, x13       x15=00000000 x15:00000000 x13:00001f80
13621172ns          228533 1c00890a ee873733 p.bclr           x14, x14, 23, 8     x14=00000000 x14:00000000
13621192ns          228534 1c00890e 1a10f6b7 lui              x13, 0x1a10f000     x13=1a10f000
13621212ns          228535 1c008912 0ff57513 andi             x10, x10, 255       x10=0000005f x10:0000005f
13621232ns          228536 1c008916 00d70733 add              x14, x14, x13       x14=1a10f000 x14:00000000 x13:1a10f000
13621252ns          228537 1c008918 00a7e723 p.sw             x10, x0(x15)        x10:0000005f x15:00000000  PA:1a10f000
13621570ns          228553 1c00891c 00000513 addi             x10, x0, 0          x10=00000000
13621590ns          228554 1c00891e 00008067 jalr             x0, x1, 0            x1:1c008cf2
13621629ns          228556 1c008cf2 fff48493 addi             x9, x9, -1           x9=00000007  x9:00000008
13621649ns          228557 1c008cf4 fff537e3 p.bneimm         x10, -18            x10:00000000
13621729ns          228561 1c008ce2 012d8733 add              x14, x27, x18       x14=0000000d x27:effff9ad x18:10000660
13621749ns          228562 1c008ce6 5a048b63 beq              x9, x0, 1462         x9:00000007
13621769ns          228563 1c008cea 0019450b p.lbu            x10, 1(x18!)        x10=00000073 x18=10000661 x18:10000660  PA:10000660
13621789ns          228564 1c008cee 01a005b3 add              x11, x0, x26        x11=00000002 x26:00000002
13621808ns          228565 1c008cf0 000b00e7 jalr             x1, x22, 0           x1=1c008cf2 x22:1c0088f8
13621848ns          228567 1c0088f8 000026b7 lui              x13, 0x2000         x13=00002000
13621868ns          228568 1c0088fa f14027f3 csrrs            x15, x0, 0xf14      x15=00000000
13621888ns          228569 1c0088fe f8068693 addi             x13, x13, -128      x13=00001f80 x13:00002000
13621908ns          228570 1c008902 00379713 slli             x14, x15, 0x3       x14=00000000 x15:00000000
13621928ns          228571 1c008906 00279793 slli             x15, x15, 0x2       x15=00000000 x15:00000000
13621948ns          228572 1c008908 00d7f7b3 and              x15, x15, x13       x15=00000000 x15:00000000 x13:00001f80
13621968ns          228573 1c00890a ee873733 p.bclr           x14, x14, 23, 8     x14=00000000 x14:00000000
13621987ns          228574 1c00890e 1a10f6b7 lui              x13, 0x1a10f000     x13=1a10f000
13622007ns          228575 1c008912 0ff57513 andi             x10, x10, 255       x10=00000073 x10:00000073
13622027ns          228576 1c008916 00d70733 add              x14, x14, x13       x14=1a10f000 x14:00000000 x13:1a10f000
13622047ns          228577 1c008918 00a7e723 p.sw             x10, x0(x15)        x10:00000073 x15:00000000  PA:1a10f000
13622365ns          228593 1c00891c 00000513 addi             x10, x0, 0          x10=00000000
13622385ns          228594 1c00891e 00008067 jalr             x0, x1, 0            x1:1c008cf2
13622425ns          228596 1c008cf2 fff48493 addi             x9, x9, -1           x9=00000006  x9:00000007
13622445ns          228597 1c008cf4 fff537e3 p.bneimm         x10, -18            x10:00000000
13622525ns          228601 1c008ce2 012d8733 add              x14, x27, x18       x14=0000000e x27:effff9ad x18:10000661
13622544ns          228602 1c008ce6 5a048b63 beq              x9, x0, 1462         x9:00000006
13622564ns          228603 1c008cea 0019450b p.lbu            x10, 1(x18!)        x10=00000075 x18=10000662 x18:10000661  PA:10000661
13622584ns          228604 1c008cee 01a005b3 add              x11, x0, x26        x11=00000002 x26:00000002
13622604ns          228605 1c008cf0 000b00e7 jalr             x1, x22, 0           x1=1c008cf2 x22:1c0088f8
13622644ns          228607 1c0088f8 000026b7 lui              x13, 0x2000         x13=00002000
13622664ns          228608 1c0088fa f14027f3 csrrs            x15, x0, 0xf14      x15=00000000
13622684ns          228609 1c0088fe f8068693 addi             x13, x13, -128      x13=00001f80 x13:00002000
13622704ns          228610 1c008902 00379713 slli             x14, x15, 0x3       x14=00000000 x15:00000000
13622723ns          228611 1c008906 00279793 slli             x15, x15, 0x2       x15=00000000 x15:00000000
13622743ns          228612 1c008908 00d7f7b3 and              x15, x15, x13       x15=00000000 x15:00000000 x13:00001f80
13622763ns          228613 1c00890a ee873733 p.bclr           x14, x14, 23, 8     x14=00000000 x14:00000000
13622783ns          228614 1c00890e 1a10f6b7 lui              x13, 0x1a10f000     x13=1a10f000
13622803ns          228615 1c008912 0ff57513 andi             x10, x10, 255       x10=00000075 x10:00000075
13622823ns          228616 1c008916 00d70733 add              x14, x14, x13       x14=1a10f000 x14:00000000 x13:1a10f000
13622843ns          228617 1c008918 00a7e723 p.sw             x10, x0(x15)        x10:00000075 x15:00000000  PA:1a10f000
13623161ns          228633 1c00891c 00000513 addi             x10, x0, 0          x10=00000000
13623181ns          228634 1c00891e 00008067 jalr             x0, x1, 0            x1:1c008cf2
13623221ns          228636 1c008cf2 fff48493 addi             x9, x9, -1           x9=00000005  x9:00000006
13623241ns          228637 1c008cf4 fff537e3 p.bneimm         x10, -18            x10:00000000
13623320ns          228641 1c008ce2 012d8733 add              x14, x27, x18       x14=0000000f x27:effff9ad x18:10000662
13623340ns          228642 1c008ce6 5a048b63 beq              x9, x0, 1462         x9:00000005
13623360ns          228643 1c008cea 0019450b p.lbu            x10, 1(x18!)        x10=00000062 x18=10000663 x18:10000662  PA:10000662
13623380ns          228644 1c008cee 01a005b3 add              x11, x0, x26        x11=00000002 x26:00000002
13623400ns          228645 1c008cf0 000b00e7 jalr             x1, x22, 0           x1=1c008cf2 x22:1c0088f8
13623440ns          228647 1c0088f8 000026b7 lui              x13, 0x2000         x13=00002000
13623459ns          228648 1c0088fa f14027f3 csrrs            x15, x0, 0xf14      x15=00000000
13623479ns          228649 1c0088fe f8068693 addi             x13, x13, -128      x13=00001f80 x13:00002000
13623499ns          228650 1c008902 00379713 slli             x14, x15, 0x3       x14=00000000 x15:00000000
13623519ns          228651 1c008906 00279793 slli             x15, x15, 0x2       x15=00000000 x15:00000000
13623539ns          228652 1c008908 00d7f7b3 and              x15, x15, x13       x15=00000000 x15:00000000 x13:00001f80
13623559ns          228653 1c00890a ee873733 p.bclr           x14, x14, 23, 8     x14=00000000 x14:00000000
13623579ns          228654 1c00890e 1a10f6b7 lui              x13, 0x1a10f000     x13=1a10f000
13623599ns          228655 1c008912 0ff57513 andi             x10, x10, 255       x10=00000062 x10:00000062
13623619ns          228656 1c008916 00d70733 add              x14, x14, x13       x14=1a10f000 x14:00000000 x13:1a10f000
13623638ns          228657 1c008918 00a7e723 p.sw             x10, x0(x15)        x10:00000062 x15:00000000  PA:1a10f000
13623957ns          228673 1c00891c 00000513 addi             x10, x0, 0          x10=00000000
13623977ns          228674 1c00891e 00008067 jalr             x0, x1, 0            x1:1c008cf2
13624016ns          228676 1c008cf2 fff48493 addi             x9, x9, -1           x9=00000004  x9:00000005
13624036ns          228677 1c008cf4 fff537e3 p.bneimm         x10, -18            x10:00000000
13624116ns          228681 1c008ce2 012d8733 add              x14, x27, x18       x14=00000010 x27:effff9ad x18:10000663
13624136ns          228682 1c008ce6 5a048b63 beq              x9, x0, 1462         x9:00000004
13624156ns          228683 1c008cea 0019450b p.lbu            x10, 1(x18!)        x10=00000077 x18=10000664 x18:10000663  PA:10000663
13624175ns          228684 1c008cee 01a005b3 add              x11, x0, x26        x11=00000002 x26:00000002
13624195ns          228685 1c008cf0 000b00e7 jalr             x1, x22, 0           x1=1c008cf2 x22:1c0088f8
13624235ns          228687 1c0088f8 000026b7 lui              x13, 0x2000         x13=00002000
13624255ns          228688 1c0088fa f14027f3 csrrs            x15, x0, 0xf14      x15=00000000
13624275ns          228689 1c0088fe f8068693 addi             x13, x13, -128      x13=00001f80 x13:00002000
13624295ns          228690 1c008902 00379713 slli             x14, x15, 0x3       x14=00000000 x15:00000000
13624315ns          228691 1c008906 00279793 slli             x15, x15, 0x2       x15=00000000 x15:00000000
13624335ns          228692 1c008908 00d7f7b3 and              x15, x15, x13       x15=00000000 x15:00000000 x13:00001f80
13624354ns          228693 1c00890a ee873733 p.bclr           x14, x14, 23, 8     x14=00000000 x14:00000000
13624374ns          228694 1c00890e 1a10f6b7 lui              x13, 0x1a10f000     x13=1a10f000
13624394ns          228695 1c008912 0ff57513 andi             x10, x10, 255       x10=00000077 x10:00000077
13624414ns          228696 1c008916 00d70733 add              x14, x14, x13       x14=1a10f000 x14:00000000 x13:1a10f000
13624434ns          228697 1c008918 00a7e723 p.sw             x10, x0(x15)        x10:00000077 x15:00000000  PA:1a10f000
13624772ns          228714 1c00891c 00000513 addi             x10, x0, 0          x10=00000000
13624792ns          228715 1c00891e 00008067 jalr             x0, x1, 0            x1:1c008cf2
13624832ns          228717 1c008cf2 fff48493 addi             x9, x9, -1           x9=00000003  x9:00000004
13624852ns          228718 1c008cf4 fff537e3 p.bneimm         x10, -18            x10:00000000
13624931ns          228722 1c008ce2 012d8733 add              x14, x27, x18       x14=00000011 x27:effff9ad x18:10000664
13624951ns          228723 1c008ce6 5a048b63 beq              x9, x0, 1462         x9:00000003
13624971ns          228724 1c008cea 0019450b p.lbu            x10, 1(x18!)        x10=0000006f x18=10000665 x18:10000664  PA:10000664
13624991ns          228725 1c008cee 01a005b3 add              x11, x0, x26        x11=00000002 x26:00000002
13625011ns          228726 1c008cf0 000b00e7 jalr             x1, x22, 0           x1=1c008cf2 x22:1c0088f8
13625051ns          228728 1c0088f8 000026b7 lui              x13, 0x2000         x13=00002000
13625071ns          228729 1c0088fa f14027f3 csrrs            x15, x0, 0xf14      x15=00000000
13625090ns          228730 1c0088fe f8068693 addi             x13, x13, -128      x13=00001f80 x13:00002000
13625110ns          228731 1c008902 00379713 slli             x14, x15, 0x3       x14=00000000 x15:00000000
13625130ns          228732 1c008906 00279793 slli             x15, x15, 0x2       x15=00000000 x15:00000000
13625150ns          228733 1c008908 00d7f7b3 and              x15, x15, x13       x15=00000000 x15:00000000 x13:00001f80
13625170ns          228734 1c00890a ee873733 p.bclr           x14, x14, 23, 8     x14=00000000 x14:00000000
13625190ns          228735 1c00890e 1a10f6b7 lui              x13, 0x1a10f000     x13=1a10f000
13625210ns          228736 1c008912 0ff57513 andi             x10, x10, 255       x10=0000006f x10:0000006f
13625230ns          228737 1c008916 00d70733 add              x14, x14, x13       x14=1a10f000 x14:00000000 x13:1a10f000
13625250ns          228738 1c008918 00a7e723 p.sw             x10, x0(x15)        x10:0000006f x15:00000000  PA:1a10f000
13625568ns          228754 1c00891c 00000513 addi             x10, x0, 0          x10=00000000
13625588ns          228755 1c00891e 00008067 jalr             x0, x1, 0            x1:1c008cf2
13625628ns          228757 1c008cf2 fff48493 addi             x9, x9, -1           x9=00000002  x9:00000003
13625647ns          228758 1c008cf4 fff537e3 p.bneimm         x10, -18            x10:00000000
13625727ns          228762 1c008ce2 012d8733 add              x14, x27, x18       x14=00000012 x27:effff9ad x18:10000665
13625747ns          228763 1c008ce6 5a048b63 beq              x9, x0, 1462         x9:00000002
13625767ns          228764 1c008cea 0019450b p.lbu            x10, 1(x18!)        x10=00000072 x18=10000666 x18:10000665  PA:10000665
13625787ns          228765 1c008cee 01a005b3 add              x11, x0, x26        x11=00000002 x26:00000002
13625807ns          228766 1c008cf0 000b00e7 jalr             x1, x22, 0           x1=1c008cf2 x22:1c0088f8
13625846ns          228768 1c0088f8 000026b7 lui              x13, 0x2000         x13=00002000
13625866ns          228769 1c0088fa f14027f3 csrrs            x15, x0, 0xf14      x15=00000000
13625886ns          228770 1c0088fe f8068693 addi             x13, x13, -128      x13=00001f80 x13:00002000
13625906ns          228771 1c008902 00379713 slli             x14, x15, 0x3       x14=00000000 x15:00000000
13625926ns          228772 1c008906 00279793 slli             x15, x15, 0x2       x15=00000000 x15:00000000
13625946ns          228773 1c008908 00d7f7b3 and              x15, x15, x13       x15=00000000 x15:00000000 x13:00001f80
13625966ns          228774 1c00890a ee873733 p.bclr           x14, x14, 23, 8     x14=00000000 x14:00000000
13625986ns          228775 1c00890e 1a10f6b7 lui              x13, 0x1a10f000     x13=1a10f000
13626005ns          228776 1c008912 0ff57513 andi             x10, x10, 255       x10=00000072 x10:00000072
13626025ns          228777 1c008916 00d70733 add              x14, x14, x13       x14=1a10f000 x14:00000000 x13:1a10f000
13626045ns          228778 1c008918 00a7e723 p.sw             x10, x0(x15)        x10:00000072 x15:00000000  PA:1a10f000
13626363ns          228794 1c00891c 00000513 addi             x10, x0, 0          x10=00000000
13626383ns          228795 1c00891e 00008067 jalr             x0, x1, 0            x1:1c008cf2
13626423ns          228797 1c008cf2 fff48493 addi             x9, x9, -1           x9=00000001  x9:00000002
13626443ns          228798 1c008cf4 fff537e3 p.bneimm         x10, -18            x10:00000000
13626523ns          228802 1c008ce2 012d8733 add              x14, x27, x18       x14=00000013 x27:effff9ad x18:10000666
13626542ns          228803 1c008ce6 5a048b63 beq              x9, x0, 1462         x9:00000001
13626562ns          228804 1c008cea 0019450b p.lbu            x10, 1(x18!)        x10=00000064 x18=10000667 x18:10000666  PA:10000666
13626582ns          228805 1c008cee 01a005b3 add              x11, x0, x26        x11=00000002 x26:00000002
13626602ns          228806 1c008cf0 000b00e7 jalr             x1, x22, 0           x1=1c008cf2 x22:1c0088f8
13626642ns          228808 1c0088f8 000026b7 lui              x13, 0x2000         x13=00002000
13626662ns          228809 1c0088fa f14027f3 csrrs            x15, x0, 0xf14      x15=00000000
13626682ns          228810 1c0088fe f8068693 addi             x13, x13, -128      x13=00001f80 x13:00002000
13626702ns          228811 1c008902 00379713 slli             x14, x15, 0x3       x14=00000000 x15:00000000
13626721ns          228812 1c008906 00279793 slli             x15, x15, 0x2       x15=00000000 x15:00000000
13626741ns          228813 1c008908 00d7f7b3 and              x15, x15, x13       x15=00000000 x15:00000000 x13:00001f80
13626761ns          228814 1c00890a ee873733 p.bclr           x14, x14, 23, 8     x14=00000000 x14:00000000
13626781ns          228815 1c00890e 1a10f6b7 lui              x13, 0x1a10f000     x13=1a10f000
13626801ns          228816 1c008912 0ff57513 andi             x10, x10, 255       x10=00000064 x10:00000064
13626821ns          228817 1c008916 00d70733 add              x14, x14, x13       x14=1a10f000 x14:00000000 x13:1a10f000
13626841ns          228818 1c008918 00a7e723 p.sw             x10, x0(x15)        x10:00000064 x15:00000000  PA:1a10f000
13627159ns          228834 1c00891c 00000513 addi             x10, x0, 0          x10=00000000
13627179ns          228835 1c00891e 00008067 jalr             x0, x1, 0            x1:1c008cf2
13627219ns          228837 1c008cf2 fff48493 addi             x9, x9, -1           x9=00000000  x9:00000001
13627239ns          228838 1c008cf4 fff537e3 p.bneimm         x10, -18            x10:00000000
13627318ns          228842 1c008ce2 012d8733 add              x14, x27, x18       x14=00000014 x27:effff9ad x18:10000667
13627338ns          228843 1c008ce6 5a048b63 beq              x9, x0, 1462         x9:00000000
13627438ns          228848 1c00929c 00e00db3 add              x27, x0, x14        x27=00000014 x14:00000014
13627517ns          228852 1c00929e f3cff06f jal              x0, -2244          
13628014ns          228877 1c0089da 00044503 lbu              x10, 0(x8)          x10=00000020  x8:1c00009b  PA:1c00009b
13628333ns          228893 1c0089de 00140413 addi             x8, x8, 1            x8=1c00009c  x8:1c00009b
13628353ns          228894 1c0089e0 00050e63 beq              x10, x0, 28         x10:00000020
13628372ns          228895 1c0089e2 02500793 addi             x15, x0, 37         x15=00000025
13628392ns          228896 1c0089e6 04f50863 beq              x10, x15, 80        x10:00000020 x15:00000025
13628412ns          228897 1c0089ea 01a005b3 add              x11, x0, x26        x11=00000002 x26:00000002
13628432ns          228898 1c0089ec 000b00e7 jalr             x1, x22, 0           x1=1c0089ee x22:1c0088f8
13628551ns          228904 1c0088f8 000026b7 lui              x13, 0x2000         x13=00002000
13628591ns          228906 1c0088fa f14027f3 csrrs            x15, x0, 0xf14      x15=00000000
13628611ns          228907 1c0088fe f8068693 addi             x13, x13, -128      x13=00001f80 x13:00002000
13628631ns          228908 1c008902 00379713 slli             x14, x15, 0x3       x14=00000000 x15:00000000
13628651ns          228909 1c008906 00279793 slli             x15, x15, 0x2       x15=00000000 x15:00000000
13628671ns          228910 1c008908 00d7f7b3 and              x15, x15, x13       x15=00000000 x15:00000000 x13:00001f80
13628691ns          228911 1c00890a ee873733 p.bclr           x14, x14, 23, 8     x14=00000000 x14:00000000
13628711ns          228912 1c00890e 1a10f6b7 lui              x13, 0x1a10f000     x13=1a10f000
13628730ns          228913 1c008912 0ff57513 andi             x10, x10, 255       x10=00000020 x10:00000020
13628750ns          228914 1c008916 00d70733 add              x14, x14, x13       x14=1a10f000 x14:00000000 x13:1a10f000
13628770ns          228915 1c008918 00a7e723 p.sw             x10, x0(x15)        x10:00000020 x15:00000000  PA:1a10f000
13629088ns          228931 1c00891c 00000513 addi             x10, x0, 0          x10=00000000
13629108ns          228932 1c00891e 00008067 jalr             x0, x1, 0            x1:1c0089ee
13629168ns          228935 1c0089ee 31f52563 p.beqimm         x10, 778            x10:00000000
13629188ns          228936 1c0089f2 001d8d93 addi             x27, x27, 1         x27=00000015 x27:00000014
13629208ns          228937 1c0089f4 00044503 lbu              x10, 0(x8)          x10=0000002d  x8:1c00009c  PA:1c00009c
13629506ns          228952 1c0089f8 00140413 addi             x8, x8, 1            x8=1c00009d  x8:1c00009c
13629526ns          228953 1c0089fa fe0514e3 bne              x10, x0, -24        x10:0000002d
13629606ns          228957 1c0089e2 02500793 addi             x15, x0, 37         x15=00000025
13629626ns          228958 1c0089e6 04f50863 beq              x10, x15, 80        x10:0000002d x15:00000025
13629645ns          228959 1c0089ea 01a005b3 add              x11, x0, x26        x11=00000002 x26:00000002
13629665ns          228960 1c0089ec 000b00e7 jalr             x1, x22, 0           x1=1c0089ee x22:1c0088f8
13629705ns          228962 1c0088f8 000026b7 lui              x13, 0x2000         x13=00002000
13629725ns          228963 1c0088fa f14027f3 csrrs            x15, x0, 0xf14      x15=00000000
13629745ns          228964 1c0088fe f8068693 addi             x13, x13, -128      x13=00001f80 x13:00002000
13629765ns          228965 1c008902 00379713 slli             x14, x15, 0x3       x14=00000000 x15:00000000
13629785ns          228966 1c008906 00279793 slli             x15, x15, 0x2       x15=00000000 x15:00000000
13629805ns          228967 1c008908 00d7f7b3 and              x15, x15, x13       x15=00000000 x15:00000000 x13:00001f80
13629824ns          228968 1c00890a ee873733 p.bclr           x14, x14, 23, 8     x14=00000000 x14:00000000
13629844ns          228969 1c00890e 1a10f6b7 lui              x13, 0x1a10f000     x13=1a10f000
13629864ns          228970 1c008912 0ff57513 andi             x10, x10, 255       x10=0000002d x10:0000002d
13629884ns          228971 1c008916 00d70733 add              x14, x14, x13       x14=1a10f000 x14:00000000 x13:1a10f000
13629904ns          228972 1c008918 00a7e723 p.sw             x10, x0(x15)        x10:0000002d x15:00000000  PA:1a10f000
13630222ns          228988 1c00891c 00000513 addi             x10, x0, 0          x10=00000000
13630242ns          228989 1c00891e 00008067 jalr             x0, x1, 0            x1:1c0089ee
13630302ns          228992 1c0089ee 31f52563 p.beqimm         x10, 778            x10:00000000
13630322ns          228993 1c0089f2 001d8d93 addi             x27, x27, 1         x27=00000016 x27:00000015
13630342ns          228994 1c0089f4 00044503 lbu              x10, 0(x8)          x10=0000003e  x8:1c00009d  PA:1c00009d
13630660ns          229010 1c0089f8 00140413 addi             x8, x8, 1            x8=1c00009e  x8:1c00009d
13630680ns          229011 1c0089fa fe0514e3 bne              x10, x0, -24        x10:0000003e
13630759ns          229015 1c0089e2 02500793 addi             x15, x0, 37         x15=00000025
13630779ns          229016 1c0089e6 04f50863 beq              x10, x15, 80        x10:0000003e x15:00000025
13630799ns          229017 1c0089ea 01a005b3 add              x11, x0, x26        x11=00000002 x26:00000002
13630819ns          229018 1c0089ec 000b00e7 jalr             x1, x22, 0           x1=1c0089ee x22:1c0088f8
13630859ns          229020 1c0088f8 000026b7 lui              x13, 0x2000         x13=00002000
13630879ns          229021 1c0088fa f14027f3 csrrs            x15, x0, 0xf14      x15=00000000
13630899ns          229022 1c0088fe f8068693 addi             x13, x13, -128      x13=00001f80 x13:00002000
13630918ns          229023 1c008902 00379713 slli             x14, x15, 0x3       x14=00000000 x15:00000000
13630938ns          229024 1c008906 00279793 slli             x15, x15, 0x2       x15=00000000 x15:00000000
13630958ns          229025 1c008908 00d7f7b3 and              x15, x15, x13       x15=00000000 x15:00000000 x13:00001f80
13630978ns          229026 1c00890a ee873733 p.bclr           x14, x14, 23, 8     x14=00000000 x14:00000000
13630998ns          229027 1c00890e 1a10f6b7 lui              x13, 0x1a10f000     x13=1a10f000
13631018ns          229028 1c008912 0ff57513 andi             x10, x10, 255       x10=0000003e x10:0000003e
13631038ns          229029 1c008916 00d70733 add              x14, x14, x13       x14=1a10f000 x14:00000000 x13:1a10f000
13631058ns          229030 1c008918 00a7e723 p.sw             x10, x0(x15)        x10:0000003e x15:00000000  PA:1a10f000
13631396ns          229047 1c00891c 00000513 addi             x10, x0, 0          x10=00000000
13631416ns          229048 1c00891e 00008067 jalr             x0, x1, 0            x1:1c0089ee
13631475ns          229051 1c0089ee 31f52563 p.beqimm         x10, 778            x10:00000000
13631495ns          229052 1c0089f2 001d8d93 addi             x27, x27, 1         x27=00000017 x27:00000016
13631515ns          229053 1c0089f4 00044503 lbu              x10, 0(x8)          x10=00000020  x8:1c00009e  PA:1c00009e
13631814ns          229068 1c0089f8 00140413 addi             x8, x8, 1            x8=1c00009f  x8:1c00009e
13631833ns          229069 1c0089fa fe0514e3 bne              x10, x0, -24        x10:00000020
13631913ns          229073 1c0089e2 02500793 addi             x15, x0, 37         x15=00000025
13631933ns          229074 1c0089e6 04f50863 beq              x10, x15, 80        x10:00000020 x15:00000025
13631953ns          229075 1c0089ea 01a005b3 add              x11, x0, x26        x11=00000002 x26:00000002
13631973ns          229076 1c0089ec 000b00e7 jalr             x1, x22, 0           x1=1c0089ee x22:1c0088f8
13632012ns          229078 1c0088f8 000026b7 lui              x13, 0x2000         x13=00002000
13632032ns          229079 1c0088fa f14027f3 csrrs            x15, x0, 0xf14      x15=00000000
13632052ns          229080 1c0088fe f8068693 addi             x13, x13, -128      x13=00001f80 x13:00002000
13632072ns          229081 1c008902 00379713 slli             x14, x15, 0x3       x14=00000000 x15:00000000
13632092ns          229082 1c008906 00279793 slli             x15, x15, 0x2       x15=00000000 x15:00000000
13632112ns          229083 1c008908 00d7f7b3 and              x15, x15, x13       x15=00000000 x15:00000000 x13:00001f80
13632132ns          229084 1c00890a ee873733 p.bclr           x14, x14, 23, 8     x14=00000000 x14:00000000
13632152ns          229085 1c00890e 1a10f6b7 lui              x13, 0x1a10f000     x13=1a10f000
13632172ns          229086 1c008912 0ff57513 andi             x10, x10, 255       x10=00000020 x10:00000020
13632191ns          229087 1c008916 00d70733 add              x14, x14, x13       x14=1a10f000 x14:00000000 x13:1a10f000
13632211ns          229088 1c008918 00a7e723 p.sw             x10, x0(x15)        x10:00000020 x15:00000000  PA:1a10f000
13632530ns          229104 1c00891c 00000513 addi             x10, x0, 0          x10=00000000
13632549ns          229105 1c00891e 00008067 jalr             x0, x1, 0            x1:1c0089ee
13632609ns          229108 1c0089ee 31f52563 p.beqimm         x10, 778            x10:00000000
13632629ns          229109 1c0089f2 001d8d93 addi             x27, x27, 1         x27=00000018 x27:00000017
13632649ns          229110 1c0089f4 00044503 lbu              x10, 0(x8)          x10=00000000  x8:1c00009f  PA:1c00009f
13632947ns          229125 1c0089f8 00140413 addi             x8, x8, 1            x8=1c0000a0  x8:1c00009f
13632967ns          229126 1c0089fa fe0514e3 bne              x10, x0, -24        x10:00000000
13632987ns          229127 1c0089fc 01b00433 add              x8, x0, x27          x8=00000018 x27:00000018
13633007ns          229128 1c0089fe 00800533 add              x10, x0, x8         x10=00000018  x8:00000018
13633027ns          229129 1c008a00 12c12083 lw               x1, 300(x2)          x1=1c00898c  x2:10000638  PA:10000764
13633047ns          229130 1c008a04 12812403 lw               x8, 296(x2)          x8=1c000e80  x2:10000638  PA:10000760
13633067ns          229131 1c008a08 12412483 lw               x9, 292(x2)          x9=00000000  x2:10000638  PA:1000075c
13633087ns          229132 1c008a0c 12012903 lw               x18, 288(x2)        x18=1a10b004  x2:10000638  PA:10000758
13633126ns          229134 1c008a10 11c12983 lw               x19, 284(x2)        x19=00000000  x2:10000638  PA:10000754
13633166ns          229136 1c008a14 11812a03 lw               x20, 280(x2)        x20=1c000e84  x2:10000638  PA:10000750
13633186ns          229137 1c008a18 11412a83 lw               x21, 276(x2)        x21=1c00a000  x2:10000638  PA:1000074c
13633206ns          229138 1c008a1c 11012b03 lw               x22, 272(x2)        x22=1c00a000  x2:10000638  PA:10000748
13633266ns          229141 1c008a20 10c12b83 lw               x23, 268(x2)        x23=1c000000  x2:10000638  PA:10000744
13633305ns          229143 1c008a24 10812c03 lw               x24, 264(x2)        x24=1c000000  x2:10000638  PA:10000740
13633325ns          229144 1c008a28 10412c83 lw               x25, 260(x2)        x25=1c000000  x2:10000638  PA:1000073c
13633345ns          229145 1c008a2c 10012d03 lw               x26, 256(x2)        x26=1c000000  x2:10000638  PA:10000738
13633783ns          229167 1c008a30 0fc12d83 lw               x27, 252(x2)        x27=1c000e70  x2:10000638  PA:10000734
13633803ns          229168 1c008a32 13010113 addi             x2, x2, 304          x2=10000768  x2:10000638
13633822ns          229169 1c008a34 00008067 jalr             x0, x1, 0            x1:1c00898c
13633902ns          229173 1c00898c 01c12083 lw               x1, 28(x2)           x1=1c009b9a  x2:10000768  PA:10000784
13633922ns          229174 1c00898e 04010113 addi             x2, x2, 64           x2=100007a8  x2:10000768
13634360ns          229196 1c008990 00008067 jalr             x0, x1, 0            x1:1c009b9a
13634439ns          229200 1c009b9a 00c12703 lw               x14, 12(x2)         x14=00000000  x2:100007a8  PA:100007b4
13634479ns          229202 1c009b9c 0a0b8513 addi             x10, x23, 160       x10=1c0000a0 x23:1c000000
13634539ns          229205 1c009ba0 00070563 beq              x14, x0, 10         x14:00000000
13634618ns          229209 1c009baa dbbfe0ef jal              x1, -4678            x1=1c009bae
13634718ns          229214 1c008964 fc010113 addi             x2, x2, -64          x2=10000768  x2:100007a8
13634737ns          229215 1c008966 02410313 addi             x6, x2, 36           x6=1000078c  x2:10000768
13634757ns          229216 1c00896a 02c12423 sw               x12, 40(x2)         x12:00000064  x2:10000768  PA:10000790
13634777ns          229217 1c00896c 00a00633 add              x12, x0, x10        x12=1c0000a0 x10:1c0000a0
13634817ns          229219 1c00896e 1c009537 lui              x10, 0x1c009000     x10=1c009000
13634837ns          229220 1c008972 02b12223 sw               x11, 36(x2)         x11:00000002  x2:10000768  PA:1000078c
13634857ns          229221 1c008974 02d12623 sw               x13, 44(x2)         x13:1a10f000  x2:10000768  PA:10000794
13634877ns          229222 1c008976 00200593 addi             x11, x0, 2          x11=00000002
13634897ns          229223 1c008978 006006b3 add              x13, x0, x6         x13=1000078c  x6:1000078c
13634916ns          229224 1c00897a 8f850513 addi             x10, x10, -1800     x10=1c0088f8 x10:1c009000
13634936ns          229225 1c00897e 00112e23 sw               x1, 28(x2)           x1:1c009bae  x2:10000768  PA:10000784
13634956ns          229226 1c008980 02e12823 sw               x14, 48(x2)         x14:00000000  x2:10000768  PA:10000798
13634976ns          229227 1c008982 02f12a23 sw               x15, 52(x2)         x15:00000000  x2:10000768  PA:1000079c
13634996ns          229228 1c008984 03012c23 sw               x16, 56(x2)         x16:1000065c  x2:10000768  PA:100007a0
13635016ns          229229 1c008986 03112e23 sw               x17, 60(x2)         x17:1c000054  x2:10000768  PA:100007a4
13635036ns          229230 1c008988 00612623 sw               x6, 12(x2)           x6:1000078c  x2:10000768  PA:10000774
13635056ns          229231 1c00898a fbfff0ef jal              x1, -66              x1=1c00898c
13635533ns          229255 1c008948 04a0006f jal              x0, 74             
13635573ns          229257 1c008992 ed010113 addi             x2, x2, -304         x2=10000638  x2:10000768
13635593ns          229258 1c008994 12812423 sw               x8, 296(x2)          x8:1c000e80  x2:10000638  PA:10000760
13635613ns          229259 1c008998 00000413 addi             x8, x0, 0            x8=00000000
13635633ns          229260 1c00899a 11612823 sw               x22, 272(x2)        x22:1c00a000  x2:10000638  PA:10000748
13635692ns          229263 1c00899e 11712623 sw               x23, 268(x2)        x23:1c000000  x2:10000638  PA:10000744
13635732ns          229265 1c0089a2 11812423 sw               x24, 264(x2)        x24:1c000000  x2:10000638  PA:10000740
13635752ns          229266 1c0089a6 11912223 sw               x25, 260(x2)        x25:1c000000  x2:10000638  PA:1000073c
13635772ns          229267 1c0089aa 11a12023 sw               x26, 256(x2)        x26:1c000000  x2:10000638  PA:10000738
13635792ns          229268 1c0089ae 0fb12e23 sw               x27, 252(x2)        x27:1c000e70  x2:10000638  PA:10000734
13635812ns          229269 1c0089b0 12112623 sw               x1, 300(x2)          x1:1c00898c  x2:10000638  PA:10000764
13635831ns          229270 1c0089b4 00800db3 add              x27, x0, x8         x27=00000000  x8:00000000
13635851ns          229271 1c0089b6 12912223 sw               x9, 292(x2)          x9:00000000  x2:10000638  PA:1000075c
13635871ns          229272 1c0089ba 13212023 sw               x18, 288(x2)        x18:1a10b004  x2:10000638  PA:10000758
13636289ns          229293 1c0089be 11312e23 sw               x19, 284(x2)        x19:00000000  x2:10000638  PA:10000754
13636329ns          229295 1c0089c2 11412c23 sw               x20, 280(x2)        x20:1c000e84  x2:10000638  PA:10000750
13636349ns          229296 1c0089c6 11512a23 sw               x21, 276(x2)        x21:1c00a000  x2:10000638  PA:1000074c
13636369ns          229297 1c0089ca 00a00b33 add              x22, x0, x10        x22=1c0088f8 x10:1c0088f8
13636388ns          229298 1c0089cc 00b00d33 add              x26, x0, x11        x26=00000002 x11:00000002
13636408ns          229299 1c0089ce 00d00c33 add              x24, x0, x13        x24=1000078c x13:1000078c
13636428ns          229300 1c0089d0 1c000bb7 lui              x23, 0x1c000000     x23=1c000000
13636448ns          229301 1c0089d4 02410c93 addi             x25, x2, 36         x25=1000065c  x2:10000638
13636468ns          229302 1c0089d8 00c00433 add              x8, x0, x12          x8=1c0000a0 x12:1c0000a0
13636488ns          229303 1c0089da 00044503 lbu              x10, 0(x8)          x10=00000073  x8:1c0000a0  PA:1c0000a0
13636786ns          229318 1c0089de 00140413 addi             x8, x8, 1            x8=1c0000a1  x8:1c0000a0
13636806ns          229319 1c0089e0 00050e63 beq              x10, x0, 28         x10:00000073
13636826ns          229320 1c0089e2 02500793 addi             x15, x0, 37         x15=00000025
13636846ns          229321 1c0089e6 04f50863 beq              x10, x15, 80        x10:00000073 x15:00000025
13636866ns          229322 1c0089ea 01a005b3 add              x11, x0, x26        x11=00000002 x26:00000002
13636886ns          229323 1c0089ec 000b00e7 jalr             x1, x22, 0           x1=1c0089ee x22:1c0088f8
13636925ns          229325 1c0088f8 000026b7 lui              x13, 0x2000         x13=00002000
13636945ns          229326 1c0088fa f14027f3 csrrs            x15, x0, 0xf14      x15=00000000
13636965ns          229327 1c0088fe f8068693 addi             x13, x13, -128      x13=00001f80 x13:00002000
13636985ns          229328 1c008902 00379713 slli             x14, x15, 0x3       x14=00000000 x15:00000000
13637005ns          229329 1c008906 00279793 slli             x15, x15, 0x2       x15=00000000 x15:00000000
13637025ns          229330 1c008908 00d7f7b3 and              x15, x15, x13       x15=00000000 x15:00000000 x13:00001f80
13637045ns          229331 1c00890a ee873733 p.bclr           x14, x14, 23, 8     x14=00000000 x14:00000000
13637085ns          229333 1c00890e 1a10f6b7 lui              x13, 0x1a10f000     x13=1a10f000
13637124ns          229335 1c008912 0ff57513 andi             x10, x10, 255       x10=00000073 x10:00000073
13637144ns          229336 1c008916 00d70733 add              x14, x14, x13       x14=1a10f000 x14:00000000 x13:1a10f000
13637164ns          229337 1c008918 00a7e723 p.sw             x10, x0(x15)        x10:00000073 x15:00000000  PA:1a10f000
13637482ns          229353 1c00891c 00000513 addi             x10, x0, 0          x10=00000000
13637502ns          229354 1c00891e 00008067 jalr             x0, x1, 0            x1:1c0089ee
13637562ns          229357 1c0089ee 31f52563 p.beqimm         x10, 778            x10:00000000
13637582ns          229358 1c0089f2 001d8d93 addi             x27, x27, 1         x27=00000001 x27:00000000
13637602ns          229359 1c0089f4 00044503 lbu              x10, 0(x8)          x10=00000075  x8:1c0000a1  PA:1c0000a1
13637900ns          229374 1c0089f8 00140413 addi             x8, x8, 1            x8=1c0000a2  x8:1c0000a1
13637920ns          229375 1c0089fa fe0514e3 bne              x10, x0, -24        x10:00000075
13638000ns          229379 1c0089e2 02500793 addi             x15, x0, 37         x15=00000025
13638019ns          229380 1c0089e6 04f50863 beq              x10, x15, 80        x10:00000075 x15:00000025
13638039ns          229381 1c0089ea 01a005b3 add              x11, x0, x26        x11=00000002 x26:00000002
13638059ns          229382 1c0089ec 000b00e7 jalr             x1, x22, 0           x1=1c0089ee x22:1c0088f8
13638099ns          229384 1c0088f8 000026b7 lui              x13, 0x2000         x13=00002000
13638119ns          229385 1c0088fa f14027f3 csrrs            x15, x0, 0xf14      x15=00000000
13638139ns          229386 1c0088fe f8068693 addi             x13, x13, -128      x13=00001f80 x13:00002000
13638159ns          229387 1c008902 00379713 slli             x14, x15, 0x3       x14=00000000 x15:00000000
13638179ns          229388 1c008906 00279793 slli             x15, x15, 0x2       x15=00000000 x15:00000000
13638198ns          229389 1c008908 00d7f7b3 and              x15, x15, x13       x15=00000000 x15:00000000 x13:00001f80
13638218ns          229390 1c00890a ee873733 p.bclr           x14, x14, 23, 8     x14=00000000 x14:00000000
13638238ns          229391 1c00890e 1a10f6b7 lui              x13, 0x1a10f000     x13=1a10f000
13638258ns          229392 1c008912 0ff57513 andi             x10, x10, 255       x10=00000075 x10:00000075
13638278ns          229393 1c008916 00d70733 add              x14, x14, x13       x14=1a10f000 x14:00000000 x13:1a10f000
13638298ns          229394 1c008918 00a7e723 p.sw             x10, x0(x15)        x10:00000075 x15:00000000  PA:1a10f000
13638616ns          229410 1c00891c 00000513 addi             x10, x0, 0          x10=00000000
13638636ns          229411 1c00891e 00008067 jalr             x0, x1, 0            x1:1c0089ee
13638696ns          229414 1c0089ee 31f52563 p.beqimm         x10, 778            x10:00000000
13638716ns          229415 1c0089f2 001d8d93 addi             x27, x27, 1         x27=00000002 x27:00000001
13638736ns          229416 1c0089f4 00044503 lbu              x10, 0(x8)          x10=00000063  x8:1c0000a2  PA:1c0000a2
13639034ns          229431 1c0089f8 00140413 addi             x8, x8, 1            x8=1c0000a3  x8:1c0000a2
13639054ns          229432 1c0089fa fe0514e3 bne              x10, x0, -24        x10:00000063
13639133ns          229436 1c0089e2 02500793 addi             x15, x0, 37         x15=00000025
13639153ns          229437 1c0089e6 04f50863 beq              x10, x15, 80        x10:00000063 x15:00000025
13639173ns          229438 1c0089ea 01a005b3 add              x11, x0, x26        x11=00000002 x26:00000002
13639193ns          229439 1c0089ec 000b00e7 jalr             x1, x22, 0           x1=1c0089ee x22:1c0088f8
13639233ns          229441 1c0088f8 000026b7 lui              x13, 0x2000         x13=00002000
13639253ns          229442 1c0088fa f14027f3 csrrs            x15, x0, 0xf14      x15=00000000
13639273ns          229443 1c0088fe f8068693 addi             x13, x13, -128      x13=00001f80 x13:00002000
13639292ns          229444 1c008902 00379713 slli             x14, x15, 0x3       x14=00000000 x15:00000000
13639312ns          229445 1c008906 00279793 slli             x15, x15, 0x2       x15=00000000 x15:00000000
13639332ns          229446 1c008908 00d7f7b3 and              x15, x15, x13       x15=00000000 x15:00000000 x13:00001f80
13639352ns          229447 1c00890a ee873733 p.bclr           x14, x14, 23, 8     x14=00000000 x14:00000000
13639372ns          229448 1c00890e 1a10f6b7 lui              x13, 0x1a10f000     x13=1a10f000
13639392ns          229449 1c008912 0ff57513 andi             x10, x10, 255       x10=00000063 x10:00000063
13639412ns          229450 1c008916 00d70733 add              x14, x14, x13       x14=1a10f000 x14:00000000 x13:1a10f000
13639432ns          229451 1c008918 00a7e723 p.sw             x10, x0(x15)        x10:00000063 x15:00000000  PA:1a10f000
13639750ns          229467 1c00891c 00000513 addi             x10, x0, 0          x10=00000000
13639770ns          229468 1c00891e 00008067 jalr             x0, x1, 0            x1:1c0089ee
13639830ns          229471 1c0089ee 31f52563 p.beqimm         x10, 778            x10:00000000
13639849ns          229472 1c0089f2 001d8d93 addi             x27, x27, 1         x27=00000003 x27:00000002
13639869ns          229473 1c0089f4 00044503 lbu              x10, 0(x8)          x10=00000063  x8:1c0000a3  PA:1c0000a3
13640188ns          229489 1c0089f8 00140413 addi             x8, x8, 1            x8=1c0000a4  x8:1c0000a3
13640207ns          229490 1c0089fa fe0514e3 bne              x10, x0, -24        x10:00000063
13640287ns          229494 1c0089e2 02500793 addi             x15, x0, 37         x15=00000025
13640307ns          229495 1c0089e6 04f50863 beq              x10, x15, 80        x10:00000063 x15:00000025
13640327ns          229496 1c0089ea 01a005b3 add              x11, x0, x26        x11=00000002 x26:00000002
13640347ns          229497 1c0089ec 000b00e7 jalr             x1, x22, 0           x1=1c0089ee x22:1c0088f8
13640386ns          229499 1c0088f8 000026b7 lui              x13, 0x2000         x13=00002000
13640406ns          229500 1c0088fa f14027f3 csrrs            x15, x0, 0xf14      x15=00000000
13640426ns          229501 1c0088fe f8068693 addi             x13, x13, -128      x13=00001f80 x13:00002000
13640446ns          229502 1c008902 00379713 slli             x14, x15, 0x3       x14=00000000 x15:00000000
13640466ns          229503 1c008906 00279793 slli             x15, x15, 0x2       x15=00000000 x15:00000000
13640486ns          229504 1c008908 00d7f7b3 and              x15, x15, x13       x15=00000000 x15:00000000 x13:00001f80
13640506ns          229505 1c00890a ee873733 p.bclr           x14, x14, 23, 8     x14=00000000 x14:00000000
13640526ns          229506 1c00890e 1a10f6b7 lui              x13, 0x1a10f000     x13=1a10f000
13640546ns          229507 1c008912 0ff57513 andi             x10, x10, 255       x10=00000063 x10:00000063
13640565ns          229508 1c008916 00d70733 add              x14, x14, x13       x14=1a10f000 x14:00000000 x13:1a10f000
13640585ns          229509 1c008918 00a7e723 p.sw             x10, x0(x15)        x10:00000063 x15:00000000  PA:1a10f000
13640904ns          229525 1c00891c 00000513 addi             x10, x0, 0          x10=00000000
13640923ns          229526 1c00891e 00008067 jalr             x0, x1, 0            x1:1c0089ee
13640983ns          229529 1c0089ee 31f52563 p.beqimm         x10, 778            x10:00000000
13641003ns          229530 1c0089f2 001d8d93 addi             x27, x27, 1         x27=00000004 x27:00000003
13641023ns          229531 1c0089f4 00044503 lbu              x10, 0(x8)          x10=00000065  x8:1c0000a4  PA:1c0000a4
13641321ns          229546 1c0089f8 00140413 addi             x8, x8, 1            x8=1c0000a5  x8:1c0000a4
13641341ns          229547 1c0089fa fe0514e3 bne              x10, x0, -24        x10:00000065
13641421ns          229551 1c0089e2 02500793 addi             x15, x0, 37         x15=00000025
13641441ns          229552 1c0089e6 04f50863 beq              x10, x15, 80        x10:00000065 x15:00000025
13641461ns          229553 1c0089ea 01a005b3 add              x11, x0, x26        x11=00000002 x26:00000002
13641480ns          229554 1c0089ec 000b00e7 jalr             x1, x22, 0           x1=1c0089ee x22:1c0088f8
13641520ns          229556 1c0088f8 000026b7 lui              x13, 0x2000         x13=00002000
13641540ns          229557 1c0088fa f14027f3 csrrs            x15, x0, 0xf14      x15=00000000
13641560ns          229558 1c0088fe f8068693 addi             x13, x13, -128      x13=00001f80 x13:00002000
13641580ns          229559 1c008902 00379713 slli             x14, x15, 0x3       x14=00000000 x15:00000000
13641600ns          229560 1c008906 00279793 slli             x15, x15, 0x2       x15=00000000 x15:00000000
13641620ns          229561 1c008908 00d7f7b3 and              x15, x15, x13       x15=00000000 x15:00000000 x13:00001f80
13641640ns          229562 1c00890a ee873733 p.bclr           x14, x14, 23, 8     x14=00000000 x14:00000000
13641659ns          229563 1c00890e 1a10f6b7 lui              x13, 0x1a10f000     x13=1a10f000
13641679ns          229564 1c008912 0ff57513 andi             x10, x10, 255       x10=00000065 x10:00000065
13641699ns          229565 1c008916 00d70733 add              x14, x14, x13       x14=1a10f000 x14:00000000 x13:1a10f000
13641719ns          229566 1c008918 00a7e723 p.sw             x10, x0(x15)        x10:00000065 x15:00000000  PA:1a10f000
13642057ns          229583 1c00891c 00000513 addi             x10, x0, 0          x10=00000000
13642077ns          229584 1c00891e 00008067 jalr             x0, x1, 0            x1:1c0089ee
13642137ns          229587 1c0089ee 31f52563 p.beqimm         x10, 778            x10:00000000
13642157ns          229588 1c0089f2 001d8d93 addi             x27, x27, 1         x27=00000005 x27:00000004
13642177ns          229589 1c0089f4 00044503 lbu              x10, 0(x8)          x10=00000073  x8:1c0000a5  PA:1c0000a5
13642475ns          229604 1c0089f8 00140413 addi             x8, x8, 1            x8=1c0000a6  x8:1c0000a5
13642495ns          229605 1c0089fa fe0514e3 bne              x10, x0, -24        x10:00000073
13642574ns          229609 1c0089e2 02500793 addi             x15, x0, 37         x15=00000025
13642594ns          229610 1c0089e6 04f50863 beq              x10, x15, 80        x10:00000073 x15:00000025
13642614ns          229611 1c0089ea 01a005b3 add              x11, x0, x26        x11=00000002 x26:00000002
13642634ns          229612 1c0089ec 000b00e7 jalr             x1, x22, 0           x1=1c0089ee x22:1c0088f8
13642674ns          229614 1c0088f8 000026b7 lui              x13, 0x2000         x13=00002000
13642694ns          229615 1c0088fa f14027f3 csrrs            x15, x0, 0xf14      x15=00000000
13642714ns          229616 1c0088fe f8068693 addi             x13, x13, -128      x13=00001f80 x13:00002000
13642734ns          229617 1c008902 00379713 slli             x14, x15, 0x3       x14=00000000 x15:00000000
13642753ns          229618 1c008906 00279793 slli             x15, x15, 0x2       x15=00000000 x15:00000000
13642773ns          229619 1c008908 00d7f7b3 and              x15, x15, x13       x15=00000000 x15:00000000 x13:00001f80
13642793ns          229620 1c00890a ee873733 p.bclr           x14, x14, 23, 8     x14=00000000 x14:00000000
13642813ns          229621 1c00890e 1a10f6b7 lui              x13, 0x1a10f000     x13=1a10f000
13642833ns          229622 1c008912 0ff57513 andi             x10, x10, 255       x10=00000073 x10:00000073
13642853ns          229623 1c008916 00d70733 add              x14, x14, x13       x14=1a10f000 x14:00000000 x13:1a10f000
13642873ns          229624 1c008918 00a7e723 p.sw             x10, x0(x15)        x10:00000073 x15:00000000  PA:1a10f000
13643191ns          229640 1c00891c 00000513 addi             x10, x0, 0          x10=00000000
13643211ns          229641 1c00891e 00008067 jalr             x0, x1, 0            x1:1c0089ee
13643271ns          229644 1c0089ee 31f52563 p.beqimm         x10, 778            x10:00000000
13643290ns          229645 1c0089f2 001d8d93 addi             x27, x27, 1         x27=00000006 x27:00000005
13643310ns          229646 1c0089f4 00044503 lbu              x10, 0(x8)          x10=00000073  x8:1c0000a6  PA:1c0000a6
13643629ns          229662 1c0089f8 00140413 addi             x8, x8, 1            x8=1c0000a7  x8:1c0000a6
13643649ns          229663 1c0089fa fe0514e3 bne              x10, x0, -24        x10:00000073
13643728ns          229667 1c0089e2 02500793 addi             x15, x0, 37         x15=00000025
13643748ns          229668 1c0089e6 04f50863 beq              x10, x15, 80        x10:00000073 x15:00000025
13643768ns          229669 1c0089ea 01a005b3 add              x11, x0, x26        x11=00000002 x26:00000002
13643788ns          229670 1c0089ec 000b00e7 jalr             x1, x22, 0           x1=1c0089ee x22:1c0088f8
13643828ns          229672 1c0088f8 000026b7 lui              x13, 0x2000         x13=00002000
13643847ns          229673 1c0088fa f14027f3 csrrs            x15, x0, 0xf14      x15=00000000
13643867ns          229674 1c0088fe f8068693 addi             x13, x13, -128      x13=00001f80 x13:00002000
13643887ns          229675 1c008902 00379713 slli             x14, x15, 0x3       x14=00000000 x15:00000000
13643907ns          229676 1c008906 00279793 slli             x15, x15, 0x2       x15=00000000 x15:00000000
13643927ns          229677 1c008908 00d7f7b3 and              x15, x15, x13       x15=00000000 x15:00000000 x13:00001f80
13643947ns          229678 1c00890a ee873733 p.bclr           x14, x14, 23, 8     x14=00000000 x14:00000000
13643967ns          229679 1c00890e 1a10f6b7 lui              x13, 0x1a10f000     x13=1a10f000
13643987ns          229680 1c008912 0ff57513 andi             x10, x10, 255       x10=00000073 x10:00000073
13644007ns          229681 1c008916 00d70733 add              x14, x14, x13       x14=1a10f000 x14:00000000 x13:1a10f000
13644026ns          229682 1c008918 00a7e723 p.sw             x10, x0(x15)        x10:00000073 x15:00000000  PA:1a10f000
13644345ns          229698 1c00891c 00000513 addi             x10, x0, 0          x10=00000000
13644365ns          229699 1c00891e 00008067 jalr             x0, x1, 0            x1:1c0089ee
13644424ns          229702 1c0089ee 31f52563 p.beqimm         x10, 778            x10:00000000
13644444ns          229703 1c0089f2 001d8d93 addi             x27, x27, 1         x27=00000007 x27:00000006
13644464ns          229704 1c0089f4 00044503 lbu              x10, 0(x8)          x10=0000002c  x8:1c0000a7  PA:1c0000a7
13644782ns          229720 1c0089f8 00140413 addi             x8, x8, 1            x8=1c0000a8  x8:1c0000a7
13644802ns          229721 1c0089fa fe0514e3 bne              x10, x0, -24        x10:0000002c
13644882ns          229725 1c0089e2 02500793 addi             x15, x0, 37         x15=00000025
13644902ns          229726 1c0089e6 04f50863 beq              x10, x15, 80        x10:0000002c x15:00000025
13644922ns          229727 1c0089ea 01a005b3 add              x11, x0, x26        x11=00000002 x26:00000002
13644941ns          229728 1c0089ec 000b00e7 jalr             x1, x22, 0           x1=1c0089ee x22:1c0088f8
13644981ns          229730 1c0088f8 000026b7 lui              x13, 0x2000         x13=00002000
13645001ns          229731 1c0088fa f14027f3 csrrs            x15, x0, 0xf14      x15=00000000
13645021ns          229732 1c0088fe f8068693 addi             x13, x13, -128      x13=00001f80 x13:00002000
13645041ns          229733 1c008902 00379713 slli             x14, x15, 0x3       x14=00000000 x15:00000000
13645061ns          229734 1c008906 00279793 slli             x15, x15, 0x2       x15=00000000 x15:00000000
13645081ns          229735 1c008908 00d7f7b3 and              x15, x15, x13       x15=00000000 x15:00000000 x13:00001f80
13645101ns          229736 1c00890a ee873733 p.bclr           x14, x14, 23, 8     x14=00000000 x14:00000000
13645120ns          229737 1c00890e 1a10f6b7 lui              x13, 0x1a10f000     x13=1a10f000
13645140ns          229738 1c008912 0ff57513 andi             x10, x10, 255       x10=0000002c x10:0000002c
13645160ns          229739 1c008916 00d70733 add              x14, x14, x13       x14=1a10f000 x14:00000000 x13:1a10f000
13645180ns          229740 1c008918 00a7e723 p.sw             x10, x0(x15)        x10:0000002c x15:00000000  PA:1a10f000
13645498ns          229756 1c00891c 00000513 addi             x10, x0, 0          x10=00000000
13645518ns          229757 1c00891e 00008067 jalr             x0, x1, 0            x1:1c0089ee
13645578ns          229760 1c0089ee 31f52563 p.beqimm         x10, 778            x10:00000000
13645598ns          229761 1c0089f2 001d8d93 addi             x27, x27, 1         x27=00000008 x27:00000007
13645618ns          229762 1c0089f4 00044503 lbu              x10, 0(x8)          x10=00000020  x8:1c0000a8  PA:1c0000a8
13645936ns          229778 1c0089f8 00140413 addi             x8, x8, 1            x8=1c0000a9  x8:1c0000a8
13645956ns          229779 1c0089fa fe0514e3 bne              x10, x0, -24        x10:00000020
13646035ns          229783 1c0089e2 02500793 addi             x15, x0, 37         x15=00000025
13646055ns          229784 1c0089e6 04f50863 beq              x10, x15, 80        x10:00000020 x15:00000025
13646075ns          229785 1c0089ea 01a005b3 add              x11, x0, x26        x11=00000002 x26:00000002
13646095ns          229786 1c0089ec 000b00e7 jalr             x1, x22, 0           x1=1c0089ee x22:1c0088f8
13646135ns          229788 1c0088f8 000026b7 lui              x13, 0x2000         x13=00002000
13646155ns          229789 1c0088fa f14027f3 csrrs            x15, x0, 0xf14      x15=00000000
13646175ns          229790 1c0088fe f8068693 addi             x13, x13, -128      x13=00001f80 x13:00002000
13646195ns          229791 1c008902 00379713 slli             x14, x15, 0x3       x14=00000000 x15:00000000
13646214ns          229792 1c008906 00279793 slli             x15, x15, 0x2       x15=00000000 x15:00000000
13646234ns          229793 1c008908 00d7f7b3 and              x15, x15, x13       x15=00000000 x15:00000000 x13:00001f80
13646254ns          229794 1c00890a ee873733 p.bclr           x14, x14, 23, 8     x14=00000000 x14:00000000
13646274ns          229795 1c00890e 1a10f6b7 lui              x13, 0x1a10f000     x13=1a10f000
13646294ns          229796 1c008912 0ff57513 andi             x10, x10, 255       x10=00000020 x10:00000020
13646314ns          229797 1c008916 00d70733 add              x14, x14, x13       x14=1a10f000 x14:00000000 x13:1a10f000
13646334ns          229798 1c008918 00a7e723 p.sw             x10, x0(x15)        x10:00000020 x15:00000000  PA:1a10f000
13646652ns          229814 1c00891c 00000513 addi             x10, x0, 0          x10=00000000
13646672ns          229815 1c00891e 00008067 jalr             x0, x1, 0            x1:1c0089ee
13646732ns          229818 1c0089ee 31f52563 p.beqimm         x10, 778            x10:00000000
13646751ns          229819 1c0089f2 001d8d93 addi             x27, x27, 1         x27=00000009 x27:00000008
13646771ns          229820 1c0089f4 00044503 lbu              x10, 0(x8)          x10=00000000  x8:1c0000a9  PA:1c0000a9
13647070ns          229835 1c0089f8 00140413 addi             x8, x8, 1            x8=1c0000aa  x8:1c0000a9
13647090ns          229836 1c0089fa fe0514e3 bne              x10, x0, -24        x10:00000000
13647110ns          229837 1c0089fc 01b00433 add              x8, x0, x27          x8=00000009 x27:00000009
13647129ns          229838 1c0089fe 00800533 add              x10, x0, x8         x10=00000009  x8:00000009
13647149ns          229839 1c008a00 12c12083 lw               x1, 300(x2)          x1=1c00898c  x2:10000638  PA:10000764
13647169ns          229840 1c008a04 12812403 lw               x8, 296(x2)          x8=1c000e80  x2:10000638  PA:10000760
13647189ns          229841 1c008a08 12412483 lw               x9, 292(x2)          x9=00000000  x2:10000638  PA:1000075c
13647209ns          229842 1c008a0c 12012903 lw               x18, 288(x2)        x18=1a10b004  x2:10000638  PA:10000758
13647249ns          229844 1c008a10 11c12983 lw               x19, 284(x2)        x19=00000000  x2:10000638  PA:10000754
13647289ns          229846 1c008a14 11812a03 lw               x20, 280(x2)        x20=1c000e84  x2:10000638  PA:10000750
13647308ns          229847 1c008a18 11412a83 lw               x21, 276(x2)        x21=1c00a000  x2:10000638  PA:1000074c
13647328ns          229848 1c008a1c 11012b03 lw               x22, 272(x2)        x22=1c00a000  x2:10000638  PA:10000748
13647388ns          229851 1c008a20 10c12b83 lw               x23, 268(x2)        x23=1c000000  x2:10000638  PA:10000744
13647428ns          229853 1c008a24 10812c03 lw               x24, 264(x2)        x24=1c000000  x2:10000638  PA:10000740
13647448ns          229854 1c008a28 10412c83 lw               x25, 260(x2)        x25=1c000000  x2:10000638  PA:1000073c
13647468ns          229855 1c008a2c 10012d03 lw               x26, 256(x2)        x26=1c000000  x2:10000638  PA:10000738
13647527ns          229858 1c008a30 0fc12d83 lw               x27, 252(x2)        x27=1c000e70  x2:10000638  PA:10000734
13647547ns          229859 1c008a32 13010113 addi             x2, x2, 304          x2=10000768  x2:10000638
13647567ns          229860 1c008a34 00008067 jalr             x0, x1, 0            x1:1c00898c
13647607ns          229862 1c00898c 01c12083 lw               x1, 28(x2)           x1=1c009bae  x2:10000768  PA:10000784
13647627ns          229863 1c00898e 04010113 addi             x2, x2, 64           x2=100007a8  x2:10000768
13647666ns          229865 1c008990 00008067 jalr             x0, x1, 0            x1:1c009bae
13647746ns          229869 1c009bae 00c12583 lw               x11, 12(x2)         x11=00000000  x2:100007a8  PA:100007b4
13647786ns          229871 1c009bb0 0b4c8513 addi             x10, x25, 180       x10=1c0000b4 x25:1c000000
13647806ns          229872 1c009bb4 db1fe0ef jal              x1, -4688            x1=1c009bb8
13647845ns          229874 1c008964 fc010113 addi             x2, x2, -64          x2=10000768  x2:100007a8
13647865ns          229875 1c008966 02410313 addi             x6, x2, 36           x6=1000078c  x2:10000768
13647885ns          229876 1c00896a 02c12423 sw               x12, 40(x2)         x12:1c0000a0  x2:10000768  PA:10000790
13647905ns          229877 1c00896c 00a00633 add              x12, x0, x10        x12=1c0000b4 x10:1c0000b4
13647925ns          229878 1c00896e 1c009537 lui              x10, 0x1c009000     x10=1c009000
13647945ns          229879 1c008972 02b12223 sw               x11, 36(x2)         x11:00000000  x2:10000768  PA:1000078c
13647965ns          229880 1c008974 02d12623 sw               x13, 44(x2)         x13:1a10f000  x2:10000768  PA:10000794
13647985ns          229881 1c008976 00200593 addi             x11, x0, 2          x11=00000002
13648005ns          229882 1c008978 006006b3 add              x13, x0, x6         x13=1000078c  x6:1000078c
13648024ns          229883 1c00897a 8f850513 addi             x10, x10, -1800     x10=1c0088f8 x10:1c009000
13648044ns          229884 1c00897e 00112e23 sw               x1, 28(x2)           x1:1c009bb8  x2:10000768  PA:10000784
13648064ns          229885 1c008980 02e12823 sw               x14, 48(x2)         x14:1a10f000  x2:10000768  PA:10000798
13648084ns          229886 1c008982 02f12a23 sw               x15, 52(x2)         x15:00000000  x2:10000768  PA:1000079c
13648104ns          229887 1c008984 03012c23 sw               x16, 56(x2)         x16:1000065c  x2:10000768  PA:100007a0
13648124ns          229888 1c008986 03112e23 sw               x17, 60(x2)         x17:1c000054  x2:10000768  PA:100007a4
13648144ns          229889 1c008988 00612623 sw               x6, 12(x2)           x6:1000078c  x2:10000768  PA:10000774
13648164ns          229890 1c00898a fbfff0ef jal              x1, -66              x1=1c00898c
13648204ns          229892 1c008948 04a0006f jal              x0, 74             
13648243ns          229894 1c008992 ed010113 addi             x2, x2, -304         x2=10000638  x2:10000768
13648263ns          229895 1c008994 12812423 sw               x8, 296(x2)          x8:1c000e80  x2:10000638  PA:10000760
13648283ns          229896 1c008998 00000413 addi             x8, x0, 0            x8=00000000
13648303ns          229897 1c00899a 11612823 sw               x22, 272(x2)        x22:1c00a000  x2:10000638  PA:10000748
13648363ns          229900 1c00899e 11712623 sw               x23, 268(x2)        x23:1c000000  x2:10000638  PA:10000744
13648402ns          229902 1c0089a2 11812423 sw               x24, 264(x2)        x24:1c000000  x2:10000638  PA:10000740
13648422ns          229903 1c0089a6 11912223 sw               x25, 260(x2)        x25:1c000000  x2:10000638  PA:1000073c
13648442ns          229904 1c0089aa 11a12023 sw               x26, 256(x2)        x26:1c000000  x2:10000638  PA:10000738
13648462ns          229905 1c0089ae 0fb12e23 sw               x27, 252(x2)        x27:1c000e70  x2:10000638  PA:10000734
13648502ns          229907 1c0089b0 12112623 sw               x1, 300(x2)          x1:1c00898c  x2:10000638  PA:10000764
13648542ns          229909 1c0089b4 00800db3 add              x27, x0, x8         x27=00000000  x8:00000000
13648562ns          229910 1c0089b6 12912223 sw               x9, 292(x2)          x9:00000000  x2:10000638  PA:1000075c
13648581ns          229911 1c0089ba 13212023 sw               x18, 288(x2)        x18:1a10b004  x2:10000638  PA:10000758
13648601ns          229912 1c0089be 11312e23 sw               x19, 284(x2)        x19:00000000  x2:10000638  PA:10000754
13648621ns          229913 1c0089c2 11412c23 sw               x20, 280(x2)        x20:1c000e84  x2:10000638  PA:10000750
13648641ns          229914 1c0089c6 11512a23 sw               x21, 276(x2)        x21:1c00a000  x2:10000638  PA:1000074c
13648661ns          229915 1c0089ca 00a00b33 add              x22, x0, x10        x22=1c0088f8 x10:1c0088f8
13648681ns          229916 1c0089cc 00b00d33 add              x26, x0, x11        x26=00000002 x11:00000002
13648701ns          229917 1c0089ce 00d00c33 add              x24, x0, x13        x24=1000078c x13:1000078c
13648721ns          229918 1c0089d0 1c000bb7 lui              x23, 0x1c000000     x23=1c000000
13648741ns          229919 1c0089d4 02410c93 addi             x25, x2, 36         x25=1000065c  x2:10000638
13648760ns          229920 1c0089d8 00c00433 add              x8, x0, x12          x8=1c0000b4 x12:1c0000b4
13648780ns          229921 1c0089da 00044503 lbu              x10, 0(x8)          x10=0000006e  x8:1c0000b4  PA:1c0000b4
13649079ns          229936 1c0089de 00140413 addi             x8, x8, 1            x8=1c0000b5  x8:1c0000b4
13649099ns          229937 1c0089e0 00050e63 beq              x10, x0, 28         x10:0000006e
13649118ns          229938 1c0089e2 02500793 addi             x15, x0, 37         x15=00000025
13649138ns          229939 1c0089e6 04f50863 beq              x10, x15, 80        x10:0000006e x15:00000025
13649158ns          229940 1c0089ea 01a005b3 add              x11, x0, x26        x11=00000002 x26:00000002
13649178ns          229941 1c0089ec 000b00e7 jalr             x1, x22, 0           x1=1c0089ee x22:1c0088f8
13649218ns          229943 1c0088f8 000026b7 lui              x13, 0x2000         x13=00002000
13649238ns          229944 1c0088fa f14027f3 csrrs            x15, x0, 0xf14      x15=00000000
13649258ns          229945 1c0088fe f8068693 addi             x13, x13, -128      x13=00001f80 x13:00002000
13649278ns          229946 1c008902 00379713 slli             x14, x15, 0x3       x14=00000000 x15:00000000
13649298ns          229947 1c008906 00279793 slli             x15, x15, 0x2       x15=00000000 x15:00000000
13649317ns          229948 1c008908 00d7f7b3 and              x15, x15, x13       x15=00000000 x15:00000000 x13:00001f80
13649337ns          229949 1c00890a ee873733 p.bclr           x14, x14, 23, 8     x14=00000000 x14:00000000
13649357ns          229950 1c00890e 1a10f6b7 lui              x13, 0x1a10f000     x13=1a10f000
13649377ns          229951 1c008912 0ff57513 andi             x10, x10, 255       x10=0000006e x10:0000006e
13649397ns          229952 1c008916 00d70733 add              x14, x14, x13       x14=1a10f000 x14:00000000 x13:1a10f000
13649417ns          229953 1c008918 00a7e723 p.sw             x10, x0(x15)        x10:0000006e x15:00000000  PA:1a10f000
13649735ns          229969 1c00891c 00000513 addi             x10, x0, 0          x10=00000000
13649755ns          229970 1c00891e 00008067 jalr             x0, x1, 0            x1:1c0089ee
13649815ns          229973 1c0089ee 31f52563 p.beqimm         x10, 778            x10:00000000
13649835ns          229974 1c0089f2 001d8d93 addi             x27, x27, 1         x27=00000001 x27:00000000
13649854ns          229975 1c0089f4 00044503 lbu              x10, 0(x8)          x10=00000072  x8:1c0000b5  PA:1c0000b5
13650153ns          229990 1c0089f8 00140413 addi             x8, x8, 1            x8=1c0000b6  x8:1c0000b5
13650173ns          229991 1c0089fa fe0514e3 bne              x10, x0, -24        x10:00000072
13650252ns          229995 1c0089e2 02500793 addi             x15, x0, 37         x15=00000025
13650272ns          229996 1c0089e6 04f50863 beq              x10, x15, 80        x10:00000072 x15:00000025
13650292ns          229997 1c0089ea 01a005b3 add              x11, x0, x26        x11=00000002 x26:00000002
13650312ns          229998 1c0089ec 000b00e7 jalr             x1, x22, 0           x1=1c0089ee x22:1c0088f8
13650352ns          230000 1c0088f8 000026b7 lui              x13, 0x2000         x13=00002000
13650372ns          230001 1c0088fa f14027f3 csrrs            x15, x0, 0xf14      x15=00000000
13650391ns          230002 1c0088fe f8068693 addi             x13, x13, -128      x13=00001f80 x13:00002000
13650411ns          230003 1c008902 00379713 slli             x14, x15, 0x3       x14=00000000 x15:00000000
13650431ns          230004 1c008906 00279793 slli             x15, x15, 0x2       x15=00000000 x15:00000000
13650451ns          230005 1c008908 00d7f7b3 and              x15, x15, x13       x15=00000000 x15:00000000 x13:00001f80
13650471ns          230006 1c00890a ee873733 p.bclr           x14, x14, 23, 8     x14=00000000 x14:00000000
13650491ns          230007 1c00890e 1a10f6b7 lui              x13, 0x1a10f000     x13=1a10f000
13650511ns          230008 1c008912 0ff57513 andi             x10, x10, 255       x10=00000072 x10:00000072
13650531ns          230009 1c008916 00d70733 add              x14, x14, x13       x14=1a10f000 x14:00000000 x13:1a10f000
13650551ns          230010 1c008918 00a7e723 p.sw             x10, x0(x15)        x10:00000072 x15:00000000  PA:1a10f000
13650869ns          230026 1c00891c 00000513 addi             x10, x0, 0          x10=00000000
13650889ns          230027 1c00891e 00008067 jalr             x0, x1, 0            x1:1c0089ee
13650948ns          230030 1c0089ee 31f52563 p.beqimm         x10, 778            x10:00000000
13650968ns          230031 1c0089f2 001d8d93 addi             x27, x27, 1         x27=00000002 x27:00000001
13650988ns          230032 1c0089f4 00044503 lbu              x10, 0(x8)          x10=0000002e  x8:1c0000b6  PA:1c0000b6
13651287ns          230047 1c0089f8 00140413 addi             x8, x8, 1            x8=1c0000b7  x8:1c0000b6
13651306ns          230048 1c0089fa fe0514e3 bne              x10, x0, -24        x10:0000002e
13651386ns          230052 1c0089e2 02500793 addi             x15, x0, 37         x15=00000025
13651406ns          230053 1c0089e6 04f50863 beq              x10, x15, 80        x10:0000002e x15:00000025
13651426ns          230054 1c0089ea 01a005b3 add              x11, x0, x26        x11=00000002 x26:00000002
13651446ns          230055 1c0089ec 000b00e7 jalr             x1, x22, 0           x1=1c0089ee x22:1c0088f8
13651485ns          230057 1c0088f8 000026b7 lui              x13, 0x2000         x13=00002000
13651505ns          230058 1c0088fa f14027f3 csrrs            x15, x0, 0xf14      x15=00000000
13651525ns          230059 1c0088fe f8068693 addi             x13, x13, -128      x13=00001f80 x13:00002000
13651545ns          230060 1c008902 00379713 slli             x14, x15, 0x3       x14=00000000 x15:00000000
13651565ns          230061 1c008906 00279793 slli             x15, x15, 0x2       x15=00000000 x15:00000000
13651585ns          230062 1c008908 00d7f7b3 and              x15, x15, x13       x15=00000000 x15:00000000 x13:00001f80
13651605ns          230063 1c00890a ee873733 p.bclr           x14, x14, 23, 8     x14=00000000 x14:00000000
13651625ns          230064 1c00890e 1a10f6b7 lui              x13, 0x1a10f000     x13=1a10f000
13651645ns          230065 1c008912 0ff57513 andi             x10, x10, 255       x10=0000002e x10:0000002e
13651664ns          230066 1c008916 00d70733 add              x14, x14, x13       x14=1a10f000 x14:00000000 x13:1a10f000
13651684ns          230067 1c008918 00a7e723 p.sw             x10, x0(x15)        x10:0000002e x15:00000000  PA:1a10f000
13652003ns          230083 1c00891c 00000513 addi             x10, x0, 0          x10=00000000
13652023ns          230084 1c00891e 00008067 jalr             x0, x1, 0            x1:1c0089ee
13652082ns          230087 1c0089ee 31f52563 p.beqimm         x10, 778            x10:00000000
13652102ns          230088 1c0089f2 001d8d93 addi             x27, x27, 1         x27=00000003 x27:00000002
13652122ns          230089 1c0089f4 00044503 lbu              x10, 0(x8)          x10=00000020  x8:1c0000b7  PA:1c0000b7
13652420ns          230104 1c0089f8 00140413 addi             x8, x8, 1            x8=1c0000b8  x8:1c0000b7
13652440ns          230105 1c0089fa fe0514e3 bne              x10, x0, -24        x10:00000020
13652520ns          230109 1c0089e2 02500793 addi             x15, x0, 37         x15=00000025
13652540ns          230110 1c0089e6 04f50863 beq              x10, x15, 80        x10:00000020 x15:00000025
13652560ns          230111 1c0089ea 01a005b3 add              x11, x0, x26        x11=00000002 x26:00000002
13652579ns          230112 1c0089ec 000b00e7 jalr             x1, x22, 0           x1=1c0089ee x22:1c0088f8
13652619ns          230114 1c0088f8 000026b7 lui              x13, 0x2000         x13=00002000
13652639ns          230115 1c0088fa f14027f3 csrrs            x15, x0, 0xf14      x15=00000000
13652659ns          230116 1c0088fe f8068693 addi             x13, x13, -128      x13=00001f80 x13:00002000
13652679ns          230117 1c008902 00379713 slli             x14, x15, 0x3       x14=00000000 x15:00000000
13652699ns          230118 1c008906 00279793 slli             x15, x15, 0x2       x15=00000000 x15:00000000
13652719ns          230119 1c008908 00d7f7b3 and              x15, x15, x13       x15=00000000 x15:00000000 x13:00001f80
13652739ns          230120 1c00890a ee873733 p.bclr           x14, x14, 23, 8     x14=00000000 x14:00000000
13652758ns          230121 1c00890e 1a10f6b7 lui              x13, 0x1a10f000     x13=1a10f000
13652778ns          230122 1c008912 0ff57513 andi             x10, x10, 255       x10=00000020 x10:00000020
13652798ns          230123 1c008916 00d70733 add              x14, x14, x13       x14=1a10f000 x14:00000000 x13:1a10f000
13652818ns          230124 1c008918 00a7e723 p.sw             x10, x0(x15)        x10:00000020 x15:00000000  PA:1a10f000
13653136ns          230140 1c00891c 00000513 addi             x10, x0, 0          x10=00000000
13653156ns          230141 1c00891e 00008067 jalr             x0, x1, 0            x1:1c0089ee
13653216ns          230144 1c0089ee 31f52563 p.beqimm         x10, 778            x10:00000000
13653236ns          230145 1c0089f2 001d8d93 addi             x27, x27, 1         x27=00000004 x27:00000003
13653256ns          230146 1c0089f4 00044503 lbu              x10, 0(x8)          x10=0000006f  x8:1c0000b8  PA:1c0000b8
13653554ns          230161 1c0089f8 00140413 addi             x8, x8, 1            x8=1c0000b9  x8:1c0000b8
13653574ns          230162 1c0089fa fe0514e3 bne              x10, x0, -24        x10:0000006f
13653654ns          230166 1c0089e2 02500793 addi             x15, x0, 37         x15=00000025
13653673ns          230167 1c0089e6 04f50863 beq              x10, x15, 80        x10:0000006f x15:00000025
13653693ns          230168 1c0089ea 01a005b3 add              x11, x0, x26        x11=00000002 x26:00000002
13653713ns          230169 1c0089ec 000b00e7 jalr             x1, x22, 0           x1=1c0089ee x22:1c0088f8
13653753ns          230171 1c0088f8 000026b7 lui              x13, 0x2000         x13=00002000
13653773ns          230172 1c0088fa f14027f3 csrrs            x15, x0, 0xf14      x15=00000000
13653793ns          230173 1c0088fe f8068693 addi             x13, x13, -128      x13=00001f80 x13:00002000
13653813ns          230174 1c008902 00379713 slli             x14, x15, 0x3       x14=00000000 x15:00000000
13653833ns          230175 1c008906 00279793 slli             x15, x15, 0x2       x15=00000000 x15:00000000
13653852ns          230176 1c008908 00d7f7b3 and              x15, x15, x13       x15=00000000 x15:00000000 x13:00001f80
13653872ns          230177 1c00890a ee873733 p.bclr           x14, x14, 23, 8     x14=00000000 x14:00000000
13653892ns          230178 1c00890e 1a10f6b7 lui              x13, 0x1a10f000     x13=1a10f000
13653912ns          230179 1c008912 0ff57513 andi             x10, x10, 255       x10=0000006f x10:0000006f
13653932ns          230180 1c008916 00d70733 add              x14, x14, x13       x14=1a10f000 x14:00000000 x13:1a10f000
13653952ns          230181 1c008918 00a7e723 p.sw             x10, x0(x15)        x10:0000006f x15:00000000  PA:1a10f000
13654270ns          230197 1c00891c 00000513 addi             x10, x0, 0          x10=00000000
13654290ns          230198 1c00891e 00008067 jalr             x0, x1, 0            x1:1c0089ee
13654350ns          230201 1c0089ee 31f52563 p.beqimm         x10, 778            x10:00000000
13654370ns          230202 1c0089f2 001d8d93 addi             x27, x27, 1         x27=00000005 x27:00000004
13654390ns          230203 1c0089f4 00044503 lbu              x10, 0(x8)          x10=00000066  x8:1c0000b9  PA:1c0000b9
13654688ns          230218 1c0089f8 00140413 addi             x8, x8, 1            x8=1c0000ba  x8:1c0000b9
13654708ns          230219 1c0089fa fe0514e3 bne              x10, x0, -24        x10:00000066
13654787ns          230223 1c0089e2 02500793 addi             x15, x0, 37         x15=00000025
13654807ns          230224 1c0089e6 04f50863 beq              x10, x15, 80        x10:00000066 x15:00000025
13654827ns          230225 1c0089ea 01a005b3 add              x11, x0, x26        x11=00000002 x26:00000002
13654847ns          230226 1c0089ec 000b00e7 jalr             x1, x22, 0           x1=1c0089ee x22:1c0088f8
13654887ns          230228 1c0088f8 000026b7 lui              x13, 0x2000         x13=00002000
13654907ns          230229 1c0088fa f14027f3 csrrs            x15, x0, 0xf14      x15=00000000
13654927ns          230230 1c0088fe f8068693 addi             x13, x13, -128      x13=00001f80 x13:00002000
13654946ns          230231 1c008902 00379713 slli             x14, x15, 0x3       x14=00000000 x15:00000000
13654966ns          230232 1c008906 00279793 slli             x15, x15, 0x2       x15=00000000 x15:00000000
13654986ns          230233 1c008908 00d7f7b3 and              x15, x15, x13       x15=00000000 x15:00000000 x13:00001f80
13655006ns          230234 1c00890a ee873733 p.bclr           x14, x14, 23, 8     x14=00000000 x14:00000000
13655026ns          230235 1c00890e 1a10f6b7 lui              x13, 0x1a10f000     x13=1a10f000
13655046ns          230236 1c008912 0ff57513 andi             x10, x10, 255       x10=00000066 x10:00000066
13655066ns          230237 1c008916 00d70733 add              x14, x14, x13       x14=1a10f000 x14:00000000 x13:1a10f000
13655086ns          230238 1c008918 00a7e723 p.sw             x10, x0(x15)        x10:00000066 x15:00000000  PA:1a10f000
13655424ns          230255 1c00891c 00000513 addi             x10, x0, 0          x10=00000000
13655444ns          230256 1c00891e 00008067 jalr             x0, x1, 0            x1:1c0089ee
13655503ns          230259 1c0089ee 31f52563 p.beqimm         x10, 778            x10:00000000
13655523ns          230260 1c0089f2 001d8d93 addi             x27, x27, 1         x27=00000006 x27:00000005
13655543ns          230261 1c0089f4 00044503 lbu              x10, 0(x8)          x10=00000020  x8:1c0000ba  PA:1c0000ba
13655842ns          230276 1c0089f8 00140413 addi             x8, x8, 1            x8=1c0000bb  x8:1c0000ba
13655861ns          230277 1c0089fa fe0514e3 bne              x10, x0, -24        x10:00000020
13655941ns          230281 1c0089e2 02500793 addi             x15, x0, 37         x15=00000025
13655961ns          230282 1c0089e6 04f50863 beq              x10, x15, 80        x10:00000020 x15:00000025
13655981ns          230283 1c0089ea 01a005b3 add              x11, x0, x26        x11=00000002 x26:00000002
13656001ns          230284 1c0089ec 000b00e7 jalr             x1, x22, 0           x1=1c0089ee x22:1c0088f8
13656040ns          230286 1c0088f8 000026b7 lui              x13, 0x2000         x13=00002000
13656060ns          230287 1c0088fa f14027f3 csrrs            x15, x0, 0xf14      x15=00000000
13656080ns          230288 1c0088fe f8068693 addi             x13, x13, -128      x13=00001f80 x13:00002000
13656100ns          230289 1c008902 00379713 slli             x14, x15, 0x3       x14=00000000 x15:00000000
13656120ns          230290 1c008906 00279793 slli             x15, x15, 0x2       x15=00000000 x15:00000000
13656140ns          230291 1c008908 00d7f7b3 and              x15, x15, x13       x15=00000000 x15:00000000 x13:00001f80
13656160ns          230292 1c00890a ee873733 p.bclr           x14, x14, 23, 8     x14=00000000 x14:00000000
13656180ns          230293 1c00890e 1a10f6b7 lui              x13, 0x1a10f000     x13=1a10f000
13656200ns          230294 1c008912 0ff57513 andi             x10, x10, 255       x10=00000020 x10:00000020
13656219ns          230295 1c008916 00d70733 add              x14, x14, x13       x14=1a10f000 x14:00000000 x13:1a10f000
13656239ns          230296 1c008918 00a7e723 p.sw             x10, x0(x15)        x10:00000020 x15:00000000  PA:1a10f000
13656558ns          230312 1c00891c 00000513 addi             x10, x0, 0          x10=00000000
13656578ns          230313 1c00891e 00008067 jalr             x0, x1, 0            x1:1c0089ee
13656637ns          230316 1c0089ee 31f52563 p.beqimm         x10, 778            x10:00000000
13656657ns          230317 1c0089f2 001d8d93 addi             x27, x27, 1         x27=00000007 x27:00000006
13656677ns          230318 1c0089f4 00044503 lbu              x10, 0(x8)          x10=00000065  x8:1c0000bb  PA:1c0000bb
13656975ns          230333 1c0089f8 00140413 addi             x8, x8, 1            x8=1c0000bc  x8:1c0000bb
13656995ns          230334 1c0089fa fe0514e3 bne              x10, x0, -24        x10:00000065
13657075ns          230338 1c0089e2 02500793 addi             x15, x0, 37         x15=00000025
13657095ns          230339 1c0089e6 04f50863 beq              x10, x15, 80        x10:00000065 x15:00000025
13657115ns          230340 1c0089ea 01a005b3 add              x11, x0, x26        x11=00000002 x26:00000002
13657134ns          230341 1c0089ec 000b00e7 jalr             x1, x22, 0           x1=1c0089ee x22:1c0088f8
13657174ns          230343 1c0088f8 000026b7 lui              x13, 0x2000         x13=00002000
13657194ns          230344 1c0088fa f14027f3 csrrs            x15, x0, 0xf14      x15=00000000
13657214ns          230345 1c0088fe f8068693 addi             x13, x13, -128      x13=00001f80 x13:00002000
13657234ns          230346 1c008902 00379713 slli             x14, x15, 0x3       x14=00000000 x15:00000000
13657254ns          230347 1c008906 00279793 slli             x15, x15, 0x2       x15=00000000 x15:00000000
13657274ns          230348 1c008908 00d7f7b3 and              x15, x15, x13       x15=00000000 x15:00000000 x13:00001f80
13657294ns          230349 1c00890a ee873733 p.bclr           x14, x14, 23, 8     x14=00000000 x14:00000000
13657313ns          230350 1c00890e 1a10f6b7 lui              x13, 0x1a10f000     x13=1a10f000
13657333ns          230351 1c008912 0ff57513 andi             x10, x10, 255       x10=00000065 x10:00000065
13657353ns          230352 1c008916 00d70733 add              x14, x14, x13       x14=1a10f000 x14:00000000 x13:1a10f000
13657373ns          230353 1c008918 00a7e723 p.sw             x10, x0(x15)        x10:00000065 x15:00000000  PA:1a10f000
13657691ns          230369 1c00891c 00000513 addi             x10, x0, 0          x10=00000000
13657711ns          230370 1c00891e 00008067 jalr             x0, x1, 0            x1:1c0089ee
13657771ns          230373 1c0089ee 31f52563 p.beqimm         x10, 778            x10:00000000
13657791ns          230374 1c0089f2 001d8d93 addi             x27, x27, 1         x27=00000008 x27:00000007
13657811ns          230375 1c0089f4 00044503 lbu              x10, 0(x8)          x10=00000072  x8:1c0000bc  PA:1c0000bc
13658109ns          230390 1c0089f8 00140413 addi             x8, x8, 1            x8=1c0000bd  x8:1c0000bc
13658129ns          230391 1c0089fa fe0514e3 bne              x10, x0, -24        x10:00000072
13658209ns          230395 1c0089e2 02500793 addi             x15, x0, 37         x15=00000025
13658228ns          230396 1c0089e6 04f50863 beq              x10, x15, 80        x10:00000072 x15:00000025
13658248ns          230397 1c0089ea 01a005b3 add              x11, x0, x26        x11=00000002 x26:00000002
13658268ns          230398 1c0089ec 000b00e7 jalr             x1, x22, 0           x1=1c0089ee x22:1c0088f8
13658308ns          230400 1c0088f8 000026b7 lui              x13, 0x2000         x13=00002000
13658328ns          230401 1c0088fa f14027f3 csrrs            x15, x0, 0xf14      x15=00000000
13658348ns          230402 1c0088fe f8068693 addi             x13, x13, -128      x13=00001f80 x13:00002000
13658368ns          230403 1c008902 00379713 slli             x14, x15, 0x3       x14=00000000 x15:00000000
13658388ns          230404 1c008906 00279793 slli             x15, x15, 0x2       x15=00000000 x15:00000000
13658407ns          230405 1c008908 00d7f7b3 and              x15, x15, x13       x15=00000000 x15:00000000 x13:00001f80
13658427ns          230406 1c00890a ee873733 p.bclr           x14, x14, 23, 8     x14=00000000 x14:00000000
13658447ns          230407 1c00890e 1a10f6b7 lui              x13, 0x1a10f000     x13=1a10f000
13658467ns          230408 1c008912 0ff57513 andi             x10, x10, 255       x10=00000072 x10:00000072
13658487ns          230409 1c008916 00d70733 add              x14, x14, x13       x14=1a10f000 x14:00000000 x13:1a10f000
13658507ns          230410 1c008918 00a7e723 p.sw             x10, x0(x15)        x10:00000072 x15:00000000  PA:1a10f000
13658825ns          230426 1c00891c 00000513 addi             x10, x0, 0          x10=00000000
13658845ns          230427 1c00891e 00008067 jalr             x0, x1, 0            x1:1c0089ee
13658905ns          230430 1c0089ee 31f52563 p.beqimm         x10, 778            x10:00000000
13658925ns          230431 1c0089f2 001d8d93 addi             x27, x27, 1         x27=00000009 x27:00000008
13658945ns          230432 1c0089f4 00044503 lbu              x10, 0(x8)          x10=00000072  x8:1c0000bd  PA:1c0000bd
13659263ns          230448 1c0089f8 00140413 addi             x8, x8, 1            x8=1c0000be  x8:1c0000bd
13659283ns          230449 1c0089fa fe0514e3 bne              x10, x0, -24        x10:00000072
13659362ns          230453 1c0089e2 02500793 addi             x15, x0, 37         x15=00000025
13659382ns          230454 1c0089e6 04f50863 beq              x10, x15, 80        x10:00000072 x15:00000025
13659402ns          230455 1c0089ea 01a005b3 add              x11, x0, x26        x11=00000002 x26:00000002
13659422ns          230456 1c0089ec 000b00e7 jalr             x1, x22, 0           x1=1c0089ee x22:1c0088f8
13659462ns          230458 1c0088f8 000026b7 lui              x13, 0x2000         x13=00002000
13659482ns          230459 1c0088fa f14027f3 csrrs            x15, x0, 0xf14      x15=00000000
13659501ns          230460 1c0088fe f8068693 addi             x13, x13, -128      x13=00001f80 x13:00002000
13659521ns          230461 1c008902 00379713 slli             x14, x15, 0x3       x14=00000000 x15:00000000
13659541ns          230462 1c008906 00279793 slli             x15, x15, 0x2       x15=00000000 x15:00000000
13659561ns          230463 1c008908 00d7f7b3 and              x15, x15, x13       x15=00000000 x15:00000000 x13:00001f80
13659581ns          230464 1c00890a ee873733 p.bclr           x14, x14, 23, 8     x14=00000000 x14:00000000
13659601ns          230465 1c00890e 1a10f6b7 lui              x13, 0x1a10f000     x13=1a10f000
13659621ns          230466 1c008912 0ff57513 andi             x10, x10, 255       x10=00000072 x10:00000072
13659641ns          230467 1c008916 00d70733 add              x14, x14, x13       x14=1a10f000 x14:00000000 x13:1a10f000
13659661ns          230468 1c008918 00a7e723 p.sw             x10, x0(x15)        x10:00000072 x15:00000000  PA:1a10f000
13659979ns          230484 1c00891c 00000513 addi             x10, x0, 0          x10=00000000
13659999ns          230485 1c00891e 00008067 jalr             x0, x1, 0            x1:1c0089ee
13660058ns          230488 1c0089ee 31f52563 p.beqimm         x10, 778            x10:00000000
13660078ns          230489 1c0089f2 001d8d93 addi             x27, x27, 1         x27=0000000a x27:00000009
13660098ns          230490 1c0089f4 00044503 lbu              x10, 0(x8)          x10=0000006f  x8:1c0000be  PA:1c0000be
13660397ns          230505 1c0089f8 00140413 addi             x8, x8, 1            x8=1c0000bf  x8:1c0000be
13660416ns          230506 1c0089fa fe0514e3 bne              x10, x0, -24        x10:0000006f
13660496ns          230510 1c0089e2 02500793 addi             x15, x0, 37         x15=00000025
13660516ns          230511 1c0089e6 04f50863 beq              x10, x15, 80        x10:0000006f x15:00000025
13660536ns          230512 1c0089ea 01a005b3 add              x11, x0, x26        x11=00000002 x26:00000002
13660556ns          230513 1c0089ec 000b00e7 jalr             x1, x22, 0           x1=1c0089ee x22:1c0088f8
13660595ns          230515 1c0088f8 000026b7 lui              x13, 0x2000         x13=00002000
13660615ns          230516 1c0088fa f14027f3 csrrs            x15, x0, 0xf14      x15=00000000
13660635ns          230517 1c0088fe f8068693 addi             x13, x13, -128      x13=00001f80 x13:00002000
13660655ns          230518 1c008902 00379713 slli             x14, x15, 0x3       x14=00000000 x15:00000000
13660675ns          230519 1c008906 00279793 slli             x15, x15, 0x2       x15=00000000 x15:00000000
13660695ns          230520 1c008908 00d7f7b3 and              x15, x15, x13       x15=00000000 x15:00000000 x13:00001f80
13660715ns          230521 1c00890a ee873733 p.bclr           x14, x14, 23, 8     x14=00000000 x14:00000000
13660735ns          230522 1c00890e 1a10f6b7 lui              x13, 0x1a10f000     x13=1a10f000
13660755ns          230523 1c008912 0ff57513 andi             x10, x10, 255       x10=0000006f x10:0000006f
13660774ns          230524 1c008916 00d70733 add              x14, x14, x13       x14=1a10f000 x14:00000000 x13:1a10f000
13660794ns          230525 1c008918 00a7e723 p.sw             x10, x0(x15)        x10:0000006f x15:00000000  PA:1a10f000
13661113ns          230541 1c00891c 00000513 addi             x10, x0, 0          x10=00000000
13661132ns          230542 1c00891e 00008067 jalr             x0, x1, 0            x1:1c0089ee
13661192ns          230545 1c0089ee 31f52563 p.beqimm         x10, 778            x10:00000000
13661212ns          230546 1c0089f2 001d8d93 addi             x27, x27, 1         x27=0000000b x27:0000000a
13661232ns          230547 1c0089f4 00044503 lbu              x10, 0(x8)          x10=00000072  x8:1c0000bf  PA:1c0000bf
13661530ns          230562 1c0089f8 00140413 addi             x8, x8, 1            x8=1c0000c0  x8:1c0000bf
13661550ns          230563 1c0089fa fe0514e3 bne              x10, x0, -24        x10:00000072
13661630ns          230567 1c0089e2 02500793 addi             x15, x0, 37         x15=00000025
13661650ns          230568 1c0089e6 04f50863 beq              x10, x15, 80        x10:00000072 x15:00000025
13661670ns          230569 1c0089ea 01a005b3 add              x11, x0, x26        x11=00000002 x26:00000002
13661689ns          230570 1c0089ec 000b00e7 jalr             x1, x22, 0           x1=1c0089ee x22:1c0088f8
13661729ns          230572 1c0088f8 000026b7 lui              x13, 0x2000         x13=00002000
13661749ns          230573 1c0088fa f14027f3 csrrs            x15, x0, 0xf14      x15=00000000
13661769ns          230574 1c0088fe f8068693 addi             x13, x13, -128      x13=00001f80 x13:00002000
13661789ns          230575 1c008902 00379713 slli             x14, x15, 0x3       x14=00000000 x15:00000000
13661809ns          230576 1c008906 00279793 slli             x15, x15, 0x2       x15=00000000 x15:00000000
13661829ns          230577 1c008908 00d7f7b3 and              x15, x15, x13       x15=00000000 x15:00000000 x13:00001f80
13661849ns          230578 1c00890a ee873733 p.bclr           x14, x14, 23, 8     x14=00000000 x14:00000000
13661868ns          230579 1c00890e 1a10f6b7 lui              x13, 0x1a10f000     x13=1a10f000
13661888ns          230580 1c008912 0ff57513 andi             x10, x10, 255       x10=00000072 x10:00000072
13661908ns          230581 1c008916 00d70733 add              x14, x14, x13       x14=1a10f000 x14:00000000 x13:1a10f000
13661928ns          230582 1c008918 00a7e723 p.sw             x10, x0(x15)        x10:00000072 x15:00000000  PA:1a10f000
13662246ns          230598 1c00891c 00000513 addi             x10, x0, 0          x10=00000000
13662266ns          230599 1c00891e 00008067 jalr             x0, x1, 0            x1:1c0089ee
13662326ns          230602 1c0089ee 31f52563 p.beqimm         x10, 778            x10:00000000
13662346ns          230603 1c0089f2 001d8d93 addi             x27, x27, 1         x27=0000000c x27:0000000b
13662366ns          230604 1c0089f4 00044503 lbu              x10, 0(x8)          x10=00000073  x8:1c0000c0  PA:1c0000c0
13662664ns          230619 1c0089f8 00140413 addi             x8, x8, 1            x8=1c0000c1  x8:1c0000c0
13662684ns          230620 1c0089fa fe0514e3 bne              x10, x0, -24        x10:00000073
13662764ns          230624 1c0089e2 02500793 addi             x15, x0, 37         x15=00000025
13662783ns          230625 1c0089e6 04f50863 beq              x10, x15, 80        x10:00000073 x15:00000025
13662803ns          230626 1c0089ea 01a005b3 add              x11, x0, x26        x11=00000002 x26:00000002
13662823ns          230627 1c0089ec 000b00e7 jalr             x1, x22, 0           x1=1c0089ee x22:1c0088f8
13662863ns          230629 1c0088f8 000026b7 lui              x13, 0x2000         x13=00002000
13662883ns          230630 1c0088fa f14027f3 csrrs            x15, x0, 0xf14      x15=00000000
13662903ns          230631 1c0088fe f8068693 addi             x13, x13, -128      x13=00001f80 x13:00002000
13662923ns          230632 1c008902 00379713 slli             x14, x15, 0x3       x14=00000000 x15:00000000
13662943ns          230633 1c008906 00279793 slli             x15, x15, 0x2       x15=00000000 x15:00000000
13662962ns          230634 1c008908 00d7f7b3 and              x15, x15, x13       x15=00000000 x15:00000000 x13:00001f80
13662982ns          230635 1c00890a ee873733 p.bclr           x14, x14, 23, 8     x14=00000000 x14:00000000
13663002ns          230636 1c00890e 1a10f6b7 lui              x13, 0x1a10f000     x13=1a10f000
13663022ns          230637 1c008912 0ff57513 andi             x10, x10, 255       x10=00000073 x10:00000073
13663042ns          230638 1c008916 00d70733 add              x14, x14, x13       x14=1a10f000 x14:00000000 x13:1a10f000
13663062ns          230639 1c008918 00a7e723 p.sw             x10, x0(x15)        x10:00000073 x15:00000000  PA:1a10f000
13663400ns          230656 1c00891c 00000513 addi             x10, x0, 0          x10=00000000
13663420ns          230657 1c00891e 00008067 jalr             x0, x1, 0            x1:1c0089ee
13663480ns          230660 1c0089ee 31f52563 p.beqimm         x10, 778            x10:00000000
13663499ns          230661 1c0089f2 001d8d93 addi             x27, x27, 1         x27=0000000d x27:0000000c
13663519ns          230662 1c0089f4 00044503 lbu              x10, 0(x8)          x10=0000003a  x8:1c0000c1  PA:1c0000c1
13663818ns          230677 1c0089f8 00140413 addi             x8, x8, 1            x8=1c0000c2  x8:1c0000c1
13663838ns          230678 1c0089fa fe0514e3 bne              x10, x0, -24        x10:0000003a
13663917ns          230682 1c0089e2 02500793 addi             x15, x0, 37         x15=00000025
13663937ns          230683 1c0089e6 04f50863 beq              x10, x15, 80        x10:0000003a x15:00000025
13663957ns          230684 1c0089ea 01a005b3 add              x11, x0, x26        x11=00000002 x26:00000002
13663977ns          230685 1c0089ec 000b00e7 jalr             x1, x22, 0           x1=1c0089ee x22:1c0088f8
13664017ns          230687 1c0088f8 000026b7 lui              x13, 0x2000         x13=00002000
13664037ns          230688 1c0088fa f14027f3 csrrs            x15, x0, 0xf14      x15=00000000
13664056ns          230689 1c0088fe f8068693 addi             x13, x13, -128      x13=00001f80 x13:00002000
13664076ns          230690 1c008902 00379713 slli             x14, x15, 0x3       x14=00000000 x15:00000000
13664096ns          230691 1c008906 00279793 slli             x15, x15, 0x2       x15=00000000 x15:00000000
13664116ns          230692 1c008908 00d7f7b3 and              x15, x15, x13       x15=00000000 x15:00000000 x13:00001f80
13664136ns          230693 1c00890a ee873733 p.bclr           x14, x14, 23, 8     x14=00000000 x14:00000000
13664156ns          230694 1c00890e 1a10f6b7 lui              x13, 0x1a10f000     x13=1a10f000
13664176ns          230695 1c008912 0ff57513 andi             x10, x10, 255       x10=0000003a x10:0000003a
13664196ns          230696 1c008916 00d70733 add              x14, x14, x13       x14=1a10f000 x14:00000000 x13:1a10f000
13664216ns          230697 1c008918 00a7e723 p.sw             x10, x0(x15)        x10:0000003a x15:00000000  PA:1a10f000
13664534ns          230713 1c00891c 00000513 addi             x10, x0, 0          x10=00000000
13664554ns          230714 1c00891e 00008067 jalr             x0, x1, 0            x1:1c0089ee
13664613ns          230717 1c0089ee 31f52563 p.beqimm         x10, 778            x10:00000000
13664633ns          230718 1c0089f2 001d8d93 addi             x27, x27, 1         x27=0000000e x27:0000000d
13664653ns          230719 1c0089f4 00044503 lbu              x10, 0(x8)          x10=00000020  x8:1c0000c2  PA:1c0000c2
13664952ns          230734 1c0089f8 00140413 addi             x8, x8, 1            x8=1c0000c3  x8:1c0000c2
13664971ns          230735 1c0089fa fe0514e3 bne              x10, x0, -24        x10:00000020
13665051ns          230739 1c0089e2 02500793 addi             x15, x0, 37         x15=00000025
13665071ns          230740 1c0089e6 04f50863 beq              x10, x15, 80        x10:00000020 x15:00000025
13665091ns          230741 1c0089ea 01a005b3 add              x11, x0, x26        x11=00000002 x26:00000002
13665111ns          230742 1c0089ec 000b00e7 jalr             x1, x22, 0           x1=1c0089ee x22:1c0088f8
13665150ns          230744 1c0088f8 000026b7 lui              x13, 0x2000         x13=00002000
13665170ns          230745 1c0088fa f14027f3 csrrs            x15, x0, 0xf14      x15=00000000
13665190ns          230746 1c0088fe f8068693 addi             x13, x13, -128      x13=00001f80 x13:00002000
13665210ns          230747 1c008902 00379713 slli             x14, x15, 0x3       x14=00000000 x15:00000000
13665230ns          230748 1c008906 00279793 slli             x15, x15, 0x2       x15=00000000 x15:00000000
13665250ns          230749 1c008908 00d7f7b3 and              x15, x15, x13       x15=00000000 x15:00000000 x13:00001f80
13665270ns          230750 1c00890a ee873733 p.bclr           x14, x14, 23, 8     x14=00000000 x14:00000000
13665290ns          230751 1c00890e 1a10f6b7 lui              x13, 0x1a10f000     x13=1a10f000
13665310ns          230752 1c008912 0ff57513 andi             x10, x10, 255       x10=00000020 x10:00000020
13665329ns          230753 1c008916 00d70733 add              x14, x14, x13       x14=1a10f000 x14:00000000 x13:1a10f000
13665349ns          230754 1c008918 00a7e723 p.sw             x10, x0(x15)        x10:00000020 x15:00000000  PA:1a10f000
13665668ns          230770 1c00891c 00000513 addi             x10, x0, 0          x10=00000000
13665687ns          230771 1c00891e 00008067 jalr             x0, x1, 0            x1:1c0089ee
13665747ns          230774 1c0089ee 31f52563 p.beqimm         x10, 778            x10:00000000
13665767ns          230775 1c0089f2 001d8d93 addi             x27, x27, 1         x27=0000000f x27:0000000e
13665787ns          230776 1c0089f4 00044503 lbu              x10, 0(x8)          x10=00000025  x8:1c0000c3  PA:1c0000c3
13666085ns          230791 1c0089f8 00140413 addi             x8, x8, 1            x8=1c0000c4  x8:1c0000c3
13666105ns          230792 1c0089fa fe0514e3 bne              x10, x0, -24        x10:00000025
13666185ns          230796 1c0089e2 02500793 addi             x15, x0, 37         x15=00000025
13666205ns          230797 1c0089e6 04f50863 beq              x10, x15, 80        x10:00000025 x15:00000025
13666284ns          230801 1c008a36 00044483 lbu              x9, 0(x8)            x9=00000064  x8:1c0000c4  PA:1c0000c4
13666583ns          230816 1c008a3a 02000693 addi             x13, x0, 32         x13=00000020
13666602ns          230817 1c008a3e 00140a93 addi             x21, x8, 1          x21=1c0000c5  x8:1c0000c4
13666622ns          230818 1c008a42 009005b3 add              x11, x0, x9         x11=00000064  x9:00000064
13666642ns          230819 1c008a44 064b8513 addi             x10, x23, 100       x10=1c000064 x23:1c000000
13666662ns          230820 1c008a48 00d12823 sw               x13, 16(x2)         x13:00000020  x2:10000638  PA:10000648
13666682ns          230821 1c008a4a 00012c23 sw               x0, 24(x2)           x2:10000638  PA:10000650
13666702ns          230822 1c008a4c 00012a23 sw               x0, 20(x2)           x2:10000638  PA:1000064c
13666722ns          230823 1c008a4e 00012e23 sw               x0, 28(x2)           x2:10000638  PA:10000654
13666742ns          230824 1c008a50 00012623 sw               x0, 12(x2)           x2:10000638  PA:10000644
13666762ns          230825 1c008a52 02300913 addi             x18, x0, 35         x18=00000023
13666781ns          230826 1c008a56 02d00a13 addi             x20, x0, 45         x20=0000002d
13666801ns          230827 1c008a5a 015009b3 add              x19, x0, x21        x19=1c0000c5 x21:1c0000c5
13666821ns          230828 1c008a5c e1dff0ef jal              x1, -484             x1=1c008a5e
13666941ns          230834 1c008878 00054783 lbu              x15, 0(x10)         x15=0000002d x10:1c000064  PA:1c000064
13667259ns          230850 1c00887c 0ff5f593 andi             x11, x11, 255       x11=00000064 x11:00000064
13667279ns          230851 1c008880 00b78c63 beq              x15, x11, 24        x15:0000002d x11:00000064
13667299ns          230852 1c008884 00078b63 beq              x15, x0, 22         x15:0000002d
13667319ns          230853 1c008886 00150793 addi             x15, x10, 1         x15=1c000065 x10:1c000064
13667338ns          230854 1c00888a 0040006f jal              x0, 4              
13667418ns          230858 1c00888e 00f00533 add              x10, x0, x15        x10=1c000065 x15:1c000065
13667438ns          230859 1c008890 0017c70b p.lbu            x14, 1(x15!)        x14=0000002b x15=1c000066 x15:1c000065  PA:1c000065
13667776ns          230876 1c008894 feb71ce3 bne              x14, x11, -8        x14:0000002b x11:00000064
13667836ns          230879 1c00888c 00070763 beq              x14, x0, 14         x14:0000002b
13667856ns          230880 1c00888e 00f00533 add              x10, x0, x15        x10=1c000066 x15:1c000066
13667875ns          230881 1c008890 0017c70b p.lbu            x14, 1(x15!)        x14=00000020 x15=1c000067 x15:1c000066  PA:1c000066
13668194ns          230897 1c008894 feb71ce3 bne              x14, x11, -8        x14:00000020 x11:00000064
13668253ns          230900 1c00888c 00070763 beq              x14, x0, 14         x14:00000020
13668273ns          230901 1c00888e 00f00533 add              x10, x0, x15        x10=1c000067 x15:1c000067
13668293ns          230902 1c008890 0017c70b p.lbu            x14, 1(x15!)        x14=00000023 x15=1c000068 x15:1c000067  PA:1c000067
13668611ns          230918 1c008894 feb71ce3 bne              x14, x11, -8        x14:00000023 x11:00000064
13668671ns          230921 1c00888c 00070763 beq              x14, x0, 14         x14:00000023
13668691ns          230922 1c00888e 00f00533 add              x10, x0, x15        x10=1c000068 x15:1c000068
13668711ns          230923 1c008890 0017c70b p.lbu            x14, 1(x15!)        x14=00000030 x15=1c000069 x15:1c000068  PA:1c000068
13669029ns          230939 1c008894 feb71ce3 bne              x14, x11, -8        x14:00000030 x11:00000064
13669089ns          230942 1c00888c 00070763 beq              x14, x0, 14         x14:00000030
13669109ns          230943 1c00888e 00f00533 add              x10, x0, x15        x10=1c000069 x15:1c000069
13669129ns          230944 1c008890 0017c70b p.lbu            x14, 1(x15!)        x14=00000000 x15=1c00006a x15:1c000069  PA:1c000069
13669447ns          230960 1c008894 feb71ce3 bne              x14, x11, -8        x14:00000000 x11:00000064
13669507ns          230963 1c00888c 00070763 beq              x14, x0, 14         x14:00000000
13669586ns          230967 1c00889a 0015b593 sltiu            x11, x11, 1         x11=00000000 x11:00000064
13669606ns          230968 1c00889e 40b005b3 sub              x11, x0, x11        x11=00000000 x11:00000000
13669626ns          230969 1c0088a2 00b57533 and              x10, x10, x11       x10=00000000 x10:1c000069 x11:00000000
13669646ns          230970 1c0088a4 00008067 jalr             x0, x1, 0            x1:1c008a5e
13669686ns          230972 1c008a5e 02050a63 beq              x10, x0, 52         x10:00000000
13669825ns          230979 1c008a92 02a00613 addi             x12, x0, 42         x12=0000002a
13669845ns          230980 1c008a96 2ac48663 beq              x9, x12, 684         x9:00000064 x12:0000002a
13669865ns          230981 1c008a9a fd048613 addi             x12, x9, -48        x12=00000034  x9:00000064
13669884ns          230982 1c008a9e 00900593 addi             x11, x0, 9          x11=00000009
13669924ns          230984 1c008aa0 00000913 addi             x18, x0, 0          x18=00000000
13669964ns          230986 1c008aa2 28c5f063 bgeu             x11, x12, 640       x11:00000009 x12:00000034
13669984ns          230987 1c008aa6 02e00693 addi             x13, x0, 46         x13=0000002e
13670004ns          230988 1c008aaa fff00a13 addi             x20, x0, -1         x20=ffffffff
13670024ns          230989 1c008aac 2ed48363 beq              x9, x13, 742         x9:00000064 x13:0000002e
13670063ns          230991 1c008ab0 1c0007b7 lui              x15, 0x1c000000     x15=1c000000
13670103ns          230993 1c008ab4 009005b3 add              x11, x0, x9         x11=00000064  x9:00000064
13670123ns          230994 1c008ab6 06c78513 addi             x10, x15, 108       x10=1c00006c x15:1c000000
13670143ns          230995 1c008aba dbfff0ef jal              x1, -578             x1=1c008abc
13670242ns          231000 1c008878 00054783 lbu              x15, 0(x10)         x15=00000068 x10:1c00006c  PA:1c00006c
13670541ns          231015 1c00887c 0ff5f593 andi             x11, x11, 255       x11=00000064 x11:00000064
13670561ns          231016 1c008880 00b78c63 beq              x15, x11, 24        x15:00000068 x11:00000064
13670581ns          231017 1c008884 00078b63 beq              x15, x0, 22         x15:00000068
13670600ns          231018 1c008886 00150793 addi             x15, x10, 1         x15=1c00006d x10:1c00006c
13670620ns          231019 1c00888a 0040006f jal              x0, 4              
13670720ns          231024 1c00888e 00f00533 add              x10, x0, x15        x10=1c00006d x15:1c00006d
13670740ns          231025 1c008890 0017c70b p.lbu            x14, 1(x15!)        x14=0000006c x15=1c00006e x15:1c00006d  PA:1c00006d
13671058ns          231041 1c008894 feb71ce3 bne              x14, x11, -8        x14:0000006c x11:00000064
13671118ns          231044 1c00888c 00070763 beq              x14, x0, 14         x14:0000006c
13671138ns          231045 1c00888e 00f00533 add              x10, x0, x15        x10=1c00006e x15:1c00006e
13671157ns          231046 1c008890 0017c70b p.lbu            x14, 1(x15!)        x14=0000004c x15=1c00006f x15:1c00006e  PA:1c00006e
13671476ns          231062 1c008894 feb71ce3 bne              x14, x11, -8        x14:0000004c x11:00000064
13671535ns          231065 1c00888c 00070763 beq              x14, x0, 14         x14:0000004c
13671555ns          231066 1c00888e 00f00533 add              x10, x0, x15        x10=1c00006f x15:1c00006f
13671575ns          231067 1c008890 0017c70b p.lbu            x14, 1(x15!)        x14=0000007a x15=1c000070 x15:1c00006f  PA:1c00006f
13671913ns          231084 1c008894 feb71ce3 bne              x14, x11, -8        x14:0000007a x11:00000064
13671973ns          231087 1c00888c 00070763 beq              x14, x0, 14         x14:0000007a
13671993ns          231088 1c00888e 00f00533 add              x10, x0, x15        x10=1c000070 x15:1c000070
13672013ns          231089 1c008890 0017c70b p.lbu            x14, 1(x15!)        x14=00000000 x15=1c000071 x15:1c000070  PA:1c000070
13672331ns          231105 1c008894 feb71ce3 bne              x14, x11, -8        x14:00000000 x11:00000064
13672391ns          231108 1c00888c 00070763 beq              x14, x0, 14         x14:00000000
13672470ns          231112 1c00889a 0015b593 sltiu            x11, x11, 1         x11=00000000 x11:00000064
13672490ns          231113 1c00889e 40b005b3 sub              x11, x0, x11        x11=00000000 x11:00000000
13672510ns          231114 1c0088a2 00b57533 and              x10, x10, x11       x10=00000000 x10:1c000070 x11:00000000
13672530ns          231115 1c0088a4 00008067 jalr             x0, x1, 0            x1:1c008abc
13672570ns          231117 1c008abc 01300433 add              x8, x0, x19          x8=1c0000c5 x19:1c0000c5
13672590ns          231118 1c008abe 00050563 beq              x10, x0, 10         x10:00000000
13672649ns          231121 1c008ac8 06700693 addi             x13, x0, 103        x13=00000067
13672669ns          231122 1c008acc 2896d963 bge              x13, x9, 658        x13:00000067  x9:00000064
13672888ns          231133 1c008d5e 06500693 addi             x13, x0, 101        x13=00000065
13672928ns          231135 1c008d62 12d4d563 bge              x9, x13, 298         x9:00000064 x13:00000065
13672948ns          231136 1c008d66 04700693 addi             x13, x0, 71         x13=00000047
13672967ns          231137 1c008d6a dc96cbe3 blt              x13, x9, -554       x13:00000047  x9:00000064
13673107ns          231144 1c008b40 06300693 addi             x13, x0, 99         x13=00000063
13673147ns          231146 1c008b44 0ad488e3 beq              x9, x13, 2224        x9:00000064 x13:00000063
13673166ns          231147 1c008b48 0096c9e3 blt              x13, x9, 2066       x13:00000063  x9:00000064
13673365ns          231157 1c00935a 000c2583 lw               x11, 0(x24)         x11=00000000 x24:1000078c  PA:1000078c
13673385ns          231158 1c00935e 004c0c13 addi             x24, x24, 4         x24=10000790 x24:1000078c
13673425ns          231160 1c009360 3405cc63 blt              x11, x0, 856        x11:00000000
13673465ns          231162 1c009364 01412603 lw               x12, 20(x2)         x12=00000000  x2:10000638  PA:1000064c
13673485ns          231163 1c009366 00b006b3 add              x13, x0, x11        x13=00000000 x11:00000000
13673505ns          231164 1c009368 2e061863 bne              x12, x0, 752        x12:00000000
13673524ns          231165 1c00936c 01812703 lw               x14, 24(x2)         x14=00000000  x2:10000638  PA:10000650
13673544ns          231166 1c00936e 019007b3 add              x15, x0, x25        x15=1000065c x25:1000065c
13673564ns          231167 1c009370 00070763 beq              x14, x0, 14         x14:00000000
13673624ns          231170 1c00937e 00f00733 add              x14, x0, x15        x14=1000065c x15:1000065c
13673684ns          231173 1c009380 00a00513 addi             x10, x0, 10         x10=0000000a
13673723ns          231175 1c009382 02a6f633 remu             x12, x13, x10       x12=00000000 x13:00000000 x10:0000000a
13674340ns          231206 1c009386 02a6d6b3 divu             x13, x13, x10       x13=00000000 x13:00000000 x10:0000000a
13674957ns          231237 1c00938a 03060613 addi             x12, x12, 48        x12=00000030 x12:00000000
13674976ns          231238 1c00938e 00c700ab p.sb             x12, 1(x14!)        x14=1000065d x12:00000030 x14:1000065c  PA:1000065c
13674996ns          231239 1c009392 fe0698e3 bne              x13, x0, -16        x13:00000000
13675016ns          231240 1c009394 40f706b3 sub              x13, x14, x15       x13=00000001 x14:1000065d x15:1000065c
13675036ns          231241 1c009398 0146dc63 bge              x13, x20, 24        x13:00000001 x20:ffffffff
13675175ns          231248 1c0093b0 00e006b3 add              x13, x0, x14        x13=1000065d x14:1000065d
13675215ns          231250 1c0093b2 fe068fab p.sb             x0, -1(x13!)        x13=1000065c x13:1000065d  PA:1000065d
13675235ns          231251 1c0093b6 00d7fc63 bgeu             x15, x13, 24        x15:1000065c x13:1000065c
13675354ns          231257 1c0093ce 01412783 lw               x15, 20(x2)         x15=00000000  x2:10000638  PA:1000064c
13675414ns          231260 1c0093d0 01812603 lw               x12, 24(x2)         x12=00000000  x2:10000638  PA:10000650
13675454ns          231262 1c0093d2 419704b3 sub              x9, x14, x25         x9=00000001 x14:1000065d x25:1000065c
13675474ns          231263 1c0093d6 00c7e7b3 or               x15, x15, x12       x15=00000000 x15:00000000 x12:00000000
13675494ns          231264 1c0093d8 00f12623 sw               x15, 12(x2)         x15:00000000  x2:10000638  PA:10000644
13675514ns          231265 1c0093da 00079363 bne              x15, x0, 6          x15:00000000
13675533ns          231266 1c0093dc 01f5d593 srli             x11, x11, 0x1f      x11=00000000 x11:00000000
13675553ns          231267 1c0093de 00b12623 sw               x11, 12(x2)         x11:00000000  x2:10000638  PA:10000644
13675573ns          231268 1c0093e0 e3fa28e3 p.beqimm         x20, -464           x20:ffffffff
13676051ns          231292 1c009210 0c800793 addi             x15, x0, 200        x15=000000c8
13676090ns          231294 1c009214 9e97d0e3 bge              x15, x9, -1568      x15:000000c8  x9:00000001
13676190ns          231299 1c008bf4 0f24d163 bge              x9, x18, 226         x9:00000001 x18:00000000
13676329ns          231306 1c008cd6 d00482e3 beq              x9, x0, -764         x9:00000001
13676349ns          231307 1c008cda 01900933 add              x18, x0, x25        x18=1000065c x25:1000065c
13676369ns          231308 1c008cdc 419d8db3 sub              x27, x27, x25       x27=effff9b3 x27:0000000f x25:1000065c
13676409ns          231310 1c008ce0 00a0006f jal              x0, 10             
13676468ns          231313 1c008cea 0019450b p.lbu            x10, 1(x18!)        x10=00000030 x18=1000065d x18:1000065c  PA:1000065c
13676488ns          231314 1c008cee 01a005b3 add              x11, x0, x26        x11=00000002 x26:00000002
13676528ns          231316 1c008cf0 000b00e7 jalr             x1, x22, 0           x1=1c008cf2 x22:1c0088f8
13676608ns          231320 1c0088f8 000026b7 lui              x13, 0x2000         x13=00002000
13676647ns          231322 1c0088fa f14027f3 csrrs            x15, x0, 0xf14      x15=00000000
13676667ns          231323 1c0088fe f8068693 addi             x13, x13, -128      x13=00001f80 x13:00002000
13676687ns          231324 1c008902 00379713 slli             x14, x15, 0x3       x14=00000000 x15:00000000
13676707ns          231325 1c008906 00279793 slli             x15, x15, 0x2       x15=00000000 x15:00000000
13676727ns          231326 1c008908 00d7f7b3 and              x15, x15, x13       x15=00000000 x15:00000000 x13:00001f80
13676747ns          231327 1c00890a ee873733 p.bclr           x14, x14, 23, 8     x14=00000000 x14:00000000
13676767ns          231328 1c00890e 1a10f6b7 lui              x13, 0x1a10f000     x13=1a10f000
13676787ns          231329 1c008912 0ff57513 andi             x10, x10, 255       x10=00000030 x10:00000030
13676806ns          231330 1c008916 00d70733 add              x14, x14, x13       x14=1a10f000 x14:00000000 x13:1a10f000
13676826ns          231331 1c008918 00a7e723 p.sw             x10, x0(x15)        x10:00000030 x15:00000000  PA:1a10f000
13677145ns          231347 1c00891c 00000513 addi             x10, x0, 0          x10=00000000
13677164ns          231348 1c00891e 00008067 jalr             x0, x1, 0            x1:1c008cf2
13677204ns          231350 1c008cf2 fff48493 addi             x9, x9, -1           x9=00000000  x9:00000001
13677224ns          231351 1c008cf4 fff537e3 p.bneimm         x10, -18            x10:00000000
13677304ns          231355 1c008ce2 012d8733 add              x14, x27, x18       x14=00000010 x27:effff9b3 x18:1000065d
13677324ns          231356 1c008ce6 5a048b63 beq              x9, x0, 1462         x9:00000000
13677423ns          231361 1c00929c 00e00db3 add              x27, x0, x14        x27=00000010 x14:00000010
13677463ns          231363 1c00929e f3cff06f jal              x0, -2244          
13677582ns          231369 1c0089da 00044503 lbu              x10, 0(x8)          x10=00000000  x8:1c0000c5  PA:1c0000c5
13677881ns          231384 1c0089de 00140413 addi             x8, x8, 1            x8=1c0000c6  x8:1c0000c5
13677900ns          231385 1c0089e0 00050e63 beq              x10, x0, 28         x10:00000000
13677960ns          231388 1c0089fc 01b00433 add              x8, x0, x27          x8=00000010 x27:00000010
13677980ns          231389 1c0089fe 00800533 add              x10, x0, x8         x10=00000010  x8:00000010
13678000ns          231390 1c008a00 12c12083 lw               x1, 300(x2)          x1=1c00898c  x2:10000638  PA:10000764
13678020ns          231391 1c008a04 12812403 lw               x8, 296(x2)          x8=1c000e80  x2:10000638  PA:10000760
13678040ns          231392 1c008a08 12412483 lw               x9, 292(x2)          x9=00000000  x2:10000638  PA:1000075c
13678060ns          231393 1c008a0c 12012903 lw               x18, 288(x2)        x18=1a10b004  x2:10000638  PA:10000758
13678099ns          231395 1c008a10 11c12983 lw               x19, 284(x2)        x19=00000000  x2:10000638  PA:10000754
13678139ns          231397 1c008a14 11812a03 lw               x20, 280(x2)        x20=1c000e84  x2:10000638  PA:10000750
13678159ns          231398 1c008a18 11412a83 lw               x21, 276(x2)        x21=1c00a000  x2:10000638  PA:1000074c
13678179ns          231399 1c008a1c 11012b03 lw               x22, 272(x2)        x22=1c00a000  x2:10000638  PA:10000748
13678239ns          231402 1c008a20 10c12b83 lw               x23, 268(x2)        x23=1c000000  x2:10000638  PA:10000744
13678278ns          231404 1c008a24 10812c03 lw               x24, 264(x2)        x24=1c000000  x2:10000638  PA:10000740
13678298ns          231405 1c008a28 10412c83 lw               x25, 260(x2)        x25=1c000000  x2:10000638  PA:1000073c
13678318ns          231406 1c008a2c 10012d03 lw               x26, 256(x2)        x26=1c000000  x2:10000638  PA:10000738
13678378ns          231409 1c008a30 0fc12d83 lw               x27, 252(x2)        x27=1c000e70  x2:10000638  PA:10000734
13678398ns          231410 1c008a32 13010113 addi             x2, x2, 304          x2=10000768  x2:10000638
13678418ns          231411 1c008a34 00008067 jalr             x0, x1, 0            x1:1c00898c
13678457ns          231413 1c00898c 01c12083 lw               x1, 28(x2)           x1=1c009bb8  x2:10000768  PA:10000784
13678477ns          231414 1c00898e 04010113 addi             x2, x2, 64           x2=100007a8  x2:10000768
13678517ns          231416 1c008990 00008067 jalr             x0, x1, 0            x1:1c009bb8
13678557ns          231418 1c009bb8 00812703 lw               x14, 8(x2)          x14=00000000  x2:100007a8  PA:100007b0
13678577ns          231419 1c009bba 0c8c0513 addi             x10, x24, 200       x10=1c0000c8 x24:1c000000
13678597ns          231420 1c009bbe 00e005b3 add              x11, x0, x14        x11=00000000 x14:00000000
13678636ns          231422 1c009bc0 02070b63 beq              x14, x0, 54         x14:00000000
13678736ns          231427 1c009bf6 00a00513 addi             x10, x0, 10         x10=0000000a
13678776ns          231429 1c009bf8 d29fe0ef jal              x1, -4824            x1=1c009bfc
13678815ns          231431 1c008920 000026b7 lui              x13, 0x2000         x13=00002000
13678835ns          231432 1c008922 f14027f3 csrrs            x15, x0, 0xf14      x15=00000000
13678855ns          231433 1c008926 f8068693 addi             x13, x13, -128      x13=00001f80 x13:00002000
13678875ns          231434 1c00892a 00379713 slli             x14, x15, 0x3       x14=00000000 x15:00000000
13678895ns          231435 1c00892e 00279793 slli             x15, x15, 0x2       x15=00000000 x15:00000000
13678935ns          231437 1c008930 00d7f7b3 and              x15, x15, x13       x15=00000000 x15:00000000 x13:00001f80
13678975ns          231439 1c008932 ee873733 p.bclr           x14, x14, 23, 8     x14=00000000 x14:00000000
13678994ns          231440 1c008936 1a10f6b7 lui              x13, 0x1a10f000     x13=1a10f000
13679014ns          231441 1c00893a 0ff57513 andi             x10, x10, 255       x10=0000000a x10:0000000a
13679034ns          231442 1c00893e 00d70733 add              x14, x14, x13       x14=1a10f000 x14:00000000 x13:1a10f000
13679054ns          231443 1c008940 00a7e723 p.sw             x10, x0(x15)        x10:0000000a x15:00000000  PA:1a10f000
13679392ns          231460 1c008944 00000513 addi             x10, x0, 0          x10=00000000
13679412ns          231461 1c008946 00008067 jalr             x0, x1, 0            x1:1c009bfc
13679452ns          231463 1c009bfc f5dff06f jal              x0, -164           
13679591ns          231470 1c009b58 00c12703 lw               x14, 12(x2)         x14=00000000  x2:100007a8  PA:100007b4
13679611ns          231471 1c009b5a 008d8d93 addi             x27, x27, 8         x27=1c000e78 x27:1c000e70
13679631ns          231472 1c009b5c 00e484b3 add              x9, x9, x14          x9=00000000  x9:00000000 x14:00000000
13679691ns          231475 1c009b5e 07b40963 beq              x8, x27, 114         x8:1c000e80 x27:1c000e78
13679710ns          231476 1c009b62 00012623 sw               x0, 12(x2)           x2:100007a8  PA:100007b4
13679730ns          231477 1c009b64 00099763 bne              x19, x0, 14         x19:00000000
13679750ns          231478 1c009b68 00092023 sw               x0, 0(x18)          x18:1a10b004  PA:1a10b004
13680068ns          231494 1c009b6c 00100713 addi             x14, x0, 1          x14=00000001
13680208ns          231501 1c009b6e 02e92023 sw               x14, 32(x18)        x14:00000001 x18:1a10b004  PA:1a10b024
13680546ns          231518 1c009b72 000da703 lw               x14, 0(x27)         x14=1c00813e x27:1c000e78  PA:1c000e78
13680844ns          231533 1c009b76 ad8b0613 addi             x12, x22, -1320     x12=1c009ad8 x22:1c00a000
13680864ns          231534 1c009b7a ac0a8593 addi             x11, x21, -1344     x11=1c009ac0 x21:1c00a000
13680884ns          231535 1c009b7e 00810513 addi             x10, x2, 8          x10=100007b0  x2:100007a8
13680904ns          231536 1c009b80 000700e7 jalr             x1, x14, 0           x1=1c009b82 x14:1c00813e
13681361ns          231559 1c00813e fe010113 addi             x2, x2, -32          x2=10000788  x2:100007a8
13681819ns          231582 1c008140 00812c23 sw               x8, 24(x2)           x8:1c000e80  x2:10000788  PA:100007a0
13681859ns          231584 1c008142 1c001437 lui              x8, 0x1c001000       x8=1c001000
13681879ns          231585 1c008146 01212823 sw               x18, 16(x2)         x18:1a10b004  x2:10000788  PA:10000798
13681898ns          231586 1c008148 01312623 sw               x19, 12(x2)         x19:00000000  x2:10000788  PA:10000794
13681918ns          231587 1c00814a db040413 addi             x8, x8, -592         x8=1c000db0  x8:1c001000
13682336ns          231608 1c00814e 1c0019b7 lui              x19, 0x1c001000     x19=1c001000
13682376ns          231610 1c008152 1c001937 lui              x18, 0x1c001000     x18=1c001000
13682396ns          231611 1c008156 00912a23 sw               x9, 20(x2)           x9:00000000  x2:10000788  PA:1000079c
13682416ns          231612 1c008158 01412423 sw               x20, 8(x2)          x20:1c000e84  x2:10000788  PA:10000790
13682435ns          231613 1c00815a 01512223 sw               x21, 4(x2)          x21:1c00a000  x2:10000788  PA:1000078c
13682455ns          231614 1c00815c 01612023 sw               x22, 0(x2)          x22:1c00a000  x2:10000788  PA:10000788
13682475ns          231615 1c00815e 00112e23 sw               x1, 28(x2)           x1:1c009b82  x2:10000788  PA:100007a4
13682853ns          231634 1c008160 00a00b33 add              x22, x0, x10        x22=100007b0 x10:100007b0
13682893ns          231636 1c008162 dec98993 addi             x19, x19, -532      x19=1c000dec x19:1c001000
13682913ns          231637 1c008166 e2890913 addi             x18, x18, -472      x18=1c000e28 x18:1c001000
13682933ns          231638 1c00816a 03c40a93 addi             x21, x8, 60         x21=1c000dec  x8:1c000db0
13682953ns          231639 1c00816e 00000493 addi             x9, x0, 0            x9=00000000
13683390ns          231661 1c008170 1c000a37 lui              x20, 0x1c000000     x20=1c000000
13683430ns          231663 1c008174 0044278b p.lw             x15, 4(x8!)         x15=0a5a5415  x8=1c000db4  x8:1c000db0  PA:1c000db0
13683728ns          231678 1c008178 0049a70b p.lw             x14, 4(x19!)        x14=4f5dba1e x19=1c000df0 x19:1c000dec  PA:1c000dec
13684047ns          231694 1c00817c 02e784b3 mul              x9, x15, x14         x9=de4e1c76 x15:0a5a5415 x14:4f5dba1e
13684067ns          231695 1c008180 0049268b p.lw             x13, 4(x18!)        x13=de4e1c76 x18=1c000e2c x18:1c000e28  PA:1c000e28
13684365ns          231710 1c008184 00900633 add              x12, x0, x9         x12=de4e1c76  x9:de4e1c76
13684385ns          231711 1c008186 04ca0593 addi             x11, x20, 76        x11=1c00004c x20:1c000000
13684405ns          231712 1c00818a 01600533 add              x10, x0, x22        x10=100007b0 x22:100007b0
13684425ns          231713 1c00818c 2b7010ef jal              x1, 6838             x1=1c008190
13684982ns          231741 1c009c42 00d60a63 beq              x12, x13, 20        x12:de4e1c76 x13:de4e1c76
13685081ns          231746 1c009c56 00008067 jalr             x0, x1, 0            x1:1c008190
13685121ns          231748 1c008190 ff5412e3 bne              x8, x21, -28         x8:1c000db4 x21:1c000dec
13685180ns          231751 1c008174 0044278b p.lw             x15, 4(x8!)         x15=71c5389e  x8=1c000db8  x8:1c000db4  PA:1c000db4
13685479ns          231766 1c008178 0049a70b p.lw             x14, 4(x19!)        x14=22ed6aae x19=1c000df4 x19:1c000df0  PA:1c000df0
13685797ns          231782 1c00817c 02e784b3 mul              x9, x15, x14         x9=63c3e764 x15:71c5389e x14:22ed6aae
13685817ns          231783 1c008180 0049268b p.lw             x13, 4(x18!)        x13=63c3e764 x18=1c000e30 x18:1c000e2c  PA:1c000e2c
13686115ns          231798 1c008184 00900633 add              x12, x0, x9         x12=63c3e764  x9:63c3e764
13686135ns          231799 1c008186 04ca0593 addi             x11, x20, 76        x11=1c00004c x20:1c000000
13686155ns          231800 1c00818a 01600533 add              x10, x0, x22        x10=100007b0 x22:100007b0
13686175ns          231801 1c00818c 2b7010ef jal              x1, 6838             x1=1c008190
13686235ns          231804 1c009c42 00d60a63 beq              x12, x13, 20        x12:63c3e764 x13:63c3e764
13686294ns          231807 1c009c56 00008067 jalr             x0, x1, 0            x1:1c008190
13686334ns          231809 1c008190 ff5412e3 bne              x8, x21, -28         x8:1c000db8 x21:1c000dec
13686394ns          231812 1c008174 0044278b p.lw             x15, 4(x8!)         x15=0c4a7094  x8=1c000dbc  x8:1c000db8  PA:1c000db8
13686692ns          231827 1c008178 0049a70b p.lw             x14, 4(x19!)        x14=00a4c185 x19=1c000df8 x19:1c000df4  PA:1c000df4
13687010ns          231843 1c00817c 02e784b3 mul              x9, x15, x14         x9=a05c10e4 x15:0c4a7094 x14:00a4c185
13687030ns          231844 1c008180 0049268b p.lw             x13, 4(x18!)        x13=a05c10e4 x18=1c000e34 x18:1c000e30  PA:1c000e30
13687349ns          231860 1c008184 00900633 add              x12, x0, x9         x12=a05c10e4  x9:a05c10e4
13687368ns          231861 1c008186 04ca0593 addi             x11, x20, 76        x11=1c00004c x20:1c000000
13687388ns          231862 1c00818a 01600533 add              x10, x0, x22        x10=100007b0 x22:100007b0
13687408ns          231863 1c00818c 2b7010ef jal              x1, 6838             x1=1c008190
13687468ns          231866 1c009c42 00d60a63 beq              x12, x13, 20        x12:a05c10e4 x13:a05c10e4
13687528ns          231869 1c009c56 00008067 jalr             x0, x1, 0            x1:1c008190
13687567ns          231871 1c008190 ff5412e3 bne              x8, x21, -28         x8:1c000dbc x21:1c000dec
13687627ns          231874 1c008174 0044278b p.lw             x15, 4(x8!)         x15=48ecde00  x8=1c000dc0  x8:1c000dbc  PA:1c000dbc
13687925ns          231889 1c008178 0049a70b p.lw             x14, 4(x19!)        x14=c5e794d2 x19=1c000dfc x19:1c000df8  PA:1c000df8
13688244ns          231905 1c00817c 02e784b3 mul              x9, x15, x14         x9=14a61c00 x15:48ecde00 x14:c5e794d2
13688263ns          231906 1c008180 0049268b p.lw             x13, 4(x18!)        x13=14a61c00 x18=1c000e38 x18:1c000e34  PA:1c000e34
13688602ns          231923 1c008184 00900633 add              x12, x0, x9         x12=14a61c00  x9:14a61c00
13688622ns          231924 1c008186 04ca0593 addi             x11, x20, 76        x11=1c00004c x20:1c000000
13688641ns          231925 1c00818a 01600533 add              x10, x0, x22        x10=100007b0 x22:100007b0
13688661ns          231926 1c00818c 2b7010ef jal              x1, 6838             x1=1c008190
13688721ns          231929 1c009c42 00d60a63 beq              x12, x13, 20        x12:14a61c00 x13:14a61c00
13688781ns          231932 1c009c56 00008067 jalr             x0, x1, 0            x1:1c008190
13688820ns          231934 1c008190 ff5412e3 bne              x8, x21, -28         x8:1c000dc0 x21:1c000dec
13688880ns          231937 1c008174 0044278b p.lw             x15, 4(x8!)         x15=23d758a4  x8=1c000dc4  x8:1c000dc0  PA:1c000dc0
13689198ns          231953 1c008178 0049a70b p.lw             x14, 4(x19!)        x14=d95256d3 x19=1c000e00 x19:1c000dfc  PA:1c000dfc
13689517ns          231969 1c00817c 02e784b3 mul              x9, x15, x14         x9=4acd272c x15:23d758a4 x14:d95256d3
13689536ns          231970 1c008180 0049268b p.lw             x13, 4(x18!)        x13=4acd272c x18=1c000e3c x18:1c000e38  PA:1c000e38
13689835ns          231985 1c008184 00900633 add              x12, x0, x9         x12=4acd272c  x9:4acd272c
13689855ns          231986 1c008186 04ca0593 addi             x11, x20, 76        x11=1c00004c x20:1c000000
13689875ns          231987 1c00818a 01600533 add              x10, x0, x22        x10=100007b0 x22:100007b0
13689895ns          231988 1c00818c 2b7010ef jal              x1, 6838             x1=1c008190
13689954ns          231991 1c009c42 00d60a63 beq              x12, x13, 20        x12:4acd272c x13:4acd272c
13690014ns          231994 1c009c56 00008067 jalr             x0, x1, 0            x1:1c008190
13690054ns          231996 1c008190 ff5412e3 bne              x8, x21, -28         x8:1c000dc4 x21:1c000dec
13690113ns          231999 1c008174 0044278b p.lw             x15, 4(x8!)         x15=65ae6f68  x8=1c000dc8  x8:1c000dc4  PA:1c000dc4
13690412ns          232014 1c008178 0049a70b p.lw             x14, 4(x19!)        x14=d546f534 x19=1c000e04 x19:1c000e00  PA:1c000e00
13690730ns          232030 1c00817c 02e784b3 mul              x9, x15, x14         x9=967d2920 x15:65ae6f68 x14:d546f534
13690750ns          232031 1c008180 0049268b p.lw             x13, 4(x18!)        x13=967d2920 x18=1c000e40 x18:1c000e3c  PA:1c000e3c
13691048ns          232046 1c008184 00900633 add              x12, x0, x9         x12=967d2920  x9:967d2920
13691068ns          232047 1c008186 04ca0593 addi             x11, x20, 76        x11=1c00004c x20:1c000000
13691088ns          232048 1c00818a 01600533 add              x10, x0, x22        x10=100007b0 x22:100007b0
13691108ns          232049 1c00818c 2b7010ef jal              x1, 6838             x1=1c008190
13691168ns          232052 1c009c42 00d60a63 beq              x12, x13, 20        x12:967d2920 x13:967d2920
13691227ns          232055 1c009c56 00008067 jalr             x0, x1, 0            x1:1c008190
13691267ns          232057 1c008190 ff5412e3 bne              x8, x21, -28         x8:1c000dc8 x21:1c000dec
13691327ns          232060 1c008174 0044278b p.lw             x15, 4(x8!)         x15=baa0a541  x8=1c000dcc  x8:1c000dc8  PA:1c000dc8
13691625ns          232075 1c008178 0049a70b p.lw             x14, 4(x19!)        x14=88b6bfa4 x19=1c000e08 x19:1c000e04  PA:1c000e04
13691943ns          232091 1c00817c 02e784b3 mul              x9, x15, x14         x9=6e6b5ca4 x15:baa0a541 x14:88b6bfa4
13691963ns          232092 1c008180 0049268b p.lw             x13, 4(x18!)        x13=6e6b5ca4 x18=1c000e44 x18:1c000e40  PA:1c000e40
13692262ns          232107 1c008184 00900633 add              x12, x0, x9         x12=6e6b5ca4  x9:6e6b5ca4
13692281ns          232108 1c008186 04ca0593 addi             x11, x20, 76        x11=1c00004c x20:1c000000
13692301ns          232109 1c00818a 01600533 add              x10, x0, x22        x10=100007b0 x22:100007b0
13692321ns          232110 1c00818c 2b7010ef jal              x1, 6838             x1=1c008190
13692381ns          232113 1c009c42 00d60a63 beq              x12, x13, 20        x12:6e6b5ca4 x13:6e6b5ca4
13692441ns          232116 1c009c56 00008067 jalr             x0, x1, 0            x1:1c008190
13692480ns          232118 1c008190 ff5412e3 bne              x8, x21, -28         x8:1c000dcc x21:1c000dec
13692540ns          232121 1c008174 0044278b p.lw             x15, 4(x8!)         x15=03916cc9  x8=1c000dd0  x8:1c000dcc  PA:1c000dcc
13692838ns          232136 1c008178 0049a70b p.lw             x14, 4(x19!)        x14=f8e0c71c x19=1c000e0c x19:1c000e08  PA:1c000e08
13693157ns          232152 1c00817c 02e784b3 mul              x9, x15, x14         x9=575824fc x15:03916cc9 x14:f8e0c71c
13693176ns          232153 1c008180 0049268b p.lw             x13, 4(x18!)        x13=575824fc x18=1c000e48 x18:1c000e44  PA:1c000e44
13693475ns          232168 1c008184 00900633 add              x12, x0, x9         x12=575824fc  x9:575824fc
13693495ns          232169 1c008186 04ca0593 addi             x11, x20, 76        x11=1c00004c x20:1c000000
13693515ns          232170 1c00818a 01600533 add              x10, x0, x22        x10=100007b0 x22:100007b0
13693535ns          232171 1c00818c 2b7010ef jal              x1, 6838             x1=1c008190
13693594ns          232174 1c009c42 00d60a63 beq              x12, x13, 20        x12:575824fc x13:575824fc
13693654ns          232177 1c009c56 00008067 jalr             x0, x1, 0            x1:1c008190
13693694ns          232179 1c008190 ff5412e3 bne              x8, x21, -28         x8:1c000dd0 x21:1c000dec
13693753ns          232182 1c008174 0044278b p.lw             x15, 4(x8!)         x15=0e719ea3  x8=1c000dd4  x8:1c000dd0  PA:1c000dd0
13694052ns          232197 1c008178 0049a70b p.lw             x14, 4(x19!)        x14=b079430e x19=1c000e10 x19:1c000e0c  PA:1c000e0c
13694370ns          232213 1c00817c 02e784b3 mul              x9, x15, x14         x9=91c655ea x15:0e719ea3 x14:b079430e
13694390ns          232214 1c008180 0049268b p.lw             x13, 4(x18!)        x13=91c655ea x18=1c000e4c x18:1c000e48  PA:1c000e48
13694688ns          232229 1c008184 00900633 add              x12, x0, x9         x12=91c655ea  x9:91c655ea
13694708ns          232230 1c008186 04ca0593 addi             x11, x20, 76        x11=1c00004c x20:1c000000
13694728ns          232231 1c00818a 01600533 add              x10, x0, x22        x10=100007b0 x22:100007b0
13694748ns          232232 1c00818c 2b7010ef jal              x1, 6838             x1=1c008190
13694808ns          232235 1c009c42 00d60a63 beq              x12, x13, 20        x12:91c655ea x13:91c655ea
13694867ns          232238 1c009c56 00008067 jalr             x0, x1, 0            x1:1c008190
13694907ns          232240 1c008190 ff5412e3 bne              x8, x21, -28         x8:1c000dd4 x21:1c000dec
13694967ns          232243 1c008174 0044278b p.lw             x15, 4(x8!)         x15=828f5864  x8=1c000dd8  x8:1c000dd4  PA:1c000dd4
13695285ns          232259 1c008178 0049a70b p.lw             x14, 4(x19!)        x14=a7640e2e x19=1c000e14 x19:1c000e10  PA:1c000e10
13695603ns          232275 1c00817c 02e784b3 mul              x9, x15, x14         x9=0fa759f8 x15:828f5864 x14:a7640e2e
13695623ns          232276 1c008180 0049268b p.lw             x13, 4(x18!)        x13=0fa759f8 x18=1c000e50 x18:1c000e4c  PA:1c000e4c
13695921ns          232291 1c008184 00900633 add              x12, x0, x9         x12=0fa759f8  x9:0fa759f8
13695941ns          232292 1c008186 04ca0593 addi             x11, x20, 76        x11=1c00004c x20:1c000000
13695961ns          232293 1c00818a 01600533 add              x10, x0, x22        x10=100007b0 x22:100007b0
13695981ns          232294 1c00818c 2b7010ef jal              x1, 6838             x1=1c008190
13696041ns          232297 1c009c42 00d60a63 beq              x12, x13, 20        x12:0fa759f8 x13:0fa759f8
13696100ns          232300 1c009c56 00008067 jalr             x0, x1, 0            x1:1c008190
13696140ns          232302 1c008190 ff5412e3 bne              x8, x21, -28         x8:1c000dd8 x21:1c000dec
13696200ns          232305 1c008174 0044278b p.lw             x15, 4(x8!)         x15=e00d65e6  x8=1c000ddc  x8:1c000dd8  PA:1c000dd8
13696498ns          232320 1c008178 0049a70b p.lw             x14, 4(x19!)        x14=92e78cd1 x19=1c000e18 x19:1c000e14  PA:1c000e14
13696817ns          232336 1c00817c 02e784b3 mul              x9, x15, x14         x9=5d33f8c6 x15:e00d65e6 x14:92e78cd1
13696836ns          232337 1c008180 0049268b p.lw             x13, 4(x18!)        x13=5d33f8c6 x18=1c000e54 x18:1c000e50  PA:1c000e50
13697135ns          232352 1c008184 00900633 add              x12, x0, x9         x12=5d33f8c6  x9:5d33f8c6
13697155ns          232353 1c008186 04ca0593 addi             x11, x20, 76        x11=1c00004c x20:1c000000
13697175ns          232354 1c00818a 01600533 add              x10, x0, x22        x10=100007b0 x22:100007b0
13697194ns          232355 1c00818c 2b7010ef jal              x1, 6838             x1=1c008190
13697254ns          232358 1c009c42 00d60a63 beq              x12, x13, 20        x12:5d33f8c6 x13:5d33f8c6
13697314ns          232361 1c009c56 00008067 jalr             x0, x1, 0            x1:1c008190
13697354ns          232363 1c008190 ff5412e3 bne              x8, x21, -28         x8:1c000ddc x21:1c000dec
13697413ns          232366 1c008174 0044278b p.lw             x15, 4(x8!)         x15=e306aed7  x8=1c000de0  x8:1c000ddc  PA:1c000ddc
13697712ns          232381 1c008178 0049a70b p.lw             x14, 4(x19!)        x14=732c6681 x19=1c000e1c x19:1c000e18  PA:1c000e18
13698050ns          232398 1c00817c 02e784b3 mul              x9, x15, x14         x9=b1fbc457 x15:e306aed7 x14:732c6681
13698070ns          232399 1c008180 0049268b p.lw             x13, 4(x18!)        x13=b1fbc457 x18=1c000e58 x18:1c000e54  PA:1c000e54
13698388ns          232415 1c008184 00900633 add              x12, x0, x9         x12=b1fbc457  x9:b1fbc457
13698408ns          232416 1c008186 04ca0593 addi             x11, x20, 76        x11=1c00004c x20:1c000000
13698428ns          232417 1c00818a 01600533 add              x10, x0, x22        x10=100007b0 x22:100007b0
13698448ns          232418 1c00818c 2b7010ef jal              x1, 6838             x1=1c008190
13698507ns          232421 1c009c42 00d60a63 beq              x12, x13, 20        x12:b1fbc457 x13:b1fbc457
13698567ns          232424 1c009c56 00008067 jalr             x0, x1, 0            x1:1c008190
13698607ns          232426 1c008190 ff5412e3 bne              x8, x21, -28         x8:1c000de0 x21:1c000dec
13698666ns          232429 1c008174 0044278b p.lw             x15, 4(x8!)         x15=e2542b25  x8=1c000de4  x8:1c000de0  PA:1c000de0
13698985ns          232445 1c008178 0049a70b p.lw             x14, 4(x19!)        x14=fa0b620d x19=1c000e20 x19:1c000e1c  PA:1c000e1c
13699323ns          232462 1c00817c 02e784b3 mul              x9, x15, x14         x9=b3615ae1 x15:e2542b25 x14:fa0b620d
13699343ns          232463 1c008180 0049268b p.lw             x13, 4(x18!)        x13=b3615ae1 x18=1c000e5c x18:1c000e58  PA:1c000e58
13699641ns          232478 1c008184 00900633 add              x12, x0, x9         x12=b3615ae1  x9:b3615ae1
13699661ns          232479 1c008186 04ca0593 addi             x11, x20, 76        x11=1c00004c x20:1c000000
13699681ns          232480 1c00818a 01600533 add              x10, x0, x22        x10=100007b0 x22:100007b0
13699701ns          232481 1c00818c 2b7010ef jal              x1, 6838             x1=1c008190
13699760ns          232484 1c009c42 00d60a63 beq              x12, x13, 20        x12:b3615ae1 x13:b3615ae1
13699820ns          232487 1c009c56 00008067 jalr             x0, x1, 0            x1:1c008190
13699860ns          232489 1c008190 ff5412e3 bne              x8, x21, -28         x8:1c000de4 x21:1c000dec
13699919ns          232492 1c008174 0044278b p.lw             x15, 4(x8!)         x15=cdf43d6c  x8=1c000de8  x8:1c000de4  PA:1c000de4
13700218ns          232507 1c008178 0049a70b p.lw             x14, 4(x19!)        x14=d51fbc5f x19=1c000e24 x19:1c000e20  PA:1c000e20
13700536ns          232523 1c00817c 02e784b3 mul              x9, x15, x14         x9=16d21b14 x15:cdf43d6c x14:d51fbc5f
13700556ns          232524 1c008180 0049268b p.lw             x13, 4(x18!)        x13=16d21b14 x18=1c000e60 x18:1c000e5c  PA:1c000e5c
13700854ns          232539 1c008184 00900633 add              x12, x0, x9         x12=16d21b14  x9:16d21b14
13700874ns          232540 1c008186 04ca0593 addi             x11, x20, 76        x11=1c00004c x20:1c000000
13700894ns          232541 1c00818a 01600533 add              x10, x0, x22        x10=100007b0 x22:100007b0
13700914ns          232542 1c00818c 2b7010ef jal              x1, 6838             x1=1c008190
13700974ns          232545 1c009c42 00d60a63 beq              x12, x13, 20        x12:16d21b14 x13:16d21b14
13701033ns          232548 1c009c56 00008067 jalr             x0, x1, 0            x1:1c008190
13701073ns          232550 1c008190 ff5412e3 bne              x8, x21, -28         x8:1c000de8 x21:1c000dec
13701133ns          232553 1c008174 0044278b p.lw             x15, 4(x8!)         x15=baa2acf5  x8=1c000dec  x8:1c000de8  PA:1c000de8
13701431ns          232568 1c008178 0049a70b p.lw             x14, 4(x19!)        x14=a69fd366 x19=1c000e28 x19:1c000e24  PA:1c000e24
13701749ns          232584 1c00817c 02e784b3 mul              x9, x15, x14         x9=bb89d89e x15:baa2acf5 x14:a69fd366
13701769ns          232585 1c008180 0049268b p.lw             x13, 4(x18!)        x13=bb89d89e x18=1c000e64 x18:1c000e60  PA:1c000e60
13702068ns          232600 1c008184 00900633 add              x12, x0, x9         x12=bb89d89e  x9:bb89d89e
13702088ns          232601 1c008186 04ca0593 addi             x11, x20, 76        x11=1c00004c x20:1c000000
13702107ns          232602 1c00818a 01600533 add              x10, x0, x22        x10=100007b0 x22:100007b0
13702127ns          232603 1c00818c 2b7010ef jal              x1, 6838             x1=1c008190
13702187ns          232606 1c009c42 00d60a63 beq              x12, x13, 20        x12:bb89d89e x13:bb89d89e
13702247ns          232609 1c009c56 00008067 jalr             x0, x1, 0            x1:1c008190
13702286ns          232611 1c008190 ff5412e3 bne              x8, x21, -28         x8:1c000dec x21:1c000dec
13702306ns          232612 1c008194 01c12083 lw               x1, 28(x2)           x1=1c009b82  x2:10000788  PA:100007a4
13702326ns          232613 1c008196 01812403 lw               x8, 24(x2)           x8=1c000e80  x2:10000788  PA:100007a0
13702346ns          232614 1c008198 01412483 lw               x9, 20(x2)           x9=00000000  x2:10000788  PA:1000079c
13702366ns          232615 1c00819a 01012903 lw               x18, 16(x2)         x18=1a10b004  x2:10000788  PA:10000798
13702386ns          232616 1c00819c 00c12983 lw               x19, 12(x2)         x19=00000000  x2:10000788  PA:10000794
13702406ns          232617 1c00819e 00812a03 lw               x20, 8(x2)          x20=1c000e84  x2:10000788  PA:10000790
13702784ns          232636 1c0081a0 00412a83 lw               x21, 4(x2)          x21=1c00a000  x2:10000788  PA:1000078c
13702804ns          232637 1c0081a2 00012b03 lw               x22, 0(x2)          x22=1c00a000  x2:10000788  PA:10000788
13702824ns          232638 1c0081a4 02010113 addi             x2, x2, 32           x2=100007a8  x2:10000788
13702843ns          232639 1c0081a6 00008067 jalr             x0, x1, 0            x1:1c009b82
13702903ns          232642 1c009b82 00892683 lw               x13, 8(x18)         x13=00000000 x18:1a10b004  PA:1a10b00c
13703241ns          232659 1c009b86 000a2703 lw               x14, 0(x20)         x14=00000001 x20:1c000e84  PA:1c000e84
13703559ns          232675 1c009b8a 00d12423 sw               x13, 8(x2)          x13:00000000  x2:100007a8  PA:100007b0
13703579ns          232676 1c009b8c fc0706e3 beq              x14, x0, -52        x14:00000001
13703599ns          232677 1c009b8e ffcda583 lw               x11, -4(x27)        x11=1c00004c x27:1c000e78  PA:1c000e74
13703898ns          232692 1c009b92 090d0513 addi             x10, x26, 144       x10=1c000090 x26:1c000000
13703918ns          232693 1c009b96 dcffe0ef jal              x1, -4658            x1=1c009b9a
13704375ns          232716 1c008964 fc010113 addi             x2, x2, -64          x2=10000768  x2:100007a8
13704415ns          232718 1c008966 02410313 addi             x6, x2, 36           x6=1000078c  x2:10000768
13704435ns          232719 1c00896a 02c12423 sw               x12, 40(x2)         x12:bb89d89e  x2:10000768  PA:10000790
13704455ns          232720 1c00896c 00a00633 add              x12, x0, x10        x12=1c000090 x10:1c000090
13704494ns          232722 1c00896e 1c009537 lui              x10, 0x1c009000     x10=1c009000
13704514ns          232723 1c008972 02b12223 sw               x11, 36(x2)         x11:1c00004c  x2:10000768  PA:1000078c
13704534ns          232724 1c008974 02d12623 sw               x13, 44(x2)         x13:00000000  x2:10000768  PA:10000794
13704554ns          232725 1c008976 00200593 addi             x11, x0, 2          x11=00000002
13704574ns          232726 1c008978 006006b3 add              x13, x0, x6         x13=1000078c  x6:1000078c
13704594ns          232727 1c00897a 8f850513 addi             x10, x10, -1800     x10=1c0088f8 x10:1c009000
13704614ns          232728 1c00897e 00112e23 sw               x1, 28(x2)           x1:1c009b9a  x2:10000768  PA:10000784
13705011ns          232748 1c008980 02e12823 sw               x14, 48(x2)         x14:00000001  x2:10000768  PA:10000798
13705031ns          232749 1c008982 02f12a23 sw               x15, 52(x2)         x15:baa2acf5  x2:10000768  PA:1000079c
13705051ns          232750 1c008984 03012c23 sw               x16, 56(x2)         x16:1000065c  x2:10000768  PA:100007a0
13705071ns          232751 1c008986 03112e23 sw               x17, 60(x2)         x17:1c000054  x2:10000768  PA:100007a4
13705091ns          232752 1c008988 00612623 sw               x6, 12(x2)           x6:1000078c  x2:10000768  PA:10000774
13705111ns          232753 1c00898a fbfff0ef jal              x1, -66              x1=1c00898c
13705191ns          232757 1c008948 04a0006f jal              x0, 74             
13705230ns          232759 1c008992 ed010113 addi             x2, x2, -304         x2=10000638  x2:10000768
13705250ns          232760 1c008994 12812423 sw               x8, 296(x2)          x8:1c000e80  x2:10000638  PA:10000760
13705270ns          232761 1c008998 00000413 addi             x8, x0, 0            x8=00000000
13705290ns          232762 1c00899a 11612823 sw               x22, 272(x2)        x22:1c00a000  x2:10000638  PA:10000748
13705350ns          232765 1c00899e 11712623 sw               x23, 268(x2)        x23:1c000000  x2:10000638  PA:10000744
13705389ns          232767 1c0089a2 11812423 sw               x24, 264(x2)        x24:1c000000  x2:10000638  PA:10000740
13705409ns          232768 1c0089a6 11912223 sw               x25, 260(x2)        x25:1c000000  x2:10000638  PA:1000073c
13705429ns          232769 1c0089aa 11a12023 sw               x26, 256(x2)        x26:1c000000  x2:10000638  PA:10000738
13705449ns          232770 1c0089ae 0fb12e23 sw               x27, 252(x2)        x27:1c000e78  x2:10000638  PA:10000734
13705489ns          232772 1c0089b0 12112623 sw               x1, 300(x2)          x1:1c00898c  x2:10000638  PA:10000764
13705529ns          232774 1c0089b4 00800db3 add              x27, x0, x8         x27=00000000  x8:00000000
13705549ns          232775 1c0089b6 12912223 sw               x9, 292(x2)          x9:00000000  x2:10000638  PA:1000075c
13705568ns          232776 1c0089ba 13212023 sw               x18, 288(x2)        x18:1a10b004  x2:10000638  PA:10000758
13705628ns          232779 1c0089be 11312e23 sw               x19, 284(x2)        x19:00000000  x2:10000638  PA:10000754
13705668ns          232781 1c0089c2 11412c23 sw               x20, 280(x2)        x20:1c000e84  x2:10000638  PA:10000750
13705688ns          232782 1c0089c6 11512a23 sw               x21, 276(x2)        x21:1c00a000  x2:10000638  PA:1000074c
13705708ns          232783 1c0089ca 00a00b33 add              x22, x0, x10        x22=1c0088f8 x10:1c0088f8
13705728ns          232784 1c0089cc 00b00d33 add              x26, x0, x11        x26=00000002 x11:00000002
13705747ns          232785 1c0089ce 00d00c33 add              x24, x0, x13        x24=1000078c x13:1000078c
13705767ns          232786 1c0089d0 1c000bb7 lui              x23, 0x1c000000     x23=1c000000
13705787ns          232787 1c0089d4 02410c93 addi             x25, x2, 36         x25=1000065c  x2:10000638
13705807ns          232788 1c0089d8 00c00433 add              x8, x0, x12          x8=1c000090 x12:1c000090
13705827ns          232789 1c0089da 00044503 lbu              x10, 0(x8)          x10=0000003d  x8:1c000090  PA:1c000090
13706125ns          232804 1c0089de 00140413 addi             x8, x8, 1            x8=1c000091  x8:1c000090
13706145ns          232805 1c0089e0 00050e63 beq              x10, x0, 28         x10:0000003d
13706165ns          232806 1c0089e2 02500793 addi             x15, x0, 37         x15=00000025
13706185ns          232807 1c0089e6 04f50863 beq              x10, x15, 80        x10:0000003d x15:00000025
13706205ns          232808 1c0089ea 01a005b3 add              x11, x0, x26        x11=00000002 x26:00000002
13706225ns          232809 1c0089ec 000b00e7 jalr             x1, x22, 0           x1=1c0089ee x22:1c0088f8
13706344ns          232815 1c0088f8 000026b7 lui              x13, 0x2000         x13=00002000
13706384ns          232817 1c0088fa f14027f3 csrrs            x15, x0, 0xf14      x15=00000000
13706404ns          232818 1c0088fe f8068693 addi             x13, x13, -128      x13=00001f80 x13:00002000
13706424ns          232819 1c008902 00379713 slli             x14, x15, 0x3       x14=00000000 x15:00000000
13706444ns          232820 1c008906 00279793 slli             x15, x15, 0x2       x15=00000000 x15:00000000
13706464ns          232821 1c008908 00d7f7b3 and              x15, x15, x13       x15=00000000 x15:00000000 x13:00001f80
13706483ns          232822 1c00890a ee873733 p.bclr           x14, x14, 23, 8     x14=00000000 x14:00000000
13706523ns          232824 1c00890e 1a10f6b7 lui              x13, 0x1a10f000     x13=1a10f000
13706563ns          232826 1c008912 0ff57513 andi             x10, x10, 255       x10=0000003d x10:0000003d
13706583ns          232827 1c008916 00d70733 add              x14, x14, x13       x14=1a10f000 x14:00000000 x13:1a10f000
13706603ns          232828 1c008918 00a7e723 p.sw             x10, x0(x15)        x10:0000003d x15:00000000  PA:1a10f000
13706921ns          232844 1c00891c 00000513 addi             x10, x0, 0          x10=00000000
13706941ns          232845 1c00891e 00008067 jalr             x0, x1, 0            x1:1c0089ee
13707040ns          232850 1c0089ee 31f52563 p.beqimm         x10, 778            x10:00000000
13707060ns          232851 1c0089f2 001d8d93 addi             x27, x27, 1         x27=00000001 x27:00000000
13707080ns          232852 1c0089f4 00044503 lbu              x10, 0(x8)          x10=0000003d  x8:1c000091  PA:1c000091
13707378ns          232867 1c0089f8 00140413 addi             x8, x8, 1            x8=1c000092  x8:1c000091
13707398ns          232868 1c0089fa fe0514e3 bne              x10, x0, -24        x10:0000003d
13707478ns          232872 1c0089e2 02500793 addi             x15, x0, 37         x15=00000025
13707498ns          232873 1c0089e6 04f50863 beq              x10, x15, 80        x10:0000003d x15:00000025
13707518ns          232874 1c0089ea 01a005b3 add              x11, x0, x26        x11=00000002 x26:00000002
13707538ns          232875 1c0089ec 000b00e7 jalr             x1, x22, 0           x1=1c0089ee x22:1c0088f8
13707577ns          232877 1c0088f8 000026b7 lui              x13, 0x2000         x13=00002000
13707597ns          232878 1c0088fa f14027f3 csrrs            x15, x0, 0xf14      x15=00000000
13707617ns          232879 1c0088fe f8068693 addi             x13, x13, -128      x13=00001f80 x13:00002000
13707637ns          232880 1c008902 00379713 slli             x14, x15, 0x3       x14=00000000 x15:00000000
13707657ns          232881 1c008906 00279793 slli             x15, x15, 0x2       x15=00000000 x15:00000000
13707677ns          232882 1c008908 00d7f7b3 and              x15, x15, x13       x15=00000000 x15:00000000 x13:00001f80
13707697ns          232883 1c00890a ee873733 p.bclr           x14, x14, 23, 8     x14=00000000 x14:00000000
13707717ns          232884 1c00890e 1a10f6b7 lui              x13, 0x1a10f000     x13=1a10f000
13707737ns          232885 1c008912 0ff57513 andi             x10, x10, 255       x10=0000003d x10:0000003d
13707756ns          232886 1c008916 00d70733 add              x14, x14, x13       x14=1a10f000 x14:00000000 x13:1a10f000
13707776ns          232887 1c008918 00a7e723 p.sw             x10, x0(x15)        x10:0000003d x15:00000000  PA:1a10f000
13708095ns          232903 1c00891c 00000513 addi             x10, x0, 0          x10=00000000
13708114ns          232904 1c00891e 00008067 jalr             x0, x1, 0            x1:1c0089ee
13708174ns          232907 1c0089ee 31f52563 p.beqimm         x10, 778            x10:00000000
13708194ns          232908 1c0089f2 001d8d93 addi             x27, x27, 1         x27=00000002 x27:00000001
13708214ns          232909 1c0089f4 00044503 lbu              x10, 0(x8)          x10=00000020  x8:1c000092  PA:1c000092
13708532ns          232925 1c0089f8 00140413 addi             x8, x8, 1            x8=1c000093  x8:1c000092
13708552ns          232926 1c0089fa fe0514e3 bne              x10, x0, -24        x10:00000020
13708632ns          232930 1c0089e2 02500793 addi             x15, x0, 37         x15=00000025
13708652ns          232931 1c0089e6 04f50863 beq              x10, x15, 80        x10:00000020 x15:00000025
13708671ns          232932 1c0089ea 01a005b3 add              x11, x0, x26        x11=00000002 x26:00000002
13708691ns          232933 1c0089ec 000b00e7 jalr             x1, x22, 0           x1=1c0089ee x22:1c0088f8
13708731ns          232935 1c0088f8 000026b7 lui              x13, 0x2000         x13=00002000
13708751ns          232936 1c0088fa f14027f3 csrrs            x15, x0, 0xf14      x15=00000000
13708771ns          232937 1c0088fe f8068693 addi             x13, x13, -128      x13=00001f80 x13:00002000
13708791ns          232938 1c008902 00379713 slli             x14, x15, 0x3       x14=00000000 x15:00000000
13708811ns          232939 1c008906 00279793 slli             x15, x15, 0x2       x15=00000000 x15:00000000
13708831ns          232940 1c008908 00d7f7b3 and              x15, x15, x13       x15=00000000 x15:00000000 x13:00001f80
13708850ns          232941 1c00890a ee873733 p.bclr           x14, x14, 23, 8     x14=00000000 x14:00000000
13708870ns          232942 1c00890e 1a10f6b7 lui              x13, 0x1a10f000     x13=1a10f000
13708890ns          232943 1c008912 0ff57513 andi             x10, x10, 255       x10=00000020 x10:00000020
13708910ns          232944 1c008916 00d70733 add              x14, x14, x13       x14=1a10f000 x14:00000000 x13:1a10f000
13708930ns          232945 1c008918 00a7e723 p.sw             x10, x0(x15)        x10:00000020 x15:00000000  PA:1a10f000
13709248ns          232961 1c00891c 00000513 addi             x10, x0, 0          x10=00000000
13709268ns          232962 1c00891e 00008067 jalr             x0, x1, 0            x1:1c0089ee
13709328ns          232965 1c0089ee 31f52563 p.beqimm         x10, 778            x10:00000000
13709348ns          232966 1c0089f2 001d8d93 addi             x27, x27, 1         x27=00000003 x27:00000002
13709368ns          232967 1c0089f4 00044503 lbu              x10, 0(x8)          x10=00000074  x8:1c000093  PA:1c000093
13709666ns          232982 1c0089f8 00140413 addi             x8, x8, 1            x8=1c000094  x8:1c000093
13709686ns          232983 1c0089fa fe0514e3 bne              x10, x0, -24        x10:00000074
13709765ns          232987 1c0089e2 02500793 addi             x15, x0, 37         x15=00000025
13709785ns          232988 1c0089e6 04f50863 beq              x10, x15, 80        x10:00000074 x15:00000025
13709805ns          232989 1c0089ea 01a005b3 add              x11, x0, x26        x11=00000002 x26:00000002
13709825ns          232990 1c0089ec 000b00e7 jalr             x1, x22, 0           x1=1c0089ee x22:1c0088f8
13709865ns          232992 1c0088f8 000026b7 lui              x13, 0x2000         x13=00002000
13709885ns          232993 1c0088fa f14027f3 csrrs            x15, x0, 0xf14      x15=00000000
13709905ns          232994 1c0088fe f8068693 addi             x13, x13, -128      x13=00001f80 x13:00002000
13709925ns          232995 1c008902 00379713 slli             x14, x15, 0x3       x14=00000000 x15:00000000
13709944ns          232996 1c008906 00279793 slli             x15, x15, 0x2       x15=00000000 x15:00000000
13709964ns          232997 1c008908 00d7f7b3 and              x15, x15, x13       x15=00000000 x15:00000000 x13:00001f80
13709984ns          232998 1c00890a ee873733 p.bclr           x14, x14, 23, 8     x14=00000000 x14:00000000
13710004ns          232999 1c00890e 1a10f6b7 lui              x13, 0x1a10f000     x13=1a10f000
13710024ns          233000 1c008912 0ff57513 andi             x10, x10, 255       x10=00000074 x10:00000074
13710044ns          233001 1c008916 00d70733 add              x14, x14, x13       x14=1a10f000 x14:00000000 x13:1a10f000
13710064ns          233002 1c008918 00a7e723 p.sw             x10, x0(x15)        x10:00000074 x15:00000000  PA:1a10f000
13710382ns          233018 1c00891c 00000513 addi             x10, x0, 0          x10=00000000
13710402ns          233019 1c00891e 00008067 jalr             x0, x1, 0            x1:1c0089ee
13710462ns          233022 1c0089ee 31f52563 p.beqimm         x10, 778            x10:00000000
13710481ns          233023 1c0089f2 001d8d93 addi             x27, x27, 1         x27=00000004 x27:00000003
13710501ns          233024 1c0089f4 00044503 lbu              x10, 0(x8)          x10=00000065  x8:1c000094  PA:1c000094
13710800ns          233039 1c0089f8 00140413 addi             x8, x8, 1            x8=1c000095  x8:1c000094
13710820ns          233040 1c0089fa fe0514e3 bne              x10, x0, -24        x10:00000065
13710899ns          233044 1c0089e2 02500793 addi             x15, x0, 37         x15=00000025
13710919ns          233045 1c0089e6 04f50863 beq              x10, x15, 80        x10:00000065 x15:00000025
13710939ns          233046 1c0089ea 01a005b3 add              x11, x0, x26        x11=00000002 x26:00000002
13710959ns          233047 1c0089ec 000b00e7 jalr             x1, x22, 0           x1=1c0089ee x22:1c0088f8
13710999ns          233049 1c0088f8 000026b7 lui              x13, 0x2000         x13=00002000
13711019ns          233050 1c0088fa f14027f3 csrrs            x15, x0, 0xf14      x15=00000000
13711038ns          233051 1c0088fe f8068693 addi             x13, x13, -128      x13=00001f80 x13:00002000
13711058ns          233052 1c008902 00379713 slli             x14, x15, 0x3       x14=00000000 x15:00000000
13711078ns          233053 1c008906 00279793 slli             x15, x15, 0x2       x15=00000000 x15:00000000
13711098ns          233054 1c008908 00d7f7b3 and              x15, x15, x13       x15=00000000 x15:00000000 x13:00001f80
13711118ns          233055 1c00890a ee873733 p.bclr           x14, x14, 23, 8     x14=00000000 x14:00000000
13711138ns          233056 1c00890e 1a10f6b7 lui              x13, 0x1a10f000     x13=1a10f000
13711158ns          233057 1c008912 0ff57513 andi             x10, x10, 255       x10=00000065 x10:00000065
13711178ns          233058 1c008916 00d70733 add              x14, x14, x13       x14=1a10f000 x14:00000000 x13:1a10f000
13711198ns          233059 1c008918 00a7e723 p.sw             x10, x0(x15)        x10:00000065 x15:00000000  PA:1a10f000
13711516ns          233075 1c00891c 00000513 addi             x10, x0, 0          x10=00000000
13711536ns          233076 1c00891e 00008067 jalr             x0, x1, 0            x1:1c0089ee
13711595ns          233079 1c0089ee 31f52563 p.beqimm         x10, 778            x10:00000000
13711615ns          233080 1c0089f2 001d8d93 addi             x27, x27, 1         x27=00000005 x27:00000004
13711635ns          233081 1c0089f4 00044503 lbu              x10, 0(x8)          x10=00000073  x8:1c000095  PA:1c000095
13711933ns          233096 1c0089f8 00140413 addi             x8, x8, 1            x8=1c000096  x8:1c000095
13711953ns          233097 1c0089fa fe0514e3 bne              x10, x0, -24        x10:00000073
13712033ns          233101 1c0089e2 02500793 addi             x15, x0, 37         x15=00000025
13712053ns          233102 1c0089e6 04f50863 beq              x10, x15, 80        x10:00000073 x15:00000025
13712073ns          233103 1c0089ea 01a005b3 add              x11, x0, x26        x11=00000002 x26:00000002
13712093ns          233104 1c0089ec 000b00e7 jalr             x1, x22, 0           x1=1c0089ee x22:1c0088f8
13712132ns          233106 1c0088f8 000026b7 lui              x13, 0x2000         x13=00002000
13712152ns          233107 1c0088fa f14027f3 csrrs            x15, x0, 0xf14      x15=00000000
13712172ns          233108 1c0088fe f8068693 addi             x13, x13, -128      x13=00001f80 x13:00002000
13712192ns          233109 1c008902 00379713 slli             x14, x15, 0x3       x14=00000000 x15:00000000
13712212ns          233110 1c008906 00279793 slli             x15, x15, 0x2       x15=00000000 x15:00000000
13712232ns          233111 1c008908 00d7f7b3 and              x15, x15, x13       x15=00000000 x15:00000000 x13:00001f80
13712252ns          233112 1c00890a ee873733 p.bclr           x14, x14, 23, 8     x14=00000000 x14:00000000
13712272ns          233113 1c00890e 1a10f6b7 lui              x13, 0x1a10f000     x13=1a10f000
13712292ns          233114 1c008912 0ff57513 andi             x10, x10, 255       x10=00000073 x10:00000073
13712311ns          233115 1c008916 00d70733 add              x14, x14, x13       x14=1a10f000 x14:00000000 x13:1a10f000
13712331ns          233116 1c008918 00a7e723 p.sw             x10, x0(x15)        x10:00000073 x15:00000000  PA:1a10f000
13712669ns          233133 1c00891c 00000513 addi             x10, x0, 0          x10=00000000
13712689ns          233134 1c00891e 00008067 jalr             x0, x1, 0            x1:1c0089ee
13712749ns          233137 1c0089ee 31f52563 p.beqimm         x10, 778            x10:00000000
13712769ns          233138 1c0089f2 001d8d93 addi             x27, x27, 1         x27=00000006 x27:00000005
13712789ns          233139 1c0089f4 00044503 lbu              x10, 0(x8)          x10=00000074  x8:1c000096  PA:1c000096
13713087ns          233154 1c0089f8 00140413 addi             x8, x8, 1            x8=1c000097  x8:1c000096
13713107ns          233155 1c0089fa fe0514e3 bne              x10, x0, -24        x10:00000074
13713187ns          233159 1c0089e2 02500793 addi             x15, x0, 37         x15=00000025
13713206ns          233160 1c0089e6 04f50863 beq              x10, x15, 80        x10:00000074 x15:00000025
13713226ns          233161 1c0089ea 01a005b3 add              x11, x0, x26        x11=00000002 x26:00000002
13713246ns          233162 1c0089ec 000b00e7 jalr             x1, x22, 0           x1=1c0089ee x22:1c0088f8
13713286ns          233164 1c0088f8 000026b7 lui              x13, 0x2000         x13=00002000
13713306ns          233165 1c0088fa f14027f3 csrrs            x15, x0, 0xf14      x15=00000000
13713326ns          233166 1c0088fe f8068693 addi             x13, x13, -128      x13=00001f80 x13:00002000
13713346ns          233167 1c008902 00379713 slli             x14, x15, 0x3       x14=00000000 x15:00000000
13713366ns          233168 1c008906 00279793 slli             x15, x15, 0x2       x15=00000000 x15:00000000
13713386ns          233169 1c008908 00d7f7b3 and              x15, x15, x13       x15=00000000 x15:00000000 x13:00001f80
13713405ns          233170 1c00890a ee873733 p.bclr           x14, x14, 23, 8     x14=00000000 x14:00000000
13713425ns          233171 1c00890e 1a10f6b7 lui              x13, 0x1a10f000     x13=1a10f000
13713445ns          233172 1c008912 0ff57513 andi             x10, x10, 255       x10=00000074 x10:00000074
13713465ns          233173 1c008916 00d70733 add              x14, x14, x13       x14=1a10f000 x14:00000000 x13:1a10f000
13713485ns          233174 1c008918 00a7e723 p.sw             x10, x0(x15)        x10:00000074 x15:00000000  PA:1a10f000
13713803ns          233190 1c00891c 00000513 addi             x10, x0, 0          x10=00000000
13713823ns          233191 1c00891e 00008067 jalr             x0, x1, 0            x1:1c0089ee
13713883ns          233194 1c0089ee 31f52563 p.beqimm         x10, 778            x10:00000000
13713903ns          233195 1c0089f2 001d8d93 addi             x27, x27, 1         x27=00000007 x27:00000006
13713923ns          233196 1c0089f4 00044503 lbu              x10, 0(x8)          x10=0000003a  x8:1c000097  PA:1c000097
13714221ns          233211 1c0089f8 00140413 addi             x8, x8, 1            x8=1c000098  x8:1c000097
13714241ns          233212 1c0089fa fe0514e3 bne              x10, x0, -24        x10:0000003a
13714320ns          233216 1c0089e2 02500793 addi             x15, x0, 37         x15=00000025
13714340ns          233217 1c0089e6 04f50863 beq              x10, x15, 80        x10:0000003a x15:00000025
13714360ns          233218 1c0089ea 01a005b3 add              x11, x0, x26        x11=00000002 x26:00000002
13714380ns          233219 1c0089ec 000b00e7 jalr             x1, x22, 0           x1=1c0089ee x22:1c0088f8
13714420ns          233221 1c0088f8 000026b7 lui              x13, 0x2000         x13=00002000
13714440ns          233222 1c0088fa f14027f3 csrrs            x15, x0, 0xf14      x15=00000000
13714460ns          233223 1c0088fe f8068693 addi             x13, x13, -128      x13=00001f80 x13:00002000
13714479ns          233224 1c008902 00379713 slli             x14, x15, 0x3       x14=00000000 x15:00000000
13714499ns          233225 1c008906 00279793 slli             x15, x15, 0x2       x15=00000000 x15:00000000
13714519ns          233226 1c008908 00d7f7b3 and              x15, x15, x13       x15=00000000 x15:00000000 x13:00001f80
13714539ns          233227 1c00890a ee873733 p.bclr           x14, x14, 23, 8     x14=00000000 x14:00000000
13714559ns          233228 1c00890e 1a10f6b7 lui              x13, 0x1a10f000     x13=1a10f000
13714579ns          233229 1c008912 0ff57513 andi             x10, x10, 255       x10=0000003a x10:0000003a
13714599ns          233230 1c008916 00d70733 add              x14, x14, x13       x14=1a10f000 x14:00000000 x13:1a10f000
13714619ns          233231 1c008918 00a7e723 p.sw             x10, x0(x15)        x10:0000003a x15:00000000  PA:1a10f000
13714937ns          233247 1c00891c 00000513 addi             x10, x0, 0          x10=00000000
13714957ns          233248 1c00891e 00008067 jalr             x0, x1, 0            x1:1c0089ee
13715017ns          233251 1c0089ee 31f52563 p.beqimm         x10, 778            x10:00000000
13715036ns          233252 1c0089f2 001d8d93 addi             x27, x27, 1         x27=00000008 x27:00000007
13715056ns          233253 1c0089f4 00044503 lbu              x10, 0(x8)          x10=00000020  x8:1c000098  PA:1c000098
13715355ns          233268 1c0089f8 00140413 addi             x8, x8, 1            x8=1c000099  x8:1c000098
13715375ns          233269 1c0089fa fe0514e3 bne              x10, x0, -24        x10:00000020
13715454ns          233273 1c0089e2 02500793 addi             x15, x0, 37         x15=00000025
13715474ns          233274 1c0089e6 04f50863 beq              x10, x15, 80        x10:00000020 x15:00000025
13715494ns          233275 1c0089ea 01a005b3 add              x11, x0, x26        x11=00000002 x26:00000002
13715514ns          233276 1c0089ec 000b00e7 jalr             x1, x22, 0           x1=1c0089ee x22:1c0088f8
13715554ns          233278 1c0088f8 000026b7 lui              x13, 0x2000         x13=00002000
13715573ns          233279 1c0088fa f14027f3 csrrs            x15, x0, 0xf14      x15=00000000
13715593ns          233280 1c0088fe f8068693 addi             x13, x13, -128      x13=00001f80 x13:00002000
13715613ns          233281 1c008902 00379713 slli             x14, x15, 0x3       x14=00000000 x15:00000000
13715633ns          233282 1c008906 00279793 slli             x15, x15, 0x2       x15=00000000 x15:00000000
13715653ns          233283 1c008908 00d7f7b3 and              x15, x15, x13       x15=00000000 x15:00000000 x13:00001f80
13715673ns          233284 1c00890a ee873733 p.bclr           x14, x14, 23, 8     x14=00000000 x14:00000000
13715693ns          233285 1c00890e 1a10f6b7 lui              x13, 0x1a10f000     x13=1a10f000
13715713ns          233286 1c008912 0ff57513 andi             x10, x10, 255       x10=00000020 x10:00000020
13715733ns          233287 1c008916 00d70733 add              x14, x14, x13       x14=1a10f000 x14:00000000 x13:1a10f000
13715753ns          233288 1c008918 00a7e723 p.sw             x10, x0(x15)        x10:00000020 x15:00000000  PA:1a10f000
13716071ns          233304 1c00891c 00000513 addi             x10, x0, 0          x10=00000000
13716091ns          233305 1c00891e 00008067 jalr             x0, x1, 0            x1:1c0089ee
13716150ns          233308 1c0089ee 31f52563 p.beqimm         x10, 778            x10:00000000
13716170ns          233309 1c0089f2 001d8d93 addi             x27, x27, 1         x27=00000009 x27:00000008
13716190ns          233310 1c0089f4 00044503 lbu              x10, 0(x8)          x10=00000025  x8:1c000099  PA:1c000099
13716508ns          233326 1c0089f8 00140413 addi             x8, x8, 1            x8=1c00009a  x8:1c000099
13716528ns          233327 1c0089fa fe0514e3 bne              x10, x0, -24        x10:00000025
13716608ns          233331 1c0089e2 02500793 addi             x15, x0, 37         x15=00000025
13716628ns          233332 1c0089e6 04f50863 beq              x10, x15, 80        x10:00000025 x15:00000025
13716767ns          233339 1c008a36 00044483 lbu              x9, 0(x8)            x9=00000073  x8:1c00009a  PA:1c00009a
13717065ns          233354 1c008a3a 02000693 addi             x13, x0, 32         x13=00000020
13717085ns          233355 1c008a3e 00140a93 addi             x21, x8, 1          x21=1c00009b  x8:1c00009a
13717105ns          233356 1c008a42 009005b3 add              x11, x0, x9         x11=00000073  x9:00000073
13717125ns          233357 1c008a44 064b8513 addi             x10, x23, 100       x10=1c000064 x23:1c000000
13717145ns          233358 1c008a48 00d12823 sw               x13, 16(x2)         x13:00000020  x2:10000638  PA:10000648
13717165ns          233359 1c008a4a 00012c23 sw               x0, 24(x2)           x2:10000638  PA:10000650
13717185ns          233360 1c008a4c 00012a23 sw               x0, 20(x2)           x2:10000638  PA:1000064c
13717205ns          233361 1c008a4e 00012e23 sw               x0, 28(x2)           x2:10000638  PA:10000654
13717224ns          233362 1c008a50 00012623 sw               x0, 12(x2)           x2:10000638  PA:10000644
13717244ns          233363 1c008a52 02300913 addi             x18, x0, 35         x18=00000023
13717264ns          233364 1c008a56 02d00a13 addi             x20, x0, 45         x20=0000002d
13717284ns          233365 1c008a5a 015009b3 add              x19, x0, x21        x19=1c00009b x21:1c00009b
13717304ns          233366 1c008a5c e1dff0ef jal              x1, -484             x1=1c008a5e
13717423ns          233372 1c008878 00054783 lbu              x15, 0(x10)         x15=0000002d x10:1c000064  PA:1c000064
13717742ns          233388 1c00887c 0ff5f593 andi             x11, x11, 255       x11=00000073 x11:00000073
13717761ns          233389 1c008880 00b78c63 beq              x15, x11, 24        x15:0000002d x11:00000073
13717781ns          233390 1c008884 00078b63 beq              x15, x0, 22         x15:0000002d
13717801ns          233391 1c008886 00150793 addi             x15, x10, 1         x15=1c000065 x10:1c000064
13717821ns          233392 1c00888a 0040006f jal              x0, 4              
13717901ns          233396 1c00888e 00f00533 add              x10, x0, x15        x10=1c000065 x15:1c000065
13717921ns          233397 1c008890 0017c70b p.lbu            x14, 1(x15!)        x14=0000002b x15=1c000066 x15:1c000065  PA:1c000065
13718259ns          233414 1c008894 feb71ce3 bne              x14, x11, -8        x14:0000002b x11:00000073
13718318ns          233417 1c00888c 00070763 beq              x14, x0, 14         x14:0000002b
13718338ns          233418 1c00888e 00f00533 add              x10, x0, x15        x10=1c000066 x15:1c000066
13718358ns          233419 1c008890 0017c70b p.lbu            x14, 1(x15!)        x14=00000020 x15=1c000067 x15:1c000066  PA:1c000066
13718676ns          233435 1c008894 feb71ce3 bne              x14, x11, -8        x14:00000020 x11:00000073
13718736ns          233438 1c00888c 00070763 beq              x14, x0, 14         x14:00000020
13718756ns          233439 1c00888e 00f00533 add              x10, x0, x15        x10=1c000067 x15:1c000067
13718776ns          233440 1c008890 0017c70b p.lbu            x14, 1(x15!)        x14=00000023 x15=1c000068 x15:1c000067  PA:1c000067
13719094ns          233456 1c008894 feb71ce3 bne              x14, x11, -8        x14:00000023 x11:00000073
13719154ns          233459 1c00888c 00070763 beq              x14, x0, 14         x14:00000023
13719174ns          233460 1c00888e 00f00533 add              x10, x0, x15        x10=1c000068 x15:1c000068
13719194ns          233461 1c008890 0017c70b p.lbu            x14, 1(x15!)        x14=00000030 x15=1c000069 x15:1c000068  PA:1c000068
13719512ns          233477 1c008894 feb71ce3 bne              x14, x11, -8        x14:00000030 x11:00000073
13719572ns          233480 1c00888c 00070763 beq              x14, x0, 14         x14:00000030
13719591ns          233481 1c00888e 00f00533 add              x10, x0, x15        x10=1c000069 x15:1c000069
13719611ns          233482 1c008890 0017c70b p.lbu            x14, 1(x15!)        x14=00000000 x15=1c00006a x15:1c000069  PA:1c000069
13719930ns          233498 1c008894 feb71ce3 bne              x14, x11, -8        x14:00000000 x11:00000073
13719989ns          233501 1c00888c 00070763 beq              x14, x0, 14         x14:00000000
13720069ns          233505 1c00889a 0015b593 sltiu            x11, x11, 1         x11=00000000 x11:00000073
13720089ns          233506 1c00889e 40b005b3 sub              x11, x0, x11        x11=00000000 x11:00000000
13720109ns          233507 1c0088a2 00b57533 and              x10, x10, x11       x10=00000000 x10:1c000069 x11:00000000
13720128ns          233508 1c0088a4 00008067 jalr             x0, x1, 0            x1:1c008a5e
13720168ns          233510 1c008a5e 02050a63 beq              x10, x0, 52         x10:00000000
13720307ns          233517 1c008a92 02a00613 addi             x12, x0, 42         x12=0000002a
13720327ns          233518 1c008a96 2ac48663 beq              x9, x12, 684         x9:00000073 x12:0000002a
13720347ns          233519 1c008a9a fd048613 addi             x12, x9, -48        x12=00000043  x9:00000073
13720367ns          233520 1c008a9e 00900593 addi             x11, x0, 9          x11=00000009
13720407ns          233522 1c008aa0 00000913 addi             x18, x0, 0          x18=00000000
13720447ns          233524 1c008aa2 28c5f063 bgeu             x11, x12, 640       x11:00000009 x12:00000043
13720467ns          233525 1c008aa6 02e00693 addi             x13, x0, 46         x13=0000002e
13720487ns          233526 1c008aaa fff00a13 addi             x20, x0, -1         x20=ffffffff
13720506ns          233527 1c008aac 2ed48363 beq              x9, x13, 742         x9:00000073 x13:0000002e
13720546ns          233529 1c008ab0 1c0007b7 lui              x15, 0x1c000000     x15=1c000000
13720586ns          233531 1c008ab4 009005b3 add              x11, x0, x9         x11=00000073  x9:00000073
13720606ns          233532 1c008ab6 06c78513 addi             x10, x15, 108       x10=1c00006c x15:1c000000
13720626ns          233533 1c008aba dbfff0ef jal              x1, -578             x1=1c008abc
13720725ns          233538 1c008878 00054783 lbu              x15, 0(x10)         x15=00000068 x10:1c00006c  PA:1c00006c
13721024ns          233553 1c00887c 0ff5f593 andi             x11, x11, 255       x11=00000073 x11:00000073
13721043ns          233554 1c008880 00b78c63 beq              x15, x11, 24        x15:00000068 x11:00000073
13721063ns          233555 1c008884 00078b63 beq              x15, x0, 22         x15:00000068
13721083ns          233556 1c008886 00150793 addi             x15, x10, 1         x15=1c00006d x10:1c00006c
13721103ns          233557 1c00888a 0040006f jal              x0, 4              
13721143ns          233559 1c00888e 00f00533 add              x10, x0, x15        x10=1c00006d x15:1c00006d
13721163ns          233560 1c008890 0017c70b p.lbu            x14, 1(x15!)        x14=0000006c x15=1c00006e x15:1c00006d  PA:1c00006d
13721481ns          233576 1c008894 feb71ce3 bne              x14, x11, -8        x14:0000006c x11:00000073
13721541ns          233579 1c00888c 00070763 beq              x14, x0, 14         x14:0000006c
13721561ns          233580 1c00888e 00f00533 add              x10, x0, x15        x10=1c00006e x15:1c00006e
13721580ns          233581 1c008890 0017c70b p.lbu            x14, 1(x15!)        x14=0000004c x15=1c00006f x15:1c00006e  PA:1c00006e
13721919ns          233598 1c008894 feb71ce3 bne              x14, x11, -8        x14:0000004c x11:00000073
13721978ns          233601 1c00888c 00070763 beq              x14, x0, 14         x14:0000004c
13721998ns          233602 1c00888e 00f00533 add              x10, x0, x15        x10=1c00006f x15:1c00006f
13722018ns          233603 1c008890 0017c70b p.lbu            x14, 1(x15!)        x14=0000007a x15=1c000070 x15:1c00006f  PA:1c00006f
13722336ns          233619 1c008894 feb71ce3 bne              x14, x11, -8        x14:0000007a x11:00000073
13722396ns          233622 1c00888c 00070763 beq              x14, x0, 14         x14:0000007a
13722416ns          233623 1c00888e 00f00533 add              x10, x0, x15        x10=1c000070 x15:1c000070
13722436ns          233624 1c008890 0017c70b p.lbu            x14, 1(x15!)        x14=00000000 x15=1c000071 x15:1c000070  PA:1c000070
13722754ns          233640 1c008894 feb71ce3 bne              x14, x11, -8        x14:00000000 x11:00000073
13722814ns          233643 1c00888c 00070763 beq              x14, x0, 14         x14:00000000
13722893ns          233647 1c00889a 0015b593 sltiu            x11, x11, 1         x11=00000000 x11:00000073
13722913ns          233648 1c00889e 40b005b3 sub              x11, x0, x11        x11=00000000 x11:00000000
13722933ns          233649 1c0088a2 00b57533 and              x10, x10, x11       x10=00000000 x10:1c000070 x11:00000000
13722953ns          233650 1c0088a4 00008067 jalr             x0, x1, 0            x1:1c008abc
13722993ns          233652 1c008abc 01300433 add              x8, x0, x19          x8=1c00009b x19:1c00009b
13723013ns          233653 1c008abe 00050563 beq              x10, x0, 10         x10:00000000
13723072ns          233656 1c008ac8 06700693 addi             x13, x0, 103        x13=00000067
13723092ns          233657 1c008acc 2896d963 bge              x13, x9, 658        x13:00000067  x9:00000073
13723152ns          233660 1c008ad0 07000693 addi             x13, x0, 112        x13=00000070
13723192ns          233662 1c008ad4 7cd48763 beq              x9, x13, 1998        x9:00000073 x13:00000070
13723212ns          233663 1c008ad8 2e96d163 bge              x13, x9, 738        x13:00000070  x9:00000073
13723231ns          233664 1c008adc 07500693 addi             x13, x0, 117        x13=00000075
13723291ns          233667 1c008ae0 12d484e3 beq              x9, x13, 2344        x9:00000073 x13:00000075
13723331ns          233669 1c008ae4 07800693 addi             x13, x0, 120        x13=00000078
13723351ns          233670 1c008ae8 06d48663 beq              x9, x13, 108         x9:00000073 x13:00000078
13723371ns          233671 1c008aec 07300693 addi             x13, x0, 115        x13=00000073
13723430ns          233674 1c008af0 18d49ae3 bne              x9, x13, 2452        x9:00000073 x13:00000073
13723470ns          233676 1c008af4 000c2583 lw               x11, 0(x24)         x11=1c00004c x24:1000078c  PA:1000078c
13723490ns          233677 1c008af8 004c0993 addi             x19, x24, 4         x19=10000790 x24:1000078c
13723510ns          233678 1c008afc 00b006b3 add              x13, x0, x11        x13=1c00004c x11:1c00004c
13723530ns          233679 1c008afe 00000493 addi             x9, x0, 0            x9=00000000
13723570ns          233681 1c008b00 0c8350fb lp.setupi        0x1, 0xc8, 0x6     
13723609ns          233683 1c008b04 0016c70b p.lbu            x14, 1(x13!)        x14=0000006d x13=1c00004d x13:1c00004c  PA:1c00004c
13723928ns          233699 1c008b08 180705e3 beq              x14, x0, 2442       x14:0000006d
13723947ns          233700 1c008b0c 00148493 addi             x9, x9, 1            x9=00000001  x9:00000000
13723967ns          233701 1c008b04 0016c70b p.lbu            x14, 1(x13!)        x14=00000075 x13=1c00004e x13:1c00004d  PA:1c00004d
13724306ns          233718 1c008b08 180705e3 beq              x14, x0, 2442       x14:00000075
13724325ns          233719 1c008b0c 00148493 addi             x9, x9, 1            x9=00000002  x9:00000001
13724345ns          233720 1c008b04 0016c70b p.lbu            x14, 1(x13!)        x14=0000006c x13=1c00004f x13:1c00004e  PA:1c00004e
13724683ns          233737 1c008b08 180705e3 beq              x14, x0, 2442       x14:0000006c
13724703ns          233738 1c008b0c 00148493 addi             x9, x9, 1            x9=00000003  x9:00000002
13724723ns          233739 1c008b04 0016c70b p.lbu            x14, 1(x13!)        x14=00000000 x13=1c000050 x13:1c00004f  PA:1c00004f
13725041ns          233755 1c008b08 180705e3 beq              x14, x0, 2442       x14:00000000
13725181ns          233762 1c009492 e80a5063 bge              x20, x0, -2432      x20:ffffffff
13725201ns          233763 1c009496 e80ff06f jal              x0, -2432          
13725240ns          233765 1c008b16 01300c33 add              x24, x0, x19        x24=10000790 x19:10000790
13725260ns          233766 1c008b18 ec0481e3 beq              x9, x0, -318         x9:00000003
13725280ns          233767 1c008b1c 00900633 add              x12, x0, x9         x12=00000003  x9:00000003
13725300ns          233768 1c008b1e 01900533 add              x10, x0, x25        x10=1000065c x25:1000065c
13725340ns          233770 1c008b20 9e5ff0ef jal              x1, -1564            x1=1c008b22
13725419ns          233774 1c008504 00a5e7b3 or               x15, x11, x10       x15=1c00065c x11:1c00004c x10:1000065c
13725459ns          233776 1c008508 fa27b7b3 p.bclr           x15, x15, 29, 2     x15=00000000 x15:1c00065c
13725479ns          233777 1c00850c 00a00833 add              x16, x0, x10        x16=1000065c x10:1000065c
13725539ns          233780 1c00850e 10078163 beq              x15, x0, 258        x15:00000000
13725638ns          233785 1c008610 fa2637b3 p.bclr           x15, x12, 29, 2     x15=00000003 x12:00000003
13725678ns          233787 1c008614 f00791e3 bne              x15, x0, -254       x15:00000003
13725758ns          233791 1c008516 00458793 addi             x15, x11, 4         x15=1c000050 x11:1c00004c
13725777ns          233792 1c00851a 00450693 addi             x13, x10, 4         x13=10000660 x10:1000065c
13725837ns          233795 1c00851e 04a7b7b3 p.sletu          x15, x15, x10       x15=00000000 x15:1c000050 x10:1000065c
13725877ns          233797 1c008522 04b6b6b3 p.sletu          x13, x13, x11       x13=00000001 x13:10000660 x11:1c00004c
13725897ns          233798 1c008526 00f00733 add              x14, x0, x15        x14=00000000 x15:00000000
13725917ns          233799 1c008528 00d007b3 add              x15, x0, x13        x15=00000001 x13:00000001
13725937ns          233800 1c00852a 00e7e7b3 or               x15, x15, x14       x15=00000001 x15:00000001 x14:00000000
13725956ns          233801 1c00852c 0ff7f793 andi             x15, x15, 255       x15=00000001 x15:00000001
13725976ns          233802 1c008530 0c078963 beq              x15, x0, 210        x15:00000001
13726016ns          233804 1c008532 00863793 sltiu            x15, x12, 8         x15=00000001 x12:00000003
13726036ns          233805 1c008536 0017c793 xori             x15, x15, 1         x15=00000000 x15:00000001
13726056ns          233806 1c00853a 0ff7f793 andi             x15, x15, 255       x15=00000000 x15:00000000
13726076ns          233807 1c00853e 0c078263 beq              x15, x0, 196        x15:00000000
13726613ns          233834 1c008602 004640fb lp.setup         0x1, x12, 0x4       x12:00000003
13726633ns          233835 1c008606 0015c78b p.lbu            x15, 1(x11!)        x15=0000006d x11=1c00004d x11:1c00004c  PA:1c00004c
13726971ns          233852 1c00860a 00f800ab p.sb             x15, 1(x16!)        x16=1000065d x15:0000006d x16:1000065c  PA:1000065c
13726991ns          233853 1c008606 0015c78b p.lbu            x15, 1(x11!)        x15=00000075 x11=1c00004e x11:1c00004d  PA:1c00004d
13727329ns          233870 1c00860a 00f800ab p.sb             x15, 1(x16!)        x16=1000065e x15:00000075 x16:1000065d  PA:1000065d
13727349ns          233871 1c008606 0015c78b p.lbu            x15, 1(x11!)        x15=0000006c x11=1c00004f x11:1c00004e  PA:1c00004e
13727687ns          233888 1c00860a 00f800ab p.sb             x15, 1(x16!)        x16=1000065f x15:0000006c x16:1000065e  PA:1000065e
13727707ns          233889 1c00860e 00008067 jalr             x0, x1, 0            x1:1c008b22
13727786ns          233893 1c008b22 01300c33 add              x24, x0, x19        x24=10000790 x19:10000790
13727826ns          233895 1c008b24 1b24db63 bge              x9, x18, 438         x9:00000003 x18:00000000
13727926ns          233900 1c008cda 01900933 add              x18, x0, x25        x18=1000065c x25:1000065c
13727965ns          233902 1c008cdc 419d8db3 sub              x27, x27, x25       x27=effff9ad x27:00000009 x25:1000065c
13728025ns          233905 1c008ce0 00a0006f jal              x0, 10             
13728085ns          233908 1c008cea 0019450b p.lbu            x10, 1(x18!)        x10=0000006d x18=1000065d x18:1000065c  PA:1000065c
13728105ns          233909 1c008cee 01a005b3 add              x11, x0, x26        x11=00000002 x26:00000002
13728144ns          233911 1c008cf0 000b00e7 jalr             x1, x22, 0           x1=1c008cf2 x22:1c0088f8
13728224ns          233915 1c0088f8 000026b7 lui              x13, 0x2000         x13=00002000
13728264ns          233917 1c0088fa f14027f3 csrrs            x15, x0, 0xf14      x15=00000000
13728323ns          233920 1c0088fe f8068693 addi             x13, x13, -128      x13=00001f80 x13:00002000
13728363ns          233922 1c008902 00379713 slli             x14, x15, 0x3       x14=00000000 x15:00000000
13728383ns          233923 1c008906 00279793 slli             x15, x15, 0x2       x15=00000000 x15:00000000
13728403ns          233924 1c008908 00d7f7b3 and              x15, x15, x13       x15=00000000 x15:00000000 x13:00001f80
13728423ns          233925 1c00890a ee873733 p.bclr           x14, x14, 23, 8     x14=00000000 x14:00000000
13728463ns          233927 1c00890e 1a10f6b7 lui              x13, 0x1a10f000     x13=1a10f000
13728502ns          233929 1c008912 0ff57513 andi             x10, x10, 255       x10=0000006d x10:0000006d
13728522ns          233930 1c008916 00d70733 add              x14, x14, x13       x14=1a10f000 x14:00000000 x13:1a10f000
13728542ns          233931 1c008918 00a7e723 p.sw             x10, x0(x15)        x10:0000006d x15:00000000  PA:1a10f000
13728861ns          233947 1c00891c 00000513 addi             x10, x0, 0          x10=00000000
13728880ns          233948 1c00891e 00008067 jalr             x0, x1, 0            x1:1c008cf2
13728960ns          233952 1c008cf2 fff48493 addi             x9, x9, -1           x9=00000002  x9:00000003
13729000ns          233954 1c008cf4 fff537e3 p.bneimm         x10, -18            x10:00000000
13729079ns          233958 1c008ce2 012d8733 add              x14, x27, x18       x14=0000000a x27:effff9ad x18:1000065d
13729099ns          233959 1c008ce6 5a048b63 beq              x9, x0, 1462         x9:00000002
13729119ns          233960 1c008cea 0019450b p.lbu            x10, 1(x18!)        x10=00000075 x18=1000065e x18:1000065d  PA:1000065d
13729139ns          233961 1c008cee 01a005b3 add              x11, x0, x26        x11=00000002 x26:00000002
13729159ns          233962 1c008cf0 000b00e7 jalr             x1, x22, 0           x1=1c008cf2 x22:1c0088f8
13729238ns          233966 1c0088f8 000026b7 lui              x13, 0x2000         x13=00002000
13729278ns          233968 1c0088fa f14027f3 csrrs            x15, x0, 0xf14      x15=00000000
13729298ns          233969 1c0088fe f8068693 addi             x13, x13, -128      x13=00001f80 x13:00002000
13729318ns          233970 1c008902 00379713 slli             x14, x15, 0x3       x14=00000000 x15:00000000
13729338ns          233971 1c008906 00279793 slli             x15, x15, 0x2       x15=00000000 x15:00000000
13729358ns          233972 1c008908 00d7f7b3 and              x15, x15, x13       x15=00000000 x15:00000000 x13:00001f80
13729378ns          233973 1c00890a ee873733 p.bclr           x14, x14, 23, 8     x14=00000000 x14:00000000
13729398ns          233974 1c00890e 1a10f6b7 lui              x13, 0x1a10f000     x13=1a10f000
13729417ns          233975 1c008912 0ff57513 andi             x10, x10, 255       x10=00000075 x10:00000075
13729437ns          233976 1c008916 00d70733 add              x14, x14, x13       x14=1a10f000 x14:00000000 x13:1a10f000
13729457ns          233977 1c008918 00a7e723 p.sw             x10, x0(x15)        x10:00000075 x15:00000000  PA:1a10f000
13729775ns          233993 1c00891c 00000513 addi             x10, x0, 0          x10=00000000
13729795ns          233994 1c00891e 00008067 jalr             x0, x1, 0            x1:1c008cf2
13729835ns          233996 1c008cf2 fff48493 addi             x9, x9, -1           x9=00000001  x9:00000002
13729855ns          233997 1c008cf4 fff537e3 p.bneimm         x10, -18            x10:00000000
13729935ns          234001 1c008ce2 012d8733 add              x14, x27, x18       x14=0000000b x27:effff9ad x18:1000065e
13729954ns          234002 1c008ce6 5a048b63 beq              x9, x0, 1462         x9:00000001
13729974ns          234003 1c008cea 0019450b p.lbu            x10, 1(x18!)        x10=0000006c x18=1000065f x18:1000065e  PA:1000065e
13729994ns          234004 1c008cee 01a005b3 add              x11, x0, x26        x11=00000002 x26:00000002
13730014ns          234005 1c008cf0 000b00e7 jalr             x1, x22, 0           x1=1c008cf2 x22:1c0088f8
13730054ns          234007 1c0088f8 000026b7 lui              x13, 0x2000         x13=00002000
13730074ns          234008 1c0088fa f14027f3 csrrs            x15, x0, 0xf14      x15=00000000
13730094ns          234009 1c0088fe f8068693 addi             x13, x13, -128      x13=00001f80 x13:00002000
13730114ns          234010 1c008902 00379713 slli             x14, x15, 0x3       x14=00000000 x15:00000000
13730134ns          234011 1c008906 00279793 slli             x15, x15, 0x2       x15=00000000 x15:00000000
13730153ns          234012 1c008908 00d7f7b3 and              x15, x15, x13       x15=00000000 x15:00000000 x13:00001f80
13730173ns          234013 1c00890a ee873733 p.bclr           x14, x14, 23, 8     x14=00000000 x14:00000000
13730193ns          234014 1c00890e 1a10f6b7 lui              x13, 0x1a10f000     x13=1a10f000
13730213ns          234015 1c008912 0ff57513 andi             x10, x10, 255       x10=0000006c x10:0000006c
13730233ns          234016 1c008916 00d70733 add              x14, x14, x13       x14=1a10f000 x14:00000000 x13:1a10f000
13730253ns          234017 1c008918 00a7e723 p.sw             x10, x0(x15)        x10:0000006c x15:00000000  PA:1a10f000
13730571ns          234033 1c00891c 00000513 addi             x10, x0, 0          x10=00000000
13730591ns          234034 1c00891e 00008067 jalr             x0, x1, 0            x1:1c008cf2
13730631ns          234036 1c008cf2 fff48493 addi             x9, x9, -1           x9=00000000  x9:00000001
13730651ns          234037 1c008cf4 fff537e3 p.bneimm         x10, -18            x10:00000000
13730730ns          234041 1c008ce2 012d8733 add              x14, x27, x18       x14=0000000c x27:effff9ad x18:1000065f
13730750ns          234042 1c008ce6 5a048b63 beq              x9, x0, 1462         x9:00000000
13730850ns          234047 1c00929c 00e00db3 add              x27, x0, x14        x27=0000000c x14:0000000c
13730929ns          234051 1c00929e f3cff06f jal              x0, -2244          
13731048ns          234057 1c0089da 00044503 lbu              x10, 0(x8)          x10=00000020  x8:1c00009b  PA:1c00009b
13731347ns          234072 1c0089de 00140413 addi             x8, x8, 1            x8=1c00009c  x8:1c00009b
13731367ns          234073 1c0089e0 00050e63 beq              x10, x0, 28         x10:00000020
13731387ns          234074 1c0089e2 02500793 addi             x15, x0, 37         x15=00000025
13731407ns          234075 1c0089e6 04f50863 beq              x10, x15, 80        x10:00000020 x15:00000025
13731426ns          234076 1c0089ea 01a005b3 add              x11, x0, x26        x11=00000002 x26:00000002
13731446ns          234077 1c0089ec 000b00e7 jalr             x1, x22, 0           x1=1c0089ee x22:1c0088f8
13731486ns          234079 1c0088f8 000026b7 lui              x13, 0x2000         x13=00002000
13731506ns          234080 1c0088fa f14027f3 csrrs            x15, x0, 0xf14      x15=00000000
13731526ns          234081 1c0088fe f8068693 addi             x13, x13, -128      x13=00001f80 x13:00002000
13731546ns          234082 1c008902 00379713 slli             x14, x15, 0x3       x14=00000000 x15:00000000
13731566ns          234083 1c008906 00279793 slli             x15, x15, 0x2       x15=00000000 x15:00000000
13731586ns          234084 1c008908 00d7f7b3 and              x15, x15, x13       x15=00000000 x15:00000000 x13:00001f80
13731605ns          234085 1c00890a ee873733 p.bclr           x14, x14, 23, 8     x14=00000000 x14:00000000
13731645ns          234087 1c00890e 1a10f6b7 lui              x13, 0x1a10f000     x13=1a10f000
13731685ns          234089 1c008912 0ff57513 andi             x10, x10, 255       x10=00000020 x10:00000020
13731705ns          234090 1c008916 00d70733 add              x14, x14, x13       x14=1a10f000 x14:00000000 x13:1a10f000
13731725ns          234091 1c008918 00a7e723 p.sw             x10, x0(x15)        x10:00000020 x15:00000000  PA:1a10f000
13732043ns          234107 1c00891c 00000513 addi             x10, x0, 0          x10=00000000
13732063ns          234108 1c00891e 00008067 jalr             x0, x1, 0            x1:1c0089ee
13732123ns          234111 1c0089ee 31f52563 p.beqimm         x10, 778            x10:00000000
13732142ns          234112 1c0089f2 001d8d93 addi             x27, x27, 1         x27=0000000d x27:0000000c
13732162ns          234113 1c0089f4 00044503 lbu              x10, 0(x8)          x10=0000002d  x8:1c00009c  PA:1c00009c
13732461ns          234128 1c0089f8 00140413 addi             x8, x8, 1            x8=1c00009d  x8:1c00009c
13732481ns          234129 1c0089fa fe0514e3 bne              x10, x0, -24        x10:0000002d
13732560ns          234133 1c0089e2 02500793 addi             x15, x0, 37         x15=00000025
13732580ns          234134 1c0089e6 04f50863 beq              x10, x15, 80        x10:0000002d x15:00000025
13732600ns          234135 1c0089ea 01a005b3 add              x11, x0, x26        x11=00000002 x26:00000002
13732620ns          234136 1c0089ec 000b00e7 jalr             x1, x22, 0           x1=1c0089ee x22:1c0088f8
13732660ns          234138 1c0088f8 000026b7 lui              x13, 0x2000         x13=00002000
13732680ns          234139 1c0088fa f14027f3 csrrs            x15, x0, 0xf14      x15=00000000
13732739ns          234142 1c0088fe f8068693 addi             x13, x13, -128      x13=00001f80 x13:00002000
13732779ns          234144 1c008902 00379713 slli             x14, x15, 0x3       x14=00000000 x15:00000000
13732799ns          234145 1c008906 00279793 slli             x15, x15, 0x2       x15=00000000 x15:00000000
13732819ns          234146 1c008908 00d7f7b3 and              x15, x15, x13       x15=00000000 x15:00000000 x13:00001f80
13732839ns          234147 1c00890a ee873733 p.bclr           x14, x14, 23, 8     x14=00000000 x14:00000000
13732859ns          234148 1c00890e 1a10f6b7 lui              x13, 0x1a10f000     x13=1a10f000
13732878ns          234149 1c008912 0ff57513 andi             x10, x10, 255       x10=0000002d x10:0000002d
13732898ns          234150 1c008916 00d70733 add              x14, x14, x13       x14=1a10f000 x14:00000000 x13:1a10f000
13732918ns          234151 1c008918 00a7e723 p.sw             x10, x0(x15)        x10:0000002d x15:00000000  PA:1a10f000
13733236ns          234167 1c00891c 00000513 addi             x10, x0, 0          x10=00000000
13733256ns          234168 1c00891e 00008067 jalr             x0, x1, 0            x1:1c0089ee
13733316ns          234171 1c0089ee 31f52563 p.beqimm         x10, 778            x10:00000000
13733336ns          234172 1c0089f2 001d8d93 addi             x27, x27, 1         x27=0000000e x27:0000000d
13733356ns          234173 1c0089f4 00044503 lbu              x10, 0(x8)          x10=0000003e  x8:1c00009d  PA:1c00009d
13733654ns          234188 1c0089f8 00140413 addi             x8, x8, 1            x8=1c00009e  x8:1c00009d
13733674ns          234189 1c0089fa fe0514e3 bne              x10, x0, -24        x10:0000003e
13733754ns          234193 1c0089e2 02500793 addi             x15, x0, 37         x15=00000025
13733774ns          234194 1c0089e6 04f50863 beq              x10, x15, 80        x10:0000003e x15:00000025
13733793ns          234195 1c0089ea 01a005b3 add              x11, x0, x26        x11=00000002 x26:00000002
13733813ns          234196 1c0089ec 000b00e7 jalr             x1, x22, 0           x1=1c0089ee x22:1c0088f8
13733853ns          234198 1c0088f8 000026b7 lui              x13, 0x2000         x13=00002000
13733873ns          234199 1c0088fa f14027f3 csrrs            x15, x0, 0xf14      x15=00000000
13733893ns          234200 1c0088fe f8068693 addi             x13, x13, -128      x13=00001f80 x13:00002000
13733913ns          234201 1c008902 00379713 slli             x14, x15, 0x3       x14=00000000 x15:00000000
13733933ns          234202 1c008906 00279793 slli             x15, x15, 0x2       x15=00000000 x15:00000000
13733953ns          234203 1c008908 00d7f7b3 and              x15, x15, x13       x15=00000000 x15:00000000 x13:00001f80
13733972ns          234204 1c00890a ee873733 p.bclr           x14, x14, 23, 8     x14=00000000 x14:00000000
13733992ns          234205 1c00890e 1a10f6b7 lui              x13, 0x1a10f000     x13=1a10f000
13734012ns          234206 1c008912 0ff57513 andi             x10, x10, 255       x10=0000003e x10:0000003e
13734032ns          234207 1c008916 00d70733 add              x14, x14, x13       x14=1a10f000 x14:00000000 x13:1a10f000
13734052ns          234208 1c008918 00a7e723 p.sw             x10, x0(x15)        x10:0000003e x15:00000000  PA:1a10f000
13734370ns          234224 1c00891c 00000513 addi             x10, x0, 0          x10=00000000
13734390ns          234225 1c00891e 00008067 jalr             x0, x1, 0            x1:1c0089ee
13734450ns          234228 1c0089ee 31f52563 p.beqimm         x10, 778            x10:00000000
13734470ns          234229 1c0089f2 001d8d93 addi             x27, x27, 1         x27=0000000f x27:0000000e
13734490ns          234230 1c0089f4 00044503 lbu              x10, 0(x8)          x10=00000020  x8:1c00009e  PA:1c00009e
13734788ns          234245 1c0089f8 00140413 addi             x8, x8, 1            x8=1c00009f  x8:1c00009e
13734808ns          234246 1c0089fa fe0514e3 bne              x10, x0, -24        x10:00000020
13734887ns          234250 1c0089e2 02500793 addi             x15, x0, 37         x15=00000025
13734907ns          234251 1c0089e6 04f50863 beq              x10, x15, 80        x10:00000020 x15:00000025
13734927ns          234252 1c0089ea 01a005b3 add              x11, x0, x26        x11=00000002 x26:00000002
13734947ns          234253 1c0089ec 000b00e7 jalr             x1, x22, 0           x1=1c0089ee x22:1c0088f8
13734987ns          234255 1c0088f8 000026b7 lui              x13, 0x2000         x13=00002000
13735007ns          234256 1c0088fa f14027f3 csrrs            x15, x0, 0xf14      x15=00000000
13735027ns          234257 1c0088fe f8068693 addi             x13, x13, -128      x13=00001f80 x13:00002000
13735047ns          234258 1c008902 00379713 slli             x14, x15, 0x3       x14=00000000 x15:00000000
13735066ns          234259 1c008906 00279793 slli             x15, x15, 0x2       x15=00000000 x15:00000000
13735086ns          234260 1c008908 00d7f7b3 and              x15, x15, x13       x15=00000000 x15:00000000 x13:00001f80
13735106ns          234261 1c00890a ee873733 p.bclr           x14, x14, 23, 8     x14=00000000 x14:00000000
13735126ns          234262 1c00890e 1a10f6b7 lui              x13, 0x1a10f000     x13=1a10f000
13735146ns          234263 1c008912 0ff57513 andi             x10, x10, 255       x10=00000020 x10:00000020
13735166ns          234264 1c008916 00d70733 add              x14, x14, x13       x14=1a10f000 x14:00000000 x13:1a10f000
13735186ns          234265 1c008918 00a7e723 p.sw             x10, x0(x15)        x10:00000020 x15:00000000  PA:1a10f000
13735504ns          234281 1c00891c 00000513 addi             x10, x0, 0          x10=00000000
13735524ns          234282 1c00891e 00008067 jalr             x0, x1, 0            x1:1c0089ee
13735584ns          234285 1c0089ee 31f52563 p.beqimm         x10, 778            x10:00000000
13735603ns          234286 1c0089f2 001d8d93 addi             x27, x27, 1         x27=00000010 x27:0000000f
13735623ns          234287 1c0089f4 00044503 lbu              x10, 0(x8)          x10=00000000  x8:1c00009f  PA:1c00009f
13735942ns          234303 1c0089f8 00140413 addi             x8, x8, 1            x8=1c0000a0  x8:1c00009f
13735962ns          234304 1c0089fa fe0514e3 bne              x10, x0, -24        x10:00000000
13735981ns          234305 1c0089fc 01b00433 add              x8, x0, x27          x8=00000010 x27:00000010
13736001ns          234306 1c0089fe 00800533 add              x10, x0, x8         x10=00000010  x8:00000010
13736021ns          234307 1c008a00 12c12083 lw               x1, 300(x2)          x1=1c00898c  x2:10000638  PA:10000764
13736041ns          234308 1c008a04 12812403 lw               x8, 296(x2)          x8=1c000e80  x2:10000638  PA:10000760
13736061ns          234309 1c008a08 12412483 lw               x9, 292(x2)          x9=00000000  x2:10000638  PA:1000075c
13736081ns          234310 1c008a0c 12012903 lw               x18, 288(x2)        x18=1a10b004  x2:10000638  PA:10000758
13736121ns          234312 1c008a10 11c12983 lw               x19, 284(x2)        x19=00000000  x2:10000638  PA:10000754
13736160ns          234314 1c008a14 11812a03 lw               x20, 280(x2)        x20=1c000e84  x2:10000638  PA:10000750
13736180ns          234315 1c008a18 11412a83 lw               x21, 276(x2)        x21=1c00a000  x2:10000638  PA:1000074c
13736200ns          234316 1c008a1c 11012b03 lw               x22, 272(x2)        x22=1c00a000  x2:10000638  PA:10000748
13736260ns          234319 1c008a20 10c12b83 lw               x23, 268(x2)        x23=1c000000  x2:10000638  PA:10000744
13736300ns          234321 1c008a24 10812c03 lw               x24, 264(x2)        x24=1c000000  x2:10000638  PA:10000740
13736320ns          234322 1c008a28 10412c83 lw               x25, 260(x2)        x25=1c000000  x2:10000638  PA:1000073c
13736339ns          234323 1c008a2c 10012d03 lw               x26, 256(x2)        x26=1c000000  x2:10000638  PA:10000738
13736399ns          234326 1c008a30 0fc12d83 lw               x27, 252(x2)        x27=1c000e78  x2:10000638  PA:10000734
13736419ns          234327 1c008a32 13010113 addi             x2, x2, 304          x2=10000768  x2:10000638
13736439ns          234328 1c008a34 00008067 jalr             x0, x1, 0            x1:1c00898c
13736479ns          234330 1c00898c 01c12083 lw               x1, 28(x2)           x1=1c009b9a  x2:10000768  PA:10000784
13736499ns          234331 1c00898e 04010113 addi             x2, x2, 64           x2=100007a8  x2:10000768
13736538ns          234333 1c008990 00008067 jalr             x0, x1, 0            x1:1c009b9a
13736618ns          234337 1c009b9a 00c12703 lw               x14, 12(x2)         x14=00000000  x2:100007a8  PA:100007b4
13736658ns          234339 1c009b9c 0a0b8513 addi             x10, x23, 160       x10=1c0000a0 x23:1c000000
13736717ns          234342 1c009ba0 00070563 beq              x14, x0, 10         x14:00000000
13736797ns          234346 1c009baa dbbfe0ef jal              x1, -4678            x1=1c009bae
13736876ns          234350 1c008964 fc010113 addi             x2, x2, -64          x2=10000768  x2:100007a8
13736916ns          234352 1c008966 02410313 addi             x6, x2, 36           x6=1000078c  x2:10000768
13736936ns          234353 1c00896a 02c12423 sw               x12, 40(x2)         x12:00000003  x2:10000768  PA:10000790
13736956ns          234354 1c00896c 00a00633 add              x12, x0, x10        x12=1c0000a0 x10:1c0000a0
13736996ns          234356 1c00896e 1c009537 lui              x10, 0x1c009000     x10=1c009000
13737016ns          234357 1c008972 02b12223 sw               x11, 36(x2)         x11:00000002  x2:10000768  PA:1000078c
13737036ns          234358 1c008974 02d12623 sw               x13, 44(x2)         x13:1a10f000  x2:10000768  PA:10000794
13737055ns          234359 1c008976 00200593 addi             x11, x0, 2          x11=00000002
13737075ns          234360 1c008978 006006b3 add              x13, x0, x6         x13=1000078c  x6:1000078c
13737095ns          234361 1c00897a 8f850513 addi             x10, x10, -1800     x10=1c0088f8 x10:1c009000
13737115ns          234362 1c00897e 00112e23 sw               x1, 28(x2)           x1:1c009bae  x2:10000768  PA:10000784
13737135ns          234363 1c008980 02e12823 sw               x14, 48(x2)         x14:00000000  x2:10000768  PA:10000798
13737155ns          234364 1c008982 02f12a23 sw               x15, 52(x2)         x15:00000000  x2:10000768  PA:1000079c
13737175ns          234365 1c008984 03012c23 sw               x16, 56(x2)         x16:1000065f  x2:10000768  PA:100007a0
13737195ns          234366 1c008986 03112e23 sw               x17, 60(x2)         x17:1c000054  x2:10000768  PA:100007a4
13737215ns          234367 1c008988 00612623 sw               x6, 12(x2)           x6:1000078c  x2:10000768  PA:10000774
13737235ns          234368 1c00898a fbfff0ef jal              x1, -66              x1=1c00898c
13737274ns          234370 1c008948 04a0006f jal              x0, 74             
13737314ns          234372 1c008992 ed010113 addi             x2, x2, -304         x2=10000638  x2:10000768
13737334ns          234373 1c008994 12812423 sw               x8, 296(x2)          x8:1c000e80  x2:10000638  PA:10000760
13737354ns          234374 1c008998 00000413 addi             x8, x0, 0            x8=00000000
13737374ns          234375 1c00899a 11612823 sw               x22, 272(x2)        x22:1c00a000  x2:10000638  PA:10000748
13737433ns          234378 1c00899e 11712623 sw               x23, 268(x2)        x23:1c000000  x2:10000638  PA:10000744
13737473ns          234380 1c0089a2 11812423 sw               x24, 264(x2)        x24:1c000000  x2:10000638  PA:10000740
13737493ns          234381 1c0089a6 11912223 sw               x25, 260(x2)        x25:1c000000  x2:10000638  PA:1000073c
13737513ns          234382 1c0089aa 11a12023 sw               x26, 256(x2)        x26:1c000000  x2:10000638  PA:10000738
13737533ns          234383 1c0089ae 0fb12e23 sw               x27, 252(x2)        x27:1c000e78  x2:10000638  PA:10000734
13737573ns          234385 1c0089b0 12112623 sw               x1, 300(x2)          x1:1c00898c  x2:10000638  PA:10000764
13737612ns          234387 1c0089b4 00800db3 add              x27, x0, x8         x27=00000000  x8:00000000
13737632ns          234388 1c0089b6 12912223 sw               x9, 292(x2)          x9:00000000  x2:10000638  PA:1000075c
13737652ns          234389 1c0089ba 13212023 sw               x18, 288(x2)        x18:1a10b004  x2:10000638  PA:10000758
13737712ns          234392 1c0089be 11312e23 sw               x19, 284(x2)        x19:00000000  x2:10000638  PA:10000754
13737752ns          234394 1c0089c2 11412c23 sw               x20, 280(x2)        x20:1c000e84  x2:10000638  PA:10000750
13737772ns          234395 1c0089c6 11512a23 sw               x21, 276(x2)        x21:1c00a000  x2:10000638  PA:1000074c
13737791ns          234396 1c0089ca 00a00b33 add              x22, x0, x10        x22=1c0088f8 x10:1c0088f8
13737811ns          234397 1c0089cc 00b00d33 add              x26, x0, x11        x26=00000002 x11:00000002
13737831ns          234398 1c0089ce 00d00c33 add              x24, x0, x13        x24=1000078c x13:1000078c
13737851ns          234399 1c0089d0 1c000bb7 lui              x23, 0x1c000000     x23=1c000000
13737871ns          234400 1c0089d4 02410c93 addi             x25, x2, 36         x25=1000065c  x2:10000638
13737891ns          234401 1c0089d8 00c00433 add              x8, x0, x12          x8=1c0000a0 x12:1c0000a0
13737911ns          234402 1c0089da 00044503 lbu              x10, 0(x8)          x10=00000073  x8:1c0000a0  PA:1c0000a0
13738209ns          234417 1c0089de 00140413 addi             x8, x8, 1            x8=1c0000a1  x8:1c0000a0
13738229ns          234418 1c0089e0 00050e63 beq              x10, x0, 28         x10:00000073
13738249ns          234419 1c0089e2 02500793 addi             x15, x0, 37         x15=00000025
13738269ns          234420 1c0089e6 04f50863 beq              x10, x15, 80        x10:00000073 x15:00000025
13738289ns          234421 1c0089ea 01a005b3 add              x11, x0, x26        x11=00000002 x26:00000002
13738309ns          234422 1c0089ec 000b00e7 jalr             x1, x22, 0           x1=1c0089ee x22:1c0088f8
13738348ns          234424 1c0088f8 000026b7 lui              x13, 0x2000         x13=00002000
13738368ns          234425 1c0088fa f14027f3 csrrs            x15, x0, 0xf14      x15=00000000
13738388ns          234426 1c0088fe f8068693 addi             x13, x13, -128      x13=00001f80 x13:00002000
13738408ns          234427 1c008902 00379713 slli             x14, x15, 0x3       x14=00000000 x15:00000000
13738428ns          234428 1c008906 00279793 slli             x15, x15, 0x2       x15=00000000 x15:00000000
13738448ns          234429 1c008908 00d7f7b3 and              x15, x15, x13       x15=00000000 x15:00000000 x13:00001f80
13738468ns          234430 1c00890a ee873733 p.bclr           x14, x14, 23, 8     x14=00000000 x14:00000000
13738508ns          234432 1c00890e 1a10f6b7 lui              x13, 0x1a10f000     x13=1a10f000
13738547ns          234434 1c008912 0ff57513 andi             x10, x10, 255       x10=00000073 x10:00000073
13738567ns          234435 1c008916 00d70733 add              x14, x14, x13       x14=1a10f000 x14:00000000 x13:1a10f000
13738587ns          234436 1c008918 00a7e723 p.sw             x10, x0(x15)        x10:00000073 x15:00000000  PA:1a10f000
13738905ns          234452 1c00891c 00000513 addi             x10, x0, 0          x10=00000000
13738925ns          234453 1c00891e 00008067 jalr             x0, x1, 0            x1:1c0089ee
13738985ns          234456 1c0089ee 31f52563 p.beqimm         x10, 778            x10:00000000
13739005ns          234457 1c0089f2 001d8d93 addi             x27, x27, 1         x27=00000001 x27:00000000
13739025ns          234458 1c0089f4 00044503 lbu              x10, 0(x8)          x10=00000075  x8:1c0000a1  PA:1c0000a1
13739323ns          234473 1c0089f8 00140413 addi             x8, x8, 1            x8=1c0000a2  x8:1c0000a1
13739343ns          234474 1c0089fa fe0514e3 bne              x10, x0, -24        x10:00000075
13739422ns          234478 1c0089e2 02500793 addi             x15, x0, 37         x15=00000025
13739442ns          234479 1c0089e6 04f50863 beq              x10, x15, 80        x10:00000075 x15:00000025
13739462ns          234480 1c0089ea 01a005b3 add              x11, x0, x26        x11=00000002 x26:00000002
13739482ns          234481 1c0089ec 000b00e7 jalr             x1, x22, 0           x1=1c0089ee x22:1c0088f8
13739522ns          234483 1c0088f8 000026b7 lui              x13, 0x2000         x13=00002000
13739542ns          234484 1c0088fa f14027f3 csrrs            x15, x0, 0xf14      x15=00000000
13739562ns          234485 1c0088fe f8068693 addi             x13, x13, -128      x13=00001f80 x13:00002000
13739582ns          234486 1c008902 00379713 slli             x14, x15, 0x3       x14=00000000 x15:00000000
13739602ns          234487 1c008906 00279793 slli             x15, x15, 0x2       x15=00000000 x15:00000000
13739621ns          234488 1c008908 00d7f7b3 and              x15, x15, x13       x15=00000000 x15:00000000 x13:00001f80
13739641ns          234489 1c00890a ee873733 p.bclr           x14, x14, 23, 8     x14=00000000 x14:00000000
13739661ns          234490 1c00890e 1a10f6b7 lui              x13, 0x1a10f000     x13=1a10f000
13739681ns          234491 1c008912 0ff57513 andi             x10, x10, 255       x10=00000075 x10:00000075
13739701ns          234492 1c008916 00d70733 add              x14, x14, x13       x14=1a10f000 x14:00000000 x13:1a10f000
13739721ns          234493 1c008918 00a7e723 p.sw             x10, x0(x15)        x10:00000075 x15:00000000  PA:1a10f000
13740039ns          234509 1c00891c 00000513 addi             x10, x0, 0          x10=00000000
13740059ns          234510 1c00891e 00008067 jalr             x0, x1, 0            x1:1c0089ee
13740119ns          234513 1c0089ee 31f52563 p.beqimm         x10, 778            x10:00000000
13740139ns          234514 1c0089f2 001d8d93 addi             x27, x27, 1         x27=00000002 x27:00000001
13740158ns          234515 1c0089f4 00044503 lbu              x10, 0(x8)          x10=00000063  x8:1c0000a2  PA:1c0000a2
13740477ns          234531 1c0089f8 00140413 addi             x8, x8, 1            x8=1c0000a3  x8:1c0000a2
13740497ns          234532 1c0089fa fe0514e3 bne              x10, x0, -24        x10:00000063
13740576ns          234536 1c0089e2 02500793 addi             x15, x0, 37         x15=00000025
13740596ns          234537 1c0089e6 04f50863 beq              x10, x15, 80        x10:00000063 x15:00000025
13740616ns          234538 1c0089ea 01a005b3 add              x11, x0, x26        x11=00000002 x26:00000002
13740636ns          234539 1c0089ec 000b00e7 jalr             x1, x22, 0           x1=1c0089ee x22:1c0088f8
13740676ns          234541 1c0088f8 000026b7 lui              x13, 0x2000         x13=00002000
13740696ns          234542 1c0088fa f14027f3 csrrs            x15, x0, 0xf14      x15=00000000
13740715ns          234543 1c0088fe f8068693 addi             x13, x13, -128      x13=00001f80 x13:00002000
13740735ns          234544 1c008902 00379713 slli             x14, x15, 0x3       x14=00000000 x15:00000000
13740755ns          234545 1c008906 00279793 slli             x15, x15, 0x2       x15=00000000 x15:00000000
13740775ns          234546 1c008908 00d7f7b3 and              x15, x15, x13       x15=00000000 x15:00000000 x13:00001f80
13740795ns          234547 1c00890a ee873733 p.bclr           x14, x14, 23, 8     x14=00000000 x14:00000000
13740815ns          234548 1c00890e 1a10f6b7 lui              x13, 0x1a10f000     x13=1a10f000
13740835ns          234549 1c008912 0ff57513 andi             x10, x10, 255       x10=00000063 x10:00000063
13740855ns          234550 1c008916 00d70733 add              x14, x14, x13       x14=1a10f000 x14:00000000 x13:1a10f000
13740875ns          234551 1c008918 00a7e723 p.sw             x10, x0(x15)        x10:00000063 x15:00000000  PA:1a10f000
13741193ns          234567 1c00891c 00000513 addi             x10, x0, 0          x10=00000000
13741213ns          234568 1c00891e 00008067 jalr             x0, x1, 0            x1:1c0089ee
13741272ns          234571 1c0089ee 31f52563 p.beqimm         x10, 778            x10:00000000
13741292ns          234572 1c0089f2 001d8d93 addi             x27, x27, 1         x27=00000003 x27:00000002
13741312ns          234573 1c0089f4 00044503 lbu              x10, 0(x8)          x10=00000063  x8:1c0000a3  PA:1c0000a3
13741610ns          234588 1c0089f8 00140413 addi             x8, x8, 1            x8=1c0000a4  x8:1c0000a3
13741630ns          234589 1c0089fa fe0514e3 bne              x10, x0, -24        x10:00000063
13741710ns          234593 1c0089e2 02500793 addi             x15, x0, 37         x15=00000025
13741730ns          234594 1c0089e6 04f50863 beq              x10, x15, 80        x10:00000063 x15:00000025
13741750ns          234595 1c0089ea 01a005b3 add              x11, x0, x26        x11=00000002 x26:00000002
13741770ns          234596 1c0089ec 000b00e7 jalr             x1, x22, 0           x1=1c0089ee x22:1c0088f8
13741809ns          234598 1c0088f8 000026b7 lui              x13, 0x2000         x13=00002000
13741829ns          234599 1c0088fa f14027f3 csrrs            x15, x0, 0xf14      x15=00000000
13741849ns          234600 1c0088fe f8068693 addi             x13, x13, -128      x13=00001f80 x13:00002000
13741869ns          234601 1c008902 00379713 slli             x14, x15, 0x3       x14=00000000 x15:00000000
13741889ns          234602 1c008906 00279793 slli             x15, x15, 0x2       x15=00000000 x15:00000000
13741909ns          234603 1c008908 00d7f7b3 and              x15, x15, x13       x15=00000000 x15:00000000 x13:00001f80
13741929ns          234604 1c00890a ee873733 p.bclr           x14, x14, 23, 8     x14=00000000 x14:00000000
13741949ns          234605 1c00890e 1a10f6b7 lui              x13, 0x1a10f000     x13=1a10f000
13741969ns          234606 1c008912 0ff57513 andi             x10, x10, 255       x10=00000063 x10:00000063
13741988ns          234607 1c008916 00d70733 add              x14, x14, x13       x14=1a10f000 x14:00000000 x13:1a10f000
13742008ns          234608 1c008918 00a7e723 p.sw             x10, x0(x15)        x10:00000063 x15:00000000  PA:1a10f000
13742327ns          234624 1c00891c 00000513 addi             x10, x0, 0          x10=00000000
13742346ns          234625 1c00891e 00008067 jalr             x0, x1, 0            x1:1c0089ee
13742406ns          234628 1c0089ee 31f52563 p.beqimm         x10, 778            x10:00000000
13742426ns          234629 1c0089f2 001d8d93 addi             x27, x27, 1         x27=00000004 x27:00000003
13742446ns          234630 1c0089f4 00044503 lbu              x10, 0(x8)          x10=00000065  x8:1c0000a4  PA:1c0000a4
13742744ns          234645 1c0089f8 00140413 addi             x8, x8, 1            x8=1c0000a5  x8:1c0000a4
13742764ns          234646 1c0089fa fe0514e3 bne              x10, x0, -24        x10:00000065
13742844ns          234650 1c0089e2 02500793 addi             x15, x0, 37         x15=00000025
13742864ns          234651 1c0089e6 04f50863 beq              x10, x15, 80        x10:00000065 x15:00000025
13742883ns          234652 1c0089ea 01a005b3 add              x11, x0, x26        x11=00000002 x26:00000002
13742903ns          234653 1c0089ec 000b00e7 jalr             x1, x22, 0           x1=1c0089ee x22:1c0088f8
13742943ns          234655 1c0088f8 000026b7 lui              x13, 0x2000         x13=00002000
13742963ns          234656 1c0088fa f14027f3 csrrs            x15, x0, 0xf14      x15=00000000
13742983ns          234657 1c0088fe f8068693 addi             x13, x13, -128      x13=00001f80 x13:00002000
13743003ns          234658 1c008902 00379713 slli             x14, x15, 0x3       x14=00000000 x15:00000000
13743023ns          234659 1c008906 00279793 slli             x15, x15, 0x2       x15=00000000 x15:00000000
13743043ns          234660 1c008908 00d7f7b3 and              x15, x15, x13       x15=00000000 x15:00000000 x13:00001f80
13743063ns          234661 1c00890a ee873733 p.bclr           x14, x14, 23, 8     x14=00000000 x14:00000000
13743082ns          234662 1c00890e 1a10f6b7 lui              x13, 0x1a10f000     x13=1a10f000
13743102ns          234663 1c008912 0ff57513 andi             x10, x10, 255       x10=00000065 x10:00000065
13743122ns          234664 1c008916 00d70733 add              x14, x14, x13       x14=1a10f000 x14:00000000 x13:1a10f000
13743142ns          234665 1c008918 00a7e723 p.sw             x10, x0(x15)        x10:00000065 x15:00000000  PA:1a10f000
13743460ns          234681 1c00891c 00000513 addi             x10, x0, 0          x10=00000000
13743480ns          234682 1c00891e 00008067 jalr             x0, x1, 0            x1:1c0089ee
13743540ns          234685 1c0089ee 31f52563 p.beqimm         x10, 778            x10:00000000
13743560ns          234686 1c0089f2 001d8d93 addi             x27, x27, 1         x27=00000005 x27:00000004
13743580ns          234687 1c0089f4 00044503 lbu              x10, 0(x8)          x10=00000073  x8:1c0000a5  PA:1c0000a5
13743878ns          234702 1c0089f8 00140413 addi             x8, x8, 1            x8=1c0000a6  x8:1c0000a5
13743898ns          234703 1c0089fa fe0514e3 bne              x10, x0, -24        x10:00000073
13743977ns          234707 1c0089e2 02500793 addi             x15, x0, 37         x15=00000025
13743997ns          234708 1c0089e6 04f50863 beq              x10, x15, 80        x10:00000073 x15:00000025
13744017ns          234709 1c0089ea 01a005b3 add              x11, x0, x26        x11=00000002 x26:00000002
13744037ns          234710 1c0089ec 000b00e7 jalr             x1, x22, 0           x1=1c0089ee x22:1c0088f8
13744077ns          234712 1c0088f8 000026b7 lui              x13, 0x2000         x13=00002000
13744097ns          234713 1c0088fa f14027f3 csrrs            x15, x0, 0xf14      x15=00000000
13744117ns          234714 1c0088fe f8068693 addi             x13, x13, -128      x13=00001f80 x13:00002000
13744137ns          234715 1c008902 00379713 slli             x14, x15, 0x3       x14=00000000 x15:00000000
13744156ns          234716 1c008906 00279793 slli             x15, x15, 0x2       x15=00000000 x15:00000000
13744176ns          234717 1c008908 00d7f7b3 and              x15, x15, x13       x15=00000000 x15:00000000 x13:00001f80
13744196ns          234718 1c00890a ee873733 p.bclr           x14, x14, 23, 8     x14=00000000 x14:00000000
13744216ns          234719 1c00890e 1a10f6b7 lui              x13, 0x1a10f000     x13=1a10f000
13744236ns          234720 1c008912 0ff57513 andi             x10, x10, 255       x10=00000073 x10:00000073
13744256ns          234721 1c008916 00d70733 add              x14, x14, x13       x14=1a10f000 x14:00000000 x13:1a10f000
13744276ns          234722 1c008918 00a7e723 p.sw             x10, x0(x15)        x10:00000073 x15:00000000  PA:1a10f000
13744614ns          234739 1c00891c 00000513 addi             x10, x0, 0          x10=00000000
13744634ns          234740 1c00891e 00008067 jalr             x0, x1, 0            x1:1c0089ee
13744694ns          234743 1c0089ee 31f52563 p.beqimm         x10, 778            x10:00000000
13744713ns          234744 1c0089f2 001d8d93 addi             x27, x27, 1         x27=00000006 x27:00000005
13744733ns          234745 1c0089f4 00044503 lbu              x10, 0(x8)          x10=00000073  x8:1c0000a6  PA:1c0000a6
13745032ns          234760 1c0089f8 00140413 addi             x8, x8, 1            x8=1c0000a7  x8:1c0000a6
13745052ns          234761 1c0089fa fe0514e3 bne              x10, x0, -24        x10:00000073
13745131ns          234765 1c0089e2 02500793 addi             x15, x0, 37         x15=00000025
13745151ns          234766 1c0089e6 04f50863 beq              x10, x15, 80        x10:00000073 x15:00000025
13745171ns          234767 1c0089ea 01a005b3 add              x11, x0, x26        x11=00000002 x26:00000002
13745191ns          234768 1c0089ec 000b00e7 jalr             x1, x22, 0           x1=1c0089ee x22:1c0088f8
13745231ns          234770 1c0088f8 000026b7 lui              x13, 0x2000         x13=00002000
13745250ns          234771 1c0088fa f14027f3 csrrs            x15, x0, 0xf14      x15=00000000
13745270ns          234772 1c0088fe f8068693 addi             x13, x13, -128      x13=00001f80 x13:00002000
13745290ns          234773 1c008902 00379713 slli             x14, x15, 0x3       x14=00000000 x15:00000000
13745310ns          234774 1c008906 00279793 slli             x15, x15, 0x2       x15=00000000 x15:00000000
13745330ns          234775 1c008908 00d7f7b3 and              x15, x15, x13       x15=00000000 x15:00000000 x13:00001f80
13745350ns          234776 1c00890a ee873733 p.bclr           x14, x14, 23, 8     x14=00000000 x14:00000000
13745370ns          234777 1c00890e 1a10f6b7 lui              x13, 0x1a10f000     x13=1a10f000
13745390ns          234778 1c008912 0ff57513 andi             x10, x10, 255       x10=00000073 x10:00000073
13745410ns          234779 1c008916 00d70733 add              x14, x14, x13       x14=1a10f000 x14:00000000 x13:1a10f000
13745430ns          234780 1c008918 00a7e723 p.sw             x10, x0(x15)        x10:00000073 x15:00000000  PA:1a10f000
13745748ns          234796 1c00891c 00000513 addi             x10, x0, 0          x10=00000000
13745768ns          234797 1c00891e 00008067 jalr             x0, x1, 0            x1:1c0089ee
13745827ns          234800 1c0089ee 31f52563 p.beqimm         x10, 778            x10:00000000
13745847ns          234801 1c0089f2 001d8d93 addi             x27, x27, 1         x27=00000007 x27:00000006
13745867ns          234802 1c0089f4 00044503 lbu              x10, 0(x8)          x10=0000002c  x8:1c0000a7  PA:1c0000a7
13746165ns          234817 1c0089f8 00140413 addi             x8, x8, 1            x8=1c0000a8  x8:1c0000a7
13746185ns          234818 1c0089fa fe0514e3 bne              x10, x0, -24        x10:0000002c
13746265ns          234822 1c0089e2 02500793 addi             x15, x0, 37         x15=00000025
13746285ns          234823 1c0089e6 04f50863 beq              x10, x15, 80        x10:0000002c x15:00000025
13746305ns          234824 1c0089ea 01a005b3 add              x11, x0, x26        x11=00000002 x26:00000002
13746325ns          234825 1c0089ec 000b00e7 jalr             x1, x22, 0           x1=1c0089ee x22:1c0088f8
13746364ns          234827 1c0088f8 000026b7 lui              x13, 0x2000         x13=00002000
13746384ns          234828 1c0088fa f14027f3 csrrs            x15, x0, 0xf14      x15=00000000
13746404ns          234829 1c0088fe f8068693 addi             x13, x13, -128      x13=00001f80 x13:00002000
13746424ns          234830 1c008902 00379713 slli             x14, x15, 0x3       x14=00000000 x15:00000000
13746444ns          234831 1c008906 00279793 slli             x15, x15, 0x2       x15=00000000 x15:00000000
13746464ns          234832 1c008908 00d7f7b3 and              x15, x15, x13       x15=00000000 x15:00000000 x13:00001f80
13746484ns          234833 1c00890a ee873733 p.bclr           x14, x14, 23, 8     x14=00000000 x14:00000000
13746504ns          234834 1c00890e 1a10f6b7 lui              x13, 0x1a10f000     x13=1a10f000
13746523ns          234835 1c008912 0ff57513 andi             x10, x10, 255       x10=0000002c x10:0000002c
13746543ns          234836 1c008916 00d70733 add              x14, x14, x13       x14=1a10f000 x14:00000000 x13:1a10f000
13746563ns          234837 1c008918 00a7e723 p.sw             x10, x0(x15)        x10:0000002c x15:00000000  PA:1a10f000
13746882ns          234853 1c00891c 00000513 addi             x10, x0, 0          x10=00000000
13746901ns          234854 1c00891e 00008067 jalr             x0, x1, 0            x1:1c0089ee
13746961ns          234857 1c0089ee 31f52563 p.beqimm         x10, 778            x10:00000000
13746981ns          234858 1c0089f2 001d8d93 addi             x27, x27, 1         x27=00000008 x27:00000007
13747001ns          234859 1c0089f4 00044503 lbu              x10, 0(x8)          x10=00000020  x8:1c0000a8  PA:1c0000a8
13747299ns          234874 1c0089f8 00140413 addi             x8, x8, 1            x8=1c0000a9  x8:1c0000a8
13747319ns          234875 1c0089fa fe0514e3 bne              x10, x0, -24        x10:00000020
13747399ns          234879 1c0089e2 02500793 addi             x15, x0, 37         x15=00000025
13747419ns          234880 1c0089e6 04f50863 beq              x10, x15, 80        x10:00000020 x15:00000025
13747438ns          234881 1c0089ea 01a005b3 add              x11, x0, x26        x11=00000002 x26:00000002
13747458ns          234882 1c0089ec 000b00e7 jalr             x1, x22, 0           x1=1c0089ee x22:1c0088f8
13747498ns          234884 1c0088f8 000026b7 lui              x13, 0x2000         x13=00002000
13747518ns          234885 1c0088fa f14027f3 csrrs            x15, x0, 0xf14      x15=00000000
13747538ns          234886 1c0088fe f8068693 addi             x13, x13, -128      x13=00001f80 x13:00002000
13747558ns          234887 1c008902 00379713 slli             x14, x15, 0x3       x14=00000000 x15:00000000
13747578ns          234888 1c008906 00279793 slli             x15, x15, 0x2       x15=00000000 x15:00000000
13747598ns          234889 1c008908 00d7f7b3 and              x15, x15, x13       x15=00000000 x15:00000000 x13:00001f80
13747617ns          234890 1c00890a ee873733 p.bclr           x14, x14, 23, 8     x14=00000000 x14:00000000
13747637ns          234891 1c00890e 1a10f6b7 lui              x13, 0x1a10f000     x13=1a10f000
13747657ns          234892 1c008912 0ff57513 andi             x10, x10, 255       x10=00000020 x10:00000020
13747677ns          234893 1c008916 00d70733 add              x14, x14, x13       x14=1a10f000 x14:00000000 x13:1a10f000
13747697ns          234894 1c008918 00a7e723 p.sw             x10, x0(x15)        x10:00000020 x15:00000000  PA:1a10f000
13748015ns          234910 1c00891c 00000513 addi             x10, x0, 0          x10=00000000
13748035ns          234911 1c00891e 00008067 jalr             x0, x1, 0            x1:1c0089ee
13748095ns          234914 1c0089ee 31f52563 p.beqimm         x10, 778            x10:00000000
13748115ns          234915 1c0089f2 001d8d93 addi             x27, x27, 1         x27=00000009 x27:00000008
13748135ns          234916 1c0089f4 00044503 lbu              x10, 0(x8)          x10=00000000  x8:1c0000a9  PA:1c0000a9
13748453ns          234932 1c0089f8 00140413 addi             x8, x8, 1            x8=1c0000aa  x8:1c0000a9
13748473ns          234933 1c0089fa fe0514e3 bne              x10, x0, -24        x10:00000000
13748493ns          234934 1c0089fc 01b00433 add              x8, x0, x27          x8=00000009 x27:00000009
13748513ns          234935 1c0089fe 00800533 add              x10, x0, x8         x10=00000009  x8:00000009
13748532ns          234936 1c008a00 12c12083 lw               x1, 300(x2)          x1=1c00898c  x2:10000638  PA:10000764
13748552ns          234937 1c008a04 12812403 lw               x8, 296(x2)          x8=1c000e80  x2:10000638  PA:10000760
13748572ns          234938 1c008a08 12412483 lw               x9, 292(x2)          x9=00000000  x2:10000638  PA:1000075c
13748592ns          234939 1c008a0c 12012903 lw               x18, 288(x2)        x18=1a10b004  x2:10000638  PA:10000758
13748612ns          234940 1c008a10 11c12983 lw               x19, 284(x2)        x19=00000000  x2:10000638  PA:10000754
13748632ns          234941 1c008a14 11812a03 lw               x20, 280(x2)        x20=1c000e84  x2:10000638  PA:10000750
13748652ns          234942 1c008a18 11412a83 lw               x21, 276(x2)        x21=1c00a000  x2:10000638  PA:1000074c
13748672ns          234943 1c008a1c 11012b03 lw               x22, 272(x2)        x22=1c00a000  x2:10000638  PA:10000748
13748711ns          234945 1c008a20 10c12b83 lw               x23, 268(x2)        x23=1c000000  x2:10000638  PA:10000744
13748751ns          234947 1c008a24 10812c03 lw               x24, 264(x2)        x24=1c000000  x2:10000638  PA:10000740
13748771ns          234948 1c008a28 10412c83 lw               x25, 260(x2)        x25=1c000000  x2:10000638  PA:1000073c
13748791ns          234949 1c008a2c 10012d03 lw               x26, 256(x2)        x26=1c000000  x2:10000638  PA:10000738
13748811ns          234950 1c008a30 0fc12d83 lw               x27, 252(x2)        x27=1c000e78  x2:10000638  PA:10000734
13748831ns          234951 1c008a32 13010113 addi             x2, x2, 304          x2=10000768  x2:10000638
13748851ns          234952 1c008a34 00008067 jalr             x0, x1, 0            x1:1c00898c
13748890ns          234954 1c00898c 01c12083 lw               x1, 28(x2)           x1=1c009bae  x2:10000768  PA:10000784
13748910ns          234955 1c00898e 04010113 addi             x2, x2, 64           x2=100007a8  x2:10000768
13748950ns          234957 1c008990 00008067 jalr             x0, x1, 0            x1:1c009bae
13748990ns          234959 1c009bae 00c12583 lw               x11, 12(x2)         x11=00000000  x2:100007a8  PA:100007b4
13749010ns          234960 1c009bb0 0b4c8513 addi             x10, x25, 180       x10=1c0000b4 x25:1c000000
13749030ns          234961 1c009bb4 db1fe0ef jal              x1, -4688            x1=1c009bb8
13749070ns          234963 1c008964 fc010113 addi             x2, x2, -64          x2=10000768  x2:100007a8
13749089ns          234964 1c008966 02410313 addi             x6, x2, 36           x6=1000078c  x2:10000768
13749109ns          234965 1c00896a 02c12423 sw               x12, 40(x2)         x12:1c0000a0  x2:10000768  PA:10000790
13749129ns          234966 1c00896c 00a00633 add              x12, x0, x10        x12=1c0000b4 x10:1c0000b4
13749149ns          234967 1c00896e 1c009537 lui              x10, 0x1c009000     x10=1c009000
13749169ns          234968 1c008972 02b12223 sw               x11, 36(x2)         x11:00000000  x2:10000768  PA:1000078c
13749189ns          234969 1c008974 02d12623 sw               x13, 44(x2)         x13:1a10f000  x2:10000768  PA:10000794
13749209ns          234970 1c008976 00200593 addi             x11, x0, 2          x11=00000002
13749229ns          234971 1c008978 006006b3 add              x13, x0, x6         x13=1000078c  x6:1000078c
13749249ns          234972 1c00897a 8f850513 addi             x10, x10, -1800     x10=1c0088f8 x10:1c009000
13749268ns          234973 1c00897e 00112e23 sw               x1, 28(x2)           x1:1c009bb8  x2:10000768  PA:10000784
13749288ns          234974 1c008980 02e12823 sw               x14, 48(x2)         x14:1a10f000  x2:10000768  PA:10000798
13749308ns          234975 1c008982 02f12a23 sw               x15, 52(x2)         x15:00000000  x2:10000768  PA:1000079c
13749328ns          234976 1c008984 03012c23 sw               x16, 56(x2)         x16:1000065f  x2:10000768  PA:100007a0
13749348ns          234977 1c008986 03112e23 sw               x17, 60(x2)         x17:1c000054  x2:10000768  PA:100007a4
13749368ns          234978 1c008988 00612623 sw               x6, 12(x2)           x6:1000078c  x2:10000768  PA:10000774
13749388ns          234979 1c00898a fbfff0ef jal              x1, -66              x1=1c00898c
13749428ns          234981 1c008948 04a0006f jal              x0, 74             
13749467ns          234983 1c008992 ed010113 addi             x2, x2, -304         x2=10000638  x2:10000768
13749487ns          234984 1c008994 12812423 sw               x8, 296(x2)          x8:1c000e80  x2:10000638  PA:10000760
13749507ns          234985 1c008998 00000413 addi             x8, x0, 0            x8=00000000
13749527ns          234986 1c00899a 11612823 sw               x22, 272(x2)        x22:1c00a000  x2:10000638  PA:10000748
13749587ns          234989 1c00899e 11712623 sw               x23, 268(x2)        x23:1c000000  x2:10000638  PA:10000744
13749626ns          234991 1c0089a2 11812423 sw               x24, 264(x2)        x24:1c000000  x2:10000638  PA:10000740
13749646ns          234992 1c0089a6 11912223 sw               x25, 260(x2)        x25:1c000000  x2:10000638  PA:1000073c
13749666ns          234993 1c0089aa 11a12023 sw               x26, 256(x2)        x26:1c000000  x2:10000638  PA:10000738
13749686ns          234994 1c0089ae 0fb12e23 sw               x27, 252(x2)        x27:1c000e78  x2:10000638  PA:10000734
13749706ns          234995 1c0089b0 12112623 sw               x1, 300(x2)          x1:1c00898c  x2:10000638  PA:10000764
13749726ns          234996 1c0089b4 00800db3 add              x27, x0, x8         x27=00000000  x8:00000000
13749746ns          234997 1c0089b6 12912223 sw               x9, 292(x2)          x9:00000000  x2:10000638  PA:1000075c
13749766ns          234998 1c0089ba 13212023 sw               x18, 288(x2)        x18:1a10b004  x2:10000638  PA:10000758
13749786ns          234999 1c0089be 11312e23 sw               x19, 284(x2)        x19:00000000  x2:10000638  PA:10000754
13749805ns          235000 1c0089c2 11412c23 sw               x20, 280(x2)        x20:1c000e84  x2:10000638  PA:10000750
13749825ns          235001 1c0089c6 11512a23 sw               x21, 276(x2)        x21:1c00a000  x2:10000638  PA:1000074c
13749845ns          235002 1c0089ca 00a00b33 add              x22, x0, x10        x22=1c0088f8 x10:1c0088f8
13749865ns          235003 1c0089cc 00b00d33 add              x26, x0, x11        x26=00000002 x11:00000002
13749885ns          235004 1c0089ce 00d00c33 add              x24, x0, x13        x24=1000078c x13:1000078c
13749905ns          235005 1c0089d0 1c000bb7 lui              x23, 0x1c000000     x23=1c000000
13749925ns          235006 1c0089d4 02410c93 addi             x25, x2, 36         x25=1000065c  x2:10000638
13749945ns          235007 1c0089d8 00c00433 add              x8, x0, x12          x8=1c0000b4 x12:1c0000b4
13749965ns          235008 1c0089da 00044503 lbu              x10, 0(x8)          x10=0000006e  x8:1c0000b4  PA:1c0000b4
13750283ns          235024 1c0089de 00140413 addi             x8, x8, 1            x8=1c0000b5  x8:1c0000b4
13750303ns          235025 1c0089e0 00050e63 beq              x10, x0, 28         x10:0000006e
13750323ns          235026 1c0089e2 02500793 addi             x15, x0, 37         x15=00000025
13750343ns          235027 1c0089e6 04f50863 beq              x10, x15, 80        x10:0000006e x15:00000025
13750362ns          235028 1c0089ea 01a005b3 add              x11, x0, x26        x11=00000002 x26:00000002
13750382ns          235029 1c0089ec 000b00e7 jalr             x1, x22, 0           x1=1c0089ee x22:1c0088f8
13750422ns          235031 1c0088f8 000026b7 lui              x13, 0x2000         x13=00002000
13750442ns          235032 1c0088fa f14027f3 csrrs            x15, x0, 0xf14      x15=00000000
13750462ns          235033 1c0088fe f8068693 addi             x13, x13, -128      x13=00001f80 x13:00002000
13750482ns          235034 1c008902 00379713 slli             x14, x15, 0x3       x14=00000000 x15:00000000
13750502ns          235035 1c008906 00279793 slli             x15, x15, 0x2       x15=00000000 x15:00000000
13750522ns          235036 1c008908 00d7f7b3 and              x15, x15, x13       x15=00000000 x15:00000000 x13:00001f80
13750541ns          235037 1c00890a ee873733 p.bclr           x14, x14, 23, 8     x14=00000000 x14:00000000
13750561ns          235038 1c00890e 1a10f6b7 lui              x13, 0x1a10f000     x13=1a10f000
13750581ns          235039 1c008912 0ff57513 andi             x10, x10, 255       x10=0000006e x10:0000006e
13750601ns          235040 1c008916 00d70733 add              x14, x14, x13       x14=1a10f000 x14:00000000 x13:1a10f000
13750621ns          235041 1c008918 00a7e723 p.sw             x10, x0(x15)        x10:0000006e x15:00000000  PA:1a10f000
13750939ns          235057 1c00891c 00000513 addi             x10, x0, 0          x10=00000000
13750959ns          235058 1c00891e 00008067 jalr             x0, x1, 0            x1:1c0089ee
13751019ns          235061 1c0089ee 31f52563 p.beqimm         x10, 778            x10:00000000
13751039ns          235062 1c0089f2 001d8d93 addi             x27, x27, 1         x27=00000001 x27:00000000
13751059ns          235063 1c0089f4 00044503 lbu              x10, 0(x8)          x10=00000072  x8:1c0000b5  PA:1c0000b5
13751357ns          235078 1c0089f8 00140413 addi             x8, x8, 1            x8=1c0000b6  x8:1c0000b5
13751377ns          235079 1c0089fa fe0514e3 bne              x10, x0, -24        x10:00000072
13751456ns          235083 1c0089e2 02500793 addi             x15, x0, 37         x15=00000025
13751476ns          235084 1c0089e6 04f50863 beq              x10, x15, 80        x10:00000072 x15:00000025
13751496ns          235085 1c0089ea 01a005b3 add              x11, x0, x26        x11=00000002 x26:00000002
13751516ns          235086 1c0089ec 000b00e7 jalr             x1, x22, 0           x1=1c0089ee x22:1c0088f8
13751556ns          235088 1c0088f8 000026b7 lui              x13, 0x2000         x13=00002000
13751576ns          235089 1c0088fa f14027f3 csrrs            x15, x0, 0xf14      x15=00000000
13751596ns          235090 1c0088fe f8068693 addi             x13, x13, -128      x13=00001f80 x13:00002000
13751616ns          235091 1c008902 00379713 slli             x14, x15, 0x3       x14=00000000 x15:00000000
13751635ns          235092 1c008906 00279793 slli             x15, x15, 0x2       x15=00000000 x15:00000000
13751655ns          235093 1c008908 00d7f7b3 and              x15, x15, x13       x15=00000000 x15:00000000 x13:00001f80
13751675ns          235094 1c00890a ee873733 p.bclr           x14, x14, 23, 8     x14=00000000 x14:00000000
13751695ns          235095 1c00890e 1a10f6b7 lui              x13, 0x1a10f000     x13=1a10f000
13751715ns          235096 1c008912 0ff57513 andi             x10, x10, 255       x10=00000072 x10:00000072
13751735ns          235097 1c008916 00d70733 add              x14, x14, x13       x14=1a10f000 x14:00000000 x13:1a10f000
13751755ns          235098 1c008918 00a7e723 p.sw             x10, x0(x15)        x10:00000072 x15:00000000  PA:1a10f000
13752073ns          235114 1c00891c 00000513 addi             x10, x0, 0          x10=00000000
13752093ns          235115 1c00891e 00008067 jalr             x0, x1, 0            x1:1c0089ee
13752153ns          235118 1c0089ee 31f52563 p.beqimm         x10, 778            x10:00000000
13752172ns          235119 1c0089f2 001d8d93 addi             x27, x27, 1         x27=00000002 x27:00000001
13752192ns          235120 1c0089f4 00044503 lbu              x10, 0(x8)          x10=0000002e  x8:1c0000b6  PA:1c0000b6
13752511ns          235136 1c0089f8 00140413 addi             x8, x8, 1            x8=1c0000b7  x8:1c0000b6
13752531ns          235137 1c0089fa fe0514e3 bne              x10, x0, -24        x10:0000002e
13752610ns          235141 1c0089e2 02500793 addi             x15, x0, 37         x15=00000025
13752630ns          235142 1c0089e6 04f50863 beq              x10, x15, 80        x10:0000002e x15:00000025
13752650ns          235143 1c0089ea 01a005b3 add              x11, x0, x26        x11=00000002 x26:00000002
13752670ns          235144 1c0089ec 000b00e7 jalr             x1, x22, 0           x1=1c0089ee x22:1c0088f8
13752710ns          235146 1c0088f8 000026b7 lui              x13, 0x2000         x13=00002000
13752729ns          235147 1c0088fa f14027f3 csrrs            x15, x0, 0xf14      x15=00000000
13752749ns          235148 1c0088fe f8068693 addi             x13, x13, -128      x13=00001f80 x13:00002000
13752769ns          235149 1c008902 00379713 slli             x14, x15, 0x3       x14=00000000 x15:00000000
13752789ns          235150 1c008906 00279793 slli             x15, x15, 0x2       x15=00000000 x15:00000000
13752809ns          235151 1c008908 00d7f7b3 and              x15, x15, x13       x15=00000000 x15:00000000 x13:00001f80
13752829ns          235152 1c00890a ee873733 p.bclr           x14, x14, 23, 8     x14=00000000 x14:00000000
13752849ns          235153 1c00890e 1a10f6b7 lui              x13, 0x1a10f000     x13=1a10f000
13752869ns          235154 1c008912 0ff57513 andi             x10, x10, 255       x10=0000002e x10:0000002e
13752889ns          235155 1c008916 00d70733 add              x14, x14, x13       x14=1a10f000 x14:00000000 x13:1a10f000
13752908ns          235156 1c008918 00a7e723 p.sw             x10, x0(x15)        x10:0000002e x15:00000000  PA:1a10f000
13753227ns          235172 1c00891c 00000513 addi             x10, x0, 0          x10=00000000
13753247ns          235173 1c00891e 00008067 jalr             x0, x1, 0            x1:1c0089ee
13753306ns          235176 1c0089ee 31f52563 p.beqimm         x10, 778            x10:00000000
13753326ns          235177 1c0089f2 001d8d93 addi             x27, x27, 1         x27=00000003 x27:00000002
13753346ns          235178 1c0089f4 00044503 lbu              x10, 0(x8)          x10=00000020  x8:1c0000b7  PA:1c0000b7
13753644ns          235193 1c0089f8 00140413 addi             x8, x8, 1            x8=1c0000b8  x8:1c0000b7
13753664ns          235194 1c0089fa fe0514e3 bne              x10, x0, -24        x10:00000020
13753744ns          235198 1c0089e2 02500793 addi             x15, x0, 37         x15=00000025
13753764ns          235199 1c0089e6 04f50863 beq              x10, x15, 80        x10:00000020 x15:00000025
13753784ns          235200 1c0089ea 01a005b3 add              x11, x0, x26        x11=00000002 x26:00000002
13753804ns          235201 1c0089ec 000b00e7 jalr             x1, x22, 0           x1=1c0089ee x22:1c0088f8
13753843ns          235203 1c0088f8 000026b7 lui              x13, 0x2000         x13=00002000
13753863ns          235204 1c0088fa f14027f3 csrrs            x15, x0, 0xf14      x15=00000000
13753883ns          235205 1c0088fe f8068693 addi             x13, x13, -128      x13=00001f80 x13:00002000
13753903ns          235206 1c008902 00379713 slli             x14, x15, 0x3       x14=00000000 x15:00000000
13753923ns          235207 1c008906 00279793 slli             x15, x15, 0x2       x15=00000000 x15:00000000
13753943ns          235208 1c008908 00d7f7b3 and              x15, x15, x13       x15=00000000 x15:00000000 x13:00001f80
13753963ns          235209 1c00890a ee873733 p.bclr           x14, x14, 23, 8     x14=00000000 x14:00000000
13753983ns          235210 1c00890e 1a10f6b7 lui              x13, 0x1a10f000     x13=1a10f000
13754002ns          235211 1c008912 0ff57513 andi             x10, x10, 255       x10=00000020 x10:00000020
13754022ns          235212 1c008916 00d70733 add              x14, x14, x13       x14=1a10f000 x14:00000000 x13:1a10f000
13754042ns          235213 1c008918 00a7e723 p.sw             x10, x0(x15)        x10:00000020 x15:00000000  PA:1a10f000
13754360ns          235229 1c00891c 00000513 addi             x10, x0, 0          x10=00000000
13754380ns          235230 1c00891e 00008067 jalr             x0, x1, 0            x1:1c0089ee
13754440ns          235233 1c0089ee 31f52563 p.beqimm         x10, 778            x10:00000000
13754460ns          235234 1c0089f2 001d8d93 addi             x27, x27, 1         x27=00000004 x27:00000003
13754480ns          235235 1c0089f4 00044503 lbu              x10, 0(x8)          x10=0000006f  x8:1c0000b8  PA:1c0000b8
13754778ns          235250 1c0089f8 00140413 addi             x8, x8, 1            x8=1c0000b9  x8:1c0000b8
13754798ns          235251 1c0089fa fe0514e3 bne              x10, x0, -24        x10:0000006f
13754878ns          235255 1c0089e2 02500793 addi             x15, x0, 37         x15=00000025
13754898ns          235256 1c0089e6 04f50863 beq              x10, x15, 80        x10:0000006f x15:00000025
13754917ns          235257 1c0089ea 01a005b3 add              x11, x0, x26        x11=00000002 x26:00000002
13754937ns          235258 1c0089ec 000b00e7 jalr             x1, x22, 0           x1=1c0089ee x22:1c0088f8
13754977ns          235260 1c0088f8 000026b7 lui              x13, 0x2000         x13=00002000
13754997ns          235261 1c0088fa f14027f3 csrrs            x15, x0, 0xf14      x15=00000000
13755017ns          235262 1c0088fe f8068693 addi             x13, x13, -128      x13=00001f80 x13:00002000
13755037ns          235263 1c008902 00379713 slli             x14, x15, 0x3       x14=00000000 x15:00000000
13755057ns          235264 1c008906 00279793 slli             x15, x15, 0x2       x15=00000000 x15:00000000
13755077ns          235265 1c008908 00d7f7b3 and              x15, x15, x13       x15=00000000 x15:00000000 x13:00001f80
13755096ns          235266 1c00890a ee873733 p.bclr           x14, x14, 23, 8     x14=00000000 x14:00000000
13755116ns          235267 1c00890e 1a10f6b7 lui              x13, 0x1a10f000     x13=1a10f000
13755136ns          235268 1c008912 0ff57513 andi             x10, x10, 255       x10=0000006f x10:0000006f
13755156ns          235269 1c008916 00d70733 add              x14, x14, x13       x14=1a10f000 x14:00000000 x13:1a10f000
13755176ns          235270 1c008918 00a7e723 p.sw             x10, x0(x15)        x10:0000006f x15:00000000  PA:1a10f000
13755494ns          235286 1c00891c 00000513 addi             x10, x0, 0          x10=00000000
13755514ns          235287 1c00891e 00008067 jalr             x0, x1, 0            x1:1c0089ee
13755574ns          235290 1c0089ee 31f52563 p.beqimm         x10, 778            x10:00000000
13755594ns          235291 1c0089f2 001d8d93 addi             x27, x27, 1         x27=00000005 x27:00000004
13755614ns          235292 1c0089f4 00044503 lbu              x10, 0(x8)          x10=00000066  x8:1c0000b9  PA:1c0000b9
13755932ns          235308 1c0089f8 00140413 addi             x8, x8, 1            x8=1c0000ba  x8:1c0000b9
13755952ns          235309 1c0089fa fe0514e3 bne              x10, x0, -24        x10:00000066
13756031ns          235313 1c0089e2 02500793 addi             x15, x0, 37         x15=00000025
13756051ns          235314 1c0089e6 04f50863 beq              x10, x15, 80        x10:00000066 x15:00000025
13756071ns          235315 1c0089ea 01a005b3 add              x11, x0, x26        x11=00000002 x26:00000002
13756091ns          235316 1c0089ec 000b00e7 jalr             x1, x22, 0           x1=1c0089ee x22:1c0088f8
13756131ns          235318 1c0088f8 000026b7 lui              x13, 0x2000         x13=00002000
13756151ns          235319 1c0088fa f14027f3 csrrs            x15, x0, 0xf14      x15=00000000
13756171ns          235320 1c0088fe f8068693 addi             x13, x13, -128      x13=00001f80 x13:00002000
13756190ns          235321 1c008902 00379713 slli             x14, x15, 0x3       x14=00000000 x15:00000000
13756210ns          235322 1c008906 00279793 slli             x15, x15, 0x2       x15=00000000 x15:00000000
13756230ns          235323 1c008908 00d7f7b3 and              x15, x15, x13       x15=00000000 x15:00000000 x13:00001f80
13756250ns          235324 1c00890a ee873733 p.bclr           x14, x14, 23, 8     x14=00000000 x14:00000000
13756270ns          235325 1c00890e 1a10f6b7 lui              x13, 0x1a10f000     x13=1a10f000
13756290ns          235326 1c008912 0ff57513 andi             x10, x10, 255       x10=00000066 x10:00000066
13756310ns          235327 1c008916 00d70733 add              x14, x14, x13       x14=1a10f000 x14:00000000 x13:1a10f000
13756330ns          235328 1c008918 00a7e723 p.sw             x10, x0(x15)        x10:00000066 x15:00000000  PA:1a10f000
13756648ns          235344 1c00891c 00000513 addi             x10, x0, 0          x10=00000000
13756668ns          235345 1c00891e 00008067 jalr             x0, x1, 0            x1:1c0089ee
13756727ns          235348 1c0089ee 31f52563 p.beqimm         x10, 778            x10:00000000
13756747ns          235349 1c0089f2 001d8d93 addi             x27, x27, 1         x27=00000006 x27:00000005
13756767ns          235350 1c0089f4 00044503 lbu              x10, 0(x8)          x10=00000020  x8:1c0000ba  PA:1c0000ba
13757066ns          235365 1c0089f8 00140413 addi             x8, x8, 1            x8=1c0000bb  x8:1c0000ba
13757085ns          235366 1c0089fa fe0514e3 bne              x10, x0, -24        x10:00000020
13757165ns          235370 1c0089e2 02500793 addi             x15, x0, 37         x15=00000025
13757185ns          235371 1c0089e6 04f50863 beq              x10, x15, 80        x10:00000020 x15:00000025
13757205ns          235372 1c0089ea 01a005b3 add              x11, x0, x26        x11=00000002 x26:00000002
13757225ns          235373 1c0089ec 000b00e7 jalr             x1, x22, 0           x1=1c0089ee x22:1c0088f8
13757265ns          235375 1c0088f8 000026b7 lui              x13, 0x2000         x13=00002000
13757284ns          235376 1c0088fa f14027f3 csrrs            x15, x0, 0xf14      x15=00000000
13757304ns          235377 1c0088fe f8068693 addi             x13, x13, -128      x13=00001f80 x13:00002000
13757324ns          235378 1c008902 00379713 slli             x14, x15, 0x3       x14=00000000 x15:00000000
13757344ns          235379 1c008906 00279793 slli             x15, x15, 0x2       x15=00000000 x15:00000000
13757364ns          235380 1c008908 00d7f7b3 and              x15, x15, x13       x15=00000000 x15:00000000 x13:00001f80
13757384ns          235381 1c00890a ee873733 p.bclr           x14, x14, 23, 8     x14=00000000 x14:00000000
13757404ns          235382 1c00890e 1a10f6b7 lui              x13, 0x1a10f000     x13=1a10f000
13757424ns          235383 1c008912 0ff57513 andi             x10, x10, 255       x10=00000020 x10:00000020
13757444ns          235384 1c008916 00d70733 add              x14, x14, x13       x14=1a10f000 x14:00000000 x13:1a10f000
13757463ns          235385 1c008918 00a7e723 p.sw             x10, x0(x15)        x10:00000020 x15:00000000  PA:1a10f000
13757782ns          235401 1c00891c 00000513 addi             x10, x0, 0          x10=00000000
13757802ns          235402 1c00891e 00008067 jalr             x0, x1, 0            x1:1c0089ee
13757861ns          235405 1c0089ee 31f52563 p.beqimm         x10, 778            x10:00000000
13757881ns          235406 1c0089f2 001d8d93 addi             x27, x27, 1         x27=00000007 x27:00000006
13757901ns          235407 1c0089f4 00044503 lbu              x10, 0(x8)          x10=00000065  x8:1c0000bb  PA:1c0000bb
13758199ns          235422 1c0089f8 00140413 addi             x8, x8, 1            x8=1c0000bc  x8:1c0000bb
13758219ns          235423 1c0089fa fe0514e3 bne              x10, x0, -24        x10:00000065
13758299ns          235427 1c0089e2 02500793 addi             x15, x0, 37         x15=00000025
13758319ns          235428 1c0089e6 04f50863 beq              x10, x15, 80        x10:00000065 x15:00000025
13758339ns          235429 1c0089ea 01a005b3 add              x11, x0, x26        x11=00000002 x26:00000002
13758358ns          235430 1c0089ec 000b00e7 jalr             x1, x22, 0           x1=1c0089ee x22:1c0088f8
13758398ns          235432 1c0088f8 000026b7 lui              x13, 0x2000         x13=00002000
13758418ns          235433 1c0088fa f14027f3 csrrs            x15, x0, 0xf14      x15=00000000
13758438ns          235434 1c0088fe f8068693 addi             x13, x13, -128      x13=00001f80 x13:00002000
13758458ns          235435 1c008902 00379713 slli             x14, x15, 0x3       x14=00000000 x15:00000000
13758478ns          235436 1c008906 00279793 slli             x15, x15, 0x2       x15=00000000 x15:00000000
13758498ns          235437 1c008908 00d7f7b3 and              x15, x15, x13       x15=00000000 x15:00000000 x13:00001f80
13758518ns          235438 1c00890a ee873733 p.bclr           x14, x14, 23, 8     x14=00000000 x14:00000000
13758538ns          235439 1c00890e 1a10f6b7 lui              x13, 0x1a10f000     x13=1a10f000
13758557ns          235440 1c008912 0ff57513 andi             x10, x10, 255       x10=00000065 x10:00000065
13758577ns          235441 1c008916 00d70733 add              x14, x14, x13       x14=1a10f000 x14:00000000 x13:1a10f000
13758597ns          235442 1c008918 00a7e723 p.sw             x10, x0(x15)        x10:00000065 x15:00000000  PA:1a10f000
13758915ns          235458 1c00891c 00000513 addi             x10, x0, 0          x10=00000000
13758935ns          235459 1c00891e 00008067 jalr             x0, x1, 0            x1:1c0089ee
13758995ns          235462 1c0089ee 31f52563 p.beqimm         x10, 778            x10:00000000
13759015ns          235463 1c0089f2 001d8d93 addi             x27, x27, 1         x27=00000008 x27:00000007
13759035ns          235464 1c0089f4 00044503 lbu              x10, 0(x8)          x10=00000072  x8:1c0000bc  PA:1c0000bc
13759333ns          235479 1c0089f8 00140413 addi             x8, x8, 1            x8=1c0000bd  x8:1c0000bc
13759353ns          235480 1c0089fa fe0514e3 bne              x10, x0, -24        x10:00000072
13759433ns          235484 1c0089e2 02500793 addi             x15, x0, 37         x15=00000025
13759452ns          235485 1c0089e6 04f50863 beq              x10, x15, 80        x10:00000072 x15:00000025
13759472ns          235486 1c0089ea 01a005b3 add              x11, x0, x26        x11=00000002 x26:00000002
13759492ns          235487 1c0089ec 000b00e7 jalr             x1, x22, 0           x1=1c0089ee x22:1c0088f8
13759532ns          235489 1c0088f8 000026b7 lui              x13, 0x2000         x13=00002000
13759552ns          235490 1c0088fa f14027f3 csrrs            x15, x0, 0xf14      x15=00000000
13759572ns          235491 1c0088fe f8068693 addi             x13, x13, -128      x13=00001f80 x13:00002000
13759592ns          235492 1c008902 00379713 slli             x14, x15, 0x3       x14=00000000 x15:00000000
13759612ns          235493 1c008906 00279793 slli             x15, x15, 0x2       x15=00000000 x15:00000000
13759632ns          235494 1c008908 00d7f7b3 and              x15, x15, x13       x15=00000000 x15:00000000 x13:00001f80
13759651ns          235495 1c00890a ee873733 p.bclr           x14, x14, 23, 8     x14=00000000 x14:00000000
13759671ns          235496 1c00890e 1a10f6b7 lui              x13, 0x1a10f000     x13=1a10f000
13759691ns          235497 1c008912 0ff57513 andi             x10, x10, 255       x10=00000072 x10:00000072
13759711ns          235498 1c008916 00d70733 add              x14, x14, x13       x14=1a10f000 x14:00000000 x13:1a10f000
13759731ns          235499 1c008918 00a7e723 p.sw             x10, x0(x15)        x10:00000072 x15:00000000  PA:1a10f000
13760049ns          235515 1c00891c 00000513 addi             x10, x0, 0          x10=00000000
13760069ns          235516 1c00891e 00008067 jalr             x0, x1, 0            x1:1c0089ee
13760129ns          235519 1c0089ee 31f52563 p.beqimm         x10, 778            x10:00000000
13760149ns          235520 1c0089f2 001d8d93 addi             x27, x27, 1         x27=00000009 x27:00000008
13760169ns          235521 1c0089f4 00044503 lbu              x10, 0(x8)          x10=00000072  x8:1c0000bd  PA:1c0000bd
13760487ns          235537 1c0089f8 00140413 addi             x8, x8, 1            x8=1c0000be  x8:1c0000bd
13760507ns          235538 1c0089fa fe0514e3 bne              x10, x0, -24        x10:00000072
13760586ns          235542 1c0089e2 02500793 addi             x15, x0, 37         x15=00000025
13760606ns          235543 1c0089e6 04f50863 beq              x10, x15, 80        x10:00000072 x15:00000025
13760626ns          235544 1c0089ea 01a005b3 add              x11, x0, x26        x11=00000002 x26:00000002
13760646ns          235545 1c0089ec 000b00e7 jalr             x1, x22, 0           x1=1c0089ee x22:1c0088f8
13760686ns          235547 1c0088f8 000026b7 lui              x13, 0x2000         x13=00002000
13760706ns          235548 1c0088fa f14027f3 csrrs            x15, x0, 0xf14      x15=00000000
13760725ns          235549 1c0088fe f8068693 addi             x13, x13, -128      x13=00001f80 x13:00002000
13760745ns          235550 1c008902 00379713 slli             x14, x15, 0x3       x14=00000000 x15:00000000
13760765ns          235551 1c008906 00279793 slli             x15, x15, 0x2       x15=00000000 x15:00000000
13760785ns          235552 1c008908 00d7f7b3 and              x15, x15, x13       x15=00000000 x15:00000000 x13:00001f80
13760805ns          235553 1c00890a ee873733 p.bclr           x14, x14, 23, 8     x14=00000000 x14:00000000
13760825ns          235554 1c00890e 1a10f6b7 lui              x13, 0x1a10f000     x13=1a10f000
13760845ns          235555 1c008912 0ff57513 andi             x10, x10, 255       x10=00000072 x10:00000072
13760865ns          235556 1c008916 00d70733 add              x14, x14, x13       x14=1a10f000 x14:00000000 x13:1a10f000
13760885ns          235557 1c008918 00a7e723 p.sw             x10, x0(x15)        x10:00000072 x15:00000000  PA:1a10f000
13761203ns          235573 1c00891c 00000513 addi             x10, x0, 0          x10=00000000
13761223ns          235574 1c00891e 00008067 jalr             x0, x1, 0            x1:1c0089ee
13761282ns          235577 1c0089ee 31f52563 p.beqimm         x10, 778            x10:00000000
13761302ns          235578 1c0089f2 001d8d93 addi             x27, x27, 1         x27=0000000a x27:00000009
13761322ns          235579 1c0089f4 00044503 lbu              x10, 0(x8)          x10=0000006f  x8:1c0000be  PA:1c0000be
13761621ns          235594 1c0089f8 00140413 addi             x8, x8, 1            x8=1c0000bf  x8:1c0000be
13761640ns          235595 1c0089fa fe0514e3 bne              x10, x0, -24        x10:0000006f
13761720ns          235599 1c0089e2 02500793 addi             x15, x0, 37         x15=00000025
13761740ns          235600 1c0089e6 04f50863 beq              x10, x15, 80        x10:0000006f x15:00000025
13761760ns          235601 1c0089ea 01a005b3 add              x11, x0, x26        x11=00000002 x26:00000002
13761780ns          235602 1c0089ec 000b00e7 jalr             x1, x22, 0           x1=1c0089ee x22:1c0088f8
13761819ns          235604 1c0088f8 000026b7 lui              x13, 0x2000         x13=00002000
13761839ns          235605 1c0088fa f14027f3 csrrs            x15, x0, 0xf14      x15=00000000
13761859ns          235606 1c0088fe f8068693 addi             x13, x13, -128      x13=00001f80 x13:00002000
13761879ns          235607 1c008902 00379713 slli             x14, x15, 0x3       x14=00000000 x15:00000000
13761899ns          235608 1c008906 00279793 slli             x15, x15, 0x2       x15=00000000 x15:00000000
13761919ns          235609 1c008908 00d7f7b3 and              x15, x15, x13       x15=00000000 x15:00000000 x13:00001f80
13761939ns          235610 1c00890a ee873733 p.bclr           x14, x14, 23, 8     x14=00000000 x14:00000000
13761959ns          235611 1c00890e 1a10f6b7 lui              x13, 0x1a10f000     x13=1a10f000
13761979ns          235612 1c008912 0ff57513 andi             x10, x10, 255       x10=0000006f x10:0000006f
13761999ns          235613 1c008916 00d70733 add              x14, x14, x13       x14=1a10f000 x14:00000000 x13:1a10f000
13762018ns          235614 1c008918 00a7e723 p.sw             x10, x0(x15)        x10:0000006f x15:00000000  PA:1a10f000
13762337ns          235630 1c00891c 00000513 addi             x10, x0, 0          x10=00000000
13762357ns          235631 1c00891e 00008067 jalr             x0, x1, 0            x1:1c0089ee
13762416ns          235634 1c0089ee 31f52563 p.beqimm         x10, 778            x10:00000000
13762436ns          235635 1c0089f2 001d8d93 addi             x27, x27, 1         x27=0000000b x27:0000000a
13762456ns          235636 1c0089f4 00044503 lbu              x10, 0(x8)          x10=00000072  x8:1c0000bf  PA:1c0000bf
13762754ns          235651 1c0089f8 00140413 addi             x8, x8, 1            x8=1c0000c0  x8:1c0000bf
13762774ns          235652 1c0089fa fe0514e3 bne              x10, x0, -24        x10:00000072
13762854ns          235656 1c0089e2 02500793 addi             x15, x0, 37         x15=00000025
13762874ns          235657 1c0089e6 04f50863 beq              x10, x15, 80        x10:00000072 x15:00000025
13762894ns          235658 1c0089ea 01a005b3 add              x11, x0, x26        x11=00000002 x26:00000002
13762913ns          235659 1c0089ec 000b00e7 jalr             x1, x22, 0           x1=1c0089ee x22:1c0088f8
13762953ns          235661 1c0088f8 000026b7 lui              x13, 0x2000         x13=00002000
13762973ns          235662 1c0088fa f14027f3 csrrs            x15, x0, 0xf14      x15=00000000
13762993ns          235663 1c0088fe f8068693 addi             x13, x13, -128      x13=00001f80 x13:00002000
13763013ns          235664 1c008902 00379713 slli             x14, x15, 0x3       x14=00000000 x15:00000000
13763033ns          235665 1c008906 00279793 slli             x15, x15, 0x2       x15=00000000 x15:00000000
13763053ns          235666 1c008908 00d7f7b3 and              x15, x15, x13       x15=00000000 x15:00000000 x13:00001f80
13763073ns          235667 1c00890a ee873733 p.bclr           x14, x14, 23, 8     x14=00000000 x14:00000000
13763092ns          235668 1c00890e 1a10f6b7 lui              x13, 0x1a10f000     x13=1a10f000
13763112ns          235669 1c008912 0ff57513 andi             x10, x10, 255       x10=00000072 x10:00000072
13763132ns          235670 1c008916 00d70733 add              x14, x14, x13       x14=1a10f000 x14:00000000 x13:1a10f000
13763152ns          235671 1c008918 00a7e723 p.sw             x10, x0(x15)        x10:00000072 x15:00000000  PA:1a10f000
13763470ns          235687 1c00891c 00000513 addi             x10, x0, 0          x10=00000000
13763490ns          235688 1c00891e 00008067 jalr             x0, x1, 0            x1:1c0089ee
13763550ns          235691 1c0089ee 31f52563 p.beqimm         x10, 778            x10:00000000
13763570ns          235692 1c0089f2 001d8d93 addi             x27, x27, 1         x27=0000000c x27:0000000b
13763590ns          235693 1c0089f4 00044503 lbu              x10, 0(x8)          x10=00000073  x8:1c0000c0  PA:1c0000c0
13763908ns          235709 1c0089f8 00140413 addi             x8, x8, 1            x8=1c0000c1  x8:1c0000c0
13763928ns          235710 1c0089fa fe0514e3 bne              x10, x0, -24        x10:00000073
13764007ns          235714 1c0089e2 02500793 addi             x15, x0, 37         x15=00000025
13764027ns          235715 1c0089e6 04f50863 beq              x10, x15, 80        x10:00000073 x15:00000025
13764047ns          235716 1c0089ea 01a005b3 add              x11, x0, x26        x11=00000002 x26:00000002
13764067ns          235717 1c0089ec 000b00e7 jalr             x1, x22, 0           x1=1c0089ee x22:1c0088f8
13764107ns          235719 1c0088f8 000026b7 lui              x13, 0x2000         x13=00002000
13764127ns          235720 1c0088fa f14027f3 csrrs            x15, x0, 0xf14      x15=00000000
13764147ns          235721 1c0088fe f8068693 addi             x13, x13, -128      x13=00001f80 x13:00002000
13764167ns          235722 1c008902 00379713 slli             x14, x15, 0x3       x14=00000000 x15:00000000
13764186ns          235723 1c008906 00279793 slli             x15, x15, 0x2       x15=00000000 x15:00000000
13764206ns          235724 1c008908 00d7f7b3 and              x15, x15, x13       x15=00000000 x15:00000000 x13:00001f80
13764226ns          235725 1c00890a ee873733 p.bclr           x14, x14, 23, 8     x14=00000000 x14:00000000
13764246ns          235726 1c00890e 1a10f6b7 lui              x13, 0x1a10f000     x13=1a10f000
13764266ns          235727 1c008912 0ff57513 andi             x10, x10, 255       x10=00000073 x10:00000073
13764286ns          235728 1c008916 00d70733 add              x14, x14, x13       x14=1a10f000 x14:00000000 x13:1a10f000
13764306ns          235729 1c008918 00a7e723 p.sw             x10, x0(x15)        x10:00000073 x15:00000000  PA:1a10f000
13764624ns          235745 1c00891c 00000513 addi             x10, x0, 0          x10=00000000
13764644ns          235746 1c00891e 00008067 jalr             x0, x1, 0            x1:1c0089ee
13764704ns          235749 1c0089ee 31f52563 p.beqimm         x10, 778            x10:00000000
13764724ns          235750 1c0089f2 001d8d93 addi             x27, x27, 1         x27=0000000d x27:0000000c
13764743ns          235751 1c0089f4 00044503 lbu              x10, 0(x8)          x10=0000003a  x8:1c0000c1  PA:1c0000c1
13765042ns          235766 1c0089f8 00140413 addi             x8, x8, 1            x8=1c0000c2  x8:1c0000c1
13765062ns          235767 1c0089fa fe0514e3 bne              x10, x0, -24        x10:0000003a
13765141ns          235771 1c0089e2 02500793 addi             x15, x0, 37         x15=00000025
13765161ns          235772 1c0089e6 04f50863 beq              x10, x15, 80        x10:0000003a x15:00000025
13765181ns          235773 1c0089ea 01a005b3 add              x11, x0, x26        x11=00000002 x26:00000002
13765201ns          235774 1c0089ec 000b00e7 jalr             x1, x22, 0           x1=1c0089ee x22:1c0088f8
13765241ns          235776 1c0088f8 000026b7 lui              x13, 0x2000         x13=00002000
13765261ns          235777 1c0088fa f14027f3 csrrs            x15, x0, 0xf14      x15=00000000
13765280ns          235778 1c0088fe f8068693 addi             x13, x13, -128      x13=00001f80 x13:00002000
13765300ns          235779 1c008902 00379713 slli             x14, x15, 0x3       x14=00000000 x15:00000000
13765320ns          235780 1c008906 00279793 slli             x15, x15, 0x2       x15=00000000 x15:00000000
13765340ns          235781 1c008908 00d7f7b3 and              x15, x15, x13       x15=00000000 x15:00000000 x13:00001f80
13765360ns          235782 1c00890a ee873733 p.bclr           x14, x14, 23, 8     x14=00000000 x14:00000000
13765380ns          235783 1c00890e 1a10f6b7 lui              x13, 0x1a10f000     x13=1a10f000
13765400ns          235784 1c008912 0ff57513 andi             x10, x10, 255       x10=0000003a x10:0000003a
13765420ns          235785 1c008916 00d70733 add              x14, x14, x13       x14=1a10f000 x14:00000000 x13:1a10f000
13765440ns          235786 1c008918 00a7e723 p.sw             x10, x0(x15)        x10:0000003a x15:00000000  PA:1a10f000
13765758ns          235802 1c00891c 00000513 addi             x10, x0, 0          x10=00000000
13765778ns          235803 1c00891e 00008067 jalr             x0, x1, 0            x1:1c0089ee
13765837ns          235806 1c0089ee 31f52563 p.beqimm         x10, 778            x10:00000000
13765857ns          235807 1c0089f2 001d8d93 addi             x27, x27, 1         x27=0000000e x27:0000000d
13765877ns          235808 1c0089f4 00044503 lbu              x10, 0(x8)          x10=00000020  x8:1c0000c2  PA:1c0000c2
13766176ns          235823 1c0089f8 00140413 addi             x8, x8, 1            x8=1c0000c3  x8:1c0000c2
13766195ns          235824 1c0089fa fe0514e3 bne              x10, x0, -24        x10:00000020
13766275ns          235828 1c0089e2 02500793 addi             x15, x0, 37         x15=00000025
13766295ns          235829 1c0089e6 04f50863 beq              x10, x15, 80        x10:00000020 x15:00000025
13766315ns          235830 1c0089ea 01a005b3 add              x11, x0, x26        x11=00000002 x26:00000002
13766335ns          235831 1c0089ec 000b00e7 jalr             x1, x22, 0           x1=1c0089ee x22:1c0088f8
13766374ns          235833 1c0088f8 000026b7 lui              x13, 0x2000         x13=00002000
13766394ns          235834 1c0088fa f14027f3 csrrs            x15, x0, 0xf14      x15=00000000
13766414ns          235835 1c0088fe f8068693 addi             x13, x13, -128      x13=00001f80 x13:00002000
13766434ns          235836 1c008902 00379713 slli             x14, x15, 0x3       x14=00000000 x15:00000000
13766454ns          235837 1c008906 00279793 slli             x15, x15, 0x2       x15=00000000 x15:00000000
13766474ns          235838 1c008908 00d7f7b3 and              x15, x15, x13       x15=00000000 x15:00000000 x13:00001f80
13766494ns          235839 1c00890a ee873733 p.bclr           x14, x14, 23, 8     x14=00000000 x14:00000000
13766514ns          235840 1c00890e 1a10f6b7 lui              x13, 0x1a10f000     x13=1a10f000
13766534ns          235841 1c008912 0ff57513 andi             x10, x10, 255       x10=00000020 x10:00000020
13766553ns          235842 1c008916 00d70733 add              x14, x14, x13       x14=1a10f000 x14:00000000 x13:1a10f000
13766573ns          235843 1c008918 00a7e723 p.sw             x10, x0(x15)        x10:00000020 x15:00000000  PA:1a10f000
13766892ns          235859 1c00891c 00000513 addi             x10, x0, 0          x10=00000000
13766912ns          235860 1c00891e 00008067 jalr             x0, x1, 0            x1:1c0089ee
13766971ns          235863 1c0089ee 31f52563 p.beqimm         x10, 778            x10:00000000
13766991ns          235864 1c0089f2 001d8d93 addi             x27, x27, 1         x27=0000000f x27:0000000e
13767011ns          235865 1c0089f4 00044503 lbu              x10, 0(x8)          x10=00000025  x8:1c0000c3  PA:1c0000c3
13767309ns          235880 1c0089f8 00140413 addi             x8, x8, 1            x8=1c0000c4  x8:1c0000c3
13767329ns          235881 1c0089fa fe0514e3 bne              x10, x0, -24        x10:00000025
13767409ns          235885 1c0089e2 02500793 addi             x15, x0, 37         x15=00000025
13767429ns          235886 1c0089e6 04f50863 beq              x10, x15, 80        x10:00000025 x15:00000025
13767508ns          235890 1c008a36 00044483 lbu              x9, 0(x8)            x9=00000064  x8:1c0000c4  PA:1c0000c4
13767807ns          235905 1c008a3a 02000693 addi             x13, x0, 32         x13=00000020
13767826ns          235906 1c008a3e 00140a93 addi             x21, x8, 1          x21=1c0000c5  x8:1c0000c4
13767846ns          235907 1c008a42 009005b3 add              x11, x0, x9         x11=00000064  x9:00000064
13767866ns          235908 1c008a44 064b8513 addi             x10, x23, 100       x10=1c000064 x23:1c000000
13767886ns          235909 1c008a48 00d12823 sw               x13, 16(x2)         x13:00000020  x2:10000638  PA:10000648
13767906ns          235910 1c008a4a 00012c23 sw               x0, 24(x2)           x2:10000638  PA:10000650
13767926ns          235911 1c008a4c 00012a23 sw               x0, 20(x2)           x2:10000638  PA:1000064c
13767946ns          235912 1c008a4e 00012e23 sw               x0, 28(x2)           x2:10000638  PA:10000654
13767966ns          235913 1c008a50 00012623 sw               x0, 12(x2)           x2:10000638  PA:10000644
13767986ns          235914 1c008a52 02300913 addi             x18, x0, 35         x18=00000023
13768006ns          235915 1c008a56 02d00a13 addi             x20, x0, 45         x20=0000002d
13768025ns          235916 1c008a5a 015009b3 add              x19, x0, x21        x19=1c0000c5 x21:1c0000c5
13768045ns          235917 1c008a5c e1dff0ef jal              x1, -484             x1=1c008a5e
13768165ns          235923 1c008878 00054783 lbu              x15, 0(x10)         x15=0000002d x10:1c000064  PA:1c000064
13768503ns          235940 1c00887c 0ff5f593 andi             x11, x11, 255       x11=00000064 x11:00000064
13768523ns          235941 1c008880 00b78c63 beq              x15, x11, 24        x15:0000002d x11:00000064
13768543ns          235942 1c008884 00078b63 beq              x15, x0, 22         x15:0000002d
13768562ns          235943 1c008886 00150793 addi             x15, x10, 1         x15=1c000065 x10:1c000064
13768582ns          235944 1c00888a 0040006f jal              x0, 4              
13768662ns          235948 1c00888e 00f00533 add              x10, x0, x15        x10=1c000065 x15:1c000065
13768682ns          235949 1c008890 0017c70b p.lbu            x14, 1(x15!)        x14=0000002b x15=1c000066 x15:1c000065  PA:1c000065
13769000ns          235965 1c008894 feb71ce3 bne              x14, x11, -8        x14:0000002b x11:00000064
13769060ns          235968 1c00888c 00070763 beq              x14, x0, 14         x14:0000002b
13769080ns          235969 1c00888e 00f00533 add              x10, x0, x15        x10=1c000066 x15:1c000066
13769099ns          235970 1c008890 0017c70b p.lbu            x14, 1(x15!)        x14=00000020 x15=1c000067 x15:1c000066  PA:1c000066
13769418ns          235986 1c008894 feb71ce3 bne              x14, x11, -8        x14:00000020 x11:00000064
13769477ns          235989 1c00888c 00070763 beq              x14, x0, 14         x14:00000020
13769497ns          235990 1c00888e 00f00533 add              x10, x0, x15        x10=1c000067 x15:1c000067
13769517ns          235991 1c008890 0017c70b p.lbu            x14, 1(x15!)        x14=00000023 x15=1c000068 x15:1c000067  PA:1c000067
13769855ns          236008 1c008894 feb71ce3 bne              x14, x11, -8        x14:00000023 x11:00000064
13769915ns          236011 1c00888c 00070763 beq              x14, x0, 14         x14:00000023
13769935ns          236012 1c00888e 00f00533 add              x10, x0, x15        x10=1c000068 x15:1c000068
13769955ns          236013 1c008890 0017c70b p.lbu            x14, 1(x15!)        x14=00000030 x15=1c000069 x15:1c000068  PA:1c000068
13770293ns          236030 1c008894 feb71ce3 bne              x14, x11, -8        x14:00000030 x11:00000064
13770353ns          236033 1c00888c 00070763 beq              x14, x0, 14         x14:00000030
13770373ns          236034 1c00888e 00f00533 add              x10, x0, x15        x10=1c000069 x15:1c000069
13770392ns          236035 1c008890 0017c70b p.lbu            x14, 1(x15!)        x14=00000000 x15=1c00006a x15:1c000069  PA:1c000069
13770711ns          236051 1c008894 feb71ce3 bne              x14, x11, -8        x14:00000000 x11:00000064
13770770ns          236054 1c00888c 00070763 beq              x14, x0, 14         x14:00000000
13770850ns          236058 1c00889a 0015b593 sltiu            x11, x11, 1         x11=00000000 x11:00000064
13770870ns          236059 1c00889e 40b005b3 sub              x11, x0, x11        x11=00000000 x11:00000000
13770890ns          236060 1c0088a2 00b57533 and              x10, x10, x11       x10=00000000 x10:1c000069 x11:00000000
13770910ns          236061 1c0088a4 00008067 jalr             x0, x1, 0            x1:1c008a5e
13770949ns          236063 1c008a5e 02050a63 beq              x10, x0, 52         x10:00000000
13771089ns          236070 1c008a92 02a00613 addi             x12, x0, 42         x12=0000002a
13771108ns          236071 1c008a96 2ac48663 beq              x9, x12, 684         x9:00000064 x12:0000002a
13771128ns          236072 1c008a9a fd048613 addi             x12, x9, -48        x12=00000034  x9:00000064
13771148ns          236073 1c008a9e 00900593 addi             x11, x0, 9          x11=00000009
13771188ns          236075 1c008aa0 00000913 addi             x18, x0, 0          x18=00000000
13771228ns          236077 1c008aa2 28c5f063 bgeu             x11, x12, 640       x11:00000009 x12:00000034
13771248ns          236078 1c008aa6 02e00693 addi             x13, x0, 46         x13=0000002e
13771268ns          236079 1c008aaa fff00a13 addi             x20, x0, -1         x20=ffffffff
13771287ns          236080 1c008aac 2ed48363 beq              x9, x13, 742         x9:00000064 x13:0000002e
13771307ns          236081 1c008ab0 1c0007b7 lui              x15, 0x1c000000     x15=1c000000
13771327ns          236082 1c008ab4 009005b3 add              x11, x0, x9         x11=00000064  x9:00000064
13771347ns          236083 1c008ab6 06c78513 addi             x10, x15, 108       x10=1c00006c x15:1c000000
13771367ns          236084 1c008aba dbfff0ef jal              x1, -578             x1=1c008abc
13771407ns          236086 1c008878 00054783 lbu              x15, 0(x10)         x15=00000068 x10:1c00006c  PA:1c00006c
13771705ns          236101 1c00887c 0ff5f593 andi             x11, x11, 255       x11=00000064 x11:00000064
13771725ns          236102 1c008880 00b78c63 beq              x15, x11, 24        x15:00000068 x11:00000064
13771745ns          236103 1c008884 00078b63 beq              x15, x0, 22         x15:00000068
13771765ns          236104 1c008886 00150793 addi             x15, x10, 1         x15=1c00006d x10:1c00006c
13771785ns          236105 1c00888a 0040006f jal              x0, 4              
13771825ns          236107 1c00888e 00f00533 add              x10, x0, x15        x10=1c00006d x15:1c00006d
13771844ns          236108 1c008890 0017c70b p.lbu            x14, 1(x15!)        x14=0000006c x15=1c00006e x15:1c00006d  PA:1c00006d
13772163ns          236124 1c008894 feb71ce3 bne              x14, x11, -8        x14:0000006c x11:00000064
13772222ns          236127 1c00888c 00070763 beq              x14, x0, 14         x14:0000006c
13772242ns          236128 1c00888e 00f00533 add              x10, x0, x15        x10=1c00006e x15:1c00006e
13772262ns          236129 1c008890 0017c70b p.lbu            x14, 1(x15!)        x14=0000004c x15=1c00006f x15:1c00006e  PA:1c00006e
13772620ns          236147 1c008894 feb71ce3 bne              x14, x11, -8        x14:0000004c x11:00000064
13772680ns          236150 1c00888c 00070763 beq              x14, x0, 14         x14:0000004c
13772700ns          236151 1c00888e 00f00533 add              x10, x0, x15        x10=1c00006f x15:1c00006f
13772720ns          236152 1c008890 0017c70b p.lbu            x14, 1(x15!)        x14=0000007a x15=1c000070 x15:1c00006f  PA:1c00006f
13773038ns          236168 1c008894 feb71ce3 bne              x14, x11, -8        x14:0000007a x11:00000064
13773098ns          236171 1c00888c 00070763 beq              x14, x0, 14         x14:0000007a
13773117ns          236172 1c00888e 00f00533 add              x10, x0, x15        x10=1c000070 x15:1c000070
13773137ns          236173 1c008890 0017c70b p.lbu            x14, 1(x15!)        x14=00000000 x15=1c000071 x15:1c000070  PA:1c000070
13773456ns          236189 1c008894 feb71ce3 bne              x14, x11, -8        x14:00000000 x11:00000064
13773515ns          236192 1c00888c 00070763 beq              x14, x0, 14         x14:00000000
13773595ns          236196 1c00889a 0015b593 sltiu            x11, x11, 1         x11=00000000 x11:00000064
13773615ns          236197 1c00889e 40b005b3 sub              x11, x0, x11        x11=00000000 x11:00000000
13773635ns          236198 1c0088a2 00b57533 and              x10, x10, x11       x10=00000000 x10:1c000070 x11:00000000
13773654ns          236199 1c0088a4 00008067 jalr             x0, x1, 0            x1:1c008abc
13773694ns          236201 1c008abc 01300433 add              x8, x0, x19          x8=1c0000c5 x19:1c0000c5
13773714ns          236202 1c008abe 00050563 beq              x10, x0, 10         x10:00000000
13773774ns          236205 1c008ac8 06700693 addi             x13, x0, 103        x13=00000067
13773794ns          236206 1c008acc 2896d963 bge              x13, x9, 658        x13:00000067  x9:00000064
13774351ns          236234 1c008d5e 06500693 addi             x13, x0, 101        x13=00000065
13774390ns          236236 1c008d62 12d4d563 bge              x9, x13, 298         x9:00000064 x13:00000065
13774410ns          236237 1c008d66 04700693 addi             x13, x0, 71         x13=00000047
13774430ns          236238 1c008d6a dc96cbe3 blt              x13, x9, -554       x13:00000047  x9:00000064
13774530ns          236243 1c008b40 06300693 addi             x13, x0, 99         x13=00000063
13774550ns          236244 1c008b44 0ad488e3 beq              x9, x13, 2224        x9:00000064 x13:00000063
13774569ns          236245 1c008b48 0096c9e3 blt              x13, x9, 2066       x13:00000063  x9:00000064
13774768ns          236255 1c00935a 000c2583 lw               x11, 0(x24)         x11=00000000 x24:1000078c  PA:1000078c
13774788ns          236256 1c00935e 004c0c13 addi             x24, x24, 4         x24=10000790 x24:1000078c
13774828ns          236258 1c009360 3405cc63 blt              x11, x0, 856        x11:00000000
13774868ns          236260 1c009364 01412603 lw               x12, 20(x2)         x12=00000000  x2:10000638  PA:1000064c
13774888ns          236261 1c009366 00b006b3 add              x13, x0, x11        x13=00000000 x11:00000000
13774908ns          236262 1c009368 2e061863 bne              x12, x0, 752        x12:00000000
13774927ns          236263 1c00936c 01812703 lw               x14, 24(x2)         x14=00000000  x2:10000638  PA:10000650
13774947ns          236264 1c00936e 019007b3 add              x15, x0, x25        x15=1000065c x25:1000065c
13774967ns          236265 1c009370 00070763 beq              x14, x0, 14         x14:00000000
13775027ns          236268 1c00937e 00f00733 add              x14, x0, x15        x14=1000065c x15:1000065c
13775087ns          236271 1c009380 00a00513 addi             x10, x0, 10         x10=0000000a
13775126ns          236273 1c009382 02a6f633 remu             x12, x13, x10       x12=00000000 x13:00000000 x10:0000000a
13775743ns          236304 1c009386 02a6d6b3 divu             x13, x13, x10       x13=00000000 x13:00000000 x10:0000000a
13776360ns          236335 1c00938a 03060613 addi             x12, x12, 48        x12=00000030 x12:00000000
13776380ns          236336 1c00938e 00c700ab p.sb             x12, 1(x14!)        x14=1000065d x12:00000030 x14:1000065c  PA:1000065c
13776399ns          236337 1c009392 fe0698e3 bne              x13, x0, -16        x13:00000000
13776419ns          236338 1c009394 40f706b3 sub              x13, x14, x15       x13=00000001 x14:1000065d x15:1000065c
13776439ns          236339 1c009398 0146dc63 bge              x13, x20, 24        x13:00000001 x20:ffffffff
13776578ns          236346 1c0093b0 00e006b3 add              x13, x0, x14        x13=1000065d x14:1000065d
13776618ns          236348 1c0093b2 fe068fab p.sb             x0, -1(x13!)        x13=1000065c x13:1000065d  PA:1000065d
13776638ns          236349 1c0093b6 00d7fc63 bgeu             x15, x13, 24        x15:1000065c x13:1000065c
13776757ns          236355 1c0093ce 01412783 lw               x15, 20(x2)         x15=00000000  x2:10000638  PA:1000064c
13776817ns          236358 1c0093d0 01812603 lw               x12, 24(x2)         x12=00000000  x2:10000638  PA:10000650
13776857ns          236360 1c0093d2 419704b3 sub              x9, x14, x25         x9=00000001 x14:1000065d x25:1000065c
13776877ns          236361 1c0093d6 00c7e7b3 or               x15, x15, x12       x15=00000000 x15:00000000 x12:00000000
13776897ns          236362 1c0093d8 00f12623 sw               x15, 12(x2)         x15:00000000  x2:10000638  PA:10000644
13776917ns          236363 1c0093da 00079363 bne              x15, x0, 6          x15:00000000
13776936ns          236364 1c0093dc 01f5d593 srli             x11, x11, 0x1f      x11=00000000 x11:00000000
13776956ns          236365 1c0093de 00b12623 sw               x11, 12(x2)         x11:00000000  x2:10000638  PA:10000644
13776976ns          236366 1c0093e0 e3fa28e3 p.beqimm         x20, -464           x20:ffffffff
13777076ns          236371 1c009210 0c800793 addi             x15, x0, 200        x15=000000c8
13777115ns          236373 1c009214 9e97d0e3 bge              x15, x9, -1568      x15:000000c8  x9:00000001
13777215ns          236378 1c008bf4 0f24d163 bge              x9, x18, 226         x9:00000001 x18:00000000
13777354ns          236385 1c008cd6 d00482e3 beq              x9, x0, -764         x9:00000001
13777374ns          236386 1c008cda 01900933 add              x18, x0, x25        x18=1000065c x25:1000065c
13777394ns          236387 1c008cdc 419d8db3 sub              x27, x27, x25       x27=effff9b3 x27:0000000f x25:1000065c
13777434ns          236389 1c008ce0 00a0006f jal              x0, 10             
13777493ns          236392 1c008cea 0019450b p.lbu            x10, 1(x18!)        x10=00000030 x18=1000065d x18:1000065c  PA:1000065c
13777513ns          236393 1c008cee 01a005b3 add              x11, x0, x26        x11=00000002 x26:00000002
13777533ns          236394 1c008cf0 000b00e7 jalr             x1, x22, 0           x1=1c008cf2 x22:1c0088f8
13777613ns          236398 1c0088f8 000026b7 lui              x13, 0x2000         x13=00002000
13777653ns          236400 1c0088fa f14027f3 csrrs            x15, x0, 0xf14      x15=00000000
13777712ns          236403 1c0088fe f8068693 addi             x13, x13, -128      x13=00001f80 x13:00002000
13777752ns          236405 1c008902 00379713 slli             x14, x15, 0x3       x14=00000000 x15:00000000
13777772ns          236406 1c008906 00279793 slli             x15, x15, 0x2       x15=00000000 x15:00000000
13777792ns          236407 1c008908 00d7f7b3 and              x15, x15, x13       x15=00000000 x15:00000000 x13:00001f80
13777812ns          236408 1c00890a ee873733 p.bclr           x14, x14, 23, 8     x14=00000000 x14:00000000
13777851ns          236410 1c00890e 1a10f6b7 lui              x13, 0x1a10f000     x13=1a10f000
13777891ns          236412 1c008912 0ff57513 andi             x10, x10, 255       x10=00000030 x10:00000030
13777911ns          236413 1c008916 00d70733 add              x14, x14, x13       x14=1a10f000 x14:00000000 x13:1a10f000
13777931ns          236414 1c008918 00a7e723 p.sw             x10, x0(x15)        x10:00000030 x15:00000000  PA:1a10f000
13778249ns          236430 1c00891c 00000513 addi             x10, x0, 0          x10=00000000
13778269ns          236431 1c00891e 00008067 jalr             x0, x1, 0            x1:1c008cf2
13778309ns          236433 1c008cf2 fff48493 addi             x9, x9, -1           x9=00000000  x9:00000001
13778329ns          236434 1c008cf4 fff537e3 p.bneimm         x10, -18            x10:00000000
13778408ns          236438 1c008ce2 012d8733 add              x14, x27, x18       x14=00000010 x27:effff9b3 x18:1000065d
13778428ns          236439 1c008ce6 5a048b63 beq              x9, x0, 1462         x9:00000000
13778528ns          236444 1c00929c 00e00db3 add              x27, x0, x14        x27=00000010 x14:00000010
13778567ns          236446 1c00929e f3cff06f jal              x0, -2244          
13778687ns          236452 1c0089da 00044503 lbu              x10, 0(x8)          x10=00000000  x8:1c0000c5  PA:1c0000c5
13778985ns          236467 1c0089de 00140413 addi             x8, x8, 1            x8=1c0000c6  x8:1c0000c5
13779005ns          236468 1c0089e0 00050e63 beq              x10, x0, 28         x10:00000000
13779105ns          236473 1c0089fc 01b00433 add              x8, x0, x27          x8=00000010 x27:00000010
13779124ns          236474 1c0089fe 00800533 add              x10, x0, x8         x10=00000010  x8:00000010
13779184ns          236477 1c008a00 12c12083 lw               x1, 300(x2)          x1=1c00898c  x2:10000638  PA:10000764
13779224ns          236479 1c008a04 12812403 lw               x8, 296(x2)          x8=1c000e80  x2:10000638  PA:10000760
13779244ns          236480 1c008a08 12412483 lw               x9, 292(x2)          x9=00000000  x2:10000638  PA:1000075c
13779264ns          236481 1c008a0c 12012903 lw               x18, 288(x2)        x18=1a10b004  x2:10000638  PA:10000758
13779284ns          236482 1c008a10 11c12983 lw               x19, 284(x2)        x19=00000000  x2:10000638  PA:10000754
13779303ns          236483 1c008a14 11812a03 lw               x20, 280(x2)        x20=1c000e84  x2:10000638  PA:10000750
13779323ns          236484 1c008a18 11412a83 lw               x21, 276(x2)        x21=1c00a000  x2:10000638  PA:1000074c
13779343ns          236485 1c008a1c 11012b03 lw               x22, 272(x2)        x22=1c00a000  x2:10000638  PA:10000748
13779403ns          236488 1c008a20 10c12b83 lw               x23, 268(x2)        x23=1c000000  x2:10000638  PA:10000744
13779443ns          236490 1c008a24 10812c03 lw               x24, 264(x2)        x24=1c000000  x2:10000638  PA:10000740
13779463ns          236491 1c008a28 10412c83 lw               x25, 260(x2)        x25=1c000000  x2:10000638  PA:1000073c
13779482ns          236492 1c008a2c 10012d03 lw               x26, 256(x2)        x26=1c000000  x2:10000638  PA:10000738
13779502ns          236493 1c008a30 0fc12d83 lw               x27, 252(x2)        x27=1c000e78  x2:10000638  PA:10000734
13779522ns          236494 1c008a32 13010113 addi             x2, x2, 304          x2=10000768  x2:10000638
13779542ns          236495 1c008a34 00008067 jalr             x0, x1, 0            x1:1c00898c
13779582ns          236497 1c00898c 01c12083 lw               x1, 28(x2)           x1=1c009bb8  x2:10000768  PA:10000784
13779602ns          236498 1c00898e 04010113 addi             x2, x2, 64           x2=100007a8  x2:10000768
13779642ns          236500 1c008990 00008067 jalr             x0, x1, 0            x1:1c009bb8
13779681ns          236502 1c009bb8 00812703 lw               x14, 8(x2)          x14=00000000  x2:100007a8  PA:100007b0
13779701ns          236503 1c009bba 0c8c0513 addi             x10, x24, 200       x10=1c0000c8 x24:1c000000
13779721ns          236504 1c009bbe 00e005b3 add              x11, x0, x14        x11=00000000 x14:00000000
13779761ns          236506 1c009bc0 02070b63 beq              x14, x0, 54         x14:00000000
13779860ns          236511 1c009bf6 00a00513 addi             x10, x0, 10         x10=0000000a
13779900ns          236513 1c009bf8 d29fe0ef jal              x1, -4824            x1=1c009bfc
13779940ns          236515 1c008920 000026b7 lui              x13, 0x2000         x13=00002000
13779960ns          236516 1c008922 f14027f3 csrrs            x15, x0, 0xf14      x15=00000000
13779980ns          236517 1c008926 f8068693 addi             x13, x13, -128      x13=00001f80 x13:00002000
13780000ns          236518 1c00892a 00379713 slli             x14, x15, 0x3       x14=00000000 x15:00000000
13780020ns          236519 1c00892e 00279793 slli             x15, x15, 0x2       x15=00000000 x15:00000000
13780059ns          236521 1c008930 00d7f7b3 and              x15, x15, x13       x15=00000000 x15:00000000 x13:00001f80
13780099ns          236523 1c008932 ee873733 p.bclr           x14, x14, 23, 8     x14=00000000 x14:00000000
13780119ns          236524 1c008936 1a10f6b7 lui              x13, 0x1a10f000     x13=1a10f000
13780139ns          236525 1c00893a 0ff57513 andi             x10, x10, 255       x10=0000000a x10:0000000a
13780159ns          236526 1c00893e 00d70733 add              x14, x14, x13       x14=1a10f000 x14:00000000 x13:1a10f000
13780179ns          236527 1c008940 00a7e723 p.sw             x10, x0(x15)        x10:0000000a x15:00000000  PA:1a10f000
13780517ns          236544 1c008944 00000513 addi             x10, x0, 0          x10=00000000
13780537ns          236545 1c008946 00008067 jalr             x0, x1, 0            x1:1c009bfc
13780576ns          236547 1c009bfc f5dff06f jal              x0, -164           
13780716ns          236554 1c009b58 00c12703 lw               x14, 12(x2)         x14=00000000  x2:100007a8  PA:100007b4
13780736ns          236555 1c009b5a 008d8d93 addi             x27, x27, 8         x27=1c000e80 x27:1c000e78
13780755ns          236556 1c009b5c 00e484b3 add              x9, x9, x14          x9=00000000  x9:00000000 x14:00000000
13780815ns          236559 1c009b5e 07b40963 beq              x8, x27, 114         x8:1c000e80 x27:1c000e80
13781293ns          236583 1c009bd0 000a2783 lw               x15, 0(x20)         x15=00000001 x20:1c000e84  PA:1c000e84
13781611ns          236599 1c009bd4 02079563 bne              x15, x0, 42         x15:00000001
13781889ns          236613 1c009bfe 1c000537 lui              x10, 0x1c000000     x10=1c000000
13781909ns          236614 1c009c02 0e050513 addi             x10, x10, 224       x10=1c0000e0 x10:1c000000
13781929ns          236615 1c009c06 d5ffe0ef jal              x1, -4770            x1=1c009c0a
13782009ns          236619 1c008964 fc010113 addi             x2, x2, -64          x2=10000768  x2:100007a8
13782048ns          236621 1c008966 02410313 addi             x6, x2, 36           x6=1000078c  x2:10000768
13782068ns          236622 1c00896a 02c12423 sw               x12, 40(x2)         x12:00000000  x2:10000768  PA:10000790
13782088ns          236623 1c00896c 00a00633 add              x12, x0, x10        x12=1c0000e0 x10:1c0000e0
13782128ns          236625 1c00896e 1c009537 lui              x10, 0x1c009000     x10=1c009000
13782148ns          236626 1c008972 02b12223 sw               x11, 36(x2)         x11:00000000  x2:10000768  PA:1000078c
13782168ns          236627 1c008974 02d12623 sw               x13, 44(x2)         x13:1a10f000  x2:10000768  PA:10000794
13782188ns          236628 1c008976 00200593 addi             x11, x0, 2          x11=00000002
13782208ns          236629 1c008978 006006b3 add              x13, x0, x6         x13=1000078c  x6:1000078c
13782227ns          236630 1c00897a 8f850513 addi             x10, x10, -1800     x10=1c0088f8 x10:1c009000
13782247ns          236631 1c00897e 00112e23 sw               x1, 28(x2)           x1:1c009c0a  x2:10000768  PA:10000784
13782267ns          236632 1c008980 02e12823 sw               x14, 48(x2)         x14:00000000  x2:10000768  PA:10000798
13782287ns          236633 1c008982 02f12a23 sw               x15, 52(x2)         x15:00000001  x2:10000768  PA:1000079c
13782307ns          236634 1c008984 03012c23 sw               x16, 56(x2)         x16:1000065f  x2:10000768  PA:100007a0
13782327ns          236635 1c008986 03112e23 sw               x17, 60(x2)         x17:1c000054  x2:10000768  PA:100007a4
13782347ns          236636 1c008988 00612623 sw               x6, 12(x2)           x6:1000078c  x2:10000768  PA:10000774
13782367ns          236637 1c00898a fbfff0ef jal              x1, -66              x1=1c00898c
13782406ns          236639 1c008948 04a0006f jal              x0, 74             
13782446ns          236641 1c008992 ed010113 addi             x2, x2, -304         x2=10000638  x2:10000768
13782466ns          236642 1c008994 12812423 sw               x8, 296(x2)          x8:1c000e80  x2:10000638  PA:10000760
13782486ns          236643 1c008998 00000413 addi             x8, x0, 0            x8=00000000
13782506ns          236644 1c00899a 11612823 sw               x22, 272(x2)        x22:1c00a000  x2:10000638  PA:10000748
13782566ns          236647 1c00899e 11712623 sw               x23, 268(x2)        x23:1c000000  x2:10000638  PA:10000744
13782605ns          236649 1c0089a2 11812423 sw               x24, 264(x2)        x24:1c000000  x2:10000638  PA:10000740
13782625ns          236650 1c0089a6 11912223 sw               x25, 260(x2)        x25:1c000000  x2:10000638  PA:1000073c
13782645ns          236651 1c0089aa 11a12023 sw               x26, 256(x2)        x26:1c000000  x2:10000638  PA:10000738
13782665ns          236652 1c0089ae 0fb12e23 sw               x27, 252(x2)        x27:1c000e80  x2:10000638  PA:10000734
13782685ns          236653 1c0089b0 12112623 sw               x1, 300(x2)          x1:1c00898c  x2:10000638  PA:10000764
13782705ns          236654 1c0089b4 00800db3 add              x27, x0, x8         x27=00000000  x8:00000000
13782725ns          236655 1c0089b6 12912223 sw               x9, 292(x2)          x9:00000000  x2:10000638  PA:1000075c
13782745ns          236656 1c0089ba 13212023 sw               x18, 288(x2)        x18:1a10b004  x2:10000638  PA:10000758
13782784ns          236658 1c0089be 11312e23 sw               x19, 284(x2)        x19:00000000  x2:10000638  PA:10000754
13782824ns          236660 1c0089c2 11412c23 sw               x20, 280(x2)        x20:1c000e84  x2:10000638  PA:10000750
13782844ns          236661 1c0089c6 11512a23 sw               x21, 276(x2)        x21:1c00a000  x2:10000638  PA:1000074c
13782864ns          236662 1c0089ca 00a00b33 add              x22, x0, x10        x22=1c0088f8 x10:1c0088f8
13782884ns          236663 1c0089cc 00b00d33 add              x26, x0, x11        x26=00000002 x11:00000002
13782904ns          236664 1c0089ce 00d00c33 add              x24, x0, x13        x24=1000078c x13:1000078c
13782924ns          236665 1c0089d0 1c000bb7 lui              x23, 0x1c000000     x23=1c000000
13782963ns          236667 1c0089d4 02410c93 addi             x25, x2, 36         x25=1000065c  x2:10000638
13782983ns          236668 1c0089d8 00c00433 add              x8, x0, x12          x8=1c0000e0 x12:1c0000e0
13783003ns          236669 1c0089da 00044503 lbu              x10, 0(x8)          x10=0000003d  x8:1c0000e0  PA:1c0000e0
13783301ns          236684 1c0089de 00140413 addi             x8, x8, 1            x8=1c0000e1  x8:1c0000e0
13783321ns          236685 1c0089e0 00050e63 beq              x10, x0, 28         x10:0000003d
13783341ns          236686 1c0089e2 02500793 addi             x15, x0, 37         x15=00000025
13783361ns          236687 1c0089e6 04f50863 beq              x10, x15, 80        x10:0000003d x15:00000025
13783381ns          236688 1c0089ea 01a005b3 add              x11, x0, x26        x11=00000002 x26:00000002
13783401ns          236689 1c0089ec 000b00e7 jalr             x1, x22, 0           x1=1c0089ee x22:1c0088f8
13783481ns          236693 1c0088f8 000026b7 lui              x13, 0x2000         x13=00002000
13783500ns          236694 1c0088fa f14027f3 csrrs            x15, x0, 0xf14      x15=00000000
13783520ns          236695 1c0088fe f8068693 addi             x13, x13, -128      x13=00001f80 x13:00002000
13783540ns          236696 1c008902 00379713 slli             x14, x15, 0x3       x14=00000000 x15:00000000
13783560ns          236697 1c008906 00279793 slli             x15, x15, 0x2       x15=00000000 x15:00000000
13783580ns          236698 1c008908 00d7f7b3 and              x15, x15, x13       x15=00000000 x15:00000000 x13:00001f80
13783600ns          236699 1c00890a ee873733 p.bclr           x14, x14, 23, 8     x14=00000000 x14:00000000
13783620ns          236700 1c00890e 1a10f6b7 lui              x13, 0x1a10f000     x13=1a10f000
13783640ns          236701 1c008912 0ff57513 andi             x10, x10, 255       x10=0000003d x10:0000003d
13783660ns          236702 1c008916 00d70733 add              x14, x14, x13       x14=1a10f000 x14:00000000 x13:1a10f000
13783679ns          236703 1c008918 00a7e723 p.sw             x10, x0(x15)        x10:0000003d x15:00000000  PA:1a10f000
13783998ns          236719 1c00891c 00000513 addi             x10, x0, 0          x10=00000000
13784018ns          236720 1c00891e 00008067 jalr             x0, x1, 0            x1:1c0089ee
13784077ns          236723 1c0089ee 31f52563 p.beqimm         x10, 778            x10:00000000
13784097ns          236724 1c0089f2 001d8d93 addi             x27, x27, 1         x27=00000001 x27:00000000
13784117ns          236725 1c0089f4 00044503 lbu              x10, 0(x8)          x10=0000003d  x8:1c0000e1  PA:1c0000e1
13784415ns          236740 1c0089f8 00140413 addi             x8, x8, 1            x8=1c0000e2  x8:1c0000e1
13784435ns          236741 1c0089fa fe0514e3 bne              x10, x0, -24        x10:0000003d
13784515ns          236745 1c0089e2 02500793 addi             x15, x0, 37         x15=00000025
13784535ns          236746 1c0089e6 04f50863 beq              x10, x15, 80        x10:0000003d x15:00000025
13784555ns          236747 1c0089ea 01a005b3 add              x11, x0, x26        x11=00000002 x26:00000002
13784575ns          236748 1c0089ec 000b00e7 jalr             x1, x22, 0           x1=1c0089ee x22:1c0088f8
13784614ns          236750 1c0088f8 000026b7 lui              x13, 0x2000         x13=00002000
13784634ns          236751 1c0088fa f14027f3 csrrs            x15, x0, 0xf14      x15=00000000
13784654ns          236752 1c0088fe f8068693 addi             x13, x13, -128      x13=00001f80 x13:00002000
13784674ns          236753 1c008902 00379713 slli             x14, x15, 0x3       x14=00000000 x15:00000000
13784694ns          236754 1c008906 00279793 slli             x15, x15, 0x2       x15=00000000 x15:00000000
13784714ns          236755 1c008908 00d7f7b3 and              x15, x15, x13       x15=00000000 x15:00000000 x13:00001f80
13784734ns          236756 1c00890a ee873733 p.bclr           x14, x14, 23, 8     x14=00000000 x14:00000000
13784754ns          236757 1c00890e 1a10f6b7 lui              x13, 0x1a10f000     x13=1a10f000
13784773ns          236758 1c008912 0ff57513 andi             x10, x10, 255       x10=0000003d x10:0000003d
13784793ns          236759 1c008916 00d70733 add              x14, x14, x13       x14=1a10f000 x14:00000000 x13:1a10f000
13784813ns          236760 1c008918 00a7e723 p.sw             x10, x0(x15)        x10:0000003d x15:00000000  PA:1a10f000
13785131ns          236776 1c00891c 00000513 addi             x10, x0, 0          x10=00000000
13785151ns          236777 1c00891e 00008067 jalr             x0, x1, 0            x1:1c0089ee
13785211ns          236780 1c0089ee 31f52563 p.beqimm         x10, 778            x10:00000000
13785231ns          236781 1c0089f2 001d8d93 addi             x27, x27, 1         x27=00000002 x27:00000001
13785251ns          236782 1c0089f4 00044503 lbu              x10, 0(x8)          x10=0000003d  x8:1c0000e2  PA:1c0000e2
13785549ns          236797 1c0089f8 00140413 addi             x8, x8, 1            x8=1c0000e3  x8:1c0000e2
13785569ns          236798 1c0089fa fe0514e3 bne              x10, x0, -24        x10:0000003d
13785649ns          236802 1c0089e2 02500793 addi             x15, x0, 37         x15=00000025
13785668ns          236803 1c0089e6 04f50863 beq              x10, x15, 80        x10:0000003d x15:00000025
13785688ns          236804 1c0089ea 01a005b3 add              x11, x0, x26        x11=00000002 x26:00000002
13785708ns          236805 1c0089ec 000b00e7 jalr             x1, x22, 0           x1=1c0089ee x22:1c0088f8
13785748ns          236807 1c0088f8 000026b7 lui              x13, 0x2000         x13=00002000
13785768ns          236808 1c0088fa f14027f3 csrrs            x15, x0, 0xf14      x15=00000000
13785788ns          236809 1c0088fe f8068693 addi             x13, x13, -128      x13=00001f80 x13:00002000
13785808ns          236810 1c008902 00379713 slli             x14, x15, 0x3       x14=00000000 x15:00000000
13785828ns          236811 1c008906 00279793 slli             x15, x15, 0x2       x15=00000000 x15:00000000
13785848ns          236812 1c008908 00d7f7b3 and              x15, x15, x13       x15=00000000 x15:00000000 x13:00001f80
13785867ns          236813 1c00890a ee873733 p.bclr           x14, x14, 23, 8     x14=00000000 x14:00000000
13785887ns          236814 1c00890e 1a10f6b7 lui              x13, 0x1a10f000     x13=1a10f000
13785907ns          236815 1c008912 0ff57513 andi             x10, x10, 255       x10=0000003d x10:0000003d
13785927ns          236816 1c008916 00d70733 add              x14, x14, x13       x14=1a10f000 x14:00000000 x13:1a10f000
13785947ns          236817 1c008918 00a7e723 p.sw             x10, x0(x15)        x10:0000003d x15:00000000  PA:1a10f000
13786265ns          236833 1c00891c 00000513 addi             x10, x0, 0          x10=00000000
13786285ns          236834 1c00891e 00008067 jalr             x0, x1, 0            x1:1c0089ee
13786345ns          236837 1c0089ee 31f52563 p.beqimm         x10, 778            x10:00000000
13786365ns          236838 1c0089f2 001d8d93 addi             x27, x27, 1         x27=00000003 x27:00000002
13786385ns          236839 1c0089f4 00044503 lbu              x10, 0(x8)          x10=0000003d  x8:1c0000e3  PA:1c0000e3
13786683ns          236854 1c0089f8 00140413 addi             x8, x8, 1            x8=1c0000e4  x8:1c0000e3
13786703ns          236855 1c0089fa fe0514e3 bne              x10, x0, -24        x10:0000003d
13786782ns          236859 1c0089e2 02500793 addi             x15, x0, 37         x15=00000025
13786802ns          236860 1c0089e6 04f50863 beq              x10, x15, 80        x10:0000003d x15:00000025
13786822ns          236861 1c0089ea 01a005b3 add              x11, x0, x26        x11=00000002 x26:00000002
13786842ns          236862 1c0089ec 000b00e7 jalr             x1, x22, 0           x1=1c0089ee x22:1c0088f8
13786882ns          236864 1c0088f8 000026b7 lui              x13, 0x2000         x13=00002000
13786902ns          236865 1c0088fa f14027f3 csrrs            x15, x0, 0xf14      x15=00000000
13786922ns          236866 1c0088fe f8068693 addi             x13, x13, -128      x13=00001f80 x13:00002000
13786942ns          236867 1c008902 00379713 slli             x14, x15, 0x3       x14=00000000 x15:00000000
13786961ns          236868 1c008906 00279793 slli             x15, x15, 0x2       x15=00000000 x15:00000000
13786981ns          236869 1c008908 00d7f7b3 and              x15, x15, x13       x15=00000000 x15:00000000 x13:00001f80
13787001ns          236870 1c00890a ee873733 p.bclr           x14, x14, 23, 8     x14=00000000 x14:00000000
13787021ns          236871 1c00890e 1a10f6b7 lui              x13, 0x1a10f000     x13=1a10f000
13787041ns          236872 1c008912 0ff57513 andi             x10, x10, 255       x10=0000003d x10:0000003d
13787061ns          236873 1c008916 00d70733 add              x14, x14, x13       x14=1a10f000 x14:00000000 x13:1a10f000
13787081ns          236874 1c008918 00a7e723 p.sw             x10, x0(x15)        x10:0000003d x15:00000000  PA:1a10f000
13787399ns          236890 1c00891c 00000513 addi             x10, x0, 0          x10=00000000
13787419ns          236891 1c00891e 00008067 jalr             x0, x1, 0            x1:1c0089ee
13787479ns          236894 1c0089ee 31f52563 p.beqimm         x10, 778            x10:00000000
13787498ns          236895 1c0089f2 001d8d93 addi             x27, x27, 1         x27=00000004 x27:00000003
13787518ns          236896 1c0089f4 00044503 lbu              x10, 0(x8)          x10=00000020  x8:1c0000e4  PA:1c0000e4
13787837ns          236912 1c0089f8 00140413 addi             x8, x8, 1            x8=1c0000e5  x8:1c0000e4
13787856ns          236913 1c0089fa fe0514e3 bne              x10, x0, -24        x10:00000020
13787936ns          236917 1c0089e2 02500793 addi             x15, x0, 37         x15=00000025
13787956ns          236918 1c0089e6 04f50863 beq              x10, x15, 80        x10:00000020 x15:00000025
13787976ns          236919 1c0089ea 01a005b3 add              x11, x0, x26        x11=00000002 x26:00000002
13787996ns          236920 1c0089ec 000b00e7 jalr             x1, x22, 0           x1=1c0089ee x22:1c0088f8
13788035ns          236922 1c0088f8 000026b7 lui              x13, 0x2000         x13=00002000
13788055ns          236923 1c0088fa f14027f3 csrrs            x15, x0, 0xf14      x15=00000000
13788075ns          236924 1c0088fe f8068693 addi             x13, x13, -128      x13=00001f80 x13:00002000
13788095ns          236925 1c008902 00379713 slli             x14, x15, 0x3       x14=00000000 x15:00000000
13788115ns          236926 1c008906 00279793 slli             x15, x15, 0x2       x15=00000000 x15:00000000
13788135ns          236927 1c008908 00d7f7b3 and              x15, x15, x13       x15=00000000 x15:00000000 x13:00001f80
13788155ns          236928 1c00890a ee873733 p.bclr           x14, x14, 23, 8     x14=00000000 x14:00000000
13788175ns          236929 1c00890e 1a10f6b7 lui              x13, 0x1a10f000     x13=1a10f000
13788195ns          236930 1c008912 0ff57513 andi             x10, x10, 255       x10=00000020 x10:00000020
13788215ns          236931 1c008916 00d70733 add              x14, x14, x13       x14=1a10f000 x14:00000000 x13:1a10f000
13788234ns          236932 1c008918 00a7e723 p.sw             x10, x0(x15)        x10:00000020 x15:00000000  PA:1a10f000
13788573ns          236949 1c00891c 00000513 addi             x10, x0, 0          x10=00000000
13788592ns          236950 1c00891e 00008067 jalr             x0, x1, 0            x1:1c0089ee
13788652ns          236953 1c0089ee 31f52563 p.beqimm         x10, 778            x10:00000000
13788672ns          236954 1c0089f2 001d8d93 addi             x27, x27, 1         x27=00000005 x27:00000004
13788692ns          236955 1c0089f4 00044503 lbu              x10, 0(x8)          x10=00000053  x8:1c0000e5  PA:1c0000e5
13788990ns          236970 1c0089f8 00140413 addi             x8, x8, 1            x8=1c0000e6  x8:1c0000e5
13789010ns          236971 1c0089fa fe0514e3 bne              x10, x0, -24        x10:00000053
13789090ns          236975 1c0089e2 02500793 addi             x15, x0, 37         x15=00000025
13789110ns          236976 1c0089e6 04f50863 beq              x10, x15, 80        x10:00000053 x15:00000025
13789129ns          236977 1c0089ea 01a005b3 add              x11, x0, x26        x11=00000002 x26:00000002
13789149ns          236978 1c0089ec 000b00e7 jalr             x1, x22, 0           x1=1c0089ee x22:1c0088f8
13789189ns          236980 1c0088f8 000026b7 lui              x13, 0x2000         x13=00002000
13789209ns          236981 1c0088fa f14027f3 csrrs            x15, x0, 0xf14      x15=00000000
13789229ns          236982 1c0088fe f8068693 addi             x13, x13, -128      x13=00001f80 x13:00002000
13789249ns          236983 1c008902 00379713 slli             x14, x15, 0x3       x14=00000000 x15:00000000
13789269ns          236984 1c008906 00279793 slli             x15, x15, 0x2       x15=00000000 x15:00000000
13789289ns          236985 1c008908 00d7f7b3 and              x15, x15, x13       x15=00000000 x15:00000000 x13:00001f80
13789309ns          236986 1c00890a ee873733 p.bclr           x14, x14, 23, 8     x14=00000000 x14:00000000
13789328ns          236987 1c00890e 1a10f6b7 lui              x13, 0x1a10f000     x13=1a10f000
13789348ns          236988 1c008912 0ff57513 andi             x10, x10, 255       x10=00000053 x10:00000053
13789368ns          236989 1c008916 00d70733 add              x14, x14, x13       x14=1a10f000 x14:00000000 x13:1a10f000
13789388ns          236990 1c008918 00a7e723 p.sw             x10, x0(x15)        x10:00000053 x15:00000000  PA:1a10f000
13789706ns          237006 1c00891c 00000513 addi             x10, x0, 0          x10=00000000
13789726ns          237007 1c00891e 00008067 jalr             x0, x1, 0            x1:1c0089ee
13789786ns          237010 1c0089ee 31f52563 p.beqimm         x10, 778            x10:00000000
13789806ns          237011 1c0089f2 001d8d93 addi             x27, x27, 1         x27=00000006 x27:00000005
13789826ns          237012 1c0089f4 00044503 lbu              x10, 0(x8)          x10=00000055  x8:1c0000e6  PA:1c0000e6
13790124ns          237027 1c0089f8 00140413 addi             x8, x8, 1            x8=1c0000e7  x8:1c0000e6
13790144ns          237028 1c0089fa fe0514e3 bne              x10, x0, -24        x10:00000055
13790223ns          237032 1c0089e2 02500793 addi             x15, x0, 37         x15=00000025
13790243ns          237033 1c0089e6 04f50863 beq              x10, x15, 80        x10:00000055 x15:00000025
13790263ns          237034 1c0089ea 01a005b3 add              x11, x0, x26        x11=00000002 x26:00000002
13790283ns          237035 1c0089ec 000b00e7 jalr             x1, x22, 0           x1=1c0089ee x22:1c0088f8
13790323ns          237037 1c0088f8 000026b7 lui              x13, 0x2000         x13=00002000
13790343ns          237038 1c0088fa f14027f3 csrrs            x15, x0, 0xf14      x15=00000000
13790363ns          237039 1c0088fe f8068693 addi             x13, x13, -128      x13=00001f80 x13:00002000
13790383ns          237040 1c008902 00379713 slli             x14, x15, 0x3       x14=00000000 x15:00000000
13790402ns          237041 1c008906 00279793 slli             x15, x15, 0x2       x15=00000000 x15:00000000
13790422ns          237042 1c008908 00d7f7b3 and              x15, x15, x13       x15=00000000 x15:00000000 x13:00001f80
13790442ns          237043 1c00890a ee873733 p.bclr           x14, x14, 23, 8     x14=00000000 x14:00000000
13790462ns          237044 1c00890e 1a10f6b7 lui              x13, 0x1a10f000     x13=1a10f000
13790482ns          237045 1c008912 0ff57513 andi             x10, x10, 255       x10=00000055 x10:00000055
13790502ns          237046 1c008916 00d70733 add              x14, x14, x13       x14=1a10f000 x14:00000000 x13:1a10f000
13790522ns          237047 1c008918 00a7e723 p.sw             x10, x0(x15)        x10:00000055 x15:00000000  PA:1a10f000
13790840ns          237063 1c00891c 00000513 addi             x10, x0, 0          x10=00000000
13790860ns          237064 1c00891e 00008067 jalr             x0, x1, 0            x1:1c0089ee
13790920ns          237067 1c0089ee 31f52563 p.beqimm         x10, 778            x10:00000000
13790940ns          237068 1c0089f2 001d8d93 addi             x27, x27, 1         x27=00000007 x27:00000006
13790959ns          237069 1c0089f4 00044503 lbu              x10, 0(x8)          x10=0000004d  x8:1c0000e7  PA:1c0000e7
13791278ns          237085 1c0089f8 00140413 addi             x8, x8, 1            x8=1c0000e8  x8:1c0000e7
13791298ns          237086 1c0089fa fe0514e3 bne              x10, x0, -24        x10:0000004d
13791377ns          237090 1c0089e2 02500793 addi             x15, x0, 37         x15=00000025
13791397ns          237091 1c0089e6 04f50863 beq              x10, x15, 80        x10:0000004d x15:00000025
13791417ns          237092 1c0089ea 01a005b3 add              x11, x0, x26        x11=00000002 x26:00000002
13791437ns          237093 1c0089ec 000b00e7 jalr             x1, x22, 0           x1=1c0089ee x22:1c0088f8
13791477ns          237095 1c0088f8 000026b7 lui              x13, 0x2000         x13=00002000
13791496ns          237096 1c0088fa f14027f3 csrrs            x15, x0, 0xf14      x15=00000000
13791516ns          237097 1c0088fe f8068693 addi             x13, x13, -128      x13=00001f80 x13:00002000
13791536ns          237098 1c008902 00379713 slli             x14, x15, 0x3       x14=00000000 x15:00000000
13791556ns          237099 1c008906 00279793 slli             x15, x15, 0x2       x15=00000000 x15:00000000
13791576ns          237100 1c008908 00d7f7b3 and              x15, x15, x13       x15=00000000 x15:00000000 x13:00001f80
13791596ns          237101 1c00890a ee873733 p.bclr           x14, x14, 23, 8     x14=00000000 x14:00000000
13791616ns          237102 1c00890e 1a10f6b7 lui              x13, 0x1a10f000     x13=1a10f000
13791636ns          237103 1c008912 0ff57513 andi             x10, x10, 255       x10=0000004d x10:0000004d
13791656ns          237104 1c008916 00d70733 add              x14, x14, x13       x14=1a10f000 x14:00000000 x13:1a10f000
13791676ns          237105 1c008918 00a7e723 p.sw             x10, x0(x15)        x10:0000004d x15:00000000  PA:1a10f000
13791994ns          237121 1c00891c 00000513 addi             x10, x0, 0          x10=00000000
13792014ns          237122 1c00891e 00008067 jalr             x0, x1, 0            x1:1c0089ee
13792073ns          237125 1c0089ee 31f52563 p.beqimm         x10, 778            x10:00000000
13792093ns          237126 1c0089f2 001d8d93 addi             x27, x27, 1         x27=00000008 x27:00000007
13792113ns          237127 1c0089f4 00044503 lbu              x10, 0(x8)          x10=0000004d  x8:1c0000e8  PA:1c0000e8
13792411ns          237142 1c0089f8 00140413 addi             x8, x8, 1            x8=1c0000e9  x8:1c0000e8
13792431ns          237143 1c0089fa fe0514e3 bne              x10, x0, -24        x10:0000004d
13792511ns          237147 1c0089e2 02500793 addi             x15, x0, 37         x15=00000025
13792531ns          237148 1c0089e6 04f50863 beq              x10, x15, 80        x10:0000004d x15:00000025
13792551ns          237149 1c0089ea 01a005b3 add              x11, x0, x26        x11=00000002 x26:00000002
13792571ns          237150 1c0089ec 000b00e7 jalr             x1, x22, 0           x1=1c0089ee x22:1c0088f8
13792610ns          237152 1c0088f8 000026b7 lui              x13, 0x2000         x13=00002000
13792630ns          237153 1c0088fa f14027f3 csrrs            x15, x0, 0xf14      x15=00000000
13792650ns          237154 1c0088fe f8068693 addi             x13, x13, -128      x13=00001f80 x13:00002000
13792670ns          237155 1c008902 00379713 slli             x14, x15, 0x3       x14=00000000 x15:00000000
13792690ns          237156 1c008906 00279793 slli             x15, x15, 0x2       x15=00000000 x15:00000000
13792710ns          237157 1c008908 00d7f7b3 and              x15, x15, x13       x15=00000000 x15:00000000 x13:00001f80
13792730ns          237158 1c00890a ee873733 p.bclr           x14, x14, 23, 8     x14=00000000 x14:00000000
13792750ns          237159 1c00890e 1a10f6b7 lui              x13, 0x1a10f000     x13=1a10f000
13792769ns          237160 1c008912 0ff57513 andi             x10, x10, 255       x10=0000004d x10:0000004d
13792789ns          237161 1c008916 00d70733 add              x14, x14, x13       x14=1a10f000 x14:00000000 x13:1a10f000
13792809ns          237162 1c008918 00a7e723 p.sw             x10, x0(x15)        x10:0000004d x15:00000000  PA:1a10f000
13793128ns          237178 1c00891c 00000513 addi             x10, x0, 0          x10=00000000
13793147ns          237179 1c00891e 00008067 jalr             x0, x1, 0            x1:1c0089ee
13793207ns          237182 1c0089ee 31f52563 p.beqimm         x10, 778            x10:00000000
13793227ns          237183 1c0089f2 001d8d93 addi             x27, x27, 1         x27=00000009 x27:00000008
13793247ns          237184 1c0089f4 00044503 lbu              x10, 0(x8)          x10=00000041  x8:1c0000e9  PA:1c0000e9
13793545ns          237199 1c0089f8 00140413 addi             x8, x8, 1            x8=1c0000ea  x8:1c0000e9
13793565ns          237200 1c0089fa fe0514e3 bne              x10, x0, -24        x10:00000041
13793645ns          237204 1c0089e2 02500793 addi             x15, x0, 37         x15=00000025
13793665ns          237205 1c0089e6 04f50863 beq              x10, x15, 80        x10:00000041 x15:00000025
13793684ns          237206 1c0089ea 01a005b3 add              x11, x0, x26        x11=00000002 x26:00000002
13793704ns          237207 1c0089ec 000b00e7 jalr             x1, x22, 0           x1=1c0089ee x22:1c0088f8
13793744ns          237209 1c0088f8 000026b7 lui              x13, 0x2000         x13=00002000
13793764ns          237210 1c0088fa f14027f3 csrrs            x15, x0, 0xf14      x15=00000000
13793784ns          237211 1c0088fe f8068693 addi             x13, x13, -128      x13=00001f80 x13:00002000
13793804ns          237212 1c008902 00379713 slli             x14, x15, 0x3       x14=00000000 x15:00000000
13793824ns          237213 1c008906 00279793 slli             x15, x15, 0x2       x15=00000000 x15:00000000
13793844ns          237214 1c008908 00d7f7b3 and              x15, x15, x13       x15=00000000 x15:00000000 x13:00001f80
13793863ns          237215 1c00890a ee873733 p.bclr           x14, x14, 23, 8     x14=00000000 x14:00000000
13793883ns          237216 1c00890e 1a10f6b7 lui              x13, 0x1a10f000     x13=1a10f000
13793903ns          237217 1c008912 0ff57513 andi             x10, x10, 255       x10=00000041 x10:00000041
13793923ns          237218 1c008916 00d70733 add              x14, x14, x13       x14=1a10f000 x14:00000000 x13:1a10f000
13793943ns          237219 1c008918 00a7e723 p.sw             x10, x0(x15)        x10:00000041 x15:00000000  PA:1a10f000
13794261ns          237235 1c00891c 00000513 addi             x10, x0, 0          x10=00000000
13794281ns          237236 1c00891e 00008067 jalr             x0, x1, 0            x1:1c0089ee
13794341ns          237239 1c0089ee 31f52563 p.beqimm         x10, 778            x10:00000000
13794361ns          237240 1c0089f2 001d8d93 addi             x27, x27, 1         x27=0000000a x27:00000009
13794381ns          237241 1c0089f4 00044503 lbu              x10, 0(x8)          x10=00000052  x8:1c0000ea  PA:1c0000ea
13794699ns          237257 1c0089f8 00140413 addi             x8, x8, 1            x8=1c0000eb  x8:1c0000ea
13794719ns          237258 1c0089fa fe0514e3 bne              x10, x0, -24        x10:00000052
13794798ns          237262 1c0089e2 02500793 addi             x15, x0, 37         x15=00000025
13794818ns          237263 1c0089e6 04f50863 beq              x10, x15, 80        x10:00000052 x15:00000025
13794838ns          237264 1c0089ea 01a005b3 add              x11, x0, x26        x11=00000002 x26:00000002
13794858ns          237265 1c0089ec 000b00e7 jalr             x1, x22, 0           x1=1c0089ee x22:1c0088f8
13794898ns          237267 1c0088f8 000026b7 lui              x13, 0x2000         x13=00002000
13794918ns          237268 1c0088fa f14027f3 csrrs            x15, x0, 0xf14      x15=00000000
13794938ns          237269 1c0088fe f8068693 addi             x13, x13, -128      x13=00001f80 x13:00002000
13794957ns          237270 1c008902 00379713 slli             x14, x15, 0x3       x14=00000000 x15:00000000
13794977ns          237271 1c008906 00279793 slli             x15, x15, 0x2       x15=00000000 x15:00000000
13794997ns          237272 1c008908 00d7f7b3 and              x15, x15, x13       x15=00000000 x15:00000000 x13:00001f80
13795017ns          237273 1c00890a ee873733 p.bclr           x14, x14, 23, 8     x14=00000000 x14:00000000
13795037ns          237274 1c00890e 1a10f6b7 lui              x13, 0x1a10f000     x13=1a10f000
13795057ns          237275 1c008912 0ff57513 andi             x10, x10, 255       x10=00000052 x10:00000052
13795077ns          237276 1c008916 00d70733 add              x14, x14, x13       x14=1a10f000 x14:00000000 x13:1a10f000
13795097ns          237277 1c008918 00a7e723 p.sw             x10, x0(x15)        x10:00000052 x15:00000000  PA:1a10f000
13795415ns          237293 1c00891c 00000513 addi             x10, x0, 0          x10=00000000
13795435ns          237294 1c00891e 00008067 jalr             x0, x1, 0            x1:1c0089ee
13795495ns          237297 1c0089ee 31f52563 p.beqimm         x10, 778            x10:00000000
13795514ns          237298 1c0089f2 001d8d93 addi             x27, x27, 1         x27=0000000b x27:0000000a
13795534ns          237299 1c0089f4 00044503 lbu              x10, 0(x8)          x10=00000059  x8:1c0000eb  PA:1c0000eb
13795833ns          237314 1c0089f8 00140413 addi             x8, x8, 1            x8=1c0000ec  x8:1c0000eb
13795853ns          237315 1c0089fa fe0514e3 bne              x10, x0, -24        x10:00000059
13795932ns          237319 1c0089e2 02500793 addi             x15, x0, 37         x15=00000025
13795952ns          237320 1c0089e6 04f50863 beq              x10, x15, 80        x10:00000059 x15:00000025
13795972ns          237321 1c0089ea 01a005b3 add              x11, x0, x26        x11=00000002 x26:00000002
13795992ns          237322 1c0089ec 000b00e7 jalr             x1, x22, 0           x1=1c0089ee x22:1c0088f8
13796032ns          237324 1c0088f8 000026b7 lui              x13, 0x2000         x13=00002000
13796051ns          237325 1c0088fa f14027f3 csrrs            x15, x0, 0xf14      x15=00000000
13796071ns          237326 1c0088fe f8068693 addi             x13, x13, -128      x13=00001f80 x13:00002000
13796091ns          237327 1c008902 00379713 slli             x14, x15, 0x3       x14=00000000 x15:00000000
13796111ns          237328 1c008906 00279793 slli             x15, x15, 0x2       x15=00000000 x15:00000000
13796131ns          237329 1c008908 00d7f7b3 and              x15, x15, x13       x15=00000000 x15:00000000 x13:00001f80
13796151ns          237330 1c00890a ee873733 p.bclr           x14, x14, 23, 8     x14=00000000 x14:00000000
13796171ns          237331 1c00890e 1a10f6b7 lui              x13, 0x1a10f000     x13=1a10f000
13796191ns          237332 1c008912 0ff57513 andi             x10, x10, 255       x10=00000059 x10:00000059
13796211ns          237333 1c008916 00d70733 add              x14, x14, x13       x14=1a10f000 x14:00000000 x13:1a10f000
13796230ns          237334 1c008918 00a7e723 p.sw             x10, x0(x15)        x10:00000059 x15:00000000  PA:1a10f000
13796569ns          237351 1c00891c 00000513 addi             x10, x0, 0          x10=00000000
13796589ns          237352 1c00891e 00008067 jalr             x0, x1, 0            x1:1c0089ee
13796648ns          237355 1c0089ee 31f52563 p.beqimm         x10, 778            x10:00000000
13796668ns          237356 1c0089f2 001d8d93 addi             x27, x27, 1         x27=0000000c x27:0000000b
13796688ns          237357 1c0089f4 00044503 lbu              x10, 0(x8)          x10=0000003a  x8:1c0000ec  PA:1c0000ec
13796986ns          237372 1c0089f8 00140413 addi             x8, x8, 1            x8=1c0000ed  x8:1c0000ec
13797006ns          237373 1c0089fa fe0514e3 bne              x10, x0, -24        x10:0000003a
13797086ns          237377 1c0089e2 02500793 addi             x15, x0, 37         x15=00000025
13797106ns          237378 1c0089e6 04f50863 beq              x10, x15, 80        x10:0000003a x15:00000025
13797126ns          237379 1c0089ea 01a005b3 add              x11, x0, x26        x11=00000002 x26:00000002
13797145ns          237380 1c0089ec 000b00e7 jalr             x1, x22, 0           x1=1c0089ee x22:1c0088f8
13797185ns          237382 1c0088f8 000026b7 lui              x13, 0x2000         x13=00002000
13797205ns          237383 1c0088fa f14027f3 csrrs            x15, x0, 0xf14      x15=00000000
13797225ns          237384 1c0088fe f8068693 addi             x13, x13, -128      x13=00001f80 x13:00002000
13797245ns          237385 1c008902 00379713 slli             x14, x15, 0x3       x14=00000000 x15:00000000
13797265ns          237386 1c008906 00279793 slli             x15, x15, 0x2       x15=00000000 x15:00000000
13797285ns          237387 1c008908 00d7f7b3 and              x15, x15, x13       x15=00000000 x15:00000000 x13:00001f80
13797305ns          237388 1c00890a ee873733 p.bclr           x14, x14, 23, 8     x14=00000000 x14:00000000
13797324ns          237389 1c00890e 1a10f6b7 lui              x13, 0x1a10f000     x13=1a10f000
13797344ns          237390 1c008912 0ff57513 andi             x10, x10, 255       x10=0000003a x10:0000003a
13797364ns          237391 1c008916 00d70733 add              x14, x14, x13       x14=1a10f000 x14:00000000 x13:1a10f000
13797384ns          237392 1c008918 00a7e723 p.sw             x10, x0(x15)        x10:0000003a x15:00000000  PA:1a10f000
13797702ns          237408 1c00891c 00000513 addi             x10, x0, 0          x10=00000000
13797722ns          237409 1c00891e 00008067 jalr             x0, x1, 0            x1:1c0089ee
13797782ns          237412 1c0089ee 31f52563 p.beqimm         x10, 778            x10:00000000
13797802ns          237413 1c0089f2 001d8d93 addi             x27, x27, 1         x27=0000000d x27:0000000c
13797822ns          237414 1c0089f4 00044503 lbu              x10, 0(x8)          x10=00000020  x8:1c0000ed  PA:1c0000ed
13798140ns          237430 1c0089f8 00140413 addi             x8, x8, 1            x8=1c0000ee  x8:1c0000ed
13798160ns          237431 1c0089fa fe0514e3 bne              x10, x0, -24        x10:00000020
13798239ns          237435 1c0089e2 02500793 addi             x15, x0, 37         x15=00000025
13798259ns          237436 1c0089e6 04f50863 beq              x10, x15, 80        x10:00000020 x15:00000025
13798279ns          237437 1c0089ea 01a005b3 add              x11, x0, x26        x11=00000002 x26:00000002
13798299ns          237438 1c0089ec 000b00e7 jalr             x1, x22, 0           x1=1c0089ee x22:1c0088f8
13798339ns          237440 1c0088f8 000026b7 lui              x13, 0x2000         x13=00002000
13798359ns          237441 1c0088fa f14027f3 csrrs            x15, x0, 0xf14      x15=00000000
13798379ns          237442 1c0088fe f8068693 addi             x13, x13, -128      x13=00001f80 x13:00002000
13798399ns          237443 1c008902 00379713 slli             x14, x15, 0x3       x14=00000000 x15:00000000
13798418ns          237444 1c008906 00279793 slli             x15, x15, 0x2       x15=00000000 x15:00000000
13798438ns          237445 1c008908 00d7f7b3 and              x15, x15, x13       x15=00000000 x15:00000000 x13:00001f80
13798458ns          237446 1c00890a ee873733 p.bclr           x14, x14, 23, 8     x14=00000000 x14:00000000
13798478ns          237447 1c00890e 1a10f6b7 lui              x13, 0x1a10f000     x13=1a10f000
13798498ns          237448 1c008912 0ff57513 andi             x10, x10, 255       x10=00000020 x10:00000020
13798518ns          237449 1c008916 00d70733 add              x14, x14, x13       x14=1a10f000 x14:00000000 x13:1a10f000
13798538ns          237450 1c008918 00a7e723 p.sw             x10, x0(x15)        x10:00000020 x15:00000000  PA:1a10f000
13798856ns          237466 1c00891c 00000513 addi             x10, x0, 0          x10=00000000
13798876ns          237467 1c00891e 00008067 jalr             x0, x1, 0            x1:1c0089ee
13798936ns          237470 1c0089ee 31f52563 p.beqimm         x10, 778            x10:00000000
13798956ns          237471 1c0089f2 001d8d93 addi             x27, x27, 1         x27=0000000e x27:0000000d
13798975ns          237472 1c0089f4 00044503 lbu              x10, 0(x8)          x10=00000000  x8:1c0000ee  PA:1c0000ee
13799274ns          237487 1c0089f8 00140413 addi             x8, x8, 1            x8=1c0000ef  x8:1c0000ee
13799294ns          237488 1c0089fa fe0514e3 bne              x10, x0, -24        x10:00000000
13799314ns          237489 1c0089fc 01b00433 add              x8, x0, x27          x8=0000000e x27:0000000e
13799333ns          237490 1c0089fe 00800533 add              x10, x0, x8         x10=0000000e  x8:0000000e
13799353ns          237491 1c008a00 12c12083 lw               x1, 300(x2)          x1=1c00898c  x2:10000638  PA:10000764
13799373ns          237492 1c008a04 12812403 lw               x8, 296(x2)          x8=1c000e80  x2:10000638  PA:10000760
13799393ns          237493 1c008a08 12412483 lw               x9, 292(x2)          x9=00000000  x2:10000638  PA:1000075c
13799413ns          237494 1c008a0c 12012903 lw               x18, 288(x2)        x18=1a10b004  x2:10000638  PA:10000758
13799433ns          237495 1c008a10 11c12983 lw               x19, 284(x2)        x19=00000000  x2:10000638  PA:10000754
13799453ns          237496 1c008a14 11812a03 lw               x20, 280(x2)        x20=1c000e84  x2:10000638  PA:10000750
13799473ns          237497 1c008a18 11412a83 lw               x21, 276(x2)        x21=1c00a000  x2:10000638  PA:1000074c
13799493ns          237498 1c008a1c 11012b03 lw               x22, 272(x2)        x22=1c00a000  x2:10000638  PA:10000748
13799532ns          237500 1c008a20 10c12b83 lw               x23, 268(x2)        x23=1c000000  x2:10000638  PA:10000744
13799572ns          237502 1c008a24 10812c03 lw               x24, 264(x2)        x24=1c000000  x2:10000638  PA:10000740
13799592ns          237503 1c008a28 10412c83 lw               x25, 260(x2)        x25=1c000000  x2:10000638  PA:1000073c
13799612ns          237504 1c008a2c 10012d03 lw               x26, 256(x2)        x26=1c000000  x2:10000638  PA:10000738
13799632ns          237505 1c008a30 0fc12d83 lw               x27, 252(x2)        x27=1c000e80  x2:10000638  PA:10000734
13799652ns          237506 1c008a32 13010113 addi             x2, x2, 304          x2=10000768  x2:10000638
13799672ns          237507 1c008a34 00008067 jalr             x0, x1, 0            x1:1c00898c
13799711ns          237509 1c00898c 01c12083 lw               x1, 28(x2)           x1=1c009c0a  x2:10000768  PA:10000784
13799731ns          237510 1c00898e 04010113 addi             x2, x2, 64           x2=100007a8  x2:10000768
13799771ns          237512 1c008990 00008067 jalr             x0, x1, 0            x1:1c009c0a
13799811ns          237514 1c009c0a 02048463 beq              x9, x0, 40           x9:00000000
13800766ns          237562 1c009c32 1c000537 lui              x10, 0x1c000000     x10=1c000000
13800785ns          237563 1c009c36 0f050513 addi             x10, x10, 240       x10=1c0000f0 x10:1c000000
13800805ns          237564 1c009c3a c6dfe0ef jal              x1, -5012            x1=1c009c3e
13800984ns          237573 1c0088a6 0015478b p.lbu            x15, 1(x10!)        x15=00000053 x10=1c0000f1 x10:1c0000f0  PA:1c0000f0
13801303ns          237589 1c0088aa 02078463 beq              x15, x0, 40         x15:00000053
13801323ns          237590 1c0088ac f14026f3 csrrs            x13, x0, 0xf14      x13=00000000
13801442ns          237596 1c0088b0 00369713 slli             x14, x13, 0x3       x14=00000000 x13:00000000
13801482ns          237598 1c0088b4 1a10f637 lui              x12, 0x1a10f000     x12=1a10f000
13801502ns          237599 1c0088b8 ee873733 p.bclr           x14, x14, 23, 8     x14=00000000 x14:00000000
13801521ns          237600 1c0088bc 00c70733 add              x14, x14, x12       x14=1a10f000 x14:00000000 x12:1a10f000
13801541ns          237601 1c0088be 00002637 lui              x12, 0x2000         x12=00002000
13801979ns          237623 1c0088c0 00269693 slli             x13, x13, 0x2       x13=00000000 x13:00000000
13802019ns          237625 1c0088c2 f8060613 addi             x12, x12, -128      x12=00001f80 x12:00002000
13802039ns          237626 1c0088c6 00c6f6b3 and              x13, x13, x12       x13=00000000 x13:00000000 x12:00001f80
13802058ns          237627 1c0088c8 00d70733 add              x14, x14, x13       x14=1a10f000 x14:1a10f000 x13:00000000
13802078ns          237628 1c0088ca 00f72023 sw               x15, 0(x14)         x15:00000053 x14:1a10f000  PA:1a10f000
13802397ns          237644 1c0088cc 0015478b p.lbu            x15, 1(x10!)        x15=00000055 x10=1c0000f2 x10:1c0000f1  PA:1c0000f1
13802715ns          237660 1c0088d0 fe079de3 bne              x15, x0, -6         x15:00000055
13802775ns          237663 1c0088ca 00f72023 sw               x15, 0(x14)         x15:00000055 x14:1a10f000  PA:1a10f000
13803113ns          237680 1c0088cc 0015478b p.lbu            x15, 1(x10!)        x15=00000043 x10=1c0000f3 x10:1c0000f2  PA:1c0000f2
13803431ns          237696 1c0088d0 fe079de3 bne              x15, x0, -6         x15:00000043
13803491ns          237699 1c0088ca 00f72023 sw               x15, 0(x14)         x15:00000043 x14:1a10f000  PA:1a10f000
13803809ns          237715 1c0088cc 0015478b p.lbu            x15, 1(x10!)        x15=00000043 x10=1c0000f4 x10:1c0000f3  PA:1c0000f3
13804127ns          237731 1c0088d0 fe079de3 bne              x15, x0, -6         x15:00000043
13804187ns          237734 1c0088ca 00f72023 sw               x15, 0(x14)         x15:00000043 x14:1a10f000  PA:1a10f000
13804525ns          237751 1c0088cc 0015478b p.lbu            x15, 1(x10!)        x15=00000045 x10=1c0000f5 x10:1c0000f4  PA:1c0000f4
13804843ns          237767 1c0088d0 fe079de3 bne              x15, x0, -6         x15:00000045
13804903ns          237770 1c0088ca 00f72023 sw               x15, 0(x14)         x15:00000045 x14:1a10f000  PA:1a10f000
13805221ns          237786 1c0088cc 0015478b p.lbu            x15, 1(x10!)        x15=00000053 x10=1c0000f6 x10:1c0000f5  PA:1c0000f5
13805539ns          237802 1c0088d0 fe079de3 bne              x15, x0, -6         x15:00000053
13805599ns          237805 1c0088ca 00f72023 sw               x15, 0(x14)         x15:00000053 x14:1a10f000  PA:1a10f000
13805917ns          237821 1c0088cc 0015478b p.lbu            x15, 1(x10!)        x15=00000053 x10=1c0000f7 x10:1c0000f6  PA:1c0000f6
13806255ns          237838 1c0088d0 fe079de3 bne              x15, x0, -6         x15:00000053
13806315ns          237841 1c0088ca 00f72023 sw               x15, 0(x14)         x15:00000053 x14:1a10f000  PA:1a10f000
13806633ns          237857 1c0088cc 0015478b p.lbu            x15, 1(x10!)        x15=00000000 x10=1c0000f8 x10:1c0000f7  PA:1c0000f7
13806952ns          237873 1c0088d0 fe079de3 bne              x15, x0, -6         x15:00000000
13806971ns          237874 1c0088d2 f14027f3 csrrs            x15, x0, 0xf14      x15=00000000
13806991ns          237875 1c0088d6 00379713 slli             x14, x15, 0x3       x14=00000000 x15:00000000
13807011ns          237876 1c0088da 1a10f6b7 lui              x13, 0x1a10f000     x13=1a10f000
13807449ns          237898 1c0088de ee873733 p.bclr           x14, x14, 23, 8     x14=00000000 x14:00000000
13807469ns          237899 1c0088e2 00d70733 add              x14, x14, x13       x14=1a10f000 x14:00000000 x13:1a10f000
13807489ns          237900 1c0088e4 000026b7 lui              x13, 0x2000         x13=00002000
13807509ns          237901 1c0088e6 f8068693 addi             x13, x13, -128      x13=00001f80 x13:00002000
13807528ns          237902 1c0088ea 00279793 slli             x15, x15, 0x2       x15=00000000 x15:00000000
13807548ns          237903 1c0088ec 00d7f7b3 and              x15, x15, x13       x15=00000000 x15:00000000 x13:00001f80
13807568ns          237904 1c0088ee 00a00693 addi             x13, x0, 10         x13=0000000a
13807588ns          237905 1c0088f0 00d767a3 p.sw             x13, x0(x14)        x13:0000000a x14:1a10f000  PA:1a10f000
13807906ns          237921 1c0088f4 00000513 addi             x10, x0, 0          x10=00000000
13807926ns          237922 1c0088f6 00008067 jalr             x0, x1, 0            x1:1c009c3e
13807966ns          237924 1c009c3e 00000513 addi             x10, x0, 0          x10=00000000
13807986ns          237925 1c009c40 f99ff06f jal              x0, -104           
13808065ns          237929 1c009bd8 04c12083 lw               x1, 76(x2)           x1=1c009cb6  x2:100007a8  PA:100007f4
13808085ns          237930 1c009bda 04812403 lw               x8, 72(x2)           x8=xxxxxxxx  x2:100007a8  PA:100007f0
13808105ns          237931 1c009bdc 04412483 lw               x9, 68(x2)           x9=xxxxxxxx  x2:100007a8  PA:100007ec
13808125ns          237932 1c009bde 04012903 lw               x18, 64(x2)         x18=xxxxxxxx  x2:100007a8  PA:100007e8
13808165ns          237934 1c009be0 03c12983 lw               x19, 60(x2)         x19=xxxxxxxx  x2:100007a8  PA:100007e4
13808185ns          237935 1c009be2 03812a03 lw               x20, 56(x2)         x20=xxxxxxxx  x2:100007a8  PA:100007e0
13808205ns          237936 1c009be4 03412a83 lw               x21, 52(x2)         x21=xxxxxxxx  x2:100007a8  PA:100007dc
13808225ns          237937 1c009be6 03012b03 lw               x22, 48(x2)         x22=xxxxxxxx  x2:100007a8  PA:100007d8
13808244ns          237938 1c009be8 02c12b83 lw               x23, 44(x2)         x23=xxxxxxxx  x2:100007a8  PA:100007d4
13808264ns          237939 1c009bea 02812c03 lw               x24, 40(x2)         x24=xxxxxxxx  x2:100007a8  PA:100007d0
13808284ns          237940 1c009bec 02412c83 lw               x25, 36(x2)         x25=xxxxxxxx  x2:100007a8  PA:100007cc
13808304ns          237941 1c009bee 02012d03 lw               x26, 32(x2)         x26=xxxxxxxx  x2:100007a8  PA:100007c8
13808324ns          237942 1c009bf0 01c12d83 lw               x27, 28(x2)         x27=xxxxxxxx  x2:100007a8  PA:100007c4
13808344ns          237943 1c009bf2 05010113 addi             x2, x2, 80           x2=100007f8  x2:100007a8
13808364ns          237944 1c009bf4 00008067 jalr             x0, x1, 0            x1:1c009cb6
13808483ns          237950 1c009cb6 f14027f3 csrrs            x15, x0, 0xf14      x15=00000000
13808503ns          237951 1c009cba f457b7b3 p.bclr           x15, x15, 26, 5     x15=00000000 x15:00000000
13808523ns          237952 1c009cbe 00079963 bne              x15, x0, 18         x15:00000000
13808563ns          237954 1c009cc0 1c001737 lui              x14, 0x1c001000     x14=1c001000
13808603ns          237956 1c009cc4 1c0017b7 lui              x15, 0x1c001000     x15=1c001000
13808622ns          237957 1c009cc8 e8a72623 sw               x10, -372(x14)      x10:00000000 x14:1c001000  PA:1c000e8c
13808961ns          237974 1c009ccc e807a823 sw               x0, -368(x15)       x15:1c001000  PA:1c000e90
13809279ns          237990 1c009cd0 002047b7 lui              x15, 0x204000       x15=00204000
13809299ns          237991 1c009cd4 fff00713 addi             x14, x0, -1         x14=ffffffff
13809319ns          237992 1c009cd6 00e7a223 sw               x14, 4(x15)         x14:ffffffff x15:00204000  PA:00204004
