                Time          Cycles PC       Instr    Mnemonic
17859036ns          293994 1c008080 0640006f jal              x0, 100            
17859493ns          294017 1c0080e4 f1402573 csrrs            x10, x0, 0xf14      x10=00000002
17859533ns          294019 1c0080e8 01f57593 andi             x11, x10, 31        x11=00000002 x10:00000002
17859553ns          294020 1c0080ec 00555513 srli             x10, x10, 0x5       x10=00000000 x10:00000002
17859573ns          294021 1c0080ee 01f00613 addi             x12, x0, 31         x12=0000001f
17859990ns          294042 1c0080f0 00c50463 beq              x10, x12, 8         x10:00000000 x12:0000001f
17860030ns          294044 1c0080f4 fa1ff06f jal              x0, -96            
17860507ns          294068 1c008094 f3ff8117 auipc            x2, 0xf3ff8000       x2=10000094
17860547ns          294070 1c008098 f7010113 addi             x2, x2, -144         x2=10000004  x2:10000094
17860567ns          294071 1c00809c 00012103 lw               x2, 0(x2)            x2=10000008  x2:10000004  PA:10000004
17861005ns          294093 1c0080a0 000011b7 lui              x3, 0x1000           x3=00001000
17861045ns          294095 1c0080a4 80018193 addi             x3, x3, -2048        x3=00000800  x3:00001000
17861064ns          294096 1c0080a8 00158593 addi             x11, x11, 1         x11=00000003 x11:00000002
17861084ns          294097 1c0080ac 02b180b3 mul              x1, x3, x11          x1=00001800  x3:00000800 x11:00000003
17861522ns          294119 1c0080b0 00110133 add              x2, x2, x1           x2=10001808  x2:10000008  x1:00001800
17861562ns          294121 1c0080b4 2900206f jal              x0, 8848           
17862019ns          294144 1c00a344 ff010113 addi             x2, x2, -16          x2=100017f8  x2:10001808
17862039ns          294145 1c00a346 00112623 sw               x1, 12(x2)           x1:00001800  x2:100017f8  PA:10001804
17862059ns          294146 1c00a348 002047b7 lui              x15, 0x204000       x15=00204000
17862079ns          294147 1c00a34c 00070737 lui              x14, 0x70000        x14=00070000
17862516ns          294169 1c00a350 00e7a423 sw               x14, 8(x15)         x14:00070000 x15:00204000  PA:00204008
17862536ns          294170 1c00a352 00f00713 addi             x14, x0, 15         x14=0000000f
17862556ns          294171 1c00a354 20078793 addi             x15, x15, 512       x15=00204200 x15:00204000
17862576ns          294172 1c00a358 00e7a023 sw               x14, 0(x15)         x14:0000000f x15:00204200  PA:00204200
17862596ns          294173 1c00a35c 00e7a623 sw               x14, 12(x15)        x14:0000000f x15:00204200  PA:0020420c
17863034ns          294195 1c00a360 1c0017b7 lui              x15, 0x1c001000     x15=1c001000
17863073ns          294197 1c00a364 ad47a783 lw               x15, -1324(x15)     x15=1c00870a x15:1c001000  PA:1c000ad4
17863531ns          294220 1c00a368 000780e7 jalr             x1, x15, 0           x1=1c00a36a x15:1c00870a
17864028ns          294245 1c00870a e5010113 addi             x2, x2, -432         x2=10001648  x2:100017f8
17864068ns          294247 1c00870c 1a812423 sw               x8, 424(x2)          x8:xxxxxxxx  x2:10001648  PA:100017f0
17864525ns          294270 1c008710 1a112623 sw               x1, 428(x2)          x1:1c00a36a  x2:10001648  PA:100017f4
17864565ns          294272 1c008714 f1402473 csrrs            x8, x0, 0xf14        x8=00000002
17864585ns          294273 1c008718 ca5417b3 p.extractu       x15, x8, 5, 5       x15=00000000  x8:00000002
17864605ns          294274 1c00871c 3a079663 bne              x15, x0, 940        x15:00000000
17865043ns          294296 1c008720 f4543433 p.bclr           x8, x8, 26, 5        x8=00000002  x8:00000002
17865082ns          294298 1c008724 1c000537 lui              x10, 0x1c000000     x10=1c000000
17865102ns          294299 1c008728 00800633 add              x12, x0, x8         x12=00000002  x8:00000002
17865122ns          294300 1c00872a 00100593 addi             x11, x0, 1          x11=00000001
17865142ns          294301 1c00872c 08050513 addi             x10, x10, 128       x10=1c000080 x10:1c000000
17865560ns          294322 1c008730 175000ef jal              x1, 2420             x1=1c008734
17866017ns          294345 1c0090a4 fc010113 addi             x2, x2, -64          x2=10001608  x2:10001648
17866057ns          294347 1c0090a6 02410313 addi             x6, x2, 36           x6=1000162c  x2:10001608
17866077ns          294348 1c0090aa 02c12423 sw               x12, 40(x2)         x12:00000002  x2:10001608  PA:10001630
17866097ns          294349 1c0090ac 00a00633 add              x12, x0, x10        x12=1c000080 x10:1c000080
17866514ns          294370 1c0090ae 1c009537 lui              x10, 0x1c009000     x10=1c009000
17866534ns          294371 1c0090b2 02b12223 sw               x11, 36(x2)         x11:00000001  x2:10001608  PA:1000162c
17866554ns          294372 1c0090b4 02d12623 sw               x13, 44(x2)         x13:xxxxxxxx  x2:10001608  PA:10001634
17866574ns          294373 1c0090b6 00200593 addi             x11, x0, 2          x11=00000002
17866594ns          294374 1c0090b8 006006b3 add              x13, x0, x6         x13=1000162c  x6:1000162c
17866614ns          294375 1c0090ba 03850513 addi             x10, x10, 56        x10=1c009038 x10:1c009000
17866634ns          294376 1c0090be 00112e23 sw               x1, 28(x2)           x1:1c008734  x2:10001608  PA:10001624
17867032ns          294396 1c0090c0 02e12823 sw               x14, 48(x2)         x14:0000000f  x2:10001608  PA:10001638
17867052ns          294397 1c0090c2 02f12a23 sw               x15, 52(x2)         x15:00000000  x2:10001608  PA:1000163c
17867071ns          294398 1c0090c4 03012c23 sw               x16, 56(x2)         x16:xxxxxxxx  x2:10001608  PA:10001640
17867091ns          294399 1c0090c6 03112e23 sw               x17, 60(x2)         x17:xxxxxxxx  x2:10001608  PA:10001644
17867111ns          294400 1c0090c8 00612623 sw               x6, 12(x2)           x6:1000162c  x2:10001608  PA:10001614
17867131ns          294401 1c0090ca fbfff0ef jal              x1, -66              x1=1c0090cc
17868006ns          294445 1c009088 04a0006f jal              x0, 74             
17868046ns          294447 1c0090d2 ed010113 addi             x2, x2, -304         x2=100014d8  x2:10001608
17868066ns          294448 1c0090d4 12812423 sw               x8, 296(x2)          x8:00000002  x2:100014d8  PA:10001600
17868086ns          294449 1c0090d8 00000413 addi             x8, x0, 0            x8=00000000
17868106ns          294450 1c0090da 11612823 sw               x22, 272(x2)        x22:xxxxxxxx  x2:100014d8  PA:100015e8
17868563ns          294473 1c0090de 11712623 sw               x23, 268(x2)        x23:xxxxxxxx  x2:100014d8  PA:100015e4
17868603ns          294475 1c0090e2 11812423 sw               x24, 264(x2)        x24:xxxxxxxx  x2:100014d8  PA:100015e0
17868623ns          294476 1c0090e6 11912223 sw               x25, 260(x2)        x25:xxxxxxxx  x2:100014d8  PA:100015dc
17868643ns          294477 1c0090ea 11a12023 sw               x26, 256(x2)        x26:xxxxxxxx  x2:100014d8  PA:100015d8
17868663ns          294478 1c0090ee 0fb12e23 sw               x27, 252(x2)        x27:xxxxxxxx  x2:100014d8  PA:100015d4
17869080ns          294499 1c0090f0 12112623 sw               x1, 300(x2)          x1:1c0090cc  x2:100014d8  PA:10001604
17869120ns          294501 1c0090f4 00800db3 add              x27, x0, x8         x27=00000000  x8:00000000
17869140ns          294502 1c0090f6 12912223 sw               x9, 292(x2)          x9:xxxxxxxx  x2:100014d8  PA:100015fc
17869160ns          294503 1c0090fa 13212023 sw               x18, 288(x2)        x18:xxxxxxxx  x2:100014d8  PA:100015f8
17869598ns          294525 1c0090fe 11312e23 sw               x19, 284(x2)        x19:xxxxxxxx  x2:100014d8  PA:100015f4
17869637ns          294527 1c009102 11412c23 sw               x20, 280(x2)        x20:xxxxxxxx  x2:100014d8  PA:100015f0
17869657ns          294528 1c009106 11512a23 sw               x21, 276(x2)        x21:xxxxxxxx  x2:100014d8  PA:100015ec
17869677ns          294529 1c00910a 00a00b33 add              x22, x0, x10        x22=1c009038 x10:1c009038
17869697ns          294530 1c00910c 00b00d33 add              x26, x0, x11        x26=00000002 x11:00000002
17869717ns          294531 1c00910e 00d00c33 add              x24, x0, x13        x24=1000162c x13:1000162c
17870115ns          294551 1c009110 1c000bb7 lui              x23, 0x1c000000     x23=1c000000
17870154ns          294553 1c009114 02410c93 addi             x25, x2, 36         x25=100014fc  x2:100014d8
17870174ns          294554 1c009118 00c00433 add              x8, x0, x12          x8=1c000080 x12:1c000080
17870194ns          294555 1c00911a 00044503 lbu              x10, 0(x8)          x10=00000073  x8:1c000080  PA:1c000080
17870592ns          294575 1c00911e 00140413 addi             x8, x8, 1            x8=1c000081  x8:1c000080
17870632ns          294577 1c009120 00050e63 beq              x10, x0, 28         x10:00000073
17870672ns          294579 1c009122 02500793 addi             x15, x0, 37         x15=00000025
17870692ns          294580 1c009126 04f50863 beq              x10, x15, 80        x10:00000073 x15:00000025
17870711ns          294581 1c00912a 01a005b3 add              x11, x0, x26        x11=00000002 x26:00000002
17870731ns          294582 1c00912c 000b00e7 jalr             x1, x22, 0           x1=1c00912e x22:1c009038
17871666ns          294629 1c009038 000026b7 lui              x13, 0x2000         x13=00002000
17871706ns          294631 1c00903a f14027f3 csrrs            x15, x0, 0xf14      x15=00000002
17872144ns          294653 1c00903e f8068693 addi             x13, x13, -128      x13=00001f80 x13:00002000
17872183ns          294655 1c009042 00379713 slli             x14, x15, 0x3       x14=00000010 x15:00000002
17872203ns          294656 1c009046 00279793 slli             x15, x15, 0x2       x15=00000008 x15:00000002
17872223ns          294657 1c009048 00d7f7b3 and              x15, x15, x13       x15=00000000 x15:00000008 x13:00001f80
17872243ns          294658 1c00904a ee873733 p.bclr           x14, x14, 23, 8     x14=00000010 x14:00000010
17872661ns          294679 1c00904e 1a10f6b7 lui              x13, 0x1a10f000     x13=1a10f000
17872700ns          294681 1c009052 0ff57513 andi             x10, x10, 255       x10=00000073 x10:00000073
17872720ns          294682 1c009056 00d70733 add              x14, x14, x13       x14=1a10f010 x14:00000010 x13:1a10f000
17872740ns          294683 1c009058 00a7e723 p.sw             x10, x0(x15)        x10:00000073 x15:00000000  PA:1a10f010
17873138ns          294703 1c00905c 00000513 addi             x10, x0, 0          x10=00000000
17873158ns          294704 1c00905e 00008067 jalr             x0, x1, 0            x1:1c00912e
17873277ns          294710 1c00912e 31f52563 p.beqimm         x10, 778            x10:00000000
17873297ns          294711 1c009132 001d8d93 addi             x27, x27, 1         x27=00000001 x27:00000000
17873317ns          294712 1c009134 00044503 lbu              x10, 0(x8)          x10=00000074  x8:1c000081  PA:1c000081
17873755ns          294734 1c009138 00140413 addi             x8, x8, 1            x8=1c000082  x8:1c000081
17873775ns          294735 1c00913a fe0514e3 bne              x10, x0, -24        x10:00000074
17873894ns          294741 1c009122 02500793 addi             x15, x0, 37         x15=00000025
17873914ns          294742 1c009126 04f50863 beq              x10, x15, 80        x10:00000074 x15:00000025
17873934ns          294743 1c00912a 01a005b3 add              x11, x0, x26        x11=00000002 x26:00000002
17873954ns          294744 1c00912c 000b00e7 jalr             x1, x22, 0           x1=1c00912e x22:1c009038
17873993ns          294746 1c009038 000026b7 lui              x13, 0x2000         x13=00002000
17874013ns          294747 1c00903a f14027f3 csrrs            x15, x0, 0xf14      x15=00000002
17874033ns          294748 1c00903e f8068693 addi             x13, x13, -128      x13=00001f80 x13:00002000
17874053ns          294749 1c009042 00379713 slli             x14, x15, 0x3       x14=00000010 x15:00000002
17874073ns          294750 1c009046 00279793 slli             x15, x15, 0x2       x15=00000008 x15:00000002
17874093ns          294751 1c009048 00d7f7b3 and              x15, x15, x13       x15=00000000 x15:00000008 x13:00001f80
17874113ns          294752 1c00904a ee873733 p.bclr           x14, x14, 23, 8     x14=00000010 x14:00000010
17874133ns          294753 1c00904e 1a10f6b7 lui              x13, 0x1a10f000     x13=1a10f000
17874153ns          294754 1c009052 0ff57513 andi             x10, x10, 255       x10=00000074 x10:00000074
17874172ns          294755 1c009056 00d70733 add              x14, x14, x13       x14=1a10f010 x14:00000010 x13:1a10f000
17874192ns          294756 1c009058 00a7e723 p.sw             x10, x0(x15)        x10:00000074 x15:00000000  PA:1a10f010
17874590ns          294776 1c00905c 00000513 addi             x10, x0, 0          x10=00000000
17874610ns          294777 1c00905e 00008067 jalr             x0, x1, 0            x1:1c00912e
17874670ns          294780 1c00912e 31f52563 p.beqimm         x10, 778            x10:00000000
17874690ns          294781 1c009132 001d8d93 addi             x27, x27, 1         x27=00000002 x27:00000001
17874709ns          294782 1c009134 00044503 lbu              x10, 0(x8)          x10=00000061  x8:1c000082  PA:1c000082
17875028ns          294798 1c009138 00140413 addi             x8, x8, 1            x8=1c000083  x8:1c000082
17875048ns          294799 1c00913a fe0514e3 bne              x10, x0, -24        x10:00000061
17875127ns          294803 1c009122 02500793 addi             x15, x0, 37         x15=00000025
17875147ns          294804 1c009126 04f50863 beq              x10, x15, 80        x10:00000061 x15:00000025
17875167ns          294805 1c00912a 01a005b3 add              x11, x0, x26        x11=00000002 x26:00000002
17875187ns          294806 1c00912c 000b00e7 jalr             x1, x22, 0           x1=1c00912e x22:1c009038
17875227ns          294808 1c009038 000026b7 lui              x13, 0x2000         x13=00002000
17875246ns          294809 1c00903a f14027f3 csrrs            x15, x0, 0xf14      x15=00000002
17875266ns          294810 1c00903e f8068693 addi             x13, x13, -128      x13=00001f80 x13:00002000
17875286ns          294811 1c009042 00379713 slli             x14, x15, 0x3       x14=00000010 x15:00000002
17875306ns          294812 1c009046 00279793 slli             x15, x15, 0x2       x15=00000008 x15:00000002
17875326ns          294813 1c009048 00d7f7b3 and              x15, x15, x13       x15=00000000 x15:00000008 x13:00001f80
17875346ns          294814 1c00904a ee873733 p.bclr           x14, x14, 23, 8     x14=00000010 x14:00000010
17875366ns          294815 1c00904e 1a10f6b7 lui              x13, 0x1a10f000     x13=1a10f000
17875386ns          294816 1c009052 0ff57513 andi             x10, x10, 255       x10=00000061 x10:00000061
17875406ns          294817 1c009056 00d70733 add              x14, x14, x13       x14=1a10f010 x14:00000010 x13:1a10f000
17875426ns          294818 1c009058 00a7e723 p.sw             x10, x0(x15)        x10:00000061 x15:00000000  PA:1a10f010
17875744ns          294834 1c00905c 00000513 addi             x10, x0, 0          x10=00000000
17875764ns          294835 1c00905e 00008067 jalr             x0, x1, 0            x1:1c00912e
17875823ns          294838 1c00912e 31f52563 p.beqimm         x10, 778            x10:00000000
17875843ns          294839 1c009132 001d8d93 addi             x27, x27, 1         x27=00000003 x27:00000002
17875863ns          294840 1c009134 00044503 lbu              x10, 0(x8)          x10=00000072  x8:1c000083  PA:1c000083
17876161ns          294855 1c009138 00140413 addi             x8, x8, 1            x8=1c000084  x8:1c000083
17876181ns          294856 1c00913a fe0514e3 bne              x10, x0, -24        x10:00000072
17876261ns          294860 1c009122 02500793 addi             x15, x0, 37         x15=00000025
17876281ns          294861 1c009126 04f50863 beq              x10, x15, 80        x10:00000072 x15:00000025
17876301ns          294862 1c00912a 01a005b3 add              x11, x0, x26        x11=00000002 x26:00000002
17876321ns          294863 1c00912c 000b00e7 jalr             x1, x22, 0           x1=1c00912e x22:1c009038
17876360ns          294865 1c009038 000026b7 lui              x13, 0x2000         x13=00002000
17876380ns          294866 1c00903a f14027f3 csrrs            x15, x0, 0xf14      x15=00000002
17876400ns          294867 1c00903e f8068693 addi             x13, x13, -128      x13=00001f80 x13:00002000
17876420ns          294868 1c009042 00379713 slli             x14, x15, 0x3       x14=00000010 x15:00000002
17876440ns          294869 1c009046 00279793 slli             x15, x15, 0x2       x15=00000008 x15:00000002
17876460ns          294870 1c009048 00d7f7b3 and              x15, x15, x13       x15=00000000 x15:00000008 x13:00001f80
17876480ns          294871 1c00904a ee873733 p.bclr           x14, x14, 23, 8     x14=00000010 x14:00000010
17876500ns          294872 1c00904e 1a10f6b7 lui              x13, 0x1a10f000     x13=1a10f000
17876520ns          294873 1c009052 0ff57513 andi             x10, x10, 255       x10=00000072 x10:00000072
17876539ns          294874 1c009056 00d70733 add              x14, x14, x13       x14=1a10f010 x14:00000010 x13:1a10f000
17876559ns          294875 1c009058 00a7e723 p.sw             x10, x0(x15)        x10:00000072 x15:00000000  PA:1a10f010
17876878ns          294891 1c00905c 00000513 addi             x10, x0, 0          x10=00000000
17876897ns          294892 1c00905e 00008067 jalr             x0, x1, 0            x1:1c00912e
17876957ns          294895 1c00912e 31f52563 p.beqimm         x10, 778            x10:00000000
17876977ns          294896 1c009132 001d8d93 addi             x27, x27, 1         x27=00000004 x27:00000003
17876997ns          294897 1c009134 00044503 lbu              x10, 0(x8)          x10=00000074  x8:1c000084  PA:1c000084
17877295ns          294912 1c009138 00140413 addi             x8, x8, 1            x8=1c000085  x8:1c000084
17877315ns          294913 1c00913a fe0514e3 bne              x10, x0, -24        x10:00000074
17877395ns          294917 1c009122 02500793 addi             x15, x0, 37         x15=00000025
17877415ns          294918 1c009126 04f50863 beq              x10, x15, 80        x10:00000074 x15:00000025
17877434ns          294919 1c00912a 01a005b3 add              x11, x0, x26        x11=00000002 x26:00000002
17877454ns          294920 1c00912c 000b00e7 jalr             x1, x22, 0           x1=1c00912e x22:1c009038
17877494ns          294922 1c009038 000026b7 lui              x13, 0x2000         x13=00002000
17877514ns          294923 1c00903a f14027f3 csrrs            x15, x0, 0xf14      x15=00000002
17877534ns          294924 1c00903e f8068693 addi             x13, x13, -128      x13=00001f80 x13:00002000
17877554ns          294925 1c009042 00379713 slli             x14, x15, 0x3       x14=00000010 x15:00000002
17877574ns          294926 1c009046 00279793 slli             x15, x15, 0x2       x15=00000008 x15:00000002
17877594ns          294927 1c009048 00d7f7b3 and              x15, x15, x13       x15=00000000 x15:00000008 x13:00001f80
17877613ns          294928 1c00904a ee873733 p.bclr           x14, x14, 23, 8     x14=00000010 x14:00000010
17877633ns          294929 1c00904e 1a10f6b7 lui              x13, 0x1a10f000     x13=1a10f000
17877653ns          294930 1c009052 0ff57513 andi             x10, x10, 255       x10=00000074 x10:00000074
17877673ns          294931 1c009056 00d70733 add              x14, x14, x13       x14=1a10f010 x14:00000010 x13:1a10f000
17877693ns          294932 1c009058 00a7e723 p.sw             x10, x0(x15)        x10:00000074 x15:00000000  PA:1a10f010
17878011ns          294948 1c00905c 00000513 addi             x10, x0, 0          x10=00000000
17878031ns          294949 1c00905e 00008067 jalr             x0, x1, 0            x1:1c00912e
17878091ns          294952 1c00912e 31f52563 p.beqimm         x10, 778            x10:00000000
17878111ns          294953 1c009132 001d8d93 addi             x27, x27, 1         x27=00000005 x27:00000004
17878131ns          294954 1c009134 00044503 lbu              x10, 0(x8)          x10=00000069  x8:1c000085  PA:1c000085
17878429ns          294969 1c009138 00140413 addi             x8, x8, 1            x8=1c000086  x8:1c000085
17878449ns          294970 1c00913a fe0514e3 bne              x10, x0, -24        x10:00000069
17878528ns          294974 1c009122 02500793 addi             x15, x0, 37         x15=00000025
17878548ns          294975 1c009126 04f50863 beq              x10, x15, 80        x10:00000069 x15:00000025
17878568ns          294976 1c00912a 01a005b3 add              x11, x0, x26        x11=00000002 x26:00000002
17878588ns          294977 1c00912c 000b00e7 jalr             x1, x22, 0           x1=1c00912e x22:1c009038
17878628ns          294979 1c009038 000026b7 lui              x13, 0x2000         x13=00002000
17878648ns          294980 1c00903a f14027f3 csrrs            x15, x0, 0xf14      x15=00000002
17878668ns          294981 1c00903e f8068693 addi             x13, x13, -128      x13=00001f80 x13:00002000
17878688ns          294982 1c009042 00379713 slli             x14, x15, 0x3       x14=00000010 x15:00000002
17878707ns          294983 1c009046 00279793 slli             x15, x15, 0x2       x15=00000008 x15:00000002
17878727ns          294984 1c009048 00d7f7b3 and              x15, x15, x13       x15=00000000 x15:00000008 x13:00001f80
17878747ns          294985 1c00904a ee873733 p.bclr           x14, x14, 23, 8     x14=00000010 x14:00000010
17878767ns          294986 1c00904e 1a10f6b7 lui              x13, 0x1a10f000     x13=1a10f000
17878787ns          294987 1c009052 0ff57513 andi             x10, x10, 255       x10=00000069 x10:00000069
17878807ns          294988 1c009056 00d70733 add              x14, x14, x13       x14=1a10f010 x14:00000010 x13:1a10f000
17878827ns          294989 1c009058 00a7e723 p.sw             x10, x0(x15)        x10:00000069 x15:00000000  PA:1a10f010
17879145ns          295005 1c00905c 00000513 addi             x10, x0, 0          x10=00000000
17879165ns          295006 1c00905e 00008067 jalr             x0, x1, 0            x1:1c00912e
17879225ns          295009 1c00912e 31f52563 p.beqimm         x10, 778            x10:00000000
17879245ns          295010 1c009132 001d8d93 addi             x27, x27, 1         x27=00000006 x27:00000005
17879264ns          295011 1c009134 00044503 lbu              x10, 0(x8)          x10=0000006e  x8:1c000086  PA:1c000086
17879563ns          295026 1c009138 00140413 addi             x8, x8, 1            x8=1c000087  x8:1c000086
17879583ns          295027 1c00913a fe0514e3 bne              x10, x0, -24        x10:0000006e
17879662ns          295031 1c009122 02500793 addi             x15, x0, 37         x15=00000025
17879682ns          295032 1c009126 04f50863 beq              x10, x15, 80        x10:0000006e x15:00000025
17879702ns          295033 1c00912a 01a005b3 add              x11, x0, x26        x11=00000002 x26:00000002
17879722ns          295034 1c00912c 000b00e7 jalr             x1, x22, 0           x1=1c00912e x22:1c009038
17879762ns          295036 1c009038 000026b7 lui              x13, 0x2000         x13=00002000
17879782ns          295037 1c00903a f14027f3 csrrs            x15, x0, 0xf14      x15=00000002
17879801ns          295038 1c00903e f8068693 addi             x13, x13, -128      x13=00001f80 x13:00002000
17879821ns          295039 1c009042 00379713 slli             x14, x15, 0x3       x14=00000010 x15:00000002
17879841ns          295040 1c009046 00279793 slli             x15, x15, 0x2       x15=00000008 x15:00000002
17879861ns          295041 1c009048 00d7f7b3 and              x15, x15, x13       x15=00000000 x15:00000008 x13:00001f80
17879881ns          295042 1c00904a ee873733 p.bclr           x14, x14, 23, 8     x14=00000010 x14:00000010
17879901ns          295043 1c00904e 1a10f6b7 lui              x13, 0x1a10f000     x13=1a10f000
17879921ns          295044 1c009052 0ff57513 andi             x10, x10, 255       x10=0000006e x10:0000006e
17879941ns          295045 1c009056 00d70733 add              x14, x14, x13       x14=1a10f010 x14:00000010 x13:1a10f000
17879961ns          295046 1c009058 00a7e723 p.sw             x10, x0(x15)        x10:0000006e x15:00000000  PA:1a10f010
17880279ns          295062 1c00905c 00000513 addi             x10, x0, 0          x10=00000000
17880299ns          295063 1c00905e 00008067 jalr             x0, x1, 0            x1:1c00912e
17880358ns          295066 1c00912e 31f52563 p.beqimm         x10, 778            x10:00000000
17880378ns          295067 1c009132 001d8d93 addi             x27, x27, 1         x27=00000007 x27:00000006
17880398ns          295068 1c009134 00044503 lbu              x10, 0(x8)          x10=00000067  x8:1c000087  PA:1c000087
17880697ns          295083 1c009138 00140413 addi             x8, x8, 1            x8=1c000088  x8:1c000087
17880716ns          295084 1c00913a fe0514e3 bne              x10, x0, -24        x10:00000067
17880796ns          295088 1c009122 02500793 addi             x15, x0, 37         x15=00000025
17880816ns          295089 1c009126 04f50863 beq              x10, x15, 80        x10:00000067 x15:00000025
17880836ns          295090 1c00912a 01a005b3 add              x11, x0, x26        x11=00000002 x26:00000002
17880856ns          295091 1c00912c 000b00e7 jalr             x1, x22, 0           x1=1c00912e x22:1c009038
17880895ns          295093 1c009038 000026b7 lui              x13, 0x2000         x13=00002000
17880915ns          295094 1c00903a f14027f3 csrrs            x15, x0, 0xf14      x15=00000002
17880935ns          295095 1c00903e f8068693 addi             x13, x13, -128      x13=00001f80 x13:00002000
17880955ns          295096 1c009042 00379713 slli             x14, x15, 0x3       x14=00000010 x15:00000002
17880975ns          295097 1c009046 00279793 slli             x15, x15, 0x2       x15=00000008 x15:00000002
17880995ns          295098 1c009048 00d7f7b3 and              x15, x15, x13       x15=00000000 x15:00000008 x13:00001f80
17881015ns          295099 1c00904a ee873733 p.bclr           x14, x14, 23, 8     x14=00000010 x14:00000010
17881035ns          295100 1c00904e 1a10f6b7 lui              x13, 0x1a10f000     x13=1a10f000
17881055ns          295101 1c009052 0ff57513 andi             x10, x10, 255       x10=00000067 x10:00000067
17881074ns          295102 1c009056 00d70733 add              x14, x14, x13       x14=1a10f010 x14:00000010 x13:1a10f000
17881094ns          295103 1c009058 00a7e723 p.sw             x10, x0(x15)        x10:00000067 x15:00000000  PA:1a10f010
17881413ns          295119 1c00905c 00000513 addi             x10, x0, 0          x10=00000000
17881433ns          295120 1c00905e 00008067 jalr             x0, x1, 0            x1:1c00912e
17881492ns          295123 1c00912e 31f52563 p.beqimm         x10, 778            x10:00000000
17881512ns          295124 1c009132 001d8d93 addi             x27, x27, 1         x27=00000008 x27:00000007
17881532ns          295125 1c009134 00044503 lbu              x10, 0(x8)          x10=00000020  x8:1c000088  PA:1c000088
17881830ns          295140 1c009138 00140413 addi             x8, x8, 1            x8=1c000089  x8:1c000088
17881850ns          295141 1c00913a fe0514e3 bne              x10, x0, -24        x10:00000020
17881930ns          295145 1c009122 02500793 addi             x15, x0, 37         x15=00000025
17881950ns          295146 1c009126 04f50863 beq              x10, x15, 80        x10:00000020 x15:00000025
17881970ns          295147 1c00912a 01a005b3 add              x11, x0, x26        x11=00000002 x26:00000002
17881989ns          295148 1c00912c 000b00e7 jalr             x1, x22, 0           x1=1c00912e x22:1c009038
17882029ns          295150 1c009038 000026b7 lui              x13, 0x2000         x13=00002000
17882049ns          295151 1c00903a f14027f3 csrrs            x15, x0, 0xf14      x15=00000002
17882069ns          295152 1c00903e f8068693 addi             x13, x13, -128      x13=00001f80 x13:00002000
17882089ns          295153 1c009042 00379713 slli             x14, x15, 0x3       x14=00000010 x15:00000002
17882109ns          295154 1c009046 00279793 slli             x15, x15, 0x2       x15=00000008 x15:00000002
17882129ns          295155 1c009048 00d7f7b3 and              x15, x15, x13       x15=00000000 x15:00000008 x13:00001f80
17882149ns          295156 1c00904a ee873733 p.bclr           x14, x14, 23, 8     x14=00000010 x14:00000010
17882168ns          295157 1c00904e 1a10f6b7 lui              x13, 0x1a10f000     x13=1a10f000
17882188ns          295158 1c009052 0ff57513 andi             x10, x10, 255       x10=00000020 x10:00000020
17882208ns          295159 1c009056 00d70733 add              x14, x14, x13       x14=1a10f010 x14:00000010 x13:1a10f000
17882228ns          295160 1c009058 00a7e723 p.sw             x10, x0(x15)        x10:00000020 x15:00000000  PA:1a10f010
17882566ns          295177 1c00905c 00000513 addi             x10, x0, 0          x10=00000000
17882586ns          295178 1c00905e 00008067 jalr             x0, x1, 0            x1:1c00912e
17882646ns          295181 1c00912e 31f52563 p.beqimm         x10, 778            x10:00000000
17882666ns          295182 1c009132 001d8d93 addi             x27, x27, 1         x27=00000009 x27:00000008
17882686ns          295183 1c009134 00044503 lbu              x10, 0(x8)          x10=00000025  x8:1c000089  PA:1c000089
17883004ns          295199 1c009138 00140413 addi             x8, x8, 1            x8=1c00008a  x8:1c000089
17883024ns          295200 1c00913a fe0514e3 bne              x10, x0, -24        x10:00000025
17883103ns          295204 1c009122 02500793 addi             x15, x0, 37         x15=00000025
17883123ns          295205 1c009126 04f50863 beq              x10, x15, 80        x10:00000025 x15:00000025
17883541ns          295226 1c009176 00044483 lbu              x9, 0(x8)            x9=00000064  x8:1c00008a  PA:1c00008a
17883939ns          295246 1c00917a 02000693 addi             x13, x0, 32         x13=00000020
17883998ns          295249 1c00917e 00140a93 addi             x21, x8, 1          x21=1c00008b  x8:1c00008a
17884018ns          295250 1c009182 009005b3 add              x11, x0, x9         x11=00000064  x9:00000064
17884038ns          295251 1c009184 13cb8513 addi             x10, x23, 316       x10=1c00013c x23:1c000000
17884058ns          295252 1c009188 00d12823 sw               x13, 16(x2)         x13:00000020  x2:100014d8  PA:100014e8
17884078ns          295253 1c00918a 00012c23 sw               x0, 24(x2)           x2:100014d8  PA:100014f0
17884098ns          295254 1c00918c 00012a23 sw               x0, 20(x2)           x2:100014d8  PA:100014ec
17884118ns          295255 1c00918e 00012e23 sw               x0, 28(x2)           x2:100014d8  PA:100014f4
17884535ns          295276 1c009190 00012623 sw               x0, 12(x2)           x2:100014d8  PA:100014e4
17884575ns          295278 1c009192 02300913 addi             x18, x0, 35         x18=00000023
17884595ns          295279 1c009196 02d00a13 addi             x20, x0, 45         x20=0000002d
17884615ns          295280 1c00919a 015009b3 add              x19, x0, x21        x19=1c00008b x21:1c00008b
17884635ns          295281 1c00919c e1dff0ef jal              x1, -484             x1=1c00919e
17885510ns          295325 1c008fb8 00054783 lbu              x15, 0(x10)         x15=0000002d x10:1c00013c  PA:1c00013c
17885948ns          295347 1c008fbc 0ff5f593 andi             x11, x11, 255       x11=00000064 x11:00000064
17886007ns          295350 1c008fc0 00b78c63 beq              x15, x11, 24        x15:0000002d x11:00000064
17886047ns          295352 1c008fc4 00078b63 beq              x15, x0, 22         x15:0000002d
17886067ns          295353 1c008fc6 00150793 addi             x15, x10, 1         x15=1c00013d x10:1c00013c
17886087ns          295354 1c008fca 0040006f jal              x0, 4              
17886564ns          295378 1c008fce 00f00533 add              x10, x0, x15        x10=1c00013d x15:1c00013d
17886584ns          295379 1c008fd0 0017c70b p.lbu            x14, 1(x15!)        x14=0000002b x15=1c00013e x15:1c00013d  PA:1c00013d
17887042ns          295402 1c008fd4 feb71ce3 bne              x14, x11, -8        x14:0000002b x11:00000064
17887141ns          295407 1c008fcc 00070763 beq              x14, x0, 14         x14:0000002b
17887161ns          295408 1c008fce 00f00533 add              x10, x0, x15        x10=1c00013e x15:1c00013e
17887181ns          295409 1c008fd0 0017c70b p.lbu            x14, 1(x15!)        x14=00000020 x15=1c00013f x15:1c00013e  PA:1c00013e
17887499ns          295425 1c008fd4 feb71ce3 bne              x14, x11, -8        x14:00000020 x11:00000064
17887559ns          295428 1c008fcc 00070763 beq              x14, x0, 14         x14:00000020
17887579ns          295429 1c008fce 00f00533 add              x10, x0, x15        x10=1c00013f x15:1c00013f
17887599ns          295430 1c008fd0 0017c70b p.lbu            x14, 1(x15!)        x14=00000023 x15=1c000140 x15:1c00013f  PA:1c00013f
17887917ns          295446 1c008fd4 feb71ce3 bne              x14, x11, -8        x14:00000023 x11:00000064
17887977ns          295449 1c008fcc 00070763 beq              x14, x0, 14         x14:00000023
17887996ns          295450 1c008fce 00f00533 add              x10, x0, x15        x10=1c000140 x15:1c000140
17888016ns          295451 1c008fd0 0017c70b p.lbu            x14, 1(x15!)        x14=00000030 x15=1c000141 x15:1c000140  PA:1c000140
17888355ns          295468 1c008fd4 feb71ce3 bne              x14, x11, -8        x14:00000030 x11:00000064
17888414ns          295471 1c008fcc 00070763 beq              x14, x0, 14         x14:00000030
17888434ns          295472 1c008fce 00f00533 add              x10, x0, x15        x10=1c000141 x15:1c000141
17888454ns          295473 1c008fd0 0017c70b p.lbu            x14, 1(x15!)        x14=00000000 x15=1c000142 x15:1c000141  PA:1c000141
17888772ns          295489 1c008fd4 feb71ce3 bne              x14, x11, -8        x14:00000000 x11:00000064
17888832ns          295492 1c008fcc 00070763 beq              x14, x0, 14         x14:00000000
17888911ns          295496 1c008fda 0015b593 sltiu            x11, x11, 1         x11=00000000 x11:00000064
17888931ns          295497 1c008fde 40b005b3 sub              x11, x0, x11        x11=00000000 x11:00000000
17888951ns          295498 1c008fe2 00b57533 and              x10, x10, x11       x10=00000000 x10:1c000141 x11:00000000
17888971ns          295499 1c008fe4 00008067 jalr             x0, x1, 0            x1:1c00919e
17889011ns          295501 1c00919e 02050a63 beq              x10, x0, 52         x10:00000000
17889508ns          295526 1c0091d2 02a00613 addi             x12, x0, 42         x12=0000002a
17889528ns          295527 1c0091d6 2ac48663 beq              x9, x12, 684         x9:00000064 x12:0000002a
17889548ns          295528 1c0091da fd048613 addi             x12, x9, -48        x12=00000034  x9:00000064
17889568ns          295529 1c0091de 00900593 addi             x11, x0, 9          x11=00000009
17889986ns          295550 1c0091e0 00000913 addi             x18, x0, 0          x18=00000000
17890025ns          295552 1c0091e2 28c5f063 bgeu             x11, x12, 640       x11:00000009 x12:00000034
17890045ns          295553 1c0091e6 02e00693 addi             x13, x0, 46         x13=0000002e
17890065ns          295554 1c0091ea fff00a13 addi             x20, x0, -1         x20=ffffffff
17890085ns          295555 1c0091ec 2ed48363 beq              x9, x13, 742         x9:00000064 x13:0000002e
17890503ns          295576 1c0091f0 1c0007b7 lui              x15, 0x1c000000     x15=1c000000
17890542ns          295578 1c0091f4 009005b3 add              x11, x0, x9         x11=00000064  x9:00000064
17890562ns          295579 1c0091f6 14478513 addi             x10, x15, 324       x10=1c000144 x15:1c000000
17890582ns          295580 1c0091fa dbfff0ef jal              x1, -578             x1=1c0091fc
17891060ns          295604 1c008fb8 00054783 lbu              x15, 0(x10)         x15=00000068 x10:1c000144  PA:1c000144
17891358ns          295619 1c008fbc 0ff5f593 andi             x11, x11, 255       x11=00000064 x11:00000064
17891378ns          295620 1c008fc0 00b78c63 beq              x15, x11, 24        x15:00000068 x11:00000064
17891398ns          295621 1c008fc4 00078b63 beq              x15, x0, 22         x15:00000068
17891418ns          295622 1c008fc6 00150793 addi             x15, x10, 1         x15=1c000145 x10:1c000144
17891438ns          295623 1c008fca 0040006f jal              x0, 4              
17891477ns          295625 1c008fce 00f00533 add              x10, x0, x15        x10=1c000145 x15:1c000145
17891497ns          295626 1c008fd0 0017c70b p.lbu            x14, 1(x15!)        x14=0000006c x15=1c000146 x15:1c000145  PA:1c000145
17891815ns          295642 1c008fd4 feb71ce3 bne              x14, x11, -8        x14:0000006c x11:00000064
17891875ns          295645 1c008fcc 00070763 beq              x14, x0, 14         x14:0000006c
17891895ns          295646 1c008fce 00f00533 add              x10, x0, x15        x10=1c000146 x15:1c000146
17891915ns          295647 1c008fd0 0017c70b p.lbu            x14, 1(x15!)        x14=0000004c x15=1c000147 x15:1c000146  PA:1c000146
17892273ns          295665 1c008fd4 feb71ce3 bne              x14, x11, -8        x14:0000004c x11:00000064
17892333ns          295668 1c008fcc 00070763 beq              x14, x0, 14         x14:0000004c
17892353ns          295669 1c008fce 00f00533 add              x10, x0, x15        x10=1c000147 x15:1c000147
17892372ns          295670 1c008fd0 0017c70b p.lbu            x14, 1(x15!)        x14=0000007a x15=1c000148 x15:1c000147  PA:1c000147
17892691ns          295686 1c008fd4 feb71ce3 bne              x14, x11, -8        x14:0000007a x11:00000064
17892750ns          295689 1c008fcc 00070763 beq              x14, x0, 14         x14:0000007a
17892770ns          295690 1c008fce 00f00533 add              x10, x0, x15        x10=1c000148 x15:1c000148
17892790ns          295691 1c008fd0 0017c70b p.lbu            x14, 1(x15!)        x14=00000000 x15=1c000149 x15:1c000148  PA:1c000148
17893108ns          295707 1c008fd4 feb71ce3 bne              x14, x11, -8        x14:00000000 x11:00000064
17893168ns          295710 1c008fcc 00070763 beq              x14, x0, 14         x14:00000000
17893248ns          295714 1c008fda 0015b593 sltiu            x11, x11, 1         x11=00000000 x11:00000064
17893268ns          295715 1c008fde 40b005b3 sub              x11, x0, x11        x11=00000000 x11:00000000
17893287ns          295716 1c008fe2 00b57533 and              x10, x10, x11       x10=00000000 x10:1c000148 x11:00000000
17893307ns          295717 1c008fe4 00008067 jalr             x0, x1, 0            x1:1c0091fc
17893347ns          295719 1c0091fc 01300433 add              x8, x0, x19          x8=1c00008b x19:1c00008b
17893367ns          295720 1c0091fe 00050563 beq              x10, x0, 10         x10:00000000
17893427ns          295723 1c009208 06700693 addi             x13, x0, 103        x13=00000067
17893447ns          295724 1c00920c 2896d963 bge              x13, x9, 658        x13:00000067  x9:00000064
17894839ns          295794 1c00949e 06500693 addi             x13, x0, 101        x13=00000065
17894879ns          295796 1c0094a2 12d4d563 bge              x9, x13, 298         x9:00000064 x13:00000065
17894899ns          295797 1c0094a6 04700693 addi             x13, x0, 71         x13=00000047
17894918ns          295798 1c0094aa dc96cbe3 blt              x13, x9, -554       x13:00000047  x9:00000064
17895814ns          295843 1c009280 06300693 addi             x13, x0, 99         x13=00000063
17895853ns          295845 1c009284 0ad488e3 beq              x9, x13, 2224        x9:00000064 x13:00000063
17895873ns          295846 1c009288 0096c9e3 blt              x13, x9, 2066       x13:00000063  x9:00000064
17896868ns          295896 1c009a9a 000c2583 lw               x11, 0(x24)         x11=00000001 x24:1000162c  PA:1000162c
17896888ns          295897 1c009a9e 004c0c13 addi             x24, x24, 4         x24=10001630 x24:1000162c
17897305ns          295918 1c009aa0 3405cc63 blt              x11, x0, 856        x11:00000001
17897345ns          295920 1c009aa4 01412603 lw               x12, 20(x2)         x12=00000000  x2:100014d8  PA:100014ec
17897365ns          295921 1c009aa6 00b006b3 add              x13, x0, x11        x13=00000001 x11:00000001
17897385ns          295922 1c009aa8 2e061863 bne              x12, x0, 752        x12:00000000
17897405ns          295923 1c009aac 01812703 lw               x14, 24(x2)         x14=00000000  x2:100014d8  PA:100014f0
17897425ns          295924 1c009aae 019007b3 add              x15, x0, x25        x15=100014fc x25:100014fc
17897842ns          295945 1c009ab0 00070763 beq              x14, x0, 14         x14:00000000
17897902ns          295948 1c009abe 00f00733 add              x14, x0, x15        x14=100014fc x15:100014fc
17898340ns          295970 1c009ac0 00a00513 addi             x10, x0, 10         x10=0000000a
17898379ns          295972 1c009ac2 02a6f633 remu             x12, x13, x10       x12=00000001 x13:00000001 x10:0000000a
17898996ns          296003 1c009ac6 02a6d6b3 divu             x13, x13, x10       x13=00000000 x13:00000001 x10:0000000a
17899613ns          296034 1c009aca 03060613 addi             x12, x12, 48        x12=00000031 x12:00000001
17899633ns          296035 1c009ace 00c700ab p.sb             x12, 1(x14!)        x14=100014fd x12:00000031 x14:100014fc  PA:100014fc
17899652ns          296036 1c009ad2 fe0698e3 bne              x13, x0, -16        x13:00000000
17899672ns          296037 1c009ad4 40f706b3 sub              x13, x14, x15       x13=00000001 x14:100014fd x15:100014fc
17899692ns          296038 1c009ad8 0146dc63 bge              x13, x20, 24        x13:00000001 x20:ffffffff
17900607ns          296084 1c009af0 00e006b3 add              x13, x0, x14        x13=100014fd x14:100014fd
17900647ns          296086 1c009af2 fe068fab p.sb             x0, -1(x13!)        x13=100014fc x13:100014fd  PA:100014fd
17900667ns          296087 1c009af6 00d7fc63 bgeu             x15, x13, 24        x15:100014fc x13:100014fc
17901164ns          296112 1c009b0e 01412783 lw               x15, 20(x2)         x15=00000000  x2:100014d8  PA:100014ec
17901602ns          296134 1c009b10 01812603 lw               x12, 24(x2)         x12=00000000  x2:100014d8  PA:100014f0
17901642ns          296136 1c009b12 419704b3 sub              x9, x14, x25         x9=00000001 x14:100014fd x25:100014fc
17901661ns          296137 1c009b16 00c7e7b3 or               x15, x15, x12       x15=00000000 x15:00000000 x12:00000000
17901681ns          296138 1c009b18 00f12623 sw               x15, 12(x2)         x15:00000000  x2:100014d8  PA:100014e4
17901701ns          296139 1c009b1a 00079363 bne              x15, x0, 6          x15:00000000
17901721ns          296140 1c009b1c 01f5d593 srli             x11, x11, 0x1f      x11=00000000 x11:00000001
17901741ns          296141 1c009b1e 00b12623 sw               x11, 12(x2)         x11:00000000  x2:100014d8  PA:100014e4
17902119ns          296160 1c009b20 e3fa28e3 p.beqimm         x20, -464           x20:ffffffff
17902596ns          296184 1c009950 0c800793 addi             x15, x0, 200        x15=000000c8
17902636ns          296186 1c009954 9e97d0e3 bge              x15, x9, -1568      x15:000000c8  x9:00000001
17903133ns          296211 1c009334 0f24d163 bge              x9, x18, 226         x9:00000001 x18:00000000
17903650ns          296237 1c009416 d00482e3 beq              x9, x0, -764         x9:00000001
17903670ns          296238 1c00941a 01900933 add              x18, x0, x25        x18=100014fc x25:100014fc
17903690ns          296239 1c00941c 419d8db3 sub              x27, x27, x25       x27=efffeb0d x27:00000009 x25:100014fc
17904108ns          296260 1c009420 00a0006f jal              x0, 10             
17904168ns          296263 1c00942a 0019450b p.lbu            x10, 1(x18!)        x10=00000031 x18=100014fd x18:100014fc  PA:100014fc
17904188ns          296264 1c00942e 01a005b3 add              x11, x0, x26        x11=00000002 x26:00000002
17904605ns          296285 1c009430 000b00e7 jalr             x1, x22, 0           x1=1c009432 x22:1c009038
17904685ns          296289 1c009038 000026b7 lui              x13, 0x2000         x13=00002000
17904725ns          296291 1c00903a f14027f3 csrrs            x15, x0, 0xf14      x15=00000002
17904784ns          296294 1c00903e f8068693 addi             x13, x13, -128      x13=00001f80 x13:00002000
17904824ns          296296 1c009042 00379713 slli             x14, x15, 0x3       x14=00000010 x15:00000002
17904844ns          296297 1c009046 00279793 slli             x15, x15, 0x2       x15=00000008 x15:00000002
17904864ns          296298 1c009048 00d7f7b3 and              x15, x15, x13       x15=00000000 x15:00000008 x13:00001f80
17904884ns          296299 1c00904a ee873733 p.bclr           x14, x14, 23, 8     x14=00000010 x14:00000010
17904904ns          296300 1c00904e 1a10f6b7 lui              x13, 0x1a10f000     x13=1a10f000
17904923ns          296301 1c009052 0ff57513 andi             x10, x10, 255       x10=00000031 x10:00000031
17904943ns          296302 1c009056 00d70733 add              x14, x14, x13       x14=1a10f010 x14:00000010 x13:1a10f000
17904963ns          296303 1c009058 00a7e723 p.sw             x10, x0(x15)        x10:00000031 x15:00000000  PA:1a10f010
17905401ns          296325 1c00905c 00000513 addi             x10, x0, 0          x10=00000000
17905421ns          296326 1c00905e 00008067 jalr             x0, x1, 0            x1:1c009432
17905500ns          296330 1c009432 fff48493 addi             x9, x9, -1           x9=00000000  x9:00000001
17905540ns          296332 1c009434 fff537e3 p.bneimm         x10, -18            x10:00000000
17905620ns          296336 1c009422 012d8733 add              x14, x27, x18       x14=0000000a x27:efffeb0d x18:100014fd
17905640ns          296337 1c009426 5a048b63 beq              x9, x0, 1462         x9:00000000
17906037ns          296357 1c0099dc 00e00db3 add              x27, x0, x14        x27=0000000a x14:0000000a
17906495ns          296380 1c0099de f3cff06f jal              x0, -2244          
17906614ns          296386 1c00911a 00044503 lbu              x10, 0(x8)          x10=00000020  x8:1c00008b  PA:1c00008b
17906932ns          296402 1c00911e 00140413 addi             x8, x8, 1            x8=1c00008c  x8:1c00008b
17906952ns          296403 1c009120 00050e63 beq              x10, x0, 28         x10:00000020
17906972ns          296404 1c009122 02500793 addi             x15, x0, 37         x15=00000025
17906992ns          296405 1c009126 04f50863 beq              x10, x15, 80        x10:00000020 x15:00000025
17907012ns          296406 1c00912a 01a005b3 add              x11, x0, x26        x11=00000002 x26:00000002
17907032ns          296407 1c00912c 000b00e7 jalr             x1, x22, 0           x1=1c00912e x22:1c009038
17907111ns          296411 1c009038 000026b7 lui              x13, 0x2000         x13=00002000
17907131ns          296412 1c00903a f14027f3 csrrs            x15, x0, 0xf14      x15=00000002
17907151ns          296413 1c00903e f8068693 addi             x13, x13, -128      x13=00001f80 x13:00002000
17907171ns          296414 1c009042 00379713 slli             x14, x15, 0x3       x14=00000010 x15:00000002
17907191ns          296415 1c009046 00279793 slli             x15, x15, 0x2       x15=00000008 x15:00000002
17907211ns          296416 1c009048 00d7f7b3 and              x15, x15, x13       x15=00000000 x15:00000008 x13:00001f80
17907231ns          296417 1c00904a ee873733 p.bclr           x14, x14, 23, 8     x14=00000010 x14:00000010
17907271ns          296419 1c00904e 1a10f6b7 lui              x13, 0x1a10f000     x13=1a10f000
17907310ns          296421 1c009052 0ff57513 andi             x10, x10, 255       x10=00000020 x10:00000020
17907330ns          296422 1c009056 00d70733 add              x14, x14, x13       x14=1a10f010 x14:00000010 x13:1a10f000
17907350ns          296423 1c009058 00a7e723 p.sw             x10, x0(x15)        x10:00000020 x15:00000000  PA:1a10f010
17907728ns          296442 1c00905c 00000513 addi             x10, x0, 0          x10=00000000
17907748ns          296443 1c00905e 00008067 jalr             x0, x1, 0            x1:1c00912e
17907808ns          296446 1c00912e 31f52563 p.beqimm         x10, 778            x10:00000000
17907828ns          296447 1c009132 001d8d93 addi             x27, x27, 1         x27=0000000b x27:0000000a
17907847ns          296448 1c009134 00044503 lbu              x10, 0(x8)          x10=0000006b  x8:1c00008c  PA:1c00008c
17908146ns          296463 1c009138 00140413 addi             x8, x8, 1            x8=1c00008d  x8:1c00008c
17908166ns          296464 1c00913a fe0514e3 bne              x10, x0, -24        x10:0000006b
17908245ns          296468 1c009122 02500793 addi             x15, x0, 37         x15=00000025
17908265ns          296469 1c009126 04f50863 beq              x10, x15, 80        x10:0000006b x15:00000025
17908285ns          296470 1c00912a 01a005b3 add              x11, x0, x26        x11=00000002 x26:00000002
17908305ns          296471 1c00912c 000b00e7 jalr             x1, x22, 0           x1=1c00912e x22:1c009038
17908345ns          296473 1c009038 000026b7 lui              x13, 0x2000         x13=00002000
17908365ns          296474 1c00903a f14027f3 csrrs            x15, x0, 0xf14      x15=00000002
17908384ns          296475 1c00903e f8068693 addi             x13, x13, -128      x13=00001f80 x13:00002000
17908404ns          296476 1c009042 00379713 slli             x14, x15, 0x3       x14=00000010 x15:00000002
17908424ns          296477 1c009046 00279793 slli             x15, x15, 0x2       x15=00000008 x15:00000002
17908444ns          296478 1c009048 00d7f7b3 and              x15, x15, x13       x15=00000000 x15:00000008 x13:00001f80
17908464ns          296479 1c00904a ee873733 p.bclr           x14, x14, 23, 8     x14=00000010 x14:00000010
17908484ns          296480 1c00904e 1a10f6b7 lui              x13, 0x1a10f000     x13=1a10f000
17908504ns          296481 1c009052 0ff57513 andi             x10, x10, 255       x10=0000006b x10:0000006b
17908524ns          296482 1c009056 00d70733 add              x14, x14, x13       x14=1a10f010 x14:00000010 x13:1a10f000
17908544ns          296483 1c009058 00a7e723 p.sw             x10, x0(x15)        x10:0000006b x15:00000000  PA:1a10f010
17908862ns          296499 1c00905c 00000513 addi             x10, x0, 0          x10=00000000
17908882ns          296500 1c00905e 00008067 jalr             x0, x1, 0            x1:1c00912e
17908941ns          296503 1c00912e 31f52563 p.beqimm         x10, 778            x10:00000000
17908961ns          296504 1c009132 001d8d93 addi             x27, x27, 1         x27=0000000c x27:0000000b
17908981ns          296505 1c009134 00044503 lbu              x10, 0(x8)          x10=00000065  x8:1c00008d  PA:1c00008d
17909280ns          296520 1c009138 00140413 addi             x8, x8, 1            x8=1c00008e  x8:1c00008d
17909299ns          296521 1c00913a fe0514e3 bne              x10, x0, -24        x10:00000065
17909379ns          296525 1c009122 02500793 addi             x15, x0, 37         x15=00000025
17909399ns          296526 1c009126 04f50863 beq              x10, x15, 80        x10:00000065 x15:00000025
17909419ns          296527 1c00912a 01a005b3 add              x11, x0, x26        x11=00000002 x26:00000002
17909439ns          296528 1c00912c 000b00e7 jalr             x1, x22, 0           x1=1c00912e x22:1c009038
17909478ns          296530 1c009038 000026b7 lui              x13, 0x2000         x13=00002000
17909498ns          296531 1c00903a f14027f3 csrrs            x15, x0, 0xf14      x15=00000002
17909518ns          296532 1c00903e f8068693 addi             x13, x13, -128      x13=00001f80 x13:00002000
17909538ns          296533 1c009042 00379713 slli             x14, x15, 0x3       x14=00000010 x15:00000002
17909558ns          296534 1c009046 00279793 slli             x15, x15, 0x2       x15=00000008 x15:00000002
17909578ns          296535 1c009048 00d7f7b3 and              x15, x15, x13       x15=00000000 x15:00000008 x13:00001f80
17909598ns          296536 1c00904a ee873733 p.bclr           x14, x14, 23, 8     x14=00000010 x14:00000010
17909618ns          296537 1c00904e 1a10f6b7 lui              x13, 0x1a10f000     x13=1a10f000
17909638ns          296538 1c009052 0ff57513 andi             x10, x10, 255       x10=00000065 x10:00000065
17909657ns          296539 1c009056 00d70733 add              x14, x14, x13       x14=1a10f010 x14:00000010 x13:1a10f000
17909677ns          296540 1c009058 00a7e723 p.sw             x10, x0(x15)        x10:00000065 x15:00000000  PA:1a10f010
17910016ns          296557 1c00905c 00000513 addi             x10, x0, 0          x10=00000000
17910035ns          296558 1c00905e 00008067 jalr             x0, x1, 0            x1:1c00912e
17910095ns          296561 1c00912e 31f52563 p.beqimm         x10, 778            x10:00000000
17910115ns          296562 1c009132 001d8d93 addi             x27, x27, 1         x27=0000000d x27:0000000c
17910135ns          296563 1c009134 00044503 lbu              x10, 0(x8)          x10=00000072  x8:1c00008e  PA:1c00008e
17910433ns          296578 1c009138 00140413 addi             x8, x8, 1            x8=1c00008f  x8:1c00008e
17910453ns          296579 1c00913a fe0514e3 bne              x10, x0, -24        x10:00000072
17910533ns          296583 1c009122 02500793 addi             x15, x0, 37         x15=00000025
17910553ns          296584 1c009126 04f50863 beq              x10, x15, 80        x10:00000072 x15:00000025
17910572ns          296585 1c00912a 01a005b3 add              x11, x0, x26        x11=00000002 x26:00000002
17910592ns          296586 1c00912c 000b00e7 jalr             x1, x22, 0           x1=1c00912e x22:1c009038
17910632ns          296588 1c009038 000026b7 lui              x13, 0x2000         x13=00002000
17910652ns          296589 1c00903a f14027f3 csrrs            x15, x0, 0xf14      x15=00000002
17910672ns          296590 1c00903e f8068693 addi             x13, x13, -128      x13=00001f80 x13:00002000
17910692ns          296591 1c009042 00379713 slli             x14, x15, 0x3       x14=00000010 x15:00000002
17910712ns          296592 1c009046 00279793 slli             x15, x15, 0x2       x15=00000008 x15:00000002
17910732ns          296593 1c009048 00d7f7b3 and              x15, x15, x13       x15=00000000 x15:00000008 x13:00001f80
17910751ns          296594 1c00904a ee873733 p.bclr           x14, x14, 23, 8     x14=00000010 x14:00000010
17910771ns          296595 1c00904e 1a10f6b7 lui              x13, 0x1a10f000     x13=1a10f000
17910791ns          296596 1c009052 0ff57513 andi             x10, x10, 255       x10=00000072 x10:00000072
17910811ns          296597 1c009056 00d70733 add              x14, x14, x13       x14=1a10f010 x14:00000010 x13:1a10f000
17910831ns          296598 1c009058 00a7e723 p.sw             x10, x0(x15)        x10:00000072 x15:00000000  PA:1a10f010
17911169ns          296615 1c00905c 00000513 addi             x10, x0, 0          x10=00000000
17911189ns          296616 1c00905e 00008067 jalr             x0, x1, 0            x1:1c00912e
17911249ns          296619 1c00912e 31f52563 p.beqimm         x10, 778            x10:00000000
17911269ns          296620 1c009132 001d8d93 addi             x27, x27, 1         x27=0000000e x27:0000000d
17911289ns          296621 1c009134 00044503 lbu              x10, 0(x8)          x10=0000006e  x8:1c00008f  PA:1c00008f
17911587ns          296636 1c009138 00140413 addi             x8, x8, 1            x8=1c000090  x8:1c00008f
17911607ns          296637 1c00913a fe0514e3 bne              x10, x0, -24        x10:0000006e
17911686ns          296641 1c009122 02500793 addi             x15, x0, 37         x15=00000025
17911706ns          296642 1c009126 04f50863 beq              x10, x15, 80        x10:0000006e x15:00000025
17911726ns          296643 1c00912a 01a005b3 add              x11, x0, x26        x11=00000002 x26:00000002
17911746ns          296644 1c00912c 000b00e7 jalr             x1, x22, 0           x1=1c00912e x22:1c009038
17911786ns          296646 1c009038 000026b7 lui              x13, 0x2000         x13=00002000
17911806ns          296647 1c00903a f14027f3 csrrs            x15, x0, 0xf14      x15=00000002
17911826ns          296648 1c00903e f8068693 addi             x13, x13, -128      x13=00001f80 x13:00002000
17911845ns          296649 1c009042 00379713 slli             x14, x15, 0x3       x14=00000010 x15:00000002
17911865ns          296650 1c009046 00279793 slli             x15, x15, 0x2       x15=00000008 x15:00000002
17911885ns          296651 1c009048 00d7f7b3 and              x15, x15, x13       x15=00000000 x15:00000008 x13:00001f80
17911905ns          296652 1c00904a ee873733 p.bclr           x14, x14, 23, 8     x14=00000010 x14:00000010
17911925ns          296653 1c00904e 1a10f6b7 lui              x13, 0x1a10f000     x13=1a10f000
17911945ns          296654 1c009052 0ff57513 andi             x10, x10, 255       x10=0000006e x10:0000006e
17911965ns          296655 1c009056 00d70733 add              x14, x14, x13       x14=1a10f010 x14:00000010 x13:1a10f000
17911985ns          296656 1c009058 00a7e723 p.sw             x10, x0(x15)        x10:0000006e x15:00000000  PA:1a10f010
17912323ns          296673 1c00905c 00000513 addi             x10, x0, 0          x10=00000000
17912343ns          296674 1c00905e 00008067 jalr             x0, x1, 0            x1:1c00912e
17912402ns          296677 1c00912e 31f52563 p.beqimm         x10, 778            x10:00000000
17912422ns          296678 1c009132 001d8d93 addi             x27, x27, 1         x27=0000000f x27:0000000e
17912442ns          296679 1c009134 00044503 lbu              x10, 0(x8)          x10=00000065  x8:1c000090  PA:1c000090
17912741ns          296694 1c009138 00140413 addi             x8, x8, 1            x8=1c000091  x8:1c000090
17912760ns          296695 1c00913a fe0514e3 bne              x10, x0, -24        x10:00000065
17912840ns          296699 1c009122 02500793 addi             x15, x0, 37         x15=00000025
17912860ns          296700 1c009126 04f50863 beq              x10, x15, 80        x10:00000065 x15:00000025
17912880ns          296701 1c00912a 01a005b3 add              x11, x0, x26        x11=00000002 x26:00000002
17912900ns          296702 1c00912c 000b00e7 jalr             x1, x22, 0           x1=1c00912e x22:1c009038
17912939ns          296704 1c009038 000026b7 lui              x13, 0x2000         x13=00002000
17912959ns          296705 1c00903a f14027f3 csrrs            x15, x0, 0xf14      x15=00000002
17912979ns          296706 1c00903e f8068693 addi             x13, x13, -128      x13=00001f80 x13:00002000
17912999ns          296707 1c009042 00379713 slli             x14, x15, 0x3       x14=00000010 x15:00000002
17913019ns          296708 1c009046 00279793 slli             x15, x15, 0x2       x15=00000008 x15:00000002
17913039ns          296709 1c009048 00d7f7b3 and              x15, x15, x13       x15=00000000 x15:00000008 x13:00001f80
17913059ns          296710 1c00904a ee873733 p.bclr           x14, x14, 23, 8     x14=00000010 x14:00000010
17913079ns          296711 1c00904e 1a10f6b7 lui              x13, 0x1a10f000     x13=1a10f000
17913099ns          296712 1c009052 0ff57513 andi             x10, x10, 255       x10=00000065 x10:00000065
17913118ns          296713 1c009056 00d70733 add              x14, x14, x13       x14=1a10f010 x14:00000010 x13:1a10f000
17913138ns          296714 1c009058 00a7e723 p.sw             x10, x0(x15)        x10:00000065 x15:00000000  PA:1a10f010
17913457ns          296730 1c00905c 00000513 addi             x10, x0, 0          x10=00000000
17913477ns          296731 1c00905e 00008067 jalr             x0, x1, 0            x1:1c00912e
17913536ns          296734 1c00912e 31f52563 p.beqimm         x10, 778            x10:00000000
17913556ns          296735 1c009132 001d8d93 addi             x27, x27, 1         x27=00000010 x27:0000000f
17913576ns          296736 1c009134 00044503 lbu              x10, 0(x8)          x10=0000006c  x8:1c000091  PA:1c000091
17913874ns          296751 1c009138 00140413 addi             x8, x8, 1            x8=1c000092  x8:1c000091
17913894ns          296752 1c00913a fe0514e3 bne              x10, x0, -24        x10:0000006c
17913974ns          296756 1c009122 02500793 addi             x15, x0, 37         x15=00000025
17913994ns          296757 1c009126 04f50863 beq              x10, x15, 80        x10:0000006c x15:00000025
17914014ns          296758 1c00912a 01a005b3 add              x11, x0, x26        x11=00000002 x26:00000002
17914033ns          296759 1c00912c 000b00e7 jalr             x1, x22, 0           x1=1c00912e x22:1c009038
17914073ns          296761 1c009038 000026b7 lui              x13, 0x2000         x13=00002000
17914093ns          296762 1c00903a f14027f3 csrrs            x15, x0, 0xf14      x15=00000002
17914113ns          296763 1c00903e f8068693 addi             x13, x13, -128      x13=00001f80 x13:00002000
17914133ns          296764 1c009042 00379713 slli             x14, x15, 0x3       x14=00000010 x15:00000002
17914153ns          296765 1c009046 00279793 slli             x15, x15, 0x2       x15=00000008 x15:00000002
17914173ns          296766 1c009048 00d7f7b3 and              x15, x15, x13       x15=00000000 x15:00000008 x13:00001f80
17914193ns          296767 1c00904a ee873733 p.bclr           x14, x14, 23, 8     x14=00000010 x14:00000010
17914212ns          296768 1c00904e 1a10f6b7 lui              x13, 0x1a10f000     x13=1a10f000
17914232ns          296769 1c009052 0ff57513 andi             x10, x10, 255       x10=0000006c x10:0000006c
17914252ns          296770 1c009056 00d70733 add              x14, x14, x13       x14=1a10f010 x14:00000010 x13:1a10f000
17914272ns          296771 1c009058 00a7e723 p.sw             x10, x0(x15)        x10:0000006c x15:00000000  PA:1a10f010
17914610ns          296788 1c00905c 00000513 addi             x10, x0, 0          x10=00000000
17914630ns          296789 1c00905e 00008067 jalr             x0, x1, 0            x1:1c00912e
17914690ns          296792 1c00912e 31f52563 p.beqimm         x10, 778            x10:00000000
17914710ns          296793 1c009132 001d8d93 addi             x27, x27, 1         x27=00000011 x27:00000010
17914730ns          296794 1c009134 00044503 lbu              x10, 0(x8)          x10=00000020  x8:1c000092  PA:1c000092
17915048ns          296810 1c009138 00140413 addi             x8, x8, 1            x8=1c000093  x8:1c000092
17915068ns          296811 1c00913a fe0514e3 bne              x10, x0, -24        x10:00000020
17915147ns          296815 1c009122 02500793 addi             x15, x0, 37         x15=00000025
17915167ns          296816 1c009126 04f50863 beq              x10, x15, 80        x10:00000020 x15:00000025
17915187ns          296817 1c00912a 01a005b3 add              x11, x0, x26        x11=00000002 x26:00000002
17915207ns          296818 1c00912c 000b00e7 jalr             x1, x22, 0           x1=1c00912e x22:1c009038
17915247ns          296820 1c009038 000026b7 lui              x13, 0x2000         x13=00002000
17915267ns          296821 1c00903a f14027f3 csrrs            x15, x0, 0xf14      x15=00000002
17915287ns          296822 1c00903e f8068693 addi             x13, x13, -128      x13=00001f80 x13:00002000
17915306ns          296823 1c009042 00379713 slli             x14, x15, 0x3       x14=00000010 x15:00000002
17915326ns          296824 1c009046 00279793 slli             x15, x15, 0x2       x15=00000008 x15:00000002
17915346ns          296825 1c009048 00d7f7b3 and              x15, x15, x13       x15=00000000 x15:00000008 x13:00001f80
17915366ns          296826 1c00904a ee873733 p.bclr           x14, x14, 23, 8     x14=00000010 x14:00000010
17915386ns          296827 1c00904e 1a10f6b7 lui              x13, 0x1a10f000     x13=1a10f000
17915406ns          296828 1c009052 0ff57513 andi             x10, x10, 255       x10=00000020 x10:00000020
17915426ns          296829 1c009056 00d70733 add              x14, x14, x13       x14=1a10f010 x14:00000010 x13:1a10f000
17915446ns          296830 1c009058 00a7e723 p.sw             x10, x0(x15)        x10:00000020 x15:00000000  PA:1a10f010
17915764ns          296846 1c00905c 00000513 addi             x10, x0, 0          x10=00000000
17915784ns          296847 1c00905e 00008067 jalr             x0, x1, 0            x1:1c00912e
17915844ns          296850 1c00912e 31f52563 p.beqimm         x10, 778            x10:00000000
17915863ns          296851 1c009132 001d8d93 addi             x27, x27, 1         x27=00000012 x27:00000011
17915883ns          296852 1c009134 00044503 lbu              x10, 0(x8)          x10=00000069  x8:1c000093  PA:1c000093
17916182ns          296867 1c009138 00140413 addi             x8, x8, 1            x8=1c000094  x8:1c000093
17916202ns          296868 1c00913a fe0514e3 bne              x10, x0, -24        x10:00000069
17916281ns          296872 1c009122 02500793 addi             x15, x0, 37         x15=00000025
17916301ns          296873 1c009126 04f50863 beq              x10, x15, 80        x10:00000069 x15:00000025
17916321ns          296874 1c00912a 01a005b3 add              x11, x0, x26        x11=00000002 x26:00000002
17916341ns          296875 1c00912c 000b00e7 jalr             x1, x22, 0           x1=1c00912e x22:1c009038
17916381ns          296877 1c009038 000026b7 lui              x13, 0x2000         x13=00002000
17916400ns          296878 1c00903a f14027f3 csrrs            x15, x0, 0xf14      x15=00000002
17916420ns          296879 1c00903e f8068693 addi             x13, x13, -128      x13=00001f80 x13:00002000
17916440ns          296880 1c009042 00379713 slli             x14, x15, 0x3       x14=00000010 x15:00000002
17916460ns          296881 1c009046 00279793 slli             x15, x15, 0x2       x15=00000008 x15:00000002
17916480ns          296882 1c009048 00d7f7b3 and              x15, x15, x13       x15=00000000 x15:00000008 x13:00001f80
17916500ns          296883 1c00904a ee873733 p.bclr           x14, x14, 23, 8     x14=00000010 x14:00000010
17916520ns          296884 1c00904e 1a10f6b7 lui              x13, 0x1a10f000     x13=1a10f000
17916540ns          296885 1c009052 0ff57513 andi             x10, x10, 255       x10=00000069 x10:00000069
17916560ns          296886 1c009056 00d70733 add              x14, x14, x13       x14=1a10f010 x14:00000010 x13:1a10f000
17916579ns          296887 1c009058 00a7e723 p.sw             x10, x0(x15)        x10:00000069 x15:00000000  PA:1a10f010
17916898ns          296903 1c00905c 00000513 addi             x10, x0, 0          x10=00000000
17916918ns          296904 1c00905e 00008067 jalr             x0, x1, 0            x1:1c00912e
17916977ns          296907 1c00912e 31f52563 p.beqimm         x10, 778            x10:00000000
17916997ns          296908 1c009132 001d8d93 addi             x27, x27, 1         x27=00000013 x27:00000012
17917017ns          296909 1c009134 00044503 lbu              x10, 0(x8)          x10=00000074  x8:1c000094  PA:1c000094
17917315ns          296924 1c009138 00140413 addi             x8, x8, 1            x8=1c000095  x8:1c000094
17917335ns          296925 1c00913a fe0514e3 bne              x10, x0, -24        x10:00000074
17917415ns          296929 1c009122 02500793 addi             x15, x0, 37         x15=00000025
17917435ns          296930 1c009126 04f50863 beq              x10, x15, 80        x10:00000074 x15:00000025
17917455ns          296931 1c00912a 01a005b3 add              x11, x0, x26        x11=00000002 x26:00000002
17917475ns          296932 1c00912c 000b00e7 jalr             x1, x22, 0           x1=1c00912e x22:1c009038
17917514ns          296934 1c009038 000026b7 lui              x13, 0x2000         x13=00002000
17917534ns          296935 1c00903a f14027f3 csrrs            x15, x0, 0xf14      x15=00000002
17917554ns          296936 1c00903e f8068693 addi             x13, x13, -128      x13=00001f80 x13:00002000
17917574ns          296937 1c009042 00379713 slli             x14, x15, 0x3       x14=00000010 x15:00000002
17917594ns          296938 1c009046 00279793 slli             x15, x15, 0x2       x15=00000008 x15:00000002
17917614ns          296939 1c009048 00d7f7b3 and              x15, x15, x13       x15=00000000 x15:00000008 x13:00001f80
17917634ns          296940 1c00904a ee873733 p.bclr           x14, x14, 23, 8     x14=00000010 x14:00000010
17917654ns          296941 1c00904e 1a10f6b7 lui              x13, 0x1a10f000     x13=1a10f000
17917673ns          296942 1c009052 0ff57513 andi             x10, x10, 255       x10=00000074 x10:00000074
17917693ns          296943 1c009056 00d70733 add              x14, x14, x13       x14=1a10f010 x14:00000010 x13:1a10f000
17917713ns          296944 1c009058 00a7e723 p.sw             x10, x0(x15)        x10:00000074 x15:00000000  PA:1a10f010
17918032ns          296960 1c00905c 00000513 addi             x10, x0, 0          x10=00000000
17918051ns          296961 1c00905e 00008067 jalr             x0, x1, 0            x1:1c00912e
17918111ns          296964 1c00912e 31f52563 p.beqimm         x10, 778            x10:00000000
17918131ns          296965 1c009132 001d8d93 addi             x27, x27, 1         x27=00000014 x27:00000013
17918151ns          296966 1c009134 00044503 lbu              x10, 0(x8)          x10=00000065  x8:1c000095  PA:1c000095
17918449ns          296981 1c009138 00140413 addi             x8, x8, 1            x8=1c000096  x8:1c000095
17918469ns          296982 1c00913a fe0514e3 bne              x10, x0, -24        x10:00000065
17918549ns          296986 1c009122 02500793 addi             x15, x0, 37         x15=00000025
17918569ns          296987 1c009126 04f50863 beq              x10, x15, 80        x10:00000065 x15:00000025
17918588ns          296988 1c00912a 01a005b3 add              x11, x0, x26        x11=00000002 x26:00000002
17918608ns          296989 1c00912c 000b00e7 jalr             x1, x22, 0           x1=1c00912e x22:1c009038
17918648ns          296991 1c009038 000026b7 lui              x13, 0x2000         x13=00002000
17918668ns          296992 1c00903a f14027f3 csrrs            x15, x0, 0xf14      x15=00000002
17918688ns          296993 1c00903e f8068693 addi             x13, x13, -128      x13=00001f80 x13:00002000
17918708ns          296994 1c009042 00379713 slli             x14, x15, 0x3       x14=00000010 x15:00000002
17918728ns          296995 1c009046 00279793 slli             x15, x15, 0x2       x15=00000008 x15:00000002
17918748ns          296996 1c009048 00d7f7b3 and              x15, x15, x13       x15=00000000 x15:00000008 x13:00001f80
17918767ns          296997 1c00904a ee873733 p.bclr           x14, x14, 23, 8     x14=00000010 x14:00000010
17918787ns          296998 1c00904e 1a10f6b7 lui              x13, 0x1a10f000     x13=1a10f000
17918807ns          296999 1c009052 0ff57513 andi             x10, x10, 255       x10=00000065 x10:00000065
17918827ns          297000 1c009056 00d70733 add              x14, x14, x13       x14=1a10f010 x14:00000010 x13:1a10f000
17918847ns          297001 1c009058 00a7e723 p.sw             x10, x0(x15)        x10:00000065 x15:00000000  PA:1a10f010
17919185ns          297018 1c00905c 00000513 addi             x10, x0, 0          x10=00000000
17919205ns          297019 1c00905e 00008067 jalr             x0, x1, 0            x1:1c00912e
17919265ns          297022 1c00912e 31f52563 p.beqimm         x10, 778            x10:00000000
17919285ns          297023 1c009132 001d8d93 addi             x27, x27, 1         x27=00000015 x27:00000014
17919305ns          297024 1c009134 00044503 lbu              x10, 0(x8)          x10=00000072  x8:1c000096  PA:1c000096
17919603ns          297039 1c009138 00140413 addi             x8, x8, 1            x8=1c000097  x8:1c000096
17919623ns          297040 1c00913a fe0514e3 bne              x10, x0, -24        x10:00000072
17919702ns          297044 1c009122 02500793 addi             x15, x0, 37         x15=00000025
17919722ns          297045 1c009126 04f50863 beq              x10, x15, 80        x10:00000072 x15:00000025
17919742ns          297046 1c00912a 01a005b3 add              x11, x0, x26        x11=00000002 x26:00000002
17919762ns          297047 1c00912c 000b00e7 jalr             x1, x22, 0           x1=1c00912e x22:1c009038
17919802ns          297049 1c009038 000026b7 lui              x13, 0x2000         x13=00002000
17919822ns          297050 1c00903a f14027f3 csrrs            x15, x0, 0xf14      x15=00000002
17919842ns          297051 1c00903e f8068693 addi             x13, x13, -128      x13=00001f80 x13:00002000
17919861ns          297052 1c009042 00379713 slli             x14, x15, 0x3       x14=00000010 x15:00000002
17919881ns          297053 1c009046 00279793 slli             x15, x15, 0x2       x15=00000008 x15:00000002
17919901ns          297054 1c009048 00d7f7b3 and              x15, x15, x13       x15=00000000 x15:00000008 x13:00001f80
17919921ns          297055 1c00904a ee873733 p.bclr           x14, x14, 23, 8     x14=00000010 x14:00000010
17919941ns          297056 1c00904e 1a10f6b7 lui              x13, 0x1a10f000     x13=1a10f000
17919961ns          297057 1c009052 0ff57513 andi             x10, x10, 255       x10=00000072 x10:00000072
17919981ns          297058 1c009056 00d70733 add              x14, x14, x13       x14=1a10f010 x14:00000010 x13:1a10f000
17920001ns          297059 1c009058 00a7e723 p.sw             x10, x0(x15)        x10:00000072 x15:00000000  PA:1a10f010
17920339ns          297076 1c00905c 00000513 addi             x10, x0, 0          x10=00000000
17920359ns          297077 1c00905e 00008067 jalr             x0, x1, 0            x1:1c00912e
17920418ns          297080 1c00912e 31f52563 p.beqimm         x10, 778            x10:00000000
17920438ns          297081 1c009132 001d8d93 addi             x27, x27, 1         x27=00000016 x27:00000015
17920458ns          297082 1c009134 00044503 lbu              x10, 0(x8)          x10=00000061  x8:1c000097  PA:1c000097
17920757ns          297097 1c009138 00140413 addi             x8, x8, 1            x8=1c000098  x8:1c000097
17920776ns          297098 1c00913a fe0514e3 bne              x10, x0, -24        x10:00000061
17920856ns          297102 1c009122 02500793 addi             x15, x0, 37         x15=00000025
17920876ns          297103 1c009126 04f50863 beq              x10, x15, 80        x10:00000061 x15:00000025
17920896ns          297104 1c00912a 01a005b3 add              x11, x0, x26        x11=00000002 x26:00000002
17920916ns          297105 1c00912c 000b00e7 jalr             x1, x22, 0           x1=1c00912e x22:1c009038
17920955ns          297107 1c009038 000026b7 lui              x13, 0x2000         x13=00002000
17920975ns          297108 1c00903a f14027f3 csrrs            x15, x0, 0xf14      x15=00000002
17920995ns          297109 1c00903e f8068693 addi             x13, x13, -128      x13=00001f80 x13:00002000
17921015ns          297110 1c009042 00379713 slli             x14, x15, 0x3       x14=00000010 x15:00000002
17921035ns          297111 1c009046 00279793 slli             x15, x15, 0x2       x15=00000008 x15:00000002
17921055ns          297112 1c009048 00d7f7b3 and              x15, x15, x13       x15=00000000 x15:00000008 x13:00001f80
17921075ns          297113 1c00904a ee873733 p.bclr           x14, x14, 23, 8     x14=00000010 x14:00000010
17921095ns          297114 1c00904e 1a10f6b7 lui              x13, 0x1a10f000     x13=1a10f000
17921115ns          297115 1c009052 0ff57513 andi             x10, x10, 255       x10=00000061 x10:00000061
17921134ns          297116 1c009056 00d70733 add              x14, x14, x13       x14=1a10f010 x14:00000010 x13:1a10f000
17921154ns          297117 1c009058 00a7e723 p.sw             x10, x0(x15)        x10:00000061 x15:00000000  PA:1a10f010
17921473ns          297133 1c00905c 00000513 addi             x10, x0, 0          x10=00000000
17921492ns          297134 1c00905e 00008067 jalr             x0, x1, 0            x1:1c00912e
17921552ns          297137 1c00912e 31f52563 p.beqimm         x10, 778            x10:00000000
17921572ns          297138 1c009132 001d8d93 addi             x27, x27, 1         x27=00000017 x27:00000016
17921592ns          297139 1c009134 00044503 lbu              x10, 0(x8)          x10=00000074  x8:1c000098  PA:1c000098
17921890ns          297154 1c009138 00140413 addi             x8, x8, 1            x8=1c000099  x8:1c000098
17921910ns          297155 1c00913a fe0514e3 bne              x10, x0, -24        x10:00000074
17921990ns          297159 1c009122 02500793 addi             x15, x0, 37         x15=00000025
17922010ns          297160 1c009126 04f50863 beq              x10, x15, 80        x10:00000074 x15:00000025
17922030ns          297161 1c00912a 01a005b3 add              x11, x0, x26        x11=00000002 x26:00000002
17922049ns          297162 1c00912c 000b00e7 jalr             x1, x22, 0           x1=1c00912e x22:1c009038
17922089ns          297164 1c009038 000026b7 lui              x13, 0x2000         x13=00002000
17922109ns          297165 1c00903a f14027f3 csrrs            x15, x0, 0xf14      x15=00000002
17922129ns          297166 1c00903e f8068693 addi             x13, x13, -128      x13=00001f80 x13:00002000
17922149ns          297167 1c009042 00379713 slli             x14, x15, 0x3       x14=00000010 x15:00000002
17922169ns          297168 1c009046 00279793 slli             x15, x15, 0x2       x15=00000008 x15:00000002
17922189ns          297169 1c009048 00d7f7b3 and              x15, x15, x13       x15=00000000 x15:00000008 x13:00001f80
17922209ns          297170 1c00904a ee873733 p.bclr           x14, x14, 23, 8     x14=00000010 x14:00000010
17922228ns          297171 1c00904e 1a10f6b7 lui              x13, 0x1a10f000     x13=1a10f000
17922248ns          297172 1c009052 0ff57513 andi             x10, x10, 255       x10=00000074 x10:00000074
17922268ns          297173 1c009056 00d70733 add              x14, x14, x13       x14=1a10f010 x14:00000010 x13:1a10f000
17922288ns          297174 1c009058 00a7e723 p.sw             x10, x0(x15)        x10:00000074 x15:00000000  PA:1a10f010
17922606ns          297190 1c00905c 00000513 addi             x10, x0, 0          x10=00000000
17922626ns          297191 1c00905e 00008067 jalr             x0, x1, 0            x1:1c00912e
17922686ns          297194 1c00912e 31f52563 p.beqimm         x10, 778            x10:00000000
17922706ns          297195 1c009132 001d8d93 addi             x27, x27, 1         x27=00000018 x27:00000017
17922726ns          297196 1c009134 00044503 lbu              x10, 0(x8)          x10=00000069  x8:1c000099  PA:1c000099
17923024ns          297211 1c009138 00140413 addi             x8, x8, 1            x8=1c00009a  x8:1c000099
17923044ns          297212 1c00913a fe0514e3 bne              x10, x0, -24        x10:00000069
17923124ns          297216 1c009122 02500793 addi             x15, x0, 37         x15=00000025
17923143ns          297217 1c009126 04f50863 beq              x10, x15, 80        x10:00000069 x15:00000025
17923163ns          297218 1c00912a 01a005b3 add              x11, x0, x26        x11=00000002 x26:00000002
17923183ns          297219 1c00912c 000b00e7 jalr             x1, x22, 0           x1=1c00912e x22:1c009038
17923223ns          297221 1c009038 000026b7 lui              x13, 0x2000         x13=00002000
17923243ns          297222 1c00903a f14027f3 csrrs            x15, x0, 0xf14      x15=00000002
17923263ns          297223 1c00903e f8068693 addi             x13, x13, -128      x13=00001f80 x13:00002000
17923283ns          297224 1c009042 00379713 slli             x14, x15, 0x3       x14=00000010 x15:00000002
17923303ns          297225 1c009046 00279793 slli             x15, x15, 0x2       x15=00000008 x15:00000002
17923322ns          297226 1c009048 00d7f7b3 and              x15, x15, x13       x15=00000000 x15:00000008 x13:00001f80
17923342ns          297227 1c00904a ee873733 p.bclr           x14, x14, 23, 8     x14=00000010 x14:00000010
17923362ns          297228 1c00904e 1a10f6b7 lui              x13, 0x1a10f000     x13=1a10f000
17923382ns          297229 1c009052 0ff57513 andi             x10, x10, 255       x10=00000069 x10:00000069
17923402ns          297230 1c009056 00d70733 add              x14, x14, x13       x14=1a10f010 x14:00000010 x13:1a10f000
17923422ns          297231 1c009058 00a7e723 p.sw             x10, x0(x15)        x10:00000069 x15:00000000  PA:1a10f010
17923760ns          297248 1c00905c 00000513 addi             x10, x0, 0          x10=00000000
17923780ns          297249 1c00905e 00008067 jalr             x0, x1, 0            x1:1c00912e
17923840ns          297252 1c00912e 31f52563 p.beqimm         x10, 778            x10:00000000
17923859ns          297253 1c009132 001d8d93 addi             x27, x27, 1         x27=00000019 x27:00000018
17923879ns          297254 1c009134 00044503 lbu              x10, 0(x8)          x10=0000006f  x8:1c00009a  PA:1c00009a
17924178ns          297269 1c009138 00140413 addi             x8, x8, 1            x8=1c00009b  x8:1c00009a
17924198ns          297270 1c00913a fe0514e3 bne              x10, x0, -24        x10:0000006f
17924277ns          297274 1c009122 02500793 addi             x15, x0, 37         x15=00000025
17924297ns          297275 1c009126 04f50863 beq              x10, x15, 80        x10:0000006f x15:00000025
17924317ns          297276 1c00912a 01a005b3 add              x11, x0, x26        x11=00000002 x26:00000002
17924337ns          297277 1c00912c 000b00e7 jalr             x1, x22, 0           x1=1c00912e x22:1c009038
17924377ns          297279 1c009038 000026b7 lui              x13, 0x2000         x13=00002000
17924397ns          297280 1c00903a f14027f3 csrrs            x15, x0, 0xf14      x15=00000002
17924416ns          297281 1c00903e f8068693 addi             x13, x13, -128      x13=00001f80 x13:00002000
17924436ns          297282 1c009042 00379713 slli             x14, x15, 0x3       x14=00000010 x15:00000002
17924456ns          297283 1c009046 00279793 slli             x15, x15, 0x2       x15=00000008 x15:00000002
17924476ns          297284 1c009048 00d7f7b3 and              x15, x15, x13       x15=00000000 x15:00000008 x13:00001f80
17924496ns          297285 1c00904a ee873733 p.bclr           x14, x14, 23, 8     x14=00000010 x14:00000010
17924516ns          297286 1c00904e 1a10f6b7 lui              x13, 0x1a10f000     x13=1a10f000
17924536ns          297287 1c009052 0ff57513 andi             x10, x10, 255       x10=0000006f x10:0000006f
17924556ns          297288 1c009056 00d70733 add              x14, x14, x13       x14=1a10f010 x14:00000010 x13:1a10f000
17924576ns          297289 1c009058 00a7e723 p.sw             x10, x0(x15)        x10:0000006f x15:00000000  PA:1a10f010
17924894ns          297305 1c00905c 00000513 addi             x10, x0, 0          x10=00000000
17924914ns          297306 1c00905e 00008067 jalr             x0, x1, 0            x1:1c00912e
17924973ns          297309 1c00912e 31f52563 p.beqimm         x10, 778            x10:00000000
17924993ns          297310 1c009132 001d8d93 addi             x27, x27, 1         x27=0000001a x27:00000019
17925013ns          297311 1c009134 00044503 lbu              x10, 0(x8)          x10=0000006e  x8:1c00009b  PA:1c00009b
17925312ns          297326 1c009138 00140413 addi             x8, x8, 1            x8=1c00009c  x8:1c00009b
17925331ns          297327 1c00913a fe0514e3 bne              x10, x0, -24        x10:0000006e
17925411ns          297331 1c009122 02500793 addi             x15, x0, 37         x15=00000025
17925431ns          297332 1c009126 04f50863 beq              x10, x15, 80        x10:0000006e x15:00000025
17925451ns          297333 1c00912a 01a005b3 add              x11, x0, x26        x11=00000002 x26:00000002
17925471ns          297334 1c00912c 000b00e7 jalr             x1, x22, 0           x1=1c00912e x22:1c009038
17925510ns          297336 1c009038 000026b7 lui              x13, 0x2000         x13=00002000
17925530ns          297337 1c00903a f14027f3 csrrs            x15, x0, 0xf14      x15=00000002
17925550ns          297338 1c00903e f8068693 addi             x13, x13, -128      x13=00001f80 x13:00002000
17925570ns          297339 1c009042 00379713 slli             x14, x15, 0x3       x14=00000010 x15:00000002
17925590ns          297340 1c009046 00279793 slli             x15, x15, 0x2       x15=00000008 x15:00000002
17925610ns          297341 1c009048 00d7f7b3 and              x15, x15, x13       x15=00000000 x15:00000008 x13:00001f80
17925630ns          297342 1c00904a ee873733 p.bclr           x14, x14, 23, 8     x14=00000010 x14:00000010
17925650ns          297343 1c00904e 1a10f6b7 lui              x13, 0x1a10f000     x13=1a10f000
17925670ns          297344 1c009052 0ff57513 andi             x10, x10, 255       x10=0000006e x10:0000006e
17925689ns          297345 1c009056 00d70733 add              x14, x14, x13       x14=1a10f010 x14:00000010 x13:1a10f000
17925709ns          297346 1c009058 00a7e723 p.sw             x10, x0(x15)        x10:0000006e x15:00000000  PA:1a10f010
17926047ns          297363 1c00905c 00000513 addi             x10, x0, 0          x10=00000000
17926067ns          297364 1c00905e 00008067 jalr             x0, x1, 0            x1:1c00912e
17926127ns          297367 1c00912e 31f52563 p.beqimm         x10, 778            x10:00000000
17926147ns          297368 1c009132 001d8d93 addi             x27, x27, 1         x27=0000001b x27:0000001a
17926167ns          297369 1c009134 00044503 lbu              x10, 0(x8)          x10=00000073  x8:1c00009c  PA:1c00009c
17926465ns          297384 1c009138 00140413 addi             x8, x8, 1            x8=1c00009d  x8:1c00009c
17926485ns          297385 1c00913a fe0514e3 bne              x10, x0, -24        x10:00000073
17926565ns          297389 1c009122 02500793 addi             x15, x0, 37         x15=00000025
17926585ns          297390 1c009126 04f50863 beq              x10, x15, 80        x10:00000073 x15:00000025
17926604ns          297391 1c00912a 01a005b3 add              x11, x0, x26        x11=00000002 x26:00000002
17926624ns          297392 1c00912c 000b00e7 jalr             x1, x22, 0           x1=1c00912e x22:1c009038
17926664ns          297394 1c009038 000026b7 lui              x13, 0x2000         x13=00002000
17926684ns          297395 1c00903a f14027f3 csrrs            x15, x0, 0xf14      x15=00000002
17926704ns          297396 1c00903e f8068693 addi             x13, x13, -128      x13=00001f80 x13:00002000
17926724ns          297397 1c009042 00379713 slli             x14, x15, 0x3       x14=00000010 x15:00000002
17926744ns          297398 1c009046 00279793 slli             x15, x15, 0x2       x15=00000008 x15:00000002
17926764ns          297399 1c009048 00d7f7b3 and              x15, x15, x13       x15=00000000 x15:00000008 x13:00001f80
17926783ns          297400 1c00904a ee873733 p.bclr           x14, x14, 23, 8     x14=00000010 x14:00000010
17926803ns          297401 1c00904e 1a10f6b7 lui              x13, 0x1a10f000     x13=1a10f000
17926823ns          297402 1c009052 0ff57513 andi             x10, x10, 255       x10=00000073 x10:00000073
17926843ns          297403 1c009056 00d70733 add              x14, x14, x13       x14=1a10f010 x14:00000010 x13:1a10f000
17926863ns          297404 1c009058 00a7e723 p.sw             x10, x0(x15)        x10:00000073 x15:00000000  PA:1a10f010
17927181ns          297420 1c00905c 00000513 addi             x10, x0, 0          x10=00000000
17927201ns          297421 1c00905e 00008067 jalr             x0, x1, 0            x1:1c00912e
17927261ns          297424 1c00912e 31f52563 p.beqimm         x10, 778            x10:00000000
17927281ns          297425 1c009132 001d8d93 addi             x27, x27, 1         x27=0000001c x27:0000001b
17927301ns          297426 1c009134 00044503 lbu              x10, 0(x8)          x10=0000002e  x8:1c00009d  PA:1c00009d
17927599ns          297441 1c009138 00140413 addi             x8, x8, 1            x8=1c00009e  x8:1c00009d
17927619ns          297442 1c00913a fe0514e3 bne              x10, x0, -24        x10:0000002e
17927698ns          297446 1c009122 02500793 addi             x15, x0, 37         x15=00000025
17927718ns          297447 1c009126 04f50863 beq              x10, x15, 80        x10:0000002e x15:00000025
17927738ns          297448 1c00912a 01a005b3 add              x11, x0, x26        x11=00000002 x26:00000002
17927758ns          297449 1c00912c 000b00e7 jalr             x1, x22, 0           x1=1c00912e x22:1c009038
17927798ns          297451 1c009038 000026b7 lui              x13, 0x2000         x13=00002000
17927818ns          297452 1c00903a f14027f3 csrrs            x15, x0, 0xf14      x15=00000002
17927838ns          297453 1c00903e f8068693 addi             x13, x13, -128      x13=00001f80 x13:00002000
17927858ns          297454 1c009042 00379713 slli             x14, x15, 0x3       x14=00000010 x15:00000002
17927877ns          297455 1c009046 00279793 slli             x15, x15, 0x2       x15=00000008 x15:00000002
17927897ns          297456 1c009048 00d7f7b3 and              x15, x15, x13       x15=00000000 x15:00000008 x13:00001f80
17927917ns          297457 1c00904a ee873733 p.bclr           x14, x14, 23, 8     x14=00000010 x14:00000010
17927937ns          297458 1c00904e 1a10f6b7 lui              x13, 0x1a10f000     x13=1a10f000
17927957ns          297459 1c009052 0ff57513 andi             x10, x10, 255       x10=0000002e x10:0000002e
17927977ns          297460 1c009056 00d70733 add              x14, x14, x13       x14=1a10f010 x14:00000010 x13:1a10f000
17927997ns          297461 1c009058 00a7e723 p.sw             x10, x0(x15)        x10:0000002e x15:00000000  PA:1a10f010
17928335ns          297478 1c00905c 00000513 addi             x10, x0, 0          x10=00000000
17928355ns          297479 1c00905e 00008067 jalr             x0, x1, 0            x1:1c00912e
17928414ns          297482 1c00912e 31f52563 p.beqimm         x10, 778            x10:00000000
17928434ns          297483 1c009132 001d8d93 addi             x27, x27, 1         x27=0000001d x27:0000001c
17928454ns          297484 1c009134 00044503 lbu              x10, 0(x8)          x10=0000002e  x8:1c00009e  PA:1c00009e
17928753ns          297499 1c009138 00140413 addi             x8, x8, 1            x8=1c00009f  x8:1c00009e
17928773ns          297500 1c00913a fe0514e3 bne              x10, x0, -24        x10:0000002e
17928852ns          297504 1c009122 02500793 addi             x15, x0, 37         x15=00000025
17928872ns          297505 1c009126 04f50863 beq              x10, x15, 80        x10:0000002e x15:00000025
17928892ns          297506 1c00912a 01a005b3 add              x11, x0, x26        x11=00000002 x26:00000002
17928912ns          297507 1c00912c 000b00e7 jalr             x1, x22, 0           x1=1c00912e x22:1c009038
17928952ns          297509 1c009038 000026b7 lui              x13, 0x2000         x13=00002000
17928971ns          297510 1c00903a f14027f3 csrrs            x15, x0, 0xf14      x15=00000002
17928991ns          297511 1c00903e f8068693 addi             x13, x13, -128      x13=00001f80 x13:00002000
17929011ns          297512 1c009042 00379713 slli             x14, x15, 0x3       x14=00000010 x15:00000002
17929031ns          297513 1c009046 00279793 slli             x15, x15, 0x2       x15=00000008 x15:00000002
17929051ns          297514 1c009048 00d7f7b3 and              x15, x15, x13       x15=00000000 x15:00000008 x13:00001f80
17929071ns          297515 1c00904a ee873733 p.bclr           x14, x14, 23, 8     x14=00000010 x14:00000010
17929091ns          297516 1c00904e 1a10f6b7 lui              x13, 0x1a10f000     x13=1a10f000
17929111ns          297517 1c009052 0ff57513 andi             x10, x10, 255       x10=0000002e x10:0000002e
17929131ns          297518 1c009056 00d70733 add              x14, x14, x13       x14=1a10f010 x14:00000010 x13:1a10f000
17929150ns          297519 1c009058 00a7e723 p.sw             x10, x0(x15)        x10:0000002e x15:00000000  PA:1a10f010
17929469ns          297535 1c00905c 00000513 addi             x10, x0, 0          x10=00000000
17929489ns          297536 1c00905e 00008067 jalr             x0, x1, 0            x1:1c00912e
17929548ns          297539 1c00912e 31f52563 p.beqimm         x10, 778            x10:00000000
17929568ns          297540 1c009132 001d8d93 addi             x27, x27, 1         x27=0000001e x27:0000001d
17929588ns          297541 1c009134 00044503 lbu              x10, 0(x8)          x10=0000002e  x8:1c00009f  PA:1c00009f
17929886ns          297556 1c009138 00140413 addi             x8, x8, 1            x8=1c0000a0  x8:1c00009f
17929906ns          297557 1c00913a fe0514e3 bne              x10, x0, -24        x10:0000002e
17929986ns          297561 1c009122 02500793 addi             x15, x0, 37         x15=00000025
17930006ns          297562 1c009126 04f50863 beq              x10, x15, 80        x10:0000002e x15:00000025
17930026ns          297563 1c00912a 01a005b3 add              x11, x0, x26        x11=00000002 x26:00000002
17930046ns          297564 1c00912c 000b00e7 jalr             x1, x22, 0           x1=1c00912e x22:1c009038
17930085ns          297566 1c009038 000026b7 lui              x13, 0x2000         x13=00002000
17930105ns          297567 1c00903a f14027f3 csrrs            x15, x0, 0xf14      x15=00000002
17930125ns          297568 1c00903e f8068693 addi             x13, x13, -128      x13=00001f80 x13:00002000
17930145ns          297569 1c009042 00379713 slli             x14, x15, 0x3       x14=00000010 x15:00000002
17930165ns          297570 1c009046 00279793 slli             x15, x15, 0x2       x15=00000008 x15:00000002
17930185ns          297571 1c009048 00d7f7b3 and              x15, x15, x13       x15=00000000 x15:00000008 x13:00001f80
17930205ns          297572 1c00904a ee873733 p.bclr           x14, x14, 23, 8     x14=00000010 x14:00000010
17930225ns          297573 1c00904e 1a10f6b7 lui              x13, 0x1a10f000     x13=1a10f000
17930244ns          297574 1c009052 0ff57513 andi             x10, x10, 255       x10=0000002e x10:0000002e
17930264ns          297575 1c009056 00d70733 add              x14, x14, x13       x14=1a10f010 x14:00000010 x13:1a10f000
17930284ns          297576 1c009058 00a7e723 p.sw             x10, x0(x15)        x10:0000002e x15:00000000  PA:1a10f010
17930602ns          297592 1c00905c 00000513 addi             x10, x0, 0          x10=00000000
17930622ns          297593 1c00905e 00008067 jalr             x0, x1, 0            x1:1c00912e
17930682ns          297596 1c00912e 31f52563 p.beqimm         x10, 778            x10:00000000
17930702ns          297597 1c009132 001d8d93 addi             x27, x27, 1         x27=0000001f x27:0000001e
17930722ns          297598 1c009134 00044503 lbu              x10, 0(x8)          x10=00000020  x8:1c0000a0  PA:1c0000a0
17931020ns          297613 1c009138 00140413 addi             x8, x8, 1            x8=1c0000a1  x8:1c0000a0
17931040ns          297614 1c00913a fe0514e3 bne              x10, x0, -24        x10:00000020
17931120ns          297618 1c009122 02500793 addi             x15, x0, 37         x15=00000025
17931140ns          297619 1c009126 04f50863 beq              x10, x15, 80        x10:00000020 x15:00000025
17931159ns          297620 1c00912a 01a005b3 add              x11, x0, x26        x11=00000002 x26:00000002
17931179ns          297621 1c00912c 000b00e7 jalr             x1, x22, 0           x1=1c00912e x22:1c009038
17931219ns          297623 1c009038 000026b7 lui              x13, 0x2000         x13=00002000
17931239ns          297624 1c00903a f14027f3 csrrs            x15, x0, 0xf14      x15=00000002
17931259ns          297625 1c00903e f8068693 addi             x13, x13, -128      x13=00001f80 x13:00002000
17931279ns          297626 1c009042 00379713 slli             x14, x15, 0x3       x14=00000010 x15:00000002
17931299ns          297627 1c009046 00279793 slli             x15, x15, 0x2       x15=00000008 x15:00000002
17931319ns          297628 1c009048 00d7f7b3 and              x15, x15, x13       x15=00000000 x15:00000008 x13:00001f80
17931338ns          297629 1c00904a ee873733 p.bclr           x14, x14, 23, 8     x14=00000010 x14:00000010
17931358ns          297630 1c00904e 1a10f6b7 lui              x13, 0x1a10f000     x13=1a10f000
17931378ns          297631 1c009052 0ff57513 andi             x10, x10, 255       x10=00000020 x10:00000020
17931398ns          297632 1c009056 00d70733 add              x14, x14, x13       x14=1a10f010 x14:00000010 x13:1a10f000
17931418ns          297633 1c009058 00a7e723 p.sw             x10, x0(x15)        x10:00000020 x15:00000000  PA:1a10f010
17931756ns          297650 1c00905c 00000513 addi             x10, x0, 0          x10=00000000
17931776ns          297651 1c00905e 00008067 jalr             x0, x1, 0            x1:1c00912e
17931836ns          297654 1c00912e 31f52563 p.beqimm         x10, 778            x10:00000000
17931856ns          297655 1c009132 001d8d93 addi             x27, x27, 1         x27=00000020 x27:0000001f
17931875ns          297656 1c009134 00044503 lbu              x10, 0(x8)          x10=00000028  x8:1c0000a1  PA:1c0000a1
17932174ns          297671 1c009138 00140413 addi             x8, x8, 1            x8=1c0000a2  x8:1c0000a1
17932194ns          297672 1c00913a fe0514e3 bne              x10, x0, -24        x10:00000028
17932273ns          297676 1c009122 02500793 addi             x15, x0, 37         x15=00000025
17932293ns          297677 1c009126 04f50863 beq              x10, x15, 80        x10:00000028 x15:00000025
17932313ns          297678 1c00912a 01a005b3 add              x11, x0, x26        x11=00000002 x26:00000002
17932333ns          297679 1c00912c 000b00e7 jalr             x1, x22, 0           x1=1c00912e x22:1c009038
17932373ns          297681 1c009038 000026b7 lui              x13, 0x2000         x13=00002000
17932393ns          297682 1c00903a f14027f3 csrrs            x15, x0, 0xf14      x15=00000002
17932413ns          297683 1c00903e f8068693 addi             x13, x13, -128      x13=00001f80 x13:00002000
17932432ns          297684 1c009042 00379713 slli             x14, x15, 0x3       x14=00000010 x15:00000002
17932452ns          297685 1c009046 00279793 slli             x15, x15, 0x2       x15=00000008 x15:00000002
17932472ns          297686 1c009048 00d7f7b3 and              x15, x15, x13       x15=00000000 x15:00000008 x13:00001f80
17932492ns          297687 1c00904a ee873733 p.bclr           x14, x14, 23, 8     x14=00000010 x14:00000010
17932512ns          297688 1c00904e 1a10f6b7 lui              x13, 0x1a10f000     x13=1a10f000
17932532ns          297689 1c009052 0ff57513 andi             x10, x10, 255       x10=00000028 x10:00000028
17932552ns          297690 1c009056 00d70733 add              x14, x14, x13       x14=1a10f010 x14:00000010 x13:1a10f000
17932572ns          297691 1c009058 00a7e723 p.sw             x10, x0(x15)        x10:00000028 x15:00000000  PA:1a10f010
17932890ns          297707 1c00905c 00000513 addi             x10, x0, 0          x10=00000000
17932910ns          297708 1c00905e 00008067 jalr             x0, x1, 0            x1:1c00912e
17932969ns          297711 1c00912e 31f52563 p.beqimm         x10, 778            x10:00000000
17932989ns          297712 1c009132 001d8d93 addi             x27, x27, 1         x27=00000021 x27:00000020
17933009ns          297713 1c009134 00044503 lbu              x10, 0(x8)          x10=00000063  x8:1c0000a2  PA:1c0000a2
17933308ns          297728 1c009138 00140413 addi             x8, x8, 1            x8=1c0000a3  x8:1c0000a2
17933327ns          297729 1c00913a fe0514e3 bne              x10, x0, -24        x10:00000063
17933407ns          297733 1c009122 02500793 addi             x15, x0, 37         x15=00000025
17933427ns          297734 1c009126 04f50863 beq              x10, x15, 80        x10:00000063 x15:00000025
17933447ns          297735 1c00912a 01a005b3 add              x11, x0, x26        x11=00000002 x26:00000002
17933467ns          297736 1c00912c 000b00e7 jalr             x1, x22, 0           x1=1c00912e x22:1c009038
17933507ns          297738 1c009038 000026b7 lui              x13, 0x2000         x13=00002000
17933526ns          297739 1c00903a f14027f3 csrrs            x15, x0, 0xf14      x15=00000002
17933546ns          297740 1c00903e f8068693 addi             x13, x13, -128      x13=00001f80 x13:00002000
17933566ns          297741 1c009042 00379713 slli             x14, x15, 0x3       x14=00000010 x15:00000002
17933586ns          297742 1c009046 00279793 slli             x15, x15, 0x2       x15=00000008 x15:00000002
17933606ns          297743 1c009048 00d7f7b3 and              x15, x15, x13       x15=00000000 x15:00000008 x13:00001f80
17933626ns          297744 1c00904a ee873733 p.bclr           x14, x14, 23, 8     x14=00000010 x14:00000010
17933646ns          297745 1c00904e 1a10f6b7 lui              x13, 0x1a10f000     x13=1a10f000
17933666ns          297746 1c009052 0ff57513 andi             x10, x10, 255       x10=00000063 x10:00000063
17933686ns          297747 1c009056 00d70733 add              x14, x14, x13       x14=1a10f010 x14:00000010 x13:1a10f000
17933705ns          297748 1c009058 00a7e723 p.sw             x10, x0(x15)        x10:00000063 x15:00000000  PA:1a10f010
17934024ns          297764 1c00905c 00000513 addi             x10, x0, 0          x10=00000000
17934044ns          297765 1c00905e 00008067 jalr             x0, x1, 0            x1:1c00912e
17934103ns          297768 1c00912e 31f52563 p.beqimm         x10, 778            x10:00000000
17934123ns          297769 1c009132 001d8d93 addi             x27, x27, 1         x27=00000022 x27:00000021
17934143ns          297770 1c009134 00044503 lbu              x10, 0(x8)          x10=0000006f  x8:1c0000a3  PA:1c0000a3
17934441ns          297785 1c009138 00140413 addi             x8, x8, 1            x8=1c0000a4  x8:1c0000a3
17934461ns          297786 1c00913a fe0514e3 bne              x10, x0, -24        x10:0000006f
17934541ns          297790 1c009122 02500793 addi             x15, x0, 37         x15=00000025
17934561ns          297791 1c009126 04f50863 beq              x10, x15, 80        x10:0000006f x15:00000025
17934581ns          297792 1c00912a 01a005b3 add              x11, x0, x26        x11=00000002 x26:00000002
17934601ns          297793 1c00912c 000b00e7 jalr             x1, x22, 0           x1=1c00912e x22:1c009038
17934640ns          297795 1c009038 000026b7 lui              x13, 0x2000         x13=00002000
17934660ns          297796 1c00903a f14027f3 csrrs            x15, x0, 0xf14      x15=00000002
17934680ns          297797 1c00903e f8068693 addi             x13, x13, -128      x13=00001f80 x13:00002000
17934700ns          297798 1c009042 00379713 slli             x14, x15, 0x3       x14=00000010 x15:00000002
17934720ns          297799 1c009046 00279793 slli             x15, x15, 0x2       x15=00000008 x15:00000002
17934740ns          297800 1c009048 00d7f7b3 and              x15, x15, x13       x15=00000000 x15:00000008 x13:00001f80
17934760ns          297801 1c00904a ee873733 p.bclr           x14, x14, 23, 8     x14=00000010 x14:00000010
17934780ns          297802 1c00904e 1a10f6b7 lui              x13, 0x1a10f000     x13=1a10f000
17934799ns          297803 1c009052 0ff57513 andi             x10, x10, 255       x10=0000006f x10:0000006f
17934819ns          297804 1c009056 00d70733 add              x14, x14, x13       x14=1a10f010 x14:00000010 x13:1a10f000
17934839ns          297805 1c009058 00a7e723 p.sw             x10, x0(x15)        x10:0000006f x15:00000000  PA:1a10f010
17935177ns          297822 1c00905c 00000513 addi             x10, x0, 0          x10=00000000
17935197ns          297823 1c00905e 00008067 jalr             x0, x1, 0            x1:1c00912e
17935257ns          297826 1c00912e 31f52563 p.beqimm         x10, 778            x10:00000000
17935277ns          297827 1c009132 001d8d93 addi             x27, x27, 1         x27=00000023 x27:00000022
17935297ns          297828 1c009134 00044503 lbu              x10, 0(x8)          x10=00000072  x8:1c0000a4  PA:1c0000a4
17935595ns          297843 1c009138 00140413 addi             x8, x8, 1            x8=1c0000a5  x8:1c0000a4
17935615ns          297844 1c00913a fe0514e3 bne              x10, x0, -24        x10:00000072
17935694ns          297848 1c009122 02500793 addi             x15, x0, 37         x15=00000025
17935714ns          297849 1c009126 04f50863 beq              x10, x15, 80        x10:00000072 x15:00000025
17935734ns          297850 1c00912a 01a005b3 add              x11, x0, x26        x11=00000002 x26:00000002
17935754ns          297851 1c00912c 000b00e7 jalr             x1, x22, 0           x1=1c00912e x22:1c009038
17935794ns          297853 1c009038 000026b7 lui              x13, 0x2000         x13=00002000
17935814ns          297854 1c00903a f14027f3 csrrs            x15, x0, 0xf14      x15=00000002
17935834ns          297855 1c00903e f8068693 addi             x13, x13, -128      x13=00001f80 x13:00002000
17935854ns          297856 1c009042 00379713 slli             x14, x15, 0x3       x14=00000010 x15:00000002
17935874ns          297857 1c009046 00279793 slli             x15, x15, 0x2       x15=00000008 x15:00000002
17935893ns          297858 1c009048 00d7f7b3 and              x15, x15, x13       x15=00000000 x15:00000008 x13:00001f80
17935913ns          297859 1c00904a ee873733 p.bclr           x14, x14, 23, 8     x14=00000010 x14:00000010
17935933ns          297860 1c00904e 1a10f6b7 lui              x13, 0x1a10f000     x13=1a10f000
17935953ns          297861 1c009052 0ff57513 andi             x10, x10, 255       x10=00000072 x10:00000072
17935973ns          297862 1c009056 00d70733 add              x14, x14, x13       x14=1a10f010 x14:00000010 x13:1a10f000
17935993ns          297863 1c009058 00a7e723 p.sw             x10, x0(x15)        x10:00000072 x15:00000000  PA:1a10f010
17936331ns          297880 1c00905c 00000513 addi             x10, x0, 0          x10=00000000
17936351ns          297881 1c00905e 00008067 jalr             x0, x1, 0            x1:1c00912e
17936411ns          297884 1c00912e 31f52563 p.beqimm         x10, 778            x10:00000000
17936430ns          297885 1c009132 001d8d93 addi             x27, x27, 1         x27=00000024 x27:00000023
17936450ns          297886 1c009134 00044503 lbu              x10, 0(x8)          x10=00000065  x8:1c0000a5  PA:1c0000a5
17936749ns          297901 1c009138 00140413 addi             x8, x8, 1            x8=1c0000a6  x8:1c0000a5
17936769ns          297902 1c00913a fe0514e3 bne              x10, x0, -24        x10:00000065
17936848ns          297906 1c009122 02500793 addi             x15, x0, 37         x15=00000025
17936868ns          297907 1c009126 04f50863 beq              x10, x15, 80        x10:00000065 x15:00000025
17936888ns          297908 1c00912a 01a005b3 add              x11, x0, x26        x11=00000002 x26:00000002
17936908ns          297909 1c00912c 000b00e7 jalr             x1, x22, 0           x1=1c00912e x22:1c009038
17936948ns          297911 1c009038 000026b7 lui              x13, 0x2000         x13=00002000
17936968ns          297912 1c00903a f14027f3 csrrs            x15, x0, 0xf14      x15=00000002
17936987ns          297913 1c00903e f8068693 addi             x13, x13, -128      x13=00001f80 x13:00002000
17937007ns          297914 1c009042 00379713 slli             x14, x15, 0x3       x14=00000010 x15:00000002
17937027ns          297915 1c009046 00279793 slli             x15, x15, 0x2       x15=00000008 x15:00000002
17937047ns          297916 1c009048 00d7f7b3 and              x15, x15, x13       x15=00000000 x15:00000008 x13:00001f80
17937067ns          297917 1c00904a ee873733 p.bclr           x14, x14, 23, 8     x14=00000010 x14:00000010
17937087ns          297918 1c00904e 1a10f6b7 lui              x13, 0x1a10f000     x13=1a10f000
17937107ns          297919 1c009052 0ff57513 andi             x10, x10, 255       x10=00000065 x10:00000065
17937127ns          297920 1c009056 00d70733 add              x14, x14, x13       x14=1a10f010 x14:00000010 x13:1a10f000
17937147ns          297921 1c009058 00a7e723 p.sw             x10, x0(x15)        x10:00000065 x15:00000000  PA:1a10f010
17937465ns          297937 1c00905c 00000513 addi             x10, x0, 0          x10=00000000
17937485ns          297938 1c00905e 00008067 jalr             x0, x1, 0            x1:1c00912e
17937544ns          297941 1c00912e 31f52563 p.beqimm         x10, 778            x10:00000000
17937564ns          297942 1c009132 001d8d93 addi             x27, x27, 1         x27=00000025 x27:00000024
17937584ns          297943 1c009134 00044503 lbu              x10, 0(x8)          x10=00000069  x8:1c0000a6  PA:1c0000a6
17937882ns          297958 1c009138 00140413 addi             x8, x8, 1            x8=1c0000a7  x8:1c0000a6
17937902ns          297959 1c00913a fe0514e3 bne              x10, x0, -24        x10:00000069
17937982ns          297963 1c009122 02500793 addi             x15, x0, 37         x15=00000025
17938002ns          297964 1c009126 04f50863 beq              x10, x15, 80        x10:00000069 x15:00000025
17938022ns          297965 1c00912a 01a005b3 add              x11, x0, x26        x11=00000002 x26:00000002
17938042ns          297966 1c00912c 000b00e7 jalr             x1, x22, 0           x1=1c00912e x22:1c009038
17938081ns          297968 1c009038 000026b7 lui              x13, 0x2000         x13=00002000
17938101ns          297969 1c00903a f14027f3 csrrs            x15, x0, 0xf14      x15=00000002
17938121ns          297970 1c00903e f8068693 addi             x13, x13, -128      x13=00001f80 x13:00002000
17938141ns          297971 1c009042 00379713 slli             x14, x15, 0x3       x14=00000010 x15:00000002
17938161ns          297972 1c009046 00279793 slli             x15, x15, 0x2       x15=00000008 x15:00000002
17938181ns          297973 1c009048 00d7f7b3 and              x15, x15, x13       x15=00000000 x15:00000008 x13:00001f80
17938201ns          297974 1c00904a ee873733 p.bclr           x14, x14, 23, 8     x14=00000010 x14:00000010
17938221ns          297975 1c00904e 1a10f6b7 lui              x13, 0x1a10f000     x13=1a10f000
17938241ns          297976 1c009052 0ff57513 andi             x10, x10, 255       x10=00000069 x10:00000069
17938260ns          297977 1c009056 00d70733 add              x14, x14, x13       x14=1a10f010 x14:00000010 x13:1a10f000
17938280ns          297978 1c009058 00a7e723 p.sw             x10, x0(x15)        x10:00000069 x15:00000000  PA:1a10f010
17938599ns          297994 1c00905c 00000513 addi             x10, x0, 0          x10=00000000
17938618ns          297995 1c00905e 00008067 jalr             x0, x1, 0            x1:1c00912e
17938678ns          297998 1c00912e 31f52563 p.beqimm         x10, 778            x10:00000000
17938698ns          297999 1c009132 001d8d93 addi             x27, x27, 1         x27=00000026 x27:00000025
17938718ns          298000 1c009134 00044503 lbu              x10, 0(x8)          x10=00000064  x8:1c0000a7  PA:1c0000a7
17939016ns          298015 1c009138 00140413 addi             x8, x8, 1            x8=1c0000a8  x8:1c0000a7
17939036ns          298016 1c00913a fe0514e3 bne              x10, x0, -24        x10:00000064
17939116ns          298020 1c009122 02500793 addi             x15, x0, 37         x15=00000025
17939136ns          298021 1c009126 04f50863 beq              x10, x15, 80        x10:00000064 x15:00000025
17939155ns          298022 1c00912a 01a005b3 add              x11, x0, x26        x11=00000002 x26:00000002
17939175ns          298023 1c00912c 000b00e7 jalr             x1, x22, 0           x1=1c00912e x22:1c009038
17939215ns          298025 1c009038 000026b7 lui              x13, 0x2000         x13=00002000
17939235ns          298026 1c00903a f14027f3 csrrs            x15, x0, 0xf14      x15=00000002
17939255ns          298027 1c00903e f8068693 addi             x13, x13, -128      x13=00001f80 x13:00002000
17939275ns          298028 1c009042 00379713 slli             x14, x15, 0x3       x14=00000010 x15:00000002
17939295ns          298029 1c009046 00279793 slli             x15, x15, 0x2       x15=00000008 x15:00000002
17939315ns          298030 1c009048 00d7f7b3 and              x15, x15, x13       x15=00000000 x15:00000008 x13:00001f80
17939334ns          298031 1c00904a ee873733 p.bclr           x14, x14, 23, 8     x14=00000010 x14:00000010
17939354ns          298032 1c00904e 1a10f6b7 lui              x13, 0x1a10f000     x13=1a10f000
17939374ns          298033 1c009052 0ff57513 andi             x10, x10, 255       x10=00000064 x10:00000064
17939394ns          298034 1c009056 00d70733 add              x14, x14, x13       x14=1a10f010 x14:00000010 x13:1a10f000
17939414ns          298035 1c009058 00a7e723 p.sw             x10, x0(x15)        x10:00000064 x15:00000000  PA:1a10f010
17939752ns          298052 1c00905c 00000513 addi             x10, x0, 0          x10=00000000
17939772ns          298053 1c00905e 00008067 jalr             x0, x1, 0            x1:1c00912e
17939832ns          298056 1c00912e 31f52563 p.beqimm         x10, 778            x10:00000000
17939852ns          298057 1c009132 001d8d93 addi             x27, x27, 1         x27=00000027 x27:00000026
17939872ns          298058 1c009134 00044503 lbu              x10, 0(x8)          x10=00000020  x8:1c0000a8  PA:1c0000a8
17940170ns          298073 1c009138 00140413 addi             x8, x8, 1            x8=1c0000a9  x8:1c0000a8
17940190ns          298074 1c00913a fe0514e3 bne              x10, x0, -24        x10:00000020
17940269ns          298078 1c009122 02500793 addi             x15, x0, 37         x15=00000025
17940289ns          298079 1c009126 04f50863 beq              x10, x15, 80        x10:00000020 x15:00000025
17940309ns          298080 1c00912a 01a005b3 add              x11, x0, x26        x11=00000002 x26:00000002
17940329ns          298081 1c00912c 000b00e7 jalr             x1, x22, 0           x1=1c00912e x22:1c009038
17940369ns          298083 1c009038 000026b7 lui              x13, 0x2000         x13=00002000
17940389ns          298084 1c00903a f14027f3 csrrs            x15, x0, 0xf14      x15=00000002
17940409ns          298085 1c00903e f8068693 addi             x13, x13, -128      x13=00001f80 x13:00002000
17940428ns          298086 1c009042 00379713 slli             x14, x15, 0x3       x14=00000010 x15:00000002
17940448ns          298087 1c009046 00279793 slli             x15, x15, 0x2       x15=00000008 x15:00000002
17940468ns          298088 1c009048 00d7f7b3 and              x15, x15, x13       x15=00000000 x15:00000008 x13:00001f80
17940488ns          298089 1c00904a ee873733 p.bclr           x14, x14, 23, 8     x14=00000010 x14:00000010
17940508ns          298090 1c00904e 1a10f6b7 lui              x13, 0x1a10f000     x13=1a10f000
17940528ns          298091 1c009052 0ff57513 andi             x10, x10, 255       x10=00000020 x10:00000020
17940548ns          298092 1c009056 00d70733 add              x14, x14, x13       x14=1a10f010 x14:00000010 x13:1a10f000
17940568ns          298093 1c009058 00a7e723 p.sw             x10, x0(x15)        x10:00000020 x15:00000000  PA:1a10f010
17940886ns          298109 1c00905c 00000513 addi             x10, x0, 0          x10=00000000
17940906ns          298110 1c00905e 00008067 jalr             x0, x1, 0            x1:1c00912e
17940966ns          298113 1c00912e 31f52563 p.beqimm         x10, 778            x10:00000000
17940985ns          298114 1c009132 001d8d93 addi             x27, x27, 1         x27=00000028 x27:00000027
17941005ns          298115 1c009134 00044503 lbu              x10, 0(x8)          x10=0000003d  x8:1c0000a9  PA:1c0000a9
17941304ns          298130 1c009138 00140413 addi             x8, x8, 1            x8=1c0000aa  x8:1c0000a9
17941324ns          298131 1c00913a fe0514e3 bne              x10, x0, -24        x10:0000003d
17941403ns          298135 1c009122 02500793 addi             x15, x0, 37         x15=00000025
17941423ns          298136 1c009126 04f50863 beq              x10, x15, 80        x10:0000003d x15:00000025
17941443ns          298137 1c00912a 01a005b3 add              x11, x0, x26        x11=00000002 x26:00000002
17941463ns          298138 1c00912c 000b00e7 jalr             x1, x22, 0           x1=1c00912e x22:1c009038
17941503ns          298140 1c009038 000026b7 lui              x13, 0x2000         x13=00002000
17941522ns          298141 1c00903a f14027f3 csrrs            x15, x0, 0xf14      x15=00000002
17941542ns          298142 1c00903e f8068693 addi             x13, x13, -128      x13=00001f80 x13:00002000
17941562ns          298143 1c009042 00379713 slli             x14, x15, 0x3       x14=00000010 x15:00000002
17941582ns          298144 1c009046 00279793 slli             x15, x15, 0x2       x15=00000008 x15:00000002
17941602ns          298145 1c009048 00d7f7b3 and              x15, x15, x13       x15=00000000 x15:00000008 x13:00001f80
17941622ns          298146 1c00904a ee873733 p.bclr           x14, x14, 23, 8     x14=00000010 x14:00000010
17941642ns          298147 1c00904e 1a10f6b7 lui              x13, 0x1a10f000     x13=1a10f000
17941662ns          298148 1c009052 0ff57513 andi             x10, x10, 255       x10=0000003d x10:0000003d
17941682ns          298149 1c009056 00d70733 add              x14, x14, x13       x14=1a10f010 x14:00000010 x13:1a10f000
17941701ns          298150 1c009058 00a7e723 p.sw             x10, x0(x15)        x10:0000003d x15:00000000  PA:1a10f010
17942020ns          298166 1c00905c 00000513 addi             x10, x0, 0          x10=00000000
17942040ns          298167 1c00905e 00008067 jalr             x0, x1, 0            x1:1c00912e
17942099ns          298170 1c00912e 31f52563 p.beqimm         x10, 778            x10:00000000
17942119ns          298171 1c009132 001d8d93 addi             x27, x27, 1         x27=00000029 x27:00000028
17942139ns          298172 1c009134 00044503 lbu              x10, 0(x8)          x10=00000020  x8:1c0000aa  PA:1c0000aa
17942437ns          298187 1c009138 00140413 addi             x8, x8, 1            x8=1c0000ab  x8:1c0000aa
17942457ns          298188 1c00913a fe0514e3 bne              x10, x0, -24        x10:00000020
17942537ns          298192 1c009122 02500793 addi             x15, x0, 37         x15=00000025
17942557ns          298193 1c009126 04f50863 beq              x10, x15, 80        x10:00000020 x15:00000025
17942577ns          298194 1c00912a 01a005b3 add              x11, x0, x26        x11=00000002 x26:00000002
17942597ns          298195 1c00912c 000b00e7 jalr             x1, x22, 0           x1=1c00912e x22:1c009038
17942636ns          298197 1c009038 000026b7 lui              x13, 0x2000         x13=00002000
17942656ns          298198 1c00903a f14027f3 csrrs            x15, x0, 0xf14      x15=00000002
17942676ns          298199 1c00903e f8068693 addi             x13, x13, -128      x13=00001f80 x13:00002000
17942696ns          298200 1c009042 00379713 slli             x14, x15, 0x3       x14=00000010 x15:00000002
17942716ns          298201 1c009046 00279793 slli             x15, x15, 0x2       x15=00000008 x15:00000002
17942736ns          298202 1c009048 00d7f7b3 and              x15, x15, x13       x15=00000000 x15:00000008 x13:00001f80
17942756ns          298203 1c00904a ee873733 p.bclr           x14, x14, 23, 8     x14=00000010 x14:00000010
17942776ns          298204 1c00904e 1a10f6b7 lui              x13, 0x1a10f000     x13=1a10f000
17942795ns          298205 1c009052 0ff57513 andi             x10, x10, 255       x10=00000020 x10:00000020
17942815ns          298206 1c009056 00d70733 add              x14, x14, x13       x14=1a10f010 x14:00000010 x13:1a10f000
17942835ns          298207 1c009058 00a7e723 p.sw             x10, x0(x15)        x10:00000020 x15:00000000  PA:1a10f010
17943173ns          298224 1c00905c 00000513 addi             x10, x0, 0          x10=00000000
17943193ns          298225 1c00905e 00008067 jalr             x0, x1, 0            x1:1c00912e
17943253ns          298228 1c00912e 31f52563 p.beqimm         x10, 778            x10:00000000
17943273ns          298229 1c009132 001d8d93 addi             x27, x27, 1         x27=0000002a x27:00000029
17943293ns          298230 1c009134 00044503 lbu              x10, 0(x8)          x10=00000025  x8:1c0000ab  PA:1c0000ab
17943591ns          298245 1c009138 00140413 addi             x8, x8, 1            x8=1c0000ac  x8:1c0000ab
17943611ns          298246 1c00913a fe0514e3 bne              x10, x0, -24        x10:00000025
17943691ns          298250 1c009122 02500793 addi             x15, x0, 37         x15=00000025
17943710ns          298251 1c009126 04f50863 beq              x10, x15, 80        x10:00000025 x15:00000025
17943790ns          298255 1c009176 00044483 lbu              x9, 0(x8)            x9=00000064  x8:1c0000ac  PA:1c0000ac
17944088ns          298270 1c00917a 02000693 addi             x13, x0, 32         x13=00000020
17944108ns          298271 1c00917e 00140a93 addi             x21, x8, 1          x21=1c0000ad  x8:1c0000ac
17944128ns          298272 1c009182 009005b3 add              x11, x0, x9         x11=00000064  x9:00000064
17944148ns          298273 1c009184 13cb8513 addi             x10, x23, 316       x10=1c00013c x23:1c000000
17944168ns          298274 1c009188 00d12823 sw               x13, 16(x2)         x13:00000020  x2:100014d8  PA:100014e8
17944188ns          298275 1c00918a 00012c23 sw               x0, 24(x2)           x2:100014d8  PA:100014f0
17944208ns          298276 1c00918c 00012a23 sw               x0, 20(x2)           x2:100014d8  PA:100014ec
17944228ns          298277 1c00918e 00012e23 sw               x0, 28(x2)           x2:100014d8  PA:100014f4
17944248ns          298278 1c009190 00012623 sw               x0, 12(x2)           x2:100014d8  PA:100014e4
17944267ns          298279 1c009192 02300913 addi             x18, x0, 35         x18=00000023
17944287ns          298280 1c009196 02d00a13 addi             x20, x0, 45         x20=0000002d
17944307ns          298281 1c00919a 015009b3 add              x19, x0, x21        x19=1c0000ad x21:1c0000ad
17944327ns          298282 1c00919c e1dff0ef jal              x1, -484             x1=1c00919e
17944446ns          298288 1c008fb8 00054783 lbu              x15, 0(x10)         x15=0000002d x10:1c00013c  PA:1c00013c
17944765ns          298304 1c008fbc 0ff5f593 andi             x11, x11, 255       x11=00000064 x11:00000064
17944785ns          298305 1c008fc0 00b78c63 beq              x15, x11, 24        x15:0000002d x11:00000064
17944804ns          298306 1c008fc4 00078b63 beq              x15, x0, 22         x15:0000002d
17944824ns          298307 1c008fc6 00150793 addi             x15, x10, 1         x15=1c00013d x10:1c00013c
17944844ns          298308 1c008fca 0040006f jal              x0, 4              
17944924ns          298312 1c008fce 00f00533 add              x10, x0, x15        x10=1c00013d x15:1c00013d
17944944ns          298313 1c008fd0 0017c70b p.lbu            x14, 1(x15!)        x14=0000002b x15=1c00013e x15:1c00013d  PA:1c00013d
17945262ns          298329 1c008fd4 feb71ce3 bne              x14, x11, -8        x14:0000002b x11:00000064
17945322ns          298332 1c008fcc 00070763 beq              x14, x0, 14         x14:0000002b
17945342ns          298333 1c008fce 00f00533 add              x10, x0, x15        x10=1c00013e x15:1c00013e
17945361ns          298334 1c008fd0 0017c70b p.lbu            x14, 1(x15!)        x14=00000020 x15=1c00013f x15:1c00013e  PA:1c00013e
17945680ns          298350 1c008fd4 feb71ce3 bne              x14, x11, -8        x14:00000020 x11:00000064
17945739ns          298353 1c008fcc 00070763 beq              x14, x0, 14         x14:00000020
17945759ns          298354 1c008fce 00f00533 add              x10, x0, x15        x10=1c00013f x15:1c00013f
17945779ns          298355 1c008fd0 0017c70b p.lbu            x14, 1(x15!)        x14=00000023 x15=1c000140 x15:1c00013f  PA:1c00013f
17946097ns          298371 1c008fd4 feb71ce3 bne              x14, x11, -8        x14:00000023 x11:00000064
17946157ns          298374 1c008fcc 00070763 beq              x14, x0, 14         x14:00000023
17946177ns          298375 1c008fce 00f00533 add              x10, x0, x15        x10=1c000140 x15:1c000140
17946197ns          298376 1c008fd0 0017c70b p.lbu            x14, 1(x15!)        x14=00000030 x15=1c000141 x15:1c000140  PA:1c000140
17946515ns          298392 1c008fd4 feb71ce3 bne              x14, x11, -8        x14:00000030 x11:00000064
17946575ns          298395 1c008fcc 00070763 beq              x14, x0, 14         x14:00000030
17946595ns          298396 1c008fce 00f00533 add              x10, x0, x15        x10=1c000141 x15:1c000141
17946615ns          298397 1c008fd0 0017c70b p.lbu            x14, 1(x15!)        x14=00000000 x15=1c000142 x15:1c000141  PA:1c000141
17946953ns          298414 1c008fd4 feb71ce3 bne              x14, x11, -8        x14:00000000 x11:00000064
17947012ns          298417 1c008fcc 00070763 beq              x14, x0, 14         x14:00000000
17947092ns          298421 1c008fda 0015b593 sltiu            x11, x11, 1         x11=00000000 x11:00000064
17947112ns          298422 1c008fde 40b005b3 sub              x11, x0, x11        x11=00000000 x11:00000000
17947132ns          298423 1c008fe2 00b57533 and              x10, x10, x11       x10=00000000 x10:1c000141 x11:00000000
17947152ns          298424 1c008fe4 00008067 jalr             x0, x1, 0            x1:1c00919e
17947191ns          298426 1c00919e 02050a63 beq              x10, x0, 52         x10:00000000
17947271ns          298430 1c0091d2 02a00613 addi             x12, x0, 42         x12=0000002a
17947291ns          298431 1c0091d6 2ac48663 beq              x9, x12, 684         x9:00000064 x12:0000002a
17947311ns          298432 1c0091da fd048613 addi             x12, x9, -48        x12=00000034  x9:00000064
17947331ns          298433 1c0091de 00900593 addi             x11, x0, 9          x11=00000009
17947350ns          298434 1c0091e0 00000913 addi             x18, x0, 0          x18=00000000
17947370ns          298435 1c0091e2 28c5f063 bgeu             x11, x12, 640       x11:00000009 x12:00000034
17947390ns          298436 1c0091e6 02e00693 addi             x13, x0, 46         x13=0000002e
17947410ns          298437 1c0091ea fff00a13 addi             x20, x0, -1         x20=ffffffff
17947430ns          298438 1c0091ec 2ed48363 beq              x9, x13, 742         x9:00000064 x13:0000002e
17947450ns          298439 1c0091f0 1c0007b7 lui              x15, 0x1c000000     x15=1c000000
17947470ns          298440 1c0091f4 009005b3 add              x11, x0, x9         x11=00000064  x9:00000064
17947490ns          298441 1c0091f6 14478513 addi             x10, x15, 324       x10=1c000144 x15:1c000000
17947510ns          298442 1c0091fa dbfff0ef jal              x1, -578             x1=1c0091fc
17947549ns          298444 1c008fb8 00054783 lbu              x15, 0(x10)         x15=00000068 x10:1c000144  PA:1c000144
17947848ns          298459 1c008fbc 0ff5f593 andi             x11, x11, 255       x11=00000064 x11:00000064
17947868ns          298460 1c008fc0 00b78c63 beq              x15, x11, 24        x15:00000068 x11:00000064
17947888ns          298461 1c008fc4 00078b63 beq              x15, x0, 22         x15:00000068
17947907ns          298462 1c008fc6 00150793 addi             x15, x10, 1         x15=1c000145 x10:1c000144
17947927ns          298463 1c008fca 0040006f jal              x0, 4              
17947967ns          298465 1c008fce 00f00533 add              x10, x0, x15        x10=1c000145 x15:1c000145
17947987ns          298466 1c008fd0 0017c70b p.lbu            x14, 1(x15!)        x14=0000006c x15=1c000146 x15:1c000145  PA:1c000145
17948325ns          298483 1c008fd4 feb71ce3 bne              x14, x11, -8        x14:0000006c x11:00000064
17948385ns          298486 1c008fcc 00070763 beq              x14, x0, 14         x14:0000006c
17948405ns          298487 1c008fce 00f00533 add              x10, x0, x15        x10=1c000146 x15:1c000146
17948425ns          298488 1c008fd0 0017c70b p.lbu            x14, 1(x15!)        x14=0000004c x15=1c000147 x15:1c000146  PA:1c000146
17948743ns          298504 1c008fd4 feb71ce3 bne              x14, x11, -8        x14:0000004c x11:00000064
17948802ns          298507 1c008fcc 00070763 beq              x14, x0, 14         x14:0000004c
17948822ns          298508 1c008fce 00f00533 add              x10, x0, x15        x10=1c000147 x15:1c000147
17948842ns          298509 1c008fd0 0017c70b p.lbu            x14, 1(x15!)        x14=0000007a x15=1c000148 x15:1c000147  PA:1c000147
17949161ns          298525 1c008fd4 feb71ce3 bne              x14, x11, -8        x14:0000007a x11:00000064
17949220ns          298528 1c008fcc 00070763 beq              x14, x0, 14         x14:0000007a
17949240ns          298529 1c008fce 00f00533 add              x10, x0, x15        x10=1c000148 x15:1c000148
17949260ns          298530 1c008fd0 0017c70b p.lbu            x14, 1(x15!)        x14=00000000 x15=1c000149 x15:1c000148  PA:1c000148
17949598ns          298547 1c008fd4 feb71ce3 bne              x14, x11, -8        x14:00000000 x11:00000064
17949658ns          298550 1c008fcc 00070763 beq              x14, x0, 14         x14:00000000
17949737ns          298554 1c008fda 0015b593 sltiu            x11, x11, 1         x11=00000000 x11:00000064
17949757ns          298555 1c008fde 40b005b3 sub              x11, x0, x11        x11=00000000 x11:00000000
17949777ns          298556 1c008fe2 00b57533 and              x10, x10, x11       x10=00000000 x10:1c000148 x11:00000000
17949797ns          298557 1c008fe4 00008067 jalr             x0, x1, 0            x1:1c0091fc
17949837ns          298559 1c0091fc 01300433 add              x8, x0, x19          x8=1c0000ad x19:1c0000ad
17949857ns          298560 1c0091fe 00050563 beq              x10, x0, 10         x10:00000000
17949916ns          298563 1c009208 06700693 addi             x13, x0, 103        x13=00000067
17949936ns          298564 1c00920c 2896d963 bge              x13, x9, 658        x13:00000067  x9:00000064
17950155ns          298575 1c00949e 06500693 addi             x13, x0, 101        x13=00000065
17950195ns          298577 1c0094a2 12d4d563 bge              x9, x13, 298         x9:00000064 x13:00000065
17950215ns          298578 1c0094a6 04700693 addi             x13, x0, 71         x13=00000047
17950235ns          298579 1c0094aa dc96cbe3 blt              x13, x9, -554       x13:00000047  x9:00000064
17950334ns          298584 1c009280 06300693 addi             x13, x0, 99         x13=00000063
17950354ns          298585 1c009284 0ad488e3 beq              x9, x13, 2224        x9:00000064 x13:00000063
17950374ns          298586 1c009288 0096c9e3 blt              x13, x9, 2066       x13:00000063  x9:00000064
17950573ns          298596 1c009a9a 000c2583 lw               x11, 0(x24)         x11=00000002 x24:10001630  PA:10001630
17950593ns          298597 1c009a9e 004c0c13 addi             x24, x24, 4         x24=10001634 x24:10001630
17950632ns          298599 1c009aa0 3405cc63 blt              x11, x0, 856        x11:00000002
17950672ns          298601 1c009aa4 01412603 lw               x12, 20(x2)         x12=00000000  x2:100014d8  PA:100014ec
17950692ns          298602 1c009aa6 00b006b3 add              x13, x0, x11        x13=00000002 x11:00000002
17950712ns          298603 1c009aa8 2e061863 bne              x12, x0, 752        x12:00000000
17950732ns          298604 1c009aac 01812703 lw               x14, 24(x2)         x14=00000000  x2:100014d8  PA:100014f0
17950752ns          298605 1c009aae 019007b3 add              x15, x0, x25        x15=100014fc x25:100014fc
17950772ns          298606 1c009ab0 00070763 beq              x14, x0, 14         x14:00000000
17950831ns          298609 1c009abe 00f00733 add              x14, x0, x15        x14=100014fc x15:100014fc
17950851ns          298610 1c009ac0 00a00513 addi             x10, x0, 10         x10=0000000a
17950871ns          298611 1c009ac2 02a6f633 remu             x12, x13, x10       x12=00000002 x13:00000002 x10:0000000a
17951488ns          298642 1c009ac6 02a6d6b3 divu             x13, x13, x10       x13=00000000 x13:00000002 x10:0000000a
17952104ns          298673 1c009aca 03060613 addi             x12, x12, 48        x12=00000032 x12:00000002
17952124ns          298674 1c009ace 00c700ab p.sb             x12, 1(x14!)        x14=100014fd x12:00000032 x14:100014fc  PA:100014fc
17952144ns          298675 1c009ad2 fe0698e3 bne              x13, x0, -16        x13:00000000
17952164ns          298676 1c009ad4 40f706b3 sub              x13, x14, x15       x13=00000001 x14:100014fd x15:100014fc
17952184ns          298677 1c009ad8 0146dc63 bge              x13, x20, 24        x13:00000001 x20:ffffffff
17952244ns          298680 1c009af0 00e006b3 add              x13, x0, x14        x13=100014fd x14:100014fd
17952263ns          298681 1c009af2 fe068fab p.sb             x0, -1(x13!)        x13=100014fc x13:100014fd  PA:100014fd
17952283ns          298682 1c009af6 00d7fc63 bgeu             x15, x13, 24        x15:100014fc x13:100014fc
17952343ns          298685 1c009b0e 01412783 lw               x15, 20(x2)         x15=00000000  x2:100014d8  PA:100014ec
17952403ns          298688 1c009b10 01812603 lw               x12, 24(x2)         x12=00000000  x2:100014d8  PA:100014f0
17952443ns          298690 1c009b12 419704b3 sub              x9, x14, x25         x9=00000001 x14:100014fd x25:100014fc
17952462ns          298691 1c009b16 00c7e7b3 or               x15, x15, x12       x15=00000000 x15:00000000 x12:00000000
17952482ns          298692 1c009b18 00f12623 sw               x15, 12(x2)         x15:00000000  x2:100014d8  PA:100014e4
17952502ns          298693 1c009b1a 00079363 bne              x15, x0, 6          x15:00000000
17952522ns          298694 1c009b1c 01f5d593 srli             x11, x11, 0x1f      x11=00000000 x11:00000002
17952542ns          298695 1c009b1e 00b12623 sw               x11, 12(x2)         x11:00000000  x2:100014d8  PA:100014e4
17952582ns          298697 1c009b20 e3fa28e3 p.beqimm         x20, -464           x20:ffffffff
17953119ns          298724 1c009950 0c800793 addi             x15, x0, 200        x15=000000c8
17953159ns          298726 1c009954 9e97d0e3 bge              x15, x9, -1568      x15:000000c8  x9:00000001
17953676ns          298752 1c009334 0f24d163 bge              x9, x18, 226         x9:00000001 x18:00000000
17953815ns          298759 1c009416 d00482e3 beq              x9, x0, -764         x9:00000001
17953835ns          298760 1c00941a 01900933 add              x18, x0, x25        x18=100014fc x25:100014fc
17953855ns          298761 1c00941c 419d8db3 sub              x27, x27, x25       x27=efffeb2e x27:0000002a x25:100014fc
17953875ns          298762 1c009420 00a0006f jal              x0, 10             
17953934ns          298765 1c00942a 0019450b p.lbu            x10, 1(x18!)        x10=00000032 x18=100014fd x18:100014fc  PA:100014fc
17953954ns          298766 1c00942e 01a005b3 add              x11, x0, x26        x11=00000002 x26:00000002
17953994ns          298768 1c009430 000b00e7 jalr             x1, x22, 0           x1=1c009432 x22:1c009038
17954074ns          298772 1c009038 000026b7 lui              x13, 0x2000         x13=00002000
17954113ns          298774 1c00903a f14027f3 csrrs            x15, x0, 0xf14      x15=00000002
17954133ns          298775 1c00903e f8068693 addi             x13, x13, -128      x13=00001f80 x13:00002000
17954153ns          298776 1c009042 00379713 slli             x14, x15, 0x3       x14=00000010 x15:00000002
17954173ns          298777 1c009046 00279793 slli             x15, x15, 0x2       x15=00000008 x15:00000002
17954193ns          298778 1c009048 00d7f7b3 and              x15, x15, x13       x15=00000000 x15:00000008 x13:00001f80
17954213ns          298779 1c00904a ee873733 p.bclr           x14, x14, 23, 8     x14=00000010 x14:00000010
17954233ns          298780 1c00904e 1a10f6b7 lui              x13, 0x1a10f000     x13=1a10f000
17954253ns          298781 1c009052 0ff57513 andi             x10, x10, 255       x10=00000032 x10:00000032
17954272ns          298782 1c009056 00d70733 add              x14, x14, x13       x14=1a10f010 x14:00000010 x13:1a10f000
17954292ns          298783 1c009058 00a7e723 p.sw             x10, x0(x15)        x10:00000032 x15:00000000  PA:1a10f010
17954611ns          298799 1c00905c 00000513 addi             x10, x0, 0          x10=00000000
17954630ns          298800 1c00905e 00008067 jalr             x0, x1, 0            x1:1c009432
17954670ns          298802 1c009432 fff48493 addi             x9, x9, -1           x9=00000000  x9:00000001
17954690ns          298803 1c009434 fff537e3 p.bneimm         x10, -18            x10:00000000
17954770ns          298807 1c009422 012d8733 add              x14, x27, x18       x14=0000002b x27:efffeb2e x18:100014fd
17954790ns          298808 1c009426 5a048b63 beq              x9, x0, 1462         x9:00000000
17954889ns          298813 1c0099dc 00e00db3 add              x27, x0, x14        x27=0000002b x14:0000002b
17954969ns          298817 1c0099de f3cff06f jal              x0, -2244          
17955028ns          298820 1c00911a 00044503 lbu              x10, 0(x8)          x10=00000029  x8:1c0000ad  PA:1c0000ad
17955327ns          298835 1c00911e 00140413 addi             x8, x8, 1            x8=1c0000ae  x8:1c0000ad
17955347ns          298836 1c009120 00050e63 beq              x10, x0, 28         x10:00000029
17955366ns          298837 1c009122 02500793 addi             x15, x0, 37         x15=00000025
17955386ns          298838 1c009126 04f50863 beq              x10, x15, 80        x10:00000029 x15:00000025
17955406ns          298839 1c00912a 01a005b3 add              x11, x0, x26        x11=00000002 x26:00000002
17955426ns          298840 1c00912c 000b00e7 jalr             x1, x22, 0           x1=1c00912e x22:1c009038
17955466ns          298842 1c009038 000026b7 lui              x13, 0x2000         x13=00002000
17955486ns          298843 1c00903a f14027f3 csrrs            x15, x0, 0xf14      x15=00000002
17955506ns          298844 1c00903e f8068693 addi             x13, x13, -128      x13=00001f80 x13:00002000
17955526ns          298845 1c009042 00379713 slli             x14, x15, 0x3       x14=00000010 x15:00000002
17955545ns          298846 1c009046 00279793 slli             x15, x15, 0x2       x15=00000008 x15:00000002
17955565ns          298847 1c009048 00d7f7b3 and              x15, x15, x13       x15=00000000 x15:00000008 x13:00001f80
17955585ns          298848 1c00904a ee873733 p.bclr           x14, x14, 23, 8     x14=00000010 x14:00000010
17955605ns          298849 1c00904e 1a10f6b7 lui              x13, 0x1a10f000     x13=1a10f000
17955625ns          298850 1c009052 0ff57513 andi             x10, x10, 255       x10=00000029 x10:00000029
17955645ns          298851 1c009056 00d70733 add              x14, x14, x13       x14=1a10f010 x14:00000010 x13:1a10f000
17955665ns          298852 1c009058 00a7e723 p.sw             x10, x0(x15)        x10:00000029 x15:00000000  PA:1a10f010
17955983ns          298868 1c00905c 00000513 addi             x10, x0, 0          x10=00000000
17956003ns          298869 1c00905e 00008067 jalr             x0, x1, 0            x1:1c00912e
17956063ns          298872 1c00912e 31f52563 p.beqimm         x10, 778            x10:00000000
17956083ns          298873 1c009132 001d8d93 addi             x27, x27, 1         x27=0000002c x27:0000002b
17956102ns          298874 1c009134 00044503 lbu              x10, 0(x8)          x10=0000000a  x8:1c0000ae  PA:1c0000ae
17956401ns          298889 1c009138 00140413 addi             x8, x8, 1            x8=1c0000af  x8:1c0000ae
17956421ns          298890 1c00913a fe0514e3 bne              x10, x0, -24        x10:0000000a
17956500ns          298894 1c009122 02500793 addi             x15, x0, 37         x15=00000025
17956520ns          298895 1c009126 04f50863 beq              x10, x15, 80        x10:0000000a x15:00000025
17956540ns          298896 1c00912a 01a005b3 add              x11, x0, x26        x11=00000002 x26:00000002
17956560ns          298897 1c00912c 000b00e7 jalr             x1, x22, 0           x1=1c00912e x22:1c009038
17956600ns          298899 1c009038 000026b7 lui              x13, 0x2000         x13=00002000
17956620ns          298900 1c00903a f14027f3 csrrs            x15, x0, 0xf14      x15=00000002
17956639ns          298901 1c00903e f8068693 addi             x13, x13, -128      x13=00001f80 x13:00002000
17956659ns          298902 1c009042 00379713 slli             x14, x15, 0x3       x14=00000010 x15:00000002
17956679ns          298903 1c009046 00279793 slli             x15, x15, 0x2       x15=00000008 x15:00000002
17956699ns          298904 1c009048 00d7f7b3 and              x15, x15, x13       x15=00000000 x15:00000008 x13:00001f80
17956719ns          298905 1c00904a ee873733 p.bclr           x14, x14, 23, 8     x14=00000010 x14:00000010
17956739ns          298906 1c00904e 1a10f6b7 lui              x13, 0x1a10f000     x13=1a10f000
17956759ns          298907 1c009052 0ff57513 andi             x10, x10, 255       x10=0000000a x10:0000000a
17956779ns          298908 1c009056 00d70733 add              x14, x14, x13       x14=1a10f010 x14:00000010 x13:1a10f000
17956799ns          298909 1c009058 00a7e723 p.sw             x10, x0(x15)        x10:0000000a x15:00000000  PA:1a10f010
17957117ns          298925 1c00905c 00000513 addi             x10, x0, 0          x10=00000000
17957137ns          298926 1c00905e 00008067 jalr             x0, x1, 0            x1:1c00912e
17957196ns          298929 1c00912e 31f52563 p.beqimm         x10, 778            x10:00000000
17957216ns          298930 1c009132 001d8d93 addi             x27, x27, 1         x27=0000002d x27:0000002c
17957236ns          298931 1c009134 00044503 lbu              x10, 0(x8)          x10=00000000  x8:1c0000af  PA:1c0000af
17957614ns          298950 1c009138 00140413 addi             x8, x8, 1            x8=1c0000b0  x8:1c0000af
17957634ns          298951 1c00913a fe0514e3 bne              x10, x0, -24        x10:00000000
17957654ns          298952 1c00913c 01b00433 add              x8, x0, x27          x8=0000002d x27:0000002d
17957674ns          298953 1c00913e 00800533 add              x10, x0, x8         x10=0000002d  x8:0000002d
17957694ns          298954 1c009140 12c12083 lw               x1, 300(x2)          x1=1c0090cc  x2:100014d8  PA:10001604
17957714ns          298955 1c009144 12812403 lw               x8, 296(x2)          x8=00000002  x2:100014d8  PA:10001600
17957733ns          298956 1c009148 12412483 lw               x9, 292(x2)          x9=xxxxxxxx  x2:100014d8  PA:100015fc
17957753ns          298957 1c00914c 12012903 lw               x18, 288(x2)        x18=xxxxxxxx  x2:100014d8  PA:100015f8
17957793ns          298959 1c009150 11c12983 lw               x19, 284(x2)        x19=xxxxxxxx  x2:100014d8  PA:100015f4
17957833ns          298961 1c009154 11812a03 lw               x20, 280(x2)        x20=xxxxxxxx  x2:100014d8  PA:100015f0
17957853ns          298962 1c009158 11412a83 lw               x21, 276(x2)        x21=xxxxxxxx  x2:100014d8  PA:100015ec
17957873ns          298963 1c00915c 11012b03 lw               x22, 272(x2)        x22=xxxxxxxx  x2:100014d8  PA:100015e8
17957932ns          298966 1c009160 10c12b83 lw               x23, 268(x2)        x23=xxxxxxxx  x2:100014d8  PA:100015e4
17957972ns          298968 1c009164 10812c03 lw               x24, 264(x2)        x24=xxxxxxxx  x2:100014d8  PA:100015e0
17957992ns          298969 1c009168 10412c83 lw               x25, 260(x2)        x25=xxxxxxxx  x2:100014d8  PA:100015dc
17958012ns          298970 1c00916c 10012d03 lw               x26, 256(x2)        x26=xxxxxxxx  x2:100014d8  PA:100015d8
17958032ns          298971 1c009170 0fc12d83 lw               x27, 252(x2)        x27=xxxxxxxx  x2:100014d8  PA:100015d4
17958052ns          298972 1c009172 13010113 addi             x2, x2, 304          x2=10001608  x2:100014d8
17958072ns          298973 1c009174 00008067 jalr             x0, x1, 0            x1:1c0090cc
17958589ns          298999 1c0090cc 01c12083 lw               x1, 28(x2)           x1=1c008734  x2:10001608  PA:10001624
17958609ns          299000 1c0090ce 04010113 addi             x2, x2, 64           x2=10001648  x2:10001608
17959126ns          299026 1c0090d0 00008067 jalr             x0, x1, 0            x1:1c008734
17959205ns          299030 1c008734 00300793 addi             x15, x0, 3          x15=00000003
17959245ns          299032 1c008736 0087f463 bgeu             x15, x8, 8          x15:00000003  x8:00000002
17959384ns          299039 1c00873e 51d010ef jal              x1, 7452             x1=1c008742
17959504ns          299045 1c00a45a f14027f3 csrrs            x15, x0, 0xf14      x15=00000002
17959524ns          299046 1c00a45e 01f00713 addi             x14, x0, 31         x14=0000001f
17959583ns          299049 1c00a460 ca5797b3 p.extractu       x15, x15, 5, 5      x15=00000000 x15:00000002
17959623ns          299051 1c00a464 00e78863 beq              x15, x14, 16        x15:00000000 x14:0000001f
17959643ns          299052 1c00a468 002047b7 lui              x15, 0x204000       x15=00204000
17959663ns          299053 1c00a46c 20078793 addi             x15, x15, 512       x15=00204200 x15:00204000
17960100ns          299075 1c00a470 01c7e703 p.elw            x14, 28(x15)        x14=00010000 x15:00204200  PA:0020421c
17960240ns          299082 1c00a474 00008067 jalr             x0, x1, 0            x1:1c008742
17960677ns          299104 1c008742 f14027f3 csrrs            x15, x0, 0xf14      x15=00000002
17960697ns          299105 1c008746 f457b7b3 p.bclr           x15, x15, 26, 5     x15=00000002 x15:00000002
17960717ns          299106 1c00874a 02079063 bne              x15, x0, 32         x15:00000002
17961712ns          299156 1c00876a 06400513 addi             x10, x0, 100        x10=00000064
17962149ns          299178 1c00876e 02a40533 mul              x10, x8, x10        x10=000000c8  x8:00000002 x10:00000064
17962189ns          299180 1c008772 1c010737 lui              x14, 0x1c010000     x14=1c010000
17962209ns          299181 1c008776 00070713 addi             x14, x14, 0         x14=1c010000 x14:1c010000
17962229ns          299182 1c00877a 00251513 slli             x10, x10, 0x2       x10=00000320 x10:000000c8
17962249ns          299183 1c00877c 00a707b3 add              x15, x14, x10       x15=1c010320 x14:1c010000 x10:00000320
17962666ns          299204 1c008780 0707a083 lw               x1, 112(x15)         x1=40a86d60 x15:1c010320  PA:1c010390
17963004ns          299221 1c008784 0307a383 lw               x7, 48(x15)          x7=4064c01f x15:1c010320  PA:1c010350
17963303ns          299236 1c008788 0347a283 lw               x5, 52(x15)          x5=40a34c36 x15:1c010320  PA:1c010354
17963601ns          299251 1c00878c 0387af83 lw               x31, 56(x15)        x31=40fd801d x15:1c010320  PA:1c010358
17964019ns          299272 1c008790 03c7af03 lw               x30, 60(x15)        x30=3f919eb6 x15:1c010320  PA:1c01035c
17964317ns          299287 1c008794 0407ae83 lw               x29, 64(x15)        x29=411da4b1 x15:1c010320  PA:1c010360
17964616ns          299302 1c008798 0447ae03 lw               x28, 68(x15)        x28=3efca0c6 x15:1c010320  PA:1c010364
17964914ns          299317 1c00879c 0487a303 lw               x6, 72(x15)          x6=40fbd103 x15:1c010320  PA:1c010368
17965212ns          299332 1c0087a0 04c7a883 lw               x17, 76(x15)        x17=411e7cba x15:1c010320  PA:1c01036c
17965551ns          299349 1c0087a4 0507a803 lw               x16, 80(x15)        x16=401a597c x15:1c010320  PA:1c010370
17965849ns          299364 1c0087a8 0547a583 lw               x11, 84(x15)        x11=40bf4167 x15:1c010320  PA:1c010374
17966147ns          299379 1c0087aa 0587a603 lw               x12, 88(x15)        x12=404ec0d1 x15:1c010320  PA:1c010378
17966446ns          299394 1c0087ac 05c7a683 lw               x13, 92(x15)        x13=4052d2d0 x15:1c010320  PA:1c01037c
17966744ns          299409 1c0087ae 08112023 sw               x1, 128(x2)          x1:40a86d60  x2:10001648  PA:100016c8
17966764ns          299410 1c0087b0 0747a083 lw               x1, 116(x15)         x1=40b6975f x15:1c010320  PA:1c010394
17967082ns          299426 1c0087b4 08112223 sw               x1, 132(x2)          x1:40b6975f  x2:10001648  PA:100016cc
17967102ns          299427 1c0087b6 0787a083 lw               x1, 120(x15)         x1=40eeda69 x15:1c010320  PA:1c010398
17967420ns          299443 1c0087ba 08112423 sw               x1, 136(x2)          x1:40eeda69  x2:10001648  PA:100016d0
17967440ns          299444 1c0087bc 07c7a083 lw               x1, 124(x15)         x1=40a726be x15:1c010320  PA:1c01039c
17967758ns          299460 1c0087c0 08112623 sw               x1, 140(x2)          x1:40a726be  x2:10001648  PA:100016d4
17967778ns          299461 1c0087c2 0807a083 lw               x1, 128(x15)         x1=3ebc3e0d x15:1c010320  PA:1c0103a0
17968116ns          299478 1c0087c6 08112823 sw               x1, 144(x2)          x1:3ebc3e0d  x2:10001648  PA:100016d8
17968136ns          299479 1c0087c8 0847a083 lw               x1, 132(x15)         x1=3efe76da x15:1c010320  PA:1c0103a4
17968455ns          299495 1c0087cc 08112a23 sw               x1, 148(x2)          x1:3efe76da  x2:10001648  PA:100016dc
17968474ns          299496 1c0087ce 0887a083 lw               x1, 136(x15)         x1=4012621f x15:1c010320  PA:1c0103a8
17968832ns          299514 1c0087d2 08112c23 sw               x1, 152(x2)          x1:4012621f  x2:10001648  PA:100016e0
17968852ns          299515 1c0087d4 08c7a083 lw               x1, 140(x15)         x1=40b8a9cc x15:1c010320  PA:1c0103ac
17969171ns          299531 1c0087d8 08112e23 sw               x1, 156(x2)          x1:40b8a9cc  x2:10001648  PA:100016e4
17969191ns          299532 1c0087da 0907a083 lw               x1, 144(x15)         x1=40ac36af x15:1c010320  PA:1c0103b0
17969529ns          299549 1c0087de 0a112023 sw               x1, 160(x2)          x1:40ac36af  x2:10001648  PA:100016e8
17969549ns          299550 1c0087e0 0947a083 lw               x1, 148(x15)         x1=41167c68 x15:1c010320  PA:1c0103b4
17969867ns          299566 1c0087e4 0a112223 sw               x1, 164(x2)          x1:41167c68  x2:10001648  PA:100016ec
17969887ns          299567 1c0087e6 0987a083 lw               x1, 152(x15)         x1=41047f83 x15:1c010320  PA:1c0103b8
17970205ns          299583 1c0087ea 0a112423 sw               x1, 168(x2)          x1:41047f83  x2:10001648  PA:100016f0
17970225ns          299584 1c0087ec 09c7a083 lw               x1, 156(x15)         x1=40ab61a9 x15:1c010320  PA:1c0103bc
17970543ns          299600 1c0087f0 0a112623 sw               x1, 172(x2)          x1:40ab61a9  x2:10001648  PA:100016f4
17970563ns          299601 1c0087f2 0a07a083 lw               x1, 160(x15)         x1=4118e19e x15:1c010320  PA:1c0103c0
17970901ns          299618 1c0087f6 0a112823 sw               x1, 176(x2)          x1:4118e19e  x2:10001648  PA:100016f8
17970921ns          299619 1c0087f8 0a47a083 lw               x1, 164(x15)         x1=4042ef3f x15:1c010320  PA:1c0103c4
17971239ns          299635 1c0087fc 0a112a23 sw               x1, 180(x2)          x1:4042ef3f  x2:10001648  PA:100016fc
17971259ns          299636 1c0087fe 0a87a083 lw               x1, 168(x15)         x1=400863aa x15:1c010320  PA:1c0103c8
17971577ns          299652 1c008802 0a112c23 sw               x1, 184(x2)          x1:400863aa  x2:10001648  PA:10001700
17971597ns          299653 1c008804 0ac7a083 lw               x1, 172(x15)         x1=4049e8ae x15:1c010320  PA:1c0103cc
17971916ns          299669 1c008808 0a112e23 sw               x1, 188(x2)          x1:4049e8ae  x2:10001648  PA:10001704
17971935ns          299670 1c00880a 0b07a083 lw               x1, 176(x15)         x1=40b0b3a4 x15:1c010320  PA:1c0103d0
17972274ns          299687 1c00880e 0c112023 sw               x1, 192(x2)          x1:40b0b3a4  x2:10001648  PA:10001708
17972293ns          299688 1c008810 0b47a083 lw               x1, 180(x15)         x1=4004e112 x15:1c010320  PA:1c0103d4
17972612ns          299704 1c008814 0c112223 sw               x1, 196(x2)          x1:4004e112  x2:10001648  PA:1000170c
17972632ns          299705 1c008816 0b87a083 lw               x1, 184(x15)         x1=40c3a1cc x15:1c010320  PA:1c0103d8
17972950ns          299721 1c00881a 0c112423 sw               x1, 200(x2)          x1:40c3a1cc  x2:10001648  PA:10001710
17972970ns          299722 1c00881c 0bc7a083 lw               x1, 188(x15)         x1=41168f26 x15:1c010320  PA:1c0103dc
17973288ns          299738 1c008820 0c112623 sw               x1, 204(x2)          x1:41168f26  x2:10001648  PA:10001714
17973308ns          299739 1c008822 0c07a083 lw               x1, 192(x15)         x1=40b97e31 x15:1c010320  PA:1c0103e0
17973646ns          299756 1c008826 0c112823 sw               x1, 208(x2)          x1:40b97e31  x2:10001648  PA:10001718
17973666ns          299757 1c008828 0c47a083 lw               x1, 196(x15)         x1=408ca3f4 x15:1c010320  PA:1c0103e4
17973984ns          299773 1c00882c 0c112a23 sw               x1, 212(x2)          x1:408ca3f4  x2:10001648  PA:1000171c
17974004ns          299774 1c00882e 0c87a083 lw               x1, 200(x15)         x1=3ede9878 x15:1c010320  PA:1c0103e8
17974322ns          299790 1c008832 0c112c23 sw               x1, 216(x2)          x1:3ede9878  x2:10001648  PA:10001720
17974342ns          299791 1c008834 0cc7a083 lw               x1, 204(x15)         x1=3f777ca5 x15:1c010320  PA:1c0103ec
17974660ns          299807 1c008838 0c112e23 sw               x1, 220(x2)          x1:3f777ca5  x2:10001648  PA:10001724
17974680ns          299808 1c00883a 0d07a083 lw               x1, 208(x15)         x1=40d66247 x15:1c010320  PA:1c0103f0
17974999ns          299824 1c00883e 0e112023 sw               x1, 224(x2)          x1:40d66247  x2:10001648  PA:10001728
17975019ns          299825 1c008840 0d47a083 lw               x1, 212(x15)         x1=411581be x15:1c010320  PA:1c0103f4
17975337ns          299841 1c008844 0e112223 sw               x1, 228(x2)          x1:411581be  x2:10001648  PA:1000172c
17975357ns          299842 1c008846 0d87a083 lw               x1, 216(x15)         x1=411279ab x15:1c010320  PA:1c0103f8
17975675ns          299858 1c00884a 0e112423 sw               x1, 232(x2)          x1:411279ab  x2:10001648  PA:10001730
17975695ns          299859 1c00884c 0dc7a083 lw               x1, 220(x15)         x1=40793f3e x15:1c010320  PA:1c0103fc
17976013ns          299875 1c008850 0e112623 sw               x1, 236(x2)          x1:40793f3e  x2:10001648  PA:10001734
17976033ns          299876 1c008852 0e07a083 lw               x1, 224(x15)         x1=40e150c1 x15:1c010320  PA:1c010400
17976351ns          299892 1c008856 0e112823 sw               x1, 240(x2)          x1:40e150c1  x2:10001648  PA:10001738
17976371ns          299893 1c008858 0e47a083 lw               x1, 228(x15)         x1=407a7b3c x15:1c010320  PA:1c010404
17976689ns          299909 1c00885c 0e112a23 sw               x1, 244(x2)          x1:407a7b3c  x2:10001648  PA:1000173c
17976709ns          299910 1c00885e 0e87a083 lw               x1, 232(x15)         x1=40aa7088 x15:1c010320  PA:1c010408
17977027ns          299926 1c008862 0e112c23 sw               x1, 248(x2)          x1:40aa7088  x2:10001648  PA:10001740
17977047ns          299927 1c008864 0ec7a083 lw               x1, 236(x15)         x1=40214d39 x15:1c010320  PA:1c01040c
17977366ns          299943 1c008868 0e112e23 sw               x1, 252(x2)          x1:40214d39  x2:10001648  PA:10001744
17977386ns          299944 1c00886a 0f07a083 lw               x1, 240(x15)         x1=40e057da x15:1c010320  PA:1c010410
17977704ns          299960 1c00886e 10112023 sw               x1, 256(x2)          x1:40e057da  x2:10001648  PA:10001748
17977724ns          299961 1c008872 0f47a083 lw               x1, 244(x15)         x1=411ae920 x15:1c010320  PA:1c010414
17978042ns          299977 1c008876 10112223 sw               x1, 260(x2)          x1:411ae920  x2:10001648  PA:1000174c
17978062ns          299978 1c00887a 0f87a083 lw               x1, 248(x15)         x1=411df327 x15:1c010320  PA:1c010418
17978380ns          299994 1c00887e 10112423 sw               x1, 264(x2)          x1:411df327  x2:10001648  PA:10001750
17978400ns          299995 1c008882 0fc7a083 lw               x1, 252(x15)         x1=3df0ca81 x15:1c010320  PA:1c01041c
17978718ns          300011 1c008886 10112623 sw               x1, 268(x2)          x1:3df0ca81  x2:10001648  PA:10001754
17978738ns          300012 1c00888a 1007a083 lw               x1, 256(x15)         x1=404e138f x15:1c010320  PA:1c010420
17979056ns          300028 1c00888e 10112823 sw               x1, 272(x2)          x1:404e138f  x2:10001648  PA:10001758
17979076ns          300029 1c008892 1047a083 lw               x1, 260(x15)         x1=40b45a79 x15:1c010320  PA:1c010424
17979394ns          300045 1c008896 10112a23 sw               x1, 276(x2)          x1:40b45a79  x2:10001648  PA:1000175c
17979414ns          300046 1c00889a 1087a083 lw               x1, 264(x15)         x1=40c5002c x15:1c010320  PA:1c010428
17979733ns          300062 1c00889e 10112c23 sw               x1, 280(x2)          x1:40c5002c  x2:10001648  PA:10001760
17979753ns          300063 1c0088a2 10c7a083 lw               x1, 268(x15)         x1=3fb6557b x15:1c010320  PA:1c01042c
17980071ns          300079 1c0088a6 10112e23 sw               x1, 284(x2)          x1:3fb6557b  x2:10001648  PA:10001764
17980091ns          300080 1c0088aa 1107a083 lw               x1, 272(x15)         x1=40b1f9ae x15:1c010320  PA:1c010430
17980409ns          300096 1c0088ae 12112023 sw               x1, 288(x2)          x1:40b1f9ae  x2:10001648  PA:10001768
17980429ns          300097 1c0088b2 1147a083 lw               x1, 276(x15)         x1=40f9e874 x15:1c010320  PA:1c010434
17980747ns          300113 1c0088b6 12112223 sw               x1, 292(x2)          x1:40f9e874  x2:10001648  PA:1000176c
17980767ns          300114 1c0088ba 1187a083 lw               x1, 280(x15)         x1=40aead1e x15:1c010320  PA:1c010438
17981085ns          300130 1c0088be 12112423 sw               x1, 296(x2)          x1:40aead1e  x2:10001648  PA:10001770
17981105ns          300131 1c0088c2 11c7a083 lw               x1, 284(x15)         x1=411b6f74 x15:1c010320  PA:1c01043c
17981423ns          300147 1c0088c6 12112623 sw               x1, 300(x2)          x1:411b6f74  x2:10001648  PA:10001774
17981443ns          300148 1c0088ca 1207a083 lw               x1, 288(x15)         x1=408b7929 x15:1c010320  PA:1c010440
17981761ns          300164 1c0088ce 12112823 sw               x1, 304(x2)          x1:408b7929  x2:10001648  PA:10001778
17981781ns          300165 1c0088d2 1247a083 lw               x1, 292(x15)         x1=3f98164e x15:1c010320  PA:1c010444
17982100ns          300181 1c0088d6 12112a23 sw               x1, 308(x2)          x1:3f98164e  x2:10001648  PA:1000177c
17982120ns          300182 1c0088da 1287a083 lw               x1, 296(x15)         x1=40f3accd x15:1c010320  PA:1c010448
17982438ns          300198 1c0088de 12112c23 sw               x1, 312(x2)          x1:40f3accd  x2:10001648  PA:10001780
17982458ns          300199 1c0088e2 12c7a083 lw               x1, 300(x15)         x1=40dae819 x15:1c010320  PA:1c01044c
17982776ns          300215 1c0088e6 12112e23 sw               x1, 316(x2)          x1:40dae819  x2:10001648  PA:10001784
17982796ns          300216 1c0088ea 1307a083 lw               x1, 304(x15)         x1=3f248d42 x15:1c010320  PA:1c010450
17983114ns          300232 1c0088ee 14112023 sw               x1, 320(x2)          x1:3f248d42  x2:10001648  PA:10001788
17983134ns          300233 1c0088f2 1347a083 lw               x1, 308(x15)         x1=4088b357 x15:1c010320  PA:1c010454
17983452ns          300249 1c0088f6 14112223 sw               x1, 324(x2)          x1:4088b357  x2:10001648  PA:1000178c
17983472ns          300250 1c0088fa 1387a083 lw               x1, 312(x15)         x1=408dc0b3 x15:1c010320  PA:1c010458
17983790ns          300266 1c0088fe 14112423 sw               x1, 328(x2)          x1:408dc0b3  x2:10001648  PA:10001790
17983810ns          300267 1c008902 13c7a083 lw               x1, 316(x15)         x1=400e514c x15:1c010320  PA:1c01045c
17984128ns          300283 1c008906 14112623 sw               x1, 332(x2)          x1:400e514c  x2:10001648  PA:10001794
17984148ns          300284 1c00890a 1407a083 lw               x1, 320(x15)         x1=3f847055 x15:1c010320  PA:1c010460
17984467ns          300300 1c00890e 14112823 sw               x1, 336(x2)          x1:3f847055  x2:10001648  PA:10001798
17984487ns          300301 1c008912 1447a083 lw               x1, 324(x15)         x1=40141166 x15:1c010320  PA:1c010464
17984805ns          300317 1c008916 14112a23 sw               x1, 340(x2)          x1:40141166  x2:10001648  PA:1000179c
17984825ns          300318 1c00891a 1487a083 lw               x1, 328(x15)         x1=3ef98d43 x15:1c010320  PA:1c010468
17985143ns          300334 1c00891e 14112c23 sw               x1, 344(x2)          x1:3ef98d43  x2:10001648  PA:100017a0
17985163ns          300335 1c008922 14c7a083 lw               x1, 332(x15)         x1=41113e12 x15:1c010320  PA:1c01046c
17985501ns          300352 1c008926 14112e23 sw               x1, 348(x2)          x1:41113e12  x2:10001648  PA:100017a4
17985521ns          300353 1c00892a 1507a083 lw               x1, 336(x15)         x1=3f9947d7 x15:1c010320  PA:1c010470
17985839ns          300369 1c00892e 16112023 sw               x1, 352(x2)          x1:3f9947d7  x2:10001648  PA:100017a8
17985859ns          300370 1c008932 1547a083 lw               x1, 340(x15)         x1=3fc34f91 x15:1c010320  PA:1c010474
17986177ns          300386 1c008936 16112223 sw               x1, 356(x2)          x1:3fc34f91  x2:10001648  PA:100017ac
17986197ns          300387 1c00893a 1587a083 lw               x1, 344(x15)         x1=41006078 x15:1c010320  PA:1c010478
17986515ns          300403 1c00893e 16112423 sw               x1, 360(x2)          x1:41006078  x2:10001648  PA:100017b0
17986535ns          300404 1c008942 15c7a083 lw               x1, 348(x15)         x1=411dfb45 x15:1c010320  PA:1c01047c
17986873ns          300421 1c008946 16112623 sw               x1, 364(x2)          x1:411dfb45  x2:10001648  PA:100017b4
17986893ns          300422 1c00894a 1607a083 lw               x1, 352(x15)         x1=40bb96fa x15:1c010320  PA:1c010480
17987212ns          300438 1c00894e 16112823 sw               x1, 368(x2)          x1:40bb96fa  x2:10001648  PA:100017b8
17987231ns          300439 1c008952 1647a083 lw               x1, 356(x15)         x1=405981b4 x15:1c010320  PA:1c010484
17987550ns          300455 1c008956 16112a23 sw               x1, 372(x2)          x1:405981b4  x2:10001648  PA:100017bc
17987570ns          300456 1c00895a 1687a083 lw               x1, 360(x15)         x1=411e3aeb x15:1c010320  PA:1c010488
17987888ns          300472 1c00895e 16112c23 sw               x1, 376(x2)          x1:411e3aeb  x2:10001648  PA:100017c0
17987908ns          300473 1c008962 16c7a083 lw               x1, 364(x15)         x1=40f24e67 x15:1c010320  PA:1c01048c
17988246ns          300490 1c008966 16112e23 sw               x1, 380(x2)          x1:40f24e67  x2:10001648  PA:100017c4
17988266ns          300491 1c00896a 1707a083 lw               x1, 368(x15)         x1=40e9ced5 x15:1c010320  PA:1c010490
17988584ns          300507 1c00896e 18112023 sw               x1, 384(x2)          x1:40e9ced5  x2:10001648  PA:100017c8
17988604ns          300508 1c008972 1747a083 lw               x1, 372(x15)         x1=3f9c4f39 x15:1c010320  PA:1c010494
17988922ns          300524 1c008976 18112223 sw               x1, 388(x2)          x1:3f9c4f39  x2:10001648  PA:100017cc
17988942ns          300525 1c00897a 1787a083 lw               x1, 376(x15)         x1=40eeda4b x15:1c010320  PA:1c010498
17989260ns          300541 1c00897e 18112423 sw               x1, 392(x2)          x1:40eeda4b  x2:10001648  PA:100017d0
17989280ns          300542 1c008982 17c7a083 lw               x1, 380(x15)         x1=40ac4071 x15:1c010320  PA:1c01049c
17989618ns          300559 1c008986 18112623 sw               x1, 396(x2)          x1:40ac4071  x2:10001648  PA:100017d4
17989638ns          300560 1c00898a 1807a083 lw               x1, 384(x15)         x1=409ce028 x15:1c010320  PA:1c0104a0
17989956ns          300576 1c00898e 18112823 sw               x1, 400(x2)          x1:409ce028  x2:10001648  PA:100017d8
17989976ns          300577 1c008992 0007a083 lw               x1, 0(x15)           x1=4113f864 x15:1c010320  PA:1c010320
17990295ns          300593 1c008996 00112823 sw               x1, 16(x2)           x1:4113f864  x2:10001648  PA:10001658
17990314ns          300594 1c008998 0047a083 lw               x1, 4(x15)           x1=3f65746a x15:1c010320  PA:1c010324
17990633ns          300610 1c00899c 00112a23 sw               x1, 20(x2)           x1:3f65746a  x2:10001648  PA:1000165c
17990653ns          300611 1c00899e 0087a083 lw               x1, 8(x15)           x1=40b253d9 x15:1c010320  PA:1c010328
17990971ns          300627 1c0089a2 00112c23 sw               x1, 24(x2)           x1:40b253d9  x2:10001648  PA:10001660
17990991ns          300628 1c0089a4 00c7a083 lw               x1, 12(x15)          x1=3f5b8dc6 x15:1c010320  PA:1c01032c
17991309ns          300644 1c0089a8 00112e23 sw               x1, 28(x2)           x1:3f5b8dc6  x2:10001648  PA:10001664
17991329ns          300645 1c0089aa 0107a083 lw               x1, 16(x15)          x1=4113a937 x15:1c010320  PA:1c010330
17991647ns          300661 1c0089ae 02112023 sw               x1, 32(x2)           x1:4113a937  x2:10001648  PA:10001668
17991667ns          300662 1c0089b0 0147a083 lw               x1, 20(x15)          x1=40cabcc8 x15:1c010320  PA:1c010334
17991985ns          300678 1c0089b4 02112223 sw               x1, 36(x2)           x1:40cabcc8  x2:10001648  PA:1000166c
17992005ns          300679 1c0089b6 0187a083 lw               x1, 24(x15)          x1=407eeb09 x15:1c010320  PA:1c010338
17992323ns          300695 1c0089ba 02112423 sw               x1, 40(x2)           x1:407eeb09  x2:10001648  PA:10001670
17992343ns          300696 1c0089bc 01c7a083 lw               x1, 28(x15)          x1=40c705a8 x15:1c010320  PA:1c01033c
17992662ns          300712 1c0089c0 02112623 sw               x1, 44(x2)           x1:40c705a8  x2:10001648  PA:10001674
17992681ns          300713 1c0089c2 0207a083 lw               x1, 32(x15)          x1=3ffa8658 x15:1c010320  PA:1c010340
17993000ns          300729 1c0089c6 02112823 sw               x1, 48(x2)           x1:3ffa8658  x2:10001648  PA:10001678
17993020ns          300730 1c0089c8 0247a083 lw               x1, 36(x15)          x1=411cf3ec x15:1c010320  PA:1c010344
17993338ns          300746 1c0089cc 02112a23 sw               x1, 52(x2)           x1:411cf3ec  x2:10001648  PA:1000167c
17993358ns          300747 1c0089ce 0287a083 lw               x1, 40(x15)          x1=3f2d54b7 x15:1c010320  PA:1c010348
17993676ns          300763 1c0089d2 02112c23 sw               x1, 56(x2)           x1:3f2d54b7  x2:10001648  PA:10001680
17993696ns          300764 1c0089d4 02c7a083 lw               x1, 44(x15)          x1=40fda27d x15:1c010320  PA:1c01034c
17993994ns          300779 1c0089d8 06d12623 sw               x13, 108(x2)        x13:4052d2d0  x2:10001648  PA:100016b4
17994014ns          300780 1c0089da 0607a683 lw               x13, 96(x15)        x13=403ffac3 x15:1c010320  PA:1c010380
17994313ns          300795 1c0089dc 02112e23 sw               x1, 60(x2)           x1:40fda27d  x2:10001648  PA:10001684
17994332ns          300796 1c0089de 06d12823 sw               x13, 112(x2)        x13:403ffac3  x2:10001648  PA:100016b8
17994352ns          300797 1c0089e0 0647a083 lw               x1, 100(x15)         x1=40d6436f x15:1c010320  PA:1c010384
17994651ns          300812 1c0089e4 0687a683 lw               x13, 104(x15)       x13=40dbd41a x15:1c010320  PA:1c010388
17994949ns          300827 1c0089e6 04712023 sw               x7, 64(x2)           x7:4064c01f  x2:10001648  PA:10001688
17994969ns          300828 1c0089e8 04512223 sw               x5, 68(x2)           x5:40a34c36  x2:10001648  PA:1000168c
17994989ns          300829 1c0089ea 05f12423 sw               x31, 72(x2)         x31:40fd801d  x2:10001648  PA:10001690
17995009ns          300830 1c0089ec 05e12623 sw               x30, 76(x2)         x30:3f919eb6  x2:10001648  PA:10001694
17995029ns          300831 1c0089ee 05d12823 sw               x29, 80(x2)         x29:411da4b1  x2:10001648  PA:10001698
17995048ns          300832 1c0089f0 05c12a23 sw               x28, 84(x2)         x28:3efca0c6  x2:10001648  PA:1000169c
17995068ns          300833 1c0089f2 04612c23 sw               x6, 88(x2)           x6:40fbd103  x2:10001648  PA:100016a0
17995088ns          300834 1c0089f4 05112e23 sw               x17, 92(x2)         x17:411e7cba  x2:10001648  PA:100016a4
17995108ns          300835 1c0089f6 07012023 sw               x16, 96(x2)         x16:401a597c  x2:10001648  PA:100016a8
17995128ns          300836 1c0089f8 06b12223 sw               x11, 100(x2)        x11:40bf4167  x2:10001648  PA:100016ac
17995148ns          300837 1c0089fa 06c12423 sw               x12, 104(x2)        x12:404ec0d1  x2:10001648  PA:100016b0
17995168ns          300838 1c0089fc 06d12c23 sw               x13, 120(x2)        x13:40dbd41a  x2:10001648  PA:100016c0
17995188ns          300839 1c0089fe 06112a23 sw               x1, 116(x2)          x1:40d6436f  x2:10001648  PA:100016bc
17995347ns          300847 1c008a00 06c7a083 lw               x1, 108(x15)         x1=408af61d x15:1c010320  PA:1c01038c
17995665ns          300863 1c008a04 1847a803 lw               x16, 388(x15)       x16=40084a40 x15:1c010320  PA:1c0104a4
17995963ns          300878 1c008a08 1887a883 lw               x17, 392(x15)       x17=40b5c419 x15:1c010320  PA:1c0104a8
17996262ns          300893 1c008a0c 18c7a303 lw               x6, 396(x15)         x6=40f98747 x15:1c010320  PA:1c0104ac
17996560ns          300908 1c008a10 00241793 slli             x15, x8, 0x2        x15=00000008  x8:00000002
17996580ns          300909 1c008a14 00e787b3 add              x15, x15, x14       x15=1c010008 x15:00000008 x14:1c010000
17996600ns          300910 1c008a16 6507a683 lw               x13, 1616(x15)      x13=3feca445 x15:1c010008  PA:1c010658
17996898ns          300925 1c008a1a 66070593 addi             x11, x14, 1632      x11=1c010660 x14:1c010000
17996918ns          300926 1c008a1e 6407a703 lw               x14, 1600(x15)      x14=411d91fb x15:1c010008  PA:1c010648
17997217ns          300941 1c008a22 1c0117b7 lui              x15, 0x1c011000     x15=1c011000
17997236ns          300942 1c008a26 ca078793 addi             x15, x15, -864      x15=1c010ca0 x15:1c011000
17997256ns          300943 1c008a2a 00a585b3 add              x11, x11, x10       x11=1c010980 x11:1c010660 x10:00000320
17997276ns          300944 1c008a2c 01010613 addi             x12, x2, 16         x12=10001658  x2:10001648
17997296ns          300945 1c008a2e 00f50533 add              x10, x10, x15       x10=1c010fc0 x10:00000320 x15:1c010ca0
17997455ns          300953 1c008a30 06112e23 sw               x1, 124(x2)          x1:408af61d  x2:10001648  PA:100016c4
17997495ns          300955 1c008a32 19012a23 sw               x16, 404(x2)        x16:40084a40  x2:10001648  PA:100017dc
17997515ns          300956 1c008a36 19112c23 sw               x17, 408(x2)        x17:40b5c419  x2:10001648  PA:100017e0
17997535ns          300957 1c008a3a 18612e23 sw               x6, 412(x2)          x6:40f98747  x2:10001648  PA:100017e4
17997555ns          300958 1c008a3e be3ff0ef jal              x1, -1054            x1=1c008a40
17998430ns          301002 1c008620 ff010113 addi             x2, x2, -16          x2=10001638  x2:10001648
17998450ns          301003 1c008622 00812623 sw               x8, 12(x2)           x8:00000002  x2:10001638  PA:10001644
17998470ns          301004 1c008624 19058293 addi             x5, x11, 400         x5=1c010b10 x11:1c010980
17998490ns          301005 1c008628 00000f13 addi             x30, x0, 0          x30=00000000
17998509ns          301006 1c00862c 00a00f93 addi             x31, x0, 10         x31=0000000a
17998967ns          301029 1c00862e 06afc07b lp.setup         0x0, x31, 0x6a      x31:0000000a
17999007ns          301031 1c008632 40b28e33 sub              x28, x5, x11        x28=00000190  x5:1c010b10 x11:1c010980
17999027ns          301032 1c008636 fd8e0e13 addi             x28, x28, -40       x28=00000168 x28:00000190
17999047ns          301033 1c00863a 0cccd7b7 lui              x15, 0xcccd000      x15=0cccd000
17999484ns          301055 1c00863e ccd78793 addi             x15, x15, -819      x15=0ccccccd x15:0cccd000
17999524ns          301057 1c008642 003e5e13 srli             x28, x28, 0x3       x28=0000002d x28:00000168
17999544ns          301058 1c008646 02fe0e33 mul              x28, x28, x15       x28=40000009 x28:0000002d x15:0ccccccd
17999564ns          301059 1c00864a c5de3e33 p.bclr           x28, x28, 2, 29     x28=00000009 x28:40000009
17999584ns          301060 1c00864e 00b007b3 add              x15, x0, x11        x15=1c010980 x11:1c010980
18000001ns          301081 1c008650 00c00eb3 add              x29, x0, x12        x29=10001658 x12:10001658
18000021ns          301082 1c008652 001e0e13 addi             x28, x28, 1         x28=0000000a x28:00000009
18000041ns          301083 1c008654 054e40fb lp.setup         0x1, x28, 0x54      x28:0000000a
18000061ns          301084 1c008658 00052803 lw               x16, 0(x10)         x16=411b01e3 x10:1c010fc0  PA:1c010fc0
18000479ns          301105 1c00865c 0007a883 lw               x17, 0(x15)         x17=4052e826 x15:1c010980  PA:1c010980
18000797ns          301121 1c008660 1106f853 fmul.s           f16, f13, f16       f16=xxxxxxxx f13:3feca445 f16:411b01e3
18000817ns          301122 1c008664 02852303 lw               x6, 40(x10)          x6=3f4db1b4 x10:1c010fc0  PA:1c010fe8
18001115ns          301137 1c008668 0047a383 lw               x7, 4(x15)           x7=3e594d74 x15:1c010980  PA:1c010984
18001414ns          301152 1c00866c f1187843 fmadd.s          f16, f16, f17, f30  f16=xxxxxxxx f16:418f4934 f17:4052e826 f30:00000000
18001433ns          301153 1c008670 1066f353 fmul.s           f6, f13, f6          f6=xxxxxxxx f13:3feca445  f6:3f4db1b4
18001453ns          301154 1c008674 05052883 lw               x17, 80(x10)        x17=403f762b x10:1c010fc0  PA:1c011010
18001772ns          301170 1c008678 0087a403 lw               x8, 8(x15)           x8=410a346e x15:1c010980  PA:1c010988
18002070ns          301185 1c00867a 80737343 fmadd.s          f6, f6, f7, f16      f6=xxxxxxxx  f6:3fbe23cf  f7:3e594d74 f16:426c17f9
18002090ns          301186 1c00867e 1116f8d3 fmul.s           f17, f13, f17       f17=xxxxxxxx f13:3feca445 f17:403f762b
18002110ns          301187 1c008682 07852803 lw               x16, 120(x10)       x16=40fb4e2b x10:1c010fc0  PA:1c011038
18002428ns          301203 1c008686 00c7a383 lw               x7, 12(x15)          x7=3fdcbabb x15:1c010980  PA:1c01098c
18002726ns          301218 1c00868a 3088f8c3 fmadd.s          f17, f17, f8, f6    f17=xxxxxxxx f17:40b0fbcb  f8:410a346e  f6:426d5ac5
18002746ns          301219 1c00868e 1106f853 fmul.s           f16, f13, f16       f16=xxxxxxxx f13:3feca445 f16:40fb4e2b
18002766ns          301220 1c008692 0a052303 lw               x6, 160(x10)         x6=40fd081f x10:1c010fc0  PA:1c011060
18003084ns          301236 1c008696 0107a403 lw               x8, 16(x15)          x8=403131d8 x15:1c010980  PA:1c010990
18003383ns          301251 1c008698 88787843 fmadd.s          f16, f16, f7, f17   f16=xxxxxxxx f16:41684d51  f7:3fdcbabb f17:42d6395d
18003403ns          301252 1c00869c 1066f353 fmul.s           f6, f13, f6          f6=xxxxxxxx f13:3feca445  f6:40fd081f
18003423ns          301253 1c0086a0 0c852883 lw               x17, 200(x10)       x17=40654dd9 x10:1c010fc0  PA:1c011088
18003721ns          301268 1c0086a4 0147a383 lw               x7, 20(x15)          x7=40b905da x15:1c010980  PA:1c010994
18004019ns          301283 1c0086a8 80837343 fmadd.s          f6, f6, f8, f16      f6=xxxxxxxx  f6:4169e5da  f8:403131d8 f16:4304262b
18004039ns          301284 1c0086ac 1116f8d3 fmul.s           f17, f13, f17       f17=xxxxxxxx f13:3feca445 f17:40654dd9
18004059ns          301285 1c0086b0 0f052803 lw               x16, 240(x10)       x16=3fccf00c x10:1c010fc0  PA:1c0110b0
18004377ns          301301 1c0086b4 0187a403 lw               x8, 24(x15)          x8=3f3f71e4 x15:1c010980  PA:1c010998
18004676ns          301316 1c0086b6 3078f8c3 fmadd.s          f17, f17, f7, f6    f17=xxxxxxxx f17:40d3f6e8  f7:40b905da  f6:432c9f89
18004696ns          301317 1c0086ba 1106f853 fmul.s           f16, f13, f16       f16=xxxxxxxx f13:3feca445 f16:3fccf00c
18004715ns          301318 1c0086be 11852303 lw               x6, 280(x10)         x6=3f789f05 x10:1c010fc0  PA:1c0110d8
18005034ns          301334 1c0086c2 01c7a383 lw               x7, 28(x15)          x7=40b21fda x15:1c010980  PA:1c01099c
18005332ns          301349 1c0086c6 88887843 fmadd.s          f16, f16, f8, f17   f16=xxxxxxxx f16:403d70cc  f8:3f3f71e4 f17:4352ec1a
18005352ns          301350 1c0086ca 1066f353 fmul.s           f6, f13, f6          f6=xxxxxxxx f13:3feca445  f6:3f789f05
18005372ns          301351 1c0086ce 14052883 lw               x17, 320(x10)       x17=3d2473f1 x10:1c010fc0  PA:1c011100
18005710ns          301368 1c0086d2 0207a403 lw               x8, 32(x15)          x8=404c67dc x15:1c010980  PA:1c0109a0
18006008ns          301383 1c0086d4 80737343 fmadd.s          f6, f6, f7, f16      f6=xxxxxxxx  f6:3fe5d221  f7:40b21fda f16:435522c8
18006028ns          301384 1c0086d8 1116f8d3 fmul.s           f17, f13, f17       f17=xxxxxxxx f13:3feca445 f17:3d2473f1
18006048ns          301385 1c0086dc 16852803 lw               x16, 360(x10)       x16=3e8889e7 x10:1c010fc0  PA:1c011128
18006366ns          301401 1c0086e0 0247a383 lw               x7, 36(x15)          x7=3f63643c x15:1c010980  PA:1c0109a4
18006665ns          301416 1c0086e4 3088f8c3 fmadd.s          f17, f17, f8, f6    f17=xxxxxxxx f17:3d980469  f8:404c67dc  f6:435f2153
18006685ns          301417 1c0086e8 1106f853 fmul.s           f16, f13, f16       f16=xxxxxxxx f13:3feca445 f16:3e8889e7
18006704ns          301418 1c0086ec 000ea303 lw               x6, 0(x29)           x6=4113f864 x29:10001658  PA:10001658
18006724ns          301419 1c0086f0 02878793 addi             x15, x15, 40        x15=1c0109a8 x15:1c010980
18006744ns          301420 1c0086f4 88787843 fmadd.s          f16, f16, f7, f17   f16=xxxxxxxx f16:3efc6d7c  f7:3f63643c f17:435f5e04
18006764ns          301421 1c0086f8 80e37843 fmadd.s          f16, f6, f14, f16   f16=xxxxxxxx  f6:4113f864 f14:411d91fb f16:435fce20
18006784ns          301422 1c0086fc 030ea42b p.sw             x16, 40(x29!)       x29=10001680 x16:439d70eb x29:10001658  PA:10001658
18006864ns          301426 1c008658 00052803 lw               x16, 0(x10)         x16=411b01e3 x10:1c010fc0  PA:1c010fc0
18007162ns          301441 1c00865c 0007a883 lw               x17, 0(x15)         x17=410caf4f x15:1c0109a8  PA:1c0109a8
18007460ns          301456 1c008660 1106f853 fmul.s           f16, f13, f16       f16=xxxxxxxx f13:3feca445 f16:411b01e3
18007480ns          301457 1c008664 02852303 lw               x6, 40(x10)          x6=3f4db1b4 x10:1c010fc0  PA:1c010fe8
18007779ns          301472 1c008668 0047a383 lw               x7, 4(x15)           x7=41176372 x15:1c0109a8  PA:1c0109ac
18008077ns          301487 1c00866c f1187843 fmadd.s          f16, f16, f17, f30  f16=xxxxxxxx f16:418f4934 f17:410caf4f f30:00000000
18008097ns          301488 1c008670 1066f353 fmul.s           f6, f13, f6          f6=xxxxxxxx f13:3feca445  f6:3f4db1b4
18008117ns          301489 1c008674 05052883 lw               x17, 80(x10)        x17=403f762b x10:1c010fc0  PA:1c011010
18008415ns          301504 1c008678 0087a403 lw               x8, 8(x15)           x8=409cf1d2 x15:1c0109a8  PA:1c0109b0
18008713ns          301519 1c00867a 80737343 fmadd.s          f6, f6, f7, f16      f6=xxxxxxxx  f6:3fbe23cf  f7:41176372 f16:431d7c4f
18008733ns          301520 1c00867e 1116f8d3 fmul.s           f17, f13, f17       f17=xxxxxxxx f13:3feca445 f17:403f762b
18008753ns          301521 1c008682 07852803 lw               x16, 120(x10)       x16=40fb4e2b x10:1c010fc0  PA:1c011038
18009052ns          301536 1c008686 00c7a383 lw               x7, 12(x15)          x7=410ddd2e x15:1c0109a8  PA:1c0109b4
18009350ns          301551 1c00868a 3088f8c3 fmadd.s          f17, f17, f8, f6    f17=xxxxxxxx f17:40b0fbcb  f8:409cf1d2  f6:432b8a6e
18009370ns          301552 1c00868e 1106f853 fmul.s           f16, f13, f16       f16=xxxxxxxx f13:3feca445 f16:40fb4e2b
18009390ns          301553 1c008692 0a052303 lw               x6, 160(x10)         x6=40fd081f x10:1c010fc0  PA:1c011060
18009688ns          301568 1c008696 0107a403 lw               x8, 16(x15)          x8=3fd37db8 x15:1c0109a8  PA:1c0109b8
18009986ns          301583 1c008698 88787843 fmadd.s          f16, f16, f7, f17   f16=xxxxxxxx f16:41684d51  f7:410ddd2e f17:4346aa95
18010006ns          301584 1c00869c 1066f353 fmul.s           f6, f13, f6          f6=xxxxxxxx f13:3feca445  f6:40fd081f
18010026ns          301585 1c0086a0 0c852883 lw               x17, 200(x10)       x17=40654dd9 x10:1c010fc0  PA:1c011088
18010325ns          301600 1c0086a4 0147a383 lw               x7, 20(x15)          x7=404b6f19 x15:1c0109a8  PA:1c0109bc
18010623ns          301615 1c0086a8 80837343 fmadd.s          f6, f6, f8, f16      f6=xxxxxxxx  f6:4169e5da  f8:3fd37db8 f16:43a3b2f0
18010643ns          301616 1c0086ac 1116f8d3 fmul.s           f17, f13, f17       f17=xxxxxxxx f13:3feca445 f17:40654dd9
18010663ns          301617 1c0086b0 0f052803 lw               x16, 240(x10)       x16=3fccf00c x10:1c010fc0  PA:1c0110b0
18010961ns          301632 1c0086b4 0187a403 lw               x8, 24(x15)          x8=40c05806 x15:1c0109a8  PA:1c0109c0
18011259ns          301647 1c0086b6 3078f8c3 fmadd.s          f17, f17, f7, f6    f17=xxxxxxxx f17:40d3f6e8  f7:404b6f19  f6:43afc6a5
18011279ns          301648 1c0086ba 1106f853 fmul.s           f16, f13, f16       f16=xxxxxxxx f13:3feca445 f16:3fccf00c
18011299ns          301649 1c0086be 11852303 lw               x6, 280(x10)         x6=3f789f05 x10:1c010fc0  PA:1c0110d8
18011598ns          301664 1c0086c2 01c7a383 lw               x7, 28(x15)          x7=411fcb27 x15:1c0109a8  PA:1c0109c4
18011896ns          301679 1c0086c6 88887843 fmadd.s          f16, f16, f8, f17   f16=xxxxxxxx f16:403d70cc  f8:40c05806 f17:43ba4db1
18011916ns          301680 1c0086ca 1066f353 fmul.s           f6, f13, f6          f6=xxxxxxxx f13:3feca445  f6:3f789f05
18011936ns          301681 1c0086ce 14052883 lw               x17, 320(x10)       x17=3d2473f1 x10:1c010fc0  PA:1c011100
18012234ns          301696 1c0086d2 0207a403 lw               x8, 32(x15)          x8=409b827a x15:1c0109a8  PA:1c0109c8
18012532ns          301711 1c0086d4 80737343 fmadd.s          f6, f6, f7, f16      f6=xxxxxxxx  f6:3fe5d221  f7:411fcb27 f16:43c3330d
18012552ns          301712 1c0086d8 1116f8d3 fmul.s           f17, f13, f17       f17=xxxxxxxx f13:3feca445 f17:3d2473f1
18012572ns          301713 1c0086dc 16852803 lw               x16, 360(x10)       x16=3e8889e7 x10:1c010fc0  PA:1c011128
18012871ns          301728 1c0086e0 0247a383 lw               x7, 36(x15)          x7=40fbbc63 x15:1c0109a8  PA:1c0109cc
18013169ns          301743 1c0086e4 3088f8c3 fmadd.s          f17, f17, f8, f6    f17=xxxxxxxx f17:3d980469  f8:409b827a  f6:43cc2a4b
18013189ns          301744 1c0086e8 1106f853 fmul.s           f16, f13, f16       f16=xxxxxxxx f13:3feca445 f16:3e8889e7
18013209ns          301745 1c0086ec 000ea303 lw               x6, 0(x29)           x6=3f2d54b7 x29:10001680  PA:10001680
18013229ns          301746 1c0086f0 02878793 addi             x15, x15, 40        x15=1c0109d0 x15:1c0109a8
18013249ns          301747 1c0086f4 88787843 fmadd.s          f16, f16, f7, f17   f16=xxxxxxxx f16:3efc6d7c  f7:40fbbc63 f17:43cc5877
18013268ns          301748 1c0086f8 80e37843 fmadd.s          f16, f6, f14, f16   f16=xxxxxxxx  f6:3f2d54b7 f14:411d91fb f16:43ce48e9
18013288ns          301749 1c0086fc 030ea42b p.sw             x16, 40(x29!)       x29=100016a8 x16:43d19e67 x29:10001680  PA:10001680
18013308ns          301750 1c008658 00052803 lw               x16, 0(x10)         x16=411b01e3 x10:1c010fc0  PA:1c010fc0
18013607ns          301765 1c00865c 0007a883 lw               x17, 0(x15)         x17=3fe434c6 x15:1c0109d0  PA:1c0109d0
18013905ns          301780 1c008660 1106f853 fmul.s           f16, f13, f16       f16=xxxxxxxx f13:3feca445 f16:411b01e3
18013925ns          301781 1c008664 02852303 lw               x6, 40(x10)          x6=3f4db1b4 x10:1c010fc0  PA:1c010fe8
18014223ns          301796 1c008668 0047a383 lw               x7, 4(x15)           x7=3ea9eacd x15:1c0109d0  PA:1c0109d4
18014522ns          301811 1c00866c f1187843 fmadd.s          f16, f16, f17, f30  f16=xxxxxxxx f16:418f4934 f17:3fe434c6 f30:00000000
18014541ns          301812 1c008670 1066f353 fmul.s           f6, f13, f6          f6=xxxxxxxx f13:3feca445  f6:3f4db1b4
18014561ns          301813 1c008674 05052883 lw               x17, 80(x10)        x17=403f762b x10:1c010fc0  PA:1c011010
18014880ns          301829 1c008678 0087a403 lw               x8, 8(x15)           x8=40d2ef84 x15:1c0109d0  PA:1c0109d8
18015178ns          301844 1c00867a 80737343 fmadd.s          f6, f6, f7, f16      f6=xxxxxxxx  f6:3fbe23cf  f7:3ea9eacd f16:41ff7578
18015198ns          301845 1c00867e 1116f8d3 fmul.s           f17, f13, f17       f17=xxxxxxxx f13:3feca445 f17:403f762b
18015218ns          301846 1c008682 07852803 lw               x16, 120(x10)       x16=40fb4e2b x10:1c010fc0  PA:1c011038
18015516ns          301861 1c008686 00c7a383 lw               x7, 12(x15)          x7=40e0a6ee x15:1c0109d0  PA:1c0109dc
18015814ns          301876 1c00868a 3088f8c3 fmadd.s          f17, f17, f8, f6    f17=xxxxxxxx f17:40b0fbcb  f8:40d2ef84  f6:4201b38c
18015834ns          301877 1c00868e 1106f853 fmul.s           f16, f13, f16       f16=xxxxxxxx f13:3feca445 f16:40fb4e2b
18015854ns          301878 1c008692 0a052303 lw               x6, 160(x10)         x6=40fd081f x10:1c010fc0  PA:1c011060
18016172ns          301894 1c008696 0107a403 lw               x8, 16(x15)          x8=410949c7 x15:1c0109d0  PA:1c0109e0
18016471ns          301909 1c008698 88787843 fmadd.s          f16, f16, f7, f17   f16=xxxxxxxx f16:41684d51  f7:40e0a6ee f17:4289c3d7
18016491ns          301910 1c00869c 1066f353 fmul.s           f6, f13, f6          f6=xxxxxxxx f13:3feca445  f6:40fd081f
18016511ns          301911 1c0086a0 0c852883 lw               x17, 200(x10)       x17=40654dd9 x10:1c010fc0  PA:1c011088
18016809ns          301926 1c0086a4 0147a383 lw               x7, 20(x15)          x7=40fc045f x15:1c0109d0  PA:1c0109e4
18017107ns          301941 1c0086a8 80837343 fmadd.s          f6, f6, f8, f16      f6=xxxxxxxx  f6:4169e5da  f8:410949c7 f16:432acf7c
18017127ns          301942 1c0086ac 1116f8d3 fmul.s           f17, f13, f17       f17=xxxxxxxx f13:3feca445 f17:40654dd9
18017147ns          301943 1c0086b0 0f052803 lw               x16, 240(x10)       x16=3fccf00c x10:1c010fc0  PA:1c0110b0
18017465ns          301959 1c0086b4 0187a403 lw               x8, 24(x15)          x8=4075e4ea x15:1c0109d0  PA:1c0109e8
18017764ns          301974 1c0086b6 3078f8c3 fmadd.s          f17, f17, f7, f6    f17=xxxxxxxx f17:40d3f6e8  f7:40fc045f  f6:43941f73
18017784ns          301975 1c0086ba 1106f853 fmul.s           f16, f13, f16       f16=xxxxxxxx f13:3feca445 f16:3fccf00c
18017804ns          301976 1c0086be 11852303 lw               x6, 280(x10)         x6=3f789f05 x10:1c010fc0  PA:1c0110d8
18018102ns          301991 1c0086c2 01c7a383 lw               x7, 28(x15)          x7=40951ac2 x15:1c0109d0  PA:1c0109ec
18018400ns          302006 1c0086c6 88887843 fmadd.s          f16, f16, f8, f17   f16=xxxxxxxx f16:403d70cc  f8:4075e4ea f17:43ae34c8
18018420ns          302007 1c0086ca 1066f353 fmul.s           f6, f13, f6          f6=xxxxxxxx f13:3feca445  f6:3f789f05
18018440ns          302008 1c0086ce 14052883 lw               x17, 320(x10)       x17=3d2473f1 x10:1c010fc0  PA:1c011100
18018738ns          302023 1c0086d2 0207a403 lw               x8, 32(x15)          x8=3fd3f108 x15:1c0109d0  PA:1c0109f0
18019037ns          302038 1c0086d4 80737343 fmadd.s          f6, f6, f7, f16      f6=xxxxxxxx  f6:3fe5d221  f7:40951ac2 f16:43b3e47b
18019057ns          302039 1c0086d8 1116f8d3 fmul.s           f17, f13, f17       f17=xxxxxxxx f13:3feca445 f17:3d2473f1
18019077ns          302040 1c0086dc 16852803 lw               x16, 360(x10)       x16=3e8889e7 x10:1c010fc0  PA:1c011128
18019375ns          302055 1c0086e0 0247a383 lw               x7, 36(x15)          x7=3fdb9aaa x15:1c0109d0  PA:1c0109f4
18019673ns          302070 1c0086e4 3088f8c3 fmadd.s          f17, f17, f8, f6    f17=xxxxxxxx f17:3d980469  f8:3fd3f108  f6:43b81356
18019693ns          302071 1c0086e8 1106f853 fmul.s           f16, f13, f16       f16=xxxxxxxx f13:3feca445 f16:3e8889e7
18019713ns          302072 1c0086ec 000ea303 lw               x6, 0(x29)           x6=401a597c x29:100016a8  PA:100016a8
18019733ns          302073 1c0086f0 02878793 addi             x15, x15, 40        x15=1c0109f8 x15:1c0109d0
18019753ns          302074 1c0086f4 88787843 fmadd.s          f16, f16, f7, f17   f16=xxxxxxxx f16:3efc6d7c  f7:3fdb9aaa f17:43b82311
18019773ns          302075 1c0086f8 80e37843 fmadd.s          f16, f6, f14, f16   f16=xxxxxxxx  f6:401a597c f14:411d91fb f16:43b88f56
18019793ns          302076 1c0086fc 030ea42b p.sw             x16, 40(x29!)       x29=100016d0 x16:43c46f73 x29:100016a8  PA:100016a8
18019812ns          302077 1c008658 00052803 lw               x16, 0(x10)         x16=411b01e3 x10:1c010fc0  PA:1c010fc0
18020131ns          302093 1c00865c 0007a883 lw               x17, 0(x15)         x17=40f724db x15:1c0109f8  PA:1c0109f8
18020429ns          302108 1c008660 1106f853 fmul.s           f16, f13, f16       f16=xxxxxxxx f13:3feca445 f16:411b01e3
18020449ns          302109 1c008664 02852303 lw               x6, 40(x10)          x6=3f4db1b4 x10:1c010fc0  PA:1c010fe8
18020747ns          302124 1c008668 0047a383 lw               x7, 4(x15)           x7=411ba4c3 x15:1c0109f8  PA:1c0109fc
18021046ns          302139 1c00866c f1187843 fmadd.s          f16, f16, f17, f30  f16=xxxxxxxx f16:418f4934 f17:40f724db f30:00000000
18021066ns          302140 1c008670 1066f353 fmul.s           f6, f13, f6          f6=xxxxxxxx f13:3feca445  f6:3f4db1b4
18021085ns          302141 1c008674 05052883 lw               x17, 80(x10)        x17=403f762b x10:1c010fc0  PA:1c011010
18021384ns          302156 1c008678 0087a403 lw               x8, 8(x15)           x8=411378f2 x15:1c0109f8  PA:1c010a00
18021682ns          302171 1c00867a 80737343 fmadd.s          f6, f6, f7, f16      f6=xxxxxxxx  f6:3fbe23cf  f7:411ba4c3 f16:430a5442
18021702ns          302172 1c00867e 1116f8d3 fmul.s           f17, f13, f17       f17=xxxxxxxx f13:3feca445 f17:403f762b
18021722ns          302173 1c008682 07852803 lw               x16, 120(x10)       x16=40fb4e2b x10:1c010fc0  PA:1c011038
18022020ns          302188 1c008686 00c7a383 lw               x7, 12(x15)          x7=408ce3e2 x15:1c0109f8  PA:1c010a04
18022319ns          302203 1c00868a 3088f8c3 fmadd.s          f17, f17, f8, f6    f17=xxxxxxxx f17:40b0fbcb  f8:411378f2  f6:4318c784
18022339ns          302204 1c00868e 1106f853 fmul.s           f16, f13, f16       f16=xxxxxxxx f13:3feca445 f16:40fb4e2b
18022358ns          302205 1c008692 0a052303 lw               x6, 160(x10)         x6=40fd081f x10:1c010fc0  PA:1c011060
18022657ns          302220 1c008696 0107a403 lw               x8, 16(x15)          x8=3f897409 x15:1c0109f8  PA:1c010a08
18022955ns          302235 1c008698 88787843 fmadd.s          f16, f16, f7, f17   f16=xxxxxxxx f16:41684d51  f7:408ce3e2 f17:434bc19d
18022975ns          302236 1c00869c 1066f353 fmul.s           f6, f13, f6          f6=xxxxxxxx f13:3feca445  f6:40fd081f
18022995ns          302237 1c0086a0 0c852883 lw               x17, 200(x10)       x17=40654dd9 x10:1c010fc0  PA:1c011088
18023293ns          302252 1c0086a4 0147a383 lw               x7, 20(x15)          x7=4086046f x15:1c0109f8  PA:1c010a0c
18023592ns          302267 1c0086a8 80837343 fmadd.s          f6, f6, f8, f16      f6=xxxxxxxx  f6:4169e5da  f8:3f897409 f16:4385d713
18023612ns          302268 1c0086ac 1116f8d3 fmul.s           f17, f13, f17       f17=xxxxxxxx f13:3feca445 f17:40654dd9
18023632ns          302269 1c0086b0 0f052803 lw               x16, 240(x10)       x16=3fccf00c x10:1c010fc0  PA:1c0110b0
18023930ns          302284 1c0086b4 0187a403 lw               x8, 24(x15)          x8=40fb0608 x15:1c0109f8  PA:1c010a10
18024228ns          302299 1c0086b6 3078f8c3 fmadd.s          f17, f17, f7, f6    f17=xxxxxxxx f17:40d3f6e8  f7:4086046f  f6:438db073
18024248ns          302300 1c0086ba 1106f853 fmul.s           f16, f13, f16       f16=xxxxxxxx f13:3feca445 f16:3fccf00c
18024268ns          302301 1c0086be 11852303 lw               x6, 280(x10)         x6=3f789f05 x10:1c010fc0  PA:1c0110d8
18024566ns          302316 1c0086c2 01c7a383 lw               x7, 28(x15)          x7=40af8cda x15:1c0109f8  PA:1c010a14
18024865ns          302331 1c0086c6 88887843 fmadd.s          f16, f16, f8, f17   f16=xxxxxxxx f16:403d70cc  f8:40fb0608 f17:439b8f50
18024885ns          302332 1c0086ca 1066f353 fmul.s           f6, f13, f6          f6=xxxxxxxx f13:3feca445  f6:3f789f05
18024905ns          302333 1c0086ce 14052883 lw               x17, 320(x10)       x17=3d2473f1 x10:1c010fc0  PA:1c011100
18025203ns          302348 1c0086d2 0207a403 lw               x8, 32(x15)          x8=4103c68f x15:1c0109f8  PA:1c010a18
18025521ns          302364 1c0086d4 80737343 fmadd.s          f6, f6, f7, f16      f6=xxxxxxxx  f6:3fe5d221  f7:40af8cda f16:43a72b71
18025541ns          302365 1c0086d8 1116f8d3 fmul.s           f17, f13, f17       f17=xxxxxxxx f13:3feca445 f17:3d2473f1
18025561ns          302366 1c0086dc 16852803 lw               x16, 360(x10)       x16=3e8889e7 x10:1c010fc0  PA:1c011128
18025859ns          302381 1c0086e0 0247a383 lw               x7, 36(x15)          x7=3fe22155 x15:1c0109f8  PA:1c010a1c
18026158ns          302396 1c0086e4 3088f8c3 fmadd.s          f17, f17, f8, f6    f17=xxxxxxxx f17:3d980469  f8:4103c68f  f6:43ac183a
18026178ns          302397 1c0086e8 1106f853 fmul.s           f16, f13, f16       f16=xxxxxxxx f13:3feca445 f16:3e8889e7
18026197ns          302398 1c0086ec 000ea303 lw               x6, 0(x29)           x6=40eeda69 x29:100016d0  PA:100016d0
18026217ns          302399 1c0086f0 02878793 addi             x15, x15, 40        x15=1c010a20 x15:1c0109f8
18026237ns          302400 1c0086f4 88787843 fmadd.s          f16, f16, f7, f17   f16=xxxxxxxx f16:3efc6d7c  f7:3fe22155 f17:43ac667a
18026257ns          302401 1c0086f8 80e37843 fmadd.s          f16, f6, f14, f16   f16=xxxxxxxx  f6:40eeda69 f14:411d91fb f16:43acd5f7
18026277ns          302402 1c0086fc 030ea42b p.sw             x16, 40(x29!)       x29=100016f8 x16:43d19701 x29:100016d0  PA:100016d0
18026297ns          302403 1c008658 00052803 lw               x16, 0(x10)         x16=411b01e3 x10:1c010fc0  PA:1c010fc0
18026595ns          302418 1c00865c 0007a883 lw               x17, 0(x15)         x17=40f0265f x15:1c010a20  PA:1c010a20
18026894ns          302433 1c008660 1106f853 fmul.s           f16, f13, f16       f16=xxxxxxxx f13:3feca445 f16:411b01e3
18026913ns          302434 1c008664 02852303 lw               x6, 40(x10)          x6=3f4db1b4 x10:1c010fc0  PA:1c010fe8
18027212ns          302449 1c008668 0047a383 lw               x7, 4(x15)           x7=41013d49 x15:1c010a20  PA:1c010a24
18027510ns          302464 1c00866c f1187843 fmadd.s          f16, f16, f17, f30  f16=xxxxxxxx f16:418f4934 f17:40f0265f f30:00000000
18027530ns          302465 1c008670 1066f353 fmul.s           f6, f13, f6          f6=xxxxxxxx f13:3feca445  f6:3f4db1b4
18027550ns          302466 1c008674 05052883 lw               x17, 80(x10)        x17=403f762b x10:1c010fc0  PA:1c011010
18027848ns          302481 1c008678 0087a403 lw               x8, 8(x15)           x8=410d16c3 x15:1c010a20  PA:1c010a28
18028167ns          302497 1c00867a 80737343 fmadd.s          f6, f6, f7, f16      f6=xxxxxxxx  f6:3fbe23cf  f7:41013d49 f16:43066a1b
18028186ns          302498 1c00867e 1116f8d3 fmul.s           f17, f13, f17       f17=xxxxxxxx f13:3feca445 f17:403f762b
18028206ns          302499 1c008682 07852803 lw               x16, 120(x10)       x16=40fb4e2b x10:1c010fc0  PA:1c011038
18028505ns          302514 1c008686 00c7a383 lw               x7, 12(x15)          x7=3e34584b x15:1c010a20  PA:1c010a2c
18028803ns          302529 1c00868a 3088f8c3 fmadd.s          f17, f17, f8, f6    f17=xxxxxxxx f17:40b0fbcb  f8:410d16c3  f6:431269cd
18028823ns          302530 1c00868e 1106f853 fmul.s           f16, f13, f16       f16=xxxxxxxx f13:3feca445 f16:40fb4e2b
18028843ns          302531 1c008692 0a052303 lw               x6, 160(x10)         x6=40fd081f x10:1c010fc0  PA:1c011060
18029141ns          302546 1c008696 0107a403 lw               x8, 16(x15)          x8=3f506ce1 x15:1c010a20  PA:1c010a30
18029459ns          302562 1c008698 88787843 fmadd.s          f16, f16, f7, f17   f16=xxxxxxxx f16:41684d51  f7:3e34584b f17:43432f03
18029479ns          302563 1c00869c 1066f353 fmul.s           f6, f13, f6          f6=xxxxxxxx f13:3feca445  f6:40fd081f
18029499ns          302564 1c0086a0 0c852883 lw               x17, 200(x10)       x17=40654dd9 x10:1c010fc0  PA:1c011088
18029798ns          302579 1c0086a4 0147a383 lw               x7, 20(x15)          x7=3e040bf5 x15:1c010a20  PA:1c010a34
18030096ns          302594 1c0086a8 80837343 fmadd.s          f6, f6, f8, f16      f6=xxxxxxxx  f6:4169e5da  f8:3f506ce1 f16:4345bd9d
18030116ns          302595 1c0086ac 1116f8d3 fmul.s           f17, f13, f17       f17=xxxxxxxx f13:3feca445 f17:40654dd9
18030136ns          302596 1c0086b0 0f052803 lw               x16, 240(x10)       x16=3fccf00c x10:1c010fc0  PA:1c0110b0
18030434ns          302611 1c0086b4 0187a403 lw               x8, 24(x15)          x8=40fe5cb5 x15:1c010a20  PA:1c010a38
18030752ns          302627 1c0086b6 3078f8c3 fmadd.s          f17, f17, f7, f6    f17=xxxxxxxx f17:40d3f6e8  f7:3e040bf5  f6:4351a481
18030772ns          302628 1c0086ba 1106f853 fmul.s           f16, f13, f16       f16=xxxxxxxx f13:3feca445 f16:3fccf00c
18030792ns          302629 1c0086be 11852303 lw               x6, 280(x10)         x6=3f789f05 x10:1c010fc0  PA:1c0110d8
18031091ns          302644 1c0086c2 01c7a383 lw               x7, 28(x15)          x7=40a2573d x15:1c010a20  PA:1c010a3c
18031389ns          302659 1c0086c6 88887843 fmadd.s          f16, f16, f8, f17   f16=xxxxxxxx f16:403d70cc  f8:40fe5cb5 f17:43527f2b
18031409ns          302660 1c0086ca 1066f353 fmul.s           f6, f13, f6          f6=xxxxxxxx f13:3feca445  f6:3f789f05
18031429ns          302661 1c0086ce 14052883 lw               x17, 320(x10)       x17=3d2473f1 x10:1c010fc0  PA:1c011100
18031727ns          302676 1c0086d2 0207a403 lw               x8, 32(x15)          x8=408592b1 x15:1c010a20  PA:1c010a40
18032025ns          302691 1c0086d4 80737343 fmadd.s          f6, f6, f7, f16      f6=xxxxxxxx  f6:3fe5d221  f7:40a2573d f16:436a067c
18032045ns          302692 1c0086d8 1116f8d3 fmul.s           f17, f13, f17       f17=xxxxxxxx f13:3feca445 f17:3d2473f1
18032065ns          302693 1c0086dc 16852803 lw               x16, 360(x10)       x16=3e8889e7 x10:1c010fc0  PA:1c011128
18032364ns          302708 1c0086e0 0247a383 lw               x7, 36(x15)          x7=411ba146 x15:1c010a20  PA:1c010a44
18032662ns          302723 1c0086e4 3088f8c3 fmadd.s          f17, f17, f8, f6    f17=xxxxxxxx f17:3d980469  f8:408592b1  f6:43732251
18032682ns          302724 1c0086e8 1106f853 fmul.s           f16, f13, f16       f16=xxxxxxxx f13:3feca445 f16:3e8889e7
18032702ns          302725 1c0086ec 000ea303 lw               x6, 0(x29)           x6=4118e19e x29:100016f8  PA:100016f8
18032722ns          302726 1c0086f0 02878793 addi             x15, x15, 40        x15=1c010a48 x15:1c010a20
18032741ns          302727 1c0086f4 88787843 fmadd.s          f16, f16, f7, f17   f16=xxxxxxxx f16:3efc6d7c  f7:411ba146 f17:437371a2
18032761ns          302728 1c0086f8 80e37843 fmadd.s          f16, f6, f14, f16   f16=xxxxxxxx  f6:4118e19e f14:411d91fb f16:43783d4c
18032781ns          302729 1c0086fc 030ea42b p.sw             x16, 40(x29!)       x29=10001720 x16:43ab2b6c x29:100016f8  PA:100016f8
18032801ns          302730 1c008658 00052803 lw               x16, 0(x10)         x16=411b01e3 x10:1c010fc0  PA:1c010fc0
18033100ns          302745 1c00865c 0007a883 lw               x17, 0(x15)         x17=4078e623 x15:1c010a48  PA:1c010a48
18033418ns          302761 1c008660 1106f853 fmul.s           f16, f13, f16       f16=xxxxxxxx f13:3feca445 f16:411b01e3
18033438ns          302762 1c008664 02852303 lw               x6, 40(x10)          x6=3f4db1b4 x10:1c010fc0  PA:1c010fe8
18033736ns          302777 1c008668 0047a383 lw               x7, 4(x15)           x7=411e469f x15:1c010a48  PA:1c010a4c
18034034ns          302792 1c00866c f1187843 fmadd.s          f16, f16, f17, f30  f16=xxxxxxxx f16:418f4934 f17:4078e623 f30:00000000
18034054ns          302793 1c008670 1066f353 fmul.s           f6, f13, f6          f6=xxxxxxxx f13:3feca445  f6:3f4db1b4
18034074ns          302794 1c008674 05052883 lw               x17, 80(x10)        x17=403f762b x10:1c010fc0  PA:1c011010
18034373ns          302809 1c008678 0087a403 lw               x8, 8(x15)           x8=4048d101 x15:1c010a48  PA:1c010a50
18034671ns          302824 1c00867a 80737343 fmadd.s          f6, f6, f7, f16      f6=xxxxxxxx  f6:3fbe23cf  f7:411e469f f16:428b4fba
18034691ns          302825 1c00867e 1116f8d3 fmul.s           f17, f13, f17       f17=xxxxxxxx f13:3feca445 f17:403f762b
18034711ns          302826 1c008682 07852803 lw               x16, 120(x10)       x16=40fb4e2b x10:1c010fc0  PA:1c011038
18035009ns          302841 1c008686 00c7a383 lw               x7, 12(x15)          x7=3d5f1afd x15:1c010a48  PA:1c010a54
18035307ns          302856 1c00868a 3088f8c3 fmadd.s          f17, f17, f8, f6    f17=xxxxxxxx f17:40b0fbcb  f8:4048d101  f6:42a8b35d
18035327ns          302857 1c00868e 1106f853 fmul.s           f16, f13, f16       f16=xxxxxxxx f13:3feca445 f16:40fb4e2b
18035347ns          302858 1c008692 0a052303 lw               x6, 160(x10)         x6=40fd081f x10:1c010fc0  PA:1c011060
18035646ns          302873 1c008696 0107a403 lw               x8, 16(x15)          x8=40b22bd1 x15:1c010a48  PA:1c010a58
18035944ns          302888 1c008698 88787843 fmadd.s          f16, f16, f7, f17   f16=xxxxxxxx f16:41684d51  f7:3d5f1afd f17:42cb68aa
18035964ns          302889 1c00869c 1066f353 fmul.s           f6, f13, f6          f6=xxxxxxxx f13:3feca445  f6:40fd081f
18035984ns          302890 1c0086a0 0c852883 lw               x17, 200(x10)       x17=40654dd9 x10:1c010fc0  PA:1c011088
18036282ns          302905 1c0086a4 0147a383 lw               x7, 20(x15)          x7=411f58cb x15:1c010a48  PA:1c010a5c
18036580ns          302920 1c0086a8 80837343 fmadd.s          f6, f6, f8, f16      f6=xxxxxxxx  f6:4169e5da  f8:40b22bd1 f16:42ccfd92
18036600ns          302921 1c0086ac 1116f8d3 fmul.s           f17, f13, f17       f17=xxxxxxxx f13:3feca445 f17:40654dd9
18036620ns          302922 1c0086b0 0f052803 lw               x16, 240(x10)       x16=3fccf00c x10:1c010fc0  PA:1c0110b0
18036919ns          302937 1c0086b4 0187a403 lw               x8, 24(x15)          x8=3f232023 x15:1c010a48  PA:1c010a60
18037217ns          302952 1c0086b6 3078f8c3 fmadd.s          f17, f17, f7, f6    f17=xxxxxxxx f17:40d3f6e8  f7:411f58cb  f6:4337e3b6
18037237ns          302953 1c0086ba 1106f853 fmul.s           f16, f13, f16       f16=xxxxxxxx f13:3feca445 f16:3fccf00c
18037257ns          302954 1c0086be 11852303 lw               x6, 280(x10)         x6=3f789f05 x10:1c010fc0  PA:1c0110d8
18037555ns          302969 1c0086c2 01c7a383 lw               x7, 28(x15)          x7=40c03075 x15:1c010a48  PA:1c010a64
18037853ns          302984 1c0086c6 88887843 fmadd.s          f16, f16, f8, f17   f16=xxxxxxxx f16:403d70cc  f8:3f232023 f17:4379dba6
18037873ns          302985 1c0086ca 1066f353 fmul.s           f6, f13, f6          f6=xxxxxxxx f13:3feca445  f6:3f789f05
18037893ns          302986 1c0086ce 14052883 lw               x17, 320(x10)       x17=3d2473f1 x10:1c010fc0  PA:1c011100
18038192ns          303001 1c0086d2 0207a403 lw               x8, 32(x15)          x8=40803562 x15:1c010a48  PA:1c010a68
18038490ns          303016 1c0086d4 80737343 fmadd.s          f6, f6, f7, f16      f6=xxxxxxxx  f6:3fe5d221  f7:40c03075 f16:437bbe80
18038510ns          303017 1c0086d8 1116f8d3 fmul.s           f17, f13, f17       f17=xxxxxxxx f13:3feca445 f17:3d2473f1
18038530ns          303018 1c0086dc 16852803 lw               x16, 360(x10)       x16=3e8889e7 x10:1c010fc0  PA:1c011128
18038848ns          303034 1c0086e0 0247a383 lw               x7, 36(x15)          x7=4118157a x15:1c010a48  PA:1c010a6c
18039146ns          303049 1c0086e4 3088f8c3 fmadd.s          f17, f17, f8, f6    f17=xxxxxxxx f17:3d980469  f8:40803562  f6:43834389
18039166ns          303050 1c0086e8 1106f853 fmul.s           f16, f13, f16       f16=xxxxxxxx f13:3feca445 f16:3e8889e7
18039186ns          303051 1c0086ec 000ea303 lw               x6, 0(x29)           x6=3ede9878 x29:10001720  PA:10001720
18039206ns          303052 1c0086f0 02878793 addi             x15, x15, 40        x15=1c010a70 x15:1c010a48
18039226ns          303053 1c0086f4 88787843 fmadd.s          f16, f16, f7, f17   f16=xxxxxxxx f16:3efc6d7c  f7:4118157a f17:4383699a
18039246ns          303054 1c0086f8 80e37843 fmadd.s          f16, f6, f14, f16   f16=xxxxxxxx  f6:3ede9878 f14:411d91fb f16:4385c173
18039266ns          303055 1c0086fc 030ea42b p.sw             x16, 40(x29!)       x29=10001748 x16:4387e57d x29:10001720  PA:10001720
18039286ns          303056 1c008658 00052803 lw               x16, 0(x10)         x16=411b01e3 x10:1c010fc0  PA:1c010fc0
18039584ns          303071 1c00865c 0007a883 lw               x17, 0(x15)         x17=41136705 x15:1c010a70  PA:1c010a70
18039882ns          303086 1c008660 1106f853 fmul.s           f16, f13, f16       f16=xxxxxxxx f13:3feca445 f16:411b01e3
18039902ns          303087 1c008664 02852303 lw               x6, 40(x10)          x6=3f4db1b4 x10:1c010fc0  PA:1c010fe8
18040201ns          303102 1c008668 0047a383 lw               x7, 4(x15)           x7=40b4c386 x15:1c010a70  PA:1c010a74
18040499ns          303117 1c00866c f1187843 fmadd.s          f16, f16, f17, f30  f16=xxxxxxxx f16:418f4934 f17:41136705 f30:00000000
18040519ns          303118 1c008670 1066f353 fmul.s           f6, f13, f6          f6=xxxxxxxx f13:3feca445  f6:3f4db1b4
18040539ns          303119 1c008674 05052883 lw               x17, 80(x10)        x17=403f762b x10:1c010fc0  PA:1c011010
18040837ns          303134 1c008678 0087a403 lw               x8, 8(x15)           x8=3f268635 x15:1c010a70  PA:1c010a78
18041135ns          303149 1c00867a 80737343 fmadd.s          f6, f6, f7, f16      f6=xxxxxxxx  f6:3fbe23cf  f7:40b4c386 f16:43250164
18041155ns          303150 1c00867e 1116f8d3 fmul.s           f17, f13, f17       f17=xxxxxxxx f13:3feca445 f17:403f762b
18041175ns          303151 1c008682 07852803 lw               x16, 120(x10)       x16=40fb4e2b x10:1c010fc0  PA:1c011038
18041493ns          303167 1c008686 00c7a383 lw               x7, 12(x15)          x7=3fc63485 x15:1c010a70  PA:1c010a7c
18041792ns          303182 1c00868a 3088f8c3 fmadd.s          f17, f17, f8, f6    f17=xxxxxxxx f17:40b0fbcb  f8:3f268635  f6:432d658a
18041812ns          303183 1c00868e 1106f853 fmul.s           f16, f13, f16       f16=xxxxxxxx f13:3feca445 f16:40fb4e2b
18041832ns          303184 1c008692 0a052303 lw               x6, 160(x10)         x6=40fd081f x10:1c010fc0  PA:1c011060
18042130ns          303199 1c008696 0107a403 lw               x8, 16(x15)          x8=3fb22991 x15:1c010a70  PA:1c010a80
18042428ns          303214 1c008698 88787843 fmadd.s          f16, f16, f7, f17   f16=xxxxxxxx f16:41684d51  f7:3fc63485 f17:4330fe8a
18042448ns          303215 1c00869c 1066f353 fmul.s           f6, f13, f6          f6=xxxxxxxx f13:3feca445  f6:40fd081f
18042468ns          303216 1c0086a0 0c852883 lw               x17, 200(x10)       x17=40654dd9 x10:1c010fc0  PA:1c011088
18042786ns          303232 1c0086a4 0147a383 lw               x7, 20(x15)          x7=3f30486e x15:1c010a70  PA:1c010a84
18043085ns          303247 1c0086a8 80837343 fmadd.s          f6, f6, f8, f16      f6=xxxxxxxx  f6:4169e5da  f8:3fb22991 f16:434779f9
18043105ns          303248 1c0086ac 1116f8d3 fmul.s           f17, f13, f17       f17=xxxxxxxx f13:3feca445 f17:40654dd9
18043124ns          303249 1c0086b0 0f052803 lw               x16, 240(x10)       x16=3fccf00c x10:1c010fc0  PA:1c0110b0
18043423ns          303264 1c0086b4 0187a403 lw               x8, 24(x15)          x8=40bff5ca x15:1c010a70  PA:1c010a88
18043721ns          303279 1c0086b6 3078f8c3 fmadd.s          f17, f17, f7, f6    f17=xxxxxxxx f17:40d3f6e8  f7:3f30486e  f6:435bd2f2
18043741ns          303280 1c0086ba 1106f853 fmul.s           f16, f13, f16       f16=xxxxxxxx f13:3feca445 f16:3fccf00c
18043761ns          303281 1c0086be 11852303 lw               x6, 280(x10)         x6=3f789f05 x10:1c010fc0  PA:1c0110d8
18044079ns          303297 1c0086c2 01c7a383 lw               x7, 28(x15)          x7=40907c75 x15:1c010a70  PA:1c010a8c
18044378ns          303312 1c0086c6 88887843 fmadd.s          f16, f16, f8, f17   f16=xxxxxxxx f16:403d70cc  f8:40bff5ca f17:436062a0
18044397ns          303313 1c0086ca 1066f353 fmul.s           f6, f13, f6          f6=xxxxxxxx f13:3feca445  f6:3f789f05
18044417ns          303314 1c0086ce 14052883 lw               x17, 320(x10)       x17=3d2473f1 x10:1c010fc0  PA:1c011100
18044716ns          303329 1c0086d2 0207a403 lw               x8, 32(x15)          x8=40f2aadf x15:1c010a70  PA:1c010a90
18045014ns          303344 1c0086d4 80737343 fmadd.s          f6, f6, f7, f16      f6=xxxxxxxx  f6:3fe5d221  f7:40907c75 f16:43722441
18045034ns          303345 1c0086d8 1116f8d3 fmul.s           f17, f13, f17       f17=xxxxxxxx f13:3feca445 f17:3d2473f1
18045054ns          303346 1c0086dc 16852803 lw               x16, 360(x10)       x16=3e8889e7 x10:1c010fc0  PA:1c011128
18045352ns          303361 1c0086e0 0247a383 lw               x7, 36(x15)          x7=40a1b290 x15:1c010a70  PA:1c010a94
18045651ns          303376 1c0086e4 3088f8c3 fmadd.s          f17, f17, f8, f6    f17=xxxxxxxx f17:3d980469  f8:40f2aadf  f6:437a3fa0
18045670ns          303377 1c0086e8 1106f853 fmul.s           f16, f13, f16       f16=xxxxxxxx f13:3feca445 f16:3e8889e7
18045690ns          303378 1c0086ec 000ea303 lw               x6, 0(x29)           x6=40e057da x29:10001748  PA:10001748
18045710ns          303379 1c0086f0 02878793 addi             x15, x15, 40        x15=1c010a98 x15:1c010a70
18045730ns          303380 1c0086f4 88787843 fmadd.s          f16, f16, f7, f17   f16=xxxxxxxx f16:3efc6d7c  f7:40a1b290 f17:437acfba
18045750ns          303381 1c0086f8 80e37843 fmadd.s          f16, f6, f14, f16   f16=xxxxxxxx  f6:40e057da f14:411d91fb f16:437d4d7e
18045770ns          303382 1c0086fc 030ea42b p.sw             x16, 40(x29!)       x29=10001770 x16:43a12c33 x29:10001748  PA:10001748
18045790ns          303383 1c008658 00052803 lw               x16, 0(x10)         x16=411b01e3 x10:1c010fc0  PA:1c010fc0
18046088ns          303398 1c00865c 0007a883 lw               x17, 0(x15)         x17=410c7726 x15:1c010a98  PA:1c010a98
18046387ns          303413 1c008660 1106f853 fmul.s           f16, f13, f16       f16=xxxxxxxx f13:3feca445 f16:411b01e3
18046406ns          303414 1c008664 02852303 lw               x6, 40(x10)          x6=3f4db1b4 x10:1c010fc0  PA:1c010fe8
18046705ns          303429 1c008668 0047a383 lw               x7, 4(x15)           x7=409cc11d x15:1c010a98  PA:1c010a9c
18047003ns          303444 1c00866c f1187843 fmadd.s          f16, f16, f17, f30  f16=xxxxxxxx f16:418f4934 f17:410c7726 f30:00000000
18047023ns          303445 1c008670 1066f353 fmul.s           f6, f13, f6          f6=xxxxxxxx f13:3feca445  f6:3f4db1b4
18047043ns          303446 1c008674 05052883 lw               x17, 80(x10)        x17=403f762b x10:1c010fc0  PA:1c011010
18047341ns          303461 1c008678 0087a403 lw               x8, 8(x15)           x8=410e9b66 x15:1c010a98  PA:1c010aa0
18047640ns          303476 1c00867a 80737343 fmadd.s          f6, f6, f7, f16      f6=xxxxxxxx  f6:3fbe23cf  f7:409cc11d f16:431d3d71
18047660ns          303477 1c00867e 1116f8d3 fmul.s           f17, f13, f17       f17=xxxxxxxx f13:3feca445 f17:403f762b
18047679ns          303478 1c008682 07852803 lw               x16, 120(x10)       x16=40fb4e2b x10:1c010fc0  PA:1c011038
18047978ns          303493 1c008686 00c7a383 lw               x7, 12(x15)          x7=4111146c x15:1c010a98  PA:1c010aa4
18048276ns          303508 1c00868a 3088f8c3 fmadd.s          f17, f17, f8, f6    f17=xxxxxxxx f17:40b0fbcb  f8:410e9b66  f6:43248445
18048296ns          303509 1c00868e 1106f853 fmul.s           f16, f13, f16       f16=xxxxxxxx f13:3feca445 f16:40fb4e2b
18048316ns          303510 1c008692 0a052303 lw               x6, 160(x10)         x6=40fd081f x10:1c010fc0  PA:1c011060
18048614ns          303525 1c008696 0107a403 lw               x8, 16(x15)          x8=411cf295 x15:1c010a98  PA:1c010aa8
18048913ns          303540 1c008698 88787843 fmadd.s          f16, f16, f7, f17   f16=xxxxxxxx f16:41684d51  f7:4111146c f17:4355cfd2
18048933ns          303541 1c00869c 1066f353 fmul.s           f6, f13, f6          f6=xxxxxxxx f13:3feca445  f6:40fd081f
18048952ns          303542 1c0086a0 0c852883 lw               x17, 200(x10)       x17=40654dd9 x10:1c010fc0  PA:1c011088
18049251ns          303557 1c0086a4 0147a383 lw               x7, 20(x15)          x7=410e9e20 x15:1c010a98  PA:1c010aac
18049549ns          303572 1c0086a8 80837343 fmadd.s          f6, f6, f8, f16      f6=xxxxxxxx  f6:4169e5da  f8:411cf295 f16:43acbb12
18049569ns          303573 1c0086ac 1116f8d3 fmul.s           f17, f13, f17       f17=xxxxxxxx f13:3feca445 f17:40654dd9
18049589ns          303574 1c0086b0 0f052803 lw               x16, 240(x10)       x16=3fccf00c x10:1c010fc0  PA:1c0110b0
18049887ns          303589 1c0086b4 0187a403 lw               x8, 24(x15)          x8=4117932f x15:1c010a98  PA:1c010ab0
18050186ns          303604 1c0086b6 3078f8c3 fmadd.s          f17, f17, f7, f6    f17=xxxxxxxx f17:40d3f6e8  f7:410e9e20  f6:43f46dec
18050206ns          303605 1c0086ba 1106f853 fmul.s           f16, f13, f16       f16=xxxxxxxx f13:3feca445 f16:3fccf00c
18050225ns          303606 1c0086be 11852303 lw               x6, 280(x10)         x6=3f789f05 x10:1c010fc0  PA:1c0110d8
18050524ns          303621 1c0086c2 01c7a383 lw               x7, 28(x15)          x7=409564dd x15:1c010a98  PA:1c010ab4
18050842ns          303637 1c0086c6 88887843 fmadd.s          f16, f16, f8, f17   f16=xxxxxxxx f16:403d70cc  f8:4117932f f17:4408f9b2
18050862ns          303638 1c0086ca 1066f353 fmul.s           f6, f13, f6          f6=xxxxxxxx f13:3feca445  f6:3f789f05
18050882ns          303639 1c0086ce 14052883 lw               x17, 320(x10)       x17=3d2473f1 x10:1c010fc0  PA:1c011100
18051180ns          303654 1c0086d2 0207a403 lw               x8, 32(x15)          x8=4093773f x15:1c010a98  PA:1c010ab8
18051479ns          303669 1c0086d4 80737343 fmadd.s          f6, f6, f7, f16      f6=xxxxxxxx  f6:3fe5d221  f7:409564dd f16:440ffc59
18051498ns          303670 1c0086d8 1116f8d3 fmul.s           f17, f13, f17       f17=xxxxxxxx f13:3feca445 f17:3d2473f1
18051518ns          303671 1c0086dc 16852803 lw               x16, 360(x10)       x16=3e8889e7 x10:1c010fc0  PA:1c011128
18051817ns          303686 1c0086e0 0247a383 lw               x7, 36(x15)          x7=40848fc1 x15:1c010a98  PA:1c010abc
18052135ns          303702 1c0086e4 3088f8c3 fmadd.s          f17, f17, f8, f6    f17=xxxxxxxx f17:3d980469  f8:4093773f  f6:441214d0
18052155ns          303703 1c0086e8 1106f853 fmul.s           f16, f13, f16       f16=xxxxxxxx f13:3feca445 f16:3e8889e7
18052175ns          303704 1c0086ec 000ea303 lw               x6, 0(x29)           x6=40aead1e x29:10001770  PA:10001770
18052195ns          303705 1c0086f0 02878793 addi             x15, x15, 40        x15=1c010ac0 x15:1c010a98
18052215ns          303706 1c0086f4 88787843 fmadd.s          f16, f16, f7, f17   f16=xxxxxxxx f16:3efc6d7c  f7:40848fc1 f17:44122ab4
18052234ns          303707 1c0086f8 80e37843 fmadd.s          f16, f6, f14, f16   f16=xxxxxxxx  f6:40aead1e f14:411d91fb f16:4412ad6a
18052254ns          303708 1c0086fc 030ea42b p.sw             x16, 40(x29!)       x29=10001798 x16:44201de3 x29:10001770  PA:10001770
18052274ns          303709 1c008658 00052803 lw               x16, 0(x10)         x16=411b01e3 x10:1c010fc0  PA:1c010fc0
18052573ns          303724 1c00865c 0007a883 lw               x17, 0(x15)         x17=3f715ac3 x15:1c010ac0  PA:1c010ac0
18052871ns          303739 1c008660 1106f853 fmul.s           f16, f13, f16       f16=xxxxxxxx f13:3feca445 f16:411b01e3
18052891ns          303740 1c008664 02852303 lw               x6, 40(x10)          x6=3f4db1b4 x10:1c010fc0  PA:1c010fe8
18053189ns          303755 1c008668 0047a383 lw               x7, 4(x15)           x7=4048040c x15:1c010ac0  PA:1c010ac4
18053507ns          303771 1c00866c f1187843 fmadd.s          f16, f16, f17, f30  f16=xxxxxxxx f16:418f4934 f17:3f715ac3 f30:00000000
18053527ns          303772 1c008670 1066f353 fmul.s           f6, f13, f6          f6=xxxxxxxx f13:3feca445  f6:3f4db1b4
18053547ns          303773 1c008674 05052883 lw               x17, 80(x10)        x17=403f762b x10:1c010fc0  PA:1c011010
18053846ns          303788 1c008678 0087a403 lw               x8, 8(x15)           x8=408e450e x15:1c010ac0  PA:1c010ac8
18054144ns          303803 1c00867a 80737343 fmadd.s          f6, f6, f7, f16      f6=xxxxxxxx  f6:3fbe23cf  f7:4048040c f16:418716b7
18054164ns          303804 1c00867e 1116f8d3 fmul.s           f17, f13, f17       f17=xxxxxxxx f13:3feca445 f17:403f762b
18054184ns          303805 1c008682 07852803 lw               x16, 120(x10)       x16=40fb4e2b x10:1c010fc0  PA:1c011038
18054482ns          303820 1c008686 00c7a383 lw               x7, 12(x15)          x7=4107c1ec x15:1c010ac0  PA:1c010acc
18054800ns          303836 1c00868a 3088f8c3 fmadd.s          f17, f17, f8, f6    f17=xxxxxxxx f17:40b0fbcb  f8:408e450e  f6:41ac3a76
18054820ns          303837 1c00868e 1106f853 fmul.s           f16, f13, f16       f16=xxxxxxxx f13:3feca445 f16:40fb4e2b
18054840ns          303838 1c008692 0a052303 lw               x6, 160(x10)         x6=40fd081f x10:1c010fc0  PA:1c011060
18055138ns          303853 1c008696 0107a403 lw               x8, 16(x15)          x8=4095fac3 x15:1c010ac0  PA:1c010ad0
18055437ns          303868 1c008698 88787843 fmadd.s          f16, f16, f7, f17   f16=xxxxxxxx f16:41684d51  f7:4107c1ec f17:423878a3
18055457ns          303869 1c00869c 1066f353 fmul.s           f6, f13, f6          f6=xxxxxxxx f13:3feca445  f6:40fd081f
18055477ns          303870 1c0086a0 0c852883 lw               x17, 200(x10)       x17=40654dd9 x10:1c010fc0  PA:1c011088
18055775ns          303885 1c0086a4 0147a383 lw               x7, 20(x15)          x7=41121d4e x15:1c010ac0  PA:1c010ad4
18056093ns          303901 1c0086a8 80837343 fmadd.s          f6, f6, f8, f16      f6=xxxxxxxx  f6:4169e5da  f8:4095fac3 f16:43294ee7
18056113ns          303902 1c0086ac 1116f8d3 fmul.s           f17, f13, f17       f17=xxxxxxxx f13:3feca445 f17:40654dd9
18056133ns          303903 1c0086b0 0f052803 lw               x16, 240(x10)       x16=3fccf00c x10:1c010fc0  PA:1c0110b0
18056431ns          303918 1c0086b4 0187a403 lw               x8, 24(x15)          x8=3ff1facf x15:1c010ac0  PA:1c010ad8
18056730ns          303933 1c0086b6 3078f8c3 fmadd.s          f17, f17, f7, f6    f17=xxxxxxxx f17:40d3f6e8  f7:41121d4e  f6:436dd2d9
18056750ns          303934 1c0086ba 1106f853 fmul.s           f16, f13, f16       f16=xxxxxxxx f13:3feca445 f16:3fccf00c
18056769ns          303935 1c0086be 11852303 lw               x6, 280(x10)         x6=3f789f05 x10:1c010fc0  PA:1c0110d8
18057068ns          303950 1c0086c2 01c7a383 lw               x7, 28(x15)          x7=40fce41e x15:1c010ac0  PA:1c010adc
18057386ns          303966 1c0086c6 88887843 fmadd.s          f16, f16, f8, f17   f16=xxxxxxxx f16:403d70cc  f8:3ff1facf f17:43952831
18057406ns          303967 1c0086ca 1066f353 fmul.s           f6, f13, f6          f6=xxxxxxxx f13:3feca445  f6:3f789f05
18057426ns          303968 1c0086ce 14052883 lw               x17, 320(x10)       x17=3d2473f1 x10:1c010fc0  PA:1c011100
18057724ns          303983 1c0086d2 0207a403 lw               x8, 32(x15)          x8=4111ef9d x15:1c010ac0  PA:1c010ae0
18058023ns          303998 1c0086d4 80737343 fmadd.s          f6, f6, f7, f16      f6=xxxxxxxx  f6:3fe5d221  f7:40fce41e f16:4397f474
18058043ns          303999 1c0086d8 1116f8d3 fmul.s           f17, f13, f17       f17=xxxxxxxx f13:3feca445 f17:3d2473f1
18058062ns          304000 1c0086dc 16852803 lw               x16, 360(x10)       x16=3e8889e7 x10:1c010fc0  PA:1c011128
18058361ns          304015 1c0086e0 0247a383 lw               x7, 36(x15)          x7=40f90988 x15:1c010ac0  PA:1c010ae4
18058659ns          304030 1c0086e4 3088f8c3 fmadd.s          f17, f17, f8, f6    f17=xxxxxxxx f17:3d980469  f8:4111ef9d  f6:439f0cb1
18058679ns          304031 1c0086e8 1106f853 fmul.s           f16, f13, f16       f16=xxxxxxxx f13:3feca445 f16:3e8889e7
18058699ns          304032 1c0086ec 000ea303 lw               x6, 0(x29)           x6=3f847055 x29:10001798  PA:10001798
18058719ns          304033 1c0086f0 02878793 addi             x15, x15, 40        x15=1c010ae8 x15:1c010ac0
18058739ns          304034 1c0086f4 88787843 fmadd.s          f16, f16, f7, f17   f16=xxxxxxxx f16:3efc6d7c  f7:40f90988 f17:439f635a
18058759ns          304035 1c0086f8 80e37843 fmadd.s          f16, f6, f14, f16   f16=xxxxxxxx  f6:3f847055 f14:411d91fb f16:43a14e7a
18058778ns          304036 1c0086fc 030ea42b p.sw             x16, 40(x29!)       x29=100017c0 x16:43a666c1 x29:10001798  PA:10001798
18058798ns          304037 1c008658 00052803 lw               x16, 0(x10)         x16=411b01e3 x10:1c010fc0  PA:1c010fc0
18059097ns          304052 1c00865c 0007a883 lw               x17, 0(x15)         x17=3fb6e5d0 x15:1c010ae8  PA:1c010ae8
18059395ns          304067 1c008660 1106f853 fmul.s           f16, f13, f16       f16=xxxxxxxx f13:3feca445 f16:411b01e3
18059415ns          304068 1c008664 02852303 lw               x6, 40(x10)          x6=3f4db1b4 x10:1c010fc0  PA:1c010fe8
18059713ns          304083 1c008668 0047a383 lw               x7, 4(x15)           x7=4093fb1d x15:1c010ae8  PA:1c010aec
18060012ns          304098 1c00866c f1187843 fmadd.s          f16, f16, f17, f30  f16=xxxxxxxx f16:418f4934 f17:3fb6e5d0 f30:00000000
18060032ns          304099 1c008670 1066f353 fmul.s           f6, f13, f6          f6=xxxxxxxx f13:3feca445  f6:3f4db1b4
18060051ns          304100 1c008674 05052883 lw               x17, 80(x10)        x17=403f762b x10:1c010fc0  PA:1c011010
18060350ns          304115 1c008678 0087a403 lw               x8, 8(x15)           x8=40dc0282 x15:1c010ae8  PA:1c010af0
18060648ns          304130 1c00867a 80737343 fmadd.s          f6, f6, f7, f16      f6=xxxxxxxx  f6:3fbe23cf  f7:4093fb1d f16:41ccbd58
18060668ns          304131 1c00867e 1116f8d3 fmul.s           f17, f13, f17       f17=xxxxxxxx f13:3feca445 f17:403f762b
18060688ns          304132 1c008682 07852803 lw               x16, 120(x10)       x16=40fb4e2b x10:1c010fc0  PA:1c011038
18060986ns          304147 1c008686 00c7a383 lw               x7, 12(x15)          x7=408975eb x15:1c010ae8  PA:1c010af4
18061285ns          304162 1c00868a 3088f8c3 fmadd.s          f17, f17, f8, f6    f17=xxxxxxxx f17:40b0fbcb  f8:40dc0282  f6:4201d8f1
18061305ns          304163 1c00868e 1106f853 fmul.s           f16, f13, f16       f16=xxxxxxxx f13:3feca445 f16:40fb4e2b
18061324ns          304164 1c008692 0a052303 lw               x6, 160(x10)         x6=40fd081f x10:1c010fc0  PA:1c011060
18061623ns          304179 1c008696 0107a403 lw               x8, 16(x15)          x8=4035707b x15:1c010ae8  PA:1c010af8
18061921ns          304194 1c008698 88787843 fmadd.s          f16, f16, f7, f17   f16=xxxxxxxx f16:41684d51  f7:408975eb f17:428cf988
18061941ns          304195 1c00869c 1066f353 fmul.s           f6, f13, f6          f6=xxxxxxxx f13:3feca445  f6:40fd081f
18061961ns          304196 1c0086a0 0c852883 lw               x17, 200(x10)       x17=40654dd9 x10:1c010fc0  PA:1c011088
18062259ns          304211 1c0086a4 0147a383 lw               x7, 20(x15)          x7=40e890ec x15:1c010ae8  PA:1c010afc
18062558ns          304226 1c0086a8 80837343 fmadd.s          f6, f6, f8, f16      f6=xxxxxxxx  f6:4169e5da  f8:4035707b f16:4304daf4
18062578ns          304227 1c0086ac 1116f8d3 fmul.s           f17, f13, f17       f17=xxxxxxxx f13:3feca445 f17:40654dd9
18062597ns          304228 1c0086b0 0f052803 lw               x16, 240(x10)       x16=3fccf00c x10:1c010fc0  PA:1c0110b0
18062896ns          304243 1c0086b4 0187a403 lw               x8, 24(x15)          x8=40a13991 x15:1c010ae8  PA:1c010b00
18063194ns          304258 1c0086b6 3078f8c3 fmadd.s          f17, f17, f7, f6    f17=xxxxxxxx f17:40d3f6e8  f7:40e890ec  f6:432e4c86
18063214ns          304259 1c0086ba 1106f853 fmul.s           f16, f13, f16       f16=xxxxxxxx f13:3feca445 f16:3fccf00c
18063234ns          304260 1c0086be 11852303 lw               x6, 280(x10)         x6=3f789f05 x10:1c010fc0  PA:1c0110d8
18063532ns          304275 1c0086c2 01c7a383 lw               x7, 28(x15)          x7=3f6ceaef x15:1c010ae8  PA:1c010b04
18063831ns          304290 1c0086c6 88887843 fmadd.s          f16, f16, f8, f17   f16=xxxxxxxx f16:403d70cc  f8:40a13991 f17:435e7076
18063851ns          304291 1c0086ca 1066f353 fmul.s           f6, f13, f6          f6=xxxxxxxx f13:3feca445  f6:3f789f05
18063870ns          304292 1c0086ce 14052883 lw               x17, 320(x10)       x17=3d2473f1 x10:1c010fc0  PA:1c011100
18064169ns          304307 1c0086d2 0207a403 lw               x8, 32(x15)          x8=405a42a6 x15:1c010ae8  PA:1c010b08
18064467ns          304322 1c0086d4 80737343 fmadd.s          f6, f6, f7, f16      f6=xxxxxxxx  f6:3fe5d221  f7:3f6ceaef f16:436d5a47
18064487ns          304323 1c0086d8 1116f8d3 fmul.s           f17, f13, f17       f17=xxxxxxxx f13:3feca445 f17:3d2473f1
18064507ns          304324 1c0086dc 16852803 lw               x16, 360(x10)       x16=3e8889e7 x10:1c010fc0  PA:1c011128
18064805ns          304339 1c0086e0 0247a383 lw               x7, 36(x15)          x7=40c7feba x15:1c010ae8  PA:1c010b0c
18065104ns          304354 1c0086e4 3088f8c3 fmadd.s          f17, f17, f8, f6    f17=xxxxxxxx f17:3d980469  f8:405a42a6  f6:436f03a8
18065124ns          304355 1c0086e8 1106f853 fmul.s           f16, f13, f16       f16=xxxxxxxx f13:3feca445 f16:3e8889e7
18065144ns          304356 1c0086ec 000ea303 lw               x6, 0(x29)           x6=411e3aeb x29:100017c0  PA:100017c0
18065163ns          304357 1c0086f0 02878793 addi             x15, x15, 40        x15=1c010b10 x15:1c010ae8
18065183ns          304358 1c0086f4 88787843 fmadd.s          f16, f16, f7, f17   f16=xxxxxxxx f16:3efc6d7c  f7:40c7feba f17:436f4476
18065203ns          304359 1c0086f8 80e37843 fmadd.s          f16, f6, f14, f16   f16=xxxxxxxx  f6:411e3aeb f14:411d91fb f16:43725947
18065223ns          304360 1c0086fc 030ea42b p.sw             x16, 40(x29!)       x29=100017e8 x16:43a9ded2 x29:100017c0  PA:100017c0
18065243ns          304361 1c008700 00460613 addi             x12, x12, 4         x12=1000165c x12:10001658
18065263ns          304362 1c008702 00450513 addi             x10, x10, 4         x10=1c010fc4 x10:1c010fc0
18065303ns          304364 1c008632 40b28e33 sub              x28, x5, x11        x28=00000190  x5:1c010b10 x11:1c010980
18065323ns          304365 1c008636 fd8e0e13 addi             x28, x28, -40       x28=00000168 x28:00000190
18065342ns          304366 1c00863a 0cccd7b7 lui              x15, 0xcccd000      x15=0cccd000
18065362ns          304367 1c00863e ccd78793 addi             x15, x15, -819      x15=0ccccccd x15:0cccd000
18065382ns          304368 1c008642 003e5e13 srli             x28, x28, 0x3       x28=0000002d x28:00000168
18065402ns          304369 1c008646 02fe0e33 mul              x28, x28, x15       x28=40000009 x28:0000002d x15:0ccccccd
18065422ns          304370 1c00864a c5de3e33 p.bclr           x28, x28, 2, 29     x28=00000009 x28:40000009
18065442ns          304371 1c00864e 00b007b3 add              x15, x0, x11        x15=1c010980 x11:1c010980
18065462ns          304372 1c008650 00c00eb3 add              x29, x0, x12        x29=1000165c x12:1000165c
18065482ns          304373 1c008652 001e0e13 addi             x28, x28, 1         x28=0000000a x28:00000009
18065502ns          304374 1c008654 054e40fb lp.setup         0x1, x28, 0x54      x28:0000000a
18065521ns          304375 1c008658 00052803 lw               x16, 0(x10)         x16=411e1709 x10:1c010fc4  PA:1c010fc4
18065820ns          304390 1c00865c 0007a883 lw               x17, 0(x15)         x17=4052e826 x15:1c010980  PA:1c010980
18066118ns          304405 1c008660 1106f853 fmul.s           f16, f13, f16       f16=xxxxxxxx f13:3feca445 f16:411e1709
18066138ns          304406 1c008664 02852303 lw               x6, 40(x10)          x6=40faa3ad x10:1c010fc4  PA:1c010fec
18066436ns          304421 1c008668 0047a383 lw               x7, 4(x15)           x7=3e594d74 x15:1c010980  PA:1c010984
18066755ns          304437 1c00866c f1187843 fmadd.s          f16, f16, f17, f30  f16=xxxxxxxx f16:419222ae f17:4052e826 f30:00000000
18066775ns          304438 1c008670 1066f353 fmul.s           f6, f13, f6          f6=xxxxxxxx f13:3feca445  f6:40faa3ad
18066794ns          304439 1c008674 05052883 lw               x17, 80(x10)        x17=3fb8e5ef x10:1c010fc4  PA:1c011014
18067093ns          304454 1c008678 0087a403 lw               x8, 8(x15)           x8=410a346e x15:1c010980  PA:1c010988
18067391ns          304469 1c00867a 80737343 fmadd.s          f6, f6, f7, f16      f6=xxxxxxxx  f6:4167afb8  f7:3e594d74 f16:4270c9f0
18067411ns          304470 1c00867e 1116f8d3 fmul.s           f17, f13, f17       f17=xxxxxxxx f13:3feca445 f17:3fb8e5ef
18067431ns          304471 1c008682 07852803 lw               x16, 120(x10)       x16=408667d4 x10:1c010fc4  PA:1c01103c
18067729ns          304486 1c008686 00c7a383 lw               x7, 12(x15)          x7=3fdcbabb x15:1c010980  PA:1c01098c
18068048ns          304502 1c00868a 3088f8c3 fmadd.s          f17, f17, f8, f6    f17=xxxxxxxx f17:402aea9d  f8:410a346e  f6:427d1491
18068067ns          304503 1c00868e 1106f853 fmul.s           f16, f13, f16       f16=xxxxxxxx f13:3feca445 f16:408667d4
18068087ns          304504 1c008692 0a052303 lw               x6, 160(x10)         x6=40659bce x10:1c010fc4  PA:1c011064
18068386ns          304519 1c008696 0107a403 lw               x8, 16(x15)          x8=403131d8 x15:1c010980  PA:1c010990
18068684ns          304534 1c008698 88787843 fmadd.s          f16, f16, f7, f17   f16=xxxxxxxx f16:40f87bec  f7:3fdcbabb f17:42acad05
18068704ns          304535 1c00869c 1066f353 fmul.s           f6, f13, f6          f6=xxxxxxxx f13:3feca445  f6:40659bce
18068724ns          304536 1c0086a0 0c852883 lw               x17, 200(x10)       x17=3fdee99e x10:1c010fc4  PA:1c01108c
18069022ns          304551 1c0086a4 0147a383 lw               x7, 20(x15)          x7=40b905da x15:1c010980  PA:1c010994
18069321ns          304566 1c0086a8 80837343 fmadd.s          f6, f6, f8, f16      f6=xxxxxxxx  f6:40d43ef8  f8:403131d8 f16:42c774fd
18069340ns          304567 1c0086ac 1116f8d3 fmul.s           f17, f13, f17       f17=xxxxxxxx f13:3feca445 f17:3fdee99e
18069360ns          304568 1c0086b0 0f052803 lw               x16, 240(x10)       x16=3fd54413 x10:1c010fc4  PA:1c0110b4
18069659ns          304583 1c0086b4 0187a403 lw               x8, 24(x15)          x8=3f3f71e4 x15:1c010980  PA:1c010998
18069957ns          304598 1c0086b6 3078f8c3 fmadd.s          f17, f17, f7, f6    f17=xxxxxxxx f17:404e0e67  f7:40b905da  f6:42ec2f34
18069977ns          304599 1c0086ba 1106f853 fmul.s           f16, f13, f16       f16=xxxxxxxx f13:3feca445 f16:3fd54413
18069997ns          304600 1c0086be 11852303 lw               x6, 280(x10)         x6=40f61382 x10:1c010fc4  PA:1c0110dc
18070295ns          304615 1c0086c2 01c7a383 lw               x7, 28(x15)          x7=40b21fda x15:1c010980  PA:1c01099c
18070594ns          304630 1c0086c6 88887843 fmadd.s          f16, f16, f8, f17   f16=xxxxxxxx f16:4045239b  f8:3f3f71e4 f17:4308b53e
18070613ns          304631 1c0086ca 1066f353 fmul.s           f6, f13, f6          f6=xxxxxxxx f13:3feca445  f6:40f61382
18070633ns          304632 1c0086ce 14052883 lw               x17, 320(x10)       x17=401f68c5 x10:1c010fc4  PA:1c011104
18070932ns          304647 1c0086d2 0207a403 lw               x8, 32(x15)          x8=404c67dc x15:1c010980  PA:1c0109a0
18071230ns          304662 1c0086d4 80737343 fmadd.s          f6, f6, f7, f16      f6=xxxxxxxx  f6:416377e3  f7:40b21fda f16:430b02f3
18071250ns          304663 1c0086d8 1116f8d3 fmul.s           f17, f13, f17       f17=xxxxxxxx f13:3feca445 f17:401f68c5
18071270ns          304664 1c0086dc 16852803 lw               x16, 360(x10)       x16=411b09c3 x10:1c010fc4  PA:1c01112c
18071568ns          304679 1c0086e0 0247a383 lw               x7, 36(x15)          x7=3f63643c x15:1c010980  PA:1c0109a4
18071867ns          304694 1c0086e4 3088f8c3 fmadd.s          f17, f17, f8, f6    f17=xxxxxxxx f17:40935ae0  f8:404c67dc  f6:435a25c8
18071886ns          304695 1c0086e8 1106f853 fmul.s           f16, f13, f16       f16=xxxxxxxx f13:3feca445 f16:411b09c3
18071906ns          304696 1c0086ec 000ea303 lw               x6, 0(x29)           x6=3f65746a x29:1000165c  PA:1000165c
18071926ns          304697 1c0086f0 02878793 addi             x15, x15, 40        x15=1c0109a8 x15:1c010980
18071946ns          304698 1c0086f4 88787843 fmadd.s          f16, f16, f7, f17   f16=xxxxxxxx f16:418f507c  f7:3f63643c f17:4368dace
18071966ns          304699 1c0086f8 80e37843 fmadd.s          f16, f6, f14, f16   f16=xxxxxxxx  f6:3f65746a f14:411d91fb f16:4378c45d
18071986ns          304700 1c0086fc 030ea42b p.sw             x16, 40(x29!)       x29=10001684 x16:4380cc08 x29:1000165c  PA:1000165c
18072006ns          304701 1c008658 00052803 lw               x16, 0(x10)         x16=411e1709 x10:1c010fc4  PA:1c010fc4
18072304ns          304716 1c00865c 0007a883 lw               x17, 0(x15)         x17=410caf4f x15:1c0109a8  PA:1c0109a8
18072622ns          304732 1c008660 1106f853 fmul.s           f16, f13, f16       f16=xxxxxxxx f13:3feca445 f16:411e1709
18072642ns          304733 1c008664 02852303 lw               x6, 40(x10)          x6=40faa3ad x10:1c010fc4  PA:1c010fec
18072941ns          304748 1c008668 0047a383 lw               x7, 4(x15)           x7=41176372 x15:1c0109a8  PA:1c0109ac
18073239ns          304763 1c00866c f1187843 fmadd.s          f16, f16, f17, f30  f16=xxxxxxxx f16:419222ae f17:410caf4f f30:00000000
18073259ns          304764 1c008670 1066f353 fmul.s           f6, f13, f6          f6=xxxxxxxx f13:3feca445  f6:40faa3ad
18073279ns          304765 1c008674 05052883 lw               x17, 80(x10)        x17=3fb8e5ef x10:1c010fc4  PA:1c011014
18073577ns          304780 1c008678 0087a403 lw               x8, 8(x15)           x8=409cf1d2 x15:1c0109a8  PA:1c0109b0
18073876ns          304795 1c00867a 80737343 fmadd.s          f6, f6, f7, f16      f6=xxxxxxxx  f6:4167afb8  f7:41176372 f16:43209e14
18073895ns          304796 1c00867e 1116f8d3 fmul.s           f17, f13, f17       f17=xxxxxxxx f13:3feca445 f17:3fb8e5ef
18073915ns          304797 1c008682 07852803 lw               x16, 120(x10)       x16=408667d4 x10:1c010fc4  PA:1c01103c
18074214ns          304812 1c008686 00c7a383 lw               x7, 12(x15)          x7=410ddd2e x15:1c0109a8  PA:1c0109b4
18074512ns          304827 1c00868a 3088f8c3 fmadd.s          f17, f17, f8, f6    f17=xxxxxxxx f17:402aea9d  f8:409cf1d2  f6:4394d05d
18074532ns          304828 1c00868e 1106f853 fmul.s           f16, f13, f16       f16=xxxxxxxx f13:3feca445 f16:408667d4
18074552ns          304829 1c008692 0a052303 lw               x6, 160(x10)         x6=40659bce x10:1c010fc4  PA:1c011064
18074850ns          304844 1c008696 0107a403 lw               x8, 16(x15)          x8=3fd37db8 x15:1c0109a8  PA:1c0109b8
18075168ns          304860 1c008698 88787843 fmadd.s          f16, f16, f7, f17   f16=xxxxxxxx f16:40f87bec  f7:410ddd2e f17:439b5ce4
18075188ns          304861 1c00869c 1066f353 fmul.s           f6, f13, f6          f6=xxxxxxxx f13:3feca445  f6:40659bce
18075208ns          304862 1c0086a0 0c852883 lw               x17, 200(x10)       x17=3fdee99e x10:1c010fc4  PA:1c01108c
18075507ns          304877 1c0086a4 0147a383 lw               x7, 20(x15)          x7=404b6f19 x15:1c0109a8  PA:1c0109bc
18075805ns          304892 1c0086a8 80837343 fmadd.s          f6, f6, f8, f16      f6=xxxxxxxx  f6:40d43ef8  f8:3fd37db8 f16:43bdc9a0
18075825ns          304893 1c0086ac 1116f8d3 fmul.s           f17, f13, f17       f17=xxxxxxxx f13:3feca445 f17:3fdee99e
18075845ns          304894 1c0086b0 0f052803 lw               x16, 240(x10)       x16=3fd54413 x10:1c010fc4  PA:1c0110b4
18076143ns          304909 1c0086b4 0187a403 lw               x8, 24(x15)          x8=40c05806 x15:1c0109a8  PA:1c0109c0
18076461ns          304925 1c0086b6 3078f8c3 fmadd.s          f17, f17, f7, f6    f17=xxxxxxxx f17:404e0e67  f7:404b6f19  f6:43c34461
18076481ns          304926 1c0086ba 1106f853 fmul.s           f16, f13, f16       f16=xxxxxxxx f13:3feca445 f16:3fd54413
18076501ns          304927 1c0086be 11852303 lw               x6, 280(x10)         x6=40f61382 x10:1c010fc4  PA:1c0110dc
18076799ns          304942 1c0086c2 01c7a383 lw               x7, 28(x15)          x7=411fcb27 x15:1c0109a8  PA:1c0109c4
18077098ns          304957 1c0086c6 88887843 fmadd.s          f16, f16, f8, f17   f16=xxxxxxxx f16:4045239b  f8:40c05806 f17:43c86258
18077118ns          304958 1c0086ca 1066f353 fmul.s           f6, f13, f6          f6=xxxxxxxx f13:3feca445  f6:40f61382
18077138ns          304959 1c0086ce 14052883 lw               x17, 320(x10)       x17=401f68c5 x10:1c010fc4  PA:1c011104
18077456ns          304975 1c0086d2 0207a403 lw               x8, 32(x15)          x8=409b827a x15:1c0109a8  PA:1c0109c8
18077754ns          304990 1c0086d4 80737343 fmadd.s          f6, f6, f7, f16      f6=xxxxxxxx  f6:416377e3  f7:411fcb27 f16:43d1a440
18077774ns          304991 1c0086d8 1116f8d3 fmul.s           f17, f13, f17       f17=xxxxxxxx f13:3feca445 f17:401f68c5
18077794ns          304992 1c0086dc 16852803 lw               x16, 360(x10)       x16=411b09c3 x10:1c010fc4  PA:1c01112c
18078092ns          305007 1c0086e0 0247a383 lw               x7, 36(x15)          x7=40fbbc63 x15:1c0109a8  PA:1c0109cc
18078391ns          305022 1c0086e4 3088f8c3 fmadd.s          f17, f17, f8, f6    f17=xxxxxxxx f17:40935ae0  f8:409b827a  f6:440c511e
18078411ns          305023 1c0086e8 1106f853 fmul.s           f16, f13, f16       f16=xxxxxxxx f13:3feca445 f16:411b09c3
18078431ns          305024 1c0086ec 000ea303 lw               x6, 0(x29)           x6=40fda27d x29:10001684  PA:10001684
18078450ns          305025 1c0086f0 02878793 addi             x15, x15, 40        x15=1c0109d0 x15:1c0109a8
18078470ns          305026 1c0086f4 88787843 fmadd.s          f16, f16, f7, f17   f16=xxxxxxxx f16:418f507c  f7:40fbbc63 f17:4411e950
18078490ns          305027 1c0086f8 80e37843 fmadd.s          f16, f6, f14, f16   f16=xxxxxxxx  f6:40fda27d f14:411d91fb f16:443524a8
18078510ns          305028 1c0086fc 030ea42b p.sw             x16, 40(x29!)       x29=100016ac x16:4448a851 x29:10001684  PA:10001684
18078530ns          305029 1c008658 00052803 lw               x16, 0(x10)         x16=411e1709 x10:1c010fc4  PA:1c010fc4
18078828ns          305044 1c00865c 0007a883 lw               x17, 0(x15)         x17=3fe434c6 x15:1c0109d0  PA:1c0109d0
18079147ns          305060 1c008660 1106f853 fmul.s           f16, f13, f16       f16=xxxxxxxx f13:3feca445 f16:411e1709
18079166ns          305061 1c008664 02852303 lw               x6, 40(x10)          x6=40faa3ad x10:1c010fc4  PA:1c010fec
18079465ns          305076 1c008668 0047a383 lw               x7, 4(x15)           x7=3ea9eacd x15:1c0109d0  PA:1c0109d4
18079763ns          305091 1c00866c f1187843 fmadd.s          f16, f16, f17, f30  f16=xxxxxxxx f16:419222ae f17:3fe434c6 f30:00000000
18079783ns          305092 1c008670 1066f353 fmul.s           f6, f13, f6          f6=xxxxxxxx f13:3feca445  f6:40faa3ad
18079803ns          305093 1c008674 05052883 lw               x17, 80(x10)        x17=3fb8e5ef x10:1c010fc4  PA:1c011014
18080121ns          305109 1c008678 0087a403 lw               x8, 8(x15)           x8=40d2ef84 x15:1c0109d0  PA:1c0109d8
18080420ns          305124 1c00867a 80737343 fmadd.s          f6, f6, f7, f16      f6=xxxxxxxx  f6:4167afb8  f7:3ea9eacd f16:42024503
18080439ns          305125 1c00867e 1116f8d3 fmul.s           f17, f13, f17       f17=xxxxxxxx f13:3feca445 f17:3fb8e5ef
18080459ns          305126 1c008682 07852803 lw               x16, 120(x10)       x16=408667d4 x10:1c010fc4  PA:1c01103c
18080758ns          305141 1c008686 00c7a383 lw               x7, 12(x15)          x7=40e0a6ee x15:1c0109d0  PA:1c0109dc
18081056ns          305156 1c00868a 3088f8c3 fmadd.s          f17, f17, f8, f6    f17=xxxxxxxx f17:402aea9d  f8:40d2ef84  f6:42157df3
18081076ns          305157 1c00868e 1106f853 fmul.s           f16, f13, f16       f16=xxxxxxxx f13:3feca445 f16:408667d4
18081096ns          305158 1c008692 0a052303 lw               x6, 160(x10)         x6=40659bce x10:1c010fc4  PA:1c011064
18081414ns          305174 1c008696 0107a403 lw               x8, 16(x15)          x8=410949c7 x15:1c0109d0  PA:1c0109e0
18081713ns          305189 1c008698 88787843 fmadd.s          f16, f16, f7, f17   f16=xxxxxxxx f16:40f87bec  f7:40e0a6ee f17:425be822
18081732ns          305190 1c00869c 1066f353 fmul.s           f6, f13, f6          f6=xxxxxxxx f13:3feca445  f6:40659bce
18081752ns          305191 1c0086a0 0c852883 lw               x17, 200(x10)       x17=3fdee99e x10:1c010fc4  PA:1c01108c
18082051ns          305206 1c0086a4 0147a383 lw               x7, 20(x15)          x7=40fc045f x15:1c0109d0  PA:1c0109e4
18082349ns          305221 1c0086a8 80837343 fmadd.s          f6, f6, f8, f16      f6=xxxxxxxx  f6:40d43ef8  f8:410949c7 f16:42dafb4c
18082369ns          305222 1c0086ac 1116f8d3 fmul.s           f17, f13, f17       f17=xxxxxxxx f13:3feca445 f17:3fdee99e
18082389ns          305223 1c0086b0 0f052803 lw               x16, 240(x10)       x16=3fd54413 x10:1c010fc4  PA:1c0110b4
18082707ns          305239 1c0086b4 0187a403 lw               x8, 24(x15)          x8=4075e4ea x15:1c0109d0  PA:1c0109e8
18083005ns          305254 1c0086b6 3078f8c3 fmadd.s          f17, f17, f7, f6    f17=xxxxxxxx f17:404e0e67  f7:40fc045f  f6:43266715
18083025ns          305255 1c0086ba 1106f853 fmul.s           f16, f13, f16       f16=xxxxxxxx f13:3feca445 f16:3fd54413
18083045ns          305256 1c0086be 11852303 lw               x6, 280(x10)         x6=40f61382 x10:1c010fc4  PA:1c0110dc
18083344ns          305271 1c0086c2 01c7a383 lw               x7, 28(x15)          x7=40951ac2 x15:1c0109d0  PA:1c0109ec
18083642ns          305286 1c0086c6 88887843 fmadd.s          f16, f16, f8, f17   f16=xxxxxxxx f16:4045239b  f8:4075e4ea f17:433fc24b
18083662ns          305287 1c0086ca 1066f353 fmul.s           f6, f13, f6          f6=xxxxxxxx f13:3feca445  f6:40f61382
18083682ns          305288 1c0086ce 14052883 lw               x17, 320(x10)       x17=401f68c5 x10:1c010fc4  PA:1c011104
18083980ns          305303 1c0086d2 0207a403 lw               x8, 32(x15)          x8=3fd3f108 x15:1c0109d0  PA:1c0109f0
18084278ns          305318 1c0086d4 80737343 fmadd.s          f6, f6, f7, f16      f6=xxxxxxxx  f6:416377e3  f7:40951ac2 f16:434b9801
18084298ns          305319 1c0086d8 1116f8d3 fmul.s           f17, f13, f17       f17=xxxxxxxx f13:3feca445 f17:401f68c5
18084318ns          305320 1c0086dc 16852803 lw               x16, 360(x10)       x16=411b09c3 x10:1c010fc4  PA:1c01112c
18084617ns          305335 1c0086e0 0247a383 lw               x7, 36(x15)          x7=3fdb9aaa x15:1c0109d0  PA:1c0109f4
18084915ns          305350 1c0086e4 3088f8c3 fmadd.s          f17, f17, f8, f6    f17=xxxxxxxx f17:40935ae0  f8:3fd3f108  f6:4386eb24
18084935ns          305351 1c0086e8 1106f853 fmul.s           f16, f13, f16       f16=xxxxxxxx f13:3feca445 f16:411b09c3
18084955ns          305352 1c0086ec 000ea303 lw               x6, 0(x29)           x6=40bf4167 x29:100016ac  PA:100016ac
18084975ns          305353 1c0086f0 02878793 addi             x15, x15, 40        x15=1c0109f8 x15:1c0109d0
18084994ns          305354 1c0086f4 88787843 fmadd.s          f16, f16, f7, f17   f16=xxxxxxxx f16:418f507c  f7:3fdb9aaa f17:438abb19
18085014ns          305355 1c0086f8 80e37843 fmadd.s          f16, f6, f14, f16   f16=xxxxxxxx  f6:40bf4167 f14:411d91fb f16:439a1927
18085034ns          305356 1c0086fc 030ea42b p.sw             x16, 40(x29!)       x29=100016d4 x16:43b78732 x29:100016ac  PA:100016ac
18085054ns          305357 1c008658 00052803 lw               x16, 0(x10)         x16=411e1709 x10:1c010fc4  PA:1c010fc4
18085372ns          305373 1c00865c 0007a883 lw               x17, 0(x15)         x17=40f724db x15:1c0109f8  PA:1c0109f8
18085671ns          305388 1c008660 1106f853 fmul.s           f16, f13, f16       f16=xxxxxxxx f13:3feca445 f16:411e1709
18085691ns          305389 1c008664 02852303 lw               x6, 40(x10)          x6=40faa3ad x10:1c010fc4  PA:1c010fec
18085989ns          305404 1c008668 0047a383 lw               x7, 4(x15)           x7=411ba4c3 x15:1c0109f8  PA:1c0109fc
18086287ns          305419 1c00866c f1187843 fmadd.s          f16, f16, f17, f30  f16=xxxxxxxx f16:419222ae f17:40f724db f30:00000000
18086307ns          305420 1c008670 1066f353 fmul.s           f6, f13, f6          f6=xxxxxxxx f13:3feca445  f6:40faa3ad
18086327ns          305421 1c008674 05052883 lw               x17, 80(x10)        x17=3fb8e5ef x10:1c010fc4  PA:1c011014
18086626ns          305436 1c008678 0087a403 lw               x8, 8(x15)           x8=411378f2 x15:1c0109f8  PA:1c010a00
18086924ns          305451 1c00867a 80737343 fmadd.s          f6, f6, f7, f16      f6=xxxxxxxx  f6:4167afb8  f7:411ba4c3 f16:430d1480
18086944ns          305452 1c00867e 1116f8d3 fmul.s           f17, f13, f17       f17=xxxxxxxx f13:3feca445 f17:3fb8e5ef
18086964ns          305453 1c008682 07852803 lw               x16, 120(x10)       x16=408667d4 x10:1c010fc4  PA:1c01103c
18087262ns          305468 1c008686 00c7a383 lw               x7, 12(x15)          x7=408ce3e2 x15:1c0109f8  PA:1c010a04
18087560ns          305483 1c00868a 3088f8c3 fmadd.s          f17, f17, f8, f6    f17=xxxxxxxx f17:402aea9d  f8:411378f2  f6:438cf881
18087580ns          305484 1c00868e 1106f853 fmul.s           f16, f13, f16       f16=xxxxxxxx f13:3feca445 f16:408667d4
18087600ns          305485 1c008692 0a052303 lw               x6, 160(x10)         x6=40659bce x10:1c010fc4  PA:1c011064
18087899ns          305500 1c008696 0107a403 lw               x8, 16(x15)          x8=3f897409 x15:1c0109f8  PA:1c010a08
18088197ns          305515 1c008698 88787843 fmadd.s          f16, f16, f7, f17   f16=xxxxxxxx f16:40f87bec  f7:408ce3e2 f17:43994730
18088217ns          305516 1c00869c 1066f353 fmul.s           f6, f13, f6          f6=xxxxxxxx f13:3feca445  f6:40659bce
18088237ns          305517 1c0086a0 0c852883 lw               x17, 200(x10)       x17=3fdee99e x10:1c010fc4  PA:1c01108c
18088535ns          305532 1c0086a4 0147a383 lw               x7, 20(x15)          x7=4086046f x15:1c0109f8  PA:1c010a0c
18088833ns          305547 1c0086a8 80837343 fmadd.s          f6, f6, f8, f16      f6=xxxxxxxx  f6:40d43ef8  f8:3f897409 f16:43aa5f4f
18088853ns          305548 1c0086ac 1116f8d3 fmul.s           f17, f13, f17       f17=xxxxxxxx f13:3feca445 f17:3fdee99e
18088873ns          305549 1c0086b0 0f052803 lw               x16, 240(x10)       x16=3fd54413 x10:1c010fc4  PA:1c0110b4
18089172ns          305564 1c0086b4 0187a403 lw               x8, 24(x15)          x8=40fb0608 x15:1c0109f8  PA:1c010a10
18089470ns          305579 1c0086b6 3078f8c3 fmadd.s          f17, f17, f7, f6    f17=xxxxxxxx f17:404e0e67  f7:4086046f  f6:43adeefe
18089490ns          305580 1c0086ba 1106f853 fmul.s           f16, f13, f16       f16=xxxxxxxx f13:3feca445 f16:3fd54413
18089510ns          305581 1c0086be 11852303 lw               x6, 280(x10)         x6=40f61382 x10:1c010fc4  PA:1c0110dc
18089808ns          305596 1c0086c2 01c7a383 lw               x7, 28(x15)          x7=40af8cda x15:1c0109f8  PA:1c010a14
18090106ns          305611 1c0086c6 88887843 fmadd.s          f16, f16, f8, f17   f16=xxxxxxxx f16:4045239b  f8:40fb0608 f17:43b4acf0
18090126ns          305612 1c0086ca 1066f353 fmul.s           f6, f13, f6          f6=xxxxxxxx f13:3feca445  f6:40f61382
18090146ns          305613 1c0086ce 14052883 lw               x17, 320(x10)       x17=401f68c5 x10:1c010fc4  PA:1c011104
18090445ns          305628 1c0086d2 0207a403 lw               x8, 32(x15)          x8=4103c68f x15:1c0109f8  PA:1c010a18
18090763ns          305644 1c0086d4 80737343 fmadd.s          f6, f6, f7, f16      f6=xxxxxxxx  f6:416377e3  f7:40af8cda f16:43c0c1d9
18090783ns          305645 1c0086d8 1116f8d3 fmul.s           f17, f13, f17       f17=xxxxxxxx f13:3feca445 f17:401f68c5
18090803ns          305646 1c0086dc 16852803 lw               x16, 360(x10)       x16=411b09c3 x10:1c010fc4  PA:1c01112c
18091101ns          305661 1c0086e0 0247a383 lw               x7, 36(x15)          x7=3fe22155 x15:1c0109f8  PA:1c010a1c
18091399ns          305676 1c0086e4 3088f8c3 fmadd.s          f17, f17, f8, f6    f17=xxxxxxxx f17:40935ae0  f8:4103c68f  f6:43e7c0e0
18091419ns          305677 1c0086e8 1106f853 fmul.s           f16, f13, f16       f16=xxxxxxxx f13:3feca445 f16:411b09c3
18091439ns          305678 1c0086ec 000ea303 lw               x6, 0(x29)           x6=40a726be x29:100016d4  PA:100016d4
18091459ns          305679 1c0086f0 02878793 addi             x15, x15, 40        x15=1c010a20 x15:1c0109f8
18091479ns          305680 1c0086f4 88787843 fmadd.s          f16, f16, f7, f17   f16=xxxxxxxx f16:418f507c  f7:3fe22155 f17:43fab753
18091499ns          305681 1c0086f8 80e37843 fmadd.s          f16, f6, f14, f16   f16=xxxxxxxx  f6:40a726be f14:411d91fb f16:44054525
18091519ns          305682 1c0086fc 030ea42b p.sw             x16, 40(x29!)       x29=100016fc x16:44122167 x29:100016d4  PA:100016d4
18091539ns          305683 1c008658 00052803 lw               x16, 0(x10)         x16=411e1709 x10:1c010fc4  PA:1c010fc4
18091837ns          305698 1c00865c 0007a883 lw               x17, 0(x15)         x17=40f0265f x15:1c010a20  PA:1c010a20
18092135ns          305713 1c008660 1106f853 fmul.s           f16, f13, f16       f16=xxxxxxxx f13:3feca445 f16:411e1709
18092155ns          305714 1c008664 02852303 lw               x6, 40(x10)          x6=40faa3ad x10:1c010fc4  PA:1c010fec
18092454ns          305729 1c008668 0047a383 lw               x7, 4(x15)           x7=41013d49 x15:1c010a20  PA:1c010a24
18092752ns          305744 1c00866c f1187843 fmadd.s          f16, f16, f17, f30  f16=xxxxxxxx f16:419222ae f17:40f0265f f30:00000000
18092772ns          305745 1c008670 1066f353 fmul.s           f6, f13, f6          f6=xxxxxxxx f13:3feca445  f6:40faa3ad
18092792ns          305746 1c008674 05052883 lw               x17, 80(x10)        x17=3fb8e5ef x10:1c010fc4  PA:1c011014
18093090ns          305761 1c008678 0087a403 lw               x8, 8(x15)           x8=410d16c3 x15:1c010a20  PA:1c010a28
18093408ns          305777 1c00867a 80737343 fmadd.s          f6, f6, f7, f16      f6=xxxxxxxx  f6:4167afb8  f7:41013d49 f16:4309166b
18093428ns          305778 1c00867e 1116f8d3 fmul.s           f17, f13, f17       f17=xxxxxxxx f13:3feca445 f17:3fb8e5ef
18093448ns          305779 1c008682 07852803 lw               x16, 120(x10)       x16=408667d4 x10:1c010fc4  PA:1c01103c
18093746ns          305794 1c008686 00c7a383 lw               x7, 12(x15)          x7=3e34584b x15:1c010a20  PA:1c010a2c
18094045ns          305809 1c00868a 3088f8c3 fmadd.s          f17, f17, f8, f6    f17=xxxxxxxx f17:402aea9d  f8:410d16c3  f6:437e0d6e
18094065ns          305810 1c00868e 1106f853 fmul.s           f16, f13, f16       f16=xxxxxxxx f13:3feca445 f16:408667d4
18094085ns          305811 1c008692 0a052303 lw               x6, 160(x10)         x6=40659bce x10:1c010fc4  PA:1c011064
18094383ns          305826 1c008696 0107a403 lw               x8, 16(x15)          x8=3f506ce1 x15:1c010a20  PA:1c010a30
18094701ns          305842 1c008698 88787843 fmadd.s          f16, f16, f7, f17   f16=xxxxxxxx f16:40f87bec  f7:3e34584b f17:438acd04
18094721ns          305843 1c00869c 1066f353 fmul.s           f6, f13, f6          f6=xxxxxxxx f13:3feca445  f6:40659bce
18094741ns          305844 1c0086a0 0c852883 lw               x17, 200(x10)       x17=3fdee99e x10:1c010fc4  PA:1c01108c
18095039ns          305859 1c0086a4 0147a383 lw               x7, 20(x15)          x7=3e040bf5 x15:1c010a20  PA:1c010a34
18095338ns          305874 1c0086a8 80837343 fmadd.s          f6, f6, f8, f16      f6=xxxxxxxx  f6:40d43ef8  f8:3f506ce1 f16:438b7c11
18095358ns          305875 1c0086ac 1116f8d3 fmul.s           f17, f13, f17       f17=xxxxxxxx f13:3feca445 f17:3fdee99e
18095377ns          305876 1c0086b0 0f052803 lw               x16, 240(x10)       x16=3fd54413 x10:1c010fc4  PA:1c0110b4
18095676ns          305891 1c0086b4 0187a403 lw               x8, 24(x15)          x8=40fe5cb5 x15:1c010a20  PA:1c010a38
18095994ns          305907 1c0086b6 3078f8c3 fmadd.s          f17, f17, f7, f6    f17=xxxxxxxx f17:404e0e67  f7:3e040bf5  f6:438e2f47
18096014ns          305908 1c0086ba 1106f853 fmul.s           f16, f13, f16       f16=xxxxxxxx f13:3feca445 f16:3fd54413
18096034ns          305909 1c0086be 11852303 lw               x6, 280(x10)         x6=40f61382 x10:1c010fc4  PA:1c0110dc
18096332ns          305924 1c0086c2 01c7a383 lw               x7, 28(x15)          x7=40a2573d x15:1c010a20  PA:1c010a3c
18096631ns          305939 1c0086c6 88887843 fmadd.s          f16, f16, f8, f17   f16=xxxxxxxx f16:4045239b  f8:40fe5cb5 f17:438e646c
18096650ns          305940 1c0086ca 1066f353 fmul.s           f6, f13, f6          f6=xxxxxxxx f13:3feca445  f6:40f61382
18096670ns          305941 1c0086ce 14052883 lw               x17, 320(x10)       x17=401f68c5 x10:1c010fc4  PA:1c011104
18096969ns          305956 1c0086d2 0207a403 lw               x8, 32(x15)          x8=408592b1 x15:1c010a20  PA:1c010a40
18097267ns          305971 1c0086d4 80737343 fmadd.s          f6, f6, f7, f16      f6=xxxxxxxx  f6:416377e3  f7:40a2573d f16:439aa277
18097287ns          305972 1c0086d8 1116f8d3 fmul.s           f17, f13, f17       f17=xxxxxxxx f13:3feca445 f17:401f68c5
18097307ns          305973 1c0086dc 16852803 lw               x16, 360(x10)       x16=411b09c3 x10:1c010fc4  PA:1c01112c
18097605ns          305988 1c0086e0 0247a383 lw               x7, 36(x15)          x7=411ba146 x15:1c010a20  PA:1c010a44
18097904ns          306003 1c0086e4 3088f8c3 fmadd.s          f17, f17, f8, f6    f17=xxxxxxxx f17:40935ae0  f8:408592b1  f6:43beb24f
18097923ns          306004 1c0086e8 1106f853 fmul.s           f16, f13, f16       f16=xxxxxxxx f13:3feca445 f16:411b09c3
18097943ns          306005 1c0086ec 000ea303 lw               x6, 0(x29)           x6=4042ef3f x29:100016fc  PA:100016fc
18097963ns          306006 1c0086f0 02878793 addi             x15, x15, 40        x15=1c010a48 x15:1c010a20
18097983ns          306007 1c0086f4 88787843 fmadd.s          f16, f16, f7, f17   f16=xxxxxxxx f16:418f507c  f7:411ba146 f17:43c84ea4
18098003ns          306008 1c0086f8 80e37843 fmadd.s          f16, f6, f14, f16   f16=xxxxxxxx  f6:4042ef3f f14:411d91fb f16:440fb754
18098023ns          306009 1c0086fc 030ea42b p.sw             x16, 40(x29!)       x29=10001724 x16:44173712 x29:100016fc  PA:100016fc
18098043ns          306010 1c008658 00052803 lw               x16, 0(x10)         x16=411e1709 x10:1c010fc4  PA:1c010fc4
18098341ns          306025 1c00865c 0007a883 lw               x17, 0(x15)         x17=4078e623 x15:1c010a48  PA:1c010a48
18098659ns          306041 1c008660 1106f853 fmul.s           f16, f13, f16       f16=xxxxxxxx f13:3feca445 f16:411e1709
18098679ns          306042 1c008664 02852303 lw               x6, 40(x10)          x6=40faa3ad x10:1c010fc4  PA:1c010fec
18098978ns          306057 1c008668 0047a383 lw               x7, 4(x15)           x7=411e469f x15:1c010a48  PA:1c010a4c
18099276ns          306072 1c00866c f1187843 fmadd.s          f16, f16, f17, f30  f16=xxxxxxxx f16:419222ae f17:4078e623 f30:00000000
18099296ns          306073 1c008670 1066f353 fmul.s           f6, f13, f6          f6=xxxxxxxx f13:3feca445  f6:40faa3ad
18099316ns          306074 1c008674 05052883 lw               x17, 80(x10)        x17=3fb8e5ef x10:1c010fc4  PA:1c011014
18099614ns          306089 1c008678 0087a403 lw               x8, 8(x15)           x8=4048d101 x15:1c010a48  PA:1c010a50
18099913ns          306104 1c00867a 80737343 fmadd.s          f6, f6, f7, f16      f6=xxxxxxxx  f6:4167afb8  f7:411e469f f16:428e14f8
18099932ns          306105 1c00867e 1116f8d3 fmul.s           f17, f13, f17       f17=xxxxxxxx f13:3feca445 f17:3fb8e5ef
18099952ns          306106 1c008682 07852803 lw               x16, 120(x10)       x16=408667d4 x10:1c010fc4  PA:1c01103c
18100251ns          306121 1c008686 00c7a383 lw               x7, 12(x15)          x7=3d5f1afd x15:1c010a48  PA:1c010a54
18100549ns          306136 1c00868a 3088f8c3 fmadd.s          f17, f17, f8, f6    f17=xxxxxxxx f17:402aea9d  f8:4048d101  f6:435648da
18100569ns          306137 1c00868e 1106f853 fmul.s           f16, f13, f16       f16=xxxxxxxx f13:3feca445 f16:408667d4
18100589ns          306138 1c008692 0a052303 lw               x6, 160(x10)         x6=40659bce x10:1c010fc4  PA:1c011064
18100887ns          306153 1c008696 0107a403 lw               x8, 16(x15)          x8=40b22bd1 x15:1c010a48  PA:1c010a58
18101186ns          306168 1c008698 88787843 fmadd.s          f16, f16, f7, f17   f16=xxxxxxxx f16:40f87bec  f7:3d5f1afd f17:435eaa07
18101205ns          306169 1c00869c 1066f353 fmul.s           f6, f13, f6          f6=xxxxxxxx f13:3feca445  f6:40659bce
18101225ns          306170 1c0086a0 0c852883 lw               x17, 200(x10)       x17=3fdee99e x10:1c010fc4  PA:1c01108c
18101524ns          306185 1c0086a4 0147a383 lw               x7, 20(x15)          x7=411f58cb x15:1c010a48  PA:1c010a5c
18101822ns          306200 1c0086a8 80837343 fmadd.s          f6, f6, f8, f16      f6=xxxxxxxx  f6:40d43ef8  f8:40b22bd1 f16:435f164e
18101842ns          306201 1c0086ac 1116f8d3 fmul.s           f17, f13, f17       f17=xxxxxxxx f13:3feca445 f17:3fdee99e
18101862ns          306202 1c0086b0 0f052803 lw               x16, 240(x10)       x16=3fd54413 x10:1c010fc4  PA:1c0110b4
18102160ns          306217 1c0086b4 0187a403 lw               x8, 24(x15)          x8=3f232023 x15:1c010a48  PA:1c010a60
18102459ns          306232 1c0086b6 3078f8c3 fmadd.s          f17, f17, f7, f6    f17=xxxxxxxx f17:404e0e67  f7:411f58cb  f6:4382022b
18102478ns          306233 1c0086ba 1106f853 fmul.s           f16, f13, f16       f16=xxxxxxxx f13:3feca445 f16:3fd54413
18102498ns          306234 1c0086be 11852303 lw               x6, 280(x10)         x6=40f61382 x10:1c010fc4  PA:1c0110dc
18102797ns          306249 1c0086c2 01c7a383 lw               x7, 28(x15)          x7=40c03075 x15:1c010a48  PA:1c010a64
18103095ns          306264 1c0086c6 88887843 fmadd.s          f16, f16, f8, f17   f16=xxxxxxxx f16:4045239b  f8:3f232023 f17:43920a78
18103115ns          306265 1c0086ca 1066f353 fmul.s           f6, f13, f6          f6=xxxxxxxx f13:3feca445  f6:40f61382
18103135ns          306266 1c0086ce 14052883 lw               x17, 320(x10)       x17=401f68c5 x10:1c010fc4  PA:1c011104
18103433ns          306281 1c0086d2 0207a403 lw               x8, 32(x15)          x8=40803562 x15:1c010a48  PA:1c010a68
18103732ns          306296 1c0086d4 80737343 fmadd.s          f6, f6, f7, f16      f6=xxxxxxxx  f6:416377e3  f7:40c03075 f16:439305b5
18103751ns          306297 1c0086d8 1116f8d3 fmul.s           f17, f13, f17       f17=xxxxxxxx f13:3feca445 f17:401f68c5
18103771ns          306298 1c0086dc 16852803 lw               x16, 360(x10)       x16=411b09c3 x10:1c010fc4  PA:1c01112c
18104090ns          306314 1c0086e0 0247a383 lw               x7, 36(x15)          x7=4118157a x15:1c010a48  PA:1c010a6c
18104388ns          306329 1c0086e4 3088f8c3 fmadd.s          f17, f17, f8, f6    f17=xxxxxxxx f17:40935ae0  f8:40803562  f6:43bdb6f3
18104408ns          306330 1c0086e8 1106f853 fmul.s           f16, f13, f16       f16=xxxxxxxx f13:3feca445 f16:411b09c3
18104428ns          306331 1c0086ec 000ea303 lw               x6, 0(x29)           x6=3f777ca5 x29:10001724  PA:10001724
18104448ns          306332 1c0086f0 02878793 addi             x15, x15, 40        x15=1c010a70 x15:1c010a48
18104468ns          306333 1c0086f4 88787843 fmadd.s          f16, f16, f7, f17   f16=xxxxxxxx f16:418f507c  f7:4118157a f17:43c6f078
18104487ns          306334 1c0086f8 80e37843 fmadd.s          f16, f6, f14, f16   f16=xxxxxxxx  f6:3f777ca5 f14:411d91fb f16:440e0a24
18104507ns          306335 1c0086fc 030ea42b p.sw             x16, 40(x29!)       x29=1000174c x16:44106b76 x29:10001724  PA:10001724
18104527ns          306336 1c008658 00052803 lw               x16, 0(x10)         x16=411e1709 x10:1c010fc4  PA:1c010fc4
18104826ns          306351 1c00865c 0007a883 lw               x17, 0(x15)         x17=41136705 x15:1c010a70  PA:1c010a70
18105124ns          306366 1c008660 1106f853 fmul.s           f16, f13, f16       f16=xxxxxxxx f13:3feca445 f16:411e1709
18105144ns          306367 1c008664 02852303 lw               x6, 40(x10)          x6=40faa3ad x10:1c010fc4  PA:1c010fec
18105442ns          306382 1c008668 0047a383 lw               x7, 4(x15)           x7=40b4c386 x15:1c010a70  PA:1c010a74
18105760ns          306398 1c00866c f1187843 fmadd.s          f16, f16, f17, f30  f16=xxxxxxxx f16:419222ae f17:41136705 f30:00000000
18105780ns          306399 1c008670 1066f353 fmul.s           f6, f13, f6          f6=xxxxxxxx f13:3feca445  f6:40faa3ad
18105800ns          306400 1c008674 05052883 lw               x17, 80(x10)        x17=3fb8e5ef x10:1c010fc4  PA:1c011014
18106099ns          306415 1c008678 0087a403 lw               x8, 8(x15)           x8=3f268635 x15:1c010a70  PA:1c010a78
18106397ns          306430 1c00867a 80737343 fmadd.s          f6, f6, f7, f16      f6=xxxxxxxx  f6:4167afb8  f7:40b4c386 f16:43284971
18106417ns          306431 1c00867e 1116f8d3 fmul.s           f17, f13, f17       f17=xxxxxxxx f13:3feca445 f17:3fb8e5ef
18106437ns          306432 1c008682 07852803 lw               x16, 120(x10)       x16=408667d4 x10:1c010fc4  PA:1c01103c
18106755ns          306448 1c008686 00c7a383 lw               x7, 12(x15)          x7=3fc63485 x15:1c010a70  PA:1c010a7c
18107053ns          306463 1c00868a 3088f8c3 fmadd.s          f17, f17, f8, f6    f17=xxxxxxxx f17:402aea9d  f8:3f268635  f6:437a15b2
18107073ns          306464 1c00868e 1106f853 fmul.s           f16, f13, f16       f16=xxxxxxxx f13:3feca445 f16:408667d4
18107093ns          306465 1c008692 0a052303 lw               x6, 160(x10)         x6=40659bce x10:1c010fc4  PA:1c011064
18107391ns          306480 1c008696 0107a403 lw               x8, 16(x15)          x8=3fb22991 x15:1c010a70  PA:1c010a80
18107690ns          306495 1c008698 88787843 fmadd.s          f16, f16, f7, f17   f16=xxxxxxxx f16:40f87bec  f7:3fc63485 f17:437bd269
18107710ns          306496 1c00869c 1066f353 fmul.s           f6, f13, f6          f6=xxxxxxxx f13:3feca445  f6:40659bce
18107730ns          306497 1c0086a0 0c852883 lw               x17, 200(x10)       x17=3fdee99e x10:1c010fc4  PA:1c01108c
18108048ns          306513 1c0086a4 0147a383 lw               x7, 20(x15)          x7=3f30486e x15:1c010a70  PA:1c010a84
18108346ns          306528 1c0086a8 80837343 fmadd.s          f6, f6, f8, f16      f6=xxxxxxxx  f6:40d43ef8  f8:3fb22991 f16:4383ec4b
18108366ns          306529 1c0086ac 1116f8d3 fmul.s           f17, f13, f17       f17=xxxxxxxx f13:3feca445 f17:3fdee99e
18108386ns          306530 1c0086b0 0f052803 lw               x16, 240(x10)       x16=3fd54413 x10:1c010fc4  PA:1c0110b4
18108684ns          306545 1c0086b4 0187a403 lw               x8, 24(x15)          x8=40bff5ca x15:1c010a70  PA:1c010a88
18108983ns          306560 1c0086b6 3078f8c3 fmadd.s          f17, f17, f7, f6    f17=xxxxxxxx f17:404e0e67  f7:3f30486e  f6:438889fd
18109003ns          306561 1c0086ba 1106f853 fmul.s           f16, f13, f16       f16=xxxxxxxx f13:3feca445 f16:3fd54413
18109023ns          306562 1c0086be 11852303 lw               x6, 280(x10)         x6=40f61382 x10:1c010fc4  PA:1c0110dc
18109341ns          306578 1c0086c2 01c7a383 lw               x7, 28(x15)          x7=40907c75 x15:1c010a70  PA:1c010a8c
18109639ns          306593 1c0086c6 88887843 fmadd.s          f16, f16, f8, f17   f16=xxxxxxxx f16:4045239b  f8:40bff5ca f17:4389a5c5
18109659ns          306594 1c0086ca 1066f353 fmul.s           f6, f13, f6          f6=xxxxxxxx f13:3feca445  f6:40f61382
18109679ns          306595 1c0086ce 14052883 lw               x17, 320(x10)       x17=401f68c5 x10:1c010fc4  PA:1c011104
18109977ns          306610 1c0086d2 0207a403 lw               x8, 32(x15)          x8=40f2aadf x15:1c010a70  PA:1c010a90
18110276ns          306625 1c0086d4 80737343 fmadd.s          f6, f6, f7, f16      f6=xxxxxxxx  f6:416377e3  f7:40907c75 f16:4392e2f2
18110296ns          306626 1c0086d8 1116f8d3 fmul.s           f17, f13, f17       f17=xxxxxxxx f13:3feca445 f17:401f68c5
18110315ns          306627 1c0086dc 16852803 lw               x16, 360(x10)       x16=411b09c3 x10:1c010fc4  PA:1c01112c
18110634ns          306643 1c0086e0 0247a383 lw               x7, 36(x15)          x7=40a1b290 x15:1c010a70  PA:1c010a94
18110932ns          306658 1c0086e4 3088f8c3 fmadd.s          f17, f17, f8, f6    f17=xxxxxxxx f17:40935ae0  f8:40f2aadf  f6:43b2fb73
18110952ns          306659 1c0086e8 1106f853 fmul.s           f16, f13, f16       f16=xxxxxxxx f13:3feca445 f16:411b09c3
18110972ns          306660 1c0086ec 000ea303 lw               x6, 0(x29)           x6=411ae920 x29:1000174c  PA:1000174c
18110992ns          306661 1c0086f0 02878793 addi             x15, x15, 40        x15=1c010a98 x15:1c010a70
18111012ns          306662 1c0086f4 88787843 fmadd.s          f16, f16, f7, f17   f16=xxxxxxxx f16:418f507c  f7:40a1b290 f17:43c4713b
18111031ns          306663 1c0086f8 80e37843 fmadd.s          f16, f6, f14, f16   f16=xxxxxxxx  f6:411ae920 f14:411d91fb f16:43f1b405
18111051ns          306664 1c0086fc 030ea42b p.sw             x16, 40(x29!)       x29=10001774 x16:4410b056 x29:1000174c  PA:1000174c
18111071ns          306665 1c008658 00052803 lw               x16, 0(x10)         x16=411e1709 x10:1c010fc4  PA:1c010fc4
18111370ns          306680 1c00865c 0007a883 lw               x17, 0(x15)         x17=410c7726 x15:1c010a98  PA:1c010a98
18111668ns          306695 1c008660 1106f853 fmul.s           f16, f13, f16       f16=xxxxxxxx f13:3feca445 f16:411e1709
18111688ns          306696 1c008664 02852303 lw               x6, 40(x10)          x6=40faa3ad x10:1c010fc4  PA:1c010fec
18112006ns          306712 1c008668 0047a383 lw               x7, 4(x15)           x7=409cc11d x15:1c010a98  PA:1c010a9c
18112304ns          306727 1c00866c f1187843 fmadd.s          f16, f16, f17, f30  f16=xxxxxxxx f16:419222ae f17:410c7726 f30:00000000
18112324ns          306728 1c008670 1066f353 fmul.s           f6, f13, f6          f6=xxxxxxxx f13:3feca445  f6:40faa3ad
18112344ns          306729 1c008674 05052883 lw               x17, 80(x10)        x17=3fb8e5ef x10:1c010fc4  PA:1c011014
18112643ns          306744 1c008678 0087a403 lw               x8, 8(x15)           x8=410e9b66 x15:1c010a98  PA:1c010aa0
18112941ns          306759 1c00867a 80737343 fmadd.s          f6, f6, f7, f16      f6=xxxxxxxx  f6:4167afb8  f7:409cc11d f16:43205df6
18112961ns          306760 1c00867e 1116f8d3 fmul.s           f17, f13, f17       f17=xxxxxxxx f13:3feca445 f17:3fb8e5ef
18112981ns          306761 1c008682 07852803 lw               x16, 120(x10)       x16=408667d4 x10:1c010fc4  PA:1c01103c
18113299ns          306777 1c008686 00c7a383 lw               x7, 12(x15)          x7=4111146c x15:1c010a98  PA:1c010aa4
18113597ns          306792 1c00868a 3088f8c3 fmadd.s          f17, f17, f8, f6    f17=xxxxxxxx f17:402aea9d  f8:410e9b66  f6:43674ce3
18113617ns          306793 1c00868e 1106f853 fmul.s           f16, f13, f16       f16=xxxxxxxx f13:3feca445 f16:408667d4
18113637ns          306794 1c008692 0a052303 lw               x6, 160(x10)         x6=40659bce x10:1c010fc4  PA:1c011064
18113936ns          306809 1c008696 0107a403 lw               x8, 16(x15)          x8=411cf295 x15:1c010a98  PA:1c010aa8
18114234ns          306824 1c008698 88787843 fmadd.s          f16, f16, f7, f17   f16=xxxxxxxx f16:40f87bec  f7:4111146c f17:437f1a5c
18114254ns          306825 1c00869c 1066f353 fmul.s           f6, f13, f6          f6=xxxxxxxx f13:3feca445  f6:40659bce
18114274ns          306826 1c0086a0 0c852883 lw               x17, 200(x10)       x17=3fdee99e x10:1c010fc4  PA:1c01108c
18114572ns          306841 1c0086a4 0147a383 lw               x7, 20(x15)          x7=410e9e20 x15:1c010a98  PA:1c010aac
18114870ns          306856 1c0086a8 80837343 fmadd.s          f6, f6, f8, f16      f6=xxxxxxxx  f6:40d43ef8  f8:411cf295 f16:43a2c1af
18114890ns          306857 1c0086ac 1116f8d3 fmul.s           f17, f13, f17       f17=xxxxxxxx f13:3feca445 f17:3fdee99e
18114910ns          306858 1c0086b0 0f052803 lw               x16, 240(x10)       x16=3fd54413 x10:1c010fc4  PA:1c0110b4
18115209ns          306873 1c0086b4 0187a403 lw               x8, 24(x15)          x8=4117932f x15:1c010a98  PA:1c010ab0
18115507ns          306888 1c0086b6 3078f8c3 fmadd.s          f17, f17, f7, f6    f17=xxxxxxxx f17:404e0e67  f7:410e9e20  f6:43c3498f
18115527ns          306889 1c0086ba 1106f853 fmul.s           f16, f13, f16       f16=xxxxxxxx f13:3feca445 f16:3fd54413
18115547ns          306890 1c0086be 11852303 lw               x6, 280(x10)         x6=40f61382 x10:1c010fc4  PA:1c0110dc
18115845ns          306905 1c0086c2 01c7a383 lw               x7, 28(x15)          x7=409564dd x15:1c010a98  PA:1c010ab4
18116143ns          306920 1c0086c6 88887843 fmadd.s          f16, f16, f8, f17   f16=xxxxxxxx f16:4045239b  f8:4117932f f17:43d1a2f7
18116163ns          306921 1c0086ca 1066f353 fmul.s           f6, f13, f6          f6=xxxxxxxx f13:3feca445  f6:40f61382
18116183ns          306922 1c0086ce 14052883 lw               x17, 320(x10)       x17=401f68c5 x10:1c010fc4  PA:1c011104
18116482ns          306937 1c0086d2 0207a403 lw               x8, 32(x15)          x8=4093773f x15:1c010a98  PA:1c010ab8
18116780ns          306952 1c0086d4 80737343 fmadd.s          f6, f6, f7, f16      f6=xxxxxxxx  f6:416377e3  f7:409564dd f16:43e03a22
18116800ns          306953 1c0086d8 1116f8d3 fmul.s           f17, f13, f17       f17=xxxxxxxx f13:3feca445 f17:401f68c5
18116820ns          306954 1c0086dc 16852803 lw               x16, 360(x10)       x16=411b09c3 x10:1c010fc4  PA:1c01112c
18117118ns          306969 1c0086e0 0247a383 lw               x7, 36(x15)          x7=40848fc1 x15:1c010a98  PA:1c010abc
18117416ns          306984 1c0086e4 3088f8c3 fmadd.s          f17, f17, f8, f6    f17=xxxxxxxx f17:40935ae0  f8:4093773f  f6:4400b4de
18117436ns          306985 1c0086e8 1106f853 fmul.s           f16, f13, f16       f16=xxxxxxxx f13:3feca445 f16:411b09c3
18117456ns          306986 1c0086ec 000ea303 lw               x6, 0(x29)           x6=411b6f74 x29:10001774  PA:10001774
18117476ns          306987 1c0086f0 02878793 addi             x15, x15, 40        x15=1c010ac0 x15:1c010a98
18117496ns          306988 1c0086f4 88787843 fmadd.s          f16, f16, f7, f17   f16=xxxxxxxx f16:418f507c  f7:40848fc1 f17:440602fb
18117516ns          306989 1c0086f8 80e37843 fmadd.s          f16, f6, f14, f16   f16=xxxxxxxx  f6:411b6f74 f14:411d91fb f16:44189079
18117536ns          306990 1c0086fc 030ea42b p.sw             x16, 40(x29!)       x29=1000179c x16:44307b78 x29:10001774  PA:10001774
18117556ns          306991 1c008658 00052803 lw               x16, 0(x10)         x16=411e1709 x10:1c010fc4  PA:1c010fc4
18117854ns          307006 1c00865c 0007a883 lw               x17, 0(x15)         x17=3f715ac3 x15:1c010ac0  PA:1c010ac0
18118152ns          307021 1c008660 1106f853 fmul.s           f16, f13, f16       f16=xxxxxxxx f13:3feca445 f16:411e1709
18118172ns          307022 1c008664 02852303 lw               x6, 40(x10)          x6=40faa3ad x10:1c010fc4  PA:1c010fec
18118471ns          307037 1c008668 0047a383 lw               x7, 4(x15)           x7=4048040c x15:1c010ac0  PA:1c010ac4
18118769ns          307052 1c00866c f1187843 fmadd.s          f16, f16, f17, f30  f16=xxxxxxxx f16:419222ae f17:3f715ac3 f30:00000000
18118789ns          307053 1c008670 1066f353 fmul.s           f6, f13, f6          f6=xxxxxxxx f13:3feca445  f6:40faa3ad
18118809ns          307054 1c008674 05052883 lw               x17, 80(x10)        x17=3fb8e5ef x10:1c010fc4  PA:1c011014
18119107ns          307069 1c008678 0087a403 lw               x8, 8(x15)           x8=408e450e x15:1c010ac0  PA:1c010ac8
18119405ns          307084 1c00867a 80737343 fmadd.s          f6, f6, f7, f16      f6=xxxxxxxx  f6:4167afb8  f7:4048040c f16:4189c675
18119425ns          307085 1c00867e 1116f8d3 fmul.s           f17, f13, f17       f17=xxxxxxxx f13:3feca445 f17:3fb8e5ef
18119445ns          307086 1c008682 07852803 lw               x16, 120(x10)       x16=408667d4 x10:1c010fc4  PA:1c01103c
18119744ns          307101 1c008686 00c7a383 lw               x7, 12(x15)          x7=4107c1ec x15:1c010ac0  PA:1c010acc
18120062ns          307117 1c00868a 3088f8c3 fmadd.s          f17, f17, f8, f6    f17=xxxxxxxx f17:402aea9d  f8:408e450e  f6:4279e82c
18120082ns          307118 1c00868e 1106f853 fmul.s           f16, f13, f16       f16=xxxxxxxx f13:3feca445 f16:408667d4
18120102ns          307119 1c008692 0a052303 lw               x6, 160(x10)         x6=40659bce x10:1c010fc4  PA:1c011064
18120400ns          307134 1c008696 0107a403 lw               x8, 16(x15)          x8=4095fac3 x15:1c010ac0  PA:1c010ad0
18120698ns          307149 1c008698 88787843 fmadd.s          f16, f16, f7, f17   f16=xxxxxxxx f16:40f87bec  f7:4107c1ec f17:4294b325
18120718ns          307150 1c00869c 1066f353 fmul.s           f6, f13, f6          f6=xxxxxxxx f13:3feca445  f6:40659bce
18120738ns          307151 1c0086a0 0c852883 lw               x17, 200(x10)       x17=3fdee99e x10:1c010fc4  PA:1c01108c
18121037ns          307166 1c0086a4 0147a383 lw               x7, 20(x15)          x7=41121d4e x15:1c010ac0  PA:1c010ad4
18121355ns          307182 1c0086a8 80837343 fmadd.s          f6, f6, f8, f16      f6=xxxxxxxx  f6:40d43ef8  f8:4095fac3 f16:430c3c5c
18121375ns          307183 1c0086ac 1116f8d3 fmul.s           f17, f13, f17       f17=xxxxxxxx f13:3feca445 f17:3fdee99e
18121395ns          307184 1c0086b0 0f052803 lw               x16, 240(x10)       x16=3fd54413 x10:1c010fc4  PA:1c0110b4
18121693ns          307199 1c0086b4 0187a403 lw               x8, 24(x15)          x8=3ff1facf x15:1c010ac0  PA:1c010ad8
18121991ns          307214 1c0086b6 3078f8c3 fmadd.s          f17, f17, f7, f6    f17=xxxxxxxx f17:404e0e67  f7:41121d4e  f6:432b527f
18122011ns          307215 1c0086ba 1106f853 fmul.s           f16, f13, f16       f16=xxxxxxxx f13:3feca445 f16:3fd54413
18122031ns          307216 1c0086be 11852303 lw               x6, 280(x10)         x6=40f61382 x10:1c010fc4  PA:1c0110dc
18122329ns          307231 1c0086c2 01c7a383 lw               x7, 28(x15)          x7=40fce41e x15:1c010ac0  PA:1c010adc
18122648ns          307247 1c0086c6 88887843 fmadd.s          f16, f16, f8, f17   f16=xxxxxxxx f16:4045239b  f8:3ff1facf f17:4348b972
18122668ns          307248 1c0086ca 1066f353 fmul.s           f6, f13, f6          f6=xxxxxxxx f13:3feca445  f6:40f61382
18122687ns          307249 1c0086ce 14052883 lw               x17, 320(x10)       x17=401f68c5 x10:1c010fc4  PA:1c011104
18122986ns          307264 1c0086d2 0207a403 lw               x8, 32(x15)          x8=4111ef9d x15:1c010ac0  PA:1c010ae0
18123284ns          307279 1c0086d4 80737343 fmadd.s          f6, f6, f7, f16      f6=xxxxxxxx  f6:416377e3  f7:40fce41e f16:434e8c2f
18123304ns          307280 1c0086d8 1116f8d3 fmul.s           f17, f13, f17       f17=xxxxxxxx f13:3feca445 f17:401f68c5
18123324ns          307281 1c0086dc 16852803 lw               x16, 360(x10)       x16=411b09c3 x10:1c010fc4  PA:1c01112c
18123622ns          307296 1c0086e0 0247a383 lw               x7, 36(x15)          x7=40f90988 x15:1c010ac0  PA:1c010ae4
18123921ns          307311 1c0086e4 3088f8c3 fmadd.s          f17, f17, f8, f6    f17=xxxxxxxx f17:40935ae0  f8:4111ef9d  f6:439f7345
18123941ns          307312 1c0086e8 1106f853 fmul.s           f16, f13, f16       f16=xxxxxxxx f13:3feca445 f16:411b09c3
18123960ns          307313 1c0086ec 000ea303 lw               x6, 0(x29)           x6=40141166 x29:1000179c  PA:1000179c
18123980ns          307314 1c0086f0 02878793 addi             x15, x15, 40        x15=1c010ae8 x15:1c010ac0
18124000ns          307315 1c0086f4 88787843 fmadd.s          f16, f16, f7, f17   f16=xxxxxxxx f16:418f507c  f7:40f90988 f17:43b4735e
18124020ns          307316 1c0086f8 80e37843 fmadd.s          f16, f6, f14, f16   f16=xxxxxxxx  f6:40141166 f14:411d91fb f16:43fa28ad
18124040ns          307317 1c0086fc 030ea42b p.sw             x16, 40(x29!)       x29=100017c4 x16:4402c688 x29:1000179c  PA:1000179c
18124060ns          307318 1c008658 00052803 lw               x16, 0(x10)         x16=411e1709 x10:1c010fc4  PA:1c010fc4
18124358ns          307333 1c00865c 0007a883 lw               x17, 0(x15)         x17=3fb6e5d0 x15:1c010ae8  PA:1c010ae8
18124657ns          307348 1c008660 1106f853 fmul.s           f16, f13, f16       f16=xxxxxxxx f13:3feca445 f16:411e1709
18124677ns          307349 1c008664 02852303 lw               x6, 40(x10)          x6=40faa3ad x10:1c010fc4  PA:1c010fec
18124975ns          307364 1c008668 0047a383 lw               x7, 4(x15)           x7=4093fb1d x15:1c010ae8  PA:1c010aec
18125293ns          307380 1c00866c f1187843 fmadd.s          f16, f16, f17, f30  f16=xxxxxxxx f16:419222ae f17:3fb6e5d0 f30:00000000
18125313ns          307381 1c008670 1066f353 fmul.s           f6, f13, f6          f6=xxxxxxxx f13:3feca445  f6:40faa3ad
18125333ns          307382 1c008674 05052883 lw               x17, 80(x10)        x17=3fb8e5ef x10:1c010fc4  PA:1c011014
18125631ns          307397 1c008678 0087a403 lw               x8, 8(x15)           x8=40dc0282 x15:1c010ae8  PA:1c010af0
18125930ns          307412 1c00867a 80737343 fmadd.s          f6, f6, f7, f16      f6=xxxxxxxx  f6:4167afb8  f7:4093fb1d f16:41d0cfaf
18125950ns          307413 1c00867e 1116f8d3 fmul.s           f17, f13, f17       f17=xxxxxxxx f13:3feca445 f17:3fb8e5ef
18125969ns          307414 1c008682 07852803 lw               x16, 120(x10)       x16=408667d4 x10:1c010fc4  PA:1c01103c
18126268ns          307429 1c008686 00c7a383 lw               x7, 12(x15)          x7=408975eb x15:1c010ae8  PA:1c010af4
18126566ns          307444 1c00868a 3088f8c3 fmadd.s          f17, f17, f8, f6    f17=xxxxxxxx f17:402aea9d  f8:40dc0282  f6:42ba2116
18126586ns          307445 1c00868e 1106f853 fmul.s           f16, f13, f16       f16=xxxxxxxx f13:3feca445 f16:408667d4
18126606ns          307446 1c008692 0a052303 lw               x6, 160(x10)         x6=40659bce x10:1c010fc4  PA:1c011064
18126904ns          307461 1c008696 0107a403 lw               x8, 16(x15)          x8=4035707b x15:1c010ae8  PA:1c010af8
18127203ns          307476 1c008698 88787843 fmadd.s          f16, f16, f7, f17   f16=xxxxxxxx f16:40f87bec  f7:408975eb f17:42ded9e9
18127223ns          307477 1c00869c 1066f353 fmul.s           f6, f13, f6          f6=xxxxxxxx f13:3feca445  f6:40659bce
18127242ns          307478 1c0086a0 0c852883 lw               x17, 200(x10)       x17=3fdee99e x10:1c010fc4  PA:1c01108c
18127541ns          307493 1c0086a4 0147a383 lw               x7, 20(x15)          x7=40e890ec x15:1c010ae8  PA:1c010afc
18127839ns          307508 1c0086a8 80837343 fmadd.s          f6, f6, f8, f16      f6=xxxxxxxx  f6:40d43ef8  f8:4035707b f16:4310c826
18127859ns          307509 1c0086ac 1116f8d3 fmul.s           f17, f13, f17       f17=xxxxxxxx f13:3feca445 f17:3fdee99e
18127879ns          307510 1c0086b0 0f052803 lw               x16, 240(x10)       x16=3fd54413 x10:1c010fc4  PA:1c0110b4
18128177ns          307525 1c0086b4 0187a403 lw               x8, 24(x15)          x8=40a13991 x15:1c010ae8  PA:1c010b00
18128476ns          307540 1c0086b6 3078f8c3 fmadd.s          f17, f17, f7, f6    f17=xxxxxxxx f17:404e0e67  f7:40e890ec  f6:432395df
18128496ns          307541 1c0086ba 1106f853 fmul.s           f16, f13, f16       f16=xxxxxxxx f13:3feca445 f16:3fd54413
18128515ns          307542 1c0086be 11852303 lw               x6, 280(x10)         x6=40f61382 x10:1c010fc4  PA:1c0110dc
18128814ns          307557 1c0086c2 01c7a383 lw               x7, 28(x15)          x7=3f6ceaef x15:1c010ae8  PA:1c010b04
18129112ns          307572 1c0086c6 88887843 fmadd.s          f16, f16, f8, f17   f16=xxxxxxxx f16:4045239b  f8:40a13991 f17:433afc15
18129132ns          307573 1c0086ca 1066f353 fmul.s           f6, f13, f6          f6=xxxxxxxx f13:3feca445  f6:40f61382
18129152ns          307574 1c0086ce 14052883 lw               x17, 320(x10)       x17=401f68c5 x10:1c010fc4  PA:1c011104
18129450ns          307589 1c0086d2 0207a403 lw               x8, 32(x15)          x8=405a42a6 x15:1c010ae8  PA:1c010b08
18129749ns          307604 1c0086d4 80737343 fmadd.s          f6, f6, f7, f16      f6=xxxxxxxx  f6:416377e3  f7:3f6ceaef f16:434a810c
18129769ns          307605 1c0086d8 1116f8d3 fmul.s           f17, f13, f17       f17=xxxxxxxx f13:3feca445 f17:401f68c5
18129788ns          307606 1c0086dc 16852803 lw               x16, 360(x10)       x16=411b09c3 x10:1c010fc4  PA:1c01112c
18130087ns          307621 1c0086e0 0247a383 lw               x7, 36(x15)          x7=40c7feba x15:1c010ae8  PA:1c010b0c
18130385ns          307636 1c0086e4 3088f8c3 fmadd.s          f17, f17, f8, f6    f17=xxxxxxxx f17:40935ae0  f8:405a42a6  f6:4357a940
18130405ns          307637 1c0086e8 1106f853 fmul.s           f16, f13, f16       f16=xxxxxxxx f13:3feca445 f16:411b09c3
18130425ns          307638 1c0086ec 000ea303 lw               x6, 0(x29)           x6=40f24e67 x29:100017c4  PA:100017c4
18130445ns          307639 1c0086f0 02878793 addi             x15, x15, 40        x15=1c010b10 x15:1c010ae8
18130465ns          307640 1c0086f4 88787843 fmadd.s          f16, f16, f7, f17   f16=xxxxxxxx f16:418f507c  f7:40c7feba f17:43675d78
18130485ns          307641 1c0086f8 80e37843 fmadd.s          f16, f6, f14, f16   f16=xxxxxxxx  f6:40f24e67 f14:411d91fb f16:43aba9d1
18130505ns          307642 1c0086fc 030ea42b p.sw             x16, 40(x29!)       x29=100017ec x16:43d0f2e1 x29:100017c4  PA:100017c4
18130524ns          307643 1c008700 00460613 addi             x12, x12, 4         x12=10001660 x12:1000165c
18130544ns          307644 1c008702 00450513 addi             x10, x10, 4         x10=1c010fc8 x10:1c010fc4
18130584ns          307646 1c008632 40b28e33 sub              x28, x5, x11        x28=00000190  x5:1c010b10 x11:1c010980
18130604ns          307647 1c008636 fd8e0e13 addi             x28, x28, -40       x28=00000168 x28:00000190
18130624ns          307648 1c00863a 0cccd7b7 lui              x15, 0xcccd000      x15=0cccd000
18130644ns          307649 1c00863e ccd78793 addi             x15, x15, -819      x15=0ccccccd x15:0cccd000
18130664ns          307650 1c008642 003e5e13 srli             x28, x28, 0x3       x28=0000002d x28:00000168
18130684ns          307651 1c008646 02fe0e33 mul              x28, x28, x15       x28=40000009 x28:0000002d x15:0ccccccd
18130703ns          307652 1c00864a c5de3e33 p.bclr           x28, x28, 2, 29     x28=00000009 x28:40000009
18130723ns          307653 1c00864e 00b007b3 add              x15, x0, x11        x15=1c010980 x11:1c010980
18130743ns          307654 1c008650 00c00eb3 add              x29, x0, x12        x29=10001660 x12:10001660
18130763ns          307655 1c008652 001e0e13 addi             x28, x28, 1         x28=0000000a x28:00000009
18130783ns          307656 1c008654 054e40fb lp.setup         0x1, x28, 0x54      x28:0000000a
18130803ns          307657 1c008658 00052803 lw               x16, 0(x10)         x16=4048f706 x10:1c010fc8  PA:1c010fc8
18131101ns          307672 1c00865c 0007a883 lw               x17, 0(x15)         x17=4052e826 x15:1c010980  PA:1c010980
18131400ns          307687 1c008660 1106f853 fmul.s           f16, f13, f16       f16=xxxxxxxx f13:3feca445 f16:4048f706
18131419ns          307688 1c008664 02852303 lw               x6, 40(x10)          x6=40a5cc66 x10:1c010fc8  PA:1c010ff0
18131718ns          307703 1c008668 0047a383 lw               x7, 4(x15)           x7=3e594d74 x15:1c010980  PA:1c010984
18132036ns          307719 1c00866c f1187843 fmadd.s          f16, f16, f17, f30  f16=xxxxxxxx f16:40b9c4ae f17:4052e826 f30:00000000
18132056ns          307720 1c008670 1066f353 fmul.s           f6, f13, f6          f6=xxxxxxxx f13:3feca445  f6:40a5cc66
18132076ns          307721 1c008674 05052883 lw               x17, 80(x10)        x17=411a5de6 x10:1c010fc8  PA:1c011018
18132374ns          307736 1c008678 0087a403 lw               x8, 8(x15)           x8=410a346e x15:1c010980  PA:1c010988
18132673ns          307751 1c00867a 80737343 fmadd.s          f6, f6, f7, f16      f6=xxxxxxxx  f6:411942d2  f7:3e594d74 f16:41990bcd
18132693ns          307752 1c00867e 1116f8d3 fmul.s           f17, f13, f17       f17=xxxxxxxx f13:3feca445 f17:411a5de6
18132712ns          307753 1c008682 07852803 lw               x16, 120(x10)       x16=4042e5ac x10:1c010fc8  PA:1c011040
18133011ns          307768 1c008686 00c7a383 lw               x7, 12(x15)          x7=3fdcbabb x15:1c010980  PA:1c01098c
18133329ns          307784 1c00868a 3088f8c3 fmadd.s          f17, f17, f8, f6    f17=xxxxxxxx f17:418eb19e  f8:410a346e  f6:41a94ecd
18133349ns          307785 1c00868e 1106f853 fmul.s           f16, f13, f16       f16=xxxxxxxx f13:3feca445 f16:4042e5ac
18133369ns          307786 1c008692 0a052303 lw               x6, 160(x10)         x6=3fba30b3 x10:1c010fc8  PA:1c011068
18133667ns          307801 1c008696 0107a403 lw               x8, 16(x15)          x8=403131d8 x15:1c010980  PA:1c010990
18133966ns          307816 1c008698 88787843 fmadd.s          f16, f16, f7, f17   f16=xxxxxxxx f16:40b428ca  f7:3fdcbabb f17:432f3bcb
18133985ns          307817 1c00869c 1066f353 fmul.s           f6, f13, f6          f6=xxxxxxxx f13:3feca445  f6:3fba30b3
18134005ns          307818 1c0086a0 0c852883 lw               x17, 200(x10)       x17=41177a45 x10:1c010fc8  PA:1c011090
18134304ns          307833 1c0086a4 0147a383 lw               x7, 20(x15)          x7=40b905da x15:1c010980  PA:1c010994
18134622ns          307849 1c0086a8 80837343 fmadd.s          f6, f6, f8, f16      f6=xxxxxxxx  f6:402c1c5e  f8:403131d8 f16:4338f132
18134642ns          307850 1c0086ac 1116f8d3 fmul.s           f17, f13, f17       f17=xxxxxxxx f13:3feca445 f17:41177a45
18134662ns          307851 1c0086b0 0f052803 lw               x16, 240(x10)       x16=40b398d2 x10:1c010fc8  PA:1c0110b8
18134960ns          307866 1c0086b4 0187a403 lw               x8, 24(x15)          x8=3f3f71e4 x15:1c010980  PA:1c010998
18135258ns          307881 1c0086b6 3078f8c3 fmadd.s          f17, f17, f7, f6    f17=xxxxxxxx f17:418c05eb  f7:40b905da  f6:43406344
18135278ns          307882 1c0086ba 1106f853 fmul.s           f16, f13, f16       f16=xxxxxxxx f13:3feca445 f16:40b398d2
18135298ns          307883 1c0086be 11852303 lw               x6, 280(x10)         x6=411177a7 x10:1c010fc8  PA:1c0110e0
18135597ns          307898 1c0086c2 01c7a383 lw               x7, 28(x15)          x7=40b21fda x15:1c010980  PA:1c01099c
18135895ns          307913 1c0086c6 88887843 fmadd.s          f16, f16, f8, f17   f16=xxxxxxxx f16:41260420  f8:3f3f71e4 f17:4392cb5f
18135915ns          307914 1c0086ca 1066f353 fmul.s           f6, f13, f6          f6=xxxxxxxx f13:3feca445  f6:411177a7
18135935ns          307915 1c0086ce 14052883 lw               x17, 320(x10)       x17=4109fa05 x10:1c010fc8  PA:1c011108
18136233ns          307930 1c0086d2 0207a403 lw               x8, 32(x15)          x8=404c67dc x15:1c010980  PA:1c0109a0
18136531ns          307945 1c0086d4 80737343 fmadd.s          f6, f6, f7, f16      f6=xxxxxxxx  f6:418677a6  f7:40b21fda f16:4396ac96
18136551ns          307946 1c0086d8 1116f8d3 fmul.s           f17, f13, f17       f17=xxxxxxxx f13:3feca445 f17:4109fa05
18136571ns          307947 1c0086dc 16852803 lw               x16, 360(x10)       x16=40903d61 x10:1c010fc8  PA:1c011130
18136870ns          307962 1c0086e0 0247a383 lw               x7, 36(x15)          x7=3f63643c x15:1c010980  PA:1c0109a4
18137168ns          307977 1c0086e4 3088f8c3 fmadd.s          f17, f17, f8, f6    f17=xxxxxxxx f17:417f160c  f8:404c67dc  f6:43c5748c
18137188ns          307978 1c0086e8 1106f853 fmul.s           f16, f13, f16       f16=xxxxxxxx f13:3feca445 f16:40903d61
18137208ns          307979 1c0086ec 000ea303 lw               x6, 0(x29)           x6=40b253d9 x29:10001660  PA:10001660
18137228ns          307980 1c0086f0 02878793 addi             x15, x15, 40        x15=1c0109a8 x15:1c010980
18137247ns          307981 1c0086f4 88787843 fmadd.s          f16, f16, f7, f17   f16=xxxxxxxx f16:41055524  f7:3f63643c f17:43deea2e
18137267ns          307982 1c0086f8 80e37843 fmadd.s          f16, f6, f14, f16   f16=xxxxxxxx  f6:40b253d9 f14:411d91fb f16:43e29da4
18137287ns          307983 1c0086fc 030ea42b p.sw             x16, 40(x29!)       x29=10001688 x16:43fe0e6b x29:10001660  PA:10001660
18137307ns          307984 1c008658 00052803 lw               x16, 0(x10)         x16=4048f706 x10:1c010fc8  PA:1c010fc8
18137606ns          307999 1c00865c 0007a883 lw               x17, 0(x15)         x17=410caf4f x15:1c0109a8  PA:1c0109a8
18137904ns          308014 1c008660 1106f853 fmul.s           f16, f13, f16       f16=xxxxxxxx f13:3feca445 f16:4048f706
18137924ns          308015 1c008664 02852303 lw               x6, 40(x10)          x6=40a5cc66 x10:1c010fc8  PA:1c010ff0
18138222ns          308030 1c008668 0047a383 lw               x7, 4(x15)           x7=41176372 x15:1c0109a8  PA:1c0109ac
18138520ns          308045 1c00866c f1187843 fmadd.s          f16, f16, f17, f30  f16=xxxxxxxx f16:40b9c4ae f17:410caf4f f30:00000000
18138540ns          308046 1c008670 1066f353 fmul.s           f6, f13, f6          f6=xxxxxxxx f13:3feca445  f6:40a5cc66
18138560ns          308047 1c008674 05052883 lw               x17, 80(x10)        x17=411a5de6 x10:1c010fc8  PA:1c011018
18138859ns          308062 1c008678 0087a403 lw               x8, 8(x15)           x8=409cf1d2 x15:1c0109a8  PA:1c0109b0
18139157ns          308077 1c00867a 80737343 fmadd.s          f6, f6, f7, f16      f6=xxxxxxxx  f6:411942d2  f7:41176372 f16:424c2d8c
18139177ns          308078 1c00867e 1116f8d3 fmul.s           f17, f13, f17       f17=xxxxxxxx f13:3feca445 f17:411a5de6
18139197ns          308079 1c008682 07852803 lw               x16, 120(x10)       x16=4042e5ac x10:1c010fc8  PA:1c011040
18139495ns          308094 1c008686 00c7a383 lw               x7, 12(x15)          x7=410ddd2e x15:1c0109a8  PA:1c0109b4
18139793ns          308109 1c00868a 3088f8c3 fmadd.s          f17, f17, f8, f6    f17=xxxxxxxx f17:418eb19e  f8:409cf1d2  f6:430dad56
18139813ns          308110 1c00868e 1106f853 fmul.s           f16, f13, f16       f16=xxxxxxxx f13:3feca445 f16:4042e5ac
18139833ns          308111 1c008692 0a052303 lw               x6, 160(x10)         x6=3fba30b3 x10:1c010fc8  PA:1c011068
18140132ns          308126 1c008696 0107a403 lw               x8, 16(x15)          x8=3fd37db8 x15:1c0109a8  PA:1c0109b8
18140430ns          308141 1c008698 88787843 fmadd.s          f16, f16, f7, f17   f16=xxxxxxxx f16:40b428ca  f7:410ddd2e f17:4365285d
18140450ns          308142 1c00869c 1066f353 fmul.s           f6, f13, f6          f6=xxxxxxxx f13:3feca445  f6:3fba30b3
18140470ns          308143 1c0086a0 0c852883 lw               x17, 200(x10)       x17=41177a45 x10:1c010fc8  PA:1c011090
18140768ns          308158 1c0086a4 0147a383 lw               x7, 20(x15)          x7=404b6f19 x15:1c0109a8  PA:1c0109bc
18141067ns          308173 1c0086a8 80837343 fmadd.s          f6, f6, f8, f16      f6=xxxxxxxx  f6:402c1c5e  f8:3fd37db8 f16:438b89b6
18141086ns          308174 1c0086ac 1116f8d3 fmul.s           f17, f13, f17       f17=xxxxxxxx f13:3feca445 f17:41177a45
18141106ns          308175 1c0086b0 0f052803 lw               x16, 240(x10)       x16=40b398d2 x10:1c010fc8  PA:1c0110b8
18141405ns          308190 1c0086b4 0187a403 lw               x8, 24(x15)          x8=40c05806 x15:1c0109a8  PA:1c0109c0
18141723ns          308206 1c0086b6 3078f8c3 fmadd.s          f17, f17, f7, f6    f17=xxxxxxxx f17:418c05eb  f7:404b6f19  f6:438dc276
18141743ns          308207 1c0086ba 1106f853 fmul.s           f16, f13, f16       f16=xxxxxxxx f13:3feca445 f16:40b398d2
18141763ns          308208 1c0086be 11852303 lw               x6, 280(x10)         x6=411177a7 x10:1c010fc8  PA:1c0110e0
18142061ns          308223 1c0086c2 01c7a383 lw               x7, 28(x15)          x7=411fcb27 x15:1c0109a8  PA:1c0109c4
18142359ns          308238 1c0086c6 88887843 fmadd.s          f16, f16, f8, f17   f16=xxxxxxxx f16:41260420  f8:40c05806 f17:43a993d3
18142379ns          308239 1c0086ca 1066f353 fmul.s           f6, f13, f6          f6=xxxxxxxx f13:3feca445  f6:411177a7
18142399ns          308240 1c0086ce 14052883 lw               x17, 320(x10)       x17=4109fa05 x10:1c010fc8  PA:1c011108
18142717ns          308256 1c0086d2 0207a403 lw               x8, 32(x15)          x8=409b827a x15:1c0109a8  PA:1c0109c8
18143016ns          308271 1c0086d4 80737343 fmadd.s          f6, f6, f7, f16      f6=xxxxxxxx  f6:418677a6  f7:411fcb27 f16:43c8c2de
18143036ns          308272 1c0086d8 1116f8d3 fmul.s           f17, f13, f17       f17=xxxxxxxx f13:3feca445 f17:4109fa05
18143056ns          308273 1c0086dc 16852803 lw               x16, 360(x10)       x16=40903d61 x10:1c010fc8  PA:1c011130
18143354ns          308288 1c0086e0 0247a383 lw               x7, 36(x15)          x7=40fbbc63 x15:1c0109a8  PA:1c0109cc
18143652ns          308303 1c0086e4 3088f8c3 fmadd.s          f17, f17, f8, f6    f17=xxxxxxxx f17:417f160c  f8:409b827a  f6:440e58f2
18143672ns          308304 1c0086e8 1106f853 fmul.s           f16, f13, f16       f16=xxxxxxxx f13:3feca445 f16:40903d61
18143692ns          308305 1c0086ec 000ea303 lw               x6, 0(x29)           x6=4064c01f x29:10001688  PA:10001688
18143712ns          308306 1c0086f0 02878793 addi             x15, x15, 40        x15=1c0109d0 x15:1c0109a8
18143732ns          308307 1c0086f4 88787843 fmadd.s          f16, f16, f7, f17   f16=xxxxxxxx f16:41055524  f7:40fbbc63 f17:4421b77e
18143752ns          308308 1c0086f8 80e37843 fmadd.s          f16, f6, f14, f16   f16=xxxxxxxx  f6:4064c01f f14:411d91fb f16:44321b11
18143772ns          308309 1c0086fc 030ea42b p.sw             x16, 40(x29!)       x29=100016b0 x16:443ae7d5 x29:10001688  PA:10001688
18143792ns          308310 1c008658 00052803 lw               x16, 0(x10)         x16=4048f706 x10:1c010fc8  PA:1c010fc8
18144090ns          308325 1c00865c 0007a883 lw               x17, 0(x15)         x17=3fe434c6 x15:1c0109d0  PA:1c0109d0
18144408ns          308341 1c008660 1106f853 fmul.s           f16, f13, f16       f16=xxxxxxxx f13:3feca445 f16:4048f706
18144428ns          308342 1c008664 02852303 lw               x6, 40(x10)          x6=40a5cc66 x10:1c010fc8  PA:1c010ff0
18144726ns          308357 1c008668 0047a383 lw               x7, 4(x15)           x7=3ea9eacd x15:1c0109d0  PA:1c0109d4
18145025ns          308372 1c00866c f1187843 fmadd.s          f16, f16, f17, f30  f16=xxxxxxxx f16:40b9c4ae f17:3fe434c6 f30:00000000
18145045ns          308373 1c008670 1066f353 fmul.s           f6, f13, f6          f6=xxxxxxxx f13:3feca445  f6:40a5cc66
18145065ns          308374 1c008674 05052883 lw               x17, 80(x10)        x17=411a5de6 x10:1c010fc8  PA:1c011018
18145383ns          308390 1c008678 0087a403 lw               x8, 8(x15)           x8=40d2ef84 x15:1c0109d0  PA:1c0109d8
18145681ns          308405 1c00867a 80737343 fmadd.s          f6, f6, f7, f16      f6=xxxxxxxx  f6:411942d2  f7:3ea9eacd f16:41259977
18145701ns          308406 1c00867e 1116f8d3 fmul.s           f17, f13, f17       f17=xxxxxxxx f13:3feca445 f17:411a5de6
18145721ns          308407 1c008682 07852803 lw               x16, 120(x10)       x16=4042e5ac x10:1c010fc8  PA:1c011040
18146019ns          308422 1c008686 00c7a383 lw               x7, 12(x15)          x7=40e0a6ee x15:1c0109d0  PA:1c0109dc
18146318ns          308437 1c00868a 3088f8c3 fmadd.s          f17, f17, f8, f6    f17=xxxxxxxx f17:418eb19e  f8:40d2ef84  f6:4158764e
18146338ns          308438 1c00868e 1106f853 fmul.s           f16, f13, f16       f16=xxxxxxxx f13:3feca445 f16:4042e5ac
18146357ns          308439 1c008692 0a052303 lw               x6, 160(x10)         x6=3fba30b3 x10:1c010fc8  PA:1c011068
18146676ns          308455 1c008696 0107a403 lw               x8, 16(x15)          x8=410949c7 x15:1c0109d0  PA:1c0109e0
18146974ns          308470 1c008698 88787843 fmadd.s          f16, f16, f7, f17   f16=xxxxxxxx f16:40b428ca  f7:40e0a6ee f17:43031a9a
18146994ns          308471 1c00869c 1066f353 fmul.s           f6, f13, f6          f6=xxxxxxxx f13:3feca445  f6:3fba30b3
18147014ns          308472 1c0086a0 0c852883 lw               x17, 200(x10)       x17=41177a45 x10:1c010fc8  PA:1c011090
18147312ns          308487 1c0086a4 0147a383 lw               x7, 20(x15)          x7=40fc045f x15:1c0109d0  PA:1c0109e4
18147611ns          308502 1c0086a8 80837343 fmadd.s          f6, f6, f8, f16      f6=xxxxxxxx  f6:402c1c5e  f8:410949c7 f16:432aa0e5
18147630ns          308503 1c0086ac 1116f8d3 fmul.s           f17, f13, f17       f17=xxxxxxxx f13:3feca445 f17:41177a45
18147650ns          308504 1c0086b0 0f052803 lw               x16, 240(x10)       x16=40b398d2 x10:1c010fc8  PA:1c0110b8
18147969ns          308520 1c0086b4 0187a403 lw               x8, 24(x15)          x8=4075e4ea x15:1c0109d0  PA:1c0109e8
18148267ns          308535 1c0086b6 3078f8c3 fmadd.s          f17, f17, f7, f6    f17=xxxxxxxx f17:418c05eb  f7:40fc045f  f6:4341b417
18148287ns          308536 1c0086ba 1106f853 fmul.s           f16, f13, f16       f16=xxxxxxxx f13:3feca445 f16:40b398d2
18148307ns          308537 1c0086be 11852303 lw               x6, 280(x10)         x6=411177a7 x10:1c010fc8  PA:1c0110e0
18148605ns          308552 1c0086c2 01c7a383 lw               x7, 28(x15)          x7=40951ac2 x15:1c0109d0  PA:1c0109ec
18148903ns          308567 1c0086c6 88887843 fmadd.s          f16, f16, f8, f17   f16=xxxxxxxx f16:41260420  f8:4075e4ea f17:43a5c627
18148923ns          308568 1c0086ca 1066f353 fmul.s           f6, f13, f6          f6=xxxxxxxx f13:3feca445  f6:411177a7
18148943ns          308569 1c0086ce 14052883 lw               x17, 320(x10)       x17=4109fa05 x10:1c010fc8  PA:1c011108
18149261ns          308585 1c0086d2 0207a403 lw               x8, 32(x15)          x8=3fd3f108 x15:1c0109d0  PA:1c0109f0
18149560ns          308600 1c0086d4 80737343 fmadd.s          f6, f6, f7, f16      f6=xxxxxxxx  f6:418677a6  f7:40951ac2 f16:43b9b4f4
18149580ns          308601 1c0086d8 1116f8d3 fmul.s           f17, f13, f17       f17=xxxxxxxx f13:3feca445 f17:4109fa05
18149600ns          308602 1c0086dc 16852803 lw               x16, 360(x10)       x16=40903d61 x10:1c010fc8  PA:1c011130
18149898ns          308617 1c0086e0 0247a383 lw               x7, 36(x15)          x7=3fdb9aaa x15:1c0109d0  PA:1c0109f4
18150196ns          308632 1c0086e4 3088f8c3 fmadd.s          f17, f17, f8, f6    f17=xxxxxxxx f17:417f160c  f8:3fd3f108  f6:43e0ddcd
18150216ns          308633 1c0086e8 1106f853 fmul.s           f16, f13, f16       f16=xxxxxxxx f13:3feca445 f16:40903d61
18150236ns          308634 1c0086ec 000ea303 lw               x6, 0(x29)           x6=404ec0d1 x29:100016b0  PA:100016b0
18150256ns          308635 1c0086f0 02878793 addi             x15, x15, 40        x15=1c0109f8 x15:1c0109d0
18150276ns          308636 1c0086f4 88787843 fmadd.s          f16, f16, f7, f17   f16=xxxxxxxx f16:41055524  f7:3fdb9aaa f17:43ee10c2
18150296ns          308637 1c0086f8 80e37843 fmadd.s          f16, f6, f14, f16   f16=xxxxxxxx  f6:404ec0d1 f14:411d91fb f16:43f536c8
18150316ns          308638 1c0086fc 030ea42b p.sw             x16, 40(x29!)       x29=100016d8 x16:44028f86 x29:100016b0  PA:100016b0
18150336ns          308639 1c008658 00052803 lw               x16, 0(x10)         x16=4048f706 x10:1c010fc8  PA:1c010fc8
18150654ns          308655 1c00865c 0007a883 lw               x17, 0(x15)         x17=40f724db x15:1c0109f8  PA:1c0109f8
18150952ns          308670 1c008660 1106f853 fmul.s           f16, f13, f16       f16=xxxxxxxx f13:3feca445 f16:4048f706
18150972ns          308671 1c008664 02852303 lw               x6, 40(x10)          x6=40a5cc66 x10:1c010fc8  PA:1c010ff0
18151270ns          308686 1c008668 0047a383 lw               x7, 4(x15)           x7=411ba4c3 x15:1c0109f8  PA:1c0109fc
18151569ns          308701 1c00866c f1187843 fmadd.s          f16, f16, f17, f30  f16=xxxxxxxx f16:40b9c4ae f17:40f724db f30:00000000
18151589ns          308702 1c008670 1066f353 fmul.s           f6, f13, f6          f6=xxxxxxxx f13:3feca445  f6:40a5cc66
18151609ns          308703 1c008674 05052883 lw               x17, 80(x10)        x17=411a5de6 x10:1c010fc8  PA:1c011018
18151927ns          308719 1c008678 0087a403 lw               x8, 8(x15)           x8=411378f2 x15:1c0109f8  PA:1c010a00
18152225ns          308734 1c00867a 80737343 fmadd.s          f6, f6, f7, f16      f6=xxxxxxxx  f6:411942d2  f7:411ba4c3 f16:42335782
18152245ns          308735 1c00867e 1116f8d3 fmul.s           f17, f13, f17       f17=xxxxxxxx f13:3feca445 f17:411a5de6
18152265ns          308736 1c008682 07852803 lw               x16, 120(x10)       x16=4042e5ac x10:1c010fc8  PA:1c011040
18152563ns          308751 1c008686 00c7a383 lw               x7, 12(x15)          x7=408ce3e2 x15:1c0109f8  PA:1c010a04
18152862ns          308766 1c00868a 3088f8c3 fmadd.s          f17, f17, f8, f6    f17=xxxxxxxx f17:418eb19e  f8:411378f2  f6:430a03f9
18152882ns          308767 1c00868e 1106f853 fmul.s           f16, f13, f16       f16=xxxxxxxx f13:3feca445 f16:4042e5ac
18152902ns          308768 1c008692 0a052303 lw               x6, 160(x10)         x6=3fba30b3 x10:1c010fc8  PA:1c011068
18153200ns          308783 1c008696 0107a403 lw               x8, 16(x15)          x8=3f897409 x15:1c0109f8  PA:1c010a08
18153498ns          308798 1c008698 88787843 fmadd.s          f16, f16, f7, f17   f16=xxxxxxxx f16:40b428ca  f7:408ce3e2 f17:43973564
18153518ns          308799 1c00869c 1066f353 fmul.s           f6, f13, f6          f6=xxxxxxxx f13:3feca445  f6:3fba30b3
18153538ns          308800 1c0086a0 0c852883 lw               x17, 200(x10)       x17=41177a45 x10:1c010fc8  PA:1c011090
18153836ns          308815 1c0086a4 0147a383 lw               x7, 20(x15)          x7=4086046f x15:1c0109f8  PA:1c010a0c
18154135ns          308830 1c0086a8 80837343 fmadd.s          f6, f6, f8, f16      f6=xxxxxxxx  f6:402c1c5e  f8:3f897409 f16:43a39a3a
18154155ns          308831 1c0086ac 1116f8d3 fmul.s           f17, f13, f17       f17=xxxxxxxx f13:3feca445 f17:41177a45
18154175ns          308832 1c0086b0 0f052803 lw               x16, 240(x10)       x16=40b398d2 x10:1c010fc8  PA:1c0110b8
18154473ns          308847 1c0086b4 0187a403 lw               x8, 24(x15)          x8=40fb0608 x15:1c0109f8  PA:1c010a10
18154771ns          308862 1c0086b6 3078f8c3 fmadd.s          f17, f17, f7, f6    f17=xxxxxxxx f17:418c05eb  f7:4086046f  f6:43a50bdf
18154791ns          308863 1c0086ba 1106f853 fmul.s           f16, f13, f16       f16=xxxxxxxx f13:3feca445 f16:40b398d2
18154811ns          308864 1c0086be 11852303 lw               x6, 280(x10)         x6=411177a7 x10:1c010fc8  PA:1c0110e0
18155109ns          308879 1c0086c2 01c7a383 lw               x7, 28(x15)          x7=40af8cda x15:1c0109f8  PA:1c010a14
18155408ns          308894 1c0086c6 88887843 fmadd.s          f16, f16, f8, f17   f16=xxxxxxxx f16:41260420  f8:40fb0608 f17:43c9b2a2
18155428ns          308895 1c0086ca 1066f353 fmul.s           f6, f13, f6          f6=xxxxxxxx f13:3feca445  f6:411177a7
18155448ns          308896 1c0086ce 14052883 lw               x17, 320(x10)       x17=4109fa05 x10:1c010fc8  PA:1c011108
18155746ns          308911 1c0086d2 0207a403 lw               x8, 32(x15)          x8=4103c68f x15:1c0109f8  PA:1c010a18
18156044ns          308926 1c0086d4 80737343 fmadd.s          f6, f6, f7, f16      f6=xxxxxxxx  f6:418677a6  f7:40af8cda f16:43f2651f
18156064ns          308927 1c0086d8 1116f8d3 fmul.s           f17, f13, f17       f17=xxxxxxxx f13:3feca445 f17:4109fa05
18156084ns          308928 1c0086dc 16852803 lw               x16, 360(x10)       x16=40903d61 x10:1c010fc8  PA:1c011130
18156382ns          308943 1c0086e0 0247a383 lw               x7, 36(x15)          x7=3fe22155 x15:1c0109f8  PA:1c010a1c
18156681ns          308958 1c0086e4 3088f8c3 fmadd.s          f17, f17, f8, f6    f17=xxxxxxxx f17:417f160c  f8:4103c68f  f6:44104001
18156701ns          308959 1c0086e8 1106f853 fmul.s           f16, f13, f16       f16=xxxxxxxx f13:3feca445 f16:40903d61
18156721ns          308960 1c0086ec 000ea303 lw               x6, 0(x29)           x6=3ebc3e0d x29:100016d8  PA:100016d8
18156740ns          308961 1c0086f0 02878793 addi             x15, x15, 40        x15=1c010a20 x15:1c0109f8
18156760ns          308962 1c0086f4 88787843 fmadd.s          f16, f16, f7, f17   f16=xxxxxxxx f16:41055524  f7:3fe22155 f17:44311389
18156780ns          308963 1c0086f8 80e37843 fmadd.s          f16, f6, f14, f16   f16=xxxxxxxx  f6:3ebc3e0d f14:411d91fb f16:4434c1bd
18156800ns          308964 1c0086fc 030ea42b p.sw             x16, 40(x29!)       x29=10001700 x16:4435a978 x29:100016d8  PA:100016d8
18156820ns          308965 1c008658 00052803 lw               x16, 0(x10)         x16=4048f706 x10:1c010fc8  PA:1c010fc8
18157118ns          308980 1c00865c 0007a883 lw               x17, 0(x15)         x17=40f0265f x15:1c010a20  PA:1c010a20
18157417ns          308995 1c008660 1106f853 fmul.s           f16, f13, f16       f16=xxxxxxxx f13:3feca445 f16:4048f706
18157437ns          308996 1c008664 02852303 lw               x6, 40(x10)          x6=40a5cc66 x10:1c010fc8  PA:1c010ff0
18157735ns          309011 1c008668 0047a383 lw               x7, 4(x15)           x7=41013d49 x15:1c010a20  PA:1c010a24
18158033ns          309026 1c00866c f1187843 fmadd.s          f16, f16, f17, f30  f16=xxxxxxxx f16:40b9c4ae f17:40f0265f f30:00000000
18158053ns          309027 1c008670 1066f353 fmul.s           f6, f13, f6          f6=xxxxxxxx f13:3feca445  f6:40a5cc66
18158073ns          309028 1c008674 05052883 lw               x17, 80(x10)        x17=411a5de6 x10:1c010fc8  PA:1c011018
18158371ns          309043 1c008678 0087a403 lw               x8, 8(x15)           x8=410d16c3 x15:1c010a20  PA:1c010a28
18158690ns          309059 1c00867a 80737343 fmadd.s          f6, f6, f7, f16      f6=xxxxxxxx  f6:411942d2  f7:41013d49 f16:422e443b
18158710ns          309060 1c00867e 1116f8d3 fmul.s           f17, f13, f17       f17=xxxxxxxx f13:3feca445 f17:411a5de6
18158729ns          309061 1c008682 07852803 lw               x16, 120(x10)       x16=4042e5ac x10:1c010fc8  PA:1c011040
18159028ns          309076 1c008686 00c7a383 lw               x7, 12(x15)          x7=3e34584b x15:1c010a20  PA:1c010a2c
18159326ns          309091 1c00868a 3088f8c3 fmadd.s          f17, f17, f8, f6    f17=xxxxxxxx f17:418eb19e  f8:410d16c3  f6:42f1e0d6
18159346ns          309092 1c00868e 1106f853 fmul.s           f16, f13, f16       f16=xxxxxxxx f13:3feca445 f16:4042e5ac
18159366ns          309093 1c008692 0a052303 lw               x6, 160(x10)         x6=3fba30b3 x10:1c010fc8  PA:1c011068
18159664ns          309108 1c008696 0107a403 lw               x8, 16(x15)          x8=3f506ce1 x15:1c010a20  PA:1c010a30
18159983ns          309124 1c008698 88787843 fmadd.s          f16, f16, f7, f17   f16=xxxxxxxx f16:40b428ca  f7:3e34584b f17:438b1cb9
18160003ns          309125 1c00869c 1066f353 fmul.s           f6, f13, f6          f6=xxxxxxxx f13:3feca445  f6:3fba30b3
18160022ns          309126 1c0086a0 0c852883 lw               x17, 200(x10)       x17=41177a45 x10:1c010fc8  PA:1c011090
18160321ns          309141 1c0086a4 0147a383 lw               x7, 20(x15)          x7=3e040bf5 x15:1c010a20  PA:1c010a34
18160619ns          309156 1c0086a8 80837343 fmadd.s          f6, f6, f8, f16      f6=xxxxxxxx  f6:402c1c5e  f8:3f506ce1 f16:438b9ba4
18160639ns          309157 1c0086ac 1116f8d3 fmul.s           f17, f13, f17       f17=xxxxxxxx f13:3feca445 f17:41177a45
18160659ns          309158 1c0086b0 0f052803 lw               x16, 240(x10)       x16=40b398d2 x10:1c010fc8  PA:1c0110b8
18160957ns          309173 1c0086b4 0187a403 lw               x8, 24(x15)          x8=40fe5cb5 x15:1c010a20  PA:1c010a38
18161276ns          309189 1c0086b6 3078f8c3 fmadd.s          f17, f17, f7, f6    f17=xxxxxxxx f17:418c05eb  f7:3e040bf5  f6:438cb3e4
18161295ns          309190 1c0086ba 1106f853 fmul.s           f16, f13, f16       f16=xxxxxxxx f13:3feca445 f16:40b398d2
18161315ns          309191 1c0086be 11852303 lw               x6, 280(x10)         x6=411177a7 x10:1c010fc8  PA:1c0110e0
18161614ns          309206 1c0086c2 01c7a383 lw               x7, 28(x15)          x7=40a2573d x15:1c010a20  PA:1c010a3c
18161912ns          309221 1c0086c6 88887843 fmadd.s          f16, f16, f8, f17   f16=xxxxxxxx f16:41260420  f8:40fe5cb5 f17:438dd4ca
18161932ns          309222 1c0086ca 1066f353 fmul.s           f6, f13, f6          f6=xxxxxxxx f13:3feca445  f6:411177a7
18161952ns          309223 1c0086ce 14052883 lw               x17, 320(x10)       x17=4109fa05 x10:1c010fc8  PA:1c011108
18162250ns          309238 1c0086d2 0207a403 lw               x8, 32(x15)          x8=408592b1 x15:1c010a20  PA:1c010a40
18162568ns          309254 1c0086d4 80737343 fmadd.s          f6, f6, f7, f16      f6=xxxxxxxx  f6:418677a6  f7:40a2573d f16:43b711d8
18162588ns          309255 1c0086d8 1116f8d3 fmul.s           f17, f13, f17       f17=xxxxxxxx f13:3feca445 f17:4109fa05
18162608ns          309256 1c0086dc 16852803 lw               x16, 360(x10)       x16=40903d61 x10:1c010fc8  PA:1c011130
18162907ns          309271 1c0086e0 0247a383 lw               x7, 36(x15)          x7=411ba146 x15:1c010a20  PA:1c010a44
18163205ns          309286 1c0086e4 3088f8c3 fmadd.s          f17, f17, f8, f6    f17=xxxxxxxx f17:417f160c  f8:408592b1  f6:43e1b49d
18163225ns          309287 1c0086e8 1106f853 fmul.s           f16, f13, f16       f16=xxxxxxxx f13:3feca445 f16:40903d61
18163245ns          309288 1c0086ec 000ea303 lw               x6, 0(x29)           x6=400863aa x29:10001700  PA:10001700
18163265ns          309289 1c0086f0 02878793 addi             x15, x15, 40        x15=1c010a48 x15:1c010a20
18163284ns          309290 1c0086f4 88787843 fmadd.s          f16, f16, f7, f17   f16=xxxxxxxx f16:41055524  f7:411ba146 f17:44017d62
18163304ns          309291 1c0086f8 80e37843 fmadd.s          f16, f6, f14, f16   f16=xxxxxxxx  f6:400863aa f14:411d91fb f16:4415c105
18163324ns          309292 1c0086fc 030ea42b p.sw             x16, 40(x29!)       x29=10001728 x16:441b0033 x29:10001700  PA:10001700
18163344ns          309293 1c008658 00052803 lw               x16, 0(x10)         x16=4048f706 x10:1c010fc8  PA:1c010fc8
18163643ns          309308 1c00865c 0007a883 lw               x17, 0(x15)         x17=4078e623 x15:1c010a48  PA:1c010a48
18163961ns          309324 1c008660 1106f853 fmul.s           f16, f13, f16       f16=xxxxxxxx f13:3feca445 f16:4048f706
18163981ns          309325 1c008664 02852303 lw               x6, 40(x10)          x6=40a5cc66 x10:1c010fc8  PA:1c010ff0
18164279ns          309340 1c008668 0047a383 lw               x7, 4(x15)           x7=411e469f x15:1c010a48  PA:1c010a4c
18164577ns          309355 1c00866c f1187843 fmadd.s          f16, f16, f17, f30  f16=xxxxxxxx f16:40b9c4ae f17:4078e623 f30:00000000
18164597ns          309356 1c008670 1066f353 fmul.s           f6, f13, f6          f6=xxxxxxxx f13:3feca445  f6:40a5cc66
18164617ns          309357 1c008674 05052883 lw               x17, 80(x10)        x17=411a5de6 x10:1c010fc8  PA:1c011018
18164916ns          309372 1c008678 0087a403 lw               x8, 8(x15)           x8=4048d101 x15:1c010a48  PA:1c010a50
18165234ns          309388 1c00867a 80737343 fmadd.s          f6, f6, f7, f16      f6=xxxxxxxx  f6:411942d2  f7:411e469f f16:41b49d89
18165254ns          309389 1c00867e 1116f8d3 fmul.s           f17, f13, f17       f17=xxxxxxxx f13:3feca445 f17:411a5de6
18165274ns          309390 1c008682 07852803 lw               x16, 120(x10)       x16=4042e5ac x10:1c010fc8  PA:1c011040
18165572ns          309405 1c008686 00c7a383 lw               x7, 12(x15)          x7=3d5f1afd x15:1c010a48  PA:1c010a54
18165870ns          309420 1c00868a 3088f8c3 fmadd.s          f17, f17, f8, f6    f17=xxxxxxxx f17:418eb19e  f8:4048d101  f6:42eaaa6c
18165890ns          309421 1c00868e 1106f853 fmul.s           f16, f13, f16       f16=xxxxxxxx f13:3feca445 f16:4042e5ac
18165910ns          309422 1c008692 0a052303 lw               x6, 160(x10)         x6=3fba30b3 x10:1c010fc8  PA:1c011068
18166208ns          309437 1c008696 0107a403 lw               x8, 16(x15)          x8=40b22bd1 x15:1c010a48  PA:1c010a58
18166507ns          309452 1c008698 88787843 fmadd.s          f16, f16, f7, f17   f16=xxxxxxxx f16:40b428ca  f7:3d5f1afd f17:432d4cd8
18166527ns          309453 1c00869c 1066f353 fmul.s           f6, f13, f6          f6=xxxxxxxx f13:3feca445  f6:3fba30b3
18166547ns          309454 1c0086a0 0c852883 lw               x17, 200(x10)       x17=41177a45 x10:1c010fc8  PA:1c011090
18166845ns          309469 1c0086a4 0147a383 lw               x7, 20(x15)          x7=411f58cb x15:1c010a48  PA:1c010a5c
18167143ns          309484 1c0086a8 80837343 fmadd.s          f6, f6, f8, f16      f6=xxxxxxxx  f6:402c1c5e  f8:40b22bd1 f16:432d9b59
18167163ns          309485 1c0086ac 1116f8d3 fmul.s           f17, f13, f17       f17=xxxxxxxx f13:3feca445 f17:41177a45
18167183ns          309486 1c0086b0 0f052803 lw               x16, 240(x10)       x16=40b398d2 x10:1c010fc8  PA:1c0110b8
18167481ns          309501 1c0086b4 0187a403 lw               x8, 24(x15)          x8=3f232023 x15:1c010a48  PA:1c010a60
18167780ns          309516 1c0086b6 3078f8c3 fmadd.s          f17, f17, f7, f6    f17=xxxxxxxx f17:418c05eb  f7:411f58cb  f6:433c947f
18167800ns          309517 1c0086ba 1106f853 fmul.s           f16, f13, f16       f16=xxxxxxxx f13:3feca445 f16:40b398d2
18167820ns          309518 1c0086be 11852303 lw               x6, 280(x10)         x6=411177a7 x10:1c010fc8  PA:1c0110e0
18168118ns          309533 1c0086c2 01c7a383 lw               x7, 28(x15)          x7=40c03075 x15:1c010a48  PA:1c010a64
18168416ns          309548 1c0086c6 88887843 fmadd.s          f16, f16, f8, f17   f16=xxxxxxxx f16:41260420  f8:3f232023 f17:43b5727e
18168436ns          309549 1c0086ca 1066f353 fmul.s           f6, f13, f6          f6=xxxxxxxx f13:3feca445  f6:411177a7
18168456ns          309550 1c0086ce 14052883 lw               x17, 320(x10)       x17=4109fa05 x10:1c010fc8  PA:1c011108
18168754ns          309565 1c0086d2 0207a403 lw               x8, 32(x15)          x8=40803562 x15:1c010a48  PA:1c010a68
18169053ns          309580 1c0086d4 80737343 fmadd.s          f6, f6, f7, f16      f6=xxxxxxxx  f6:418677a6  f7:40c03075 f16:43b8c0ca
18169073ns          309581 1c0086d8 1116f8d3 fmul.s           f17, f13, f17       f17=xxxxxxxx f13:3feca445 f17:4109fa05
18169093ns          309582 1c0086dc 16852803 lw               x16, 360(x10)       x16=40903d61 x10:1c010fc8  PA:1c011130
18169391ns          309597 1c0086e0 0247a383 lw               x7, 36(x15)          x7=4118157a x15:1c010a48  PA:1c010a6c
18169689ns          309612 1c0086e4 3088f8c3 fmadd.s          f17, f17, f8, f6    f17=xxxxxxxx f17:417f160c  f8:40803562  f6:43eb3a62
18169709ns          309613 1c0086e8 1106f853 fmul.s           f16, f13, f16       f16=xxxxxxxx f13:3feca445 f16:40903d61
18169729ns          309614 1c0086ec 000ea303 lw               x6, 0(x29)           x6=40d66247 x29:10001728  PA:10001728
18169749ns          309615 1c0086f0 02878793 addi             x15, x15, 40        x15=1c010a70 x15:1c010a48
18169769ns          309616 1c0086f4 88787843 fmadd.s          f16, f16, f7, f17   f16=xxxxxxxx f16:41055524  f7:4118157a f17:44059538
18169789ns          309617 1c0086f8 80e37843 fmadd.s          f16, f6, f14, f16   f16=xxxxxxxx  f6:40d66247 f14:411d91fb f16:441962a7
18169809ns          309618 1c0086fc 030ea42b p.sw             x16, 40(x29!)       x29=10001750 x16:4429e138 x29:10001728  PA:10001728
18169829ns          309619 1c008658 00052803 lw               x16, 0(x10)         x16=4048f706 x10:1c010fc8  PA:1c010fc8
18170127ns          309634 1c00865c 0007a883 lw               x17, 0(x15)         x17=41136705 x15:1c010a70  PA:1c010a70
18170425ns          309649 1c008660 1106f853 fmul.s           f16, f13, f16       f16=xxxxxxxx f13:3feca445 f16:4048f706
18170445ns          309650 1c008664 02852303 lw               x6, 40(x10)          x6=40a5cc66 x10:1c010fc8  PA:1c010ff0
18170744ns          309665 1c008668 0047a383 lw               x7, 4(x15)           x7=40b4c386 x15:1c010a70  PA:1c010a74
18171042ns          309680 1c00866c f1187843 fmadd.s          f16, f16, f17, f30  f16=xxxxxxxx f16:40b9c4ae f17:41136705 f30:00000000
18171062ns          309681 1c008670 1066f353 fmul.s           f6, f13, f6          f6=xxxxxxxx f13:3feca445  f6:40a5cc66
18171082ns          309682 1c008674 05052883 lw               x17, 80(x10)        x17=411a5de6 x10:1c010fc8  PA:1c011018
18171380ns          309697 1c008678 0087a403 lw               x8, 8(x15)           x8=3f268635 x15:1c010a70  PA:1c010a78
18171678ns          309712 1c00867a 80737343 fmadd.s          f6, f6, f7, f16      f6=xxxxxxxx  f6:411942d2  f7:40b4c386 f16:4255ed63
18171698ns          309713 1c00867e 1116f8d3 fmul.s           f17, f13, f17       f17=xxxxxxxx f13:3feca445 f17:411a5de6
18171718ns          309714 1c008682 07852803 lw               x16, 120(x10)       x16=4042e5ac x10:1c010fc8  PA:1c011040
18172017ns          309729 1c008686 00c7a383 lw               x7, 12(x15)          x7=3fc63485 x15:1c010a70  PA:1c010a7c
18172315ns          309744 1c00868a 3088f8c3 fmadd.s          f17, f17, f8, f6    f17=xxxxxxxx f17:418eb19e  f8:3f268635  f6:42d72ebb
18172335ns          309745 1c00868e 1106f853 fmul.s           f16, f13, f16       f16=xxxxxxxx f13:3feca445 f16:4042e5ac
18172355ns          309746 1c008692 0a052303 lw               x6, 160(x10)         x6=3fba30b3 x10:1c010fc8  PA:1c011068
18172653ns          309761 1c008696 0107a403 lw               x8, 16(x15)          x8=3fb22991 x15:1c010a70  PA:1c010a80
18172951ns          309776 1c008698 88787843 fmadd.s          f16, f16, f7, f17   f16=xxxxxxxx f16:40b428ca  f7:3fc63485 f17:42ee633a
18172971ns          309777 1c00869c 1066f353 fmul.s           f6, f13, f6          f6=xxxxxxxx f13:3feca445  f6:3fba30b3
18172991ns          309778 1c0086a0 0c852883 lw               x17, 200(x10)       x17=41177a45 x10:1c010fc8  PA:1c011090
18173309ns          309794 1c0086a4 0147a383 lw               x7, 20(x15)          x7=3f30486e x15:1c010a70  PA:1c010a84
18173608ns          309809 1c0086a8 80837343 fmadd.s          f6, f6, f8, f16      f6=xxxxxxxx  f6:402c1c5e  f8:3fb22991 f16:42ffd2ca
18173628ns          309810 1c0086ac 1116f8d3 fmul.s           f17, f13, f17       f17=xxxxxxxx f13:3feca445 f17:41177a45
18173648ns          309811 1c0086b0 0f052803 lw               x16, 240(x10)       x16=40b398d2 x10:1c010fc8  PA:1c0110b8
18173946ns          309826 1c0086b4 0187a403 lw               x8, 24(x15)          x8=40bff5ca x15:1c010a70  PA:1c010a88
18174244ns          309841 1c0086b6 3078f8c3 fmadd.s          f17, f17, f7, f6    f17=xxxxxxxx f17:418c05eb  f7:3f30486e  f6:4303a7a2
18174264ns          309842 1c0086ba 1106f853 fmul.s           f16, f13, f16       f16=xxxxxxxx f13:3feca445 f16:40b398d2
18174284ns          309843 1c0086be 11852303 lw               x6, 280(x10)         x6=411177a7 x10:1c010fc8  PA:1c0110e0
18174602ns          309859 1c0086c2 01c7a383 lw               x7, 28(x15)          x7=40907c75 x15:1c010a70  PA:1c010a8c
18174901ns          309874 1c0086c6 88887843 fmadd.s          f16, f16, f8, f17   f16=xxxxxxxx f16:41260420  f8:40bff5ca f17:430fb518
18174921ns          309875 1c0086ca 1066f353 fmul.s           f6, f13, f6          f6=xxxxxxxx f13:3feca445  f6:411177a7
18174940ns          309876 1c0086ce 14052883 lw               x17, 320(x10)       x17=4109fa05 x10:1c010fc8  PA:1c011108
18175239ns          309891 1c0086d2 0207a403 lw               x8, 32(x15)          x8=40f2aadf x15:1c010a70  PA:1c010a90
18175537ns          309906 1c0086d4 80737343 fmadd.s          f6, f6, f7, f16      f6=xxxxxxxx  f6:418677a6  f7:40907c75 f16:434df354
18175557ns          309907 1c0086d8 1116f8d3 fmul.s           f17, f13, f17       f17=xxxxxxxx f13:3feca445 f17:4109fa05
18175577ns          309908 1c0086dc 16852803 lw               x16, 360(x10)       x16=40903d61 x10:1c010fc8  PA:1c011130
18175895ns          309924 1c0086e0 0247a383 lw               x7, 36(x15)          x7=40a1b290 x15:1c010a70  PA:1c010a94
18176194ns          309939 1c0086e4 3088f8c3 fmadd.s          f17, f17, f8, f6    f17=xxxxxxxx f17:417f160c  f8:40f2aadf  f6:438cec00
18176213ns          309940 1c0086e8 1106f853 fmul.s           f16, f13, f16       f16=xxxxxxxx f13:3feca445 f16:40903d61
18176233ns          309941 1c0086ec 000ea303 lw               x6, 0(x29)           x6=411df327 x29:10001750  PA:10001750
18176253ns          309942 1c0086f0 02878793 addi             x15, x15, 40        x15=1c010a98 x15:1c010a70
18176273ns          309943 1c0086f4 88787843 fmadd.s          f16, f16, f7, f17   f16=xxxxxxxx f16:41055524  f7:40a1b290 f17:43c95f47
18176293ns          309944 1c0086f8 80e37843 fmadd.s          f16, f6, f14, f16   f16=xxxxxxxx  f6:411df327 f14:411d91fb f16:43de6d2a
18176313ns          309945 1c0086fc 030ea42b p.sw             x16, 40(x29!)       x29=10001778 x16:440784a1 x29:10001750  PA:10001750
18176333ns          309946 1c008658 00052803 lw               x16, 0(x10)         x16=4048f706 x10:1c010fc8  PA:1c010fc8
18176631ns          309961 1c00865c 0007a883 lw               x17, 0(x15)         x17=410c7726 x15:1c010a98  PA:1c010a98
18176930ns          309976 1c008660 1106f853 fmul.s           f16, f13, f16       f16=xxxxxxxx f13:3feca445 f16:4048f706
18176949ns          309977 1c008664 02852303 lw               x6, 40(x10)          x6=40a5cc66 x10:1c010fc8  PA:1c010ff0
18177268ns          309993 1c008668 0047a383 lw               x7, 4(x15)           x7=409cc11d x15:1c010a98  PA:1c010a9c
18177566ns          310008 1c00866c f1187843 fmadd.s          f16, f16, f17, f30  f16=xxxxxxxx f16:40b9c4ae f17:410c7726 f30:00000000
18177586ns          310009 1c008670 1066f353 fmul.s           f6, f13, f6          f6=xxxxxxxx f13:3feca445  f6:40a5cc66
18177606ns          310010 1c008674 05052883 lw               x17, 80(x10)        x17=411a5de6 x10:1c010fc8  PA:1c011018
18177904ns          310025 1c008678 0087a403 lw               x8, 8(x15)           x8=410e9b66 x15:1c010a98  PA:1c010aa0
18178203ns          310040 1c00867a 80737343 fmadd.s          f6, f6, f7, f16      f6=xxxxxxxx  f6:411942d2  f7:409cc11d f16:424bdc0a
18178222ns          310041 1c00867e 1116f8d3 fmul.s           f17, f13, f17       f17=xxxxxxxx f13:3feca445 f17:411a5de6
18178242ns          310042 1c008682 07852803 lw               x16, 120(x10)       x16=4042e5ac x10:1c010fc8  PA:1c011040
18178561ns          310058 1c008686 00c7a383 lw               x7, 12(x15)          x7=4111146c x15:1c010a98  PA:1c010aa4
18178859ns          310073 1c00868a 3088f8c3 fmadd.s          f17, f17, f8, f6    f17=xxxxxxxx f17:418eb19e  f8:410e9b66  f6:42c3c65a
18178879ns          310074 1c00868e 1106f853 fmul.s           f16, f13, f16       f16=xxxxxxxx f13:3feca445 f16:4042e5ac
18178899ns          310075 1c008692 0a052303 lw               x6, 160(x10)         x6=3fba30b3 x10:1c010fc8  PA:1c011068
18179197ns          310090 1c008696 0107a403 lw               x8, 16(x15)          x8=411cf295 x15:1c010a98  PA:1c010aa8
18179495ns          310105 1c008698 88787843 fmadd.s          f16, f16, f7, f17   f16=xxxxxxxx f16:40b428ca  f7:4111146c f17:43806ebb
18179515ns          310106 1c00869c 1066f353 fmul.s           f6, f13, f6          f6=xxxxxxxx f13:3feca445  f6:3fba30b3
18179535ns          310107 1c0086a0 0c852883 lw               x17, 200(x10)       x17=41177a45 x10:1c010fc8  PA:1c011090
18179834ns          310122 1c0086a4 0147a383 lw               x7, 20(x15)          x7=410e9e20 x15:1c010a98  PA:1c010aac
18180132ns          310137 1c0086a8 80837343 fmadd.s          f6, f6, f8, f16      f6=xxxxxxxx  f6:402c1c5e  f8:411cf295 f16:4399f519
18180152ns          310138 1c0086ac 1116f8d3 fmul.s           f17, f13, f17       f17=xxxxxxxx f13:3feca445 f17:41177a45
18180172ns          310139 1c0086b0 0f052803 lw               x16, 240(x10)       x16=40b398d2 x10:1c010fc8  PA:1c0110b8
18180470ns          310154 1c0086b4 0187a403 lw               x8, 24(x15)          x8=4117932f x15:1c010a98  PA:1c010ab0
18180768ns          310169 1c0086b6 3078f8c3 fmadd.s          f17, f17, f7, f6    f17=xxxxxxxx f17:418c05eb  f7:410e9e20  f6:43a725a5
18180788ns          310170 1c0086ba 1106f853 fmul.s           f16, f13, f16       f16=xxxxxxxx f13:3feca445 f16:40b398d2
18180808ns          310171 1c0086be 11852303 lw               x6, 280(x10)         x6=411177a7 x10:1c010fc8  PA:1c0110e0
18181107ns          310186 1c0086c2 01c7a383 lw               x7, 28(x15)          x7=409564dd x15:1c010a98  PA:1c010ab4
18181405ns          310201 1c0086c6 88887843 fmadd.s          f16, f16, f8, f17   f16=xxxxxxxx f16:41260420  f8:4117932f f17:43f5276b
18181425ns          310202 1c0086ca 1066f353 fmul.s           f6, f13, f6          f6=xxxxxxxx f13:3feca445  f6:411177a7
18181445ns          310203 1c0086ce 14052883 lw               x17, 320(x10)       x17=4109fa05 x10:1c010fc8  PA:1c011108
18181743ns          310218 1c0086d2 0207a403 lw               x8, 32(x15)          x8=4093773f x15:1c010a98  PA:1c010ab8
18182041ns          310233 1c0086d4 80737343 fmadd.s          f6, f6, f7, f16      f6=xxxxxxxx  f6:418677a6  f7:409564dd f16:441326ae
18182061ns          310234 1c0086d8 1116f8d3 fmul.s           f17, f13, f17       f17=xxxxxxxx f13:3feca445 f17:4109fa05
18182081ns          310235 1c0086dc 16852803 lw               x16, 360(x10)       x16=40903d61 x10:1c010fc8  PA:1c011130
18182380ns          310250 1c0086e0 0247a383 lw               x7, 36(x15)          x7=40848fc1 x15:1c010a98  PA:1c010abc
18182678ns          310265 1c0086e4 3088f8c3 fmadd.s          f17, f17, f8, f6    f17=xxxxxxxx f17:417f160c  f8:4093773f  f6:4426c4d6
18182698ns          310266 1c0086e8 1106f853 fmul.s           f16, f13, f16       f16=xxxxxxxx f13:3feca445 f16:40903d61
18182718ns          310267 1c0086ec 000ea303 lw               x6, 0(x29)           x6=408b7929 x29:10001778  PA:10001778
18182738ns          310268 1c0086f0 02878793 addi             x15, x15, 40        x15=1c010ac0 x15:1c010a98
18182758ns          310269 1c0086f4 88787843 fmadd.s          f16, f16, f7, f17   f16=xxxxxxxx f16:41055524  f7:40848fc1 f17:443922e5
18182777ns          310270 1c0086f8 80e37843 fmadd.s          f16, f6, f14, f16   f16=xxxxxxxx  f6:408b7929 f14:411d91fb f16:4441c43e
18182797ns          310271 1c0086fc 030ea42b p.sw             x16, 40(x29!)       x29=100017a0 x16:444c7f59 x29:10001778  PA:10001778
18182817ns          310272 1c008658 00052803 lw               x16, 0(x10)         x16=4048f706 x10:1c010fc8  PA:1c010fc8
18183116ns          310287 1c00865c 0007a883 lw               x17, 0(x15)         x17=3f715ac3 x15:1c010ac0  PA:1c010ac0
18183414ns          310302 1c008660 1106f853 fmul.s           f16, f13, f16       f16=xxxxxxxx f13:3feca445 f16:4048f706
18183434ns          310303 1c008664 02852303 lw               x6, 40(x10)          x6=40a5cc66 x10:1c010fc8  PA:1c010ff0
18183732ns          310318 1c008668 0047a383 lw               x7, 4(x15)           x7=4048040c x15:1c010ac0  PA:1c010ac4
18184031ns          310333 1c00866c f1187843 fmadd.s          f16, f16, f17, f30  f16=xxxxxxxx f16:40b9c4ae f17:3f715ac3 f30:00000000
18184050ns          310334 1c008670 1066f353 fmul.s           f6, f13, f6          f6=xxxxxxxx f13:3feca445  f6:40a5cc66
18184070ns          310335 1c008674 05052883 lw               x17, 80(x10)        x17=411a5de6 x10:1c010fc8  PA:1c011018
18184369ns          310350 1c008678 0087a403 lw               x8, 8(x15)           x8=408e450e x15:1c010ac0  PA:1c010ac8
18184667ns          310365 1c00867a 80737343 fmadd.s          f6, f6, f7, f16      f6=xxxxxxxx  f6:411942d2  f7:4048040c f16:40af2404
18184687ns          310366 1c00867e 1116f8d3 fmul.s           f17, f13, f17       f17=xxxxxxxx f13:3feca445 f17:411a5de6
18184707ns          310367 1c008682 07852803 lw               x16, 120(x10)       x16=4042e5ac x10:1c010fc8  PA:1c011040
18185005ns          310382 1c008686 00c7a383 lw               x7, 12(x15)          x7=4107c1ec x15:1c010ac0  PA:1c010acc
18185323ns          310398 1c00868a 3088f8c3 fmadd.s          f17, f17, f8, f6    f17=xxxxxxxx f17:418eb19e  f8:408e450e  f6:420da321
18185343ns          310399 1c00868e 1106f853 fmul.s           f16, f13, f16       f16=xxxxxxxx f13:3feca445 f16:4042e5ac
18185363ns          310400 1c008692 0a052303 lw               x6, 160(x10)         x6=3fba30b3 x10:1c010fc8  PA:1c011068
18185662ns          310415 1c008696 0107a403 lw               x8, 16(x15)          x8=4095fac3 x15:1c010ac0  PA:1c010ad0
18185960ns          310430 1c008698 88787843 fmadd.s          f16, f16, f7, f17   f16=xxxxxxxx f16:40b428ca  f7:4107c1ec f17:42e56b97
18185980ns          310431 1c00869c 1066f353 fmul.s           f6, f13, f6          f6=xxxxxxxx f13:3feca445  f6:3fba30b3
18186000ns          310432 1c0086a0 0c852883 lw               x17, 200(x10)       x17=41177a45 x10:1c010fc8  PA:1c011090
18186298ns          310447 1c0086a4 0147a383 lw               x7, 20(x15)          x7=41121d4e x15:1c010ac0  PA:1c010ad4
18186616ns          310463 1c0086a8 80837343 fmadd.s          f6, f6, f8, f16      f6=xxxxxxxx  f6:402c1c5e  f8:4095fac3 f16:43227ac9
18186636ns          310464 1c0086ac 1116f8d3 fmul.s           f17, f13, f17       f17=xxxxxxxx f13:3feca445 f17:41177a45
18186656ns          310465 1c0086b0 0f052803 lw               x16, 240(x10)       x16=40b398d2 x10:1c010fc8  PA:1c0110b8
18186954ns          310480 1c0086b4 0187a403 lw               x8, 24(x15)          x8=3ff1facf x15:1c010ac0  PA:1c010ad8
18187253ns          310495 1c0086b6 3078f8c3 fmadd.s          f17, f17, f7, f6    f17=xxxxxxxx f17:418c05eb  f7:41121d4e  f6:432f156c
18187273ns          310496 1c0086ba 1106f853 fmul.s           f16, f13, f16       f16=xxxxxxxx f13:3feca445 f16:40b398d2
18187293ns          310497 1c0086be 11852303 lw               x6, 280(x10)         x6=411177a7 x10:1c010fc8  PA:1c0110e0
18187591ns          310512 1c0086c2 01c7a383 lw               x7, 28(x15)          x7=40fce41e x15:1c010ac0  PA:1c010adc
18187909ns          310528 1c0086c6 88887843 fmadd.s          f16, f16, f8, f17   f16=xxxxxxxx f16:41260420  f8:3ff1facf f17:43a7761d
18187929ns          310529 1c0086ca 1066f353 fmul.s           f6, f13, f6          f6=xxxxxxxx f13:3feca445  f6:411177a7
18187949ns          310530 1c0086ce 14052883 lw               x17, 320(x10)       x17=4109fa05 x10:1c010fc8  PA:1c011108
18188247ns          310545 1c0086d2 0207a403 lw               x8, 32(x15)          x8=4111ef9d x15:1c010ac0  PA:1c010ae0
18188546ns          310560 1c0086d4 80737343 fmadd.s          f6, f6, f7, f16      f6=xxxxxxxx  f6:418677a6  f7:40fce41e f16:43b144e6
18188566ns          310561 1c0086d8 1116f8d3 fmul.s           f17, f13, f17       f17=xxxxxxxx f13:3feca445 f17:4109fa05
18188586ns          310562 1c0086dc 16852803 lw               x16, 360(x10)       x16=40903d61 x10:1c010fc8  PA:1c011130
18188884ns          310577 1c0086e0 0247a383 lw               x7, 36(x15)          x7=40f90988 x15:1c010ac0  PA:1c010ae4
18189202ns          310593 1c0086e4 3088f8c3 fmadd.s          f17, f17, f8, f6    f17=xxxxxxxx f17:417f160c  f8:4111ef9d  f6:43f3afb3
18189222ns          310594 1c0086e8 1106f853 fmul.s           f16, f13, f16       f16=xxxxxxxx f13:3feca445 f16:40903d61
18189242ns          310595 1c0086ec 000ea303 lw               x6, 0(x29)           x6=3ef98d43 x29:100017a0  PA:100017a0
18189262ns          310596 1c0086f0 02878793 addi             x15, x15, 40        x15=1c010ae8 x15:1c010ac0
18189282ns          310597 1c0086f4 88787843 fmadd.s          f16, f16, f7, f17   f16=xxxxxxxx f16:41055524  f7:40f90988 f17:441e3269
18189302ns          310598 1c0086f8 80e37843 fmadd.s          f16, f6, f14, f16   f16=xxxxxxxx  f6:3ef98d43 f14:411d91fb f16:442e6902
18189321ns          310599 1c0086fc 030ea42b p.sw             x16, 40(x29!)       x29=100017c8 x16:442f9c36 x29:100017a0  PA:100017a0
18189341ns          310600 1c008658 00052803 lw               x16, 0(x10)         x16=4048f706 x10:1c010fc8  PA:1c010fc8
18189640ns          310615 1c00865c 0007a883 lw               x17, 0(x15)         x17=3fb6e5d0 x15:1c010ae8  PA:1c010ae8
18189938ns          310630 1c008660 1106f853 fmul.s           f16, f13, f16       f16=xxxxxxxx f13:3feca445 f16:4048f706
18189958ns          310631 1c008664 02852303 lw               x6, 40(x10)          x6=40a5cc66 x10:1c010fc8  PA:1c010ff0
18190256ns          310646 1c008668 0047a383 lw               x7, 4(x15)           x7=4093fb1d x15:1c010ae8  PA:1c010aec
18190575ns          310662 1c00866c f1187843 fmadd.s          f16, f16, f17, f30  f16=xxxxxxxx f16:40b9c4ae f17:3fb6e5d0 f30:00000000
18190594ns          310663 1c008670 1066f353 fmul.s           f6, f13, f6          f6=xxxxxxxx f13:3feca445  f6:40a5cc66
18190614ns          310664 1c008674 05052883 lw               x17, 80(x10)        x17=411a5de6 x10:1c010fc8  PA:1c011018
18190913ns          310679 1c008678 0087a403 lw               x8, 8(x15)           x8=40dc0282 x15:1c010ae8  PA:1c010af0
18191211ns          310694 1c00867a 80737343 fmadd.s          f6, f6, f7, f16      f6=xxxxxxxx  f6:411942d2  f7:4093fb1d f16:4104b898
18191231ns          310695 1c00867e 1116f8d3 fmul.s           f17, f13, f17       f17=xxxxxxxx f13:3feca445 f17:411a5de6
18191251ns          310696 1c008682 07852803 lw               x16, 120(x10)       x16=4042e5ac x10:1c010fc8  PA:1c011040
18191549ns          310711 1c008686 00c7a383 lw               x7, 12(x15)          x7=408975eb x15:1c010ae8  PA:1c010af4
18191867ns          310727 1c00868a 3088f8c3 fmadd.s          f17, f17, f8, f6    f17=xxxxxxxx f17:418eb19e  f8:40dc0282  f6:42525d8f
18191887ns          310728 1c00868e 1106f853 fmul.s           f16, f13, f16       f16=xxxxxxxx f13:3feca445 f16:4042e5ac
18191907ns          310729 1c008692 0a052303 lw               x6, 160(x10)         x6=3fba30b3 x10:1c010fc8  PA:1c011068
18192206ns          310744 1c008696 0107a403 lw               x8, 16(x15)          x8=4035707b x15:1c010ae8  PA:1c010af8
18192504ns          310759 1c008698 88787843 fmadd.s          f16, f16, f7, f17   f16=xxxxxxxx f16:40b428ca  f7:408975eb f17:432f396d
18192524ns          310760 1c00869c 1066f353 fmul.s           f6, f13, f6          f6=xxxxxxxx f13:3feca445  f6:3fba30b3
18192544ns          310761 1c0086a0 0c852883 lw               x17, 200(x10)       x17=41177a45 x10:1c010fc8  PA:1c011090
18192842ns          310776 1c0086a4 0147a383 lw               x7, 20(x15)          x7=40e890ec x15:1c010ae8  PA:1c010afc
18193140ns          310791 1c0086a8 80837343 fmadd.s          f6, f6, f8, f16      f6=xxxxxxxx  f6:402c1c5e  f8:4035707b f16:434768a1
18193160ns          310792 1c0086ac 1116f8d3 fmul.s           f17, f13, f17       f17=xxxxxxxx f13:3feca445 f17:41177a45
18193180ns          310793 1c0086b0 0f052803 lw               x16, 240(x10)       x16=40b398d2 x10:1c010fc8  PA:1c0110b8
18193479ns          310808 1c0086b4 0187a403 lw               x8, 24(x15)          x8=40a13991 x15:1c010ae8  PA:1c010b00
18193777ns          310823 1c0086b6 3078f8c3 fmadd.s          f17, f17, f7, f6    f17=xxxxxxxx f17:418c05eb  f7:40e890ec  f6:434f085c
18193797ns          310824 1c0086ba 1106f853 fmul.s           f16, f13, f16       f16=xxxxxxxx f13:3feca445 f16:40b398d2
18193817ns          310825 1c0086be 11852303 lw               x6, 280(x10)         x6=411177a7 x10:1c010fc8  PA:1c0110e0
18194115ns          310840 1c0086c2 01c7a383 lw               x7, 28(x15)          x7=3f6ceaef x15:1c010ae8  PA:1c010b04
18194414ns          310855 1c0086c6 88887843 fmadd.s          f16, f16, f8, f17   f16=xxxxxxxx f16:41260420  f8:40a13991 f17:43a71e7f
18194433ns          310856 1c0086ca 1066f353 fmul.s           f6, f13, f6          f6=xxxxxxxx f13:3feca445  f6:411177a7
18194453ns          310857 1c0086ce 14052883 lw               x17, 320(x10)       x17=4109fa05 x10:1c010fc8  PA:1c011108
18194752ns          310872 1c0086d2 0207a403 lw               x8, 32(x15)          x8=405a42a6 x15:1c010ae8  PA:1c010b08
18195050ns          310887 1c0086d4 80737343 fmadd.s          f6, f6, f7, f16      f6=xxxxxxxx  f6:418677a6  f7:3f6ceaef f16:43c141fa
18195070ns          310888 1c0086d8 1116f8d3 fmul.s           f17, f13, f17       f17=xxxxxxxx f13:3feca445 f17:4109fa05
18195090ns          310889 1c0086dc 16852803 lw               x16, 360(x10)       x16=40903d61 x10:1c010fc8  PA:1c011130
18195388ns          310904 1c0086e0 0247a383 lw               x7, 36(x15)          x7=40c7feba x15:1c010ae8  PA:1c010b0c
18195687ns          310919 1c0086e4 3088f8c3 fmadd.s          f17, f17, f8, f6    f17=xxxxxxxx f17:417f160c  f8:405a42a6  f6:43c90915
18195706ns          310920 1c0086e8 1106f853 fmul.s           f16, f13, f16       f16=xxxxxxxx f13:3feca445 f16:40903d61
18195726ns          310921 1c0086ec 000ea303 lw               x6, 0(x29)           x6=40e9ced5 x29:100017c8  PA:100017c8
18195746ns          310922 1c0086f0 02878793 addi             x15, x15, 40        x15=1c010b10 x15:1c010ae8
18195766ns          310923 1c0086f4 88787843 fmadd.s          f16, f16, f7, f17   f16=xxxxxxxx f16:41055524  f7:40c7feba f17:43e4387b
18195786ns          310924 1c0086f8 80e37843 fmadd.s          f16, f6, f14, f16   f16=xxxxxxxx  f6:40e9ced5 f14:411d91fb f16:43fe42f2
18195806ns          310925 1c0086fc 030ea42b p.sw             x16, 40(x29!)       x29=100017f0 x16:44111e9f x29:100017c8  PA:100017c8
18195826ns          310926 1c008700 00460613 addi             x12, x12, 4         x12=10001664 x12:10001660
18195846ns          310927 1c008702 00450513 addi             x10, x10, 4         x10=1c010fcc x10:1c010fc8
18195885ns          310929 1c008632 40b28e33 sub              x28, x5, x11        x28=00000190  x5:1c010b10 x11:1c010980
18195905ns          310930 1c008636 fd8e0e13 addi             x28, x28, -40       x28=00000168 x28:00000190
18195925ns          310931 1c00863a 0cccd7b7 lui              x15, 0xcccd000      x15=0cccd000
18195945ns          310932 1c00863e ccd78793 addi             x15, x15, -819      x15=0ccccccd x15:0cccd000
18195965ns          310933 1c008642 003e5e13 srli             x28, x28, 0x3       x28=0000002d x28:00000168
18195985ns          310934 1c008646 02fe0e33 mul              x28, x28, x15       x28=40000009 x28:0000002d x15:0ccccccd
18196005ns          310935 1c00864a c5de3e33 p.bclr           x28, x28, 2, 29     x28=00000009 x28:40000009
18196025ns          310936 1c00864e 00b007b3 add              x15, x0, x11        x15=1c010980 x11:1c010980
18196045ns          310937 1c008650 00c00eb3 add              x29, x0, x12        x29=10001664 x12:10001664
18196064ns          310938 1c008652 001e0e13 addi             x28, x28, 1         x28=0000000a x28:00000009
18196084ns          310939 1c008654 054e40fb lp.setup         0x1, x28, 0x54      x28:0000000a
18196104ns          310940 1c008658 00052803 lw               x16, 0(x10)         x16=40e6922a x10:1c010fcc  PA:1c010fcc
18196403ns          310955 1c00865c 0007a883 lw               x17, 0(x15)         x17=4052e826 x15:1c010980  PA:1c010980
18196701ns          310970 1c008660 1106f853 fmul.s           f16, f13, f16       f16=xxxxxxxx f13:3feca445 f16:40e6922a
18196721ns          310971 1c008664 02852303 lw               x6, 40(x10)          x6=40d94520 x10:1c010fcc  PA:1c010ff4
18197019ns          310986 1c008668 0047a383 lw               x7, 4(x15)           x7=3e594d74 x15:1c010980  PA:1c010984
18197318ns          311001 1c00866c f1187843 fmadd.s          f16, f16, f17, f30  f16=xxxxxxxx f16:415522b3 f17:4052e826 f30:00000000
18197337ns          311002 1c008670 1066f353 fmul.s           f6, f13, f6          f6=xxxxxxxx f13:3feca445  f6:40d94520
18197357ns          311003 1c008674 05052883 lw               x17, 80(x10)        x17=405b0d4f x10:1c010fcc  PA:1c01101c
18197656ns          311018 1c008678 0087a403 lw               x8, 8(x15)           x8=410a346e x15:1c010980  PA:1c010988
18197954ns          311033 1c00867a 80737343 fmadd.s          f6, f6, f7, f16      f6=xxxxxxxx  f6:4148d724  f7:3e594d74 f16:422f97be
18197974ns          311034 1c00867e 1116f8d3 fmul.s           f17, f13, f17       f17=xxxxxxxx f13:3feca445 f17:405b0d4f
18197994ns          311035 1c008682 07852803 lw               x16, 120(x10)       x16=3fb63482 x10:1c010fcc  PA:1c011044
18198292ns          311050 1c008686 00c7a383 lw               x7, 12(x15)          x7=3fdcbabb x15:1c010980  PA:1c01098c
18198610ns          311066 1c00868a 3088f8c3 fmadd.s          f17, f17, f8, f6    f17=xxxxxxxx f17:40ca7cd4  f8:410a346e  f6:423a3f70
18198630ns          311067 1c00868e 1106f853 fmul.s           f16, f13, f16       f16=xxxxxxxx f13:3feca445 f16:3fb63482
18198650ns          311068 1c008692 0a052303 lw               x6, 160(x10)         x6=403e919f x10:1c010fcc  PA:1c01106c
18198949ns          311083 1c008696 0107a403 lw               x8, 16(x15)          x8=403131d8 x15:1c010980  PA:1c010990
18199247ns          311098 1c008698 88787843 fmadd.s          f16, f16, f7, f17   f16=xxxxxxxx f16:40286d53  f7:3fdcbabb f17:42ca707b
18199267ns          311099 1c00869c 1066f353 fmul.s           f6, f13, f6          f6=xxxxxxxx f13:3feca445  f6:403e919f
18199287ns          311100 1c0086a0 0c852883 lw               x17, 200(x10)       x17=41089a5e x10:1c010fcc  PA:1c011094
18199585ns          311115 1c0086a4 0147a383 lw               x7, 20(x15)          x7=40b905da x15:1c010980  PA:1c010994
18199903ns          311131 1c0086a8 80837343 fmadd.s          f6, f6, f8, f16      f6=xxxxxxxx  f6:40b02887  f8:403131d8 f16:42d38408
18199923ns          311132 1c0086ac 1116f8d3 fmul.s           f17, f13, f17       f17=xxxxxxxx f13:3feca445 f17:41089a5e
18199943ns          311133 1c0086b0 0f052803 lw               x16, 240(x10)       x16=4057cd0c x10:1c010fcc  PA:1c0110bc
18200241ns          311148 1c0086b4 0187a403 lw               x8, 24(x15)          x8=3f3f71e4 x15:1c010980  PA:1c010998
18200540ns          311163 1c0086b6 3078f8c3 fmadd.s          f17, f17, f7, f6    f17=xxxxxxxx f17:417c8bed  f7:40b905da  f6:42f1ff9c
18200560ns          311164 1c0086ba 1106f853 fmul.s           f16, f13, f16       f16=xxxxxxxx f13:3feca445 f16:4057cd0c
18200580ns          311165 1c0086be 11852303 lw               x6, 280(x10)         x6=3f25f156 x10:1c010fcc  PA:1c0110e4
18200878ns          311180 1c0086c2 01c7a383 lw               x7, 28(x15)          x7=40b21fda x15:1c010980  PA:1c01099c
18201196ns          311196 1c0086c6 88887843 fmadd.s          f16, f16, f8, f17   f16=xxxxxxxx f16:40c77b81  f8:3f3f71e4 f17:43544340
18201216ns          311197 1c0086ca 1066f353 fmul.s           f6, f13, f6          f6=xxxxxxxx f13:3feca445  f6:3f25f156
18201236ns          311198 1c0086ce 14052883 lw               x17, 320(x10)       x17=40a9edb1 x10:1c010fcc  PA:1c01110c
18201534ns          311213 1c0086d2 0207a403 lw               x8, 32(x15)          x8=404c67dc x15:1c010980  PA:1c0109a0
18201833ns          311228 1c0086d4 80737343 fmadd.s          f6, f6, f7, f16      f6=xxxxxxxx  f6:3f9964f7  f7:40b21fda f16:4358ecaf
18201853ns          311229 1c0086d8 1116f8d3 fmul.s           f17, f13, f17       f17=xxxxxxxx f13:3feca445 f17:40a9edb1
18201873ns          311230 1c0086dc 16852803 lw               x16, 360(x10)       x16=40b71e99 x10:1c010fcc  PA:1c011134
18202171ns          311245 1c0086e0 0247a383 lw               x7, 36(x15)          x7=3f63643c x15:1c010980  PA:1c0109a4
18202469ns          311260 1c0086e4 3088f8c3 fmadd.s          f17, f17, f8, f6    f17=xxxxxxxx f17:411d1429  f8:404c67dc  f6:435f9864
18202489ns          311261 1c0086e8 1106f853 fmul.s           f16, f13, f16       f16=xxxxxxxx f13:3feca445 f16:40b71e99
18202509ns          311262 1c0086ec 000ea303 lw               x6, 0(x29)           x6=3f5b8dc6 x29:10001664  PA:10001664
18202529ns          311263 1c0086f0 02878793 addi             x15, x15, 40        x15=1c0109a8 x15:1c010980
18202549ns          311264 1c0086f4 88787843 fmadd.s          f16, f16, f7, f17   f16=xxxxxxxx f16:412945b6  f7:3f63643c f17:437ef357
18202569ns          311265 1c0086f8 80e37843 fmadd.s          f16, f6, f14, f16   f16=xxxxxxxx  f6:3f5b8dc6 f14:411d91fb f16:43842c84
18202589ns          311266 1c0086fc 030ea42b p.sw             x16, 40(x29!)       x29=1000168c x16:4388659d x29:10001664  PA:10001664
18202608ns          311267 1c008658 00052803 lw               x16, 0(x10)         x16=40e6922a x10:1c010fcc  PA:1c010fcc
18202907ns          311282 1c00865c 0007a883 lw               x17, 0(x15)         x17=410caf4f x15:1c0109a8  PA:1c0109a8
18203205ns          311297 1c008660 1106f853 fmul.s           f16, f13, f16       f16=xxxxxxxx f13:3feca445 f16:40e6922a
18203225ns          311298 1c008664 02852303 lw               x6, 40(x10)          x6=40d94520 x10:1c010fcc  PA:1c010ff4
18203523ns          311313 1c008668 0047a383 lw               x7, 4(x15)           x7=41176372 x15:1c0109a8  PA:1c0109ac
18203842ns          311329 1c00866c f1187843 fmadd.s          f16, f16, f17, f30  f16=xxxxxxxx f16:415522b3 f17:410caf4f f30:00000000
18203862ns          311330 1c008670 1066f353 fmul.s           f6, f13, f6          f6=xxxxxxxx f13:3feca445  f6:40d94520
18203882ns          311331 1c008674 05052883 lw               x17, 80(x10)        x17=405b0d4f x10:1c010fcc  PA:1c01101c
18204180ns          311346 1c008678 0087a403 lw               x8, 8(x15)           x8=409cf1d2 x15:1c0109a8  PA:1c0109b0
18204478ns          311361 1c00867a 80737343 fmadd.s          f6, f6, f7, f16      f6=xxxxxxxx  f6:4148d724  f7:41176372 f16:42ea41dd
18204498ns          311362 1c00867e 1116f8d3 fmul.s           f17, f13, f17       f17=xxxxxxxx f13:3feca445 f17:405b0d4f
18204518ns          311363 1c008682 07852803 lw               x16, 120(x10)       x16=3fb63482 x10:1c010fcc  PA:1c011044
18204816ns          311378 1c008686 00c7a383 lw               x7, 12(x15)          x7=410ddd2e x15:1c0109a8  PA:1c0109b4
18205115ns          311393 1c00868a 3088f8c3 fmadd.s          f17, f17, f8, f6    f17=xxxxxxxx f17:40ca7cd4  f8:409cf1d2  f6:436be5d9
18205135ns          311394 1c00868e 1106f853 fmul.s           f16, f13, f16       f16=xxxxxxxx f13:3feca445 f16:3fb63482
18205155ns          311395 1c008692 0a052303 lw               x6, 160(x10)         x6=403e919f x10:1c010fcc  PA:1c01106c
18205453ns          311410 1c008696 0107a403 lw               x8, 16(x15)          x8=3fd37db8 x15:1c0109a8  PA:1c0109b8
18205751ns          311425 1c008698 88787843 fmadd.s          f16, f16, f7, f17   f16=xxxxxxxx f16:40286d53  f7:410ddd2e f17:43857757
18205771ns          311426 1c00869c 1066f353 fmul.s           f6, f13, f6          f6=xxxxxxxx f13:3feca445  f6:403e919f
18205791ns          311427 1c0086a0 0c852883 lw               x17, 200(x10)       x17=41089a5e x10:1c010fcc  PA:1c011094
18206089ns          311442 1c0086a4 0147a383 lw               x7, 20(x15)          x7=404b6f19 x15:1c0109a8  PA:1c0109bc
18206388ns          311457 1c0086a8 80837343 fmadd.s          f6, f6, f8, f16      f6=xxxxxxxx  f6:40b02887  f8:3fd37db8 f16:4391220e
18206408ns          311458 1c0086ac 1116f8d3 fmul.s           f17, f13, f17       f17=xxxxxxxx f13:3feca445 f17:41089a5e
18206428ns          311459 1c0086b0 0f052803 lw               x16, 240(x10)       x16=4057cd0c x10:1c010fcc  PA:1c0110bc
18206726ns          311474 1c0086b4 0187a403 lw               x8, 24(x15)          x8=40c05806 x15:1c0109a8  PA:1c0109c0
18207024ns          311489 1c0086b6 3078f8c3 fmadd.s          f17, f17, f7, f6    f17=xxxxxxxx f17:417c8bed  f7:404b6f19  f6:4395ae4d
18207044ns          311490 1c0086ba 1106f853 fmul.s           f16, f13, f16       f16=xxxxxxxx f13:3feca445 f16:4057cd0c
18207064ns          311491 1c0086be 11852303 lw               x6, 280(x10)         x6=3f25f156 x10:1c010fcc  PA:1c0110e4
18207362ns          311506 1c0086c2 01c7a383 lw               x7, 28(x15)          x7=411fcb27 x15:1c0109a8  PA:1c0109c4
18207661ns          311521 1c0086c6 88887843 fmadd.s          f16, f16, f8, f17   f16=xxxxxxxx f16:40c77b81  f8:40c05806 f17:43aec45f
18207681ns          311522 1c0086ca 1066f353 fmul.s           f6, f13, f6          f6=xxxxxxxx f13:3feca445  f6:3f25f156
18207701ns          311523 1c0086ce 14052883 lw               x17, 320(x10)       x17=40a9edb1 x10:1c010fcc  PA:1c01110c
18207999ns          311538 1c0086d2 0207a403 lw               x8, 32(x15)          x8=409b827a x15:1c0109a8  PA:1c0109c8
18208297ns          311553 1c0086d4 80737343 fmadd.s          f6, f6, f7, f16      f6=xxxxxxxx  f6:3f9964f7  f7:411fcb27 f16:43c18086
18208317ns          311554 1c0086d8 1116f8d3 fmul.s           f17, f13, f17       f17=xxxxxxxx f13:3feca445 f17:40a9edb1
18208337ns          311555 1c0086dc 16852803 lw               x16, 360(x10)       x16=40b71e99 x10:1c010fcc  PA:1c011134
18208635ns          311570 1c0086e0 0247a383 lw               x7, 36(x15)          x7=40fbbc63 x15:1c0109a8  PA:1c0109cc
18208934ns          311585 1c0086e4 3088f8c3 fmadd.s          f17, f17, f8, f6    f17=xxxxxxxx f17:411d1429  f8:409b827a  f6:43c77c7d
18208954ns          311586 1c0086e8 1106f853 fmul.s           f16, f13, f16       f16=xxxxxxxx f13:3feca445 f16:40b71e99
18208974ns          311587 1c0086ec 000ea303 lw               x6, 0(x29)           x6=40a34c36 x29:1000168c  PA:1000168c
18208993ns          311588 1c0086f0 02878793 addi             x15, x15, 40        x15=1c0109d0 x15:1c0109a8
18209013ns          311589 1c0086f4 88787843 fmadd.s          f16, f16, f7, f17   f16=xxxxxxxx f16:412945b6  f7:40fbbc63 f17:43df574e
18209033ns          311590 1c0086f8 80e37843 fmadd.s          f16, f6, f14, f16   f16=xxxxxxxx  f6:40a34c36 f14:411d91fb f16:44047a24
18209053ns          311591 1c0086fc 030ea42b p.sw             x16, 40(x29!)       x29=100016b4 x16:44110a7f x29:1000168c  PA:1000168c
18209073ns          311592 1c008658 00052803 lw               x16, 0(x10)         x16=40e6922a x10:1c010fcc  PA:1c010fcc
18209371ns          311607 1c00865c 0007a883 lw               x17, 0(x15)         x17=3fe434c6 x15:1c0109d0  PA:1c0109d0
18209670ns          311622 1c008660 1106f853 fmul.s           f16, f13, f16       f16=xxxxxxxx f13:3feca445 f16:40e6922a
18209690ns          311623 1c008664 02852303 lw               x6, 40(x10)          x6=40d94520 x10:1c010fcc  PA:1c010ff4
18209988ns          311638 1c008668 0047a383 lw               x7, 4(x15)           x7=3ea9eacd x15:1c0109d0  PA:1c0109d4
18210286ns          311653 1c00866c f1187843 fmadd.s          f16, f16, f17, f30  f16=xxxxxxxx f16:415522b3 f17:3fe434c6 f30:00000000
18210306ns          311654 1c008670 1066f353 fmul.s           f6, f13, f6          f6=xxxxxxxx f13:3feca445  f6:40d94520
18210326ns          311655 1c008674 05052883 lw               x17, 80(x10)        x17=405b0d4f x10:1c010fcc  PA:1c01101c
18210624ns          311670 1c008678 0087a403 lw               x8, 8(x15)           x8=40d2ef84 x15:1c0109d0  PA:1c0109d8
18210943ns          311686 1c00867a 80737343 fmadd.s          f6, f6, f7, f16      f6=xxxxxxxx  f6:4148d724  f7:3ea9eacd f16:41bdfed7
18210963ns          311687 1c00867e 1116f8d3 fmul.s           f17, f13, f17       f17=xxxxxxxx f13:3feca445 f17:405b0d4f
18210982ns          311688 1c008682 07852803 lw               x16, 120(x10)       x16=3fb63482 x10:1c010fcc  PA:1c011044
18211281ns          311703 1c008686 00c7a383 lw               x7, 12(x15)          x7=40e0a6ee x15:1c0109d0  PA:1c0109dc
18211579ns          311718 1c00868a 3088f8c3 fmadd.s          f17, f17, f8, f6    f17=xxxxxxxx f17:40ca7cd4  f8:40d2ef84  f6:41df5266
18211599ns          311719 1c00868e 1106f853 fmul.s           f16, f13, f16       f16=xxxxxxxx f13:3feca445 f16:3fb63482
18211619ns          311720 1c008692 0a052303 lw               x6, 160(x10)         x6=403e919f x10:1c010fcc  PA:1c01106c
18211937ns          311736 1c008696 0107a403 lw               x8, 16(x15)          x8=410949c7 x15:1c0109d0  PA:1c0109e0
18212236ns          311751 1c008698 88787843 fmadd.s          f16, f16, f7, f17   f16=xxxxxxxx f16:40286d53  f7:40e0a6ee f17:428b4086
18212256ns          311752 1c00869c 1066f353 fmul.s           f6, f13, f6          f6=xxxxxxxx f13:3feca445  f6:403e919f
18212275ns          311753 1c0086a0 0c852883 lw               x17, 200(x10)       x17=41089a5e x10:1c010fcc  PA:1c011094
18212574ns          311768 1c0086a4 0147a383 lw               x7, 20(x15)          x7=40fc045f x15:1c0109d0  PA:1c0109e4
18212872ns          311783 1c0086a8 80837343 fmadd.s          f6, f6, f8, f16      f6=xxxxxxxx  f6:40b02887  f8:410949c7 f16:42b033e5
18212892ns          311784 1c0086ac 1116f8d3 fmul.s           f17, f13, f17       f17=xxxxxxxx f13:3feca445 f17:41089a5e
18212912ns          311785 1c0086b0 0f052803 lw               x16, 240(x10)       x16=4057cd0c x10:1c010fcc  PA:1c0110bc
18213230ns          311801 1c0086b4 0187a403 lw               x8, 24(x15)          x8=4075e4ea x15:1c0109d0  PA:1c0109e8
18213529ns          311816 1c0086b6 3078f8c3 fmadd.s          f17, f17, f7, f6    f17=xxxxxxxx f17:417c8bed  f7:40fc045f  f6:4307562d
18213548ns          311817 1c0086ba 1106f853 fmul.s           f16, f13, f16       f16=xxxxxxxx f13:3feca445 f16:4057cd0c
18213568ns          311818 1c0086be 11852303 lw               x6, 280(x10)         x6=3f25f156 x10:1c010fcc  PA:1c0110e4
18213867ns          311833 1c0086c2 01c7a383 lw               x7, 28(x15)          x7=40951ac2 x15:1c0109d0  PA:1c0109ec
18214165ns          311848 1c0086c6 88887843 fmadd.s          f16, f16, f8, f17   f16=xxxxxxxx f16:40c77b81  f8:4075e4ea f17:4381d29a
18214185ns          311849 1c0086ca 1066f353 fmul.s           f6, f13, f6          f6=xxxxxxxx f13:3feca445  f6:3f25f156
18214205ns          311850 1c0086ce 14052883 lw               x17, 320(x10)       x17=40a9edb1 x10:1c010fcc  PA:1c01110c
18214523ns          311866 1c0086d2 0207a403 lw               x8, 32(x15)          x8=3fd3f108 x15:1c0109d0  PA:1c0109f0
18214821ns          311881 1c0086d4 80737343 fmadd.s          f6, f6, f7, f16      f6=xxxxxxxx  f6:3f9964f7  f7:40951ac2 f16:438dcc53
18214841ns          311882 1c0086d8 1116f8d3 fmul.s           f17, f13, f17       f17=xxxxxxxx f13:3feca445 f17:40a9edb1
18214861ns          311883 1c0086dc 16852803 lw               x16, 360(x10)       x16=40b71e99 x10:1c010fcc  PA:1c011134
18215160ns          311898 1c0086e0 0247a383 lw               x7, 36(x15)          x7=3fdb9aaa x15:1c0109d0  PA:1c0109f4
18215458ns          311913 1c0086e4 3088f8c3 fmadd.s          f17, f17, f8, f6    f17=xxxxxxxx f17:411d1429  f8:3fd3f108  f6:43909711
18215478ns          311914 1c0086e8 1106f853 fmul.s           f16, f13, f16       f16=xxxxxxxx f13:3feca445 f16:40b71e99
18215498ns          311915 1c0086ec 000ea303 lw               x6, 0(x29)           x6=4052d2d0 x29:100016b4  PA:100016b4
18215518ns          311916 1c0086f0 02878793 addi             x15, x15, 40        x15=1c0109f8 x15:1c0109d0
18215537ns          311917 1c0086f4 88787843 fmadd.s          f16, f16, f7, f17   f16=xxxxxxxx f16:412945b6  f7:3fdb9aaa f17:4398b7c9
18215557ns          311918 1c0086f8 80e37843 fmadd.s          f16, f6, f14, f16   f16=xxxxxxxx  f6:4052d2d0 f14:411d91fb f16:43a1cb17
18215577ns          311919 1c0086fc 030ea42b p.sw             x16, 40(x29!)       x29=100016dc x16:43b20387 x29:100016b4  PA:100016b4
18215597ns          311920 1c008658 00052803 lw               x16, 0(x10)         x16=40e6922a x10:1c010fcc  PA:1c010fcc
18215915ns          311936 1c00865c 0007a883 lw               x17, 0(x15)         x17=40f724db x15:1c0109f8  PA:1c0109f8
18216214ns          311951 1c008660 1106f853 fmul.s           f16, f13, f16       f16=xxxxxxxx f13:3feca445 f16:40e6922a
18216234ns          311952 1c008664 02852303 lw               x6, 40(x10)          x6=40d94520 x10:1c010fcc  PA:1c010ff4
18216532ns          311967 1c008668 0047a383 lw               x7, 4(x15)           x7=411ba4c3 x15:1c0109f8  PA:1c0109fc
18216830ns          311982 1c00866c f1187843 fmadd.s          f16, f16, f17, f30  f16=xxxxxxxx f16:415522b3 f17:40f724db f30:00000000
18216850ns          311983 1c008670 1066f353 fmul.s           f6, f13, f6          f6=xxxxxxxx f13:3feca445  f6:40d94520
18216870ns          311984 1c008674 05052883 lw               x17, 80(x10)        x17=405b0d4f x10:1c010fcc  PA:1c01101c
18217188ns          312000 1c008678 0087a403 lw               x8, 8(x15)           x8=411378f2 x15:1c0109f8  PA:1c010a00
18217487ns          312015 1c00867a 80737343 fmadd.s          f6, f6, f7, f16      f6=xxxxxxxx  f6:4148d724  f7:411ba4c3 f16:42cdc32a
18217507ns          312016 1c00867e 1116f8d3 fmul.s           f17, f13, f17       f17=xxxxxxxx f13:3feca445 f17:405b0d4f
18217527ns          312017 1c008682 07852803 lw               x16, 120(x10)       x16=3fb63482 x10:1c010fcc  PA:1c011044
18217825ns          312032 1c008686 00c7a383 lw               x7, 12(x15)          x7=408ce3e2 x15:1c0109f8  PA:1c010a04
18218123ns          312047 1c00868a 3088f8c3 fmadd.s          f17, f17, f8, f6    f17=xxxxxxxx f17:40ca7cd4  f8:411378f2  f6:4360fd1b
18218143ns          312048 1c00868e 1106f853 fmul.s           f16, f13, f16       f16=xxxxxxxx f13:3feca445 f16:3fb63482
18218163ns          312049 1c008692 0a052303 lw               x6, 160(x10)         x6=403e919f x10:1c010fcc  PA:1c01106c
18218481ns          312065 1c008696 0107a403 lw               x8, 16(x15)          x8=3f897409 x15:1c0109f8  PA:1c010a08
18218780ns          312080 1c008698 88787843 fmadd.s          f16, f16, f7, f17   f16=xxxxxxxx f16:40286d53  f7:408ce3e2 f17:438da7e3
18218800ns          312081 1c00869c 1066f353 fmul.s           f6, f13, f6          f6=xxxxxxxx f13:3feca445  f6:403e919f
18218819ns          312082 1c0086a0 0c852883 lw               x17, 200(x10)       x17=41089a5e x10:1c010fcc  PA:1c011094
18219118ns          312097 1c0086a4 0147a383 lw               x7, 20(x15)          x7=4086046f x15:1c0109f8  PA:1c010a0c
18219416ns          312112 1c0086a8 80837343 fmadd.s          f6, f6, f8, f16      f6=xxxxxxxx  f6:40b02887  f8:3f897409 f16:439372fe
18219436ns          312113 1c0086ac 1116f8d3 fmul.s           f17, f13, f17       f17=xxxxxxxx f13:3feca445 f17:41089a5e
18219456ns          312114 1c0086b0 0f052803 lw               x16, 240(x10)       x16=4057cd0c x10:1c010fcc  PA:1c0110bc
18219754ns          312129 1c0086b4 0187a403 lw               x8, 24(x15)          x8=40fb0608 x15:1c0109f8  PA:1c010a10
18220053ns          312144 1c0086b6 3078f8c3 fmadd.s          f17, f17, f7, f6    f17=xxxxxxxx f17:417c8bed  f7:4086046f  f6:439667aa
18220073ns          312145 1c0086ba 1106f853 fmul.s           f16, f13, f16       f16=xxxxxxxx f13:3feca445 f16:4057cd0c
18220092ns          312146 1c0086be 11852303 lw               x6, 280(x10)         x6=3f25f156 x10:1c010fcc  PA:1c0110e4
18220391ns          312161 1c0086c2 01c7a383 lw               x7, 28(x15)          x7=40af8cda x15:1c0109f8  PA:1c010a14
18220689ns          312176 1c0086c6 88887843 fmadd.s          f16, f16, f8, f17   f16=xxxxxxxx f16:40c77b81  f8:40fb0608 f17:43b77511
18220709ns          312177 1c0086ca 1066f353 fmul.s           f6, f13, f6          f6=xxxxxxxx f13:3feca445  f6:3f25f156
18220729ns          312178 1c0086ce 14052883 lw               x17, 320(x10)       x17=40a9edb1 x10:1c010fcc  PA:1c01110c
18221027ns          312193 1c0086d2 0207a403 lw               x8, 32(x15)          x8=4103c68f x15:1c0109f8  PA:1c010a18
18221326ns          312208 1c0086d4 80737343 fmadd.s          f6, f6, f7, f16      f6=xxxxxxxx  f6:3f9964f7  f7:40af8cda f16:43cfe86a
18221346ns          312209 1c0086d8 1116f8d3 fmul.s           f17, f13, f17       f17=xxxxxxxx f13:3feca445 f17:40a9edb1
18221365ns          312210 1c0086dc 16852803 lw               x16, 360(x10)       x16=40b71e99 x10:1c010fcc  PA:1c011134
18221664ns          312225 1c0086e0 0247a383 lw               x7, 36(x15)          x7=3fe22155 x15:1c0109f8  PA:1c010a1c
18221962ns          312240 1c0086e4 3088f8c3 fmadd.s          f17, f17, f8, f6    f17=xxxxxxxx f17:411d1429  f8:4103c68f  f6:43d331ed
18221982ns          312241 1c0086e8 1106f853 fmul.s           f16, f13, f16       f16=xxxxxxxx f13:3feca445 f16:40b71e99
18222002ns          312242 1c0086ec 000ea303 lw               x6, 0(x29)           x6=3efe76da x29:100016dc  PA:100016dc
18222022ns          312243 1c0086f0 02878793 addi             x15, x15, 40        x15=1c010a20 x15:1c0109f8
18222042ns          312244 1c0086f4 88787843 fmadd.s          f16, f16, f7, f17   f16=xxxxxxxx f16:412945b6  f7:3fe22155 f17:43fb9f80
18222062ns          312245 1c0086f8 80e37843 fmadd.s          f16, f6, f14, f16   f16=xxxxxxxx  f6:3efe76da f14:411d91fb f16:44027bed
18222082ns          312246 1c0086fc 030ea42b p.sw             x16, 40(x29!)       x29=10001704 x16:4403b52d x29:100016dc  PA:100016dc
18222101ns          312247 1c008658 00052803 lw               x16, 0(x10)         x16=40e6922a x10:1c010fcc  PA:1c010fcc
18222400ns          312262 1c00865c 0007a883 lw               x17, 0(x15)         x17=40f0265f x15:1c010a20  PA:1c010a20
18222698ns          312277 1c008660 1106f853 fmul.s           f16, f13, f16       f16=xxxxxxxx f13:3feca445 f16:40e6922a
18222718ns          312278 1c008664 02852303 lw               x6, 40(x10)          x6=40d94520 x10:1c010fcc  PA:1c010ff4
18223016ns          312293 1c008668 0047a383 lw               x7, 4(x15)           x7=41013d49 x15:1c010a20  PA:1c010a24
18223315ns          312308 1c00866c f1187843 fmadd.s          f16, f16, f17, f30  f16=xxxxxxxx f16:415522b3 f17:40f0265f f30:00000000
18223335ns          312309 1c008670 1066f353 fmul.s           f6, f13, f6          f6=xxxxxxxx f13:3feca445  f6:40d94520
18223355ns          312310 1c008674 05052883 lw               x17, 80(x10)        x17=405b0d4f x10:1c010fcc  PA:1c01101c
18223653ns          312325 1c008678 0087a403 lw               x8, 8(x15)           x8=410d16c3 x15:1c010a20  PA:1c010a28
18223951ns          312340 1c00867a 80737343 fmadd.s          f6, f6, f7, f16      f6=xxxxxxxx  f6:4148d724  f7:41013d49 f16:42c7f07a
18223971ns          312341 1c00867e 1116f8d3 fmul.s           f17, f13, f17       f17=xxxxxxxx f13:3feca445 f17:405b0d4f
18223991ns          312342 1c008682 07852803 lw               x16, 120(x10)       x16=3fb63482 x10:1c010fcc  PA:1c011044
18224289ns          312357 1c008686 00c7a383 lw               x7, 12(x15)          x7=3e34584b x15:1c010a20  PA:1c010a2c
18224588ns          312372 1c00868a 3088f8c3 fmadd.s          f17, f17, f8, f6    f17=xxxxxxxx f17:40ca7cd4  f8:410d16c3  f6:43495cbb
18224608ns          312373 1c00868e 1106f853 fmul.s           f16, f13, f16       f16=xxxxxxxx f13:3feca445 f16:3fb63482
18224628ns          312374 1c008692 0a052303 lw               x6, 160(x10)         x6=403e919f x10:1c010fcc  PA:1c01106c
18224926ns          312389 1c008696 0107a403 lw               x8, 16(x15)          x8=3f506ce1 x15:1c010a20  PA:1c010a30
18225244ns          312405 1c008698 88787843 fmadd.s          f16, f16, f7, f17   f16=xxxxxxxx f16:40286d53  f7:3e34584b f17:4380948e
18225264ns          312406 1c00869c 1066f353 fmul.s           f6, f13, f6          f6=xxxxxxxx f13:3feca445  f6:403e919f
18225284ns          312407 1c0086a0 0c852883 lw               x17, 200(x10)       x17=41089a5e x10:1c010fcc  PA:1c011094
18225582ns          312422 1c0086a4 0147a383 lw               x7, 20(x15)          x7=3e040bf5 x15:1c010a20  PA:1c010a34
18225881ns          312437 1c0086a8 80837343 fmadd.s          f6, f6, f8, f16      f6=xxxxxxxx  f6:40b02887  f8:3f506ce1 f16:4380cfe1
18225901ns          312438 1c0086ac 1116f8d3 fmul.s           f17, f13, f17       f17=xxxxxxxx f13:3feca445 f17:41089a5e
18225920ns          312439 1c0086b0 0f052803 lw               x16, 240(x10)       x16=4057cd0c x10:1c010fcc  PA:1c0110bc
18226219ns          312454 1c0086b4 0187a403 lw               x8, 24(x15)          x8=40fe5cb5 x15:1c010a20  PA:1c010a38
18226537ns          312470 1c0086b6 3078f8c3 fmadd.s          f17, f17, f7, f6    f17=xxxxxxxx f17:417c8bed  f7:3e040bf5  f6:43830d90
18226557ns          312471 1c0086ba 1106f853 fmul.s           f16, f13, f16       f16=xxxxxxxx f13:3feca445 f16:4057cd0c
18226577ns          312472 1c0086be 11852303 lw               x6, 280(x10)         x6=3f25f156 x10:1c010fcc  PA:1c0110e4
18226875ns          312487 1c0086c2 01c7a383 lw               x7, 28(x15)          x7=40a2573d x15:1c010a20  PA:1c010a3c
18227174ns          312502 1c0086c6 88887843 fmadd.s          f16, f16, f8, f17   f16=xxxxxxxx f16:40c77b81  f8:40fe5cb5 f17:43841218
18227193ns          312503 1c0086ca 1066f353 fmul.s           f6, f13, f6          f6=xxxxxxxx f13:3feca445  f6:3f25f156
18227213ns          312504 1c0086ce 14052883 lw               x17, 320(x10)       x17=40a9edb1 x10:1c010fcc  PA:1c01110c
18227512ns          312519 1c0086d2 0207a403 lw               x8, 32(x15)          x8=408592b1 x15:1c010a20  PA:1c010a40
18227830ns          312535 1c0086d4 80737343 fmadd.s          f6, f6, f7, f16      f6=xxxxxxxx  f6:3f9964f7  f7:40a2573d f16:439cd8b1
18227850ns          312536 1c0086d8 1116f8d3 fmul.s           f17, f13, f17       f17=xxxxxxxx f13:3feca445 f17:40a9edb1
18227870ns          312537 1c0086dc 16852803 lw               x16, 360(x10)       x16=40b71e99 x10:1c010fcc  PA:1c011134
18228168ns          312552 1c0086e0 0247a383 lw               x7, 36(x15)          x7=411ba146 x15:1c010a20  PA:1c010a44
18228466ns          312567 1c0086e4 3088f8c3 fmadd.s          f17, f17, f8, f6    f17=xxxxxxxx f17:411d1429  f8:408592b1  f6:439fe2e2
18228486ns          312568 1c0086e8 1106f853 fmul.s           f16, f13, f16       f16=xxxxxxxx f13:3feca445 f16:40b71e99
18228506ns          312569 1c0086ec 000ea303 lw               x6, 0(x29)           x6=4049e8ae x29:10001704  PA:10001704
18228526ns          312570 1c0086f0 02878793 addi             x15, x15, 40        x15=1c010a48 x15:1c010a20
18228546ns          312571 1c0086f4 88787843 fmadd.s          f16, f16, f7, f17   f16=xxxxxxxx f16:412945b6  f7:411ba146 f17:43b46041
18228566ns          312572 1c0086f8 80e37843 fmadd.s          f16, f6, f14, f16   f16=xxxxxxxx  f6:4049e8ae f14:411d91fb f16:43e7d42d
18228586ns          312573 1c0086fc 030ea42b p.sw             x16, 40(x29!)       x29=1000172c x16:43f75d08 x29:10001704  PA:10001704
18228606ns          312574 1c008658 00052803 lw               x16, 0(x10)         x16=40e6922a x10:1c010fcc  PA:1c010fcc
18228904ns          312589 1c00865c 0007a883 lw               x17, 0(x15)         x17=4078e623 x15:1c010a48  PA:1c010a48
18229222ns          312605 1c008660 1106f853 fmul.s           f16, f13, f16       f16=xxxxxxxx f13:3feca445 f16:40e6922a
18229242ns          312606 1c008664 02852303 lw               x6, 40(x10)          x6=40d94520 x10:1c010fcc  PA:1c010ff4
18229541ns          312621 1c008668 0047a383 lw               x7, 4(x15)           x7=411e469f x15:1c010a48  PA:1c010a4c
18229839ns          312636 1c00866c f1187843 fmadd.s          f16, f16, f17, f30  f16=xxxxxxxx f16:415522b3 f17:4078e623 f30:00000000
18229859ns          312637 1c008670 1066f353 fmul.s           f6, f13, f6          f6=xxxxxxxx f13:3feca445  f6:40d94520
18229879ns          312638 1c008674 05052883 lw               x17, 80(x10)        x17=405b0d4f x10:1c010fcc  PA:1c01101c
18230177ns          312653 1c008678 0087a403 lw               x8, 8(x15)           x8=4048d101 x15:1c010a48  PA:1c010a50
18230495ns          312669 1c00867a 80737343 fmadd.s          f6, f6, f7, f16      f6=xxxxxxxx  f6:4148d724  f7:411e469f f16:424f3938
18230515ns          312670 1c00867e 1116f8d3 fmul.s           f17, f13, f17       f17=xxxxxxxx f13:3feca445 f17:405b0d4f
18230535ns          312671 1c008682 07852803 lw               x16, 120(x10)       x16=3fb63482 x10:1c010fcc  PA:1c011044
18230833ns          312686 1c008686 00c7a383 lw               x7, 12(x15)          x7=3d5f1afd x15:1c010a48  PA:1c010a54
18231132ns          312701 1c00868a 3088f8c3 fmadd.s          f17, f17, f8, f6    f17=xxxxxxxx f17:40ca7cd4  f8:4048d101  f6:432ffa7e
18231152ns          312702 1c00868e 1106f853 fmul.s           f16, f13, f16       f16=xxxxxxxx f13:3feca445 f16:3fb63482
18231172ns          312703 1c008692 0a052303 lw               x6, 160(x10)         x6=403e919f x10:1c010fcc  PA:1c01106c
18231470ns          312718 1c008696 0107a403 lw               x8, 16(x15)          x8=40b22bd1 x15:1c010a48  PA:1c010a58
18231768ns          312733 1c008698 88787843 fmadd.s          f16, f16, f7, f17   f16=xxxxxxxx f16:40286d53  f7:3d5f1afd f17:4343d559
18231788ns          312734 1c00869c 1066f353 fmul.s           f6, f13, f6          f6=xxxxxxxx f13:3feca445  f6:403e919f
18231808ns          312735 1c0086a0 0c852883 lw               x17, 200(x10)       x17=41089a5e x10:1c010fcc  PA:1c011094
18232106ns          312750 1c0086a4 0147a383 lw               x7, 20(x15)          x7=411f58cb x15:1c010a48  PA:1c010a5c
18232405ns          312765 1c0086a8 80837343 fmadd.s          f6, f6, f8, f16      f6=xxxxxxxx  f6:40b02887  f8:40b22bd1 f16:4343fa0b
18232425ns          312766 1c0086ac 1116f8d3 fmul.s           f17, f13, f17       f17=xxxxxxxx f13:3feca445 f17:41089a5e
18232445ns          312767 1c0086b0 0f052803 lw               x16, 240(x10)       x16=4057cd0c x10:1c010fcc  PA:1c0110bc
18232743ns          312782 1c0086b4 0187a403 lw               x8, 24(x15)          x8=3f232023 x15:1c010a48  PA:1c010a60
18233041ns          312797 1c0086b6 3078f8c3 fmadd.s          f17, f17, f7, f6    f17=xxxxxxxx f17:417c8bed  f7:411f58cb  f6:4362a0a0
18233061ns          312798 1c0086ba 1106f853 fmul.s           f16, f13, f16       f16=xxxxxxxx f13:3feca445 f16:4057cd0c
18233081ns          312799 1c0086be 11852303 lw               x6, 280(x10)         x6=3f25f156 x10:1c010fcc  PA:1c0110e4
18233379ns          312814 1c0086c2 01c7a383 lw               x7, 28(x15)          x7=40c03075 x15:1c010a48  PA:1c010a64
18233678ns          312829 1c0086c6 88887843 fmadd.s          f16, f16, f8, f17   f16=xxxxxxxx f16:40c77b81  f8:3f232023 f17:43bfe990
18233698ns          312830 1c0086ca 1066f353 fmul.s           f6, f13, f6          f6=xxxxxxxx f13:3feca445  f6:3f25f156
18233718ns          312831 1c0086ce 14052883 lw               x17, 320(x10)       x17=40a9edb1 x10:1c010fcc  PA:1c01110c
18234016ns          312846 1c0086d2 0207a403 lw               x8, 32(x15)          x8=40803562 x15:1c010a48  PA:1c010a68
18234314ns          312861 1c0086d4 80737343 fmadd.s          f6, f6, f7, f16      f6=xxxxxxxx  f6:3f9964f7  f7:40c03075 f16:43c1e603
18234334ns          312862 1c0086d8 1116f8d3 fmul.s           f17, f13, f17       f17=xxxxxxxx f13:3feca445 f17:40a9edb1
18234354ns          312863 1c0086dc 16852803 lw               x16, 360(x10)       x16=40b71e99 x10:1c010fcc  PA:1c011134
18234652ns          312878 1c0086e0 0247a383 lw               x7, 36(x15)          x7=4118157a x15:1c010a48  PA:1c010a6c
18234951ns          312893 1c0086e4 3088f8c3 fmadd.s          f17, f17, f8, f6    f17=xxxxxxxx f17:411d1429  f8:40803562  f6:43c57f49
18234971ns          312894 1c0086e8 1106f853 fmul.s           f16, f13, f16       f16=xxxxxxxx f13:3feca445 f16:40b71e99
18234991ns          312895 1c0086ec 000ea303 lw               x6, 0(x29)           x6=411581be x29:1000172c  PA:1000172c
18235011ns          312896 1c0086f0 02878793 addi             x15, x15, 40        x15=1c010a70 x15:1c010a48
18235030ns          312897 1c0086f4 88787843 fmadd.s          f16, f16, f7, f17   f16=xxxxxxxx f16:412945b6  f7:4118157a f17:43d929fe
18235050ns          312898 1c0086f8 80e37843 fmadd.s          f16, f6, f14, f16   f16=xxxxxxxx  f6:411581be f14:411d91fb f16:4405b8e5
18235070ns          312899 1c0086fc 030ea42b p.sw             x16, 40(x29!)       x29=10001754 x16:441cba5a x29:1000172c  PA:1000172c
18235090ns          312900 1c008658 00052803 lw               x16, 0(x10)         x16=40e6922a x10:1c010fcc  PA:1c010fcc
18235388ns          312915 1c00865c 0007a883 lw               x17, 0(x15)         x17=41136705 x15:1c010a70  PA:1c010a70
18235687ns          312930 1c008660 1106f853 fmul.s           f16, f13, f16       f16=xxxxxxxx f13:3feca445 f16:40e6922a
18235707ns          312931 1c008664 02852303 lw               x6, 40(x10)          x6=40d94520 x10:1c010fcc  PA:1c010ff4
18236005ns          312946 1c008668 0047a383 lw               x7, 4(x15)           x7=40b4c386 x15:1c010a70  PA:1c010a74
18236303ns          312961 1c00866c f1187843 fmadd.s          f16, f16, f17, f30  f16=xxxxxxxx f16:415522b3 f17:41136705 f30:00000000
18236323ns          312962 1c008670 1066f353 fmul.s           f6, f13, f6          f6=xxxxxxxx f13:3feca445  f6:40d94520
18236343ns          312963 1c008674 05052883 lw               x17, 80(x10)        x17=405b0d4f x10:1c010fcc  PA:1c01101c
18236642ns          312978 1c008678 0087a403 lw               x8, 8(x15)           x8=3f268635 x15:1c010a70  PA:1c010a78
18236940ns          312993 1c00867a 80737343 fmadd.s          f6, f6, f7, f16      f6=xxxxxxxx  f6:4148d724  f7:40b4c386 f16:42f57164
18236960ns          312994 1c00867e 1116f8d3 fmul.s           f17, f13, f17       f17=xxxxxxxx f13:3feca445 f17:405b0d4f
18236980ns          312995 1c008682 07852803 lw               x16, 120(x10)       x16=3fb63482 x10:1c010fcc  PA:1c011044
18237278ns          313010 1c008686 00c7a383 lw               x7, 12(x15)          x7=3fc63485 x15:1c010a70  PA:1c010a7c
18237576ns          313025 1c00868a 3088f8c3 fmadd.s          f17, f17, f8, f6    f17=xxxxxxxx f17:40ca7cd4  f8:3f268635  f6:4341a107
18237596ns          313026 1c00868e 1106f853 fmul.s           f16, f13, f16       f16=xxxxxxxx f13:3feca445 f16:3fb63482
18237616ns          313027 1c008692 0a052303 lw               x6, 160(x10)         x6=403e919f x10:1c010fcc  PA:1c01106c
18237915ns          313042 1c008696 0107a403 lw               x8, 16(x15)          x8=3fb22991 x15:1c010a70  PA:1c010a80
18238213ns          313057 1c008698 88787843 fmadd.s          f16, f16, f7, f17   f16=xxxxxxxx f16:40286d53  f7:3fc63485 f17:4345bec0
18238233ns          313058 1c00869c 1066f353 fmul.s           f6, f13, f6          f6=xxxxxxxx f13:3feca445  f6:403e919f
18238253ns          313059 1c0086a0 0c852883 lw               x17, 200(x10)       x17=41089a5e x10:1c010fcc  PA:1c011094
18238571ns          313075 1c0086a4 0147a383 lw               x7, 20(x15)          x7=3f30486e x15:1c010a70  PA:1c010a84
18238869ns          313090 1c0086a8 80837343 fmadd.s          f6, f6, f8, f16      f6=xxxxxxxx  f6:40b02887  f8:3fb22991 f16:4349d1f9
18238889ns          313091 1c0086ac 1116f8d3 fmul.s           f17, f13, f17       f17=xxxxxxxx f13:3feca445 f17:41089a5e
18238909ns          313092 1c0086b0 0f052803 lw               x16, 240(x10)       x16=4057cd0c x10:1c010fcc  PA:1c0110bc
18239207ns          313107 1c0086b4 0187a403 lw               x8, 24(x15)          x8=40bff5ca x15:1c010a70  PA:1c010a88
18239506ns          313122 1c0086b6 3078f8c3 fmadd.s          f17, f17, f7, f6    f17=xxxxxxxx f17:417c8bed  f7:3f30486e  f6:43517b86
18239526ns          313123 1c0086ba 1106f853 fmul.s           f16, f13, f16       f16=xxxxxxxx f13:3feca445 f16:4057cd0c
18239546ns          313124 1c0086be 11852303 lw               x6, 280(x10)         x6=3f25f156 x10:1c010fcc  PA:1c0110e4
18239864ns          313140 1c0086c2 01c7a383 lw               x7, 28(x15)          x7=40907c75 x15:1c010a70  PA:1c010a8c
18240162ns          313155 1c0086c6 88887843 fmadd.s          f16, f16, f8, f17   f16=xxxxxxxx f16:40c77b81  f8:40bff5ca f17:435c5a00
18240182ns          313156 1c0086ca 1066f353 fmul.s           f6, f13, f6          f6=xxxxxxxx f13:3feca445  f6:3f25f156
18240202ns          313157 1c0086ce 14052883 lw               x17, 320(x10)       x17=40a9edb1 x10:1c010fcc  PA:1c01110c
18240500ns          313172 1c0086d2 0207a403 lw               x8, 32(x15)          x8=40f2aadf x15:1c010a70  PA:1c010a90
18240799ns          313187 1c0086d4 80737343 fmadd.s          f6, f6, f7, f16      f6=xxxxxxxx  f6:3f9964f7  f7:40907c75 f16:4380df95
18240819ns          313188 1c0086d8 1116f8d3 fmul.s           f17, f13, f17       f17=xxxxxxxx f13:3feca445 f17:40a9edb1
18240839ns          313189 1c0086dc 16852803 lw               x16, 360(x10)       x16=40b71e99 x10:1c010fcc  PA:1c011134
18241157ns          313205 1c0086e0 0247a383 lw               x7, 36(x15)          x7=40a1b290 x15:1c010a70  PA:1c010a94
18241455ns          313220 1c0086e4 3088f8c3 fmadd.s          f17, f17, f8, f6    f17=xxxxxxxx f17:411d1429  f8:40f2aadf  f6:43839430
18241475ns          313221 1c0086e8 1106f853 fmul.s           f16, f13, f16       f16=xxxxxxxx f13:3feca445 f16:40b71e99
18241495ns          313222 1c0086ec 000ea303 lw               x6, 0(x29)           x6=3df0ca81 x29:10001754  PA:10001754
18241515ns          313223 1c0086f0 02878793 addi             x15, x15, 40        x15=1c010a98 x15:1c010a70
18241535ns          313224 1c0086f4 88787843 fmadd.s          f16, f16, f7, f17   f16=xxxxxxxx f16:412945b6  f7:40a1b290 f17:43a8cdaa
18241555ns          313225 1c0086f8 80e37843 fmadd.s          f16, f6, f14, f16   f16=xxxxxxxx  f6:3df0ca81 f14:411d91fb f16:43c38864
18241574ns          313226 1c0086fc 030ea42b p.sw             x16, 40(x29!)       x29=1000177c x16:43c41c99 x29:10001754  PA:10001754
18241594ns          313227 1c008658 00052803 lw               x16, 0(x10)         x16=40e6922a x10:1c010fcc  PA:1c010fcc
18241893ns          313242 1c00865c 0007a883 lw               x17, 0(x15)         x17=410c7726 x15:1c010a98  PA:1c010a98
18242191ns          313257 1c008660 1106f853 fmul.s           f16, f13, f16       f16=xxxxxxxx f13:3feca445 f16:40e6922a
18242211ns          313258 1c008664 02852303 lw               x6, 40(x10)          x6=40d94520 x10:1c010fcc  PA:1c010ff4
18242529ns          313274 1c008668 0047a383 lw               x7, 4(x15)           x7=409cc11d x15:1c010a98  PA:1c010a9c
18242828ns          313289 1c00866c f1187843 fmadd.s          f16, f16, f17, f30  f16=xxxxxxxx f16:415522b3 f17:410c7726 f30:00000000
18242847ns          313290 1c008670 1066f353 fmul.s           f6, f13, f6          f6=xxxxxxxx f13:3feca445  f6:40d94520
18242867ns          313291 1c008674 05052883 lw               x17, 80(x10)        x17=405b0d4f x10:1c010fcc  PA:1c01101c
18243166ns          313306 1c008678 0087a403 lw               x8, 8(x15)           x8=410e9b66 x15:1c010a98  PA:1c010aa0
18243464ns          313321 1c00867a 80737343 fmadd.s          f6, f6, f7, f16      f6=xxxxxxxx  f6:4148d724  f7:409cc11d f16:42e9e459
18243484ns          313322 1c00867e 1116f8d3 fmul.s           f17, f13, f17       f17=xxxxxxxx f13:3feca445 f17:405b0d4f
18243504ns          313323 1c008682 07852803 lw               x16, 120(x10)       x16=3fb63482 x10:1c010fcc  PA:1c011044
18243822ns          313339 1c008686 00c7a383 lw               x7, 12(x15)          x7=4111146c x15:1c010a98  PA:1c010aa4
18244120ns          313354 1c00868a 3088f8c3 fmadd.s          f17, f17, f8, f6    f17=xxxxxxxx f17:40ca7cd4  f8:410e9b66  f6:43326f7a
18244140ns          313355 1c00868e 1106f853 fmul.s           f16, f13, f16       f16=xxxxxxxx f13:3feca445 f16:3fb63482
18244160ns          313356 1c008692 0a052303 lw               x6, 160(x10)         x6=403e919f x10:1c010fcc  PA:1c01106c
18244459ns          313371 1c008696 0107a403 lw               x8, 16(x15)          x8=411cf295 x15:1c010a98  PA:1c010aa8
18244757ns          313386 1c008698 88787843 fmadd.s          f16, f16, f7, f17   f16=xxxxxxxx f16:40286d53  f7:4111146c f17:436ad58e
18244777ns          313387 1c00869c 1066f353 fmul.s           f6, f13, f6          f6=xxxxxxxx f13:3feca445  f6:403e919f
18244797ns          313388 1c0086a0 0c852883 lw               x17, 200(x10)       x17=41089a5e x10:1c010fcc  PA:1c011094
18245115ns          313404 1c0086a4 0147a383 lw               x7, 20(x15)          x7=410e9e20 x15:1c010a98  PA:1c010aac
18245413ns          313419 1c0086a8 80837343 fmadd.s          f6, f6, f8, f16      f6=xxxxxxxx  f6:40b02887  f8:411cf295 f16:43815932
18245433ns          313420 1c0086ac 1116f8d3 fmul.s           f17, f13, f17       f17=xxxxxxxx f13:3feca445 f17:41089a5e
18245453ns          313421 1c0086b0 0f052803 lw               x16, 240(x10)       x16=4057cd0c x10:1c010fcc  PA:1c0110bc
18245752ns          313436 1c0086b4 0187a403 lw               x8, 24(x15)          x8=4117932f x15:1c010a98  PA:1c010ab0
18246050ns          313451 1c0086b6 3078f8c3 fmadd.s          f17, f17, f7, f6    f17=xxxxxxxx f17:417c8bed  f7:410e9e20  f6:439c591a
18246070ns          313452 1c0086ba 1106f853 fmul.s           f16, f13, f16       f16=xxxxxxxx f13:3feca445 f16:4057cd0c
18246090ns          313453 1c0086be 11852303 lw               x6, 280(x10)         x6=3f25f156 x10:1c010fcc  PA:1c0110e4
18246388ns          313468 1c0086c2 01c7a383 lw               x7, 28(x15)          x7=409564dd x15:1c010a98  PA:1c010ab4
18246686ns          313483 1c0086c6 88887843 fmadd.s          f16, f16, f8, f17   f16=xxxxxxxx f16:40c77b81  f8:4117932f f17:43e2b1e8
18246706ns          313484 1c0086ca 1066f353 fmul.s           f6, f13, f6          f6=xxxxxxxx f13:3feca445  f6:3f25f156
18246726ns          313485 1c0086ce 14052883 lw               x17, 320(x10)       x17=40a9edb1 x10:1c010fcc  PA:1c01110c
18247025ns          313500 1c0086d2 0207a403 lw               x8, 32(x15)          x8=4093773f x15:1c010a98  PA:1c010ab8
18247323ns          313515 1c0086d4 80737343 fmadd.s          f6, f6, f7, f16      f6=xxxxxxxx  f6:3f9964f7  f7:409564dd f16:44001c85
18247343ns          313516 1c0086d8 1116f8d3 fmul.s           f17, f13, f17       f17=xxxxxxxx f13:3feca445 f17:40a9edb1
18247363ns          313517 1c0086dc 16852803 lw               x16, 360(x10)       x16=40b71e99 x10:1c010fcc  PA:1c011134
18247661ns          313532 1c0086e0 0247a383 lw               x7, 36(x15)          x7=40848fc1 x15:1c010a98  PA:1c010abc
18247959ns          313547 1c0086e4 3088f8c3 fmadd.s          f17, f17, f8, f6    f17=xxxxxxxx f17:411d1429  f8:4093773f  f6:44018296
18247979ns          313548 1c0086e8 1106f853 fmul.s           f16, f13, f16       f16=xxxxxxxx f13:3feca445 f16:40b71e99
18247999ns          313549 1c0086ec 000ea303 lw               x6, 0(x29)           x6=3f98164e x29:1000177c  PA:1000177c
18248019ns          313550 1c0086f0 02878793 addi             x15, x15, 40        x15=1c010ac0 x15:1c010a98
18248039ns          313551 1c0086f4 88787843 fmadd.s          f16, f16, f7, f17   f16=xxxxxxxx f16:412945b6  f7:40848fc1 f17:440cd20e
18248059ns          313552 1c0086f8 80e37843 fmadd.s          f16, f6, f14, f16   f16=xxxxxxxx  f6:3f98164e f14:411d91fb f16:4417c6ee
18248079ns          313553 1c0086fc 030ea42b p.sw             x16, 40(x29!)       x29=100017a4 x16:441ab3d1 x29:1000177c  PA:1000177c
18248099ns          313554 1c008658 00052803 lw               x16, 0(x10)         x16=40e6922a x10:1c010fcc  PA:1c010fcc
18248397ns          313569 1c00865c 0007a883 lw               x17, 0(x15)         x17=3f715ac3 x15:1c010ac0  PA:1c010ac0
18248695ns          313584 1c008660 1106f853 fmul.s           f16, f13, f16       f16=xxxxxxxx f13:3feca445 f16:40e6922a
18248715ns          313585 1c008664 02852303 lw               x6, 40(x10)          x6=40d94520 x10:1c010fcc  PA:1c010ff4
18249014ns          313600 1c008668 0047a383 lw               x7, 4(x15)           x7=4048040c x15:1c010ac0  PA:1c010ac4
18249312ns          313615 1c00866c f1187843 fmadd.s          f16, f16, f17, f30  f16=xxxxxxxx f16:415522b3 f17:3f715ac3 f30:00000000
18249332ns          313616 1c008670 1066f353 fmul.s           f6, f13, f6          f6=xxxxxxxx f13:3feca445  f6:40d94520
18249352ns          313617 1c008674 05052883 lw               x17, 80(x10)        x17=405b0d4f x10:1c010fcc  PA:1c01101c
18249650ns          313632 1c008678 0087a403 lw               x8, 8(x15)           x8=408e450e x15:1c010ac0  PA:1c010ac8
18249948ns          313647 1c00867a 80737343 fmadd.s          f6, f6, f7, f16      f6=xxxxxxxx  f6:4148d724  f7:4048040c f16:4148f13b
18249968ns          313648 1c00867e 1116f8d3 fmul.s           f17, f13, f17       f17=xxxxxxxx f13:3feca445 f17:405b0d4f
18249988ns          313649 1c008682 07852803 lw               x16, 120(x10)       x16=3fb63482 x10:1c010fcc  PA:1c011044
18250287ns          313664 1c008686 00c7a383 lw               x7, 12(x15)          x7=4107c1ec x15:1c010ac0  PA:1c010acc
18250585ns          313679 1c00868a 3088f8c3 fmadd.s          f17, f17, f8, f6    f17=xxxxxxxx f17:40ca7cd4  f8:408e450e  f6:424f2790
18250605ns          313680 1c00868e 1106f853 fmul.s           f16, f13, f16       f16=xxxxxxxx f13:3feca445 f16:3fb63482
18250625ns          313681 1c008692 0a052303 lw               x6, 160(x10)         x6=403e919f x10:1c010fcc  PA:1c01106c
18250923ns          313696 1c008696 0107a403 lw               x8, 16(x15)          x8=4095fac3 x15:1c010ac0  PA:1c010ad0
18251221ns          313711 1c008698 88787843 fmadd.s          f16, f16, f7, f17   f16=xxxxxxxx f16:40286d53  f7:4107c1ec f17:429fd7b6
18251241ns          313712 1c00869c 1066f353 fmul.s           f6, f13, f6          f6=xxxxxxxx f13:3feca445  f6:403e919f
18251261ns          313713 1c0086a0 0c852883 lw               x17, 200(x10)       x17=41089a5e x10:1c010fcc  PA:1c011094
18251560ns          313728 1c0086a4 0147a383 lw               x7, 20(x15)          x7=41121d4e x15:1c010ac0  PA:1c010ad4
18251878ns          313744 1c0086a8 80837343 fmadd.s          f6, f6, f8, f16      f6=xxxxxxxx  f6:40b02887  f8:4095fac3 f16:42cc8054
18251898ns          313745 1c0086ac 1116f8d3 fmul.s           f17, f13, f17       f17=xxxxxxxx f13:3feca445 f17:41089a5e
18251918ns          313746 1c0086b0 0f052803 lw               x16, 240(x10)       x16=4057cd0c x10:1c010fcc  PA:1c0110bc
18252216ns          313761 1c0086b4 0187a403 lw               x8, 24(x15)          x8=3ff1facf x15:1c010ac0  PA:1c010ad8
18252514ns          313776 1c0086b6 3078f8c3 fmadd.s          f17, f17, f7, f6    f17=xxxxxxxx f17:417c8bed  f7:41121d4e  f6:43000d33
18252534ns          313777 1c0086ba 1106f853 fmul.s           f16, f13, f16       f16=xxxxxxxx f13:3feca445 f16:4057cd0c
18252554ns          313778 1c0086be 11852303 lw               x6, 280(x10)         x6=3f25f156 x10:1c010fcc  PA:1c0110e4
18252853ns          313793 1c0086c2 01c7a383 lw               x7, 28(x15)          x7=40fce41e x15:1c010ac0  PA:1c010adc
18253171ns          313809 1c0086c6 88887843 fmadd.s          f16, f16, f8, f17   f16=xxxxxxxx f16:40c77b81  f8:3ff1facf f17:438818f4
18253191ns          313810 1c0086ca 1066f353 fmul.s           f6, f13, f6          f6=xxxxxxxx f13:3feca445  f6:3f25f156
18253211ns          313811 1c0086ce 14052883 lw               x17, 320(x10)       x17=40a9edb1 x10:1c010fcc  PA:1c01110c
18253509ns          313826 1c0086d2 0207a403 lw               x8, 32(x15)          x8=4111ef9d x15:1c010ac0  PA:1c010ae0
18253807ns          313841 1c0086d4 80737343 fmadd.s          f6, f6, f7, f16      f6=xxxxxxxx  f6:3f9964f7  f7:40fce41e f16:438dfd6a
18253827ns          313842 1c0086d8 1116f8d3 fmul.s           f17, f13, f17       f17=xxxxxxxx f13:3feca445 f17:40a9edb1
18253847ns          313843 1c0086dc 16852803 lw               x16, 360(x10)       x16=40b71e99 x10:1c010fcc  PA:1c011134
18254145ns          313858 1c0086e0 0247a383 lw               x7, 36(x15)          x7=40f90988 x15:1c010ac0  PA:1c010ae4
18254464ns          313874 1c0086e4 3088f8c3 fmadd.s          f17, f17, f8, f6    f17=xxxxxxxx f17:411d1429  f8:4111ef9d  f6:4392b9ab
18254484ns          313875 1c0086e8 1106f853 fmul.s           f16, f13, f16       f16=xxxxxxxx f13:3feca445 f16:40b71e99
18254503ns          313876 1c0086ec 000ea303 lw               x6, 0(x29)           x6=41113e12 x29:100017a4  PA:100017a4
18254523ns          313877 1c0086f0 02878793 addi             x15, x15, 40        x15=1c010ae8 x15:1c010ac0
18254543ns          313878 1c0086f4 88787843 fmadd.s          f16, f16, f7, f17   f16=xxxxxxxx f16:412945b6  f7:40f90988 f17:43bf7f64
18254563ns          313879 1c0086f8 80e37843 fmadd.s          f16, f6, f14, f16   f16=xxxxxxxx  f6:41113e12 f14:411d91fb f16:43e8aa2b
18254583ns          313880 1c0086fc 030ea42b p.sw             x16, 40(x29!)       x29=100017cc x16:440aae8e x29:100017a4  PA:100017a4
18254603ns          313881 1c008658 00052803 lw               x16, 0(x10)         x16=40e6922a x10:1c010fcc  PA:1c010fcc
18254901ns          313896 1c00865c 0007a883 lw               x17, 0(x15)         x17=3fb6e5d0 x15:1c010ae8  PA:1c010ae8
18255200ns          313911 1c008660 1106f853 fmul.s           f16, f13, f16       f16=xxxxxxxx f13:3feca445 f16:40e6922a
18255220ns          313912 1c008664 02852303 lw               x6, 40(x10)          x6=40d94520 x10:1c010fcc  PA:1c010ff4
18255518ns          313927 1c008668 0047a383 lw               x7, 4(x15)           x7=4093fb1d x15:1c010ae8  PA:1c010aec
18255836ns          313943 1c00866c f1187843 fmadd.s          f16, f16, f17, f30  f16=xxxxxxxx f16:415522b3 f17:3fb6e5d0 f30:00000000
18255856ns          313944 1c008670 1066f353 fmul.s           f6, f13, f6          f6=xxxxxxxx f13:3feca445  f6:40d94520
18255876ns          313945 1c008674 05052883 lw               x17, 80(x10)        x17=405b0d4f x10:1c010fcc  PA:1c01101c
18256174ns          313960 1c008678 0087a403 lw               x8, 8(x15)           x8=40dc0282 x15:1c010ae8  PA:1c010af0
18256473ns          313975 1c00867a 80737343 fmadd.s          f6, f6, f7, f16      f6=xxxxxxxx  f6:4148d724  f7:4093fb1d f16:41984600
18256493ns          313976 1c00867e 1116f8d3 fmul.s           f17, f13, f17       f17=xxxxxxxx f13:3feca445 f17:405b0d4f
18256512ns          313977 1c008682 07852803 lw               x16, 120(x10)       x16=3fb63482 x10:1c010fcc  PA:1c011044
18256811ns          313992 1c008686 00c7a383 lw               x7, 12(x15)          x7=408975eb x15:1c010ae8  PA:1c010af4
18257129ns          314008 1c00868a 3088f8c3 fmadd.s          f17, f17, f8, f6    f17=xxxxxxxx f17:40ca7cd4  f8:40dc0282  f6:429a2a0b
18257149ns          314009 1c00868e 1106f853 fmul.s           f16, f13, f16       f16=xxxxxxxx f13:3feca445 f16:3fb63482
18257169ns          314010 1c008692 0a052303 lw               x6, 160(x10)         x6=403e919f x10:1c010fcc  PA:1c01106c
18257467ns          314025 1c008696 0107a403 lw               x8, 16(x15)          x8=4035707b x15:1c010ae8  PA:1c010af8
18257766ns          314040 1c008698 88787843 fmadd.s          f16, f16, f7, f17   f16=xxxxxxxx f16:40286d53  f7:408975eb f17:42f12cac
18257785ns          314041 1c00869c 1066f353 fmul.s           f6, f13, f6          f6=xxxxxxxx f13:3feca445  f6:403e919f
18257805ns          314042 1c0086a0 0c852883 lw               x17, 200(x10)       x17=41089a5e x10:1c010fcc  PA:1c011094
18258104ns          314057 1c0086a4 0147a383 lw               x7, 20(x15)          x7=40e890ec x15:1c010ae8  PA:1c010afc
18258422ns          314073 1c0086a8 80837343 fmadd.s          f6, f6, f8, f16      f6=xxxxxxxx  f6:40b02887  f8:4035707b f16:4303e459
18258442ns          314074 1c0086ac 1116f8d3 fmul.s           f17, f13, f17       f17=xxxxxxxx f13:3feca445 f17:41089a5e
18258462ns          314075 1c0086b0 0f052803 lw               x16, 240(x10)       x16=4057cd0c x10:1c010fcc  PA:1c0110bc
18258760ns          314090 1c0086b4 0187a403 lw               x8, 24(x15)          x8=40a13991 x15:1c010ae8  PA:1c010b00
18259058ns          314105 1c0086b6 3078f8c3 fmadd.s          f17, f17, f7, f6    f17=xxxxxxxx f17:417c8bed  f7:40e890ec  f6:43137f9b
18259078ns          314106 1c0086ba 1106f853 fmul.s           f16, f13, f16       f16=xxxxxxxx f13:3feca445 f16:4057cd0c
18259098ns          314107 1c0086be 11852303 lw               x6, 280(x10)         x6=3f25f156 x10:1c010fcc  PA:1c0110e4
18259397ns          314122 1c0086c2 01c7a383 lw               x7, 28(x15)          x7=3f6ceaef x15:1c010ae8  PA:1c010b04
18259695ns          314137 1c0086c6 88887843 fmadd.s          f16, f16, f8, f17   f16=xxxxxxxx f16:40c77b81  f8:40a13991 f17:43831b3f
18259715ns          314138 1c0086ca 1066f353 fmul.s           f6, f13, f6          f6=xxxxxxxx f13:3feca445  f6:3f25f156
18259735ns          314139 1c0086ce 14052883 lw               x17, 320(x10)       x17=40a9edb1 x10:1c010fcc  PA:1c01110c
18260033ns          314154 1c0086d2 0207a403 lw               x8, 32(x15)          x8=405a42a6 x15:1c010ae8  PA:1c010b08
18260331ns          314169 1c0086d4 80737343 fmadd.s          f6, f6, f7, f16      f6=xxxxxxxx  f6:3f9964f7  f7:3f6ceaef f16:4392cf70
18260351ns          314170 1c0086d8 1116f8d3 fmul.s           f17, f13, f17       f17=xxxxxxxx f13:3feca445 f17:40a9edb1
18260371ns          314171 1c0086dc 16852803 lw               x16, 360(x10)       x16=40b71e99 x10:1c010fcc  PA:1c011134
18260670ns          314186 1c0086e0 0247a383 lw               x7, 36(x15)          x7=40c7feba x15:1c010ae8  PA:1c010b0c
18260968ns          314201 1c0086e4 3088f8c3 fmadd.s          f17, f17, f8, f6    f17=xxxxxxxx f17:411d1429  f8:405a42a6  f6:43935d66
18260988ns          314202 1c0086e8 1106f853 fmul.s           f16, f13, f16       f16=xxxxxxxx f13:3feca445 f16:40b71e99
18261008ns          314203 1c0086ec 000ea303 lw               x6, 0(x29)           x6=3f9c4f39 x29:100017cc  PA:100017cc
18261028ns          314204 1c0086f0 02878793 addi             x15, x15, 40        x15=1c010b10 x15:1c010ae8
18261048ns          314205 1c0086f4 88787843 fmadd.s          f16, f16, f7, f17   f16=xxxxxxxx f16:412945b6  f7:40c7feba f17:43a41ae8
18261067ns          314206 1c0086f8 80e37843 fmadd.s          f16, f6, f14, f16   f16=xxxxxxxx  f6:3f9c4f39 f14:411d91fb f16:43c52a50
18261087ns          314207 1c0086fc 030ea42b p.sw             x16, 40(x29!)       x29=100017f4 x16:43cb2dac x29:100017cc  PA:100017cc
18261107ns          314208 1c008700 00460613 addi             x12, x12, 4         x12=10001668 x12:10001664
18261127ns          314209 1c008702 00450513 addi             x10, x10, 4         x10=1c010fd0 x10:1c010fcc
18261167ns          314211 1c008632 40b28e33 sub              x28, x5, x11        x28=00000190  x5:1c010b10 x11:1c010980
18261187ns          314212 1c008636 fd8e0e13 addi             x28, x28, -40       x28=00000168 x28:00000190
18261207ns          314213 1c00863a 0cccd7b7 lui              x15, 0xcccd000      x15=0cccd000
18261227ns          314214 1c00863e ccd78793 addi             x15, x15, -819      x15=0ccccccd x15:0cccd000
18261246ns          314215 1c008642 003e5e13 srli             x28, x28, 0x3       x28=0000002d x28:00000168
18261266ns          314216 1c008646 02fe0e33 mul              x28, x28, x15       x28=40000009 x28:0000002d x15:0ccccccd
18261286ns          314217 1c00864a c5de3e33 p.bclr           x28, x28, 2, 29     x28=00000009 x28:40000009
18261306ns          314218 1c00864e 00b007b3 add              x15, x0, x11        x15=1c010980 x11:1c010980
18261326ns          314219 1c008650 00c00eb3 add              x29, x0, x12        x29=10001668 x12:10001668
18261346ns          314220 1c008652 001e0e13 addi             x28, x28, 1         x28=0000000a x28:00000009
18261366ns          314221 1c008654 054e40fb lp.setup         0x1, x28, 0x54      x28:0000000a
18261386ns          314222 1c008658 00052803 lw               x16, 0(x10)         x16=40a37ef4 x10:1c010fd0  PA:1c010fd0
18261684ns          314237 1c00865c 0007a883 lw               x17, 0(x15)         x17=4052e826 x15:1c010980  PA:1c010980
18261982ns          314252 1c008660 1106f853 fmul.s           f16, f13, f16       f16=xxxxxxxx f13:3feca445 f16:40a37ef4
18262002ns          314253 1c008664 02852303 lw               x6, 40(x10)          x6=3fb221cd x10:1c010fd0  PA:1c010ff8
18262301ns          314268 1c008668 0047a383 lw               x7, 4(x15)           x7=3e594d74 x15:1c010980  PA:1c010984
18262599ns          314283 1c00866c f1187843 fmadd.s          f16, f16, f17, f30  f16=xxxxxxxx f16:411721f2 f17:4052e826 f30:00000000
18262619ns          314284 1c008670 1066f353 fmul.s           f6, f13, f6          f6=xxxxxxxx f13:3feca445  f6:3fb221cd
18262639ns          314285 1c008674 05052883 lw               x17, 80(x10)        x17=40f9b57d x10:1c010fd0  PA:1c011020
18262937ns          314300 1c008678 0087a403 lw               x8, 8(x15)           x8=410a346e x15:1c010980  PA:1c010988
18263236ns          314315 1c00867a 80737343 fmadd.s          f6, f6, f7, f16      f6=xxxxxxxx  f6:4024a977  f7:3e594d74 f16:41f905cb
18263255ns          314316 1c00867e 1116f8d3 fmul.s           f17, f13, f17       f17=xxxxxxxx f13:3feca445 f17:40f9b57d
18263275ns          314317 1c008682 07852803 lw               x16, 120(x10)       x16=410c36e7 x10:1c010fd0  PA:1c011048
18263574ns          314332 1c008686 00c7a383 lw               x7, 12(x15)          x7=3fdcbabb x15:1c010980  PA:1c01098c
18263872ns          314347 1c00868a 3088f8c3 fmadd.s          f17, f17, f8, f6    f17=xxxxxxxx f17:4166d38b  f8:410a346e  f6:41fd63f7
18263892ns          314348 1c00868e 1106f853 fmul.s           f16, f13, f16       f16=xxxxxxxx f13:3feca445 f16:410c36e7
18263912ns          314349 1c008692 0a052303 lw               x6, 160(x10)         x6=3f6ae62d x10:1c010fd0  PA:1c011070
18264210ns          314364 1c008696 0107a403 lw               x8, 16(x15)          x8=403131d8 x15:1c010980  PA:1c010990
18264509ns          314379 1c008698 88787843 fmadd.s          f16, f16, f7, f17   f16=xxxxxxxx f16:41819c96  f7:3fdcbabb f17:431c49ce
18264528ns          314380 1c00869c 1066f353 fmul.s           f6, f13, f6          f6=xxxxxxxx f13:3feca445  f6:3f6ae62d
18264548ns          314381 1c0086a0 0c852883 lw               x17, 200(x10)       x17=405de768 x10:1c010fd0  PA:1c011098
18264847ns          314396 1c0086a4 0147a383 lw               x7, 20(x15)          x7=40b905da x15:1c010980  PA:1c010994
18265165ns          314412 1c0086a8 80837343 fmadd.s          f6, f6, f8, f16      f6=xxxxxxxx  f6:3fd922ec  f8:403131d8 f16:43383a15
18265185ns          314413 1c0086ac 1116f8d3 fmul.s           f17, f13, f17       f17=xxxxxxxx f13:3feca445 f17:405de768
18265205ns          314414 1c0086b0 0f052803 lw               x16, 240(x10)       x16=3d79b5d2 x10:1c010fd0  PA:1c0110c0
18265503ns          314429 1c0086b4 0187a403 lw               x8, 24(x15)          x8=3f3f71e4 x15:1c010980  PA:1c010998
18265801ns          314444 1c0086b6 3078f8c3 fmadd.s          f17, f17, f7, f6    f17=xxxxxxxx f17:40cd1fb8  f7:40b905da  f6:433cec70
18265821ns          314445 1c0086ba 1106f853 fmul.s           f16, f13, f16       f16=xxxxxxxx f13:3feca445 f16:3d79b5d2
18265841ns          314446 1c0086be 11852303 lw               x6, 280(x10)         x6=40d82158 x10:1c010fd0  PA:1c0110e8
18266140ns          314461 1c0086c2 01c7a383 lw               x7, 28(x15)          x7=40b21fda x15:1c010980  PA:1c01099c
18266458ns          314477 1c0086c6 88887843 fmadd.s          f16, f16, f8, f17   f16=xxxxxxxx f16:3de6d3d9  f8:3f3f71e4 f17:4361fc97
18266478ns          314478 1c0086ca 1066f353 fmul.s           f6, f13, f6          f6=xxxxxxxx f13:3feca445  f6:40d82158
18266498ns          314479 1c0086ce 14052883 lw               x17, 320(x10)       x17=409ff192 x10:1c010fd0  PA:1c011110
18266796ns          314494 1c0086d2 0207a403 lw               x8, 32(x15)          x8=404c67dc x15:1c010980  PA:1c0109a0
18267094ns          314509 1c0086d4 80737343 fmadd.s          f6, f6, f7, f16      f6=xxxxxxxx  f6:4147c96d  f7:40b21fda f16:4362122b
18267114ns          314510 1c0086d8 1116f8d3 fmul.s           f17, f13, f17       f17=xxxxxxxx f13:3feca445 f17:409ff192
18267134ns          314511 1c0086dc 16852803 lw               x16, 360(x10)       x16=4111b969 x10:1c010fd0  PA:1c011138
18267432ns          314526 1c0086e0 0247a383 lw               x7, 36(x15)          x7=3f63643c x15:1c010980  PA:1c0109a4
18267751ns          314542 1c0086e4 3088f8c3 fmadd.s          f17, f17, f8, f6    f17=xxxxxxxx f17:4113d954  f8:404c67dc  f6:4393c9d0
18267771ns          314543 1c0086e8 1106f853 fmul.s           f16, f13, f16       f16=xxxxxxxx f13:3feca445 f16:4111b969
18267790ns          314544 1c0086ec 000ea303 lw               x6, 0(x29)           x6=4113a937 x29:10001668  PA:10001668
18267810ns          314545 1c0086f0 02878793 addi             x15, x15, 40        x15=1c0109a8 x15:1c010980
18267830ns          314546 1c0086f4 88787843 fmadd.s          f16, f16, f7, f17   f16=xxxxxxxx f16:4186b46f  f7:3f63643c f17:43a28b75
18267850ns          314547 1c0086f8 80e37843 fmadd.s          f16, f6, f14, f16   f16=xxxxxxxx  f6:4113a937 f14:411d91fb f16:43aa05e1
18267870ns          314548 1c0086fc 030ea42b p.sw             x16, 40(x29!)       x29=10001690 x16:43d7775e x29:10001668  PA:10001668
18267890ns          314549 1c008658 00052803 lw               x16, 0(x10)         x16=40a37ef4 x10:1c010fd0  PA:1c010fd0
18268188ns          314564 1c00865c 0007a883 lw               x17, 0(x15)         x17=410caf4f x15:1c0109a8  PA:1c0109a8
18268487ns          314579 1c008660 1106f853 fmul.s           f16, f13, f16       f16=xxxxxxxx f13:3feca445 f16:40a37ef4
18268507ns          314580 1c008664 02852303 lw               x6, 40(x10)          x6=3fb221cd x10:1c010fd0  PA:1c010ff8
18268805ns          314595 1c008668 0047a383 lw               x7, 4(x15)           x7=41176372 x15:1c0109a8  PA:1c0109ac
18269123ns          314611 1c00866c f1187843 fmadd.s          f16, f16, f17, f30  f16=xxxxxxxx f16:411721f2 f17:410caf4f f30:00000000
18269143ns          314612 1c008670 1066f353 fmul.s           f6, f13, f6          f6=xxxxxxxx f13:3feca445  f6:3fb221cd
18269163ns          314613 1c008674 05052883 lw               x17, 80(x10)        x17=40f9b57d x10:1c010fd0  PA:1c011020
18269461ns          314628 1c008678 0087a403 lw               x8, 8(x15)           x8=409cf1d2 x15:1c0109a8  PA:1c0109b0
18269760ns          314643 1c00867a 80737343 fmadd.s          f6, f6, f7, f16      f6=xxxxxxxx  f6:4024a977  f7:41176372 f16:42a61c1e
18269780ns          314644 1c00867e 1116f8d3 fmul.s           f17, f13, f17       f17=xxxxxxxx f13:3feca445 f17:40f9b57d
18269799ns          314645 1c008682 07852803 lw               x16, 120(x10)       x16=410c36e7 x10:1c010fd0  PA:1c011048
18270098ns          314660 1c008686 00c7a383 lw               x7, 12(x15)          x7=410ddd2e x15:1c0109a8  PA:1c0109b4
18270416ns          314676 1c00868a 3088f8c3 fmadd.s          f17, f17, f8, f6    f17=xxxxxxxx f17:4166d38b  f8:409cf1d2  f6:42d6cc14
18270436ns          314677 1c00868e 1106f853 fmul.s           f16, f13, f16       f16=xxxxxxxx f13:3feca445 f16:410c36e7
18270456ns          314678 1c008692 0a052303 lw               x6, 160(x10)         x6=3f6ae62d x10:1c010fd0  PA:1c011070
18270754ns          314693 1c008696 0107a403 lw               x8, 16(x15)          x8=3fd37db8 x15:1c0109a8  PA:1c0109b8
18271053ns          314708 1c008698 88787843 fmadd.s          f16, f16, f7, f17   f16=xxxxxxxx f16:41819c96  f7:410ddd2e f17:43322784
18271072ns          314709 1c00869c 1066f353 fmul.s           f6, f13, f6          f6=xxxxxxxx f13:3feca445  f6:3f6ae62d
18271092ns          314710 1c0086a0 0c852883 lw               x17, 200(x10)       x17=405de768 x10:1c010fd0  PA:1c011098
18271391ns          314725 1c0086a4 0147a383 lw               x7, 20(x15)          x7=404b6f19 x15:1c0109a8  PA:1c0109bc
18271689ns          314740 1c0086a8 80837343 fmadd.s          f6, f6, f8, f16      f6=xxxxxxxx  f6:3fd922ec  f8:3fd37db8 f16:43a0e6fc
18271709ns          314741 1c0086ac 1116f8d3 fmul.s           f17, f13, f17       f17=xxxxxxxx f13:3feca445 f17:405de768
18271729ns          314742 1c0086b0 0f052803 lw               x16, 240(x10)       x16=3d79b5d2 x10:1c010fd0  PA:1c0110c0
18272027ns          314757 1c0086b4 0187a403 lw               x8, 24(x15)          x8=40c05806 x15:1c0109a8  PA:1c0109c0
18272326ns          314772 1c0086b6 3078f8c3 fmadd.s          f17, f17, f7, f6    f17=xxxxxxxx f17:40cd1fb8  f7:404b6f19  f6:43a24dc1
18272345ns          314773 1c0086ba 1106f853 fmul.s           f16, f13, f16       f16=xxxxxxxx f13:3feca445 f16:3d79b5d2
18272365ns          314774 1c0086be 11852303 lw               x6, 280(x10)         x6=40d82158 x10:1c010fd0  PA:1c0110e8
18272664ns          314789 1c0086c2 01c7a383 lw               x7, 28(x15)          x7=411fcb27 x15:1c0109a8  PA:1c0109c4
18272962ns          314804 1c0086c6 88887843 fmadd.s          f16, f16, f8, f17   f16=xxxxxxxx f16:3de6d3d9  f8:40c05806 f17:43ac7dd4
18272982ns          314805 1c0086ca 1066f353 fmul.s           f6, f13, f6          f6=xxxxxxxx f13:3feca445  f6:40d82158
18273002ns          314806 1c0086ce 14052883 lw               x17, 320(x10)       x17=409ff192 x10:1c010fd0  PA:1c011110
18273300ns          314821 1c0086d2 0207a403 lw               x8, 32(x15)          x8=409b827a x15:1c0109a8  PA:1c0109c8
18273599ns          314836 1c0086d4 80737343 fmadd.s          f6, f6, f7, f16      f6=xxxxxxxx  f6:4147c96d  f7:411fcb27 f16:43acd48b
18273618ns          314837 1c0086d8 1116f8d3 fmul.s           f17, f13, f17       f17=xxxxxxxx f13:3feca445 f17:409ff192
18273638ns          314838 1c0086dc 16852803 lw               x16, 360(x10)       x16=4111b969 x10:1c010fd0  PA:1c011138
18273937ns          314853 1c0086e0 0247a383 lw               x7, 36(x15)          x7=40fbbc63 x15:1c0109a8  PA:1c0109cc
18274235ns          314868 1c0086e4 3088f8c3 fmadd.s          f17, f17, f8, f6    f17=xxxxxxxx f17:4113d954  f8:409b827a  f6:43eb2ede
18274255ns          314869 1c0086e8 1106f853 fmul.s           f16, f13, f16       f16=xxxxxxxx f13:3feca445 f16:4111b969
18274275ns          314870 1c0086ec 000ea303 lw               x6, 0(x29)           x6=40fd801d x29:10001690  PA:10001690
18274295ns          314871 1c0086f0 02878793 addi             x15, x15, 40        x15=1c0109d0 x15:1c0109a8
18274315ns          314872 1c0086f4 88787843 fmadd.s          f16, f16, f7, f17   f16=xxxxxxxx f16:4186b46f  f7:40fbbc63 f17:4400d16d
18274335ns          314873 1c0086f8 80e37843 fmadd.s          f16, f6, f14, f16   f16=xxxxxxxx  f6:40fd801d f14:411d91fb f16:4421eeef
18274354ns          314874 1c0086fc 030ea42b p.sw             x16, 40(x29!)       x29=100016b8 x16:44356ff3 x29:10001690  PA:10001690
18274374ns          314875 1c008658 00052803 lw               x16, 0(x10)         x16=40a37ef4 x10:1c010fd0  PA:1c010fd0
18274673ns          314890 1c00865c 0007a883 lw               x17, 0(x15)         x17=3fe434c6 x15:1c0109d0  PA:1c0109d0
18274971ns          314905 1c008660 1106f853 fmul.s           f16, f13, f16       f16=xxxxxxxx f13:3feca445 f16:40a37ef4
18274991ns          314906 1c008664 02852303 lw               x6, 40(x10)          x6=3fb221cd x10:1c010fd0  PA:1c010ff8
18275289ns          314921 1c008668 0047a383 lw               x7, 4(x15)           x7=3ea9eacd x15:1c0109d0  PA:1c0109d4
18275588ns          314936 1c00866c f1187843 fmadd.s          f16, f16, f17, f30  f16=xxxxxxxx f16:411721f2 f17:3fe434c6 f30:00000000
18275608ns          314937 1c008670 1066f353 fmul.s           f6, f13, f6          f6=xxxxxxxx f13:3feca445  f6:3fb221cd
18275627ns          314938 1c008674 05052883 lw               x17, 80(x10)        x17=40f9b57d x10:1c010fd0  PA:1c011020
18275926ns          314953 1c008678 0087a403 lw               x8, 8(x15)           x8=40d2ef84 x15:1c0109d0  PA:1c0109d8
18276224ns          314968 1c00867a 80737343 fmadd.s          f6, f6, f7, f16      f6=xxxxxxxx  f6:4024a977  f7:3ea9eacd f16:4186b963
18276244ns          314969 1c00867e 1116f8d3 fmul.s           f17, f13, f17       f17=xxxxxxxx f13:3feca445 f17:40f9b57d
18276264ns          314970 1c008682 07852803 lw               x16, 120(x10)       x16=410c36e7 x10:1c010fd0  PA:1c011048
18276562ns          314985 1c008686 00c7a383 lw               x7, 12(x15)          x7=40e0a6ee x15:1c0109d0  PA:1c0109dc
18276861ns          315000 1c00868a 3088f8c3 fmadd.s          f17, f17, f8, f6    f17=xxxxxxxx f17:4166d38b  f8:40d2ef84  f6:418d8e11
18276881ns          315001 1c00868e 1106f853 fmul.s           f16, f13, f16       f16=xxxxxxxx f13:3feca445 f16:410c36e7
18276900ns          315002 1c008692 0a052303 lw               x6, 160(x10)         x6=3f6ae62d x10:1c010fd0  PA:1c011070
18277199ns          315017 1c008696 0107a403 lw               x8, 16(x15)          x8=410949c7 x15:1c0109d0  PA:1c0109e0
18277497ns          315032 1c008698 88787843 fmadd.s          f16, f16, f7, f17   f16=xxxxxxxx f16:41819c96  f7:40e0a6ee f17:42e19503
18277517ns          315033 1c00869c 1066f353 fmul.s           f6, f13, f6          f6=xxxxxxxx f13:3feca445  f6:3f6ae62d
18277537ns          315034 1c0086a0 0c852883 lw               x17, 200(x10)       x17=405de768 x10:1c010fd0  PA:1c011098
18277835ns          315049 1c0086a4 0147a383 lw               x7, 20(x15)          x7=40fc045f x15:1c0109d0  PA:1c0109e4
18278134ns          315064 1c0086a8 80837343 fmadd.s          f6, f6, f8, f16      f6=xxxxxxxx  f6:3fd922ec  f8:410949c7 f16:43628809
18278154ns          315065 1c0086ac 1116f8d3 fmul.s           f17, f13, f17       f17=xxxxxxxx f13:3feca445 f17:405de768
18278173ns          315066 1c0086b0 0f052803 lw               x16, 240(x10)       x16=3d79b5d2 x10:1c010fd0  PA:1c0110c0
18278492ns          315082 1c0086b4 0187a403 lw               x8, 24(x15)          x8=4075e4ea x15:1c0109d0  PA:1c0109e8
18278790ns          315097 1c0086b6 3078f8c3 fmadd.s          f17, f17, f7, f6    f17=xxxxxxxx f17:40cd1fb8  f7:40fc045f  f6:43711652
18278810ns          315098 1c0086ba 1106f853 fmul.s           f16, f13, f16       f16=xxxxxxxx f13:3feca445 f16:3d79b5d2
18278830ns          315099 1c0086be 11852303 lw               x6, 280(x10)         x6=40d82158 x10:1c010fd0  PA:1c0110e8
18279128ns          315114 1c0086c2 01c7a383 lw               x7, 28(x15)          x7=40951ac2 x15:1c0109d0  PA:1c0109ec
18279427ns          315129 1c0086c6 88887843 fmadd.s          f16, f16, f8, f17   f16=xxxxxxxx f16:3de6d3d9  f8:4075e4ea f17:4391c900
18279446ns          315130 1c0086ca 1066f353 fmul.s           f6, f13, f6          f6=xxxxxxxx f13:3feca445  f6:40d82158
18279466ns          315131 1c0086ce 14052883 lw               x17, 320(x10)       x17=409ff192 x10:1c010fd0  PA:1c011110
18279785ns          315147 1c0086d2 0207a403 lw               x8, 32(x15)          x8=3fd3f108 x15:1c0109d0  PA:1c0109f0
18280083ns          315162 1c0086d4 80737343 fmadd.s          f6, f6, f7, f16      f6=xxxxxxxx  f6:4147c96d  f7:40951ac2 f16:4392006e
18280103ns          315163 1c0086d8 1116f8d3 fmul.s           f17, f13, f17       f17=xxxxxxxx f13:3feca445 f17:409ff192
18280123ns          315164 1c0086dc 16852803 lw               x16, 360(x10)       x16=4111b969 x10:1c010fd0  PA:1c011138
18280421ns          315179 1c0086e0 0247a383 lw               x7, 36(x15)          x7=3fdb9aaa x15:1c0109d0  PA:1c0109f4
18280719ns          315194 1c0086e4 3088f8c3 fmadd.s          f17, f17, f8, f6    f17=xxxxxxxx f17:4113d954  f8:3fd3f108  f6:43af17b6
18280739ns          315195 1c0086e8 1106f853 fmul.s           f16, f13, f16       f16=xxxxxxxx f13:3feca445 f16:4111b969
18280759ns          315196 1c0086ec 000ea303 lw               x6, 0(x29)           x6=403ffac3 x29:100016b8  PA:100016b8
18280779ns          315197 1c0086f0 02878793 addi             x15, x15, 40        x15=1c0109f8 x15:1c0109d0
18280799ns          315198 1c0086f4 88787843 fmadd.s          f16, f16, f7, f17   f16=xxxxxxxx f16:4186b46f  f7:3fdb9aaa f17:43b6be2b
18280819ns          315199 1c0086f8 80e37843 fmadd.s          f16, f6, f14, f16   f16=xxxxxxxx  f6:403ffac3 f14:411d91fb f16:43c52fe3
18280839ns          315200 1c0086fc 030ea42b p.sw             x16, 40(x29!)       x29=100016e0 x16:43d3f52b x29:100016b8  PA:100016b8
18280859ns          315201 1c008658 00052803 lw               x16, 0(x10)         x16=40a37ef4 x10:1c010fd0  PA:1c010fd0
18281177ns          315217 1c00865c 0007a883 lw               x17, 0(x15)         x17=40f724db x15:1c0109f8  PA:1c0109f8
18281475ns          315232 1c008660 1106f853 fmul.s           f16, f13, f16       f16=xxxxxxxx f13:3feca445 f16:40a37ef4
18281495ns          315233 1c008664 02852303 lw               x6, 40(x10)          x6=3fb221cd x10:1c010fd0  PA:1c010ff8
18281794ns          315248 1c008668 0047a383 lw               x7, 4(x15)           x7=411ba4c3 x15:1c0109f8  PA:1c0109fc
18282092ns          315263 1c00866c f1187843 fmadd.s          f16, f16, f17, f30  f16=xxxxxxxx f16:411721f2 f17:40f724db f30:00000000
18282112ns          315264 1c008670 1066f353 fmul.s           f6, f13, f6          f6=xxxxxxxx f13:3feca445  f6:3fb221cd
18282132ns          315265 1c008674 05052883 lw               x17, 80(x10)        x17=40f9b57d x10:1c010fd0  PA:1c011020
18282450ns          315281 1c008678 0087a403 lw               x8, 8(x15)           x8=411378f2 x15:1c0109f8  PA:1c010a00
18282748ns          315296 1c00867a 80737343 fmadd.s          f6, f6, f7, f16      f6=xxxxxxxx  f6:4024a977  f7:411ba4c3 f16:4291e783
18282768ns          315297 1c00867e 1116f8d3 fmul.s           f17, f13, f17       f17=xxxxxxxx f13:3feca445 f17:40f9b57d
18282788ns          315298 1c008682 07852803 lw               x16, 120(x10)       x16=410c36e7 x10:1c010fd0  PA:1c011048
18283086ns          315313 1c008686 00c7a383 lw               x7, 12(x15)          x7=408ce3e2 x15:1c0109f8  PA:1c010a04
18283385ns          315328 1c00868a 3088f8c3 fmadd.s          f17, f17, f8, f6    f17=xxxxxxxx f17:4166d38b  f8:411378f2  f6:42c3f5ce
18283405ns          315329 1c00868e 1106f853 fmul.s           f16, f13, f16       f16=xxxxxxxx f13:3feca445 f16:410c36e7
18283425ns          315330 1c008692 0a052303 lw               x6, 160(x10)         x6=3f6ae62d x10:1c010fd0  PA:1c011070
18283743ns          315346 1c008696 0107a403 lw               x8, 16(x15)          x8=3f897409 x15:1c0109f8  PA:1c010a08
18284041ns          315361 1c008698 88787843 fmadd.s          f16, f16, f7, f17   f16=xxxxxxxx f16:41819c96  f7:408ce3e2 f17:4366f36d
18284061ns          315362 1c00869c 1066f353 fmul.s           f6, f13, f6          f6=xxxxxxxx f13:3feca445  f6:3f6ae62d
18284081ns          315363 1c0086a0 0c852883 lw               x17, 200(x10)       x17=405de768 x10:1c010fd0  PA:1c011098
18284379ns          315378 1c0086a4 0147a383 lw               x7, 20(x15)          x7=4086046f x15:1c0109f8  PA:1c010a0c
18284678ns          315393 1c0086a8 80837343 fmadd.s          f6, f6, f8, f16      f6=xxxxxxxx  f6:3fd922ec  f8:3f897409 f16:43972438
18284698ns          315394 1c0086ac 1116f8d3 fmul.s           f17, f13, f17       f17=xxxxxxxx f13:3feca445 f17:405de768
18284718ns          315395 1c0086b0 0f052803 lw               x16, 240(x10)       x16=3d79b5d2 x10:1c010fd0  PA:1c0110c0
18285016ns          315410 1c0086b4 0187a403 lw               x8, 24(x15)          x8=40fb0608 x15:1c0109f8  PA:1c010a10
18285314ns          315425 1c0086b6 3078f8c3 fmadd.s          f17, f17, f7, f6    f17=xxxxxxxx f17:40cd1fb8  f7:4086046f  f6:43980d64
18285334ns          315426 1c0086ba 1106f853 fmul.s           f16, f13, f16       f16=xxxxxxxx f13:3feca445 f16:3d79b5d2
18285354ns          315427 1c0086be 11852303 lw               x6, 280(x10)         x6=40d82158 x10:1c010fd0  PA:1c0110e8
18285652ns          315442 1c0086c2 01c7a383 lw               x7, 28(x15)          x7=40af8cda x15:1c0109f8  PA:1c010a14
18285951ns          315457 1c0086c6 88887843 fmadd.s          f16, f16, f8, f17   f16=xxxxxxxx f16:3de6d3d9  f8:40fb0608 f17:43a579a9
18285971ns          315458 1c0086ca 1066f353 fmul.s           f6, f13, f6          f6=xxxxxxxx f13:3feca445  f6:40d82158
18285991ns          315459 1c0086ce 14052883 lw               x17, 320(x10)       x17=409ff192 x10:1c010fd0  PA:1c011110
18286289ns          315474 1c0086d2 0207a403 lw               x8, 32(x15)          x8=4103c68f x15:1c0109f8  PA:1c010a18
18286587ns          315489 1c0086d4 80737343 fmadd.s          f6, f6, f7, f16      f6=xxxxxxxx  f6:4147c96d  f7:40af8cda f16:43a5ead5
18286607ns          315490 1c0086d8 1116f8d3 fmul.s           f17, f13, f17       f17=xxxxxxxx f13:3feca445 f17:409ff192
18286627ns          315491 1c0086dc 16852803 lw               x16, 360(x10)       x16=4111b969 x10:1c010fd0  PA:1c011138
18286925ns          315506 1c0086e0 0247a383 lw               x7, 36(x15)          x7=3fe22155 x15:1c0109f8  PA:1c010a1c
18287224ns          315521 1c0086e4 3088f8c3 fmadd.s          f17, f17, f8, f6    f17=xxxxxxxx f17:4113d954  f8:4103c68f  f6:43c82afc
18287244ns          315522 1c0086e8 1106f853 fmul.s           f16, f13, f16       f16=xxxxxxxx f13:3feca445 f16:4111b969
18287264ns          315523 1c0086ec 000ea303 lw               x6, 0(x29)           x6=4012621f x29:100016e0  PA:100016e0
18287283ns          315524 1c0086f0 02878793 addi             x15, x15, 40        x15=1c010a20 x15:1c0109f8
18287303ns          315525 1c0086f4 88787843 fmadd.s          f16, f16, f7, f17   f16=xxxxxxxx f16:4186b46f  f7:3fe22155 f17:43ee386d
18287323ns          315526 1c0086f8 80e37843 fmadd.s          f16, f6, f14, f16   f16=xxxxxxxx  f6:4012621f f14:411d91fb f16:43fd1807
18287343ns          315527 1c0086fc 030ea42b p.sw             x16, 40(x29!)       x29=10001708 x16:44042d9e x29:100016e0  PA:100016e0
18287363ns          315528 1c008658 00052803 lw               x16, 0(x10)         x16=40a37ef4 x10:1c010fd0  PA:1c010fd0
18287661ns          315543 1c00865c 0007a883 lw               x17, 0(x15)         x17=40f0265f x15:1c010a20  PA:1c010a20
18287960ns          315558 1c008660 1106f853 fmul.s           f16, f13, f16       f16=xxxxxxxx f13:3feca445 f16:40a37ef4
18287980ns          315559 1c008664 02852303 lw               x6, 40(x10)          x6=3fb221cd x10:1c010fd0  PA:1c010ff8
18288278ns          315574 1c008668 0047a383 lw               x7, 4(x15)           x7=41013d49 x15:1c010a20  PA:1c010a24
18288576ns          315589 1c00866c f1187843 fmadd.s          f16, f16, f17, f30  f16=xxxxxxxx f16:411721f2 f17:40f0265f f30:00000000
18288596ns          315590 1c008670 1066f353 fmul.s           f6, f13, f6          f6=xxxxxxxx f13:3feca445  f6:3fb221cd
18288616ns          315591 1c008674 05052883 lw               x17, 80(x10)        x17=40f9b57d x10:1c010fd0  PA:1c011020
18288914ns          315606 1c008678 0087a403 lw               x8, 8(x15)           x8=410d16c3 x15:1c010a20  PA:1c010a28
18289213ns          315621 1c00867a 80737343 fmadd.s          f6, f6, f7, f16      f6=xxxxxxxx  f6:4024a977  f7:41013d49 f16:428dc67a
18289233ns          315622 1c00867e 1116f8d3 fmul.s           f17, f13, f17       f17=xxxxxxxx f13:3feca445 f17:40f9b57d
18289253ns          315623 1c008682 07852803 lw               x16, 120(x10)       x16=410c36e7 x10:1c010fd0  PA:1c011048
18289551ns          315638 1c008686 00c7a383 lw               x7, 12(x15)          x7=3e34584b x15:1c010a20  PA:1c010a2c
18289849ns          315653 1c00868a 3088f8c3 fmadd.s          f17, f17, f8, f6    f17=xxxxxxxx f17:4166d38b  f8:410d16c3  f6:42b756e2
18289869ns          315654 1c00868e 1106f853 fmul.s           f16, f13, f16       f16=xxxxxxxx f13:3feca445 f16:410c36e7
18289889ns          315655 1c008692 0a052303 lw               x6, 160(x10)         x6=3f6ae62d x10:1c010fd0  PA:1c011070
18290187ns          315670 1c008696 0107a403 lw               x8, 16(x15)          x8=3f506ce1 x15:1c010a20  PA:1c010a30
18290506ns          315686 1c008698 88787843 fmadd.s          f16, f16, f7, f17   f16=xxxxxxxx f16:41819c96  f7:3e34584b f17:435ae27b
18290526ns          315687 1c00869c 1066f353 fmul.s           f6, f13, f6          f6=xxxxxxxx f13:3feca445  f6:3f6ae62d
18290546ns          315688 1c0086a0 0c852883 lw               x17, 200(x10)       x17=405de768 x10:1c010fd0  PA:1c011098
18290844ns          315703 1c0086a4 0147a383 lw               x7, 20(x15)          x7=3e040bf5 x15:1c010a20  PA:1c010a34
18291142ns          315718 1c0086a8 80837343 fmadd.s          f6, f6, f8, f16      f6=xxxxxxxx  f6:3fd922ec  f8:3f506ce1 f16:435dbcf1
18291162ns          315719 1c0086ac 1116f8d3 fmul.s           f17, f13, f17       f17=xxxxxxxx f13:3feca445 f17:405de768
18291182ns          315720 1c0086b0 0f052803 lw               x16, 240(x10)       x16=3d79b5d2 x10:1c010fd0  PA:1c0110c0
18291480ns          315735 1c0086b4 0187a403 lw               x8, 24(x15)          x8=40fe5cb5 x15:1c010a20  PA:1c010a38
18291799ns          315751 1c0086b6 3078f8c3 fmadd.s          f17, f17, f7, f6    f17=xxxxxxxx f17:40cd1fb8  f7:3e040bf5  f6:435f1e82
18291819ns          315752 1c0086ba 1106f853 fmul.s           f16, f13, f16       f16=xxxxxxxx f13:3feca445 f16:3d79b5d2
18291838ns          315753 1c0086be 11852303 lw               x6, 280(x10)         x6=40d82158 x10:1c010fd0  PA:1c0110e8
18292137ns          315768 1c0086c2 01c7a383 lw               x7, 28(x15)          x7=40a2573d x15:1c010a20  PA:1c010a3c
18292435ns          315783 1c0086c6 88887843 fmadd.s          f16, f16, f8, f17   f16=xxxxxxxx f16:3de6d3d9  f8:40fe5cb5 f17:435ff21e
18292455ns          315784 1c0086ca 1066f353 fmul.s           f6, f13, f6          f6=xxxxxxxx f13:3feca445  f6:40d82158
18292475ns          315785 1c0086ce 14052883 lw               x17, 320(x10)       x17=409ff192 x10:1c010fd0  PA:1c011110
18292773ns          315800 1c0086d2 0207a403 lw               x8, 32(x15)          x8=408592b1 x15:1c010a20  PA:1c010a40
18293092ns          315816 1c0086d4 80737343 fmadd.s          f6, f6, f7, f16      f6=xxxxxxxx  f6:4147c96d  f7:40a2573d f16:4360d778
18293111ns          315817 1c0086d8 1116f8d3 fmul.s           f17, f13, f17       f17=xxxxxxxx f13:3feca445 f17:409ff192
18293131ns          315818 1c0086dc 16852803 lw               x16, 360(x10)       x16=4111b969 x10:1c010fd0  PA:1c011138
18293430ns          315833 1c0086e0 0247a383 lw               x7, 36(x15)          x7=411ba146 x15:1c010a20  PA:1c010a44
18293728ns          315848 1c0086e4 3088f8c3 fmadd.s          f17, f17, f8, f6    f17=xxxxxxxx f17:4113d954  f8:408592b1  f6:4390181f
18293748ns          315849 1c0086e8 1106f853 fmul.s           f16, f13, f16       f16=xxxxxxxx f13:3feca445 f16:4111b969
18293768ns          315850 1c0086ec 000ea303 lw               x6, 0(x29)           x6=40b0b3a4 x29:10001708  PA:10001708
18293788ns          315851 1c0086f0 02878793 addi             x15, x15, 40        x15=1c010a48 x15:1c010a20
18293808ns          315852 1c0086f4 88787843 fmadd.s          f16, f16, f7, f17   f16=xxxxxxxx f16:4186b46f  f7:411ba146 f17:43a36147
18293827ns          315853 1c0086f8 80e37843 fmadd.s          f16, f6, f14, f16   f16=xxxxxxxx  f6:40b0b3a4 f14:411d91fb f16:43f54563
18293847ns          315854 1c0086fc 030ea42b p.sw             x16, 40(x29!)       x29=10001730 x16:44083b0f x29:10001708  PA:10001708
18293867ns          315855 1c008658 00052803 lw               x16, 0(x10)         x16=40a37ef4 x10:1c010fd0  PA:1c010fd0
18294166ns          315870 1c00865c 0007a883 lw               x17, 0(x15)         x17=4078e623 x15:1c010a48  PA:1c010a48
18294484ns          315886 1c008660 1106f853 fmul.s           f16, f13, f16       f16=xxxxxxxx f13:3feca445 f16:40a37ef4
18294504ns          315887 1c008664 02852303 lw               x6, 40(x10)          x6=3fb221cd x10:1c010fd0  PA:1c010ff8
18294802ns          315902 1c008668 0047a383 lw               x7, 4(x15)           x7=411e469f x15:1c010a48  PA:1c010a4c
18295100ns          315917 1c00866c f1187843 fmadd.s          f16, f16, f17, f30  f16=xxxxxxxx f16:411721f2 f17:4078e623 f30:00000000
18295120ns          315918 1c008670 1066f353 fmul.s           f6, f13, f6          f6=xxxxxxxx f13:3feca445  f6:3fb221cd
18295140ns          315919 1c008674 05052883 lw               x17, 80(x10)        x17=40f9b57d x10:1c010fd0  PA:1c011020
18295439ns          315934 1c008678 0087a403 lw               x8, 8(x15)           x8=4048d101 x15:1c010a48  PA:1c010a50
18295757ns          315950 1c00867a 80737343 fmadd.s          f6, f6, f7, f16      f6=xxxxxxxx  f6:4024a977  f7:411e469f f16:4212f0c0
18295777ns          315951 1c00867e 1116f8d3 fmul.s           f17, f13, f17       f17=xxxxxxxx f13:3feca445 f17:40f9b57d
18295797ns          315952 1c008682 07852803 lw               x16, 120(x10)       x16=410c36e7 x10:1c010fd0  PA:1c011048
18296095ns          315967 1c008686 00c7a383 lw               x7, 12(x15)          x7=3d5f1afd x15:1c010a48  PA:1c010a54
18296393ns          315982 1c00868a 3088f8c3 fmadd.s          f17, f17, f8, f6    f17=xxxxxxxx f17:4166d38b  f8:4048d101  f6:4278bec4
18296413ns          315983 1c00868e 1106f853 fmul.s           f16, f13, f16       f16=xxxxxxxx f13:3feca445 f16:410c36e7
18296433ns          315984 1c008692 0a052303 lw               x6, 160(x10)         x6=3f6ae62d x10:1c010fd0  PA:1c011070
18296732ns          315999 1c008696 0107a403 lw               x8, 16(x15)          x8=40b22bd1 x15:1c010a48  PA:1c010a58
18297050ns          316015 1c008698 88787843 fmadd.s          f16, f16, f7, f17   f16=xxxxxxxx f16:41819c96  f7:3d5f1afd f17:42d6e83e
18297070ns          316016 1c00869c 1066f353 fmul.s           f6, f13, f6          f6=xxxxxxxx f13:3feca445  f6:3f6ae62d
18297090ns          316017 1c0086a0 0c852883 lw               x17, 200(x10)       x17=405de768 x10:1c010fd0  PA:1c011098
18297388ns          316032 1c0086a4 0147a383 lw               x7, 20(x15)          x7=411f58cb x15:1c010a48  PA:1c010a5c
18297686ns          316047 1c0086a8 80837343 fmadd.s          f6, f6, f8, f16      f6=xxxxxxxx  f6:3fd922ec  f8:40b22bd1 f16:42d8ac12
18297706ns          316048 1c0086ac 1116f8d3 fmul.s           f17, f13, f17       f17=xxxxxxxx f13:3feca445 f17:405de768
18297726ns          316049 1c0086b0 0f052803 lw               x16, 240(x10)       x16=3d79b5d2 x10:1c010fd0  PA:1c0110c0
18298024ns          316064 1c0086b4 0187a403 lw               x8, 24(x15)          x8=3f232023 x15:1c010a48  PA:1c010a60
18298323ns          316079 1c0086b6 3078f8c3 fmadd.s          f17, f17, f7, f6    f17=xxxxxxxx f17:40cd1fb8  f7:411f58cb  f6:42eb9000
18298343ns          316080 1c0086ba 1106f853 fmul.s           f16, f13, f16       f16=xxxxxxxx f13:3feca445 f16:3d79b5d2
18298363ns          316081 1c0086be 11852303 lw               x6, 280(x10)         x6=40d82158 x10:1c010fd0  PA:1c0110e8
18298661ns          316096 1c0086c2 01c7a383 lw               x7, 28(x15)          x7=40c03075 x15:1c010a48  PA:1c010a64
18298959ns          316111 1c0086c6 88887843 fmadd.s          f16, f16, f8, f17   f16=xxxxxxxx f16:3de6d3d9  f8:3f232023 f17:43359eec
18298979ns          316112 1c0086ca 1066f353 fmul.s           f6, f13, f6          f6=xxxxxxxx f13:3feca445  f6:40d82158
18298999ns          316113 1c0086ce 14052883 lw               x17, 320(x10)       x17=409ff192 x10:1c010fd0  PA:1c011110
18299297ns          316128 1c0086d2 0207a403 lw               x8, 32(x15)          x8=40803562 x15:1c010a48  PA:1c010a68
18299596ns          316143 1c0086d4 80737343 fmadd.s          f6, f6, f7, f16      f6=xxxxxxxx  f6:4147c96d  f7:40c03075 f16:4335b14f
18299616ns          316144 1c0086d8 1116f8d3 fmul.s           f17, f13, f17       f17=xxxxxxxx f13:3feca445 f17:409ff192
18299636ns          316145 1c0086dc 16852803 lw               x16, 360(x10)       x16=4111b969 x10:1c010fd0  PA:1c011138
18299934ns          316160 1c0086e0 0247a383 lw               x7, 36(x15)          x7=4118157a x15:1c010a48  PA:1c010a6c
18300232ns          316175 1c0086e4 3088f8c3 fmadd.s          f17, f17, f8, f6    f17=xxxxxxxx f17:4113d954  f8:40803562  f6:438057e0
18300252ns          316176 1c0086e8 1106f853 fmul.s           f16, f13, f16       f16=xxxxxxxx f13:3feca445 f16:4111b969
18300272ns          316177 1c0086ec 000ea303 lw               x6, 0(x29)           x6=411279ab x29:10001730  PA:10001730
18300292ns          316178 1c0086f0 02878793 addi             x15, x15, 40        x15=1c010a70 x15:1c010a48
18300312ns          316179 1c0086f4 88787843 fmadd.s          f16, f16, f7, f17   f16=xxxxxxxx f16:4186b46f  f7:4118157a f17:4392dac0
18300332ns          316180 1c0086f8 80e37843 fmadd.s          f16, f6, f14, f16   f16=xxxxxxxx  f6:411279ab f14:411d91fb f16:43e2e12f
18300352ns          316181 1c0086fc 030ea42b p.sw             x16, 40(x29!)       x29=10001758 x16:4407faa1 x29:10001730  PA:10001730
18300372ns          316182 1c008658 00052803 lw               x16, 0(x10)         x16=40a37ef4 x10:1c010fd0  PA:1c010fd0
18300670ns          316197 1c00865c 0007a883 lw               x17, 0(x15)         x17=41136705 x15:1c010a70  PA:1c010a70
18300968ns          316212 1c008660 1106f853 fmul.s           f16, f13, f16       f16=xxxxxxxx f13:3feca445 f16:40a37ef4
18300988ns          316213 1c008664 02852303 lw               x6, 40(x10)          x6=3fb221cd x10:1c010fd0  PA:1c010ff8
18301287ns          316228 1c008668 0047a383 lw               x7, 4(x15)           x7=40b4c386 x15:1c010a70  PA:1c010a74
18301585ns          316243 1c00866c f1187843 fmadd.s          f16, f16, f17, f30  f16=xxxxxxxx f16:411721f2 f17:41136705 f30:00000000
18301605ns          316244 1c008670 1066f353 fmul.s           f6, f13, f6          f6=xxxxxxxx f13:3feca445  f6:3fb221cd
18301625ns          316245 1c008674 05052883 lw               x17, 80(x10)        x17=40f9b57d x10:1c010fd0  PA:1c011020
18301923ns          316260 1c008678 0087a403 lw               x8, 8(x15)           x8=3f268635 x15:1c010a70  PA:1c010a78
18302221ns          316275 1c00867a 80737343 fmadd.s          f6, f6, f7, f16      f6=xxxxxxxx  f6:4024a977  f7:40b4c386 f16:42ae0a9f
18302241ns          316276 1c00867e 1116f8d3 fmul.s           f17, f13, f17       f17=xxxxxxxx f13:3feca445 f17:40f9b57d
18302261ns          316277 1c008682 07852803 lw               x16, 120(x10)       x16=410c36e7 x10:1c010fd0  PA:1c011048
18302560ns          316292 1c008686 00c7a383 lw               x7, 12(x15)          x7=3fc63485 x15:1c010a70  PA:1c010a7c
18302858ns          316307 1c00868a 3088f8c3 fmadd.s          f17, f17, f8, f6    f17=xxxxxxxx f17:4166d38b  f8:3f268635  f6:42cb1bda
18302878ns          316308 1c00868e 1106f853 fmul.s           f16, f13, f16       f16=xxxxxxxx f13:3feca445 f16:410c36e7
18302898ns          316309 1c008692 0a052303 lw               x6, 160(x10)         x6=3f6ae62d x10:1c010fd0  PA:1c011070
18303196ns          316324 1c008696 0107a403 lw               x8, 16(x15)          x8=3fb22991 x15:1c010a70  PA:1c010a80
18303494ns          316339 1c008698 88787843 fmadd.s          f16, f16, f7, f17   f16=xxxxxxxx f16:41819c96  f7:3fc63485 f17:42dde0a0
18303514ns          316340 1c00869c 1066f353 fmul.s           f6, f13, f6          f6=xxxxxxxx f13:3feca445  f6:3f6ae62d
18303534ns          316341 1c0086a0 0c852883 lw               x17, 200(x10)       x17=405de768 x10:1c010fd0  PA:1c011098
18303833ns          316356 1c0086a4 0147a383 lw               x7, 20(x15)          x7=3f30486e x15:1c010a70  PA:1c010a84
18304131ns          316371 1c0086a8 80837343 fmadd.s          f6, f6, f8, f16      f6=xxxxxxxx  f6:3fd922ec  f8:3fb22991 f16:430806bd
18304151ns          316372 1c0086ac 1116f8d3 fmul.s           f17, f13, f17       f17=xxxxxxxx f13:3feca445 f17:405de768
18304171ns          316373 1c0086b0 0f052803 lw               x16, 240(x10)       x16=3d79b5d2 x10:1c010fd0  PA:1c0110c0
18304469ns          316388 1c0086b4 0187a403 lw               x8, 24(x15)          x8=40bff5ca x15:1c010a70  PA:1c010a88
18304767ns          316403 1c0086b6 3078f8c3 fmadd.s          f17, f17, f7, f6    f17=xxxxxxxx f17:40cd1fb8  f7:3f30486e  f6:430a6333
18304787ns          316404 1c0086ba 1106f853 fmul.s           f16, f13, f16       f16=xxxxxxxx f13:3feca445 f16:3d79b5d2
18304807ns          316405 1c0086be 11852303 lw               x6, 280(x10)         x6=40d82158 x10:1c010fd0  PA:1c0110e8
18305125ns          316421 1c0086c2 01c7a383 lw               x7, 28(x15)          x7=40907c75 x15:1c010a70  PA:1c010a8c
18305424ns          316436 1c0086c6 88887843 fmadd.s          f16, f16, f8, f17   f16=xxxxxxxx f16:3de6d3d9  f8:40bff5ca f17:430ecd32
18305444ns          316437 1c0086ca 1066f353 fmul.s           f6, f13, f6          f6=xxxxxxxx f13:3feca445  f6:40d82158
18305464ns          316438 1c0086ce 14052883 lw               x17, 320(x10)       x17=409ff192 x10:1c010fd0  PA:1c011110
18305762ns          316453 1c0086d2 0207a403 lw               x8, 32(x15)          x8=40f2aadf x15:1c010a70  PA:1c010a90
18306060ns          316468 1c0086d4 80737343 fmadd.s          f6, f6, f7, f16      f6=xxxxxxxx  f6:4147c96d  f7:40907c75 f16:430f7a48
18306080ns          316469 1c0086d8 1116f8d3 fmul.s           f17, f13, f17       f17=xxxxxxxx f13:3feca445 f17:409ff192
18306100ns          316470 1c0086dc 16852803 lw               x16, 360(x10)       x16=4111b969 x10:1c010fd0  PA:1c011138
18306418ns          316486 1c0086e0 0247a383 lw               x7, 36(x15)          x7=40a1b290 x15:1c010a70  PA:1c010a94
18306717ns          316501 1c0086e4 3088f8c3 fmadd.s          f17, f17, f8, f6    f17=xxxxxxxx f17:4113d954  f8:40f2aadf  f6:4347db7f
18306737ns          316502 1c0086e8 1106f853 fmul.s           f16, f13, f16       f16=xxxxxxxx f13:3feca445 f16:4111b969
18306756ns          316503 1c0086ec 000ea303 lw               x6, 0(x29)           x6=404e138f x29:10001758  PA:10001758
18306776ns          316504 1c0086f0 02878793 addi             x15, x15, 40        x15=1c010a98 x15:1c010a70
18306796ns          316505 1c0086f4 88787843 fmadd.s          f16, f16, f7, f17   f16=xxxxxxxx f16:4186b46f  f7:40a1b290 f17:4386f748
18306816ns          316506 1c0086f8 80e37843 fmadd.s          f16, f6, f14, f16   f16=xxxxxxxx  f6:404e138f f14:411d91fb f16:43b18200
18306836ns          316507 1c0086fc 030ea42b p.sw             x16, 40(x29!)       x29=10001780 x16:43c15cf0 x29:10001758  PA:10001758
18306856ns          316508 1c008658 00052803 lw               x16, 0(x10)         x16=40a37ef4 x10:1c010fd0  PA:1c010fd0
18307154ns          316523 1c00865c 0007a883 lw               x17, 0(x15)         x17=410c7726 x15:1c010a98  PA:1c010a98
18307453ns          316538 1c008660 1106f853 fmul.s           f16, f13, f16       f16=xxxxxxxx f13:3feca445 f16:40a37ef4
18307473ns          316539 1c008664 02852303 lw               x6, 40(x10)          x6=3fb221cd x10:1c010fd0  PA:1c010ff8
18307791ns          316555 1c008668 0047a383 lw               x7, 4(x15)           x7=409cc11d x15:1c010a98  PA:1c010a9c
18308089ns          316570 1c00866c f1187843 fmadd.s          f16, f16, f17, f30  f16=xxxxxxxx f16:411721f2 f17:410c7726 f30:00000000
18308109ns          316571 1c008670 1066f353 fmul.s           f6, f13, f6          f6=xxxxxxxx f13:3feca445  f6:3fb221cd
18308129ns          316572 1c008674 05052883 lw               x17, 80(x10)        x17=40f9b57d x10:1c010fd0  PA:1c011020
18308427ns          316587 1c008678 0087a403 lw               x8, 8(x15)           x8=410e9b66 x15:1c010a98  PA:1c010aa0
18308726ns          316602 1c00867a 80737343 fmadd.s          f6, f6, f7, f16      f6=xxxxxxxx  f6:4024a977  f7:409cc11d f16:42a5d9cf
18308746ns          316603 1c00867e 1116f8d3 fmul.s           f17, f13, f17       f17=xxxxxxxx f13:3feca445 f17:40f9b57d
18308765ns          316604 1c008682 07852803 lw               x16, 120(x10)       x16=410c36e7 x10:1c010fd0  PA:1c011048
18309084ns          316620 1c008686 00c7a383 lw               x7, 12(x15)          x7=4111146c x15:1c010a98  PA:1c010aa4
18309382ns          316635 1c00868a 3088f8c3 fmadd.s          f17, f17, f8, f6    f17=xxxxxxxx f17:4166d38b  f8:410e9b66  f6:42bf0eae
18309402ns          316636 1c00868e 1106f853 fmul.s           f16, f13, f16       f16=xxxxxxxx f13:3feca445 f16:410c36e7
18309422ns          316637 1c008692 0a052303 lw               x6, 160(x10)         x6=3f6ae62d x10:1c010fd0  PA:1c011070
18309720ns          316652 1c008696 0107a403 lw               x8, 16(x15)          x8=411cf295 x15:1c010a98  PA:1c010aa8
18310019ns          316667 1c008698 88787843 fmadd.s          f16, f16, f7, f17   f16=xxxxxxxx f16:41819c96  f7:4111146c f17:43601ccc
18310038ns          316668 1c00869c 1066f353 fmul.s           f6, f13, f6          f6=xxxxxxxx f13:3feca445  f6:3f6ae62d
18310058ns          316669 1c0086a0 0c852883 lw               x17, 200(x10)       x17=405de768 x10:1c010fd0  PA:1c011098
18310377ns          316685 1c0086a4 0147a383 lw               x7, 20(x15)          x7=410e9e20 x15:1c010a98  PA:1c010aac
18310675ns          316700 1c0086a8 80837343 fmadd.s          f6, f6, f8, f16      f6=xxxxxxxx  f6:3fd922ec  f8:411cf295 f16:43b9826e
18310695ns          316701 1c0086ac 1116f8d3 fmul.s           f17, f13, f17       f17=xxxxxxxx f13:3feca445 f17:405de768
18310715ns          316702 1c0086b0 0f052803 lw               x16, 240(x10)       x16=3d79b5d2 x10:1c010fd0  PA:1c0110c0
18311013ns          316717 1c0086b4 0187a403 lw               x8, 24(x15)          x8=4117932f x15:1c010a98  PA:1c010ab0
18311311ns          316732 1c0086b6 3078f8c3 fmadd.s          f17, f17, f7, f6    f17=xxxxxxxx f17:40cd1fb8  f7:410e9e20  f6:43c1d45f
18311331ns          316733 1c0086ba 1106f853 fmul.s           f16, f13, f16       f16=xxxxxxxx f13:3feca445 f16:3d79b5d2
18311351ns          316734 1c0086be 11852303 lw               x6, 280(x10)         x6=40d82158 x10:1c010fd0  PA:1c0110e8
18311650ns          316749 1c0086c2 01c7a383 lw               x7, 28(x15)          x7=409564dd x15:1c010a98  PA:1c010ab4
18311948ns          316764 1c0086c6 88887843 fmadd.s          f16, f16, f8, f17   f16=xxxxxxxx f16:3de6d3d9  f8:4117932f f17:43de65f2
18311968ns          316765 1c0086ca 1066f353 fmul.s           f6, f13, f6          f6=xxxxxxxx f13:3feca445  f6:40d82158
18311988ns          316766 1c0086ce 14052883 lw               x17, 320(x10)       x17=409ff192 x10:1c010fd0  PA:1c011110
18312286ns          316781 1c0086d2 0207a403 lw               x8, 32(x15)          x8=4093773f x15:1c010a98  PA:1c010ab8
18312584ns          316796 1c0086d4 80737343 fmadd.s          f6, f6, f7, f16      f6=xxxxxxxx  f6:4147c96d  f7:409564dd f16:43deee9e
18312604ns          316797 1c0086d8 1116f8d3 fmul.s           f17, f13, f17       f17=xxxxxxxx f13:3feca445 f17:409ff192
18312624ns          316798 1c0086dc 16852803 lw               x16, 360(x10)       x16=4111b969 x10:1c010fd0  PA:1c011138
18312923ns          316813 1c0086e0 0247a383 lw               x7, 36(x15)          x7=40848fc1 x15:1c010a98  PA:1c010abc
18313221ns          316828 1c0086e4 3088f8c3 fmadd.s          f17, f17, f8, f6    f17=xxxxxxxx f17:4113d954  f8:4093773f  f6:43fc145b
18313241ns          316829 1c0086e8 1106f853 fmul.s           f16, f13, f16       f16=xxxxxxxx f13:3feca445 f16:4111b969
18313261ns          316830 1c0086ec 000ea303 lw               x6, 0(x29)           x6=40f3accd x29:10001780  PA:10001780
18313281ns          316831 1c0086f0 02878793 addi             x15, x15, 40        x15=1c010ac0 x15:1c010a98
18313301ns          316832 1c0086f4 88787843 fmadd.s          f16, f16, f7, f17   f16=xxxxxxxx f16:4186b46f  f7:40848fc1 f17:4408af83
18313320ns          316833 1c0086f8 80e37843 fmadd.s          f16, f6, f14, f16   f16=xxxxxxxx  f6:40f3accd f14:411d91fb f16:441a1fae
18313340ns          316834 1c0086fc 030ea42b p.sw             x16, 40(x29!)       x29=100017a8 x16:442cdf2c x29:10001780  PA:10001780
18313360ns          316835 1c008658 00052803 lw               x16, 0(x10)         x16=40a37ef4 x10:1c010fd0  PA:1c010fd0
18313659ns          316850 1c00865c 0007a883 lw               x17, 0(x15)         x17=3f715ac3 x15:1c010ac0  PA:1c010ac0
18313957ns          316865 1c008660 1106f853 fmul.s           f16, f13, f16       f16=xxxxxxxx f13:3feca445 f16:40a37ef4
18313977ns          316866 1c008664 02852303 lw               x6, 40(x10)          x6=3fb221cd x10:1c010fd0  PA:1c010ff8
18314275ns          316881 1c008668 0047a383 lw               x7, 4(x15)           x7=4048040c x15:1c010ac0  PA:1c010ac4
18314574ns          316896 1c00866c f1187843 fmadd.s          f16, f16, f17, f30  f16=xxxxxxxx f16:411721f2 f17:3f715ac3 f30:00000000
18314593ns          316897 1c008670 1066f353 fmul.s           f6, f13, f6          f6=xxxxxxxx f13:3feca445  f6:3fb221cd
18314613ns          316898 1c008674 05052883 lw               x17, 80(x10)        x17=40f9b57d x10:1c010fd0  PA:1c011020
18314912ns          316913 1c008678 0087a403 lw               x8, 8(x15)           x8=408e450e x15:1c010ac0  PA:1c010ac8
18315210ns          316928 1c00867a 80737343 fmadd.s          f6, f6, f7, f16      f6=xxxxxxxx  f6:4024a977  f7:4048040c f16:410e7c8a
18315230ns          316929 1c00867e 1116f8d3 fmul.s           f17, f13, f17       f17=xxxxxxxx f13:3feca445 f17:40f9b57d
18315250ns          316930 1c008682 07852803 lw               x16, 120(x10)       x16=410c36e7 x10:1c010fd0  PA:1c011048
18315548ns          316945 1c008686 00c7a383 lw               x7, 12(x15)          x7=4107c1ec x15:1c010ac0  PA:1c010acc
18315847ns          316960 1c00868a 3088f8c3 fmadd.s          f17, f17, f8, f6    f17=xxxxxxxx f17:4166d38b  f8:408e450e  f6:418791c5
18315866ns          316961 1c00868e 1106f853 fmul.s           f16, f13, f16       f16=xxxxxxxx f13:3feca445 f16:410c36e7
18315886ns          316962 1c008692 0a052303 lw               x6, 160(x10)         x6=3f6ae62d x10:1c010fd0  PA:1c011070
18316185ns          316977 1c008696 0107a403 lw               x8, 16(x15)          x8=4095fac3 x15:1c010ac0  PA:1c010ad0
18316483ns          316992 1c008698 88787843 fmadd.s          f16, f16, f7, f17   f16=xxxxxxxx f16:41819c96  f7:4107c1ec f17:42a22c0c
18316503ns          316993 1c00869c 1066f353 fmul.s           f6, f13, f6          f6=xxxxxxxx f13:3feca445  f6:3f6ae62d
18316523ns          316994 1c0086a0 0c852883 lw               x17, 200(x10)       x17=405de768 x10:1c010fd0  PA:1c011098
18316821ns          317009 1c0086a4 0147a383 lw               x7, 20(x15)          x7=41121d4e x15:1c010ac0  PA:1c010ad4
18317120ns          317024 1c0086a8 80837343 fmadd.s          f6, f6, f8, f16      f6=xxxxxxxx  f6:3fd922ec  f8:4095fac3 f16:435a8d89
18317139ns          317025 1c0086ac 1116f8d3 fmul.s           f17, f13, f17       f17=xxxxxxxx f13:3feca445 f17:405de768
18317159ns          317026 1c0086b0 0f052803 lw               x16, 240(x10)       x16=3d79b5d2 x10:1c010fd0  PA:1c0110c0
18317458ns          317041 1c0086b4 0187a403 lw               x8, 24(x15)          x8=3ff1facf x15:1c010ac0  PA:1c010ad8
18317756ns          317056 1c0086b6 3078f8c3 fmadd.s          f17, f17, f7, f6    f17=xxxxxxxx f17:40cd1fb8  f7:41121d4e  f6:436280e9
18317776ns          317057 1c0086ba 1106f853 fmul.s           f16, f13, f16       f16=xxxxxxxx f13:3feca445 f16:3d79b5d2
18317796ns          317058 1c0086be 11852303 lw               x6, 280(x10)         x6=40d82158 x10:1c010fd0  PA:1c0110e8
18318094ns          317073 1c0086c2 01c7a383 lw               x7, 28(x15)          x7=40fce41e x15:1c010ac0  PA:1c010adc
18318412ns          317089 1c0086c6 88887843 fmadd.s          f16, f16, f8, f17   f16=xxxxxxxx f16:3de6d3d9  f8:3ff1facf f17:438e8559
18318432ns          317090 1c0086ca 1066f353 fmul.s           f6, f13, f6          f6=xxxxxxxx f13:3feca445  f6:40d82158
18318452ns          317091 1c0086ce 14052883 lw               x17, 320(x10)       x17=409ff192 x10:1c010fd0  PA:1c011110
18318751ns          317106 1c0086d2 0207a403 lw               x8, 32(x15)          x8=4111ef9d x15:1c010ac0  PA:1c010ae0
18319049ns          317121 1c0086d4 80737343 fmadd.s          f6, f6, f7, f16      f6=xxxxxxxx  f6:4147c96d  f7:40fce41e f16:438ea09f
18319069ns          317122 1c0086d8 1116f8d3 fmul.s           f17, f13, f17       f17=xxxxxxxx f13:3feca445 f17:409ff192
18319089ns          317123 1c0086dc 16852803 lw               x16, 360(x10)       x16=4111b969 x10:1c010fd0  PA:1c011138
18319387ns          317138 1c0086e0 0247a383 lw               x7, 36(x15)          x7=40f90988 x15:1c010ac0  PA:1c010ae4
18319705ns          317154 1c0086e4 3088f8c3 fmadd.s          f17, f17, f8, f6    f17=xxxxxxxx f17:4113d954  f8:4111ef9d  f6:43bff7b3
18319725ns          317155 1c0086e8 1106f853 fmul.s           f16, f13, f16       f16=xxxxxxxx f13:3feca445 f16:4111b969
18319745ns          317156 1c0086ec 000ea303 lw               x6, 0(x29)           x6=3f9947d7 x29:100017a8  PA:100017a8
18319765ns          317157 1c0086f0 02878793 addi             x15, x15, 40        x15=1c010ae8 x15:1c010ac0
18319785ns          317158 1c0086f4 88787843 fmadd.s          f16, f16, f7, f17   f16=xxxxxxxx f16:4186b46f  f7:40f90988 f17:43ea1bf1
18319805ns          317159 1c0086f8 80e37843 fmadd.s          f16, f6, f14, f16   f16=xxxxxxxx  f6:3f9947d7 f14:411d91fb f16:4415d099
18319825ns          317160 1c0086fc 030ea42b p.sw             x16, 40(x29!)       x29=100017d0 x16:4418c35d x29:100017a8  PA:100017a8
18319845ns          317161 1c008658 00052803 lw               x16, 0(x10)         x16=40a37ef4 x10:1c010fd0  PA:1c010fd0
18320143ns          317176 1c00865c 0007a883 lw               x17, 0(x15)         x17=3fb6e5d0 x15:1c010ae8  PA:1c010ae8
18320441ns          317191 1c008660 1106f853 fmul.s           f16, f13, f16       f16=xxxxxxxx f13:3feca445 f16:40a37ef4
18320461ns          317192 1c008664 02852303 lw               x6, 40(x10)          x6=3fb221cd x10:1c010fd0  PA:1c010ff8
18320760ns          317207 1c008668 0047a383 lw               x7, 4(x15)           x7=4093fb1d x15:1c010ae8  PA:1c010aec
18321078ns          317223 1c00866c f1187843 fmadd.s          f16, f16, f17, f30  f16=xxxxxxxx f16:411721f2 f17:3fb6e5d0 f30:00000000
18321098ns          317224 1c008670 1066f353 fmul.s           f6, f13, f6          f6=xxxxxxxx f13:3feca445  f6:3fb221cd
18321118ns          317225 1c008674 05052883 lw               x17, 80(x10)        x17=40f9b57d x10:1c010fd0  PA:1c011020
18321416ns          317240 1c008678 0087a403 lw               x8, 8(x15)           x8=40dc0282 x15:1c010ae8  PA:1c010af0
18321714ns          317255 1c00867a 80737343 fmadd.s          f6, f6, f7, f16      f6=xxxxxxxx  f6:4024a977  f7:4093fb1d f16:4157f39c
18321734ns          317256 1c00867e 1116f8d3 fmul.s           f17, f13, f17       f17=xxxxxxxx f13:3feca445 f17:40f9b57d
18321754ns          317257 1c008682 07852803 lw               x16, 120(x10)       x16=410c36e7 x10:1c010fd0  PA:1c011048
18322052ns          317272 1c008686 00c7a383 lw               x7, 12(x15)          x7=408975eb x15:1c010ae8  PA:1c010af4
18322371ns          317288 1c00868a 3088f8c3 fmadd.s          f17, f17, f8, f6    f17=xxxxxxxx f17:4166d38b  f8:40dc0282  f6:41cb28a2
18322391ns          317289 1c00868e 1106f853 fmul.s           f16, f13, f16       f16=xxxxxxxx f13:3feca445 f16:410c36e7
18322410ns          317290 1c008692 0a052303 lw               x6, 160(x10)         x6=3f6ae62d x10:1c010fd0  PA:1c011070
18322709ns          317305 1c008696 0107a403 lw               x8, 16(x15)          x8=4035707b x15:1c010ae8  PA:1c010af8
18323007ns          317320 1c008698 88787843 fmadd.s          f16, f16, f7, f17   f16=xxxxxxxx f16:41819c96  f7:408975eb f17:42f92a37
18323027ns          317321 1c00869c 1066f353 fmul.s           f6, f13, f6          f6=xxxxxxxx f13:3feca445  f6:3f6ae62d
18323047ns          317322 1c0086a0 0c852883 lw               x17, 200(x10)       x17=405de768 x10:1c010fd0  PA:1c011098
18323345ns          317337 1c0086a4 0147a383 lw               x7, 20(x15)          x7=40e890ec x15:1c010ae8  PA:1c010afc
18323664ns          317353 1c0086a8 80837343 fmadd.s          f6, f6, f8, f16      f6=xxxxxxxx  f6:3fd922ec  f8:4035707b f16:43422d9b
18323684ns          317354 1c0086ac 1116f8d3 fmul.s           f17, f13, f17       f17=xxxxxxxx f13:3feca445 f17:405de768
18323703ns          317355 1c0086b0 0f052803 lw               x16, 240(x10)       x16=3d79b5d2 x10:1c010fd0  PA:1c0110c0
18324002ns          317370 1c0086b4 0187a403 lw               x8, 24(x15)          x8=40a13991 x15:1c010ae8  PA:1c010b00
18324300ns          317385 1c0086b6 3078f8c3 fmadd.s          f17, f17, f7, f6    f17=xxxxxxxx f17:40cd1fb8  f7:40e890ec  f6:4346fcc4
18324320ns          317386 1c0086ba 1106f853 fmul.s           f16, f13, f16       f16=xxxxxxxx f13:3feca445 f16:3d79b5d2
18324340ns          317387 1c0086be 11852303 lw               x6, 280(x10)         x6=40d82158 x10:1c010fd0  PA:1c0110e8
18324638ns          317402 1c0086c2 01c7a383 lw               x7, 28(x15)          x7=3f6ceaef x15:1c010ae8  PA:1c010b04
18324937ns          317417 1c0086c6 88887843 fmadd.s          f16, f16, f8, f17   f16=xxxxxxxx f16:3de6d3d9  f8:40a13991 f17:437592fb
18324957ns          317418 1c0086ca 1066f353 fmul.s           f6, f13, f6          f6=xxxxxxxx f13:3feca445  f6:40d82158
18324976ns          317419 1c0086ce 14052883 lw               x17, 320(x10)       x17=409ff192 x10:1c010fd0  PA:1c011110
18325275ns          317434 1c0086d2 0207a403 lw               x8, 32(x15)          x8=405a42a6 x15:1c010ae8  PA:1c010b08
18325573ns          317449 1c0086d4 80737343 fmadd.s          f6, f6, f7, f16      f6=xxxxxxxx  f6:4147c96d  f7:3f6ceaef f16:4376245a
18325593ns          317450 1c0086d8 1116f8d3 fmul.s           f17, f13, f17       f17=xxxxxxxx f13:3feca445 f17:409ff192
18325613ns          317451 1c0086dc 16852803 lw               x16, 360(x10)       x16=4111b969 x10:1c010fd0  PA:1c011138
18325911ns          317466 1c0086e0 0247a383 lw               x7, 36(x15)          x7=40c7feba x15:1c010ae8  PA:1c010b0c
18326210ns          317481 1c0086e4 3088f8c3 fmadd.s          f17, f17, f8, f6    f17=xxxxxxxx f17:4113d954  f8:405a42a6  f6:4380d955
18326230ns          317482 1c0086e8 1106f853 fmul.s           f16, f13, f16       f16=xxxxxxxx f13:3feca445 f16:4111b969
18326249ns          317483 1c0086ec 000ea303 lw               x6, 0(x29)           x6=40eeda4b x29:100017d0  PA:100017d0
18326269ns          317484 1c0086f0 02878793 addi             x15, x15, 40        x15=1c010b10 x15:1c010ae8
18326289ns          317485 1c0086f4 88787843 fmadd.s          f16, f16, f7, f17   f16=xxxxxxxx f16:4186b46f  f7:40c7feba f17:43909b07
18326309ns          317486 1c0086f8 80e37843 fmadd.s          f16, f6, f14, f16   f16=xxxxxxxx  f6:40eeda4b f14:411d91fb f16:43c5392d
18326329ns          317487 1c0086fc 030ea42b p.sw             x16, 40(x29!)       x29=100017f8 x16:43e9fa32 x29:100017d0  PA:100017d0
18326349ns          317488 1c008700 00460613 addi             x12, x12, 4         x12=1000166c x12:10001668
18326369ns          317489 1c008702 00450513 addi             x10, x10, 4         x10=1c010fd4 x10:1c010fd0
18326409ns          317491 1c008632 40b28e33 sub              x28, x5, x11        x28=00000190  x5:1c010b10 x11:1c010980
18326428ns          317492 1c008636 fd8e0e13 addi             x28, x28, -40       x28=00000168 x28:00000190
18326448ns          317493 1c00863a 0cccd7b7 lui              x15, 0xcccd000      x15=0cccd000
18326468ns          317494 1c00863e ccd78793 addi             x15, x15, -819      x15=0ccccccd x15:0cccd000
18326488ns          317495 1c008642 003e5e13 srli             x28, x28, 0x3       x28=0000002d x28:00000168
18326508ns          317496 1c008646 02fe0e33 mul              x28, x28, x15       x28=40000009 x28:0000002d x15:0ccccccd
18326528ns          317497 1c00864a c5de3e33 p.bclr           x28, x28, 2, 29     x28=00000009 x28:40000009
18326548ns          317498 1c00864e 00b007b3 add              x15, x0, x11        x15=1c010980 x11:1c010980
18326568ns          317499 1c008650 00c00eb3 add              x29, x0, x12        x29=1000166c x12:1000166c
18326588ns          317500 1c008652 001e0e13 addi             x28, x28, 1         x28=0000000a x28:00000009
18326607ns          317501 1c008654 054e40fb lp.setup         0x1, x28, 0x54      x28:0000000a
18326627ns          317502 1c008658 00052803 lw               x16, 0(x10)         x16=408f095f x10:1c010fd4  PA:1c010fd4
18326926ns          317517 1c00865c 0007a883 lw               x17, 0(x15)         x17=4052e826 x15:1c010980  PA:1c010980
18327224ns          317532 1c008660 1106f853 fmul.s           f16, f13, f16       f16=xxxxxxxx f13:3feca445 f16:408f095f
18327244ns          317533 1c008664 02852303 lw               x6, 40(x10)          x6=411935eb x10:1c010fd4  PA:1c010ffc
18327542ns          317548 1c008668 0047a383 lw               x7, 4(x15)           x7=3e594d74 x15:1c010980  PA:1c010984
18327841ns          317563 1c00866c f1187843 fmadd.s          f16, f16, f17, f30  f16=xxxxxxxx f16:4104386c f17:4052e826 f30:00000000
18327861ns          317564 1c008670 1066f353 fmul.s           f6, f13, f6          f6=xxxxxxxx f13:3feca445  f6:411935eb
18327880ns          317565 1c008674 05052883 lw               x17, 80(x10)        x17=3fb11360 x10:1c010fd4  PA:1c011024
18328179ns          317580 1c008678 0087a403 lw               x8, 8(x15)           x8=410a346e x15:1c010980  PA:1c010988
18328477ns          317595 1c00867a 80737343 fmadd.s          f6, f6, f7, f16      f6=xxxxxxxx  f6:418da004  f7:3e594d74 f16:41d9dc5f
18328497ns          317596 1c00867e 1116f8d3 fmul.s           f17, f13, f17       f17=xxxxxxxx f13:3feca445 f17:3fb11360
18328517ns          317597 1c008682 07852803 lw               x16, 120(x10)       x16=400f3320 x10:1c010fd4  PA:1c01104c
18328815ns          317612 1c008686 00c7a383 lw               x7, 12(x15)          x7=3fdcbabb x15:1c010980  PA:1c01098c
18329114ns          317627 1c00868a 3088f8c3 fmadd.s          f17, f17, f8, f6    f17=xxxxxxxx f17:4023af7d  f8:410a346e  f6:41f7ea3e
18329134ns          317628 1c00868e 1106f853 fmul.s           f16, f13, f16       f16=xxxxxxxx f13:3feca445 f16:400f3320
18329153ns          317629 1c008692 0a052303 lw               x6, 160(x10)         x6=410185b9 x10:1c010fd4  PA:1c011074
18329452ns          317644 1c008696 0107a403 lw               x8, 16(x15)          x8=403131d8 x15:1c010980  PA:1c010990
18329750ns          317659 1c008698 88787843 fmadd.s          f16, f16, f7, f17   f16=xxxxxxxx f16:40845f05  f7:3fdcbabb f17:4254533e
18329770ns          317660 1c00869c 1066f353 fmul.s           f6, f13, f6          f6=xxxxxxxx f13:3feca445  f6:410185b9
18329790ns          317661 1c0086a0 0c852883 lw               x17, 200(x10)       x17=3f35eab3 x10:1c010fd4  PA:1c01109c
18330088ns          317676 1c0086a4 0147a383 lw               x7, 20(x15)          x7=40b905da x15:1c010980  PA:1c010994
18330407ns          317692 1c0086a8 80837343 fmadd.s          f6, f6, f8, f16      f6=xxxxxxxx  f6:416f74c6  f8:403131d8 f16:4270dbcc
18330426ns          317693 1c0086ac 1116f8d3 fmul.s           f17, f13, f17       f17=xxxxxxxx f13:3feca445 f17:3f35eab3
18330446ns          317694 1c0086b0 0f052803 lw               x16, 240(x10)       x16=401b0ef9 x10:1c010fd4  PA:1c0110c4
18330745ns          317709 1c0086b4 0187a403 lw               x8, 24(x15)          x8=3f3f71e4 x15:1c010980  PA:1c010998
18331043ns          317724 1c0086b6 3078f8c3 fmadd.s          f17, f17, f7, f6    f17=xxxxxxxx f17:3fa82918  f7:40b905da  f6:42cb4d14
18331063ns          317725 1c0086ba 1106f853 fmul.s           f16, f13, f16       f16=xxxxxxxx f13:3feca445 f16:401b0ef9
18331083ns          317726 1c0086be 11852303 lw               x6, 280(x10)         x6=410dd7bd x10:1c010fd4  PA:1c0110ec
18331381ns          317741 1c0086c2 01c7a383 lw               x7, 28(x15)          x7=40b21fda x15:1c010980  PA:1c01099c
18331699ns          317757 1c0086c6 88887843 fmadd.s          f16, f16, f8, f17   f16=xxxxxxxx f16:408f554d  f8:3f3f71e4 f17:42da7e45
18331719ns          317758 1c0086ca 1066f353 fmul.s           f6, f13, f6          f6=xxxxxxxx f13:3feca445  f6:410dd7bd
18331739ns          317759 1c0086ce 14052883 lw               x17, 320(x10)       x17=4104a015 x10:1c010fd4  PA:1c011114
18332038ns          317774 1c0086d2 0207a403 lw               x8, 32(x15)          x8=404c67dc x15:1c010980  PA:1c0109a0
18332336ns          317789 1c0086d4 80737343 fmadd.s          f6, f6, f7, f16      f6=xxxxxxxx  f6:41831de7  f7:40b21fda f16:42e1314c
18332356ns          317790 1c0086d8 1116f8d3 fmul.s           f17, f13, f17       f17=xxxxxxxx f13:3feca445 f17:4104a015
18332376ns          317791 1c0086dc 16852803 lw               x16, 360(x10)       x16=410e82d4 x10:1c010fd4  PA:1c01113c
18332674ns          317806 1c0086e0 0247a383 lw               x7, 36(x15)          x7=3f63643c x15:1c010980  PA:1c0109a4
18332992ns          317822 1c0086e4 3088f8c3 fmadd.s          f17, f17, f8, f6    f17=xxxxxxxx f17:4175315b  f8:404c67dc  f6:434bd3c1
18333012ns          317823 1c0086e8 1106f853 fmul.s           f16, f13, f16       f16=xxxxxxxx f13:3feca445 f16:410e82d4
18333032ns          317824 1c0086ec 000ea303 lw               x6, 0(x29)           x6=40cabcc8 x29:1000166c  PA:1000166c
18333052ns          317825 1c0086f0 02878793 addi             x15, x15, 40        x15=1c0109a8 x15:1c010980
18333072ns          317826 1c0086f4 88787843 fmadd.s          f16, f16, f7, f17   f16=xxxxxxxx f16:4183bc0e  f7:3f63643c f17:437cc575
18333092ns          317827 1c0086f8 80e37843 fmadd.s          f16, f6, f14, f16   f16=xxxxxxxx  f6:40cabcc8 f14:411d91fb f16:4385b2f0
18333112ns          317828 1c0086fc 030ea42b p.sw             x16, 40(x29!)       x29=10001694 x16:43a4e549 x29:1000166c  PA:1000166c
18333132ns          317829 1c008658 00052803 lw               x16, 0(x10)         x16=408f095f x10:1c010fd4  PA:1c010fd4
18333430ns          317844 1c00865c 0007a883 lw               x17, 0(x15)         x17=410caf4f x15:1c0109a8  PA:1c0109a8
18333728ns          317859 1c008660 1106f853 fmul.s           f16, f13, f16       f16=xxxxxxxx f13:3feca445 f16:408f095f
18333748ns          317860 1c008664 02852303 lw               x6, 40(x10)          x6=411935eb x10:1c010fd4  PA:1c010ffc
18334047ns          317875 1c008668 0047a383 lw               x7, 4(x15)           x7=41176372 x15:1c0109a8  PA:1c0109ac
18334365ns          317891 1c00866c f1187843 fmadd.s          f16, f16, f17, f30  f16=xxxxxxxx f16:4104386c f17:410caf4f f30:00000000
18334385ns          317892 1c008670 1066f353 fmul.s           f6, f13, f6          f6=xxxxxxxx f13:3feca445  f6:411935eb
18334405ns          317893 1c008674 05052883 lw               x17, 80(x10)        x17=3fb11360 x10:1c010fd4  PA:1c011024
18334703ns          317908 1c008678 0087a403 lw               x8, 8(x15)           x8=409cf1d2 x15:1c0109a8  PA:1c0109b0
18335001ns          317923 1c00867a 80737343 fmadd.s          f6, f6, f7, f16      f6=xxxxxxxx  f6:418da004  f7:41176372 f16:429152cd
18335021ns          317924 1c00867e 1116f8d3 fmul.s           f17, f13, f17       f17=xxxxxxxx f13:3feca445 f17:3fb11360
18335041ns          317925 1c008682 07852803 lw               x16, 120(x10)       x16=400f3320 x10:1c010fd4  PA:1c01104c
18335339ns          317940 1c008686 00c7a383 lw               x7, 12(x15)          x7=410ddd2e x15:1c0109a8  PA:1c0109b4
18335658ns          317956 1c00868a 3088f8c3 fmadd.s          f17, f17, f8, f6    f17=xxxxxxxx f17:4023af7d  f8:409cf1d2  f6:43702a33
18335678ns          317957 1c00868e 1106f853 fmul.s           f16, f13, f16       f16=xxxxxxxx f13:3feca445 f16:400f3320
18335698ns          317958 1c008692 0a052303 lw               x6, 160(x10)         x6=410185b9 x10:1c010fd4  PA:1c011074
18335996ns          317973 1c008696 0107a403 lw               x8, 16(x15)          x8=3fd37db8 x15:1c0109a8  PA:1c0109b8
18336294ns          317988 1c008698 88787843 fmadd.s          f16, f16, f7, f17   f16=xxxxxxxx f16:40845f05  f7:410ddd2e f17:437cb565
18336314ns          317989 1c00869c 1066f353 fmul.s           f6, f13, f6          f6=xxxxxxxx f13:3feca445  f6:410185b9
18336334ns          317990 1c0086a0 0c852883 lw               x17, 200(x10)       x17=3f35eab3 x10:1c010fd4  PA:1c01109c
18336632ns          318005 1c0086a4 0147a383 lw               x7, 20(x15)          x7=404b6f19 x15:1c0109a8  PA:1c0109bc
18336931ns          318020 1c0086a8 80837343 fmadd.s          f6, f6, f8, f16      f6=xxxxxxxx  f6:416f74c6  f8:3fd37db8 f16:4390b15f
18336951ns          318021 1c0086ac 1116f8d3 fmul.s           f17, f13, f17       f17=xxxxxxxx f13:3feca445 f17:3f35eab3
18336971ns          318022 1c0086b0 0f052803 lw               x16, 240(x10)       x16=401b0ef9 x10:1c010fd4  PA:1c0110c4
18337269ns          318037 1c0086b4 0187a403 lw               x8, 24(x15)          x8=40c05806 x15:1c0109a8  PA:1c0109c0
18337567ns          318052 1c0086b6 3078f8c3 fmadd.s          f17, f17, f7, f6    f17=xxxxxxxx f17:3fa82918  f7:404b6f19  f6:439d0e8c
18337587ns          318053 1c0086ba 1106f853 fmul.s           f16, f13, f16       f16=xxxxxxxx f13:3feca445 f16:401b0ef9
18337607ns          318054 1c0086be 11852303 lw               x6, 280(x10)         x6=410dd7bd x10:1c010fd4  PA:1c0110ec
18337905ns          318069 1c0086c2 01c7a383 lw               x7, 28(x15)          x7=411fcb27 x15:1c0109a8  PA:1c0109c4
18338204ns          318084 1c0086c6 88887843 fmadd.s          f16, f16, f8, f17   f16=xxxxxxxx f16:408f554d  f8:40c05806 f17:439f2512
18338224ns          318085 1c0086ca 1066f353 fmul.s           f6, f13, f6          f6=xxxxxxxx f13:3feca445  f6:410dd7bd
18338244ns          318086 1c0086ce 14052883 lw               x17, 320(x10)       x17=4104a015 x10:1c010fd4  PA:1c011114
18338542ns          318101 1c0086d2 0207a403 lw               x8, 32(x15)          x8=409b827a x15:1c0109a8  PA:1c0109c8
18338840ns          318116 1c0086d4 80737343 fmadd.s          f6, f6, f7, f16      f6=xxxxxxxx  f6:41831de7  f7:411fcb27 f16:43ac9b3a
18338860ns          318117 1c0086d8 1116f8d3 fmul.s           f17, f13, f17       f17=xxxxxxxx f13:3feca445 f17:4104a015
18338880ns          318118 1c0086dc 16852803 lw               x16, 360(x10)       x16=410e82d4 x10:1c010fd4  PA:1c01113c
18339178ns          318133 1c0086e0 0247a383 lw               x7, 36(x15)          x7=40fbbc63 x15:1c0109a8  PA:1c0109cc
18339477ns          318148 1c0086e4 3088f8c3 fmadd.s          f17, f17, f8, f6    f17=xxxxxxxx f17:4175315b  f8:409b827a  f6:43fe72d9
18339497ns          318149 1c0086e8 1106f853 fmul.s           f16, f13, f16       f16=xxxxxxxx f13:3feca445 f16:410e82d4
18339517ns          318150 1c0086ec 000ea303 lw               x6, 0(x29)           x6=3f919eb6 x29:10001694  PA:10001694
18339536ns          318151 1c0086f0 02878793 addi             x15, x15, 40        x15=1c0109d0 x15:1c0109a8
18339556ns          318152 1c0086f4 88787843 fmadd.s          f16, f16, f7, f17   f16=xxxxxxxx f16:4183bc0e  f7:40fbbc63 f17:4411d7a8
18339576ns          318153 1c0086f8 80e37843 fmadd.s          f16, f6, f14, f16   f16=xxxxxxxx  f6:3f919eb6 f14:411d91fb f16:44323a3d
18339596ns          318154 1c0086fc 030ea42b p.sw             x16, 40(x29!)       x29=100016bc x16:44350748 x29:10001694  PA:10001694
18339616ns          318155 1c008658 00052803 lw               x16, 0(x10)         x16=408f095f x10:1c010fd4  PA:1c010fd4
18339914ns          318170 1c00865c 0007a883 lw               x17, 0(x15)         x17=3fe434c6 x15:1c0109d0  PA:1c0109d0
18340213ns          318185 1c008660 1106f853 fmul.s           f16, f13, f16       f16=xxxxxxxx f13:3feca445 f16:408f095f
18340233ns          318186 1c008664 02852303 lw               x6, 40(x10)          x6=411935eb x10:1c010fd4  PA:1c010ffc
18340531ns          318201 1c008668 0047a383 lw               x7, 4(x15)           x7=3ea9eacd x15:1c0109d0  PA:1c0109d4
18340829ns          318216 1c00866c f1187843 fmadd.s          f16, f16, f17, f30  f16=xxxxxxxx f16:4104386c f17:3fe434c6 f30:00000000
18340849ns          318217 1c008670 1066f353 fmul.s           f6, f13, f6          f6=xxxxxxxx f13:3feca445  f6:411935eb
18340869ns          318218 1c008674 05052883 lw               x17, 80(x10)        x17=3fb11360 x10:1c010fd4  PA:1c011024
18341167ns          318233 1c008678 0087a403 lw               x8, 8(x15)           x8=40d2ef84 x15:1c0109d0  PA:1c0109d8
18341466ns          318248 1c00867a 80737343 fmadd.s          f6, f6, f7, f16      f6=xxxxxxxx  f6:418da004  f7:3ea9eacd f16:416bbb04
18341486ns          318249 1c00867e 1116f8d3 fmul.s           f17, f13, f17       f17=xxxxxxxx f13:3feca445 f17:3fb11360
18341506ns          318250 1c008682 07852803 lw               x16, 120(x10)       x16=400f3320 x10:1c010fd4  PA:1c01104c
18341804ns          318265 1c008686 00c7a383 lw               x7, 12(x15)          x7=40e0a6ee x15:1c0109d0  PA:1c0109dc
18342102ns          318280 1c00868a 3088f8c3 fmadd.s          f17, f17, f8, f6    f17=xxxxxxxx f17:4023af7d  f8:40d2ef84  f6:41a4ddc6
18342122ns          318281 1c00868e 1106f853 fmul.s           f16, f13, f16       f16=xxxxxxxx f13:3feca445 f16:400f3320
18342142ns          318282 1c008692 0a052303 lw               x6, 160(x10)         x6=410185b9 x10:1c010fd4  PA:1c011074
18342440ns          318297 1c008696 0107a403 lw               x8, 16(x15)          x8=410949c7 x15:1c0109d0  PA:1c0109e0
18342759ns          318313 1c008698 88787843 fmadd.s          f16, f16, f7, f17   f16=xxxxxxxx f16:40845f05  f7:40e0a6ee f17:4215de70
18342779ns          318314 1c00869c 1066f353 fmul.s           f6, f13, f6          f6=xxxxxxxx f13:3feca445  f6:410185b9
18342799ns          318315 1c0086a0 0c852883 lw               x17, 200(x10)       x17=3f35eab3 x10:1c010fd4  PA:1c01109c
18343097ns          318330 1c0086a4 0147a383 lw               x7, 20(x15)          x7=40fc045f x15:1c0109d0  PA:1c0109e4
18343395ns          318345 1c0086a8 80837343 fmadd.s          f6, f6, f8, f16      f6=xxxxxxxx  f6:416f74c6  f8:410949c7 f16:428503f3
18343415ns          318346 1c0086ac 1116f8d3 fmul.s           f17, f13, f17       f17=xxxxxxxx f13:3feca445 f17:3f35eab3
18343435ns          318347 1c0086b0 0f052803 lw               x16, 240(x10)       x16=401b0ef9 x10:1c010fd4  PA:1c0110c4
18343753ns          318363 1c0086b4 0187a403 lw               x8, 24(x15)          x8=4075e4ea x15:1c0109d0  PA:1c0109e8
18344052ns          318378 1c0086b6 3078f8c3 fmadd.s          f17, f17, f7, f6    f17=xxxxxxxx f17:3fa82918  f7:40fc045f  f6:4342ec7a
18344072ns          318379 1c0086ba 1106f853 fmul.s           f16, f13, f16       f16=xxxxxxxx f13:3feca445 f16:401b0ef9
18344091ns          318380 1c0086be 11852303 lw               x6, 280(x10)         x6=410dd7bd x10:1c010fd4  PA:1c0110ec
18344390ns          318395 1c0086c2 01c7a383 lw               x7, 28(x15)          x7=40951ac2 x15:1c0109d0  PA:1c0109ec
18344688ns          318410 1c0086c6 88887843 fmadd.s          f16, f16, f8, f17   f16=xxxxxxxx f16:408f554d  f8:4075e4ea f17:434d452f
18344708ns          318411 1c0086ca 1066f353 fmul.s           f6, f13, f6          f6=xxxxxxxx f13:3feca445  f6:410dd7bd
18344728ns          318412 1c0086ce 14052883 lw               x17, 320(x10)       x17=4104a015 x10:1c010fd4  PA:1c011114
18345046ns          318428 1c0086d2 0207a403 lw               x8, 32(x15)          x8=3fd3f108 x15:1c0109d0  PA:1c0109f0
18345345ns          318443 1c0086d4 80737343 fmadd.s          f6, f6, f7, f16      f6=xxxxxxxx  f6:41831de7  f7:40951ac2 f16:435e7ac9
18345364ns          318444 1c0086d8 1116f8d3 fmul.s           f17, f13, f17       f17=xxxxxxxx f13:3feca445 f17:4104a015
18345384ns          318445 1c0086dc 16852803 lw               x16, 360(x10)       x16=410e82d4 x10:1c010fd4  PA:1c01113c
18345683ns          318460 1c0086e0 0247a383 lw               x7, 36(x15)          x7=3fdb9aaa x15:1c0109d0  PA:1c0109f4
18345981ns          318475 1c0086e4 3088f8c3 fmadd.s          f17, f17, f8, f6    f17=xxxxxxxx f17:4175315b  f8:3fd3f108  f6:43956c72
18346001ns          318476 1c0086e8 1106f853 fmul.s           f16, f13, f16       f16=xxxxxxxx f13:3feca445 f16:410e82d4
18346021ns          318477 1c0086ec 000ea303 lw               x6, 0(x29)           x6=40d6436f x29:100016bc  PA:100016bc
18346041ns          318478 1c0086f0 02878793 addi             x15, x15, 40        x15=1c0109f8 x15:1c0109d0
18346061ns          318479 1c0086f4 88787843 fmadd.s          f16, f16, f7, f17   f16=xxxxxxxx f16:4183bc0e  f7:3fdb9aaa f17:43a21c5b
18346080ns          318480 1c0086f8 80e37843 fmadd.s          f16, f6, f14, f16   f16=xxxxxxxx  f6:40d6436f f14:411d91fb f16:43b03c8a
18346100ns          318481 1c0086fc 030ea42b p.sw             x16, 40(x29!)       x29=100016e4 x16:43d134ec x29:100016bc  PA:100016bc
18346120ns          318482 1c008658 00052803 lw               x16, 0(x10)         x16=408f095f x10:1c010fd4  PA:1c010fd4
18346419ns          318497 1c00865c 0007a883 lw               x17, 0(x15)         x17=40f724db x15:1c0109f8  PA:1c0109f8
18346717ns          318512 1c008660 1106f853 fmul.s           f16, f13, f16       f16=xxxxxxxx f13:3feca445 f16:408f095f
18346737ns          318513 1c008664 02852303 lw               x6, 40(x10)          x6=411935eb x10:1c010fd4  PA:1c010ffc
18347035ns          318528 1c008668 0047a383 lw               x7, 4(x15)           x7=411ba4c3 x15:1c0109f8  PA:1c0109fc
18347334ns          318543 1c00866c f1187843 fmadd.s          f16, f16, f17, f30  f16=xxxxxxxx f16:4104386c f17:40f724db f30:00000000
18347353ns          318544 1c008670 1066f353 fmul.s           f6, f13, f6          f6=xxxxxxxx f13:3feca445  f6:411935eb
18347373ns          318545 1c008674 05052883 lw               x17, 80(x10)        x17=3fb11360 x10:1c010fd4  PA:1c011024
18347692ns          318561 1c008678 0087a403 lw               x8, 8(x15)           x8=411378f2 x15:1c0109f8  PA:1c010a00
18347990ns          318576 1c00867a 80737343 fmadd.s          f6, f6, f7, f16      f6=xxxxxxxx  f6:418da004  f7:411ba4c3 f16:427f4af2
18348010ns          318577 1c00867e 1116f8d3 fmul.s           f17, f13, f17       f17=xxxxxxxx f13:3feca445 f17:3fb11360
18348030ns          318578 1c008682 07852803 lw               x16, 120(x10)       x16=400f3320 x10:1c010fd4  PA:1c01104c
18348328ns          318593 1c008686 00c7a383 lw               x7, 12(x15)          x7=408ce3e2 x15:1c0109f8  PA:1c010a04
18348627ns          318608 1c00868a 3088f8c3 fmadd.s          f17, f17, f8, f6    f17=xxxxxxxx f17:4023af7d  f8:411378f2  f6:436c08ce
18348646ns          318609 1c00868e 1106f853 fmul.s           f16, f13, f16       f16=xxxxxxxx f13:3feca445 f16:400f3320
18348666ns          318610 1c008692 0a052303 lw               x6, 160(x10)         x6=410185b9 x10:1c010fd4  PA:1c011074
18348985ns          318626 1c008696 0107a403 lw               x8, 16(x15)          x8=3f897409 x15:1c0109f8  PA:1c010a08
18349283ns          318641 1c008698 88787843 fmadd.s          f16, f16, f7, f17   f16=xxxxxxxx f16:40845f05  f7:408ce3e2 f17:4381cdca
18349303ns          318642 1c00869c 1066f353 fmul.s           f6, f13, f6          f6=xxxxxxxx f13:3feca445  f6:410185b9
18349323ns          318643 1c0086a0 0c852883 lw               x17, 200(x10)       x17=3f35eab3 x10:1c010fd4  PA:1c01109c
18349621ns          318658 1c0086a4 0147a383 lw               x7, 20(x15)          x7=4086046f x15:1c0109f8  PA:1c010a0c
18349919ns          318673 1c0086a8 80837343 fmadd.s          f6, f6, f8, f16      f6=xxxxxxxx  f6:416f74c6  f8:3f897409 f16:438ae903
18349939ns          318674 1c0086ac 1116f8d3 fmul.s           f17, f13, f17       f17=xxxxxxxx f13:3feca445 f17:3f35eab3
18349959ns          318675 1c0086b0 0f052803 lw               x16, 240(x10)       x16=401b0ef9 x10:1c010fd4  PA:1c0110c4
18350258ns          318690 1c0086b4 0187a403 lw               x8, 24(x15)          x8=40fb0608 x15:1c0109f8  PA:1c010a10
18350556ns          318705 1c0086b6 3078f8c3 fmadd.s          f17, f17, f7, f6    f17=xxxxxxxx f17:3fa82918  f7:4086046f  f6:4392f223
18350576ns          318706 1c0086ba 1106f853 fmul.s           f16, f13, f16       f16=xxxxxxxx f13:3feca445 f16:401b0ef9
18350596ns          318707 1c0086be 11852303 lw               x6, 280(x10)         x6=410dd7bd x10:1c010fd4  PA:1c0110ec
18350894ns          318722 1c0086c2 01c7a383 lw               x7, 28(x15)          x7=40af8cda x15:1c0109f8  PA:1c010a14
18351192ns          318737 1c0086c6 88887843 fmadd.s          f16, f16, f8, f17   f16=xxxxxxxx f16:408f554d  f8:40fb0608 f17:4395b266
18351212ns          318738 1c0086ca 1066f353 fmul.s           f6, f13, f6          f6=xxxxxxxx f13:3feca445  f6:410dd7bd
18351232ns          318739 1c0086ce 14052883 lw               x17, 320(x10)       x17=4104a015 x10:1c010fd4  PA:1c011114
18351531ns          318754 1c0086d2 0207a403 lw               x8, 32(x15)          x8=4103c68f x15:1c0109f8  PA:1c010a18
18351829ns          318769 1c0086d4 80737343 fmadd.s          f6, f6, f7, f16      f6=xxxxxxxx  f6:41831de7  f7:40af8cda f16:43a743e6
18351849ns          318770 1c0086d8 1116f8d3 fmul.s           f17, f13, f17       f17=xxxxxxxx f13:3feca445 f17:4104a015
18351869ns          318771 1c0086dc 16852803 lw               x16, 360(x10)       x16=410e82d4 x10:1c010fd4  PA:1c01113c
18352167ns          318786 1c0086e0 0247a383 lw               x7, 36(x15)          x7=3fe22155 x15:1c0109f8  PA:1c010a1c
18352465ns          318801 1c0086e4 3088f8c3 fmadd.s          f17, f17, f8, f6    f17=xxxxxxxx f17:4175315b  f8:4103c68f  f6:43d438b0
18352485ns          318802 1c0086e8 1106f853 fmul.s           f16, f13, f16       f16=xxxxxxxx f13:3feca445 f16:410e82d4
18352505ns          318803 1c0086ec 000ea303 lw               x6, 0(x29)           x6=40b8a9cc x29:100016e4  PA:100016e4
18352525ns          318804 1c0086f0 02878793 addi             x15, x15, 40        x15=1c010a20 x15:1c0109f8
18352545ns          318805 1c0086f4 88787843 fmadd.s          f16, f16, f7, f17   f16=xxxxxxxx f16:4183bc0e  f7:3fe22155 f17:4409a9f4
18352565ns          318806 1c0086f8 80e37843 fmadd.s          f16, f6, f14, f16   f16=xxxxxxxx  f6:40b8a9cc f14:411d91fb f16:4410efc7
18352585ns          318807 1c0086fc 030ea42b p.sw             x16, 40(x29!)       x29=1000170c x16:441f24f5 x29:100016e4  PA:100016e4
18352605ns          318808 1c008658 00052803 lw               x16, 0(x10)         x16=408f095f x10:1c010fd4  PA:1c010fd4
18352903ns          318823 1c00865c 0007a883 lw               x17, 0(x15)         x17=40f0265f x15:1c010a20  PA:1c010a20
18353201ns          318838 1c008660 1106f853 fmul.s           f16, f13, f16       f16=xxxxxxxx f13:3feca445 f16:408f095f
18353221ns          318839 1c008664 02852303 lw               x6, 40(x10)          x6=411935eb x10:1c010fd4  PA:1c010ffc
18353520ns          318854 1c008668 0047a383 lw               x7, 4(x15)           x7=41013d49 x15:1c010a20  PA:1c010a24
18353818ns          318869 1c00866c f1187843 fmadd.s          f16, f16, f17, f30  f16=xxxxxxxx f16:4104386c f17:40f0265f f30:00000000
18353838ns          318870 1c008670 1066f353 fmul.s           f6, f13, f6          f6=xxxxxxxx f13:3feca445  f6:411935eb
18353858ns          318871 1c008674 05052883 lw               x17, 80(x10)        x17=3fb11360 x10:1c010fd4  PA:1c011024
18354156ns          318886 1c008678 0087a403 lw               x8, 8(x15)           x8=410d16c3 x15:1c010a20  PA:1c010a28
18354454ns          318901 1c00867a 80737343 fmadd.s          f6, f6, f7, f16      f6=xxxxxxxx  f6:418da004  f7:41013d49 f16:4278116d
18354474ns          318902 1c00867e 1116f8d3 fmul.s           f17, f13, f17       f17=xxxxxxxx f13:3feca445 f17:3fb11360
18354494ns          318903 1c008682 07852803 lw               x16, 120(x10)       x16=400f3320 x10:1c010fd4  PA:1c01104c
18354793ns          318918 1c008686 00c7a383 lw               x7, 12(x15)          x7=3e34584b x15:1c010a20  PA:1c010a2c
18355091ns          318933 1c00868a 3088f8c3 fmadd.s          f17, f17, f8, f6    f17=xxxxxxxx f17:4023af7d  f8:410d16c3  f6:434d036e
18355111ns          318934 1c00868e 1106f853 fmul.s           f16, f13, f16       f16=xxxxxxxx f13:3feca445 f16:400f3320
18355131ns          318935 1c008692 0a052303 lw               x6, 160(x10)         x6=410185b9 x10:1c010fd4  PA:1c011074
18355429ns          318950 1c008696 0107a403 lw               x8, 16(x15)          x8=3f506ce1 x15:1c010a20  PA:1c010a30
18355747ns          318966 1c008698 88787843 fmadd.s          f16, f16, f7, f17   f16=xxxxxxxx f16:40845f05  f7:3e34584b f17:436390fb
18355767ns          318967 1c00869c 1066f353 fmul.s           f6, f13, f6          f6=xxxxxxxx f13:3feca445  f6:410185b9
18355787ns          318968 1c0086a0 0c852883 lw               x17, 200(x10)       x17=3f35eab3 x10:1c010fd4  PA:1c01109c
18356086ns          318983 1c0086a4 0147a383 lw               x7, 20(x15)          x7=3e040bf5 x15:1c010a20  PA:1c010a34
18356384ns          318998 1c0086a8 80837343 fmadd.s          f6, f6, f8, f16      f6=xxxxxxxx  f6:416f74c6  f8:3f506ce1 f16:43644b7c
18356404ns          318999 1c0086ac 1116f8d3 fmul.s           f17, f13, f17       f17=xxxxxxxx f13:3feca445 f17:3f35eab3
18356424ns          319000 1c0086b0 0f052803 lw               x16, 240(x10)       x16=401b0ef9 x10:1c010fd4  PA:1c0110c4
18356722ns          319015 1c0086b4 0187a403 lw               x8, 24(x15)          x8=40fe5cb5 x15:1c010a20  PA:1c010a38
18357040ns          319031 1c0086b6 3078f8c3 fmadd.s          f17, f17, f7, f6    f17=xxxxxxxx f17:3fa82918  f7:3e040bf5  f6:43707ac8
18357060ns          319032 1c0086ba 1106f853 fmul.s           f16, f13, f16       f16=xxxxxxxx f13:3feca445 f16:401b0ef9
18357080ns          319033 1c0086be 11852303 lw               x6, 280(x10)         x6=410dd7bd x10:1c010fd4  PA:1c0110ec
18357378ns          319048 1c0086c2 01c7a383 lw               x7, 28(x15)          x7=40a2573d x15:1c010a20  PA:1c010a3c
18357677ns          319063 1c0086c6 88887843 fmadd.s          f16, f16, f8, f17   f16=xxxxxxxx f16:408f554d  f8:40fe5cb5 f17:4370a627
18357697ns          319064 1c0086ca 1066f353 fmul.s           f6, f13, f6          f6=xxxxxxxx f13:3feca445  f6:410dd7bd
18357717ns          319065 1c0086ce 14052883 lw               x17, 320(x10)       x17=4104a015 x10:1c010fd4  PA:1c011114
18358015ns          319080 1c0086d2 0207a403 lw               x8, 32(x15)          x8=408592b1 x15:1c010a20  PA:1c010a40
18358333ns          319096 1c0086d4 80737343 fmadd.s          f6, f6, f7, f16      f6=xxxxxxxx  f6:41831de7  f7:40a2573d f16:438a2065
18358353ns          319097 1c0086d8 1116f8d3 fmul.s           f17, f13, f17       f17=xxxxxxxx f13:3feca445 f17:4104a015
18358373ns          319098 1c0086dc 16852803 lw               x16, 360(x10)       x16=410e82d4 x10:1c010fd4  PA:1c01113c
18358671ns          319113 1c0086e0 0247a383 lw               x7, 36(x15)          x7=411ba146 x15:1c010a20  PA:1c010a44
18358970ns          319128 1c0086e4 3088f8c3 fmadd.s          f17, f17, f8, f6    f17=xxxxxxxx f17:4175315b  f8:408592b1  f6:43b3b332
18358990ns          319129 1c0086e8 1106f853 fmul.s           f16, f13, f16       f16=xxxxxxxx f13:3feca445 f16:410e82d4
18359009ns          319130 1c0086ec 000ea303 lw               x6, 0(x29)           x6=4004e112 x29:1000170c  PA:1000170c
18359029ns          319131 1c0086f0 02878793 addi             x15, x15, 40        x15=1c010a48 x15:1c010a20
18359049ns          319132 1c0086f4 88787843 fmadd.s          f16, f16, f7, f17   f16=xxxxxxxx f16:4183bc0e  f7:411ba146 f17:43d3aefb
18359069ns          319133 1c0086f8 80e37843 fmadd.s          f16, f6, f14, f16   f16=xxxxxxxx  f6:4004e112 f14:411d91fb f16:4411e26a
18359089ns          319134 1c0086fc 030ea42b p.sw             x16, 40(x29!)       x29=10001734 x16:4416ff07 x29:1000170c  PA:1000170c
18359109ns          319135 1c008658 00052803 lw               x16, 0(x10)         x16=408f095f x10:1c010fd4  PA:1c010fd4
18359407ns          319150 1c00865c 0007a883 lw               x17, 0(x15)         x17=4078e623 x15:1c010a48  PA:1c010a48
18359726ns          319166 1c008660 1106f853 fmul.s           f16, f13, f16       f16=xxxxxxxx f13:3feca445 f16:408f095f
18359745ns          319167 1c008664 02852303 lw               x6, 40(x10)          x6=411935eb x10:1c010fd4  PA:1c010ffc
18360044ns          319182 1c008668 0047a383 lw               x7, 4(x15)           x7=411e469f x15:1c010a48  PA:1c010a4c
18360342ns          319197 1c00866c f1187843 fmadd.s          f16, f16, f17, f30  f16=xxxxxxxx f16:4104386c f17:4078e623 f30:00000000
18360362ns          319198 1c008670 1066f353 fmul.s           f6, f13, f6          f6=xxxxxxxx f13:3feca445  f6:411935eb
18360382ns          319199 1c008674 05052883 lw               x17, 80(x10)        x17=3fb11360 x10:1c010fd4  PA:1c011024
18360680ns          319214 1c008678 0087a403 lw               x8, 8(x15)           x8=4048d101 x15:1c010a48  PA:1c010a50
18360999ns          319230 1c00867a 80737343 fmadd.s          f6, f6, f7, f16      f6=xxxxxxxx  f6:418da004  f7:411e469f f16:42008d85
18361018ns          319231 1c00867e 1116f8d3 fmul.s           f17, f13, f17       f17=xxxxxxxx f13:3feca445 f17:3fb11360
18361038ns          319232 1c008682 07852803 lw               x16, 120(x10)       x16=400f3320 x10:1c010fd4  PA:1c01104c
18361337ns          319247 1c008686 00c7a383 lw               x7, 12(x15)          x7=3d5f1afd x15:1c010a48  PA:1c010a54
18361635ns          319262 1c00868a 3088f8c3 fmadd.s          f17, f17, f8, f6    f17=xxxxxxxx f17:4023af7d  f8:4048d101  f6:434f430a
18361655ns          319263 1c00868e 1106f853 fmul.s           f16, f13, f16       f16=xxxxxxxx f13:3feca445 f16:400f3320
18361675ns          319264 1c008692 0a052303 lw               x6, 160(x10)         x6=410185b9 x10:1c010fd4  PA:1c011074
18361973ns          319279 1c008696 0107a403 lw               x8, 16(x15)          x8=40b22bd1 x15:1c010a48  PA:1c010a58
18362291ns          319295 1c008698 88787843 fmadd.s          f16, f16, f7, f17   f16=xxxxxxxx f16:40845f05  f7:3d5f1afd f17:43574976
18362311ns          319296 1c00869c 1066f353 fmul.s           f6, f13, f6          f6=xxxxxxxx f13:3feca445  f6:410185b9
18362331ns          319297 1c0086a0 0c852883 lw               x17, 200(x10)       x17=3f35eab3 x10:1c010fd4  PA:1c01109c
18362630ns          319312 1c0086a4 0147a383 lw               x7, 20(x15)          x7=411f58cb x15:1c010a48  PA:1c010a5c
18362928ns          319327 1c0086a8 80837343 fmadd.s          f6, f6, f8, f16      f6=xxxxxxxx  f6:416f74c6  f8:40b22bd1 f16:43578324
18362948ns          319328 1c0086ac 1116f8d3 fmul.s           f17, f13, f17       f17=xxxxxxxx f13:3feca445 f17:3f35eab3
18362968ns          319329 1c0086b0 0f052803 lw               x16, 240(x10)       x16=401b0ef9 x10:1c010fd4  PA:1c0110c4
18363266ns          319344 1c0086b4 0187a403 lw               x8, 24(x15)          x8=3f232023 x15:1c010a48  PA:1c010a60
18363564ns          319359 1c0086b6 3078f8c3 fmadd.s          f17, f17, f7, f6    f17=xxxxxxxx f17:3fa82918  f7:411f58cb  f6:43956b9d
18363584ns          319360 1c0086ba 1106f853 fmul.s           f16, f13, f16       f16=xxxxxxxx f13:3feca445 f16:401b0ef9
18363604ns          319361 1c0086be 11852303 lw               x6, 280(x10)         x6=410dd7bd x10:1c010fd4  PA:1c0110ec
18363903ns          319376 1c0086c2 01c7a383 lw               x7, 28(x15)          x7=40c03075 x15:1c010a48  PA:1c010a64
18364201ns          319391 1c0086c6 88887843 fmadd.s          f16, f16, f8, f17   f16=xxxxxxxx f16:408f554d  f8:3f232023 f17:439bf65b
18364221ns          319392 1c0086ca 1066f353 fmul.s           f6, f13, f6          f6=xxxxxxxx f13:3feca445  f6:410dd7bd
18364241ns          319393 1c0086ce 14052883 lw               x17, 320(x10)       x17=4104a015 x10:1c010fd4  PA:1c011114
18364539ns          319408 1c0086d2 0207a403 lw               x8, 32(x15)          x8=40803562 x15:1c010a48  PA:1c010a68
18364837ns          319423 1c0086d4 80737343 fmadd.s          f6, f6, f7, f16      f6=xxxxxxxx  f6:41831de7  f7:40c03075 f16:439d63b0
18364857ns          319424 1c0086d8 1116f8d3 fmul.s           f17, f13, f17       f17=xxxxxxxx f13:3feca445 f17:4104a015
18364877ns          319425 1c0086dc 16852803 lw               x16, 360(x10)       x16=410e82d4 x10:1c010fd4  PA:1c01113c
18365176ns          319440 1c0086e0 0247a383 lw               x7, 36(x15)          x7=4118157a x15:1c010a48  PA:1c010a6c
18365474ns          319455 1c0086e4 3088f8c3 fmadd.s          f17, f17, f8, f6    f17=xxxxxxxx f17:4175315b  f8:40803562  f6:43ce9b4f
18365494ns          319456 1c0086e8 1106f853 fmul.s           f16, f13, f16       f16=xxxxxxxx f13:3feca445 f16:410e82d4
18365514ns          319457 1c0086ec 000ea303 lw               x6, 0(x29)           x6=40793f3e x29:10001734  PA:10001734
18365534ns          319458 1c0086f0 02878793 addi             x15, x15, 40        x15=1c010a70 x15:1c010a48
18365554ns          319459 1c0086f4 88787843 fmadd.s          f16, f16, f7, f17   f16=xxxxxxxx f16:4183bc0e  f7:4118157a f17:43ed4e43
18365573ns          319460 1c0086f8 80e37843 fmadd.s          f16, f6, f14, f16   f16=xxxxxxxx  f6:40793f3e f14:411d91fb f16:441dc87c
18365593ns          319461 1c0086fc 030ea42b p.sw             x16, 40(x29!)       x29=1000175c x16:44275f1b x29:10001734  PA:10001734
18365613ns          319462 1c008658 00052803 lw               x16, 0(x10)         x16=408f095f x10:1c010fd4  PA:1c010fd4
18365912ns          319477 1c00865c 0007a883 lw               x17, 0(x15)         x17=41136705 x15:1c010a70  PA:1c010a70
18366210ns          319492 1c008660 1106f853 fmul.s           f16, f13, f16       f16=xxxxxxxx f13:3feca445 f16:408f095f
18366230ns          319493 1c008664 02852303 lw               x6, 40(x10)          x6=411935eb x10:1c010fd4  PA:1c010ffc
18366528ns          319508 1c008668 0047a383 lw               x7, 4(x15)           x7=40b4c386 x15:1c010a70  PA:1c010a74
18366827ns          319523 1c00866c f1187843 fmadd.s          f16, f16, f17, f30  f16=xxxxxxxx f16:4104386c f17:41136705 f30:00000000
18366846ns          319524 1c008670 1066f353 fmul.s           f6, f13, f6          f6=xxxxxxxx f13:3feca445  f6:411935eb
18366866ns          319525 1c008674 05052883 lw               x17, 80(x10)        x17=3fb11360 x10:1c010fd4  PA:1c011024
18367165ns          319540 1c008678 0087a403 lw               x8, 8(x15)           x8=3f268635 x15:1c010a70  PA:1c010a78
18367463ns          319555 1c00867a 80737343 fmadd.s          f6, f6, f7, f16      f6=xxxxxxxx  f6:418da004  f7:40b4c386 f16:42984337
18367483ns          319556 1c00867e 1116f8d3 fmul.s           f17, f13, f17       f17=xxxxxxxx f13:3feca445 f17:3fb11360
18367503ns          319557 1c008682 07852803 lw               x16, 120(x10)       x16=400f3320 x10:1c010fd4  PA:1c01104c
18367801ns          319572 1c008686 00c7a383 lw               x7, 12(x15)          x7=3fc63485 x15:1c010a70  PA:1c010a7c
18368100ns          319587 1c00868a 3088f8c3 fmadd.s          f17, f17, f8, f6    f17=xxxxxxxx f17:4023af7d  f8:3f268635  f6:43302249
18368119ns          319588 1c00868e 1106f853 fmul.s           f16, f13, f16       f16=xxxxxxxx f13:3feca445 f16:400f3320
18368139ns          319589 1c008692 0a052303 lw               x6, 160(x10)         x6=410185b9 x10:1c010fd4  PA:1c011074
18368438ns          319604 1c008696 0107a403 lw               x8, 16(x15)          x8=3fb22991 x15:1c010a70  PA:1c010a80
18368736ns          319619 1c008698 88787843 fmadd.s          f16, f16, f7, f17   f16=xxxxxxxx f16:40845f05  f7:3fc63485 f17:4331cc2f
18368756ns          319620 1c00869c 1066f353 fmul.s           f6, f13, f6          f6=xxxxxxxx f13:3feca445  f6:410185b9
18368776ns          319621 1c0086a0 0c852883 lw               x17, 200(x10)       x17=3f35eab3 x10:1c010fd4  PA:1c01109c
18369074ns          319636 1c0086a4 0147a383 lw               x7, 20(x15)          x7=3f30486e x15:1c010a70  PA:1c010a84
18369392ns          319652 1c0086a8 80837343 fmadd.s          f6, f6, f8, f16      f6=xxxxxxxx  f6:416f74c6  f8:3fb22991 f16:433833f9
18369412ns          319653 1c0086ac 1116f8d3 fmul.s           f17, f13, f17       f17=xxxxxxxx f13:3feca445 f17:3f35eab3
18369432ns          319654 1c0086b0 0f052803 lw               x16, 240(x10)       x16=401b0ef9 x10:1c010fd4  PA:1c0110c4
18369731ns          319669 1c0086b4 0187a403 lw               x8, 24(x15)          x8=40bff5ca x15:1c010a70  PA:1c010a88
18370029ns          319684 1c0086b6 3078f8c3 fmadd.s          f17, f17, f7, f6    f17=xxxxxxxx f17:3fa82918  f7:3f30486e  f6:434d08bb
18370049ns          319685 1c0086ba 1106f853 fmul.s           f16, f13, f16       f16=xxxxxxxx f13:3feca445 f16:401b0ef9
18370069ns          319686 1c0086be 11852303 lw               x6, 280(x10)         x6=410dd7bd x10:1c010fd4  PA:1c0110ec
18370387ns          319702 1c0086c2 01c7a383 lw               x7, 28(x15)          x7=40907c75 x15:1c010a70  PA:1c010a8c
18370685ns          319717 1c0086c6 88887843 fmadd.s          f16, f16, f8, f17   f16=xxxxxxxx f16:408f554d  f8:40bff5ca f17:434df053
18370705ns          319718 1c0086ca 1066f353 fmul.s           f6, f13, f6          f6=xxxxxxxx f13:3feca445  f6:410dd7bd
18370725ns          319719 1c0086ce 14052883 lw               x17, 320(x10)       x17=4104a015 x10:1c010fd4  PA:1c011114
18371023ns          319734 1c0086d2 0207a403 lw               x8, 32(x15)          x8=40f2aadf x15:1c010a70  PA:1c010a90
18371322ns          319749 1c0086d4 80737343 fmadd.s          f6, f6, f7, f16      f6=xxxxxxxx  f6:41831de7  f7:40907c75 f16:4368cee4
18371342ns          319750 1c0086d8 1116f8d3 fmul.s           f17, f13, f17       f17=xxxxxxxx f13:3feca445 f17:4104a015
18371362ns          319751 1c0086dc 16852803 lw               x16, 360(x10)       x16=410e82d4 x10:1c010fd4  PA:1c01113c
18371680ns          319767 1c0086e0 0247a383 lw               x7, 36(x15)          x7=40a1b290 x15:1c010a70  PA:1c010a94
18371978ns          319782 1c0086e4 3088f8c3 fmadd.s          f17, f17, f8, f6    f17=xxxxxxxx f17:4175315b  f8:40f2aadf  f6:439967ba
18371998ns          319783 1c0086e8 1106f853 fmul.s           f16, f13, f16       f16=xxxxxxxx f13:3feca445 f16:410e82d4
18372018ns          319784 1c0086ec 000ea303 lw               x6, 0(x29)           x6=40b45a79 x29:1000175c  PA:1000175c
18372038ns          319785 1c0086f0 02878793 addi             x15, x15, 40        x15=1c010a98 x15:1c010a70
18372058ns          319786 1c0086f4 88787843 fmadd.s          f16, f16, f7, f17   f16=xxxxxxxx f16:4183bc0e  f7:40a1b290 f17:43d382ce
18372078ns          319787 1c0086f8 80e37843 fmadd.s          f16, f6, f14, f16   f16=xxxxxxxx  f6:40b45a79 f14:411d91fb f16:43fd1d62
18372098ns          319788 1c0086fc 030ea42b p.sw             x16, 40(x29!)       x29=10001784 x16:440c6efc x29:1000175c  PA:1000175c
18372117ns          319789 1c008658 00052803 lw               x16, 0(x10)         x16=408f095f x10:1c010fd4  PA:1c010fd4
18372416ns          319804 1c00865c 0007a883 lw               x17, 0(x15)         x17=410c7726 x15:1c010a98  PA:1c010a98
18372714ns          319819 1c008660 1106f853 fmul.s           f16, f13, f16       f16=xxxxxxxx f13:3feca445 f16:408f095f
18372734ns          319820 1c008664 02852303 lw               x6, 40(x10)          x6=411935eb x10:1c010fd4  PA:1c010ffc
18373052ns          319836 1c008668 0047a383 lw               x7, 4(x15)           x7=409cc11d x15:1c010a98  PA:1c010a9c
18373351ns          319851 1c00866c f1187843 fmadd.s          f16, f16, f17, f30  f16=xxxxxxxx f16:4104386c f17:410c7726 f30:00000000
18373371ns          319852 1c008670 1066f353 fmul.s           f6, f13, f6          f6=xxxxxxxx f13:3feca445  f6:411935eb
18373390ns          319853 1c008674 05052883 lw               x17, 80(x10)        x17=3fb11360 x10:1c010fd4  PA:1c011024
18373689ns          319868 1c008678 0087a403 lw               x8, 8(x15)           x8=410e9b66 x15:1c010a98  PA:1c010aa0
18373987ns          319883 1c00867a 80737343 fmadd.s          f6, f6, f7, f16      f6=xxxxxxxx  f6:418da004  f7:409cc11d f16:429118ca
18374007ns          319884 1c00867e 1116f8d3 fmul.s           f17, f13, f17       f17=xxxxxxxx f13:3feca445 f17:3fb11360
18374027ns          319885 1c008682 07852803 lw               x16, 120(x10)       x16=400f3320 x10:1c010fd4  PA:1c01104c
18374345ns          319901 1c008686 00c7a383 lw               x7, 12(x15)          x7=4111146c x15:1c010a98  PA:1c010aa4
18374644ns          319916 1c00868a 3088f8c3 fmadd.s          f17, f17, f8, f6    f17=xxxxxxxx f17:4023af7d  f8:410e9b66  f6:431f44bd
18374663ns          319917 1c00868e 1106f853 fmul.s           f16, f13, f16       f16=xxxxxxxx f13:3feca445 f16:400f3320
18374683ns          319918 1c008692 0a052303 lw               x6, 160(x10)         x6=410185b9 x10:1c010fd4  PA:1c011074
18374982ns          319933 1c008696 0107a403 lw               x8, 16(x15)          x8=411cf295 x15:1c010a98  PA:1c010aa8
18375280ns          319948 1c008698 88787843 fmadd.s          f16, f16, f7, f17   f16=xxxxxxxx f16:40845f05  f7:4111146c f17:4336106a
18375300ns          319949 1c00869c 1066f353 fmul.s           f6, f13, f6          f6=xxxxxxxx f13:3feca445  f6:410185b9
18375320ns          319950 1c0086a0 0c852883 lw               x17, 200(x10)       x17=3f35eab3 x10:1c010fd4  PA:1c01109c
18375638ns          319966 1c0086a4 0147a383 lw               x7, 20(x15)          x7=410e9e20 x15:1c010a98  PA:1c010aac
18375937ns          319981 1c0086a8 80837343 fmadd.s          f6, f6, f8, f16      f6=xxxxxxxx  f6:416f74c6  f8:411cf295 f16:435b929b
18375956ns          319982 1c0086ac 1116f8d3 fmul.s           f17, f13, f17       f17=xxxxxxxx f13:3feca445 f17:3f35eab3
18375976ns          319983 1c0086b0 0f052803 lw               x16, 240(x10)       x16=401b0ef9 x10:1c010fd4  PA:1c0110c4
18376275ns          319998 1c0086b4 0187a403 lw               x8, 24(x15)          x8=4117932f x15:1c010a98  PA:1c010ab0
18376573ns          320013 1c0086b6 3078f8c3 fmadd.s          f17, f17, f7, f6    f17=xxxxxxxx f17:3fa82918  f7:410e9e20  f6:43b73056
18376593ns          320014 1c0086ba 1106f853 fmul.s           f16, f13, f16       f16=xxxxxxxx f13:3feca445 f16:401b0ef9
18376613ns          320015 1c0086be 11852303 lw               x6, 280(x10)         x6=410dd7bd x10:1c010fd4  PA:1c0110ec
18376931ns          320031 1c0086c2 01c7a383 lw               x7, 28(x15)          x7=409564dd x15:1c010a98  PA:1c010ab4
18377229ns          320046 1c0086c6 88887843 fmadd.s          f16, f16, f8, f17   f16=xxxxxxxx f16:408f554d  f8:4117932f f17:43bd0b41
18377249ns          320047 1c0086ca 1066f353 fmul.s           f6, f13, f6          f6=xxxxxxxx f13:3feca445  f6:410dd7bd
18377269ns          320048 1c0086ce 14052883 lw               x17, 320(x10)       x17=4104a015 x10:1c010fd4  PA:1c011114
18377568ns          320063 1c0086d2 0207a403 lw               x8, 32(x15)          x8=4093773f x15:1c010a98  PA:1c010ab8
18377866ns          320078 1c0086d4 80737343 fmadd.s          f6, f6, f7, f16      f6=xxxxxxxx  f6:41831de7  f7:409564dd f16:43d242af
18377886ns          320079 1c0086d8 1116f8d3 fmul.s           f17, f13, f17       f17=xxxxxxxx f13:3feca445 f17:4104a015
18377906ns          320080 1c0086dc 16852803 lw               x16, 360(x10)       x16=410e82d4 x10:1c010fd4  PA:1c01113c
18378204ns          320095 1c0086e0 0247a383 lw               x7, 36(x15)          x7=40848fc1 x15:1c010a98  PA:1c010abc
18378502ns          320110 1c0086e4 3088f8c3 fmadd.s          f17, f17, f8, f6    f17=xxxxxxxx f17:4175315b  f8:4093773f  f6:43f884b7
18378522ns          320111 1c0086e8 1106f853 fmul.s           f16, f13, f16       f16=xxxxxxxx f13:3feca445 f16:410e82d4
18378542ns          320112 1c0086ec 000ea303 lw               x6, 0(x29)           x6=40dae819 x29:10001784  PA:10001784
18378562ns          320113 1c0086f0 02878793 addi             x15, x15, 40        x15=1c010ac0 x15:1c010a98
18378582ns          320114 1c0086f4 88787843 fmadd.s          f16, f16, f7, f17   f16=xxxxxxxx f16:4183bc0e  f7:40848fc1 f17:440dea0d
18378602ns          320115 1c0086f8 80e37843 fmadd.s          f16, f6, f14, f16   f16=xxxxxxxx  f6:40dae819 f14:411d91fb f16:441ef7c9
18378622ns          320116 1c0086fc 030ea42b p.sw             x16, 40(x29!)       x29=100017ac x16:442fcf6e x29:10001784  PA:10001784
18378642ns          320117 1c008658 00052803 lw               x16, 0(x10)         x16=408f095f x10:1c010fd4  PA:1c010fd4
18378940ns          320132 1c00865c 0007a883 lw               x17, 0(x15)         x17=3f715ac3 x15:1c010ac0  PA:1c010ac0
18379238ns          320147 1c008660 1106f853 fmul.s           f16, f13, f16       f16=xxxxxxxx f13:3feca445 f16:408f095f
18379258ns          320148 1c008664 02852303 lw               x6, 40(x10)          x6=411935eb x10:1c010fd4  PA:1c010ffc
18379577ns          320164 1c008668 0047a383 lw               x7, 4(x15)           x7=4048040c x15:1c010ac0  PA:1c010ac4
18379875ns          320179 1c00866c f1187843 fmadd.s          f16, f16, f17, f30  f16=xxxxxxxx f16:4104386c f17:3f715ac3 f30:00000000
18379895ns          320180 1c008670 1066f353 fmul.s           f6, f13, f6          f6=xxxxxxxx f13:3feca445  f6:411935eb
18379915ns          320181 1c008674 05052883 lw               x17, 80(x10)        x17=3fb11360 x10:1c010fd4  PA:1c011024
18380213ns          320196 1c008678 0087a403 lw               x8, 8(x15)           x8=408e450e x15:1c010ac0  PA:1c010ac8
18380511ns          320211 1c00867a 80737343 fmadd.s          f6, f6, f7, f16      f6=xxxxxxxx  f6:418da004  f7:4048040c f16:40f94ffc
18380531ns          320212 1c00867e 1116f8d3 fmul.s           f17, f13, f17       f17=xxxxxxxx f13:3feca445 f17:3fb11360
18380551ns          320213 1c008682 07852803 lw               x16, 120(x10)       x16=400f3320 x10:1c010fd4  PA:1c01104c
18380850ns          320228 1c008686 00c7a383 lw               x7, 12(x15)          x7=4107c1ec x15:1c010ac0  PA:1c010acc
18381148ns          320243 1c00868a 3088f8c3 fmadd.s          f17, f17, f8, f6    f17=xxxxxxxx f17:4023af7d  f8:408e450e  f6:427c7880
18381168ns          320244 1c00868e 1106f853 fmul.s           f16, f13, f16       f16=xxxxxxxx f13:3feca445 f16:400f3320
18381188ns          320245 1c008692 0a052303 lw               x6, 160(x10)         x6=410185b9 x10:1c010fd4  PA:1c011074
18381486ns          320260 1c008696 0107a403 lw               x8, 16(x15)          x8=4095fac3 x15:1c010ac0  PA:1c010ad0
18381784ns          320275 1c008698 88787843 fmadd.s          f16, f16, f7, f17   f16=xxxxxxxx f16:40845f05  f7:4107c1ec f17:4294fa20
18381804ns          320276 1c00869c 1066f353 fmul.s           f6, f13, f6          f6=xxxxxxxx f13:3feca445  f6:410185b9
18381824ns          320277 1c0086a0 0c852883 lw               x17, 200(x10)       x17=3f35eab3 x10:1c010fd4  PA:1c01109c
18382123ns          320292 1c0086a4 0147a383 lw               x7, 20(x15)          x7=41121d4e x15:1c010ac0  PA:1c010ad4
18382421ns          320307 1c0086a8 80837343 fmadd.s          f6, f6, f8, f16      f6=xxxxxxxx  f6:416f74c6  f8:4095fac3 f16:42db2c81
18382441ns          320308 1c0086ac 1116f8d3 fmul.s           f17, f13, f17       f17=xxxxxxxx f13:3feca445 f17:3f35eab3
18382461ns          320309 1c0086b0 0f052803 lw               x16, 240(x10)       x16=401b0ef9 x10:1c010fd4  PA:1c0110c4
18382759ns          320324 1c0086b4 0187a403 lw               x8, 24(x15)          x8=3ff1facf x15:1c010ac0  PA:1c010ad8
18383057ns          320339 1c0086b6 3078f8c3 fmadd.s          f17, f17, f7, f6    f17=xxxxxxxx f17:3fa82918  f7:41121d4e  f6:4333bb03
18383077ns          320340 1c0086ba 1106f853 fmul.s           f16, f13, f16       f16=xxxxxxxx f13:3feca445 f16:401b0ef9
18383097ns          320341 1c0086be 11852303 lw               x6, 280(x10)         x6=410dd7bd x10:1c010fd4  PA:1c0110ec
18383396ns          320356 1c0086c2 01c7a383 lw               x7, 28(x15)          x7=40fce41e x15:1c010ac0  PA:1c010adc
18383694ns          320371 1c0086c6 88887843 fmadd.s          f16, f16, f8, f17   f16=xxxxxxxx f16:408f554d  f8:3ff1facf f17:433fba59
18383714ns          320372 1c0086ca 1066f353 fmul.s           f6, f13, f6          f6=xxxxxxxx f13:3feca445  f6:410dd7bd
18383734ns          320373 1c0086ce 14052883 lw               x17, 320(x10)       x17=4104a015 x10:1c010fd4  PA:1c011114
18384032ns          320388 1c0086d2 0207a403 lw               x8, 32(x15)          x8=4111ef9d x15:1c010ac0  PA:1c010ae0
18384330ns          320403 1c0086d4 80737343 fmadd.s          f6, f6, f7, f16      f6=xxxxxxxx  f6:41831de7  f7:40fce41e f16:43483215
18384350ns          320404 1c0086d8 1116f8d3 fmul.s           f17, f13, f17       f17=xxxxxxxx f13:3feca445 f17:4104a015
18384370ns          320405 1c0086dc 16852803 lw               x16, 360(x10)       x16=410e82d4 x10:1c010fd4  PA:1c01113c
18384669ns          320420 1c0086e0 0247a383 lw               x7, 36(x15)          x7=40f90988 x15:1c010ac0  PA:1c010ae4
18384987ns          320436 1c0086e4 3088f8c3 fmadd.s          f17, f17, f8, f6    f17=xxxxxxxx f17:4175315b  f8:4111ef9d  f6:43a4dc2d
18385007ns          320437 1c0086e8 1106f853 fmul.s           f16, f13, f16       f16=xxxxxxxx f13:3feca445 f16:410e82d4
18385027ns          320438 1c0086ec 000ea303 lw               x6, 0(x29)           x6=3fc34f91 x29:100017ac  PA:100017ac
18385046ns          320439 1c0086f0 02878793 addi             x15, x15, 40        x15=1c010ae8 x15:1c010ac0
18385066ns          320440 1c0086f4 88787843 fmadd.s          f16, f16, f7, f17   f16=xxxxxxxx f16:4183bc0e  f7:40f90988 f17:43eabf67
18385086ns          320441 1c0086f8 80e37843 fmadd.s          f16, f6, f14, f16   f16=xxxxxxxx  f6:3fc34f91 f14:411d91fb f16:44156968
18385106ns          320442 1c0086fc 030ea42b p.sw             x16, 40(x29!)       x29=100017d4 x16:44192b21 x29:100017ac  PA:100017ac
18385126ns          320443 1c008658 00052803 lw               x16, 0(x10)         x16=408f095f x10:1c010fd4  PA:1c010fd4
18385424ns          320458 1c00865c 0007a883 lw               x17, 0(x15)         x17=3fb6e5d0 x15:1c010ae8  PA:1c010ae8
18385723ns          320473 1c008660 1106f853 fmul.s           f16, f13, f16       f16=xxxxxxxx f13:3feca445 f16:408f095f
18385743ns          320474 1c008664 02852303 lw               x6, 40(x10)          x6=411935eb x10:1c010fd4  PA:1c010ffc
18386041ns          320489 1c008668 0047a383 lw               x7, 4(x15)           x7=4093fb1d x15:1c010ae8  PA:1c010aec
18386359ns          320505 1c00866c f1187843 fmadd.s          f16, f16, f17, f30  f16=xxxxxxxx f16:4104386c f17:3fb6e5d0 f30:00000000
18386379ns          320506 1c008670 1066f353 fmul.s           f6, f13, f6          f6=xxxxxxxx f13:3feca445  f6:411935eb
18386399ns          320507 1c008674 05052883 lw               x17, 80(x10)        x17=3fb11360 x10:1c010fd4  PA:1c011024
18386697ns          320522 1c008678 0087a403 lw               x8, 8(x15)           x8=40dc0282 x15:1c010ae8  PA:1c010af0
18386996ns          320537 1c00867a 80737343 fmadd.s          f6, f6, f7, f16      f6=xxxxxxxx  f6:418da004  f7:4093fb1d f16:413ced9d
18387016ns          320538 1c00867e 1116f8d3 fmul.s           f17, f13, f17       f17=xxxxxxxx f13:3feca445 f17:3fb11360
18387036ns          320539 1c008682 07852803 lw               x16, 120(x10)       x16=400f3320 x10:1c010fd4  PA:1c01104c
18387334ns          320554 1c008686 00c7a383 lw               x7, 12(x15)          x7=408975eb x15:1c010ae8  PA:1c010af4
18387652ns          320570 1c00868a 3088f8c3 fmadd.s          f17, f17, f8, f6    f17=xxxxxxxx f17:4023af7d  f8:40dc0282  f6:42bb5950
18387672ns          320571 1c00868e 1106f853 fmul.s           f16, f13, f16       f16=xxxxxxxx f13:3feca445 f16:400f3320
18387692ns          320572 1c008692 0a052303 lw               x6, 160(x10)         x6=410185b9 x10:1c010fd4  PA:1c011074
18387990ns          320587 1c008696 0107a403 lw               x8, 16(x15)          x8=4035707b x15:1c010ae8  PA:1c010af8
18388289ns          320602 1c008698 88787843 fmadd.s          f16, f16, f7, f17   f16=xxxxxxxx f16:40845f05  f7:408975eb f17:42de846a
18388309ns          320603 1c00869c 1066f353 fmul.s           f6, f13, f6          f6=xxxxxxxx f13:3feca445  f6:410185b9
18388328ns          320604 1c0086a0 0c852883 lw               x17, 200(x10)       x17=3f35eab3 x10:1c010fd4  PA:1c01109c
18388627ns          320619 1c0086a4 0147a383 lw               x7, 20(x15)          x7=40e890ec x15:1c010ae8  PA:1c010afc
18388945ns          320635 1c0086a8 80837343 fmadd.s          f6, f6, f8, f16      f6=xxxxxxxx  f6:416f74c6  f8:4035707b f16:4301072a
18388965ns          320636 1c0086ac 1116f8d3 fmul.s           f17, f13, f17       f17=xxxxxxxx f13:3feca445 f17:3f35eab3
18388985ns          320637 1c0086b0 0f052803 lw               x16, 240(x10)       x16=401b0ef9 x10:1c010fd4  PA:1c0110c4
18389283ns          320652 1c0086b4 0187a403 lw               x8, 24(x15)          x8=40a13991 x15:1c010ae8  PA:1c010b00
18389582ns          320667 1c0086b6 3078f8c3 fmadd.s          f17, f17, f7, f6    f17=xxxxxxxx f17:3fa82918  f7:40e890ec  f6:432b74dc
18389601ns          320668 1c0086ba 1106f853 fmul.s           f16, f13, f16       f16=xxxxxxxx f13:3feca445 f16:401b0ef9
18389621ns          320669 1c0086be 11852303 lw               x6, 280(x10)         x6=410dd7bd x10:1c010fd4  PA:1c0110ec
18389920ns          320684 1c0086c2 01c7a383 lw               x7, 28(x15)          x7=3f6ceaef x15:1c010ae8  PA:1c010b04
18390238ns          320700 1c0086c6 88887843 fmadd.s          f16, f16, f8, f17   f16=xxxxxxxx f16:408f554d  f8:40a13991 f17:43350123
18390258ns          320701 1c0086ca 1066f353 fmul.s           f6, f13, f6          f6=xxxxxxxx f13:3feca445  f6:410dd7bd
18390278ns          320702 1c0086ce 14052883 lw               x17, 320(x10)       x17=4104a015 x10:1c010fd4  PA:1c011114
18390576ns          320717 1c0086d2 0207a403 lw               x8, 32(x15)          x8=405a42a6 x15:1c010ae8  PA:1c010b08
18390874ns          320732 1c0086d4 80737343 fmadd.s          f6, f6, f7, f16      f6=xxxxxxxx  f6:41831de7  f7:3f6ceaef f16:434b925b
18390894ns          320733 1c0086d8 1116f8d3 fmul.s           f17, f13, f17       f17=xxxxxxxx f13:3feca445 f17:4104a015
18390914ns          320734 1c0086dc 16852803 lw               x16, 360(x10)       x16=410e82d4 x10:1c010fd4  PA:1c01113c
18391213ns          320749 1c0086e0 0247a383 lw               x7, 36(x15)          x7=40c7feba x15:1c010ae8  PA:1c010b0c
18391511ns          320764 1c0086e4 3088f8c3 fmadd.s          f17, f17, f8, f6    f17=xxxxxxxx f17:4175315b  f8:405a42a6  f6:435abd58
18391531ns          320765 1c0086e8 1106f853 fmul.s           f16, f13, f16       f16=xxxxxxxx f13:3feca445 f16:410e82d4
18391551ns          320766 1c0086ec 000ea303 lw               x6, 0(x29)           x6=40ac4071 x29:100017d4  PA:100017d4
18391571ns          320767 1c0086f0 02878793 addi             x15, x15, 40        x15=1c010b10 x15:1c010ae8
18391591ns          320768 1c0086f4 88787843 fmadd.s          f16, f16, f7, f17   f16=xxxxxxxx f16:4183bc0e  f7:40c7feba f17:43878028
18391610ns          320769 1c0086f8 80e37843 fmadd.s          f16, f6, f14, f16   f16=xxxxxxxx  f6:40ac4071 f14:411d91fb f16:43baf54a
18391630ns          320770 1c0086fc 030ea42b p.sw             x16, 40(x29!)       x29=100017fc x16:43d576ba x29:100017d4  PA:100017d4
18391650ns          320771 1c008700 00460613 addi             x12, x12, 4         x12=10001670 x12:1000166c
18391670ns          320772 1c008702 00450513 addi             x10, x10, 4         x10=1c010fd8 x10:1c010fd4
18391710ns          320774 1c008632 40b28e33 sub              x28, x5, x11        x28=00000190  x5:1c010b10 x11:1c010980
18391730ns          320775 1c008636 fd8e0e13 addi             x28, x28, -40       x28=00000168 x28:00000190
18391750ns          320776 1c00863a 0cccd7b7 lui              x15, 0xcccd000      x15=0cccd000
18391770ns          320777 1c00863e ccd78793 addi             x15, x15, -819      x15=0ccccccd x15:0cccd000
18391789ns          320778 1c008642 003e5e13 srli             x28, x28, 0x3       x28=0000002d x28:00000168
18391809ns          320779 1c008646 02fe0e33 mul              x28, x28, x15       x28=40000009 x28:0000002d x15:0ccccccd
18391829ns          320780 1c00864a c5de3e33 p.bclr           x28, x28, 2, 29     x28=00000009 x28:40000009
18391849ns          320781 1c00864e 00b007b3 add              x15, x0, x11        x15=1c010980 x11:1c010980
18391869ns          320782 1c008650 00c00eb3 add              x29, x0, x12        x29=10001670 x12:10001670
18391889ns          320783 1c008652 001e0e13 addi             x28, x28, 1         x28=0000000a x28:00000009
18391909ns          320784 1c008654 054e40fb lp.setup         0x1, x28, 0x54      x28:0000000a
18391929ns          320785 1c008658 00052803 lw               x16, 0(x10)         x16=40ca0b71 x10:1c010fd8  PA:1c010fd8
18392227ns          320800 1c00865c 0007a883 lw               x17, 0(x15)         x17=4052e826 x15:1c010980  PA:1c010980
18392525ns          320815 1c008660 1106f853 fmul.s           f16, f13, f16       f16=xxxxxxxx f13:3feca445 f16:40ca0b71
18392545ns          320816 1c008664 02852303 lw               x6, 40(x10)          x6=4037ad9a x10:1c010fd8  PA:1c011000
18392844ns          320831 1c008668 0047a383 lw               x7, 4(x15)           x7=3e594d74 x15:1c010980  PA:1c010984
18393142ns          320846 1c00866c f1187843 fmadd.s          f16, f16, f17, f30  f16=xxxxxxxx f16:413ac432 f17:4052e826 f30:00000000
18393162ns          320847 1c008670 1066f353 fmul.s           f6, f13, f6          f6=xxxxxxxx f13:3feca445  f6:4037ad9a
18393182ns          320848 1c008674 05052883 lw               x17, 80(x10)        x17=3f1f2e39 x10:1c010fd8  PA:1c011028
18393480ns          320863 1c008678 0087a403 lw               x8, 8(x15)           x8=410a346e x15:1c010980  PA:1c010988
18393779ns          320878 1c00867a 80737343 fmadd.s          f6, f6, f7, f16      f6=xxxxxxxx  f6:40a9c9e7  f7:3e594d74 f16:4219de4f
18393798ns          320879 1c00867e 1116f8d3 fmul.s           f17, f13, f17       f17=xxxxxxxx f13:3feca445 f17:3f1f2e39
18393818ns          320880 1c008682 07852803 lw               x16, 120(x10)       x16=410a9dad x10:1c010fd8  PA:1c011050
18394117ns          320895 1c008686 00c7a383 lw               x7, 12(x15)          x7=3fdcbabb x15:1c010980  PA:1c01098c
18394415ns          320910 1c00868a 3088f8c3 fmadd.s          f17, f17, f8, f6    f17=xxxxxxxx f17:3f9324c1  f8:410a346e  f6:421e5f4b
18394435ns          320911 1c00868e 1106f853 fmul.s           f16, f13, f16       f16=xxxxxxxx f13:3feca445 f16:410a9dad
18394455ns          320912 1c008692 0a052303 lw               x6, 160(x10)         x6=4062f1d8 x10:1c010fd8  PA:1c011078
18394753ns          320927 1c008696 0107a403 lw               x8, 16(x15)          x8=403131d8 x15:1c010980  PA:1c010990
18395052ns          320942 1c008698 88787843 fmadd.s          f16, f16, f7, f17   f16=xxxxxxxx f16:4180224e  f7:3fdcbabb f17:42461744
18395071ns          320943 1c00869c 1066f353 fmul.s           f6, f13, f6          f6=xxxxxxxx f13:3feca445  f6:4062f1d8
18395091ns          320944 1c0086a0 0c852883 lw               x17, 200(x10)       x17=4074baff x10:1c010fd8  PA:1c0110a0
18395390ns          320959 1c0086a4 0147a383 lw               x7, 20(x15)          x7=40b905da x15:1c010980  PA:1c010994
18395688ns          320974 1c0086a8 80837343 fmadd.s          f6, f6, f8, f16      f6=xxxxxxxx  f6:40d1c893  f8:403131d8 f16:429a491b
18395708ns          320975 1c0086ac 1116f8d3 fmul.s           f17, f13, f17       f17=xxxxxxxx f13:3feca445 f17:4074baff
18395728ns          320976 1c0086b0 0f052803 lw               x16, 240(x10)       x16=411956d6 x10:1c010fd8  PA:1c0110c8
18396026ns          320991 1c0086b4 0187a403 lw               x8, 24(x15)          x8=3f3f71e4 x15:1c010980  PA:1c010998
18396325ns          321006 1c0086b6 3078f8c3 fmadd.s          f17, f17, f7, f6    f17=xxxxxxxx f17:40e2396d  f7:40b905da  f6:42be963d
18396344ns          321007 1c0086ba 1106f853 fmul.s           f16, f13, f16       f16=xxxxxxxx f13:3feca445 f16:411956d6
18396364ns          321008 1c0086be 11852303 lw               x6, 280(x10)         x6=40c10828 x10:1c010fd8  PA:1c0110f0
18396663ns          321023 1c0086c2 01c7a383 lw               x7, 28(x15)          x7=40b21fda x15:1c010980  PA:1c01099c
18396981ns          321039 1c0086c6 88887843 fmadd.s          f16, f16, f8, f17   f16=xxxxxxxx f16:418dbe72  f8:3f3f71e4 f17:43082b49
18397001ns          321040 1c0086ca 1066f353 fmul.s           f6, f13, f6          f6=xxxxxxxx f13:3feca445  f6:40c10828
18397021ns          321041 1c0086ce 14052883 lw               x17, 320(x10)       x17=4113000d x10:1c010fd8  PA:1c011118
18397319ns          321056 1c0086d2 0207a403 lw               x8, 32(x15)          x8=404c67dc x15:1c010980  PA:1c0109a0
18397617ns          321071 1c0086d4 80737343 fmadd.s          f6, f6, f7, f16      f6=xxxxxxxx  f6:41326f62  f7:40b21fda f16:43156b4e
18397637ns          321072 1c0086d8 1116f8d3 fmul.s           f17, f13, f17       f17=xxxxxxxx f13:3feca445 f17:4113000d
18397657ns          321073 1c0086dc 16852803 lw               x16, 360(x10)       x16=4119bfd4 x10:1c010fd8  PA:1c011140
18397956ns          321088 1c0086e0 0247a383 lw               x7, 36(x15)          x7=3f63643c x15:1c010980  PA:1c0109a4
18398274ns          321104 1c0086e4 3088f8c3 fmadd.s          f17, f17, f8, f6    f17=xxxxxxxx f17:4187e260  f8:404c67dc  f6:43537f21
18398294ns          321105 1c0086e8 1106f853 fmul.s           f16, f13, f16       f16=xxxxxxxx f13:3feca445 f16:4119bfd4
18398314ns          321106 1c0086ec 000ea303 lw               x6, 0(x29)           x6=407eeb09 x29:10001670  PA:10001670
18398333ns          321107 1c0086f0 02878793 addi             x15, x15, 40        x15=1c0109a8 x15:1c010980
18398353ns          321108 1c0086f4 88787843 fmadd.s          f16, f16, f7, f17   f16=xxxxxxxx f16:418e1f80  f7:3f63643c f17:4384df72
18398373ns          321109 1c0086f8 80e37843 fmadd.s          f16, f6, f14, f16   f16=xxxxxxxx  f6:407eeb09 f14:411d91fb f16:438cc34b
18398393ns          321110 1c0086fc 030ea42b p.sw             x16, 40(x29!)       x29=10001698 x16:43a0603b x29:10001670  PA:10001670
18398413ns          321111 1c008658 00052803 lw               x16, 0(x10)         x16=40ca0b71 x10:1c010fd8  PA:1c010fd8
18398711ns          321126 1c00865c 0007a883 lw               x17, 0(x15)         x17=410caf4f x15:1c0109a8  PA:1c0109a8
18399010ns          321141 1c008660 1106f853 fmul.s           f16, f13, f16       f16=xxxxxxxx f13:3feca445 f16:40ca0b71
18399030ns          321142 1c008664 02852303 lw               x6, 40(x10)          x6=4037ad9a x10:1c010fd8  PA:1c011000
18399328ns          321157 1c008668 0047a383 lw               x7, 4(x15)           x7=41176372 x15:1c0109a8  PA:1c0109ac
18399646ns          321173 1c00866c f1187843 fmadd.s          f16, f16, f17, f30  f16=xxxxxxxx f16:413ac432 f17:410caf4f f30:00000000
18399666ns          321174 1c008670 1066f353 fmul.s           f6, f13, f6          f6=xxxxxxxx f13:3feca445  f6:4037ad9a
18399686ns          321175 1c008674 05052883 lw               x17, 80(x10)        x17=3f1f2e39 x10:1c010fd8  PA:1c011028
18399984ns          321190 1c008678 0087a403 lw               x8, 8(x15)           x8=409cf1d2 x15:1c0109a8  PA:1c0109b0
18400283ns          321205 1c00867a 80737343 fmadd.s          f6, f6, f7, f16      f6=xxxxxxxx  f6:40a9c9e7  f7:41176372 f16:42cd4662
18400303ns          321206 1c00867e 1116f8d3 fmul.s           f17, f13, f17       f17=xxxxxxxx f13:3feca445 f17:3f1f2e39
18400323ns          321207 1c008682 07852803 lw               x16, 120(x10)       x16=410a9dad x10:1c010fd8  PA:1c011050
18400621ns          321222 1c008686 00c7a383 lw               x7, 12(x15)          x7=410ddd2e x15:1c0109a8  PA:1c0109b4
18400939ns          321238 1c00868a 3088f8c3 fmadd.s          f17, f17, f8, f6    f17=xxxxxxxx f17:3f9324c1  f8:409cf1d2  f6:4318d737
18400959ns          321239 1c00868e 1106f853 fmul.s           f16, f13, f16       f16=xxxxxxxx f13:3feca445 f16:410a9dad
18400979ns          321240 1c008692 0a052303 lw               x6, 160(x10)         x6=4062f1d8 x10:1c010fd8  PA:1c011078
18401277ns          321255 1c008696 0107a403 lw               x8, 16(x15)          x8=3fd37db8 x15:1c0109a8  PA:1c0109b8
18401576ns          321270 1c008698 88787843 fmadd.s          f16, f16, f7, f17   f16=xxxxxxxx f16:4180224e  f7:410ddd2e f17:431e7a8d
18401596ns          321271 1c00869c 1066f353 fmul.s           f6, f13, f6          f6=xxxxxxxx f13:3feca445  f6:4062f1d8
18401615ns          321272 1c0086a0 0c852883 lw               x17, 200(x10)       x17=4074baff x10:1c010fd8  PA:1c0110a0
18401914ns          321287 1c0086a4 0147a383 lw               x7, 20(x15)          x7=404b6f19 x15:1c0109a8  PA:1c0109bc
18402232ns          321303 1c0086a8 80837343 fmadd.s          f6, f6, f8, f16      f6=xxxxxxxx  f6:40d1c893  f8:3fd37db8 f16:43963ee0
18402252ns          321304 1c0086ac 1116f8d3 fmul.s           f17, f13, f17       f17=xxxxxxxx f13:3feca445 f17:4074baff
18402272ns          321305 1c0086b0 0f052803 lw               x16, 240(x10)       x16=411956d6 x10:1c010fd8  PA:1c0110c8
18402570ns          321320 1c0086b4 0187a403 lw               x8, 24(x15)          x8=40c05806 x15:1c0109a8  PA:1c0109c0
18402869ns          321335 1c0086b6 3078f8c3 fmadd.s          f17, f17, f7, f6    f17=xxxxxxxx f17:40e2396d  f7:404b6f19  f6:439ba95b
18402888ns          321336 1c0086ba 1106f853 fmul.s           f16, f13, f16       f16=xxxxxxxx f13:3feca445 f16:411956d6
18402908ns          321337 1c0086be 11852303 lw               x6, 280(x10)         x6=40c10828 x10:1c010fd8  PA:1c0110f0
18403207ns          321352 1c0086c2 01c7a383 lw               x7, 28(x15)          x7=411fcb27 x15:1c0109a8  PA:1c0109c4
18403505ns          321367 1c0086c6 88887843 fmadd.s          f16, f16, f8, f17   f16=xxxxxxxx f16:418dbe72  f8:40c05806 f17:43a6e5b6
18403525ns          321368 1c0086ca 1066f353 fmul.s           f6, f13, f6          f6=xxxxxxxx f13:3feca445  f6:40c10828
18403545ns          321369 1c0086ce 14052883 lw               x17, 320(x10)       x17=4113000d x10:1c010fd8  PA:1c011118
18403843ns          321384 1c0086d2 0207a403 lw               x8, 32(x15)          x8=409b827a x15:1c0109a8  PA:1c0109c8
18404142ns          321399 1c0086d4 80737343 fmadd.s          f6, f6, f7, f16      f6=xxxxxxxx  f6:41326f62  f7:411fcb27 f16:43dc257f
18404161ns          321400 1c0086d8 1116f8d3 fmul.s           f17, f13, f17       f17=xxxxxxxx f13:3feca445 f17:4113000d
18404181ns          321401 1c0086dc 16852803 lw               x16, 360(x10)       x16=4119bfd4 x10:1c010fd8  PA:1c011140
18404480ns          321416 1c0086e0 0247a383 lw               x7, 36(x15)          x7=40fbbc63 x15:1c0109a8  PA:1c0109cc
18404778ns          321431 1c0086e4 3088f8c3 fmadd.s          f17, f17, f8, f6    f17=xxxxxxxx f17:4187e260  f8:409b827a  f6:4409eaf1
18404798ns          321432 1c0086e8 1106f853 fmul.s           f16, f13, f16       f16=xxxxxxxx f13:3feca445 f16:4119bfd4
18404818ns          321433 1c0086ec 000ea303 lw               x6, 0(x29)           x6=411da4b1 x29:10001698  PA:10001698
18404838ns          321434 1c0086f0 02878793 addi             x15, x15, 40        x15=1c0109d0 x15:1c0109a8
18404858ns          321435 1c0086f4 88787843 fmadd.s          f16, f16, f7, f17   f16=xxxxxxxx f16:418e1f80  f7:40fbbc63 f17:441e8dc5
18404878ns          321436 1c0086f8 80e37843 fmadd.s          f16, f6, f14, f16   f16=xxxxxxxx  f6:411da4b1 f14:411d91fb f16:44417e23
18404897ns          321437 1c0086fc 030ea42b p.sw             x16, 40(x29!)       x29=100016c0 x16:4459c01c x29:10001698  PA:10001698
18404917ns          321438 1c008658 00052803 lw               x16, 0(x10)         x16=40ca0b71 x10:1c010fd8  PA:1c010fd8
18405216ns          321453 1c00865c 0007a883 lw               x17, 0(x15)         x17=3fe434c6 x15:1c0109d0  PA:1c0109d0
18405514ns          321468 1c008660 1106f853 fmul.s           f16, f13, f16       f16=xxxxxxxx f13:3feca445 f16:40ca0b71
18405534ns          321469 1c008664 02852303 lw               x6, 40(x10)          x6=4037ad9a x10:1c010fd8  PA:1c011000
18405832ns          321484 1c008668 0047a383 lw               x7, 4(x15)           x7=3ea9eacd x15:1c0109d0  PA:1c0109d4
18406131ns          321499 1c00866c f1187843 fmadd.s          f16, f16, f17, f30  f16=xxxxxxxx f16:413ac432 f17:3fe434c6 f30:00000000
18406151ns          321500 1c008670 1066f353 fmul.s           f6, f13, f6          f6=xxxxxxxx f13:3feca445  f6:4037ad9a
18406170ns          321501 1c008674 05052883 lw               x17, 80(x10)        x17=3f1f2e39 x10:1c010fd8  PA:1c011028
18406469ns          321516 1c008678 0087a403 lw               x8, 8(x15)           x8=40d2ef84 x15:1c0109d0  PA:1c0109d8
18406767ns          321531 1c00867a 80737343 fmadd.s          f6, f6, f7, f16      f6=xxxxxxxx  f6:40a9c9e7  f7:3ea9eacd f16:41a67d3d
18406787ns          321532 1c00867e 1116f8d3 fmul.s           f17, f13, f17       f17=xxxxxxxx f13:3feca445 f17:3f1f2e39
18406807ns          321533 1c008682 07852803 lw               x16, 120(x10)       x16=410a9dad x10:1c010fd8  PA:1c011050
18407105ns          321548 1c008686 00c7a383 lw               x7, 12(x15)          x7=40e0a6ee x15:1c0109d0  PA:1c0109dc
18407404ns          321563 1c00868a 3088f8c3 fmadd.s          f17, f17, f8, f6    f17=xxxxxxxx f17:3f9324c1  f8:40d2ef84  f6:41b4937e
18407424ns          321564 1c00868e 1106f853 fmul.s           f16, f13, f16       f16=xxxxxxxx f13:3feca445 f16:410a9dad
18407443ns          321565 1c008692 0a052303 lw               x6, 160(x10)         x6=4062f1d8 x10:1c010fd8  PA:1c011078
18407742ns          321580 1c008696 0107a403 lw               x8, 16(x15)          x8=410949c7 x15:1c0109d0  PA:1c0109e0
18408040ns          321595 1c008698 88787843 fmadd.s          f16, f16, f7, f17   f16=xxxxxxxx f16:4180224e  f7:40e0a6ee f17:41f13267
18408060ns          321596 1c00869c 1066f353 fmul.s           f6, f13, f6          f6=xxxxxxxx f13:3feca445  f6:4062f1d8
18408080ns          321597 1c0086a0 0c852883 lw               x17, 200(x10)       x17=4074baff x10:1c010fd8  PA:1c0110a0
18408378ns          321612 1c0086a4 0147a383 lw               x7, 20(x15)          x7=40fc045f x15:1c0109d0  PA:1c0109e4
18408677ns          321627 1c0086a8 80837343 fmadd.s          f6, f6, f8, f16      f6=xxxxxxxx  f6:40d1c893  f8:410949c7 f16:430e97de
18408697ns          321628 1c0086ac 1116f8d3 fmul.s           f17, f13, f17       f17=xxxxxxxx f13:3feca445 f17:4074baff
18408716ns          321629 1c0086b0 0f052803 lw               x16, 240(x10)       x16=411956d6 x10:1c010fd8  PA:1c0110c8
18409015ns          321644 1c0086b4 0187a403 lw               x8, 24(x15)          x8=4075e4ea x15:1c0109d0  PA:1c0109e8
18409313ns          321659 1c0086b6 3078f8c3 fmadd.s          f17, f17, f7, f6    f17=xxxxxxxx f17:40e2396d  f7:40fc045f  f6:4346d844
18409333ns          321660 1c0086ba 1106f853 fmul.s           f16, f13, f16       f16=xxxxxxxx f13:3feca445 f16:411956d6
18409353ns          321661 1c0086be 11852303 lw               x6, 280(x10)         x6=40c10828 x10:1c010fd8  PA:1c0110f0
18409651ns          321676 1c0086c2 01c7a383 lw               x7, 28(x15)          x7=40951ac2 x15:1c0109d0  PA:1c0109ec
18409950ns          321691 1c0086c6 88887843 fmadd.s          f16, f16, f8, f17   f16=xxxxxxxx f16:418dbe72  f8:4075e4ea f17:437e855d
18409970ns          321692 1c0086ca 1066f353 fmul.s           f6, f13, f6          f6=xxxxxxxx f13:3feca445  f6:40c10828
18409989ns          321693 1c0086ce 14052883 lw               x17, 320(x10)       x17=4113000d x10:1c010fd8  PA:1c011118
18410308ns          321709 1c0086d2 0207a403 lw               x8, 32(x15)          x8=3fd3f108 x15:1c0109d0  PA:1c0109f0
18410606ns          321724 1c0086d4 80737343 fmadd.s          f6, f6, f7, f16      f6=xxxxxxxx  f6:41326f62  f7:40951ac2 f16:43a14c2f
18410626ns          321725 1c0086d8 1116f8d3 fmul.s           f17, f13, f17       f17=xxxxxxxx f13:3feca445 f17:4113000d
18410646ns          321726 1c0086dc 16852803 lw               x16, 360(x10)       x16=4119bfd4 x10:1c010fd8  PA:1c011140
18410944ns          321741 1c0086e0 0247a383 lw               x7, 36(x15)          x7=3fdb9aaa x15:1c0109d0  PA:1c0109f4
18411243ns          321756 1c0086e4 3088f8c3 fmadd.s          f17, f17, f8, f6    f17=xxxxxxxx f17:4187e260  f8:3fd3f108  f6:43bb478e
18411262ns          321757 1c0086e8 1106f853 fmul.s           f16, f13, f16       f16=xxxxxxxx f13:3feca445 f16:4119bfd4
18411282ns          321758 1c0086ec 000ea303 lw               x6, 0(x29)           x6=40dbd41a x29:100016c0  PA:100016c0
18411302ns          321759 1c0086f0 02878793 addi             x15, x15, 40        x15=1c0109f8 x15:1c0109d0
18411322ns          321760 1c0086f4 88787843 fmadd.s          f16, f16, f7, f17   f16=xxxxxxxx f16:418e1f80  f7:3fdb9aaa f17:43c9577f
18411342ns          321761 1c0086f8 80e37843 fmadd.s          f16, f6, f14, f16   f16=xxxxxxxx  f6:40dbd41a f14:411d91fb f16:43d894d9
18411362ns          321762 1c0086fc 030ea42b p.sw             x16, 40(x29!)       x29=100016e8 x16:43fa6875 x29:100016c0  PA:100016c0
18411382ns          321763 1c008658 00052803 lw               x16, 0(x10)         x16=40ca0b71 x10:1c010fd8  PA:1c010fd8
18411680ns          321778 1c00865c 0007a883 lw               x17, 0(x15)         x17=40f724db x15:1c0109f8  PA:1c0109f8
18411998ns          321794 1c008660 1106f853 fmul.s           f16, f13, f16       f16=xxxxxxxx f13:3feca445 f16:40ca0b71
18412018ns          321795 1c008664 02852303 lw               x6, 40(x10)          x6=4037ad9a x10:1c010fd8  PA:1c011000
18412317ns          321810 1c008668 0047a383 lw               x7, 4(x15)           x7=411ba4c3 x15:1c0109f8  PA:1c0109fc
18412615ns          321825 1c00866c f1187843 fmadd.s          f16, f16, f17, f30  f16=xxxxxxxx f16:413ac432 f17:40f724db f30:00000000
18412635ns          321826 1c008670 1066f353 fmul.s           f6, f13, f6          f6=xxxxxxxx f13:3feca445  f6:4037ad9a
18412655ns          321827 1c008674 05052883 lw               x17, 80(x10)        x17=3f1f2e39 x10:1c010fd8  PA:1c011028
18412973ns          321843 1c008678 0087a403 lw               x8, 8(x15)           x8=411378f2 x15:1c0109f8  PA:1c010a00
18413271ns          321858 1c00867a 80737343 fmadd.s          f6, f6, f7, f16      f6=xxxxxxxx  f6:40a9c9e7  f7:411ba4c3 f16:42b44e30
18413291ns          321859 1c00867e 1116f8d3 fmul.s           f17, f13, f17       f17=xxxxxxxx f13:3feca445 f17:3f1f2e39
18413311ns          321860 1c008682 07852803 lw               x16, 120(x10)       x16=410a9dad x10:1c010fd8  PA:1c011050
18413610ns          321875 1c008686 00c7a383 lw               x7, 12(x15)          x7=408ce3e2 x15:1c0109f8  PA:1c010a04
18413908ns          321890 1c00868a 3088f8c3 fmadd.s          f17, f17, f8, f6    f17=xxxxxxxx f17:3f9324c1  f8:411378f2  f6:430dc45b
18413928ns          321891 1c00868e 1106f853 fmul.s           f16, f13, f16       f16=xxxxxxxx f13:3feca445 f16:410a9dad
18413948ns          321892 1c008692 0a052303 lw               x6, 160(x10)         x6=4062f1d8 x10:1c010fd8  PA:1c011078
18414266ns          321908 1c008696 0107a403 lw               x8, 16(x15)          x8=3f897409 x15:1c0109f8  PA:1c010a08
18414564ns          321923 1c008698 88787843 fmadd.s          f16, f16, f7, f17   f16=xxxxxxxx f16:4180224e  f7:408ce3e2 f17:43185ccf
18414584ns          321924 1c00869c 1066f353 fmul.s           f6, f13, f6          f6=xxxxxxxx f13:3feca445  f6:4062f1d8
18414604ns          321925 1c0086a0 0c852883 lw               x17, 200(x10)       x17=4074baff x10:1c010fd8  PA:1c0110a0
18414902ns          321940 1c0086a4 0147a383 lw               x7, 20(x15)          x7=4086046f x15:1c0109f8  PA:1c010a0c
18415201ns          321955 1c0086a8 80837343 fmadd.s          f6, f6, f8, f16      f6=xxxxxxxx  f6:40d1c893  f8:3f897409 f16:435ee1a1
18415221ns          321956 1c0086ac 1116f8d3 fmul.s           f17, f13, f17       f17=xxxxxxxx f13:3feca445 f17:4074baff
18415241ns          321957 1c0086b0 0f052803 lw               x16, 240(x10)       x16=411956d6 x10:1c010fd8  PA:1c0110c8
18415559ns          321973 1c0086b4 0187a403 lw               x8, 24(x15)          x8=40fb0608 x15:1c0109f8  PA:1c010a10
18415857ns          321988 1c0086b6 3078f8c3 fmadd.s          f17, f17, f7, f6    f17=xxxxxxxx f17:40e2396d  f7:4086046f  f6:4365ebd8
18415877ns          321989 1c0086ba 1106f853 fmul.s           f16, f13, f16       f16=xxxxxxxx f13:3feca445 f16:411956d6
18415897ns          321990 1c0086be 11852303 lw               x6, 280(x10)         x6=40c10828 x10:1c010fd8  PA:1c0110f0
18416195ns          322005 1c0086c2 01c7a383 lw               x7, 28(x15)          x7=40af8cda x15:1c0109f8  PA:1c010a14
18416494ns          322020 1c0086c6 88887843 fmadd.s          f16, f16, f8, f17   f16=xxxxxxxx f16:418dbe72  f8:40fb0608 f17:4381c3ab
18416514ns          322021 1c0086ca 1066f353 fmul.s           f6, f13, f6          f6=xxxxxxxx f13:3feca445  f6:40c10828
18416534ns          322022 1c0086ce 14052883 lw               x17, 320(x10)       x17=4113000d x10:1c010fd8  PA:1c011118
18416832ns          322037 1c0086d2 0207a403 lw               x8, 32(x15)          x8=4103c68f x15:1c0109f8  PA:1c010a18
18417130ns          322052 1c0086d4 80737343 fmadd.s          f6, f6, f7, f16      f6=xxxxxxxx  f6:41326f62  f7:40af8cda f16:43c74233
18417150ns          322053 1c0086d8 1116f8d3 fmul.s           f17, f13, f17       f17=xxxxxxxx f13:3feca445 f17:4113000d
18417170ns          322054 1c0086dc 16852803 lw               x16, 360(x10)       x16=4119bfd4 x10:1c010fd8  PA:1c011140
18417468ns          322069 1c0086e0 0247a383 lw               x7, 36(x15)          x7=3fe22155 x15:1c0109f8  PA:1c010a1c
18417767ns          322084 1c0086e4 3088f8c3 fmadd.s          f17, f17, f8, f6    f17=xxxxxxxx f17:4187e260  f8:4103c68f  f6:43e5d947
18417787ns          322085 1c0086e8 1106f853 fmul.s           f16, f13, f16       f16=xxxxxxxx f13:3feca445 f16:4119bfd4
18417807ns          322086 1c0086ec 000ea303 lw               x6, 0(x29)           x6=40ac36af x29:100016e8  PA:100016e8
18417826ns          322087 1c0086f0 02878793 addi             x15, x15, 40        x15=1c010a20 x15:1c0109f8
18417846ns          322088 1c0086f4 88787843 fmadd.s          f16, f16, f7, f17   f16=xxxxxxxx f16:418e1f80  f7:3fe22155 f17:4415e5c2
18417866ns          322089 1c0086f8 80e37843 fmadd.s          f16, f6, f14, f16   f16=xxxxxxxx  f6:40ac36af f14:411d91fb f16:441dbe67
18417886ns          322090 1c0086fc 030ea42b p.sw             x16, 40(x29!)       x29=10001710 x16:442afe5f x29:100016e8  PA:100016e8
18417906ns          322091 1c008658 00052803 lw               x16, 0(x10)         x16=40ca0b71 x10:1c010fd8  PA:1c010fd8
18418224ns          322107 1c00865c 0007a883 lw               x17, 0(x15)         x17=40f0265f x15:1c010a20  PA:1c010a20
18418523ns          322122 1c008660 1106f853 fmul.s           f16, f13, f16       f16=xxxxxxxx f13:3feca445 f16:40ca0b71
18418542ns          322123 1c008664 02852303 lw               x6, 40(x10)          x6=4037ad9a x10:1c010fd8  PA:1c011000
18418841ns          322138 1c008668 0047a383 lw               x7, 4(x15)           x7=41013d49 x15:1c010a20  PA:1c010a24
18419139ns          322153 1c00866c f1187843 fmadd.s          f16, f16, f17, f30  f16=xxxxxxxx f16:413ac432 f17:40f0265f f30:00000000
18419159ns          322154 1c008670 1066f353 fmul.s           f6, f13, f6          f6=xxxxxxxx f13:3feca445  f6:4037ad9a
18419179ns          322155 1c008674 05052883 lw               x17, 80(x10)        x17=3f1f2e39 x10:1c010fd8  PA:1c011028
18419477ns          322170 1c008678 0087a403 lw               x8, 8(x15)           x8=410d16c3 x15:1c010a20  PA:1c010a28
18419776ns          322185 1c00867a 80737343 fmadd.s          f6, f6, f7, f16      f6=xxxxxxxx  f6:40a9c9e7  f7:41013d49 f16:42af33ed
18419796ns          322186 1c00867e 1116f8d3 fmul.s           f17, f13, f17       f17=xxxxxxxx f13:3feca445 f17:3f1f2e39
18419816ns          322187 1c008682 07852803 lw               x16, 120(x10)       x16=410a9dad x10:1c010fd8  PA:1c011050
18420114ns          322202 1c008686 00c7a383 lw               x7, 12(x15)          x7=3e34584b x15:1c010a20  PA:1c010a2c
18420412ns          322217 1c00868a 3088f8c3 fmadd.s          f17, f17, f8, f6    f17=xxxxxxxx f17:3f9324c1  f8:410d16c3  f6:430275a8
18420432ns          322218 1c00868e 1106f853 fmul.s           f16, f13, f16       f16=xxxxxxxx f13:3feca445 f16:410a9dad
18420452ns          322219 1c008692 0a052303 lw               x6, 160(x10)         x6=4062f1d8 x10:1c010fd8  PA:1c011078
18420750ns          322234 1c008696 0107a403 lw               x8, 16(x15)          x8=3f506ce1 x15:1c010a20  PA:1c010a30
18421049ns          322249 1c008698 88787843 fmadd.s          f16, f16, f7, f17   f16=xxxxxxxx f16:4180224e  f7:3e34584b f17:430c98b2
18421069ns          322250 1c00869c 1066f353 fmul.s           f6, f13, f6          f6=xxxxxxxx f13:3feca445  f6:4062f1d8
18421089ns          322251 1c0086a0 0c852883 lw               x17, 200(x10)       x17=4074baff x10:1c010fd8  PA:1c0110a0
18421387ns          322266 1c0086a4 0147a383 lw               x7, 20(x15)          x7=3e040bf5 x15:1c010a20  PA:1c010a34
18421685ns          322281 1c0086a8 80837343 fmadd.s          f6, f6, f8, f16      f6=xxxxxxxx  f6:40d1c893  f8:3f506ce1 f16:430f6ad5
18421705ns          322282 1c0086ac 1116f8d3 fmul.s           f17, f13, f17       f17=xxxxxxxx f13:3feca445 f17:4074baff
18421725ns          322283 1c0086b0 0f052803 lw               x16, 240(x10)       x16=411956d6 x10:1c010fd8  PA:1c0110c8
18422023ns          322298 1c0086b4 0187a403 lw               x8, 24(x15)          x8=40fe5cb5 x15:1c010a20  PA:1c010a38
18422322ns          322313 1c0086b6 3078f8c3 fmadd.s          f17, f17, f7, f6    f17=xxxxxxxx f17:40e2396d  f7:3e040bf5  f6:4314c137
18422342ns          322314 1c0086ba 1106f853 fmul.s           f16, f13, f16       f16=xxxxxxxx f13:3feca445 f16:411956d6
18422362ns          322315 1c0086be 11852303 lw               x6, 280(x10)         x6=40c10828 x10:1c010fd8  PA:1c0110f0
18422660ns          322330 1c0086c2 01c7a383 lw               x7, 28(x15)          x7=40a2573d x15:1c010a20  PA:1c010a3c
18422958ns          322345 1c0086c6 88887843 fmadd.s          f16, f16, f8, f17   f16=xxxxxxxx f16:418dbe72  f8:40fe5cb5 f17:4315aa97
18422978ns          322346 1c0086ca 1066f353 fmul.s           f6, f13, f6          f6=xxxxxxxx f13:3feca445  f6:40c10828
18422998ns          322347 1c0086ce 14052883 lw               x17, 320(x10)       x17=4113000d x10:1c010fd8  PA:1c011118
18423296ns          322362 1c0086d2 0207a403 lw               x8, 32(x15)          x8=408592b1 x15:1c010a20  PA:1c010a40
18423615ns          322378 1c0086d4 80737343 fmadd.s          f6, f6, f7, f16      f6=xxxxxxxx  f6:41326f62  f7:40a2573d f16:43914070
18423635ns          322379 1c0086d8 1116f8d3 fmul.s           f17, f13, f17       f17=xxxxxxxx f13:3feca445 f17:4113000d
18423654ns          322380 1c0086dc 16852803 lw               x16, 360(x10)       x16=4119bfd4 x10:1c010fd8  PA:1c011140
18423953ns          322395 1c0086e0 0247a383 lw               x7, 36(x15)          x7=411ba146 x15:1c010a20  PA:1c010a44
18424251ns          322410 1c0086e4 3088f8c3 fmadd.s          f17, f17, f8, f6    f17=xxxxxxxx f17:4187e260  f8:408592b1  f6:43ad8a43
18424271ns          322411 1c0086e8 1106f853 fmul.s           f16, f13, f16       f16=xxxxxxxx f13:3feca445 f16:4119bfd4
18424291ns          322412 1c0086ec 000ea303 lw               x6, 0(x29)           x6=40c3a1cc x29:10001710  PA:10001710
18424311ns          322413 1c0086f0 02878793 addi             x15, x15, 40        x15=1c010a48 x15:1c010a20
18424331ns          322414 1c0086f4 88787843 fmadd.s          f16, f16, f7, f17   f16=xxxxxxxx f16:418e1f80  f7:411ba146 f17:43d0fd7f
18424351ns          322415 1c0086f8 80e37843 fmadd.s          f16, f6, f14, f16   f16=xxxxxxxx  f6:40c3a1cc f14:411d91fb f16:4413b20d
18424370ns          322416 1c0086fc 030ea42b p.sw             x16, 40(x29!)       x29=10001738 x16:4422bf46 x29:10001710  PA:10001710
18424390ns          322417 1c008658 00052803 lw               x16, 0(x10)         x16=40ca0b71 x10:1c010fd8  PA:1c010fd8
18424689ns          322432 1c00865c 0007a883 lw               x17, 0(x15)         x17=4078e623 x15:1c010a48  PA:1c010a48
18424987ns          322447 1c008660 1106f853 fmul.s           f16, f13, f16       f16=xxxxxxxx f13:3feca445 f16:40ca0b71
18425007ns          322448 1c008664 02852303 lw               x6, 40(x10)          x6=4037ad9a x10:1c010fd8  PA:1c011000
18425305ns          322463 1c008668 0047a383 lw               x7, 4(x15)           x7=411e469f x15:1c010a48  PA:1c010a4c
18425604ns          322478 1c00866c f1187843 fmadd.s          f16, f16, f17, f30  f16=xxxxxxxx f16:413ac432 f17:4078e623 f30:00000000
18425624ns          322479 1c008670 1066f353 fmul.s           f6, f13, f6          f6=xxxxxxxx f13:3feca445  f6:4037ad9a
18425643ns          322480 1c008674 05052883 lw               x17, 80(x10)        x17=3f1f2e39 x10:1c010fd8  PA:1c011028
18425942ns          322495 1c008678 0087a403 lw               x8, 8(x15)           x8=4048d101 x15:1c010a48  PA:1c010a50
18426260ns          322511 1c00867a 80737343 fmadd.s          f6, f6, f7, f16      f6=xxxxxxxx  f6:40a9c9e7  f7:411e469f f16:423595f6
18426280ns          322512 1c00867e 1116f8d3 fmul.s           f17, f13, f17       f17=xxxxxxxx f13:3feca445 f17:3f1f2e39
18426300ns          322513 1c008682 07852803 lw               x16, 120(x10)       x16=410a9dad x10:1c010fd8  PA:1c011050
18426598ns          322528 1c008686 00c7a383 lw               x7, 12(x15)          x7=3d5f1afd x15:1c010a48  PA:1c010a54
18426897ns          322543 1c00868a 3088f8c3 fmadd.s          f17, f17, f8, f6    f17=xxxxxxxx f17:3f9324c1  f8:4048d101  f6:42c3c46e
18426917ns          322544 1c00868e 1106f853 fmul.s           f16, f13, f16       f16=xxxxxxxx f13:3feca445 f16:410a9dad
18426936ns          322545 1c008692 0a052303 lw               x6, 160(x10)         x6=4062f1d8 x10:1c010fd8  PA:1c011078
18427235ns          322560 1c008696 0107a403 lw               x8, 16(x15)          x8=40b22bd1 x15:1c010a48  PA:1c010a58
18427553ns          322576 1c008698 88787843 fmadd.s          f16, f16, f7, f17   f16=xxxxxxxx f16:4180224e  f7:3d5f1afd f17:42cafb3c
18427573ns          322577 1c00869c 1066f353 fmul.s           f6, f13, f6          f6=xxxxxxxx f13:3feca445  f6:4062f1d8
18427593ns          322578 1c0086a0 0c852883 lw               x17, 200(x10)       x17=4074baff x10:1c010fd8  PA:1c0110a0
18427891ns          322593 1c0086a4 0147a383 lw               x7, 20(x15)          x7=411f58cb x15:1c010a48  PA:1c010a5c
18428190ns          322608 1c0086a8 80837343 fmadd.s          f6, f6, f8, f16      f6=xxxxxxxx  f6:40d1c893  f8:40b22bd1 f16:42ccb9ea
18428209ns          322609 1c0086ac 1116f8d3 fmul.s           f17, f13, f17       f17=xxxxxxxx f13:3feca445 f17:4074baff
18428229ns          322610 1c0086b0 0f052803 lw               x16, 240(x10)       x16=411956d6 x10:1c010fd8  PA:1c0110c8
18428528ns          322625 1c0086b4 0187a403 lw               x8, 24(x15)          x8=3f232023 x15:1c010a48  PA:1c010a60
18428846ns          322641 1c0086b6 3078f8c3 fmadd.s          f17, f17, f7, f6    f17=xxxxxxxx f17:40e2396d  f7:411f58cb  f6:430add4d
18428866ns          322642 1c0086ba 1106f853 fmul.s           f16, f13, f16       f16=xxxxxxxx f13:3feca445 f16:411956d6
18428886ns          322643 1c0086be 11852303 lw               x6, 280(x10)         x6=40c10828 x10:1c010fd8  PA:1c0110f0
18429184ns          322658 1c0086c2 01c7a383 lw               x7, 28(x15)          x7=40c03075 x15:1c010a48  PA:1c010a64
18429482ns          322673 1c0086c6 88887843 fmadd.s          f16, f16, f8, f17   f16=xxxxxxxx f16:418dbe72  f8:3f232023 f17:4351455e
18429502ns          322674 1c0086ca 1066f353 fmul.s           f6, f13, f6          f6=xxxxxxxx f13:3feca445  f6:40c10828
18429522ns          322675 1c0086ce 14052883 lw               x17, 320(x10)       x17=4113000d x10:1c010fd8  PA:1c011118
18429821ns          322690 1c0086d2 0207a403 lw               x8, 32(x15)          x8=40803562 x15:1c010a48  PA:1c010a68
18430119ns          322705 1c0086d4 80737343 fmadd.s          f6, f6, f7, f16      f6=xxxxxxxx  f6:41326f62  f7:40c03075 f16:435c8fa0
18430139ns          322706 1c0086d8 1116f8d3 fmul.s           f17, f13, f17       f17=xxxxxxxx f13:3feca445 f17:4113000d
18430159ns          322707 1c0086dc 16852803 lw               x16, 360(x10)       x16=4119bfd4 x10:1c010fd8  PA:1c011140
18430457ns          322722 1c0086e0 0247a383 lw               x7, 36(x15)          x7=4118157a x15:1c010a48  PA:1c010a6c
18430755ns          322737 1c0086e4 3088f8c3 fmadd.s          f17, f17, f8, f6    f17=xxxxxxxx f17:4187e260  f8:40803562  f6:438fc524
18430775ns          322738 1c0086e8 1106f853 fmul.s           f16, f13, f16       f16=xxxxxxxx f13:3feca445 f16:4119bfd4
18430795ns          322739 1c0086ec 000ea303 lw               x6, 0(x29)           x6=40e150c1 x29:10001738  PA:10001738
18430815ns          322740 1c0086f0 02878793 addi             x15, x15, 40        x15=1c010a70 x15:1c010a48
18430835ns          322741 1c0086f4 88787843 fmadd.s          f16, f16, f7, f17   f16=xxxxxxxx f16:418e1f80  f7:4118157a f17:43b1cbe7
18430855ns          322742 1c0086f8 80e37843 fmadd.s          f16, f6, f14, f16   f16=xxxxxxxx  f6:40e150c1 f14:411d91fb f16:44031d44
18430875ns          322743 1c0086fc 030ea42b p.sw             x16, 40(x29!)       x29=10001760 x16:44147324 x29:10001738  PA:10001738
18430895ns          322744 1c008658 00052803 lw               x16, 0(x10)         x16=40ca0b71 x10:1c010fd8  PA:1c010fd8
18431193ns          322759 1c00865c 0007a883 lw               x17, 0(x15)         x17=41136705 x15:1c010a70  PA:1c010a70
18431511ns          322775 1c008660 1106f853 fmul.s           f16, f13, f16       f16=xxxxxxxx f13:3feca445 f16:40ca0b71
18431531ns          322776 1c008664 02852303 lw               x6, 40(x10)          x6=4037ad9a x10:1c010fd8  PA:1c011000
18431830ns          322791 1c008668 0047a383 lw               x7, 4(x15)           x7=40b4c386 x15:1c010a70  PA:1c010a74
18432128ns          322806 1c00866c f1187843 fmadd.s          f16, f16, f17, f30  f16=xxxxxxxx f16:413ac432 f17:41136705 f30:00000000
18432148ns          322807 1c008670 1066f353 fmul.s           f6, f13, f6          f6=xxxxxxxx f13:3feca445  f6:4037ad9a
18432168ns          322808 1c008674 05052883 lw               x17, 80(x10)        x17=3f1f2e39 x10:1c010fd8  PA:1c011028
18432466ns          322823 1c008678 0087a403 lw               x8, 8(x15)           x8=3f268635 x15:1c010a70  PA:1c010a78
18432764ns          322838 1c00867a 80737343 fmadd.s          f6, f6, f7, f16      f6=xxxxxxxx  f6:40a9c9e7  f7:40b4c386 f16:42d713a3
18432784ns          322839 1c00867e 1116f8d3 fmul.s           f17, f13, f17       f17=xxxxxxxx f13:3feca445 f17:3f1f2e39
18432804ns          322840 1c008682 07852803 lw               x16, 120(x10)       x16=410a9dad x10:1c010fd8  PA:1c011050
18433103ns          322855 1c008686 00c7a383 lw               x7, 12(x15)          x7=3fc63485 x15:1c010a70  PA:1c010a7c
18433401ns          322870 1c00868a 3088f8c3 fmadd.s          f17, f17, f8, f6    f17=xxxxxxxx f17:3f9324c1  f8:3f268635  f6:430982bb
18433421ns          322871 1c00868e 1106f853 fmul.s           f16, f13, f16       f16=xxxxxxxx f13:3feca445 f16:410a9dad
18433441ns          322872 1c008692 0a052303 lw               x6, 160(x10)         x6=4062f1d8 x10:1c010fd8  PA:1c011078
18433739ns          322887 1c008696 0107a403 lw               x8, 16(x15)          x8=3fb22991 x15:1c010a70  PA:1c010a80
18434037ns          322902 1c008698 88787843 fmadd.s          f16, f16, f7, f17   f16=xxxxxxxx f16:4180224e  f7:3fc63485 f17:430a4229
18434057ns          322903 1c00869c 1066f353 fmul.s           f6, f13, f6          f6=xxxxxxxx f13:3feca445  f6:4062f1d8
18434077ns          322904 1c0086a0 0c852883 lw               x17, 200(x10)       x17=4074baff x10:1c010fd8  PA:1c0110a0
18434376ns          322919 1c0086a4 0147a383 lw               x7, 20(x15)          x7=3f30486e x15:1c010a70  PA:1c010a84
18434674ns          322934 1c0086a8 80837343 fmadd.s          f6, f6, f8, f16      f6=xxxxxxxx  f6:40d1c893  f8:3fb22991 f16:43230f5d
18434694ns          322935 1c0086ac 1116f8d3 fmul.s           f17, f13, f17       f17=xxxxxxxx f13:3feca445 f17:4074baff
18434714ns          322936 1c0086b0 0f052803 lw               x16, 240(x10)       x16=411956d6 x10:1c010fd8  PA:1c0110c8
18435012ns          322951 1c0086b4 0187a403 lw               x8, 24(x15)          x8=40bff5ca x15:1c010a70  PA:1c010a88
18435310ns          322966 1c0086b6 3078f8c3 fmadd.s          f17, f17, f7, f6    f17=xxxxxxxx f17:40e2396d  f7:3f30486e  f6:432c2f55
18435330ns          322967 1c0086ba 1106f853 fmul.s           f16, f13, f16       f16=xxxxxxxx f13:3feca445 f16:411956d6
18435350ns          322968 1c0086be 11852303 lw               x6, 280(x10)         x6=40c10828 x10:1c010fd8  PA:1c0110f0
18435649ns          322983 1c0086c2 01c7a383 lw               x7, 28(x15)          x7=40907c75 x15:1c010a70  PA:1c010a8c
18435947ns          322998 1c0086c6 88887843 fmadd.s          f16, f16, f8, f17   f16=xxxxxxxx f16:418dbe72  f8:40bff5ca f17:43310d91
18435967ns          322999 1c0086ca 1066f353 fmul.s           f6, f13, f6          f6=xxxxxxxx f13:3feca445  f6:40c10828
18435987ns          323000 1c0086ce 14052883 lw               x17, 320(x10)       x17=4113000d x10:1c010fd8  PA:1c011118
18436285ns          323015 1c0086d2 0207a403 lw               x8, 32(x15)          x8=40f2aadf x15:1c010a70  PA:1c010a90
18436583ns          323030 1c0086d4 80737343 fmadd.s          f6, f6, f7, f16      f6=xxxxxxxx  f6:41326f62  f7:40907c75 f16:438dab60
18436603ns          323031 1c0086d8 1116f8d3 fmul.s           f17, f13, f17       f17=xxxxxxxx f13:3feca445 f17:4113000d
18436623ns          323032 1c0086dc 16852803 lw               x16, 360(x10)       x16=4119bfd4 x10:1c010fd8  PA:1c011140
18436941ns          323048 1c0086e0 0247a383 lw               x7, 36(x15)          x7=40a1b290 x15:1c010a70  PA:1c010a94
18437240ns          323063 1c0086e4 3088f8c3 fmadd.s          f17, f17, f8, f6    f17=xxxxxxxx f17:4187e260  f8:40f2aadf  f6:43a6d8ba
18437260ns          323064 1c0086e8 1106f853 fmul.s           f16, f13, f16       f16=xxxxxxxx f13:3feca445 f16:4119bfd4
18437280ns          323065 1c0086ec 000ea303 lw               x6, 0(x29)           x6=40c5002c x29:10001760  PA:10001760
18437299ns          323066 1c0086f0 02878793 addi             x15, x15, 40        x15=1c010a98 x15:1c010a70
18437319ns          323067 1c0086f4 88787843 fmadd.s          f16, f16, f7, f17   f16=xxxxxxxx f16:418e1f80  f7:40a1b290 f17:43e74013
18437339ns          323068 1c0086f8 80e37843 fmadd.s          f16, f6, f14, f16   f16=xxxxxxxx  f6:40c5002c f14:411d91fb f16:440a1146
18437359ns          323069 1c0086fc 030ea42b p.sw             x16, 40(x29!)       x29=10001788 x16:44193974 x29:10001760  PA:10001760
18437379ns          323070 1c008658 00052803 lw               x16, 0(x10)         x16=40ca0b71 x10:1c010fd8  PA:1c010fd8
18437677ns          323085 1c00865c 0007a883 lw               x17, 0(x15)         x17=410c7726 x15:1c010a98  PA:1c010a98
18437976ns          323100 1c008660 1106f853 fmul.s           f16, f13, f16       f16=xxxxxxxx f13:3feca445 f16:40ca0b71
18437996ns          323101 1c008664 02852303 lw               x6, 40(x10)          x6=4037ad9a x10:1c010fd8  PA:1c011000
18438294ns          323116 1c008668 0047a383 lw               x7, 4(x15)           x7=409cc11d x15:1c010a98  PA:1c010a9c
18438612ns          323132 1c00866c f1187843 fmadd.s          f16, f16, f17, f30  f16=xxxxxxxx f16:413ac432 f17:410c7726 f30:00000000
18438632ns          323133 1c008670 1066f353 fmul.s           f6, f13, f6          f6=xxxxxxxx f13:3feca445  f6:4037ad9a
18438652ns          323134 1c008674 05052883 lw               x17, 80(x10)        x17=3f1f2e39 x10:1c010fd8  PA:1c011028
18438950ns          323149 1c008678 0087a403 lw               x8, 8(x15)           x8=410e9b66 x15:1c010a98  PA:1c010aa0
18439249ns          323164 1c00867a 80737343 fmadd.s          f6, f6, f7, f16      f6=xxxxxxxx  f6:40a9c9e7  f7:409cc11d f16:42ccf471
18439269ns          323165 1c00867e 1116f8d3 fmul.s           f17, f13, f17       f17=xxxxxxxx f13:3feca445 f17:3f1f2e39
18439289ns          323166 1c008682 07852803 lw               x16, 120(x10)       x16=410a9dad x10:1c010fd8  PA:1c011050
18439607ns          323182 1c008686 00c7a383 lw               x7, 12(x15)          x7=4111146c x15:1c010a98  PA:1c010aa4
18439905ns          323197 1c00868a 3088f8c3 fmadd.s          f17, f17, f8, f6    f17=xxxxxxxx f17:3f9324c1  f8:410e9b66  f6:43007800
18439925ns          323198 1c00868e 1106f853 fmul.s           f16, f13, f16       f16=xxxxxxxx f13:3feca445 f16:410a9dad
18439945ns          323199 1c008692 0a052303 lw               x6, 160(x10)         x6=4062f1d8 x10:1c010fd8  PA:1c011078
18440243ns          323214 1c008696 0107a403 lw               x8, 16(x15)          x8=411cf295 x15:1c010a98  PA:1c010aa8
18440542ns          323229 1c008698 88787843 fmadd.s          f16, f16, f7, f17   f16=xxxxxxxx f16:4180224e  f7:4111146c f17:430ab6f7
18440562ns          323230 1c00869c 1066f353 fmul.s           f6, f13, f6          f6=xxxxxxxx f13:3feca445  f6:4062f1d8
18440581ns          323231 1c0086a0 0c852883 lw               x17, 200(x10)       x17=4074baff x10:1c010fd8  PA:1c0110a0
18440900ns          323247 1c0086a4 0147a383 lw               x7, 20(x15)          x7=410e9e20 x15:1c010a98  PA:1c010aac
18441198ns          323262 1c0086a8 80837343 fmadd.s          f6, f6, f8, f16      f6=xxxxxxxx  f6:40d1c893  f8:411cf295 f16:438df922
18441218ns          323263 1c0086ac 1116f8d3 fmul.s           f17, f13, f17       f17=xxxxxxxx f13:3feca445 f17:4074baff
18441238ns          323264 1c0086b0 0f052803 lw               x16, 240(x10)       x16=411956d6 x10:1c010fd8  PA:1c0110c8
18441536ns          323279 1c0086b4 0187a403 lw               x8, 24(x15)          x8=4117932f x15:1c010a98  PA:1c010ab0
18441835ns          323294 1c0086b6 3078f8c3 fmadd.s          f17, f17, f7, f6    f17=xxxxxxxx f17:40e2396d  f7:410e9e20  f6:43ae2063
18441854ns          323295 1c0086ba 1106f853 fmul.s           f16, f13, f16       f16=xxxxxxxx f13:3feca445 f16:411956d6
18441874ns          323296 1c0086be 11852303 lw               x6, 280(x10)         x6=40c10828 x10:1c010fd8  PA:1c0110f0
18442193ns          323312 1c0086c2 01c7a383 lw               x7, 28(x15)          x7=409564dd x15:1c010a98  PA:1c010ab4
18442491ns          323327 1c0086c6 88887843 fmadd.s          f16, f16, f8, f17   f16=xxxxxxxx f16:418dbe72  f8:4117932f f17:43cda249
18442511ns          323328 1c0086ca 1066f353 fmul.s           f6, f13, f6          f6=xxxxxxxx f13:3feca445  f6:40c10828
18442531ns          323329 1c0086ce 14052883 lw               x17, 320(x10)       x17=4113000d x10:1c010fd8  PA:1c011118
18442829ns          323344 1c0086d2 0207a403 lw               x8, 32(x15)          x8=4093773f x15:1c010a98  PA:1c010ab8
18443127ns          323359 1c0086d4 80737343 fmadd.s          f6, f6, f7, f16      f6=xxxxxxxx  f6:41326f62  f7:409564dd f16:4410c78e
18443147ns          323360 1c0086d8 1116f8d3 fmul.s           f17, f13, f17       f17=xxxxxxxx f13:3feca445 f17:4113000d
18443167ns          323361 1c0086dc 16852803 lw               x16, 360(x10)       x16=4119bfd4 x10:1c010fd8  PA:1c011140
18443486ns          323377 1c0086e0 0247a383 lw               x7, 36(x15)          x7=40848fc1 x15:1c010a98  PA:1c010abc
18443784ns          323392 1c0086e4 3088f8c3 fmadd.s          f17, f17, f8, f6    f17=xxxxxxxx f17:4187e260  f8:4093773f  f6:441dcbb2
18443804ns          323393 1c0086e8 1106f853 fmul.s           f16, f13, f16       f16=xxxxxxxx f13:3feca445 f16:4119bfd4
18443824ns          323394 1c0086ec 000ea303 lw               x6, 0(x29)           x6=3f248d42 x29:10001788  PA:10001788
18443844ns          323395 1c0086f0 02878793 addi             x15, x15, 40        x15=1c010ac0 x15:1c010a98
18443863ns          323396 1c0086f4 88787843 fmadd.s          f16, f16, f7, f17   f16=xxxxxxxx f16:418e1f80  f7:40848fc1 f17:44315d44
18443883ns          323397 1c0086f8 80e37843 fmadd.s          f16, f6, f14, f16   f16=xxxxxxxx  f6:3f248d42 f14:411d91fb f16:4443c347
18443903ns          323398 1c0086fc 030ea42b p.sw             x16, 40(x29!)       x29=100017b0 x16:44455869 x29:10001788  PA:10001788
18443923ns          323399 1c008658 00052803 lw               x16, 0(x10)         x16=40ca0b71 x10:1c010fd8  PA:1c010fd8
18444221ns          323414 1c00865c 0007a883 lw               x17, 0(x15)         x17=3f715ac3 x15:1c010ac0  PA:1c010ac0
18444520ns          323429 1c008660 1106f853 fmul.s           f16, f13, f16       f16=xxxxxxxx f13:3feca445 f16:40ca0b71
18444540ns          323430 1c008664 02852303 lw               x6, 40(x10)          x6=4037ad9a x10:1c010fd8  PA:1c011000
18444858ns          323446 1c008668 0047a383 lw               x7, 4(x15)           x7=4048040c x15:1c010ac0  PA:1c010ac4
18445156ns          323461 1c00866c f1187843 fmadd.s          f16, f16, f17, f30  f16=xxxxxxxx f16:413ac432 f17:3f715ac3 f30:00000000
18445176ns          323462 1c008670 1066f353 fmul.s           f6, f13, f6          f6=xxxxxxxx f13:3feca445  f6:4037ad9a
18445196ns          323463 1c008674 05052883 lw               x17, 80(x10)        x17=3f1f2e39 x10:1c010fd8  PA:1c011028
18445494ns          323478 1c008678 0087a403 lw               x8, 8(x15)           x8=408e450e x15:1c010ac0  PA:1c010ac8
18445793ns          323493 1c00867a 80737343 fmadd.s          f6, f6, f7, f16      f6=xxxxxxxx  f6:40a9c9e7  f7:4048040c f16:413014ea
18445813ns          323494 1c00867e 1116f8d3 fmul.s           f17, f13, f17       f17=xxxxxxxx f13:3feca445 f17:3f1f2e39
18445833ns          323495 1c008682 07852803 lw               x16, 120(x10)       x16=410a9dad x10:1c010fd8  PA:1c011050
18446151ns          323511 1c008686 00c7a383 lw               x7, 12(x15)          x7=4107c1ec x15:1c010ac0  PA:1c010acc
18446449ns          323526 1c00868a 3088f8c3 fmadd.s          f17, f17, f8, f6    f17=xxxxxxxx f17:3f9324c1  f8:408e450e  f6:41dcb2e1
18446469ns          323527 1c00868e 1106f853 fmul.s           f16, f13, f16       f16=xxxxxxxx f13:3feca445 f16:410a9dad
18446489ns          323528 1c008692 0a052303 lw               x6, 160(x10)         x6=4062f1d8 x10:1c010fd8  PA:1c011078
18446787ns          323543 1c008696 0107a403 lw               x8, 16(x15)          x8=4095fac3 x15:1c010ac0  PA:1c010ad0
18447086ns          323558 1c008698 88787843 fmadd.s          f16, f16, f7, f17   f16=xxxxxxxx f16:4180224e  f7:4107c1ec f17:4202caf6
18447106ns          323559 1c00869c 1066f353 fmul.s           f6, f13, f6          f6=xxxxxxxx f13:3feca445  f6:4062f1d8
18447126ns          323560 1c0086a0 0c852883 lw               x17, 200(x10)       x17=4074baff x10:1c010fd8  PA:1c0110a0
18447424ns          323575 1c0086a4 0147a383 lw               x7, 20(x15)          x7=41121d4e x15:1c010ac0  PA:1c010ad4
18447722ns          323590 1c0086a8 80837343 fmadd.s          f6, f6, f8, f16      f6=xxxxxxxx  f6:40d1c893  f8:4095fac3 f16:4328990c
18447742ns          323591 1c0086ac 1116f8d3 fmul.s           f17, f13, f17       f17=xxxxxxxx f13:3feca445 f17:4074baff
18447762ns          323592 1c0086b0 0f052803 lw               x16, 240(x10)       x16=411956d6 x10:1c010fd8  PA:1c0110c8
18448060ns          323607 1c0086b4 0187a403 lw               x8, 24(x15)          x8=3ff1facf x15:1c010ac0  PA:1c010ad8
18448359ns          323622 1c0086b6 3078f8c3 fmadd.s          f17, f17, f7, f6    f17=xxxxxxxx f17:40e2396d  f7:41121d4e  f6:434752db
18448379ns          323623 1c0086ba 1106f853 fmul.s           f16, f13, f16       f16=xxxxxxxx f13:3feca445 f16:411956d6
18448399ns          323624 1c0086be 11852303 lw               x6, 280(x10)         x6=40c10828 x10:1c010fd8  PA:1c0110f0
18448697ns          323639 1c0086c2 01c7a383 lw               x7, 28(x15)          x7=40fce41e x15:1c010ac0  PA:1c010adc
18448995ns          323654 1c0086c6 88887843 fmadd.s          f16, f16, f8, f17   f16=xxxxxxxx f16:418dbe72  f8:3ff1facf f17:4383f117
18449015ns          323655 1c0086ca 1066f353 fmul.s           f6, f13, f6          f6=xxxxxxxx f13:3feca445  f6:40c10828
18449035ns          323656 1c0086ce 14052883 lw               x17, 320(x10)       x17=4113000d x10:1c010fd8  PA:1c011118
18449333ns          323671 1c0086d2 0207a403 lw               x8, 32(x15)          x8=4111ef9d x15:1c010ac0  PA:1c010ae0
18449632ns          323686 1c0086d4 80737343 fmadd.s          f6, f6, f7, f16      f6=xxxxxxxx  f6:41326f62  f7:40fce41e f16:4394b07c
18449652ns          323687 1c0086d8 1116f8d3 fmul.s           f17, f13, f17       f17=xxxxxxxx f13:3feca445 f17:4113000d
18449672ns          323688 1c0086dc 16852803 lw               x16, 360(x10)       x16=4119bfd4 x10:1c010fd8  PA:1c011140
18449970ns          323703 1c0086e0 0247a383 lw               x7, 36(x15)          x7=40f90988 x15:1c010ac0  PA:1c010ae4
18450268ns          323718 1c0086e4 3088f8c3 fmadd.s          f17, f17, f8, f6    f17=xxxxxxxx f17:4187e260  f8:4111ef9d  f6:43c0c1a5
18450288ns          323719 1c0086e8 1106f853 fmul.s           f16, f13, f16       f16=xxxxxxxx f13:3feca445 f16:4119bfd4
18450308ns          323720 1c0086ec 000ea303 lw               x6, 0(x29)           x6=41006078 x29:100017b0  PA:100017b0
18450328ns          323721 1c0086f0 02878793 addi             x15, x15, 40        x15=1c010ae8 x15:1c010ac0
18450348ns          323722 1c0086f4 88787843 fmadd.s          f16, f16, f7, f17   f16=xxxxxxxx f16:418e1f80  f7:40f90988 f17:44071c07
18450368ns          323723 1c0086f8 80e37843 fmadd.s          f16, f6, f14, f16   f16=xxxxxxxx  f6:41006078 f14:411d91fb f16:4429ac83
18450388ns          323724 1c0086fc 030ea42b p.sw             x16, 40(x29!)       x29=100017d8 x16:443d6d9b x29:100017b0  PA:100017b0
18450407ns          323725 1c008658 00052803 lw               x16, 0(x10)         x16=40ca0b71 x10:1c010fd8  PA:1c010fd8
18450706ns          323740 1c00865c 0007a883 lw               x17, 0(x15)         x17=3fb6e5d0 x15:1c010ae8  PA:1c010ae8
18451004ns          323755 1c008660 1106f853 fmul.s           f16, f13, f16       f16=xxxxxxxx f13:3feca445 f16:40ca0b71
18451024ns          323756 1c008664 02852303 lw               x6, 40(x10)          x6=4037ad9a x10:1c010fd8  PA:1c011000
18451322ns          323771 1c008668 0047a383 lw               x7, 4(x15)           x7=4093fb1d x15:1c010ae8  PA:1c010aec
18451621ns          323786 1c00866c f1187843 fmadd.s          f16, f16, f17, f30  f16=xxxxxxxx f16:413ac432 f17:3fb6e5d0 f30:00000000
18451641ns          323787 1c008670 1066f353 fmul.s           f6, f13, f6          f6=xxxxxxxx f13:3feca445  f6:4037ad9a
18451661ns          323788 1c008674 05052883 lw               x17, 80(x10)        x17=3f1f2e39 x10:1c010fd8  PA:1c011028
18451959ns          323803 1c008678 0087a403 lw               x8, 8(x15)           x8=40dc0282 x15:1c010ae8  PA:1c010af0
18452257ns          323818 1c00867a 80737343 fmadd.s          f6, f6, f7, f16      f6=xxxxxxxx  f6:40a9c9e7  f7:4093fb1d f16:41856f25
18452277ns          323819 1c00867e 1116f8d3 fmul.s           f17, f13, f17       f17=xxxxxxxx f13:3feca445 f17:3f1f2e39
18452297ns          323820 1c008682 07852803 lw               x16, 120(x10)       x16=410a9dad x10:1c010fd8  PA:1c011050
18452595ns          323835 1c008686 00c7a383 lw               x7, 12(x15)          x7=408975eb x15:1c010ae8  PA:1c010af4
18452914ns          323851 1c00868a 3088f8c3 fmadd.s          f17, f17, f8, f6    f17=xxxxxxxx f17:3f9324c1  f8:40dc0282  f6:4224dd0e
18452934ns          323852 1c00868e 1106f853 fmul.s           f16, f13, f16       f16=xxxxxxxx f13:3feca445 f16:410a9dad
18452953ns          323853 1c008692 0a052303 lw               x6, 160(x10)         x6=4062f1d8 x10:1c010fd8  PA:1c011078
18453252ns          323868 1c008696 0107a403 lw               x8, 16(x15)          x8=4035707b x15:1c010ae8  PA:1c010af8
18453550ns          323883 1c008698 88787843 fmadd.s          f16, f16, f7, f17   f16=xxxxxxxx f16:4180224e  f7:408975eb f17:42447a50
18453570ns          323884 1c00869c 1066f353 fmul.s           f6, f13, f6          f6=xxxxxxxx f13:3feca445  f6:4062f1d8
18453590ns          323885 1c0086a0 0c852883 lw               x17, 200(x10)       x17=4074baff x10:1c010fd8  PA:1c0110a0
18453888ns          323900 1c0086a4 0147a383 lw               x7, 20(x15)          x7=40e890ec x15:1c010ae8  PA:1c010afc
18454207ns          323916 1c0086a8 80837343 fmadd.s          f6, f6, f8, f16      f6=xxxxxxxx  f6:40d1c893  f8:4035707b f16:42ebd7ea
18454227ns          323917 1c0086ac 1116f8d3 fmul.s           f17, f13, f17       f17=xxxxxxxx f13:3feca445 f17:4074baff
18454246ns          323918 1c0086b0 0f052803 lw               x16, 240(x10)       x16=411956d6 x10:1c010fd8  PA:1c0110c8
18454545ns          323933 1c0086b4 0187a403 lw               x8, 24(x15)          x8=40a13991 x15:1c010ae8  PA:1c010b00
18454843ns          323948 1c0086b6 3078f8c3 fmadd.s          f17, f17, f7, f6    f17=xxxxxxxx f17:40e2396d  f7:40e890ec  f6:430881d5
18454863ns          323949 1c0086ba 1106f853 fmul.s           f16, f13, f16       f16=xxxxxxxx f13:3feca445 f16:411956d6
18454883ns          323950 1c0086be 11852303 lw               x6, 280(x10)         x6=40c10828 x10:1c010fd8  PA:1c0110f0
18455181ns          323965 1c0086c2 01c7a383 lw               x7, 28(x15)          x7=3f6ceaef x15:1c010ae8  PA:1c010b04
18455500ns          323981 1c0086c6 88887843 fmadd.s          f16, f16, f8, f17   f16=xxxxxxxx f16:418dbe72  f8:40a13991 f17:433be2dc
18455519ns          323982 1c0086ca 1066f353 fmul.s           f6, f13, f6          f6=xxxxxxxx f13:3feca445  f6:40c10828
18455539ns          323983 1c0086ce 14052883 lw               x17, 320(x10)       x17=4113000d x10:1c010fd8  PA:1c011118
18455838ns          323998 1c0086d2 0207a403 lw               x8, 32(x15)          x8=405a42a6 x15:1c010ae8  PA:1c010b08
18456136ns          324013 1c0086d4 80737343 fmadd.s          f6, f6, f7, f16      f6=xxxxxxxx  f6:41326f62  f7:3f6ceaef f16:438a93c1
18456156ns          324014 1c0086d8 1116f8d3 fmul.s           f17, f13, f17       f17=xxxxxxxx f13:3feca445 f17:4113000d
18456176ns          324015 1c0086dc 16852803 lw               x16, 360(x10)       x16=4119bfd4 x10:1c010fd8  PA:1c011140
18456474ns          324030 1c0086e0 0247a383 lw               x7, 36(x15)          x7=40c7feba x15:1c010ae8  PA:1c010b0c
18456773ns          324045 1c0086e4 3088f8c3 fmadd.s          f17, f17, f8, f6    f17=xxxxxxxx f17:4187e260  f8:405a42a6  f6:438fbcd4
18456792ns          324046 1c0086e8 1106f853 fmul.s           f16, f13, f16       f16=xxxxxxxx f13:3feca445 f16:4119bfd4
18456812ns          324047 1c0086ec 000ea303 lw               x6, 0(x29)           x6=409ce028 x29:100017d8  PA:100017d8
18456832ns          324048 1c0086f0 02878793 addi             x15, x15, 40        x15=1c010b10 x15:1c010ae8
18456852ns          324049 1c0086f4 88787843 fmadd.s          f16, f16, f7, f17   f16=xxxxxxxx f16:418e1f80  f7:40c7feba f17:43acb35e
18456872ns          324050 1c0086f8 80e37843 fmadd.s          f16, f6, f14, f16   f16=xxxxxxxx  f6:409ce028 f14:411d91fb f16:43e43752
18456892ns          324051 1c0086fc 030ea42b p.sw             x16, 40(x29!)       x29=10001800 x16:43fc5b0d x29:100017d8  PA:100017d8
18456912ns          324052 1c008700 00460613 addi             x12, x12, 4         x12=10001674 x12:10001670
18456932ns          324053 1c008702 00450513 addi             x10, x10, 4         x10=1c010fdc x10:1c010fd8
18456971ns          324055 1c008632 40b28e33 sub              x28, x5, x11        x28=00000190  x5:1c010b10 x11:1c010980
18456991ns          324056 1c008636 fd8e0e13 addi             x28, x28, -40       x28=00000168 x28:00000190
18457011ns          324057 1c00863a 0cccd7b7 lui              x15, 0xcccd000      x15=0cccd000
18457031ns          324058 1c00863e ccd78793 addi             x15, x15, -819      x15=0ccccccd x15:0cccd000
18457051ns          324059 1c008642 003e5e13 srli             x28, x28, 0x3       x28=0000002d x28:00000168
18457071ns          324060 1c008646 02fe0e33 mul              x28, x28, x15       x28=40000009 x28:0000002d x15:0ccccccd
18457091ns          324061 1c00864a c5de3e33 p.bclr           x28, x28, 2, 29     x28=00000009 x28:40000009
18457111ns          324062 1c00864e 00b007b3 add              x15, x0, x11        x15=1c010980 x11:1c010980
18457131ns          324063 1c008650 00c00eb3 add              x29, x0, x12        x29=10001674 x12:10001674
18457150ns          324064 1c008652 001e0e13 addi             x28, x28, 1         x28=0000000a x28:00000009
18457170ns          324065 1c008654 054e40fb lp.setup         0x1, x28, 0x54      x28:0000000a
18457190ns          324066 1c008658 00052803 lw               x16, 0(x10)         x16=40eadf53 x10:1c010fdc  PA:1c010fdc
18457489ns          324081 1c00865c 0007a883 lw               x17, 0(x15)         x17=4052e826 x15:1c010980  PA:1c010980
18457787ns          324096 1c008660 1106f853 fmul.s           f16, f13, f16       f16=xxxxxxxx f13:3feca445 f16:40eadf53
18457807ns          324097 1c008664 02852303 lw               x6, 40(x10)          x6=3ee06d24 x10:1c010fdc  PA:1c011004
18458105ns          324112 1c008668 0047a383 lw               x7, 4(x15)           x7=3e594d74 x15:1c010980  PA:1c010984
18458404ns          324127 1c00866c f1187843 fmadd.s          f16, f16, f17, f30  f16=xxxxxxxx f16:41591c97 f17:4052e826 f30:00000000
18458423ns          324128 1c008670 1066f353 fmul.s           f6, f13, f6          f6=xxxxxxxx f13:3feca445  f6:3ee06d24
18458443ns          324129 1c008674 05052883 lw               x17, 80(x10)        x17=4113661b x10:1c010fdc  PA:1c01102c
18458742ns          324144 1c008678 0087a403 lw               x8, 8(x15)           x8=410a346e x15:1c010980  PA:1c010988
18459040ns          324159 1c00867a 80737343 fmadd.s          f6, f6, f7, f16      f6=xxxxxxxx  f6:3f4f74a0  f7:3e594d74 f16:4232de56
18459060ns          324160 1c00867e 1116f8d3 fmul.s           f17, f13, f17       f17=xxxxxxxx f13:3feca445 f17:4113661b
18459080ns          324161 1c008682 07852803 lw               x16, 120(x10)       x16=40a66b93 x10:1c010fdc  PA:1c011054
18459378ns          324176 1c008686 00c7a383 lw               x7, 12(x15)          x7=3fdcbabb x15:1c010980  PA:1c01098c
18459677ns          324191 1c00868a 3088f8c3 fmadd.s          f17, f17, f8, f6    f17=xxxxxxxx f17:418840b6  f8:410a346e  f6:42338e6f
18459696ns          324192 1c00868e 1106f853 fmul.s           f16, f13, f16       f16=xxxxxxxx f13:3feca445 f16:40a66b93
18459716ns          324193 1c008692 0a052303 lw               x6, 160(x10)         x6=3f702860 x10:1c010fdc  PA:1c01107c
18460015ns          324208 1c008696 0107a403 lw               x8, 16(x15)          x8=403131d8 x15:1c010980  PA:1c010990
18460313ns          324223 1c008698 88787843 fmadd.s          f16, f16, f7, f17   f16=xxxxxxxx f16:4119d5f5  f7:3fdcbabb f17:4340012f
18460333ns          324224 1c00869c 1066f353 fmul.s           f6, f13, f6          f6=xxxxxxxx f13:3feca445  f6:3f702860
18460353ns          324225 1c0086a0 0c852883 lw               x17, 200(x10)       x17=403bb196 x10:1c010fdc  PA:1c0110a4
18460651ns          324240 1c0086a4 0147a383 lw               x7, 20(x15)          x7=40b905da x15:1c010980  PA:1c010994
18460950ns          324255 1c0086a8 80837343 fmadd.s          f6, f6, f8, f16      f6=xxxxxxxx  f6:3fddff53  f8:403131d8 f16:435095b2
18460969ns          324256 1c0086ac 1116f8d3 fmul.s           f17, f13, f17       f17=xxxxxxxx f13:3feca445 f17:403bb196
18460989ns          324257 1c0086b0 0f052803 lw               x16, 240(x10)       x16=3e4f761c x10:1c010fdc  PA:1c0110cc
18461288ns          324272 1c0086b4 0187a403 lw               x8, 24(x15)          x8=3f3f71e4 x15:1c010980  PA:1c010998
18461586ns          324287 1c0086b6 3078f8c3 fmadd.s          f17, f17, f7, f6    f17=xxxxxxxx f17:40ad8027  f7:40b905da  f6:435562f8
18461606ns          324288 1c0086ba 1106f853 fmul.s           f16, f13, f16       f16=xxxxxxxx f13:3feca445 f16:3e4f761c
18461626ns          324289 1c0086be 11852303 lw               x6, 280(x10)         x6=402dc8fe x10:1c010fdc  PA:1c0110f4
18461924ns          324304 1c0086c2 01c7a383 lw               x7, 28(x15)          x7=40b21fda x15:1c010980  PA:1c01099c
18462242ns          324320 1c0086c6 88887843 fmadd.s          f16, f16, f8, f17   f16=xxxxxxxx f16:3ebfc601  f8:3f3f71e4 f17:4374bc5d
18462262ns          324321 1c0086ca 1066f353 fmul.s           f6, f13, f6          f6=xxxxxxxx f13:3feca445  f6:402dc8fe
18462282ns          324322 1c0086ce 14052883 lw               x17, 320(x10)       x17=3f92b596 x10:1c010fdc  PA:1c01111c
18462581ns          324337 1c0086d2 0207a403 lw               x8, 32(x15)          x8=404c67dc x15:1c010980  PA:1c0109a0
18462879ns          324352 1c0086d4 80737343 fmadd.s          f6, f6, f7, f16      f6=xxxxxxxx  f6:40a0a4ce  f7:40b21fda f16:43750412
18462899ns          324353 1c0086d8 1116f8d3 fmul.s           f17, f13, f17       f17=xxxxxxxx f13:3feca445 f17:3f92b596
18462919ns          324354 1c0086dc 16852803 lw               x16, 360(x10)       x16=402efbec x10:1c010fdc  PA:1c011144
18463217ns          324369 1c0086e0 0247a383 lw               x7, 36(x15)          x7=3f63643c x15:1c010980  PA:1c0109a4
18463535ns          324385 1c0086e4 3088f8c3 fmadd.s          f17, f17, f8, f6    f17=xxxxxxxx f17:40079d8a  f8:404c67dc  f6:43887adb
18463555ns          324386 1c0086e8 1106f853 fmul.s           f16, f13, f16       f16=xxxxxxxx f13:3feca445 f16:402efbec
18463575ns          324387 1c0086ec 000ea303 lw               x6, 0(x29)           x6=40c705a8 x29:10001674  PA:10001674
18463595ns          324388 1c0086f0 02878793 addi             x15, x15, 40        x15=1c0109a8 x15:1c010980
18463615ns          324389 1c0086f4 88787843 fmadd.s          f16, f16, f7, f17   f16=xxxxxxxx f16:40a1c086  f7:3f63643c f17:438bdd1f
18463635ns          324390 1c0086f8 80e37843 fmadd.s          f16, f6, f14, f16   f16=xxxxxxxx  f6:40c705a8 f14:411d91fb f16:438e1bd3
18463655ns          324391 1c0086fc 030ea42b p.sw             x16, 40(x29!)       x29=1000169c x16:43acbbd0 x29:10001674  PA:10001674
18463675ns          324392 1c008658 00052803 lw               x16, 0(x10)         x16=40eadf53 x10:1c010fdc  PA:1c010fdc
18463973ns          324407 1c00865c 0007a883 lw               x17, 0(x15)         x17=410caf4f x15:1c0109a8  PA:1c0109a8
18464271ns          324422 1c008660 1106f853 fmul.s           f16, f13, f16       f16=xxxxxxxx f13:3feca445 f16:40eadf53
18464291ns          324423 1c008664 02852303 lw               x6, 40(x10)          x6=3ee06d24 x10:1c010fdc  PA:1c011004
18464590ns          324438 1c008668 0047a383 lw               x7, 4(x15)           x7=41176372 x15:1c0109a8  PA:1c0109ac
18464908ns          324454 1c00866c f1187843 fmadd.s          f16, f16, f17, f30  f16=xxxxxxxx f16:41591c97 f17:410caf4f f30:00000000
18464928ns          324455 1c008670 1066f353 fmul.s           f6, f13, f6          f6=xxxxxxxx f13:3feca445  f6:3ee06d24
18464948ns          324456 1c008674 05052883 lw               x17, 80(x10)        x17=4113661b x10:1c010fdc  PA:1c01102c
18465246ns          324471 1c008678 0087a403 lw               x8, 8(x15)           x8=409cf1d2 x15:1c0109a8  PA:1c0109b0
18465544ns          324486 1c00867a 80737343 fmadd.s          f6, f6, f7, f16      f6=xxxxxxxx  f6:3f4f74a0  f7:41176372 f16:42eea0a0
18465564ns          324487 1c00867e 1116f8d3 fmul.s           f17, f13, f17       f17=xxxxxxxx f13:3feca445 f17:4113661b
18465584ns          324488 1c008682 07852803 lw               x16, 120(x10)       x16=40a66b93 x10:1c010fdc  PA:1c011054
18465882ns          324503 1c008686 00c7a383 lw               x7, 12(x15)          x7=410ddd2e x15:1c0109a8  PA:1c0109b4
18466201ns          324519 1c00868a 3088f8c3 fmadd.s          f17, f17, f8, f6    f17=xxxxxxxx f17:418840b6  f8:409cf1d2  f6:42fdf66c
18466221ns          324520 1c00868e 1106f853 fmul.s           f16, f13, f16       f16=xxxxxxxx f13:3feca445 f16:40a66b93
18466241ns          324521 1c008692 0a052303 lw               x6, 160(x10)         x6=3f702860 x10:1c010fdc  PA:1c01107c
18466539ns          324536 1c008696 0107a403 lw               x8, 16(x15)          x8=3fd37db8 x15:1c0109a8  PA:1c0109b8
18466837ns          324551 1c008698 88787843 fmadd.s          f16, f16, f7, f17   f16=xxxxxxxx f16:4119d5f5  f7:410ddd2e f17:4352835a
18466857ns          324552 1c00869c 1066f353 fmul.s           f6, f13, f6          f6=xxxxxxxx f13:3feca445  f6:3f702860
18466877ns          324553 1c0086a0 0c852883 lw               x17, 200(x10)       x17=403bb196 x10:1c010fdc  PA:1c0110a4
18467175ns          324568 1c0086a4 0147a383 lw               x7, 20(x15)          x7=404b6f19 x15:1c0109a8  PA:1c0109bc
18467494ns          324584 1c0086a8 80837343 fmadd.s          f6, f6, f8, f16      f6=xxxxxxxx  f6:3fddff53  f8:3fd37db8 f16:4393e18e
18467514ns          324585 1c0086ac 1116f8d3 fmul.s           f17, f13, f17       f17=xxxxxxxx f13:3feca445 f17:403bb196
18467533ns          324586 1c0086b0 0f052803 lw               x16, 240(x10)       x16=3e4f761c x10:1c010fdc  PA:1c0110cc
18467832ns          324601 1c0086b4 0187a403 lw               x8, 24(x15)          x8=40c05806 x15:1c0109a8  PA:1c0109c0
18468130ns          324616 1c0086b6 3078f8c3 fmadd.s          f17, f17, f7, f6    f17=xxxxxxxx f17:40ad8027  f7:404b6f19  f6:4395505b
18468150ns          324617 1c0086ba 1106f853 fmul.s           f16, f13, f16       f16=xxxxxxxx f13:3feca445 f16:3e4f761c
18468170ns          324618 1c0086be 11852303 lw               x6, 280(x10)         x6=402dc8fe x10:1c010fdc  PA:1c0110f4
18468468ns          324633 1c0086c2 01c7a383 lw               x7, 28(x15)          x7=411fcb27 x15:1c0109a8  PA:1c0109c4
18468787ns          324649 1c0086c6 88887843 fmadd.s          f16, f16, f8, f17   f16=xxxxxxxx f16:3ebfc601  f8:40c05806 f17:439dee5a
18468806ns          324650 1c0086ca 1066f353 fmul.s           f6, f13, f6          f6=xxxxxxxx f13:3feca445  f6:402dc8fe
18468826ns          324651 1c0086ce 14052883 lw               x17, 320(x10)       x17=3f92b596 x10:1c010fdc  PA:1c01111c
18469125ns          324666 1c0086d2 0207a403 lw               x8, 32(x15)          x8=409b827a x15:1c0109a8  PA:1c0109c8
18469423ns          324681 1c0086d4 80737343 fmadd.s          f6, f6, f7, f16      f6=xxxxxxxx  f6:40a0a4ce  f7:411fcb27 f16:439f0e87
18469443ns          324682 1c0086d8 1116f8d3 fmul.s           f17, f13, f17       f17=xxxxxxxx f13:3feca445 f17:3f92b596
18469463ns          324683 1c0086dc 16852803 lw               x16, 360(x10)       x16=402efbec x10:1c010fdc  PA:1c011144
18469761ns          324698 1c0086e0 0247a383 lw               x7, 36(x15)          x7=40fbbc63 x15:1c0109a8  PA:1c0109cc
18470060ns          324713 1c0086e4 3088f8c3 fmadd.s          f17, f17, f8, f6    f17=xxxxxxxx f17:40079d8a  f8:409b827a  f6:43b81ffd
18470079ns          324714 1c0086e8 1106f853 fmul.s           f16, f13, f16       f16=xxxxxxxx f13:3feca445 f16:402efbec
18470099ns          324715 1c0086ec 000ea303 lw               x6, 0(x29)           x6=3efca0c6 x29:1000169c  PA:1000169c
18470119ns          324716 1c0086f0 02878793 addi             x15, x15, 40        x15=1c0109d0 x15:1c0109a8
18470139ns          324717 1c0086f4 88787843 fmadd.s          f16, f16, f7, f17   f16=xxxxxxxx f16:40a1c086  f7:40fbbc63 f17:43bd4615
18470159ns          324718 1c0086f8 80e37843 fmadd.s          f16, f6, f14, f16   f16=xxxxxxxx  f6:3efca0c6 f14:411d91fb f16:43d127ee
18470179ns          324719 1c0086fc 030ea42b p.sw             x16, 40(x29!)       x29=100016c4 x16:43d395e9 x29:1000169c  PA:1000169c
18470199ns          324720 1c008658 00052803 lw               x16, 0(x10)         x16=40eadf53 x10:1c010fdc  PA:1c010fdc
18470497ns          324735 1c00865c 0007a883 lw               x17, 0(x15)         x17=3fe434c6 x15:1c0109d0  PA:1c0109d0
18470796ns          324750 1c008660 1106f853 fmul.s           f16, f13, f16       f16=xxxxxxxx f13:3feca445 f16:40eadf53
18470815ns          324751 1c008664 02852303 lw               x6, 40(x10)          x6=3ee06d24 x10:1c010fdc  PA:1c011004
18471114ns          324766 1c008668 0047a383 lw               x7, 4(x15)           x7=3ea9eacd x15:1c0109d0  PA:1c0109d4
18471412ns          324781 1c00866c f1187843 fmadd.s          f16, f16, f17, f30  f16=xxxxxxxx f16:41591c97 f17:3fe434c6 f30:00000000
18471432ns          324782 1c008670 1066f353 fmul.s           f6, f13, f6          f6=xxxxxxxx f13:3feca445  f6:3ee06d24
18471452ns          324783 1c008674 05052883 lw               x17, 80(x10)        x17=4113661b x10:1c010fdc  PA:1c01102c
18471750ns          324798 1c008678 0087a403 lw               x8, 8(x15)           x8=40d2ef84 x15:1c0109d0  PA:1c0109d8
18472049ns          324813 1c00867a 80737343 fmadd.s          f6, f6, f7, f16      f6=xxxxxxxx  f6:3f4f74a0  f7:3ea9eacd f16:41c18a38
18472069ns          324814 1c00867e 1116f8d3 fmul.s           f17, f13, f17       f17=xxxxxxxx f13:3feca445 f17:4113661b
18472088ns          324815 1c008682 07852803 lw               x16, 120(x10)       x16=40a66b93 x10:1c010fdc  PA:1c011054
18472387ns          324830 1c008686 00c7a383 lw               x7, 12(x15)          x7=40e0a6ee x15:1c0109d0  PA:1c0109dc
18472685ns          324845 1c00868a 3088f8c3 fmadd.s          f17, f17, f8, f6    f17=xxxxxxxx f17:418840b6  f8:40d2ef84  f6:41c3b101
18472705ns          324846 1c00868e 1106f853 fmul.s           f16, f13, f16       f16=xxxxxxxx f13:3feca445 f16:40a66b93
18472725ns          324847 1c008692 0a052303 lw               x6, 160(x10)         x6=3f702860 x10:1c010fdc  PA:1c01107c
18473023ns          324862 1c008696 0107a403 lw               x8, 16(x15)          x8=410949c7 x15:1c0109d0  PA:1c0109e0
18473322ns          324877 1c008698 88787843 fmadd.s          f16, f16, f7, f17   f16=xxxxxxxx f16:4119d5f5  f7:40e0a6ee f17:4308bab0
18473342ns          324878 1c00869c 1066f353 fmul.s           f6, f13, f6          f6=xxxxxxxx f13:3feca445  f6:3f702860
18473361ns          324879 1c0086a0 0c852883 lw               x17, 200(x10)       x17=403bb196 x10:1c010fdc  PA:1c0110a4
18473660ns          324894 1c0086a4 0147a383 lw               x7, 20(x15)          x7=40fc045f x15:1c0109d0  PA:1c0109e4
18473958ns          324909 1c0086a8 80837343 fmadd.s          f6, f6, f8, f16      f6=xxxxxxxx  f6:3fddff53  f8:410949c7 f16:434c3a73
18473978ns          324910 1c0086ac 1116f8d3 fmul.s           f17, f13, f17       f17=xxxxxxxx f13:3feca445 f17:403bb196
18473998ns          324911 1c0086b0 0f052803 lw               x16, 240(x10)       x16=3e4f761c x10:1c010fdc  PA:1c0110cc
18474296ns          324926 1c0086b4 0187a403 lw               x8, 24(x15)          x8=4075e4ea x15:1c0109d0  PA:1c0109e8
18474595ns          324941 1c0086b6 3078f8c3 fmadd.s          f17, f17, f7, f6    f17=xxxxxxxx f17:40ad8027  f7:40fc045f  f6:435b1c27
18474615ns          324942 1c0086ba 1106f853 fmul.s           f16, f13, f16       f16=xxxxxxxx f13:3feca445 f16:3e4f761c
18474634ns          324943 1c0086be 11852303 lw               x6, 280(x10)         x6=402dc8fe x10:1c010fdc  PA:1c0110f4
18474933ns          324958 1c0086c2 01c7a383 lw               x7, 28(x15)          x7=40951ac2 x15:1c0109d0  PA:1c0109ec
18475231ns          324973 1c0086c6 88887843 fmadd.s          f16, f16, f8, f17   f16=xxxxxxxx f16:3ebfc601  f8:4075e4ea f17:4382e7b7
18475251ns          324974 1c0086ca 1066f353 fmul.s           f6, f13, f6          f6=xxxxxxxx f13:3feca445  f6:402dc8fe
18475271ns          324975 1c0086ce 14052883 lw               x17, 320(x10)       x17=3f92b596 x10:1c010fdc  PA:1c01111c
18475569ns          324990 1c0086d2 0207a403 lw               x8, 32(x15)          x8=3fd3f108 x15:1c0109d0  PA:1c0109f0
18475868ns          325005 1c0086d4 80737343 fmadd.s          f6, f6, f7, f16      f6=xxxxxxxx  f6:40a0a4ce  f7:40951ac2 f16:43839feb
18475888ns          325006 1c0086d8 1116f8d3 fmul.s           f17, f13, f17       f17=xxxxxxxx f13:3feca445 f17:3f92b596
18475907ns          325007 1c0086dc 16852803 lw               x16, 360(x10)       x16=402efbec x10:1c010fdc  PA:1c011144
18476206ns          325022 1c0086e0 0247a383 lw               x7, 36(x15)          x7=3fdb9aaa x15:1c0109d0  PA:1c0109f4
18476504ns          325037 1c0086e4 3088f8c3 fmadd.s          f17, f17, f8, f6    f17=xxxxxxxx f17:40079d8a  f8:3fd3f108  f6:438f5202
18476524ns          325038 1c0086e8 1106f853 fmul.s           f16, f13, f16       f16=xxxxxxxx f13:3feca445 f16:402efbec
18476544ns          325039 1c0086ec 000ea303 lw               x6, 0(x29)           x6=408af61d x29:100016c4  PA:100016c4
18476564ns          325040 1c0086f0 02878793 addi             x15, x15, 40        x15=1c0109f8 x15:1c0109d0
18476584ns          325041 1c0086f4 88787843 fmadd.s          f16, f16, f7, f17   f16=xxxxxxxx f16:40a1c086  f7:3fdb9aaa f17:4391131c
18476604ns          325042 1c0086f8 80e37843 fmadd.s          f16, f6, f14, f16   f16=xxxxxxxx  f6:408af61d f14:411d91fb f16:43956927
18476623ns          325043 1c0086fc 030ea42b p.sw             x16, 40(x29!)       x29=100016ec x16:43aacb32 x29:100016c4  PA:100016c4
18476643ns          325044 1c008658 00052803 lw               x16, 0(x10)         x16=40eadf53 x10:1c010fdc  PA:1c010fdc
18476942ns          325059 1c00865c 0007a883 lw               x17, 0(x15)         x17=40f724db x15:1c0109f8  PA:1c0109f8
18477260ns          325075 1c008660 1106f853 fmul.s           f16, f13, f16       f16=xxxxxxxx f13:3feca445 f16:40eadf53
18477280ns          325076 1c008664 02852303 lw               x6, 40(x10)          x6=3ee06d24 x10:1c010fdc  PA:1c011004
18477578ns          325091 1c008668 0047a383 lw               x7, 4(x15)           x7=411ba4c3 x15:1c0109f8  PA:1c0109fc
18477877ns          325106 1c00866c f1187843 fmadd.s          f16, f16, f17, f30  f16=xxxxxxxx f16:41591c97 f17:40f724db f30:00000000
18477897ns          325107 1c008670 1066f353 fmul.s           f6, f13, f6          f6=xxxxxxxx f13:3feca445  f6:3ee06d24
18477916ns          325108 1c008674 05052883 lw               x17, 80(x10)        x17=4113661b x10:1c010fdc  PA:1c01102c
18478235ns          325124 1c008678 0087a403 lw               x8, 8(x15)           x8=411378f2 x15:1c0109f8  PA:1c010a00
18478533ns          325139 1c00867a 80737343 fmadd.s          f6, f6, f7, f16      f6=xxxxxxxx  f6:3f4f74a0  f7:411ba4c3 f16:42d199d7
18478553ns          325140 1c00867e 1116f8d3 fmul.s           f17, f13, f17       f17=xxxxxxxx f13:3feca445 f17:4113661b
18478573ns          325141 1c008682 07852803 lw               x16, 120(x10)       x16=40a66b93 x10:1c010fdc  PA:1c011054
18478871ns          325156 1c008686 00c7a383 lw               x7, 12(x15)          x7=408ce3e2 x15:1c0109f8  PA:1c010a04
18479170ns          325171 1c00868a 3088f8c3 fmadd.s          f17, f17, f8, f6    f17=xxxxxxxx f17:418840b6  f8:411378f2  f6:42e15dfb
18479189ns          325172 1c00868e 1106f853 fmul.s           f16, f13, f16       f16=xxxxxxxx f13:3feca445 f16:40a66b93
18479209ns          325173 1c008692 0a052303 lw               x6, 160(x10)         x6=3f702860 x10:1c010fdc  PA:1c01107c
18479528ns          325189 1c008696 0107a403 lw               x8, 16(x15)          x8=3f897409 x15:1c0109f8  PA:1c010a08
18479826ns          325204 1c008698 88787843 fmadd.s          f16, f16, f7, f17   f16=xxxxxxxx f16:4119d5f5  f7:408ce3e2 f17:4386d506
18479846ns          325205 1c00869c 1066f353 fmul.s           f6, f13, f6          f6=xxxxxxxx f13:3feca445  f6:3f702860
18479866ns          325206 1c0086a0 0c852883 lw               x17, 200(x10)       x17=403bb196 x10:1c010fdc  PA:1c0110a4
18480164ns          325221 1c0086a4 0147a383 lw               x7, 20(x15)          x7=4086046f x15:1c0109f8  PA:1c010a0c
18480462ns          325236 1c0086a8 80837343 fmadd.s          f6, f6, f8, f16      f6=xxxxxxxx  f6:3fddff53  f8:3f897409 f16:439bff83
18480482ns          325237 1c0086ac 1116f8d3 fmul.s           f17, f13, f17       f17=xxxxxxxx f13:3feca445 f17:403bb196
18480502ns          325238 1c0086b0 0f052803 lw               x16, 240(x10)       x16=3e4f761c x10:1c010fdc  PA:1c0110cc
18480820ns          325254 1c0086b4 0187a403 lw               x8, 24(x15)          x8=40fb0608 x15:1c0109f8  PA:1c010a10
18481119ns          325269 1c0086b6 3078f8c3 fmadd.s          f17, f17, f7, f6    f17=xxxxxxxx f17:40ad8027  f7:4086046f  f6:439cede8
18481139ns          325270 1c0086ba 1106f853 fmul.s           f16, f13, f16       f16=xxxxxxxx f13:3feca445 f16:3e4f761c
18481159ns          325271 1c0086be 11852303 lw               x6, 280(x10)         x6=402dc8fe x10:1c010fdc  PA:1c0110f4
18481457ns          325286 1c0086c2 01c7a383 lw               x7, 28(x15)          x7=40af8cda x15:1c0109f8  PA:1c010a14
18481755ns          325301 1c0086c6 88887843 fmadd.s          f16, f16, f8, f17   f16=xxxxxxxx f16:3ebfc601  f8:40fb0608 f17:43a8486b
18481775ns          325302 1c0086ca 1066f353 fmul.s           f6, f13, f6          f6=xxxxxxxx f13:3feca445  f6:402dc8fe
18481795ns          325303 1c0086ce 14052883 lw               x17, 320(x10)       x17=3f92b596 x10:1c010fdc  PA:1c01111c
18482113ns          325319 1c0086d2 0207a403 lw               x8, 32(x15)          x8=4103c68f x15:1c0109f8  PA:1c010a18
18482412ns          325334 1c0086d4 80737343 fmadd.s          f6, f6, f7, f16      f6=xxxxxxxx  f6:40a0a4ce  f7:40af8cda f16:43a9c082
18482432ns          325335 1c0086d8 1116f8d3 fmul.s           f17, f13, f17       f17=xxxxxxxx f13:3feca445 f17:3f92b596
18482451ns          325336 1c0086dc 16852803 lw               x16, 360(x10)       x16=402efbec x10:1c010fdc  PA:1c011144
18482750ns          325351 1c0086e0 0247a383 lw               x7, 36(x15)          x7=3fe22155 x15:1c0109f8  PA:1c010a1c
18483048ns          325366 1c0086e4 3088f8c3 fmadd.s          f17, f17, f8, f6    f17=xxxxxxxx f17:40079d8a  f8:4103c68f  f6:43b785a3
18483068ns          325367 1c0086e8 1106f853 fmul.s           f16, f13, f16       f16=xxxxxxxx f13:3feca445 f16:402efbec
18483088ns          325368 1c0086ec 000ea303 lw               x6, 0(x29)           x6=41167c68 x29:100016ec  PA:100016ec
18483108ns          325369 1c0086f0 02878793 addi             x15, x15, 40        x15=1c010a20 x15:1c0109f8
18483128ns          325370 1c0086f4 88787843 fmadd.s          f16, f16, f7, f17   f16=xxxxxxxx f16:40a1c086  f7:3fe22155 f17:43c03f7d
18483148ns          325371 1c0086f8 80e37843 fmadd.s          f16, f6, f14, f16   f16=xxxxxxxx  f6:41167c68 f14:411d91fb f16:43c4b685
18483168ns          325372 1c0086fc 030ea42b p.sw             x16, 40(x29!)       x29=10001714 x16:43f30693 x29:100016ec  PA:100016ec
18483187ns          325373 1c008658 00052803 lw               x16, 0(x10)         x16=40eadf53 x10:1c010fdc  PA:1c010fdc
18483506ns          325389 1c00865c 0007a883 lw               x17, 0(x15)         x17=40f0265f x15:1c010a20  PA:1c010a20
18483804ns          325404 1c008660 1106f853 fmul.s           f16, f13, f16       f16=xxxxxxxx f13:3feca445 f16:40eadf53
18483824ns          325405 1c008664 02852303 lw               x6, 40(x10)          x6=3ee06d24 x10:1c010fdc  PA:1c011004
18484122ns          325420 1c008668 0047a383 lw               x7, 4(x15)           x7=41013d49 x15:1c010a20  PA:1c010a24
18484421ns          325435 1c00866c f1187843 fmadd.s          f16, f16, f17, f30  f16=xxxxxxxx f16:41591c97 f17:40f0265f f30:00000000
18484441ns          325436 1c008670 1066f353 fmul.s           f6, f13, f6          f6=xxxxxxxx f13:3feca445  f6:3ee06d24
18484460ns          325437 1c008674 05052883 lw               x17, 80(x10)        x17=4113661b x10:1c010fdc  PA:1c01102c
18484779ns          325453 1c008678 0087a403 lw               x8, 8(x15)           x8=410d16c3 x15:1c010a20  PA:1c010a28
18485077ns          325468 1c00867a 80737343 fmadd.s          f6, f6, f7, f16      f6=xxxxxxxx  f6:3f4f74a0  f7:41013d49 f16:42cbab58
18485097ns          325469 1c00867e 1116f8d3 fmul.s           f17, f13, f17       f17=xxxxxxxx f13:3feca445 f17:4113661b
18485117ns          325470 1c008682 07852803 lw               x16, 120(x10)       x16=40a66b93 x10:1c010fdc  PA:1c011054
18485415ns          325485 1c008686 00c7a383 lw               x7, 12(x15)          x7=3e34584b x15:1c010a20  PA:1c010a2c
18485714ns          325500 1c00868a 3088f8c3 fmadd.s          f17, f17, f8, f6    f17=xxxxxxxx f17:418840b6  f8:410d16c3  f6:42d8c2c6
18485733ns          325501 1c00868e 1106f853 fmul.s           f16, f13, f16       f16=xxxxxxxx f13:3feca445 f16:40a66b93
18485753ns          325502 1c008692 0a052303 lw               x6, 160(x10)         x6=3f702860 x10:1c010fdc  PA:1c01107c
18486052ns          325517 1c008696 0107a403 lw               x8, 16(x15)          x8=3f506ce1 x15:1c010a20  PA:1c010a30
18486350ns          325532 1c008698 88787843 fmadd.s          f16, f16, f7, f17   f16=xxxxxxxx f16:4119d5f5  f7:3e34584b f17:43814873
18486370ns          325533 1c00869c 1066f353 fmul.s           f6, f13, f6          f6=xxxxxxxx f13:3feca445  f6:3f702860
18486390ns          325534 1c0086a0 0c852883 lw               x17, 200(x10)       x17=403bb196 x10:1c010fdc  PA:1c0110a4
18486688ns          325549 1c0086a4 0147a383 lw               x7, 20(x15)          x7=3e040bf5 x15:1c010a20  PA:1c010a34
18486987ns          325564 1c0086a8 80837343 fmadd.s          f6, f6, f8, f16      f6=xxxxxxxx  f6:3fddff53  f8:3f506ce1 f16:43822132
18487006ns          325565 1c0086ac 1116f8d3 fmul.s           f17, f13, f17       f17=xxxxxxxx f13:3feca445 f17:403bb196
18487026ns          325566 1c0086b0 0f052803 lw               x16, 240(x10)       x16=3e4f761c x10:1c010fdc  PA:1c0110cc
18487325ns          325581 1c0086b4 0187a403 lw               x8, 24(x15)          x8=40fe5cb5 x15:1c010a20  PA:1c010a38
18487623ns          325596 1c0086b6 3078f8c3 fmadd.s          f17, f17, f7, f6    f17=xxxxxxxx f17:40ad8027  f7:3e040bf5  f6:4382d5f0
18487643ns          325597 1c0086ba 1106f853 fmul.s           f16, f13, f16       f16=xxxxxxxx f13:3feca445 f16:3e4f761c
18487663ns          325598 1c0086be 11852303 lw               x6, 280(x10)         x6=402dc8fe x10:1c010fdc  PA:1c0110f4
18487961ns          325613 1c0086c2 01c7a383 lw               x7, 28(x15)          x7=40a2573d x15:1c010a20  PA:1c010a3c
18488260ns          325628 1c0086c6 88887843 fmadd.s          f16, f16, f8, f17   f16=xxxxxxxx f16:3ebfc601  f8:40fe5cb5 f17:43832f6e
18488279ns          325629 1c0086ca 1066f353 fmul.s           f6, f13, f6          f6=xxxxxxxx f13:3feca445  f6:402dc8fe
18488299ns          325630 1c0086ce 14052883 lw               x17, 320(x10)       x17=3f92b596 x10:1c010fdc  PA:1c01111c
18488598ns          325645 1c0086d2 0207a403 lw               x8, 32(x15)          x8=408592b1 x15:1c010a20  PA:1c010a40
18488896ns          325660 1c0086d4 80737343 fmadd.s          f6, f6, f7, f16      f6=xxxxxxxx  f6:40a0a4ce  f7:40a2573d f16:4384ac86
18488916ns          325661 1c0086d8 1116f8d3 fmul.s           f17, f13, f17       f17=xxxxxxxx f13:3feca445 f17:3f92b596
18488936ns          325662 1c0086dc 16852803 lw               x16, 360(x10)       x16=402efbec x10:1c010fdc  PA:1c011144
18489234ns          325677 1c0086e0 0247a383 lw               x7, 36(x15)          x7=411ba146 x15:1c010a20  PA:1c010a44
18489533ns          325692 1c0086e4 3088f8c3 fmadd.s          f17, f17, f8, f6    f17=xxxxxxxx f17:40079d8a  f8:408592b1  f6:43916867
18489552ns          325693 1c0086e8 1106f853 fmul.s           f16, f13, f16       f16=xxxxxxxx f13:3feca445 f16:402efbec
18489572ns          325694 1c0086ec 000ea303 lw               x6, 0(x29)           x6=41168f26 x29:10001714  PA:10001714
18489592ns          325695 1c0086f0 02878793 addi             x15, x15, 40        x15=1c010a48 x15:1c010a20
18489612ns          325696 1c0086f4 88787843 fmadd.s          f16, f16, f7, f17   f16=xxxxxxxx f16:40a1c086  f7:411ba146 f17:4395d490
18489632ns          325697 1c0086f8 80e37843 fmadd.s          f16, f6, f14, f16   f16=xxxxxxxx  f6:41168f26 f14:411d91fb f16:43ae69ee
18489652ns          325698 1c0086fc 030ea42b p.sw             x16, 40(x29!)       x29=1000173c x16:43dcbfc1 x29:10001714  PA:10001714
18489672ns          325699 1c008658 00052803 lw               x16, 0(x10)         x16=40eadf53 x10:1c010fdc  PA:1c010fdc
18489970ns          325714 1c00865c 0007a883 lw               x17, 0(x15)         x17=4078e623 x15:1c010a48  PA:1c010a48
18490269ns          325729 1c008660 1106f853 fmul.s           f16, f13, f16       f16=xxxxxxxx f13:3feca445 f16:40eadf53
18490288ns          325730 1c008664 02852303 lw               x6, 40(x10)          x6=3ee06d24 x10:1c010fdc  PA:1c011004
18490587ns          325745 1c008668 0047a383 lw               x7, 4(x15)           x7=411e469f x15:1c010a48  PA:1c010a4c
18490885ns          325760 1c00866c f1187843 fmadd.s          f16, f16, f17, f30  f16=xxxxxxxx f16:41591c97 f17:4078e623 f30:00000000
18490905ns          325761 1c008670 1066f353 fmul.s           f6, f13, f6          f6=xxxxxxxx f13:3feca445  f6:3ee06d24
18490925ns          325762 1c008674 05052883 lw               x17, 80(x10)        x17=4113661b x10:1c010fdc  PA:1c01102c
18491223ns          325777 1c008678 0087a403 lw               x8, 8(x15)           x8=4048d101 x15:1c010a48  PA:1c010a50
18491542ns          325793 1c00867a 80737343 fmadd.s          f6, f6, f7, f16      f6=xxxxxxxx  f6:3f4f74a0  f7:411e469f f16:425316e0
18491561ns          325794 1c00867e 1116f8d3 fmul.s           f17, f13, f17       f17=xxxxxxxx f13:3feca445 f17:4113661b
18491581ns          325795 1c008682 07852803 lw               x16, 120(x10)       x16=40a66b93 x10:1c010fdc  PA:1c011054
18491880ns          325810 1c008686 00c7a383 lw               x7, 12(x15)          x7=3d5f1afd x15:1c010a48  PA:1c010a54
18492178ns          325825 1c00868a 3088f8c3 fmadd.s          f17, f17, f8, f6    f17=xxxxxxxx f17:418840b6  f8:4048d101  f6:427327ad
18492198ns          325826 1c00868e 1106f853 fmul.s           f16, f13, f16       f16=xxxxxxxx f13:3feca445 f16:40a66b93
18492218ns          325827 1c008692 0a052303 lw               x6, 160(x10)         x6=3f702860 x10:1c010fdc  PA:1c01107c
18492516ns          325842 1c008696 0107a403 lw               x8, 16(x15)          x8=40b22bd1 x15:1c010a48  PA:1c010a58
18492834ns          325858 1c008698 88787843 fmadd.s          f16, f16, f7, f17   f16=xxxxxxxx f16:4119d5f5  f7:3d5f1afd f17:42e475a2
18492854ns          325859 1c00869c 1066f353 fmul.s           f6, f13, f6          f6=xxxxxxxx f13:3feca445  f6:3f702860
18492874ns          325860 1c0086a0 0c852883 lw               x17, 200(x10)       x17=403bb196 x10:1c010fdc  PA:1c0110a4
18493173ns          325875 1c0086a4 0147a383 lw               x7, 20(x15)          x7=411f58cb x15:1c010a48  PA:1c010a5c
18493471ns          325890 1c0086a8 80837343 fmadd.s          f6, f6, f8, f16      f6=xxxxxxxx  f6:3fddff53  f8:40b22bd1 f16:42e581c5
18493491ns          325891 1c0086ac 1116f8d3 fmul.s           f17, f13, f17       f17=xxxxxxxx f13:3feca445 f17:403bb196
18493511ns          325892 1c0086b0 0f052803 lw               x16, 240(x10)       x16=3e4f761c x10:1c010fdc  PA:1c0110cc
18493809ns          325907 1c0086b4 0187a403 lw               x8, 24(x15)          x8=3f232023 x15:1c010a48  PA:1c010a60
18494127ns          325923 1c0086b6 3078f8c3 fmadd.s          f17, f17, f7, f6    f17=xxxxxxxx f17:40ad8027  f7:411f58cb  f6:42f8d1f6
18494147ns          325924 1c0086ba 1106f853 fmul.s           f16, f13, f16       f16=xxxxxxxx f13:3feca445 f16:3e4f761c
18494167ns          325925 1c0086be 11852303 lw               x6, 280(x10)         x6=402dc8fe x10:1c010fdc  PA:1c0110f4
18494465ns          325940 1c0086c2 01c7a383 lw               x7, 28(x15)          x7=40c03075 x15:1c010a48  PA:1c010a64
18494764ns          325955 1c0086c6 88887843 fmadd.s          f16, f16, f8, f17   f16=xxxxxxxx f16:3ebfc601  f8:3f232023 f17:4332685e
18494784ns          325956 1c0086ca 1066f353 fmul.s           f6, f13, f6          f6=xxxxxxxx f13:3feca445  f6:402dc8fe
18494804ns          325957 1c0086ce 14052883 lw               x17, 320(x10)       x17=3f92b596 x10:1c010fdc  PA:1c01111c
18495102ns          325972 1c0086d2 0207a403 lw               x8, 32(x15)          x8=40803562 x15:1c010a48  PA:1c010a68
18495420ns          325988 1c0086d4 80737343 fmadd.s          f6, f6, f7, f16      f6=xxxxxxxx  f6:40a0a4ce  f7:40c03075 f16:4332a578
18495440ns          325989 1c0086d8 1116f8d3 fmul.s           f17, f13, f17       f17=xxxxxxxx f13:3feca445 f17:3f92b596
18495460ns          325990 1c0086dc 16852803 lw               x16, 360(x10)       x16=402efbec x10:1c010fdc  PA:1c011144
18495758ns          326005 1c0086e0 0247a383 lw               x7, 36(x15)          x7=4118157a x15:1c010a48  PA:1c010a6c
18496057ns          326020 1c0086e4 3088f8c3 fmadd.s          f17, f17, f8, f6    f17=xxxxxxxx f17:40079d8a  f8:40803562  f6:4350cbf9
18496077ns          326021 1c0086e8 1106f853 fmul.s           f16, f13, f16       f16=xxxxxxxx f13:3feca445 f16:402efbec
18496097ns          326022 1c0086ec 000ea303 lw               x6, 0(x29)           x6=407a7b3c x29:1000173c  PA:1000173c
18496116ns          326023 1c0086f0 02878793 addi             x15, x15, 40        x15=1c010a70 x15:1c010a48
18496136ns          326024 1c0086f4 88787843 fmadd.s          f16, f16, f7, f17   f16=xxxxxxxx f16:40a1c086  f7:4118157a f17:4359495b
18496156ns          326025 1c0086f8 80e37843 fmadd.s          f16, f6, f14, f16   f16=xxxxxxxx  f6:407a7b3c f14:411d91fb f16:4384aaa6
18496176ns          326026 1c0086fc 030ea42b p.sw             x16, 40(x29!)       x29=10001764 x16:4397f033 x29:1000173c  PA:1000173c
18496196ns          326027 1c008658 00052803 lw               x16, 0(x10)         x16=40eadf53 x10:1c010fdc  PA:1c010fdc
18496494ns          326042 1c00865c 0007a883 lw               x17, 0(x15)         x17=41136705 x15:1c010a70  PA:1c010a70
18496813ns          326058 1c008660 1106f853 fmul.s           f16, f13, f16       f16=xxxxxxxx f13:3feca445 f16:40eadf53
18496832ns          326059 1c008664 02852303 lw               x6, 40(x10)          x6=3ee06d24 x10:1c010fdc  PA:1c011004
18497131ns          326074 1c008668 0047a383 lw               x7, 4(x15)           x7=40b4c386 x15:1c010a70  PA:1c010a74
18497429ns          326089 1c00866c f1187843 fmadd.s          f16, f16, f17, f30  f16=xxxxxxxx f16:41591c97 f17:41136705 f30:00000000
18497449ns          326090 1c008670 1066f353 fmul.s           f6, f13, f6          f6=xxxxxxxx f13:3feca445  f6:3ee06d24
18497469ns          326091 1c008674 05052883 lw               x17, 80(x10)        x17=4113661b x10:1c010fdc  PA:1c01102c
18497767ns          326106 1c008678 0087a403 lw               x8, 8(x15)           x8=3f268635 x15:1c010a70  PA:1c010a78
18498086ns          326122 1c00867a 80737343 fmadd.s          f6, f6, f7, f16      f6=xxxxxxxx  f6:3f4f74a0  f7:40b4c386 f16:42fa0593
18498106ns          326123 1c00867e 1116f8d3 fmul.s           f17, f13, f17       f17=xxxxxxxx f13:3feca445 f17:4113661b
18498125ns          326124 1c008682 07852803 lw               x16, 120(x10)       x16=40a66b93 x10:1c010fdc  PA:1c011054
18498424ns          326139 1c008686 00c7a383 lw               x7, 12(x15)          x7=3fc63485 x15:1c010a70  PA:1c010a7c
18498722ns          326154 1c00868a 3088f8c3 fmadd.s          f17, f17, f8, f6    f17=xxxxxxxx f17:418840b6  f8:3f268635  f6:430196ad
18498742ns          326155 1c00868e 1106f853 fmul.s           f16, f13, f16       f16=xxxxxxxx f13:3feca445 f16:40a66b93
18498762ns          326156 1c008692 0a052303 lw               x6, 160(x10)         x6=3f702860 x10:1c010fdc  PA:1c01107c
18499060ns          326171 1c008696 0107a403 lw               x8, 16(x15)          x8=3fb22991 x15:1c010a70  PA:1c010a80
18499359ns          326186 1c008698 88787843 fmadd.s          f16, f16, f7, f17   f16=xxxxxxxx f16:4119d5f5  f7:3fc63485 f17:430caada
18499379ns          326187 1c00869c 1066f353 fmul.s           f6, f13, f6          f6=xxxxxxxx f13:3feca445  f6:3f702860
18499398ns          326188 1c0086a0 0c852883 lw               x17, 200(x10)       x17=403bb196 x10:1c010fdc  PA:1c0110a4
18499697ns          326203 1c0086a4 0147a383 lw               x7, 20(x15)          x7=3f30486e x15:1c010a70  PA:1c010a84
18499995ns          326218 1c0086a8 80837343 fmadd.s          f6, f6, f8, f16      f6=xxxxxxxx  f6:3fddff53  f8:3fb22991 f16:431b8e3b
18500015ns          326219 1c0086ac 1116f8d3 fmul.s           f17, f13, f17       f17=xxxxxxxx f13:3feca445 f17:403bb196
18500035ns          326220 1c0086b0 0f052803 lw               x16, 240(x10)       x16=3e4f761c x10:1c010fdc  PA:1c0110cc
18500333ns          326235 1c0086b4 0187a403 lw               x8, 24(x15)          x8=40bff5ca x15:1c010a70  PA:1c010a88
18500632ns          326250 1c0086b6 3078f8c3 fmadd.s          f17, f17, f7, f6    f17=xxxxxxxx f17:40ad8027  f7:3f30486e  f6:431df839
18500652ns          326251 1c0086ba 1106f853 fmul.s           f16, f13, f16       f16=xxxxxxxx f13:3feca445 f16:3e4f761c
18500671ns          326252 1c0086be 11852303 lw               x6, 280(x10)         x6=402dc8fe x10:1c010fdc  PA:1c0110f4
18500970ns          326267 1c0086c2 01c7a383 lw               x7, 28(x15)          x7=40907c75 x15:1c010a70  PA:1c010a8c
18501268ns          326282 1c0086c6 88887843 fmadd.s          f16, f16, f8, f17   f16=xxxxxxxx f16:3ebfc601  f8:40bff5ca f17:4321b403
18501288ns          326283 1c0086ca 1066f353 fmul.s           f6, f13, f6          f6=xxxxxxxx f13:3feca445  f6:402dc8fe
18501308ns          326284 1c0086ce 14052883 lw               x17, 320(x10)       x17=3f92b596 x10:1c010fdc  PA:1c01111c
18501606ns          326299 1c0086d2 0207a403 lw               x8, 32(x15)          x8=40f2aadf x15:1c010a70  PA:1c010a90
18501905ns          326314 1c0086d4 80737343 fmadd.s          f6, f6, f7, f16      f6=xxxxxxxx  f6:40a0a4ce  f7:40907c75 f16:4323f336
18501925ns          326315 1c0086d8 1116f8d3 fmul.s           f17, f13, f17       f17=xxxxxxxx f13:3feca445 f17:3f92b596
18501944ns          326316 1c0086dc 16852803 lw               x16, 360(x10)       x16=402efbec x10:1c010fdc  PA:1c011144
18502243ns          326331 1c0086e0 0247a383 lw               x7, 36(x15)          x7=40a1b290 x15:1c010a70  PA:1c010a94
18502541ns          326346 1c0086e4 3088f8c3 fmadd.s          f17, f17, f8, f6    f17=xxxxxxxx f17:40079d8a  f8:40f2aadf  f6:433a9de9
18502561ns          326347 1c0086e8 1106f853 fmul.s           f16, f13, f16       f16=xxxxxxxx f13:3feca445 f16:402efbec
18502581ns          326348 1c0086ec 000ea303 lw               x6, 0(x29)           x6=3fb6557b x29:10001764  PA:10001764
18502601ns          326349 1c0086f0 02878793 addi             x15, x15, 40        x15=1c010a98 x15:1c010a70
18502621ns          326350 1c0086f4 88787843 fmadd.s          f16, f16, f7, f17   f16=xxxxxxxx f16:40a1c086  f7:40a1b290 f17:434aaf97
18502641ns          326351 1c0086f8 80e37843 fmadd.s          f16, f6, f14, f16   f16=xxxxxxxx  f6:3fb6557b f14:411d91fb f16:43643a51
18502660ns          326352 1c0086fc 030ea42b p.sw             x16, 40(x29!)       x29=1000178c x16:4372419e x29:10001764  PA:10001764
18502680ns          326353 1c008658 00052803 lw               x16, 0(x10)         x16=40eadf53 x10:1c010fdc  PA:1c010fdc
18502979ns          326368 1c00865c 0007a883 lw               x17, 0(x15)         x17=410c7726 x15:1c010a98  PA:1c010a98
18503277ns          326383 1c008660 1106f853 fmul.s           f16, f13, f16       f16=xxxxxxxx f13:3feca445 f16:40eadf53
18503297ns          326384 1c008664 02852303 lw               x6, 40(x10)          x6=3ee06d24 x10:1c010fdc  PA:1c011004
18503595ns          326399 1c008668 0047a383 lw               x7, 4(x15)           x7=409cc11d x15:1c010a98  PA:1c010a9c
18503894ns          326414 1c00866c f1187843 fmadd.s          f16, f16, f17, f30  f16=xxxxxxxx f16:41591c97 f17:410c7726 f30:00000000
18503914ns          326415 1c008670 1066f353 fmul.s           f6, f13, f6          f6=xxxxxxxx f13:3feca445  f6:3ee06d24
18503933ns          326416 1c008674 05052883 lw               x17, 80(x10)        x17=4113661b x10:1c010fdc  PA:1c01102c
18504232ns          326431 1c008678 0087a403 lw               x8, 8(x15)           x8=410e9b66 x15:1c010a98  PA:1c010aa0
18504530ns          326446 1c00867a 80737343 fmadd.s          f6, f6, f7, f16      f6=xxxxxxxx  f6:3f4f74a0  f7:409cc11d f16:42ee415e
18504550ns          326447 1c00867e 1116f8d3 fmul.s           f17, f13, f17       f17=xxxxxxxx f13:3feca445 f17:4113661b
18504570ns          326448 1c008682 07852803 lw               x16, 120(x10)       x16=40a66b93 x10:1c010fdc  PA:1c011054
18504868ns          326463 1c008686 00c7a383 lw               x7, 12(x15)          x7=4111146c x15:1c010a98  PA:1c010aa4
18505167ns          326478 1c00868a 3088f8c3 fmadd.s          f17, f17, f8, f6    f17=xxxxxxxx f17:418840b6  f8:410e9b66  f6:42f631d7
18505187ns          326479 1c00868e 1106f853 fmul.s           f16, f13, f16       f16=xxxxxxxx f13:3feca445 f16:40a66b93
18505207ns          326480 1c008692 0a052303 lw               x6, 160(x10)         x6=3f702860 x10:1c010fdc  PA:1c01107c
18505505ns          326495 1c008696 0107a403 lw               x8, 16(x15)          x8=411cf295 x15:1c010a98  PA:1c010aa8
18505803ns          326510 1c008698 88787843 fmadd.s          f16, f16, f7, f17   f16=xxxxxxxx f16:4119d5f5  f7:4111146c f17:43897310
18505823ns          326511 1c00869c 1066f353 fmul.s           f6, f13, f6          f6=xxxxxxxx f13:3feca445  f6:3f702860
18505843ns          326512 1c0086a0 0c852883 lw               x17, 200(x10)       x17=403bb196 x10:1c010fdc  PA:1c0110a4
18506161ns          326528 1c0086a4 0147a383 lw               x7, 20(x15)          x7=410e9e20 x15:1c010a98  PA:1c010aac
18506460ns          326543 1c0086a8 80837343 fmadd.s          f6, f6, f8, f16      f6=xxxxxxxx  f6:3fddff53  f8:411cf295 f16:43b50a4b
18506480ns          326544 1c0086ac 1116f8d3 fmul.s           f17, f13, f17       f17=xxxxxxxx f13:3feca445 f17:403bb196
18506499ns          326545 1c0086b0 0f052803 lw               x16, 240(x10)       x16=3e4f761c x10:1c010fdc  PA:1c0110cc
18506798ns          326560 1c0086b4 0187a403 lw               x8, 24(x15)          x8=4117932f x15:1c010a98  PA:1c010ab0
18507096ns          326575 1c0086b6 3078f8c3 fmadd.s          f17, f17, f7, f6    f17=xxxxxxxx f17:40ad8027  f7:410e9e20  f6:43bd8bea
18507116ns          326576 1c0086ba 1106f853 fmul.s           f16, f13, f16       f16=xxxxxxxx f13:3feca445 f16:3e4f761c
18507136ns          326577 1c0086be 11852303 lw               x6, 280(x10)         x6=402dc8fe x10:1c010fdc  PA:1c0110f4
18507454ns          326593 1c0086c2 01c7a383 lw               x7, 28(x15)          x7=409564dd x15:1c010a98  PA:1c010ab4
18507753ns          326608 1c0086c6 88887843 fmadd.s          f16, f16, f8, f17   f16=xxxxxxxx f16:3ebfc601  f8:4117932f f17:43d5b5fa
18507772ns          326609 1c0086ca 1066f353 fmul.s           f6, f13, f6          f6=xxxxxxxx f13:3feca445  f6:402dc8fe
18507792ns          326610 1c0086ce 14052883 lw               x17, 320(x10)       x17=3f92b596 x10:1c010fdc  PA:1c01111c
18508091ns          326625 1c0086d2 0207a403 lw               x8, 32(x15)          x8=4093773f x15:1c010a98  PA:1c010ab8
18508389ns          326640 1c0086d4 80737343 fmadd.s          f6, f6, f7, f16      f6=xxxxxxxx  f6:40a0a4ce  f7:409564dd f16:43d77c2a
18508409ns          326641 1c0086d8 1116f8d3 fmul.s           f17, f13, f17       f17=xxxxxxxx f13:3feca445 f17:3f92b596
18508429ns          326642 1c0086dc 16852803 lw               x16, 360(x10)       x16=402efbec x10:1c010fdc  PA:1c011144
18508747ns          326658 1c0086e0 0247a383 lw               x7, 36(x15)          x7=40848fc1 x15:1c010a98  PA:1c010abc
18509045ns          326673 1c0086e4 3088f8c3 fmadd.s          f17, f17, f8, f6    f17=xxxxxxxx f17:40079d8a  f8:4093773f  f6:43e33411
18509065ns          326674 1c0086e8 1106f853 fmul.s           f16, f13, f16       f16=xxxxxxxx f13:3feca445 f16:402efbec
18509085ns          326675 1c0086ec 000ea303 lw               x6, 0(x29)           x6=4088b357 x29:1000178c  PA:1000178c
18509105ns          326676 1c0086f0 02878793 addi             x15, x15, 40        x15=1c010ac0 x15:1c010a98
18509125ns          326677 1c0086f4 88787843 fmadd.s          f16, f16, f7, f17   f16=xxxxxxxx f16:40a1c086  f7:40848fc1 f17:43e815fb
18509145ns          326678 1c0086f8 80e37843 fmadd.s          f16, f6, f14, f16   f16=xxxxxxxx  f6:4088b357 f14:411d91fb f16:43f28e3e
18509165ns          326679 1c0086fc 030ea42b p.sw             x16, 40(x29!)       x29=100017b4 x16:4403cb9d x29:1000178c  PA:1000178c
18509185ns          326680 1c008658 00052803 lw               x16, 0(x10)         x16=40eadf53 x10:1c010fdc  PA:1c010fdc
18509483ns          326695 1c00865c 0007a883 lw               x17, 0(x15)         x17=3f715ac3 x15:1c010ac0  PA:1c010ac0
18509781ns          326710 1c008660 1106f853 fmul.s           f16, f13, f16       f16=xxxxxxxx f13:3feca445 f16:40eadf53
18509801ns          326711 1c008664 02852303 lw               x6, 40(x10)          x6=3ee06d24 x10:1c010fdc  PA:1c011004
18510120ns          326727 1c008668 0047a383 lw               x7, 4(x15)           x7=4048040c x15:1c010ac0  PA:1c010ac4
18510418ns          326742 1c00866c f1187843 fmadd.s          f16, f16, f17, f30  f16=xxxxxxxx f16:41591c97 f17:3f715ac3 f30:00000000
18510438ns          326743 1c008670 1066f353 fmul.s           f6, f13, f6          f6=xxxxxxxx f13:3feca445  f6:3ee06d24
18510458ns          326744 1c008674 05052883 lw               x17, 80(x10)        x17=4113661b x10:1c010fdc  PA:1c01102c
18510756ns          326759 1c008678 0087a403 lw               x8, 8(x15)           x8=408e450e x15:1c010ac0  PA:1c010ac8
18511054ns          326774 1c00867a 80737343 fmadd.s          f6, f6, f7, f16      f6=xxxxxxxx  f6:3f4f74a0  f7:4048040c f16:414cb0e4
18511074ns          326775 1c00867e 1116f8d3 fmul.s           f17, f13, f17       f17=xxxxxxxx f13:3feca445 f17:4113661b
18511094ns          326776 1c008682 07852803 lw               x16, 120(x10)       x16=40a66b93 x10:1c010fdc  PA:1c011054
18511412ns          326792 1c008686 00c7a383 lw               x7, 12(x15)          x7=4107c1ec x15:1c010ac0  PA:1c010acc
18511711ns          326807 1c00868a 3088f8c3 fmadd.s          f17, f17, f8, f6    f17=xxxxxxxx f17:418840b6  f8:408e450e  f6:4175367d
18511731ns          326808 1c00868e 1106f853 fmul.s           f16, f13, f16       f16=xxxxxxxx f13:3feca445 f16:40a66b93
18511751ns          326809 1c008692 0a052303 lw               x6, 160(x10)         x6=3f702860 x10:1c010fdc  PA:1c01107c
18512049ns          326824 1c008696 0107a403 lw               x8, 16(x15)          x8=4095fac3 x15:1c010ac0  PA:1c010ad0
18512347ns          326839 1c008698 88787843 fmadd.s          f16, f16, f7, f17   f16=xxxxxxxx f16:4119d5f5  f7:4107c1ec f17:42b6181b
18512367ns          326840 1c00869c 1066f353 fmul.s           f6, f13, f6          f6=xxxxxxxx f13:3feca445  f6:3f702860
18512387ns          326841 1c0086a0 0c852883 lw               x17, 200(x10)       x17=403bb196 x10:1c010fdc  PA:1c0110a4
18512685ns          326856 1c0086a4 0147a383 lw               x7, 20(x15)          x7=41121d4e x15:1c010ac0  PA:1c010ad4
18512984ns          326871 1c0086a8 80837343 fmadd.s          f6, f6, f8, f16      f6=xxxxxxxx  f6:3fddff53  f8:4095fac3 f16:432ca06a
18513004ns          326872 1c0086ac 1116f8d3 fmul.s           f17, f13, f17       f17=xxxxxxxx f13:3feca445 f17:403bb196
18513024ns          326873 1c0086b0 0f052803 lw               x16, 240(x10)       x16=3e4f761c x10:1c010fdc  PA:1c0110cc
18513322ns          326888 1c0086b4 0187a403 lw               x8, 24(x15)          x8=3ff1facf x15:1c010ac0  PA:1c010ad8
18513620ns          326903 1c0086b6 3078f8c3 fmadd.s          f17, f17, f7, f6    f17=xxxxxxxx f17:40ad8027  f7:41121d4e  f6:4334c15b
18513640ns          326904 1c0086ba 1106f853 fmul.s           f16, f13, f16       f16=xxxxxxxx f13:3feca445 f16:3e4f761c
18513660ns          326905 1c0086be 11852303 lw               x6, 280(x10)         x6=402dc8fe x10:1c010fdc  PA:1c0110f4
18513958ns          326920 1c0086c2 01c7a383 lw               x7, 28(x15)          x7=40fce41e x15:1c010ac0  PA:1c010adc
18514257ns          326935 1c0086c6 88887843 fmadd.s          f16, f16, f8, f17   f16=xxxxxxxx f16:3ebfc601  f8:3ff1facf f17:436644d4
18514277ns          326936 1c0086ca 1066f353 fmul.s           f6, f13, f6          f6=xxxxxxxx f13:3feca445  f6:402dc8fe
18514297ns          326937 1c0086ce 14052883 lw               x17, 320(x10)       x17=3f92b596 x10:1c010fdc  PA:1c01111c
18514595ns          326952 1c0086d2 0207a403 lw               x8, 32(x15)          x8=4111ef9d x15:1c010ac0  PA:1c010ae0
18514893ns          326967 1c0086d4 80737343 fmadd.s          f6, f6, f7, f16      f6=xxxxxxxx  f6:40a0a4ce  f7:40fce41e f16:4366fa19
18514913ns          326968 1c0086d8 1116f8d3 fmul.s           f17, f13, f17       f17=xxxxxxxx f13:3feca445 f17:3f92b596
18514933ns          326969 1c0086dc 16852803 lw               x16, 360(x10)       x16=402efbec x10:1c010fdc  PA:1c011144
18515231ns          326984 1c0086e0 0247a383 lw               x7, 36(x15)          x7=40f90988 x15:1c010ac0  PA:1c010ae4
18515530ns          326999 1c0086e4 3088f8c3 fmadd.s          f17, f17, f8, f6    f17=xxxxxxxx f17:40079d8a  f8:4111ef9d  f6:43875339
18515550ns          327000 1c0086e8 1106f853 fmul.s           f16, f13, f16       f16=xxxxxxxx f13:3feca445 f16:402efbec
18515570ns          327001 1c0086ec 000ea303 lw               x6, 0(x29)           x6=411dfb45 x29:100017b4  PA:100017b4
18515589ns          327002 1c0086f0 02878793 addi             x15, x15, 40        x15=1c010ae8 x15:1c010ac0
18515609ns          327003 1c0086f4 88787843 fmadd.s          f16, f16, f7, f17   f16=xxxxxxxx f16:40a1c086  f7:40f90988 f17:4390fd1e
18515629ns          327004 1c0086f8 80e37843 fmadd.s          f16, f6, f14, f16   f16=xxxxxxxx  f6:411dfb45 f14:411d91fb f16:43a4a867
18515649ns          327005 1c0086fc 030ea42b p.sw             x16, 40(x29!)       x29=100017dc x16:43d546ff x29:100017b4  PA:100017b4
18515669ns          327006 1c008658 00052803 lw               x16, 0(x10)         x16=40eadf53 x10:1c010fdc  PA:1c010fdc
18515967ns          327021 1c00865c 0007a883 lw               x17, 0(x15)         x17=3fb6e5d0 x15:1c010ae8  PA:1c010ae8
18516266ns          327036 1c008660 1106f853 fmul.s           f16, f13, f16       f16=xxxxxxxx f13:3feca445 f16:40eadf53
18516286ns          327037 1c008664 02852303 lw               x6, 40(x10)          x6=3ee06d24 x10:1c010fdc  PA:1c011004
18516584ns          327052 1c008668 0047a383 lw               x7, 4(x15)           x7=4093fb1d x15:1c010ae8  PA:1c010aec
18516882ns          327067 1c00866c f1187843 fmadd.s          f16, f16, f17, f30  f16=xxxxxxxx f16:41591c97 f17:3fb6e5d0 f30:00000000
18516902ns          327068 1c008670 1066f353 fmul.s           f6, f13, f6          f6=xxxxxxxx f13:3feca445  f6:3ee06d24
18516922ns          327069 1c008674 05052883 lw               x17, 80(x10)        x17=4113661b x10:1c010fdc  PA:1c01102c
18517221ns          327084 1c008678 0087a403 lw               x8, 8(x15)           x8=40dc0282 x15:1c010ae8  PA:1c010af0
18517519ns          327099 1c00867a 80737343 fmadd.s          f6, f6, f7, f16      f6=xxxxxxxx  f6:3f4f74a0  f7:4093fb1d f16:419b1d3a
18517539ns          327100 1c00867e 1116f8d3 fmul.s           f17, f13, f17       f17=xxxxxxxx f13:3feca445 f17:4113661b
18517559ns          327101 1c008682 07852803 lw               x16, 120(x10)       x16=40a66b93 x10:1c010fdc  PA:1c011054
18517857ns          327116 1c008686 00c7a383 lw               x7, 12(x15)          x7=408975eb x15:1c010ae8  PA:1c010af4
18518175ns          327132 1c00868a 3088f8c3 fmadd.s          f17, f17, f8, f6    f17=xxxxxxxx f17:418840b6  f8:40dc0282  f6:41b91818
18518195ns          327133 1c00868e 1106f853 fmul.s           f16, f13, f16       f16=xxxxxxxx f13:3feca445 f16:40a66b93
18518215ns          327134 1c008692 0a052303 lw               x6, 160(x10)         x6=3f702860 x10:1c010fdc  PA:1c01107c
18518513ns          327149 1c008696 0107a403 lw               x8, 16(x15)          x8=4035707b x15:1c010ae8  PA:1c010af8
18518812ns          327164 1c008698 88787843 fmadd.s          f16, f16, f7, f17   f16=xxxxxxxx f16:4119d5f5  f7:408975eb f17:430c3bf5
18518832ns          327165 1c00869c 1066f353 fmul.s           f6, f13, f6          f6=xxxxxxxx f13:3feca445  f6:3f702860
18518852ns          327166 1c0086a0 0c852883 lw               x17, 200(x10)       x17=403bb196 x10:1c010fdc  PA:1c0110a4
18519150ns          327181 1c0086a4 0147a383 lw               x7, 20(x15)          x7=40e890ec x15:1c010ae8  PA:1c010afc
18519468ns          327197 1c0086a8 80837343 fmadd.s          f6, f6, f8, f16      f6=xxxxxxxx  f6:3fddff53  f8:4035707b f16:43358923
18519488ns          327198 1c0086ac 1116f8d3 fmul.s           f17, f13, f17       f17=xxxxxxxx f13:3feca445 f17:403bb196
18519508ns          327199 1c0086b0 0f052803 lw               x16, 240(x10)       x16=3e4f761c x10:1c010fdc  PA:1c0110cc
18519806ns          327214 1c0086b4 0187a403 lw               x8, 24(x15)          x8=40a13991 x15:1c010ae8  PA:1c010b00
18520105ns          327229 1c0086b6 3078f8c3 fmadd.s          f17, f17, f7, f6    f17=xxxxxxxx f17:40ad8027  f7:40e890ec  f6:433a73dc
18520125ns          327230 1c0086ba 1106f853 fmul.s           f16, f13, f16       f16=xxxxxxxx f13:3feca445 f16:3e4f761c
18520144ns          327231 1c0086be 11852303 lw               x6, 280(x10)         x6=402dc8fe x10:1c010fdc  PA:1c0110f4
18520443ns          327246 1c0086c2 01c7a383 lw               x7, 28(x15)          x7=3f6ceaef x15:1c010ae8  PA:1c010b04
18520761ns          327262 1c0086c6 88887843 fmadd.s          f16, f16, f8, f17   f16=xxxxxxxx f16:3ebfc601  f8:40a13991 f17:4361db73
18520781ns          327263 1c0086ca 1066f353 fmul.s           f6, f13, f6          f6=xxxxxxxx f13:3feca445  f6:402dc8fe
18520801ns          327264 1c0086ce 14052883 lw               x17, 320(x10)       x17=3f92b596 x10:1c010fdc  PA:1c01111c
18521099ns          327279 1c0086d2 0207a403 lw               x8, 32(x15)          x8=405a42a6 x15:1c010ae8  PA:1c010b08
18521398ns          327294 1c0086d4 80737343 fmadd.s          f6, f6, f7, f16      f6=xxxxxxxx  f6:40a0a4ce  f7:3f6ceaef f16:4363be8e
18521417ns          327295 1c0086d8 1116f8d3 fmul.s           f17, f13, f17       f17=xxxxxxxx f13:3feca445 f17:3f92b596
18521437ns          327296 1c0086dc 16852803 lw               x16, 360(x10)       x16=402efbec x10:1c010fdc  PA:1c011144
18521736ns          327311 1c0086e0 0247a383 lw               x7, 36(x15)          x7=40c7feba x15:1c010ae8  PA:1c010b0c
18522054ns          327327 1c0086e4 3088f8c3 fmadd.s          f17, f17, f8, f6    f17=xxxxxxxx f17:40079d8a  f8:405a42a6  f6:436863e9
18522074ns          327328 1c0086e8 1106f853 fmul.s           f16, f13, f16       f16=xxxxxxxx f13:3feca445 f16:402efbec
18522094ns          327329 1c0086ec 000ea303 lw               x6, 0(x29)           x6=40084a40 x29:100017dc  PA:100017dc
18522114ns          327330 1c0086f0 02878793 addi             x15, x15, 40        x15=1c010b10 x15:1c010ae8
18522134ns          327331 1c0086f4 88787843 fmadd.s          f16, f16, f7, f17   f16=xxxxxxxx f16:40a1c086  f7:40c7feba f17:436f9de0
18522153ns          327332 1c0086f8 80e37843 fmadd.s          f16, f6, f14, f16   f16=xxxxxxxx  f6:40084a40 f14:411d91fb f16:43879aa3
18522173ns          327333 1c0086fc 030ea42b p.sw             x16, 40(x29!)       x29=10001804 x16:4392170b x29:100017dc  PA:100017dc
18522193ns          327334 1c008700 00460613 addi             x12, x12, 4         x12=10001678 x12:10001674
18522213ns          327335 1c008702 00450513 addi             x10, x10, 4         x10=1c010fe0 x10:1c010fdc
18522253ns          327337 1c008632 40b28e33 sub              x28, x5, x11        x28=00000190  x5:1c010b10 x11:1c010980
18522273ns          327338 1c008636 fd8e0e13 addi             x28, x28, -40       x28=00000168 x28:00000190
18522293ns          327339 1c00863a 0cccd7b7 lui              x15, 0xcccd000      x15=0cccd000
18522313ns          327340 1c00863e ccd78793 addi             x15, x15, -819      x15=0ccccccd x15:0cccd000
18522332ns          327341 1c008642 003e5e13 srli             x28, x28, 0x3       x28=0000002d x28:00000168
18522352ns          327342 1c008646 02fe0e33 mul              x28, x28, x15       x28=40000009 x28:0000002d x15:0ccccccd
18522372ns          327343 1c00864a c5de3e33 p.bclr           x28, x28, 2, 29     x28=00000009 x28:40000009
18522392ns          327344 1c00864e 00b007b3 add              x15, x0, x11        x15=1c010980 x11:1c010980
18522412ns          327345 1c008650 00c00eb3 add              x29, x0, x12        x29=10001678 x12:10001678
18522432ns          327346 1c008652 001e0e13 addi             x28, x28, 1         x28=0000000a x28:00000009
18522452ns          327347 1c008654 054e40fb lp.setup         0x1, x28, 0x54      x28:0000000a
18522472ns          327348 1c008658 00052803 lw               x16, 0(x10)         x16=40d4b197 x10:1c010fe0  PA:1c010fe0
18522770ns          327363 1c00865c 0007a883 lw               x17, 0(x15)         x17=4052e826 x15:1c010980  PA:1c010980
18523068ns          327378 1c008660 1106f853 fmul.s           f16, f13, f16       f16=xxxxxxxx f13:3feca445 f16:40d4b197
18523088ns          327379 1c008664 02852303 lw               x6, 40(x10)          x6=40dc10a6 x10:1c010fe0  PA:1c011008
18523407ns          327395 1c008668 0047a383 lw               x7, 4(x15)           x7=3e594d74 x15:1c010980  PA:1c010984
18523705ns          327410 1c00866c f1187843 fmadd.s          f16, f16, f17, f30  f16=xxxxxxxx f16:41449c32 f17:4052e826 f30:00000000
18523725ns          327411 1c008670 1066f353 fmul.s           f6, f13, f6          f6=xxxxxxxx f13:3feca445  f6:40dc10a6
18523745ns          327412 1c008674 05052883 lw               x17, 80(x10)        x17=40e56dcd x10:1c010fe0  PA:1c011030
18524043ns          327427 1c008678 0087a403 lw               x8, 8(x15)           x8=410a346e x15:1c010980  PA:1c010988
18524341ns          327442 1c00867a 80737343 fmadd.s          f6, f6, f7, f16      f6=xxxxxxxx  f6:414b6c8f  f7:3e594d74 f16:4221fa6c
18524361ns          327443 1c00867e 1116f8d3 fmul.s           f17, f13, f17       f17=xxxxxxxx f13:3feca445 f17:40e56dcd
18524381ns          327444 1c008682 07852803 lw               x16, 120(x10)       x16=40e99919 x10:1c010fe0  PA:1c011058
18524699ns          327460 1c008686 00c7a383 lw               x7, 12(x15)          x7=3fdcbabb x15:1c010980  PA:1c01098c
18524998ns          327475 1c00868a 3088f8c3 fmadd.s          f17, f17, f8, f6    f17=xxxxxxxx f17:41541471  f8:410a346e  f6:422cc535
18525018ns          327476 1c00868e 1106f853 fmul.s           f16, f13, f16       f16=xxxxxxxx f13:3feca445 f16:40e99919
18525038ns          327477 1c008692 0a052303 lw               x6, 160(x10)         x6=40cf94c1 x10:1c010fe0  PA:1c011080
18525336ns          327492 1c008696 0107a403 lw               x8, 16(x15)          x8=403131d8 x15:1c010980  PA:1c010990
18525634ns          327507 1c008698 88787843 fmadd.s          f16, f16, f7, f17   f16=xxxxxxxx f16:4157ef08  f7:3fdcbabb f17:431dafc1
18525654ns          327508 1c00869c 1066f353 fmul.s           f6, f13, f6          f6=xxxxxxxx f13:3feca445  f6:40cf94c1
18525674ns          327509 1c0086a0 0c852883 lw               x17, 200(x10)       x17=3f8087af x10:1c010fe0  PA:1c0110a8
18525972ns          327524 1c0086a4 0147a383 lw               x7, 20(x15)          x7=40b905da x15:1c010980  PA:1c010994
18526271ns          327539 1c0086a8 80837343 fmadd.s          f6, f6, f8, f16      f6=xxxxxxxx  f6:413fe255  f8:403131d8 f16:4334f59f
18526291ns          327540 1c0086ac 1116f8d3 fmul.s           f17, f13, f17       f17=xxxxxxxx f13:3feca445 f17:3f8087af
18526311ns          327541 1c0086b0 0f052803 lw               x16, 240(x10)       x16=40c2738d x10:1c010fe0  PA:1c0110d0
18526609ns          327556 1c0086b4 0187a403 lw               x8, 24(x15)          x8=3f3f71e4 x15:1c010980  PA:1c010998
18526907ns          327571 1c0086b6 3078f8c3 fmadd.s          f17, f17, f7, f6    f17=xxxxxxxx f17:3fed9f1e  f7:40b905da  f6:435629d5
18526927ns          327572 1c0086ba 1106f853 fmul.s           f16, f13, f16       f16=xxxxxxxx f13:3feca445 f16:40c2738d
18526947ns          327573 1c0086be 11852303 lw               x6, 280(x10)         x6=40577757 x10:1c010fe0  PA:1c0110f8
18527245ns          327588 1c0086c2 01c7a383 lw               x7, 28(x15)          x7=40b21fda x15:1c010980  PA:1c01099c
18527544ns          327603 1c0086c6 88887843 fmadd.s          f16, f16, f8, f17   f16=xxxxxxxx f16:4133bf4c  f8:3f3f71e4 f17:4360e5ac
18527564ns          327604 1c0086ca 1066f353 fmul.s           f6, f13, f6          f6=xxxxxxxx f13:3feca445  f6:40577757
18527584ns          327605 1c0086ce 14052883 lw               x17, 320(x10)       x17=40e52d51 x10:1c010fe0  PA:1c011120
18527882ns          327620 1c0086d2 0207a403 lw               x8, 32(x15)          x8=404c67dc x15:1c010980  PA:1c0109a0
18528180ns          327635 1c0086d4 80737343 fmadd.s          f6, f6, f7, f16      f6=xxxxxxxx  f6:40c72c47  f7:40b21fda f16:43694c67
18528200ns          327636 1c0086d8 1116f8d3 fmul.s           f17, f13, f17       f17=xxxxxxxx f13:3feca445 f17:40e52d51
18528220ns          327637 1c0086dc 16852803 lw               x16, 360(x10)       x16=40f0cd12 x10:1c010fe0  PA:1c011148
18528518ns          327652 1c0086e0 0247a383 lw               x7, 36(x15)          x7=3f63643c x15:1c010980  PA:1c0109a4
18528817ns          327667 1c0086e4 3088f8c3 fmadd.s          f17, f17, f8, f6    f17=xxxxxxxx f17:4153d8d5  f8:404c67dc  f6:4385f8e6
18528837ns          327668 1c0086e8 1106f853 fmul.s           f16, f13, f16       f16=xxxxxxxx f13:3feca445 f16:40f0cd12
18528857ns          327669 1c0086ec 000ea303 lw               x6, 0(x29)           x6=3ffa8658 x29:10001678  PA:10001678
18528876ns          327670 1c0086f0 02878793 addi             x15, x15, 40        x15=1c0109a8 x15:1c010980
18528896ns          327671 1c0086f4 88787843 fmadd.s          f16, f16, f7, f17   f16=xxxxxxxx f16:415e9791  f7:3f63643c f17:439b1dbe
18528916ns          327672 1c0086f8 80e37843 fmadd.s          f16, f6, f14, f16   f16=xxxxxxxx  f6:3ffa8658 f14:411d91fb f16:43a14b7a
18528936ns          327673 1c0086fc 030ea42b p.sw             x16, 40(x29!)       x29=100016a0 x16:43aaeeae x29:10001678  PA:10001678
18528956ns          327674 1c008658 00052803 lw               x16, 0(x10)         x16=40d4b197 x10:1c010fe0  PA:1c010fe0
18529254ns          327689 1c00865c 0007a883 lw               x17, 0(x15)         x17=410caf4f x15:1c0109a8  PA:1c0109a8
18529553ns          327704 1c008660 1106f853 fmul.s           f16, f13, f16       f16=xxxxxxxx f13:3feca445 f16:40d4b197
18529573ns          327705 1c008664 02852303 lw               x6, 40(x10)          x6=40dc10a6 x10:1c010fe0  PA:1c011008
18529871ns          327720 1c008668 0047a383 lw               x7, 4(x15)           x7=41176372 x15:1c0109a8  PA:1c0109ac
18530169ns          327735 1c00866c f1187843 fmadd.s          f16, f16, f17, f30  f16=xxxxxxxx f16:41449c32 f17:410caf4f f30:00000000
18530189ns          327736 1c008670 1066f353 fmul.s           f6, f13, f6          f6=xxxxxxxx f13:3feca445  f6:40dc10a6
18530209ns          327737 1c008674 05052883 lw               x17, 80(x10)        x17=40e56dcd x10:1c010fe0  PA:1c011030
18530508ns          327752 1c008678 0087a403 lw               x8, 8(x15)           x8=409cf1d2 x15:1c0109a8  PA:1c0109b0
18530806ns          327767 1c00867a 80737343 fmadd.s          f6, f6, f7, f16      f6=xxxxxxxx  f6:414b6c8f  f7:41176372 f16:42d8181e
18530826ns          327768 1c00867e 1116f8d3 fmul.s           f17, f13, f17       f17=xxxxxxxx f13:3feca445 f17:40e56dcd
18530846ns          327769 1c008682 07852803 lw               x16, 120(x10)       x16=40e99919 x10:1c010fe0  PA:1c011058
18531144ns          327784 1c008686 00c7a383 lw               x7, 12(x15)          x7=410ddd2e x15:1c0109a8  PA:1c0109b4
18531462ns          327800 1c00868a 3088f8c3 fmadd.s          f17, f17, f8, f6    f17=xxxxxxxx f17:41541471  f8:409cf1d2  f6:4364581d
18531482ns          327801 1c00868e 1106f853 fmul.s           f16, f13, f16       f16=xxxxxxxx f13:3feca445 f16:40e99919
18531502ns          327802 1c008692 0a052303 lw               x6, 160(x10)         x6=40cf94c1 x10:1c010fe0  PA:1c011080
18531800ns          327817 1c008696 0107a403 lw               x8, 16(x15)          x8=3fd37db8 x15:1c0109a8  PA:1c0109b8
18532099ns          327832 1c008698 88787843 fmadd.s          f16, f16, f7, f17   f16=xxxxxxxx f16:4157ef08  f7:410ddd2e f17:4392ad41
18532119ns          327833 1c00869c 1066f353 fmul.s           f6, f13, f6          f6=xxxxxxxx f13:3feca445  f6:40cf94c1
18532139ns          327834 1c0086a0 0c852883 lw               x17, 200(x10)       x17=3f8087af x10:1c010fe0  PA:1c0110a8
18532437ns          327849 1c0086a4 0147a383 lw               x7, 20(x15)          x7=404b6f19 x15:1c0109a8  PA:1c0109bc
18532755ns          327865 1c0086a8 80837343 fmadd.s          f6, f6, f8, f16      f6=xxxxxxxx  f6:413fe255  f8:3fd37db8 f16:43ce81dd
18532775ns          327866 1c0086ac 1116f8d3 fmul.s           f17, f13, f17       f17=xxxxxxxx f13:3feca445 f17:3f8087af
18532795ns          327867 1c0086b0 0f052803 lw               x16, 240(x10)       x16=40c2738d x10:1c010fe0  PA:1c0110d0
18533093ns          327882 1c0086b4 0187a403 lw               x8, 24(x15)          x8=40c05806 x15:1c0109a8  PA:1c0109c0
18533392ns          327897 1c0086b6 3078f8c3 fmadd.s          f17, f17, f7, f6    f17=xxxxxxxx f17:3fed9f1e  f7:404b6f19  f6:43d86a39
18533412ns          327898 1c0086ba 1106f853 fmul.s           f16, f13, f16       f16=xxxxxxxx f13:3feca445 f16:40c2738d
18533431ns          327899 1c0086be 11852303 lw               x6, 280(x10)         x6=40577757 x10:1c010fe0  PA:1c0110f8
18533730ns          327914 1c0086c2 01c7a383 lw               x7, 28(x15)          x7=411fcb27 x15:1c0109a8  PA:1c0109c4
18534048ns          327930 1c0086c6 88887843 fmadd.s          f16, f16, f8, f17   f16=xxxxxxxx f16:4133bf4c  f8:40c05806 f17:43db5d8a
18534068ns          327931 1c0086ca 1066f353 fmul.s           f6, f13, f6          f6=xxxxxxxx f13:3feca445  f6:40577757
18534088ns          327932 1c0086ce 14052883 lw               x17, 320(x10)       x17=40e52d51 x10:1c010fe0  PA:1c011120
18534386ns          327947 1c0086d2 0207a403 lw               x8, 32(x15)          x8=409b827a x15:1c0109a8  PA:1c0109c8
18534685ns          327962 1c0086d4 80737343 fmadd.s          f6, f6, f7, f16      f6=xxxxxxxx  f6:40c72c47  f7:411fcb27 f16:43fd20dc
18534704ns          327963 1c0086d8 1116f8d3 fmul.s           f17, f13, f17       f17=xxxxxxxx f13:3feca445 f17:40e52d51
18534724ns          327964 1c0086dc 16852803 lw               x16, 360(x10)       x16=40f0cd12 x10:1c010fe0  PA:1c011148
18535023ns          327979 1c0086e0 0247a383 lw               x7, 36(x15)          x7=40fbbc63 x15:1c0109a8  PA:1c0109cc
18535321ns          327994 1c0086e4 3088f8c3 fmadd.s          f17, f17, f8, f6    f17=xxxxxxxx f17:4153d8d5  f8:409b827a  f6:440e1ac0
18535341ns          327995 1c0086e8 1106f853 fmul.s           f16, f13, f16       f16=xxxxxxxx f13:3feca445 f16:40f0cd12
18535361ns          327996 1c0086ec 000ea303 lw               x6, 0(x29)           x6=40fbd103 x29:100016a0  PA:100016a0
18535381ns          327997 1c0086f0 02878793 addi             x15, x15, 40        x15=1c0109d0 x15:1c0109a8
18535401ns          327998 1c0086f4 88787843 fmadd.s          f16, f16, f7, f17   f16=xxxxxxxx f16:415e9791  f7:40fbbc63 f17:441e30c8
18535421ns          327999 1c0086f8 80e37843 fmadd.s          f16, f6, f14, f16   f16=xxxxxxxx  f6:40fbd103 f14:411d91fb f16:44398d15
18535440ns          328000 1c0086fc 030ea42b p.sw             x16, 40(x29!)       x29=100016c8 x16:444cecee x29:100016a0  PA:100016a0
18535460ns          328001 1c008658 00052803 lw               x16, 0(x10)         x16=40d4b197 x10:1c010fe0  PA:1c010fe0
18535759ns          328016 1c00865c 0007a883 lw               x17, 0(x15)         x17=3fe434c6 x15:1c0109d0  PA:1c0109d0
18536057ns          328031 1c008660 1106f853 fmul.s           f16, f13, f16       f16=xxxxxxxx f13:3feca445 f16:40d4b197
18536077ns          328032 1c008664 02852303 lw               x6, 40(x10)          x6=40dc10a6 x10:1c010fe0  PA:1c011008
18536375ns          328047 1c008668 0047a383 lw               x7, 4(x15)           x7=3ea9eacd x15:1c0109d0  PA:1c0109d4
18536694ns          328063 1c00866c f1187843 fmadd.s          f16, f16, f17, f30  f16=xxxxxxxx f16:41449c32 f17:3fe434c6 f30:00000000
18536713ns          328064 1c008670 1066f353 fmul.s           f6, f13, f6          f6=xxxxxxxx f13:3feca445  f6:40dc10a6
18536733ns          328065 1c008674 05052883 lw               x17, 80(x10)        x17=40e56dcd x10:1c010fe0  PA:1c011030
18537032ns          328080 1c008678 0087a403 lw               x8, 8(x15)           x8=40d2ef84 x15:1c0109d0  PA:1c0109d8
18537330ns          328095 1c00867a 80737343 fmadd.s          f6, f6, f7, f16      f6=xxxxxxxx  f6:414b6c8f  f7:3ea9eacd f16:41af43a4
18537350ns          328096 1c00867e 1116f8d3 fmul.s           f17, f13, f17       f17=xxxxxxxx f13:3feca445 f17:40e56dcd
18537370ns          328097 1c008682 07852803 lw               x16, 120(x10)       x16=40e99919 x10:1c010fe0  PA:1c011058
18537668ns          328112 1c008686 00c7a383 lw               x7, 12(x15)          x7=40e0a6ee x15:1c0109d0  PA:1c0109dc
18537967ns          328127 1c00868a 3088f8c3 fmadd.s          f17, f17, f8, f6    f17=xxxxxxxx f17:41541471  f8:40d2ef84  f6:41d104f4
18537986ns          328128 1c00868e 1106f853 fmul.s           f16, f13, f16       f16=xxxxxxxx f13:3feca445 f16:40e99919
18538006ns          328129 1c008692 0a052303 lw               x6, 160(x10)         x6=40cf94c1 x10:1c010fe0  PA:1c011080
18538305ns          328144 1c008696 0107a403 lw               x8, 16(x15)          x8=410949c7 x15:1c0109d0  PA:1c0109e0
18538603ns          328159 1c008698 88787843 fmadd.s          f16, f16, f7, f17   f16=xxxxxxxx f16:4157ef08  f7:40e0a6ee f17:42e3006e
18538623ns          328160 1c00869c 1066f353 fmul.s           f6, f13, f6          f6=xxxxxxxx f13:3feca445  f6:40cf94c1
18538643ns          328161 1c0086a0 0c852883 lw               x17, 200(x10)       x17=3f8087af x10:1c010fe0  PA:1c0110a8
18538941ns          328176 1c0086a4 0147a383 lw               x7, 20(x15)          x7=40fc045f x15:1c0109d0  PA:1c0109e4
18539240ns          328191 1c0086a8 80837343 fmadd.s          f6, f6, f8, f16      f6=xxxxxxxx  f6:413fe255  f8:410949c7 f16:43503f31
18539259ns          328192 1c0086ac 1116f8d3 fmul.s           f17, f13, f17       f17=xxxxxxxx f13:3feca445 f17:3f8087af
18539279ns          328193 1c0086b0 0f052803 lw               x16, 240(x10)       x16=40c2738d x10:1c010fe0  PA:1c0110d0
18539578ns          328208 1c0086b4 0187a403 lw               x8, 24(x15)          x8=4075e4ea x15:1c0109d0  PA:1c0109e8
18539876ns          328223 1c0086b6 3078f8c3 fmadd.s          f17, f17, f7, f6    f17=xxxxxxxx f17:3fed9f1e  f7:40fc045f  f6:439b934f
18539896ns          328224 1c0086ba 1106f853 fmul.s           f16, f13, f16       f16=xxxxxxxx f13:3feca445 f16:40c2738d
18539916ns          328225 1c0086be 11852303 lw               x6, 280(x10)         x6=40577757 x10:1c010fe0  PA:1c0110f8
18540214ns          328240 1c0086c2 01c7a383 lw               x7, 28(x15)          x7=40951ac2 x15:1c0109d0  PA:1c0109ec
18540513ns          328255 1c0086c6 88887843 fmadd.s          f16, f16, f8, f17   f16=xxxxxxxx f16:4133bf4c  f8:4075e4ea f17:43a2e2b5
18540532ns          328256 1c0086ca 1066f353 fmul.s           f6, f13, f6          f6=xxxxxxxx f13:3feca445  f6:40577757
18540552ns          328257 1c0086ce 14052883 lw               x17, 320(x10)       x17=40e52d51 x10:1c010fe0  PA:1c011120
18540851ns          328272 1c0086d2 0207a403 lw               x8, 32(x15)          x8=3fd3f108 x15:1c0109d0  PA:1c0109f0
18541149ns          328287 1c0086d4 80737343 fmadd.s          f6, f6, f7, f16      f6=xxxxxxxx  f6:40c72c47  f7:40951ac2 f16:43b8778f
18541169ns          328288 1c0086d8 1116f8d3 fmul.s           f17, f13, f17       f17=xxxxxxxx f13:3feca445 f17:40e52d51
18541189ns          328289 1c0086dc 16852803 lw               x16, 360(x10)       x16=40f0cd12 x10:1c010fe0  PA:1c011148
18541487ns          328304 1c0086e0 0247a383 lw               x7, 36(x15)          x7=3fdb9aaa x15:1c0109d0  PA:1c0109f4
18541786ns          328319 1c0086e4 3088f8c3 fmadd.s          f17, f17, f8, f6    f17=xxxxxxxx f17:4153d8d5  f8:3fd3f108  f6:43c6f7c2
18541805ns          328320 1c0086e8 1106f853 fmul.s           f16, f13, f16       f16=xxxxxxxx f13:3feca445 f16:40f0cd12
18541825ns          328321 1c0086ec 000ea303 lw               x6, 0(x29)           x6=40a86d60 x29:100016c8  PA:100016c8
18541845ns          328322 1c0086f0 02878793 addi             x15, x15, 40        x15=1c0109f8 x15:1c0109d0
18541865ns          328323 1c0086f4 88787843 fmadd.s          f16, f16, f7, f17   f16=xxxxxxxx f16:415e9791  f7:3fdb9aaa f17:43d1edf5
18541885ns          328324 1c0086f8 80e37843 fmadd.s          f16, f6, f14, f16   f16=xxxxxxxx  f6:40a86d60 f14:411d91fb f16:43dddd17
18541905ns          328325 1c0086fc 030ea42b p.sw             x16, 40(x29!)       x29=100016f0 x16:43f7c7df x29:100016c8  PA:100016c8
18541925ns          328326 1c008658 00052803 lw               x16, 0(x10)         x16=40d4b197 x10:1c010fe0  PA:1c010fe0
18542223ns          328341 1c00865c 0007a883 lw               x17, 0(x15)         x17=40f724db x15:1c0109f8  PA:1c0109f8
18542522ns          328356 1c008660 1106f853 fmul.s           f16, f13, f16       f16=xxxxxxxx f13:3feca445 f16:40d4b197
18542541ns          328357 1c008664 02852303 lw               x6, 40(x10)          x6=40dc10a6 x10:1c010fe0  PA:1c011008
18542840ns          328372 1c008668 0047a383 lw               x7, 4(x15)           x7=411ba4c3 x15:1c0109f8  PA:1c0109fc
18543138ns          328387 1c00866c f1187843 fmadd.s          f16, f16, f17, f30  f16=xxxxxxxx f16:41449c32 f17:40f724db f30:00000000
18543158ns          328388 1c008670 1066f353 fmul.s           f6, f13, f6          f6=xxxxxxxx f13:3feca445  f6:40dc10a6
18543178ns          328389 1c008674 05052883 lw               x17, 80(x10)        x17=40e56dcd x10:1c010fe0  PA:1c011030
18543476ns          328404 1c008678 0087a403 lw               x8, 8(x15)           x8=411378f2 x15:1c0109f8  PA:1c010a00
18543795ns          328420 1c00867a 80737343 fmadd.s          f6, f6, f7, f16      f6=xxxxxxxx  f6:414b6c8f  f7:411ba4c3 f16:42bdcf02
18543814ns          328421 1c00867e 1116f8d3 fmul.s           f17, f13, f17       f17=xxxxxxxx f13:3feca445 f17:40e56dcd
18543834ns          328422 1c008682 07852803 lw               x16, 120(x10)       x16=40e99919 x10:1c010fe0  PA:1c011058
18544133ns          328437 1c008686 00c7a383 lw               x7, 12(x15)          x7=408ce3e2 x15:1c0109f8  PA:1c010a04
18544431ns          328452 1c00868a 3088f8c3 fmadd.s          f17, f17, f8, f6    f17=xxxxxxxx f17:41541471  f8:411378f2  f6:435a9528
18544451ns          328453 1c00868e 1106f853 fmul.s           f16, f13, f16       f16=xxxxxxxx f13:3feca445 f16:40e99919
18544471ns          328454 1c008692 0a052303 lw               x6, 160(x10)         x6=40cf94c1 x10:1c010fe0  PA:1c011080
18544789ns          328470 1c008696 0107a403 lw               x8, 16(x15)          x8=3f897409 x15:1c0109f8  PA:1c010a08
18545087ns          328485 1c008698 88787843 fmadd.s          f16, f16, f7, f17   f16=xxxxxxxx f16:4157ef08  f7:408ce3e2 f17:43aa608b
18545107ns          328486 1c00869c 1066f353 fmul.s           f6, f13, f6          f6=xxxxxxxx f13:3feca445  f6:40cf94c1
18545127ns          328487 1c0086a0 0c852883 lw               x17, 200(x10)       x17=3f8087af x10:1c010fe0  PA:1c0110a8
18545426ns          328502 1c0086a4 0147a383 lw               x7, 20(x15)          x7=4086046f x15:1c0109f8  PA:1c010a0c
18545724ns          328517 1c0086a8 80837343 fmadd.s          f6, f6, f8, f16      f6=xxxxxxxx  f6:413fe255  f8:3f897409 f16:43c81647
18545744ns          328518 1c0086ac 1116f8d3 fmul.s           f17, f13, f17       f17=xxxxxxxx f13:3feca445 f17:3f8087af
18545764ns          328519 1c0086b0 0f052803 lw               x16, 240(x10)       x16=40c2738d x10:1c010fe0  PA:1c0110d0
18546082ns          328535 1c0086b4 0187a403 lw               x8, 24(x15)          x8=40fb0608 x15:1c0109f8  PA:1c010a10
18546380ns          328550 1c0086b6 3078f8c3 fmadd.s          f17, f17, f7, f6    f17=xxxxxxxx f17:3fed9f1e  f7:4086046f  f6:43ce86b9
18546400ns          328551 1c0086ba 1106f853 fmul.s           f16, f13, f16       f16=xxxxxxxx f13:3feca445 f16:40c2738d
18546420ns          328552 1c0086be 11852303 lw               x6, 280(x10)         x6=40577757 x10:1c010fe0  PA:1c0110f8
18546719ns          328567 1c0086c2 01c7a383 lw               x7, 28(x15)          x7=40af8cda x15:1c0109f8  PA:1c010a14
18547017ns          328582 1c0086c6 88887843 fmadd.s          f16, f16, f8, f17   f16=xxxxxxxx f16:4133bf4c  f8:40fb0608 f17:43d269e4
18547037ns          328583 1c0086ca 1066f353 fmul.s           f6, f13, f6          f6=xxxxxxxx f13:3feca445  f6:40577757
18547057ns          328584 1c0086ce 14052883 lw               x17, 320(x10)       x17=40e52d51 x10:1c010fe0  PA:1c011120
18547375ns          328600 1c0086d2 0207a403 lw               x8, 32(x15)          x8=4103c68f x15:1c0109f8  PA:1c010a18
18547673ns          328615 1c0086d4 80737343 fmadd.s          f6, f6, f7, f16      f6=xxxxxxxx  f6:40c72c47  f7:40af8cda f16:43fe7a17
18547693ns          328616 1c0086d8 1116f8d3 fmul.s           f17, f13, f17       f17=xxxxxxxx f13:3feca445 f17:40e52d51
18547713ns          328617 1c0086dc 16852803 lw               x16, 360(x10)       x16=40f0cd12 x10:1c010fe0  PA:1c011148
18548011ns          328632 1c0086e0 0247a383 lw               x7, 36(x15)          x7=3fe22155 x15:1c0109f8  PA:1c010a1c
18548310ns          328647 1c0086e4 3088f8c3 fmadd.s          f17, f17, f8, f6    f17=xxxxxxxx f17:4153d8d5  f8:4103c68f  f6:4407c659
18548330ns          328648 1c0086e8 1106f853 fmul.s           f16, f13, f16       f16=xxxxxxxx f13:3feca445 f16:40f0cd12
18548350ns          328649 1c0086ec 000ea303 lw               x6, 0(x29)           x6=41047f83 x29:100016f0  PA:100016f0
18548369ns          328650 1c0086f0 02878793 addi             x15, x15, 40        x15=1c010a20 x15:1c0109f8
18548389ns          328651 1c0086f4 88787843 fmadd.s          f16, f16, f7, f17   f16=xxxxxxxx f16:415e9791  f7:3fe22155 f17:4423096a
18548409ns          328652 1c0086f8 80e37843 fmadd.s          f16, f6, f14, f16   f16=xxxxxxxx  f6:41047f83 f14:411d91fb f16:44292e60
18548429ns          328653 1c0086fc 030ea42b p.sw             x16, 40(x29!)       x29=10001718 x16:443d91d0 x29:100016f0  PA:100016f0
18548449ns          328654 1c008658 00052803 lw               x16, 0(x10)         x16=40d4b197 x10:1c010fe0  PA:1c010fe0
18548767ns          328670 1c00865c 0007a883 lw               x17, 0(x15)         x17=40f0265f x15:1c010a20  PA:1c010a20
18549066ns          328685 1c008660 1106f853 fmul.s           f16, f13, f16       f16=xxxxxxxx f13:3feca445 f16:40d4b197
18549086ns          328686 1c008664 02852303 lw               x6, 40(x10)          x6=40dc10a6 x10:1c010fe0  PA:1c011008
18549384ns          328701 1c008668 0047a383 lw               x7, 4(x15)           x7=41013d49 x15:1c010a20  PA:1c010a24
18549682ns          328716 1c00866c f1187843 fmadd.s          f16, f16, f17, f30  f16=xxxxxxxx f16:41449c32 f17:40f0265f f30:00000000
18549702ns          328717 1c008670 1066f353 fmul.s           f6, f13, f6          f6=xxxxxxxx f13:3feca445  f6:40dc10a6
18549722ns          328718 1c008674 05052883 lw               x17, 80(x10)        x17=40e56dcd x10:1c010fe0  PA:1c011030
18550040ns          328734 1c008678 0087a403 lw               x8, 8(x15)           x8=410d16c3 x15:1c010a20  PA:1c010a28
18550339ns          328749 1c00867a 80737343 fmadd.s          f6, f6, f7, f16      f6=xxxxxxxx  f6:414b6c8f  f7:41013d49 f16:42b86fe7
18550359ns          328750 1c00867e 1116f8d3 fmul.s           f17, f13, f17       f17=xxxxxxxx f13:3feca445 f17:40e56dcd
18550378ns          328751 1c008682 07852803 lw               x16, 120(x10)       x16=40e99919 x10:1c010fe0  PA:1c011058
18550677ns          328766 1c008686 00c7a383 lw               x7, 12(x15)          x7=3e34584b x15:1c010a20  PA:1c010a2c
18550975ns          328781 1c00868a 3088f8c3 fmadd.s          f17, f17, f8, f6    f17=xxxxxxxx f17:41541471  f8:410d16c3  f6:4342ea5a
18550995ns          328782 1c00868e 1106f853 fmul.s           f16, f13, f16       f16=xxxxxxxx f13:3feca445 f16:40e99919
18551015ns          328783 1c008692 0a052303 lw               x6, 160(x10)         x6=40cf94c1 x10:1c010fe0  PA:1c011080
18551333ns          328799 1c008696 0107a403 lw               x8, 16(x15)          x8=3f506ce1 x15:1c010a20  PA:1c010a30
18551632ns          328814 1c008698 88787843 fmadd.s          f16, f16, f7, f17   f16=xxxxxxxx f16:4157ef08  f7:3e34584b f17:439be63c
18551651ns          328815 1c00869c 1066f353 fmul.s           f6, f13, f6          f6=xxxxxxxx f13:3feca445  f6:40cf94c1
18551671ns          328816 1c0086a0 0c852883 lw               x17, 200(x10)       x17=3f8087af x10:1c010fe0  PA:1c0110a8
18551970ns          328831 1c0086a4 0147a383 lw               x7, 20(x15)          x7=3e040bf5 x15:1c010a20  PA:1c010a34
18552268ns          328846 1c0086a8 80837343 fmadd.s          f6, f6, f8, f16      f6=xxxxxxxx  f6:413fe255  f8:3f506ce1 f16:439d1679
18552288ns          328847 1c0086ac 1116f8d3 fmul.s           f17, f13, f17       f17=xxxxxxxx f13:3feca445 f17:3f8087af
18552308ns          328848 1c0086b0 0f052803 lw               x16, 240(x10)       x16=40c2738d x10:1c010fe0  PA:1c0110d0
18552606ns          328863 1c0086b4 0187a403 lw               x8, 24(x15)          x8=40fe5cb5 x15:1c010a20  PA:1c010a38
18552905ns          328878 1c0086b6 3078f8c3 fmadd.s          f17, f17, f7, f6    f17=xxxxxxxx f17:3fed9f1e  f7:3e040bf5  f6:43a1f845
18552924ns          328879 1c0086ba 1106f853 fmul.s           f16, f13, f16       f16=xxxxxxxx f13:3feca445 f16:40c2738d
18552944ns          328880 1c0086be 11852303 lw               x6, 280(x10)         x6=40577757 x10:1c010fe0  PA:1c0110f8
18553243ns          328895 1c0086c2 01c7a383 lw               x7, 28(x15)          x7=40a2573d x15:1c010a20  PA:1c010a3c
18553541ns          328910 1c0086c6 88887843 fmadd.s          f16, f16, f8, f17   f16=xxxxxxxx f16:4133bf4c  f8:40fe5cb5 f17:43a216e9
18553561ns          328911 1c0086ca 1066f353 fmul.s           f6, f13, f6          f6=xxxxxxxx f13:3feca445  f6:40577757
18553581ns          328912 1c0086ce 14052883 lw               x17, 320(x10)       x17=40e52d51 x10:1c010fe0  PA:1c011120
18553879ns          328927 1c0086d2 0207a403 lw               x8, 32(x15)          x8=408592b1 x15:1c010a20  PA:1c010a40
18554178ns          328942 1c0086d4 80737343 fmadd.s          f6, f6, f7, f16      f6=xxxxxxxx  f6:40c72c47  f7:40a2573d f16:43cebd22
18554197ns          328943 1c0086d8 1116f8d3 fmul.s           f17, f13, f17       f17=xxxxxxxx f13:3feca445 f17:40e52d51
18554217ns          328944 1c0086dc 16852803 lw               x16, 360(x10)       x16=40f0cd12 x10:1c010fe0  PA:1c011148
18554516ns          328959 1c0086e0 0247a383 lw               x7, 36(x15)          x7=411ba146 x15:1c010a20  PA:1c010a44
18554814ns          328974 1c0086e4 3088f8c3 fmadd.s          f17, f17, f8, f6    f17=xxxxxxxx f17:4153d8d5  f8:408592b1  f6:43de86df
18554834ns          328975 1c0086e8 1106f853 fmul.s           f16, f13, f16       f16=xxxxxxxx f13:3feca445 f16:40f0cd12
18554854ns          328976 1c0086ec 000ea303 lw               x6, 0(x29)           x6=40b97e31 x29:10001718  PA:10001718
18554874ns          328977 1c0086f0 02878793 addi             x15, x15, 40        x15=1c010a48 x15:1c010a20
18554894ns          328978 1c0086f4 88787843 fmadd.s          f16, f16, f7, f17   f16=xxxxxxxx f16:415e9791  f7:411ba146 f17:43fa2922
18554913ns          328979 1c0086f8 80e37843 fmadd.s          f16, f6, f14, f16   f16=xxxxxxxx  f6:40b97e31 f14:411d91fb f16:441ee911
18554933ns          328980 1c0086fc 030ea42b p.sw             x16, 40(x29!)       x29=10001740 x16:442d2e96 x29:10001718  PA:10001718
18554953ns          328981 1c008658 00052803 lw               x16, 0(x10)         x16=40d4b197 x10:1c010fe0  PA:1c010fe0
18555252ns          328996 1c00865c 0007a883 lw               x17, 0(x15)         x17=4078e623 x15:1c010a48  PA:1c010a48
18555550ns          329011 1c008660 1106f853 fmul.s           f16, f13, f16       f16=xxxxxxxx f13:3feca445 f16:40d4b197
18555570ns          329012 1c008664 02852303 lw               x6, 40(x10)          x6=40dc10a6 x10:1c010fe0  PA:1c011008
18555868ns          329027 1c008668 0047a383 lw               x7, 4(x15)           x7=411e469f x15:1c010a48  PA:1c010a4c
18556167ns          329042 1c00866c f1187843 fmadd.s          f16, f16, f17, f30  f16=xxxxxxxx f16:41449c32 f17:4078e623 f30:00000000
18556187ns          329043 1c008670 1066f353 fmul.s           f6, f13, f6          f6=xxxxxxxx f13:3feca445  f6:40dc10a6
18556206ns          329044 1c008674 05052883 lw               x17, 80(x10)        x17=40e56dcd x10:1c010fe0  PA:1c011030
18556505ns          329059 1c008678 0087a403 lw               x8, 8(x15)           x8=4048d101 x15:1c010a48  PA:1c010a50
18556803ns          329074 1c00867a 80737343 fmadd.s          f6, f6, f7, f16      f6=xxxxxxxx  f6:414b6c8f  f7:411e469f f16:423f2810
18556823ns          329075 1c00867e 1116f8d3 fmul.s           f17, f13, f17       f17=xxxxxxxx f13:3feca445 f17:40e56dcd
18556843ns          329076 1c008682 07852803 lw               x16, 120(x10)       x16=40e99919 x10:1c010fe0  PA:1c011058
18557141ns          329091 1c008686 00c7a383 lw               x7, 12(x15)          x7=3d5f1afd x15:1c010a48  PA:1c010a54
18557440ns          329106 1c00868a 3088f8c3 fmadd.s          f17, f17, f8, f6    f17=xxxxxxxx f17:41541471  f8:4048d101  f6:432d8f22
18557460ns          329107 1c00868e 1106f853 fmul.s           f16, f13, f16       f16=xxxxxxxx f13:3feca445 f16:40e99919
18557479ns          329108 1c008692 0a052303 lw               x6, 160(x10)         x6=40cf94c1 x10:1c010fe0  PA:1c011080
18557778ns          329123 1c008696 0107a403 lw               x8, 16(x15)          x8=40b22bd1 x15:1c010a48  PA:1c010a58
18558096ns          329139 1c008698 88787843 fmadd.s          f16, f16, f7, f17   f16=xxxxxxxx f16:4157ef08  f7:3d5f1afd f17:43572669
18558116ns          329140 1c00869c 1066f353 fmul.s           f6, f13, f6          f6=xxxxxxxx f13:3feca445  f6:40cf94c1
18558136ns          329141 1c0086a0 0c852883 lw               x17, 200(x10)       x17=3f8087af x10:1c010fe0  PA:1c0110a8
18558434ns          329156 1c0086a4 0147a383 lw               x7, 20(x15)          x7=411f58cb x15:1c010a48  PA:1c010a5c
18558733ns          329171 1c0086a8 80837343 fmadd.s          f6, f6, f8, f16      f6=xxxxxxxx  f6:413fe255  f8:40b22bd1 f16:4357e299
18558752ns          329172 1c0086ac 1116f8d3 fmul.s           f17, f13, f17       f17=xxxxxxxx f13:3feca445 f17:3f8087af
18558772ns          329173 1c0086b0 0f052803 lw               x16, 240(x10)       x16=40c2738d x10:1c010fe0  PA:1c0110d0
18559071ns          329188 1c0086b4 0187a403 lw               x8, 24(x15)          x8=3f232023 x15:1c010a48  PA:1c010a60
18559389ns          329204 1c0086b6 3078f8c3 fmadd.s          f17, f17, f7, f6    f17=xxxxxxxx f17:3fed9f1e  f7:411f58cb  f6:438d545a
18559409ns          329205 1c0086ba 1106f853 fmul.s           f16, f13, f16       f16=xxxxxxxx f13:3feca445 f16:40c2738d
18559429ns          329206 1c0086be 11852303 lw               x6, 280(x10)         x6=40577757 x10:1c010fe0  PA:1c0110f8
18559727ns          329221 1c0086c2 01c7a383 lw               x7, 28(x15)          x7=40c03075 x15:1c010a48  PA:1c010a64
18560025ns          329236 1c0086c6 88887843 fmadd.s          f16, f16, f8, f17   f16=xxxxxxxx f16:4133bf4c  f8:3f232023 f17:439692de
18560045ns          329237 1c0086ca 1066f353 fmul.s           f6, f13, f6          f6=xxxxxxxx f13:3feca445  f6:40577757
18560065ns          329238 1c0086ce 14052883 lw               x17, 320(x10)       x17=40e52d51 x10:1c010fe0  PA:1c011120
18560364ns          329253 1c0086d2 0207a403 lw               x8, 32(x15)          x8=40803562 x15:1c010a48  PA:1c010a68
18560682ns          329269 1c0086d4 80737343 fmadd.s          f6, f6, f7, f16      f6=xxxxxxxx  f6:40c72c47  f7:40c03075 f16:439a2729
18560702ns          329270 1c0086d8 1116f8d3 fmul.s           f17, f13, f17       f17=xxxxxxxx f13:3feca445 f17:40e52d51
18560722ns          329271 1c0086dc 16852803 lw               x16, 360(x10)       x16=40f0cd12 x10:1c010fe0  PA:1c011148
18561020ns          329286 1c0086e0 0247a383 lw               x7, 36(x15)          x7=4118157a x15:1c010a48  PA:1c010a6c
18561318ns          329301 1c0086e4 3088f8c3 fmadd.s          f17, f17, f8, f6    f17=xxxxxxxx f17:4153d8d5  f8:40803562  f6:43acd806
18561338ns          329302 1c0086e8 1106f853 fmul.s           f16, f13, f16       f16=xxxxxxxx f13:3feca445 f16:40f0cd12
18561358ns          329303 1c0086ec 000ea303 lw               x6, 0(x29)           x6=40aa7088 x29:10001740  PA:10001740
18561378ns          329304 1c0086f0 02878793 addi             x15, x15, 40        x15=1c010a70 x15:1c010a48
18561398ns          329305 1c0086f4 88787843 fmadd.s          f16, f16, f7, f17   f16=xxxxxxxx f16:415e9791  f7:4118157a f17:43c75e2c
18561418ns          329306 1c0086f8 80e37843 fmadd.s          f16, f6, f14, f16   f16=xxxxxxxx  f6:40aa7088 f14:411d91fb f16:4404be41
18561438ns          329307 1c0086fc 030ea42b p.sw             x16, 40(x29!)       x29=10001768 x16:4411db48 x29:10001740  PA:10001740
18561458ns          329308 1c008658 00052803 lw               x16, 0(x10)         x16=40d4b197 x10:1c010fe0  PA:1c010fe0
18561756ns          329323 1c00865c 0007a883 lw               x17, 0(x15)         x17=41136705 x15:1c010a70  PA:1c010a70
18562074ns          329339 1c008660 1106f853 fmul.s           f16, f13, f16       f16=xxxxxxxx f13:3feca445 f16:40d4b197
18562094ns          329340 1c008664 02852303 lw               x6, 40(x10)          x6=40dc10a6 x10:1c010fe0  PA:1c011008
18562392ns          329355 1c008668 0047a383 lw               x7, 4(x15)           x7=40b4c386 x15:1c010a70  PA:1c010a74
18562691ns          329370 1c00866c f1187843 fmadd.s          f16, f16, f17, f30  f16=xxxxxxxx f16:41449c32 f17:41136705 f30:00000000
18562711ns          329371 1c008670 1066f353 fmul.s           f6, f13, f6          f6=xxxxxxxx f13:3feca445  f6:40dc10a6
18562731ns          329372 1c008674 05052883 lw               x17, 80(x10)        x17=40e56dcd x10:1c010fe0  PA:1c011030
18563029ns          329387 1c008678 0087a403 lw               x8, 8(x15)           x8=3f268635 x15:1c010a70  PA:1c010a78
18563347ns          329403 1c00867a 80737343 fmadd.s          f6, f6, f7, f16      f6=xxxxxxxx  f6:414b6c8f  f7:40b4c386 f16:42e2699f
18563367ns          329404 1c00867e 1116f8d3 fmul.s           f17, f13, f17       f17=xxxxxxxx f13:3feca445 f17:40e56dcd
18563387ns          329405 1c008682 07852803 lw               x16, 120(x10)       x16=40e99919 x10:1c010fe0  PA:1c011058
18563685ns          329420 1c008686 00c7a383 lw               x7, 12(x15)          x7=3fc63485 x15:1c010a70  PA:1c010a7c
18563984ns          329435 1c00868a 3088f8c3 fmadd.s          f17, f17, f8, f6    f17=xxxxxxxx f17:41541471  f8:3f268635  f6:433906a9
18564004ns          329436 1c00868e 1106f853 fmul.s           f16, f13, f16       f16=xxxxxxxx f13:3feca445 f16:40e99919
18564023ns          329437 1c008692 0a052303 lw               x6, 160(x10)         x6=40cf94c1 x10:1c010fe0  PA:1c011080
18564322ns          329452 1c008696 0107a403 lw               x8, 16(x15)          x8=3fb22991 x15:1c010a70  PA:1c010a80
18564620ns          329467 1c008698 88787843 fmadd.s          f16, f16, f7, f17   f16=xxxxxxxx f16:4157ef08  f7:3fc63485 f17:4341a5f0
18564640ns          329468 1c00869c 1066f353 fmul.s           f6, f13, f6          f6=xxxxxxxx f13:3feca445  f6:40cf94c1
18564660ns          329469 1c0086a0 0c852883 lw               x17, 200(x10)       x17=3f8087af x10:1c010fe0  PA:1c0110a8
18564958ns          329484 1c0086a4 0147a383 lw               x7, 20(x15)          x7=3f30486e x15:1c010a70  PA:1c010a84
18565257ns          329499 1c0086a8 80837343 fmadd.s          f6, f6, f8, f16      f6=xxxxxxxx  f6:413fe255  f8:3fb22991 f16:43568bd6
18565277ns          329500 1c0086ac 1116f8d3 fmul.s           f17, f13, f17       f17=xxxxxxxx f13:3feca445 f17:3f8087af
18565296ns          329501 1c0086b0 0f052803 lw               x16, 240(x10)       x16=40c2738d x10:1c010fe0  PA:1c0110d0
18565595ns          329516 1c0086b4 0187a403 lw               x8, 24(x15)          x8=40bff5ca x15:1c010a70  PA:1c010a88
18565893ns          329531 1c0086b6 3078f8c3 fmadd.s          f17, f17, f7, f6    f17=xxxxxxxx f17:3fed9f1e  f7:3f30486e  f6:43673d27
18565913ns          329532 1c0086ba 1106f853 fmul.s           f16, f13, f16       f16=xxxxxxxx f13:3feca445 f16:40c2738d
18565933ns          329533 1c0086be 11852303 lw               x6, 280(x10)         x6=40577757 x10:1c010fe0  PA:1c0110f8
18566231ns          329548 1c0086c2 01c7a383 lw               x7, 28(x15)          x7=40907c75 x15:1c010a70  PA:1c010a8c
18566530ns          329563 1c0086c6 88887843 fmadd.s          f16, f16, f8, f17   f16=xxxxxxxx f16:4133bf4c  f8:40bff5ca f17:43688468
18566550ns          329564 1c0086ca 1066f353 fmul.s           f6, f13, f6          f6=xxxxxxxx f13:3feca445  f6:40577757
18566569ns          329565 1c0086ce 14052883 lw               x17, 320(x10)       x17=40e52d51 x10:1c010fe0  PA:1c011120
18566868ns          329580 1c0086d2 0207a403 lw               x8, 32(x15)          x8=40f2aadf x15:1c010a70  PA:1c010a90
18567166ns          329595 1c0086d4 80737343 fmadd.s          f6, f6, f7, f16      f6=xxxxxxxx  f6:40c72c47  f7:40907c75 f16:4395f447
18567186ns          329596 1c0086d8 1116f8d3 fmul.s           f17, f13, f17       f17=xxxxxxxx f13:3feca445 f17:40e52d51
18567206ns          329597 1c0086dc 16852803 lw               x16, 360(x10)       x16=40f0cd12 x10:1c010fe0  PA:1c011148
18567504ns          329612 1c0086e0 0247a383 lw               x7, 36(x15)          x7=40a1b290 x15:1c010a70  PA:1c010a94
18567803ns          329627 1c0086e4 3088f8c3 fmadd.s          f17, f17, f8, f6    f17=xxxxxxxx f17:4153d8d5  f8:40f2aadf  f6:43a4017f
18567823ns          329628 1c0086e8 1106f853 fmul.s           f16, f13, f16       f16=xxxxxxxx f13:3feca445 f16:40f0cd12
18567842ns          329629 1c0086ec 000ea303 lw               x6, 0(x29)           x6=40b1f9ae x29:10001768  PA:10001768
18567862ns          329630 1c0086f0 02878793 addi             x15, x15, 40        x15=1c010a98 x15:1c010a70
18567882ns          329631 1c0086f4 88787843 fmadd.s          f16, f16, f7, f17   f16=xxxxxxxx f16:415e9791  f7:40a1b290 f17:43d63597
18567902ns          329632 1c0086f8 80e37843 fmadd.s          f16, f6, f14, f16   f16=xxxxxxxx  f6:40b1f9ae f14:411d91fb f16:43f95bbc
18567922ns          329633 1c0086fc 030ea42b p.sw             x16, 40(x29!)       x29=10001790 x16:440a5f52 x29:10001768  PA:10001768
18567942ns          329634 1c008658 00052803 lw               x16, 0(x10)         x16=40d4b197 x10:1c010fe0  PA:1c010fe0
18568240ns          329649 1c00865c 0007a883 lw               x17, 0(x15)         x17=410c7726 x15:1c010a98  PA:1c010a98
18568539ns          329664 1c008660 1106f853 fmul.s           f16, f13, f16       f16=xxxxxxxx f13:3feca445 f16:40d4b197
18568559ns          329665 1c008664 02852303 lw               x6, 40(x10)          x6=40dc10a6 x10:1c010fe0  PA:1c011008
18568857ns          329680 1c008668 0047a383 lw               x7, 4(x15)           x7=409cc11d x15:1c010a98  PA:1c010a9c
18569155ns          329695 1c00866c f1187843 fmadd.s          f16, f16, f17, f30  f16=xxxxxxxx f16:41449c32 f17:410c7726 f30:00000000
18569175ns          329696 1c008670 1066f353 fmul.s           f6, f13, f6          f6=xxxxxxxx f13:3feca445  f6:40dc10a6
18569195ns          329697 1c008674 05052883 lw               x17, 80(x10)        x17=40e56dcd x10:1c010fe0  PA:1c011030
18569493ns          329712 1c008678 0087a403 lw               x8, 8(x15)           x8=410e9b66 x15:1c010a98  PA:1c010aa0
18569792ns          329727 1c00867a 80737343 fmadd.s          f6, f6, f7, f16      f6=xxxxxxxx  f6:414b6c8f  f7:409cc11d f16:42d7c1da
18569812ns          329728 1c00867e 1116f8d3 fmul.s           f17, f13, f17       f17=xxxxxxxx f13:3feca445 f17:40e56dcd
18569832ns          329729 1c008682 07852803 lw               x16, 120(x10)       x16=40e99919 x10:1c010fe0  PA:1c011058
18570130ns          329744 1c008686 00c7a383 lw               x7, 12(x15)          x7=4111146c x15:1c010a98  PA:1c010aa4
18570428ns          329759 1c00868a 3088f8c3 fmadd.s          f17, f17, f8, f6    f17=xxxxxxxx f17:41541471  f8:410e9b66  f6:432a28bb
18570448ns          329760 1c00868e 1106f853 fmul.s           f16, f13, f16       f16=xxxxxxxx f13:3feca445 f16:40e99919
18570468ns          329761 1c008692 0a052303 lw               x6, 160(x10)         x6=40cf94c1 x10:1c010fe0  PA:1c011080
18570766ns          329776 1c008696 0107a403 lw               x8, 16(x15)          x8=411cf295 x15:1c010a98  PA:1c010aa8
18571065ns          329791 1c008698 88787843 fmadd.s          f16, f16, f7, f17   f16=xxxxxxxx f16:4157ef08  f7:4111146c f17:43902667
18571085ns          329792 1c00869c 1066f353 fmul.s           f6, f13, f6          f6=xxxxxxxx f13:3feca445  f6:40cf94c1
18571105ns          329793 1c0086a0 0c852883 lw               x17, 200(x10)       x17=3f8087af x10:1c010fe0  PA:1c0110a8
18571423ns          329809 1c0086a4 0147a383 lw               x7, 20(x15)          x7=410e9e20 x15:1c010a98  PA:1c010aac
18571721ns          329824 1c0086a8 80837343 fmadd.s          f6, f6, f8, f16      f6=xxxxxxxx  f6:413fe255  f8:411cf295 f16:43cd5636
18571741ns          329825 1c0086ac 1116f8d3 fmul.s           f17, f13, f17       f17=xxxxxxxx f13:3feca445 f17:3f8087af
18571761ns          329826 1c0086b0 0f052803 lw               x16, 240(x10)       x16=40c2738d x10:1c010fe0  PA:1c0110d0
18572059ns          329841 1c0086b4 0187a403 lw               x8, 24(x15)          x8=4117932f x15:1c010a98  PA:1c010ab0
18572358ns          329856 1c0086b6 3078f8c3 fmadd.s          f17, f17, f7, f6    f17=xxxxxxxx f17:3fed9f1e  f7:410e9e20  f6:4404140b
18572378ns          329857 1c0086ba 1106f853 fmul.s           f16, f13, f16       f16=xxxxxxxx f13:3feca445 f16:40c2738d
18572397ns          329858 1c0086be 11852303 lw               x6, 280(x10)         x6=40577757 x10:1c010fe0  PA:1c0110f8
18572716ns          329874 1c0086c2 01c7a383 lw               x7, 28(x15)          x7=409564dd x15:1c010a98  PA:1c010ab4
18573014ns          329889 1c0086c6 88887843 fmadd.s          f16, f16, f8, f17   f16=xxxxxxxx f16:4133bf4c  f8:4117932f f17:44083713
18573034ns          329890 1c0086ca 1066f353 fmul.s           f6, f13, f6          f6=xxxxxxxx f13:3feca445  f6:40577757
18573054ns          329891 1c0086ce 14052883 lw               x17, 320(x10)       x17=40e52d51 x10:1c010fe0  PA:1c011120
18573352ns          329906 1c0086d2 0207a403 lw               x8, 32(x15)          x8=4093773f x15:1c010a98  PA:1c010ab8
18573651ns          329921 1c0086d4 80737343 fmadd.s          f6, f6, f7, f16      f6=xxxxxxxx  f6:40c72c47  f7:409564dd f16:4422d25e
18573670ns          329922 1c0086d8 1116f8d3 fmul.s           f17, f13, f17       f17=xxxxxxxx f13:3feca445 f17:40e52d51
18573690ns          329923 1c0086dc 16852803 lw               x16, 360(x10)       x16=40f0cd12 x10:1c010fe0  PA:1c011148
18574009ns          329939 1c0086e0 0247a383 lw               x7, 36(x15)          x7=40848fc1 x15:1c010a98  PA:1c010abc
18574307ns          329954 1c0086e4 3088f8c3 fmadd.s          f17, f17, f8, f6    f17=xxxxxxxx f17:4153d8d5  f8:4093773f  f6:442a1612
18574327ns          329955 1c0086e8 1106f853 fmul.s           f16, f13, f16       f16=xxxxxxxx f13:3feca445 f16:40f0cd12
18574347ns          329956 1c0086ec 000ea303 lw               x6, 0(x29)           x6=408dc0b3 x29:10001790  PA:10001790
18574367ns          329957 1c0086f0 02878793 addi             x15, x15, 40        x15=1c010ac0 x15:1c010a98
18574387ns          329958 1c0086f4 88787843 fmadd.s          f16, f16, f7, f17   f16=xxxxxxxx f16:415e9791  f7:40848fc1 f17:44395718
18574406ns          329959 1c0086f8 80e37843 fmadd.s          f16, f6, f14, f16   f16=xxxxxxxx  f6:408dc0b3 f14:411d91fb f16:4447bf7d
18574426ns          329960 1c0086fc 030ea42b p.sw             x16, 40(x29!)       x29=100017b8 x16:4452a77d x29:10001790  PA:10001790
18574446ns          329961 1c008658 00052803 lw               x16, 0(x10)         x16=40d4b197 x10:1c010fe0  PA:1c010fe0
18574745ns          329976 1c00865c 0007a883 lw               x17, 0(x15)         x17=3f715ac3 x15:1c010ac0  PA:1c010ac0
18575043ns          329991 1c008660 1106f853 fmul.s           f16, f13, f16       f16=xxxxxxxx f13:3feca445 f16:40d4b197
18575063ns          329992 1c008664 02852303 lw               x6, 40(x10)          x6=40dc10a6 x10:1c010fe0  PA:1c011008
18575381ns          330008 1c008668 0047a383 lw               x7, 4(x15)           x7=4048040c x15:1c010ac0  PA:1c010ac4
18575679ns          330023 1c00866c f1187843 fmadd.s          f16, f16, f17, f30  f16=xxxxxxxx f16:41449c32 f17:3f715ac3 f30:00000000
18575699ns          330024 1c008670 1066f353 fmul.s           f6, f13, f6          f6=xxxxxxxx f13:3feca445  f6:40dc10a6
18575719ns          330025 1c008674 05052883 lw               x17, 80(x10)        x17=40e56dcd x10:1c010fe0  PA:1c011030
18576018ns          330040 1c008678 0087a403 lw               x8, 8(x15)           x8=408e450e x15:1c010ac0  PA:1c010ac8
18576316ns          330055 1c00867a 80737343 fmadd.s          f6, f6, f7, f16      f6=xxxxxxxx  f6:414b6c8f  f7:4048040c f16:41395cc0
18576336ns          330056 1c00867e 1116f8d3 fmul.s           f17, f13, f17       f17=xxxxxxxx f13:3feca445 f17:40e56dcd
18576356ns          330057 1c008682 07852803 lw               x16, 120(x10)       x16=40e99919 x10:1c010fe0  PA:1c011058
18576674ns          330073 1c008686 00c7a383 lw               x7, 12(x15)          x7=4107c1ec x15:1c010ac0  PA:1c010acc
18576972ns          330088 1c00868a 3088f8c3 fmadd.s          f17, f17, f8, f6    f17=xxxxxxxx f17:41541471  f8:408e450e  f6:424d4737
18576992ns          330089 1c00868e 1106f853 fmul.s           f16, f13, f16       f16=xxxxxxxx f13:3feca445 f16:40e99919
18577012ns          330090 1c008692 0a052303 lw               x6, 160(x10)         x6=40cf94c1 x10:1c010fe0  PA:1c011080
18577310ns          330105 1c008696 0107a403 lw               x8, 16(x15)          x8=4095fac3 x15:1c010ac0  PA:1c010ad0
18577609ns          330120 1c008698 88787843 fmadd.s          f16, f16, f7, f17   f16=xxxxxxxx f16:4157ef08  f7:4107c1ec f17:42dc8027
18577629ns          330121 1c00869c 1066f353 fmul.s           f6, f13, f6          f6=xxxxxxxx f13:3feca445  f6:40cf94c1
18577649ns          330122 1c0086a0 0c852883 lw               x17, 200(x10)       x17=3f8087af x10:1c010fe0  PA:1c0110a8
18577967ns          330138 1c0086a4 0147a383 lw               x7, 20(x15)          x7=41121d4e x15:1c010ac0  PA:1c010ad4
18578265ns          330153 1c0086a8 80837343 fmadd.s          f6, f6, f8, f16      f6=xxxxxxxx  f6:413fe255  f8:4095fac3 f16:4360c2b3
18578285ns          330154 1c0086ac 1116f8d3 fmul.s           f17, f13, f17       f17=xxxxxxxx f13:3feca445 f17:3f8087af
18578305ns          330155 1c0086b0 0f052803 lw               x16, 240(x10)       x16=40c2738d x10:1c010fe0  PA:1c0110d0
18578603ns          330170 1c0086b4 0187a403 lw               x8, 24(x15)          x8=3ff1facf x15:1c010ac0  PA:1c010ad8
18578902ns          330185 1c0086b6 3078f8c3 fmadd.s          f17, f17, f7, f6    f17=xxxxxxxx f17:3fed9f1e  f7:41121d4e  f6:438c7c06
18578922ns          330186 1c0086ba 1106f853 fmul.s           f16, f13, f16       f16=xxxxxxxx f13:3feca445 f16:40c2738d
18578942ns          330187 1c0086be 11852303 lw               x6, 280(x10)         x6=40577757 x10:1c010fe0  PA:1c0110f8
18579240ns          330202 1c0086c2 01c7a383 lw               x7, 28(x15)          x7=40fce41e x15:1c010ac0  PA:1c010adc
18579538ns          330217 1c0086c6 88887843 fmadd.s          f16, f16, f8, f17   f16=xxxxxxxx f16:4133bf4c  f8:3ff1facf f17:4394f605
18579558ns          330218 1c0086ca 1066f353 fmul.s           f6, f13, f6          f6=xxxxxxxx f13:3feca445  f6:40577757
18579578ns          330219 1c0086ce 14052883 lw               x17, 320(x10)       x17=40e52d51 x10:1c010fe0  PA:1c011120
18579876ns          330234 1c0086d2 0207a403 lw               x8, 32(x15)          x8=4111ef9d x15:1c010ac0  PA:1c010ae0
18580175ns          330249 1c0086d4 80737343 fmadd.s          f6, f6, f7, f16      f6=xxxxxxxx  f6:40c72c47  f7:40fce41e f16:439f9478
18580195ns          330250 1c0086d8 1116f8d3 fmul.s           f17, f13, f17       f17=xxxxxxxx f13:3feca445 f17:40e52d51
18580215ns          330251 1c0086dc 16852803 lw               x16, 360(x10)       x16=40f0cd12 x10:1c010fe0  PA:1c011148
18580513ns          330266 1c0086e0 0247a383 lw               x7, 36(x15)          x7=40f90988 x15:1c010ac0  PA:1c010ae4
18580811ns          330281 1c0086e4 3088f8c3 fmadd.s          f17, f17, f8, f6    f17=xxxxxxxx f17:4153d8d5  f8:4111ef9d  f6:43b82c9a
18580831ns          330282 1c0086e8 1106f853 fmul.s           f16, f13, f16       f16=xxxxxxxx f13:3feca445 f16:40f0cd12
18580851ns          330283 1c0086ec 000ea303 lw               x6, 0(x29)           x6=40bb96fa x29:100017b8  PA:100017b8
18580871ns          330284 1c0086f0 02878793 addi             x15, x15, 40        x15=1c010ae8 x15:1c010ac0
18580891ns          330285 1c0086f4 88787843 fmadd.s          f16, f16, f7, f17   f16=xxxxxxxx f16:415e9791  f7:40f90988 f17:43f48ea7
18580911ns          330286 1c0086f8 80e37843 fmadd.s          f16, f6, f14, f16   f16=xxxxxxxx  f6:40bb96fa f14:411d91fb f16:4415588a
18580931ns          330287 1c0086fc 030ea42b p.sw             x16, 40(x29!)       x29=100017e0 x16:4423c75c x29:100017b8  PA:100017b8
18580950ns          330288 1c008658 00052803 lw               x16, 0(x10)         x16=40d4b197 x10:1c010fe0  PA:1c010fe0
18581249ns          330303 1c00865c 0007a883 lw               x17, 0(x15)         x17=3fb6e5d0 x15:1c010ae8  PA:1c010ae8
18581547ns          330318 1c008660 1106f853 fmul.s           f16, f13, f16       f16=xxxxxxxx f13:3feca445 f16:40d4b197
18581567ns          330319 1c008664 02852303 lw               x6, 40(x10)          x6=40dc10a6 x10:1c010fe0  PA:1c011008
18581865ns          330334 1c008668 0047a383 lw               x7, 4(x15)           x7=4093fb1d x15:1c010ae8  PA:1c010aec
18582164ns          330349 1c00866c f1187843 fmadd.s          f16, f16, f17, f30  f16=xxxxxxxx f16:41449c32 f17:3fb6e5d0 f30:00000000
18582184ns          330350 1c008670 1066f353 fmul.s           f6, f13, f6          f6=xxxxxxxx f13:3feca445  f6:40dc10a6
18582204ns          330351 1c008674 05052883 lw               x17, 80(x10)        x17=40e56dcd x10:1c010fe0  PA:1c011030
18582502ns          330366 1c008678 0087a403 lw               x8, 8(x15)           x8=40dc0282 x15:1c010ae8  PA:1c010af0
18582800ns          330381 1c00867a 80737343 fmadd.s          f6, f6, f7, f16      f6=xxxxxxxx  f6:414b6c8f  f7:4093fb1d f16:418c778b
18582820ns          330382 1c00867e 1116f8d3 fmul.s           f17, f13, f17       f17=xxxxxxxx f13:3feca445 f17:40e56dcd
18582840ns          330383 1c008682 07852803 lw               x16, 120(x10)       x16=40e99919 x10:1c010fe0  PA:1c011058
18583138ns          330398 1c008686 00c7a383 lw               x7, 12(x15)          x7=408975eb x15:1c010ae8  PA:1c010af4
18583437ns          330413 1c00868a 3088f8c3 fmadd.s          f17, f17, f8, f6    f17=xxxxxxxx f17:41541471  f8:40dc0282  f6:4298b4c3
18583457ns          330414 1c00868e 1106f853 fmul.s           f16, f13, f16       f16=xxxxxxxx f13:3feca445 f16:40e99919
18583477ns          330415 1c008692 0a052303 lw               x6, 160(x10)         x6=40cf94c1 x10:1c010fe0  PA:1c011080
18583775ns          330430 1c008696 0107a403 lw               x8, 16(x15)          x8=4035707b x15:1c010ae8  PA:1c010af8
18584073ns          330445 1c008698 88787843 fmadd.s          f16, f16, f7, f17   f16=xxxxxxxx f16:4157ef08  f7:408975eb f17:43277c34
18584093ns          330446 1c00869c 1066f353 fmul.s           f6, f13, f6          f6=xxxxxxxx f13:3feca445  f6:40cf94c1
18584113ns          330447 1c0086a0 0c852883 lw               x17, 200(x10)       x17=3f8087af x10:1c010fe0  PA:1c0110a8
18584411ns          330462 1c0086a4 0147a383 lw               x7, 20(x15)          x7=40e890ec x15:1c010ae8  PA:1c010afc
18584730ns          330478 1c0086a8 80837343 fmadd.s          f6, f6, f8, f16      f6=xxxxxxxx  f6:413fe255  f8:4035707b f16:43617565
18584750ns          330479 1c0086ac 1116f8d3 fmul.s           f17, f13, f17       f17=xxxxxxxx f13:3feca445 f17:3f8087af
18584770ns          330480 1c0086b0 0f052803 lw               x16, 240(x10)       x16=40c2738d x10:1c010fe0  PA:1c0110d0
18585068ns          330495 1c0086b4 0187a403 lw               x8, 24(x15)          x8=40a13991 x15:1c010ae8  PA:1c010b00
18585366ns          330510 1c0086b6 3078f8c3 fmadd.s          f17, f17, f7, f6    f17=xxxxxxxx f17:3fed9f1e  f7:40e890ec  f6:4381ba9d
18585386ns          330511 1c0086ba 1106f853 fmul.s           f16, f13, f16       f16=xxxxxxxx f13:3feca445 f16:40c2738d
18585406ns          330512 1c0086be 11852303 lw               x6, 280(x10)         x6=40577757 x10:1c010fe0  PA:1c0110f8
18585704ns          330527 1c0086c2 01c7a383 lw               x7, 28(x15)          x7=3f6ceaef x15:1c010ae8  PA:1c010b04
18586023ns          330543 1c0086c6 88887843 fmadd.s          f16, f16, f8, f17   f16=xxxxxxxx f16:4133bf4c  f8:40a13991 f17:43887993
18586043ns          330544 1c0086ca 1066f353 fmul.s           f6, f13, f6          f6=xxxxxxxx f13:3feca445  f6:40577757
18586062ns          330545 1c0086ce 14052883 lw               x17, 320(x10)       x17=40e52d51 x10:1c010fe0  PA:1c011120
18586361ns          330560 1c0086d2 0207a403 lw               x8, 32(x15)          x8=405a42a6 x15:1c010ae8  PA:1c010b08
18586659ns          330575 1c0086d4 80737343 fmadd.s          f6, f6, f7, f16      f6=xxxxxxxx  f6:40c72c47  f7:3f6ceaef f16:43a4c682
18586679ns          330576 1c0086d8 1116f8d3 fmul.s           f17, f13, f17       f17=xxxxxxxx f13:3feca445 f17:40e52d51
18586699ns          330577 1c0086dc 16852803 lw               x16, 360(x10)       x16=40f0cd12 x10:1c010fe0  PA:1c011148
18586997ns          330592 1c0086e0 0247a383 lw               x7, 36(x15)          x7=40c7feba x15:1c010ae8  PA:1c010b0c
18587316ns          330608 1c0086e4 3088f8c3 fmadd.s          f17, f17, f8, f6    f17=xxxxxxxx f17:4153d8d5  f8:405a42a6  f6:43a7a7d0
18587335ns          330609 1c0086e8 1106f853 fmul.s           f16, f13, f16       f16=xxxxxxxx f13:3feca445 f16:40f0cd12
18587355ns          330610 1c0086ec 000ea303 lw               x6, 0(x29)           x6=40b5c419 x29:100017e0  PA:100017e0
18587375ns          330611 1c0086f0 02878793 addi             x15, x15, 40        x15=1c010b10 x15:1c010ae8
18587395ns          330612 1c0086f4 88787843 fmadd.s          f16, f16, f7, f17   f16=xxxxxxxx f16:415e9791  f7:40c7feba f17:43be3b8a
18587415ns          330613 1c0086f8 80e37843 fmadd.s          f16, f6, f14, f16   f16=xxxxxxxx  f6:40b5c419 f14:411d91fb f16:43e9b4dd
18587435ns          330614 1c0086fc 030ea42b p.sw             x16, 40(x29!)       x29=10001808 x16:4402d68c x29:100017e0  PA:100017e0
18587455ns          330615 1c008700 00460613 addi             x12, x12, 4         x12=1000167c x12:10001678
18587475ns          330616 1c008702 00450513 addi             x10, x10, 4         x10=1c010fe4 x10:1c010fe0
18587514ns          330618 1c008632 40b28e33 sub              x28, x5, x11        x28=00000190  x5:1c010b10 x11:1c010980
18587534ns          330619 1c008636 fd8e0e13 addi             x28, x28, -40       x28=00000168 x28:00000190
18587554ns          330620 1c00863a 0cccd7b7 lui              x15, 0xcccd000      x15=0cccd000
18587574ns          330621 1c00863e ccd78793 addi             x15, x15, -819      x15=0ccccccd x15:0cccd000
18587594ns          330622 1c008642 003e5e13 srli             x28, x28, 0x3       x28=0000002d x28:00000168
18587614ns          330623 1c008646 02fe0e33 mul              x28, x28, x15       x28=40000009 x28:0000002d x15:0ccccccd
18587634ns          330624 1c00864a c5de3e33 p.bclr           x28, x28, 2, 29     x28=00000009 x28:40000009
18587654ns          330625 1c00864e 00b007b3 add              x15, x0, x11        x15=1c010980 x11:1c010980
18587674ns          330626 1c008650 00c00eb3 add              x29, x0, x12        x29=1000167c x12:1000167c
18587693ns          330627 1c008652 001e0e13 addi             x28, x28, 1         x28=0000000a x28:00000009
18587713ns          330628 1c008654 054e40fb lp.setup         0x1, x28, 0x54      x28:0000000a
18587733ns          330629 1c008658 00052803 lw               x16, 0(x10)         x16=40f21941 x10:1c010fe4  PA:1c010fe4
18588032ns          330644 1c00865c 0007a883 lw               x17, 0(x15)         x17=4052e826 x15:1c010980  PA:1c010980
18588330ns          330659 1c008660 1106f853 fmul.s           f16, f13, f16       f16=xxxxxxxx f13:3feca445 f16:40f21941
18588350ns          330660 1c008664 02852303 lw               x6, 40(x10)          x6=40efec1d x10:1c010fe4  PA:1c01100c
18588668ns          330676 1c008668 0047a383 lw               x7, 4(x15)           x7=3e594d74 x15:1c010980  PA:1c010984
18588966ns          330691 1c00866c f1187843 fmadd.s          f16, f16, f17, f30  f16=xxxxxxxx f16:415fcaa1 f17:4052e826 f30:00000000
18588986ns          330692 1c008670 1066f353 fmul.s           f6, f13, f6          f6=xxxxxxxx f13:3feca445  f6:40efec1d
18589006ns          330693 1c008674 05052883 lw               x17, 80(x10)        x17=40ee9b22 x10:1c010fe4  PA:1c011034
18589305ns          330708 1c008678 0087a403 lw               x8, 8(x15)           x8=410a346e x15:1c010980  PA:1c010988
18589603ns          330723 1c00867a 80737343 fmadd.s          f6, f6, f7, f16      f6=xxxxxxxx  f6:415dc79f  f7:3e594d74 f16:42385f29
18589623ns          330724 1c00867e 1116f8d3 fmul.s           f17, f13, f17       f17=xxxxxxxx f13:3feca445 f17:40ee9b22
18589643ns          330725 1c008682 07852803 lw               x16, 120(x10)       x16=3f95a5c4 x10:1c010fe4  PA:1c01105c
18589961ns          330741 1c008686 00c7a383 lw               x7, 12(x15)          x7=3fdcbabb x15:1c010980  PA:1c01098c
18590259ns          330756 1c00868a 3088f8c3 fmadd.s          f17, f17, f8, f6    f17=xxxxxxxx f17:415c901f  f8:410a346e  f6:4244233e
18590279ns          330757 1c00868e 1106f853 fmul.s           f16, f13, f16       f16=xxxxxxxx f13:3feca445 f16:3f95a5c4
18590299ns          330758 1c008692 0a052303 lw               x6, 160(x10)         x6=410cca71 x10:1c010fe4  PA:1c011084
18590598ns          330773 1c008696 0107a403 lw               x8, 16(x15)          x8=403131d8 x15:1c010980  PA:1c010990
18590896ns          330788 1c008698 88787843 fmadd.s          f16, f16, f7, f17   f16=xxxxxxxx f16:400a54d7  f7:3fdcbabb f17:43281bac
18590916ns          330789 1c00869c 1066f353 fmul.s           f6, f13, f6          f6=xxxxxxxx f13:3feca445  f6:410cca71
18590936ns          330790 1c0086a0 0c852883 lw               x17, 200(x10)       x17=40a36c79 x10:1c010fe4  PA:1c0110ac
18591234ns          330805 1c0086a4 0147a383 lw               x7, 20(x15)          x7=40b905da x15:1c010980  PA:1c010994
18591532ns          330820 1c0086a8 80837343 fmadd.s          f6, f6, f8, f16      f6=xxxxxxxx  f6:418224f8  f8:403131d8 f16:432bd5da
18591552ns          330821 1c0086ac 1116f8d3 fmul.s           f17, f13, f17       f17=xxxxxxxx f13:3feca445 f17:40a36c79
18591572ns          330822 1c0086b0 0f052803 lw               x16, 240(x10)       x16=41006bf3 x10:1c010fe4  PA:1c0110d4
18591871ns          330837 1c0086b4 0187a403 lw               x8, 24(x15)          x8=3f3f71e4 x15:1c010980  PA:1c010998
18592169ns          330852 1c0086b6 3078f8c3 fmadd.s          f17, f17, f7, f6    f17=xxxxxxxx f17:411710dd  f7:40b905da  f6:4358e04d
18592189ns          330853 1c0086ba 1106f853 fmul.s           f16, f13, f16       f16=xxxxxxxx f13:3feca445 f16:41006bf3
18592209ns          330854 1c0086be 11852303 lw               x6, 280(x10)         x6=4107595b x10:1c010fe4  PA:1c0110fc
18592507ns          330869 1c0086c2 01c7a383 lw               x7, 28(x15)          x7=40b21fda x15:1c010980  PA:1c01099c
18592805ns          330884 1c0086c6 88887843 fmadd.s          f16, f16, f8, f17   f16=xxxxxxxx f16:416d6bd8  f8:3f3f71e4 f17:4387bbcf
18592825ns          330885 1c0086ca 1066f353 fmul.s           f6, f13, f6          f6=xxxxxxxx f13:3feca445  f6:4107595b
18592845ns          330886 1c0086ce 14052883 lw               x17, 320(x10)       x17=407495e9 x10:1c010fe4  PA:1c011124
18593144ns          330901 1c0086d2 0207a403 lw               x8, 32(x15)          x8=404c67dc x15:1c010980  PA:1c0109a0
18593442ns          330916 1c0086d4 80737343 fmadd.s          f6, f6, f7, f16      f6=xxxxxxxx  f6:417a3a73  f7:40b21fda f16:438d4838
18593462ns          330917 1c0086d8 1116f8d3 fmul.s           f17, f13, f17       f17=xxxxxxxx f13:3feca445 f17:407495e9
18593482ns          330918 1c0086dc 16852803 lw               x16, 360(x10)       x16=4002c806 x10:1c010fe4  PA:1c01114c
18593780ns          330933 1c0086e0 0247a383 lw               x7, 36(x15)          x7=3f63643c x15:1c010980  PA:1c0109a4
18594078ns          330948 1c0086e4 3088f8c3 fmadd.s          f17, f17, f8, f6    f17=xxxxxxxx f17:40e21725  f8:404c67dc  f6:43b8cf2a
18594098ns          330949 1c0086e8 1106f853 fmul.s           f16, f13, f16       f16=xxxxxxxx f13:3feca445 f16:4002c806
18594118ns          330950 1c0086ec 000ea303 lw               x6, 0(x29)           x6=411cf3ec x29:1000167c  PA:1000167c
18594138ns          330951 1c0086f0 02878793 addi             x15, x15, 40        x15=1c0109a8 x15:1c010980
18594158ns          330952 1c0086f4 88787843 fmadd.s          f16, f16, f7, f17   f16=xxxxxxxx f16:4071c8a2  f7:3f63643c f17:43c4178d
18594178ns          330953 1c0086f8 80e37843 fmadd.s          f16, f6, f14, f16   f16=xxxxxxxx  f6:411cf3ec f14:411d91fb f16:43c5c514
18594198ns          330954 1c0086fc 030ea42b p.sw             x16, 40(x29!)       x29=100016a4 x16:43f612a0 x29:1000167c  PA:1000167c
18594218ns          330955 1c008658 00052803 lw               x16, 0(x10)         x16=40f21941 x10:1c010fe4  PA:1c010fe4
18594516ns          330970 1c00865c 0007a883 lw               x17, 0(x15)         x17=410caf4f x15:1c0109a8  PA:1c0109a8
18594814ns          330985 1c008660 1106f853 fmul.s           f16, f13, f16       f16=xxxxxxxx f13:3feca445 f16:40f21941
18594834ns          330986 1c008664 02852303 lw               x6, 40(x10)          x6=40efec1d x10:1c010fe4  PA:1c01100c
18595133ns          331001 1c008668 0047a383 lw               x7, 4(x15)           x7=41176372 x15:1c0109a8  PA:1c0109ac
18595431ns          331016 1c00866c f1187843 fmadd.s          f16, f16, f17, f30  f16=xxxxxxxx f16:415fcaa1 f17:410caf4f f30:00000000
18595451ns          331017 1c008670 1066f353 fmul.s           f6, f13, f6          f6=xxxxxxxx f13:3feca445  f6:40efec1d
18595471ns          331018 1c008674 05052883 lw               x17, 80(x10)        x17=40ee9b22 x10:1c010fe4  PA:1c011034
18595769ns          331033 1c008678 0087a403 lw               x8, 8(x15)           x8=409cf1d2 x15:1c0109a8  PA:1c0109b0
18596067ns          331048 1c00867a 80737343 fmadd.s          f6, f6, f7, f16      f6=xxxxxxxx  f6:415dc79f  f7:41176372 f16:42f5f821
18596087ns          331049 1c00867e 1116f8d3 fmul.s           f17, f13, f17       f17=xxxxxxxx f13:3feca445 f17:40ee9b22
18596107ns          331050 1c008682 07852803 lw               x16, 120(x10)       x16=3f95a5c4 x10:1c010fe4  PA:1c01105c
18596406ns          331065 1c008686 00c7a383 lw               x7, 12(x15)          x7=410ddd2e x15:1c0109a8  PA:1c0109b4
18596724ns          331081 1c00868a 3088f8c3 fmadd.s          f17, f17, f8, f6    f17=xxxxxxxx f17:415c901f  f8:409cf1d2  f6:437e22f6
18596744ns          331082 1c00868e 1106f853 fmul.s           f16, f13, f16       f16=xxxxxxxx f13:3feca445 f16:3f95a5c4
18596764ns          331083 1c008692 0a052303 lw               x6, 160(x10)         x6=410cca71 x10:1c010fe4  PA:1c011084
18597062ns          331098 1c008696 0107a403 lw               x8, 16(x15)          x8=3fd37db8 x15:1c0109a8  PA:1c0109b8
18597360ns          331113 1c008698 88787843 fmadd.s          f16, f16, f7, f17   f16=xxxxxxxx f16:400a54d7  f7:410ddd2e f17:43a0df86
18597380ns          331114 1c00869c 1066f353 fmul.s           f6, f13, f6          f6=xxxxxxxx f13:3feca445  f6:410cca71
18597400ns          331115 1c0086a0 0c852883 lw               x17, 200(x10)       x17=40a36c79 x10:1c010fe4  PA:1c0110ac
18597699ns          331130 1c0086a4 0147a383 lw               x7, 20(x15)          x7=404b6f19 x15:1c0109a8  PA:1c0109bc
18598017ns          331146 1c0086a8 80837343 fmadd.s          f6, f6, f8, f16      f6=xxxxxxxx  f6:418224f8  f8:3fd37db8 f16:43aa748e
18598037ns          331147 1c0086ac 1116f8d3 fmul.s           f17, f13, f17       f17=xxxxxxxx f13:3feca445 f17:40a36c79
18598057ns          331148 1c0086b0 0f052803 lw               x16, 240(x10)       x16=41006bf3 x10:1c010fe4  PA:1c0110d4
18598355ns          331163 1c0086b4 0187a403 lw               x8, 24(x15)          x8=40c05806 x15:1c0109a8  PA:1c0109c0
18598653ns          331178 1c0086b6 3078f8c3 fmadd.s          f17, f17, f7, f6    f17=xxxxxxxx f17:411710dd  f7:404b6f19  f6:43b7e51a
18598673ns          331179 1c0086ba 1106f853 fmul.s           f16, f13, f16       f16=xxxxxxxx f13:3feca445 f16:41006bf3
18598693ns          331180 1c0086be 11852303 lw               x6, 280(x10)         x6=4107595b x10:1c010fe4  PA:1c0110fc
18598991ns          331195 1c0086c2 01c7a383 lw               x7, 28(x15)          x7=411fcb27 x15:1c0109a8  PA:1c0109c4
18599310ns          331211 1c0086c6 88887843 fmadd.s          f16, f16, f8, f17   f16=xxxxxxxx f16:416d6bd8  f8:40c05806 f17:43c6e698
18599330ns          331212 1c0086ca 1066f353 fmul.s           f6, f13, f6          f6=xxxxxxxx f13:3feca445  f6:4107595b
18599349ns          331213 1c0086ce 14052883 lw               x17, 320(x10)       x17=407495e9 x10:1c010fe4  PA:1c011124
18599648ns          331228 1c0086d2 0207a403 lw               x8, 32(x15)          x8=409b827a x15:1c0109a8  PA:1c0109c8
18599946ns          331243 1c0086d4 80737343 fmadd.s          f6, f6, f7, f16      f6=xxxxxxxx  f6:417a3a73  f7:411fcb27 f16:43f37f39
18599966ns          331244 1c0086d8 1116f8d3 fmul.s           f17, f13, f17       f17=xxxxxxxx f13:3feca445 f17:407495e9
18599986ns          331245 1c0086dc 16852803 lw               x16, 360(x10)       x16=4002c806 x10:1c010fe4  PA:1c01114c
18600284ns          331260 1c0086e0 0247a383 lw               x7, 36(x15)          x7=40fbbc63 x15:1c0109a8  PA:1c0109cc
18600603ns          331276 1c0086e4 3088f8c3 fmadd.s          f17, f17, f8, f6    f17=xxxxxxxx f17:40e21725  f8:409b827a  f6:4420cbd4
18600622ns          331277 1c0086e8 1106f853 fmul.s           f16, f13, f16       f16=xxxxxxxx f13:3feca445 f16:4002c806
18600642ns          331278 1c0086ec 000ea303 lw               x6, 0(x29)           x6=411e7cba x29:100016a4  PA:100016a4
18600662ns          331279 1c0086f0 02878793 addi             x15, x15, 40        x15=1c0109d0 x15:1c0109a8
18600682ns          331280 1c0086f4 88787843 fmadd.s          f16, f16, f7, f17   f16=xxxxxxxx f16:4071c8a2  f7:40fbbc63 f17:44296148
18600702ns          331281 1c0086f8 80e37843 fmadd.s          f16, f6, f14, f16   f16=xxxxxxxx  f6:411e7cba f14:411d91fb f16:4430cf55
18600722ns          331282 1c0086fc 030ea42b p.sw             x16, 40(x29!)       x29=100016cc x16:4449328d x29:100016a4  PA:100016a4
18600742ns          331283 1c008658 00052803 lw               x16, 0(x10)         x16=40f21941 x10:1c010fe4  PA:1c010fe4
18601040ns          331298 1c00865c 0007a883 lw               x17, 0(x15)         x17=3fe434c6 x15:1c0109d0  PA:1c0109d0
18601339ns          331313 1c008660 1106f853 fmul.s           f16, f13, f16       f16=xxxxxxxx f13:3feca445 f16:40f21941
18601358ns          331314 1c008664 02852303 lw               x6, 40(x10)          x6=40efec1d x10:1c010fe4  PA:1c01100c
18601657ns          331329 1c008668 0047a383 lw               x7, 4(x15)           x7=3ea9eacd x15:1c0109d0  PA:1c0109d4
18601975ns          331345 1c00866c f1187843 fmadd.s          f16, f16, f17, f30  f16=xxxxxxxx f16:415fcaa1 f17:3fe434c6 f30:00000000
18601995ns          331346 1c008670 1066f353 fmul.s           f6, f13, f6          f6=xxxxxxxx f13:3feca445  f6:40efec1d
18602015ns          331347 1c008674 05052883 lw               x17, 80(x10)        x17=40ee9b22 x10:1c010fe4  PA:1c011034
18602313ns          331362 1c008678 0087a403 lw               x8, 8(x15)           x8=40d2ef84 x15:1c0109d0  PA:1c0109d8
18602612ns          331377 1c00867a 80737343 fmadd.s          f6, f6, f7, f16      f6=xxxxxxxx  f6:415dc79f  f7:3ea9eacd f16:41c77e9a
18602631ns          331378 1c00867e 1116f8d3 fmul.s           f17, f13, f17       f17=xxxxxxxx f13:3feca445 f17:40ee9b22
18602651ns          331379 1c008682 07852803 lw               x16, 120(x10)       x16=3f95a5c4 x10:1c010fe4  PA:1c01105c
18602950ns          331394 1c008686 00c7a383 lw               x7, 12(x15)          x7=40e0a6ee x15:1c0109d0  PA:1c0109dc
18603268ns          331410 1c00868a 3088f8c3 fmadd.s          f17, f17, f8, f6    f17=xxxxxxxx f17:415c901f  f8:40d2ef84  f6:41ec4ba7
18603288ns          331411 1c00868e 1106f853 fmul.s           f16, f13, f16       f16=xxxxxxxx f13:3feca445 f16:3f95a5c4
18603308ns          331412 1c008692 0a052303 lw               x6, 160(x10)         x6=410cca71 x10:1c010fe4  PA:1c011084
18603606ns          331427 1c008696 0107a403 lw               x8, 16(x15)          x8=410949c7 x15:1c0109d0  PA:1c0109e0
18603904ns          331442 1c008698 88787843 fmadd.s          f16, f16, f7, f17   f16=xxxxxxxx f16:400a54d7  f7:40e0a6ee f17:42f0cf7f
18603924ns          331443 1c00869c 1066f353 fmul.s           f6, f13, f6          f6=xxxxxxxx f13:3feca445  f6:410cca71
18603944ns          331444 1c0086a0 0c852883 lw               x17, 200(x10)       x17=40a36c79 x10:1c010fe4  PA:1c0110ac
18604243ns          331459 1c0086a4 0147a383 lw               x7, 20(x15)          x7=40fc045f x15:1c0109d0  PA:1c0109e4
18604541ns          331474 1c0086a8 80837343 fmadd.s          f6, f6, f8, f16      f6=xxxxxxxx  f6:418224f8  f8:410949c7 f16:4307944d
18604561ns          331475 1c0086ac 1116f8d3 fmul.s           f17, f13, f17       f17=xxxxxxxx f13:3feca445 f17:40a36c79
18604581ns          331476 1c0086b0 0f052803 lw               x16, 240(x10)       x16=41006bf3 x10:1c010fe4  PA:1c0110d4
18604879ns          331491 1c0086b4 0187a403 lw               x8, 24(x15)          x8=4075e4ea x15:1c0109d0  PA:1c0109e8
18605177ns          331506 1c0086b6 3078f8c3 fmadd.s          f17, f17, f7, f6    f17=xxxxxxxx f17:411710dd  f7:40fc045f  f6:43899571
18605197ns          331507 1c0086ba 1106f853 fmul.s           f16, f13, f16       f16=xxxxxxxx f13:3feca445 f16:41006bf3
18605217ns          331508 1c0086be 11852303 lw               x6, 280(x10)         x6=4107595b x10:1c010fe4  PA:1c0110fc
18605516ns          331523 1c0086c2 01c7a383 lw               x7, 28(x15)          x7=40951ac2 x15:1c0109d0  PA:1c0109ec
18605814ns          331538 1c0086c6 88887843 fmadd.s          f16, f16, f8, f17   f16=xxxxxxxx f16:416d6bd8  f8:4075e4ea f17:43aec33c
18605834ns          331539 1c0086ca 1066f353 fmul.s           f6, f13, f6          f6=xxxxxxxx f13:3feca445  f6:4107595b
18605854ns          331540 1c0086ce 14052883 lw               x17, 320(x10)       x17=407495e9 x10:1c010fe4  PA:1c011124
18606152ns          331555 1c0086d2 0207a403 lw               x8, 32(x15)          x8=3fd3f108 x15:1c0109d0  PA:1c0109f0
18606450ns          331570 1c0086d4 80737343 fmadd.s          f6, f6, f7, f16      f6=xxxxxxxx  f6:417a3a73  f7:40951ac2 f16:43cb44cc
18606470ns          331571 1c0086d8 1116f8d3 fmul.s           f17, f13, f17       f17=xxxxxxxx f13:3feca445 f17:407495e9
18606490ns          331572 1c0086dc 16852803 lw               x16, 360(x10)       x16=4002c806 x10:1c010fe4  PA:1c01114c
18606789ns          331587 1c0086e0 0247a383 lw               x7, 36(x15)          x7=3fdb9aaa x15:1c0109d0  PA:1c0109f4
18607087ns          331602 1c0086e4 3088f8c3 fmadd.s          f17, f17, f8, f6    f17=xxxxxxxx f17:40e21725  f8:3fd3f108  f6:43efb457
18607107ns          331603 1c0086e8 1106f853 fmul.s           f16, f13, f16       f16=xxxxxxxx f13:3feca445 f16:4002c806
18607127ns          331604 1c0086ec 000ea303 lw               x6, 0(x29)           x6=40b6975f x29:100016cc  PA:100016cc
18607147ns          331605 1c0086f0 02878793 addi             x15, x15, 40        x15=1c0109f8 x15:1c0109d0
18607166ns          331606 1c0086f4 88787843 fmadd.s          f16, f16, f7, f17   f16=xxxxxxxx f16:4071c8a2  f7:3fdb9aaa f17:43f58dc7
18607186ns          331607 1c0086f8 80e37843 fmadd.s          f16, f6, f14, f16   f16=xxxxxxxx  f6:40b6975f f14:411d91fb f16:43f8cb6a
18607206ns          331608 1c0086fc 030ea42b p.sw             x16, 40(x29!)       x29=100016f4 x16:440a7214 x29:100016cc  PA:100016cc
18607226ns          331609 1c008658 00052803 lw               x16, 0(x10)         x16=40f21941 x10:1c010fe4  PA:1c010fe4
18607525ns          331624 1c00865c 0007a883 lw               x17, 0(x15)         x17=40f724db x15:1c0109f8  PA:1c0109f8
18607823ns          331639 1c008660 1106f853 fmul.s           f16, f13, f16       f16=xxxxxxxx f13:3feca445 f16:40f21941
18607843ns          331640 1c008664 02852303 lw               x6, 40(x10)          x6=40efec1d x10:1c010fe4  PA:1c01100c
18608141ns          331655 1c008668 0047a383 lw               x7, 4(x15)           x7=411ba4c3 x15:1c0109f8  PA:1c0109fc
18608440ns          331670 1c00866c f1187843 fmadd.s          f16, f16, f17, f30  f16=xxxxxxxx f16:415fcaa1 f17:40f724db f30:00000000
18608459ns          331671 1c008670 1066f353 fmul.s           f6, f13, f6          f6=xxxxxxxx f13:3feca445  f6:40efec1d
18608479ns          331672 1c008674 05052883 lw               x17, 80(x10)        x17=40ee9b22 x10:1c010fe4  PA:1c011034
18608778ns          331687 1c008678 0087a403 lw               x8, 8(x15)           x8=411378f2 x15:1c0109f8  PA:1c010a00
18609076ns          331702 1c00867a 80737343 fmadd.s          f6, f6, f7, f16      f6=xxxxxxxx  f6:415dc79f  f7:411ba4c3 f16:42d80cb9
18609096ns          331703 1c00867e 1116f8d3 fmul.s           f17, f13, f17       f17=xxxxxxxx f13:3feca445 f17:40ee9b22
18609116ns          331704 1c008682 07852803 lw               x16, 120(x10)       x16=3f95a5c4 x10:1c010fe4  PA:1c01105c
18609414ns          331719 1c008686 00c7a383 lw               x7, 12(x15)          x7=408ce3e2 x15:1c0109f8  PA:1c010a04
18609713ns          331734 1c00868a 3088f8c3 fmadd.s          f17, f17, f8, f6    f17=xxxxxxxx f17:415c901f  f8:411378f2  f6:4372dcf7
18609732ns          331735 1c00868e 1106f853 fmul.s           f16, f13, f16       f16=xxxxxxxx f13:3feca445 f16:3f95a5c4
18609752ns          331736 1c008692 0a052303 lw               x6, 160(x10)         x6=410cca71 x10:1c010fe4  PA:1c011084
18610051ns          331751 1c008696 0107a403 lw               x8, 16(x15)          x8=3f897409 x15:1c0109f8  PA:1c010a08
18610349ns          331766 1c008698 88787843 fmadd.s          f16, f16, f7, f17   f16=xxxxxxxx f16:400a54d7  f7:408ce3e2 f17:43b8f5f6
18610369ns          331767 1c00869c 1066f353 fmul.s           f6, f13, f6          f6=xxxxxxxx f13:3feca445  f6:410cca71
18610389ns          331768 1c0086a0 0c852883 lw               x17, 200(x10)       x17=40a36c79 x10:1c010fe4  PA:1c0110ac
18610687ns          331783 1c0086a4 0147a383 lw               x7, 20(x15)          x7=4086046f x15:1c0109f8  PA:1c010a0c
18610986ns          331798 1c0086a8 80837343 fmadd.s          f6, f6, f8, f16      f6=xxxxxxxx  f6:418224f8  f8:3f897409 f16:43bdb80f
18611005ns          331799 1c0086ac 1116f8d3 fmul.s           f17, f13, f17       f17=xxxxxxxx f13:3feca445 f17:40a36c79
18611025ns          331800 1c0086b0 0f052803 lw               x16, 240(x10)       x16=41006bf3 x10:1c010fe4  PA:1c0110d4
18611344ns          331816 1c0086b4 0187a403 lw               x8, 24(x15)          x8=40fb0608 x15:1c0109f8  PA:1c010a10
18611642ns          331831 1c0086b6 3078f8c3 fmadd.s          f17, f17, f7, f6    f17=xxxxxxxx f17:411710dd  f7:4086046f  f6:43c67428
18611662ns          331832 1c0086ba 1106f853 fmul.s           f16, f13, f16       f16=xxxxxxxx f13:3feca445 f16:41006bf3
18611682ns          331833 1c0086be 11852303 lw               x6, 280(x10)         x6=4107595b x10:1c010fe4  PA:1c0110fc
18611980ns          331848 1c0086c2 01c7a383 lw               x7, 28(x15)          x7=40af8cda x15:1c0109f8  PA:1c010a14
18612278ns          331863 1c0086c6 88887843 fmadd.s          f16, f16, f8, f17   f16=xxxxxxxx f16:416d6bd8  f8:40fb0608 f17:43da3984
18612298ns          331864 1c0086ca 1066f353 fmul.s           f6, f13, f6          f6=xxxxxxxx f13:3feca445  f6:4107595b
18612318ns          331865 1c0086ce 14052883 lw               x17, 320(x10)       x17=407495e9 x10:1c010fe4  PA:1c011124
18612636ns          331881 1c0086d2 0207a403 lw               x8, 32(x15)          x8=4103c68f x15:1c0109f8  PA:1c010a18
18612935ns          331896 1c0086d4 80737343 fmadd.s          f6, f6, f7, f16      f6=xxxxxxxx  f6:417a3a73  f7:40af8cda f16:440a368d
18612955ns          331897 1c0086d8 1116f8d3 fmul.s           f17, f13, f17       f17=xxxxxxxx f13:3feca445 f17:407495e9
18612975ns          331898 1c0086dc 16852803 lw               x16, 360(x10)       x16=4002c806 x10:1c010fe4  PA:1c01114c
18613273ns          331913 1c0086e0 0247a383 lw               x7, 36(x15)          x7=3fe22155 x15:1c0109f8  PA:1c010a1c
18613571ns          331928 1c0086e4 3088f8c3 fmadd.s          f17, f17, f8, f6    f17=xxxxxxxx f17:40e21725  f8:4103c68f  f6:441fa981
18613591ns          331929 1c0086e8 1106f853 fmul.s           f16, f13, f16       f16=xxxxxxxx f13:3feca445 f16:4002c806
18613611ns          331930 1c0086ec 000ea303 lw               x6, 0(x29)           x6=40ab61a9 x29:100016f4  PA:100016f4
18613631ns          331931 1c0086f0 02878793 addi             x15, x15, 40        x15=1c010a20 x15:1c0109f8
18613651ns          331932 1c0086f4 88787843 fmadd.s          f16, f16, f7, f17   f16=xxxxxxxx f16:4071c8a2  f7:3fe22155 f17:442e35a8
18613671ns          331933 1c0086f8 80e37843 fmadd.s          f16, f6, f14, f16   f16=xxxxxxxx  f6:40ab61a9 f14:411d91fb f16:442fe0cd
18613691ns          331934 1c0086fc 030ea42b p.sw             x16, 40(x29!)       x29=1000171c x16:443d1061 x29:100016f4  PA:100016f4
18613711ns          331935 1c008658 00052803 lw               x16, 0(x10)         x16=40f21941 x10:1c010fe4  PA:1c010fe4
18614029ns          331951 1c00865c 0007a883 lw               x17, 0(x15)         x17=40f0265f x15:1c010a20  PA:1c010a20
18614327ns          331966 1c008660 1106f853 fmul.s           f16, f13, f16       f16=xxxxxxxx f13:3feca445 f16:40f21941
18614347ns          331967 1c008664 02852303 lw               x6, 40(x10)          x6=40efec1d x10:1c010fe4  PA:1c01100c
18614645ns          331982 1c008668 0047a383 lw               x7, 4(x15)           x7=41013d49 x15:1c010a20  PA:1c010a24
18614944ns          331997 1c00866c f1187843 fmadd.s          f16, f16, f17, f30  f16=xxxxxxxx f16:415fcaa1 f17:40f0265f f30:00000000
18614964ns          331998 1c008670 1066f353 fmul.s           f6, f13, f6          f6=xxxxxxxx f13:3feca445  f6:40efec1d
18614984ns          331999 1c008674 05052883 lw               x17, 80(x10)        x17=40ee9b22 x10:1c010fe4  PA:1c011034
18615302ns          332015 1c008678 0087a403 lw               x8, 8(x15)           x8=410d16c3 x15:1c010a20  PA:1c010a28
18615600ns          332030 1c00867a 80737343 fmadd.s          f6, f6, f7, f16      f6=xxxxxxxx  f6:415dc79f  f7:41013d49 f16:42d1ef82
18615620ns          332031 1c00867e 1116f8d3 fmul.s           f17, f13, f17       f17=xxxxxxxx f13:3feca445 f17:40ee9b22
18615640ns          332032 1c008682 07852803 lw               x16, 120(x10)       x16=3f95a5c4 x10:1c010fe4  PA:1c01105c
18615938ns          332047 1c008686 00c7a383 lw               x7, 12(x15)          x7=3e34584b x15:1c010a20  PA:1c010a2c
18616237ns          332062 1c00868a 3088f8c3 fmadd.s          f17, f17, f8, f6    f17=xxxxxxxx f17:415c901f  f8:410d16c3  f6:4358ee70
18616257ns          332063 1c00868e 1106f853 fmul.s           f16, f13, f16       f16=xxxxxxxx f13:3feca445 f16:3f95a5c4
18616276ns          332064 1c008692 0a052303 lw               x6, 160(x10)         x6=410cca71 x10:1c010fe4  PA:1c011084
18616595ns          332080 1c008696 0107a403 lw               x8, 16(x15)          x8=3f506ce1 x15:1c010a20  PA:1c010a30
18616893ns          332095 1c008698 88787843 fmadd.s          f16, f16, f7, f17   f16=xxxxxxxx f16:400a54d7  f7:3e34584b f17:43a93eb7
18616913ns          332096 1c00869c 1066f353 fmul.s           f6, f13, f6          f6=xxxxxxxx f13:3feca445  f6:410cca71
18616933ns          332097 1c0086a0 0c852883 lw               x17, 200(x10)       x17=40a36c79 x10:1c010fe4  PA:1c0110ac
18617231ns          332112 1c0086a4 0147a383 lw               x7, 20(x15)          x7=3e040bf5 x15:1c010a20  PA:1c010a34
18617530ns          332127 1c0086a8 80837343 fmadd.s          f6, f6, f8, f16      f6=xxxxxxxx  f6:418224f8  f8:3f506ce1 f16:43a96f71
18617549ns          332128 1c0086ac 1116f8d3 fmul.s           f17, f13, f17       f17=xxxxxxxx f13:3feca445 f17:40a36c79
18617569ns          332129 1c0086b0 0f052803 lw               x16, 240(x10)       x16=41006bf3 x10:1c010fe4  PA:1c0110d4
18617868ns          332144 1c0086b4 0187a403 lw               x8, 24(x15)          x8=40fe5cb5 x15:1c010a20  PA:1c010a38
18618166ns          332159 1c0086b6 3078f8c3 fmadd.s          f17, f17, f7, f6    f17=xxxxxxxx f17:411710dd  f7:3e040bf5  f6:43b00ec7
18618186ns          332160 1c0086ba 1106f853 fmul.s           f16, f13, f16       f16=xxxxxxxx f13:3feca445 f16:41006bf3
18618206ns          332161 1c0086be 11852303 lw               x6, 280(x10)         x6=4107595b x10:1c010fe4  PA:1c0110fc
18618504ns          332176 1c0086c2 01c7a383 lw               x7, 28(x15)          x7=40a2573d x15:1c010a20  PA:1c010a3c
18618803ns          332191 1c0086c6 88887843 fmadd.s          f16, f16, f8, f17   f16=xxxxxxxx f16:416d6bd8  f8:40fe5cb5 f17:43b0aa9f
18618822ns          332192 1c0086ca 1066f353 fmul.s           f6, f13, f6          f6=xxxxxxxx f13:3feca445  f6:4107595b
18618842ns          332193 1c0086ce 14052883 lw               x17, 320(x10)       x17=407495e9 x10:1c010fe4  PA:1c011124
18619141ns          332208 1c0086d2 0207a403 lw               x8, 32(x15)          x8=408592b1 x15:1c010a20  PA:1c010a40
18619439ns          332223 1c0086d4 80737343 fmadd.s          f6, f6, f7, f16      f6=xxxxxxxx  f6:417a3a73  f7:40a2573d f16:43eba45e
18619459ns          332224 1c0086d8 1116f8d3 fmul.s           f17, f13, f17       f17=xxxxxxxx f13:3feca445 f17:407495e9
18619479ns          332225 1c0086dc 16852803 lw               x16, 360(x10)       x16=4002c806 x10:1c010fe4  PA:1c01114c
18619777ns          332240 1c0086e0 0247a383 lw               x7, 36(x15)          x7=411ba146 x15:1c010a20  PA:1c010a44
18620076ns          332255 1c0086e4 3088f8c3 fmadd.s          f17, f17, f8, f6    f17=xxxxxxxx f17:40e21725  f8:408592b1  f6:4409a7f7
18620095ns          332256 1c0086e8 1106f853 fmul.s           f16, f13, f16       f16=xxxxxxxx f13:3feca445 f16:4002c806
18620115ns          332257 1c0086ec 000ea303 lw               x6, 0(x29)           x6=408ca3f4 x29:1000171c  PA:1000171c
18620135ns          332258 1c0086f0 02878793 addi             x15, x15, 40        x15=1c010a48 x15:1c010a20
18620155ns          332259 1c0086f4 88787843 fmadd.s          f16, f16, f7, f17   f16=xxxxxxxx f16:4071c8a2  f7:411ba146 f17:44110770
18620175ns          332260 1c0086f8 80e37843 fmadd.s          f16, f6, f14, f16   f16=xxxxxxxx  f6:408ca3f4 f14:411d91fb f16:441a373d
18620195ns          332261 1c0086fc 030ea42b p.sw             x16, 40(x29!)       x29=10001744 x16:44250955 x29:1000171c  PA:1000171c
18620215ns          332262 1c008658 00052803 lw               x16, 0(x10)         x16=40f21941 x10:1c010fe4  PA:1c010fe4
18620513ns          332277 1c00865c 0007a883 lw               x17, 0(x15)         x17=4078e623 x15:1c010a48  PA:1c010a48
18620812ns          332292 1c008660 1106f853 fmul.s           f16, f13, f16       f16=xxxxxxxx f13:3feca445 f16:40f21941
18620831ns          332293 1c008664 02852303 lw               x6, 40(x10)          x6=40efec1d x10:1c010fe4  PA:1c01100c
18621130ns          332308 1c008668 0047a383 lw               x7, 4(x15)           x7=411e469f x15:1c010a48  PA:1c010a4c
18621428ns          332323 1c00866c f1187843 fmadd.s          f16, f16, f17, f30  f16=xxxxxxxx f16:415fcaa1 f17:4078e623 f30:00000000
18621448ns          332324 1c008670 1066f353 fmul.s           f6, f13, f6          f6=xxxxxxxx f13:3feca445  f6:40efec1d
18621468ns          332325 1c008674 05052883 lw               x17, 80(x10)        x17=40ee9b22 x10:1c010fe4  PA:1c011034
18621766ns          332340 1c008678 0087a403 lw               x8, 8(x15)           x8=4048d101 x15:1c010a48  PA:1c010a50
18622065ns          332355 1c00867a 80737343 fmadd.s          f6, f6, f7, f16      f6=xxxxxxxx  f6:415dc79f  f7:411e469f f16:4259957b
18622085ns          332356 1c00867e 1116f8d3 fmul.s           f17, f13, f17       f17=xxxxxxxx f13:3feca445 f17:40ee9b22
18622104ns          332357 1c008682 07852803 lw               x16, 120(x10)       x16=3f95a5c4 x10:1c010fe4  PA:1c01105c
18622403ns          332372 1c008686 00c7a383 lw               x7, 12(x15)          x7=3d5f1afd x15:1c010a48  PA:1c010a54
18622701ns          332387 1c00868a 3088f8c3 fmadd.s          f17, f17, f8, f6    f17=xxxxxxxx f17:415c901f  f8:4048d101  f6:433f83c1
18622721ns          332388 1c00868e 1106f853 fmul.s           f16, f13, f16       f16=xxxxxxxx f13:3feca445 f16:3f95a5c4
18622741ns          332389 1c008692 0a052303 lw               x6, 160(x10)         x6=410cca71 x10:1c010fe4  PA:1c011084
18623039ns          332404 1c008696 0107a403 lw               x8, 16(x15)          x8=40b22bd1 x15:1c010a48  PA:1c010a58
18623358ns          332420 1c008698 88787843 fmadd.s          f16, f16, f7, f17   f16=xxxxxxxx f16:400a54d7  f7:3d5f1afd f17:436ac4ec
18623377ns          332421 1c00869c 1066f353 fmul.s           f6, f13, f6          f6=xxxxxxxx f13:3feca445  f6:410cca71
18623397ns          332422 1c0086a0 0c852883 lw               x17, 200(x10)       x17=40a36c79 x10:1c010fe4  PA:1c0110ac
18623696ns          332437 1c0086a4 0147a383 lw               x7, 20(x15)          x7=411f58cb x15:1c010a48  PA:1c010a5c
18623994ns          332452 1c0086a8 80837343 fmadd.s          f6, f6, f8, f16      f6=xxxxxxxx  f6:418224f8  f8:40b22bd1 f16:436ae310
18624014ns          332453 1c0086ac 1116f8d3 fmul.s           f17, f13, f17       f17=xxxxxxxx f13:3feca445 f17:40a36c79
18624034ns          332454 1c0086b0 0f052803 lw               x16, 240(x10)       x16=41006bf3 x10:1c010fe4  PA:1c0110d4
18624332ns          332469 1c0086b4 0187a403 lw               x8, 24(x15)          x8=3f232023 x15:1c010a48  PA:1c010a60
18624650ns          332485 1c0086b6 3078f8c3 fmadd.s          f17, f17, f7, f6    f17=xxxxxxxx f17:411710dd  f7:411f58cb  f6:43a2bb85
18624670ns          332486 1c0086ba 1106f853 fmul.s           f16, f13, f16       f16=xxxxxxxx f13:3feca445 f16:41006bf3
18624690ns          332487 1c0086be 11852303 lw               x6, 280(x10)         x6=4107595b x10:1c010fe4  PA:1c0110fc
18624989ns          332502 1c0086c2 01c7a383 lw               x7, 28(x15)          x7=40c03075 x15:1c010a48  PA:1c010a64
18625287ns          332517 1c0086c6 88887843 fmadd.s          f16, f16, f8, f17   f16=xxxxxxxx f16:416d6bd8  f8:3f232023 f17:43d1bf74
18625307ns          332518 1c0086ca 1066f353 fmul.s           f6, f13, f6          f6=xxxxxxxx f13:3feca445  f6:4107595b
18625327ns          332519 1c0086ce 14052883 lw               x17, 320(x10)       x17=407495e9 x10:1c010fe4  PA:1c011124
18625625ns          332534 1c0086d2 0207a403 lw               x8, 32(x15)          x8=40803562 x15:1c010a48  PA:1c010a68
18625943ns          332550 1c0086d4 80737343 fmadd.s          f6, f6, f7, f16      f6=xxxxxxxx  f6:417a3a73  f7:40c03075 f16:43d679c0
18625963ns          332551 1c0086d8 1116f8d3 fmul.s           f17, f13, f17       f17=xxxxxxxx f13:3feca445 f17:407495e9
18625983ns          332552 1c0086dc 16852803 lw               x16, 360(x10)       x16=4002c806 x10:1c010fe4  PA:1c01114c
18626282ns          332567 1c0086e0 0247a383 lw               x7, 36(x15)          x7=4118157a x15:1c010a48  PA:1c010a6c
18626580ns          332582 1c0086e4 3088f8c3 fmadd.s          f17, f17, f8, f6    f17=xxxxxxxx f17:40e21725  f8:40803562  f6:4402b846
18626600ns          332583 1c0086e8 1106f853 fmul.s           f16, f13, f16       f16=xxxxxxxx f13:3feca445 f16:4002c806
18626620ns          332584 1c0086ec 000ea303 lw               x6, 0(x29)           x6=40214d39 x29:10001744  PA:10001744
18626640ns          332585 1c0086f0 02878793 addi             x15, x15, 40        x15=1c010a70 x15:1c010a48
18626659ns          332586 1c0086f4 88787843 fmadd.s          f16, f16, f7, f17   f16=xxxxxxxx f16:4071c8a2  f7:4118157a f17:4409cbf1
18626679ns          332587 1c0086f8 80e37843 fmadd.s          f16, f6, f14, f16   f16=xxxxxxxx  f6:40214d39 f14:411d91fb f16:4412c628
18626699ns          332588 1c0086fc 030ea42b p.sw             x16, 40(x29!)       x29=1000176c x16:4418faad x29:10001744  PA:10001744
18626719ns          332589 1c008658 00052803 lw               x16, 0(x10)         x16=40f21941 x10:1c010fe4  PA:1c010fe4
18627017ns          332604 1c00865c 0007a883 lw               x17, 0(x15)         x17=41136705 x15:1c010a70  PA:1c010a70
18627336ns          332620 1c008660 1106f853 fmul.s           f16, f13, f16       f16=xxxxxxxx f13:3feca445 f16:40f21941
18627356ns          332621 1c008664 02852303 lw               x6, 40(x10)          x6=40efec1d x10:1c010fe4  PA:1c01100c
18627654ns          332636 1c008668 0047a383 lw               x7, 4(x15)           x7=40b4c386 x15:1c010a70  PA:1c010a74
18627952ns          332651 1c00866c f1187843 fmadd.s          f16, f16, f17, f30  f16=xxxxxxxx f16:415fcaa1 f17:41136705 f30:00000000
18627972ns          332652 1c008670 1066f353 fmul.s           f6, f13, f6          f6=xxxxxxxx f13:3feca445  f6:40efec1d
18627992ns          332653 1c008674 05052883 lw               x17, 80(x10)        x17=40ee9b22 x10:1c010fe4  PA:1c011034
18628290ns          332668 1c008678 0087a403 lw               x8, 8(x15)           x8=3f268635 x15:1c010a70  PA:1c010a78
18628609ns          332684 1c00867a 80737343 fmadd.s          f6, f6, f7, f16      f6=xxxxxxxx  f6:415dc79f  f7:40b4c386 f16:4300db69
18628629ns          332685 1c00867e 1116f8d3 fmul.s           f17, f13, f17       f17=xxxxxxxx f13:3feca445 f17:40ee9b22
18628649ns          332686 1c008682 07852803 lw               x16, 120(x10)       x16=3f95a5c4 x10:1c010fe4  PA:1c01105c
18628947ns          332701 1c008686 00c7a383 lw               x7, 12(x15)          x7=3fc63485 x15:1c010a70  PA:1c010a7c
18629245ns          332716 1c00868a 3088f8c3 fmadd.s          f17, f17, f8, f6    f17=xxxxxxxx f17:415c901f  f8:3f268635  f6:434f2848
18629265ns          332717 1c00868e 1106f853 fmul.s           f16, f13, f16       f16=xxxxxxxx f13:3feca445 f16:3f95a5c4
18629285ns          332718 1c008692 0a052303 lw               x6, 160(x10)         x6=410cca71 x10:1c010fe4  PA:1c011084
18629583ns          332733 1c008696 0107a403 lw               x8, 16(x15)          x8=3fb22991 x15:1c010a70  PA:1c010a80
18629902ns          332749 1c008698 88787843 fmadd.s          f16, f16, f7, f17   f16=xxxxxxxx f16:400a54d7  f7:3fc63485 f17:43581fd9
18629922ns          332750 1c00869c 1066f353 fmul.s           f6, f13, f6          f6=xxxxxxxx f13:3feca445  f6:410cca71
18629941ns          332751 1c0086a0 0c852883 lw               x17, 200(x10)       x17=40a36c79 x10:1c010fe4  PA:1c0110ac
18630240ns          332766 1c0086a4 0147a383 lw               x7, 20(x15)          x7=3f30486e x15:1c010a70  PA:1c010a84
18630538ns          332781 1c0086a8 80837343 fmadd.s          f6, f6, f8, f16      f6=xxxxxxxx  f6:418224f8  f8:3fb22991 f16:435b78a9
18630558ns          332782 1c0086ac 1116f8d3 fmul.s           f17, f13, f17       f17=xxxxxxxx f13:3feca445 f17:40a36c79
18630578ns          332783 1c0086b0 0f052803 lw               x16, 240(x10)       x16=41006bf3 x10:1c010fe4  PA:1c0110d4
18630876ns          332798 1c0086b4 0187a403 lw               x8, 24(x15)          x8=40bff5ca x15:1c010a70  PA:1c010a88
18631175ns          332813 1c0086b6 3078f8c3 fmadd.s          f17, f17, f7, f6    f17=xxxxxxxx f17:411710dd  f7:3f30486e  f6:43721d5f
18631195ns          332814 1c0086ba 1106f853 fmul.s           f16, f13, f16       f16=xxxxxxxx f13:3feca445 f16:41006bf3
18631214ns          332815 1c0086be 11852303 lw               x6, 280(x10)         x6=4107595b x10:1c010fe4  PA:1c0110fc
18631513ns          332830 1c0086c2 01c7a383 lw               x7, 28(x15)          x7=40907c75 x15:1c010a70  PA:1c010a8c
18631811ns          332845 1c0086c6 88887843 fmadd.s          f16, f16, f8, f17   f16=xxxxxxxx f16:416d6bd8  f8:40bff5ca f17:43789dc4
18631831ns          332846 1c0086ca 1066f353 fmul.s           f6, f13, f6          f6=xxxxxxxx f13:3feca445  f6:4107595b
18631851ns          332847 1c0086ce 14052883 lw               x17, 320(x10)       x17=407495e9 x10:1c010fe4  PA:1c011124
18632149ns          332862 1c0086d2 0207a403 lw               x8, 32(x15)          x8=40f2aadf x15:1c010a70  PA:1c010a90
18632448ns          332877 1c0086d4 80737343 fmadd.s          f6, f6, f7, f16      f6=xxxxxxxx  f6:417a3a73  f7:40907c75 f16:43a8d0bc
18632468ns          332878 1c0086d8 1116f8d3 fmul.s           f17, f13, f17       f17=xxxxxxxx f13:3feca445 f17:407495e9
18632487ns          332879 1c0086dc 16852803 lw               x16, 360(x10)       x16=4002c806 x10:1c010fe4  PA:1c01114c
18632786ns          332894 1c0086e0 0247a383 lw               x7, 36(x15)          x7=40a1b290 x15:1c010a70  PA:1c010a94
18633084ns          332909 1c0086e4 3088f8c3 fmadd.s          f17, f17, f8, f6    f17=xxxxxxxx f17:40e21725  f8:40f2aadf  f6:43cc1f5e
18633104ns          332910 1c0086e8 1106f853 fmul.s           f16, f13, f16       f16=xxxxxxxx f13:3feca445 f16:4002c806
18633124ns          332911 1c0086ec 000ea303 lw               x6, 0(x29)           x6=40f9e874 x29:1000176c  PA:1000176c
18633144ns          332912 1c0086f0 02878793 addi             x15, x15, 40        x15=1c010a98 x15:1c010a70
18633164ns          332913 1c0086f4 88787843 fmadd.s          f16, f16, f7, f17   f16=xxxxxxxx f16:4071c8a2  f7:40a1b290 f17:43e6e977
18633184ns          332914 1c0086f8 80e37843 fmadd.s          f16, f6, f14, f16   f16=xxxxxxxx  f6:40f9e874 f14:411d91fb f16:43f074f4
18633203ns          332915 1c0086fc 030ea42b p.sw             x16, 40(x29!)       x29=10001794 x16:440b74bc x29:1000176c  PA:1000176c
18633223ns          332916 1c008658 00052803 lw               x16, 0(x10)         x16=40f21941 x10:1c010fe4  PA:1c010fe4
18633522ns          332931 1c00865c 0007a883 lw               x17, 0(x15)         x17=410c7726 x15:1c010a98  PA:1c010a98
18633820ns          332946 1c008660 1106f853 fmul.s           f16, f13, f16       f16=xxxxxxxx f13:3feca445 f16:40f21941
18633840ns          332947 1c008664 02852303 lw               x6, 40(x10)          x6=40efec1d x10:1c010fe4  PA:1c01100c
18634138ns          332962 1c008668 0047a383 lw               x7, 4(x15)           x7=409cc11d x15:1c010a98  PA:1c010a9c
18634437ns          332977 1c00866c f1187843 fmadd.s          f16, f16, f17, f30  f16=xxxxxxxx f16:415fcaa1 f17:410c7726 f30:00000000
18634457ns          332978 1c008670 1066f353 fmul.s           f6, f13, f6          f6=xxxxxxxx f13:3feca445  f6:40efec1d
18634477ns          332979 1c008674 05052883 lw               x17, 80(x10)        x17=40ee9b22 x10:1c010fe4  PA:1c011034
18634775ns          332994 1c008678 0087a403 lw               x8, 8(x15)           x8=410e9b66 x15:1c010a98  PA:1c010aa0
18635073ns          333009 1c00867a 80737343 fmadd.s          f6, f6, f7, f16      f6=xxxxxxxx  f6:415dc79f  f7:409cc11d f16:42f595f1
18635093ns          333010 1c00867e 1116f8d3 fmul.s           f17, f13, f17       f17=xxxxxxxx f13:3feca445 f17:40ee9b22
18635113ns          333011 1c008682 07852803 lw               x16, 120(x10)       x16=3f95a5c4 x10:1c010fe4  PA:1c01105c
18635411ns          333026 1c008686 00c7a383 lw               x7, 12(x15)          x7=4111146c x15:1c010a98  PA:1c010aa4
18635710ns          333041 1c00868a 3088f8c3 fmadd.s          f17, f17, f8, f6    f17=xxxxxxxx f17:415c901f  f8:410e9b66  f6:433eb171
18635730ns          333042 1c00868e 1106f853 fmul.s           f16, f13, f16       f16=xxxxxxxx f13:3feca445 f16:3f95a5c4
18635750ns          333043 1c008692 0a052303 lw               x6, 160(x10)         x6=410cca71 x10:1c010fe4  PA:1c011084
18636048ns          333058 1c008696 0107a403 lw               x8, 16(x15)          x8=411cf295 x15:1c010a98  PA:1c010aa8
18636346ns          333073 1c008698 88787843 fmadd.s          f16, f16, f7, f17   f16=xxxxxxxx f16:400a54d7  f7:4111146c f17:439cc7a3
18636366ns          333074 1c00869c 1066f353 fmul.s           f6, f13, f6          f6=xxxxxxxx f13:3feca445  f6:410cca71
18636386ns          333075 1c0086a0 0c852883 lw               x17, 200(x10)       x17=40a36c79 x10:1c010fe4  PA:1c0110ac
18636684ns          333090 1c0086a4 0147a383 lw               x7, 20(x15)          x7=410e9e20 x15:1c010a98  PA:1c010aac
18636983ns          333105 1c0086a8 80837343 fmadd.s          f6, f6, f8, f16      f6=xxxxxxxx  f6:418224f8  f8:411cf295 f16:43a69446
18637003ns          333106 1c0086ac 1116f8d3 fmul.s           f17, f13, f17       f17=xxxxxxxx f13:3feca445 f17:40a36c79
18637023ns          333107 1c0086b0 0f052803 lw               x16, 240(x10)       x16=41006bf3 x10:1c010fe4  PA:1c0110d4
18637321ns          333122 1c0086b4 0187a403 lw               x8, 24(x15)          x8=4117932f x15:1c010a98  PA:1c010ab0
18637619ns          333137 1c0086b6 3078f8c3 fmadd.s          f17, f17, f7, f6    f17=xxxxxxxx f17:411710dd  f7:410e9e20  f6:43f65e20
18637639ns          333138 1c0086ba 1106f853 fmul.s           f16, f13, f16       f16=xxxxxxxx f13:3feca445 f16:41006bf3
18637659ns          333139 1c0086be 11852303 lw               x6, 280(x10)         x6=4107595b x10:1c010fe4  PA:1c0110fc
18637977ns          333155 1c0086c2 01c7a383 lw               x7, 28(x15)          x7=409564dd x15:1c010a98  PA:1c010ab4
18638276ns          333170 1c0086c6 88887843 fmadd.s          f16, f16, f8, f17   f16=xxxxxxxx f16:416d6bd8  f8:4117932f f17:4410393a
18638296ns          333171 1c0086ca 1066f353 fmul.s           f6, f13, f6          f6=xxxxxxxx f13:3feca445  f6:4107595b
18638315ns          333172 1c0086ce 14052883 lw               x17, 320(x10)       x17=407495e9 x10:1c010fe4  PA:1c011124
18638614ns          333187 1c0086d2 0207a403 lw               x8, 32(x15)          x8=4093773f x15:1c010a98  PA:1c010ab8
18638912ns          333202 1c0086d4 80737343 fmadd.s          f6, f6, f7, f16      f6=xxxxxxxx  f6:417a3a73  f7:409564dd f16:44335e01
18638932ns          333203 1c0086d8 1116f8d3 fmul.s           f17, f13, f17       f17=xxxxxxxx f13:3feca445 f17:407495e9
18638952ns          333204 1c0086dc 16852803 lw               x16, 360(x10)       x16=4002c806 x10:1c010fe4  PA:1c01114c
18639270ns          333220 1c0086e0 0247a383 lw               x7, 36(x15)          x7=40848fc1 x15:1c010a98  PA:1c010abc
18639569ns          333235 1c0086e4 3088f8c3 fmadd.s          f17, f17, f8, f6    f17=xxxxxxxx f17:40e21725  f8:4093773f  f6:44459ed4
18639588ns          333236 1c0086e8 1106f853 fmul.s           f16, f13, f16       f16=xxxxxxxx f13:3feca445 f16:4002c806
18639608ns          333237 1c0086ec 000ea303 lw               x6, 0(x29)           x6=400e514c x29:10001794  PA:10001794
18639628ns          333238 1c0086f0 02878793 addi             x15, x15, 40        x15=1c010ac0 x15:1c010a98
18639648ns          333239 1c0086f4 88787843 fmadd.s          f16, f16, f7, f17   f16=xxxxxxxx f16:4071c8a2  f7:40848fc1 f17:444dc29e
18639668ns          333240 1c0086f8 80e37843 fmadd.s          f16, f6, f14, f16   f16=xxxxxxxx  f6:400e514c f14:411d91fb f16:4451ac38
18639688ns          333241 1c0086fc 030ea42b p.sw             x16, 40(x29!)       x29=100017bc x16:445725c8 x29:10001794  PA:10001794
18639708ns          333242 1c008658 00052803 lw               x16, 0(x10)         x16=40f21941 x10:1c010fe4  PA:1c010fe4
18640006ns          333257 1c00865c 0007a883 lw               x17, 0(x15)         x17=3f715ac3 x15:1c010ac0  PA:1c010ac0
18640304ns          333272 1c008660 1106f853 fmul.s           f16, f13, f16       f16=xxxxxxxx f13:3feca445 f16:40f21941
18640324ns          333273 1c008664 02852303 lw               x6, 40(x10)          x6=40efec1d x10:1c010fe4  PA:1c01100c
18640643ns          333289 1c008668 0047a383 lw               x7, 4(x15)           x7=4048040c x15:1c010ac0  PA:1c010ac4
18640941ns          333304 1c00866c f1187843 fmadd.s          f16, f16, f17, f30  f16=xxxxxxxx f16:415fcaa1 f17:3f715ac3 f30:00000000
18640961ns          333305 1c008670 1066f353 fmul.s           f6, f13, f6          f6=xxxxxxxx f13:3feca445  f6:40efec1d
18640981ns          333306 1c008674 05052883 lw               x17, 80(x10)        x17=40ee9b22 x10:1c010fe4  PA:1c011034
18641279ns          333321 1c008678 0087a403 lw               x8, 8(x15)           x8=408e450e x15:1c010ac0  PA:1c010ac8
18641577ns          333336 1c00867a 80737343 fmadd.s          f6, f6, f7, f16      f6=xxxxxxxx  f6:415dc79f  f7:4048040c f16:4152fd19
18641597ns          333337 1c00867e 1116f8d3 fmul.s           f17, f13, f17       f17=xxxxxxxx f13:3feca445 f17:40ee9b22
18641617ns          333338 1c008682 07852803 lw               x16, 120(x10)       x16=3f95a5c4 x10:1c010fe4  PA:1c01105c
18641936ns          333354 1c008686 00c7a383 lw               x7, 12(x15)          x7=4107c1ec x15:1c010ac0  PA:1c010acc
18642234ns          333369 1c00868a 3088f8c3 fmadd.s          f17, f17, f8, f6    f17=xxxxxxxx f17:415c901f  f8:408e450e  f6:426206bc
18642254ns          333370 1c00868e 1106f853 fmul.s           f16, f13, f16       f16=xxxxxxxx f13:3feca445 f16:3f95a5c4
18642274ns          333371 1c008692 0a052303 lw               x6, 160(x10)         x6=410cca71 x10:1c010fe4  PA:1c011084
18642572ns          333386 1c008696 0107a403 lw               x8, 16(x15)          x8=4095fac3 x15:1c010ac0  PA:1c010ad0
18642870ns          333401 1c008698 88787843 fmadd.s          f16, f16, f7, f17   f16=xxxxxxxx f16:400a54d7  f7:4107c1ec f17:42eb96ce
18642890ns          333402 1c00869c 1066f353 fmul.s           f6, f13, f6          f6=xxxxxxxx f13:3feca445  f6:410cca71
18642910ns          333403 1c0086a0 0c852883 lw               x17, 200(x10)       x17=40a36c79 x10:1c010fe4  PA:1c0110ac
18643228ns          333419 1c0086a4 0147a383 lw               x7, 20(x15)          x7=41121d4e x15:1c010ac0  PA:1c010ad4
18643527ns          333434 1c0086a8 80837343 fmadd.s          f6, f6, f8, f16      f6=xxxxxxxx  f6:418224f8  f8:4095fac3 f16:43082249
18643547ns          333435 1c0086ac 1116f8d3 fmul.s           f17, f13, f17       f17=xxxxxxxx f13:3feca445 f17:40a36c79
18643567ns          333436 1c0086b0 0f052803 lw               x16, 240(x10)       x16=41006bf3 x10:1c010fe4  PA:1c0110d4
18643865ns          333451 1c0086b4 0187a403 lw               x8, 24(x15)          x8=3ff1facf x15:1c010ac0  PA:1c010ad8
18644163ns          333466 1c0086b6 3078f8c3 fmadd.s          f17, f17, f7, f6    f17=xxxxxxxx f17:411710dd  f7:41121d4e  f6:43546149
18644183ns          333467 1c0086ba 1106f853 fmul.s           f16, f13, f16       f16=xxxxxxxx f13:3feca445 f16:41006bf3
18644203ns          333468 1c0086be 11852303 lw               x6, 280(x10)         x6=4107595b x10:1c010fe4  PA:1c0110fc
18644501ns          333483 1c0086c2 01c7a383 lw               x7, 28(x15)          x7=40fce41e x15:1c010ac0  PA:1c010adc
18644800ns          333498 1c0086c6 88887843 fmadd.s          f16, f16, f8, f17   f16=xxxxxxxx f16:416d6bd8  f8:3ff1facf f17:43954d19
18644820ns          333499 1c0086ca 1066f353 fmul.s           f6, f13, f6          f6=xxxxxxxx f13:3feca445  f6:4107595b
18644840ns          333500 1c0086ce 14052883 lw               x17, 320(x10)       x17=407495e9 x10:1c010fe4  PA:1c011124
18645138ns          333515 1c0086d2 0207a403 lw               x8, 32(x15)          x8=4111ef9d x15:1c010ac0  PA:1c010ae0
18645436ns          333530 1c0086d4 80737343 fmadd.s          f6, f6, f7, f16      f6=xxxxxxxx  f6:417a3a73  f7:40fce41e f16:43a353cb
18645456ns          333531 1c0086d8 1116f8d3 fmul.s           f17, f13, f17       f17=xxxxxxxx f13:3feca445 f17:407495e9
18645476ns          333532 1c0086dc 16852803 lw               x16, 360(x10)       x16=4002c806 x10:1c010fe4  PA:1c01114c
18645774ns          333547 1c0086e0 0247a383 lw               x7, 36(x15)          x7=40f90988 x15:1c010ac0  PA:1c010ae4
18646073ns          333562 1c0086e4 3088f8c3 fmadd.s          f17, f17, f8, f6    f17=xxxxxxxx f17:40e21725  f8:4111ef9d  f6:43e11fec
18646093ns          333563 1c0086e8 1106f853 fmul.s           f16, f13, f16       f16=xxxxxxxx f13:3feca445 f16:4002c806
18646113ns          333564 1c0086ec 000ea303 lw               x6, 0(x29)           x6=405981b4 x29:100017bc  PA:100017bc
18646132ns          333565 1c0086f0 02878793 addi             x15, x15, 40        x15=1c010ae8 x15:1c010ac0
18646152ns          333566 1c0086f4 88787843 fmadd.s          f16, f16, f7, f17   f16=xxxxxxxx f16:4071c8a2  f7:40f90988 f17:4400ac4d
18646172ns          333567 1c0086f8 80e37843 fmadd.s          f16, f6, f14, f16   f16=xxxxxxxx  f6:405981b4 f14:411d91fb f16:440805f6
18646192ns          333568 1c0086fc 030ea42b p.sw             x16, 40(x29!)       x29=100017e4 x16:441063ff x29:100017bc  PA:100017bc
18646212ns          333569 1c008658 00052803 lw               x16, 0(x10)         x16=40f21941 x10:1c010fe4  PA:1c010fe4
18646510ns          333584 1c00865c 0007a883 lw               x17, 0(x15)         x17=3fb6e5d0 x15:1c010ae8  PA:1c010ae8
18646809ns          333599 1c008660 1106f853 fmul.s           f16, f13, f16       f16=xxxxxxxx f13:3feca445 f16:40f21941
18646829ns          333600 1c008664 02852303 lw               x6, 40(x10)          x6=40efec1d x10:1c010fe4  PA:1c01100c
18647127ns          333615 1c008668 0047a383 lw               x7, 4(x15)           x7=4093fb1d x15:1c010ae8  PA:1c010aec
18647425ns          333630 1c00866c f1187843 fmadd.s          f16, f16, f17, f30  f16=xxxxxxxx f16:415fcaa1 f17:3fb6e5d0 f30:00000000
18647445ns          333631 1c008670 1066f353 fmul.s           f6, f13, f6          f6=xxxxxxxx f13:3feca445  f6:40efec1d
18647465ns          333632 1c008674 05052883 lw               x17, 80(x10)        x17=40ee9b22 x10:1c010fe4  PA:1c011034
18647764ns          333647 1c008678 0087a403 lw               x8, 8(x15)           x8=40dc0282 x15:1c010ae8  PA:1c010af0
18648062ns          333662 1c00867a 80737343 fmadd.s          f6, f6, f7, f16      f6=xxxxxxxx  f6:415dc79f  f7:4093fb1d f16:419fe2f5
18648082ns          333663 1c00867e 1116f8d3 fmul.s           f17, f13, f17       f17=xxxxxxxx f13:3feca445 f17:40ee9b22
18648102ns          333664 1c008682 07852803 lw               x16, 120(x10)       x16=3f95a5c4 x10:1c010fe4  PA:1c01105c
18648400ns          333679 1c008686 00c7a383 lw               x7, 12(x15)          x7=408975eb x15:1c010ae8  PA:1c010af4
18648698ns          333694 1c00868a 3088f8c3 fmadd.s          f17, f17, f8, f6    f17=xxxxxxxx f17:415c901f  f8:40dc0282  f6:42a82be9
18648718ns          333695 1c00868e 1106f853 fmul.s           f16, f13, f16       f16=xxxxxxxx f13:3feca445 f16:3f95a5c4
18648738ns          333696 1c008692 0a052303 lw               x6, 160(x10)         x6=410cca71 x10:1c010fe4  PA:1c011084
18649037ns          333711 1c008696 0107a403 lw               x8, 16(x15)          x8=4035707b x15:1c010ae8  PA:1c010af8
18649335ns          333726 1c008698 88787843 fmadd.s          f16, f16, f7, f17   f16=xxxxxxxx f16:400a54d7  f7:408975eb f17:4332dcf6
18649355ns          333727 1c00869c 1066f353 fmul.s           f6, f13, f6          f6=xxxxxxxx f13:3feca445  f6:410cca71
18649375ns          333728 1c0086a0 0c852883 lw               x17, 200(x10)       x17=40a36c79 x10:1c010fe4  PA:1c0110ac
18649673ns          333743 1c0086a4 0147a383 lw               x7, 20(x15)          x7=40e890ec x15:1c010ae8  PA:1c010afc
18649971ns          333758 1c0086a8 80837343 fmadd.s          f6, f6, f8, f16      f6=xxxxxxxx  f6:418224f8  f8:4035707b f16:433c25da
18649991ns          333759 1c0086ac 1116f8d3 fmul.s           f17, f13, f17       f17=xxxxxxxx f13:3feca445 f17:40a36c79
18650011ns          333760 1c0086b0 0f052803 lw               x16, 240(x10)       x16=41006bf3 x10:1c010fe4  PA:1c0110d4
18650310ns          333775 1c0086b4 0187a403 lw               x8, 24(x15)          x8=40a13991 x15:1c010ae8  PA:1c010b00
18650608ns          333790 1c0086b6 3078f8c3 fmadd.s          f17, f17, f7, f6    f17=xxxxxxxx f17:411710dd  f7:40e890ec  f6:436a4483
18650628ns          333791 1c0086ba 1106f853 fmul.s           f16, f13, f16       f16=xxxxxxxx f13:3feca445 f16:41006bf3
18650648ns          333792 1c0086be 11852303 lw               x6, 280(x10)         x6=4107595b x10:1c010fe4  PA:1c0110fc
18650946ns          333807 1c0086c2 01c7a383 lw               x7, 28(x15)          x7=3f6ceaef x15:1c010ae8  PA:1c010b04
18651264ns          333823 1c0086c6 88887843 fmadd.s          f16, f16, f8, f17   f16=xxxxxxxx f16:416d6bd8  f8:40a13991 f17:43977175
18651284ns          333824 1c0086ca 1066f353 fmul.s           f6, f13, f6          f6=xxxxxxxx f13:3feca445  f6:4107595b
18651304ns          333825 1c0086ce 14052883 lw               x17, 320(x10)       x17=407495e9 x10:1c010fe4  PA:1c011124
18651602ns          333840 1c0086d2 0207a403 lw               x8, 32(x15)          x8=405a42a6 x15:1c010ae8  PA:1c010b08
18651901ns          333855 1c0086d4 80737343 fmadd.s          f6, f6, f7, f16      f6=xxxxxxxx  f6:417a3a73  f7:3f6ceaef f16:43bcd303
18651921ns          333856 1c0086d8 1116f8d3 fmul.s           f17, f13, f17       f17=xxxxxxxx f13:3feca445 f17:407495e9
18651941ns          333857 1c0086dc 16852803 lw               x16, 360(x10)       x16=4002c806 x10:1c010fe4  PA:1c01114c
18652239ns          333872 1c0086e0 0247a383 lw               x7, 36(x15)          x7=40c7feba x15:1c010ae8  PA:1c010b0c
18652557ns          333888 1c0086e4 3088f8c3 fmadd.s          f17, f17, f8, f6    f17=xxxxxxxx f17:40e21725  f8:405a42a6  f6:43c40f9f
18652577ns          333889 1c0086e8 1106f853 fmul.s           f16, f13, f16       f16=xxxxxxxx f13:3feca445 f16:4002c806
18652597ns          333890 1c0086ec 000ea303 lw               x6, 0(x29)           x6=40f98747 x29:100017e4  PA:100017e4
18652617ns          333891 1c0086f0 02878793 addi             x15, x15, 40        x15=1c010b10 x15:1c010ae8
18652637ns          333892 1c0086f4 88787843 fmadd.s          f16, f16, f7, f17   f16=xxxxxxxx f16:4071c8a2  f7:40c7feba f17:43d01bc8
18652657ns          333893 1c0086f8 80e37843 fmadd.s          f16, f6, f14, f16   f16=xxxxxxxx  f6:40f98747 f14:411d91fb f16:43dbea01
18652677ns          333894 1c0086fc 030ea42b p.sw             x16, 40(x29!)       x29=1000180c x16:440127c9 x29:100017e4  PA:100017e4
18652696ns          333895 1c008700 00460613 addi             x12, x12, 4         x12=10001680 x12:1000167c
18652716ns          333896 1c008702 00450513 addi             x10, x10, 4         x10=1c010fe8 x10:1c010fe4
18652736ns          333897 1c008704 00c12403 lw               x8, 12(x2)           x8=00000002  x2:10001638  PA:10001644
18652756ns          333898 1c008706 01010113 addi             x2, x2, 16           x2=10001648  x2:10001638
18652776ns          333899 1c008708 00008067 jalr             x0, x1, 0            x1:1c008a40
18652836ns          333902 1c008a40 21b010ef jal              x1, 6682             x1=1c008a44
18652955ns          333908 1c00a45a f14027f3 csrrs            x15, x0, 0xf14      x15=00000002
18652975ns          333909 1c00a45e 01f00713 addi             x14, x0, 31         x14=0000001f
18653015ns          333911 1c00a460 ca5797b3 p.extractu       x15, x15, 5, 5      x15=00000000 x15:00000002
18653054ns          333913 1c00a464 00e78863 beq              x15, x14, 16        x15:00000000 x14:0000001f
18653074ns          333914 1c00a468 002047b7 lui              x15, 0x204000       x15=00204000
18653094ns          333915 1c00a46c 20078793 addi             x15, x15, 512       x15=00204200 x15:00204000
18653114ns          333916 1c00a470 01c7e703 p.elw            x14, 28(x15)        x14=00010000 x15:00204200  PA:0020421c
18653512ns          333936 1c00a474 00008067 jalr             x0, x1, 0            x1:1c008a44
18653552ns          333938 1c008a44 f14027f3 csrrs            x15, x0, 0xf14      x15=00000002
18653572ns          333939 1c008a48 f457b7b3 p.bclr           x15, x15, 26, 5     x15=00000002 x15:00000002
18653592ns          333940 1c008a4c 06078263 beq              x15, x0, 100        x15:00000002
18654129ns          333967 1c008a4e 20d010ef jal              x1, 6668             x1=1c008a52
18654188ns          333970 1c00a45a f14027f3 csrrs            x15, x0, 0xf14      x15=00000002
18654208ns          333971 1c00a45e 01f00713 addi             x14, x0, 31         x14=0000001f
18654228ns          333972 1c00a460 ca5797b3 p.extractu       x15, x15, 5, 5      x15=00000000 x15:00000002
18654248ns          333973 1c00a464 00e78863 beq              x15, x14, 16        x15:00000000 x14:0000001f
18654268ns          333974 1c00a468 002047b7 lui              x15, 0x204000       x15=00204000
18654288ns          333975 1c00a46c 20078793 addi             x15, x15, 512       x15=00204200 x15:00204000
18654308ns          333976 1c00a470 01c7e703 p.elw            x14, 28(x15)        x14=00010000 x15:00204200  PA:0020421c
19286158ns          365502 1c00a474 00008067 jalr             x0, x1, 0            x1:1c008a52
19286198ns          365504 1c008a52 01012703 lw               x14, 16(x2)         x14=439d70eb  x2:10001648  PA:10001658
19286259ns          365507 1c008a54 01410693 addi             x13, x2, 20         x13=1000165c  x2:10001648
19286279ns          365508 1c008a56 063250fb lp.setupi        0x1, 0x63, 0x4     
19286299ns          365509 1c008a5a 0046a60b p.lw             x12, 4(x13!)        x12=4380cc08 x13=10001660 x13:1000165c  PA:1000165c
19286720ns          365530 1c008a5e 00c77753 fadd.s           f14, f14, f12       f14=xxxxxxxx f14:439d70eb f12:4380cc08
19286780ns          365533 1c008a5a 0046a60b p.lw             x12, 4(x13!)        x12=43fe0e6b x13=10001664 x13:10001660  PA:10001660
19286821ns          365535 1c008a5e 00c77753 fadd.s           f14, f14, f12       f14=xxxxxxxx f14:440f1e7a f12:43fe0e6b
19286841ns          365536 1c008a5a 0046a60b p.lw             x12, 4(x13!)        x12=4388659d x13=10001668 x13:10001664  PA:10001664
19286881ns          365538 1c008a5e 00c77753 fadd.s           f14, f14, f12       f14=xxxxxxxx f14:448712d8 f12:4388659d
19286901ns          365539 1c008a5a 0046a60b p.lw             x12, 4(x13!)        x12=43d7775e x13=1000166c x13:10001668  PA:10001668
19286941ns          365541 1c008a5e 00c77753 fadd.s           f14, f14, f12       f14=xxxxxxxx f14:44a92c3f f12:43d7775e
19286961ns          365542 1c008a5a 0046a60b p.lw             x12, 4(x13!)        x12=43a4e549 x13=10001670 x13:1000166c  PA:1000166c
19287001ns          365544 1c008a5e 00c77753 fadd.s           f14, f14, f12       f14=xxxxxxxx f14:44df0a16 f12:43a4e549
19287021ns          365545 1c008a5a 0046a60b p.lw             x12, 4(x13!)        x12=43a0603b x13=10001674 x13:10001670  PA:10001670
19287061ns          365547 1c008a5e 00c77753 fadd.s           f14, f14, f12       f14=xxxxxxxx f14:450421b4 f12:43a0603b
19287081ns          365548 1c008a5a 0046a60b p.lw             x12, 4(x13!)        x12=43acbbd0 x13=10001678 x13:10001674  PA:10001674
19287121ns          365550 1c008a5e 00c77753 fadd.s           f14, f14, f12       f14=xxxxxxxx f14:45182dbb f12:43acbbd0
19287142ns          365551 1c008a5a 0046a60b p.lw             x12, 4(x13!)        x12=43aaeeae x13=1000167c x13:10001678  PA:10001678
19287182ns          365553 1c008a5e 00c77753 fadd.s           f14, f14, f12       f14=xxxxxxxx f14:452dc535 f12:43aaeeae
19287202ns          365554 1c008a5a 0046a60b p.lw             x12, 4(x13!)        x12=43f612a0 x13=10001680 x13:1000167c  PA:1000167c
19287242ns          365556 1c008a5e 00c77753 fadd.s           f14, f14, f12       f14=xxxxxxxx f14:4543230b f12:43f612a0
19287262ns          365557 1c008a5a 0046a60b p.lw             x12, 4(x13!)        x12=43d19e67 x13=10001684 x13:10001680  PA:10001680
19287302ns          365559 1c008a5e 00c77753 fadd.s           f14, f14, f12       f14=xxxxxxxx f14:4561e55f f12:43d19e67
19287322ns          365560 1c008a5a 0046a60b p.lw             x12, 4(x13!)        x12=4448a851 x13=10001688 x13:10001684  PA:10001684
19287362ns          365562 1c008a5e 00c77753 fadd.s           f14, f14, f12       f14=xxxxxxxx f14:457c192c f12:4448a851
19287382ns          365563 1c008a5a 0046a60b p.lw             x12, 4(x13!)        x12=443ae7d5 x13=1000168c x13:10001688  PA:10001688
19287422ns          365565 1c008a5e 00c77753 fadd.s           f14, f14, f12       f14=xxxxxxxx f14:459721a0 f12:443ae7d5
19287443ns          365566 1c008a5a 0046a60b p.lw             x12, 4(x13!)        x12=44110a7f x13=10001690 x13:1000168c  PA:1000168c
19287483ns          365568 1c008a5e 00c77753 fadd.s           f14, f14, f12       f14=xxxxxxxx f14:45ae7e9b f12:44110a7f
19287503ns          365569 1c008a5a 0046a60b p.lw             x12, 4(x13!)        x12=44356ff3 x13=10001694 x13:10001690  PA:10001690
19287543ns          365571 1c008a5e 00c77753 fadd.s           f14, f14, f12       f14=xxxxxxxx f14:45c09feb f12:44356ff3
19287563ns          365572 1c008a5a 0046a60b p.lw             x12, 4(x13!)        x12=44350748 x13=10001698 x13:10001694  PA:10001694
19287603ns          365574 1c008a5e 00c77753 fadd.s           f14, f14, f12       f14=xxxxxxxx f14:45d74de9 f12:44350748
19287623ns          365575 1c008a5a 0046a60b p.lw             x12, 4(x13!)        x12=4459c01c x13=1000169c x13:10001698  PA:10001698
19287663ns          365577 1c008a5e 00c77753 fadd.s           f14, f14, f12       f14=xxxxxxxx f14:45edeed2 f12:4459c01c
19287683ns          365578 1c008a5a 0046a60b p.lw             x12, 4(x13!)        x12=43d395e9 x13=100016a0 x13:1000169c  PA:1000169c
19287723ns          365580 1c008a5e 00c77753 fadd.s           f14, f14, f12       f14=xxxxxxxx f14:4604936b f12:43d395e9
19287744ns          365581 1c008a5a 0046a60b p.lw             x12, 4(x13!)        x12=444cecee x13=100016a4 x13:100016a0  PA:100016a0
19287784ns          365583 1c008a5e 00c77753 fadd.s           f14, f14, f12       f14=xxxxxxxx f14:460b301a f12:444cecee
19287804ns          365584 1c008a5a 0046a60b p.lw             x12, 4(x13!)        x12=4449328d x13=100016a8 x13:100016a4  PA:100016a4
19287844ns          365586 1c008a5e 00c77753 fadd.s           f14, f14, f12       f14=xxxxxxxx f14:4617fee9 f12:4449328d
19287864ns          365587 1c008a5a 0046a60b p.lw             x12, 4(x13!)        x12=43c46f73 x13=100016ac x13:100016a8  PA:100016a8
19287904ns          365589 1c008a5e 00c77753 fadd.s           f14, f14, f12       f14=xxxxxxxx f14:46249212 f12:43c46f73
19287924ns          365590 1c008a5a 0046a60b p.lw             x12, 4(x13!)        x12=43b78732 x13=100016b0 x13:100016ac  PA:100016ac
19287964ns          365592 1c008a5e 00c77753 fadd.s           f14, f14, f12       f14=xxxxxxxx f14:462ab58e f12:43b78732
19287984ns          365593 1c008a5a 0046a60b p.lw             x12, 4(x13!)        x12=44028f86 x13=100016b4 x13:100016b0  PA:100016b0
19288024ns          365595 1c008a5e 00c77753 fadd.s           f14, f14, f12       f14=xxxxxxxx f14:463071c8 f12:44028f86
19288045ns          365596 1c008a5a 0046a60b p.lw             x12, 4(x13!)        x12=43b20387 x13=100016b8 x13:100016b4  PA:100016b4
19288085ns          365598 1c008a5e 00c77753 fadd.s           f14, f14, f12       f14=xxxxxxxx f14:46389ac0 f12:43b20387
19288105ns          365599 1c008a5a 0046a60b p.lw             x12, 4(x13!)        x12=43d3f52b x13=100016bc x13:100016b8  PA:100016b8
19288145ns          365601 1c008a5e 00c77753 fadd.s           f14, f14, f12       f14=xxxxxxxx f14:463e2adc f12:43d3f52b
19288165ns          365602 1c008a5a 0046a60b p.lw             x12, 4(x13!)        x12=43d134ec x13=100016c0 x13:100016bc  PA:100016bc
19288205ns          365604 1c008a5e 00c77753 fadd.s           f14, f14, f12       f14=xxxxxxxx f14:4644ca85 f12:43d134ec
19288225ns          365605 1c008a5a 0046a60b p.lw             x12, 4(x13!)        x12=43fa6875 x13=100016c4 x13:100016c0  PA:100016c0
19288265ns          365607 1c008a5e 00c77753 fadd.s           f14, f14, f12       f14=xxxxxxxx f14:464b542c f12:43fa6875
19288285ns          365608 1c008a5a 0046a60b p.lw             x12, 4(x13!)        x12=43aacb32 x13=100016c8 x13:100016c4  PA:100016c4
19288325ns          365610 1c008a5e 00c77753 fadd.s           f14, f14, f12       f14=xxxxxxxx f14:46532770 f12:43aacb32
19288345ns          365611 1c008a5a 0046a60b p.lw             x12, 4(x13!)        x12=43f7c7df x13=100016cc x13:100016c8  PA:100016c8
19288386ns          365613 1c008a5e 00c77753 fadd.s           f14, f14, f12       f14=xxxxxxxx f14:46587dca f12:43f7c7df
19288406ns          365614 1c008a5a 0046a60b p.lw             x12, 4(x13!)        x12=440a7214 x13=100016d0 x13:100016cc  PA:100016cc
19288446ns          365616 1c008a5e 00c77753 fadd.s           f14, f14, f12       f14=xxxxxxxx f14:46603c09 f12:440a7214
19288466ns          365617 1c008a5a 0046a60b p.lw             x12, 4(x13!)        x12=43d19701 x13=100016d4 x13:100016d0  PA:100016d0
19288506ns          365619 1c008a5e 00c77753 fadd.s           f14, f14, f12       f14=xxxxxxxx f14:4668e32a f12:43d19701
19288526ns          365620 1c008a5a 0046a60b p.lw             x12, 4(x13!)        x12=44122167 x13=100016d8 x13:100016d4  PA:100016d4
19288566ns          365622 1c008a5e 00c77753 fadd.s           f14, f14, f12       f14=xxxxxxxx f14:466f6fe2 f12:44122167
19288586ns          365623 1c008a5a 0046a60b p.lw             x12, 4(x13!)        x12=4435a978 x13=100016dc x13:100016d8  PA:100016d8
19288626ns          365625 1c008a5e 00c77753 fadd.s           f14, f14, f12       f14=xxxxxxxx f14:467891f8 f12:4435a978
19288646ns          365626 1c008a5a 0046a60b p.lw             x12, 4(x13!)        x12=4403b52d x13=100016e0 x13:100016dc  PA:100016dc
19288687ns          365628 1c008a5e 00c77753 fadd.s           f14, f14, f12       f14=xxxxxxxx f14:4681f648 f12:4403b52d
19288707ns          365629 1c008a5a 0046a60b p.lw             x12, 4(x13!)        x12=44042d9e x13=100016e4 x13:100016e0  PA:100016e0
19288747ns          365631 1c008a5e 00c77753 fadd.s           f14, f14, f12       f14=xxxxxxxx f14:468613f1 f12:44042d9e
19288767ns          365632 1c008a5a 0046a60b p.lw             x12, 4(x13!)        x12=441f24f5 x13=100016e8 x13:100016e4  PA:100016e4
19288807ns          365634 1c008a5e 00c77753 fadd.s           f14, f14, f12       f14=xxxxxxxx f14:468a355e f12:441f24f5
19288827ns          365635 1c008a5a 0046a60b p.lw             x12, 4(x13!)        x12=442afe5f x13=100016ec x13:100016e8  PA:100016e8
19288867ns          365637 1c008a5e 00c77753 fadd.s           f14, f14, f12       f14=xxxxxxxx f14:468f2e86 f12:442afe5f
19288887ns          365638 1c008a5a 0046a60b p.lw             x12, 4(x13!)        x12=43f30693 x13=100016f0 x13:100016ec  PA:100016ec
19288927ns          365640 1c008a5e 00c77753 fadd.s           f14, f14, f12       f14=xxxxxxxx f14:46948679 f12:43f30693
19288947ns          365641 1c008a5a 0046a60b p.lw             x12, 4(x13!)        x12=443d91d0 x13=100016f4 x13:100016f0  PA:100016f0
19288988ns          365643 1c008a5e 00c77753 fadd.s           f14, f14, f12       f14=xxxxxxxx f14:46985293 f12:443d91d0
19289008ns          365644 1c008a5a 0046a60b p.lw             x12, 4(x13!)        x12=443d1061 x13=100016f8 x13:100016f4  PA:100016f4
19289048ns          365646 1c008a5e 00c77753 fadd.s           f14, f14, f12       f14=xxxxxxxx f14:469e3f22 f12:443d1061
19289068ns          365647 1c008a5a 0046a60b p.lw             x12, 4(x13!)        x12=43ab2b6c x13=100016fc x13:100016f8  PA:100016f8
19289108ns          365649 1c008a5e 00c77753 fadd.s           f14, f14, f12       f14=xxxxxxxx f14:46a427a5 f12:43ab2b6c
19289128ns          365650 1c008a5a 0046a60b p.lw             x12, 4(x13!)        x12=44173712 x13=10001700 x13:100016fc  PA:100016fc
19289168ns          365652 1c008a5e 00c77753 fadd.s           f14, f14, f12       f14=xxxxxxxx f14:46a6d453 f12:44173712
19289188ns          365653 1c008a5a 0046a60b p.lw             x12, 4(x13!)        x12=441b0033 x13=10001704 x13:10001700  PA:10001700
19289228ns          365655 1c008a5e 00c77753 fadd.s           f14, f14, f12       f14=xxxxxxxx f14:46ab8e0c f12:441b0033
19289248ns          365656 1c008a5a 0046a60b p.lw             x12, 4(x13!)        x12=43f75d08 x13=10001708 x13:10001704  PA:10001704
19289289ns          365658 1c008a5e 00c77753 fadd.s           f14, f14, f12       f14=xxxxxxxx f14:46b0660e f12:43f75d08
19289309ns          365659 1c008a5a 0046a60b p.lw             x12, 4(x13!)        x12=44083b0f x13=1000170c x13:10001708  PA:10001708
19289349ns          365661 1c008a5e 00c77753 fadd.s           f14, f14, f12       f14=xxxxxxxx f14:46b44382 f12:44083b0f
19289369ns          365662 1c008a5a 0046a60b p.lw             x12, 4(x13!)        x12=4416ff07 x13=10001710 x13:1000170c  PA:1000170c
19289409ns          365664 1c008a5e 00c77753 fadd.s           f14, f14, f12       f14=xxxxxxxx f14:46b8855a f12:4416ff07
19289429ns          365665 1c008a5a 0046a60b p.lw             x12, 4(x13!)        x12=4422bf46 x13=10001714 x13:10001710  PA:10001710
19289469ns          365667 1c008a5e 00c77753 fadd.s           f14, f14, f12       f14=xxxxxxxx f14:46bd3d52 f12:4422bf46
19289489ns          365668 1c008a5a 0046a60b p.lw             x12, 4(x13!)        x12=43dcbfc1 x13=10001718 x13:10001714  PA:10001714
19289529ns          365670 1c008a5e 00c77753 fadd.s           f14, f14, f12       f14=xxxxxxxx f14:46c2534c f12:43dcbfc1
19289549ns          365671 1c008a5a 0046a60b p.lw             x12, 4(x13!)        x12=442d2e96 x13=1000171c x13:10001718  PA:10001718
19289590ns          365673 1c008a5e 00c77753 fadd.s           f14, f14, f12       f14=xxxxxxxx f14:46c5c64b f12:442d2e96
19289610ns          365674 1c008a5a 0046a60b p.lw             x12, 4(x13!)        x12=44250955 x13=10001720 x13:1000171c  PA:1000171c
19289650ns          365676 1c008a5e 00c77753 fadd.s           f14, f14, f12       f14=xxxxxxxx f14:46cb2fc0 f12:44250955
19289670ns          365677 1c008a5a 0046a60b p.lw             x12, 4(x13!)        x12=4387e57d x13=10001724 x13:10001720  PA:10001720
19289710ns          365679 1c008a5e 00c77753 fadd.s           f14, f14, f12       f14=xxxxxxxx f14:46d0580b f12:4387e57d
19289730ns          365680 1c008a5a 0046a60b p.lw             x12, 4(x13!)        x12=44106b76 x13=10001728 x13:10001724  PA:10001724
19289770ns          365682 1c008a5e 00c77753 fadd.s           f14, f14, f12       f14=xxxxxxxx f14:46d277a1 f12:44106b76
19289790ns          365683 1c008a5a 0046a60b p.lw             x12, 4(x13!)        x12=4429e138 x13=1000172c x13:10001728  PA:10001728
19289830ns          365685 1c008a5e 00c77753 fadd.s           f14, f14, f12       f14=xxxxxxxx f14:46d6fafd f12:4429e138
19289850ns          365686 1c008a5a 0046a60b p.lw             x12, 4(x13!)        x12=441cba5a x13=10001730 x13:1000172c  PA:1000172c
19289891ns          365688 1c008a5e 00c77753 fadd.s           f14, f14, f12       f14=xxxxxxxx f14:46dc4a07 f12:441cba5a
19289911ns          365689 1c008a5a 0046a60b p.lw             x12, 4(x13!)        x12=4407faa1 x13=10001734 x13:10001730  PA:10001730
19289951ns          365691 1c008a5e 00c77753 fadd.s           f14, f14, f12       f14=xxxxxxxx f14:46e12fda f12:4407faa1
19289971ns          365692 1c008a5a 0046a60b p.lw             x12, 4(x13!)        x12=44275f1b x13=10001738 x13:10001734  PA:10001734
19290011ns          365694 1c008a5e 00c77753 fadd.s           f14, f14, f12       f14=xxxxxxxx f14:46e56faf f12:44275f1b
19290031ns          365695 1c008a5a 0046a60b p.lw             x12, 4(x13!)        x12=44147324 x13=1000173c x13:10001738  PA:10001738
19290071ns          365697 1c008a5e 00c77753 fadd.s           f14, f14, f12       f14=xxxxxxxx f14:46eaaaa8 f12:44147324
19290091ns          365698 1c008a5a 0046a60b p.lw             x12, 4(x13!)        x12=4397f033 x13=10001740 x13:1000173c  PA:1000173c
19290131ns          365700 1c008a5e 00c77753 fadd.s           f14, f14, f12       f14=xxxxxxxx f14:46ef4e41 f12:4397f033
19290151ns          365701 1c008a5a 0046a60b p.lw             x12, 4(x13!)        x12=4411db48 x13=10001744 x13:10001740  PA:10001740
19290191ns          365703 1c008a5e 00c77753 fadd.s           f14, f14, f12       f14=xxxxxxxx f14:46f1ae02 f12:4411db48
19290212ns          365704 1c008a5a 0046a60b p.lw             x12, 4(x13!)        x12=4418faad x13=10001748 x13:10001744  PA:10001744
19290252ns          365706 1c008a5e 00c77753 fadd.s           f14, f14, f12       f14=xxxxxxxx f14:46f63cdc f12:4418faad
19290272ns          365707 1c008a5a 0046a60b p.lw             x12, 4(x13!)        x12=43a12c33 x13=1000174c x13:10001748  PA:10001748
19290312ns          365709 1c008a5e 00c77753 fadd.s           f14, f14, f12       f14=xxxxxxxx f14:46fb04b1 f12:43a12c33
19290332ns          365710 1c008a5a 0046a60b p.lw             x12, 4(x13!)        x12=4410b056 x13=10001750 x13:1000174c  PA:1000174c
19290372ns          365712 1c008a5e 00c77753 fadd.s           f14, f14, f12       f14=xxxxxxxx f14:46fd8962 f12:4410b056
19290392ns          365713 1c008a5a 0046a60b p.lw             x12, 4(x13!)        x12=440784a1 x13=10001754 x13:10001750  PA:10001750
19290432ns          365715 1c008a5e 00c77753 fadd.s           f14, f14, f12       f14=xxxxxxxx f14:47010772 f12:440784a1
19290452ns          365716 1c008a5a 0046a60b p.lw             x12, 4(x13!)        x12=43c41c99 x13=10001758 x13:10001754  PA:10001754
19290492ns          365718 1c008a5e 00c77753 fadd.s           f14, f14, f12       f14=xxxxxxxx f14:47032585 f12:43c41c99
19290513ns          365719 1c008a5a 0046a60b p.lw             x12, 4(x13!)        x12=43c15cf0 x13=1000175c x13:10001758  PA:10001758
19290553ns          365721 1c008a5e 00c77753 fadd.s           f14, f14, f12       f14=xxxxxxxx f14:4704adbe f12:43c15cf0
19290573ns          365722 1c008a5a 0046a60b p.lw             x12, 4(x13!)        x12=440c6efc x13=10001760 x13:1000175c  PA:1000175c
19290613ns          365724 1c008a5e 00c77753 fadd.s           f14, f14, f12       f14=xxxxxxxx f14:47063078 f12:440c6efc
19290633ns          365725 1c008a5a 0046a60b p.lw             x12, 4(x13!)        x12=44193974 x13=10001764 x13:10001760  PA:10001760
19290673ns          365727 1c008a5e 00c77753 fadd.s           f14, f14, f12       f14=xxxxxxxx f14:47086234 f12:44193974
19290693ns          365728 1c008a5a 0046a60b p.lw             x12, 4(x13!)        x12=4372419e x13=10001768 x13:10001764  PA:10001764
19290733ns          365730 1c008a5e 00c77753 fadd.s           f14, f14, f12       f14=xxxxxxxx f14:470ac71a f12:4372419e
19290753ns          365731 1c008a5a 0046a60b p.lw             x12, 4(x13!)        x12=440a5f52 x13=1000176c x13:10001768  PA:10001768
19290793ns          365733 1c008a5e 00c77753 fadd.s           f14, f14, f12       f14=xxxxxxxx f14:470bb95c f12:440a5f52
19290814ns          365734 1c008a5a 0046a60b p.lw             x12, 4(x13!)        x12=440b74bc x13=10001770 x13:1000176c  PA:1000176c
19290854ns          365736 1c008a5e 00c77753 fadd.s           f14, f14, f12       f14=xxxxxxxx f14:470de2d9 f12:440b74bc
19290874ns          365737 1c008a5a 0046a60b p.lw             x12, 4(x13!)        x12=44201de3 x13=10001774 x13:10001770  PA:10001770
19290914ns          365739 1c008a5e 00c77753 fadd.s           f14, f14, f12       f14=xxxxxxxx f14:471010ac f12:44201de3
19290934ns          365740 1c008a5a 0046a60b p.lw             x12, 4(x13!)        x12=44307b78 x13=10001778 x13:10001774  PA:10001774
19290974ns          365742 1c008a5e 00c77753 fadd.s           f14, f14, f12       f14=xxxxxxxx f14:47129124 f12:44307b78
19290994ns          365743 1c008a5a 0046a60b p.lw             x12, 4(x13!)        x12=444c7f59 x13=1000177c x13:10001778  PA:10001778
19291034ns          365745 1c008a5e 00c77753 fadd.s           f14, f14, f12       f14=xxxxxxxx f14:47155312 f12:444c7f59
19291054ns          365746 1c008a5a 0046a60b p.lw             x12, 4(x13!)        x12=441ab3d1 x13=10001780 x13:1000177c  PA:1000177c
19291094ns          365748 1c008a5e 00c77753 fadd.s           f14, f14, f12       f14=xxxxxxxx f14:4718850f f12:441ab3d1
19291115ns          365749 1c008a5a 0046a60b p.lw             x12, 4(x13!)        x12=442cdf2c x13=10001784 x13:10001780  PA:10001780
19291155ns          365751 1c008a5e 00c77753 fadd.s           f14, f14, f12       f14=xxxxxxxx f14:471aefde f12:442cdf2c
19291175ns          365752 1c008a5a 0046a60b p.lw             x12, 4(x13!)        x12=442fcf6e x13=10001788 x13:10001784  PA:10001784
19291215ns          365754 1c008a5e 00c77753 fadd.s           f14, f14, f12       f14=xxxxxxxx f14:471da35b f12:442fcf6e
19291235ns          365755 1c008a5a 0046a60b p.lw             x12, 4(x13!)        x12=44455869 x13=1000178c x13:10001788  PA:10001788
19291275ns          365757 1c008a5e 00c77753 fadd.s           f14, f14, f12       f14=xxxxxxxx f14:47206299 f12:44455869
19291295ns          365758 1c008a5a 0046a60b p.lw             x12, 4(x13!)        x12=4403cb9d x13=10001790 x13:1000178c  PA:1000178c
19291335ns          365760 1c008a5e 00c77753 fadd.s           f14, f14, f12       f14=xxxxxxxx f14:472377fb f12:4403cb9d
19291355ns          365761 1c008a5a 0046a60b p.lw             x12, 4(x13!)        x12=4452a77d x13=10001794 x13:10001790  PA:10001790
19291395ns          365763 1c008a5e 00c77753 fadd.s           f14, f14, f12       f14=xxxxxxxx f14:47258729 f12:4452a77d
19291415ns          365764 1c008a5a 0046a60b p.lw             x12, 4(x13!)        x12=445725c8 x13=10001798 x13:10001794  PA:10001794
19291456ns          365766 1c008a5e 00c77753 fadd.s           f14, f14, f12       f14=xxxxxxxx f14:4728d1c7 f12:445725c8
19291476ns          365767 1c008a5a 0046a60b p.lw             x12, 4(x13!)        x12=43a666c1 x13=1000179c x13:10001798  PA:10001798
19291516ns          365769 1c008a5e 00c77753 fadd.s           f14, f14, f12       f14=xxxxxxxx f14:472c2e5e f12:43a666c1
19291536ns          365770 1c008a5a 0046a60b p.lw             x12, 4(x13!)        x12=4402c688 x13=100017a0 x13:1000179c  PA:1000179c
19291576ns          365772 1c008a5e 00c77753 fadd.s           f14, f14, f12       f14=xxxxxxxx f14:472d7b2c f12:4402c688
19291596ns          365773 1c008a5a 0046a60b p.lw             x12, 4(x13!)        x12=442f9c36 x13=100017a4 x13:100017a0  PA:100017a0
19291636ns          365775 1c008a5e 00c77753 fadd.s           f14, f14, f12       f14=xxxxxxxx f14:472f8646 f12:442f9c36
19291656ns          365776 1c008a5a 0046a60b p.lw             x12, 4(x13!)        x12=440aae8e x13=100017a8 x13:100017a4  PA:100017a4
19291696ns          365778 1c008a5e 00c77753 fadd.s           f14, f14, f12       f14=xxxxxxxx f14:473244b7 f12:440aae8e
19291716ns          365779 1c008a5a 0046a60b p.lw             x12, 4(x13!)        x12=4418c35d x13=100017ac x13:100017a8  PA:100017a8
19291757ns          365781 1c008a5e 00c77753 fadd.s           f14, f14, f12       f14=xxxxxxxx f14:47346f71 f12:4418c35d
19291777ns          365782 1c008a5a 0046a60b p.lw             x12, 4(x13!)        x12=44192b21 x13=100017b0 x13:100017ac  PA:100017ac
19291817ns          365784 1c008a5e 00c77753 fadd.s           f14, f14, f12       f14=xxxxxxxx f14:4736d27e f12:44192b21
19291837ns          365785 1c008a5a 0046a60b p.lw             x12, 4(x13!)        x12=443d6d9b x13=100017b4 x13:100017b0  PA:100017b0
19291877ns          365787 1c008a5e 00c77753 fadd.s           f14, f14, f12       f14=xxxxxxxx f14:4739372b f12:443d6d9b
19291897ns          365788 1c008a5a 0046a60b p.lw             x12, 4(x13!)        x12=43d546ff x13=100017b8 x13:100017b4  PA:100017b4
19291937ns          365790 1c008a5e 00c77753 fadd.s           f14, f14, f12       f14=xxxxxxxx f14:473c2ce1 f12:43d546ff
19291957ns          365791 1c008a5a 0046a60b p.lw             x12, 4(x13!)        x12=4423c75c x13=100017bc x13:100017b8  PA:100017b8
19291997ns          365793 1c008a5e 00c77753 fadd.s           f14, f14, f12       f14=xxxxxxxx f14:473dd76f f12:4423c75c
19292017ns          365794 1c008a5a 0046a60b p.lw             x12, 4(x13!)        x12=441063ff x13=100017c0 x13:100017bc  PA:100017bc
19292058ns          365796 1c008a5e 00c77753 fadd.s           f14, f14, f12       f14=xxxxxxxx f14:4740668c f12:441063ff
19292078ns          365797 1c008a5a 0046a60b p.lw             x12, 4(x13!)        x12=43a9ded2 x13=100017c4 x13:100017c0  PA:100017c0
19292118ns          365799 1c008a5e 00c77753 fadd.s           f14, f14, f12       f14=xxxxxxxx f14:4742a81c f12:43a9ded2
19292138ns          365800 1c008a5a 0046a60b p.lw             x12, 4(x13!)        x12=43d0f2e1 x13=100017c8 x13:100017c4  PA:100017c4
19292178ns          365802 1c008a5e 00c77753 fadd.s           f14, f14, f12       f14=xxxxxxxx f14:4743fbda f12:43d0f2e1
19292198ns          365803 1c008a5a 0046a60b p.lw             x12, 4(x13!)        x12=44111e9f x13=100017cc x13:100017c8  PA:100017c8
19292238ns          365805 1c008a5e 00c77753 fadd.s           f14, f14, f12       f14=xxxxxxxx f14:47459dc0 f12:44111e9f
19292258ns          365806 1c008a5a 0046a60b p.lw             x12, 4(x13!)        x12=43cb2dac x13=100017d0 x13:100017cc  PA:100017cc
19292298ns          365808 1c008a5e 00c77753 fadd.s           f14, f14, f12       f14=xxxxxxxx f14:4747e23a f12:43cb2dac
19292318ns          365809 1c008a5a 0046a60b p.lw             x12, 4(x13!)        x12=43e9fa32 x13=100017d4 x13:100017d0  PA:100017d0
19292359ns          365811 1c008a5e 00c77753 fadd.s           f14, f14, f12       f14=xxxxxxxx f14:47497895 f12:43e9fa32
19292379ns          365812 1c008a5a 0046a60b p.lw             x12, 4(x13!)        x12=43d576ba x13=100017d8 x13:100017d4  PA:100017d4
19292419ns          365814 1c008a5e 00c77753 fadd.s           f14, f14, f12       f14=xxxxxxxx f14:474b4c89 f12:43d576ba
19292439ns          365815 1c008a5a 0046a60b p.lw             x12, 4(x13!)        x12=43fc5b0d x13=100017dc x13:100017d8  PA:100017d8
19292479ns          365817 1c008a5e 00c77753 fadd.s           f14, f14, f12       f14=xxxxxxxx f14:474cf776 f12:43fc5b0d
19292499ns          365818 1c008a5a 0046a60b p.lw             x12, 4(x13!)        x12=4392170b x13=100017e0 x13:100017dc  PA:100017dc
19292539ns          365820 1c008a5e 00c77753 fadd.s           f14, f14, f12       f14=xxxxxxxx f14:474ef02c f12:4392170b
19292559ns          365821 1c008a5a 0046a60b p.lw             x12, 4(x13!)        x12=4402d68c x13=100017e4 x13:100017e0  PA:100017e0
19292599ns          365823 1c008a5e 00c77753 fadd.s           f14, f14, f12       f14=xxxxxxxx f14:4750145a f12:4402d68c
19292619ns          365824 1c008a5a 0046a60b p.lw             x12, 4(x13!)        x12=440127c9 x13=100017e8 x13:100017e4  PA:100017e4
19292660ns          365826 1c008a5e 00c77753 fadd.s           f14, f14, f12       f14=xxxxxxxx f14:47521fb4 f12:440127c9
19292680ns          365827 1c008a62 01010513 addi             x10, x2, 16         x10=10001658  x2:10001648
19292700ns          365828 1c008a64 00e12423 sw               x14, 8(x2)          x14:47542453  x2:10001648  PA:10001650
19292720ns          365829 1c008a66 ed8ff0ef jal              x1, -2344            x1=1c008a6a
19294104ns          365898 1c00813e 0045260b p.lw             x12, 4(x10!)        x12=439d70eb x10=1000165c x10:10001658  PA:10001658
19294124ns          365899 1c008142 00a007b3 add              x15, x0, x10        x15=1000165c x10:1000165c
19294144ns          365900 1c008144 00c00733 add              x14, x0, x12        x14=439d70eb x12:439d70eb
19294164ns          365901 1c008146 063250fb lp.setupi        0x1, 0x63, 0x4     
19294185ns          365902 1c00814a 0047a58b p.lw             x11, 4(x15!)        x11=4380cc08 x15=10001660 x15:1000165c  PA:1000165c
19294626ns          365924 1c00814e 00b77753 fadd.s           f14, f14, f11       f14=xxxxxxxx f14:439d70eb f11:4380cc08
19294686ns          365927 1c00814a 0047a58b p.lw             x11, 4(x15!)        x11=43fe0e6b x15=10001664 x15:10001660  PA:10001660
19294726ns          365929 1c00814e 00b77753 fadd.s           f14, f14, f11       f14=xxxxxxxx f14:440f1e7a f11:43fe0e6b
19294746ns          365930 1c00814a 0047a58b p.lw             x11, 4(x15!)        x11=4388659d x15=10001668 x15:10001664  PA:10001664
19294786ns          365932 1c00814e 00b77753 fadd.s           f14, f14, f11       f14=xxxxxxxx f14:448712d8 f11:4388659d
19294807ns          365933 1c00814a 0047a58b p.lw             x11, 4(x15!)        x11=43d7775e x15=1000166c x15:10001668  PA:10001668
19294847ns          365935 1c00814e 00b77753 fadd.s           f14, f14, f11       f14=xxxxxxxx f14:44a92c3f f11:43d7775e
19294867ns          365936 1c00814a 0047a58b p.lw             x11, 4(x15!)        x11=43a4e549 x15=10001670 x15:1000166c  PA:1000166c
19294907ns          365938 1c00814e 00b77753 fadd.s           f14, f14, f11       f14=xxxxxxxx f14:44df0a16 f11:43a4e549
19294927ns          365939 1c00814a 0047a58b p.lw             x11, 4(x15!)        x11=43a0603b x15=10001674 x15:10001670  PA:10001670
19294967ns          365941 1c00814e 00b77753 fadd.s           f14, f14, f11       f14=xxxxxxxx f14:450421b4 f11:43a0603b
19294987ns          365942 1c00814a 0047a58b p.lw             x11, 4(x15!)        x11=43acbbd0 x15=10001678 x15:10001674  PA:10001674
19295027ns          365944 1c00814e 00b77753 fadd.s           f14, f14, f11       f14=xxxxxxxx f14:45182dbb f11:43acbbd0
19295047ns          365945 1c00814a 0047a58b p.lw             x11, 4(x15!)        x11=43aaeeae x15=1000167c x15:10001678  PA:10001678
19295087ns          365947 1c00814e 00b77753 fadd.s           f14, f14, f11       f14=xxxxxxxx f14:452dc535 f11:43aaeeae
19295108ns          365948 1c00814a 0047a58b p.lw             x11, 4(x15!)        x11=43f612a0 x15=10001680 x15:1000167c  PA:1000167c
19295148ns          365950 1c00814e 00b77753 fadd.s           f14, f14, f11       f14=xxxxxxxx f14:4543230b f11:43f612a0
19295168ns          365951 1c00814a 0047a58b p.lw             x11, 4(x15!)        x11=43d19e67 x15=10001684 x15:10001680  PA:10001680
19295208ns          365953 1c00814e 00b77753 fadd.s           f14, f14, f11       f14=xxxxxxxx f14:4561e55f f11:43d19e67
19295228ns          365954 1c00814a 0047a58b p.lw             x11, 4(x15!)        x11=4448a851 x15=10001688 x15:10001684  PA:10001684
19295268ns          365956 1c00814e 00b77753 fadd.s           f14, f14, f11       f14=xxxxxxxx f14:457c192c f11:4448a851
19295288ns          365957 1c00814a 0047a58b p.lw             x11, 4(x15!)        x11=443ae7d5 x15=1000168c x15:10001688  PA:10001688
19295328ns          365959 1c00814e 00b77753 fadd.s           f14, f14, f11       f14=xxxxxxxx f14:459721a0 f11:443ae7d5
19295348ns          365960 1c00814a 0047a58b p.lw             x11, 4(x15!)        x11=44110a7f x15=10001690 x15:1000168c  PA:1000168c
19295388ns          365962 1c00814e 00b77753 fadd.s           f14, f14, f11       f14=xxxxxxxx f14:45ae7e9b f11:44110a7f
19295408ns          365963 1c00814a 0047a58b p.lw             x11, 4(x15!)        x11=44356ff3 x15=10001694 x15:10001690  PA:10001690
19295449ns          365965 1c00814e 00b77753 fadd.s           f14, f14, f11       f14=xxxxxxxx f14:45c09feb f11:44356ff3
19295469ns          365966 1c00814a 0047a58b p.lw             x11, 4(x15!)        x11=44350748 x15=10001698 x15:10001694  PA:10001694
19295509ns          365968 1c00814e 00b77753 fadd.s           f14, f14, f11       f14=xxxxxxxx f14:45d74de9 f11:44350748
19295529ns          365969 1c00814a 0047a58b p.lw             x11, 4(x15!)        x11=4459c01c x15=1000169c x15:10001698  PA:10001698
19295569ns          365971 1c00814e 00b77753 fadd.s           f14, f14, f11       f14=xxxxxxxx f14:45edeed2 f11:4459c01c
19295589ns          365972 1c00814a 0047a58b p.lw             x11, 4(x15!)        x11=43d395e9 x15=100016a0 x15:1000169c  PA:1000169c
19295629ns          365974 1c00814e 00b77753 fadd.s           f14, f14, f11       f14=xxxxxxxx f14:4604936b f11:43d395e9
19295649ns          365975 1c00814a 0047a58b p.lw             x11, 4(x15!)        x11=444cecee x15=100016a4 x15:100016a0  PA:100016a0
19295689ns          365977 1c00814e 00b77753 fadd.s           f14, f14, f11       f14=xxxxxxxx f14:460b301a f11:444cecee
19295709ns          365978 1c00814a 0047a58b p.lw             x11, 4(x15!)        x11=4449328d x15=100016a8 x15:100016a4  PA:100016a4
19295750ns          365980 1c00814e 00b77753 fadd.s           f14, f14, f11       f14=xxxxxxxx f14:4617fee9 f11:4449328d
19295770ns          365981 1c00814a 0047a58b p.lw             x11, 4(x15!)        x11=43c46f73 x15=100016ac x15:100016a8  PA:100016a8
19295810ns          365983 1c00814e 00b77753 fadd.s           f14, f14, f11       f14=xxxxxxxx f14:46249212 f11:43c46f73
19295830ns          365984 1c00814a 0047a58b p.lw             x11, 4(x15!)        x11=43b78732 x15=100016b0 x15:100016ac  PA:100016ac
19295870ns          365986 1c00814e 00b77753 fadd.s           f14, f14, f11       f14=xxxxxxxx f14:462ab58e f11:43b78732
19295890ns          365987 1c00814a 0047a58b p.lw             x11, 4(x15!)        x11=44028f86 x15=100016b4 x15:100016b0  PA:100016b0
19295930ns          365989 1c00814e 00b77753 fadd.s           f14, f14, f11       f14=xxxxxxxx f14:463071c8 f11:44028f86
19295950ns          365990 1c00814a 0047a58b p.lw             x11, 4(x15!)        x11=43b20387 x15=100016b8 x15:100016b4  PA:100016b4
19295990ns          365992 1c00814e 00b77753 fadd.s           f14, f14, f11       f14=xxxxxxxx f14:46389ac0 f11:43b20387
19296010ns          365993 1c00814a 0047a58b p.lw             x11, 4(x15!)        x11=43d3f52b x15=100016bc x15:100016b8  PA:100016b8
19296051ns          365995 1c00814e 00b77753 fadd.s           f14, f14, f11       f14=xxxxxxxx f14:463e2adc f11:43d3f52b
19296071ns          365996 1c00814a 0047a58b p.lw             x11, 4(x15!)        x11=43d134ec x15=100016c0 x15:100016bc  PA:100016bc
19296111ns          365998 1c00814e 00b77753 fadd.s           f14, f14, f11       f14=xxxxxxxx f14:4644ca85 f11:43d134ec
19296131ns          365999 1c00814a 0047a58b p.lw             x11, 4(x15!)        x11=43fa6875 x15=100016c4 x15:100016c0  PA:100016c0
19296171ns          366001 1c00814e 00b77753 fadd.s           f14, f14, f11       f14=xxxxxxxx f14:464b542c f11:43fa6875
19296191ns          366002 1c00814a 0047a58b p.lw             x11, 4(x15!)        x11=43aacb32 x15=100016c8 x15:100016c4  PA:100016c4
19296231ns          366004 1c00814e 00b77753 fadd.s           f14, f14, f11       f14=xxxxxxxx f14:46532770 f11:43aacb32
19296251ns          366005 1c00814a 0047a58b p.lw             x11, 4(x15!)        x11=43f7c7df x15=100016cc x15:100016c8  PA:100016c8
19296291ns          366007 1c00814e 00b77753 fadd.s           f14, f14, f11       f14=xxxxxxxx f14:46587dca f11:43f7c7df
19296311ns          366008 1c00814a 0047a58b p.lw             x11, 4(x15!)        x11=440a7214 x15=100016d0 x15:100016cc  PA:100016cc
19296352ns          366010 1c00814e 00b77753 fadd.s           f14, f14, f11       f14=xxxxxxxx f14:46603c09 f11:440a7214
19296372ns          366011 1c00814a 0047a58b p.lw             x11, 4(x15!)        x11=43d19701 x15=100016d4 x15:100016d0  PA:100016d0
19296412ns          366013 1c00814e 00b77753 fadd.s           f14, f14, f11       f14=xxxxxxxx f14:4668e32a f11:43d19701
19296432ns          366014 1c00814a 0047a58b p.lw             x11, 4(x15!)        x11=44122167 x15=100016d8 x15:100016d4  PA:100016d4
19296472ns          366016 1c00814e 00b77753 fadd.s           f14, f14, f11       f14=xxxxxxxx f14:466f6fe2 f11:44122167
19296492ns          366017 1c00814a 0047a58b p.lw             x11, 4(x15!)        x11=4435a978 x15=100016dc x15:100016d8  PA:100016d8
19296532ns          366019 1c00814e 00b77753 fadd.s           f14, f14, f11       f14=xxxxxxxx f14:467891f8 f11:4435a978
19296552ns          366020 1c00814a 0047a58b p.lw             x11, 4(x15!)        x11=4403b52d x15=100016e0 x15:100016dc  PA:100016dc
19296592ns          366022 1c00814e 00b77753 fadd.s           f14, f14, f11       f14=xxxxxxxx f14:4681f648 f11:4403b52d
19296612ns          366023 1c00814a 0047a58b p.lw             x11, 4(x15!)        x11=44042d9e x15=100016e4 x15:100016e0  PA:100016e0
19296653ns          366025 1c00814e 00b77753 fadd.s           f14, f14, f11       f14=xxxxxxxx f14:468613f1 f11:44042d9e
19296673ns          366026 1c00814a 0047a58b p.lw             x11, 4(x15!)        x11=441f24f5 x15=100016e8 x15:100016e4  PA:100016e4
19296713ns          366028 1c00814e 00b77753 fadd.s           f14, f14, f11       f14=xxxxxxxx f14:468a355e f11:441f24f5
19296733ns          366029 1c00814a 0047a58b p.lw             x11, 4(x15!)        x11=442afe5f x15=100016ec x15:100016e8  PA:100016e8
19296773ns          366031 1c00814e 00b77753 fadd.s           f14, f14, f11       f14=xxxxxxxx f14:468f2e86 f11:442afe5f
19296793ns          366032 1c00814a 0047a58b p.lw             x11, 4(x15!)        x11=43f30693 x15=100016f0 x15:100016ec  PA:100016ec
19296833ns          366034 1c00814e 00b77753 fadd.s           f14, f14, f11       f14=xxxxxxxx f14:46948679 f11:43f30693
19296853ns          366035 1c00814a 0047a58b p.lw             x11, 4(x15!)        x11=443d91d0 x15=100016f4 x15:100016f0  PA:100016f0
19296893ns          366037 1c00814e 00b77753 fadd.s           f14, f14, f11       f14=xxxxxxxx f14:46985293 f11:443d91d0
19296913ns          366038 1c00814a 0047a58b p.lw             x11, 4(x15!)        x11=443d1061 x15=100016f8 x15:100016f4  PA:100016f4
19296954ns          366040 1c00814e 00b77753 fadd.s           f14, f14, f11       f14=xxxxxxxx f14:469e3f22 f11:443d1061
19296974ns          366041 1c00814a 0047a58b p.lw             x11, 4(x15!)        x11=43ab2b6c x15=100016fc x15:100016f8  PA:100016f8
19297014ns          366043 1c00814e 00b77753 fadd.s           f14, f14, f11       f14=xxxxxxxx f14:46a427a5 f11:43ab2b6c
19297034ns          366044 1c00814a 0047a58b p.lw             x11, 4(x15!)        x11=44173712 x15=10001700 x15:100016fc  PA:100016fc
19297074ns          366046 1c00814e 00b77753 fadd.s           f14, f14, f11       f14=xxxxxxxx f14:46a6d453 f11:44173712
19297094ns          366047 1c00814a 0047a58b p.lw             x11, 4(x15!)        x11=441b0033 x15=10001704 x15:10001700  PA:10001700
19297134ns          366049 1c00814e 00b77753 fadd.s           f14, f14, f11       f14=xxxxxxxx f14:46ab8e0c f11:441b0033
19297154ns          366050 1c00814a 0047a58b p.lw             x11, 4(x15!)        x11=43f75d08 x15=10001708 x15:10001704  PA:10001704
19297194ns          366052 1c00814e 00b77753 fadd.s           f14, f14, f11       f14=xxxxxxxx f14:46b0660e f11:43f75d08
19297214ns          366053 1c00814a 0047a58b p.lw             x11, 4(x15!)        x11=44083b0f x15=1000170c x15:10001708  PA:10001708
19297255ns          366055 1c00814e 00b77753 fadd.s           f14, f14, f11       f14=xxxxxxxx f14:46b44382 f11:44083b0f
19297275ns          366056 1c00814a 0047a58b p.lw             x11, 4(x15!)        x11=4416ff07 x15=10001710 x15:1000170c  PA:1000170c
19297315ns          366058 1c00814e 00b77753 fadd.s           f14, f14, f11       f14=xxxxxxxx f14:46b8855a f11:4416ff07
19297335ns          366059 1c00814a 0047a58b p.lw             x11, 4(x15!)        x11=4422bf46 x15=10001714 x15:10001710  PA:10001710
19297375ns          366061 1c00814e 00b77753 fadd.s           f14, f14, f11       f14=xxxxxxxx f14:46bd3d52 f11:4422bf46
19297395ns          366062 1c00814a 0047a58b p.lw             x11, 4(x15!)        x11=43dcbfc1 x15=10001718 x15:10001714  PA:10001714
19297435ns          366064 1c00814e 00b77753 fadd.s           f14, f14, f11       f14=xxxxxxxx f14:46c2534c f11:43dcbfc1
19297455ns          366065 1c00814a 0047a58b p.lw             x11, 4(x15!)        x11=442d2e96 x15=1000171c x15:10001718  PA:10001718
19297495ns          366067 1c00814e 00b77753 fadd.s           f14, f14, f11       f14=xxxxxxxx f14:46c5c64b f11:442d2e96
19297515ns          366068 1c00814a 0047a58b p.lw             x11, 4(x15!)        x11=44250955 x15=10001720 x15:1000171c  PA:1000171c
19297555ns          366070 1c00814e 00b77753 fadd.s           f14, f14, f11       f14=xxxxxxxx f14:46cb2fc0 f11:44250955
19297576ns          366071 1c00814a 0047a58b p.lw             x11, 4(x15!)        x11=4387e57d x15=10001724 x15:10001720  PA:10001720
19297616ns          366073 1c00814e 00b77753 fadd.s           f14, f14, f11       f14=xxxxxxxx f14:46d0580b f11:4387e57d
19297636ns          366074 1c00814a 0047a58b p.lw             x11, 4(x15!)        x11=44106b76 x15=10001728 x15:10001724  PA:10001724
19297676ns          366076 1c00814e 00b77753 fadd.s           f14, f14, f11       f14=xxxxxxxx f14:46d277a1 f11:44106b76
19297696ns          366077 1c00814a 0047a58b p.lw             x11, 4(x15!)        x11=4429e138 x15=1000172c x15:10001728  PA:10001728
19297736ns          366079 1c00814e 00b77753 fadd.s           f14, f14, f11       f14=xxxxxxxx f14:46d6fafd f11:4429e138
19297756ns          366080 1c00814a 0047a58b p.lw             x11, 4(x15!)        x11=441cba5a x15=10001730 x15:1000172c  PA:1000172c
19297796ns          366082 1c00814e 00b77753 fadd.s           f14, f14, f11       f14=xxxxxxxx f14:46dc4a07 f11:441cba5a
19297816ns          366083 1c00814a 0047a58b p.lw             x11, 4(x15!)        x11=4407faa1 x15=10001734 x15:10001730  PA:10001730
19297856ns          366085 1c00814e 00b77753 fadd.s           f14, f14, f11       f14=xxxxxxxx f14:46e12fda f11:4407faa1
19297877ns          366086 1c00814a 0047a58b p.lw             x11, 4(x15!)        x11=44275f1b x15=10001738 x15:10001734  PA:10001734
19297917ns          366088 1c00814e 00b77753 fadd.s           f14, f14, f11       f14=xxxxxxxx f14:46e56faf f11:44275f1b
19297937ns          366089 1c00814a 0047a58b p.lw             x11, 4(x15!)        x11=44147324 x15=1000173c x15:10001738  PA:10001738
19297977ns          366091 1c00814e 00b77753 fadd.s           f14, f14, f11       f14=xxxxxxxx f14:46eaaaa8 f11:44147324
19297997ns          366092 1c00814a 0047a58b p.lw             x11, 4(x15!)        x11=4397f033 x15=10001740 x15:1000173c  PA:1000173c
19298037ns          366094 1c00814e 00b77753 fadd.s           f14, f14, f11       f14=xxxxxxxx f14:46ef4e41 f11:4397f033
19298057ns          366095 1c00814a 0047a58b p.lw             x11, 4(x15!)        x11=4411db48 x15=10001744 x15:10001740  PA:10001740
19298097ns          366097 1c00814e 00b77753 fadd.s           f14, f14, f11       f14=xxxxxxxx f14:46f1ae02 f11:4411db48
19298117ns          366098 1c00814a 0047a58b p.lw             x11, 4(x15!)        x11=4418faad x15=10001748 x15:10001744  PA:10001744
19298157ns          366100 1c00814e 00b77753 fadd.s           f14, f14, f11       f14=xxxxxxxx f14:46f63cdc f11:4418faad
19298178ns          366101 1c00814a 0047a58b p.lw             x11, 4(x15!)        x11=43a12c33 x15=1000174c x15:10001748  PA:10001748
19298218ns          366103 1c00814e 00b77753 fadd.s           f14, f14, f11       f14=xxxxxxxx f14:46fb04b1 f11:43a12c33
19298238ns          366104 1c00814a 0047a58b p.lw             x11, 4(x15!)        x11=4410b056 x15=10001750 x15:1000174c  PA:1000174c
19298278ns          366106 1c00814e 00b77753 fadd.s           f14, f14, f11       f14=xxxxxxxx f14:46fd8962 f11:4410b056
19298298ns          366107 1c00814a 0047a58b p.lw             x11, 4(x15!)        x11=440784a1 x15=10001754 x15:10001750  PA:10001750
19298338ns          366109 1c00814e 00b77753 fadd.s           f14, f14, f11       f14=xxxxxxxx f14:47010772 f11:440784a1
19298358ns          366110 1c00814a 0047a58b p.lw             x11, 4(x15!)        x11=43c41c99 x15=10001758 x15:10001754  PA:10001754
19298398ns          366112 1c00814e 00b77753 fadd.s           f14, f14, f11       f14=xxxxxxxx f14:47032585 f11:43c41c99
19298418ns          366113 1c00814a 0047a58b p.lw             x11, 4(x15!)        x11=43c15cf0 x15=1000175c x15:10001758  PA:10001758
19298458ns          366115 1c00814e 00b77753 fadd.s           f14, f14, f11       f14=xxxxxxxx f14:4704adbe f11:43c15cf0
19298478ns          366116 1c00814a 0047a58b p.lw             x11, 4(x15!)        x11=440c6efc x15=10001760 x15:1000175c  PA:1000175c
19298519ns          366118 1c00814e 00b77753 fadd.s           f14, f14, f11       f14=xxxxxxxx f14:47063078 f11:440c6efc
19298539ns          366119 1c00814a 0047a58b p.lw             x11, 4(x15!)        x11=44193974 x15=10001764 x15:10001760  PA:10001760
19298579ns          366121 1c00814e 00b77753 fadd.s           f14, f14, f11       f14=xxxxxxxx f14:47086234 f11:44193974
19298599ns          366122 1c00814a 0047a58b p.lw             x11, 4(x15!)        x11=4372419e x15=10001768 x15:10001764  PA:10001764
19298639ns          366124 1c00814e 00b77753 fadd.s           f14, f14, f11       f14=xxxxxxxx f14:470ac71a f11:4372419e
19298659ns          366125 1c00814a 0047a58b p.lw             x11, 4(x15!)        x11=440a5f52 x15=1000176c x15:10001768  PA:10001768
19298699ns          366127 1c00814e 00b77753 fadd.s           f14, f14, f11       f14=xxxxxxxx f14:470bb95c f11:440a5f52
19298719ns          366128 1c00814a 0047a58b p.lw             x11, 4(x15!)        x11=440b74bc x15=10001770 x15:1000176c  PA:1000176c
19298759ns          366130 1c00814e 00b77753 fadd.s           f14, f14, f11       f14=xxxxxxxx f14:470de2d9 f11:440b74bc
19298779ns          366131 1c00814a 0047a58b p.lw             x11, 4(x15!)        x11=44201de3 x15=10001774 x15:10001770  PA:10001770
19298820ns          366133 1c00814e 00b77753 fadd.s           f14, f14, f11       f14=xxxxxxxx f14:471010ac f11:44201de3
19298840ns          366134 1c00814a 0047a58b p.lw             x11, 4(x15!)        x11=44307b78 x15=10001778 x15:10001774  PA:10001774
19298880ns          366136 1c00814e 00b77753 fadd.s           f14, f14, f11       f14=xxxxxxxx f14:47129124 f11:44307b78
19298900ns          366137 1c00814a 0047a58b p.lw             x11, 4(x15!)        x11=444c7f59 x15=1000177c x15:10001778  PA:10001778
19298940ns          366139 1c00814e 00b77753 fadd.s           f14, f14, f11       f14=xxxxxxxx f14:47155312 f11:444c7f59
19298960ns          366140 1c00814a 0047a58b p.lw             x11, 4(x15!)        x11=441ab3d1 x15=10001780 x15:1000177c  PA:1000177c
19299000ns          366142 1c00814e 00b77753 fadd.s           f14, f14, f11       f14=xxxxxxxx f14:4718850f f11:441ab3d1
19299020ns          366143 1c00814a 0047a58b p.lw             x11, 4(x15!)        x11=442cdf2c x15=10001784 x15:10001780  PA:10001780
19299060ns          366145 1c00814e 00b77753 fadd.s           f14, f14, f11       f14=xxxxxxxx f14:471aefde f11:442cdf2c
19299080ns          366146 1c00814a 0047a58b p.lw             x11, 4(x15!)        x11=442fcf6e x15=10001788 x15:10001784  PA:10001784
19299121ns          366148 1c00814e 00b77753 fadd.s           f14, f14, f11       f14=xxxxxxxx f14:471da35b f11:442fcf6e
19299141ns          366149 1c00814a 0047a58b p.lw             x11, 4(x15!)        x11=44455869 x15=1000178c x15:10001788  PA:10001788
19299181ns          366151 1c00814e 00b77753 fadd.s           f14, f14, f11       f14=xxxxxxxx f14:47206299 f11:44455869
19299201ns          366152 1c00814a 0047a58b p.lw             x11, 4(x15!)        x11=4403cb9d x15=10001790 x15:1000178c  PA:1000178c
19299241ns          366154 1c00814e 00b77753 fadd.s           f14, f14, f11       f14=xxxxxxxx f14:472377fb f11:4403cb9d
19299261ns          366155 1c00814a 0047a58b p.lw             x11, 4(x15!)        x11=4452a77d x15=10001794 x15:10001790  PA:10001790
19299301ns          366157 1c00814e 00b77753 fadd.s           f14, f14, f11       f14=xxxxxxxx f14:47258729 f11:4452a77d
19299321ns          366158 1c00814a 0047a58b p.lw             x11, 4(x15!)        x11=445725c8 x15=10001798 x15:10001794  PA:10001794
19299361ns          366160 1c00814e 00b77753 fadd.s           f14, f14, f11       f14=xxxxxxxx f14:4728d1c7 f11:445725c8
19299381ns          366161 1c00814a 0047a58b p.lw             x11, 4(x15!)        x11=43a666c1 x15=1000179c x15:10001798  PA:10001798
19299422ns          366163 1c00814e 00b77753 fadd.s           f14, f14, f11       f14=xxxxxxxx f14:472c2e5e f11:43a666c1
19299442ns          366164 1c00814a 0047a58b p.lw             x11, 4(x15!)        x11=4402c688 x15=100017a0 x15:1000179c  PA:1000179c
19299482ns          366166 1c00814e 00b77753 fadd.s           f14, f14, f11       f14=xxxxxxxx f14:472d7b2c f11:4402c688
19299502ns          366167 1c00814a 0047a58b p.lw             x11, 4(x15!)        x11=442f9c36 x15=100017a4 x15:100017a0  PA:100017a0
19299542ns          366169 1c00814e 00b77753 fadd.s           f14, f14, f11       f14=xxxxxxxx f14:472f8646 f11:442f9c36
19299562ns          366170 1c00814a 0047a58b p.lw             x11, 4(x15!)        x11=440aae8e x15=100017a8 x15:100017a4  PA:100017a4
19299602ns          366172 1c00814e 00b77753 fadd.s           f14, f14, f11       f14=xxxxxxxx f14:473244b7 f11:440aae8e
19299622ns          366173 1c00814a 0047a58b p.lw             x11, 4(x15!)        x11=4418c35d x15=100017ac x15:100017a8  PA:100017a8
19299662ns          366175 1c00814e 00b77753 fadd.s           f14, f14, f11       f14=xxxxxxxx f14:47346f71 f11:4418c35d
19299682ns          366176 1c00814a 0047a58b p.lw             x11, 4(x15!)        x11=44192b21 x15=100017b0 x15:100017ac  PA:100017ac
19299723ns          366178 1c00814e 00b77753 fadd.s           f14, f14, f11       f14=xxxxxxxx f14:4736d27e f11:44192b21
19299743ns          366179 1c00814a 0047a58b p.lw             x11, 4(x15!)        x11=443d6d9b x15=100017b4 x15:100017b0  PA:100017b0
19299783ns          366181 1c00814e 00b77753 fadd.s           f14, f14, f11       f14=xxxxxxxx f14:4739372b f11:443d6d9b
19299803ns          366182 1c00814a 0047a58b p.lw             x11, 4(x15!)        x11=43d546ff x15=100017b8 x15:100017b4  PA:100017b4
19299843ns          366184 1c00814e 00b77753 fadd.s           f14, f14, f11       f14=xxxxxxxx f14:473c2ce1 f11:43d546ff
19299863ns          366185 1c00814a 0047a58b p.lw             x11, 4(x15!)        x11=4423c75c x15=100017bc x15:100017b8  PA:100017b8
19299903ns          366187 1c00814e 00b77753 fadd.s           f14, f14, f11       f14=xxxxxxxx f14:473dd76f f11:4423c75c
19299923ns          366188 1c00814a 0047a58b p.lw             x11, 4(x15!)        x11=441063ff x15=100017c0 x15:100017bc  PA:100017bc
19299963ns          366190 1c00814e 00b77753 fadd.s           f14, f14, f11       f14=xxxxxxxx f14:4740668c f11:441063ff
19299983ns          366191 1c00814a 0047a58b p.lw             x11, 4(x15!)        x11=43a9ded2 x15=100017c4 x15:100017c0  PA:100017c0
19300024ns          366193 1c00814e 00b77753 fadd.s           f14, f14, f11       f14=xxxxxxxx f14:4742a81c f11:43a9ded2
19300044ns          366194 1c00814a 0047a58b p.lw             x11, 4(x15!)        x11=43d0f2e1 x15=100017c8 x15:100017c4  PA:100017c4
19300084ns          366196 1c00814e 00b77753 fadd.s           f14, f14, f11       f14=xxxxxxxx f14:4743fbda f11:43d0f2e1
19300104ns          366197 1c00814a 0047a58b p.lw             x11, 4(x15!)        x11=44111e9f x15=100017cc x15:100017c8  PA:100017c8
19300144ns          366199 1c00814e 00b77753 fadd.s           f14, f14, f11       f14=xxxxxxxx f14:47459dc0 f11:44111e9f
19300164ns          366200 1c00814a 0047a58b p.lw             x11, 4(x15!)        x11=43cb2dac x15=100017d0 x15:100017cc  PA:100017cc
19300204ns          366202 1c00814e 00b77753 fadd.s           f14, f14, f11       f14=xxxxxxxx f14:4747e23a f11:43cb2dac
19300224ns          366203 1c00814a 0047a58b p.lw             x11, 4(x15!)        x11=43e9fa32 x15=100017d4 x15:100017d0  PA:100017d0
19300264ns          366205 1c00814e 00b77753 fadd.s           f14, f14, f11       f14=xxxxxxxx f14:47497895 f11:43e9fa32
19300284ns          366206 1c00814a 0047a58b p.lw             x11, 4(x15!)        x11=43d576ba x15=100017d8 x15:100017d4  PA:100017d4
19300325ns          366208 1c00814e 00b77753 fadd.s           f14, f14, f11       f14=xxxxxxxx f14:474b4c89 f11:43d576ba
19300345ns          366209 1c00814a 0047a58b p.lw             x11, 4(x15!)        x11=43fc5b0d x15=100017dc x15:100017d8  PA:100017d8
19300385ns          366211 1c00814e 00b77753 fadd.s           f14, f14, f11       f14=xxxxxxxx f14:474cf776 f11:43fc5b0d
19300405ns          366212 1c00814a 0047a58b p.lw             x11, 4(x15!)        x11=4392170b x15=100017e0 x15:100017dc  PA:100017dc
19300445ns          366214 1c00814e 00b77753 fadd.s           f14, f14, f11       f14=xxxxxxxx f14:474ef02c f11:4392170b
19300465ns          366215 1c00814a 0047a58b p.lw             x11, 4(x15!)        x11=4402d68c x15=100017e4 x15:100017e0  PA:100017e0
19300505ns          366217 1c00814e 00b77753 fadd.s           f14, f14, f11       f14=xxxxxxxx f14:4750145a f11:4402d68c
19300525ns          366218 1c00814a 0047a58b p.lw             x11, 4(x15!)        x11=440127c9 x15=100017e8 x15:100017e4  PA:100017e4
19300565ns          366220 1c00814e 00b77753 fadd.s           f14, f14, f11       f14=xxxxxxxx f14:47521fb4 f11:440127c9
19300585ns          366221 1c008152 1c0006b7 lui              x13, 0x1c000000     x13=1c000000
19300605ns          366222 1c008156 1306a683 lw               x13, 304(x13)       x13=3c23d70a x13:1c000000  PA:1c000130
19301047ns          366244 1c00815a 40a787b3 sub              x15, x15, x10       x15=0000018c x15:100017e8 x10:1000165c
19301067ns          366245 1c00815c 10d776d3 fmul.s           f13, f14, f13       f13=xxxxxxxx f14:47542453 f13:3c23d70a
19301087ns          366246 1c008160 ffc78793 addi             x15, x15, -4        x15=00000188 x15:0000018c
19301107ns          366247 1c008162 0027d793 srli             x15, x15, 0x2       x15=00000062 x15:00000188
19301127ns          366248 1c008164 08d67653 fsub.s           f12, f12, f13       f12=xxxxxxxx f12:439d70eb f13:4407c554
19301147ns          366249 1c008168 00178793 addi             x15, x15, 1         x15=00000063 x15:00000062
19301167ns          366250 1c00816a 10c67653 fmul.s           f12, f12, f12       f12=xxxxxxxx f12:c364337a f12:c364337a
19301569ns          366270 1c00816e 0067c0fb lp.setup         0x1, x15, 0x6       x15:00000063
19301609ns          366272 1c008172 0045270b p.lw             x14, 4(x10!)        x14=4380cc08 x10=10001660 x10:1000165c  PA:1000165c
19301649ns          366274 1c008176 08d77753 fsub.s           f14, f14, f13       f14=xxxxxxxx f14:4380cc08 f13:4407c554
19301669ns          366275 1c00817a 60e77643 fmadd.s          f12, f14, f14, f12  f12=xxxxxxxx f14:c38ebea0 f14:c38ebea0 f12:474b6bbc
19301689ns          366276 1c008172 0045270b p.lw             x14, 4(x10!)        x14=43fe0e6b x10=10001664 x10:10001660  PA:10001660
19301729ns          366278 1c008176 08d77753 fsub.s           f14, f14, f13       f14=xxxxxxxx f14:43fe0e6b f13:4407c554
19301749ns          366279 1c00817a 60e77643 fmadd.s          f12, f14, f14, f12  f12=xxxxxxxx f14:c20be1e8 f14:c20be1e8 f12:480272f6
19301769ns          366280 1c008172 0045270b p.lw             x14, 4(x10!)        x14=4388659d x10=10001668 x10:10001664  PA:10001664
19301809ns          366282 1c008176 08d77753 fsub.s           f14, f14, f13       f14=xxxxxxxx f14:4388659d f13:4407c554
19301829ns          366283 1c00817a 60e77643 fmadd.s          f12, f14, f14, f12  f12=xxxxxxxx f14:c387250b f14:c387250b f12:4803a4b2
19301849ns          366284 1c008172 0045270b p.lw             x14, 4(x10!)        x14=43d7775e x10=1000166c x10:10001668  PA:10001668
19301890ns          366286 1c008176 08d77753 fsub.s           f14, f14, f13       f14=xxxxxxxx f14:43d7775e f13:4407c554
19301910ns          366287 1c00817a 60e77643 fmadd.s          f12, f14, f14, f12  f12=xxxxxxxx f14:c2e04d28 f14:c2e04d28 f12:484afcc9
19301930ns          366288 1c008172 0045270b p.lw             x14, 4(x10!)        x14=43a4e549 x10=10001670 x10:1000166c  PA:1000166c
19301970ns          366290 1c008176 08d77753 fsub.s           f14, f14, f13       f14=xxxxxxxx f14:43a4e549 f13:4407c554
19301990ns          366291 1c00817a 60e77643 fmadd.s          f12, f14, f14, f12  f12=xxxxxxxx f14:c3554abe f14:c3554abe f12:4857453b
19302010ns          366292 1c008172 0045270b p.lw             x14, 4(x10!)        x14=43a0603b x10=10001674 x10:10001670  PA:10001670
19302050ns          366294 1c008176 08d77753 fsub.s           f14, f14, f13       f14=xxxxxxxx f14:43a0603b f13:4407c554
19302070ns          366295 1c00817a 60e77643 fmadd.s          f12, f14, f14, f12  f12=xxxxxxxx f14:c35e54da f14:c35e54da f12:4881d94c
19302090ns          366296 1c008172 0045270b p.lw             x14, 4(x10!)        x14=43acbbd0 x10=10001678 x10:10001674  PA:10001674
19302130ns          366298 1c008176 08d77753 fsub.s           f14, f14, f13       f14=xxxxxxxx f14:43acbbd0 f13:4407c554
19302150ns          366299 1c00817a 60e77643 fmadd.s          f12, f14, f14, f12  f12=xxxxxxxx f14:c3459db0 f14:c3459db0 f12:4899fc35
19302171ns          366300 1c008172 0045270b p.lw             x14, 4(x10!)        x14=43aaeeae x10=1000167c x10:10001678  PA:10001678
19302211ns          366302 1c008176 08d77753 fsub.s           f14, f14, f13       f14=xxxxxxxx f14:43aaeeae f13:4407c554
19302231ns          366303 1c00817a 60e77643 fmadd.s          f12, f14, f14, f12  f12=xxxxxxxx f14:c34937f4 f14:c34937f4 f12:48ad0db7
19302251ns          366304 1c008172 0045270b p.lw             x14, 4(x10!)        x14=43f612a0 x10=10001680 x10:1000167c  PA:1000167c
19302291ns          366306 1c008176 08d77753 fsub.s           f14, f14, f13       f14=xxxxxxxx f14:43f612a0 f13:4407c554
19302311ns          366307 1c00817a 60e77643 fmadd.s          f12, f14, f14, f12  f12=xxxxxxxx f14:c24bc040 f14:c24bc040 f12:48c0d2d4
19302331ns          366308 1c008172 0045270b p.lw             x14, 4(x10!)        x14=43d19e67 x10=10001684 x10:10001680  PA:10001680
19302371ns          366310 1c008176 08d77753 fsub.s           f14, f14, f13       f14=xxxxxxxx f14:43d19e67 f13:4407c554
19302391ns          366311 1c00817a 60e77643 fmadd.s          f12, f14, f14, f12  f12=xxxxxxxx f14:c2f7b104 f14:c2f7b104 f12:48c21729
19302411ns          366312 1c008172 0045270b p.lw             x14, 4(x10!)        x14=4448a851 x10=10001688 x10:10001684  PA:10001684
19302451ns          366314 1c008176 08d77753 fsub.s           f14, f14, f13       f14=xxxxxxxx f14:4448a851 f13:4407c554
19302471ns          366315 1c00817a 60e77643 fmadd.s          f12, f14, f14, f12  f12=xxxxxxxx f14:4381c5fa f14:4381c5fa f12:48c99462
19302492ns          366316 1c008172 0045270b p.lw             x14, 4(x10!)        x14=443ae7d5 x10=1000168c x10:10001688  PA:10001688
19302532ns          366318 1c008176 08d77753 fsub.s           f14, f14, f13       f14=xxxxxxxx f14:443ae7d5 f13:4407c554
19302552ns          366319 1c00817a 60e77643 fmadd.s          f12, f14, f14, f12  f12=xxxxxxxx f14:434c8a04 f14:434c8a04 f12:48ea78f2
19302572ns          366320 1c008172 0045270b p.lw             x14, 4(x10!)        x14=44110a7f x10=10001690 x10:1000168c  PA:1000168c
19302612ns          366322 1c008176 08d77753 fsub.s           f14, f14, f13       f14=xxxxxxxx f14:44110a7f f13:4407c554
19302632ns          366323 1c00817a 60e77643 fmadd.s          f12, f14, f14, f12  f12=xxxxxxxx f14:421452b0 f14:421452b0 f12:48fee67a
19302652ns          366324 1c008172 0045270b p.lw             x14, 4(x10!)        x14=44356ff3 x10=10001694 x10:10001690  PA:10001690
19302692ns          366326 1c008176 08d77753 fsub.s           f14, f14, f13       f14=xxxxxxxx f14:44356ff3 f13:4407c554
19302712ns          366327 1c00817a 60e77643 fmadd.s          f12, f14, f14, f12  f12=xxxxxxxx f14:4336aa7c f14:4336aa7c f12:48ff9259
19302732ns          366328 1c008172 0045270b p.lw             x14, 4(x10!)        x14=44350748 x10=10001698 x10:10001694  PA:10001694
19302772ns          366330 1c008176 08d77753 fsub.s           f14, f14, f13       f14=xxxxxxxx f14:44350748 f13:4407c554
19302793ns          366331 1c00817a 60e77643 fmadd.s          f12, f14, f14, f12  f12=xxxxxxxx f14:433507d0 f14:433507d0 f12:4907ee9a
19302813ns          366332 1c008172 0045270b p.lw             x14, 4(x10!)        x14=4459c01c x10=1000169c x10:10001698  PA:10001698
19302853ns          366334 1c008176 08d77753 fsub.s           f14, f14, f13       f14=xxxxxxxx f14:4459c01c f13:4407c554
19302873ns          366335 1c00817a 60e77643 fmadd.s          f12, f14, f14, f12  f12=xxxxxxxx f14:43a3f590 f14:43a3f590 f12:490feedb
19302893ns          366336 1c008172 0045270b p.lw             x14, 4(x10!)        x14=43d395e9 x10=100016a0 x10:1000169c  PA:1000169c
19302933ns          366338 1c008176 08d77753 fsub.s           f14, f14, f13       f14=xxxxxxxx f14:43d395e9 f13:4407c554
19302953ns          366339 1c00817a 60e77643 fmadd.s          f12, f14, f14, f12  f12=xxxxxxxx f14:c2efd2fc f14:c2efd2fc f12:492a2f83
19302973ns          366340 1c008172 0045270b p.lw             x14, 4(x10!)        x14=444cecee x10=100016a4 x10:100016a0  PA:100016a0
19303013ns          366342 1c008176 08d77753 fsub.s           f14, f14, f13       f14=xxxxxxxx f14:444cecee f13:4407c554
19303033ns          366343 1c00817a 60e77643 fmadd.s          f12, f14, f14, f12  f12=xxxxxxxx f14:438a4f34 f14:438a4f34 f12:492db232
19303053ns          366344 1c008172 0045270b p.lw             x14, 4(x10!)        x14=4449328d x10=100016a8 x10:100016a4  PA:100016a4
19303094ns          366346 1c008176 08d77753 fsub.s           f14, f14, f13       f14=xxxxxxxx f14:4449328d f13:4407c554
19303114ns          366347 1c00817a 60e77643 fmadd.s          f12, f14, f14, f12  f12=xxxxxxxx f14:4382da72 f14:4382da72 f12:49406091
19303134ns          366348 1c008172 0045270b p.lw             x14, 4(x10!)        x14=43c46f73 x10=100016ac x10:100016a8  PA:100016a8
19303174ns          366350 1c008176 08d77753 fsub.s           f14, f14, f13       f14=xxxxxxxx f14:43c46f73 f13:4407c554
19303194ns          366351 1c00817a 60e77643 fmadd.s          f12, f14, f14, f12  f12=xxxxxxxx f14:c316366a f14:c316366a f12:49511937
19303214ns          366352 1c008172 0045270b p.lw             x14, 4(x10!)        x14=43b78732 x10=100016b0 x10:100016ac  PA:100016ac
19303254ns          366354 1c008176 08d77753 fsub.s           f14, f14, f13       f14=xxxxxxxx f14:43b78732 f13:4407c554
19303274ns          366355 1c00817a 60e77643 fmadd.s          f12, f14, f14, f12  f12=xxxxxxxx f14:c33006ec f14:c33006ec f12:49569b74
19303294ns          366356 1c008172 0045270b p.lw             x14, 4(x10!)        x14=44028f86 x10=100016b4 x10:100016b0  PA:100016b0
19303334ns          366358 1c008176 08d77753 fsub.s           f14, f14, f13       f14=xxxxxxxx f14:44028f86 f13:4407c554
19303354ns          366359 1c00817a 60e77643 fmadd.s          f12, f14, f14, f12  f12=xxxxxxxx f14:c1a6b9c0 f14:c1a6b9c0 f12:495e2c0c
19303374ns          366360 1c008172 0045270b p.lw             x14, 4(x10!)        x14=43b20387 x10=100016b8 x10:100016b4  PA:100016b4
19303415ns          366362 1c008176 08d77753 fsub.s           f14, f14, f13       f14=xxxxxxxx f14:43b20387 f13:4407c554
19303435ns          366363 1c00817a 60e77643 fmadd.s          f12, f14, f14, f12  f12=xxxxxxxx f14:c33b0e42 f14:c33b0e42 f12:495e4731
19303455ns          366364 1c008172 0045270b p.lw             x14, 4(x10!)        x14=43d3f52b x10=100016bc x10:100016b8  PA:100016b8
19303495ns          366366 1c008176 08d77753 fsub.s           f14, f14, f13       f14=xxxxxxxx f14:43d3f52b f13:4407c554
19303515ns          366367 1c00817a 60e77643 fmadd.s          f12, f14, f14, f12  f12=xxxxxxxx f14:c2ee55f4 f14:c2ee55f4 f12:4966d20e
19303535ns          366368 1c008172 0045270b p.lw             x14, 4(x10!)        x14=43d134ec x10=100016c0 x10:100016bc  PA:100016bc
19303575ns          366370 1c008176 08d77753 fsub.s           f14, f14, f13       f14=xxxxxxxx f14:43d134ec f13:4407c554
19303595ns          366371 1c00817a 60e77643 fmadd.s          f12, f14, f14, f12  f12=xxxxxxxx f14:c2f956f0 f14:c2f956f0 f12:496a499e
19303615ns          366372 1c008172 0045270b p.lw             x14, 4(x10!)        x14=43fa6875 x10=100016c4 x10:100016c0  PA:100016c0
19303655ns          366374 1c008176 08d77753 fsub.s           f14, f14, f13       f14=xxxxxxxx f14:43fa6875 f13:4407c554
19303675ns          366375 1c00817a 60e77643 fmadd.s          f12, f14, f14, f12  f12=xxxxxxxx f14:c2291198 f14:c2291198 f12:496e1507
19303695ns          366376 1c008172 0045270b p.lw             x14, 4(x10!)        x14=43aacb32 x10=100016c8 x10:100016c4  PA:100016c4
19303736ns          366378 1c008176 08d77753 fsub.s           f14, f14, f13       f14=xxxxxxxx f14:43aacb32 f13:4407c554
19303756ns          366379 1c00817a 60e77643 fmadd.s          f12, f14, f14, f12  f12=xxxxxxxx f14:c3497eec f14:c3497eec f12:496e84af
19303776ns          366380 1c008172 0045270b p.lw             x14, 4(x10!)        x14=43f7c7df x10=100016cc x10:100016c8  PA:100016c8
19303816ns          366382 1c008176 08d77753 fsub.s           f14, f14, f13       f14=xxxxxxxx f14:43f7c7df f13:4407c554
19303836ns          366383 1c00817a 60e77643 fmadd.s          f12, f14, f14, f12  f12=xxxxxxxx f14:c23e1648 f14:c23e1648 f12:49786e38
19303856ns          366384 1c008172 0045270b p.lw             x14, 4(x10!)        x14=440a7214 x10=100016d0 x10:100016cc  PA:100016cc
19303896ns          366386 1c008176 08d77753 fsub.s           f14, f14, f13       f14=xxxxxxxx f14:440a7214 f13:4407c554
19303916ns          366387 1c00817a 60e77643 fmadd.s          f12, f14, f14, f12  f12=xxxxxxxx f14:412b3000 f14:412b3000 f12:4978fb5d
19303936ns          366388 1c008172 0045270b p.lw             x14, 4(x10!)        x14=43d19701 x10=100016d4 x10:100016d0  PA:100016d0
19303976ns          366390 1c008176 08d77753 fsub.s           f14, f14, f13       f14=xxxxxxxx f14:43d19701 f13:4407c554
19303996ns          366391 1c00817a 60e77643 fmadd.s          f12, f14, f14, f12  f12=xxxxxxxx f14:c2f7ce9c f14:c2f7ce9c f12:49790285
19304017ns          366392 1c008172 0045270b p.lw             x14, 4(x10!)        x14=44122167 x10=100016d8 x10:100016d4  PA:100016d4
19304057ns          366394 1c008176 08d77753 fsub.s           f14, f14, f13       f14=xxxxxxxx f14:44122167 f13:4407c554
19304077ns          366395 1c00817a 60e77643 fmadd.s          f12, f14, f14, f12  f12=xxxxxxxx f14:4225c130 f14:4225c130 f12:497cc206
19304097ns          366396 1c008172 0045270b p.lw             x14, 4(x10!)        x14=4435a978 x10=100016dc x10:100016d8  PA:100016d8
19304137ns          366398 1c008176 08d77753 fsub.s           f14, f14, f13       f14=xxxxxxxx f14:4435a978 f13:4407c554
19304157ns          366399 1c00817a 60e77643 fmadd.s          f12, f14, f14, f12  f12=xxxxxxxx f14:43379090 f14:43379090 f12:497d2d59
19304177ns          366400 1c008172 0045270b p.lw             x14, 4(x10!)        x14=4403b52d x10=100016e0 x10:100016dc  PA:100016dc
19304217ns          366402 1c008176 08d77753 fsub.s           f14, f14, f13       f14=xxxxxxxx f14:4403b52d f13:4407c554
19304237ns          366403 1c00817a 60e77643 fmadd.s          f12, f14, f14, f12  f12=xxxxxxxx f14:c18204e0 f14:c18204e0 f12:4982b3ac
19304257ns          366404 1c008172 0045270b p.lw             x14, 4(x10!)        x14=44042d9e x10=100016e4 x10:100016e0  PA:100016e0
19304297ns          366406 1c008176 08d77753 fsub.s           f14, f14, f13       f14=xxxxxxxx f14:44042d9e f13:4407c554
19304318ns          366407 1c00817a 60e77643 fmadd.s          f12, f14, f14, f12  f12=xxxxxxxx f14:c165ed80 f14:c165ed80 f12:4982bbed
19304338ns          366408 1c008172 0045270b p.lw             x14, 4(x10!)        x14=441f24f5 x10=100016e8 x10:100016e4  PA:100016e4
19304378ns          366410 1c008176 08d77753 fsub.s           f14, f14, f13       f14=xxxxxxxx f14:441f24f5 f13:4407c554
19304398ns          366411 1c00817a 60e77643 fmadd.s          f12, f14, f14, f12  f12=xxxxxxxx f14:42bafd08 f14:42bafd08 f12:4982c261
19304418ns          366412 1c008172 0045270b p.lw             x14, 4(x10!)        x14=442afe5f x10=100016ec x10:100016e8  PA:100016e8
19304458ns          366414 1c008176 08d77753 fsub.s           f14, f14, f13       f14=xxxxxxxx f14:442afe5f f13:4407c554
19304478ns          366415 1c00817a 60e77643 fmadd.s          f12, f14, f14, f12  f12=xxxxxxxx f14:430ce42c f14:430ce42c f12:4983d38a
19304498ns          366416 1c008172 0045270b p.lw             x14, 4(x10!)        x14=43f30693 x10=100016f0 x10:100016ec  PA:100016ec
19304538ns          366418 1c008176 08d77753 fsub.s           f14, f14, f13       f14=xxxxxxxx f14:43f30693 f13:4407c554
19304558ns          366419 1c00817a 60e77643 fmadd.s          f12, f14, f14, f12  f12=xxxxxxxx f14:c26420a8 f14:c26420a8 f12:49863fdd
19304578ns          366420 1c008172 0045270b p.lw             x14, 4(x10!)        x14=443d91d0 x10=100016f4 x10:100016f0  PA:100016f0
19304618ns          366422 1c008176 08d77753 fsub.s           f14, f14, f13       f14=xxxxxxxx f14:443d91d0 f13:4407c554
19304639ns          366423 1c00817a 60e77643 fmadd.s          f12, f14, f14, f12  f12=xxxxxxxx f14:435731f0 f14:435731f0 f12:4986a582
19304659ns          366424 1c008172 0045270b p.lw             x14, 4(x10!)        x14=443d1061 x10=100016f8 x10:100016f4  PA:100016f4
19304699ns          366426 1c008176 08d77753 fsub.s           f14, f14, f13       f14=xxxxxxxx f14:443d1061 f13:4407c554
19304719ns          366427 1c00817a 60e77643 fmadd.s          f12, f14, f14, f12  f12=xxxxxxxx f14:43552c34 f14:43552c34 f12:498c4ca9
19304739ns          366428 1c008172 0045270b p.lw             x14, 4(x10!)        x14=43ab2b6c x10=100016fc x10:100016f8  PA:100016f8
19304779ns          366430 1c008176 08d77753 fsub.s           f14, f14, f13       f14=xxxxxxxx f14:43ab2b6c f13:4407c554
19304799ns          366431 1c00817a 60e77643 fmadd.s          f12, f14, f14, f12  f12=xxxxxxxx f14:c348be78 f14:c348be78 f12:4991d8be
19304819ns          366432 1c008172 0045270b p.lw             x14, 4(x10!)        x14=44173712 x10=10001700 x10:100016fc  PA:100016fc
19304859ns          366434 1c008176 08d77753 fsub.s           f14, f14, f13       f14=xxxxxxxx f14:44173712 f13:4407c554
19304879ns          366435 1c00817a 60e77643 fmadd.s          f12, f14, f14, f12  f12=xxxxxxxx f14:42771be0 f14:42771be0 f12:4996c40f
19304899ns          366436 1c008172 0045270b p.lw             x14, 4(x10!)        x14=441b0033 x10=10001704 x10:10001700  PA:10001700
19304940ns          366438 1c008176 08d77753 fsub.s           f14, f14, f13       f14=xxxxxxxx f14:441b0033 f13:4407c554
19304960ns          366439 1c00817a 60e77643 fmadd.s          f12, f14, f14, f12  f12=xxxxxxxx f14:4299d6f8 f14:4299d6f8 f12:49973b52
19304980ns          366440 1c008172 0045270b p.lw             x14, 4(x10!)        x14=43f75d08 x10=10001708 x10:10001704  PA:10001704
19305020ns          366442 1c008176 08d77753 fsub.s           f14, f14, f13       f14=xxxxxxxx f14:43f75d08 f13:4407c554
19305040ns          366443 1c00817a 60e77643 fmadd.s          f12, f14, f14, f12  f12=xxxxxxxx f14:c2416d00 f14:c2416d00 f12:4997f437
19305060ns          366444 1c008172 0045270b p.lw             x14, 4(x10!)        x14=44083b0f x10=1000170c x10:10001708  PA:10001708
19305100ns          366446 1c008176 08d77753 fsub.s           f14, f14, f13       f14=xxxxxxxx f14:44083b0f f13:4407c554
19305120ns          366447 1c00817a 60e77643 fmadd.s          f12, f14, f14, f12  f12=xxxxxxxx f14:3feb7600 f14:3feb7600 f12:49983d4a
19305140ns          366448 1c008172 0045270b p.lw             x14, 4(x10!)        x14=4416ff07 x10=10001710 x10:1000170c  PA:1000170c
19305180ns          366450 1c008176 08d77753 fsub.s           f14, f14, f13       f14=xxxxxxxx f14:4416ff07 f13:4407c554
19305200ns          366451 1c00817a 60e77643 fmadd.s          f12, f14, f14, f12  f12=xxxxxxxx f14:42739b30 f14:42739b30 f12:49983d65
19305220ns          366452 1c008172 0045270b p.lw             x14, 4(x10!)        x14=4422bf46 x10=10001714 x10:10001710  PA:10001710
19305261ns          366454 1c008176 08d77753 fsub.s           f14, f14, f13       f14=xxxxxxxx f14:4422bf46 f13:4407c554
19305281ns          366455 1c00817a 60e77643 fmadd.s          f12, f14, f14, f12  f12=xxxxxxxx f14:42d7cf90 f14:42d7cf90 f12:4998b14d
19305301ns          366456 1c008172 0045270b p.lw             x14, 4(x10!)        x14=43dcbfc1 x10=10001718 x10:10001714  PA:10001714
19305341ns          366458 1c008176 08d77753 fsub.s           f14, f14, f13       f14=xxxxxxxx f14:43dcbfc1 f13:4407c554
19305361ns          366459 1c00817a 60e77643 fmadd.s          f12, f14, f14, f12  f12=xxxxxxxx f14:c2cb2b9c f14:c2cb2b9c f12:499a1d2a
19305381ns          366460 1c008172 0045270b p.lw             x14, 4(x10!)        x14=442d2e96 x10=1000171c x10:10001718  PA:10001718
19305421ns          366462 1c008176 08d77753 fsub.s           f14, f14, f13       f14=xxxxxxxx f14:442d2e96 f13:4407c554
19305441ns          366463 1c00817a 60e77643 fmadd.s          f12, f14, f14, f12  f12=xxxxxxxx f14:4315a508 f14:4315a508 f12:499b5fa6
19305461ns          366464 1c008172 0045270b p.lw             x14, 4(x10!)        x14=44250955 x10=10001720 x10:1000171c  PA:1000171c
19305501ns          366466 1c008176 08d77753 fsub.s           f14, f14, f13       f14=xxxxxxxx f14:44250955 f13:4407c554
19305521ns          366467 1c00817a 60e77643 fmadd.s          f12, f14, f14, f12  f12=xxxxxxxx f14:42ea2008 f14:42ea2008 f12:499e1b72
19305541ns          366468 1c008172 0045270b p.lw             x14, 4(x10!)        x14=4387e57d x10=10001724 x10:10001720  PA:10001720
19305582ns          366470 1c008176 08d77753 fsub.s           f14, f14, f13       f14=xxxxxxxx f14:4387e57d f13:4407c554
19305602ns          366471 1c00817a 60e77643 fmadd.s          f12, f14, f14, f12  f12=xxxxxxxx f14:c387a52b f14:c387a52b f12:499fc7af
19305622ns          366472 1c008172 0045270b p.lw             x14, 4(x10!)        x14=44106b76 x10=10001728 x10:10001724  PA:10001724
19305662ns          366474 1c008176 08d77753 fsub.s           f14, f14, f13       f14=xxxxxxxx f14:44106b76 f13:4407c554
19305682ns          366475 1c00817a 60e77643 fmadd.s          f12, f14, f14, f12  f12=xxxxxxxx f14:420a6220 f14:420a6220 f12:49a8c3a3
19305702ns          366476 1c008172 0045270b p.lw             x14, 4(x10!)        x14=4429e138 x10=1000172c x10:10001728  PA:10001728
19305742ns          366478 1c008176 08d77753 fsub.s           f14, f14, f13       f14=xxxxxxxx f14:4429e138 f13:4407c554
19305762ns          366479 1c00817a 60e77643 fmadd.s          f12, f14, f14, f12  f12=xxxxxxxx f14:43086f90 f14:43086f90 f12:49a8e90a
19305782ns          366480 1c008172 0045270b p.lw             x14, 4(x10!)        x14=441cba5a x10=10001730 x10:1000172c  PA:1000172c
19305822ns          366482 1c008176 08d77753 fsub.s           f14, f14, f13       f14=xxxxxxxx f14:441cba5a f13:4407c554
19305842ns          366483 1c00817a 60e77643 fmadd.s          f12, f14, f14, f12  f12=xxxxxxxx f14:42a7a830 f14:42a7a830 f12:49ab2ec0
19305863ns          366484 1c008172 0045270b p.lw             x14, 4(x10!)        x14=4407faa1 x10=10001734 x10:10001730  PA:10001730
19305903ns          366486 1c008176 08d77753 fsub.s           f14, f14, f13       f14=xxxxxxxx f14:4407faa1 f13:4407c554
19305923ns          366487 1c00817a 60e77643 fmadd.s          f12, f14, f14, f12  f12=xxxxxxxx f14:3f553400 f14:3f553400 f12:49ac0a5a
19305943ns          366488 1c008172 0045270b p.lw             x14, 4(x10!)        x14=44275f1b x10=10001738 x10:10001734  PA:10001734
19305983ns          366490 1c008176 08d77753 fsub.s           f14, f14, f13       f14=xxxxxxxx f14:44275f1b f13:4407c554
19306003ns          366491 1c00817a 60e77643 fmadd.s          f12, f14, f14, f12  f12=xxxxxxxx f14:42fcce38 f14:42fcce38 f12:49ac0a60
19306023ns          366492 1c008172 0045270b p.lw             x14, 4(x10!)        x14=44147324 x10=1000173c x10:10001738  PA:10001738
19306063ns          366494 1c008176 08d77753 fsub.s           f14, f14, f13       f14=xxxxxxxx f14:44147324 f13:4407c554
19306083ns          366495 1c00817a 60e77643 fmadd.s          f12, f14, f14, f12  f12=xxxxxxxx f14:424add00 f14:424add00 f12:49adfdad
19306103ns          366496 1c008172 0045270b p.lw             x14, 4(x10!)        x14=4397f033 x10=10001740 x10:1000173c  PA:1000173c
19306143ns          366498 1c008176 08d77753 fsub.s           f14, f14, f13       f14=xxxxxxxx f14:4397f033 f13:4407c554
19306164ns          366499 1c00817a 60e77643 fmadd.s          f12, f14, f14, f12  f12=xxxxxxxx f14:c36f34ea f14:c36f34ea f12:49ae4e0e
19306184ns          366500 1c008172 0045270b p.lw             x14, 4(x10!)        x14=4411db48 x10=10001744 x10:10001740  PA:10001740
19306224ns          366502 1c008176 08d77753 fsub.s           f14, f14, f13       f14=xxxxxxxx f14:4411db48 f13:4407c554
19306244ns          366503 1c00817a 60e77643 fmadd.s          f12, f14, f14, f12  f12=xxxxxxxx f14:42215f40 f14:42215f40 f12:49b54a2d
19306264ns          366504 1c008172 0045270b p.lw             x14, 4(x10!)        x14=4418faad x10=10001748 x10:10001744  PA:10001744
19306304ns          366506 1c008176 08d77753 fsub.s           f14, f14, f13       f14=xxxxxxxx f14:4418faad f13:4407c554
19306324ns          366507 1c00817a 60e77643 fmadd.s          f12, f14, f14, f12  f12=xxxxxxxx f14:4289aac8 f14:4289aac8 f12:49b57d09
19306344ns          366508 1c008172 0045270b p.lw             x14, 4(x10!)        x14=43a12c33 x10=1000174c x10:10001748  PA:10001748
19306384ns          366510 1c008176 08d77753 fsub.s           f14, f14, f13       f14=xxxxxxxx f14:43a12c33 f13:4407c554
19306404ns          366511 1c00817a 60e77643 fmadd.s          f12, f14, f14, f12  f12=xxxxxxxx f14:c35cbcea f14:c35cbcea f12:49b61119
19306424ns          366512 1c008172 0045270b p.lw             x14, 4(x10!)        x14=4410b056 x10=10001750 x10:1000174c  PA:1000174c
19306465ns          366514 1c008176 08d77753 fsub.s           f14, f14, f13       f14=xxxxxxxx f14:4410b056 f13:4407c554
19306485ns          366515 1c00817a 60e77643 fmadd.s          f12, f14, f14, f12  f12=xxxxxxxx f14:420eb020 f14:420eb020 f12:49bc03c3
19306505ns          366516 1c008172 0045270b p.lw             x14, 4(x10!)        x14=440784a1 x10=10001754 x10:10001750  PA:10001750
19306545ns          366518 1c008176 08d77753 fsub.s           f14, f14, f13       f14=xxxxxxxx f14:440784a1 f13:4407c554
19306565ns          366519 1c00817a 60e77643 fmadd.s          f12, f14, f14, f12  f12=xxxxxxxx f14:bf816600 f14:bf816600 f12:49bc2b87
19306585ns          366520 1c008172 0045270b p.lw             x14, 4(x10!)        x14=43c41c99 x10=10001758 x10:10001754  PA:10001754
19306625ns          366522 1c008176 08d77753 fsub.s           f14, f14, f13       f14=xxxxxxxx f14:43c41c99 f13:4407c554
19306645ns          366523 1c00817a 60e77643 fmadd.s          f12, f14, f14, f12  f12=xxxxxxxx f14:c316dc1e f14:c316dc1e f12:49bc2b8f
19306665ns          366524 1c008172 0045270b p.lw             x14, 4(x10!)        x14=43c15cf0 x10=1000175c x10:10001758  PA:10001758
19306705ns          366526 1c008176 08d77753 fsub.s           f14, f14, f13       f14=xxxxxxxx f14:43c15cf0 f13:4407c554
19306725ns          366527 1c00817a 60e77643 fmadd.s          f12, f14, f14, f12  f12=xxxxxxxx f14:c31c5b70 f14:c31c5b70 f12:49bef2c5
19306745ns          366528 1c008172 0045270b p.lw             x14, 4(x10!)        x14=440c6efc x10=10001760 x10:1000175c  PA:1000175c
19306786ns          366530 1c008176 08d77753 fsub.s           f14, f14, f13       f14=xxxxxxxx f14:440c6efc f13:4407c554
19306806ns          366531 1c00817a 60e77643 fmadd.s          f12, f14, f14, f12  f12=xxxxxxxx f14:41953500 f14:41953500 f12:49c1eec2
19306826ns          366532 1c008172 0045270b p.lw             x14, 4(x10!)        x14=44193974 x10=10001764 x10:10001760  PA:10001760
19306866ns          366534 1c008176 08d77753 fsub.s           f14, f14, f13       f14=xxxxxxxx f14:44193974 f13:4407c554
19306886ns          366535 1c00817a 60e77643 fmadd.s          f12, f14, f14, f12  f12=xxxxxxxx f14:428ba100 f14:428ba100 f12:49c1f9a1
19306906ns          366536 1c008172 0045270b p.lw             x14, 4(x10!)        x14=4372419e x10=10001768 x10:10001764  PA:10001764
19306946ns          366538 1c008176 08d77753 fsub.s           f14, f14, f13       f14=xxxxxxxx f14:4372419e f13:4407c554
19306966ns          366539 1c00817a 60e77643 fmadd.s          f12, f14, f14, f12  f12=xxxxxxxx f14:c39669d9 f14:c39669d9 f12:49c291f1
19306986ns          366540 1c008172 0045270b p.lw             x14, 4(x10!)        x14=440a5f52 x10=1000176c x10:10001768  PA:10001768
19307026ns          366542 1c008176 08d77753 fsub.s           f14, f14, f13       f14=xxxxxxxx f14:440a5f52 f13:4407c554
19307046ns          366543 1c00817a 60e77643 fmadd.s          f12, f14, f14, f12  f12=xxxxxxxx f14:41267f80 f14:41267f80 f12:49cd9df8
19307066ns          366544 1c008172 0045270b p.lw             x14, 4(x10!)        x14=440b74bc x10=10001770 x10:1000176c  PA:1000176c
19307107ns          366546 1c008176 08d77753 fsub.s           f14, f14, f13       f14=xxxxxxxx f14:440b74bc f13:4407c554
19307127ns          366547 1c00817a 60e77643 fmadd.s          f12, f14, f14, f12  f12=xxxxxxxx f14:416bda00 f14:416bda00 f12:49cda15a
19307147ns          366548 1c008172 0045270b p.lw             x14, 4(x10!)        x14=44201de3 x10=10001774 x10:10001770  PA:10001770
19307187ns          366550 1c008176 08d77753 fsub.s           f14, f14, f13       f14=xxxxxxxx f14:44201de3 f13:4407c554
19307207ns          366551 1c00817a 60e77643 fmadd.s          f12, f14, f14, f12  f12=xxxxxxxx f14:42c2c478 f14:42c2c478 f12:49cda824
19307227ns          366552 1c008172 0045270b p.lw             x14, 4(x10!)        x14=44307b78 x10=10001778 x10:10001774  PA:10001774
19307267ns          366554 1c008176 08d77753 fsub.s           f14, f14, f13       f14=xxxxxxxx f14:44307b78 f13:4407c554
19307287ns          366555 1c00817a 60e77643 fmadd.s          f12, f14, f14, f12  f12=xxxxxxxx f14:4322d890 f14:4322d890 f12:49ced081
19307307ns          366556 1c008172 0045270b p.lw             x14, 4(x10!)        x14=444c7f59 x10=1000177c x10:10001778  PA:10001778
19307347ns          366558 1c008176 08d77753 fsub.s           f14, f14, f13       f14=xxxxxxxx f14:444c7f59 f13:4407c554
19307367ns          366559 1c00817a 60e77643 fmadd.s          f12, f14, f14, f12  f12=xxxxxxxx f14:4389740a f14:4389740a f12:49d20d37
19307388ns          366560 1c008172 0045270b p.lw             x14, 4(x10!)        x14=441ab3d1 x10=10001780 x10:1000177c  PA:1000177c
19307428ns          366562 1c008176 08d77753 fsub.s           f14, f14, f13       f14=xxxxxxxx f14:441ab3d1 f13:4407c554
19307448ns          366563 1c00817a 60e77643 fmadd.s          f12, f14, f14, f12  f12=xxxxxxxx f14:429773e8 f14:429773e8 f12:49db46e4
19307468ns          366564 1c008172 0045270b p.lw             x14, 4(x10!)        x14=442cdf2c x10=10001784 x10:10001780  PA:10001780
19307508ns          366566 1c008176 08d77753 fsub.s           f14, f14, f13       f14=xxxxxxxx f14:442cdf2c f13:4407c554
19307528ns          366567 1c00817a 60e77643 fmadd.s          f12, f14, f14, f12  f12=xxxxxxxx f14:43146760 f14:43146760 f12:49dbfa18
19307548ns          366568 1c008172 0045270b p.lw             x14, 4(x10!)        x14=442fcf6e x10=10001788 x10:10001784  PA:10001784
19307588ns          366570 1c008176 08d77753 fsub.s           f14, f14, f13       f14=xxxxxxxx f14:442fcf6e f13:4407c554
19307608ns          366571 1c00817a 60e77643 fmadd.s          f12, f14, f14, f12  f12=xxxxxxxx f14:43202868 f14:43202868 f12:49deaa56
19307628ns          366572 1c008172 0045270b p.lw             x14, 4(x10!)        x14=44455869 x10=1000178c x10:10001788  PA:10001788
19307668ns          366574 1c008176 08d77753 fsub.s           f14, f14, f13       f14=xxxxxxxx f14:44455869 f13:4407c554
19307688ns          366575 1c00817a 60e77643 fmadd.s          f12, f14, f14, f12  f12=xxxxxxxx f14:43764c54 f14:43764c54 f12:49e1cbea
19307709ns          366576 1c008172 0045270b p.lw             x14, 4(x10!)        x14=4403cb9d x10=10001790 x10:1000178c  PA:1000178c
19307749ns          366578 1c008176 08d77753 fsub.s           f14, f14, f13       f14=xxxxxxxx f14:4403cb9d f13:4407c554
19307769ns          366579 1c00817a 60e77643 fmadd.s          f12, f14, f14, f12  f12=xxxxxxxx f14:c17e6dc0 f14:c17e6dc0 f12:49e933a0
19307789ns          366580 1c008172 0045270b p.lw             x14, 4(x10!)        x14=4452a77d x10=10001794 x10:10001790  PA:10001790
19307829ns          366582 1c008176 08d77753 fsub.s           f14, f14, f13       f14=xxxxxxxx f14:4452a77d f13:4407c554
19307849ns          366583 1c00817a 60e77643 fmadd.s          f12, f14, f14, f12  f12=xxxxxxxx f14:4395c452 f14:4395c452 f12:49e93b87
19307869ns          366584 1c008172 0045270b p.lw             x14, 4(x10!)        x14=445725c8 x10=10001798 x10:10001794  PA:10001794
19307909ns          366586 1c008176 08d77753 fsub.s           f14, f14, f13       f14=xxxxxxxx f14:445725c8 f13:4407c554
19307929ns          366587 1c00817a 60e77643 fmadd.s          f12, f14, f14, f12  f12=xxxxxxxx f14:439ec0e8 f14:439ec0e8 f12:49f42f4b
19307949ns          366588 1c008172 0045270b p.lw             x14, 4(x10!)        x14=43a666c1 x10=1000179c x10:10001798  PA:10001798
19307989ns          366590 1c008176 08d77753 fsub.s           f14, f14, f13       f14=xxxxxxxx f14:43a666c1 f13:4407c554
19308010ns          366591 1c00817a 60e77643 fmadd.s          f12, f14, f14, f12  f12=xxxxxxxx f14:c35247ce f14:c35247ce f12:4a003ed0
19308030ns          366592 1c008172 0045270b p.lw             x14, 4(x10!)        x14=4402c688 x10=100017a0 x10:1000179c  PA:1000179c
19308070ns          366594 1c008176 08d77753 fsub.s           f14, f14, f13       f14=xxxxxxxx f14:4402c688 f13:4407c554
19308090ns          366595 1c00817a 60e77643 fmadd.s          f12, f14, f14, f12  f12=xxxxxxxx f14:c19fd980 f14:c19fd980 f12:4a02f1b8
19308110ns          366596 1c008172 0045270b p.lw             x14, 4(x10!)        x14=442f9c36 x10=100017a4 x10:100017a0  PA:100017a0
19308150ns          366598 1c008176 08d77753 fsub.s           f14, f14, f13       f14=xxxxxxxx f14:442f9c36 f13:4407c554
19308170ns          366599 1c00817a 60e77643 fmadd.s          f12, f14, f14, f12  f12=xxxxxxxx f14:431f5b88 f14:431f5b88 f12:4a02f7f5
19308190ns          366600 1c008172 0045270b p.lw             x14, 4(x10!)        x14=440aae8e x10=100017a8 x10:100017a4  PA:100017a4
19308230ns          366602 1c008176 08d77753 fsub.s           f14, f14, f13       f14=xxxxxxxx f14:440aae8e f13:4407c554
19308250ns          366603 1c00817a 60e77643 fmadd.s          f12, f14, f14, f12  f12=xxxxxxxx f14:413a4e80 f14:413a4e80 f12:4a0484c0
19308270ns          366604 1c008172 0045270b p.lw             x14, 4(x10!)        x14=4418c35d x10=100017ac x10:100017a8  PA:100017a8
19308311ns          366606 1c008176 08d77753 fsub.s           f14, f14, f13       f14=xxxxxxxx f14:4418c35d f13:4407c554
19308331ns          366607 1c00817a 60e77643 fmadd.s          f12, f14, f14, f12  f12=xxxxxxxx f14:4287f048 f14:4287f048 f12:4a0486de
19308351ns          366608 1c008172 0045270b p.lw             x14, 4(x10!)        x14=44192b21 x10=100017b0 x10:100017ac  PA:100017ac
19308391ns          366610 1c008176 08d77753 fsub.s           f14, f14, f13       f14=xxxxxxxx f14:44192b21 f13:4407c554
19308411ns          366611 1c00817a 60e77643 fmadd.s          f12, f14, f14, f12  f12=xxxxxxxx f14:428b2e68 f14:428b2e68 f12:4a04cf0d
19308431ns          366612 1c008172 0045270b p.lw             x14, 4(x10!)        x14=443d6d9b x10=100017b4 x10:100017b0  PA:100017b0
19308471ns          366614 1c008176 08d77753 fsub.s           f14, f14, f13       f14=xxxxxxxx f14:443d6d9b f13:4407c554
19308491ns          366615 1c00817a 60e77643 fmadd.s          f12, f14, f14, f12  f12=xxxxxxxx f14:4356a11c f14:4356a11c f12:4a051ab8
19308511ns          366616 1c008172 0045270b p.lw             x14, 4(x10!)        x14=43d546ff x10=100017b8 x10:100017b4  PA:100017b4
19308551ns          366618 1c008176 08d77753 fsub.s           f14, f14, f13       f14=xxxxxxxx f14:43d546ff f13:4407c554
19308571ns          366619 1c00817a 60e77643 fmadd.s          f12, f14, f14, f12  f12=xxxxxxxx f14:c2e90ea4 f14:c2e90ea4 f12:4a07ea7f
19308591ns          366620 1c008172 0045270b p.lw             x14, 4(x10!)        x14=4423c75c x10=100017bc x10:100017b8  PA:100017b8
19308632ns          366622 1c008176 08d77753 fsub.s           f14, f14, f13       f14=xxxxxxxx f14:4423c75c f13:4407c554
19308652ns          366623 1c00817a 60e77643 fmadd.s          f12, f14, f14, f12  f12=xxxxxxxx f14:42e01040 f14:42e01040 f12:4a08beab
19308672ns          366624 1c008172 0045270b p.lw             x14, 4(x10!)        x14=441063ff x10=100017c0 x10:100017bc  PA:100017bc
19308712ns          366626 1c008176 08d77753 fsub.s           f14, f14, f13       f14=xxxxxxxx f14:441063ff f13:4407c554
19308732ns          366627 1c00817a 60e77643 fmadd.s          f12, f14, f14, f12  f12=xxxxxxxx f14:4209eab0 f14:4209eab0 f12:4a0982c7
19308752ns          366628 1c008172 0045270b p.lw             x14, 4(x10!)        x14=43a9ded2 x10=100017c4 x10:100017c0  PA:100017c0
19308792ns          366630 1c008176 08d77753 fsub.s           f14, f14, f13       f14=xxxxxxxx f14:43a9ded2 f13:4407c554
19308812ns          366631 1c00817a 60e77643 fmadd.s          f12, f14, f14, f12  f12=xxxxxxxx f14:c34b57ac f14:c34b57ac f12:4a09955a
19308832ns          366632 1c008172 0045270b p.lw             x14, 4(x10!)        x14=43d0f2e1 x10=100017c8 x10:100017c4  PA:100017c4
19308872ns          366634 1c008176 08d77753 fsub.s           f14, f14, f13       f14=xxxxxxxx f14:43d0f2e1 f13:4407c554
19308892ns          366635 1c00817a 60e77643 fmadd.s          f12, f14, f14, f12  f12=xxxxxxxx f14:c2fa5f1c f14:c2fa5f1c f12:4a0c1b6b
19308912ns          366636 1c008172 0045270b p.lw             x14, 4(x10!)        x14=44111e9f x10=100017cc x10:100017c8  PA:100017c8
19308953ns          366638 1c008176 08d77753 fsub.s           f14, f14, f13       f14=xxxxxxxx f14:44111e9f f13:4407c554
19308973ns          366639 1c00817a 60e77643 fmadd.s          f12, f14, f14, f12  f12=xxxxxxxx f14:421594b0 f14:421594b0 f12:4a0d1049
19308993ns          366640 1c008172 0045270b p.lw             x14, 4(x10!)        x14=43cb2dac x10=100017d0 x10:100017cc  PA:100017cc
19309033ns          366642 1c008176 08d77753 fsub.s           f14, f14, f13       f14=xxxxxxxx f14:43cb2dac f13:4407c554
19309053ns          366643 1c00817a 60e77643 fmadd.s          f12, f14, f14, f12  f12=xxxxxxxx f14:c308b9f8 f14:c308b9f8 f12:4a0d2623
19309073ns          366644 1c008172 0045270b p.lw             x14, 4(x10!)        x14=43e9fa32 x10=100017d4 x10:100017d0  PA:100017d0
19309113ns          366646 1c008176 08d77753 fsub.s           f14, f14, f13       f14=xxxxxxxx f14:43e9fa32 f13:4407c554
19309133ns          366647 1c00817a 60e77643 fmadd.s          f12, f14, f14, f12  f12=xxxxxxxx f14:c29641d8 f14:c29641d8 f12:4a0e4a3b
19309153ns          366648 1c008172 0045270b p.lw             x14, 4(x10!)        x14=43d576ba x10=100017d8 x10:100017d4  PA:100017d4
19309193ns          366650 1c008176 08d77753 fsub.s           f14, f14, f13       f14=xxxxxxxx f14:43d576ba f13:4407c554
19309213ns          366651 1c00817a 60e77643 fmadd.s          f12, f14, f14, f12  f12=xxxxxxxx f14:c2e84fb8 f14:c2e84fb8 f12:4a0ea26c
19309234ns          366652 1c008172 0045270b p.lw             x14, 4(x10!)        x14=43fc5b0d x10=100017dc x10:100017d8  PA:100017d8
19309274ns          366654 1c008176 08d77753 fsub.s           f14, f14, f13       f14=xxxxxxxx f14:43fc5b0d f13:4407c554
19309294ns          366655 1c00817a 60e77643 fmadd.s          f12, f14, f14, f12  f12=xxxxxxxx f14:c2197cd8 f14:c2197cd8 f12:4a0f753d
19309314ns          366656 1c008172 0045270b p.lw             x14, 4(x10!)        x14=4392170b x10=100017e0 x10:100017dc  PA:100017dc
19309354ns          366658 1c008176 08d77753 fsub.s           f14, f14, f13       f14=xxxxxxxx f14:4392170b f13:4407c554
19309374ns          366659 1c00817a 60e77643 fmadd.s          f12, f14, f14, f12  f12=xxxxxxxx f14:c37ae73a f14:c37ae73a f12:4a0f8c3f
19309394ns          366660 1c008172 0045270b p.lw             x14, 4(x10!)        x14=4402d68c x10=100017e4 x10:100017e0  PA:100017e0
19309434ns          366662 1c008176 08d77753 fsub.s           f14, f14, f13       f14=xxxxxxxx f14:4402d68c f13:4407c554
19309454ns          366663 1c00817a 60e77643 fmadd.s          f12, f14, f14, f12  f12=xxxxxxxx f14:c19dd900 f14:c19dd900 f12:4a1363e1
19309474ns          366664 1c008172 0045270b p.lw             x14, 4(x10!)        x14=440127c9 x10=100017e8 x10:100017e4  PA:100017e4
19309514ns          366666 1c008176 08d77753 fsub.s           f14, f14, f13       f14=xxxxxxxx f14:440127c9 f13:4407c554
19309535ns          366667 1c00817a 60e77643 fmadd.s          f12, f14, f14, f12  f12=xxxxxxxx f14:c1d3b160 f14:c1d3b160 f12:4a1369f6
19309956ns          366688 1c00817e 1c0007b7 lui              x15, 0x1c000000     x15=1c000000
19309996ns          366690 1c008182 1347a503 lw               x10, 308(x15)       x10=3c257eb5 x15:1c000000  PA:1c000134
19310317ns          366706 1c008186 10a67553 fmul.s           f10, f12, f10       f10=xxxxxxxx f12:4a1374e7 f10:3c257eb5
19310337ns          366707 1c00818a 00008067 jalr             x0, x1, 0            x1:1c008a6a
19310558ns          366718 1c008a6a 1c0005b7 lui              x11, 0x1c000000     x11=1c000000
19310578ns          366719 1c008a6e 00441413 slli             x8, x8, 0x4          x8=00000020  x8:00000002
19310618ns          366721 1c008a70 04058593 addi             x11, x11, 64        x11=1c000040 x11:1c000000
19310658ns          366723 1c008a74 008585b3 add              x11, x11, x8        x11=1c000060 x11:1c000040  x8:00000020
19310678ns          366724 1c008a76 00a12623 sw               x10, 12(x2)         x10:46bea6a9  x2:10001648  PA:10001654
19310698ns          366725 1c008a78 00810513 addi             x10, x2, 8          x10=10001650  x2:10001648
19310718ns          366726 1c008a7a f12ff0ef jal              x1, -2286            x1=1c008a7e
19311180ns          366749 1c00818c fd010113 addi             x2, x2, -48          x2=10001618  x2:10001648
19311200ns          366750 1c00818e 03212023 sw               x18, 32(x2)         x18:xxxxxxxx  x2:10001618  PA:10001638
19311220ns          366751 1c008190 01712623 sw               x23, 12(x2)         x23:xxxxxxxx  x2:10001618  PA:10001624
19311240ns          366752 1c008192 00052903 lw               x18, 0(x10)         x18=47542453 x10:10001650  PA:10001650
19311260ns          366753 1c008196 0005ab83 lw               x23, 0(x11)         x23=475424de x11:1c000060  PA:1c000060
19311702ns          366775 1c00819a 02812423 sw               x8, 40(x2)           x8:00000020  x2:10001618  PA:10001640
19311722ns          366776 1c00819c a17907d3 fle.s            x15, f18, f23       x15=00000001 f18:47542453 f23:475424de
19311742ns          366777 1c0081a0 02912223 sw               x9, 36(x2)           x9:xxxxxxxx  x2:10001618  PA:1000163c
19311762ns          366778 1c0081a2 01312e23 sw               x19, 28(x2)         x19:xxxxxxxx  x2:10001618  PA:10001634
19311782ns          366779 1c0081a4 01612823 sw               x22, 16(x2)         x22:xxxxxxxx  x2:10001618  PA:10001628
19311802ns          366780 1c0081a6 02112623 sw               x1, 44(x2)           x1:1c008a7e  x2:10001618  PA:10001644
19311822ns          366781 1c0081a8 01412c23 sw               x20, 24(x2)         x20:xxxxxxxx  x2:10001618  PA:10001630
19311842ns          366782 1c0081aa 01512a23 sw               x21, 20(x2)         x21:xxxxxxxx  x2:10001618  PA:1000162c
19311862ns          366783 1c0081ac 00b00433 add              x8, x0, x11          x8=1c000060 x11:1c000060
19311882ns          366784 1c0081ae 00a00b33 add              x22, x0, x10        x22=10001650 x10:10001650
19312223ns          366801 1c0081b0 0045a483 lw               x9, 4(x11)           x9=475423c8 x11:1c000060  PA:1c000064
19312544ns          366817 1c0081b2 f14029f3 csrrs            x19, x0, 0xf14      x19=00000002
19312564ns          366818 1c0081b6 14079f63 bne              x15, x0, 350        x15:00000001
19313487ns          366864 1c008314 a1248753 fle.s            x14, f9, f18        x14=00000001  f9:475423c8 f18:47542453
19313528ns          366866 1c008318 f14027f3 csrrs            x15, x0, 0xf14      x15=00000002
19313548ns          366867 1c00831c 00f009b3 add              x19, x0, x15        x19=00000002 x15:00000002
19313989ns          366889 1c00831e e8070ee3 beq              x14, x0, -356       x14:00000001
19314029ns          366891 1c008322 00452b03 lw               x22, 4(x10)         x22=46bea6a9 x10:10001650  PA:10001654
19314049ns          366892 1c008326 0085a903 lw               x18, 8(x11)         x18=46bea726 x11:1c000060  PA:1c000068
19314350ns          366907 1c00832a 00c5a403 lw               x8, 12(x11)          x8=46bea62c x11:1c000060  PA:1c00006c
19314651ns          366922 1c00832c a12b0753 fle.s            x14, f22, f18       x14=00000001 f22:46bea6a9 f18:46bea726
19314671ns          366923 1c008330 16071563 bne              x14, x0, 362        x14:00000001
19315193ns          366949 1c00849a a1640753 fle.s            x14, f8, f22        x14=00000001  f8:46bea62c f22:46bea6a9
19315213ns          366950 1c00849e 00f004b3 add              x9, x0, x15          x9=00000002 x15:00000002
19315634ns          366971 1c0084a0 00e00533 add              x10, x0, x14        x10=00000001 x14:00000001
19315675ns          366973 1c0084a2 0ff57513 andi             x10, x10, 255       x10=00000001 x10:00000001
19315695ns          366974 1c0084a6 fc071fe3 bne              x14, x0, -34        x14:00000001
19316618ns          367020 1c008484 02c12083 lw               x1, 44(x2)           x1=1c008a7e  x2:10001618  PA:10001644
19316638ns          367021 1c008486 02812403 lw               x8, 40(x2)           x8=00000020  x2:10001618  PA:10001640
19316658ns          367022 1c008488 02412483 lw               x9, 36(x2)           x9=xxxxxxxx  x2:10001618  PA:1000163c
19316678ns          367023 1c00848a 02012903 lw               x18, 32(x2)         x18=xxxxxxxx  x2:10001618  PA:10001638
19316698ns          367024 1c00848c 01c12983 lw               x19, 28(x2)         x19=xxxxxxxx  x2:10001618  PA:10001634
19316718ns          367025 1c00848e 01812a03 lw               x20, 24(x2)         x20=xxxxxxxx  x2:10001618  PA:10001630
19316738ns          367026 1c008490 01412a83 lw               x21, 20(x2)         x21=xxxxxxxx  x2:10001618  PA:1000162c
19316758ns          367027 1c008492 01012b03 lw               x22, 16(x2)         x22=xxxxxxxx  x2:10001618  PA:10001628
19316778ns          367028 1c008494 00c12b83 lw               x23, 12(x2)         x23=xxxxxxxx  x2:10001618  PA:10001624
19316798ns          367029 1c008496 03010113 addi             x2, x2, 48           x2=10001648  x2:10001618
19316818ns          367030 1c008498 00008067 jalr             x0, x1, 0            x1:1c008a7e
19316858ns          367032 1c008a7e 00a00433 add              x8, x0, x10          x8=00000001 x10:00000001
19316878ns          367033 1c008a80 f14027f3 csrrs            x15, x0, 0xf14      x15=00000002
19316898ns          367034 1c008a84 f457b5b3 p.bclr           x11, x15, 26, 5     x11=00000002 x15:00000002
19316919ns          367035 1c008a88 00050e63 beq              x10, x0, 28         x10:00000001
19316939ns          367036 1c008a8a 1c000537 lui              x10, 0x1c000000     x10=1c000000
19317380ns          367058 1c008a8e 0f450513 addi             x10, x10, 244       x10=1c0000f4 x10:1c000000
19317400ns          367059 1c008a92 612000ef jal              x1, 1554             x1=1c008a94
19317480ns          367063 1c0090a4 fc010113 addi             x2, x2, -64          x2=10001608  x2:10001648
19317521ns          367065 1c0090a6 02410313 addi             x6, x2, 36           x6=1000162c  x2:10001608
19317541ns          367066 1c0090aa 02c12423 sw               x12, 40(x2)         x12:4a1374e7  x2:10001608  PA:10001630
19317561ns          367067 1c0090ac 00a00633 add              x12, x0, x10        x12=1c0000f4 x10:1c0000f4
19317601ns          367069 1c0090ae 1c009537 lui              x10, 0x1c009000     x10=1c009000
19317621ns          367070 1c0090b2 02b12223 sw               x11, 36(x2)         x11:00000002  x2:10001608  PA:1000162c
19317641ns          367071 1c0090b4 02d12623 sw               x13, 44(x2)         x13:4407c554  x2:10001608  PA:10001634
19317661ns          367072 1c0090b6 00200593 addi             x11, x0, 2          x11=00000002
19317681ns          367073 1c0090b8 006006b3 add              x13, x0, x6         x13=1000162c  x6:1000162c
19317701ns          367074 1c0090ba 03850513 addi             x10, x10, 56        x10=1c009038 x10:1c009000
19317721ns          367075 1c0090be 00112e23 sw               x1, 28(x2)           x1:1c008a94  x2:10001608  PA:10001624
19317741ns          367076 1c0090c0 02e12823 sw               x14, 48(x2)         x14:00000001  x2:10001608  PA:10001638
19317761ns          367077 1c0090c2 02f12a23 sw               x15, 52(x2)         x15:00000002  x2:10001608  PA:1000163c
19317781ns          367078 1c0090c4 03012c23 sw               x16, 56(x2)         x16:440127c9  x2:10001608  PA:10001640
19317801ns          367079 1c0090c6 03112e23 sw               x17, 60(x2)         x17:43d01bc8  x2:10001608  PA:10001644
19317821ns          367080 1c0090c8 00612623 sw               x6, 12(x2)           x6:1000162c  x2:10001608  PA:10001614
19317842ns          367081 1c0090ca fbfff0ef jal              x1, -66              x1=1c0090cc
19317922ns          367085 1c009088 04a0006f jal              x0, 74             
19317962ns          367087 1c0090d2 ed010113 addi             x2, x2, -304         x2=100014d8  x2:10001608
19317982ns          367088 1c0090d4 12812423 sw               x8, 296(x2)          x8:00000001  x2:100014d8  PA:10001600
19318002ns          367089 1c0090d8 00000413 addi             x8, x0, 0            x8=00000000
19318022ns          367090 1c0090da 11612823 sw               x22, 272(x2)        x22:xxxxxxxx  x2:100014d8  PA:100015e8
19318082ns          367093 1c0090de 11712623 sw               x23, 268(x2)        x23:xxxxxxxx  x2:100014d8  PA:100015e4
19318122ns          367095 1c0090e2 11812423 sw               x24, 264(x2)        x24:xxxxxxxx  x2:100014d8  PA:100015e0
19318143ns          367096 1c0090e6 11912223 sw               x25, 260(x2)        x25:xxxxxxxx  x2:100014d8  PA:100015dc
19318163ns          367097 1c0090ea 11a12023 sw               x26, 256(x2)        x26:xxxxxxxx  x2:100014d8  PA:100015d8
19318183ns          367098 1c0090ee 0fb12e23 sw               x27, 252(x2)        x27:xxxxxxxx  x2:100014d8  PA:100015d4
19318223ns          367100 1c0090f0 12112623 sw               x1, 300(x2)          x1:1c0090cc  x2:100014d8  PA:10001604
19318263ns          367102 1c0090f4 00800db3 add              x27, x0, x8         x27=00000000  x8:00000000
19318283ns          367103 1c0090f6 12912223 sw               x9, 292(x2)          x9:xxxxxxxx  x2:100014d8  PA:100015fc
19318303ns          367104 1c0090fa 13212023 sw               x18, 288(x2)        x18:xxxxxxxx  x2:100014d8  PA:100015f8
19318363ns          367107 1c0090fe 11312e23 sw               x19, 284(x2)        x19:xxxxxxxx  x2:100014d8  PA:100015f4
19318403ns          367109 1c009102 11412c23 sw               x20, 280(x2)        x20:xxxxxxxx  x2:100014d8  PA:100015f0
19318423ns          367110 1c009106 11512a23 sw               x21, 276(x2)        x21:xxxxxxxx  x2:100014d8  PA:100015ec
19318444ns          367111 1c00910a 00a00b33 add              x22, x0, x10        x22=1c009038 x10:1c009038
19318464ns          367112 1c00910c 00b00d33 add              x26, x0, x11        x26=00000002 x11:00000002
19318484ns          367113 1c00910e 00d00c33 add              x24, x0, x13        x24=1000162c x13:1000162c
19318504ns          367114 1c009110 1c000bb7 lui              x23, 0x1c000000     x23=1c000000
19318544ns          367116 1c009114 02410c93 addi             x25, x2, 36         x25=100014fc  x2:100014d8
19318564ns          367117 1c009118 00c00433 add              x8, x0, x12          x8=1c0000f4 x12:1c0000f4
19318584ns          367118 1c00911a 00044503 lbu              x10, 0(x8)          x10=0000006b  x8:1c0000f4  PA:1c0000f4
19318885ns          367133 1c00911e 00140413 addi             x8, x8, 1            x8=1c0000f5  x8:1c0000f4
19318905ns          367134 1c009120 00050e63 beq              x10, x0, 28         x10:0000006b
19318925ns          367135 1c009122 02500793 addi             x15, x0, 37         x15=00000025
19318945ns          367136 1c009126 04f50863 beq              x10, x15, 80        x10:0000006b x15:00000025
19318965ns          367137 1c00912a 01a005b3 add              x11, x0, x26        x11=00000002 x26:00000002
19318985ns          367138 1c00912c 000b00e7 jalr             x1, x22, 0           x1=1c00912e x22:1c009038
19319106ns          367144 1c009038 000026b7 lui              x13, 0x2000         x13=00002000
19319146ns          367146 1c00903a f14027f3 csrrs            x15, x0, 0xf14      x15=00000002
19319206ns          367149 1c00903e f8068693 addi             x13, x13, -128      x13=00001f80 x13:00002000
19319246ns          367151 1c009042 00379713 slli             x14, x15, 0x3       x14=00000010 x15:00000002
19319266ns          367152 1c009046 00279793 slli             x15, x15, 0x2       x15=00000008 x15:00000002
19319286ns          367153 1c009048 00d7f7b3 and              x15, x15, x13       x15=00000000 x15:00000008 x13:00001f80
19319306ns          367154 1c00904a ee873733 p.bclr           x14, x14, 23, 8     x14=00000010 x14:00000010
19319346ns          367156 1c00904e 1a10f6b7 lui              x13, 0x1a10f000     x13=1a10f000
19319387ns          367158 1c009052 0ff57513 andi             x10, x10, 255       x10=0000006b x10:0000006b
19319407ns          367159 1c009056 00d70733 add              x14, x14, x13       x14=1a10f010 x14:00000010 x13:1a10f000
19319427ns          367160 1c009058 00a7e723 p.sw             x10, x0(x15)        x10:0000006b x15:00000000  PA:1a10f010
19319748ns          367176 1c00905c 00000513 addi             x10, x0, 0          x10=00000000
19319768ns          367177 1c00905e 00008067 jalr             x0, x1, 0            x1:1c00912e
19319828ns          367180 1c00912e 31f52563 p.beqimm         x10, 778            x10:00000000
19319848ns          367181 1c009132 001d8d93 addi             x27, x27, 1         x27=00000001 x27:00000000
19319868ns          367182 1c009134 00044503 lbu              x10, 0(x8)          x10=00000065  x8:1c0000f5  PA:1c0000f5
19320169ns          367197 1c009138 00140413 addi             x8, x8, 1            x8=1c0000f6  x8:1c0000f5
19320189ns          367198 1c00913a fe0514e3 bne              x10, x0, -24        x10:00000065
19320269ns          367202 1c009122 02500793 addi             x15, x0, 37         x15=00000025
19320290ns          367203 1c009126 04f50863 beq              x10, x15, 80        x10:00000065 x15:00000025
19320310ns          367204 1c00912a 01a005b3 add              x11, x0, x26        x11=00000002 x26:00000002
19320330ns          367205 1c00912c 000b00e7 jalr             x1, x22, 0           x1=1c00912e x22:1c009038
19320370ns          367207 1c009038 000026b7 lui              x13, 0x2000         x13=00002000
19320390ns          367208 1c00903a f14027f3 csrrs            x15, x0, 0xf14      x15=00000002
19320450ns          367211 1c00903e f8068693 addi             x13, x13, -128      x13=00001f80 x13:00002000
19320490ns          367213 1c009042 00379713 slli             x14, x15, 0x3       x14=00000010 x15:00000002
19320510ns          367214 1c009046 00279793 slli             x15, x15, 0x2       x15=00000008 x15:00000002
19320530ns          367215 1c009048 00d7f7b3 and              x15, x15, x13       x15=00000000 x15:00000008 x13:00001f80
19320550ns          367216 1c00904a ee873733 p.bclr           x14, x14, 23, 8     x14=00000010 x14:00000010
19320570ns          367217 1c00904e 1a10f6b7 lui              x13, 0x1a10f000     x13=1a10f000
19320591ns          367218 1c009052 0ff57513 andi             x10, x10, 255       x10=00000065 x10:00000065
19320611ns          367219 1c009056 00d70733 add              x14, x14, x13       x14=1a10f010 x14:00000010 x13:1a10f000
19320631ns          367220 1c009058 00a7e723 p.sw             x10, x0(x15)        x10:00000065 x15:00000000  PA:1a10f010
19320952ns          367236 1c00905c 00000513 addi             x10, x0, 0          x10=00000000
19320972ns          367237 1c00905e 00008067 jalr             x0, x1, 0            x1:1c00912e
19321032ns          367240 1c00912e 31f52563 p.beqimm         x10, 778            x10:00000000
19321052ns          367241 1c009132 001d8d93 addi             x27, x27, 1         x27=00000002 x27:00000001
19321072ns          367242 1c009134 00044503 lbu              x10, 0(x8)          x10=00000072  x8:1c0000f6  PA:1c0000f6
19321393ns          367258 1c009138 00140413 addi             x8, x8, 1            x8=1c0000f7  x8:1c0000f6
19321413ns          367259 1c00913a fe0514e3 bne              x10, x0, -24        x10:00000072
19321493ns          367263 1c009122 02500793 addi             x15, x0, 37         x15=00000025
19321514ns          367264 1c009126 04f50863 beq              x10, x15, 80        x10:00000072 x15:00000025
19321534ns          367265 1c00912a 01a005b3 add              x11, x0, x26        x11=00000002 x26:00000002
19321554ns          367266 1c00912c 000b00e7 jalr             x1, x22, 0           x1=1c00912e x22:1c009038
19321594ns          367268 1c009038 000026b7 lui              x13, 0x2000         x13=00002000
19321614ns          367269 1c00903a f14027f3 csrrs            x15, x0, 0xf14      x15=00000002
19321634ns          367270 1c00903e f8068693 addi             x13, x13, -128      x13=00001f80 x13:00002000
19321654ns          367271 1c009042 00379713 slli             x14, x15, 0x3       x14=00000010 x15:00000002
19321674ns          367272 1c009046 00279793 slli             x15, x15, 0x2       x15=00000008 x15:00000002
19321694ns          367273 1c009048 00d7f7b3 and              x15, x15, x13       x15=00000000 x15:00000008 x13:00001f80
19321714ns          367274 1c00904a ee873733 p.bclr           x14, x14, 23, 8     x14=00000010 x14:00000010
19321734ns          367275 1c00904e 1a10f6b7 lui              x13, 0x1a10f000     x13=1a10f000
19321754ns          367276 1c009052 0ff57513 andi             x10, x10, 255       x10=00000072 x10:00000072
19321774ns          367277 1c009056 00d70733 add              x14, x14, x13       x14=1a10f010 x14:00000010 x13:1a10f000
19321794ns          367278 1c009058 00a7e723 p.sw             x10, x0(x15)        x10:00000072 x15:00000000  PA:1a10f010
19322115ns          367294 1c00905c 00000513 addi             x10, x0, 0          x10=00000000
19322136ns          367295 1c00905e 00008067 jalr             x0, x1, 0            x1:1c00912e
19322196ns          367298 1c00912e 31f52563 p.beqimm         x10, 778            x10:00000000
19322216ns          367299 1c009132 001d8d93 addi             x27, x27, 1         x27=00000003 x27:00000002
19322236ns          367300 1c009134 00044503 lbu              x10, 0(x8)          x10=0000006e  x8:1c0000f7  PA:1c0000f7
19322537ns          367315 1c009138 00140413 addi             x8, x8, 1            x8=1c0000f8  x8:1c0000f7
19322557ns          367316 1c00913a fe0514e3 bne              x10, x0, -24        x10:0000006e
19322637ns          367320 1c009122 02500793 addi             x15, x0, 37         x15=00000025
19322657ns          367321 1c009126 04f50863 beq              x10, x15, 80        x10:0000006e x15:00000025
19322677ns          367322 1c00912a 01a005b3 add              x11, x0, x26        x11=00000002 x26:00000002
19322697ns          367323 1c00912c 000b00e7 jalr             x1, x22, 0           x1=1c00912e x22:1c009038
19322738ns          367325 1c009038 000026b7 lui              x13, 0x2000         x13=00002000
19322758ns          367326 1c00903a f14027f3 csrrs            x15, x0, 0xf14      x15=00000002
19322778ns          367327 1c00903e f8068693 addi             x13, x13, -128      x13=00001f80 x13:00002000
19322798ns          367328 1c009042 00379713 slli             x14, x15, 0x3       x14=00000010 x15:00000002
19322818ns          367329 1c009046 00279793 slli             x15, x15, 0x2       x15=00000008 x15:00000002
19322838ns          367330 1c009048 00d7f7b3 and              x15, x15, x13       x15=00000000 x15:00000008 x13:00001f80
19322858ns          367331 1c00904a ee873733 p.bclr           x14, x14, 23, 8     x14=00000010 x14:00000010
19322878ns          367332 1c00904e 1a10f6b7 lui              x13, 0x1a10f000     x13=1a10f000
19322898ns          367333 1c009052 0ff57513 andi             x10, x10, 255       x10=0000006e x10:0000006e
19322918ns          367334 1c009056 00d70733 add              x14, x14, x13       x14=1a10f010 x14:00000010 x13:1a10f000
19322938ns          367335 1c009058 00a7e723 p.sw             x10, x0(x15)        x10:0000006e x15:00000000  PA:1a10f010
19323259ns          367351 1c00905c 00000513 addi             x10, x0, 0          x10=00000000
19323279ns          367352 1c00905e 00008067 jalr             x0, x1, 0            x1:1c00912e
19323339ns          367355 1c00912e 31f52563 p.beqimm         x10, 778            x10:00000000
19323360ns          367356 1c009132 001d8d93 addi             x27, x27, 1         x27=00000004 x27:00000003
19323380ns          367357 1c009134 00044503 lbu              x10, 0(x8)          x10=00000065  x8:1c0000f8  PA:1c0000f8
19323681ns          367372 1c009138 00140413 addi             x8, x8, 1            x8=1c0000f9  x8:1c0000f8
19323701ns          367373 1c00913a fe0514e3 bne              x10, x0, -24        x10:00000065
19323781ns          367377 1c009122 02500793 addi             x15, x0, 37         x15=00000025
19323801ns          367378 1c009126 04f50863 beq              x10, x15, 80        x10:00000065 x15:00000025
19323821ns          367379 1c00912a 01a005b3 add              x11, x0, x26        x11=00000002 x26:00000002
19323841ns          367380 1c00912c 000b00e7 jalr             x1, x22, 0           x1=1c00912e x22:1c009038
19323881ns          367382 1c009038 000026b7 lui              x13, 0x2000         x13=00002000
19323901ns          367383 1c00903a f14027f3 csrrs            x15, x0, 0xf14      x15=00000002
19323921ns          367384 1c00903e f8068693 addi             x13, x13, -128      x13=00001f80 x13:00002000
19323941ns          367385 1c009042 00379713 slli             x14, x15, 0x3       x14=00000010 x15:00000002
19323961ns          367386 1c009046 00279793 slli             x15, x15, 0x2       x15=00000008 x15:00000002
19323982ns          367387 1c009048 00d7f7b3 and              x15, x15, x13       x15=00000000 x15:00000008 x13:00001f80
19324002ns          367388 1c00904a ee873733 p.bclr           x14, x14, 23, 8     x14=00000010 x14:00000010
19324022ns          367389 1c00904e 1a10f6b7 lui              x13, 0x1a10f000     x13=1a10f000
19324042ns          367390 1c009052 0ff57513 andi             x10, x10, 255       x10=00000065 x10:00000065
19324062ns          367391 1c009056 00d70733 add              x14, x14, x13       x14=1a10f010 x14:00000010 x13:1a10f000
19324082ns          367392 1c009058 00a7e723 p.sw             x10, x0(x15)        x10:00000065 x15:00000000  PA:1a10f010
19324403ns          367408 1c00905c 00000513 addi             x10, x0, 0          x10=00000000
19324423ns          367409 1c00905e 00008067 jalr             x0, x1, 0            x1:1c00912e
19324483ns          367412 1c00912e 31f52563 p.beqimm         x10, 778            x10:00000000
19324503ns          367413 1c009132 001d8d93 addi             x27, x27, 1         x27=00000005 x27:00000004
19324523ns          367414 1c009134 00044503 lbu              x10, 0(x8)          x10=0000006c  x8:1c0000f9  PA:1c0000f9
19324844ns          367430 1c009138 00140413 addi             x8, x8, 1            x8=1c0000fa  x8:1c0000f9
19324864ns          367431 1c00913a fe0514e3 bne              x10, x0, -24        x10:0000006c
19324945ns          367435 1c009122 02500793 addi             x15, x0, 37         x15=00000025
19324965ns          367436 1c009126 04f50863 beq              x10, x15, 80        x10:0000006c x15:00000025
19324985ns          367437 1c00912a 01a005b3 add              x11, x0, x26        x11=00000002 x26:00000002
19325005ns          367438 1c00912c 000b00e7 jalr             x1, x22, 0           x1=1c00912e x22:1c009038
19325045ns          367440 1c009038 000026b7 lui              x13, 0x2000         x13=00002000
19325065ns          367441 1c00903a f14027f3 csrrs            x15, x0, 0xf14      x15=00000002
19325085ns          367442 1c00903e f8068693 addi             x13, x13, -128      x13=00001f80 x13:00002000
19325105ns          367443 1c009042 00379713 slli             x14, x15, 0x3       x14=00000010 x15:00000002
19325125ns          367444 1c009046 00279793 slli             x15, x15, 0x2       x15=00000008 x15:00000002
19325145ns          367445 1c009048 00d7f7b3 and              x15, x15, x13       x15=00000000 x15:00000008 x13:00001f80
19325165ns          367446 1c00904a ee873733 p.bclr           x14, x14, 23, 8     x14=00000010 x14:00000010
19325185ns          367447 1c00904e 1a10f6b7 lui              x13, 0x1a10f000     x13=1a10f000
19325206ns          367448 1c009052 0ff57513 andi             x10, x10, 255       x10=0000006c x10:0000006c
19325226ns          367449 1c009056 00d70733 add              x14, x14, x13       x14=1a10f010 x14:00000010 x13:1a10f000
19325246ns          367450 1c009058 00a7e723 p.sw             x10, x0(x15)        x10:0000006c x15:00000000  PA:1a10f010
19325567ns          367466 1c00905c 00000513 addi             x10, x0, 0          x10=00000000
19325587ns          367467 1c00905e 00008067 jalr             x0, x1, 0            x1:1c00912e
19325647ns          367470 1c00912e 31f52563 p.beqimm         x10, 778            x10:00000000
19325667ns          367471 1c009132 001d8d93 addi             x27, x27, 1         x27=00000006 x27:00000005
19325687ns          367472 1c009134 00044503 lbu              x10, 0(x8)          x10=00000020  x8:1c0000fa  PA:1c0000fa
19326008ns          367488 1c009138 00140413 addi             x8, x8, 1            x8=1c0000fb  x8:1c0000fa
19326028ns          367489 1c00913a fe0514e3 bne              x10, x0, -24        x10:00000020
19326108ns          367493 1c009122 02500793 addi             x15, x0, 37         x15=00000025
19326129ns          367494 1c009126 04f50863 beq              x10, x15, 80        x10:00000020 x15:00000025
19326149ns          367495 1c00912a 01a005b3 add              x11, x0, x26        x11=00000002 x26:00000002
19326169ns          367496 1c00912c 000b00e7 jalr             x1, x22, 0           x1=1c00912e x22:1c009038
19326209ns          367498 1c009038 000026b7 lui              x13, 0x2000         x13=00002000
19326229ns          367499 1c00903a f14027f3 csrrs            x15, x0, 0xf14      x15=00000002
19326249ns          367500 1c00903e f8068693 addi             x13, x13, -128      x13=00001f80 x13:00002000
19326269ns          367501 1c009042 00379713 slli             x14, x15, 0x3       x14=00000010 x15:00000002
19326289ns          367502 1c009046 00279793 slli             x15, x15, 0x2       x15=00000008 x15:00000002
19326309ns          367503 1c009048 00d7f7b3 and              x15, x15, x13       x15=00000000 x15:00000008 x13:00001f80
19326329ns          367504 1c00904a ee873733 p.bclr           x14, x14, 23, 8     x14=00000010 x14:00000010
19326349ns          367505 1c00904e 1a10f6b7 lui              x13, 0x1a10f000     x13=1a10f000
19326369ns          367506 1c009052 0ff57513 andi             x10, x10, 255       x10=00000020 x10:00000020
19326389ns          367507 1c009056 00d70733 add              x14, x14, x13       x14=1a10f010 x14:00000010 x13:1a10f000
19326409ns          367508 1c009058 00a7e723 p.sw             x10, x0(x15)        x10:00000020 x15:00000000  PA:1a10f010
19326731ns          367524 1c00905c 00000513 addi             x10, x0, 0          x10=00000000
19326751ns          367525 1c00905e 00008067 jalr             x0, x1, 0            x1:1c00912e
19326811ns          367528 1c00912e 31f52563 p.beqimm         x10, 778            x10:00000000
19326831ns          367529 1c009132 001d8d93 addi             x27, x27, 1         x27=00000007 x27:00000006
19326851ns          367530 1c009134 00044503 lbu              x10, 0(x8)          x10=00000070  x8:1c0000fb  PA:1c0000fb
19327152ns          367545 1c009138 00140413 addi             x8, x8, 1            x8=1c0000fc  x8:1c0000fb
19327172ns          367546 1c00913a fe0514e3 bne              x10, x0, -24        x10:00000070
19327252ns          367550 1c009122 02500793 addi             x15, x0, 37         x15=00000025
19327272ns          367551 1c009126 04f50863 beq              x10, x15, 80        x10:00000070 x15:00000025
19327292ns          367552 1c00912a 01a005b3 add              x11, x0, x26        x11=00000002 x26:00000002
19327312ns          367553 1c00912c 000b00e7 jalr             x1, x22, 0           x1=1c00912e x22:1c009038
19327353ns          367555 1c009038 000026b7 lui              x13, 0x2000         x13=00002000
19327373ns          367556 1c00903a f14027f3 csrrs            x15, x0, 0xf14      x15=00000002
19327393ns          367557 1c00903e f8068693 addi             x13, x13, -128      x13=00001f80 x13:00002000
19327413ns          367558 1c009042 00379713 slli             x14, x15, 0x3       x14=00000010 x15:00000002
19327433ns          367559 1c009046 00279793 slli             x15, x15, 0x2       x15=00000008 x15:00000002
19327453ns          367560 1c009048 00d7f7b3 and              x15, x15, x13       x15=00000000 x15:00000008 x13:00001f80
19327473ns          367561 1c00904a ee873733 p.bclr           x14, x14, 23, 8     x14=00000010 x14:00000010
19327493ns          367562 1c00904e 1a10f6b7 lui              x13, 0x1a10f000     x13=1a10f000
19327513ns          367563 1c009052 0ff57513 andi             x10, x10, 255       x10=00000070 x10:00000070
19327533ns          367564 1c009056 00d70733 add              x14, x14, x13       x14=1a10f010 x14:00000010 x13:1a10f000
19327553ns          367565 1c009058 00a7e723 p.sw             x10, x0(x15)        x10:00000070 x15:00000000  PA:1a10f010
19327874ns          367581 1c00905c 00000513 addi             x10, x0, 0          x10=00000000
19327894ns          367582 1c00905e 00008067 jalr             x0, x1, 0            x1:1c00912e
19327955ns          367585 1c00912e 31f52563 p.beqimm         x10, 778            x10:00000000
19327975ns          367586 1c009132 001d8d93 addi             x27, x27, 1         x27=00000008 x27:00000007
19327995ns          367587 1c009134 00044503 lbu              x10, 0(x8)          x10=00000061  x8:1c0000fc  PA:1c0000fc
19328296ns          367602 1c009138 00140413 addi             x8, x8, 1            x8=1c0000fd  x8:1c0000fc
19328316ns          367603 1c00913a fe0514e3 bne              x10, x0, -24        x10:00000061
19328396ns          367607 1c009122 02500793 addi             x15, x0, 37         x15=00000025
19328416ns          367608 1c009126 04f50863 beq              x10, x15, 80        x10:00000061 x15:00000025
19328436ns          367609 1c00912a 01a005b3 add              x11, x0, x26        x11=00000002 x26:00000002
19328456ns          367610 1c00912c 000b00e7 jalr             x1, x22, 0           x1=1c00912e x22:1c009038
19328496ns          367612 1c009038 000026b7 lui              x13, 0x2000         x13=00002000
19328516ns          367613 1c00903a f14027f3 csrrs            x15, x0, 0xf14      x15=00000002
19328536ns          367614 1c00903e f8068693 addi             x13, x13, -128      x13=00001f80 x13:00002000
19328556ns          367615 1c009042 00379713 slli             x14, x15, 0x3       x14=00000010 x15:00000002
19328577ns          367616 1c009046 00279793 slli             x15, x15, 0x2       x15=00000008 x15:00000002
19328597ns          367617 1c009048 00d7f7b3 and              x15, x15, x13       x15=00000000 x15:00000008 x13:00001f80
19328617ns          367618 1c00904a ee873733 p.bclr           x14, x14, 23, 8     x14=00000010 x14:00000010
19328637ns          367619 1c00904e 1a10f6b7 lui              x13, 0x1a10f000     x13=1a10f000
19328657ns          367620 1c009052 0ff57513 andi             x10, x10, 255       x10=00000061 x10:00000061
19328677ns          367621 1c009056 00d70733 add              x14, x14, x13       x14=1a10f010 x14:00000010 x13:1a10f000
19328697ns          367622 1c009058 00a7e723 p.sw             x10, x0(x15)        x10:00000061 x15:00000000  PA:1a10f010
19329018ns          367638 1c00905c 00000513 addi             x10, x0, 0          x10=00000000
19329038ns          367639 1c00905e 00008067 jalr             x0, x1, 0            x1:1c00912e
19329098ns          367642 1c00912e 31f52563 p.beqimm         x10, 778            x10:00000000
19329118ns          367643 1c009132 001d8d93 addi             x27, x27, 1         x27=00000009 x27:00000008
19329138ns          367644 1c009134 00044503 lbu              x10, 0(x8)          x10=00000073  x8:1c0000fd  PA:1c0000fd
19329459ns          367660 1c009138 00140413 addi             x8, x8, 1            x8=1c0000fe  x8:1c0000fd
19329479ns          367661 1c00913a fe0514e3 bne              x10, x0, -24        x10:00000073
19329560ns          367665 1c009122 02500793 addi             x15, x0, 37         x15=00000025
19329580ns          367666 1c009126 04f50863 beq              x10, x15, 80        x10:00000073 x15:00000025
19329600ns          367667 1c00912a 01a005b3 add              x11, x0, x26        x11=00000002 x26:00000002
19329620ns          367668 1c00912c 000b00e7 jalr             x1, x22, 0           x1=1c00912e x22:1c009038
19329660ns          367670 1c009038 000026b7 lui              x13, 0x2000         x13=00002000
19329680ns          367671 1c00903a f14027f3 csrrs            x15, x0, 0xf14      x15=00000002
19329700ns          367672 1c00903e f8068693 addi             x13, x13, -128      x13=00001f80 x13:00002000
19329720ns          367673 1c009042 00379713 slli             x14, x15, 0x3       x14=00000010 x15:00000002
19329740ns          367674 1c009046 00279793 slli             x15, x15, 0x2       x15=00000008 x15:00000002
19329760ns          367675 1c009048 00d7f7b3 and              x15, x15, x13       x15=00000000 x15:00000008 x13:00001f80
19329780ns          367676 1c00904a ee873733 p.bclr           x14, x14, 23, 8     x14=00000010 x14:00000010
19329801ns          367677 1c00904e 1a10f6b7 lui              x13, 0x1a10f000     x13=1a10f000
19329821ns          367678 1c009052 0ff57513 andi             x10, x10, 255       x10=00000073 x10:00000073
19329841ns          367679 1c009056 00d70733 add              x14, x14, x13       x14=1a10f010 x14:00000010 x13:1a10f000
19329861ns          367680 1c009058 00a7e723 p.sw             x10, x0(x15)        x10:00000073 x15:00000000  PA:1a10f010
19330182ns          367696 1c00905c 00000513 addi             x10, x0, 0          x10=00000000
19330202ns          367697 1c00905e 00008067 jalr             x0, x1, 0            x1:1c00912e
19330262ns          367700 1c00912e 31f52563 p.beqimm         x10, 778            x10:00000000
19330282ns          367701 1c009132 001d8d93 addi             x27, x27, 1         x27=0000000a x27:00000009
19330302ns          367702 1c009134 00044503 lbu              x10, 0(x8)          x10=00000073  x8:1c0000fe  PA:1c0000fe
19330603ns          367717 1c009138 00140413 addi             x8, x8, 1            x8=1c0000ff  x8:1c0000fe
19330623ns          367718 1c00913a fe0514e3 bne              x10, x0, -24        x10:00000073
19330703ns          367722 1c009122 02500793 addi             x15, x0, 37         x15=00000025
19330724ns          367723 1c009126 04f50863 beq              x10, x15, 80        x10:00000073 x15:00000025
19330744ns          367724 1c00912a 01a005b3 add              x11, x0, x26        x11=00000002 x26:00000002
19330764ns          367725 1c00912c 000b00e7 jalr             x1, x22, 0           x1=1c00912e x22:1c009038
19330804ns          367727 1c009038 000026b7 lui              x13, 0x2000         x13=00002000
19330824ns          367728 1c00903a f14027f3 csrrs            x15, x0, 0xf14      x15=00000002
19330844ns          367729 1c00903e f8068693 addi             x13, x13, -128      x13=00001f80 x13:00002000
19330864ns          367730 1c009042 00379713 slli             x14, x15, 0x3       x14=00000010 x15:00000002
19330884ns          367731 1c009046 00279793 slli             x15, x15, 0x2       x15=00000008 x15:00000002
19330904ns          367732 1c009048 00d7f7b3 and              x15, x15, x13       x15=00000000 x15:00000008 x13:00001f80
19330924ns          367733 1c00904a ee873733 p.bclr           x14, x14, 23, 8     x14=00000010 x14:00000010
19330944ns          367734 1c00904e 1a10f6b7 lui              x13, 0x1a10f000     x13=1a10f000
19330964ns          367735 1c009052 0ff57513 andi             x10, x10, 255       x10=00000073 x10:00000073
19330984ns          367736 1c009056 00d70733 add              x14, x14, x13       x14=1a10f010 x14:00000010 x13:1a10f000
19331004ns          367737 1c009058 00a7e723 p.sw             x10, x0(x15)        x10:00000073 x15:00000000  PA:1a10f010
19331325ns          367753 1c00905c 00000513 addi             x10, x0, 0          x10=00000000
19331346ns          367754 1c00905e 00008067 jalr             x0, x1, 0            x1:1c00912e
19331406ns          367757 1c00912e 31f52563 p.beqimm         x10, 778            x10:00000000
19331426ns          367758 1c009132 001d8d93 addi             x27, x27, 1         x27=0000000b x27:0000000a
19331446ns          367759 1c009134 00044503 lbu              x10, 0(x8)          x10=00000065  x8:1c0000ff  PA:1c0000ff
19331747ns          367774 1c009138 00140413 addi             x8, x8, 1            x8=1c000100  x8:1c0000ff
19331767ns          367775 1c00913a fe0514e3 bne              x10, x0, -24        x10:00000065
19331847ns          367779 1c009122 02500793 addi             x15, x0, 37         x15=00000025
19331867ns          367780 1c009126 04f50863 beq              x10, x15, 80        x10:00000065 x15:00000025
19331887ns          367781 1c00912a 01a005b3 add              x11, x0, x26        x11=00000002 x26:00000002
19331907ns          367782 1c00912c 000b00e7 jalr             x1, x22, 0           x1=1c00912e x22:1c009038
19331948ns          367784 1c009038 000026b7 lui              x13, 0x2000         x13=00002000
19331968ns          367785 1c00903a f14027f3 csrrs            x15, x0, 0xf14      x15=00000002
19331988ns          367786 1c00903e f8068693 addi             x13, x13, -128      x13=00001f80 x13:00002000
19332008ns          367787 1c009042 00379713 slli             x14, x15, 0x3       x14=00000010 x15:00000002
19332028ns          367788 1c009046 00279793 slli             x15, x15, 0x2       x15=00000008 x15:00000002
19332048ns          367789 1c009048 00d7f7b3 and              x15, x15, x13       x15=00000000 x15:00000008 x13:00001f80
19332068ns          367790 1c00904a ee873733 p.bclr           x14, x14, 23, 8     x14=00000010 x14:00000010
19332088ns          367791 1c00904e 1a10f6b7 lui              x13, 0x1a10f000     x13=1a10f000
19332108ns          367792 1c009052 0ff57513 andi             x10, x10, 255       x10=00000065 x10:00000065
19332128ns          367793 1c009056 00d70733 add              x14, x14, x13       x14=1a10f010 x14:00000010 x13:1a10f000
19332148ns          367794 1c009058 00a7e723 p.sw             x10, x0(x15)        x10:00000065 x15:00000000  PA:1a10f010
19332469ns          367810 1c00905c 00000513 addi             x10, x0, 0          x10=00000000
19332489ns          367811 1c00905e 00008067 jalr             x0, x1, 0            x1:1c00912e
19332549ns          367814 1c00912e 31f52563 p.beqimm         x10, 778            x10:00000000
19332570ns          367815 1c009132 001d8d93 addi             x27, x27, 1         x27=0000000c x27:0000000b
19332590ns          367816 1c009134 00044503 lbu              x10, 0(x8)          x10=00000064  x8:1c000100  PA:1c000100
19332891ns          367831 1c009138 00140413 addi             x8, x8, 1            x8=1c000101  x8:1c000100
19332911ns          367832 1c00913a fe0514e3 bne              x10, x0, -24        x10:00000064
19332991ns          367836 1c009122 02500793 addi             x15, x0, 37         x15=00000025
19333011ns          367837 1c009126 04f50863 beq              x10, x15, 80        x10:00000064 x15:00000025
19333031ns          367838 1c00912a 01a005b3 add              x11, x0, x26        x11=00000002 x26:00000002
19333051ns          367839 1c00912c 000b00e7 jalr             x1, x22, 0           x1=1c00912e x22:1c009038
19333091ns          367841 1c009038 000026b7 lui              x13, 0x2000         x13=00002000
19333111ns          367842 1c00903a f14027f3 csrrs            x15, x0, 0xf14      x15=00000002
19333131ns          367843 1c00903e f8068693 addi             x13, x13, -128      x13=00001f80 x13:00002000
19333151ns          367844 1c009042 00379713 slli             x14, x15, 0x3       x14=00000010 x15:00000002
19333171ns          367845 1c009046 00279793 slli             x15, x15, 0x2       x15=00000008 x15:00000002
19333192ns          367846 1c009048 00d7f7b3 and              x15, x15, x13       x15=00000000 x15:00000008 x13:00001f80
19333212ns          367847 1c00904a ee873733 p.bclr           x14, x14, 23, 8     x14=00000010 x14:00000010
19333232ns          367848 1c00904e 1a10f6b7 lui              x13, 0x1a10f000     x13=1a10f000
19333252ns          367849 1c009052 0ff57513 andi             x10, x10, 255       x10=00000064 x10:00000064
19333272ns          367850 1c009056 00d70733 add              x14, x14, x13       x14=1a10f010 x14:00000010 x13:1a10f000
19333292ns          367851 1c009058 00a7e723 p.sw             x10, x0(x15)        x10:00000064 x15:00000000  PA:1a10f010
19333613ns          367867 1c00905c 00000513 addi             x10, x0, 0          x10=00000000
19333633ns          367868 1c00905e 00008067 jalr             x0, x1, 0            x1:1c00912e
19333693ns          367871 1c00912e 31f52563 p.beqimm         x10, 778            x10:00000000
19333713ns          367872 1c009132 001d8d93 addi             x27, x27, 1         x27=0000000d x27:0000000c
19333733ns          367873 1c009134 00044503 lbu              x10, 0(x8)          x10=00000020  x8:1c000101  PA:1c000101
19334034ns          367888 1c009138 00140413 addi             x8, x8, 1            x8=1c000102  x8:1c000101
19334054ns          367889 1c00913a fe0514e3 bne              x10, x0, -24        x10:00000020
19334135ns          367893 1c009122 02500793 addi             x15, x0, 37         x15=00000025
19334155ns          367894 1c009126 04f50863 beq              x10, x15, 80        x10:00000020 x15:00000025
19334175ns          367895 1c00912a 01a005b3 add              x11, x0, x26        x11=00000002 x26:00000002
19334195ns          367896 1c00912c 000b00e7 jalr             x1, x22, 0           x1=1c00912e x22:1c009038
19334235ns          367898 1c009038 000026b7 lui              x13, 0x2000         x13=00002000
19334255ns          367899 1c00903a f14027f3 csrrs            x15, x0, 0xf14      x15=00000002
19334275ns          367900 1c00903e f8068693 addi             x13, x13, -128      x13=00001f80 x13:00002000
19334295ns          367901 1c009042 00379713 slli             x14, x15, 0x3       x14=00000010 x15:00000002
19334315ns          367902 1c009046 00279793 slli             x15, x15, 0x2       x15=00000008 x15:00000002
19334335ns          367903 1c009048 00d7f7b3 and              x15, x15, x13       x15=00000000 x15:00000008 x13:00001f80
19334355ns          367904 1c00904a ee873733 p.bclr           x14, x14, 23, 8     x14=00000010 x14:00000010
19334375ns          367905 1c00904e 1a10f6b7 lui              x13, 0x1a10f000     x13=1a10f000
19334395ns          367906 1c009052 0ff57513 andi             x10, x10, 255       x10=00000020 x10:00000020
19334416ns          367907 1c009056 00d70733 add              x14, x14, x13       x14=1a10f010 x14:00000010 x13:1a10f000
19334436ns          367908 1c009058 00a7e723 p.sw             x10, x0(x15)        x10:00000020 x15:00000000  PA:1a10f010
19334757ns          367924 1c00905c 00000513 addi             x10, x0, 0          x10=00000000
19334777ns          367925 1c00905e 00008067 jalr             x0, x1, 0            x1:1c00912e
19334837ns          367928 1c00912e 31f52563 p.beqimm         x10, 778            x10:00000000
19334857ns          367929 1c009132 001d8d93 addi             x27, x27, 1         x27=0000000e x27:0000000d
19334877ns          367930 1c009134 00044503 lbu              x10, 0(x8)          x10=0000006f  x8:1c000102  PA:1c000102
19335198ns          367946 1c009138 00140413 addi             x8, x8, 1            x8=1c000103  x8:1c000102
19335218ns          367947 1c00913a fe0514e3 bne              x10, x0, -24        x10:0000006f
19335298ns          367951 1c009122 02500793 addi             x15, x0, 37         x15=00000025
19335318ns          367952 1c009126 04f50863 beq              x10, x15, 80        x10:0000006f x15:00000025
19335339ns          367953 1c00912a 01a005b3 add              x11, x0, x26        x11=00000002 x26:00000002
19335359ns          367954 1c00912c 000b00e7 jalr             x1, x22, 0           x1=1c00912e x22:1c009038
19335399ns          367956 1c009038 000026b7 lui              x13, 0x2000         x13=00002000
19335419ns          367957 1c00903a f14027f3 csrrs            x15, x0, 0xf14      x15=00000002
19335439ns          367958 1c00903e f8068693 addi             x13, x13, -128      x13=00001f80 x13:00002000
19335459ns          367959 1c009042 00379713 slli             x14, x15, 0x3       x14=00000010 x15:00000002
19335479ns          367960 1c009046 00279793 slli             x15, x15, 0x2       x15=00000008 x15:00000002
19335499ns          367961 1c009048 00d7f7b3 and              x15, x15, x13       x15=00000000 x15:00000008 x13:00001f80
19335519ns          367962 1c00904a ee873733 p.bclr           x14, x14, 23, 8     x14=00000010 x14:00000010
19335539ns          367963 1c00904e 1a10f6b7 lui              x13, 0x1a10f000     x13=1a10f000
19335559ns          367964 1c009052 0ff57513 andi             x10, x10, 255       x10=0000006f x10:0000006f
19335579ns          367965 1c009056 00d70733 add              x14, x14, x13       x14=1a10f010 x14:00000010 x13:1a10f000
19335599ns          367966 1c009058 00a7e723 p.sw             x10, x0(x15)        x10:0000006f x15:00000000  PA:1a10f010
19335920ns          367982 1c00905c 00000513 addi             x10, x0, 0          x10=00000000
19335941ns          367983 1c00905e 00008067 jalr             x0, x1, 0            x1:1c00912e
19336001ns          367986 1c00912e 31f52563 p.beqimm         x10, 778            x10:00000000
19336021ns          367987 1c009132 001d8d93 addi             x27, x27, 1         x27=0000000f x27:0000000e
19336041ns          367988 1c009134 00044503 lbu              x10, 0(x8)          x10=0000006e  x8:1c000103  PA:1c000103
19336342ns          368003 1c009138 00140413 addi             x8, x8, 1            x8=1c000104  x8:1c000103
19336362ns          368004 1c00913a fe0514e3 bne              x10, x0, -24        x10:0000006e
19336442ns          368008 1c009122 02500793 addi             x15, x0, 37         x15=00000025
19336462ns          368009 1c009126 04f50863 beq              x10, x15, 80        x10:0000006e x15:00000025
19336482ns          368010 1c00912a 01a005b3 add              x11, x0, x26        x11=00000002 x26:00000002
19336502ns          368011 1c00912c 000b00e7 jalr             x1, x22, 0           x1=1c00912e x22:1c009038
19336542ns          368013 1c009038 000026b7 lui              x13, 0x2000         x13=00002000
19336563ns          368014 1c00903a f14027f3 csrrs            x15, x0, 0xf14      x15=00000002
19336583ns          368015 1c00903e f8068693 addi             x13, x13, -128      x13=00001f80 x13:00002000
19336603ns          368016 1c009042 00379713 slli             x14, x15, 0x3       x14=00000010 x15:00000002
19336623ns          368017 1c009046 00279793 slli             x15, x15, 0x2       x15=00000008 x15:00000002
19336643ns          368018 1c009048 00d7f7b3 and              x15, x15, x13       x15=00000000 x15:00000008 x13:00001f80
19336663ns          368019 1c00904a ee873733 p.bclr           x14, x14, 23, 8     x14=00000010 x14:00000010
19336683ns          368020 1c00904e 1a10f6b7 lui              x13, 0x1a10f000     x13=1a10f000
19336703ns          368021 1c009052 0ff57513 andi             x10, x10, 255       x10=0000006e x10:0000006e
19336723ns          368022 1c009056 00d70733 add              x14, x14, x13       x14=1a10f010 x14:00000010 x13:1a10f000
19336743ns          368023 1c009058 00a7e723 p.sw             x10, x0(x15)        x10:0000006e x15:00000000  PA:1a10f010
19337064ns          368039 1c00905c 00000513 addi             x10, x0, 0          x10=00000000
19337084ns          368040 1c00905e 00008067 jalr             x0, x1, 0            x1:1c00912e
19337144ns          368043 1c00912e 31f52563 p.beqimm         x10, 778            x10:00000000
19337165ns          368044 1c009132 001d8d93 addi             x27, x27, 1         x27=00000010 x27:0000000f
19337185ns          368045 1c009134 00044503 lbu              x10, 0(x8)          x10=00000020  x8:1c000104  PA:1c000104
19337506ns          368061 1c009138 00140413 addi             x8, x8, 1            x8=1c000105  x8:1c000104
19337526ns          368062 1c00913a fe0514e3 bne              x10, x0, -24        x10:00000020
19337606ns          368066 1c009122 02500793 addi             x15, x0, 37         x15=00000025
19337626ns          368067 1c009126 04f50863 beq              x10, x15, 80        x10:00000020 x15:00000025
19337646ns          368068 1c00912a 01a005b3 add              x11, x0, x26        x11=00000002 x26:00000002
19337666ns          368069 1c00912c 000b00e7 jalr             x1, x22, 0           x1=1c00912e x22:1c009038
19337706ns          368071 1c009038 000026b7 lui              x13, 0x2000         x13=00002000
19337726ns          368072 1c00903a f14027f3 csrrs            x15, x0, 0xf14      x15=00000002
19337746ns          368073 1c00903e f8068693 addi             x13, x13, -128      x13=00001f80 x13:00002000
19337766ns          368074 1c009042 00379713 slli             x14, x15, 0x3       x14=00000010 x15:00000002
19337787ns          368075 1c009046 00279793 slli             x15, x15, 0x2       x15=00000008 x15:00000002
19337807ns          368076 1c009048 00d7f7b3 and              x15, x15, x13       x15=00000000 x15:00000008 x13:00001f80
19337827ns          368077 1c00904a ee873733 p.bclr           x14, x14, 23, 8     x14=00000010 x14:00000010
19337847ns          368078 1c00904e 1a10f6b7 lui              x13, 0x1a10f000     x13=1a10f000
19337867ns          368079 1c009052 0ff57513 andi             x10, x10, 255       x10=00000020 x10:00000020
19337887ns          368080 1c009056 00d70733 add              x14, x14, x13       x14=1a10f010 x14:00000010 x13:1a10f000
19337907ns          368081 1c009058 00a7e723 p.sw             x10, x0(x15)        x10:00000020 x15:00000000  PA:1a10f010
19338228ns          368097 1c00905c 00000513 addi             x10, x0, 0          x10=00000000
19338248ns          368098 1c00905e 00008067 jalr             x0, x1, 0            x1:1c00912e
19338308ns          368101 1c00912e 31f52563 p.beqimm         x10, 778            x10:00000000
19338328ns          368102 1c009132 001d8d93 addi             x27, x27, 1         x27=00000011 x27:00000010
19338348ns          368103 1c009134 00044503 lbu              x10, 0(x8)          x10=00000063  x8:1c000105  PA:1c000105
19338669ns          368119 1c009138 00140413 addi             x8, x8, 1            x8=1c000106  x8:1c000105
19338689ns          368120 1c00913a fe0514e3 bne              x10, x0, -24        x10:00000063
19338770ns          368124 1c009122 02500793 addi             x15, x0, 37         x15=00000025
19338790ns          368125 1c009126 04f50863 beq              x10, x15, 80        x10:00000063 x15:00000025
19338810ns          368126 1c00912a 01a005b3 add              x11, x0, x26        x11=00000002 x26:00000002
19338830ns          368127 1c00912c 000b00e7 jalr             x1, x22, 0           x1=1c00912e x22:1c009038
19338870ns          368129 1c009038 000026b7 lui              x13, 0x2000         x13=00002000
19338890ns          368130 1c00903a f14027f3 csrrs            x15, x0, 0xf14      x15=00000002
19338910ns          368131 1c00903e f8068693 addi             x13, x13, -128      x13=00001f80 x13:00002000
19338930ns          368132 1c009042 00379713 slli             x14, x15, 0x3       x14=00000010 x15:00000002
19338950ns          368133 1c009046 00279793 slli             x15, x15, 0x2       x15=00000008 x15:00000002
19338970ns          368134 1c009048 00d7f7b3 and              x15, x15, x13       x15=00000000 x15:00000008 x13:00001f80
19338990ns          368135 1c00904a ee873733 p.bclr           x14, x14, 23, 8     x14=00000010 x14:00000010
19339011ns          368136 1c00904e 1a10f6b7 lui              x13, 0x1a10f000     x13=1a10f000
19339031ns          368137 1c009052 0ff57513 andi             x10, x10, 255       x10=00000063 x10:00000063
19339051ns          368138 1c009056 00d70733 add              x14, x14, x13       x14=1a10f010 x14:00000010 x13:1a10f000
19339071ns          368139 1c009058 00a7e723 p.sw             x10, x0(x15)        x10:00000063 x15:00000000  PA:1a10f010
19339392ns          368155 1c00905c 00000513 addi             x10, x0, 0          x10=00000000
19339412ns          368156 1c00905e 00008067 jalr             x0, x1, 0            x1:1c00912e
19339472ns          368159 1c00912e 31f52563 p.beqimm         x10, 778            x10:00000000
19339492ns          368160 1c009132 001d8d93 addi             x27, x27, 1         x27=00000012 x27:00000011
19339512ns          368161 1c009134 00044503 lbu              x10, 0(x8)          x10=0000006f  x8:1c000106  PA:1c000106
19339813ns          368176 1c009138 00140413 addi             x8, x8, 1            x8=1c000107  x8:1c000106
19339833ns          368177 1c00913a fe0514e3 bne              x10, x0, -24        x10:0000006f
19339913ns          368181 1c009122 02500793 addi             x15, x0, 37         x15=00000025
19339934ns          368182 1c009126 04f50863 beq              x10, x15, 80        x10:0000006f x15:00000025
19339954ns          368183 1c00912a 01a005b3 add              x11, x0, x26        x11=00000002 x26:00000002
19339974ns          368184 1c00912c 000b00e7 jalr             x1, x22, 0           x1=1c00912e x22:1c009038
19340014ns          368186 1c009038 000026b7 lui              x13, 0x2000         x13=00002000
19340034ns          368187 1c00903a f14027f3 csrrs            x15, x0, 0xf14      x15=00000002
19340054ns          368188 1c00903e f8068693 addi             x13, x13, -128      x13=00001f80 x13:00002000
19340074ns          368189 1c009042 00379713 slli             x14, x15, 0x3       x14=00000010 x15:00000002
19340094ns          368190 1c009046 00279793 slli             x15, x15, 0x2       x15=00000008 x15:00000002
19340114ns          368191 1c009048 00d7f7b3 and              x15, x15, x13       x15=00000000 x15:00000008 x13:00001f80
19340134ns          368192 1c00904a ee873733 p.bclr           x14, x14, 23, 8     x14=00000010 x14:00000010
19340154ns          368193 1c00904e 1a10f6b7 lui              x13, 0x1a10f000     x13=1a10f000
19340174ns          368194 1c009052 0ff57513 andi             x10, x10, 255       x10=0000006f x10:0000006f
19340194ns          368195 1c009056 00d70733 add              x14, x14, x13       x14=1a10f010 x14:00000010 x13:1a10f000
19340214ns          368196 1c009058 00a7e723 p.sw             x10, x0(x15)        x10:0000006f x15:00000000  PA:1a10f010
19340535ns          368212 1c00905c 00000513 addi             x10, x0, 0          x10=00000000
19340556ns          368213 1c00905e 00008067 jalr             x0, x1, 0            x1:1c00912e
19340616ns          368216 1c00912e 31f52563 p.beqimm         x10, 778            x10:00000000
19340636ns          368217 1c009132 001d8d93 addi             x27, x27, 1         x27=00000013 x27:00000012
19340656ns          368218 1c009134 00044503 lbu              x10, 0(x8)          x10=00000072  x8:1c000107  PA:1c000107
19340957ns          368233 1c009138 00140413 addi             x8, x8, 1            x8=1c000108  x8:1c000107
19340977ns          368234 1c00913a fe0514e3 bne              x10, x0, -24        x10:00000072
19341057ns          368238 1c009122 02500793 addi             x15, x0, 37         x15=00000025
19341077ns          368239 1c009126 04f50863 beq              x10, x15, 80        x10:00000072 x15:00000025
19341097ns          368240 1c00912a 01a005b3 add              x11, x0, x26        x11=00000002 x26:00000002
19341117ns          368241 1c00912c 000b00e7 jalr             x1, x22, 0           x1=1c00912e x22:1c009038
19341158ns          368243 1c009038 000026b7 lui              x13, 0x2000         x13=00002000
19341178ns          368244 1c00903a f14027f3 csrrs            x15, x0, 0xf14      x15=00000002
19341198ns          368245 1c00903e f8068693 addi             x13, x13, -128      x13=00001f80 x13:00002000
19341218ns          368246 1c009042 00379713 slli             x14, x15, 0x3       x14=00000010 x15:00000002
19341238ns          368247 1c009046 00279793 slli             x15, x15, 0x2       x15=00000008 x15:00000002
19341258ns          368248 1c009048 00d7f7b3 and              x15, x15, x13       x15=00000000 x15:00000008 x13:00001f80
19341278ns          368249 1c00904a ee873733 p.bclr           x14, x14, 23, 8     x14=00000010 x14:00000010
19341298ns          368250 1c00904e 1a10f6b7 lui              x13, 0x1a10f000     x13=1a10f000
19341318ns          368251 1c009052 0ff57513 andi             x10, x10, 255       x10=00000072 x10:00000072
19341338ns          368252 1c009056 00d70733 add              x14, x14, x13       x14=1a10f010 x14:00000010 x13:1a10f000
19341358ns          368253 1c009058 00a7e723 p.sw             x10, x0(x15)        x10:00000072 x15:00000000  PA:1a10f010
19341679ns          368269 1c00905c 00000513 addi             x10, x0, 0          x10=00000000
19341699ns          368270 1c00905e 00008067 jalr             x0, x1, 0            x1:1c00912e
19341759ns          368273 1c00912e 31f52563 p.beqimm         x10, 778            x10:00000000
19341780ns          368274 1c009132 001d8d93 addi             x27, x27, 1         x27=00000014 x27:00000013
19341800ns          368275 1c009134 00044503 lbu              x10, 0(x8)          x10=00000065  x8:1c000108  PA:1c000108
19342121ns          368291 1c009138 00140413 addi             x8, x8, 1            x8=1c000109  x8:1c000108
19342141ns          368292 1c00913a fe0514e3 bne              x10, x0, -24        x10:00000065
19342221ns          368296 1c009122 02500793 addi             x15, x0, 37         x15=00000025
19342241ns          368297 1c009126 04f50863 beq              x10, x15, 80        x10:00000065 x15:00000025
19342261ns          368298 1c00912a 01a005b3 add              x11, x0, x26        x11=00000002 x26:00000002
19342281ns          368299 1c00912c 000b00e7 jalr             x1, x22, 0           x1=1c00912e x22:1c009038
19342321ns          368301 1c009038 000026b7 lui              x13, 0x2000         x13=00002000
19342341ns          368302 1c00903a f14027f3 csrrs            x15, x0, 0xf14      x15=00000002
19342361ns          368303 1c00903e f8068693 addi             x13, x13, -128      x13=00001f80 x13:00002000
19342381ns          368304 1c009042 00379713 slli             x14, x15, 0x3       x14=00000010 x15:00000002
19342402ns          368305 1c009046 00279793 slli             x15, x15, 0x2       x15=00000008 x15:00000002
19342422ns          368306 1c009048 00d7f7b3 and              x15, x15, x13       x15=00000000 x15:00000008 x13:00001f80
19342442ns          368307 1c00904a ee873733 p.bclr           x14, x14, 23, 8     x14=00000010 x14:00000010
19342462ns          368308 1c00904e 1a10f6b7 lui              x13, 0x1a10f000     x13=1a10f000
19342482ns          368309 1c009052 0ff57513 andi             x10, x10, 255       x10=00000065 x10:00000065
19342502ns          368310 1c009056 00d70733 add              x14, x14, x13       x14=1a10f010 x14:00000010 x13:1a10f000
19342522ns          368311 1c009058 00a7e723 p.sw             x10, x0(x15)        x10:00000065 x15:00000000  PA:1a10f010
19342843ns          368327 1c00905c 00000513 addi             x10, x0, 0          x10=00000000
19342863ns          368328 1c00905e 00008067 jalr             x0, x1, 0            x1:1c00912e
19342923ns          368331 1c00912e 31f52563 p.beqimm         x10, 778            x10:00000000
19342943ns          368332 1c009132 001d8d93 addi             x27, x27, 1         x27=00000015 x27:00000014
19342963ns          368333 1c009134 00044503 lbu              x10, 0(x8)          x10=00000020  x8:1c000109  PA:1c000109
19343264ns          368348 1c009138 00140413 addi             x8, x8, 1            x8=1c00010a  x8:1c000109
19343284ns          368349 1c00913a fe0514e3 bne              x10, x0, -24        x10:00000020
19343365ns          368353 1c009122 02500793 addi             x15, x0, 37         x15=00000025
19343385ns          368354 1c009126 04f50863 beq              x10, x15, 80        x10:00000020 x15:00000025
19343405ns          368355 1c00912a 01a005b3 add              x11, x0, x26        x11=00000002 x26:00000002
19343425ns          368356 1c00912c 000b00e7 jalr             x1, x22, 0           x1=1c00912e x22:1c009038
19343465ns          368358 1c009038 000026b7 lui              x13, 0x2000         x13=00002000
19343485ns          368359 1c00903a f14027f3 csrrs            x15, x0, 0xf14      x15=00000002
19343505ns          368360 1c00903e f8068693 addi             x13, x13, -128      x13=00001f80 x13:00002000
19343525ns          368361 1c009042 00379713 slli             x14, x15, 0x3       x14=00000010 x15:00000002
19343545ns          368362 1c009046 00279793 slli             x15, x15, 0x2       x15=00000008 x15:00000002
19343565ns          368363 1c009048 00d7f7b3 and              x15, x15, x13       x15=00000000 x15:00000008 x13:00001f80
19343585ns          368364 1c00904a ee873733 p.bclr           x14, x14, 23, 8     x14=00000010 x14:00000010
19343605ns          368365 1c00904e 1a10f6b7 lui              x13, 0x1a10f000     x13=1a10f000
19343626ns          368366 1c009052 0ff57513 andi             x10, x10, 255       x10=00000020 x10:00000020
19343646ns          368367 1c009056 00d70733 add              x14, x14, x13       x14=1a10f010 x14:00000010 x13:1a10f000
19343666ns          368368 1c009058 00a7e723 p.sw             x10, x0(x15)        x10:00000020 x15:00000000  PA:1a10f010
19343987ns          368384 1c00905c 00000513 addi             x10, x0, 0          x10=00000000
19344007ns          368385 1c00905e 00008067 jalr             x0, x1, 0            x1:1c00912e
19344067ns          368388 1c00912e 31f52563 p.beqimm         x10, 778            x10:00000000
19344087ns          368389 1c009132 001d8d93 addi             x27, x27, 1         x27=00000016 x27:00000015
19344107ns          368390 1c009134 00044503 lbu              x10, 0(x8)          x10=00000020  x8:1c00010a  PA:1c00010a
19344408ns          368405 1c009138 00140413 addi             x8, x8, 1            x8=1c00010b  x8:1c00010a
19344428ns          368406 1c00913a fe0514e3 bne              x10, x0, -24        x10:00000020
19344508ns          368410 1c009122 02500793 addi             x15, x0, 37         x15=00000025
19344528ns          368411 1c009126 04f50863 beq              x10, x15, 80        x10:00000020 x15:00000025
19344549ns          368412 1c00912a 01a005b3 add              x11, x0, x26        x11=00000002 x26:00000002
19344569ns          368413 1c00912c 000b00e7 jalr             x1, x22, 0           x1=1c00912e x22:1c009038
19344609ns          368415 1c009038 000026b7 lui              x13, 0x2000         x13=00002000
19344629ns          368416 1c00903a f14027f3 csrrs            x15, x0, 0xf14      x15=00000002
19344649ns          368417 1c00903e f8068693 addi             x13, x13, -128      x13=00001f80 x13:00002000
19344669ns          368418 1c009042 00379713 slli             x14, x15, 0x3       x14=00000010 x15:00000002
19344689ns          368419 1c009046 00279793 slli             x15, x15, 0x2       x15=00000008 x15:00000002
19344709ns          368420 1c009048 00d7f7b3 and              x15, x15, x13       x15=00000000 x15:00000008 x13:00001f80
19344729ns          368421 1c00904a ee873733 p.bclr           x14, x14, 23, 8     x14=00000010 x14:00000010
19344749ns          368422 1c00904e 1a10f6b7 lui              x13, 0x1a10f000     x13=1a10f000
19344769ns          368423 1c009052 0ff57513 andi             x10, x10, 255       x10=00000020 x10:00000020
19344789ns          368424 1c009056 00d70733 add              x14, x14, x13       x14=1a10f010 x14:00000010 x13:1a10f000
19344809ns          368425 1c009058 00a7e723 p.sw             x10, x0(x15)        x10:00000020 x15:00000000  PA:1a10f010
19345130ns          368441 1c00905c 00000513 addi             x10, x0, 0          x10=00000000
19345151ns          368442 1c00905e 00008067 jalr             x0, x1, 0            x1:1c00912e
19345211ns          368445 1c00912e 31f52563 p.beqimm         x10, 778            x10:00000000
19345231ns          368446 1c009132 001d8d93 addi             x27, x27, 1         x27=00000017 x27:00000016
19345251ns          368447 1c009134 00044503 lbu              x10, 0(x8)          x10=00000025  x8:1c00010b  PA:1c00010b
19345552ns          368462 1c009138 00140413 addi             x8, x8, 1            x8=1c00010c  x8:1c00010b
19345572ns          368463 1c00913a fe0514e3 bne              x10, x0, -24        x10:00000025
19345652ns          368467 1c009122 02500793 addi             x15, x0, 37         x15=00000025
19345672ns          368468 1c009126 04f50863 beq              x10, x15, 80        x10:00000025 x15:00000025
19345813ns          368475 1c009176 00044483 lbu              x9, 0(x8)            x9=00000064  x8:1c00010c  PA:1c00010c
19346114ns          368490 1c00917a 02000693 addi             x13, x0, 32         x13=00000020
19346134ns          368491 1c00917e 00140a93 addi             x21, x8, 1          x21=1c00010d  x8:1c00010c
19346154ns          368492 1c009182 009005b3 add              x11, x0, x9         x11=00000064  x9:00000064
19346174ns          368493 1c009184 13cb8513 addi             x10, x23, 316       x10=1c00013c x23:1c000000
19346194ns          368494 1c009188 00d12823 sw               x13, 16(x2)         x13:00000020  x2:100014d8  PA:100014e8
19346214ns          368495 1c00918a 00012c23 sw               x0, 24(x2)           x2:100014d8  PA:100014f0
19346234ns          368496 1c00918c 00012a23 sw               x0, 20(x2)           x2:100014d8  PA:100014ec
19346254ns          368497 1c00918e 00012e23 sw               x0, 28(x2)           x2:100014d8  PA:100014f4
19346274ns          368498 1c009190 00012623 sw               x0, 12(x2)           x2:100014d8  PA:100014e4
19346294ns          368499 1c009192 02300913 addi             x18, x0, 35         x18=00000023
19346314ns          368500 1c009196 02d00a13 addi             x20, x0, 45         x20=0000002d
19346334ns          368501 1c00919a 015009b3 add              x19, x0, x21        x19=1c00010d x21:1c00010d
19346354ns          368502 1c00919c e1dff0ef jal              x1, -484             x1=1c00919e
19346475ns          368508 1c008fb8 00054783 lbu              x15, 0(x10)         x15=0000002d x10:1c00013c  PA:1c00013c
19346796ns          368524 1c008fbc 0ff5f593 andi             x11, x11, 255       x11=00000064 x11:00000064
19346816ns          368525 1c008fc0 00b78c63 beq              x15, x11, 24        x15:0000002d x11:00000064
19346836ns          368526 1c008fc4 00078b63 beq              x15, x0, 22         x15:0000002d
19346856ns          368527 1c008fc6 00150793 addi             x15, x10, 1         x15=1c00013d x10:1c00013c
19346876ns          368528 1c008fca 0040006f jal              x0, 4              
19346956ns          368532 1c008fce 00f00533 add              x10, x0, x15        x10=1c00013d x15:1c00013d
19346976ns          368533 1c008fd0 0017c70b p.lbu            x14, 1(x15!)        x14=0000002b x15=1c00013e x15:1c00013d  PA:1c00013d
19347298ns          368549 1c008fd4 feb71ce3 bne              x14, x11, -8        x14:0000002b x11:00000064
19347358ns          368552 1c008fcc 00070763 beq              x14, x0, 14         x14:0000002b
19347378ns          368553 1c008fce 00f00533 add              x10, x0, x15        x10=1c00013e x15:1c00013e
19347398ns          368554 1c008fd0 0017c70b p.lbu            x14, 1(x15!)        x14=00000020 x15=1c00013f x15:1c00013e  PA:1c00013e
19347719ns          368570 1c008fd4 feb71ce3 bne              x14, x11, -8        x14:00000020 x11:00000064
19347779ns          368573 1c008fcc 00070763 beq              x14, x0, 14         x14:00000020
19347799ns          368574 1c008fce 00f00533 add              x10, x0, x15        x10=1c00013f x15:1c00013f
19347819ns          368575 1c008fd0 0017c70b p.lbu            x14, 1(x15!)        x14=00000023 x15=1c000140 x15:1c00013f  PA:1c00013f
19348140ns          368591 1c008fd4 feb71ce3 bne              x14, x11, -8        x14:00000023 x11:00000064
19348200ns          368594 1c008fcc 00070763 beq              x14, x0, 14         x14:00000023
19348221ns          368595 1c008fce 00f00533 add              x10, x0, x15        x10=1c000140 x15:1c000140
19348241ns          368596 1c008fd0 0017c70b p.lbu            x14, 1(x15!)        x14=00000030 x15=1c000141 x15:1c000140  PA:1c000140
19348562ns          368612 1c008fd4 feb71ce3 bne              x14, x11, -8        x14:00000030 x11:00000064
19348622ns          368615 1c008fcc 00070763 beq              x14, x0, 14         x14:00000030
19348642ns          368616 1c008fce 00f00533 add              x10, x0, x15        x10=1c000141 x15:1c000141
19348662ns          368617 1c008fd0 0017c70b p.lbu            x14, 1(x15!)        x14=00000000 x15=1c000142 x15:1c000141  PA:1c000141
19348983ns          368633 1c008fd4 feb71ce3 bne              x14, x11, -8        x14:00000000 x11:00000064
19349043ns          368636 1c008fcc 00070763 beq              x14, x0, 14         x14:00000000
19349123ns          368640 1c008fda 0015b593 sltiu            x11, x11, 1         x11=00000000 x11:00000064
19349144ns          368641 1c008fde 40b005b3 sub              x11, x0, x11        x11=00000000 x11:00000000
19349164ns          368642 1c008fe2 00b57533 and              x10, x10, x11       x10=00000000 x10:1c000141 x11:00000000
19349184ns          368643 1c008fe4 00008067 jalr             x0, x1, 0            x1:1c00919e
19349224ns          368645 1c00919e 02050a63 beq              x10, x0, 52         x10:00000000
19349364ns          368652 1c0091d2 02a00613 addi             x12, x0, 42         x12=0000002a
19349384ns          368653 1c0091d6 2ac48663 beq              x9, x12, 684         x9:00000064 x12:0000002a
19349404ns          368654 1c0091da fd048613 addi             x12, x9, -48        x12=00000034  x9:00000064
19349424ns          368655 1c0091de 00900593 addi             x11, x0, 9          x11=00000009
19349465ns          368657 1c0091e0 00000913 addi             x18, x0, 0          x18=00000000
19349505ns          368659 1c0091e2 28c5f063 bgeu             x11, x12, 640       x11:00000009 x12:00000034
19349525ns          368660 1c0091e6 02e00693 addi             x13, x0, 46         x13=0000002e
19349545ns          368661 1c0091ea fff00a13 addi             x20, x0, -1         x20=ffffffff
19349565ns          368662 1c0091ec 2ed48363 beq              x9, x13, 742         x9:00000064 x13:0000002e
19349605ns          368664 1c0091f0 1c0007b7 lui              x15, 0x1c000000     x15=1c000000
19349645ns          368666 1c0091f4 009005b3 add              x11, x0, x9         x11=00000064  x9:00000064
19349665ns          368667 1c0091f6 14478513 addi             x10, x15, 324       x10=1c000144 x15:1c000000
19349685ns          368668 1c0091fa dbfff0ef jal              x1, -578             x1=1c0091fc
19349786ns          368673 1c008fb8 00054783 lbu              x15, 0(x10)         x15=00000068 x10:1c000144  PA:1c000144
19350087ns          368688 1c008fbc 0ff5f593 andi             x11, x11, 255       x11=00000064 x11:00000064
19350107ns          368689 1c008fc0 00b78c63 beq              x15, x11, 24        x15:00000068 x11:00000064
19350127ns          368690 1c008fc4 00078b63 beq              x15, x0, 22         x15:00000068
19350147ns          368691 1c008fc6 00150793 addi             x15, x10, 1         x15=1c000145 x10:1c000144
19350167ns          368692 1c008fca 0040006f jal              x0, 4              
19350207ns          368694 1c008fce 00f00533 add              x10, x0, x15        x10=1c000145 x15:1c000145
19350227ns          368695 1c008fd0 0017c70b p.lbu            x14, 1(x15!)        x14=0000006c x15=1c000146 x15:1c000145  PA:1c000145
19350548ns          368711 1c008fd4 feb71ce3 bne              x14, x11, -8        x14:0000006c x11:00000064
19350608ns          368714 1c008fcc 00070763 beq              x14, x0, 14         x14:0000006c
19350628ns          368715 1c008fce 00f00533 add              x10, x0, x15        x10=1c000146 x15:1c000146
19350648ns          368716 1c008fd0 0017c70b p.lbu            x14, 1(x15!)        x14=0000004c x15=1c000147 x15:1c000146  PA:1c000146
19350969ns          368732 1c008fd4 feb71ce3 bne              x14, x11, -8        x14:0000004c x11:00000064
19351030ns          368735 1c008fcc 00070763 beq              x14, x0, 14         x14:0000004c
19351050ns          368736 1c008fce 00f00533 add              x10, x0, x15        x10=1c000147 x15:1c000147
19351070ns          368737 1c008fd0 0017c70b p.lbu            x14, 1(x15!)        x14=0000007a x15=1c000148 x15:1c000147  PA:1c000147
19351391ns          368753 1c008fd4 feb71ce3 bne              x14, x11, -8        x14:0000007a x11:00000064
19351451ns          368756 1c008fcc 00070763 beq              x14, x0, 14         x14:0000007a
19351471ns          368757 1c008fce 00f00533 add              x10, x0, x15        x10=1c000148 x15:1c000148
19351491ns          368758 1c008fd0 0017c70b p.lbu            x14, 1(x15!)        x14=00000000 x15=1c000149 x15:1c000148  PA:1c000148
19351812ns          368774 1c008fd4 feb71ce3 bne              x14, x11, -8        x14:00000000 x11:00000064
19351872ns          368777 1c008fcc 00070763 beq              x14, x0, 14         x14:00000000
19351953ns          368781 1c008fda 0015b593 sltiu            x11, x11, 1         x11=00000000 x11:00000064
19351973ns          368782 1c008fde 40b005b3 sub              x11, x0, x11        x11=00000000 x11:00000000
19351993ns          368783 1c008fe2 00b57533 and              x10, x10, x11       x10=00000000 x10:1c000148 x11:00000000
19352013ns          368784 1c008fe4 00008067 jalr             x0, x1, 0            x1:1c0091fc
19352053ns          368786 1c0091fc 01300433 add              x8, x0, x19          x8=1c00010d x19:1c00010d
19352073ns          368787 1c0091fe 00050563 beq              x10, x0, 10         x10:00000000
19352133ns          368790 1c009208 06700693 addi             x13, x0, 103        x13=00000067
19352153ns          368791 1c00920c 2896d963 bge              x13, x9, 658        x13:00000067  x9:00000064
19352755ns          368821 1c00949e 06500693 addi             x13, x0, 101        x13=00000065
19352795ns          368823 1c0094a2 12d4d563 bge              x9, x13, 298         x9:00000064 x13:00000065
19352815ns          368824 1c0094a6 04700693 addi             x13, x0, 71         x13=00000047
19352836ns          368825 1c0094aa dc96cbe3 blt              x13, x9, -554       x13:00000047  x9:00000064
19352976ns          368832 1c009280 06300693 addi             x13, x0, 99         x13=00000063
19353016ns          368834 1c009284 0ad488e3 beq              x9, x13, 2224        x9:00000064 x13:00000063
19353036ns          368835 1c009288 0096c9e3 blt              x13, x9, 2066       x13:00000063  x9:00000064
19353237ns          368845 1c009a9a 000c2583 lw               x11, 0(x24)         x11=00000002 x24:1000162c  PA:1000162c
19353257ns          368846 1c009a9e 004c0c13 addi             x24, x24, 4         x24=10001630 x24:1000162c
19353297ns          368848 1c009aa0 3405cc63 blt              x11, x0, 856        x11:00000002
19353337ns          368850 1c009aa4 01412603 lw               x12, 20(x2)         x12=00000000  x2:100014d8  PA:100014ec
19353357ns          368851 1c009aa6 00b006b3 add              x13, x0, x11        x13=00000002 x11:00000002
19353377ns          368852 1c009aa8 2e061863 bne              x12, x0, 752        x12:00000000
19353397ns          368853 1c009aac 01812703 lw               x14, 24(x2)         x14=00000000  x2:100014d8  PA:100014f0
19353417ns          368854 1c009aae 019007b3 add              x15, x0, x25        x15=100014fc x25:100014fc
19353438ns          368855 1c009ab0 00070763 beq              x14, x0, 14         x14:00000000
19353498ns          368858 1c009abe 00f00733 add              x14, x0, x15        x14=100014fc x15:100014fc
19353558ns          368861 1c009ac0 00a00513 addi             x10, x0, 10         x10=0000000a
19353598ns          368863 1c009ac2 02a6f633 remu             x12, x13, x10       x12=00000002 x13:00000002 x10:0000000a
19354220ns          368894 1c009ac6 02a6d6b3 divu             x13, x13, x10       x13=00000000 x13:00000002 x10:0000000a
19354842ns          368925 1c009aca 03060613 addi             x12, x12, 48        x12=00000032 x12:00000002
19354862ns          368926 1c009ace 00c700ab p.sb             x12, 1(x14!)        x14=100014fd x12:00000032 x14:100014fc  PA:100014fc
19354882ns          368927 1c009ad2 fe0698e3 bne              x13, x0, -16        x13:00000000
19354902ns          368928 1c009ad4 40f706b3 sub              x13, x14, x15       x13=00000001 x14:100014fd x15:100014fc
19354922ns          368929 1c009ad8 0146dc63 bge              x13, x20, 24        x13:00000001 x20:ffffffff
19355384ns          368952 1c009af0 00e006b3 add              x13, x0, x14        x13=100014fd x14:100014fd
19355424ns          368954 1c009af2 fe068fab p.sb             x0, -1(x13!)        x13=100014fc x13:100014fd  PA:100014fd
19355444ns          368955 1c009af6 00d7fc63 bgeu             x15, x13, 24        x15:100014fc x13:100014fc
19355564ns          368961 1c009b0e 01412783 lw               x15, 20(x2)         x15=00000000  x2:100014d8  PA:100014ec
19355625ns          368964 1c009b10 01812603 lw               x12, 24(x2)         x12=00000000  x2:100014d8  PA:100014f0
19355665ns          368966 1c009b12 419704b3 sub              x9, x14, x25         x9=00000001 x14:100014fd x25:100014fc
19355685ns          368967 1c009b16 00c7e7b3 or               x15, x15, x12       x15=00000000 x15:00000000 x12:00000000
19355705ns          368968 1c009b18 00f12623 sw               x15, 12(x2)         x15:00000000  x2:100014d8  PA:100014e4
19355725ns          368969 1c009b1a 00079363 bne              x15, x0, 6          x15:00000000
19355745ns          368970 1c009b1c 01f5d593 srli             x11, x11, 0x1f      x11=00000000 x11:00000002
19355765ns          368971 1c009b1e 00b12623 sw               x11, 12(x2)         x11:00000000  x2:100014d8  PA:100014e4
19355805ns          368973 1c009b20 e3fa28e3 p.beqimm         x20, -464           x20:ffffffff
19355906ns          368978 1c009950 0c800793 addi             x15, x0, 200        x15=000000c8
19355946ns          368980 1c009954 9e97d0e3 bge              x15, x9, -1568      x15:000000c8  x9:00000001
19356407ns          369003 1c009334 0f24d163 bge              x9, x18, 226         x9:00000001 x18:00000000
19356548ns          369010 1c009416 d00482e3 beq              x9, x0, -764         x9:00000001
19356568ns          369011 1c00941a 01900933 add              x18, x0, x25        x18=100014fc x25:100014fc
19356588ns          369012 1c00941c 419d8db3 sub              x27, x27, x25       x27=efffeb1b x27:00000017 x25:100014fc
19356628ns          369014 1c009420 00a0006f jal              x0, 10             
19356688ns          369017 1c00942a 0019450b p.lbu            x10, 1(x18!)        x10=00000032 x18=100014fd x18:100014fc  PA:100014fc
19356708ns          369018 1c00942e 01a005b3 add              x11, x0, x26        x11=00000002 x26:00000002
19356748ns          369020 1c009430 000b00e7 jalr             x1, x22, 0           x1=1c009432 x22:1c009038
19356788ns          369022 1c009038 000026b7 lui              x13, 0x2000         x13=00002000
19356808ns          369023 1c00903a f14027f3 csrrs            x15, x0, 0xf14      x15=00000002
19356829ns          369024 1c00903e f8068693 addi             x13, x13, -128      x13=00001f80 x13:00002000
19356849ns          369025 1c009042 00379713 slli             x14, x15, 0x3       x14=00000010 x15:00000002
19356869ns          369026 1c009046 00279793 slli             x15, x15, 0x2       x15=00000008 x15:00000002
19356889ns          369027 1c009048 00d7f7b3 and              x15, x15, x13       x15=00000000 x15:00000008 x13:00001f80
19356909ns          369028 1c00904a ee873733 p.bclr           x14, x14, 23, 8     x14=00000010 x14:00000010
19356949ns          369030 1c00904e 1a10f6b7 lui              x13, 0x1a10f000     x13=1a10f000
19356989ns          369032 1c009052 0ff57513 andi             x10, x10, 255       x10=00000032 x10:00000032
19357009ns          369033 1c009056 00d70733 add              x14, x14, x13       x14=1a10f010 x14:00000010 x13:1a10f000
19357029ns          369034 1c009058 00a7e723 p.sw             x10, x0(x15)        x10:00000032 x15:00000000  PA:1a10f010
19357350ns          369050 1c00905c 00000513 addi             x10, x0, 0          x10=00000000
19357370ns          369051 1c00905e 00008067 jalr             x0, x1, 0            x1:1c009432
19357410ns          369053 1c009432 fff48493 addi             x9, x9, -1           x9=00000000  x9:00000001
19357431ns          369054 1c009434 fff537e3 p.bneimm         x10, -18            x10:00000000
19357511ns          369058 1c009422 012d8733 add              x14, x27, x18       x14=00000018 x27:efffeb1b x18:100014fd
19357531ns          369059 1c009426 5a048b63 beq              x9, x0, 1462         x9:00000000
19357631ns          369064 1c0099dc 00e00db3 add              x27, x0, x14        x27=00000018 x14:00000018
19357711ns          369068 1c0099de f3cff06f jal              x0, -2244          
19357852ns          369075 1c00911a 00044503 lbu              x10, 0(x8)          x10=0000000a  x8:1c00010d  PA:1c00010d
19358153ns          369090 1c00911e 00140413 addi             x8, x8, 1            x8=1c00010e  x8:1c00010d
19358173ns          369091 1c009120 00050e63 beq              x10, x0, 28         x10:0000000a
19358193ns          369092 1c009122 02500793 addi             x15, x0, 37         x15=00000025
19358213ns          369093 1c009126 04f50863 beq              x10, x15, 80        x10:0000000a x15:00000025
19358233ns          369094 1c00912a 01a005b3 add              x11, x0, x26        x11=00000002 x26:00000002
19358253ns          369095 1c00912c 000b00e7 jalr             x1, x22, 0           x1=1c00912e x22:1c009038
19358374ns          369101 1c009038 000026b7 lui              x13, 0x2000         x13=00002000
19358414ns          369103 1c00903a f14027f3 csrrs            x15, x0, 0xf14      x15=00000002
19358434ns          369104 1c00903e f8068693 addi             x13, x13, -128      x13=00001f80 x13:00002000
19358454ns          369105 1c009042 00379713 slli             x14, x15, 0x3       x14=00000010 x15:00000002
19358474ns          369106 1c009046 00279793 slli             x15, x15, 0x2       x15=00000008 x15:00000002
19358494ns          369107 1c009048 00d7f7b3 and              x15, x15, x13       x15=00000000 x15:00000008 x13:00001f80
19358514ns          369108 1c00904a ee873733 p.bclr           x14, x14, 23, 8     x14=00000010 x14:00000010
19358534ns          369109 1c00904e 1a10f6b7 lui              x13, 0x1a10f000     x13=1a10f000
19358554ns          369110 1c009052 0ff57513 andi             x10, x10, 255       x10=0000000a x10:0000000a
19358574ns          369111 1c009056 00d70733 add              x14, x14, x13       x14=1a10f010 x14:00000010 x13:1a10f000
19358594ns          369112 1c009058 00a7e723 p.sw             x10, x0(x15)        x10:0000000a x15:00000000  PA:1a10f010
19358915ns          369128 1c00905c 00000513 addi             x10, x0, 0          x10=00000000
19358935ns          369129 1c00905e 00008067 jalr             x0, x1, 0            x1:1c00912e
19358996ns          369132 1c00912e 31f52563 p.beqimm         x10, 778            x10:00000000
19359016ns          369133 1c009132 001d8d93 addi             x27, x27, 1         x27=00000019 x27:00000018
19359036ns          369134 1c009134 00044503 lbu              x10, 0(x8)          x10=00000000  x8:1c00010e  PA:1c00010e
19359337ns          369149 1c009138 00140413 addi             x8, x8, 1            x8=1c00010f  x8:1c00010e
19359357ns          369150 1c00913a fe0514e3 bne              x10, x0, -24        x10:00000000
19359377ns          369151 1c00913c 01b00433 add              x8, x0, x27          x8=00000019 x27:00000019
19359397ns          369152 1c00913e 00800533 add              x10, x0, x8         x10=00000019  x8:00000019
19359417ns          369153 1c009140 12c12083 lw               x1, 300(x2)          x1=1c0090cc  x2:100014d8  PA:10001604
19359437ns          369154 1c009144 12812403 lw               x8, 296(x2)          x8=00000001  x2:100014d8  PA:10001600
19359457ns          369155 1c009148 12412483 lw               x9, 292(x2)          x9=xxxxxxxx  x2:100014d8  PA:100015fc
19359477ns          369156 1c00914c 12012903 lw               x18, 288(x2)        x18=xxxxxxxx  x2:100014d8  PA:100015f8
19359919ns          369178 1c009150 11c12983 lw               x19, 284(x2)        x19=xxxxxxxx  x2:100014d8  PA:100015f4
19359959ns          369180 1c009154 11812a03 lw               x20, 280(x2)        x20=xxxxxxxx  x2:100014d8  PA:100015f0
19359979ns          369181 1c009158 11412a83 lw               x21, 276(x2)        x21=xxxxxxxx  x2:100014d8  PA:100015ec
19359999ns          369182 1c00915c 11012b03 lw               x22, 272(x2)        x22=xxxxxxxx  x2:100014d8  PA:100015e8
19360059ns          369185 1c009160 10c12b83 lw               x23, 268(x2)        x23=xxxxxxxx  x2:100014d8  PA:100015e4
19360099ns          369187 1c009164 10812c03 lw               x24, 264(x2)        x24=xxxxxxxx  x2:100014d8  PA:100015e0
19360119ns          369188 1c009168 10412c83 lw               x25, 260(x2)        x25=xxxxxxxx  x2:100014d8  PA:100015dc
19360139ns          369189 1c00916c 10012d03 lw               x26, 256(x2)        x26=xxxxxxxx  x2:100014d8  PA:100015d8
19360159ns          369190 1c009170 0fc12d83 lw               x27, 252(x2)        x27=xxxxxxxx  x2:100014d8  PA:100015d4
19360179ns          369191 1c009172 13010113 addi             x2, x2, 304          x2=10001608  x2:100014d8
19360200ns          369192 1c009174 00008067 jalr             x0, x1, 0            x1:1c0090cc
19360240ns          369194 1c0090cc 01c12083 lw               x1, 28(x2)           x1=1c008a94  x2:10001608  PA:10001624
19360260ns          369195 1c0090ce 04010113 addi             x2, x2, 64           x2=10001648  x2:10001608
19360300ns          369197 1c0090d0 00008067 jalr             x0, x1, 0            x1:1c008a94
19360420ns          369203 1c008a94 00143513 sltiu            x10, x8, 1          x10=00000000  x8:00000001
19360460ns          369205 1c008a98 1ac12083 lw               x1, 428(x2)          x1=1c00a36a  x2:10001648  PA:100017f4
19360480ns          369206 1c008a9c 1a812403 lw               x8, 424(x2)          x8=xxxxxxxx  x2:10001648  PA:100017f0
19360922ns          369228 1c008aa0 1b010113 addi             x2, x2, 432          x2=100017f8  x2:10001648
19360942ns          369229 1c008aa2 00008067 jalr             x0, x1, 0            x1:1c00a36a
19361082ns          369236 1c00a36a f14027f3 csrrs            x15, x0, 0xf14      x15=00000002
19361143ns          369239 1c00a36e f457b7b3 p.bclr           x15, x15, 26, 5     x15=00000002 x15:00000002
19361163ns          369240 1c00a372 00079963 bne              x15, x0, 18         x15:00000002
19361644ns          369264 1c00a384 002047b7 lui              x15, 0x204000       x15=00204000
19361684ns          369266 1c00a388 fff00713 addi             x14, x0, -1         x14=ffffffff
19361704ns          369267 1c00a38a 00e7a223 sw               x14, 4(x15)         x14:ffffffff x15:00204000  PA:00204004
