                Time          Cycles PC       Instr    Mnemonic
17858996ns          293992 1c008080 0640006f jal              x0, 100            
17859453ns          294015 1c0080e4 f1402573 csrrs            x10, x0, 0xf14      x10=00000001
17859493ns          294017 1c0080e8 01f57593 andi             x11, x10, 31        x11=00000001 x10:00000001
17859513ns          294018 1c0080ec 00555513 srli             x10, x10, 0x5       x10=00000000 x10:00000001
17859533ns          294019 1c0080ee 01f00613 addi             x12, x0, 31         x12=0000001f
17859951ns          294040 1c0080f0 00c50463 beq              x10, x12, 8         x10:00000000 x12:0000001f
17859990ns          294042 1c0080f4 fa1ff06f jal              x0, -96            
17860468ns          294066 1c008094 f3ff8117 auipc            x2, 0xf3ff8000       x2=10000094
17860507ns          294068 1c008098 f7010113 addi             x2, x2, -144         x2=10000004  x2:10000094
17860527ns          294069 1c00809c 00012103 lw               x2, 0(x2)            x2=10000008  x2:10000004  PA:10000004
17860965ns          294091 1c0080a0 000011b7 lui              x3, 0x1000           x3=00001000
17861005ns          294093 1c0080a4 80018193 addi             x3, x3, -2048        x3=00000800  x3:00001000
17861025ns          294094 1c0080a8 00158593 addi             x11, x11, 1         x11=00000002 x11:00000001
17861045ns          294095 1c0080ac 02b180b3 mul              x1, x3, x11          x1=00001000  x3:00000800 x11:00000002
17861482ns          294117 1c0080b0 00110133 add              x2, x2, x1           x2=10001008  x2:10000008  x1:00001000
17861522ns          294119 1c0080b4 2900206f jal              x0, 8848           
17861979ns          294142 1c00a344 ff010113 addi             x2, x2, -16          x2=10000ff8  x2:10001008
17861999ns          294143 1c00a346 00112623 sw               x1, 12(x2)           x1:00001000  x2:10000ff8  PA:10001004
17862019ns          294144 1c00a348 002047b7 lui              x15, 0x204000       x15=00204000
17862039ns          294145 1c00a34c 00070737 lui              x14, 0x70000        x14=00070000
17862477ns          294167 1c00a350 00e7a423 sw               x14, 8(x15)         x14:00070000 x15:00204000  PA:00204008
17862497ns          294168 1c00a352 00f00713 addi             x14, x0, 15         x14=0000000f
17862516ns          294169 1c00a354 20078793 addi             x15, x15, 512       x15=00204200 x15:00204000
17862536ns          294170 1c00a358 00e7a023 sw               x14, 0(x15)         x14:0000000f x15:00204200  PA:00204200
17862556ns          294171 1c00a35c 00e7a623 sw               x14, 12(x15)        x14:0000000f x15:00204200  PA:0020420c
17862994ns          294193 1c00a360 1c0017b7 lui              x15, 0x1c001000     x15=1c001000
17863034ns          294195 1c00a364 ad47a783 lw               x15, -1324(x15)     x15=1c00870a x15:1c001000  PA:1c000ad4
17863372ns          294212 1c00a368 000780e7 jalr             x1, x15, 0           x1=1c00a36a x15:1c00870a
17863988ns          294243 1c00870a e5010113 addi             x2, x2, -432         x2=10000e48  x2:10000ff8
17864028ns          294245 1c00870c 1a812423 sw               x8, 424(x2)          x8:xxxxxxxx  x2:10000e48  PA:10000ff0
17864486ns          294268 1c008710 1a112623 sw               x1, 428(x2)          x1:1c00a36a  x2:10000e48  PA:10000ff4
17864525ns          294270 1c008714 f1402473 csrrs            x8, x0, 0xf14        x8=00000001
17864545ns          294271 1c008718 ca5417b3 p.extractu       x15, x8, 5, 5       x15=00000000  x8:00000001
17864565ns          294272 1c00871c 3a079663 bne              x15, x0, 940        x15:00000000
17865003ns          294294 1c008720 f4543433 p.bclr           x8, x8, 26, 5        x8=00000001  x8:00000001
17865043ns          294296 1c008724 1c000537 lui              x10, 0x1c000000     x10=1c000000
17865062ns          294297 1c008728 00800633 add              x12, x0, x8         x12=00000001  x8:00000001
17865082ns          294298 1c00872a 00100593 addi             x11, x0, 1          x11=00000001
17865102ns          294299 1c00872c 08050513 addi             x10, x10, 128       x10=1c000080 x10:1c000000
17865520ns          294320 1c008730 175000ef jal              x1, 2420             x1=1c008734
17865977ns          294343 1c0090a4 fc010113 addi             x2, x2, -64          x2=10000e08  x2:10000e48
17866017ns          294345 1c0090a6 02410313 addi             x6, x2, 36           x6=10000e2c  x2:10000e08
17866037ns          294346 1c0090aa 02c12423 sw               x12, 40(x2)         x12:00000001  x2:10000e08  PA:10000e30
17866057ns          294347 1c0090ac 00a00633 add              x12, x0, x10        x12=1c000080 x10:1c000080
17866475ns          294368 1c0090ae 1c009537 lui              x10, 0x1c009000     x10=1c009000
17866495ns          294369 1c0090b2 02b12223 sw               x11, 36(x2)         x11:00000001  x2:10000e08  PA:10000e2c
17866514ns          294370 1c0090b4 02d12623 sw               x13, 44(x2)         x13:xxxxxxxx  x2:10000e08  PA:10000e34
17866534ns          294371 1c0090b6 00200593 addi             x11, x0, 2          x11=00000002
17866554ns          294372 1c0090b8 006006b3 add              x13, x0, x6         x13=10000e2c  x6:10000e2c
17866574ns          294373 1c0090ba 03850513 addi             x10, x10, 56        x10=1c009038 x10:1c009000
17866594ns          294374 1c0090be 00112e23 sw               x1, 28(x2)           x1:1c008734  x2:10000e08  PA:10000e24
17866992ns          294394 1c0090c0 02e12823 sw               x14, 48(x2)         x14:0000000f  x2:10000e08  PA:10000e38
17867012ns          294395 1c0090c2 02f12a23 sw               x15, 52(x2)         x15:00000000  x2:10000e08  PA:10000e3c
17867032ns          294396 1c0090c4 03012c23 sw               x16, 56(x2)         x16:xxxxxxxx  x2:10000e08  PA:10000e40
17867052ns          294397 1c0090c6 03112e23 sw               x17, 60(x2)         x17:xxxxxxxx  x2:10000e08  PA:10000e44
17867071ns          294398 1c0090c8 00612623 sw               x6, 12(x2)           x6:10000e2c  x2:10000e08  PA:10000e14
17867091ns          294399 1c0090ca fbfff0ef jal              x1, -66              x1=1c0090cc
17867966ns          294443 1c009088 04a0006f jal              x0, 74             
17868006ns          294445 1c0090d2 ed010113 addi             x2, x2, -304         x2=10000cd8  x2:10000e08
17868026ns          294446 1c0090d4 12812423 sw               x8, 296(x2)          x8:00000001  x2:10000cd8  PA:10000e00
17868046ns          294447 1c0090d8 00000413 addi             x8, x0, 0            x8=00000000
17868066ns          294448 1c0090da 11612823 sw               x22, 272(x2)        x22:xxxxxxxx  x2:10000cd8  PA:10000de8
17868523ns          294471 1c0090de 11712623 sw               x23, 268(x2)        x23:xxxxxxxx  x2:10000cd8  PA:10000de4
17868563ns          294473 1c0090e2 11812423 sw               x24, 264(x2)        x24:xxxxxxxx  x2:10000cd8  PA:10000de0
17868583ns          294474 1c0090e6 11912223 sw               x25, 260(x2)        x25:xxxxxxxx  x2:10000cd8  PA:10000ddc
17868603ns          294475 1c0090ea 11a12023 sw               x26, 256(x2)        x26:xxxxxxxx  x2:10000cd8  PA:10000dd8
17868623ns          294476 1c0090ee 0fb12e23 sw               x27, 252(x2)        x27:xxxxxxxx  x2:10000cd8  PA:10000dd4
17869041ns          294497 1c0090f0 12112623 sw               x1, 300(x2)          x1:1c0090cc  x2:10000cd8  PA:10000e04
17869080ns          294499 1c0090f4 00800db3 add              x27, x0, x8         x27=00000000  x8:00000000
17869100ns          294500 1c0090f6 12912223 sw               x9, 292(x2)          x9:xxxxxxxx  x2:10000cd8  PA:10000dfc
17869120ns          294501 1c0090fa 13212023 sw               x18, 288(x2)        x18:xxxxxxxx  x2:10000cd8  PA:10000df8
17869558ns          294523 1c0090fe 11312e23 sw               x19, 284(x2)        x19:xxxxxxxx  x2:10000cd8  PA:10000df4
17869598ns          294525 1c009102 11412c23 sw               x20, 280(x2)        x20:xxxxxxxx  x2:10000cd8  PA:10000df0
17869617ns          294526 1c009106 11512a23 sw               x21, 276(x2)        x21:xxxxxxxx  x2:10000cd8  PA:10000dec
17869637ns          294527 1c00910a 00a00b33 add              x22, x0, x10        x22=1c009038 x10:1c009038
17869657ns          294528 1c00910c 00b00d33 add              x26, x0, x11        x26=00000002 x11:00000002
17869677ns          294529 1c00910e 00d00c33 add              x24, x0, x13        x24=10000e2c x13:10000e2c
17870075ns          294549 1c009110 1c000bb7 lui              x23, 0x1c000000     x23=1c000000
17870115ns          294551 1c009114 02410c93 addi             x25, x2, 36         x25=10000cfc  x2:10000cd8
17870135ns          294552 1c009118 00c00433 add              x8, x0, x12          x8=1c000080 x12:1c000080
17870154ns          294553 1c00911a 00044503 lbu              x10, 0(x8)          x10=00000073  x8:1c000080  PA:1c000080
17870572ns          294574 1c00911e 00140413 addi             x8, x8, 1            x8=1c000081  x8:1c000080
17870592ns          294575 1c009120 00050e63 beq              x10, x0, 28         x10:00000073
17870632ns          294577 1c009122 02500793 addi             x15, x0, 37         x15=00000025
17870652ns          294578 1c009126 04f50863 beq              x10, x15, 80        x10:00000073 x15:00000025
17870672ns          294579 1c00912a 01a005b3 add              x11, x0, x26        x11=00000002 x26:00000002
17870692ns          294580 1c00912c 000b00e7 jalr             x1, x22, 0           x1=1c00912e x22:1c009038
17871626ns          294627 1c009038 000026b7 lui              x13, 0x2000         x13=00002000
17871666ns          294629 1c00903a f14027f3 csrrs            x15, x0, 0xf14      x15=00000001
17872104ns          294651 1c00903e f8068693 addi             x13, x13, -128      x13=00001f80 x13:00002000
17872144ns          294653 1c009042 00379713 slli             x14, x15, 0x3       x14=00000008 x15:00000001
17872163ns          294654 1c009046 00279793 slli             x15, x15, 0x2       x15=00000004 x15:00000001
17872183ns          294655 1c009048 00d7f7b3 and              x15, x15, x13       x15=00000000 x15:00000004 x13:00001f80
17872203ns          294656 1c00904a ee873733 p.bclr           x14, x14, 23, 8     x14=00000008 x14:00000008
17872621ns          294677 1c00904e 1a10f6b7 lui              x13, 0x1a10f000     x13=1a10f000
17872661ns          294679 1c009052 0ff57513 andi             x10, x10, 255       x10=00000073 x10:00000073
17872681ns          294680 1c009056 00d70733 add              x14, x14, x13       x14=1a10f008 x14:00000008 x13:1a10f000
17872700ns          294681 1c009058 00a7e723 p.sw             x10, x0(x15)        x10:00000073 x15:00000000  PA:1a10f008
17873059ns          294699 1c00905c 00000513 addi             x10, x0, 0          x10=00000000
17873078ns          294700 1c00905e 00008067 jalr             x0, x1, 0            x1:1c00912e
17873238ns          294708 1c00912e 31f52563 p.beqimm         x10, 778            x10:00000000
17873257ns          294709 1c009132 001d8d93 addi             x27, x27, 1         x27=00000001 x27:00000000
17873277ns          294710 1c009134 00044503 lbu              x10, 0(x8)          x10=00000074  x8:1c000081  PA:1c000081
17873576ns          294725 1c009138 00140413 addi             x8, x8, 1            x8=1c000082  x8:1c000081
17873596ns          294726 1c00913a fe0514e3 bne              x10, x0, -24        x10:00000074
17873854ns          294739 1c009122 02500793 addi             x15, x0, 37         x15=00000025
17873874ns          294740 1c009126 04f50863 beq              x10, x15, 80        x10:00000074 x15:00000025
17873894ns          294741 1c00912a 01a005b3 add              x11, x0, x26        x11=00000002 x26:00000002
17873914ns          294742 1c00912c 000b00e7 jalr             x1, x22, 0           x1=1c00912e x22:1c009038
17873954ns          294744 1c009038 000026b7 lui              x13, 0x2000         x13=00002000
17873973ns          294745 1c00903a f14027f3 csrrs            x15, x0, 0xf14      x15=00000001
17873993ns          294746 1c00903e f8068693 addi             x13, x13, -128      x13=00001f80 x13:00002000
17874013ns          294747 1c009042 00379713 slli             x14, x15, 0x3       x14=00000008 x15:00000001
17874033ns          294748 1c009046 00279793 slli             x15, x15, 0x2       x15=00000004 x15:00000001
17874053ns          294749 1c009048 00d7f7b3 and              x15, x15, x13       x15=00000000 x15:00000004 x13:00001f80
17874073ns          294750 1c00904a ee873733 p.bclr           x14, x14, 23, 8     x14=00000008 x14:00000008
17874093ns          294751 1c00904e 1a10f6b7 lui              x13, 0x1a10f000     x13=1a10f000
17874113ns          294752 1c009052 0ff57513 andi             x10, x10, 255       x10=00000074 x10:00000074
17874133ns          294753 1c009056 00d70733 add              x14, x14, x13       x14=1a10f008 x14:00000008 x13:1a10f000
17874153ns          294754 1c009058 00a7e723 p.sw             x10, x0(x15)        x10:00000074 x15:00000000  PA:1a10f008
17874511ns          294772 1c00905c 00000513 addi             x10, x0, 0          x10=00000000
17874530ns          294773 1c00905e 00008067 jalr             x0, x1, 0            x1:1c00912e
17874590ns          294776 1c00912e 31f52563 p.beqimm         x10, 778            x10:00000000
17874610ns          294777 1c009132 001d8d93 addi             x27, x27, 1         x27=00000002 x27:00000001
17874630ns          294778 1c009134 00044503 lbu              x10, 0(x8)          x10=00000061  x8:1c000082  PA:1c000082
17874928ns          294793 1c009138 00140413 addi             x8, x8, 1            x8=1c000083  x8:1c000082
17874948ns          294794 1c00913a fe0514e3 bne              x10, x0, -24        x10:00000061
17875028ns          294798 1c009122 02500793 addi             x15, x0, 37         x15=00000025
17875048ns          294799 1c009126 04f50863 beq              x10, x15, 80        x10:00000061 x15:00000025
17875067ns          294800 1c00912a 01a005b3 add              x11, x0, x26        x11=00000002 x26:00000002
17875087ns          294801 1c00912c 000b00e7 jalr             x1, x22, 0           x1=1c00912e x22:1c009038
17875127ns          294803 1c009038 000026b7 lui              x13, 0x2000         x13=00002000
17875147ns          294804 1c00903a f14027f3 csrrs            x15, x0, 0xf14      x15=00000001
17875167ns          294805 1c00903e f8068693 addi             x13, x13, -128      x13=00001f80 x13:00002000
17875187ns          294806 1c009042 00379713 slli             x14, x15, 0x3       x14=00000008 x15:00000001
17875207ns          294807 1c009046 00279793 slli             x15, x15, 0x2       x15=00000004 x15:00000001
17875227ns          294808 1c009048 00d7f7b3 and              x15, x15, x13       x15=00000000 x15:00000004 x13:00001f80
17875246ns          294809 1c00904a ee873733 p.bclr           x14, x14, 23, 8     x14=00000008 x14:00000008
17875266ns          294810 1c00904e 1a10f6b7 lui              x13, 0x1a10f000     x13=1a10f000
17875286ns          294811 1c009052 0ff57513 andi             x10, x10, 255       x10=00000061 x10:00000061
17875306ns          294812 1c009056 00d70733 add              x14, x14, x13       x14=1a10f008 x14:00000008 x13:1a10f000
17875326ns          294813 1c009058 00a7e723 p.sw             x10, x0(x15)        x10:00000061 x15:00000000  PA:1a10f008
17875644ns          294829 1c00905c 00000513 addi             x10, x0, 0          x10=00000000
17875664ns          294830 1c00905e 00008067 jalr             x0, x1, 0            x1:1c00912e
17875724ns          294833 1c00912e 31f52563 p.beqimm         x10, 778            x10:00000000
17875744ns          294834 1c009132 001d8d93 addi             x27, x27, 1         x27=00000003 x27:00000002
17875764ns          294835 1c009134 00044503 lbu              x10, 0(x8)          x10=00000072  x8:1c000083  PA:1c000083
17876062ns          294850 1c009138 00140413 addi             x8, x8, 1            x8=1c000084  x8:1c000083
17876082ns          294851 1c00913a fe0514e3 bne              x10, x0, -24        x10:00000072
17876161ns          294855 1c009122 02500793 addi             x15, x0, 37         x15=00000025
17876181ns          294856 1c009126 04f50863 beq              x10, x15, 80        x10:00000072 x15:00000025
17876201ns          294857 1c00912a 01a005b3 add              x11, x0, x26        x11=00000002 x26:00000002
17876221ns          294858 1c00912c 000b00e7 jalr             x1, x22, 0           x1=1c00912e x22:1c009038
17876261ns          294860 1c009038 000026b7 lui              x13, 0x2000         x13=00002000
17876281ns          294861 1c00903a f14027f3 csrrs            x15, x0, 0xf14      x15=00000001
17876301ns          294862 1c00903e f8068693 addi             x13, x13, -128      x13=00001f80 x13:00002000
17876321ns          294863 1c009042 00379713 slli             x14, x15, 0x3       x14=00000008 x15:00000001
17876340ns          294864 1c009046 00279793 slli             x15, x15, 0x2       x15=00000004 x15:00000001
17876360ns          294865 1c009048 00d7f7b3 and              x15, x15, x13       x15=00000000 x15:00000004 x13:00001f80
17876380ns          294866 1c00904a ee873733 p.bclr           x14, x14, 23, 8     x14=00000008 x14:00000008
17876400ns          294867 1c00904e 1a10f6b7 lui              x13, 0x1a10f000     x13=1a10f000
17876420ns          294868 1c009052 0ff57513 andi             x10, x10, 255       x10=00000072 x10:00000072
17876440ns          294869 1c009056 00d70733 add              x14, x14, x13       x14=1a10f008 x14:00000008 x13:1a10f000
17876460ns          294870 1c009058 00a7e723 p.sw             x10, x0(x15)        x10:00000072 x15:00000000  PA:1a10f008
17876778ns          294886 1c00905c 00000513 addi             x10, x0, 0          x10=00000000
17876798ns          294887 1c00905e 00008067 jalr             x0, x1, 0            x1:1c00912e
17876858ns          294890 1c00912e 31f52563 p.beqimm         x10, 778            x10:00000000
17876878ns          294891 1c009132 001d8d93 addi             x27, x27, 1         x27=00000004 x27:00000003
17876897ns          294892 1c009134 00044503 lbu              x10, 0(x8)          x10=00000074  x8:1c000084  PA:1c000084
17877196ns          294907 1c009138 00140413 addi             x8, x8, 1            x8=1c000085  x8:1c000084
17877216ns          294908 1c00913a fe0514e3 bne              x10, x0, -24        x10:00000074
17877295ns          294912 1c009122 02500793 addi             x15, x0, 37         x15=00000025
17877315ns          294913 1c009126 04f50863 beq              x10, x15, 80        x10:00000074 x15:00000025
17877335ns          294914 1c00912a 01a005b3 add              x11, x0, x26        x11=00000002 x26:00000002
17877355ns          294915 1c00912c 000b00e7 jalr             x1, x22, 0           x1=1c00912e x22:1c009038
17877395ns          294917 1c009038 000026b7 lui              x13, 0x2000         x13=00002000
17877415ns          294918 1c00903a f14027f3 csrrs            x15, x0, 0xf14      x15=00000001
17877434ns          294919 1c00903e f8068693 addi             x13, x13, -128      x13=00001f80 x13:00002000
17877454ns          294920 1c009042 00379713 slli             x14, x15, 0x3       x14=00000008 x15:00000001
17877474ns          294921 1c009046 00279793 slli             x15, x15, 0x2       x15=00000004 x15:00000001
17877494ns          294922 1c009048 00d7f7b3 and              x15, x15, x13       x15=00000000 x15:00000004 x13:00001f80
17877514ns          294923 1c00904a ee873733 p.bclr           x14, x14, 23, 8     x14=00000008 x14:00000008
17877534ns          294924 1c00904e 1a10f6b7 lui              x13, 0x1a10f000     x13=1a10f000
17877554ns          294925 1c009052 0ff57513 andi             x10, x10, 255       x10=00000074 x10:00000074
17877574ns          294926 1c009056 00d70733 add              x14, x14, x13       x14=1a10f008 x14:00000008 x13:1a10f000
17877594ns          294927 1c009058 00a7e723 p.sw             x10, x0(x15)        x10:00000074 x15:00000000  PA:1a10f008
17877912ns          294943 1c00905c 00000513 addi             x10, x0, 0          x10=00000000
17877932ns          294944 1c00905e 00008067 jalr             x0, x1, 0            x1:1c00912e
17877991ns          294947 1c00912e 31f52563 p.beqimm         x10, 778            x10:00000000
17878011ns          294948 1c009132 001d8d93 addi             x27, x27, 1         x27=00000005 x27:00000004
17878031ns          294949 1c009134 00044503 lbu              x10, 0(x8)          x10=00000069  x8:1c000085  PA:1c000085
17878330ns          294964 1c009138 00140413 addi             x8, x8, 1            x8=1c000086  x8:1c000085
17878349ns          294965 1c00913a fe0514e3 bne              x10, x0, -24        x10:00000069
17878429ns          294969 1c009122 02500793 addi             x15, x0, 37         x15=00000025
17878449ns          294970 1c009126 04f50863 beq              x10, x15, 80        x10:00000069 x15:00000025
17878469ns          294971 1c00912a 01a005b3 add              x11, x0, x26        x11=00000002 x26:00000002
17878489ns          294972 1c00912c 000b00e7 jalr             x1, x22, 0           x1=1c00912e x22:1c009038
17878528ns          294974 1c009038 000026b7 lui              x13, 0x2000         x13=00002000
17878548ns          294975 1c00903a f14027f3 csrrs            x15, x0, 0xf14      x15=00000001
17878568ns          294976 1c00903e f8068693 addi             x13, x13, -128      x13=00001f80 x13:00002000
17878588ns          294977 1c009042 00379713 slli             x14, x15, 0x3       x14=00000008 x15:00000001
17878608ns          294978 1c009046 00279793 slli             x15, x15, 0x2       x15=00000004 x15:00000001
17878628ns          294979 1c009048 00d7f7b3 and              x15, x15, x13       x15=00000000 x15:00000004 x13:00001f80
17878648ns          294980 1c00904a ee873733 p.bclr           x14, x14, 23, 8     x14=00000008 x14:00000008
17878668ns          294981 1c00904e 1a10f6b7 lui              x13, 0x1a10f000     x13=1a10f000
17878688ns          294982 1c009052 0ff57513 andi             x10, x10, 255       x10=00000069 x10:00000069
17878707ns          294983 1c009056 00d70733 add              x14, x14, x13       x14=1a10f008 x14:00000008 x13:1a10f000
17878727ns          294984 1c009058 00a7e723 p.sw             x10, x0(x15)        x10:00000069 x15:00000000  PA:1a10f008
17879066ns          295001 1c00905c 00000513 addi             x10, x0, 0          x10=00000000
17879085ns          295002 1c00905e 00008067 jalr             x0, x1, 0            x1:1c00912e
17879145ns          295005 1c00912e 31f52563 p.beqimm         x10, 778            x10:00000000
17879165ns          295006 1c009132 001d8d93 addi             x27, x27, 1         x27=00000006 x27:00000005
17879185ns          295007 1c009134 00044503 lbu              x10, 0(x8)          x10=0000006e  x8:1c000086  PA:1c000086
17879483ns          295022 1c009138 00140413 addi             x8, x8, 1            x8=1c000087  x8:1c000086
17879503ns          295023 1c00913a fe0514e3 bne              x10, x0, -24        x10:0000006e
17879583ns          295027 1c009122 02500793 addi             x15, x0, 37         x15=00000025
17879603ns          295028 1c009126 04f50863 beq              x10, x15, 80        x10:0000006e x15:00000025
17879622ns          295029 1c00912a 01a005b3 add              x11, x0, x26        x11=00000002 x26:00000002
17879642ns          295030 1c00912c 000b00e7 jalr             x1, x22, 0           x1=1c00912e x22:1c009038
17879682ns          295032 1c009038 000026b7 lui              x13, 0x2000         x13=00002000
17879702ns          295033 1c00903a f14027f3 csrrs            x15, x0, 0xf14      x15=00000001
17879722ns          295034 1c00903e f8068693 addi             x13, x13, -128      x13=00001f80 x13:00002000
17879742ns          295035 1c009042 00379713 slli             x14, x15, 0x3       x14=00000008 x15:00000001
17879762ns          295036 1c009046 00279793 slli             x15, x15, 0x2       x15=00000004 x15:00000001
17879782ns          295037 1c009048 00d7f7b3 and              x15, x15, x13       x15=00000000 x15:00000004 x13:00001f80
17879801ns          295038 1c00904a ee873733 p.bclr           x14, x14, 23, 8     x14=00000008 x14:00000008
17879821ns          295039 1c00904e 1a10f6b7 lui              x13, 0x1a10f000     x13=1a10f000
17879841ns          295040 1c009052 0ff57513 andi             x10, x10, 255       x10=0000006e x10:0000006e
17879861ns          295041 1c009056 00d70733 add              x14, x14, x13       x14=1a10f008 x14:00000008 x13:1a10f000
17879881ns          295042 1c009058 00a7e723 p.sw             x10, x0(x15)        x10:0000006e x15:00000000  PA:1a10f008
17880199ns          295058 1c00905c 00000513 addi             x10, x0, 0          x10=00000000
17880219ns          295059 1c00905e 00008067 jalr             x0, x1, 0            x1:1c00912e
17880279ns          295062 1c00912e 31f52563 p.beqimm         x10, 778            x10:00000000
17880299ns          295063 1c009132 001d8d93 addi             x27, x27, 1         x27=00000007 x27:00000006
17880319ns          295064 1c009134 00044503 lbu              x10, 0(x8)          x10=00000067  x8:1c000087  PA:1c000087
17880617ns          295079 1c009138 00140413 addi             x8, x8, 1            x8=1c000088  x8:1c000087
17880637ns          295080 1c00913a fe0514e3 bne              x10, x0, -24        x10:00000067
17880716ns          295084 1c009122 02500793 addi             x15, x0, 37         x15=00000025
17880736ns          295085 1c009126 04f50863 beq              x10, x15, 80        x10:00000067 x15:00000025
17880756ns          295086 1c00912a 01a005b3 add              x11, x0, x26        x11=00000002 x26:00000002
17880776ns          295087 1c00912c 000b00e7 jalr             x1, x22, 0           x1=1c00912e x22:1c009038
17880816ns          295089 1c009038 000026b7 lui              x13, 0x2000         x13=00002000
17880836ns          295090 1c00903a f14027f3 csrrs            x15, x0, 0xf14      x15=00000001
17880856ns          295091 1c00903e f8068693 addi             x13, x13, -128      x13=00001f80 x13:00002000
17880876ns          295092 1c009042 00379713 slli             x14, x15, 0x3       x14=00000008 x15:00000001
17880895ns          295093 1c009046 00279793 slli             x15, x15, 0x2       x15=00000004 x15:00000001
17880915ns          295094 1c009048 00d7f7b3 and              x15, x15, x13       x15=00000000 x15:00000004 x13:00001f80
17880935ns          295095 1c00904a ee873733 p.bclr           x14, x14, 23, 8     x14=00000008 x14:00000008
17880955ns          295096 1c00904e 1a10f6b7 lui              x13, 0x1a10f000     x13=1a10f000
17880975ns          295097 1c009052 0ff57513 andi             x10, x10, 255       x10=00000067 x10:00000067
17880995ns          295098 1c009056 00d70733 add              x14, x14, x13       x14=1a10f008 x14:00000008 x13:1a10f000
17881015ns          295099 1c009058 00a7e723 p.sw             x10, x0(x15)        x10:00000067 x15:00000000  PA:1a10f008
17881333ns          295115 1c00905c 00000513 addi             x10, x0, 0          x10=00000000
17881353ns          295116 1c00905e 00008067 jalr             x0, x1, 0            x1:1c00912e
17881413ns          295119 1c00912e 31f52563 p.beqimm         x10, 778            x10:00000000
17881433ns          295120 1c009132 001d8d93 addi             x27, x27, 1         x27=00000008 x27:00000007
17881452ns          295121 1c009134 00044503 lbu              x10, 0(x8)          x10=00000020  x8:1c000088  PA:1c000088
17881751ns          295136 1c009138 00140413 addi             x8, x8, 1            x8=1c000089  x8:1c000088
17881771ns          295137 1c00913a fe0514e3 bne              x10, x0, -24        x10:00000020
17881850ns          295141 1c009122 02500793 addi             x15, x0, 37         x15=00000025
17881870ns          295142 1c009126 04f50863 beq              x10, x15, 80        x10:00000020 x15:00000025
17881890ns          295143 1c00912a 01a005b3 add              x11, x0, x26        x11=00000002 x26:00000002
17881910ns          295144 1c00912c 000b00e7 jalr             x1, x22, 0           x1=1c00912e x22:1c009038
17881950ns          295146 1c009038 000026b7 lui              x13, 0x2000         x13=00002000
17881970ns          295147 1c00903a f14027f3 csrrs            x15, x0, 0xf14      x15=00000001
17881989ns          295148 1c00903e f8068693 addi             x13, x13, -128      x13=00001f80 x13:00002000
17882009ns          295149 1c009042 00379713 slli             x14, x15, 0x3       x14=00000008 x15:00000001
17882029ns          295150 1c009046 00279793 slli             x15, x15, 0x2       x15=00000004 x15:00000001
17882049ns          295151 1c009048 00d7f7b3 and              x15, x15, x13       x15=00000000 x15:00000004 x13:00001f80
17882069ns          295152 1c00904a ee873733 p.bclr           x14, x14, 23, 8     x14=00000008 x14:00000008
17882089ns          295153 1c00904e 1a10f6b7 lui              x13, 0x1a10f000     x13=1a10f000
17882109ns          295154 1c009052 0ff57513 andi             x10, x10, 255       x10=00000020 x10:00000020
17882129ns          295155 1c009056 00d70733 add              x14, x14, x13       x14=1a10f008 x14:00000008 x13:1a10f000
17882149ns          295156 1c009058 00a7e723 p.sw             x10, x0(x15)        x10:00000020 x15:00000000  PA:1a10f008
17882487ns          295173 1c00905c 00000513 addi             x10, x0, 0          x10=00000000
17882507ns          295174 1c00905e 00008067 jalr             x0, x1, 0            x1:1c00912e
17882566ns          295177 1c00912e 31f52563 p.beqimm         x10, 778            x10:00000000
17882586ns          295178 1c009132 001d8d93 addi             x27, x27, 1         x27=00000009 x27:00000008
17882606ns          295179 1c009134 00044503 lbu              x10, 0(x8)          x10=00000025  x8:1c000089  PA:1c000089
17882904ns          295194 1c009138 00140413 addi             x8, x8, 1            x8=1c00008a  x8:1c000089
17882924ns          295195 1c00913a fe0514e3 bne              x10, x0, -24        x10:00000025
17883004ns          295199 1c009122 02500793 addi             x15, x0, 37         x15=00000025
17883024ns          295200 1c009126 04f50863 beq              x10, x15, 80        x10:00000025 x15:00000025
17883501ns          295224 1c009176 00044483 lbu              x9, 0(x8)            x9=00000064  x8:1c00008a  PA:1c00008a
17883919ns          295245 1c00917a 02000693 addi             x13, x0, 32         x13=00000020
17883959ns          295247 1c00917e 00140a93 addi             x21, x8, 1          x21=1c00008b  x8:1c00008a
17883979ns          295248 1c009182 009005b3 add              x11, x0, x9         x11=00000064  x9:00000064
17883998ns          295249 1c009184 13cb8513 addi             x10, x23, 316       x10=1c00013c x23:1c000000
17884018ns          295250 1c009188 00d12823 sw               x13, 16(x2)         x13:00000020  x2:10000cd8  PA:10000ce8
17884038ns          295251 1c00918a 00012c23 sw               x0, 24(x2)           x2:10000cd8  PA:10000cf0
17884058ns          295252 1c00918c 00012a23 sw               x0, 20(x2)           x2:10000cd8  PA:10000cec
17884078ns          295253 1c00918e 00012e23 sw               x0, 28(x2)           x2:10000cd8  PA:10000cf4
17884496ns          295274 1c009190 00012623 sw               x0, 12(x2)           x2:10000cd8  PA:10000ce4
17884535ns          295276 1c009192 02300913 addi             x18, x0, 35         x18=00000023
17884555ns          295277 1c009196 02d00a13 addi             x20, x0, 45         x20=0000002d
17884575ns          295278 1c00919a 015009b3 add              x19, x0, x21        x19=1c00008b x21:1c00008b
17884595ns          295279 1c00919c e1dff0ef jal              x1, -484             x1=1c00919e
17885470ns          295323 1c008fb8 00054783 lbu              x15, 0(x10)         x15=0000002d x10:1c00013c  PA:1c00013c
17885789ns          295339 1c008fbc 0ff5f593 andi             x11, x11, 255       x11=00000064 x11:00000064
17885968ns          295348 1c008fc0 00b78c63 beq              x15, x11, 24        x15:0000002d x11:00000064
17886007ns          295350 1c008fc4 00078b63 beq              x15, x0, 22         x15:0000002d
17886027ns          295351 1c008fc6 00150793 addi             x15, x10, 1         x15=1c00013d x10:1c00013c
17886047ns          295352 1c008fca 0040006f jal              x0, 4              
17886525ns          295376 1c008fce 00f00533 add              x10, x0, x15        x10=1c00013d x15:1c00013d
17886544ns          295377 1c008fd0 0017c70b p.lbu            x14, 1(x15!)        x14=0000002b x15=1c00013e x15:1c00013d  PA:1c00013d
17886863ns          295393 1c008fd4 feb71ce3 bne              x14, x11, -8        x14:0000002b x11:00000064
17887101ns          295405 1c008fcc 00070763 beq              x14, x0, 14         x14:0000002b
17887121ns          295406 1c008fce 00f00533 add              x10, x0, x15        x10=1c00013e x15:1c00013e
17887141ns          295407 1c008fd0 0017c70b p.lbu            x14, 1(x15!)        x14=00000020 x15=1c00013f x15:1c00013e  PA:1c00013e
17887459ns          295423 1c008fd4 feb71ce3 bne              x14, x11, -8        x14:00000020 x11:00000064
17887519ns          295426 1c008fcc 00070763 beq              x14, x0, 14         x14:00000020
17887539ns          295427 1c008fce 00f00533 add              x10, x0, x15        x10=1c00013f x15:1c00013f
17887559ns          295428 1c008fd0 0017c70b p.lbu            x14, 1(x15!)        x14=00000023 x15=1c000140 x15:1c00013f  PA:1c00013f
17887877ns          295444 1c008fd4 feb71ce3 bne              x14, x11, -8        x14:00000023 x11:00000064
17887937ns          295447 1c008fcc 00070763 beq              x14, x0, 14         x14:00000023
17887957ns          295448 1c008fce 00f00533 add              x10, x0, x15        x10=1c000140 x15:1c000140
17887977ns          295449 1c008fd0 0017c70b p.lbu            x14, 1(x15!)        x14=00000030 x15=1c000141 x15:1c000140  PA:1c000140
17888315ns          295466 1c008fd4 feb71ce3 bne              x14, x11, -8        x14:00000030 x11:00000064
17888374ns          295469 1c008fcc 00070763 beq              x14, x0, 14         x14:00000030
17888394ns          295470 1c008fce 00f00533 add              x10, x0, x15        x10=1c000141 x15:1c000141
17888414ns          295471 1c008fd0 0017c70b p.lbu            x14, 1(x15!)        x14=00000000 x15=1c000142 x15:1c000141  PA:1c000141
17888732ns          295487 1c008fd4 feb71ce3 bne              x14, x11, -8        x14:00000000 x11:00000064
17888792ns          295490 1c008fcc 00070763 beq              x14, x0, 14         x14:00000000
17888872ns          295494 1c008fda 0015b593 sltiu            x11, x11, 1         x11=00000000 x11:00000064
17888892ns          295495 1c008fde 40b005b3 sub              x11, x0, x11        x11=00000000 x11:00000000
17888911ns          295496 1c008fe2 00b57533 and              x10, x10, x11       x10=00000000 x10:1c000141 x11:00000000
17888931ns          295497 1c008fe4 00008067 jalr             x0, x1, 0            x1:1c00919e
17888971ns          295499 1c00919e 02050a63 beq              x10, x0, 52         x10:00000000
17889468ns          295524 1c0091d2 02a00613 addi             x12, x0, 42         x12=0000002a
17889488ns          295525 1c0091d6 2ac48663 beq              x9, x12, 684         x9:00000064 x12:0000002a
17889508ns          295526 1c0091da fd048613 addi             x12, x9, -48        x12=00000034  x9:00000064
17889528ns          295527 1c0091de 00900593 addi             x11, x0, 9          x11=00000009
17889946ns          295548 1c0091e0 00000913 addi             x18, x0, 0          x18=00000000
17889986ns          295550 1c0091e2 28c5f063 bgeu             x11, x12, 640       x11:00000009 x12:00000034
17890005ns          295551 1c0091e6 02e00693 addi             x13, x0, 46         x13=0000002e
17890025ns          295552 1c0091ea fff00a13 addi             x20, x0, -1         x20=ffffffff
17890045ns          295553 1c0091ec 2ed48363 beq              x9, x13, 742         x9:00000064 x13:0000002e
17890463ns          295574 1c0091f0 1c0007b7 lui              x15, 0x1c000000     x15=1c000000
17890503ns          295576 1c0091f4 009005b3 add              x11, x0, x9         x11=00000064  x9:00000064
17890523ns          295577 1c0091f6 14478513 addi             x10, x15, 324       x10=1c000144 x15:1c000000
17890542ns          295578 1c0091fa dbfff0ef jal              x1, -578             x1=1c0091fc
17891020ns          295602 1c008fb8 00054783 lbu              x15, 0(x10)         x15=00000068 x10:1c000144  PA:1c000144
17891318ns          295617 1c008fbc 0ff5f593 andi             x11, x11, 255       x11=00000064 x11:00000064
17891338ns          295618 1c008fc0 00b78c63 beq              x15, x11, 24        x15:00000068 x11:00000064
17891358ns          295619 1c008fc4 00078b63 beq              x15, x0, 22         x15:00000068
17891378ns          295620 1c008fc6 00150793 addi             x15, x10, 1         x15=1c000145 x10:1c000144
17891398ns          295621 1c008fca 0040006f jal              x0, 4              
17891438ns          295623 1c008fce 00f00533 add              x10, x0, x15        x10=1c000145 x15:1c000145
17891457ns          295624 1c008fd0 0017c70b p.lbu            x14, 1(x15!)        x14=0000006c x15=1c000146 x15:1c000145  PA:1c000145
17891776ns          295640 1c008fd4 feb71ce3 bne              x14, x11, -8        x14:0000006c x11:00000064
17891835ns          295643 1c008fcc 00070763 beq              x14, x0, 14         x14:0000006c
17891855ns          295644 1c008fce 00f00533 add              x10, x0, x15        x10=1c000146 x15:1c000146
17891875ns          295645 1c008fd0 0017c70b p.lbu            x14, 1(x15!)        x14=0000004c x15=1c000147 x15:1c000146  PA:1c000146
17892213ns          295662 1c008fd4 feb71ce3 bne              x14, x11, -8        x14:0000004c x11:00000064
17892273ns          295665 1c008fcc 00070763 beq              x14, x0, 14         x14:0000004c
17892293ns          295666 1c008fce 00f00533 add              x10, x0, x15        x10=1c000147 x15:1c000147
17892313ns          295667 1c008fd0 0017c70b p.lbu            x14, 1(x15!)        x14=0000007a x15=1c000148 x15:1c000147  PA:1c000147
17892631ns          295683 1c008fd4 feb71ce3 bne              x14, x11, -8        x14:0000007a x11:00000064
17892691ns          295686 1c008fcc 00070763 beq              x14, x0, 14         x14:0000007a
17892711ns          295687 1c008fce 00f00533 add              x10, x0, x15        x10=1c000148 x15:1c000148
17892730ns          295688 1c008fd0 0017c70b p.lbu            x14, 1(x15!)        x14=00000000 x15=1c000149 x15:1c000148  PA:1c000148
17893049ns          295704 1c008fd4 feb71ce3 bne              x14, x11, -8        x14:00000000 x11:00000064
17893108ns          295707 1c008fcc 00070763 beq              x14, x0, 14         x14:00000000
17893188ns          295711 1c008fda 0015b593 sltiu            x11, x11, 1         x11=00000000 x11:00000064
17893208ns          295712 1c008fde 40b005b3 sub              x11, x0, x11        x11=00000000 x11:00000000
17893228ns          295713 1c008fe2 00b57533 and              x10, x10, x11       x10=00000000 x10:1c000148 x11:00000000
17893248ns          295714 1c008fe4 00008067 jalr             x0, x1, 0            x1:1c0091fc
17893287ns          295716 1c0091fc 01300433 add              x8, x0, x19          x8=1c00008b x19:1c00008b
17893307ns          295717 1c0091fe 00050563 beq              x10, x0, 10         x10:00000000
17893367ns          295720 1c009208 06700693 addi             x13, x0, 103        x13=00000067
17893387ns          295721 1c00920c 2896d963 bge              x13, x9, 658        x13:00000067  x9:00000064
17894799ns          295792 1c00949e 06500693 addi             x13, x0, 101        x13=00000065
17894839ns          295794 1c0094a2 12d4d563 bge              x9, x13, 298         x9:00000064 x13:00000065
17894859ns          295795 1c0094a6 04700693 addi             x13, x0, 71         x13=00000047
17894879ns          295796 1c0094aa dc96cbe3 blt              x13, x9, -554       x13:00000047  x9:00000064
17895774ns          295841 1c009280 06300693 addi             x13, x0, 99         x13=00000063
17895814ns          295843 1c009284 0ad488e3 beq              x9, x13, 2224        x9:00000064 x13:00000063
17895833ns          295844 1c009288 0096c9e3 blt              x13, x9, 2066       x13:00000063  x9:00000064
17896828ns          295894 1c009a9a 000c2583 lw               x11, 0(x24)         x11=00000001 x24:10000e2c  PA:10000e2c
17896848ns          295895 1c009a9e 004c0c13 addi             x24, x24, 4         x24=10000e30 x24:10000e2c
17897266ns          295916 1c009aa0 3405cc63 blt              x11, x0, 856        x11:00000001
17897305ns          295918 1c009aa4 01412603 lw               x12, 20(x2)         x12=00000000  x2:10000cd8  PA:10000cec
17897325ns          295919 1c009aa6 00b006b3 add              x13, x0, x11        x13=00000001 x11:00000001
17897345ns          295920 1c009aa8 2e061863 bne              x12, x0, 752        x12:00000000
17897365ns          295921 1c009aac 01812703 lw               x14, 24(x2)         x14=00000000  x2:10000cd8  PA:10000cf0
17897385ns          295922 1c009aae 019007b3 add              x15, x0, x25        x15=10000cfc x25:10000cfc
17897803ns          295943 1c009ab0 00070763 beq              x14, x0, 14         x14:00000000
17897862ns          295946 1c009abe 00f00733 add              x14, x0, x15        x14=10000cfc x15:10000cfc
17898300ns          295968 1c009ac0 00a00513 addi             x10, x0, 10         x10=0000000a
17898340ns          295970 1c009ac2 02a6f633 remu             x12, x13, x10       x12=00000001 x13:00000001 x10:0000000a
17898956ns          296001 1c009ac6 02a6d6b3 divu             x13, x13, x10       x13=00000000 x13:00000001 x10:0000000a
17899573ns          296032 1c009aca 03060613 addi             x12, x12, 48        x12=00000031 x12:00000001
17899593ns          296033 1c009ace 00c700ab p.sb             x12, 1(x14!)        x14=10000cfd x12:00000031 x14:10000cfc  PA:10000cfc
17899613ns          296034 1c009ad2 fe0698e3 bne              x13, x0, -16        x13:00000000
17899633ns          296035 1c009ad4 40f706b3 sub              x13, x14, x15       x13=00000001 x14:10000cfd x15:10000cfc
17899652ns          296036 1c009ad8 0146dc63 bge              x13, x20, 24        x13:00000001 x20:ffffffff
17900567ns          296082 1c009af0 00e006b3 add              x13, x0, x14        x13=10000cfd x14:10000cfd
17900607ns          296084 1c009af2 fe068fab p.sb             x0, -1(x13!)        x13=10000cfc x13:10000cfd  PA:10000cfd
17900627ns          296085 1c009af6 00d7fc63 bgeu             x15, x13, 24        x15:10000cfc x13:10000cfc
17901124ns          296110 1c009b0e 01412783 lw               x15, 20(x2)         x15=00000000  x2:10000cd8  PA:10000cec
17901562ns          296132 1c009b10 01812603 lw               x12, 24(x2)         x12=00000000  x2:10000cd8  PA:10000cf0
17901602ns          296134 1c009b12 419704b3 sub              x9, x14, x25         x9=00000001 x14:10000cfd x25:10000cfc
17901622ns          296135 1c009b16 00c7e7b3 or               x15, x15, x12       x15=00000000 x15:00000000 x12:00000000
17901642ns          296136 1c009b18 00f12623 sw               x15, 12(x2)         x15:00000000  x2:10000cd8  PA:10000ce4
17901661ns          296137 1c009b1a 00079363 bne              x15, x0, 6          x15:00000000
17901681ns          296138 1c009b1c 01f5d593 srli             x11, x11, 0x1f      x11=00000000 x11:00000001
17901701ns          296139 1c009b1e 00b12623 sw               x11, 12(x2)         x11:00000000  x2:10000cd8  PA:10000ce4
17902079ns          296158 1c009b20 e3fa28e3 p.beqimm         x20, -464           x20:ffffffff
17902556ns          296182 1c009950 0c800793 addi             x15, x0, 200        x15=000000c8
17902596ns          296184 1c009954 9e97d0e3 bge              x15, x9, -1568      x15:000000c8  x9:00000001
17903094ns          296209 1c009334 0f24d163 bge              x9, x18, 226         x9:00000001 x18:00000000
17903611ns          296235 1c009416 d00482e3 beq              x9, x0, -764         x9:00000001
17903631ns          296236 1c00941a 01900933 add              x18, x0, x25        x18=10000cfc x25:10000cfc
17903650ns          296237 1c00941c 419d8db3 sub              x27, x27, x25       x27=effff30d x27:00000009 x25:10000cfc
17904068ns          296258 1c009420 00a0006f jal              x0, 10             
17904128ns          296261 1c00942a 0019450b p.lbu            x10, 1(x18!)        x10=00000031 x18=10000cfd x18:10000cfc  PA:10000cfc
17904148ns          296262 1c00942e 01a005b3 add              x11, x0, x26        x11=00000002 x26:00000002
17904565ns          296283 1c009430 000b00e7 jalr             x1, x22, 0           x1=1c009432 x22:1c009038
17904665ns          296288 1c009038 000026b7 lui              x13, 0x2000         x13=00002000
17904705ns          296290 1c00903a f14027f3 csrrs            x15, x0, 0xf14      x15=00000001
17904764ns          296293 1c00903e f8068693 addi             x13, x13, -128      x13=00001f80 x13:00002000
17904804ns          296295 1c009042 00379713 slli             x14, x15, 0x3       x14=00000008 x15:00000001
17904824ns          296296 1c009046 00279793 slli             x15, x15, 0x2       x15=00000004 x15:00000001
17904844ns          296297 1c009048 00d7f7b3 and              x15, x15, x13       x15=00000000 x15:00000004 x13:00001f80
17904864ns          296298 1c00904a ee873733 p.bclr           x14, x14, 23, 8     x14=00000008 x14:00000008
17904884ns          296299 1c00904e 1a10f6b7 lui              x13, 0x1a10f000     x13=1a10f000
17904904ns          296300 1c009052 0ff57513 andi             x10, x10, 255       x10=00000031 x10:00000031
17904923ns          296301 1c009056 00d70733 add              x14, x14, x13       x14=1a10f008 x14:00000008 x13:1a10f000
17904943ns          296302 1c009058 00a7e723 p.sw             x10, x0(x15)        x10:00000031 x15:00000000  PA:1a10f008
17905321ns          296321 1c00905c 00000513 addi             x10, x0, 0          x10=00000000
17905341ns          296322 1c00905e 00008067 jalr             x0, x1, 0            x1:1c009432
17905421ns          296326 1c009432 fff48493 addi             x9, x9, -1           x9=00000000  x9:00000001
17905461ns          296328 1c009434 fff537e3 p.bneimm         x10, -18            x10:00000000
17905540ns          296332 1c009422 012d8733 add              x14, x27, x18       x14=0000000a x27:effff30d x18:10000cfd
17905560ns          296333 1c009426 5a048b63 beq              x9, x0, 1462         x9:00000000
17905998ns          296355 1c0099dc 00e00db3 add              x27, x0, x14        x27=0000000a x14:0000000a
17906455ns          296378 1c0099de f3cff06f jal              x0, -2244          
17906574ns          296384 1c00911a 00044503 lbu              x10, 0(x8)          x10=00000020  x8:1c00008b  PA:1c00008b
17906873ns          296399 1c00911e 00140413 addi             x8, x8, 1            x8=1c00008c  x8:1c00008b
17906893ns          296400 1c009120 00050e63 beq              x10, x0, 28         x10:00000020
17906913ns          296401 1c009122 02500793 addi             x15, x0, 37         x15=00000025
17906932ns          296402 1c009126 04f50863 beq              x10, x15, 80        x10:00000020 x15:00000025
17906952ns          296403 1c00912a 01a005b3 add              x11, x0, x26        x11=00000002 x26:00000002
17906972ns          296404 1c00912c 000b00e7 jalr             x1, x22, 0           x1=1c00912e x22:1c009038
17907052ns          296408 1c009038 000026b7 lui              x13, 0x2000         x13=00002000
17907072ns          296409 1c00903a f14027f3 csrrs            x15, x0, 0xf14      x15=00000001
17907092ns          296410 1c00903e f8068693 addi             x13, x13, -128      x13=00001f80 x13:00002000
17907111ns          296411 1c009042 00379713 slli             x14, x15, 0x3       x14=00000008 x15:00000001
17907131ns          296412 1c009046 00279793 slli             x15, x15, 0x2       x15=00000004 x15:00000001
17907151ns          296413 1c009048 00d7f7b3 and              x15, x15, x13       x15=00000000 x15:00000004 x13:00001f80
17907171ns          296414 1c00904a ee873733 p.bclr           x14, x14, 23, 8     x14=00000008 x14:00000008
17907211ns          296416 1c00904e 1a10f6b7 lui              x13, 0x1a10f000     x13=1a10f000
17907251ns          296418 1c009052 0ff57513 andi             x10, x10, 255       x10=00000020 x10:00000020
17907271ns          296419 1c009056 00d70733 add              x14, x14, x13       x14=1a10f008 x14:00000008 x13:1a10f000
17907290ns          296420 1c009058 00a7e723 p.sw             x10, x0(x15)        x10:00000020 x15:00000000  PA:1a10f008
17907649ns          296438 1c00905c 00000513 addi             x10, x0, 0          x10=00000000
17907668ns          296439 1c00905e 00008067 jalr             x0, x1, 0            x1:1c00912e
17907728ns          296442 1c00912e 31f52563 p.beqimm         x10, 778            x10:00000000
17907748ns          296443 1c009132 001d8d93 addi             x27, x27, 1         x27=0000000b x27:0000000a
17907768ns          296444 1c009134 00044503 lbu              x10, 0(x8)          x10=0000006b  x8:1c00008c  PA:1c00008c
17908066ns          296459 1c009138 00140413 addi             x8, x8, 1            x8=1c00008d  x8:1c00008c
17908086ns          296460 1c00913a fe0514e3 bne              x10, x0, -24        x10:0000006b
17908166ns          296464 1c009122 02500793 addi             x15, x0, 37         x15=00000025
17908186ns          296465 1c009126 04f50863 beq              x10, x15, 80        x10:0000006b x15:00000025
17908205ns          296466 1c00912a 01a005b3 add              x11, x0, x26        x11=00000002 x26:00000002
17908225ns          296467 1c00912c 000b00e7 jalr             x1, x22, 0           x1=1c00912e x22:1c009038
17908265ns          296469 1c009038 000026b7 lui              x13, 0x2000         x13=00002000
17908285ns          296470 1c00903a f14027f3 csrrs            x15, x0, 0xf14      x15=00000001
17908305ns          296471 1c00903e f8068693 addi             x13, x13, -128      x13=00001f80 x13:00002000
17908325ns          296472 1c009042 00379713 slli             x14, x15, 0x3       x14=00000008 x15:00000001
17908345ns          296473 1c009046 00279793 slli             x15, x15, 0x2       x15=00000004 x15:00000001
17908365ns          296474 1c009048 00d7f7b3 and              x15, x15, x13       x15=00000000 x15:00000004 x13:00001f80
17908384ns          296475 1c00904a ee873733 p.bclr           x14, x14, 23, 8     x14=00000008 x14:00000008
17908404ns          296476 1c00904e 1a10f6b7 lui              x13, 0x1a10f000     x13=1a10f000
17908424ns          296477 1c009052 0ff57513 andi             x10, x10, 255       x10=0000006b x10:0000006b
17908444ns          296478 1c009056 00d70733 add              x14, x14, x13       x14=1a10f008 x14:00000008 x13:1a10f000
17908464ns          296479 1c009058 00a7e723 p.sw             x10, x0(x15)        x10:0000006b x15:00000000  PA:1a10f008
17908782ns          296495 1c00905c 00000513 addi             x10, x0, 0          x10=00000000
17908802ns          296496 1c00905e 00008067 jalr             x0, x1, 0            x1:1c00912e
17908862ns          296499 1c00912e 31f52563 p.beqimm         x10, 778            x10:00000000
17908882ns          296500 1c009132 001d8d93 addi             x27, x27, 1         x27=0000000c x27:0000000b
17908902ns          296501 1c009134 00044503 lbu              x10, 0(x8)          x10=00000065  x8:1c00008d  PA:1c00008d
17909200ns          296516 1c009138 00140413 addi             x8, x8, 1            x8=1c00008e  x8:1c00008d
17909220ns          296517 1c00913a fe0514e3 bne              x10, x0, -24        x10:00000065
17909299ns          296521 1c009122 02500793 addi             x15, x0, 37         x15=00000025
17909319ns          296522 1c009126 04f50863 beq              x10, x15, 80        x10:00000065 x15:00000025
17909339ns          296523 1c00912a 01a005b3 add              x11, x0, x26        x11=00000002 x26:00000002
17909359ns          296524 1c00912c 000b00e7 jalr             x1, x22, 0           x1=1c00912e x22:1c009038
17909399ns          296526 1c009038 000026b7 lui              x13, 0x2000         x13=00002000
17909419ns          296527 1c00903a f14027f3 csrrs            x15, x0, 0xf14      x15=00000001
17909439ns          296528 1c00903e f8068693 addi             x13, x13, -128      x13=00001f80 x13:00002000
17909459ns          296529 1c009042 00379713 slli             x14, x15, 0x3       x14=00000008 x15:00000001
17909478ns          296530 1c009046 00279793 slli             x15, x15, 0x2       x15=00000004 x15:00000001
17909498ns          296531 1c009048 00d7f7b3 and              x15, x15, x13       x15=00000000 x15:00000004 x13:00001f80
17909518ns          296532 1c00904a ee873733 p.bclr           x14, x14, 23, 8     x14=00000008 x14:00000008
17909538ns          296533 1c00904e 1a10f6b7 lui              x13, 0x1a10f000     x13=1a10f000
17909558ns          296534 1c009052 0ff57513 andi             x10, x10, 255       x10=00000065 x10:00000065
17909578ns          296535 1c009056 00d70733 add              x14, x14, x13       x14=1a10f008 x14:00000008 x13:1a10f000
17909598ns          296536 1c009058 00a7e723 p.sw             x10, x0(x15)        x10:00000065 x15:00000000  PA:1a10f008
17909936ns          296553 1c00905c 00000513 addi             x10, x0, 0          x10=00000000
17909956ns          296554 1c00905e 00008067 jalr             x0, x1, 0            x1:1c00912e
17910016ns          296557 1c00912e 31f52563 p.beqimm         x10, 778            x10:00000000
17910035ns          296558 1c009132 001d8d93 addi             x27, x27, 1         x27=0000000d x27:0000000c
17910055ns          296559 1c009134 00044503 lbu              x10, 0(x8)          x10=00000072  x8:1c00008e  PA:1c00008e
17910354ns          296574 1c009138 00140413 addi             x8, x8, 1            x8=1c00008f  x8:1c00008e
17910374ns          296575 1c00913a fe0514e3 bne              x10, x0, -24        x10:00000072
17910453ns          296579 1c009122 02500793 addi             x15, x0, 37         x15=00000025
17910473ns          296580 1c009126 04f50863 beq              x10, x15, 80        x10:00000072 x15:00000025
17910493ns          296581 1c00912a 01a005b3 add              x11, x0, x26        x11=00000002 x26:00000002
17910513ns          296582 1c00912c 000b00e7 jalr             x1, x22, 0           x1=1c00912e x22:1c009038
17910553ns          296584 1c009038 000026b7 lui              x13, 0x2000         x13=00002000
17910572ns          296585 1c00903a f14027f3 csrrs            x15, x0, 0xf14      x15=00000001
17910592ns          296586 1c00903e f8068693 addi             x13, x13, -128      x13=00001f80 x13:00002000
17910612ns          296587 1c009042 00379713 slli             x14, x15, 0x3       x14=00000008 x15:00000001
17910632ns          296588 1c009046 00279793 slli             x15, x15, 0x2       x15=00000004 x15:00000001
17910652ns          296589 1c009048 00d7f7b3 and              x15, x15, x13       x15=00000000 x15:00000004 x13:00001f80
17910672ns          296590 1c00904a ee873733 p.bclr           x14, x14, 23, 8     x14=00000008 x14:00000008
17910692ns          296591 1c00904e 1a10f6b7 lui              x13, 0x1a10f000     x13=1a10f000
17910712ns          296592 1c009052 0ff57513 andi             x10, x10, 255       x10=00000072 x10:00000072
17910732ns          296593 1c009056 00d70733 add              x14, x14, x13       x14=1a10f008 x14:00000008 x13:1a10f000
17910751ns          296594 1c009058 00a7e723 p.sw             x10, x0(x15)        x10:00000072 x15:00000000  PA:1a10f008
17911090ns          296611 1c00905c 00000513 addi             x10, x0, 0          x10=00000000
17911110ns          296612 1c00905e 00008067 jalr             x0, x1, 0            x1:1c00912e
17911169ns          296615 1c00912e 31f52563 p.beqimm         x10, 778            x10:00000000
17911189ns          296616 1c009132 001d8d93 addi             x27, x27, 1         x27=0000000e x27:0000000d
17911209ns          296617 1c009134 00044503 lbu              x10, 0(x8)          x10=0000006e  x8:1c00008f  PA:1c00008f
17911507ns          296632 1c009138 00140413 addi             x8, x8, 1            x8=1c000090  x8:1c00008f
17911527ns          296633 1c00913a fe0514e3 bne              x10, x0, -24        x10:0000006e
17911607ns          296637 1c009122 02500793 addi             x15, x0, 37         x15=00000025
17911627ns          296638 1c009126 04f50863 beq              x10, x15, 80        x10:0000006e x15:00000025
17911647ns          296639 1c00912a 01a005b3 add              x11, x0, x26        x11=00000002 x26:00000002
17911666ns          296640 1c00912c 000b00e7 jalr             x1, x22, 0           x1=1c00912e x22:1c009038
17911706ns          296642 1c009038 000026b7 lui              x13, 0x2000         x13=00002000
17911726ns          296643 1c00903a f14027f3 csrrs            x15, x0, 0xf14      x15=00000001
17911746ns          296644 1c00903e f8068693 addi             x13, x13, -128      x13=00001f80 x13:00002000
17911766ns          296645 1c009042 00379713 slli             x14, x15, 0x3       x14=00000008 x15:00000001
17911786ns          296646 1c009046 00279793 slli             x15, x15, 0x2       x15=00000004 x15:00000001
17911806ns          296647 1c009048 00d7f7b3 and              x15, x15, x13       x15=00000000 x15:00000004 x13:00001f80
17911826ns          296648 1c00904a ee873733 p.bclr           x14, x14, 23, 8     x14=00000008 x14:00000008
17911845ns          296649 1c00904e 1a10f6b7 lui              x13, 0x1a10f000     x13=1a10f000
17911865ns          296650 1c009052 0ff57513 andi             x10, x10, 255       x10=0000006e x10:0000006e
17911885ns          296651 1c009056 00d70733 add              x14, x14, x13       x14=1a10f008 x14:00000008 x13:1a10f000
17911905ns          296652 1c009058 00a7e723 p.sw             x10, x0(x15)        x10:0000006e x15:00000000  PA:1a10f008
17912223ns          296668 1c00905c 00000513 addi             x10, x0, 0          x10=00000000
17912243ns          296669 1c00905e 00008067 jalr             x0, x1, 0            x1:1c00912e
17912303ns          296672 1c00912e 31f52563 p.beqimm         x10, 778            x10:00000000
17912323ns          296673 1c009132 001d8d93 addi             x27, x27, 1         x27=0000000f x27:0000000e
17912343ns          296674 1c009134 00044503 lbu              x10, 0(x8)          x10=00000065  x8:1c000090  PA:1c000090
17912641ns          296689 1c009138 00140413 addi             x8, x8, 1            x8=1c000091  x8:1c000090
17912661ns          296690 1c00913a fe0514e3 bne              x10, x0, -24        x10:00000065
17912741ns          296694 1c009122 02500793 addi             x15, x0, 37         x15=00000025
17912760ns          296695 1c009126 04f50863 beq              x10, x15, 80        x10:00000065 x15:00000025
17912780ns          296696 1c00912a 01a005b3 add              x11, x0, x26        x11=00000002 x26:00000002
17912800ns          296697 1c00912c 000b00e7 jalr             x1, x22, 0           x1=1c00912e x22:1c009038
17912840ns          296699 1c009038 000026b7 lui              x13, 0x2000         x13=00002000
17912860ns          296700 1c00903a f14027f3 csrrs            x15, x0, 0xf14      x15=00000001
17912880ns          296701 1c00903e f8068693 addi             x13, x13, -128      x13=00001f80 x13:00002000
17912900ns          296702 1c009042 00379713 slli             x14, x15, 0x3       x14=00000008 x15:00000001
17912920ns          296703 1c009046 00279793 slli             x15, x15, 0x2       x15=00000004 x15:00000001
17912939ns          296704 1c009048 00d7f7b3 and              x15, x15, x13       x15=00000000 x15:00000004 x13:00001f80
17912959ns          296705 1c00904a ee873733 p.bclr           x14, x14, 23, 8     x14=00000008 x14:00000008
17912979ns          296706 1c00904e 1a10f6b7 lui              x13, 0x1a10f000     x13=1a10f000
17912999ns          296707 1c009052 0ff57513 andi             x10, x10, 255       x10=00000065 x10:00000065
17913019ns          296708 1c009056 00d70733 add              x14, x14, x13       x14=1a10f008 x14:00000008 x13:1a10f000
17913039ns          296709 1c009058 00a7e723 p.sw             x10, x0(x15)        x10:00000065 x15:00000000  PA:1a10f008
17913357ns          296725 1c00905c 00000513 addi             x10, x0, 0          x10=00000000
17913377ns          296726 1c00905e 00008067 jalr             x0, x1, 0            x1:1c00912e
17913437ns          296729 1c00912e 31f52563 p.beqimm         x10, 778            x10:00000000
17913457ns          296730 1c009132 001d8d93 addi             x27, x27, 1         x27=00000010 x27:0000000f
17913477ns          296731 1c009134 00044503 lbu              x10, 0(x8)          x10=0000006c  x8:1c000091  PA:1c000091
17913775ns          296746 1c009138 00140413 addi             x8, x8, 1            x8=1c000092  x8:1c000091
17913795ns          296747 1c00913a fe0514e3 bne              x10, x0, -24        x10:0000006c
17913874ns          296751 1c009122 02500793 addi             x15, x0, 37         x15=00000025
17913894ns          296752 1c009126 04f50863 beq              x10, x15, 80        x10:0000006c x15:00000025
17913914ns          296753 1c00912a 01a005b3 add              x11, x0, x26        x11=00000002 x26:00000002
17913934ns          296754 1c00912c 000b00e7 jalr             x1, x22, 0           x1=1c00912e x22:1c009038
17913974ns          296756 1c009038 000026b7 lui              x13, 0x2000         x13=00002000
17913994ns          296757 1c00903a f14027f3 csrrs            x15, x0, 0xf14      x15=00000001
17914014ns          296758 1c00903e f8068693 addi             x13, x13, -128      x13=00001f80 x13:00002000
17914033ns          296759 1c009042 00379713 slli             x14, x15, 0x3       x14=00000008 x15:00000001
17914053ns          296760 1c009046 00279793 slli             x15, x15, 0x2       x15=00000004 x15:00000001
17914073ns          296761 1c009048 00d7f7b3 and              x15, x15, x13       x15=00000000 x15:00000004 x13:00001f80
17914093ns          296762 1c00904a ee873733 p.bclr           x14, x14, 23, 8     x14=00000008 x14:00000008
17914113ns          296763 1c00904e 1a10f6b7 lui              x13, 0x1a10f000     x13=1a10f000
17914133ns          296764 1c009052 0ff57513 andi             x10, x10, 255       x10=0000006c x10:0000006c
17914153ns          296765 1c009056 00d70733 add              x14, x14, x13       x14=1a10f008 x14:00000008 x13:1a10f000
17914173ns          296766 1c009058 00a7e723 p.sw             x10, x0(x15)        x10:0000006c x15:00000000  PA:1a10f008
17914531ns          296784 1c00905c 00000513 addi             x10, x0, 0          x10=00000000
17914551ns          296785 1c00905e 00008067 jalr             x0, x1, 0            x1:1c00912e
17914610ns          296788 1c00912e 31f52563 p.beqimm         x10, 778            x10:00000000
17914630ns          296789 1c009132 001d8d93 addi             x27, x27, 1         x27=00000011 x27:00000010
17914650ns          296790 1c009134 00044503 lbu              x10, 0(x8)          x10=00000020  x8:1c000092  PA:1c000092
17914968ns          296806 1c009138 00140413 addi             x8, x8, 1            x8=1c000093  x8:1c000092
17914988ns          296807 1c00913a fe0514e3 bne              x10, x0, -24        x10:00000020
17915068ns          296811 1c009122 02500793 addi             x15, x0, 37         x15=00000025
17915088ns          296812 1c009126 04f50863 beq              x10, x15, 80        x10:00000020 x15:00000025
17915108ns          296813 1c00912a 01a005b3 add              x11, x0, x26        x11=00000002 x26:00000002
17915127ns          296814 1c00912c 000b00e7 jalr             x1, x22, 0           x1=1c00912e x22:1c009038
17915167ns          296816 1c009038 000026b7 lui              x13, 0x2000         x13=00002000
17915187ns          296817 1c00903a f14027f3 csrrs            x15, x0, 0xf14      x15=00000001
17915207ns          296818 1c00903e f8068693 addi             x13, x13, -128      x13=00001f80 x13:00002000
17915227ns          296819 1c009042 00379713 slli             x14, x15, 0x3       x14=00000008 x15:00000001
17915247ns          296820 1c009046 00279793 slli             x15, x15, 0x2       x15=00000004 x15:00000001
17915267ns          296821 1c009048 00d7f7b3 and              x15, x15, x13       x15=00000000 x15:00000004 x13:00001f80
17915287ns          296822 1c00904a ee873733 p.bclr           x14, x14, 23, 8     x14=00000008 x14:00000008
17915306ns          296823 1c00904e 1a10f6b7 lui              x13, 0x1a10f000     x13=1a10f000
17915326ns          296824 1c009052 0ff57513 andi             x10, x10, 255       x10=00000020 x10:00000020
17915346ns          296825 1c009056 00d70733 add              x14, x14, x13       x14=1a10f008 x14:00000008 x13:1a10f000
17915366ns          296826 1c009058 00a7e723 p.sw             x10, x0(x15)        x10:00000020 x15:00000000  PA:1a10f008
17915684ns          296842 1c00905c 00000513 addi             x10, x0, 0          x10=00000000
17915704ns          296843 1c00905e 00008067 jalr             x0, x1, 0            x1:1c00912e
17915764ns          296846 1c00912e 31f52563 p.beqimm         x10, 778            x10:00000000
17915784ns          296847 1c009132 001d8d93 addi             x27, x27, 1         x27=00000012 x27:00000011
17915804ns          296848 1c009134 00044503 lbu              x10, 0(x8)          x10=00000069  x8:1c000093  PA:1c000093
17916102ns          296863 1c009138 00140413 addi             x8, x8, 1            x8=1c000094  x8:1c000093
17916122ns          296864 1c00913a fe0514e3 bne              x10, x0, -24        x10:00000069
17916202ns          296868 1c009122 02500793 addi             x15, x0, 37         x15=00000025
17916221ns          296869 1c009126 04f50863 beq              x10, x15, 80        x10:00000069 x15:00000025
17916241ns          296870 1c00912a 01a005b3 add              x11, x0, x26        x11=00000002 x26:00000002
17916261ns          296871 1c00912c 000b00e7 jalr             x1, x22, 0           x1=1c00912e x22:1c009038
17916301ns          296873 1c009038 000026b7 lui              x13, 0x2000         x13=00002000
17916321ns          296874 1c00903a f14027f3 csrrs            x15, x0, 0xf14      x15=00000001
17916341ns          296875 1c00903e f8068693 addi             x13, x13, -128      x13=00001f80 x13:00002000
17916361ns          296876 1c009042 00379713 slli             x14, x15, 0x3       x14=00000008 x15:00000001
17916381ns          296877 1c009046 00279793 slli             x15, x15, 0x2       x15=00000004 x15:00000001
17916400ns          296878 1c009048 00d7f7b3 and              x15, x15, x13       x15=00000000 x15:00000004 x13:00001f80
17916420ns          296879 1c00904a ee873733 p.bclr           x14, x14, 23, 8     x14=00000008 x14:00000008
17916440ns          296880 1c00904e 1a10f6b7 lui              x13, 0x1a10f000     x13=1a10f000
17916460ns          296881 1c009052 0ff57513 andi             x10, x10, 255       x10=00000069 x10:00000069
17916480ns          296882 1c009056 00d70733 add              x14, x14, x13       x14=1a10f008 x14:00000008 x13:1a10f000
17916500ns          296883 1c009058 00a7e723 p.sw             x10, x0(x15)        x10:00000069 x15:00000000  PA:1a10f008
17916818ns          296899 1c00905c 00000513 addi             x10, x0, 0          x10=00000000
17916838ns          296900 1c00905e 00008067 jalr             x0, x1, 0            x1:1c00912e
17916898ns          296903 1c00912e 31f52563 p.beqimm         x10, 778            x10:00000000
17916918ns          296904 1c009132 001d8d93 addi             x27, x27, 1         x27=00000013 x27:00000012
17916938ns          296905 1c009134 00044503 lbu              x10, 0(x8)          x10=00000074  x8:1c000094  PA:1c000094
17917236ns          296920 1c009138 00140413 addi             x8, x8, 1            x8=1c000095  x8:1c000094
17917256ns          296921 1c00913a fe0514e3 bne              x10, x0, -24        x10:00000074
17917335ns          296925 1c009122 02500793 addi             x15, x0, 37         x15=00000025
17917355ns          296926 1c009126 04f50863 beq              x10, x15, 80        x10:00000074 x15:00000025
17917375ns          296927 1c00912a 01a005b3 add              x11, x0, x26        x11=00000002 x26:00000002
17917395ns          296928 1c00912c 000b00e7 jalr             x1, x22, 0           x1=1c00912e x22:1c009038
17917435ns          296930 1c009038 000026b7 lui              x13, 0x2000         x13=00002000
17917455ns          296931 1c00903a f14027f3 csrrs            x15, x0, 0xf14      x15=00000001
17917475ns          296932 1c00903e f8068693 addi             x13, x13, -128      x13=00001f80 x13:00002000
17917494ns          296933 1c009042 00379713 slli             x14, x15, 0x3       x14=00000008 x15:00000001
17917514ns          296934 1c009046 00279793 slli             x15, x15, 0x2       x15=00000004 x15:00000001
17917534ns          296935 1c009048 00d7f7b3 and              x15, x15, x13       x15=00000000 x15:00000004 x13:00001f80
17917554ns          296936 1c00904a ee873733 p.bclr           x14, x14, 23, 8     x14=00000008 x14:00000008
17917574ns          296937 1c00904e 1a10f6b7 lui              x13, 0x1a10f000     x13=1a10f000
17917594ns          296938 1c009052 0ff57513 andi             x10, x10, 255       x10=00000074 x10:00000074
17917614ns          296939 1c009056 00d70733 add              x14, x14, x13       x14=1a10f008 x14:00000008 x13:1a10f000
17917634ns          296940 1c009058 00a7e723 p.sw             x10, x0(x15)        x10:00000074 x15:00000000  PA:1a10f008
17917952ns          296956 1c00905c 00000513 addi             x10, x0, 0          x10=00000000
17917972ns          296957 1c00905e 00008067 jalr             x0, x1, 0            x1:1c00912e
17918032ns          296960 1c00912e 31f52563 p.beqimm         x10, 778            x10:00000000
17918051ns          296961 1c009132 001d8d93 addi             x27, x27, 1         x27=00000014 x27:00000013
17918071ns          296962 1c009134 00044503 lbu              x10, 0(x8)          x10=00000065  x8:1c000095  PA:1c000095
17918370ns          296977 1c009138 00140413 addi             x8, x8, 1            x8=1c000096  x8:1c000095
17918390ns          296978 1c00913a fe0514e3 bne              x10, x0, -24        x10:00000065
17918469ns          296982 1c009122 02500793 addi             x15, x0, 37         x15=00000025
17918489ns          296983 1c009126 04f50863 beq              x10, x15, 80        x10:00000065 x15:00000025
17918509ns          296984 1c00912a 01a005b3 add              x11, x0, x26        x11=00000002 x26:00000002
17918529ns          296985 1c00912c 000b00e7 jalr             x1, x22, 0           x1=1c00912e x22:1c009038
17918569ns          296987 1c009038 000026b7 lui              x13, 0x2000         x13=00002000
17918588ns          296988 1c00903a f14027f3 csrrs            x15, x0, 0xf14      x15=00000001
17918608ns          296989 1c00903e f8068693 addi             x13, x13, -128      x13=00001f80 x13:00002000
17918628ns          296990 1c009042 00379713 slli             x14, x15, 0x3       x14=00000008 x15:00000001
17918648ns          296991 1c009046 00279793 slli             x15, x15, 0x2       x15=00000004 x15:00000001
17918668ns          296992 1c009048 00d7f7b3 and              x15, x15, x13       x15=00000000 x15:00000004 x13:00001f80
17918688ns          296993 1c00904a ee873733 p.bclr           x14, x14, 23, 8     x14=00000008 x14:00000008
17918708ns          296994 1c00904e 1a10f6b7 lui              x13, 0x1a10f000     x13=1a10f000
17918728ns          296995 1c009052 0ff57513 andi             x10, x10, 255       x10=00000065 x10:00000065
17918748ns          296996 1c009056 00d70733 add              x14, x14, x13       x14=1a10f008 x14:00000008 x13:1a10f000
17918767ns          296997 1c009058 00a7e723 p.sw             x10, x0(x15)        x10:00000065 x15:00000000  PA:1a10f008
17919106ns          297014 1c00905c 00000513 addi             x10, x0, 0          x10=00000000
17919125ns          297015 1c00905e 00008067 jalr             x0, x1, 0            x1:1c00912e
17919185ns          297018 1c00912e 31f52563 p.beqimm         x10, 778            x10:00000000
17919205ns          297019 1c009132 001d8d93 addi             x27, x27, 1         x27=00000015 x27:00000014
17919225ns          297020 1c009134 00044503 lbu              x10, 0(x8)          x10=00000072  x8:1c000096  PA:1c000096
17919523ns          297035 1c009138 00140413 addi             x8, x8, 1            x8=1c000097  x8:1c000096
17919543ns          297036 1c00913a fe0514e3 bne              x10, x0, -24        x10:00000072
17919623ns          297040 1c009122 02500793 addi             x15, x0, 37         x15=00000025
17919643ns          297041 1c009126 04f50863 beq              x10, x15, 80        x10:00000072 x15:00000025
17919663ns          297042 1c00912a 01a005b3 add              x11, x0, x26        x11=00000002 x26:00000002
17919682ns          297043 1c00912c 000b00e7 jalr             x1, x22, 0           x1=1c00912e x22:1c009038
17919722ns          297045 1c009038 000026b7 lui              x13, 0x2000         x13=00002000
17919742ns          297046 1c00903a f14027f3 csrrs            x15, x0, 0xf14      x15=00000001
17919762ns          297047 1c00903e f8068693 addi             x13, x13, -128      x13=00001f80 x13:00002000
17919782ns          297048 1c009042 00379713 slli             x14, x15, 0x3       x14=00000008 x15:00000001
17919802ns          297049 1c009046 00279793 slli             x15, x15, 0x2       x15=00000004 x15:00000001
17919822ns          297050 1c009048 00d7f7b3 and              x15, x15, x13       x15=00000000 x15:00000004 x13:00001f80
17919842ns          297051 1c00904a ee873733 p.bclr           x14, x14, 23, 8     x14=00000008 x14:00000008
17919861ns          297052 1c00904e 1a10f6b7 lui              x13, 0x1a10f000     x13=1a10f000
17919881ns          297053 1c009052 0ff57513 andi             x10, x10, 255       x10=00000072 x10:00000072
17919901ns          297054 1c009056 00d70733 add              x14, x14, x13       x14=1a10f008 x14:00000008 x13:1a10f000
17919921ns          297055 1c009058 00a7e723 p.sw             x10, x0(x15)        x10:00000072 x15:00000000  PA:1a10f008
17920259ns          297072 1c00905c 00000513 addi             x10, x0, 0          x10=00000000
17920279ns          297073 1c00905e 00008067 jalr             x0, x1, 0            x1:1c00912e
17920339ns          297076 1c00912e 31f52563 p.beqimm         x10, 778            x10:00000000
17920359ns          297077 1c009132 001d8d93 addi             x27, x27, 1         x27=00000016 x27:00000015
17920379ns          297078 1c009134 00044503 lbu              x10, 0(x8)          x10=00000061  x8:1c000097  PA:1c000097
17920677ns          297093 1c009138 00140413 addi             x8, x8, 1            x8=1c000098  x8:1c000097
17920697ns          297094 1c00913a fe0514e3 bne              x10, x0, -24        x10:00000061
17920776ns          297098 1c009122 02500793 addi             x15, x0, 37         x15=00000025
17920796ns          297099 1c009126 04f50863 beq              x10, x15, 80        x10:00000061 x15:00000025
17920816ns          297100 1c00912a 01a005b3 add              x11, x0, x26        x11=00000002 x26:00000002
17920836ns          297101 1c00912c 000b00e7 jalr             x1, x22, 0           x1=1c00912e x22:1c009038
17920876ns          297103 1c009038 000026b7 lui              x13, 0x2000         x13=00002000
17920896ns          297104 1c00903a f14027f3 csrrs            x15, x0, 0xf14      x15=00000001
17920916ns          297105 1c00903e f8068693 addi             x13, x13, -128      x13=00001f80 x13:00002000
17920936ns          297106 1c009042 00379713 slli             x14, x15, 0x3       x14=00000008 x15:00000001
17920955ns          297107 1c009046 00279793 slli             x15, x15, 0x2       x15=00000004 x15:00000001
17920975ns          297108 1c009048 00d7f7b3 and              x15, x15, x13       x15=00000000 x15:00000004 x13:00001f80
17920995ns          297109 1c00904a ee873733 p.bclr           x14, x14, 23, 8     x14=00000008 x14:00000008
17921015ns          297110 1c00904e 1a10f6b7 lui              x13, 0x1a10f000     x13=1a10f000
17921035ns          297111 1c009052 0ff57513 andi             x10, x10, 255       x10=00000061 x10:00000061
17921055ns          297112 1c009056 00d70733 add              x14, x14, x13       x14=1a10f008 x14:00000008 x13:1a10f000
17921075ns          297113 1c009058 00a7e723 p.sw             x10, x0(x15)        x10:00000061 x15:00000000  PA:1a10f008
17921393ns          297129 1c00905c 00000513 addi             x10, x0, 0          x10=00000000
17921413ns          297130 1c00905e 00008067 jalr             x0, x1, 0            x1:1c00912e
17921473ns          297133 1c00912e 31f52563 p.beqimm         x10, 778            x10:00000000
17921492ns          297134 1c009132 001d8d93 addi             x27, x27, 1         x27=00000017 x27:00000016
17921512ns          297135 1c009134 00044503 lbu              x10, 0(x8)          x10=00000074  x8:1c000098  PA:1c000098
17921811ns          297150 1c009138 00140413 addi             x8, x8, 1            x8=1c000099  x8:1c000098
17921831ns          297151 1c00913a fe0514e3 bne              x10, x0, -24        x10:00000074
17921910ns          297155 1c009122 02500793 addi             x15, x0, 37         x15=00000025
17921930ns          297156 1c009126 04f50863 beq              x10, x15, 80        x10:00000074 x15:00000025
17921950ns          297157 1c00912a 01a005b3 add              x11, x0, x26        x11=00000002 x26:00000002
17921970ns          297158 1c00912c 000b00e7 jalr             x1, x22, 0           x1=1c00912e x22:1c009038
17922010ns          297160 1c009038 000026b7 lui              x13, 0x2000         x13=00002000
17922030ns          297161 1c00903a f14027f3 csrrs            x15, x0, 0xf14      x15=00000001
17922049ns          297162 1c00903e f8068693 addi             x13, x13, -128      x13=00001f80 x13:00002000
17922069ns          297163 1c009042 00379713 slli             x14, x15, 0x3       x14=00000008 x15:00000001
17922089ns          297164 1c009046 00279793 slli             x15, x15, 0x2       x15=00000004 x15:00000001
17922109ns          297165 1c009048 00d7f7b3 and              x15, x15, x13       x15=00000000 x15:00000004 x13:00001f80
17922129ns          297166 1c00904a ee873733 p.bclr           x14, x14, 23, 8     x14=00000008 x14:00000008
17922149ns          297167 1c00904e 1a10f6b7 lui              x13, 0x1a10f000     x13=1a10f000
17922169ns          297168 1c009052 0ff57513 andi             x10, x10, 255       x10=00000074 x10:00000074
17922189ns          297169 1c009056 00d70733 add              x14, x14, x13       x14=1a10f008 x14:00000008 x13:1a10f000
17922209ns          297170 1c009058 00a7e723 p.sw             x10, x0(x15)        x10:00000074 x15:00000000  PA:1a10f008
17922527ns          297186 1c00905c 00000513 addi             x10, x0, 0          x10=00000000
17922547ns          297187 1c00905e 00008067 jalr             x0, x1, 0            x1:1c00912e
17922606ns          297190 1c00912e 31f52563 p.beqimm         x10, 778            x10:00000000
17922626ns          297191 1c009132 001d8d93 addi             x27, x27, 1         x27=00000018 x27:00000017
17922646ns          297192 1c009134 00044503 lbu              x10, 0(x8)          x10=00000069  x8:1c000099  PA:1c000099
17922964ns          297208 1c009138 00140413 addi             x8, x8, 1            x8=1c00009a  x8:1c000099
17922984ns          297209 1c00913a fe0514e3 bne              x10, x0, -24        x10:00000069
17923064ns          297213 1c009122 02500793 addi             x15, x0, 37         x15=00000025
17923084ns          297214 1c009126 04f50863 beq              x10, x15, 80        x10:00000069 x15:00000025
17923104ns          297215 1c00912a 01a005b3 add              x11, x0, x26        x11=00000002 x26:00000002
17923124ns          297216 1c00912c 000b00e7 jalr             x1, x22, 0           x1=1c00912e x22:1c009038
17923163ns          297218 1c009038 000026b7 lui              x13, 0x2000         x13=00002000
17923183ns          297219 1c00903a f14027f3 csrrs            x15, x0, 0xf14      x15=00000001
17923203ns          297220 1c00903e f8068693 addi             x13, x13, -128      x13=00001f80 x13:00002000
17923223ns          297221 1c009042 00379713 slli             x14, x15, 0x3       x14=00000008 x15:00000001
17923243ns          297222 1c009046 00279793 slli             x15, x15, 0x2       x15=00000004 x15:00000001
17923263ns          297223 1c009048 00d7f7b3 and              x15, x15, x13       x15=00000000 x15:00000004 x13:00001f80
17923283ns          297224 1c00904a ee873733 p.bclr           x14, x14, 23, 8     x14=00000008 x14:00000008
17923303ns          297225 1c00904e 1a10f6b7 lui              x13, 0x1a10f000     x13=1a10f000
17923322ns          297226 1c009052 0ff57513 andi             x10, x10, 255       x10=00000069 x10:00000069
17923342ns          297227 1c009056 00d70733 add              x14, x14, x13       x14=1a10f008 x14:00000008 x13:1a10f000
17923362ns          297228 1c009058 00a7e723 p.sw             x10, x0(x15)        x10:00000069 x15:00000000  PA:1a10f008
17923680ns          297244 1c00905c 00000513 addi             x10, x0, 0          x10=00000000
17923700ns          297245 1c00905e 00008067 jalr             x0, x1, 0            x1:1c00912e
17923760ns          297248 1c00912e 31f52563 p.beqimm         x10, 778            x10:00000000
17923780ns          297249 1c009132 001d8d93 addi             x27, x27, 1         x27=00000019 x27:00000018
17923800ns          297250 1c009134 00044503 lbu              x10, 0(x8)          x10=0000006f  x8:1c00009a  PA:1c00009a
17924098ns          297265 1c009138 00140413 addi             x8, x8, 1            x8=1c00009b  x8:1c00009a
17924118ns          297266 1c00913a fe0514e3 bne              x10, x0, -24        x10:0000006f
17924198ns          297270 1c009122 02500793 addi             x15, x0, 37         x15=00000025
17924218ns          297271 1c009126 04f50863 beq              x10, x15, 80        x10:0000006f x15:00000025
17924237ns          297272 1c00912a 01a005b3 add              x11, x0, x26        x11=00000002 x26:00000002
17924257ns          297273 1c00912c 000b00e7 jalr             x1, x22, 0           x1=1c00912e x22:1c009038
17924297ns          297275 1c009038 000026b7 lui              x13, 0x2000         x13=00002000
17924317ns          297276 1c00903a f14027f3 csrrs            x15, x0, 0xf14      x15=00000001
17924337ns          297277 1c00903e f8068693 addi             x13, x13, -128      x13=00001f80 x13:00002000
17924357ns          297278 1c009042 00379713 slli             x14, x15, 0x3       x14=00000008 x15:00000001
17924377ns          297279 1c009046 00279793 slli             x15, x15, 0x2       x15=00000004 x15:00000001
17924397ns          297280 1c009048 00d7f7b3 and              x15, x15, x13       x15=00000000 x15:00000004 x13:00001f80
17924416ns          297281 1c00904a ee873733 p.bclr           x14, x14, 23, 8     x14=00000008 x14:00000008
17924436ns          297282 1c00904e 1a10f6b7 lui              x13, 0x1a10f000     x13=1a10f000
17924456ns          297283 1c009052 0ff57513 andi             x10, x10, 255       x10=0000006f x10:0000006f
17924476ns          297284 1c009056 00d70733 add              x14, x14, x13       x14=1a10f008 x14:00000008 x13:1a10f000
17924496ns          297285 1c009058 00a7e723 p.sw             x10, x0(x15)        x10:0000006f x15:00000000  PA:1a10f008
17924814ns          297301 1c00905c 00000513 addi             x10, x0, 0          x10=00000000
17924834ns          297302 1c00905e 00008067 jalr             x0, x1, 0            x1:1c00912e
17924894ns          297305 1c00912e 31f52563 p.beqimm         x10, 778            x10:00000000
17924914ns          297306 1c009132 001d8d93 addi             x27, x27, 1         x27=0000001a x27:00000019
17924934ns          297307 1c009134 00044503 lbu              x10, 0(x8)          x10=0000006e  x8:1c00009b  PA:1c00009b
17925252ns          297323 1c009138 00140413 addi             x8, x8, 1            x8=1c00009c  x8:1c00009b
17925272ns          297324 1c00913a fe0514e3 bne              x10, x0, -24        x10:0000006e
17925351ns          297328 1c009122 02500793 addi             x15, x0, 37         x15=00000025
17925371ns          297329 1c009126 04f50863 beq              x10, x15, 80        x10:0000006e x15:00000025
17925391ns          297330 1c00912a 01a005b3 add              x11, x0, x26        x11=00000002 x26:00000002
17925411ns          297331 1c00912c 000b00e7 jalr             x1, x22, 0           x1=1c00912e x22:1c009038
17925451ns          297333 1c009038 000026b7 lui              x13, 0x2000         x13=00002000
17925471ns          297334 1c00903a f14027f3 csrrs            x15, x0, 0xf14      x15=00000001
17925491ns          297335 1c00903e f8068693 addi             x13, x13, -128      x13=00001f80 x13:00002000
17925510ns          297336 1c009042 00379713 slli             x14, x15, 0x3       x14=00000008 x15:00000001
17925530ns          297337 1c009046 00279793 slli             x15, x15, 0x2       x15=00000004 x15:00000001
17925550ns          297338 1c009048 00d7f7b3 and              x15, x15, x13       x15=00000000 x15:00000004 x13:00001f80
17925570ns          297339 1c00904a ee873733 p.bclr           x14, x14, 23, 8     x14=00000008 x14:00000008
17925590ns          297340 1c00904e 1a10f6b7 lui              x13, 0x1a10f000     x13=1a10f000
17925610ns          297341 1c009052 0ff57513 andi             x10, x10, 255       x10=0000006e x10:0000006e
17925630ns          297342 1c009056 00d70733 add              x14, x14, x13       x14=1a10f008 x14:00000008 x13:1a10f000
17925650ns          297343 1c009058 00a7e723 p.sw             x10, x0(x15)        x10:0000006e x15:00000000  PA:1a10f008
17925968ns          297359 1c00905c 00000513 addi             x10, x0, 0          x10=00000000
17925988ns          297360 1c00905e 00008067 jalr             x0, x1, 0            x1:1c00912e
17926047ns          297363 1c00912e 31f52563 p.beqimm         x10, 778            x10:00000000
17926067ns          297364 1c009132 001d8d93 addi             x27, x27, 1         x27=0000001b x27:0000001a
17926087ns          297365 1c009134 00044503 lbu              x10, 0(x8)          x10=00000073  x8:1c00009c  PA:1c00009c
17926386ns          297380 1c009138 00140413 addi             x8, x8, 1            x8=1c00009d  x8:1c00009c
17926406ns          297381 1c00913a fe0514e3 bne              x10, x0, -24        x10:00000073
17926485ns          297385 1c009122 02500793 addi             x15, x0, 37         x15=00000025
17926505ns          297386 1c009126 04f50863 beq              x10, x15, 80        x10:00000073 x15:00000025
17926525ns          297387 1c00912a 01a005b3 add              x11, x0, x26        x11=00000002 x26:00000002
17926545ns          297388 1c00912c 000b00e7 jalr             x1, x22, 0           x1=1c00912e x22:1c009038
17926585ns          297390 1c009038 000026b7 lui              x13, 0x2000         x13=00002000
17926604ns          297391 1c00903a f14027f3 csrrs            x15, x0, 0xf14      x15=00000001
17926624ns          297392 1c00903e f8068693 addi             x13, x13, -128      x13=00001f80 x13:00002000
17926644ns          297393 1c009042 00379713 slli             x14, x15, 0x3       x14=00000008 x15:00000001
17926664ns          297394 1c009046 00279793 slli             x15, x15, 0x2       x15=00000004 x15:00000001
17926684ns          297395 1c009048 00d7f7b3 and              x15, x15, x13       x15=00000000 x15:00000004 x13:00001f80
17926704ns          297396 1c00904a ee873733 p.bclr           x14, x14, 23, 8     x14=00000008 x14:00000008
17926724ns          297397 1c00904e 1a10f6b7 lui              x13, 0x1a10f000     x13=1a10f000
17926744ns          297398 1c009052 0ff57513 andi             x10, x10, 255       x10=00000073 x10:00000073
17926764ns          297399 1c009056 00d70733 add              x14, x14, x13       x14=1a10f008 x14:00000008 x13:1a10f000
17926783ns          297400 1c009058 00a7e723 p.sw             x10, x0(x15)        x10:00000073 x15:00000000  PA:1a10f008
17927102ns          297416 1c00905c 00000513 addi             x10, x0, 0          x10=00000000
17927122ns          297417 1c00905e 00008067 jalr             x0, x1, 0            x1:1c00912e
17927181ns          297420 1c00912e 31f52563 p.beqimm         x10, 778            x10:00000000
17927201ns          297421 1c009132 001d8d93 addi             x27, x27, 1         x27=0000001c x27:0000001b
17927221ns          297422 1c009134 00044503 lbu              x10, 0(x8)          x10=0000002e  x8:1c00009d  PA:1c00009d
17927519ns          297437 1c009138 00140413 addi             x8, x8, 1            x8=1c00009e  x8:1c00009d
17927539ns          297438 1c00913a fe0514e3 bne              x10, x0, -24        x10:0000002e
17927619ns          297442 1c009122 02500793 addi             x15, x0, 37         x15=00000025
17927639ns          297443 1c009126 04f50863 beq              x10, x15, 80        x10:0000002e x15:00000025
17927659ns          297444 1c00912a 01a005b3 add              x11, x0, x26        x11=00000002 x26:00000002
17927679ns          297445 1c00912c 000b00e7 jalr             x1, x22, 0           x1=1c00912e x22:1c009038
17927718ns          297447 1c009038 000026b7 lui              x13, 0x2000         x13=00002000
17927738ns          297448 1c00903a f14027f3 csrrs            x15, x0, 0xf14      x15=00000001
17927758ns          297449 1c00903e f8068693 addi             x13, x13, -128      x13=00001f80 x13:00002000
17927778ns          297450 1c009042 00379713 slli             x14, x15, 0x3       x14=00000008 x15:00000001
17927798ns          297451 1c009046 00279793 slli             x15, x15, 0x2       x15=00000004 x15:00000001
17927818ns          297452 1c009048 00d7f7b3 and              x15, x15, x13       x15=00000000 x15:00000004 x13:00001f80
17927838ns          297453 1c00904a ee873733 p.bclr           x14, x14, 23, 8     x14=00000008 x14:00000008
17927858ns          297454 1c00904e 1a10f6b7 lui              x13, 0x1a10f000     x13=1a10f000
17927877ns          297455 1c009052 0ff57513 andi             x10, x10, 255       x10=0000002e x10:0000002e
17927897ns          297456 1c009056 00d70733 add              x14, x14, x13       x14=1a10f008 x14:00000008 x13:1a10f000
17927917ns          297457 1c009058 00a7e723 p.sw             x10, x0(x15)        x10:0000002e x15:00000000  PA:1a10f008
17928255ns          297474 1c00905c 00000513 addi             x10, x0, 0          x10=00000000
17928275ns          297475 1c00905e 00008067 jalr             x0, x1, 0            x1:1c00912e
17928335ns          297478 1c00912e 31f52563 p.beqimm         x10, 778            x10:00000000
17928355ns          297479 1c009132 001d8d93 addi             x27, x27, 1         x27=0000001d x27:0000001c
17928375ns          297480 1c009134 00044503 lbu              x10, 0(x8)          x10=0000002e  x8:1c00009e  PA:1c00009e
17928673ns          297495 1c009138 00140413 addi             x8, x8, 1            x8=1c00009f  x8:1c00009e
17928693ns          297496 1c00913a fe0514e3 bne              x10, x0, -24        x10:0000002e
17928773ns          297500 1c009122 02500793 addi             x15, x0, 37         x15=00000025
17928792ns          297501 1c009126 04f50863 beq              x10, x15, 80        x10:0000002e x15:00000025
17928812ns          297502 1c00912a 01a005b3 add              x11, x0, x26        x11=00000002 x26:00000002
17928832ns          297503 1c00912c 000b00e7 jalr             x1, x22, 0           x1=1c00912e x22:1c009038
17928872ns          297505 1c009038 000026b7 lui              x13, 0x2000         x13=00002000
17928892ns          297506 1c00903a f14027f3 csrrs            x15, x0, 0xf14      x15=00000001
17928912ns          297507 1c00903e f8068693 addi             x13, x13, -128      x13=00001f80 x13:00002000
17928932ns          297508 1c009042 00379713 slli             x14, x15, 0x3       x14=00000008 x15:00000001
17928952ns          297509 1c009046 00279793 slli             x15, x15, 0x2       x15=00000004 x15:00000001
17928971ns          297510 1c009048 00d7f7b3 and              x15, x15, x13       x15=00000000 x15:00000004 x13:00001f80
17928991ns          297511 1c00904a ee873733 p.bclr           x14, x14, 23, 8     x14=00000008 x14:00000008
17929011ns          297512 1c00904e 1a10f6b7 lui              x13, 0x1a10f000     x13=1a10f000
17929031ns          297513 1c009052 0ff57513 andi             x10, x10, 255       x10=0000002e x10:0000002e
17929051ns          297514 1c009056 00d70733 add              x14, x14, x13       x14=1a10f008 x14:00000008 x13:1a10f000
17929071ns          297515 1c009058 00a7e723 p.sw             x10, x0(x15)        x10:0000002e x15:00000000  PA:1a10f008
17929389ns          297531 1c00905c 00000513 addi             x10, x0, 0          x10=00000000
17929409ns          297532 1c00905e 00008067 jalr             x0, x1, 0            x1:1c00912e
17929469ns          297535 1c00912e 31f52563 p.beqimm         x10, 778            x10:00000000
17929489ns          297536 1c009132 001d8d93 addi             x27, x27, 1         x27=0000001e x27:0000001d
17929508ns          297537 1c009134 00044503 lbu              x10, 0(x8)          x10=0000002e  x8:1c00009f  PA:1c00009f
17929807ns          297552 1c009138 00140413 addi             x8, x8, 1            x8=1c0000a0  x8:1c00009f
17929827ns          297553 1c00913a fe0514e3 bne              x10, x0, -24        x10:0000002e
17929906ns          297557 1c009122 02500793 addi             x15, x0, 37         x15=00000025
17929926ns          297558 1c009126 04f50863 beq              x10, x15, 80        x10:0000002e x15:00000025
17929946ns          297559 1c00912a 01a005b3 add              x11, x0, x26        x11=00000002 x26:00000002
17929966ns          297560 1c00912c 000b00e7 jalr             x1, x22, 0           x1=1c00912e x22:1c009038
17930006ns          297562 1c009038 000026b7 lui              x13, 0x2000         x13=00002000
17930026ns          297563 1c00903a f14027f3 csrrs            x15, x0, 0xf14      x15=00000001
17930046ns          297564 1c00903e f8068693 addi             x13, x13, -128      x13=00001f80 x13:00002000
17930065ns          297565 1c009042 00379713 slli             x14, x15, 0x3       x14=00000008 x15:00000001
17930085ns          297566 1c009046 00279793 slli             x15, x15, 0x2       x15=00000004 x15:00000001
17930105ns          297567 1c009048 00d7f7b3 and              x15, x15, x13       x15=00000000 x15:00000004 x13:00001f80
17930125ns          297568 1c00904a ee873733 p.bclr           x14, x14, 23, 8     x14=00000008 x14:00000008
17930145ns          297569 1c00904e 1a10f6b7 lui              x13, 0x1a10f000     x13=1a10f000
17930165ns          297570 1c009052 0ff57513 andi             x10, x10, 255       x10=0000002e x10:0000002e
17930185ns          297571 1c009056 00d70733 add              x14, x14, x13       x14=1a10f008 x14:00000008 x13:1a10f000
17930205ns          297572 1c009058 00a7e723 p.sw             x10, x0(x15)        x10:0000002e x15:00000000  PA:1a10f008
17930523ns          297588 1c00905c 00000513 addi             x10, x0, 0          x10=00000000
17930543ns          297589 1c00905e 00008067 jalr             x0, x1, 0            x1:1c00912e
17930602ns          297592 1c00912e 31f52563 p.beqimm         x10, 778            x10:00000000
17930622ns          297593 1c009132 001d8d93 addi             x27, x27, 1         x27=0000001f x27:0000001e
17930642ns          297594 1c009134 00044503 lbu              x10, 0(x8)          x10=00000020  x8:1c0000a0  PA:1c0000a0
17930960ns          297610 1c009138 00140413 addi             x8, x8, 1            x8=1c0000a1  x8:1c0000a0
17930980ns          297611 1c00913a fe0514e3 bne              x10, x0, -24        x10:00000020
17931060ns          297615 1c009122 02500793 addi             x15, x0, 37         x15=00000025
17931080ns          297616 1c009126 04f50863 beq              x10, x15, 80        x10:00000020 x15:00000025
17931100ns          297617 1c00912a 01a005b3 add              x11, x0, x26        x11=00000002 x26:00000002
17931120ns          297618 1c00912c 000b00e7 jalr             x1, x22, 0           x1=1c00912e x22:1c009038
17931159ns          297620 1c009038 000026b7 lui              x13, 0x2000         x13=00002000
17931179ns          297621 1c00903a f14027f3 csrrs            x15, x0, 0xf14      x15=00000001
17931199ns          297622 1c00903e f8068693 addi             x13, x13, -128      x13=00001f80 x13:00002000
17931219ns          297623 1c009042 00379713 slli             x14, x15, 0x3       x14=00000008 x15:00000001
17931239ns          297624 1c009046 00279793 slli             x15, x15, 0x2       x15=00000004 x15:00000001
17931259ns          297625 1c009048 00d7f7b3 and              x15, x15, x13       x15=00000000 x15:00000004 x13:00001f80
17931279ns          297626 1c00904a ee873733 p.bclr           x14, x14, 23, 8     x14=00000008 x14:00000008
17931299ns          297627 1c00904e 1a10f6b7 lui              x13, 0x1a10f000     x13=1a10f000
17931319ns          297628 1c009052 0ff57513 andi             x10, x10, 255       x10=00000020 x10:00000020
17931338ns          297629 1c009056 00d70733 add              x14, x14, x13       x14=1a10f008 x14:00000008 x13:1a10f000
17931358ns          297630 1c009058 00a7e723 p.sw             x10, x0(x15)        x10:00000020 x15:00000000  PA:1a10f008
17931677ns          297646 1c00905c 00000513 addi             x10, x0, 0          x10=00000000
17931696ns          297647 1c00905e 00008067 jalr             x0, x1, 0            x1:1c00912e
17931756ns          297650 1c00912e 31f52563 p.beqimm         x10, 778            x10:00000000
17931776ns          297651 1c009132 001d8d93 addi             x27, x27, 1         x27=00000020 x27:0000001f
17931796ns          297652 1c009134 00044503 lbu              x10, 0(x8)          x10=00000028  x8:1c0000a1  PA:1c0000a1
17932094ns          297667 1c009138 00140413 addi             x8, x8, 1            x8=1c0000a2  x8:1c0000a1
17932114ns          297668 1c00913a fe0514e3 bne              x10, x0, -24        x10:00000028
17932194ns          297672 1c009122 02500793 addi             x15, x0, 37         x15=00000025
17932214ns          297673 1c009126 04f50863 beq              x10, x15, 80        x10:00000028 x15:00000025
17932234ns          297674 1c00912a 01a005b3 add              x11, x0, x26        x11=00000002 x26:00000002
17932253ns          297675 1c00912c 000b00e7 jalr             x1, x22, 0           x1=1c00912e x22:1c009038
17932293ns          297677 1c009038 000026b7 lui              x13, 0x2000         x13=00002000
17932313ns          297678 1c00903a f14027f3 csrrs            x15, x0, 0xf14      x15=00000001
17932333ns          297679 1c00903e f8068693 addi             x13, x13, -128      x13=00001f80 x13:00002000
17932353ns          297680 1c009042 00379713 slli             x14, x15, 0x3       x14=00000008 x15:00000001
17932373ns          297681 1c009046 00279793 slli             x15, x15, 0x2       x15=00000004 x15:00000001
17932393ns          297682 1c009048 00d7f7b3 and              x15, x15, x13       x15=00000000 x15:00000004 x13:00001f80
17932413ns          297683 1c00904a ee873733 p.bclr           x14, x14, 23, 8     x14=00000008 x14:00000008
17932432ns          297684 1c00904e 1a10f6b7 lui              x13, 0x1a10f000     x13=1a10f000
17932452ns          297685 1c009052 0ff57513 andi             x10, x10, 255       x10=00000028 x10:00000028
17932472ns          297686 1c009056 00d70733 add              x14, x14, x13       x14=1a10f008 x14:00000008 x13:1a10f000
17932492ns          297687 1c009058 00a7e723 p.sw             x10, x0(x15)        x10:00000028 x15:00000000  PA:1a10f008
17932810ns          297703 1c00905c 00000513 addi             x10, x0, 0          x10=00000000
17932830ns          297704 1c00905e 00008067 jalr             x0, x1, 0            x1:1c00912e
17932890ns          297707 1c00912e 31f52563 p.beqimm         x10, 778            x10:00000000
17932910ns          297708 1c009132 001d8d93 addi             x27, x27, 1         x27=00000021 x27:00000020
17932930ns          297709 1c009134 00044503 lbu              x10, 0(x8)          x10=00000063  x8:1c0000a2  PA:1c0000a2
17933228ns          297724 1c009138 00140413 addi             x8, x8, 1            x8=1c0000a3  x8:1c0000a2
17933248ns          297725 1c00913a fe0514e3 bne              x10, x0, -24        x10:00000063
17933327ns          297729 1c009122 02500793 addi             x15, x0, 37         x15=00000025
17933347ns          297730 1c009126 04f50863 beq              x10, x15, 80        x10:00000063 x15:00000025
17933367ns          297731 1c00912a 01a005b3 add              x11, x0, x26        x11=00000002 x26:00000002
17933387ns          297732 1c00912c 000b00e7 jalr             x1, x22, 0           x1=1c00912e x22:1c009038
17933427ns          297734 1c009038 000026b7 lui              x13, 0x2000         x13=00002000
17933447ns          297735 1c00903a f14027f3 csrrs            x15, x0, 0xf14      x15=00000001
17933467ns          297736 1c00903e f8068693 addi             x13, x13, -128      x13=00001f80 x13:00002000
17933487ns          297737 1c009042 00379713 slli             x14, x15, 0x3       x14=00000008 x15:00000001
17933507ns          297738 1c009046 00279793 slli             x15, x15, 0x2       x15=00000004 x15:00000001
17933526ns          297739 1c009048 00d7f7b3 and              x15, x15, x13       x15=00000000 x15:00000004 x13:00001f80
17933546ns          297740 1c00904a ee873733 p.bclr           x14, x14, 23, 8     x14=00000008 x14:00000008
17933566ns          297741 1c00904e 1a10f6b7 lui              x13, 0x1a10f000     x13=1a10f000
17933586ns          297742 1c009052 0ff57513 andi             x10, x10, 255       x10=00000063 x10:00000063
17933606ns          297743 1c009056 00d70733 add              x14, x14, x13       x14=1a10f008 x14:00000008 x13:1a10f000
17933626ns          297744 1c009058 00a7e723 p.sw             x10, x0(x15)        x10:00000063 x15:00000000  PA:1a10f008
17933944ns          297760 1c00905c 00000513 addi             x10, x0, 0          x10=00000000
17933964ns          297761 1c00905e 00008067 jalr             x0, x1, 0            x1:1c00912e
17934024ns          297764 1c00912e 31f52563 p.beqimm         x10, 778            x10:00000000
17934044ns          297765 1c009132 001d8d93 addi             x27, x27, 1         x27=00000022 x27:00000021
17934063ns          297766 1c009134 00044503 lbu              x10, 0(x8)          x10=0000006f  x8:1c0000a3  PA:1c0000a3
17934382ns          297782 1c009138 00140413 addi             x8, x8, 1            x8=1c0000a4  x8:1c0000a3
17934402ns          297783 1c00913a fe0514e3 bne              x10, x0, -24        x10:0000006f
17934481ns          297787 1c009122 02500793 addi             x15, x0, 37         x15=00000025
17934501ns          297788 1c009126 04f50863 beq              x10, x15, 80        x10:0000006f x15:00000025
17934521ns          297789 1c00912a 01a005b3 add              x11, x0, x26        x11=00000002 x26:00000002
17934541ns          297790 1c00912c 000b00e7 jalr             x1, x22, 0           x1=1c00912e x22:1c009038
17934581ns          297792 1c009038 000026b7 lui              x13, 0x2000         x13=00002000
17934601ns          297793 1c00903a f14027f3 csrrs            x15, x0, 0xf14      x15=00000001
17934620ns          297794 1c00903e f8068693 addi             x13, x13, -128      x13=00001f80 x13:00002000
17934640ns          297795 1c009042 00379713 slli             x14, x15, 0x3       x14=00000008 x15:00000001
17934660ns          297796 1c009046 00279793 slli             x15, x15, 0x2       x15=00000004 x15:00000001
17934680ns          297797 1c009048 00d7f7b3 and              x15, x15, x13       x15=00000000 x15:00000004 x13:00001f80
17934700ns          297798 1c00904a ee873733 p.bclr           x14, x14, 23, 8     x14=00000008 x14:00000008
17934720ns          297799 1c00904e 1a10f6b7 lui              x13, 0x1a10f000     x13=1a10f000
17934740ns          297800 1c009052 0ff57513 andi             x10, x10, 255       x10=0000006f x10:0000006f
17934760ns          297801 1c009056 00d70733 add              x14, x14, x13       x14=1a10f008 x14:00000008 x13:1a10f000
17934780ns          297802 1c009058 00a7e723 p.sw             x10, x0(x15)        x10:0000006f x15:00000000  PA:1a10f008
17935098ns          297818 1c00905c 00000513 addi             x10, x0, 0          x10=00000000
17935118ns          297819 1c00905e 00008067 jalr             x0, x1, 0            x1:1c00912e
17935177ns          297822 1c00912e 31f52563 p.beqimm         x10, 778            x10:00000000
17935197ns          297823 1c009132 001d8d93 addi             x27, x27, 1         x27=00000023 x27:00000022
17935217ns          297824 1c009134 00044503 lbu              x10, 0(x8)          x10=00000072  x8:1c0000a4  PA:1c0000a4
17935515ns          297839 1c009138 00140413 addi             x8, x8, 1            x8=1c0000a5  x8:1c0000a4
17935535ns          297840 1c00913a fe0514e3 bne              x10, x0, -24        x10:00000072
17935615ns          297844 1c009122 02500793 addi             x15, x0, 37         x15=00000025
17935635ns          297845 1c009126 04f50863 beq              x10, x15, 80        x10:00000072 x15:00000025
17935655ns          297846 1c00912a 01a005b3 add              x11, x0, x26        x11=00000002 x26:00000002
17935675ns          297847 1c00912c 000b00e7 jalr             x1, x22, 0           x1=1c00912e x22:1c009038
17935714ns          297849 1c009038 000026b7 lui              x13, 0x2000         x13=00002000
17935734ns          297850 1c00903a f14027f3 csrrs            x15, x0, 0xf14      x15=00000001
17935754ns          297851 1c00903e f8068693 addi             x13, x13, -128      x13=00001f80 x13:00002000
17935774ns          297852 1c009042 00379713 slli             x14, x15, 0x3       x14=00000008 x15:00000001
17935794ns          297853 1c009046 00279793 slli             x15, x15, 0x2       x15=00000004 x15:00000001
17935814ns          297854 1c009048 00d7f7b3 and              x15, x15, x13       x15=00000000 x15:00000004 x13:00001f80
17935834ns          297855 1c00904a ee873733 p.bclr           x14, x14, 23, 8     x14=00000008 x14:00000008
17935854ns          297856 1c00904e 1a10f6b7 lui              x13, 0x1a10f000     x13=1a10f000
17935874ns          297857 1c009052 0ff57513 andi             x10, x10, 255       x10=00000072 x10:00000072
17935893ns          297858 1c009056 00d70733 add              x14, x14, x13       x14=1a10f008 x14:00000008 x13:1a10f000
17935913ns          297859 1c009058 00a7e723 p.sw             x10, x0(x15)        x10:00000072 x15:00000000  PA:1a10f008
17936251ns          297876 1c00905c 00000513 addi             x10, x0, 0          x10=00000000
17936271ns          297877 1c00905e 00008067 jalr             x0, x1, 0            x1:1c00912e
17936331ns          297880 1c00912e 31f52563 p.beqimm         x10, 778            x10:00000000
17936351ns          297881 1c009132 001d8d93 addi             x27, x27, 1         x27=00000024 x27:00000023
17936371ns          297882 1c009134 00044503 lbu              x10, 0(x8)          x10=00000065  x8:1c0000a5  PA:1c0000a5
17936669ns          297897 1c009138 00140413 addi             x8, x8, 1            x8=1c0000a6  x8:1c0000a5
17936689ns          297898 1c00913a fe0514e3 bne              x10, x0, -24        x10:00000065
17936769ns          297902 1c009122 02500793 addi             x15, x0, 37         x15=00000025
17936788ns          297903 1c009126 04f50863 beq              x10, x15, 80        x10:00000065 x15:00000025
17936808ns          297904 1c00912a 01a005b3 add              x11, x0, x26        x11=00000002 x26:00000002
17936828ns          297905 1c00912c 000b00e7 jalr             x1, x22, 0           x1=1c00912e x22:1c009038
17936868ns          297907 1c009038 000026b7 lui              x13, 0x2000         x13=00002000
17936888ns          297908 1c00903a f14027f3 csrrs            x15, x0, 0xf14      x15=00000001
17936908ns          297909 1c00903e f8068693 addi             x13, x13, -128      x13=00001f80 x13:00002000
17936928ns          297910 1c009042 00379713 slli             x14, x15, 0x3       x14=00000008 x15:00000001
17936948ns          297911 1c009046 00279793 slli             x15, x15, 0x2       x15=00000004 x15:00000001
17936968ns          297912 1c009048 00d7f7b3 and              x15, x15, x13       x15=00000000 x15:00000004 x13:00001f80
17936987ns          297913 1c00904a ee873733 p.bclr           x14, x14, 23, 8     x14=00000008 x14:00000008
17937007ns          297914 1c00904e 1a10f6b7 lui              x13, 0x1a10f000     x13=1a10f000
17937027ns          297915 1c009052 0ff57513 andi             x10, x10, 255       x10=00000065 x10:00000065
17937047ns          297916 1c009056 00d70733 add              x14, x14, x13       x14=1a10f008 x14:00000008 x13:1a10f000
17937067ns          297917 1c009058 00a7e723 p.sw             x10, x0(x15)        x10:00000065 x15:00000000  PA:1a10f008
17937385ns          297933 1c00905c 00000513 addi             x10, x0, 0          x10=00000000
17937405ns          297934 1c00905e 00008067 jalr             x0, x1, 0            x1:1c00912e
17937465ns          297937 1c00912e 31f52563 p.beqimm         x10, 778            x10:00000000
17937485ns          297938 1c009132 001d8d93 addi             x27, x27, 1         x27=00000025 x27:00000024
17937505ns          297939 1c009134 00044503 lbu              x10, 0(x8)          x10=00000069  x8:1c0000a6  PA:1c0000a6
17937803ns          297954 1c009138 00140413 addi             x8, x8, 1            x8=1c0000a7  x8:1c0000a6
17937823ns          297955 1c00913a fe0514e3 bne              x10, x0, -24        x10:00000069
17937902ns          297959 1c009122 02500793 addi             x15, x0, 37         x15=00000025
17937922ns          297960 1c009126 04f50863 beq              x10, x15, 80        x10:00000069 x15:00000025
17937942ns          297961 1c00912a 01a005b3 add              x11, x0, x26        x11=00000002 x26:00000002
17937962ns          297962 1c00912c 000b00e7 jalr             x1, x22, 0           x1=1c00912e x22:1c009038
17938002ns          297964 1c009038 000026b7 lui              x13, 0x2000         x13=00002000
17938022ns          297965 1c00903a f14027f3 csrrs            x15, x0, 0xf14      x15=00000001
17938042ns          297966 1c00903e f8068693 addi             x13, x13, -128      x13=00001f80 x13:00002000
17938061ns          297967 1c009042 00379713 slli             x14, x15, 0x3       x14=00000008 x15:00000001
17938081ns          297968 1c009046 00279793 slli             x15, x15, 0x2       x15=00000004 x15:00000001
17938101ns          297969 1c009048 00d7f7b3 and              x15, x15, x13       x15=00000000 x15:00000004 x13:00001f80
17938121ns          297970 1c00904a ee873733 p.bclr           x14, x14, 23, 8     x14=00000008 x14:00000008
17938141ns          297971 1c00904e 1a10f6b7 lui              x13, 0x1a10f000     x13=1a10f000
17938161ns          297972 1c009052 0ff57513 andi             x10, x10, 255       x10=00000069 x10:00000069
17938181ns          297973 1c009056 00d70733 add              x14, x14, x13       x14=1a10f008 x14:00000008 x13:1a10f000
17938201ns          297974 1c009058 00a7e723 p.sw             x10, x0(x15)        x10:00000069 x15:00000000  PA:1a10f008
17938519ns          297990 1c00905c 00000513 addi             x10, x0, 0          x10=00000000
17938539ns          297991 1c00905e 00008067 jalr             x0, x1, 0            x1:1c00912e
17938599ns          297994 1c00912e 31f52563 p.beqimm         x10, 778            x10:00000000
17938618ns          297995 1c009132 001d8d93 addi             x27, x27, 1         x27=00000026 x27:00000025
17938638ns          297996 1c009134 00044503 lbu              x10, 0(x8)          x10=00000064  x8:1c0000a7  PA:1c0000a7
17938957ns          298012 1c009138 00140413 addi             x8, x8, 1            x8=1c0000a8  x8:1c0000a7
17938976ns          298013 1c00913a fe0514e3 bne              x10, x0, -24        x10:00000064
17939056ns          298017 1c009122 02500793 addi             x15, x0, 37         x15=00000025
17939076ns          298018 1c009126 04f50863 beq              x10, x15, 80        x10:00000064 x15:00000025
17939096ns          298019 1c00912a 01a005b3 add              x11, x0, x26        x11=00000002 x26:00000002
17939116ns          298020 1c00912c 000b00e7 jalr             x1, x22, 0           x1=1c00912e x22:1c009038
17939155ns          298022 1c009038 000026b7 lui              x13, 0x2000         x13=00002000
17939175ns          298023 1c00903a f14027f3 csrrs            x15, x0, 0xf14      x15=00000001
17939195ns          298024 1c00903e f8068693 addi             x13, x13, -128      x13=00001f80 x13:00002000
17939215ns          298025 1c009042 00379713 slli             x14, x15, 0x3       x14=00000008 x15:00000001
17939235ns          298026 1c009046 00279793 slli             x15, x15, 0x2       x15=00000004 x15:00000001
17939255ns          298027 1c009048 00d7f7b3 and              x15, x15, x13       x15=00000000 x15:00000004 x13:00001f80
17939275ns          298028 1c00904a ee873733 p.bclr           x14, x14, 23, 8     x14=00000008 x14:00000008
17939295ns          298029 1c00904e 1a10f6b7 lui              x13, 0x1a10f000     x13=1a10f000
17939315ns          298030 1c009052 0ff57513 andi             x10, x10, 255       x10=00000064 x10:00000064
17939334ns          298031 1c009056 00d70733 add              x14, x14, x13       x14=1a10f008 x14:00000008 x13:1a10f000
17939354ns          298032 1c009058 00a7e723 p.sw             x10, x0(x15)        x10:00000064 x15:00000000  PA:1a10f008
17939673ns          298048 1c00905c 00000513 addi             x10, x0, 0          x10=00000000
17939693ns          298049 1c00905e 00008067 jalr             x0, x1, 0            x1:1c00912e
17939752ns          298052 1c00912e 31f52563 p.beqimm         x10, 778            x10:00000000
17939772ns          298053 1c009132 001d8d93 addi             x27, x27, 1         x27=00000027 x27:00000026
17939792ns          298054 1c009134 00044503 lbu              x10, 0(x8)          x10=00000020  x8:1c0000a8  PA:1c0000a8
17940090ns          298069 1c009138 00140413 addi             x8, x8, 1            x8=1c0000a9  x8:1c0000a8
17940110ns          298070 1c00913a fe0514e3 bne              x10, x0, -24        x10:00000020
17940190ns          298074 1c009122 02500793 addi             x15, x0, 37         x15=00000025
17940210ns          298075 1c009126 04f50863 beq              x10, x15, 80        x10:00000020 x15:00000025
17940230ns          298076 1c00912a 01a005b3 add              x11, x0, x26        x11=00000002 x26:00000002
17940249ns          298077 1c00912c 000b00e7 jalr             x1, x22, 0           x1=1c00912e x22:1c009038
17940289ns          298079 1c009038 000026b7 lui              x13, 0x2000         x13=00002000
17940309ns          298080 1c00903a f14027f3 csrrs            x15, x0, 0xf14      x15=00000001
17940329ns          298081 1c00903e f8068693 addi             x13, x13, -128      x13=00001f80 x13:00002000
17940349ns          298082 1c009042 00379713 slli             x14, x15, 0x3       x14=00000008 x15:00000001
17940369ns          298083 1c009046 00279793 slli             x15, x15, 0x2       x15=00000004 x15:00000001
17940389ns          298084 1c009048 00d7f7b3 and              x15, x15, x13       x15=00000000 x15:00000004 x13:00001f80
17940409ns          298085 1c00904a ee873733 p.bclr           x14, x14, 23, 8     x14=00000008 x14:00000008
17940428ns          298086 1c00904e 1a10f6b7 lui              x13, 0x1a10f000     x13=1a10f000
17940448ns          298087 1c009052 0ff57513 andi             x10, x10, 255       x10=00000020 x10:00000020
17940468ns          298088 1c009056 00d70733 add              x14, x14, x13       x14=1a10f008 x14:00000008 x13:1a10f000
17940488ns          298089 1c009058 00a7e723 p.sw             x10, x0(x15)        x10:00000020 x15:00000000  PA:1a10f008
17940806ns          298105 1c00905c 00000513 addi             x10, x0, 0          x10=00000000
17940826ns          298106 1c00905e 00008067 jalr             x0, x1, 0            x1:1c00912e
17940886ns          298109 1c00912e 31f52563 p.beqimm         x10, 778            x10:00000000
17940906ns          298110 1c009132 001d8d93 addi             x27, x27, 1         x27=00000028 x27:00000027
17940926ns          298111 1c009134 00044503 lbu              x10, 0(x8)          x10=0000003d  x8:1c0000a9  PA:1c0000a9
17941224ns          298126 1c009138 00140413 addi             x8, x8, 1            x8=1c0000aa  x8:1c0000a9
17941244ns          298127 1c00913a fe0514e3 bne              x10, x0, -24        x10:0000003d
17941324ns          298131 1c009122 02500793 addi             x15, x0, 37         x15=00000025
17941343ns          298132 1c009126 04f50863 beq              x10, x15, 80        x10:0000003d x15:00000025
17941363ns          298133 1c00912a 01a005b3 add              x11, x0, x26        x11=00000002 x26:00000002
17941383ns          298134 1c00912c 000b00e7 jalr             x1, x22, 0           x1=1c00912e x22:1c009038
17941423ns          298136 1c009038 000026b7 lui              x13, 0x2000         x13=00002000
17941443ns          298137 1c00903a f14027f3 csrrs            x15, x0, 0xf14      x15=00000001
17941463ns          298138 1c00903e f8068693 addi             x13, x13, -128      x13=00001f80 x13:00002000
17941483ns          298139 1c009042 00379713 slli             x14, x15, 0x3       x14=00000008 x15:00000001
17941503ns          298140 1c009046 00279793 slli             x15, x15, 0x2       x15=00000004 x15:00000001
17941522ns          298141 1c009048 00d7f7b3 and              x15, x15, x13       x15=00000000 x15:00000004 x13:00001f80
17941542ns          298142 1c00904a ee873733 p.bclr           x14, x14, 23, 8     x14=00000008 x14:00000008
17941562ns          298143 1c00904e 1a10f6b7 lui              x13, 0x1a10f000     x13=1a10f000
17941582ns          298144 1c009052 0ff57513 andi             x10, x10, 255       x10=0000003d x10:0000003d
17941602ns          298145 1c009056 00d70733 add              x14, x14, x13       x14=1a10f008 x14:00000008 x13:1a10f000
17941622ns          298146 1c009058 00a7e723 p.sw             x10, x0(x15)        x10:0000003d x15:00000000  PA:1a10f008
17941940ns          298162 1c00905c 00000513 addi             x10, x0, 0          x10=00000000
17941960ns          298163 1c00905e 00008067 jalr             x0, x1, 0            x1:1c00912e
17942020ns          298166 1c00912e 31f52563 p.beqimm         x10, 778            x10:00000000
17942040ns          298167 1c009132 001d8d93 addi             x27, x27, 1         x27=00000029 x27:00000028
17942060ns          298168 1c009134 00044503 lbu              x10, 0(x8)          x10=00000020  x8:1c0000aa  PA:1c0000aa
17942378ns          298184 1c009138 00140413 addi             x8, x8, 1            x8=1c0000ab  x8:1c0000aa
17942398ns          298185 1c00913a fe0514e3 bne              x10, x0, -24        x10:00000020
17942477ns          298189 1c009122 02500793 addi             x15, x0, 37         x15=00000025
17942497ns          298190 1c009126 04f50863 beq              x10, x15, 80        x10:00000020 x15:00000025
17942517ns          298191 1c00912a 01a005b3 add              x11, x0, x26        x11=00000002 x26:00000002
17942537ns          298192 1c00912c 000b00e7 jalr             x1, x22, 0           x1=1c00912e x22:1c009038
17942577ns          298194 1c009038 000026b7 lui              x13, 0x2000         x13=00002000
17942597ns          298195 1c00903a f14027f3 csrrs            x15, x0, 0xf14      x15=00000001
17942616ns          298196 1c00903e f8068693 addi             x13, x13, -128      x13=00001f80 x13:00002000
17942636ns          298197 1c009042 00379713 slli             x14, x15, 0x3       x14=00000008 x15:00000001
17942656ns          298198 1c009046 00279793 slli             x15, x15, 0x2       x15=00000004 x15:00000001
17942676ns          298199 1c009048 00d7f7b3 and              x15, x15, x13       x15=00000000 x15:00000004 x13:00001f80
17942696ns          298200 1c00904a ee873733 p.bclr           x14, x14, 23, 8     x14=00000008 x14:00000008
17942716ns          298201 1c00904e 1a10f6b7 lui              x13, 0x1a10f000     x13=1a10f000
17942736ns          298202 1c009052 0ff57513 andi             x10, x10, 255       x10=00000020 x10:00000020
17942756ns          298203 1c009056 00d70733 add              x14, x14, x13       x14=1a10f008 x14:00000008 x13:1a10f000
17942776ns          298204 1c009058 00a7e723 p.sw             x10, x0(x15)        x10:00000020 x15:00000000  PA:1a10f008
17943094ns          298220 1c00905c 00000513 addi             x10, x0, 0          x10=00000000
17943114ns          298221 1c00905e 00008067 jalr             x0, x1, 0            x1:1c00912e
17943173ns          298224 1c00912e 31f52563 p.beqimm         x10, 778            x10:00000000
17943193ns          298225 1c009132 001d8d93 addi             x27, x27, 1         x27=0000002a x27:00000029
17943213ns          298226 1c009134 00044503 lbu              x10, 0(x8)          x10=00000025  x8:1c0000ab  PA:1c0000ab
17943512ns          298241 1c009138 00140413 addi             x8, x8, 1            x8=1c0000ac  x8:1c0000ab
17943531ns          298242 1c00913a fe0514e3 bne              x10, x0, -24        x10:00000025
17943611ns          298246 1c009122 02500793 addi             x15, x0, 37         x15=00000025
17943631ns          298247 1c009126 04f50863 beq              x10, x15, 80        x10:00000025 x15:00000025
17943710ns          298251 1c009176 00044483 lbu              x9, 0(x8)            x9=00000064  x8:1c0000ac  PA:1c0000ac
17944009ns          298266 1c00917a 02000693 addi             x13, x0, 32         x13=00000020
17944029ns          298267 1c00917e 00140a93 addi             x21, x8, 1          x21=1c0000ad  x8:1c0000ac
17944049ns          298268 1c009182 009005b3 add              x11, x0, x9         x11=00000064  x9:00000064
17944068ns          298269 1c009184 13cb8513 addi             x10, x23, 316       x10=1c00013c x23:1c000000
17944088ns          298270 1c009188 00d12823 sw               x13, 16(x2)         x13:00000020  x2:10000cd8  PA:10000ce8
17944108ns          298271 1c00918a 00012c23 sw               x0, 24(x2)           x2:10000cd8  PA:10000cf0
17944128ns          298272 1c00918c 00012a23 sw               x0, 20(x2)           x2:10000cd8  PA:10000cec
17944148ns          298273 1c00918e 00012e23 sw               x0, 28(x2)           x2:10000cd8  PA:10000cf4
17944168ns          298274 1c009190 00012623 sw               x0, 12(x2)           x2:10000cd8  PA:10000ce4
17944188ns          298275 1c009192 02300913 addi             x18, x0, 35         x18=00000023
17944208ns          298276 1c009196 02d00a13 addi             x20, x0, 45         x20=0000002d
17944228ns          298277 1c00919a 015009b3 add              x19, x0, x21        x19=1c0000ad x21:1c0000ad
17944248ns          298278 1c00919c e1dff0ef jal              x1, -484             x1=1c00919e
17944367ns          298284 1c008fb8 00054783 lbu              x15, 0(x10)         x15=0000002d x10:1c00013c  PA:1c00013c
17944685ns          298300 1c008fbc 0ff5f593 andi             x11, x11, 255       x11=00000064 x11:00000064
17944705ns          298301 1c008fc0 00b78c63 beq              x15, x11, 24        x15:0000002d x11:00000064
17944725ns          298302 1c008fc4 00078b63 beq              x15, x0, 22         x15:0000002d
17944745ns          298303 1c008fc6 00150793 addi             x15, x10, 1         x15=1c00013d x10:1c00013c
17944765ns          298304 1c008fca 0040006f jal              x0, 4              
17944844ns          298308 1c008fce 00f00533 add              x10, x0, x15        x10=1c00013d x15:1c00013d
17944864ns          298309 1c008fd0 0017c70b p.lbu            x14, 1(x15!)        x14=0000002b x15=1c00013e x15:1c00013d  PA:1c00013d
17945182ns          298325 1c008fd4 feb71ce3 bne              x14, x11, -8        x14:0000002b x11:00000064
17945242ns          298328 1c008fcc 00070763 beq              x14, x0, 14         x14:0000002b
17945262ns          298329 1c008fce 00f00533 add              x10, x0, x15        x10=1c00013e x15:1c00013e
17945282ns          298330 1c008fd0 0017c70b p.lbu            x14, 1(x15!)        x14=00000020 x15=1c00013f x15:1c00013e  PA:1c00013e
17945620ns          298347 1c008fd4 feb71ce3 bne              x14, x11, -8        x14:00000020 x11:00000064
17945680ns          298350 1c008fcc 00070763 beq              x14, x0, 14         x14:00000020
17945700ns          298351 1c008fce 00f00533 add              x10, x0, x15        x10=1c00013f x15:1c00013f
17945719ns          298352 1c008fd0 0017c70b p.lbu            x14, 1(x15!)        x14=00000023 x15=1c000140 x15:1c00013f  PA:1c00013f
17946038ns          298368 1c008fd4 feb71ce3 bne              x14, x11, -8        x14:00000023 x11:00000064
17946097ns          298371 1c008fcc 00070763 beq              x14, x0, 14         x14:00000023
17946117ns          298372 1c008fce 00f00533 add              x10, x0, x15        x10=1c000140 x15:1c000140
17946137ns          298373 1c008fd0 0017c70b p.lbu            x14, 1(x15!)        x14=00000030 x15=1c000141 x15:1c000140  PA:1c000140
17946455ns          298389 1c008fd4 feb71ce3 bne              x14, x11, -8        x14:00000030 x11:00000064
17946515ns          298392 1c008fcc 00070763 beq              x14, x0, 14         x14:00000030
17946535ns          298393 1c008fce 00f00533 add              x10, x0, x15        x10=1c000141 x15:1c000141
17946555ns          298394 1c008fd0 0017c70b p.lbu            x14, 1(x15!)        x14=00000000 x15=1c000142 x15:1c000141  PA:1c000141
17946893ns          298411 1c008fd4 feb71ce3 bne              x14, x11, -8        x14:00000000 x11:00000064
17946953ns          298414 1c008fcc 00070763 beq              x14, x0, 14         x14:00000000
17947032ns          298418 1c008fda 0015b593 sltiu            x11, x11, 1         x11=00000000 x11:00000064
17947052ns          298419 1c008fde 40b005b3 sub              x11, x0, x11        x11=00000000 x11:00000000
17947072ns          298420 1c008fe2 00b57533 and              x10, x10, x11       x10=00000000 x10:1c000141 x11:00000000
17947092ns          298421 1c008fe4 00008067 jalr             x0, x1, 0            x1:1c00919e
17947132ns          298423 1c00919e 02050a63 beq              x10, x0, 52         x10:00000000
17947211ns          298427 1c0091d2 02a00613 addi             x12, x0, 42         x12=0000002a
17947231ns          298428 1c0091d6 2ac48663 beq              x9, x12, 684         x9:00000064 x12:0000002a
17947251ns          298429 1c0091da fd048613 addi             x12, x9, -48        x12=00000034  x9:00000064
17947271ns          298430 1c0091de 00900593 addi             x11, x0, 9          x11=00000009
17947291ns          298431 1c0091e0 00000913 addi             x18, x0, 0          x18=00000000
17947311ns          298432 1c0091e2 28c5f063 bgeu             x11, x12, 640       x11:00000009 x12:00000034
17947331ns          298433 1c0091e6 02e00693 addi             x13, x0, 46         x13=0000002e
17947350ns          298434 1c0091ea fff00a13 addi             x20, x0, -1         x20=ffffffff
17947370ns          298435 1c0091ec 2ed48363 beq              x9, x13, 742         x9:00000064 x13:0000002e
17947390ns          298436 1c0091f0 1c0007b7 lui              x15, 0x1c000000     x15=1c000000
17947410ns          298437 1c0091f4 009005b3 add              x11, x0, x9         x11=00000064  x9:00000064
17947430ns          298438 1c0091f6 14478513 addi             x10, x15, 324       x10=1c000144 x15:1c000000
17947450ns          298439 1c0091fa dbfff0ef jal              x1, -578             x1=1c0091fc
17947490ns          298441 1c008fb8 00054783 lbu              x15, 0(x10)         x15=00000068 x10:1c000144  PA:1c000144
17947788ns          298456 1c008fbc 0ff5f593 andi             x11, x11, 255       x11=00000064 x11:00000064
17947808ns          298457 1c008fc0 00b78c63 beq              x15, x11, 24        x15:00000068 x11:00000064
17947828ns          298458 1c008fc4 00078b63 beq              x15, x0, 22         x15:00000068
17947848ns          298459 1c008fc6 00150793 addi             x15, x10, 1         x15=1c000145 x10:1c000144
17947868ns          298460 1c008fca 0040006f jal              x0, 4              
17947907ns          298462 1c008fce 00f00533 add              x10, x0, x15        x10=1c000145 x15:1c000145
17947927ns          298463 1c008fd0 0017c70b p.lbu            x14, 1(x15!)        x14=0000006c x15=1c000146 x15:1c000145  PA:1c000145
17948265ns          298480 1c008fd4 feb71ce3 bne              x14, x11, -8        x14:0000006c x11:00000064
17948325ns          298483 1c008fcc 00070763 beq              x14, x0, 14         x14:0000006c
17948345ns          298484 1c008fce 00f00533 add              x10, x0, x15        x10=1c000146 x15:1c000146
17948365ns          298485 1c008fd0 0017c70b p.lbu            x14, 1(x15!)        x14=0000004c x15=1c000147 x15:1c000146  PA:1c000146
17948683ns          298501 1c008fd4 feb71ce3 bne              x14, x11, -8        x14:0000004c x11:00000064
17948743ns          298504 1c008fcc 00070763 beq              x14, x0, 14         x14:0000004c
17948763ns          298505 1c008fce 00f00533 add              x10, x0, x15        x10=1c000147 x15:1c000147
17948783ns          298506 1c008fd0 0017c70b p.lbu            x14, 1(x15!)        x14=0000007a x15=1c000148 x15:1c000147  PA:1c000147
17949121ns          298523 1c008fd4 feb71ce3 bne              x14, x11, -8        x14:0000007a x11:00000064
17949180ns          298526 1c008fcc 00070763 beq              x14, x0, 14         x14:0000007a
17949200ns          298527 1c008fce 00f00533 add              x10, x0, x15        x10=1c000148 x15:1c000148
17949220ns          298528 1c008fd0 0017c70b p.lbu            x14, 1(x15!)        x14=00000000 x15=1c000149 x15:1c000148  PA:1c000148
17949558ns          298545 1c008fd4 feb71ce3 bne              x14, x11, -8        x14:00000000 x11:00000064
17949618ns          298548 1c008fcc 00070763 beq              x14, x0, 14         x14:00000000
17949698ns          298552 1c008fda 0015b593 sltiu            x11, x11, 1         x11=00000000 x11:00000064
17949717ns          298553 1c008fde 40b005b3 sub              x11, x0, x11        x11=00000000 x11:00000000
17949737ns          298554 1c008fe2 00b57533 and              x10, x10, x11       x10=00000000 x10:1c000148 x11:00000000
17949757ns          298555 1c008fe4 00008067 jalr             x0, x1, 0            x1:1c0091fc
17949797ns          298557 1c0091fc 01300433 add              x8, x0, x19          x8=1c0000ad x19:1c0000ad
17949817ns          298558 1c0091fe 00050563 beq              x10, x0, 10         x10:00000000
17949877ns          298561 1c009208 06700693 addi             x13, x0, 103        x13=00000067
17949896ns          298562 1c00920c 2896d963 bge              x13, x9, 658        x13:00000067  x9:00000064
17950115ns          298573 1c00949e 06500693 addi             x13, x0, 101        x13=00000065
17950155ns          298575 1c0094a2 12d4d563 bge              x9, x13, 298         x9:00000064 x13:00000065
17950175ns          298576 1c0094a6 04700693 addi             x13, x0, 71         x13=00000047
17950195ns          298577 1c0094aa dc96cbe3 blt              x13, x9, -554       x13:00000047  x9:00000064
17950294ns          298582 1c009280 06300693 addi             x13, x0, 99         x13=00000063
17950314ns          298583 1c009284 0ad488e3 beq              x9, x13, 2224        x9:00000064 x13:00000063
17950334ns          298584 1c009288 0096c9e3 blt              x13, x9, 2066       x13:00000063  x9:00000064
17950533ns          298594 1c009a9a 000c2583 lw               x11, 0(x24)         x11=00000001 x24:10000e30  PA:10000e30
17950553ns          298595 1c009a9e 004c0c13 addi             x24, x24, 4         x24=10000e34 x24:10000e30
17950593ns          298597 1c009aa0 3405cc63 blt              x11, x0, 856        x11:00000001
17950632ns          298599 1c009aa4 01412603 lw               x12, 20(x2)         x12=00000000  x2:10000cd8  PA:10000cec
17950652ns          298600 1c009aa6 00b006b3 add              x13, x0, x11        x13=00000001 x11:00000001
17950672ns          298601 1c009aa8 2e061863 bne              x12, x0, 752        x12:00000000
17950692ns          298602 1c009aac 01812703 lw               x14, 24(x2)         x14=00000000  x2:10000cd8  PA:10000cf0
17950712ns          298603 1c009aae 019007b3 add              x15, x0, x25        x15=10000cfc x25:10000cfc
17950732ns          298604 1c009ab0 00070763 beq              x14, x0, 14         x14:00000000
17950792ns          298607 1c009abe 00f00733 add              x14, x0, x15        x14=10000cfc x15:10000cfc
17950811ns          298608 1c009ac0 00a00513 addi             x10, x0, 10         x10=0000000a
17950831ns          298609 1c009ac2 02a6f633 remu             x12, x13, x10       x12=00000001 x13:00000001 x10:0000000a
17951448ns          298640 1c009ac6 02a6d6b3 divu             x13, x13, x10       x13=00000000 x13:00000001 x10:0000000a
17952065ns          298671 1c009aca 03060613 addi             x12, x12, 48        x12=00000031 x12:00000001
17952084ns          298672 1c009ace 00c700ab p.sb             x12, 1(x14!)        x14=10000cfd x12:00000031 x14:10000cfc  PA:10000cfc
17952104ns          298673 1c009ad2 fe0698e3 bne              x13, x0, -16        x13:00000000
17952124ns          298674 1c009ad4 40f706b3 sub              x13, x14, x15       x13=00000001 x14:10000cfd x15:10000cfc
17952144ns          298675 1c009ad8 0146dc63 bge              x13, x20, 24        x13:00000001 x20:ffffffff
17952204ns          298678 1c009af0 00e006b3 add              x13, x0, x14        x13=10000cfd x14:10000cfd
17952224ns          298679 1c009af2 fe068fab p.sb             x0, -1(x13!)        x13=10000cfc x13:10000cfd  PA:10000cfd
17952244ns          298680 1c009af6 00d7fc63 bgeu             x15, x13, 24        x15:10000cfc x13:10000cfc
17952303ns          298683 1c009b0e 01412783 lw               x15, 20(x2)         x15=00000000  x2:10000cd8  PA:10000cec
17952363ns          298686 1c009b10 01812603 lw               x12, 24(x2)         x12=00000000  x2:10000cd8  PA:10000cf0
17952403ns          298688 1c009b12 419704b3 sub              x9, x14, x25         x9=00000001 x14:10000cfd x25:10000cfc
17952423ns          298689 1c009b16 00c7e7b3 or               x15, x15, x12       x15=00000000 x15:00000000 x12:00000000
17952443ns          298690 1c009b18 00f12623 sw               x15, 12(x2)         x15:00000000  x2:10000cd8  PA:10000ce4
17952462ns          298691 1c009b1a 00079363 bne              x15, x0, 6          x15:00000000
17952482ns          298692 1c009b1c 01f5d593 srli             x11, x11, 0x1f      x11=00000000 x11:00000001
17952502ns          298693 1c009b1e 00b12623 sw               x11, 12(x2)         x11:00000000  x2:10000cd8  PA:10000ce4
17952522ns          298694 1c009b20 e3fa28e3 p.beqimm         x20, -464           x20:ffffffff
17952622ns          298699 1c009950 0c800793 addi             x15, x0, 200        x15=000000c8
17952661ns          298701 1c009954 9e97d0e3 bge              x15, x9, -1568      x15:000000c8  x9:00000001
17952761ns          298706 1c009334 0f24d163 bge              x9, x18, 226         x9:00000001 x18:00000000
17952900ns          298713 1c009416 d00482e3 beq              x9, x0, -764         x9:00000001
17952920ns          298714 1c00941a 01900933 add              x18, x0, x25        x18=10000cfc x25:10000cfc
17952940ns          298715 1c00941c 419d8db3 sub              x27, x27, x25       x27=effff32e x27:0000002a x25:10000cfc
17952960ns          298716 1c009420 00a0006f jal              x0, 10             
17953019ns          298719 1c00942a 0019450b p.lbu            x10, 1(x18!)        x10=00000031 x18=10000cfd x18:10000cfc  PA:10000cfc
17953039ns          298720 1c00942e 01a005b3 add              x11, x0, x26        x11=00000002 x26:00000002
17953079ns          298722 1c009430 000b00e7 jalr             x1, x22, 0           x1=1c009432 x22:1c009038
17953159ns          298726 1c009038 000026b7 lui              x13, 0x2000         x13=00002000
17953198ns          298728 1c00903a f14027f3 csrrs            x15, x0, 0xf14      x15=00000001
17953218ns          298729 1c00903e f8068693 addi             x13, x13, -128      x13=00001f80 x13:00002000
17953238ns          298730 1c009042 00379713 slli             x14, x15, 0x3       x14=00000008 x15:00000001
17953258ns          298731 1c009046 00279793 slli             x15, x15, 0x2       x15=00000004 x15:00000001
17953278ns          298732 1c009048 00d7f7b3 and              x15, x15, x13       x15=00000000 x15:00000004 x13:00001f80
17953298ns          298733 1c00904a ee873733 p.bclr           x14, x14, 23, 8     x14=00000008 x14:00000008
17953318ns          298734 1c00904e 1a10f6b7 lui              x13, 0x1a10f000     x13=1a10f000
17953338ns          298735 1c009052 0ff57513 andi             x10, x10, 255       x10=00000031 x10:00000031
17953357ns          298736 1c009056 00d70733 add              x14, x14, x13       x14=1a10f008 x14:00000008 x13:1a10f000
17953377ns          298737 1c009058 00a7e723 p.sw             x10, x0(x15)        x10:00000031 x15:00000000  PA:1a10f008
17953696ns          298753 1c00905c 00000513 addi             x10, x0, 0          x10=00000000
17953716ns          298754 1c00905e 00008067 jalr             x0, x1, 0            x1:1c009432
17953755ns          298756 1c009432 fff48493 addi             x9, x9, -1           x9=00000000  x9:00000001
17953775ns          298757 1c009434 fff537e3 p.bneimm         x10, -18            x10:00000000
17953855ns          298761 1c009422 012d8733 add              x14, x27, x18       x14=0000002b x27:effff32e x18:10000cfd
17953875ns          298762 1c009426 5a048b63 beq              x9, x0, 1462         x9:00000000
17953974ns          298767 1c0099dc 00e00db3 add              x27, x0, x14        x27=0000002b x14:0000002b
17954054ns          298771 1c0099de f3cff06f jal              x0, -2244          
17954113ns          298774 1c00911a 00044503 lbu              x10, 0(x8)          x10=00000029  x8:1c0000ad  PA:1c0000ad
17954432ns          298790 1c00911e 00140413 addi             x8, x8, 1            x8=1c0000ae  x8:1c0000ad
17954451ns          298791 1c009120 00050e63 beq              x10, x0, 28         x10:00000029
17954471ns          298792 1c009122 02500793 addi             x15, x0, 37         x15=00000025
17954491ns          298793 1c009126 04f50863 beq              x10, x15, 80        x10:00000029 x15:00000025
17954511ns          298794 1c00912a 01a005b3 add              x11, x0, x26        x11=00000002 x26:00000002
17954531ns          298795 1c00912c 000b00e7 jalr             x1, x22, 0           x1=1c00912e x22:1c009038
17954611ns          298799 1c009038 000026b7 lui              x13, 0x2000         x13=00002000
17954630ns          298800 1c00903a f14027f3 csrrs            x15, x0, 0xf14      x15=00000001
17954650ns          298801 1c00903e f8068693 addi             x13, x13, -128      x13=00001f80 x13:00002000
17954670ns          298802 1c009042 00379713 slli             x14, x15, 0x3       x14=00000008 x15:00000001
17954690ns          298803 1c009046 00279793 slli             x15, x15, 0x2       x15=00000004 x15:00000001
17954710ns          298804 1c009048 00d7f7b3 and              x15, x15, x13       x15=00000000 x15:00000004 x13:00001f80
17954730ns          298805 1c00904a ee873733 p.bclr           x14, x14, 23, 8     x14=00000008 x14:00000008
17954750ns          298806 1c00904e 1a10f6b7 lui              x13, 0x1a10f000     x13=1a10f000
17954770ns          298807 1c009052 0ff57513 andi             x10, x10, 255       x10=00000029 x10:00000029
17954790ns          298808 1c009056 00d70733 add              x14, x14, x13       x14=1a10f008 x14:00000008 x13:1a10f000
17954810ns          298809 1c009058 00a7e723 p.sw             x10, x0(x15)        x10:00000029 x15:00000000  PA:1a10f008
17955128ns          298825 1c00905c 00000513 addi             x10, x0, 0          x10=00000000
17955148ns          298826 1c00905e 00008067 jalr             x0, x1, 0            x1:1c00912e
17955207ns          298829 1c00912e 31f52563 p.beqimm         x10, 778            x10:00000000
17955227ns          298830 1c009132 001d8d93 addi             x27, x27, 1         x27=0000002c x27:0000002b
17955247ns          298831 1c009134 00044503 lbu              x10, 0(x8)          x10=0000000a  x8:1c0000ae  PA:1c0000ae
17955565ns          298847 1c009138 00140413 addi             x8, x8, 1            x8=1c0000af  x8:1c0000ae
17955585ns          298848 1c00913a fe0514e3 bne              x10, x0, -24        x10:0000000a
17955665ns          298852 1c009122 02500793 addi             x15, x0, 37         x15=00000025
17955685ns          298853 1c009126 04f50863 beq              x10, x15, 80        x10:0000000a x15:00000025
17955705ns          298854 1c00912a 01a005b3 add              x11, x0, x26        x11=00000002 x26:00000002
17955724ns          298855 1c00912c 000b00e7 jalr             x1, x22, 0           x1=1c00912e x22:1c009038
17955764ns          298857 1c009038 000026b7 lui              x13, 0x2000         x13=00002000
17955784ns          298858 1c00903a f14027f3 csrrs            x15, x0, 0xf14      x15=00000001
17955804ns          298859 1c00903e f8068693 addi             x13, x13, -128      x13=00001f80 x13:00002000
17955824ns          298860 1c009042 00379713 slli             x14, x15, 0x3       x14=00000008 x15:00000001
17955844ns          298861 1c009046 00279793 slli             x15, x15, 0x2       x15=00000004 x15:00000001
17955864ns          298862 1c009048 00d7f7b3 and              x15, x15, x13       x15=00000000 x15:00000004 x13:00001f80
17955884ns          298863 1c00904a ee873733 p.bclr           x14, x14, 23, 8     x14=00000008 x14:00000008
17955903ns          298864 1c00904e 1a10f6b7 lui              x13, 0x1a10f000     x13=1a10f000
17955923ns          298865 1c009052 0ff57513 andi             x10, x10, 255       x10=0000000a x10:0000000a
17955943ns          298866 1c009056 00d70733 add              x14, x14, x13       x14=1a10f008 x14:00000008 x13:1a10f000
17955963ns          298867 1c009058 00a7e723 p.sw             x10, x0(x15)        x10:0000000a x15:00000000  PA:1a10f008
17956301ns          298884 1c00905c 00000513 addi             x10, x0, 0          x10=00000000
17956321ns          298885 1c00905e 00008067 jalr             x0, x1, 0            x1:1c00912e
17956381ns          298888 1c00912e 31f52563 p.beqimm         x10, 778            x10:00000000
17956401ns          298889 1c009132 001d8d93 addi             x27, x27, 1         x27=0000002d x27:0000002c
17956421ns          298890 1c009134 00044503 lbu              x10, 0(x8)          x10=00000000  x8:1c0000af  PA:1c0000af
17956719ns          298905 1c009138 00140413 addi             x8, x8, 1            x8=1c0000b0  x8:1c0000af
17956739ns          298906 1c00913a fe0514e3 bne              x10, x0, -24        x10:00000000
17956759ns          298907 1c00913c 01b00433 add              x8, x0, x27          x8=0000002d x27:0000002d
17956779ns          298908 1c00913e 00800533 add              x10, x0, x8         x10=0000002d  x8:0000002d
17956799ns          298909 1c009140 12c12083 lw               x1, 300(x2)          x1=1c0090cc  x2:10000cd8  PA:10000e04
17956818ns          298910 1c009144 12812403 lw               x8, 296(x2)          x8=00000001  x2:10000cd8  PA:10000e00
17956838ns          298911 1c009148 12412483 lw               x9, 292(x2)          x9=xxxxxxxx  x2:10000cd8  PA:10000dfc
17956858ns          298912 1c00914c 12012903 lw               x18, 288(x2)        x18=xxxxxxxx  x2:10000cd8  PA:10000df8
17957117ns          298925 1c009150 11c12983 lw               x19, 284(x2)        x19=xxxxxxxx  x2:10000cd8  PA:10000df4
17957157ns          298927 1c009154 11812a03 lw               x20, 280(x2)        x20=xxxxxxxx  x2:10000cd8  PA:10000df0
17957177ns          298928 1c009158 11412a83 lw               x21, 276(x2)        x21=xxxxxxxx  x2:10000cd8  PA:10000dec
17957196ns          298929 1c00915c 11012b03 lw               x22, 272(x2)        x22=xxxxxxxx  x2:10000cd8  PA:10000de8
17957654ns          298952 1c009160 10c12b83 lw               x23, 268(x2)        x23=xxxxxxxx  x2:10000cd8  PA:10000de4
17957694ns          298954 1c009164 10812c03 lw               x24, 264(x2)        x24=xxxxxxxx  x2:10000cd8  PA:10000de0
17957714ns          298955 1c009168 10412c83 lw               x25, 260(x2)        x25=xxxxxxxx  x2:10000cd8  PA:10000ddc
17957733ns          298956 1c00916c 10012d03 lw               x26, 256(x2)        x26=xxxxxxxx  x2:10000cd8  PA:10000dd8
17957753ns          298957 1c009170 0fc12d83 lw               x27, 252(x2)        x27=xxxxxxxx  x2:10000cd8  PA:10000dd4
17957773ns          298958 1c009172 13010113 addi             x2, x2, 304          x2=10000e08  x2:10000cd8
17957793ns          298959 1c009174 00008067 jalr             x0, x1, 0            x1:1c0090cc
17957873ns          298963 1c0090cc 01c12083 lw               x1, 28(x2)           x1=1c008734  x2:10000e08  PA:10000e24
17957893ns          298964 1c0090ce 04010113 addi             x2, x2, 64           x2=10000e48  x2:10000e08
17957952ns          298967 1c0090d0 00008067 jalr             x0, x1, 0            x1:1c008734
17958032ns          298971 1c008734 00300793 addi             x15, x0, 3          x15=00000003
17958072ns          298973 1c008736 0087f463 bgeu             x15, x8, 8          x15:00000003  x8:00000001
17958589ns          298999 1c00873e 51d010ef jal              x1, 7452             x1=1c008742
17959106ns          299025 1c00a45a f14027f3 csrrs            x15, x0, 0xf14      x15=00000001
17959126ns          299026 1c00a45e 01f00713 addi             x14, x0, 31         x14=0000001f
17959544ns          299047 1c00a460 ca5797b3 p.extractu       x15, x15, 5, 5      x15=00000000 x15:00000001
17959583ns          299049 1c00a464 00e78863 beq              x15, x14, 16        x15:00000000 x14:0000001f
17959603ns          299050 1c00a468 002047b7 lui              x15, 0x204000       x15=00204000
17959623ns          299051 1c00a46c 20078793 addi             x15, x15, 512       x15=00204200 x15:00204000
17960061ns          299073 1c00a470 01c7e703 p.elw            x14, 28(x15)        x14=00010000 x15:00204200  PA:0020421c
17960240ns          299082 1c00a474 00008067 jalr             x0, x1, 0            x1:1c008742
17960637ns          299102 1c008742 f14027f3 csrrs            x15, x0, 0xf14      x15=00000001
17960657ns          299103 1c008746 f457b7b3 p.bclr           x15, x15, 26, 5     x15=00000001 x15:00000001
17960677ns          299104 1c00874a 02079063 bne              x15, x0, 32         x15:00000001
17961632ns          299152 1c00876a 06400513 addi             x10, x0, 100        x10=00000064
17962070ns          299174 1c00876e 02a40533 mul              x10, x8, x10        x10=00000064  x8:00000001 x10:00000064
17962109ns          299176 1c008772 1c010737 lui              x14, 0x1c010000     x14=1c010000
17962129ns          299177 1c008776 00070713 addi             x14, x14, 0         x14=1c010000 x14:1c010000
17962149ns          299178 1c00877a 00251513 slli             x10, x10, 0x2       x10=00000190 x10:00000064
17962169ns          299179 1c00877c 00a707b3 add              x15, x14, x10       x15=1c010190 x14:1c010000 x10:00000190
17962587ns          299200 1c008780 0707a083 lw               x1, 112(x15)         x1=404d8faf x15:1c010190  PA:1c010200
17962925ns          299217 1c008784 0307a383 lw               x7, 48(x15)          x7=404e4b16 x15:1c010190  PA:1c0101c0
17963223ns          299232 1c008788 0347a283 lw               x5, 52(x15)          x5=3fd64fd6 x15:1c010190  PA:1c0101c4
17963522ns          299247 1c00878c 0387af83 lw               x31, 56(x15)        x31=40702f63 x15:1c010190  PA:1c0101c8
17963820ns          299262 1c008790 03c7af03 lw               x30, 60(x15)        x30=409c15b2 x15:1c010190  PA:1c0101cc
17964118ns          299277 1c008794 0407ae83 lw               x29, 64(x15)        x29=407a41ca x15:1c010190  PA:1c0101d0
17964417ns          299292 1c008798 0447ae03 lw               x28, 68(x15)        x28=40ad2f1c x15:1c010190  PA:1c0101d4
17964715ns          299307 1c00879c 0487a303 lw               x6, 72(x15)          x6=40976263 x15:1c010190  PA:1c0101d8
17965013ns          299322 1c0087a0 04c7a883 lw               x17, 76(x15)        x17=3f80faad x15:1c010190  PA:1c0101dc
17965312ns          299337 1c0087a4 0507a803 lw               x16, 80(x15)        x16=40260f1b x15:1c010190  PA:1c0101e0
17965630ns          299353 1c0087a8 0547a583 lw               x11, 84(x15)        x11=409e1cbd x15:1c010190  PA:1c0101e4
17965928ns          299368 1c0087aa 0587a603 lw               x12, 88(x15)        x12=408c0c5b x15:1c010190  PA:1c0101e8
17966227ns          299383 1c0087ac 05c7a683 lw               x13, 92(x15)        x13=4020ef24 x15:1c010190  PA:1c0101ec
17966525ns          299398 1c0087ae 08112023 sw               x1, 128(x2)          x1:404d8faf  x2:10000e48  PA:10000ec8
17966545ns          299399 1c0087b0 0747a083 lw               x1, 116(x15)         x1=40b6357c x15:1c010190  PA:1c010204
17966883ns          299416 1c0087b4 08112223 sw               x1, 132(x2)          x1:40b6357c  x2:10000e48  PA:10000ecc
17966903ns          299417 1c0087b6 0787a083 lw               x1, 120(x15)         x1=410bda53 x15:1c010190  PA:1c010208
17967221ns          299433 1c0087ba 08112423 sw               x1, 136(x2)          x1:410bda53  x2:10000e48  PA:10000ed0
17967241ns          299434 1c0087bc 07c7a083 lw               x1, 124(x15)         x1=3ffe9111 x15:1c010190  PA:1c01020c
17967559ns          299450 1c0087c0 08112623 sw               x1, 140(x2)          x1:3ffe9111  x2:10000e48  PA:10000ed4
17967579ns          299451 1c0087c2 0807a083 lw               x1, 128(x15)         x1=3ef0604f x15:1c010190  PA:1c010210
17967898ns          299467 1c0087c6 08112823 sw               x1, 144(x2)          x1:3ef0604f  x2:10000e48  PA:10000ed8
17967918ns          299468 1c0087c8 0847a083 lw               x1, 132(x15)         x1=407c2547 x15:1c010190  PA:1c010214
17968256ns          299485 1c0087cc 08112a23 sw               x1, 148(x2)          x1:407c2547  x2:10000e48  PA:10000edc
17968276ns          299486 1c0087ce 0887a083 lw               x1, 136(x15)         x1=40c0258a x15:1c010190  PA:1c010218
17968594ns          299502 1c0087d2 08112c23 sw               x1, 152(x2)          x1:40c0258a  x2:10000e48  PA:10000ee0
17968614ns          299503 1c0087d4 08c7a083 lw               x1, 140(x15)         x1=402744f3 x15:1c010190  PA:1c01021c
17968932ns          299519 1c0087d8 08112e23 sw               x1, 156(x2)          x1:402744f3  x2:10000e48  PA:10000ee4
17968952ns          299520 1c0087da 0907a083 lw               x1, 144(x15)         x1=40a4c7a4 x15:1c010190  PA:1c010220
17969270ns          299536 1c0087de 0a112023 sw               x1, 160(x2)          x1:40a4c7a4  x2:10000e48  PA:10000ee8
17969290ns          299537 1c0087e0 0947a083 lw               x1, 148(x15)         x1=4001df48 x15:1c010190  PA:1c010224
17969628ns          299554 1c0087e4 0a112223 sw               x1, 164(x2)          x1:4001df48  x2:10000e48  PA:10000eec
17969648ns          299555 1c0087e6 0987a083 lw               x1, 152(x15)         x1=40e74af5 x15:1c010190  PA:1c010228
17969966ns          299571 1c0087ea 0a112423 sw               x1, 168(x2)          x1:40e74af5  x2:10000e48  PA:10000ef0
17969986ns          299572 1c0087ec 09c7a083 lw               x1, 156(x15)         x1=40a7b4de x15:1c010190  PA:1c01022c
17970304ns          299588 1c0087f0 0a112623 sw               x1, 172(x2)          x1:40a7b4de  x2:10000e48  PA:10000ef4
17970324ns          299589 1c0087f2 0a07a083 lw               x1, 160(x15)         x1=410ed518 x15:1c010190  PA:1c010230
17970643ns          299605 1c0087f6 0a112823 sw               x1, 176(x2)          x1:410ed518  x2:10000e48  PA:10000ef8
17970662ns          299606 1c0087f8 0a47a083 lw               x1, 164(x15)         x1=40fbfdcf x15:1c010190  PA:1c010234
17970981ns          299622 1c0087fc 0a112a23 sw               x1, 180(x2)          x1:40fbfdcf  x2:10000e48  PA:10000efc
17971001ns          299623 1c0087fe 0a87a083 lw               x1, 168(x15)         x1=408da45e x15:1c010190  PA:1c010238
17971319ns          299639 1c008802 0a112c23 sw               x1, 184(x2)          x1:408da45e  x2:10000e48  PA:10000f00
17971339ns          299640 1c008804 0ac7a083 lw               x1, 172(x15)         x1=403f633e x15:1c010190  PA:1c01023c
17971657ns          299656 1c008808 0a112e23 sw               x1, 188(x2)          x1:403f633e  x2:10000e48  PA:10000f04
17971677ns          299657 1c00880a 0b07a083 lw               x1, 176(x15)         x1=405b349f x15:1c010190  PA:1c010240
17971995ns          299673 1c00880e 0c112023 sw               x1, 192(x2)          x1:405b349f  x2:10000e48  PA:10000f08
17972015ns          299674 1c008810 0b47a083 lw               x1, 180(x15)         x1=40c153a5 x15:1c010190  PA:1c010244
17972333ns          299690 1c008814 0c112223 sw               x1, 196(x2)          x1:40c153a5  x2:10000e48  PA:10000f0c
17972353ns          299691 1c008816 0b87a083 lw               x1, 184(x15)         x1=4075a84f x15:1c010190  PA:1c010248
17972671ns          299707 1c00881a 0c112423 sw               x1, 200(x2)          x1:4075a84f  x2:10000e48  PA:10000f10
17972691ns          299708 1c00881c 0bc7a083 lw               x1, 188(x15)         x1=408929a2 x15:1c010190  PA:1c01024c
17973010ns          299724 1c008820 0c112623 sw               x1, 204(x2)          x1:408929a2  x2:10000e48  PA:10000f14
17973029ns          299725 1c008822 0c07a083 lw               x1, 192(x15)         x1=402ba2bc x15:1c010190  PA:1c010250
17973348ns          299741 1c008826 0c112823 sw               x1, 208(x2)          x1:402ba2bc  x2:10000e48  PA:10000f18
17973368ns          299742 1c008828 0c47a083 lw               x1, 196(x15)         x1=40d5c29e x15:1c010190  PA:1c010254
17973686ns          299758 1c00882c 0c112a23 sw               x1, 212(x2)          x1:40d5c29e  x2:10000e48  PA:10000f1c
17973706ns          299759 1c00882e 0c87a083 lw               x1, 200(x15)         x1=40b81264 x15:1c010190  PA:1c010258
17974024ns          299775 1c008832 0c112c23 sw               x1, 216(x2)          x1:40b81264  x2:10000e48  PA:10000f20
17974044ns          299776 1c008834 0cc7a083 lw               x1, 204(x15)         x1=411d8a99 x15:1c010190  PA:1c01025c
17974362ns          299792 1c008838 0c112e23 sw               x1, 220(x2)          x1:411d8a99  x2:10000e48  PA:10000f24
17974382ns          299793 1c00883a 0d07a083 lw               x1, 208(x15)         x1=40c584c8 x15:1c010190  PA:1c010260
17974700ns          299809 1c00883e 0e112023 sw               x1, 224(x2)          x1:40c584c8  x2:10000e48  PA:10000f28
17974720ns          299810 1c008840 0d47a083 lw               x1, 212(x15)         x1=410b4805 x15:1c010190  PA:1c010264
17975038ns          299826 1c008844 0e112223 sw               x1, 228(x2)          x1:410b4805  x2:10000e48  PA:10000f2c
17975058ns          299827 1c008846 0d87a083 lw               x1, 216(x15)         x1=408422e2 x15:1c010190  PA:1c010268
17975377ns          299843 1c00884a 0e112423 sw               x1, 232(x2)          x1:408422e2  x2:10000e48  PA:10000f30
17975396ns          299844 1c00884c 0dc7a083 lw               x1, 220(x15)         x1=3eb2adae x15:1c010190  PA:1c01026c
17975715ns          299860 1c008850 0e112623 sw               x1, 236(x2)          x1:3eb2adae  x2:10000e48  PA:10000f34
17975735ns          299861 1c008852 0e07a083 lw               x1, 224(x15)         x1=40b8c7db x15:1c010190  PA:1c010270
17976053ns          299877 1c008856 0e112823 sw               x1, 240(x2)          x1:40b8c7db  x2:10000e48  PA:10000f38
17976073ns          299878 1c008858 0e47a083 lw               x1, 228(x15)         x1=3fe1c9d3 x15:1c010190  PA:1c010274
17976391ns          299894 1c00885c 0e112a23 sw               x1, 244(x2)          x1:3fe1c9d3  x2:10000e48  PA:10000f3c
17976411ns          299895 1c00885e 0e87a083 lw               x1, 232(x15)         x1=3f9d9377 x15:1c010190  PA:1c010278
17976729ns          299911 1c008862 0e112c23 sw               x1, 248(x2)          x1:3f9d9377  x2:10000e48  PA:10000f40
17976749ns          299912 1c008864 0ec7a083 lw               x1, 236(x15)         x1=41012a0e x15:1c010190  PA:1c01027c
17977067ns          299928 1c008868 0e112e23 sw               x1, 252(x2)          x1:41012a0e  x2:10000e48  PA:10000f44
17977087ns          299929 1c00886a 0f07a083 lw               x1, 240(x15)         x1=410dc6f4 x15:1c010190  PA:1c010280
17977405ns          299945 1c00886e 10112023 sw               x1, 256(x2)          x1:410dc6f4  x2:10000e48  PA:10000f48
17977425ns          299946 1c008872 0f47a083 lw               x1, 244(x15)         x1=4085515b x15:1c010190  PA:1c010284
17977744ns          299962 1c008876 10112223 sw               x1, 260(x2)          x1:4085515b  x2:10000e48  PA:10000f4c
17977763ns          299963 1c00887a 0f87a083 lw               x1, 248(x15)         x1=4028f103 x15:1c010190  PA:1c010288
17978082ns          299979 1c00887e 10112423 sw               x1, 264(x2)          x1:4028f103  x2:10000e48  PA:10000f50
17978102ns          299980 1c008882 0fc7a083 lw               x1, 252(x15)         x1=407974cc x15:1c010190  PA:1c01028c
17978420ns          299996 1c008886 10112623 sw               x1, 268(x2)          x1:407974cc  x2:10000e48  PA:10000f54
17978440ns          299997 1c00888a 1007a083 lw               x1, 256(x15)         x1=410e4500 x15:1c010190  PA:1c010290
17978758ns          300013 1c00888e 10112823 sw               x1, 272(x2)          x1:410e4500  x2:10000e48  PA:10000f58
17978778ns          300014 1c008892 1047a083 lw               x1, 260(x15)         x1=40e43b61 x15:1c010190  PA:1c010294
17979096ns          300030 1c008896 10112a23 sw               x1, 276(x2)          x1:40e43b61  x2:10000e48  PA:10000f5c
17979116ns          300031 1c00889a 1087a083 lw               x1, 264(x15)         x1=40c65aa1 x15:1c010190  PA:1c010298
17979434ns          300047 1c00889e 10112c23 sw               x1, 280(x2)          x1:40c65aa1  x2:10000e48  PA:10000f60
17979454ns          300048 1c0088a2 10c7a083 lw               x1, 268(x15)         x1=40e6708e x15:1c010190  PA:1c01029c
17979772ns          300064 1c0088a6 10112e23 sw               x1, 284(x2)          x1:40e6708e  x2:10000e48  PA:10000f64
17979792ns          300065 1c0088aa 1107a083 lw               x1, 272(x15)         x1=40f5092f x15:1c010190  PA:1c0102a0
17980111ns          300081 1c0088ae 12112023 sw               x1, 288(x2)          x1:40f5092f  x2:10000e48  PA:10000f68
17980130ns          300082 1c0088b2 1147a083 lw               x1, 276(x15)         x1=40c984b0 x15:1c010190  PA:1c0102a4
17980449ns          300098 1c0088b6 12112223 sw               x1, 292(x2)          x1:40c984b0  x2:10000e48  PA:10000f6c
17980469ns          300099 1c0088ba 1187a083 lw               x1, 280(x15)         x1=41152c8a x15:1c010190  PA:1c0102a8
17980787ns          300115 1c0088be 12112423 sw               x1, 296(x2)          x1:41152c8a  x2:10000e48  PA:10000f70
17980807ns          300116 1c0088c2 11c7a083 lw               x1, 284(x15)         x1=4028f841 x15:1c010190  PA:1c0102ac
17981125ns          300132 1c0088c6 12112623 sw               x1, 300(x2)          x1:4028f841  x2:10000e48  PA:10000f74
17981145ns          300133 1c0088ca 1207a083 lw               x1, 288(x15)         x1=40e4235d x15:1c010190  PA:1c0102b0
17981463ns          300149 1c0088ce 12112823 sw               x1, 304(x2)          x1:40e4235d  x2:10000e48  PA:10000f78
17981483ns          300150 1c0088d2 1247a083 lw               x1, 292(x15)         x1=3f08cc5b x15:1c010190  PA:1c0102b4
17981801ns          300166 1c0088d6 12112a23 sw               x1, 308(x2)          x1:3f08cc5b  x2:10000e48  PA:10000f7c
17981821ns          300167 1c0088da 1287a083 lw               x1, 296(x15)         x1=40b3cf68 x15:1c010190  PA:1c0102b8
17982139ns          300183 1c0088de 12112c23 sw               x1, 312(x2)          x1:40b3cf68  x2:10000e48  PA:10000f80
17982159ns          300184 1c0088e2 12c7a083 lw               x1, 300(x15)         x1=41080baf x15:1c010190  PA:1c0102bc
17982478ns          300200 1c0088e6 12112e23 sw               x1, 316(x2)          x1:41080baf  x2:10000e48  PA:10000f84
17982497ns          300201 1c0088ea 1307a083 lw               x1, 304(x15)         x1=40dd86c1 x15:1c010190  PA:1c0102c0
17982816ns          300217 1c0088ee 14112023 sw               x1, 320(x2)          x1:40dd86c1  x2:10000e48  PA:10000f88
17982836ns          300218 1c0088f2 1347a083 lw               x1, 308(x15)         x1=40891412 x15:1c010190  PA:1c0102c4
17983154ns          300234 1c0088f6 14112223 sw               x1, 324(x2)          x1:40891412  x2:10000e48  PA:10000f8c
17983174ns          300235 1c0088fa 1387a083 lw               x1, 312(x15)         x1=411fb9f3 x15:1c010190  PA:1c0102c8
17983492ns          300251 1c0088fe 14112423 sw               x1, 328(x2)          x1:411fb9f3  x2:10000e48  PA:10000f90
17983512ns          300252 1c008902 13c7a083 lw               x1, 316(x15)         x1=41171c50 x15:1c010190  PA:1c0102cc
17983830ns          300268 1c008906 14112623 sw               x1, 332(x2)          x1:41171c50  x2:10000e48  PA:10000f94
17983850ns          300269 1c00890a 1407a083 lw               x1, 320(x15)         x1=40effa94 x15:1c010190  PA:1c0102d0
17984188ns          300286 1c00890e 14112823 sw               x1, 336(x2)          x1:40effa94  x2:10000e48  PA:10000f98
17984208ns          300287 1c008912 1447a083 lw               x1, 324(x15)         x1=41183e31 x15:1c010190  PA:1c0102d4
17984526ns          300303 1c008916 14112a23 sw               x1, 340(x2)          x1:41183e31  x2:10000e48  PA:10000f9c
17984546ns          300304 1c00891a 1487a083 lw               x1, 328(x15)         x1=3fe57c7c x15:1c010190  PA:1c0102d8
17984864ns          300320 1c00891e 14112c23 sw               x1, 344(x2)          x1:3fe57c7c  x2:10000e48  PA:10000fa0
17984884ns          300321 1c008922 14c7a083 lw               x1, 332(x15)         x1=3fa743cf x15:1c010190  PA:1c0102dc
17985203ns          300337 1c008926 14112e23 sw               x1, 348(x2)          x1:3fa743cf  x2:10000e48  PA:10000fa4
17985222ns          300338 1c00892a 1507a083 lw               x1, 336(x15)         x1=410fa2c4 x15:1c010190  PA:1c0102e0
17985561ns          300355 1c00892e 16112023 sw               x1, 352(x2)          x1:410fa2c4  x2:10000e48  PA:10000fa8
17985580ns          300356 1c008932 1547a083 lw               x1, 340(x15)         x1=40ea0e55 x15:1c010190  PA:1c0102e4
17985899ns          300372 1c008936 16112223 sw               x1, 356(x2)          x1:40ea0e55  x2:10000e48  PA:10000fac
17985919ns          300373 1c00893a 1587a083 lw               x1, 344(x15)         x1=40e4d51f x15:1c010190  PA:1c0102e8
17986237ns          300389 1c00893e 16112423 sw               x1, 360(x2)          x1:40e4d51f  x2:10000e48  PA:10000fb0
17986257ns          300390 1c008942 15c7a083 lw               x1, 348(x15)         x1=4028bc1c x15:1c010190  PA:1c0102ec
17986575ns          300406 1c008946 16112623 sw               x1, 364(x2)          x1:4028bc1c  x2:10000e48  PA:10000fb4
17986595ns          300407 1c00894a 1607a083 lw               x1, 352(x15)         x1=411cca6c x15:1c010190  PA:1c0102f0
17986933ns          300424 1c00894e 16112823 sw               x1, 368(x2)          x1:411cca6c  x2:10000e48  PA:10000fb8
17986953ns          300425 1c008952 1647a083 lw               x1, 356(x15)         x1=411e3b3e x15:1c010190  PA:1c0102f4
17987271ns          300441 1c008956 16112a23 sw               x1, 372(x2)          x1:411e3b3e  x2:10000e48  PA:10000fbc
17987291ns          300442 1c00895a 1687a083 lw               x1, 360(x15)         x1=40b36d39 x15:1c010190  PA:1c0102f8
17987609ns          300458 1c00895e 16112c23 sw               x1, 376(x2)          x1:40b36d39  x2:10000e48  PA:10000fc0
17987629ns          300459 1c008962 16c7a083 lw               x1, 364(x15)         x1=3f2c13dd x15:1c010190  PA:1c0102fc
17987947ns          300475 1c008966 16112e23 sw               x1, 380(x2)          x1:3f2c13dd  x2:10000e48  PA:10000fc4
17987967ns          300476 1c00896a 1707a083 lw               x1, 368(x15)         x1=406b7a42 x15:1c010190  PA:1c010300
17988286ns          300492 1c00896e 18112023 sw               x1, 384(x2)          x1:406b7a42  x2:10000e48  PA:10000fc8
17988306ns          300493 1c008972 1747a083 lw               x1, 372(x15)         x1=411ecb98 x15:1c010190  PA:1c010304
17988624ns          300509 1c008976 18112223 sw               x1, 388(x2)          x1:411ecb98  x2:10000e48  PA:10000fcc
17988644ns          300510 1c00897a 1787a083 lw               x1, 376(x15)         x1=405fd387 x15:1c010190  PA:1c010308
17988962ns          300526 1c00897e 18112423 sw               x1, 392(x2)          x1:405fd387  x2:10000e48  PA:10000fd0
17988982ns          300527 1c008982 17c7a083 lw               x1, 380(x15)         x1=408d4a28 x15:1c010190  PA:1c01030c
17989300ns          300543 1c008986 18112623 sw               x1, 396(x2)          x1:408d4a28  x2:10000e48  PA:10000fd4
17989320ns          300544 1c00898a 1807a083 lw               x1, 384(x15)         x1=40bbae04 x15:1c010190  PA:1c010310
17989658ns          300561 1c00898e 18112823 sw               x1, 400(x2)          x1:40bbae04  x2:10000e48  PA:10000fd8
17989678ns          300562 1c008992 0007a083 lw               x1, 0(x15)           x1=40ceefc5 x15:1c010190  PA:1c010190
17989996ns          300578 1c008996 00112823 sw               x1, 16(x2)           x1:40ceefc5  x2:10000e48  PA:10000e58
17990016ns          300579 1c008998 0047a083 lw               x1, 4(x15)           x1=41143268 x15:1c010190  PA:1c010194
17990334ns          300595 1c00899c 00112a23 sw               x1, 20(x2)           x1:41143268  x2:10000e48  PA:10000e5c
17990354ns          300596 1c00899e 0087a083 lw               x1, 8(x15)           x1=3f4fc9b5 x15:1c010190  PA:1c010198
17990673ns          300612 1c0089a2 00112c23 sw               x1, 24(x2)           x1:3f4fc9b5  x2:10000e48  PA:10000e60
17990692ns          300613 1c0089a4 00c7a083 lw               x1, 12(x15)          x1=400b5742 x15:1c010190  PA:1c01019c
17991011ns          300629 1c0089a8 00112e23 sw               x1, 28(x2)           x1:400b5742  x2:10000e48  PA:10000e64
17991031ns          300630 1c0089aa 0107a083 lw               x1, 16(x15)          x1=40c2fe93 x15:1c010190  PA:1c0101a0
17991349ns          300646 1c0089ae 02112023 sw               x1, 32(x2)           x1:40c2fe93  x2:10000e48  PA:10000e68
17991369ns          300647 1c0089b0 0147a083 lw               x1, 20(x15)          x1=3eb6ee9b x15:1c010190  PA:1c0101a4
17991687ns          300663 1c0089b4 02112223 sw               x1, 36(x2)           x1:3eb6ee9b  x2:10000e48  PA:10000e6c
17991707ns          300664 1c0089b6 0187a083 lw               x1, 24(x15)          x1=4095d56d x15:1c010190  PA:1c0101a8
17992025ns          300680 1c0089ba 02112423 sw               x1, 40(x2)           x1:4095d56d  x2:10000e48  PA:10000e70
17992045ns          300681 1c0089bc 01c7a083 lw               x1, 28(x15)          x1=40a68b87 x15:1c010190  PA:1c0101ac
17992363ns          300697 1c0089c0 02112623 sw               x1, 44(x2)           x1:40a68b87  x2:10000e48  PA:10000e74
17992383ns          300698 1c0089c2 0207a083 lw               x1, 32(x15)          x1=40f44b7a x15:1c010190  PA:1c0101b0
17992701ns          300714 1c0089c6 02112823 sw               x1, 48(x2)           x1:40f44b7a  x2:10000e48  PA:10000e78
17992721ns          300715 1c0089c8 0247a083 lw               x1, 36(x15)          x1=4011c9bb x15:1c010190  PA:1c0101b4
17993040ns          300731 1c0089cc 02112a23 sw               x1, 52(x2)           x1:4011c9bb  x2:10000e48  PA:10000e7c
17993059ns          300732 1c0089ce 0287a083 lw               x1, 40(x15)          x1=4058339d x15:1c010190  PA:1c0101b8
17993378ns          300748 1c0089d2 02112c23 sw               x1, 56(x2)           x1:4058339d  x2:10000e48  PA:10000e80
17993398ns          300749 1c0089d4 02c7a083 lw               x1, 44(x15)          x1=401176ce x15:1c010190  PA:1c0101bc
17993696ns          300764 1c0089d8 06d12623 sw               x13, 108(x2)        x13:4020ef24  x2:10000e48  PA:10000eb4
17993716ns          300765 1c0089da 0607a683 lw               x13, 96(x15)        x13=3f368d64 x15:1c010190  PA:1c0101f0
17994034ns          300781 1c0089dc 02112e23 sw               x1, 60(x2)           x1:401176ce  x2:10000e48  PA:10000e84
17994054ns          300782 1c0089de 06d12823 sw               x13, 112(x2)        x13:3f368d64  x2:10000e48  PA:10000eb8
17994074ns          300783 1c0089e0 0647a083 lw               x1, 100(x15)         x1=409d32ab x15:1c010190  PA:1c0101f4
17994372ns          300798 1c0089e4 0687a683 lw               x13, 104(x15)       x13=3f73850c x15:1c010190  PA:1c0101f8
17994690ns          300814 1c0089e6 04712023 sw               x7, 64(x2)           x7:404e4b16  x2:10000e48  PA:10000e88
17994710ns          300815 1c0089e8 04512223 sw               x5, 68(x2)           x5:3fd64fd6  x2:10000e48  PA:10000e8c
17994730ns          300816 1c0089ea 05f12423 sw               x31, 72(x2)         x31:40702f63  x2:10000e48  PA:10000e90
17994750ns          300817 1c0089ec 05e12623 sw               x30, 76(x2)         x30:409c15b2  x2:10000e48  PA:10000e94
17994770ns          300818 1c0089ee 05d12823 sw               x29, 80(x2)         x29:407a41ca  x2:10000e48  PA:10000e98
17994790ns          300819 1c0089f0 05c12a23 sw               x28, 84(x2)         x28:40ad2f1c  x2:10000e48  PA:10000e9c
17994810ns          300820 1c0089f2 04612c23 sw               x6, 88(x2)           x6:40976263  x2:10000e48  PA:10000ea0
17994830ns          300821 1c0089f4 05112e23 sw               x17, 92(x2)         x17:3f80faad  x2:10000e48  PA:10000ea4
17994850ns          300822 1c0089f6 07012023 sw               x16, 96(x2)         x16:40260f1b  x2:10000e48  PA:10000ea8
17994869ns          300823 1c0089f8 06b12223 sw               x11, 100(x2)        x11:409e1cbd  x2:10000e48  PA:10000eac
17994889ns          300824 1c0089fa 06c12423 sw               x12, 104(x2)        x12:408c0c5b  x2:10000e48  PA:10000eb0
17994909ns          300825 1c0089fc 06d12c23 sw               x13, 120(x2)        x13:3f73850c  x2:10000e48  PA:10000ec0
17994929ns          300826 1c0089fe 06112a23 sw               x1, 116(x2)          x1:409d32ab  x2:10000e48  PA:10000ebc
17995267ns          300843 1c008a00 06c7a083 lw               x1, 108(x15)         x1=40ae1da7 x15:1c010190  PA:1c0101fc
17995586ns          300859 1c008a04 1847a803 lw               x16, 388(x15)       x16=40e8dc21 x15:1c010190  PA:1c010314
17995884ns          300874 1c008a08 1887a883 lw               x17, 392(x15)       x17=40f382a9 x15:1c010190  PA:1c010318
17996202ns          300890 1c008a0c 18c7a303 lw               x6, 396(x15)         x6=40ce0a13 x15:1c010190  PA:1c01031c
17996501ns          300905 1c008a10 00241793 slli             x15, x8, 0x2        x15=00000004  x8:00000001
17996520ns          300906 1c008a14 00e787b3 add              x15, x15, x14       x15=1c010004 x15:00000004 x14:1c010000
17996540ns          300907 1c008a16 6507a683 lw               x13, 1616(x15)      x13=40fba772 x15:1c010004  PA:1c010654
17996839ns          300922 1c008a1a 66070593 addi             x11, x14, 1632      x11=1c010660 x14:1c010000
17996859ns          300923 1c008a1e 6407a703 lw               x14, 1600(x15)      x14=41063542 x15:1c010004  PA:1c010644
17997157ns          300938 1c008a22 1c0117b7 lui              x15, 0x1c011000     x15=1c011000
17997177ns          300939 1c008a26 ca078793 addi             x15, x15, -864      x15=1c010ca0 x15:1c011000
17997197ns          300940 1c008a2a 00a585b3 add              x11, x11, x10       x11=1c0107f0 x11:1c010660 x10:00000190
17997217ns          300941 1c008a2c 01010613 addi             x12, x2, 16         x12=10000e58  x2:10000e48
17997236ns          300942 1c008a2e 00f50533 add              x10, x10, x15       x10=1c010e30 x10:00000190 x15:1c010ca0
17997376ns          300949 1c008a30 06112e23 sw               x1, 124(x2)          x1:40ae1da7  x2:10000e48  PA:10000ec4
17997415ns          300951 1c008a32 19012a23 sw               x16, 404(x2)        x16:40e8dc21  x2:10000e48  PA:10000fdc
17997435ns          300952 1c008a36 19112c23 sw               x17, 408(x2)        x17:40f382a9  x2:10000e48  PA:10000fe0
17997455ns          300953 1c008a3a 18612e23 sw               x6, 412(x2)          x6:40ce0a13  x2:10000e48  PA:10000fe4
17997475ns          300954 1c008a3e be3ff0ef jal              x1, -1054            x1=1c008a40
17998350ns          300998 1c008620 ff010113 addi             x2, x2, -16          x2=10000e38  x2:10000e48
17998370ns          300999 1c008622 00812623 sw               x8, 12(x2)           x8:00000001  x2:10000e38  PA:10000e44
17998390ns          301000 1c008624 19058293 addi             x5, x11, 400         x5=1c010980 x11:1c0107f0
17998410ns          301001 1c008628 00000f13 addi             x30, x0, 0          x30=00000000
17998430ns          301002 1c00862c 00a00f93 addi             x31, x0, 10         x31=0000000a
17998887ns          301025 1c00862e 06afc07b lp.setup         0x0, x31, 0x6a      x31:0000000a
17998927ns          301027 1c008632 40b28e33 sub              x28, x5, x11        x28=00000190  x5:1c010980 x11:1c0107f0
17998947ns          301028 1c008636 fd8e0e13 addi             x28, x28, -40       x28=00000168 x28:00000190
17998967ns          301029 1c00863a 0cccd7b7 lui              x15, 0xcccd000      x15=0cccd000
17999405ns          301051 1c00863e ccd78793 addi             x15, x15, -819      x15=0ccccccd x15:0cccd000
17999444ns          301053 1c008642 003e5e13 srli             x28, x28, 0x3       x28=0000002d x28:00000168
17999464ns          301054 1c008646 02fe0e33 mul              x28, x28, x15       x28=40000009 x28:0000002d x15:0ccccccd
17999484ns          301055 1c00864a c5de3e33 p.bclr           x28, x28, 2, 29     x28=00000009 x28:40000009
17999504ns          301056 1c00864e 00b007b3 add              x15, x0, x11        x15=1c0107f0 x11:1c0107f0
17999922ns          301077 1c008650 00c00eb3 add              x29, x0, x12        x29=10000e58 x12:10000e58
17999942ns          301078 1c008652 001e0e13 addi             x28, x28, 1         x28=0000000a x28:00000009
17999962ns          301079 1c008654 054e40fb lp.setup         0x1, x28, 0x54      x28:0000000a
17999981ns          301080 1c008658 00052803 lw               x16, 0(x10)         x16=411ae800 x10:1c010e30  PA:1c010e30
18000280ns          301095 1c00865c 0007a883 lw               x17, 0(x15)         x17=40c92fdf x15:1c0107f0  PA:1c0107f0
18000598ns          301111 1c008660 1106f853 fmul.s           f16, f13, f16       f16=xxxxxxxx f13:40fba772 f16:411ae800
18000618ns          301112 1c008664 02852303 lw               x6, 40(x10)          x6=41062f8d x10:1c010e30  PA:1c010e58
18000916ns          301127 1c008668 0047a383 lw               x7, 4(x15)           x7=4042e596 x15:1c0107f0  PA:1c0107f4
18001215ns          301142 1c00866c f1187843 fmadd.s          f16, f16, f17, f30  f16=xxxxxxxx f16:429846ca f17:40c92fdf f30:00000000
18001235ns          301143 1c008670 1066f353 fmul.s           f6, f13, f6          f6=xxxxxxxx f13:40fba772  f6:41062f8d
18001254ns          301144 1c008674 05052883 lw               x17, 80(x10)        x17=40adc1a9 x10:1c010e30  PA:1c010e80
18001573ns          301160 1c008678 0087a403 lw               x8, 8(x15)           x8=3feabde7 x15:1c0107f0  PA:1c0107f8
18001871ns          301175 1c00867a 80737343 fmadd.s          f6, f6, f7, f16      f6=xxxxxxxx  f6:4283e864  f7:4042e596 f16:43ef581c
18001891ns          301176 1c00867e 1116f8d3 fmul.s           f17, f13, f17       f17=xxxxxxxx f13:40fba772 f17:40adc1a9
18001911ns          301177 1c008682 07852803 lw               x16, 120(x10)       x16=410b1bb9 x10:1c010e30  PA:1c010ea8
18002209ns          301192 1c008686 00c7a383 lw               x7, 12(x15)          x7=40d34100 x15:1c0107f0  PA:1c0107fc
18002508ns          301207 1c00868a 3088f8c3 fmadd.s          f17, f17, f8, f6    f17=xxxxxxxx f17:422ace87  f8:3feabde7  f6:4429e242
18002527ns          301208 1c00868e 1106f853 fmul.s           f16, f13, f16       f16=xxxxxxxx f13:40fba772 f16:410b1bb9
18002547ns          301209 1c008692 0a052303 lw               x6, 160(x10)         x6=40d98eef x10:1c010e30  PA:1c010ed0
18002866ns          301225 1c008696 0107a403 lw               x8, 16(x15)          x8=3f85525e x15:1c0107f0  PA:1c010800
18003164ns          301240 1c008698 88787843 fmadd.s          f16, f16, f7, f17   f16=xxxxxxxx f16:4288bf2b  f7:40d34100 f17:443d7632
18003184ns          301241 1c00869c 1066f353 fmul.s           f6, f13, f6          f6=xxxxxxxx f13:40fba772  f6:40d98eef
18003204ns          301242 1c0086a0 0c852883 lw               x17, 200(x10)       x17=40eaeec6 x10:1c010e30  PA:1c010ef8
18003502ns          301257 1c0086a4 0147a383 lw               x7, 20(x15)          x7=403c1513 x15:1c0107f0  PA:1c010804
18003800ns          301272 1c0086a8 80837343 fmadd.s          f6, f6, f8, f16      f6=xxxxxxxx  f6:4255dd71  f8:3f85525e f16:4497273d
18003820ns          301273 1c0086ac 1116f8d3 fmul.s           f17, f13, f17       f17=xxxxxxxx f13:40fba772 f17:40eaeec6
18003840ns          301274 1c0086b0 0f052803 lw               x16, 240(x10)       x16=40baba3c x10:1c010e30  PA:1c010f20
18004158ns          301290 1c0086b4 0187a403 lw               x8, 24(x15)          x8=40c53516 x15:1c0107f0  PA:1c010808
18004457ns          301305 1c0086b6 3078f8c3 fmadd.s          f17, f17, f7, f6    f17=xxxxxxxx f17:4266f1c7  f7:403c1513  f6:449e1d4b
18004477ns          301306 1c0086ba 1106f853 fmul.s           f16, f13, f16       f16=xxxxxxxx f13:40fba772 f16:40baba3c
18004497ns          301307 1c0086be 11852303 lw               x6, 280(x10)         x6=411d47a2 x10:1c010e30  PA:1c010f48
18004795ns          301322 1c0086c2 01c7a383 lw               x7, 28(x15)          x7=3f94ed63 x15:1c0107f0  PA:1c01080c
18005113ns          301338 1c0086c6 88887843 fmadd.s          f16, f16, f8, f17   f16=xxxxxxxx f16:42378ebb  f8:40c53516 f17:44b352dd
18005133ns          301339 1c0086ca 1066f353 fmul.s           f6, f13, f6          f6=xxxxxxxx f13:40fba772  f6:411d47a2
18005153ns          301340 1c0086ce 14052883 lw               x17, 320(x10)       x17=410eafa1 x10:1c010e30  PA:1c010f70
18005471ns          301356 1c0086d2 0207a403 lw               x8, 32(x15)          x8=3f2ec91c x15:1c0107f0  PA:1c010810
18005790ns          301372 1c0086d4 80737343 fmadd.s          f6, f6, f7, f16      f6=xxxxxxxx  f6:429a9c1c  f7:3f94ed63 f16:44d6ac97
18005809ns          301373 1c0086d8 1116f8d3 fmul.s           f17, f13, f17       f17=xxxxxxxx f13:40fba772 f17:410eafa1
18005829ns          301374 1c0086dc 16852803 lw               x16, 360(x10)       x16=3f93c766 x10:1c010e30  PA:1c010f98
18006128ns          301389 1c0086e0 0247a383 lw               x7, 36(x15)          x7=40e4781f x15:1c0107f0  PA:1c010814
18006446ns          301405 1c0086e4 3088f8c3 fmadd.s          f17, f17, f8, f6    f17=xxxxxxxx f17:428c4387  f8:3f2ec91c  f6:44e1eacb
18006466ns          301406 1c0086e8 1106f853 fmul.s           f16, f13, f16       f16=xxxxxxxx f13:40fba772 f16:3f93c766
18006486ns          301407 1c0086ec 000ea303 lw               x6, 0(x29)           x6=40ceefc5 x29:10000e58  PA:10000e58
18006506ns          301408 1c0086f0 02878793 addi             x15, x15, 40        x15=1c010818 x15:1c0107f0
18006525ns          301409 1c0086f4 88787843 fmadd.s          f16, f16, f7, f17   f16=xxxxxxxx f16:4111452a  f7:40e4781f f17:44e7e70c
18006545ns          301410 1c0086f8 80e37843 fmadd.s          f16, f6, f14, f16   f16=xxxxxxxx  f6:40ceefc5 f14:41063542 f16:44f00168
18006565ns          301411 1c0086fc 030ea42b p.sw             x16, 40(x29!)       x29=10000e80 x16:44f6c931 x29:10000e58  PA:10000e58
18006645ns          301415 1c008658 00052803 lw               x16, 0(x10)         x16=411ae800 x10:1c010e30  PA:1c010e30
18006943ns          301430 1c00865c 0007a883 lw               x17, 0(x15)         x17=3f272773 x15:1c010818  PA:1c010818
18007242ns          301445 1c008660 1106f853 fmul.s           f16, f13, f16       f16=xxxxxxxx f13:40fba772 f16:411ae800
18007261ns          301446 1c008664 02852303 lw               x6, 40(x10)          x6=41062f8d x10:1c010e30  PA:1c010e58
18007560ns          301461 1c008668 0047a383 lw               x7, 4(x15)           x7=40fbcae6 x15:1c010818  PA:1c01081c
18007858ns          301476 1c00866c f1187843 fmadd.s          f16, f16, f17, f30  f16=xxxxxxxx f16:429846ca f17:3f272773 f30:00000000
18007878ns          301477 1c008670 1066f353 fmul.s           f6, f13, f6          f6=xxxxxxxx f13:40fba772  f6:41062f8d
18007898ns          301478 1c008674 05052883 lw               x17, 80(x10)        x17=40adc1a9 x10:1c010e30  PA:1c010e80
18008216ns          301494 1c008678 0087a403 lw               x8, 8(x15)           x8=3da795cc x15:1c010818  PA:1c010820
18008515ns          301509 1c00867a 80737343 fmadd.s          f6, f6, f7, f16      f6=xxxxxxxx  f6:4283e864  f7:40fbcae6 f16:4246db4a
18008534ns          301510 1c00867e 1116f8d3 fmul.s           f17, f13, f17       f17=xxxxxxxx f13:40fba772 f17:40adc1a9
18008554ns          301511 1c008682 07852803 lw               x16, 120(x10)       x16=410b1bb9 x10:1c010e30  PA:1c010ea8
18008853ns          301526 1c008686 00c7a383 lw               x7, 12(x15)          x7=410c9940 x15:1c010818  PA:1c010824
18009151ns          301541 1c00868a 3088f8c3 fmadd.s          f17, f17, f8, f6    f17=xxxxxxxx f17:422ace87  f8:3da795cc  f6:440e2b1b
18009171ns          301542 1c00868e 1106f853 fmul.s           f16, f13, f16       f16=xxxxxxxx f13:40fba772 f16:410b1bb9
18009191ns          301543 1c008692 0a052303 lw               x6, 160(x10)         x6=40d98eef x10:1c010e30  PA:1c010ed0
18009509ns          301559 1c008696 0107a403 lw               x8, 16(x15)          x8=3f901a6a x15:1c010818  PA:1c010828
18009807ns          301574 1c008698 88787843 fmadd.s          f16, f16, f7, f17   f16=xxxxxxxx f16:4288bf2b  f7:410c9940 f17:440f0abc
18009827ns          301575 1c00869c 1066f353 fmul.s           f6, f13, f6          f6=xxxxxxxx f13:40fba772  f6:40d98eef
18009847ns          301576 1c0086a0 0c852883 lw               x17, 200(x10)       x17=40eaeec6 x10:1c010e30  PA:1c010ef8
18010146ns          301591 1c0086a4 0147a383 lw               x7, 20(x15)          x7=3f9e8be7 x15:1c010818  PA:1c01082c
18010444ns          301606 1c0086a8 80837343 fmadd.s          f6, f6, f8, f16      f6=xxxxxxxx  f6:4255dd71  f8:3f901a6a f16:44929fc6
18010464ns          301607 1c0086ac 1116f8d3 fmul.s           f17, f13, f17       f17=xxxxxxxx f13:40fba772 f17:40eaeec6
18010484ns          301608 1c0086b0 0f052803 lw               x16, 240(x10)       x16=40baba3c x10:1c010e30  PA:1c010f20
18010802ns          301624 1c0086b4 0187a403 lw               x8, 24(x15)          x8=4103c6ee x15:1c010818  PA:1c010830
18011100ns          301639 1c0086b6 3078f8c3 fmadd.s          f17, f17, f7, f6    f17=xxxxxxxx f17:4266f1c7  f7:3f9e8be7  f6:449a25f0
18011120ns          301640 1c0086ba 1106f853 fmul.s           f16, f13, f16       f16=xxxxxxxx f13:40fba772 f16:40baba3c
18011140ns          301641 1c0086be 11852303 lw               x6, 280(x10)         x6=411d47a2 x10:1c010e30  PA:1c010f48
18011438ns          301656 1c0086c2 01c7a383 lw               x7, 28(x15)          x7=408d0c20 x15:1c010818  PA:1c010834
18011737ns          301671 1c0086c6 88887843 fmadd.s          f16, f16, f8, f17   f16=xxxxxxxx f16:42378ebb  f8:4103c6ee f17:44a31667
18011757ns          301672 1c0086ca 1066f353 fmul.s           f6, f13, f6          f6=xxxxxxxx f13:40fba772  f6:411d47a2
18011777ns          301673 1c0086ce 14052883 lw               x17, 320(x10)       x17=410eafa1 x10:1c010e30  PA:1c010f70
18012075ns          301688 1c0086d2 0207a403 lw               x8, 32(x15)          x8=4067c495 x15:1c010818  PA:1c010838
18012373ns          301703 1c0086d4 80737343 fmadd.s          f6, f6, f7, f16      f6=xxxxxxxx  f6:429a9c1c  f7:408d0c20 f16:44d254bd
18012393ns          301704 1c0086d8 1116f8d3 fmul.s           f17, f13, f17       f17=xxxxxxxx f13:40fba772 f17:410eafa1
18012413ns          301705 1c0086dc 16852803 lw               x16, 360(x10)       x16=3f93c766 x10:1c010e30  PA:1c010f98
18012711ns          301720 1c0086e0 0247a383 lw               x7, 36(x15)          x7=409f3d2d x15:1c010818  PA:1c01083c
18013010ns          301735 1c0086e4 3088f8c3 fmadd.s          f17, f17, f8, f6    f17=xxxxxxxx f17:428c4387  f8:4067c495  f6:44fcec64
18013030ns          301736 1c0086e8 1106f853 fmul.s           f16, f13, f16       f16=xxxxxxxx f13:40fba772 f16:3f93c766
18013050ns          301737 1c0086ec 000ea303 lw               x6, 0(x29)           x6=4058339d x29:10000e80  PA:10000e80
18013070ns          301738 1c0086f0 02878793 addi             x15, x15, 40        x15=1c010840 x15:1c010818
18013089ns          301739 1c0086f4 88787843 fmadd.s          f16, f16, f7, f17   f16=xxxxxxxx f16:4111452a  f7:409f3d2d f17:450e55c7
18013109ns          301740 1c0086f8 80e37843 fmadd.s          f16, f6, f14, f16   f16=xxxxxxxx  f6:4058339d f14:41063542 f16:451128ac
18013129ns          301741 1c0086fc 030ea42b p.sw             x16, 40(x29!)       x29=10000ea8 x16:4512ee0c x29:10000e80  PA:10000e80
18013149ns          301742 1c008658 00052803 lw               x16, 0(x10)         x16=411ae800 x10:1c010e30  PA:1c010e30
18013467ns          301758 1c00865c 0007a883 lw               x17, 0(x15)         x17=3f5d3e32 x15:1c010840  PA:1c010840
18013766ns          301773 1c008660 1106f853 fmul.s           f16, f13, f16       f16=xxxxxxxx f13:40fba772 f16:411ae800
18013786ns          301774 1c008664 02852303 lw               x6, 40(x10)          x6=41062f8d x10:1c010e30  PA:1c010e58
18014084ns          301789 1c008668 0047a383 lw               x7, 4(x15)           x7=3fb23088 x15:1c010840  PA:1c010844
18014382ns          301804 1c00866c f1187843 fmadd.s          f16, f16, f17, f30  f16=xxxxxxxx f16:429846ca f17:3f5d3e32 f30:00000000
18014402ns          301805 1c008670 1066f353 fmul.s           f6, f13, f6          f6=xxxxxxxx f13:40fba772  f6:41062f8d
18014422ns          301806 1c008674 05052883 lw               x17, 80(x10)        x17=40adc1a9 x10:1c010e30  PA:1c010e80
18014720ns          301821 1c008678 0087a403 lw               x8, 8(x15)           x8=40868824 x15:1c010840  PA:1c010848
18015019ns          301836 1c00867a 80737343 fmadd.s          f6, f6, f7, f16      f6=xxxxxxxx  f6:4283e864  f7:3fb23088 f16:42839a1b
18015039ns          301837 1c00867e 1116f8d3 fmul.s           f17, f13, f17       f17=xxxxxxxx f13:40fba772 f17:40adc1a9
18015059ns          301838 1c008682 07852803 lw               x16, 120(x10)       x16=410b1bb9 x10:1c010e30  PA:1c010ea8
18015357ns          301853 1c008686 00c7a383 lw               x7, 12(x15)          x7=40118528 x15:1c010840  PA:1c01084c
18015655ns          301868 1c00868a 3088f8c3 fmadd.s          f17, f17, f8, f6    f17=xxxxxxxx f17:422ace87  f8:40868824  f6:431d9da5
18015675ns          301869 1c00868e 1106f853 fmul.s           f16, f13, f16       f16=xxxxxxxx f13:40fba772 f16:410b1bb9
18015695ns          301870 1c008692 0a052303 lw               x6, 160(x10)         x6=40d98eef x10:1c010e30  PA:1c010ed0
18015993ns          301885 1c008696 0107a403 lw               x8, 16(x15)          x8=40f2255b x15:1c010840  PA:1c010850
18016292ns          301900 1c008698 88787843 fmadd.s          f16, f16, f7, f17   f16=xxxxxxxx f16:4288bf2b  f7:40118528 f17:43a891c3
18016312ns          301901 1c00869c 1066f353 fmul.s           f6, f13, f6          f6=xxxxxxxx f13:40fba772  f6:40d98eef
18016332ns          301902 1c0086a0 0c852883 lw               x17, 200(x10)       x17=40eaeec6 x10:1c010e30  PA:1c010ef8
18016630ns          301917 1c0086a4 0147a383 lw               x7, 20(x15)          x7=410d9210 x15:1c010840  PA:1c010854
18016928ns          301932 1c0086a8 80837343 fmadd.s          f6, f6, f8, f16      f6=xxxxxxxx  f6:4255dd71  f8:40f2255b f16:43f64d2b
18016948ns          301933 1c0086ac 1116f8d3 fmul.s           f17, f13, f17       f17=xxxxxxxx f13:40fba772 f17:40eaeec6
18016968ns          301934 1c0086b0 0f052803 lw               x16, 240(x10)       x16=40baba3c x10:1c010e30  PA:1c010f20
18017266ns          301949 1c0086b4 0187a403 lw               x8, 24(x15)          x8=404f08ae x15:1c010840  PA:1c010858
18017565ns          301964 1c0086b6 3078f8c3 fmadd.s          f17, f17, f7, f6    f17=xxxxxxxx f17:4266f1c7  f7:410d9210  f6:44604bda
18017585ns          301965 1c0086ba 1106f853 fmul.s           f16, f13, f16       f16=xxxxxxxx f13:40fba772 f16:40baba3c
18017605ns          301966 1c0086be 11852303 lw               x6, 280(x10)         x6=411d47a2 x10:1c010e30  PA:1c010f48
18017903ns          301981 1c0086c2 01c7a383 lw               x7, 28(x15)          x7=40856e55 x15:1c010840  PA:1c01085c
18018201ns          301996 1c0086c6 88887843 fmadd.s          f16, f16, f8, f17   f16=xxxxxxxx f16:42378ebb  f8:404f08ae f17:44b00164
18018221ns          301997 1c0086ca 1066f353 fmul.s           f6, f13, f6          f6=xxxxxxxx f13:40fba772  f6:411d47a2
18018241ns          301998 1c0086ce 14052883 lw               x17, 320(x10)       x17=410eafa1 x10:1c010e30  PA:1c010f70
18018539ns          302013 1c0086d2 0207a403 lw               x8, 32(x15)          x8=40ad535a x15:1c010840  PA:1c010860
18018858ns          302029 1c0086d4 80737343 fmadd.s          f6, f6, f7, f16      f6=xxxxxxxx  f6:429a9c1c  f7:40856e55 f16:44c28fb8
18018878ns          302030 1c0086d8 1116f8d3 fmul.s           f17, f13, f17       f17=xxxxxxxx f13:40fba772 f17:410eafa1
18018898ns          302031 1c0086dc 16852803 lw               x16, 360(x10)       x16=3f93c766 x10:1c010e30  PA:1c010f98
18019196ns          302046 1c0086e0 0247a383 lw               x7, 36(x15)          x7=40c3d18a x15:1c010840  PA:1c010864
18019494ns          302061 1c0086e4 3088f8c3 fmadd.s          f17, f17, f8, f6    f17=xxxxxxxx f17:428c4387  f8:40ad535a  f6:44eada96
18019514ns          302062 1c0086e8 1106f853 fmul.s           f16, f13, f16       f16=xxxxxxxx f13:40fba772 f16:3f93c766
18019534ns          302063 1c0086ec 000ea303 lw               x6, 0(x29)           x6=40260f1b x29:10000ea8  PA:10000ea8
18019554ns          302064 1c0086f0 02878793 addi             x15, x15, 40        x15=1c010868 x15:1c010840
18019574ns          302065 1c0086f4 88787843 fmadd.s          f16, f16, f7, f17   f16=xxxxxxxx f16:4111452a  f7:40c3d18a f17:450d2b1e
18019594ns          302066 1c0086f8 80e37843 fmadd.s          f16, f6, f14, f16   f16=xxxxxxxx  f6:40260f1b f14:41063542 f16:4510a413
18019614ns          302067 1c0086fc 030ea42b p.sw             x16, 40(x29!)       x29=10000ed0 x16:4512004d x29:10000ea8  PA:10000ea8
18019633ns          302068 1c008658 00052803 lw               x16, 0(x10)         x16=411ae800 x10:1c010e30  PA:1c010e30
18019932ns          302083 1c00865c 0007a883 lw               x17, 0(x15)         x17=406f2a46 x15:1c010868  PA:1c010868
18020230ns          302098 1c008660 1106f853 fmul.s           f16, f13, f16       f16=xxxxxxxx f13:40fba772 f16:411ae800
18020250ns          302099 1c008664 02852303 lw               x6, 40(x10)          x6=41062f8d x10:1c010e30  PA:1c010e58
18020548ns          302114 1c008668 0047a383 lw               x7, 4(x15)           x7=3dd5cc68 x15:1c010868  PA:1c01086c
18020847ns          302129 1c00866c f1187843 fmadd.s          f16, f16, f17, f30  f16=xxxxxxxx f16:429846ca f17:406f2a46 f30:00000000
18020867ns          302130 1c008670 1066f353 fmul.s           f6, f13, f6          f6=xxxxxxxx f13:40fba772  f6:41062f8d
18020887ns          302131 1c008674 05052883 lw               x17, 80(x10)        x17=40adc1a9 x10:1c010e30  PA:1c010e80
18021185ns          302146 1c008678 0087a403 lw               x8, 8(x15)           x8=3f3e56f1 x15:1c010868  PA:1c010870
18021503ns          302162 1c00867a 80737343 fmadd.s          f6, f6, f7, f16      f6=xxxxxxxx  f6:4283e864  f7:3dd5cc68 f16:438e433c
18021523ns          302163 1c00867e 1116f8d3 fmul.s           f17, f13, f17       f17=xxxxxxxx f13:40fba772 f17:40adc1a9
18021543ns          302164 1c008682 07852803 lw               x16, 120(x10)       x16=410b1bb9 x10:1c010e30  PA:1c010ea8
18021841ns          302179 1c008686 00c7a383 lw               x7, 12(x15)          x7=3fa5c9e3 x15:1c010868  PA:1c010874
18022140ns          302194 1c00868a 3088f8c3 fmadd.s          f17, f17, f8, f6    f17=xxxxxxxx f17:422ace87  f8:3f3e56f1  f6:4391b489
18022160ns          302195 1c00868e 1106f853 fmul.s           f16, f13, f16       f16=xxxxxxxx f13:40fba772 f16:410b1bb9
18022179ns          302196 1c008692 0a052303 lw               x6, 160(x10)         x6=40d98eef x10:1c010e30  PA:1c010ed0
18022478ns          302211 1c008696 0107a403 lw               x8, 16(x15)          x8=3f2ad00d x15:1c010868  PA:1c010878
18022796ns          302227 1c008698 88787843 fmadd.s          f16, f16, f7, f17   f16=xxxxxxxx f16:4288bf2b  f7:3fa5c9e3 f17:43a19472
18022816ns          302228 1c00869c 1066f353 fmul.s           f6, f13, f6          f6=xxxxxxxx f13:40fba772  f6:40d98eef
18022836ns          302229 1c0086a0 0c852883 lw               x17, 200(x10)       x17=40eaeec6 x10:1c010e30  PA:1c010ef8
18023134ns          302244 1c0086a4 0147a383 lw               x7, 20(x15)          x7=4113cf5d x15:1c010868  PA:1c01087c
18023433ns          302259 1c0086a8 80837343 fmadd.s          f6, f6, f8, f16      f6=xxxxxxxx  f6:4255dd71  f8:3f2ad00d f16:43cddbf9
18023452ns          302260 1c0086ac 1116f8d3 fmul.s           f17, f13, f17       f17=xxxxxxxx f13:40fba772 f17:40eaeec6
18023472ns          302261 1c0086b0 0f052803 lw               x16, 240(x10)       x16=40baba3c x10:1c010e30  PA:1c010f20
18023771ns          302276 1c0086b4 0187a403 lw               x8, 24(x15)          x8=4028cf98 x15:1c010868  PA:1c010880
18024069ns          302291 1c0086b6 3078f8c3 fmadd.s          f17, f17, f7, f6    f17=xxxxxxxx f17:4266f1c7  f7:4113cf5d  f6:43dfb254
18024089ns          302292 1c0086ba 1106f853 fmul.s           f16, f13, f16       f16=xxxxxxxx f13:40fba772 f16:40baba3c
18024109ns          302293 1c0086be 11852303 lw               x6, 280(x10)         x6=411d47a2 x10:1c010e30  PA:1c010f48
18024407ns          302308 1c0086c2 01c7a383 lw               x7, 28(x15)          x7=3fa13eed x15:1c010868  PA:1c010884
18024706ns          302323 1c0086c6 88887843 fmadd.s          f16, f16, f8, f17   f16=xxxxxxxx f16:42378ebb  f8:4028cf98 f17:44753111
18024725ns          302324 1c0086ca 1066f353 fmul.s           f6, f13, f6          f6=xxxxxxxx f13:40fba772  f6:411d47a2
18024745ns          302325 1c0086ce 14052883 lw               x17, 320(x10)       x17=410eafa1 x10:1c010e30  PA:1c010f70
18025044ns          302340 1c0086d2 0207a403 lw               x8, 32(x15)          x8=40a9fcb3 x15:1c010868  PA:1c010888
18025342ns          302355 1c0086d4 80737343 fmadd.s          f6, f6, f7, f16      f6=xxxxxxxx  f6:429a9c1c  f7:3fa13eed f16:4489b9d9
18025362ns          302356 1c0086d8 1116f8d3 fmul.s           f17, f13, f17       f17=xxxxxxxx f13:40fba772 f17:410eafa1
18025382ns          302357 1c0086dc 16852803 lw               x16, 360(x10)       x16=3f93c766 x10:1c010e30  PA:1c010f98
18025680ns          302372 1c0086e0 0247a383 lw               x7, 36(x15)          x7=40bdf671 x15:1c010868  PA:1c01088c
18025979ns          302387 1c0086e4 3088f8c3 fmadd.s          f17, f17, f8, f6    f17=xxxxxxxx f17:428c4387  f8:40a9fcb3  f6:4495e61f
18025999ns          302388 1c0086e8 1106f853 fmul.s           f16, f13, f16       f16=xxxxxxxx f13:40fba772 f16:3f93c766
18026018ns          302389 1c0086ec 000ea303 lw               x6, 0(x29)           x6=410bda53 x29:10000ed0  PA:10000ed0
18026038ns          302390 1c0086f0 02878793 addi             x15, x15, 40        x15=1c010890 x15:1c010868
18026058ns          302391 1c0086f4 88787843 fmadd.s          f16, f16, f7, f17   f16=xxxxxxxx f16:4111452a  f7:40bdf671 f17:44c477a3
18026078ns          302392 1c0086f8 80e37843 fmadd.s          f16, f6, f14, f16   f16=xxxxxxxx  f6:410bda53 f14:41063542 f16:44cb3462
18026098ns          302393 1c0086fc 030ea42b p.sw             x16, 40(x29!)       x29=10000ef8 x16:44d45e8e x29:10000ed0  PA:10000ed0
18026118ns          302394 1c008658 00052803 lw               x16, 0(x10)         x16=411ae800 x10:1c010e30  PA:1c010e30
18026416ns          302409 1c00865c 0007a883 lw               x17, 0(x15)         x17=4119a00a x15:1c010890  PA:1c010890
18026715ns          302424 1c008660 1106f853 fmul.s           f16, f13, f16       f16=xxxxxxxx f13:40fba772 f16:411ae800
18026734ns          302425 1c008664 02852303 lw               x6, 40(x10)          x6=41062f8d x10:1c010e30  PA:1c010e58
18027033ns          302440 1c008668 0047a383 lw               x7, 4(x15)           x7=40642f0b x15:1c010890  PA:1c010894
18027331ns          302455 1c00866c f1187843 fmadd.s          f16, f16, f17, f30  f16=xxxxxxxx f16:429846ca f17:4119a00a f30:00000000
18027351ns          302456 1c008670 1066f353 fmul.s           f6, f13, f6          f6=xxxxxxxx f13:40fba772  f6:41062f8d
18027371ns          302457 1c008674 05052883 lw               x17, 80(x10)        x17=40adc1a9 x10:1c010e30  PA:1c010e80
18027669ns          302472 1c008678 0087a403 lw               x8, 8(x15)           x8=40ede3a4 x15:1c010890  PA:1c010898
18027968ns          302487 1c00867a 80737343 fmadd.s          f6, f6, f7, f16      f6=xxxxxxxx  f6:4283e864  f7:40642f0b f16:4436c302
18027988ns          302488 1c00867e 1116f8d3 fmul.s           f17, f13, f17       f17=xxxxxxxx f13:40fba772 f17:40adc1a9
18028007ns          302489 1c008682 07852803 lw               x16, 120(x10)       x16=410b1bb9 x10:1c010e30  PA:1c010ea8
18028306ns          302504 1c008686 00c7a383 lw               x7, 12(x15)          x7=3f84672f x15:1c010890  PA:1c01089c
18028604ns          302519 1c00868a 3088f8c3 fmadd.s          f17, f17, f8, f6    f17=xxxxxxxx f17:422ace87  f8:40ede3a4  f6:44718c9d
18028624ns          302520 1c00868e 1106f853 fmul.s           f16, f13, f16       f16=xxxxxxxx f13:40fba772 f16:410b1bb9
18028644ns          302521 1c008692 0a052303 lw               x6, 160(x10)         x6=40d98eef x10:1c010e30  PA:1c010ed0
18028942ns          302536 1c008696 0107a403 lw               x8, 16(x15)          x8=40854cea x15:1c010890  PA:1c0108a0
18029241ns          302551 1c008698 88787843 fmadd.s          f16, f16, f7, f17   f16=xxxxxxxx f16:4288bf2b  f7:3f84672f f17:44a07494
18029261ns          302552 1c00869c 1066f353 fmul.s           f6, f13, f6          f6=xxxxxxxx f13:40fba772  f6:40d98eef
18029280ns          302553 1c0086a0 0c852883 lw               x17, 200(x10)       x17=40eaeec6 x10:1c010e30  PA:1c010ef8
18029579ns          302568 1c0086a4 0147a383 lw               x7, 20(x15)          x7=4100bd62 x15:1c010890  PA:1c0108a4
18029877ns          302583 1c0086a8 80837343 fmadd.s          f6, f6, f8, f16      f6=xxxxxxxx  f6:4255dd71  f8:40854cea f16:44a94bca
18029897ns          302584 1c0086ac 1116f8d3 fmul.s           f17, f13, f17       f17=xxxxxxxx f13:40fba772 f17:40eaeec6
18029917ns          302585 1c0086b0 0f052803 lw               x16, 240(x10)       x16=40baba3c x10:1c010e30  PA:1c010f20
18030215ns          302600 1c0086b4 0187a403 lw               x8, 24(x15)          x8=4079a1a7 x15:1c010890  PA:1c0108a8
18030514ns          302615 1c0086b6 3078f8c3 fmadd.s          f17, f17, f7, f6    f17=xxxxxxxx f17:4266f1c7  f7:4100bd62  f6:44c522dd
18030534ns          302616 1c0086ba 1106f853 fmul.s           f16, f13, f16       f16=xxxxxxxx f13:40fba772 f16:40baba3c
18030553ns          302617 1c0086be 11852303 lw               x6, 280(x10)         x6=411d47a2 x10:1c010e30  PA:1c010f48
18030872ns          302633 1c0086c2 01c7a383 lw               x7, 28(x15)          x7=40ac177a x15:1c010890  PA:1c0108ac
18031170ns          302648 1c0086c6 88887843 fmadd.s          f16, f16, f8, f17   f16=xxxxxxxx f16:42378ebb  f8:4079a1a7 f17:44ff34bb
18031190ns          302649 1c0086ca 1066f353 fmul.s           f6, f13, f6          f6=xxxxxxxx f13:40fba772  f6:411d47a2
18031210ns          302650 1c0086ce 14052883 lw               x17, 320(x10)       x17=410eafa1 x10:1c010e30  PA:1c010f70
18031508ns          302665 1c0086d2 0207a403 lw               x8, 32(x15)          x8=411507cf x15:1c010890  PA:1c0108b0
18031807ns          302680 1c0086d4 80737343 fmadd.s          f6, f6, f7, f16      f6=xxxxxxxx  f6:429a9c1c  f7:40ac177a f16:450aca39
18031826ns          302681 1c0086d8 1116f8d3 fmul.s           f17, f13, f17       f17=xxxxxxxx f13:40fba772 f17:410eafa1
18031846ns          302682 1c0086dc 16852803 lw               x16, 360(x10)       x16=3f93c766 x10:1c010e30  PA:1c010f98
18032165ns          302698 1c0086e0 0247a383 lw               x7, 36(x15)          x7=41055ac8 x15:1c010890  PA:1c0108b4
18032463ns          302713 1c0086e4 3088f8c3 fmadd.s          f17, f17, f8, f6    f17=xxxxxxxx f17:428c4387  f8:411507cf  f6:4524c5fd
18032483ns          302714 1c0086e8 1106f853 fmul.s           f16, f13, f16       f16=xxxxxxxx f13:40fba772 f16:3f93c766
18032503ns          302715 1c0086ec 000ea303 lw               x6, 0(x29)           x6=410ed518 x29:10000ef8  PA:10000ef8
18032523ns          302716 1c0086f0 02878793 addi             x15, x15, 40        x15=1c0108b8 x15:1c010890
18032543ns          302717 1c0086f4 88787843 fmadd.s          f16, f16, f7, f17   f16=xxxxxxxx f16:4111452a  f7:41055ac8 f17:454d99c7
18032562ns          302718 1c0086f8 80e37843 fmadd.s          f16, f6, f14, f16   f16=xxxxxxxx  f6:410ed518 f14:41063542 f16:4552548e
18032582ns          302719 1c0086fc 030ea42b p.sw             x16, 40(x29!)       x29=10000f20 x16:455702a2 x29:10000ef8  PA:10000ef8
18032602ns          302720 1c008658 00052803 lw               x16, 0(x10)         x16=411ae800 x10:1c010e30  PA:1c010e30
18032901ns          302735 1c00865c 0007a883 lw               x17, 0(x15)         x17=401ca5ad x15:1c0108b8  PA:1c0108b8
18033199ns          302750 1c008660 1106f853 fmul.s           f16, f13, f16       f16=xxxxxxxx f13:40fba772 f16:411ae800
18033219ns          302751 1c008664 02852303 lw               x6, 40(x10)          x6=41062f8d x10:1c010e30  PA:1c010e58
18033537ns          302767 1c008668 0047a383 lw               x7, 4(x15)           x7=4104807b x15:1c0108b8  PA:1c0108bc
18033835ns          302782 1c00866c f1187843 fmadd.s          f16, f16, f17, f30  f16=xxxxxxxx f16:429846ca f17:401ca5ad f30:00000000
18033855ns          302783 1c008670 1066f353 fmul.s           f6, f13, f6          f6=xxxxxxxx f13:40fba772  f6:41062f8d
18033875ns          302784 1c008674 05052883 lw               x17, 80(x10)        x17=40adc1a9 x10:1c010e30  PA:1c010e80
18034174ns          302799 1c008678 0087a403 lw               x8, 8(x15)           x8=3fa0c982 x15:1c0108b8  PA:1c0108c0
18034472ns          302814 1c00867a 80737343 fmadd.s          f6, f6, f7, f16      f6=xxxxxxxx  f6:4283e864  f7:4104807b f16:433a5b5f
18034492ns          302815 1c00867e 1116f8d3 fmul.s           f17, f13, f17       f17=xxxxxxxx f13:40fba772 f17:40adc1a9
18034512ns          302816 1c008682 07852803 lw               x16, 120(x10)       x16=410b1bb9 x10:1c010e30  PA:1c010ea8
18034830ns          302832 1c008686 00c7a383 lw               x7, 12(x15)          x7=408f6bde x15:1c0108b8  PA:1c0108c4
18035128ns          302847 1c00868a 3088f8c3 fmadd.s          f17, f17, f8, f6    f17=xxxxxxxx f17:422ace87  f8:3fa0c982  f6:443722e6
18035148ns          302848 1c00868e 1106f853 fmul.s           f16, f13, f16       f16=xxxxxxxx f13:40fba772 f16:410b1bb9
18035168ns          302849 1c008692 0a052303 lw               x6, 160(x10)         x6=40d98eef x10:1c010e30  PA:1c010ed0
18035467ns          302864 1c008696 0107a403 lw               x8, 16(x15)          x8=40843960 x15:1c0108b8  PA:1c0108c8
18035765ns          302879 1c008698 88787843 fmadd.s          f16, f16, f7, f17   f16=xxxxxxxx f16:4288bf2b  f7:408f6bde f17:44448bd7
18035785ns          302880 1c00869c 1066f353 fmul.s           f6, f13, f6          f6=xxxxxxxx f13:40fba772  f6:40d98eef
18035805ns          302881 1c0086a0 0c852883 lw               x17, 200(x10)       x17=40eaeec6 x10:1c010e30  PA:1c010ef8
18036123ns          302897 1c0086a4 0147a383 lw               x7, 20(x15)          x7=40ca1d6a x15:1c0108b8  PA:1c0108cc
18036421ns          302912 1c0086a8 80837343 fmadd.s          f6, f6, f8, f16      f6=xxxxxxxx  f6:4255dd71  f8:40843960 f16:4488941f
18036441ns          302913 1c0086ac 1116f8d3 fmul.s           f17, f13, f17       f17=xxxxxxxx f13:40fba772 f17:40eaeec6
18036461ns          302914 1c0086b0 0f052803 lw               x16, 240(x10)       x16=40baba3c x10:1c010e30  PA:1c010f20
18036759ns          302929 1c0086b4 0187a403 lw               x8, 24(x15)          x8=40329514 x15:1c0108b8  PA:1c0108d0
18037058ns          302944 1c0086b6 3078f8c3 fmadd.s          f17, f17, f7, f6    f17=xxxxxxxx f17:4266f1c7  f7:40ca1d6a  f6:44a431a6
18037078ns          302945 1c0086ba 1106f853 fmul.s           f16, f13, f16       f16=xxxxxxxx f13:40fba772 f16:40baba3c
18037098ns          302946 1c0086be 11852303 lw               x6, 280(x10)         x6=411d47a2 x10:1c010e30  PA:1c010f48
18037416ns          302962 1c0086c2 01c7a383 lw               x7, 28(x15)          x7=41042b0b x15:1c0108b8  PA:1c0108d4
18037714ns          302977 1c0086c6 88887843 fmadd.s          f16, f16, f8, f17   f16=xxxxxxxx f16:42378ebb  f8:40329514 f17:44d1c6fa
18037734ns          302978 1c0086ca 1066f353 fmul.s           f6, f13, f6          f6=xxxxxxxx f13:40fba772  f6:411d47a2
18037754ns          302979 1c0086ce 14052883 lw               x17, 320(x10)       x17=410eafa1 x10:1c010e30  PA:1c010f70
18038052ns          302994 1c0086d2 0207a403 lw               x8, 32(x15)          x8=4116f4ed x15:1c0108b8  PA:1c0108d8
18038351ns          303009 1c0086d4 80737343 fmadd.s          f6, f6, f7, f16      f6=xxxxxxxx  f6:429a9c1c  f7:41042b0b f16:44e1c87e
18038371ns          303010 1c0086d8 1116f8d3 fmul.s           f17, f13, f17       f17=xxxxxxxx f13:40fba772 f17:410eafa1
18038390ns          303011 1c0086dc 16852803 lw               x16, 360(x10)       x16=3f93c766 x10:1c010e30  PA:1c010f98
18038689ns          303026 1c0086e0 0247a383 lw               x7, 36(x15)          x7=40d1fecf x15:1c0108b8  PA:1c0108dc
18038987ns          303041 1c0086e4 3088f8c3 fmadd.s          f17, f17, f8, f6    f17=xxxxxxxx f17:428c4387  f8:4116f4ed  f6:4518cd7e
18039007ns          303042 1c0086e8 1106f853 fmul.s           f16, f13, f16       f16=xxxxxxxx f13:40fba772 f16:3f93c766
18039027ns          303043 1c0086ec 000ea303 lw               x6, 0(x29)           x6=40b81264 x29:10000f20  PA:10000f20
18039047ns          303044 1c0086f0 02878793 addi             x15, x15, 40        x15=1c0108e0 x15:1c0108b8
18039067ns          303045 1c0086f4 88787843 fmadd.s          f16, f16, f7, f17   f16=xxxxxxxx f16:4111452a  f7:40d1fecf f17:45422860
18039087ns          303046 1c0086f8 80e37843 fmadd.s          f16, f6, f14, f16   f16=xxxxxxxx  f6:40b81264 f14:41063542 f16:4545e1b0
18039107ns          303047 1c0086fc 030ea42b p.sw             x16, 40(x29!)       x29=10000f48 x16:4548e5af x29:10000f20  PA:10000f20
18039126ns          303048 1c008658 00052803 lw               x16, 0(x10)         x16=411ae800 x10:1c010e30  PA:1c010e30
18039425ns          303063 1c00865c 0007a883 lw               x17, 0(x15)         x17=40a54233 x15:1c0108e0  PA:1c0108e0
18039723ns          303078 1c008660 1106f853 fmul.s           f16, f13, f16       f16=xxxxxxxx f13:40fba772 f16:411ae800
18039743ns          303079 1c008664 02852303 lw               x6, 40(x10)          x6=41062f8d x10:1c010e30  PA:1c010e58
18040041ns          303094 1c008668 0047a383 lw               x7, 4(x15)           x7=4093ed2a x15:1c0108e0  PA:1c0108e4
18040340ns          303109 1c00866c f1187843 fmadd.s          f16, f16, f17, f30  f16=xxxxxxxx f16:429846ca f17:40a54233 f30:00000000
18040360ns          303110 1c008670 1066f353 fmul.s           f6, f13, f6          f6=xxxxxxxx f13:40fba772  f6:41062f8d
18040380ns          303111 1c008674 05052883 lw               x17, 80(x10)        x17=40adc1a9 x10:1c010e30  PA:1c010e80
18040678ns          303126 1c008678 0087a403 lw               x8, 8(x15)           x8=40fe6095 x15:1c0108e0  PA:1c0108e8
18040976ns          303141 1c00867a 80737343 fmadd.s          f6, f6, f7, f16      f6=xxxxxxxx  f6:4283e864  f7:4093ed2a f16:43c49a02
18040996ns          303142 1c00867e 1116f8d3 fmul.s           f17, f13, f17       f17=xxxxxxxx f13:40fba772 f17:40adc1a9
18041016ns          303143 1c008682 07852803 lw               x16, 120(x10)       x16=410b1bb9 x10:1c010e30  PA:1c010ea8
18041314ns          303158 1c008686 00c7a383 lw               x7, 12(x15)          x7=3e9d6a6e x15:1c0108e0  PA:1c0108ec
18041613ns          303173 1c00868a 3088f8c3 fmadd.s          f17, f17, f8, f6    f17=xxxxxxxx f17:422ace87  f8:40fe6095  f6:442e85a6
18041633ns          303174 1c00868e 1106f853 fmul.s           f16, f13, f16       f16=xxxxxxxx f13:40fba772 f16:410b1bb9
18041653ns          303175 1c008692 0a052303 lw               x6, 160(x10)         x6=40d98eef x10:1c010e30  PA:1c010ed0
18041951ns          303190 1c008696 0107a403 lw               x8, 16(x15)          x8=4092d176 x15:1c0108e0  PA:1c0108f0
18042249ns          303205 1c008698 88787843 fmadd.s          f16, f16, f7, f17   f16=xxxxxxxx f16:4288bf2b  f7:3e9d6a6e f17:4481b12a
18042269ns          303206 1c00869c 1066f353 fmul.s           f6, f13, f6          f6=xxxxxxxx f13:40fba772  f6:40d98eef
18042289ns          303207 1c0086a0 0c852883 lw               x17, 200(x10)       x17=40eaeec6 x10:1c010e30  PA:1c010ef8
18042587ns          303222 1c0086a4 0147a383 lw               x7, 20(x15)          x7=4088f69f x15:1c0108e0  PA:1c0108f4
18042886ns          303237 1c0086a8 80837343 fmadd.s          f6, f6, f8, f16      f6=xxxxxxxx  f6:4255dd71  f8:4092d176 f16:448451db
18042906ns          303238 1c0086ac 1116f8d3 fmul.s           f17, f13, f17       f17=xxxxxxxx f13:40fba772 f17:40eaeec6
18042926ns          303239 1c0086b0 0f052803 lw               x16, 240(x10)       x16=40baba3c x10:1c010e30  PA:1c010f20
18043224ns          303254 1c0086b4 0187a403 lw               x8, 24(x15)          x8=40f68caa x15:1c0108e0  PA:1c0108f8
18043522ns          303269 1c0086b6 3078f8c3 fmadd.s          f17, f17, f7, f6    f17=xxxxxxxx f17:4266f1c7  f7:4088f69f  f6:44a2fbad
18043542ns          303270 1c0086ba 1106f853 fmul.s           f16, f13, f16       f16=xxxxxxxx f13:40fba772 f16:40baba3c
18043562ns          303271 1c0086be 11852303 lw               x6, 280(x10)         x6=411d47a2 x10:1c010e30  PA:1c010f48
18043860ns          303286 1c0086c2 01c7a383 lw               x7, 28(x15)          x7=411e9abf x15:1c0108e0  PA:1c0108fc
18044179ns          303302 1c0086c6 88887843 fmadd.s          f16, f16, f8, f17   f16=xxxxxxxx f16:42378ebb  f8:40f68caa f17:44c1df68
18044199ns          303303 1c0086ca 1066f353 fmul.s           f6, f13, f6          f6=xxxxxxxx f13:40fba772  f6:411d47a2
18044218ns          303304 1c0086ce 14052883 lw               x17, 320(x10)       x17=410eafa1 x10:1c010e30  PA:1c010f70
18044517ns          303319 1c0086d2 0207a403 lw               x8, 32(x15)          x8=40f8cdf4 x15:1c0108e0  PA:1c010900
18044815ns          303334 1c0086d4 80737343 fmadd.s          f6, f6, f7, f16      f6=xxxxxxxx  f6:429a9c1c  f7:411e9abf f16:44ee1169
18044835ns          303335 1c0086d8 1116f8d3 fmul.s           f17, f13, f17       f17=xxxxxxxx f13:40fba772 f17:410eafa1
18044855ns          303336 1c0086dc 16852803 lw               x16, 360(x10)       x16=3f93c766 x10:1c010e30  PA:1c010f98
18045153ns          303351 1c0086e0 0247a383 lw               x7, 36(x15)          x7=400dc23e x15:1c0108e0  PA:1c010904
18045472ns          303367 1c0086e4 3088f8c3 fmadd.s          f17, f17, f8, f6    f17=xxxxxxxx f17:428c4387  f8:40f8cdf4  f6:4526ed9c
18045491ns          303368 1c0086e8 1106f853 fmul.s           f16, f13, f16       f16=xxxxxxxx f13:40fba772 f16:3f93c766
18045511ns          303369 1c0086ec 000ea303 lw               x6, 0(x29)           x6=410dc6f4 x29:10000f48  PA:10000f48
18045531ns          303370 1c0086f0 02878793 addi             x15, x15, 40        x15=1c010908 x15:1c0108e0
18045551ns          303371 1c0086f4 88787843 fmadd.s          f16, f16, f7, f17   f16=xxxxxxxx f16:4111452a  f7:400dc23e f17:4549022d
18045571ns          303372 1c0086f8 80e37843 fmadd.s          f16, f6, f14, f16   f16=xxxxxxxx  f6:410dc6f4 f14:41063542 f16:454a43f2
18045591ns          303373 1c0086fc 030ea42b p.sw             x16, 40(x29!)       x29=10000f70 x16:454ee92c x29:10000f48  PA:10000f48
18045611ns          303374 1c008658 00052803 lw               x16, 0(x10)         x16=411ae800 x10:1c010e30  PA:1c010e30
18045909ns          303389 1c00865c 0007a883 lw               x17, 0(x15)         x17=40adfed7 x15:1c010908  PA:1c010908
18046208ns          303404 1c008660 1106f853 fmul.s           f16, f13, f16       f16=xxxxxxxx f13:40fba772 f16:411ae800
18046227ns          303405 1c008664 02852303 lw               x6, 40(x10)          x6=41062f8d x10:1c010e30  PA:1c010e58
18046526ns          303420 1c008668 0047a383 lw               x7, 4(x15)           x7=40c5c8e3 x15:1c010908  PA:1c01090c
18046844ns          303436 1c00866c f1187843 fmadd.s          f16, f16, f17, f30  f16=xxxxxxxx f16:429846ca f17:40adfed7 f30:00000000
18046864ns          303437 1c008670 1066f353 fmul.s           f6, f13, f6          f6=xxxxxxxx f13:40fba772  f6:41062f8d
18046884ns          303438 1c008674 05052883 lw               x17, 80(x10)        x17=40adc1a9 x10:1c010e30  PA:1c010e80
18047182ns          303453 1c008678 0087a403 lw               x8, 8(x15)           x8=3eb2c55f x15:1c010908  PA:1c010910
18047481ns          303468 1c00867a 80737343 fmadd.s          f6, f6, f7, f16      f6=xxxxxxxx  f6:4283e864  f7:40c5c8e3 f16:43cefed9
18047500ns          303469 1c00867e 1116f8d3 fmul.s           f17, f13, f17       f17=xxxxxxxx f13:40fba772 f17:40adc1a9
18047520ns          303470 1c008682 07852803 lw               x16, 120(x10)       x16=410b1bb9 x10:1c010e30  PA:1c010ea8
18047819ns          303485 1c008686 00c7a383 lw               x7, 12(x15)          x7=3eb000b7 x15:1c010908  PA:1c010914
18048137ns          303501 1c00868a 3088f8c3 fmadd.s          f17, f17, f8, f6    f17=xxxxxxxx f17:422ace87  f8:3eb2c55f  f6:444d68c4
18048157ns          303502 1c00868e 1106f853 fmul.s           f16, f13, f16       f16=xxxxxxxx f13:40fba772 f16:410b1bb9
18048177ns          303503 1c008692 0a052303 lw               x6, 160(x10)         x6=40d98eef x10:1c010e30  PA:1c010ed0
18048475ns          303518 1c008696 0107a403 lw               x8, 16(x15)          x8=40e294e8 x15:1c010908  PA:1c010918
18048773ns          303533 1c008698 88787843 fmadd.s          f16, f16, f7, f17   f16=xxxxxxxx f16:4288bf2b  f7:3eb000b7 f17:445122fe
18048793ns          303534 1c00869c 1066f353 fmul.s           f6, f13, f6          f6=xxxxxxxx f13:40fba772  f6:40d98eef
18048813ns          303535 1c0086a0 0c852883 lw               x17, 200(x10)       x17=40eaeec6 x10:1c010e30  PA:1c010ef8
18049112ns          303550 1c0086a4 0147a383 lw               x7, 20(x15)          x7=401cda14 x15:1c010908  PA:1c01091c
18049430ns          303566 1c0086a8 80837343 fmadd.s          f6, f6, f8, f16      f6=xxxxxxxx  f6:4255dd71  f8:40e294e8 f16:4457033b
18049450ns          303567 1c0086ac 1116f8d3 fmul.s           f17, f13, f17       f17=xxxxxxxx f13:40fba772 f17:40eaeec6
18049470ns          303568 1c0086b0 0f052803 lw               x16, 240(x10)       x16=40baba3c x10:1c010e30  PA:1c010f20
18049768ns          303583 1c0086b4 0187a403 lw               x8, 24(x15)          x8=3ff5493e x15:1c010908  PA:1c010920
18050066ns          303598 1c0086b6 3078f8c3 fmadd.s          f17, f17, f7, f6    f17=xxxxxxxx f17:4266f1c7  f7:401cda14  f6:449ad416
18050086ns          303599 1c0086ba 1106f853 fmul.s           f16, f13, f16       f16=xxxxxxxx f13:40fba772 f16:40baba3c
18050106ns          303600 1c0086be 11852303 lw               x6, 280(x10)         x6=411d47a2 x10:1c010e30  PA:1c010f48
18050404ns          303615 1c0086c2 01c7a383 lw               x7, 28(x15)          x7=4024db73 x15:1c010908  PA:1c010924
18050723ns          303631 1c0086c6 88887843 fmadd.s          f16, f16, f8, f17   f16=xxxxxxxx f16:42378ebb  f8:3ff5493e f17:44ac8418
18050743ns          303632 1c0086ca 1066f353 fmul.s           f6, f13, f6          f6=xxxxxxxx f13:40fba772  f6:411d47a2
18050762ns          303633 1c0086ce 14052883 lw               x17, 320(x10)       x17=410eafa1 x10:1c010e30  PA:1c010f70
18051061ns          303648 1c0086d2 0207a403 lw               x8, 32(x15)          x8=40005e40 x15:1c010908  PA:1c010928
18051359ns          303663 1c0086d4 80737343 fmadd.s          f6, f6, f7, f16      f6=xxxxxxxx  f6:429a9c1c  f7:4024db73 f16:44b7821a
18051379ns          303664 1c0086d8 1116f8d3 fmul.s           f17, f13, f17       f17=xxxxxxxx f13:40fba772 f17:410eafa1
18051399ns          303665 1c0086dc 16852803 lw               x16, 360(x10)       x16=3f93c766 x10:1c010e30  PA:1c010f98
18051697ns          303680 1c0086e0 0247a383 lw               x7, 36(x15)          x7=40e239a4 x15:1c010908  PA:1c01092c
18051996ns          303695 1c0086e4 3088f8c3 fmadd.s          f17, f17, f8, f6    f17=xxxxxxxx f17:428c4387  f8:40005e40  f6:44d0663d
18052016ns          303696 1c0086e8 1106f853 fmul.s           f16, f13, f16       f16=xxxxxxxx f13:40fba772 f16:3f93c766
18052036ns          303697 1c0086ec 000ea303 lw               x6, 0(x29)           x6=41152c8a x29:10000f70  PA:10000f70
18052055ns          303698 1c0086f0 02878793 addi             x15, x15, 40        x15=1c010930 x15:1c010908
18052075ns          303699 1c0086f4 88787843 fmadd.s          f16, f16, f7, f17   f16=xxxxxxxx f16:4111452a  f7:40e239a4 f17:44e1fb97
18052095ns          303700 1c0086f8 80e37843 fmadd.s          f16, f6, f14, f16   f16=xxxxxxxx  f6:41152c8a f14:41063542 f16:44ea0193
18052115ns          303701 1c0086fc 030ea42b p.sw             x16, 40(x29!)       x29=10000f98 x16:44f3c81e x29:10000f70  PA:10000f70
18052135ns          303702 1c008658 00052803 lw               x16, 0(x10)         x16=411ae800 x10:1c010e30  PA:1c010e30
18052433ns          303717 1c00865c 0007a883 lw               x17, 0(x15)         x17=4051d560 x15:1c010930  PA:1c010930
18052732ns          303732 1c008660 1106f853 fmul.s           f16, f13, f16       f16=xxxxxxxx f13:40fba772 f16:411ae800
18052752ns          303733 1c008664 02852303 lw               x6, 40(x10)          x6=41062f8d x10:1c010e30  PA:1c010e58
18053050ns          303748 1c008668 0047a383 lw               x7, 4(x15)           x7=40fbbedb x15:1c010930  PA:1c010934
18053348ns          303763 1c00866c f1187843 fmadd.s          f16, f16, f17, f30  f16=xxxxxxxx f16:429846ca f17:4051d560 f30:00000000
18053368ns          303764 1c008670 1066f353 fmul.s           f6, f13, f6          f6=xxxxxxxx f13:40fba772  f6:41062f8d
18053388ns          303765 1c008674 05052883 lw               x17, 80(x10)        x17=40adc1a9 x10:1c010e30  PA:1c010e80
18053686ns          303780 1c008678 0087a403 lw               x8, 8(x15)           x8=4012e6d7 x15:1c010930  PA:1c010938
18053985ns          303795 1c00867a 80737343 fmadd.s          f6, f6, f7, f16      f6=xxxxxxxx  f6:4283e864  f7:40fbbedb f16:4379a16e
18054005ns          303796 1c00867e 1116f8d3 fmul.s           f17, f13, f17       f17=xxxxxxxx f13:40fba772 f17:40adc1a9
18054025ns          303797 1c008682 07852803 lw               x16, 120(x10)       x16=410b1bb9 x10:1c010e30  PA:1c010ea8
18054323ns          303812 1c008686 00c7a383 lw               x7, 12(x15)          x7=410be73c x15:1c010930  PA:1c01093c
18054621ns          303827 1c00868a 3088f8c3 fmadd.s          f17, f17, f8, f6    f17=xxxxxxxx f17:422ace87  f8:4012e6d7  f6:44401f8d
18054641ns          303828 1c00868e 1106f853 fmul.s           f16, f13, f16       f16=xxxxxxxx f13:40fba772 f16:410b1bb9
18054661ns          303829 1c008692 0a052303 lw               x6, 160(x10)         x6=40d98eef x10:1c010e30  PA:1c010ed0
18054959ns          303844 1c008696 0107a403 lw               x8, 16(x15)          x8=40e8f76c x15:1c010930  PA:1c010940
18055258ns          303859 1c008698 88787843 fmadd.s          f16, f16, f7, f17   f16=xxxxxxxx f16:4288bf2b  f7:410be73c f17:4458a080
18055278ns          303860 1c00869c 1066f353 fmul.s           f6, f13, f6          f6=xxxxxxxx f13:40fba772  f6:40d98eef
18055298ns          303861 1c0086a0 0c852883 lw               x17, 200(x10)       x17=40eaeec6 x10:1c010e30  PA:1c010ef8
18055596ns          303876 1c0086a4 0147a383 lw               x7, 20(x15)          x7=40a8711a x15:1c010930  PA:1c010944
18055894ns          303891 1c0086a8 80837343 fmadd.s          f6, f6, f8, f16      f6=xxxxxxxx  f6:4255dd71  f8:40e8f76c f16:44b70b91
18055914ns          303892 1c0086ac 1116f8d3 fmul.s           f17, f13, f17       f17=xxxxxxxx f13:40fba772 f17:40eaeec6
18055934ns          303893 1c0086b0 0f052803 lw               x16, 240(x10)       x16=40baba3c x10:1c010e30  PA:1c010f20
18056232ns          303908 1c0086b4 0187a403 lw               x8, 24(x15)          x8=408850e7 x15:1c010930  PA:1c010948
18056531ns          303923 1c0086b6 3078f8c3 fmadd.s          f17, f17, f7, f6    f17=xxxxxxxx f17:4266f1c7  f7:40a8711a  f6:44e7b369
18056551ns          303924 1c0086ba 1106f853 fmul.s           f16, f13, f16       f16=xxxxxxxx f13:40fba772 f16:40baba3c
18056571ns          303925 1c0086be 11852303 lw               x6, 280(x10)         x6=411d47a2 x10:1c010e30  PA:1c010f48
18056869ns          303940 1c0086c2 01c7a383 lw               x7, 28(x15)          x7=40b191c9 x15:1c010930  PA:1c01094c
18057167ns          303955 1c0086c6 88887843 fmadd.s          f16, f16, f8, f17   f16=xxxxxxxx f16:42378ebb  f8:408850e7 f17:4506d84b
18057187ns          303956 1c0086ca 1066f353 fmul.s           f6, f13, f6          f6=xxxxxxxx f13:40fba772  f6:411d47a2
18057207ns          303957 1c0086ce 14052883 lw               x17, 320(x10)       x17=410eafa1 x10:1c010e30  PA:1c010f70
18057505ns          303972 1c0086d2 0207a403 lw               x8, 32(x15)          x8=3e508c5f x15:1c010930  PA:1c010950
18057804ns          303987 1c0086d4 80737343 fmadd.s          f6, f6, f7, f16      f6=xxxxxxxx  f6:429a9c1c  f7:40b191c9 f16:45131006
18057824ns          303988 1c0086d8 1116f8d3 fmul.s           f17, f13, f17       f17=xxxxxxxx f13:40fba772 f17:410eafa1
18057844ns          303989 1c0086dc 16852803 lw               x16, 360(x10)       x16=3f93c766 x10:1c010e30  PA:1c010f98
18058142ns          304004 1c0086e0 0247a383 lw               x7, 36(x15)          x7=40868cc1 x15:1c010930  PA:1c010954
18058440ns          304019 1c0086e4 3088f8c3 fmadd.s          f17, f17, f8, f6    f17=xxxxxxxx f17:428c4387  f8:3e508c5f  f6:452ddf85
18058460ns          304020 1c0086e8 1106f853 fmul.s           f16, f13, f16       f16=xxxxxxxx f13:40fba772 f16:3f93c766
18058480ns          304021 1c0086ec 000ea303 lw               x6, 0(x29)           x6=40effa94 x29:10000f98  PA:10000f98
18058500ns          304022 1c0086f0 02878793 addi             x15, x15, 40        x15=1c010958 x15:1c010930
18058520ns          304023 1c0086f4 88787843 fmadd.s          f16, f16, f7, f17   f16=xxxxxxxx f16:4111452a  f7:40868cc1 f17:452ec40d
18058540ns          304024 1c0086f8 80e37843 fmadd.s          f16, f6, f14, f16   f16=xxxxxxxx  f6:40effa94 f14:41063542 f16:453126de
18058560ns          304025 1c0086fc 030ea42b p.sw             x16, 40(x29!)       x29=10000fc0 x16:45351557 x29:10000f98  PA:10000f98
18058580ns          304026 1c008658 00052803 lw               x16, 0(x10)         x16=411ae800 x10:1c010e30  PA:1c010e30
18058878ns          304041 1c00865c 0007a883 lw               x17, 0(x15)         x17=40858542 x15:1c010958  PA:1c010958
18059176ns          304056 1c008660 1106f853 fmul.s           f16, f13, f16       f16=xxxxxxxx f13:40fba772 f16:411ae800
18059196ns          304057 1c008664 02852303 lw               x6, 40(x10)          x6=41062f8d x10:1c010e30  PA:1c010e58
18059495ns          304072 1c008668 0047a383 lw               x7, 4(x15)           x7=3fa6a77c x15:1c010958  PA:1c01095c
18059793ns          304087 1c00866c f1187843 fmadd.s          f16, f16, f17, f30  f16=xxxxxxxx f16:429846ca f17:40858542 f30:00000000
18059813ns          304088 1c008670 1066f353 fmul.s           f6, f13, f6          f6=xxxxxxxx f13:40fba772  f6:41062f8d
18059833ns          304089 1c008674 05052883 lw               x17, 80(x10)        x17=40adc1a9 x10:1c010e30  PA:1c010e80
18060151ns          304105 1c008678 0087a403 lw               x8, 8(x15)           x8=3fb30ee3 x15:1c010958  PA:1c010960
18060449ns          304120 1c00867a 80737343 fmadd.s          f6, f6, f7, f16      f6=xxxxxxxx  f6:4283e864  f7:3fa6a77c f16:439ed816
18060469ns          304121 1c00867e 1116f8d3 fmul.s           f17, f13, f17       f17=xxxxxxxx f13:40fba772 f17:40adc1a9
18060489ns          304122 1c008682 07852803 lw               x16, 120(x10)       x16=410b1bb9 x10:1c010e30  PA:1c010ea8
18060787ns          304137 1c008686 00c7a383 lw               x7, 12(x15)          x7=40fe97f4 x15:1c010958  PA:1c010964
18061086ns          304152 1c00868a 3088f8c3 fmadd.s          f17, f17, f8, f6    f17=xxxxxxxx f17:422ace87  f8:3fb30ee3  f6:43c9c795
18061106ns          304153 1c00868e 1106f853 fmul.s           f16, f13, f16       f16=xxxxxxxx f13:40fba772 f16:410b1bb9
18061126ns          304154 1c008692 0a052303 lw               x6, 160(x10)         x6=40d98eef x10:1c010e30  PA:1c010ed0
18061444ns          304170 1c008696 0107a403 lw               x8, 16(x15)          x8=409ead56 x15:1c010958  PA:1c010968
18061742ns          304185 1c008698 88787843 fmadd.s          f16, f16, f7, f17   f16=xxxxxxxx f16:4288bf2b  f7:40fe97f4 f17:43e7a5ab
18061762ns          304186 1c00869c 1066f353 fmul.s           f6, f13, f6          f6=xxxxxxxx f13:40fba772  f6:40d98eef
18061782ns          304187 1c0086a0 0c852883 lw               x17, 200(x10)       x17=40eaeec6 x10:1c010e30  PA:1c010ef8
18062080ns          304202 1c0086a4 0147a383 lw               x7, 20(x15)          x7=40e12778 x15:1c010958  PA:1c01096c
18062379ns          304217 1c0086a8 80837343 fmadd.s          f6, f6, f8, f16      f6=xxxxxxxx  f6:4255dd71  f8:409ead56 f16:447bd1ad
18062399ns          304218 1c0086ac 1116f8d3 fmul.s           f17, f13, f17       f17=xxxxxxxx f13:40fba772 f17:40eaeec6
18062418ns          304219 1c0086b0 0f052803 lw               x16, 240(x10)       x16=40baba3c x10:1c010e30  PA:1c010f20
18062737ns          304235 1c0086b4 0187a403 lw               x8, 24(x15)          x8=4054f963 x15:1c010958  PA:1c010970
18063035ns          304250 1c0086b6 3078f8c3 fmadd.s          f17, f17, f7, f6    f17=xxxxxxxx f17:4266f1c7  f7:40e12778  f6:449f0cb5
18063055ns          304251 1c0086ba 1106f853 fmul.s           f16, f13, f16       f16=xxxxxxxx f13:40fba772 f16:40baba3c
18063075ns          304252 1c0086be 11852303 lw               x6, 280(x10)         x6=411d47a2 x10:1c010e30  PA:1c010f48
18063373ns          304267 1c0086c2 01c7a383 lw               x7, 28(x15)          x7=4050f13b x15:1c010958  PA:1c010974
18063672ns          304282 1c0086c6 88887843 fmadd.s          f16, f16, f8, f17   f16=xxxxxxxx f16:42378ebb  f8:4054f963 f17:44d1d43c
18063691ns          304283 1c0086ca 1066f353 fmul.s           f6, f13, f6          f6=xxxxxxxx f13:40fba772  f6:411d47a2
18063711ns          304284 1c0086ce 14052883 lw               x17, 320(x10)       x17=410eafa1 x10:1c010e30  PA:1c010f70
18064010ns          304299 1c0086d2 0207a403 lw               x8, 32(x15)          x8=40904b8b x15:1c010958  PA:1c010978
18064308ns          304314 1c0086d4 80737343 fmadd.s          f6, f6, f7, f16      f6=xxxxxxxx  f6:429a9c1c  f7:4050f13b f16:44e4eadc
18064328ns          304315 1c0086d8 1116f8d3 fmul.s           f17, f13, f17       f17=xxxxxxxx f13:40fba772 f17:410eafa1
18064348ns          304316 1c0086dc 16852803 lw               x16, 360(x10)       x16=3f93c766 x10:1c010e30  PA:1c010f98
18064646ns          304331 1c0086e0 0247a383 lw               x7, 36(x15)          x7=40906e67 x15:1c010958  PA:1c01097c
18064945ns          304346 1c0086e4 3088f8c3 fmadd.s          f17, f17, f8, f6    f17=xxxxxxxx f17:428c4387  f8:40904b8b  f6:45023b7f
18064964ns          304347 1c0086e8 1106f853 fmul.s           f16, f13, f16       f16=xxxxxxxx f13:40fba772 f16:3f93c766
18064984ns          304348 1c0086ec 000ea303 lw               x6, 0(x29)           x6=40b36d39 x29:10000fc0  PA:10000fc0
18065004ns          304349 1c0086f0 02878793 addi             x15, x15, 40        x15=1c010980 x15:1c010958
18065024ns          304350 1c0086f4 88787843 fmadd.s          f16, f16, f7, f17   f16=xxxxxxxx f16:4111452a  f7:40906e67 f17:4515ff57
18065044ns          304351 1c0086f8 80e37843 fmadd.s          f16, f6, f14, f16   f16=xxxxxxxx  f6:40b36d39 f14:41063542 f16:45188f03
18065064ns          304352 1c0086fc 030ea42b p.sw             x16, 40(x29!)       x29=10000fe8 x16:451b7f87 x29:10000fc0  PA:10000fc0
18065084ns          304353 1c008700 00460613 addi             x12, x12, 4         x12=10000e5c x12:10000e58
18065104ns          304354 1c008702 00450513 addi             x10, x10, 4         x10=1c010e34 x10:1c010e30
18065144ns          304356 1c008632 40b28e33 sub              x28, x5, x11        x28=00000190  x5:1c010980 x11:1c0107f0
18065163ns          304357 1c008636 fd8e0e13 addi             x28, x28, -40       x28=00000168 x28:00000190
18065183ns          304358 1c00863a 0cccd7b7 lui              x15, 0xcccd000      x15=0cccd000
18065203ns          304359 1c00863e ccd78793 addi             x15, x15, -819      x15=0ccccccd x15:0cccd000
18065223ns          304360 1c008642 003e5e13 srli             x28, x28, 0x3       x28=0000002d x28:00000168
18065243ns          304361 1c008646 02fe0e33 mul              x28, x28, x15       x28=40000009 x28:0000002d x15:0ccccccd
18065263ns          304362 1c00864a c5de3e33 p.bclr           x28, x28, 2, 29     x28=00000009 x28:40000009
18065283ns          304363 1c00864e 00b007b3 add              x15, x0, x11        x15=1c0107f0 x11:1c0107f0
18065303ns          304364 1c008650 00c00eb3 add              x29, x0, x12        x29=10000e5c x12:10000e5c
18065323ns          304365 1c008652 001e0e13 addi             x28, x28, 1         x28=0000000a x28:00000009
18065342ns          304366 1c008654 054e40fb lp.setup         0x1, x28, 0x54      x28:0000000a
18065362ns          304367 1c008658 00052803 lw               x16, 0(x10)         x16=3f9fec16 x10:1c010e34  PA:1c010e34
18065661ns          304382 1c00865c 0007a883 lw               x17, 0(x15)         x17=40c92fdf x15:1c0107f0  PA:1c0107f0
18065959ns          304397 1c008660 1106f853 fmul.s           f16, f13, f16       f16=xxxxxxxx f13:40fba772 f16:3f9fec16
18065979ns          304398 1c008664 02852303 lw               x6, 40(x10)          x6=4117cc37 x10:1c010e34  PA:1c010e5c
18066277ns          304413 1c008668 0047a383 lw               x7, 4(x15)           x7=4042e596 x15:1c0107f0  PA:1c0107f4
18066576ns          304428 1c00866c f1187843 fmadd.s          f16, f16, f17, f30  f16=xxxxxxxx f16:411d3514 f17:40c92fdf f30:00000000
18066596ns          304429 1c008670 1066f353 fmul.s           f6, f13, f6          f6=xxxxxxxx f13:40fba772  f6:4117cc37
18066615ns          304430 1c008674 05052883 lw               x17, 80(x10)        x17=408c51c7 x10:1c010e34  PA:1c010e84
18066914ns          304445 1c008678 0087a403 lw               x8, 8(x15)           x8=3feabde7 x15:1c0107f0  PA:1c0107f8
18067212ns          304460 1c00867a 80737343 fmadd.s          f6, f6, f7, f16      f6=xxxxxxxx  f6:42953884  f7:4042e596 f16:42771825
18067232ns          304461 1c00867e 1116f8d3 fmul.s           f17, f13, f17       f17=xxxxxxxx f13:40fba772 f17:408c51c7
18067252ns          304462 1c008682 07852803 lw               x16, 120(x10)       x16=4116936f x10:1c010e34  PA:1c010eac
18067550ns          304477 1c008686 00c7a383 lw               x7, 12(x15)          x7=40d34100 x15:1c0107f0  PA:1c0107fc
18067849ns          304492 1c00868a 3088f8c3 fmadd.s          f17, f17, f8, f6    f17=xxxxxxxx f17:4209eff6  f8:3feabde7  f6:43907dac
18067869ns          304493 1c00868e 1106f853 fmul.s           f16, f13, f16       f16=xxxxxxxx f13:40fba772 f16:4116936f
18067888ns          304494 1c008692 0a052303 lw               x6, 160(x10)         x6=40720289 x10:1c010e34  PA:1c010ed4
18068187ns          304509 1c008696 0107a403 lw               x8, 16(x15)          x8=3f85525e x15:1c0107f0  PA:1c010800
18068485ns          304524 1c008698 88787843 fmadd.s          f16, f16, f7, f17   f16=xxxxxxxx f16:4294050b  f7:40d34100 f17:43b01c96
18068505ns          304525 1c00869c 1066f353 fmul.s           f6, f13, f6          f6=xxxxxxxx f13:40fba772  f6:40720289
18068525ns          304526 1c0086a0 0c852883 lw               x17, 200(x10)       x17=4066c7ec x10:1c010e34  PA:1c010efc
18068823ns          304541 1c0086a4 0147a383 lw               x7, 20(x15)          x7=403c1513 x15:1c0107f0  PA:1c010804
18069122ns          304556 1c0086a8 80837343 fmadd.s          f6, f6, f8, f16      f6=xxxxxxxx  f6:41ede6c8  f8:3f85525e f16:44523408
18069142ns          304557 1c0086ac 1116f8d3 fmul.s           f17, f13, f17       f17=xxxxxxxx f13:40fba772 f17:4066c7ec
18069161ns          304558 1c0086b0 0f052803 lw               x16, 240(x10)       x16=400fa319 x10:1c010e34  PA:1c010f24
18069480ns          304574 1c0086b4 0187a403 lw               x8, 24(x15)          x8=40c53516 x15:1c0107f0  PA:1c010808
18069778ns          304589 1c0086b6 3078f8c3 fmadd.s          f17, f17, f7, f6    f17=xxxxxxxx f17:41e2dcf8  f7:403c1513  f6:4459f25f
18069798ns          304590 1c0086ba 1106f853 fmul.s           f16, f13, f16       f16=xxxxxxxx f13:40fba772 f16:400fa319
18069818ns          304591 1c0086be 11852303 lw               x6, 280(x10)         x6=3e075666 x10:1c010e34  PA:1c010f4c
18070116ns          304606 1c0086c2 01c7a383 lw               x7, 28(x15)          x7=3f94ed63 x15:1c0107f0  PA:1c01080c
18070415ns          304621 1c0086c6 88887843 fmadd.s          f16, f16, f8, f17   f16=xxxxxxxx f16:418d32dd  f8:40c53516 f17:446ec7fd
18070434ns          304622 1c0086ca 1066f353 fmul.s           f6, f13, f6          f6=xxxxxxxx f13:40fba772  f6:3e075666
18070454ns          304623 1c0086ce 14052883 lw               x17, 320(x10)       x17=4012cf60 x10:1c010e34  PA:1c010f74
18070773ns          304639 1c0086d2 0207a403 lw               x8, 32(x15)          x8=3f2ec91c x15:1c0107f0  PA:1c010810
18071071ns          304654 1c0086d4 80737343 fmadd.s          f6, f6, f7, f16      f6=xxxxxxxx  f6:3f850a3c  f7:3f94ed63 f16:4484fcac
18071091ns          304655 1c0086d8 1116f8d3 fmul.s           f17, f13, f17       f17=xxxxxxxx f13:40fba772 f17:4012cf60
18071111ns          304656 1c0086dc 16852803 lw               x16, 360(x10)       x16=40f08281 x10:1c010e34  PA:1c010f9c
18071409ns          304671 1c0086e0 0247a383 lw               x7, 36(x15)          x7=40e4781f x15:1c0107f0  PA:1c010814
18071707ns          304686 1c0086e4 3088f8c3 fmadd.s          f17, f17, f8, f6    f17=xxxxxxxx f17:4190515a  f8:3f2ec91c  f6:4485235f
18071727ns          304687 1c0086e8 1106f853 fmul.s           f16, f13, f16       f16=xxxxxxxx f13:40fba772 f16:40f08281
18071747ns          304688 1c0086ec 000ea303 lw               x6, 0(x29)           x6=41143268 x29:10000e5c  PA:10000e5c
18071767ns          304689 1c0086f0 02878793 addi             x15, x15, 40        x15=1c010818 x15:1c0107f0
18071787ns          304690 1c0086f4 88787843 fmadd.s          f16, f16, f7, f17   f16=xxxxxxxx f16:426c6d45  f7:40e4781f f17:4486ad82
18071807ns          304691 1c0086f8 80e37843 fmadd.s          f16, f6, f14, f16   f16=xxxxxxxx  f6:41143268 f14:41063542 f16:44bb6d92
18071827ns          304692 1c0086fc 030ea42b p.sw             x16, 40(x29!)       x29=10000e84 x16:44c523b9 x29:10000e5c  PA:10000e5c
18071847ns          304693 1c008658 00052803 lw               x16, 0(x10)         x16=3f9fec16 x10:1c010e34  PA:1c010e34
18072145ns          304708 1c00865c 0007a883 lw               x17, 0(x15)         x17=3f272773 x15:1c010818  PA:1c010818
18072443ns          304723 1c008660 1106f853 fmul.s           f16, f13, f16       f16=xxxxxxxx f13:40fba772 f16:3f9fec16
18072463ns          304724 1c008664 02852303 lw               x6, 40(x10)          x6=4117cc37 x10:1c010e34  PA:1c010e5c
18072762ns          304739 1c008668 0047a383 lw               x7, 4(x15)           x7=40fbcae6 x15:1c010818  PA:1c01081c
18073060ns          304754 1c00866c f1187843 fmadd.s          f16, f16, f17, f30  f16=xxxxxxxx f16:411d3514 f17:3f272773 f30:00000000
18073080ns          304755 1c008670 1066f353 fmul.s           f6, f13, f6          f6=xxxxxxxx f13:40fba772  f6:4117cc37
18073100ns          304756 1c008674 05052883 lw               x17, 80(x10)        x17=408c51c7 x10:1c010e34  PA:1c010e84
18073418ns          304772 1c008678 0087a403 lw               x8, 8(x15)           x8=3da795cc x15:1c010818  PA:1c010820
18073716ns          304787 1c00867a 80737343 fmadd.s          f6, f6, f7, f16      f6=xxxxxxxx  f6:42953884  f7:40fbcae6 f16:40cd4bb4
18073736ns          304788 1c00867e 1116f8d3 fmul.s           f17, f13, f17       f17=xxxxxxxx f13:40fba772 f17:408c51c7
18073756ns          304789 1c008682 07852803 lw               x16, 120(x10)       x16=4116936f x10:1c010e34  PA:1c010eac
18074055ns          304804 1c008686 00c7a383 lw               x7, 12(x15)          x7=410c9940 x15:1c010818  PA:1c010824
18074353ns          304819 1c00868a 3088f8c3 fmadd.s          f17, f17, f8, f6    f17=xxxxxxxx f17:4209eff6  f8:3da795cc  f6:44145f45
18074373ns          304820 1c00868e 1106f853 fmul.s           f16, f13, f16       f16=xxxxxxxx f13:40fba772 f16:4116936f
18074393ns          304821 1c008692 0a052303 lw               x6, 160(x10)         x6=40720289 x10:1c010e34  PA:1c010ed4
18074711ns          304837 1c008696 0107a403 lw               x8, 16(x15)          x8=3f901a6a x15:1c010818  PA:1c010828
18075009ns          304852 1c008698 88787843 fmadd.s          f16, f16, f7, f17   f16=xxxxxxxx f16:4294050b  f7:410c9940 f17:441513de
18075029ns          304853 1c00869c 1066f353 fmul.s           f6, f13, f6          f6=xxxxxxxx f13:40fba772  f6:40720289
18075049ns          304854 1c0086a0 0c852883 lw               x17, 200(x10)       x17=4066c7ec x10:1c010e34  PA:1c010efc
18075347ns          304869 1c0086a4 0147a383 lw               x7, 20(x15)          x7=3f9e8be7 x15:1c010818  PA:1c01082c
18075646ns          304884 1c0086a8 80837343 fmadd.s          f6, f6, f8, f16      f6=xxxxxxxx  f6:41ede6c8  f8:3f901a6a f16:449bd54d
18075666ns          304885 1c0086ac 1116f8d3 fmul.s           f17, f13, f17       f17=xxxxxxxx f13:40fba772 f17:4066c7ec
18075686ns          304886 1c0086b0 0f052803 lw               x16, 240(x10)       x16=400fa319 x10:1c010e34  PA:1c010f24
18075984ns          304901 1c0086b4 0187a403 lw               x8, 24(x15)          x8=4103c6ee x15:1c010818  PA:1c010830
18076282ns          304916 1c0086b6 3078f8c3 fmadd.s          f17, f17, f7, f6    f17=xxxxxxxx f17:41e2dcf8  f7:3f9e8be7  f6:44a004a0
18076302ns          304917 1c0086ba 1106f853 fmul.s           f16, f13, f16       f16=xxxxxxxx f13:40fba772 f16:400fa319
18076322ns          304918 1c0086be 11852303 lw               x6, 280(x10)         x6=3e075666 x10:1c010e34  PA:1c010f4c
18076620ns          304933 1c0086c2 01c7a383 lw               x7, 28(x15)          x7=408d0c20 x15:1c010818  PA:1c010834
18076919ns          304948 1c0086c6 88887843 fmadd.s          f16, f16, f8, f17   f16=xxxxxxxx f16:418d32dd  f8:4103c6ee f17:44a468a3
18076939ns          304949 1c0086ca 1066f353 fmul.s           f6, f13, f6          f6=xxxxxxxx f13:40fba772  f6:3e075666
18076959ns          304950 1c0086ce 14052883 lw               x17, 320(x10)       x17=4012cf60 x10:1c010e34  PA:1c010f74
18077257ns          304965 1c0086d2 0207a403 lw               x8, 32(x15)          x8=4067c495 x15:1c010818  PA:1c010838
18077555ns          304980 1c0086d4 80737343 fmadd.s          f6, f6, f7, f16      f6=xxxxxxxx  f6:3f850a3c  f7:408d0c20 f16:44b69453
18077575ns          304981 1c0086d8 1116f8d3 fmul.s           f17, f13, f17       f17=xxxxxxxx f13:40fba772 f17:4012cf60
18077595ns          304982 1c0086dc 16852803 lw               x16, 360(x10)       x16=40f08281 x10:1c010e34  PA:1c010f9c
18077893ns          304997 1c0086e0 0247a383 lw               x7, 36(x15)          x7=409f3d2d x15:1c010818  PA:1c01083c
18078192ns          305012 1c0086e4 3088f8c3 fmadd.s          f17, f17, f8, f6    f17=xxxxxxxx f17:4190515a  f8:4067c495  f6:44b726ed
18078212ns          305013 1c0086e8 1106f853 fmul.s           f16, f13, f16       f16=xxxxxxxx f13:40fba772 f16:40f08281
18078232ns          305014 1c0086ec 000ea303 lw               x6, 0(x29)           x6=401176ce x29:10000e84  PA:10000e84
18078252ns          305015 1c0086f0 02878793 addi             x15, x15, 40        x15=1c010840 x15:1c010818
18078271ns          305016 1c0086f4 88787843 fmadd.s          f16, f16, f7, f17   f16=xxxxxxxx f16:426c6d45  f7:409f3d2d f17:44bf5171
18078291ns          305017 1c0086f8 80e37843 fmadd.s          f16, f6, f14, f16   f16=xxxxxxxx  f6:401176ce f14:41063542 f16:44e41588
18078311ns          305018 1c0086fc 030ea42b p.sw             x16, 40(x29!)       x29=10000eac x16:44e6779c x29:10000e84  PA:10000e84
18078331ns          305019 1c008658 00052803 lw               x16, 0(x10)         x16=3f9fec16 x10:1c010e34  PA:1c010e34
18078629ns          305034 1c00865c 0007a883 lw               x17, 0(x15)         x17=3f5d3e32 x15:1c010840  PA:1c010840
18078928ns          305049 1c008660 1106f853 fmul.s           f16, f13, f16       f16=xxxxxxxx f13:40fba772 f16:3f9fec16
18078948ns          305050 1c008664 02852303 lw               x6, 40(x10)          x6=4117cc37 x10:1c010e34  PA:1c010e5c
18079246ns          305065 1c008668 0047a383 lw               x7, 4(x15)           x7=3fb23088 x15:1c010840  PA:1c010844
18079544ns          305080 1c00866c f1187843 fmadd.s          f16, f16, f17, f30  f16=xxxxxxxx f16:411d3514 f17:3f5d3e32 f30:00000000
18079564ns          305081 1c008670 1066f353 fmul.s           f6, f13, f6          f6=xxxxxxxx f13:40fba772  f6:4117cc37
18079584ns          305082 1c008674 05052883 lw               x17, 80(x10)        x17=408c51c7 x10:1c010e34  PA:1c010e84
18079883ns          305097 1c008678 0087a403 lw               x8, 8(x15)           x8=40868824 x15:1c010840  PA:1c010848
18080181ns          305112 1c00867a 80737343 fmadd.s          f6, f6, f7, f16      f6=xxxxxxxx  f6:42953884  f7:3fb23088 f16:4107dd04
18080201ns          305113 1c00867e 1116f8d3 fmul.s           f17, f13, f17       f17=xxxxxxxx f13:40fba772 f17:408c51c7
18080221ns          305114 1c008682 07852803 lw               x16, 120(x10)       x16=4116936f x10:1c010e34  PA:1c010eac
18080519ns          305129 1c008686 00c7a383 lw               x7, 12(x15)          x7=40118528 x15:1c010840  PA:1c01084c
18080817ns          305144 1c00868a 3088f8c3 fmadd.s          f17, f17, f8, f6    f17=xxxxxxxx f17:4209eff6  f8:40868824  f6:42e0b6cc
18080837ns          305145 1c00868e 1106f853 fmul.s           f16, f13, f16       f16=xxxxxxxx f13:40fba772 f16:4116936f
18080857ns          305146 1c008692 0a052303 lw               x6, 160(x10)         x6=40720289 x10:1c010e34  PA:1c010ed4
18081156ns          305161 1c008696 0107a403 lw               x8, 16(x15)          x8=40f2255b x15:1c010840  PA:1c010850
18081474ns          305177 1c008698 88787843 fmadd.s          f16, f16, f7, f17   f16=xxxxxxxx f16:4294050b  f7:40118528 f17:4380aaa9
18081494ns          305178 1c00869c 1066f353 fmul.s           f6, f13, f6          f6=xxxxxxxx f13:40fba772  f6:40720289
18081514ns          305179 1c0086a0 0c852883 lw               x17, 200(x10)       x17=4066c7ec x10:1c010e34  PA:1c010efc
18081812ns          305194 1c0086a4 0147a383 lw               x7, 20(x15)          x7=410d9210 x15:1c010840  PA:1c010854
18082110ns          305209 1c0086a8 80837343 fmadd.s          f6, f6, f8, f16      f6=xxxxxxxx  f6:41ede6c8  f8:40f2255b f16:43d4ce82
18082130ns          305210 1c0086ac 1116f8d3 fmul.s           f17, f13, f17       f17=xxxxxxxx f13:40fba772 f17:4066c7ec
18082150ns          305211 1c0086b0 0f052803 lw               x16, 240(x10)       x16=400fa319 x10:1c010e34  PA:1c010f24
18082448ns          305226 1c0086b4 0187a403 lw               x8, 24(x15)          x8=404f08ae x15:1c010840  PA:1c010858
18082767ns          305242 1c0086b6 3078f8c3 fmadd.s          f17, f17, f7, f6    f17=xxxxxxxx f17:41e2dcf8  f7:410d9210  f6:4422a8f9
18082787ns          305243 1c0086ba 1106f853 fmul.s           f16, f13, f16       f16=xxxxxxxx f13:40fba772 f16:400fa319
18082806ns          305244 1c0086be 11852303 lw               x6, 280(x10)         x6=3e075666 x10:1c010e34  PA:1c010f4c
18083105ns          305259 1c0086c2 01c7a383 lw               x7, 28(x15)          x7=40856e55 x15:1c010840  PA:1c01085c
18083403ns          305274 1c0086c6 88887843 fmadd.s          f16, f16, f8, f17   f16=xxxxxxxx f16:418d32dd  f8:404f08ae f17:4461638b
18083423ns          305275 1c0086ca 1066f353 fmul.s           f6, f13, f6          f6=xxxxxxxx f13:40fba772  f6:3e075666
18083443ns          305276 1c0086ce 14052883 lw               x17, 320(x10)       x17=4012cf60 x10:1c010e34  PA:1c010f74
18083741ns          305291 1c0086d2 0207a403 lw               x8, 32(x15)          x8=40ad535a x15:1c010840  PA:1c010860
18084060ns          305307 1c0086d4 80737343 fmadd.s          f6, f6, f7, f16      f6=xxxxxxxx  f6:3f850a3c  f7:40856e55 f16:446fa9a8
18084080ns          305308 1c0086d8 1116f8d3 fmul.s           f17, f13, f17       f17=xxxxxxxx f13:40fba772 f17:4012cf60
18084099ns          305309 1c0086dc 16852803 lw               x16, 360(x10)       x16=40f08281 x10:1c010e34  PA:1c010f9c
18084398ns          305324 1c0086e0 0247a383 lw               x7, 36(x15)          x7=40c3d18a x15:1c010840  PA:1c010864
18084696ns          305339 1c0086e4 3088f8c3 fmadd.s          f17, f17, f8, f6    f17=xxxxxxxx f17:4190515a  f8:40ad535a  f6:4470bf07
18084716ns          305340 1c0086e8 1106f853 fmul.s           f16, f13, f16       f16=xxxxxxxx f13:40fba772 f16:40f08281
18084736ns          305341 1c0086ec 000ea303 lw               x6, 0(x29)           x6=409e1cbd x29:10000eac  PA:10000eac
18084756ns          305342 1c0086f0 02878793 addi             x15, x15, 40        x15=1c010868 x15:1c010840
18084776ns          305343 1c0086f4 88787843 fmadd.s          f16, f16, f7, f17   f16=xxxxxxxx f16:426c6d45  f7:40c3d18a f17:44849642
18084796ns          305344 1c0086f8 80e37843 fmadd.s          f16, f6, f14, f16   f16=xxxxxxxx  f6:409e1cbd f14:41063542 f16:44b1cc72
18084815ns          305345 1c0086fc 030ea42b p.sw             x16, 40(x29!)       x29=10000ed4 x16:44b6fab1 x29:10000eac  PA:10000eac
18084835ns          305346 1c008658 00052803 lw               x16, 0(x10)         x16=3f9fec16 x10:1c010e34  PA:1c010e34
18085134ns          305361 1c00865c 0007a883 lw               x17, 0(x15)         x17=406f2a46 x15:1c010868  PA:1c010868
18085452ns          305377 1c008660 1106f853 fmul.s           f16, f13, f16       f16=xxxxxxxx f13:40fba772 f16:3f9fec16
18085472ns          305378 1c008664 02852303 lw               x6, 40(x10)          x6=4117cc37 x10:1c010e34  PA:1c010e5c
18085770ns          305393 1c008668 0047a383 lw               x7, 4(x15)           x7=3dd5cc68 x15:1c010868  PA:1c01086c
18086069ns          305408 1c00866c f1187843 fmadd.s          f16, f16, f17, f30  f16=xxxxxxxx f16:411d3514 f17:406f2a46 f30:00000000
18086088ns          305409 1c008670 1066f353 fmul.s           f6, f13, f6          f6=xxxxxxxx f13:40fba772  f6:4117cc37
18086108ns          305410 1c008674 05052883 lw               x17, 80(x10)        x17=408c51c7 x10:1c010e34  PA:1c010e84
18086407ns          305425 1c008678 0087a403 lw               x8, 8(x15)           x8=3f3e56f1 x15:1c010868  PA:1c010870
18086725ns          305441 1c00867a 80737343 fmadd.s          f6, f6, f7, f16      f6=xxxxxxxx  f6:42953884  f7:3dd5cc68 f16:4212de83
18086745ns          305442 1c00867e 1116f8d3 fmul.s           f17, f13, f17       f17=xxxxxxxx f13:40fba772 f17:408c51c7
18086765ns          305443 1c008682 07852803 lw               x16, 120(x10)       x16=4116936f x10:1c010e34  PA:1c010eac
18087063ns          305458 1c008686 00c7a383 lw               x7, 12(x15)          x7=3fa5c9e3 x15:1c010868  PA:1c010874
18087361ns          305473 1c00868a 3088f8c3 fmadd.s          f17, f17, f8, f6    f17=xxxxxxxx f17:4209eff6  f8:3f3e56f1  f6:4232064e
18087381ns          305474 1c00868e 1106f853 fmul.s           f16, f13, f16       f16=xxxxxxxx f13:40fba772 f16:4116936f
18087401ns          305475 1c008692 0a052303 lw               x6, 160(x10)         x6=40720289 x10:1c010e34  PA:1c010ed4
18087700ns          305490 1c008696 0107a403 lw               x8, 16(x15)          x8=3f2ad00d x15:1c010868  PA:1c010878
18088018ns          305506 1c008698 88787843 fmadd.s          f16, f16, f7, f17   f16=xxxxxxxx f16:4294050b  f7:3fa5c9e3 f17:428c4aa0
18088038ns          305507 1c00869c 1066f353 fmul.s           f6, f13, f6          f6=xxxxxxxx f13:40fba772  f6:40720289
18088058ns          305508 1c0086a0 0c852883 lw               x17, 200(x10)       x17=4066c7ec x10:1c010e34  PA:1c010efc
18088356ns          305523 1c0086a4 0147a383 lw               x7, 20(x15)          x7=4113cf5d x15:1c010868  PA:1c01087c
18088654ns          305538 1c0086a8 80837343 fmadd.s          f6, f6, f8, f16      f6=xxxxxxxx  f6:41ede6c8  f8:3f2ad00d f16:4326014b
18088674ns          305539 1c0086ac 1116f8d3 fmul.s           f17, f13, f17       f17=xxxxxxxx f13:40fba772 f17:4066c7ec
18088694ns          305540 1c0086b0 0f052803 lw               x16, 240(x10)       x16=400fa319 x10:1c010e34  PA:1c010f24
18088993ns          305555 1c0086b4 0187a403 lw               x8, 24(x15)          x8=4028cf98 x15:1c010868  PA:1c010880
18089291ns          305570 1c0086b6 3078f8c3 fmadd.s          f17, f17, f7, f6    f17=xxxxxxxx f17:41e2dcf8  f7:4113cf5d  f6:4339d8de
18089311ns          305571 1c0086ba 1106f853 fmul.s           f16, f13, f16       f16=xxxxxxxx f13:40fba772 f16:400fa319
18089331ns          305572 1c0086be 11852303 lw               x6, 280(x10)         x6=3e075666 x10:1c010e34  PA:1c010f4c
18089629ns          305587 1c0086c2 01c7a383 lw               x7, 28(x15)          x7=3fa13eed x15:1c010868  PA:1c010884
18089927ns          305602 1c0086c6 88887843 fmadd.s          f16, f16, f8, f17   f16=xxxxxxxx f16:418d32dd  f8:4028cf98 f17:43dfe914
18089947ns          305603 1c0086ca 1066f353 fmul.s           f6, f13, f6          f6=xxxxxxxx f13:40fba772  f6:3e075666
18089967ns          305604 1c0086ce 14052883 lw               x17, 320(x10)       x17=4012cf60 x10:1c010e34  PA:1c010f74
18090266ns          305619 1c0086d2 0207a403 lw               x8, 32(x15)          x8=40a9fcb3 x15:1c010868  PA:1c010888
18090564ns          305634 1c0086d4 80737343 fmadd.s          f6, f6, f7, f16      f6=xxxxxxxx  f6:3f850a3c  f7:3fa13eed f16:43f7300c
18090584ns          305635 1c0086d8 1116f8d3 fmul.s           f17, f13, f17       f17=xxxxxxxx f13:40fba772 f17:4012cf60
18090604ns          305636 1c0086dc 16852803 lw               x16, 360(x10)       x16=40f08281 x10:1c010e34  PA:1c010f9c
18090902ns          305651 1c0086e0 0247a383 lw               x7, 36(x15)          x7=40bdf671 x15:1c010868  PA:1c01088c
18091200ns          305666 1c0086e4 3088f8c3 fmadd.s          f17, f17, f8, f6    f17=xxxxxxxx f17:4190515a  f8:40a9fcb3  f6:43f7d7a4
18091220ns          305667 1c0086e8 1106f853 fmul.s           f16, f13, f16       f16=xxxxxxxx f13:40fba772 f16:40f08281
18091240ns          305668 1c0086ec 000ea303 lw               x6, 0(x29)           x6=3ffe9111 x29:10000ed4  PA:10000ed4
18091260ns          305669 1c0086f0 02878793 addi             x15, x15, 40        x15=1c010890 x15:1c010868
18091280ns          305670 1c0086f4 88787843 fmadd.s          f16, f16, f7, f17   f16=xxxxxxxx f16:426c6d45  f7:40bdf671 f17:4413e0dc
18091300ns          305671 1c0086f8 80e37843 fmadd.s          f16, f6, f14, f16   f16=xxxxxxxx  f6:3ffe9111 f14:41063542 f16:446b98ff
18091320ns          305672 1c0086fc 030ea42b p.sw             x16, 40(x29!)       x29=10000efc x16:446fc4a6 x29:10000ed4  PA:10000ed4
18091340ns          305673 1c008658 00052803 lw               x16, 0(x10)         x16=3f9fec16 x10:1c010e34  PA:1c010e34
18091638ns          305688 1c00865c 0007a883 lw               x17, 0(x15)         x17=4119a00a x15:1c010890  PA:1c010890
18091936ns          305703 1c008660 1106f853 fmul.s           f16, f13, f16       f16=xxxxxxxx f13:40fba772 f16:3f9fec16
18091956ns          305704 1c008664 02852303 lw               x6, 40(x10)          x6=4117cc37 x10:1c010e34  PA:1c010e5c
18092255ns          305719 1c008668 0047a383 lw               x7, 4(x15)           x7=40642f0b x15:1c010890  PA:1c010894
18092553ns          305734 1c00866c f1187843 fmadd.s          f16, f16, f17, f30  f16=xxxxxxxx f16:411d3514 f17:4119a00a f30:00000000
18092573ns          305735 1c008670 1066f353 fmul.s           f6, f13, f6          f6=xxxxxxxx f13:40fba772  f6:4117cc37
18092593ns          305736 1c008674 05052883 lw               x17, 80(x10)        x17=408c51c7 x10:1c010e34  PA:1c010e84
18092891ns          305751 1c008678 0087a403 lw               x8, 8(x15)           x8=40ede3a4 x15:1c010890  PA:1c010898
18093189ns          305766 1c00867a 80737343 fmadd.s          f6, f6, f7, f16      f6=xxxxxxxx  f6:42953884  f7:40642f0b f16:42bcae01
18093209ns          305767 1c00867e 1116f8d3 fmul.s           f17, f13, f17       f17=xxxxxxxx f13:40fba772 f17:408c51c7
18093229ns          305768 1c008682 07852803 lw               x16, 120(x10)       x16=4116936f x10:1c010e34  PA:1c010eac
18093528ns          305783 1c008686 00c7a383 lw               x7, 12(x15)          x7=3f84672f x15:1c010890  PA:1c01089c
18093826ns          305798 1c00868a 3088f8c3 fmadd.s          f17, f17, f8, f6    f17=xxxxxxxx f17:4209eff6  f8:40ede3a4  f6:43b42d42
18093846ns          305799 1c00868e 1106f853 fmul.s           f16, f13, f16       f16=xxxxxxxx f13:40fba772 f16:4116936f
18093866ns          305800 1c008692 0a052303 lw               x6, 160(x10)         x6=40720289 x10:1c010e34  PA:1c010ed4
18094164ns          305815 1c008696 0107a403 lw               x8, 16(x15)          x8=40854cea x15:1c010890  PA:1c0108a0
18094462ns          305830 1c008698 88787843 fmadd.s          f16, f16, f7, f17   f16=xxxxxxxx f16:4294050b  f7:3f84672f f17:441a2d88
18094482ns          305831 1c00869c 1066f353 fmul.s           f6, f13, f6          f6=xxxxxxxx f13:40fba772  f6:40720289
18094502ns          305832 1c0086a0 0c852883 lw               x17, 200(x10)       x17=4066c7ec x10:1c010e34  PA:1c010efc
18094801ns          305847 1c0086a4 0147a383 lw               x7, 20(x15)          x7=4100bd62 x15:1c010890  PA:1c0108a4
18095099ns          305862 1c0086a8 80837343 fmadd.s          f6, f6, f8, f16      f6=xxxxxxxx  f6:41ede6c8  f8:40854cea f16:442d5119
18095119ns          305863 1c0086ac 1116f8d3 fmul.s           f17, f13, f17       f17=xxxxxxxx f13:40fba772 f17:4066c7ec
18095139ns          305864 1c0086b0 0f052803 lw               x16, 240(x10)       x16=400fa319 x10:1c010e34  PA:1c010f24
18095437ns          305879 1c0086b4 0187a403 lw               x8, 24(x15)          x8=4079a1a7 x15:1c010890  PA:1c0108a8
18095735ns          305894 1c0086b6 3078f8c3 fmadd.s          f17, f17, f7, f6    f17=xxxxxxxx f17:41e2dcf8  f7:4100bd62  f6:444c4931
18095755ns          305895 1c0086ba 1106f853 fmul.s           f16, f13, f16       f16=xxxxxxxx f13:40fba772 f16:400fa319
18095775ns          305896 1c0086be 11852303 lw               x6, 280(x10)         x6=3e075666 x10:1c010e34  PA:1c010f4c
18096094ns          305912 1c0086c2 01c7a383 lw               x7, 28(x15)          x7=40ac177a x15:1c010890  PA:1c0108ac
18096392ns          305927 1c0086c6 88887843 fmadd.s          f16, f16, f8, f17   f16=xxxxxxxx f16:418d32dd  f8:4079a1a7 f17:4482aa2c
18096412ns          305928 1c0086ca 1066f353 fmul.s           f6, f13, f6          f6=xxxxxxxx f13:40fba772  f6:3e075666
18096432ns          305929 1c0086ce 14052883 lw               x17, 320(x10)       x17=4012cf60 x10:1c010e34  PA:1c010f74
18096730ns          305944 1c0086d2 0207a403 lw               x8, 32(x15)          x8=411507cf x15:1c010890  PA:1c0108b0
18097028ns          305959 1c0086d4 80737343 fmadd.s          f6, f6, f7, f16      f6=xxxxxxxx  f6:3f850a3c  f7:40ac177a f16:448b4526
18097048ns          305960 1c0086d8 1116f8d3 fmul.s           f17, f13, f17       f17=xxxxxxxx f13:40fba772 f17:4012cf60
18097068ns          305961 1c0086dc 16852803 lw               x16, 360(x10)       x16=40f08281 x10:1c010e34  PA:1c010f9c
18097386ns          305977 1c0086e0 0247a383 lw               x7, 36(x15)          x7=41055ac8 x15:1c010890  PA:1c0108b4
18097685ns          305992 1c0086e4 3088f8c3 fmadd.s          f17, f17, f8, f6    f17=xxxxxxxx f17:4190515a  f8:411507cf  f6:448bf804
18097705ns          305993 1c0086e8 1106f853 fmul.s           f16, f13, f16       f16=xxxxxxxx f13:40fba772 f16:40f08281
18097725ns          305994 1c0086ec 000ea303 lw               x6, 0(x29)           x6=40fbfdcf x29:10000efc  PA:10000efc
18097744ns          305995 1c0086f0 02878793 addi             x15, x15, 40        x15=1c0108b8 x15:1c010890
18097764ns          305996 1c0086f4 88787843 fmadd.s          f16, f16, f7, f17   f16=xxxxxxxx f16:426c6d45  f7:41055ac8 f17:44a0f8f4
18097784ns          305997 1c0086f8 80e37843 fmadd.s          f16, f6, f14, f16   f16=xxxxxxxx  f6:40fbfdcf f14:41063542 f16:44de8d42
18097804ns          305998 1c0086fc 030ea42b p.sw             x16, 40(x29!)       x29=10000f24 x16:44e6cef6 x29:10000efc  PA:10000efc
18097824ns          305999 1c008658 00052803 lw               x16, 0(x10)         x16=3f9fec16 x10:1c010e34  PA:1c010e34
18098122ns          306014 1c00865c 0007a883 lw               x17, 0(x15)         x17=401ca5ad x15:1c0108b8  PA:1c0108b8
18098421ns          306029 1c008660 1106f853 fmul.s           f16, f13, f16       f16=xxxxxxxx f13:40fba772 f16:3f9fec16
18098441ns          306030 1c008664 02852303 lw               x6, 40(x10)          x6=4117cc37 x10:1c010e34  PA:1c010e5c
18098759ns          306046 1c008668 0047a383 lw               x7, 4(x15)           x7=4104807b x15:1c0108b8  PA:1c0108bc
18099057ns          306061 1c00866c f1187843 fmadd.s          f16, f16, f17, f30  f16=xxxxxxxx f16:411d3514 f17:401ca5ad f30:00000000
18099077ns          306062 1c008670 1066f353 fmul.s           f6, f13, f6          f6=xxxxxxxx f13:40fba772  f6:4117cc37
18099097ns          306063 1c008674 05052883 lw               x17, 80(x10)        x17=408c51c7 x10:1c010e34  PA:1c010e84
18099395ns          306078 1c008678 0087a403 lw               x8, 8(x15)           x8=3fa0c982 x15:1c0108b8  PA:1c0108c0
18099694ns          306093 1c00867a 80737343 fmadd.s          f6, f6, f7, f16      f6=xxxxxxxx  f6:42953884  f7:4104807b f16:41c0642b
18099714ns          306094 1c00867e 1116f8d3 fmul.s           f17, f13, f17       f17=xxxxxxxx f13:40fba772 f17:408c51c7
18099734ns          306095 1c008682 07852803 lw               x16, 120(x10)       x16=4116936f x10:1c010e34  PA:1c010eac
18100052ns          306111 1c008686 00c7a383 lw               x7, 12(x15)          x7=408f6bde x15:1c0108b8  PA:1c0108c4
18100350ns          306126 1c00868a 3088f8c3 fmadd.s          f17, f17, f8, f6    f17=xxxxxxxx f17:4209eff6  f8:3fa0c982  f6:44207b31
18100370ns          306127 1c00868e 1106f853 fmul.s           f16, f13, f16       f16=xxxxxxxx f13:40fba772 f16:4116936f
18100390ns          306128 1c008692 0a052303 lw               x6, 160(x10)         x6=40720289 x10:1c010e34  PA:1c010ed4
18100688ns          306143 1c008696 0107a403 lw               x8, 16(x15)          x8=40843960 x15:1c0108b8  PA:1c0108c8
18100987ns          306158 1c008698 88787843 fmadd.s          f16, f16, f7, f17   f16=xxxxxxxx f16:4294050b  f7:408f6bde f17:442b4f83
18101007ns          306159 1c00869c 1066f353 fmul.s           f6, f13, f6          f6=xxxxxxxx f13:40fba772  f6:40720289
18101026ns          306160 1c0086a0 0c852883 lw               x17, 200(x10)       x17=4066c7ec x10:1c010e34  PA:1c010efc
18101345ns          306176 1c0086a4 0147a383 lw               x7, 20(x15)          x7=40ca1d6a x15:1c0108b8  PA:1c0108cc
18101643ns          306191 1c0086a8 80837343 fmadd.s          f6, f6, f8, f16      f6=xxxxxxxx  f6:41ede6c8  f8:40843960 f16:447e3cb3
18101663ns          306192 1c0086ac 1116f8d3 fmul.s           f17, f13, f17       f17=xxxxxxxx f13:40fba772 f17:4066c7ec
18101683ns          306193 1c0086b0 0f052803 lw               x16, 240(x10)       x16=400fa319 x10:1c010e34  PA:1c010f24
18101981ns          306208 1c0086b4 0187a403 lw               x8, 24(x15)          x8=40329514 x15:1c0108b8  PA:1c0108d0
18102280ns          306223 1c0086b6 3078f8c3 fmadd.s          f17, f17, f7, f6    f17=xxxxxxxx f17:41e2dcf8  f7:40ca1d6a  f6:448e7a64
18102299ns          306224 1c0086ba 1106f853 fmul.s           f16, f13, f16       f16=xxxxxxxx f13:40fba772 f16:400fa319
18102319ns          306225 1c0086be 11852303 lw               x6, 280(x10)         x6=3e075666 x10:1c010e34  PA:1c010f4c
18102618ns          306240 1c0086c2 01c7a383 lw               x7, 28(x15)          x7=41042b0b x15:1c0108b8  PA:1c0108d4
18102916ns          306255 1c0086c6 88887843 fmadd.s          f16, f16, f8, f17   f16=xxxxxxxx f16:418d32dd  f8:40329514 f17:44a4ddf2
18102936ns          306256 1c0086ca 1066f353 fmul.s           f6, f13, f6          f6=xxxxxxxx f13:40fba772  f6:3e075666
18102956ns          306257 1c0086ce 14052883 lw               x17, 320(x10)       x17=4012cf60 x10:1c010e34  PA:1c010f74
18103254ns          306272 1c0086d2 0207a403 lw               x8, 32(x15)          x8=4116f4ed x15:1c0108b8  PA:1c0108d8
18103553ns          306287 1c0086d4 80737343 fmadd.s          f6, f6, f7, f16      f6=xxxxxxxx  f6:3f850a3c  f7:41042b0b f16:44ab05eb
18103572ns          306288 1c0086d8 1116f8d3 fmul.s           f17, f13, f17       f17=xxxxxxxx f13:40fba772 f17:4012cf60
18103592ns          306289 1c0086dc 16852803 lw               x16, 360(x10)       x16=40f08281 x10:1c010e34  PA:1c010f9c
18103891ns          306304 1c0086e0 0247a383 lw               x7, 36(x15)          x7=40d1fecf x15:1c0108b8  PA:1c0108dc
18104189ns          306319 1c0086e4 3088f8c3 fmadd.s          f17, f17, f8, f6    f17=xxxxxxxx f17:4190515a  f8:4116f4ed  f6:44ac18aa
18104209ns          306320 1c0086e8 1106f853 fmul.s           f16, f13, f16       f16=xxxxxxxx f13:40fba772 f16:40f08281
18104229ns          306321 1c0086ec 000ea303 lw               x6, 0(x29)           x6=411d8a99 x29:10000f24  PA:10000f24
18104249ns          306322 1c0086f0 02878793 addi             x15, x15, 40        x15=1c0108e0 x15:1c0108b8
18104269ns          306323 1c0086f4 88787843 fmadd.s          f16, f16, f7, f17   f16=xxxxxxxx f16:426c6d45  f7:40d1fecf f17:44c15f19
18104289ns          306324 1c0086f8 80e37843 fmadd.s          f16, f6, f14, f16   f16=xxxxxxxx  f6:411d8a99 f14:41063542 f16:44f1db3b
18104308ns          306325 1c0086fc 030ea42b p.sw             x16, 40(x29!)       x29=10000f4c x16:44fc2e25 x29:10000f24  PA:10000f24
18104328ns          306326 1c008658 00052803 lw               x16, 0(x10)         x16=3f9fec16 x10:1c010e34  PA:1c010e34
18104627ns          306341 1c00865c 0007a883 lw               x17, 0(x15)         x17=40a54233 x15:1c0108e0  PA:1c0108e0
18104925ns          306356 1c008660 1106f853 fmul.s           f16, f13, f16       f16=xxxxxxxx f13:40fba772 f16:3f9fec16
18104945ns          306357 1c008664 02852303 lw               x6, 40(x10)          x6=4117cc37 x10:1c010e34  PA:1c010e5c
18105243ns          306372 1c008668 0047a383 lw               x7, 4(x15)           x7=4093ed2a x15:1c0108e0  PA:1c0108e4
18105542ns          306387 1c00866c f1187843 fmadd.s          f16, f16, f17, f30  f16=xxxxxxxx f16:411d3514 f17:40a54233 f30:00000000
18105562ns          306388 1c008670 1066f353 fmul.s           f6, f13, f6          f6=xxxxxxxx f13:40fba772  f6:4117cc37
18105581ns          306389 1c008674 05052883 lw               x17, 80(x10)        x17=408c51c7 x10:1c010e34  PA:1c010e84
18105880ns          306404 1c008678 0087a403 lw               x8, 8(x15)           x8=40fe6095 x15:1c0108e0  PA:1c0108e8
18106178ns          306419 1c00867a 80737343 fmadd.s          f6, f6, f7, f16      f6=xxxxxxxx  f6:42953884  f7:4093ed2a f16:424af7ba
18106198ns          306420 1c00867e 1116f8d3 fmul.s           f17, f13, f17       f17=xxxxxxxx f13:40fba772 f17:408c51c7
18106218ns          306421 1c008682 07852803 lw               x16, 120(x10)       x16=4116936f x10:1c010e34  PA:1c010eac
18106516ns          306436 1c008686 00c7a383 lw               x7, 12(x15)          x7=3e9d6a6e x15:1c0108e0  PA:1c0108ec
18106815ns          306451 1c00868a 3088f8c3 fmadd.s          f17, f17, f8, f6    f17=xxxxxxxx f17:4209eff6  f8:40fe6095  f6:43c5d25a
18106835ns          306452 1c00868e 1106f853 fmul.s           f16, f13, f16       f16=xxxxxxxx f13:40fba772 f16:4116936f
18106854ns          306453 1c008692 0a052303 lw               x6, 160(x10)         x6=40720289 x10:1c010e34  PA:1c010ed4
18107153ns          306468 1c008696 0107a403 lw               x8, 16(x15)          x8=4092d176 x15:1c0108e0  PA:1c0108f0
18107451ns          306483 1c008698 88787843 fmadd.s          f16, f16, f7, f17   f16=xxxxxxxx f16:4294050b  f7:3e9d6a6e f17:4427713d
18107471ns          306484 1c00869c 1066f353 fmul.s           f6, f13, f6          f6=xxxxxxxx f13:40fba772  f6:40720289
18107491ns          306485 1c0086a0 0c852883 lw               x17, 200(x10)       x17=4066c7ec x10:1c010e34  PA:1c010efc
18107789ns          306500 1c0086a4 0147a383 lw               x7, 20(x15)          x7=4088f69f x15:1c0108e0  PA:1c0108f4
18108108ns          306516 1c0086a8 80837343 fmadd.s          f6, f6, f8, f16      f6=xxxxxxxx  f6:41ede6c8  f8:4092d176 f16:442d2187
18108127ns          306517 1c0086ac 1116f8d3 fmul.s           f17, f13, f17       f17=xxxxxxxx f13:40fba772 f17:4066c7ec
18108147ns          306518 1c0086b0 0f052803 lw               x16, 240(x10)       x16=400fa319 x10:1c010e34  PA:1c010f24
18108446ns          306533 1c0086b4 0187a403 lw               x8, 24(x15)          x8=40f68caa x15:1c0108e0  PA:1c0108f8
18108744ns          306548 1c0086b6 3078f8c3 fmadd.s          f17, f17, f7, f6    f17=xxxxxxxx f17:41e2dcf8  f7:4088f69f  f6:444f3d98
18108764ns          306549 1c0086ba 1106f853 fmul.s           f16, f13, f16       f16=xxxxxxxx f13:40fba772 f16:400fa319
18108784ns          306550 1c0086be 11852303 lw               x6, 280(x10)         x6=3e075666 x10:1c010e34  PA:1c010f4c
18109082ns          306565 1c0086c2 01c7a383 lw               x7, 28(x15)          x7=411e9abf x15:1c0108e0  PA:1c0108fc
18109400ns          306581 1c0086c6 88887843 fmadd.s          f16, f16, f8, f17   f16=xxxxxxxx f16:418d32dd  f8:40f68caa f17:446d9594
18109420ns          306582 1c0086ca 1066f353 fmul.s           f6, f13, f6          f6=xxxxxxxx f13:40fba772  f6:3e075666
18109440ns          306583 1c0086ce 14052883 lw               x17, 320(x10)       x17=4012cf60 x10:1c010e34  PA:1c010f74
18109739ns          306598 1c0086d2 0207a403 lw               x8, 32(x15)          x8=40f8cdf4 x15:1c0108e0  PA:1c010900
18110037ns          306613 1c0086d4 80737343 fmadd.s          f6, f6, f7, f16      f6=xxxxxxxx  f6:3f850a3c  f7:411e9abf f16:4487ca59
18110057ns          306614 1c0086d8 1116f8d3 fmul.s           f17, f13, f17       f17=xxxxxxxx f13:40fba772 f17:4012cf60
18110077ns          306615 1c0086dc 16852803 lw               x16, 360(x10)       x16=40f08281 x10:1c010e34  PA:1c010f9c
18110375ns          306630 1c0086e0 0247a383 lw               x7, 36(x15)          x7=400dc23e x15:1c0108e0  PA:1c010904
18110693ns          306646 1c0086e4 3088f8c3 fmadd.s          f17, f17, f8, f6    f17=xxxxxxxx f17:4190515a  f8:40f8cdf4  f6:4489140c
18110713ns          306647 1c0086e8 1106f853 fmul.s           f16, f13, f16       f16=xxxxxxxx f13:40fba772 f16:40f08281
18110733ns          306648 1c0086ec 000ea303 lw               x6, 0(x29)           x6=4085515b x29:10000f4c  PA:10000f4c
18110753ns          306649 1c0086f0 02878793 addi             x15, x15, 40        x15=1c010908 x15:1c0108e0
18110773ns          306650 1c0086f4 88787843 fmadd.s          f16, f16, f7, f17   f16=xxxxxxxx f16:426c6d45  f7:400dc23e f17:449a9c69
18110793ns          306651 1c0086f8 80e37843 fmadd.s          f16, f6, f14, f16   f16=xxxxxxxx  f6:4085515b f14:41063542 f16:44aaf9db
18110813ns          306652 1c0086fc 030ea42b p.sw             x16, 40(x29!)       x29=10000f74 x16:44af5820 x29:10000f4c  PA:10000f4c
18110833ns          306653 1c008658 00052803 lw               x16, 0(x10)         x16=3f9fec16 x10:1c010e34  PA:1c010e34
18111131ns          306668 1c00865c 0007a883 lw               x17, 0(x15)         x17=40adfed7 x15:1c010908  PA:1c010908
18111429ns          306683 1c008660 1106f853 fmul.s           f16, f13, f16       f16=xxxxxxxx f13:40fba772 f16:3f9fec16
18111449ns          306684 1c008664 02852303 lw               x6, 40(x10)          x6=4117cc37 x10:1c010e34  PA:1c010e5c
18111748ns          306699 1c008668 0047a383 lw               x7, 4(x15)           x7=40c5c8e3 x15:1c010908  PA:1c01090c
18112066ns          306715 1c00866c f1187843 fmadd.s          f16, f16, f17, f30  f16=xxxxxxxx f16:411d3514 f17:40adfed7 f30:00000000
18112086ns          306716 1c008670 1066f353 fmul.s           f6, f13, f6          f6=xxxxxxxx f13:40fba772  f6:4117cc37
18112106ns          306717 1c008674 05052883 lw               x17, 80(x10)        x17=408c51c7 x10:1c010e34  PA:1c010e84
18112404ns          306732 1c008678 0087a403 lw               x8, 8(x15)           x8=3eb2c55f x15:1c010908  PA:1c010910
18112702ns          306747 1c00867a 80737343 fmadd.s          f6, f6, f7, f16      f6=xxxxxxxx  f6:42953884  f7:40c5c8e3 f16:4255b2ba
18112722ns          306748 1c00867e 1116f8d3 fmul.s           f17, f13, f17       f17=xxxxxxxx f13:40fba772 f17:408c51c7
18112742ns          306749 1c008682 07852803 lw               x16, 120(x10)       x16=4116936f x10:1c010e34  PA:1c010eac
18113040ns          306764 1c008686 00c7a383 lw               x7, 12(x15)          x7=3eb000b7 x15:1c010908  PA:1c010914
18113359ns          306780 1c00868a 3088f8c3 fmadd.s          f17, f17, f8, f6    f17=xxxxxxxx f17:4209eff6  f8:3eb2c55f  f6:4400a4c2
18113379ns          306781 1c00868e 1106f853 fmul.s           f16, f13, f16       f16=xxxxxxxx f13:40fba772 f16:4116936f
18113398ns          306782 1c008692 0a052303 lw               x6, 160(x10)         x6=40720289 x10:1c010e34  PA:1c010ed4
18113697ns          306797 1c008696 0107a403 lw               x8, 16(x15)          x8=40e294e8 x15:1c010908  PA:1c010918
18113995ns          306812 1c008698 88787843 fmadd.s          f16, f16, f7, f17   f16=xxxxxxxx f16:4294050b  f7:3eb000b7 f17:4403a75c
18114015ns          306813 1c00869c 1066f353 fmul.s           f6, f13, f6          f6=xxxxxxxx f13:40fba772  f6:40720289
18114035ns          306814 1c0086a0 0c852883 lw               x17, 200(x10)       x17=4066c7ec x10:1c010e34  PA:1c010efc
18114333ns          306829 1c0086a4 0147a383 lw               x7, 20(x15)          x7=401cda14 x15:1c010908  PA:1c01091c
18114652ns          306845 1c0086a8 80837343 fmadd.s          f6, f6, f8, f16      f6=xxxxxxxx  f6:41ede6c8  f8:40e294e8 f16:440a039a
18114671ns          306846 1c0086ac 1116f8d3 fmul.s           f17, f13, f17       f17=xxxxxxxx f13:40fba772 f17:4066c7ec
18114691ns          306847 1c0086b0 0f052803 lw               x16, 240(x10)       x16=400fa319 x10:1c010e34  PA:1c010f24
18114990ns          306862 1c0086b4 0187a403 lw               x8, 24(x15)          x8=3ff5493e x15:1c010908  PA:1c010920
18115288ns          306877 1c0086b6 3078f8c3 fmadd.s          f17, f17, f7, f6    f17=xxxxxxxx f17:41e2dcf8  f7:401cda14  f6:443ea7a1
18115308ns          306878 1c0086ba 1106f853 fmul.s           f16, f13, f16       f16=xxxxxxxx f13:40fba772 f16:400fa319
18115328ns          306879 1c0086be 11852303 lw               x6, 280(x10)         x6=3e075666 x10:1c010e34  PA:1c010f4c
18115626ns          306894 1c0086c2 01c7a383 lw               x7, 28(x15)          x7=4024db73 x15:1c010908  PA:1c010924
18115925ns          306909 1c0086c6 88887843 fmadd.s          f16, f16, f8, f17   f16=xxxxxxxx f16:418d32dd  f8:3ff5493e f17:4450079e
18115944ns          306910 1c0086ca 1066f353 fmul.s           f6, f13, f6          f6=xxxxxxxx f13:40fba772  f6:3e075666
18115964ns          306911 1c0086ce 14052883 lw               x17, 320(x10)       x17=4012cf60 x10:1c010e34  PA:1c010f74
18116263ns          306926 1c0086d2 0207a403 lw               x8, 32(x15)          x8=40005e40 x15:1c010908  PA:1c010928
18116561ns          306941 1c0086d4 80737343 fmadd.s          f6, f6, f7, f16      f6=xxxxxxxx  f6:3f850a3c  f7:4024db73 f16:44587c3f
18116581ns          306942 1c0086d8 1116f8d3 fmul.s           f17, f13, f17       f17=xxxxxxxx f13:40fba772 f17:4012cf60
18116601ns          306943 1c0086dc 16852803 lw               x16, 360(x10)       x16=40f08281 x10:1c010e34  PA:1c010f9c
18116899ns          306958 1c0086e0 0247a383 lw               x7, 36(x15)          x7=40e239a4 x15:1c010908  PA:1c01092c
18117198ns          306973 1c0086e4 3088f8c3 fmadd.s          f17, f17, f8, f6    f17=xxxxxxxx f17:4190515a  f8:40005e40  f6:44592798
18117217ns          306974 1c0086e8 1106f853 fmul.s           f16, f13, f16       f16=xxxxxxxx f13:40fba772 f16:40f08281
18117237ns          306975 1c0086ec 000ea303 lw               x6, 0(x29)           x6=4028f841 x29:10000f74  PA:10000f74
18117257ns          306976 1c0086f0 02878793 addi             x15, x15, 40        x15=1c010930 x15:1c010908
18117277ns          306977 1c0086f4 88787843 fmadd.s          f16, f16, f7, f17   f16=xxxxxxxx f16:426c6d45  f7:40e239a4 f17:44623352
18117297ns          306978 1c0086f8 80e37843 fmadd.s          f16, f6, f14, f16   f16=xxxxxxxx  f6:4028f841 f14:41063542 f16:44a55516
18117317ns          306979 1c0086fc 030ea42b p.sw             x16, 40(x29!)       x29=10000f9c x16:44a819bf x29:10000f74  PA:10000f74
18117337ns          306980 1c008658 00052803 lw               x16, 0(x10)         x16=3f9fec16 x10:1c010e34  PA:1c010e34
18117635ns          306995 1c00865c 0007a883 lw               x17, 0(x15)         x17=4051d560 x15:1c010930  PA:1c010930
18117934ns          307010 1c008660 1106f853 fmul.s           f16, f13, f16       f16=xxxxxxxx f13:40fba772 f16:3f9fec16
18117953ns          307011 1c008664 02852303 lw               x6, 40(x10)          x6=4117cc37 x10:1c010e34  PA:1c010e5c
18118252ns          307026 1c008668 0047a383 lw               x7, 4(x15)           x7=40fbbedb x15:1c010930  PA:1c010934
18118550ns          307041 1c00866c f1187843 fmadd.s          f16, f16, f17, f30  f16=xxxxxxxx f16:411d3514 f17:4051d560 f30:00000000
18118570ns          307042 1c008670 1066f353 fmul.s           f6, f13, f6          f6=xxxxxxxx f13:40fba772  f6:4117cc37
18118590ns          307043 1c008674 05052883 lw               x17, 80(x10)        x17=408c51c7 x10:1c010e34  PA:1c010e84
18118888ns          307058 1c008678 0087a403 lw               x8, 8(x15)           x8=4012e6d7 x15:1c010930  PA:1c010938
18119187ns          307073 1c00867a 80737343 fmadd.s          f6, f6, f7, f16      f6=xxxxxxxx  f6:42953884  f7:40fbbedb f16:4200db5d
18119207ns          307074 1c00867e 1116f8d3 fmul.s           f17, f13, f17       f17=xxxxxxxx f13:40fba772 f17:408c51c7
18119226ns          307075 1c008682 07852803 lw               x16, 120(x10)       x16=4116936f x10:1c010e34  PA:1c010eac
18119525ns          307090 1c008686 00c7a383 lw               x7, 12(x15)          x7=410be73c x15:1c010930  PA:1c01093c
18119823ns          307105 1c00868a 3088f8c3 fmadd.s          f17, f17, f8, f6    f17=xxxxxxxx f17:4209eff6  f8:4012e6d7  f6:441acb5f
18119843ns          307106 1c00868e 1106f853 fmul.s           f16, f13, f16       f16=xxxxxxxx f13:40fba772 f16:4116936f
18119863ns          307107 1c008692 0a052303 lw               x6, 160(x10)         x6=40720289 x10:1c010e34  PA:1c010ed4
18120161ns          307122 1c008696 0107a403 lw               x8, 16(x15)          x8=40e8f76c x15:1c010930  PA:1c010940
18120460ns          307137 1c008698 88787843 fmadd.s          f16, f16, f7, f17   f16=xxxxxxxx f16:4294050b  f7:410be73c f17:442e952e
18120480ns          307138 1c00869c 1066f353 fmul.s           f6, f13, f6          f6=xxxxxxxx f13:40fba772  f6:40720289
18120499ns          307139 1c0086a0 0c852883 lw               x17, 200(x10)       x17=4066c7ec x10:1c010e34  PA:1c010efc
18120798ns          307154 1c0086a4 0147a383 lw               x7, 20(x15)          x7=40a8711a x15:1c010930  PA:1c010944
18121096ns          307169 1c0086a8 80837343 fmadd.s          f6, f6, f8, f16      f6=xxxxxxxx  f6:41ede6c8  f8:40e8f76c f16:44a82f07
18121116ns          307170 1c0086ac 1116f8d3 fmul.s           f17, f13, f17       f17=xxxxxxxx f13:40fba772 f17:4066c7ec
18121136ns          307171 1c0086b0 0f052803 lw               x16, 240(x10)       x16=400fa319 x10:1c010e34  PA:1c010f24
18121434ns          307186 1c0086b4 0187a403 lw               x8, 24(x15)          x8=408850e7 x15:1c010930  PA:1c010948
18121733ns          307201 1c0086b6 3078f8c3 fmadd.s          f17, f17, f7, f6    f17=xxxxxxxx f17:41e2dcf8  f7:40a8711a  f6:44c33ee9
18121753ns          307202 1c0086ba 1106f853 fmul.s           f16, f13, f16       f16=xxxxxxxx f13:40fba772 f16:400fa319
18121772ns          307203 1c0086be 11852303 lw               x6, 280(x10)         x6=3e075666 x10:1c010e34  PA:1c010f4c
18122071ns          307218 1c0086c2 01c7a383 lw               x7, 28(x15)          x7=40b191c9 x15:1c010930  PA:1c01094c
18122369ns          307233 1c0086c6 88887843 fmadd.s          f16, f16, f8, f17   f16=xxxxxxxx f16:418d32dd  f8:408850e7 f17:44d5e791
18122389ns          307234 1c0086ca 1066f353 fmul.s           f6, f13, f6          f6=xxxxxxxx f13:40fba772  f6:3e075666
18122409ns          307235 1c0086ce 14052883 lw               x17, 320(x10)       x17=4012cf60 x10:1c010e34  PA:1c010f74
18122727ns          307251 1c0086d2 0207a403 lw               x8, 32(x15)          x8=3e508c5f x15:1c010930  PA:1c010950
18123026ns          307266 1c0086d4 80737343 fmadd.s          f6, f6, f7, f16      f6=xxxxxxxx  f6:3f850a3c  f7:40b191c9 f16:44df4d86
18123045ns          307267 1c0086d8 1116f8d3 fmul.s           f17, f13, f17       f17=xxxxxxxx f13:40fba772 f17:4012cf60
18123065ns          307268 1c0086dc 16852803 lw               x16, 360(x10)       x16=40f08281 x10:1c010e34  PA:1c010f9c
18123364ns          307283 1c0086e0 0247a383 lw               x7, 36(x15)          x7=40868cc1 x15:1c010930  PA:1c010954
18123662ns          307298 1c0086e4 3088f8c3 fmadd.s          f17, f17, f8, f6    f17=xxxxxxxx f17:4190515a  f8:3e508c5f  f6:44e00616
18123682ns          307299 1c0086e8 1106f853 fmul.s           f16, f13, f16       f16=xxxxxxxx f13:40fba772 f16:40f08281
18123702ns          307300 1c0086ec 000ea303 lw               x6, 0(x29)           x6=41183e31 x29:10000f9c  PA:10000f9c
18123722ns          307301 1c0086f0 02878793 addi             x15, x15, 40        x15=1c010958 x15:1c010930
18123742ns          307302 1c0086f4 88787843 fmadd.s          f16, f16, f7, f17   f16=xxxxxxxx f16:426c6d45  f7:40868cc1 f17:44e07ba7
18123762ns          307303 1c0086f8 80e37843 fmadd.s          f16, f6, f14, f16   f16=xxxxxxxx  f6:41183e31 f14:41063542 f16:44ff8c73
18123781ns          307304 1c0086fc 030ea42b p.sw             x16, 40(x29!)       x29=10000fc4 x16:4504c33d x29:10000f9c  PA:10000f9c
18123801ns          307305 1c008658 00052803 lw               x16, 0(x10)         x16=3f9fec16 x10:1c010e34  PA:1c010e34
18124100ns          307320 1c00865c 0007a883 lw               x17, 0(x15)         x17=40858542 x15:1c010958  PA:1c010958
18124418ns          307336 1c008660 1106f853 fmul.s           f16, f13, f16       f16=xxxxxxxx f13:40fba772 f16:3f9fec16
18124438ns          307337 1c008664 02852303 lw               x6, 40(x10)          x6=4117cc37 x10:1c010e34  PA:1c010e5c
18124736ns          307352 1c008668 0047a383 lw               x7, 4(x15)           x7=3fa6a77c x15:1c010958  PA:1c01095c
18125035ns          307367 1c00866c f1187843 fmadd.s          f16, f16, f17, f30  f16=xxxxxxxx f16:411d3514 f17:40858542 f30:00000000
18125054ns          307368 1c008670 1066f353 fmul.s           f6, f13, f6          f6=xxxxxxxx f13:40fba772  f6:4117cc37
18125074ns          307369 1c008674 05052883 lw               x17, 80(x10)        x17=408c51c7 x10:1c010e34  PA:1c010e84
18125393ns          307385 1c008678 0087a403 lw               x8, 8(x15)           x8=3fb30ee3 x15:1c010958  PA:1c010960
18125691ns          307400 1c00867a 80737343 fmadd.s          f6, f6, f7, f16      f6=xxxxxxxx  f6:42953884  f7:3fa6a77c f16:4223fcd1
18125711ns          307401 1c00867e 1116f8d3 fmul.s           f17, f13, f17       f17=xxxxxxxx f13:40fba772 f17:408c51c7
18125731ns          307402 1c008682 07852803 lw               x16, 120(x10)       x16=4116936f x10:1c010e34  PA:1c010eac
18126029ns          307417 1c008686 00c7a383 lw               x7, 12(x15)          x7=40fe97f4 x15:1c010958  PA:1c010964
18126327ns          307432 1c00868a 3088f8c3 fmadd.s          f17, f17, f8, f6    f17=xxxxxxxx f17:4209eff6  f8:3fb30ee3  f6:430a237a
18126347ns          307433 1c00868e 1106f853 fmul.s           f16, f13, f16       f16=xxxxxxxx f13:40fba772 f16:4116936f
18126367ns          307434 1c008692 0a052303 lw               x6, 160(x10)         x6=40720289 x10:1c010e34  PA:1c010ed4
18126685ns          307450 1c008696 0107a403 lw               x8, 16(x15)          x8=409ead56 x15:1c010958  PA:1c010968
18126984ns          307465 1c008698 88787843 fmadd.s          f16, f16, f7, f17   f16=xxxxxxxx f16:4294050b  f7:40fe97f4 f17:433a60e1
18127004ns          307466 1c00869c 1066f353 fmul.s           f6, f13, f6          f6=xxxxxxxx f13:40fba772  f6:40720289
18127024ns          307467 1c0086a0 0c852883 lw               x17, 200(x10)       x17=4066c7ec x10:1c010e34  PA:1c010efc
18127322ns          307482 1c0086a4 0147a383 lw               x7, 20(x15)          x7=40e12778 x15:1c010958  PA:1c01096c
18127620ns          307497 1c0086a8 80837343 fmadd.s          f6, f6, f8, f16      f6=xxxxxxxx  f6:41ede6c8  f8:409ead56 f16:4441cd15
18127640ns          307498 1c0086ac 1116f8d3 fmul.s           f17, f13, f17       f17=xxxxxxxx f13:40fba772 f17:4066c7ec
18127660ns          307499 1c0086b0 0f052803 lw               x16, 240(x10)       x16=400fa319 x10:1c010e34  PA:1c010f24
18127978ns          307515 1c0086b4 0187a403 lw               x8, 24(x15)          x8=4054f963 x15:1c010958  PA:1c010970
18128277ns          307530 1c0086b6 3078f8c3 fmadd.s          f17, f17, f7, f6    f17=xxxxxxxx f17:41e2dcf8  f7:40e12778  f6:4466aa76
18128297ns          307531 1c0086ba 1106f853 fmul.s           f16, f13, f16       f16=xxxxxxxx f13:40fba772 f16:400fa319
18128317ns          307532 1c0086be 11852303 lw               x6, 280(x10)         x6=3e075666 x10:1c010e34  PA:1c010f4c
18128615ns          307547 1c0086c2 01c7a383 lw               x7, 28(x15)          x7=4050f13b x15:1c010958  PA:1c010974
18128913ns          307562 1c0086c6 88887843 fmadd.s          f16, f16, f8, f17   f16=xxxxxxxx f16:418d32dd  f8:4054f963 f17:448c4621
18128933ns          307563 1c0086ca 1066f353 fmul.s           f6, f13, f6          f6=xxxxxxxx f13:40fba772  f6:3e075666
18128953ns          307564 1c0086ce 14052883 lw               x17, 320(x10)       x17=4012cf60 x10:1c010e34  PA:1c010f74
18129251ns          307579 1c0086d2 0207a403 lw               x8, 32(x15)          x8=40904b8b x15:1c010958  PA:1c010978
18129550ns          307594 1c0086d4 80737343 fmadd.s          f6, f6, f7, f16      f6=xxxxxxxx  f6:3f850a3c  f7:4050f13b f16:44939d9c
18129570ns          307595 1c0086d8 1116f8d3 fmul.s           f17, f13, f17       f17=xxxxxxxx f13:40fba772 f17:4012cf60
18129590ns          307596 1c0086dc 16852803 lw               x16, 360(x10)       x16=40f08281 x10:1c010e34  PA:1c010f9c
18129888ns          307611 1c0086e0 0247a383 lw               x7, 36(x15)          x7=40906e67 x15:1c010958  PA:1c01097c
18130186ns          307626 1c0086e4 3088f8c3 fmadd.s          f17, f17, f8, f6    f17=xxxxxxxx f17:4190515a  f8:40904b8b  f6:44940a32
18130206ns          307627 1c0086e8 1106f853 fmul.s           f16, f13, f16       f16=xxxxxxxx f13:40fba772 f16:40f08281
18130226ns          307628 1c0086ec 000ea303 lw               x6, 0(x29)           x6=3f2c13dd x29:10000fc4  PA:10000fc4
18130246ns          307629 1c0086f0 02878793 addi             x15, x15, 40        x15=1c010980 x15:1c010958
18130266ns          307630 1c0086f4 88787843 fmadd.s          f16, f16, f7, f17   f16=xxxxxxxx f16:426c6d45  f7:40906e67 f17:449e353d
18130286ns          307631 1c0086f8 80e37843 fmadd.s          f16, f6, f14, f16   f16=xxxxxxxx  f6:3f2c13dd f14:41063542 f16:44bf8e18
18130306ns          307632 1c0086fc 030ea42b p.sw             x16, 40(x29!)       x29=10000fec x16:44c04284 x29:10000fc4  PA:10000fc4
18130326ns          307633 1c008700 00460613 addi             x12, x12, 4         x12=10000e60 x12:10000e5c
18130345ns          307634 1c008702 00450513 addi             x10, x10, 4         x10=1c010e38 x10:1c010e34
18130385ns          307636 1c008632 40b28e33 sub              x28, x5, x11        x28=00000190  x5:1c010980 x11:1c0107f0
18130405ns          307637 1c008636 fd8e0e13 addi             x28, x28, -40       x28=00000168 x28:00000190
18130425ns          307638 1c00863a 0cccd7b7 lui              x15, 0xcccd000      x15=0cccd000
18130445ns          307639 1c00863e ccd78793 addi             x15, x15, -819      x15=0ccccccd x15:0cccd000
18130465ns          307640 1c008642 003e5e13 srli             x28, x28, 0x3       x28=0000002d x28:00000168
18130485ns          307641 1c008646 02fe0e33 mul              x28, x28, x15       x28=40000009 x28:0000002d x15:0ccccccd
18130505ns          307642 1c00864a c5de3e33 p.bclr           x28, x28, 2, 29     x28=00000009 x28:40000009
18130524ns          307643 1c00864e 00b007b3 add              x15, x0, x11        x15=1c0107f0 x11:1c0107f0
18130544ns          307644 1c008650 00c00eb3 add              x29, x0, x12        x29=10000e60 x12:10000e60
18130564ns          307645 1c008652 001e0e13 addi             x28, x28, 1         x28=0000000a x28:00000009
18130584ns          307646 1c008654 054e40fb lp.setup         0x1, x28, 0x54      x28:0000000a
18130604ns          307647 1c008658 00052803 lw               x16, 0(x10)         x16=406e4788 x10:1c010e38  PA:1c010e38
18130902ns          307662 1c00865c 0007a883 lw               x17, 0(x15)         x17=40c92fdf x15:1c0107f0  PA:1c0107f0
18131201ns          307677 1c008660 1106f853 fmul.s           f16, f13, f16       f16=xxxxxxxx f13:40fba772 f16:406e4788
18131221ns          307678 1c008664 02852303 lw               x6, 40(x10)          x6=4030d734 x10:1c010e38  PA:1c010e60
18131519ns          307693 1c008668 0047a383 lw               x7, 4(x15)           x7=4042e596 x15:1c0107f0  PA:1c0107f4
18131817ns          307708 1c00866c f1187843 fmadd.s          f16, f16, f17, f30  f16=xxxxxxxx f16:41ea3bfd f17:40c92fdf f30:00000000
18131837ns          307709 1c008670 1066f353 fmul.s           f6, f13, f6          f6=xxxxxxxx f13:40fba772  f6:4030d734
18131857ns          307710 1c008674 05052883 lw               x17, 80(x10)        x17=40f027b8 x10:1c010e38  PA:1c010e88
18132155ns          307725 1c008678 0087a403 lw               x8, 8(x15)           x8=3feabde7 x15:1c0107f0  PA:1c0107f8
18132454ns          307740 1c00867a 80737343 fmadd.s          f6, f6, f7, f16      f6=xxxxxxxx  f6:41add6ab  f7:4042e596 f16:433814e7
18132474ns          307741 1c00867e 1116f8d3 fmul.s           f17, f13, f17       f17=xxxxxxxx f13:40fba772 f17:40f027b8
18132494ns          307742 1c008682 07852803 lw               x16, 120(x10)       x16=410521e1 x10:1c010e38  PA:1c010eb0
18132792ns          307757 1c008686 00c7a383 lw               x7, 12(x15)          x7=40d34100 x15:1c0107f0  PA:1c0107fc
18133090ns          307772 1c00868a 3088f8c3 fmadd.s          f17, f17, f8, f6    f17=xxxxxxxx f17:426c1406  f8:3feabde7  f6:437a4131
18133110ns          307773 1c00868e 1106f853 fmul.s           f16, f13, f16       f16=xxxxxxxx f13:40fba772 f16:410521e1
18133130ns          307774 1c008692 0a052303 lw               x6, 160(x10)         x6=3e19abcc x10:1c010e38  PA:1c010ed8
18133428ns          307789 1c008696 0107a403 lw               x8, 16(x15)          x8=3f85525e x15:1c0107f0  PA:1c010800
18133727ns          307804 1c008698 88787843 fmadd.s          f16, f16, f7, f17   f16=xxxxxxxx f16:4282df4c  f7:40d34100 f17:43b33ef4
18133747ns          307805 1c00869c 1066f353 fmul.s           f6, f13, f6          f6=xxxxxxxx f13:40fba772  f6:3e19abcc
18133767ns          307806 1c0086a0 0c852883 lw               x17, 200(x10)       x17=3fdc7e5d x10:1c010e38  PA:1c010f00
18134065ns          307821 1c0086a4 0147a383 lw               x7, 20(x15)          x7=403c1513 x15:1c0107f0  PA:1c010804
18134363ns          307836 1c0086a8 80837343 fmadd.s          f6, f6, f8, f16      f6=xxxxxxxx  f6:3f970ff5  f8:3f85525e f16:44459ec0
18134383ns          307837 1c0086ac 1116f8d3 fmul.s           f17, f13, f17       f17=xxxxxxxx f13:40fba772 f17:3fdc7e5d
18134403ns          307838 1c0086b0 0f052803 lw               x16, 240(x10)       x16=411e5fb6 x10:1c010e38  PA:1c010f28
18134721ns          307854 1c0086b4 0187a403 lw               x8, 24(x15)          x8=40c53516 x15:1c0107f0  PA:1c010808
18135020ns          307869 1c0086b6 3078f8c3 fmadd.s          f17, f17, f7, f6    f17=xxxxxxxx f17:4158c01e  f7:403c1513  f6:4445ed6c
18135040ns          307870 1c0086ba 1106f853 fmul.s           f16, f13, f16       f16=xxxxxxxx f13:40fba772 f16:411e5fb6
18135059ns          307871 1c0086be 11852303 lw               x6, 280(x10)         x6=3f755d2b x10:1c010e38  PA:1c010f50
18135358ns          307886 1c0086c2 01c7a383 lw               x7, 28(x15)          x7=3f94ed63 x15:1c0107f0  PA:1c01080c
18135656ns          307901 1c0086c6 88887843 fmadd.s          f16, f16, f8, f17   f16=xxxxxxxx f16:429baf6e  f8:40c53516 f17:444fe15b
18135676ns          307902 1c0086ca 1066f353 fmul.s           f6, f13, f6          f6=xxxxxxxx f13:40fba772  f6:3f755d2b
18135696ns          307903 1c0086ce 14052883 lw               x17, 320(x10)       x17=4025d93d x10:1c010e38  PA:1c010f78
18136014ns          307919 1c0086d2 0207a403 lw               x8, 32(x15)          x8=3f2ec91c x15:1c0107f0  PA:1c010810
18136313ns          307934 1c0086d4 80737343 fmadd.s          f6, f6, f7, f16      f6=xxxxxxxx  f6:40f132d6  f7:3f94ed63 f16:44a3e7d2
18136333ns          307935 1c0086d8 1116f8d3 fmul.s           f17, f13, f17       f17=xxxxxxxx f13:40fba772 f17:4025d93d
18136352ns          307936 1c0086dc 16852803 lw               x16, 360(x10)       x16=40cca285 x10:1c010e38  PA:1c010fa0
18136651ns          307951 1c0086e0 0247a383 lw               x7, 36(x15)          x7=40e4781f x15:1c0107f0  PA:1c010814
18136949ns          307966 1c0086e4 3088f8c3 fmadd.s          f17, f17, f8, f6    f17=xxxxxxxx f17:41a30879  f8:3f2ec91c  f6:44a50074
18136969ns          307967 1c0086e8 1106f853 fmul.s           f16, f13, f16       f16=xxxxxxxx f13:40fba772 f16:40cca285
18136989ns          307968 1c0086ec 000ea303 lw               x6, 0(x29)           x6=3f4fc9b5 x29:10000e60  PA:10000e60
18137009ns          307969 1c0086f0 02878793 addi             x15, x15, 40        x15=1c010818 x15:1c0107f0
18137029ns          307970 1c0086f4 88787843 fmadd.s          f16, f16, f7, f17   f16=xxxxxxxx f16:42492932  f7:40e4781f f17:44a6bdb3
18137049ns          307971 1c0086f8 80e37843 fmadd.s          f16, f6, f14, f16   f16=xxxxxxxx  f6:3f4fc9b5 f14:41063542 f16:44d39f78
18137068ns          307972 1c0086fc 030ea42b p.sw             x16, 40(x29!)       x29=10000e88 x16:44d47956 x29:10000e60  PA:10000e60
18137088ns          307973 1c008658 00052803 lw               x16, 0(x10)         x16=406e4788 x10:1c010e38  PA:1c010e38
18137387ns          307988 1c00865c 0007a883 lw               x17, 0(x15)         x17=3f272773 x15:1c010818  PA:1c010818
18137685ns          308003 1c008660 1106f853 fmul.s           f16, f13, f16       f16=xxxxxxxx f13:40fba772 f16:406e4788
18137705ns          308004 1c008664 02852303 lw               x6, 40(x10)          x6=4030d734 x10:1c010e38  PA:1c010e60
18138003ns          308019 1c008668 0047a383 lw               x7, 4(x15)           x7=40fbcae6 x15:1c010818  PA:1c01081c
18138302ns          308034 1c00866c f1187843 fmadd.s          f16, f16, f17, f30  f16=xxxxxxxx f16:41ea3bfd f17:3f272773 f30:00000000
18138322ns          308035 1c008670 1066f353 fmul.s           f6, f13, f6          f6=xxxxxxxx f13:40fba772  f6:4030d734
18138341ns          308036 1c008674 05052883 lw               x17, 80(x10)        x17=40f027b8 x10:1c010e38  PA:1c010e88
18138660ns          308052 1c008678 0087a403 lw               x8, 8(x15)           x8=3da795cc x15:1c010818  PA:1c010820
18138958ns          308067 1c00867a 80737343 fmadd.s          f6, f6, f7, f16      f6=xxxxxxxx  f6:41add6ab  f7:40fbcae6 f16:4198f13a
18138978ns          308068 1c00867e 1116f8d3 fmul.s           f17, f13, f17       f17=xxxxxxxx f13:40fba772 f17:40f027b8
18138998ns          308069 1c008682 07852803 lw               x16, 120(x10)       x16=410521e1 x10:1c010e38  PA:1c010eb0
18139296ns          308084 1c008686 00c7a383 lw               x7, 12(x15)          x7=410c9940 x15:1c010818  PA:1c010824
18139595ns          308099 1c00868a 3088f8c3 fmadd.s          f17, f17, f8, f6    f17=xxxxxxxx f17:426c1406  f8:3da795cc  f6:433e1968
18139614ns          308100 1c00868e 1106f853 fmul.s           f16, f13, f16       f16=xxxxxxxx f13:40fba772 f16:410521e1
18139634ns          308101 1c008692 0a052303 lw               x6, 160(x10)         x6=3e19abcc x10:1c010e38  PA:1c010ed8
18139953ns          308117 1c008696 0107a403 lw               x8, 16(x15)          x8=3f901a6a x15:1c010818  PA:1c010828
18140251ns          308132 1c008698 88787843 fmadd.s          f16, f16, f7, f17   f16=xxxxxxxx f16:4282df4c  f7:410c9940 f17:4342edc2
18140271ns          308133 1c00869c 1066f353 fmul.s           f6, f13, f6          f6=xxxxxxxx f13:40fba772  f6:3e19abcc
18140291ns          308134 1c0086a0 0c852883 lw               x17, 200(x10)       x17=3fdc7e5d x10:1c010e38  PA:1c010f00
18140589ns          308149 1c0086a4 0147a383 lw               x7, 20(x15)          x7=3f9e8be7 x15:1c010818  PA:1c01082c
18140887ns          308164 1c0086a8 80837343 fmadd.s          f6, f6, f8, f16      f6=xxxxxxxx  f6:3f970ff5  f8:3f901a6a f16:44407c5c
18140907ns          308165 1c0086ac 1116f8d3 fmul.s           f17, f13, f17       f17=xxxxxxxx f13:40fba772 f17:3fdc7e5d
18140927ns          308166 1c0086b0 0f052803 lw               x16, 240(x10)       x16=411e5fb6 x10:1c010e38  PA:1c010f28
18141226ns          308181 1c0086b4 0187a403 lw               x8, 24(x15)          x8=4103c6ee x15:1c010818  PA:1c010830
18141524ns          308196 1c0086b6 3078f8c3 fmadd.s          f17, f17, f7, f6    f17=xxxxxxxx f17:4158c01e  f7:3f9e8be7  f6:4440d165
18141544ns          308197 1c0086ba 1106f853 fmul.s           f16, f13, f16       f16=xxxxxxxx f13:40fba772 f16:411e5fb6
18141564ns          308198 1c0086be 11852303 lw               x6, 280(x10)         x6=3f755d2b x10:1c010e38  PA:1c010f50
18141862ns          308213 1c0086c2 01c7a383 lw               x7, 28(x15)          x7=408d0c20 x15:1c010818  PA:1c010834
18142160ns          308228 1c0086c6 88887843 fmadd.s          f16, f16, f8, f17   f16=xxxxxxxx f16:429baf6e  f8:4103c6ee f17:4445034d
18142180ns          308229 1c0086ca 1066f353 fmul.s           f6, f13, f6          f6=xxxxxxxx f13:40fba772  f6:3f755d2b
18142200ns          308230 1c0086ce 14052883 lw               x17, 320(x10)       x17=4025d93d x10:1c010e38  PA:1c010f78
18142499ns          308245 1c0086d2 0207a403 lw               x8, 32(x15)          x8=4067c495 x15:1c010818  PA:1c010838
18142797ns          308260 1c0086d4 80737343 fmadd.s          f6, f6, f7, f16      f6=xxxxxxxx  f6:40f132d6  f7:408d0c20 f16:44b2a566
18142817ns          308261 1c0086d8 1116f8d3 fmul.s           f17, f13, f17       f17=xxxxxxxx f13:40fba772 f17:4025d93d
18142837ns          308262 1c0086dc 16852803 lw               x16, 360(x10)       x16=40cca285 x10:1c010e38  PA:1c010fa0
18143135ns          308277 1c0086e0 0247a383 lw               x7, 36(x15)          x7=409f3d2d x15:1c010818  PA:1c01083c
18143434ns          308292 1c0086e4 3088f8c3 fmadd.s          f17, f17, f8, f6    f17=xxxxxxxx f17:41a30879  f8:4067c495  f6:44b6cc89
18143453ns          308293 1c0086e8 1106f853 fmul.s           f16, f13, f16       f16=xxxxxxxx f13:40fba772 f16:40cca285
18143473ns          308294 1c0086ec 000ea303 lw               x6, 0(x29)           x6=404e4b16 x29:10000e88  PA:10000e88
18143493ns          308295 1c0086f0 02878793 addi             x15, x15, 40        x15=1c010840 x15:1c010818
18143513ns          308296 1c0086f4 88787843 fmadd.s          f16, f16, f7, f17   f16=xxxxxxxx f16:42492932  f7:409f3d2d f17:44c00626
18143533ns          308297 1c0086f8 80e37843 fmadd.s          f16, f6, f14, f16   f16=xxxxxxxx  f6:404e4b16 f14:41063542 f16:44df4e50
18143553ns          308298 1c0086fc 030ea42b p.sw             x16, 40(x29!)       x29=10000eb0 x16:44e2af82 x29:10000e88  PA:10000e88
18143573ns          308299 1c008658 00052803 lw               x16, 0(x10)         x16=406e4788 x10:1c010e38  PA:1c010e38
18143871ns          308314 1c00865c 0007a883 lw               x17, 0(x15)         x17=3f5d3e32 x15:1c010840  PA:1c010840
18144169ns          308329 1c008660 1106f853 fmul.s           f16, f13, f16       f16=xxxxxxxx f13:40fba772 f16:406e4788
18144189ns          308330 1c008664 02852303 lw               x6, 40(x10)          x6=4030d734 x10:1c010e38  PA:1c010e60
18144488ns          308345 1c008668 0047a383 lw               x7, 4(x15)           x7=3fb23088 x15:1c010840  PA:1c010844
18144786ns          308360 1c00866c f1187843 fmadd.s          f16, f16, f17, f30  f16=xxxxxxxx f16:41ea3bfd f17:3f5d3e32 f30:00000000
18144806ns          308361 1c008670 1066f353 fmul.s           f6, f13, f6          f6=xxxxxxxx f13:40fba772  f6:4030d734
18144826ns          308362 1c008674 05052883 lw               x17, 80(x10)        x17=40f027b8 x10:1c010e38  PA:1c010e88
18145124ns          308377 1c008678 0087a403 lw               x8, 8(x15)           x8=40868824 x15:1c010840  PA:1c010848
18145423ns          308392 1c00867a 80737343 fmadd.s          f6, f6, f7, f16      f6=xxxxxxxx  f6:41add6ab  f7:3fb23088 f16:41ca6eb2
18145442ns          308393 1c00867e 1116f8d3 fmul.s           f17, f13, f17       f17=xxxxxxxx f13:40fba772 f17:40f027b8
18145462ns          308394 1c008682 07852803 lw               x16, 120(x10)       x16=410521e1 x10:1c010e38  PA:1c010eb0
18145761ns          308409 1c008686 00c7a383 lw               x7, 12(x15)          x7=40118528 x15:1c010840  PA:1c01084c
18146059ns          308424 1c00868a 3088f8c3 fmadd.s          f17, f17, f8, f6    f17=xxxxxxxx f17:426c1406  f8:40868824  f6:425e3791
18146079ns          308425 1c00868e 1106f853 fmul.s           f16, f13, f16       f16=xxxxxxxx f13:40fba772 f16:410521e1
18146099ns          308426 1c008692 0a052303 lw               x6, 160(x10)         x6=3e19abcc x10:1c010e38  PA:1c010ed8
18146397ns          308441 1c008696 0107a403 lw               x8, 16(x15)          x8=40f2255b x15:1c010840  PA:1c010850
18146715ns          308457 1c008698 88787843 fmadd.s          f16, f16, f7, f17   f16=xxxxxxxx f16:4282df4c  f7:40118528 f17:4397d6f9
18146735ns          308458 1c00869c 1066f353 fmul.s           f6, f13, f6          f6=xxxxxxxx f13:40fba772  f6:3e19abcc
18146755ns          308459 1c0086a0 0c852883 lw               x17, 200(x10)       x17=3fdc7e5d x10:1c010e38  PA:1c010f00
18147054ns          308474 1c0086a4 0147a383 lw               x7, 20(x15)          x7=410d9210 x15:1c010840  PA:1c010854
18147352ns          308489 1c0086a8 80837343 fmadd.s          f6, f6, f8, f16      f6=xxxxxxxx  f6:3f970ff5  f8:40f2255b f16:43e23b86
18147372ns          308490 1c0086ac 1116f8d3 fmul.s           f17, f13, f17       f17=xxxxxxxx f13:40fba772 f17:3fdc7e5d
18147392ns          308491 1c0086b0 0f052803 lw               x16, 240(x10)       x16=411e5fb6 x10:1c010e38  PA:1c010f28
18147690ns          308506 1c0086b4 0187a403 lw               x8, 24(x15)          x8=404f08ae x15:1c010840  PA:1c010858
18148008ns          308522 1c0086b6 3078f8c3 fmadd.s          f17, f17, f7, f6    f17=xxxxxxxx f17:4158c01e  f7:410d9210  f6:43e6b29f
18148028ns          308523 1c0086ba 1106f853 fmul.s           f16, f13, f16       f16=xxxxxxxx f13:40fba772 f16:411e5fb6
18148048ns          308524 1c0086be 11852303 lw               x6, 280(x10)         x6=3f755d2b x10:1c010e38  PA:1c010f50
18148347ns          308539 1c0086c2 01c7a383 lw               x7, 28(x15)          x7=40856e55 x15:1c010840  PA:1c01085c
18148645ns          308554 1c0086c6 88887843 fmadd.s          f16, f16, f8, f17   f16=xxxxxxxx f16:429baf6e  f8:404f08ae f17:441150ae
18148665ns          308555 1c0086ca 1066f353 fmul.s           f6, f13, f6          f6=xxxxxxxx f13:40fba772  f6:3f755d2b
18148685ns          308556 1c0086ce 14052883 lw               x17, 320(x10)       x17=4025d93d x10:1c010e38  PA:1c010f78
18148983ns          308571 1c0086d2 0207a403 lw               x8, 32(x15)          x8=40ad535a x15:1c010840  PA:1c010860
18149301ns          308587 1c0086d4 80737343 fmadd.s          f6, f6, f7, f16      f6=xxxxxxxx  f6:40f132d6  f7:40856e55 f16:445044bf
18149321ns          308588 1c0086d8 1116f8d3 fmul.s           f17, f13, f17       f17=xxxxxxxx f13:40fba772 f17:4025d93d
18149341ns          308589 1c0086dc 16852803 lw               x16, 360(x10)       x16=40cca285 x10:1c010e38  PA:1c010fa0
18149639ns          308604 1c0086e0 0247a383 lw               x7, 36(x15)          x7=40c3d18a x15:1c010840  PA:1c010864
18149938ns          308619 1c0086e4 3088f8c3 fmadd.s          f17, f17, f8, f6    f17=xxxxxxxx f17:41a30879  f8:40ad535a  f6:44582035
18149958ns          308620 1c0086e8 1106f853 fmul.s           f16, f13, f16       f16=xxxxxxxx f13:40fba772 f16:40cca285
18149978ns          308621 1c0086ec 000ea303 lw               x6, 0(x29)           x6=408c0c5b x29:10000eb0  PA:10000eb0
18149997ns          308622 1c0086f0 02878793 addi             x15, x15, 40        x15=1c010868 x15:1c010840
18150017ns          308623 1c0086f4 88787843 fmadd.s          f16, f16, f7, f17   f16=xxxxxxxx f16:42492932  f7:40c3d18a f17:4473b8a9
18150037ns          308624 1c0086f8 80e37843 fmadd.s          f16, f6, f14, f16   f16=xxxxxxxx  f6:408c0c5b f14:41063542 f16:44a05417
18150057ns          308625 1c0086fc 030ea42b p.sw             x16, 40(x29!)       x29=10000ed8 x16:44a4ead1 x29:10000eb0  PA:10000eb0
18150077ns          308626 1c008658 00052803 lw               x16, 0(x10)         x16=406e4788 x10:1c010e38  PA:1c010e38
18150375ns          308641 1c00865c 0007a883 lw               x17, 0(x15)         x17=406f2a46 x15:1c010868  PA:1c010868
18150694ns          308657 1c008660 1106f853 fmul.s           f16, f13, f16       f16=xxxxxxxx f13:40fba772 f16:406e4788
18150714ns          308658 1c008664 02852303 lw               x6, 40(x10)          x6=4030d734 x10:1c010e38  PA:1c010e60
18151012ns          308673 1c008668 0047a383 lw               x7, 4(x15)           x7=3dd5cc68 x15:1c010868  PA:1c01086c
18151310ns          308688 1c00866c f1187843 fmadd.s          f16, f16, f17, f30  f16=xxxxxxxx f16:41ea3bfd f17:406f2a46 f30:00000000
18151330ns          308689 1c008670 1066f353 fmul.s           f6, f13, f6          f6=xxxxxxxx f13:40fba772  f6:4030d734
18151350ns          308690 1c008674 05052883 lw               x17, 80(x10)        x17=40f027b8 x10:1c010e38  PA:1c010e88
18151648ns          308705 1c008678 0087a403 lw               x8, 8(x15)           x8=3f3e56f1 x15:1c010868  PA:1c010870
18151967ns          308721 1c00867a 80737343 fmadd.s          f6, f6, f7, f16      f6=xxxxxxxx  f6:41add6ab  f7:3dd5cc68 f16:42dad4af
18151987ns          308722 1c00867e 1116f8d3 fmul.s           f17, f13, f17       f17=xxxxxxxx f13:40fba772 f17:40f027b8
18152006ns          308723 1c008682 07852803 lw               x16, 120(x10)       x16=410521e1 x10:1c010e38  PA:1c010eb0
18152305ns          308738 1c008686 00c7a383 lw               x7, 12(x15)          x7=3fa5c9e3 x15:1c010868  PA:1c010874
18152603ns          308753 1c00868a 3088f8c3 fmadd.s          f17, f17, f8, f6    f17=xxxxxxxx f17:426c1406  f8:3f3e56f1  f6:42df5e22
18152623ns          308754 1c00868e 1106f853 fmul.s           f16, f13, f16       f16=xxxxxxxx f13:40fba772 f16:410521e1
18152643ns          308755 1c008692 0a052303 lw               x6, 160(x10)         x6=3e19abcc x10:1c010e38  PA:1c010ed8
18152941ns          308770 1c008696 0107a403 lw               x8, 16(x15)          x8=3f2ad00d x15:1c010868  PA:1c010878
18153260ns          308786 1c008698 88787843 fmadd.s          f16, f16, f7, f17   f16=xxxxxxxx f16:4282df4c  f7:3fa5c9e3 f17:431b90d3
18153279ns          308787 1c00869c 1066f353 fmul.s           f6, f13, f6          f6=xxxxxxxx f13:40fba772  f6:3e19abcc
18153299ns          308788 1c0086a0 0c852883 lw               x17, 200(x10)       x17=3fdc7e5d x10:1c010e38  PA:1c010f00
18153598ns          308803 1c0086a4 0147a383 lw               x7, 20(x15)          x7=4113cf5d x15:1c010868  PA:1c01087c
18153896ns          308818 1c0086a8 80837343 fmadd.s          f6, f6, f8, f16      f6=xxxxxxxx  f6:3f970ff5  f8:3f2ad00d f16:437051f4
18153916ns          308819 1c0086ac 1116f8d3 fmul.s           f17, f13, f17       f17=xxxxxxxx f13:40fba772 f17:3fdc7e5d
18153936ns          308820 1c0086b0 0f052803 lw               x16, 240(x10)       x16=411e5fb6 x10:1c010e38  PA:1c010f28
18154234ns          308835 1c0086b4 0187a403 lw               x8, 24(x15)          x8=4028cf98 x15:1c010868  PA:1c010880
18154533ns          308850 1c0086b6 3078f8c3 fmadd.s          f17, f17, f7, f6    f17=xxxxxxxx f17:4158c01e  f7:4113cf5d  f6:43711b8b
18154552ns          308851 1c0086ba 1106f853 fmul.s           f16, f13, f16       f16=xxxxxxxx f13:40fba772 f16:411e5fb6
18154572ns          308852 1c0086be 11852303 lw               x6, 280(x10)         x6=3f755d2b x10:1c010e38  PA:1c010f50
18154871ns          308867 1c0086c2 01c7a383 lw               x7, 28(x15)          x7=3fa13eed x15:1c010868  PA:1c010884
18155169ns          308882 1c0086c6 88887843 fmadd.s          f16, f16, f8, f17   f16=xxxxxxxx f16:429baf6e  f8:4028cf98 f17:43b720b7
18155189ns          308883 1c0086ca 1066f353 fmul.s           f6, f13, f6          f6=xxxxxxxx f13:40fba772  f6:3f755d2b
18155209ns          308884 1c0086ce 14052883 lw               x17, 320(x10)       x17=4025d93d x10:1c010e38  PA:1c010f78
18155507ns          308899 1c0086d2 0207a403 lw               x8, 32(x15)          x8=40a9fcb3 x15:1c010868  PA:1c010888
18155806ns          308914 1c0086d4 80737343 fmadd.s          f6, f6, f7, f16      f6=xxxxxxxx  f6:40f132d6  f7:3fa13eed f16:440ee50b
18155825ns          308915 1c0086d8 1116f8d3 fmul.s           f17, f13, f17       f17=xxxxxxxx f13:40fba772 f17:4025d93d
18155845ns          308916 1c0086dc 16852803 lw               x16, 360(x10)       x16=40cca285 x10:1c010e38  PA:1c010fa0
18156144ns          308931 1c0086e0 0247a383 lw               x7, 36(x15)          x7=40bdf671 x15:1c010868  PA:1c01088c
18156442ns          308946 1c0086e4 3088f8c3 fmadd.s          f17, f17, f8, f6    f17=xxxxxxxx f17:41a30879  f8:40a9fcb3  f6:441144bc
18156462ns          308947 1c0086e8 1106f853 fmul.s           f16, f13, f16       f16=xxxxxxxx f13:40fba772 f16:40cca285
18156482ns          308948 1c0086ec 000ea303 lw               x6, 0(x29)           x6=3ef0604f x29:10000ed8  PA:10000ed8
18156502ns          308949 1c0086f0 02878793 addi             x15, x15, 40        x15=1c010890 x15:1c010868
18156522ns          308950 1c0086f4 88787843 fmadd.s          f16, f16, f7, f17   f16=xxxxxxxx f16:42492932  f7:40bdf671 f17:442c551e
18156542ns          308951 1c0086f8 80e37843 fmadd.s          f16, f6, f14, f16   f16=xxxxxxxx  f6:3ef0604f f14:41063542 f16:4476f7a6
18156561ns          308952 1c0086fc 030ea42b p.sw             x16, 40(x29!)       x29=10000f00 x16:4477f3af x29:10000ed8  PA:10000ed8
18156581ns          308953 1c008658 00052803 lw               x16, 0(x10)         x16=406e4788 x10:1c010e38  PA:1c010e38
18156880ns          308968 1c00865c 0007a883 lw               x17, 0(x15)         x17=4119a00a x15:1c010890  PA:1c010890
18157178ns          308983 1c008660 1106f853 fmul.s           f16, f13, f16       f16=xxxxxxxx f13:40fba772 f16:406e4788
18157198ns          308984 1c008664 02852303 lw               x6, 40(x10)          x6=4030d734 x10:1c010e38  PA:1c010e60
18157496ns          308999 1c008668 0047a383 lw               x7, 4(x15)           x7=40642f0b x15:1c010890  PA:1c010894
18157795ns          309014 1c00866c f1187843 fmadd.s          f16, f16, f17, f30  f16=xxxxxxxx f16:41ea3bfd f17:4119a00a f30:00000000
18157815ns          309015 1c008670 1066f353 fmul.s           f6, f13, f6          f6=xxxxxxxx f13:40fba772  f6:4030d734
18157834ns          309016 1c008674 05052883 lw               x17, 80(x10)        x17=40f027b8 x10:1c010e38  PA:1c010e88
18158133ns          309031 1c008678 0087a403 lw               x8, 8(x15)           x8=40ede3a4 x15:1c010890  PA:1c010898
18158431ns          309046 1c00867a 80737343 fmadd.s          f6, f6, f7, f16      f6=xxxxxxxx  f6:41add6ab  f7:40642f0b f16:438c9049
18158451ns          309047 1c00867e 1116f8d3 fmul.s           f17, f13, f17       f17=xxxxxxxx f13:40fba772 f17:40f027b8
18158471ns          309048 1c008682 07852803 lw               x16, 120(x10)       x16=410521e1 x10:1c010e38  PA:1c010eb0
18158769ns          309063 1c008686 00c7a383 lw               x7, 12(x15)          x7=3f84672f x15:1c010890  PA:1c01089c
18159068ns          309078 1c00868a 3088f8c3 fmadd.s          f17, f17, f8, f6    f17=xxxxxxxx f17:426c1406  f8:40ede3a4  f6:43b34d12
18159088ns          309079 1c00868e 1106f853 fmul.s           f16, f13, f16       f16=xxxxxxxx f13:40fba772 f16:410521e1
18159107ns          309080 1c008692 0a052303 lw               x6, 160(x10)         x6=3e19abcc x10:1c010e38  PA:1c010ed8
18159406ns          309095 1c008696 0107a403 lw               x8, 16(x15)          x8=40854cea x15:1c010890  PA:1c0108a0
18159704ns          309110 1c008698 88787843 fmadd.s          f16, f16, f7, f17   f16=xxxxxxxx f16:4282df4c  f7:3f84672f f17:444756c4
18159724ns          309111 1c00869c 1066f353 fmul.s           f6, f13, f6          f6=xxxxxxxx f13:40fba772  f6:3e19abcc
18159744ns          309112 1c0086a0 0c852883 lw               x17, 200(x10)       x17=3fdc7e5d x10:1c010e38  PA:1c010f00
18160042ns          309127 1c0086a4 0147a383 lw               x7, 20(x15)          x7=4100bd62 x15:1c010890  PA:1c0108a4
18160361ns          309143 1c0086a8 80837343 fmadd.s          f6, f6, f8, f16      f6=xxxxxxxx  f6:3f970ff5  f8:40854cea f16:445842bd
18160380ns          309144 1c0086ac 1116f8d3 fmul.s           f17, f13, f17       f17=xxxxxxxx f13:40fba772 f17:3fdc7e5d
18160400ns          309145 1c0086b0 0f052803 lw               x16, 240(x10)       x16=411e5fb6 x10:1c010e38  PA:1c010f28
18160699ns          309160 1c0086b4 0187a403 lw               x8, 24(x15)          x8=4079a1a7 x15:1c010890  PA:1c0108a8
18160997ns          309175 1c0086b6 3078f8c3 fmadd.s          f17, f17, f7, f6    f17=xxxxxxxx f17:4158c01e  f7:4100bd62  f6:44597d60
18161017ns          309176 1c0086ba 1106f853 fmul.s           f16, f13, f16       f16=xxxxxxxx f13:40fba772 f16:411e5fb6
18161037ns          309177 1c0086be 11852303 lw               x6, 280(x10)         x6=3f755d2b x10:1c010e38  PA:1c010f50
18161355ns          309193 1c0086c2 01c7a383 lw               x7, 28(x15)          x7=40ac177a x15:1c010890  PA:1c0108ac
18161653ns          309208 1c0086c6 88887843 fmadd.s          f16, f16, f8, f17   f16=xxxxxxxx f16:429baf6e  f8:4079a1a7 f17:4474bd7a
18161673ns          309209 1c0086ca 1066f353 fmul.s           f6, f13, f6          f6=xxxxxxxx f13:40fba772  f6:3f755d2b
18161693ns          309210 1c0086ce 14052883 lw               x17, 320(x10)       x17=4025d93d x10:1c010e38  PA:1c010f78
18161992ns          309225 1c0086d2 0207a403 lw               x8, 32(x15)          x8=411507cf x15:1c010890  PA:1c0108b0
18162290ns          309240 1c0086d4 80737343 fmadd.s          f6, f6, f7, f16      f6=xxxxxxxx  f6:40f132d6  f7:40ac177a f16:44a052b9
18162310ns          309241 1c0086d8 1116f8d3 fmul.s           f17, f13, f17       f17=xxxxxxxx f13:40fba772 f17:4025d93d
18162330ns          309242 1c0086dc 16852803 lw               x16, 360(x10)       x16=40cca285 x10:1c010e38  PA:1c010fa0
18162648ns          309258 1c0086e0 0247a383 lw               x7, 36(x15)          x7=41055ac8 x15:1c010890  PA:1c0108b4
18162946ns          309273 1c0086e4 3088f8c3 fmadd.s          f17, f17, f8, f6    f17=xxxxxxxx f17:41a30879  f8:411507cf  f6:44a563db
18162966ns          309274 1c0086e8 1106f853 fmul.s           f16, f13, f16       f16=xxxxxxxx f13:40fba772 f16:40cca285
18162986ns          309275 1c0086ec 000ea303 lw               x6, 0(x29)           x6=408da45e x29:10000f00  PA:10000f00
18163006ns          309276 1c0086f0 02878793 addi             x15, x15, 40        x15=1c0108b8 x15:1c010890
18163026ns          309277 1c0086f4 88787843 fmadd.s          f16, f16, f7, f17   f16=xxxxxxxx f16:42492932  f7:41055ac8 f17:44bd1e15
18163046ns          309278 1c0086f8 80e37843 fmadd.s          f16, f6, f14, f16   f16=xxxxxxxx  f6:408da45e f14:41063542 f16:44f182f3
18163066ns          309279 1c0086fc 030ea42b p.sw             x16, 40(x29!)       x29=10000f28 x16:44f6270b x29:10000f00  PA:10000f00
18163086ns          309280 1c008658 00052803 lw               x16, 0(x10)         x16=406e4788 x10:1c010e38  PA:1c010e38
18163384ns          309295 1c00865c 0007a883 lw               x17, 0(x15)         x17=401ca5ad x15:1c0108b8  PA:1c0108b8
18163682ns          309310 1c008660 1106f853 fmul.s           f16, f13, f16       f16=xxxxxxxx f13:40fba772 f16:406e4788
18163702ns          309311 1c008664 02852303 lw               x6, 40(x10)          x6=4030d734 x10:1c010e38  PA:1c010e60
18164020ns          309327 1c008668 0047a383 lw               x7, 4(x15)           x7=4104807b x15:1c0108b8  PA:1c0108bc
18164319ns          309342 1c00866c f1187843 fmadd.s          f16, f16, f17, f30  f16=xxxxxxxx f16:41ea3bfd f17:401ca5ad f30:00000000
18164339ns          309343 1c008670 1066f353 fmul.s           f6, f13, f6          f6=xxxxxxxx f13:40fba772  f6:4030d734
18164359ns          309344 1c008674 05052883 lw               x17, 80(x10)        x17=40f027b8 x10:1c010e38  PA:1c010e88
18164657ns          309359 1c008678 0087a403 lw               x8, 8(x15)           x8=3fa0c982 x15:1c0108b8  PA:1c0108c0
18164955ns          309374 1c00867a 80737343 fmadd.s          f6, f6, f7, f16      f6=xxxxxxxx  f6:41add6ab  f7:4104807b f16:428f5425
18164975ns          309375 1c00867e 1116f8d3 fmul.s           f17, f13, f17       f17=xxxxxxxx f13:40fba772 f17:40f027b8
18164995ns          309376 1c008682 07852803 lw               x16, 120(x10)       x16=410521e1 x10:1c010e38  PA:1c010eb0
18165313ns          309392 1c008686 00c7a383 lw               x7, 12(x15)          x7=408f6bde x15:1c0108b8  PA:1c0108c4
18165612ns          309407 1c00868a 3088f8c3 fmadd.s          f17, f17, f8, f6    f17=xxxxxxxx f17:426c1406  f8:3fa0c982  f6:437b9df1
18165632ns          309408 1c00868e 1106f853 fmul.s           f16, f13, f16       f16=xxxxxxxx f13:40fba772 f16:410521e1
18165651ns          309409 1c008692 0a052303 lw               x6, 160(x10)         x6=3e19abcc x10:1c010e38  PA:1c010ed8
18165950ns          309424 1c008696 0107a403 lw               x8, 16(x15)          x8=40843960 x15:1c0108b8  PA:1c0108c8
18166248ns          309439 1c008698 88787843 fmadd.s          f16, f16, f7, f17   f16=xxxxxxxx f16:4282df4c  f7:408f6bde f17:43a2e08e
18166268ns          309440 1c00869c 1066f353 fmul.s           f6, f13, f6          f6=xxxxxxxx f13:40fba772  f6:3e19abcc
18166288ns          309441 1c0086a0 0c852883 lw               x17, 200(x10)       x17=3fdc7e5d x10:1c010e38  PA:1c010f00
18166606ns          309457 1c0086a4 0147a383 lw               x7, 20(x15)          x7=40ca1d6a x15:1c0108b8  PA:1c0108cc
18166905ns          309472 1c0086a8 80837343 fmadd.s          f6, f6, f8, f16      f6=xxxxxxxx  f6:3f970ff5  f8:40843960 f16:441ac227
18166924ns          309473 1c0086ac 1116f8d3 fmul.s           f17, f13, f17       f17=xxxxxxxx f13:40fba772 f17:3fdc7e5d
18166944ns          309474 1c0086b0 0f052803 lw               x16, 240(x10)       x16=411e5fb6 x10:1c010e38  PA:1c010f28
18167243ns          309489 1c0086b4 0187a403 lw               x8, 24(x15)          x8=40329514 x15:1c0108b8  PA:1c0108d0
18167541ns          309504 1c0086b6 3078f8c3 fmadd.s          f17, f17, f7, f6    f17=xxxxxxxx f17:4158c01e  f7:40ca1d6a  f6:441bfa3f
18167561ns          309505 1c0086ba 1106f853 fmul.s           f16, f13, f16       f16=xxxxxxxx f13:40fba772 f16:411e5fb6
18167581ns          309506 1c0086be 11852303 lw               x6, 280(x10)         x6=3f755d2b x10:1c010e38  PA:1c010f50
18167899ns          309522 1c0086c2 01c7a383 lw               x7, 28(x15)          x7=41042b0b x15:1c0108b8  PA:1c0108d4
18168197ns          309537 1c0086c6 88887843 fmadd.s          f16, f16, f8, f17   f16=xxxxxxxx f16:429baf6e  f8:40329514 f17:44315e4f
18168217ns          309538 1c0086ca 1066f353 fmul.s           f6, f13, f6          f6=xxxxxxxx f13:40fba772  f6:3f755d2b
18168237ns          309539 1c0086ce 14052883 lw               x17, 320(x10)       x17=4025d93d x10:1c010e38  PA:1c010f78
18168536ns          309554 1c0086d2 0207a403 lw               x8, 32(x15)          x8=4116f4ed x15:1c0108b8  PA:1c0108d8
18168834ns          309569 1c0086d4 80737343 fmadd.s          f6, f6, f7, f16      f6=xxxxxxxx  f6:40f132d6  f7:41042b0b f16:4467aba1
18168854ns          309570 1c0086d8 1116f8d3 fmul.s           f17, f13, f17       f17=xxxxxxxx f13:40fba772 f17:4025d93d
18168874ns          309571 1c0086dc 16852803 lw               x16, 360(x10)       x16=40cca285 x10:1c010e38  PA:1c010fa0
18169172ns          309586 1c0086e0 0247a383 lw               x7, 36(x15)          x7=40d1fecf x15:1c0108b8  PA:1c0108dc
18169471ns          309601 1c0086e4 3088f8c3 fmadd.s          f17, f17, f8, f6    f17=xxxxxxxx f17:41a30879  f8:4116f4ed  f6:44773c7a
18169490ns          309602 1c0086e8 1106f853 fmul.s           f16, f13, f16       f16=xxxxxxxx f13:40fba772 f16:40cca285
18169510ns          309603 1c0086ec 000ea303 lw               x6, 0(x29)           x6=40c584c8 x29:10000f28  PA:10000f28
18169530ns          309604 1c0086f0 02878793 addi             x15, x15, 40        x15=1c0108e0 x15:1c0108b8
18169550ns          309605 1c0086f4 88787843 fmadd.s          f16, f16, f7, f17   f16=xxxxxxxx f16:42492932  f7:40d1fecf f17:4493a6f9
18169570ns          309606 1c0086f8 80e37843 fmadd.s          f16, f6, f14, f16   f16=xxxxxxxx  f6:40c584c8 f14:41063542 f16:44bce7b0
18169590ns          309607 1c0086fc 030ea42b p.sw             x16, 40(x29!)       x29=10000f50 x16:44c3607a x29:10000f28  PA:10000f28
18169610ns          309608 1c008658 00052803 lw               x16, 0(x10)         x16=406e4788 x10:1c010e38  PA:1c010e38
18169908ns          309623 1c00865c 0007a883 lw               x17, 0(x15)         x17=40a54233 x15:1c0108e0  PA:1c0108e0
18170206ns          309638 1c008660 1106f853 fmul.s           f16, f13, f16       f16=xxxxxxxx f13:40fba772 f16:406e4788
18170226ns          309639 1c008664 02852303 lw               x6, 40(x10)          x6=4030d734 x10:1c010e38  PA:1c010e60
18170525ns          309654 1c008668 0047a383 lw               x7, 4(x15)           x7=4093ed2a x15:1c0108e0  PA:1c0108e4
18170823ns          309669 1c00866c f1187843 fmadd.s          f16, f16, f17, f30  f16=xxxxxxxx f16:41ea3bfd f17:40a54233 f30:00000000
18170843ns          309670 1c008670 1066f353 fmul.s           f6, f13, f6          f6=xxxxxxxx f13:40fba772  f6:4030d734
18170863ns          309671 1c008674 05052883 lw               x17, 80(x10)        x17=40f027b8 x10:1c010e38  PA:1c010e88
18171161ns          309686 1c008678 0087a403 lw               x8, 8(x15)           x8=40fe6095 x15:1c0108e0  PA:1c0108e8
18171460ns          309701 1c00867a 80737343 fmadd.s          f6, f6, f7, f16      f6=xxxxxxxx  f6:41add6ab  f7:4093ed2a f16:4317353c
18171479ns          309702 1c00867e 1116f8d3 fmul.s           f17, f13, f17       f17=xxxxxxxx f13:40fba772 f17:40f027b8
18171499ns          309703 1c008682 07852803 lw               x16, 120(x10)       x16=410521e1 x10:1c010e38  PA:1c010eb0
18171798ns          309718 1c008686 00c7a383 lw               x7, 12(x15)          x7=3e9d6a6e x15:1c0108e0  PA:1c0108ec
18172096ns          309733 1c00868a 3088f8c3 fmadd.s          f17, f17, f8, f6    f17=xxxxxxxx f17:426c1406  f8:40fe6095  f6:437ba88c
18172116ns          309734 1c00868e 1106f853 fmul.s           f16, f13, f16       f16=xxxxxxxx f13:40fba772 f16:410521e1
18172136ns          309735 1c008692 0a052303 lw               x6, 160(x10)         x6=3e19abcc x10:1c010e38  PA:1c010ed8
18172434ns          309750 1c008696 0107a403 lw               x8, 16(x15)          x8=4092d176 x15:1c0108e0  PA:1c0108f0
18172733ns          309765 1c008698 88787843 fmadd.s          f16, f16, f7, f17   f16=xxxxxxxx f16:4282df4c  f7:3e9d6a6e f17:4434349a
18172752ns          309766 1c00869c 1066f353 fmul.s           f6, f13, f6          f6=xxxxxxxx f13:40fba772  f6:3e19abcc
18172772ns          309767 1c0086a0 0c852883 lw               x17, 200(x10)       x17=3fdc7e5d x10:1c010e38  PA:1c010f00
18173071ns          309782 1c0086a4 0147a383 lw               x7, 20(x15)          x7=4088f69f x15:1c0108e0  PA:1c0108f4
18173369ns          309797 1c0086a8 80837343 fmadd.s          f6, f6, f8, f16      f6=xxxxxxxx  f6:3f970ff5  f8:4092d176 f16:44393c30
18173389ns          309798 1c0086ac 1116f8d3 fmul.s           f17, f13, f17       f17=xxxxxxxx f13:40fba772 f17:3fdc7e5d
18173409ns          309799 1c0086b0 0f052803 lw               x16, 240(x10)       x16=411e5fb6 x10:1c010e38  PA:1c010f28
18173707ns          309814 1c0086b4 0187a403 lw               x8, 24(x15)          x8=40f68caa x15:1c0108e0  PA:1c0108f8
18174006ns          309829 1c0086b6 3078f8c3 fmadd.s          f17, f17, f7, f6    f17=xxxxxxxx f17:4158c01e  f7:4088f69f  f6:443a96bb
18174025ns          309830 1c0086ba 1106f853 fmul.s           f16, f13, f16       f16=xxxxxxxx f13:40fba772 f16:411e5fb6
18174045ns          309831 1c0086be 11852303 lw               x6, 280(x10)         x6=3f755d2b x10:1c010e38  PA:1c010f50
18174344ns          309846 1c0086c2 01c7a383 lw               x7, 28(x15)          x7=411e9abf x15:1c0108e0  PA:1c0108fc
18174662ns          309862 1c0086c6 88887843 fmadd.s          f16, f16, f8, f17   f16=xxxxxxxx f16:429baf6e  f8:40f68caa f17:44491597
18174682ns          309863 1c0086ca 1066f353 fmul.s           f6, f13, f6          f6=xxxxxxxx f13:40fba772  f6:3f755d2b
18174702ns          309864 1c0086ce 14052883 lw               x17, 320(x10)       x17=4025d93d x10:1c010e38  PA:1c010f78
18175000ns          309879 1c0086d2 0207a403 lw               x8, 32(x15)          x8=40f8cdf4 x15:1c0108e0  PA:1c010900
18175298ns          309894 1c0086d4 80737343 fmadd.s          f6, f6, f7, f16      f6=xxxxxxxx  f6:40f132d6  f7:411e9abf f16:44af82db
18175318ns          309895 1c0086d8 1116f8d3 fmul.s           f17, f13, f17       f17=xxxxxxxx f13:40fba772 f17:4025d93d
18175338ns          309896 1c0086dc 16852803 lw               x16, 360(x10)       x16=40cca285 x10:1c010e38  PA:1c010fa0
18175637ns          309911 1c0086e0 0247a383 lw               x7, 36(x15)          x7=400dc23e x15:1c0108e0  PA:1c010904
18175955ns          309927 1c0086e4 3088f8c3 fmadd.s          f17, f17, f8, f6    f17=xxxxxxxx f17:41a30879  f8:40f8cdf4  f6:44b8d9ce
18175975ns          309928 1c0086e8 1106f853 fmul.s           f16, f13, f16       f16=xxxxxxxx f13:40fba772 f16:40cca285
18175995ns          309929 1c0086ec 000ea303 lw               x6, 0(x29)           x6=4028f103 x29:10000f50  PA:10000f50
18176015ns          309930 1c0086f0 02878793 addi             x15, x15, 40        x15=1c010908 x15:1c0108e0
18176034ns          309931 1c0086f4 88787843 fmadd.s          f16, f16, f7, f17   f16=xxxxxxxx f16:42492932  f7:400dc23e f17:44cca83a
18176054ns          309932 1c0086f8 80e37843 fmadd.s          f16, f6, f14, f16   f16=xxxxxxxx  f6:4028f103 f14:41063542 f16:44da94c4
18176074ns          309933 1c0086fc 030ea42b p.sw             x16, 40(x29!)       x29=10000f78 x16:44dd594e x29:10000f50  PA:10000f50
18176094ns          309934 1c008658 00052803 lw               x16, 0(x10)         x16=406e4788 x10:1c010e38  PA:1c010e38
18176392ns          309949 1c00865c 0007a883 lw               x17, 0(x15)         x17=40adfed7 x15:1c010908  PA:1c010908
18176691ns          309964 1c008660 1106f853 fmul.s           f16, f13, f16       f16=xxxxxxxx f13:40fba772 f16:406e4788
18176711ns          309965 1c008664 02852303 lw               x6, 40(x10)          x6=4030d734 x10:1c010e38  PA:1c010e60
18177009ns          309980 1c008668 0047a383 lw               x7, 4(x15)           x7=40c5c8e3 x15:1c010908  PA:1c01090c
18177327ns          309996 1c00866c f1187843 fmadd.s          f16, f16, f17, f30  f16=xxxxxxxx f16:41ea3bfd f17:40adfed7 f30:00000000
18177347ns          309997 1c008670 1066f353 fmul.s           f6, f13, f6          f6=xxxxxxxx f13:40fba772  f6:4030d734
18177367ns          309998 1c008674 05052883 lw               x17, 80(x10)        x17=40f027b8 x10:1c010e38  PA:1c010e88
18177665ns          310013 1c008678 0087a403 lw               x8, 8(x15)           x8=3eb2c55f x15:1c010908  PA:1c010910
18177964ns          310028 1c00867a 80737343 fmadd.s          f6, f6, f7, f16      f6=xxxxxxxx  f6:41add6ab  f7:40c5c8e3 f16:431f33b6
18177984ns          310029 1c00867e 1116f8d3 fmul.s           f17, f13, f17       f17=xxxxxxxx f13:40fba772 f17:40f027b8
18178004ns          310030 1c008682 07852803 lw               x16, 120(x10)       x16=410521e1 x10:1c010e38  PA:1c010eb0
18178302ns          310045 1c008686 00c7a383 lw               x7, 12(x15)          x7=3eb000b7 x15:1c010908  PA:1c010914
18178620ns          310061 1c00868a 3088f8c3 fmadd.s          f17, f17, f8, f6    f17=xxxxxxxx f17:426c1406  f8:3eb2c55f  f6:4392c129
18178640ns          310062 1c00868e 1106f853 fmul.s           f16, f13, f16       f16=xxxxxxxx f13:40fba772 f16:410521e1
18178660ns          310063 1c008692 0a052303 lw               x6, 160(x10)         x6=3e19abcc x10:1c010e38  PA:1c010ed8
18178958ns          310078 1c008696 0107a403 lw               x8, 16(x15)          x8=40e294e8 x15:1c010908  PA:1c010918
18179257ns          310093 1c008698 88787843 fmadd.s          f16, f16, f7, f17   f16=xxxxxxxx f16:4282df4c  f7:3eb000b7 f17:439d0ee8
18179277ns          310094 1c00869c 1066f353 fmul.s           f6, f13, f6          f6=xxxxxxxx f13:40fba772  f6:3e19abcc
18179297ns          310095 1c0086a0 0c852883 lw               x17, 200(x10)       x17=3fdc7e5d x10:1c010e38  PA:1c010f00
18179595ns          310110 1c0086a4 0147a383 lw               x7, 20(x15)          x7=401cda14 x15:1c010908  PA:1c01091c
18179913ns          310126 1c0086a8 80837343 fmadd.s          f6, f6, f8, f16      f6=xxxxxxxx  f6:3f970ff5  f8:40e294e8 f16:43a84e24
18179933ns          310127 1c0086ac 1116f8d3 fmul.s           f17, f13, f17       f17=xxxxxxxx f13:40fba772 f17:3fdc7e5d
18179953ns          310128 1c0086b0 0f052803 lw               x16, 240(x10)       x16=411e5fb6 x10:1c010e38  PA:1c010f28
18180251ns          310143 1c0086b4 0187a403 lw               x8, 24(x15)          x8=3ff5493e x15:1c010908  PA:1c010920
18180550ns          310158 1c0086b6 3078f8c3 fmadd.s          f17, f17, f7, f6    f17=xxxxxxxx f17:4158c01e  f7:401cda14  f6:43ac7bc4
18180570ns          310159 1c0086ba 1106f853 fmul.s           f16, f13, f16       f16=xxxxxxxx f13:40fba772 f16:411e5fb6
18180589ns          310160 1c0086be 11852303 lw               x6, 280(x10)         x6=3f755d2b x10:1c010e38  PA:1c010f50
18180888ns          310175 1c0086c2 01c7a383 lw               x7, 28(x15)          x7=4024db73 x15:1c010908  PA:1c010924
18181206ns          310191 1c0086c6 88887843 fmadd.s          f16, f16, f8, f17   f16=xxxxxxxx f16:429baf6e  f8:3ff5493e f17:43bd157b
18181226ns          310192 1c0086ca 1066f353 fmul.s           f6, f13, f6          f6=xxxxxxxx f13:40fba772  f6:3f755d2b
18181246ns          310193 1c0086ce 14052883 lw               x17, 320(x10)       x17=4025d93d x10:1c010e38  PA:1c010f78
18181544ns          310208 1c0086d2 0207a403 lw               x8, 32(x15)          x8=40005e40 x15:1c010908  PA:1c010928
18181843ns          310223 1c0086d4 80737343 fmadd.s          f6, f6, f7, f16      f6=xxxxxxxx  f6:40f132d6  f7:4024db73 f16:4403d599
18181862ns          310224 1c0086d8 1116f8d3 fmul.s           f17, f13, f17       f17=xxxxxxxx f13:40fba772 f17:4025d93d
18181882ns          310225 1c0086dc 16852803 lw               x16, 360(x10)       x16=40cca285 x10:1c010e38  PA:1c010fa0
18182181ns          310240 1c0086e0 0247a383 lw               x7, 36(x15)          x7=40e239a4 x15:1c010908  PA:1c01092c
18182479ns          310255 1c0086e4 3088f8c3 fmadd.s          f17, f17, f8, f6    f17=xxxxxxxx f17:41a30879  f8:40005e40  f6:4408b034
18182499ns          310256 1c0086e8 1106f853 fmul.s           f16, f13, f16       f16=xxxxxxxx f13:40fba772 f16:40cca285
18182519ns          310257 1c0086ec 000ea303 lw               x6, 0(x29)           x6=40e4235d x29:10000f78  PA:10000f78
18182539ns          310258 1c0086f0 02878793 addi             x15, x15, 40        x15=1c010930 x15:1c010908
18182559ns          310259 1c0086f4 88787843 fmadd.s          f16, f16, f7, f17   f16=xxxxxxxx f16:42492932  f7:40e239a4 f17:4412e83c
18182579ns          310260 1c0086f8 80e37843 fmadd.s          f16, f6, f14, f16   f16=xxxxxxxx  f6:40e4235d f14:41063542 f16:446bca11
18182598ns          310261 1c0086fc 030ea42b p.sw             x16, 40(x29!)       x29=10000fa0 x16:447abd50 x29:10000f78  PA:10000f78
18182618ns          310262 1c008658 00052803 lw               x16, 0(x10)         x16=406e4788 x10:1c010e38  PA:1c010e38
18182917ns          310277 1c00865c 0007a883 lw               x17, 0(x15)         x17=4051d560 x15:1c010930  PA:1c010930
18183215ns          310292 1c008660 1106f853 fmul.s           f16, f13, f16       f16=xxxxxxxx f13:40fba772 f16:406e4788
18183235ns          310293 1c008664 02852303 lw               x6, 40(x10)          x6=4030d734 x10:1c010e38  PA:1c010e60
18183533ns          310308 1c008668 0047a383 lw               x7, 4(x15)           x7=40fbbedb x15:1c010930  PA:1c010934
18183832ns          310323 1c00866c f1187843 fmadd.s          f16, f16, f17, f30  f16=xxxxxxxx f16:41ea3bfd f17:4051d560 f30:00000000
18183852ns          310324 1c008670 1066f353 fmul.s           f6, f13, f6          f6=xxxxxxxx f13:40fba772  f6:4030d734
18183871ns          310325 1c008674 05052883 lw               x17, 80(x10)        x17=40f027b8 x10:1c010e38  PA:1c010e88
18184170ns          310340 1c008678 0087a403 lw               x8, 8(x15)           x8=4012e6d7 x15:1c010930  PA:1c010938
18184468ns          310355 1c00867a 80737343 fmadd.s          f6, f6, f7, f16      f6=xxxxxxxx  f6:41add6ab  f7:40fbbedb f16:42bffe35
18184488ns          310356 1c00867e 1116f8d3 fmul.s           f17, f13, f17       f17=xxxxxxxx f13:40fba772 f17:40f027b8
18184508ns          310357 1c008682 07852803 lw               x16, 120(x10)       x16=410521e1 x10:1c010e38  PA:1c010eb0
18184806ns          310372 1c008686 00c7a383 lw               x7, 12(x15)          x7=410be73c x15:1c010930  PA:1c01093c
18185105ns          310387 1c00868a 3088f8c3 fmadd.s          f17, f17, f8, f6    f17=xxxxxxxx f17:426c1406  f8:4012e6d7  f6:43857917
18185125ns          310388 1c00868e 1106f853 fmul.s           f16, f13, f16       f16=xxxxxxxx f13:40fba772 f16:410521e1
18185144ns          310389 1c008692 0a052303 lw               x6, 160(x10)         x6=3e19abcc x10:1c010e38  PA:1c010ed8
18185443ns          310404 1c008696 0107a403 lw               x8, 16(x15)          x8=40e8f76c x15:1c010930  PA:1c010940
18185741ns          310419 1c008698 88787843 fmadd.s          f16, f16, f7, f17   f16=xxxxxxxx f16:4282df4c  f7:410be73c f17:43c9353d
18185761ns          310420 1c00869c 1066f353 fmul.s           f6, f13, f6          f6=xxxxxxxx f13:40fba772  f6:3e19abcc
18185781ns          310421 1c0086a0 0c852883 lw               x17, 200(x10)       x17=3fdc7e5d x10:1c010e38  PA:1c010f00
18186079ns          310436 1c0086a4 0147a383 lw               x7, 20(x15)          x7=40a8711a x15:1c010930  PA:1c010944
18186378ns          310451 1c0086a8 80837343 fmadd.s          f6, f6, f8, f16      f6=xxxxxxxx  f6:3f970ff5  f8:40e8f76c f16:4473a587
18186398ns          310452 1c0086ac 1116f8d3 fmul.s           f17, f13, f17       f17=xxxxxxxx f13:40fba772 f17:3fdc7e5d
18186417ns          310453 1c0086b0 0f052803 lw               x16, 240(x10)       x16=411e5fb6 x10:1c010e38  PA:1c010f28
18186716ns          310468 1c0086b4 0187a403 lw               x8, 24(x15)          x8=408850e7 x15:1c010930  PA:1c010948
18187014ns          310483 1c0086b6 3078f8c3 fmadd.s          f17, f17, f7, f6    f17=xxxxxxxx f17:4158c01e  f7:40a8711a  f6:4475cb69
18187034ns          310484 1c0086ba 1106f853 fmul.s           f16, f13, f16       f16=xxxxxxxx f13:40fba772 f16:411e5fb6
18187054ns          310485 1c0086be 11852303 lw               x6, 280(x10)         x6=3f755d2b x10:1c010e38  PA:1c010f50
18187352ns          310500 1c0086c2 01c7a383 lw               x7, 28(x15)          x7=40b191c9 x15:1c010930  PA:1c01094c
18187651ns          310515 1c0086c6 88887843 fmadd.s          f16, f16, f8, f17   f16=xxxxxxxx f16:429baf6e  f8:408850e7 f17:4483cf92
18187671ns          310516 1c0086ca 1066f353 fmul.s           f6, f13, f6          f6=xxxxxxxx f13:40fba772  f6:3f755d2b
18187690ns          310517 1c0086ce 14052883 lw               x17, 320(x10)       x17=4025d93d x10:1c010e38  PA:1c010f78
18187989ns          310532 1c0086d2 0207a403 lw               x8, 32(x15)          x8=3e508c5f x15:1c010930  PA:1c010950
18188287ns          310547 1c0086d4 80737343 fmadd.s          f6, f6, f7, f16      f6=xxxxxxxx  f6:40f132d6  f7:40b191c9 f16:44ad42c5
18188307ns          310548 1c0086d8 1116f8d3 fmul.s           f17, f13, f17       f17=xxxxxxxx f13:40fba772 f17:4025d93d
18188327ns          310549 1c0086dc 16852803 lw               x16, 360(x10)       x16=40cca285 x10:1c010e38  PA:1c010fa0
18188625ns          310564 1c0086e0 0247a383 lw               x7, 36(x15)          x7=40868cc1 x15:1c010930  PA:1c010954
18188924ns          310579 1c0086e4 3088f8c3 fmadd.s          f17, f17, f8, f6    f17=xxxxxxxx f17:41a30879  f8:3e508c5f  f6:44b27d31
18188944ns          310580 1c0086e8 1106f853 fmul.s           f16, f13, f16       f16=xxxxxxxx f13:40fba772 f16:40cca285
18188963ns          310581 1c0086ec 000ea303 lw               x6, 0(x29)           x6=3fe57c7c x29:10000fa0  PA:10000fa0
18188983ns          310582 1c0086f0 02878793 addi             x15, x15, 40        x15=1c010958 x15:1c010930
18189003ns          310583 1c0086f4 88787843 fmadd.s          f16, f16, f7, f17   f16=xxxxxxxx f16:42492932  f7:40868cc1 f17:44b30201
18189023ns          310584 1c0086f8 80e37843 fmadd.s          f16, f6, f14, f16   f16=xxxxxxxx  f6:3fe57c7c f14:41063542 f16:44cd708c
18189043ns          310585 1c0086fc 030ea42b p.sw             x16, 40(x29!)       x29=10000fc8 x16:44cf51c8 x29:10000fa0  PA:10000fa0
18189063ns          310586 1c008658 00052803 lw               x16, 0(x10)         x16=406e4788 x10:1c010e38  PA:1c010e38
18189361ns          310601 1c00865c 0007a883 lw               x17, 0(x15)         x17=40858542 x15:1c010958  PA:1c010958
18189680ns          310617 1c008660 1106f853 fmul.s           f16, f13, f16       f16=xxxxxxxx f13:40fba772 f16:406e4788
18189699ns          310618 1c008664 02852303 lw               x6, 40(x10)          x6=4030d734 x10:1c010e38  PA:1c010e60
18189998ns          310633 1c008668 0047a383 lw               x7, 4(x15)           x7=3fa6a77c x15:1c010958  PA:1c01095c
18190296ns          310648 1c00866c f1187843 fmadd.s          f16, f16, f17, f30  f16=xxxxxxxx f16:41ea3bfd f17:40858542 f30:00000000
18190316ns          310649 1c008670 1066f353 fmul.s           f6, f13, f6          f6=xxxxxxxx f13:40fba772  f6:4030d734
18190336ns          310650 1c008674 05052883 lw               x17, 80(x10)        x17=40f027b8 x10:1c010e38  PA:1c010e88
18190654ns          310666 1c008678 0087a403 lw               x8, 8(x15)           x8=3fb30ee3 x15:1c010958  PA:1c010960
18190953ns          310681 1c00867a 80737343 fmadd.s          f6, f6, f7, f16      f6=xxxxxxxx  f6:41add6ab  f7:3fa6a77c f16:42f45630
18190972ns          310682 1c00867e 1116f8d3 fmul.s           f17, f13, f17       f17=xxxxxxxx f13:40fba772 f17:40f027b8
18190992ns          310683 1c008682 07852803 lw               x16, 120(x10)       x16=410521e1 x10:1c010e38  PA:1c010eb0
18191291ns          310698 1c008686 00c7a383 lw               x7, 12(x15)          x7=40fe97f4 x15:1c010958  PA:1c010964
18191589ns          310713 1c00868a 3088f8c3 fmadd.s          f17, f17, f8, f6    f17=xxxxxxxx f17:426c1406  f8:3fb30ee3  f6:431675d4
18191609ns          310714 1c00868e 1106f853 fmul.s           f16, f13, f16       f16=xxxxxxxx f13:40fba772 f16:410521e1
18191629ns          310715 1c008692 0a052303 lw               x6, 160(x10)         x6=3e19abcc x10:1c010e38  PA:1c010ed8
18191947ns          310731 1c008696 0107a403 lw               x8, 16(x15)          x8=409ead56 x15:1c010958  PA:1c010968
18192245ns          310746 1c008698 88787843 fmadd.s          f16, f16, f7, f17   f16=xxxxxxxx f16:4282df4c  f7:40fe97f4 f17:436905b1
18192265ns          310747 1c00869c 1066f353 fmul.s           f6, f13, f6          f6=xxxxxxxx f13:40fba772  f6:3e19abcc
18192285ns          310748 1c0086a0 0c852883 lw               x17, 200(x10)       x17=3fdc7e5d x10:1c010e38  PA:1c010f00
18192584ns          310763 1c0086a4 0147a383 lw               x7, 20(x15)          x7=40e12778 x15:1c010958  PA:1c01096c
18192882ns          310778 1c0086a8 80837343 fmadd.s          f6, f6, f8, f16      f6=xxxxxxxx  f6:3f970ff5  f8:409ead56 f16:443c68a8
18192902ns          310779 1c0086ac 1116f8d3 fmul.s           f17, f13, f17       f17=xxxxxxxx f13:40fba772 f17:3fdc7e5d
18192922ns          310780 1c0086b0 0f052803 lw               x16, 240(x10)       x16=411e5fb6 x10:1c010e38  PA:1c010f28
18193240ns          310796 1c0086b4 0187a403 lw               x8, 24(x15)          x8=4054f963 x15:1c010958  PA:1c010970
18193538ns          310811 1c0086b6 3078f8c3 fmadd.s          f17, f17, f7, f6    f17=xxxxxxxx f17:4158c01e  f7:40e12778  f6:443ddf31
18193558ns          310812 1c0086ba 1106f853 fmul.s           f16, f13, f16       f16=xxxxxxxx f13:40fba772 f16:411e5fb6
18193578ns          310813 1c0086be 11852303 lw               x6, 280(x10)         x6=3f755d2b x10:1c010e38  PA:1c010f50
18193876ns          310828 1c0086c2 01c7a383 lw               x7, 28(x15)          x7=4050f13b x15:1c010958  PA:1c010974
18194175ns          310843 1c0086c6 88887843 fmadd.s          f16, f16, f8, f17   f16=xxxxxxxx f16:429baf6e  f8:4054f963 f17:4455b37a
18194195ns          310844 1c0086ca 1066f353 fmul.s           f6, f13, f6          f6=xxxxxxxx f13:40fba772  f6:3f755d2b
18194215ns          310845 1c0086ce 14052883 lw               x17, 320(x10)       x17=4025d93d x10:1c010e38  PA:1c010f78
18194533ns          310861 1c0086d2 0207a403 lw               x8, 32(x15)          x8=40904b8b x15:1c010958  PA:1c010978
18194831ns          310876 1c0086d4 80737343 fmadd.s          f6, f6, f7, f16      f6=xxxxxxxx  f6:40f132d6  f7:4050f13b f16:448b3af9
18194851ns          310877 1c0086d8 1116f8d3 fmul.s           f17, f13, f17       f17=xxxxxxxx f13:40fba772 f17:4025d93d
18194871ns          310878 1c0086dc 16852803 lw               x16, 360(x10)       x16=40cca285 x10:1c010e38  PA:1c010fa0
18195169ns          310893 1c0086e0 0247a383 lw               x7, 36(x15)          x7=40906e67 x15:1c010958  PA:1c01097c
18195468ns          310908 1c0086e4 3088f8c3 fmadd.s          f17, f17, f8, f6    f17=xxxxxxxx f17:41a30879  f8:40904b8b  f6:448e4e6b
18195488ns          310909 1c0086e8 1106f853 fmul.s           f16, f13, f16       f16=xxxxxxxx f13:40fba772 f16:40cca285
18195507ns          310910 1c0086ec 000ea303 lw               x6, 0(x29)           x6=406b7a42 x29:10000fc8  PA:10000fc8
18195527ns          310911 1c0086f0 02878793 addi             x15, x15, 40        x15=1c010980 x15:1c010958
18195547ns          310912 1c0086f4 88787843 fmadd.s          f16, f16, f7, f17   f16=xxxxxxxx f16:42492932  f7:40906e67 f17:4499cb07
18195567ns          310913 1c0086f8 80e37843 fmadd.s          f16, f6, f14, f16   f16=xxxxxxxx  f6:406b7a42 f14:41063542 f16:44b62a82
18195587ns          310914 1c0086fc 030ea42b p.sw             x16, 40(x29!)       x29=10000ff0 x16:44ba061a x29:10000fc8  PA:10000fc8
18195607ns          310915 1c008700 00460613 addi             x12, x12, 4         x12=10000e64 x12:10000e60
18195627ns          310916 1c008702 00450513 addi             x10, x10, 4         x10=1c010e3c x10:1c010e38
18195667ns          310918 1c008632 40b28e33 sub              x28, x5, x11        x28=00000190  x5:1c010980 x11:1c0107f0
18195687ns          310919 1c008636 fd8e0e13 addi             x28, x28, -40       x28=00000168 x28:00000190
18195706ns          310920 1c00863a 0cccd7b7 lui              x15, 0xcccd000      x15=0cccd000
18195726ns          310921 1c00863e ccd78793 addi             x15, x15, -819      x15=0ccccccd x15:0cccd000
18195746ns          310922 1c008642 003e5e13 srli             x28, x28, 0x3       x28=0000002d x28:00000168
18195766ns          310923 1c008646 02fe0e33 mul              x28, x28, x15       x28=40000009 x28:0000002d x15:0ccccccd
18195786ns          310924 1c00864a c5de3e33 p.bclr           x28, x28, 2, 29     x28=00000009 x28:40000009
18195806ns          310925 1c00864e 00b007b3 add              x15, x0, x11        x15=1c0107f0 x11:1c0107f0
18195826ns          310926 1c008650 00c00eb3 add              x29, x0, x12        x29=10000e64 x12:10000e64
18195846ns          310927 1c008652 001e0e13 addi             x28, x28, 1         x28=0000000a x28:00000009
18195866ns          310928 1c008654 054e40fb lp.setup         0x1, x28, 0x54      x28:0000000a
18195885ns          310929 1c008658 00052803 lw               x16, 0(x10)         x16=411202bf x10:1c010e3c  PA:1c010e3c
18196184ns          310944 1c00865c 0007a883 lw               x17, 0(x15)         x17=40c92fdf x15:1c0107f0  PA:1c0107f0
18196482ns          310959 1c008660 1106f853 fmul.s           f16, f13, f16       f16=xxxxxxxx f13:40fba772 f16:411202bf
18196502ns          310960 1c008664 02852303 lw               x6, 40(x10)          x6=4103557c x10:1c010e3c  PA:1c010e64
18196800ns          310975 1c008668 0047a383 lw               x7, 4(x15)           x7=4042e596 x15:1c0107f0  PA:1c0107f4
18197099ns          310990 1c00866c f1187843 fmadd.s          f16, f16, f17, f30  f16=xxxxxxxx f16:428f8832 f17:40c92fdf f30:00000000
18197119ns          310991 1c008670 1066f353 fmul.s           f6, f13, f6          f6=xxxxxxxx f13:40fba772  f6:4103557c
18197139ns          310992 1c008674 05052883 lw               x17, 80(x10)        x17=40c8477f x10:1c010e3c  PA:1c010e8c
18197437ns          311007 1c008678 0087a403 lw               x8, 8(x15)           x8=3feabde7 x15:1c0107f0  PA:1c0107f8
18197735ns          311022 1c00867a 80737343 fmadd.s          f6, f6, f7, f16      f6=xxxxxxxx  f6:42811ab8  f7:4042e596 f16:43e1998d
18197755ns          311023 1c00867e 1116f8d3 fmul.s           f17, f13, f17       f17=xxxxxxxx f13:40fba772 f17:40c8477f
18197775ns          311024 1c008682 07852803 lw               x16, 120(x10)       x16=3f86a36d x10:1c010e3c  PA:1c010eb4
18198073ns          311039 1c008686 00c7a383 lw               x7, 12(x15)          x7=40d34100 x15:1c0107f0  PA:1c0107fc
18198372ns          311054 1c00868a 3088f8c3 fmadd.s          f17, f17, f8, f6    f17=xxxxxxxx f17:4244e119  f8:3feabde7  f6:4421f1ca
18198392ns          311055 1c00868e 1106f853 fmul.s           f16, f13, f16       f16=xxxxxxxx f13:40fba772 f16:3f86a36d
18198412ns          311056 1c008692 0a052303 lw               x6, 160(x10)         x6=405e52fb x10:1c010e3c  PA:1c010edc
18198710ns          311071 1c008696 0107a403 lw               x8, 16(x15)          x8=3f85525e x15:1c0107f0  PA:1c010800
18199008ns          311086 1c008698 88787843 fmadd.s          f16, f16, f7, f17   f16=xxxxxxxx f16:41045a4c  f7:40d34100 f17:443882c4
18199028ns          311087 1c00869c 1066f353 fmul.s           f6, f13, f6          f6=xxxxxxxx f13:40fba772  f6:405e52fb
18199048ns          311088 1c0086a0 0c852883 lw               x17, 200(x10)       x17=40d84977 x10:1c010e3c  PA:1c010f04
18199346ns          311103 1c0086a4 0147a383 lw               x7, 20(x15)          x7=403c1513 x15:1c0107f0  PA:1c010804
18199645ns          311118 1c0086a8 80837343 fmadd.s          f6, f6, f8, f16      f6=xxxxxxxx  f6:41da8cc7  f8:3f85525e f16:444629c5
18199665ns          311119 1c0086ac 1116f8d3 fmul.s           f17, f13, f17       f17=xxxxxxxx f13:40fba772 f17:40d84977
18199685ns          311120 1c0086b0 0f052803 lw               x16, 240(x10)       x16=3ffc51c1 x10:1c010e3c  PA:1c010f2c
18199983ns          311135 1c0086b4 0187a403 lw               x8, 24(x15)          x8=40c53516 x15:1c0107f0  PA:1c010808
18200281ns          311150 1c0086b6 3078f8c3 fmadd.s          f17, f17, f7, f6    f17=xxxxxxxx f17:42549d80  f7:403c1513  f6:444d46dc
18200301ns          311151 1c0086ba 1106f853 fmul.s           f16, f13, f16       f16=xxxxxxxx f13:40fba772 f16:3ffc51c1
18200321ns          311152 1c0086be 11852303 lw               x6, 280(x10)         x6=3fb36b18 x10:1c010e3c  PA:1c010f54
18200619ns          311167 1c0086c2 01c7a383 lw               x7, 28(x15)          x7=3f94ed63 x15:1c0107f0  PA:1c01080c
18200918ns          311182 1c0086c6 88887843 fmadd.s          f16, f16, f8, f17   f16=xxxxxxxx f16:41780932  f8:40c53516 f17:44745427
18200938ns          311183 1c0086ca 1066f353 fmul.s           f6, f13, f6          f6=xxxxxxxx f13:40fba772  f6:3fb36b18
18200958ns          311184 1c0086ce 14052883 lw               x17, 320(x10)       x17=40fee373 x10:1c010e3c  PA:1c010f7c
18201276ns          311200 1c0086d2 0207a403 lw               x8, 32(x15)          x8=3f2ec91c x15:1c0107f0  PA:1c010810
18201574ns          311215 1c0086d4 80737343 fmadd.s          f6, f6, f7, f16      f6=xxxxxxxx  f6:41305f5b  f7:3f94ed63 f16:44861b3c
18201594ns          311216 1c0086d8 1116f8d3 fmul.s           f17, f13, f17       f17=xxxxxxxx f13:40fba772 f17:40fee373
18201614ns          311217 1c0086dc 16852803 lw               x16, 360(x10)       x16=4010c024 x10:1c010e3c  PA:1c010fa4
18201912ns          311232 1c0086e0 0247a383 lw               x7, 36(x15)          x7=40e4781f x15:1c0107f0  PA:1c010814
18202211ns          311247 1c0086e4 3088f8c3 fmadd.s          f17, f17, f8, f6    f17=xxxxxxxx f17:427a8fba  f8:3f2ec91c  f6:4487b5a7
18202231ns          311248 1c0086e8 1106f853 fmul.s           f16, f13, f16       f16=xxxxxxxx f13:40fba772 f16:4010c024
18202250ns          311249 1c0086ec 000ea303 lw               x6, 0(x29)           x6=400b5742 x29:10000e64  PA:10000e64
18202270ns          311250 1c0086f0 02878793 addi             x15, x15, 40        x15=1c010818 x15:1c0107f0
18202290ns          311251 1c0086f4 88787843 fmadd.s          f16, f16, f7, f17   f16=xxxxxxxx f16:418e4b11  f7:40e4781f f17:448d0e3b
18202310ns          311252 1c0086f8 80e37843 fmadd.s          f16, f6, f14, f16   f16=xxxxxxxx  f6:400b5742 f14:41063542 f16:449cedef
18202330ns          311253 1c0086fc 030ea42b p.sw             x16, 40(x29!)       x29=10000e8c x16:449f3654 x29:10000e64  PA:10000e64
18202350ns          311254 1c008658 00052803 lw               x16, 0(x10)         x16=411202bf x10:1c010e3c  PA:1c010e3c
18202648ns          311269 1c00865c 0007a883 lw               x17, 0(x15)         x17=3f272773 x15:1c010818  PA:1c010818
18202967ns          311285 1c008660 1106f853 fmul.s           f16, f13, f16       f16=xxxxxxxx f13:40fba772 f16:411202bf
18202986ns          311286 1c008664 02852303 lw               x6, 40(x10)          x6=4103557c x10:1c010e3c  PA:1c010e64
18203285ns          311301 1c008668 0047a383 lw               x7, 4(x15)           x7=40fbcae6 x15:1c010818  PA:1c01081c
18203583ns          311316 1c00866c f1187843 fmadd.s          f16, f16, f17, f30  f16=xxxxxxxx f16:428f8832 f17:3f272773 f30:00000000
18203603ns          311317 1c008670 1066f353 fmul.s           f6, f13, f6          f6=xxxxxxxx f13:40fba772  f6:4103557c
18203623ns          311318 1c008674 05052883 lw               x17, 80(x10)        x17=40c8477f x10:1c010e3c  PA:1c010e8c
18203941ns          311334 1c008678 0087a403 lw               x8, 8(x15)           x8=3da795cc x15:1c010818  PA:1c010820
18204240ns          311349 1c00867a 80737343 fmadd.s          f6, f6, f7, f16      f6=xxxxxxxx  f6:42811ab8  f7:40fbcae6 f16:423b6fee
18204259ns          311350 1c00867e 1116f8d3 fmul.s           f17, f13, f17       f17=xxxxxxxx f13:40fba772 f17:40c8477f
18204279ns          311351 1c008682 07852803 lw               x16, 120(x10)       x16=3f86a36d x10:1c010e3c  PA:1c010eb4
18204578ns          311366 1c008686 00c7a383 lw               x7, 12(x15)          x7=410c9940 x15:1c010818  PA:1c010824
18204876ns          311381 1c00868a 3088f8c3 fmadd.s          f17, f17, f8, f6    f17=xxxxxxxx f17:4244e119  f8:3da795cc  f6:440ab284
18204896ns          311382 1c00868e 1106f853 fmul.s           f16, f13, f16       f16=xxxxxxxx f13:40fba772 f16:3f86a36d
18204916ns          311383 1c008692 0a052303 lw               x6, 160(x10)         x6=405e52fb x10:1c010e3c  PA:1c010edc
18205234ns          311399 1c008696 0107a403 lw               x8, 16(x15)          x8=3f901a6a x15:1c010818  PA:1c010828
18205532ns          311414 1c008698 88787843 fmadd.s          f16, f16, f7, f17   f16=xxxxxxxx f16:41045a4c  f7:410c9940 f17:440bb448
18205552ns          311415 1c00869c 1066f353 fmul.s           f6, f13, f6          f6=xxxxxxxx f13:40fba772  f6:405e52fb
18205572ns          311416 1c0086a0 0c852883 lw               x17, 200(x10)       x17=40d84977 x10:1c010e3c  PA:1c010f04
18205871ns          311431 1c0086a4 0147a383 lw               x7, 20(x15)          x7=3f9e8be7 x15:1c010818  PA:1c01082c
18206169ns          311446 1c0086a8 80837343 fmadd.s          f6, f6, f8, f16      f6=xxxxxxxx  f6:41da8cc7  f8:3f901a6a f16:441de06f
18206189ns          311447 1c0086ac 1116f8d3 fmul.s           f17, f13, f17       f17=xxxxxxxx f13:40fba772 f17:40d84977
18206209ns          311448 1c0086b0 0f052803 lw               x16, 240(x10)       x16=3ffc51c1 x10:1c010e3c  PA:1c010f2c
18206527ns          311464 1c0086b4 0187a403 lw               x8, 24(x15)          x8=4103c6ee x15:1c010818  PA:1c010830
18206825ns          311479 1c0086b6 3078f8c3 fmadd.s          f17, f17, f7, f6    f17=xxxxxxxx f17:42549d80  f7:3f9e8be7  f6:442590cb
18206845ns          311480 1c0086ba 1106f853 fmul.s           f16, f13, f16       f16=xxxxxxxx f13:40fba772 f16:3ffc51c1
18206865ns          311481 1c0086be 11852303 lw               x6, 280(x10)         x6=3fb36b18 x10:1c010e3c  PA:1c010f54
18207163ns          311496 1c0086c2 01c7a383 lw               x7, 28(x15)          x7=408d0c20 x15:1c010818  PA:1c010834
18207462ns          311511 1c0086c6 88887843 fmadd.s          f16, f16, f8, f17   f16=xxxxxxxx f16:41780932  f8:4103c6ee f17:44360678
18207482ns          311512 1c0086ca 1066f353 fmul.s           f6, f13, f6          f6=xxxxxxxx f13:40fba772  f6:3fb36b18
18207502ns          311513 1c0086ce 14052883 lw               x17, 320(x10)       x17=40fee373 x10:1c010e3c  PA:1c010f7c
18207800ns          311528 1c0086d2 0207a403 lw               x8, 32(x15)          x8=4067c495 x15:1c010818  PA:1c010838
18208098ns          311543 1c0086d4 80737343 fmadd.s          f6, f6, f7, f16      f6=xxxxxxxx  f6:41305f5b  f7:408d0c20 f16:4455f1d5
18208118ns          311544 1c0086d8 1116f8d3 fmul.s           f17, f13, f17       f17=xxxxxxxx f13:40fba772 f17:40fee373
18208138ns          311545 1c0086dc 16852803 lw               x16, 360(x10)       x16=4010c024 x10:1c010e3c  PA:1c010fa4
18208436ns          311560 1c0086e0 0247a383 lw               x7, 36(x15)          x7=409f3d2d x15:1c010818  PA:1c01083c
18208735ns          311575 1c0086e4 3088f8c3 fmadd.s          f17, f17, f8, f6    f17=xxxxxxxx f17:427a8fba  f8:4067c495  f6:44621771
18208755ns          311576 1c0086e8 1106f853 fmul.s           f16, f13, f16       f16=xxxxxxxx f13:40fba772 f16:4010c024
18208775ns          311577 1c0086ec 000ea303 lw               x6, 0(x29)           x6=3fd64fd6 x29:10000e8c  PA:10000e8c
18208795ns          311578 1c0086f0 02878793 addi             x15, x15, 40        x15=1c010840 x15:1c010818
18208814ns          311579 1c0086f4 88787843 fmadd.s          f16, f16, f7, f17   f16=xxxxxxxx f16:418e4b11  f7:409f3d2d f17:448d66bc
18208834ns          311580 1c0086f8 80e37843 fmadd.s          f16, f6, f14, f16   f16=xxxxxxxx  f6:3fd64fd6 f14:41063542 f16:44987710
18208854ns          311581 1c0086fc 030ea42b p.sw             x16, 40(x29!)       x29=10000eb4 x16:449a3879 x29:10000e8c  PA:10000e8c
18208874ns          311582 1c008658 00052803 lw               x16, 0(x10)         x16=411202bf x10:1c010e3c  PA:1c010e3c
18209192ns          311598 1c00865c 0007a883 lw               x17, 0(x15)         x17=3f5d3e32 x15:1c010840  PA:1c010840
18209491ns          311613 1c008660 1106f853 fmul.s           f16, f13, f16       f16=xxxxxxxx f13:40fba772 f16:411202bf
18209511ns          311614 1c008664 02852303 lw               x6, 40(x10)          x6=4103557c x10:1c010e3c  PA:1c010e64
18209809ns          311629 1c008668 0047a383 lw               x7, 4(x15)           x7=3fb23088 x15:1c010840  PA:1c010844
18210107ns          311644 1c00866c f1187843 fmadd.s          f16, f16, f17, f30  f16=xxxxxxxx f16:428f8832 f17:3f5d3e32 f30:00000000
18210127ns          311645 1c008670 1066f353 fmul.s           f6, f13, f6          f6=xxxxxxxx f13:40fba772  f6:4103557c
18210147ns          311646 1c008674 05052883 lw               x17, 80(x10)        x17=40c8477f x10:1c010e3c  PA:1c010e8c
18210445ns          311661 1c008678 0087a403 lw               x8, 8(x15)           x8=40868824 x15:1c010840  PA:1c010848
18210744ns          311676 1c00867a 80737343 fmadd.s          f6, f6, f7, f16      f6=xxxxxxxx  f6:42811ab8  f7:3fb23088 f16:427816e4
18210764ns          311677 1c00867e 1116f8d3 fmul.s           f17, f13, f17       f17=xxxxxxxx f13:40fba772 f17:40c8477f
18210784ns          311678 1c008682 07852803 lw               x16, 120(x10)       x16=3f86a36d x10:1c010e3c  PA:1c010eb4
18211082ns          311693 1c008686 00c7a383 lw               x7, 12(x15)          x7=40118528 x15:1c010840  PA:1c01084c
18211380ns          311708 1c00868a 3088f8c3 fmadd.s          f17, f17, f8, f6    f17=xxxxxxxx f17:4244e119  f8:40868824  f6:4317e2c7
18211400ns          311709 1c00868e 1106f853 fmul.s           f16, f13, f16       f16=xxxxxxxx f13:40fba772 f16:3f86a36d
18211420ns          311710 1c008692 0a052303 lw               x6, 160(x10)         x6=405e52fb x10:1c010e3c  PA:1c010edc
18211718ns          311725 1c008696 0107a403 lw               x8, 16(x15)          x8=40f2255b x15:1c010840  PA:1c010850
18212017ns          311740 1c008698 88787843 fmadd.s          f16, f16, f7, f17   f16=xxxxxxxx f16:41045a4c  f7:40118528 f17:43b367ea
18212037ns          311741 1c00869c 1066f353 fmul.s           f6, f13, f6          f6=xxxxxxxx f13:40fba772  f6:405e52fb
18212057ns          311742 1c0086a0 0c852883 lw               x17, 200(x10)       x17=40d84977 x10:1c010e3c  PA:1c010f04
18212355ns          311757 1c0086a4 0147a383 lw               x7, 20(x15)          x7=410d9210 x15:1c010840  PA:1c010854
18212653ns          311772 1c0086a8 80837343 fmadd.s          f6, f6, f8, f16      f6=xxxxxxxx  f6:41da8cc7  f8:40f2255b f16:43bccf6a
18212673ns          311773 1c0086ac 1116f8d3 fmul.s           f17, f13, f17       f17=xxxxxxxx f13:40fba772 f17:40d84977
18212693ns          311774 1c0086b0 0f052803 lw               x16, 240(x10)       x16=3ffc51c1 x10:1c010e3c  PA:1c010f2c
18212991ns          311789 1c0086b4 0187a403 lw               x8, 24(x15)          x8=404f08ae x15:1c010840  PA:1c010858
18213290ns          311804 1c0086b6 3078f8c3 fmadd.s          f17, f17, f7, f6    f17=xxxxxxxx f17:42549d80  f7:410d9210  f6:441215f3
18213310ns          311805 1c0086ba 1106f853 fmul.s           f16, f13, f16       f16=xxxxxxxx f13:40fba772 f16:3ffc51c1
18213330ns          311806 1c0086be 11852303 lw               x6, 280(x10)         x6=3fb36b18 x10:1c010e3c  PA:1c010f54
18213628ns          311821 1c0086c2 01c7a383 lw               x7, 28(x15)          x7=40856e55 x15:1c010840  PA:1c01085c
18213926ns          311836 1c0086c6 88887843 fmadd.s          f16, f16, f8, f17   f16=xxxxxxxx f16:41780932  f8:404f08ae f17:4483d501
18213946ns          311837 1c0086ca 1066f353 fmul.s           f6, f13, f6          f6=xxxxxxxx f13:40fba772  f6:3fb36b18
18213966ns          311838 1c0086ce 14052883 lw               x17, 320(x10)       x17=40fee373 x10:1c010e3c  PA:1c010f7c
18214264ns          311853 1c0086d2 0207a403 lw               x8, 32(x15)          x8=40ad535a x15:1c010840  PA:1c010860
18214583ns          311869 1c0086d4 80737343 fmadd.s          f6, f6, f7, f16      f6=xxxxxxxx  f6:41305f5b  f7:40856e55 f16:448a19c0
18214603ns          311870 1c0086d8 1116f8d3 fmul.s           f17, f13, f17       f17=xxxxxxxx f13:40fba772 f17:40fee373
18214623ns          311871 1c0086dc 16852803 lw               x16, 360(x10)       x16=4010c024 x10:1c010e3c  PA:1c010fa4
18214921ns          311886 1c0086e0 0247a383 lw               x7, 36(x15)          x7=40c3d18a x15:1c010840  PA:1c010864
18215219ns          311901 1c0086e4 3088f8c3 fmadd.s          f17, f17, f8, f6    f17=xxxxxxxx f17:427a8fba  f8:40ad535a  f6:448fd899
18215239ns          311902 1c0086e8 1106f853 fmul.s           f16, f13, f16       f16=xxxxxxxx f13:40fba772 f16:4010c024
18215259ns          311903 1c0086ec 000ea303 lw               x6, 0(x29)           x6=4020ef24 x29:10000eb4  PA:10000eb4
18215279ns          311904 1c0086f0 02878793 addi             x15, x15, 40        x15=1c010868 x15:1c010840
18215299ns          311905 1c0086f4 88787843 fmadd.s          f16, f16, f7, f17   f16=xxxxxxxx f16:418e4b11  f7:40c3d18a f17:44ba41c6
18215319ns          311906 1c0086f8 80e37843 fmadd.s          f16, f6, f14, f16   f16=xxxxxxxx  f6:4020ef24 f14:41063542 f16:44c7dcbb
18215339ns          311907 1c0086fc 030ea42b p.sw             x16, 40(x29!)       x29=10000edc x16:44ca7fb0 x29:10000eb4  PA:10000eb4
18215358ns          311908 1c008658 00052803 lw               x16, 0(x10)         x16=411202bf x10:1c010e3c  PA:1c010e3c
18215657ns          311923 1c00865c 0007a883 lw               x17, 0(x15)         x17=406f2a46 x15:1c010868  PA:1c010868
18215955ns          311938 1c008660 1106f853 fmul.s           f16, f13, f16       f16=xxxxxxxx f13:40fba772 f16:411202bf
18215975ns          311939 1c008664 02852303 lw               x6, 40(x10)          x6=4103557c x10:1c010e3c  PA:1c010e64
18216273ns          311954 1c008668 0047a383 lw               x7, 4(x15)           x7=3dd5cc68 x15:1c010868  PA:1c01086c
18216572ns          311969 1c00866c f1187843 fmadd.s          f16, f16, f17, f30  f16=xxxxxxxx f16:428f8832 f17:406f2a46 f30:00000000
18216592ns          311970 1c008670 1066f353 fmul.s           f6, f13, f6          f6=xxxxxxxx f13:40fba772  f6:4103557c
18216612ns          311971 1c008674 05052883 lw               x17, 80(x10)        x17=40c8477f x10:1c010e3c  PA:1c010e8c
18216910ns          311986 1c008678 0087a403 lw               x8, 8(x15)           x8=3f3e56f1 x15:1c010868  PA:1c010870
18217228ns          312002 1c00867a 80737343 fmadd.s          f6, f6, f7, f16      f6=xxxxxxxx  f6:42811ab8  f7:3dd5cc68 f16:438617da
18217248ns          312003 1c00867e 1116f8d3 fmul.s           f17, f13, f17       f17=xxxxxxxx f13:40fba772 f17:40c8477f
18217268ns          312004 1c008682 07852803 lw               x16, 120(x10)       x16=3f86a36d x10:1c010e3c  PA:1c010eb4
18217566ns          312019 1c008686 00c7a383 lw               x7, 12(x15)          x7=3fa5c9e3 x15:1c010868  PA:1c010874
18217865ns          312034 1c00868a 3088f8c3 fmadd.s          f17, f17, f8, f6    f17=xxxxxxxx f17:4244e119  f8:3f3e56f1  f6:4389766d
18217885ns          312035 1c00868e 1106f853 fmul.s           f16, f13, f16       f16=xxxxxxxx f13:40fba772 f16:3f86a36d
18217904ns          312036 1c008692 0a052303 lw               x6, 160(x10)         x6=405e52fb x10:1c010e3c  PA:1c010edc
18218203ns          312051 1c008696 0107a403 lw               x8, 16(x15)          x8=3f2ad00d x15:1c010868  PA:1c010878
18218521ns          312067 1c008698 88787843 fmadd.s          f16, f16, f7, f17   f16=xxxxxxxx f16:41045a4c  f7:3fa5c9e3 f17:439bc2ab
18218541ns          312068 1c00869c 1066f353 fmul.s           f6, f13, f6          f6=xxxxxxxx f13:40fba772  f6:405e52fb
18218561ns          312069 1c0086a0 0c852883 lw               x17, 200(x10)       x17=40d84977 x10:1c010e3c  PA:1c010f04
18218859ns          312084 1c0086a4 0147a383 lw               x7, 20(x15)          x7=4113cf5d x15:1c010868  PA:1c01087c
18219158ns          312099 1c0086a8 80837343 fmadd.s          f6, f6, f8, f16      f6=xxxxxxxx  f6:41da8cc7  f8:3f2ad00d f16:43a11e14
18219177ns          312100 1c0086ac 1116f8d3 fmul.s           f17, f13, f17       f17=xxxxxxxx f13:40fba772 f17:40d84977
18219197ns          312101 1c0086b0 0f052803 lw               x16, 240(x10)       x16=3ffc51c1 x10:1c010e3c  PA:1c010f2c
18219496ns          312116 1c0086b4 0187a403 lw               x8, 24(x15)          x8=4028cf98 x15:1c010868  PA:1c010880
18219814ns          312132 1c0086b6 3078f8c3 fmadd.s          f17, f17, f7, f6    f17=xxxxxxxx f17:42549d80  f7:4113cf5d  f6:43aa3b46
18219834ns          312133 1c0086ba 1106f853 fmul.s           f16, f13, f16       f16=xxxxxxxx f13:40fba772 f16:3ffc51c1
18219854ns          312134 1c0086be 11852303 lw               x6, 280(x10)         x6=3fb36b18 x10:1c010e3c  PA:1c010f54
18220152ns          312149 1c0086c2 01c7a383 lw               x7, 28(x15)          x7=3fa13eed x15:1c010868  PA:1c010884
18220450ns          312164 1c0086c6 88887843 fmadd.s          f16, f16, f8, f17   f16=xxxxxxxx f16:41780932  f8:4028cf98 f17:444fe04c
18220470ns          312165 1c0086ca 1066f353 fmul.s           f6, f13, f6          f6=xxxxxxxx f13:40fba772  f6:3fb36b18
18220490ns          312166 1c0086ce 14052883 lw               x17, 320(x10)       x17=40fee373 x10:1c010e3c  PA:1c010f7c
18220789ns          312181 1c0086d2 0207a403 lw               x8, 32(x15)          x8=40a9fcb3 x15:1c010868  PA:1c010888
18221087ns          312196 1c0086d4 80737343 fmadd.s          f6, f6, f7, f16      f6=xxxxxxxx  f6:41305f5b  f7:3fa13eed f16:445a193f
18221107ns          312197 1c0086d8 1116f8d3 fmul.s           f17, f13, f17       f17=xxxxxxxx f13:40fba772 f17:40fee373
18221127ns          312198 1c0086dc 16852803 lw               x16, 360(x10)       x16=4010c024 x10:1c010e3c  PA:1c010fa4
18221425ns          312213 1c0086e0 0247a383 lw               x7, 36(x15)          x7=40bdf671 x15:1c010868  PA:1c01088c
18221724ns          312228 1c0086e4 3088f8c3 fmadd.s          f17, f17, f8, f6    f17=xxxxxxxx f17:427a8fba  f8:40a9fcb3  f6:445d91fa
18221743ns          312229 1c0086e8 1106f853 fmul.s           f16, f13, f16       f16=xxxxxxxx f13:40fba772 f16:4010c024
18221763ns          312230 1c0086ec 000ea303 lw               x6, 0(x29)           x6=407c2547 x29:10000edc  PA:10000edc
18221783ns          312231 1c0086f0 02878793 addi             x15, x15, 40        x15=1c010890 x15:1c010868
18221803ns          312232 1c0086f4 88787843 fmadd.s          f16, f16, f7, f17   f16=xxxxxxxx f16:418e4b11  f7:40bdf671 f17:4498610b
18221823ns          312233 1c0086f8 80e37843 fmadd.s          f16, f6, f14, f16   f16=xxxxxxxx  f6:407c2547 f14:41063542 f16:44a593d8
18221843ns          312234 1c0086fc 030ea42b p.sw             x16, 40(x29!)       x29=10000f04 x16:44a9b558 x29:10000edc  PA:10000edc
18221863ns          312235 1c008658 00052803 lw               x16, 0(x10)         x16=411202bf x10:1c010e3c  PA:1c010e3c
18222161ns          312250 1c00865c 0007a883 lw               x17, 0(x15)         x17=4119a00a x15:1c010890  PA:1c010890
18222479ns          312266 1c008660 1106f853 fmul.s           f16, f13, f16       f16=xxxxxxxx f13:40fba772 f16:411202bf
18222499ns          312267 1c008664 02852303 lw               x6, 40(x10)          x6=4103557c x10:1c010e3c  PA:1c010e64
18222798ns          312282 1c008668 0047a383 lw               x7, 4(x15)           x7=40642f0b x15:1c010890  PA:1c010894
18223096ns          312297 1c00866c f1187843 fmadd.s          f16, f16, f17, f30  f16=xxxxxxxx f16:428f8832 f17:4119a00a f30:00000000
18223116ns          312298 1c008670 1066f353 fmul.s           f6, f13, f6          f6=xxxxxxxx f13:40fba772  f6:4103557c
18223136ns          312299 1c008674 05052883 lw               x17, 80(x10)        x17=40c8477f x10:1c010e3c  PA:1c010e8c
18223434ns          312314 1c008678 0087a403 lw               x8, 8(x15)           x8=40ede3a4 x15:1c010890  PA:1c010898
18223732ns          312329 1c00867a 80737343 fmadd.s          f6, f6, f7, f16      f6=xxxxxxxx  f6:42811ab8  f7:40642f0b f16:442c4441
18223752ns          312330 1c00867e 1116f8d3 fmul.s           f17, f13, f17       f17=xxxxxxxx f13:40fba772 f17:40c8477f
18223772ns          312331 1c008682 07852803 lw               x16, 120(x10)       x16=3f86a36d x10:1c010e3c  PA:1c010eb4
18224071ns          312346 1c008686 00c7a383 lw               x7, 12(x15)          x7=3f84672f x15:1c010890  PA:1c01089c
18224369ns          312361 1c00868a 3088f8c3 fmadd.s          f17, f17, f8, f6    f17=xxxxxxxx f17:4244e119  f8:40ede3a4  f6:4465ce04
18224389ns          312362 1c00868e 1106f853 fmul.s           f16, f13, f16       f16=xxxxxxxx f13:40fba772 f16:3f86a36d
18224409ns          312363 1c008692 0a052303 lw               x6, 160(x10)         x6=405e52fb x10:1c010e3c  PA:1c010edc
18224707ns          312378 1c008696 0107a403 lw               x8, 16(x15)          x8=40854cea x15:1c010890  PA:1c0108a0
18225005ns          312393 1c008698 88787843 fmadd.s          f16, f16, f7, f17   f16=xxxxxxxx f16:41045a4c  f7:3f84672f f17:44a0a3df
18225025ns          312394 1c00869c 1066f353 fmul.s           f6, f13, f6          f6=xxxxxxxx f13:40fba772  f6:405e52fb
18225045ns          312395 1c0086a0 0c852883 lw               x17, 200(x10)       x17=40d84977 x10:1c010e3c  PA:1c010f04
18225344ns          312410 1c0086a4 0147a383 lw               x7, 20(x15)          x7=4100bd62 x15:1c010890  PA:1c0108a4
18225642ns          312425 1c0086a8 80837343 fmadd.s          f6, f6, f8, f16      f6=xxxxxxxx  f6:41da8cc7  f8:40854cea f16:44a1b5af
18225662ns          312426 1c0086ac 1116f8d3 fmul.s           f17, f13, f17       f17=xxxxxxxx f13:40fba772 f17:40d84977
18225682ns          312427 1c0086b0 0f052803 lw               x16, 240(x10)       x16=3ffc51c1 x10:1c010e3c  PA:1c010f2c
18225980ns          312442 1c0086b4 0187a403 lw               x8, 24(x15)          x8=4079a1a7 x15:1c010890  PA:1c0108a8
18226278ns          312457 1c0086b6 3078f8c3 fmadd.s          f17, f17, f7, f6    f17=xxxxxxxx f17:42549d80  f7:4100bd62  f6:44afef49
18226298ns          312458 1c0086ba 1106f853 fmul.s           f16, f13, f16       f16=xxxxxxxx f13:40fba772 f16:3ffc51c1
18226318ns          312459 1c0086be 11852303 lw               x6, 280(x10)         x6=3fb36b18 x10:1c010e3c  PA:1c010f54
18226617ns          312474 1c0086c2 01c7a383 lw               x7, 28(x15)          x7=40ac177a x15:1c010890  PA:1c0108ac
18226915ns          312489 1c0086c6 88887843 fmadd.s          f16, f16, f8, f17   f16=xxxxxxxx f16:41780932  f8:4079a1a7 f17:44e5654e
18226935ns          312490 1c0086ca 1066f353 fmul.s           f6, f13, f6          f6=xxxxxxxx f13:40fba772  f6:3fb36b18
18226955ns          312491 1c0086ce 14052883 lw               x17, 320(x10)       x17=40fee373 x10:1c010e3c  PA:1c010f7c
18227253ns          312506 1c0086d2 0207a403 lw               x8, 32(x15)          x8=411507cf x15:1c010890  PA:1c0108b0
18227551ns          312521 1c0086d4 80737343 fmadd.s          f6, f6, f7, f16      f6=xxxxxxxx  f6:41305f5b  f7:40ac177a f16:44ecf43b
18227571ns          312522 1c0086d8 1116f8d3 fmul.s           f17, f13, f17       f17=xxxxxxxx f13:40fba772 f17:40fee373
18227591ns          312523 1c0086dc 16852803 lw               x16, 360(x10)       x16=4010c024 x10:1c010e3c  PA:1c010fa4
18227910ns          312539 1c0086e0 0247a383 lw               x7, 36(x15)          x7=41055ac8 x15:1c010890  PA:1c0108b4
18228208ns          312554 1c0086e4 3088f8c3 fmadd.s          f17, f17, f8, f6    f17=xxxxxxxx f17:427a8fba  f8:411507cf  f6:44f45d3f
18228228ns          312555 1c0086e8 1106f853 fmul.s           f16, f13, f16       f16=xxxxxxxx f13:40fba772 f16:4010c024
18228248ns          312556 1c0086ec 000ea303 lw               x6, 0(x29)           x6=403f633e x29:10000f04  PA:10000f04
18228268ns          312557 1c0086f0 02878793 addi             x15, x15, 40        x15=1c0108b8 x15:1c010890
18228287ns          312558 1c0086f4 88787843 fmadd.s          f16, f16, f7, f17   f16=xxxxxxxx f16:418e4b11  f7:41055ac8 f17:451ea5f2
18228307ns          312559 1c0086f8 80e37843 fmadd.s          f16, f6, f14, f16   f16=xxxxxxxx  f6:403f633e f14:41063542 f16:4527e9e1
18228327ns          312560 1c0086fc 030ea42b p.sw             x16, 40(x29!)       x29=10000f2c x16:45297b38 x29:10000f04  PA:10000f04
18228347ns          312561 1c008658 00052803 lw               x16, 0(x10)         x16=411202bf x10:1c010e3c  PA:1c010e3c
18228645ns          312576 1c00865c 0007a883 lw               x17, 0(x15)         x17=401ca5ad x15:1c0108b8  PA:1c0108b8
18228944ns          312591 1c008660 1106f853 fmul.s           f16, f13, f16       f16=xxxxxxxx f13:40fba772 f16:411202bf
18228964ns          312592 1c008664 02852303 lw               x6, 40(x10)          x6=4103557c x10:1c010e3c  PA:1c010e64
18229262ns          312607 1c008668 0047a383 lw               x7, 4(x15)           x7=4104807b x15:1c0108b8  PA:1c0108bc
18229580ns          312623 1c00866c f1187843 fmadd.s          f16, f16, f17, f30  f16=xxxxxxxx f16:428f8832 f17:401ca5ad f30:00000000
18229600ns          312624 1c008670 1066f353 fmul.s           f6, f13, f6          f6=xxxxxxxx f13:40fba772  f6:4103557c
18229620ns          312625 1c008674 05052883 lw               x17, 80(x10)        x17=40c8477f x10:1c010e3c  PA:1c010e8c
18229918ns          312640 1c008678 0087a403 lw               x8, 8(x15)           x8=3fa0c982 x15:1c0108b8  PA:1c0108c0
18230217ns          312655 1c00867a 80737343 fmadd.s          f6, f6, f7, f16      f6=xxxxxxxx  f6:42811ab8  f7:4104807b f16:432fa7c4
18230237ns          312656 1c00867e 1116f8d3 fmul.s           f17, f13, f17       f17=xxxxxxxx f13:40fba772 f17:40c8477f
18230257ns          312657 1c008682 07852803 lw               x16, 120(x10)       x16=3f86a36d x10:1c010e3c  PA:1c010eb4
18230575ns          312673 1c008686 00c7a383 lw               x7, 12(x15)          x7=408f6bde x15:1c0108b8  PA:1c0108c4
18230873ns          312688 1c00868a 3088f8c3 fmadd.s          f17, f17, f8, f6    f17=xxxxxxxx f17:4244e119  f8:3fa0c982  f6:44318f16
18230893ns          312689 1c00868e 1106f853 fmul.s           f16, f13, f16       f16=xxxxxxxx f13:40fba772 f16:3f86a36d
18230913ns          312690 1c008692 0a052303 lw               x6, 160(x10)         x6=405e52fb x10:1c010e3c  PA:1c010edc
18231211ns          312705 1c008696 0107a403 lw               x8, 16(x15)          x8=40843960 x15:1c0108b8  PA:1c0108c8
18231510ns          312720 1c008698 88787843 fmadd.s          f16, f16, f7, f17   f16=xxxxxxxx f16:41045a4c  f7:408f6bde f17:4441040b
18231530ns          312721 1c00869c 1066f353 fmul.s           f6, f13, f6          f6=xxxxxxxx f13:40fba772  f6:405e52fb
18231550ns          312722 1c0086a0 0c852883 lw               x17, 200(x10)       x17=40d84977 x10:1c010e3c  PA:1c010f04
18231868ns          312738 1c0086a4 0147a383 lw               x7, 20(x15)          x7=40ca1d6a x15:1c0108b8  PA:1c0108cc
18232166ns          312753 1c0086a8 80837343 fmadd.s          f6, f6, f8, f16      f6=xxxxxxxx  f6:41da8cc7  f8:40843960 f16:444a48d2
18232186ns          312754 1c0086ac 1116f8d3 fmul.s           f17, f13, f17       f17=xxxxxxxx f13:40fba772 f17:40d84977
18232206ns          312755 1c0086b0 0f052803 lw               x16, 240(x10)       x16=3ffc51c1 x10:1c010e3c  PA:1c010f2c
18232504ns          312770 1c0086b4 0187a403 lw               x8, 24(x15)          x8=40329514 x15:1c0108b8  PA:1c0108d0
18232803ns          312785 1c0086b6 3078f8c3 fmadd.s          f17, f17, f7, f6    f17=xxxxxxxx f17:42549d80  f7:40ca1d6a  f6:44668136
18232823ns          312786 1c0086ba 1106f853 fmul.s           f16, f13, f16       f16=xxxxxxxx f13:40fba772 f16:3ffc51c1
18232842ns          312787 1c0086be 11852303 lw               x6, 280(x10)         x6=3fb36b18 x10:1c010e3c  PA:1c010f54
18233161ns          312803 1c0086c2 01c7a383 lw               x7, 28(x15)          x7=41042b0b x15:1c0108b8  PA:1c0108d4
18233459ns          312818 1c0086c6 88887843 fmadd.s          f16, f16, f8, f17   f16=xxxxxxxx f16:41780932  f8:40329514 f17:449d37c8
18233479ns          312819 1c0086ca 1066f353 fmul.s           f6, f13, f6          f6=xxxxxxxx f13:40fba772  f6:3fb36b18
18233499ns          312820 1c0086ce 14052883 lw               x17, 320(x10)       x17=40fee373 x10:1c010e3c  PA:1c010f7c
18233797ns          312835 1c0086d2 0207a403 lw               x8, 32(x15)          x8=4116f4ed x15:1c0108b8  PA:1c0108d8
18234096ns          312850 1c0086d4 80737343 fmadd.s          f6, f6, f7, f16      f6=xxxxxxxx  f6:41305f5b  f7:41042b0b f16:44a29fff
18234115ns          312851 1c0086d8 1116f8d3 fmul.s           f17, f13, f17       f17=xxxxxxxx f13:40fba772 f17:40fee373
18234135ns          312852 1c0086dc 16852803 lw               x16, 360(x10)       x16=4010c024 x10:1c010e3c  PA:1c010fa4
18234454ns          312868 1c0086e0 0247a383 lw               x7, 36(x15)          x7=40d1fecf x15:1c0108b8  PA:1c0108dc
18234752ns          312883 1c0086e4 3088f8c3 fmadd.s          f17, f17, f8, f6    f17=xxxxxxxx f17:427a8fba  f8:4116f4ed  f6:44ae01d9
18234772ns          312884 1c0086e8 1106f853 fmul.s           f16, f13, f16       f16=xxxxxxxx f13:40fba772 f16:4010c024
18234792ns          312885 1c0086ec 000ea303 lw               x6, 0(x29)           x6=410b4805 x29:10000f2c  PA:10000f2c
18234812ns          312886 1c0086f0 02878793 addi             x15, x15, 40        x15=1c0108e0 x15:1c0108b8
18234832ns          312887 1c0086f4 88787843 fmadd.s          f16, f16, f7, f17   f16=xxxxxxxx f16:418e4b11  f7:40d1fecf f17:44f7e1d1
18234851ns          312888 1c0086f8 80e37843 fmadd.s          f16, f6, f14, f16   f16=xxxxxxxx  f6:410b4805 f14:41063542 f16:45033c77
18234871ns          312889 1c0086fc 030ea42b p.sw             x16, 40(x29!)       x29=10000f54 x16:4507ccc2 x29:10000f2c  PA:10000f2c
18234891ns          312890 1c008658 00052803 lw               x16, 0(x10)         x16=411202bf x10:1c010e3c  PA:1c010e3c
18235190ns          312905 1c00865c 0007a883 lw               x17, 0(x15)         x17=40a54233 x15:1c0108e0  PA:1c0108e0
18235488ns          312920 1c008660 1106f853 fmul.s           f16, f13, f16       f16=xxxxxxxx f13:40fba772 f16:411202bf
18235508ns          312921 1c008664 02852303 lw               x6, 40(x10)          x6=4103557c x10:1c010e3c  PA:1c010e64
18235826ns          312937 1c008668 0047a383 lw               x7, 4(x15)           x7=4093ed2a x15:1c0108e0  PA:1c0108e4
18236124ns          312952 1c00866c f1187843 fmadd.s          f16, f16, f17, f30  f16=xxxxxxxx f16:428f8832 f17:40a54233 f30:00000000
18236144ns          312953 1c008670 1066f353 fmul.s           f6, f13, f6          f6=xxxxxxxx f13:40fba772  f6:4103557c
18236164ns          312954 1c008674 05052883 lw               x17, 80(x10)        x17=40c8477f x10:1c010e3c  PA:1c010e8c
18236463ns          312969 1c008678 0087a403 lw               x8, 8(x15)           x8=40fe6095 x15:1c0108e0  PA:1c0108e8
18236761ns          312984 1c00867a 80737343 fmadd.s          f6, f6, f7, f16      f6=xxxxxxxx  f6:42811ab8  f7:4093ed2a f16:43b94fcc
18236781ns          312985 1c00867e 1116f8d3 fmul.s           f17, f13, f17       f17=xxxxxxxx f13:40fba772 f17:40c8477f
18236801ns          312986 1c008682 07852803 lw               x16, 120(x10)       x16=3f86a36d x10:1c010e3c  PA:1c010eb4
18237119ns          313002 1c008686 00c7a383 lw               x7, 12(x15)          x7=3e9d6a6e x15:1c0108e0  PA:1c0108ec
18237417ns          313017 1c00868a 3088f8c3 fmadd.s          f17, f17, f8, f6    f17=xxxxxxxx f17:4244e119  f8:40fe6095  f6:442741d9
18237437ns          313018 1c00868e 1106f853 fmul.s           f16, f13, f16       f16=xxxxxxxx f13:40fba772 f16:3f86a36d
18237457ns          313019 1c008692 0a052303 lw               x6, 160(x10)         x6=405e52fb x10:1c010e3c  PA:1c010edc
18237755ns          313034 1c008696 0107a403 lw               x8, 16(x15)          x8=4092d176 x15:1c0108e0  PA:1c0108f0
18238054ns          313049 1c008698 88787843 fmadd.s          f16, f16, f7, f17   f16=xxxxxxxx f16:41045a4c  f7:3e9d6a6e f17:44848954
18238074ns          313050 1c00869c 1066f353 fmul.s           f6, f13, f6          f6=xxxxxxxx f13:40fba772  f6:405e52fb
18238094ns          313051 1c0086a0 0c852883 lw               x17, 200(x10)       x17=40d84977 x10:1c010e3c  PA:1c010f04
18238392ns          313066 1c0086a4 0147a383 lw               x7, 20(x15)          x7=4088f69f x15:1c0108e0  PA:1c0108f4
18238690ns          313081 1c0086a8 80837343 fmadd.s          f6, f6, f8, f16      f6=xxxxxxxx  f6:41da8cc7  f8:4092d176 f16:4484dab6
18238710ns          313082 1c0086ac 1116f8d3 fmul.s           f17, f13, f17       f17=xxxxxxxx f13:40fba772 f17:40d84977
18238730ns          313083 1c0086b0 0f052803 lw               x16, 240(x10)       x16=3ffc51c1 x10:1c010e3c  PA:1c010f2c
18239028ns          313098 1c0086b4 0187a403 lw               x8, 24(x15)          x8=40f68caa x15:1c0108e0  PA:1c0108f8
18239327ns          313113 1c0086b6 3078f8c3 fmadd.s          f17, f17, f7, f6    f17=xxxxxxxx f17:42549d80  f7:4088f69f  f6:44948599
18239347ns          313114 1c0086ba 1106f853 fmul.s           f16, f13, f16       f16=xxxxxxxx f13:40fba772 f16:3ffc51c1
18239367ns          313115 1c0086be 11852303 lw               x6, 280(x10)         x6=3fb36b18 x10:1c010e3c  PA:1c010f54
18239665ns          313130 1c0086c2 01c7a383 lw               x7, 28(x15)          x7=411e9abf x15:1c0108e0  PA:1c0108fc
18239963ns          313145 1c0086c6 88887843 fmadd.s          f16, f16, f8, f17   f16=xxxxxxxx f16:41780932  f8:40f68caa f17:44b0f5b9
18239983ns          313146 1c0086ca 1066f353 fmul.s           f6, f13, f6          f6=xxxxxxxx f13:40fba772  f6:3fb36b18
18240003ns          313147 1c0086ce 14052883 lw               x17, 320(x10)       x17=40fee373 x10:1c010e3c  PA:1c010f7c
18240301ns          313162 1c0086d2 0207a403 lw               x8, 32(x15)          x8=40f8cdf4 x15:1c0108e0  PA:1c010900
18240600ns          313177 1c0086d4 80737343 fmadd.s          f6, f6, f7, f16      f6=xxxxxxxx  f6:41305f5b  f7:411e9abf f16:44bfe3cb
18240620ns          313178 1c0086d8 1116f8d3 fmul.s           f17, f13, f17       f17=xxxxxxxx f13:40fba772 f17:40fee373
18240640ns          313179 1c0086dc 16852803 lw               x16, 360(x10)       x16=4010c024 x10:1c010e3c  PA:1c010fa4
18240938ns          313194 1c0086e0 0247a383 lw               x7, 36(x15)          x7=400dc23e x15:1c0108e0  PA:1c010904
18241236ns          313209 1c0086e4 3088f8c3 fmadd.s          f17, f17, f8, f6    f17=xxxxxxxx f17:427a8fba  f8:40f8cdf4  f6:44cd8c7a
18241256ns          313210 1c0086e8 1106f853 fmul.s           f16, f13, f16       f16=xxxxxxxx f13:40fba772 f16:4010c024
18241276ns          313211 1c0086ec 000ea303 lw               x6, 0(x29)           x6=407974cc x29:10000f54  PA:10000f54
18241296ns          313212 1c0086f0 02878793 addi             x15, x15, 40        x15=1c010908 x15:1c0108e0
18241316ns          313213 1c0086f4 88787843 fmadd.s          f16, f16, f7, f17   f16=xxxxxxxx f16:418e4b11  f7:400dc23e f17:450536d7
18241336ns          313214 1c0086f8 80e37843 fmadd.s          f16, f6, f14, f16   f16=xxxxxxxx  f6:407974cc f14:41063542 f16:4507ad31
18241356ns          313215 1c0086fc 030ea42b p.sw             x16, 40(x29!)       x29=10000f7c x16:4509b84d x29:10000f54  PA:10000f54
18241376ns          313216 1c008658 00052803 lw               x16, 0(x10)         x16=411202bf x10:1c010e3c  PA:1c010e3c
18241674ns          313231 1c00865c 0007a883 lw               x17, 0(x15)         x17=40adfed7 x15:1c010908  PA:1c010908
18241972ns          313246 1c008660 1106f853 fmul.s           f16, f13, f16       f16=xxxxxxxx f13:40fba772 f16:411202bf
18241992ns          313247 1c008664 02852303 lw               x6, 40(x10)          x6=4103557c x10:1c010e3c  PA:1c010e64
18242291ns          313262 1c008668 0047a383 lw               x7, 4(x15)           x7=40c5c8e3 x15:1c010908  PA:1c01090c
18242589ns          313277 1c00866c f1187843 fmadd.s          f16, f16, f17, f30  f16=xxxxxxxx f16:428f8832 f17:40adfed7 f30:00000000
18242609ns          313278 1c008670 1066f353 fmul.s           f6, f13, f6          f6=xxxxxxxx f13:40fba772  f6:4103557c
18242629ns          313279 1c008674 05052883 lw               x17, 80(x10)        x17=40c8477f x10:1c010e3c  PA:1c010e8c
18242927ns          313294 1c008678 0087a403 lw               x8, 8(x15)           x8=3eb2c55f x15:1c010908  PA:1c010910
18243225ns          313309 1c00867a 80737343 fmadd.s          f6, f6, f7, f16      f6=xxxxxxxx  f6:42811ab8  f7:40c5c8e3 f16:43c31bd7
18243245ns          313310 1c00867e 1116f8d3 fmul.s           f17, f13, f17       f17=xxxxxxxx f13:40fba772 f17:40c8477f
18243265ns          313311 1c008682 07852803 lw               x16, 120(x10)       x16=3f86a36d x10:1c010e3c  PA:1c010eb4
18243564ns          313326 1c008686 00c7a383 lw               x7, 12(x15)          x7=3eb000b7 x15:1c010908  PA:1c010914
18243882ns          313342 1c00868a 3088f8c3 fmadd.s          f17, f17, f8, f6    f17=xxxxxxxx f17:4244e119  f8:3eb2c55f  f6:44454cca
18243902ns          313343 1c00868e 1106f853 fmul.s           f16, f13, f16       f16=xxxxxxxx f13:40fba772 f16:3f86a36d
18243922ns          313344 1c008692 0a052303 lw               x6, 160(x10)         x6=405e52fb x10:1c010e3c  PA:1c010edc
18244220ns          313359 1c008696 0107a403 lw               x8, 16(x15)          x8=40e294e8 x15:1c010908  PA:1c010918
18244518ns          313374 1c008698 88787843 fmadd.s          f16, f16, f7, f17   f16=xxxxxxxx f16:41045a4c  f7:3eb000b7 f17:444998ac
18244538ns          313375 1c00869c 1066f353 fmul.s           f6, f13, f6          f6=xxxxxxxx f13:40fba772  f6:405e52fb
18244558ns          313376 1c0086a0 0c852883 lw               x17, 200(x10)       x17=40d84977 x10:1c010e3c  PA:1c010f04
18244856ns          313391 1c0086a4 0147a383 lw               x7, 20(x15)          x7=401cda14 x15:1c010908  PA:1c01091c
18245175ns          313407 1c0086a8 80837343 fmadd.s          f6, f6, f8, f16      f6=xxxxxxxx  f6:41da8cc7  f8:40e294e8 f16:444a4ea9
18245195ns          313408 1c0086ac 1116f8d3 fmul.s           f17, f13, f17       f17=xxxxxxxx f13:40fba772 f17:40d84977
18245214ns          313409 1c0086b0 0f052803 lw               x16, 240(x10)       x16=3ffc51c1 x10:1c010e3c  PA:1c010f2c
18245513ns          313424 1c0086b4 0187a403 lw               x8, 24(x15)          x8=3ff5493e x15:1c010908  PA:1c010920
18245811ns          313439 1c0086b6 3078f8c3 fmadd.s          f17, f17, f7, f6    f17=xxxxxxxx f17:42549d80  f7:401cda14  f6:447aaa83
18245831ns          313440 1c0086ba 1106f853 fmul.s           f16, f13, f16       f16=xxxxxxxx f13:40fba772 f16:3ffc51c1
18245851ns          313441 1c0086be 11852303 lw               x6, 280(x10)         x6=3fb36b18 x10:1c010e3c  PA:1c010f54
18246149ns          313456 1c0086c2 01c7a383 lw               x7, 28(x15)          x7=4024db73 x15:1c010908  PA:1c010924
18246468ns          313472 1c0086c6 88887843 fmadd.s          f16, f16, f8, f17   f16=xxxxxxxx f16:41780932  f8:3ff5493e f17:448d9de5
18246487ns          313473 1c0086ca 1066f353 fmul.s           f6, f13, f6          f6=xxxxxxxx f13:40fba772  f6:3fb36b18
18246507ns          313474 1c0086ce 14052883 lw               x17, 320(x10)       x17=40fee373 x10:1c010e3c  PA:1c010f7c
18246806ns          313489 1c0086d2 0207a403 lw               x8, 32(x15)          x8=40005e40 x15:1c010908  PA:1c010928
18247104ns          313504 1c0086d4 80737343 fmadd.s          f6, f6, f7, f16      f6=xxxxxxxx  f6:41305f5b  f7:4024db73 f16:44915484
18247124ns          313505 1c0086d8 1116f8d3 fmul.s           f17, f13, f17       f17=xxxxxxxx f13:40fba772 f17:40fee373
18247144ns          313506 1c0086dc 16852803 lw               x16, 360(x10)       x16=4010c024 x10:1c010e3c  PA:1c010fa4
18247442ns          313521 1c0086e0 0247a383 lw               x7, 36(x15)          x7=40e239a4 x15:1c010908  PA:1c01092c
18247741ns          313536 1c0086e4 3088f8c3 fmadd.s          f17, f17, f8, f6    f17=xxxxxxxx f17:427a8fba  f8:40005e40  f6:4494e126
18247761ns          313537 1c0086e8 1106f853 fmul.s           f16, f13, f16       f16=xxxxxxxx f13:40fba772 f16:4010c024
18247780ns          313538 1c0086ec 000ea303 lw               x6, 0(x29)           x6=3f08cc5b x29:10000f7c  PA:10000f7c
18247800ns          313539 1c0086f0 02878793 addi             x15, x15, 40        x15=1c010930 x15:1c010908
18247820ns          313540 1c0086f4 88787843 fmadd.s          f16, f16, f7, f17   f16=xxxxxxxx f16:418e4b11  f7:40e239a4 f17:44a495aa
18247840ns          313541 1c0086f8 80e37843 fmadd.s          f16, f6, f14, f16   f16=xxxxxxxx  f6:3f08cc5b f14:41063542 f16:44b44d74
18247860ns          313542 1c0086fc 030ea42b p.sw             x16, 40(x29!)       x29=10000fa4 x16:44b4dce3 x29:10000f7c  PA:10000f7c
18247880ns          313543 1c008658 00052803 lw               x16, 0(x10)         x16=411202bf x10:1c010e3c  PA:1c010e3c
18248178ns          313558 1c00865c 0007a883 lw               x17, 0(x15)         x17=4051d560 x15:1c010930  PA:1c010930
18248477ns          313573 1c008660 1106f853 fmul.s           f16, f13, f16       f16=xxxxxxxx f13:40fba772 f16:411202bf
18248496ns          313574 1c008664 02852303 lw               x6, 40(x10)          x6=4103557c x10:1c010e3c  PA:1c010e64
18248795ns          313589 1c008668 0047a383 lw               x7, 4(x15)           x7=40fbbedb x15:1c010930  PA:1c010934
18249113ns          313605 1c00866c f1187843 fmadd.s          f16, f16, f17, f30  f16=xxxxxxxx f16:428f8832 f17:4051d560 f30:00000000
18249133ns          313606 1c008670 1066f353 fmul.s           f6, f13, f6          f6=xxxxxxxx f13:40fba772  f6:4103557c
18249153ns          313607 1c008674 05052883 lw               x17, 80(x10)        x17=40c8477f x10:1c010e3c  PA:1c010e8c
18249451ns          313622 1c008678 0087a403 lw               x8, 8(x15)           x8=4012e6d7 x15:1c010930  PA:1c010938
18249750ns          313637 1c00867a 80737343 fmadd.s          f6, f6, f7, f16      f6=xxxxxxxx  f6:42811ab8  f7:40fbbedb f16:436b4ba6
18249769ns          313638 1c00867e 1116f8d3 fmul.s           f17, f13, f17       f17=xxxxxxxx f13:40fba772 f17:40c8477f
18249789ns          313639 1c008682 07852803 lw               x16, 120(x10)       x16=3f86a36d x10:1c010e3c  PA:1c010eb4
18250088ns          313654 1c008686 00c7a383 lw               x7, 12(x15)          x7=410be73c x15:1c010930  PA:1c01093c
18250386ns          313669 1c00868a 3088f8c3 fmadd.s          f17, f17, f8, f6    f17=xxxxxxxx f17:4244e119  f8:4012e6d7  f6:4439c85c
18250406ns          313670 1c00868e 1106f853 fmul.s           f16, f13, f16       f16=xxxxxxxx f13:40fba772 f16:3f86a36d
18250426ns          313671 1c008692 0a052303 lw               x6, 160(x10)         x6=405e52fb x10:1c010e3c  PA:1c010edc
18250724ns          313686 1c008696 0107a403 lw               x8, 16(x15)          x8=40e8f76c x15:1c010930  PA:1c010940
18251023ns          313701 1c008698 88787843 fmadd.s          f16, f16, f7, f17   f16=xxxxxxxx f16:41045a4c  f7:410be73c f17:445606d6
18251042ns          313702 1c00869c 1066f353 fmul.s           f6, f13, f6          f6=xxxxxxxx f13:40fba772  f6:405e52fb
18251062ns          313703 1c0086a0 0c852883 lw               x17, 200(x10)       x17=40d84977 x10:1c010e3c  PA:1c010f04
18251361ns          313718 1c0086a4 0147a383 lw               x7, 20(x15)          x7=40a8711a x15:1c010930  PA:1c010944
18251659ns          313733 1c0086a8 80837343 fmadd.s          f6, f6, f8, f16      f6=xxxxxxxx  f6:41da8cc7  f8:40e8f76c f16:44681bfb
18251679ns          313734 1c0086ac 1116f8d3 fmul.s           f17, f13, f17       f17=xxxxxxxx f13:40fba772 f17:40d84977
18251699ns          313735 1c0086b0 0f052803 lw               x16, 240(x10)       x16=3ffc51c1 x10:1c010e3c  PA:1c010f2c
18251997ns          313750 1c0086b4 0187a403 lw               x8, 24(x15)          x8=408850e7 x15:1c010930  PA:1c010948
18252296ns          313765 1c0086b6 3078f8c3 fmadd.s          f17, f17, f7, f6    f17=xxxxxxxx f17:42549d80  f7:40a8711a  f6:448cea57
18252315ns          313766 1c0086ba 1106f853 fmul.s           f16, f13, f16       f16=xxxxxxxx f13:40fba772 f16:3ffc51c1
18252335ns          313767 1c0086be 11852303 lw               x6, 280(x10)         x6=3fb36b18 x10:1c010e3c  PA:1c010f54
18252634ns          313782 1c0086c2 01c7a383 lw               x7, 28(x15)          x7=40b191c9 x15:1c010930  PA:1c01094c
18252932ns          313797 1c0086c6 88887843 fmadd.s          f16, f16, f8, f17   f16=xxxxxxxx f16:41780932  f8:408850e7 f17:44afe3aa
18252952ns          313798 1c0086ca 1066f353 fmul.s           f6, f13, f6          f6=xxxxxxxx f13:40fba772  f6:3fb36b18
18252972ns          313799 1c0086ce 14052883 lw               x17, 320(x10)       x17=40fee373 x10:1c010e3c  PA:1c010f7c
18253270ns          313814 1c0086d2 0207a403 lw               x8, 32(x15)          x8=3e508c5f x15:1c010930  PA:1c010950
18253569ns          313829 1c0086d4 80737343 fmadd.s          f6, f6, f7, f16      f6=xxxxxxxx  f6:41305f5b  f7:40b191c9 f16:44b824de
18253588ns          313830 1c0086d8 1116f8d3 fmul.s           f17, f13, f17       f17=xxxxxxxx f13:40fba772 f17:40fee373
18253608ns          313831 1c0086dc 16852803 lw               x16, 360(x10)       x16=4010c024 x10:1c010e3c  PA:1c010fa4
18253907ns          313846 1c0086e0 0247a383 lw               x7, 36(x15)          x7=40868cc1 x15:1c010930  PA:1c010954
18254205ns          313861 1c0086e4 3088f8c3 fmadd.s          f17, f17, f8, f6    f17=xxxxxxxx f17:427a8fba  f8:3e508c5f  f6:44bfca44
18254225ns          313862 1c0086e8 1106f853 fmul.s           f16, f13, f16       f16=xxxxxxxx f13:40fba772 f16:4010c024
18254245ns          313863 1c0086ec 000ea303 lw               x6, 0(x29)           x6=3fa743cf x29:10000fa4  PA:10000fa4
18254265ns          313864 1c0086f0 02878793 addi             x15, x15, 40        x15=1c010958 x15:1c010930
18254285ns          313865 1c0086f4 88787843 fmadd.s          f16, f16, f7, f17   f16=xxxxxxxx f16:418e4b11  f7:40868cc1 f17:44c16280
18254305ns          313866 1c0086f8 80e37843 fmadd.s          f16, f6, f14, f16   f16=xxxxxxxx  f6:3fa743cf f14:41063542 f16:44cabbb1
18254324ns          313867 1c0086fc 030ea42b p.sw             x16, 40(x29!)       x29=10000fcc x16:44cc1a72 x29:10000fa4  PA:10000fa4
18254344ns          313868 1c008658 00052803 lw               x16, 0(x10)         x16=411202bf x10:1c010e3c  PA:1c010e3c
18254643ns          313883 1c00865c 0007a883 lw               x17, 0(x15)         x17=40858542 x15:1c010958  PA:1c010958
18254941ns          313898 1c008660 1106f853 fmul.s           f16, f13, f16       f16=xxxxxxxx f13:40fba772 f16:411202bf
18254961ns          313899 1c008664 02852303 lw               x6, 40(x10)          x6=4103557c x10:1c010e3c  PA:1c010e64
18255259ns          313914 1c008668 0047a383 lw               x7, 4(x15)           x7=3fa6a77c x15:1c010958  PA:1c01095c
18255558ns          313929 1c00866c f1187843 fmadd.s          f16, f16, f17, f30  f16=xxxxxxxx f16:428f8832 f17:40858542 f30:00000000
18255578ns          313930 1c008670 1066f353 fmul.s           f6, f13, f6          f6=xxxxxxxx f13:40fba772  f6:4103557c
18255597ns          313931 1c008674 05052883 lw               x17, 80(x10)        x17=40c8477f x10:1c010e3c  PA:1c010e8c
18255896ns          313946 1c008678 0087a403 lw               x8, 8(x15)           x8=3fb30ee3 x15:1c010958  PA:1c010960
18256214ns          313962 1c00867a 80737343 fmadd.s          f6, f6, f7, f16      f6=xxxxxxxx  f6:42811ab8  f7:3fa6a77c f16:4395b8f1
18256234ns          313963 1c00867e 1116f8d3 fmul.s           f17, f13, f17       f17=xxxxxxxx f13:40fba772 f17:40c8477f
18256254ns          313964 1c008682 07852803 lw               x16, 120(x10)       x16=3f86a36d x10:1c010e3c  PA:1c010eb4
18256552ns          313979 1c008686 00c7a383 lw               x7, 12(x15)          x7=40fe97f4 x15:1c010958  PA:1c010964
18256851ns          313994 1c00868a 3088f8c3 fmadd.s          f17, f17, f8, f6    f17=xxxxxxxx f17:4244e119  f8:3fb30ee3  f6:43bfbed6
18256870ns          313995 1c00868e 1106f853 fmul.s           f16, f13, f16       f16=xxxxxxxx f13:40fba772 f16:3f86a36d
18256890ns          313996 1c008692 0a052303 lw               x6, 160(x10)         x6=405e52fb x10:1c010e3c  PA:1c010edc
18257209ns          314012 1c008696 0107a403 lw               x8, 16(x15)          x8=409ead56 x15:1c010958  PA:1c010968
18257507ns          314027 1c008698 88787843 fmadd.s          f16, f16, f7, f17   f16=xxxxxxxx f16:41045a4c  f7:40fe97f4 f17:43e22c0c
18257527ns          314028 1c00869c 1066f353 fmul.s           f6, f13, f6          f6=xxxxxxxx f13:40fba772  f6:405e52fb
18257547ns          314029 1c0086a0 0c852883 lw               x17, 200(x10)       x17=40d84977 x10:1c010e3c  PA:1c010f04
18257845ns          314044 1c0086a4 0147a383 lw               x7, 20(x15)          x7=40e12778 x15:1c010958  PA:1c01096c
18258143ns          314059 1c0086a8 80837343 fmadd.s          f6, f6, f8, f16      f6=xxxxxxxx  f6:41da8cc7  f8:409ead56 f16:44018a0b
18258163ns          314060 1c0086ac 1116f8d3 fmul.s           f17, f13, f17       f17=xxxxxxxx f13:40fba772 f17:40d84977
18258183ns          314061 1c0086b0 0f052803 lw               x16, 240(x10)       x16=3ffc51c1 x10:1c010e3c  PA:1c010f2c
18258502ns          314077 1c0086b4 0187a403 lw               x8, 24(x15)          x8=4054f963 x15:1c010958  PA:1c010970
18258800ns          314092 1c0086b6 3078f8c3 fmadd.s          f17, f17, f7, f6    f17=xxxxxxxx f17:42549d80  f7:40e12778  f6:442367c2
18258820ns          314093 1c0086ba 1106f853 fmul.s           f16, f13, f16       f16=xxxxxxxx f13:40fba772 f16:3ffc51c1
18258840ns          314094 1c0086be 11852303 lw               x6, 280(x10)         x6=3fb36b18 x10:1c010e3c  PA:1c010f54
18259138ns          314109 1c0086c2 01c7a383 lw               x7, 28(x15)          x7=4050f13b x15:1c010958  PA:1c010974
18259436ns          314124 1c0086c6 88887843 fmadd.s          f16, f16, f8, f17   f16=xxxxxxxx f16:41780932  f8:4054f963 f17:448073ae
18259456ns          314125 1c0086ca 1066f353 fmul.s           f6, f13, f6          f6=xxxxxxxx f13:40fba772  f6:3fb36b18
18259476ns          314126 1c0086ce 14052883 lw               x17, 320(x10)       x17=40fee373 x10:1c010e3c  PA:1c010f7c
18259794ns          314142 1c0086d2 0207a403 lw               x8, 32(x15)          x8=40904b8b x15:1c010958  PA:1c010978
18260093ns          314157 1c0086d4 80737343 fmadd.s          f6, f6, f7, f16      f6=xxxxxxxx  f6:41305f5b  f7:4050f13b f16:4486e678
18260113ns          314158 1c0086d8 1116f8d3 fmul.s           f17, f13, f17       f17=xxxxxxxx f13:40fba772 f17:40fee373
18260133ns          314159 1c0086dc 16852803 lw               x16, 360(x10)       x16=4010c024 x10:1c010e3c  PA:1c010fa4
18260431ns          314174 1c0086e0 0247a383 lw               x7, 36(x15)          x7=40906e67 x15:1c010958  PA:1c01097c
18260729ns          314189 1c0086e4 3088f8c3 fmadd.s          f17, f17, f8, f6    f17=xxxxxxxx f17:427a8fba  f8:40904b8b  f6:448b6615
18260749ns          314190 1c0086e8 1106f853 fmul.s           f16, f13, f16       f16=xxxxxxxx f13:40fba772 f16:4010c024
18260769ns          314191 1c0086ec 000ea303 lw               x6, 0(x29)           x6=411ecb98 x29:10000fcc  PA:10000fcc
18260789ns          314192 1c0086f0 02878793 addi             x15, x15, 40        x15=1c010980 x15:1c010958
18260809ns          314193 1c0086f4 88787843 fmadd.s          f16, f16, f7, f17   f16=xxxxxxxx f16:418e4b11  f7:40906e67 f17:44aeb4c7
18260829ns          314194 1c0086f8 80e37843 fmadd.s          f16, f6, f14, f16   f16=xxxxxxxx  f6:411ecb98 f14:41063542 f16:44b8bdba
18260849ns          314195 1c0086fc 030ea42b p.sw             x16, 40(x29!)       x29=10000ff4 x16:44c325ad x29:10000fcc  PA:10000fcc
18260869ns          314196 1c008700 00460613 addi             x12, x12, 4         x12=10000e68 x12:10000e64
18260888ns          314197 1c008702 00450513 addi             x10, x10, 4         x10=1c010e40 x10:1c010e3c
18260928ns          314199 1c008632 40b28e33 sub              x28, x5, x11        x28=00000190  x5:1c010980 x11:1c0107f0
18260948ns          314200 1c008636 fd8e0e13 addi             x28, x28, -40       x28=00000168 x28:00000190
18260968ns          314201 1c00863a 0cccd7b7 lui              x15, 0xcccd000      x15=0cccd000
18260988ns          314202 1c00863e ccd78793 addi             x15, x15, -819      x15=0ccccccd x15:0cccd000
18261008ns          314203 1c008642 003e5e13 srli             x28, x28, 0x3       x28=0000002d x28:00000168
18261028ns          314204 1c008646 02fe0e33 mul              x28, x28, x15       x28=40000009 x28:0000002d x15:0ccccccd
18261048ns          314205 1c00864a c5de3e33 p.bclr           x28, x28, 2, 29     x28=00000009 x28:40000009
18261067ns          314206 1c00864e 00b007b3 add              x15, x0, x11        x15=1c0107f0 x11:1c0107f0
18261087ns          314207 1c008650 00c00eb3 add              x29, x0, x12        x29=10000e68 x12:10000e68
18261107ns          314208 1c008652 001e0e13 addi             x28, x28, 1         x28=0000000a x28:00000009
18261127ns          314209 1c008654 054e40fb lp.setup         0x1, x28, 0x54      x28:0000000a
18261147ns          314210 1c008658 00052803 lw               x16, 0(x10)         x16=408b6b75 x10:1c010e40  PA:1c010e40
18261445ns          314225 1c00865c 0007a883 lw               x17, 0(x15)         x17=40c92fdf x15:1c0107f0  PA:1c0107f0
18261744ns          314240 1c008660 1106f853 fmul.s           f16, f13, f16       f16=xxxxxxxx f13:40fba772 f16:408b6b75
18261764ns          314241 1c008664 02852303 lw               x6, 40(x10)          x6=4084627c x10:1c010e40  PA:1c010e68
18262062ns          314256 1c008668 0047a383 lw               x7, 4(x15)           x7=4042e596 x15:1c0107f0  PA:1c0107f4
18262360ns          314271 1c00866c f1187843 fmadd.s          f16, f16, f17, f30  f16=xxxxxxxx f16:42090d8d f17:40c92fdf f30:00000000
18262380ns          314272 1c008670 1066f353 fmul.s           f6, f13, f6          f6=xxxxxxxx f13:40fba772  f6:4084627c
18262400ns          314273 1c008674 05052883 lw               x17, 80(x10)        x17=403e4410 x10:1c010e40  PA:1c010e90
18262698ns          314288 1c008678 0087a403 lw               x8, 8(x15)           x8=3feabde7 x15:1c0107f0  PA:1c0107f8
18262997ns          314303 1c00867a 80737343 fmadd.s          f6, f6, f7, f16      f6=xxxxxxxx  f6:42022327  f7:4042e596 f16:43576a89
18263017ns          314304 1c00867e 1116f8d3 fmul.s           f17, f13, f17       f17=xxxxxxxx f13:40fba772 f17:403e4410
18263037ns          314305 1c008682 07852803 lw               x16, 120(x10)       x16=40572350 x10:1c010e40  PA:1c010eb8
18263335ns          314320 1c008686 00c7a383 lw               x7, 12(x15)          x7=40d34100 x15:1c0107f0  PA:1c0107fc
18263633ns          314335 1c00868a 3088f8c3 fmadd.s          f17, f17, f8, f6    f17=xxxxxxxx f17:41bb092f  f8:3feabde7  f6:439d3ef1
18263653ns          314336 1c00868e 1106f853 fmul.s           f16, f13, f16       f16=xxxxxxxx f13:40fba772 f16:40572350
18263673ns          314337 1c008692 0a052303 lw               x6, 160(x10)         x6=40c41bd9 x10:1c010e40  PA:1c010ee0
18263971ns          314352 1c008696 0107a403 lw               x8, 16(x15)          x8=3f85525e x15:1c0107f0  PA:1c010800
18264270ns          314367 1c008698 88787843 fmadd.s          f16, f16, f7, f17   f16=xxxxxxxx f16:41d37c57  f7:40d34100 f17:43b2af15
18264290ns          314368 1c00869c 1066f353 fmul.s           f6, f13, f6          f6=xxxxxxxx f13:40fba772  f6:40c41bd9
18264310ns          314369 1c0086a0 0c852883 lw               x17, 200(x10)       x17=4104c41e x10:1c010e40  PA:1c010f08
18264608ns          314384 1c0086a4 0147a383 lw               x7, 20(x15)          x7=403c1513 x15:1c0107f0  PA:1c010804
18264906ns          314399 1c0086a8 80837343 fmadd.s          f6, f6, f8, f16      f6=xxxxxxxx  f6:4240c793  f8:3f85525e f16:4404f8d6
18264926ns          314400 1c0086ac 1116f8d3 fmul.s           f17, f13, f17       f17=xxxxxxxx f13:40fba772 f17:4104c41e
18264946ns          314401 1c0086b0 0f052803 lw               x16, 240(x10)       x16=411d10c3 x10:1c010e40  PA:1c010f30
18265244ns          314416 1c0086b4 0187a403 lw               x8, 24(x15)          x8=40c53516 x15:1c0107f0  PA:1c010808
18265543ns          314431 1c0086b6 3078f8c3 fmadd.s          f17, f17, f7, f6    f17=xxxxxxxx f17:42828320  f7:403c1513  f6:4411858d
18265563ns          314432 1c0086ba 1106f853 fmul.s           f16, f13, f16       f16=xxxxxxxx f13:40fba772 f16:411d10c3
18265583ns          314433 1c0086be 11852303 lw               x6, 280(x10)         x6=404ae8bd x10:1c010e40  PA:1c010f58
18265881ns          314448 1c0086c2 01c7a383 lw               x7, 28(x15)          x7=3f94ed63 x15:1c0107f0  PA:1c01080c
18266179ns          314463 1c0086c6 88887843 fmadd.s          f16, f16, f8, f17   f16=xxxxxxxx f16:429a662b  f8:40c53516 f17:44417712
18266199ns          314464 1c0086ca 1066f353 fmul.s           f6, f13, f6          f6=xxxxxxxx f13:40fba772  f6:404ae8bd
18266219ns          314465 1c0086ce 14052883 lw               x17, 320(x10)       x17=3fafff4b x10:1c010e40  PA:1c010f80
18266537ns          314481 1c0086d2 0207a403 lw               x8, 32(x15)          x8=3f2ec91c x15:1c0107f0  PA:1c010810
18266836ns          314496 1c0086d4 80737343 fmadd.s          f6, f6, f7, f16      f6=xxxxxxxx  f6:41c776e9  f7:3f94ed63 f16:449c33db
18266856ns          314497 1c0086d8 1116f8d3 fmul.s           f17, f13, f17       f17=xxxxxxxx f13:40fba772 f17:3fafff4b
18266876ns          314498 1c0086dc 16852803 lw               x16, 360(x10)       x16=40644ad7 x10:1c010e40  PA:1c010fa8
18267174ns          314513 1c0086e0 0247a383 lw               x7, 36(x15)          x7=40e4781f x15:1c0107f0  PA:1c010814
18267472ns          314528 1c0086e4 3088f8c3 fmadd.s          f17, f17, f8, f6    f17=xxxxxxxx f17:412d026c  f8:3f2ec91c  f6:449fd429
18267492ns          314529 1c0086e8 1106f853 fmul.s           f16, f13, f16       f16=xxxxxxxx f13:40fba772 f16:40644ad7
18267512ns          314530 1c0086ec 000ea303 lw               x6, 0(x29)           x6=40c2fe93 x29:10000e68  PA:10000e68
18267532ns          314531 1c0086f0 02878793 addi             x15, x15, 40        x15=1c010818 x15:1c0107f0
18267552ns          314532 1c0086f4 88787843 fmadd.s          f16, f16, f7, f17   f16=xxxxxxxx f16:41e06ab3  f7:40e4781f f17:44a0c068
18267572ns          314533 1c0086f8 80e37843 fmadd.s          f16, f6, f14, f16   f16=xxxxxxxx  f6:40c2fe93 f14:41063542 f16:44b9c973
18267592ns          314534 1c0086fc 030ea42b p.sw             x16, 40(x29!)       x29=10000e90 x16:44c02d10 x29:10000e68  PA:10000e68
18267611ns          314535 1c008658 00052803 lw               x16, 0(x10)         x16=408b6b75 x10:1c010e40  PA:1c010e40
18267910ns          314550 1c00865c 0007a883 lw               x17, 0(x15)         x17=3f272773 x15:1c010818  PA:1c010818
18268228ns          314566 1c008660 1106f853 fmul.s           f16, f13, f16       f16=xxxxxxxx f13:40fba772 f16:408b6b75
18268248ns          314567 1c008664 02852303 lw               x6, 40(x10)          x6=4084627c x10:1c010e40  PA:1c010e68
18268546ns          314582 1c008668 0047a383 lw               x7, 4(x15)           x7=40fbcae6 x15:1c010818  PA:1c01081c
18268845ns          314597 1c00866c f1187843 fmadd.s          f16, f16, f17, f30  f16=xxxxxxxx f16:42090d8d f17:3f272773 f30:00000000
18268865ns          314598 1c008670 1066f353 fmul.s           f6, f13, f6          f6=xxxxxxxx f13:40fba772  f6:4084627c
18268884ns          314599 1c008674 05052883 lw               x17, 80(x10)        x17=403e4410 x10:1c010e40  PA:1c010e90
18269203ns          314615 1c008678 0087a403 lw               x8, 8(x15)           x8=3da795cc x15:1c010818  PA:1c010820
18269501ns          314630 1c00867a 80737343 fmadd.s          f6, f6, f7, f16      f6=xxxxxxxx  f6:42022327  f7:40fbcae6 f16:41b2f9eb
18269521ns          314631 1c00867e 1116f8d3 fmul.s           f17, f13, f17       f17=xxxxxxxx f13:40fba772 f17:403e4410
18269541ns          314632 1c008682 07852803 lw               x16, 120(x10)       x16=40572350 x10:1c010e40  PA:1c010eb8
18269839ns          314647 1c008686 00c7a383 lw               x7, 12(x15)          x7=410c9940 x15:1c010818  PA:1c010824
18270138ns          314662 1c00868a 3088f8c3 fmadd.s          f17, f17, f8, f6    f17=xxxxxxxx f17:41bb092f  f8:3da795cc  f6:438b2f3b
18270157ns          314663 1c00868e 1106f853 fmul.s           f16, f13, f16       f16=xxxxxxxx f13:40fba772 f16:40572350
18270177ns          314664 1c008692 0a052303 lw               x6, 160(x10)         x6=40c41bd9 x10:1c010e40  PA:1c010ee0
18270496ns          314680 1c008696 0107a403 lw               x8, 16(x15)          x8=3f901a6a x15:1c010818  PA:1c010828
18270794ns          314695 1c008698 88787843 fmadd.s          f16, f16, f7, f17   f16=xxxxxxxx f16:41d37c57  f7:410c9940 f17:438c241c
18270814ns          314696 1c00869c 1066f353 fmul.s           f6, f13, f6          f6=xxxxxxxx f13:40fba772  f6:40c41bd9
18270834ns          314697 1c0086a0 0c852883 lw               x17, 200(x10)       x17=4104c41e x10:1c010e40  PA:1c010f08
18271132ns          314712 1c0086a4 0147a383 lw               x7, 20(x15)          x7=3f9e8be7 x15:1c010818  PA:1c01082c
18271430ns          314727 1c0086a8 80837343 fmadd.s          f6, f6, f8, f16      f6=xxxxxxxx  f6:4240c793  f8:3f901a6a f16:4400255b
18271450ns          314728 1c0086ac 1116f8d3 fmul.s           f17, f13, f17       f17=xxxxxxxx f13:40fba772 f17:4104c41e
18271470ns          314729 1c0086b0 0f052803 lw               x16, 240(x10)       x16=411d10c3 x10:1c010e40  PA:1c010f30
18271789ns          314745 1c0086b4 0187a403 lw               x8, 24(x15)          x8=4103c6ee x15:1c010818  PA:1c010830
18272087ns          314760 1c0086b6 3078f8c3 fmadd.s          f17, f17, f7, f6    f17=xxxxxxxx f17:42828320  f7:3f9e8be7  f6:440db5e0
18272107ns          314761 1c0086ba 1106f853 fmul.s           f16, f13, f16       f16=xxxxxxxx f13:40fba772 f16:411d10c3
18272127ns          314762 1c0086be 11852303 lw               x6, 280(x10)         x6=404ae8bd x10:1c010e40  PA:1c010f58
18272425ns          314777 1c0086c2 01c7a383 lw               x7, 28(x15)          x7=408d0c20 x15:1c010818  PA:1c010834
18272723ns          314792 1c0086c6 88887843 fmadd.s          f16, f16, f8, f17   f16=xxxxxxxx f16:429a662b  f8:4103c6ee f17:4421eaf0
18272743ns          314793 1c0086ca 1066f353 fmul.s           f6, f13, f6          f6=xxxxxxxx f13:40fba772  f6:404ae8bd
18272763ns          314794 1c0086ce 14052883 lw               x17, 320(x10)       x17=3fafff4b x10:1c010e40  PA:1c010f80
18273081ns          314810 1c0086d2 0207a403 lw               x8, 32(x15)          x8=4067c495 x15:1c010818  PA:1c010838
18273380ns          314825 1c0086d4 80737343 fmadd.s          f6, f6, f7, f16      f6=xxxxxxxx  f6:41c776e9  f7:408d0c20 f16:44a06fbb
18273400ns          314826 1c0086d8 1116f8d3 fmul.s           f17, f13, f17       f17=xxxxxxxx f13:40fba772 f17:3fafff4b
18273420ns          314827 1c0086dc 16852803 lw               x16, 360(x10)       x16=40644ad7 x10:1c010e40  PA:1c010fa8
18273718ns          314842 1c0086e0 0247a383 lw               x7, 36(x15)          x7=409f3d2d x15:1c010818  PA:1c01083c
18274016ns          314857 1c0086e4 3088f8c3 fmadd.s          f17, f17, f8, f6    f17=xxxxxxxx f17:412d026c  f8:4067c495  f6:44ae2c79
18274036ns          314858 1c0086e8 1106f853 fmul.s           f16, f13, f16       f16=xxxxxxxx f13:40fba772 f16:40644ad7
18274056ns          314859 1c0086ec 000ea303 lw               x6, 0(x29)           x6=40702f63 x29:10000e90  PA:10000e90
18274076ns          314860 1c0086f0 02878793 addi             x15, x15, 40        x15=1c010840 x15:1c010818
18274096ns          314861 1c0086f4 88787843 fmadd.s          f16, f16, f7, f17   f16=xxxxxxxx f16:41e06ab3  f7:409f3d2d f17:44b31189
18274116ns          314862 1c0086f8 80e37843 fmadd.s          f16, f6, f14, f16   f16=xxxxxxxx  f6:40702f63 f14:41063542 f16:44c48486
18274136ns          314863 1c0086fc 030ea42b p.sw             x16, 40(x29!)       x29=10000eb8 x16:44c873dc x29:10000e90  PA:10000e90
18274156ns          314864 1c008658 00052803 lw               x16, 0(x10)         x16=408b6b75 x10:1c010e40  PA:1c010e40
18274474ns          314880 1c00865c 0007a883 lw               x17, 0(x15)         x17=3f5d3e32 x15:1c010840  PA:1c010840
18274772ns          314895 1c008660 1106f853 fmul.s           f16, f13, f16       f16=xxxxxxxx f13:40fba772 f16:408b6b75
18274792ns          314896 1c008664 02852303 lw               x6, 40(x10)          x6=4084627c x10:1c010e40  PA:1c010e68
18275090ns          314911 1c008668 0047a383 lw               x7, 4(x15)           x7=3fb23088 x15:1c010840  PA:1c010844
18275389ns          314926 1c00866c f1187843 fmadd.s          f16, f16, f17, f30  f16=xxxxxxxx f16:42090d8d f17:3f5d3e32 f30:00000000
18275409ns          314927 1c008670 1066f353 fmul.s           f6, f13, f6          f6=xxxxxxxx f13:40fba772  f6:4084627c
18275429ns          314928 1c008674 05052883 lw               x17, 80(x10)        x17=403e4410 x10:1c010e40  PA:1c010e90
18275747ns          314944 1c008678 0087a403 lw               x8, 8(x15)           x8=40868824 x15:1c010840  PA:1c010848
18276045ns          314959 1c00867a 80737343 fmadd.s          f6, f6, f7, f16      f6=xxxxxxxx  f6:42022327  f7:3fb23088 f16:41ece3fe
18276065ns          314960 1c00867e 1116f8d3 fmul.s           f17, f13, f17       f17=xxxxxxxx f13:40fba772 f17:403e4410
18276085ns          314961 1c008682 07852803 lw               x16, 120(x10)       x16=40572350 x10:1c010e40  PA:1c010eb8
18276383ns          314976 1c008686 00c7a383 lw               x7, 12(x15)          x7=40118528 x15:1c010840  PA:1c01084c
18276682ns          314991 1c00868a 3088f8c3 fmadd.s          f17, f17, f8, f6    f17=xxxxxxxx f17:41bb092f  f8:40868824  f6:4295ce1c
18276702ns          314992 1c00868e 1106f853 fmul.s           f16, f13, f16       f16=xxxxxxxx f13:40fba772 f16:40572350
18276721ns          314993 1c008692 0a052303 lw               x6, 160(x10)         x6=40c41bd9 x10:1c010e40  PA:1c010ee0
18277020ns          315008 1c008696 0107a403 lw               x8, 16(x15)          x8=40f2255b x15:1c010840  PA:1c010850
18277318ns          315023 1c008698 88787843 fmadd.s          f16, f16, f7, f17   f16=xxxxxxxx f16:41d37c57  f7:40118528 f17:432d3154
18277338ns          315024 1c00869c 1066f353 fmul.s           f6, f13, f6          f6=xxxxxxxx f13:40fba772  f6:40c41bd9
18277358ns          315025 1c0086a0 0c852883 lw               x17, 200(x10)       x17=4104c41e x10:1c010e40  PA:1c010f08
18277656ns          315040 1c0086a4 0147a383 lw               x7, 20(x15)          x7=410d9210 x15:1c010840  PA:1c010854
18277955ns          315055 1c0086a8 80837343 fmadd.s          f6, f6, f8, f16      f6=xxxxxxxx  f6:4240c793  f8:40f2255b f16:43694d0b
18277975ns          315056 1c0086ac 1116f8d3 fmul.s           f17, f13, f17       f17=xxxxxxxx f13:40fba772 f17:4104c41e
18277994ns          315057 1c0086b0 0f052803 lw               x16, 240(x10)       x16=411d10c3 x10:1c010e40  PA:1c010f30
18278293ns          315072 1c0086b4 0187a403 lw               x8, 24(x15)          x8=404f08ae x15:1c010840  PA:1c010858
18278591ns          315087 1c0086b6 3078f8c3 fmadd.s          f17, f17, f7, f6    f17=xxxxxxxx f17:42828320  f7:410d9210  f6:44157fa8
18278611ns          315088 1c0086ba 1106f853 fmul.s           f16, f13, f16       f16=xxxxxxxx f13:40fba772 f16:411d10c3
18278631ns          315089 1c0086be 11852303 lw               x6, 280(x10)         x6=404ae8bd x10:1c010e40  PA:1c010f58
18278929ns          315104 1c0086c2 01c7a383 lw               x7, 28(x15)          x7=40856e55 x15:1c010840  PA:1c01085c
18279228ns          315119 1c0086c6 88887843 fmadd.s          f16, f16, f8, f17   f16=xxxxxxxx f16:429a662b  f8:404f08ae f17:4492ec84
18279248ns          315120 1c0086ca 1066f353 fmul.s           f6, f13, f6          f6=xxxxxxxx f13:40fba772  f6:404ae8bd
18279267ns          315121 1c0086ce 14052883 lw               x17, 320(x10)       x17=3fafff4b x10:1c010e40  PA:1c010f80
18279566ns          315136 1c0086d2 0207a403 lw               x8, 32(x15)          x8=40ad535a x15:1c010840  PA:1c010860
18279864ns          315151 1c0086d4 80737343 fmadd.s          f6, f6, f7, f16      f6=xxxxxxxx  f6:41c776e9  f7:40856e55 f16:44b223fa
18279884ns          315152 1c0086d8 1116f8d3 fmul.s           f17, f13, f17       f17=xxxxxxxx f13:40fba772 f17:3fafff4b
18279904ns          315153 1c0086dc 16852803 lw               x16, 360(x10)       x16=40644ad7 x10:1c010e40  PA:1c010fa8
18280202ns          315168 1c0086e0 0247a383 lw               x7, 36(x15)          x7=40c3d18a x15:1c010840  PA:1c010864
18280501ns          315183 1c0086e4 3088f8c3 fmadd.s          f17, f17, f8, f6    f17=xxxxxxxx f17:412d026c  f8:40ad535a  f6:44bf22d2
18280521ns          315184 1c0086e8 1106f853 fmul.s           f16, f13, f16       f16=xxxxxxxx f13:40fba772 f16:40644ad7
18280540ns          315185 1c0086ec 000ea303 lw               x6, 0(x29)           x6=3f368d64 x29:10000eb8  PA:10000eb8
18280560ns          315186 1c0086f0 02878793 addi             x15, x15, 40        x15=1c010868 x15:1c010840
18280580ns          315187 1c0086f4 88787843 fmadd.s          f16, f16, f7, f17   f16=xxxxxxxx f16:41e06ab3  f7:40c3d18a f17:44c67501
18280600ns          315188 1c0086f8 80e37843 fmadd.s          f16, f6, f14, f16   f16=xxxxxxxx  f6:3f368d64 f14:41063542 f16:44dbea20
18280620ns          315189 1c0086fc 030ea42b p.sw             x16, 40(x29!)       x29=10000ee0 x16:44dca988 x29:10000eb8  PA:10000eb8
18280640ns          315190 1c008658 00052803 lw               x16, 0(x10)         x16=408b6b75 x10:1c010e40  PA:1c010e40
18280938ns          315205 1c00865c 0007a883 lw               x17, 0(x15)         x17=406f2a46 x15:1c010868  PA:1c010868
18281237ns          315220 1c008660 1106f853 fmul.s           f16, f13, f16       f16=xxxxxxxx f13:40fba772 f16:408b6b75
18281257ns          315221 1c008664 02852303 lw               x6, 40(x10)          x6=4084627c x10:1c010e40  PA:1c010e68
18281555ns          315236 1c008668 0047a383 lw               x7, 4(x15)           x7=3dd5cc68 x15:1c010868  PA:1c01086c
18281853ns          315251 1c00866c f1187843 fmadd.s          f16, f16, f17, f30  f16=xxxxxxxx f16:42090d8d f17:406f2a46 f30:00000000
18281873ns          315252 1c008670 1066f353 fmul.s           f6, f13, f6          f6=xxxxxxxx f13:40fba772  f6:4084627c
18281893ns          315253 1c008674 05052883 lw               x17, 80(x10)        x17=403e4410 x10:1c010e40  PA:1c010e90
18282191ns          315268 1c008678 0087a403 lw               x8, 8(x15)           x8=3f3e56f1 x15:1c010868  PA:1c010870
18282510ns          315284 1c00867a 80737343 fmadd.s          f6, f6, f7, f16      f6=xxxxxxxx  f6:42022327  f7:3dd5cc68 f16:43000a48
18282530ns          315285 1c00867e 1116f8d3 fmul.s           f17, f13, f17       f17=xxxxxxxx f13:40fba772 f17:403e4410
18282549ns          315286 1c008682 07852803 lw               x16, 120(x10)       x16=40572350 x10:1c010e40  PA:1c010eb8
18282848ns          315301 1c008686 00c7a383 lw               x7, 12(x15)          x7=3fa5c9e3 x15:1c010868  PA:1c010874
18283146ns          315316 1c00868a 3088f8c3 fmadd.s          f17, f17, f8, f6    f17=xxxxxxxx f17:41bb092f  f8:3f3e56f1  f6:43036fc1
18283166ns          315317 1c00868e 1106f853 fmul.s           f16, f13, f16       f16=xxxxxxxx f13:40fba772 f16:40572350
18283186ns          315318 1c008692 0a052303 lw               x6, 160(x10)         x6=40c41bd9 x10:1c010e40  PA:1c010ee0
18283484ns          315333 1c008696 0107a403 lw               x8, 16(x15)          x8=3f2ad00d x15:1c010868  PA:1c010878
18283803ns          315349 1c008698 88787843 fmadd.s          f16, f16, f7, f17   f16=xxxxxxxx f16:41d37c57  f7:3fa5c9e3 f17:4314d1cc
18283822ns          315350 1c00869c 1066f353 fmul.s           f6, f13, f6          f6=xxxxxxxx f13:40fba772  f6:40c41bd9
18283842ns          315351 1c0086a0 0c852883 lw               x17, 200(x10)       x17=4104c41e x10:1c010e40  PA:1c010f08
18284141ns          315366 1c0086a4 0147a383 lw               x7, 20(x15)          x7=4113cf5d x15:1c010868  PA:1c01087c
18284439ns          315381 1c0086a8 80837343 fmadd.s          f6, f6, f8, f16      f6=xxxxxxxx  f6:4240c793  f8:3f2ad00d f16:43370f47
18284459ns          315382 1c0086ac 1116f8d3 fmul.s           f17, f13, f17       f17=xxxxxxxx f13:40fba772 f17:4104c41e
18284479ns          315383 1c0086b0 0f052803 lw               x16, 240(x10)       x16=411d10c3 x10:1c010e40  PA:1c010f30
18284777ns          315398 1c0086b4 0187a403 lw               x8, 24(x15)          x8=4028cf98 x15:1c010868  PA:1c010880
18285095ns          315414 1c0086b6 3078f8c3 fmadd.s          f17, f17, f7, f6    f17=xxxxxxxx f17:42828320  f7:4113cf5d  f6:43573794
18285115ns          315415 1c0086ba 1106f853 fmul.s           f16, f13, f16       f16=xxxxxxxx f13:40fba772 f16:411d10c3
18285135ns          315416 1c0086be 11852303 lw               x6, 280(x10)         x6=404ae8bd x10:1c010e40  PA:1c010f58
18285434ns          315431 1c0086c2 01c7a383 lw               x7, 28(x15)          x7=3fa13eed x15:1c010868  PA:1c010884
18285732ns          315446 1c0086c6 88887843 fmadd.s          f16, f16, f8, f17   f16=xxxxxxxx f16:429a662b  f8:4028cf98 f17:444c83eb
18285752ns          315447 1c0086ca 1066f353 fmul.s           f6, f13, f6          f6=xxxxxxxx f13:40fba772  f6:404ae8bd
18285772ns          315448 1c0086ce 14052883 lw               x17, 320(x10)       x17=3fafff4b x10:1c010e40  PA:1c010f80
18286070ns          315463 1c0086d2 0207a403 lw               x8, 32(x15)          x8=40a9fcb3 x15:1c010868  PA:1c010888
18286388ns          315479 1c0086d4 80737343 fmadd.s          f6, f6, f7, f16      f6=xxxxxxxx  f6:41c776e9  f7:3fa13eed f16:447f6c0b
18286408ns          315480 1c0086d8 1116f8d3 fmul.s           f17, f13, f17       f17=xxxxxxxx f13:40fba772 f17:3fafff4b
18286428ns          315481 1c0086dc 16852803 lw               x16, 360(x10)       x16=40644ad7 x10:1c010e40  PA:1c010fa8
18286726ns          315496 1c0086e0 0247a383 lw               x7, 36(x15)          x7=40bdf671 x15:1c010868  PA:1c01088c
18287025ns          315511 1c0086e4 3088f8c3 fmadd.s          f17, f17, f8, f6    f17=xxxxxxxx f17:412d026c  f8:40a9fcb3  f6:4483a31c
18287045ns          315512 1c0086e8 1106f853 fmul.s           f16, f13, f16       f16=xxxxxxxx f13:40fba772 f16:40644ad7
18287065ns          315513 1c0086ec 000ea303 lw               x6, 0(x29)           x6=40c0258a x29:10000ee0  PA:10000ee0
18287085ns          315514 1c0086f0 02878793 addi             x15, x15, 40        x15=1c010890 x15:1c010868
18287104ns          315515 1c0086f4 88787843 fmadd.s          f16, f16, f7, f17   f16=xxxxxxxx f16:41e06ab3  f7:40bdf671 f17:448ad132
18287124ns          315516 1c0086f8 80e37843 fmadd.s          f16, f6, f14, f16   f16=xxxxxxxx  f6:40c0258a f14:41063542 f16:449fa20c
18287144ns          315517 1c0086fc 030ea42b p.sw             x16, 40(x29!)       x29=10000f08 x16:44a5edc6 x29:10000ee0  PA:10000ee0
18287164ns          315518 1c008658 00052803 lw               x16, 0(x10)         x16=408b6b75 x10:1c010e40  PA:1c010e40
18287462ns          315533 1c00865c 0007a883 lw               x17, 0(x15)         x17=4119a00a x15:1c010890  PA:1c010890
18287781ns          315549 1c008660 1106f853 fmul.s           f16, f13, f16       f16=xxxxxxxx f13:40fba772 f16:408b6b75
18287801ns          315550 1c008664 02852303 lw               x6, 40(x10)          x6=4084627c x10:1c010e40  PA:1c010e68
18288099ns          315565 1c008668 0047a383 lw               x7, 4(x15)           x7=40642f0b x15:1c010890  PA:1c010894
18288397ns          315580 1c00866c f1187843 fmadd.s          f16, f16, f17, f30  f16=xxxxxxxx f16:42090d8d f17:4119a00a f30:00000000
18288417ns          315581 1c008670 1066f353 fmul.s           f6, f13, f6          f6=xxxxxxxx f13:40fba772  f6:4084627c
18288437ns          315582 1c008674 05052883 lw               x17, 80(x10)        x17=403e4410 x10:1c010e40  PA:1c010e90
18288735ns          315597 1c008678 0087a403 lw               x8, 8(x15)           x8=40ede3a4 x15:1c010890  PA:1c010898
18289054ns          315613 1c00867a 80737343 fmadd.s          f6, f6, f7, f16      f6=xxxxxxxx  f6:42022327  f7:40642f0b f16:43a47d8e
18289074ns          315614 1c00867e 1116f8d3 fmul.s           f17, f13, f17       f17=xxxxxxxx f13:40fba772 f17:403e4410
18289093ns          315615 1c008682 07852803 lw               x16, 120(x10)       x16=40572350 x10:1c010e40  PA:1c010eb8
18289392ns          315630 1c008686 00c7a383 lw               x7, 12(x15)          x7=3f84672f x15:1c010890  PA:1c01089c
18289690ns          315645 1c00868a 3088f8c3 fmadd.s          f17, f17, f8, f6    f17=xxxxxxxx f17:41bb092f  f8:40ede3a4  f6:43de7d2a
18289710ns          315646 1c00868e 1106f853 fmul.s           f16, f13, f16       f16=xxxxxxxx f13:40fba772 f16:40572350
18289730ns          315647 1c008692 0a052303 lw               x6, 160(x10)         x6=40c41bd9 x10:1c010e40  PA:1c010ee0
18290028ns          315662 1c008696 0107a403 lw               x8, 16(x15)          x8=40854cea x15:1c010890  PA:1c0108a0
18290327ns          315677 1c008698 88787843 fmadd.s          f16, f16, f7, f17   f16=xxxxxxxx f16:41d37c57  f7:3f84672f f17:441ab209
18290347ns          315678 1c00869c 1066f353 fmul.s           f6, f13, f6          f6=xxxxxxxx f13:40fba772  f6:40c41bd9
18290366ns          315679 1c0086a0 0c852883 lw               x17, 200(x10)       x17=4104c41e x10:1c010e40  PA:1c010f08
18290665ns          315694 1c0086a4 0147a383 lw               x7, 20(x15)          x7=4100bd62 x15:1c010890  PA:1c0108a4
18290963ns          315709 1c0086a8 80837343 fmadd.s          f6, f6, f8, f16      f6=xxxxxxxx  f6:4240c793  f8:40854cea f16:4421881f
18290983ns          315710 1c0086ac 1116f8d3 fmul.s           f17, f13, f17       f17=xxxxxxxx f13:40fba772 f17:4104c41e
18291003ns          315711 1c0086b0 0f052803 lw               x16, 240(x10)       x16=411d10c3 x10:1c010e40  PA:1c010f30
18291301ns          315726 1c0086b4 0187a403 lw               x8, 24(x15)          x8=4079a1a7 x15:1c010890  PA:1c0108a8
18291600ns          315741 1c0086b6 3078f8c3 fmadd.s          f17, f17, f7, f6    f17=xxxxxxxx f17:42828320  f7:4100bd62  f6:4453b8ec
18291620ns          315742 1c0086ba 1106f853 fmul.s           f16, f13, f16       f16=xxxxxxxx f13:40fba772 f16:411d10c3
18291639ns          315743 1c0086be 11852303 lw               x6, 280(x10)         x6=404ae8bd x10:1c010e40  PA:1c010f58
18291938ns          315758 1c0086c2 01c7a383 lw               x7, 28(x15)          x7=40ac177a x15:1c010890  PA:1c0108ac
18292236ns          315773 1c0086c6 88887843 fmadd.s          f16, f16, f8, f17   f16=xxxxxxxx f16:429a662b  f8:4079a1a7 f17:44ab7e93
18292256ns          315774 1c0086ca 1066f353 fmul.s           f6, f13, f6          f6=xxxxxxxx f13:40fba772  f6:404ae8bd
18292276ns          315775 1c0086ce 14052883 lw               x17, 320(x10)       x17=3fafff4b x10:1c010e40  PA:1c010f80
18292574ns          315790 1c0086d2 0207a403 lw               x8, 32(x15)          x8=411507cf x15:1c010890  PA:1c0108b0
18292873ns          315805 1c0086d4 80737343 fmadd.s          f6, f6, f7, f16      f6=xxxxxxxx  f6:41c776e9  f7:40ac177a f16:44d1224b
18292893ns          315806 1c0086d8 1116f8d3 fmul.s           f17, f13, f17       f17=xxxxxxxx f13:40fba772 f17:3fafff4b
18292913ns          315807 1c0086dc 16852803 lw               x16, 360(x10)       x16=40644ad7 x10:1c010e40  PA:1c010fa8
18293211ns          315822 1c0086e0 0247a383 lw               x7, 36(x15)          x7=41055ac8 x15:1c010890  PA:1c0108b4
18293509ns          315837 1c0086e4 3088f8c3 fmadd.s          f17, f17, f8, f6    f17=xxxxxxxx f17:412d026c  f8:411507cf  f6:44e1e511
18293529ns          315838 1c0086e8 1106f853 fmul.s           f16, f13, f16       f16=xxxxxxxx f13:40fba772 f16:40644ad7
18293549ns          315839 1c0086ec 000ea303 lw               x6, 0(x29)           x6=405b349f x29:10000f08  PA:10000f08
18293569ns          315840 1c0086f0 02878793 addi             x15, x15, 40        x15=1c0108b8 x15:1c010890
18293589ns          315841 1c0086f4 88787843 fmadd.s          f16, f16, f7, f17   f16=xxxxxxxx f16:41e06ab3  f7:41055ac8 f17:44ee7c07
18293609ns          315842 1c0086f8 80e37843 fmadd.s          f16, f6, f14, f16   f16=xxxxxxxx  f6:405b349f f14:41063542 f16:4505dae4
18293629ns          315843 1c0086fc 030ea42b p.sw             x16, 40(x29!)       x29=10000f30 x16:4507a691 x29:10000f08  PA:10000f08
18293648ns          315844 1c008658 00052803 lw               x16, 0(x10)         x16=408b6b75 x10:1c010e40  PA:1c010e40
18293947ns          315859 1c00865c 0007a883 lw               x17, 0(x15)         x17=401ca5ad x15:1c0108b8  PA:1c0108b8
18294245ns          315874 1c008660 1106f853 fmul.s           f16, f13, f16       f16=xxxxxxxx f13:40fba772 f16:408b6b75
18294265ns          315875 1c008664 02852303 lw               x6, 40(x10)          x6=4084627c x10:1c010e40  PA:1c010e68
18294563ns          315890 1c008668 0047a383 lw               x7, 4(x15)           x7=4104807b x15:1c0108b8  PA:1c0108bc
18294862ns          315905 1c00866c f1187843 fmadd.s          f16, f16, f17, f30  f16=xxxxxxxx f16:42090d8d f17:401ca5ad f30:00000000
18294882ns          315906 1c008670 1066f353 fmul.s           f6, f13, f6          f6=xxxxxxxx f13:40fba772  f6:4084627c
18294902ns          315907 1c008674 05052883 lw               x17, 80(x10)        x17=403e4410 x10:1c010e40  PA:1c010e90
18295200ns          315922 1c008678 0087a403 lw               x8, 8(x15)           x8=3fa0c982 x15:1c0108b8  PA:1c0108c0
18295498ns          315937 1c00867a 80737343 fmadd.s          f6, f6, f7, f16      f6=xxxxxxxx  f6:42022327  f7:4104807b f16:42a7b9e9
18295518ns          315938 1c00867e 1116f8d3 fmul.s           f17, f13, f17       f17=xxxxxxxx f13:40fba772 f17:403e4410
18295538ns          315939 1c008682 07852803 lw               x16, 120(x10)       x16=40572350 x10:1c010e40  PA:1c010eb8
18295836ns          315954 1c008686 00c7a383 lw               x7, 12(x15)          x7=408f6bde x15:1c0108b8  PA:1c0108c4
18296135ns          315969 1c00868a 3088f8c3 fmadd.s          f17, f17, f8, f6    f17=xxxxxxxx f17:41bb092f  f8:3fa0c982  f6:43b0a55b
18296155ns          315970 1c00868e 1106f853 fmul.s           f16, f13, f16       f16=xxxxxxxx f13:40fba772 f16:40572350
18296175ns          315971 1c008692 0a052303 lw               x6, 160(x10)         x6=40c41bd9 x10:1c010e40  PA:1c010ee0
18296473ns          315986 1c008696 0107a403 lw               x8, 16(x15)          x8=40843960 x15:1c0108b8  PA:1c0108c8
18296771ns          316001 1c008698 88787843 fmadd.s          f16, f16, f7, f17   f16=xxxxxxxx f16:41d37c57  f7:408f6bde f17:43bf547a
18296791ns          316002 1c00869c 1066f353 fmul.s           f6, f13, f6          f6=xxxxxxxx f13:40fba772  f6:40c41bd9
18296811ns          316003 1c0086a0 0c852883 lw               x17, 200(x10)       x17=4104c41e x10:1c010e40  PA:1c010f08
18297129ns          316019 1c0086a4 0147a383 lw               x7, 20(x15)          x7=40ca1d6a x15:1c0108b8  PA:1c0108cc
18297428ns          316034 1c0086a8 80837343 fmadd.s          f6, f6, f8, f16      f6=xxxxxxxx  f6:4240c793  f8:40843960 f16:43fa9242
18297448ns          316035 1c0086ac 1116f8d3 fmul.s           f17, f13, f17       f17=xxxxxxxx f13:40fba772 f17:4104c41e
18297467ns          316036 1c0086b0 0f052803 lw               x16, 240(x10)       x16=411d10c3 x10:1c010e40  PA:1c010f30
18297766ns          316051 1c0086b4 0187a403 lw               x8, 24(x15)          x8=40329514 x15:1c0108b8  PA:1c0108d0
18298064ns          316066 1c0086b6 3078f8c3 fmadd.s          f17, f17, f7, f6    f17=xxxxxxxx f17:42828320  f7:40ca1d6a  f6:442f122f
18298084ns          316067 1c0086ba 1106f853 fmul.s           f16, f13, f16       f16=xxxxxxxx f13:40fba772 f16:411d10c3
18298104ns          316068 1c0086be 11852303 lw               x6, 280(x10)         x6=404ae8bd x10:1c010e40  PA:1c010f58
18298422ns          316084 1c0086c2 01c7a383 lw               x7, 28(x15)          x7=41042b0b x15:1c0108b8  PA:1c0108d4
18298721ns          316099 1c0086c6 88887843 fmadd.s          f16, f16, f8, f17   f16=xxxxxxxx f16:429a662b  f8:40329514 f17:448b0e53
18298740ns          316100 1c0086ca 1066f353 fmul.s           f6, f13, f6          f6=xxxxxxxx f13:40fba772  f6:404ae8bd
18298760ns          316101 1c0086ce 14052883 lw               x17, 320(x10)       x17=3fafff4b x10:1c010e40  PA:1c010f80
18299059ns          316116 1c0086d2 0207a403 lw               x8, 32(x15)          x8=4116f4ed x15:1c0108b8  PA:1c0108d8
18299357ns          316131 1c0086d4 80737343 fmadd.s          f6, f6, f7, f16      f6=xxxxxxxx  f6:41c776e9  f7:41042b0b f16:44a5fb90
18299377ns          316132 1c0086d8 1116f8d3 fmul.s           f17, f13, f17       f17=xxxxxxxx f13:40fba772 f17:3fafff4b
18299397ns          316133 1c0086dc 16852803 lw               x16, 360(x10)       x16=40644ad7 x10:1c010e40  PA:1c010fa8
18299715ns          316149 1c0086e0 0247a383 lw               x7, 36(x15)          x7=40d1fecf x15:1c0108b8  PA:1c0108dc
18300014ns          316164 1c0086e4 3088f8c3 fmadd.s          f17, f17, f8, f6    f17=xxxxxxxx f17:412d026c  f8:4116f4ed  f6:44bfba46
18300033ns          316165 1c0086e8 1106f853 fmul.s           f16, f13, f16       f16=xxxxxxxx f13:40fba772 f16:40644ad7
18300053ns          316166 1c0086ec 000ea303 lw               x6, 0(x29)           x6=408422e2 x29:10000f30  PA:10000f30
18300073ns          316167 1c0086f0 02878793 addi             x15, x15, 40        x15=1c0108e0 x15:1c0108b8
18300093ns          316168 1c0086f4 88787843 fmadd.s          f16, f16, f7, f17   f16=xxxxxxxx f16:41e06ab3  f7:40d1fecf f17:44cc7ae4
18300113ns          316169 1c0086f8 80e37843 fmadd.s          f16, f6, f14, f16   f16=xxxxxxxx  f6:408422e2 f14:41063542 f16:44e37db3
18300133ns          316170 1c0086fc 030ea42b p.sw             x16, 40(x29!)       x29=10000f58 x16:44e7d20f x29:10000f30  PA:10000f30
18300153ns          316171 1c008658 00052803 lw               x16, 0(x10)         x16=408b6b75 x10:1c010e40  PA:1c010e40
18300451ns          316186 1c00865c 0007a883 lw               x17, 0(x15)         x17=40a54233 x15:1c0108e0  PA:1c0108e0
18300749ns          316201 1c008660 1106f853 fmul.s           f16, f13, f16       f16=xxxxxxxx f13:40fba772 f16:408b6b75
18300769ns          316202 1c008664 02852303 lw               x6, 40(x10)          x6=4084627c x10:1c010e40  PA:1c010e68
18301088ns          316218 1c008668 0047a383 lw               x7, 4(x15)           x7=4093ed2a x15:1c0108e0  PA:1c0108e4
18301386ns          316233 1c00866c f1187843 fmadd.s          f16, f16, f17, f30  f16=xxxxxxxx f16:42090d8d f17:40a54233 f30:00000000
18301406ns          316234 1c008670 1066f353 fmul.s           f6, f13, f6          f6=xxxxxxxx f13:40fba772  f6:4084627c
18301426ns          316235 1c008674 05052883 lw               x17, 80(x10)        x17=403e4410 x10:1c010e40  PA:1c010e90
18301724ns          316250 1c008678 0087a403 lw               x8, 8(x15)           x8=40fe6095 x15:1c0108e0  PA:1c0108e8
18302022ns          316265 1c00867a 80737343 fmadd.s          f6, f6, f7, f16      f6=xxxxxxxx  f6:42022327  f7:4093ed2a f16:4330f259
18302042ns          316266 1c00867e 1116f8d3 fmul.s           f17, f13, f17       f17=xxxxxxxx f13:40fba772 f17:403e4410
18302062ns          316267 1c008682 07852803 lw               x16, 120(x10)       x16=40572350 x10:1c010e40  PA:1c010eb8
18302381ns          316283 1c008686 00c7a383 lw               x7, 12(x15)          x7=3e9d6a6e x15:1c0108e0  PA:1c0108ec
18302679ns          316298 1c00868a 3088f8c3 fmadd.s          f17, f17, f8, f6    f17=xxxxxxxx f17:41bb092f  f8:40fe6095  f6:43a3abec
18302699ns          316299 1c00868e 1106f853 fmul.s           f16, f13, f16       f16=xxxxxxxx f13:40fba772 f16:40572350
18302719ns          316300 1c008692 0a052303 lw               x6, 160(x10)         x6=40c41bd9 x10:1c010e40  PA:1c010ee0
18303017ns          316315 1c008696 0107a403 lw               x8, 16(x15)          x8=4092d176 x15:1c0108e0  PA:1c0108f0
18303315ns          316330 1c008698 88787843 fmadd.s          f16, f16, f7, f17   f16=xxxxxxxx f16:41d37c57  f7:3e9d6a6e f17:44004c61
18303335ns          316331 1c00869c 1066f353 fmul.s           f6, f13, f6          f6=xxxxxxxx f13:40fba772  f6:40c41bd9
18303355ns          316332 1c0086a0 0c852883 lw               x17, 200(x10)       x17=4104c41e x10:1c010e40  PA:1c010f08
18303654ns          316347 1c0086a4 0147a383 lw               x7, 20(x15)          x7=4088f69f x15:1c0108e0  PA:1c0108f4
18303952ns          316362 1c0086a8 80837343 fmadd.s          f6, f6, f8, f16      f6=xxxxxxxx  f6:4240c793  f8:4092d176 f16:4402548e
18303972ns          316363 1c0086ac 1116f8d3 fmul.s           f17, f13, f17       f17=xxxxxxxx f13:40fba772 f17:4104c41e
18303992ns          316364 1c0086b0 0f052803 lw               x16, 240(x10)       x16=411d10c3 x10:1c010e40  PA:1c010f30
18304290ns          316379 1c0086b4 0187a403 lw               x8, 24(x15)          x8=40f68caa x15:1c0108e0  PA:1c0108f8
18304588ns          316394 1c0086b6 3078f8c3 fmadd.s          f17, f17, f7, f6    f17=xxxxxxxx f17:42828320  f7:4088f69f  f6:44399c55
18304608ns          316395 1c0086ba 1106f853 fmul.s           f16, f13, f16       f16=xxxxxxxx f13:40fba772 f16:411d10c3
18304628ns          316396 1c0086be 11852303 lw               x6, 280(x10)         x6=404ae8bd x10:1c010e40  PA:1c010f58
18304927ns          316411 1c0086c2 01c7a383 lw               x7, 28(x15)          x7=411e9abf x15:1c0108e0  PA:1c0108fc
18305225ns          316426 1c0086c6 88887843 fmadd.s          f16, f16, f8, f17   f16=xxxxxxxx f16:429a662b  f8:40f68caa f17:447f6fb9
18305245ns          316427 1c0086ca 1066f353 fmul.s           f6, f13, f6          f6=xxxxxxxx f13:40fba772  f6:404ae8bd
18305265ns          316428 1c0086ce 14052883 lw               x17, 320(x10)       x17=3fafff4b x10:1c010e40  PA:1c010f80
18305563ns          316443 1c0086d2 0207a403 lw               x8, 32(x15)          x8=40f8cdf4 x15:1c0108e0  PA:1c010900
18305861ns          316458 1c0086d4 80737343 fmadd.s          f6, f6, f7, f16      f6=xxxxxxxx  f6:41c776e9  f7:411e9abf f16:44ca115e
18305881ns          316459 1c0086d8 1116f8d3 fmul.s           f17, f13, f17       f17=xxxxxxxx f13:40fba772 f17:3fafff4b
18305901ns          316460 1c0086dc 16852803 lw               x16, 360(x10)       x16=40644ad7 x10:1c010e40  PA:1c010fa8
18306200ns          316475 1c0086e0 0247a383 lw               x7, 36(x15)          x7=400dc23e x15:1c0108e0  PA:1c010904
18306498ns          316490 1c0086e4 3088f8c3 fmadd.s          f17, f17, f8, f6    f17=xxxxxxxx f17:412d026c  f8:40f8cdf4  f6:44e8f65c
18306518ns          316491 1c0086e8 1106f853 fmul.s           f16, f13, f16       f16=xxxxxxxx f13:40fba772 f16:40644ad7
18306538ns          316492 1c0086ec 000ea303 lw               x6, 0(x29)           x6=410e4500 x29:10000f58  PA:10000f58
18306558ns          316493 1c0086f0 02878793 addi             x15, x15, 40        x15=1c010908 x15:1c0108e0
18306577ns          316494 1c0086f4 88787843 fmadd.s          f16, f16, f7, f17   f16=xxxxxxxx f16:41e06ab3  f7:400dc23e f17:44f378b5
18306597ns          316495 1c0086f8 80e37843 fmadd.s          f16, f6, f14, f16   f16=xxxxxxxx  f6:410e4500 f14:41063542 f16:44fb3d06
18306617ns          316496 1c0086fc 030ea42b p.sw             x16, 40(x29!)       x29=10000f80 x16:450247de x29:10000f58  PA:10000f58
18306637ns          316497 1c008658 00052803 lw               x16, 0(x10)         x16=408b6b75 x10:1c010e40  PA:1c010e40
18306935ns          316512 1c00865c 0007a883 lw               x17, 0(x15)         x17=40adfed7 x15:1c010908  PA:1c010908
18307234ns          316527 1c008660 1106f853 fmul.s           f16, f13, f16       f16=xxxxxxxx f13:40fba772 f16:408b6b75
18307254ns          316528 1c008664 02852303 lw               x6, 40(x10)          x6=4084627c x10:1c010e40  PA:1c010e68
18307552ns          316543 1c008668 0047a383 lw               x7, 4(x15)           x7=40c5c8e3 x15:1c010908  PA:1c01090c
18307850ns          316558 1c00866c f1187843 fmadd.s          f16, f16, f17, f30  f16=xxxxxxxx f16:42090d8d f17:40adfed7 f30:00000000
18307870ns          316559 1c008670 1066f353 fmul.s           f6, f13, f6          f6=xxxxxxxx f13:40fba772  f6:4084627c
18307890ns          316560 1c008674 05052883 lw               x17, 80(x10)        x17=403e4410 x10:1c010e40  PA:1c010e90
18308189ns          316575 1c008678 0087a403 lw               x8, 8(x15)           x8=3eb2c55f x15:1c010908  PA:1c010910
18308487ns          316590 1c00867a 80737343 fmadd.s          f6, f6, f7, f16      f6=xxxxxxxx  f6:42022327  f7:40c5c8e3 f16:433a4d2e
18308507ns          316591 1c00867e 1116f8d3 fmul.s           f17, f13, f17       f17=xxxxxxxx f13:40fba772 f17:403e4410
18308527ns          316592 1c008682 07852803 lw               x16, 120(x10)       x16=40572350 x10:1c010e40  PA:1c010eb8
18308825ns          316607 1c008686 00c7a383 lw               x7, 12(x15)          x7=3eb000b7 x15:1c010908  PA:1c010914
18309143ns          316623 1c00868a 3088f8c3 fmadd.s          f17, f17, f8, f6    f17=xxxxxxxx f17:41bb092f  f8:3eb2c55f  f6:43c1b1c3
18309163ns          316624 1c00868e 1106f853 fmul.s           f16, f13, f16       f16=xxxxxxxx f13:40fba772 f16:40572350
18309183ns          316625 1c008692 0a052303 lw               x6, 160(x10)         x6=40c41bd9 x10:1c010e40  PA:1c010ee0
18309482ns          316640 1c008696 0107a403 lw               x8, 16(x15)          x8=40e294e8 x15:1c010908  PA:1c010918
18309780ns          316655 1c008698 88787843 fmadd.s          f16, f16, f7, f17   f16=xxxxxxxx f16:41d37c57  f7:3eb000b7 f17:43c5c6a8
18309800ns          316656 1c00869c 1066f353 fmul.s           f6, f13, f6          f6=xxxxxxxx f13:40fba772  f6:40c41bd9
18309820ns          316657 1c0086a0 0c852883 lw               x17, 200(x10)       x17=4104c41e x10:1c010e40  PA:1c010f08
18310118ns          316672 1c0086a4 0147a383 lw               x7, 20(x15)          x7=401cda14 x15:1c010908  PA:1c01091c
18310436ns          316688 1c0086a8 80837343 fmadd.s          f6, f6, f8, f16      f6=xxxxxxxx  f6:4240c793  f8:40e294e8 f16:43ca51d9
18310456ns          316689 1c0086ac 1116f8d3 fmul.s           f17, f13, f17       f17=xxxxxxxx f13:40fba772 f17:4104c41e
18310476ns          316690 1c0086b0 0f052803 lw               x16, 240(x10)       x16=411d10c3 x10:1c010e40  PA:1c010f30
18310774ns          316705 1c0086b4 0187a403 lw               x8, 24(x15)          x8=3ff5493e x15:1c010908  PA:1c010920
18311073ns          316720 1c0086b6 3078f8c3 fmadd.s          f17, f17, f7, f6    f17=xxxxxxxx f17:42828320  f7:401cda14  f6:443a7915
18311093ns          316721 1c0086ba 1106f853 fmul.s           f16, f13, f16       f16=xxxxxxxx f13:40fba772 f16:411d10c3
18311113ns          316722 1c0086be 11852303 lw               x6, 280(x10)         x6=404ae8bd x10:1c010e40  PA:1c010f58
18311411ns          316737 1c0086c2 01c7a383 lw               x7, 28(x15)          x7=4024db73 x15:1c010908  PA:1c010924
18311729ns          316753 1c0086c6 88887843 fmadd.s          f16, f16, f8, f17   f16=xxxxxxxx f16:429a662b  f8:3ff5493e f17:446274a0
18311749ns          316754 1c0086ca 1066f353 fmul.s           f6, f13, f6          f6=xxxxxxxx f13:40fba772  f6:404ae8bd
18311769ns          316755 1c0086ce 14052883 lw               x17, 320(x10)       x17=3fafff4b x10:1c010e40  PA:1c010f80
18312067ns          316770 1c0086d2 0207a403 lw               x8, 32(x15)          x8=40005e40 x15:1c010908  PA:1c010928
18312366ns          316785 1c0086d4 80737343 fmadd.s          f6, f6, f7, f16      f6=xxxxxxxx  f6:41c776e9  f7:4024db73 f16:4483b84e
18312386ns          316786 1c0086d8 1116f8d3 fmul.s           f17, f13, f17       f17=xxxxxxxx f13:40fba772 f17:3fafff4b
18312405ns          316787 1c0086dc 16852803 lw               x16, 360(x10)       x16=40644ad7 x10:1c010e40  PA:1c010fa8
18312704ns          316802 1c0086e0 0247a383 lw               x7, 36(x15)          x7=40e239a4 x15:1c010908  PA:1c01092c
18313022ns          316818 1c0086e4 3088f8c3 fmadd.s          f17, f17, f8, f6    f17=xxxxxxxx f17:412d026c  f8:40005e40  f6:448bbf81
18313042ns          316819 1c0086e8 1106f853 fmul.s           f16, f13, f16       f16=xxxxxxxx f13:40fba772 f16:40644ad7
18313062ns          316820 1c0086ec 000ea303 lw               x6, 0(x29)           x6=40b3cf68 x29:10000f80  PA:10000f80
18313082ns          316821 1c0086f0 02878793 addi             x15, x15, 40        x15=1c010930 x15:1c010908
18313102ns          316822 1c0086f4 88787843 fmadd.s          f16, f16, f7, f17   f16=xxxxxxxx f16:41e06ab3  f7:40e239a4 f17:448e7588
18313122ns          316823 1c0086f8 80e37843 fmadd.s          f16, f6, f14, f16   f16=xxxxxxxx  f6:40b3cf68 f14:41063542 f16:44a73f9f
18313141ns          316824 1c0086fc 030ea42b p.sw             x16, 40(x29!)       x29=10000fa8 x16:44ad23df x29:10000f80  PA:10000f80
18313161ns          316825 1c008658 00052803 lw               x16, 0(x10)         x16=408b6b75 x10:1c010e40  PA:1c010e40
18313460ns          316840 1c00865c 0007a883 lw               x17, 0(x15)         x17=4051d560 x15:1c010930  PA:1c010930
18313758ns          316855 1c008660 1106f853 fmul.s           f16, f13, f16       f16=xxxxxxxx f13:40fba772 f16:408b6b75
18313778ns          316856 1c008664 02852303 lw               x6, 40(x10)          x6=4084627c x10:1c010e40  PA:1c010e68
18314076ns          316871 1c008668 0047a383 lw               x7, 4(x15)           x7=40fbbedb x15:1c010930  PA:1c010934
18314395ns          316887 1c00866c f1187843 fmadd.s          f16, f16, f17, f30  f16=xxxxxxxx f16:42090d8d f17:4051d560 f30:00000000
18314414ns          316888 1c008670 1066f353 fmul.s           f6, f13, f6          f6=xxxxxxxx f13:40fba772  f6:4084627c
18314434ns          316889 1c008674 05052883 lw               x17, 80(x10)        x17=403e4410 x10:1c010e40  PA:1c010e90
18314733ns          316904 1c008678 0087a403 lw               x8, 8(x15)           x8=4012e6d7 x15:1c010930  PA:1c010938
18315031ns          316919 1c00867a 80737343 fmadd.s          f6, f6, f7, f16      f6=xxxxxxxx  f6:42022327  f7:40fbbedb f16:42e0ac98
18315051ns          316920 1c00867e 1116f8d3 fmul.s           f17, f13, f17       f17=xxxxxxxx f13:40fba772 f17:403e4410
18315071ns          316921 1c008682 07852803 lw               x16, 120(x10)       x16=40572350 x10:1c010e40  PA:1c010eb8
18315369ns          316936 1c008686 00c7a383 lw               x7, 12(x15)          x7=410be73c x15:1c010930  PA:1c01093c
18315687ns          316952 1c00868a 3088f8c3 fmadd.s          f17, f17, f8, f6    f17=xxxxxxxx f17:41bb092f  f8:4012e6d7  f6:43b824a3
18315707ns          316953 1c00868e 1106f853 fmul.s           f16, f13, f16       f16=xxxxxxxx f13:40fba772 f16:40572350
18315727ns          316954 1c008692 0a052303 lw               x6, 160(x10)         x6=40c41bd9 x10:1c010e40  PA:1c010ee0
18316026ns          316969 1c008696 0107a403 lw               x8, 16(x15)          x8=40e8f76c x15:1c010930  PA:1c010940
18316324ns          316984 1c008698 88787843 fmadd.s          f16, f16, f7, f17   f16=xxxxxxxx f16:41d37c57  f7:410be73c f17:43d2f99c
18316344ns          316985 1c00869c 1066f353 fmul.s           f6, f13, f6          f6=xxxxxxxx f13:40fba772  f6:40c41bd9
18316364ns          316986 1c0086a0 0c852883 lw               x17, 200(x10)       x17=4104c41e x10:1c010e40  PA:1c010f08
18316662ns          317001 1c0086a4 0147a383 lw               x7, 20(x15)          x7=40a8711a x15:1c010930  PA:1c010944
18316960ns          317016 1c0086a8 80837343 fmadd.s          f6, f6, f8, f16      f6=xxxxxxxx  f6:4240c793  f8:40e8f76c f16:44234693
18316980ns          317017 1c0086ac 1116f8d3 fmul.s           f17, f13, f17       f17=xxxxxxxx f13:40fba772 f17:4104c41e
18317000ns          317018 1c0086b0 0f052803 lw               x16, 240(x10)       x16=411d10c3 x10:1c010e40  PA:1c010f30
18317299ns          317033 1c0086b4 0187a403 lw               x8, 24(x15)          x8=408850e7 x15:1c010930  PA:1c010948
18317597ns          317048 1c0086b6 3078f8c3 fmadd.s          f17, f17, f7, f6    f17=xxxxxxxx f17:42828320  f7:40a8711a  f6:447afe2b
18317617ns          317049 1c0086ba 1106f853 fmul.s           f16, f13, f16       f16=xxxxxxxx f13:40fba772 f16:411d10c3
18317637ns          317050 1c0086be 11852303 lw               x6, 280(x10)         x6=404ae8bd x10:1c010e40  PA:1c010f58
18317935ns          317065 1c0086c2 01c7a383 lw               x7, 28(x15)          x7=40b191c9 x15:1c010930  PA:1c01094c
18318233ns          317080 1c0086c6 88887843 fmadd.s          f16, f16, f8, f17   f16=xxxxxxxx f16:429a662b  f8:408850e7 f17:44a86ef1
18318253ns          317081 1c0086ca 1066f353 fmul.s           f6, f13, f6          f6=xxxxxxxx f13:40fba772  f6:404ae8bd
18318273ns          317082 1c0086ce 14052883 lw               x17, 320(x10)       x17=3fafff4b x10:1c010e40  PA:1c010f80
18318572ns          317097 1c0086d2 0207a403 lw               x8, 32(x15)          x8=3e508c5f x15:1c010930  PA:1c010950
18318870ns          317112 1c0086d4 80737343 fmadd.s          f6, f6, f7, f16      f6=xxxxxxxx  f6:41c776e9  f7:40b191c9 f16:44d18a7a
18318890ns          317113 1c0086d8 1116f8d3 fmul.s           f17, f13, f17       f17=xxxxxxxx f13:40fba772 f17:3fafff4b
18318910ns          317114 1c0086dc 16852803 lw               x16, 360(x10)       x16=40644ad7 x10:1c010e40  PA:1c010fa8
18319208ns          317129 1c0086e0 0247a383 lw               x7, 36(x15)          x7=40868cc1 x15:1c010930  PA:1c010954
18319506ns          317144 1c0086e4 3088f8c3 fmadd.s          f17, f17, f8, f6    f17=xxxxxxxx f17:412d026c  f8:3e508c5f  f6:44e2d5d4
18319526ns          317145 1c0086e8 1106f853 fmul.s           f16, f13, f16       f16=xxxxxxxx f13:40fba772 f16:40644ad7
18319546ns          317146 1c0086ec 000ea303 lw               x6, 0(x29)           x6=410fa2c4 x29:10000fa8  PA:10000fa8
18319566ns          317147 1c0086f0 02878793 addi             x15, x15, 40        x15=1c010958 x15:1c010930
18319586ns          317148 1c0086f4 88787843 fmadd.s          f16, f16, f7, f17   f16=xxxxxxxx f16:41e06ab3  f7:40868cc1 f17:44e31c4c
18319606ns          317149 1c0086f8 80e37843 fmadd.s          f16, f6, f14, f16   f16=xxxxxxxx  f6:410fa2c4 f14:41063542 f16:44f1dab4
18319626ns          317150 1c0086fc 030ea42b p.sw             x16, 40(x29!)       x29=10000fd0 x16:44fb4457 x29:10000fa8  PA:10000fa8
18319646ns          317151 1c008658 00052803 lw               x16, 0(x10)         x16=408b6b75 x10:1c010e40  PA:1c010e40
18319944ns          317166 1c00865c 0007a883 lw               x17, 0(x15)         x17=40858542 x15:1c010958  PA:1c010958
18320242ns          317181 1c008660 1106f853 fmul.s           f16, f13, f16       f16=xxxxxxxx f13:40fba772 f16:408b6b75
18320262ns          317182 1c008664 02852303 lw               x6, 40(x10)          x6=4084627c x10:1c010e40  PA:1c010e68
18320561ns          317197 1c008668 0047a383 lw               x7, 4(x15)           x7=3fa6a77c x15:1c010958  PA:1c01095c
18320859ns          317212 1c00866c f1187843 fmadd.s          f16, f16, f17, f30  f16=xxxxxxxx f16:42090d8d f17:40858542 f30:00000000
18320879ns          317213 1c008670 1066f353 fmul.s           f6, f13, f6          f6=xxxxxxxx f13:40fba772  f6:4084627c
18320899ns          317214 1c008674 05052883 lw               x17, 80(x10)        x17=403e4410 x10:1c010e40  PA:1c010e90
18321197ns          317229 1c008678 0087a403 lw               x8, 8(x15)           x8=3fb30ee3 x15:1c010958  PA:1c010960
18321496ns          317244 1c00867a 80737343 fmadd.s          f6, f6, f7, f16      f6=xxxxxxxx  f6:42022327  f7:3fa6a77c f16:430ef6c3
18321515ns          317245 1c00867e 1116f8d3 fmul.s           f17, f13, f17       f17=xxxxxxxx f13:40fba772 f17:403e4410
18321535ns          317246 1c008682 07852803 lw               x16, 120(x10)       x16=40572350 x10:1c010e40  PA:1c010eb8
18321834ns          317261 1c008686 00c7a383 lw               x7, 12(x15)          x7=40fe97f4 x15:1c010958  PA:1c010964
18322132ns          317276 1c00868a 3088f8c3 fmadd.s          f17, f17, f8, f6    f17=xxxxxxxx f17:41bb092f  f8:3fb30ee3  f6:433952bb
18322152ns          317277 1c00868e 1106f853 fmul.s           f16, f13, f16       f16=xxxxxxxx f13:40fba772 f16:40572350
18322172ns          317278 1c008692 0a052303 lw               x6, 160(x10)         x6=40c41bd9 x10:1c010e40  PA:1c010ee0
18322470ns          317293 1c008696 0107a403 lw               x8, 16(x15)          x8=409ead56 x15:1c010958  PA:1c010968
18322769ns          317308 1c008698 88787843 fmadd.s          f16, f16, f7, f17   f16=xxxxxxxx f16:41d37c57  f7:40fe97f4 f17:435a074e
18322788ns          317309 1c00869c 1066f353 fmul.s           f6, f13, f6          f6=xxxxxxxx f13:40fba772  f6:40c41bd9
18322808ns          317310 1c0086a0 0c852883 lw               x17, 200(x10)       x17=4104c41e x10:1c010e40  PA:1c010f08
18323107ns          317325 1c0086a4 0147a383 lw               x7, 20(x15)          x7=40e12778 x15:1c010958  PA:1c01096c
18323405ns          317340 1c0086a8 80837343 fmadd.s          f6, f6, f8, f16      f6=xxxxxxxx  f6:4240c793  f8:409ead56 f16:43d62d1a
18323425ns          317341 1c0086ac 1116f8d3 fmul.s           f17, f13, f17       f17=xxxxxxxx f13:40fba772 f17:4104c41e
18323445ns          317342 1c0086b0 0f052803 lw               x16, 240(x10)       x16=411d10c3 x10:1c010e40  PA:1c010f30
18323763ns          317358 1c0086b4 0187a403 lw               x8, 24(x15)          x8=4054f963 x15:1c010958  PA:1c010970
18324061ns          317373 1c0086b6 3078f8c3 fmadd.s          f17, f17, f7, f6    f17=xxxxxxxx f17:42828320  f7:40e12778  f6:4426d567
18324081ns          317374 1c0086ba 1106f853 fmul.s           f16, f13, f16       f16=xxxxxxxx f13:40fba772 f16:411d10c3
18324101ns          317375 1c0086be 11852303 lw               x6, 280(x10)         x6=404ae8bd x10:1c010e40  PA:1c010f58
18324400ns          317390 1c0086c2 01c7a383 lw               x7, 28(x15)          x7=4050f13b x15:1c010958  PA:1c010974
18324698ns          317405 1c0086c6 88887843 fmadd.s          f16, f16, f8, f17   f16=xxxxxxxx f16:429a662b  f8:4054f963 f17:448ccf63
18324718ns          317406 1c0086ca 1066f353 fmul.s           f6, f13, f6          f6=xxxxxxxx f13:40fba772  f6:404ae8bd
18324738ns          317407 1c0086ce 14052883 lw               x17, 320(x10)       x17=3fafff4b x10:1c010e40  PA:1c010f80
18325056ns          317423 1c0086d2 0207a403 lw               x8, 32(x15)          x8=40904b8b x15:1c010958  PA:1c010978
18325354ns          317438 1c0086d4 80737343 fmadd.s          f6, f6, f7, f16      f6=xxxxxxxx  f6:41c776e9  f7:4050f13b f16:44acec24
18325374ns          317439 1c0086d8 1116f8d3 fmul.s           f17, f13, f17       f17=xxxxxxxx f13:40fba772 f17:3fafff4b
18325394ns          317440 1c0086dc 16852803 lw               x16, 360(x10)       x16=40644ad7 x10:1c010e40  PA:1c010fa8
18325692ns          317455 1c0086e0 0247a383 lw               x7, 36(x15)          x7=40906e67 x15:1c010958  PA:1c01097c
18325991ns          317470 1c0086e4 3088f8c3 fmadd.s          f17, f17, f8, f6    f17=xxxxxxxx f17:412d026c  f8:40904b8b  f6:44b718ed
18326011ns          317471 1c0086e8 1106f853 fmul.s           f16, f13, f16       f16=xxxxxxxx f13:40fba772 f16:40644ad7
18326031ns          317472 1c0086ec 000ea303 lw               x6, 0(x29)           x6=405fd387 x29:10000fd0  PA:10000fd0
18326051ns          317473 1c0086f0 02878793 addi             x15, x15, 40        x15=1c010980 x15:1c010958
18326070ns          317474 1c0086f4 88787843 fmadd.s          f16, f16, f7, f17   f16=xxxxxxxx f16:41e06ab3  f7:40906e67 f17:44bd3134
18326090ns          317475 1c0086f8 80e37843 fmadd.s          f16, f6, f14, f16   f16=xxxxxxxx  f6:405fd387 f14:41063542 f16:44cd04ce
18326110ns          317476 1c0086fc 030ea42b p.sw             x16, 40(x29!)       x29=10000ff8 x16:44d0af88 x29:10000fd0  PA:10000fd0
18326130ns          317477 1c008700 00460613 addi             x12, x12, 4         x12=10000e6c x12:10000e68
18326150ns          317478 1c008702 00450513 addi             x10, x10, 4         x10=1c010e44 x10:1c010e40
18326190ns          317480 1c008632 40b28e33 sub              x28, x5, x11        x28=00000190  x5:1c010980 x11:1c0107f0
18326210ns          317481 1c008636 fd8e0e13 addi             x28, x28, -40       x28=00000168 x28:00000190
18326230ns          317482 1c00863a 0cccd7b7 lui              x15, 0xcccd000      x15=0cccd000
18326249ns          317483 1c00863e ccd78793 addi             x15, x15, -819      x15=0ccccccd x15:0cccd000
18326269ns          317484 1c008642 003e5e13 srli             x28, x28, 0x3       x28=0000002d x28:00000168
18326289ns          317485 1c008646 02fe0e33 mul              x28, x28, x15       x28=40000009 x28:0000002d x15:0ccccccd
18326309ns          317486 1c00864a c5de3e33 p.bclr           x28, x28, 2, 29     x28=00000009 x28:40000009
18326329ns          317487 1c00864e 00b007b3 add              x15, x0, x11        x15=1c0107f0 x11:1c0107f0
18326349ns          317488 1c008650 00c00eb3 add              x29, x0, x12        x29=10000e6c x12:10000e6c
18326369ns          317489 1c008652 001e0e13 addi             x28, x28, 1         x28=0000000a x28:00000009
18326389ns          317490 1c008654 054e40fb lp.setup         0x1, x28, 0x54      x28:0000000a
18326409ns          317491 1c008658 00052803 lw               x16, 0(x10)         x16=3ff0c161 x10:1c010e44  PA:1c010e44
18326707ns          317506 1c00865c 0007a883 lw               x17, 0(x15)         x17=40c92fdf x15:1c0107f0  PA:1c0107f0
18327005ns          317521 1c008660 1106f853 fmul.s           f16, f13, f16       f16=xxxxxxxx f13:40fba772 f16:3ff0c161
18327025ns          317522 1c008664 02852303 lw               x6, 40(x10)          x6=4086ebf9 x10:1c010e44  PA:1c010e6c
18327324ns          317537 1c008668 0047a383 lw               x7, 4(x15)           x7=4042e596 x15:1c0107f0  PA:1c0107f4
18327622ns          317552 1c00866c f1187843 fmadd.s          f16, f16, f17, f30  f16=xxxxxxxx f16:416cab13 f17:40c92fdf f30:00000000
18327642ns          317553 1c008670 1066f353 fmul.s           f6, f13, f6          f6=xxxxxxxx f13:40fba772  f6:4086ebf9
18327662ns          317554 1c008674 05052883 lw               x17, 80(x10)        x17=4097c0e7 x10:1c010e44  PA:1c010e94
18327960ns          317569 1c008678 0087a403 lw               x8, 8(x15)           x8=3feabde7 x15:1c0107f0  PA:1c0107f8
18328258ns          317584 1c00867a 80737343 fmadd.s          f6, f6, f7, f16      f6=xxxxxxxx  f6:4204a19d  f7:4042e596 f16:42b9fe93
18328278ns          317585 1c00867e 1116f8d3 fmul.s           f17, f13, f17       f17=xxxxxxxx f13:40fba772 f17:4097c0e7
18328298ns          317586 1c008682 07852803 lw               x16, 120(x10)       x16=4080e683 x10:1c010e44  PA:1c010ebc
18328597ns          317601 1c008686 00c7a383 lw               x7, 12(x15)          x7=40d34100 x15:1c0107f0  PA:1c0107fc
18328895ns          317616 1c00868a 3088f8c3 fmadd.s          f17, f17, f8, f6    f17=xxxxxxxx f17:42152d65  f8:3feabde7  f6:4341f8b5
18328915ns          317617 1c00868e 1106f853 fmul.s           f16, f13, f16       f16=xxxxxxxx f13:40fba772 f16:4080e683
18328935ns          317618 1c008692 0a052303 lw               x6, 160(x10)         x6=40c3d3cb x10:1c010e44  PA:1c010ee4
18329233ns          317633 1c008696 0107a403 lw               x8, 16(x15)          x8=3f85525e x15:1c0107f0  PA:1c010800
18329531ns          317648 1c008698 88787843 fmadd.s          f16, f16, f7, f17   f16=xxxxxxxx f16:41fd6ca4  f7:40d34100 f17:43832ee4
18329551ns          317649 1c00869c 1066f353 fmul.s           f6, f13, f6          f6=xxxxxxxx f13:40fba772  f6:40c3d3cb
18329571ns          317650 1c0086a0 0c852883 lw               x17, 200(x10)       x17=3fda79c6 x10:1c010e44  PA:1c010f0c
18329870ns          317665 1c0086a4 0147a383 lw               x7, 20(x15)          x7=403c1513 x15:1c0107f0  PA:1c010804
18330168ns          317680 1c0086a8 80837343 fmadd.s          f6, f6, f8, f16      f6=xxxxxxxx  f6:424080be  f8:3f85525e f16:43ebbf56
18330188ns          317681 1c0086ac 1116f8d3 fmul.s           f17, f13, f17       f17=xxxxxxxx f13:40fba772 f17:3fda79c6
18330208ns          317682 1c0086b0 0f052803 lw               x16, 240(x10)       x16=3ee0866b x10:1c010e44  PA:1c010f34
18330506ns          317697 1c0086b4 0187a403 lw               x8, 24(x15)          x8=40c53516 x15:1c0107f0  PA:1c010808
18330804ns          317712 1c0086b6 3078f8c3 fmadd.s          f17, f17, f7, f6    f17=xxxxxxxx f17:4156c44c  f7:403c1513  f6:440267c5
18330824ns          317713 1c0086ba 1106f853 fmul.s           f16, f13, f16       f16=xxxxxxxx f13:40fba772 f16:3ee0866b
18330844ns          317714 1c0086be 11852303 lw               x6, 280(x10)         x6=41180855 x10:1c010e44  PA:1c010f5c
18331143ns          317729 1c0086c2 01c7a383 lw               x7, 28(x15)          x7=3f94ed63 x15:1c0107f0  PA:1c01080c
18331441ns          317744 1c0086c6 88887843 fmadd.s          f16, f16, f8, f17   f16=xxxxxxxx f16:405cb6a7  f8:40c53516 f17:440c4462
18331461ns          317745 1c0086ca 1066f353 fmul.s           f6, f13, f6          f6=xxxxxxxx f13:40fba772  f6:41180855
18331481ns          317746 1c0086ce 14052883 lw               x17, 320(x10)       x17=40a5564f x10:1c010e44  PA:1c010f84
18331779ns          317761 1c0086d2 0207a403 lw               x8, 32(x15)          x8=3f2ec91c x15:1c0107f0  PA:1c010810
18332097ns          317777 1c0086d4 80737343 fmadd.s          f6, f6, f7, f16      f6=xxxxxxxx  f6:4295739c  f7:3f94ed63 f16:44119495
18332117ns          317778 1c0086d8 1116f8d3 fmul.s           f17, f13, f17       f17=xxxxxxxx f13:40fba772 f17:40a5564f
18332137ns          317779 1c0086dc 16852803 lw               x16, 360(x10)       x16=406c965d x10:1c010e44  PA:1c010fac
18332435ns          317794 1c0086e0 0247a383 lw               x7, 36(x15)          x7=40e4781f x15:1c0107f0  PA:1c010814
18332734ns          317809 1c0086e4 3088f8c3 fmadd.s          f17, f17, f8, f6    f17=xxxxxxxx f17:422287c4  f8:3f2ec91c  f6:442750f0
18332754ns          317810 1c0086e8 1106f853 fmul.s           f16, f13, f16       f16=xxxxxxxx f13:40fba772 f16:406c965d
18332774ns          317811 1c0086ec 000ea303 lw               x6, 0(x29)           x6=3eb6ee9b x29:10000e6c  PA:10000e6c
18332793ns          317812 1c0086f0 02878793 addi             x15, x15, 40        x15=1c010818 x15:1c0107f0
18332813ns          317813 1c0086f4 88787843 fmadd.s          f16, f16, f7, f17   f16=xxxxxxxx f16:41e8922d  f7:40e4781f f17:442e406f
18332833ns          317814 1c0086f8 80e37843 fmadd.s          f16, f6, f14, f16   f16=xxxxxxxx  f6:3eb6ee9b f14:41063542 f16:44622443
18332853ns          317815 1c0086fc 030ea42b p.sw             x16, 40(x29!)       x29=10000e94 x16:4462e411 x29:10000e6c  PA:10000e6c
18332873ns          317816 1c008658 00052803 lw               x16, 0(x10)         x16=3ff0c161 x10:1c010e44  PA:1c010e44
18333171ns          317831 1c00865c 0007a883 lw               x17, 0(x15)         x17=3f272773 x15:1c010818  PA:1c010818
18333490ns          317847 1c008660 1106f853 fmul.s           f16, f13, f16       f16=xxxxxxxx f13:40fba772 f16:3ff0c161
18333510ns          317848 1c008664 02852303 lw               x6, 40(x10)          x6=4086ebf9 x10:1c010e44  PA:1c010e6c
18333808ns          317863 1c008668 0047a383 lw               x7, 4(x15)           x7=40fbcae6 x15:1c010818  PA:1c01081c
18334106ns          317878 1c00866c f1187843 fmadd.s          f16, f16, f17, f30  f16=xxxxxxxx f16:416cab13 f17:3f272773 f30:00000000
18334126ns          317879 1c008670 1066f353 fmul.s           f6, f13, f6          f6=xxxxxxxx f13:40fba772  f6:4086ebf9
18334146ns          317880 1c008674 05052883 lw               x17, 80(x10)        x17=4097c0e7 x10:1c010e44  PA:1c010e94
18334444ns          317895 1c008678 0087a403 lw               x8, 8(x15)           x8=3da795cc x15:1c010818  PA:1c010820
18334763ns          317911 1c00867a 80737343 fmadd.s          f6, f6, f7, f16      f6=xxxxxxxx  f6:4204a19d  f7:40fbcae6 f16:411a8812
18334783ns          317912 1c00867e 1116f8d3 fmul.s           f17, f13, f17       f17=xxxxxxxx f13:40fba772 f17:4097c0e7
18334802ns          317913 1c008682 07852803 lw               x16, 120(x10)       x16=4080e683 x10:1c010e44  PA:1c010ebc
18335101ns          317928 1c008686 00c7a383 lw               x7, 12(x15)          x7=410c9940 x15:1c010818  PA:1c010824
18335399ns          317943 1c00868a 3088f8c3 fmadd.s          f17, f17, f8, f6    f17=xxxxxxxx f17:42152d65  f8:3da795cc  f6:438747d4
18335419ns          317944 1c00868e 1106f853 fmul.s           f16, f13, f16       f16=xxxxxxxx f13:40fba772 f16:4080e683
18335439ns          317945 1c008692 0a052303 lw               x6, 160(x10)         x6=40c3d3cb x10:1c010e44  PA:1c010ee4
18335757ns          317961 1c008696 0107a403 lw               x8, 16(x15)          x8=3f901a6a x15:1c010818  PA:1c010828
18336056ns          317976 1c008698 88787843 fmadd.s          f16, f16, f7, f17   f16=xxxxxxxx f16:41fd6ca4  f7:410c9940 f17:4388ce74
18336075ns          317977 1c00869c 1066f353 fmul.s           f6, f13, f6          f6=xxxxxxxx f13:40fba772  f6:40c3d3cb
18336095ns          317978 1c0086a0 0c852883 lw               x17, 200(x10)       x17=3fda79c6 x10:1c010e44  PA:1c010f0c
18336394ns          317993 1c0086a4 0147a383 lw               x7, 20(x15)          x7=3f9e8be7 x15:1c010818  PA:1c01082c
18336692ns          318008 1c0086a8 80837343 fmadd.s          f6, f6, f8, f16      f6=xxxxxxxx  f6:424080be  f8:3f901a6a f16:4409fec9
18336712ns          318009 1c0086ac 1116f8d3 fmul.s           f17, f13, f17       f17=xxxxxxxx f13:40fba772 f17:3fda79c6
18336732ns          318010 1c0086b0 0f052803 lw               x16, 240(x10)       x16=3ee0866b x10:1c010e44  PA:1c010f34
18337050ns          318026 1c0086b4 0187a403 lw               x8, 24(x15)          x8=4103c6ee x15:1c010818  PA:1c010830
18337348ns          318041 1c0086b6 3078f8c3 fmadd.s          f17, f17, f7, f6    f17=xxxxxxxx f17:4156c44c  f7:3f9e8be7  f6:44178a52
18337368ns          318042 1c0086ba 1106f853 fmul.s           f16, f13, f16       f16=xxxxxxxx f13:40fba772 f16:3ee0866b
18337388ns          318043 1c0086be 11852303 lw               x6, 280(x10)         x6=41180855 x10:1c010e44  PA:1c010f5c
18337687ns          318058 1c0086c2 01c7a383 lw               x7, 28(x15)          x7=408d0c20 x15:1c010818  PA:1c010834
18337985ns          318073 1c0086c6 88887843 fmadd.s          f16, f16, f8, f17   f16=xxxxxxxx f16:405cb6a7  f8:4103c6ee f17:441bb266
18338005ns          318074 1c0086ca 1066f353 fmul.s           f6, f13, f6          f6=xxxxxxxx f13:40fba772  f6:41180855
18338025ns          318075 1c0086ce 14052883 lw               x17, 320(x10)       x17=40a5564f x10:1c010e44  PA:1c010f84
18338343ns          318091 1c0086d2 0207a403 lw               x8, 32(x15)          x8=4067c495 x15:1c010818  PA:1c010838
18338641ns          318106 1c0086d4 80737343 fmadd.s          f6, f6, f7, f16      f6=xxxxxxxx  f6:4295739c  f7:408d0c20 f16:4422cc36
18338661ns          318107 1c0086d8 1116f8d3 fmul.s           f17, f13, f17       f17=xxxxxxxx f13:40fba772 f17:40a5564f
18338681ns          318108 1c0086dc 16852803 lw               x16, 360(x10)       x16=406c965d x10:1c010e44  PA:1c010fac
18338979ns          318123 1c0086e0 0247a383 lw               x7, 36(x15)          x7=409f3d2d x15:1c010818  PA:1c01083c
18339278ns          318138 1c0086e4 3088f8c3 fmadd.s          f17, f17, f8, f6    f17=xxxxxxxx f17:422287c4  f8:4067c495  f6:447523f7
18339298ns          318139 1c0086e8 1106f853 fmul.s           f16, f13, f16       f16=xxxxxxxx f13:40fba772 f16:406c965d
18339318ns          318140 1c0086ec 000ea303 lw               x6, 0(x29)           x6=409c15b2 x29:10000e94  PA:10000e94
18339338ns          318141 1c0086f0 02878793 addi             x15, x15, 40        x15=1c010840 x15:1c010818
18339357ns          318142 1c0086f4 88787843 fmadd.s          f16, f16, f7, f17   f16=xxxxxxxx f16:41e8922d  f7:409f3d2d f17:448cf6a6
18339377ns          318143 1c0086f8 80e37843 fmadd.s          f16, f6, f14, f16   f16=xxxxxxxx  f6:409c15b2 f14:41063542 f16:449f0bf2
18339397ns          318144 1c0086fc 030ea42b p.sw             x16, 40(x29!)       x29=10000ebc x16:44a4292f x29:10000e94  PA:10000e94
18339417ns          318145 1c008658 00052803 lw               x16, 0(x10)         x16=3ff0c161 x10:1c010e44  PA:1c010e44
18339735ns          318161 1c00865c 0007a883 lw               x17, 0(x15)         x17=3f5d3e32 x15:1c010840  PA:1c010840
18340034ns          318176 1c008660 1106f853 fmul.s           f16, f13, f16       f16=xxxxxxxx f13:40fba772 f16:3ff0c161
18340054ns          318177 1c008664 02852303 lw               x6, 40(x10)          x6=4086ebf9 x10:1c010e44  PA:1c010e6c
18340352ns          318192 1c008668 0047a383 lw               x7, 4(x15)           x7=3fb23088 x15:1c010840  PA:1c010844
18340650ns          318207 1c00866c f1187843 fmadd.s          f16, f16, f17, f30  f16=xxxxxxxx f16:416cab13 f17:3f5d3e32 f30:00000000
18340670ns          318208 1c008670 1066f353 fmul.s           f6, f13, f6          f6=xxxxxxxx f13:40fba772  f6:4086ebf9
18340690ns          318209 1c008674 05052883 lw               x17, 80(x10)        x17=4097c0e7 x10:1c010e44  PA:1c010e94
18341008ns          318225 1c008678 0087a403 lw               x8, 8(x15)           x8=40868824 x15:1c010840  PA:1c010848
18341307ns          318240 1c00867a 80737343 fmadd.s          f6, f6, f7, f16      f6=xxxxxxxx  f6:4204a19d  f7:3fb23088 f16:414c892f
18341327ns          318241 1c00867e 1116f8d3 fmul.s           f17, f13, f17       f17=xxxxxxxx f13:40fba772 f17:4097c0e7
18341346ns          318242 1c008682 07852803 lw               x16, 120(x10)       x16=4080e683 x10:1c010e44  PA:1c010ebc
18341645ns          318257 1c008686 00c7a383 lw               x7, 12(x15)          x7=40118528 x15:1c010840  PA:1c01084c
18341943ns          318272 1c00868a 3088f8c3 fmadd.s          f17, f17, f8, f6    f17=xxxxxxxx f17:42152d65  f8:40868824  f6:426bc554
18341963ns          318273 1c00868e 1106f853 fmul.s           f16, f13, f16       f16=xxxxxxxx f13:40fba772 f16:4080e683
18341983ns          318274 1c008692 0a052303 lw               x6, 160(x10)         x6=40c3d3cb x10:1c010e44  PA:1c010ee4
18342301ns          318290 1c008696 0107a403 lw               x8, 16(x15)          x8=40f2255b x15:1c010840  PA:1c010850
18342600ns          318305 1c008698 88787843 fmadd.s          f16, f16, f7, f17   f16=xxxxxxxx f16:41fd6ca4  f7:40118528 f17:4357bb85
18342619ns          318306 1c00869c 1066f353 fmul.s           f6, f13, f6          f6=xxxxxxxx f13:40fba772  f6:40c3d3cb
18342639ns          318307 1c0086a0 0c852883 lw               x17, 200(x10)       x17=3fda79c6 x10:1c010e44  PA:1c010f0c
18342938ns          318322 1c0086a4 0147a383 lw               x7, 20(x15)          x7=410d9210 x15:1c010840  PA:1c010854
18343236ns          318337 1c0086a8 80837343 fmadd.s          f6, f6, f8, f16      f6=xxxxxxxx  f6:424080be  f8:40f2255b f16:438fe159
18343256ns          318338 1c0086ac 1116f8d3 fmul.s           f17, f13, f17       f17=xxxxxxxx f13:40fba772 f17:3fda79c6
18343276ns          318339 1c0086b0 0f052803 lw               x16, 240(x10)       x16=3ee0866b x10:1c010e44  PA:1c010f34
18343574ns          318354 1c0086b4 0187a403 lw               x8, 24(x15)          x8=404f08ae x15:1c010840  PA:1c010858
18343873ns          318369 1c0086b6 3078f8c3 fmadd.s          f17, f17, f7, f6    f17=xxxxxxxx f17:4156c44c  f7:410d9210  f6:4422fb92
18343893ns          318370 1c0086ba 1106f853 fmul.s           f16, f13, f16       f16=xxxxxxxx f13:40fba772 f16:3ee0866b
18343912ns          318371 1c0086be 11852303 lw               x6, 280(x10)         x6=41180855 x10:1c010e44  PA:1c010f5c
18344211ns          318386 1c0086c2 01c7a383 lw               x7, 28(x15)          x7=40856e55 x15:1c010840  PA:1c01085c
18344509ns          318401 1c0086c6 88887843 fmadd.s          f16, f16, f8, f17   f16=xxxxxxxx f16:405cb6a7  f8:404f08ae f17:4440acbc
18344529ns          318402 1c0086ca 1066f353 fmul.s           f6, f13, f6          f6=xxxxxxxx f13:40fba772  f6:41180855
18344549ns          318403 1c0086ce 14052883 lw               x17, 320(x10)       x17=40a5564f x10:1c010e44  PA:1c010f84
18344847ns          318418 1c0086d2 0207a403 lw               x8, 32(x15)          x8=40ad535a x15:1c010840  PA:1c010860
18345146ns          318433 1c0086d4 80737343 fmadd.s          f6, f6, f7, f16      f6=xxxxxxxx  f6:4295739c  f7:40856e55 f16:444376b9
18345166ns          318434 1c0086d8 1116f8d3 fmul.s           f17, f13, f17       f17=xxxxxxxx f13:40fba772 f17:40a5564f
18345185ns          318435 1c0086dc 16852803 lw               x16, 360(x10)       x16=406c965d x10:1c010e44  PA:1c010fac
18345484ns          318450 1c0086e0 0247a383 lw               x7, 36(x15)          x7=40c3d18a x15:1c010840  PA:1c010864
18345782ns          318465 1c0086e4 3088f8c3 fmadd.s          f17, f17, f8, f6    f17=xxxxxxxx f17:422287c4  f8:40ad535a  f6:4488ae19
18345802ns          318466 1c0086e8 1106f853 fmul.s           f16, f13, f16       f16=xxxxxxxx f13:40fba772 f16:406c965d
18345822ns          318467 1c0086ec 000ea303 lw               x6, 0(x29)           x6=409d32ab x29:10000ebc  PA:10000ebc
18345842ns          318468 1c0086f0 02878793 addi             x15, x15, 40        x15=1c010868 x15:1c010840
18345862ns          318469 1c0086f4 88787843 fmadd.s          f16, f16, f7, f17   f16=xxxxxxxx f16:41e8922d  f7:40c3d18a f17:44a430c4
18345882ns          318470 1c0086f8 80e37843 fmadd.s          f16, f6, f14, f16   f16=xxxxxxxx  f6:409d32ab f14:41063542 f16:44ba6d7b
18345901ns          318471 1c0086fc 030ea42b p.sw             x16, 40(x29!)       x29=10000ee4 x16:44bf940f x29:10000ebc  PA:10000ebc
18345921ns          318472 1c008658 00052803 lw               x16, 0(x10)         x16=3ff0c161 x10:1c010e44  PA:1c010e44
18346220ns          318487 1c00865c 0007a883 lw               x17, 0(x15)         x17=406f2a46 x15:1c010868  PA:1c010868
18346518ns          318502 1c008660 1106f853 fmul.s           f16, f13, f16       f16=xxxxxxxx f13:40fba772 f16:3ff0c161
18346538ns          318503 1c008664 02852303 lw               x6, 40(x10)          x6=4086ebf9 x10:1c010e44  PA:1c010e6c
18346836ns          318518 1c008668 0047a383 lw               x7, 4(x15)           x7=3dd5cc68 x15:1c010868  PA:1c01086c
18347135ns          318533 1c00866c f1187843 fmadd.s          f16, f16, f17, f30  f16=xxxxxxxx f16:416cab13 f17:406f2a46 f30:00000000
18347155ns          318534 1c008670 1066f353 fmul.s           f6, f13, f6          f6=xxxxxxxx f13:40fba772  f6:4086ebf9
18347174ns          318535 1c008674 05052883 lw               x17, 80(x10)        x17=4097c0e7 x10:1c010e44  PA:1c010e94
18347473ns          318550 1c008678 0087a403 lw               x8, 8(x15)           x8=3f3e56f1 x15:1c010868  PA:1c010870
18347771ns          318565 1c00867a 80737343 fmadd.s          f6, f6, f7, f16      f6=xxxxxxxx  f6:4204a19d  f7:3dd5cc68 f16:425d1acc
18347791ns          318566 1c00867e 1116f8d3 fmul.s           f17, f13, f17       f17=xxxxxxxx f13:40fba772 f17:4097c0e7
18347811ns          318567 1c008682 07852803 lw               x16, 120(x10)       x16=4080e683 x10:1c010e44  PA:1c010ebc
18348109ns          318582 1c008686 00c7a383 lw               x7, 12(x15)          x7=3fa5c9e3 x15:1c010868  PA:1c010874
18348408ns          318597 1c00868a 3088f8c3 fmadd.s          f17, f17, f8, f6    f17=xxxxxxxx f17:42152d65  f8:3f3e56f1  f6:426af358
18348428ns          318598 1c00868e 1106f853 fmul.s           f16, f13, f16       f16=xxxxxxxx f13:40fba772 f16:4080e683
18348447ns          318599 1c008692 0a052303 lw               x6, 160(x10)         x6=40c3d3cb x10:1c010e44  PA:1c010ee4
18348746ns          318614 1c008696 0107a403 lw               x8, 16(x15)          x8=3f2ad00d x15:1c010868  PA:1c010878
18349064ns          318630 1c008698 88787843 fmadd.s          f16, f16, f7, f17   f16=xxxxxxxx f16:41fd6ca4  f7:3fa5c9e3 f17:42aceed9
18349084ns          318631 1c00869c 1066f353 fmul.s           f6, f13, f6          f6=xxxxxxxx f13:40fba772  f6:40c3d3cb
18349104ns          318632 1c0086a0 0c852883 lw               x17, 200(x10)       x17=3fda79c6 x10:1c010e44  PA:1c010f0c
18349402ns          318647 1c0086a4 0147a383 lw               x7, 20(x15)          x7=4113cf5d x15:1c010868  PA:1c01087c
18349701ns          318662 1c0086a8 80837343 fmadd.s          f6, f6, f8, f16      f6=xxxxxxxx  f6:424080be  f8:3f2ad00d f16:42fefe49
18349720ns          318663 1c0086ac 1116f8d3 fmul.s           f17, f13, f17       f17=xxxxxxxx f13:40fba772 f17:3fda79c6
18349740ns          318664 1c0086b0 0f052803 lw               x16, 240(x10)       x16=3ee0866b x10:1c010e44  PA:1c010f34
18350039ns          318679 1c0086b4 0187a403 lw               x8, 24(x15)          x8=4028cf98 x15:1c010868  PA:1c010880
18350357ns          318695 1c0086b6 3078f8c3 fmadd.s          f17, f17, f7, f6    f17=xxxxxxxx f17:4156c44c  f7:4113cf5d  f6:431f9ba1
18350377ns          318696 1c0086ba 1106f853 fmul.s           f16, f13, f16       f16=xxxxxxxx f13:40fba772 f16:3ee0866b
18350397ns          318697 1c0086be 11852303 lw               x6, 280(x10)         x6=41180855 x10:1c010e44  PA:1c010f5c
18350695ns          318712 1c0086c2 01c7a383 lw               x7, 28(x15)          x7=3fa13eed x15:1c010868  PA:1c010884
18350994ns          318727 1c0086c6 88887843 fmadd.s          f16, f16, f8, f17   f16=xxxxxxxx f16:405cb6a7  f8:4028cf98 f17:438dce28
18351013ns          318728 1c0086ca 1066f353 fmul.s           f6, f13, f6          f6=xxxxxxxx f13:40fba772  f6:41180855
18351033ns          318729 1c0086ce 14052883 lw               x17, 320(x10)       x17=40a5564f x10:1c010e44  PA:1c010f84
18351332ns          318744 1c0086d2 0207a403 lw               x8, 32(x15)          x8=40a9fcb3 x15:1c010868  PA:1c010888
18351650ns          318760 1c0086d4 80737343 fmadd.s          f6, f6, f7, f16      f6=xxxxxxxx  f6:4295739c  f7:3fa13eed f16:43925a7f
18351670ns          318761 1c0086d8 1116f8d3 fmul.s           f17, f13, f17       f17=xxxxxxxx f13:40fba772 f17:40a5564f
18351690ns          318762 1c0086dc 16852803 lw               x16, 360(x10)       x16=406c965d x10:1c010e44  PA:1c010fac
18351988ns          318777 1c0086e0 0247a383 lw               x7, 36(x15)          x7=40bdf671 x15:1c010868  PA:1c01088c
18352286ns          318792 1c0086e4 3088f8c3 fmadd.s          f17, f17, f8, f6    f17=xxxxxxxx f17:422287c4  f8:40a9fcb3  f6:43c16bb8
18352306ns          318793 1c0086e8 1106f853 fmul.s           f16, f13, f16       f16=xxxxxxxx f13:40fba772 f16:406c965d
18352326ns          318794 1c0086ec 000ea303 lw               x6, 0(x29)           x6=402744f3 x29:10000ee4  PA:10000ee4
18352346ns          318795 1c0086f0 02878793 addi             x15, x15, 40        x15=1c010890 x15:1c010868
18352366ns          318796 1c0086f4 88787843 fmadd.s          f16, f16, f7, f17   f16=xxxxxxxx f16:41e8922d  f7:40bdf671 f17:4416abe4
18352386ns          318797 1c0086f8 80e37843 fmadd.s          f16, f6, f14, f16   f16=xxxxxxxx  f6:402744f3 f14:41063542 f16:4441d0d8
18352406ns          318798 1c0086fc 030ea42b p.sw             x16, 40(x29!)       x29=10000f0c x16:44474be6 x29:10000ee4  PA:10000ee4
18352426ns          318799 1c008658 00052803 lw               x16, 0(x10)         x16=3ff0c161 x10:1c010e44  PA:1c010e44
18352724ns          318814 1c00865c 0007a883 lw               x17, 0(x15)         x17=4119a00a x15:1c010890  PA:1c010890
18353042ns          318830 1c008660 1106f853 fmul.s           f16, f13, f16       f16=xxxxxxxx f13:40fba772 f16:3ff0c161
18353062ns          318831 1c008664 02852303 lw               x6, 40(x10)          x6=4086ebf9 x10:1c010e44  PA:1c010e6c
18353361ns          318846 1c008668 0047a383 lw               x7, 4(x15)           x7=40642f0b x15:1c010890  PA:1c010894
18353659ns          318861 1c00866c f1187843 fmadd.s          f16, f16, f17, f30  f16=xxxxxxxx f16:416cab13 f17:4119a00a f30:00000000
18353679ns          318862 1c008670 1066f353 fmul.s           f6, f13, f6          f6=xxxxxxxx f13:40fba772  f6:4086ebf9
18353699ns          318863 1c008674 05052883 lw               x17, 80(x10)        x17=4097c0e7 x10:1c010e44  PA:1c010e94
18353997ns          318878 1c008678 0087a403 lw               x8, 8(x15)           x8=40ede3a4 x15:1c010890  PA:1c010898
18354315ns          318894 1c00867a 80737343 fmadd.s          f6, f6, f7, f16      f6=xxxxxxxx  f6:4204a19d  f7:40642f0b f16:430e0633
18354335ns          318895 1c00867e 1116f8d3 fmul.s           f17, f13, f17       f17=xxxxxxxx f13:40fba772 f17:4097c0e7
18354355ns          318896 1c008682 07852803 lw               x16, 120(x10)       x16=4080e683 x10:1c010e44  PA:1c010ebc
18354653ns          318911 1c008686 00c7a383 lw               x7, 12(x15)          x7=3f84672f x15:1c010890  PA:1c01089c
18354952ns          318926 1c00868a 3088f8c3 fmadd.s          f17, f17, f8, f6    f17=xxxxxxxx f17:42152d65  f8:40ede3a4  f6:43821f41
18354972ns          318927 1c00868e 1106f853 fmul.s           f16, f13, f16       f16=xxxxxxxx f13:40fba772 f16:4080e683
18354992ns          318928 1c008692 0a052303 lw               x6, 160(x10)         x6=40c3d3cb x10:1c010e44  PA:1c010ee4
18355290ns          318943 1c008696 0107a403 lw               x8, 16(x15)          x8=40854cea x15:1c010890  PA:1c0108a0
18355588ns          318958 1c008698 88787843 fmadd.s          f16, f16, f7, f17   f16=xxxxxxxx f16:41fd6ca4  f7:3f84672f f17:44065f77
18355608ns          318959 1c00869c 1066f353 fmul.s           f6, f13, f6          f6=xxxxxxxx f13:40fba772  f6:40c3d3cb
18355628ns          318960 1c0086a0 0c852883 lw               x17, 200(x10)       x17=3fda79c6 x10:1c010e44  PA:1c010f0c
18355926ns          318975 1c0086a4 0147a383 lw               x7, 20(x15)          x7=4100bd62 x15:1c010890  PA:1c0108a4
18356225ns          318990 1c0086a8 80837343 fmadd.s          f6, f6, f8, f16      f6=xxxxxxxx  f6:424080be  f8:40854cea f16:440e909a
18356245ns          318991 1c0086ac 1116f8d3 fmul.s           f17, f13, f17       f17=xxxxxxxx f13:40fba772 f17:3fda79c6
18356265ns          318992 1c0086b0 0f052803 lw               x16, 240(x10)       x16=3ee0866b x10:1c010e44  PA:1c010f34
18356563ns          319007 1c0086b4 0187a403 lw               x8, 24(x15)          x8=4079a1a7 x15:1c010890  PA:1c0108a8
18356861ns          319022 1c0086b6 3078f8c3 fmadd.s          f17, f17, f7, f6    f17=xxxxxxxx f17:4156c44c  f7:4100bd62  f6:4440aef6
18356881ns          319023 1c0086ba 1106f853 fmul.s           f16, f13, f16       f16=xxxxxxxx f13:40fba772 f16:3ee0866b
18356901ns          319024 1c0086be 11852303 lw               x6, 280(x10)         x6=41180855 x10:1c010e44  PA:1c010f5c
18357199ns          319039 1c0086c2 01c7a383 lw               x7, 28(x15)          x7=40ac177a x15:1c010890  PA:1c0108ac
18357498ns          319054 1c0086c6 88887843 fmadd.s          f16, f16, f8, f17   f16=xxxxxxxx f16:405cb6a7  f8:4079a1a7 f17:445baf38
18357518ns          319055 1c0086ca 1066f353 fmul.s           f6, f13, f6          f6=xxxxxxxx f13:40fba772  f6:41180855
18357538ns          319056 1c0086ce 14052883 lw               x17, 320(x10)       x17=40a5564f x10:1c010e44  PA:1c010f84
18357836ns          319071 1c0086d2 0207a403 lw               x8, 32(x15)          x8=411507cf x15:1c010890  PA:1c0108b0
18358134ns          319086 1c0086d4 80737343 fmadd.s          f6, f6, f7, f16      f6=xxxxxxxx  f6:4295739c  f7:40ac177a f16:445f0c1c
18358154ns          319087 1c0086d8 1116f8d3 fmul.s           f17, f13, f17       f17=xxxxxxxx f13:40fba772 f17:40a5564f
18358174ns          319088 1c0086dc 16852803 lw               x16, 360(x10)       x16=406c965d x10:1c010e44  PA:1c010fac
18358472ns          319103 1c0086e0 0247a383 lw               x7, 36(x15)          x7=41055ac8 x15:1c010890  PA:1c0108b4
18358771ns          319118 1c0086e4 3088f8c3 fmadd.s          f17, f17, f8, f6    f17=xxxxxxxx f17:422287c4  f8:411507cf  f6:44a1c1bf
18358791ns          319119 1c0086e8 1106f853 fmul.s           f16, f13, f16       f16=xxxxxxxx f13:40fba772 f16:406c965d
18358811ns          319120 1c0086ec 000ea303 lw               x6, 0(x29)           x6=40c153a5 x29:10000f0c  PA:10000f0c
18358830ns          319121 1c0086f0 02878793 addi             x15, x15, 40        x15=1c0108b8 x15:1c010890
18358850ns          319122 1c0086f4 88787843 fmadd.s          f16, f16, f7, f17   f16=xxxxxxxx f16:41e8922d  f7:41055ac8 f17:44d110bc
18358870ns          319123 1c0086f8 80e37843 fmadd.s          f16, f6, f14, f16   f16=xxxxxxxx  f6:40c153a5 f14:41063542 f16:44ef5a57
18358890ns          319124 1c0086fc 030ea42b p.sw             x16, 40(x29!)       x29=10000f34 x16:44f5aff7 x29:10000f0c  PA:10000f0c
18358910ns          319125 1c008658 00052803 lw               x16, 0(x10)         x16=3ff0c161 x10:1c010e44  PA:1c010e44
18359208ns          319140 1c00865c 0007a883 lw               x17, 0(x15)         x17=401ca5ad x15:1c0108b8  PA:1c0108b8
18359507ns          319155 1c008660 1106f853 fmul.s           f16, f13, f16       f16=xxxxxxxx f13:40fba772 f16:3ff0c161
18359527ns          319156 1c008664 02852303 lw               x6, 40(x10)          x6=4086ebf9 x10:1c010e44  PA:1c010e6c
18359825ns          319171 1c008668 0047a383 lw               x7, 4(x15)           x7=4104807b x15:1c0108b8  PA:1c0108bc
18360123ns          319186 1c00866c f1187843 fmadd.s          f16, f16, f17, f30  f16=xxxxxxxx f16:416cab13 f17:401ca5ad f30:00000000
18360143ns          319187 1c008670 1066f353 fmul.s           f6, f13, f6          f6=xxxxxxxx f13:40fba772  f6:4086ebf9
18360163ns          319188 1c008674 05052883 lw               x17, 80(x10)        x17=4097c0e7 x10:1c010e44  PA:1c010e94
18360462ns          319203 1c008678 0087a403 lw               x8, 8(x15)           x8=3fa0c982 x15:1c0108b8  PA:1c0108c0
18360760ns          319218 1c00867a 80737343 fmadd.s          f6, f6, f7, f16      f6=xxxxxxxx  f6:4204a19d  f7:4104807b f16:4210d16a
18360780ns          319219 1c00867e 1116f8d3 fmul.s           f17, f13, f17       f17=xxxxxxxx f13:40fba772 f17:4097c0e7
18360800ns          319220 1c008682 07852803 lw               x16, 120(x10)       x16=4080e683 x10:1c010e44  PA:1c010ebc
18361098ns          319235 1c008686 00c7a383 lw               x7, 12(x15)          x7=408f6bde x15:1c0108b8  PA:1c0108c4
18361396ns          319250 1c00868a 3088f8c3 fmadd.s          f17, f17, f8, f6    f17=xxxxxxxx f17:42152d65  f8:3fa0c982  f6:439b65f8
18361416ns          319251 1c00868e 1106f853 fmul.s           f16, f13, f16       f16=xxxxxxxx f13:40fba772 f16:4080e683
18361436ns          319252 1c008692 0a052303 lw               x6, 160(x10)         x6=40c3d3cb x10:1c010e44  PA:1c010ee4
18361735ns          319267 1c008696 0107a403 lw               x8, 16(x15)          x8=40843960 x15:1c0108b8  PA:1c0108c8
18362033ns          319282 1c008698 88787843 fmadd.s          f16, f16, f7, f17   f16=xxxxxxxx f16:41fd6ca4  f7:408f6bde f17:43b2d26b
18362053ns          319283 1c00869c 1066f353 fmul.s           f6, f13, f6          f6=xxxxxxxx f13:40fba772  f6:40c3d3cb
18362073ns          319284 1c0086a0 0c852883 lw               x17, 200(x10)       x17=3fda79c6 x10:1c010e44  PA:1c010f0c
18362391ns          319300 1c0086a4 0147a383 lw               x7, 20(x15)          x7=40ca1d6a x15:1c0108b8  PA:1c0108cc
18362689ns          319315 1c0086a8 80837343 fmadd.s          f6, f6, f8, f16      f6=xxxxxxxx  f6:424080be  f8:40843960 f16:43f9cfa7
18362709ns          319316 1c0086ac 1116f8d3 fmul.s           f17, f13, f17       f17=xxxxxxxx f13:40fba772 f17:3fda79c6
18362729ns          319317 1c0086b0 0f052803 lw               x16, 240(x10)       x16=3ee0866b x10:1c010e44  PA:1c010f34
18363027ns          319332 1c0086b4 0187a403 lw               x8, 24(x15)          x8=40329514 x15:1c0108b8  PA:1c0108d0
18363326ns          319347 1c0086b6 3078f8c3 fmadd.s          f17, f17, f7, f6    f17=xxxxxxxx f17:4156c44c  f7:40ca1d6a  f6:442e9e97
18363346ns          319348 1c0086ba 1106f853 fmul.s           f16, f13, f16       f16=xxxxxxxx f13:40fba772 f16:3ee0866b
18363366ns          319349 1c0086be 11852303 lw               x6, 280(x10)         x6=41180855 x10:1c010e44  PA:1c010f5c
18363684ns          319365 1c0086c2 01c7a383 lw               x7, 28(x15)          x7=41042b0b x15:1c0108b8  PA:1c0108d4
18363982ns          319380 1c0086c6 88887843 fmadd.s          f16, f16, f8, f17   f16=xxxxxxxx f16:405cb6a7  f8:40329514 f17:4443d089
18364002ns          319381 1c0086ca 1066f353 fmul.s           f6, f13, f6          f6=xxxxxxxx f13:40fba772  f6:41180855
18364022ns          319382 1c0086ce 14052883 lw               x17, 320(x10)       x17=40a5564f x10:1c010e44  PA:1c010f84
18364320ns          319397 1c0086d2 0207a403 lw               x8, 32(x15)          x8=4116f4ed x15:1c0108b8  PA:1c0108d8
18364619ns          319412 1c0086d4 80737343 fmadd.s          f6, f6, f7, f16      f6=xxxxxxxx  f6:4295739c  f7:41042b0b f16:44463867
18364639ns          319413 1c0086d8 1116f8d3 fmul.s           f17, f13, f17       f17=xxxxxxxx f13:40fba772 f17:40a5564f
18364658ns          319414 1c0086dc 16852803 lw               x16, 360(x10)       x16=406c965d x10:1c010e44  PA:1c010fac
18364977ns          319430 1c0086e0 0247a383 lw               x7, 36(x15)          x7=40d1fecf x15:1c0108b8  PA:1c0108dc
18365275ns          319445 1c0086e4 3088f8c3 fmadd.s          f17, f17, f8, f6    f17=xxxxxxxx f17:422287c4  f8:4116f4ed  f6:44b044f1
18365295ns          319446 1c0086e8 1106f853 fmul.s           f16, f13, f16       f16=xxxxxxxx f13:40fba772 f16:406c965d
18365315ns          319447 1c0086ec 000ea303 lw               x6, 0(x29)           x6=3eb2adae x29:10000f34  PA:10000f34
18365335ns          319448 1c0086f0 02878793 addi             x15, x15, 40        x15=1c0108e0 x15:1c0108b8
18365355ns          319449 1c0086f4 88787843 fmadd.s          f16, f16, f7, f17   f16=xxxxxxxx f16:41e8922d  f7:40d1fecf f17:44e03077
18365375ns          319450 1c0086f8 80e37843 fmadd.s          f16, f6, f14, f16   f16=xxxxxxxx  f6:3eb2adae f14:41063542 f16:44f80951
18365394ns          319451 1c0086fc 030ea42b p.sw             x16, 40(x29!)       x29=10000f5c x16:44f866fd x29:10000f34  PA:10000f34
18365414ns          319452 1c008658 00052803 lw               x16, 0(x10)         x16=3ff0c161 x10:1c010e44  PA:1c010e44
18365713ns          319467 1c00865c 0007a883 lw               x17, 0(x15)         x17=40a54233 x15:1c0108e0  PA:1c0108e0
18366011ns          319482 1c008660 1106f853 fmul.s           f16, f13, f16       f16=xxxxxxxx f13:40fba772 f16:3ff0c161
18366031ns          319483 1c008664 02852303 lw               x6, 40(x10)          x6=4086ebf9 x10:1c010e44  PA:1c010e6c
18366349ns          319499 1c008668 0047a383 lw               x7, 4(x15)           x7=4093ed2a x15:1c0108e0  PA:1c0108e4
18366648ns          319514 1c00866c f1187843 fmadd.s          f16, f16, f17, f30  f16=xxxxxxxx f16:416cab13 f17:40a54233 f30:00000000
18366667ns          319515 1c008670 1066f353 fmul.s           f6, f13, f6          f6=xxxxxxxx f13:40fba772  f6:4086ebf9
18366687ns          319516 1c008674 05052883 lw               x17, 80(x10)        x17=4097c0e7 x10:1c010e44  PA:1c010e94
18366986ns          319531 1c008678 0087a403 lw               x8, 8(x15)           x8=40fe6095 x15:1c0108e0  PA:1c0108e8
18367284ns          319546 1c00867a 80737343 fmadd.s          f6, f6, f7, f16      f6=xxxxxxxx  f6:4204a19d  f7:4093ed2a f16:4298c776
18367304ns          319547 1c00867e 1116f8d3 fmul.s           f17, f13, f17       f17=xxxxxxxx f13:40fba772 f17:4097c0e7
18367324ns          319548 1c008682 07852803 lw               x16, 120(x10)       x16=4080e683 x10:1c010e44  PA:1c010ebc
18367642ns          319564 1c008686 00c7a383 lw               x7, 12(x15)          x7=3e9d6a6e x15:1c0108e0  PA:1c0108ec
18367940ns          319579 1c00868a 3088f8c3 fmadd.s          f17, f17, f8, f6    f17=xxxxxxxx f17:42152d65  f8:40fe6095  f6:4365ab14
18367960ns          319580 1c00868e 1106f853 fmul.s           f16, f13, f16       f16=xxxxxxxx f13:40fba772 f16:4080e683
18367980ns          319581 1c008692 0a052303 lw               x6, 160(x10)         x6=40c3d3cb x10:1c010e44  PA:1c010ee4
18368279ns          319596 1c008696 0107a403 lw               x8, 16(x15)          x8=4092d176 x15:1c0108e0  PA:1c0108f0
18368577ns          319611 1c008698 88787843 fmadd.s          f16, f16, f7, f17   f16=xxxxxxxx f16:41fd6ca4  f7:3e9d6a6e f17:4403886e
18368597ns          319612 1c00869c 1066f353 fmul.s           f6, f13, f6          f6=xxxxxxxx f13:40fba772  f6:40c3d3cb
18368617ns          319613 1c0086a0 0c852883 lw               x17, 200(x10)       x17=3fda79c6 x10:1c010e44  PA:1c010f0c
18368935ns          319629 1c0086a4 0147a383 lw               x7, 20(x15)          x7=4088f69f x15:1c0108e0  PA:1c0108f4
18369233ns          319644 1c0086a8 80837343 fmadd.s          f6, f6, f8, f16      f6=xxxxxxxx  f6:424080be  f8:4092d176 f16:4405f7c2
18369253ns          319645 1c0086ac 1116f8d3 fmul.s           f17, f13, f17       f17=xxxxxxxx f13:40fba772 f17:3fda79c6
18369273ns          319646 1c0086b0 0f052803 lw               x16, 240(x10)       x16=3ee0866b x10:1c010e44  PA:1c010f34
18369571ns          319661 1c0086b4 0187a403 lw               x8, 24(x15)          x8=40f68caa x15:1c0108e0  PA:1c0108f8
18369870ns          319676 1c0086b6 3078f8c3 fmadd.s          f17, f17, f7, f6    f17=xxxxxxxx f17:4156c44c  f7:4088f69f  f6:443d2b39
18369890ns          319677 1c0086ba 1106f853 fmul.s           f16, f13, f16       f16=xxxxxxxx f13:40fba772 f16:3ee0866b
18369910ns          319678 1c0086be 11852303 lw               x6, 280(x10)         x6=41180855 x10:1c010e44  PA:1c010f5c
18370208ns          319693 1c0086c2 01c7a383 lw               x7, 28(x15)          x7=411e9abf x15:1c0108e0  PA:1c0108fc
18370506ns          319708 1c0086c6 88887843 fmadd.s          f16, f16, f8, f17   f16=xxxxxxxx f16:405cb6a7  f8:40f68caa f17:444b881f
18370526ns          319709 1c0086ca 1066f353 fmul.s           f6, f13, f6          f6=xxxxxxxx f13:40fba772  f6:41180855
18370546ns          319710 1c0086ce 14052883 lw               x17, 320(x10)       x17=40a5564f x10:1c010e44  PA:1c010f84
18370844ns          319725 1c0086d2 0207a403 lw               x8, 32(x15)          x8=40f8cdf4 x15:1c0108e0  PA:1c010900
18371143ns          319740 1c0086d4 80737343 fmadd.s          f6, f6, f7, f16      f6=xxxxxxxx  f6:4295739c  f7:411e9abf f16:44522ca5
18371163ns          319741 1c0086d8 1116f8d3 fmul.s           f17, f13, f17       f17=xxxxxxxx f13:40fba772 f17:40a5564f
18371183ns          319742 1c0086dc 16852803 lw               x16, 360(x10)       x16=406c965d x10:1c010e44  PA:1c010fac
18371481ns          319757 1c0086e0 0247a383 lw               x7, 36(x15)          x7=400dc23e x15:1c0108e0  PA:1c010904
18371779ns          319772 1c0086e4 3088f8c3 fmadd.s          f17, f17, f8, f6    f17=xxxxxxxx f17:422287c4  f8:40f8cdf4  f6:44c5ae04
18371799ns          319773 1c0086e8 1106f853 fmul.s           f16, f13, f16       f16=xxxxxxxx f13:40fba772 f16:406c965d
18371819ns          319774 1c0086ec 000ea303 lw               x6, 0(x29)           x6=40e43b61 x29:10000f5c  PA:10000f5c
18371839ns          319775 1c0086f0 02878793 addi             x15, x15, 40        x15=1c010908 x15:1c0108e0
18371859ns          319776 1c0086f4 88787843 fmadd.s          f16, f16, f7, f17   f16=xxxxxxxx f16:41e8922d  f7:400dc23e f17:44ed2b96
18371879ns          319777 1c0086f8 80e37843 fmadd.s          f16, f6, f14, f16   f16=xxxxxxxx  f6:40e43b61 f14:41063542 f16:44f53826
18371899ns          319778 1c0086fc 030ea42b p.sw             x16, 40(x29!)       x29=10000f84 x16:44fcb28f x29:10000f5c  PA:10000f5c
18371919ns          319779 1c008658 00052803 lw               x16, 0(x10)         x16=3ff0c161 x10:1c010e44  PA:1c010e44
18372217ns          319794 1c00865c 0007a883 lw               x17, 0(x15)         x17=40adfed7 x15:1c010908  PA:1c010908
18372515ns          319809 1c008660 1106f853 fmul.s           f16, f13, f16       f16=xxxxxxxx f13:40fba772 f16:3ff0c161
18372535ns          319810 1c008664 02852303 lw               x6, 40(x10)          x6=4086ebf9 x10:1c010e44  PA:1c010e6c
18372834ns          319825 1c008668 0047a383 lw               x7, 4(x15)           x7=40c5c8e3 x15:1c010908  PA:1c01090c
18373132ns          319840 1c00866c f1187843 fmadd.s          f16, f16, f17, f30  f16=xxxxxxxx f16:416cab13 f17:40adfed7 f30:00000000
18373152ns          319841 1c008670 1066f353 fmul.s           f6, f13, f6          f6=xxxxxxxx f13:40fba772  f6:4086ebf9
18373172ns          319842 1c008674 05052883 lw               x17, 80(x10)        x17=4097c0e7 x10:1c010e44  PA:1c010e94
18373470ns          319857 1c008678 0087a403 lw               x8, 8(x15)           x8=3eb2c55f x15:1c010908  PA:1c010910
18373768ns          319872 1c00867a 80737343 fmadd.s          f6, f6, f7, f16      f6=xxxxxxxx  f6:4204a19d  f7:40c5c8e3 f16:42a0db34
18373788ns          319873 1c00867e 1116f8d3 fmul.s           f17, f13, f17       f17=xxxxxxxx f13:40fba772 f17:4097c0e7
18373808ns          319874 1c008682 07852803 lw               x16, 120(x10)       x16=4080e683 x10:1c010e44  PA:1c010ebc
18374107ns          319889 1c008686 00c7a383 lw               x7, 12(x15)          x7=3eb000b7 x15:1c010908  PA:1c010914
18374405ns          319904 1c00868a 3088f8c3 fmadd.s          f17, f17, f8, f6    f17=xxxxxxxx f17:42152d65  f8:3eb2c55f  f6:438eaf3f
18374425ns          319905 1c00868e 1106f853 fmul.s           f16, f13, f16       f16=xxxxxxxx f13:40fba772 f16:4080e683
18374445ns          319906 1c008692 0a052303 lw               x6, 160(x10)         x6=40c3d3cb x10:1c010e44  PA:1c010ee4
18374743ns          319921 1c008696 0107a403 lw               x8, 16(x15)          x8=40e294e8 x15:1c010908  PA:1c010918
18375041ns          319936 1c008698 88787843 fmadd.s          f16, f16, f7, f17   f16=xxxxxxxx f16:41fd6ca4  f7:3eb000b7 f17:43953208
18375061ns          319937 1c00869c 1066f353 fmul.s           f6, f13, f6          f6=xxxxxxxx f13:40fba772  f6:40c3d3cb
18375081ns          319938 1c0086a0 0c852883 lw               x17, 200(x10)       x17=3fda79c6 x10:1c010e44  PA:1c010f0c
18375380ns          319953 1c0086a4 0147a383 lw               x7, 20(x15)          x7=401cda14 x15:1c010908  PA:1c01091c
18375698ns          319969 1c0086a8 80837343 fmadd.s          f6, f6, f8, f16      f6=xxxxxxxx  f6:424080be  f8:40e294e8 f16:439aa3e3
18375718ns          319970 1c0086ac 1116f8d3 fmul.s           f17, f13, f17       f17=xxxxxxxx f13:40fba772 f17:3fda79c6
18375738ns          319971 1c0086b0 0f052803 lw               x16, 240(x10)       x16=3ee0866b x10:1c010e44  PA:1c010f34
18376036ns          319986 1c0086b4 0187a403 lw               x8, 24(x15)          x8=3ff5493e x15:1c010908  PA:1c010920
18376334ns          320001 1c0086b6 3078f8c3 fmadd.s          f17, f17, f7, f6    f17=xxxxxxxx f17:4156c44c  f7:401cda14  f6:442282c2
18376354ns          320002 1c0086ba 1106f853 fmul.s           f16, f13, f16       f16=xxxxxxxx f13:40fba772 f16:3ee0866b
18376374ns          320003 1c0086be 11852303 lw               x6, 280(x10)         x6=41180855 x10:1c010e44  PA:1c010f5c
18376672ns          320018 1c0086c2 01c7a383 lw               x7, 28(x15)          x7=4024db73 x15:1c010908  PA:1c010924
18376991ns          320034 1c0086c6 88887843 fmadd.s          f16, f16, f8, f17   f16=xxxxxxxx f16:405cb6a7  f8:3ff5493e f17:442abc2b
18377011ns          320035 1c0086ca 1066f353 fmul.s           f6, f13, f6          f6=xxxxxxxx f13:40fba772  f6:41180855
18377030ns          320036 1c0086ce 14052883 lw               x17, 320(x10)       x17=40a5564f x10:1c010e44  PA:1c010f84
18377329ns          320051 1c0086d2 0207a403 lw               x8, 32(x15)          x8=40005e40 x15:1c010908  PA:1c010928
18377627ns          320066 1c0086d4 80737343 fmadd.s          f6, f6, f7, f16      f6=xxxxxxxx  f6:4295739c  f7:4024db73 f16:442c631f
18377647ns          320067 1c0086d8 1116f8d3 fmul.s           f17, f13, f17       f17=xxxxxxxx f13:40fba772 f17:40a5564f
18377667ns          320068 1c0086dc 16852803 lw               x16, 360(x10)       x16=406c965d x10:1c010e44  PA:1c010fac
18377965ns          320083 1c0086e0 0247a383 lw               x7, 36(x15)          x7=40e239a4 x15:1c010908  PA:1c01092c
18378284ns          320099 1c0086e4 3088f8c3 fmadd.s          f17, f17, f8, f6    f17=xxxxxxxx f17:422287c4  f8:40005e40  f6:445c8235
18378304ns          320100 1c0086e8 1106f853 fmul.s           f16, f13, f16       f16=xxxxxxxx f13:40fba772 f16:406c965d
18378323ns          320101 1c0086ec 000ea303 lw               x6, 0(x29)           x6=41080baf x29:10000f84  PA:10000f84
18378343ns          320102 1c0086f0 02878793 addi             x15, x15, 40        x15=1c010930 x15:1c010908
18378363ns          320103 1c0086f4 88787843 fmadd.s          f16, f16, f7, f17   f16=xxxxxxxx f16:41e8922d  f7:40e239a4 f17:4470e223
18378383ns          320104 1c0086f8 80e37843 fmadd.s          f16, f6, f14, f16   f16=xxxxxxxx  f6:41080baf f14:41063542 f16:449221bf
18378403ns          320105 1c0086fc 030ea42b p.sw             x16, 40(x29!)       x29=10000fac x16:449b0c0c x29:10000f84  PA:10000f84
18378423ns          320106 1c008658 00052803 lw               x16, 0(x10)         x16=3ff0c161 x10:1c010e44  PA:1c010e44
18378721ns          320121 1c00865c 0007a883 lw               x17, 0(x15)         x17=4051d560 x15:1c010930  PA:1c010930
18379020ns          320136 1c008660 1106f853 fmul.s           f16, f13, f16       f16=xxxxxxxx f13:40fba772 f16:3ff0c161
18379039ns          320137 1c008664 02852303 lw               x6, 40(x10)          x6=4086ebf9 x10:1c010e44  PA:1c010e6c
18379338ns          320152 1c008668 0047a383 lw               x7, 4(x15)           x7=40fbbedb x15:1c010930  PA:1c010934
18379656ns          320168 1c00866c f1187843 fmadd.s          f16, f16, f17, f30  f16=xxxxxxxx f16:416cab13 f17:4051d560 f30:00000000
18379676ns          320169 1c008670 1066f353 fmul.s           f6, f13, f6          f6=xxxxxxxx f13:40fba772  f6:4086ebf9
18379696ns          320170 1c008674 05052883 lw               x17, 80(x10)        x17=4097c0e7 x10:1c010e44  PA:1c010e94
18379994ns          320185 1c008678 0087a403 lw               x8, 8(x15)           x8=4012e6d7 x15:1c010930  PA:1c010938
18380293ns          320200 1c00867a 80737343 fmadd.s          f6, f6, f7, f16      f6=xxxxxxxx  f6:4204a19d  f7:40fbbedb f16:4241fcee
18380312ns          320201 1c00867e 1116f8d3 fmul.s           f17, f13, f17       f17=xxxxxxxx f13:40fba772 f17:4097c0e7
18380332ns          320202 1c008682 07852803 lw               x16, 120(x10)       x16=4080e683 x10:1c010e44  PA:1c010ebc
18380631ns          320217 1c008686 00c7a383 lw               x7, 12(x15)          x7=410be73c x15:1c010930  PA:1c01093c
18380949ns          320233 1c00868a 3088f8c3 fmadd.s          f17, f17, f8, f6    f17=xxxxxxxx f17:42152d65  f8:4012e6d7  f6:439aacf4
18380969ns          320234 1c00868e 1106f853 fmul.s           f16, f13, f16       f16=xxxxxxxx f13:40fba772 f16:4080e683
18380989ns          320235 1c008692 0a052303 lw               x6, 160(x10)         x6=40c3d3cb x10:1c010e44  PA:1c010ee4
18381287ns          320250 1c008696 0107a403 lw               x8, 16(x15)          x8=40e8f76c x15:1c010930  PA:1c010940
18381585ns          320265 1c008698 88787843 fmadd.s          f16, f16, f7, f17   f16=xxxxxxxx f16:41fd6ca4  f7:410be73c f17:43c57a28
18381605ns          320266 1c00869c 1066f353 fmul.s           f6, f13, f6          f6=xxxxxxxx f13:40fba772  f6:40c3d3cb
18381625ns          320267 1c0086a0 0c852883 lw               x17, 200(x10)       x17=3fda79c6 x10:1c010e44  PA:1c010f0c
18381924ns          320282 1c0086a4 0147a383 lw               x7, 20(x15)          x7=40a8711a x15:1c010930  PA:1c010944
18382242ns          320298 1c0086a8 80837343 fmadd.s          f6, f6, f8, f16      f6=xxxxxxxx  f6:424080be  f8:40e8f76c f16:4427fc87
18382262ns          320299 1c0086ac 1116f8d3 fmul.s           f17, f13, f17       f17=xxxxxxxx f13:40fba772 f17:3fda79c6
18382282ns          320300 1c0086b0 0f052803 lw               x16, 240(x10)       x16=3ee0866b x10:1c010e44  PA:1c010f34
18382580ns          320315 1c0086b4 0187a403 lw               x8, 24(x15)          x8=408850e7 x15:1c010930  PA:1c010948
18382878ns          320330 1c0086b6 3078f8c3 fmadd.s          f17, f17, f7, f6    f17=xxxxxxxx f17:4156c44c  f7:40a8711a  f6:447f93e4
18382898ns          320331 1c0086ba 1106f853 fmul.s           f16, f13, f16       f16=xxxxxxxx f13:40fba772 f16:3ee0866b
18382918ns          320332 1c0086be 11852303 lw               x6, 280(x10)         x6=41180855 x10:1c010e44  PA:1c010f5c
18383217ns          320347 1c0086c2 01c7a383 lw               x7, 28(x15)          x7=40b191c9 x15:1c010930  PA:1c01094c
18383515ns          320362 1c0086c6 88887843 fmadd.s          f16, f16, f8, f17   f16=xxxxxxxx f16:405cb6a7  f8:408850e7 f17:44889eed
18383535ns          320363 1c0086ca 1066f353 fmul.s           f6, f13, f6          f6=xxxxxxxx f13:40fba772  f6:41180855
18383555ns          320364 1c0086ce 14052883 lw               x17, 320(x10)       x17=40a5564f x10:1c010e44  PA:1c010f84
18383853ns          320379 1c0086d2 0207a403 lw               x8, 32(x15)          x8=3e508c5f x15:1c010930  PA:1c010950
18384151ns          320394 1c0086d4 80737343 fmadd.s          f6, f6, f7, f16      f6=xxxxxxxx  f6:4295739c  f7:40b191c9 f16:448a7508
18384171ns          320395 1c0086d8 1116f8d3 fmul.s           f17, f13, f17       f17=xxxxxxxx f13:40fba772 f17:40a5564f
18384191ns          320396 1c0086dc 16852803 lw               x16, 360(x10)       x16=406c965d x10:1c010e44  PA:1c010fac
18384490ns          320411 1c0086e0 0247a383 lw               x7, 36(x15)          x7=40868cc1 x15:1c010930  PA:1c010954
18384788ns          320426 1c0086e4 3088f8c3 fmadd.s          f17, f17, f8, f6    f17=xxxxxxxx f17:422287c4  f8:3e508c5f  f6:44be4a0d
18384808ns          320427 1c0086e8 1106f853 fmul.s           f16, f13, f16       f16=xxxxxxxx f13:40fba772 f16:406c965d
18384828ns          320428 1c0086ec 000ea303 lw               x6, 0(x29)           x6=40ea0e55 x29:10000fac  PA:10000fac
18384848ns          320429 1c0086f0 02878793 addi             x15, x15, 40        x15=1c010958 x15:1c010930
18384867ns          320430 1c0086f4 88787843 fmadd.s          f16, f16, f7, f17   f16=xxxxxxxx f16:41e8922d  f7:40868cc1 f17:44bf52dc
18384887ns          320431 1c0086f8 80e37843 fmadd.s          f16, f6, f14, f16   f16=xxxxxxxx  f6:40ea0e55 f14:41063542 f16:44ce9a68
18384907ns          320432 1c0086fc 030ea42b p.sw             x16, 40(x29!)       x29=10000fd4 x16:44d645ab x29:10000fac  PA:10000fac
18384927ns          320433 1c008658 00052803 lw               x16, 0(x10)         x16=3ff0c161 x10:1c010e44  PA:1c010e44
18385225ns          320448 1c00865c 0007a883 lw               x17, 0(x15)         x17=40858542 x15:1c010958  PA:1c010958
18385524ns          320463 1c008660 1106f853 fmul.s           f16, f13, f16       f16=xxxxxxxx f13:40fba772 f16:3ff0c161
18385544ns          320464 1c008664 02852303 lw               x6, 40(x10)          x6=4086ebf9 x10:1c010e44  PA:1c010e6c
18385842ns          320479 1c008668 0047a383 lw               x7, 4(x15)           x7=3fa6a77c x15:1c010958  PA:1c01095c
18386140ns          320494 1c00866c f1187843 fmadd.s          f16, f16, f17, f30  f16=xxxxxxxx f16:416cab13 f17:40858542 f30:00000000
18386160ns          320495 1c008670 1066f353 fmul.s           f6, f13, f6          f6=xxxxxxxx f13:40fba772  f6:4086ebf9
18386180ns          320496 1c008674 05052883 lw               x17, 80(x10)        x17=4097c0e7 x10:1c010e44  PA:1c010e94
18386479ns          320511 1c008678 0087a403 lw               x8, 8(x15)           x8=3fb30ee3 x15:1c010958  PA:1c010960
18386777ns          320526 1c00867a 80737343 fmadd.s          f6, f6, f7, f16      f6=xxxxxxxx  f6:4204a19d  f7:3fa6a77c f16:4276e026
18386797ns          320527 1c00867e 1116f8d3 fmul.s           f17, f13, f17       f17=xxxxxxxx f13:40fba772 f17:4097c0e7
18386817ns          320528 1c008682 07852803 lw               x16, 120(x10)       x16=4080e683 x10:1c010e44  PA:1c010ebc
18387115ns          320543 1c008686 00c7a383 lw               x7, 12(x15)          x7=40fe97f4 x15:1c010958  PA:1c010964
18387413ns          320558 1c00868a 3088f8c3 fmadd.s          f17, f17, f8, f6    f17=xxxxxxxx f17:42152d65  f8:3fb30ee3  f6:42d1c7a4
18387433ns          320559 1c00868e 1106f853 fmul.s           f16, f13, f16       f16=xxxxxxxx f13:40fba772 f16:4080e683
18387453ns          320560 1c008692 0a052303 lw               x6, 160(x10)         x6=40c3d3cb x10:1c010e44  PA:1c010ee4
18387752ns          320575 1c008696 0107a403 lw               x8, 16(x15)          x8=409ead56 x15:1c010958  PA:1c010968
18388050ns          320590 1c008698 88787843 fmadd.s          f16, f16, f7, f17   f16=xxxxxxxx f16:41fd6ca4  f7:40fe97f4 f17:431d0f87
18388070ns          320591 1c00869c 1066f353 fmul.s           f6, f13, f6          f6=xxxxxxxx f13:40fba772  f6:40c3d3cb
18388090ns          320592 1c0086a0 0c852883 lw               x17, 200(x10)       x17=3fda79c6 x10:1c010e44  PA:1c010f0c
18388388ns          320607 1c0086a4 0147a383 lw               x7, 20(x15)          x7=40e12778 x15:1c010958  PA:1c01096c
18388686ns          320622 1c0086a8 80837343 fmadd.s          f6, f6, f8, f16      f6=xxxxxxxx  f6:424080be  f8:409ead56 f16:43cc8bdf
18388706ns          320623 1c0086ac 1116f8d3 fmul.s           f17, f13, f17       f17=xxxxxxxx f13:40fba772 f17:3fda79c6
18388726ns          320624 1c0086b0 0f052803 lw               x16, 240(x10)       x16=3ee0866b x10:1c010e44  PA:1c010f34
18389025ns          320639 1c0086b4 0187a403 lw               x8, 24(x15)          x8=4054f963 x15:1c010958  PA:1c010970
18389323ns          320654 1c0086b6 3078f8c3 fmadd.s          f17, f17, f7, f6    f17=xxxxxxxx f17:4156c44c  f7:40e12778  f6:4421eed6
18389343ns          320655 1c0086ba 1106f853 fmul.s           f16, f13, f16       f16=xxxxxxxx f13:40fba772 f16:3ee0866b
18389363ns          320656 1c0086be 11852303 lw               x6, 280(x10)         x6=41180855 x10:1c010e44  PA:1c010f5c
18389661ns          320671 1c0086c2 01c7a383 lw               x7, 28(x15)          x7=4050f13b x15:1c010958  PA:1c010974
18389959ns          320686 1c0086c6 88887843 fmadd.s          f16, f16, f8, f17   f16=xxxxxxxx f16:405cb6a7  f8:4054f963 f17:44398b4a
18389979ns          320687 1c0086ca 1066f353 fmul.s           f6, f13, f6          f6=xxxxxxxx f13:40fba772  f6:41180855
18389999ns          320688 1c0086ce 14052883 lw               x17, 320(x10)       x17=40a5564f x10:1c010e44  PA:1c010f84
18390318ns          320704 1c0086d2 0207a403 lw               x8, 32(x15)          x8=40904b8b x15:1c010958  PA:1c010978
18390616ns          320719 1c0086d4 80737343 fmadd.s          f6, f6, f7, f16      f6=xxxxxxxx  f6:4295739c  f7:4050f13b f16:443c69c3
18390636ns          320720 1c0086d8 1116f8d3 fmul.s           f17, f13, f17       f17=xxxxxxxx f13:40fba772 f17:40a5564f
18390656ns          320721 1c0086dc 16852803 lw               x16, 360(x10)       x16=406c965d x10:1c010e44  PA:1c010fac
18390954ns          320736 1c0086e0 0247a383 lw               x7, 36(x15)          x7=40906e67 x15:1c010958  PA:1c01097c
18391252ns          320751 1c0086e4 3088f8c3 fmadd.s          f17, f17, f8, f6    f17=xxxxxxxx f17:422287c4  f8:40904b8b  f6:44796725
18391272ns          320752 1c0086e8 1106f853 fmul.s           f16, f13, f16       f16=xxxxxxxx f13:40fba772 f16:406c965d
18391292ns          320753 1c0086ec 000ea303 lw               x6, 0(x29)           x6=408d4a28 x29:10000fd4  PA:10000fd4
18391312ns          320754 1c0086f0 02878793 addi             x15, x15, 40        x15=1c010980 x15:1c010958
18391332ns          320755 1c0086f4 88787843 fmadd.s          f16, f16, f7, f17   f16=xxxxxxxx f16:41e8922d  f7:40906e67 f17:44939aa8
18391352ns          320756 1c0086f8 80e37843 fmadd.s          f16, f6, f14, f16   f16=xxxxxxxx  f6:408d4a28 f14:41063542 f16:44a40179
18391372ns          320757 1c0086fc 030ea42b p.sw             x16, 40(x29!)       x29=10000ffc x16:44a8a29c x29:10000fd4  PA:10000fd4
18391392ns          320758 1c008700 00460613 addi             x12, x12, 4         x12=10000e70 x12:10000e6c
18391412ns          320759 1c008702 00450513 addi             x10, x10, 4         x10=1c010e48 x10:1c010e44
18391451ns          320761 1c008632 40b28e33 sub              x28, x5, x11        x28=00000190  x5:1c010980 x11:1c0107f0
18391471ns          320762 1c008636 fd8e0e13 addi             x28, x28, -40       x28=00000168 x28:00000190
18391491ns          320763 1c00863a 0cccd7b7 lui              x15, 0xcccd000      x15=0cccd000
18391511ns          320764 1c00863e ccd78793 addi             x15, x15, -819      x15=0ccccccd x15:0cccd000
18391531ns          320765 1c008642 003e5e13 srli             x28, x28, 0x3       x28=0000002d x28:00000168
18391551ns          320766 1c008646 02fe0e33 mul              x28, x28, x15       x28=40000009 x28:0000002d x15:0ccccccd
18391571ns          320767 1c00864a c5de3e33 p.bclr           x28, x28, 2, 29     x28=00000009 x28:40000009
18391591ns          320768 1c00864e 00b007b3 add              x15, x0, x11        x15=1c0107f0 x11:1c0107f0
18391610ns          320769 1c008650 00c00eb3 add              x29, x0, x12        x29=10000e70 x12:10000e70
18391630ns          320770 1c008652 001e0e13 addi             x28, x28, 1         x28=0000000a x28:00000009
18391650ns          320771 1c008654 054e40fb lp.setup         0x1, x28, 0x54      x28:0000000a
18391670ns          320772 1c008658 00052803 lw               x16, 0(x10)         x16=3fe109b7 x10:1c010e48  PA:1c010e48
18391968ns          320787 1c00865c 0007a883 lw               x17, 0(x15)         x17=40c92fdf x15:1c0107f0  PA:1c0107f0
18392267ns          320802 1c008660 1106f853 fmul.s           f16, f13, f16       f16=xxxxxxxx f13:40fba772 f16:3fe109b7
18392287ns          320803 1c008664 02852303 lw               x6, 40(x10)          x6=40d42c1a x10:1c010e48  PA:1c010e70
18392585ns          320818 1c008668 0047a383 lw               x7, 4(x15)           x7=4042e596 x15:1c0107f0  PA:1c0107f4
18392903ns          320834 1c00866c f1187843 fmadd.s          f16, f16, f17, f30  f16=xxxxxxxx f16:415d37b8 f17:40c92fdf f30:00000000
18392923ns          320835 1c008670 1066f353 fmul.s           f6, f13, f6          f6=xxxxxxxx f13:40fba772  f6:40d42c1a
18392943ns          320836 1c008674 05052883 lw               x17, 80(x10)        x17=40d1f84f x10:1c010e48  PA:1c010e98
18393241ns          320851 1c008678 0087a403 lw               x8, 8(x15)           x8=3feabde7 x15:1c0107f0  PA:1c0107f8
18393540ns          320866 1c00867a 80737343 fmadd.s          f6, f6, f7, f16      f6=xxxxxxxx  f6:42509205  f7:4042e596 f16:42adda1d
18393560ns          320867 1c00867e 1116f8d3 fmul.s           f17, f13, f17       f17=xxxxxxxx f13:40fba772 f17:40d1f84f
18393580ns          320868 1c008682 07852803 lw               x16, 120(x10)       x16=3ef3023f x10:1c010e48  PA:1c010ec0
18393878ns          320883 1c008686 00c7a383 lw               x7, 12(x15)          x7=40d34100 x15:1c0107f0  PA:1c0107fc
18394176ns          320898 1c00868a 3088f8c3 fmadd.s          f17, f17, f8, f6    f17=xxxxxxxx f17:424e67cc  f8:3feabde7  f6:4375b6c3
18394196ns          320899 1c00868e 1106f853 fmul.s           f16, f13, f16       f16=xxxxxxxx f13:40fba772 f16:3ef3023f
18394216ns          320900 1c008692 0a052303 lw               x6, 160(x10)         x6=3fb915ce x10:1c010e48  PA:1c010ee8
18394514ns          320915 1c008696 0107a403 lw               x8, 16(x15)          x8=3f85525e x15:1c0107f0  PA:1c010800
18394813ns          320930 1c008698 88787843 fmadd.s          f16, f16, f7, f17   f16=xxxxxxxx f16:406ee226  f7:40d34100 f17:43aa2c61
18394833ns          320931 1c00869c 1066f353 fmul.s           f6, f13, f6          f6=xxxxxxxx f13:40fba772  f6:3fb915ce
18394853ns          320932 1c0086a0 0c852883 lw               x17, 200(x10)       x17=4066cfa3 x10:1c010e48  PA:1c010f10
18395151ns          320947 1c0086a4 0147a383 lw               x7, 20(x15)          x7=403c1513 x15:1c0107f0  PA:1c010804
18395449ns          320962 1c0086a8 80837343 fmadd.s          f6, f6, f8, f16      f6=xxxxxxxx  f6:4135f171  f8:3f85525e f16:43b67e72
18395469ns          320963 1c0086ac 1116f8d3 fmul.s           f17, f13, f17       f17=xxxxxxxx f13:40fba772 f17:4066cfa3
18395489ns          320964 1c0086b0 0f052803 lw               x16, 240(x10)       x16=405f1c5e x10:1c010e48  PA:1c010f38
18395787ns          320979 1c0086b4 0187a403 lw               x8, 24(x15)          x8=40c53516 x15:1c0107f0  PA:1c010808
18396086ns          320994 1c0086b6 3078f8c3 fmadd.s          f17, f17, f7, f6    f17=xxxxxxxx f17:41e2e48d  f7:403c1513  f6:43bc6a82
18396106ns          320995 1c0086ba 1106f853 fmul.s           f16, f13, f16       f16=xxxxxxxx f13:40fba772 f16:405f1c5e
18396126ns          320996 1c0086be 11852303 lw               x6, 280(x10)         x6=3e5a6179 x10:1c010e48  PA:1c010f60
18396424ns          321011 1c0086c2 01c7a383 lw               x7, 28(x15)          x7=3f94ed63 x15:1c0107f0  PA:1c01080c
18396722ns          321026 1c0086c6 88887843 fmadd.s          f16, f16, f8, f17   f16=xxxxxxxx f16:41db52bf  f8:40c53516 f17:43e61723
18396742ns          321027 1c0086ca 1066f353 fmul.s           f6, f13, f6          f6=xxxxxxxx f13:40fba772  f6:3e5a6179
18396762ns          321028 1c0086ce 14052883 lw               x17, 320(x10)       x17=40e9aab7 x10:1c010e48  PA:1c010f88
18397060ns          321043 1c0086d2 0207a403 lw               x8, 32(x15)          x8=3f2ec91c x15:1c0107f0  PA:1c010810
18397359ns          321058 1c0086d4 80737343 fmadd.s          f6, f6, f7, f16      f6=xxxxxxxx  f6:3fd6ac68  f7:3f94ed63 f16:441d489b
18397379ns          321059 1c0086d8 1116f8d3 fmul.s           f17, f13, f17       f17=xxxxxxxx f13:40fba772 f17:40e9aab7
18397399ns          321060 1c0086dc 16852803 lw               x16, 360(x10)       x16=40213538 x10:1c010e48  PA:1c010fb0
18397697ns          321075 1c0086e0 0247a383 lw               x7, 36(x15)          x7=40e4781f x15:1c0107f0  PA:1c010814
18397995ns          321090 1c0086e4 3088f8c3 fmadd.s          f17, f17, f8, f6    f17=xxxxxxxx f17:4265b338  f8:3f2ec91c  f6:441dc57e
18398015ns          321091 1c0086e8 1106f853 fmul.s           f16, f13, f16       f16=xxxxxxxx f13:40fba772 f16:40213538
18398035ns          321092 1c0086ec 000ea303 lw               x6, 0(x29)           x6=4095d56d x29:10000e70  PA:10000e70
18398055ns          321093 1c0086f0 02878793 addi             x15, x15, 40        x15=1c010818 x15:1c0107f0
18398075ns          321094 1c0086f4 88787843 fmadd.s          f16, f16, f7, f17   f16=xxxxxxxx f16:419e789f  f7:40e4781f f17:442792c2
18398095ns          321095 1c0086f8 80e37843 fmadd.s          f16, f6, f14, f16   f16=xxxxxxxx  f6:4095d56d f14:41063542 f16:444aee34
18398115ns          321096 1c0086fc 030ea42b p.sw             x16, 40(x29!)       x29=10000e98 x16:4454bfd0 x29:10000e70  PA:10000e70
18398135ns          321097 1c008658 00052803 lw               x16, 0(x10)         x16=3fe109b7 x10:1c010e48  PA:1c010e48
18398433ns          321112 1c00865c 0007a883 lw               x17, 0(x15)         x17=3f272773 x15:1c010818  PA:1c010818
18398751ns          321128 1c008660 1106f853 fmul.s           f16, f13, f16       f16=xxxxxxxx f13:40fba772 f16:3fe109b7
18398771ns          321129 1c008664 02852303 lw               x6, 40(x10)          x6=40d42c1a x10:1c010e48  PA:1c010e70
18399069ns          321144 1c008668 0047a383 lw               x7, 4(x15)           x7=40fbcae6 x15:1c010818  PA:1c01081c
18399368ns          321159 1c00866c f1187843 fmadd.s          f16, f16, f17, f30  f16=xxxxxxxx f16:415d37b8 f17:3f272773 f30:00000000
18399388ns          321160 1c008670 1066f353 fmul.s           f6, f13, f6          f6=xxxxxxxx f13:40fba772  f6:40d42c1a
18399408ns          321161 1c008674 05052883 lw               x17, 80(x10)        x17=40d1f84f x10:1c010e48  PA:1c010e98
18399706ns          321176 1c008678 0087a403 lw               x8, 8(x15)           x8=3da795cc x15:1c010818  PA:1c010820
18400024ns          321192 1c00867a 80737343 fmadd.s          f6, f6, f7, f16      f6=xxxxxxxx  f6:42509205  f7:40fbcae6 f16:41107170
18400044ns          321193 1c00867e 1116f8d3 fmul.s           f17, f13, f17       f17=xxxxxxxx f13:40fba772 f17:40d1f84f
18400064ns          321194 1c008682 07852803 lw               x16, 120(x10)       x16=3ef3023f x10:1c010e48  PA:1c010ec0
18400362ns          321209 1c008686 00c7a383 lw               x7, 12(x15)          x7=410c9940 x15:1c010818  PA:1c010824
18400661ns          321224 1c00868a 3088f8c3 fmadd.s          f17, f17, f8, f6    f17=xxxxxxxx f17:424e67cc  f8:3da795cc  f6:43d1a805
18400681ns          321225 1c00868e 1106f853 fmul.s           f16, f13, f16       f16=xxxxxxxx f13:40fba772 f16:3ef3023f
18400700ns          321226 1c008692 0a052303 lw               x6, 160(x10)         x6=3fb915ce x10:1c010e48  PA:1c010ee8
18400999ns          321241 1c008696 0107a403 lw               x8, 16(x15)          x8=3f901a6a x15:1c010818  PA:1c010828
18401317ns          321257 1c008698 88787843 fmadd.s          f16, f16, f7, f17   f16=xxxxxxxx f16:406ee226  f7:410c9940 f17:43d3c47f
18401337ns          321258 1c00869c 1066f353 fmul.s           f6, f13, f6          f6=xxxxxxxx f13:40fba772  f6:3fb915ce
18401357ns          321259 1c0086a0 0c852883 lw               x17, 200(x10)       x17=4066cfa3 x10:1c010e48  PA:1c010f10
18401655ns          321274 1c0086a4 0147a383 lw               x7, 20(x15)          x7=3f9e8be7 x15:1c010818  PA:1c01082c
18401954ns          321289 1c0086a8 80837343 fmadd.s          f6, f6, f8, f16      f6=xxxxxxxx  f6:4135f171  f8:3f901a6a f16:43e42ad5
18401974ns          321290 1c0086ac 1116f8d3 fmul.s           f17, f13, f17       f17=xxxxxxxx f13:40fba772 f17:4066cfa3
18401993ns          321291 1c0086b0 0f052803 lw               x16, 240(x10)       x16=405f1c5e x10:1c010e48  PA:1c010f38
18402312ns          321307 1c0086b4 0187a403 lw               x8, 24(x15)          x8=4103c6ee x15:1c010818  PA:1c010830
18402610ns          321322 1c0086b6 3078f8c3 fmadd.s          f17, f17, f7, f6    f17=xxxxxxxx f17:41e2e48d  f7:3f9e8be7  f6:43ea917e
18402630ns          321323 1c0086ba 1106f853 fmul.s           f16, f13, f16       f16=xxxxxxxx f13:40fba772 f16:405f1c5e
18402650ns          321324 1c0086be 11852303 lw               x6, 280(x10)         x6=3e5a6179 x10:1c010e48  PA:1c010f60
18402948ns          321339 1c0086c2 01c7a383 lw               x7, 28(x15)          x7=408d0c20 x15:1c010818  PA:1c010834
18403247ns          321354 1c0086c6 88887843 fmadd.s          f16, f16, f8, f17   f16=xxxxxxxx f16:41db52bf  f8:4103c6ee f17:43fc2220
18403266ns          321355 1c0086ca 1066f353 fmul.s           f6, f13, f6          f6=xxxxxxxx f13:40fba772  f6:3e5a6179
18403286ns          321356 1c0086ce 14052883 lw               x17, 320(x10)       x17=40e9aab7 x10:1c010e48  PA:1c010f88
18403605ns          321372 1c0086d2 0207a403 lw               x8, 32(x15)          x8=4067c495 x15:1c010818  PA:1c010838
18403903ns          321387 1c0086d4 80737343 fmadd.s          f6, f6, f7, f16      f6=xxxxxxxx  f6:3fd6ac68  f7:408d0c20 f16:443683f3
18403923ns          321388 1c0086d8 1116f8d3 fmul.s           f17, f13, f17       f17=xxxxxxxx f13:40fba772 f17:40e9aab7
18403943ns          321389 1c0086dc 16852803 lw               x16, 360(x10)       x16=40213538 x10:1c010e48  PA:1c010fb0
18404241ns          321404 1c0086e0 0247a383 lw               x7, 36(x15)          x7=409f3d2d x15:1c010818  PA:1c01083c
18404539ns          321419 1c0086e4 3088f8c3 fmadd.s          f17, f17, f8, f6    f17=xxxxxxxx f17:4265b338  f8:4067c495  f6:44385d10
18404559ns          321420 1c0086e8 1106f853 fmul.s           f16, f13, f16       f16=xxxxxxxx f13:40fba772 f16:40213538
18404579ns          321421 1c0086ec 000ea303 lw               x6, 0(x29)           x6=407a41ca x29:10000e98  PA:10000e98
18404599ns          321422 1c0086f0 02878793 addi             x15, x15, 40        x15=1c010840 x15:1c010818
18404619ns          321423 1c0086f4 88787843 fmadd.s          f16, f16, f7, f17   f16=xxxxxxxx f16:419e789f  f7:409f3d2d f17:446c5a57
18404639ns          321424 1c0086f8 80e37843 fmadd.s          f16, f6, f14, f16   f16=xxxxxxxx  f6:407a41ca f14:41063542 f16:44827f85
18404659ns          321425 1c0086fc 030ea42b p.sw             x16, 40(x29!)       x29=10000ec0 x16:44869919 x29:10000e98  PA:10000e98
18404679ns          321426 1c008658 00052803 lw               x16, 0(x10)         x16=3fe109b7 x10:1c010e48  PA:1c010e48
18404997ns          321442 1c00865c 0007a883 lw               x17, 0(x15)         x17=3f5d3e32 x15:1c010840  PA:1c010840
18405295ns          321457 1c008660 1106f853 fmul.s           f16, f13, f16       f16=xxxxxxxx f13:40fba772 f16:3fe109b7
18405315ns          321458 1c008664 02852303 lw               x6, 40(x10)          x6=40d42c1a x10:1c010e48  PA:1c010e70
18405614ns          321473 1c008668 0047a383 lw               x7, 4(x15)           x7=3fb23088 x15:1c010840  PA:1c010844
18405912ns          321488 1c00866c f1187843 fmadd.s          f16, f16, f17, f30  f16=xxxxxxxx f16:415d37b8 f17:3f5d3e32 f30:00000000
18405932ns          321489 1c008670 1066f353 fmul.s           f6, f13, f6          f6=xxxxxxxx f13:40fba772  f6:40d42c1a
18405952ns          321490 1c008674 05052883 lw               x17, 80(x10)        x17=40d1f84f x10:1c010e48  PA:1c010e98
18406270ns          321506 1c008678 0087a403 lw               x8, 8(x15)           x8=40868824 x15:1c010840  PA:1c010848
18406568ns          321521 1c00867a 80737343 fmadd.s          f6, f6, f7, f16      f6=xxxxxxxx  f6:42509205  f7:3fb23088 f16:413f2ed9
18406588ns          321522 1c00867e 1116f8d3 fmul.s           f17, f13, f17       f17=xxxxxxxx f13:40fba772 f17:40d1f84f
18406608ns          321523 1c008682 07852803 lw               x16, 120(x10)       x16=3ef3023f x10:1c010e48  PA:1c010ec0
18406906ns          321538 1c008686 00c7a383 lw               x7, 12(x15)          x7=40118528 x15:1c010840  PA:1c01084c
18407205ns          321553 1c00868a 3088f8c3 fmadd.s          f17, f17, f8, f6    f17=xxxxxxxx f17:424e67cc  f8:40868824  f6:42a912ed
18407225ns          321554 1c00868e 1106f853 fmul.s           f16, f13, f16       f16=xxxxxxxx f13:40fba772 f16:3ef3023f
18407245ns          321555 1c008692 0a052303 lw               x6, 160(x10)         x6=3fb915ce x10:1c010e48  PA:1c010ee8
18407563ns          321571 1c008696 0107a403 lw               x8, 16(x15)          x8=40f2255b x15:1c010840  PA:1c010850
18407861ns          321586 1c008698 88787843 fmadd.s          f16, f16, f7, f17   f16=xxxxxxxx f16:406ee226  f7:40118528 f17:4396bcd4
18407881ns          321587 1c00869c 1066f353 fmul.s           f6, f13, f6          f6=xxxxxxxx f13:40fba772  f6:3fb915ce
18407901ns          321588 1c0086a0 0c852883 lw               x17, 200(x10)       x17=4066cfa3 x10:1c010e48  PA:1c010f10
18408199ns          321603 1c0086a4 0147a383 lw               x7, 20(x15)          x7=410d9210 x15:1c010840  PA:1c010854
18408498ns          321618 1c0086a8 80837343 fmadd.s          f6, f6, f8, f16      f6=xxxxxxxx  f6:4135f171  f8:40f2255b f16:439afb27
18408518ns          321619 1c0086ac 1116f8d3 fmul.s           f17, f13, f17       f17=xxxxxxxx f13:40fba772 f17:4066cfa3
18408537ns          321620 1c0086b0 0f052803 lw               x16, 240(x10)       x16=405f1c5e x10:1c010e48  PA:1c010f38
18408836ns          321635 1c0086b4 0187a403 lw               x8, 24(x15)          x8=404f08ae x15:1c010840  PA:1c010858
18409134ns          321650 1c0086b6 3078f8c3 fmadd.s          f17, f17, f7, f6    f17=xxxxxxxx f17:41e2e48d  f7:410d9210  f6:43c60159
18409154ns          321651 1c0086ba 1106f853 fmul.s           f16, f13, f16       f16=xxxxxxxx f13:40fba772 f16:405f1c5e
18409174ns          321652 1c0086be 11852303 lw               x6, 280(x10)         x6=3e5a6179 x10:1c010e48  PA:1c010f60
18409472ns          321667 1c0086c2 01c7a383 lw               x7, 28(x15)          x7=40856e55 x15:1c010840  PA:1c01085c
18409771ns          321682 1c0086c6 88887843 fmadd.s          f16, f16, f8, f17   f16=xxxxxxxx f16:41db52bf  f8:404f08ae f17:4421bd58
18409791ns          321683 1c0086ca 1066f353 fmul.s           f6, f13, f6          f6=xxxxxxxx f13:40fba772  f6:3e5a6179
18409810ns          321684 1c0086ce 14052883 lw               x17, 320(x10)       x17=40e9aab7 x10:1c010e48  PA:1c010f88
18410109ns          321699 1c0086d2 0207a403 lw               x8, 32(x15)          x8=40ad535a x15:1c010840  PA:1c010860
18410407ns          321714 1c0086d4 80737343 fmadd.s          f6, f6, f7, f16      f6=xxxxxxxx  f6:3fd6ac68  f7:40856e55 f16:4437e943
18410427ns          321715 1c0086d8 1116f8d3 fmul.s           f17, f13, f17       f17=xxxxxxxx f13:40fba772 f17:40e9aab7
18410447ns          321716 1c0086dc 16852803 lw               x16, 360(x10)       x16=40213538 x10:1c010e48  PA:1c010fb0
18410745ns          321731 1c0086e0 0247a383 lw               x7, 36(x15)          x7=40c3d18a x15:1c010840  PA:1c010864
18411044ns          321746 1c0086e4 3088f8c3 fmadd.s          f17, f17, f8, f6    f17=xxxxxxxx f17:4265b338  f8:40ad535a  f6:4439a8d3
18411064ns          321747 1c0086e8 1106f853 fmul.s           f16, f13, f16       f16=xxxxxxxx f13:40fba772 f16:40213538
18411083ns          321748 1c0086ec 000ea303 lw               x6, 0(x29)           x6=3f73850c x29:10000ec0  PA:10000ec0
18411103ns          321749 1c0086f0 02878793 addi             x15, x15, 40        x15=1c010868 x15:1c010840
18411123ns          321750 1c0086f4 88787843 fmadd.s          f16, f16, f7, f17   f16=xxxxxxxx f16:419e789f  f7:40c3d18a f17:4483b5a3
18411143ns          321751 1c0086f8 80e37843 fmadd.s          f16, f6, f14, f16   f16=xxxxxxxx  f6:3f73850c f14:41063542 f16:4492dc96
18411163ns          321752 1c0086fc 030ea42b p.sw             x16, 40(x29!)       x29=10000ee8 x16:4493dbeb x29:10000ec0  PA:10000ec0
18411183ns          321753 1c008658 00052803 lw               x16, 0(x10)         x16=3fe109b7 x10:1c010e48  PA:1c010e48
18411481ns          321768 1c00865c 0007a883 lw               x17, 0(x15)         x17=406f2a46 x15:1c010868  PA:1c010868
18411780ns          321783 1c008660 1106f853 fmul.s           f16, f13, f16       f16=xxxxxxxx f13:40fba772 f16:3fe109b7
18411800ns          321784 1c008664 02852303 lw               x6, 40(x10)          x6=40d42c1a x10:1c010e48  PA:1c010e70
18412098ns          321799 1c008668 0047a383 lw               x7, 4(x15)           x7=3dd5cc68 x15:1c010868  PA:1c01086c
18412396ns          321814 1c00866c f1187843 fmadd.s          f16, f16, f17, f30  f16=xxxxxxxx f16:415d37b8 f17:406f2a46 f30:00000000
18412416ns          321815 1c008670 1066f353 fmul.s           f6, f13, f6          f6=xxxxxxxx f13:40fba772  f6:40d42c1a
18412436ns          321816 1c008674 05052883 lw               x17, 80(x10)        x17=40d1f84f x10:1c010e48  PA:1c010e98
18412734ns          321831 1c008678 0087a403 lw               x8, 8(x15)           x8=3f3e56f1 x15:1c010868  PA:1c010870
18413033ns          321846 1c00867a 80737343 fmadd.s          f6, f6, f7, f16      f6=xxxxxxxx  f6:42509205  f7:3dd5cc68 f16:424eab8c
18413053ns          321847 1c00867e 1116f8d3 fmul.s           f17, f13, f17       f17=xxxxxxxx f13:40fba772 f17:40d1f84f
18413073ns          321848 1c008682 07852803 lw               x16, 120(x10)       x16=3ef3023f x10:1c010e48  PA:1c010ec0
18413371ns          321863 1c008686 00c7a383 lw               x7, 12(x15)          x7=3fa5c9e3 x15:1c010868  PA:1c010874
18413669ns          321878 1c00868a 3088f8c3 fmadd.s          f17, f17, f8, f6    f17=xxxxxxxx f17:424e67cc  f8:3f3e56f1  f6:4264718d
18413689ns          321879 1c00868e 1106f853 fmul.s           f16, f13, f16       f16=xxxxxxxx f13:40fba772 f16:3ef3023f
18413709ns          321880 1c008692 0a052303 lw               x6, 160(x10)         x6=3fb915ce x10:1c010e48  PA:1c010ee8
18414007ns          321895 1c008696 0107a403 lw               x8, 16(x15)          x8=3f2ad00d x15:1c010868  PA:1c010878
18414326ns          321911 1c008698 88787843 fmadd.s          f16, f16, f7, f17   f16=xxxxxxxx f16:406ee226  f7:3fa5c9e3 f17:42bef458
18414346ns          321912 1c00869c 1066f353 fmul.s           f6, f13, f6          f6=xxxxxxxx f13:40fba772  f6:3fb915ce
18414365ns          321913 1c0086a0 0c852883 lw               x17, 200(x10)       x17=4066cfa3 x10:1c010e48  PA:1c010f10
18414664ns          321928 1c0086a4 0147a383 lw               x7, 20(x15)          x7=4113cf5d x15:1c010868  PA:1c01087c
18414962ns          321943 1c0086a8 80837343 fmadd.s          f6, f6, f8, f16      f6=xxxxxxxx  f6:4135f171  f8:3f2ad00d f16:42c89f9a
18414982ns          321944 1c0086ac 1116f8d3 fmul.s           f17, f13, f17       f17=xxxxxxxx f13:40fba772 f17:4066cfa3
18415002ns          321945 1c0086b0 0f052803 lw               x16, 240(x10)       x16=405f1c5e x10:1c010e48  PA:1c010f38
18415300ns          321960 1c0086b4 0187a403 lw               x8, 24(x15)          x8=4028cf98 x15:1c010868  PA:1c010880
18415619ns          321976 1c0086b6 3078f8c3 fmadd.s          f17, f17, f7, f6    f17=xxxxxxxx f17:41e2e48d  f7:4113cf5d  f6:42d7cc60
18415638ns          321977 1c0086ba 1106f853 fmul.s           f16, f13, f16       f16=xxxxxxxx f13:40fba772 f16:405f1c5e
18415658ns          321978 1c0086be 11852303 lw               x6, 280(x10)         x6=3e5a6179 x10:1c010e48  PA:1c010f60
18415957ns          321993 1c0086c2 01c7a383 lw               x7, 28(x15)          x7=3fa13eed x15:1c010868  PA:1c010884
18416255ns          322008 1c0086c6 88887843 fmadd.s          f16, f16, f8, f17   f16=xxxxxxxx f16:41db52bf  f8:4028cf98 f17:43b8f41e
18416275ns          322009 1c0086ca 1066f353 fmul.s           f6, f13, f6          f6=xxxxxxxx f13:40fba772  f6:3e5a6179
18416295ns          322010 1c0086ce 14052883 lw               x17, 320(x10)       x17=40e9aab7 x10:1c010e48  PA:1c010f88
18416593ns          322025 1c0086d2 0207a403 lw               x8, 32(x15)          x8=40a9fcb3 x15:1c010868  PA:1c010888
18416911ns          322041 1c0086d4 80737343 fmadd.s          f6, f6, f7, f16      f6=xxxxxxxx  f6:3fd6ac68  f7:3fa13eed f16:43dd1c28
18416931ns          322042 1c0086d8 1116f8d3 fmul.s           f17, f13, f17       f17=xxxxxxxx f13:40fba772 f17:40e9aab7
18416951ns          322043 1c0086dc 16852803 lw               x16, 360(x10)       x16=40213538 x10:1c010e48  PA:1c010fb0
18417250ns          322058 1c0086e0 0247a383 lw               x7, 36(x15)          x7=40bdf671 x15:1c010868  PA:1c01088c
18417548ns          322073 1c0086e4 3088f8c3 fmadd.s          f17, f17, f8, f6    f17=xxxxxxxx f17:4265b338  f8:40a9fcb3  f6:43de2a96
18417568ns          322074 1c0086e8 1106f853 fmul.s           f16, f13, f16       f16=xxxxxxxx f13:40fba772 f16:40213538
18417588ns          322075 1c0086ec 000ea303 lw               x6, 0(x29)           x6=40a4c7a4 x29:10000ee8  PA:10000ee8
18417608ns          322076 1c0086f0 02878793 addi             x15, x15, 40        x15=1c010890 x15:1c010868
18417628ns          322077 1c0086f4 88787843 fmadd.s          f16, f16, f7, f17   f16=xxxxxxxx f16:419e789f  f7:40bdf671 f17:443b5851
18417647ns          322078 1c0086f8 80e37843 fmadd.s          f16, f6, f14, f16   f16=xxxxxxxx  f6:40a4c7a4 f14:41063542 f16:4458be38
18417667ns          322079 1c0086fc 030ea42b p.sw             x16, 40(x29!)       x29=10000f10 x16:44638a91 x29:10000ee8  PA:10000ee8
18417687ns          322080 1c008658 00052803 lw               x16, 0(x10)         x16=3fe109b7 x10:1c010e48  PA:1c010e48
18417986ns          322095 1c00865c 0007a883 lw               x17, 0(x15)         x17=4119a00a x15:1c010890  PA:1c010890
18418304ns          322111 1c008660 1106f853 fmul.s           f16, f13, f16       f16=xxxxxxxx f13:40fba772 f16:3fe109b7
18418324ns          322112 1c008664 02852303 lw               x6, 40(x10)          x6=40d42c1a x10:1c010e48  PA:1c010e70
18418622ns          322127 1c008668 0047a383 lw               x7, 4(x15)           x7=40642f0b x15:1c010890  PA:1c010894
18418920ns          322142 1c00866c f1187843 fmadd.s          f16, f16, f17, f30  f16=xxxxxxxx f16:415d37b8 f17:4119a00a f30:00000000
18418940ns          322143 1c008670 1066f353 fmul.s           f6, f13, f6          f6=xxxxxxxx f13:40fba772  f6:40d42c1a
18418960ns          322144 1c008674 05052883 lw               x17, 80(x10)        x17=40d1f84f x10:1c010e48  PA:1c010e98
18419259ns          322159 1c008678 0087a403 lw               x8, 8(x15)           x8=40ede3a4 x15:1c010890  PA:1c010898
18419577ns          322175 1c00867a 80737343 fmadd.s          f6, f6, f7, f16      f6=xxxxxxxx  f6:42509205  f7:40642f0b f16:4304c098
18419597ns          322176 1c00867e 1116f8d3 fmul.s           f17, f13, f17       f17=xxxxxxxx f13:40fba772 f17:40d1f84f
18419617ns          322177 1c008682 07852803 lw               x16, 120(x10)       x16=3ef3023f x10:1c010e48  PA:1c010ec0
18419915ns          322192 1c008686 00c7a383 lw               x7, 12(x15)          x7=3f84672f x15:1c010890  PA:1c01089c
18420213ns          322207 1c00868a 3088f8c3 fmadd.s          f17, f17, f8, f6    f17=xxxxxxxx f17:424e67cc  f8:40ede3a4  f6:439f547c
18420233ns          322208 1c00868e 1106f853 fmul.s           f16, f13, f16       f16=xxxxxxxx f13:40fba772 f16:3ef3023f
18420253ns          322209 1c008692 0a052303 lw               x6, 160(x10)         x6=3fb915ce x10:1c010e48  PA:1c010ee8
18420551ns          322224 1c008696 0107a403 lw               x8, 16(x15)          x8=40854cea x15:1c010890  PA:1c0108a0
18420870ns          322240 1c008698 88787843 fmadd.s          f16, f16, f7, f17   f16=xxxxxxxx f16:406ee226  f7:3f84672f f17:442f910f
18420890ns          322241 1c00869c 1066f353 fmul.s           f6, f13, f6          f6=xxxxxxxx f13:40fba772  f6:3fb915ce
18420909ns          322242 1c0086a0 0c852883 lw               x17, 200(x10)       x17=4066cfa3 x10:1c010e48  PA:1c010f10
18421208ns          322257 1c0086a4 0147a383 lw               x7, 20(x15)          x7=4100bd62 x15:1c010890  PA:1c0108a4
18421506ns          322272 1c0086a8 80837343 fmadd.s          f6, f6, f8, f16      f6=xxxxxxxx  f6:4135f171  f8:40854cea f16:44308829
18421526ns          322273 1c0086ac 1116f8d3 fmul.s           f17, f13, f17       f17=xxxxxxxx f13:40fba772 f17:4066cfa3
18421546ns          322274 1c0086b0 0f052803 lw               x16, 240(x10)       x16=405f1c5e x10:1c010e48  PA:1c010f38
18421844ns          322289 1c0086b4 0187a403 lw               x8, 24(x15)          x8=4079a1a7 x15:1c010890  PA:1c0108a8
18422143ns          322304 1c0086b6 3078f8c3 fmadd.s          f17, f17, f7, f6    f17=xxxxxxxx f17:41e2e48d  f7:4100bd62  f6:443c5fcc
18422163ns          322305 1c0086ba 1106f853 fmul.s           f16, f13, f16       f16=xxxxxxxx f13:40fba772 f16:405f1c5e
18422183ns          322306 1c0086be 11852303 lw               x6, 280(x10)         x6=3e5a6179 x10:1c010e48  PA:1c010f60
18422481ns          322321 1c0086c2 01c7a383 lw               x7, 28(x15)          x7=40ac177a x15:1c010890  PA:1c0108ac
18422779ns          322336 1c0086c6 88887843 fmadd.s          f16, f16, f8, f17   f16=xxxxxxxx f16:41db52bf  f8:4079a1a7 f17:44756cdc
18422799ns          322337 1c0086ca 1066f353 fmul.s           f6, f13, f6          f6=xxxxxxxx f13:40fba772  f6:3e5a6179
18422819ns          322338 1c0086ce 14052883 lw               x17, 320(x10)       x17=40e9aab7 x10:1c010e48  PA:1c010f88
18423117ns          322353 1c0086d2 0207a403 lw               x8, 32(x15)          x8=411507cf x15:1c010890  PA:1c0108b0
18423416ns          322368 1c0086d4 80737343 fmadd.s          f6, f6, f7, f16      f6=xxxxxxxx  f6:3fd6ac68  f7:40ac177a f16:4488144e
18423436ns          322369 1c0086d8 1116f8d3 fmul.s           f17, f13, f17       f17=xxxxxxxx f13:40fba772 f17:40e9aab7
18423456ns          322370 1c0086dc 16852803 lw               x16, 360(x10)       x16=40213538 x10:1c010e48  PA:1c010fb0
18423754ns          322385 1c0086e0 0247a383 lw               x7, 36(x15)          x7=41055ac8 x15:1c010890  PA:1c0108b4
18424052ns          322400 1c0086e4 3088f8c3 fmadd.s          f17, f17, f8, f6    f17=xxxxxxxx f17:4265b338  f8:411507cf  f6:448934ed
18424072ns          322401 1c0086e8 1106f853 fmul.s           f16, f13, f16       f16=xxxxxxxx f13:40fba772 f16:40213538
18424092ns          322402 1c0086ec 000ea303 lw               x6, 0(x29)           x6=4075a84f x29:10000f10  PA:10000f10
18424112ns          322403 1c0086f0 02878793 addi             x15, x15, 40        x15=1c0108b8 x15:1c010890
18424132ns          322404 1c0086f4 88787843 fmadd.s          f16, f16, f7, f17   f16=xxxxxxxx f16:419e789f  f7:41055ac8 f17:44cc1116
18424152ns          322405 1c0086f8 80e37843 fmadd.s          f16, f6, f14, f16   f16=xxxxxxxx  f6:4075a84f f14:41063542 f16:44e0b44d
18424172ns          322406 1c0086fc 030ea42b p.sw             x16, 40(x29!)       x29=10000f38 x16:44e4ba97 x29:10000f10  PA:10000f10
18424191ns          322407 1c008658 00052803 lw               x16, 0(x10)         x16=3fe109b7 x10:1c010e48  PA:1c010e48
18424490ns          322422 1c00865c 0007a883 lw               x17, 0(x15)         x17=401ca5ad x15:1c0108b8  PA:1c0108b8
18424788ns          322437 1c008660 1106f853 fmul.s           f16, f13, f16       f16=xxxxxxxx f13:40fba772 f16:3fe109b7
18424808ns          322438 1c008664 02852303 lw               x6, 40(x10)          x6=40d42c1a x10:1c010e48  PA:1c010e70
18425106ns          322453 1c008668 0047a383 lw               x7, 4(x15)           x7=4104807b x15:1c0108b8  PA:1c0108bc
18425405ns          322468 1c00866c f1187843 fmadd.s          f16, f16, f17, f30  f16=xxxxxxxx f16:415d37b8 f17:401ca5ad f30:00000000
18425425ns          322469 1c008670 1066f353 fmul.s           f6, f13, f6          f6=xxxxxxxx f13:40fba772  f6:40d42c1a
18425445ns          322470 1c008674 05052883 lw               x17, 80(x10)        x17=40d1f84f x10:1c010e48  PA:1c010e98
18425743ns          322485 1c008678 0087a403 lw               x8, 8(x15)           x8=3fa0c982 x15:1c0108b8  PA:1c0108c0
18426041ns          322500 1c00867a 80737343 fmadd.s          f6, f6, f7, f16      f6=xxxxxxxx  f6:42509205  f7:4104807b f16:42075d1f
18426061ns          322501 1c00867e 1116f8d3 fmul.s           f17, f13, f17       f17=xxxxxxxx f13:40fba772 f17:40d1f84f
18426081ns          322502 1c008682 07852803 lw               x16, 120(x10)       x16=3ef3023f x10:1c010e48  PA:1c010ec0
18426379ns          322517 1c008686 00c7a383 lw               x7, 12(x15)          x7=408f6bde x15:1c0108b8  PA:1c0108c4
18426678ns          322532 1c00868a 3088f8c3 fmadd.s          f17, f17, f8, f6    f17=xxxxxxxx f17:424e67cc  f8:3fa0c982  f6:43e8d393
18426698ns          322533 1c00868e 1106f853 fmul.s           f16, f13, f16       f16=xxxxxxxx f13:40fba772 f16:3ef3023f
18426718ns          322534 1c008692 0a052303 lw               x6, 160(x10)         x6=3fb915ce x10:1c010e48  PA:1c010ee8
18427016ns          322549 1c008696 0107a403 lw               x8, 16(x15)          x8=40843960 x15:1c0108b8  PA:1c0108c8
18427314ns          322564 1c008698 88787843 fmadd.s          f16, f16, f7, f17   f16=xxxxxxxx f16:406ee226  f7:408f6bde f17:44049e34
18427334ns          322565 1c00869c 1066f353 fmul.s           f6, f13, f6          f6=xxxxxxxx f13:40fba772  f6:3fb915ce
18427354ns          322566 1c0086a0 0c852883 lw               x17, 200(x10)       x17=4066cfa3 x10:1c010e48  PA:1c010f10
18427652ns          322581 1c0086a4 0147a383 lw               x7, 20(x15)          x7=40ca1d6a x15:1c0108b8  PA:1c0108cc
18427951ns          322596 1c0086a8 80837343 fmadd.s          f6, f6, f8, f16      f6=xxxxxxxx  f6:4135f171  f8:40843960 f16:4408ccdc
18427971ns          322597 1c0086ac 1116f8d3 fmul.s           f17, f13, f17       f17=xxxxxxxx f13:40fba772 f17:4066cfa3
18427991ns          322598 1c0086b0 0f052803 lw               x16, 240(x10)       x16=405f1c5e x10:1c010e48  PA:1c010f38
18428289ns          322613 1c0086b4 0187a403 lw               x8, 24(x15)          x8=40329514 x15:1c0108b8  PA:1c0108d0
18428587ns          322628 1c0086b6 3078f8c3 fmadd.s          f17, f17, f7, f6    f17=xxxxxxxx f17:41e2e48d  f7:40ca1d6a  f6:44148c05
18428607ns          322629 1c0086ba 1106f853 fmul.s           f16, f13, f16       f16=xxxxxxxx f13:40fba772 f16:405f1c5e
18428627ns          322630 1c0086be 11852303 lw               x6, 280(x10)         x6=3e5a6179 x10:1c010e48  PA:1c010f60
18428945ns          322646 1c0086c2 01c7a383 lw               x7, 28(x15)          x7=41042b0b x15:1c0108b8  PA:1c0108d4
18429244ns          322661 1c0086c6 88887843 fmadd.s          f16, f16, f8, f17   f16=xxxxxxxx f16:41db52bf  f8:40329514 f17:4441549f
18429264ns          322662 1c0086ca 1066f353 fmul.s           f6, f13, f6          f6=xxxxxxxx f13:40fba772  f6:3e5a6179
18429284ns          322663 1c0086ce 14052883 lw               x17, 320(x10)       x17=40e9aab7 x10:1c010e48  PA:1c010f88
18429582ns          322678 1c0086d2 0207a403 lw               x8, 32(x15)          x8=4116f4ed x15:1c0108b8  PA:1c0108d8
18429880ns          322693 1c0086d4 80737343 fmadd.s          f6, f6, f7, f16      f6=xxxxxxxx  f6:3fd6ac68  f7:41042b0b f16:44547487
18429900ns          322694 1c0086d8 1116f8d3 fmul.s           f17, f13, f17       f17=xxxxxxxx f13:40fba772 f17:40e9aab7
18429920ns          322695 1c0086dc 16852803 lw               x16, 360(x10)       x16=40213538 x10:1c010e48  PA:1c010fb0
18430238ns          322711 1c0086e0 0247a383 lw               x7, 36(x15)          x7=40d1fecf x15:1c0108b8  PA:1c0108dc
18430537ns          322726 1c0086e4 3088f8c3 fmadd.s          f17, f17, f8, f6    f17=xxxxxxxx f17:4265b338  f8:4116f4ed  f6:4457eb2f
18430557ns          322727 1c0086e8 1106f853 fmul.s           f16, f13, f16       f16=xxxxxxxx f13:40fba772 f16:40213538
18430576ns          322728 1c0086ec 000ea303 lw               x6, 0(x29)           x6=40b8c7db x29:10000f38  PA:10000f38
18430596ns          322729 1c0086f0 02878793 addi             x15, x15, 40        x15=1c0108e0 x15:1c0108b8
18430616ns          322730 1c0086f4 88787843 fmadd.s          f16, f16, f7, f17   f16=xxxxxxxx f16:419e789f  f7:40d1fecf f17:44afaefb
18430636ns          322731 1c0086f8 80e37843 fmadd.s          f16, f6, f14, f16   f16=xxxxxxxx  f6:40b8c7db f14:41063542 f16:44bfeec2
18430656ns          322732 1c0086fc 030ea42b p.sw             x16, 40(x29!)       x29=10000f60 x16:44c5fcb3 x29:10000f38  PA:10000f38
18430676ns          322733 1c008658 00052803 lw               x16, 0(x10)         x16=3fe109b7 x10:1c010e48  PA:1c010e48
18430974ns          322748 1c00865c 0007a883 lw               x17, 0(x15)         x17=40a54233 x15:1c0108e0  PA:1c0108e0
18431273ns          322763 1c008660 1106f853 fmul.s           f16, f13, f16       f16=xxxxxxxx f13:40fba772 f16:3fe109b7
18431292ns          322764 1c008664 02852303 lw               x6, 40(x10)          x6=40d42c1a x10:1c010e48  PA:1c010e70
18431611ns          322780 1c008668 0047a383 lw               x7, 4(x15)           x7=4093ed2a x15:1c0108e0  PA:1c0108e4
18431909ns          322795 1c00866c f1187843 fmadd.s          f16, f16, f17, f30  f16=xxxxxxxx f16:415d37b8 f17:40a54233 f30:00000000
18431929ns          322796 1c008670 1066f353 fmul.s           f6, f13, f6          f6=xxxxxxxx f13:40fba772  f6:40d42c1a
18431949ns          322797 1c008674 05052883 lw               x17, 80(x10)        x17=40d1f84f x10:1c010e48  PA:1c010e98
18432247ns          322812 1c008678 0087a403 lw               x8, 8(x15)           x8=40fe6095 x15:1c0108e0  PA:1c0108e8
18432546ns          322827 1c00867a 80737343 fmadd.s          f6, f6, f7, f16      f6=xxxxxxxx  f6:42509205  f7:4093ed2a f16:428ece1e
18432565ns          322828 1c00867e 1116f8d3 fmul.s           f17, f13, f17       f17=xxxxxxxx f13:40fba772 f17:40d1f84f
18432585ns          322829 1c008682 07852803 lw               x16, 120(x10)       x16=3ef3023f x10:1c010e48  PA:1c010ec0
18432904ns          322845 1c008686 00c7a383 lw               x7, 12(x15)          x7=3e9d6a6e x15:1c0108e0  PA:1c0108ec
18433202ns          322860 1c00868a 3088f8c3 fmadd.s          f17, f17, f8, f6    f17=xxxxxxxx f17:424e67cc  f8:40fe6095  f6:439c389a
18433222ns          322861 1c00868e 1106f853 fmul.s           f16, f13, f16       f16=xxxxxxxx f13:40fba772 f16:3ef3023f
18433242ns          322862 1c008692 0a052303 lw               x6, 160(x10)         x6=3fb915ce x10:1c010e48  PA:1c010ee8
18433540ns          322877 1c008696 0107a403 lw               x8, 16(x15)          x8=4092d176 x15:1c0108e0  PA:1c0108f0
18433838ns          322892 1c008698 88787843 fmadd.s          f16, f16, f7, f17   f16=xxxxxxxx f16:406ee226  f7:3e9d6a6e f17:4434a8bb
18433858ns          322893 1c00869c 1066f353 fmul.s           f6, f13, f6          f6=xxxxxxxx f13:40fba772  f6:3fb915ce
18433878ns          322894 1c0086a0 0c852883 lw               x17, 200(x10)       x17=4066cfa3 x10:1c010e48  PA:1c010f10
18434197ns          322910 1c0086a4 0147a383 lw               x7, 20(x15)          x7=4088f69f x15:1c0108e0  PA:1c0108f4
18434495ns          322925 1c0086a8 80837343 fmadd.s          f6, f6, f8, f16      f6=xxxxxxxx  f6:4135f171  f8:4092d176 f16:4434f22d
18434515ns          322926 1c0086ac 1116f8d3 fmul.s           f17, f13, f17       f17=xxxxxxxx f13:40fba772 f17:4066cfa3
18434535ns          322927 1c0086b0 0f052803 lw               x16, 240(x10)       x16=405f1c5e x10:1c010e48  PA:1c010f38
18434833ns          322942 1c0086b4 0187a403 lw               x8, 24(x15)          x8=40f68caa x15:1c0108e0  PA:1c0108f8
18435131ns          322957 1c0086b6 3078f8c3 fmadd.s          f17, f17, f7, f6    f17=xxxxxxxx f17:41e2e48d  f7:4088f69f  f6:4441fd3f
18435151ns          322958 1c0086ba 1106f853 fmul.s           f16, f13, f16       f16=xxxxxxxx f13:40fba772 f16:405f1c5e
18435171ns          322959 1c0086be 11852303 lw               x6, 280(x10)         x6=3e5a6179 x10:1c010e48  PA:1c010f60
18435470ns          322974 1c0086c2 01c7a383 lw               x7, 28(x15)          x7=411e9abf x15:1c0108e0  PA:1c0108fc
18435768ns          322989 1c0086c6 88887843 fmadd.s          f16, f16, f8, f17   f16=xxxxxxxx f16:41db52bf  f8:40f68caa f17:4460563f
18435788ns          322990 1c0086ca 1066f353 fmul.s           f6, f13, f6          f6=xxxxxxxx f13:40fba772  f6:3e5a6179
18435808ns          322991 1c0086ce 14052883 lw               x17, 320(x10)       x17=40e9aab7 x10:1c010e48  PA:1c010f88
18436106ns          323006 1c0086d2 0207a403 lw               x8, 32(x15)          x8=40f8cdf4 x15:1c0108e0  PA:1c010900
18436404ns          323021 1c0086d4 80737343 fmadd.s          f6, f6, f7, f16      f6=xxxxxxxx  f6:3fd6ac68  f7:411e9abf f16:448a9260
18436424ns          323022 1c0086d8 1116f8d3 fmul.s           f17, f13, f17       f17=xxxxxxxx f13:40fba772 f17:40e9aab7
18436444ns          323023 1c0086dc 16852803 lw               x16, 360(x10)       x16=40213538 x10:1c010e48  PA:1c010fb0
18436743ns          323038 1c0086e0 0247a383 lw               x7, 36(x15)          x7=400dc23e x15:1c0108e0  PA:1c010904
18437041ns          323053 1c0086e4 3088f8c3 fmadd.s          f17, f17, f8, f6    f17=xxxxxxxx f17:4265b338  f8:40f8cdf4  f6:448ca661
18437061ns          323054 1c0086e8 1106f853 fmul.s           f16, f13, f16       f16=xxxxxxxx f13:40fba772 f16:40213538
18437081ns          323055 1c0086ec 000ea303 lw               x6, 0(x29)           x6=40c65aa1 x29:10000f60  PA:10000f60
18437101ns          323056 1c0086f0 02878793 addi             x15, x15, 40        x15=1c010908 x15:1c0108e0
18437120ns          323057 1c0086f4 88787843 fmadd.s          f16, f16, f7, f17   f16=xxxxxxxx f16:419e789f  f7:400dc23e f17:44c475fb
18437140ns          323058 1c0086f8 80e37843 fmadd.s          f16, f6, f14, f16   f16=xxxxxxxx  f6:40c65aa1 f14:41063542 f16:44c9f206
18437160ns          323059 1c0086fc 030ea42b p.sw             x16, 40(x29!)       x29=10000f88 x16:44d071d1 x29:10000f60  PA:10000f60
18437180ns          323060 1c008658 00052803 lw               x16, 0(x10)         x16=3fe109b7 x10:1c010e48  PA:1c010e48
18437478ns          323075 1c00865c 0007a883 lw               x17, 0(x15)         x17=40adfed7 x15:1c010908  PA:1c010908
18437777ns          323090 1c008660 1106f853 fmul.s           f16, f13, f16       f16=xxxxxxxx f13:40fba772 f16:3fe109b7
18437797ns          323091 1c008664 02852303 lw               x6, 40(x10)          x6=40d42c1a x10:1c010e48  PA:1c010e70
18438095ns          323106 1c008668 0047a383 lw               x7, 4(x15)           x7=40c5c8e3 x15:1c010908  PA:1c01090c
18438393ns          323121 1c00866c f1187843 fmadd.s          f16, f16, f17, f30  f16=xxxxxxxx f16:415d37b8 f17:40adfed7 f30:00000000
18438413ns          323122 1c008670 1066f353 fmul.s           f6, f13, f6          f6=xxxxxxxx f13:40fba772  f6:40d42c1a
18438433ns          323123 1c008674 05052883 lw               x17, 80(x10)        x17=40d1f84f x10:1c010e48  PA:1c010e98
18438732ns          323138 1c008678 0087a403 lw               x8, 8(x15)           x8=3eb2c55f x15:1c010908  PA:1c010910
18439030ns          323153 1c00867a 80737343 fmadd.s          f6, f6, f7, f16      f6=xxxxxxxx  f6:42509205  f7:40c5c8e3 f16:42965ade
18439050ns          323154 1c00867e 1116f8d3 fmul.s           f17, f13, f17       f17=xxxxxxxx f13:40fba772 f17:40d1f84f
18439070ns          323155 1c008682 07852803 lw               x16, 120(x10)       x16=3ef3023f x10:1c010e48  PA:1c010ec0
18439368ns          323170 1c008686 00c7a383 lw               x7, 12(x15)          x7=3eb000b7 x15:1c010908  PA:1c010914
18439666ns          323185 1c00868a 3088f8c3 fmadd.s          f17, f17, f8, f6    f17=xxxxxxxx f17:424e67cc  f8:3eb2c55f  f6:43c6bac0
18439686ns          323186 1c00868e 1106f853 fmul.s           f16, f13, f16       f16=xxxxxxxx f13:40fba772 f16:3ef3023f
18439706ns          323187 1c008692 0a052303 lw               x6, 160(x10)         x6=3fb915ce x10:1c010e48  PA:1c010ee8
18440005ns          323202 1c008696 0107a403 lw               x8, 16(x15)          x8=40e294e8 x15:1c010908  PA:1c010918
18440303ns          323217 1c008698 88787843 fmadd.s          f16, f16, f7, f17   f16=xxxxxxxx f16:406ee226  f7:3eb000b7 f17:43cfbcf5
18440323ns          323218 1c00869c 1066f353 fmul.s           f6, f13, f6          f6=xxxxxxxx f13:40fba772  f6:3fb915ce
18440343ns          323219 1c0086a0 0c852883 lw               x17, 200(x10)       x17=4066cfa3 x10:1c010e48  PA:1c010f10
18440641ns          323234 1c0086a4 0147a383 lw               x7, 20(x15)          x7=401cda14 x15:1c010908  PA:1c01091c
18440959ns          323250 1c0086a8 80837343 fmadd.s          f6, f6, f8, f16      f6=xxxxxxxx  f6:4135f171  f8:40e294e8 f16:43d06131
18440979ns          323251 1c0086ac 1116f8d3 fmul.s           f17, f13, f17       f17=xxxxxxxx f13:40fba772 f17:4066cfa3
18440999ns          323252 1c0086b0 0f052803 lw               x16, 240(x10)       x16=405f1c5e x10:1c010e48  PA:1c010f38
18441298ns          323267 1c0086b4 0187a403 lw               x8, 24(x15)          x8=3ff5493e x15:1c010908  PA:1c010920
18441596ns          323282 1c0086b6 3078f8c3 fmadd.s          f17, f17, f7, f6    f17=xxxxxxxx f17:41e2e48d  f7:401cda14  f6:43f8a370
18441616ns          323283 1c0086ba 1106f853 fmul.s           f16, f13, f16       f16=xxxxxxxx f13:40fba772 f16:405f1c5e
18441636ns          323284 1c0086be 11852303 lw               x6, 280(x10)         x6=3e5a6179 x10:1c010e48  PA:1c010f60
18441934ns          323299 1c0086c2 01c7a383 lw               x7, 28(x15)          x7=4024db73 x15:1c010908  PA:1c010924
18442252ns          323315 1c0086c6 88887843 fmadd.s          f16, f16, f8, f17   f16=xxxxxxxx f16:41db52bf  f8:3ff5493e f17:440db24a
18442272ns          323316 1c0086ca 1066f353 fmul.s           f6, f13, f6          f6=xxxxxxxx f13:40fba772  f6:3e5a6179
18442292ns          323317 1c0086ce 14052883 lw               x17, 320(x10)       x17=40e9aab7 x10:1c010e48  PA:1c010f88
18442590ns          323332 1c0086d2 0207a403 lw               x8, 32(x15)          x8=40005e40 x15:1c010908  PA:1c010928
18442889ns          323347 1c0086d4 80737343 fmadd.s          f6, f6, f7, f16      f6=xxxxxxxx  f6:3fd6ac68  f7:4024db73 f16:441ad499
18442909ns          323348 1c0086d8 1116f8d3 fmul.s           f17, f13, f17       f17=xxxxxxxx f13:40fba772 f17:40e9aab7
18442929ns          323349 1c0086dc 16852803 lw               x16, 360(x10)       x16=40213538 x10:1c010e48  PA:1c010fb0
18443227ns          323364 1c0086e0 0247a383 lw               x7, 36(x15)          x7=40e239a4 x15:1c010908  PA:1c01092c
18443545ns          323380 1c0086e4 3088f8c3 fmadd.s          f17, f17, f8, f6    f17=xxxxxxxx f17:4265b338  f8:40005e40  f6:441be916
18443565ns          323381 1c0086e8 1106f853 fmul.s           f16, f13, f16       f16=xxxxxxxx f13:40fba772 f16:40213538
18443585ns          323382 1c0086ec 000ea303 lw               x6, 0(x29)           x6=40dd86c1 x29:10000f88  PA:10000f88
18443605ns          323383 1c0086f0 02878793 addi             x15, x15, 40        x15=1c010930 x15:1c010908
18443625ns          323384 1c0086f4 88787843 fmadd.s          f16, f16, f7, f17   f16=xxxxxxxx f16:419e789f  f7:40e239a4 f17:4438b4a1
18443645ns          323385 1c0086f8 80e37843 fmadd.s          f16, f6, f14, f16   f16=xxxxxxxx  f6:40dd86c1 f14:41063542 f16:445bb72c
18443665ns          323386 1c0086fc 030ea42b p.sw             x16, 40(x29!)       x29=10000fb0 x16:446a3b80 x29:10000f88  PA:10000f88
18443684ns          323387 1c008658 00052803 lw               x16, 0(x10)         x16=3fe109b7 x10:1c010e48  PA:1c010e48
18443983ns          323402 1c00865c 0007a883 lw               x17, 0(x15)         x17=4051d560 x15:1c010930  PA:1c010930
18444281ns          323417 1c008660 1106f853 fmul.s           f16, f13, f16       f16=xxxxxxxx f13:40fba772 f16:3fe109b7
18444301ns          323418 1c008664 02852303 lw               x6, 40(x10)          x6=40d42c1a x10:1c010e48  PA:1c010e70
18444599ns          323433 1c008668 0047a383 lw               x7, 4(x15)           x7=40fbbedb x15:1c010930  PA:1c010934
18444918ns          323449 1c00866c f1187843 fmadd.s          f16, f16, f17, f30  f16=xxxxxxxx f16:415d37b8 f17:4051d560 f30:00000000
18444938ns          323450 1c008670 1066f353 fmul.s           f6, f13, f6          f6=xxxxxxxx f13:40fba772  f6:40d42c1a
18444957ns          323451 1c008674 05052883 lw               x17, 80(x10)        x17=40d1f84f x10:1c010e48  PA:1c010e98
18445256ns          323466 1c008678 0087a403 lw               x8, 8(x15)           x8=4012e6d7 x15:1c010930  PA:1c010938
18445554ns          323481 1c00867a 80737343 fmadd.s          f6, f6, f7, f16      f6=xxxxxxxx  f6:42509205  f7:40fbbedb f16:423552e0
18445574ns          323482 1c00867e 1116f8d3 fmul.s           f17, f13, f17       f17=xxxxxxxx f13:40fba772 f17:40d1f84f
18445594ns          323483 1c008682 07852803 lw               x16, 120(x10)       x16=3ef3023f x10:1c010e48  PA:1c010ec0
18445892ns          323498 1c008686 00c7a383 lw               x7, 12(x15)          x7=410be73c x15:1c010930  PA:1c01093c
18446211ns          323514 1c00868a 3088f8c3 fmadd.s          f17, f17, f8, f6    f17=xxxxxxxx f17:424e67cc  f8:4012e6d7  f6:43e3c506
18446230ns          323515 1c00868e 1106f853 fmul.s           f16, f13, f16       f16=xxxxxxxx f13:40fba772 f16:3ef3023f
18446250ns          323516 1c008692 0a052303 lw               x6, 160(x10)         x6=3fb915ce x10:1c010e48  PA:1c010ee8
18446549ns          323531 1c008696 0107a403 lw               x8, 16(x15)          x8=40e8f76c x15:1c010930  PA:1c010940
18446847ns          323546 1c008698 88787843 fmadd.s          f16, f16, f7, f17   f16=xxxxxxxx f16:406ee226  f7:410be73c f17:440f7ed7
18446867ns          323547 1c00869c 1066f353 fmul.s           f6, f13, f6          f6=xxxxxxxx f13:40fba772  f6:3fb915ce
18446887ns          323548 1c0086a0 0c852883 lw               x17, 200(x10)       x17=4066cfa3 x10:1c010e48  PA:1c010f10
18447185ns          323563 1c0086a4 0147a383 lw               x7, 20(x15)          x7=40a8711a x15:1c010930  PA:1c010944
18447503ns          323579 1c0086a8 80837343 fmadd.s          f6, f6, f8, f16      f6=xxxxxxxx  f6:4135f171  f8:40e8f76c f16:4417a7a0
18447523ns          323580 1c0086ac 1116f8d3 fmul.s           f17, f13, f17       f17=xxxxxxxx f13:40fba772 f17:4066cfa3
18447543ns          323581 1c0086b0 0f052803 lw               x16, 240(x10)       x16=405f1c5e x10:1c010e48  PA:1c010f38
18447842ns          323596 1c0086b4 0187a403 lw               x8, 24(x15)          x8=408850e7 x15:1c010930  PA:1c010948
18448140ns          323611 1c0086b6 3078f8c3 fmadd.s          f17, f17, f7, f6    f17=xxxxxxxx f17:41e2e48d  f7:40a8711a  f6:442c59f5
18448160ns          323612 1c0086ba 1106f853 fmul.s           f16, f13, f16       f16=xxxxxxxx f13:40fba772 f16:405f1c5e
18448180ns          323613 1c0086be 11852303 lw               x6, 280(x10)         x6=3e5a6179 x10:1c010e48  PA:1c010f60
18448478ns          323628 1c0086c2 01c7a383 lw               x7, 28(x15)          x7=40b191c9 x15:1c010930  PA:1c01094c
18448776ns          323643 1c0086c6 88887843 fmadd.s          f16, f16, f8, f17   f16=xxxxxxxx f16:41db52bf  f8:408850e7 f17:4451ac84
18448796ns          323644 1c0086ca 1066f353 fmul.s           f6, f13, f6          f6=xxxxxxxx f13:40fba772  f6:3e5a6179
18448816ns          323645 1c0086ce 14052883 lw               x17, 320(x10)       x17=40e9aab7 x10:1c010e48  PA:1c010f88
18449115ns          323660 1c0086d2 0207a403 lw               x8, 32(x15)          x8=3e508c5f x15:1c010930  PA:1c010950
18449413ns          323675 1c0086d4 80737343 fmadd.s          f6, f6, f7, f16      f6=xxxxxxxx  f6:3fd6ac68  f7:40b191c9 f16:446eded5
18449433ns          323676 1c0086d8 1116f8d3 fmul.s           f17, f13, f17       f17=xxxxxxxx f13:40fba772 f17:40e9aab7
18449453ns          323677 1c0086dc 16852803 lw               x16, 360(x10)       x16=40213538 x10:1c010e48  PA:1c010fb0
18449751ns          323692 1c0086e0 0247a383 lw               x7, 36(x15)          x7=40868cc1 x15:1c010930  PA:1c010954
18450049ns          323707 1c0086e4 3088f8c3 fmadd.s          f17, f17, f8, f6    f17=xxxxxxxx f17:4265b338  f8:3e508c5f  f6:44713273
18450069ns          323708 1c0086e8 1106f853 fmul.s           f16, f13, f16       f16=xxxxxxxx f13:40fba772 f16:40213538
18450089ns          323709 1c0086ec 000ea303 lw               x6, 0(x29)           x6=40e4d51f x29:10000fb0  PA:10000fb0
18450109ns          323710 1c0086f0 02878793 addi             x15, x15, 40        x15=1c010958 x15:1c010930
18450129ns          323711 1c0086f4 88787843 fmadd.s          f16, f16, f7, f17   f16=xxxxxxxx f16:419e789f  f7:40868cc1 f17:44741ef1
18450149ns          323712 1c0086f8 80e37843 fmadd.s          f16, f6, f14, f16   f16=xxxxxxxx  f6:40e4d51f f14:41063542 f16:448478c1
18450169ns          323713 1c0086fc 030ea42b p.sw             x16, 40(x29!)       x29=10000fd8 x16:448bf834 x29:10000fb0  PA:10000fb0
18450189ns          323714 1c008658 00052803 lw               x16, 0(x10)         x16=3fe109b7 x10:1c010e48  PA:1c010e48
18450487ns          323729 1c00865c 0007a883 lw               x17, 0(x15)         x17=40858542 x15:1c010958  PA:1c010958
18450785ns          323744 1c008660 1106f853 fmul.s           f16, f13, f16       f16=xxxxxxxx f13:40fba772 f16:3fe109b7
18450805ns          323745 1c008664 02852303 lw               x6, 40(x10)          x6=40d42c1a x10:1c010e48  PA:1c010e70
18451104ns          323760 1c008668 0047a383 lw               x7, 4(x15)           x7=3fa6a77c x15:1c010958  PA:1c01095c
18451402ns          323775 1c00866c f1187843 fmadd.s          f16, f16, f17, f30  f16=xxxxxxxx f16:415d37b8 f17:40858542 f30:00000000
18451422ns          323776 1c008670 1066f353 fmul.s           f6, f13, f6          f6=xxxxxxxx f13:40fba772  f6:40d42c1a
18451442ns          323777 1c008674 05052883 lw               x17, 80(x10)        x17=40d1f84f x10:1c010e48  PA:1c010e98
18451740ns          323792 1c008678 0087a403 lw               x8, 8(x15)           x8=3fb30ee3 x15:1c010958  PA:1c010960
18452039ns          323807 1c00867a 80737343 fmadd.s          f6, f6, f7, f16      f6=xxxxxxxx  f6:42509205  f7:3fa6a77c f16:4266c233
18452058ns          323808 1c00867e 1116f8d3 fmul.s           f17, f13, f17       f17=xxxxxxxx f13:40fba772 f17:40d1f84f
18452078ns          323809 1c008682 07852803 lw               x16, 120(x10)       x16=3ef3023f x10:1c010e48  PA:1c010ec0
18452377ns          323824 1c008686 00c7a383 lw               x7, 12(x15)          x7=40fe97f4 x15:1c010958  PA:1c010964
18452675ns          323839 1c00868a 3088f8c3 fmadd.s          f17, f17, f8, f6    f17=xxxxxxxx f17:424e67cc  f8:3fb30ee3  f6:42fb283d
18452695ns          323840 1c00868e 1106f853 fmul.s           f16, f13, f16       f16=xxxxxxxx f13:40fba772 f16:3ef3023f
18452715ns          323841 1c008692 0a052303 lw               x6, 160(x10)         x6=3fb915ce x10:1c010e48  PA:1c010ee8
18453013ns          323856 1c008696 0107a403 lw               x8, 16(x15)          x8=409ead56 x15:1c010958  PA:1c010968
18453312ns          323871 1c008698 88787843 fmadd.s          f16, f16, f7, f17   f16=xxxxxxxx f16:406ee226  f7:40fe97f4 f17:4345c369
18453331ns          323872 1c00869c 1066f353 fmul.s           f6, f13, f6          f6=xxxxxxxx f13:40fba772  f6:3fb915ce
18453351ns          323873 1c0086a0 0c852883 lw               x17, 200(x10)       x17=4066cfa3 x10:1c010e48  PA:1c010f10
18453650ns          323888 1c0086a4 0147a383 lw               x7, 20(x15)          x7=40e12778 x15:1c010958  PA:1c01096c
18453948ns          323903 1c0086a8 80837343 fmadd.s          f6, f6, f8, f16      f6=xxxxxxxx  f6:4135f171  f8:409ead56 f16:436375af
18453968ns          323904 1c0086ac 1116f8d3 fmul.s           f17, f13, f17       f17=xxxxxxxx f13:40fba772 f17:4066cfa3
18453988ns          323905 1c0086b0 0f052803 lw               x16, 240(x10)       x16=405f1c5e x10:1c010e48  PA:1c010f38
18454286ns          323920 1c0086b4 0187a403 lw               x8, 24(x15)          x8=4054f963 x15:1c010958  PA:1c010970
18454585ns          323935 1c0086b6 3078f8c3 fmadd.s          f17, f17, f7, f6    f17=xxxxxxxx f17:41e2e48d  f7:40e12778  f6:438dec65
18454604ns          323936 1c0086ba 1106f853 fmul.s           f16, f13, f16       f16=xxxxxxxx f13:40fba772 f16:405f1c5e
18454624ns          323937 1c0086be 11852303 lw               x6, 280(x10)         x6=3e5a6179 x10:1c010e48  PA:1c010f60
18454923ns          323952 1c0086c2 01c7a383 lw               x7, 28(x15)          x7=4050f13b x15:1c010958  PA:1c010974
18455221ns          323967 1c0086c6 88887843 fmadd.s          f16, f16, f8, f17   f16=xxxxxxxx f16:41db52bf  f8:4054f963 f17:43f1b353
18455241ns          323968 1c0086ca 1066f353 fmul.s           f6, f13, f6          f6=xxxxxxxx f13:40fba772  f6:3e5a6179
18455261ns          323969 1c0086ce 14052883 lw               x17, 320(x10)       x17=40e9aab7 x10:1c010e48  PA:1c010f88
18455579ns          323985 1c0086d2 0207a403 lw               x8, 32(x15)          x8=40904b8b x15:1c010958  PA:1c010978
18455877ns          324000 1c0086d4 80737343 fmadd.s          f6, f6, f7, f16      f6=xxxxxxxx  f6:3fd6ac68  f7:4050f13b f16:440fa86f
18455897ns          324001 1c0086d8 1116f8d3 fmul.s           f17, f13, f17       f17=xxxxxxxx f13:40fba772 f17:40e9aab7
18455917ns          324002 1c0086dc 16852803 lw               x16, 360(x10)       x16=40213538 x10:1c010e48  PA:1c010fb0
18456216ns          324017 1c0086e0 0247a383 lw               x7, 36(x15)          x7=40906e67 x15:1c010958  PA:1c01097c
18456514ns          324032 1c0086e4 3088f8c3 fmadd.s          f17, f17, f8, f6    f17=xxxxxxxx f17:4265b338  f8:40904b8b  f6:441106dc
18456534ns          324033 1c0086e8 1106f853 fmul.s           f16, f13, f16       f16=xxxxxxxx f13:40fba772 f16:40213538
18456554ns          324034 1c0086ec 000ea303 lw               x6, 0(x29)           x6=40bbae04 x29:10000fd8  PA:10000fd8
18456574ns          324035 1c0086f0 02878793 addi             x15, x15, 40        x15=1c010980 x15:1c010958
18456594ns          324036 1c0086f4 88787843 fmadd.s          f16, f16, f7, f17   f16=xxxxxxxx f16:419e789f  f7:40906e67 f17:4451c328
18456613ns          324037 1c0086f8 80e37843 fmadd.s          f16, f6, f14, f16   f16=xxxxxxxx  f6:40bbae04 f14:41063542 f16:44681d34
18456633ns          324038 1c0086fc 030ea42b p.sw             x16, 40(x29!)       x29=10001000 x16:447469b8 x29:10000fd8  PA:10000fd8
18456653ns          324039 1c008700 00460613 addi             x12, x12, 4         x12=10000e74 x12:10000e70
18456673ns          324040 1c008702 00450513 addi             x10, x10, 4         x10=1c010e4c x10:1c010e48
18456713ns          324042 1c008632 40b28e33 sub              x28, x5, x11        x28=00000190  x5:1c010980 x11:1c0107f0
18456733ns          324043 1c008636 fd8e0e13 addi             x28, x28, -40       x28=00000168 x28:00000190
18456753ns          324044 1c00863a 0cccd7b7 lui              x15, 0xcccd000      x15=0cccd000
18456773ns          324045 1c00863e ccd78793 addi             x15, x15, -819      x15=0ccccccd x15:0cccd000
18456792ns          324046 1c008642 003e5e13 srli             x28, x28, 0x3       x28=0000002d x28:00000168
18456812ns          324047 1c008646 02fe0e33 mul              x28, x28, x15       x28=40000009 x28:0000002d x15:0ccccccd
18456832ns          324048 1c00864a c5de3e33 p.bclr           x28, x28, 2, 29     x28=00000009 x28:40000009
18456852ns          324049 1c00864e 00b007b3 add              x15, x0, x11        x15=1c0107f0 x11:1c0107f0
18456872ns          324050 1c008650 00c00eb3 add              x29, x0, x12        x29=10000e74 x12:10000e74
18456892ns          324051 1c008652 001e0e13 addi             x28, x28, 1         x28=0000000a x28:00000009
18456912ns          324052 1c008654 054e40fb lp.setup         0x1, x28, 0x54      x28:0000000a
18456932ns          324053 1c008658 00052803 lw               x16, 0(x10)         x16=404d4f7f x10:1c010e4c  PA:1c010e4c
18457230ns          324068 1c00865c 0007a883 lw               x17, 0(x15)         x17=40c92fdf x15:1c0107f0  PA:1c0107f0
18457548ns          324084 1c008660 1106f853 fmul.s           f16, f13, f16       f16=xxxxxxxx f13:40fba772 f16:404d4f7f
18457568ns          324085 1c008664 02852303 lw               x6, 40(x10)          x6=4016ce0f x10:1c010e4c  PA:1c010e74
18457867ns          324100 1c008668 0047a383 lw               x7, 4(x15)           x7=4042e596 x15:1c0107f0  PA:1c0107f4
18458185ns          324116 1c00866c f1187843 fmadd.s          f16, f16, f17, f30  f16=xxxxxxxx f16:41c9d33c f17:40c92fdf f30:00000000
18458205ns          324117 1c008670 1066f353 fmul.s           f6, f13, f6          f6=xxxxxxxx f13:40fba772  f6:4016ce0f
18458225ns          324118 1c008674 05052883 lw               x17, 80(x10)        x17=40bcf373 x10:1c010e4c  PA:1c010e9c
18458523ns          324133 1c008678 0087a403 lw               x8, 8(x15)           x8=3feabde7 x15:1c0107f0  PA:1c0107f8
18458821ns          324148 1c00867a 80737343 fmadd.s          f6, f6, f7, f16      f6=xxxxxxxx  f6:41943eac  f7:4042e596 f16:431e9c98
18458841ns          324149 1c00867e 1116f8d3 fmul.s           f17, f13, f17       f17=xxxxxxxx f13:40fba772 f17:40bcf373
18458861ns          324150 1c008682 07852803 lw               x16, 120(x10)       x16=411a6449 x10:1c010e4c  PA:1c010ec4
18459159ns          324165 1c008686 00c7a383 lw               x7, 12(x15)          x7=40d34100 x15:1c0107f0  PA:1c0107fc
18459478ns          324181 1c00868a 3088f8c3 fmadd.s          f17, f17, f8, f6    f17=xxxxxxxx f17:4239be49  f8:3feabde7  f6:43570ad1
18459498ns          324182 1c00868e 1106f853 fmul.s           f16, f13, f16       f16=xxxxxxxx f13:40fba772 f16:411a6449
18459517ns          324183 1c008692 0a052303 lw               x6, 160(x10)         x6=40b05a3d x10:1c010e4c  PA:1c010eec
18459816ns          324198 1c008696 0107a403 lw               x8, 16(x15)          x8=3f85525e x15:1c0107f0  PA:1c010800
18460114ns          324213 1c008698 88787843 fmadd.s          f16, f16, f7, f17   f16=xxxxxxxx f16:4297c550  f7:40d34100 f17:439619d6
18460134ns          324214 1c00869c 1066f353 fmul.s           f6, f13, f6          f6=xxxxxxxx f13:40fba772  f6:40b05a3d
18460154ns          324215 1c0086a0 0c852883 lw               x17, 200(x10)       x17=402faadd x10:1c010e4c  PA:1c010f14
18460452ns          324230 1c0086a4 0147a383 lw               x7, 20(x15)          x7=403c1513 x15:1c0107f0  PA:1c010804
18460751ns          324245 1c0086a8 80837343 fmadd.s          f6, f6, f8, f16      f6=xxxxxxxx  f6:422d5bd3  f8:3f85525e f16:44484b15
18460771ns          324246 1c0086ac 1116f8d3 fmul.s           f17, f13, f17       f17=xxxxxxxx f13:40fba772 f17:402faadd
18460790ns          324247 1c0086b0 0f052803 lw               x16, 240(x10)       x16=40ed8f60 x10:1c010e4c  PA:1c010f3c
18461089ns          324262 1c0086b4 0187a403 lw               x8, 24(x15)          x8=40c53516 x15:1c0107f0  PA:1c010808
18461387ns          324277 1c0086b6 3078f8c3 fmadd.s          f17, f17, f7, f6    f17=xxxxxxxx f17:41acaf6d  f7:403c1513  f6:44539424
18461407ns          324278 1c0086ba 1106f853 fmul.s           f16, f13, f16       f16=xxxxxxxx f13:40fba772 f16:40ed8f60
18461427ns          324279 1c0086be 11852303 lw               x6, 280(x10)         x6=409ed6ad x10:1c010e4c  PA:1c010f64
18461725ns          324294 1c0086c2 01c7a383 lw               x7, 28(x15)          x7=3f94ed63 x15:1c0107f0  PA:1c01080c
18462024ns          324309 1c0086c6 88887843 fmadd.s          f16, f16, f8, f17   f16=xxxxxxxx f16:426986f5  f8:40c53516 f17:44637005
18462044ns          324310 1c0086ca 1066f353 fmul.s           f6, f13, f6          f6=xxxxxxxx f13:40fba772  f6:409ed6ad
18462063ns          324311 1c0086ce 14052883 lw               x17, 320(x10)       x17=3fe83682 x10:1c010e4c  PA:1c010f8c
18462362ns          324326 1c0086d2 0207a403 lw               x8, 32(x15)          x8=3f2ec91c x15:1c0107f0  PA:1c010810
18462660ns          324341 1c0086d4 80737343 fmadd.s          f6, f6, f7, f16      f6=xxxxxxxx  f6:421c2460  f7:3f94ed63 f16:449eb154
18462680ns          324342 1c0086d8 1116f8d3 fmul.s           f17, f13, f17       f17=xxxxxxxx f13:40fba772 f17:3fe83682
18462700ns          324343 1c0086dc 16852803 lw               x16, 360(x10)       x16=40e1cf39 x10:1c010e4c  PA:1c010fb4
18462998ns          324358 1c0086e0 0247a383 lw               x7, 36(x15)          x7=40e4781f x15:1c0107f0  PA:1c010814
18463297ns          324373 1c0086e4 3088f8c3 fmadd.s          f17, f17, f8, f6    f17=xxxxxxxx f17:41644554  f8:3f2ec91c  f6:44a45eb1
18463317ns          324374 1c0086e8 1106f853 fmul.s           f16, f13, f16       f16=xxxxxxxx f13:40fba772 f16:40e1cf39
18463336ns          324375 1c0086ec 000ea303 lw               x6, 0(x29)           x6=40a68b87 x29:10000e74  PA:10000e74
18463356ns          324376 1c0086f0 02878793 addi             x15, x15, 40        x15=1c010818 x15:1c0107f0
18463376ns          324377 1c0086f4 88787843 fmadd.s          f16, f16, f7, f17   f16=xxxxxxxx f16:425df9e0  f7:40e4781f f17:44a59666
18463396ns          324378 1c0086f8 80e37843 fmadd.s          f16, f6, f14, f16   f16=xxxxxxxx  f6:40a68b87 f14:41063542 f16:44d71d13
18463416ns          324379 1c0086fc 030ea42b p.sw             x16, 40(x29!)       x29=10000e9c x16:44dc920e x29:10000e74  PA:10000e74
18463436ns          324380 1c008658 00052803 lw               x16, 0(x10)         x16=404d4f7f x10:1c010e4c  PA:1c010e4c
18463734ns          324395 1c00865c 0007a883 lw               x17, 0(x15)         x17=3f272773 x15:1c010818  PA:1c010818
18464033ns          324410 1c008660 1106f853 fmul.s           f16, f13, f16       f16=xxxxxxxx f13:40fba772 f16:404d4f7f
18464053ns          324411 1c008664 02852303 lw               x6, 40(x10)          x6=4016ce0f x10:1c010e4c  PA:1c010e74
18464351ns          324426 1c008668 0047a383 lw               x7, 4(x15)           x7=40fbcae6 x15:1c010818  PA:1c01081c
18464649ns          324441 1c00866c f1187843 fmadd.s          f16, f16, f17, f30  f16=xxxxxxxx f16:41c9d33c f17:3f272773 f30:00000000
18464669ns          324442 1c008670 1066f353 fmul.s           f6, f13, f6          f6=xxxxxxxx f13:40fba772  f6:4016ce0f
18464689ns          324443 1c008674 05052883 lw               x17, 80(x10)        x17=40bcf373 x10:1c010e4c  PA:1c010e9c
18464987ns          324458 1c008678 0087a403 lw               x8, 8(x15)           x8=3da795cc x15:1c010818  PA:1c010820
18465286ns          324473 1c00867a 80737343 fmadd.s          f6, f6, f7, f16      f6=xxxxxxxx  f6:41943eac  f7:40fbcae6 f16:4183c7e6
18465306ns          324474 1c00867e 1116f8d3 fmul.s           f17, f13, f17       f17=xxxxxxxx f13:40fba772 f17:40bcf373
18465326ns          324475 1c008682 07852803 lw               x16, 120(x10)       x16=411a6449 x10:1c010e4c  PA:1c010ec4
18465624ns          324490 1c008686 00c7a383 lw               x7, 12(x15)          x7=410c9940 x15:1c010818  PA:1c010824
18465922ns          324505 1c00868a 3088f8c3 fmadd.s          f17, f17, f8, f6    f17=xxxxxxxx f17:4239be49  f8:3da795cc  f6:432247ee
18465942ns          324506 1c00868e 1106f853 fmul.s           f16, f13, f16       f16=xxxxxxxx f13:40fba772 f16:411a6449
18465962ns          324507 1c008692 0a052303 lw               x6, 160(x10)         x6=40b05a3d x10:1c010e4c  PA:1c010eec
18466260ns          324522 1c008696 0107a403 lw               x8, 16(x15)          x8=3f901a6a x15:1c010818  PA:1c010828
18466579ns          324538 1c008698 88787843 fmadd.s          f16, f16, f7, f17   f16=xxxxxxxx f16:4297c550  f7:410c9940 f17:432614ad
18466599ns          324539 1c00869c 1066f353 fmul.s           f6, f13, f6          f6=xxxxxxxx f13:40fba772  f6:40b05a3d
18466618ns          324540 1c0086a0 0c852883 lw               x17, 200(x10)       x17=402faadd x10:1c010e4c  PA:1c010f14
18466917ns          324555 1c0086a4 0147a383 lw               x7, 20(x15)          x7=3f9e8be7 x15:1c010818  PA:1c01082c
18467215ns          324570 1c0086a8 80837343 fmadd.s          f6, f6, f8, f16      f6=xxxxxxxx  f6:422d5bd3  f8:3f901a6a f16:44503ab0
18467235ns          324571 1c0086ac 1116f8d3 fmul.s           f17, f13, f17       f17=xxxxxxxx f13:40fba772 f17:402faadd
18467255ns          324572 1c0086b0 0f052803 lw               x16, 240(x10)       x16=40ed8f60 x10:1c010e4c  PA:1c010f3c
18467573ns          324588 1c0086b4 0187a403 lw               x8, 24(x15)          x8=4103c6ee x15:1c010818  PA:1c010830
18467872ns          324603 1c0086b6 3078f8c3 fmadd.s          f17, f17, f7, f6    f17=xxxxxxxx f17:41acaf6d  f7:3f9e8be7  f6:445c6d61
18467891ns          324604 1c0086ba 1106f853 fmul.s           f16, f13, f16       f16=xxxxxxxx f13:40fba772 f16:40ed8f60
18467911ns          324605 1c0086be 11852303 lw               x6, 280(x10)         x6=409ed6ad x10:1c010e4c  PA:1c010f64
18468210ns          324620 1c0086c2 01c7a383 lw               x7, 28(x15)          x7=408d0c20 x15:1c010818  PA:1c010834
18468508ns          324635 1c0086c6 88887843 fmadd.s          f16, f16, f8, f17   f16=xxxxxxxx f16:426986f5  f8:4103c6ee f17:44631c8b
18468528ns          324636 1c0086ca 1066f353 fmul.s           f6, f13, f6          f6=xxxxxxxx f13:40fba772  f6:409ed6ad
18468548ns          324637 1c0086ce 14052883 lw               x17, 320(x10)       x17=3fe83682 x10:1c010e4c  PA:1c010f8c
18468866ns          324653 1c0086d2 0207a403 lw               x8, 32(x15)          x8=4067c495 x15:1c010818  PA:1c010838
18469164ns          324668 1c0086d4 80737343 fmadd.s          f6, f6, f7, f16      f6=xxxxxxxx  f6:421c2460  f7:408d0c20 f16:44ada909
18469184ns          324669 1c0086d8 1116f8d3 fmul.s           f17, f13, f17       f17=xxxxxxxx f13:40fba772 f17:3fe83682
18469204ns          324670 1c0086dc 16852803 lw               x16, 360(x10)       x16=40e1cf39 x10:1c010e4c  PA:1c010fb4
18469503ns          324685 1c0086e0 0247a383 lw               x7, 36(x15)          x7=409f3d2d x15:1c010818  PA:1c01083c
18469801ns          324700 1c0086e4 3088f8c3 fmadd.s          f17, f17, f8, f6    f17=xxxxxxxx f17:41644554  f8:4067c495  f6:44c32ae5
18469821ns          324701 1c0086e8 1106f853 fmul.s           f16, f13, f16       f16=xxxxxxxx f13:40fba772 f16:40e1cf39
18469841ns          324702 1c0086ec 000ea303 lw               x6, 0(x29)           x6=40ad2f1c x29:10000e9c  PA:10000e9c
18469861ns          324703 1c0086f0 02878793 addi             x15, x15, 40        x15=1c010840 x15:1c010818
18469881ns          324704 1c0086f4 88787843 fmadd.s          f16, f16, f7, f17   f16=xxxxxxxx f16:425df9e0  f7:409f3d2d f17:44c9a034
18469900ns          324705 1c0086f8 80e37843 fmadd.s          f16, f6, f14, f16   f16=xxxxxxxx  f6:40ad2f1c f14:41063542 f16:44ec2503
18469920ns          324706 1c0086fc 030ea42b p.sw             x16, 40(x29!)       x29=10000ec4 x16:44f1d1ae x29:10000e9c  PA:10000e9c
18469940ns          324707 1c008658 00052803 lw               x16, 0(x10)         x16=404d4f7f x10:1c010e4c  PA:1c010e4c
18470239ns          324722 1c00865c 0007a883 lw               x17, 0(x15)         x17=3f5d3e32 x15:1c010840  PA:1c010840
18470537ns          324737 1c008660 1106f853 fmul.s           f16, f13, f16       f16=xxxxxxxx f13:40fba772 f16:404d4f7f
18470557ns          324738 1c008664 02852303 lw               x6, 40(x10)          x6=4016ce0f x10:1c010e4c  PA:1c010e74
18470855ns          324753 1c008668 0047a383 lw               x7, 4(x15)           x7=3fb23088 x15:1c010840  PA:1c010844
18471154ns          324768 1c00866c f1187843 fmadd.s          f16, f16, f17, f30  f16=xxxxxxxx f16:41c9d33c f17:3f5d3e32 f30:00000000
18471173ns          324769 1c008670 1066f353 fmul.s           f6, f13, f6          f6=xxxxxxxx f13:40fba772  f6:4016ce0f
18471193ns          324770 1c008674 05052883 lw               x17, 80(x10)        x17=40bcf373 x10:1c010e4c  PA:1c010e9c
18471512ns          324786 1c008678 0087a403 lw               x8, 8(x15)           x8=40868824 x15:1c010840  PA:1c010848
18471810ns          324801 1c00867a 80737343 fmadd.s          f6, f6, f7, f16      f6=xxxxxxxx  f6:41943eac  f7:3fb23088 f16:41ae6c63
18471830ns          324802 1c00867e 1116f8d3 fmul.s           f17, f13, f17       f17=xxxxxxxx f13:40fba772 f17:40bcf373
18471850ns          324803 1c008682 07852803 lw               x16, 120(x10)       x16=411a6449 x10:1c010e4c  PA:1c010ec4
18472148ns          324818 1c008686 00c7a383 lw               x7, 12(x15)          x7=40118528 x15:1c010840  PA:1c01084c
18472446ns          324833 1c00868a 3088f8c3 fmadd.s          f17, f17, f8, f6    f17=xxxxxxxx f17:4239be49  f8:40868824  f6:423e65e0
18472466ns          324834 1c00868e 1106f853 fmul.s           f16, f13, f16       f16=xxxxxxxx f13:40fba772 f16:411a6449
18472486ns          324835 1c008692 0a052303 lw               x6, 160(x10)         x6=40b05a3d x10:1c010e4c  PA:1c010eec
18472804ns          324851 1c008696 0107a403 lw               x8, 16(x15)          x8=40f2255b x15:1c010840  PA:1c010850
18473103ns          324866 1c008698 88787843 fmadd.s          f16, f16, f7, f17   f16=xxxxxxxx f16:4297c550  f7:40118528 f17:4372d23b
18473123ns          324867 1c00869c 1066f353 fmul.s           f6, f13, f6          f6=xxxxxxxx f13:40fba772  f6:40b05a3d
18473143ns          324868 1c0086a0 0c852883 lw               x17, 200(x10)       x17=402faadd x10:1c010e4c  PA:1c010f14
18473441ns          324883 1c0086a4 0147a383 lw               x7, 20(x15)          x7=410d9210 x15:1c010840  PA:1c010854
18473739ns          324898 1c0086a8 80837343 fmadd.s          f6, f6, f8, f16      f6=xxxxxxxx  f6:422d5bd3  f8:40f2255b f16:43cfaed1
18473759ns          324899 1c0086ac 1116f8d3 fmul.s           f17, f13, f17       f17=xxxxxxxx f13:40fba772 f17:402faadd
18473779ns          324900 1c0086b0 0f052803 lw               x16, 240(x10)       x16=40ed8f60 x10:1c010e4c  PA:1c010f3c
18474077ns          324915 1c0086b4 0187a403 lw               x8, 24(x15)          x8=404f08ae x15:1c010840  PA:1c010858
18474376ns          324930 1c0086b6 3078f8c3 fmadd.s          f17, f17, f7, f6    f17=xxxxxxxx f17:41acaf6d  f7:410d9210  f6:4439d475
18474396ns          324931 1c0086ba 1106f853 fmul.s           f16, f13, f16       f16=xxxxxxxx f13:40fba772 f16:40ed8f60
18474416ns          324932 1c0086be 11852303 lw               x6, 280(x10)         x6=409ed6ad x10:1c010e4c  PA:1c010f64
18474714ns          324947 1c0086c2 01c7a383 lw               x7, 28(x15)          x7=40856e55 x15:1c010840  PA:1c01085c
18475012ns          324962 1c0086c6 88887843 fmadd.s          f16, f16, f8, f17   f16=xxxxxxxx f16:426986f5  f8:404f08ae f17:44699408
18475032ns          324963 1c0086ca 1066f353 fmul.s           f6, f13, f6          f6=xxxxxxxx f13:40fba772  f6:409ed6ad
18475052ns          324964 1c0086ce 14052883 lw               x17, 320(x10)       x17=3fe83682 x10:1c010e4c  PA:1c010f8c
18475350ns          324979 1c0086d2 0207a403 lw               x8, 32(x15)          x8=40ad535a x15:1c010840  PA:1c010860
18475649ns          324994 1c0086d4 80737343 fmadd.s          f6, f6, f7, f16      f6=xxxxxxxx  f6:421c2460  f7:40856e55 f16:448c6585
18475669ns          324995 1c0086d8 1116f8d3 fmul.s           f17, f13, f17       f17=xxxxxxxx f13:40fba772 f17:3fe83682
18475689ns          324996 1c0086dc 16852803 lw               x16, 360(x10)       x16=40e1cf39 x10:1c010e4c  PA:1c010fb4
18475987ns          325011 1c0086e0 0247a383 lw               x7, 36(x15)          x7=40c3d18a x15:1c010840  PA:1c010864
18476285ns          325026 1c0086e4 3088f8c3 fmadd.s          f17, f17, f8, f6    f17=xxxxxxxx f17:41644554  f8:40ad535a  f6:44a0be11
18476305ns          325027 1c0086e8 1106f853 fmul.s           f16, f13, f16       f16=xxxxxxxx f13:40fba772 f16:40e1cf39
18476325ns          325028 1c0086ec 000ea303 lw               x6, 0(x29)           x6=40ae1da7 x29:10000ec4  PA:10000ec4
18476345ns          325029 1c0086f0 02878793 addi             x15, x15, 40        x15=1c010868 x15:1c010840
18476365ns          325030 1c0086f4 88787843 fmadd.s          f16, f16, f7, f17   f16=xxxxxxxx f16:425df9e0  f7:40c3d18a f17:44aa66e4
18476385ns          325031 1c0086f8 80e37843 fmadd.s          f16, f6, f14, f16   f16=xxxxxxxx  f6:40ae1da7 f14:41063542 f16:44d4d9a6
18476405ns          325032 1c0086fc 030ea42b p.sw             x16, 40(x29!)       x29=10000eec x16:44da8e22 x29:10000ec4  PA:10000ec4
18476425ns          325033 1c008658 00052803 lw               x16, 0(x10)         x16=404d4f7f x10:1c010e4c  PA:1c010e4c
18476723ns          325048 1c00865c 0007a883 lw               x17, 0(x15)         x17=406f2a46 x15:1c010868  PA:1c010868
18477021ns          325063 1c008660 1106f853 fmul.s           f16, f13, f16       f16=xxxxxxxx f13:40fba772 f16:404d4f7f
18477041ns          325064 1c008664 02852303 lw               x6, 40(x10)          x6=4016ce0f x10:1c010e4c  PA:1c010e74
18477340ns          325079 1c008668 0047a383 lw               x7, 4(x15)           x7=3dd5cc68 x15:1c010868  PA:1c01086c
18477638ns          325094 1c00866c f1187843 fmadd.s          f16, f16, f17, f30  f16=xxxxxxxx f16:41c9d33c f17:406f2a46 f30:00000000
18477658ns          325095 1c008670 1066f353 fmul.s           f6, f13, f6          f6=xxxxxxxx f13:40fba772  f6:4016ce0f
18477678ns          325096 1c008674 05052883 lw               x17, 80(x10)        x17=40bcf373 x10:1c010e4c  PA:1c010e9c
18477976ns          325111 1c008678 0087a403 lw               x8, 8(x15)           x8=3f3e56f1 x15:1c010868  PA:1c010870
18478274ns          325126 1c00867a 80737343 fmadd.s          f6, f6, f7, f16      f6=xxxxxxxx  f6:41943eac  f7:3dd5cc68 f16:42bc8d89
18478294ns          325127 1c00867e 1116f8d3 fmul.s           f17, f13, f17       f17=xxxxxxxx f13:40fba772 f17:40bcf373
18478314ns          325128 1c008682 07852803 lw               x16, 120(x10)       x16=411a6449 x10:1c010e4c  PA:1c010ec4
18478613ns          325143 1c008686 00c7a383 lw               x7, 12(x15)          x7=3fa5c9e3 x15:1c010868  PA:1c010874
18478911ns          325158 1c00868a 3088f8c3 fmadd.s          f17, f17, f8, f6    f17=xxxxxxxx f17:4239be49  f8:3f3e56f1  f6:42c06bfd
18478931ns          325159 1c00868e 1106f853 fmul.s           f16, f13, f16       f16=xxxxxxxx f13:40fba772 f16:411a6449
18478951ns          325160 1c008692 0a052303 lw               x6, 160(x10)         x6=40b05a3d x10:1c010e4c  PA:1c010eec
18479249ns          325175 1c008696 0107a403 lw               x8, 16(x15)          x8=3f2ad00d x15:1c010868  PA:1c010878
18479567ns          325191 1c008698 88787843 fmadd.s          f16, f16, f7, f17   f16=xxxxxxxx f16:4297c550  f7:3fa5c9e3 f17:4302bc92
18479587ns          325192 1c00869c 1066f353 fmul.s           f6, f13, f6          f6=xxxxxxxx f13:40fba772  f6:40b05a3d
18479607ns          325193 1c0086a0 0c852883 lw               x17, 200(x10)       x17=402faadd x10:1c010e4c  PA:1c010f14
18479905ns          325208 1c0086a4 0147a383 lw               x7, 20(x15)          x7=4113cf5d x15:1c010868  PA:1c01087c
18480204ns          325223 1c0086a8 80837343 fmadd.s          f6, f6, f8, f16      f6=xxxxxxxx  f6:422d5bd3  f8:3f2ad00d f16:4365066f
18480224ns          325224 1c0086ac 1116f8d3 fmul.s           f17, f13, f17       f17=xxxxxxxx f13:40fba772 f17:402faadd
18480244ns          325225 1c0086b0 0f052803 lw               x16, 240(x10)       x16=40ed8f60 x10:1c010e4c  PA:1c010f3c
18480542ns          325240 1c0086b4 0187a403 lw               x8, 24(x15)          x8=4028cf98 x15:1c010868  PA:1c010880
18480860ns          325256 1c0086b6 3078f8c3 fmadd.s          f17, f17, f7, f6    f17=xxxxxxxx f17:41acaf6d  f7:4113cf5d  f6:4380f8b3
18480880ns          325257 1c0086ba 1106f853 fmul.s           f16, f13, f16       f16=xxxxxxxx f13:40fba772 f16:40ed8f60
18480900ns          325258 1c0086be 11852303 lw               x6, 280(x10)         x6=409ed6ad x10:1c010e4c  PA:1c010f64
18481198ns          325273 1c0086c2 01c7a383 lw               x7, 28(x15)          x7=3fa13eed x15:1c010868  PA:1c010884
18481497ns          325288 1c0086c6 88887843 fmadd.s          f16, f16, f8, f17   f16=xxxxxxxx f16:426986f5  f8:4028cf98 f17:43e4ad4f
18481517ns          325289 1c0086ca 1066f353 fmul.s           f6, f13, f6          f6=xxxxxxxx f13:40fba772  f6:409ed6ad
18481537ns          325290 1c0086ce 14052883 lw               x17, 320(x10)       x17=3fe83682 x10:1c010e4c  PA:1c010f8c
18481835ns          325305 1c0086d2 0207a403 lw               x8, 32(x15)          x8=40a9fcb3 x15:1c010868  PA:1c010888
18482153ns          325321 1c0086d4 80737343 fmadd.s          f6, f6, f7, f16      f6=xxxxxxxx  f6:421c2460  f7:3fa13eed f16:4418d623
18482173ns          325322 1c0086d8 1116f8d3 fmul.s           f17, f13, f17       f17=xxxxxxxx f13:40fba772 f17:3fe83682
18482193ns          325323 1c0086dc 16852803 lw               x16, 360(x10)       x16=40e1cf39 x10:1c010e4c  PA:1c010fb4
18482491ns          325338 1c0086e0 0247a383 lw               x7, 36(x15)          x7=40bdf671 x15:1c010868  PA:1c01088c
18482790ns          325353 1c0086e4 3088f8c3 fmadd.s          f17, f17, f8, f6    f17=xxxxxxxx f17:41644554  f8:40a9fcb3  f6:4425214b
18482810ns          325354 1c0086e8 1106f853 fmul.s           f16, f13, f16       f16=xxxxxxxx f13:40fba772 f16:40e1cf39
18482829ns          325355 1c0086ec 000ea303 lw               x6, 0(x29)           x6=4001df48 x29:10000eec  PA:10000eec
18482849ns          325356 1c0086f0 02878793 addi             x15, x15, 40        x15=1c010890 x15:1c010868
18482869ns          325357 1c0086f4 88787843 fmadd.s          f16, f16, f7, f17   f16=xxxxxxxx f16:425df9e0  f7:40bdf671 f17:443813ae
18482889ns          325358 1c0086f8 80e37843 fmadd.s          f16, f6, f14, f16   f16=xxxxxxxx  f6:4001df48 f14:41063542 f16:448537a2
18482909ns          325359 1c0086fc 030ea42b p.sw             x16, 40(x29!)       x29=10000f14 x16:44875851 x29:10000eec  PA:10000eec
18482929ns          325360 1c008658 00052803 lw               x16, 0(x10)         x16=404d4f7f x10:1c010e4c  PA:1c010e4c
18483227ns          325375 1c00865c 0007a883 lw               x17, 0(x15)         x17=4119a00a x15:1c010890  PA:1c010890
18483545ns          325391 1c008660 1106f853 fmul.s           f16, f13, f16       f16=xxxxxxxx f13:40fba772 f16:404d4f7f
18483565ns          325392 1c008664 02852303 lw               x6, 40(x10)          x6=4016ce0f x10:1c010e4c  PA:1c010e74
18483864ns          325407 1c008668 0047a383 lw               x7, 4(x15)           x7=40642f0b x15:1c010890  PA:1c010894
18484162ns          325422 1c00866c f1187843 fmadd.s          f16, f16, f17, f30  f16=xxxxxxxx f16:41c9d33c f17:4119a00a f30:00000000
18484182ns          325423 1c008670 1066f353 fmul.s           f6, f13, f6          f6=xxxxxxxx f13:40fba772  f6:4016ce0f
18484202ns          325424 1c008674 05052883 lw               x17, 80(x10)        x17=40bcf373 x10:1c010e4c  PA:1c010e9c
18484500ns          325439 1c008678 0087a403 lw               x8, 8(x15)           x8=40ede3a4 x15:1c010890  PA:1c010898
18484818ns          325455 1c00867a 80737343 fmadd.s          f6, f6, f7, f16      f6=xxxxxxxx  f6:41943eac  f7:40642f0b f16:43723ad6
18484838ns          325456 1c00867e 1116f8d3 fmul.s           f17, f13, f17       f17=xxxxxxxx f13:40fba772 f17:40bcf373
18484858ns          325457 1c008682 07852803 lw               x16, 120(x10)       x16=411a6449 x10:1c010e4c  PA:1c010ec4
18485157ns          325472 1c008686 00c7a383 lw               x7, 12(x15)          x7=3f84672f x15:1c010890  PA:1c01089c
18485455ns          325487 1c00868a 3088f8c3 fmadd.s          f17, f17, f8, f6    f17=xxxxxxxx f17:4239be49  f8:40ede3a4  f6:439a262f
18485475ns          325488 1c00868e 1106f853 fmul.s           f16, f13, f16       f16=xxxxxxxx f13:40fba772 f16:411a6449
18485495ns          325489 1c008692 0a052303 lw               x6, 160(x10)         x6=40b05a3d x10:1c010e4c  PA:1c010eec
18485793ns          325504 1c008696 0107a403 lw               x8, 16(x15)          x8=40854cea x15:1c010890  PA:1c0108a0
18486111ns          325520 1c008698 88787843 fmadd.s          f16, f16, f7, f17   f16=xxxxxxxx f16:4297c550  f7:3f84672f f17:44236042
18486131ns          325521 1c00869c 1066f353 fmul.s           f6, f13, f6          f6=xxxxxxxx f13:40fba772  f6:40b05a3d
18486151ns          325522 1c0086a0 0c852883 lw               x17, 200(x10)       x17=402faadd x10:1c010e4c  PA:1c010f14
18486450ns          325537 1c0086a4 0147a383 lw               x7, 20(x15)          x7=4100bd62 x15:1c010890  PA:1c0108a4
18486748ns          325552 1c0086a8 80837343 fmadd.s          f6, f6, f8, f16      f6=xxxxxxxx  f6:422d5bd3  f8:40854cea f16:4436fffc
18486768ns          325553 1c0086ac 1116f8d3 fmul.s           f17, f13, f17       f17=xxxxxxxx f13:40fba772 f17:402faadd
18486788ns          325554 1c0086b0 0f052803 lw               x16, 240(x10)       x16=40ed8f60 x10:1c010e4c  PA:1c010f3c
18487086ns          325569 1c0086b4 0187a403 lw               x8, 24(x15)          x8=4079a1a7 x15:1c010890  PA:1c0108a8
18487384ns          325584 1c0086b6 3078f8c3 fmadd.s          f17, f17, f7, f6    f17=xxxxxxxx f17:41acaf6d  f7:4100bd62  f6:44642261
18487404ns          325585 1c0086ba 1106f853 fmul.s           f16, f13, f16       f16=xxxxxxxx f13:40fba772 f16:40ed8f60
18487424ns          325586 1c0086be 11852303 lw               x6, 280(x10)         x6=409ed6ad x10:1c010e4c  PA:1c010f64
18487723ns          325601 1c0086c2 01c7a383 lw               x7, 28(x15)          x7=40ac177a x15:1c010890  PA:1c0108ac
18488021ns          325616 1c0086c6 88887843 fmadd.s          f16, f16, f8, f17   f16=xxxxxxxx f16:426986f5  f8:4079a1a7 f17:4487c70e
18488041ns          325617 1c0086ca 1066f353 fmul.s           f6, f13, f6          f6=xxxxxxxx f13:40fba772  f6:409ed6ad
18488061ns          325618 1c0086ce 14052883 lw               x17, 320(x10)       x17=3fe83682 x10:1c010e4c  PA:1c010f8c
18488359ns          325633 1c0086d2 0207a403 lw               x8, 32(x15)          x8=411507cf x15:1c010890  PA:1c0108b0
18488657ns          325648 1c0086d4 80737343 fmadd.s          f6, f6, f7, f16      f6=xxxxxxxx  f6:421c2460  f7:40ac177a f16:44a43e05
18488677ns          325649 1c0086d8 1116f8d3 fmul.s           f17, f13, f17       f17=xxxxxxxx f13:40fba772 f17:3fe83682
18488697ns          325650 1c0086dc 16852803 lw               x16, 360(x10)       x16=40e1cf39 x10:1c010e4c  PA:1c010fb4
18488996ns          325665 1c0086e0 0247a383 lw               x7, 36(x15)          x7=41055ac8 x15:1c010890  PA:1c0108b4
18489294ns          325680 1c0086e4 3088f8c3 fmadd.s          f17, f17, f8, f6    f17=xxxxxxxx f17:41644554  f8:411507cf  f6:44be7bb6
18489314ns          325681 1c0086e8 1106f853 fmul.s           f16, f13, f16       f16=xxxxxxxx f13:40fba772 f16:40e1cf39
18489334ns          325682 1c0086ec 000ea303 lw               x6, 0(x29)           x6=408929a2 x29:10000f14  PA:10000f14
18489354ns          325683 1c0086f0 02878793 addi             x15, x15, 40        x15=1c0108b8 x15:1c010890
18489373ns          325684 1c0086f4 88787843 fmadd.s          f16, f16, f7, f17   f16=xxxxxxxx f16:425df9e0  f7:41055ac8 f17:44cf1820
18489393ns          325685 1c0086f8 80e37843 fmadd.s          f16, f6, f14, f16   f16=xxxxxxxx  f6:408929a2 f14:41063542 f16:45047472
18489413ns          325686 1c0086fc 030ea42b p.sw             x16, 40(x29!)       x29=10000f3c x16:4506b3b5 x29:10000f14  PA:10000f14
18489433ns          325687 1c008658 00052803 lw               x16, 0(x10)         x16=404d4f7f x10:1c010e4c  PA:1c010e4c
18489731ns          325702 1c00865c 0007a883 lw               x17, 0(x15)         x17=401ca5ad x15:1c0108b8  PA:1c0108b8
18490030ns          325717 1c008660 1106f853 fmul.s           f16, f13, f16       f16=xxxxxxxx f13:40fba772 f16:404d4f7f
18490050ns          325718 1c008664 02852303 lw               x6, 40(x10)          x6=4016ce0f x10:1c010e4c  PA:1c010e74
18490348ns          325733 1c008668 0047a383 lw               x7, 4(x15)           x7=4104807b x15:1c0108b8  PA:1c0108bc
18490646ns          325748 1c00866c f1187843 fmadd.s          f16, f16, f17, f30  f16=xxxxxxxx f16:41c9d33c f17:401ca5ad f30:00000000
18490666ns          325749 1c008670 1066f353 fmul.s           f6, f13, f6          f6=xxxxxxxx f13:40fba772  f6:4016ce0f
18490686ns          325750 1c008674 05052883 lw               x17, 80(x10)        x17=40bcf373 x10:1c010e4c  PA:1c010e9c
18490985ns          325765 1c008678 0087a403 lw               x8, 8(x15)           x8=3fa0c982 x15:1c0108b8  PA:1c0108c0
18491283ns          325780 1c00867a 80737343 fmadd.s          f6, f6, f7, f16      f6=xxxxxxxx  f6:41943eac  f7:4104807b f16:4276feac
18491303ns          325781 1c00867e 1116f8d3 fmul.s           f17, f13, f17       f17=xxxxxxxx f13:40fba772 f17:40bcf373
18491323ns          325782 1c008682 07852803 lw               x16, 120(x10)       x16=411a6449 x10:1c010e4c  PA:1c010ec4
18491621ns          325797 1c008686 00c7a383 lw               x7, 12(x15)          x7=408f6bde x15:1c0108b8  PA:1c0108c4
18491919ns          325812 1c00868a 3088f8c3 fmadd.s          f17, f17, f8, f6    f17=xxxxxxxx f17:4239be49  f8:3fa0c982  f6:4357351a
18491939ns          325813 1c00868e 1106f853 fmul.s           f16, f13, f16       f16=xxxxxxxx f13:40fba772 f16:411a6449
18491959ns          325814 1c008692 0a052303 lw               x6, 160(x10)         x6=40b05a3d x10:1c010e4c  PA:1c010eec
18492258ns          325829 1c008696 0107a403 lw               x8, 16(x15)          x8=40843960 x15:1c0108b8  PA:1c0108c8
18492556ns          325844 1c008698 88787843 fmadd.s          f16, f16, f7, f17   f16=xxxxxxxx f16:4297c550  f7:408f6bde f17:4388c4d6
18492576ns          325845 1c00869c 1066f353 fmul.s           f6, f13, f6          f6=xxxxxxxx f13:40fba772  f6:40b05a3d
18492596ns          325846 1c0086a0 0c852883 lw               x17, 200(x10)       x17=402faadd x10:1c010e4c  PA:1c010f14
18492894ns          325861 1c0086a4 0147a383 lw               x7, 20(x15)          x7=40ca1d6a x15:1c0108b8  PA:1c0108cc
18493212ns          325877 1c0086a8 80837343 fmadd.s          f6, f6, f8, f16      f6=xxxxxxxx  f6:422d5bd3  f8:40843960 f16:44196996
18493232ns          325878 1c0086ac 1116f8d3 fmul.s           f17, f13, f17       f17=xxxxxxxx f13:40fba772 f17:402faadd
18493252ns          325879 1c0086b0 0f052803 lw               x16, 240(x10)       x16=40ed8f60 x10:1c010e4c  PA:1c010f3c
18493551ns          325894 1c0086b4 0187a403 lw               x8, 24(x15)          x8=40329514 x15:1c0108b8  PA:1c0108d0
18493849ns          325909 1c0086b6 3078f8c3 fmadd.s          f17, f17, f7, f6    f17=xxxxxxxx f17:41acaf6d  f7:40ca1d6a  f6:44462eb0
18493869ns          325910 1c0086ba 1106f853 fmul.s           f16, f13, f16       f16=xxxxxxxx f13:40fba772 f16:40ed8f60
18493889ns          325911 1c0086be 11852303 lw               x6, 280(x10)         x6=409ed6ad x10:1c010e4c  PA:1c010f64
18494207ns          325927 1c0086c2 01c7a383 lw               x7, 28(x15)          x7=41042b0b x15:1c0108b8  PA:1c0108d4
18494505ns          325942 1c0086c6 88887843 fmadd.s          f16, f16, f8, f17   f16=xxxxxxxx f16:426986f5  f8:40329514 f17:44684441
18494525ns          325943 1c0086ca 1066f353 fmul.s           f6, f13, f6          f6=xxxxxxxx f13:40fba772  f6:409ed6ad
18494545ns          325944 1c0086ce 14052883 lw               x17, 320(x10)       x17=3fe83682 x10:1c010e4c  PA:1c010f8c
18494843ns          325959 1c0086d2 0207a403 lw               x8, 32(x15)          x8=4116f4ed x15:1c0108b8  PA:1c0108d8
18495142ns          325974 1c0086d4 80737343 fmadd.s          f6, f6, f7, f16      f6=xxxxxxxx  f6:421c2460  f7:41042b0b f16:44887f1b
18495162ns          325975 1c0086d8 1116f8d3 fmul.s           f17, f13, f17       f17=xxxxxxxx f13:40fba772 f17:3fe83682
18495182ns          325976 1c0086dc 16852803 lw               x16, 360(x10)       x16=40e1cf39 x10:1c010e4c  PA:1c010fb4
18495500ns          325992 1c0086e0 0247a383 lw               x7, 36(x15)          x7=40d1fecf x15:1c0108b8  PA:1c0108dc
18495798ns          326007 1c0086e4 3088f8c3 fmadd.s          f17, f17, f8, f6    f17=xxxxxxxx f17:41644554  f8:4116f4ed  f6:44b0cd9c
18495818ns          326008 1c0086e8 1106f853 fmul.s           f16, f13, f16       f16=xxxxxxxx f13:40fba772 f16:40e1cf39
18495838ns          326009 1c0086ec 000ea303 lw               x6, 0(x29)           x6=3fe1c9d3 x29:10000f3c  PA:10000f3c
18495858ns          326010 1c0086f0 02878793 addi             x15, x15, 40        x15=1c0108e0 x15:1c0108b8
18495878ns          326011 1c0086f4 88787843 fmadd.s          f16, f16, f7, f17   f16=xxxxxxxx f16:425df9e0  f7:40d1fecf f17:44c1a0fd
18495898ns          326012 1c0086f8 80e37843 fmadd.s          f16, f6, f14, f16   f16=xxxxxxxx  f6:3fe1c9d3 f14:41063542 f16:44ef2679
18495918ns          326013 1c0086fc 030ea42b p.sw             x16, 40(x29!)       x29=10000f64 x16:44f0fff3 x29:10000f3c  PA:10000f3c
18495937ns          326014 1c008658 00052803 lw               x16, 0(x10)         x16=404d4f7f x10:1c010e4c  PA:1c010e4c
18496236ns          326029 1c00865c 0007a883 lw               x17, 0(x15)         x17=40a54233 x15:1c0108e0  PA:1c0108e0
18496534ns          326044 1c008660 1106f853 fmul.s           f16, f13, f16       f16=xxxxxxxx f13:40fba772 f16:404d4f7f
18496554ns          326045 1c008664 02852303 lw               x6, 40(x10)          x6=4016ce0f x10:1c010e4c  PA:1c010e74
18496872ns          326061 1c008668 0047a383 lw               x7, 4(x15)           x7=4093ed2a x15:1c0108e0  PA:1c0108e4
18497171ns          326076 1c00866c f1187843 fmadd.s          f16, f16, f17, f30  f16=xxxxxxxx f16:41c9d33c f17:40a54233 f30:00000000
18497191ns          326077 1c008670 1066f353 fmul.s           f6, f13, f6          f6=xxxxxxxx f13:40fba772  f6:4016ce0f
18497210ns          326078 1c008674 05052883 lw               x17, 80(x10)        x17=40bcf373 x10:1c010e4c  PA:1c010e9c
18497509ns          326093 1c008678 0087a403 lw               x8, 8(x15)           x8=40fe6095 x15:1c0108e0  PA:1c0108e8
18497807ns          326108 1c00867a 80737343 fmadd.s          f6, f6, f7, f16      f6=xxxxxxxx  f6:41943eac  f7:4093ed2a f16:43024956
18497827ns          326109 1c00867e 1116f8d3 fmul.s           f17, f13, f17       f17=xxxxxxxx f13:40fba772 f17:40bcf373
18497847ns          326110 1c008682 07852803 lw               x16, 120(x10)       x16=411a6449 x10:1c010e4c  PA:1c010ec4
18498165ns          326126 1c008686 00c7a383 lw               x7, 12(x15)          x7=3e9d6a6e x15:1c0108e0  PA:1c0108ec
18498464ns          326141 1c00868a 3088f8c3 fmadd.s          f17, f17, f8, f6    f17=xxxxxxxx f17:4239be49  f8:40fe6095  f6:4357f2a9
18498483ns          326142 1c00868e 1106f853 fmul.s           f16, f13, f16       f16=xxxxxxxx f13:40fba772 f16:411a6449
18498503ns          326143 1c008692 0a052303 lw               x6, 160(x10)         x6=40b05a3d x10:1c010e4c  PA:1c010eec
18498802ns          326158 1c008696 0107a403 lw               x8, 16(x15)          x8=4092d176 x15:1c0108e0  PA:1c0108f0
18499100ns          326173 1c008698 88787843 fmadd.s          f16, f16, f7, f17   f16=xxxxxxxx f16:4297c550  f7:3e9d6a6e f17:4412451a
18499120ns          326174 1c00869c 1066f353 fmul.s           f6, f13, f6          f6=xxxxxxxx f13:40fba772  f6:40b05a3d
18499140ns          326175 1c0086a0 0c852883 lw               x17, 200(x10)       x17=402faadd x10:1c010e4c  PA:1c010f14
18499458ns          326191 1c0086a4 0147a383 lw               x7, 20(x15)          x7=4088f69f x15:1c0108e0  PA:1c0108f4
18499756ns          326206 1c0086a8 80837343 fmadd.s          f6, f6, f8, f16      f6=xxxxxxxx  f6:422d5bd3  f8:4092d176 f16:44181a4c
18499776ns          326207 1c0086ac 1116f8d3 fmul.s           f17, f13, f17       f17=xxxxxxxx f13:40fba772 f17:402faadd
18499796ns          326208 1c0086b0 0f052803 lw               x16, 240(x10)       x16=40ed8f60 x10:1c010e4c  PA:1c010f3c
18500095ns          326223 1c0086b4 0187a403 lw               x8, 24(x15)          x8=40f68caa x15:1c0108e0  PA:1c0108f8
18500393ns          326238 1c0086b6 3078f8c3 fmadd.s          f17, f17, f7, f6    f17=xxxxxxxx f17:41acaf6d  f7:4088f69f  f6:4449d067
18500413ns          326239 1c0086ba 1106f853 fmul.s           f16, f13, f16       f16=xxxxxxxx f13:40fba772 f16:40ed8f60
18500433ns          326240 1c0086be 11852303 lw               x6, 280(x10)         x6=409ed6ad x10:1c010e4c  PA:1c010f64
18500751ns          326256 1c0086c2 01c7a383 lw               x7, 28(x15)          x7=411e9abf x15:1c0108e0  PA:1c0108fc
18501049ns          326271 1c0086c6 88887843 fmadd.s          f16, f16, f8, f17   f16=xxxxxxxx f16:426986f5  f8:40f68caa f17:4460e94a
18501069ns          326272 1c0086ca 1066f353 fmul.s           f6, f13, f6          f6=xxxxxxxx f13:40fba772  f6:409ed6ad
18501089ns          326273 1c0086ce 14052883 lw               x17, 320(x10)       x17=3fe83682 x10:1c010e4c  PA:1c010f8c
18501387ns          326288 1c0086d2 0207a403 lw               x8, 32(x15)          x8=40f8cdf4 x15:1c0108e0  PA:1c010900
18501686ns          326303 1c0086d4 80737343 fmadd.s          f6, f6, f7, f16      f6=xxxxxxxx  f6:421c2460  f7:411e9abf f16:44a8aea5
18501706ns          326304 1c0086d8 1116f8d3 fmul.s           f17, f13, f17       f17=xxxxxxxx f13:40fba772 f17:3fe83682
18501726ns          326305 1c0086dc 16852803 lw               x16, 360(x10)       x16=40e1cf39 x10:1c010e4c  PA:1c010fb4
18502024ns          326320 1c0086e0 0247a383 lw               x7, 36(x15)          x7=400dc23e x15:1c0108e0  PA:1c010904
18502322ns          326335 1c0086e4 3088f8c3 fmadd.s          f17, f17, f8, f6    f17=xxxxxxxx f17:41644554  f8:40f8cdf4  f6:44d90d10
18502342ns          326336 1c0086e8 1106f853 fmul.s           f16, f13, f16       f16=xxxxxxxx f13:40fba772 f16:40e1cf39
18502362ns          326337 1c0086ec 000ea303 lw               x6, 0(x29)           x6=40e6708e x29:10000f64  PA:10000f64
18502382ns          326338 1c0086f0 02878793 addi             x15, x15, 40        x15=1c010908 x15:1c0108e0
18502402ns          326339 1c0086f4 88787843 fmadd.s          f16, f16, f7, f17   f16=xxxxxxxx f16:425df9e0  f7:400dc23e f17:44e6eabd
18502422ns          326340 1c0086f8 80e37843 fmadd.s          f16, f6, f14, f16   f16=xxxxxxxx  f6:40e6708e f14:41063542 f16:44f6481f
18502442ns          326341 1c0086fc 030ea42b p.sw             x16, 40(x29!)       x29=10000f8c x16:44fdd50d x29:10000f64  PA:10000f64
18502462ns          326342 1c008658 00052803 lw               x16, 0(x10)         x16=404d4f7f x10:1c010e4c  PA:1c010e4c
18502760ns          326357 1c00865c 0007a883 lw               x17, 0(x15)         x17=40adfed7 x15:1c010908  PA:1c010908
18503058ns          326372 1c008660 1106f853 fmul.s           f16, f13, f16       f16=xxxxxxxx f13:40fba772 f16:404d4f7f
18503078ns          326373 1c008664 02852303 lw               x6, 40(x10)          x6=4016ce0f x10:1c010e4c  PA:1c010e74
18503377ns          326388 1c008668 0047a383 lw               x7, 4(x15)           x7=40c5c8e3 x15:1c010908  PA:1c01090c
18503675ns          326403 1c00866c f1187843 fmadd.s          f16, f16, f17, f30  f16=xxxxxxxx f16:41c9d33c f17:40adfed7 f30:00000000
18503695ns          326404 1c008670 1066f353 fmul.s           f6, f13, f6          f6=xxxxxxxx f13:40fba772  f6:4016ce0f
18503715ns          326405 1c008674 05052883 lw               x17, 80(x10)        x17=40bcf373 x10:1c010e4c  PA:1c010e9c
18504013ns          326420 1c008678 0087a403 lw               x8, 8(x15)           x8=3eb2c55f x15:1c010908  PA:1c010910
18504311ns          326435 1c00867a 80737343 fmadd.s          f6, f6, f7, f16      f6=xxxxxxxx  f6:41943eac  f7:40c5c8e3 f16:43092ca9
18504331ns          326436 1c00867e 1116f8d3 fmul.s           f17, f13, f17       f17=xxxxxxxx f13:40fba772 f17:40bcf373
18504351ns          326437 1c008682 07852803 lw               x16, 120(x10)       x16=411a6449 x10:1c010e4c  PA:1c010ec4
18504650ns          326452 1c008686 00c7a383 lw               x7, 12(x15)          x7=3eb000b7 x15:1c010908  PA:1c010914
18504948ns          326467 1c00868a 3088f8c3 fmadd.s          f17, f17, f8, f6    f17=xxxxxxxx f17:4239be49  f8:3eb2c55f  f6:437bb538
18504968ns          326468 1c00868e 1106f853 fmul.s           f16, f13, f16       f16=xxxxxxxx f13:40fba772 f16:411a6449
18504988ns          326469 1c008692 0a052303 lw               x6, 160(x10)         x6=40b05a3d x10:1c010e4c  PA:1c010eec
18505286ns          326484 1c008696 0107a403 lw               x8, 16(x15)          x8=40e294e8 x15:1c010908  PA:1c010918
18505584ns          326499 1c008698 88787843 fmadd.s          f16, f16, f7, f17   f16=xxxxxxxx f16:4297c550  f7:3eb000b7 f17:4385f5f4
18505604ns          326500 1c00869c 1066f353 fmul.s           f6, f13, f6          f6=xxxxxxxx f13:40fba772  f6:40b05a3d
18505624ns          326501 1c0086a0 0c852883 lw               x17, 200(x10)       x17=402faadd x10:1c010e4c  PA:1c010f14
18505923ns          326516 1c0086a4 0147a383 lw               x7, 20(x15)          x7=401cda14 x15:1c010908  PA:1c01091c
18506221ns          326531 1c0086a8 80837343 fmadd.s          f6, f6, f8, f16      f6=xxxxxxxx  f6:422d5bd3  f8:40e294e8 f16:439300f6
18506241ns          326532 1c0086ac 1116f8d3 fmul.s           f17, f13, f17       f17=xxxxxxxx f13:40fba772 f17:402faadd
18506261ns          326533 1c0086b0 0f052803 lw               x16, 240(x10)       x16=40ed8f60 x10:1c010e4c  PA:1c010f3c
18506559ns          326548 1c0086b4 0187a403 lw               x8, 24(x15)          x8=3ff5493e x15:1c010908  PA:1c010920
18506857ns          326563 1c0086b6 3078f8c3 fmadd.s          f17, f17, f7, f6    f17=xxxxxxxx f17:41acaf6d  f7:401cda14  f6:4416386e
18506877ns          326564 1c0086ba 1106f853 fmul.s           f16, f13, f16       f16=xxxxxxxx f13:40fba772 f16:40ed8f60
18506897ns          326565 1c0086be 11852303 lw               x6, 280(x10)         x6=409ed6ad x10:1c010e4c  PA:1c010f64
18507196ns          326580 1c0086c2 01c7a383 lw               x7, 28(x15)          x7=4024db73 x15:1c010908  PA:1c010924
18507514ns          326596 1c0086c6 88887843 fmadd.s          f16, f16, f8, f17   f16=xxxxxxxx f16:426986f5  f8:3ff5493e f17:4423722e
18507534ns          326597 1c0086ca 1066f353 fmul.s           f6, f13, f6          f6=xxxxxxxx f13:40fba772  f6:409ed6ad
18507554ns          326598 1c0086ce 14052883 lw               x17, 320(x10)       x17=3fe83682 x10:1c010e4c  PA:1c010f8c
18507852ns          326613 1c0086d2 0207a403 lw               x8, 32(x15)          x8=40005e40 x15:1c010908  PA:1c010928
18508150ns          326628 1c0086d4 80737343 fmadd.s          f6, f6, f7, f16      f6=xxxxxxxx  f6:421c2460  f7:4024db73 f16:443f6a4d
18508170ns          326629 1c0086d8 1116f8d3 fmul.s           f17, f13, f17       f17=xxxxxxxx f13:40fba772 f17:3fe83682
18508190ns          326630 1c0086dc 16852803 lw               x16, 360(x10)       x16=40e1cf39 x10:1c010e4c  PA:1c010fb4
18508488ns          326645 1c0086e0 0247a383 lw               x7, 36(x15)          x7=40e239a4 x15:1c010908  PA:1c01092c
18508807ns          326661 1c0086e4 3088f8c3 fmadd.s          f17, f17, f8, f6    f17=xxxxxxxx f17:41644554  f8:40005e40  f6:44588d97
18508827ns          326662 1c0086e8 1106f853 fmul.s           f16, f13, f16       f16=xxxxxxxx f13:40fba772 f16:40e1cf39
18508847ns          326663 1c0086ec 000ea303 lw               x6, 0(x29)           x6=40891412 x29:10000f8c  PA:10000f8c
18508866ns          326664 1c0086f0 02878793 addi             x15, x15, 40        x15=1c010930 x15:1c010908
18508886ns          326665 1c0086f4 88787843 fmadd.s          f16, f16, f7, f17   f16=xxxxxxxx f16:425df9e0  f7:40e239a4 f17:445fb502
18508906ns          326666 1c0086f8 80e37843 fmadd.s          f16, f6, f14, f16   f16=xxxxxxxx  f6:40891412 f14:41063542 f16:44a0e4a6
18508926ns          326667 1c0086fc 030ea42b p.sw             x16, 40(x29!)       x29=10000fb4 x16:44a56276 x29:10000f8c  PA:10000f8c
18508946ns          326668 1c008658 00052803 lw               x16, 0(x10)         x16=404d4f7f x10:1c010e4c  PA:1c010e4c
18509244ns          326683 1c00865c 0007a883 lw               x17, 0(x15)         x17=4051d560 x15:1c010930  PA:1c010930
18509543ns          326698 1c008660 1106f853 fmul.s           f16, f13, f16       f16=xxxxxxxx f13:40fba772 f16:404d4f7f
18509563ns          326699 1c008664 02852303 lw               x6, 40(x10)          x6=4016ce0f x10:1c010e4c  PA:1c010e74
18509861ns          326714 1c008668 0047a383 lw               x7, 4(x15)           x7=40fbbedb x15:1c010930  PA:1c010934
18510179ns          326730 1c00866c f1187843 fmadd.s          f16, f16, f17, f30  f16=xxxxxxxx f16:41c9d33c f17:4051d560 f30:00000000
18510199ns          326731 1c008670 1066f353 fmul.s           f6, f13, f6          f6=xxxxxxxx f13:40fba772  f6:4016ce0f
18510219ns          326732 1c008674 05052883 lw               x17, 80(x10)        x17=40bcf373 x10:1c010e4c  PA:1c010e9c
18510517ns          326747 1c008678 0087a403 lw               x8, 8(x15)           x8=4012e6d7 x15:1c010930  PA:1c010938
18510816ns          326762 1c00867a 80737343 fmadd.s          f6, f6, f7, f16      f6=xxxxxxxx  f6:41943eac  f7:40fbbedb f16:42a56dac
18510836ns          326763 1c00867e 1116f8d3 fmul.s           f17, f13, f17       f17=xxxxxxxx f13:40fba772 f17:40bcf373
18510855ns          326764 1c008682 07852803 lw               x16, 120(x10)       x16=411a6449 x10:1c010e4c  PA:1c010ec4
18511154ns          326779 1c008686 00c7a383 lw               x7, 12(x15)          x7=410be73c x15:1c010930  PA:1c01093c
18511472ns          326795 1c00868a 3088f8c3 fmadd.s          f17, f17, f8, f6    f17=xxxxxxxx f17:4239be49  f8:4012e6d7  f6:43647ece
18511492ns          326796 1c00868e 1106f853 fmul.s           f16, f13, f16       f16=xxxxxxxx f13:40fba772 f16:411a6449
18511512ns          326797 1c008692 0a052303 lw               x6, 160(x10)         x6=40b05a3d x10:1c010e4c  PA:1c010eec
18511810ns          326812 1c008696 0107a403 lw               x8, 16(x15)          x8=40e8f76c x15:1c010930  PA:1c010940
18512109ns          326827 1c008698 88787843 fmadd.s          f16, f16, f7, f17   f16=xxxxxxxx f16:4297c550  f7:410be73c f17:43a78a68
18512128ns          326828 1c00869c 1066f353 fmul.s           f6, f13, f6          f6=xxxxxxxx f13:40fba772  f6:40b05a3d
18512148ns          326829 1c0086a0 0c852883 lw               x17, 200(x10)       x17=402faadd x10:1c010e4c  PA:1c010f14
18512447ns          326844 1c0086a4 0147a383 lw               x7, 20(x15)          x7=40a8711a x15:1c010930  PA:1c010944
18512765ns          326860 1c0086a8 80837343 fmadd.s          f6, f6, f8, f16      f6=xxxxxxxx  f6:422d5bd3  f8:40e8f76c f16:4479a7a6
18512785ns          326861 1c0086ac 1116f8d3 fmul.s           f17, f13, f17       f17=xxxxxxxx f13:40fba772 f17:402faadd
18512805ns          326862 1c0086b0 0f052803 lw               x16, 240(x10)       x16=40ed8f60 x10:1c010e4c  PA:1c010f3c
18513103ns          326877 1c0086b4 0187a403 lw               x8, 24(x15)          x8=408850e7 x15:1c010930  PA:1c010948
18513401ns          326892 1c0086b6 3078f8c3 fmadd.s          f17, f17, f7, f6    f17=xxxxxxxx f17:41acaf6d  f7:40a8711a  f6:44a44484
18513421ns          326893 1c0086ba 1106f853 fmul.s           f16, f13, f16       f16=xxxxxxxx f13:40fba772 f16:40ed8f60
18513441ns          326894 1c0086be 11852303 lw               x6, 280(x10)         x6=409ed6ad x10:1c010e4c  PA:1c010f64
18513740ns          326909 1c0086c2 01c7a383 lw               x7, 28(x15)          x7=40b191c9 x15:1c010930  PA:1c01094c
18514058ns          326925 1c0086c6 88887843 fmadd.s          f16, f16, f8, f17   f16=xxxxxxxx f16:426986f5  f8:408850e7 f17:44b27871
18514078ns          326926 1c0086ca 1066f353 fmul.s           f6, f13, f6          f6=xxxxxxxx f13:40fba772  f6:409ed6ad
18514098ns          326927 1c0086ce 14052883 lw               x17, 320(x10)       x17=3fe83682 x10:1c010e4c  PA:1c010f8c
18514396ns          326942 1c0086d2 0207a403 lw               x8, 32(x15)          x8=3e508c5f x15:1c010930  PA:1c010950
18514694ns          326957 1c0086d4 80737343 fmadd.s          f6, f6, f7, f16      f6=xxxxxxxx  f6:421c2460  f7:40b191c9 f16:44d18ed1
18514714ns          326958 1c0086d8 1116f8d3 fmul.s           f17, f13, f17       f17=xxxxxxxx f13:40fba772 f17:3fe83682
18514734ns          326959 1c0086dc 16852803 lw               x16, 360(x10)       x16=40e1cf39 x10:1c010e4c  PA:1c010fb4
18515033ns          326974 1c0086e0 0247a383 lw               x7, 36(x15)          x7=40868cc1 x15:1c010930  PA:1c010954
18515331ns          326989 1c0086e4 3088f8c3 fmadd.s          f17, f17, f8, f6    f17=xxxxxxxx f17:41644554  f8:3e508c5f  f6:44eca255
18515351ns          326990 1c0086e8 1106f853 fmul.s           f16, f13, f16       f16=xxxxxxxx f13:40fba772 f16:40e1cf39
18515371ns          326991 1c0086ec 000ea303 lw               x6, 0(x29)           x6=4028bc1c x29:10000fb4  PA:10000fb4
18515391ns          326992 1c0086f0 02878793 addi             x15, x15, 40        x15=1c010958 x15:1c010930
18515410ns          326993 1c0086f4 88787843 fmadd.s          f16, f16, f7, f17   f16=xxxxxxxx f16:425df9e0  f7:40868cc1 f17:44ecff50
18515430ns          326994 1c0086f8 80e37843 fmadd.s          f16, f6, f14, f16   f16=xxxxxxxx  f6:4028bc1c f14:41063542 f16:45051503
18515450ns          326995 1c0086fc 030ea42b p.sw             x16, 40(x29!)       x29=10000fdc x16:450676d9 x29:10000fb4  PA:10000fb4
18515470ns          326996 1c008658 00052803 lw               x16, 0(x10)         x16=404d4f7f x10:1c010e4c  PA:1c010e4c
18515768ns          327011 1c00865c 0007a883 lw               x17, 0(x15)         x17=40858542 x15:1c010958  PA:1c010958
18516067ns          327026 1c008660 1106f853 fmul.s           f16, f13, f16       f16=xxxxxxxx f13:40fba772 f16:404d4f7f
18516087ns          327027 1c008664 02852303 lw               x6, 40(x10)          x6=4016ce0f x10:1c010e4c  PA:1c010e74
18516385ns          327042 1c008668 0047a383 lw               x7, 4(x15)           x7=3fa6a77c x15:1c010958  PA:1c01095c
18516683ns          327057 1c00866c f1187843 fmadd.s          f16, f16, f17, f30  f16=xxxxxxxx f16:41c9d33c f17:40858542 f30:00000000
18516703ns          327058 1c008670 1066f353 fmul.s           f6, f13, f6          f6=xxxxxxxx f13:40fba772  f6:4016ce0f
18516723ns          327059 1c008674 05052883 lw               x17, 80(x10)        x17=40bcf373 x10:1c010e4c  PA:1c010e9c
18517022ns          327074 1c008678 0087a403 lw               x8, 8(x15)           x8=3fb30ee3 x15:1c010958  PA:1c010960
18517320ns          327089 1c00867a 80737343 fmadd.s          f6, f6, f7, f16      f6=xxxxxxxx  f6:41943eac  f7:3fa6a77c f16:42d2879a
18517340ns          327090 1c00867e 1116f8d3 fmul.s           f17, f13, f17       f17=xxxxxxxx f13:40fba772 f17:40bcf373
18517360ns          327091 1c008682 07852803 lw               x16, 120(x10)       x16=411a6449 x10:1c010e4c  PA:1c010ec4
18517658ns          327106 1c008686 00c7a383 lw               x7, 12(x15)          x7=40fe97f4 x15:1c010958  PA:1c010964
18517956ns          327121 1c00868a 3088f8c3 fmadd.s          f17, f17, f8, f6    f17=xxxxxxxx f17:4239be49  f8:3fb30ee3  f6:43016435
18517976ns          327122 1c00868e 1106f853 fmul.s           f16, f13, f16       f16=xxxxxxxx f13:40fba772 f16:411a6449
18517996ns          327123 1c008692 0a052303 lw               x6, 160(x10)         x6=40b05a3d x10:1c010e4c  PA:1c010eec
18518295ns          327138 1c008696 0107a403 lw               x8, 16(x15)          x8=409ead56 x15:1c010958  PA:1c010968
18518593ns          327153 1c008698 88787843 fmadd.s          f16, f16, f7, f17   f16=xxxxxxxx f16:4297c550  f7:40fe97f4 f17:434259a2
18518613ns          327154 1c00869c 1066f353 fmul.s           f6, f13, f6          f6=xxxxxxxx f13:40fba772  f6:40b05a3d
18518633ns          327155 1c0086a0 0c852883 lw               x17, 200(x10)       x17=402faadd x10:1c010e4c  PA:1c010f14
18518931ns          327170 1c0086a4 0147a383 lw               x7, 20(x15)          x7=40e12778 x15:1c010958  PA:1c01096c
18519229ns          327185 1c0086a8 80837343 fmadd.s          f6, f6, f8, f16      f6=xxxxxxxx  f6:422d5bd3  f8:409ead56 f16:44478644
18519249ns          327186 1c0086ac 1116f8d3 fmul.s           f17, f13, f17       f17=xxxxxxxx f13:40fba772 f17:402faadd
18519269ns          327187 1c0086b0 0f052803 lw               x16, 240(x10)       x16=40ed8f60 x10:1c010e4c  PA:1c010f3c
18519568ns          327202 1c0086b4 0187a403 lw               x8, 24(x15)          x8=4054f963 x15:1c010958  PA:1c010970
18519866ns          327217 1c0086b6 3078f8c3 fmadd.s          f17, f17, f7, f6    f17=xxxxxxxx f17:41acaf6d  f7:40e12778  f6:447d404b
18519886ns          327218 1c0086ba 1106f853 fmul.s           f16, f13, f16       f16=xxxxxxxx f13:40fba772 f16:40ed8f60
18519906ns          327219 1c0086be 11852303 lw               x6, 280(x10)         x6=409ed6ad x10:1c010e4c  PA:1c010f64
18520204ns          327234 1c0086c2 01c7a383 lw               x7, 28(x15)          x7=4050f13b x15:1c010958  PA:1c010974
18520502ns          327249 1c0086c6 88887843 fmadd.s          f16, f16, f8, f17   f16=xxxxxxxx f16:426986f5  f8:4054f963 f17:44919c3f
18520522ns          327250 1c0086ca 1066f353 fmul.s           f6, f13, f6          f6=xxxxxxxx f13:40fba772  f6:409ed6ad
18520542ns          327251 1c0086ce 14052883 lw               x17, 320(x10)       x17=3fe83682 x10:1c010e4c  PA:1c010f8c
18520841ns          327266 1c0086d2 0207a403 lw               x8, 32(x15)          x8=40904b8b x15:1c010958  PA:1c010978
18521139ns          327281 1c0086d4 80737343 fmadd.s          f6, f6, f7, f16      f6=xxxxxxxx  f6:421c2460  f7:4050f13b f16:44a9e527
18521159ns          327282 1c0086d8 1116f8d3 fmul.s           f17, f13, f17       f17=xxxxxxxx f13:40fba772 f17:3fe83682
18521179ns          327283 1c0086dc 16852803 lw               x16, 360(x10)       x16=40e1cf39 x10:1c010e4c  PA:1c010fb4
18521477ns          327298 1c0086e0 0247a383 lw               x7, 36(x15)          x7=40906e67 x15:1c010958  PA:1c01097c
18521775ns          327313 1c0086e4 3088f8c3 fmadd.s          f17, f17, f8, f6    f17=xxxxxxxx f17:41644554  f8:40904b8b  f6:44b9d33d
18521795ns          327314 1c0086e8 1106f853 fmul.s           f16, f13, f16       f16=xxxxxxxx f13:40fba772 f16:40e1cf39
18521815ns          327315 1c0086ec 000ea303 lw               x6, 0(x29)           x6=40e8dc21 x29:10000fdc  PA:10000fdc
18521835ns          327316 1c0086f0 02878793 addi             x15, x15, 40        x15=1c010980 x15:1c010958
18521855ns          327317 1c0086f4 88787843 fmadd.s          f16, f16, f7, f17   f16=xxxxxxxx f16:425df9e0  f7:40906e67 f17:44c1dde3
18521875ns          327318 1c0086f8 80e37843 fmadd.s          f16, f6, f14, f16   f16=xxxxxxxx  f6:40e8dc21 f14:41063542 f16:44e12cf5
18521895ns          327319 1c0086fc 030ea42b p.sw             x16, 40(x29!)       x29=10001004 x16:44e8ce30 x29:10000fdc  PA:10000fdc
18521915ns          327320 1c008700 00460613 addi             x12, x12, 4         x12=10000e78 x12:10000e74
18521935ns          327321 1c008702 00450513 addi             x10, x10, 4         x10=1c010e50 x10:1c010e4c
18521974ns          327323 1c008632 40b28e33 sub              x28, x5, x11        x28=00000190  x5:1c010980 x11:1c0107f0
18521994ns          327324 1c008636 fd8e0e13 addi             x28, x28, -40       x28=00000168 x28:00000190
18522014ns          327325 1c00863a 0cccd7b7 lui              x15, 0xcccd000      x15=0cccd000
18522034ns          327326 1c00863e ccd78793 addi             x15, x15, -819      x15=0ccccccd x15:0cccd000
18522054ns          327327 1c008642 003e5e13 srli             x28, x28, 0x3       x28=0000002d x28:00000168
18522074ns          327328 1c008646 02fe0e33 mul              x28, x28, x15       x28=40000009 x28:0000002d x15:0ccccccd
18522094ns          327329 1c00864a c5de3e33 p.bclr           x28, x28, 2, 29     x28=00000009 x28:40000009
18522114ns          327330 1c00864e 00b007b3 add              x15, x0, x11        x15=1c0107f0 x11:1c0107f0
18522134ns          327331 1c008650 00c00eb3 add              x29, x0, x12        x29=10000e78 x12:10000e78
18522153ns          327332 1c008652 001e0e13 addi             x28, x28, 1         x28=0000000a x28:00000009
18522173ns          327333 1c008654 054e40fb lp.setup         0x1, x28, 0x54      x28:0000000a
18522193ns          327334 1c008658 00052803 lw               x16, 0(x10)         x16=3ec19188 x10:1c010e50  PA:1c010e50
18522492ns          327349 1c00865c 0007a883 lw               x17, 0(x15)         x17=40c92fdf x15:1c0107f0  PA:1c0107f0
18522810ns          327365 1c008660 1106f853 fmul.s           f16, f13, f16       f16=xxxxxxxx f13:40fba772 f16:3ec19188
18522830ns          327366 1c008664 02852303 lw               x6, 40(x10)          x6=40cb3887 x10:1c010e50  PA:1c010e78
18523128ns          327381 1c008668 0047a383 lw               x7, 4(x15)           x7=4042e596 x15:1c0107f0  PA:1c0107f4
18523446ns          327397 1c00866c f1187843 fmadd.s          f16, f16, f17, f30  f16=xxxxxxxx f16:403e484c f17:40c92fdf f30:00000000
18523466ns          327398 1c008670 1066f353 fmul.s           f6, f13, f6          f6=xxxxxxxx f13:40fba772  f6:40cb3887
18523486ns          327399 1c008674 05052883 lw               x17, 80(x10)        x17=401b3bf1 x10:1c010e50  PA:1c010ea0
18523784ns          327414 1c008678 0087a403 lw               x8, 8(x15)           x8=3feabde7 x15:1c0107f0  PA:1c0107f8
18524083ns          327429 1c00867a 80737343 fmadd.s          f6, f6, f7, f16      f6=xxxxxxxx  f6:4247c559  f7:4042e596 f16:41958a59
18524103ns          327430 1c00867e 1116f8d3 fmul.s           f17, f13, f17       f17=xxxxxxxx f13:40fba772 f17:401b3bf1
18524123ns          327431 1c008682 07852803 lw               x16, 120(x10)       x16=40ac6bca x10:1c010e50  PA:1c010ec8
18524421ns          327446 1c008686 00c7a383 lw               x7, 12(x15)          x7=40d34100 x15:1c0107f0  PA:1c0107fc
18524739ns          327462 1c00868a 3088f8c3 fmadd.s          f17, f17, f8, f6    f17=xxxxxxxx f17:4198994f  f8:3feabde7  f6:432ac801
18524759ns          327463 1c00868e 1106f853 fmul.s           f16, f13, f16       f16=xxxxxxxx f13:40fba772 f16:40ac6bca
18524779ns          327464 1c008692 0a052303 lw               x6, 160(x10)         x6=40f78a77 x10:1c010e50  PA:1c010ef0
18525077ns          327479 1c008696 0107a403 lw               x8, 16(x15)          x8=3f85525e x15:1c0107f0  PA:1c010800
18525376ns          327494 1c008698 88787843 fmadd.s          f16, f16, f7, f17   f16=xxxxxxxx f16:42297e76  f7:40d34100 f17:434dc356
18525396ns          327495 1c00869c 1066f353 fmul.s           f6, f13, f6          f6=xxxxxxxx f13:40fba772  f6:40f78a77
18525416ns          327496 1c0086a0 0c852883 lw               x17, 200(x10)       x17=3fee02d6 x10:1c010e50  PA:1c010f18
18525714ns          327511 1c0086a4 0147a383 lw               x7, 20(x15)          x7=403c1513 x15:1c0107f0  PA:1c010804
18526032ns          327527 1c0086a8 80837343 fmadd.s          f6, f6, f8, f16      f6=xxxxxxxx  f6:427356ac  f8:3f85525e f16:43f2bfef
18526052ns          327528 1c0086ac 1116f8d3 fmul.s           f17, f13, f17       f17=xxxxxxxx f13:40fba772 f17:3fee02d6
18526072ns          327529 1c0086b0 0f052803 lw               x16, 240(x10)       x16=3f5add21 x10:1c010e50  PA:1c010f40
18526370ns          327544 1c0086b4 0187a403 lw               x8, 24(x15)          x8=40c53516 x15:1c0107f0  PA:1c010808
18526669ns          327559 1c0086b6 3078f8c3 fmadd.s          f17, f17, f7, f6    f17=xxxxxxxx f17:4169f876  f7:403c1513  f6:44093742
18526689ns          327560 1c0086ba 1106f853 fmul.s           f16, f13, f16       f16=xxxxxxxx f13:40fba772 f16:3f5add21
18526708ns          327561 1c0086be 11852303 lw               x6, 280(x10)         x6=40663968 x10:1c010e50  PA:1c010f68
18527007ns          327576 1c0086c2 01c7a383 lw               x7, 28(x15)          x7=3f94ed63 x15:1c0107f0  PA:1c01080c
18527305ns          327591 1c0086c6 88887843 fmadd.s          f16, f16, f8, f17   f16=xxxxxxxx f16:40d725f7  f8:40c53516 f17:4413f59e
18527325ns          327592 1c0086ca 1066f353 fmul.s           f6, f13, f6          f6=xxxxxxxx f13:40fba772  f6:40663968
18527345ns          327593 1c0086ce 14052883 lw               x17, 320(x10)       x17=406de7b7 x10:1c010e50  PA:1c010f90
18527643ns          327608 1c0086d2 0207a403 lw               x8, 32(x15)          x8=3f2ec91c x15:1c0107f0  PA:1c010810
18527942ns          327623 1c0086d4 80737343 fmadd.s          f6, f6, f7, f16      f6=xxxxxxxx  f6:41e250df  f7:3f94ed63 f16:441e516b
18527962ns          327624 1c0086d8 1116f8d3 fmul.s           f17, f13, f17       f17=xxxxxxxx f13:40fba772 f17:406de7b7
18527981ns          327625 1c0086dc 16852803 lw               x16, 360(x10)       x16=4097acfc x10:1c010e50  PA:1c010fb8
18528280ns          327640 1c0086e0 0247a383 lw               x7, 36(x15)          x7=40e4781f x15:1c0107f0  PA:1c010814
18528578ns          327655 1c0086e4 3088f8c3 fmadd.s          f17, f17, f8, f6    f17=xxxxxxxx f17:41e9ddcd  f8:3f2ec91c  f6:44268bf5
18528598ns          327656 1c0086e8 1106f853 fmul.s           f16, f13, f16       f16=xxxxxxxx f13:40fba772 f16:4097acfc
18528618ns          327657 1c0086ec 000ea303 lw               x6, 0(x29)           x6=40f44b7a x29:10000e78  PA:10000e78
18528638ns          327658 1c0086f0 02878793 addi             x15, x15, 40        x15=1c010818 x15:1c0107f0
18528658ns          327659 1c0086f4 88787843 fmadd.s          f16, f16, f7, f17   f16=xxxxxxxx f16:421519d0  f7:40e4781f f17:442b8959
18528678ns          327660 1c0086f8 80e37843 fmadd.s          f16, f6, f14, f16   f16=xxxxxxxx  f6:40f44b7a f14:41063542 f16:446e11d3
18528697ns          327661 1c0086fc 030ea42b p.sw             x16, 40(x29!)       x29=10000ea0 x16:447e141e x29:10000e78  PA:10000e78
18528717ns          327662 1c008658 00052803 lw               x16, 0(x10)         x16=3ec19188 x10:1c010e50  PA:1c010e50
18529016ns          327677 1c00865c 0007a883 lw               x17, 0(x15)         x17=3f272773 x15:1c010818  PA:1c010818
18529314ns          327692 1c008660 1106f853 fmul.s           f16, f13, f16       f16=xxxxxxxx f13:40fba772 f16:3ec19188
18529334ns          327693 1c008664 02852303 lw               x6, 40(x10)          x6=40cb3887 x10:1c010e50  PA:1c010e78
18529632ns          327708 1c008668 0047a383 lw               x7, 4(x15)           x7=40fbcae6 x15:1c010818  PA:1c01081c
18529931ns          327723 1c00866c f1187843 fmadd.s          f16, f16, f17, f30  f16=xxxxxxxx f16:403e484c f17:3f272773 f30:00000000
18529951ns          327724 1c008670 1066f353 fmul.s           f6, f13, f6          f6=xxxxxxxx f13:40fba772  f6:40cb3887
18529970ns          327725 1c008674 05052883 lw               x17, 80(x10)        x17=401b3bf1 x10:1c010e50  PA:1c010ea0
18530269ns          327740 1c008678 0087a403 lw               x8, 8(x15)           x8=3da795cc x15:1c010818  PA:1c010820
18530567ns          327755 1c00867a 80737343 fmadd.s          f6, f6, f7, f16      f6=xxxxxxxx  f6:4247c559  f7:40fbcae6 f16:3ff87cf8
18530587ns          327756 1c00867e 1116f8d3 fmul.s           f17, f13, f17       f17=xxxxxxxx f13:40fba772 f17:401b3bf1
18530607ns          327757 1c008682 07852803 lw               x16, 120(x10)       x16=40ac6bca x10:1c010e50  PA:1c010ec8
18530905ns          327772 1c008686 00c7a383 lw               x7, 12(x15)          x7=410c9940 x15:1c010818  PA:1c010824
18531204ns          327787 1c00868a 3088f8c3 fmadd.s          f17, f17, f8, f6    f17=xxxxxxxx f17:4198994f  f8:3da795cc  f6:43c57550
18531224ns          327788 1c00868e 1106f853 fmul.s           f16, f13, f16       f16=xxxxxxxx f13:40fba772 f16:40ac6bca
18531243ns          327789 1c008692 0a052303 lw               x6, 160(x10)         x6=40f78a77 x10:1c010e50  PA:1c010ef0
18531542ns          327804 1c008696 0107a403 lw               x8, 16(x15)          x8=3f901a6a x15:1c010818  PA:1c010828
18531840ns          327819 1c008698 88787843 fmadd.s          f16, f16, f7, f17   f16=xxxxxxxx f16:42297e76  f7:410c9940 f17:43c63d1b
18531860ns          327820 1c00869c 1066f353 fmul.s           f6, f13, f6          f6=xxxxxxxx f13:40fba772  f6:40f78a77
18531880ns          327821 1c0086a0 0c852883 lw               x17, 200(x10)       x17=3fee02d6 x10:1c010e50  PA:1c010f18
18532178ns          327836 1c0086a4 0147a383 lw               x7, 20(x15)          x7=3f9e8be7 x15:1c010818  PA:1c01082c
18532477ns          327851 1c0086a8 80837343 fmadd.s          f6, f6, f8, f16      f6=xxxxxxxx  f6:427356ac  f8:3f901a6a f16:4440352d
18532497ns          327852 1c0086ac 1116f8d3 fmul.s           f17, f13, f17       f17=xxxxxxxx f13:40fba772 f17:3fee02d6
18532517ns          327853 1c0086b0 0f052803 lw               x16, 240(x10)       x16=3f5add21 x10:1c010e50  PA:1c010f40
18532815ns          327868 1c0086b4 0187a403 lw               x8, 24(x15)          x8=4103c6ee x15:1c010818  PA:1c010830
18533133ns          327884 1c0086b6 3078f8c3 fmadd.s          f17, f17, f7, f6    f17=xxxxxxxx f17:4169f876  f7:3f9e8be7  f6:44515469
18533153ns          327885 1c0086ba 1106f853 fmul.s           f16, f13, f16       f16=xxxxxxxx f13:40fba772 f16:3f5add21
18533173ns          327886 1c0086be 11852303 lw               x6, 280(x10)         x6=40663968 x10:1c010e50  PA:1c010f68
18533471ns          327901 1c0086c2 01c7a383 lw               x7, 28(x15)          x7=408d0c20 x15:1c010818  PA:1c010834
18533770ns          327916 1c0086c6 88887843 fmadd.s          f16, f16, f8, f17   f16=xxxxxxxx f16:40d725f7  f8:4103c6ee f17:4455dba3
18533790ns          327917 1c0086ca 1066f353 fmul.s           f6, f13, f6          f6=xxxxxxxx f13:40fba772  f6:40663968
18533809ns          327918 1c0086ce 14052883 lw               x17, 320(x10)       x17=406de7b7 x10:1c010e50  PA:1c010f90
18534128ns          327934 1c0086d2 0207a403 lw               x8, 32(x15)          x8=4067c495 x15:1c010818  PA:1c010838
18534426ns          327949 1c0086d4 80737343 fmadd.s          f6, f6, f7, f16      f6=xxxxxxxx  f6:41e250df  f7:408d0c20 f16:4463b397
18534446ns          327950 1c0086d8 1116f8d3 fmul.s           f17, f13, f17       f17=xxxxxxxx f13:40fba772 f17:406de7b7
18534466ns          327951 1c0086dc 16852803 lw               x16, 360(x10)       x16=4097acfc x10:1c010e50  PA:1c010fb8
18534764ns          327966 1c0086e0 0247a383 lw               x7, 36(x15)          x7=409f3d2d x15:1c010818  PA:1c01083c
18535063ns          327981 1c0086e4 3088f8c3 fmadd.s          f17, f17, f8, f6    f17=xxxxxxxx f17:41e9ddcd  f8:4067c495  f6:44816ff4
18535082ns          327982 1c0086e8 1106f853 fmul.s           f16, f13, f16       f16=xxxxxxxx f13:40fba772 f16:4097acfc
18535102ns          327983 1c0086ec 000ea303 lw               x6, 0(x29)           x6=40976263 x29:10000ea0  PA:10000ea0
18535122ns          327984 1c0086f0 02878793 addi             x15, x15, 40        x15=1c010840 x15:1c010818
18535142ns          327985 1c0086f4 88787843 fmadd.s          f16, f16, f7, f17   f16=xxxxxxxx f16:421519d0  f7:409f3d2d f17:448eaba0
18535162ns          327986 1c0086f8 80e37843 fmadd.s          f16, f6, f14, f16   f16=xxxxxxxx  f6:40976263 f14:41063542 f16:44a5db4a
18535182ns          327987 1c0086fc 030ea42b p.sw             x16, 40(x29!)       x29=10000ec8 x16:44aad11a x29:10000ea0  PA:10000ea0
18535202ns          327988 1c008658 00052803 lw               x16, 0(x10)         x16=3ec19188 x10:1c010e50  PA:1c010e50
18535500ns          328003 1c00865c 0007a883 lw               x17, 0(x15)         x17=3f5d3e32 x15:1c010840  PA:1c010840
18535818ns          328019 1c008660 1106f853 fmul.s           f16, f13, f16       f16=xxxxxxxx f13:40fba772 f16:3ec19188
18535838ns          328020 1c008664 02852303 lw               x6, 40(x10)          x6=40cb3887 x10:1c010e50  PA:1c010e78
18536137ns          328035 1c008668 0047a383 lw               x7, 4(x15)           x7=3fb23088 x15:1c010840  PA:1c010844
18536435ns          328050 1c00866c f1187843 fmadd.s          f16, f16, f17, f30  f16=xxxxxxxx f16:403e484c f17:3f5d3e32 f30:00000000
18536455ns          328051 1c008670 1066f353 fmul.s           f6, f13, f6          f6=xxxxxxxx f13:40fba772  f6:40cb3887
18536475ns          328052 1c008674 05052883 lw               x17, 80(x10)        x17=401b3bf1 x10:1c010e50  PA:1c010ea0
18536793ns          328068 1c008678 0087a403 lw               x8, 8(x15)           x8=40868824 x15:1c010840  PA:1c010848
18537091ns          328083 1c00867a 80737343 fmadd.s          f6, f6, f7, f16      f6=xxxxxxxx  f6:4247c559  f7:3fb23088 f16:402472a4
18537111ns          328084 1c00867e 1116f8d3 fmul.s           f17, f13, f17       f17=xxxxxxxx f13:40fba772 f17:401b3bf1
18537131ns          328085 1c008682 07852803 lw               x16, 120(x10)       x16=40ac6bca x10:1c010e50  PA:1c010ec8
18537430ns          328100 1c008686 00c7a383 lw               x7, 12(x15)          x7=40118528 x15:1c010840  PA:1c01084c
18537728ns          328115 1c00868a 3088f8c3 fmadd.s          f17, f17, f8, f6    f17=xxxxxxxx f17:4198994f  f8:40868824  f6:429030ac
18537748ns          328116 1c00868e 1106f853 fmul.s           f16, f13, f16       f16=xxxxxxxx f13:40fba772 f16:40ac6bca
18537768ns          328117 1c008692 0a052303 lw               x6, 160(x10)         x6=40f78a77 x10:1c010e50  PA:1c010ef0
18538086ns          328133 1c008696 0107a403 lw               x8, 16(x15)          x8=40f2255b x15:1c010840  PA:1c010850
18538384ns          328148 1c008698 88787843 fmadd.s          f16, f16, f7, f17   f16=xxxxxxxx f16:42297e76  f7:40118528 f17:431849bc
18538404ns          328149 1c00869c 1066f353 fmul.s           f6, f13, f6          f6=xxxxxxxx f13:40fba772  f6:40f78a77
18538424ns          328150 1c0086a0 0c852883 lw               x17, 200(x10)       x17=3fee02d6 x10:1c010e50  PA:1c010f18
18538722ns          328165 1c0086a4 0147a383 lw               x7, 20(x15)          x7=410d9210 x15:1c010840  PA:1c010854
18539021ns          328180 1c0086a8 80837343 fmadd.s          f6, f6, f8, f16      f6=xxxxxxxx  f6:427356ac  f8:40f2255b f16:4378a286
18539041ns          328181 1c0086ac 1116f8d3 fmul.s           f17, f13, f17       f17=xxxxxxxx f13:40fba772 f17:3fee02d6
18539061ns          328182 1c0086b0 0f052803 lw               x16, 240(x10)       x16=3f5add21 x10:1c010e50  PA:1c010f40
18539379ns          328198 1c0086b4 0187a403 lw               x8, 24(x15)          x8=404f08ae x15:1c010840  PA:1c010858
18539677ns          328213 1c0086b6 3078f8c3 fmadd.s          f17, f17, f7, f6    f17=xxxxxxxx f17:4169f876  f7:410d9210  f6:44313e5a
18539697ns          328214 1c0086ba 1106f853 fmul.s           f16, f13, f16       f16=xxxxxxxx f13:40fba772 f16:3f5add21
18539717ns          328215 1c0086be 11852303 lw               x6, 280(x10)         x6=40663968 x10:1c010e50  PA:1c010f68
18540015ns          328230 1c0086c2 01c7a383 lw               x7, 28(x15)          x7=40856e55 x15:1c010840  PA:1c01085c
18540314ns          328245 1c0086c6 88887843 fmadd.s          f16, f16, f8, f17   f16=xxxxxxxx f16:40d725f7  f8:404f08ae f17:44519730
18540334ns          328246 1c0086ca 1066f353 fmul.s           f6, f13, f6          f6=xxxxxxxx f13:40fba772  f6:40663968
18540353ns          328247 1c0086ce 14052883 lw               x17, 320(x10)       x17=406de7b7 x10:1c010e50  PA:1c010f90
18540652ns          328262 1c0086d2 0207a403 lw               x8, 32(x15)          x8=40ad535a x15:1c010840  PA:1c010860
18540950ns          328277 1c0086d4 80737343 fmadd.s          f6, f6, f7, f16      f6=xxxxxxxx  f6:41e250df  f7:40856e55 f16:44570728
18540970ns          328278 1c0086d8 1116f8d3 fmul.s           f17, f13, f17       f17=xxxxxxxx f13:40fba772 f17:406de7b7
18540990ns          328279 1c0086dc 16852803 lw               x16, 360(x10)       x16=4097acfc x10:1c010e50  PA:1c010fb8
18541288ns          328294 1c0086e0 0247a383 lw               x7, 36(x15)          x7=40c3d18a x15:1c010840  PA:1c010864
18541587ns          328309 1c0086e4 3088f8c3 fmadd.s          f17, f17, f8, f6    f17=xxxxxxxx f17:41e9ddcd  f8:40ad535a  f6:4474848b
18541607ns          328310 1c0086e8 1106f853 fmul.s           f16, f13, f16       f16=xxxxxxxx f13:40fba772 f16:4097acfc
18541626ns          328311 1c0086ec 000ea303 lw               x6, 0(x29)           x6=404d8faf x29:10000ec8  PA:10000ec8
18541646ns          328312 1c0086f0 02878793 addi             x15, x15, 40        x15=1c010868 x15:1c010840
18541666ns          328313 1c0086f4 88787843 fmadd.s          f16, f16, f7, f17   f16=xxxxxxxx f16:421519d0  f7:40c3d18a f17:448e0d27
18541686ns          328314 1c0086f8 80e37843 fmadd.s          f16, f6, f14, f16   f16=xxxxxxxx  f6:404d8faf f14:41063542 f16:44aa9054
18541706ns          328315 1c0086fc 030ea42b p.sw             x16, 40(x29!)       x29=10000ef0 x16:44adee74 x29:10000ec8  PA:10000ec8
18541726ns          328316 1c008658 00052803 lw               x16, 0(x10)         x16=3ec19188 x10:1c010e50  PA:1c010e50
18542044ns          328332 1c00865c 0007a883 lw               x17, 0(x15)         x17=406f2a46 x15:1c010868  PA:1c010868
18542343ns          328347 1c008660 1106f853 fmul.s           f16, f13, f16       f16=xxxxxxxx f13:40fba772 f16:3ec19188
18542362ns          328348 1c008664 02852303 lw               x6, 40(x10)          x6=40cb3887 x10:1c010e50  PA:1c010e78
18542661ns          328363 1c008668 0047a383 lw               x7, 4(x15)           x7=3dd5cc68 x15:1c010868  PA:1c01086c
18542959ns          328378 1c00866c f1187843 fmadd.s          f16, f16, f17, f30  f16=xxxxxxxx f16:403e484c f17:406f2a46 f30:00000000
18542979ns          328379 1c008670 1066f353 fmul.s           f6, f13, f6          f6=xxxxxxxx f13:40fba772  f6:40cb3887
18542999ns          328380 1c008674 05052883 lw               x17, 80(x10)        x17=401b3bf1 x10:1c010e50  PA:1c010ea0
18543297ns          328395 1c008678 0087a403 lw               x8, 8(x15)           x8=3f3e56f1 x15:1c010868  PA:1c010870
18543596ns          328410 1c00867a 80737343 fmadd.s          f6, f6, f7, f16      f6=xxxxxxxx  f6:4247c559  f7:3dd5cc68 f16:4131c4eb
18543616ns          328411 1c00867e 1116f8d3 fmul.s           f17, f13, f17       f17=xxxxxxxx f13:40fba772 f17:401b3bf1
18543635ns          328412 1c008682 07852803 lw               x16, 120(x10)       x16=40ac6bca x10:1c010e50  PA:1c010ec8
18543934ns          328427 1c008686 00c7a383 lw               x7, 12(x15)          x7=3fa5c9e3 x15:1c010868  PA:1c010874
18544232ns          328442 1c00868a 3088f8c3 fmadd.s          f17, f17, f8, f6    f17=xxxxxxxx f17:4198994f  f8:3f3e56f1  f6:41829823
18544252ns          328443 1c00868e 1106f853 fmul.s           f16, f13, f16       f16=xxxxxxxx f13:40fba772 f16:40ac6bca
18544272ns          328444 1c008692 0a052303 lw               x6, 160(x10)         x6=40f78a77 x10:1c010e50  PA:1c010ef0
18544570ns          328459 1c008696 0107a403 lw               x8, 16(x15)          x8=3f2ad00d x15:1c010868  PA:1c010878
18544869ns          328474 1c008698 88787843 fmadd.s          f16, f16, f7, f17   f16=xxxxxxxx f16:42297e76  f7:3fa5c9e3 f17:41f40dbf
18544889ns          328475 1c00869c 1066f353 fmul.s           f6, f13, f6          f6=xxxxxxxx f13:40fba772  f6:40f78a77
18544908ns          328476 1c0086a0 0c852883 lw               x17, 200(x10)       x17=3fee02d6 x10:1c010e50  PA:1c010f18
18545207ns          328491 1c0086a4 0147a383 lw               x7, 20(x15)          x7=4113cf5d x15:1c010868  PA:1c01087c
18545505ns          328506 1c0086a8 80837343 fmadd.s          f6, f6, f8, f16      f6=xxxxxxxx  f6:427356ac  f8:3f2ad00d f16:42aac79c
18545525ns          328507 1c0086ac 1116f8d3 fmul.s           f17, f13, f17       f17=xxxxxxxx f13:40fba772 f17:3fee02d6
18545545ns          328508 1c0086b0 0f052803 lw               x16, 240(x10)       x16=3f5add21 x10:1c010e50  PA:1c010f40
18545843ns          328523 1c0086b4 0187a403 lw               x8, 24(x15)          x8=4028cf98 x15:1c010868  PA:1c010880
18546142ns          328538 1c0086b6 3078f8c3 fmadd.s          f17, f17, f7, f6    f17=xxxxxxxx f17:4169f876  f7:4113cf5d  f6:42fbf644
18546162ns          328539 1c0086ba 1106f853 fmul.s           f16, f13, f16       f16=xxxxxxxx f13:40fba772 f16:3f5add21
18546181ns          328540 1c0086be 11852303 lw               x6, 280(x10)         x6=40663968 x10:1c010e50  PA:1c010f68
18546480ns          328555 1c0086c2 01c7a383 lw               x7, 28(x15)          x7=3fa13eed x15:1c010868  PA:1c010884
18546778ns          328570 1c0086c6 88887843 fmadd.s          f16, f16, f8, f17   f16=xxxxxxxx f16:40d725f7  f8:4028cf98 f17:43828929
18546798ns          328571 1c0086ca 1066f353 fmul.s           f6, f13, f6          f6=xxxxxxxx f13:40fba772  f6:40663968
18546818ns          328572 1c0086ce 14052883 lw               x17, 320(x10)       x17=406de7b7 x10:1c010e50  PA:1c010f90
18547116ns          328587 1c0086d2 0207a403 lw               x8, 32(x15)          x8=40a9fcb3 x15:1c010868  PA:1c010888
18547435ns          328603 1c0086d4 80737343 fmadd.s          f6, f6, f7, f16      f6=xxxxxxxx  f6:41e250df  f7:3fa13eed f16:438b671f
18547454ns          328604 1c0086d8 1116f8d3 fmul.s           f17, f13, f17       f17=xxxxxxxx f13:40fba772 f17:406de7b7
18547474ns          328605 1c0086dc 16852803 lw               x16, 360(x10)       x16=4097acfc x10:1c010e50  PA:1c010fb8
18547773ns          328620 1c0086e0 0247a383 lw               x7, 36(x15)          x7=40bdf671 x15:1c010868  PA:1c01088c
18548071ns          328635 1c0086e4 3088f8c3 fmadd.s          f17, f17, f8, f6    f17=xxxxxxxx f17:41e9ddcd  f8:40a9fcb3  f6:439d38af
18548091ns          328636 1c0086e8 1106f853 fmul.s           f16, f13, f16       f16=xxxxxxxx f13:40fba772 f16:4097acfc
18548111ns          328637 1c0086ec 000ea303 lw               x6, 0(x29)           x6=40e74af5 x29:10000ef0  PA:10000ef0
18548131ns          328638 1c0086f0 02878793 addi             x15, x15, 40        x15=1c010890 x15:1c010868
18548151ns          328639 1c0086f4 88787843 fmadd.s          f16, f16, f7, f17   f16=xxxxxxxx f16:421519d0  f7:40bdf671 f17:43eaddd2
18548171ns          328640 1c0086f8 80e37843 fmadd.s          f16, f6, f14, f16   f16=xxxxxxxx  f6:40e74af5 f14:41063542 f16:442cc0b5
18548190ns          328641 1c0086fc 030ea42b p.sw             x16, 40(x29!)       x29=10000f18 x16:443be8e0 x29:10000ef0  PA:10000ef0
18548210ns          328642 1c008658 00052803 lw               x16, 0(x10)         x16=3ec19188 x10:1c010e50  PA:1c010e50
18548509ns          328657 1c00865c 0007a883 lw               x17, 0(x15)         x17=4119a00a x15:1c010890  PA:1c010890
18548807ns          328672 1c008660 1106f853 fmul.s           f16, f13, f16       f16=xxxxxxxx f13:40fba772 f16:3ec19188
18548827ns          328673 1c008664 02852303 lw               x6, 40(x10)          x6=40cb3887 x10:1c010e50  PA:1c010e78
18549125ns          328688 1c008668 0047a383 lw               x7, 4(x15)           x7=40642f0b x15:1c010890  PA:1c010894
18549424ns          328703 1c00866c f1187843 fmadd.s          f16, f16, f17, f30  f16=xxxxxxxx f16:403e484c f17:4119a00a f30:00000000
18549444ns          328704 1c008670 1066f353 fmul.s           f6, f13, f6          f6=xxxxxxxx f13:40fba772  f6:40cb3887
18549463ns          328705 1c008674 05052883 lw               x17, 80(x10)        x17=401b3bf1 x10:1c010e50  PA:1c010ea0
18549762ns          328720 1c008678 0087a403 lw               x8, 8(x15)           x8=40ede3a4 x15:1c010890  PA:1c010898
18550080ns          328736 1c00867a 80737343 fmadd.s          f6, f6, f7, f16      f6=xxxxxxxx  f6:4247c559  f7:40642f0b f16:41e46054
18550100ns          328737 1c00867e 1116f8d3 fmul.s           f17, f13, f17       f17=xxxxxxxx f13:40fba772 f17:401b3bf1
18550120ns          328738 1c008682 07852803 lw               x16, 120(x10)       x16=40ac6bca x10:1c010e50  PA:1c010ec8
18550418ns          328753 1c008686 00c7a383 lw               x7, 12(x15)          x7=3f84672f x15:1c010890  PA:1c01089c
18550717ns          328768 1c00868a 3088f8c3 fmadd.s          f17, f17, f8, f6    f17=xxxxxxxx f17:4198994f  f8:40ede3a4  f6:434e9c84
18550736ns          328769 1c00868e 1106f853 fmul.s           f16, f13, f16       f16=xxxxxxxx f13:40fba772 f16:40ac6bca
18550756ns          328770 1c008692 0a052303 lw               x6, 160(x10)         x6=40f78a77 x10:1c010e50  PA:1c010ef0
18551055ns          328785 1c008696 0107a403 lw               x8, 16(x15)          x8=40854cea x15:1c010890  PA:1c0108a0
18551373ns          328801 1c008698 88787843 fmadd.s          f16, f16, f7, f17   f16=xxxxxxxx f16:42297e76  f7:3f84672f f17:43ae3512
18551393ns          328802 1c00869c 1066f353 fmul.s           f6, f13, f6          f6=xxxxxxxx f13:40fba772  f6:40f78a77
18551413ns          328803 1c0086a0 0c852883 lw               x17, 200(x10)       x17=3fee02d6 x10:1c010e50  PA:1c010f18
18551711ns          328818 1c0086a4 0147a383 lw               x7, 20(x15)          x7=4100bd62 x15:1c010890  PA:1c0108a4
18552009ns          328833 1c0086a8 80837343 fmadd.s          f6, f6, f8, f16      f6=xxxxxxxx  f6:427356ac  f8:40854cea f16:43c41f73
18552029ns          328834 1c0086ac 1116f8d3 fmul.s           f17, f13, f17       f17=xxxxxxxx f13:40fba772 f17:3fee02d6
18552049ns          328835 1c0086b0 0f052803 lw               x16, 240(x10)       x16=3f5add21 x10:1c010e50  PA:1c010f40
18552348ns          328850 1c0086b4 0187a403 lw               x8, 24(x15)          x8=4079a1a7 x15:1c010890  PA:1c0108a8
18552666ns          328866 1c0086b6 3078f8c3 fmadd.s          f17, f17, f7, f6    f17=xxxxxxxx f17:4169f876  f7:4100bd62  f6:44216a4b
18552686ns          328867 1c0086ba 1106f853 fmul.s           f16, f13, f16       f16=xxxxxxxx f13:40fba772 f16:3f5add21
18552706ns          328868 1c0086be 11852303 lw               x6, 280(x10)         x6=40663968 x10:1c010e50  PA:1c010f68
18553004ns          328883 1c0086c2 01c7a383 lw               x7, 28(x15)          x7=40ac177a x15:1c010890  PA:1c0108ac
18553302ns          328898 1c0086c6 88887843 fmadd.s          f16, f16, f8, f17   f16=xxxxxxxx f16:40d725f7  f8:4079a1a7 f17:443ed49f
18553322ns          328899 1c0086ca 1066f353 fmul.s           f6, f13, f6          f6=xxxxxxxx f13:40fba772  f6:40663968
18553342ns          328900 1c0086ce 14052883 lw               x17, 320(x10)       x17=406de7b7 x10:1c010e50  PA:1c010f90
18553640ns          328915 1c0086d2 0207a403 lw               x8, 32(x15)          x8=411507cf x15:1c010890  PA:1c0108b0
18553939ns          328930 1c0086d4 80737343 fmadd.s          f6, f6, f7, f16      f6=xxxxxxxx  f6:41e250df  f7:40ac177a f16:444562fd
18553959ns          328931 1c0086d8 1116f8d3 fmul.s           f17, f13, f17       f17=xxxxxxxx f13:40fba772 f17:406de7b7
18553979ns          328932 1c0086dc 16852803 lw               x16, 360(x10)       x16=4097acfc x10:1c010e50  PA:1c010fb8
18554277ns          328947 1c0086e0 0247a383 lw               x7, 36(x15)          x7=41055ac8 x15:1c010890  PA:1c0108b4
18554575ns          328962 1c0086e4 3088f8c3 fmadd.s          f17, f17, f8, f6    f17=xxxxxxxx f17:41e9ddcd  f8:411507cf  f6:446b6bc3
18554595ns          328963 1c0086e8 1106f853 fmul.s           f16, f13, f16       f16=xxxxxxxx f13:40fba772 f16:4097acfc
18554615ns          328964 1c0086ec 000ea303 lw               x6, 0(x29)           x6=402ba2bc x29:10000f18  PA:10000f18
18554635ns          328965 1c0086f0 02878793 addi             x15, x15, 40        x15=1c0108b8 x15:1c010890
18554655ns          328966 1c0086f4 88787843 fmadd.s          f16, f16, f7, f17   f16=xxxxxxxx f16:421519d0  f7:41055ac8 f17:4497bf30
18554675ns          328967 1c0086f8 80e37843 fmadd.s          f16, f6, f14, f16   f16=xxxxxxxx  f6:402ba2bc f14:41063542 f16:44be94d4
18554695ns          328968 1c0086fc 030ea42b p.sw             x16, 40(x29!)       x29=10000f40 x16:44c164ab x29:10000f18  PA:10000f18
18554715ns          328969 1c008658 00052803 lw               x16, 0(x10)         x16=3ec19188 x10:1c010e50  PA:1c010e50
18555013ns          328984 1c00865c 0007a883 lw               x17, 0(x15)         x17=401ca5ad x15:1c0108b8  PA:1c0108b8
18555331ns          329000 1c008660 1106f853 fmul.s           f16, f13, f16       f16=xxxxxxxx f13:40fba772 f16:3ec19188
18555351ns          329001 1c008664 02852303 lw               x6, 40(x10)          x6=40cb3887 x10:1c010e50  PA:1c010e78
18555649ns          329016 1c008668 0047a383 lw               x7, 4(x15)           x7=4104807b x15:1c0108b8  PA:1c0108bc
18555948ns          329031 1c00866c f1187843 fmadd.s          f16, f16, f17, f30  f16=xxxxxxxx f16:403e484c f17:401ca5ad f30:00000000
18555968ns          329032 1c008670 1066f353 fmul.s           f6, f13, f6          f6=xxxxxxxx f13:40fba772  f6:40cb3887
18555988ns          329033 1c008674 05052883 lw               x17, 80(x10)        x17=401b3bf1 x10:1c010e50  PA:1c010ea0
18556286ns          329048 1c008678 0087a403 lw               x8, 8(x15)           x8=3fa0c982 x15:1c0108b8  PA:1c0108c0
18556584ns          329063 1c00867a 80737343 fmadd.s          f6, f6, f7, f16      f6=xxxxxxxx  f6:4247c559  f7:4104807b f16:40e8de67
18556604ns          329064 1c00867e 1116f8d3 fmul.s           f17, f13, f17       f17=xxxxxxxx f13:40fba772 f17:401b3bf1
18556624ns          329065 1c008682 07852803 lw               x16, 120(x10)       x16=40ac6bca x10:1c010e50  PA:1c010ec8
18556922ns          329080 1c008686 00c7a383 lw               x7, 12(x15)          x7=408f6bde x15:1c0108b8  PA:1c0108c4
18557221ns          329095 1c00868a 3088f8c3 fmadd.s          f17, f17, f8, f6    f17=xxxxxxxx f17:4198994f  f8:3fa0c982  f6:43d26f83
18557241ns          329096 1c00868e 1106f853 fmul.s           f16, f13, f16       f16=xxxxxxxx f13:40fba772 f16:40ac6bca
18557261ns          329097 1c008692 0a052303 lw               x6, 160(x10)         x6=40f78a77 x10:1c010e50  PA:1c010ef0
18557559ns          329112 1c008696 0107a403 lw               x8, 16(x15)          x8=40843960 x15:1c0108b8  PA:1c0108c8
18557857ns          329127 1c008698 88787843 fmadd.s          f16, f16, f7, f17   f16=xxxxxxxx f16:42297e76  f7:408f6bde f17:43de6a81
18557877ns          329128 1c00869c 1066f353 fmul.s           f6, f13, f6          f6=xxxxxxxx f13:40fba772  f6:40f78a77
18557897ns          329129 1c0086a0 0c852883 lw               x17, 200(x10)       x17=3fee02d6 x10:1c010e50  PA:1c010f18
18558195ns          329144 1c0086a4 0147a383 lw               x7, 20(x15)          x7=40ca1d6a x15:1c0108b8  PA:1c0108cc
18558494ns          329159 1c0086a8 80837343 fmadd.s          f6, f6, f8, f16      f6=xxxxxxxx  f6:427356ac  f8:40843960 f16:441eafc8
18558514ns          329160 1c0086ac 1116f8d3 fmul.s           f17, f13, f17       f17=xxxxxxxx f13:40fba772 f17:3fee02d6
18558534ns          329161 1c0086b0 0f052803 lw               x16, 240(x10)       x16=3f5add21 x10:1c010e50  PA:1c010f40
18558832ns          329176 1c0086b4 0187a403 lw               x8, 24(x15)          x8=40329514 x15:1c0108b8  PA:1c0108d0
18559130ns          329191 1c0086b6 3078f8c3 fmadd.s          f17, f17, f7, f6    f17=xxxxxxxx f17:4169f876  f7:40ca1d6a  f6:445d8765
18559150ns          329192 1c0086ba 1106f853 fmul.s           f16, f13, f16       f16=xxxxxxxx f13:40fba772 f16:3f5add21
18559170ns          329193 1c0086be 11852303 lw               x6, 280(x10)         x6=40663968 x10:1c010e50  PA:1c010f68
18559468ns          329208 1c0086c2 01c7a383 lw               x7, 28(x15)          x7=41042b0b x15:1c0108b8  PA:1c0108d4
18559767ns          329223 1c0086c6 88887843 fmadd.s          f16, f16, f8, f17   f16=xxxxxxxx f16:40d725f7  f8:40329514 f17:44749e83
18559787ns          329224 1c0086ca 1066f353 fmul.s           f6, f13, f6          f6=xxxxxxxx f13:40fba772  f6:40663968
18559807ns          329225 1c0086ce 14052883 lw               x17, 320(x10)       x17=406de7b7 x10:1c010e50  PA:1c010f90
18560105ns          329240 1c0086d2 0207a403 lw               x8, 32(x15)          x8=4116f4ed x15:1c0108b8  PA:1c0108d8
18560403ns          329255 1c0086d4 80737343 fmadd.s          f6, f6, f7, f16      f6=xxxxxxxx  f6:41e250df  f7:41042b0b f16:44794f30
18560423ns          329256 1c0086d8 1116f8d3 fmul.s           f17, f13, f17       f17=xxxxxxxx f13:40fba772 f17:406de7b7
18560443ns          329257 1c0086dc 16852803 lw               x16, 360(x10)       x16=4097acfc x10:1c010e50  PA:1c010fb8
18560761ns          329273 1c0086e0 0247a383 lw               x7, 36(x15)          x7=40d1fecf x15:1c0108b8  PA:1c0108dc
18561060ns          329288 1c0086e4 3088f8c3 fmadd.s          f17, f17, f8, f6    f17=xxxxxxxx f17:41e9ddcd  f8:4116f4ed  f6:4499dd88
18561080ns          329289 1c0086e8 1106f853 fmul.s           f16, f13, f16       f16=xxxxxxxx f13:40fba772 f16:4097acfc
18561100ns          329290 1c0086ec 000ea303 lw               x6, 0(x29)           x6=3f9d9377 x29:10000f40  PA:10000f40
18561119ns          329291 1c0086f0 02878793 addi             x15, x15, 40        x15=1c0108e0 x15:1c0108b8
18561139ns          329292 1c0086f4 88787843 fmadd.s          f16, f16, f7, f17   f16=xxxxxxxx f16:421519d0  f7:40d1fecf f17:44bc5776
18561159ns          329293 1c0086f8 80e37843 fmadd.s          f16, f6, f14, f16   f16=xxxxxxxx  f6:3f9d9377 f14:41063542 f16:44daeb15
18561179ns          329294 1c0086fc 030ea42b p.sw             x16, 40(x29!)       x29=10000f68 x16:44dc3585 x29:10000f40  PA:10000f40
18561199ns          329295 1c008658 00052803 lw               x16, 0(x10)         x16=3ec19188 x10:1c010e50  PA:1c010e50
18561497ns          329310 1c00865c 0007a883 lw               x17, 0(x15)         x17=40a54233 x15:1c0108e0  PA:1c0108e0
18561796ns          329325 1c008660 1106f853 fmul.s           f16, f13, f16       f16=xxxxxxxx f13:40fba772 f16:3ec19188
18561816ns          329326 1c008664 02852303 lw               x6, 40(x10)          x6=40cb3887 x10:1c010e50  PA:1c010e78
18562114ns          329341 1c008668 0047a383 lw               x7, 4(x15)           x7=4093ed2a x15:1c0108e0  PA:1c0108e4
18562432ns          329357 1c00866c f1187843 fmadd.s          f16, f16, f17, f30  f16=xxxxxxxx f16:403e484c f17:40a54233 f30:00000000
18562452ns          329358 1c008670 1066f353 fmul.s           f6, f13, f6          f6=xxxxxxxx f13:40fba772  f6:40cb3887
18562472ns          329359 1c008674 05052883 lw               x17, 80(x10)        x17=401b3bf1 x10:1c010e50  PA:1c010ea0
18562770ns          329374 1c008678 0087a403 lw               x8, 8(x15)           x8=40fe6095 x15:1c0108e0  PA:1c0108e8
18563069ns          329389 1c00867a 80737343 fmadd.s          f6, f6, f7, f16      f6=xxxxxxxx  f6:4247c559  f7:4093ed2a f16:4175ab9b
18563089ns          329390 1c00867e 1116f8d3 fmul.s           f17, f13, f17       f17=xxxxxxxx f13:40fba772 f17:401b3bf1
18563108ns          329391 1c008682 07852803 lw               x16, 120(x10)       x16=40ac6bca x10:1c010e50  PA:1c010ec8
18563427ns          329407 1c008686 00c7a383 lw               x7, 12(x15)          x7=3e9d6a6e x15:1c0108e0  PA:1c0108ec
18563725ns          329422 1c00868a 3088f8c3 fmadd.s          f17, f17, f8, f6    f17=xxxxxxxx f17:4198994f  f8:40fe6095  f6:43763983
18563745ns          329423 1c00868e 1106f853 fmul.s           f16, f13, f16       f16=xxxxxxxx f13:40fba772 f16:40ac6bca
18563765ns          329424 1c008692 0a052303 lw               x6, 160(x10)         x6=40f78a77 x10:1c010e50  PA:1c010ef0
18564063ns          329439 1c008696 0107a403 lw               x8, 16(x15)          x8=4092d176 x15:1c0108e0  PA:1c0108f0
18564362ns          329454 1c008698 88787843 fmadd.s          f16, f16, f7, f17   f16=xxxxxxxx f16:42297e76  f7:3e9d6a6e f17:43c6ed99
18564381ns          329455 1c00869c 1066f353 fmul.s           f6, f13, f6          f6=xxxxxxxx f13:40fba772  f6:40f78a77
18564401ns          329456 1c0086a0 0c852883 lw               x17, 200(x10)       x17=3fee02d6 x10:1c010e50  PA:1c010f18
18564720ns          329472 1c0086a4 0147a383 lw               x7, 20(x15)          x7=4088f69f x15:1c0108e0  PA:1c0108f4
18565018ns          329487 1c0086a8 80837343 fmadd.s          f6, f6, f8, f16      f6=xxxxxxxx  f6:427356ac  f8:4092d176 f16:43cd7129
18565038ns          329488 1c0086ac 1116f8d3 fmul.s           f17, f13, f17       f17=xxxxxxxx f13:40fba772 f17:3fee02d6
18565058ns          329489 1c0086b0 0f052803 lw               x16, 240(x10)       x16=3f5add21 x10:1c010e50  PA:1c010f40
18565356ns          329504 1c0086b4 0187a403 lw               x8, 24(x15)          x8=40f68caa x15:1c0108e0  PA:1c0108f8
18565654ns          329519 1c0086b6 3078f8c3 fmadd.s          f17, f17, f7, f6    f17=xxxxxxxx f17:4169f876  f7:4088f69f  f6:442c7fd9
18565674ns          329520 1c0086ba 1106f853 fmul.s           f16, f13, f16       f16=xxxxxxxx f13:40fba772 f16:3f5add21
18565694ns          329521 1c0086be 11852303 lw               x6, 280(x10)         x6=40663968 x10:1c010e50  PA:1c010f68
18566013ns          329537 1c0086c2 01c7a383 lw               x7, 28(x15)          x7=411e9abf x15:1c0108e0  PA:1c0108fc
18566311ns          329552 1c0086c6 88887843 fmadd.s          f16, f16, f8, f17   f16=xxxxxxxx f16:40d725f7  f8:40f68caa f17:443c2586
18566331ns          329553 1c0086ca 1066f353 fmul.s           f6, f13, f6          f6=xxxxxxxx f13:40fba772  f6:40663968
18566351ns          329554 1c0086ce 14052883 lw               x17, 320(x10)       x17=406de7b7 x10:1c010e50  PA:1c010f90
18566649ns          329569 1c0086d2 0207a403 lw               x8, 32(x15)          x8=40f8cdf4 x15:1c0108e0  PA:1c010900
18566947ns          329584 1c0086d4 80737343 fmadd.s          f6, f6, f7, f16      f6=xxxxxxxx  f6:41e250df  f7:411e9abf f16:444918d1
18566967ns          329585 1c0086d8 1116f8d3 fmul.s           f17, f13, f17       f17=xxxxxxxx f13:40fba772 f17:406de7b7
18566987ns          329586 1c0086dc 16852803 lw               x16, 360(x10)       x16=4097acfc x10:1c010e50  PA:1c010fb8
18567305ns          329602 1c0086e0 0247a383 lw               x7, 36(x15)          x7=400dc23e x15:1c0108e0  PA:1c010904
18567604ns          329617 1c0086e4 3088f8c3 fmadd.s          f17, f17, f8, f6    f17=xxxxxxxx f17:41e9ddcd  f8:40f8cdf4  f6:44879a16
18567624ns          329618 1c0086e8 1106f853 fmul.s           f16, f13, f16       f16=xxxxxxxx f13:40fba772 f16:4097acfc
18567644ns          329619 1c0086ec 000ea303 lw               x6, 0(x29)           x6=40f5092f x29:10000f68  PA:10000f68
18567663ns          329620 1c0086f0 02878793 addi             x15, x15, 40        x15=1c010908 x15:1c0108e0
18567683ns          329621 1c0086f4 88787843 fmadd.s          f16, f16, f7, f17   f16=xxxxxxxx f16:421519d0  f7:400dc23e f17:44a40377
18567703ns          329622 1c0086f8 80e37843 fmadd.s          f16, f6, f14, f16   f16=xxxxxxxx  f6:40f5092f f14:41063542 f16:44ae5582
18567723ns          329623 1c0086fc 030ea42b p.sw             x16, 40(x29!)       x29=10000f90 x16:44b65cdf x29:10000f68  PA:10000f68
18567743ns          329624 1c008658 00052803 lw               x16, 0(x10)         x16=3ec19188 x10:1c010e50  PA:1c010e50
18568041ns          329639 1c00865c 0007a883 lw               x17, 0(x15)         x17=40adfed7 x15:1c010908  PA:1c010908
18568340ns          329654 1c008660 1106f853 fmul.s           f16, f13, f16       f16=xxxxxxxx f13:40fba772 f16:3ec19188
18568360ns          329655 1c008664 02852303 lw               x6, 40(x10)          x6=40cb3887 x10:1c010e50  PA:1c010e78
18568678ns          329671 1c008668 0047a383 lw               x7, 4(x15)           x7=40c5c8e3 x15:1c010908  PA:1c01090c
18568976ns          329686 1c00866c f1187843 fmadd.s          f16, f16, f17, f30  f16=xxxxxxxx f16:403e484c f17:40adfed7 f30:00000000
18568996ns          329687 1c008670 1066f353 fmul.s           f6, f13, f6          f6=xxxxxxxx f13:40fba772  f6:40cb3887
18569016ns          329688 1c008674 05052883 lw               x17, 80(x10)        x17=401b3bf1 x10:1c010e50  PA:1c010ea0
18569314ns          329703 1c008678 0087a403 lw               x8, 8(x15)           x8=3eb2c55f x15:1c010908  PA:1c010910
18569613ns          329718 1c00867a 80737343 fmadd.s          f6, f6, f7, f16      f6=xxxxxxxx  f6:4247c559  f7:40c5c8e3 f16:41815447
18569633ns          329719 1c00867e 1116f8d3 fmul.s           f17, f13, f17       f17=xxxxxxxx f13:40fba772 f17:401b3bf1
18569653ns          329720 1c008682 07852803 lw               x16, 120(x10)       x16=40ac6bca x10:1c010e50  PA:1c010ec8
18569971ns          329736 1c008686 00c7a383 lw               x7, 12(x15)          x7=3eb000b7 x15:1c010908  PA:1c010914
18570269ns          329751 1c00868a 3088f8c3 fmadd.s          f17, f17, f8, f6    f17=xxxxxxxx f17:4198994f  f8:3eb2c55f  f6:43a26ce5
18570289ns          329752 1c00868e 1106f853 fmul.s           f16, f13, f16       f16=xxxxxxxx f13:40fba772 f16:40ac6bca
18570309ns          329753 1c008692 0a052303 lw               x6, 160(x10)         x6=40f78a77 x10:1c010e50  PA:1c010ef0
18570607ns          329768 1c008696 0107a403 lw               x8, 16(x15)          x8=40e294e8 x15:1c010908  PA:1c010918
18570906ns          329783 1c008698 88787843 fmadd.s          f16, f16, f7, f17   f16=xxxxxxxx f16:42297e76  f7:3eb000b7 f17:43a5c167
18570926ns          329784 1c00869c 1066f353 fmul.s           f6, f13, f6          f6=xxxxxxxx f13:40fba772  f6:40f78a77
18570945ns          329785 1c0086a0 0c852883 lw               x17, 200(x10)       x17=3fee02d6 x10:1c010e50  PA:1c010f18
18571244ns          329800 1c0086a4 0147a383 lw               x7, 20(x15)          x7=401cda14 x15:1c010908  PA:1c01091c
18571542ns          329815 1c0086a8 80837343 fmadd.s          f6, f6, f8, f16      f6=xxxxxxxx  f6:427356ac  f8:40e294e8 f16:43ad09de
18571562ns          329816 1c0086ac 1116f8d3 fmul.s           f17, f13, f17       f17=xxxxxxxx f13:40fba772 f17:3fee02d6
18571582ns          329817 1c0086b0 0f052803 lw               x16, 240(x10)       x16=3f5add21 x10:1c010e50  PA:1c010f40
18571880ns          329832 1c0086b4 0187a403 lw               x8, 24(x15)          x8=3ff5493e x15:1c010908  PA:1c010920
18572179ns          329847 1c0086b6 3078f8c3 fmadd.s          f17, f17, f7, f6    f17=xxxxxxxx f17:4169f876  f7:401cda14  f6:444234f6
18572199ns          329848 1c0086ba 1106f853 fmul.s           f16, f13, f16       f16=xxxxxxxx f13:40fba772 f16:3f5add21
18572218ns          329849 1c0086be 11852303 lw               x6, 280(x10)         x6=40663968 x10:1c010e50  PA:1c010f68
18572517ns          329864 1c0086c2 01c7a383 lw               x7, 28(x15)          x7=4024db73 x15:1c010908  PA:1c010924
18572815ns          329879 1c0086c6 88887843 fmadd.s          f16, f16, f8, f17   f16=xxxxxxxx f16:40d725f7  f8:3ff5493e f17:444b2aa1
18572835ns          329880 1c0086ca 1066f353 fmul.s           f6, f13, f6          f6=xxxxxxxx f13:40fba772  f6:40663968
18572855ns          329881 1c0086ce 14052883 lw               x17, 320(x10)       x17=406de7b7 x10:1c010e50  PA:1c010f90
18573153ns          329896 1c0086d2 0207a403 lw               x8, 32(x15)          x8=40005e40 x15:1c010908  PA:1c010928
18573452ns          329911 1c0086d4 80737343 fmadd.s          f6, f6, f7, f16      f6=xxxxxxxx  f6:41e250df  f7:4024db73 f16:444e6335
18573472ns          329912 1c0086d8 1116f8d3 fmul.s           f17, f13, f17       f17=xxxxxxxx f13:40fba772 f17:406de7b7
18573491ns          329913 1c0086dc 16852803 lw               x16, 360(x10)       x16=4097acfc x10:1c010e50  PA:1c010fb8
18573790ns          329928 1c0086e0 0247a383 lw               x7, 36(x15)          x7=40e239a4 x15:1c010908  PA:1c01092c
18574088ns          329943 1c0086e4 3088f8c3 fmadd.s          f17, f17, f8, f6    f17=xxxxxxxx f17:41e9ddcd  f8:40005e40  f6:44609aef
18574108ns          329944 1c0086e8 1106f853 fmul.s           f16, f13, f16       f16=xxxxxxxx f13:40fba772 f16:4097acfc
18574128ns          329945 1c0086ec 000ea303 lw               x6, 0(x29)           x6=411fb9f3 x29:10000f90  PA:10000f90
18574148ns          329946 1c0086f0 02878793 addi             x15, x15, 40        x15=1c010930 x15:1c010908
18574168ns          329947 1c0086f4 88787843 fmadd.s          f16, f16, f7, f17   f16=xxxxxxxx f16:421519d0  f7:40e239a4 f17:446f438f
18574188ns          329948 1c0086f8 80e37843 fmadd.s          f16, f6, f14, f16   f16=xxxxxxxx  f6:411fb9f3 f14:41063542 f16:4498925e
18574208ns          329949 1c0086fc 030ea42b p.sw             x16, 40(x29!)       x29=10000fb8 x16:44a309f0 x29:10000f90  PA:10000f90
18574227ns          329950 1c008658 00052803 lw               x16, 0(x10)         x16=3ec19188 x10:1c010e50  PA:1c010e50
18574526ns          329965 1c00865c 0007a883 lw               x17, 0(x15)         x17=4051d560 x15:1c010930  PA:1c010930
18574824ns          329980 1c008660 1106f853 fmul.s           f16, f13, f16       f16=xxxxxxxx f13:40fba772 f16:3ec19188
18574844ns          329981 1c008664 02852303 lw               x6, 40(x10)          x6=40cb3887 x10:1c010e50  PA:1c010e78
18575142ns          329996 1c008668 0047a383 lw               x7, 4(x15)           x7=40fbbedb x15:1c010930  PA:1c010934
18575441ns          330011 1c00866c f1187843 fmadd.s          f16, f16, f17, f30  f16=xxxxxxxx f16:403e484c f17:4051d560 f30:00000000
18575461ns          330012 1c008670 1066f353 fmul.s           f6, f13, f6          f6=xxxxxxxx f13:40fba772  f6:40cb3887
18575481ns          330013 1c008674 05052883 lw               x17, 80(x10)        x17=401b3bf1 x10:1c010e50  PA:1c010ea0
18575779ns          330028 1c008678 0087a403 lw               x8, 8(x15)           x8=4012e6d7 x15:1c010930  PA:1c010938
18576077ns          330043 1c00867a 80737343 fmadd.s          f6, f6, f7, f16      f6=xxxxxxxx  f6:4247c559  f7:40fbbedb f16:411bf7a0
18576097ns          330044 1c00867e 1116f8d3 fmul.s           f17, f13, f17       f17=xxxxxxxx f13:40fba772 f17:401b3bf1
18576117ns          330045 1c008682 07852803 lw               x16, 120(x10)       x16=40ac6bca x10:1c010e50  PA:1c010ec8
18576415ns          330060 1c008686 00c7a383 lw               x7, 12(x15)          x7=410be73c x15:1c010930  PA:1c01093c
18576734ns          330076 1c00868a 3088f8c3 fmadd.s          f17, f17, f8, f6    f17=xxxxxxxx f17:4198994f  f8:4012e6d7  f6:43c9532b
18576754ns          330077 1c00868e 1106f853 fmul.s           f16, f13, f16       f16=xxxxxxxx f13:40fba772 f16:40ac6bca
18576773ns          330078 1c008692 0a052303 lw               x6, 160(x10)         x6=40f78a77 x10:1c010e50  PA:1c010ef0
18577072ns          330093 1c008696 0107a403 lw               x8, 16(x15)          x8=40e8f76c x15:1c010930  PA:1c010940
18577370ns          330108 1c008698 88787843 fmadd.s          f16, f16, f7, f17   f16=xxxxxxxx f16:42297e76  f7:410be73c f17:43df376d
18577390ns          330109 1c00869c 1066f353 fmul.s           f6, f13, f6          f6=xxxxxxxx f13:40fba772  f6:40f78a77
18577410ns          330110 1c0086a0 0c852883 lw               x17, 200(x10)       x17=3fee02d6 x10:1c010e50  PA:1c010f18
18577708ns          330125 1c0086a4 0147a383 lw               x7, 20(x15)          x7=40a8711a x15:1c010930  PA:1c010944
18578027ns          330141 1c0086a8 80837343 fmadd.s          f6, f6, f8, f16      f6=xxxxxxxx  f6:427356ac  f8:40e8f76c f16:444c3c79
18578046ns          330142 1c0086ac 1116f8d3 fmul.s           f17, f13, f17       f17=xxxxxxxx f13:40fba772 f17:3fee02d6
18578066ns          330143 1c0086b0 0f052803 lw               x16, 240(x10)       x16=3f5add21 x10:1c010e50  PA:1c010f40
18578365ns          330158 1c0086b4 0187a403 lw               x8, 24(x15)          x8=408850e7 x15:1c010930  PA:1c010948
18578663ns          330173 1c0086b6 3078f8c3 fmadd.s          f17, f17, f7, f6    f17=xxxxxxxx f17:4169f876  f7:40a8711a  f6:449d7aab
18578683ns          330174 1c0086ba 1106f853 fmul.s           f16, f13, f16       f16=xxxxxxxx f13:40fba772 f16:3f5add21
18578703ns          330175 1c0086be 11852303 lw               x6, 280(x10)         x6=40663968 x10:1c010e50  PA:1c010f68
18579001ns          330190 1c0086c2 01c7a383 lw               x7, 28(x15)          x7=40b191c9 x15:1c010930  PA:1c01094c
18579319ns          330206 1c0086c6 88887843 fmadd.s          f16, f16, f8, f17   f16=xxxxxxxx f16:40d725f7  f8:408850e7 f17:44a719d2
18579339ns          330207 1c0086ca 1066f353 fmul.s           f6, f13, f6          f6=xxxxxxxx f13:40fba772  f6:40663968
18579359ns          330208 1c0086ce 14052883 lw               x17, 320(x10)       x17=406de7b7 x10:1c010e50  PA:1c010f90
18579658ns          330223 1c0086d2 0207a403 lw               x8, 32(x15)          x8=3e508c5f x15:1c010930  PA:1c010950
18579956ns          330238 1c0086d4 80737343 fmadd.s          f6, f6, f7, f16      f6=xxxxxxxx  f6:41e250df  f7:40b191c9 f16:44aaae53
18579976ns          330239 1c0086d8 1116f8d3 fmul.s           f17, f13, f17       f17=xxxxxxxx f13:40fba772 f17:406de7b7
18579996ns          330240 1c0086dc 16852803 lw               x16, 360(x10)       x16=4097acfc x10:1c010e50  PA:1c010fb8
18580294ns          330255 1c0086e0 0247a383 lw               x7, 36(x15)          x7=40868cc1 x15:1c010930  PA:1c010954
18580592ns          330270 1c0086e4 3088f8c3 fmadd.s          f17, f17, f8, f6    f17=xxxxxxxx f17:41e9ddcd  f8:3e508c5f  f6:44be4dac
18580612ns          330271 1c0086e8 1106f853 fmul.s           f16, f13, f16       f16=xxxxxxxx f13:40fba772 f16:4097acfc
18580632ns          330272 1c0086ec 000ea303 lw               x6, 0(x29)           x6=411cca6c x29:10000fb8  PA:10000fb8
18580652ns          330273 1c0086f0 02878793 addi             x15, x15, 40        x15=1c010958 x15:1c010930
18580672ns          330274 1c0086f4 88787843 fmadd.s          f16, f16, f7, f17   f16=xxxxxxxx f16:421519d0  f7:40868cc1 f17:44bf0c30
18580692ns          330275 1c0086f8 80e37843 fmadd.s          f16, f6, f14, f16   f16=xxxxxxxx  f6:411cca6c f14:41063542 f16:44d2a38f
18580712ns          330276 1c0086fc 030ea42b p.sw             x16, 40(x29!)       x29=10000fe0 x16:44dce9e1 x29:10000fb8  PA:10000fb8
18580732ns          330277 1c008658 00052803 lw               x16, 0(x10)         x16=3ec19188 x10:1c010e50  PA:1c010e50
18581030ns          330292 1c00865c 0007a883 lw               x17, 0(x15)         x17=40858542 x15:1c010958  PA:1c010958
18581328ns          330307 1c008660 1106f853 fmul.s           f16, f13, f16       f16=xxxxxxxx f13:40fba772 f16:3ec19188
18581348ns          330308 1c008664 02852303 lw               x6, 40(x10)          x6=40cb3887 x10:1c010e50  PA:1c010e78
18581647ns          330323 1c008668 0047a383 lw               x7, 4(x15)           x7=3fa6a77c x15:1c010958  PA:1c01095c
18581965ns          330339 1c00866c f1187843 fmadd.s          f16, f16, f17, f30  f16=xxxxxxxx f16:403e484c f17:40858542 f30:00000000
18581985ns          330340 1c008670 1066f353 fmul.s           f6, f13, f6          f6=xxxxxxxx f13:40fba772  f6:40cb3887
18582005ns          330341 1c008674 05052883 lw               x17, 80(x10)        x17=401b3bf1 x10:1c010e50  PA:1c010ea0
18582303ns          330356 1c008678 0087a403 lw               x8, 8(x15)           x8=3fb30ee3 x15:1c010958  PA:1c010960
18582601ns          330371 1c00867a 80737343 fmadd.s          f6, f6, f7, f16      f6=xxxxxxxx  f6:4247c559  f7:3fa6a77c f16:41467d38
18582621ns          330372 1c00867e 1116f8d3 fmul.s           f17, f13, f17       f17=xxxxxxxx f13:40fba772 f17:401b3bf1
18582641ns          330373 1c008682 07852803 lw               x16, 120(x10)       x16=40ac6bca x10:1c010e50  PA:1c010ec8
18582940ns          330388 1c008686 00c7a383 lw               x7, 12(x15)          x7=40fe97f4 x15:1c010958  PA:1c010964
18583238ns          330403 1c00868a 3088f8c3 fmadd.s          f17, f17, f8, f6    f17=xxxxxxxx f17:4198994f  f8:3fb30ee3  f6:429adc51
18583258ns          330404 1c00868e 1106f853 fmul.s           f16, f13, f16       f16=xxxxxxxx f13:40fba772 f16:40ac6bca
18583278ns          330405 1c008692 0a052303 lw               x6, 160(x10)         x6=40f78a77 x10:1c010e50  PA:1c010ef0
18583576ns          330420 1c008696 0107a403 lw               x8, 16(x15)          x8=409ead56 x15:1c010958  PA:1c010968
18583874ns          330435 1c008698 88787843 fmadd.s          f16, f16, f7, f17   f16=xxxxxxxx f16:42297e76  f7:40fe97f4 f17:42d03a5a
18583894ns          330436 1c00869c 1066f353 fmul.s           f6, f13, f6          f6=xxxxxxxx f13:40fba772  f6:40f78a77
18583914ns          330437 1c0086a0 0c852883 lw               x17, 200(x10)       x17=3fee02d6 x10:1c010e50  PA:1c010f18
18584213ns          330452 1c0086a4 0147a383 lw               x7, 20(x15)          x7=40e12778 x15:1c010958  PA:1c01096c
18584511ns          330467 1c0086a8 80837343 fmadd.s          f6, f6, f8, f16      f6=xxxxxxxx  f6:427356ac  f8:409ead56 f16:43dc9eab
18584531ns          330468 1c0086ac 1116f8d3 fmul.s           f17, f13, f17       f17=xxxxxxxx f13:40fba772 f17:3fee02d6
18584551ns          330469 1c0086b0 0f052803 lw               x16, 240(x10)       x16=3f5add21 x10:1c010e50  PA:1c010f40
18584849ns          330484 1c0086b4 0187a403 lw               x8, 24(x15)          x8=4054f963 x15:1c010958  PA:1c010970
18585147ns          330499 1c0086b6 3078f8c3 fmadd.s          f17, f17, f7, f6    f17=xxxxxxxx f17:4169f876  f7:40e12778  f6:4439b976
18585167ns          330500 1c0086ba 1106f853 fmul.s           f16, f13, f16       f16=xxxxxxxx f13:40fba772 f16:3f5add21
18585187ns          330501 1c0086be 11852303 lw               x6, 280(x10)         x6=40663968 x10:1c010e50  PA:1c010f68
18585486ns          330516 1c0086c2 01c7a383 lw               x7, 28(x15)          x7=4050f13b x15:1c010958  PA:1c010974
18585784ns          330531 1c0086c6 88887843 fmadd.s          f16, f16, f8, f17   f16=xxxxxxxx f16:40d725f7  f8:4054f963 f17:44537264
18585804ns          330532 1c0086ca 1066f353 fmul.s           f6, f13, f6          f6=xxxxxxxx f13:40fba772  f6:40663968
18585824ns          330533 1c0086ce 14052883 lw               x17, 320(x10)       x17=406de7b7 x10:1c010e50  PA:1c010f90
18586122ns          330548 1c0086d2 0207a403 lw               x8, 32(x15)          x8=40904b8b x15:1c010958  PA:1c010978
18586420ns          330563 1c0086d4 80737343 fmadd.s          f6, f6, f7, f16      f6=xxxxxxxx  f6:41e250df  f7:4050f13b f16:44590a4c
18586440ns          330564 1c0086d8 1116f8d3 fmul.s           f17, f13, f17       f17=xxxxxxxx f13:40fba772 f17:406de7b7
18586460ns          330565 1c0086dc 16852803 lw               x16, 360(x10)       x16=4097acfc x10:1c010e50  PA:1c010fb8
18586759ns          330580 1c0086e0 0247a383 lw               x7, 36(x15)          x7=40906e67 x15:1c010958  PA:1c01097c
18587057ns          330595 1c0086e4 3088f8c3 fmadd.s          f17, f17, f8, f6    f17=xxxxxxxx f17:41e9ddcd  f8:40904b8b  f6:4470212b
18587077ns          330596 1c0086e8 1106f853 fmul.s           f16, f13, f16       f16=xxxxxxxx f13:40fba772 f16:4097acfc
18587097ns          330597 1c0086ec 000ea303 lw               x6, 0(x29)           x6=40f382a9 x29:10000fe0  PA:10000fe0
18587117ns          330598 1c0086f0 02878793 addi             x15, x15, 40        x15=1c010980 x15:1c010958
18587137ns          330599 1c0086f4 88787843 fmadd.s          f16, f16, f7, f17   f16=xxxxxxxx f16:421519d0  f7:40906e67 f17:44888ace
18587156ns          330600 1c0086f8 80e37843 fmadd.s          f16, f6, f14, f16   f16=xxxxxxxx  f6:40f382a9 f14:41063542 f16:449d9283
18587176ns          330601 1c0086fc 030ea42b p.sw             x16, 40(x29!)       x29=10001008 x16:44a58d14 x29:10000fe0  PA:10000fe0
18587196ns          330602 1c008700 00460613 addi             x12, x12, 4         x12=10000e7c x12:10000e78
18587216ns          330603 1c008702 00450513 addi             x10, x10, 4         x10=1c010e54 x10:1c010e50
18587256ns          330605 1c008632 40b28e33 sub              x28, x5, x11        x28=00000190  x5:1c010980 x11:1c0107f0
18587276ns          330606 1c008636 fd8e0e13 addi             x28, x28, -40       x28=00000168 x28:00000190
18587296ns          330607 1c00863a 0cccd7b7 lui              x15, 0xcccd000      x15=0cccd000
18587316ns          330608 1c00863e ccd78793 addi             x15, x15, -819      x15=0ccccccd x15:0cccd000
18587335ns          330609 1c008642 003e5e13 srli             x28, x28, 0x3       x28=0000002d x28:00000168
18587355ns          330610 1c008646 02fe0e33 mul              x28, x28, x15       x28=40000009 x28:0000002d x15:0ccccccd
18587375ns          330611 1c00864a c5de3e33 p.bclr           x28, x28, 2, 29     x28=00000009 x28:40000009
18587395ns          330612 1c00864e 00b007b3 add              x15, x0, x11        x15=1c0107f0 x11:1c0107f0
18587415ns          330613 1c008650 00c00eb3 add              x29, x0, x12        x29=10000e7c x12:10000e7c
18587435ns          330614 1c008652 001e0e13 addi             x28, x28, 1         x28=0000000a x28:00000009
18587455ns          330615 1c008654 054e40fb lp.setup         0x1, x28, 0x54      x28:0000000a
18587475ns          330616 1c008658 00052803 lw               x16, 0(x10)         x16=3fa2d874 x10:1c010e54  PA:1c010e54
18587773ns          330631 1c00865c 0007a883 lw               x17, 0(x15)         x17=40c92fdf x15:1c0107f0  PA:1c0107f0
18588071ns          330646 1c008660 1106f853 fmul.s           f16, f13, f16       f16=xxxxxxxx f13:40fba772 f16:3fa2d874
18588091ns          330647 1c008664 02852303 lw               x6, 40(x10)          x6=40c13363 x10:1c010e54  PA:1c010e7c
18588390ns          330662 1c008668 0047a383 lw               x7, 4(x15)           x7=4042e596 x15:1c0107f0  PA:1c0107f4
18588708ns          330678 1c00866c f1187843 fmadd.s          f16, f16, f17, f30  f16=xxxxxxxx f16:412014bd f17:40c92fdf f30:00000000
18588728ns          330679 1c008670 1066f353 fmul.s           f6, f13, f6          f6=xxxxxxxx f13:40fba772  f6:40c13363
18588748ns          330680 1c008674 05052883 lw               x17, 80(x10)        x17=3ef8556c x10:1c010e54  PA:1c010ea4
18589046ns          330695 1c008678 0087a403 lw               x8, 8(x15)           x8=3feabde7 x15:1c0107f0  PA:1c0107f8
18589344ns          330710 1c00867a 80737343 fmadd.s          f6, f6, f7, f16      f6=xxxxxxxx  f6:423debc1  f7:4042e596 f16:427b9c6f
18589364ns          330711 1c00867e 1116f8d3 fmul.s           f17, f13, f17       f17=xxxxxxxx f13:40fba772 f17:3ef8556c
18589384ns          330712 1c008682 07852803 lw               x16, 120(x10)       x16=40c9bdf1 x10:1c010e54  PA:1c010ecc
18589683ns          330727 1c008686 00c7a383 lw               x7, 12(x15)          x7=40d34100 x15:1c0107f0  PA:1c0107fc
18590001ns          330743 1c00868a 3088f8c3 fmadd.s          f17, f17, f8, f6    f17=xxxxxxxx f17:40741e2f  f8:3feabde7  f6:434f7e17
18590021ns          330744 1c00868e 1106f853 fmul.s           f16, f13, f16       f16=xxxxxxxx f13:40fba772 f16:40c9bdf1
18590041ns          330745 1c008692 0a052303 lw               x6, 160(x10)         x6=4076f23f x10:1c010e54  PA:1c010ef4
18590339ns          330760 1c008696 0107a403 lw               x8, 16(x15)          x8=3f85525e x15:1c0107f0  PA:1c010800
18590637ns          330775 1c008698 88787843 fmadd.s          f16, f16, f7, f17   f16=xxxxxxxx f16:42465130  f7:40d34100 f17:43567cdc
18590657ns          330776 1c00869c 1066f353 fmul.s           f6, f13, f6          f6=xxxxxxxx f13:40fba772  f6:4076f23f
18590677ns          330777 1c0086a0 0c852883 lw               x17, 200(x10)       x17=40f615a0 x10:1c010e54  PA:1c010f1c
18590975ns          330792 1c0086a4 0147a383 lw               x7, 20(x15)          x7=403c1513 x15:1c0107f0  PA:1c010804
18591294ns          330808 1c0086a8 80837343 fmadd.s          f6, f6, f8, f16      f6=xxxxxxxx  f6:41f2c10a  f8:3f85525e f16:440772da
18591314ns          330809 1c0086ac 1116f8d3 fmul.s           f17, f13, f17       f17=xxxxxxxx f13:40fba772 f17:40f615a0
18591333ns          330810 1c0086b0 0f052803 lw               x16, 240(x10)       x16=40c1e1b7 x10:1c010e54  PA:1c010f44
18591632ns          330825 1c0086b4 0187a403 lw               x8, 24(x15)          x8=40c53516 x15:1c0107f0  PA:1c010808
18591930ns          330840 1c0086b6 3078f8c3 fmadd.s          f17, f17, f7, f6    f17=xxxxxxxx f17:4271e82a  f7:403c1513  f6:440f59a0
18591950ns          330841 1c0086ba 1106f853 fmul.s           f16, f13, f16       f16=xxxxxxxx f13:40fba772 f16:40c1e1b7
18591970ns          330842 1c0086be 11852303 lw               x6, 280(x10)         x6=410315cd x10:1c010e54  PA:1c010f6c
18592268ns          330857 1c0086c2 01c7a383 lw               x7, 28(x15)          x7=3f94ed63 x15:1c0107f0  PA:1c01080c
18592567ns          330872 1c0086c6 88887843 fmadd.s          f16, f16, f8, f17   f16=xxxxxxxx f16:423e971f  f8:40c53516 f17:443bc83a
18592587ns          330873 1c0086ca 1066f353 fmul.s           f6, f13, f6          f6=xxxxxxxx f13:40fba772  f6:410315cd
18592606ns          330874 1c0086ce 14052883 lw               x17, 320(x10)       x17=40001af6 x10:1c010e54  PA:1c010f94
18592905ns          330889 1c0086d2 0207a403 lw               x8, 32(x15)          x8=3f2ec91c x15:1c0107f0  PA:1c010810
18593203ns          330904 1c0086d4 80737343 fmadd.s          f6, f6, f7, f16      f6=xxxxxxxx  f6:4280dc1e  f7:3f94ed63 f16:44829891
18593223ns          330905 1c0086d8 1116f8d3 fmul.s           f17, f13, f17       f17=xxxxxxxx f13:40fba772 f17:40001af6
18593243ns          330906 1c0086dc 16852803 lw               x16, 360(x10)       x16=400515e7 x10:1c010e54  PA:1c010fbc
18593541ns          330921 1c0086e0 0247a383 lw               x7, 36(x15)          x7=40e4781f x15:1c0107f0  PA:1c010814
18593840ns          330936 1c0086e4 3088f8c3 fmadd.s          f17, f17, f8, f6    f17=xxxxxxxx f17:417bdc74  f8:3f2ec91c  f6:448bf769
18593860ns          330937 1c0086e8 1106f853 fmul.s           f16, f13, f16       f16=xxxxxxxx f13:40fba772 f16:400515e7
18593879ns          330938 1c0086ec 000ea303 lw               x6, 0(x29)           x6=4011c9bb x29:10000e7c  PA:10000e7c
18593899ns          330939 1c0086f0 02878793 addi             x15, x15, 40        x15=1c010818 x15:1c0107f0
18593919ns          330940 1c0086f4 88787843 fmadd.s          f16, f16, f7, f17   f16=xxxxxxxx f16:4182d386  f7:40e4781f f17:448d4f54
18593939ns          330941 1c0086f8 80e37843 fmadd.s          f16, f6, f14, f16   f16=xxxxxxxx  f6:4011c9bb f14:41063542 f16:449be78d
18593959ns          330942 1c0086fc 030ea42b p.sw             x16, 40(x29!)       x29=10000ea4 x16:449e4afc x29:10000e7c  PA:10000e7c
18593979ns          330943 1c008658 00052803 lw               x16, 0(x10)         x16=3fa2d874 x10:1c010e54  PA:1c010e54
18594277ns          330958 1c00865c 0007a883 lw               x17, 0(x15)         x17=3f272773 x15:1c010818  PA:1c010818
18594576ns          330973 1c008660 1106f853 fmul.s           f16, f13, f16       f16=xxxxxxxx f13:40fba772 f16:3fa2d874
18594596ns          330974 1c008664 02852303 lw               x6, 40(x10)          x6=40c13363 x10:1c010e54  PA:1c010e7c
18594894ns          330989 1c008668 0047a383 lw               x7, 4(x15)           x7=40fbcae6 x15:1c010818  PA:1c01081c
18595192ns          331004 1c00866c f1187843 fmadd.s          f16, f16, f17, f30  f16=xxxxxxxx f16:412014bd f17:3f272773 f30:00000000
18595212ns          331005 1c008670 1066f353 fmul.s           f6, f13, f6          f6=xxxxxxxx f13:40fba772  f6:40c13363
18595232ns          331006 1c008674 05052883 lw               x17, 80(x10)        x17=3ef8556c x10:1c010e54  PA:1c010ea4
18595530ns          331021 1c008678 0087a403 lw               x8, 8(x15)           x8=3da795cc x15:1c010818  PA:1c010820
18595829ns          331036 1c00867a 80737343 fmadd.s          f6, f6, f7, f16      f6=xxxxxxxx  f6:423debc1  f7:40fbcae6 f16:40d10c65
18595849ns          331037 1c00867e 1116f8d3 fmul.s           f17, f13, f17       f17=xxxxxxxx f13:40fba772 f17:3ef8556c
18595869ns          331038 1c008682 07852803 lw               x16, 120(x10)       x16=40c9bdf1 x10:1c010e54  PA:1c010ecc
18596167ns          331053 1c008686 00c7a383 lw               x7, 12(x15)          x7=410c9940 x15:1c010818  PA:1c010824
18596465ns          331068 1c00868a 3088f8c3 fmadd.s          f17, f17, f8, f6    f17=xxxxxxxx f17:40741e2f  f8:3da795cc  f6:43be10de
18596485ns          331069 1c00868e 1106f853 fmul.s           f16, f13, f16       f16=xxxxxxxx f13:40fba772 f16:40c9bdf1
18596505ns          331070 1c008692 0a052303 lw               x6, 160(x10)         x6=4076f23f x10:1c010e54  PA:1c010ef4
18596803ns          331085 1c008696 0107a403 lw               x8, 16(x15)          x8=3f901a6a x15:1c010818  PA:1c010828
18597102ns          331100 1c008698 88787843 fmadd.s          f16, f16, f7, f17   f16=xxxxxxxx f16:42465130  f7:410c9940 f17:43be38d2
18597122ns          331101 1c00869c 1066f353 fmul.s           f6, f13, f6          f6=xxxxxxxx f13:40fba772  f6:4076f23f
18597142ns          331102 1c0086a0 0c852883 lw               x17, 200(x10)       x17=40f615a0 x10:1c010e54  PA:1c010f1c
18597440ns          331117 1c0086a4 0147a383 lw               x7, 20(x15)          x7=3f9e8be7 x15:1c010818  PA:1c01082c
18597738ns          331132 1c0086a8 80837343 fmadd.s          f6, f6, f8, f16      f6=xxxxxxxx  f6:41f2c10a  f8:3f901a6a f16:444c0787
18597758ns          331133 1c0086ac 1116f8d3 fmul.s           f17, f13, f17       f17=xxxxxxxx f13:40fba772 f17:40f615a0
18597778ns          331134 1c0086b0 0f052803 lw               x16, 240(x10)       x16=40c1e1b7 x10:1c010e54  PA:1c010f44
18598076ns          331149 1c0086b4 0187a403 lw               x8, 24(x15)          x8=4103c6ee x15:1c010818  PA:1c010830
18598395ns          331165 1c0086b6 3078f8c3 fmadd.s          f17, f17, f7, f6    f17=xxxxxxxx f17:4271e82a  f7:3f9e8be7  f6:445491e1
18598415ns          331166 1c0086ba 1106f853 fmul.s           f16, f13, f16       f16=xxxxxxxx f13:40fba772 f16:40c1e1b7
18598434ns          331167 1c0086be 11852303 lw               x6, 280(x10)         x6=410315cd x10:1c010e54  PA:1c010f6c
18598733ns          331182 1c0086c2 01c7a383 lw               x7, 28(x15)          x7=408d0c20 x15:1c010818  PA:1c010834
18599031ns          331197 1c0086c6 88887843 fmadd.s          f16, f16, f8, f17   f16=xxxxxxxx f16:423e971f  f8:4103c6ee f17:44674c11
18599051ns          331198 1c0086ca 1066f353 fmul.s           f6, f13, f6          f6=xxxxxxxx f13:40fba772  f6:410315cd
18599071ns          331199 1c0086ce 14052883 lw               x17, 320(x10)       x17=40001af6 x10:1c010e54  PA:1c010f94
18599389ns          331215 1c0086d2 0207a403 lw               x8, 32(x15)          x8=4067c495 x15:1c010818  PA:1c010838
18599688ns          331230 1c0086d4 80737343 fmadd.s          f6, f6, f7, f16      f6=xxxxxxxx  f6:4280dc1e  f7:408d0c20 f16:44a4b3c0
18599707ns          331231 1c0086d8 1116f8d3 fmul.s           f17, f13, f17       f17=xxxxxxxx f13:40fba772 f17:40001af6
18599727ns          331232 1c0086dc 16852803 lw               x16, 360(x10)       x16=400515e7 x10:1c010e54  PA:1c010fbc
18600026ns          331247 1c0086e0 0247a383 lw               x7, 36(x15)          x7=409f3d2d x15:1c010818  PA:1c01083c
18600324ns          331262 1c0086e4 3088f8c3 fmadd.s          f17, f17, f8, f6    f17=xxxxxxxx f17:417bdc74  f8:4067c495  f6:44c8336b
18600344ns          331263 1c0086e8 1106f853 fmul.s           f16, f13, f16       f16=xxxxxxxx f13:40fba772 f16:400515e7
18600364ns          331264 1c0086ec 000ea303 lw               x6, 0(x29)           x6=3f80faad x29:10000ea4  PA:10000ea4
18600384ns          331265 1c0086f0 02878793 addi             x15, x15, 40        x15=1c010840 x15:1c010818
18600404ns          331266 1c0086f4 88787843 fmadd.s          f16, f16, f7, f17   f16=xxxxxxxx f16:4182d386  f7:409f3d2d f17:44cf5396
18600424ns          331267 1c0086f8 80e37843 fmadd.s          f16, f6, f14, f16   f16=xxxxxxxx  f6:3f80faad f14:41063542 f16:44d97faa
18600443ns          331268 1c0086fc 030ea42b p.sw             x16, 40(x29!)       x29=10000ecc x16:44da8e22 x29:10000ea4  PA:10000ea4
18600463ns          331269 1c008658 00052803 lw               x16, 0(x10)         x16=3fa2d874 x10:1c010e54  PA:1c010e54
18600762ns          331284 1c00865c 0007a883 lw               x17, 0(x15)         x17=3f5d3e32 x15:1c010840  PA:1c010840
18601080ns          331300 1c008660 1106f853 fmul.s           f16, f13, f16       f16=xxxxxxxx f13:40fba772 f16:3fa2d874
18601100ns          331301 1c008664 02852303 lw               x6, 40(x10)          x6=40c13363 x10:1c010e54  PA:1c010e7c
18601398ns          331316 1c008668 0047a383 lw               x7, 4(x15)           x7=3fb23088 x15:1c010840  PA:1c010844
18601697ns          331331 1c00866c f1187843 fmadd.s          f16, f16, f17, f30  f16=xxxxxxxx f16:412014bd f17:3f5d3e32 f30:00000000
18601716ns          331332 1c008670 1066f353 fmul.s           f6, f13, f6          f6=xxxxxxxx f13:40fba772  f6:40c13363
18601736ns          331333 1c008674 05052883 lw               x17, 80(x10)        x17=3ef8556c x10:1c010e54  PA:1c010ea4
18602055ns          331349 1c008678 0087a403 lw               x8, 8(x15)           x8=40868824 x15:1c010840  PA:1c010848
18602353ns          331364 1c00867a 80737343 fmadd.s          f6, f6, f7, f16      f6=xxxxxxxx  f6:423debc1  f7:3fb23088 f16:410a58cb
18602373ns          331365 1c00867e 1116f8d3 fmul.s           f17, f13, f17       f17=xxxxxxxx f13:40fba772 f17:3ef8556c
18602393ns          331366 1c008682 07852803 lw               x16, 120(x10)       x16=40c9bdf1 x10:1c010e54  PA:1c010ecc
18602691ns          331381 1c008686 00c7a383 lw               x7, 12(x15)          x7=40118528 x15:1c010840  PA:1c01084c
18602989ns          331396 1c00868a 3088f8c3 fmadd.s          f17, f17, f8, f6    f17=xxxxxxxx f17:40741e2f  f8:40868824  f6:42957d07
18603009ns          331397 1c00868e 1106f853 fmul.s           f16, f13, f16       f16=xxxxxxxx f13:40fba772 f16:40c9bdf1
18603029ns          331398 1c008692 0a052303 lw               x6, 160(x10)         x6=4076f23f x10:1c010e54  PA:1c010ef4
18603347ns          331414 1c008696 0107a403 lw               x8, 16(x15)          x8=40f2255b x15:1c010840  PA:1c010850
18603646ns          331429 1c008698 88787843 fmadd.s          f16, f16, f7, f17   f16=xxxxxxxx f16:42465130  f7:40118528 f17:42b58f6f
18603666ns          331430 1c00869c 1066f353 fmul.s           f6, f13, f6          f6=xxxxxxxx f13:40fba772  f6:4076f23f
18603686ns          331431 1c0086a0 0c852883 lw               x17, 200(x10)       x17=40f615a0 x10:1c010e54  PA:1c010f1c
18603984ns          331446 1c0086a4 0147a383 lw               x7, 20(x15)          x7=410d9210 x15:1c010840  PA:1c010854
18604282ns          331461 1c0086a8 80837343 fmadd.s          f6, f6, f8, f16      f6=xxxxxxxx  f6:41f2c10a  f8:40f2255b f16:434b82db
18604302ns          331462 1c0086ac 1116f8d3 fmul.s           f17, f13, f17       f17=xxxxxxxx f13:40fba772 f17:40f615a0
18604322ns          331463 1c0086b0 0f052803 lw               x16, 240(x10)       x16=40c1e1b7 x10:1c010e54  PA:1c010f44
18604640ns          331479 1c0086b4 0187a403 lw               x8, 24(x15)          x8=404f08ae x15:1c010840  PA:1c010858
18604939ns          331494 1c0086b6 3078f8c3 fmadd.s          f17, f17, f7, f6    f17=xxxxxxxx f17:4271e82a  f7:410d9210  f6:43d89061
18604959ns          331495 1c0086ba 1106f853 fmul.s           f16, f13, f16       f16=xxxxxxxx f13:40fba772 f16:40c1e1b7
18604979ns          331496 1c0086be 11852303 lw               x6, 280(x10)         x6=410315cd x10:1c010e54  PA:1c010f6c
18605277ns          331511 1c0086c2 01c7a383 lw               x7, 28(x15)          x7=40856e55 x15:1c010840  PA:1c01085c
18605575ns          331526 1c0086c6 88887843 fmadd.s          f16, f16, f8, f17   f16=xxxxxxxx f16:423e971f  f8:404f08ae f17:44720f15
18605595ns          331527 1c0086ca 1066f353 fmul.s           f6, f13, f6          f6=xxxxxxxx f13:40fba772  f6:410315cd
18605615ns          331528 1c0086ce 14052883 lw               x17, 320(x10)       x17=40001af6 x10:1c010e54  PA:1c010f94
18605933ns          331544 1c0086d2 0207a403 lw               x8, 32(x15)          x8=40ad535a x15:1c010840  PA:1c010860
18606232ns          331559 1c0086d4 80737343 fmadd.s          f6, f6, f7, f16      f6=xxxxxxxx  f6:4280dc1e  f7:40856e55 f16:448c4be0
18606252ns          331560 1c0086d8 1116f8d3 fmul.s           f17, f13, f17       f17=xxxxxxxx f13:40fba772 f17:40001af6
18606271ns          331561 1c0086dc 16852803 lw               x16, 360(x10)       x16=400515e7 x10:1c010e54  PA:1c010fbc
18606570ns          331576 1c0086e0 0247a383 lw               x7, 36(x15)          x7=40c3d18a x15:1c010840  PA:1c010864
18606868ns          331591 1c0086e4 3088f8c3 fmadd.s          f17, f17, f8, f6    f17=xxxxxxxx f17:417bdc74  f8:40ad535a  f6:44ade0d2
18606888ns          331592 1c0086e8 1106f853 fmul.s           f16, f13, f16       f16=xxxxxxxx f13:40fba772 f16:400515e7
18606908ns          331593 1c0086ec 000ea303 lw               x6, 0(x29)           x6=40b6357c x29:10000ecc  PA:10000ecc
18606928ns          331594 1c0086f0 02878793 addi             x15, x15, 40        x15=1c010868 x15:1c010840
18606948ns          331595 1c0086f4 88787843 fmadd.s          f16, f16, f7, f17   f16=xxxxxxxx f16:4182d386  f7:40c3d18a f17:44b88932
18606968ns          331596 1c0086f8 80e37843 fmadd.s          f16, f6, f14, f16   f16=xxxxxxxx  f6:40b6357c f14:41063542 f16:44c50b79
18606987ns          331597 1c0086fc 030ea42b p.sw             x16, 40(x29!)       x29=10000ef4 x16:44cb03d7 x29:10000ecc  PA:10000ecc
18607007ns          331598 1c008658 00052803 lw               x16, 0(x10)         x16=3fa2d874 x10:1c010e54  PA:1c010e54
18607326ns          331614 1c00865c 0007a883 lw               x17, 0(x15)         x17=406f2a46 x15:1c010868  PA:1c010868
18607624ns          331629 1c008660 1106f853 fmul.s           f16, f13, f16       f16=xxxxxxxx f13:40fba772 f16:3fa2d874
18607644ns          331630 1c008664 02852303 lw               x6, 40(x10)          x6=40c13363 x10:1c010e54  PA:1c010e7c
18607942ns          331645 1c008668 0047a383 lw               x7, 4(x15)           x7=3dd5cc68 x15:1c010868  PA:1c01086c
18608241ns          331660 1c00866c f1187843 fmadd.s          f16, f16, f17, f30  f16=xxxxxxxx f16:412014bd f17:406f2a46 f30:00000000
18608260ns          331661 1c008670 1066f353 fmul.s           f6, f13, f6          f6=xxxxxxxx f13:40fba772  f6:40c13363
18608280ns          331662 1c008674 05052883 lw               x17, 80(x10)        x17=3ef8556c x10:1c010e54  PA:1c010ea4
18608599ns          331678 1c008678 0087a403 lw               x8, 8(x15)           x8=3f3e56f1 x15:1c010868  PA:1c010870
18608897ns          331693 1c00867a 80737343 fmadd.s          f6, f6, f7, f16      f6=xxxxxxxx  f6:423debc1  f7:3dd5cc68 f16:42158dcc
18608917ns          331694 1c00867e 1116f8d3 fmul.s           f17, f13, f17       f17=xxxxxxxx f13:40fba772 f17:3ef8556c
18608937ns          331695 1c008682 07852803 lw               x16, 120(x10)       x16=40c9bdf1 x10:1c010e54  PA:1c010ecc
18609235ns          331710 1c008686 00c7a383 lw               x7, 12(x15)          x7=3fa5c9e3 x15:1c010868  PA:1c010874
18609533ns          331725 1c00868a 3088f8c3 fmadd.s          f17, f17, f8, f6    f17=xxxxxxxx f17:40741e2f  f8:3f3e56f1  f6:42296166
18609553ns          331726 1c00868e 1106f853 fmul.s           f16, f13, f16       f16=xxxxxxxx f13:40fba772 f16:40c9bdf1
18609573ns          331727 1c008692 0a052303 lw               x6, 160(x10)         x6=4076f23f x10:1c010e54  PA:1c010ef4
18609872ns          331742 1c008696 0107a403 lw               x8, 16(x15)          x8=3f2ad00d x15:1c010868  PA:1c010878
18610170ns          331757 1c008698 88787843 fmadd.s          f16, f16, f7, f17   f16=xxxxxxxx f16:42465130  f7:3fa5c9e3 f17:4234b97b
18610190ns          331758 1c00869c 1066f353 fmul.s           f6, f13, f6          f6=xxxxxxxx f13:40fba772  f6:4076f23f
18610210ns          331759 1c0086a0 0c852883 lw               x17, 200(x10)       x17=40f615a0 x10:1c010e54  PA:1c010f1c
18610508ns          331774 1c0086a4 0147a383 lw               x7, 20(x15)          x7=4113cf5d x15:1c010868  PA:1c01087c
18610807ns          331789 1c0086a8 80837343 fmadd.s          f6, f6, f8, f16      f6=xxxxxxxx  f6:41f2c10a  f8:3f2ad00d f16:42dacb77
18610826ns          331790 1c0086ac 1116f8d3 fmul.s           f17, f13, f17       f17=xxxxxxxx f13:40fba772 f17:40f615a0
18610846ns          331791 1c0086b0 0f052803 lw               x16, 240(x10)       x16=40c1e1b7 x10:1c010e54  PA:1c010f44
18611145ns          331806 1c0086b4 0187a403 lw               x8, 24(x15)          x8=4028cf98 x15:1c010868  PA:1c010880
18611443ns          331821 1c0086b6 3078f8c3 fmadd.s          f17, f17, f7, f6    f17=xxxxxxxx f17:4271e82a  f7:4113cf5d  f6:4301a4eb
18611463ns          331822 1c0086ba 1106f853 fmul.s           f16, f13, f16       f16=xxxxxxxx f13:40fba772 f16:40c1e1b7
18611483ns          331823 1c0086be 11852303 lw               x6, 280(x10)         x6=410315cd x10:1c010e54  PA:1c010f6c
18611781ns          331838 1c0086c2 01c7a383 lw               x7, 28(x15)          x7=3fa13eed x15:1c010868  PA:1c010884
18612080ns          331853 1c0086c6 88887843 fmadd.s          f16, f16, f8, f17   f16=xxxxxxxx f16:423e971f  f8:4028cf98 f17:442c157d
18612099ns          331854 1c0086ca 1066f353 fmul.s           f6, f13, f6          f6=xxxxxxxx f13:40fba772  f6:410315cd
18612119ns          331855 1c0086ce 14052883 lw               x17, 320(x10)       x17=40001af6 x10:1c010e54  PA:1c010f94
18612418ns          331870 1c0086d2 0207a403 lw               x8, 32(x15)          x8=40a9fcb3 x15:1c010868  PA:1c010888
18612716ns          331885 1c0086d4 80737343 fmadd.s          f6, f6, f7, f16      f6=xxxxxxxx  f6:4280dc1e  f7:3fa13eed f16:444b80eb
18612736ns          331886 1c0086d8 1116f8d3 fmul.s           f17, f13, f17       f17=xxxxxxxx f13:40fba772 f17:40001af6
18612756ns          331887 1c0086dc 16852803 lw               x16, 360(x10)       x16=400515e7 x10:1c010e54  PA:1c010fbc
18613054ns          331902 1c0086e0 0247a383 lw               x7, 36(x15)          x7=40bdf671 x15:1c010868  PA:1c01088c
18613353ns          331917 1c0086e4 3088f8c3 fmadd.s          f17, f17, f8, f6    f17=xxxxxxxx f17:417bdc74  f8:40a9fcb3  f6:445fcb72
18613372ns          331918 1c0086e8 1106f853 fmul.s           f16, f13, f16       f16=xxxxxxxx f13:40fba772 f16:400515e7
18613392ns          331919 1c0086ec 000ea303 lw               x6, 0(x29)           x6=40a7b4de x29:10000ef4  PA:10000ef4
18613412ns          331920 1c0086f0 02878793 addi             x15, x15, 40        x15=1c010890 x15:1c010868
18613432ns          331921 1c0086f4 88787843 fmadd.s          f16, f16, f7, f17   f16=xxxxxxxx f16:4182d386  f7:40bdf671 f17:4474b317
18613452ns          331922 1c0086f8 80e37843 fmadd.s          f16, f6, f14, f16   f16=xxxxxxxx  f6:40a7b4de f14:41063542 f16:44867c0f
18613472ns          331923 1c0086fc 030ea42b p.sw             x16, 40(x29!)       x29=10000f1c x16:448bfac8 x29:10000ef4  PA:10000ef4
18613492ns          331924 1c008658 00052803 lw               x16, 0(x10)         x16=3fa2d874 x10:1c010e54  PA:1c010e54
18613790ns          331939 1c00865c 0007a883 lw               x17, 0(x15)         x17=4119a00a x15:1c010890  PA:1c010890
18614088ns          331954 1c008660 1106f853 fmul.s           f16, f13, f16       f16=xxxxxxxx f13:40fba772 f16:3fa2d874
18614108ns          331955 1c008664 02852303 lw               x6, 40(x10)          x6=40c13363 x10:1c010e54  PA:1c010e7c
18614407ns          331970 1c008668 0047a383 lw               x7, 4(x15)           x7=40642f0b x15:1c010890  PA:1c010894
18614705ns          331985 1c00866c f1187843 fmadd.s          f16, f16, f17, f30  f16=xxxxxxxx f16:412014bd f17:4119a00a f30:00000000
18614725ns          331986 1c008670 1066f353 fmul.s           f6, f13, f6          f6=xxxxxxxx f13:40fba772  f6:40c13363
18614745ns          331987 1c008674 05052883 lw               x17, 80(x10)        x17=3ef8556c x10:1c010e54  PA:1c010ea4
18615043ns          332002 1c008678 0087a403 lw               x8, 8(x15)           x8=40ede3a4 x15:1c010890  PA:1c010898
18615361ns          332018 1c00867a 80737343 fmadd.s          f6, f6, f7, f16      f6=xxxxxxxx  f6:423debc1  f7:40642f0b f16:42c020f0
18615381ns          332019 1c00867e 1116f8d3 fmul.s           f17, f13, f17       f17=xxxxxxxx f13:40fba772 f17:3ef8556c
18615401ns          332020 1c008682 07852803 lw               x16, 120(x10)       x16=40c9bdf1 x10:1c010e54  PA:1c010ecc
18615700ns          332035 1c008686 00c7a383 lw               x7, 12(x15)          x7=3f84672f x15:1c010890  PA:1c01089c
18615998ns          332050 1c00868a 3088f8c3 fmadd.s          f17, f17, f8, f6    f17=xxxxxxxx f17:40741e2f  f8:40ede3a4  f6:4384acab
18616018ns          332051 1c00868e 1106f853 fmul.s           f16, f13, f16       f16=xxxxxxxx f13:40fba772 f16:40c9bdf1
18616038ns          332052 1c008692 0a052303 lw               x6, 160(x10)         x6=4076f23f x10:1c010e54  PA:1c010ef4
18616336ns          332067 1c008696 0107a403 lw               x8, 16(x15)          x8=40854cea x15:1c010890  PA:1c0108a0
18616654ns          332083 1c008698 88787843 fmadd.s          f16, f16, f7, f17   f16=xxxxxxxx f16:42465130  f7:3f84672f f17:4392da3b
18616674ns          332084 1c00869c 1066f353 fmul.s           f6, f13, f6          f6=xxxxxxxx f13:40fba772  f6:4076f23f
18616694ns          332085 1c0086a0 0c852883 lw               x17, 200(x10)       x17=40f615a0 x10:1c010e54  PA:1c010f1c
18616993ns          332100 1c0086a4 0147a383 lw               x7, 20(x15)          x7=4100bd62 x15:1c010890  PA:1c0108a4
18617291ns          332115 1c0086a8 80837343 fmadd.s          f6, f6, f8, f16      f6=xxxxxxxx  f6:41f2c10a  f8:40854cea f16:43ac7eae
18617311ns          332116 1c0086ac 1116f8d3 fmul.s           f17, f13, f17       f17=xxxxxxxx f13:40fba772 f17:40f615a0
18617331ns          332117 1c0086b0 0f052803 lw               x16, 240(x10)       x16=40c1e1b7 x10:1c010e54  PA:1c010f44
18617629ns          332132 1c0086b4 0187a403 lw               x8, 24(x15)          x8=4079a1a7 x15:1c010890  PA:1c0108a8
18617947ns          332148 1c0086b6 3078f8c3 fmadd.s          f17, f17, f7, f6    f17=xxxxxxxx f17:4271e82a  f7:4100bd62  f6:43ebb24b
18617967ns          332149 1c0086ba 1106f853 fmul.s           f16, f13, f16       f16=xxxxxxxx f13:40fba772 f16:40c1e1b7
18617987ns          332150 1c0086be 11852303 lw               x6, 280(x10)         x6=410315cd x10:1c010e54  PA:1c010f6c
18618285ns          332165 1c0086c2 01c7a383 lw               x7, 28(x15)          x7=40ac177a x15:1c010890  PA:1c0108ac
18618584ns          332180 1c0086c6 88887843 fmadd.s          f16, f16, f8, f17   f16=xxxxxxxx f16:423e971f  f8:4079a1a7 f17:446f8030
18618604ns          332181 1c0086ca 1066f353 fmul.s           f6, f13, f6          f6=xxxxxxxx f13:40fba772  f6:410315cd
18618624ns          332182 1c0086ce 14052883 lw               x17, 320(x10)       x17=40001af6 x10:1c010e54  PA:1c010f94
18618922ns          332197 1c0086d2 0207a403 lw               x8, 32(x15)          x8=411507cf x15:1c010890  PA:1c0108b0
18619240ns          332213 1c0086d4 80737343 fmadd.s          f6, f6, f7, f16      f6=xxxxxxxx  f6:4280dc1e  f7:40ac177a f16:448efb43
18619260ns          332214 1c0086d8 1116f8d3 fmul.s           f17, f13, f17       f17=xxxxxxxx f13:40fba772 f17:40001af6
18619280ns          332215 1c0086dc 16852803 lw               x16, 360(x10)       x16=400515e7 x10:1c010e54  PA:1c010fbc
18619578ns          332230 1c0086e0 0247a383 lw               x7, 36(x15)          x7=41055ac8 x15:1c010890  PA:1c0108b4
18619877ns          332245 1c0086e4 3088f8c3 fmadd.s          f17, f17, f8, f6    f17=xxxxxxxx f17:417bdc74  f8:411507cf  f6:44ba4b1e
18619897ns          332246 1c0086e8 1106f853 fmul.s           f16, f13, f16       f16=xxxxxxxx f13:40fba772 f16:400515e7
18619916ns          332247 1c0086ec 000ea303 lw               x6, 0(x29)           x6=40d5c29e x29:10000f1c  PA:10000f1c
18619936ns          332248 1c0086f0 02878793 addi             x15, x15, 40        x15=1c0108b8 x15:1c010890
18619956ns          332249 1c0086f4 88787843 fmadd.s          f16, f16, f7, f17   f16=xxxxxxxx f16:4182d386  f7:41055ac8 f17:44cc9efe
18619976ns          332250 1c0086f8 80e37843 fmadd.s          f16, f6, f14, f16   f16=xxxxxxxx  f6:40d5c29e f14:41063542 f16:44dda890
18619996ns          332251 1c0086fc 030ea42b p.sw             x16, 40(x29!)       x29=10000f44 x16:44e4a995 x29:10000f1c  PA:10000f1c
18620016ns          332252 1c008658 00052803 lw               x16, 0(x10)         x16=3fa2d874 x10:1c010e54  PA:1c010e54
18620314ns          332267 1c00865c 0007a883 lw               x17, 0(x15)         x17=401ca5ad x15:1c0108b8  PA:1c0108b8
18620633ns          332283 1c008660 1106f853 fmul.s           f16, f13, f16       f16=xxxxxxxx f13:40fba772 f16:3fa2d874
18620652ns          332284 1c008664 02852303 lw               x6, 40(x10)          x6=40c13363 x10:1c010e54  PA:1c010e7c
18620951ns          332299 1c008668 0047a383 lw               x7, 4(x15)           x7=4104807b x15:1c0108b8  PA:1c0108bc
18621249ns          332314 1c00866c f1187843 fmadd.s          f16, f16, f17, f30  f16=xxxxxxxx f16:412014bd f17:401ca5ad f30:00000000
18621269ns          332315 1c008670 1066f353 fmul.s           f6, f13, f6          f6=xxxxxxxx f13:40fba772  f6:40c13363
18621289ns          332316 1c008674 05052883 lw               x17, 80(x10)        x17=3ef8556c x10:1c010e54  PA:1c010ea4
18621587ns          332331 1c008678 0087a403 lw               x8, 8(x15)           x8=3fa0c982 x15:1c0108b8  PA:1c0108c0
18621906ns          332347 1c00867a 80737343 fmadd.s          f6, f6, f7, f16      f6=xxxxxxxx  f6:423debc1  f7:4104807b f16:41c3e879
18621925ns          332348 1c00867e 1116f8d3 fmul.s           f17, f13, f17       f17=xxxxxxxx f13:40fba772 f17:3ef8556c
18621945ns          332349 1c008682 07852803 lw               x16, 120(x10)       x16=40c9bdf1 x10:1c010e54  PA:1c010ecc
18622244ns          332364 1c008686 00c7a383 lw               x7, 12(x15)          x7=408f6bde x15:1c0108b8  PA:1c0108c4
18622542ns          332379 1c00868a 3088f8c3 fmadd.s          f17, f17, f8, f6    f17=xxxxxxxx f17:40741e2f  f8:3fa0c982  f6:43d0d849
18622562ns          332380 1c00868e 1106f853 fmul.s           f16, f13, f16       f16=xxxxxxxx f13:40fba772 f16:40c9bdf1
18622582ns          332381 1c008692 0a052303 lw               x6, 160(x10)         x6=4076f23f x10:1c010e54  PA:1c010ef4
18622880ns          332396 1c008696 0107a403 lw               x8, 16(x15)          x8=40843960 x15:1c0108b8  PA:1c0108c8
18623179ns          332411 1c008698 88787843 fmadd.s          f16, f16, f7, f17   f16=xxxxxxxx f16:42465130  f7:408f6bde f17:43d33d95
18623198ns          332412 1c00869c 1066f353 fmul.s           f6, f13, f6          f6=xxxxxxxx f13:40fba772  f6:4076f23f
18623218ns          332413 1c0086a0 0c852883 lw               x17, 200(x10)       x17=40f615a0 x10:1c010e54  PA:1c010f1c
18623517ns          332428 1c0086a4 0147a383 lw               x7, 20(x15)          x7=40ca1d6a x15:1c0108b8  PA:1c0108cc
18623815ns          332443 1c0086a8 80837343 fmadd.s          f6, f6, f8, f16      f6=xxxxxxxx  f6:41f2c10a  f8:40843960 f16:44212c3f
18623835ns          332444 1c0086ac 1116f8d3 fmul.s           f17, f13, f17       f17=xxxxxxxx f13:40fba772 f17:40f615a0
18623855ns          332445 1c0086b0 0f052803 lw               x16, 240(x10)       x16=40c1e1b7 x10:1c010e54  PA:1c010f44
18624153ns          332460 1c0086b4 0187a403 lw               x8, 24(x15)          x8=40329514 x15:1c0108b8  PA:1c0108d0
18624452ns          332475 1c0086b6 3078f8c3 fmadd.s          f17, f17, f7, f6    f17=xxxxxxxx f17:4271e82a  f7:40ca1d6a  f6:444084bb
18624471ns          332476 1c0086ba 1106f853 fmul.s           f16, f13, f16       f16=xxxxxxxx f13:40fba772 f16:40c1e1b7
18624491ns          332477 1c0086be 11852303 lw               x6, 280(x10)         x6=410315cd x10:1c010e54  PA:1c010f6c
18624790ns          332492 1c0086c2 01c7a383 lw               x7, 28(x15)          x7=41042b0b x15:1c0108b8  PA:1c0108d4
18625088ns          332507 1c0086c6 88887843 fmadd.s          f16, f16, f8, f17   f16=xxxxxxxx f16:423e971f  f8:40329514 f17:4490019d
18625108ns          332508 1c0086ca 1066f353 fmul.s           f6, f13, f6          f6=xxxxxxxx f13:40fba772  f6:410315cd
18625128ns          332509 1c0086ce 14052883 lw               x17, 320(x10)       x17=40001af6 x10:1c010e54  PA:1c010f94
18625426ns          332524 1c0086d2 0207a403 lw               x8, 32(x15)          x8=4116f4ed x15:1c0108b8  PA:1c0108d8
18625725ns          332539 1c0086d4 80737343 fmadd.s          f6, f6, f7, f16      f6=xxxxxxxx  f6:4280dc1e  f7:41042b0b f16:44a0a01f
18625744ns          332540 1c0086d8 1116f8d3 fmul.s           f17, f13, f17       f17=xxxxxxxx f13:40fba772 f17:40001af6
18625764ns          332541 1c0086dc 16852803 lw               x16, 360(x10)       x16=400515e7 x10:1c010e54  PA:1c010fbc
18626063ns          332556 1c0086e0 0247a383 lw               x7, 36(x15)          x7=40d1fecf x15:1c0108b8  PA:1c0108dc
18626361ns          332571 1c0086e4 3088f8c3 fmadd.s          f17, f17, f8, f6    f17=xxxxxxxx f17:417bdc74  f8:4116f4ed  f6:44e32749
18626381ns          332572 1c0086e8 1106f853 fmul.s           f16, f13, f16       f16=xxxxxxxx f13:40fba772 f16:400515e7
18626401ns          332573 1c0086ec 000ea303 lw               x6, 0(x29)           x6=41012a0e x29:10000f44  PA:10000f44
18626421ns          332574 1c0086f0 02878793 addi             x15, x15, 40        x15=1c0108e0 x15:1c0108b8
18626441ns          332575 1c0086f4 88787843 fmadd.s          f16, f16, f7, f17   f16=xxxxxxxx f16:4182d386  f7:40d1fecf f17:44f5b7cd
18626461ns          332576 1c0086f8 80e37843 fmadd.s          f16, f6, f14, f16   f16=xxxxxxxx  f6:41012a0e f14:41063542 f16:450190f5
18626480ns          332577 1c0086fc 030ea42b p.sw             x16, 40(x29!)       x29=10000f6c x16:4505cc63 x29:10000f44  PA:10000f44
18626500ns          332578 1c008658 00052803 lw               x16, 0(x10)         x16=3fa2d874 x10:1c010e54  PA:1c010e54
18626799ns          332593 1c00865c 0007a883 lw               x17, 0(x15)         x17=40a54233 x15:1c0108e0  PA:1c0108e0
18627097ns          332608 1c008660 1106f853 fmul.s           f16, f13, f16       f16=xxxxxxxx f13:40fba772 f16:3fa2d874
18627117ns          332609 1c008664 02852303 lw               x6, 40(x10)          x6=40c13363 x10:1c010e54  PA:1c010e7c
18627415ns          332624 1c008668 0047a383 lw               x7, 4(x15)           x7=4093ed2a x15:1c0108e0  PA:1c0108e4
18627714ns          332639 1c00866c f1187843 fmadd.s          f16, f16, f17, f30  f16=xxxxxxxx f16:412014bd f17:40a54233 f30:00000000
18627734ns          332640 1c008670 1066f353 fmul.s           f6, f13, f6          f6=xxxxxxxx f13:40fba772  f6:40c13363
18627753ns          332641 1c008674 05052883 lw               x17, 80(x10)        x17=3ef8556c x10:1c010e54  PA:1c010ea4
18628052ns          332656 1c008678 0087a403 lw               x8, 8(x15)           x8=40fe6095 x15:1c0108e0  PA:1c0108e8
18628350ns          332671 1c00867a 80737343 fmadd.s          f6, f6, f7, f16      f6=xxxxxxxx  f6:423debc1  f7:4093ed2a f16:424ead86
18628370ns          332672 1c00867e 1116f8d3 fmul.s           f17, f13, f17       f17=xxxxxxxx f13:40fba772 f17:3ef8556c
18628390ns          332673 1c008682 07852803 lw               x16, 120(x10)       x16=40c9bdf1 x10:1c010e54  PA:1c010ecc
18628688ns          332688 1c008686 00c7a383 lw               x7, 12(x15)          x7=3e9d6a6e x15:1c0108e0  PA:1c0108ec
18628987ns          332703 1c00868a 3088f8c3 fmadd.s          f17, f17, f8, f6    f17=xxxxxxxx f17:40741e2f  f8:40fe6095  f6:43879403
18629007ns          332704 1c00868e 1106f853 fmul.s           f16, f13, f16       f16=xxxxxxxx f13:40fba772 f16:40c9bdf1
18629026ns          332705 1c008692 0a052303 lw               x6, 160(x10)         x6=4076f23f x10:1c010e54  PA:1c010ef4
18629325ns          332720 1c008696 0107a403 lw               x8, 16(x15)          x8=4092d176 x15:1c0108e0  PA:1c0108f0
18629623ns          332735 1c008698 88787843 fmadd.s          f16, f16, f7, f17   f16=xxxxxxxx f16:42465130  f7:3e9d6a6e f17:4396bd24
18629643ns          332736 1c00869c 1066f353 fmul.s           f6, f13, f6          f6=xxxxxxxx f13:40fba772  f6:4076f23f
18629663ns          332737 1c0086a0 0c852883 lw               x17, 200(x10)       x17=40f615a0 x10:1c010e54  PA:1c010f1c
18629981ns          332753 1c0086a4 0147a383 lw               x7, 20(x15)          x7=4088f69f x15:1c0108e0  PA:1c0108f4
18630280ns          332768 1c0086a8 80837343 fmadd.s          f6, f6, f8, f16      f6=xxxxxxxx  f6:41f2c10a  f8:4092d176 f16:439e5c48
18630299ns          332769 1c0086ac 1116f8d3 fmul.s           f17, f13, f17       f17=xxxxxxxx f13:40fba772 f17:40f615a0
18630319ns          332770 1c0086b0 0f052803 lw               x16, 240(x10)       x16=40c1e1b7 x10:1c010e54  PA:1c010f44
18630618ns          332785 1c0086b4 0187a403 lw               x8, 24(x15)          x8=40f68caa x15:1c0108e0  PA:1c0108f8
18630916ns          332800 1c0086b6 3078f8c3 fmadd.s          f17, f17, f7, f6    f17=xxxxxxxx f17:4271e82a  f7:4088f69f  f6:43e3f8a4
18630936ns          332801 1c0086ba 1106f853 fmul.s           f16, f13, f16       f16=xxxxxxxx f13:40fba772 f16:40c1e1b7
18630956ns          332802 1c0086be 11852303 lw               x6, 280(x10)         x6=410315cd x10:1c010e54  PA:1c010f6c
18631274ns          332818 1c0086c2 01c7a383 lw               x7, 28(x15)          x7=411e9abf x15:1c0108e0  PA:1c0108fc
18631572ns          332833 1c0086c6 88887843 fmadd.s          f16, f16, f8, f17   f16=xxxxxxxx f16:423e971f  f8:40f68caa f17:4432b283
18631592ns          332834 1c0086ca 1066f353 fmul.s           f6, f13, f6          f6=xxxxxxxx f13:40fba772  f6:410315cd
18631612ns          332835 1c0086ce 14052883 lw               x17, 320(x10)       x17=40001af6 x10:1c010e54  PA:1c010f94
18631911ns          332850 1c0086d2 0207a403 lw               x8, 32(x15)          x8=40f8cdf4 x15:1c0108e0  PA:1c010900
18632209ns          332865 1c0086d4 80737343 fmadd.s          f6, f6, f7, f16      f6=xxxxxxxx  f6:4280dc1e  f7:411e9abf f16:44873cbe
18632229ns          332866 1c0086d8 1116f8d3 fmul.s           f17, f13, f17       f17=xxxxxxxx f13:40fba772 f17:40001af6
18632249ns          332867 1c0086dc 16852803 lw               x16, 360(x10)       x16=400515e7 x10:1c010e54  PA:1c010fbc
18632567ns          332883 1c0086e0 0247a383 lw               x7, 36(x15)          x7=400dc23e x15:1c0108e0  PA:1c010904
18632865ns          332898 1c0086e4 3088f8c3 fmadd.s          f17, f17, f8, f6    f17=xxxxxxxx f17:417bdc74  f8:40f8cdf4  f6:44d7127d
18632885ns          332899 1c0086e8 1106f853 fmul.s           f16, f13, f16       f16=xxxxxxxx f13:40fba772 f16:400515e7
18632905ns          332900 1c0086ec 000ea303 lw               x6, 0(x29)           x6=40c984b0 x29:10000f6c  PA:10000f6c
18632925ns          332901 1c0086f0 02878793 addi             x15, x15, 40        x15=1c010908 x15:1c0108e0
18632945ns          332902 1c0086f4 88787843 fmadd.s          f16, f16, f7, f17   f16=xxxxxxxx f16:4182d386  f7:400dc23e f17:44e65f00
18632965ns          332903 1c0086f8 80e37843 fmadd.s          f16, f6, f14, f16   f16=xxxxxxxx  f6:40c984b0 f14:41063542 f16:44eae61c
18632985ns          332904 1c0086fc 030ea42b p.sw             x16, 40(x29!)       x29=10000f94 x16:44f18072 x29:10000f6c  PA:10000f6c
18633005ns          332905 1c008658 00052803 lw               x16, 0(x10)         x16=3fa2d874 x10:1c010e54  PA:1c010e54
18633303ns          332920 1c00865c 0007a883 lw               x17, 0(x15)         x17=40adfed7 x15:1c010908  PA:1c010908
18633601ns          332935 1c008660 1106f853 fmul.s           f16, f13, f16       f16=xxxxxxxx f13:40fba772 f16:3fa2d874
18633621ns          332936 1c008664 02852303 lw               x6, 40(x10)          x6=40c13363 x10:1c010e54  PA:1c010e7c
18633939ns          332952 1c008668 0047a383 lw               x7, 4(x15)           x7=40c5c8e3 x15:1c010908  PA:1c01090c
18634238ns          332967 1c00866c f1187843 fmadd.s          f16, f16, f17, f30  f16=xxxxxxxx f16:412014bd f17:40adfed7 f30:00000000
18634258ns          332968 1c008670 1066f353 fmul.s           f6, f13, f6          f6=xxxxxxxx f13:40fba772  f6:40c13363
18634278ns          332969 1c008674 05052883 lw               x17, 80(x10)        x17=3ef8556c x10:1c010e54  PA:1c010ea4
18634576ns          332984 1c008678 0087a403 lw               x8, 8(x15)           x8=3eb2c55f x15:1c010908  PA:1c010910
18634874ns          332999 1c00867a 80737343 fmadd.s          f6, f6, f7, f16      f6=xxxxxxxx  f6:423debc1  f7:40c5c8e3 f16:42599abd
18634894ns          333000 1c00867e 1116f8d3 fmul.s           f17, f13, f17       f17=xxxxxxxx f13:40fba772 f17:3ef8556c
18634914ns          333001 1c008682 07852803 lw               x16, 120(x10)       x16=40c9bdf1 x10:1c010e54  PA:1c010ecc
18635232ns          333017 1c008686 00c7a383 lw               x7, 12(x15)          x7=3eb000b7 x15:1c010908  PA:1c010914
18635531ns          333032 1c00868a 3088f8c3 fmadd.s          f17, f17, f8, f6    f17=xxxxxxxx f17:40741e2f  f8:3eb2c55f  f6:43adeecc
18635551ns          333033 1c00868e 1106f853 fmul.s           f16, f13, f16       f16=xxxxxxxx f13:40fba772 f16:40c9bdf1
18635570ns          333034 1c008692 0a052303 lw               x6, 160(x10)         x6=4076f23f x10:1c010e54  PA:1c010ef4
18635869ns          333049 1c008696 0107a403 lw               x8, 16(x15)          x8=40e294e8 x15:1c010908  PA:1c010918
18636167ns          333064 1c008698 88787843 fmadd.s          f16, f16, f7, f17   f16=xxxxxxxx f16:42465130  f7:3eb000b7 f17:43ae9945
18636187ns          333065 1c00869c 1066f353 fmul.s           f6, f13, f6          f6=xxxxxxxx f13:40fba772  f6:4076f23f
18636207ns          333066 1c0086a0 0c852883 lw               x17, 200(x10)       x17=40f615a0 x10:1c010e54  PA:1c010f1c
18636505ns          333081 1c0086a4 0147a383 lw               x7, 20(x15)          x7=401cda14 x15:1c010908  PA:1c01091c
18636804ns          333096 1c0086a8 80837343 fmadd.s          f6, f6, f8, f16      f6=xxxxxxxx  f6:41f2c10a  f8:40e294e8 f16:43b71ecb
18636824ns          333097 1c0086ac 1116f8d3 fmul.s           f17, f13, f17       f17=xxxxxxxx f13:40fba772 f17:40f615a0
18636844ns          333098 1c0086b0 0f052803 lw               x16, 240(x10)       x16=40c1e1b7 x10:1c010e54  PA:1c010f44
18637142ns          333113 1c0086b4 0187a403 lw               x8, 24(x15)          x8=3ff5493e x15:1c010908  PA:1c010920
18637440ns          333128 1c0086b6 3078f8c3 fmadd.s          f17, f17, f7, f6    f17=xxxxxxxx f17:4271e82a  f7:401cda14  f6:4411464d
18637460ns          333129 1c0086ba 1106f853 fmul.s           f16, f13, f16       f16=xxxxxxxx f13:40fba772 f16:40c1e1b7
18637480ns          333130 1c0086be 11852303 lw               x6, 280(x10)         x6=410315cd x10:1c010e54  PA:1c010f6c
18637778ns          333145 1c0086c2 01c7a383 lw               x7, 28(x15)          x7=4024db73 x15:1c010908  PA:1c010924
18638077ns          333160 1c0086c6 88887843 fmadd.s          f16, f16, f8, f17   f16=xxxxxxxx f16:423e971f  f8:3ff5493e f17:44365430
18638097ns          333161 1c0086ca 1066f353 fmul.s           f6, f13, f6          f6=xxxxxxxx f13:40fba772  f6:410315cd
18638117ns          333162 1c0086ce 14052883 lw               x17, 320(x10)       x17=40001af6 x10:1c010e54  PA:1c010f94
18638415ns          333177 1c0086d2 0207a403 lw               x8, 32(x15)          x8=40005e40 x15:1c010908  PA:1c010928
18638713ns          333192 1c0086d4 80737343 fmadd.s          f6, f6, f7, f16      f6=xxxxxxxx  f6:4280dc1e  f7:4024db73 f16:444d27d5
18638733ns          333193 1c0086d8 1116f8d3 fmul.s           f17, f13, f17       f17=xxxxxxxx f13:40fba772 f17:40001af6
18638753ns          333194 1c0086dc 16852803 lw               x16, 360(x10)       x16=400515e7 x10:1c010e54  PA:1c010fbc
18639051ns          333209 1c0086e0 0247a383 lw               x7, 36(x15)          x7=40e239a4 x15:1c010908  PA:1c01092c
18639350ns          333224 1c0086e4 3088f8c3 fmadd.s          f17, f17, f8, f6    f17=xxxxxxxx f17:417bdc74  f8:40005e40  f6:4476a592
18639370ns          333225 1c0086e8 1106f853 fmul.s           f16, f13, f16       f16=xxxxxxxx f13:40fba772 f16:400515e7
18639390ns          333226 1c0086ec 000ea303 lw               x6, 0(x29)           x6=41171c50 x29:10000f94  PA:10000f94
18639409ns          333227 1c0086f0 02878793 addi             x15, x15, 40        x15=1c010930 x15:1c010908
18639429ns          333228 1c0086f4 88787843 fmadd.s          f16, f16, f7, f17   f16=xxxxxxxx f16:4182d386  f7:40e239a4 f17:447e8a41
18639449ns          333229 1c0086f8 80e37843 fmadd.s          f16, f6, f14, f16   f16=xxxxxxxx  f6:41171c50 f14:41063542 f16:448db8a7
18639469ns          333230 1c0086fc 030ea42b p.sw             x16, 40(x29!)       x29=10000fbc x16:44979faf x29:10000f94  PA:10000f94
18639489ns          333231 1c008658 00052803 lw               x16, 0(x10)         x16=3fa2d874 x10:1c010e54  PA:1c010e54
18639787ns          333246 1c00865c 0007a883 lw               x17, 0(x15)         x17=4051d560 x15:1c010930  PA:1c010930
18640086ns          333261 1c008660 1106f853 fmul.s           f16, f13, f16       f16=xxxxxxxx f13:40fba772 f16:3fa2d874
18640106ns          333262 1c008664 02852303 lw               x6, 40(x10)          x6=40c13363 x10:1c010e54  PA:1c010e7c
18640404ns          333277 1c008668 0047a383 lw               x7, 4(x15)           x7=40fbbedb x15:1c010930  PA:1c010934
18640702ns          333292 1c00866c f1187843 fmadd.s          f16, f16, f17, f30  f16=xxxxxxxx f16:412014bd f17:4051d560 f30:00000000
18640722ns          333293 1c008670 1066f353 fmul.s           f6, f13, f6          f6=xxxxxxxx f13:40fba772  f6:40c13363
18640742ns          333294 1c008674 05052883 lw               x17, 80(x10)        x17=3ef8556c x10:1c010e54  PA:1c010ea4
18641040ns          333309 1c008678 0087a403 lw               x8, 8(x15)           x8=4012e6d7 x15:1c010930  PA:1c010938
18641339ns          333324 1c00867a 80737343 fmadd.s          f6, f6, f7, f16      f6=xxxxxxxx  f6:423debc1  f7:40fbbedb f16:4203365c
18641359ns          333325 1c00867e 1116f8d3 fmul.s           f17, f13, f17       f17=xxxxxxxx f13:40fba772 f17:3ef8556c
18641379ns          333326 1c008682 07852803 lw               x16, 120(x10)       x16=40c9bdf1 x10:1c010e54  PA:1c010ecc
18641677ns          333341 1c008686 00c7a383 lw               x7, 12(x15)          x7=410be73c x15:1c010930  PA:1c01093c
18641995ns          333357 1c00868a 3088f8c3 fmadd.s          f17, f17, f8, f6    f17=xxxxxxxx f17:40741e2f  f8:4012e6d7  f6:43cb2a89
18642015ns          333358 1c00868e 1106f853 fmul.s           f16, f13, f16       f16=xxxxxxxx f13:40fba772 f16:40c9bdf1
18642035ns          333359 1c008692 0a052303 lw               x6, 160(x10)         x6=4076f23f x10:1c010e54  PA:1c010ef4
18642333ns          333374 1c008696 0107a403 lw               x8, 16(x15)          x8=40e8f76c x15:1c010930  PA:1c010940
18642632ns          333389 1c008698 88787843 fmadd.s          f16, f16, f7, f17   f16=xxxxxxxx f16:42465130  f7:410be73c f17:43cf8b34
18642652ns          333390 1c00869c 1066f353 fmul.s           f6, f13, f6          f6=xxxxxxxx f13:40fba772  f6:4076f23f
18642671ns          333391 1c0086a0 0c852883 lw               x17, 200(x10)       x17=40f615a0 x10:1c010e54  PA:1c010f1c
18642970ns          333406 1c0086a4 0147a383 lw               x7, 20(x15)          x7=40a8711a x15:1c010930  PA:1c010944
18643288ns          333422 1c0086a8 80837343 fmadd.s          f6, f6, f8, f16      f6=xxxxxxxx  f6:41f2c10a  f8:40e8f76c f16:445426d1
18643308ns          333423 1c0086ac 1116f8d3 fmul.s           f17, f13, f17       f17=xxxxxxxx f13:40fba772 f17:40f615a0
18643328ns          333424 1c0086b0 0f052803 lw               x16, 240(x10)       x16=40c1e1b7 x10:1c010e54  PA:1c010f44
18643626ns          333439 1c0086b4 0187a403 lw               x8, 24(x15)          x8=408850e7 x15:1c010930  PA:1c010948
18643925ns          333454 1c0086b6 3078f8c3 fmadd.s          f17, f17, f7, f6    f17=xxxxxxxx f17:4271e82a  f7:40a8711a  f6:4485b09a
18643944ns          333455 1c0086ba 1106f853 fmul.s           f16, f13, f16       f16=xxxxxxxx f13:40fba772 f16:40c1e1b7
18643964ns          333456 1c0086be 11852303 lw               x6, 280(x10)         x6=410315cd x10:1c010e54  PA:1c010f6c
18644263ns          333471 1c0086c2 01c7a383 lw               x7, 28(x15)          x7=40b191c9 x15:1c010930  PA:1c01094c
18644581ns          333487 1c0086c6 88887843 fmadd.s          f16, f16, f8, f17   f16=xxxxxxxx f16:423e971f  f8:408850e7 f17:44ad7b69
18644601ns          333488 1c0086ca 1066f353 fmul.s           f6, f13, f6          f6=xxxxxxxx f13:40fba772  f6:410315cd
18644621ns          333489 1c0086ce 14052883 lw               x17, 320(x10)       x17=40001af6 x10:1c010e54  PA:1c010f94
18644919ns          333504 1c0086d2 0207a403 lw               x8, 32(x15)          x8=3e508c5f x15:1c010930  PA:1c010950
18645218ns          333519 1c0086d4 80737343 fmadd.s          f6, f6, f7, f16      f6=xxxxxxxx  f6:4280dc1e  f7:40b191c9 f16:44c6da8a
18645237ns          333520 1c0086d8 1116f8d3 fmul.s           f17, f13, f17       f17=xxxxxxxx f13:40fba772 f17:40001af6
18645257ns          333521 1c0086dc 16852803 lw               x16, 360(x10)       x16=400515e7 x10:1c010e54  PA:1c010fbc
18645556ns          333536 1c0086e0 0247a383 lw               x7, 36(x15)          x7=40868cc1 x15:1c010930  PA:1c010954
18645874ns          333552 1c0086e4 3088f8c3 fmadd.s          f17, f17, f8, f6    f17=xxxxxxxx f17:417bdc74  f8:3e508c5f  f6:44f38b53
18645894ns          333553 1c0086e8 1106f853 fmul.s           f16, f13, f16       f16=xxxxxxxx f13:40fba772 f16:400515e7
18645914ns          333554 1c0086ec 000ea303 lw               x6, 0(x29)           x6=411e3b3e x29:10000fbc  PA:10000fbc
18645934ns          333555 1c0086f0 02878793 addi             x15, x15, 40        x15=1c010958 x15:1c010930
18645953ns          333556 1c0086f4 88787843 fmadd.s          f16, f16, f7, f17   f16=xxxxxxxx f16:4182d386  f7:40868cc1 f17:44f3f1ea
18645973ns          333557 1c0086f8 80e37843 fmadd.s          f16, f6, f14, f16   f16=xxxxxxxx  f6:411e3b3e f14:41063542 f16:44fc8a3f
18645993ns          333558 1c0086fc 030ea42b p.sw             x16, 40(x29!)       x29=10000fe4 x16:4503745e x29:10000fbc  PA:10000fbc
18646013ns          333559 1c008658 00052803 lw               x16, 0(x10)         x16=3fa2d874 x10:1c010e54  PA:1c010e54
18646311ns          333574 1c00865c 0007a883 lw               x17, 0(x15)         x17=40858542 x15:1c010958  PA:1c010958
18646610ns          333589 1c008660 1106f853 fmul.s           f16, f13, f16       f16=xxxxxxxx f13:40fba772 f16:3fa2d874
18646630ns          333590 1c008664 02852303 lw               x6, 40(x10)          x6=40c13363 x10:1c010e54  PA:1c010e7c
18646928ns          333605 1c008668 0047a383 lw               x7, 4(x15)           x7=3fa6a77c x15:1c010958  PA:1c01095c
18647246ns          333621 1c00866c f1187843 fmadd.s          f16, f16, f17, f30  f16=xxxxxxxx f16:412014bd f17:40858542 f30:00000000
18647266ns          333622 1c008670 1066f353 fmul.s           f6, f13, f6          f6=xxxxxxxx f13:40fba772  f6:40c13363
18647286ns          333623 1c008674 05052883 lw               x17, 80(x10)        x17=3ef8556c x10:1c010e54  PA:1c010ea4
18647585ns          333638 1c008678 0087a403 lw               x8, 8(x15)           x8=3fb30ee3 x15:1c010958  PA:1c010960
18647883ns          333653 1c00867a 80737343 fmadd.s          f6, f6, f7, f16      f6=xxxxxxxx  f6:423debc1  f7:3fa6a77c f16:4226fc34
18647903ns          333654 1c00867e 1116f8d3 fmul.s           f17, f13, f17       f17=xxxxxxxx f13:40fba772 f17:3ef8556c
18647923ns          333655 1c008682 07852803 lw               x16, 120(x10)       x16=40c9bdf1 x10:1c010e54  PA:1c010ecc
18648221ns          333670 1c008686 00c7a383 lw               x7, 12(x15)          x7=40fe97f4 x15:1c010958  PA:1c010964
18648539ns          333686 1c00868a 3088f8c3 fmadd.s          f17, f17, f8, f6    f17=xxxxxxxx f17:40741e2f  f8:3fb30ee3  f6:42cf213a
18648559ns          333687 1c00868e 1106f853 fmul.s           f16, f13, f16       f16=xxxxxxxx f13:40fba772 f16:40c9bdf1
18648579ns          333688 1c008692 0a052303 lw               x6, 160(x10)         x6=4076f23f x10:1c010e54  PA:1c010ef4
18648877ns          333703 1c008696 0107a403 lw               x8, 16(x15)          x8=409ead56 x15:1c010958  PA:1c010968
18649176ns          333718 1c008698 88787843 fmadd.s          f16, f16, f7, f17   f16=xxxxxxxx f16:42465130  f7:40fe97f4 f17:42d9cd2f
18649196ns          333719 1c00869c 1066f353 fmul.s           f6, f13, f6          f6=xxxxxxxx f13:40fba772  f6:4076f23f
18649216ns          333720 1c0086a0 0c852883 lw               x17, 200(x10)       x17=40f615a0 x10:1c010e54  PA:1c010f1c
18649514ns          333735 1c0086a4 0147a383 lw               x7, 20(x15)          x7=40e12778 x15:1c010958  PA:1c01096c
18649812ns          333750 1c0086a8 80837343 fmadd.s          f6, f6, f8, f16      f6=xxxxxxxx  f6:41f2c10a  f8:409ead56 f16:43fbad90
18649832ns          333751 1c0086ac 1116f8d3 fmul.s           f17, f13, f17       f17=xxxxxxxx f13:40fba772 f17:40f615a0
18649852ns          333752 1c0086b0 0f052803 lw               x16, 240(x10)       x16=40c1e1b7 x10:1c010e54  PA:1c010f44
18650150ns          333767 1c0086b4 0187a403 lw               x8, 24(x15)          x8=4054f963 x15:1c010958  PA:1c010970
18650449ns          333782 1c0086b6 3078f8c3 fmadd.s          f17, f17, f7, f6    f17=xxxxxxxx f17:4271e82a  f7:40e12778  f6:442374a9
18650469ns          333783 1c0086ba 1106f853 fmul.s           f16, f13, f16       f16=xxxxxxxx f13:40fba772 f16:40c1e1b7
18650489ns          333784 1c0086be 11852303 lw               x6, 280(x10)         x6=410315cd x10:1c010e54  PA:1c010f6c
18650787ns          333799 1c0086c2 01c7a383 lw               x7, 28(x15)          x7=4050f13b x15:1c010958  PA:1c010974
18651085ns          333814 1c0086c6 88887843 fmadd.s          f16, f16, f8, f17   f16=xxxxxxxx f16:423e971f  f8:4054f963 f17:4486eaeb
18651105ns          333815 1c0086ca 1066f353 fmul.s           f6, f13, f6          f6=xxxxxxxx f13:40fba772  f6:410315cd
18651125ns          333816 1c0086ce 14052883 lw               x17, 320(x10)       x17=40001af6 x10:1c010e54  PA:1c010f94
18651423ns          333831 1c0086d2 0207a403 lw               x8, 32(x15)          x8=40904b8b x15:1c010958  PA:1c010978
18651722ns          333846 1c0086d4 80737343 fmadd.s          f6, f6, f7, f16      f6=xxxxxxxx  f6:4280dc1e  f7:4050f13b f16:449abcc5
18651742ns          333847 1c0086d8 1116f8d3 fmul.s           f17, f13, f17       f17=xxxxxxxx f13:40fba772 f17:40001af6
18651762ns          333848 1c0086dc 16852803 lw               x16, 360(x10)       x16=400515e7 x10:1c010e54  PA:1c010fbc
18652060ns          333863 1c0086e0 0247a383 lw               x7, 36(x15)          x7=40906e67 x15:1c010958  PA:1c01097c
18652358ns          333878 1c0086e4 3088f8c3 fmadd.s          f17, f17, f8, f6    f17=xxxxxxxx f17:417bdc74  f8:40904b8b  f6:44b507d6
18652378ns          333879 1c0086e8 1106f853 fmul.s           f16, f13, f16       f16=xxxxxxxx f13:40fba772 f16:400515e7
18652398ns          333880 1c0086ec 000ea303 lw               x6, 0(x29)           x6=40ce0a13 x29:10000fe4  PA:10000fe4
18652418ns          333881 1c0086f0 02878793 addi             x15, x15, 40        x15=1c010980 x15:1c010958
18652438ns          333882 1c0086f4 88787843 fmadd.s          f16, f16, f7, f17   f16=xxxxxxxx f16:4182d386  f7:40906e67 f17:44bde73b
18652458ns          333883 1c0086f8 80e37843 fmadd.s          f16, f6, f14, f16   f16=xxxxxxxx  f6:40ce0a13 f14:41063542 f16:44c72128
18652478ns          333884 1c0086fc 030ea42b p.sw             x16, 40(x29!)       x29=1000100c x16:44cde16a x29:10000fe4  PA:10000fe4
18652498ns          333885 1c008700 00460613 addi             x12, x12, 4         x12=10000e80 x12:10000e7c
18652517ns          333886 1c008702 00450513 addi             x10, x10, 4         x10=1c010e58 x10:1c010e54
18652537ns          333887 1c008704 00c12403 lw               x8, 12(x2)           x8=00000001  x2:10000e38  PA:10000e44
18652557ns          333888 1c008706 01010113 addi             x2, x2, 16           x2=10000e48  x2:10000e38
18652577ns          333889 1c008708 00008067 jalr             x0, x1, 0            x1:1c008a40
18652637ns          333892 1c008a40 21b010ef jal              x1, 6682             x1=1c008a44
18652756ns          333898 1c00a45a f14027f3 csrrs            x15, x0, 0xf14      x15=00000001
18652776ns          333899 1c00a45e 01f00713 addi             x14, x0, 31         x14=0000001f
18652816ns          333901 1c00a460 ca5797b3 p.extractu       x15, x15, 5, 5      x15=00000000 x15:00000001
18652856ns          333903 1c00a464 00e78863 beq              x15, x14, 16        x15:00000000 x14:0000001f
18652875ns          333904 1c00a468 002047b7 lui              x15, 0x204000       x15=00204000
18652895ns          333905 1c00a46c 20078793 addi             x15, x15, 512       x15=00204200 x15:00204000
18652915ns          333906 1c00a470 01c7e703 p.elw            x14, 28(x15)        x14=00010000 x15:00204200  PA:0020421c
18653512ns          333936 1c00a474 00008067 jalr             x0, x1, 0            x1:1c008a44
18653552ns          333938 1c008a44 f14027f3 csrrs            x15, x0, 0xf14      x15=00000001
18653572ns          333939 1c008a48 f457b7b3 p.bclr           x15, x15, 26, 5     x15=00000001 x15:00000001
18653592ns          333940 1c008a4c 06078263 beq              x15, x0, 100        x15:00000001
18654089ns          333965 1c008a4e 20d010ef jal              x1, 6668             x1=1c008a52
18654148ns          333968 1c00a45a f14027f3 csrrs            x15, x0, 0xf14      x15=00000001
18654168ns          333969 1c00a45e 01f00713 addi             x14, x0, 31         x14=0000001f
18654188ns          333970 1c00a460 ca5797b3 p.extractu       x15, x15, 5, 5      x15=00000000 x15:00000001
18654208ns          333971 1c00a464 00e78863 beq              x15, x14, 16        x15:00000000 x14:0000001f
18654228ns          333972 1c00a468 002047b7 lui              x15, 0x204000       x15=00204000
18654248ns          333973 1c00a46c 20078793 addi             x15, x15, 512       x15=00204200 x15:00204000
18654268ns          333974 1c00a470 01c7e703 p.elw            x14, 28(x15)        x14=00010000 x15:00204200  PA:0020421c
19286158ns          365502 1c00a474 00008067 jalr             x0, x1, 0            x1:1c008a52
19286198ns          365504 1c008a52 01012703 lw               x14, 16(x2)         x14=44f6c931  x2:10000e48  PA:10000e58
19286219ns          365505 1c008a54 01410693 addi             x13, x2, 20         x13=10000e5c  x2:10000e48
19286239ns          365506 1c008a56 063250fb lp.setupi        0x1, 0x63, 0x4     
19286259ns          365507 1c008a5a 0046a60b p.lw             x12, 4(x13!)        x12=44c523b9 x13=10000e60 x13:10000e5c  PA:10000e5c
19286821ns          365535 1c008a5e 00c77753 fadd.s           f14, f14, f12       f14=xxxxxxxx f14:44f6c931 f12:44c523b9
19286881ns          365538 1c008a5a 0046a60b p.lw             x12, 4(x13!)        x12=44d47956 x13=10000e64 x13:10000e60  PA:10000e60
19286921ns          365540 1c008a5e 00c77753 fadd.s           f14, f14, f12       f14=xxxxxxxx f14:455df675 f12:44d47956
19286941ns          365541 1c008a5a 0046a60b p.lw             x12, 4(x13!)        x12=449f3654 x13=10000e68 x13:10000e64  PA:10000e64
19286981ns          365543 1c008a5e 00c77753 fadd.s           f14, f14, f12       f14=xxxxxxxx f14:45a41990 f12:449f3654
19287001ns          365544 1c008a5a 0046a60b p.lw             x12, 4(x13!)        x12=44c02d10 x13=10000e6c x13:10000e68  PA:10000e68
19287041ns          365546 1c008a5e 00c77753 fadd.s           f14, f14, f12       f14=xxxxxxxx f14:45cbe725 f12:44c02d10
19287061ns          365547 1c008a5a 0046a60b p.lw             x12, 4(x13!)        x12=4462e411 x13=10000e70 x13:10000e6c  PA:10000e6c
19287101ns          365549 1c008a5e 00c77753 fadd.s           f14, f14, f12       f14=xxxxxxxx f14:45fbf269 f12:4462e411
19287121ns          365550 1c008a5a 0046a60b p.lw             x12, 4(x13!)        x12=4454bfd0 x13=10000e74 x13:10000e70  PA:10000e70
19287162ns          365552 1c008a5e 00c77753 fadd.s           f14, f14, f12       f14=xxxxxxxx f14:460c2776 f12:4454bfd0
19287182ns          365553 1c008a5a 0046a60b p.lw             x12, 4(x13!)        x12=44dc920e x13=10000e78 x13:10000e74  PA:10000e74
19287222ns          365555 1c008a5e 00c77753 fadd.s           f14, f14, f12       f14=xxxxxxxx f14:46197373 f12:44dc920e
19287242ns          365556 1c008a5a 0046a60b p.lw             x12, 4(x13!)        x12=447e141e x13=10000e7c x13:10000e78  PA:10000e78
19287282ns          365558 1c008a5e 00c77753 fadd.s           f14, f14, f12       f14=xxxxxxxx f14:463505b5 f12:447e141e
19287302ns          365559 1c008a5a 0046a60b p.lw             x12, 4(x13!)        x12=449e4afc x13=10000e80 x13:10000e7c  PA:10000e7c
19287342ns          365561 1c008a5e 00c77753 fadd.s           f14, f14, f12       f14=xxxxxxxx f14:4644e6f7 f12:449e4afc
19287362ns          365562 1c008a5a 0046a60b p.lw             x12, 4(x13!)        x12=4512ee0c x13=10000e84 x13:10000e80  PA:10000e80
19287402ns          365564 1c008a5e 00c77753 fadd.s           f14, f14, f12       f14=xxxxxxxx f14:4658b056 f12:4512ee0c
19287422ns          365565 1c008a5a 0046a60b p.lw             x12, 4(x13!)        x12=44e6779c x13=10000e88 x13:10000e84  PA:10000e84
19287463ns          365567 1c008a5e 00c77753 fadd.s           f14, f14, f12       f14=xxxxxxxx f14:467d6bd9 f12:44e6779c
19287483ns          365568 1c008a5a 0046a60b p.lw             x12, 4(x13!)        x12=44e2af82 x13=10000e8c x13:10000e88  PA:10000e88
19287523ns          365570 1c008a5e 00c77753 fadd.s           f14, f14, f12       f14=xxxxxxxx f14:468d1d66 f12:44e2af82
19287543ns          365571 1c008a5a 0046a60b p.lw             x12, 4(x13!)        x12=449a3879 x13=10000e90 x13:10000e8c  PA:10000e8c
19287583ns          365573 1c008a5e 00c77753 fadd.s           f14, f14, f12       f14=xxxxxxxx f14:469b485e f12:449a3879
19287603ns          365574 1c008a5a 0046a60b p.lw             x12, 4(x13!)        x12=44c873dc x13=10000e94 x13:10000e90  PA:10000e90
19287643ns          365576 1c008a5e 00c77753 fadd.s           f14, f14, f12       f14=xxxxxxxx f14:46a4ebe6 f12:44c873dc
19287663ns          365577 1c008a5a 0046a60b p.lw             x12, 4(x13!)        x12=44a4292f x13=10000e98 x13:10000e94  PA:10000e94
19287703ns          365579 1c008a5e 00c77753 fadd.s           f14, f14, f12       f14=xxxxxxxx f14:46b17324 f12:44a4292f
19287723ns          365580 1c008a5a 0046a60b p.lw             x12, 4(x13!)        x12=44869919 x13=10000e9c x13:10000e98  PA:10000e98
19287764ns          365582 1c008a5e 00c77753 fadd.s           f14, f14, f12       f14=xxxxxxxx f14:46bbb5b7 f12:44869919
19287784ns          365583 1c008a5a 0046a60b p.lw             x12, 4(x13!)        x12=44f1d1ae x13=10000ea0 x13:10000e9c  PA:10000e9c
19287824ns          365585 1c008a5e 00c77753 fadd.s           f14, f14, f12       f14=xxxxxxxx f14:46c41f49 f12:44f1d1ae
19287844ns          365586 1c008a5a 0046a60b p.lw             x12, 4(x13!)        x12=44aad11a x13=10000ea4 x13:10000ea0  PA:10000ea0
19287884ns          365588 1c008a5e 00c77753 fadd.s           f14, f14, f12       f14=xxxxxxxx f14:46d33c64 f12:44aad11a
19287904ns          365589 1c008a5a 0046a60b p.lw             x12, 4(x13!)        x12=44da8e22 x13=10000ea8 x13:10000ea4  PA:10000ea4
19287944ns          365591 1c008a5e 00c77753 fadd.s           f14, f14, f12       f14=xxxxxxxx f14:46dde976 f12:44da8e22
19287964ns          365592 1c008a5a 0046a60b p.lw             x12, 4(x13!)        x12=4512004d x13=10000eac x13:10000ea8  PA:10000ea8
19288004ns          365594 1c008a5e 00c77753 fadd.s           f14, f14, f12       f14=xxxxxxxx f14:46eb9258 f12:4512004d
19288024ns          365595 1c008a5a 0046a60b p.lw             x12, 4(x13!)        x12=44b6fab1 x13=10000eb0 x13:10000eac  PA:10000eac
19288065ns          365597 1c008a5e 00c77753 fadd.s           f14, f14, f12       f14=xxxxxxxx f14:46fdd262 f12:44b6fab1
19288085ns          365598 1c008a5a 0046a60b p.lw             x12, 4(x13!)        x12=44a4ead1 x13=10000eb4 x13:10000eb0  PA:10000eb0
19288125ns          365600 1c008a5e 00c77753 fadd.s           f14, f14, f12       f14=xxxxxxxx f14:4704a107 f12:44a4ead1
19288145ns          365601 1c008a5a 0046a60b p.lw             x12, 4(x13!)        x12=44ca7fb0 x13=10000eb8 x13:10000eb4  PA:10000eb4
19288185ns          365603 1c008a5e 00c77753 fadd.s           f14, f14, f12       f14=xxxxxxxx f14:4709c85e f12:44ca7fb0
19288205ns          365604 1c008a5a 0046a60b p.lw             x12, 4(x13!)        x12=44dca988 x13=10000ebc x13:10000eb8  PA:10000eb8
19288245ns          365606 1c008a5e 00c77753 fadd.s           f14, f14, f12       f14=xxxxxxxx f14:47101c5c f12:44dca988
19288265ns          365607 1c008a5a 0046a60b p.lw             x12, 4(x13!)        x12=44bf940f x13=10000ec0 x13:10000ebc  PA:10000ebc
19288305ns          365609 1c008a5e 00c77753 fadd.s           f14, f14, f12       f14=xxxxxxxx f14:471701a8 f12:44bf940f
19288325ns          365610 1c008a5a 0046a60b p.lw             x12, 4(x13!)        x12=4493dbeb x13=10000ec4 x13:10000ec0  PA:10000ec0
19288366ns          365612 1c008a5e 00c77753 fadd.s           f14, f14, f12       f14=xxxxxxxx f14:471cfe48 f12:4493dbeb
19288386ns          365613 1c008a5a 0046a60b p.lw             x12, 4(x13!)        x12=44da8e22 x13=10000ec8 x13:10000ec4  PA:10000ec4
19288426ns          365615 1c008a5e 00c77753 fadd.s           f14, f14, f12       f14=xxxxxxxx f14:47219d27 f12:44da8e22
19288446ns          365616 1c008a5a 0046a60b p.lw             x12, 4(x13!)        x12=44adee74 x13=10000ecc x13:10000ec8  PA:10000ec8
19288486ns          365618 1c008a5e 00c77753 fadd.s           f14, f14, f12       f14=xxxxxxxx f14:47287198 f12:44adee74
19288506ns          365619 1c008a5a 0046a60b p.lw             x12, 4(x13!)        x12=44cb03d7 x13=10000ed0 x13:10000ecc  PA:10000ecc
19288546ns          365621 1c008a5e 00c77753 fadd.s           f14, f14, f12       f14=xxxxxxxx f14:472de10c f12:44cb03d7
19288566ns          365622 1c008a5a 0046a60b p.lw             x12, 4(x13!)        x12=44d45e8e x13=10000ed4 x13:10000ed0  PA:10000ed0
19288606ns          365624 1c008a5e 00c77753 fadd.s           f14, f14, f12       f14=xxxxxxxx f14:4734392b f12:44d45e8e
19288626ns          365625 1c008a5a 0046a60b p.lw             x12, 4(x13!)        x12=446fc4a6 x13=10000ed8 x13:10000ed4  PA:10000ed4
19288667ns          365627 1c008a5e 00c77753 fadd.s           f14, f14, f12       f14=xxxxxxxx f14:473adc1f f12:446fc4a6
19288687ns          365628 1c008a5a 0046a60b p.lw             x12, 4(x13!)        x12=4477f3af x13=10000edc x13:10000ed8  PA:10000ed8
19288727ns          365630 1c008a5e 00c77753 fadd.s           f14, f14, f12       f14=xxxxxxxx f14:473e9b32 f12:4477f3af
19288747ns          365631 1c008a5a 0046a60b p.lw             x12, 4(x13!)        x12=44a9b558 x13=10000ee0 x13:10000edc  PA:10000edc
19288787ns          365633 1c008a5e 00c77753 fadd.s           f14, f14, f12       f14=xxxxxxxx f14:47427b01 f12:44a9b558
19288807ns          365634 1c008a5a 0046a60b p.lw             x12, 4(x13!)        x12=44a5edc6 x13=10000ee4 x13:10000ee0  PA:10000ee0
19288847ns          365636 1c008a5e 00c77753 fadd.s           f14, f14, f12       f14=xxxxxxxx f14:4747c8ac f12:44a5edc6
19288867ns          365637 1c008a5a 0046a60b p.lw             x12, 4(x13!)        x12=44474be6 x13=10000ee8 x13:10000ee4  PA:10000ee4
19288907ns          365639 1c008a5e 00c77753 fadd.s           f14, f14, f12       f14=xxxxxxxx f14:474cf81a f12:44474be6
19288927ns          365640 1c008a5a 0046a60b p.lw             x12, 4(x13!)        x12=44638a91 x13=10000eec x13:10000ee8  PA:10000ee8
19288968ns          365642 1c008a5e 00c77753 fadd.s           f14, f14, f12       f14=xxxxxxxx f14:4750154a f12:44638a91
19288988ns          365643 1c008a5a 0046a60b p.lw             x12, 4(x13!)        x12=44875851 x13=10000ef0 x13:10000eec  PA:10000eec
19289028ns          365645 1c008a5e 00c77753 fadd.s           f14, f14, f12       f14=xxxxxxxx f14:4753a374 f12:44875851
19289048ns          365646 1c008a5a 0046a60b p.lw             x12, 4(x13!)        x12=443be8e0 x13=10000ef4 x13:10000ef0  PA:10000ef0
19289088ns          365648 1c008a5e 00c77753 fadd.s           f14, f14, f12       f14=xxxxxxxx f14:4757de37 f12:443be8e0
19289108ns          365649 1c008a5a 0046a60b p.lw             x12, 4(x13!)        x12=448bfac8 x13=10000ef8 x13:10000ef4  PA:10000ef4
19289148ns          365651 1c008a5e 00c77753 fadd.s           f14, f14, f12       f14=xxxxxxxx f14:475acdda f12:448bfac8
19289168ns          365652 1c008a5a 0046a60b p.lw             x12, 4(x13!)        x12=455702a2 x13=10000efc x13:10000ef8  PA:10000ef8
19289208ns          365654 1c008a5e 00c77753 fadd.s           f14, f14, f12       f14=xxxxxxxx f14:475f2db0 f12:455702a2
19289228ns          365655 1c008a5a 0046a60b p.lw             x12, 4(x13!)        x12=44e6cef6 x13=10000f00 x13:10000efc  PA:10000efc
19289268ns          365657 1c008a5e 00c77753 fadd.s           f14, f14, f12       f14=xxxxxxxx f14:476c9dda f12:44e6cef6
19289289ns          365658 1c008a5a 0046a60b p.lw             x12, 4(x13!)        x12=44f6270b x13=10000f04 x13:10000f00  PA:10000f00
19289329ns          365660 1c008a5e 00c77753 fadd.s           f14, f14, f12       f14=xxxxxxxx f14:4773d452 f12:44f6270b
19289349ns          365661 1c008a5a 0046a60b p.lw             x12, 4(x13!)        x12=45297b38 x13=10000f08 x13:10000f04  PA:10000f04
19289389ns          365663 1c008a5e 00c77753 fadd.s           f14, f14, f12       f14=xxxxxxxx f14:477b858a f12:45297b38
19289409ns          365664 1c008a5a 0046a60b p.lw             x12, 4(x13!)        x12=4507a691 x13=10000f0c x13:10000f08  PA:10000f08
19289449ns          365666 1c008a5e 00c77753 fadd.s           f14, f14, f12       f14=xxxxxxxx f14:47830e9f f12:4507a691
19289469ns          365667 1c008a5a 0046a60b p.lw             x12, 4(x13!)        x12=44f5aff7 x13=10000f10 x13:10000f0c  PA:10000f0c
19289509ns          365669 1c008a5e 00c77753 fadd.s           f14, f14, f12       f14=xxxxxxxx f14:47874bd4 f12:44f5aff7
19289529ns          365670 1c008a5a 0046a60b p.lw             x12, 4(x13!)        x12=44e4ba97 x13=10000f14 x13:10000f10  PA:10000f10
19289569ns          365672 1c008a5e 00c77753 fadd.s           f14, f14, f12       f14=xxxxxxxx f14:478b2294 f12:44e4ba97
19289590ns          365673 1c008a5a 0046a60b p.lw             x12, 4(x13!)        x12=4506b3b5 x13=10000f18 x13:10000f14  PA:10000f14
19289630ns          365675 1c008a5e 00c77753 fadd.s           f14, f14, f12       f14=xxxxxxxx f14:478eb57e f12:4506b3b5
19289650ns          365676 1c008a5a 0046a60b p.lw             x12, 4(x13!)        x12=44c164ab x13=10000f1c x13:10000f18  PA:10000f18
19289690ns          365678 1c008a5e 00c77753 fadd.s           f14, f14, f12       f14=xxxxxxxx f14:4792eb1c f12:44c164ab
19289710ns          365679 1c008a5a 0046a60b p.lw             x12, 4(x13!)        x12=44e4a995 x13=10000f20 x13:10000f1c  PA:10000f1c
19289750ns          365681 1c008a5e 00c77753 fadd.s           f14, f14, f12       f14=xxxxxxxx f14:4795f0af f12:44e4a995
19289770ns          365682 1c008a5a 0046a60b p.lw             x12, 4(x13!)        x12=4548e5af x13=10000f24 x13:10000f20  PA:10000f20
19289810ns          365684 1c008a5e 00c77753 fadd.s           f14, f14, f12       f14=xxxxxxxx f14:47998355 f12:4548e5af
19289830ns          365685 1c008a5a 0046a60b p.lw             x12, 4(x13!)        x12=44fc2e25 x13=10000f28 x13:10000f24  PA:10000f24
19289870ns          365687 1c008a5e 00c77753 fadd.s           f14, f14, f12       f14=xxxxxxxx f14:479fca82 f12:44fc2e25
19289891ns          365688 1c008a5a 0046a60b p.lw             x12, 4(x13!)        x12=44c3607a x13=10000f2c x13:10000f28  PA:10000f28
19289931ns          365690 1c008a5e 00c77753 fadd.s           f14, f14, f12       f14=xxxxxxxx f14:47a3bb3b f12:44c3607a
19289951ns          365691 1c008a5a 0046a60b p.lw             x12, 4(x13!)        x12=4507ccc2 x13=10000f30 x13:10000f2c  PA:10000f2c
19289991ns          365693 1c008a5e 00c77753 fadd.s           f14, f14, f12       f14=xxxxxxxx f14:47a6c8bd f12:4507ccc2
19290011ns          365694 1c008a5a 0046a60b p.lw             x12, 4(x13!)        x12=44e7d20f x13=10000f34 x13:10000f30  PA:10000f30
19290051ns          365696 1c008a5e 00c77753 fadd.s           f14, f14, f12       f14=xxxxxxxx f14:47ab0723 f12:44e7d20f
19290071ns          365697 1c008a5a 0046a60b p.lw             x12, 4(x13!)        x12=44f866fd x13=10000f38 x13:10000f34  PA:10000f34
19290111ns          365699 1c008a5e 00c77753 fadd.s           f14, f14, f12       f14=xxxxxxxx f14:47aea66b f12:44f866fd
19290131ns          365700 1c008a5a 0046a60b p.lw             x12, 4(x13!)        x12=44c5fcb3 x13=10000f3c x13:10000f38  PA:10000f38
19290171ns          365702 1c008a5e 00c77753 fadd.s           f14, f14, f12       f14=xxxxxxxx f14:47b28807 f12:44c5fcb3
19290191ns          365703 1c008a5a 0046a60b p.lw             x12, 4(x13!)        x12=44f0fff3 x13=10000f40 x13:10000f3c  PA:10000f3c
19290232ns          365705 1c008a5e 00c77753 fadd.s           f14, f14, f12       f14=xxxxxxxx f14:47b59ffa f12:44f0fff3
19290252ns          365706 1c008a5a 0046a60b p.lw             x12, 4(x13!)        x12=44dc3585 x13=10000f44 x13:10000f40  PA:10000f40
19290292ns          365708 1c008a5e 00c77753 fadd.s           f14, f14, f12       f14=xxxxxxxx f14:47b963fa f12:44dc3585
19290312ns          365709 1c008a5a 0046a60b p.lw             x12, 4(x13!)        x12=4505cc63 x13=10000f48 x13:10000f44  PA:10000f44
19290352ns          365711 1c008a5e 00c77753 fadd.s           f14, f14, f12       f14=xxxxxxxx f14:47bcd4d0 f12:4505cc63
19290372ns          365712 1c008a5a 0046a60b p.lw             x12, 4(x13!)        x12=454ee92c x13=10000f4c x13:10000f48  PA:10000f48
19290412ns          365714 1c008a5e 00c77753 fadd.s           f14, f14, f12       f14=xxxxxxxx f14:47c10333 f12:454ee92c
19290432ns          365715 1c008a5a 0046a60b p.lw             x12, 4(x13!)        x12=44af5820 x13=10000f50 x13:10000f4c  PA:10000f4c
19290472ns          365717 1c008a5e 00c77753 fadd.s           f14, f14, f12       f14=xxxxxxxx f14:47c77a7c f12:44af5820
19290492ns          365718 1c008a5a 0046a60b p.lw             x12, 4(x13!)        x12=44dd594e x13=10000f54 x13:10000f50  PA:10000f50
19290533ns          365720 1c008a5e 00c77753 fadd.s           f14, f14, f12       f14=xxxxxxxx f14:47ca37dc f12:44dd594e
19290553ns          365721 1c008a5a 0046a60b p.lw             x12, 4(x13!)        x12=4509b84d x13=10000f58 x13:10000f54  PA:10000f54
19290593ns          365723 1c008a5e 00c77753 fadd.s           f14, f14, f12       f14=xxxxxxxx f14:47cdad41 f12:4509b84d
19290613ns          365724 1c008a5a 0046a60b p.lw             x12, 4(x13!)        x12=450247de x13=10000f5c x13:10000f58  PA:10000f58
19290653ns          365726 1c008a5e 00c77753 fadd.s           f14, f14, f12       f14=xxxxxxxx f14:47d1fb03 f12:450247de
19290673ns          365727 1c008a5a 0046a60b p.lw             x12, 4(x13!)        x12=44fcb28f x13=10000f60 x13:10000f5c  PA:10000f5c
19290713ns          365729 1c008a5e 00c77753 fadd.s           f14, f14, f12       f14=xxxxxxxx f14:47d60d42 f12:44fcb28f
19290733ns          365730 1c008a5a 0046a60b p.lw             x12, 4(x13!)        x12=44d071d1 x13=10000f64 x13:10000f60  PA:10000f60
19290773ns          365732 1c008a5e 00c77753 fadd.s           f14, f14, f12       f14=xxxxxxxx f14:47da000c f12:44d071d1
19290793ns          365733 1c008a5a 0046a60b p.lw             x12, 4(x13!)        x12=44fdd50d x13=10000f68 x13:10000f64  PA:10000f64
19290834ns          365735 1c008a5e 00c77753 fadd.s           f14, f14, f12       f14=xxxxxxxx f14:47dd41d3 f12:44fdd50d
19290854ns          365736 1c008a5a 0046a60b p.lw             x12, 4(x13!)        x12=44b65cdf x13=10000f6c x13:10000f68  PA:10000f68
19290894ns          365738 1c008a5e 00c77753 fadd.s           f14, f14, f12       f14=xxxxxxxx f14:47e13927 f12:44b65cdf
19290914ns          365739 1c008a5a 0046a60b p.lw             x12, 4(x13!)        x12=44f18072 x13=10000f70 x13:10000f6c  PA:10000f6c
19290954ns          365741 1c008a5e 00c77753 fadd.s           f14, f14, f12       f14=xxxxxxxx f14:47e4129a f12:44f18072
19290974ns          365742 1c008a5a 0046a60b p.lw             x12, 4(x13!)        x12=44f3c81e x13=10000f74 x13:10000f70  PA:10000f70
19291014ns          365744 1c008a5e 00c77753 fadd.s           f14, f14, f12       f14=xxxxxxxx f14:47e7d89c f12:44f3c81e
19291034ns          365745 1c008a5a 0046a60b p.lw             x12, 4(x13!)        x12=44a819bf x13=10000f78 x13:10000f74  PA:10000f74
19291074ns          365747 1c008a5e 00c77753 fadd.s           f14, f14, f12       f14=xxxxxxxx f14:47eba7bc f12:44a819bf
19291094ns          365748 1c008a5a 0046a60b p.lw             x12, 4(x13!)        x12=447abd50 x13=10000f7c x13:10000f78  PA:10000f78
19291135ns          365750 1c008a5e 00c77753 fadd.s           f14, f14, f12       f14=xxxxxxxx f14:47ee4823 f12:447abd50
19291155ns          365751 1c008a5a 0046a60b p.lw             x12, 4(x13!)        x12=44b4dce3 x13=10000f80 x13:10000f7c  PA:10000f7c
19291195ns          365753 1c008a5e 00c77753 fadd.s           f14, f14, f12       f14=xxxxxxxx f14:47f03d9e f12:44b4dce3
19291215ns          365754 1c008a5a 0046a60b p.lw             x12, 4(x13!)        x12=44ad23df x13=10000f84 x13:10000f80  PA:10000f80
19291255ns          365756 1c008a5e 00c77753 fadd.s           f14, f14, f12       f14=xxxxxxxx f14:47f31112 f12:44ad23df
19291275ns          365757 1c008a5a 0046a60b p.lw             x12, 4(x13!)        x12=449b0c0c x13=10000f88 x13:10000f84  PA:10000f84
19291315ns          365759 1c008a5e 00c77753 fadd.s           f14, f14, f12       f14=xxxxxxxx f14:47f5c5a1 f12:449b0c0c
19291335ns          365760 1c008a5a 0046a60b p.lw             x12, 4(x13!)        x12=446a3b80 x13=10000f8c x13:10000f88  PA:10000f88
19291375ns          365762 1c008a5e 00c77753 fadd.s           f14, f14, f12       f14=xxxxxxxx f14:47f831d1 f12:446a3b80
19291395ns          365763 1c008a5a 0046a60b p.lw             x12, 4(x13!)        x12=44a56276 x13=10000f90 x13:10000f8c  PA:10000f8c
19291436ns          365765 1c008a5e 00c77753 fadd.s           f14, f14, f12       f14=xxxxxxxx f14:47fa0648 f12:44a56276
19291456ns          365766 1c008a5a 0046a60b p.lw             x12, 4(x13!)        x12=44a309f0 x13=10000f94 x13:10000f90  PA:10000f90
19291496ns          365768 1c008a5e 00c77753 fadd.s           f14, f14, f12       f14=xxxxxxxx f14:47fc9bd2 f12:44a309f0
19291516ns          365769 1c008a5a 0046a60b p.lw             x12, 4(x13!)        x12=44979faf x13=10000f98 x13:10000f94  PA:10000f94
19291556ns          365771 1c008a5e 00c77753 fadd.s           f14, f14, f12       f14=xxxxxxxx f14:47ff27fa f12:44979faf
19291576ns          365772 1c008a5a 0046a60b p.lw             x12, 4(x13!)        x12=45351557 x13=10000f9c x13:10000f98  PA:10000f98
19291616ns          365774 1c008a5e 00c77753 fadd.s           f14, f14, f12       f14=xxxxxxxx f14:4800c33c f12:45351557
19291636ns          365775 1c008a5a 0046a60b p.lw             x12, 4(x13!)        x12=4504c33d x13=10000fa0 x13:10000f9c  PA:10000f9c
19291676ns          365777 1c008a5e 00c77753 fadd.s           f14, f14, f12       f14=xxxxxxxx f14:48039791 f12:4504c33d
19291696ns          365778 1c008a5a 0046a60b p.lw             x12, 4(x13!)        x12=44cf51c8 x13=10000fa4 x13:10000fa0  PA:10000fa0
19291737ns          365780 1c008a5e 00c77753 fadd.s           f14, f14, f12       f14=xxxxxxxx f14:4805aa9e f12:44cf51c8
19291757ns          365781 1c008a5a 0046a60b p.lw             x12, 4(x13!)        x12=44cc1a72 x13=10000fa8 x13:10000fa4  PA:10000fa4
19291797ns          365783 1c008a5e 00c77753 fadd.s           f14, f14, f12       f14=xxxxxxxx f14:48074942 f12:44cc1a72
19291817ns          365784 1c008a5a 0046a60b p.lw             x12, 4(x13!)        x12=44fb4457 x13=10000fac x13:10000fa8  PA:10000fa8
19291857ns          365786 1c008a5e 00c77753 fadd.s           f14, f14, f12       f14=xxxxxxxx f14:4808e177 f12:44fb4457
19291877ns          365787 1c008a5a 0046a60b p.lw             x12, 4(x13!)        x12=44d645ab x13=10000fb0 x13:10000fac  PA:10000fac
19291917ns          365789 1c008a5e 00c77753 fadd.s           f14, f14, f12       f14=xxxxxxxx f14:480ad800 f12:44d645ab
19291937ns          365790 1c008a5a 0046a60b p.lw             x12, 4(x13!)        x12=448bf834 x13=10000fb4 x13:10000fb0  PA:10000fb0
19291977ns          365792 1c008a5e 00c77753 fadd.s           f14, f14, f12       f14=xxxxxxxx f14:480c848b f12:448bf834
19291997ns          365793 1c008a5a 0046a60b p.lw             x12, 4(x13!)        x12=450676d9 x13=10000fb8 x13:10000fb4  PA:10000fb4
19292038ns          365795 1c008a5e 00c77753 fadd.s           f14, f14, f12       f14=xxxxxxxx f14:480d9c7b f12:450676d9
19292058ns          365796 1c008a5a 0046a60b p.lw             x12, 4(x13!)        x12=44dce9e1 x13=10000fbc x13:10000fb8  PA:10000fb8
19292098ns          365798 1c008a5e 00c77753 fadd.s           f14, f14, f12       f14=xxxxxxxx f14:480fb656 f12:44dce9e1
19292118ns          365799 1c008a5a 0046a60b p.lw             x12, 4(x13!)        x12=4503745e x13=10000fc0 x13:10000fbc  PA:10000fbc
19292158ns          365801 1c008a5e 00c77753 fadd.s           f14, f14, f12       f14=xxxxxxxx f14:4811702a f12:4503745e
19292178ns          365802 1c008a5a 0046a60b p.lw             x12, 4(x13!)        x12=451b7f87 x13=10000fc4 x13:10000fc0  PA:10000fc0
19292218ns          365804 1c008a5e 00c77753 fadd.s           f14, f14, f12       f14=xxxxxxxx f14:48137dfb f12:451b7f87
19292238ns          365805 1c008a5a 0046a60b p.lw             x12, 4(x13!)        x12=44c04284 x13=10000fc8 x13:10000fc4  PA:10000fc4
19292278ns          365807 1c008a5e 00c77753 fadd.s           f14, f14, f12       f14=xxxxxxxx f14:4815ebf9 f12:44c04284
19292298ns          365808 1c008a5a 0046a60b p.lw             x12, 4(x13!)        x12=44ba061a x13=10000fcc x13:10000fc8  PA:10000fc8
19292338ns          365810 1c008a5e 00c77753 fadd.s           f14, f14, f12       f14=xxxxxxxx f14:48176c7e f12:44ba061a
19292359ns          365811 1c008a5a 0046a60b p.lw             x12, 4(x13!)        x12=44c325ad x13=10000fd0 x13:10000fcc  PA:10000fcc
19292399ns          365813 1c008a5e 00c77753 fadd.s           f14, f14, f12       f14=xxxxxxxx f14:4818e08a f12:44c325ad
19292419ns          365814 1c008a5a 0046a60b p.lw             x12, 4(x13!)        x12=44d0af88 x13=10000fd4 x13:10000fd0  PA:10000fd0
19292459ns          365816 1c008a5e 00c77753 fadd.s           f14, f14, f12       f14=xxxxxxxx f14:481a66d5 f12:44d0af88
19292479ns          365817 1c008a5a 0046a60b p.lw             x12, 4(x13!)        x12=44a8a29c x13=10000fd8 x13:10000fd4  PA:10000fd4
19292519ns          365819 1c008a5e 00c77753 fadd.s           f14, f14, f12       f14=xxxxxxxx f14:481c0834 f12:44a8a29c
19292539ns          365820 1c008a5a 0046a60b p.lw             x12, 4(x13!)        x12=447469b8 x13=10000fdc x13:10000fd8  PA:10000fd8
19292579ns          365822 1c008a5e 00c77753 fadd.s           f14, f14, f12       f14=xxxxxxxx f14:481d5979 f12:447469b8
19292599ns          365823 1c008a5a 0046a60b p.lw             x12, 4(x13!)        x12=44e8ce30 x13=10000fe0 x13:10000fdc  PA:10000fdc
19292639ns          365825 1c008a5e 00c77753 fadd.s           f14, f14, f12       f14=xxxxxxxx f14:481e4de3 f12:44e8ce30
19292660ns          365826 1c008a5a 0046a60b p.lw             x12, 4(x13!)        x12=44a58d14 x13=10000fe4 x13:10000fe0  PA:10000fe0
19292700ns          365828 1c008a5e 00c77753 fadd.s           f14, f14, f12       f14=xxxxxxxx f14:48201f7f f12:44a58d14
19292720ns          365829 1c008a5a 0046a60b p.lw             x12, 4(x13!)        x12=44cde16a x13=10000fe8 x13:10000fe4  PA:10000fe4
19292760ns          365831 1c008a5e 00c77753 fadd.s           f14, f14, f12       f14=xxxxxxxx f14:48216a99 f12:44cde16a
19292780ns          365832 1c008a62 01010513 addi             x10, x2, 16         x10=10000e58  x2:10000e48
19292800ns          365833 1c008a64 00e12423 sw               x14, 8(x2)          x14:4823065c  x2:10000e48  PA:10000e50
19292820ns          365834 1c008a66 ed8ff0ef jal              x1, -2344            x1=1c008a6a
19294205ns          365903 1c00813e 0045260b p.lw             x12, 4(x10!)        x12=44f6c931 x10=10000e5c x10:10000e58  PA:10000e58
19294225ns          365904 1c008142 00a007b3 add              x15, x0, x10        x15=10000e5c x10:10000e5c
19294245ns          365905 1c008144 00c00733 add              x14, x0, x12        x14=44f6c931 x12:44f6c931
19294265ns          365906 1c008146 063250fb lp.setupi        0x1, 0x63, 0x4     
19294285ns          365907 1c00814a 0047a58b p.lw             x11, 4(x15!)        x11=44c523b9 x15=10000e60 x15:10000e5c  PA:10000e5c
19294706ns          365928 1c00814e 00b77753 fadd.s           f14, f14, f11       f14=xxxxxxxx f14:44f6c931 f11:44c523b9
19294766ns          365931 1c00814a 0047a58b p.lw             x11, 4(x15!)        x11=44d47956 x15=10000e64 x15:10000e60  PA:10000e60
19294807ns          365933 1c00814e 00b77753 fadd.s           f14, f14, f11       f14=xxxxxxxx f14:455df675 f11:44d47956
19294827ns          365934 1c00814a 0047a58b p.lw             x11, 4(x15!)        x11=449f3654 x15=10000e68 x15:10000e64  PA:10000e64
19294867ns          365936 1c00814e 00b77753 fadd.s           f14, f14, f11       f14=xxxxxxxx f14:45a41990 f11:449f3654
19294887ns          365937 1c00814a 0047a58b p.lw             x11, 4(x15!)        x11=44c02d10 x15=10000e6c x15:10000e68  PA:10000e68
19294927ns          365939 1c00814e 00b77753 fadd.s           f14, f14, f11       f14=xxxxxxxx f14:45cbe725 f11:44c02d10
19294947ns          365940 1c00814a 0047a58b p.lw             x11, 4(x15!)        x11=4462e411 x15=10000e70 x15:10000e6c  PA:10000e6c
19294987ns          365942 1c00814e 00b77753 fadd.s           f14, f14, f11       f14=xxxxxxxx f14:45fbf269 f11:4462e411
19295007ns          365943 1c00814a 0047a58b p.lw             x11, 4(x15!)        x11=4454bfd0 x15=10000e74 x15:10000e70  PA:10000e70
19295047ns          365945 1c00814e 00b77753 fadd.s           f14, f14, f11       f14=xxxxxxxx f14:460c2776 f11:4454bfd0
19295067ns          365946 1c00814a 0047a58b p.lw             x11, 4(x15!)        x11=44dc920e x15=10000e78 x15:10000e74  PA:10000e74
19295108ns          365948 1c00814e 00b77753 fadd.s           f14, f14, f11       f14=xxxxxxxx f14:46197373 f11:44dc920e
19295128ns          365949 1c00814a 0047a58b p.lw             x11, 4(x15!)        x11=447e141e x15=10000e7c x15:10000e78  PA:10000e78
19295168ns          365951 1c00814e 00b77753 fadd.s           f14, f14, f11       f14=xxxxxxxx f14:463505b5 f11:447e141e
19295188ns          365952 1c00814a 0047a58b p.lw             x11, 4(x15!)        x11=449e4afc x15=10000e80 x15:10000e7c  PA:10000e7c
19295228ns          365954 1c00814e 00b77753 fadd.s           f14, f14, f11       f14=xxxxxxxx f14:4644e6f7 f11:449e4afc
19295248ns          365955 1c00814a 0047a58b p.lw             x11, 4(x15!)        x11=4512ee0c x15=10000e84 x15:10000e80  PA:10000e80
19295288ns          365957 1c00814e 00b77753 fadd.s           f14, f14, f11       f14=xxxxxxxx f14:4658b056 f11:4512ee0c
19295308ns          365958 1c00814a 0047a58b p.lw             x11, 4(x15!)        x11=44e6779c x15=10000e88 x15:10000e84  PA:10000e84
19295348ns          365960 1c00814e 00b77753 fadd.s           f14, f14, f11       f14=xxxxxxxx f14:467d6bd9 f11:44e6779c
19295368ns          365961 1c00814a 0047a58b p.lw             x11, 4(x15!)        x11=44e2af82 x15=10000e8c x15:10000e88  PA:10000e88
19295408ns          365963 1c00814e 00b77753 fadd.s           f14, f14, f11       f14=xxxxxxxx f14:468d1d66 f11:44e2af82
19295429ns          365964 1c00814a 0047a58b p.lw             x11, 4(x15!)        x11=449a3879 x15=10000e90 x15:10000e8c  PA:10000e8c
19295469ns          365966 1c00814e 00b77753 fadd.s           f14, f14, f11       f14=xxxxxxxx f14:469b485e f11:449a3879
19295489ns          365967 1c00814a 0047a58b p.lw             x11, 4(x15!)        x11=44c873dc x15=10000e94 x15:10000e90  PA:10000e90
19295529ns          365969 1c00814e 00b77753 fadd.s           f14, f14, f11       f14=xxxxxxxx f14:46a4ebe6 f11:44c873dc
19295549ns          365970 1c00814a 0047a58b p.lw             x11, 4(x15!)        x11=44a4292f x15=10000e98 x15:10000e94  PA:10000e94
19295589ns          365972 1c00814e 00b77753 fadd.s           f14, f14, f11       f14=xxxxxxxx f14:46b17324 f11:44a4292f
19295609ns          365973 1c00814a 0047a58b p.lw             x11, 4(x15!)        x11=44869919 x15=10000e9c x15:10000e98  PA:10000e98
19295649ns          365975 1c00814e 00b77753 fadd.s           f14, f14, f11       f14=xxxxxxxx f14:46bbb5b7 f11:44869919
19295669ns          365976 1c00814a 0047a58b p.lw             x11, 4(x15!)        x11=44f1d1ae x15=10000ea0 x15:10000e9c  PA:10000e9c
19295709ns          365978 1c00814e 00b77753 fadd.s           f14, f14, f11       f14=xxxxxxxx f14:46c41f49 f11:44f1d1ae
19295730ns          365979 1c00814a 0047a58b p.lw             x11, 4(x15!)        x11=44aad11a x15=10000ea4 x15:10000ea0  PA:10000ea0
19295770ns          365981 1c00814e 00b77753 fadd.s           f14, f14, f11       f14=xxxxxxxx f14:46d33c64 f11:44aad11a
19295790ns          365982 1c00814a 0047a58b p.lw             x11, 4(x15!)        x11=44da8e22 x15=10000ea8 x15:10000ea4  PA:10000ea4
19295830ns          365984 1c00814e 00b77753 fadd.s           f14, f14, f11       f14=xxxxxxxx f14:46dde976 f11:44da8e22
19295850ns          365985 1c00814a 0047a58b p.lw             x11, 4(x15!)        x11=4512004d x15=10000eac x15:10000ea8  PA:10000ea8
19295890ns          365987 1c00814e 00b77753 fadd.s           f14, f14, f11       f14=xxxxxxxx f14:46eb9258 f11:4512004d
19295910ns          365988 1c00814a 0047a58b p.lw             x11, 4(x15!)        x11=44b6fab1 x15=10000eb0 x15:10000eac  PA:10000eac
19295950ns          365990 1c00814e 00b77753 fadd.s           f14, f14, f11       f14=xxxxxxxx f14:46fdd262 f11:44b6fab1
19295970ns          365991 1c00814a 0047a58b p.lw             x11, 4(x15!)        x11=44a4ead1 x15=10000eb4 x15:10000eb0  PA:10000eb0
19296010ns          365993 1c00814e 00b77753 fadd.s           f14, f14, f11       f14=xxxxxxxx f14:4704a107 f11:44a4ead1
19296031ns          365994 1c00814a 0047a58b p.lw             x11, 4(x15!)        x11=44ca7fb0 x15=10000eb8 x15:10000eb4  PA:10000eb4
19296071ns          365996 1c00814e 00b77753 fadd.s           f14, f14, f11       f14=xxxxxxxx f14:4709c85e f11:44ca7fb0
19296091ns          365997 1c00814a 0047a58b p.lw             x11, 4(x15!)        x11=44dca988 x15=10000ebc x15:10000eb8  PA:10000eb8
19296131ns          365999 1c00814e 00b77753 fadd.s           f14, f14, f11       f14=xxxxxxxx f14:47101c5c f11:44dca988
19296151ns          366000 1c00814a 0047a58b p.lw             x11, 4(x15!)        x11=44bf940f x15=10000ec0 x15:10000ebc  PA:10000ebc
19296191ns          366002 1c00814e 00b77753 fadd.s           f14, f14, f11       f14=xxxxxxxx f14:471701a8 f11:44bf940f
19296211ns          366003 1c00814a 0047a58b p.lw             x11, 4(x15!)        x11=4493dbeb x15=10000ec4 x15:10000ec0  PA:10000ec0
19296251ns          366005 1c00814e 00b77753 fadd.s           f14, f14, f11       f14=xxxxxxxx f14:471cfe48 f11:4493dbeb
19296271ns          366006 1c00814a 0047a58b p.lw             x11, 4(x15!)        x11=44da8e22 x15=10000ec8 x15:10000ec4  PA:10000ec4
19296311ns          366008 1c00814e 00b77753 fadd.s           f14, f14, f11       f14=xxxxxxxx f14:47219d27 f11:44da8e22
19296331ns          366009 1c00814a 0047a58b p.lw             x11, 4(x15!)        x11=44adee74 x15=10000ecc x15:10000ec8  PA:10000ec8
19296372ns          366011 1c00814e 00b77753 fadd.s           f14, f14, f11       f14=xxxxxxxx f14:47287198 f11:44adee74
19296392ns          366012 1c00814a 0047a58b p.lw             x11, 4(x15!)        x11=44cb03d7 x15=10000ed0 x15:10000ecc  PA:10000ecc
19296432ns          366014 1c00814e 00b77753 fadd.s           f14, f14, f11       f14=xxxxxxxx f14:472de10c f11:44cb03d7
19296452ns          366015 1c00814a 0047a58b p.lw             x11, 4(x15!)        x11=44d45e8e x15=10000ed4 x15:10000ed0  PA:10000ed0
19296492ns          366017 1c00814e 00b77753 fadd.s           f14, f14, f11       f14=xxxxxxxx f14:4734392b f11:44d45e8e
19296512ns          366018 1c00814a 0047a58b p.lw             x11, 4(x15!)        x11=446fc4a6 x15=10000ed8 x15:10000ed4  PA:10000ed4
19296552ns          366020 1c00814e 00b77753 fadd.s           f14, f14, f11       f14=xxxxxxxx f14:473adc1f f11:446fc4a6
19296572ns          366021 1c00814a 0047a58b p.lw             x11, 4(x15!)        x11=4477f3af x15=10000edc x15:10000ed8  PA:10000ed8
19296612ns          366023 1c00814e 00b77753 fadd.s           f14, f14, f11       f14=xxxxxxxx f14:473e9b32 f11:4477f3af
19296632ns          366024 1c00814a 0047a58b p.lw             x11, 4(x15!)        x11=44a9b558 x15=10000ee0 x15:10000edc  PA:10000edc
19296673ns          366026 1c00814e 00b77753 fadd.s           f14, f14, f11       f14=xxxxxxxx f14:47427b01 f11:44a9b558
19296693ns          366027 1c00814a 0047a58b p.lw             x11, 4(x15!)        x11=44a5edc6 x15=10000ee4 x15:10000ee0  PA:10000ee0
19296733ns          366029 1c00814e 00b77753 fadd.s           f14, f14, f11       f14=xxxxxxxx f14:4747c8ac f11:44a5edc6
19296753ns          366030 1c00814a 0047a58b p.lw             x11, 4(x15!)        x11=44474be6 x15=10000ee8 x15:10000ee4  PA:10000ee4
19296793ns          366032 1c00814e 00b77753 fadd.s           f14, f14, f11       f14=xxxxxxxx f14:474cf81a f11:44474be6
19296813ns          366033 1c00814a 0047a58b p.lw             x11, 4(x15!)        x11=44638a91 x15=10000eec x15:10000ee8  PA:10000ee8
19296853ns          366035 1c00814e 00b77753 fadd.s           f14, f14, f11       f14=xxxxxxxx f14:4750154a f11:44638a91
19296873ns          366036 1c00814a 0047a58b p.lw             x11, 4(x15!)        x11=44875851 x15=10000ef0 x15:10000eec  PA:10000eec
19296913ns          366038 1c00814e 00b77753 fadd.s           f14, f14, f11       f14=xxxxxxxx f14:4753a374 f11:44875851
19296933ns          366039 1c00814a 0047a58b p.lw             x11, 4(x15!)        x11=443be8e0 x15=10000ef4 x15:10000ef0  PA:10000ef0
19296974ns          366041 1c00814e 00b77753 fadd.s           f14, f14, f11       f14=xxxxxxxx f14:4757de37 f11:443be8e0
19296994ns          366042 1c00814a 0047a58b p.lw             x11, 4(x15!)        x11=448bfac8 x15=10000ef8 x15:10000ef4  PA:10000ef4
19297034ns          366044 1c00814e 00b77753 fadd.s           f14, f14, f11       f14=xxxxxxxx f14:475acdda f11:448bfac8
19297054ns          366045 1c00814a 0047a58b p.lw             x11, 4(x15!)        x11=455702a2 x15=10000efc x15:10000ef8  PA:10000ef8
19297094ns          366047 1c00814e 00b77753 fadd.s           f14, f14, f11       f14=xxxxxxxx f14:475f2db0 f11:455702a2
19297114ns          366048 1c00814a 0047a58b p.lw             x11, 4(x15!)        x11=44e6cef6 x15=10000f00 x15:10000efc  PA:10000efc
19297154ns          366050 1c00814e 00b77753 fadd.s           f14, f14, f11       f14=xxxxxxxx f14:476c9dda f11:44e6cef6
19297174ns          366051 1c00814a 0047a58b p.lw             x11, 4(x15!)        x11=44f6270b x15=10000f04 x15:10000f00  PA:10000f00
19297214ns          366053 1c00814e 00b77753 fadd.s           f14, f14, f11       f14=xxxxxxxx f14:4773d452 f11:44f6270b
19297234ns          366054 1c00814a 0047a58b p.lw             x11, 4(x15!)        x11=45297b38 x15=10000f08 x15:10000f04  PA:10000f04
19297275ns          366056 1c00814e 00b77753 fadd.s           f14, f14, f11       f14=xxxxxxxx f14:477b858a f11:45297b38
19297295ns          366057 1c00814a 0047a58b p.lw             x11, 4(x15!)        x11=4507a691 x15=10000f0c x15:10000f08  PA:10000f08
19297335ns          366059 1c00814e 00b77753 fadd.s           f14, f14, f11       f14=xxxxxxxx f14:47830e9f f11:4507a691
19297355ns          366060 1c00814a 0047a58b p.lw             x11, 4(x15!)        x11=44f5aff7 x15=10000f10 x15:10000f0c  PA:10000f0c
19297395ns          366062 1c00814e 00b77753 fadd.s           f14, f14, f11       f14=xxxxxxxx f14:47874bd4 f11:44f5aff7
19297415ns          366063 1c00814a 0047a58b p.lw             x11, 4(x15!)        x11=44e4ba97 x15=10000f14 x15:10000f10  PA:10000f10
19297455ns          366065 1c00814e 00b77753 fadd.s           f14, f14, f11       f14=xxxxxxxx f14:478b2294 f11:44e4ba97
19297475ns          366066 1c00814a 0047a58b p.lw             x11, 4(x15!)        x11=4506b3b5 x15=10000f18 x15:10000f14  PA:10000f14
19297515ns          366068 1c00814e 00b77753 fadd.s           f14, f14, f11       f14=xxxxxxxx f14:478eb57e f11:4506b3b5
19297535ns          366069 1c00814a 0047a58b p.lw             x11, 4(x15!)        x11=44c164ab x15=10000f1c x15:10000f18  PA:10000f18
19297576ns          366071 1c00814e 00b77753 fadd.s           f14, f14, f11       f14=xxxxxxxx f14:4792eb1c f11:44c164ab
19297596ns          366072 1c00814a 0047a58b p.lw             x11, 4(x15!)        x11=44e4a995 x15=10000f20 x15:10000f1c  PA:10000f1c
19297636ns          366074 1c00814e 00b77753 fadd.s           f14, f14, f11       f14=xxxxxxxx f14:4795f0af f11:44e4a995
19297656ns          366075 1c00814a 0047a58b p.lw             x11, 4(x15!)        x11=4548e5af x15=10000f24 x15:10000f20  PA:10000f20
19297696ns          366077 1c00814e 00b77753 fadd.s           f14, f14, f11       f14=xxxxxxxx f14:47998355 f11:4548e5af
19297716ns          366078 1c00814a 0047a58b p.lw             x11, 4(x15!)        x11=44fc2e25 x15=10000f28 x15:10000f24  PA:10000f24
19297756ns          366080 1c00814e 00b77753 fadd.s           f14, f14, f11       f14=xxxxxxxx f14:479fca82 f11:44fc2e25
19297776ns          366081 1c00814a 0047a58b p.lw             x11, 4(x15!)        x11=44c3607a x15=10000f2c x15:10000f28  PA:10000f28
19297816ns          366083 1c00814e 00b77753 fadd.s           f14, f14, f11       f14=xxxxxxxx f14:47a3bb3b f11:44c3607a
19297836ns          366084 1c00814a 0047a58b p.lw             x11, 4(x15!)        x11=4507ccc2 x15=10000f30 x15:10000f2c  PA:10000f2c
19297877ns          366086 1c00814e 00b77753 fadd.s           f14, f14, f11       f14=xxxxxxxx f14:47a6c8bd f11:4507ccc2
19297897ns          366087 1c00814a 0047a58b p.lw             x11, 4(x15!)        x11=44e7d20f x15=10000f34 x15:10000f30  PA:10000f30
19297937ns          366089 1c00814e 00b77753 fadd.s           f14, f14, f11       f14=xxxxxxxx f14:47ab0723 f11:44e7d20f
19297957ns          366090 1c00814a 0047a58b p.lw             x11, 4(x15!)        x11=44f866fd x15=10000f38 x15:10000f34  PA:10000f34
19297997ns          366092 1c00814e 00b77753 fadd.s           f14, f14, f11       f14=xxxxxxxx f14:47aea66b f11:44f866fd
19298017ns          366093 1c00814a 0047a58b p.lw             x11, 4(x15!)        x11=44c5fcb3 x15=10000f3c x15:10000f38  PA:10000f38
19298057ns          366095 1c00814e 00b77753 fadd.s           f14, f14, f11       f14=xxxxxxxx f14:47b28807 f11:44c5fcb3
19298077ns          366096 1c00814a 0047a58b p.lw             x11, 4(x15!)        x11=44f0fff3 x15=10000f40 x15:10000f3c  PA:10000f3c
19298117ns          366098 1c00814e 00b77753 fadd.s           f14, f14, f11       f14=xxxxxxxx f14:47b59ffa f11:44f0fff3
19298137ns          366099 1c00814a 0047a58b p.lw             x11, 4(x15!)        x11=44dc3585 x15=10000f44 x15:10000f40  PA:10000f40
19298178ns          366101 1c00814e 00b77753 fadd.s           f14, f14, f11       f14=xxxxxxxx f14:47b963fa f11:44dc3585
19298198ns          366102 1c00814a 0047a58b p.lw             x11, 4(x15!)        x11=4505cc63 x15=10000f48 x15:10000f44  PA:10000f44
19298238ns          366104 1c00814e 00b77753 fadd.s           f14, f14, f11       f14=xxxxxxxx f14:47bcd4d0 f11:4505cc63
19298258ns          366105 1c00814a 0047a58b p.lw             x11, 4(x15!)        x11=454ee92c x15=10000f4c x15:10000f48  PA:10000f48
19298298ns          366107 1c00814e 00b77753 fadd.s           f14, f14, f11       f14=xxxxxxxx f14:47c10333 f11:454ee92c
19298318ns          366108 1c00814a 0047a58b p.lw             x11, 4(x15!)        x11=44af5820 x15=10000f50 x15:10000f4c  PA:10000f4c
19298358ns          366110 1c00814e 00b77753 fadd.s           f14, f14, f11       f14=xxxxxxxx f14:47c77a7c f11:44af5820
19298378ns          366111 1c00814a 0047a58b p.lw             x11, 4(x15!)        x11=44dd594e x15=10000f54 x15:10000f50  PA:10000f50
19298418ns          366113 1c00814e 00b77753 fadd.s           f14, f14, f11       f14=xxxxxxxx f14:47ca37dc f11:44dd594e
19298438ns          366114 1c00814a 0047a58b p.lw             x11, 4(x15!)        x11=4509b84d x15=10000f58 x15:10000f54  PA:10000f54
19298478ns          366116 1c00814e 00b77753 fadd.s           f14, f14, f11       f14=xxxxxxxx f14:47cdad41 f11:4509b84d
19298499ns          366117 1c00814a 0047a58b p.lw             x11, 4(x15!)        x11=450247de x15=10000f5c x15:10000f58  PA:10000f58
19298539ns          366119 1c00814e 00b77753 fadd.s           f14, f14, f11       f14=xxxxxxxx f14:47d1fb03 f11:450247de
19298559ns          366120 1c00814a 0047a58b p.lw             x11, 4(x15!)        x11=44fcb28f x15=10000f60 x15:10000f5c  PA:10000f5c
19298599ns          366122 1c00814e 00b77753 fadd.s           f14, f14, f11       f14=xxxxxxxx f14:47d60d42 f11:44fcb28f
19298619ns          366123 1c00814a 0047a58b p.lw             x11, 4(x15!)        x11=44d071d1 x15=10000f64 x15:10000f60  PA:10000f60
19298659ns          366125 1c00814e 00b77753 fadd.s           f14, f14, f11       f14=xxxxxxxx f14:47da000c f11:44d071d1
19298679ns          366126 1c00814a 0047a58b p.lw             x11, 4(x15!)        x11=44fdd50d x15=10000f68 x15:10000f64  PA:10000f64
19298719ns          366128 1c00814e 00b77753 fadd.s           f14, f14, f11       f14=xxxxxxxx f14:47dd41d3 f11:44fdd50d
19298739ns          366129 1c00814a 0047a58b p.lw             x11, 4(x15!)        x11=44b65cdf x15=10000f6c x15:10000f68  PA:10000f68
19298779ns          366131 1c00814e 00b77753 fadd.s           f14, f14, f11       f14=xxxxxxxx f14:47e13927 f11:44b65cdf
19298800ns          366132 1c00814a 0047a58b p.lw             x11, 4(x15!)        x11=44f18072 x15=10000f70 x15:10000f6c  PA:10000f6c
19298840ns          366134 1c00814e 00b77753 fadd.s           f14, f14, f11       f14=xxxxxxxx f14:47e4129a f11:44f18072
19298860ns          366135 1c00814a 0047a58b p.lw             x11, 4(x15!)        x11=44f3c81e x15=10000f74 x15:10000f70  PA:10000f70
19298900ns          366137 1c00814e 00b77753 fadd.s           f14, f14, f11       f14=xxxxxxxx f14:47e7d89c f11:44f3c81e
19298920ns          366138 1c00814a 0047a58b p.lw             x11, 4(x15!)        x11=44a819bf x15=10000f78 x15:10000f74  PA:10000f74
19298960ns          366140 1c00814e 00b77753 fadd.s           f14, f14, f11       f14=xxxxxxxx f14:47eba7bc f11:44a819bf
19298980ns          366141 1c00814a 0047a58b p.lw             x11, 4(x15!)        x11=447abd50 x15=10000f7c x15:10000f78  PA:10000f78
19299020ns          366143 1c00814e 00b77753 fadd.s           f14, f14, f11       f14=xxxxxxxx f14:47ee4823 f11:447abd50
19299040ns          366144 1c00814a 0047a58b p.lw             x11, 4(x15!)        x11=44b4dce3 x15=10000f80 x15:10000f7c  PA:10000f7c
19299080ns          366146 1c00814e 00b77753 fadd.s           f14, f14, f11       f14=xxxxxxxx f14:47f03d9e f11:44b4dce3
19299101ns          366147 1c00814a 0047a58b p.lw             x11, 4(x15!)        x11=44ad23df x15=10000f84 x15:10000f80  PA:10000f80
19299141ns          366149 1c00814e 00b77753 fadd.s           f14, f14, f11       f14=xxxxxxxx f14:47f31112 f11:44ad23df
19299161ns          366150 1c00814a 0047a58b p.lw             x11, 4(x15!)        x11=449b0c0c x15=10000f88 x15:10000f84  PA:10000f84
19299201ns          366152 1c00814e 00b77753 fadd.s           f14, f14, f11       f14=xxxxxxxx f14:47f5c5a1 f11:449b0c0c
19299221ns          366153 1c00814a 0047a58b p.lw             x11, 4(x15!)        x11=446a3b80 x15=10000f8c x15:10000f88  PA:10000f88
19299261ns          366155 1c00814e 00b77753 fadd.s           f14, f14, f11       f14=xxxxxxxx f14:47f831d1 f11:446a3b80
19299281ns          366156 1c00814a 0047a58b p.lw             x11, 4(x15!)        x11=44a56276 x15=10000f90 x15:10000f8c  PA:10000f8c
19299321ns          366158 1c00814e 00b77753 fadd.s           f14, f14, f11       f14=xxxxxxxx f14:47fa0648 f11:44a56276
19299341ns          366159 1c00814a 0047a58b p.lw             x11, 4(x15!)        x11=44a309f0 x15=10000f94 x15:10000f90  PA:10000f90
19299381ns          366161 1c00814e 00b77753 fadd.s           f14, f14, f11       f14=xxxxxxxx f14:47fc9bd2 f11:44a309f0
19299401ns          366162 1c00814a 0047a58b p.lw             x11, 4(x15!)        x11=44979faf x15=10000f98 x15:10000f94  PA:10000f94
19299442ns          366164 1c00814e 00b77753 fadd.s           f14, f14, f11       f14=xxxxxxxx f14:47ff27fa f11:44979faf
19299462ns          366165 1c00814a 0047a58b p.lw             x11, 4(x15!)        x11=45351557 x15=10000f9c x15:10000f98  PA:10000f98
19299502ns          366167 1c00814e 00b77753 fadd.s           f14, f14, f11       f14=xxxxxxxx f14:4800c33c f11:45351557
19299522ns          366168 1c00814a 0047a58b p.lw             x11, 4(x15!)        x11=4504c33d x15=10000fa0 x15:10000f9c  PA:10000f9c
19299562ns          366170 1c00814e 00b77753 fadd.s           f14, f14, f11       f14=xxxxxxxx f14:48039791 f11:4504c33d
19299582ns          366171 1c00814a 0047a58b p.lw             x11, 4(x15!)        x11=44cf51c8 x15=10000fa4 x15:10000fa0  PA:10000fa0
19299622ns          366173 1c00814e 00b77753 fadd.s           f14, f14, f11       f14=xxxxxxxx f14:4805aa9e f11:44cf51c8
19299642ns          366174 1c00814a 0047a58b p.lw             x11, 4(x15!)        x11=44cc1a72 x15=10000fa8 x15:10000fa4  PA:10000fa4
19299682ns          366176 1c00814e 00b77753 fadd.s           f14, f14, f11       f14=xxxxxxxx f14:48074942 f11:44cc1a72
19299702ns          366177 1c00814a 0047a58b p.lw             x11, 4(x15!)        x11=44fb4457 x15=10000fac x15:10000fa8  PA:10000fa8
19299743ns          366179 1c00814e 00b77753 fadd.s           f14, f14, f11       f14=xxxxxxxx f14:4808e177 f11:44fb4457
19299763ns          366180 1c00814a 0047a58b p.lw             x11, 4(x15!)        x11=44d645ab x15=10000fb0 x15:10000fac  PA:10000fac
19299803ns          366182 1c00814e 00b77753 fadd.s           f14, f14, f11       f14=xxxxxxxx f14:480ad800 f11:44d645ab
19299823ns          366183 1c00814a 0047a58b p.lw             x11, 4(x15!)        x11=448bf834 x15=10000fb4 x15:10000fb0  PA:10000fb0
19299863ns          366185 1c00814e 00b77753 fadd.s           f14, f14, f11       f14=xxxxxxxx f14:480c848b f11:448bf834
19299883ns          366186 1c00814a 0047a58b p.lw             x11, 4(x15!)        x11=450676d9 x15=10000fb8 x15:10000fb4  PA:10000fb4
19299923ns          366188 1c00814e 00b77753 fadd.s           f14, f14, f11       f14=xxxxxxxx f14:480d9c7b f11:450676d9
19299943ns          366189 1c00814a 0047a58b p.lw             x11, 4(x15!)        x11=44dce9e1 x15=10000fbc x15:10000fb8  PA:10000fb8
19299983ns          366191 1c00814e 00b77753 fadd.s           f14, f14, f11       f14=xxxxxxxx f14:480fb656 f11:44dce9e1
19300003ns          366192 1c00814a 0047a58b p.lw             x11, 4(x15!)        x11=4503745e x15=10000fc0 x15:10000fbc  PA:10000fbc
19300044ns          366194 1c00814e 00b77753 fadd.s           f14, f14, f11       f14=xxxxxxxx f14:4811702a f11:4503745e
19300064ns          366195 1c00814a 0047a58b p.lw             x11, 4(x15!)        x11=451b7f87 x15=10000fc4 x15:10000fc0  PA:10000fc0
19300104ns          366197 1c00814e 00b77753 fadd.s           f14, f14, f11       f14=xxxxxxxx f14:48137dfb f11:451b7f87
19300124ns          366198 1c00814a 0047a58b p.lw             x11, 4(x15!)        x11=44c04284 x15=10000fc8 x15:10000fc4  PA:10000fc4
19300164ns          366200 1c00814e 00b77753 fadd.s           f14, f14, f11       f14=xxxxxxxx f14:4815ebf9 f11:44c04284
19300184ns          366201 1c00814a 0047a58b p.lw             x11, 4(x15!)        x11=44ba061a x15=10000fcc x15:10000fc8  PA:10000fc8
19300224ns          366203 1c00814e 00b77753 fadd.s           f14, f14, f11       f14=xxxxxxxx f14:48176c7e f11:44ba061a
19300244ns          366204 1c00814a 0047a58b p.lw             x11, 4(x15!)        x11=44c325ad x15=10000fd0 x15:10000fcc  PA:10000fcc
19300284ns          366206 1c00814e 00b77753 fadd.s           f14, f14, f11       f14=xxxxxxxx f14:4818e08a f11:44c325ad
19300304ns          366207 1c00814a 0047a58b p.lw             x11, 4(x15!)        x11=44d0af88 x15=10000fd4 x15:10000fd0  PA:10000fd0
19300345ns          366209 1c00814e 00b77753 fadd.s           f14, f14, f11       f14=xxxxxxxx f14:481a66d5 f11:44d0af88
19300365ns          366210 1c00814a 0047a58b p.lw             x11, 4(x15!)        x11=44a8a29c x15=10000fd8 x15:10000fd4  PA:10000fd4
19300405ns          366212 1c00814e 00b77753 fadd.s           f14, f14, f11       f14=xxxxxxxx f14:481c0834 f11:44a8a29c
19300425ns          366213 1c00814a 0047a58b p.lw             x11, 4(x15!)        x11=447469b8 x15=10000fdc x15:10000fd8  PA:10000fd8
19300465ns          366215 1c00814e 00b77753 fadd.s           f14, f14, f11       f14=xxxxxxxx f14:481d5979 f11:447469b8
19300485ns          366216 1c00814a 0047a58b p.lw             x11, 4(x15!)        x11=44e8ce30 x15=10000fe0 x15:10000fdc  PA:10000fdc
19300525ns          366218 1c00814e 00b77753 fadd.s           f14, f14, f11       f14=xxxxxxxx f14:481e4de3 f11:44e8ce30
19300545ns          366219 1c00814a 0047a58b p.lw             x11, 4(x15!)        x11=44a58d14 x15=10000fe4 x15:10000fe0  PA:10000fe0
19300585ns          366221 1c00814e 00b77753 fadd.s           f14, f14, f11       f14=xxxxxxxx f14:48201f7f f11:44a58d14
19300605ns          366222 1c00814a 0047a58b p.lw             x11, 4(x15!)        x11=44cde16a x15=10000fe8 x15:10000fe4  PA:10000fe4
19300646ns          366224 1c00814e 00b77753 fadd.s           f14, f14, f11       f14=xxxxxxxx f14:48216a99 f11:44cde16a
19300666ns          366225 1c008152 1c0006b7 lui              x13, 0x1c000000     x13=1c000000
19300686ns          366226 1c008156 1306a683 lw               x13, 304(x13)       x13=3c23d70a x13:1c000000  PA:1c000130
19301087ns          366246 1c00815a 40a787b3 sub              x15, x15, x10       x15=0000018c x15:10000fe8 x10:10000e5c
19301107ns          366247 1c00815c 10d776d3 fmul.s           f13, f14, f13       f13=xxxxxxxx f14:4823065c f13:3c23d70a
19301147ns          366249 1c008160 ffc78793 addi             x15, x15, -4        x15=00000188 x15:0000018c
19301167ns          366250 1c008162 0027d793 srli             x15, x15, 0x2       x15=00000062 x15:00000188
19301187ns          366251 1c008164 08d67653 fsub.s           f12, f12, f13       f12=xxxxxxxx f12:44f6c931 f13:44d0abfb
19301207ns          366252 1c008168 00178793 addi             x15, x15, 1         x15=00000063 x15:00000062
19301227ns          366253 1c00816a 10c67653 fmul.s           f12, f12, f12       f12=xxxxxxxx f12:439874d8 f12:439874d8
19301669ns          366275 1c00816e 0067c0fb lp.setup         0x1, x15, 0x6       x15:00000063
19301709ns          366277 1c008172 0045270b p.lw             x14, 4(x10!)        x14=44c523b9 x10=10000e60 x10:10000e5c  PA:10000e5c
19301749ns          366279 1c008176 08d77753 fsub.s           f14, f14, f13       f14=xxxxxxxx f14:44c523b9 f13:44d0abfb
19301769ns          366280 1c00817a 60e77643 fmadd.s          f12, f14, f14, f12  f12=xxxxxxxx f14:c2b88420 f14:c2b88420 f12:47b595ec
19301789ns          366281 1c008172 0045270b p.lw             x14, 4(x10!)        x14=44d47956 x10=10000e64 x10:10000e60  PA:10000e60
19301829ns          366283 1c008176 08d77753 fsub.s           f14, f14, f13       f14=xxxxxxxx f14:44d47956 f13:44d0abfb
19301849ns          366284 1c00817a 60e77643 fmadd.s          f12, f14, f14, f12  f12=xxxxxxxx f14:41f356c0 f14:41f356c0 f12:47c635b2
19301870ns          366285 1c008172 0045270b p.lw             x14, 4(x10!)        x14=449f3654 x10=10000e68 x10:10000e64  PA:10000e64
19301910ns          366287 1c008176 08d77753 fsub.s           f14, f14, f13       f14=xxxxxxxx f14:449f3654 f13:44d0abfb
19301930ns          366288 1c00817a 60e77643 fmadd.s          f12, f14, f14, f12  f12=xxxxxxxx f14:c3c5d69c f14:c3c5d69c f12:47c8044e
19301950ns          366289 1c008172 0045270b p.lw             x14, 4(x10!)        x14=44c02d10 x10=10000e6c x10:10000e68  PA:10000e68
19301990ns          366291 1c008176 08d77753 fsub.s           f14, f14, f13       f14=xxxxxxxx f14:44c02d10 f13:44d0abfb
19302010ns          366292 1c00817a 60e77643 fmadd.s          f12, f14, f14, f12  f12=xxxxxxxx f14:c303f758 f14:c303f758 f12:487ce627
19302030ns          366293 1c008172 0045270b p.lw             x14, 4(x10!)        x14=4462e411 x10=10000e70 x10:10000e6c  PA:10000e6c
19302070ns          366295 1c008176 08d77753 fsub.s           f14, f14, f13       f14=xxxxxxxx f14:4462e411 f13:44d0abfb
19302090ns          366296 1c00817a 60e77643 fmadd.s          f12, f14, f14, f12  f12=xxxxxxxx f14:c43e73e5 f14:c43e73e5 f12:4886f3f6
19302110ns          366297 1c008172 0045270b p.lw             x14, 4(x10!)        x14=4454bfd0 x10=10000e74 x10:10000e70  PA:10000e70
19302150ns          366299 1c008176 08d77753 fsub.s           f14, f14, f13       f14=xxxxxxxx f14:4454bfd0 f13:44d0abfb
19302171ns          366300 1c00817a 60e77643 fmadd.s          f12, f14, f14, f12  f12=xxxxxxxx f14:c44c9826 f14:c44c9826 f12:49512a37
19302191ns          366301 1c008172 0045270b p.lw             x14, 4(x10!)        x14=44dc920e x10=10000e78 x10:10000e74  PA:10000e74
19302231ns          366303 1c008176 08d77753 fsub.s           f14, f14, f13       f14=xxxxxxxx f14:44dc920e f13:44d0abfb
19302251ns          366304 1c00817a 60e77643 fmadd.s          f12, f14, f14, f12  f12=xxxxxxxx f14:42be6130 f14:42be6130 f12:49ba5687
19302271ns          366305 1c008172 0045270b p.lw             x14, 4(x10!)        x14=447e141e x10=10000e7c x10:10000e78  PA:10000e78
19302311ns          366307 1c008176 08d77753 fsub.s           f14, f14, f13       f14=xxxxxxxx f14:447e141e f13:44d0abfb
19302331ns          366308 1c00817a 60e77643 fmadd.s          f12, f14, f14, f12  f12=xxxxxxxx f14:c42343d8 f14:c42343d8 f12:49bb71b0
19302351ns          366309 1c008172 0045270b p.lw             x14, 4(x10!)        x14=449e4afc x10=10000e80 x10:10000e7c  PA:10000e7c
19302391ns          366311 1c008176 08d77753 fsub.s           f14, f14, f13       f14=xxxxxxxx f14:449e4afc f13:44d0abfb
19302411ns          366312 1c00817a 60e77643 fmadd.s          f12, f14, f14, f12  f12=xxxxxxxx f14:c3c983fc f14:c3c983fc f12:49ef816c
19302431ns          366313 1c008172 0045270b p.lw             x14, 4(x10!)        x14=4512ee0c x10=10000e84 x10:10000e80  PA:10000e80
19302471ns          366315 1c008176 08d77753 fsub.s           f14, f14, f13       f14=xxxxxxxx f14:4512ee0c f13:44d0abfb
19302492ns          366316 1c00817a 60e77643 fmadd.s          f12, f14, f14, f12  f12=xxxxxxxx f14:442a603a f14:442a603a f12:4a01aabe
19302512ns          366317 1c008172 0045270b p.lw             x14, 4(x10!)        x14=44e6779c x10=10000e88 x10:10000e84  PA:10000e84
19302552ns          366319 1c008176 08d77753 fsub.s           f14, f14, f13       f14=xxxxxxxx f14:44e6779c f13:44d0abfb
19302572ns          366320 1c00817a 60e77643 fmadd.s          f12, f14, f14, f12  f12=xxxxxxxx f14:432e5d08 f14:432e5d08 f12:4a1e03ba
19302592ns          366321 1c008172 0045270b p.lw             x14, 4(x10!)        x14=44e2af82 x10=10000e8c x10:10000e88  PA:10000e88
19302632ns          366323 1c008176 08d77753 fsub.s           f14, f14, f13       f14=xxxxxxxx f14:44e2af82 f13:44d0abfb
19302652ns          366324 1c00817a 60e77643 fmadd.s          f12, f14, f14, f12  f12=xxxxxxxx f14:43101c38 f14:43101c38 f12:4a1fdec4
19302672ns          366325 1c008172 0045270b p.lw             x14, 4(x10!)        x14=449a3879 x10=10000e90 x10:10000e8c  PA:10000e8c
19302712ns          366327 1c008176 08d77753 fsub.s           f14, f14, f13       f14=xxxxxxxx f14:449a3879 f13:44d0abfb
19302732ns          366328 1c00817a 60e77643 fmadd.s          f12, f14, f14, f12  f12=xxxxxxxx f14:c3d9ce08 f14:c3d9ce08 f12:4a212343
19302752ns          366329 1c008172 0045270b p.lw             x14, 4(x10!)        x14=44c873dc x10=10000e94 x10:10000e90  PA:10000e90
19302793ns          366331 1c008176 08d77753 fsub.s           f14, f14, f13       f14=xxxxxxxx f14:44c873dc f13:44d0abfb
19302813ns          366332 1c00817a 60e77643 fmadd.s          f12, f14, f14, f12  f12=xxxxxxxx f14:c28381f0 f14:c28381f0 f12:4a2cb832
19302833ns          366333 1c008172 0045270b p.lw             x14, 4(x10!)        x14=44a4292f x10=10000e98 x10:10000e94  PA:10000e94
19302873ns          366335 1c008176 08d77753 fsub.s           f14, f14, f13       f14=xxxxxxxx f14:44a4292f f13:44d0abfb
19302893ns          366336 1c00817a 60e77643 fmadd.s          f12, f14, f14, f12  f12=xxxxxxxx f14:c3b20b30 f14:c3b20b30 f12:4a2cfbc0
19302913ns          366337 1c008172 0045270b p.lw             x14, 4(x10!)        x14=44869919 x10=10000e9c x10:10000e98  PA:10000e98
19302953ns          366339 1c008176 08d77753 fsub.s           f14, f14, f13       f14=xxxxxxxx f14:44869919 f13:44d0abfb
19302973ns          366340 1c00817a 60e77643 fmadd.s          f12, f14, f14, f12  f12=xxxxxxxx f14:c41425c4 f14:c41425c4 f12:4a34b8f9
19302993ns          366341 1c008172 0045270b p.lw             x14, 4(x10!)        x14=44f1d1ae x10=10000ea0 x10:10000e9c  PA:10000e9c
19303033ns          366343 1c008176 08d77753 fsub.s           f14, f14, f13       f14=xxxxxxxx f14:44f1d1ae f13:44d0abfb
19303053ns          366344 1c00817a 60e77643 fmadd.s          f12, f14, f14, f12  f12=xxxxxxxx f14:438496cc f14:438496cc f12:4a4a27e5
19303073ns          366345 1c008172 0045270b p.lw             x14, 4(x10!)        x14=44aad11a x10=10000ea4 x10:10000ea0  PA:10000ea0
19303114ns          366347 1c008176 08d77753 fsub.s           f14, f14, f13       f14=xxxxxxxx f14:44aad11a f13:44d0abfb
19303134ns          366348 1c00817a 60e77643 fmadd.s          f12, f14, f14, f12  f12=xxxxxxxx f14:c3976b84 f14:c3976b84 f12:4a4e72a3
19303154ns          366349 1c008172 0045270b p.lw             x14, 4(x10!)        x14=44da8e22 x10=10000ea8 x10:10000ea4  PA:10000ea4
19303194ns          366351 1c008176 08d77753 fsub.s           f14, f14, f13       f14=xxxxxxxx f14:44da8e22 f13:44d0abfb
19303214ns          366352 1c00817a 60e77643 fmadd.s          f12, f14, f14, f12  f12=xxxxxxxx f14:429e2270 f14:429e2270 f12:4a540ba3
19303234ns          366353 1c008172 0045270b p.lw             x14, 4(x10!)        x14=4512004d x10=10000eac x10:10000ea8  PA:10000ea8
19303274ns          366355 1c008176 08d77753 fsub.s           f14, f14, f13       f14=xxxxxxxx f14:4512004d f13:44d0abfb
19303294ns          366356 1c00817a 60e77643 fmadd.s          f12, f14, f14, f12  f12=xxxxxxxx f14:4426a93e f14:4426a93e f12:4a546d52
19303314ns          366357 1c008172 0045270b p.lw             x14, 4(x10!)        x14=44b6fab1 x10=10000eb0 x10:10000eac  PA:10000eac
19303354ns          366359 1c008176 08d77753 fsub.s           f14, f14, f13       f14=xxxxxxxx f14:44b6fab1 f13:44d0abfb
19303374ns          366360 1c00817a 60e77643 fmadd.s          f12, f14, f14, f12  f12=xxxxxxxx f14:c34d8a50 f14:c34d8a50 f12:4a6f8d4d
19303395ns          366361 1c008172 0045270b p.lw             x14, 4(x10!)        x14=44a4ead1 x10=10000eb4 x10:10000eb0  PA:10000eb0
19303435ns          366363 1c008176 08d77753 fsub.s           f14, f14, f13       f14=xxxxxxxx f14:44a4ead1 f13:44d0abfb
19303455ns          366364 1c00817a 60e77643 fmadd.s          f12, f14, f14, f12  f12=xxxxxxxx f14:c3af04a8 f14:c3af04a8 f12:4a722168
19303475ns          366365 1c008172 0045270b p.lw             x14, 4(x10!)        x14=44ca7fb0 x10=10000eb8 x10:10000eb4  PA:10000eb4
19303515ns          366367 1c008176 08d77753 fsub.s           f14, f14, f13       f14=xxxxxxxx f14:44ca7fb0 f13:44d0abfb
19303535ns          366368 1c00817a 60e77643 fmadd.s          f12, f14, f14, f12  f12=xxxxxxxx f14:c2458960 f14:c2458960 f12:4a799bde
19303555ns          366369 1c008172 0045270b p.lw             x14, 4(x10!)        x14=44dca988 x10=10000ebc x10:10000eb8  PA:10000eb8
19303595ns          366371 1c008176 08d77753 fsub.s           f14, f14, f13       f14=xxxxxxxx f14:44dca988 f13:44d0abfb
19303615ns          366372 1c00817a 60e77643 fmadd.s          f12, f14, f14, f12  f12=xxxxxxxx f14:42bfd8d0 f14:42bfd8d0 f12:4a79c1f9
19303635ns          366373 1c008172 0045270b p.lw             x14, 4(x10!)        x14=44bf940f x10=10000ec0 x10:10000ebc  PA:10000ebc
19303675ns          366375 1c008176 08d77753 fsub.s           f14, f14, f13       f14=xxxxxxxx f14:44bf940f f13:44d0abfb
19303695ns          366376 1c00817a 60e77643 fmadd.s          f12, f14, f14, f12  f12=xxxxxxxx f14:c308bf60 f14:c308bf60 f12:4a7a51be
19303716ns          366377 1c008172 0045270b p.lw             x14, 4(x10!)        x14=4493dbeb x10=10000ec4 x10:10000ec0  PA:10000ec0
19303756ns          366379 1c008176 08d77753 fsub.s           f14, f14, f13       f14=xxxxxxxx f14:4493dbeb f13:44d0abfb
19303776ns          366380 1c00817a 60e77643 fmadd.s          f12, f14, f14, f12  f12=xxxxxxxx f14:c3f34040 f14:c3f34040 f12:4a7b75ee
19303796ns          366381 1c008172 0045270b p.lw             x14, 4(x10!)        x14=44da8e22 x10=10000ec8 x10:10000ec4  PA:10000ec4
19303836ns          366383 1c008176 08d77753 fsub.s           f14, f14, f13       f14=xxxxxxxx f14:44da8e22 f13:44d0abfb
19303856ns          366384 1c00817a 60e77643 fmadd.s          f12, f14, f14, f12  f12=xxxxxxxx f14:429e2270 f14:429e2270 f12:4a84f40f
19303876ns          366385 1c008172 0045270b p.lw             x14, 4(x10!)        x14=44adee74 x10=10000ecc x10:10000ec8  PA:10000ec8
19303916ns          366387 1c008176 08d77753 fsub.s           f14, f14, f13       f14=xxxxxxxx f14:44adee74 f13:44d0abfb
19303936ns          366388 1c00817a 60e77643 fmadd.s          f12, f14, f14, f12  f12=xxxxxxxx f14:c38af61c f14:c38af61c f12:4a8524e6
19303956ns          366389 1c008172 0045270b p.lw             x14, 4(x10!)        x14=44cb03d7 x10=10000ed0 x10:10000ecc  PA:10000ecc
19303996ns          366391 1c008176 08d77753 fsub.s           f14, f14, f13       f14=xxxxxxxx f14:44cb03d7 f13:44d0abfb
19304017ns          366392 1c00817a 60e77643 fmadd.s          f12, f14, f14, f12  f12=xxxxxxxx f14:c2350480 f14:c2350480 f12:4a878058
19304037ns          366393 1c008172 0045270b p.lw             x14, 4(x10!)        x14=44d45e8e x10=10000ed4 x10:10000ed0  PA:10000ed0
19304077ns          366395 1c008176 08d77753 fsub.s           f14, f14, f13       f14=xxxxxxxx f14:44d45e8e f13:44d0abfb
19304097ns          366396 1c00817a 60e77643 fmadd.s          f12, f14, f14, f12  f12=xxxxxxxx f14:41eca4c0 f14:41eca4c0 f12:4a879058
19304117ns          366397 1c008172 0045270b p.lw             x14, 4(x10!)        x14=446fc4a6 x10=10000ed8 x10:10000ed4  PA:10000ed4
19304157ns          366399 1c008176 08d77753 fsub.s           f14, f14, f13       f14=xxxxxxxx f14:446fc4a6 f13:44d0abfb
19304177ns          366400 1c00817a 60e77643 fmadd.s          f12, f14, f14, f12  f12=xxxxxxxx f14:c4319350 f14:c4319350 f12:4a87972e
19304197ns          366401 1c008172 0045270b p.lw             x14, 4(x10!)        x14=4477f3af x10=10000edc x10:10000ed8  PA:10000ed8
19304237ns          366403 1c008176 08d77753 fsub.s           f14, f14, f13       f14=xxxxxxxx f14:4477f3af f13:44d0abfb
19304257ns          366404 1c00817a 60e77643 fmadd.s          f12, f14, f14, f12  f12=xxxxxxxx f14:c4296447 f14:c4296447 f12:4a96fccf
19304277ns          366405 1c008172 0045270b p.lw             x14, 4(x10!)        x14=44a9b558 x10=10000ee0 x10:10000edc  PA:10000edc
19304318ns          366407 1c008176 08d77753 fsub.s           f14, f14, f13       f14=xxxxxxxx f14:44a9b558 f13:44d0abfb
19304338ns          366408 1c00817a 60e77643 fmadd.s          f12, f14, f14, f12  f12=xxxxxxxx f14:c39bda8c f14:c39bda8c f12:4aa4ff81
19304358ns          366409 1c008172 0045270b p.lw             x14, 4(x10!)        x14=44a5edc6 x10=10000ee4 x10:10000ee0  PA:10000ee0
19304398ns          366411 1c008176 08d77753 fsub.s           f14, f14, f13       f14=xxxxxxxx f14:44a5edc6 f13:44d0abfb
19304418ns          366412 1c00817a 60e77643 fmadd.s          f12, f14, f14, f12  f12=xxxxxxxx f14:c3aaf8d4 f14:c3aaf8d4 f12:4aa7f694
19304438ns          366413 1c008172 0045270b p.lw             x14, 4(x10!)        x14=44474be6 x10=10000ee8 x10:10000ee4  PA:10000ee4
19304478ns          366415 1c008176 08d77753 fsub.s           f14, f14, f13       f14=xxxxxxxx f14:44474be6 f13:44d0abfb
19304498ns          366416 1c00817a 60e77643 fmadd.s          f12, f14, f14, f12  f12=xxxxxxxx f14:c45a0c10 f14:c45a0c10 f12:4aab880f
19304518ns          366417 1c008172 0045270b p.lw             x14, 4(x10!)        x14=44638a91 x10=10000eec x10:10000ee8  PA:10000ee8
19304558ns          366419 1c008176 08d77753 fsub.s           f14, f14, f13       f14=xxxxxxxx f14:44638a91 f13:44d0abfb
19304578ns          366420 1c00817a 60e77643 fmadd.s          f12, f14, f14, f12  f12=xxxxxxxx f14:c43dcd65 f14:c43dcd65 f12:4ac2bf20
19304598ns          366421 1c008172 0045270b p.lw             x14, 4(x10!)        x14=44875851 x10=10000ef0 x10:10000eec  PA:10000eec
19304639ns          366423 1c008176 08d77753 fsub.s           f14, f14, f13       f14=xxxxxxxx f14:44875851 f13:44d0abfb
19304659ns          366424 1c00817a 60e77643 fmadd.s          f12, f14, f14, f12  f12=xxxxxxxx f14:c412a754 f14:c412a754 f12:4ad4563d
19304679ns          366425 1c008172 0045270b p.lw             x14, 4(x10!)        x14=443be8e0 x10=10000ef4 x10:10000ef0  PA:10000ef0
19304719ns          366427 1c008176 08d77753 fsub.s           f14, f14, f13       f14=xxxxxxxx f14:443be8e0 f13:44d0abfb
19304739ns          366428 1c00817a 60e77643 fmadd.s          f12, f14, f14, f12  f12=xxxxxxxx f14:c4656f16 f14:c4656f16 f12:4aded6a6
19304759ns          366429 1c008172 0045270b p.lw             x14, 4(x10!)        x14=448bfac8 x10=10000ef8 x10:10000ef4  PA:10000ef4
19304799ns          366431 1c008176 08d77753 fsub.s           f14, f14, f13       f14=xxxxxxxx f14:448bfac8 f13:44d0abfb
19304819ns          366432 1c00817a 60e77643 fmadd.s          f12, f14, f14, f12  f12=xxxxxxxx f14:c4096266 f14:c4096266 f12:4af88aa4
19304839ns          366433 1c008172 0045270b p.lw             x14, 4(x10!)        x14=455702a2 x10=10000efc x10:10000ef8  PA:10000ef8
19304879ns          366435 1c008176 08d77753 fsub.s           f14, f14, f13       f14=xxxxxxxx f14:455702a2 f13:44d0abfb
19304899ns          366436 1c00817a 60e77643 fmadd.s          f12, f14, f14, f12  f12=xxxxxxxx f14:44dd5949 f14:44dd5949 f12:4b00e0f9
19304919ns          366437 1c008172 0045270b p.lw             x14, 4(x10!)        x14=44e6cef6 x10=10000f00 x10:10000efc  PA:10000efc
19304960ns          366439 1c008176 08d77753 fsub.s           f14, f14, f13       f14=xxxxxxxx f14:44e6cef6 f13:44d0abfb
19304980ns          366440 1c00817a 60e77643 fmadd.s          f12, f14, f14, f12  f12=xxxxxxxx f14:433117d8 f14:433117d8 f12:4b30b9cb
19305000ns          366441 1c008172 0045270b p.lw             x14, 4(x10!)        x14=44f6270b x10=10000f04 x10:10000f00  PA:10000f00
19305040ns          366443 1c008176 08d77753 fsub.s           f14, f14, f13       f14=xxxxxxxx f14:44f6270b f13:44d0abfb
19305060ns          366444 1c00817a 60e77643 fmadd.s          f12, f14, f14, f12  f12=xxxxxxxx f14:4395ec40 f14:4395ec40 f12:4b31344d
19305080ns          366445 1c008172 0045270b p.lw             x14, 4(x10!)        x14=45297b38 x10=10000f08 x10:10000f04  PA:10000f04
19305120ns          366447 1c008176 08d77753 fsub.s           f14, f14, f13       f14=xxxxxxxx f14:45297b38 f13:44d0abfb
19305140ns          366448 1c00817a 60e77643 fmadd.s          f12, f14, f14, f12  f12=xxxxxxxx f14:44824a75 f14:44824a75 f12:4b329380
19305160ns          366449 1c008172 0045270b p.lw             x14, 4(x10!)        x14=4507a691 x10=10000f0c x10:10000f08  PA:10000f08
19305200ns          366451 1c008176 08d77753 fsub.s           f14, f14, f13       f14=xxxxxxxx f14:4507a691 f13:44d0abfb
19305220ns          366452 1c00817a 60e77643 fmadd.s          f12, f14, f14, f12  f12=xxxxxxxx f14:43fa849c f14:43fa849c f12:4b43276d
19305241ns          366453 1c008172 0045270b p.lw             x14, 4(x10!)        x14=44f5aff7 x10=10000f10 x10:10000f0c  PA:10000f0c
19305281ns          366455 1c008176 08d77753 fsub.s           f14, f14, f13       f14=xxxxxxxx f14:44f5aff7 f13:44d0abfb
19305301ns          366456 1c00817a 60e77643 fmadd.s          f12, f14, f14, f12  f12=xxxxxxxx f14:43940ff0 f14:43940ff0 f12:4b46fc0a
19305321ns          366457 1c008172 0045270b p.lw             x14, 4(x10!)        x14=44e4ba97 x10=10000f14 x10:10000f10  PA:10000f10
19305361ns          366459 1c008176 08d77753 fsub.s           f14, f14, f13       f14=xxxxxxxx f14:44e4ba97 f13:44d0abfb
19305381ns          366460 1c00817a 60e77643 fmadd.s          f12, f14, f14, f12  f12=xxxxxxxx f14:432074e0 f14:432074e0 f12:4b485294
19305401ns          366461 1c008172 0045270b p.lw             x14, 4(x10!)        x14=4506b3b5 x10=10000f18 x10:10000f14  PA:10000f14
19305441ns          366463 1c008176 08d77753 fsub.s           f14, f14, f13       f14=xxxxxxxx f14:4506b3b5 f13:44d0abfb
19305461ns          366464 1c00817a 60e77643 fmadd.s          f12, f14, f14, f12  f12=xxxxxxxx f14:43f2edbc f14:43f2edbc f12:4b48b726
19305481ns          366465 1c008172 0045270b p.lw             x14, 4(x10!)        x14=44c164ab x10=10000f1c x10:10000f18  PA:10000f18
19305521ns          366467 1c008176 08d77753 fsub.s           f14, f14, f13       f14=xxxxxxxx f14:44c164ab f13:44d0abfb
19305541ns          366468 1c00817a 60e77643 fmadd.s          f12, f14, f14, f12  f12=xxxxxxxx f14:c2f47500 f14:c2f47500 f12:4b4c513f
19305562ns          366469 1c008172 0045270b p.lw             x14, 4(x10!)        x14=44e4a995 x10=10000f20 x10:10000f1c  PA:10000f1c
19305602ns          366471 1c008176 08d77753 fsub.s           f14, f14, f13       f14=xxxxxxxx f14:44e4a995 f13:44d0abfb
19305622ns          366472 1c00817a 60e77643 fmadd.s          f12, f14, f14, f12  f12=xxxxxxxx f14:431fecd0 f14:431fecd0 f12:4b4c8b9b
19305642ns          366473 1c008172 0045270b p.lw             x14, 4(x10!)        x14=4548e5af x10=10000f24 x10:10000f20  PA:10000f20
19305682ns          366475 1c008176 08d77753 fsub.s           f14, f14, f13       f14=xxxxxxxx f14:4548e5af f13:44d0abfb
19305702ns          366476 1c00817a 60e77643 fmadd.s          f12, f14, f14, f12  f12=xxxxxxxx f14:44c11f63 f14:44c11f63 f12:4b4cef83
19305722ns          366477 1c008172 0045270b p.lw             x14, 4(x10!)        x14=44fc2e25 x10=10000f28 x10:10000f24  PA:10000f24
19305762ns          366479 1c008176 08d77753 fsub.s           f14, f14, f13       f14=xxxxxxxx f14:44fc2e25 f13:44d0abfb
19305782ns          366480 1c00817a 60e77643 fmadd.s          f12, f14, f14, f12  f12=xxxxxxxx f14:43ae08a8 f14:43ae08a8 f12:4b715b99
19305802ns          366481 1c008172 0045270b p.lw             x14, 4(x10!)        x14=44c3607a x10=10000f2c x10:10000f28  PA:10000f28
19305842ns          366483 1c008176 08d77753 fsub.s           f14, f14, f13       f14=xxxxxxxx f14:44c3607a f13:44d0abfb
19305863ns          366484 1c00817a 60e77643 fmadd.s          f12, f14, f14, f12  f12=xxxxxxxx f14:c2d4b810 f14:c2d4b810 f12:4b7334d8
19305883ns          366485 1c008172 0045270b p.lw             x14, 4(x10!)        x14=4507ccc2 x10=10000f30 x10:10000f2c  PA:10000f2c
19305923ns          366487 1c008176 08d77753 fsub.s           f14, f14, f13       f14=xxxxxxxx f14:4507ccc2 f13:44d0abfb
19305943ns          366488 1c00817a 60e77643 fmadd.s          f12, f14, f14, f12  f12=xxxxxxxx f14:43fbb624 f14:43fbb624 f12:4b736108
19305963ns          366489 1c008172 0045270b p.lw             x14, 4(x10!)        x14=44e7d20f x10=10000f34 x10:10000f30  PA:10000f30
19306003ns          366491 1c008176 08d77753 fsub.s           f14, f14, f13       f14=xxxxxxxx f14:44e7d20f f13:44d0abfb
19306023ns          366492 1c00817a 60e77643 fmadd.s          f12, f14, f14, f12  f12=xxxxxxxx f14:433930a0 f14:433930a0 f12:4b773f03
19306043ns          366493 1c008172 0045270b p.lw             x14, 4(x10!)        x14=44f866fd x10=10000f38 x10:10000f34  PA:10000f34
19306083ns          366495 1c008176 08d77753 fsub.s           f14, f14, f13       f14=xxxxxxxx f14:44f866fd f13:44d0abfb
19306103ns          366496 1c00817a 60e77643 fmadd.s          f12, f14, f14, f12  f12=xxxxxxxx f14:439eec08 f14:439eec08 f12:4b77c4fa
19306123ns          366497 1c008172 0045270b p.lw             x14, 4(x10!)        x14=44c5fcb3 x10=10000f3c x10:10000f38  PA:10000f38
19306164ns          366499 1c008176 08d77753 fsub.s           f14, f14, f13       f14=xxxxxxxx f14:44c5fcb3 f13:44d0abfb
19306184ns          366500 1c00817a 60e77643 fmadd.s          f12, f14, f14, f12  f12=xxxxxxxx f14:c2aaf480 f14:c2aaf480 f12:4b794f9b
19306204ns          366501 1c008172 0045270b p.lw             x14, 4(x10!)        x14=44f0fff3 x10=10000f40 x10:10000f3c  PA:10000f3c
19306244ns          366503 1c008176 08d77753 fsub.s           f14, f14, f13       f14=xxxxxxxx f14:44f0fff3 f13:44d0abfb
19306264ns          366504 1c00817a 60e77643 fmadd.s          f12, f14, f14, f12  f12=xxxxxxxx f14:43814fe0 f14:43814fe0 f12:4b796c25
19306284ns          366505 1c008172 0045270b p.lw             x14, 4(x10!)        x14=44dc3585 x10=10000f44 x10:10000f40  PA:10000f40
19306324ns          366507 1c008176 08d77753 fsub.s           f14, f14, f13       f14=xxxxxxxx f14:44dc3585 f13:44d0abfb
19306344ns          366508 1c00817a 60e77643 fmadd.s          f12, f14, f14, f12  f12=xxxxxxxx f14:42b898a0 f14:42b898a0 f12:4b7a716b
19306364ns          366509 1c008172 0045270b p.lw             x14, 4(x10!)        x14=4505cc63 x10=10000f48 x10:10000f44  PA:10000f44
19306404ns          366511 1c008176 08d77753 fsub.s           f14, f14, f13       f14=xxxxxxxx f14:4505cc63 f13:44d0abfb
19306424ns          366512 1c00817a 60e77643 fmadd.s          f12, f14, f14, f12  f12=xxxxxxxx f14:43ebb32c f14:43ebb32c f12:4b7a92b2
19306444ns          366513 1c008172 0045270b p.lw             x14, 4(x10!)        x14=454ee92c x10=10000f4c x10:10000f48  PA:10000f48
19306485ns          366515 1c008176 08d77753 fsub.s           f14, f14, f13       f14=xxxxxxxx f14:454ee92c f13:44d0abfb
19306505ns          366516 1c00817a 60e77643 fmadd.s          f12, f14, f14, f12  f12=xxxxxxxx f14:44cd265d f14:44cd265d f12:4b7df6bc
19306525ns          366517 1c008172 0045270b p.lw             x14, 4(x10!)        x14=44af5820 x10=10000f50 x10:10000f4c  PA:10000f4c
19306565ns          366519 1c008176 08d77753 fsub.s           f14, f14, f13       f14=xxxxxxxx f14:44af5820 f13:44d0abfb
19306585ns          366520 1c00817a 60e77643 fmadd.s          f12, f14, f14, f12  f12=xxxxxxxx f14:c3854f6c f14:c3854f6c f12:4b93882d
19306605ns          366521 1c008172 0045270b p.lw             x14, 4(x10!)        x14=44dd594e x10=10000f54 x10:10000f50  PA:10000f50
19306645ns          366523 1c008176 08d77753 fsub.s           f14, f14, f13       f14=xxxxxxxx f14:44dd594e f13:44d0abfb
19306665ns          366524 1c00817a 60e77643 fmadd.s          f12, f14, f14, f12  f12=xxxxxxxx f14:42cad530 f14:42cad530 f12:4b941304
19306685ns          366525 1c008172 0045270b p.lw             x14, 4(x10!)        x14=4509b84d x10=10000f58 x10:10000f54  PA:10000f54
19306725ns          366527 1c008176 08d77753 fsub.s           f14, f14, f13       f14=xxxxxxxx f14:4509b84d f13:44d0abfb
19306745ns          366528 1c00817a 60e77643 fmadd.s          f12, f14, f14, f12  f12=xxxxxxxx f14:4405893e f14:4405893e f12:4b94271b
19306765ns          366529 1c008172 0045270b p.lw             x14, 4(x10!)        x14=450247de x10=10000f5c x10:10000f58  PA:10000f58
19306806ns          366531 1c008176 08d77753 fsub.s           f14, f14, f13       f14=xxxxxxxx f14:450247de f13:44d0abfb
19306826ns          366532 1c00817a 60e77643 fmadd.s          f12, f14, f14, f12  f12=xxxxxxxx f14:43cf8f04 f14:43cf8f04 f12:4b96545a
19306846ns          366533 1c008172 0045270b p.lw             x14, 4(x10!)        x14=44fcb28f x10=10000f60 x10:10000f5c  PA:10000f5c
19306886ns          366535 1c008176 08d77753 fsub.s           f14, f14, f13       f14=xxxxxxxx f14:44fcb28f f13:44d0abfb
19306906ns          366536 1c00817a 60e77643 fmadd.s          f12, f14, f14, f12  f12=xxxxxxxx f14:43b01a50 f14:43b01a50 f12:4b97a4eb
19306926ns          366537 1c008172 0045270b p.lw             x14, 4(x10!)        x14=44d071d1 x10=10000f64 x10:10000f60  PA:10000f60
19306966ns          366539 1c008176 08d77753 fsub.s           f14, f14, f13       f14=xxxxxxxx f14:44d071d1 f13:44d0abfb
19306986ns          366540 1c00817a 60e77643 fmadd.s          f12, f14, f14, f12  f12=xxxxxxxx f14:bfe8a800 f14:bfe8a800 f12:4b989733
19307006ns          366541 1c008172 0045270b p.lw             x14, 4(x10!)        x14=44fdd50d x10=10000f68 x10:10000f64  PA:10000f64
19307046ns          366543 1c008176 08d77753 fsub.s           f14, f14, f13       f14=xxxxxxxx f14:44fdd50d f13:44d0abfb
19307066ns          366544 1c00817a 60e77643 fmadd.s          f12, f14, f14, f12  f12=xxxxxxxx f14:43b4a448 f14:43b4a448 f12:4b989735
19307087ns          366545 1c008172 0045270b p.lw             x14, 4(x10!)        x14=44b65cdf x10=10000f6c x10:10000f68  PA:10000f68
19307127ns          366547 1c008176 08d77753 fsub.s           f14, f14, f13       f14=xxxxxxxx f14:44b65cdf f13:44d0abfb
19307147ns          366548 1c00817a 60e77643 fmadd.s          f12, f14, f14, f12  f12=xxxxxxxx f14:c35278e0 f14:c35278e0 f12:4b999624
19307167ns          366549 1c008172 0045270b p.lw             x14, 4(x10!)        x14=44f18072 x10=10000f70 x10:10000f6c  PA:10000f6c
19307207ns          366551 1c008176 08d77753 fsub.s           f14, f14, f13       f14=xxxxxxxx f14:44f18072 f13:44d0abfb
19307227ns          366552 1c00817a 60e77643 fmadd.s          f12, f14, f14, f12  f12=xxxxxxxx f14:438351dc f14:438351dc f12:4b99eca9
19307247ns          366553 1c008172 0045270b p.lw             x14, 4(x10!)        x14=44f3c81e x10=10000f74 x10:10000f70  PA:10000f70
19307287ns          366555 1c008176 08d77753 fsub.s           f14, f14, f13       f14=xxxxxxxx f14:44f3c81e f13:44d0abfb
19307307ns          366556 1c00817a 60e77643 fmadd.s          f12, f14, f14, f12  f12=xxxxxxxx f14:438c708c f14:438c708c f12:4b9a7363
19307327ns          366557 1c008172 0045270b p.lw             x14, 4(x10!)        x14=44a819bf x10=10000f78 x10:10000f74  PA:10000f74
19307367ns          366559 1c008176 08d77753 fsub.s           f14, f14, f13       f14=xxxxxxxx f14:44a819bf f13:44d0abfb
19307388ns          366560 1c00817a 60e77643 fmadd.s          f12, f14, f14, f12  f12=xxxxxxxx f14:c3a248f0 f14:c3a248f0 f12:4b9b0d7a
19307408ns          366561 1c008172 0045270b p.lw             x14, 4(x10!)        x14=447abd50 x10=10000f7c x10:10000f78  PA:10000f78
19307448ns          366563 1c008176 08d77753 fsub.s           f14, f14, f13       f14=xxxxxxxx f14:447abd50 f13:44d0abfb
19307468ns          366564 1c00817a 60e77643 fmadd.s          f12, f14, f14, f12  f12=xxxxxxxx f14:c4269aa6 f14:c4269aa6 f12:4b9bdb3b
19307488ns          366565 1c008172 0045270b p.lw             x14, 4(x10!)        x14=44b4dce3 x10=10000f80 x10:10000f7c  PA:10000f7c
19307528ns          366567 1c008176 08d77753 fsub.s           f14, f14, f13       f14=xxxxxxxx f14:44b4dce3 f13:44d0abfb
19307548ns          366568 1c00817a 60e77643 fmadd.s          f12, f14, f14, f12  f12=xxxxxxxx f14:c35e78c0 f14:c35e78c0 f12:4b9f3ea2
19307568ns          366569 1c008172 0045270b p.lw             x14, 4(x10!)        x14=44ad23df x10=10000f84 x10:10000f80  PA:10000f80
19307608ns          366571 1c008176 08d77753 fsub.s           f14, f14, f13       f14=xxxxxxxx f14:44ad23df f13:44d0abfb
19307628ns          366572 1c00817a 60e77643 fmadd.s          f12, f14, f14, f12  f12=xxxxxxxx f14:c38e2070 f14:c38e2070 f12:4b9f9f4d
19307648ns          366573 1c008172 0045270b p.lw             x14, 4(x10!)        x14=449b0c0c x10=10000f88 x10:10000f84  PA:10000f84
19307688ns          366575 1c008176 08d77753 fsub.s           f14, f14, f13       f14=xxxxxxxx f14:449b0c0c f13:44d0abfb
19307709ns          366576 1c00817a 60e77643 fmadd.s          f12, f14, f14, f12  f12=xxxxxxxx f14:c3d67fbc f14:c3d67fbc f12:4ba03d1d
19307729ns          366577 1c008172 0045270b p.lw             x14, 4(x10!)        x14=446a3b80 x10=10000f8c x10:10000f88  PA:10000f88
19307769ns          366579 1c008176 08d77753 fsub.s           f14, f14, f13       f14=xxxxxxxx f14:446a3b80 f13:44d0abfb
19307789ns          366580 1c00817a 60e77643 fmadd.s          f12, f14, f14, f12  f12=xxxxxxxx f14:c4371c76 f14:c4371c76 f12:4ba1a491
19307809ns          366581 1c008172 0045270b p.lw             x14, 4(x10!)        x14=44a56276 x10=10000f90 x10:10000f8c  PA:10000f8c
19307849ns          366583 1c008176 08d77753 fsub.s           f14, f14, f13       f14=xxxxxxxx f14:44a56276 f13:44d0abfb
19307869ns          366584 1c00817a 60e77643 fmadd.s          f12, f14, f14, f12  f12=xxxxxxxx f14:c3ad2614 f14:c3ad2614 f12:4ba5bc5f
19307889ns          366585 1c008172 0045270b p.lw             x14, 4(x10!)        x14=44a309f0 x10=10000f94 x10:10000f90  PA:10000f90
19307929ns          366587 1c008176 08d77753 fsub.s           f14, f14, f13       f14=xxxxxxxx f14:44a309f0 f13:44d0abfb
19307949ns          366588 1c00817a 60e77643 fmadd.s          f12, f14, f14, f12  f12=xxxxxxxx f14:c3b6882c f14:c3b6882c f12:4ba6a698
19307969ns          366589 1c008172 0045270b p.lw             x14, 4(x10!)        x14=44979faf x10=10000f98 x10:10000f94  PA:10000f94
19308010ns          366591 1c008176 08d77753 fsub.s           f14, f14, f13       f14=xxxxxxxx f14:44979faf f13:44d0abfb
19308030ns          366592 1c00817a 60e77643 fmadd.s          f12, f14, f14, f12  f12=xxxxxxxx f14:c3e43130 f14:c3e43130 f12:4ba7aae4
19308050ns          366593 1c008172 0045270b p.lw             x14, 4(x10!)        x14=45351557 x10=10000f9c x10:10000f98  PA:10000f98
19308090ns          366595 1c008176 08d77753 fsub.s           f14, f14, f13       f14=xxxxxxxx f14:45351557 f13:44d0abfb
19308110ns          366596 1c00817a 60e77643 fmadd.s          f12, f14, f14, f12  f12=xxxxxxxx f14:44997eb3 f14:44997eb3 f12:4ba941b3
19308130ns          366597 1c008172 0045270b p.lw             x14, 4(x10!)        x14=4504c33d x10=10000fa0 x10:10000f9c  PA:10000f9c
19308170ns          366599 1c008176 08d77753 fsub.s           f14, f14, f13       f14=xxxxxxxx f14:4504c33d f13:44d0abfb
19308190ns          366600 1c00817a 60e77643 fmadd.s          f12, f14, f14, f12  f12=xxxxxxxx f14:43e369fc f14:43e369fc f12:4bb4c2c9
19308210ns          366601 1c008172 0045270b p.lw             x14, 4(x10!)        x14=44cf51c8 x10=10000fa4 x10:10000fa0  PA:10000fa0
19308250ns          366603 1c008176 08d77753 fsub.s           f14, f14, f13       f14=xxxxxxxx f14:44cf51c8 f13:44d0abfb
19308270ns          366604 1c00817a 60e77643 fmadd.s          f12, f14, f14, f12  f12=xxxxxxxx f14:c12d1980 f14:c12d1980 f12:4bb656d3
19308290ns          366605 1c008172 0045270b p.lw             x14, 4(x10!)        x14=44cc1a72 x10=10000fa8 x10:10000fa4  PA:10000fa4
19308331ns          366607 1c008176 08d77753 fsub.s           f14, f14, f13       f14=xxxxxxxx f14:44cc1a72 f13:44d0abfb
19308351ns          366608 1c00817a 60e77643 fmadd.s          f12, f14, f14, f12  f12=xxxxxxxx f14:c2123120 f14:c2123120 f12:4bb6570e
19308371ns          366609 1c008172 0045270b p.lw             x14, 4(x10!)        x14=44fb4457 x10=10000fac x10:10000fa8  PA:10000fa8
19308411ns          366611 1c008176 08d77753 fsub.s           f14, f14, f13       f14=xxxxxxxx f14:44fb4457 f13:44d0abfb
19308431ns          366612 1c00817a 60e77643 fmadd.s          f12, f14, f14, f12  f12=xxxxxxxx f14:43aa6170 f14:43aa6170 f12:4bb659aa
19308451ns          366613 1c008172 0045270b p.lw             x14, 4(x10!)        x14=44d645ab x10=10000fb0 x10:10000fac  PA:10000fac
19308491ns          366615 1c008176 08d77753 fsub.s           f14, f14, f13       f14=xxxxxxxx f14:44d645ab f13:44d0abfb
19308511ns          366616 1c00817a 60e77643 fmadd.s          f12, f14, f14, f12  f12=xxxxxxxx f14:42333600 f14:42333600 f12:4bb73c75
19308531ns          366617 1c008172 0045270b p.lw             x14, 4(x10!)        x14=448bf834 x10=10000fb4 x10:10000fb0  PA:10000fb0
19308571ns          366619 1c008176 08d77753 fsub.s           f14, f14, f13       f14=xxxxxxxx f14:448bf834 f13:44d0abfb
19308591ns          366620 1c00817a 60e77643 fmadd.s          f12, f14, f14, f12  f12=xxxxxxxx f14:c409678e f14:c409678e f12:4bb74061
19308611ns          366621 1c008172 0045270b p.lw             x14, 4(x10!)        x14=450676d9 x10=10000fb8 x10:10000fb4  PA:10000fb4
19308652ns          366623 1c008176 08d77753 fsub.s           f14, f14, f13       f14=xxxxxxxx f14:450676d9 f13:44d0abfb
19308672ns          366624 1c00817a 60e77643 fmadd.s          f12, f14, f14, f12  f12=xxxxxxxx f14:43f106dc f14:43f106dc f12:4bb98e61
19308692ns          366625 1c008172 0045270b p.lw             x14, 4(x10!)        x14=44dce9e1 x10=10000fbc x10:10000fb8  PA:10000fb8
19308732ns          366627 1c008176 08d77753 fsub.s           f14, f14, f13       f14=xxxxxxxx f14:44dce9e1 f13:44d0abfb
19308752ns          366628 1c00817a 60e77643 fmadd.s          f12, f14, f14, f12  f12=xxxxxxxx f14:42c3de60 f14:42c3de60 f12:4bbb543d
19308772ns          366629 1c008172 0045270b p.lw             x14, 4(x10!)        x14=4503745e x10=10000fc0 x10:10000fbc  PA:10000fbc
19308812ns          366631 1c008176 08d77753 fsub.s           f14, f14, f13       f14=xxxxxxxx f14:4503745e f13:44d0abfb
19308832ns          366632 1c00817a 60e77643 fmadd.s          f12, f14, f14, f12  f12=xxxxxxxx f14:43d8f304 f14:43d8f304 f12:4bbb66f9
19308852ns          366633 1c008172 0045270b p.lw             x14, 4(x10!)        x14=451b7f87 x10=10000fc4 x10:10000fc0  PA:10000fc0
19308892ns          366635 1c008176 08d77753 fsub.s           f14, f14, f13       f14=xxxxxxxx f14:451b7f87 f13:44d0abfb
19308912ns          366636 1c00817a 60e77643 fmadd.s          f12, f14, f14, f12  f12=xxxxxxxx f14:444ca626 f14:444ca626 f12:4bbcd6af
19308933ns          366637 1c008172 0045270b p.lw             x14, 4(x10!)        x14=44c04284 x10=10000fc8 x10:10000fc4  PA:10000fc4
19308973ns          366639 1c008176 08d77753 fsub.s           f14, f14, f13       f14=xxxxxxxx f14:44c04284 f13:44d0abfb
19308993ns          366640 1c00817a 60e77643 fmadd.s          f12, f14, f14, f12  f12=xxxxxxxx f14:c3034bb8 f14:c3034bb8 f12:4bc1f379
19309013ns          366641 1c008172 0045270b p.lw             x14, 4(x10!)        x14=44ba061a x10=10000fcc x10:10000fc8  PA:10000fc8
19309053ns          366643 1c008176 08d77753 fsub.s           f14, f14, f13       f14=xxxxxxxx f14:44ba061a f13:44d0abfb
19309073ns          366644 1c00817a 60e77643 fmadd.s          f12, f14, f14, f12  f12=xxxxxxxx f14:c3352f08 f14:c3352f08 f12:4bc21524
19309093ns          366645 1c008172 0045270b p.lw             x14, 4(x10!)        x14=44c325ad x10=10000fd0 x10:10000fcc  PA:10000fcc
19309133ns          366647 1c008176 08d77753 fsub.s           f14, f14, f13       f14=xxxxxxxx f14:44c325ad f13:44d0abfb
19309153ns          366648 1c00817a 60e77643 fmadd.s          f12, f14, f14, f12  f12=xxxxxxxx f14:c2d864e0 f14:c2d864e0 f12:4bc25542
19309173ns          366649 1c008172 0045270b p.lw             x14, 4(x10!)        x14=44d0af88 x10=10000fd4 x10:10000fd0  PA:10000fd0
19309213ns          366651 1c008176 08d77753 fsub.s           f14, f14, f13       f14=xxxxxxxx f14:44d0af88 f13:44d0abfb
19309234ns          366652 1c00817a 60e77643 fmadd.s          f12, f14, f14, f12  f12=xxxxxxxx f14:3de34000 f14:3de34000 f12:4bc26c1f
19309254ns          366653 1c008172 0045270b p.lw             x14, 4(x10!)        x14=44a8a29c x10=10000fd8 x10:10000fd4  PA:10000fd4
19309294ns          366655 1c008176 08d77753 fsub.s           f14, f14, f13       f14=xxxxxxxx f14:44a8a29c f13:44d0abfb
19309314ns          366656 1c00817a 60e77643 fmadd.s          f12, f14, f14, f12  f12=xxxxxxxx f14:c3a0257c f14:c3a0257c f12:4bc26c1f
19309334ns          366657 1c008172 0045270b p.lw             x14, 4(x10!)        x14=447469b8 x10=10000fdc x10:10000fd8  PA:10000fd8
19309374ns          366659 1c008176 08d77753 fsub.s           f14, f14, f13       f14=xxxxxxxx f14:447469b8 f13:44d0abfb
19309394ns          366660 1c00817a 60e77643 fmadd.s          f12, f14, f14, f12  f12=xxxxxxxx f14:c42cee3e f14:c42cee3e f12:4bc3347d
19309414ns          366661 1c008172 0045270b p.lw             x14, 4(x10!)        x14=44e8ce30 x10=10000fe0 x10:10000fdc  PA:10000fdc
19309454ns          366663 1c008176 08d77753 fsub.s           f14, f14, f13       f14=xxxxxxxx f14:44e8ce30 f13:44d0abfb
19309474ns          366664 1c00817a 60e77643 fmadd.s          f12, f14, f14, f12  f12=xxxxxxxx f14:434111a8 f14:434111a8 f12:4bc6db05
19309494ns          366665 1c008172 0045270b p.lw             x14, 4(x10!)        x14=44a58d14 x10=10000fe4 x10:10000fe0  PA:10000fe0
19309535ns          366667 1c008176 08d77753 fsub.s           f14, f14, f13       f14=xxxxxxxx f14:44a58d14 f13:44d0abfb
19309555ns          366668 1c00817a 60e77643 fmadd.s          f12, f14, f14, f12  f12=xxxxxxxx f14:c3ac7b9c f14:c3ac7b9c f12:4bc723d3
19309575ns          366669 1c008172 0045270b p.lw             x14, 4(x10!)        x14=44cde16a x10=10000fe8 x10:10000fe4  PA:10000fe4
19309615ns          366671 1c008176 08d77753 fsub.s           f14, f14, f13       f14=xxxxxxxx f14:44cde16a f13:44d0abfb
19309635ns          366672 1c00817a 60e77643 fmadd.s          f12, f14, f14, f12  f12=xxxxxxxx f14:c1b2a440 f14:c1b2a440 f12:4bc80c40
19310056ns          366693 1c00817e 1c0007b7 lui              x15, 0x1c000000     x15=1c000000
19310096ns          366695 1c008182 1347a503 lw               x10, 308(x15)       x10=3c257eb5 x15:1c000000  PA:1c000134
19310538ns          366717 1c008186 10a67553 fmul.s           f10, f12, f10       f10=xxxxxxxx f12:4bc80d39 f10:3c257eb5
19310558ns          366718 1c00818a 00008067 jalr             x0, x1, 0            x1:1c008a6a
19310638ns          366722 1c008a6a 1c0005b7 lui              x11, 0x1c000000     x11=1c000000
19310658ns          366723 1c008a6e 00441413 slli             x8, x8, 0x4          x8=00000010  x8:00000001
19310698ns          366725 1c008a70 04058593 addi             x11, x11, 64        x11=1c000040 x11:1c000000
19310738ns          366727 1c008a74 008585b3 add              x11, x11, x8        x11=1c000050 x11:1c000040  x8:00000010
19310758ns          366728 1c008a76 00a12623 sw               x10, 12(x2)         x10:4881538a  x2:10000e48  PA:10000e54
19310779ns          366729 1c008a78 00810513 addi             x10, x2, 8          x10=10000e50  x2:10000e48
19310799ns          366730 1c008a7a f12ff0ef jal              x1, -2286            x1=1c008a7e
19311280ns          366754 1c00818c fd010113 addi             x2, x2, -48          x2=10000e18  x2:10000e48
19311300ns          366755 1c00818e 03212023 sw               x18, 32(x2)         x18:xxxxxxxx  x2:10000e18  PA:10000e38
19311320ns          366756 1c008190 01712623 sw               x23, 12(x2)         x23:xxxxxxxx  x2:10000e18  PA:10000e24
19311340ns          366757 1c008192 00052903 lw               x18, 0(x10)         x18=4823065c x10:10000e50  PA:10000e50
19311360ns          366758 1c008196 0005ab83 lw               x23, 0(x11)         x23=482306c8 x11:1c000050  PA:1c000050
19311862ns          366783 1c00819a 02812423 sw               x8, 40(x2)           x8:00000010  x2:10000e18  PA:10000e40
19311882ns          366784 1c00819c a17907d3 fle.s            x15, f18, f23       x15=00000001 f18:4823065c f23:482306c8
19311902ns          366785 1c0081a0 02912223 sw               x9, 36(x2)           x9:xxxxxxxx  x2:10000e18  PA:10000e3c
19311922ns          366786 1c0081a2 01312e23 sw               x19, 28(x2)         x19:xxxxxxxx  x2:10000e18  PA:10000e34
19311942ns          366787 1c0081a4 01612823 sw               x22, 16(x2)         x22:xxxxxxxx  x2:10000e18  PA:10000e28
19311962ns          366788 1c0081a6 02112623 sw               x1, 44(x2)           x1:1c008a7e  x2:10000e18  PA:10000e44
19311982ns          366789 1c0081a8 01412c23 sw               x20, 24(x2)         x20:xxxxxxxx  x2:10000e18  PA:10000e30
19312003ns          366790 1c0081aa 01512a23 sw               x21, 20(x2)         x21:xxxxxxxx  x2:10000e18  PA:10000e2c
19312023ns          366791 1c0081ac 00b00433 add              x8, x0, x11          x8=1c000050 x11:1c000050
19312043ns          366792 1c0081ae 00a00b33 add              x22, x0, x10        x22=10000e50 x10:10000e50
19312304ns          366805 1c0081b0 0045a483 lw               x9, 4(x11)           x9=482305f2 x11:1c000050  PA:1c000054
19312625ns          366821 1c0081b2 f14029f3 csrrs            x19, x0, 0xf14      x19=00000001
19312645ns          366822 1c0081b6 14079f63 bne              x15, x0, 350        x15:00000001
19313568ns          366868 1c008314 a1248753 fle.s            x14, f9, f18        x14=00000001  f9:482305f2 f18:4823065c
19313608ns          366870 1c008318 f14027f3 csrrs            x15, x0, 0xf14      x15=00000001
19313628ns          366871 1c00831c 00f009b3 add              x19, x0, x15        x19=00000001 x15:00000001
19314089ns          366894 1c00831e e8070ee3 beq              x14, x0, -356       x14:00000001
19314129ns          366896 1c008322 00452b03 lw               x22, 4(x10)         x22=4881538a x10:10000e50  PA:10000e54
19314150ns          366897 1c008326 0085a903 lw               x18, 8(x11)         x18=488153e0 x11:1c000050  PA:1c000058
19314551ns          366917 1c00832a 00c5a403 lw               x8, 12(x11)          x8=48815336 x11:1c000050  PA:1c00005c
19314852ns          366932 1c00832c a12b0753 fle.s            x14, f22, f18       x14=00000001 f22:4881538a f18:488153e0
19314872ns          366933 1c008330 16071563 bne              x14, x0, 362        x14:00000001
19315273ns          366953 1c00849a a1640753 fle.s            x14, f8, f22        x14=00000001  f8:48815336 f22:4881538a
19315293ns          366954 1c00849e 00f004b3 add              x9, x0, x15          x9=00000001 x15:00000001
19315735ns          366976 1c0084a0 00e00533 add              x10, x0, x14        x10=00000001 x14:00000001
19315775ns          366978 1c0084a2 0ff57513 andi             x10, x10, 255       x10=00000001 x10:00000001
19315795ns          366979 1c0084a6 fc071fe3 bne              x14, x0, -34        x14:00000001
19316718ns          367025 1c008484 02c12083 lw               x1, 44(x2)           x1=1c008a7e  x2:10000e18  PA:10000e44
19316738ns          367026 1c008486 02812403 lw               x8, 40(x2)           x8=00000010  x2:10000e18  PA:10000e40
19316758ns          367027 1c008488 02412483 lw               x9, 36(x2)           x9=xxxxxxxx  x2:10000e18  PA:10000e3c
19316778ns          367028 1c00848a 02012903 lw               x18, 32(x2)         x18=xxxxxxxx  x2:10000e18  PA:10000e38
19316798ns          367029 1c00848c 01c12983 lw               x19, 28(x2)         x19=xxxxxxxx  x2:10000e18  PA:10000e34
19316818ns          367030 1c00848e 01812a03 lw               x20, 24(x2)         x20=xxxxxxxx  x2:10000e18  PA:10000e30
19316838ns          367031 1c008490 01412a83 lw               x21, 20(x2)         x21=xxxxxxxx  x2:10000e18  PA:10000e2c
19316858ns          367032 1c008492 01012b03 lw               x22, 16(x2)         x22=xxxxxxxx  x2:10000e18  PA:10000e28
19316878ns          367033 1c008494 00c12b83 lw               x23, 12(x2)         x23=xxxxxxxx  x2:10000e18  PA:10000e24
19316898ns          367034 1c008496 03010113 addi             x2, x2, 48           x2=10000e48  x2:10000e18
19316919ns          367035 1c008498 00008067 jalr             x0, x1, 0            x1:1c008a7e
19316959ns          367037 1c008a7e 00a00433 add              x8, x0, x10          x8=00000001 x10:00000001
19316979ns          367038 1c008a80 f14027f3 csrrs            x15, x0, 0xf14      x15=00000001
19316999ns          367039 1c008a84 f457b5b3 p.bclr           x11, x15, 26, 5     x11=00000001 x15:00000001
19317019ns          367040 1c008a88 00050e63 beq              x10, x0, 28         x10:00000001
19317039ns          367041 1c008a8a 1c000537 lui              x10, 0x1c000000     x10=1c000000
19317460ns          367062 1c008a8e 0f450513 addi             x10, x10, 244       x10=1c0000f4 x10:1c000000
19317480ns          367063 1c008a92 612000ef jal              x1, 1554             x1=1c008a94
19317561ns          367067 1c0090a4 fc010113 addi             x2, x2, -64          x2=10000e08  x2:10000e48
19317601ns          367069 1c0090a6 02410313 addi             x6, x2, 36           x6=10000e2c  x2:10000e08
19317621ns          367070 1c0090aa 02c12423 sw               x12, 40(x2)         x12:4bc80d39  x2:10000e08  PA:10000e30
19317641ns          367071 1c0090ac 00a00633 add              x12, x0, x10        x12=1c0000f4 x10:1c0000f4
19317681ns          367073 1c0090ae 1c009537 lui              x10, 0x1c009000     x10=1c009000
19317701ns          367074 1c0090b2 02b12223 sw               x11, 36(x2)         x11:00000001  x2:10000e08  PA:10000e2c
19317721ns          367075 1c0090b4 02d12623 sw               x13, 44(x2)         x13:44d0abfb  x2:10000e08  PA:10000e34
19317741ns          367076 1c0090b6 00200593 addi             x11, x0, 2          x11=00000002
19317761ns          367077 1c0090b8 006006b3 add              x13, x0, x6         x13=10000e2c  x6:10000e2c
19317781ns          367078 1c0090ba 03850513 addi             x10, x10, 56        x10=1c009038 x10:1c009000
19317801ns          367079 1c0090be 00112e23 sw               x1, 28(x2)           x1:1c008a94  x2:10000e08  PA:10000e24
19317821ns          367080 1c0090c0 02e12823 sw               x14, 48(x2)         x14:00000001  x2:10000e08  PA:10000e38
19317842ns          367081 1c0090c2 02f12a23 sw               x15, 52(x2)         x15:00000001  x2:10000e08  PA:10000e3c
19317862ns          367082 1c0090c4 03012c23 sw               x16, 56(x2)         x16:44cde16a  x2:10000e08  PA:10000e40
19317882ns          367083 1c0090c6 03112e23 sw               x17, 60(x2)         x17:44bde73b  x2:10000e08  PA:10000e44
19317902ns          367084 1c0090c8 00612623 sw               x6, 12(x2)           x6:10000e2c  x2:10000e08  PA:10000e14
19317922ns          367085 1c0090ca fbfff0ef jal              x1, -66              x1=1c0090cc
19318002ns          367089 1c009088 04a0006f jal              x0, 74             
19318042ns          367091 1c0090d2 ed010113 addi             x2, x2, -304         x2=10000cd8  x2:10000e08
19318062ns          367092 1c0090d4 12812423 sw               x8, 296(x2)          x8:00000001  x2:10000cd8  PA:10000e00
19318082ns          367093 1c0090d8 00000413 addi             x8, x0, 0            x8=00000000
19318102ns          367094 1c0090da 11612823 sw               x22, 272(x2)        x22:xxxxxxxx  x2:10000cd8  PA:10000de8
19318163ns          367097 1c0090de 11712623 sw               x23, 268(x2)        x23:xxxxxxxx  x2:10000cd8  PA:10000de4
19318203ns          367099 1c0090e2 11812423 sw               x24, 264(x2)        x24:xxxxxxxx  x2:10000cd8  PA:10000de0
19318223ns          367100 1c0090e6 11912223 sw               x25, 260(x2)        x25:xxxxxxxx  x2:10000cd8  PA:10000ddc
19318243ns          367101 1c0090ea 11a12023 sw               x26, 256(x2)        x26:xxxxxxxx  x2:10000cd8  PA:10000dd8
19318263ns          367102 1c0090ee 0fb12e23 sw               x27, 252(x2)        x27:xxxxxxxx  x2:10000cd8  PA:10000dd4
19318303ns          367104 1c0090f0 12112623 sw               x1, 300(x2)          x1:1c0090cc  x2:10000cd8  PA:10000e04
19318343ns          367106 1c0090f4 00800db3 add              x27, x0, x8         x27=00000000  x8:00000000
19318363ns          367107 1c0090f6 12912223 sw               x9, 292(x2)          x9:xxxxxxxx  x2:10000cd8  PA:10000dfc
19318383ns          367108 1c0090fa 13212023 sw               x18, 288(x2)        x18:xxxxxxxx  x2:10000cd8  PA:10000df8
19318444ns          367111 1c0090fe 11312e23 sw               x19, 284(x2)        x19:xxxxxxxx  x2:10000cd8  PA:10000df4
19318484ns          367113 1c009102 11412c23 sw               x20, 280(x2)        x20:xxxxxxxx  x2:10000cd8  PA:10000df0
19318504ns          367114 1c009106 11512a23 sw               x21, 276(x2)        x21:xxxxxxxx  x2:10000cd8  PA:10000dec
19318524ns          367115 1c00910a 00a00b33 add              x22, x0, x10        x22=1c009038 x10:1c009038
19318544ns          367116 1c00910c 00b00d33 add              x26, x0, x11        x26=00000002 x11:00000002
19318564ns          367117 1c00910e 00d00c33 add              x24, x0, x13        x24=10000e2c x13:10000e2c
19318584ns          367118 1c009110 1c000bb7 lui              x23, 0x1c000000     x23=1c000000
19318624ns          367120 1c009114 02410c93 addi             x25, x2, 36         x25=10000cfc  x2:10000cd8
19318644ns          367121 1c009118 00c00433 add              x8, x0, x12          x8=1c0000f4 x12:1c0000f4
19318664ns          367122 1c00911a 00044503 lbu              x10, 0(x8)          x10=0000006b  x8:1c0000f4  PA:1c0000f4
19318965ns          367137 1c00911e 00140413 addi             x8, x8, 1            x8=1c0000f5  x8:1c0000f4
19318985ns          367138 1c009120 00050e63 beq              x10, x0, 28         x10:0000006b
19319005ns          367139 1c009122 02500793 addi             x15, x0, 37         x15=00000025
19319025ns          367140 1c009126 04f50863 beq              x10, x15, 80        x10:0000006b x15:00000025
19319045ns          367141 1c00912a 01a005b3 add              x11, x0, x26        x11=00000002 x26:00000002
19319066ns          367142 1c00912c 000b00e7 jalr             x1, x22, 0           x1=1c00912e x22:1c009038
19319206ns          367149 1c009038 000026b7 lui              x13, 0x2000         x13=00002000
19319246ns          367151 1c00903a f14027f3 csrrs            x15, x0, 0xf14      x15=00000001
19319306ns          367154 1c00903e f8068693 addi             x13, x13, -128      x13=00001f80 x13:00002000
19319346ns          367156 1c009042 00379713 slli             x14, x15, 0x3       x14=00000008 x15:00000001
19319367ns          367157 1c009046 00279793 slli             x15, x15, 0x2       x15=00000004 x15:00000001
19319387ns          367158 1c009048 00d7f7b3 and              x15, x15, x13       x15=00000000 x15:00000004 x13:00001f80
19319407ns          367159 1c00904a ee873733 p.bclr           x14, x14, 23, 8     x14=00000008 x14:00000008
19319447ns          367161 1c00904e 1a10f6b7 lui              x13, 0x1a10f000     x13=1a10f000
19319487ns          367163 1c009052 0ff57513 andi             x10, x10, 255       x10=0000006b x10:0000006b
19319507ns          367164 1c009056 00d70733 add              x14, x14, x13       x14=1a10f008 x14:00000008 x13:1a10f000
19319527ns          367165 1c009058 00a7e723 p.sw             x10, x0(x15)        x10:0000006b x15:00000000  PA:1a10f008
19319989ns          367188 1c00905c 00000513 addi             x10, x0, 0          x10=00000000
19320009ns          367189 1c00905e 00008067 jalr             x0, x1, 0            x1:1c00912e
19320069ns          367192 1c00912e 31f52563 p.beqimm         x10, 778            x10:00000000
19320089ns          367193 1c009132 001d8d93 addi             x27, x27, 1         x27=00000001 x27:00000000
19320109ns          367194 1c009134 00044503 lbu              x10, 0(x8)          x10=00000065  x8:1c0000f5  PA:1c0000f5
19320410ns          367209 1c009138 00140413 addi             x8, x8, 1            x8=1c0000f6  x8:1c0000f5
19320430ns          367210 1c00913a fe0514e3 bne              x10, x0, -24        x10:00000065
19320510ns          367214 1c009122 02500793 addi             x15, x0, 37         x15=00000025
19320530ns          367215 1c009126 04f50863 beq              x10, x15, 80        x10:00000065 x15:00000025
19320550ns          367216 1c00912a 01a005b3 add              x11, x0, x26        x11=00000002 x26:00000002
19320570ns          367217 1c00912c 000b00e7 jalr             x1, x22, 0           x1=1c00912e x22:1c009038
19320611ns          367219 1c009038 000026b7 lui              x13, 0x2000         x13=00002000
19320631ns          367220 1c00903a f14027f3 csrrs            x15, x0, 0xf14      x15=00000001
19320691ns          367223 1c00903e f8068693 addi             x13, x13, -128      x13=00001f80 x13:00002000
19320731ns          367225 1c009042 00379713 slli             x14, x15, 0x3       x14=00000008 x15:00000001
19320751ns          367226 1c009046 00279793 slli             x15, x15, 0x2       x15=00000004 x15:00000001
19320771ns          367227 1c009048 00d7f7b3 and              x15, x15, x13       x15=00000000 x15:00000004 x13:00001f80
19320791ns          367228 1c00904a ee873733 p.bclr           x14, x14, 23, 8     x14=00000008 x14:00000008
19320811ns          367229 1c00904e 1a10f6b7 lui              x13, 0x1a10f000     x13=1a10f000
19320831ns          367230 1c009052 0ff57513 andi             x10, x10, 255       x10=00000065 x10:00000065
19320851ns          367231 1c009056 00d70733 add              x14, x14, x13       x14=1a10f008 x14:00000008 x13:1a10f000
19320871ns          367232 1c009058 00a7e723 p.sw             x10, x0(x15)        x10:00000065 x15:00000000  PA:1a10f008
19321192ns          367248 1c00905c 00000513 addi             x10, x0, 0          x10=00000000
19321213ns          367249 1c00905e 00008067 jalr             x0, x1, 0            x1:1c00912e
19321273ns          367252 1c00912e 31f52563 p.beqimm         x10, 778            x10:00000000
19321293ns          367253 1c009132 001d8d93 addi             x27, x27, 1         x27=00000002 x27:00000001
19321313ns          367254 1c009134 00044503 lbu              x10, 0(x8)          x10=00000072  x8:1c0000f6  PA:1c0000f6
19321634ns          367270 1c009138 00140413 addi             x8, x8, 1            x8=1c0000f7  x8:1c0000f6
19321654ns          367271 1c00913a fe0514e3 bne              x10, x0, -24        x10:00000072
19321734ns          367275 1c009122 02500793 addi             x15, x0, 37         x15=00000025
19321754ns          367276 1c009126 04f50863 beq              x10, x15, 80        x10:00000072 x15:00000025
19321774ns          367277 1c00912a 01a005b3 add              x11, x0, x26        x11=00000002 x26:00000002
19321794ns          367278 1c00912c 000b00e7 jalr             x1, x22, 0           x1=1c00912e x22:1c009038
19321835ns          367280 1c009038 000026b7 lui              x13, 0x2000         x13=00002000
19321855ns          367281 1c00903a f14027f3 csrrs            x15, x0, 0xf14      x15=00000001
19321875ns          367282 1c00903e f8068693 addi             x13, x13, -128      x13=00001f80 x13:00002000
19321895ns          367283 1c009042 00379713 slli             x14, x15, 0x3       x14=00000008 x15:00000001
19321915ns          367284 1c009046 00279793 slli             x15, x15, 0x2       x15=00000004 x15:00000001
19321935ns          367285 1c009048 00d7f7b3 and              x15, x15, x13       x15=00000000 x15:00000004 x13:00001f80
19321955ns          367286 1c00904a ee873733 p.bclr           x14, x14, 23, 8     x14=00000008 x14:00000008
19321975ns          367287 1c00904e 1a10f6b7 lui              x13, 0x1a10f000     x13=1a10f000
19321995ns          367288 1c009052 0ff57513 andi             x10, x10, 255       x10=00000072 x10:00000072
19322015ns          367289 1c009056 00d70733 add              x14, x14, x13       x14=1a10f008 x14:00000008 x13:1a10f000
19322035ns          367290 1c009058 00a7e723 p.sw             x10, x0(x15)        x10:00000072 x15:00000000  PA:1a10f008
19322356ns          367306 1c00905c 00000513 addi             x10, x0, 0          x10=00000000
19322376ns          367307 1c00905e 00008067 jalr             x0, x1, 0            x1:1c00912e
19322437ns          367310 1c00912e 31f52563 p.beqimm         x10, 778            x10:00000000
19322457ns          367311 1c009132 001d8d93 addi             x27, x27, 1         x27=00000003 x27:00000002
19322477ns          367312 1c009134 00044503 lbu              x10, 0(x8)          x10=0000006e  x8:1c0000f7  PA:1c0000f7
19322778ns          367327 1c009138 00140413 addi             x8, x8, 1            x8=1c0000f8  x8:1c0000f7
19322798ns          367328 1c00913a fe0514e3 bne              x10, x0, -24        x10:0000006e
19322878ns          367332 1c009122 02500793 addi             x15, x0, 37         x15=00000025
19322898ns          367333 1c009126 04f50863 beq              x10, x15, 80        x10:0000006e x15:00000025
19322918ns          367334 1c00912a 01a005b3 add              x11, x0, x26        x11=00000002 x26:00000002
19322938ns          367335 1c00912c 000b00e7 jalr             x1, x22, 0           x1=1c00912e x22:1c009038
19322978ns          367337 1c009038 000026b7 lui              x13, 0x2000         x13=00002000
19322998ns          367338 1c00903a f14027f3 csrrs            x15, x0, 0xf14      x15=00000001
19323018ns          367339 1c00903e f8068693 addi             x13, x13, -128      x13=00001f80 x13:00002000
19323038ns          367340 1c009042 00379713 slli             x14, x15, 0x3       x14=00000008 x15:00000001
19323059ns          367341 1c009046 00279793 slli             x15, x15, 0x2       x15=00000004 x15:00000001
19323079ns          367342 1c009048 00d7f7b3 and              x15, x15, x13       x15=00000000 x15:00000004 x13:00001f80
19323099ns          367343 1c00904a ee873733 p.bclr           x14, x14, 23, 8     x14=00000008 x14:00000008
19323119ns          367344 1c00904e 1a10f6b7 lui              x13, 0x1a10f000     x13=1a10f000
19323139ns          367345 1c009052 0ff57513 andi             x10, x10, 255       x10=0000006e x10:0000006e
19323159ns          367346 1c009056 00d70733 add              x14, x14, x13       x14=1a10f008 x14:00000008 x13:1a10f000
19323179ns          367347 1c009058 00a7e723 p.sw             x10, x0(x15)        x10:0000006e x15:00000000  PA:1a10f008
19323500ns          367363 1c00905c 00000513 addi             x10, x0, 0          x10=00000000
19323520ns          367364 1c00905e 00008067 jalr             x0, x1, 0            x1:1c00912e
19323580ns          367367 1c00912e 31f52563 p.beqimm         x10, 778            x10:00000000
19323600ns          367368 1c009132 001d8d93 addi             x27, x27, 1         x27=00000004 x27:00000003
19323620ns          367369 1c009134 00044503 lbu              x10, 0(x8)          x10=00000065  x8:1c0000f8  PA:1c0000f8
19323921ns          367384 1c009138 00140413 addi             x8, x8, 1            x8=1c0000f9  x8:1c0000f8
19323941ns          367385 1c00913a fe0514e3 bne              x10, x0, -24        x10:00000065
19324022ns          367389 1c009122 02500793 addi             x15, x0, 37         x15=00000025
19324042ns          367390 1c009126 04f50863 beq              x10, x15, 80        x10:00000065 x15:00000025
19324062ns          367391 1c00912a 01a005b3 add              x11, x0, x26        x11=00000002 x26:00000002
19324082ns          367392 1c00912c 000b00e7 jalr             x1, x22, 0           x1=1c00912e x22:1c009038
19324122ns          367394 1c009038 000026b7 lui              x13, 0x2000         x13=00002000
19324142ns          367395 1c00903a f14027f3 csrrs            x15, x0, 0xf14      x15=00000001
19324162ns          367396 1c00903e f8068693 addi             x13, x13, -128      x13=00001f80 x13:00002000
19324182ns          367397 1c009042 00379713 slli             x14, x15, 0x3       x14=00000008 x15:00000001
19324202ns          367398 1c009046 00279793 slli             x15, x15, 0x2       x15=00000004 x15:00000001
19324222ns          367399 1c009048 00d7f7b3 and              x15, x15, x13       x15=00000000 x15:00000004 x13:00001f80
19324242ns          367400 1c00904a ee873733 p.bclr           x14, x14, 23, 8     x14=00000008 x14:00000008
19324262ns          367401 1c00904e 1a10f6b7 lui              x13, 0x1a10f000     x13=1a10f000
19324283ns          367402 1c009052 0ff57513 andi             x10, x10, 255       x10=00000065 x10:00000065
19324303ns          367403 1c009056 00d70733 add              x14, x14, x13       x14=1a10f008 x14:00000008 x13:1a10f000
19324323ns          367404 1c009058 00a7e723 p.sw             x10, x0(x15)        x10:00000065 x15:00000000  PA:1a10f008
19324644ns          367420 1c00905c 00000513 addi             x10, x0, 0          x10=00000000
19324664ns          367421 1c00905e 00008067 jalr             x0, x1, 0            x1:1c00912e
19324724ns          367424 1c00912e 31f52563 p.beqimm         x10, 778            x10:00000000
19324744ns          367425 1c009132 001d8d93 addi             x27, x27, 1         x27=00000005 x27:00000004
19324764ns          367426 1c009134 00044503 lbu              x10, 0(x8)          x10=0000006c  x8:1c0000f9  PA:1c0000f9
19325065ns          367441 1c009138 00140413 addi             x8, x8, 1            x8=1c0000fa  x8:1c0000f9
19325085ns          367442 1c00913a fe0514e3 bne              x10, x0, -24        x10:0000006c
19325165ns          367446 1c009122 02500793 addi             x15, x0, 37         x15=00000025
19325185ns          367447 1c009126 04f50863 beq              x10, x15, 80        x10:0000006c x15:00000025
19325206ns          367448 1c00912a 01a005b3 add              x11, x0, x26        x11=00000002 x26:00000002
19325226ns          367449 1c00912c 000b00e7 jalr             x1, x22, 0           x1=1c00912e x22:1c009038
19325266ns          367451 1c009038 000026b7 lui              x13, 0x2000         x13=00002000
19325286ns          367452 1c00903a f14027f3 csrrs            x15, x0, 0xf14      x15=00000001
19325306ns          367453 1c00903e f8068693 addi             x13, x13, -128      x13=00001f80 x13:00002000
19325326ns          367454 1c009042 00379713 slli             x14, x15, 0x3       x14=00000008 x15:00000001
19325346ns          367455 1c009046 00279793 slli             x15, x15, 0x2       x15=00000004 x15:00000001
19325366ns          367456 1c009048 00d7f7b3 and              x15, x15, x13       x15=00000000 x15:00000004 x13:00001f80
19325386ns          367457 1c00904a ee873733 p.bclr           x14, x14, 23, 8     x14=00000008 x14:00000008
19325406ns          367458 1c00904e 1a10f6b7 lui              x13, 0x1a10f000     x13=1a10f000
19325426ns          367459 1c009052 0ff57513 andi             x10, x10, 255       x10=0000006c x10:0000006c
19325446ns          367460 1c009056 00d70733 add              x14, x14, x13       x14=1a10f008 x14:00000008 x13:1a10f000
19325466ns          367461 1c009058 00a7e723 p.sw             x10, x0(x15)        x10:0000006c x15:00000000  PA:1a10f008
19325808ns          367478 1c00905c 00000513 addi             x10, x0, 0          x10=00000000
19325828ns          367479 1c00905e 00008067 jalr             x0, x1, 0            x1:1c00912e
19325888ns          367482 1c00912e 31f52563 p.beqimm         x10, 778            x10:00000000
19325908ns          367483 1c009132 001d8d93 addi             x27, x27, 1         x27=00000006 x27:00000005
19325928ns          367484 1c009134 00044503 lbu              x10, 0(x8)          x10=00000020  x8:1c0000fa  PA:1c0000fa
19326229ns          367499 1c009138 00140413 addi             x8, x8, 1            x8=1c0000fb  x8:1c0000fa
19326249ns          367500 1c00913a fe0514e3 bne              x10, x0, -24        x10:00000020
19326329ns          367504 1c009122 02500793 addi             x15, x0, 37         x15=00000025
19326349ns          367505 1c009126 04f50863 beq              x10, x15, 80        x10:00000020 x15:00000025
19326369ns          367506 1c00912a 01a005b3 add              x11, x0, x26        x11=00000002 x26:00000002
19326389ns          367507 1c00912c 000b00e7 jalr             x1, x22, 0           x1=1c00912e x22:1c009038
19326430ns          367509 1c009038 000026b7 lui              x13, 0x2000         x13=00002000
19326450ns          367510 1c00903a f14027f3 csrrs            x15, x0, 0xf14      x15=00000001
19326470ns          367511 1c00903e f8068693 addi             x13, x13, -128      x13=00001f80 x13:00002000
19326490ns          367512 1c009042 00379713 slli             x14, x15, 0x3       x14=00000008 x15:00000001
19326510ns          367513 1c009046 00279793 slli             x15, x15, 0x2       x15=00000004 x15:00000001
19326530ns          367514 1c009048 00d7f7b3 and              x15, x15, x13       x15=00000000 x15:00000004 x13:00001f80
19326550ns          367515 1c00904a ee873733 p.bclr           x14, x14, 23, 8     x14=00000008 x14:00000008
19326570ns          367516 1c00904e 1a10f6b7 lui              x13, 0x1a10f000     x13=1a10f000
19326590ns          367517 1c009052 0ff57513 andi             x10, x10, 255       x10=00000020 x10:00000020
19326610ns          367518 1c009056 00d70733 add              x14, x14, x13       x14=1a10f008 x14:00000008 x13:1a10f000
19326630ns          367519 1c009058 00a7e723 p.sw             x10, x0(x15)        x10:00000020 x15:00000000  PA:1a10f008
19326971ns          367536 1c00905c 00000513 addi             x10, x0, 0          x10=00000000
19326991ns          367537 1c00905e 00008067 jalr             x0, x1, 0            x1:1c00912e
19327052ns          367540 1c00912e 31f52563 p.beqimm         x10, 778            x10:00000000
19327072ns          367541 1c009132 001d8d93 addi             x27, x27, 1         x27=00000007 x27:00000006
19327092ns          367542 1c009134 00044503 lbu              x10, 0(x8)          x10=00000070  x8:1c0000fb  PA:1c0000fb
19327393ns          367557 1c009138 00140413 addi             x8, x8, 1            x8=1c0000fc  x8:1c0000fb
19327413ns          367558 1c00913a fe0514e3 bne              x10, x0, -24        x10:00000070
19327493ns          367562 1c009122 02500793 addi             x15, x0, 37         x15=00000025
19327513ns          367563 1c009126 04f50863 beq              x10, x15, 80        x10:00000070 x15:00000025
19327533ns          367564 1c00912a 01a005b3 add              x11, x0, x26        x11=00000002 x26:00000002
19327553ns          367565 1c00912c 000b00e7 jalr             x1, x22, 0           x1=1c00912e x22:1c009038
19327593ns          367567 1c009038 000026b7 lui              x13, 0x2000         x13=00002000
19327613ns          367568 1c00903a f14027f3 csrrs            x15, x0, 0xf14      x15=00000001
19327633ns          367569 1c00903e f8068693 addi             x13, x13, -128      x13=00001f80 x13:00002000
19327654ns          367570 1c009042 00379713 slli             x14, x15, 0x3       x14=00000008 x15:00000001
19327674ns          367571 1c009046 00279793 slli             x15, x15, 0x2       x15=00000004 x15:00000001
19327694ns          367572 1c009048 00d7f7b3 and              x15, x15, x13       x15=00000000 x15:00000004 x13:00001f80
19327714ns          367573 1c00904a ee873733 p.bclr           x14, x14, 23, 8     x14=00000008 x14:00000008
19327734ns          367574 1c00904e 1a10f6b7 lui              x13, 0x1a10f000     x13=1a10f000
19327754ns          367575 1c009052 0ff57513 andi             x10, x10, 255       x10=00000070 x10:00000070
19327774ns          367576 1c009056 00d70733 add              x14, x14, x13       x14=1a10f008 x14:00000008 x13:1a10f000
19327794ns          367577 1c009058 00a7e723 p.sw             x10, x0(x15)        x10:00000070 x15:00000000  PA:1a10f008
19328135ns          367594 1c00905c 00000513 addi             x10, x0, 0          x10=00000000
19328155ns          367595 1c00905e 00008067 jalr             x0, x1, 0            x1:1c00912e
19328215ns          367598 1c00912e 31f52563 p.beqimm         x10, 778            x10:00000000
19328235ns          367599 1c009132 001d8d93 addi             x27, x27, 1         x27=00000008 x27:00000007
19328255ns          367600 1c009134 00044503 lbu              x10, 0(x8)          x10=00000061  x8:1c0000fc  PA:1c0000fc
19328556ns          367615 1c009138 00140413 addi             x8, x8, 1            x8=1c0000fd  x8:1c0000fc
19328577ns          367616 1c00913a fe0514e3 bne              x10, x0, -24        x10:00000061
19328657ns          367620 1c009122 02500793 addi             x15, x0, 37         x15=00000025
19328677ns          367621 1c009126 04f50863 beq              x10, x15, 80        x10:00000061 x15:00000025
19328697ns          367622 1c00912a 01a005b3 add              x11, x0, x26        x11=00000002 x26:00000002
19328717ns          367623 1c00912c 000b00e7 jalr             x1, x22, 0           x1=1c00912e x22:1c009038
19328757ns          367625 1c009038 000026b7 lui              x13, 0x2000         x13=00002000
19328777ns          367626 1c00903a f14027f3 csrrs            x15, x0, 0xf14      x15=00000001
19328797ns          367627 1c00903e f8068693 addi             x13, x13, -128      x13=00001f80 x13:00002000
19328817ns          367628 1c009042 00379713 slli             x14, x15, 0x3       x14=00000008 x15:00000001
19328837ns          367629 1c009046 00279793 slli             x15, x15, 0x2       x15=00000004 x15:00000001
19328857ns          367630 1c009048 00d7f7b3 and              x15, x15, x13       x15=00000000 x15:00000004 x13:00001f80
19328878ns          367631 1c00904a ee873733 p.bclr           x14, x14, 23, 8     x14=00000008 x14:00000008
19328898ns          367632 1c00904e 1a10f6b7 lui              x13, 0x1a10f000     x13=1a10f000
19328918ns          367633 1c009052 0ff57513 andi             x10, x10, 255       x10=00000061 x10:00000061
19328938ns          367634 1c009056 00d70733 add              x14, x14, x13       x14=1a10f008 x14:00000008 x13:1a10f000
19328958ns          367635 1c009058 00a7e723 p.sw             x10, x0(x15)        x10:00000061 x15:00000000  PA:1a10f008
19329279ns          367651 1c00905c 00000513 addi             x10, x0, 0          x10=00000000
19329299ns          367652 1c00905e 00008067 jalr             x0, x1, 0            x1:1c00912e
19329359ns          367655 1c00912e 31f52563 p.beqimm         x10, 778            x10:00000000
19329379ns          367656 1c009132 001d8d93 addi             x27, x27, 1         x27=00000009 x27:00000008
19329399ns          367657 1c009134 00044503 lbu              x10, 0(x8)          x10=00000073  x8:1c0000fd  PA:1c0000fd
19329700ns          367672 1c009138 00140413 addi             x8, x8, 1            x8=1c0000fe  x8:1c0000fd
19329720ns          367673 1c00913a fe0514e3 bne              x10, x0, -24        x10:00000073
19329801ns          367677 1c009122 02500793 addi             x15, x0, 37         x15=00000025
19329821ns          367678 1c009126 04f50863 beq              x10, x15, 80        x10:00000073 x15:00000025
19329841ns          367679 1c00912a 01a005b3 add              x11, x0, x26        x11=00000002 x26:00000002
19329861ns          367680 1c00912c 000b00e7 jalr             x1, x22, 0           x1=1c00912e x22:1c009038
19329901ns          367682 1c009038 000026b7 lui              x13, 0x2000         x13=00002000
19329921ns          367683 1c00903a f14027f3 csrrs            x15, x0, 0xf14      x15=00000001
19329941ns          367684 1c00903e f8068693 addi             x13, x13, -128      x13=00001f80 x13:00002000
19329961ns          367685 1c009042 00379713 slli             x14, x15, 0x3       x14=00000008 x15:00000001
19329981ns          367686 1c009046 00279793 slli             x15, x15, 0x2       x15=00000004 x15:00000001
19330001ns          367687 1c009048 00d7f7b3 and              x15, x15, x13       x15=00000000 x15:00000004 x13:00001f80
19330021ns          367688 1c00904a ee873733 p.bclr           x14, x14, 23, 8     x14=00000008 x14:00000008
19330041ns          367689 1c00904e 1a10f6b7 lui              x13, 0x1a10f000     x13=1a10f000
19330061ns          367690 1c009052 0ff57513 andi             x10, x10, 255       x10=00000073 x10:00000073
19330081ns          367691 1c009056 00d70733 add              x14, x14, x13       x14=1a10f008 x14:00000008 x13:1a10f000
19330101ns          367692 1c009058 00a7e723 p.sw             x10, x0(x15)        x10:00000073 x15:00000000  PA:1a10f008
19330423ns          367708 1c00905c 00000513 addi             x10, x0, 0          x10=00000000
19330443ns          367709 1c00905e 00008067 jalr             x0, x1, 0            x1:1c00912e
19330503ns          367712 1c00912e 31f52563 p.beqimm         x10, 778            x10:00000000
19330523ns          367713 1c009132 001d8d93 addi             x27, x27, 1         x27=0000000a x27:00000009
19330543ns          367714 1c009134 00044503 lbu              x10, 0(x8)          x10=00000073  x8:1c0000fe  PA:1c0000fe
19330844ns          367729 1c009138 00140413 addi             x8, x8, 1            x8=1c0000ff  x8:1c0000fe
19330864ns          367730 1c00913a fe0514e3 bne              x10, x0, -24        x10:00000073
19330944ns          367734 1c009122 02500793 addi             x15, x0, 37         x15=00000025
19330964ns          367735 1c009126 04f50863 beq              x10, x15, 80        x10:00000073 x15:00000025
19330984ns          367736 1c00912a 01a005b3 add              x11, x0, x26        x11=00000002 x26:00000002
19331004ns          367737 1c00912c 000b00e7 jalr             x1, x22, 0           x1=1c00912e x22:1c009038
19331045ns          367739 1c009038 000026b7 lui              x13, 0x2000         x13=00002000
19331065ns          367740 1c00903a f14027f3 csrrs            x15, x0, 0xf14      x15=00000001
19331085ns          367741 1c00903e f8068693 addi             x13, x13, -128      x13=00001f80 x13:00002000
19331105ns          367742 1c009042 00379713 slli             x14, x15, 0x3       x14=00000008 x15:00000001
19331125ns          367743 1c009046 00279793 slli             x15, x15, 0x2       x15=00000004 x15:00000001
19331145ns          367744 1c009048 00d7f7b3 and              x15, x15, x13       x15=00000000 x15:00000004 x13:00001f80
19331165ns          367745 1c00904a ee873733 p.bclr           x14, x14, 23, 8     x14=00000008 x14:00000008
19331185ns          367746 1c00904e 1a10f6b7 lui              x13, 0x1a10f000     x13=1a10f000
19331205ns          367747 1c009052 0ff57513 andi             x10, x10, 255       x10=00000073 x10:00000073
19331225ns          367748 1c009056 00d70733 add              x14, x14, x13       x14=1a10f008 x14:00000008 x13:1a10f000
19331245ns          367749 1c009058 00a7e723 p.sw             x10, x0(x15)        x10:00000073 x15:00000000  PA:1a10f008
19331566ns          367765 1c00905c 00000513 addi             x10, x0, 0          x10=00000000
19331586ns          367766 1c00905e 00008067 jalr             x0, x1, 0            x1:1c00912e
19331647ns          367769 1c00912e 31f52563 p.beqimm         x10, 778            x10:00000000
19331667ns          367770 1c009132 001d8d93 addi             x27, x27, 1         x27=0000000b x27:0000000a
19331687ns          367771 1c009134 00044503 lbu              x10, 0(x8)          x10=00000065  x8:1c0000ff  PA:1c0000ff
19331988ns          367786 1c009138 00140413 addi             x8, x8, 1            x8=1c000100  x8:1c0000ff
19332008ns          367787 1c00913a fe0514e3 bne              x10, x0, -24        x10:00000065
19332088ns          367791 1c009122 02500793 addi             x15, x0, 37         x15=00000025
19332108ns          367792 1c009126 04f50863 beq              x10, x15, 80        x10:00000065 x15:00000025
19332128ns          367793 1c00912a 01a005b3 add              x11, x0, x26        x11=00000002 x26:00000002
19332148ns          367794 1c00912c 000b00e7 jalr             x1, x22, 0           x1=1c00912e x22:1c009038
19332188ns          367796 1c009038 000026b7 lui              x13, 0x2000         x13=00002000
19332208ns          367797 1c00903a f14027f3 csrrs            x15, x0, 0xf14      x15=00000001
19332228ns          367798 1c00903e f8068693 addi             x13, x13, -128      x13=00001f80 x13:00002000
19332248ns          367799 1c009042 00379713 slli             x14, x15, 0x3       x14=00000008 x15:00000001
19332269ns          367800 1c009046 00279793 slli             x15, x15, 0x2       x15=00000004 x15:00000001
19332289ns          367801 1c009048 00d7f7b3 and              x15, x15, x13       x15=00000000 x15:00000004 x13:00001f80
19332309ns          367802 1c00904a ee873733 p.bclr           x14, x14, 23, 8     x14=00000008 x14:00000008
19332329ns          367803 1c00904e 1a10f6b7 lui              x13, 0x1a10f000     x13=1a10f000
19332349ns          367804 1c009052 0ff57513 andi             x10, x10, 255       x10=00000065 x10:00000065
19332369ns          367805 1c009056 00d70733 add              x14, x14, x13       x14=1a10f008 x14:00000008 x13:1a10f000
19332389ns          367806 1c009058 00a7e723 p.sw             x10, x0(x15)        x10:00000065 x15:00000000  PA:1a10f008
19332710ns          367822 1c00905c 00000513 addi             x10, x0, 0          x10=00000000
19332730ns          367823 1c00905e 00008067 jalr             x0, x1, 0            x1:1c00912e
19332790ns          367826 1c00912e 31f52563 p.beqimm         x10, 778            x10:00000000
19332810ns          367827 1c009132 001d8d93 addi             x27, x27, 1         x27=0000000c x27:0000000b
19332830ns          367828 1c009134 00044503 lbu              x10, 0(x8)          x10=00000064  x8:1c000100  PA:1c000100
19333131ns          367843 1c009138 00140413 addi             x8, x8, 1            x8=1c000101  x8:1c000100
19333151ns          367844 1c00913a fe0514e3 bne              x10, x0, -24        x10:00000064
19333232ns          367848 1c009122 02500793 addi             x15, x0, 37         x15=00000025
19333252ns          367849 1c009126 04f50863 beq              x10, x15, 80        x10:00000064 x15:00000025
19333272ns          367850 1c00912a 01a005b3 add              x11, x0, x26        x11=00000002 x26:00000002
19333292ns          367851 1c00912c 000b00e7 jalr             x1, x22, 0           x1=1c00912e x22:1c009038
19333332ns          367853 1c009038 000026b7 lui              x13, 0x2000         x13=00002000
19333352ns          367854 1c00903a f14027f3 csrrs            x15, x0, 0xf14      x15=00000001
19333372ns          367855 1c00903e f8068693 addi             x13, x13, -128      x13=00001f80 x13:00002000
19333392ns          367856 1c009042 00379713 slli             x14, x15, 0x3       x14=00000008 x15:00000001
19333412ns          367857 1c009046 00279793 slli             x15, x15, 0x2       x15=00000004 x15:00000001
19333432ns          367858 1c009048 00d7f7b3 and              x15, x15, x13       x15=00000000 x15:00000004 x13:00001f80
19333452ns          367859 1c00904a ee873733 p.bclr           x14, x14, 23, 8     x14=00000008 x14:00000008
19333472ns          367860 1c00904e 1a10f6b7 lui              x13, 0x1a10f000     x13=1a10f000
19333493ns          367861 1c009052 0ff57513 andi             x10, x10, 255       x10=00000064 x10:00000064
19333513ns          367862 1c009056 00d70733 add              x14, x14, x13       x14=1a10f008 x14:00000008 x13:1a10f000
19333533ns          367863 1c009058 00a7e723 p.sw             x10, x0(x15)        x10:00000064 x15:00000000  PA:1a10f008
19333854ns          367879 1c00905c 00000513 addi             x10, x0, 0          x10=00000000
19333874ns          367880 1c00905e 00008067 jalr             x0, x1, 0            x1:1c00912e
19333934ns          367883 1c00912e 31f52563 p.beqimm         x10, 778            x10:00000000
19333954ns          367884 1c009132 001d8d93 addi             x27, x27, 1         x27=0000000d x27:0000000c
19333974ns          367885 1c009134 00044503 lbu              x10, 0(x8)          x10=00000020  x8:1c000101  PA:1c000101
19334295ns          367901 1c009138 00140413 addi             x8, x8, 1            x8=1c000102  x8:1c000101
19334315ns          367902 1c00913a fe0514e3 bne              x10, x0, -24        x10:00000020
19334395ns          367906 1c009122 02500793 addi             x15, x0, 37         x15=00000025
19334416ns          367907 1c009126 04f50863 beq              x10, x15, 80        x10:00000020 x15:00000025
19334436ns          367908 1c00912a 01a005b3 add              x11, x0, x26        x11=00000002 x26:00000002
19334456ns          367909 1c00912c 000b00e7 jalr             x1, x22, 0           x1=1c00912e x22:1c009038
19334496ns          367911 1c009038 000026b7 lui              x13, 0x2000         x13=00002000
19334516ns          367912 1c00903a f14027f3 csrrs            x15, x0, 0xf14      x15=00000001
19334536ns          367913 1c00903e f8068693 addi             x13, x13, -128      x13=00001f80 x13:00002000
19334556ns          367914 1c009042 00379713 slli             x14, x15, 0x3       x14=00000008 x15:00000001
19334576ns          367915 1c009046 00279793 slli             x15, x15, 0x2       x15=00000004 x15:00000001
19334596ns          367916 1c009048 00d7f7b3 and              x15, x15, x13       x15=00000000 x15:00000004 x13:00001f80
19334616ns          367917 1c00904a ee873733 p.bclr           x14, x14, 23, 8     x14=00000008 x14:00000008
19334636ns          367918 1c00904e 1a10f6b7 lui              x13, 0x1a10f000     x13=1a10f000
19334656ns          367919 1c009052 0ff57513 andi             x10, x10, 255       x10=00000020 x10:00000020
19334676ns          367920 1c009056 00d70733 add              x14, x14, x13       x14=1a10f008 x14:00000008 x13:1a10f000
19334696ns          367921 1c009058 00a7e723 p.sw             x10, x0(x15)        x10:00000020 x15:00000000  PA:1a10f008
19335018ns          367937 1c00905c 00000513 addi             x10, x0, 0          x10=00000000
19335038ns          367938 1c00905e 00008067 jalr             x0, x1, 0            x1:1c00912e
19335098ns          367941 1c00912e 31f52563 p.beqimm         x10, 778            x10:00000000
19335118ns          367942 1c009132 001d8d93 addi             x27, x27, 1         x27=0000000e x27:0000000d
19335138ns          367943 1c009134 00044503 lbu              x10, 0(x8)          x10=0000006f  x8:1c000102  PA:1c000102
19335439ns          367958 1c009138 00140413 addi             x8, x8, 1            x8=1c000103  x8:1c000102
19335459ns          367959 1c00913a fe0514e3 bne              x10, x0, -24        x10:0000006f
19335539ns          367963 1c009122 02500793 addi             x15, x0, 37         x15=00000025
19335559ns          367964 1c009126 04f50863 beq              x10, x15, 80        x10:0000006f x15:00000025
19335579ns          367965 1c00912a 01a005b3 add              x11, x0, x26        x11=00000002 x26:00000002
19335599ns          367966 1c00912c 000b00e7 jalr             x1, x22, 0           x1=1c00912e x22:1c009038
19335640ns          367968 1c009038 000026b7 lui              x13, 0x2000         x13=00002000
19335660ns          367969 1c00903a f14027f3 csrrs            x15, x0, 0xf14      x15=00000001
19335680ns          367970 1c00903e f8068693 addi             x13, x13, -128      x13=00001f80 x13:00002000
19335700ns          367971 1c009042 00379713 slli             x14, x15, 0x3       x14=00000008 x15:00000001
19335720ns          367972 1c009046 00279793 slli             x15, x15, 0x2       x15=00000004 x15:00000001
19335740ns          367973 1c009048 00d7f7b3 and              x15, x15, x13       x15=00000000 x15:00000004 x13:00001f80
19335760ns          367974 1c00904a ee873733 p.bclr           x14, x14, 23, 8     x14=00000008 x14:00000008
19335780ns          367975 1c00904e 1a10f6b7 lui              x13, 0x1a10f000     x13=1a10f000
19335800ns          367976 1c009052 0ff57513 andi             x10, x10, 255       x10=0000006f x10:0000006f
19335820ns          367977 1c009056 00d70733 add              x14, x14, x13       x14=1a10f008 x14:00000008 x13:1a10f000
19335840ns          367978 1c009058 00a7e723 p.sw             x10, x0(x15)        x10:0000006f x15:00000000  PA:1a10f008
19336161ns          367994 1c00905c 00000513 addi             x10, x0, 0          x10=00000000
19336181ns          367995 1c00905e 00008067 jalr             x0, x1, 0            x1:1c00912e
19336241ns          367998 1c00912e 31f52563 p.beqimm         x10, 778            x10:00000000
19336262ns          367999 1c009132 001d8d93 addi             x27, x27, 1         x27=0000000f x27:0000000e
19336282ns          368000 1c009134 00044503 lbu              x10, 0(x8)          x10=0000006e  x8:1c000103  PA:1c000103
19336583ns          368015 1c009138 00140413 addi             x8, x8, 1            x8=1c000104  x8:1c000103
19336603ns          368016 1c00913a fe0514e3 bne              x10, x0, -24        x10:0000006e
19336683ns          368020 1c009122 02500793 addi             x15, x0, 37         x15=00000025
19336703ns          368021 1c009126 04f50863 beq              x10, x15, 80        x10:0000006e x15:00000025
19336723ns          368022 1c00912a 01a005b3 add              x11, x0, x26        x11=00000002 x26:00000002
19336743ns          368023 1c00912c 000b00e7 jalr             x1, x22, 0           x1=1c00912e x22:1c009038
19336783ns          368025 1c009038 000026b7 lui              x13, 0x2000         x13=00002000
19336803ns          368026 1c00903a f14027f3 csrrs            x15, x0, 0xf14      x15=00000001
19336823ns          368027 1c00903e f8068693 addi             x13, x13, -128      x13=00001f80 x13:00002000
19336843ns          368028 1c009042 00379713 slli             x14, x15, 0x3       x14=00000008 x15:00000001
19336864ns          368029 1c009046 00279793 slli             x15, x15, 0x2       x15=00000004 x15:00000001
19336884ns          368030 1c009048 00d7f7b3 and              x15, x15, x13       x15=00000000 x15:00000004 x13:00001f80
19336904ns          368031 1c00904a ee873733 p.bclr           x14, x14, 23, 8     x14=00000008 x14:00000008
19336924ns          368032 1c00904e 1a10f6b7 lui              x13, 0x1a10f000     x13=1a10f000
19336944ns          368033 1c009052 0ff57513 andi             x10, x10, 255       x10=0000006e x10:0000006e
19336964ns          368034 1c009056 00d70733 add              x14, x14, x13       x14=1a10f008 x14:00000008 x13:1a10f000
19336984ns          368035 1c009058 00a7e723 p.sw             x10, x0(x15)        x10:0000006e x15:00000000  PA:1a10f008
19337305ns          368051 1c00905c 00000513 addi             x10, x0, 0          x10=00000000
19337325ns          368052 1c00905e 00008067 jalr             x0, x1, 0            x1:1c00912e
19337385ns          368055 1c00912e 31f52563 p.beqimm         x10, 778            x10:00000000
19337405ns          368056 1c009132 001d8d93 addi             x27, x27, 1         x27=00000010 x27:0000000f
19337425ns          368057 1c009134 00044503 lbu              x10, 0(x8)          x10=00000020  x8:1c000104  PA:1c000104
19337726ns          368072 1c009138 00140413 addi             x8, x8, 1            x8=1c000105  x8:1c000104
19337746ns          368073 1c00913a fe0514e3 bne              x10, x0, -24        x10:00000020
19337827ns          368077 1c009122 02500793 addi             x15, x0, 37         x15=00000025
19337847ns          368078 1c009126 04f50863 beq              x10, x15, 80        x10:00000020 x15:00000025
19337867ns          368079 1c00912a 01a005b3 add              x11, x0, x26        x11=00000002 x26:00000002
19337887ns          368080 1c00912c 000b00e7 jalr             x1, x22, 0           x1=1c00912e x22:1c009038
19337927ns          368082 1c009038 000026b7 lui              x13, 0x2000         x13=00002000
19337947ns          368083 1c00903a f14027f3 csrrs            x15, x0, 0xf14      x15=00000001
19337967ns          368084 1c00903e f8068693 addi             x13, x13, -128      x13=00001f80 x13:00002000
19337987ns          368085 1c009042 00379713 slli             x14, x15, 0x3       x14=00000008 x15:00000001
19338007ns          368086 1c009046 00279793 slli             x15, x15, 0x2       x15=00000004 x15:00000001
19338027ns          368087 1c009048 00d7f7b3 and              x15, x15, x13       x15=00000000 x15:00000004 x13:00001f80
19338047ns          368088 1c00904a ee873733 p.bclr           x14, x14, 23, 8     x14=00000008 x14:00000008
19338067ns          368089 1c00904e 1a10f6b7 lui              x13, 0x1a10f000     x13=1a10f000
19338088ns          368090 1c009052 0ff57513 andi             x10, x10, 255       x10=00000020 x10:00000020
19338108ns          368091 1c009056 00d70733 add              x14, x14, x13       x14=1a10f008 x14:00000008 x13:1a10f000
19338128ns          368092 1c009058 00a7e723 p.sw             x10, x0(x15)        x10:00000020 x15:00000000  PA:1a10f008
19338469ns          368109 1c00905c 00000513 addi             x10, x0, 0          x10=00000000
19338489ns          368110 1c00905e 00008067 jalr             x0, x1, 0            x1:1c00912e
19338549ns          368113 1c00912e 31f52563 p.beqimm         x10, 778            x10:00000000
19338569ns          368114 1c009132 001d8d93 addi             x27, x27, 1         x27=00000011 x27:00000010
19338589ns          368115 1c009134 00044503 lbu              x10, 0(x8)          x10=00000063  x8:1c000105  PA:1c000105
19338890ns          368130 1c009138 00140413 addi             x8, x8, 1            x8=1c000106  x8:1c000105
19338910ns          368131 1c00913a fe0514e3 bne              x10, x0, -24        x10:00000063
19338990ns          368135 1c009122 02500793 addi             x15, x0, 37         x15=00000025
19339011ns          368136 1c009126 04f50863 beq              x10, x15, 80        x10:00000063 x15:00000025
19339031ns          368137 1c00912a 01a005b3 add              x11, x0, x26        x11=00000002 x26:00000002
19339051ns          368138 1c00912c 000b00e7 jalr             x1, x22, 0           x1=1c00912e x22:1c009038
19339091ns          368140 1c009038 000026b7 lui              x13, 0x2000         x13=00002000
19339111ns          368141 1c00903a f14027f3 csrrs            x15, x0, 0xf14      x15=00000001
19339131ns          368142 1c00903e f8068693 addi             x13, x13, -128      x13=00001f80 x13:00002000
19339151ns          368143 1c009042 00379713 slli             x14, x15, 0x3       x14=00000008 x15:00000001
19339171ns          368144 1c009046 00279793 slli             x15, x15, 0x2       x15=00000004 x15:00000001
19339191ns          368145 1c009048 00d7f7b3 and              x15, x15, x13       x15=00000000 x15:00000004 x13:00001f80
19339211ns          368146 1c00904a ee873733 p.bclr           x14, x14, 23, 8     x14=00000008 x14:00000008
19339231ns          368147 1c00904e 1a10f6b7 lui              x13, 0x1a10f000     x13=1a10f000
19339251ns          368148 1c009052 0ff57513 andi             x10, x10, 255       x10=00000063 x10:00000063
19339271ns          368149 1c009056 00d70733 add              x14, x14, x13       x14=1a10f008 x14:00000008 x13:1a10f000
19339291ns          368150 1c009058 00a7e723 p.sw             x10, x0(x15)        x10:00000063 x15:00000000  PA:1a10f008
19339633ns          368167 1c00905c 00000513 addi             x10, x0, 0          x10=00000000
19339653ns          368168 1c00905e 00008067 jalr             x0, x1, 0            x1:1c00912e
19339713ns          368171 1c00912e 31f52563 p.beqimm         x10, 778            x10:00000000
19339733ns          368172 1c009132 001d8d93 addi             x27, x27, 1         x27=00000012 x27:00000011
19339753ns          368173 1c009134 00044503 lbu              x10, 0(x8)          x10=0000006f  x8:1c000106  PA:1c000106
19340054ns          368188 1c009138 00140413 addi             x8, x8, 1            x8=1c000107  x8:1c000106
19340074ns          368189 1c00913a fe0514e3 bne              x10, x0, -24        x10:0000006f
19340154ns          368193 1c009122 02500793 addi             x15, x0, 37         x15=00000025
19340174ns          368194 1c009126 04f50863 beq              x10, x15, 80        x10:0000006f x15:00000025
19340194ns          368195 1c00912a 01a005b3 add              x11, x0, x26        x11=00000002 x26:00000002
19340214ns          368196 1c00912c 000b00e7 jalr             x1, x22, 0           x1=1c00912e x22:1c009038
19340255ns          368198 1c009038 000026b7 lui              x13, 0x2000         x13=00002000
19340275ns          368199 1c00903a f14027f3 csrrs            x15, x0, 0xf14      x15=00000001
19340295ns          368200 1c00903e f8068693 addi             x13, x13, -128      x13=00001f80 x13:00002000
19340315ns          368201 1c009042 00379713 slli             x14, x15, 0x3       x14=00000008 x15:00000001
19340335ns          368202 1c009046 00279793 slli             x15, x15, 0x2       x15=00000004 x15:00000001
19340355ns          368203 1c009048 00d7f7b3 and              x15, x15, x13       x15=00000000 x15:00000004 x13:00001f80
19340375ns          368204 1c00904a ee873733 p.bclr           x14, x14, 23, 8     x14=00000008 x14:00000008
19340395ns          368205 1c00904e 1a10f6b7 lui              x13, 0x1a10f000     x13=1a10f000
19340415ns          368206 1c009052 0ff57513 andi             x10, x10, 255       x10=0000006f x10:0000006f
19340435ns          368207 1c009056 00d70733 add              x14, x14, x13       x14=1a10f008 x14:00000008 x13:1a10f000
19340455ns          368208 1c009058 00a7e723 p.sw             x10, x0(x15)        x10:0000006f x15:00000000  PA:1a10f008
19340796ns          368225 1c00905c 00000513 addi             x10, x0, 0          x10=00000000
19340816ns          368226 1c00905e 00008067 jalr             x0, x1, 0            x1:1c00912e
19340877ns          368229 1c00912e 31f52563 p.beqimm         x10, 778            x10:00000000
19340897ns          368230 1c009132 001d8d93 addi             x27, x27, 1         x27=00000013 x27:00000012
19340917ns          368231 1c009134 00044503 lbu              x10, 0(x8)          x10=00000072  x8:1c000107  PA:1c000107
19341218ns          368246 1c009138 00140413 addi             x8, x8, 1            x8=1c000108  x8:1c000107
19341238ns          368247 1c00913a fe0514e3 bne              x10, x0, -24        x10:00000072
19341318ns          368251 1c009122 02500793 addi             x15, x0, 37         x15=00000025
19341338ns          368252 1c009126 04f50863 beq              x10, x15, 80        x10:00000072 x15:00000025
19341358ns          368253 1c00912a 01a005b3 add              x11, x0, x26        x11=00000002 x26:00000002
19341378ns          368254 1c00912c 000b00e7 jalr             x1, x22, 0           x1=1c00912e x22:1c009038
19341418ns          368256 1c009038 000026b7 lui              x13, 0x2000         x13=00002000
19341438ns          368257 1c00903a f14027f3 csrrs            x15, x0, 0xf14      x15=00000001
19341458ns          368258 1c00903e f8068693 addi             x13, x13, -128      x13=00001f80 x13:00002000
19341479ns          368259 1c009042 00379713 slli             x14, x15, 0x3       x14=00000008 x15:00000001
19341499ns          368260 1c009046 00279793 slli             x15, x15, 0x2       x15=00000004 x15:00000001
19341519ns          368261 1c009048 00d7f7b3 and              x15, x15, x13       x15=00000000 x15:00000004 x13:00001f80
19341539ns          368262 1c00904a ee873733 p.bclr           x14, x14, 23, 8     x14=00000008 x14:00000008
19341559ns          368263 1c00904e 1a10f6b7 lui              x13, 0x1a10f000     x13=1a10f000
19341579ns          368264 1c009052 0ff57513 andi             x10, x10, 255       x10=00000072 x10:00000072
19341599ns          368265 1c009056 00d70733 add              x14, x14, x13       x14=1a10f008 x14:00000008 x13:1a10f000
19341619ns          368266 1c009058 00a7e723 p.sw             x10, x0(x15)        x10:00000072 x15:00000000  PA:1a10f008
19341940ns          368282 1c00905c 00000513 addi             x10, x0, 0          x10=00000000
19341960ns          368283 1c00905e 00008067 jalr             x0, x1, 0            x1:1c00912e
19342020ns          368286 1c00912e 31f52563 p.beqimm         x10, 778            x10:00000000
19342040ns          368287 1c009132 001d8d93 addi             x27, x27, 1         x27=00000014 x27:00000013
19342060ns          368288 1c009134 00044503 lbu              x10, 0(x8)          x10=00000065  x8:1c000108  PA:1c000108
19342361ns          368303 1c009138 00140413 addi             x8, x8, 1            x8=1c000109  x8:1c000108
19342381ns          368304 1c00913a fe0514e3 bne              x10, x0, -24        x10:00000065
19342462ns          368308 1c009122 02500793 addi             x15, x0, 37         x15=00000025
19342482ns          368309 1c009126 04f50863 beq              x10, x15, 80        x10:00000065 x15:00000025
19342502ns          368310 1c00912a 01a005b3 add              x11, x0, x26        x11=00000002 x26:00000002
19342522ns          368311 1c00912c 000b00e7 jalr             x1, x22, 0           x1=1c00912e x22:1c009038
19342562ns          368313 1c009038 000026b7 lui              x13, 0x2000         x13=00002000
19342582ns          368314 1c00903a f14027f3 csrrs            x15, x0, 0xf14      x15=00000001
19342602ns          368315 1c00903e f8068693 addi             x13, x13, -128      x13=00001f80 x13:00002000
19342622ns          368316 1c009042 00379713 slli             x14, x15, 0x3       x14=00000008 x15:00000001
19342642ns          368317 1c009046 00279793 slli             x15, x15, 0x2       x15=00000004 x15:00000001
19342662ns          368318 1c009048 00d7f7b3 and              x15, x15, x13       x15=00000000 x15:00000004 x13:00001f80
19342682ns          368319 1c00904a ee873733 p.bclr           x14, x14, 23, 8     x14=00000008 x14:00000008
19342703ns          368320 1c00904e 1a10f6b7 lui              x13, 0x1a10f000     x13=1a10f000
19342723ns          368321 1c009052 0ff57513 andi             x10, x10, 255       x10=00000065 x10:00000065
19342743ns          368322 1c009056 00d70733 add              x14, x14, x13       x14=1a10f008 x14:00000008 x13:1a10f000
19342763ns          368323 1c009058 00a7e723 p.sw             x10, x0(x15)        x10:00000065 x15:00000000  PA:1a10f008
19343084ns          368339 1c00905c 00000513 addi             x10, x0, 0          x10=00000000
19343104ns          368340 1c00905e 00008067 jalr             x0, x1, 0            x1:1c00912e
19343164ns          368343 1c00912e 31f52563 p.beqimm         x10, 778            x10:00000000
19343184ns          368344 1c009132 001d8d93 addi             x27, x27, 1         x27=00000015 x27:00000014
19343204ns          368345 1c009134 00044503 lbu              x10, 0(x8)          x10=00000020  x8:1c000109  PA:1c000109
19343505ns          368360 1c009138 00140413 addi             x8, x8, 1            x8=1c00010a  x8:1c000109
19343525ns          368361 1c00913a fe0514e3 bne              x10, x0, -24        x10:00000020
19343605ns          368365 1c009122 02500793 addi             x15, x0, 37         x15=00000025
19343626ns          368366 1c009126 04f50863 beq              x10, x15, 80        x10:00000020 x15:00000025
19343646ns          368367 1c00912a 01a005b3 add              x11, x0, x26        x11=00000002 x26:00000002
19343666ns          368368 1c00912c 000b00e7 jalr             x1, x22, 0           x1=1c00912e x22:1c009038
19343706ns          368370 1c009038 000026b7 lui              x13, 0x2000         x13=00002000
19343726ns          368371 1c00903a f14027f3 csrrs            x15, x0, 0xf14      x15=00000001
19343746ns          368372 1c00903e f8068693 addi             x13, x13, -128      x13=00001f80 x13:00002000
19343766ns          368373 1c009042 00379713 slli             x14, x15, 0x3       x14=00000008 x15:00000001
19343786ns          368374 1c009046 00279793 slli             x15, x15, 0x2       x15=00000004 x15:00000001
19343806ns          368375 1c009048 00d7f7b3 and              x15, x15, x13       x15=00000000 x15:00000004 x13:00001f80
19343826ns          368376 1c00904a ee873733 p.bclr           x14, x14, 23, 8     x14=00000008 x14:00000008
19343846ns          368377 1c00904e 1a10f6b7 lui              x13, 0x1a10f000     x13=1a10f000
19343866ns          368378 1c009052 0ff57513 andi             x10, x10, 255       x10=00000020 x10:00000020
19343886ns          368379 1c009056 00d70733 add              x14, x14, x13       x14=1a10f008 x14:00000008 x13:1a10f000
19343906ns          368380 1c009058 00a7e723 p.sw             x10, x0(x15)        x10:00000020 x15:00000000  PA:1a10f008
19344228ns          368396 1c00905c 00000513 addi             x10, x0, 0          x10=00000000
19344248ns          368397 1c00905e 00008067 jalr             x0, x1, 0            x1:1c00912e
19344308ns          368400 1c00912e 31f52563 p.beqimm         x10, 778            x10:00000000
19344328ns          368401 1c009132 001d8d93 addi             x27, x27, 1         x27=00000016 x27:00000015
19344348ns          368402 1c009134 00044503 lbu              x10, 0(x8)          x10=00000020  x8:1c00010a  PA:1c00010a
19344649ns          368417 1c009138 00140413 addi             x8, x8, 1            x8=1c00010b  x8:1c00010a
19344669ns          368418 1c00913a fe0514e3 bne              x10, x0, -24        x10:00000020
19344749ns          368422 1c009122 02500793 addi             x15, x0, 37         x15=00000025
19344769ns          368423 1c009126 04f50863 beq              x10, x15, 80        x10:00000020 x15:00000025
19344789ns          368424 1c00912a 01a005b3 add              x11, x0, x26        x11=00000002 x26:00000002
19344809ns          368425 1c00912c 000b00e7 jalr             x1, x22, 0           x1=1c00912e x22:1c009038
19344850ns          368427 1c009038 000026b7 lui              x13, 0x2000         x13=00002000
19344870ns          368428 1c00903a f14027f3 csrrs            x15, x0, 0xf14      x15=00000001
19344890ns          368429 1c00903e f8068693 addi             x13, x13, -128      x13=00001f80 x13:00002000
19344910ns          368430 1c009042 00379713 slli             x14, x15, 0x3       x14=00000008 x15:00000001
19344930ns          368431 1c009046 00279793 slli             x15, x15, 0x2       x15=00000004 x15:00000001
19344950ns          368432 1c009048 00d7f7b3 and              x15, x15, x13       x15=00000000 x15:00000004 x13:00001f80
19344970ns          368433 1c00904a ee873733 p.bclr           x14, x14, 23, 8     x14=00000008 x14:00000008
19344990ns          368434 1c00904e 1a10f6b7 lui              x13, 0x1a10f000     x13=1a10f000
19345010ns          368435 1c009052 0ff57513 andi             x10, x10, 255       x10=00000020 x10:00000020
19345030ns          368436 1c009056 00d70733 add              x14, x14, x13       x14=1a10f008 x14:00000008 x13:1a10f000
19345050ns          368437 1c009058 00a7e723 p.sw             x10, x0(x15)        x10:00000020 x15:00000000  PA:1a10f008
19345371ns          368453 1c00905c 00000513 addi             x10, x0, 0          x10=00000000
19345391ns          368454 1c00905e 00008067 jalr             x0, x1, 0            x1:1c00912e
19345451ns          368457 1c00912e 31f52563 p.beqimm         x10, 778            x10:00000000
19345472ns          368458 1c009132 001d8d93 addi             x27, x27, 1         x27=00000017 x27:00000016
19345492ns          368459 1c009134 00044503 lbu              x10, 0(x8)          x10=00000025  x8:1c00010b  PA:1c00010b
19345793ns          368474 1c009138 00140413 addi             x8, x8, 1            x8=1c00010c  x8:1c00010b
19345813ns          368475 1c00913a fe0514e3 bne              x10, x0, -24        x10:00000025
19345893ns          368479 1c009122 02500793 addi             x15, x0, 37         x15=00000025
19345913ns          368480 1c009126 04f50863 beq              x10, x15, 80        x10:00000025 x15:00000025
19346053ns          368487 1c009176 00044483 lbu              x9, 0(x8)            x9=00000064  x8:1c00010c  PA:1c00010c
19346354ns          368502 1c00917a 02000693 addi             x13, x0, 32         x13=00000020
19346375ns          368503 1c00917e 00140a93 addi             x21, x8, 1          x21=1c00010d  x8:1c00010c
19346395ns          368504 1c009182 009005b3 add              x11, x0, x9         x11=00000064  x9:00000064
19346415ns          368505 1c009184 13cb8513 addi             x10, x23, 316       x10=1c00013c x23:1c000000
19346435ns          368506 1c009188 00d12823 sw               x13, 16(x2)         x13:00000020  x2:10000cd8  PA:10000ce8
19346455ns          368507 1c00918a 00012c23 sw               x0, 24(x2)           x2:10000cd8  PA:10000cf0
19346475ns          368508 1c00918c 00012a23 sw               x0, 20(x2)           x2:10000cd8  PA:10000cec
19346495ns          368509 1c00918e 00012e23 sw               x0, 28(x2)           x2:10000cd8  PA:10000cf4
19346515ns          368510 1c009190 00012623 sw               x0, 12(x2)           x2:10000cd8  PA:10000ce4
19346535ns          368511 1c009192 02300913 addi             x18, x0, 35         x18=00000023
19346555ns          368512 1c009196 02d00a13 addi             x20, x0, 45         x20=0000002d
19346575ns          368513 1c00919a 015009b3 add              x19, x0, x21        x19=1c00010d x21:1c00010d
19346595ns          368514 1c00919c e1dff0ef jal              x1, -484             x1=1c00919e
19346716ns          368520 1c008fb8 00054783 lbu              x15, 0(x10)         x15=0000002d x10:1c00013c  PA:1c00013c
19347057ns          368537 1c008fbc 0ff5f593 andi             x11, x11, 255       x11=00000064 x11:00000064
19347077ns          368538 1c008fc0 00b78c63 beq              x15, x11, 24        x15:0000002d x11:00000064
19347097ns          368539 1c008fc4 00078b63 beq              x15, x0, 22         x15:0000002d
19347117ns          368540 1c008fc6 00150793 addi             x15, x10, 1         x15=1c00013d x10:1c00013c
19347137ns          368541 1c008fca 0040006f jal              x0, 4              
19347217ns          368545 1c008fce 00f00533 add              x10, x0, x15        x10=1c00013d x15:1c00013d
19347237ns          368546 1c008fd0 0017c70b p.lbu            x14, 1(x15!)        x14=0000002b x15=1c00013e x15:1c00013d  PA:1c00013d
19347558ns          368562 1c008fd4 feb71ce3 bne              x14, x11, -8        x14:0000002b x11:00000064
19347619ns          368565 1c008fcc 00070763 beq              x14, x0, 14         x14:0000002b
19347639ns          368566 1c008fce 00f00533 add              x10, x0, x15        x10=1c00013e x15:1c00013e
19347659ns          368567 1c008fd0 0017c70b p.lbu            x14, 1(x15!)        x14=00000020 x15=1c00013f x15:1c00013e  PA:1c00013e
19347980ns          368583 1c008fd4 feb71ce3 bne              x14, x11, -8        x14:00000020 x11:00000064
19348040ns          368586 1c008fcc 00070763 beq              x14, x0, 14         x14:00000020
19348060ns          368587 1c008fce 00f00533 add              x10, x0, x15        x10=1c00013f x15:1c00013f
19348080ns          368588 1c008fd0 0017c70b p.lbu            x14, 1(x15!)        x14=00000023 x15=1c000140 x15:1c00013f  PA:1c00013f
19348401ns          368604 1c008fd4 feb71ce3 bne              x14, x11, -8        x14:00000023 x11:00000064
19348461ns          368607 1c008fcc 00070763 beq              x14, x0, 14         x14:00000023
19348481ns          368608 1c008fce 00f00533 add              x10, x0, x15        x10=1c000140 x15:1c000140
19348501ns          368609 1c008fd0 0017c70b p.lbu            x14, 1(x15!)        x14=00000030 x15=1c000141 x15:1c000140  PA:1c000140
19348822ns          368625 1c008fd4 feb71ce3 bne              x14, x11, -8        x14:00000030 x11:00000064
19348883ns          368628 1c008fcc 00070763 beq              x14, x0, 14         x14:00000030
19348903ns          368629 1c008fce 00f00533 add              x10, x0, x15        x10=1c000141 x15:1c000141
19348923ns          368630 1c008fd0 0017c70b p.lbu            x14, 1(x15!)        x14=00000000 x15=1c000142 x15:1c000141  PA:1c000141
19349244ns          368646 1c008fd4 feb71ce3 bne              x14, x11, -8        x14:00000000 x11:00000064
19349304ns          368649 1c008fcc 00070763 beq              x14, x0, 14         x14:00000000
19349384ns          368653 1c008fda 0015b593 sltiu            x11, x11, 1         x11=00000000 x11:00000064
19349404ns          368654 1c008fde 40b005b3 sub              x11, x0, x11        x11=00000000 x11:00000000
19349424ns          368655 1c008fe2 00b57533 and              x10, x10, x11       x10=00000000 x10:1c000141 x11:00000000
19349445ns          368656 1c008fe4 00008067 jalr             x0, x1, 0            x1:1c00919e
19349485ns          368658 1c00919e 02050a63 beq              x10, x0, 52         x10:00000000
19349625ns          368665 1c0091d2 02a00613 addi             x12, x0, 42         x12=0000002a
19349645ns          368666 1c0091d6 2ac48663 beq              x9, x12, 684         x9:00000064 x12:0000002a
19349665ns          368667 1c0091da fd048613 addi             x12, x9, -48        x12=00000034  x9:00000064
19349685ns          368668 1c0091de 00900593 addi             x11, x0, 9          x11=00000009
19349725ns          368670 1c0091e0 00000913 addi             x18, x0, 0          x18=00000000
19349766ns          368672 1c0091e2 28c5f063 bgeu             x11, x12, 640       x11:00000009 x12:00000034
19349786ns          368673 1c0091e6 02e00693 addi             x13, x0, 46         x13=0000002e
19349806ns          368674 1c0091ea fff00a13 addi             x20, x0, -1         x20=ffffffff
19349826ns          368675 1c0091ec 2ed48363 beq              x9, x13, 742         x9:00000064 x13:0000002e
19349866ns          368677 1c0091f0 1c0007b7 lui              x15, 0x1c000000     x15=1c000000
19349906ns          368679 1c0091f4 009005b3 add              x11, x0, x9         x11=00000064  x9:00000064
19349926ns          368680 1c0091f6 14478513 addi             x10, x15, 324       x10=1c000144 x15:1c000000
19349946ns          368681 1c0091fa dbfff0ef jal              x1, -578             x1=1c0091fc
19350046ns          368686 1c008fb8 00054783 lbu              x15, 0(x10)         x15=00000068 x10:1c000144  PA:1c000144
19350347ns          368701 1c008fbc 0ff5f593 andi             x11, x11, 255       x11=00000064 x11:00000064
19350368ns          368702 1c008fc0 00b78c63 beq              x15, x11, 24        x15:00000068 x11:00000064
19350388ns          368703 1c008fc4 00078b63 beq              x15, x0, 22         x15:00000068
19350408ns          368704 1c008fc6 00150793 addi             x15, x10, 1         x15=1c000145 x10:1c000144
19350428ns          368705 1c008fca 0040006f jal              x0, 4              
19350468ns          368707 1c008fce 00f00533 add              x10, x0, x15        x10=1c000145 x15:1c000145
19350488ns          368708 1c008fd0 0017c70b p.lbu            x14, 1(x15!)        x14=0000006c x15=1c000146 x15:1c000145  PA:1c000145
19350809ns          368724 1c008fd4 feb71ce3 bne              x14, x11, -8        x14:0000006c x11:00000064
19350869ns          368727 1c008fcc 00070763 beq              x14, x0, 14         x14:0000006c
19350889ns          368728 1c008fce 00f00533 add              x10, x0, x15        x10=1c000146 x15:1c000146
19350909ns          368729 1c008fd0 0017c70b p.lbu            x14, 1(x15!)        x14=0000004c x15=1c000147 x15:1c000146  PA:1c000146
19351230ns          368745 1c008fd4 feb71ce3 bne              x14, x11, -8        x14:0000004c x11:00000064
19351291ns          368748 1c008fcc 00070763 beq              x14, x0, 14         x14:0000004c
19351311ns          368749 1c008fce 00f00533 add              x10, x0, x15        x10=1c000147 x15:1c000147
19351331ns          368750 1c008fd0 0017c70b p.lbu            x14, 1(x15!)        x14=0000007a x15=1c000148 x15:1c000147  PA:1c000147
19351652ns          368766 1c008fd4 feb71ce3 bne              x14, x11, -8        x14:0000007a x11:00000064
19351712ns          368769 1c008fcc 00070763 beq              x14, x0, 14         x14:0000007a
19351732ns          368770 1c008fce 00f00533 add              x10, x0, x15        x10=1c000148 x15:1c000148
19351752ns          368771 1c008fd0 0017c70b p.lbu            x14, 1(x15!)        x14=00000000 x15=1c000149 x15:1c000148  PA:1c000148
19352073ns          368787 1c008fd4 feb71ce3 bne              x14, x11, -8        x14:00000000 x11:00000064
19352133ns          368790 1c008fcc 00070763 beq              x14, x0, 14         x14:00000000
19352214ns          368794 1c008fda 0015b593 sltiu            x11, x11, 1         x11=00000000 x11:00000064
19352234ns          368795 1c008fde 40b005b3 sub              x11, x0, x11        x11=00000000 x11:00000000
19352254ns          368796 1c008fe2 00b57533 and              x10, x10, x11       x10=00000000 x10:1c000148 x11:00000000
19352274ns          368797 1c008fe4 00008067 jalr             x0, x1, 0            x1:1c0091fc
19352314ns          368799 1c0091fc 01300433 add              x8, x0, x19          x8=1c00010d x19:1c00010d
19352334ns          368800 1c0091fe 00050563 beq              x10, x0, 10         x10:00000000
19352394ns          368803 1c009208 06700693 addi             x13, x0, 103        x13=00000067
19352414ns          368804 1c00920c 2896d963 bge              x13, x9, 658        x13:00000067  x9:00000064
19352896ns          368828 1c00949e 06500693 addi             x13, x0, 101        x13=00000065
19352936ns          368830 1c0094a2 12d4d563 bge              x9, x13, 298         x9:00000064 x13:00000065
19352956ns          368831 1c0094a6 04700693 addi             x13, x0, 71         x13=00000047
19352976ns          368832 1c0094aa dc96cbe3 blt              x13, x9, -554       x13:00000047  x9:00000064
19353116ns          368839 1c009280 06300693 addi             x13, x0, 99         x13=00000063
19353157ns          368841 1c009284 0ad488e3 beq              x9, x13, 2224        x9:00000064 x13:00000063
19353177ns          368842 1c009288 0096c9e3 blt              x13, x9, 2066       x13:00000063  x9:00000064
19353377ns          368852 1c009a9a 000c2583 lw               x11, 0(x24)         x11=00000001 x24:10000e2c  PA:10000e2c
19353397ns          368853 1c009a9e 004c0c13 addi             x24, x24, 4         x24=10000e30 x24:10000e2c
19353438ns          368855 1c009aa0 3405cc63 blt              x11, x0, 856        x11:00000001
19353478ns          368857 1c009aa4 01412603 lw               x12, 20(x2)         x12=00000000  x2:10000cd8  PA:10000cec
19353498ns          368858 1c009aa6 00b006b3 add              x13, x0, x11        x13=00000001 x11:00000001
19353518ns          368859 1c009aa8 2e061863 bne              x12, x0, 752        x12:00000000
19353538ns          368860 1c009aac 01812703 lw               x14, 24(x2)         x14=00000000  x2:10000cd8  PA:10000cf0
19353558ns          368861 1c009aae 019007b3 add              x15, x0, x25        x15=10000cfc x25:10000cfc
19353578ns          368862 1c009ab0 00070763 beq              x14, x0, 14         x14:00000000
19353638ns          368865 1c009abe 00f00733 add              x14, x0, x15        x14=10000cfc x15:10000cfc
19353698ns          368868 1c009ac0 00a00513 addi             x10, x0, 10         x10=0000000a
19353738ns          368870 1c009ac2 02a6f633 remu             x12, x13, x10       x12=00000001 x13:00000001 x10:0000000a
19354361ns          368901 1c009ac6 02a6d6b3 divu             x13, x13, x10       x13=00000000 x13:00000001 x10:0000000a
19354983ns          368932 1c009aca 03060613 addi             x12, x12, 48        x12=00000031 x12:00000001
19355003ns          368933 1c009ace 00c700ab p.sb             x12, 1(x14!)        x14=10000cfd x12:00000031 x14:10000cfc  PA:10000cfc
19355023ns          368934 1c009ad2 fe0698e3 bne              x13, x0, -16        x13:00000000
19355043ns          368935 1c009ad4 40f706b3 sub              x13, x14, x15       x13=00000001 x14:10000cfd x15:10000cfc
19355063ns          368936 1c009ad8 0146dc63 bge              x13, x20, 24        x13:00000001 x20:ffffffff
19355424ns          368954 1c009af0 00e006b3 add              x13, x0, x14        x13=10000cfd x14:10000cfd
19355464ns          368956 1c009af2 fe068fab p.sb             x0, -1(x13!)        x13=10000cfc x13:10000cfd  PA:10000cfd
19355484ns          368957 1c009af6 00d7fc63 bgeu             x15, x13, 24        x15:10000cfc x13:10000cfc
19355605ns          368963 1c009b0e 01412783 lw               x15, 20(x2)         x15=00000000  x2:10000cd8  PA:10000cec
19355665ns          368966 1c009b10 01812603 lw               x12, 24(x2)         x12=00000000  x2:10000cd8  PA:10000cf0
19355705ns          368968 1c009b12 419704b3 sub              x9, x14, x25         x9=00000001 x14:10000cfd x25:10000cfc
19355725ns          368969 1c009b16 00c7e7b3 or               x15, x15, x12       x15=00000000 x15:00000000 x12:00000000
19355745ns          368970 1c009b18 00f12623 sw               x15, 12(x2)         x15:00000000  x2:10000cd8  PA:10000ce4
19355765ns          368971 1c009b1a 00079363 bne              x15, x0, 6          x15:00000000
19355785ns          368972 1c009b1c 01f5d593 srli             x11, x11, 0x1f      x11=00000000 x11:00000001
19355805ns          368973 1c009b1e 00b12623 sw               x11, 12(x2)         x11:00000000  x2:10000cd8  PA:10000ce4
19355825ns          368974 1c009b20 e3fa28e3 p.beqimm         x20, -464           x20:ffffffff
19355926ns          368979 1c009950 0c800793 addi             x15, x0, 200        x15=000000c8
19355966ns          368981 1c009954 9e97d0e3 bge              x15, x9, -1568      x15:000000c8  x9:00000001
19356447ns          369005 1c009334 0f24d163 bge              x9, x18, 226         x9:00000001 x18:00000000
19356588ns          369012 1c009416 d00482e3 beq              x9, x0, -764         x9:00000001
19356608ns          369013 1c00941a 01900933 add              x18, x0, x25        x18=10000cfc x25:10000cfc
19356628ns          369014 1c00941c 419d8db3 sub              x27, x27, x25       x27=effff31b x27:00000017 x25:10000cfc
19356668ns          369016 1c009420 00a0006f jal              x0, 10             
19356728ns          369019 1c00942a 0019450b p.lbu            x10, 1(x18!)        x10=00000031 x18=10000cfd x18:10000cfc  PA:10000cfc
19356748ns          369020 1c00942e 01a005b3 add              x11, x0, x26        x11=00000002 x26:00000002
19356788ns          369022 1c009430 000b00e7 jalr             x1, x22, 0           x1=1c009432 x22:1c009038
19356829ns          369024 1c009038 000026b7 lui              x13, 0x2000         x13=00002000
19356849ns          369025 1c00903a f14027f3 csrrs            x15, x0, 0xf14      x15=00000001
19356869ns          369026 1c00903e f8068693 addi             x13, x13, -128      x13=00001f80 x13:00002000
19356889ns          369027 1c009042 00379713 slli             x14, x15, 0x3       x14=00000008 x15:00000001
19356909ns          369028 1c009046 00279793 slli             x15, x15, 0x2       x15=00000004 x15:00000001
19356929ns          369029 1c009048 00d7f7b3 and              x15, x15, x13       x15=00000000 x15:00000004 x13:00001f80
19356949ns          369030 1c00904a ee873733 p.bclr           x14, x14, 23, 8     x14=00000008 x14:00000008
19356989ns          369032 1c00904e 1a10f6b7 lui              x13, 0x1a10f000     x13=1a10f000
19357029ns          369034 1c009052 0ff57513 andi             x10, x10, 255       x10=00000031 x10:00000031
19357049ns          369035 1c009056 00d70733 add              x14, x14, x13       x14=1a10f008 x14:00000008 x13:1a10f000
19357069ns          369036 1c009058 00a7e723 p.sw             x10, x0(x15)        x10:00000031 x15:00000000  PA:1a10f008
19357511ns          369058 1c00905c 00000513 addi             x10, x0, 0          x10=00000000
19357531ns          369059 1c00905e 00008067 jalr             x0, x1, 0            x1:1c009432
19357571ns          369061 1c009432 fff48493 addi             x9, x9, -1           x9=00000000  x9:00000001
19357591ns          369062 1c009434 fff537e3 p.bneimm         x10, -18            x10:00000000
19357671ns          369066 1c009422 012d8733 add              x14, x27, x18       x14=00000018 x27:effff31b x18:10000cfd
19357691ns          369067 1c009426 5a048b63 beq              x9, x0, 1462         x9:00000000
19357792ns          369072 1c0099dc 00e00db3 add              x27, x0, x14        x27=00000018 x14:00000018
19357872ns          369076 1c0099de f3cff06f jal              x0, -2244          
19357992ns          369082 1c00911a 00044503 lbu              x10, 0(x8)          x10=0000000a  x8:1c00010d  PA:1c00010d
19358293ns          369097 1c00911e 00140413 addi             x8, x8, 1            x8=1c00010e  x8:1c00010d
19358313ns          369098 1c009120 00050e63 beq              x10, x0, 28         x10:0000000a
19358333ns          369099 1c009122 02500793 addi             x15, x0, 37         x15=00000025
19358354ns          369100 1c009126 04f50863 beq              x10, x15, 80        x10:0000000a x15:00000025
19358374ns          369101 1c00912a 01a005b3 add              x11, x0, x26        x11=00000002 x26:00000002
19358394ns          369102 1c00912c 000b00e7 jalr             x1, x22, 0           x1=1c00912e x22:1c009038
19358534ns          369109 1c009038 000026b7 lui              x13, 0x2000         x13=00002000
19358574ns          369111 1c00903a f14027f3 csrrs            x15, x0, 0xf14      x15=00000001
19358594ns          369112 1c00903e f8068693 addi             x13, x13, -128      x13=00001f80 x13:00002000
19358614ns          369113 1c009042 00379713 slli             x14, x15, 0x3       x14=00000008 x15:00000001
19358634ns          369114 1c009046 00279793 slli             x15, x15, 0x2       x15=00000004 x15:00000001
19358655ns          369115 1c009048 00d7f7b3 and              x15, x15, x13       x15=00000000 x15:00000004 x13:00001f80
19358675ns          369116 1c00904a ee873733 p.bclr           x14, x14, 23, 8     x14=00000008 x14:00000008
19358695ns          369117 1c00904e 1a10f6b7 lui              x13, 0x1a10f000     x13=1a10f000
19358715ns          369118 1c009052 0ff57513 andi             x10, x10, 255       x10=0000000a x10:0000000a
19358735ns          369119 1c009056 00d70733 add              x14, x14, x13       x14=1a10f008 x14:00000008 x13:1a10f000
19358755ns          369120 1c009058 00a7e723 p.sw             x10, x0(x15)        x10:0000000a x15:00000000  PA:1a10f008
19359076ns          369136 1c00905c 00000513 addi             x10, x0, 0          x10=00000000
19359096ns          369137 1c00905e 00008067 jalr             x0, x1, 0            x1:1c00912e
19359156ns          369140 1c00912e 31f52563 p.beqimm         x10, 778            x10:00000000
19359176ns          369141 1c009132 001d8d93 addi             x27, x27, 1         x27=00000019 x27:00000018
19359196ns          369142 1c009134 00044503 lbu              x10, 0(x8)          x10=00000000  x8:1c00010e  PA:1c00010e
19359497ns          369157 1c009138 00140413 addi             x8, x8, 1            x8=1c00010f  x8:1c00010e
19359517ns          369158 1c00913a fe0514e3 bne              x10, x0, -24        x10:00000000
19359537ns          369159 1c00913c 01b00433 add              x8, x0, x27          x8=00000019 x27:00000019
19359557ns          369160 1c00913e 00800533 add              x10, x0, x8         x10=00000019  x8:00000019
19359578ns          369161 1c009140 12c12083 lw               x1, 300(x2)          x1=1c0090cc  x2:10000cd8  PA:10000e04
19359598ns          369162 1c009144 12812403 lw               x8, 296(x2)          x8=00000001  x2:10000cd8  PA:10000e00
19359618ns          369163 1c009148 12412483 lw               x9, 292(x2)          x9=xxxxxxxx  x2:10000cd8  PA:10000dfc
19359638ns          369164 1c00914c 12012903 lw               x18, 288(x2)        x18=xxxxxxxx  x2:10000cd8  PA:10000df8
19359999ns          369182 1c009150 11c12983 lw               x19, 284(x2)        x19=xxxxxxxx  x2:10000cd8  PA:10000df4
19360039ns          369184 1c009154 11812a03 lw               x20, 280(x2)        x20=xxxxxxxx  x2:10000cd8  PA:10000df0
19360059ns          369185 1c009158 11412a83 lw               x21, 276(x2)        x21=xxxxxxxx  x2:10000cd8  PA:10000dec
19360079ns          369186 1c00915c 11012b03 lw               x22, 272(x2)        x22=xxxxxxxx  x2:10000cd8  PA:10000de8
19360139ns          369189 1c009160 10c12b83 lw               x23, 268(x2)        x23=xxxxxxxx  x2:10000cd8  PA:10000de4
19360179ns          369191 1c009164 10812c03 lw               x24, 264(x2)        x24=xxxxxxxx  x2:10000cd8  PA:10000de0
19360200ns          369192 1c009168 10412c83 lw               x25, 260(x2)        x25=xxxxxxxx  x2:10000cd8  PA:10000ddc
19360220ns          369193 1c00916c 10012d03 lw               x26, 256(x2)        x26=xxxxxxxx  x2:10000cd8  PA:10000dd8
19360240ns          369194 1c009170 0fc12d83 lw               x27, 252(x2)        x27=xxxxxxxx  x2:10000cd8  PA:10000dd4
19360260ns          369195 1c009172 13010113 addi             x2, x2, 304          x2=10000e08  x2:10000cd8
19360280ns          369196 1c009174 00008067 jalr             x0, x1, 0            x1:1c0090cc
19360320ns          369198 1c0090cc 01c12083 lw               x1, 28(x2)           x1=1c008a94  x2:10000e08  PA:10000e24
19360360ns          369200 1c0090ce 04010113 addi             x2, x2, 64           x2=10000e48  x2:10000e08
19360400ns          369202 1c0090d0 00008067 jalr             x0, x1, 0            x1:1c008a94
19360501ns          369207 1c008a94 00143513 sltiu            x10, x8, 1          x10=00000000  x8:00000001
19360541ns          369209 1c008a98 1ac12083 lw               x1, 428(x2)          x1=1c00a36a  x2:10000e48  PA:10000ff4
19360561ns          369210 1c008a9c 1a812403 lw               x8, 424(x2)          x8=xxxxxxxx  x2:10000e48  PA:10000ff0
19361002ns          369232 1c008aa0 1b010113 addi             x2, x2, 432          x2=10000ff8  x2:10000e48
19361022ns          369233 1c008aa2 00008067 jalr             x0, x1, 0            x1:1c00a36a
19361143ns          369239 1c00a36a f14027f3 csrrs            x15, x0, 0xf14      x15=00000001
19361203ns          369242 1c00a36e f457b7b3 p.bclr           x15, x15, 26, 5     x15=00000001 x15:00000001
19361223ns          369243 1c00a372 00079963 bne              x15, x0, 18         x15:00000001
19361725ns          369268 1c00a384 002047b7 lui              x15, 0x204000       x15=00204000
19361765ns          369270 1c00a388 fff00713 addi             x14, x0, -1         x14=ffffffff
19361785ns          369271 1c00a38a 00e7a223 sw               x14, 4(x15)         x14:ffffffff x15:00204000  PA:00204004
