                Time          Cycles PC       Instr    Mnemonic
17859055ns          293995 1c008080 0640006f jal              x0, 100            
17859513ns          294018 1c0080e4 f1402573 csrrs            x10, x0, 0xf14      x10=00000003
17859553ns          294020 1c0080e8 01f57593 andi             x11, x10, 31        x11=00000003 x10:00000003
17859573ns          294021 1c0080ec 00555513 srli             x10, x10, 0x5       x10=00000000 x10:00000003
17859592ns          294022 1c0080ee 01f00613 addi             x12, x0, 31         x12=0000001f
17860010ns          294043 1c0080f0 00c50463 beq              x10, x12, 8         x10:00000000 x12:0000001f
17860050ns          294045 1c0080f4 fa1ff06f jal              x0, -96            
17860527ns          294069 1c008094 f3ff8117 auipc            x2, 0xf3ff8000       x2=10000094
17860567ns          294071 1c008098 f7010113 addi             x2, x2, -144         x2=10000004  x2:10000094
17860587ns          294072 1c00809c 00012103 lw               x2, 0(x2)            x2=10000008  x2:10000004  PA:10000004
17861025ns          294094 1c0080a0 000011b7 lui              x3, 0x1000           x3=00001000
17861064ns          294096 1c0080a4 80018193 addi             x3, x3, -2048        x3=00000800  x3:00001000
17861084ns          294097 1c0080a8 00158593 addi             x11, x11, 1         x11=00000004 x11:00000003
17861104ns          294098 1c0080ac 02b180b3 mul              x1, x3, x11          x1=00002000  x3:00000800 x11:00000004
17861542ns          294120 1c0080b0 00110133 add              x2, x2, x1           x2=10002008  x2:10000008  x1:00002000
17861582ns          294122 1c0080b4 2900206f jal              x0, 8848           
17862039ns          294145 1c00a344 ff010113 addi             x2, x2, -16          x2=10001ff8  x2:10002008
17862059ns          294146 1c00a346 00112623 sw               x1, 12(x2)           x1:00002000  x2:10001ff8  PA:10002004
17862079ns          294147 1c00a348 002047b7 lui              x15, 0x204000       x15=00204000
17862099ns          294148 1c00a34c 00070737 lui              x14, 0x70000        x14=00070000
17862536ns          294170 1c00a350 00e7a423 sw               x14, 8(x15)         x14:00070000 x15:00204000  PA:00204008
17862556ns          294171 1c00a352 00f00713 addi             x14, x0, 15         x14=0000000f
17862576ns          294172 1c00a354 20078793 addi             x15, x15, 512       x15=00204200 x15:00204000
17862596ns          294173 1c00a358 00e7a023 sw               x14, 0(x15)         x14:0000000f x15:00204200  PA:00204200
17862636ns          294175 1c00a35c 00e7a623 sw               x14, 12(x15)        x14:0000000f x15:00204200  PA:0020420c
17863053ns          294196 1c00a360 1c0017b7 lui              x15, 0x1c001000     x15=1c001000
17863093ns          294198 1c00a364 ad47a783 lw               x15, -1324(x15)     x15=1c00870a x15:1c001000  PA:1c000ad4
17863551ns          294221 1c00a368 000780e7 jalr             x1, x15, 0           x1=1c00a36a x15:1c00870a
17864048ns          294246 1c00870a e5010113 addi             x2, x2, -432         x2=10001e48  x2:10001ff8
17864088ns          294248 1c00870c 1a812423 sw               x8, 424(x2)          x8:xxxxxxxx  x2:10001e48  PA:10001ff0
17864545ns          294271 1c008710 1a112623 sw               x1, 428(x2)          x1:1c00a36a  x2:10001e48  PA:10001ff4
17864585ns          294273 1c008714 f1402473 csrrs            x8, x0, 0xf14        x8=00000003
17864605ns          294274 1c008718 ca5417b3 p.extractu       x15, x8, 5, 5       x15=00000000  x8:00000003
17864625ns          294275 1c00871c 3a079663 bne              x15, x0, 940        x15:00000000
17865062ns          294297 1c008720 f4543433 p.bclr           x8, x8, 26, 5        x8=00000003  x8:00000003
17865102ns          294299 1c008724 1c000537 lui              x10, 0x1c000000     x10=1c000000
17865122ns          294300 1c008728 00800633 add              x12, x0, x8         x12=00000003  x8:00000003
17865142ns          294301 1c00872a 00100593 addi             x11, x0, 1          x11=00000001
17865162ns          294302 1c00872c 08050513 addi             x10, x10, 128       x10=1c000080 x10:1c000000
17865580ns          294323 1c008730 175000ef jal              x1, 2420             x1=1c008734
17866037ns          294346 1c0090a4 fc010113 addi             x2, x2, -64          x2=10001e08  x2:10001e48
17866077ns          294348 1c0090a6 02410313 addi             x6, x2, 36           x6=10001e2c  x2:10001e08
17866097ns          294349 1c0090aa 02c12423 sw               x12, 40(x2)         x12:00000003  x2:10001e08  PA:10001e30
17866117ns          294350 1c0090ac 00a00633 add              x12, x0, x10        x12=1c000080 x10:1c000080
17866534ns          294371 1c0090ae 1c009537 lui              x10, 0x1c009000     x10=1c009000
17866554ns          294372 1c0090b2 02b12223 sw               x11, 36(x2)         x11:00000001  x2:10001e08  PA:10001e2c
17866574ns          294373 1c0090b4 02d12623 sw               x13, 44(x2)         x13:xxxxxxxx  x2:10001e08  PA:10001e34
17866594ns          294374 1c0090b6 00200593 addi             x11, x0, 2          x11=00000002
17866614ns          294375 1c0090b8 006006b3 add              x13, x0, x6         x13=10001e2c  x6:10001e2c
17866634ns          294376 1c0090ba 03850513 addi             x10, x10, 56        x10=1c009038 x10:1c009000
17866654ns          294377 1c0090be 00112e23 sw               x1, 28(x2)           x1:1c008734  x2:10001e08  PA:10001e24
17867052ns          294397 1c0090c0 02e12823 sw               x14, 48(x2)         x14:0000000f  x2:10001e08  PA:10001e38
17867071ns          294398 1c0090c2 02f12a23 sw               x15, 52(x2)         x15:00000000  x2:10001e08  PA:10001e3c
17867091ns          294399 1c0090c4 03012c23 sw               x16, 56(x2)         x16:xxxxxxxx  x2:10001e08  PA:10001e40
17867111ns          294400 1c0090c6 03112e23 sw               x17, 60(x2)         x17:xxxxxxxx  x2:10001e08  PA:10001e44
17867131ns          294401 1c0090c8 00612623 sw               x6, 12(x2)           x6:10001e2c  x2:10001e08  PA:10001e14
17867151ns          294402 1c0090ca fbfff0ef jal              x1, -66              x1=1c0090cc
17868026ns          294446 1c009088 04a0006f jal              x0, 74             
17868066ns          294448 1c0090d2 ed010113 addi             x2, x2, -304         x2=10001cd8  x2:10001e08
17868086ns          294449 1c0090d4 12812423 sw               x8, 296(x2)          x8:00000003  x2:10001cd8  PA:10001e00
17868106ns          294450 1c0090d8 00000413 addi             x8, x0, 0            x8=00000000
17868126ns          294451 1c0090da 11612823 sw               x22, 272(x2)        x22:xxxxxxxx  x2:10001cd8  PA:10001de8
17868583ns          294474 1c0090de 11712623 sw               x23, 268(x2)        x23:xxxxxxxx  x2:10001cd8  PA:10001de4
17868623ns          294476 1c0090e2 11812423 sw               x24, 264(x2)        x24:xxxxxxxx  x2:10001cd8  PA:10001de0
17868643ns          294477 1c0090e6 11912223 sw               x25, 260(x2)        x25:xxxxxxxx  x2:10001cd8  PA:10001ddc
17868663ns          294478 1c0090ea 11a12023 sw               x26, 256(x2)        x26:xxxxxxxx  x2:10001cd8  PA:10001dd8
17868683ns          294479 1c0090ee 0fb12e23 sw               x27, 252(x2)        x27:xxxxxxxx  x2:10001cd8  PA:10001dd4
17869100ns          294500 1c0090f0 12112623 sw               x1, 300(x2)          x1:1c0090cc  x2:10001cd8  PA:10001e04
17869140ns          294502 1c0090f4 00800db3 add              x27, x0, x8         x27=00000000  x8:00000000
17869160ns          294503 1c0090f6 12912223 sw               x9, 292(x2)          x9:xxxxxxxx  x2:10001cd8  PA:10001dfc
17869180ns          294504 1c0090fa 13212023 sw               x18, 288(x2)        x18:xxxxxxxx  x2:10001cd8  PA:10001df8
17869617ns          294526 1c0090fe 11312e23 sw               x19, 284(x2)        x19:xxxxxxxx  x2:10001cd8  PA:10001df4
17869657ns          294528 1c009102 11412c23 sw               x20, 280(x2)        x20:xxxxxxxx  x2:10001cd8  PA:10001df0
17869677ns          294529 1c009106 11512a23 sw               x21, 276(x2)        x21:xxxxxxxx  x2:10001cd8  PA:10001dec
17869697ns          294530 1c00910a 00a00b33 add              x22, x0, x10        x22=1c009038 x10:1c009038
17869717ns          294531 1c00910c 00b00d33 add              x26, x0, x11        x26=00000002 x11:00000002
17869737ns          294532 1c00910e 00d00c33 add              x24, x0, x13        x24=10001e2c x13:10001e2c
17870135ns          294552 1c009110 1c000bb7 lui              x23, 0x1c000000     x23=1c000000
17870174ns          294554 1c009114 02410c93 addi             x25, x2, 36         x25=10001cfc  x2:10001cd8
17870194ns          294555 1c009118 00c00433 add              x8, x0, x12          x8=1c000080 x12:1c000080
17870214ns          294556 1c00911a 00044503 lbu              x10, 0(x8)          x10=00000073  x8:1c000080  PA:1c000080
17870612ns          294576 1c00911e 00140413 addi             x8, x8, 1            x8=1c000081  x8:1c000080
17870652ns          294578 1c009120 00050e63 beq              x10, x0, 28         x10:00000073
17870692ns          294580 1c009122 02500793 addi             x15, x0, 37         x15=00000025
17870711ns          294581 1c009126 04f50863 beq              x10, x15, 80        x10:00000073 x15:00000025
17870731ns          294582 1c00912a 01a005b3 add              x11, x0, x26        x11=00000002 x26:00000002
17870751ns          294583 1c00912c 000b00e7 jalr             x1, x22, 0           x1=1c00912e x22:1c009038
17871686ns          294630 1c009038 000026b7 lui              x13, 0x2000         x13=00002000
17871726ns          294632 1c00903a f14027f3 csrrs            x15, x0, 0xf14      x15=00000003
17872163ns          294654 1c00903e f8068693 addi             x13, x13, -128      x13=00001f80 x13:00002000
17872203ns          294656 1c009042 00379713 slli             x14, x15, 0x3       x14=00000018 x15:00000003
17872223ns          294657 1c009046 00279793 slli             x15, x15, 0x2       x15=0000000c x15:00000003
17872243ns          294658 1c009048 00d7f7b3 and              x15, x15, x13       x15=00000000 x15:0000000c x13:00001f80
17872263ns          294659 1c00904a ee873733 p.bclr           x14, x14, 23, 8     x14=00000018 x14:00000018
17872681ns          294680 1c00904e 1a10f6b7 lui              x13, 0x1a10f000     x13=1a10f000
17872720ns          294682 1c009052 0ff57513 andi             x10, x10, 255       x10=00000073 x10:00000073
17872740ns          294683 1c009056 00d70733 add              x14, x14, x13       x14=1a10f018 x14:00000018 x13:1a10f000
17872760ns          294684 1c009058 00a7e723 p.sw             x10, x0(x15)        x10:00000073 x15:00000000  PA:1a10f018
17873218ns          294707 1c00905c 00000513 addi             x10, x0, 0          x10=00000000
17873238ns          294708 1c00905e 00008067 jalr             x0, x1, 0            x1:1c00912e
17873337ns          294713 1c00912e 31f52563 p.beqimm         x10, 778            x10:00000000
17873357ns          294714 1c009132 001d8d93 addi             x27, x27, 1         x27=00000001 x27:00000000
17873377ns          294715 1c009134 00044503 lbu              x10, 0(x8)          x10=00000074  x8:1c000081  PA:1c000081
17873775ns          294735 1c009138 00140413 addi             x8, x8, 1            x8=1c000082  x8:1c000081
17873794ns          294736 1c00913a fe0514e3 bne              x10, x0, -24        x10:00000074
17873914ns          294742 1c009122 02500793 addi             x15, x0, 37         x15=00000025
17873934ns          294743 1c009126 04f50863 beq              x10, x15, 80        x10:00000074 x15:00000025
17873954ns          294744 1c00912a 01a005b3 add              x11, x0, x26        x11=00000002 x26:00000002
17873973ns          294745 1c00912c 000b00e7 jalr             x1, x22, 0           x1=1c00912e x22:1c009038
17874013ns          294747 1c009038 000026b7 lui              x13, 0x2000         x13=00002000
17874033ns          294748 1c00903a f14027f3 csrrs            x15, x0, 0xf14      x15=00000003
17874053ns          294749 1c00903e f8068693 addi             x13, x13, -128      x13=00001f80 x13:00002000
17874073ns          294750 1c009042 00379713 slli             x14, x15, 0x3       x14=00000018 x15:00000003
17874093ns          294751 1c009046 00279793 slli             x15, x15, 0x2       x15=0000000c x15:00000003
17874113ns          294752 1c009048 00d7f7b3 and              x15, x15, x13       x15=00000000 x15:0000000c x13:00001f80
17874133ns          294753 1c00904a ee873733 p.bclr           x14, x14, 23, 8     x14=00000018 x14:00000018
17874153ns          294754 1c00904e 1a10f6b7 lui              x13, 0x1a10f000     x13=1a10f000
17874172ns          294755 1c009052 0ff57513 andi             x10, x10, 255       x10=00000074 x10:00000074
17874192ns          294756 1c009056 00d70733 add              x14, x14, x13       x14=1a10f018 x14:00000018 x13:1a10f000
17874212ns          294757 1c009058 00a7e723 p.sw             x10, x0(x15)        x10:00000074 x15:00000000  PA:1a10f018
17874670ns          294780 1c00905c 00000513 addi             x10, x0, 0          x10=00000000
17874690ns          294781 1c00905e 00008067 jalr             x0, x1, 0            x1:1c00912e
17874749ns          294784 1c00912e 31f52563 p.beqimm         x10, 778            x10:00000000
17874769ns          294785 1c009132 001d8d93 addi             x27, x27, 1         x27=00000002 x27:00000001
17874789ns          294786 1c009134 00044503 lbu              x10, 0(x8)          x10=00000061  x8:1c000082  PA:1c000082
17875107ns          294802 1c009138 00140413 addi             x8, x8, 1            x8=1c000083  x8:1c000082
17875127ns          294803 1c00913a fe0514e3 bne              x10, x0, -24        x10:00000061
17875207ns          294807 1c009122 02500793 addi             x15, x0, 37         x15=00000025
17875227ns          294808 1c009126 04f50863 beq              x10, x15, 80        x10:00000061 x15:00000025
17875246ns          294809 1c00912a 01a005b3 add              x11, x0, x26        x11=00000002 x26:00000002
17875266ns          294810 1c00912c 000b00e7 jalr             x1, x22, 0           x1=1c00912e x22:1c009038
17875306ns          294812 1c009038 000026b7 lui              x13, 0x2000         x13=00002000
17875326ns          294813 1c00903a f14027f3 csrrs            x15, x0, 0xf14      x15=00000003
17875346ns          294814 1c00903e f8068693 addi             x13, x13, -128      x13=00001f80 x13:00002000
17875366ns          294815 1c009042 00379713 slli             x14, x15, 0x3       x14=00000018 x15:00000003
17875386ns          294816 1c009046 00279793 slli             x15, x15, 0x2       x15=0000000c x15:00000003
17875406ns          294817 1c009048 00d7f7b3 and              x15, x15, x13       x15=00000000 x15:0000000c x13:00001f80
17875426ns          294818 1c00904a ee873733 p.bclr           x14, x14, 23, 8     x14=00000018 x14:00000018
17875445ns          294819 1c00904e 1a10f6b7 lui              x13, 0x1a10f000     x13=1a10f000
17875465ns          294820 1c009052 0ff57513 andi             x10, x10, 255       x10=00000061 x10:00000061
17875485ns          294821 1c009056 00d70733 add              x14, x14, x13       x14=1a10f018 x14:00000018 x13:1a10f000
17875505ns          294822 1c009058 00a7e723 p.sw             x10, x0(x15)        x10:00000061 x15:00000000  PA:1a10f018
17875823ns          294838 1c00905c 00000513 addi             x10, x0, 0          x10=00000000
17875843ns          294839 1c00905e 00008067 jalr             x0, x1, 0            x1:1c00912e
17875903ns          294842 1c00912e 31f52563 p.beqimm         x10, 778            x10:00000000
17875923ns          294843 1c009132 001d8d93 addi             x27, x27, 1         x27=00000003 x27:00000002
17875943ns          294844 1c009134 00044503 lbu              x10, 0(x8)          x10=00000072  x8:1c000083  PA:1c000083
17876241ns          294859 1c009138 00140413 addi             x8, x8, 1            x8=1c000084  x8:1c000083
17876261ns          294860 1c00913a fe0514e3 bne              x10, x0, -24        x10:00000072
17876340ns          294864 1c009122 02500793 addi             x15, x0, 37         x15=00000025
17876360ns          294865 1c009126 04f50863 beq              x10, x15, 80        x10:00000072 x15:00000025
17876380ns          294866 1c00912a 01a005b3 add              x11, x0, x26        x11=00000002 x26:00000002
17876400ns          294867 1c00912c 000b00e7 jalr             x1, x22, 0           x1=1c00912e x22:1c009038
17876440ns          294869 1c009038 000026b7 lui              x13, 0x2000         x13=00002000
17876460ns          294870 1c00903a f14027f3 csrrs            x15, x0, 0xf14      x15=00000003
17876480ns          294871 1c00903e f8068693 addi             x13, x13, -128      x13=00001f80 x13:00002000
17876500ns          294872 1c009042 00379713 slli             x14, x15, 0x3       x14=00000018 x15:00000003
17876520ns          294873 1c009046 00279793 slli             x15, x15, 0x2       x15=0000000c x15:00000003
17876539ns          294874 1c009048 00d7f7b3 and              x15, x15, x13       x15=00000000 x15:0000000c x13:00001f80
17876559ns          294875 1c00904a ee873733 p.bclr           x14, x14, 23, 8     x14=00000018 x14:00000018
17876579ns          294876 1c00904e 1a10f6b7 lui              x13, 0x1a10f000     x13=1a10f000
17876599ns          294877 1c009052 0ff57513 andi             x10, x10, 255       x10=00000072 x10:00000072
17876619ns          294878 1c009056 00d70733 add              x14, x14, x13       x14=1a10f018 x14:00000018 x13:1a10f000
17876639ns          294879 1c009058 00a7e723 p.sw             x10, x0(x15)        x10:00000072 x15:00000000  PA:1a10f018
17876957ns          294895 1c00905c 00000513 addi             x10, x0, 0          x10=00000000
17876977ns          294896 1c00905e 00008067 jalr             x0, x1, 0            x1:1c00912e
17877037ns          294899 1c00912e 31f52563 p.beqimm         x10, 778            x10:00000000
17877057ns          294900 1c009132 001d8d93 addi             x27, x27, 1         x27=00000004 x27:00000003
17877076ns          294901 1c009134 00044503 lbu              x10, 0(x8)          x10=00000074  x8:1c000084  PA:1c000084
17877375ns          294916 1c009138 00140413 addi             x8, x8, 1            x8=1c000085  x8:1c000084
17877395ns          294917 1c00913a fe0514e3 bne              x10, x0, -24        x10:00000074
17877474ns          294921 1c009122 02500793 addi             x15, x0, 37         x15=00000025
17877494ns          294922 1c009126 04f50863 beq              x10, x15, 80        x10:00000074 x15:00000025
17877514ns          294923 1c00912a 01a005b3 add              x11, x0, x26        x11=00000002 x26:00000002
17877534ns          294924 1c00912c 000b00e7 jalr             x1, x22, 0           x1=1c00912e x22:1c009038
17877574ns          294926 1c009038 000026b7 lui              x13, 0x2000         x13=00002000
17877594ns          294927 1c00903a f14027f3 csrrs            x15, x0, 0xf14      x15=00000003
17877613ns          294928 1c00903e f8068693 addi             x13, x13, -128      x13=00001f80 x13:00002000
17877633ns          294929 1c009042 00379713 slli             x14, x15, 0x3       x14=00000018 x15:00000003
17877653ns          294930 1c009046 00279793 slli             x15, x15, 0x2       x15=0000000c x15:00000003
17877673ns          294931 1c009048 00d7f7b3 and              x15, x15, x13       x15=00000000 x15:0000000c x13:00001f80
17877693ns          294932 1c00904a ee873733 p.bclr           x14, x14, 23, 8     x14=00000018 x14:00000018
17877713ns          294933 1c00904e 1a10f6b7 lui              x13, 0x1a10f000     x13=1a10f000
17877733ns          294934 1c009052 0ff57513 andi             x10, x10, 255       x10=00000074 x10:00000074
17877753ns          294935 1c009056 00d70733 add              x14, x14, x13       x14=1a10f018 x14:00000018 x13:1a10f000
17877773ns          294936 1c009058 00a7e723 p.sw             x10, x0(x15)        x10:00000074 x15:00000000  PA:1a10f018
17878091ns          294952 1c00905c 00000513 addi             x10, x0, 0          x10=00000000
17878111ns          294953 1c00905e 00008067 jalr             x0, x1, 0            x1:1c00912e
17878170ns          294956 1c00912e 31f52563 p.beqimm         x10, 778            x10:00000000
17878190ns          294957 1c009132 001d8d93 addi             x27, x27, 1         x27=00000005 x27:00000004
17878210ns          294958 1c009134 00044503 lbu              x10, 0(x8)          x10=00000069  x8:1c000085  PA:1c000085
17878509ns          294973 1c009138 00140413 addi             x8, x8, 1            x8=1c000086  x8:1c000085
17878528ns          294974 1c00913a fe0514e3 bne              x10, x0, -24        x10:00000069
17878608ns          294978 1c009122 02500793 addi             x15, x0, 37         x15=00000025
17878628ns          294979 1c009126 04f50863 beq              x10, x15, 80        x10:00000069 x15:00000025
17878648ns          294980 1c00912a 01a005b3 add              x11, x0, x26        x11=00000002 x26:00000002
17878668ns          294981 1c00912c 000b00e7 jalr             x1, x22, 0           x1=1c00912e x22:1c009038
17878707ns          294983 1c009038 000026b7 lui              x13, 0x2000         x13=00002000
17878727ns          294984 1c00903a f14027f3 csrrs            x15, x0, 0xf14      x15=00000003
17878747ns          294985 1c00903e f8068693 addi             x13, x13, -128      x13=00001f80 x13:00002000
17878767ns          294986 1c009042 00379713 slli             x14, x15, 0x3       x14=00000018 x15:00000003
17878787ns          294987 1c009046 00279793 slli             x15, x15, 0x2       x15=0000000c x15:00000003
17878807ns          294988 1c009048 00d7f7b3 and              x15, x15, x13       x15=00000000 x15:0000000c x13:00001f80
17878827ns          294989 1c00904a ee873733 p.bclr           x14, x14, 23, 8     x14=00000018 x14:00000018
17878847ns          294990 1c00904e 1a10f6b7 lui              x13, 0x1a10f000     x13=1a10f000
17878867ns          294991 1c009052 0ff57513 andi             x10, x10, 255       x10=00000069 x10:00000069
17878887ns          294992 1c009056 00d70733 add              x14, x14, x13       x14=1a10f018 x14:00000018 x13:1a10f000
17878906ns          294993 1c009058 00a7e723 p.sw             x10, x0(x15)        x10:00000069 x15:00000000  PA:1a10f018
17879225ns          295009 1c00905c 00000513 addi             x10, x0, 0          x10=00000000
17879245ns          295010 1c00905e 00008067 jalr             x0, x1, 0            x1:1c00912e
17879304ns          295013 1c00912e 31f52563 p.beqimm         x10, 778            x10:00000000
17879324ns          295014 1c009132 001d8d93 addi             x27, x27, 1         x27=00000006 x27:00000005
17879344ns          295015 1c009134 00044503 lbu              x10, 0(x8)          x10=0000006e  x8:1c000086  PA:1c000086
17879642ns          295030 1c009138 00140413 addi             x8, x8, 1            x8=1c000087  x8:1c000086
17879662ns          295031 1c00913a fe0514e3 bne              x10, x0, -24        x10:0000006e
17879742ns          295035 1c009122 02500793 addi             x15, x0, 37         x15=00000025
17879762ns          295036 1c009126 04f50863 beq              x10, x15, 80        x10:0000006e x15:00000025
17879782ns          295037 1c00912a 01a005b3 add              x11, x0, x26        x11=00000002 x26:00000002
17879801ns          295038 1c00912c 000b00e7 jalr             x1, x22, 0           x1=1c00912e x22:1c009038
17879841ns          295040 1c009038 000026b7 lui              x13, 0x2000         x13=00002000
17879861ns          295041 1c00903a f14027f3 csrrs            x15, x0, 0xf14      x15=00000003
17879881ns          295042 1c00903e f8068693 addi             x13, x13, -128      x13=00001f80 x13:00002000
17879901ns          295043 1c009042 00379713 slli             x14, x15, 0x3       x14=00000018 x15:00000003
17879921ns          295044 1c009046 00279793 slli             x15, x15, 0x2       x15=0000000c x15:00000003
17879941ns          295045 1c009048 00d7f7b3 and              x15, x15, x13       x15=00000000 x15:0000000c x13:00001f80
17879961ns          295046 1c00904a ee873733 p.bclr           x14, x14, 23, 8     x14=00000018 x14:00000018
17879980ns          295047 1c00904e 1a10f6b7 lui              x13, 0x1a10f000     x13=1a10f000
17880000ns          295048 1c009052 0ff57513 andi             x10, x10, 255       x10=0000006e x10:0000006e
17880020ns          295049 1c009056 00d70733 add              x14, x14, x13       x14=1a10f018 x14:00000018 x13:1a10f000
17880040ns          295050 1c009058 00a7e723 p.sw             x10, x0(x15)        x10:0000006e x15:00000000  PA:1a10f018
17880378ns          295067 1c00905c 00000513 addi             x10, x0, 0          x10=00000000
17880398ns          295068 1c00905e 00008067 jalr             x0, x1, 0            x1:1c00912e
17880458ns          295071 1c00912e 31f52563 p.beqimm         x10, 778            x10:00000000
17880478ns          295072 1c009132 001d8d93 addi             x27, x27, 1         x27=00000007 x27:00000006
17880498ns          295073 1c009134 00044503 lbu              x10, 0(x8)          x10=00000067  x8:1c000087  PA:1c000087
17880796ns          295088 1c009138 00140413 addi             x8, x8, 1            x8=1c000088  x8:1c000087
17880816ns          295089 1c00913a fe0514e3 bne              x10, x0, -24        x10:00000067
17880895ns          295093 1c009122 02500793 addi             x15, x0, 37         x15=00000025
17880915ns          295094 1c009126 04f50863 beq              x10, x15, 80        x10:00000067 x15:00000025
17880935ns          295095 1c00912a 01a005b3 add              x11, x0, x26        x11=00000002 x26:00000002
17880955ns          295096 1c00912c 000b00e7 jalr             x1, x22, 0           x1=1c00912e x22:1c009038
17880995ns          295098 1c009038 000026b7 lui              x13, 0x2000         x13=00002000
17881015ns          295099 1c00903a f14027f3 csrrs            x15, x0, 0xf14      x15=00000003
17881035ns          295100 1c00903e f8068693 addi             x13, x13, -128      x13=00001f80 x13:00002000
17881055ns          295101 1c009042 00379713 slli             x14, x15, 0x3       x14=00000018 x15:00000003
17881074ns          295102 1c009046 00279793 slli             x15, x15, 0x2       x15=0000000c x15:00000003
17881094ns          295103 1c009048 00d7f7b3 and              x15, x15, x13       x15=00000000 x15:0000000c x13:00001f80
17881114ns          295104 1c00904a ee873733 p.bclr           x14, x14, 23, 8     x14=00000018 x14:00000018
17881134ns          295105 1c00904e 1a10f6b7 lui              x13, 0x1a10f000     x13=1a10f000
17881154ns          295106 1c009052 0ff57513 andi             x10, x10, 255       x10=00000067 x10:00000067
17881174ns          295107 1c009056 00d70733 add              x14, x14, x13       x14=1a10f018 x14:00000018 x13:1a10f000
17881194ns          295108 1c009058 00a7e723 p.sw             x10, x0(x15)        x10:00000067 x15:00000000  PA:1a10f018
17881512ns          295124 1c00905c 00000513 addi             x10, x0, 0          x10=00000000
17881532ns          295125 1c00905e 00008067 jalr             x0, x1, 0            x1:1c00912e
17881592ns          295128 1c00912e 31f52563 p.beqimm         x10, 778            x10:00000000
17881612ns          295129 1c009132 001d8d93 addi             x27, x27, 1         x27=00000008 x27:00000007
17881631ns          295130 1c009134 00044503 lbu              x10, 0(x8)          x10=00000020  x8:1c000088  PA:1c000088
17881930ns          295145 1c009138 00140413 addi             x8, x8, 1            x8=1c000089  x8:1c000088
17881950ns          295146 1c00913a fe0514e3 bne              x10, x0, -24        x10:00000020
17882029ns          295150 1c009122 02500793 addi             x15, x0, 37         x15=00000025
17882049ns          295151 1c009126 04f50863 beq              x10, x15, 80        x10:00000020 x15:00000025
17882069ns          295152 1c00912a 01a005b3 add              x11, x0, x26        x11=00000002 x26:00000002
17882089ns          295153 1c00912c 000b00e7 jalr             x1, x22, 0           x1=1c00912e x22:1c009038
17882129ns          295155 1c009038 000026b7 lui              x13, 0x2000         x13=00002000
17882149ns          295156 1c00903a f14027f3 csrrs            x15, x0, 0xf14      x15=00000003
17882168ns          295157 1c00903e f8068693 addi             x13, x13, -128      x13=00001f80 x13:00002000
17882188ns          295158 1c009042 00379713 slli             x14, x15, 0x3       x14=00000018 x15:00000003
17882208ns          295159 1c009046 00279793 slli             x15, x15, 0x2       x15=0000000c x15:00000003
17882228ns          295160 1c009048 00d7f7b3 and              x15, x15, x13       x15=00000000 x15:0000000c x13:00001f80
17882248ns          295161 1c00904a ee873733 p.bclr           x14, x14, 23, 8     x14=00000018 x14:00000018
17882268ns          295162 1c00904e 1a10f6b7 lui              x13, 0x1a10f000     x13=1a10f000
17882288ns          295163 1c009052 0ff57513 andi             x10, x10, 255       x10=00000020 x10:00000020
17882308ns          295164 1c009056 00d70733 add              x14, x14, x13       x14=1a10f018 x14:00000018 x13:1a10f000
17882328ns          295165 1c009058 00a7e723 p.sw             x10, x0(x15)        x10:00000020 x15:00000000  PA:1a10f018
17882646ns          295181 1c00905c 00000513 addi             x10, x0, 0          x10=00000000
17882666ns          295182 1c00905e 00008067 jalr             x0, x1, 0            x1:1c00912e
17882725ns          295185 1c00912e 31f52563 p.beqimm         x10, 778            x10:00000000
17882745ns          295186 1c009132 001d8d93 addi             x27, x27, 1         x27=00000009 x27:00000008
17882765ns          295187 1c009134 00044503 lbu              x10, 0(x8)          x10=00000025  x8:1c000089  PA:1c000089
17883083ns          295203 1c009138 00140413 addi             x8, x8, 1            x8=1c00008a  x8:1c000089
17883103ns          295204 1c00913a fe0514e3 bne              x10, x0, -24        x10:00000025
17883183ns          295208 1c009122 02500793 addi             x15, x0, 37         x15=00000025
17883203ns          295209 1c009126 04f50863 beq              x10, x15, 80        x10:00000025 x15:00000025
17883561ns          295227 1c009176 00044483 lbu              x9, 0(x8)            x9=00000064  x8:1c00008a  PA:1c00008a
17883959ns          295247 1c00917a 02000693 addi             x13, x0, 32         x13=00000020
17884018ns          295250 1c00917e 00140a93 addi             x21, x8, 1          x21=1c00008b  x8:1c00008a
17884038ns          295251 1c009182 009005b3 add              x11, x0, x9         x11=00000064  x9:00000064
17884058ns          295252 1c009184 13cb8513 addi             x10, x23, 316       x10=1c00013c x23:1c000000
17884078ns          295253 1c009188 00d12823 sw               x13, 16(x2)         x13:00000020  x2:10001cd8  PA:10001ce8
17884098ns          295254 1c00918a 00012c23 sw               x0, 24(x2)           x2:10001cd8  PA:10001cf0
17884118ns          295255 1c00918c 00012a23 sw               x0, 20(x2)           x2:10001cd8  PA:10001cec
17884138ns          295256 1c00918e 00012e23 sw               x0, 28(x2)           x2:10001cd8  PA:10001cf4
17884555ns          295277 1c009190 00012623 sw               x0, 12(x2)           x2:10001cd8  PA:10001ce4
17884595ns          295279 1c009192 02300913 addi             x18, x0, 35         x18=00000023
17884615ns          295280 1c009196 02d00a13 addi             x20, x0, 45         x20=0000002d
17884635ns          295281 1c00919a 015009b3 add              x19, x0, x21        x19=1c00008b x21:1c00008b
17884655ns          295282 1c00919c e1dff0ef jal              x1, -484             x1=1c00919e
17885530ns          295326 1c008fb8 00054783 lbu              x15, 0(x10)         x15=0000002d x10:1c00013c  PA:1c00013c
17885968ns          295348 1c008fbc 0ff5f593 andi             x11, x11, 255       x11=00000064 x11:00000064
17886027ns          295351 1c008fc0 00b78c63 beq              x15, x11, 24        x15:0000002d x11:00000064
17886067ns          295353 1c008fc4 00078b63 beq              x15, x0, 22         x15:0000002d
17886087ns          295354 1c008fc6 00150793 addi             x15, x10, 1         x15=1c00013d x10:1c00013c
17886107ns          295355 1c008fca 0040006f jal              x0, 4              
17886584ns          295379 1c008fce 00f00533 add              x10, x0, x15        x10=1c00013d x15:1c00013d
17886604ns          295380 1c008fd0 0017c70b p.lbu            x14, 1(x15!)        x14=0000002b x15=1c00013e x15:1c00013d  PA:1c00013d
17887101ns          295405 1c008fd4 feb71ce3 bne              x14, x11, -8        x14:0000002b x11:00000064
17887161ns          295408 1c008fcc 00070763 beq              x14, x0, 14         x14:0000002b
17887181ns          295409 1c008fce 00f00533 add              x10, x0, x15        x10=1c00013e x15:1c00013e
17887201ns          295410 1c008fd0 0017c70b p.lbu            x14, 1(x15!)        x14=00000020 x15=1c00013f x15:1c00013e  PA:1c00013e
17887519ns          295426 1c008fd4 feb71ce3 bne              x14, x11, -8        x14:00000020 x11:00000064
17887579ns          295429 1c008fcc 00070763 beq              x14, x0, 14         x14:00000020
17887599ns          295430 1c008fce 00f00533 add              x10, x0, x15        x10=1c00013f x15:1c00013f
17887619ns          295431 1c008fd0 0017c70b p.lbu            x14, 1(x15!)        x14=00000023 x15=1c000140 x15:1c00013f  PA:1c00013f
17887937ns          295447 1c008fd4 feb71ce3 bne              x14, x11, -8        x14:00000023 x11:00000064
17887996ns          295450 1c008fcc 00070763 beq              x14, x0, 14         x14:00000023
17888016ns          295451 1c008fce 00f00533 add              x10, x0, x15        x10=1c000140 x15:1c000140
17888036ns          295452 1c008fd0 0017c70b p.lbu            x14, 1(x15!)        x14=00000030 x15=1c000141 x15:1c000140  PA:1c000140
17888374ns          295469 1c008fd4 feb71ce3 bne              x14, x11, -8        x14:00000030 x11:00000064
17888434ns          295472 1c008fcc 00070763 beq              x14, x0, 14         x14:00000030
17888454ns          295473 1c008fce 00f00533 add              x10, x0, x15        x10=1c000141 x15:1c000141
17888474ns          295474 1c008fd0 0017c70b p.lbu            x14, 1(x15!)        x14=00000000 x15=1c000142 x15:1c000141  PA:1c000141
17888792ns          295490 1c008fd4 feb71ce3 bne              x14, x11, -8        x14:00000000 x11:00000064
17888852ns          295493 1c008fcc 00070763 beq              x14, x0, 14         x14:00000000
17888931ns          295497 1c008fda 0015b593 sltiu            x11, x11, 1         x11=00000000 x11:00000064
17888951ns          295498 1c008fde 40b005b3 sub              x11, x0, x11        x11=00000000 x11:00000000
17888971ns          295499 1c008fe2 00b57533 and              x10, x10, x11       x10=00000000 x10:1c000141 x11:00000000
17888991ns          295500 1c008fe4 00008067 jalr             x0, x1, 0            x1:1c00919e
17889031ns          295502 1c00919e 02050a63 beq              x10, x0, 52         x10:00000000
17889528ns          295527 1c0091d2 02a00613 addi             x12, x0, 42         x12=0000002a
17889548ns          295528 1c0091d6 2ac48663 beq              x9, x12, 684         x9:00000064 x12:0000002a
17889568ns          295529 1c0091da fd048613 addi             x12, x9, -48        x12=00000034  x9:00000064
17889588ns          295530 1c0091de 00900593 addi             x11, x0, 9          x11=00000009
17890005ns          295551 1c0091e0 00000913 addi             x18, x0, 0          x18=00000000
17890045ns          295553 1c0091e2 28c5f063 bgeu             x11, x12, 640       x11:00000009 x12:00000034
17890065ns          295554 1c0091e6 02e00693 addi             x13, x0, 46         x13=0000002e
17890085ns          295555 1c0091ea fff00a13 addi             x20, x0, -1         x20=ffffffff
17890105ns          295556 1c0091ec 2ed48363 beq              x9, x13, 742         x9:00000064 x13:0000002e
17890523ns          295577 1c0091f0 1c0007b7 lui              x15, 0x1c000000     x15=1c000000
17890562ns          295579 1c0091f4 009005b3 add              x11, x0, x9         x11=00000064  x9:00000064
17890582ns          295580 1c0091f6 14478513 addi             x10, x15, 324       x10=1c000144 x15:1c000000
17890602ns          295581 1c0091fa dbfff0ef jal              x1, -578             x1=1c0091fc
17891080ns          295605 1c008fb8 00054783 lbu              x15, 0(x10)         x15=00000068 x10:1c000144  PA:1c000144
17891378ns          295620 1c008fbc 0ff5f593 andi             x11, x11, 255       x11=00000064 x11:00000064
17891398ns          295621 1c008fc0 00b78c63 beq              x15, x11, 24        x15:00000068 x11:00000064
17891418ns          295622 1c008fc4 00078b63 beq              x15, x0, 22         x15:00000068
17891438ns          295623 1c008fc6 00150793 addi             x15, x10, 1         x15=1c000145 x10:1c000144
17891457ns          295624 1c008fca 0040006f jal              x0, 4              
17891497ns          295626 1c008fce 00f00533 add              x10, x0, x15        x10=1c000145 x15:1c000145
17891517ns          295627 1c008fd0 0017c70b p.lbu            x14, 1(x15!)        x14=0000006c x15=1c000146 x15:1c000145  PA:1c000145
17891835ns          295643 1c008fd4 feb71ce3 bne              x14, x11, -8        x14:0000006c x11:00000064
17891895ns          295646 1c008fcc 00070763 beq              x14, x0, 14         x14:0000006c
17891915ns          295647 1c008fce 00f00533 add              x10, x0, x15        x10=1c000146 x15:1c000146
17891935ns          295648 1c008fd0 0017c70b p.lbu            x14, 1(x15!)        x14=0000004c x15=1c000147 x15:1c000146  PA:1c000146
17892333ns          295668 1c008fd4 feb71ce3 bne              x14, x11, -8        x14:0000004c x11:00000064
17892392ns          295671 1c008fcc 00070763 beq              x14, x0, 14         x14:0000004c
17892412ns          295672 1c008fce 00f00533 add              x10, x0, x15        x10=1c000147 x15:1c000147
17892432ns          295673 1c008fd0 0017c70b p.lbu            x14, 1(x15!)        x14=0000007a x15=1c000148 x15:1c000147  PA:1c000147
17892750ns          295689 1c008fd4 feb71ce3 bne              x14, x11, -8        x14:0000007a x11:00000064
17892810ns          295692 1c008fcc 00070763 beq              x14, x0, 14         x14:0000007a
17892830ns          295693 1c008fce 00f00533 add              x10, x0, x15        x10=1c000148 x15:1c000148
17892850ns          295694 1c008fd0 0017c70b p.lbu            x14, 1(x15!)        x14=00000000 x15=1c000149 x15:1c000148  PA:1c000148
17893168ns          295710 1c008fd4 feb71ce3 bne              x14, x11, -8        x14:00000000 x11:00000064
17893228ns          295713 1c008fcc 00070763 beq              x14, x0, 14         x14:00000000
17893307ns          295717 1c008fda 0015b593 sltiu            x11, x11, 1         x11=00000000 x11:00000064
17893327ns          295718 1c008fde 40b005b3 sub              x11, x0, x11        x11=00000000 x11:00000000
17893347ns          295719 1c008fe2 00b57533 and              x10, x10, x11       x10=00000000 x10:1c000148 x11:00000000
17893367ns          295720 1c008fe4 00008067 jalr             x0, x1, 0            x1:1c0091fc
17893407ns          295722 1c0091fc 01300433 add              x8, x0, x19          x8=1c00008b x19:1c00008b
17893427ns          295723 1c0091fe 00050563 beq              x10, x0, 10         x10:00000000
17893486ns          295726 1c009208 06700693 addi             x13, x0, 103        x13=00000067
17893506ns          295727 1c00920c 2896d963 bge              x13, x9, 658        x13:00000067  x9:00000064
17894859ns          295795 1c00949e 06500693 addi             x13, x0, 101        x13=00000065
17894899ns          295797 1c0094a2 12d4d563 bge              x9, x13, 298         x9:00000064 x13:00000065
17894918ns          295798 1c0094a6 04700693 addi             x13, x0, 71         x13=00000047
17894938ns          295799 1c0094aa dc96cbe3 blt              x13, x9, -554       x13:00000047  x9:00000064
17895833ns          295844 1c009280 06300693 addi             x13, x0, 99         x13=00000063
17895873ns          295846 1c009284 0ad488e3 beq              x9, x13, 2224        x9:00000064 x13:00000063
17895893ns          295847 1c009288 0096c9e3 blt              x13, x9, 2066       x13:00000063  x9:00000064
17896888ns          295897 1c009a9a 000c2583 lw               x11, 0(x24)         x11=00000001 x24:10001e2c  PA:10001e2c
17896908ns          295898 1c009a9e 004c0c13 addi             x24, x24, 4         x24=10001e30 x24:10001e2c
17897325ns          295919 1c009aa0 3405cc63 blt              x11, x0, 856        x11:00000001
17897365ns          295921 1c009aa4 01412603 lw               x12, 20(x2)         x12=00000000  x2:10001cd8  PA:10001cec
17897385ns          295922 1c009aa6 00b006b3 add              x13, x0, x11        x13=00000001 x11:00000001
17897405ns          295923 1c009aa8 2e061863 bne              x12, x0, 752        x12:00000000
17897425ns          295924 1c009aac 01812703 lw               x14, 24(x2)         x14=00000000  x2:10001cd8  PA:10001cf0
17897445ns          295925 1c009aae 019007b3 add              x15, x0, x25        x15=10001cfc x25:10001cfc
17897862ns          295946 1c009ab0 00070763 beq              x14, x0, 14         x14:00000000
17897922ns          295949 1c009abe 00f00733 add              x14, x0, x15        x14=10001cfc x15:10001cfc
17898360ns          295971 1c009ac0 00a00513 addi             x10, x0, 10         x10=0000000a
17898399ns          295973 1c009ac2 02a6f633 remu             x12, x13, x10       x12=00000001 x13:00000001 x10:0000000a
17899016ns          296004 1c009ac6 02a6d6b3 divu             x13, x13, x10       x13=00000000 x13:00000001 x10:0000000a
17899633ns          296035 1c009aca 03060613 addi             x12, x12, 48        x12=00000031 x12:00000001
17899652ns          296036 1c009ace 00c700ab p.sb             x12, 1(x14!)        x14=10001cfd x12:00000031 x14:10001cfc  PA:10001cfc
17899672ns          296037 1c009ad2 fe0698e3 bne              x13, x0, -16        x13:00000000
17899692ns          296038 1c009ad4 40f706b3 sub              x13, x14, x15       x13=00000001 x14:10001cfd x15:10001cfc
17899712ns          296039 1c009ad8 0146dc63 bge              x13, x20, 24        x13:00000001 x20:ffffffff
17900627ns          296085 1c009af0 00e006b3 add              x13, x0, x14        x13=10001cfd x14:10001cfd
17900667ns          296087 1c009af2 fe068fab p.sb             x0, -1(x13!)        x13=10001cfc x13:10001cfd  PA:10001cfd
17900687ns          296088 1c009af6 00d7fc63 bgeu             x15, x13, 24        x15:10001cfc x13:10001cfc
17901184ns          296113 1c009b0e 01412783 lw               x15, 20(x2)         x15=00000000  x2:10001cd8  PA:10001cec
17901622ns          296135 1c009b10 01812603 lw               x12, 24(x2)         x12=00000000  x2:10001cd8  PA:10001cf0
17901661ns          296137 1c009b12 419704b3 sub              x9, x14, x25         x9=00000001 x14:10001cfd x25:10001cfc
17901681ns          296138 1c009b16 00c7e7b3 or               x15, x15, x12       x15=00000000 x15:00000000 x12:00000000
17901701ns          296139 1c009b18 00f12623 sw               x15, 12(x2)         x15:00000000  x2:10001cd8  PA:10001ce4
17901721ns          296140 1c009b1a 00079363 bne              x15, x0, 6          x15:00000000
17901741ns          296141 1c009b1c 01f5d593 srli             x11, x11, 0x1f      x11=00000000 x11:00000001
17901761ns          296142 1c009b1e 00b12623 sw               x11, 12(x2)         x11:00000000  x2:10001cd8  PA:10001ce4
17902139ns          296161 1c009b20 e3fa28e3 p.beqimm         x20, -464           x20:ffffffff
17902616ns          296185 1c009950 0c800793 addi             x15, x0, 200        x15=000000c8
17902656ns          296187 1c009954 9e97d0e3 bge              x15, x9, -1568      x15:000000c8  x9:00000001
17903153ns          296212 1c009334 0f24d163 bge              x9, x18, 226         x9:00000001 x18:00000000
17903670ns          296238 1c009416 d00482e3 beq              x9, x0, -764         x9:00000001
17903690ns          296239 1c00941a 01900933 add              x18, x0, x25        x18=10001cfc x25:10001cfc
17903710ns          296240 1c00941c 419d8db3 sub              x27, x27, x25       x27=efffe30d x27:00000009 x25:10001cfc
17904128ns          296261 1c009420 00a0006f jal              x0, 10             
17904188ns          296264 1c00942a 0019450b p.lbu            x10, 1(x18!)        x10=00000031 x18=10001cfd x18:10001cfc  PA:10001cfc
17904207ns          296265 1c00942e 01a005b3 add              x11, x0, x26        x11=00000002 x26:00000002
17904625ns          296286 1c009430 000b00e7 jalr             x1, x22, 0           x1=1c009432 x22:1c009038
17904705ns          296290 1c009038 000026b7 lui              x13, 0x2000         x13=00002000
17904744ns          296292 1c00903a f14027f3 csrrs            x15, x0, 0xf14      x15=00000003
17904804ns          296295 1c00903e f8068693 addi             x13, x13, -128      x13=00001f80 x13:00002000
17904844ns          296297 1c009042 00379713 slli             x14, x15, 0x3       x14=00000018 x15:00000003
17904864ns          296298 1c009046 00279793 slli             x15, x15, 0x2       x15=0000000c x15:00000003
17904884ns          296299 1c009048 00d7f7b3 and              x15, x15, x13       x15=00000000 x15:0000000c x13:00001f80
17904904ns          296300 1c00904a ee873733 p.bclr           x14, x14, 23, 8     x14=00000018 x14:00000018
17904923ns          296301 1c00904e 1a10f6b7 lui              x13, 0x1a10f000     x13=1a10f000
17904943ns          296302 1c009052 0ff57513 andi             x10, x10, 255       x10=00000031 x10:00000031
17904963ns          296303 1c009056 00d70733 add              x14, x14, x13       x14=1a10f018 x14:00000018 x13:1a10f000
17904983ns          296304 1c009058 00a7e723 p.sw             x10, x0(x15)        x10:00000031 x15:00000000  PA:1a10f018
17905480ns          296329 1c00905c 00000513 addi             x10, x0, 0          x10=00000000
17905500ns          296330 1c00905e 00008067 jalr             x0, x1, 0            x1:1c009432
17905580ns          296334 1c009432 fff48493 addi             x9, x9, -1           x9=00000000  x9:00000001
17905620ns          296336 1c009434 fff537e3 p.bneimm         x10, -18            x10:00000000
17905699ns          296340 1c009422 012d8733 add              x14, x27, x18       x14=0000000a x27:efffe30d x18:10001cfd
17905719ns          296341 1c009426 5a048b63 beq              x9, x0, 1462         x9:00000000
17906057ns          296358 1c0099dc 00e00db3 add              x27, x0, x14        x27=0000000a x14:0000000a
17906515ns          296381 1c0099de f3cff06f jal              x0, -2244          
17906634ns          296387 1c00911a 00044503 lbu              x10, 0(x8)          x10=00000020  x8:1c00008b  PA:1c00008b
17906952ns          296403 1c00911e 00140413 addi             x8, x8, 1            x8=1c00008c  x8:1c00008b
17906972ns          296404 1c009120 00050e63 beq              x10, x0, 28         x10:00000020
17906992ns          296405 1c009122 02500793 addi             x15, x0, 37         x15=00000025
17907012ns          296406 1c009126 04f50863 beq              x10, x15, 80        x10:00000020 x15:00000025
17907032ns          296407 1c00912a 01a005b3 add              x11, x0, x26        x11=00000002 x26:00000002
17907052ns          296408 1c00912c 000b00e7 jalr             x1, x22, 0           x1=1c00912e x22:1c009038
17907131ns          296412 1c009038 000026b7 lui              x13, 0x2000         x13=00002000
17907151ns          296413 1c00903a f14027f3 csrrs            x15, x0, 0xf14      x15=00000003
17907171ns          296414 1c00903e f8068693 addi             x13, x13, -128      x13=00001f80 x13:00002000
17907191ns          296415 1c009042 00379713 slli             x14, x15, 0x3       x14=00000018 x15:00000003
17907211ns          296416 1c009046 00279793 slli             x15, x15, 0x2       x15=0000000c x15:00000003
17907231ns          296417 1c009048 00d7f7b3 and              x15, x15, x13       x15=00000000 x15:0000000c x13:00001f80
17907251ns          296418 1c00904a ee873733 p.bclr           x14, x14, 23, 8     x14=00000018 x14:00000018
17907290ns          296420 1c00904e 1a10f6b7 lui              x13, 0x1a10f000     x13=1a10f000
17907330ns          296422 1c009052 0ff57513 andi             x10, x10, 255       x10=00000020 x10:00000020
17907350ns          296423 1c009056 00d70733 add              x14, x14, x13       x14=1a10f018 x14:00000018 x13:1a10f000
17907370ns          296424 1c009058 00a7e723 p.sw             x10, x0(x15)        x10:00000020 x15:00000000  PA:1a10f018
17907808ns          296446 1c00905c 00000513 addi             x10, x0, 0          x10=00000000
17907828ns          296447 1c00905e 00008067 jalr             x0, x1, 0            x1:1c00912e
17907887ns          296450 1c00912e 31f52563 p.beqimm         x10, 778            x10:00000000
17907907ns          296451 1c009132 001d8d93 addi             x27, x27, 1         x27=0000000b x27:0000000a
17907927ns          296452 1c009134 00044503 lbu              x10, 0(x8)          x10=0000006b  x8:1c00008c  PA:1c00008c
17908225ns          296467 1c009138 00140413 addi             x8, x8, 1            x8=1c00008d  x8:1c00008c
17908245ns          296468 1c00913a fe0514e3 bne              x10, x0, -24        x10:0000006b
17908325ns          296472 1c009122 02500793 addi             x15, x0, 37         x15=00000025
17908345ns          296473 1c009126 04f50863 beq              x10, x15, 80        x10:0000006b x15:00000025
17908365ns          296474 1c00912a 01a005b3 add              x11, x0, x26        x11=00000002 x26:00000002
17908384ns          296475 1c00912c 000b00e7 jalr             x1, x22, 0           x1=1c00912e x22:1c009038
17908424ns          296477 1c009038 000026b7 lui              x13, 0x2000         x13=00002000
17908444ns          296478 1c00903a f14027f3 csrrs            x15, x0, 0xf14      x15=00000003
17908464ns          296479 1c00903e f8068693 addi             x13, x13, -128      x13=00001f80 x13:00002000
17908484ns          296480 1c009042 00379713 slli             x14, x15, 0x3       x14=00000018 x15:00000003
17908504ns          296481 1c009046 00279793 slli             x15, x15, 0x2       x15=0000000c x15:00000003
17908524ns          296482 1c009048 00d7f7b3 and              x15, x15, x13       x15=00000000 x15:0000000c x13:00001f80
17908544ns          296483 1c00904a ee873733 p.bclr           x14, x14, 23, 8     x14=00000018 x14:00000018
17908564ns          296484 1c00904e 1a10f6b7 lui              x13, 0x1a10f000     x13=1a10f000
17908583ns          296485 1c009052 0ff57513 andi             x10, x10, 255       x10=0000006b x10:0000006b
17908603ns          296486 1c009056 00d70733 add              x14, x14, x13       x14=1a10f018 x14:00000018 x13:1a10f000
17908623ns          296487 1c009058 00a7e723 p.sw             x10, x0(x15)        x10:0000006b x15:00000000  PA:1a10f018
17908941ns          296503 1c00905c 00000513 addi             x10, x0, 0          x10=00000000
17908961ns          296504 1c00905e 00008067 jalr             x0, x1, 0            x1:1c00912e
17909021ns          296507 1c00912e 31f52563 p.beqimm         x10, 778            x10:00000000
17909041ns          296508 1c009132 001d8d93 addi             x27, x27, 1         x27=0000000c x27:0000000b
17909061ns          296509 1c009134 00044503 lbu              x10, 0(x8)          x10=00000065  x8:1c00008d  PA:1c00008d
17909359ns          296524 1c009138 00140413 addi             x8, x8, 1            x8=1c00008e  x8:1c00008d
17909379ns          296525 1c00913a fe0514e3 bne              x10, x0, -24        x10:00000065
17909459ns          296529 1c009122 02500793 addi             x15, x0, 37         x15=00000025
17909478ns          296530 1c009126 04f50863 beq              x10, x15, 80        x10:00000065 x15:00000025
17909498ns          296531 1c00912a 01a005b3 add              x11, x0, x26        x11=00000002 x26:00000002
17909518ns          296532 1c00912c 000b00e7 jalr             x1, x22, 0           x1=1c00912e x22:1c009038
17909558ns          296534 1c009038 000026b7 lui              x13, 0x2000         x13=00002000
17909578ns          296535 1c00903a f14027f3 csrrs            x15, x0, 0xf14      x15=00000003
17909598ns          296536 1c00903e f8068693 addi             x13, x13, -128      x13=00001f80 x13:00002000
17909618ns          296537 1c009042 00379713 slli             x14, x15, 0x3       x14=00000018 x15:00000003
17909638ns          296538 1c009046 00279793 slli             x15, x15, 0x2       x15=0000000c x15:00000003
17909657ns          296539 1c009048 00d7f7b3 and              x15, x15, x13       x15=00000000 x15:0000000c x13:00001f80
17909677ns          296540 1c00904a ee873733 p.bclr           x14, x14, 23, 8     x14=00000018 x14:00000018
17909697ns          296541 1c00904e 1a10f6b7 lui              x13, 0x1a10f000     x13=1a10f000
17909717ns          296542 1c009052 0ff57513 andi             x10, x10, 255       x10=00000065 x10:00000065
17909737ns          296543 1c009056 00d70733 add              x14, x14, x13       x14=1a10f018 x14:00000018 x13:1a10f000
17909757ns          296544 1c009058 00a7e723 p.sw             x10, x0(x15)        x10:00000065 x15:00000000  PA:1a10f018
17910095ns          296561 1c00905c 00000513 addi             x10, x0, 0          x10=00000000
17910115ns          296562 1c00905e 00008067 jalr             x0, x1, 0            x1:1c00912e
17910175ns          296565 1c00912e 31f52563 p.beqimm         x10, 778            x10:00000000
17910195ns          296566 1c009132 001d8d93 addi             x27, x27, 1         x27=0000000d x27:0000000c
17910214ns          296567 1c009134 00044503 lbu              x10, 0(x8)          x10=00000072  x8:1c00008e  PA:1c00008e
17910513ns          296582 1c009138 00140413 addi             x8, x8, 1            x8=1c00008f  x8:1c00008e
17910533ns          296583 1c00913a fe0514e3 bne              x10, x0, -24        x10:00000072
17910612ns          296587 1c009122 02500793 addi             x15, x0, 37         x15=00000025
17910632ns          296588 1c009126 04f50863 beq              x10, x15, 80        x10:00000072 x15:00000025
17910652ns          296589 1c00912a 01a005b3 add              x11, x0, x26        x11=00000002 x26:00000002
17910672ns          296590 1c00912c 000b00e7 jalr             x1, x22, 0           x1=1c00912e x22:1c009038
17910712ns          296592 1c009038 000026b7 lui              x13, 0x2000         x13=00002000
17910732ns          296593 1c00903a f14027f3 csrrs            x15, x0, 0xf14      x15=00000003
17910751ns          296594 1c00903e f8068693 addi             x13, x13, -128      x13=00001f80 x13:00002000
17910771ns          296595 1c009042 00379713 slli             x14, x15, 0x3       x14=00000018 x15:00000003
17910791ns          296596 1c009046 00279793 slli             x15, x15, 0x2       x15=0000000c x15:00000003
17910811ns          296597 1c009048 00d7f7b3 and              x15, x15, x13       x15=00000000 x15:0000000c x13:00001f80
17910831ns          296598 1c00904a ee873733 p.bclr           x14, x14, 23, 8     x14=00000018 x14:00000018
17910851ns          296599 1c00904e 1a10f6b7 lui              x13, 0x1a10f000     x13=1a10f000
17910871ns          296600 1c009052 0ff57513 andi             x10, x10, 255       x10=00000072 x10:00000072
17910891ns          296601 1c009056 00d70733 add              x14, x14, x13       x14=1a10f018 x14:00000018 x13:1a10f000
17910911ns          296602 1c009058 00a7e723 p.sw             x10, x0(x15)        x10:00000072 x15:00000000  PA:1a10f018
17911249ns          296619 1c00905c 00000513 addi             x10, x0, 0          x10=00000000
17911269ns          296620 1c00905e 00008067 jalr             x0, x1, 0            x1:1c00912e
17911328ns          296623 1c00912e 31f52563 p.beqimm         x10, 778            x10:00000000
17911348ns          296624 1c009132 001d8d93 addi             x27, x27, 1         x27=0000000e x27:0000000d
17911368ns          296625 1c009134 00044503 lbu              x10, 0(x8)          x10=0000006e  x8:1c00008f  PA:1c00008f
17911666ns          296640 1c009138 00140413 addi             x8, x8, 1            x8=1c000090  x8:1c00008f
17911686ns          296641 1c00913a fe0514e3 bne              x10, x0, -24        x10:0000006e
17911766ns          296645 1c009122 02500793 addi             x15, x0, 37         x15=00000025
17911786ns          296646 1c009126 04f50863 beq              x10, x15, 80        x10:0000006e x15:00000025
17911806ns          296647 1c00912a 01a005b3 add              x11, x0, x26        x11=00000002 x26:00000002
17911826ns          296648 1c00912c 000b00e7 jalr             x1, x22, 0           x1=1c00912e x22:1c009038
17911865ns          296650 1c009038 000026b7 lui              x13, 0x2000         x13=00002000
17911885ns          296651 1c00903a f14027f3 csrrs            x15, x0, 0xf14      x15=00000003
17911905ns          296652 1c00903e f8068693 addi             x13, x13, -128      x13=00001f80 x13:00002000
17911925ns          296653 1c009042 00379713 slli             x14, x15, 0x3       x14=00000018 x15:00000003
17911945ns          296654 1c009046 00279793 slli             x15, x15, 0x2       x15=0000000c x15:00000003
17911965ns          296655 1c009048 00d7f7b3 and              x15, x15, x13       x15=00000000 x15:0000000c x13:00001f80
17911985ns          296656 1c00904a ee873733 p.bclr           x14, x14, 23, 8     x14=00000018 x14:00000018
17912005ns          296657 1c00904e 1a10f6b7 lui              x13, 0x1a10f000     x13=1a10f000
17912024ns          296658 1c009052 0ff57513 andi             x10, x10, 255       x10=0000006e x10:0000006e
17912044ns          296659 1c009056 00d70733 add              x14, x14, x13       x14=1a10f018 x14:00000018 x13:1a10f000
17912064ns          296660 1c009058 00a7e723 p.sw             x10, x0(x15)        x10:0000006e x15:00000000  PA:1a10f018
17912402ns          296677 1c00905c 00000513 addi             x10, x0, 0          x10=00000000
17912422ns          296678 1c00905e 00008067 jalr             x0, x1, 0            x1:1c00912e
17912482ns          296681 1c00912e 31f52563 p.beqimm         x10, 778            x10:00000000
17912502ns          296682 1c009132 001d8d93 addi             x27, x27, 1         x27=0000000f x27:0000000e
17912522ns          296683 1c009134 00044503 lbu              x10, 0(x8)          x10=00000065  x8:1c000090  PA:1c000090
17912820ns          296698 1c009138 00140413 addi             x8, x8, 1            x8=1c000091  x8:1c000090
17912840ns          296699 1c00913a fe0514e3 bne              x10, x0, -24        x10:00000065
17912920ns          296703 1c009122 02500793 addi             x15, x0, 37         x15=00000025
17912939ns          296704 1c009126 04f50863 beq              x10, x15, 80        x10:00000065 x15:00000025
17912959ns          296705 1c00912a 01a005b3 add              x11, x0, x26        x11=00000002 x26:00000002
17912979ns          296706 1c00912c 000b00e7 jalr             x1, x22, 0           x1=1c00912e x22:1c009038
17913019ns          296708 1c009038 000026b7 lui              x13, 0x2000         x13=00002000
17913039ns          296709 1c00903a f14027f3 csrrs            x15, x0, 0xf14      x15=00000003
17913059ns          296710 1c00903e f8068693 addi             x13, x13, -128      x13=00001f80 x13:00002000
17913079ns          296711 1c009042 00379713 slli             x14, x15, 0x3       x14=00000018 x15:00000003
17913099ns          296712 1c009046 00279793 slli             x15, x15, 0x2       x15=0000000c x15:00000003
17913118ns          296713 1c009048 00d7f7b3 and              x15, x15, x13       x15=00000000 x15:0000000c x13:00001f80
17913138ns          296714 1c00904a ee873733 p.bclr           x14, x14, 23, 8     x14=00000018 x14:00000018
17913158ns          296715 1c00904e 1a10f6b7 lui              x13, 0x1a10f000     x13=1a10f000
17913178ns          296716 1c009052 0ff57513 andi             x10, x10, 255       x10=00000065 x10:00000065
17913198ns          296717 1c009056 00d70733 add              x14, x14, x13       x14=1a10f018 x14:00000018 x13:1a10f000
17913218ns          296718 1c009058 00a7e723 p.sw             x10, x0(x15)        x10:00000065 x15:00000000  PA:1a10f018
17913536ns          296734 1c00905c 00000513 addi             x10, x0, 0          x10=00000000
17913556ns          296735 1c00905e 00008067 jalr             x0, x1, 0            x1:1c00912e
17913616ns          296738 1c00912e 31f52563 p.beqimm         x10, 778            x10:00000000
17913636ns          296739 1c009132 001d8d93 addi             x27, x27, 1         x27=00000010 x27:0000000f
17913656ns          296740 1c009134 00044503 lbu              x10, 0(x8)          x10=0000006c  x8:1c000091  PA:1c000091
17913954ns          296755 1c009138 00140413 addi             x8, x8, 1            x8=1c000092  x8:1c000091
17913974ns          296756 1c00913a fe0514e3 bne              x10, x0, -24        x10:0000006c
17914053ns          296760 1c009122 02500793 addi             x15, x0, 37         x15=00000025
17914073ns          296761 1c009126 04f50863 beq              x10, x15, 80        x10:0000006c x15:00000025
17914093ns          296762 1c00912a 01a005b3 add              x11, x0, x26        x11=00000002 x26:00000002
17914113ns          296763 1c00912c 000b00e7 jalr             x1, x22, 0           x1=1c00912e x22:1c009038
17914153ns          296765 1c009038 000026b7 lui              x13, 0x2000         x13=00002000
17914173ns          296766 1c00903a f14027f3 csrrs            x15, x0, 0xf14      x15=00000003
17914193ns          296767 1c00903e f8068693 addi             x13, x13, -128      x13=00001f80 x13:00002000
17914212ns          296768 1c009042 00379713 slli             x14, x15, 0x3       x14=00000018 x15:00000003
17914232ns          296769 1c009046 00279793 slli             x15, x15, 0x2       x15=0000000c x15:00000003
17914252ns          296770 1c009048 00d7f7b3 and              x15, x15, x13       x15=00000000 x15:0000000c x13:00001f80
17914272ns          296771 1c00904a ee873733 p.bclr           x14, x14, 23, 8     x14=00000018 x14:00000018
17914292ns          296772 1c00904e 1a10f6b7 lui              x13, 0x1a10f000     x13=1a10f000
17914312ns          296773 1c009052 0ff57513 andi             x10, x10, 255       x10=0000006c x10:0000006c
17914332ns          296774 1c009056 00d70733 add              x14, x14, x13       x14=1a10f018 x14:00000018 x13:1a10f000
17914352ns          296775 1c009058 00a7e723 p.sw             x10, x0(x15)        x10:0000006c x15:00000000  PA:1a10f018
17914690ns          296792 1c00905c 00000513 addi             x10, x0, 0          x10=00000000
17914710ns          296793 1c00905e 00008067 jalr             x0, x1, 0            x1:1c00912e
17914769ns          296796 1c00912e 31f52563 p.beqimm         x10, 778            x10:00000000
17914789ns          296797 1c009132 001d8d93 addi             x27, x27, 1         x27=00000011 x27:00000010
17914809ns          296798 1c009134 00044503 lbu              x10, 0(x8)          x10=00000020  x8:1c000092  PA:1c000092
17915108ns          296813 1c009138 00140413 addi             x8, x8, 1            x8=1c000093  x8:1c000092
17915127ns          296814 1c00913a fe0514e3 bne              x10, x0, -24        x10:00000020
17915207ns          296818 1c009122 02500793 addi             x15, x0, 37         x15=00000025
17915227ns          296819 1c009126 04f50863 beq              x10, x15, 80        x10:00000020 x15:00000025
17915247ns          296820 1c00912a 01a005b3 add              x11, x0, x26        x11=00000002 x26:00000002
17915267ns          296821 1c00912c 000b00e7 jalr             x1, x22, 0           x1=1c00912e x22:1c009038
17915306ns          296823 1c009038 000026b7 lui              x13, 0x2000         x13=00002000
17915326ns          296824 1c00903a f14027f3 csrrs            x15, x0, 0xf14      x15=00000003
17915346ns          296825 1c00903e f8068693 addi             x13, x13, -128      x13=00001f80 x13:00002000
17915366ns          296826 1c009042 00379713 slli             x14, x15, 0x3       x14=00000018 x15:00000003
17915386ns          296827 1c009046 00279793 slli             x15, x15, 0x2       x15=0000000c x15:00000003
17915406ns          296828 1c009048 00d7f7b3 and              x15, x15, x13       x15=00000000 x15:0000000c x13:00001f80
17915426ns          296829 1c00904a ee873733 p.bclr           x14, x14, 23, 8     x14=00000018 x14:00000018
17915446ns          296830 1c00904e 1a10f6b7 lui              x13, 0x1a10f000     x13=1a10f000
17915466ns          296831 1c009052 0ff57513 andi             x10, x10, 255       x10=00000020 x10:00000020
17915485ns          296832 1c009056 00d70733 add              x14, x14, x13       x14=1a10f018 x14:00000018 x13:1a10f000
17915505ns          296833 1c009058 00a7e723 p.sw             x10, x0(x15)        x10:00000020 x15:00000000  PA:1a10f018
17915844ns          296850 1c00905c 00000513 addi             x10, x0, 0          x10=00000000
17915863ns          296851 1c00905e 00008067 jalr             x0, x1, 0            x1:1c00912e
17915923ns          296854 1c00912e 31f52563 p.beqimm         x10, 778            x10:00000000
17915943ns          296855 1c009132 001d8d93 addi             x27, x27, 1         x27=00000012 x27:00000011
17915963ns          296856 1c009134 00044503 lbu              x10, 0(x8)          x10=00000069  x8:1c000093  PA:1c000093
17916281ns          296872 1c009138 00140413 addi             x8, x8, 1            x8=1c000094  x8:1c000093
17916301ns          296873 1c00913a fe0514e3 bne              x10, x0, -24        x10:00000069
17916381ns          296877 1c009122 02500793 addi             x15, x0, 37         x15=00000025
17916400ns          296878 1c009126 04f50863 beq              x10, x15, 80        x10:00000069 x15:00000025
17916420ns          296879 1c00912a 01a005b3 add              x11, x0, x26        x11=00000002 x26:00000002
17916440ns          296880 1c00912c 000b00e7 jalr             x1, x22, 0           x1=1c00912e x22:1c009038
17916480ns          296882 1c009038 000026b7 lui              x13, 0x2000         x13=00002000
17916500ns          296883 1c00903a f14027f3 csrrs            x15, x0, 0xf14      x15=00000003
17916520ns          296884 1c00903e f8068693 addi             x13, x13, -128      x13=00001f80 x13:00002000
17916540ns          296885 1c009042 00379713 slli             x14, x15, 0x3       x14=00000018 x15:00000003
17916560ns          296886 1c009046 00279793 slli             x15, x15, 0x2       x15=0000000c x15:00000003
17916579ns          296887 1c009048 00d7f7b3 and              x15, x15, x13       x15=00000000 x15:0000000c x13:00001f80
17916599ns          296888 1c00904a ee873733 p.bclr           x14, x14, 23, 8     x14=00000018 x14:00000018
17916619ns          296889 1c00904e 1a10f6b7 lui              x13, 0x1a10f000     x13=1a10f000
17916639ns          296890 1c009052 0ff57513 andi             x10, x10, 255       x10=00000069 x10:00000069
17916659ns          296891 1c009056 00d70733 add              x14, x14, x13       x14=1a10f018 x14:00000018 x13:1a10f000
17916679ns          296892 1c009058 00a7e723 p.sw             x10, x0(x15)        x10:00000069 x15:00000000  PA:1a10f018
17916997ns          296908 1c00905c 00000513 addi             x10, x0, 0          x10=00000000
17917017ns          296909 1c00905e 00008067 jalr             x0, x1, 0            x1:1c00912e
17917077ns          296912 1c00912e 31f52563 p.beqimm         x10, 778            x10:00000000
17917097ns          296913 1c009132 001d8d93 addi             x27, x27, 1         x27=00000013 x27:00000012
17917117ns          296914 1c009134 00044503 lbu              x10, 0(x8)          x10=00000074  x8:1c000094  PA:1c000094
17917415ns          296929 1c009138 00140413 addi             x8, x8, 1            x8=1c000095  x8:1c000094
17917435ns          296930 1c00913a fe0514e3 bne              x10, x0, -24        x10:00000074
17917514ns          296934 1c009122 02500793 addi             x15, x0, 37         x15=00000025
17917534ns          296935 1c009126 04f50863 beq              x10, x15, 80        x10:00000074 x15:00000025
17917554ns          296936 1c00912a 01a005b3 add              x11, x0, x26        x11=00000002 x26:00000002
17917574ns          296937 1c00912c 000b00e7 jalr             x1, x22, 0           x1=1c00912e x22:1c009038
17917614ns          296939 1c009038 000026b7 lui              x13, 0x2000         x13=00002000
17917634ns          296940 1c00903a f14027f3 csrrs            x15, x0, 0xf14      x15=00000003
17917654ns          296941 1c00903e f8068693 addi             x13, x13, -128      x13=00001f80 x13:00002000
17917673ns          296942 1c009042 00379713 slli             x14, x15, 0x3       x14=00000018 x15:00000003
17917693ns          296943 1c009046 00279793 slli             x15, x15, 0x2       x15=0000000c x15:00000003
17917713ns          296944 1c009048 00d7f7b3 and              x15, x15, x13       x15=00000000 x15:0000000c x13:00001f80
17917733ns          296945 1c00904a ee873733 p.bclr           x14, x14, 23, 8     x14=00000018 x14:00000018
17917753ns          296946 1c00904e 1a10f6b7 lui              x13, 0x1a10f000     x13=1a10f000
17917773ns          296947 1c009052 0ff57513 andi             x10, x10, 255       x10=00000074 x10:00000074
17917793ns          296948 1c009056 00d70733 add              x14, x14, x13       x14=1a10f018 x14:00000018 x13:1a10f000
17917813ns          296949 1c009058 00a7e723 p.sw             x10, x0(x15)        x10:00000074 x15:00000000  PA:1a10f018
17918131ns          296965 1c00905c 00000513 addi             x10, x0, 0          x10=00000000
17918151ns          296966 1c00905e 00008067 jalr             x0, x1, 0            x1:1c00912e
17918211ns          296969 1c00912e 31f52563 p.beqimm         x10, 778            x10:00000000
17918230ns          296970 1c009132 001d8d93 addi             x27, x27, 1         x27=00000014 x27:00000013
17918250ns          296971 1c009134 00044503 lbu              x10, 0(x8)          x10=00000065  x8:1c000095  PA:1c000095
17918549ns          296986 1c009138 00140413 addi             x8, x8, 1            x8=1c000096  x8:1c000095
17918569ns          296987 1c00913a fe0514e3 bne              x10, x0, -24        x10:00000065
17918648ns          296991 1c009122 02500793 addi             x15, x0, 37         x15=00000025
17918668ns          296992 1c009126 04f50863 beq              x10, x15, 80        x10:00000065 x15:00000025
17918688ns          296993 1c00912a 01a005b3 add              x11, x0, x26        x11=00000002 x26:00000002
17918708ns          296994 1c00912c 000b00e7 jalr             x1, x22, 0           x1=1c00912e x22:1c009038
17918748ns          296996 1c009038 000026b7 lui              x13, 0x2000         x13=00002000
17918767ns          296997 1c00903a f14027f3 csrrs            x15, x0, 0xf14      x15=00000003
17918787ns          296998 1c00903e f8068693 addi             x13, x13, -128      x13=00001f80 x13:00002000
17918807ns          296999 1c009042 00379713 slli             x14, x15, 0x3       x14=00000018 x15:00000003
17918827ns          297000 1c009046 00279793 slli             x15, x15, 0x2       x15=0000000c x15:00000003
17918847ns          297001 1c009048 00d7f7b3 and              x15, x15, x13       x15=00000000 x15:0000000c x13:00001f80
17918867ns          297002 1c00904a ee873733 p.bclr           x14, x14, 23, 8     x14=00000018 x14:00000018
17918887ns          297003 1c00904e 1a10f6b7 lui              x13, 0x1a10f000     x13=1a10f000
17918907ns          297004 1c009052 0ff57513 andi             x10, x10, 255       x10=00000065 x10:00000065
17918927ns          297005 1c009056 00d70733 add              x14, x14, x13       x14=1a10f018 x14:00000018 x13:1a10f000
17918946ns          297006 1c009058 00a7e723 p.sw             x10, x0(x15)        x10:00000065 x15:00000000  PA:1a10f018
17919265ns          297022 1c00905c 00000513 addi             x10, x0, 0          x10=00000000
17919285ns          297023 1c00905e 00008067 jalr             x0, x1, 0            x1:1c00912e
17919344ns          297026 1c00912e 31f52563 p.beqimm         x10, 778            x10:00000000
17919364ns          297027 1c009132 001d8d93 addi             x27, x27, 1         x27=00000015 x27:00000014
17919384ns          297028 1c009134 00044503 lbu              x10, 0(x8)          x10=00000072  x8:1c000096  PA:1c000096
17919682ns          297043 1c009138 00140413 addi             x8, x8, 1            x8=1c000097  x8:1c000096
17919702ns          297044 1c00913a fe0514e3 bne              x10, x0, -24        x10:00000072
17919782ns          297048 1c009122 02500793 addi             x15, x0, 37         x15=00000025
17919802ns          297049 1c009126 04f50863 beq              x10, x15, 80        x10:00000072 x15:00000025
17919822ns          297050 1c00912a 01a005b3 add              x11, x0, x26        x11=00000002 x26:00000002
17919842ns          297051 1c00912c 000b00e7 jalr             x1, x22, 0           x1=1c00912e x22:1c009038
17919881ns          297053 1c009038 000026b7 lui              x13, 0x2000         x13=00002000
17919901ns          297054 1c00903a f14027f3 csrrs            x15, x0, 0xf14      x15=00000003
17919921ns          297055 1c00903e f8068693 addi             x13, x13, -128      x13=00001f80 x13:00002000
17919941ns          297056 1c009042 00379713 slli             x14, x15, 0x3       x14=00000018 x15:00000003
17919961ns          297057 1c009046 00279793 slli             x15, x15, 0x2       x15=0000000c x15:00000003
17919981ns          297058 1c009048 00d7f7b3 and              x15, x15, x13       x15=00000000 x15:0000000c x13:00001f80
17920001ns          297059 1c00904a ee873733 p.bclr           x14, x14, 23, 8     x14=00000018 x14:00000018
17920021ns          297060 1c00904e 1a10f6b7 lui              x13, 0x1a10f000     x13=1a10f000
17920040ns          297061 1c009052 0ff57513 andi             x10, x10, 255       x10=00000072 x10:00000072
17920060ns          297062 1c009056 00d70733 add              x14, x14, x13       x14=1a10f018 x14:00000018 x13:1a10f000
17920080ns          297063 1c009058 00a7e723 p.sw             x10, x0(x15)        x10:00000072 x15:00000000  PA:1a10f018
17920418ns          297080 1c00905c 00000513 addi             x10, x0, 0          x10=00000000
17920438ns          297081 1c00905e 00008067 jalr             x0, x1, 0            x1:1c00912e
17920498ns          297084 1c00912e 31f52563 p.beqimm         x10, 778            x10:00000000
17920518ns          297085 1c009132 001d8d93 addi             x27, x27, 1         x27=00000016 x27:00000015
17920538ns          297086 1c009134 00044503 lbu              x10, 0(x8)          x10=00000061  x8:1c000097  PA:1c000097
17920836ns          297101 1c009138 00140413 addi             x8, x8, 1            x8=1c000098  x8:1c000097
17920856ns          297102 1c00913a fe0514e3 bne              x10, x0, -24        x10:00000061
17920936ns          297106 1c009122 02500793 addi             x15, x0, 37         x15=00000025
17920955ns          297107 1c009126 04f50863 beq              x10, x15, 80        x10:00000061 x15:00000025
17920975ns          297108 1c00912a 01a005b3 add              x11, x0, x26        x11=00000002 x26:00000002
17920995ns          297109 1c00912c 000b00e7 jalr             x1, x22, 0           x1=1c00912e x22:1c009038
17921035ns          297111 1c009038 000026b7 lui              x13, 0x2000         x13=00002000
17921055ns          297112 1c00903a f14027f3 csrrs            x15, x0, 0xf14      x15=00000003
17921075ns          297113 1c00903e f8068693 addi             x13, x13, -128      x13=00001f80 x13:00002000
17921095ns          297114 1c009042 00379713 slli             x14, x15, 0x3       x14=00000018 x15:00000003
17921115ns          297115 1c009046 00279793 slli             x15, x15, 0x2       x15=0000000c x15:00000003
17921134ns          297116 1c009048 00d7f7b3 and              x15, x15, x13       x15=00000000 x15:0000000c x13:00001f80
17921154ns          297117 1c00904a ee873733 p.bclr           x14, x14, 23, 8     x14=00000018 x14:00000018
17921174ns          297118 1c00904e 1a10f6b7 lui              x13, 0x1a10f000     x13=1a10f000
17921194ns          297119 1c009052 0ff57513 andi             x10, x10, 255       x10=00000061 x10:00000061
17921214ns          297120 1c009056 00d70733 add              x14, x14, x13       x14=1a10f018 x14:00000018 x13:1a10f000
17921234ns          297121 1c009058 00a7e723 p.sw             x10, x0(x15)        x10:00000061 x15:00000000  PA:1a10f018
17921552ns          297137 1c00905c 00000513 addi             x10, x0, 0          x10=00000000
17921572ns          297138 1c00905e 00008067 jalr             x0, x1, 0            x1:1c00912e
17921632ns          297141 1c00912e 31f52563 p.beqimm         x10, 778            x10:00000000
17921652ns          297142 1c009132 001d8d93 addi             x27, x27, 1         x27=00000017 x27:00000016
17921672ns          297143 1c009134 00044503 lbu              x10, 0(x8)          x10=00000074  x8:1c000098  PA:1c000098
17921970ns          297158 1c009138 00140413 addi             x8, x8, 1            x8=1c000099  x8:1c000098
17921990ns          297159 1c00913a fe0514e3 bne              x10, x0, -24        x10:00000074
17922069ns          297163 1c009122 02500793 addi             x15, x0, 37         x15=00000025
17922089ns          297164 1c009126 04f50863 beq              x10, x15, 80        x10:00000074 x15:00000025
17922109ns          297165 1c00912a 01a005b3 add              x11, x0, x26        x11=00000002 x26:00000002
17922129ns          297166 1c00912c 000b00e7 jalr             x1, x22, 0           x1=1c00912e x22:1c009038
17922169ns          297168 1c009038 000026b7 lui              x13, 0x2000         x13=00002000
17922189ns          297169 1c00903a f14027f3 csrrs            x15, x0, 0xf14      x15=00000003
17922209ns          297170 1c00903e f8068693 addi             x13, x13, -128      x13=00001f80 x13:00002000
17922228ns          297171 1c009042 00379713 slli             x14, x15, 0x3       x14=00000018 x15:00000003
17922248ns          297172 1c009046 00279793 slli             x15, x15, 0x2       x15=0000000c x15:00000003
17922268ns          297173 1c009048 00d7f7b3 and              x15, x15, x13       x15=00000000 x15:0000000c x13:00001f80
17922288ns          297174 1c00904a ee873733 p.bclr           x14, x14, 23, 8     x14=00000018 x14:00000018
17922308ns          297175 1c00904e 1a10f6b7 lui              x13, 0x1a10f000     x13=1a10f000
17922328ns          297176 1c009052 0ff57513 andi             x10, x10, 255       x10=00000074 x10:00000074
17922348ns          297177 1c009056 00d70733 add              x14, x14, x13       x14=1a10f018 x14:00000018 x13:1a10f000
17922368ns          297178 1c009058 00a7e723 p.sw             x10, x0(x15)        x10:00000074 x15:00000000  PA:1a10f018
17922686ns          297194 1c00905c 00000513 addi             x10, x0, 0          x10=00000000
17922706ns          297195 1c00905e 00008067 jalr             x0, x1, 0            x1:1c00912e
17922766ns          297198 1c00912e 31f52563 p.beqimm         x10, 778            x10:00000000
17922785ns          297199 1c009132 001d8d93 addi             x27, x27, 1         x27=00000018 x27:00000017
17922805ns          297200 1c009134 00044503 lbu              x10, 0(x8)          x10=00000069  x8:1c000099  PA:1c000099
17923104ns          297215 1c009138 00140413 addi             x8, x8, 1            x8=1c00009a  x8:1c000099
17923124ns          297216 1c00913a fe0514e3 bne              x10, x0, -24        x10:00000069
17923203ns          297220 1c009122 02500793 addi             x15, x0, 37         x15=00000025
17923223ns          297221 1c009126 04f50863 beq              x10, x15, 80        x10:00000069 x15:00000025
17923243ns          297222 1c00912a 01a005b3 add              x11, x0, x26        x11=00000002 x26:00000002
17923263ns          297223 1c00912c 000b00e7 jalr             x1, x22, 0           x1=1c00912e x22:1c009038
17923303ns          297225 1c009038 000026b7 lui              x13, 0x2000         x13=00002000
17923322ns          297226 1c00903a f14027f3 csrrs            x15, x0, 0xf14      x15=00000003
17923342ns          297227 1c00903e f8068693 addi             x13, x13, -128      x13=00001f80 x13:00002000
17923362ns          297228 1c009042 00379713 slli             x14, x15, 0x3       x14=00000018 x15:00000003
17923382ns          297229 1c009046 00279793 slli             x15, x15, 0x2       x15=0000000c x15:00000003
17923402ns          297230 1c009048 00d7f7b3 and              x15, x15, x13       x15=00000000 x15:0000000c x13:00001f80
17923422ns          297231 1c00904a ee873733 p.bclr           x14, x14, 23, 8     x14=00000018 x14:00000018
17923442ns          297232 1c00904e 1a10f6b7 lui              x13, 0x1a10f000     x13=1a10f000
17923462ns          297233 1c009052 0ff57513 andi             x10, x10, 255       x10=00000069 x10:00000069
17923482ns          297234 1c009056 00d70733 add              x14, x14, x13       x14=1a10f018 x14:00000018 x13:1a10f000
17923501ns          297235 1c009058 00a7e723 p.sw             x10, x0(x15)        x10:00000069 x15:00000000  PA:1a10f018
17923840ns          297252 1c00905c 00000513 addi             x10, x0, 0          x10=00000000
17923859ns          297253 1c00905e 00008067 jalr             x0, x1, 0            x1:1c00912e
17923919ns          297256 1c00912e 31f52563 p.beqimm         x10, 778            x10:00000000
17923939ns          297257 1c009132 001d8d93 addi             x27, x27, 1         x27=00000019 x27:00000018
17923959ns          297258 1c009134 00044503 lbu              x10, 0(x8)          x10=0000006f  x8:1c00009a  PA:1c00009a
17924277ns          297274 1c009138 00140413 addi             x8, x8, 1            x8=1c00009b  x8:1c00009a
17924297ns          297275 1c00913a fe0514e3 bne              x10, x0, -24        x10:0000006f
17924377ns          297279 1c009122 02500793 addi             x15, x0, 37         x15=00000025
17924397ns          297280 1c009126 04f50863 beq              x10, x15, 80        x10:0000006f x15:00000025
17924416ns          297281 1c00912a 01a005b3 add              x11, x0, x26        x11=00000002 x26:00000002
17924436ns          297282 1c00912c 000b00e7 jalr             x1, x22, 0           x1=1c00912e x22:1c009038
17924476ns          297284 1c009038 000026b7 lui              x13, 0x2000         x13=00002000
17924496ns          297285 1c00903a f14027f3 csrrs            x15, x0, 0xf14      x15=00000003
17924516ns          297286 1c00903e f8068693 addi             x13, x13, -128      x13=00001f80 x13:00002000
17924536ns          297287 1c009042 00379713 slli             x14, x15, 0x3       x14=00000018 x15:00000003
17924556ns          297288 1c009046 00279793 slli             x15, x15, 0x2       x15=0000000c x15:00000003
17924576ns          297289 1c009048 00d7f7b3 and              x15, x15, x13       x15=00000000 x15:0000000c x13:00001f80
17924595ns          297290 1c00904a ee873733 p.bclr           x14, x14, 23, 8     x14=00000018 x14:00000018
17924615ns          297291 1c00904e 1a10f6b7 lui              x13, 0x1a10f000     x13=1a10f000
17924635ns          297292 1c009052 0ff57513 andi             x10, x10, 255       x10=0000006f x10:0000006f
17924655ns          297293 1c009056 00d70733 add              x14, x14, x13       x14=1a10f018 x14:00000018 x13:1a10f000
17924675ns          297294 1c009058 00a7e723 p.sw             x10, x0(x15)        x10:0000006f x15:00000000  PA:1a10f018
17924993ns          297310 1c00905c 00000513 addi             x10, x0, 0          x10=00000000
17925013ns          297311 1c00905e 00008067 jalr             x0, x1, 0            x1:1c00912e
17925073ns          297314 1c00912e 31f52563 p.beqimm         x10, 778            x10:00000000
17925093ns          297315 1c009132 001d8d93 addi             x27, x27, 1         x27=0000001a x27:00000019
17925113ns          297316 1c009134 00044503 lbu              x10, 0(x8)          x10=0000006e  x8:1c00009b  PA:1c00009b
17925411ns          297331 1c009138 00140413 addi             x8, x8, 1            x8=1c00009c  x8:1c00009b
17925431ns          297332 1c00913a fe0514e3 bne              x10, x0, -24        x10:0000006e
17925510ns          297336 1c009122 02500793 addi             x15, x0, 37         x15=00000025
17925530ns          297337 1c009126 04f50863 beq              x10, x15, 80        x10:0000006e x15:00000025
17925550ns          297338 1c00912a 01a005b3 add              x11, x0, x26        x11=00000002 x26:00000002
17925570ns          297339 1c00912c 000b00e7 jalr             x1, x22, 0           x1=1c00912e x22:1c009038
17925610ns          297341 1c009038 000026b7 lui              x13, 0x2000         x13=00002000
17925630ns          297342 1c00903a f14027f3 csrrs            x15, x0, 0xf14      x15=00000003
17925650ns          297343 1c00903e f8068693 addi             x13, x13, -128      x13=00001f80 x13:00002000
17925670ns          297344 1c009042 00379713 slli             x14, x15, 0x3       x14=00000018 x15:00000003
17925689ns          297345 1c009046 00279793 slli             x15, x15, 0x2       x15=0000000c x15:00000003
17925709ns          297346 1c009048 00d7f7b3 and              x15, x15, x13       x15=00000000 x15:0000000c x13:00001f80
17925729ns          297347 1c00904a ee873733 p.bclr           x14, x14, 23, 8     x14=00000018 x14:00000018
17925749ns          297348 1c00904e 1a10f6b7 lui              x13, 0x1a10f000     x13=1a10f000
17925769ns          297349 1c009052 0ff57513 andi             x10, x10, 255       x10=0000006e x10:0000006e
17925789ns          297350 1c009056 00d70733 add              x14, x14, x13       x14=1a10f018 x14:00000018 x13:1a10f000
17925809ns          297351 1c009058 00a7e723 p.sw             x10, x0(x15)        x10:0000006e x15:00000000  PA:1a10f018
17926127ns          297367 1c00905c 00000513 addi             x10, x0, 0          x10=00000000
17926147ns          297368 1c00905e 00008067 jalr             x0, x1, 0            x1:1c00912e
17926207ns          297371 1c00912e 31f52563 p.beqimm         x10, 778            x10:00000000
17926226ns          297372 1c009132 001d8d93 addi             x27, x27, 1         x27=0000001b x27:0000001a
17926246ns          297373 1c009134 00044503 lbu              x10, 0(x8)          x10=00000073  x8:1c00009c  PA:1c00009c
17926545ns          297388 1c009138 00140413 addi             x8, x8, 1            x8=1c00009d  x8:1c00009c
17926565ns          297389 1c00913a fe0514e3 bne              x10, x0, -24        x10:00000073
17926644ns          297393 1c009122 02500793 addi             x15, x0, 37         x15=00000025
17926664ns          297394 1c009126 04f50863 beq              x10, x15, 80        x10:00000073 x15:00000025
17926684ns          297395 1c00912a 01a005b3 add              x11, x0, x26        x11=00000002 x26:00000002
17926704ns          297396 1c00912c 000b00e7 jalr             x1, x22, 0           x1=1c00912e x22:1c009038
17926744ns          297398 1c009038 000026b7 lui              x13, 0x2000         x13=00002000
17926764ns          297399 1c00903a f14027f3 csrrs            x15, x0, 0xf14      x15=00000003
17926783ns          297400 1c00903e f8068693 addi             x13, x13, -128      x13=00001f80 x13:00002000
17926803ns          297401 1c009042 00379713 slli             x14, x15, 0x3       x14=00000018 x15:00000003
17926823ns          297402 1c009046 00279793 slli             x15, x15, 0x2       x15=0000000c x15:00000003
17926843ns          297403 1c009048 00d7f7b3 and              x15, x15, x13       x15=00000000 x15:0000000c x13:00001f80
17926863ns          297404 1c00904a ee873733 p.bclr           x14, x14, 23, 8     x14=00000018 x14:00000018
17926883ns          297405 1c00904e 1a10f6b7 lui              x13, 0x1a10f000     x13=1a10f000
17926903ns          297406 1c009052 0ff57513 andi             x10, x10, 255       x10=00000073 x10:00000073
17926923ns          297407 1c009056 00d70733 add              x14, x14, x13       x14=1a10f018 x14:00000018 x13:1a10f000
17926943ns          297408 1c009058 00a7e723 p.sw             x10, x0(x15)        x10:00000073 x15:00000000  PA:1a10f018
17927261ns          297424 1c00905c 00000513 addi             x10, x0, 0          x10=00000000
17927281ns          297425 1c00905e 00008067 jalr             x0, x1, 0            x1:1c00912e
17927340ns          297428 1c00912e 31f52563 p.beqimm         x10, 778            x10:00000000
17927360ns          297429 1c009132 001d8d93 addi             x27, x27, 1         x27=0000001c x27:0000001b
17927380ns          297430 1c009134 00044503 lbu              x10, 0(x8)          x10=0000002e  x8:1c00009d  PA:1c00009d
17927679ns          297445 1c009138 00140413 addi             x8, x8, 1            x8=1c00009e  x8:1c00009d
17927698ns          297446 1c00913a fe0514e3 bne              x10, x0, -24        x10:0000002e
17927778ns          297450 1c009122 02500793 addi             x15, x0, 37         x15=00000025
17927798ns          297451 1c009126 04f50863 beq              x10, x15, 80        x10:0000002e x15:00000025
17927818ns          297452 1c00912a 01a005b3 add              x11, x0, x26        x11=00000002 x26:00000002
17927838ns          297453 1c00912c 000b00e7 jalr             x1, x22, 0           x1=1c00912e x22:1c009038
17927877ns          297455 1c009038 000026b7 lui              x13, 0x2000         x13=00002000
17927897ns          297456 1c00903a f14027f3 csrrs            x15, x0, 0xf14      x15=00000003
17927917ns          297457 1c00903e f8068693 addi             x13, x13, -128      x13=00001f80 x13:00002000
17927937ns          297458 1c009042 00379713 slli             x14, x15, 0x3       x14=00000018 x15:00000003
17927957ns          297459 1c009046 00279793 slli             x15, x15, 0x2       x15=0000000c x15:00000003
17927977ns          297460 1c009048 00d7f7b3 and              x15, x15, x13       x15=00000000 x15:0000000c x13:00001f80
17927997ns          297461 1c00904a ee873733 p.bclr           x14, x14, 23, 8     x14=00000018 x14:00000018
17928017ns          297462 1c00904e 1a10f6b7 lui              x13, 0x1a10f000     x13=1a10f000
17928037ns          297463 1c009052 0ff57513 andi             x10, x10, 255       x10=0000002e x10:0000002e
17928056ns          297464 1c009056 00d70733 add              x14, x14, x13       x14=1a10f018 x14:00000018 x13:1a10f000
17928076ns          297465 1c009058 00a7e723 p.sw             x10, x0(x15)        x10:0000002e x15:00000000  PA:1a10f018
17928414ns          297482 1c00905c 00000513 addi             x10, x0, 0          x10=00000000
17928434ns          297483 1c00905e 00008067 jalr             x0, x1, 0            x1:1c00912e
17928494ns          297486 1c00912e 31f52563 p.beqimm         x10, 778            x10:00000000
17928514ns          297487 1c009132 001d8d93 addi             x27, x27, 1         x27=0000001d x27:0000001c
17928534ns          297488 1c009134 00044503 lbu              x10, 0(x8)          x10=0000002e  x8:1c00009e  PA:1c00009e
17928832ns          297503 1c009138 00140413 addi             x8, x8, 1            x8=1c00009f  x8:1c00009e
17928852ns          297504 1c00913a fe0514e3 bne              x10, x0, -24        x10:0000002e
17928932ns          297508 1c009122 02500793 addi             x15, x0, 37         x15=00000025
17928952ns          297509 1c009126 04f50863 beq              x10, x15, 80        x10:0000002e x15:00000025
17928971ns          297510 1c00912a 01a005b3 add              x11, x0, x26        x11=00000002 x26:00000002
17928991ns          297511 1c00912c 000b00e7 jalr             x1, x22, 0           x1=1c00912e x22:1c009038
17929031ns          297513 1c009038 000026b7 lui              x13, 0x2000         x13=00002000
17929051ns          297514 1c00903a f14027f3 csrrs            x15, x0, 0xf14      x15=00000003
17929071ns          297515 1c00903e f8068693 addi             x13, x13, -128      x13=00001f80 x13:00002000
17929091ns          297516 1c009042 00379713 slli             x14, x15, 0x3       x14=00000018 x15:00000003
17929111ns          297517 1c009046 00279793 slli             x15, x15, 0x2       x15=0000000c x15:00000003
17929131ns          297518 1c009048 00d7f7b3 and              x15, x15, x13       x15=00000000 x15:0000000c x13:00001f80
17929150ns          297519 1c00904a ee873733 p.bclr           x14, x14, 23, 8     x14=00000018 x14:00000018
17929170ns          297520 1c00904e 1a10f6b7 lui              x13, 0x1a10f000     x13=1a10f000
17929190ns          297521 1c009052 0ff57513 andi             x10, x10, 255       x10=0000002e x10:0000002e
17929210ns          297522 1c009056 00d70733 add              x14, x14, x13       x14=1a10f018 x14:00000018 x13:1a10f000
17929230ns          297523 1c009058 00a7e723 p.sw             x10, x0(x15)        x10:0000002e x15:00000000  PA:1a10f018
17929568ns          297540 1c00905c 00000513 addi             x10, x0, 0          x10=00000000
17929588ns          297541 1c00905e 00008067 jalr             x0, x1, 0            x1:1c00912e
17929648ns          297544 1c00912e 31f52563 p.beqimm         x10, 778            x10:00000000
17929668ns          297545 1c009132 001d8d93 addi             x27, x27, 1         x27=0000001e x27:0000001d
17929687ns          297546 1c009134 00044503 lbu              x10, 0(x8)          x10=0000002e  x8:1c00009f  PA:1c00009f
17929986ns          297561 1c009138 00140413 addi             x8, x8, 1            x8=1c0000a0  x8:1c00009f
17930006ns          297562 1c00913a fe0514e3 bne              x10, x0, -24        x10:0000002e
17930085ns          297566 1c009122 02500793 addi             x15, x0, 37         x15=00000025
17930105ns          297567 1c009126 04f50863 beq              x10, x15, 80        x10:0000002e x15:00000025
17930125ns          297568 1c00912a 01a005b3 add              x11, x0, x26        x11=00000002 x26:00000002
17930145ns          297569 1c00912c 000b00e7 jalr             x1, x22, 0           x1=1c00912e x22:1c009038
17930185ns          297571 1c009038 000026b7 lui              x13, 0x2000         x13=00002000
17930205ns          297572 1c00903a f14027f3 csrrs            x15, x0, 0xf14      x15=00000003
17930225ns          297573 1c00903e f8068693 addi             x13, x13, -128      x13=00001f80 x13:00002000
17930244ns          297574 1c009042 00379713 slli             x14, x15, 0x3       x14=00000018 x15:00000003
17930264ns          297575 1c009046 00279793 slli             x15, x15, 0x2       x15=0000000c x15:00000003
17930284ns          297576 1c009048 00d7f7b3 and              x15, x15, x13       x15=00000000 x15:0000000c x13:00001f80
17930304ns          297577 1c00904a ee873733 p.bclr           x14, x14, 23, 8     x14=00000018 x14:00000018
17930324ns          297578 1c00904e 1a10f6b7 lui              x13, 0x1a10f000     x13=1a10f000
17930344ns          297579 1c009052 0ff57513 andi             x10, x10, 255       x10=0000002e x10:0000002e
17930364ns          297580 1c009056 00d70733 add              x14, x14, x13       x14=1a10f018 x14:00000018 x13:1a10f000
17930384ns          297581 1c009058 00a7e723 p.sw             x10, x0(x15)        x10:0000002e x15:00000000  PA:1a10f018
17930702ns          297597 1c00905c 00000513 addi             x10, x0, 0          x10=00000000
17930722ns          297598 1c00905e 00008067 jalr             x0, x1, 0            x1:1c00912e
17930781ns          297601 1c00912e 31f52563 p.beqimm         x10, 778            x10:00000000
17930801ns          297602 1c009132 001d8d93 addi             x27, x27, 1         x27=0000001f x27:0000001e
17930821ns          297603 1c009134 00044503 lbu              x10, 0(x8)          x10=00000020  x8:1c0000a0  PA:1c0000a0
17931120ns          297618 1c009138 00140413 addi             x8, x8, 1            x8=1c0000a1  x8:1c0000a0
17931140ns          297619 1c00913a fe0514e3 bne              x10, x0, -24        x10:00000020
17931219ns          297623 1c009122 02500793 addi             x15, x0, 37         x15=00000025
17931239ns          297624 1c009126 04f50863 beq              x10, x15, 80        x10:00000020 x15:00000025
17931259ns          297625 1c00912a 01a005b3 add              x11, x0, x26        x11=00000002 x26:00000002
17931279ns          297626 1c00912c 000b00e7 jalr             x1, x22, 0           x1=1c00912e x22:1c009038
17931319ns          297628 1c009038 000026b7 lui              x13, 0x2000         x13=00002000
17931338ns          297629 1c00903a f14027f3 csrrs            x15, x0, 0xf14      x15=00000003
17931358ns          297630 1c00903e f8068693 addi             x13, x13, -128      x13=00001f80 x13:00002000
17931378ns          297631 1c009042 00379713 slli             x14, x15, 0x3       x14=00000018 x15:00000003
17931398ns          297632 1c009046 00279793 slli             x15, x15, 0x2       x15=0000000c x15:00000003
17931418ns          297633 1c009048 00d7f7b3 and              x15, x15, x13       x15=00000000 x15:0000000c x13:00001f80
17931438ns          297634 1c00904a ee873733 p.bclr           x14, x14, 23, 8     x14=00000018 x14:00000018
17931458ns          297635 1c00904e 1a10f6b7 lui              x13, 0x1a10f000     x13=1a10f000
17931478ns          297636 1c009052 0ff57513 andi             x10, x10, 255       x10=00000020 x10:00000020
17931498ns          297637 1c009056 00d70733 add              x14, x14, x13       x14=1a10f018 x14:00000018 x13:1a10f000
17931517ns          297638 1c009058 00a7e723 p.sw             x10, x0(x15)        x10:00000020 x15:00000000  PA:1a10f018
17931836ns          297654 1c00905c 00000513 addi             x10, x0, 0          x10=00000000
17931856ns          297655 1c00905e 00008067 jalr             x0, x1, 0            x1:1c00912e
17931915ns          297658 1c00912e 31f52563 p.beqimm         x10, 778            x10:00000000
17931935ns          297659 1c009132 001d8d93 addi             x27, x27, 1         x27=00000020 x27:0000001f
17931955ns          297660 1c009134 00044503 lbu              x10, 0(x8)          x10=00000028  x8:1c0000a1  PA:1c0000a1
17932273ns          297676 1c009138 00140413 addi             x8, x8, 1            x8=1c0000a2  x8:1c0000a1
17932293ns          297677 1c00913a fe0514e3 bne              x10, x0, -24        x10:00000028
17932373ns          297681 1c009122 02500793 addi             x15, x0, 37         x15=00000025
17932393ns          297682 1c009126 04f50863 beq              x10, x15, 80        x10:00000028 x15:00000025
17932413ns          297683 1c00912a 01a005b3 add              x11, x0, x26        x11=00000002 x26:00000002
17932432ns          297684 1c00912c 000b00e7 jalr             x1, x22, 0           x1=1c00912e x22:1c009038
17932472ns          297686 1c009038 000026b7 lui              x13, 0x2000         x13=00002000
17932492ns          297687 1c00903a f14027f3 csrrs            x15, x0, 0xf14      x15=00000003
17932512ns          297688 1c00903e f8068693 addi             x13, x13, -128      x13=00001f80 x13:00002000
17932532ns          297689 1c009042 00379713 slli             x14, x15, 0x3       x14=00000018 x15:00000003
17932552ns          297690 1c009046 00279793 slli             x15, x15, 0x2       x15=0000000c x15:00000003
17932572ns          297691 1c009048 00d7f7b3 and              x15, x15, x13       x15=00000000 x15:0000000c x13:00001f80
17932592ns          297692 1c00904a ee873733 p.bclr           x14, x14, 23, 8     x14=00000018 x14:00000018
17932611ns          297693 1c00904e 1a10f6b7 lui              x13, 0x1a10f000     x13=1a10f000
17932631ns          297694 1c009052 0ff57513 andi             x10, x10, 255       x10=00000028 x10:00000028
17932651ns          297695 1c009056 00d70733 add              x14, x14, x13       x14=1a10f018 x14:00000018 x13:1a10f000
17932671ns          297696 1c009058 00a7e723 p.sw             x10, x0(x15)        x10:00000028 x15:00000000  PA:1a10f018
17932989ns          297712 1c00905c 00000513 addi             x10, x0, 0          x10=00000000
17933009ns          297713 1c00905e 00008067 jalr             x0, x1, 0            x1:1c00912e
17933069ns          297716 1c00912e 31f52563 p.beqimm         x10, 778            x10:00000000
17933089ns          297717 1c009132 001d8d93 addi             x27, x27, 1         x27=00000021 x27:00000020
17933109ns          297718 1c009134 00044503 lbu              x10, 0(x8)          x10=00000063  x8:1c0000a2  PA:1c0000a2
17933407ns          297733 1c009138 00140413 addi             x8, x8, 1            x8=1c0000a3  x8:1c0000a2
17933427ns          297734 1c00913a fe0514e3 bne              x10, x0, -24        x10:00000063
17933507ns          297738 1c009122 02500793 addi             x15, x0, 37         x15=00000025
17933526ns          297739 1c009126 04f50863 beq              x10, x15, 80        x10:00000063 x15:00000025
17933546ns          297740 1c00912a 01a005b3 add              x11, x0, x26        x11=00000002 x26:00000002
17933566ns          297741 1c00912c 000b00e7 jalr             x1, x22, 0           x1=1c00912e x22:1c009038
17933606ns          297743 1c009038 000026b7 lui              x13, 0x2000         x13=00002000
17933626ns          297744 1c00903a f14027f3 csrrs            x15, x0, 0xf14      x15=00000003
17933646ns          297745 1c00903e f8068693 addi             x13, x13, -128      x13=00001f80 x13:00002000
17933666ns          297746 1c009042 00379713 slli             x14, x15, 0x3       x14=00000018 x15:00000003
17933686ns          297747 1c009046 00279793 slli             x15, x15, 0x2       x15=0000000c x15:00000003
17933705ns          297748 1c009048 00d7f7b3 and              x15, x15, x13       x15=00000000 x15:0000000c x13:00001f80
17933725ns          297749 1c00904a ee873733 p.bclr           x14, x14, 23, 8     x14=00000018 x14:00000018
17933745ns          297750 1c00904e 1a10f6b7 lui              x13, 0x1a10f000     x13=1a10f000
17933765ns          297751 1c009052 0ff57513 andi             x10, x10, 255       x10=00000063 x10:00000063
17933785ns          297752 1c009056 00d70733 add              x14, x14, x13       x14=1a10f018 x14:00000018 x13:1a10f000
17933805ns          297753 1c009058 00a7e723 p.sw             x10, x0(x15)        x10:00000063 x15:00000000  PA:1a10f018
17934123ns          297769 1c00905c 00000513 addi             x10, x0, 0          x10=00000000
17934143ns          297770 1c00905e 00008067 jalr             x0, x1, 0            x1:1c00912e
17934203ns          297773 1c00912e 31f52563 p.beqimm         x10, 778            x10:00000000
17934223ns          297774 1c009132 001d8d93 addi             x27, x27, 1         x27=00000022 x27:00000021
17934242ns          297775 1c009134 00044503 lbu              x10, 0(x8)          x10=0000006f  x8:1c0000a3  PA:1c0000a3
17934541ns          297790 1c009138 00140413 addi             x8, x8, 1            x8=1c0000a4  x8:1c0000a3
17934561ns          297791 1c00913a fe0514e3 bne              x10, x0, -24        x10:0000006f
17934640ns          297795 1c009122 02500793 addi             x15, x0, 37         x15=00000025
17934660ns          297796 1c009126 04f50863 beq              x10, x15, 80        x10:0000006f x15:00000025
17934680ns          297797 1c00912a 01a005b3 add              x11, x0, x26        x11=00000002 x26:00000002
17934700ns          297798 1c00912c 000b00e7 jalr             x1, x22, 0           x1=1c00912e x22:1c009038
17934740ns          297800 1c009038 000026b7 lui              x13, 0x2000         x13=00002000
17934760ns          297801 1c00903a f14027f3 csrrs            x15, x0, 0xf14      x15=00000003
17934780ns          297802 1c00903e f8068693 addi             x13, x13, -128      x13=00001f80 x13:00002000
17934799ns          297803 1c009042 00379713 slli             x14, x15, 0x3       x14=00000018 x15:00000003
17934819ns          297804 1c009046 00279793 slli             x15, x15, 0x2       x15=0000000c x15:00000003
17934839ns          297805 1c009048 00d7f7b3 and              x15, x15, x13       x15=00000000 x15:0000000c x13:00001f80
17934859ns          297806 1c00904a ee873733 p.bclr           x14, x14, 23, 8     x14=00000018 x14:00000018
17934879ns          297807 1c00904e 1a10f6b7 lui              x13, 0x1a10f000     x13=1a10f000
17934899ns          297808 1c009052 0ff57513 andi             x10, x10, 255       x10=0000006f x10:0000006f
17934919ns          297809 1c009056 00d70733 add              x14, x14, x13       x14=1a10f018 x14:00000018 x13:1a10f000
17934939ns          297810 1c009058 00a7e723 p.sw             x10, x0(x15)        x10:0000006f x15:00000000  PA:1a10f018
17935257ns          297826 1c00905c 00000513 addi             x10, x0, 0          x10=00000000
17935277ns          297827 1c00905e 00008067 jalr             x0, x1, 0            x1:1c00912e
17935336ns          297830 1c00912e 31f52563 p.beqimm         x10, 778            x10:00000000
17935356ns          297831 1c009132 001d8d93 addi             x27, x27, 1         x27=00000023 x27:00000022
17935376ns          297832 1c009134 00044503 lbu              x10, 0(x8)          x10=00000072  x8:1c0000a4  PA:1c0000a4
17935675ns          297847 1c009138 00140413 addi             x8, x8, 1            x8=1c0000a5  x8:1c0000a4
17935694ns          297848 1c00913a fe0514e3 bne              x10, x0, -24        x10:00000072
17935774ns          297852 1c009122 02500793 addi             x15, x0, 37         x15=00000025
17935794ns          297853 1c009126 04f50863 beq              x10, x15, 80        x10:00000072 x15:00000025
17935814ns          297854 1c00912a 01a005b3 add              x11, x0, x26        x11=00000002 x26:00000002
17935834ns          297855 1c00912c 000b00e7 jalr             x1, x22, 0           x1=1c00912e x22:1c009038
17935874ns          297857 1c009038 000026b7 lui              x13, 0x2000         x13=00002000
17935893ns          297858 1c00903a f14027f3 csrrs            x15, x0, 0xf14      x15=00000003
17935913ns          297859 1c00903e f8068693 addi             x13, x13, -128      x13=00001f80 x13:00002000
17935933ns          297860 1c009042 00379713 slli             x14, x15, 0x3       x14=00000018 x15:00000003
17935953ns          297861 1c009046 00279793 slli             x15, x15, 0x2       x15=0000000c x15:00000003
17935973ns          297862 1c009048 00d7f7b3 and              x15, x15, x13       x15=00000000 x15:0000000c x13:00001f80
17935993ns          297863 1c00904a ee873733 p.bclr           x14, x14, 23, 8     x14=00000018 x14:00000018
17936013ns          297864 1c00904e 1a10f6b7 lui              x13, 0x1a10f000     x13=1a10f000
17936033ns          297865 1c009052 0ff57513 andi             x10, x10, 255       x10=00000072 x10:00000072
17936053ns          297866 1c009056 00d70733 add              x14, x14, x13       x14=1a10f018 x14:00000018 x13:1a10f000
17936072ns          297867 1c009058 00a7e723 p.sw             x10, x0(x15)        x10:00000072 x15:00000000  PA:1a10f018
17936411ns          297884 1c00905c 00000513 addi             x10, x0, 0          x10=00000000
17936430ns          297885 1c00905e 00008067 jalr             x0, x1, 0            x1:1c00912e
17936490ns          297888 1c00912e 31f52563 p.beqimm         x10, 778            x10:00000000
17936510ns          297889 1c009132 001d8d93 addi             x27, x27, 1         x27=00000024 x27:00000023
17936530ns          297890 1c009134 00044503 lbu              x10, 0(x8)          x10=00000065  x8:1c0000a5  PA:1c0000a5
17936828ns          297905 1c009138 00140413 addi             x8, x8, 1            x8=1c0000a6  x8:1c0000a5
17936848ns          297906 1c00913a fe0514e3 bne              x10, x0, -24        x10:00000065
17936928ns          297910 1c009122 02500793 addi             x15, x0, 37         x15=00000025
17936948ns          297911 1c009126 04f50863 beq              x10, x15, 80        x10:00000065 x15:00000025
17936968ns          297912 1c00912a 01a005b3 add              x11, x0, x26        x11=00000002 x26:00000002
17936987ns          297913 1c00912c 000b00e7 jalr             x1, x22, 0           x1=1c00912e x22:1c009038
17937027ns          297915 1c009038 000026b7 lui              x13, 0x2000         x13=00002000
17937047ns          297916 1c00903a f14027f3 csrrs            x15, x0, 0xf14      x15=00000003
17937067ns          297917 1c00903e f8068693 addi             x13, x13, -128      x13=00001f80 x13:00002000
17937087ns          297918 1c009042 00379713 slli             x14, x15, 0x3       x14=00000018 x15:00000003
17937107ns          297919 1c009046 00279793 slli             x15, x15, 0x2       x15=0000000c x15:00000003
17937127ns          297920 1c009048 00d7f7b3 and              x15, x15, x13       x15=00000000 x15:0000000c x13:00001f80
17937147ns          297921 1c00904a ee873733 p.bclr           x14, x14, 23, 8     x14=00000018 x14:00000018
17937166ns          297922 1c00904e 1a10f6b7 lui              x13, 0x1a10f000     x13=1a10f000
17937186ns          297923 1c009052 0ff57513 andi             x10, x10, 255       x10=00000065 x10:00000065
17937206ns          297924 1c009056 00d70733 add              x14, x14, x13       x14=1a10f018 x14:00000018 x13:1a10f000
17937226ns          297925 1c009058 00a7e723 p.sw             x10, x0(x15)        x10:00000065 x15:00000000  PA:1a10f018
17937564ns          297942 1c00905c 00000513 addi             x10, x0, 0          x10=00000000
17937584ns          297943 1c00905e 00008067 jalr             x0, x1, 0            x1:1c00912e
17937644ns          297946 1c00912e 31f52563 p.beqimm         x10, 778            x10:00000000
17937664ns          297947 1c009132 001d8d93 addi             x27, x27, 1         x27=00000025 x27:00000024
17937684ns          297948 1c009134 00044503 lbu              x10, 0(x8)          x10=00000069  x8:1c0000a6  PA:1c0000a6
17937982ns          297963 1c009138 00140413 addi             x8, x8, 1            x8=1c0000a7  x8:1c0000a6
17938002ns          297964 1c00913a fe0514e3 bne              x10, x0, -24        x10:00000069
17938081ns          297968 1c009122 02500793 addi             x15, x0, 37         x15=00000025
17938101ns          297969 1c009126 04f50863 beq              x10, x15, 80        x10:00000069 x15:00000025
17938121ns          297970 1c00912a 01a005b3 add              x11, x0, x26        x11=00000002 x26:00000002
17938141ns          297971 1c00912c 000b00e7 jalr             x1, x22, 0           x1=1c00912e x22:1c009038
17938181ns          297973 1c009038 000026b7 lui              x13, 0x2000         x13=00002000
17938201ns          297974 1c00903a f14027f3 csrrs            x15, x0, 0xf14      x15=00000003
17938221ns          297975 1c00903e f8068693 addi             x13, x13, -128      x13=00001f80 x13:00002000
17938241ns          297976 1c009042 00379713 slli             x14, x15, 0x3       x14=00000018 x15:00000003
17938260ns          297977 1c009046 00279793 slli             x15, x15, 0x2       x15=0000000c x15:00000003
17938280ns          297978 1c009048 00d7f7b3 and              x15, x15, x13       x15=00000000 x15:0000000c x13:00001f80
17938300ns          297979 1c00904a ee873733 p.bclr           x14, x14, 23, 8     x14=00000018 x14:00000018
17938320ns          297980 1c00904e 1a10f6b7 lui              x13, 0x1a10f000     x13=1a10f000
17938340ns          297981 1c009052 0ff57513 andi             x10, x10, 255       x10=00000069 x10:00000069
17938360ns          297982 1c009056 00d70733 add              x14, x14, x13       x14=1a10f018 x14:00000018 x13:1a10f000
17938380ns          297983 1c009058 00a7e723 p.sw             x10, x0(x15)        x10:00000069 x15:00000000  PA:1a10f018
17938698ns          297999 1c00905c 00000513 addi             x10, x0, 0          x10=00000000
17938718ns          298000 1c00905e 00008067 jalr             x0, x1, 0            x1:1c00912e
17938778ns          298003 1c00912e 31f52563 p.beqimm         x10, 778            x10:00000000
17938797ns          298004 1c009132 001d8d93 addi             x27, x27, 1         x27=00000026 x27:00000025
17938817ns          298005 1c009134 00044503 lbu              x10, 0(x8)          x10=00000064  x8:1c0000a7  PA:1c0000a7
17939116ns          298020 1c009138 00140413 addi             x8, x8, 1            x8=1c0000a8  x8:1c0000a7
17939136ns          298021 1c00913a fe0514e3 bne              x10, x0, -24        x10:00000064
17939215ns          298025 1c009122 02500793 addi             x15, x0, 37         x15=00000025
17939235ns          298026 1c009126 04f50863 beq              x10, x15, 80        x10:00000064 x15:00000025
17939255ns          298027 1c00912a 01a005b3 add              x11, x0, x26        x11=00000002 x26:00000002
17939275ns          298028 1c00912c 000b00e7 jalr             x1, x22, 0           x1=1c00912e x22:1c009038
17939315ns          298030 1c009038 000026b7 lui              x13, 0x2000         x13=00002000
17939334ns          298031 1c00903a f14027f3 csrrs            x15, x0, 0xf14      x15=00000003
17939354ns          298032 1c00903e f8068693 addi             x13, x13, -128      x13=00001f80 x13:00002000
17939374ns          298033 1c009042 00379713 slli             x14, x15, 0x3       x14=00000018 x15:00000003
17939394ns          298034 1c009046 00279793 slli             x15, x15, 0x2       x15=0000000c x15:00000003
17939414ns          298035 1c009048 00d7f7b3 and              x15, x15, x13       x15=00000000 x15:0000000c x13:00001f80
17939434ns          298036 1c00904a ee873733 p.bclr           x14, x14, 23, 8     x14=00000018 x14:00000018
17939454ns          298037 1c00904e 1a10f6b7 lui              x13, 0x1a10f000     x13=1a10f000
17939474ns          298038 1c009052 0ff57513 andi             x10, x10, 255       x10=00000064 x10:00000064
17939494ns          298039 1c009056 00d70733 add              x14, x14, x13       x14=1a10f018 x14:00000018 x13:1a10f000
17939514ns          298040 1c009058 00a7e723 p.sw             x10, x0(x15)        x10:00000064 x15:00000000  PA:1a10f018
17939832ns          298056 1c00905c 00000513 addi             x10, x0, 0          x10=00000000
17939852ns          298057 1c00905e 00008067 jalr             x0, x1, 0            x1:1c00912e
17939911ns          298060 1c00912e 31f52563 p.beqimm         x10, 778            x10:00000000
17939931ns          298061 1c009132 001d8d93 addi             x27, x27, 1         x27=00000027 x27:00000026
17939951ns          298062 1c009134 00044503 lbu              x10, 0(x8)          x10=00000020  x8:1c0000a8  PA:1c0000a8
17940269ns          298078 1c009138 00140413 addi             x8, x8, 1            x8=1c0000a9  x8:1c0000a8
17940289ns          298079 1c00913a fe0514e3 bne              x10, x0, -24        x10:00000020
17940369ns          298083 1c009122 02500793 addi             x15, x0, 37         x15=00000025
17940389ns          298084 1c009126 04f50863 beq              x10, x15, 80        x10:00000020 x15:00000025
17940409ns          298085 1c00912a 01a005b3 add              x11, x0, x26        x11=00000002 x26:00000002
17940428ns          298086 1c00912c 000b00e7 jalr             x1, x22, 0           x1=1c00912e x22:1c009038
17940468ns          298088 1c009038 000026b7 lui              x13, 0x2000         x13=00002000
17940488ns          298089 1c00903a f14027f3 csrrs            x15, x0, 0xf14      x15=00000003
17940508ns          298090 1c00903e f8068693 addi             x13, x13, -128      x13=00001f80 x13:00002000
17940528ns          298091 1c009042 00379713 slli             x14, x15, 0x3       x14=00000018 x15:00000003
17940548ns          298092 1c009046 00279793 slli             x15, x15, 0x2       x15=0000000c x15:00000003
17940568ns          298093 1c009048 00d7f7b3 and              x15, x15, x13       x15=00000000 x15:0000000c x13:00001f80
17940588ns          298094 1c00904a ee873733 p.bclr           x14, x14, 23, 8     x14=00000018 x14:00000018
17940608ns          298095 1c00904e 1a10f6b7 lui              x13, 0x1a10f000     x13=1a10f000
17940627ns          298096 1c009052 0ff57513 andi             x10, x10, 255       x10=00000020 x10:00000020
17940647ns          298097 1c009056 00d70733 add              x14, x14, x13       x14=1a10f018 x14:00000018 x13:1a10f000
17940667ns          298098 1c009058 00a7e723 p.sw             x10, x0(x15)        x10:00000020 x15:00000000  PA:1a10f018
17940985ns          298114 1c00905c 00000513 addi             x10, x0, 0          x10=00000000
17941005ns          298115 1c00905e 00008067 jalr             x0, x1, 0            x1:1c00912e
17941065ns          298118 1c00912e 31f52563 p.beqimm         x10, 778            x10:00000000
17941085ns          298119 1c009132 001d8d93 addi             x27, x27, 1         x27=00000028 x27:00000027
17941105ns          298120 1c009134 00044503 lbu              x10, 0(x8)          x10=0000003d  x8:1c0000a9  PA:1c0000a9
17941403ns          298135 1c009138 00140413 addi             x8, x8, 1            x8=1c0000aa  x8:1c0000a9
17941423ns          298136 1c00913a fe0514e3 bne              x10, x0, -24        x10:0000003d
17941503ns          298140 1c009122 02500793 addi             x15, x0, 37         x15=00000025
17941522ns          298141 1c009126 04f50863 beq              x10, x15, 80        x10:0000003d x15:00000025
17941542ns          298142 1c00912a 01a005b3 add              x11, x0, x26        x11=00000002 x26:00000002
17941562ns          298143 1c00912c 000b00e7 jalr             x1, x22, 0           x1=1c00912e x22:1c009038
17941602ns          298145 1c009038 000026b7 lui              x13, 0x2000         x13=00002000
17941622ns          298146 1c00903a f14027f3 csrrs            x15, x0, 0xf14      x15=00000003
17941642ns          298147 1c00903e f8068693 addi             x13, x13, -128      x13=00001f80 x13:00002000
17941662ns          298148 1c009042 00379713 slli             x14, x15, 0x3       x14=00000018 x15:00000003
17941682ns          298149 1c009046 00279793 slli             x15, x15, 0x2       x15=0000000c x15:00000003
17941701ns          298150 1c009048 00d7f7b3 and              x15, x15, x13       x15=00000000 x15:0000000c x13:00001f80
17941721ns          298151 1c00904a ee873733 p.bclr           x14, x14, 23, 8     x14=00000018 x14:00000018
17941741ns          298152 1c00904e 1a10f6b7 lui              x13, 0x1a10f000     x13=1a10f000
17941761ns          298153 1c009052 0ff57513 andi             x10, x10, 255       x10=0000003d x10:0000003d
17941781ns          298154 1c009056 00d70733 add              x14, x14, x13       x14=1a10f018 x14:00000018 x13:1a10f000
17941801ns          298155 1c009058 00a7e723 p.sw             x10, x0(x15)        x10:0000003d x15:00000000  PA:1a10f018
17942119ns          298171 1c00905c 00000513 addi             x10, x0, 0          x10=00000000
17942139ns          298172 1c00905e 00008067 jalr             x0, x1, 0            x1:1c00912e
17942199ns          298175 1c00912e 31f52563 p.beqimm         x10, 778            x10:00000000
17942219ns          298176 1c009132 001d8d93 addi             x27, x27, 1         x27=00000029 x27:00000028
17942239ns          298177 1c009134 00044503 lbu              x10, 0(x8)          x10=00000020  x8:1c0000aa  PA:1c0000aa
17942537ns          298192 1c009138 00140413 addi             x8, x8, 1            x8=1c0000ab  x8:1c0000aa
17942557ns          298193 1c00913a fe0514e3 bne              x10, x0, -24        x10:00000020
17942636ns          298197 1c009122 02500793 addi             x15, x0, 37         x15=00000025
17942656ns          298198 1c009126 04f50863 beq              x10, x15, 80        x10:00000020 x15:00000025
17942676ns          298199 1c00912a 01a005b3 add              x11, x0, x26        x11=00000002 x26:00000002
17942696ns          298200 1c00912c 000b00e7 jalr             x1, x22, 0           x1=1c00912e x22:1c009038
17942736ns          298202 1c009038 000026b7 lui              x13, 0x2000         x13=00002000
17942756ns          298203 1c00903a f14027f3 csrrs            x15, x0, 0xf14      x15=00000003
17942776ns          298204 1c00903e f8068693 addi             x13, x13, -128      x13=00001f80 x13:00002000
17942795ns          298205 1c009042 00379713 slli             x14, x15, 0x3       x14=00000018 x15:00000003
17942815ns          298206 1c009046 00279793 slli             x15, x15, 0x2       x15=0000000c x15:00000003
17942835ns          298207 1c009048 00d7f7b3 and              x15, x15, x13       x15=00000000 x15:0000000c x13:00001f80
17942855ns          298208 1c00904a ee873733 p.bclr           x14, x14, 23, 8     x14=00000018 x14:00000018
17942875ns          298209 1c00904e 1a10f6b7 lui              x13, 0x1a10f000     x13=1a10f000
17942895ns          298210 1c009052 0ff57513 andi             x10, x10, 255       x10=00000020 x10:00000020
17942915ns          298211 1c009056 00d70733 add              x14, x14, x13       x14=1a10f018 x14:00000018 x13:1a10f000
17942935ns          298212 1c009058 00a7e723 p.sw             x10, x0(x15)        x10:00000020 x15:00000000  PA:1a10f018
17943253ns          298228 1c00905c 00000513 addi             x10, x0, 0          x10=00000000
17943273ns          298229 1c00905e 00008067 jalr             x0, x1, 0            x1:1c00912e
17943333ns          298232 1c00912e 31f52563 p.beqimm         x10, 778            x10:00000000
17943352ns          298233 1c009132 001d8d93 addi             x27, x27, 1         x27=0000002a x27:00000029
17943372ns          298234 1c009134 00044503 lbu              x10, 0(x8)          x10=00000025  x8:1c0000ab  PA:1c0000ab
17943671ns          298249 1c009138 00140413 addi             x8, x8, 1            x8=1c0000ac  x8:1c0000ab
17943691ns          298250 1c00913a fe0514e3 bne              x10, x0, -24        x10:00000025
17943770ns          298254 1c009122 02500793 addi             x15, x0, 37         x15=00000025
17943790ns          298255 1c009126 04f50863 beq              x10, x15, 80        x10:00000025 x15:00000025
17943870ns          298259 1c009176 00044483 lbu              x9, 0(x8)            x9=00000064  x8:1c0000ac  PA:1c0000ac
17944168ns          298274 1c00917a 02000693 addi             x13, x0, 32         x13=00000020
17944188ns          298275 1c00917e 00140a93 addi             x21, x8, 1          x21=1c0000ad  x8:1c0000ac
17944208ns          298276 1c009182 009005b3 add              x11, x0, x9         x11=00000064  x9:00000064
17944228ns          298277 1c009184 13cb8513 addi             x10, x23, 316       x10=1c00013c x23:1c000000
17944248ns          298278 1c009188 00d12823 sw               x13, 16(x2)         x13:00000020  x2:10001cd8  PA:10001ce8
17944267ns          298279 1c00918a 00012c23 sw               x0, 24(x2)           x2:10001cd8  PA:10001cf0
17944287ns          298280 1c00918c 00012a23 sw               x0, 20(x2)           x2:10001cd8  PA:10001cec
17944307ns          298281 1c00918e 00012e23 sw               x0, 28(x2)           x2:10001cd8  PA:10001cf4
17944327ns          298282 1c009190 00012623 sw               x0, 12(x2)           x2:10001cd8  PA:10001ce4
17944347ns          298283 1c009192 02300913 addi             x18, x0, 35         x18=00000023
17944367ns          298284 1c009196 02d00a13 addi             x20, x0, 45         x20=0000002d
17944387ns          298285 1c00919a 015009b3 add              x19, x0, x21        x19=1c0000ad x21:1c0000ad
17944407ns          298286 1c00919c e1dff0ef jal              x1, -484             x1=1c00919e
17944526ns          298292 1c008fb8 00054783 lbu              x15, 0(x10)         x15=0000002d x10:1c00013c  PA:1c00013c
17944844ns          298308 1c008fbc 0ff5f593 andi             x11, x11, 255       x11=00000064 x11:00000064
17944864ns          298309 1c008fc0 00b78c63 beq              x15, x11, 24        x15:0000002d x11:00000064
17944884ns          298310 1c008fc4 00078b63 beq              x15, x0, 22         x15:0000002d
17944904ns          298311 1c008fc6 00150793 addi             x15, x10, 1         x15=1c00013d x10:1c00013c
17944924ns          298312 1c008fca 0040006f jal              x0, 4              
17945003ns          298316 1c008fce 00f00533 add              x10, x0, x15        x10=1c00013d x15:1c00013d
17945023ns          298317 1c008fd0 0017c70b p.lbu            x14, 1(x15!)        x14=0000002b x15=1c00013e x15:1c00013d  PA:1c00013d
17945342ns          298333 1c008fd4 feb71ce3 bne              x14, x11, -8        x14:0000002b x11:00000064
17945401ns          298336 1c008fcc 00070763 beq              x14, x0, 14         x14:0000002b
17945421ns          298337 1c008fce 00f00533 add              x10, x0, x15        x10=1c00013e x15:1c00013e
17945441ns          298338 1c008fd0 0017c70b p.lbu            x14, 1(x15!)        x14=00000020 x15=1c00013f x15:1c00013e  PA:1c00013e
17945759ns          298354 1c008fd4 feb71ce3 bne              x14, x11, -8        x14:00000020 x11:00000064
17945819ns          298357 1c008fcc 00070763 beq              x14, x0, 14         x14:00000020
17945839ns          298358 1c008fce 00f00533 add              x10, x0, x15        x10=1c00013f x15:1c00013f
17945859ns          298359 1c008fd0 0017c70b p.lbu            x14, 1(x15!)        x14=00000023 x15=1c000140 x15:1c00013f  PA:1c00013f
17946177ns          298375 1c008fd4 feb71ce3 bne              x14, x11, -8        x14:00000023 x11:00000064
17946237ns          298378 1c008fcc 00070763 beq              x14, x0, 14         x14:00000023
17946256ns          298379 1c008fce 00f00533 add              x10, x0, x15        x10=1c000140 x15:1c000140
17946276ns          298380 1c008fd0 0017c70b p.lbu            x14, 1(x15!)        x14=00000030 x15=1c000141 x15:1c000140  PA:1c000140
17946595ns          298396 1c008fd4 feb71ce3 bne              x14, x11, -8        x14:00000030 x11:00000064
17946654ns          298399 1c008fcc 00070763 beq              x14, x0, 14         x14:00000030
17946674ns          298400 1c008fce 00f00533 add              x10, x0, x15        x10=1c000141 x15:1c000141
17946694ns          298401 1c008fd0 0017c70b p.lbu            x14, 1(x15!)        x14=00000000 x15=1c000142 x15:1c000141  PA:1c000141
17947012ns          298417 1c008fd4 feb71ce3 bne              x14, x11, -8        x14:00000000 x11:00000064
17947072ns          298420 1c008fcc 00070763 beq              x14, x0, 14         x14:00000000
17947152ns          298424 1c008fda 0015b593 sltiu            x11, x11, 1         x11=00000000 x11:00000064
17947171ns          298425 1c008fde 40b005b3 sub              x11, x0, x11        x11=00000000 x11:00000000
17947191ns          298426 1c008fe2 00b57533 and              x10, x10, x11       x10=00000000 x10:1c000141 x11:00000000
17947211ns          298427 1c008fe4 00008067 jalr             x0, x1, 0            x1:1c00919e
17947251ns          298429 1c00919e 02050a63 beq              x10, x0, 52         x10:00000000
17947331ns          298433 1c0091d2 02a00613 addi             x12, x0, 42         x12=0000002a
17947350ns          298434 1c0091d6 2ac48663 beq              x9, x12, 684         x9:00000064 x12:0000002a
17947370ns          298435 1c0091da fd048613 addi             x12, x9, -48        x12=00000034  x9:00000064
17947390ns          298436 1c0091de 00900593 addi             x11, x0, 9          x11=00000009
17947410ns          298437 1c0091e0 00000913 addi             x18, x0, 0          x18=00000000
17947430ns          298438 1c0091e2 28c5f063 bgeu             x11, x12, 640       x11:00000009 x12:00000034
17947450ns          298439 1c0091e6 02e00693 addi             x13, x0, 46         x13=0000002e
17947470ns          298440 1c0091ea fff00a13 addi             x20, x0, -1         x20=ffffffff
17947490ns          298441 1c0091ec 2ed48363 beq              x9, x13, 742         x9:00000064 x13:0000002e
17947510ns          298442 1c0091f0 1c0007b7 lui              x15, 0x1c000000     x15=1c000000
17947529ns          298443 1c0091f4 009005b3 add              x11, x0, x9         x11=00000064  x9:00000064
17947549ns          298444 1c0091f6 14478513 addi             x10, x15, 324       x10=1c000144 x15:1c000000
17947569ns          298445 1c0091fa dbfff0ef jal              x1, -578             x1=1c0091fc
17947609ns          298447 1c008fb8 00054783 lbu              x15, 0(x10)         x15=00000068 x10:1c000144  PA:1c000144
17947907ns          298462 1c008fbc 0ff5f593 andi             x11, x11, 255       x11=00000064 x11:00000064
17947927ns          298463 1c008fc0 00b78c63 beq              x15, x11, 24        x15:00000068 x11:00000064
17947947ns          298464 1c008fc4 00078b63 beq              x15, x0, 22         x15:00000068
17947967ns          298465 1c008fc6 00150793 addi             x15, x10, 1         x15=1c000145 x10:1c000144
17947987ns          298466 1c008fca 0040006f jal              x0, 4              
17948027ns          298468 1c008fce 00f00533 add              x10, x0, x15        x10=1c000145 x15:1c000145
17948047ns          298469 1c008fd0 0017c70b p.lbu            x14, 1(x15!)        x14=0000006c x15=1c000146 x15:1c000145  PA:1c000145
17948365ns          298485 1c008fd4 feb71ce3 bne              x14, x11, -8        x14:0000006c x11:00000064
17948425ns          298488 1c008fcc 00070763 beq              x14, x0, 14         x14:0000006c
17948444ns          298489 1c008fce 00f00533 add              x10, x0, x15        x10=1c000146 x15:1c000146
17948464ns          298490 1c008fd0 0017c70b p.lbu            x14, 1(x15!)        x14=0000004c x15=1c000147 x15:1c000146  PA:1c000146
17948783ns          298506 1c008fd4 feb71ce3 bne              x14, x11, -8        x14:0000004c x11:00000064
17948842ns          298509 1c008fcc 00070763 beq              x14, x0, 14         x14:0000004c
17948862ns          298510 1c008fce 00f00533 add              x10, x0, x15        x10=1c000147 x15:1c000147
17948882ns          298511 1c008fd0 0017c70b p.lbu            x14, 1(x15!)        x14=0000007a x15=1c000148 x15:1c000147  PA:1c000147
17949200ns          298527 1c008fd4 feb71ce3 bne              x14, x11, -8        x14:0000007a x11:00000064
17949260ns          298530 1c008fcc 00070763 beq              x14, x0, 14         x14:0000007a
17949280ns          298531 1c008fce 00f00533 add              x10, x0, x15        x10=1c000148 x15:1c000148
17949300ns          298532 1c008fd0 0017c70b p.lbu            x14, 1(x15!)        x14=00000000 x15=1c000149 x15:1c000148  PA:1c000148
17949638ns          298549 1c008fd4 feb71ce3 bne              x14, x11, -8        x14:00000000 x11:00000064
17949698ns          298552 1c008fcc 00070763 beq              x14, x0, 14         x14:00000000
17949777ns          298556 1c008fda 0015b593 sltiu            x11, x11, 1         x11=00000000 x11:00000064
17949797ns          298557 1c008fde 40b005b3 sub              x11, x0, x11        x11=00000000 x11:00000000
17949817ns          298558 1c008fe2 00b57533 and              x10, x10, x11       x10=00000000 x10:1c000148 x11:00000000
17949837ns          298559 1c008fe4 00008067 jalr             x0, x1, 0            x1:1c0091fc
17949877ns          298561 1c0091fc 01300433 add              x8, x0, x19          x8=1c0000ad x19:1c0000ad
17949896ns          298562 1c0091fe 00050563 beq              x10, x0, 10         x10:00000000
17949956ns          298565 1c009208 06700693 addi             x13, x0, 103        x13=00000067
17949976ns          298566 1c00920c 2896d963 bge              x13, x9, 658        x13:00000067  x9:00000064
17950215ns          298578 1c00949e 06500693 addi             x13, x0, 101        x13=00000065
17950255ns          298580 1c0094a2 12d4d563 bge              x9, x13, 298         x9:00000064 x13:00000065
17950274ns          298581 1c0094a6 04700693 addi             x13, x0, 71         x13=00000047
17950294ns          298582 1c0094aa dc96cbe3 blt              x13, x9, -554       x13:00000047  x9:00000064
17950394ns          298587 1c009280 06300693 addi             x13, x0, 99         x13=00000063
17950414ns          298588 1c009284 0ad488e3 beq              x9, x13, 2224        x9:00000064 x13:00000063
17950434ns          298589 1c009288 0096c9e3 blt              x13, x9, 2066       x13:00000063  x9:00000064
17950632ns          298599 1c009a9a 000c2583 lw               x11, 0(x24)         x11=00000003 x24:10001e30  PA:10001e30
17950652ns          298600 1c009a9e 004c0c13 addi             x24, x24, 4         x24=10001e34 x24:10001e30
17950692ns          298602 1c009aa0 3405cc63 blt              x11, x0, 856        x11:00000003
17950732ns          298604 1c009aa4 01412603 lw               x12, 20(x2)         x12=00000000  x2:10001cd8  PA:10001cec
17950752ns          298605 1c009aa6 00b006b3 add              x13, x0, x11        x13=00000003 x11:00000003
17950772ns          298606 1c009aa8 2e061863 bne              x12, x0, 752        x12:00000000
17950792ns          298607 1c009aac 01812703 lw               x14, 24(x2)         x14=00000000  x2:10001cd8  PA:10001cf0
17950811ns          298608 1c009aae 019007b3 add              x15, x0, x25        x15=10001cfc x25:10001cfc
17950831ns          298609 1c009ab0 00070763 beq              x14, x0, 14         x14:00000000
17950891ns          298612 1c009abe 00f00733 add              x14, x0, x15        x14=10001cfc x15:10001cfc
17950911ns          298613 1c009ac0 00a00513 addi             x10, x0, 10         x10=0000000a
17950931ns          298614 1c009ac2 02a6f633 remu             x12, x13, x10       x12=00000003 x13:00000003 x10:0000000a
17951547ns          298645 1c009ac6 02a6d6b3 divu             x13, x13, x10       x13=00000000 x13:00000003 x10:0000000a
17952164ns          298676 1c009aca 03060613 addi             x12, x12, 48        x12=00000033 x12:00000003
17952184ns          298677 1c009ace 00c700ab p.sb             x12, 1(x14!)        x14=10001cfd x12:00000033 x14:10001cfc  PA:10001cfc
17952204ns          298678 1c009ad2 fe0698e3 bne              x13, x0, -16        x13:00000000
17952224ns          298679 1c009ad4 40f706b3 sub              x13, x14, x15       x13=00000001 x14:10001cfd x15:10001cfc
17952244ns          298680 1c009ad8 0146dc63 bge              x13, x20, 24        x13:00000001 x20:ffffffff
17952303ns          298683 1c009af0 00e006b3 add              x13, x0, x14        x13=10001cfd x14:10001cfd
17952323ns          298684 1c009af2 fe068fab p.sb             x0, -1(x13!)        x13=10001cfc x13:10001cfd  PA:10001cfd
17952343ns          298685 1c009af6 00d7fc63 bgeu             x15, x13, 24        x15:10001cfc x13:10001cfc
17952403ns          298688 1c009b0e 01412783 lw               x15, 20(x2)         x15=00000000  x2:10001cd8  PA:10001cec
17952462ns          298691 1c009b10 01812603 lw               x12, 24(x2)         x12=00000000  x2:10001cd8  PA:10001cf0
17952502ns          298693 1c009b12 419704b3 sub              x9, x14, x25         x9=00000001 x14:10001cfd x25:10001cfc
17952522ns          298694 1c009b16 00c7e7b3 or               x15, x15, x12       x15=00000000 x15:00000000 x12:00000000
17952542ns          298695 1c009b18 00f12623 sw               x15, 12(x2)         x15:00000000  x2:10001cd8  PA:10001ce4
17952562ns          298696 1c009b1a 00079363 bne              x15, x0, 6          x15:00000000
17952582ns          298697 1c009b1c 01f5d593 srli             x11, x11, 0x1f      x11=00000000 x11:00000003
17952602ns          298698 1c009b1e 00b12623 sw               x11, 12(x2)         x11:00000000  x2:10001cd8  PA:10001ce4
17952622ns          298699 1c009b20 e3fa28e3 p.beqimm         x20, -464           x20:ffffffff
17952721ns          298704 1c009950 0c800793 addi             x15, x0, 200        x15=000000c8
17952761ns          298706 1c009954 9e97d0e3 bge              x15, x9, -1568      x15:000000c8  x9:00000001
17952860ns          298711 1c009334 0f24d163 bge              x9, x18, 226         x9:00000001 x18:00000000
17952999ns          298718 1c009416 d00482e3 beq              x9, x0, -764         x9:00000001
17953019ns          298719 1c00941a 01900933 add              x18, x0, x25        x18=10001cfc x25:10001cfc
17953039ns          298720 1c00941c 419d8db3 sub              x27, x27, x25       x27=efffe32e x27:0000002a x25:10001cfc
17953059ns          298721 1c009420 00a0006f jal              x0, 10             
17953119ns          298724 1c00942a 0019450b p.lbu            x10, 1(x18!)        x10=00000033 x18=10001cfd x18:10001cfc  PA:10001cfc
17953139ns          298725 1c00942e 01a005b3 add              x11, x0, x26        x11=00000002 x26:00000002
17953178ns          298727 1c009430 000b00e7 jalr             x1, x22, 0           x1=1c009432 x22:1c009038
17953258ns          298731 1c009038 000026b7 lui              x13, 0x2000         x13=00002000
17953298ns          298733 1c00903a f14027f3 csrrs            x15, x0, 0xf14      x15=00000003
17953318ns          298734 1c00903e f8068693 addi             x13, x13, -128      x13=00001f80 x13:00002000
17953338ns          298735 1c009042 00379713 slli             x14, x15, 0x3       x14=00000018 x15:00000003
17953357ns          298736 1c009046 00279793 slli             x15, x15, 0x2       x15=0000000c x15:00000003
17953377ns          298737 1c009048 00d7f7b3 and              x15, x15, x13       x15=00000000 x15:0000000c x13:00001f80
17953397ns          298738 1c00904a ee873733 p.bclr           x14, x14, 23, 8     x14=00000018 x14:00000018
17953417ns          298739 1c00904e 1a10f6b7 lui              x13, 0x1a10f000     x13=1a10f000
17953437ns          298740 1c009052 0ff57513 andi             x10, x10, 255       x10=00000033 x10:00000033
17953457ns          298741 1c009056 00d70733 add              x14, x14, x13       x14=1a10f018 x14:00000018 x13:1a10f000
17953477ns          298742 1c009058 00a7e723 p.sw             x10, x0(x15)        x10:00000033 x15:00000000  PA:1a10f018
17953795ns          298758 1c00905c 00000513 addi             x10, x0, 0          x10=00000000
17953815ns          298759 1c00905e 00008067 jalr             x0, x1, 0            x1:1c009432
17953855ns          298761 1c009432 fff48493 addi             x9, x9, -1           x9=00000000  x9:00000001
17953875ns          298762 1c009434 fff537e3 p.bneimm         x10, -18            x10:00000000
17953954ns          298766 1c009422 012d8733 add              x14, x27, x18       x14=0000002b x27:efffe32e x18:10001cfd
17953974ns          298767 1c009426 5a048b63 beq              x9, x0, 1462         x9:00000000
17954074ns          298772 1c0099dc 00e00db3 add              x27, x0, x14        x27=0000002b x14:0000002b
17954153ns          298776 1c0099de f3cff06f jal              x0, -2244          
17954213ns          298779 1c00911a 00044503 lbu              x10, 0(x8)          x10=00000029  x8:1c0000ad  PA:1c0000ad
17954511ns          298794 1c00911e 00140413 addi             x8, x8, 1            x8=1c0000ae  x8:1c0000ad
17954531ns          298795 1c009120 00050e63 beq              x10, x0, 28         x10:00000029
17954551ns          298796 1c009122 02500793 addi             x15, x0, 37         x15=00000025
17954571ns          298797 1c009126 04f50863 beq              x10, x15, 80        x10:00000029 x15:00000025
17954591ns          298798 1c00912a 01a005b3 add              x11, x0, x26        x11=00000002 x26:00000002
17954611ns          298799 1c00912c 000b00e7 jalr             x1, x22, 0           x1=1c00912e x22:1c009038
17954690ns          298803 1c009038 000026b7 lui              x13, 0x2000         x13=00002000
17954710ns          298804 1c00903a f14027f3 csrrs            x15, x0, 0xf14      x15=00000003
17954730ns          298805 1c00903e f8068693 addi             x13, x13, -128      x13=00001f80 x13:00002000
17954750ns          298806 1c009042 00379713 slli             x14, x15, 0x3       x14=00000018 x15:00000003
17954770ns          298807 1c009046 00279793 slli             x15, x15, 0x2       x15=0000000c x15:00000003
17954790ns          298808 1c009048 00d7f7b3 and              x15, x15, x13       x15=00000000 x15:0000000c x13:00001f80
17954810ns          298809 1c00904a ee873733 p.bclr           x14, x14, 23, 8     x14=00000018 x14:00000018
17954829ns          298810 1c00904e 1a10f6b7 lui              x13, 0x1a10f000     x13=1a10f000
17954849ns          298811 1c009052 0ff57513 andi             x10, x10, 255       x10=00000029 x10:00000029
17954869ns          298812 1c009056 00d70733 add              x14, x14, x13       x14=1a10f018 x14:00000018 x13:1a10f000
17954889ns          298813 1c009058 00a7e723 p.sw             x10, x0(x15)        x10:00000029 x15:00000000  PA:1a10f018
17955207ns          298829 1c00905c 00000513 addi             x10, x0, 0          x10=00000000
17955227ns          298830 1c00905e 00008067 jalr             x0, x1, 0            x1:1c00912e
17955287ns          298833 1c00912e 31f52563 p.beqimm         x10, 778            x10:00000000
17955307ns          298834 1c009132 001d8d93 addi             x27, x27, 1         x27=0000002c x27:0000002b
17955327ns          298835 1c009134 00044503 lbu              x10, 0(x8)          x10=0000000a  x8:1c0000ae  PA:1c0000ae
17955625ns          298850 1c009138 00140413 addi             x8, x8, 1            x8=1c0000af  x8:1c0000ae
17955645ns          298851 1c00913a fe0514e3 bne              x10, x0, -24        x10:0000000a
17955724ns          298855 1c009122 02500793 addi             x15, x0, 37         x15=00000025
17955744ns          298856 1c009126 04f50863 beq              x10, x15, 80        x10:0000000a x15:00000025
17955764ns          298857 1c00912a 01a005b3 add              x11, x0, x26        x11=00000002 x26:00000002
17955784ns          298858 1c00912c 000b00e7 jalr             x1, x22, 0           x1=1c00912e x22:1c009038
17955824ns          298860 1c009038 000026b7 lui              x13, 0x2000         x13=00002000
17955844ns          298861 1c00903a f14027f3 csrrs            x15, x0, 0xf14      x15=00000003
17955864ns          298862 1c00903e f8068693 addi             x13, x13, -128      x13=00001f80 x13:00002000
17955884ns          298863 1c009042 00379713 slli             x14, x15, 0x3       x14=00000018 x15:00000003
17955903ns          298864 1c009046 00279793 slli             x15, x15, 0x2       x15=0000000c x15:00000003
17955923ns          298865 1c009048 00d7f7b3 and              x15, x15, x13       x15=00000000 x15:0000000c x13:00001f80
17955943ns          298866 1c00904a ee873733 p.bclr           x14, x14, 23, 8     x14=00000018 x14:00000018
17955963ns          298867 1c00904e 1a10f6b7 lui              x13, 0x1a10f000     x13=1a10f000
17955983ns          298868 1c009052 0ff57513 andi             x10, x10, 255       x10=0000000a x10:0000000a
17956003ns          298869 1c009056 00d70733 add              x14, x14, x13       x14=1a10f018 x14:00000018 x13:1a10f000
17956023ns          298870 1c009058 00a7e723 p.sw             x10, x0(x15)        x10:0000000a x15:00000000  PA:1a10f018
17956381ns          298888 1c00905c 00000513 addi             x10, x0, 0          x10=00000000
17956401ns          298889 1c00905e 00008067 jalr             x0, x1, 0            x1:1c00912e
17956460ns          298892 1c00912e 31f52563 p.beqimm         x10, 778            x10:00000000
17956480ns          298893 1c009132 001d8d93 addi             x27, x27, 1         x27=0000002d x27:0000002c
17956500ns          298894 1c009134 00044503 lbu              x10, 0(x8)          x10=00000000  x8:1c0000af  PA:1c0000af
17956799ns          298909 1c009138 00140413 addi             x8, x8, 1            x8=1c0000b0  x8:1c0000af
17956818ns          298910 1c00913a fe0514e3 bne              x10, x0, -24        x10:00000000
17956838ns          298911 1c00913c 01b00433 add              x8, x0, x27          x8=0000002d x27:0000002d
17956858ns          298912 1c00913e 00800533 add              x10, x0, x8         x10=0000002d  x8:0000002d
17956878ns          298913 1c009140 12c12083 lw               x1, 300(x2)          x1=1c0090cc  x2:10001cd8  PA:10001e04
17956898ns          298914 1c009144 12812403 lw               x8, 296(x2)          x8=00000003  x2:10001cd8  PA:10001e00
17956918ns          298915 1c009148 12412483 lw               x9, 292(x2)          x9=xxxxxxxx  x2:10001cd8  PA:10001dfc
17956938ns          298916 1c00914c 12012903 lw               x18, 288(x2)        x18=xxxxxxxx  x2:10001cd8  PA:10001df8
17957157ns          298927 1c009150 11c12983 lw               x19, 284(x2)        x19=xxxxxxxx  x2:10001cd8  PA:10001df4
17957196ns          298929 1c009154 11812a03 lw               x20, 280(x2)        x20=xxxxxxxx  x2:10001cd8  PA:10001df0
17957216ns          298930 1c009158 11412a83 lw               x21, 276(x2)        x21=xxxxxxxx  x2:10001cd8  PA:10001dec
17957236ns          298931 1c00915c 11012b03 lw               x22, 272(x2)        x22=xxxxxxxx  x2:10001cd8  PA:10001de8
17957694ns          298954 1c009160 10c12b83 lw               x23, 268(x2)        x23=xxxxxxxx  x2:10001cd8  PA:10001de4
17957733ns          298956 1c009164 10812c03 lw               x24, 264(x2)        x24=xxxxxxxx  x2:10001cd8  PA:10001de0
17957753ns          298957 1c009168 10412c83 lw               x25, 260(x2)        x25=xxxxxxxx  x2:10001cd8  PA:10001ddc
17957773ns          298958 1c00916c 10012d03 lw               x26, 256(x2)        x26=xxxxxxxx  x2:10001cd8  PA:10001dd8
17957793ns          298959 1c009170 0fc12d83 lw               x27, 252(x2)        x27=xxxxxxxx  x2:10001cd8  PA:10001dd4
17957813ns          298960 1c009172 13010113 addi             x2, x2, 304          x2=10001e08  x2:10001cd8
17957833ns          298961 1c009174 00008067 jalr             x0, x1, 0            x1:1c0090cc
17957912ns          298965 1c0090cc 01c12083 lw               x1, 28(x2)           x1=1c008734  x2:10001e08  PA:10001e24
17957932ns          298966 1c0090ce 04010113 addi             x2, x2, 64           x2=10001e48  x2:10001e08
17957992ns          298969 1c0090d0 00008067 jalr             x0, x1, 0            x1:1c008734
17958072ns          298973 1c008734 00300793 addi             x15, x0, 3          x15=00000003
17958111ns          298975 1c008736 0087f463 bgeu             x15, x8, 8          x15:00000003  x8:00000003
17958629ns          299001 1c00873e 51d010ef jal              x1, 7452             x1=1c008742
17959146ns          299027 1c00a45a f14027f3 csrrs            x15, x0, 0xf14      x15=00000003
17959166ns          299028 1c00a45e 01f00713 addi             x14, x0, 31         x14=0000001f
17959603ns          299050 1c00a460 ca5797b3 p.extractu       x15, x15, 5, 5      x15=00000000 x15:00000003
17959643ns          299052 1c00a464 00e78863 beq              x15, x14, 16        x15:00000000 x14:0000001f
17959663ns          299053 1c00a468 002047b7 lui              x15, 0x204000       x15=00204000
17959683ns          299054 1c00a46c 20078793 addi             x15, x15, 512       x15=00204200 x15:00204000
17960120ns          299076 1c00a470 01c7e703 p.elw            x14, 28(x15)        x14=00010000 x15:00204200  PA:0020421c
17960240ns          299082 1c00a474 00008067 jalr             x0, x1, 0            x1:1c008742
17960697ns          299105 1c008742 f14027f3 csrrs            x15, x0, 0xf14      x15=00000003
17960717ns          299106 1c008746 f457b7b3 p.bclr           x15, x15, 26, 5     x15=00000003 x15:00000003
17960737ns          299107 1c00874a 02079063 bne              x15, x0, 32         x15:00000003
17961731ns          299157 1c00876a 06400513 addi             x10, x0, 100        x10=00000064
17962169ns          299179 1c00876e 02a40533 mul              x10, x8, x10        x10=0000012c  x8:00000003 x10:00000064
17962209ns          299181 1c008772 1c010737 lui              x14, 0x1c010000     x14=1c010000
17962229ns          299182 1c008776 00070713 addi             x14, x14, 0         x14=1c010000 x14:1c010000
17962249ns          299183 1c00877a 00251513 slli             x10, x10, 0x2       x10=000004b0 x10:0000012c
17962269ns          299184 1c00877c 00a707b3 add              x15, x14, x10       x15=1c0104b0 x14:1c010000 x10:000004b0
17962686ns          299205 1c008780 0707a083 lw               x1, 112(x15)         x1=408be862 x15:1c0104b0  PA:1c010520
17963164ns          299229 1c008784 0307a383 lw               x7, 48(x15)          x7=4100fdbf x15:1c0104b0  PA:1c0104e0
17963462ns          299244 1c008788 0347a283 lw               x5, 52(x15)          x5=411c8b8e x15:1c0104b0  PA:1c0104e4
17963760ns          299259 1c00878c 0387af83 lw               x31, 56(x15)        x31=40dffeba x15:1c0104b0  PA:1c0104e8
17964059ns          299274 1c008790 03c7af03 lw               x30, 60(x15)        x30=40373a79 x15:1c0104b0  PA:1c0104ec
17964357ns          299289 1c008794 0407ae83 lw               x29, 64(x15)        x29=4052eb2d x15:1c0104b0  PA:1c0104f0
17964655ns          299304 1c008798 0447ae03 lw               x28, 68(x15)        x28=411756be x15:1c0104b0  PA:1c0104f4
17964954ns          299319 1c00879c 0487a303 lw               x6, 72(x15)          x6=4113a2dc x15:1c0104b0  PA:1c0104f8
17965252ns          299334 1c0087a0 04c7a883 lw               x17, 76(x15)        x17=409921ef x15:1c0104b0  PA:1c0104fc
17965590ns          299351 1c0087a4 0507a803 lw               x16, 80(x15)        x16=40e4a605 x15:1c0104b0  PA:1c010500
17965889ns          299366 1c0087a8 0547a583 lw               x11, 84(x15)        x11=400d0320 x15:1c0104b0  PA:1c010504
17966187ns          299381 1c0087aa 0587a603 lw               x12, 88(x15)        x12=41069786 x15:1c0104b0  PA:1c010508
17966485ns          299396 1c0087ac 05c7a683 lw               x13, 92(x15)        x13=40deb210 x15:1c0104b0  PA:1c01050c
17966784ns          299411 1c0087ae 08112023 sw               x1, 128(x2)          x1:408be862  x2:10001e48  PA:10001ec8
17966804ns          299412 1c0087b0 0747a083 lw               x1, 116(x15)         x1=408ccbea x15:1c0104b0  PA:1c010524
17967122ns          299428 1c0087b4 08112223 sw               x1, 132(x2)          x1:408ccbea  x2:10001e48  PA:10001ecc
17967142ns          299429 1c0087b6 0787a083 lw               x1, 120(x15)         x1=4100909e x15:1c0104b0  PA:1c010528
17967460ns          299445 1c0087ba 08112423 sw               x1, 136(x2)          x1:4100909e  x2:10001e48  PA:10001ed0
17967480ns          299446 1c0087bc 07c7a083 lw               x1, 124(x15)         x1=3fc98ebb x15:1c0104b0  PA:1c01052c
17967798ns          299462 1c0087c0 08112623 sw               x1, 140(x2)          x1:3fc98ebb  x2:10001e48  PA:10001ed4
17967818ns          299463 1c0087c2 0807a083 lw               x1, 128(x15)         x1=410bb992 x15:1c0104b0  PA:1c010530
17968156ns          299480 1c0087c6 08112823 sw               x1, 144(x2)          x1:410bb992  x2:10001e48  PA:10001ed8
17968176ns          299481 1c0087c8 0847a083 lw               x1, 132(x15)         x1=4112ed0a x15:1c0104b0  PA:1c010534
17968494ns          299497 1c0087cc 08112a23 sw               x1, 148(x2)          x1:4112ed0a  x2:10001e48  PA:10001edc
17968514ns          299498 1c0087ce 0887a083 lw               x1, 136(x15)         x1=40eb81be x15:1c0104b0  PA:1c010538
17968872ns          299516 1c0087d2 08112c23 sw               x1, 152(x2)          x1:40eb81be  x2:10001e48  PA:10001ee0
17968892ns          299517 1c0087d4 08c7a083 lw               x1, 140(x15)         x1=4088940e x15:1c0104b0  PA:1c01053c
17969210ns          299533 1c0087d8 08112e23 sw               x1, 156(x2)          x1:4088940e  x2:10001e48  PA:10001ee4
17969230ns          299534 1c0087da 0907a083 lw               x1, 144(x15)         x1=404df77c x15:1c0104b0  PA:1c010540
17969568ns          299551 1c0087de 0a112023 sw               x1, 160(x2)          x1:404df77c  x2:10001e48  PA:10001ee8
17969588ns          299552 1c0087e0 0947a083 lw               x1, 148(x15)         x1=40acfeb3 x15:1c0104b0  PA:1c010544
17969907ns          299568 1c0087e4 0a112223 sw               x1, 164(x2)          x1:40acfeb3  x2:10001e48  PA:10001eec
17969926ns          299569 1c0087e6 0987a083 lw               x1, 152(x15)         x1=404c9359 x15:1c0104b0  PA:1c010548
17970245ns          299585 1c0087ea 0a112423 sw               x1, 168(x2)          x1:404c9359  x2:10001e48  PA:10001ef0
17970265ns          299586 1c0087ec 09c7a083 lw               x1, 156(x15)         x1=4055b2c7 x15:1c0104b0  PA:1c01054c
17970583ns          299602 1c0087f0 0a112623 sw               x1, 172(x2)          x1:4055b2c7  x2:10001e48  PA:10001ef4
17970603ns          299603 1c0087f2 0a07a083 lw               x1, 160(x15)         x1=411287f0 x15:1c0104b0  PA:1c010550
17970941ns          299620 1c0087f6 0a112823 sw               x1, 176(x2)          x1:411287f0  x2:10001e48  PA:10001ef8
17970961ns          299621 1c0087f8 0a47a083 lw               x1, 164(x15)         x1=4117ee68 x15:1c0104b0  PA:1c010554
17971279ns          299637 1c0087fc 0a112a23 sw               x1, 180(x2)          x1:4117ee68  x2:10001e48  PA:10001efc
17971299ns          299638 1c0087fe 0a87a083 lw               x1, 168(x15)         x1=3f8706da x15:1c0104b0  PA:1c010558
17971617ns          299654 1c008802 0a112c23 sw               x1, 184(x2)          x1:3f8706da  x2:10001e48  PA:10001f00
17971637ns          299655 1c008804 0ac7a083 lw               x1, 172(x15)         x1=41061673 x15:1c0104b0  PA:1c01055c
17971955ns          299671 1c008808 0a112e23 sw               x1, 188(x2)          x1:41061673  x2:10001e48  PA:10001f04
17971975ns          299672 1c00880a 0b07a083 lw               x1, 176(x15)         x1=40992be9 x15:1c0104b0  PA:1c010560
17972313ns          299689 1c00880e 0c112023 sw               x1, 192(x2)          x1:40992be9  x2:10001e48  PA:10001f08
17972333ns          299690 1c008810 0b47a083 lw               x1, 180(x15)         x1=411cd3d3 x15:1c0104b0  PA:1c010564
17972652ns          299706 1c008814 0c112223 sw               x1, 196(x2)          x1:411cd3d3  x2:10001e48  PA:10001f0c
17972671ns          299707 1c008816 0b87a083 lw               x1, 184(x15)         x1=410b0eaf x15:1c0104b0  PA:1c010568
17972990ns          299723 1c00881a 0c112423 sw               x1, 200(x2)          x1:410b0eaf  x2:10001e48  PA:10001f10
17973010ns          299724 1c00881c 0bc7a083 lw               x1, 188(x15)         x1=40b54d3a x15:1c0104b0  PA:1c01056c
17973328ns          299740 1c008820 0c112623 sw               x1, 204(x2)          x1:40b54d3a  x2:10001e48  PA:10001f14
17973348ns          299741 1c008822 0c07a083 lw               x1, 192(x15)         x1=3ff9ee7b x15:1c0104b0  PA:1c010570
17973666ns          299757 1c008826 0c112823 sw               x1, 208(x2)          x1:3ff9ee7b  x2:10001e48  PA:10001f18
17973686ns          299758 1c008828 0c47a083 lw               x1, 196(x15)         x1=411b47b3 x15:1c0104b0  PA:1c010574
17974004ns          299774 1c00882c 0c112a23 sw               x1, 212(x2)          x1:411b47b3  x2:10001e48  PA:10001f1c
17974024ns          299775 1c00882e 0c87a083 lw               x1, 200(x15)         x1=40746979 x15:1c0104b0  PA:1c010578
17974342ns          299791 1c008832 0c112c23 sw               x1, 216(x2)          x1:40746979  x2:10001e48  PA:10001f20
17974362ns          299792 1c008834 0cc7a083 lw               x1, 204(x15)         x1=408bad3c x15:1c0104b0  PA:1c01057c
17974680ns          299808 1c008838 0c112e23 sw               x1, 220(x2)          x1:408bad3c  x2:10001e48  PA:10001f24
17974700ns          299809 1c00883a 0d07a083 lw               x1, 208(x15)         x1=40ad2e53 x15:1c0104b0  PA:1c010580
17975019ns          299825 1c00883e 0e112023 sw               x1, 224(x2)          x1:40ad2e53  x2:10001e48  PA:10001f28
17975038ns          299826 1c008840 0d47a083 lw               x1, 212(x15)         x1=4100bd61 x15:1c0104b0  PA:1c010584
17975357ns          299842 1c008844 0e112223 sw               x1, 228(x2)          x1:4100bd61  x2:10001e48  PA:10001f2c
17975377ns          299843 1c008846 0d87a083 lw               x1, 216(x15)         x1=40243f52 x15:1c0104b0  PA:1c010588
17975695ns          299859 1c00884a 0e112423 sw               x1, 232(x2)          x1:40243f52  x2:10001e48  PA:10001f30
17975715ns          299860 1c00884c 0dc7a083 lw               x1, 220(x15)         x1=4105b1eb x15:1c0104b0  PA:1c01058c
17976033ns          299876 1c008850 0e112623 sw               x1, 236(x2)          x1:4105b1eb  x2:10001e48  PA:10001f34
17976053ns          299877 1c008852 0e07a083 lw               x1, 224(x15)         x1=40f6cce9 x15:1c0104b0  PA:1c010590
17976371ns          299893 1c008856 0e112823 sw               x1, 240(x2)          x1:40f6cce9  x2:10001e48  PA:10001f38
17976391ns          299894 1c008858 0e47a083 lw               x1, 228(x15)         x1=40e7676d x15:1c0104b0  PA:1c010594
17976709ns          299910 1c00885c 0e112a23 sw               x1, 244(x2)          x1:40e7676d  x2:10001e48  PA:10001f3c
17976729ns          299911 1c00885e 0e87a083 lw               x1, 232(x15)         x1=3fd288fa x15:1c0104b0  PA:1c010598
17977047ns          299927 1c008862 0e112c23 sw               x1, 248(x2)          x1:3fd288fa  x2:10001e48  PA:10001f40
17977067ns          299928 1c008864 0ec7a083 lw               x1, 236(x15)         x1=408fb84e x15:1c0104b0  PA:1c01059c
17977386ns          299944 1c008868 0e112e23 sw               x1, 252(x2)          x1:408fb84e  x2:10001e48  PA:10001f44
17977405ns          299945 1c00886a 0f07a083 lw               x1, 240(x15)         x1=40f798ff x15:1c0104b0  PA:1c0105a0
17977724ns          299961 1c00886e 10112023 sw               x1, 256(x2)          x1:40f798ff  x2:10001e48  PA:10001f48
17977744ns          299962 1c008872 0f47a083 lw               x1, 244(x15)         x1=40dda986 x15:1c0104b0  PA:1c0105a4
17978062ns          299978 1c008876 10112223 sw               x1, 260(x2)          x1:40dda986  x2:10001e48  PA:10001f4c
17978082ns          299979 1c00887a 0f87a083 lw               x1, 248(x15)         x1=3dc93d23 x15:1c0104b0  PA:1c0105a8
17978400ns          299995 1c00887e 10112423 sw               x1, 264(x2)          x1:3dc93d23  x2:10001e48  PA:10001f50
17978420ns          299996 1c008882 0fc7a083 lw               x1, 252(x15)         x1=4106b5d4 x15:1c0104b0  PA:1c0105ac
17978738ns          300012 1c008886 10112623 sw               x1, 268(x2)          x1:4106b5d4  x2:10001e48  PA:10001f54
17978758ns          300013 1c00888a 1007a083 lw               x1, 256(x15)         x1=40ce7638 x15:1c0104b0  PA:1c0105b0
17979076ns          300029 1c00888e 10112823 sw               x1, 272(x2)          x1:40ce7638  x2:10001e48  PA:10001f58
17979096ns          300030 1c008892 1047a083 lw               x1, 260(x15)         x1=411e9040 x15:1c0104b0  PA:1c0105b4
17979414ns          300046 1c008896 10112a23 sw               x1, 276(x2)          x1:411e9040  x2:10001e48  PA:10001f5c
17979434ns          300047 1c00889a 1087a083 lw               x1, 264(x15)         x1=4102b8c3 x15:1c0104b0  PA:1c0105b8
17979753ns          300063 1c00889e 10112c23 sw               x1, 280(x2)          x1:4102b8c3  x2:10001e48  PA:10001f60
17979772ns          300064 1c0088a2 10c7a083 lw               x1, 268(x15)         x1=40cad920 x15:1c0104b0  PA:1c0105bc
17980091ns          300080 1c0088a6 10112e23 sw               x1, 284(x2)          x1:40cad920  x2:10001e48  PA:10001f64
17980111ns          300081 1c0088aa 1107a083 lw               x1, 272(x15)         x1=3e872d69 x15:1c0104b0  PA:1c0105c0
17980429ns          300097 1c0088ae 12112023 sw               x1, 288(x2)          x1:3e872d69  x2:10001e48  PA:10001f68
17980449ns          300098 1c0088b2 1147a083 lw               x1, 276(x15)         x1=40536054 x15:1c0104b0  PA:1c0105c4
17980767ns          300114 1c0088b6 12112223 sw               x1, 292(x2)          x1:40536054  x2:10001e48  PA:10001f6c
17980787ns          300115 1c0088ba 1187a083 lw               x1, 280(x15)         x1=3fe4b534 x15:1c0104b0  PA:1c0105c8
17981105ns          300131 1c0088be 12112423 sw               x1, 296(x2)          x1:3fe4b534  x2:10001e48  PA:10001f70
17981125ns          300132 1c0088c2 11c7a083 lw               x1, 284(x15)         x1=40d8b20c x15:1c0104b0  PA:1c0105cc
17981443ns          300148 1c0088c6 12112623 sw               x1, 300(x2)          x1:40d8b20c  x2:10001e48  PA:10001f74
17981463ns          300149 1c0088ca 1207a083 lw               x1, 288(x15)         x1=3fbf6e3c x15:1c0104b0  PA:1c0105d0
17981781ns          300165 1c0088ce 12112823 sw               x1, 304(x2)          x1:3fbf6e3c  x2:10001e48  PA:10001f78
17981801ns          300166 1c0088d2 1247a083 lw               x1, 292(x15)         x1=40676125 x15:1c0104b0  PA:1c0105d4
17982120ns          300182 1c0088d6 12112a23 sw               x1, 308(x2)          x1:40676125  x2:10001e48  PA:10001f7c
17982139ns          300183 1c0088da 1287a083 lw               x1, 296(x15)         x1=411a8690 x15:1c0104b0  PA:1c0105d8
17982458ns          300199 1c0088de 12112c23 sw               x1, 312(x2)          x1:411a8690  x2:10001e48  PA:10001f80
17982478ns          300200 1c0088e2 12c7a083 lw               x1, 300(x15)         x1=3fb1f93c x15:1c0104b0  PA:1c0105dc
17982796ns          300216 1c0088e6 12112e23 sw               x1, 316(x2)          x1:3fb1f93c  x2:10001e48  PA:10001f84
17982816ns          300217 1c0088ea 1307a083 lw               x1, 304(x15)         x1=411ee12a x15:1c0104b0  PA:1c0105e0
17983134ns          300233 1c0088ee 14112023 sw               x1, 320(x2)          x1:411ee12a  x2:10001e48  PA:10001f88
17983154ns          300234 1c0088f2 1347a083 lw               x1, 308(x15)         x1=409d6697 x15:1c0104b0  PA:1c0105e4
17983472ns          300250 1c0088f6 14112223 sw               x1, 324(x2)          x1:409d6697  x2:10001e48  PA:10001f8c
17983492ns          300251 1c0088fa 1387a083 lw               x1, 312(x15)         x1=403454db x15:1c0104b0  PA:1c0105e8
17983810ns          300267 1c0088fe 14112423 sw               x1, 328(x2)          x1:403454db  x2:10001e48  PA:10001f90
17983830ns          300268 1c008902 13c7a083 lw               x1, 316(x15)         x1=4008b891 x15:1c0104b0  PA:1c0105ec
17984148ns          300284 1c008906 14112623 sw               x1, 332(x2)          x1:4008b891  x2:10001e48  PA:10001f94
17984168ns          300285 1c00890a 1407a083 lw               x1, 320(x15)         x1=411cb125 x15:1c0104b0  PA:1c0105f0
17984487ns          300301 1c00890e 14112823 sw               x1, 336(x2)          x1:411cb125  x2:10001e48  PA:10001f98
17984506ns          300302 1c008912 1447a083 lw               x1, 324(x15)         x1=406558fe x15:1c0104b0  PA:1c0105f4
17984825ns          300318 1c008916 14112a23 sw               x1, 340(x2)          x1:406558fe  x2:10001e48  PA:10001f9c
17984845ns          300319 1c00891a 1487a083 lw               x1, 328(x15)         x1=410a1a31 x15:1c0104b0  PA:1c0105f8
17985163ns          300335 1c00891e 14112c23 sw               x1, 344(x2)          x1:410a1a31  x2:10001e48  PA:10001fa0
17985183ns          300336 1c008922 14c7a083 lw               x1, 332(x15)         x1=40435586 x15:1c0104b0  PA:1c0105fc
17985521ns          300353 1c008926 14112e23 sw               x1, 348(x2)          x1:40435586  x2:10001e48  PA:10001fa4
17985541ns          300354 1c00892a 1507a083 lw               x1, 336(x15)         x1=3fe1e268 x15:1c0104b0  PA:1c010600
17985859ns          300370 1c00892e 16112023 sw               x1, 352(x2)          x1:3fe1e268  x2:10001e48  PA:10001fa8
17985879ns          300371 1c008932 1547a083 lw               x1, 340(x15)         x1=41107dd3 x15:1c0104b0  PA:1c010604
17986197ns          300387 1c008936 16112223 sw               x1, 356(x2)          x1:41107dd3  x2:10001e48  PA:10001fac
17986217ns          300388 1c00893a 1587a083 lw               x1, 344(x15)         x1=3d635328 x15:1c0104b0  PA:1c010608
17986535ns          300404 1c00893e 16112423 sw               x1, 360(x2)          x1:3d635328  x2:10001e48  PA:10001fb0
17986555ns          300405 1c008942 15c7a083 lw               x1, 348(x15)         x1=4103ca5c x15:1c0104b0  PA:1c01060c
17986893ns          300422 1c008946 16112623 sw               x1, 364(x2)          x1:4103ca5c  x2:10001e48  PA:10001fb4
17986913ns          300423 1c00894a 1607a083 lw               x1, 352(x15)         x1=40c51727 x15:1c0104b0  PA:1c010610
17987231ns          300439 1c00894e 16112823 sw               x1, 368(x2)          x1:40c51727  x2:10001e48  PA:10001fb8
17987251ns          300440 1c008952 1647a083 lw               x1, 356(x15)         x1=40e5d4d0 x15:1c0104b0  PA:1c010614
17987570ns          300456 1c008956 16112a23 sw               x1, 372(x2)          x1:40e5d4d0  x2:10001e48  PA:10001fbc
17987589ns          300457 1c00895a 1687a083 lw               x1, 360(x15)         x1=40a3bae8 x15:1c0104b0  PA:1c010618
17987908ns          300473 1c00895e 16112c23 sw               x1, 376(x2)          x1:40a3bae8  x2:10001e48  PA:10001fc0
17987928ns          300474 1c008962 16c7a083 lw               x1, 364(x15)         x1=40b48d05 x15:1c0104b0  PA:1c01061c
17988266ns          300491 1c008966 16112e23 sw               x1, 380(x2)          x1:40b48d05  x2:10001e48  PA:10001fc4
17988286ns          300492 1c00896a 1707a083 lw               x1, 368(x15)         x1=404af0a4 x15:1c0104b0  PA:1c010620
17988604ns          300508 1c00896e 18112023 sw               x1, 384(x2)          x1:404af0a4  x2:10001e48  PA:10001fc8
17988624ns          300509 1c008972 1747a083 lw               x1, 372(x15)         x1=3f20c24e x15:1c0104b0  PA:1c010624
17988942ns          300525 1c008976 18112223 sw               x1, 388(x2)          x1:3f20c24e  x2:10001e48  PA:10001fcc
17988962ns          300526 1c00897a 1787a083 lw               x1, 376(x15)         x1=40072c45 x15:1c0104b0  PA:1c010628
17989280ns          300542 1c00897e 18112423 sw               x1, 392(x2)          x1:40072c45  x2:10001e48  PA:10001fd0
17989300ns          300543 1c008982 17c7a083 lw               x1, 380(x15)         x1=408f9f8b x15:1c0104b0  PA:1c01062c
17989638ns          300560 1c008986 18112623 sw               x1, 396(x2)          x1:408f9f8b  x2:10001e48  PA:10001fd4
17989658ns          300561 1c00898a 1807a083 lw               x1, 384(x15)         x1=405de5e9 x15:1c0104b0  PA:1c010630
17989976ns          300577 1c00898e 18112823 sw               x1, 400(x2)          x1:405de5e9  x2:10001e48  PA:10001fd8
17989996ns          300578 1c008992 0007a083 lw               x1, 0(x15)           x1=411993f9 x15:1c0104b0  PA:1c0104b0
17990314ns          300594 1c008996 00112823 sw               x1, 16(x2)           x1:411993f9  x2:10001e48  PA:10001e58
17990334ns          300595 1c008998 0047a083 lw               x1, 4(x15)           x1=40cd0977 x15:1c0104b0  PA:1c0104b4
17990653ns          300611 1c00899c 00112a23 sw               x1, 20(x2)           x1:40cd0977  x2:10001e48  PA:10001e5c
17990673ns          300612 1c00899e 0087a083 lw               x1, 8(x15)           x1=40278e80 x15:1c0104b0  PA:1c0104b8
17990991ns          300628 1c0089a2 00112c23 sw               x1, 24(x2)           x1:40278e80  x2:10001e48  PA:10001e60
17991011ns          300629 1c0089a4 00c7a083 lw               x1, 12(x15)          x1=410233d5 x15:1c0104b0  PA:1c0104bc
17991329ns          300645 1c0089a8 00112e23 sw               x1, 28(x2)           x1:410233d5  x2:10001e48  PA:10001e64
17991349ns          300646 1c0089aa 0107a083 lw               x1, 16(x15)          x1=408bbd4a x15:1c0104b0  PA:1c0104c0
17991667ns          300662 1c0089ae 02112023 sw               x1, 32(x2)           x1:408bbd4a  x2:10001e48  PA:10001e68
17991687ns          300663 1c0089b0 0147a083 lw               x1, 20(x15)          x1=40eb785a x15:1c0104b0  PA:1c0104c4
17992005ns          300679 1c0089b4 02112223 sw               x1, 36(x2)           x1:40eb785a  x2:10001e48  PA:10001e6c
17992025ns          300680 1c0089b6 0187a083 lw               x1, 24(x15)          x1=411d788b x15:1c0104b0  PA:1c0104c8
17992343ns          300696 1c0089ba 02112423 sw               x1, 40(x2)           x1:411d788b  x2:10001e48  PA:10001e70
17992363ns          300697 1c0089bc 01c7a083 lw               x1, 28(x15)          x1=40e40bb4 x15:1c0104b0  PA:1c0104cc
17992681ns          300713 1c0089c0 02112623 sw               x1, 44(x2)           x1:40e40bb4  x2:10001e48  PA:10001e74
17992701ns          300714 1c0089c2 0207a083 lw               x1, 32(x15)          x1=403ad93c x15:1c0104b0  PA:1c0104d0
17993020ns          300730 1c0089c6 02112823 sw               x1, 48(x2)           x1:403ad93c  x2:10001e48  PA:10001e78
17993040ns          300731 1c0089c8 0247a083 lw               x1, 36(x15)          x1=406af036 x15:1c0104b0  PA:1c0104d4
17993358ns          300747 1c0089cc 02112a23 sw               x1, 52(x2)           x1:406af036  x2:10001e48  PA:10001e7c
17993378ns          300748 1c0089ce 0287a083 lw               x1, 40(x15)          x1=4047c42d x15:1c0104b0  PA:1c0104d8
17993696ns          300764 1c0089d2 02112c23 sw               x1, 56(x2)           x1:4047c42d  x2:10001e48  PA:10001e80
17993716ns          300765 1c0089d4 02c7a083 lw               x1, 44(x15)          x1=411882b9 x15:1c0104b0  PA:1c0104dc
17994014ns          300780 1c0089d8 06d12623 sw               x13, 108(x2)        x13:40deb210  x2:10001e48  PA:10001eb4
17994034ns          300781 1c0089da 0607a683 lw               x13, 96(x15)        x13=40d43a16 x15:1c0104b0  PA:1c010510
17994332ns          300796 1c0089dc 02112e23 sw               x1, 60(x2)           x1:411882b9  x2:10001e48  PA:10001e84
17994352ns          300797 1c0089de 06d12823 sw               x13, 112(x2)        x13:40d43a16  x2:10001e48  PA:10001eb8
17994372ns          300798 1c0089e0 0647a083 lw               x1, 100(x15)         x1=40f0c59a x15:1c0104b0  PA:1c010514
17994671ns          300813 1c0089e4 0687a683 lw               x13, 104(x15)       x13=4001d2fa x15:1c0104b0  PA:1c010518
17994969ns          300828 1c0089e6 04712023 sw               x7, 64(x2)           x7:4100fdbf  x2:10001e48  PA:10001e88
17994989ns          300829 1c0089e8 04512223 sw               x5, 68(x2)           x5:411c8b8e  x2:10001e48  PA:10001e8c
17995009ns          300830 1c0089ea 05f12423 sw               x31, 72(x2)         x31:40dffeba  x2:10001e48  PA:10001e90
17995029ns          300831 1c0089ec 05e12623 sw               x30, 76(x2)         x30:40373a79  x2:10001e48  PA:10001e94
17995048ns          300832 1c0089ee 05d12823 sw               x29, 80(x2)         x29:4052eb2d  x2:10001e48  PA:10001e98
17995068ns          300833 1c0089f0 05c12a23 sw               x28, 84(x2)         x28:411756be  x2:10001e48  PA:10001e9c
17995088ns          300834 1c0089f2 04612c23 sw               x6, 88(x2)           x6:4113a2dc  x2:10001e48  PA:10001ea0
17995108ns          300835 1c0089f4 05112e23 sw               x17, 92(x2)         x17:409921ef  x2:10001e48  PA:10001ea4
17995128ns          300836 1c0089f6 07012023 sw               x16, 96(x2)         x16:40e4a605  x2:10001e48  PA:10001ea8
17995148ns          300837 1c0089f8 06b12223 sw               x11, 100(x2)        x11:400d0320  x2:10001e48  PA:10001eac
17995168ns          300838 1c0089fa 06c12423 sw               x12, 104(x2)        x12:41069786  x2:10001e48  PA:10001eb0
17995188ns          300839 1c0089fc 06d12c23 sw               x13, 120(x2)        x13:4001d2fa  x2:10001e48  PA:10001ec0
17995208ns          300840 1c0089fe 06112a23 sw               x1, 116(x2)          x1:40f0c59a  x2:10001e48  PA:10001ebc
17995367ns          300848 1c008a00 06c7a083 lw               x1, 108(x15)         x1=4054e3a5 x15:1c0104b0  PA:1c01051c
17995824ns          300871 1c008a04 1847a803 lw               x16, 388(x15)       x16=41110564 x15:1c0104b0  PA:1c010634
17996142ns          300887 1c008a08 1887a883 lw               x17, 392(x15)       x17=3eb89462 x15:1c0104b0  PA:1c010638
17996441ns          300902 1c008a0c 18c7a303 lw               x6, 396(x15)         x6=409819f0 x15:1c0104b0  PA:1c01063c
17996739ns          300917 1c008a10 00241793 slli             x15, x8, 0x2        x15=0000000c  x8:00000003
17996759ns          300918 1c008a14 00e787b3 add              x15, x15, x14       x15=1c01000c x15:0000000c x14:1c010000
17996779ns          300919 1c008a16 6507a683 lw               x13, 1616(x15)      x13=4108fc3f x15:1c01000c  PA:1c01065c
17997077ns          300934 1c008a1a 66070593 addi             x11, x14, 1632      x11=1c010660 x14:1c010000
17997097ns          300935 1c008a1e 6407a703 lw               x14, 1600(x15)      x14=410568ab x15:1c01000c  PA:1c01064c
17997396ns          300950 1c008a22 1c0117b7 lui              x15, 0x1c011000     x15=1c011000
17997415ns          300951 1c008a26 ca078793 addi             x15, x15, -864      x15=1c010ca0 x15:1c011000
17997435ns          300952 1c008a2a 00a585b3 add              x11, x11, x10       x11=1c010b10 x11:1c010660 x10:000004b0
17997455ns          300953 1c008a2c 01010613 addi             x12, x2, 16         x12=10001e58  x2:10001e48
17997475ns          300954 1c008a2e 00f50533 add              x10, x10, x15       x10=1c011150 x10:000004b0 x15:1c010ca0
17997495ns          300955 1c008a30 06112e23 sw               x1, 124(x2)          x1:4054e3a5  x2:10001e48  PA:10001ec4
17997515ns          300956 1c008a32 19012a23 sw               x16, 404(x2)        x16:41110564  x2:10001e48  PA:10001fdc
17997535ns          300957 1c008a36 19112c23 sw               x17, 408(x2)        x17:3eb89462  x2:10001e48  PA:10001fe0
17997555ns          300958 1c008a3a 18612e23 sw               x6, 412(x2)          x6:409819f0  x2:10001e48  PA:10001fe4
17997575ns          300959 1c008a3e be3ff0ef jal              x1, -1054            x1=1c008a40
17998450ns          301003 1c008620 ff010113 addi             x2, x2, -16          x2=10001e38  x2:10001e48
17998470ns          301004 1c008622 00812623 sw               x8, 12(x2)           x8:00000003  x2:10001e38  PA:10001e44
17998490ns          301005 1c008624 19058293 addi             x5, x11, 400         x5=1c010ca0 x11:1c010b10
17998509ns          301006 1c008628 00000f13 addi             x30, x0, 0          x30=00000000
17998529ns          301007 1c00862c 00a00f93 addi             x31, x0, 10         x31=0000000a
17998987ns          301030 1c00862e 06afc07b lp.setup         0x0, x31, 0x6a      x31:0000000a
17999027ns          301032 1c008632 40b28e33 sub              x28, x5, x11        x28=00000190  x5:1c010ca0 x11:1c010b10
17999047ns          301033 1c008636 fd8e0e13 addi             x28, x28, -40       x28=00000168 x28:00000190
17999066ns          301034 1c00863a 0cccd7b7 lui              x15, 0xcccd000      x15=0cccd000
17999504ns          301056 1c00863e ccd78793 addi             x15, x15, -819      x15=0ccccccd x15:0cccd000
17999544ns          301058 1c008642 003e5e13 srli             x28, x28, 0x3       x28=0000002d x28:00000168
17999564ns          301059 1c008646 02fe0e33 mul              x28, x28, x15       x28=40000009 x28:0000002d x15:0ccccccd
17999584ns          301060 1c00864a c5de3e33 p.bclr           x28, x28, 2, 29     x28=00000009 x28:40000009
17999603ns          301061 1c00864e 00b007b3 add              x15, x0, x11        x15=1c010b10 x11:1c010b10
18000021ns          301082 1c008650 00c00eb3 add              x29, x0, x12        x29=10001e58 x12:10001e58
18000041ns          301083 1c008652 001e0e13 addi             x28, x28, 1         x28=0000000a x28:00000009
18000061ns          301084 1c008654 054e40fb lp.setup         0x1, x28, 0x54      x28:0000000a
18000081ns          301085 1c008658 00052803 lw               x16, 0(x10)         x16=40e93c28 x10:1c011150  PA:1c011150
18000518ns          301107 1c00865c 0007a883 lw               x17, 0(x15)         x17=40cda545 x15:1c010b10  PA:1c010b10
18000817ns          301122 1c008660 1106f853 fmul.s           f16, f13, f16       f16=xxxxxxxx f13:4108fc3f f16:40e93c28
18000837ns          301123 1c008664 02852303 lw               x6, 40(x10)          x6=4100f26a x10:1c011150  PA:1c011178
18001135ns          301138 1c008668 0047a383 lw               x7, 4(x15)           x7=40f08a50 x15:1c010b10  PA:1c010b14
18001433ns          301153 1c00866c f1187843 fmadd.s          f16, f16, f17, f30  f16=xxxxxxxx f16:42799b8c f17:40cda545 f30:00000000
18001453ns          301154 1c008670 1066f353 fmul.s           f6, f13, f6          f6=xxxxxxxx f13:4108fc3f  f6:4100f26a
18001473ns          301155 1c008674 05052883 lw               x17, 80(x10)        x17=407a5636 x10:1c011150  PA:1c0111a0
18001811ns          301172 1c008678 0087a403 lw               x8, 8(x15)           x8=41134027 x15:1c010b10  PA:1c010b18
18002110ns          301187 1c00867a 80737343 fmadd.s          f6, f6, f7, f16      f6=xxxxxxxx  f6:4289ffad  f7:40f08a50 f16:43c882b4
18002130ns          301188 1c00867e 1116f8d3 fmul.s           f17, f13, f17       f17=xxxxxxxx f13:4108fc3f f17:407a5636
18002149ns          301189 1c008682 07852803 lw               x16, 120(x10)       x16=40217164 x10:1c011150  PA:1c0111c8
18002468ns          301205 1c008686 00c7a383 lw               x7, 12(x15)          x7=3fc00009 x15:1c010b10  PA:1c010b1c
18002766ns          301220 1c00868a 3088f8c3 fmadd.s          f17, f17, f8, f6    f17=xxxxxxxx f17:4205f477  f8:41134027  f6:4465eb9b
18002786ns          301221 1c00868e 1106f853 fmul.s           f16, f13, f16       f16=xxxxxxxx f13:4108fc3f f16:40217164
18002806ns          301222 1c008692 0a052303 lw               x6, 160(x10)         x6=406e1ac5 x10:1c011150  PA:1c0111f0
18003124ns          301238 1c008696 0107a403 lw               x8, 16(x15)          x8=41028837 x15:1c010b10  PA:1c010b20
18003423ns          301253 1c008698 88787843 fmadd.s          f16, f16, f7, f17   f16=xxxxxxxx f16:41acc6a1  f7:3fc00009 f17:44997c46
18003442ns          301254 1c00869c 1066f353 fmul.s           f6, f13, f6          f6=xxxxxxxx f13:4108fc3f  f6:406e1ac5
18003462ns          301255 1c0086a0 0c852883 lw               x17, 200(x10)       x17=40fcd407 x10:1c011150  PA:1c011218
18003761ns          301270 1c0086a4 0147a383 lw               x7, 20(x15)          x7=40be76b1 x15:1c010b10  PA:1c010b24
18004059ns          301285 1c0086a8 80837343 fmadd.s          f6, f6, f8, f16      f6=xxxxxxxx  f6:41fed1ab  f8:41028837 f16:449d88ee
18004079ns          301286 1c0086ac 1116f8d3 fmul.s           f17, f13, f17       f17=xxxxxxxx f13:4108fc3f f17:40fcd407
18004099ns          301287 1c0086b0 0f052803 lw               x16, 240(x10)       x16=409f1f64 x10:1c011150  PA:1c011240
18004417ns          301303 1c0086b4 0187a403 lw               x8, 24(x15)          x8=410dec9e x15:1c010b10  PA:1c010b28
18004715ns          301318 1c0086b6 3078f8c3 fmadd.s          f17, f17, f7, f6    f17=xxxxxxxx f17:428749c3  f7:40be76b1  f6:44be0472
18004735ns          301319 1c0086ba 1106f853 fmul.s           f16, f13, f16       f16=xxxxxxxx f13:4108fc3f f16:409f1f64
18004755ns          301320 1c0086be 11852303 lw               x6, 280(x10)         x6=411ceb73 x10:1c011150  PA:1c011268
18005073ns          301336 1c0086c2 01c7a383 lw               x7, 28(x15)          x7=407ef751 x15:1c010b10  PA:1c010b2c
18005372ns          301351 1c0086c6 88887843 fmadd.s          f16, f16, f8, f17   f16=xxxxxxxx f16:422a4aee  f8:410dec9e f17:44f0582e
18005392ns          301352 1c0086ca 1066f353 fmul.s           f6, f13, f6          f6=xxxxxxxx f13:4108fc3f  f6:411ceb73
18005412ns          301353 1c0086ce 14052883 lw               x17, 320(x10)       x17=40d4159d x10:1c011150  PA:1c011290
18005750ns          301370 1c0086d2 0207a403 lw               x8, 32(x15)          x8=40b312ba x15:1c010b10  PA:1c010b30
18006048ns          301385 1c0086d4 80737343 fmadd.s          f6, f6, f7, f16      f6=xxxxxxxx  f6:42a7ef67  f7:407ef751 f16:450fc642
18006068ns          301386 1c0086d8 1116f8d3 fmul.s           f17, f13, f17       f17=xxxxxxxx f13:4108fc3f f17:40d4159d
18006088ns          301387 1c0086dc 16852803 lw               x16, 360(x10)       x16=3f903bd5 x10:1c011150  PA:1c0112b8
18006406ns          301403 1c0086e0 0247a383 lw               x7, 36(x15)          x7=4087f7f0 x15:1c010b10  PA:1c010b34
18006704ns          301418 1c0086e4 3088f8c3 fmadd.s          f17, f17, f8, f6    f17=xxxxxxxx f17:4262f8ea  f8:40b312ba  f6:4524ae7b
18006724ns          301419 1c0086e8 1106f853 fmul.s           f16, f13, f16       f16=xxxxxxxx f13:4108fc3f f16:3f903bd5
18006744ns          301420 1c0086ec 000ea303 lw               x6, 0(x29)           x6=411993f9 x29:10001e58  PA:10001e58
18006764ns          301421 1c0086f0 02878793 addi             x15, x15, 40        x15=1c010b38 x15:1c010b10
18006784ns          301422 1c0086f4 88787843 fmadd.s          f16, f16, f7, f17   f16=xxxxxxxx f16:411a5bcf  f7:4087f7f0 f17:45388710
18006804ns          301423 1c0086f8 80e37843 fmadd.s          f16, f6, f14, f16   f16=xxxxxxxx  f6:411993f9 f14:410568ab f16:453b16ef
18006824ns          301424 1c0086fc 030ea42b p.sw             x16, 40(x29!)       x29=10001e80 x16:4540177a x29:10001e58  PA:10001e58
18006903ns          301428 1c008658 00052803 lw               x16, 0(x10)         x16=40e93c28 x10:1c011150  PA:1c011150
18007202ns          301443 1c00865c 0007a883 lw               x17, 0(x15)         x17=40e744fc x15:1c010b38  PA:1c010b38
18007500ns          301458 1c008660 1106f853 fmul.s           f16, f13, f16       f16=xxxxxxxx f13:4108fc3f f16:40e93c28
18007520ns          301459 1c008664 02852303 lw               x6, 40(x10)          x6=4100f26a x10:1c011150  PA:1c011178
18007818ns          301474 1c008668 0047a383 lw               x7, 4(x15)           x7=4119cb83 x15:1c010b38  PA:1c010b3c
18008137ns          301490 1c00866c f1187843 fmadd.s          f16, f16, f17, f30  f16=xxxxxxxx f16:42799b8c f17:40e744fc f30:00000000
18008157ns          301491 1c008670 1066f353 fmul.s           f6, f13, f6          f6=xxxxxxxx f13:4108fc3f  f6:4100f26a
18008176ns          301492 1c008674 05052883 lw               x17, 80(x10)        x17=407a5636 x10:1c011150  PA:1c0111a0
18008475ns          301507 1c008678 0087a403 lw               x8, 8(x15)           x8=3fedbab9 x15:1c010b38  PA:1c010b40
18008773ns          301522 1c00867a 80737343 fmadd.s          f6, f6, f7, f16      f6=xxxxxxxx  f6:4289ffad  f7:4119cb83 f16:43e17e9e
18008793ns          301523 1c00867e 1116f8d3 fmul.s           f17, f13, f17       f17=xxxxxxxx f13:4108fc3f f17:407a5636
18008813ns          301524 1c008682 07852803 lw               x16, 120(x10)       x16=40217164 x10:1c011150  PA:1c0111c8
18009111ns          301539 1c008686 00c7a383 lw               x7, 12(x15)          x7=3eef5305 x15:1c010b38  PA:1c010b44
18009410ns          301554 1c00868a 3088f8c3 fmadd.s          f17, f17, f8, f6    f17=xxxxxxxx f17:4205f477  f8:3fedbab9  f6:448b472a
18009430ns          301555 1c00868e 1106f853 fmul.s           f16, f13, f16       f16=xxxxxxxx f13:4108fc3f f16:40217164
18009449ns          301556 1c008692 0a052303 lw               x6, 160(x10)         x6=406e1ac5 x10:1c011150  PA:1c0111f0
18009748ns          301571 1c008696 0107a403 lw               x8, 16(x15)          x8=40ad0325 x15:1c010b38  PA:1c010b48
18010046ns          301586 1c008698 88787843 fmadd.s          f16, f16, f7, f17   f16=xxxxxxxx f16:41acc6a1  f7:3eef5305 f17:44930d7a
18010066ns          301587 1c00869c 1066f353 fmul.s           f6, f13, f6          f6=xxxxxxxx f13:4108fc3f  f6:406e1ac5
18010086ns          301588 1c0086a0 0c852883 lw               x17, 200(x10)       x17=40fcd407 x10:1c011150  PA:1c011218
18010384ns          301603 1c0086a4 0147a383 lw               x7, 20(x15)          x7=3f56fa5e x15:1c010b38  PA:1c010b4c
18010683ns          301618 1c0086a8 80837343 fmadd.s          f6, f6, f8, f16      f6=xxxxxxxx  f6:41fed1ab  f8:40ad0325 f16:44945085
18010703ns          301619 1c0086ac 1116f8d3 fmul.s           f17, f13, f17       f17=xxxxxxxx f13:4108fc3f f17:40fcd407
18010722ns          301620 1c0086b0 0f052803 lw               x16, 240(x10)       x16=409f1f64 x10:1c011150  PA:1c011240
18011021ns          301635 1c0086b4 0187a403 lw               x8, 24(x15)          x8=407c65f3 x15:1c010b38  PA:1c010b50
18011319ns          301650 1c0086b6 3078f8c3 fmadd.s          f17, f17, f7, f6    f17=xxxxxxxx f17:428749c3  f7:3f56fa5e  f6:44a9d75f
18011339ns          301651 1c0086ba 1106f853 fmul.s           f16, f13, f16       f16=xxxxxxxx f13:4108fc3f f16:409f1f64
18011359ns          301652 1c0086be 11852303 lw               x6, 280(x10)         x6=411ceb73 x10:1c011150  PA:1c011268
18011657ns          301667 1c0086c2 01c7a383 lw               x7, 28(x15)          x7=410d50e8 x15:1c010b38  PA:1c010b54
18011956ns          301682 1c0086c6 88887843 fmadd.s          f16, f16, f8, f17   f16=xxxxxxxx f16:422a4aee  f8:407c65f3 f17:44b0f11f
18011976ns          301683 1c0086ca 1066f353 fmul.s           f6, f13, f6          f6=xxxxxxxx f13:4108fc3f  f6:411ceb73
18011995ns          301684 1c0086ce 14052883 lw               x17, 320(x10)       x17=40d4159d x10:1c011150  PA:1c011290
18012294ns          301699 1c0086d2 0207a403 lw               x8, 32(x15)          x8=410b2aa7 x15:1c010b38  PA:1c010b58
18012592ns          301714 1c0086d4 80737343 fmadd.s          f6, f6, f7, f16      f6=xxxxxxxx  f6:42a7ef67  f7:410d50e8 f16:44c5edd1
18012612ns          301715 1c0086d8 1116f8d3 fmul.s           f17, f13, f17       f17=xxxxxxxx f13:4108fc3f f17:40d4159d
18012632ns          301716 1c0086dc 16852803 lw               x16, 360(x10)       x16=3f903bd5 x10:1c011150  PA:1c0112b8
18012930ns          301731 1c0086e0 0247a383 lw               x7, 36(x15)          x7=40f5b887 x15:1c010b38  PA:1c010b5c
18013229ns          301746 1c0086e4 3088f8c3 fmadd.s          f17, f17, f8, f6    f17=xxxxxxxx f17:4262f8ea  f8:410b2aa7  f6:451150e0
18013249ns          301747 1c0086e8 1106f853 fmul.s           f16, f13, f16       f16=xxxxxxxx f13:4108fc3f f16:3f903bd5
18013268ns          301748 1c0086ec 000ea303 lw               x6, 0(x29)           x6=4047c42d x29:10001e80  PA:10001e80
18013288ns          301749 1c0086f0 02878793 addi             x15, x15, 40        x15=1c010b60 x15:1c010b38
18013308ns          301750 1c0086f4 88787843 fmadd.s          f16, f16, f7, f17   f16=xxxxxxxx f16:411a5bcf  f7:40f5b887 f17:4530299e
18013328ns          301751 1c0086f8 80e37843 fmadd.s          f16, f6, f14, f16   f16=xxxxxxxx  f6:4047c42d f14:410568ab f16:4534cae7
18013348ns          301752 1c0086fc 030ea42b p.sw             x16, 40(x29!)       x29=10001ea8 x16:45366b51 x29:10001e80  PA:10001e80
18013368ns          301753 1c008658 00052803 lw               x16, 0(x10)         x16=40e93c28 x10:1c011150  PA:1c011150
18013666ns          301768 1c00865c 0007a883 lw               x17, 0(x15)         x17=408437c5 x15:1c010b60  PA:1c010b60
18013965ns          301783 1c008660 1106f853 fmul.s           f16, f13, f16       f16=xxxxxxxx f13:4108fc3f f16:40e93c28
18013984ns          301784 1c008664 02852303 lw               x6, 40(x10)          x6=4100f26a x10:1c011150  PA:1c011178
18014283ns          301799 1c008668 0047a383 lw               x7, 4(x15)           x7=40ed961d x15:1c010b60  PA:1c010b64
18014581ns          301814 1c00866c f1187843 fmadd.s          f16, f16, f17, f30  f16=xxxxxxxx f16:42799b8c f17:408437c5 f30:00000000
18014601ns          301815 1c008670 1066f353 fmul.s           f6, f13, f6          f6=xxxxxxxx f13:4108fc3f  f6:4100f26a
18014621ns          301816 1c008674 05052883 lw               x17, 80(x10)        x17=407a5636 x10:1c011150  PA:1c0111a0
18014919ns          301831 1c008678 0087a403 lw               x8, 8(x15)           x8=410b9643 x15:1c010b60  PA:1c010b68
18015218ns          301846 1c00867a 80737343 fmadd.s          f6, f6, f7, f16      f6=xxxxxxxx  f6:4289ffad  f7:40ed961d f16:4380ea95
18015238ns          301847 1c00867e 1116f8d3 fmul.s           f17, f13, f17       f17=xxxxxxxx f13:4108fc3f f17:407a5636
18015258ns          301848 1c008682 07852803 lw               x16, 120(x10)       x16=40217164 x10:1c011150  PA:1c0111c8
18015556ns          301863 1c008686 00c7a383 lw               x7, 12(x15)          x7=3fa0a167 x15:1c010b60  PA:1c010b6c
18015854ns          301878 1c00868a 3088f8c3 fmadd.s          f17, f17, f8, f6    f17=xxxxxxxx f17:4205f477  f8:410b9643  f6:444087e9
18015874ns          301879 1c00868e 1106f853 fmul.s           f16, f13, f16       f16=xxxxxxxx f13:4108fc3f f16:40217164
18015894ns          301880 1c008692 0a052303 lw               x6, 160(x10)         x6=406e1ac5 x10:1c011150  PA:1c0111f0
18016212ns          301896 1c008696 0107a403 lw               x8, 16(x15)          x8=411beb61 x15:1c010b60  PA:1c010b70
18016511ns          301911 1c008698 88787843 fmadd.s          f16, f16, f7, f17   f16=xxxxxxxx f16:41acc6a1  f7:3fa0a167 f17:4484c923
18016531ns          301912 1c00869c 1066f353 fmul.s           f6, f13, f6          f6=xxxxxxxx f13:4108fc3f  f6:406e1ac5
18016550ns          301913 1c0086a0 0c852883 lw               x17, 200(x10)       x17=40fcd407 x10:1c011150  PA:1c011218
18016849ns          301928 1c0086a4 0147a383 lw               x7, 20(x15)          x7=40a15457 x15:1c010b60  PA:1c010b74
18017147ns          301943 1c0086a8 80837343 fmadd.s          f6, f6, f8, f16      f6=xxxxxxxx  f6:41fed1ab  f8:411beb61 f16:44882c6c
18017167ns          301944 1c0086ac 1116f8d3 fmul.s           f17, f13, f17       f17=xxxxxxxx f13:4108fc3f f17:40fcd407
18017187ns          301945 1c0086b0 0f052803 lw               x16, 240(x10)       x16=409f1f64 x10:1c011150  PA:1c011240
18017505ns          301961 1c0086b4 0187a403 lw               x8, 24(x15)          x8=40f27469 x15:1c010b60  PA:1c010b78
18017804ns          301976 1c0086b6 3078f8c3 fmadd.s          f17, f17, f7, f6    f17=xxxxxxxx f17:428749c3  f7:40a15457  f6:44aef93b
18017823ns          301977 1c0086ba 1106f853 fmul.s           f16, f13, f16       f16=xxxxxxxx f13:4108fc3f f16:409f1f64
18017843ns          301978 1c0086be 11852303 lw               x6, 280(x10)         x6=411ceb73 x10:1c011150  PA:1c011268
18018142ns          301993 1c0086c2 01c7a383 lw               x7, 28(x15)          x7=40c477c3 x15:1c010b60  PA:1c010b7c
18018440ns          302008 1c0086c6 88887843 fmadd.s          f16, f16, f8, f17   f16=xxxxxxxx f16:422a4aee  f8:40f27469 f17:44d99a36
18018460ns          302009 1c0086ca 1066f353 fmul.s           f6, f13, f6          f6=xxxxxxxx f13:4108fc3f  f6:411ceb73
18018480ns          302010 1c0086ce 14052883 lw               x17, 320(x10)       x17=40d4159d x10:1c011150  PA:1c011290
18018798ns          302026 1c0086d2 0207a403 lw               x8, 32(x15)          x8=41175a38 x15:1c010b60  PA:1c010b80
18019096ns          302041 1c0086d4 80737343 fmadd.s          f6, f6, f7, f16      f6=xxxxxxxx  f6:42a7ef67  f7:40c477c3 f16:4500f624
18019116ns          302042 1c0086d8 1116f8d3 fmul.s           f17, f13, f17       f17=xxxxxxxx f13:4108fc3f f17:40d4159d
18019136ns          302043 1c0086dc 16852803 lw               x16, 360(x10)       x16=3f903bd5 x10:1c011150  PA:1c0112b8
18019435ns          302058 1c0086e0 0247a383 lw               x7, 36(x15)          x7=3ff9e780 x15:1c010b60  PA:1c010b84
18019733ns          302073 1c0086e4 3088f8c3 fmadd.s          f17, f17, f8, f6    f17=xxxxxxxx f17:4262f8ea  f8:41175a38  f6:45212e9b
18019753ns          302074 1c0086e8 1106f853 fmul.s           f16, f13, f16       f16=xxxxxxxx f13:4108fc3f f16:3f903bd5
18019773ns          302075 1c0086ec 000ea303 lw               x6, 0(x29)           x6=40e4a605 x29:10001ea8  PA:10001ea8
18019793ns          302076 1c0086f0 02878793 addi             x15, x15, 40        x15=1c010b88 x15:1c010b60
18019812ns          302077 1c0086f4 88787843 fmadd.s          f16, f16, f7, f17   f16=xxxxxxxx f16:411a5bcf  f7:3ff9e780 f17:4542bacf
18019832ns          302078 1c0086f8 80e37843 fmadd.s          f16, f6, f14, f16   f16=xxxxxxxx  f6:40e4a605 f14:410568ab f16:4543e82d
18019852ns          302079 1c0086fc 030ea42b p.sw             x16, 40(x29!)       x29=10001ed0 x16:4547a16b x29:10001ea8  PA:10001ea8
18019872ns          302080 1c008658 00052803 lw               x16, 0(x10)         x16=40e93c28 x10:1c011150  PA:1c011150
18020190ns          302096 1c00865c 0007a883 lw               x17, 0(x15)         x17=40c4247b x15:1c010b88  PA:1c010b88
18020489ns          302111 1c008660 1106f853 fmul.s           f16, f13, f16       f16=xxxxxxxx f13:4108fc3f f16:40e93c28
18020509ns          302112 1c008664 02852303 lw               x6, 40(x10)          x6=4100f26a x10:1c011150  PA:1c011178
18020807ns          302127 1c008668 0047a383 lw               x7, 4(x15)           x7=40bb9d4f x15:1c010b88  PA:1c010b8c
18021105ns          302142 1c00866c f1187843 fmadd.s          f16, f16, f17, f30  f16=xxxxxxxx f16:42799b8c f17:40c4247b f30:00000000
18021125ns          302143 1c008670 1066f353 fmul.s           f6, f13, f6          f6=xxxxxxxx f13:4108fc3f  f6:4100f26a
18021145ns          302144 1c008674 05052883 lw               x17, 80(x10)        x17=407a5636 x10:1c011150  PA:1c0111a0
18021463ns          302160 1c008678 0087a403 lw               x8, 8(x15)           x8=41196e5d x15:1c010b88  PA:1c010b90
18021762ns          302175 1c00867a 80737343 fmadd.s          f6, f6, f7, f16      f6=xxxxxxxx  f6:4289ffad  f7:40bb9d4f f16:43bf3ea9
18021782ns          302176 1c00867e 1116f8d3 fmul.s           f17, f13, f17       f17=xxxxxxxx f13:4108fc3f f17:407a5636
18021802ns          302177 1c008682 07852803 lw               x16, 120(x10)       x16=40217164 x10:1c011150  PA:1c0111c8
18022100ns          302192 1c008686 00c7a383 lw               x7, 12(x15)          x7=40ae3ac2 x15:1c010b88  PA:1c010b94
18022398ns          302207 1c00868a 3088f8c3 fmadd.s          f17, f17, f8, f6    f17=xxxxxxxx f17:4205f477  f8:41196e5d  f6:4444c1e4
18022418ns          302208 1c00868e 1106f853 fmul.s           f16, f13, f16       f16=xxxxxxxx f13:4108fc3f f16:40217164
18022438ns          302209 1c008692 0a052303 lw               x6, 160(x10)         x6=406e1ac5 x10:1c011150  PA:1c0111f0
18022736ns          302224 1c008696 0107a403 lw               x8, 16(x15)          x8=40ad1860 x15:1c010b88  PA:1c010b98
18023035ns          302239 1c008698 88787843 fmadd.s          f16, f16, f7, f17   f16=xxxxxxxx f16:41acc6a1  f7:40ae3ac2 f17:448a855f
18023055ns          302240 1c00869c 1066f353 fmul.s           f6, f13, f6          f6=xxxxxxxx f13:4108fc3f  f6:406e1ac5
18023075ns          302241 1c0086a0 0c852883 lw               x17, 200(x10)       x17=40fcd407 x10:1c011150  PA:1c011218
18023373ns          302256 1c0086a4 0147a383 lw               x7, 20(x15)          x7=4007d079 x15:1c010b88  PA:1c010b9c
18023671ns          302271 1c0086a8 80837343 fmadd.s          f6, f6, f8, f16      f6=xxxxxxxx  f6:41fed1ab  f8:40ad1860 f16:44993834
18023691ns          302272 1c0086ac 1116f8d3 fmul.s           f17, f13, f17       f17=xxxxxxxx f13:4108fc3f f17:40fcd407
18023711ns          302273 1c0086b0 0f052803 lw               x16, 240(x10)       x16=409f1f64 x10:1c011150  PA:1c011240
18024009ns          302288 1c0086b4 0187a403 lw               x8, 24(x15)          x8=410d9791 x15:1c010b88  PA:1c010ba0
18024308ns          302303 1c0086b6 3078f8c3 fmadd.s          f17, f17, f7, f6    f17=xxxxxxxx f17:428749c3  f7:4007d079  f6:44aec1b2
18024328ns          302304 1c0086ba 1106f853 fmul.s           f16, f13, f16       f16=xxxxxxxx f13:4108fc3f f16:409f1f64
18024348ns          302305 1c0086be 11852303 lw               x6, 280(x10)         x6=411ceb73 x10:1c011150  PA:1c011268
18024646ns          302320 1c0086c2 01c7a383 lw               x7, 28(x15)          x7=40b60664 x15:1c010b88  PA:1c010ba4
18024944ns          302335 1c0086c6 88887843 fmadd.s          f16, f16, f8, f17   f16=xxxxxxxx f16:422a4aee  f8:410d9791 f17:44c0b336
18024964ns          302336 1c0086ca 1066f353 fmul.s           f6, f13, f6          f6=xxxxxxxx f13:4108fc3f  f6:411ceb73
18024984ns          302337 1c0086ce 14052883 lw               x17, 320(x10)       x17=40d4159d x10:1c011150  PA:1c011290
18025282ns          302352 1c0086d2 0207a403 lw               x8, 32(x15)          x8=40fff281 x15:1c010b88  PA:1c010ba8
18025581ns          302367 1c0086d4 80737343 fmadd.s          f6, f6, f7, f16      f6=xxxxxxxx  f6:42a7ef67  f7:40b60664 f16:44efcb42
18025601ns          302368 1c0086d8 1116f8d3 fmul.s           f17, f13, f17       f17=xxxxxxxx f13:4108fc3f f17:40d4159d
18025621ns          302369 1c0086dc 16852803 lw               x16, 360(x10)       x16=3f903bd5 x10:1c011150  PA:1c0112b8
18025919ns          302384 1c0086e0 0247a383 lw               x7, 36(x15)          x7=3deed019 x15:1c010b88  PA:1c010bac
18026217ns          302399 1c0086e4 3088f8c3 fmadd.s          f17, f17, f8, f6    f17=xxxxxxxx f17:4262f8ea  f8:40fff281  f6:4515bfba
18026237ns          302400 1c0086e8 1106f853 fmul.s           f16, f13, f16       f16=xxxxxxxx f13:4108fc3f f16:3f903bd5
18026257ns          302401 1c0086ec 000ea303 lw               x6, 0(x29)           x6=4100909e x29:10001ed0  PA:10001ed0
18026277ns          302402 1c0086f0 02878793 addi             x15, x15, 40        x15=1c010bb0 x15:1c010b88
18026297ns          302403 1c0086f4 88787843 fmadd.s          f16, f16, f7, f17   f16=xxxxxxxx f16:411a5bcf  f7:3deed019 f17:45321d58
18026317ns          302404 1c0086f8 80e37843 fmadd.s          f16, f6, f14, f16   f16=xxxxxxxx  f6:4100909e f14:410568ab f16:45322f58
18026337ns          302405 1c0086fc 030ea42b p.sw             x16, 40(x29!)       x29=10001ef8 x16:45365f53 x29:10001ed0  PA:10001ed0
18026357ns          302406 1c008658 00052803 lw               x16, 0(x10)         x16=40e93c28 x10:1c011150  PA:1c011150
18026655ns          302421 1c00865c 0007a883 lw               x17, 0(x15)         x17=410671ff x15:1c010bb0  PA:1c010bb0
18026953ns          302436 1c008660 1106f853 fmul.s           f16, f13, f16       f16=xxxxxxxx f13:4108fc3f f16:40e93c28
18026973ns          302437 1c008664 02852303 lw               x6, 40(x10)          x6=4100f26a x10:1c011150  PA:1c011178
18027272ns          302452 1c008668 0047a383 lw               x7, 4(x15)           x7=40b8f6e2 x15:1c010bb0  PA:1c010bb4
18027570ns          302467 1c00866c f1187843 fmadd.s          f16, f16, f17, f30  f16=xxxxxxxx f16:42799b8c f17:410671ff f30:00000000
18027590ns          302468 1c008670 1066f353 fmul.s           f6, f13, f6          f6=xxxxxxxx f13:4108fc3f  f6:4100f26a
18027610ns          302469 1c008674 05052883 lw               x17, 80(x10)        x17=407a5636 x10:1c011150  PA:1c0111a0
18027908ns          302484 1c008678 0087a403 lw               x8, 8(x15)           x8=4080fb0c x15:1c010bb0  PA:1c010bb8
18028226ns          302500 1c00867a 80737343 fmadd.s          f6, f6, f7, f16      f6=xxxxxxxx  f6:4289ffad  f7:40b8f6e2 f16:44031692
18028246ns          302501 1c00867e 1116f8d3 fmul.s           f17, f13, f17       f17=xxxxxxxx f13:4108fc3f f17:407a5636
18028266ns          302502 1c008682 07852803 lw               x16, 120(x10)       x16=40217164 x10:1c011150  PA:1c0111c8
18028564ns          302517 1c008686 00c7a383 lw               x7, 12(x15)          x7=40aa66ec x15:1c010bb0  PA:1c010bbc
18028863ns          302532 1c00868a 3088f8c3 fmadd.s          f17, f17, f8, f6    f17=xxxxxxxx f17:4205f477  f8:4080fb0c  f6:4466cb6c
18028883ns          302533 1c00868e 1106f853 fmul.s           f16, f13, f16       f16=xxxxxxxx f13:4108fc3f f16:40217164
18028903ns          302534 1c008692 0a052303 lw               x6, 160(x10)         x6=406e1ac5 x10:1c011150  PA:1c0111f0
18029201ns          302549 1c008696 0107a403 lw               x8, 16(x15)          x8=4114eab4 x15:1c010bb0  PA:1c010bc0
18029519ns          302565 1c008698 88787843 fmadd.s          f16, f16, f7, f17   f16=xxxxxxxx f16:41acc6a1  f7:40aa66ec f17:4484451c
18029539ns          302566 1c00869c 1066f353 fmul.s           f6, f13, f6          f6=xxxxxxxx f13:4108fc3f  f6:406e1ac5
18029559ns          302567 1c0086a0 0c852883 lw               x17, 200(x10)       x17=40fcd407 x10:1c011150  PA:1c011218
18029857ns          302582 1c0086a4 0147a383 lw               x7, 20(x15)          x7=406a57db x15:1c010bb0  PA:1c010bc4
18030156ns          302597 1c0086a8 80837343 fmadd.s          f6, f6, f8, f16      f6=xxxxxxxx  f6:41fed1ab  f8:4114eab4 f16:4492a548
18030176ns          302598 1c0086ac 1116f8d3 fmul.s           f17, f13, f17       f17=xxxxxxxx f13:4108fc3f f17:40fcd407
18030195ns          302599 1c0086b0 0f052803 lw               x16, 240(x10)       x16=409f1f64 x10:1c011150  PA:1c011240
18030494ns          302614 1c0086b4 0187a403 lw               x8, 24(x15)          x8=411a89f7 x15:1c010bb0  PA:1c010bc8
18030812ns          302630 1c0086b6 3078f8c3 fmadd.s          f17, f17, f7, f6    f17=xxxxxxxx f17:428749c3  f7:406a57db  f6:44b7b3fd
18030832ns          302631 1c0086ba 1106f853 fmul.s           f16, f13, f16       f16=xxxxxxxx f13:4108fc3f f16:409f1f64
18030852ns          302632 1c0086be 11852303 lw               x6, 280(x10)         x6=411ceb73 x10:1c011150  PA:1c011268
18031150ns          302647 1c0086c2 01c7a383 lw               x7, 28(x15)          x7=410c9a00 x15:1c010bb0  PA:1c010bcc
18031449ns          302662 1c0086c6 88887843 fmadd.s          f16, f16, f8, f17   f16=xxxxxxxx f16:422a4aee  f8:411a89f7 f17:44d6a9f4
18031468ns          302663 1c0086ca 1066f353 fmul.s           f6, f13, f6          f6=xxxxxxxx f13:4108fc3f  f6:411ceb73
18031488ns          302664 1c0086ce 14052883 lw               x17, 320(x10)       x17=40d4159d x10:1c011150  PA:1c011290
18031787ns          302679 1c0086d2 0207a403 lw               x8, 32(x15)          x8=406ec75b x15:1c010bb0  PA:1c010bd0
18032105ns          302695 1c0086d4 80737343 fmadd.s          f6, f6, f7, f16      f6=xxxxxxxx  f6:42a7ef67  f7:410c9a00 f16:45050830
18032125ns          302696 1c0086d8 1116f8d3 fmul.s           f17, f13, f17       f17=xxxxxxxx f13:4108fc3f f17:40d4159d
18032145ns          302697 1c0086dc 16852803 lw               x16, 360(x10)       x16=3f903bd5 x10:1c011150  PA:1c0112b8
18032443ns          302712 1c0086e0 0247a383 lw               x7, 36(x15)          x7=3f24dd60 x15:1c010bb0  PA:1c010bd4
18032741ns          302727 1c0086e4 3088f8c3 fmadd.s          f17, f17, f8, f6    f17=xxxxxxxx f17:4262f8ea  f8:406ec75b  f6:45332629
18032761ns          302728 1c0086e8 1106f853 fmul.s           f16, f13, f16       f16=xxxxxxxx f13:4108fc3f f16:3f903bd5
18032781ns          302729 1c0086ec 000ea303 lw               x6, 0(x29)           x6=411287f0 x29:10001ef8  PA:10001ef8
18032821ns          302731 1c0086f0 02878793 addi             x15, x15, 40        x15=1c010bd8 x15:1c010bb0
18032841ns          302732 1c0086f4 88787843 fmadd.s          f16, f16, f7, f17   f16=xxxxxxxx f16:411a5bcf  f7:3f24dd60 f17:4540616c
18032861ns          302733 1c0086f8 80e37843 fmadd.s          f16, f6, f14, f16   f16=xxxxxxxx  f6:411287f0 f14:410568ab f16:4540c4d4
18032881ns          302734 1c0086fc 030ea42b p.sw             x16, 40(x29!)       x29=10001f20 x16:45458a9d x29:10001ef8  PA:10001ef8
18032901ns          302735 1c008658 00052803 lw               x16, 0(x10)         x16=40e93c28 x10:1c011150  PA:1c011150
18033219ns          302751 1c00865c 0007a883 lw               x17, 0(x15)         x17=4084e048 x15:1c010bd8  PA:1c010bd8
18033557ns          302768 1c008660 1106f853 fmul.s           f16, f13, f16       f16=xxxxxxxx f13:4108fc3f f16:40e93c28
18033577ns          302769 1c008664 02852303 lw               x6, 40(x10)          x6=4100f26a x10:1c011150  PA:1c011178
18033875ns          302784 1c008668 0047a383 lw               x7, 4(x15)           x7=3fec26a0 x15:1c010bd8  PA:1c010bdc
18034193ns          302800 1c00866c f1187843 fmadd.s          f16, f16, f17, f30  f16=xxxxxxxx f16:42799b8c f17:4084e048 f30:00000000
18034213ns          302801 1c008670 1066f353 fmul.s           f6, f13, f6          f6=xxxxxxxx f13:4108fc3f  f6:4100f26a
18034233ns          302802 1c008674 05052883 lw               x17, 80(x10)        x17=407a5636 x10:1c011150  PA:1c0111a0
18034532ns          302817 1c008678 0087a403 lw               x8, 8(x15)           x8=3ecbcadc x15:1c010bd8  PA:1c010be0
18034850ns          302833 1c00867a 80737343 fmadd.s          f6, f6, f7, f16      f6=xxxxxxxx  f6:4289ffad  f7:3fec26a0 f16:43818ee2
18034870ns          302834 1c00867e 1116f8d3 fmul.s           f17, f13, f17       f17=xxxxxxxx f13:4108fc3f f17:407a5636
18034890ns          302835 1c008682 07852803 lw               x16, 120(x10)       x16=40217164 x10:1c011150  PA:1c0111c8
18035188ns          302850 1c008686 00c7a383 lw               x7, 12(x15)          x7=3fd85ef8 x15:1c010bd8  PA:1c010be4
18035486ns          302865 1c00868a 3088f8c3 fmadd.s          f17, f17, f8, f6    f17=xxxxxxxx f17:4205f477  f8:3ecbcadc  f6:43c13525
18035506ns          302866 1c00868e 1106f853 fmul.s           f16, f13, f16       f16=xxxxxxxx f13:4108fc3f f16:40217164
18035526ns          302867 1c008692 0a052303 lw               x6, 160(x10)         x6=406e1ac5 x10:1c011150  PA:1c0111f0
18035825ns          302882 1c008696 0107a403 lw               x8, 16(x15)          x8=40352655 x15:1c010bd8  PA:1c010be8
18036143ns          302898 1c008698 88787843 fmadd.s          f16, f16, f7, f17   f16=xxxxxxxx f16:41acc6a1  f7:3fd85ef8 f17:43c7df55
18036163ns          302899 1c00869c 1066f353 fmul.s           f6, f13, f6          f6=xxxxxxxx f13:4108fc3f  f6:406e1ac5
18036183ns          302900 1c0086a0 0c852883 lw               x17, 200(x10)       x17=40fcd407 x10:1c011150  PA:1c011218
18036481ns          302915 1c0086a4 0147a383 lw               x7, 20(x15)          x7=410c1943 x15:1c010bd8  PA:1c010bec
18036779ns          302930 1c0086a8 80837343 fmadd.s          f6, f6, f8, f16      f6=xxxxxxxx  f6:41fed1ab  f8:40352655 f16:43da204b
18036799ns          302931 1c0086ac 1116f8d3 fmul.s           f17, f13, f17       f17=xxxxxxxx f13:4108fc3f f17:40fcd407
18036819ns          302932 1c0086b0 0f052803 lw               x16, 240(x10)       x16=409f1f64 x10:1c011150  PA:1c011240
18037117ns          302947 1c0086b4 0187a403 lw               x8, 24(x15)          x8=3f0ca8bf x15:1c010bd8  PA:1c010bf0
18037436ns          302963 1c0086b6 3078f8c3 fmadd.s          f17, f17, f7, f6    f17=xxxxxxxx f17:428749c3  f7:410c1943  f6:44039a32
18037456ns          302964 1c0086ba 1106f853 fmul.s           f16, f13, f16       f16=xxxxxxxx f13:4108fc3f f16:409f1f64
18037475ns          302965 1c0086be 11852303 lw               x6, 280(x10)         x6=411ceb73 x10:1c011150  PA:1c011268
18037774ns          302980 1c0086c2 01c7a383 lw               x7, 28(x15)          x7=4114ea99 x15:1c010bd8  PA:1c010bf4
18038072ns          302995 1c0086c6 88887843 fmadd.s          f16, f16, f8, f17   f16=xxxxxxxx f16:422a4aee  f8:3f0ca8bf f17:448bd6c9
18038092ns          302996 1c0086ca 1066f353 fmul.s           f6, f13, f6          f6=xxxxxxxx f13:4108fc3f  f6:411ceb73
18038112ns          302997 1c0086ce 14052883 lw               x17, 320(x10)       x17=40d4159d x10:1c011150  PA:1c011290
18038410ns          303012 1c0086d2 0207a403 lw               x8, 32(x15)          x8=3f1f6eca x15:1c010bd8  PA:1c010bf8
18038709ns          303027 1c0086d4 80737343 fmadd.s          f6, f6, f7, f16      f6=xxxxxxxx  f6:42a7ef67  f7:4114ea99 f16:448ec353
18038729ns          303028 1c0086d8 1116f8d3 fmul.s           f17, f13, f17       f17=xxxxxxxx f13:4108fc3f f17:40d4159d
18038748ns          303029 1c0086dc 16852803 lw               x16, 360(x10)       x16=3f903bd5 x10:1c011150  PA:1c0112b8
18039047ns          303044 1c0086e0 0247a383 lw               x7, 36(x15)          x7=40aa65bf x15:1c010bd8  PA:1c010bfc
18039345ns          303059 1c0086e4 3088f8c3 fmadd.s          f17, f17, f8, f6    f17=xxxxxxxx f17:4262f8ea  f8:3f1f6eca  f6:44f073a0
18039365ns          303060 1c0086e8 1106f853 fmul.s           f16, f13, f16       f16=xxxxxxxx f13:4108fc3f f16:3f903bd5
18039385ns          303061 1c0086ec 000ea303 lw               x6, 0(x29)           x6=40746979 x29:10001f20  PA:10001f20
18039405ns          303062 1c0086f0 02878793 addi             x15, x15, 40        x15=1c010c00 x15:1c010bd8
18039425ns          303063 1c0086f4 88787843 fmadd.s          f16, f16, f7, f17   f16=xxxxxxxx f16:411a5bcf  f7:40aa65bf f17:44f4de77
18039445ns          303064 1c0086f8 80e37843 fmadd.s          f16, f6, f14, f16   f16=xxxxxxxx  f6:40746979 f14:410568ab f16:44fb4a5c
18039465ns          303065 1c0086fc 030ea42b p.sw             x16, 40(x29!)       x29=10001f48 x16:44ff4552 x29:10001f20  PA:10001f20
18039484ns          303066 1c008658 00052803 lw               x16, 0(x10)         x16=40e93c28 x10:1c011150  PA:1c011150
18039783ns          303081 1c00865c 0007a883 lw               x17, 0(x15)         x17=3fcaa69f x15:1c010c00  PA:1c010c00
18040101ns          303097 1c008660 1106f853 fmul.s           f16, f13, f16       f16=xxxxxxxx f13:4108fc3f f16:40e93c28
18040121ns          303098 1c008664 02852303 lw               x6, 40(x10)          x6=4100f26a x10:1c011150  PA:1c011178
18040419ns          303113 1c008668 0047a383 lw               x7, 4(x15)           x7=406a560e x15:1c010c00  PA:1c010c04
18040718ns          303128 1c00866c f1187843 fmadd.s          f16, f16, f17, f30  f16=xxxxxxxx f16:42799b8c f17:3fcaa69f f30:00000000
18040738ns          303129 1c008670 1066f353 fmul.s           f6, f13, f6          f6=xxxxxxxx f13:4108fc3f  f6:4100f26a
18040757ns          303130 1c008674 05052883 lw               x17, 80(x10)        x17=407a5636 x10:1c011150  PA:1c0111a0
18041056ns          303145 1c008678 0087a403 lw               x8, 8(x15)           x8=40655dec x15:1c010c00  PA:1c010c08
18041354ns          303160 1c00867a 80737343 fmadd.s          f6, f6, f7, f16      f6=xxxxxxxx  f6:4289ffad  f7:406a560e f16:42c59732
18041374ns          303161 1c00867e 1116f8d3 fmul.s           f17, f13, f17       f17=xxxxxxxx f13:4108fc3f f17:407a5636
18041394ns          303162 1c008682 07852803 lw               x16, 120(x10)       x16=40217164 x10:1c011150  PA:1c0111c8
18041692ns          303177 1c008686 00c7a383 lw               x7, 12(x15)          x7=40b6d481 x15:1c010c00  PA:1c010c0c
18041991ns          303192 1c00868a 3088f8c3 fmadd.s          f17, f17, f8, f6    f17=xxxxxxxx f17:4205f477  f8:40655dec  f6:43afb7e4
18042011ns          303193 1c00868e 1106f853 fmul.s           f16, f13, f16       f16=xxxxxxxx f13:4108fc3f f16:40217164
18042030ns          303194 1c008692 0a052303 lw               x6, 160(x10)         x6=406e1ac5 x10:1c011150  PA:1c0111f0
18042329ns          303209 1c008696 0107a403 lw               x8, 16(x15)          x8=3ffab76f x15:1c010c00  PA:1c010c10
18042627ns          303224 1c008698 88787843 fmadd.s          f16, f16, f7, f17   f16=xxxxxxxx f16:41acc6a1  f7:40b6d481 f17:43ebba4e
18042647ns          303225 1c00869c 1066f353 fmul.s           f6, f13, f6          f6=xxxxxxxx f13:4108fc3f  f6:406e1ac5
18042667ns          303226 1c0086a0 0c852883 lw               x17, 200(x10)       x17=40fcd407 x10:1c011150  PA:1c011218
18042965ns          303241 1c0086a4 0147a383 lw               x7, 20(x15)          x7=40abb524 x15:1c010c00  PA:1c010c14
18043264ns          303256 1c0086a8 80837343 fmadd.s          f6, f6, f8, f16      f6=xxxxxxxx  f6:41fed1ab  f8:3ffab76f f16:4414b650
18043284ns          303257 1c0086ac 1116f8d3 fmul.s           f17, f13, f17       f17=xxxxxxxx f13:4108fc3f f17:40fcd407
18043303ns          303258 1c0086b0 0f052803 lw               x16, 240(x10)       x16=409f1f64 x10:1c011150  PA:1c011240
18043602ns          303273 1c0086b4 0187a403 lw               x8, 24(x15)          x8=4086fe8b x15:1c010c00  PA:1c010c18
18043900ns          303288 1c0086b6 3078f8c3 fmadd.s          f17, f17, f7, f6    f17=xxxxxxxx f17:428749c3  f7:40abb524  f6:44244f45
18043920ns          303289 1c0086ba 1106f853 fmul.s           f16, f13, f16       f16=xxxxxxxx f13:4108fc3f f16:409f1f64
18043940ns          303290 1c0086be 11852303 lw               x6, 280(x10)         x6=411ceb73 x10:1c011150  PA:1c011268
18044238ns          303305 1c0086c2 01c7a383 lw               x7, 28(x15)          x7=3fb98a38 x15:1c010c00  PA:1c010c1c
18044537ns          303320 1c0086c6 88887843 fmadd.s          f16, f16, f8, f17   f16=xxxxxxxx f16:422a4aee  f8:4086fe8b f17:447f0d44
18044557ns          303321 1c0086ca 1066f353 fmul.s           f6, f13, f6          f6=xxxxxxxx f13:4108fc3f  f6:411ceb73
18044576ns          303322 1c0086ce 14052883 lw               x17, 320(x10)       x17=40d4159d x10:1c011150  PA:1c011290
18044875ns          303337 1c0086d2 0207a403 lw               x8, 32(x15)          x8=410c6ca0 x15:1c010c00  PA:1c010c20
18045173ns          303352 1c0086d4 80737343 fmadd.s          f6, f6, f7, f16      f6=xxxxxxxx  f6:42a7ef67  f7:3fb98a38 f16:4495f9c5
18045193ns          303353 1c0086d8 1116f8d3 fmul.s           f17, f13, f17       f17=xxxxxxxx f13:4108fc3f f17:40d4159d
18045213ns          303354 1c0086dc 16852803 lw               x16, 360(x10)       x16=3f903bd5 x10:1c011150  PA:1c0112b8
18045531ns          303370 1c0086e0 0247a383 lw               x7, 36(x15)          x7=410e1973 x15:1c010c00  PA:1c010c24
18045830ns          303385 1c0086e4 3088f8c3 fmadd.s          f17, f17, f8, f6    f17=xxxxxxxx f17:4262f8ea  f8:410c6ca0  f6:44a5309b
18045849ns          303386 1c0086e8 1106f853 fmul.s           f16, f13, f16       f16=xxxxxxxx f13:4108fc3f f16:3f903bd5
18045869ns          303387 1c0086ec 000ea303 lw               x6, 0(x29)           x6=40f798ff x29:10001f48  PA:10001f48
18045889ns          303388 1c0086f0 02878793 addi             x15, x15, 40        x15=1c010c28 x15:1c010c00
18045909ns          303389 1c0086f4 88787843 fmadd.s          f16, f16, f7, f17   f16=xxxxxxxx f16:411a5bcf  f7:410e1973 f17:44e370d2
18045929ns          303390 1c0086f8 80e37843 fmadd.s          f16, f6, f14, f16   f16=xxxxxxxx  f6:40f798ff f14:410568ab f16:44ee269b
18045949ns          303391 1c0086fc 030ea42b p.sw             x16, 40(x29!)       x29=10001f70 x16:44f63717 x29:10001f48  PA:10001f48
18045969ns          303392 1c008658 00052803 lw               x16, 0(x10)         x16=40e93c28 x10:1c011150  PA:1c011150
18046267ns          303407 1c00865c 0007a883 lw               x17, 0(x15)         x17=4110e07b x15:1c010c28  PA:1c010c28
18046566ns          303422 1c008660 1106f853 fmul.s           f16, f13, f16       f16=xxxxxxxx f13:4108fc3f f16:40e93c28
18046585ns          303423 1c008664 02852303 lw               x6, 40(x10)          x6=4100f26a x10:1c011150  PA:1c011178
18046884ns          303438 1c008668 0047a383 lw               x7, 4(x15)           x7=406280a9 x15:1c010c28  PA:1c010c2c
18047202ns          303454 1c00866c f1187843 fmadd.s          f16, f16, f17, f30  f16=xxxxxxxx f16:42799b8c f17:4110e07b f30:00000000
18047222ns          303455 1c008670 1066f353 fmul.s           f6, f13, f6          f6=xxxxxxxx f13:4108fc3f  f6:4100f26a
18047242ns          303456 1c008674 05052883 lw               x17, 80(x10)        x17=407a5636 x10:1c011150  PA:1c0111a0
18047540ns          303471 1c008678 0087a403 lw               x8, 8(x15)           x8=403e2622 x15:1c010c28  PA:1c010c30
18047839ns          303486 1c00867a 80737343 fmadd.s          f6, f6, f7, f16      f6=xxxxxxxx  f6:4289ffad  f7:406280a9 f16:440d425f
18047858ns          303487 1c00867e 1116f8d3 fmul.s           f17, f13, f17       f17=xxxxxxxx f13:4108fc3f f17:407a5636
18047878ns          303488 1c008682 07852803 lw               x16, 120(x10)       x16=40217164 x10:1c011150  PA:1c0111c8
18048177ns          303503 1c008686 00c7a383 lw               x7, 12(x15)          x7=4110fa8f x15:1c010c28  PA:1c010c34
18048495ns          303519 1c00868a 3088f8c3 fmadd.s          f17, f17, f8, f6    f17=xxxxxxxx f17:4205f477  f8:403e2622  f6:444a4ee8
18048515ns          303520 1c00868e 1106f853 fmul.s           f16, f13, f16       f16=xxxxxxxx f13:4108fc3f f16:40217164
18048535ns          303521 1c008692 0a052303 lw               x6, 160(x10)         x6=406e1ac5 x10:1c011150  PA:1c0111f0
18048833ns          303536 1c008696 0107a403 lw               x8, 16(x15)          x8=3eac8796 x15:1c010c28  PA:1c010c38
18049131ns          303551 1c008698 88787843 fmadd.s          f16, f16, f7, f17   f16=xxxxxxxx f16:41acc6a1  f7:4110fa8f f17:44632ec1
18049151ns          303552 1c00869c 1066f353 fmul.s           f6, f13, f6          f6=xxxxxxxx f13:4108fc3f  f6:406e1ac5
18049171ns          303553 1c0086a0 0c852883 lw               x17, 200(x10)       x17=40fcd407 x10:1c011150  PA:1c011218
18049489ns          303569 1c0086a4 0147a383 lw               x7, 20(x15)          x7=4114b55f x15:1c010c28  PA:1c010c3c
18049788ns          303584 1c0086a8 80837343 fmadd.s          f6, f6, f8, f16      f6=xxxxxxxx  f6:41fed1ab  f8:3eac8796 f16:448a0d96
18049808ns          303585 1c0086ac 1116f8d3 fmul.s           f17, f13, f17       f17=xxxxxxxx f13:4108fc3f f17:40fcd407
18049828ns          303586 1c0086b0 0f052803 lw               x16, 240(x10)       x16=409f1f64 x10:1c011150  PA:1c011240
18050126ns          303601 1c0086b4 0187a403 lw               x8, 24(x15)          x8=40ef09d6 x15:1c010c28  PA:1c010c40
18050424ns          303616 1c0086b6 3078f8c3 fmadd.s          f17, f17, f7, f6    f17=xxxxxxxx f17:428749c3  f7:4114b55f  f6:448b650e
18050444ns          303617 1c0086ba 1106f853 fmul.s           f16, f13, f16       f16=xxxxxxxx f13:4108fc3f f16:409f1f64
18050464ns          303618 1c0086be 11852303 lw               x6, 280(x10)         x6=411ceb73 x10:1c011150  PA:1c011268
18050782ns          303634 1c0086c2 01c7a383 lw               x7, 28(x15)          x7=3fe0dd39 x15:1c010c28  PA:1c010c44
18051081ns          303649 1c0086c6 88887843 fmadd.s          f16, f16, f8, f17   f16=xxxxxxxx f16:422a4aee  f8:40ef09d6 f17:44d9fb8c
18051101ns          303650 1c0086ca 1066f353 fmul.s           f6, f13, f6          f6=xxxxxxxx f13:4108fc3f  f6:411ceb73
18051121ns          303651 1c0086ce 14052883 lw               x17, 320(x10)       x17=40d4159d x10:1c011150  PA:1c011290
18051419ns          303666 1c0086d2 0207a403 lw               x8, 32(x15)          x8=40e88272 x15:1c010c28  PA:1c010c48
18051717ns          303681 1c0086d4 80737343 fmadd.s          f6, f6, f7, f16      f6=xxxxxxxx  f6:42a7ef67  f7:3fe0dd39 f16:4500de16
18051737ns          303682 1c0086d8 1116f8d3 fmul.s           f17, f13, f17       f17=xxxxxxxx f13:4108fc3f f17:40d4159d
18051757ns          303683 1c0086dc 16852803 lw               x16, 360(x10)       x16=3f903bd5 x10:1c011150  PA:1c0112b8
18052075ns          303699 1c0086e0 0247a383 lw               x7, 36(x15)          x7=40bb64c4 x15:1c010c28  PA:1c010c4c
18052374ns          303714 1c0086e4 3088f8c3 fmadd.s          f17, f17, f8, f6    f17=xxxxxxxx f17:4262f8ea  f8:40e88272  f6:450a1640
18052394ns          303715 1c0086e8 1106f853 fmul.s           f16, f13, f16       f16=xxxxxxxx f13:4108fc3f f16:3f903bd5
18052413ns          303716 1c0086ec 000ea303 lw               x6, 0(x29)           x6=3fe4b534 x29:10001f70  PA:10001f70
18052433ns          303717 1c0086f0 02878793 addi             x15, x15, 40        x15=1c010c50 x15:1c010c28
18052453ns          303718 1c0086f4 88787843 fmadd.s          f16, f16, f7, f17   f16=xxxxxxxx f16:411a5bcf  f7:40bb64c4 f17:4523dae7
18052473ns          303719 1c0086f8 80e37843 fmadd.s          f16, f6, f14, f16   f16=xxxxxxxx  f6:3fe4b534 f14:410568ab f16:452762d6
18052493ns          303720 1c0086fc 030ea42b p.sw             x16, 40(x29!)       x29=10001f98 x16:45285135 x29:10001f70  PA:10001f70
18052513ns          303721 1c008658 00052803 lw               x16, 0(x10)         x16=40e93c28 x10:1c011150  PA:1c011150
18052811ns          303736 1c00865c 0007a883 lw               x17, 0(x15)         x17=3fa36583 x15:1c010c50  PA:1c010c50
18053110ns          303751 1c008660 1106f853 fmul.s           f16, f13, f16       f16=xxxxxxxx f13:4108fc3f f16:40e93c28
18053129ns          303752 1c008664 02852303 lw               x6, 40(x10)          x6=4100f26a x10:1c011150  PA:1c011178
18053448ns          303768 1c008668 0047a383 lw               x7, 4(x15)           x7=4043d5a4 x15:1c010c50  PA:1c010c54
18053746ns          303783 1c00866c f1187843 fmadd.s          f16, f16, f17, f30  f16=xxxxxxxx f16:42799b8c f17:3fa36583 f30:00000000
18053766ns          303784 1c008670 1066f353 fmul.s           f6, f13, f6          f6=xxxxxxxx f13:4108fc3f  f6:4100f26a
18053786ns          303785 1c008674 05052883 lw               x17, 80(x10)        x17=407a5636 x10:1c011150  PA:1c0111a0
18054084ns          303800 1c008678 0087a403 lw               x8, 8(x15)           x8=408dd736 x15:1c010c50  PA:1c010c58
18054383ns          303815 1c00867a 80737343 fmadd.s          f6, f6, f7, f16      f6=xxxxxxxx  f6:4289ffad  f7:4043d5a4 f16:429f5104
18054403ns          303816 1c00867e 1116f8d3 fmul.s           f17, f13, f17       f17=xxxxxxxx f13:4108fc3f f17:407a5636
18054422ns          303817 1c008682 07852803 lw               x16, 120(x10)       x16=40217164 x10:1c011150  PA:1c0111c8
18054741ns          303833 1c008686 00c7a383 lw               x7, 12(x15)          x7=40e32930 x15:1c010c50  PA:1c010c5c
18055039ns          303848 1c00868a 3088f8c3 fmadd.s          f17, f17, f8, f6    f17=xxxxxxxx f17:4205f477  f8:408dd736  f6:4391652c
18055059ns          303849 1c00868e 1106f853 fmul.s           f16, f13, f16       f16=xxxxxxxx f13:4108fc3f f16:40217164
18055079ns          303850 1c008692 0a052303 lw               x6, 160(x10)         x6=406e1ac5 x10:1c011150  PA:1c0111f0
18055377ns          303865 1c008696 0107a403 lw               x8, 16(x15)          x8=4111c963 x15:1c010c50  PA:1c010c60
18055676ns          303880 1c008698 88787843 fmadd.s          f16, f16, f7, f17   f16=xxxxxxxx f16:41acc6a1  f7:40e32930 f17:43db9d6e
18055695ns          303881 1c00869c 1066f353 fmul.s           f6, f13, f6          f6=xxxxxxxx f13:4108fc3f  f6:406e1ac5
18055715ns          303882 1c0086a0 0c852883 lw               x17, 200(x10)       x17=40fcd407 x10:1c011150  PA:1c011218
18056014ns          303897 1c0086a4 0147a383 lw               x7, 20(x15)          x7=411047ed x15:1c010c50  PA:1c010c64
18056312ns          303912 1c0086a8 80837343 fmadd.s          f6, f6, f8, f16      f6=xxxxxxxx  f6:41fed1ab  f8:4111c963 f16:441422b2
18056332ns          303913 1c0086ac 1116f8d3 fmul.s           f17, f13, f17       f17=xxxxxxxx f13:4108fc3f f17:40fcd407
18056352ns          303914 1c0086b0 0f052803 lw               x16, 240(x10)       x16=409f1f64 x10:1c011150  PA:1c011240
18056650ns          303929 1c0086b4 0187a403 lw               x8, 24(x15)          x8=411406fb x15:1c010c50  PA:1c010c68
18056949ns          303944 1c0086b6 3078f8c3 fmadd.s          f17, f17, f7, f6    f17=xxxxxxxx f17:428749c3  f7:411047ed  f6:445cb14e
18056968ns          303945 1c0086ba 1106f853 fmul.s           f16, f13, f16       f16=xxxxxxxx f13:4108fc3f f16:409f1f64
18056988ns          303946 1c0086be 11852303 lw               x6, 280(x10)         x6=411ceb73 x10:1c011150  PA:1c011268
18057287ns          303961 1c0086c2 01c7a383 lw               x7, 28(x15)          x7=40b8491a x15:1c010c50  PA:1c010c6c
18057585ns          303976 1c0086c6 88887843 fmadd.s          f16, f16, f8, f17   f16=xxxxxxxx f16:422a4aee  f8:411406fb f17:44ba9827
18057605ns          303977 1c0086ca 1066f353 fmul.s           f6, f13, f6          f6=xxxxxxxx f13:4108fc3f  f6:411ceb73
18057625ns          303978 1c0086ce 14052883 lw               x17, 320(x10)       x17=40d4159d x10:1c011150  PA:1c011290
18057923ns          303993 1c0086d2 0207a403 lw               x8, 32(x15)          x8=40bdac24 x15:1c010c50  PA:1c010c70
18058222ns          304008 1c0086d4 80737343 fmadd.s          f6, f6, f7, f16      f6=xxxxxxxx  f6:42a7ef67  f7:40b8491a f16:44ebd422
18058241ns          304009 1c0086d8 1116f8d3 fmul.s           f17, f13, f17       f17=xxxxxxxx f13:4108fc3f f17:40d4159d
18058261ns          304010 1c0086dc 16852803 lw               x16, 360(x10)       x16=3f903bd5 x10:1c011150  PA:1c0112b8
18058560ns          304025 1c0086e0 0247a383 lw               x7, 36(x15)          x7=410d85bd x15:1c010c50  PA:1c010c74
18058858ns          304040 1c0086e4 3088f8c3 fmadd.s          f17, f17, f8, f6    f17=xxxxxxxx f17:4262f8ea  f8:40bdac24  f6:45142313
18058878ns          304041 1c0086e8 1106f853 fmul.s           f16, f13, f16       f16=xxxxxxxx f13:4108fc3f f16:3f903bd5
18058898ns          304042 1c0086ec 000ea303 lw               x6, 0(x29)           x6=411cb125 x29:10001f98  PA:10001f98
18058918ns          304043 1c0086f0 02878793 addi             x15, x15, 40        x15=1c010c78 x15:1c010c50
18058938ns          304044 1c0086f4 88787843 fmadd.s          f16, f16, f7, f17   f16=xxxxxxxx f16:411a5bcf  f7:410d85bd f17:4529285f
18058957ns          304045 1c0086f8 80e37843 fmadd.s          f16, f6, f14, f16   f16=xxxxxxxx  f6:411cb125 f14:410568ab f16:452e7db2
18058977ns          304046 1c0086fc 030ea42b p.sw             x16, 40(x29!)       x29=10001fc0 x16:45339834 x29:10001f98  PA:10001f98
18058997ns          304047 1c008658 00052803 lw               x16, 0(x10)         x16=40e93c28 x10:1c011150  PA:1c011150
18059296ns          304062 1c00865c 0007a883 lw               x17, 0(x15)         x17=40cc4569 x15:1c010c78  PA:1c010c78
18059594ns          304077 1c008660 1106f853 fmul.s           f16, f13, f16       f16=xxxxxxxx f13:4108fc3f f16:40e93c28
18059614ns          304078 1c008664 02852303 lw               x6, 40(x10)          x6=4100f26a x10:1c011150  PA:1c011178
18059912ns          304093 1c008668 0047a383 lw               x7, 4(x15)           x7=3fccf10a x15:1c010c78  PA:1c010c7c
18060211ns          304108 1c00866c f1187843 fmadd.s          f16, f16, f17, f30  f16=xxxxxxxx f16:42799b8c f17:40cc4569 f30:00000000
18060230ns          304109 1c008670 1066f353 fmul.s           f6, f13, f6          f6=xxxxxxxx f13:4108fc3f  f6:4100f26a
18060250ns          304110 1c008674 05052883 lw               x17, 80(x10)        x17=407a5636 x10:1c011150  PA:1c0111a0
18060549ns          304125 1c008678 0087a403 lw               x8, 8(x15)           x8=41002690 x15:1c010c78  PA:1c010c80
18060847ns          304140 1c00867a 80737343 fmadd.s          f6, f6, f7, f16      f6=xxxxxxxx  f6:4289ffad  f7:3fccf10a f16:43c72ba1
18060867ns          304141 1c00867e 1116f8d3 fmul.s           f17, f13, f17       f17=xxxxxxxx f13:4108fc3f f17:407a5636
18060887ns          304142 1c008682 07852803 lw               x16, 120(x10)       x16=40217164 x10:1c011150  PA:1c0111c8
18061185ns          304157 1c008686 00c7a383 lw               x7, 12(x15)          x7=4031a08a x15:1c010c78  PA:1c010c84
18061503ns          304173 1c00868a 3088f8c3 fmadd.s          f17, f17, f8, f6    f17=xxxxxxxx f17:4205f477  f8:41002690  f6:43fe6877
18061523ns          304174 1c00868e 1106f853 fmul.s           f16, f13, f16       f16=xxxxxxxx f13:4108fc3f f16:40217164
18061543ns          304175 1c008692 0a052303 lw               x6, 160(x10)         x6=406e1ac5 x10:1c011150  PA:1c0111f0
18061842ns          304190 1c008696 0107a403 lw               x8, 16(x15)          x8=408d5838 x15:1c010c78  PA:1c010c88
18062140ns          304205 1c008698 88787843 fmadd.s          f16, f16, f7, f17   f16=xxxxxxxx f16:41acc6a1  f7:4031a08a f17:444242a5
18062160ns          304206 1c00869c 1066f353 fmul.s           f6, f13, f6          f6=xxxxxxxx f13:4108fc3f  f6:406e1ac5
18062180ns          304207 1c0086a0 0c852883 lw               x17, 200(x10)       x17=40fcd407 x10:1c011150  PA:1c011218
18062478ns          304222 1c0086a4 0147a383 lw               x7, 20(x15)          x7=40866b6c x15:1c010c78  PA:1c010c8c
18062796ns          304238 1c0086a8 80837343 fmadd.s          f6, f6, f8, f16      f6=xxxxxxxx  f6:41fed1ab  f8:408d5838 f16:44513edb
18062816ns          304239 1c0086ac 1116f8d3 fmul.s           f17, f13, f17       f17=xxxxxxxx f13:4108fc3f f17:40fcd407
18062836ns          304240 1c0086b0 0f052803 lw               x16, 240(x10)       x16=409f1f64 x10:1c011150  PA:1c011240
18063135ns          304255 1c0086b4 0187a403 lw               x8, 24(x15)          x8=400fb53c x15:1c010c78  PA:1c010c90
18063433ns          304270 1c0086b6 3078f8c3 fmadd.s          f17, f17, f7, f6    f17=xxxxxxxx f17:428749c3  f7:40866b6c  f6:44746b2e
18063453ns          304271 1c0086ba 1106f853 fmul.s           f16, f13, f16       f16=xxxxxxxx f13:4108fc3f f16:409f1f64
18063473ns          304272 1c0086be 11852303 lw               x6, 280(x10)         x6=411ceb73 x10:1c011150  PA:1c011268
18063771ns          304287 1c0086c2 01c7a383 lw               x7, 28(x15)          x7=40b49c8e x15:1c010c78  PA:1c010c94
18064089ns          304303 1c0086c6 88887843 fmadd.s          f16, f16, f8, f17   f16=xxxxxxxx f16:422a4aee  f8:400fb53c f17:449dba47
18064109ns          304304 1c0086ca 1066f353 fmul.s           f6, f13, f6          f6=xxxxxxxx f13:4108fc3f  f6:411ceb73
18064129ns          304305 1c0086ce 14052883 lw               x17, 320(x10)       x17=40d4159d x10:1c011150  PA:1c011290
18064427ns          304320 1c0086d2 0207a403 lw               x8, 32(x15)          x8=40920122 x15:1c010c78  PA:1c010c98
18064726ns          304335 1c0086d4 80737343 fmadd.s          f6, f6, f7, f16      f6=xxxxxxxx  f6:42a7ef67  f7:40b49c8e f16:44a9ad54
18064746ns          304336 1c0086d8 1116f8d3 fmul.s           f17, f13, f17       f17=xxxxxxxx f13:4108fc3f f17:40d4159d
18064766ns          304337 1c0086dc 16852803 lw               x16, 360(x10)       x16=3f903bd5 x10:1c011150  PA:1c0112b8
18065064ns          304352 1c0086e0 0247a383 lw               x7, 36(x15)          x7=3f91cf6a x15:1c010c78  PA:1c010c9c
18065382ns          304368 1c0086e4 3088f8c3 fmadd.s          f17, f17, f8, f6    f17=xxxxxxxx f17:4262f8ea  f8:40920122  f6:44e4ead8
18065402ns          304369 1c0086e8 1106f853 fmul.s           f16, f13, f16       f16=xxxxxxxx f13:4108fc3f f16:3f903bd5
18065422ns          304370 1c0086ec 000ea303 lw               x6, 0(x29)           x6=40a3bae8 x29:10001fc0  PA:10001fc0
18065442ns          304371 1c0086f0 02878793 addi             x15, x15, 40        x15=1c010ca0 x15:1c010c78
18065462ns          304372 1c0086f4 88787843 fmadd.s          f16, f16, f7, f17   f16=xxxxxxxx f16:411a5bcf  f7:3f91cf6a f17:4502a3cb
18065482ns          304373 1c0086f8 80e37843 fmadd.s          f16, f6, f14, f16   f16=xxxxxxxx  f6:40a3bae8 f14:410568ab f16:450353a1
18065502ns          304374 1c0086fc 030ea42b p.sw             x16, 40(x29!)       x29=10001fe8 x16:4505fe39 x29:10001fc0  PA:10001fc0
18065521ns          304375 1c008700 00460613 addi             x12, x12, 4         x12=10001e5c x12:10001e58
18065541ns          304376 1c008702 00450513 addi             x10, x10, 4         x10=1c011154 x10:1c011150
18065581ns          304378 1c008632 40b28e33 sub              x28, x5, x11        x28=00000190  x5:1c010ca0 x11:1c010b10
18065601ns          304379 1c008636 fd8e0e13 addi             x28, x28, -40       x28=00000168 x28:00000190
18065621ns          304380 1c00863a 0cccd7b7 lui              x15, 0xcccd000      x15=0cccd000
18065641ns          304381 1c00863e ccd78793 addi             x15, x15, -819      x15=0ccccccd x15:0cccd000
18065661ns          304382 1c008642 003e5e13 srli             x28, x28, 0x3       x28=0000002d x28:00000168
18065681ns          304383 1c008646 02fe0e33 mul              x28, x28, x15       x28=40000009 x28:0000002d x15:0ccccccd
18065700ns          304384 1c00864a c5de3e33 p.bclr           x28, x28, 2, 29     x28=00000009 x28:40000009
18065720ns          304385 1c00864e 00b007b3 add              x15, x0, x11        x15=1c010b10 x11:1c010b10
18065740ns          304386 1c008650 00c00eb3 add              x29, x0, x12        x29=10001e5c x12:10001e5c
18065760ns          304387 1c008652 001e0e13 addi             x28, x28, 1         x28=0000000a x28:00000009
18065780ns          304388 1c008654 054e40fb lp.setup         0x1, x28, 0x54      x28:0000000a
18065800ns          304389 1c008658 00052803 lw               x16, 0(x10)         x16=411b5fcc x10:1c011154  PA:1c011154
18066098ns          304404 1c00865c 0007a883 lw               x17, 0(x15)         x17=40cda545 x15:1c010b10  PA:1c010b10
18066397ns          304419 1c008660 1106f853 fmul.s           f16, f13, f16       f16=xxxxxxxx f13:4108fc3f f16:411b5fcc
18066417ns          304420 1c008664 02852303 lw               x6, 40(x10)          x6=40610c3d x10:1c011154  PA:1c01117c
18066735ns          304436 1c008668 0047a383 lw               x7, 4(x15)           x7=40f08a50 x15:1c010b10  PA:1c010b14
18067033ns          304451 1c00866c f1187843 fmadd.s          f16, f16, f17, f30  f16=xxxxxxxx f16:42a647fa f17:40cda545 f30:00000000
18067053ns          304452 1c008670 1066f353 fmul.s           f6, f13, f6          f6=xxxxxxxx f13:4108fc3f  f6:40610c3d
18067073ns          304453 1c008674 05052883 lw               x17, 80(x10)        x17=3fabcdf7 x10:1c011154  PA:1c0111a4
18067371ns          304468 1c008678 0087a403 lw               x8, 8(x15)           x8=41134027 x15:1c010b10  PA:1c010b18
18067670ns          304483 1c00867a 80737343 fmadd.s          f6, f6, f7, f16      f6=xxxxxxxx  f6:41f0d880  f7:40f08a50 f16:440592fc
18067690ns          304484 1c00867e 1116f8d3 fmul.s           f17, f13, f17       f17=xxxxxxxx f13:4108fc3f f17:3fabcdf7
18067709ns          304485 1c008682 07852803 lw               x16, 120(x10)       x16=40bf0bd7 x10:1c011154  PA:1c0111cc
18068028ns          304501 1c008686 00c7a383 lw               x7, 12(x15)          x7=3fc00009 x15:1c010b10  PA:1c010b1c
18068326ns          304516 1c00868a 3088f8c3 fmadd.s          f17, f17, f8, f6    f17=xxxxxxxx f17:4137dd68  f8:41134027  f6:443e2642
18068346ns          304517 1c00868e 1106f853 fmul.s           f16, f13, f16       f16=xxxxxxxx f13:4108fc3f f16:40bf0bd7
18068366ns          304518 1c008692 0a052303 lw               x6, 160(x10)         x6=3fa2ea46 x10:1c011154  PA:1c0111f4
18068664ns          304533 1c008696 0107a403 lw               x8, 16(x15)          x8=41028837 x15:1c010b10  PA:1c010b20
18068963ns          304548 1c008698 88787843 fmadd.s          f16, f16, f7, f17   f16=xxxxxxxx f16:424c7512  f7:3fc00009 f17:445896d0
18068982ns          304549 1c00869c 1066f353 fmul.s           f6, f13, f6          f6=xxxxxxxx f13:4108fc3f  f6:3fa2ea46
18069002ns          304550 1c0086a0 0c852883 lw               x17, 200(x10)       x17=40c76639 x10:1c011154  PA:1c01121c
18069301ns          304565 1c0086a4 0147a383 lw               x7, 20(x15)          x7=40be76b1 x15:1c010b10  PA:1c010b24
18069599ns          304580 1c0086a8 80837343 fmadd.s          f6, f6, f8, f16      f6=xxxxxxxx  f6:412e59f8  f8:41028837 f16:446bc1cb
18069619ns          304581 1c0086ac 1116f8d3 fmul.s           f17, f13, f17       f17=xxxxxxxx f13:4108fc3f f17:40c76639
18069639ns          304582 1c0086b0 0f052803 lw               x16, 240(x10)       x16=40892dee x10:1c011154  PA:1c011244
18069937ns          304597 1c0086b4 0187a403 lw               x8, 24(x15)          x8=410dec9e x15:1c010b10  PA:1c010b28
18070236ns          304612 1c0086b6 3078f8c3 fmadd.s          f17, f17, f7, f6    f17=xxxxxxxx f17:42556590  f7:40be76b1  f6:4480fdb4
18070255ns          304613 1c0086ba 1106f853 fmul.s           f16, f13, f16       f16=xxxxxxxx f13:4108fc3f f16:40892dee
18070275ns          304614 1c0086be 11852303 lw               x6, 280(x10)         x6=40fe421a x10:1c011154  PA:1c01126c
18070574ns          304629 1c0086c2 01c7a383 lw               x7, 28(x15)          x7=407ef751 x15:1c010b10  PA:1c010b2c
18070872ns          304644 1c0086c6 88887843 fmadd.s          f16, f16, f8, f17   f16=xxxxxxxx f16:4212cf23  f8:410dec9e f17:44a8aec8
18070892ns          304645 1c0086ca 1066f353 fmul.s           f6, f13, f6          f6=xxxxxxxx f13:4108fc3f  f6:40fe421a
18070912ns          304646 1c0086ce 14052883 lw               x17, 320(x10)       x17=411ea673 x10:1c011154  PA:1c011294
18071210ns          304661 1c0086d2 0207a403 lw               x8, 32(x15)          x8=40b312ba x15:1c010b10  PA:1c010b30
18071509ns          304676 1c0086d4 80737343 fmadd.s          f6, f6, f7, f16      f6=xxxxxxxx  f6:42880da5  f7:407ef751 f16:44d160ac
18071528ns          304677 1c0086d8 1116f8d3 fmul.s           f17, f13, f17       f17=xxxxxxxx f13:4108fc3f f17:411ea673
18071548ns          304678 1c0086dc 16852803 lw               x16, 360(x10)       x16=411f0665 x10:1c011154  PA:1c0112bc
18071847ns          304693 1c0086e0 0247a383 lw               x7, 36(x15)          x7=4087f7f0 x15:1c010b10  PA:1c010b34
18072165ns          304709 1c0086e4 3088f8c3 fmadd.s          f17, f17, f8, f6    f17=xxxxxxxx f17:42a9c980  f8:40b312ba  f6:44f340ea
18072185ns          304710 1c0086e8 1106f853 fmul.s           f16, f13, f16       f16=xxxxxxxx f13:4108fc3f f16:411f0665
18072205ns          304711 1c0086ec 000ea303 lw               x6, 0(x29)           x6=40cd0977 x29:10001e5c  PA:10001e5c
18072225ns          304712 1c0086f0 02878793 addi             x15, x15, 40        x15=1c010b38 x15:1c010b10
18072245ns          304713 1c0086f4 88787843 fmadd.s          f16, f16, f7, f17   f16=xxxxxxxx f16:42aa302e  f7:4087f7f0 f17:45175189
18072264ns          304714 1c0086f8 80e37843 fmadd.s          f16, f6, f14, f16   f16=xxxxxxxx  f6:40cd0977 f14:410568ab f16:452dea98
18072284ns          304715 1c0086fc 030ea42b p.sw             x16, 40(x29!)       x29=10001e84 x16:45314166 x29:10001e5c  PA:10001e5c
18072304ns          304716 1c008658 00052803 lw               x16, 0(x10)         x16=411b5fcc x10:1c011154  PA:1c011154
18072603ns          304731 1c00865c 0007a883 lw               x17, 0(x15)         x17=40e744fc x15:1c010b38  PA:1c010b38
18072901ns          304746 1c008660 1106f853 fmul.s           f16, f13, f16       f16=xxxxxxxx f13:4108fc3f f16:411b5fcc
18072921ns          304747 1c008664 02852303 lw               x6, 40(x10)          x6=40610c3d x10:1c011154  PA:1c01117c
18073219ns          304762 1c008668 0047a383 lw               x7, 4(x15)           x7=4119cb83 x15:1c010b38  PA:1c010b3c
18073518ns          304777 1c00866c f1187843 fmadd.s          f16, f16, f17, f30  f16=xxxxxxxx f16:42a647fa f17:40e744fc f30:00000000
18073537ns          304778 1c008670 1066f353 fmul.s           f6, f13, f6          f6=xxxxxxxx f13:4108fc3f  f6:40610c3d
18073557ns          304779 1c008674 05052883 lw               x17, 80(x10)        x17=3fabcdf7 x10:1c011154  PA:1c0111a4
18073856ns          304794 1c008678 0087a403 lw               x8, 8(x15)           x8=3fedbab9 x15:1c010b38  PA:1c010b40
18074154ns          304809 1c00867a 80737343 fmadd.s          f6, f6, f7, f16      f6=xxxxxxxx  f6:41f0d880  f7:4119cb83 f16:441637c1
18074174ns          304810 1c00867e 1116f8d3 fmul.s           f17, f13, f17       f17=xxxxxxxx f13:4108fc3f f17:3fabcdf7
18074194ns          304811 1c008682 07852803 lw               x16, 120(x10)       x16=40bf0bd7 x10:1c011154  PA:1c0111cc
18074492ns          304826 1c008686 00c7a383 lw               x7, 12(x15)          x7=3eef5305 x15:1c010b38  PA:1c010b44
18074810ns          304842 1c00868a 3088f8c3 fmadd.s          f17, f17, f8, f6    f17=xxxxxxxx f17:4137dd68  f8:3fedbab9  f6:445e902f
18074830ns          304843 1c00868e 1106f853 fmul.s           f16, f13, f16       f16=xxxxxxxx f13:4108fc3f f16:40bf0bd7
18074850ns          304844 1c008692 0a052303 lw               x6, 160(x10)         x6=3fa2ea46 x10:1c011154  PA:1c0111f4
18075149ns          304859 1c008696 0107a403 lw               x8, 16(x15)          x8=40ad0325 x15:1c010b38  PA:1c010b48
18075447ns          304874 1c008698 88787843 fmadd.s          f16, f16, f7, f17   f16=xxxxxxxx f16:424c7512  f7:3eef5305 f17:4463e620
18075467ns          304875 1c00869c 1066f353 fmul.s           f6, f13, f6          f6=xxxxxxxx f13:4108fc3f  f6:3fa2ea46
18075487ns          304876 1c0086a0 0c852883 lw               x17, 200(x10)       x17=40c76639 x10:1c011154  PA:1c01121c
18075785ns          304891 1c0086a4 0147a383 lw               x7, 20(x15)          x7=3f56fa5e x15:1c010b38  PA:1c010b4c
18076103ns          304907 1c0086a8 80837343 fmadd.s          f6, f6, f8, f16      f6=xxxxxxxx  f6:412e59f8  f8:40ad0325 f16:4469df3d
18076123ns          304908 1c0086ac 1116f8d3 fmul.s           f17, f13, f17       f17=xxxxxxxx f13:4108fc3f f17:40c76639
18076143ns          304909 1c0086b0 0f052803 lw               x16, 240(x10)       x16=40892dee x10:1c011154  PA:1c011244
18076441ns          304924 1c0086b4 0187a403 lw               x8, 24(x15)          x8=407c65f3 x15:1c010b38  PA:1c010b50
18076740ns          304939 1c0086b6 3078f8c3 fmadd.s          f17, f17, f7, f6    f17=xxxxxxxx f17:42556590  f7:3f56fa5e  f6:447899db
18076760ns          304940 1c0086ba 1106f853 fmul.s           f16, f13, f16       f16=xxxxxxxx f13:4108fc3f f16:40892dee
18076780ns          304941 1c0086be 11852303 lw               x6, 280(x10)         x6=40fe421a x10:1c011154  PA:1c01126c
18077078ns          304956 1c0086c2 01c7a383 lw               x7, 28(x15)          x7=410d50e8 x15:1c010b38  PA:1c010b54
18077396ns          304972 1c0086c6 88887843 fmadd.s          f16, f16, f8, f17   f16=xxxxxxxx f16:4212cf23  f8:407c65f3 f17:4481e68a
18077416ns          304973 1c0086ca 1066f353 fmul.s           f6, f13, f6          f6=xxxxxxxx f13:4108fc3f  f6:40fe421a
18077436ns          304974 1c0086ce 14052883 lw               x17, 320(x10)       x17=411ea673 x10:1c011154  PA:1c011294
18077734ns          304989 1c0086d2 0207a403 lw               x8, 32(x15)          x8=410b2aa7 x15:1c010b38  PA:1c010b58
18078033ns          305004 1c0086d4 80737343 fmadd.s          f6, f6, f7, f16      f6=xxxxxxxx  f6:42880da5  f7:410d50e8 f16:4493fe56
18078053ns          305005 1c0086d8 1116f8d3 fmul.s           f17, f13, f17       f17=xxxxxxxx f13:4108fc3f f17:411ea673
18078072ns          305006 1c0086dc 16852803 lw               x16, 360(x10)       x16=411f0665 x10:1c011154  PA:1c0112bc
18078371ns          305021 1c0086e0 0247a383 lw               x7, 36(x15)          x7=40f5b887 x15:1c010b38  PA:1c010b5c
18078689ns          305037 1c0086e4 3088f8c3 fmadd.s          f17, f17, f8, f6    f17=xxxxxxxx f17:42a9c980  f8:410b2aa7  f6:44df18d9
18078709ns          305038 1c0086e8 1106f853 fmul.s           f16, f13, f16       f16=xxxxxxxx f13:4108fc3f f16:411f0665
18078729ns          305039 1c0086ec 000ea303 lw               x6, 0(x29)           x6=411882b9 x29:10001e84  PA:10001e84
18078749ns          305040 1c0086f0 02878793 addi             x15, x15, 40        x15=1c010b60 x15:1c010b38
18078769ns          305041 1c0086f4 88787843 fmadd.s          f16, f16, f7, f17   f16=xxxxxxxx f16:42aa302e  f7:40f5b887 f17:451db2c6
18078789ns          305042 1c0086f8 80e37843 fmadd.s          f16, f6, f14, f16   f16=xxxxxxxx  f6:411882b9 f14:410568ab f16:45468978
18078808ns          305043 1c0086fc 030ea42b p.sw             x16, 40(x29!)       x29=10001eac x16:454b811c x29:10001e84  PA:10001e84
18078828ns          305044 1c008658 00052803 lw               x16, 0(x10)         x16=411b5fcc x10:1c011154  PA:1c011154
18079127ns          305059 1c00865c 0007a883 lw               x17, 0(x15)         x17=408437c5 x15:1c010b60  PA:1c010b60
18079425ns          305074 1c008660 1106f853 fmul.s           f16, f13, f16       f16=xxxxxxxx f13:4108fc3f f16:411b5fcc
18079445ns          305075 1c008664 02852303 lw               x6, 40(x10)          x6=40610c3d x10:1c011154  PA:1c01117c
18079743ns          305090 1c008668 0047a383 lw               x7, 4(x15)           x7=40ed961d x15:1c010b60  PA:1c010b64
18080062ns          305106 1c00866c f1187843 fmadd.s          f16, f16, f17, f30  f16=xxxxxxxx f16:42a647fa f17:408437c5 f30:00000000
18080081ns          305107 1c008670 1066f353 fmul.s           f6, f13, f6          f6=xxxxxxxx f13:4108fc3f  f6:40610c3d
18080101ns          305108 1c008674 05052883 lw               x17, 80(x10)        x17=3fabcdf7 x10:1c011154  PA:1c0111a4
18080400ns          305123 1c008678 0087a403 lw               x8, 8(x15)           x8=410b9643 x15:1c010b60  PA:1c010b68
18080698ns          305138 1c00867a 80737343 fmadd.s          f6, f6, f7, f16      f6=xxxxxxxx  f6:41f0d880  f7:40ed961d f16:43abc2ad
18080718ns          305139 1c00867e 1116f8d3 fmul.s           f17, f13, f17       f17=xxxxxxxx f13:4108fc3f f17:3fabcdf7
18080738ns          305140 1c008682 07852803 lw               x16, 120(x10)       x16=40bf0bd7 x10:1c011154  PA:1c0111cc
18081036ns          305155 1c008686 00c7a383 lw               x7, 12(x15)          x7=3fa0a167 x15:1c010b60  PA:1c010b6c
18081354ns          305171 1c00868a 3088f8c3 fmadd.s          f17, f17, f8, f6    f17=xxxxxxxx f17:4137dd68  f8:410b9643  f6:440dc2c1
18081374ns          305172 1c00868e 1106f853 fmul.s           f16, f13, f16       f16=xxxxxxxx f13:4108fc3f f16:40bf0bd7
18081394ns          305173 1c008692 0a052303 lw               x6, 160(x10)         x6=3fa2ea46 x10:1c011154  PA:1c0111f4
18081693ns          305188 1c008696 0107a403 lw               x8, 16(x15)          x8=411beb61 x15:1c010b60  PA:1c010b70
18081991ns          305203 1c008698 88787843 fmadd.s          f16, f16, f7, f17   f16=xxxxxxxx f16:424c7512  f7:3fa0a167 f17:4426d30a
18082011ns          305204 1c00869c 1066f353 fmul.s           f6, f13, f6          f6=xxxxxxxx f13:4108fc3f  f6:3fa2ea46
18082031ns          305205 1c0086a0 0c852883 lw               x17, 200(x10)       x17=40c76639 x10:1c011154  PA:1c01121c
18082329ns          305220 1c0086a4 0147a383 lw               x7, 20(x15)          x7=40a15457 x15:1c010b60  PA:1c010b74
18082627ns          305235 1c0086a8 80837343 fmadd.s          f6, f6, f8, f16      f6=xxxxxxxx  f6:412e59f8  f8:411beb61 f16:4436dc4c
18082647ns          305236 1c0086ac 1116f8d3 fmul.s           f17, f13, f17       f17=xxxxxxxx f13:4108fc3f f17:40c76639
18082667ns          305237 1c0086b0 0f052803 lw               x16, 240(x10)       x16=40892dee x10:1c011154  PA:1c011244
18082966ns          305252 1c0086b4 0187a403 lw               x8, 24(x15)          x8=40f27469 x15:1c010b60  PA:1c010b78
18083264ns          305267 1c0086b6 3078f8c3 fmadd.s          f17, f17, f7, f6    f17=xxxxxxxx f17:42556590  f7:40a15457  f6:4451687e
18083284ns          305268 1c0086ba 1106f853 fmul.s           f16, f13, f16       f16=xxxxxxxx f13:4108fc3f f16:40892dee
18083304ns          305269 1c0086be 11852303 lw               x6, 280(x10)         x6=40fe421a x10:1c011154  PA:1c01126c
18083602ns          305284 1c0086c2 01c7a383 lw               x7, 28(x15)          x7=40c477c3 x15:1c010b60  PA:1c010b7c
18083900ns          305299 1c0086c6 88887843 fmadd.s          f16, f16, f8, f17   f16=xxxxxxxx f16:4212cf23  f8:40f27469 f17:448a530a
18083920ns          305300 1c0086ca 1066f353 fmul.s           f6, f13, f6          f6=xxxxxxxx f13:4108fc3f  f6:40fe421a
18083940ns          305301 1c0086ce 14052883 lw               x17, 320(x10)       x17=411ea673 x10:1c011154  PA:1c011294
18084239ns          305316 1c0086d2 0207a403 lw               x8, 32(x15)          x8=41175a38 x15:1c010b60  PA:1c010b80
18084537ns          305331 1c0086d4 80737343 fmadd.s          f6, f6, f7, f16      f6=xxxxxxxx  f6:42880da5  f7:40c477c3 f16:44ad15ae
18084557ns          305332 1c0086d8 1116f8d3 fmul.s           f17, f13, f17       f17=xxxxxxxx f13:4108fc3f f17:411ea673
18084577ns          305333 1c0086dc 16852803 lw               x16, 360(x10)       x16=411f0665 x10:1c011154  PA:1c0112bc
18084875ns          305348 1c0086e0 0247a383 lw               x7, 36(x15)          x7=3ff9e780 x15:1c010b60  PA:1c010b84
18085173ns          305363 1c0086e4 3088f8c3 fmadd.s          f17, f17, f8, f6    f17=xxxxxxxx f17:42a9c980  f8:41175a38  f6:44e14aba
18085193ns          305364 1c0086e8 1106f853 fmul.s           f16, f13, f16       f16=xxxxxxxx f13:4108fc3f f16:411f0665
18085213ns          305365 1c0086ec 000ea303 lw               x6, 0(x29)           x6=400d0320 x29:10001eac  PA:10001eac
18085233ns          305366 1c0086f0 02878793 addi             x15, x15, 40        x15=1c010b88 x15:1c010b60
18085253ns          305367 1c0086f4 88787843 fmadd.s          f16, f16, f7, f17   f16=xxxxxxxx f16:42aa302e  f7:3ff9e780 f17:4522d635
18085273ns          305368 1c0086f8 80e37843 fmadd.s          f16, f6, f14, f16   f16=xxxxxxxx  f6:400d0320 f14:410568ab f16:452d3861
18085293ns          305369 1c0086fc 030ea42b p.sw             x16, 40(x29!)       x29=10001ed4 x16:452e5e52 x29:10001eac  PA:10001eac
18085313ns          305370 1c008658 00052803 lw               x16, 0(x10)         x16=411b5fcc x10:1c011154  PA:1c011154
18085611ns          305385 1c00865c 0007a883 lw               x17, 0(x15)         x17=40c4247b x15:1c010b88  PA:1c010b88
18085909ns          305400 1c008660 1106f853 fmul.s           f16, f13, f16       f16=xxxxxxxx f13:4108fc3f f16:411b5fcc
18085929ns          305401 1c008664 02852303 lw               x6, 40(x10)          x6=40610c3d x10:1c011154  PA:1c01117c
18086228ns          305416 1c008668 0047a383 lw               x7, 4(x15)           x7=40bb9d4f x15:1c010b88  PA:1c010b8c
18086526ns          305431 1c00866c f1187843 fmadd.s          f16, f16, f17, f30  f16=xxxxxxxx f16:42a647fa f17:40c4247b f30:00000000
18086546ns          305432 1c008670 1066f353 fmul.s           f6, f13, f6          f6=xxxxxxxx f13:4108fc3f  f6:40610c3d
18086566ns          305433 1c008674 05052883 lw               x17, 80(x10)        x17=3fabcdf7 x10:1c011154  PA:1c0111a4
18086864ns          305448 1c008678 0087a403 lw               x8, 8(x15)           x8=41196e5d x15:1c010b88  PA:1c010b90
18087163ns          305463 1c00867a 80737343 fmadd.s          f6, f6, f7, f16      f6=xxxxxxxx  f6:41f0d880  f7:40bb9d4f f16:43fecd9b
18087182ns          305464 1c00867e 1116f8d3 fmul.s           f17, f13, f17       f17=xxxxxxxx f13:4108fc3f f17:3fabcdf7
18087202ns          305465 1c008682 07852803 lw               x16, 120(x10)       x16=40bf0bd7 x10:1c011154  PA:1c0111cc
18087501ns          305480 1c008686 00c7a383 lw               x7, 12(x15)          x7=40ae3ac2 x15:1c010b88  PA:1c010b94
18087799ns          305495 1c00868a 3088f8c3 fmadd.s          f17, f17, f8, f6    f17=xxxxxxxx f17:4137dd68  f8:41196e5d  f6:442b8757
18087819ns          305496 1c00868e 1106f853 fmul.s           f16, f13, f16       f16=xxxxxxxx f13:4108fc3f f16:40bf0bd7
18087839ns          305497 1c008692 0a052303 lw               x6, 160(x10)         x6=3fa2ea46 x10:1c011154  PA:1c0111f4
18088137ns          305512 1c008696 0107a403 lw               x8, 16(x15)          x8=40ad1860 x15:1c010b88  PA:1c010b98
18088436ns          305527 1c008698 88787843 fmadd.s          f16, f16, f7, f17   f16=xxxxxxxx f16:424c7512  f7:40ae3ac2 f17:444713fd
18088455ns          305528 1c00869c 1066f353 fmul.s           f6, f13, f6          f6=xxxxxxxx f13:4108fc3f  f6:3fa2ea46
18088475ns          305529 1c0086a0 0c852883 lw               x17, 200(x10)       x17=40c76639 x10:1c011154  PA:1c01121c
18088774ns          305544 1c0086a4 0147a383 lw               x7, 20(x15)          x7=4007d079 x15:1c010b88  PA:1c010b9c
18089072ns          305559 1c0086a8 80837343 fmadd.s          f6, f6, f8, f16      f6=xxxxxxxx  f6:412e59f8  f8:40ad1860 f16:4486539e
18089092ns          305560 1c0086ac 1116f8d3 fmul.s           f17, f13, f17       f17=xxxxxxxx f13:4108fc3f f17:40c76639
18089112ns          305561 1c0086b0 0f052803 lw               x16, 240(x10)       x16=40892dee x10:1c011154  PA:1c011244
18089430ns          305577 1c0086b4 0187a403 lw               x8, 24(x15)          x8=410d9791 x15:1c010b88  PA:1c010ba0
18089728ns          305592 1c0086b6 3078f8c3 fmadd.s          f17, f17, f7, f6    f17=xxxxxxxx f17:42556590  f7:4007d079  f6:448db1d4
18089748ns          305593 1c0086ba 1106f853 fmul.s           f16, f13, f16       f16=xxxxxxxx f13:4108fc3f f16:40892dee
18089768ns          305594 1c0086be 11852303 lw               x6, 280(x10)         x6=40fe421a x10:1c011154  PA:1c01126c
18090067ns          305609 1c0086c2 01c7a383 lw               x7, 28(x15)          x7=40b60664 x15:1c010b88  PA:1c010ba4
18090365ns          305624 1c0086c6 88887843 fmadd.s          f16, f16, f8, f17   f16=xxxxxxxx f16:4212cf23  f8:410d9791 f17:449bd89f
18090385ns          305625 1c0086ca 1066f353 fmul.s           f6, f13, f6          f6=xxxxxxxx f13:4108fc3f  f6:40fe421a
18090405ns          305626 1c0086ce 14052883 lw               x17, 320(x10)       x17=411ea673 x10:1c011154  PA:1c011294
18090723ns          305642 1c0086d2 0207a403 lw               x8, 32(x15)          x8=40fff281 x15:1c010b88  PA:1c010ba8
18091021ns          305657 1c0086d4 80737343 fmadd.s          f6, f6, f7, f16      f6=xxxxxxxx  f6:42880da5  f7:40b60664 f16:44c47220
18091041ns          305658 1c0086d8 1116f8d3 fmul.s           f17, f13, f17       f17=xxxxxxxx f13:4108fc3f f17:411ea673
18091061ns          305659 1c0086dc 16852803 lw               x16, 360(x10)       x16=411f0665 x10:1c011154  PA:1c0112bc
18091360ns          305674 1c0086e0 0247a383 lw               x7, 36(x15)          x7=3deed019 x15:1c010b88  PA:1c010bac
18091658ns          305689 1c0086e4 3088f8c3 fmadd.s          f17, f17, f8, f6    f17=xxxxxxxx f17:42a9c980  f8:40fff281  f6:44f4d0ac
18091678ns          305690 1c0086e8 1106f853 fmul.s           f16, f13, f16       f16=xxxxxxxx f13:4108fc3f f16:411f0665
18091698ns          305691 1c0086ec 000ea303 lw               x6, 0(x29)           x6=3fc98ebb x29:10001ed4  PA:10001ed4
18091718ns          305692 1c0086f0 02878793 addi             x15, x15, 40        x15=1c010bb0 x15:1c010b88
18091737ns          305693 1c0086f4 88787843 fmadd.s          f16, f16, f7, f17   f16=xxxxxxxx f16:42aa302e  f7:3deed019 f17:4524d879
18091757ns          305694 1c0086f8 80e37843 fmadd.s          f16, f6, f14, f16   f16=xxxxxxxx  f6:3fc98ebb f14:410568ab f16:4525773c
18091777ns          305695 1c0086fc 030ea42b p.sw             x16, 40(x29!)       x29=10001efc x16:4526494f x29:10001ed4  PA:10001ed4
18091797ns          305696 1c008658 00052803 lw               x16, 0(x10)         x16=411b5fcc x10:1c011154  PA:1c011154
18092115ns          305712 1c00865c 0007a883 lw               x17, 0(x15)         x17=410671ff x15:1c010bb0  PA:1c010bb0
18092414ns          305727 1c008660 1106f853 fmul.s           f16, f13, f16       f16=xxxxxxxx f13:4108fc3f f16:411b5fcc
18092434ns          305728 1c008664 02852303 lw               x6, 40(x10)          x6=40610c3d x10:1c011154  PA:1c01117c
18092732ns          305743 1c008668 0047a383 lw               x7, 4(x15)           x7=40b8f6e2 x15:1c010bb0  PA:1c010bb4
18093030ns          305758 1c00866c f1187843 fmadd.s          f16, f16, f17, f30  f16=xxxxxxxx f16:42a647fa f17:410671ff f30:00000000
18093050ns          305759 1c008670 1066f353 fmul.s           f6, f13, f6          f6=xxxxxxxx f13:4108fc3f  f6:40610c3d
18093070ns          305760 1c008674 05052883 lw               x17, 80(x10)        x17=3fabcdf7 x10:1c011154  PA:1c0111a4
18093388ns          305776 1c008678 0087a403 lw               x8, 8(x15)           x8=4080fb0c x15:1c010bb0  PA:1c010bb8
18093687ns          305791 1c00867a 80737343 fmadd.s          f6, f6, f7, f16      f6=xxxxxxxx  f6:41f0d880  f7:40b8f6e2 f16:442ea771
18093707ns          305792 1c00867e 1116f8d3 fmul.s           f17, f13, f17       f17=xxxxxxxx f13:4108fc3f f17:3fabcdf7
18093727ns          305793 1c008682 07852803 lw               x16, 120(x10)       x16=40bf0bd7 x10:1c011154  PA:1c0111cc
18094025ns          305808 1c008686 00c7a383 lw               x7, 12(x15)          x7=40aa66ec x15:1c010bb0  PA:1c010bbc
18094323ns          305823 1c00868a 3088f8c3 fmadd.s          f17, f17, f8, f6    f17=xxxxxxxx f17:4137dd68  f8:4080fb0c  f6:445a2869
18094343ns          305824 1c00868e 1106f853 fmul.s           f16, f13, f16       f16=xxxxxxxx f13:4108fc3f f16:40bf0bd7
18094363ns          305825 1c008692 0a052303 lw               x6, 160(x10)         x6=3fa2ea46 x10:1c011154  PA:1c0111f4
18094681ns          305841 1c008696 0107a403 lw               x8, 16(x15)          x8=4114eab4 x15:1c010bb0  PA:1c010bc0
18094980ns          305856 1c008698 88787843 fmadd.s          f16, f16, f7, f17   f16=xxxxxxxx f16:424c7512  f7:40aa66ec f17:4465bcc9
18095000ns          305857 1c00869c 1066f353 fmul.s           f6, f13, f6          f6=xxxxxxxx f13:4108fc3f  f6:3fa2ea46
18095019ns          305858 1c0086a0 0c852883 lw               x17, 200(x10)       x17=40c76639 x10:1c011154  PA:1c01121c
18095318ns          305873 1c0086a4 0147a383 lw               x7, 20(x15)          x7=406a57db x15:1c010bb0  PA:1c010bc4
18095616ns          305888 1c0086a8 80837343 fmadd.s          f6, f6, f8, f16      f6=xxxxxxxx  f6:412e59f8  f8:4114eab4 f16:4494e461
18095636ns          305889 1c0086ac 1116f8d3 fmul.s           f17, f13, f17       f17=xxxxxxxx f13:4108fc3f f17:40c76639
18095656ns          305890 1c0086b0 0f052803 lw               x16, 240(x10)       x16=40892dee x10:1c011154  PA:1c011244
18095954ns          305905 1c0086b4 0187a403 lw               x8, 24(x15)          x8=411a89f7 x15:1c010bb0  PA:1c010bc8
18096253ns          305920 1c0086b6 3078f8c3 fmadd.s          f17, f17, f7, f6    f17=xxxxxxxx f17:42556590  f7:406a57db  f6:44a191dd
18096273ns          305921 1c0086ba 1106f853 fmul.s           f16, f13, f16       f16=xxxxxxxx f13:4108fc3f f16:40892dee
18096292ns          305922 1c0086be 11852303 lw               x6, 280(x10)         x6=40fe421a x10:1c011154  PA:1c01126c
18096591ns          305937 1c0086c2 01c7a383 lw               x7, 28(x15)          x7=410c9a00 x15:1c010bb0  PA:1c010bcc
18096889ns          305952 1c0086c6 88887843 fmadd.s          f16, f16, f8, f17   f16=xxxxxxxx f16:4212cf23  f8:411a89f7 f17:44b9fcdf
18096909ns          305953 1c0086ca 1066f353 fmul.s           f6, f13, f6          f6=xxxxxxxx f13:4108fc3f  f6:40fe421a
18096929ns          305954 1c0086ce 14052883 lw               x17, 320(x10)       x17=411ea673 x10:1c011154  PA:1c011294
18097227ns          305969 1c0086d2 0207a403 lw               x8, 32(x15)          x8=406ec75b x15:1c010bb0  PA:1c010bd0
18097526ns          305984 1c0086d4 80737343 fmadd.s          f6, f6, f7, f16      f6=xxxxxxxx  f6:42880da5  f7:410c9a00 f16:44e64cbc
18097546ns          305985 1c0086d8 1116f8d3 fmul.s           f17, f13, f17       f17=xxxxxxxx f13:4108fc3f f17:411ea673
18097565ns          305986 1c0086dc 16852803 lw               x16, 360(x10)       x16=411f0665 x10:1c011154  PA:1c0112bc
18097864ns          306001 1c0086e0 0247a383 lw               x7, 36(x15)          x7=3f24dd60 x15:1c010bb0  PA:1c010bd4
18098162ns          306016 1c0086e4 3088f8c3 fmadd.s          f17, f17, f8, f6    f17=xxxxxxxx f17:42a9c980  f8:406ec75b  f6:45188305
18098182ns          306017 1c0086e8 1106f853 fmul.s           f16, f13, f16       f16=xxxxxxxx f13:4108fc3f f16:411f0665
18098202ns          306018 1c0086ec 000ea303 lw               x6, 0(x29)           x6=4117ee68 x29:10001efc  PA:10001efc
18098222ns          306019 1c0086f0 02878793 addi             x15, x15, 40        x15=1c010bd8 x15:1c010bb0
18098242ns          306020 1c0086f4 88787843 fmadd.s          f16, f16, f7, f17   f16=xxxxxxxx f16:42aa302e  f7:3f24dd60 f17:452c4eb7
18098262ns          306021 1c0086f8 80e37843 fmadd.s          f16, f6, f14, f16   f16=xxxxxxxx  f6:4117ee68 f14:410568ab f16:452fbb87
18098281ns          306022 1c0086fc 030ea42b p.sw             x16, 40(x29!)       x29=10001f24 x16:4534ae57 x29:10001efc  PA:10001efc
18098301ns          306023 1c008658 00052803 lw               x16, 0(x10)         x16=411b5fcc x10:1c011154  PA:1c011154
18098600ns          306038 1c00865c 0007a883 lw               x17, 0(x15)         x17=4084e048 x15:1c010bd8  PA:1c010bd8
18098898ns          306053 1c008660 1106f853 fmul.s           f16, f13, f16       f16=xxxxxxxx f13:4108fc3f f16:411b5fcc
18098918ns          306054 1c008664 02852303 lw               x6, 40(x10)          x6=40610c3d x10:1c011154  PA:1c01117c
18099216ns          306069 1c008668 0047a383 lw               x7, 4(x15)           x7=3fec26a0 x15:1c010bd8  PA:1c010bdc
18099515ns          306084 1c00866c f1187843 fmadd.s          f16, f16, f17, f30  f16=xxxxxxxx f16:42a647fa f17:4084e048 f30:00000000
18099535ns          306085 1c008670 1066f353 fmul.s           f6, f13, f6          f6=xxxxxxxx f13:4108fc3f  f6:40610c3d
18099555ns          306086 1c008674 05052883 lw               x17, 80(x10)        x17=3fabcdf7 x10:1c011154  PA:1c0111a4
18099853ns          306101 1c008678 0087a403 lw               x8, 8(x15)           x8=3ecbcadc x15:1c010bd8  PA:1c010be0
18100151ns          306116 1c00867a 80737343 fmadd.s          f6, f6, f7, f16      f6=xxxxxxxx  f6:41f0d880  f7:3fec26a0 f16:43ac9d95
18100171ns          306117 1c00867e 1116f8d3 fmul.s           f17, f13, f17       f17=xxxxxxxx f13:4108fc3f f17:3fabcdf7
18100191ns          306118 1c008682 07852803 lw               x16, 120(x10)       x16=40bf0bd7 x10:1c011154  PA:1c0111cc
18100489ns          306133 1c008686 00c7a383 lw               x7, 12(x15)          x7=3fd85ef8 x15:1c010bd8  PA:1c010be4
18100788ns          306148 1c00868a 3088f8c3 fmadd.s          f17, f17, f8, f6    f17=xxxxxxxx f17:4137dd68  f8:3ecbcadc  f6:43c86313
18100808ns          306149 1c00868e 1106f853 fmul.s           f16, f13, f16       f16=xxxxxxxx f13:4108fc3f f16:40bf0bd7
18100828ns          306150 1c008692 0a052303 lw               x6, 160(x10)         x6=3fa2ea46 x10:1c011154  PA:1c0111f4
18101126ns          306165 1c008696 0107a403 lw               x8, 16(x15)          x8=40352655 x15:1c010bd8  PA:1c010be8
18101444ns          306181 1c008698 88787843 fmadd.s          f16, f16, f7, f17   f16=xxxxxxxx f16:424c7512  f7:3fd85ef8 f17:43caac8c
18101464ns          306182 1c00869c 1066f353 fmul.s           f6, f13, f6          f6=xxxxxxxx f13:4108fc3f  f6:3fa2ea46
18101484ns          306183 1c0086a0 0c852883 lw               x17, 200(x10)       x17=40c76639 x10:1c011154  PA:1c01121c
18101782ns          306198 1c0086a4 0147a383 lw               x7, 20(x15)          x7=410c1943 x15:1c010bd8  PA:1c010bec
18102081ns          306213 1c0086a8 80837343 fmadd.s          f6, f6, f8, f16      f6=xxxxxxxx  f6:412e59f8  f8:40352655 f16:43f5e034
18102101ns          306214 1c0086ac 1116f8d3 fmul.s           f17, f13, f17       f17=xxxxxxxx f13:4108fc3f f17:40c76639
18102120ns          306215 1c0086b0 0f052803 lw               x16, 240(x10)       x16=40892dee x10:1c011154  PA:1c011244
18102419ns          306230 1c0086b4 0187a403 lw               x8, 24(x15)          x8=3f0ca8bf x15:1c010bd8  PA:1c010bf0
18102737ns          306246 1c0086b6 3078f8c3 fmadd.s          f17, f17, f7, f6    f17=xxxxxxxx f17:42556590  f7:410c1943  f6:4402a615
18102757ns          306247 1c0086ba 1106f853 fmul.s           f16, f13, f16       f16=xxxxxxxx f13:4108fc3f f16:40892dee
18102777ns          306248 1c0086be 11852303 lw               x6, 280(x10)         x6=40fe421a x10:1c011154  PA:1c01126c
18103075ns          306263 1c0086c2 01c7a383 lw               x7, 28(x15)          x7=4114ea99 x15:1c010bd8  PA:1c010bf4
18103374ns          306278 1c0086c6 88887843 fmadd.s          f16, f16, f8, f17   f16=xxxxxxxx f16:4212cf23  f8:3f0ca8bf f17:44776eaf
18103393ns          306279 1c0086ca 1066f353 fmul.s           f6, f13, f6          f6=xxxxxxxx f13:4108fc3f  f6:40fe421a
18103413ns          306280 1c0086ce 14052883 lw               x17, 320(x10)       x17=411ea673 x10:1c011154  PA:1c011294
18103712ns          306295 1c0086d2 0207a403 lw               x8, 32(x15)          x8=3f1f6eca x15:1c010bd8  PA:1c010bf8
18104030ns          306311 1c0086d4 80737343 fmadd.s          f6, f6, f7, f16      f6=xxxxxxxx  f6:42880da5  f7:4114ea99 f16:447c7950
18104050ns          306312 1c0086d8 1116f8d3 fmul.s           f17, f13, f17       f17=xxxxxxxx f13:4108fc3f f17:411ea673
18104070ns          306313 1c0086dc 16852803 lw               x16, 360(x10)       x16=411f0665 x10:1c011154  PA:1c0112bc
18104368ns          306328 1c0086e0 0247a383 lw               x7, 36(x15)          x7=40aa65bf x15:1c010bd8  PA:1c010bfc
18104666ns          306343 1c0086e4 3088f8c3 fmadd.s          f17, f17, f8, f6    f17=xxxxxxxx f17:42a9c980  f8:3f1f6eca  f6:44cd6139
18104686ns          306344 1c0086e8 1106f853 fmul.s           f16, f13, f16       f16=xxxxxxxx f13:4108fc3f f16:411f0665
18104706ns          306345 1c0086ec 000ea303 lw               x6, 0(x29)           x6=408bad3c x29:10001f24  PA:10001f24
18104726ns          306346 1c0086f0 02878793 addi             x15, x15, 40        x15=1c010c00 x15:1c010bd8
18104746ns          306347 1c0086f4 88787843 fmadd.s          f16, f16, f7, f17   f16=xxxxxxxx f16:42aa302e  f7:40aa65bf f17:44d3fd13
18104766ns          306348 1c0086f8 80e37843 fmadd.s          f16, f6, f14, f16   f16=xxxxxxxx  f6:408bad3c f14:410568ab f16:45065072
18104786ns          306349 1c0086fc 030ea42b p.sw             x16, 40(x29!)       x29=10001f4c x16:450896c3 x29:10001f24  PA:10001f24
18104806ns          306350 1c008658 00052803 lw               x16, 0(x10)         x16=411b5fcc x10:1c011154  PA:1c011154
18105104ns          306365 1c00865c 0007a883 lw               x17, 0(x15)         x17=3fcaa69f x15:1c010c00  PA:1c010c00
18105422ns          306381 1c008660 1106f853 fmul.s           f16, f13, f16       f16=xxxxxxxx f13:4108fc3f f16:411b5fcc
18105442ns          306382 1c008664 02852303 lw               x6, 40(x10)          x6=40610c3d x10:1c011154  PA:1c01117c
18105741ns          306397 1c008668 0047a383 lw               x7, 4(x15)           x7=406a560e x15:1c010c00  PA:1c010c04
18106039ns          306412 1c00866c f1187843 fmadd.s          f16, f16, f17, f30  f16=xxxxxxxx f16:42a647fa f17:3fcaa69f f30:00000000
18106059ns          306413 1c008670 1066f353 fmul.s           f6, f13, f6          f6=xxxxxxxx f13:4108fc3f  f6:40610c3d
18106079ns          306414 1c008674 05052883 lw               x17, 80(x10)        x17=3fabcdf7 x10:1c011154  PA:1c0111a4
18106377ns          306429 1c008678 0087a403 lw               x8, 8(x15)           x8=40655dec x15:1c010c00  PA:1c010c08
18106695ns          306445 1c00867a 80737343 fmadd.s          f6, f6, f7, f16      f6=xxxxxxxx  f6:41f0d880  f7:406a560e f16:4303a105
18106715ns          306446 1c00867e 1116f8d3 fmul.s           f17, f13, f17       f17=xxxxxxxx f13:4108fc3f f17:3fabcdf7
18106735ns          306447 1c008682 07852803 lw               x16, 120(x10)       x16=40bf0bd7 x10:1c011154  PA:1c0111cc
18107033ns          306462 1c008686 00c7a383 lw               x7, 12(x15)          x7=40b6d481 x15:1c010c00  PA:1c010c0c
18107332ns          306477 1c00868a 3088f8c3 fmadd.s          f17, f17, f8, f6    f17=xxxxxxxx f17:4137dd68  f8:40655dec  f6:4371dc72
18107352ns          306478 1c00868e 1106f853 fmul.s           f16, f13, f16       f16=xxxxxxxx f13:4108fc3f f16:40bf0bd7
18107372ns          306479 1c008692 0a052303 lw               x6, 160(x10)         x6=3fa2ea46 x10:1c011154  PA:1c0111f4
18107670ns          306494 1c008696 0107a403 lw               x8, 16(x15)          x8=3ffab76f x15:1c010c00  PA:1c010c10
18107988ns          306510 1c008698 88787843 fmadd.s          f16, f16, f7, f17   f16=xxxxxxxx f16:424c7512  f7:40b6d481 f17:438d85c9
18108008ns          306511 1c00869c 1066f353 fmul.s           f6, f13, f6          f6=xxxxxxxx f13:4108fc3f  f6:3fa2ea46
18108028ns          306512 1c0086a0 0c852883 lw               x17, 200(x10)       x17=40c76639 x10:1c011154  PA:1c01121c
18108326ns          306527 1c0086a4 0147a383 lw               x7, 20(x15)          x7=40abb524 x15:1c010c00  PA:1c010c14
18108625ns          306542 1c0086a8 80837343 fmadd.s          f6, f6, f8, f16      f6=xxxxxxxx  f6:412e59f8  f8:3ffab76f f16:440fc55e
18108645ns          306543 1c0086ac 1116f8d3 fmul.s           f17, f13, f17       f17=xxxxxxxx f13:4108fc3f f17:40c76639
18108664ns          306544 1c0086b0 0f052803 lw               x16, 240(x10)       x16=40892dee x10:1c011154  PA:1c011244
18108963ns          306559 1c0086b4 0187a403 lw               x8, 24(x15)          x8=4086fe8b x15:1c010c00  PA:1c010c18
18109261ns          306574 1c0086b6 3078f8c3 fmadd.s          f17, f17, f7, f6    f17=xxxxxxxx f17:42556590  f7:40abb524  f6:44151b64
18109281ns          306575 1c0086ba 1106f853 fmul.s           f16, f13, f16       f16=xxxxxxxx f13:4108fc3f f16:40892dee
18109301ns          306576 1c0086be 11852303 lw               x6, 280(x10)         x6=40fe421a x10:1c011154  PA:1c01126c
18109599ns          306591 1c0086c2 01c7a383 lw               x7, 28(x15)          x7=3fb98a38 x15:1c010c00  PA:1c010c1c
18109898ns          306606 1c0086c6 88887843 fmadd.s          f16, f16, f8, f17   f16=xxxxxxxx f16:4212cf23  f8:4086fe8b f17:445cac4f
18109918ns          306607 1c0086ca 1066f353 fmul.s           f6, f13, f6          f6=xxxxxxxx f13:4108fc3f  f6:40fe421a
18109937ns          306608 1c0086ce 14052883 lw               x17, 320(x10)       x17=411ea673 x10:1c011154  PA:1c011294
18110236ns          306623 1c0086d2 0207a403 lw               x8, 32(x15)          x8=410c6ca0 x15:1c010c00  PA:1c010c20
18110534ns          306638 1c0086d4 80737343 fmadd.s          f6, f6, f7, f16      f6=xxxxxxxx  f6:42880da5  f7:3fb98a38 f16:4481b0c1
18110554ns          306639 1c0086d8 1116f8d3 fmul.s           f17, f13, f17       f17=xxxxxxxx f13:4108fc3f f17:411ea673
18110574ns          306640 1c0086dc 16852803 lw               x16, 360(x10)       x16=411f0665 x10:1c011154  PA:1c0112bc
18110872ns          306655 1c0086e0 0247a383 lw               x7, 36(x15)          x7=410e1973 x15:1c010c00  PA:1c010c24
18111171ns          306670 1c0086e4 3088f8c3 fmadd.s          f17, f17, f8, f6    f17=xxxxxxxx f17:42a9c980  f8:410c6ca0  f6:448e042b
18111191ns          306671 1c0086e8 1106f853 fmul.s           f16, f13, f16       f16=xxxxxxxx f13:4108fc3f f16:411f0665
18111210ns          306672 1c0086ec 000ea303 lw               x6, 0(x29)           x6=40dda986 x29:10001f4c  PA:10001f4c
18111230ns          306673 1c0086f0 02878793 addi             x15, x15, 40        x15=1c010c28 x15:1c010c00
18111250ns          306674 1c0086f4 88787843 fmadd.s          f16, f16, f7, f17   f16=xxxxxxxx f16:42aa302e  f7:410e1973 f17:44eb2668
18111270ns          306675 1c0086f8 80e37843 fmadd.s          f16, f6, f14, f16   f16=xxxxxxxx  f6:40dda986 f14:410568ab f16:4524cf06
18111290ns          306676 1c0086fc 030ea42b p.sw             x16, 40(x29!)       x29=10001f74 x16:45286b24 x29:10001f4c  PA:10001f4c
18111310ns          306677 1c008658 00052803 lw               x16, 0(x10)         x16=411b5fcc x10:1c011154  PA:1c011154
18111608ns          306692 1c00865c 0007a883 lw               x17, 0(x15)         x17=4110e07b x15:1c010c28  PA:1c010c28
18111907ns          306707 1c008660 1106f853 fmul.s           f16, f13, f16       f16=xxxxxxxx f13:4108fc3f f16:411b5fcc
18111927ns          306708 1c008664 02852303 lw               x6, 40(x10)          x6=40610c3d x10:1c011154  PA:1c01117c
18112225ns          306723 1c008668 0047a383 lw               x7, 4(x15)           x7=406280a9 x15:1c010c28  PA:1c010c2c
18112523ns          306738 1c00866c f1187843 fmadd.s          f16, f16, f17, f30  f16=xxxxxxxx f16:42a647fa f17:4110e07b f30:00000000
18112543ns          306739 1c008670 1066f353 fmul.s           f6, f13, f6          f6=xxxxxxxx f13:4108fc3f  f6:40610c3d
18112563ns          306740 1c008674 05052883 lw               x17, 80(x10)        x17=3fabcdf7 x10:1c011154  PA:1c0111a4
18112861ns          306755 1c008678 0087a403 lw               x8, 8(x15)           x8=403e2622 x15:1c010c28  PA:1c010c30
18113160ns          306770 1c00867a 80737343 fmadd.s          f6, f6, f7, f16      f6=xxxxxxxx  f6:41f0d880  f7:406280a9 f16:443c3497
18113180ns          306771 1c00867e 1116f8d3 fmul.s           f17, f13, f17       f17=xxxxxxxx f13:4108fc3f f17:3fabcdf7
18113200ns          306772 1c008682 07852803 lw               x16, 120(x10)       x16=40bf0bd7 x10:1c011154  PA:1c0111cc
18113498ns          306787 1c008686 00c7a383 lw               x7, 12(x15)          x7=4110fa8f x15:1c010c28  PA:1c010c34
18113796ns          306802 1c00868a 3088f8c3 fmadd.s          f17, f17, f8, f6    f17=xxxxxxxx f17:4137dd68  f8:403e2622  f6:4456d79d
18113816ns          306803 1c00868e 1106f853 fmul.s           f16, f13, f16       f16=xxxxxxxx f13:4108fc3f f16:40bf0bd7
18113836ns          306804 1c008692 0a052303 lw               x6, 160(x10)         x6=3fa2ea46 x10:1c011154  PA:1c0111f4
18114134ns          306819 1c008696 0107a403 lw               x8, 16(x15)          x8=3eac8796 x15:1c010c28  PA:1c010c38
18114433ns          306834 1c008698 88787843 fmadd.s          f16, f16, f7, f17   f16=xxxxxxxx f16:424c7512  f7:4110fa8f f17:445f60b8
18114453ns          306835 1c00869c 1066f353 fmul.s           f6, f13, f6          f6=xxxxxxxx f13:4108fc3f  f6:3fa2ea46
18114473ns          306836 1c0086a0 0c852883 lw               x17, 200(x10)       x17=40c76639 x10:1c011154  PA:1c01121c
18114771ns          306851 1c0086a4 0147a383 lw               x7, 20(x15)          x7=4114b55f x15:1c010c28  PA:1c010c3c
18115069ns          306866 1c0086a8 80837343 fmadd.s          f6, f6, f8, f16      f6=xxxxxxxx  f6:412e59f8  f8:3eac8796 f16:44a99557
18115089ns          306867 1c0086ac 1116f8d3 fmul.s           f17, f13, f17       f17=xxxxxxxx f13:4108fc3f f17:40c76639
18115109ns          306868 1c0086b0 0f052803 lw               x16, 240(x10)       x16=40892dee x10:1c011154  PA:1c011244
18115407ns          306883 1c0086b4 0187a403 lw               x8, 24(x15)          x8=40ef09d6 x15:1c010c28  PA:1c010c40
18115706ns          306898 1c0086b6 3078f8c3 fmadd.s          f17, f17, f7, f6    f17=xxxxxxxx f17:42556590  f7:4114b55f  f6:44aa0ad8
18115726ns          306899 1c0086ba 1106f853 fmul.s           f16, f13, f16       f16=xxxxxxxx f13:4108fc3f f16:40892dee
18115746ns          306900 1c0086be 11852303 lw               x6, 280(x10)         x6=40fe421a x10:1c011154  PA:1c01126c
18116064ns          306916 1c0086c2 01c7a383 lw               x7, 28(x15)          x7=3fe0dd39 x15:1c010c28  PA:1c010c44
18116362ns          306931 1c0086c6 88887843 fmadd.s          f16, f16, f8, f17   f16=xxxxxxxx f16:4212cf23  f8:40ef09d6 f17:44e805cc
18116382ns          306932 1c0086ca 1066f353 fmul.s           f6, f13, f6          f6=xxxxxxxx f13:4108fc3f  f6:40fe421a
18116402ns          306933 1c0086ce 14052883 lw               x17, 320(x10)       x17=411ea673 x10:1c011154  PA:1c011294
18116700ns          306948 1c0086d2 0207a403 lw               x8, 32(x15)          x8=40e88272 x15:1c010c28  PA:1c010c48
18116999ns          306963 1c0086d4 80737343 fmadd.s          f6, f6, f7, f16      f6=xxxxxxxx  f6:42880da5  f7:3fe0dd39 f16:45052587
18117019ns          306964 1c0086d8 1116f8d3 fmul.s           f17, f13, f17       f17=xxxxxxxx f13:4108fc3f f17:411ea673
18117038ns          306965 1c0086dc 16852803 lw               x16, 360(x10)       x16=411f0665 x10:1c011154  PA:1c0112bc
18117357ns          306981 1c0086e0 0247a383 lw               x7, 36(x15)          x7=40bb64c4 x15:1c010c28  PA:1c010c4c
18117655ns          306996 1c0086e4 3088f8c3 fmadd.s          f17, f17, f8, f6    f17=xxxxxxxx f17:42a9c980  f8:40e88272  f6:450c9d9f
18117675ns          306997 1c0086e8 1106f853 fmul.s           f16, f13, f16       f16=xxxxxxxx f13:4108fc3f f16:411f0665
18117695ns          306998 1c0086ec 000ea303 lw               x6, 0(x29)           x6=40d8b20c x29:10001f74  PA:10001f74
18117715ns          306999 1c0086f0 02878793 addi             x15, x15, 40        x15=1c010c50 x15:1c010c28
18117735ns          307000 1c0086f4 88787843 fmadd.s          f16, f16, f7, f17   f16=xxxxxxxx f16:42aa302e  f7:40bb64c4 f17:45332ae7
18117755ns          307001 1c0086f8 80e37843 fmadd.s          f16, f6, f14, f16   f16=xxxxxxxx  f6:40d8b20c f14:410568ab f16:45524ff3
18117774ns          307002 1c0086fc 030ea42b p.sw             x16, 40(x29!)       x29=10001f9c x16:4555d75c x29:10001f74  PA:10001f74
18117794ns          307003 1c008658 00052803 lw               x16, 0(x10)         x16=411b5fcc x10:1c011154  PA:1c011154
18118093ns          307018 1c00865c 0007a883 lw               x17, 0(x15)         x17=3fa36583 x15:1c010c50  PA:1c010c50
18118391ns          307033 1c008660 1106f853 fmul.s           f16, f13, f16       f16=xxxxxxxx f13:4108fc3f f16:411b5fcc
18118411ns          307034 1c008664 02852303 lw               x6, 40(x10)          x6=40610c3d x10:1c011154  PA:1c01117c
18118729ns          307050 1c008668 0047a383 lw               x7, 4(x15)           x7=4043d5a4 x15:1c010c50  PA:1c010c54
18119028ns          307065 1c00866c f1187843 fmadd.s          f16, f16, f17, f30  f16=xxxxxxxx f16:42a647fa f17:3fa36583 f30:00000000
18119047ns          307066 1c008670 1066f353 fmul.s           f6, f13, f6          f6=xxxxxxxx f13:4108fc3f  f6:40610c3d
18119067ns          307067 1c008674 05052883 lw               x17, 80(x10)        x17=3fabcdf7 x10:1c011154  PA:1c0111a4
18119366ns          307082 1c008678 0087a403 lw               x8, 8(x15)           x8=408dd736 x15:1c010c50  PA:1c010c58
18119664ns          307097 1c00867a 80737343 fmadd.s          f6, f6, f7, f16      f6=xxxxxxxx  f6:41f0d880  f7:4043d5a4 f16:42d44387
18119684ns          307098 1c00867e 1116f8d3 fmul.s           f17, f13, f17       f17=xxxxxxxx f13:4108fc3f f17:3fabcdf7
18119704ns          307099 1c008682 07852803 lw               x16, 120(x10)       x16=40bf0bd7 x10:1c011154  PA:1c0111cc
18120022ns          307115 1c008686 00c7a383 lw               x7, 12(x15)          x7=40e32930 x15:1c010c50  PA:1c010c5c
18120320ns          307130 1c00868a 3088f8c3 fmadd.s          f17, f17, f8, f6    f17=xxxxxxxx f17:4137dd68  f8:408dd736  f6:434640b7
18120340ns          307131 1c00868e 1106f853 fmul.s           f16, f13, f16       f16=xxxxxxxx f13:4108fc3f f16:40bf0bd7
18120360ns          307132 1c008692 0a052303 lw               x6, 160(x10)         x6=3fa2ea46 x10:1c011154  PA:1c0111f4
18120659ns          307147 1c008696 0107a403 lw               x8, 16(x15)          x8=4111c963 x15:1c010c50  PA:1c010c60
18120957ns          307162 1c008698 88787843 fmadd.s          f16, f16, f7, f17   f16=xxxxxxxx f16:424c7512  f7:40e32930 f17:43793079
18120977ns          307163 1c00869c 1066f353 fmul.s           f6, f13, f6          f6=xxxxxxxx f13:4108fc3f  f6:3fa2ea46
18120997ns          307164 1c0086a0 0c852883 lw               x17, 200(x10)       x17=40c76639 x10:1c011154  PA:1c01121c
18121315ns          307180 1c0086a4 0147a383 lw               x7, 20(x15)          x7=411047ed x15:1c010c50  PA:1c010c64
18121613ns          307195 1c0086a8 80837343 fmadd.s          f6, f6, f8, f16      f6=xxxxxxxx  f6:412e59f8  f8:4111c963 f16:44190278
18121633ns          307196 1c0086ac 1116f8d3 fmul.s           f17, f13, f17       f17=xxxxxxxx f13:4108fc3f f17:40c76639
18121653ns          307197 1c0086b0 0f052803 lw               x16, 240(x10)       x16=40892dee x10:1c011154  PA:1c011244
18121951ns          307212 1c0086b4 0187a403 lw               x8, 24(x15)          x8=411406fb x15:1c010c50  PA:1c010c68
18122250ns          307227 1c0086b6 3078f8c3 fmadd.s          f17, f17, f7, f6    f17=xxxxxxxx f17:42556590  f7:411047ed  f6:4431d4ff
18122270ns          307228 1c0086ba 1106f853 fmul.s           f16, f13, f16       f16=xxxxxxxx f13:4108fc3f f16:40892dee
18122290ns          307229 1c0086be 11852303 lw               x6, 280(x10)         x6=40fe421a x10:1c011154  PA:1c01126c
18122588ns          307244 1c0086c2 01c7a383 lw               x7, 28(x15)          x7=40b8491a x15:1c010c50  PA:1c010c6c
18122886ns          307259 1c0086c6 88887843 fmadd.s          f16, f16, f8, f17   f16=xxxxxxxx f16:4212cf23  f8:411406fb f17:44950d0a
18122906ns          307260 1c0086ca 1066f353 fmul.s           f6, f13, f6          f6=xxxxxxxx f13:4108fc3f  f6:40fe421a
18122926ns          307261 1c0086ce 14052883 lw               x17, 320(x10)       x17=411ea673 x10:1c011154  PA:1c011294
18123225ns          307276 1c0086d2 0207a403 lw               x8, 32(x15)          x8=40bdac24 x15:1c010c50  PA:1c010c70
18123523ns          307291 1c0086d4 80737343 fmadd.s          f6, f6, f7, f16      f6=xxxxxxxx  f6:42880da5  f7:40b8491a f16:44bf7eeb
18123543ns          307292 1c0086d8 1116f8d3 fmul.s           f17, f13, f17       f17=xxxxxxxx f13:4108fc3f f17:411ea673
18123563ns          307293 1c0086dc 16852803 lw               x16, 360(x10)       x16=411f0665 x10:1c011154  PA:1c0112bc
18123861ns          307308 1c0086e0 0247a383 lw               x7, 36(x15)          x7=410d85bd x15:1c010c50  PA:1c010c74
18124159ns          307323 1c0086e4 3088f8c3 fmadd.s          f17, f17, f8, f6    f17=xxxxxxxx f17:42a9c980  f8:40bdac24  f6:44f0773f
18124179ns          307324 1c0086e8 1106f853 fmul.s           f16, f13, f16       f16=xxxxxxxx f13:4108fc3f f16:411f0665
18124199ns          307325 1c0086ec 000ea303 lw               x6, 0(x29)           x6=406558fe x29:10001f9c  PA:10001f9c
18124219ns          307326 1c0086f0 02878793 addi             x15, x15, 40        x15=1c010c78 x15:1c010c50
18124239ns          307327 1c0086f4 88787843 fmadd.s          f16, f16, f7, f17   f16=xxxxxxxx f16:42aa302e  f7:410d85bd f17:4517ae9b
18124259ns          307328 1c0086f8 80e37843 fmadd.s          f16, f6, f14, f16   f16=xxxxxxxx  f6:406558fe f14:410568ab f16:4546b954
18124279ns          307329 1c0086fc 030ea42b p.sw             x16, 40(x29!)       x29=10001fc4 x16:45489768 x29:10001f9c  PA:10001f9c
18124299ns          307330 1c008658 00052803 lw               x16, 0(x10)         x16=411b5fcc x10:1c011154  PA:1c011154
18124597ns          307345 1c00865c 0007a883 lw               x17, 0(x15)         x17=40cc4569 x15:1c010c78  PA:1c010c78
18124895ns          307360 1c008660 1106f853 fmul.s           f16, f13, f16       f16=xxxxxxxx f13:4108fc3f f16:411b5fcc
18124915ns          307361 1c008664 02852303 lw               x6, 40(x10)          x6=40610c3d x10:1c011154  PA:1c01117c
18125214ns          307376 1c008668 0047a383 lw               x7, 4(x15)           x7=3fccf10a x15:1c010c78  PA:1c010c7c
18125512ns          307391 1c00866c f1187843 fmadd.s          f16, f16, f17, f30  f16=xxxxxxxx f16:42a647fa f17:40cc4569 f30:00000000
18125532ns          307392 1c008670 1066f353 fmul.s           f6, f13, f6          f6=xxxxxxxx f13:4108fc3f  f6:40610c3d
18125552ns          307393 1c008674 05052883 lw               x17, 80(x10)        x17=3fabcdf7 x10:1c011154  PA:1c0111a4
18125850ns          307408 1c008678 0087a403 lw               x8, 8(x15)           x8=41002690 x15:1c010c78  PA:1c010c80
18126148ns          307423 1c00867a 80737343 fmadd.s          f6, f6, f7, f16      f6=xxxxxxxx  f6:41f0d880  f7:3fccf10a f16:4404ae71
18126168ns          307424 1c00867e 1116f8d3 fmul.s           f17, f13, f17       f17=xxxxxxxx f13:4108fc3f f17:3fabcdf7
18126188ns          307425 1c008682 07852803 lw               x16, 120(x10)       x16=40bf0bd7 x10:1c011154  PA:1c0111cc
18126487ns          307440 1c008686 00c7a383 lw               x7, 12(x15)          x7=4031a08a x15:1c010c78  PA:1c010c84
18126785ns          307455 1c00868a 3088f8c3 fmadd.s          f17, f17, f8, f6    f17=xxxxxxxx f17:4137dd68  f8:41002690  f6:4410bb66
18126805ns          307456 1c00868e 1106f853 fmul.s           f16, f13, f16       f16=xxxxxxxx f13:4108fc3f f16:40bf0bd7
18126825ns          307457 1c008692 0a052303 lw               x6, 160(x10)         x6=3fa2ea46 x10:1c011154  PA:1c0111f4
18127123ns          307472 1c008696 0107a403 lw               x8, 16(x15)          x8=408d5838 x15:1c010c78  PA:1c010c88
18127421ns          307487 1c008698 88787843 fmadd.s          f16, f16, f7, f17   f16=xxxxxxxx f16:424c7512  f7:4031a08a f17:4427be00
18127441ns          307488 1c00869c 1066f353 fmul.s           f6, f13, f6          f6=xxxxxxxx f13:4108fc3f  f6:3fa2ea46
18127461ns          307489 1c0086a0 0c852883 lw               x17, 200(x10)       x17=40c76639 x10:1c011154  PA:1c01121c
18127760ns          307504 1c0086a4 0147a383 lw               x7, 20(x15)          x7=40866b6c x15:1c010c78  PA:1c010c8c
18128078ns          307520 1c0086a8 80837343 fmadd.s          f6, f6, f8, f16      f6=xxxxxxxx  f6:412e59f8  f8:408d5838 f16:444b354a
18128098ns          307521 1c0086ac 1116f8d3 fmul.s           f17, f13, f17       f17=xxxxxxxx f13:4108fc3f f17:40c76639
18128118ns          307522 1c0086b0 0f052803 lw               x16, 240(x10)       x16=40892dee x10:1c011154  PA:1c011244
18128416ns          307537 1c0086b4 0187a403 lw               x8, 24(x15)          x8=400fb53c x15:1c010c78  PA:1c010c90
18128714ns          307552 1c0086b6 3078f8c3 fmadd.s          f17, f17, f7, f6    f17=xxxxxxxx f17:42556590  f7:40866b6c  f6:44573dbe
18128734ns          307553 1c0086ba 1106f853 fmul.s           f16, f13, f16       f16=xxxxxxxx f13:4108fc3f f16:40892dee
18128754ns          307554 1c0086be 11852303 lw               x6, 280(x10)         x6=40fe421a x10:1c011154  PA:1c01126c
18129052ns          307569 1c0086c2 01c7a383 lw               x7, 28(x15)          x7=40b49c8e x15:1c010c78  PA:1c010c94
18129371ns          307585 1c0086c6 88887843 fmadd.s          f16, f16, f8, f17   f16=xxxxxxxx f16:4212cf23  f8:400fb53c f17:4487a20c
18129391ns          307586 1c0086ca 1066f353 fmul.s           f6, f13, f6          f6=xxxxxxxx f13:4108fc3f  f6:40fe421a
18129411ns          307587 1c0086ce 14052883 lw               x17, 320(x10)       x17=411ea673 x10:1c011154  PA:1c011294
18129709ns          307602 1c0086d2 0207a403 lw               x8, 32(x15)          x8=40920122 x15:1c010c78  PA:1c010c98
18130007ns          307617 1c0086d4 80737343 fmadd.s          f6, f6, f7, f16      f6=xxxxxxxx  f6:42880da5  f7:40b49c8e f16:4491ef40
18130027ns          307618 1c0086d8 1116f8d3 fmul.s           f17, f13, f17       f17=xxxxxxxx f13:4108fc3f f17:411ea673
18130047ns          307619 1c0086dc 16852803 lw               x16, 360(x10)       x16=411f0665 x10:1c011154  PA:1c0112bc
18130345ns          307634 1c0086e0 0247a383 lw               x7, 36(x15)          x7=3f91cf6a x15:1c010c78  PA:1c010c9c
18130664ns          307650 1c0086e4 3088f8c3 fmadd.s          f17, f17, f8, f6    f17=xxxxxxxx f17:42a9c980  f8:40920122  f6:44c1eda6
18130684ns          307651 1c0086e8 1106f853 fmul.s           f16, f13, f16       f16=xxxxxxxx f13:4108fc3f f16:411f0665
18130703ns          307652 1c0086ec 000ea303 lw               x6, 0(x29)           x6=40b48d05 x29:10001fc4  PA:10001fc4
18130723ns          307653 1c0086f0 02878793 addi             x15, x15, 40        x15=1c010ca0 x15:1c010c78
18130743ns          307654 1c0086f4 88787843 fmadd.s          f16, f16, f7, f17   f16=xxxxxxxx f16:42aa302e  f7:3f91cf6a f17:44f2587c
18130763ns          307655 1c0086f8 80e37843 fmadd.s          f16, f6, f14, f16   f16=xxxxxxxx  f6:40b48d05 f14:410568ab f16:44fe7662
18130783ns          307656 1c0086fc 030ea42b p.sw             x16, 40(x29!)       x29=10001fec x16:45022bea x29:10001fc4  PA:10001fc4
18130803ns          307657 1c008700 00460613 addi             x12, x12, 4         x12=10001e60 x12:10001e5c
18130823ns          307658 1c008702 00450513 addi             x10, x10, 4         x10=1c011158 x10:1c011154
18130863ns          307660 1c008632 40b28e33 sub              x28, x5, x11        x28=00000190  x5:1c010ca0 x11:1c010b10
18130882ns          307661 1c008636 fd8e0e13 addi             x28, x28, -40       x28=00000168 x28:00000190
18130902ns          307662 1c00863a 0cccd7b7 lui              x15, 0xcccd000      x15=0cccd000
18130922ns          307663 1c00863e ccd78793 addi             x15, x15, -819      x15=0ccccccd x15:0cccd000
18130942ns          307664 1c008642 003e5e13 srli             x28, x28, 0x3       x28=0000002d x28:00000168
18130962ns          307665 1c008646 02fe0e33 mul              x28, x28, x15       x28=40000009 x28:0000002d x15:0ccccccd
18130982ns          307666 1c00864a c5de3e33 p.bclr           x28, x28, 2, 29     x28=00000009 x28:40000009
18131002ns          307667 1c00864e 00b007b3 add              x15, x0, x11        x15=1c010b10 x11:1c010b10
18131022ns          307668 1c008650 00c00eb3 add              x29, x0, x12        x29=10001e60 x12:10001e60
18131042ns          307669 1c008652 001e0e13 addi             x28, x28, 1         x28=0000000a x28:00000009
18131061ns          307670 1c008654 054e40fb lp.setup         0x1, x28, 0x54      x28:0000000a
18131081ns          307671 1c008658 00052803 lw               x16, 0(x10)         x16=404b895a x10:1c011158  PA:1c011158
18131380ns          307686 1c00865c 0007a883 lw               x17, 0(x15)         x17=40cda545 x15:1c010b10  PA:1c010b10
18131678ns          307701 1c008660 1106f853 fmul.s           f16, f13, f16       f16=xxxxxxxx f13:4108fc3f f16:404b895a
18131698ns          307702 1c008664 02852303 lw               x6, 40(x10)          x6=40d9f826 x10:1c011158  PA:1c011180
18132016ns          307718 1c008668 0047a383 lw               x7, 4(x15)           x7=40f08a50 x15:1c010b10  PA:1c010b14
18132315ns          307733 1c00866c f1187843 fmadd.s          f16, f16, f17, f30  f16=xxxxxxxx f16:41d9d30a f17:40cda545 f30:00000000
18132334ns          307734 1c008670 1066f353 fmul.s           f6, f13, f6          f6=xxxxxxxx f13:4108fc3f  f6:40d9f826
18132354ns          307735 1c008674 05052883 lw               x17, 80(x10)        x17=40e49c33 x10:1c011158  PA:1c0111a8
18132653ns          307750 1c008678 0087a403 lw               x8, 8(x15)           x8=41134027 x15:1c010b10  PA:1c010b18
18132951ns          307765 1c00867a 80737343 fmadd.s          f6, f6, f7, f16      f6=xxxxxxxx  f6:42694534  f7:40f08a50 f16:432efa9f
18132971ns          307766 1c00867e 1116f8d3 fmul.s           f17, f13, f17       f17=xxxxxxxx f13:4108fc3f f17:40e49c33
18132991ns          307767 1c008682 07852803 lw               x16, 120(x10)       x16=40bedce0 x10:1c011158  PA:1c0111d0
18133309ns          307783 1c008686 00c7a383 lw               x7, 12(x15)          x7=3fc00009 x15:1c010b10  PA:1c010b1c
18133607ns          307798 1c00868a 3088f8c3 fmadd.s          f17, f17, f8, f6    f17=xxxxxxxx f17:4274a87a  f8:41134027  f6:4419561c
18133627ns          307799 1c00868e 1106f853 fmul.s           f16, f13, f16       f16=xxxxxxxx f13:4108fc3f f16:40bedce0
18133647ns          307800 1c008692 0a052303 lw               x6, 160(x10)         x6=40e6be81 x10:1c011158  PA:1c0111f8
18133946ns          307815 1c008696 0107a403 lw               x8, 16(x15)          x8=41028837 x15:1c010b10  PA:1c010b20
18134244ns          307830 1c008698 88787843 fmadd.s          f16, f16, f7, f17   f16=xxxxxxxx f16:424c42cf  f7:3fc00009 f17:44930815
18134264ns          307831 1c00869c 1066f353 fmul.s           f6, f13, f6          f6=xxxxxxxx f13:4108fc3f  f6:40e6be81
18134284ns          307832 1c0086a0 0c852883 lw               x17, 200(x10)       x17=40989af6 x10:1c011158  PA:1c011220
18134602ns          307848 1c0086a4 0147a383 lw               x7, 20(x15)          x7=40be76b1 x15:1c010b10  PA:1c010b24
18134900ns          307863 1c0086a8 80837343 fmadd.s          f6, f6, f8, f16      f6=xxxxxxxx  f6:4276f122  f8:41028837 f16:449c9b37
18134920ns          307864 1c0086ac 1116f8d3 fmul.s           f17, f13, f17       f17=xxxxxxxx f13:4108fc3f f17:40989af6
18134940ns          307865 1c0086b0 0f052803 lw               x16, 240(x10)       x16=40b55227 x10:1c011158  PA:1c011248
18135239ns          307880 1c0086b4 0187a403 lw               x8, 24(x15)          x8=410dec9e x15:1c010b10  PA:1c010b28
18135537ns          307895 1c0086b6 3078f8c3 fmadd.s          f17, f17, f7, f6    f17=xxxxxxxx f17:42235162  f7:40be76b1  f6:44db9023
18135557ns          307896 1c0086ba 1106f853 fmul.s           f16, f13, f16       f16=xxxxxxxx f13:4108fc3f f16:40b55227
18135577ns          307897 1c0086be 11852303 lw               x6, 280(x10)         x6=40dd284e x10:1c011158  PA:1c011270
18135875ns          307912 1c0086c2 01c7a383 lw               x7, 28(x15)          x7=407ef751 x15:1c010b10  PA:1c010b2c
18136173ns          307927 1c0086c6 88887843 fmadd.s          f16, f16, f8, f17   f16=xxxxxxxx f16:42420c9c  f8:410dec9e f17:44f9f0ab
18136193ns          307928 1c0086ca 1066f353 fmul.s           f6, f13, f6          f6=xxxxxxxx f13:4108fc3f  f6:40dd284e
18136213ns          307929 1c0086ce 14052883 lw               x17, 320(x10)       x17=40bf6349 x10:1c011158  PA:1c011298
18136512ns          307944 1c0086d2 0207a403 lw               x8, 32(x15)          x8=40b312ba x15:1c010b10  PA:1c010b30
18136810ns          307959 1c0086d4 80737343 fmadd.s          f6, f6, f7, f16      f6=xxxxxxxx  f6:426caea7  f7:407ef751 f16:4517dd69
18136830ns          307960 1c0086d8 1116f8d3 fmul.s           f17, f13, f17       f17=xxxxxxxx f13:4108fc3f f17:40bf6349
18136850ns          307961 1c0086dc 16852803 lw               x16, 360(x10)       x16=3ffdce3c x10:1c011158  PA:1c0112c0
18137148ns          307976 1c0086e0 0247a383 lw               x7, 36(x15)          x7=4087f7f0 x15:1c010b10  PA:1c010b34
18137446ns          307991 1c0086e4 3088f8c3 fmadd.s          f17, f17, f8, f6    f17=xxxxxxxx f17:424cd2a7  f8:40b312ba  f6:45269908
18137466ns          307992 1c0086e8 1106f853 fmul.s           f16, f13, f16       f16=xxxxxxxx f13:4108fc3f f16:3ffdce3c
18137486ns          307993 1c0086ec 000ea303 lw               x6, 0(x29)           x6=40278e80 x29:10001e60  PA:10001e60
18137506ns          307994 1c0086f0 02878793 addi             x15, x15, 40        x15=1c010b38 x15:1c010b10
18137526ns          307995 1c0086f4 88787843 fmadd.s          f16, f16, f7, f17   f16=xxxxxxxx f16:4187cfa5  f7:4087f7f0 f17:453881d1
18137546ns          307996 1c0086f8 80e37843 fmadd.s          f16, f6, f14, f16   f16=xxxxxxxx  f6:40278e80 f14:410568ab f16:453d03f2
18137566ns          307997 1c0086fc 030ea42b p.sw             x16, 40(x29!)       x29=10001e88 x16:453e6138 x29:10001e60  PA:10001e60
18137586ns          307998 1c008658 00052803 lw               x16, 0(x10)         x16=404b895a x10:1c011158  PA:1c011158
18137884ns          308013 1c00865c 0007a883 lw               x17, 0(x15)         x17=40e744fc x15:1c010b38  PA:1c010b38
18138182ns          308028 1c008660 1106f853 fmul.s           f16, f13, f16       f16=xxxxxxxx f13:4108fc3f f16:404b895a
18138202ns          308029 1c008664 02852303 lw               x6, 40(x10)          x6=40d9f826 x10:1c011158  PA:1c011180
18138501ns          308044 1c008668 0047a383 lw               x7, 4(x15)           x7=4119cb83 x15:1c010b38  PA:1c010b3c
18138799ns          308059 1c00866c f1187843 fmadd.s          f16, f16, f17, f30  f16=xxxxxxxx f16:41d9d30a f17:40e744fc f30:00000000
18138819ns          308060 1c008670 1066f353 fmul.s           f6, f13, f6          f6=xxxxxxxx f13:4108fc3f  f6:40d9f826
18138839ns          308061 1c008674 05052883 lw               x17, 80(x10)        x17=40e49c33 x10:1c011158  PA:1c0111a8
18139137ns          308076 1c008678 0087a403 lw               x8, 8(x15)           x8=3fedbab9 x15:1c010b38  PA:1c010b40
18139435ns          308091 1c00867a 80737343 fmadd.s          f6, f6, f7, f16      f6=xxxxxxxx  f6:42694534  f7:4119cb83 f16:4344c821
18139455ns          308092 1c00867e 1116f8d3 fmul.s           f17, f13, f17       f17=xxxxxxxx f13:4108fc3f f17:40e49c33
18139475ns          308093 1c008682 07852803 lw               x16, 120(x10)       x16=40bedce0 x10:1c011158  PA:1c0111d0
18139774ns          308108 1c008686 00c7a383 lw               x7, 12(x15)          x7=3eef5305 x15:1c010b38  PA:1c010b44
18140072ns          308123 1c00868a 3088f8c3 fmadd.s          f17, f17, f8, f6    f17=xxxxxxxx f17:4274a87a  f8:3fedbab9  f6:443d55d6
18140092ns          308124 1c00868e 1106f853 fmul.s           f16, f13, f16       f16=xxxxxxxx f13:4108fc3f f16:40bedce0
18140112ns          308125 1c008692 0a052303 lw               x6, 160(x10)         x6=40e6be81 x10:1c011158  PA:1c0111f8
18140410ns          308140 1c008696 0107a403 lw               x8, 16(x15)          x8=40ad0325 x15:1c010b38  PA:1c010b48
18140708ns          308155 1c008698 88787843 fmadd.s          f16, f16, f7, f17   f16=xxxxxxxx f16:424c42cf  f7:3eef5305 f17:4459bc24
18140728ns          308156 1c00869c 1066f353 fmul.s           f6, f13, f6          f6=xxxxxxxx f13:4108fc3f  f6:40e6be81
18140748ns          308157 1c0086a0 0c852883 lw               x17, 200(x10)       x17=40989af6 x10:1c011158  PA:1c011220
18141047ns          308172 1c0086a4 0147a383 lw               x7, 20(x15)          x7=3f56fa5e x15:1c010b38  PA:1c010b4c
18141365ns          308188 1c0086a8 80837343 fmadd.s          f6, f6, f8, f16      f6=xxxxxxxx  f6:4276f122  f8:40ad0325 f16:445fb3c9
18141385ns          308189 1c0086ac 1116f8d3 fmul.s           f17, f13, f17       f17=xxxxxxxx f13:4108fc3f f17:40989af6
18141405ns          308190 1c0086b0 0f052803 lw               x16, 240(x10)       x16=40b55227 x10:1c011158  PA:1c011248
18141703ns          308205 1c0086b4 0187a403 lw               x8, 24(x15)          x8=407c65f3 x15:1c010b38  PA:1c010b50
18142001ns          308220 1c0086b6 3078f8c3 fmadd.s          f17, f17, f7, f6    f17=xxxxxxxx f17:42235162  f7:3f56fa5e  f6:449992e4
18142021ns          308221 1c0086ba 1106f853 fmul.s           f16, f13, f16       f16=xxxxxxxx f13:4108fc3f f16:40b55227
18142041ns          308222 1c0086be 11852303 lw               x6, 280(x10)         x6=40dd284e x10:1c011158  PA:1c011270
18142340ns          308237 1c0086c2 01c7a383 lw               x7, 28(x15)          x7=410d50e8 x15:1c010b38  PA:1c010b54
18142658ns          308253 1c0086c6 88887843 fmadd.s          f16, f16, f8, f17   f16=xxxxxxxx f16:42420c9c  f8:407c65f3 f17:449ddc12
18142678ns          308254 1c0086ca 1066f353 fmul.s           f6, f13, f6          f6=xxxxxxxx f13:4108fc3f  f6:40dd284e
18142698ns          308255 1c0086ce 14052883 lw               x17, 320(x10)       x17=40bf6349 x10:1c011158  PA:1c011298
18142996ns          308270 1c0086d2 0207a403 lw               x8, 32(x15)          x8=410b2aa7 x15:1c010b38  PA:1c010b58
18143294ns          308285 1c0086d4 80737343 fmadd.s          f6, f6, f7, f16      f6=xxxxxxxx  f6:426caea7  f7:410d50e8 f16:44b5c648
18143314ns          308286 1c0086d8 1116f8d3 fmul.s           f17, f13, f17       f17=xxxxxxxx f13:4108fc3f f17:40bf6349
18143334ns          308287 1c0086dc 16852803 lw               x16, 360(x10)       x16=3ffdce3c x10:1c011158  PA:1c0112c0
18143632ns          308302 1c0086e0 0247a383 lw               x7, 36(x15)          x7=40f5b887 x15:1c010b38  PA:1c010b5c
18143951ns          308318 1c0086e4 3088f8c3 fmadd.s          f17, f17, f8, f6    f17=xxxxxxxx f17:424cd2a7  f8:410b2aa7  f6:44f719c8
18143971ns          308319 1c0086e8 1106f853 fmul.s           f16, f13, f16       f16=xxxxxxxx f13:4108fc3f f16:3ffdce3c
18143990ns          308320 1c0086ec 000ea303 lw               x6, 0(x29)           x6=4100fdbf x29:10001e88  PA:10001e88
18144010ns          308321 1c0086f0 02878793 addi             x15, x15, 40        x15=1c010b60 x15:1c010b38
18144030ns          308322 1c0086f4 88787843 fmadd.s          f16, f16, f7, f17   f16=xxxxxxxx f16:4187cfa5  f7:40f5b887 f17:45176304
18144050ns          308323 1c0086f8 80e37843 fmadd.s          f16, f6, f14, f16   f16=xxxxxxxx  f6:4100fdbf f14:410568ab f16:451f88be
18144070ns          308324 1c0086fc 030ea42b p.sw             x16, 40(x29!)       x29=10001eb0 x16:4523bc47 x29:10001e88  PA:10001e88
18144090ns          308325 1c008658 00052803 lw               x16, 0(x10)         x16=404b895a x10:1c011158  PA:1c011158
18144388ns          308340 1c00865c 0007a883 lw               x17, 0(x15)         x17=408437c5 x15:1c010b60  PA:1c010b60
18144687ns          308355 1c008660 1106f853 fmul.s           f16, f13, f16       f16=xxxxxxxx f13:4108fc3f f16:404b895a
18144707ns          308356 1c008664 02852303 lw               x6, 40(x10)          x6=40d9f826 x10:1c011158  PA:1c011180
18145005ns          308371 1c008668 0047a383 lw               x7, 4(x15)           x7=40ed961d x15:1c010b60  PA:1c010b64
18145323ns          308387 1c00866c f1187843 fmadd.s          f16, f16, f17, f30  f16=xxxxxxxx f16:41d9d30a f17:408437c5 f30:00000000
18145343ns          308388 1c008670 1066f353 fmul.s           f6, f13, f6          f6=xxxxxxxx f13:4108fc3f  f6:40d9f826
18145363ns          308389 1c008674 05052883 lw               x17, 80(x10)        x17=40e49c33 x10:1c011158  PA:1c0111a8
18145661ns          308404 1c008678 0087a403 lw               x8, 8(x15)           x8=410b9643 x15:1c010b60  PA:1c010b68
18145960ns          308419 1c00867a 80737343 fmadd.s          f6, f6, f7, f16      f6=xxxxxxxx  f6:42694534  f7:40ed961d f16:42e1008a
18145980ns          308420 1c00867e 1116f8d3 fmul.s           f17, f13, f17       f17=xxxxxxxx f13:4108fc3f f17:40e49c33
18145999ns          308421 1c008682 07852803 lw               x16, 120(x10)       x16=40bedce0 x10:1c011158  PA:1c0111d0
18146298ns          308436 1c008686 00c7a383 lw               x7, 12(x15)          x7=3fa0a167 x15:1c010b60  PA:1c010b6c
18146616ns          308452 1c00868a 3088f8c3 fmadd.s          f17, f17, f8, f6    f17=xxxxxxxx f17:4274a87a  f8:410b9643  f6:44085efe
18146636ns          308453 1c00868e 1106f853 fmul.s           f16, f13, f16       f16=xxxxxxxx f13:4108fc3f f16:40bedce0
18146656ns          308454 1c008692 0a052303 lw               x6, 160(x10)         x6=40e6be81 x10:1c011158  PA:1c0111f8
18146954ns          308469 1c008696 0107a403 lw               x8, 16(x15)          x8=411beb61 x15:1c010b60  PA:1c010b70
18147253ns          308484 1c008698 88787843 fmadd.s          f16, f16, f7, f17   f16=xxxxxxxx f16:424c42cf  f7:3fa0a167 f17:4486e309
18147272ns          308485 1c00869c 1066f353 fmul.s           f6, f13, f6          f6=xxxxxxxx f13:4108fc3f  f6:40e6be81
18147292ns          308486 1c0086a0 0c852883 lw               x17, 200(x10)       x17=40989af6 x10:1c011158  PA:1c011220
18147591ns          308501 1c0086a4 0147a383 lw               x7, 20(x15)          x7=40a15457 x15:1c010b60  PA:1c010b74
18147889ns          308516 1c0086a8 80837343 fmadd.s          f6, f6, f8, f16      f6=xxxxxxxx  f6:4276f122  f8:411beb61 f16:448ee5b2
18147909ns          308517 1c0086ac 1116f8d3 fmul.s           f17, f13, f17       f17=xxxxxxxx f13:4108fc3f f17:40989af6
18147929ns          308518 1c0086b0 0f052803 lw               x16, 240(x10)       x16=40b55227 x10:1c011158  PA:1c011248
18148227ns          308533 1c0086b4 0187a403 lw               x8, 24(x15)          x8=40f27469 x15:1c010b60  PA:1c010b78
18148526ns          308548 1c0086b6 3078f8c3 fmadd.s          f17, f17, f7, f6    f17=xxxxxxxx f17:42235162  f7:40a15457  f6:44da1938
18148545ns          308549 1c0086ba 1106f853 fmul.s           f16, f13, f16       f16=xxxxxxxx f13:4108fc3f f16:40b55227
18148565ns          308550 1c0086be 11852303 lw               x6, 280(x10)         x6=40dd284e x10:1c011158  PA:1c011270
18148864ns          308565 1c0086c2 01c7a383 lw               x7, 28(x15)          x7=40c477c3 x15:1c010b60  PA:1c010b7c
18149162ns          308580 1c0086c6 88887843 fmadd.s          f16, f16, f8, f17   f16=xxxxxxxx f16:42420c9c  f8:40f27469 f17:44f3d437
18149182ns          308581 1c0086ca 1066f353 fmul.s           f6, f13, f6          f6=xxxxxxxx f13:4108fc3f  f6:40dd284e
18149202ns          308582 1c0086ce 14052883 lw               x17, 320(x10)       x17=40bf6349 x10:1c011158  PA:1c011298
18149500ns          308597 1c0086d2 0207a403 lw               x8, 32(x15)          x8=41175a38 x15:1c010b60  PA:1c010b80
18149799ns          308612 1c0086d4 80737343 fmadd.s          f6, f6, f7, f16      f6=xxxxxxxx  f6:426caea7  f7:40c477c3 f16:4510e321
18149818ns          308613 1c0086d8 1116f8d3 fmul.s           f17, f13, f17       f17=xxxxxxxx f13:4108fc3f f17:40bf6349
18149838ns          308614 1c0086dc 16852803 lw               x16, 360(x10)       x16=3ffdce3c x10:1c011158  PA:1c0112c0
18150137ns          308629 1c0086e0 0247a383 lw               x7, 36(x15)          x7=3ff9e780 x15:1c010b60  PA:1c010b84
18150435ns          308644 1c0086e4 3088f8c3 fmadd.s          f17, f17, f8, f6    f17=xxxxxxxx f17:424cd2a7  f8:41175a38  f6:452797af
18150455ns          308645 1c0086e8 1106f853 fmul.s           f16, f13, f16       f16=xxxxxxxx f13:4108fc3f f16:3ffdce3c
18150475ns          308646 1c0086ec 000ea303 lw               x6, 0(x29)           x6=41069786 x29:10001eb0  PA:10001eb0
18150495ns          308647 1c0086f0 02878793 addi             x15, x15, 40        x15=1c010b88 x15:1c010b60
18150515ns          308648 1c0086f4 88787843 fmadd.s          f16, f16, f7, f17   f16=xxxxxxxx f16:4187cfa5  f7:3ff9e780 f17:4545ddcb
18150535ns          308649 1c0086f8 80e37843 fmadd.s          f16, f6, f14, f16   f16=xxxxxxxx  f6:41069786 f14:410568ab f16:4547f01a
18150554ns          308650 1c0086fc 030ea42b p.sw             x16, 40(x29!)       x29=10001ed8 x16:454c5256 x29:10001eb0  PA:10001eb0
18150574ns          308651 1c008658 00052803 lw               x16, 0(x10)         x16=404b895a x10:1c011158  PA:1c011158
18150873ns          308666 1c00865c 0007a883 lw               x17, 0(x15)         x17=40c4247b x15:1c010b88  PA:1c010b88
18151171ns          308681 1c008660 1106f853 fmul.s           f16, f13, f16       f16=xxxxxxxx f13:4108fc3f f16:404b895a
18151191ns          308682 1c008664 02852303 lw               x6, 40(x10)          x6=40d9f826 x10:1c011158  PA:1c011180
18151489ns          308697 1c008668 0047a383 lw               x7, 4(x15)           x7=40bb9d4f x15:1c010b88  PA:1c010b8c
18151788ns          308712 1c00866c f1187843 fmadd.s          f16, f16, f17, f30  f16=xxxxxxxx f16:41d9d30a f17:40c4247b f30:00000000
18151808ns          308713 1c008670 1066f353 fmul.s           f6, f13, f6          f6=xxxxxxxx f13:4108fc3f  f6:40d9f826
18151827ns          308714 1c008674 05052883 lw               x17, 80(x10)        x17=40e49c33 x10:1c011158  PA:1c0111a8
18152126ns          308729 1c008678 0087a403 lw               x8, 8(x15)           x8=41196e5d x15:1c010b88  PA:1c010b90
18152424ns          308744 1c00867a 80737343 fmadd.s          f6, f6, f7, f16      f6=xxxxxxxx  f6:42694534  f7:40bb9d4f f16:4326e49e
18152444ns          308745 1c00867e 1116f8d3 fmul.s           f17, f13, f17       f17=xxxxxxxx f13:4108fc3f f17:40e49c33
18152464ns          308746 1c008682 07852803 lw               x16, 120(x10)       x16=40bedce0 x10:1c011158  PA:1c0111d0
18152762ns          308761 1c008686 00c7a383 lw               x7, 12(x15)          x7=40ae3ac2 x15:1c010b88  PA:1c010b94
18153061ns          308776 1c00868a 3088f8c3 fmadd.s          f17, f17, f8, f6    f17=xxxxxxxx f17:4274a87a  f8:41196e5d  f6:43fe6733
18153081ns          308777 1c00868e 1106f853 fmul.s           f16, f13, f16       f16=xxxxxxxx f13:4108fc3f f16:40bedce0
18153100ns          308778 1c008692 0a052303 lw               x6, 160(x10)         x6=40e6be81 x10:1c011158  PA:1c0111f8
18153399ns          308793 1c008696 0107a403 lw               x8, 16(x15)          x8=40ad1860 x15:1c010b88  PA:1c010b98
18153697ns          308808 1c008698 88787843 fmadd.s          f16, f16, f7, f17   f16=xxxxxxxx f16:424c42cf  f7:40ae3ac2 f17:4488eae2
18153717ns          308809 1c00869c 1066f353 fmul.s           f6, f13, f6          f6=xxxxxxxx f13:4108fc3f  f6:40e6be81
18153737ns          308810 1c0086a0 0c852883 lw               x17, 200(x10)       x17=40989af6 x10:1c011158  PA:1c011220
18154035ns          308825 1c0086a4 0147a383 lw               x7, 20(x15)          x7=4007d079 x15:1c010b88  PA:1c010b9c
18154334ns          308840 1c0086a8 80837343 fmadd.s          f6, f6, f8, f16      f6=xxxxxxxx  f6:4276f122  f8:40ad1860 f16:44ababf5
18154354ns          308841 1c0086ac 1116f8d3 fmul.s           f17, f13, f17       f17=xxxxxxxx f13:4108fc3f f17:40989af6
18154373ns          308842 1c0086b0 0f052803 lw               x16, 240(x10)       x16=40b55227 x10:1c011158  PA:1c011248
18154692ns          308858 1c0086b4 0187a403 lw               x8, 24(x15)          x8=410d9791 x15:1c010b88  PA:1c010ba0
18154990ns          308873 1c0086b6 3078f8c3 fmadd.s          f17, f17, f7, f6    f17=xxxxxxxx f17:42235162  f7:4007d079  f6:44d56a13
18155010ns          308874 1c0086ba 1106f853 fmul.s           f16, f13, f16       f16=xxxxxxxx f13:4108fc3f f16:40b55227
18155030ns          308875 1c0086be 11852303 lw               x6, 280(x10)         x6=40dd284e x10:1c011158  PA:1c011270
18155328ns          308890 1c0086c2 01c7a383 lw               x7, 28(x15)          x7=40b60664 x15:1c010b88  PA:1c010ba4
18155627ns          308905 1c0086c6 88887843 fmadd.s          f16, f16, f8, f17   f16=xxxxxxxx f16:42420c9c  f8:410d9791 f17:44e03eb0
18155646ns          308906 1c0086ca 1066f353 fmul.s           f6, f13, f6          f6=xxxxxxxx f13:4108fc3f  f6:40dd284e
18155666ns          308907 1c0086ce 14052883 lw               x17, 320(x10)       x17=40bf6349 x10:1c011158  PA:1c011298
18155985ns          308923 1c0086d2 0207a403 lw               x8, 32(x15)          x8=40fff281 x15:1c010b88  PA:1c010ba8
18156283ns          308938 1c0086d4 80737343 fmadd.s          f6, f6, f7, f16      f6=xxxxxxxx  f6:426caea7  f7:40b60664 f16:450af44d
18156303ns          308939 1c0086d8 1116f8d3 fmul.s           f17, f13, f17       f17=xxxxxxxx f13:4108fc3f f17:40bf6349
18156323ns          308940 1c0086dc 16852803 lw               x16, 360(x10)       x16=3ffdce3c x10:1c011158  PA:1c0112c0
18156621ns          308955 1c0086e0 0247a383 lw               x7, 36(x15)          x7=3deed019 x15:1c010b88  PA:1c010bac
18156919ns          308970 1c0086e4 3088f8c3 fmadd.s          f17, f17, f8, f6    f17=xxxxxxxx f17:424cd2a7  f8:40fff281  f6:451ffd8f
18156939ns          308971 1c0086e8 1106f853 fmul.s           f16, f13, f16       f16=xxxxxxxx f13:4108fc3f f16:3ffdce3c
18156959ns          308972 1c0086ec 000ea303 lw               x6, 0(x29)           x6=410bb992 x29:10001ed8  PA:10001ed8
18156979ns          308973 1c0086f0 02878793 addi             x15, x15, 40        x15=1c010bb0 x15:1c010b88
18156999ns          308974 1c0086f4 88787843 fmadd.s          f16, f16, f7, f17   f16=xxxxxxxx f16:4187cfa5  f7:3deed019 f17:4539968a
18157019ns          308975 1c0086f8 80e37843 fmadd.s          f16, f6, f14, f16   f16=xxxxxxxx  f6:410bb992 f14:410568ab f16:4539b636
18157039ns          308976 1c0086fc 030ea42b p.sw             x16, 40(x29!)       x29=10001f00 x16:453e433f x29:10001ed8  PA:10001ed8
18157059ns          308977 1c008658 00052803 lw               x16, 0(x10)         x16=404b895a x10:1c011158  PA:1c011158
18157357ns          308992 1c00865c 0007a883 lw               x17, 0(x15)         x17=410671ff x15:1c010bb0  PA:1c010bb0
18157655ns          309007 1c008660 1106f853 fmul.s           f16, f13, f16       f16=xxxxxxxx f13:4108fc3f f16:404b895a
18157675ns          309008 1c008664 02852303 lw               x6, 40(x10)          x6=40d9f826 x10:1c011158  PA:1c011180
18157974ns          309023 1c008668 0047a383 lw               x7, 4(x15)           x7=40b8f6e2 x15:1c010bb0  PA:1c010bb4
18158272ns          309038 1c00866c f1187843 fmadd.s          f16, f16, f17, f30  f16=xxxxxxxx f16:41d9d30a f17:410671ff f30:00000000
18158292ns          309039 1c008670 1066f353 fmul.s           f6, f13, f6          f6=xxxxxxxx f13:4108fc3f  f6:40d9f826
18158312ns          309040 1c008674 05052883 lw               x17, 80(x10)        x17=40e49c33 x10:1c011158  PA:1c0111a8
18158630ns          309056 1c008678 0087a403 lw               x8, 8(x15)           x8=4080fb0c x15:1c010bb0  PA:1c010bb8
18158928ns          309071 1c00867a 80737343 fmadd.s          f6, f6, f7, f16      f6=xxxxxxxx  f6:42694534  f7:40b8f6e2 f16:4364caed
18158948ns          309072 1c00867e 1116f8d3 fmul.s           f17, f13, f17       f17=xxxxxxxx f13:4108fc3f f17:40e49c33
18158968ns          309073 1c008682 07852803 lw               x16, 120(x10)       x16=40bedce0 x10:1c011158  PA:1c0111d0
18159267ns          309088 1c008686 00c7a383 lw               x7, 12(x15)          x7=40aa66ec x15:1c010bb0  PA:1c010bbc
18159565ns          309103 1c00868a 3088f8c3 fmadd.s          f17, f17, f8, f6    f17=xxxxxxxx f17:4274a87a  f8:4080fb0c  f6:440d7815
18159585ns          309104 1c00868e 1106f853 fmul.s           f16, f13, f16       f16=xxxxxxxx f13:4108fc3f f16:40bedce0
18159605ns          309105 1c008692 0a052303 lw               x6, 160(x10)         x6=40e6be81 x10:1c011158  PA:1c0111f8
18159923ns          309121 1c008696 0107a403 lw               x8, 16(x15)          x8=4114eab4 x15:1c010bb0  PA:1c010bc0
18160221ns          309136 1c008698 88787843 fmadd.s          f16, f16, f7, f17   f16=xxxxxxxx f16:424c42cf  f7:40aa66ec f17:444b1a2a
18160241ns          309137 1c00869c 1066f353 fmul.s           f6, f13, f6          f6=xxxxxxxx f13:4108fc3f  f6:40e6be81
18160261ns          309138 1c0086a0 0c852883 lw               x17, 200(x10)       x17=40989af6 x10:1c011158  PA:1c011220
18160559ns          309153 1c0086a4 0147a383 lw               x7, 20(x15)          x7=406a57db x15:1c010bb0  PA:1c010bc4
18160858ns          309168 1c0086a8 80837343 fmadd.s          f6, f6, f8, f16      f6=xxxxxxxx  f6:4276f122  f8:4114eab4 f16:44878ab4
18160878ns          309169 1c0086ac 1116f8d3 fmul.s           f17, f13, f17       f17=xxxxxxxx f13:4108fc3f f17:40989af6
18160898ns          309170 1c0086b0 0f052803 lw               x16, 240(x10)       x16=40b55227 x10:1c011158  PA:1c011248
18161196ns          309185 1c0086b4 0187a403 lw               x8, 24(x15)          x8=411a89f7 x15:1c010bb0  PA:1c010bc8
18161494ns          309200 1c0086b6 3078f8c3 fmadd.s          f17, f17, f7, f6    f17=xxxxxxxx f17:42235162  f7:406a57db  f6:44cf5d9b
18161514ns          309201 1c0086ba 1106f853 fmul.s           f16, f13, f16       f16=xxxxxxxx f13:4108fc3f f16:40b55227
18161534ns          309202 1c0086be 11852303 lw               x6, 280(x10)         x6=40dd284e x10:1c011158  PA:1c011270
18161832ns          309217 1c0086c2 01c7a383 lw               x7, 28(x15)          x7=410c9a00 x15:1c010bb0  PA:1c010bcc
18162131ns          309232 1c0086c6 88887843 fmadd.s          f16, f16, f8, f17   f16=xxxxxxxx f16:42420c9c  f8:411a89f7 f17:44e20da9
18162151ns          309233 1c0086ca 1066f353 fmul.s           f6, f13, f6          f6=xxxxxxxx f13:4108fc3f  f6:40dd284e
18162171ns          309234 1c0086ce 14052883 lw               x17, 320(x10)       x17=40bf6349 x10:1c011158  PA:1c011298
18162469ns          309249 1c0086d2 0207a403 lw               x8, 32(x15)          x8=406ec75b x15:1c010bb0  PA:1c010bd0
18162767ns          309264 1c0086d4 80737343 fmadd.s          f6, f6, f7, f16      f6=xxxxxxxx  f6:426caea7  f7:410c9a00 f16:450e4fdf
18162787ns          309265 1c0086d8 1116f8d3 fmul.s           f17, f13, f17       f17=xxxxxxxx f13:4108fc3f f17:40bf6349
18162807ns          309266 1c0086dc 16852803 lw               x16, 360(x10)       x16=3ffdce3c x10:1c011158  PA:1c0112c0
18163105ns          309281 1c0086e0 0247a383 lw               x7, 36(x15)          x7=3f24dd60 x15:1c010bb0  PA:1c010bd4
18163404ns          309296 1c0086e4 3088f8c3 fmadd.s          f17, f17, f8, f6    f17=xxxxxxxx f17:424cd2a7  f8:406ec75b  f6:452ecf58
18163424ns          309297 1c0086e8 1106f853 fmul.s           f16, f13, f16       f16=xxxxxxxx f13:4108fc3f f16:3ffdce3c
18163444ns          309298 1c0086ec 000ea303 lw               x6, 0(x29)           x6=3f8706da x29:10001f00  PA:10001f00
18163463ns          309299 1c0086f0 02878793 addi             x15, x15, 40        x15=1c010bd8 x15:1c010bb0
18163483ns          309300 1c0086f4 88787843 fmadd.s          f16, f16, f7, f17   f16=xxxxxxxx f16:4187cfa5  f7:3f24dd60 f17:453ac00d
18163503ns          309301 1c0086f8 80e37843 fmadd.s          f16, f6, f14, f16   f16=xxxxxxxx  f6:3f8706da f14:410568ab f16:453b6efa
18163523ns          309302 1c0086fc 030ea42b p.sw             x16, 40(x29!)       x29=10001f28 x16:453bfbb6 x29:10001f00  PA:10001f00
18163543ns          309303 1c008658 00052803 lw               x16, 0(x10)         x16=404b895a x10:1c011158  PA:1c011158
18163841ns          309318 1c00865c 0007a883 lw               x17, 0(x15)         x17=4084e048 x15:1c010bd8  PA:1c010bd8
18164140ns          309333 1c008660 1106f853 fmul.s           f16, f13, f16       f16=xxxxxxxx f13:4108fc3f f16:404b895a
18164160ns          309334 1c008664 02852303 lw               x6, 40(x10)          x6=40d9f826 x10:1c011158  PA:1c011180
18164458ns          309349 1c008668 0047a383 lw               x7, 4(x15)           x7=3fec26a0 x15:1c010bd8  PA:1c010bdc
18164756ns          309364 1c00866c f1187843 fmadd.s          f16, f16, f17, f30  f16=xxxxxxxx f16:41d9d30a f17:4084e048 f30:00000000
18164776ns          309365 1c008670 1066f353 fmul.s           f6, f13, f6          f6=xxxxxxxx f13:4108fc3f  f6:40d9f826
18164796ns          309366 1c008674 05052883 lw               x17, 80(x10)        x17=40e49c33 x10:1c011158  PA:1c0111a8
18165095ns          309381 1c008678 0087a403 lw               x8, 8(x15)           x8=3ecbcadc x15:1c010bd8  PA:1c010be0
18165393ns          309396 1c00867a 80737343 fmadd.s          f6, f6, f7, f16      f6=xxxxxxxx  f6:42694534  f7:3fec26a0 f16:42e21f4e
18165413ns          309397 1c00867e 1116f8d3 fmul.s           f17, f13, f17       f17=xxxxxxxx f13:4108fc3f f17:40e49c33
18165433ns          309398 1c008682 07852803 lw               x16, 120(x10)       x16=40bedce0 x10:1c011158  PA:1c0111d0
18165731ns          309413 1c008686 00c7a383 lw               x7, 12(x15)          x7=3fd85ef8 x15:1c010bd8  PA:1c010be4
18166029ns          309428 1c00868a 3088f8c3 fmadd.s          f17, f17, f8, f6    f17=xxxxxxxx f17:4274a87a  f8:3ecbcadc  f6:435ca726
18166049ns          309429 1c00868e 1106f853 fmul.s           f16, f13, f16       f16=xxxxxxxx f13:4108fc3f f16:40bedce0
18166069ns          309430 1c008692 0a052303 lw               x6, 160(x10)         x6=40e6be81 x10:1c011158  PA:1c0111f8
18166368ns          309445 1c008696 0107a403 lw               x8, 16(x15)          x8=40352655 x15:1c010bd8  PA:1c010be8
18166686ns          309461 1c008698 88787843 fmadd.s          f16, f16, f7, f17   f16=xxxxxxxx f16:424c42cf  f7:3fd85ef8 f17:4374ff95
18166706ns          309462 1c00869c 1066f353 fmul.s           f6, f13, f6          f6=xxxxxxxx f13:4108fc3f  f6:40e6be81
18166726ns          309463 1c0086a0 0c852883 lw               x17, 200(x10)       x17=40989af6 x10:1c011158  PA:1c011220
18167024ns          309478 1c0086a4 0147a383 lw               x7, 20(x15)          x7=410c1943 x15:1c010bd8  PA:1c010bec
18167322ns          309493 1c0086a8 80837343 fmadd.s          f6, f6, f8, f16      f6=xxxxxxxx  f6:4276f122  f8:40352655 f16:43a5a8d4
18167342ns          309494 1c0086ac 1116f8d3 fmul.s           f17, f13, f17       f17=xxxxxxxx f13:4108fc3f f17:40989af6
18167362ns          309495 1c0086b0 0f052803 lw               x16, 240(x10)       x16=40b55227 x10:1c011158  PA:1c011248
18167660ns          309510 1c0086b4 0187a403 lw               x8, 24(x15)          x8=3f0ca8bf x15:1c010bd8  PA:1c010bf0
18167979ns          309526 1c0086b6 3078f8c3 fmadd.s          f17, f17, f7, f6    f17=xxxxxxxx f17:42235162  f7:410c1943  f6:43fd078f
18167999ns          309527 1c0086ba 1106f853 fmul.s           f16, f13, f16       f16=xxxxxxxx f13:4108fc3f f16:40b55227
18168018ns          309528 1c0086be 11852303 lw               x6, 280(x10)         x6=40dd284e x10:1c011158  PA:1c011270
18168317ns          309543 1c0086c2 01c7a383 lw               x7, 28(x15)          x7=4114ea99 x15:1c010bd8  PA:1c010bf4
18168615ns          309558 1c0086c6 88887843 fmadd.s          f16, f16, f8, f17   f16=xxxxxxxx f16:42420c9c  f8:3f0ca8bf f17:4457e467
18168635ns          309559 1c0086ca 1066f353 fmul.s           f6, f13, f6          f6=xxxxxxxx f13:4108fc3f  f6:40dd284e
18168655ns          309560 1c0086ce 14052883 lw               x17, 320(x10)       x17=40bf6349 x10:1c011158  PA:1c011298
18168953ns          309575 1c0086d2 0207a403 lw               x8, 32(x15)          x8=3f1f6eca x15:1c010bd8  PA:1c010bf8
18169272ns          309591 1c0086d4 80737343 fmadd.s          f6, f6, f7, f16      f6=xxxxxxxx  f6:426caea7  f7:4114ea99 f16:445e8e54
18169291ns          309592 1c0086d8 1116f8d3 fmul.s           f17, f13, f17       f17=xxxxxxxx f13:4108fc3f f17:40bf6349
18169311ns          309593 1c0086dc 16852803 lw               x16, 360(x10)       x16=3ffdce3c x10:1c011158  PA:1c0112c0
18169610ns          309608 1c0086e0 0247a383 lw               x7, 36(x15)          x7=40aa65bf x15:1c010bd8  PA:1c010bfc
18169928ns          309624 1c0086e4 3088f8c3 fmadd.s          f17, f17, f8, f6    f17=xxxxxxxx f17:424cd2a7  f8:3f1f6eca  f6:44b41e19
18169948ns          309625 1c0086e8 1106f853 fmul.s           f16, f13, f16       f16=xxxxxxxx f13:4108fc3f f16:3ffdce3c
18169968ns          309626 1c0086ec 000ea303 lw               x6, 0(x29)           x6=40ad2e53 x29:10001f28  PA:10001f28
18169988ns          309627 1c0086f0 02878793 addi             x15, x15, 40        x15=1c010c00 x15:1c010bd8
18170008ns          309628 1c0086f4 88787843 fmadd.s          f16, f16, f7, f17   f16=xxxxxxxx f16:4187cfa5  f7:40aa65bf f17:44b81a95
18170027ns          309629 1c0086f8 80e37843 fmadd.s          f16, f6, f14, f16   f16=xxxxxxxx  f6:40ad2e53 f14:410568ab f16:44c36751
18170047ns          309630 1c0086fc 030ea42b p.sw             x16, 40(x29!)       x29=10001f50 x16:44c90b4f x29:10001f28  PA:10001f28
18170067ns          309631 1c008658 00052803 lw               x16, 0(x10)         x16=404b895a x10:1c011158  PA:1c011158
18170366ns          309646 1c00865c 0007a883 lw               x17, 0(x15)         x17=3fcaa69f x15:1c010c00  PA:1c010c00
18170684ns          309662 1c008660 1106f853 fmul.s           f16, f13, f16       f16=xxxxxxxx f13:4108fc3f f16:404b895a
18170704ns          309663 1c008664 02852303 lw               x6, 40(x10)          x6=40d9f826 x10:1c011158  PA:1c011180
18171002ns          309678 1c008668 0047a383 lw               x7, 4(x15)           x7=406a560e x15:1c010c00  PA:1c010c04
18171300ns          309693 1c00866c f1187843 fmadd.s          f16, f16, f17, f30  f16=xxxxxxxx f16:41d9d30a f17:3fcaa69f f30:00000000
18171320ns          309694 1c008670 1066f353 fmul.s           f6, f13, f6          f6=xxxxxxxx f13:4108fc3f  f6:40d9f826
18171340ns          309695 1c008674 05052883 lw               x17, 80(x10)        x17=40e49c33 x10:1c011158  PA:1c0111a8
18171639ns          309710 1c008678 0087a403 lw               x8, 8(x15)           x8=40655dec x15:1c010c00  PA:1c010c08
18171957ns          309726 1c00867a 80737343 fmadd.s          f6, f6, f7, f16      f6=xxxxxxxx  f6:42694534  f7:406a560e f16:422c6e4c
18171977ns          309727 1c00867e 1116f8d3 fmul.s           f17, f13, f17       f17=xxxxxxxx f13:4108fc3f f17:40e49c33
18171997ns          309728 1c008682 07852803 lw               x16, 120(x10)       x16=40bedce0 x10:1c011158  PA:1c0111d0
18172295ns          309743 1c008686 00c7a383 lw               x7, 12(x15)          x7=40b6d481 x15:1c010c00  PA:1c010c0c
18172593ns          309758 1c00868a 3088f8c3 fmadd.s          f17, f17, f8, f6    f17=xxxxxxxx f17:4274a87a  f8:40655dec  f6:4380519f
18172613ns          309759 1c00868e 1106f853 fmul.s           f16, f13, f16       f16=xxxxxxxx f13:4108fc3f f16:40bedce0
18172633ns          309760 1c008692 0a052303 lw               x6, 160(x10)         x6=40e6be81 x10:1c011158  PA:1c0111f8
18172931ns          309775 1c008696 0107a403 lw               x8, 16(x15)          x8=3ffab76f x15:1c010c00  PA:1c010c10
18173250ns          309791 1c008698 88787843 fmadd.s          f16, f16, f7, f17   f16=xxxxxxxx f16:424c42cf  f7:40b6d481 f17:43edebdb
18173270ns          309792 1c00869c 1066f353 fmul.s           f6, f13, f6          f6=xxxxxxxx f13:4108fc3f  f6:40e6be81
18173290ns          309793 1c0086a0 0c852883 lw               x17, 200(x10)       x17=40989af6 x10:1c011158  PA:1c011220
18173588ns          309808 1c0086a4 0147a383 lw               x7, 20(x15)          x7=40abb524 x15:1c010c00  PA:1c010c14
18173886ns          309823 1c0086a8 80837343 fmadd.s          f6, f6, f8, f16      f6=xxxxxxxx  f6:4276f122  f8:3ffab76f f16:443fe674
18173906ns          309824 1c0086ac 1116f8d3 fmul.s           f17, f13, f17       f17=xxxxxxxx f13:4108fc3f f17:40989af6
18173926ns          309825 1c0086b0 0f052803 lw               x16, 240(x10)       x16=40b55227 x10:1c011158  PA:1c011248
18174224ns          309840 1c0086b4 0187a403 lw               x8, 24(x15)          x8=4086fe8b x15:1c010c00  PA:1c010c18
18174543ns          309856 1c0086b6 3078f8c3 fmadd.s          f17, f17, f7, f6    f17=xxxxxxxx f17:42235162  f7:40abb524  f6:445e2182
18174563ns          309857 1c0086ba 1106f853 fmul.s           f16, f13, f16       f16=xxxxxxxx f13:4108fc3f f16:40b55227
18174582ns          309858 1c0086be 11852303 lw               x6, 280(x10)         x6=40dd284e x10:1c011158  PA:1c011270
18174881ns          309873 1c0086c2 01c7a383 lw               x7, 28(x15)          x7=3fb98a38 x15:1c010c00  PA:1c010c1c
18175179ns          309888 1c0086c6 88887843 fmadd.s          f16, f16, f8, f17   f16=xxxxxxxx f16:42420c9c  f8:4086fe8b f17:448a737c
18175199ns          309889 1c0086ca 1066f353 fmul.s           f6, f13, f6          f6=xxxxxxxx f13:4108fc3f  f6:40dd284e
18175219ns          309890 1c0086ce 14052883 lw               x17, 320(x10)       x17=40bf6349 x10:1c011158  PA:1c011298
18175517ns          309905 1c0086d2 0207a403 lw               x8, 32(x15)          x8=410c6ca0 x15:1c010c00  PA:1c010c20
18175816ns          309920 1c0086d4 80737343 fmadd.s          f6, f6, f7, f16      f6=xxxxxxxx  f6:426caea7  f7:3fb98a38 f16:44a4085f
18175836ns          309921 1c0086d8 1116f8d3 fmul.s           f17, f13, f17       f17=xxxxxxxx f13:4108fc3f f17:40bf6349
18175855ns          309922 1c0086dc 16852803 lw               x16, 360(x10)       x16=3ffdce3c x10:1c011158  PA:1c0112c0
18176154ns          309937 1c0086e0 0247a383 lw               x7, 36(x15)          x7=410e1973 x15:1c010c00  PA:1c010c24
18176452ns          309952 1c0086e4 3088f8c3 fmadd.s          f17, f17, f8, f6    f17=xxxxxxxx f17:424cd2a7  f8:410c6ca0  f6:44aec0ff
18176472ns          309953 1c0086e8 1106f853 fmul.s           f16, f13, f16       f16=xxxxxxxx f13:4108fc3f f16:3ffdce3c
18176492ns          309954 1c0086ec 000ea303 lw               x6, 0(x29)           x6=3dc93d23 x29:10001f50  PA:10001f50
18176512ns          309955 1c0086f0 02878793 addi             x15, x15, 40        x15=1c010c28 x15:1c010c00
18176532ns          309956 1c0086f4 88787843 fmadd.s          f16, f16, f7, f17   f16=xxxxxxxx f16:4187cfa5  f7:410e1973 f17:44e6ee0d
18176552ns          309957 1c0086f8 80e37843 fmadd.s          f16, f6, f14, f16   f16=xxxxxxxx  f6:3dc93d23 f14:410568ab f16:44f9c6b8
18176571ns          309958 1c0086fc 030ea42b p.sw             x16, 40(x29!)       x29=10001f78 x16:44f9e0f0 x29:10001f50  PA:10001f50
18176591ns          309959 1c008658 00052803 lw               x16, 0(x10)         x16=404b895a x10:1c011158  PA:1c011158
18176890ns          309974 1c00865c 0007a883 lw               x17, 0(x15)         x17=4110e07b x15:1c010c28  PA:1c010c28
18177208ns          309990 1c008660 1106f853 fmul.s           f16, f13, f16       f16=xxxxxxxx f13:4108fc3f f16:404b895a
18177228ns          309991 1c008664 02852303 lw               x6, 40(x10)          x6=40d9f826 x10:1c011158  PA:1c011180
18177526ns          310006 1c008668 0047a383 lw               x7, 4(x15)           x7=406280a9 x15:1c010c28  PA:1c010c2c
18177825ns          310021 1c00866c f1187843 fmadd.s          f16, f16, f17, f30  f16=xxxxxxxx f16:41d9d30a f17:4110e07b f30:00000000
18177845ns          310022 1c008670 1066f353 fmul.s           f6, f13, f6          f6=xxxxxxxx f13:4108fc3f  f6:40d9f826
18177864ns          310023 1c008674 05052883 lw               x17, 80(x10)        x17=40e49c33 x10:1c011158  PA:1c0111a8
18178163ns          310038 1c008678 0087a403 lw               x8, 8(x15)           x8=403e2622 x15:1c010c28  PA:1c010c30
18178461ns          310053 1c00867a 80737343 fmadd.s          f6, f6, f7, f16      f6=xxxxxxxx  f6:42694534  f7:406280a9 f16:43768b6e
18178481ns          310054 1c00867e 1116f8d3 fmul.s           f17, f13, f17       f17=xxxxxxxx f13:4108fc3f f17:40e49c33
18178501ns          310055 1c008682 07852803 lw               x16, 120(x10)       x16=40bedce0 x10:1c011158  PA:1c0111d0
18178799ns          310070 1c008686 00c7a383 lw               x7, 12(x15)          x7=4110fa8f x15:1c010c28  PA:1c010c34
18179098ns          310085 1c00868a 3088f8c3 fmadd.s          f17, f17, f8, f6    f17=xxxxxxxx f17:4274a87a  f8:403e2622  f6:43e277e1
18179118ns          310086 1c00868e 1106f853 fmul.s           f16, f13, f16       f16=xxxxxxxx f13:4108fc3f f16:40bedce0
18179137ns          310087 1c008692 0a052303 lw               x6, 160(x10)         x6=40e6be81 x10:1c011158  PA:1c0111f8
18179436ns          310102 1c008696 0107a403 lw               x8, 16(x15)          x8=3eac8796 x15:1c010c28  PA:1c010c38
18179734ns          310117 1c008698 88787843 fmadd.s          f16, f16, f7, f17   f16=xxxxxxxx f16:424c42cf  f7:4110fa8f f17:441eaa50
18179754ns          310118 1c00869c 1066f353 fmul.s           f6, f13, f6          f6=xxxxxxxx f13:4108fc3f  f6:40e6be81
18179774ns          310119 1c0086a0 0c852883 lw               x17, 200(x10)       x17=40989af6 x10:1c011158  PA:1c011220
18180072ns          310134 1c0086a4 0147a383 lw               x7, 20(x15)          x7=4114b55f x15:1c010c28  PA:1c010c3c
18180371ns          310149 1c0086a8 80837343 fmadd.s          f6, f6, f8, f16      f6=xxxxxxxx  f6:4276f122  f8:3eac8796 f16:44892be8
18180391ns          310150 1c0086ac 1116f8d3 fmul.s           f17, f13, f17       f17=xxxxxxxx f13:4108fc3f f17:40989af6
18180410ns          310151 1c0086b0 0f052803 lw               x16, 240(x10)       x16=40b55227 x10:1c011158  PA:1c011248
18180709ns          310166 1c0086b4 0187a403 lw               x8, 24(x15)          x8=40ef09d6 x15:1c010c28  PA:1c010c40
18181007ns          310181 1c0086b6 3078f8c3 fmadd.s          f17, f17, f7, f6    f17=xxxxxxxx f17:42235162  f7:4114b55f  f6:448bc59b
18181027ns          310182 1c0086ba 1106f853 fmul.s           f16, f13, f16       f16=xxxxxxxx f13:4108fc3f f16:40b55227
18181047ns          310183 1c0086be 11852303 lw               x6, 280(x10)         x6=40dd284e x10:1c011158  PA:1c011270
18181345ns          310198 1c0086c2 01c7a383 lw               x7, 28(x15)          x7=3fe0dd39 x15:1c010c28  PA:1c010c44
18181644ns          310213 1c0086c6 88887843 fmadd.s          f16, f16, f8, f17   f16=xxxxxxxx f16:42420c9c  f8:40ef09d6 f17:44bb34fc
18181664ns          310214 1c0086ca 1066f353 fmul.s           f6, f13, f6          f6=xxxxxxxx f13:4108fc3f  f6:40dd284e
18181683ns          310215 1c0086ce 14052883 lw               x17, 320(x10)       x17=40bf6349 x10:1c011158  PA:1c011298
18181982ns          310230 1c0086d2 0207a403 lw               x8, 32(x15)          x8=40e88272 x15:1c010c28  PA:1c010c48
18182280ns          310245 1c0086d4 80737343 fmadd.s          f6, f6, f7, f16      f6=xxxxxxxx  f6:426caea7  f7:3fe0dd39 f16:44e8814b
18182300ns          310246 1c0086d8 1116f8d3 fmul.s           f17, f13, f17       f17=xxxxxxxx f13:4108fc3f f17:40bf6349
18182320ns          310247 1c0086dc 16852803 lw               x16, 360(x10)       x16=3ffdce3c x10:1c011158  PA:1c0112c0
18182638ns          310263 1c0086e0 0247a383 lw               x7, 36(x15)          x7=40bb64c4 x15:1c010c28  PA:1c010c4c
18182937ns          310278 1c0086e4 3088f8c3 fmadd.s          f17, f17, f8, f6    f17=xxxxxxxx f17:424cd2a7  f8:40e88272  f6:44f57fa1
18182956ns          310279 1c0086e8 1106f853 fmul.s           f16, f13, f16       f16=xxxxxxxx f13:4108fc3f f16:3ffdce3c
18182976ns          310280 1c0086ec 000ea303 lw               x6, 0(x29)           x6=3fbf6e3c x29:10001f78  PA:10001f78
18182996ns          310281 1c0086f0 02878793 addi             x15, x15, 40        x15=1c010c50 x15:1c010c28
18183016ns          310282 1c0086f4 88787843 fmadd.s          f16, f16, f7, f17   f16=xxxxxxxx f16:4187cfa5  f7:40bb64c4 f17:451200b9
18183036ns          310283 1c0086f8 80e37843 fmadd.s          f16, f6, f14, f16   f16=xxxxxxxx  f6:3fbf6e3c f14:410568ab f16:4518375b
18183056ns          310284 1c0086fc 030ea42b p.sw             x16, 40(x29!)       x29=10001fa0 x16:4518fee0 x29:10001f78  PA:10001f78
18183076ns          310285 1c008658 00052803 lw               x16, 0(x10)         x16=404b895a x10:1c011158  PA:1c011158
18183374ns          310300 1c00865c 0007a883 lw               x17, 0(x15)         x17=3fa36583 x15:1c010c50  PA:1c010c50
18183672ns          310315 1c008660 1106f853 fmul.s           f16, f13, f16       f16=xxxxxxxx f13:4108fc3f f16:404b895a
18183692ns          310316 1c008664 02852303 lw               x6, 40(x10)          x6=40d9f826 x10:1c011158  PA:1c011180
18183991ns          310331 1c008668 0047a383 lw               x7, 4(x15)           x7=4043d5a4 x15:1c010c50  PA:1c010c54
18184289ns          310346 1c00866c f1187843 fmadd.s          f16, f16, f17, f30  f16=xxxxxxxx f16:41d9d30a f17:3fa36583 f30:00000000
18184309ns          310347 1c008670 1066f353 fmul.s           f6, f13, f6          f6=xxxxxxxx f13:4108fc3f  f6:40d9f826
18184329ns          310348 1c008674 05052883 lw               x17, 80(x10)        x17=40e49c33 x10:1c011158  PA:1c0111a8
18184627ns          310363 1c008678 0087a403 lw               x8, 8(x15)           x8=408dd736 x15:1c010c50  PA:1c010c58
18184926ns          310378 1c00867a 80737343 fmadd.s          f6, f6, f7, f16      f6=xxxxxxxx  f6:42694534  f7:4043d5a4 f16:420b07bf
18184946ns          310379 1c00867e 1116f8d3 fmul.s           f17, f13, f17       f17=xxxxxxxx f13:4108fc3f f17:40e49c33
18184965ns          310380 1c008682 07852803 lw               x16, 120(x10)       x16=40bedce0 x10:1c011158  PA:1c0111d0
18185284ns          310396 1c008686 00c7a383 lw               x7, 12(x15)          x7=40e32930 x15:1c010c50  PA:1c010c5c
18185582ns          310411 1c00868a 3088f8c3 fmadd.s          f17, f17, f8, f6    f17=xxxxxxxx f17:4274a87a  f8:408dd736  f6:43553452
18185602ns          310412 1c00868e 1106f853 fmul.s           f16, f13, f16       f16=xxxxxxxx f13:4108fc3f f16:40bedce0
18185622ns          310413 1c008692 0a052303 lw               x6, 160(x10)         x6=40e6be81 x10:1c011158  PA:1c0111f8
18185920ns          310428 1c008696 0107a403 lw               x8, 16(x15)          x8=4111c963 x15:1c010c50  PA:1c010c60
18186219ns          310443 1c008698 88787843 fmadd.s          f16, f16, f7, f17   f16=xxxxxxxx f16:424c42cf  f7:40e32930 f17:43f228a1
18186238ns          310444 1c00869c 1066f353 fmul.s           f6, f13, f6          f6=xxxxxxxx f13:4108fc3f  f6:40e6be81
18186258ns          310445 1c0086a0 0c852883 lw               x17, 200(x10)       x17=40989af6 x10:1c011158  PA:1c011220
18186577ns          310461 1c0086a4 0147a383 lw               x7, 20(x15)          x7=411047ed x15:1c010c50  PA:1c010c64
18186875ns          310476 1c0086a8 80837343 fmadd.s          f6, f6, f8, f16      f6=xxxxxxxx  f6:4276f122  f8:4111c963 f16:4453b45e
18186895ns          310477 1c0086ac 1116f8d3 fmul.s           f17, f13, f17       f17=xxxxxxxx f13:4108fc3f f17:40989af6
18186915ns          310478 1c0086b0 0f052803 lw               x16, 240(x10)       x16=40b55227 x10:1c011158  PA:1c011248
18187213ns          310493 1c0086b4 0187a403 lw               x8, 24(x15)          x8=411406fb x15:1c010c50  PA:1c010c68
18187511ns          310508 1c0086b6 3078f8c3 fmadd.s          f17, f17, f7, f6    f17=xxxxxxxx f17:42235162  f7:411047ed  f6:44b02a9b
18187531ns          310509 1c0086ba 1106f853 fmul.s           f16, f13, f16       f16=xxxxxxxx f13:4108fc3f f16:40b55227
18187551ns          310510 1c0086be 11852303 lw               x6, 280(x10)         x6=40dd284e x10:1c011158  PA:1c011270
18187869ns          310526 1c0086c2 01c7a383 lw               x7, 28(x15)          x7=40b8491a x15:1c010c50  PA:1c010c6c
18188168ns          310541 1c0086c6 88887843 fmadd.s          f16, f16, f8, f17   f16=xxxxxxxx f16:42420c9c  f8:411406fb f17:44de3070
18188188ns          310542 1c0086ca 1066f353 fmul.s           f6, f13, f6          f6=xxxxxxxx f13:4108fc3f  f6:40dd284e
18188208ns          310543 1c0086ce 14052883 lw               x17, 320(x10)       x17=40bf6349 x10:1c011158  PA:1c011298
18188506ns          310558 1c0086d2 0207a403 lw               x8, 32(x15)          x8=40bdac24 x15:1c010c50  PA:1c010c70
18188804ns          310573 1c0086d4 80737343 fmadd.s          f6, f6, f7, f16      f6=xxxxxxxx  f6:426caea7  f7:40b8491a f16:450b255d
18188824ns          310574 1c0086d8 1116f8d3 fmul.s           f17, f13, f17       f17=xxxxxxxx f13:4108fc3f f17:40bf6349
18188844ns          310575 1c0086dc 16852803 lw               x16, 360(x10)       x16=3ffdce3c x10:1c011158  PA:1c0112c0
18189142ns          310590 1c0086e0 0247a383 lw               x7, 36(x15)          x7=410d85bd x15:1c010c50  PA:1c010c74
18189441ns          310605 1c0086e4 3088f8c3 fmadd.s          f17, f17, f8, f6    f17=xxxxxxxx f17:424cd2a7  f8:40bdac24  f6:45207181
18189461ns          310606 1c0086e8 1106f853 fmul.s           f16, f13, f16       f16=xxxxxxxx f13:4108fc3f f16:3ffdce3c
18189481ns          310607 1c0086ec 000ea303 lw               x6, 0(x29)           x6=410a1a31 x29:10001fa0  PA:10001fa0
18189500ns          310608 1c0086f0 02878793 addi             x15, x15, 40        x15=1c010c78 x15:1c010c50
18189520ns          310609 1c0086f4 88787843 fmadd.s          f16, f16, f7, f17   f16=xxxxxxxx f16:4187cfa5  f7:410d85bd f17:453369a9
18189540ns          310610 1c0086f8 80e37843 fmadd.s          f16, f6, f14, f16   f16=xxxxxxxx  f6:410a1a31 f14:410568ab f16:453ccc33
18189560ns          310611 1c0086fc 030ea42b p.sw             x16, 40(x29!)       x29=10001fc8 x16:45414bb4 x29:10001fa0  PA:10001fa0
18189580ns          310612 1c008658 00052803 lw               x16, 0(x10)         x16=404b895a x10:1c011158  PA:1c011158
18189878ns          310627 1c00865c 0007a883 lw               x17, 0(x15)         x17=40cc4569 x15:1c010c78  PA:1c010c78
18190177ns          310642 1c008660 1106f853 fmul.s           f16, f13, f16       f16=xxxxxxxx f13:4108fc3f f16:404b895a
18190197ns          310643 1c008664 02852303 lw               x6, 40(x10)          x6=40d9f826 x10:1c011158  PA:1c011180
18190495ns          310658 1c008668 0047a383 lw               x7, 4(x15)           x7=3fccf10a x15:1c010c78  PA:1c010c7c
18190793ns          310673 1c00866c f1187843 fmadd.s          f16, f16, f17, f30  f16=xxxxxxxx f16:41d9d30a f17:40cc4569 f30:00000000
18190813ns          310674 1c008670 1066f353 fmul.s           f6, f13, f6          f6=xxxxxxxx f13:4108fc3f  f6:40d9f826
18190833ns          310675 1c008674 05052883 lw               x17, 80(x10)        x17=40e49c33 x10:1c011158  PA:1c0111a8
18191132ns          310690 1c008678 0087a403 lw               x8, 8(x15)           x8=41002690 x15:1c010c78  PA:1c010c80
18191430ns          310705 1c00867a 80737343 fmadd.s          f6, f6, f7, f16      f6=xxxxxxxx  f6:42694534  f7:3fccf10a f16:432dcf3b
18191450ns          310706 1c00867e 1116f8d3 fmul.s           f17, f13, f17       f17=xxxxxxxx f13:4108fc3f f17:40e49c33
18191470ns          310707 1c008682 07852803 lw               x16, 120(x10)       x16=40bedce0 x10:1c011158  PA:1c0111d0
18191768ns          310722 1c008686 00c7a383 lw               x7, 12(x15)          x7=4031a08a x15:1c010c78  PA:1c010c84
18192066ns          310737 1c00868a 3088f8c3 fmadd.s          f17, f17, f8, f6    f17=xxxxxxxx f17:4274a87a  f8:41002690  f6:43859750
18192086ns          310738 1c00868e 1106f853 fmul.s           f16, f13, f16       f16=xxxxxxxx f13:4108fc3f f16:40bedce0
18192106ns          310739 1c008692 0a052303 lw               x6, 160(x10)         x6=40e6be81 x10:1c011158  PA:1c0111f8
18192405ns          310754 1c008696 0107a403 lw               x8, 16(x15)          x8=408d5838 x15:1c010c78  PA:1c010c88
18192703ns          310769 1c008698 88787843 fmadd.s          f16, f16, f7, f17   f16=xxxxxxxx f16:424c42cf  f7:4031a08a f17:443d44c0
18192723ns          310770 1c00869c 1066f353 fmul.s           f6, f13, f6          f6=xxxxxxxx f13:4108fc3f  f6:40e6be81
18192743ns          310771 1c0086a0 0c852883 lw               x17, 200(x10)       x17=40989af6 x10:1c011158  PA:1c011220
18193041ns          310786 1c0086a4 0147a383 lw               x7, 20(x15)          x7=40866b6c x15:1c010c78  PA:1c010c8c
18193339ns          310801 1c0086a8 80837343 fmadd.s          f6, f6, f8, f16      f6=xxxxxxxx  f6:4276f122  f8:408d5838 f16:4460b352
18193359ns          310802 1c0086ac 1116f8d3 fmul.s           f17, f13, f17       f17=xxxxxxxx f13:4108fc3f f17:40989af6
18193379ns          310803 1c0086b0 0f052803 lw               x16, 240(x10)       x16=40b55227 x10:1c011158  PA:1c011248
18193678ns          310818 1c0086b4 0187a403 lw               x8, 24(x15)          x8=400fb53c x15:1c010c78  PA:1c010c90
18193976ns          310833 1c0086b6 3078f8c3 fmadd.s          f17, f17, f7, f6    f17=xxxxxxxx f17:42235162  f7:40866b6c  f6:44926fa3
18193996ns          310834 1c0086ba 1106f853 fmul.s           f16, f13, f16       f16=xxxxxxxx f13:4108fc3f f16:40b55227
18194016ns          310835 1c0086be 11852303 lw               x6, 280(x10)         x6=40dd284e x10:1c011158  PA:1c011270
18194314ns          310850 1c0086c2 01c7a383 lw               x7, 28(x15)          x7=40b49c8e x15:1c010c78  PA:1c010c94
18194632ns          310866 1c0086c6 88887843 fmadd.s          f16, f16, f8, f17   f16=xxxxxxxx f16:42420c9c  f8:400fb53c f17:44a7dfeb
18194652ns          310867 1c0086ca 1066f353 fmul.s           f6, f13, f6          f6=xxxxxxxx f13:4108fc3f  f6:40dd284e
18194672ns          310868 1c0086ce 14052883 lw               x17, 320(x10)       x17=40bf6349 x10:1c011158  PA:1c011298
18194970ns          310883 1c0086d2 0207a403 lw               x8, 32(x15)          x8=40920122 x15:1c010c78  PA:1c010c98
18195269ns          310898 1c0086d4 80737343 fmadd.s          f6, f6, f7, f16      f6=xxxxxxxx  f6:426caea7  f7:40b49c8e f16:44b57db8
18195289ns          310899 1c0086d8 1116f8d3 fmul.s           f17, f13, f17       f17=xxxxxxxx f13:4108fc3f f17:40bf6349
18195309ns          310900 1c0086dc 16852803 lw               x16, 360(x10)       x16=3ffdce3c x10:1c011158  PA:1c0112c0
18195607ns          310915 1c0086e0 0247a383 lw               x7, 36(x15)          x7=3f91cf6a x15:1c010c78  PA:1c010c9c
18195925ns          310931 1c0086e4 3088f8c3 fmadd.s          f17, f17, f8, f6    f17=xxxxxxxx f17:424cd2a7  f8:40920122  f6:44df3c9b
18195945ns          310932 1c0086e8 1106f853 fmul.s           f16, f13, f16       f16=xxxxxxxx f13:4108fc3f f16:3ffdce3c
18195965ns          310933 1c0086ec 000ea303 lw               x6, 0(x29)           x6=404af0a4 x29:10001fc8  PA:10001fc8
18195985ns          310934 1c0086f0 02878793 addi             x15, x15, 40        x15=1c010ca0 x15:1c010c78
18196005ns          310935 1c0086f4 88787843 fmadd.s          f16, f16, f7, f17   f16=xxxxxxxx f16:4187cfa5  f7:3f91cf6a f17:44fc70de
18196025ns          310936 1c0086f8 80e37843 fmadd.s          f16, f6, f14, f16   f16=xxxxxxxx  f6:404af0a4 f14:410568ab f16:44fedbb3
18196045ns          310937 1c0086fc 030ea42b p.sw             x16, 40(x29!)       x29=10001ff0 x16:450114e1 x29:10001fc8  PA:10001fc8
18196064ns          310938 1c008700 00460613 addi             x12, x12, 4         x12=10001e64 x12:10001e60
18196084ns          310939 1c008702 00450513 addi             x10, x10, 4         x10=1c01115c x10:1c011158
18196124ns          310941 1c008632 40b28e33 sub              x28, x5, x11        x28=00000190  x5:1c010ca0 x11:1c010b10
18196144ns          310942 1c008636 fd8e0e13 addi             x28, x28, -40       x28=00000168 x28:00000190
18196164ns          310943 1c00863a 0cccd7b7 lui              x15, 0xcccd000      x15=0cccd000
18196184ns          310944 1c00863e ccd78793 addi             x15, x15, -819      x15=0ccccccd x15:0cccd000
18196204ns          310945 1c008642 003e5e13 srli             x28, x28, 0x3       x28=0000002d x28:00000168
18196224ns          310946 1c008646 02fe0e33 mul              x28, x28, x15       x28=40000009 x28:0000002d x15:0ccccccd
18196243ns          310947 1c00864a c5de3e33 p.bclr           x28, x28, 2, 29     x28=00000009 x28:40000009
18196263ns          310948 1c00864e 00b007b3 add              x15, x0, x11        x15=1c010b10 x11:1c010b10
18196283ns          310949 1c008650 00c00eb3 add              x29, x0, x12        x29=10001e64 x12:10001e64
18196303ns          310950 1c008652 001e0e13 addi             x28, x28, 1         x28=0000000a x28:00000009
18196323ns          310951 1c008654 054e40fb lp.setup         0x1, x28, 0x54      x28:0000000a
18196343ns          310952 1c008658 00052803 lw               x16, 0(x10)         x16=40cb1bba x10:1c01115c  PA:1c01115c
18196641ns          310967 1c00865c 0007a883 lw               x17, 0(x15)         x17=40cda545 x15:1c010b10  PA:1c010b10
18196940ns          310982 1c008660 1106f853 fmul.s           f16, f13, f16       f16=xxxxxxxx f13:4108fc3f f16:40cb1bba
18196960ns          310983 1c008664 02852303 lw               x6, 40(x10)          x6=40299fa3 x10:1c01115c  PA:1c011184
18197278ns          310999 1c008668 0047a383 lw               x7, 4(x15)           x7=40f08a50 x15:1c010b10  PA:1c010b14
18197576ns          311014 1c00866c f1187843 fmadd.s          f16, f16, f17, f30  f16=xxxxxxxx f16:42595db8 f17:40cda545 f30:00000000
18197596ns          311015 1c008670 1066f353 fmul.s           f6, f13, f6          f6=xxxxxxxx f13:4108fc3f  f6:40299fa3
18197616ns          311016 1c008674 05052883 lw               x17, 80(x10)        x17=3fd0dc66 x10:1c01115c  PA:1c0111ac
18197914ns          311031 1c008678 0087a403 lw               x8, 8(x15)           x8=41134027 x15:1c010b10  PA:1c010b18
18198213ns          311046 1c00867a 80737343 fmadd.s          f6, f6, f7, f16      f6=xxxxxxxx  f6:41b587e3  f7:40f08a50 f16:43ae9c60
18198233ns          311047 1c00867e 1116f8d3 fmul.s           f17, f13, f17       f17=xxxxxxxx f13:4108fc3f f17:3fd0dc66
18198252ns          311048 1c008682 07852803 lw               x16, 120(x10)       x16=410cda58 x10:1c01115c  PA:1c0111d4
18198571ns          311064 1c008686 00c7a383 lw               x7, 12(x15)          x7=3fc00009 x15:1c010b10  PA:1c010b1c
18198869ns          311079 1c00868a 3088f8c3 fmadd.s          f17, f17, f8, f6    f17=xxxxxxxx f17:415f85c5  f8:41134027  f6:4401f28e
18198889ns          311080 1c00868e 1106f853 fmul.s           f16, f13, f16       f16=xxxxxxxx f13:4108fc3f f16:410cda58
18198909ns          311081 1c008692 0a052303 lw               x6, 160(x10)         x6=411ed9cb x10:1c01115c  PA:1c0111fc
18199207ns          311096 1c008696 0107a403 lw               x8, 16(x15)          x8=41028837 x15:1c010b10  PA:1c010b20
18199506ns          311111 1c008698 88787843 fmadd.s          f16, f16, f7, f17   f16=xxxxxxxx f16:4296bd91  f7:3fc00009 f17:44221703
18199525ns          311112 1c00869c 1066f353 fmul.s           f6, f13, f6          f6=xxxxxxxx f13:4108fc3f  f6:411ed9cb
18199545ns          311113 1c0086a0 0c852883 lw               x17, 200(x10)       x17=3e6aad01 x10:1c01115c  PA:1c011224
18199864ns          311129 1c0086a4 0147a383 lw               x7, 20(x15)          x7=40be76b1 x15:1c010b10  PA:1c010b24
18200162ns          311144 1c0086a8 80837343 fmadd.s          f6, f6, f8, f16      f6=xxxxxxxx  f6:42aa0073  f8:41028837 f16:443e5a90
18200182ns          311145 1c0086ac 1116f8d3 fmul.s           f17, f13, f17       f17=xxxxxxxx f13:4108fc3f f17:3e6aad01
18200202ns          311146 1c0086b0 0f052803 lw               x16, 240(x10)       x16=410e268b x10:1c01115c  PA:1c01124c
18200500ns          311161 1c0086b4 0187a403 lw               x8, 24(x15)          x8=410dec9e x15:1c010b10  PA:1c010b28
18200798ns          311176 1c0086b6 3078f8c3 fmadd.s          f17, f17, f7, f6    f17=xxxxxxxx f17:3ffb2649  f7:40be76b1  f6:44b5dbf7
18200818ns          311177 1c0086ba 1106f853 fmul.s           f16, f13, f16       f16=xxxxxxxx f13:4108fc3f f16:410e268b
18200838ns          311178 1c0086be 11852303 lw               x6, 280(x10)         x6=410b586a x10:1c01115c  PA:1c011274
18201137ns          311193 1c0086c2 01c7a383 lw               x7, 28(x15)          x7=407ef751 x15:1c010b10  PA:1c010b2c
18201435ns          311208 1c0086c6 88887843 fmadd.s          f16, f16, f8, f17   f16=xxxxxxxx f16:42982116  f8:410dec9e f17:44b751ad
18201455ns          311209 1c0086ca 1066f353 fmul.s           f6, f13, f6          f6=xxxxxxxx f13:4108fc3f  f6:410b586a
18201475ns          311210 1c0086ce 14052883 lw               x17, 320(x10)       x17=40ce44af x10:1c01115c  PA:1c01129c
18201773ns          311225 1c0086d2 0207a403 lw               x8, 32(x15)          x8=40b312ba x15:1c010b10  PA:1c010b30
18202071ns          311240 1c0086d4 80737343 fmadd.s          f6, f6, f7, f16      f6=xxxxxxxx  f6:4295208b  f7:407ef751 f16:4505d441
18202091ns          311241 1c0086d8 1116f8d3 fmul.s           f17, f13, f17       f17=xxxxxxxx f13:4108fc3f f17:40ce44af
18202111ns          311242 1c0086dc 16852803 lw               x16, 360(x10)       x16=4090e85f x10:1c01115c  PA:1c0112c4
18202410ns          311257 1c0086e0 0247a383 lw               x7, 36(x15)          x7=4087f7f0 x15:1c010b10  PA:1c010b34
18202708ns          311272 1c0086e4 3088f8c3 fmadd.s          f17, f17, f8, f6    f17=xxxxxxxx f17:425cbf77  f8:40b312ba  f6:4518650c
18202728ns          311273 1c0086e8 1106f853 fmul.s           f16, f13, f16       f16=xxxxxxxx f13:4108fc3f f16:4090e85f
18202748ns          311274 1c0086ec 000ea303 lw               x6, 0(x29)           x6=410233d5 x29:10001e64  PA:10001e64
18202768ns          311275 1c0086f0 02878793 addi             x15, x15, 40        x15=1c010b38 x15:1c010b10
18202788ns          311276 1c0086f4 88787843 fmadd.s          f16, f16, f7, f17   f16=xxxxxxxx f16:421b1476  f7:4087f7f0 f17:452bb24d
18202807ns          311277 1c0086f8 80e37843 fmadd.s          f16, f6, f14, f16   f16=xxxxxxxx  f6:410233d5 f14:410568ab f16:4535fe0d
18202827ns          311278 1c0086fc 030ea42b p.sw             x16, 40(x29!)       x29=10001e8c x16:453a3bb0 x29:10001e64  PA:10001e64
18202847ns          311279 1c008658 00052803 lw               x16, 0(x10)         x16=40cb1bba x10:1c01115c  PA:1c01115c
18203146ns          311294 1c00865c 0007a883 lw               x17, 0(x15)         x17=40e744fc x15:1c010b38  PA:1c010b38
18203444ns          311309 1c008660 1106f853 fmul.s           f16, f13, f16       f16=xxxxxxxx f13:4108fc3f f16:40cb1bba
18203464ns          311310 1c008664 02852303 lw               x6, 40(x10)          x6=40299fa3 x10:1c01115c  PA:1c011184
18203762ns          311325 1c008668 0047a383 lw               x7, 4(x15)           x7=4119cb83 x15:1c010b38  PA:1c010b3c
18204061ns          311340 1c00866c f1187843 fmadd.s          f16, f16, f17, f30  f16=xxxxxxxx f16:42595db8 f17:40e744fc f30:00000000
18204080ns          311341 1c008670 1066f353 fmul.s           f6, f13, f6          f6=xxxxxxxx f13:4108fc3f  f6:40299fa3
18204100ns          311342 1c008674 05052883 lw               x17, 80(x10)        x17=3fd0dc66 x10:1c01115c  PA:1c0111ac
18204399ns          311357 1c008678 0087a403 lw               x8, 8(x15)           x8=3fedbab9 x15:1c010b38  PA:1c010b40
18204697ns          311372 1c00867a 80737343 fmadd.s          f6, f6, f7, f16      f6=xxxxxxxx  f6:41b587e3  f7:4119cb83 f16:43c45e24
18204717ns          311373 1c00867e 1116f8d3 fmul.s           f17, f13, f17       f17=xxxxxxxx f13:4108fc3f f17:3fd0dc66
18204737ns          311374 1c008682 07852803 lw               x16, 120(x10)       x16=410cda58 x10:1c01115c  PA:1c0111d4
18205035ns          311389 1c008686 00c7a383 lw               x7, 12(x15)          x7=3eef5305 x15:1c010b38  PA:1c010b44
18205334ns          311404 1c00868a 3088f8c3 fmadd.s          f17, f17, f8, f6    f17=xxxxxxxx f17:415f85c5  f8:3fedbab9  f6:4418b655
18205353ns          311405 1c00868e 1106f853 fmul.s           f16, f13, f16       f16=xxxxxxxx f13:4108fc3f f16:410cda58
18205373ns          311406 1c008692 0a052303 lw               x6, 160(x10)         x6=411ed9cb x10:1c01115c  PA:1c0111fc
18205672ns          311421 1c008696 0107a403 lw               x8, 16(x15)          x8=40ad0325 x15:1c010b38  PA:1c010b48
18205970ns          311436 1c008698 88787843 fmadd.s          f16, f16, f7, f17   f16=xxxxxxxx f16:4296bd91  f7:3eef5305 f17:441f32e4
18205990ns          311437 1c00869c 1066f353 fmul.s           f6, f13, f6          f6=xxxxxxxx f13:4108fc3f  f6:411ed9cb
18206010ns          311438 1c0086a0 0c852883 lw               x17, 200(x10)       x17=3e6aad01 x10:1c01115c  PA:1c011224
18206308ns          311453 1c0086a4 0147a383 lw               x7, 20(x15)          x7=3f56fa5e x15:1c010b38  PA:1c010b4c
18206626ns          311469 1c0086a8 80837343 fmadd.s          f6, f6, f8, f16      f6=xxxxxxxx  f6:42aa0073  f8:40ad0325 f16:442801a2
18206646ns          311470 1c0086ac 1116f8d3 fmul.s           f17, f13, f17       f17=xxxxxxxx f13:4108fc3f f17:3e6aad01
18206666ns          311471 1c0086b0 0f052803 lw               x16, 240(x10)       x16=410e268b x10:1c01115c  PA:1c01124c
18206965ns          311486 1c0086b4 0187a403 lw               x8, 24(x15)          x8=407c65f3 x15:1c010b38  PA:1c010b50
18207263ns          311501 1c0086b6 3078f8c3 fmadd.s          f17, f17, f7, f6    f17=xxxxxxxx f17:3ffb2649  f7:3f56fa5e  f6:448d7303
18207283ns          311502 1c0086ba 1106f853 fmul.s           f16, f13, f16       f16=xxxxxxxx f13:4108fc3f f16:410e268b
18207303ns          311503 1c0086be 11852303 lw               x6, 280(x10)         x6=410b586a x10:1c01115c  PA:1c011274
18207601ns          311518 1c0086c2 01c7a383 lw               x7, 28(x15)          x7=410d50e8 x15:1c010b38  PA:1c010b54
18207919ns          311534 1c0086c6 88887843 fmadd.s          f16, f16, f8, f17   f16=xxxxxxxx f16:42982116  f8:407c65f3 f17:448da7bd
18207939ns          311535 1c0086ca 1066f353 fmul.s           f6, f13, f6          f6=xxxxxxxx f13:4108fc3f  f6:410b586a
18207959ns          311536 1c0086ce 14052883 lw               x17, 320(x10)       x17=40ce44af x10:1c01115c  PA:1c01129c
18208257ns          311551 1c0086d2 0207a403 lw               x8, 32(x15)          x8=410b2aa7 x15:1c010b38  PA:1c010b58
18208556ns          311566 1c0086d4 80737343 fmadd.s          f6, f6, f7, f16      f6=xxxxxxxx  f6:4295208b  f7:410d50e8 f16:44b32707
18208576ns          311567 1c0086d8 1116f8d3 fmul.s           f17, f13, f17       f17=xxxxxxxx f13:4108fc3f f17:40ce44af
18208596ns          311568 1c0086dc 16852803 lw               x16, 360(x10)       x16=4090e85f x10:1c01115c  PA:1c0112c4
18208894ns          311583 1c0086e0 0247a383 lw               x7, 36(x15)          x7=40f5b887 x15:1c010b38  PA:1c010b5c
18209212ns          311599 1c0086e4 3088f8c3 fmadd.s          f17, f17, f8, f6    f17=xxxxxxxx f17:425cbf77  f8:410b2aa7  f6:4502bc8a
18209232ns          311600 1c0086e8 1106f853 fmul.s           f16, f13, f16       f16=xxxxxxxx f13:4108fc3f f16:4090e85f
18209252ns          311601 1c0086ec 000ea303 lw               x6, 0(x29)           x6=411c8b8e x29:10001e8c  PA:10001e8c
18209272ns          311602 1c0086f0 02878793 addi             x15, x15, 40        x15=1c010b60 x15:1c010b38
18209292ns          311603 1c0086f4 88787843 fmadd.s          f16, f16, f7, f17   f16=xxxxxxxx f16:421b1476  f7:40f5b887 f17:4520bcb9
18209312ns          311604 1c0086f8 80e37843 fmadd.s          f16, f6, f14, f16   f16=xxxxxxxx  f6:411c8b8e f14:410568ab f16:45335805
18209332ns          311605 1c0086fc 030ea42b p.sw             x16, 40(x29!)       x29=10001eb4 x16:4538714d x29:10001e8c  PA:10001e8c
18209351ns          311606 1c008658 00052803 lw               x16, 0(x10)         x16=40cb1bba x10:1c01115c  PA:1c01115c
18209650ns          311621 1c00865c 0007a883 lw               x17, 0(x15)         x17=408437c5 x15:1c010b60  PA:1c010b60
18209948ns          311636 1c008660 1106f853 fmul.s           f16, f13, f16       f16=xxxxxxxx f13:4108fc3f f16:40cb1bba
18209968ns          311637 1c008664 02852303 lw               x6, 40(x10)          x6=40299fa3 x10:1c01115c  PA:1c011184
18210266ns          311652 1c008668 0047a383 lw               x7, 4(x15)           x7=40ed961d x15:1c010b60  PA:1c010b64
18210585ns          311668 1c00866c f1187843 fmadd.s          f16, f16, f17, f30  f16=xxxxxxxx f16:42595db8 f17:408437c5 f30:00000000
18210605ns          311669 1c008670 1066f353 fmul.s           f6, f13, f6          f6=xxxxxxxx f13:4108fc3f  f6:40299fa3
18210624ns          311670 1c008674 05052883 lw               x17, 80(x10)        x17=3fd0dc66 x10:1c01115c  PA:1c0111ac
18210923ns          311685 1c008678 0087a403 lw               x8, 8(x15)           x8=410b9643 x15:1c010b60  PA:1c010b68
18211221ns          311700 1c00867a 80737343 fmadd.s          f6, f6, f7, f16      f6=xxxxxxxx  f6:41b587e3  f7:40ed961d f16:4360875b
18211241ns          311701 1c00867e 1116f8d3 fmul.s           f17, f13, f17       f17=xxxxxxxx f13:4108fc3f f17:3fd0dc66
18211261ns          311702 1c008682 07852803 lw               x16, 120(x10)       x16=410cda58 x10:1c01115c  PA:1c0111d4
18211559ns          311717 1c008686 00c7a383 lw               x7, 12(x15)          x7=3fa0a167 x15:1c010b60  PA:1c010b6c
18211878ns          311733 1c00868a 3088f8c3 fmadd.s          f17, f17, f8, f6    f17=xxxxxxxx f17:415f85c5  f8:410b9643  f6:43c4804d
18211897ns          311734 1c00868e 1106f853 fmul.s           f16, f13, f16       f16=xxxxxxxx f13:4108fc3f f16:410cda58
18211917ns          311735 1c008692 0a052303 lw               x6, 160(x10)         x6=411ed9cb x10:1c01115c  PA:1c0111fc
18212216ns          311750 1c008696 0107a403 lw               x8, 16(x15)          x8=411beb61 x15:1c010b60  PA:1c010b70
18212514ns          311765 1c008698 88787843 fmadd.s          f16, f16, f7, f17   f16=xxxxxxxx f16:4296bd91  f7:3fa0a167 f17:4400b85c
18212534ns          311766 1c00869c 1066f353 fmul.s           f6, f13, f6          f6=xxxxxxxx f13:4108fc3f  f6:411ed9cb
18212554ns          311767 1c0086a0 0c852883 lw               x17, 200(x10)       x17=3e6aad01 x10:1c01115c  PA:1c011224
18212852ns          311782 1c0086a4 0147a383 lw               x7, 20(x15)          x7=40a15457 x15:1c010b60  PA:1c010b74
18213170ns          311798 1c0086a8 80837343 fmadd.s          f6, f6, f8, f16      f6=xxxxxxxx  f6:42aa0073  f8:411beb61 f16:44185dbd
18213190ns          311799 1c0086ac 1116f8d3 fmul.s           f17, f13, f17       f17=xxxxxxxx f13:4108fc3f f17:3e6aad01
18213210ns          311800 1c0086b0 0f052803 lw               x16, 240(x10)       x16=410e268b x10:1c01115c  PA:1c01124c
18213509ns          311815 1c0086b4 0187a403 lw               x8, 24(x15)          x8=40f27469 x15:1c010b60  PA:1c010b78
18213807ns          311830 1c0086b6 3078f8c3 fmadd.s          f17, f17, f7, f6    f17=xxxxxxxx f17:3ffb2649  f7:40a15457  f6:44b3b973
18213827ns          311831 1c0086ba 1106f853 fmul.s           f16, f13, f16       f16=xxxxxxxx f13:4108fc3f f16:410e268b
18213847ns          311832 1c0086be 11852303 lw               x6, 280(x10)         x6=410b586a x10:1c01115c  PA:1c011274
18214145ns          311847 1c0086c2 01c7a383 lw               x7, 28(x15)          x7=40c477c3 x15:1c010b60  PA:1c010b7c
18214443ns          311862 1c0086c6 88887843 fmadd.s          f16, f16, f8, f17   f16=xxxxxxxx f16:42982116  f8:40f27469 f17:44b4f5ff
18214463ns          311863 1c0086ca 1066f353 fmul.s           f6, f13, f6          f6=xxxxxxxx f13:4108fc3f  f6:410b586a
18214483ns          311864 1c0086ce 14052883 lw               x17, 320(x10)       x17=40ce44af x10:1c01115c  PA:1c01129c
18214782ns          311879 1c0086d2 0207a403 lw               x8, 32(x15)          x8=41175a38 x15:1c010b60  PA:1c010b80
18215080ns          311894 1c0086d4 80737343 fmadd.s          f6, f6, f7, f16      f6=xxxxxxxx  f6:4295208b  f7:40c477c3 f16:44fd0039
18215100ns          311895 1c0086d8 1116f8d3 fmul.s           f17, f13, f17       f17=xxxxxxxx f13:4108fc3f f17:40ce44af
18215120ns          311896 1c0086dc 16852803 lw               x16, 360(x10)       x16=4090e85f x10:1c01115c  PA:1c0112c4
18215418ns          311911 1c0086e0 0247a383 lw               x7, 36(x15)          x7=3ff9e780 x15:1c010b60  PA:1c010b84
18215716ns          311926 1c0086e4 3088f8c3 fmadd.s          f17, f17, f8, f6    f17=xxxxxxxx f17:425cbf77  f8:41175a38  f6:451b1cc8
18215736ns          311927 1c0086e8 1106f853 fmul.s           f16, f13, f16       f16=xxxxxxxx f13:4108fc3f f16:4090e85f
18215756ns          311928 1c0086ec 000ea303 lw               x6, 0(x29)           x6=40deb210 x29:10001eb4  PA:10001eb4
18215776ns          311929 1c0086f0 02878793 addi             x15, x15, 40        x15=1c010b88 x15:1c010b60
18215796ns          311930 1c0086f4 88787843 fmadd.s          f16, f16, f7, f17   f16=xxxxxxxx f16:421b1476  f7:3ff9e780 f17:453bbd77
18215816ns          311931 1c0086f8 80e37843 fmadd.s          f16, f6, f14, f16   f16=xxxxxxxx  f6:40deb210 f14:410568ab f16:45407890
18215836ns          311932 1c0086fc 030ea42b p.sw             x16, 40(x29!)       x29=10001edc x16:454418fc x29:10001eb4  PA:10001eb4
18215856ns          311933 1c008658 00052803 lw               x16, 0(x10)         x16=40cb1bba x10:1c01115c  PA:1c01115c
18216154ns          311948 1c00865c 0007a883 lw               x17, 0(x15)         x17=40c4247b x15:1c010b88  PA:1c010b88
18216452ns          311963 1c008660 1106f853 fmul.s           f16, f13, f16       f16=xxxxxxxx f13:4108fc3f f16:40cb1bba
18216472ns          311964 1c008664 02852303 lw               x6, 40(x10)          x6=40299fa3 x10:1c01115c  PA:1c011184
18216771ns          311979 1c008668 0047a383 lw               x7, 4(x15)           x7=40bb9d4f x15:1c010b88  PA:1c010b8c
18217069ns          311994 1c00866c f1187843 fmadd.s          f16, f16, f17, f30  f16=xxxxxxxx f16:42595db8 f17:40c4247b f30:00000000
18217089ns          311995 1c008670 1066f353 fmul.s           f6, f13, f6          f6=xxxxxxxx f13:4108fc3f  f6:40299fa3
18217109ns          311996 1c008674 05052883 lw               x17, 80(x10)        x17=3fd0dc66 x10:1c01115c  PA:1c0111ac
18217407ns          312011 1c008678 0087a403 lw               x8, 8(x15)           x8=41196e5d x15:1c010b88  PA:1c010b90
18217706ns          312026 1c00867a 80737343 fmadd.s          f6, f6, f7, f16      f6=xxxxxxxx  f6:41b587e3  f7:40bb9d4f f16:43a68aba
18217725ns          312027 1c00867e 1116f8d3 fmul.s           f17, f13, f17       f17=xxxxxxxx f13:4108fc3f f17:3fd0dc66
18217745ns          312028 1c008682 07852803 lw               x16, 120(x10)       x16=410cda58 x10:1c01115c  PA:1c0111d4
18218044ns          312043 1c008686 00c7a383 lw               x7, 12(x15)          x7=40ae3ac2 x15:1c010b88  PA:1c010b94
18218342ns          312058 1c00868a 3088f8c3 fmadd.s          f17, f17, f8, f6    f17=xxxxxxxx f17:415f85c5  f8:41196e5d  f6:43e90fa2
18218362ns          312059 1c00868e 1106f853 fmul.s           f16, f13, f16       f16=xxxxxxxx f13:4108fc3f f16:410cda58
18218382ns          312060 1c008692 0a052303 lw               x6, 160(x10)         x6=411ed9cb x10:1c01115c  PA:1c0111fc
18218680ns          312075 1c008696 0107a403 lw               x8, 16(x15)          x8=40ad1860 x15:1c010b88  PA:1c010b98
18218979ns          312090 1c008698 88787843 fmadd.s          f16, f16, f7, f17   f16=xxxxxxxx f16:4296bd91  f7:40ae3ac2 f17:441605a5
18218998ns          312091 1c00869c 1066f353 fmul.s           f6, f13, f6          f6=xxxxxxxx f13:4108fc3f  f6:411ed9cb
18219018ns          312092 1c0086a0 0c852883 lw               x17, 200(x10)       x17=3e6aad01 x10:1c01115c  PA:1c011224
18219317ns          312107 1c0086a4 0147a383 lw               x7, 20(x15)          x7=4007d079 x15:1c010b88  PA:1c010b9c
18219615ns          312122 1c0086a8 80837343 fmadd.s          f6, f6, f8, f16      f6=xxxxxxxx  f6:42aa0073  f8:40ad1860 f16:447c9d17
18219635ns          312123 1c0086ac 1116f8d3 fmul.s           f17, f13, f17       f17=xxxxxxxx f13:4108fc3f f17:3e6aad01
18219655ns          312124 1c0086b0 0f052803 lw               x16, 240(x10)       x16=410e268b x10:1c01115c  PA:1c01124c
18219953ns          312139 1c0086b4 0187a403 lw               x8, 24(x15)          x8=410d9791 x15:1c010b88  PA:1c010ba0
18220252ns          312154 1c0086b6 3078f8c3 fmadd.s          f17, f17, f7, f6    f17=xxxxxxxx f17:3ffb2649  f7:4007d079  f6:44b7c7ca
18220271ns          312155 1c0086ba 1106f853 fmul.s           f16, f13, f16       f16=xxxxxxxx f13:4108fc3f f16:410e268b
18220291ns          312156 1c0086be 11852303 lw               x6, 280(x10)         x6=410b586a x10:1c01115c  PA:1c011274
18220590ns          312171 1c0086c2 01c7a383 lw               x7, 28(x15)          x7=40b60664 x15:1c010b88  PA:1c010ba4
18220888ns          312186 1c0086c6 88887843 fmadd.s          f16, f16, f8, f17   f16=xxxxxxxx f16:42982116  f8:410d9791 f17:44b84d08
18220908ns          312187 1c0086ca 1066f353 fmul.s           f6, f13, f6          f6=xxxxxxxx f13:4108fc3f  f6:410b586a
18220928ns          312188 1c0086ce 14052883 lw               x17, 320(x10)       x17=40ce44af x10:1c01115c  PA:1c01129c
18221246ns          312204 1c0086d2 0207a403 lw               x8, 32(x15)          x8=40fff281 x15:1c010b88  PA:1c010ba8
18221544ns          312219 1c0086d4 80737343 fmadd.s          f6, f6, f7, f16      f6=xxxxxxxx  f6:4295208b  f7:40b60664 f16:450638a9
18221564ns          312220 1c0086d8 1116f8d3 fmul.s           f17, f13, f17       f17=xxxxxxxx f13:4108fc3f f17:40ce44af
18221584ns          312221 1c0086dc 16852803 lw               x16, 360(x10)       x16=4090e85f x10:1c01115c  PA:1c0112c4
18221883ns          312236 1c0086e0 0247a383 lw               x7, 36(x15)          x7=3deed019 x15:1c010b88  PA:1c010bac
18222181ns          312251 1c0086e4 3088f8c3 fmadd.s          f17, f17, f8, f6    f17=xxxxxxxx f17:425cbf77  f8:40fff281  f6:4520bae0
18222201ns          312252 1c0086e8 1106f853 fmul.s           f16, f13, f16       f16=xxxxxxxx f13:4108fc3f f16:4090e85f
18222221ns          312253 1c0086ec 000ea303 lw               x6, 0(x29)           x6=4112ed0a x29:10001edc  PA:10001edc
18222241ns          312254 1c0086f0 02878793 addi             x15, x15, 40        x15=1c010bb0 x15:1c010b88
18222261ns          312255 1c0086f4 88787843 fmadd.s          f16, f16, f7, f17   f16=xxxxxxxx f16:421b1476  f7:3deed019 f17:453c515a
18222280ns          312256 1c0086f8 80e37843 fmadd.s          f16, f6, f14, f16   f16=xxxxxxxx  f6:4112ed0a f14:410568ab f16:453c99b0
18222300ns          312257 1c0086fc 030ea42b p.sw             x16, 40(x29!)       x29=10001f04 x16:454162c4 x29:10001edc  PA:10001edc
18222320ns          312258 1c008658 00052803 lw               x16, 0(x10)         x16=40cb1bba x10:1c01115c  PA:1c01115c
18222619ns          312273 1c00865c 0007a883 lw               x17, 0(x15)         x17=410671ff x15:1c010bb0  PA:1c010bb0
18222917ns          312288 1c008660 1106f853 fmul.s           f16, f13, f16       f16=xxxxxxxx f13:4108fc3f f16:40cb1bba
18222937ns          312289 1c008664 02852303 lw               x6, 40(x10)          x6=40299fa3 x10:1c01115c  PA:1c011184
18223235ns          312304 1c008668 0047a383 lw               x7, 4(x15)           x7=40b8f6e2 x15:1c010bb0  PA:1c010bb4
18223534ns          312319 1c00866c f1187843 fmadd.s          f16, f16, f17, f30  f16=xxxxxxxx f16:42595db8 f17:410671ff f30:00000000
18223553ns          312320 1c008670 1066f353 fmul.s           f6, f13, f6          f6=xxxxxxxx f13:4108fc3f  f6:40299fa3
18223573ns          312321 1c008674 05052883 lw               x17, 80(x10)        x17=3fd0dc66 x10:1c01115c  PA:1c0111ac
18223892ns          312337 1c008678 0087a403 lw               x8, 8(x15)           x8=4080fb0c x15:1c010bb0  PA:1c010bb8
18224190ns          312352 1c00867a 80737343 fmadd.s          f6, f6, f7, f16      f6=xxxxxxxx  f6:41b587e3  f7:40b8f6e2 f16:43e44fb2
18224210ns          312353 1c00867e 1116f8d3 fmul.s           f17, f13, f17       f17=xxxxxxxx f13:4108fc3f f17:3fd0dc66
18224230ns          312354 1c008682 07852803 lw               x16, 120(x10)       x16=410cda58 x10:1c01115c  PA:1c0111d4
18224528ns          312369 1c008686 00c7a383 lw               x7, 12(x15)          x7=40aa66ec x15:1c010bb0  PA:1c010bbc
18224826ns          312384 1c00868a 3088f8c3 fmadd.s          f17, f17, f8, f6    f17=xxxxxxxx f17:415f85c5  f8:4080fb0c  f6:4412f208
18224846ns          312385 1c00868e 1106f853 fmul.s           f16, f13, f16       f16=xxxxxxxx f13:4108fc3f f16:410cda58
18224866ns          312386 1c008692 0a052303 lw               x6, 160(x10)         x6=411ed9cb x10:1c01115c  PA:1c0111fc
18225184ns          312402 1c008696 0107a403 lw               x8, 16(x15)          x8=4114eab4 x15:1c010bb0  PA:1c010bc0
18225483ns          312417 1c008698 88787843 fmadd.s          f16, f16, f7, f17   f16=xxxxxxxx f16:4296bd91  f7:40aa66ec f17:442105cb
18225503ns          312418 1c00869c 1066f353 fmul.s           f6, f13, f6          f6=xxxxxxxx f13:4108fc3f  f6:411ed9cb
18225523ns          312419 1c0086a0 0c852883 lw               x17, 200(x10)       x17=3e6aad01 x10:1c01115c  PA:1c011224
18225821ns          312434 1c0086a4 0147a383 lw               x7, 20(x15)          x7=406a57db x15:1c010bb0  PA:1c010bc4
18226119ns          312449 1c0086a8 80837343 fmadd.s          f6, f6, f8, f16      f6=xxxxxxxx  f6:42aa0073  f8:4114eab4 f16:4482ae24
18226139ns          312450 1c0086ac 1116f8d3 fmul.s           f17, f13, f17       f17=xxxxxxxx f13:4108fc3f f17:3e6aad01
18226159ns          312451 1c0086b0 0f052803 lw               x16, 240(x10)       x16=410e268b x10:1c01115c  PA:1c01124c
18226477ns          312467 1c0086b4 0187a403 lw               x8, 24(x15)          x8=411a89f7 x15:1c010bb0  PA:1c010bc8
18226776ns          312482 1c0086b6 3078f8c3 fmadd.s          f17, f17, f7, f6    f17=xxxxxxxx f17:3ffb2649  f7:406a57db  f6:44e59242
18226796ns          312483 1c0086ba 1106f853 fmul.s           f16, f13, f16       f16=xxxxxxxx f13:4108fc3f f16:410e268b
18226816ns          312484 1c0086be 11852303 lw               x6, 280(x10)         x6=410b586a x10:1c01115c  PA:1c011274
18227114ns          312499 1c0086c2 01c7a383 lw               x7, 28(x15)          x7=410c9a00 x15:1c010bb0  PA:1c010bcc
18227412ns          312514 1c0086c6 88887843 fmadd.s          f16, f16, f8, f17   f16=xxxxxxxx f16:42982116  f8:411a89f7 f17:44e67829
18227432ns          312515 1c0086ca 1066f353 fmul.s           f6, f13, f6          f6=xxxxxxxx f13:4108fc3f  f6:410b586a
18227452ns          312516 1c0086ce 14052883 lw               x17, 320(x10)       x17=40ce44af x10:1c01115c  PA:1c01129c
18227750ns          312531 1c0086d2 0207a403 lw               x8, 32(x15)          x8=406ec75b x15:1c010bb0  PA:1c010bd0
18228049ns          312546 1c0086d4 80737343 fmadd.s          f6, f6, f7, f16      f6=xxxxxxxx  f6:4295208b  f7:410c9a00 f16:45212706
18228069ns          312547 1c0086d8 1116f8d3 fmul.s           f17, f13, f17       f17=xxxxxxxx f13:4108fc3f f17:40ce44af
18228089ns          312548 1c0086dc 16852803 lw               x16, 360(x10)       x16=4090e85f x10:1c01115c  PA:1c0112c4
18228387ns          312563 1c0086e0 0247a383 lw               x7, 36(x15)          x7=3f24dd60 x15:1c010bb0  PA:1c010bd4
18228685ns          312578 1c0086e4 3088f8c3 fmadd.s          f17, f17, f8, f6    f17=xxxxxxxx f17:425cbf77  f8:406ec75b  f6:454a1ac7
18228705ns          312579 1c0086e8 1106f853 fmul.s           f16, f13, f16       f16=xxxxxxxx f13:4108fc3f f16:4090e85f
18228725ns          312580 1c0086ec 000ea303 lw               x6, 0(x29)           x6=41061673 x29:10001f04  PA:10001f04
18228745ns          312581 1c0086f0 02878793 addi             x15, x15, 40        x15=1c010bd8 x15:1c010bb0
18228765ns          312582 1c0086f4 88787843 fmadd.s          f16, f16, f7, f17   f16=xxxxxxxx f16:421b1476  f7:3f24dd60 f17:4556f925
18228785ns          312583 1c0086f8 80e37843 fmadd.s          f16, f6, f14, f16   f16=xxxxxxxx  f6:41061673 f14:410568ab f16:455888a2
18228805ns          312584 1c0086fc 030ea42b p.sw             x16, 40(x29!)       x29=10001f2c x16:455ce6aa x29:10001f04  PA:10001f04
18228825ns          312585 1c008658 00052803 lw               x16, 0(x10)         x16=40cb1bba x10:1c01115c  PA:1c01115c
18229143ns          312601 1c00865c 0007a883 lw               x17, 0(x15)         x17=4084e048 x15:1c010bd8  PA:1c010bd8
18229441ns          312616 1c008660 1106f853 fmul.s           f16, f13, f16       f16=xxxxxxxx f13:4108fc3f f16:40cb1bba
18229461ns          312617 1c008664 02852303 lw               x6, 40(x10)          x6=40299fa3 x10:1c01115c  PA:1c011184
18229759ns          312632 1c008668 0047a383 lw               x7, 4(x15)           x7=3fec26a0 x15:1c010bd8  PA:1c010bdc
18230058ns          312647 1c00866c f1187843 fmadd.s          f16, f16, f17, f30  f16=xxxxxxxx f16:42595db8 f17:4084e048 f30:00000000
18230078ns          312648 1c008670 1066f353 fmul.s           f6, f13, f6          f6=xxxxxxxx f13:4108fc3f  f6:40299fa3
18230098ns          312649 1c008674 05052883 lw               x17, 80(x10)        x17=3fd0dc66 x10:1c01115c  PA:1c0111ac
18230396ns          312664 1c008678 0087a403 lw               x8, 8(x15)           x8=3ecbcadc x15:1c010bd8  PA:1c010be0
18230694ns          312679 1c00867a 80737343 fmadd.s          f6, f6, f7, f16      f6=xxxxxxxx  f6:41b587e3  f7:3fec26a0 f16:4361a584
18230714ns          312680 1c00867e 1116f8d3 fmul.s           f17, f13, f17       f17=xxxxxxxx f13:4108fc3f f17:3fd0dc66
18230734ns          312681 1c008682 07852803 lw               x16, 120(x10)       x16=410cda58 x10:1c01115c  PA:1c0111d4
18231032ns          312696 1c008686 00c7a383 lw               x7, 12(x15)          x7=3fd85ef8 x15:1c010bd8  PA:1c010be4
18231331ns          312711 1c00868a 3088f8c3 fmadd.s          f17, f17, f8, f6    f17=xxxxxxxx f17:415f85c5  f8:3ecbcadc  f6:4385c157
18231351ns          312712 1c00868e 1106f853 fmul.s           f16, f13, f16       f16=xxxxxxxx f13:4108fc3f f16:410cda58
18231371ns          312713 1c008692 0a052303 lw               x6, 160(x10)         x6=411ed9cb x10:1c01115c  PA:1c0111fc
18231669ns          312728 1c008696 0107a403 lw               x8, 16(x15)          x8=40352655 x15:1c010bd8  PA:1c010be8
18231967ns          312743 1c008698 88787843 fmadd.s          f16, f16, f7, f17   f16=xxxxxxxx f16:4296bd91  f7:3fd85ef8 f17:43888918
18231987ns          312744 1c00869c 1066f353 fmul.s           f6, f13, f6          f6=xxxxxxxx f13:4108fc3f  f6:411ed9cb
18232007ns          312745 1c0086a0 0c852883 lw               x17, 200(x10)       x17=3e6aad01 x10:1c01115c  PA:1c011224
18232305ns          312760 1c0086a4 0147a383 lw               x7, 20(x15)          x7=410c1943 x15:1c010bd8  PA:1c010bec
18232604ns          312775 1c0086a8 80837343 fmadd.s          f6, f6, f8, f16      f6=xxxxxxxx  f6:42aa0073  f8:40352655 f16:43c83d07
18232624ns          312776 1c0086ac 1116f8d3 fmul.s           f17, f13, f17       f17=xxxxxxxx f13:4108fc3f f17:3e6aad01
18232644ns          312777 1c0086b0 0f052803 lw               x16, 240(x10)       x16=410e268b x10:1c01115c  PA:1c01124c
18232942ns          312792 1c0086b4 0187a403 lw               x8, 24(x15)          x8=3f0ca8bf x15:1c010bd8  PA:1c010bf0
18233260ns          312808 1c0086b6 3078f8c3 fmadd.s          f17, f17, f7, f6    f17=xxxxxxxx f17:3ffb2649  f7:410c1943  f6:44204466
18233280ns          312809 1c0086ba 1106f853 fmul.s           f16, f13, f16       f16=xxxxxxxx f13:4108fc3f f16:410e268b
18233300ns          312810 1c0086be 11852303 lw               x6, 280(x10)         x6=410b586a x10:1c01115c  PA:1c011274
18233598ns          312825 1c0086c2 01c7a383 lw               x7, 28(x15)          x7=4114ea99 x15:1c010bd8  PA:1c010bf4
18233897ns          312840 1c0086c6 88887843 fmadd.s          f16, f16, f8, f17   f16=xxxxxxxx f16:42982116  f8:3f0ca8bf f17:44248ff4
18233917ns          312841 1c0086ca 1066f353 fmul.s           f6, f13, f6          f6=xxxxxxxx f13:4108fc3f  f6:410b586a
18233936ns          312842 1c0086ce 14052883 lw               x17, 320(x10)       x17=40ce44af x10:1c01115c  PA:1c01129c
18234235ns          312857 1c0086d2 0207a403 lw               x8, 32(x15)          x8=3f1f6eca x15:1c010bd8  PA:1c010bf8
18234553ns          312873 1c0086d4 80737343 fmadd.s          f6, f6, f7, f16      f6=xxxxxxxx  f6:4295208b  f7:4114ea99 f16:442f02c0
18234573ns          312874 1c0086d8 1116f8d3 fmul.s           f17, f13, f17       f17=xxxxxxxx f13:4108fc3f f17:40ce44af
18234593ns          312875 1c0086dc 16852803 lw               x16, 360(x10)       x16=4090e85f x10:1c01115c  PA:1c0112c4
18234891ns          312890 1c0086e0 0247a383 lw               x7, 36(x15)          x7=40aa65bf x15:1c010bd8  PA:1c010bfc
18235209ns          312906 1c0086e4 3088f8c3 fmadd.s          f17, f17, f8, f6    f17=xxxxxxxx f17:425cbf77  f8:3f1f6eca  f6:44ae40d9
18235229ns          312907 1c0086e8 1106f853 fmul.s           f16, f13, f16       f16=xxxxxxxx f13:4108fc3f f16:4090e85f
18235249ns          312908 1c0086ec 000ea303 lw               x6, 0(x29)           x6=4100bd61 x29:10001f2c  PA:10001f2c
18235269ns          312909 1c0086f0 02878793 addi             x15, x15, 40        x15=1c010c00 x15:1c010bd8
18235289ns          312910 1c0086f4 88787843 fmadd.s          f16, f16, f7, f17   f16=xxxxxxxx f16:421b1476  f7:40aa65bf f17:44b28cad
18235309ns          312911 1c0086f8 80e37843 fmadd.s          f16, f6, f14, f16   f16=xxxxxxxx  f6:4100bd61 f14:410568ab f16:44cc5afb
18235329ns          312912 1c0086fc 030ea42b p.sw             x16, 40(x29!)       x29=10001f54 x16:44d4bddc x29:10001f2c  PA:10001f2c
18235349ns          312913 1c008658 00052803 lw               x16, 0(x10)         x16=40cb1bba x10:1c01115c  PA:1c01115c
18235647ns          312928 1c00865c 0007a883 lw               x17, 0(x15)         x17=3fcaa69f x15:1c010c00  PA:1c010c00
18235945ns          312943 1c008660 1106f853 fmul.s           f16, f13, f16       f16=xxxxxxxx f13:4108fc3f f16:40cb1bba
18235965ns          312944 1c008664 02852303 lw               x6, 40(x10)          x6=40299fa3 x10:1c01115c  PA:1c011184
18236264ns          312959 1c008668 0047a383 lw               x7, 4(x15)           x7=406a560e x15:1c010c00  PA:1c010c04
18236562ns          312974 1c00866c f1187843 fmadd.s          f16, f16, f17, f30  f16=xxxxxxxx f16:42595db8 f17:3fcaa69f f30:00000000
18236582ns          312975 1c008670 1066f353 fmul.s           f6, f13, f6          f6=xxxxxxxx f13:4108fc3f  f6:40299fa3
18236602ns          312976 1c008674 05052883 lw               x17, 80(x10)        x17=3fd0dc66 x10:1c01115c  PA:1c0111ac
18236900ns          312991 1c008678 0087a403 lw               x8, 8(x15)           x8=40655dec x15:1c010c00  PA:1c010c08
18237218ns          313007 1c00867a 80737343 fmadd.s          f6, f6, f7, f16      f6=xxxxxxxx  f6:41b587e3  f7:406a560e f16:42ac116d
18237238ns          313008 1c00867e 1116f8d3 fmul.s           f17, f13, f17       f17=xxxxxxxx f13:4108fc3f f17:3fd0dc66
18237258ns          313009 1c008682 07852803 lw               x16, 120(x10)       x16=410cda58 x10:1c01115c  PA:1c0111d4
18237557ns          313024 1c008686 00c7a383 lw               x7, 12(x15)          x7=40b6d481 x15:1c010c00  PA:1c010c0c
18237855ns          313039 1c00868a 3088f8c3 fmadd.s          f17, f17, f8, f6    f17=xxxxxxxx f17:415f85c5  f8:40655dec  f6:43291e54
18237875ns          313040 1c00868e 1106f853 fmul.s           f16, f13, f16       f16=xxxxxxxx f13:4108fc3f f16:410cda58
18237895ns          313041 1c008692 0a052303 lw               x6, 160(x10)         x6=411ed9cb x10:1c01115c  PA:1c0111fc
18238193ns          313056 1c008696 0107a403 lw               x8, 16(x15)          x8=3ffab76f x15:1c010c00  PA:1c010c10
18238511ns          313072 1c008698 88787843 fmadd.s          f16, f16, f7, f17   f16=xxxxxxxx f16:4296bd91  f7:40b6d481 f17:435b2f7f
18238531ns          313073 1c00869c 1066f353 fmul.s           f6, f13, f6          f6=xxxxxxxx f13:4108fc3f  f6:411ed9cb
18238551ns          313074 1c0086a0 0c852883 lw               x17, 200(x10)       x17=3e6aad01 x10:1c01115c  PA:1c011224
18238849ns          313089 1c0086a4 0147a383 lw               x7, 20(x15)          x7=40abb524 x15:1c010c00  PA:1c010c14
18239148ns          313104 1c0086a8 80837343 fmadd.s          f6, f6, f8, f16      f6=xxxxxxxx  f6:42aa0073  f8:3ffab76f f16:442273c6
18239168ns          313105 1c0086ac 1116f8d3 fmul.s           f17, f13, f17       f17=xxxxxxxx f13:4108fc3f f17:3e6aad01
18239188ns          313106 1c0086b0 0f052803 lw               x16, 240(x10)       x16=410e268b x10:1c01115c  PA:1c01124c
18239486ns          313121 1c0086b4 0187a403 lw               x8, 24(x15)          x8=4086fe8b x15:1c010c00  PA:1c010c18
18239804ns          313137 1c0086b6 3078f8c3 fmadd.s          f17, f17, f7, f6    f17=xxxxxxxx f17:3ffb2649  f7:40abb524  f6:444c1356
18239824ns          313138 1c0086ba 1106f853 fmul.s           f16, f13, f16       f16=xxxxxxxx f13:4108fc3f f16:410e268b
18239844ns          313139 1c0086be 11852303 lw               x6, 280(x10)         x6=410b586a x10:1c01115c  PA:1c011274
18240142ns          313154 1c0086c2 01c7a383 lw               x7, 28(x15)          x7=3fb98a38 x15:1c010c00  PA:1c010c1c
18240441ns          313169 1c0086c6 88887843 fmadd.s          f16, f16, f8, f17   f16=xxxxxxxx f16:42982116  f8:4086fe8b f17:444eb527
18240461ns          313170 1c0086ca 1066f353 fmul.s           f6, f13, f6          f6=xxxxxxxx f13:4108fc3f  f6:410b586a
18240480ns          313171 1c0086ce 14052883 lw               x17, 320(x10)       x17=40ce44af x10:1c01115c  PA:1c01129c
18240779ns          313186 1c0086d2 0207a403 lw               x8, 32(x15)          x8=410c6ca0 x15:1c010c00  PA:1c010c20
18241077ns          313201 1c0086d4 80737343 fmadd.s          f6, f6, f7, f16      f6=xxxxxxxx  f6:4295208b  f7:3fb98a38 f16:448f76de
18241097ns          313202 1c0086d8 1116f8d3 fmul.s           f17, f13, f17       f17=xxxxxxxx f13:4108fc3f f17:40ce44af
18241117ns          313203 1c0086dc 16852803 lw               x16, 360(x10)       x16=4090e85f x10:1c01115c  PA:1c0112c4
18241415ns          313218 1c0086e0 0247a383 lw               x7, 36(x15)          x7=410e1973 x15:1c010c00  PA:1c010c24
18241714ns          313233 1c0086e4 3088f8c3 fmadd.s          f17, f17, f8, f6    f17=xxxxxxxx f17:425cbf77  f8:410c6ca0  f6:449cf97f
18241734ns          313234 1c0086e8 1106f853 fmul.s           f16, f13, f16       f16=xxxxxxxx f13:4108fc3f f16:4090e85f
18241753ns          313235 1c0086ec 000ea303 lw               x6, 0(x29)           x6=4106b5d4 x29:10001f54  PA:10001f54
18241773ns          313236 1c0086f0 02878793 addi             x15, x15, 40        x15=1c010c28 x15:1c010c00
18241793ns          313237 1c0086f4 88787843 fmadd.s          f16, f16, f7, f17   f16=xxxxxxxx f16:421b1476  f7:410e1973 f17:44d984af
18241813ns          313238 1c0086f8 80e37843 fmadd.s          f16, f6, f14, f16   f16=xxxxxxxx  f6:4106b5d4 f14:410568ab f16:45024789
18241833ns          313239 1c0086fc 030ea42b p.sw             x16, 40(x29!)       x29=10001f7c x16:4506aac2 x29:10001f54  PA:10001f54
18241853ns          313240 1c008658 00052803 lw               x16, 0(x10)         x16=40cb1bba x10:1c01115c  PA:1c01115c
18242151ns          313255 1c00865c 0007a883 lw               x17, 0(x15)         x17=4110e07b x15:1c010c28  PA:1c010c28
18242470ns          313271 1c008660 1106f853 fmul.s           f16, f13, f16       f16=xxxxxxxx f13:4108fc3f f16:40cb1bba
18242489ns          313272 1c008664 02852303 lw               x6, 40(x10)          x6=40299fa3 x10:1c01115c  PA:1c011184
18242788ns          313287 1c008668 0047a383 lw               x7, 4(x15)           x7=406280a9 x15:1c010c28  PA:1c010c2c
18243086ns          313302 1c00866c f1187843 fmadd.s          f16, f16, f17, f30  f16=xxxxxxxx f16:42595db8 f17:4110e07b f30:00000000
18243106ns          313303 1c008670 1066f353 fmul.s           f6, f13, f6          f6=xxxxxxxx f13:4108fc3f  f6:40299fa3
18243126ns          313304 1c008674 05052883 lw               x17, 80(x10)        x17=3fd0dc66 x10:1c01115c  PA:1c0111ac
18243424ns          313319 1c008678 0087a403 lw               x8, 8(x15)           x8=403e2622 x15:1c010c28  PA:1c010c30
18243723ns          313334 1c00867a 80737343 fmadd.s          f6, f6, f7, f16      f6=xxxxxxxx  f6:41b587e3  f7:406280a9 f16:43f606a4
18243743ns          313335 1c00867e 1116f8d3 fmul.s           f17, f13, f17       f17=xxxxxxxx f13:4108fc3f f17:3fd0dc66
18243762ns          313336 1c008682 07852803 lw               x16, 120(x10)       x16=410cda58 x10:1c01115c  PA:1c0111d4
18244061ns          313351 1c008686 00c7a383 lw               x7, 12(x15)          x7=4110fa8f x15:1c010c28  PA:1c010c34
18244359ns          313366 1c00868a 3088f8c3 fmadd.s          f17, f17, f8, f6    f17=xxxxxxxx f17:415f85c5  f8:403e2622  f6:440f16f8
18244379ns          313367 1c00868e 1106f853 fmul.s           f16, f13, f16       f16=xxxxxxxx f13:4108fc3f f16:410cda58
18244399ns          313368 1c008692 0a052303 lw               x6, 160(x10)         x6=411ed9cb x10:1c01115c  PA:1c0111fc
18244697ns          313383 1c008696 0107a403 lw               x8, 16(x15)          x8=3eac8796 x15:1c010c28  PA:1c010c38
18244996ns          313398 1c008698 88787843 fmadd.s          f16, f16, f7, f17   f16=xxxxxxxx f16:4296bd91  f7:4110fa8f f17:44197761
18245016ns          313399 1c00869c 1066f353 fmul.s           f6, f13, f6          f6=xxxxxxxx f13:4108fc3f  f6:411ed9cb
18245035ns          313400 1c0086a0 0c852883 lw               x17, 200(x10)       x17=3e6aad01 x10:1c01115c  PA:1c011224
18245334ns          313415 1c0086a4 0147a383 lw               x7, 20(x15)          x7=4114b55f x15:1c010c28  PA:1c010c3c
18245632ns          313430 1c0086a8 80837343 fmadd.s          f6, f6, f8, f16      f6=xxxxxxxx  f6:42aa0073  f8:3eac8796 f16:44a219db
18245652ns          313431 1c0086ac 1116f8d3 fmul.s           f17, f13, f17       f17=xxxxxxxx f13:4108fc3f f17:3e6aad01
18245672ns          313432 1c0086b0 0f052803 lw               x16, 240(x10)       x16=410e268b x10:1c01115c  PA:1c01124c
18245970ns          313447 1c0086b4 0187a403 lw               x8, 24(x15)          x8=40ef09d6 x15:1c010c28  PA:1c010c40
18246269ns          313462 1c0086b6 3078f8c3 fmadd.s          f17, f17, f7, f6    f17=xxxxxxxx f17:3ffb2649  f7:4114b55f  f6:44a5ae6e
18246289ns          313463 1c0086ba 1106f853 fmul.s           f16, f13, f16       f16=xxxxxxxx f13:4108fc3f f16:410e268b
18246308ns          313464 1c0086be 11852303 lw               x6, 280(x10)         x6=410b586a x10:1c01115c  PA:1c011274
18246607ns          313479 1c0086c2 01c7a383 lw               x7, 28(x15)          x7=3fe0dd39 x15:1c010c28  PA:1c010c44
18246905ns          313494 1c0086c6 88887843 fmadd.s          f16, f16, f8, f17   f16=xxxxxxxx f16:42982116  f8:40ef09d6 f17:44a7f5fe
18246925ns          313495 1c0086ca 1066f353 fmul.s           f6, f13, f6          f6=xxxxxxxx f13:4108fc3f  f6:410b586a
18246945ns          313496 1c0086ce 14052883 lw               x17, 320(x10)       x17=40ce44af x10:1c01115c  PA:1c01129c
18247243ns          313511 1c0086d2 0207a403 lw               x8, 32(x15)          x8=40e88272 x15:1c010c28  PA:1c010c48
18247542ns          313526 1c0086d4 80737343 fmadd.s          f6, f6, f7, f16      f6=xxxxxxxx  f6:4295208b  f7:3fe0dd39 f16:44eefc5c
18247562ns          313527 1c0086d8 1116f8d3 fmul.s           f17, f13, f17       f17=xxxxxxxx f13:4108fc3f f17:40ce44af
18247581ns          313528 1c0086dc 16852803 lw               x16, 360(x10)       x16=4090e85f x10:1c01115c  PA:1c0112c4
18247900ns          313544 1c0086e0 0247a383 lw               x7, 36(x15)          x7=40bb64c4 x15:1c010c28  PA:1c010c4c
18248198ns          313559 1c0086e4 3088f8c3 fmadd.s          f17, f17, f8, f6    f17=xxxxxxxx f17:425cbf77  f8:40e88272  f6:44ff5c07
18248218ns          313560 1c0086e8 1106f853 fmul.s           f16, f13, f16       f16=xxxxxxxx f13:4108fc3f f16:4090e85f
18248238ns          313561 1c0086ec 000ea303 lw               x6, 0(x29)           x6=40676125 x29:10001f7c  PA:10001f7c
18248258ns          313562 1c0086f0 02878793 addi             x15, x15, 40        x15=1c010c50 x15:1c010c28
18248278ns          313563 1c0086f4 88787843 fmadd.s          f16, f16, f7, f17   f16=xxxxxxxx f16:421b1476  f7:40bb64c4 f17:4518bdc3
18248298ns          313564 1c0086f8 80e37843 fmadd.s          f16, f6, f14, f16   f16=xxxxxxxx  f6:40676125 f14:410568ab f16:4526ee63
18248317ns          313565 1c0086fc 030ea42b p.sw             x16, 40(x29!)       x29=10001fa4 x16:4528d0b3 x29:10001f7c  PA:10001f7c
18248337ns          313566 1c008658 00052803 lw               x16, 0(x10)         x16=40cb1bba x10:1c01115c  PA:1c01115c
18248636ns          313581 1c00865c 0007a883 lw               x17, 0(x15)         x17=3fa36583 x15:1c010c50  PA:1c010c50
18248934ns          313596 1c008660 1106f853 fmul.s           f16, f13, f16       f16=xxxxxxxx f13:4108fc3f f16:40cb1bba
18248954ns          313597 1c008664 02852303 lw               x6, 40(x10)          x6=40299fa3 x10:1c01115c  PA:1c011184
18249252ns          313612 1c008668 0047a383 lw               x7, 4(x15)           x7=4043d5a4 x15:1c010c50  PA:1c010c54
18249551ns          313627 1c00866c f1187843 fmadd.s          f16, f16, f17, f30  f16=xxxxxxxx f16:42595db8 f17:3fa36583 f30:00000000
18249571ns          313628 1c008670 1066f353 fmul.s           f6, f13, f6          f6=xxxxxxxx f13:4108fc3f  f6:40299fa3
18249590ns          313629 1c008674 05052883 lw               x17, 80(x10)        x17=3fd0dc66 x10:1c01115c  PA:1c0111ac
18249889ns          313644 1c008678 0087a403 lw               x8, 8(x15)           x8=408dd736 x15:1c010c50  PA:1c010c58
18250187ns          313659 1c00867a 80737343 fmadd.s          f6, f6, f7, f16      f6=xxxxxxxx  f6:41b587e3  f7:4043d5a4 f16:428abcdd
18250207ns          313660 1c00867e 1116f8d3 fmul.s           f17, f13, f17       f17=xxxxxxxx f13:4108fc3f f17:3fd0dc66
18250227ns          313661 1c008682 07852803 lw               x16, 120(x10)       x16=410cda58 x10:1c01115c  PA:1c0111d4
18250545ns          313677 1c008686 00c7a383 lw               x7, 12(x15)          x7=40e32930 x15:1c010c50  PA:1c010c5c
18250844ns          313692 1c00868a 3088f8c3 fmadd.s          f17, f17, f8, f6    f17=xxxxxxxx f17:415f85c5  f8:408dd736  f6:430acd6f
18250863ns          313693 1c00868e 1106f853 fmul.s           f16, f13, f16       f16=xxxxxxxx f13:4108fc3f f16:410cda58
18250883ns          313694 1c008692 0a052303 lw               x6, 160(x10)         x6=411ed9cb x10:1c01115c  PA:1c0111fc
18251182ns          313709 1c008696 0107a403 lw               x8, 16(x15)          x8=4111c963 x15:1c010c50  PA:1c010c60
18251480ns          313724 1c008698 88787843 fmadd.s          f16, f16, f7, f17   f16=xxxxxxxx f16:4296bd91  f7:40e32930 f17:4348b9ba
18251500ns          313725 1c00869c 1066f353 fmul.s           f6, f13, f6          f6=xxxxxxxx f13:4108fc3f  f6:411ed9cb
18251520ns          313726 1c0086a0 0c852883 lw               x17, 200(x10)       x17=3e6aad01 x10:1c01115c  PA:1c011224
18251838ns          313742 1c0086a4 0147a383 lw               x7, 20(x15)          x7=411047ed x15:1c010c50  PA:1c010c64
18252136ns          313757 1c0086a8 80837343 fmadd.s          f6, f6, f8, f16      f6=xxxxxxxx  f6:42aa0073  f8:4111c963 f16:4437f0c7
18252156ns          313758 1c0086ac 1116f8d3 fmul.s           f17, f13, f17       f17=xxxxxxxx f13:4108fc3f f17:3e6aad01
18252176ns          313759 1c0086b0 0f052803 lw               x16, 240(x10)       x16=410e268b x10:1c01115c  PA:1c01124c
18252475ns          313774 1c0086b4 0187a403 lw               x8, 24(x15)          x8=411406fb x15:1c010c50  PA:1c010c68
18252773ns          313789 1c0086b6 3078f8c3 fmadd.s          f17, f17, f7, f6    f17=xxxxxxxx f17:3ffb2649  f7:411047ed  f6:44bcc861
18252793ns          313790 1c0086ba 1106f853 fmul.s           f16, f13, f16       f16=xxxxxxxx f13:4108fc3f f16:410e268b
18252813ns          313791 1c0086be 11852303 lw               x6, 280(x10)         x6=410b586a x10:1c01115c  PA:1c011274
18253131ns          313807 1c0086c2 01c7a383 lw               x7, 28(x15)          x7=40b8491a x15:1c010c50  PA:1c010c6c
18253429ns          313822 1c0086c6 88887843 fmadd.s          f16, f16, f8, f17   f16=xxxxxxxx f16:42982116  f8:411406fb f17:44befe91
18253449ns          313823 1c0086ca 1066f353 fmul.s           f6, f13, f6          f6=xxxxxxxx f13:4108fc3f  f6:410b586a
18253469ns          313824 1c0086ce 14052883 lw               x17, 320(x10)       x17=40ce44af x10:1c01115c  PA:1c01129c
18253768ns          313839 1c0086d2 0207a403 lw               x8, 32(x15)          x8=40bdac24 x15:1c010c50  PA:1c010c70
18254066ns          313854 1c0086d4 80737343 fmadd.s          f6, f6, f7, f16      f6=xxxxxxxx  f6:4295208b  f7:40b8491a f16:450b7aec
18254086ns          313855 1c0086d8 1116f8d3 fmul.s           f17, f13, f17       f17=xxxxxxxx f13:4108fc3f f17:40ce44af
18254106ns          313856 1c0086dc 16852803 lw               x16, 360(x10)       x16=4090e85f x10:1c01115c  PA:1c0112c4
18254404ns          313871 1c0086e0 0247a383 lw               x7, 36(x15)          x7=410d85bd x15:1c010c50  PA:1c010c74
18254702ns          313886 1c0086e4 3088f8c3 fmadd.s          f17, f17, f8, f6    f17=xxxxxxxx f17:425cbf77  f8:40bdac24  f6:4526516a
18254722ns          313887 1c0086e8 1106f853 fmul.s           f16, f13, f16       f16=xxxxxxxx f13:4108fc3f f16:4090e85f
18254742ns          313888 1c0086ec 000ea303 lw               x6, 0(x29)           x6=40435586 x29:10001fa4  PA:10001fa4
18254762ns          313889 1c0086f0 02878793 addi             x15, x15, 40        x15=1c010c78 x15:1c010c50
18254782ns          313890 1c0086f4 88787843 fmadd.s          f16, f16, f7, f17   f16=xxxxxxxx f16:421b1476  f7:410d85bd f17:453ac323
18254802ns          313891 1c0086f8 80e37843 fmadd.s          f16, f6, f14, f16   f16=xxxxxxxx  f6:40435586 f14:410568ab f16:455031f5
18254822ns          313892 1c0086fc 030ea42b p.sw             x16, 40(x29!)       x29=10001fcc x16:4551c922 x29:10001fa4  PA:10001fa4
18254842ns          313893 1c008658 00052803 lw               x16, 0(x10)         x16=40cb1bba x10:1c01115c  PA:1c01115c
18255140ns          313908 1c00865c 0007a883 lw               x17, 0(x15)         x17=40cc4569 x15:1c010c78  PA:1c010c78
18255438ns          313923 1c008660 1106f853 fmul.s           f16, f13, f16       f16=xxxxxxxx f13:4108fc3f f16:40cb1bba
18255458ns          313924 1c008664 02852303 lw               x6, 40(x10)          x6=40299fa3 x10:1c01115c  PA:1c011184
18255776ns          313940 1c008668 0047a383 lw               x7, 4(x15)           x7=3fccf10a x15:1c010c78  PA:1c010c7c
18256075ns          313955 1c00866c f1187843 fmadd.s          f16, f16, f17, f30  f16=xxxxxxxx f16:42595db8 f17:40cc4569 f30:00000000
18256095ns          313956 1c008670 1066f353 fmul.s           f6, f13, f6          f6=xxxxxxxx f13:4108fc3f  f6:40299fa3
18256115ns          313957 1c008674 05052883 lw               x17, 80(x10)        x17=3fd0dc66 x10:1c01115c  PA:1c0111ac
18256413ns          313972 1c008678 0087a403 lw               x8, 8(x15)           x8=41002690 x15:1c010c78  PA:1c010c80
18256711ns          313987 1c00867a 80737343 fmadd.s          f6, f6, f7, f16      f6=xxxxxxxx  f6:41b587e3  f7:3fccf10a f16:43ad719e
18256731ns          313988 1c00867e 1116f8d3 fmul.s           f17, f13, f17       f17=xxxxxxxx f13:4108fc3f f17:3fd0dc66
18256751ns          313989 1c008682 07852803 lw               x16, 120(x10)       x16=410cda58 x10:1c01115c  PA:1c0111d4
18257049ns          314004 1c008686 00c7a383 lw               x7, 12(x15)          x7=4031a08a x15:1c010c78  PA:1c010c84
18257348ns          314019 1c00868a 3088f8c3 fmadd.s          f17, f17, f8, f6    f17=xxxxxxxx f17:415f85c5  f8:41002690  f6:43bf9c05
18257368ns          314020 1c00868e 1106f853 fmul.s           f16, f13, f16       f16=xxxxxxxx f13:4108fc3f f16:410cda58
18257388ns          314021 1c008692 0a052303 lw               x6, 160(x10)         x6=411ed9cb x10:1c01115c  PA:1c0111fc
18257686ns          314036 1c008696 0107a403 lw               x8, 16(x15)          x8=408d5838 x15:1c010c78  PA:1c010c88
18257984ns          314051 1c008698 88787843 fmadd.s          f16, f16, f7, f17   f16=xxxxxxxx f16:4296bd91  f7:4031a08a f17:43f78e4c
18258004ns          314052 1c00869c 1066f353 fmul.s           f6, f13, f6          f6=xxxxxxxx f13:4108fc3f  f6:411ed9cb
18258024ns          314053 1c0086a0 0c852883 lw               x17, 200(x10)       x17=3e6aad01 x10:1c01115c  PA:1c011224
18258322ns          314068 1c0086a4 0147a383 lw               x7, 20(x15)          x7=40866b6c x15:1c010c78  PA:1c010c8c
18258621ns          314083 1c0086a8 80837343 fmadd.s          f6, f6, f8, f16      f6=xxxxxxxx  f6:42aa0073  f8:408d5838 f16:443012f2
18258641ns          314084 1c0086ac 1116f8d3 fmul.s           f17, f13, f17       f17=xxxxxxxx f13:4108fc3f f17:3e6aad01
18258661ns          314085 1c0086b0 0f052803 lw               x16, 240(x10)       x16=410e268b x10:1c01115c  PA:1c01124c
18258959ns          314100 1c0086b4 0187a403 lw               x8, 24(x15)          x8=400fb53c x15:1c010c78  PA:1c010c90
18259257ns          314115 1c0086b6 3078f8c3 fmadd.s          f17, f17, f7, f6    f17=xxxxxxxx f17:3ffb2649  f7:40866b6c  f6:4486f7e3
18259277ns          314116 1c0086ba 1106f853 fmul.s           f16, f13, f16       f16=xxxxxxxx f13:4108fc3f f16:410e268b
18259297ns          314117 1c0086be 11852303 lw               x6, 280(x10)         x6=410b586a x10:1c01115c  PA:1c011274
18259595ns          314132 1c0086c2 01c7a383 lw               x7, 28(x15)          x7=40b49c8e x15:1c010c78  PA:1c010c94
18259894ns          314147 1c0086c6 88887843 fmadd.s          f16, f16, f8, f17   f16=xxxxxxxx f16:42982116  f8:400fb53c f17:4487ffa2
18259914ns          314148 1c0086ca 1066f353 fmul.s           f6, f13, f6          f6=xxxxxxxx f13:4108fc3f  f6:410b586a
18259934ns          314149 1c0086ce 14052883 lw               x17, 320(x10)       x17=40ce44af x10:1c01115c  PA:1c01129c
18260232ns          314164 1c0086d2 0207a403 lw               x8, 32(x15)          x8=40920122 x15:1c010c78  PA:1c010c98
18260530ns          314179 1c0086d4 80737343 fmadd.s          f6, f6, f7, f16      f6=xxxxxxxx  f6:4295208b  f7:40b49c8e f16:449d592e
18260550ns          314180 1c0086d8 1116f8d3 fmul.s           f17, f13, f17       f17=xxxxxxxx f13:4108fc3f f17:40ce44af
18260570ns          314181 1c0086dc 16852803 lw               x16, 360(x10)       x16=4090e85f x10:1c01115c  PA:1c0112c4
18260869ns          314196 1c0086e0 0247a383 lw               x7, 36(x15)          x7=3f91cf6a x15:1c010c78  PA:1c010c9c
18261187ns          314212 1c0086e4 3088f8c3 fmadd.s          f17, f17, f8, f6    f17=xxxxxxxx f17:425cbf77  f8:40920122  f6:44d1f438
18261207ns          314213 1c0086e8 1106f853 fmul.s           f16, f13, f16       f16=xxxxxxxx f13:4108fc3f f16:4090e85f
18261227ns          314214 1c0086ec 000ea303 lw               x6, 0(x29)           x6=3f20c24e x29:10001fcc  PA:10001fcc
18261246ns          314215 1c0086f0 02878793 addi             x15, x15, 40        x15=1c010ca0 x15:1c010c78
18261266ns          314216 1c0086f4 88787843 fmadd.s          f16, f16, f7, f17   f16=xxxxxxxx f16:421b1476  f7:3f91cf6a f17:44f16dc3
18261286ns          314217 1c0086f8 80e37843 fmadd.s          f16, f6, f14, f16   f16=xxxxxxxx  f6:3f20c24e f14:410568ab f16:44f6f307
18261306ns          314218 1c0086fc 030ea42b p.sw             x16, 40(x29!)       x29=10001ff4 x16:44f79a94 x29:10001fcc  PA:10001fcc
18261326ns          314219 1c008700 00460613 addi             x12, x12, 4         x12=10001e68 x12:10001e64
18261346ns          314220 1c008702 00450513 addi             x10, x10, 4         x10=1c011160 x10:1c01115c
18261386ns          314222 1c008632 40b28e33 sub              x28, x5, x11        x28=00000190  x5:1c010ca0 x11:1c010b10
18261406ns          314223 1c008636 fd8e0e13 addi             x28, x28, -40       x28=00000168 x28:00000190
18261425ns          314224 1c00863a 0cccd7b7 lui              x15, 0xcccd000      x15=0cccd000
18261445ns          314225 1c00863e ccd78793 addi             x15, x15, -819      x15=0ccccccd x15:0cccd000
18261465ns          314226 1c008642 003e5e13 srli             x28, x28, 0x3       x28=0000002d x28:00000168
18261485ns          314227 1c008646 02fe0e33 mul              x28, x28, x15       x28=40000009 x28:0000002d x15:0ccccccd
18261505ns          314228 1c00864a c5de3e33 p.bclr           x28, x28, 2, 29     x28=00000009 x28:40000009
18261525ns          314229 1c00864e 00b007b3 add              x15, x0, x11        x15=1c010b10 x11:1c010b10
18261545ns          314230 1c008650 00c00eb3 add              x29, x0, x12        x29=10001e68 x12:10001e68
18261565ns          314231 1c008652 001e0e13 addi             x28, x28, 1         x28=0000000a x28:00000009
18261585ns          314232 1c008654 054e40fb lp.setup         0x1, x28, 0x54      x28:0000000a
18261604ns          314233 1c008658 00052803 lw               x16, 0(x10)         x16=3ee12ce2 x10:1c011160  PA:1c011160
18261903ns          314248 1c00865c 0007a883 lw               x17, 0(x15)         x17=40cda545 x15:1c010b10  PA:1c010b10
18262201ns          314263 1c008660 1106f853 fmul.s           f16, f13, f16       f16=xxxxxxxx f13:4108fc3f f16:3ee12ce2
18262221ns          314264 1c008664 02852303 lw               x6, 40(x10)          x6=407d7f08 x10:1c011160  PA:1c011188
18262539ns          314280 1c008668 0047a383 lw               x7, 4(x15)           x7=40f08a50 x15:1c010b10  PA:1c010b14
18262838ns          314295 1c00866c f1187843 fmadd.s          f16, f16, f17, f30  f16=xxxxxxxx f16:4070fb6f f17:40cda545 f30:00000000
18262858ns          314296 1c008670 1066f353 fmul.s           f6, f13, f6          f6=xxxxxxxx f13:4108fc3f  f6:407d7f08
18262877ns          314297 1c008674 05052883 lw               x17, 80(x10)        x17=4098f519 x10:1c011160  PA:1c0111b0
18263176ns          314312 1c008678 0087a403 lw               x8, 8(x15)           x8=41134027 x15:1c010b10  PA:1c010b18
18263474ns          314327 1c00867a 80737343 fmadd.s          f6, f6, f7, f16      f6=xxxxxxxx  f6:4207a544  f7:40f08a50 f16:41c194eb
18263494ns          314328 1c00867e 1116f8d3 fmul.s           f17, f13, f17       f17=xxxxxxxx f13:4108fc3f f17:4098f519
18263514ns          314329 1c008682 07852803 lw               x16, 120(x10)       x16=411a4fb4 x10:1c011160  PA:1c0111d8
18263832ns          314345 1c008686 00c7a383 lw               x7, 12(x15)          x7=3fc00009 x15:1c010b10  PA:1c010b1c
18264131ns          314360 1c00868a 3088f8c3 fmadd.s          f17, f17, f8, f6    f17=xxxxxxxx f17:4223b1d8  f8:41134027  f6:438b8d88
18264150ns          314361 1c00868e 1106f853 fmul.s           f16, f13, f16       f16=xxxxxxxx f13:4108fc3f f16:411a4fb4
18264170ns          314362 1c008692 0a052303 lw               x6, 160(x10)         x6=40bac021 x10:1c011160  PA:1c011200
18264469ns          314377 1c008696 0107a403 lw               x8, 16(x15)          x8=41028837 x15:1c010b10  PA:1c010b20
18264767ns          314392 1c008698 88787843 fmadd.s          f16, f16, f7, f17   f16=xxxxxxxx f16:42a524c8  f7:3fc00009 f17:4423eee8
18264787ns          314393 1c00869c 1066f353 fmul.s           f6, f13, f6          f6=xxxxxxxx f13:4108fc3f  f6:40bac021
18264807ns          314394 1c0086a0 0c852883 lw               x17, 200(x10)       x17=40bde6a4 x10:1c011160  PA:1c011228
18265125ns          314410 1c0086a4 0147a383 lw               x7, 20(x15)          x7=40be76b1 x15:1c010b10  PA:1c010b24
18265423ns          314425 1c0086a8 80837343 fmadd.s          f6, f6, f8, f16      f6=xxxxxxxx  f6:4247dc29  f8:41028837 f16:4442e5cf
18265443ns          314426 1c0086ac 1116f8d3 fmul.s           f17, f13, f17       f17=xxxxxxxx f13:4108fc3f f17:40bde6a4
18265463ns          314427 1c0086b0 0f052803 lw               x16, 240(x10)       x16=401beb2f x10:1c011160  PA:1c011250
18265762ns          314442 1c0086b4 0187a403 lw               x8, 24(x15)          x8=410dec9e x15:1c010b10  PA:1c010b28
18266060ns          314457 1c0086b6 3078f8c3 fmadd.s          f17, f17, f7, f6    f17=xxxxxxxx f17:424b3b4a  f7:40be76b1  f6:449466fa
18266080ns          314458 1c0086ba 1106f853 fmul.s           f16, f13, f16       f16=xxxxxxxx f13:4108fc3f f16:401beb2f
18266100ns          314459 1c0086be 11852303 lw               x6, 280(x10)         x6=400f4d12 x10:1c011160  PA:1c011278
18266418ns          314475 1c0086c2 01c7a383 lw               x7, 28(x15)          x7=407ef751 x15:1c010b10  PA:1c010b2c
18266716ns          314490 1c0086c6 88887843 fmadd.s          f16, f16, f8, f17   f16=xxxxxxxx f16:41a6dd26  f8:410dec9e f17:44ba3409
18266736ns          314491 1c0086ca 1066f353 fmul.s           f6, f13, f6          f6=xxxxxxxx f13:4108fc3f  f6:400f4d12
18266756ns          314492 1c0086ce 14052883 lw               x17, 320(x10)       x17=3f0aed4e x10:1c011160  PA:1c0112a0
18267055ns          314507 1c0086d2 0207a403 lw               x8, 32(x15)          x8=40b312ba x15:1c010b10  PA:1c010b30
18267353ns          314522 1c0086d4 80737343 fmadd.s          f6, f6, f7, f16      f6=xxxxxxxx  f6:41995c49  f7:407ef751 f16:44d1548b
18267373ns          314523 1c0086d8 1116f8d3 fmul.s           f17, f13, f17       f17=xxxxxxxx f13:4108fc3f f17:3f0aed4e
18267393ns          314524 1c0086dc 16852803 lw               x16, 360(x10)       x16=3eac796e x10:1c011160  PA:1c0112c8
18267691ns          314539 1c0086e0 0247a383 lw               x7, 36(x15)          x7=4087f7f0 x15:1c010b10  PA:1c010b34
18267989ns          314554 1c0086e4 3088f8c3 fmadd.s          f17, f17, f8, f6    f17=xxxxxxxx f17:4094adea  f8:40b312ba  f6:44dae067
18268009ns          314555 1c0086e8 1106f853 fmul.s           f16, f13, f16       f16=xxxxxxxx f13:4108fc3f f16:3eac796e
18268029ns          314556 1c0086ec 000ea303 lw               x6, 0(x29)           x6=408bbd4a x29:10001e68  PA:10001e68
18268049ns          314557 1c0086f0 02878793 addi             x15, x15, 40        x15=1c010b38 x15:1c010b10
18268069ns          314558 1c0086f4 88787843 fmadd.s          f16, f16, f7, f17   f16=xxxxxxxx f16:403894e9  f7:4087f7f0 f17:44de206b
18268089ns          314559 1c0086f8 80e37843 fmadd.s          f16, f6, f14, f16   f16=xxxxxxxx  f6:408bbd4a f14:410568ab f16:44dfa890
18268109ns          314560 1c0086fc 030ea42b p.sw             x16, 40(x29!)       x29=10001e90 x16:44e435b8 x29:10001e68  PA:10001e68
18268129ns          314561 1c008658 00052803 lw               x16, 0(x10)         x16=3ee12ce2 x10:1c011160  PA:1c011160
18268427ns          314576 1c00865c 0007a883 lw               x17, 0(x15)         x17=40e744fc x15:1c010b38  PA:1c010b38
18268725ns          314591 1c008660 1106f853 fmul.s           f16, f13, f16       f16=xxxxxxxx f13:4108fc3f f16:3ee12ce2
18268745ns          314592 1c008664 02852303 lw               x6, 40(x10)          x6=407d7f08 x10:1c011160  PA:1c011188
18269044ns          314607 1c008668 0047a383 lw               x7, 4(x15)           x7=4119cb83 x15:1c010b38  PA:1c010b3c
18269342ns          314622 1c00866c f1187843 fmadd.s          f16, f16, f17, f30  f16=xxxxxxxx f16:4070fb6f f17:40e744fc f30:00000000
18269362ns          314623 1c008670 1066f353 fmul.s           f6, f13, f6          f6=xxxxxxxx f13:4108fc3f  f6:407d7f08
18269382ns          314624 1c008674 05052883 lw               x17, 80(x10)        x17=4098f519 x10:1c011160  PA:1c0111b0
18269680ns          314639 1c008678 0087a403 lw               x8, 8(x15)           x8=3fedbab9 x15:1c010b38  PA:1c010b40
18269978ns          314654 1c00867a 80737343 fmadd.s          f6, f6, f7, f16      f6=xxxxxxxx  f6:4207a544  f7:4119cb83 f16:41d9b3d1
18269998ns          314655 1c00867e 1116f8d3 fmul.s           f17, f13, f17       f17=xxxxxxxx f13:4108fc3f f17:4098f519
18270018ns          314656 1c008682 07852803 lw               x16, 120(x10)       x16=411a4fb4 x10:1c011160  PA:1c0111d8
18270317ns          314671 1c008686 00c7a383 lw               x7, 12(x15)          x7=3eef5305 x15:1c010b38  PA:1c010b44
18270615ns          314686 1c00868a 3088f8c3 fmadd.s          f17, f17, f8, f6    f17=xxxxxxxx f17:4223b1d8  f8:3fedbab9  f6:43b09673
18270635ns          314687 1c00868e 1106f853 fmul.s           f16, f13, f16       f16=xxxxxxxx f13:4108fc3f f16:411a4fb4
18270655ns          314688 1c008692 0a052303 lw               x6, 160(x10)         x6=40bac021 x10:1c011160  PA:1c011200
18270953ns          314703 1c008696 0107a403 lw               x8, 16(x15)          x8=40ad0325 x15:1c010b38  PA:1c010b48
18271251ns          314718 1c008698 88787843 fmadd.s          f16, f16, f7, f17   f16=xxxxxxxx f16:42a524c8  f7:3eef5305 f17:43d69736
18271271ns          314719 1c00869c 1066f353 fmul.s           f6, f13, f6          f6=xxxxxxxx f13:4108fc3f  f6:40bac021
18271291ns          314720 1c0086a0 0c852883 lw               x17, 200(x10)       x17=40bde6a4 x10:1c011160  PA:1c011228
18271590ns          314735 1c0086a4 0147a383 lw               x7, 20(x15)          x7=3f56fa5e x15:1c010b38  PA:1c010b4c
18271888ns          314750 1c0086a8 80837343 fmadd.s          f6, f6, f8, f16      f6=xxxxxxxx  f6:4247dc29  f8:40ad0325 f16:43e9e393
18271908ns          314751 1c0086ac 1116f8d3 fmul.s           f17, f13, f17       f17=xxxxxxxx f13:4108fc3f f17:40bde6a4
18271928ns          314752 1c0086b0 0f052803 lw               x16, 240(x10)       x16=401beb2f x10:1c011160  PA:1c011250
18272226ns          314767 1c0086b4 0187a403 lw               x8, 24(x15)          x8=407c65f3 x15:1c010b38  PA:1c010b50
18272524ns          314782 1c0086b6 3078f8c3 fmadd.s          f17, f17, f7, f6    f17=xxxxxxxx f17:424b3b4a  f7:3f56fa5e  f6:44387ae8
18272544ns          314783 1c0086ba 1106f853 fmul.s           f16, f13, f16       f16=xxxxxxxx f13:4108fc3f f16:401beb2f
18272564ns          314784 1c0086be 11852303 lw               x6, 280(x10)         x6=400f4d12 x10:1c011160  PA:1c011278
18272863ns          314799 1c0086c2 01c7a383 lw               x7, 28(x15)          x7=410d50e8 x15:1c010b38  PA:1c010b54
18273181ns          314815 1c0086c6 88887843 fmadd.s          f16, f16, f8, f17   f16=xxxxxxxx f16:41a6dd26  f8:407c65f3 f17:4443258d
18273201ns          314816 1c0086ca 1066f353 fmul.s           f6, f13, f6          f6=xxxxxxxx f13:4108fc3f  f6:400f4d12
18273221ns          314817 1c0086ce 14052883 lw               x17, 320(x10)       x17=3f0aed4e x10:1c011160  PA:1c0112a0
18273519ns          314832 1c0086d2 0207a403 lw               x8, 32(x15)          x8=410b2aa7 x15:1c010b38  PA:1c010b58
18273817ns          314847 1c0086d4 80737343 fmadd.s          f6, f6, f7, f16      f6=xxxxxxxx  f6:41995c49  f7:410d50e8 f16:4457b612
18273837ns          314848 1c0086d8 1116f8d3 fmul.s           f17, f13, f17       f17=xxxxxxxx f13:4108fc3f f17:3f0aed4e
18273857ns          314849 1c0086dc 16852803 lw               x16, 360(x10)       x16=3eac796e x10:1c011160  PA:1c0112c8
18274156ns          314864 1c0086e0 0247a383 lw               x7, 36(x15)          x7=40f5b887 x15:1c010b38  PA:1c010b5c
18274494ns          314881 1c0086e4 3088f8c3 fmadd.s          f17, f17, f8, f6    f17=xxxxxxxx f17:4094adea  f8:410b2aa7  f6:4481051c
18274514ns          314882 1c0086e8 1106f853 fmul.s           f16, f13, f16       f16=xxxxxxxx f13:4108fc3f f16:3eac796e
18274533ns          314883 1c0086ec 000ea303 lw               x6, 0(x29)           x6=40dffeba x29:10001e90  PA:10001e90
18274553ns          314884 1c0086f0 02878793 addi             x15, x15, 40        x15=1c010b60 x15:1c010b38
18274573ns          314885 1c0086f4 88787843 fmadd.s          f16, f16, f7, f17   f16=xxxxxxxx f16:403894e9  f7:40f5b887 f17:4486124f
18274593ns          314886 1c0086f8 80e37843 fmadd.s          f16, f6, f14, f16   f16=xxxxxxxx  f6:40dffeba f14:410568ab f16:4488d6fd
18274613ns          314887 1c0086fc 030ea42b p.sw             x16, 40(x29!)       x29=10001eb8 x16:449022ac x29:10001e90  PA:10001e90
18274633ns          314888 1c008658 00052803 lw               x16, 0(x10)         x16=3ee12ce2 x10:1c011160  PA:1c011160
18274931ns          314903 1c00865c 0007a883 lw               x17, 0(x15)         x17=408437c5 x15:1c010b60  PA:1c010b60
18275230ns          314918 1c008660 1106f853 fmul.s           f16, f13, f16       f16=xxxxxxxx f13:4108fc3f f16:3ee12ce2
18275250ns          314919 1c008664 02852303 lw               x6, 40(x10)          x6=407d7f08 x10:1c011160  PA:1c011188
18275548ns          314934 1c008668 0047a383 lw               x7, 4(x15)           x7=40ed961d x15:1c010b60  PA:1c010b64
18275846ns          314949 1c00866c f1187843 fmadd.s          f16, f16, f17, f30  f16=xxxxxxxx f16:4070fb6f f17:408437c5 f30:00000000
18275866ns          314950 1c008670 1066f353 fmul.s           f6, f13, f6          f6=xxxxxxxx f13:4108fc3f  f6:407d7f08
18275886ns          314951 1c008674 05052883 lw               x17, 80(x10)        x17=4098f519 x10:1c011160  PA:1c0111b0
18276184ns          314966 1c008678 0087a403 lw               x8, 8(x15)           x8=410b9643 x15:1c010b60  PA:1c010b68
18276483ns          314981 1c00867a 80737343 fmadd.s          f6, f6, f7, f16      f6=xxxxxxxx  f6:4207a544  f7:40ed961d f16:4178ec49
18276503ns          314982 1c00867e 1116f8d3 fmul.s           f17, f13, f17       f17=xxxxxxxx f13:4108fc3f f17:4098f519
18276523ns          314983 1c008682 07852803 lw               x16, 120(x10)       x16=411a4fb4 x10:1c011160  PA:1c0111d8
18276821ns          314998 1c008686 00c7a383 lw               x7, 12(x15)          x7=3fa0a167 x15:1c010b60  PA:1c010b6c
18277139ns          315014 1c00868a 3088f8c3 fmadd.s          f17, f17, f8, f6    f17=xxxxxxxx f17:4223b1d8  f8:410b9643  f6:4385aaec
18277159ns          315015 1c00868e 1106f853 fmul.s           f16, f13, f16       f16=xxxxxxxx f13:4108fc3f f16:411a4fb4
18277179ns          315016 1c008692 0a052303 lw               x6, 160(x10)         x6=40bac021 x10:1c011160  PA:1c011200
18277477ns          315031 1c008696 0107a403 lw               x8, 16(x15)          x8=411beb61 x15:1c010b60  PA:1c010b70
18277776ns          315046 1c008698 88787843 fmadd.s          f16, f16, f7, f17   f16=xxxxxxxx f16:42a524c8  f7:3fa0a167 f17:441c171b
18277796ns          315047 1c00869c 1066f353 fmul.s           f6, f13, f6          f6=xxxxxxxx f13:4108fc3f  f6:40bac021
18277815ns          315048 1c0086a0 0c852883 lw               x17, 200(x10)       x17=40bde6a4 x10:1c011160  PA:1c011228
18278114ns          315063 1c0086a4 0147a383 lw               x7, 20(x15)          x7=40a15457 x15:1c010b60  PA:1c010b74
18278432ns          315079 1c0086a8 80837343 fmadd.s          f6, f6, f8, f16      f6=xxxxxxxx  f6:4247dc29  f8:411beb61 f16:4435fee2
18278452ns          315080 1c0086ac 1116f8d3 fmul.s           f17, f13, f17       f17=xxxxxxxx f13:4108fc3f f17:40bde6a4
18278472ns          315081 1c0086b0 0f052803 lw               x16, 240(x10)       x16=401beb2f x10:1c011160  PA:1c011250
18278770ns          315096 1c0086b4 0187a403 lw               x8, 24(x15)          x8=40f27469 x15:1c010b60  PA:1c010b78
18279069ns          315111 1c0086b6 3078f8c3 fmadd.s          f17, f17, f7, f6    f17=xxxxxxxx f17:424b3b4a  f7:40a15457  f6:4497dc79
18279088ns          315112 1c0086ba 1106f853 fmul.s           f16, f13, f16       f16=xxxxxxxx f13:4108fc3f f16:401beb2f
18279108ns          315113 1c0086be 11852303 lw               x6, 280(x10)         x6=400f4d12 x10:1c011160  PA:1c011278
18279407ns          315128 1c0086c2 01c7a383 lw               x7, 28(x15)          x7=40c477c3 x15:1c010b60  PA:1c010b7c
18279725ns          315144 1c0086c6 88887843 fmadd.s          f16, f16, f8, f17   f16=xxxxxxxx f16:41a6dd26  f8:40f27469 f17:44b7e149
18279745ns          315145 1c0086ca 1066f353 fmul.s           f6, f13, f6          f6=xxxxxxxx f13:4108fc3f  f6:400f4d12
18279765ns          315146 1c0086ce 14052883 lw               x17, 320(x10)       x17=3f0aed4e x10:1c011160  PA:1c0112a0
18280063ns          315161 1c0086d2 0207a403 lw               x8, 32(x15)          x8=41175a38 x15:1c010b60  PA:1c010b80
18280361ns          315176 1c0086d4 80737343 fmadd.s          f6, f6, f7, f16      f6=xxxxxxxx  f6:41995c49  f7:40c477c3 f16:44cba267
18280381ns          315177 1c0086d8 1116f8d3 fmul.s           f17, f13, f17       f17=xxxxxxxx f13:4108fc3f f17:3f0aed4e
18280401ns          315178 1c0086dc 16852803 lw               x16, 360(x10)       x16=3eac796e x10:1c011160  PA:1c0112c8
18280700ns          315193 1c0086e0 0247a383 lw               x7, 36(x15)          x7=3ff9e780 x15:1c010b60  PA:1c010b84
18280998ns          315208 1c0086e4 3088f8c3 fmadd.s          f17, f17, f8, f6    f17=xxxxxxxx f17:4094adea  f8:41175a38  f6:44da58b4
18281018ns          315209 1c0086e8 1106f853 fmul.s           f16, f13, f16       f16=xxxxxxxx f13:4108fc3f f16:3eac796e
18281038ns          315210 1c0086ec 000ea303 lw               x6, 0(x29)           x6=40d43a16 x29:10001eb8  PA:10001eb8
18281058ns          315211 1c0086f0 02878793 addi             x15, x15, 40        x15=1c010b88 x15:1c010b60
18281078ns          315212 1c0086f4 88787843 fmadd.s          f16, f16, f7, f17   f16=xxxxxxxx f16:403894e9  f7:3ff9e780 f17:44dfd724
18281097ns          315213 1c0086f8 80e37843 fmadd.s          f16, f6, f14, f16   f16=xxxxxxxx  f6:40d43a16 f14:410568ab f16:44e08b54
18281117ns          315214 1c0086fc 030ea42b p.sw             x16, 40(x29!)       x29=10001ee0 x16:44e774e3 x29:10001eb8  PA:10001eb8
18281137ns          315215 1c008658 00052803 lw               x16, 0(x10)         x16=3ee12ce2 x10:1c011160  PA:1c011160
18281436ns          315230 1c00865c 0007a883 lw               x17, 0(x15)         x17=40c4247b x15:1c010b88  PA:1c010b88
18281734ns          315245 1c008660 1106f853 fmul.s           f16, f13, f16       f16=xxxxxxxx f13:4108fc3f f16:3ee12ce2
18281754ns          315246 1c008664 02852303 lw               x6, 40(x10)          x6=407d7f08 x10:1c011160  PA:1c011188
18282052ns          315261 1c008668 0047a383 lw               x7, 4(x15)           x7=40bb9d4f x15:1c010b88  PA:1c010b8c
18282351ns          315276 1c00866c f1187843 fmadd.s          f16, f16, f17, f30  f16=xxxxxxxx f16:4070fb6f f17:40c4247b f30:00000000
18282370ns          315277 1c008670 1066f353 fmul.s           f6, f13, f6          f6=xxxxxxxx f13:4108fc3f  f6:407d7f08
18282390ns          315278 1c008674 05052883 lw               x17, 80(x10)        x17=4098f519 x10:1c011160  PA:1c0111b0
18282689ns          315293 1c008678 0087a403 lw               x8, 8(x15)           x8=41196e5d x15:1c010b88  PA:1c010b90
18282987ns          315308 1c00867a 80737343 fmadd.s          f6, f6, f7, f16      f6=xxxxxxxx  f6:4207a544  f7:40bb9d4f f16:41b8a2d8
18283007ns          315309 1c00867e 1116f8d3 fmul.s           f17, f13, f17       f17=xxxxxxxx f13:4108fc3f f17:4098f519
18283027ns          315310 1c008682 07852803 lw               x16, 120(x10)       x16=411a4fb4 x10:1c011160  PA:1c0111d8
18283325ns          315325 1c008686 00c7a383 lw               x7, 12(x15)          x7=40ae3ac2 x15:1c010b88  PA:1c010b94
18283624ns          315340 1c00868a 3088f8c3 fmadd.s          f17, f17, f8, f6    f17=xxxxxxxx f17:4223b1d8  f8:41196e5d  f6:435de681
18283643ns          315341 1c00868e 1106f853 fmul.s           f16, f13, f16       f16=xxxxxxxx f13:4108fc3f f16:411a4fb4
18283663ns          315342 1c008692 0a052303 lw               x6, 160(x10)         x6=40bac021 x10:1c011160  PA:1c011200
18283962ns          315357 1c008696 0107a403 lw               x8, 16(x15)          x8=40ad1860 x15:1c010b88  PA:1c010b98
18284260ns          315372 1c008698 88787843 fmadd.s          f16, f16, f7, f17   f16=xxxxxxxx f16:42a524c8  f7:40ae3ac2 f17:4419957c
18284280ns          315373 1c00869c 1066f353 fmul.s           f6, f13, f6          f6=xxxxxxxx f13:4108fc3f  f6:40bac021
18284300ns          315374 1c0086a0 0c852883 lw               x17, 200(x10)       x17=40bde6a4 x10:1c011160  PA:1c011228
18284598ns          315389 1c0086a4 0147a383 lw               x7, 20(x15)          x7=4007d079 x15:1c010b88  PA:1c010b9c
18284897ns          315404 1c0086a8 80837343 fmadd.s          f6, f6, f8, f16      f6=xxxxxxxx  f6:4247dc29  f8:40ad1860 f16:4484fd32
18284916ns          315405 1c0086ac 1116f8d3 fmul.s           f17, f13, f17       f17=xxxxxxxx f13:4108fc3f f17:40bde6a4
18284936ns          315406 1c0086b0 0f052803 lw               x16, 240(x10)       x16=401beb2f x10:1c011160  PA:1c011250
18285235ns          315421 1c0086b4 0187a403 lw               x8, 24(x15)          x8=410d9791 x15:1c010b88  PA:1c010ba0
18285533ns          315436 1c0086b6 3078f8c3 fmadd.s          f17, f17, f7, f6    f17=xxxxxxxx f17:424b3b4a  f7:4007d079  f6:44a6c5e6
18285553ns          315437 1c0086ba 1106f853 fmul.s           f16, f13, f16       f16=xxxxxxxx f13:4108fc3f f16:401beb2f
18285573ns          315438 1c0086be 11852303 lw               x6, 280(x10)         x6=400f4d12 x10:1c011160  PA:1c011278
18285871ns          315453 1c0086c2 01c7a383 lw               x7, 28(x15)          x7=40b60664 x15:1c010b88  PA:1c010ba4
18286170ns          315468 1c0086c6 88887843 fmadd.s          f16, f16, f8, f17   f16=xxxxxxxx f16:41a6dd26  f8:410d9791 f17:44b4401f
18286189ns          315469 1c0086ca 1066f353 fmul.s           f6, f13, f6          f6=xxxxxxxx f13:4108fc3f  f6:400f4d12
18286209ns          315470 1c0086ce 14052883 lw               x17, 320(x10)       x17=3f0aed4e x10:1c011160  PA:1c0112a0
18286508ns          315485 1c0086d2 0207a403 lw               x8, 32(x15)          x8=40fff281 x15:1c010b88  PA:1c010ba8
18286806ns          315500 1c0086d4 80737343 fmadd.s          f6, f6, f7, f16      f6=xxxxxxxx  f6:41995c49  f7:40b60664 f16:44cb52c5
18286826ns          315501 1c0086d8 1116f8d3 fmul.s           f17, f13, f17       f17=xxxxxxxx f13:4108fc3f f17:3f0aed4e
18286846ns          315502 1c0086dc 16852803 lw               x16, 360(x10)       x16=3eac796e x10:1c011160  PA:1c0112c8
18287144ns          315517 1c0086e0 0247a383 lw               x7, 36(x15)          x7=3deed019 x15:1c010b88  PA:1c010bac
18287443ns          315532 1c0086e4 3088f8c3 fmadd.s          f17, f17, f8, f6    f17=xxxxxxxx f17:4094adea  f8:40fff281  f6:44d8f433
18287462ns          315533 1c0086e8 1106f853 fmul.s           f16, f13, f16       f16=xxxxxxxx f13:4108fc3f f16:3eac796e
18287482ns          315534 1c0086ec 000ea303 lw               x6, 0(x29)           x6=40eb81be x29:10001ee0  PA:10001ee0
18287502ns          315535 1c0086f0 02878793 addi             x15, x15, 40        x15=1c010bb0 x15:1c010b88
18287522ns          315536 1c0086f4 88787843 fmadd.s          f16, f16, f7, f17   f16=xxxxxxxx f16:403894e9  f7:3deed019 f17:44dd9964
18287542ns          315537 1c0086f8 80e37843 fmadd.s          f16, f6, f14, f16   f16=xxxxxxxx  f6:40eb81be f14:410568ab f16:44dda427
18287562ns          315538 1c0086fc 030ea42b p.sw             x16, 40(x29!)       x29=10001f08 x16:44e54fd2 x29:10001ee0  PA:10001ee0
18287582ns          315539 1c008658 00052803 lw               x16, 0(x10)         x16=3ee12ce2 x10:1c011160  PA:1c011160
18287880ns          315554 1c00865c 0007a883 lw               x17, 0(x15)         x17=410671ff x15:1c010bb0  PA:1c010bb0
18288179ns          315569 1c008660 1106f853 fmul.s           f16, f13, f16       f16=xxxxxxxx f13:4108fc3f f16:3ee12ce2
18288198ns          315570 1c008664 02852303 lw               x6, 40(x10)          x6=407d7f08 x10:1c011160  PA:1c011188
18288497ns          315585 1c008668 0047a383 lw               x7, 4(x15)           x7=40b8f6e2 x15:1c010bb0  PA:1c010bb4
18288795ns          315600 1c00866c f1187843 fmadd.s          f16, f16, f17, f30  f16=xxxxxxxx f16:4070fb6f f17:410671ff f30:00000000
18288815ns          315601 1c008670 1066f353 fmul.s           f6, f13, f6          f6=xxxxxxxx f13:4108fc3f  f6:407d7f08
18288835ns          315602 1c008674 05052883 lw               x17, 80(x10)        x17=4098f519 x10:1c011160  PA:1c0111b0
18289153ns          315618 1c008678 0087a403 lw               x8, 8(x15)           x8=4080fb0c x15:1c010bb0  PA:1c010bb8
18289452ns          315633 1c00867a 80737343 fmadd.s          f6, f6, f7, f16      f6=xxxxxxxx  f6:4207a544  f7:40b8f6e2 f16:41fd1dd6
18289471ns          315634 1c00867e 1116f8d3 fmul.s           f17, f13, f17       f17=xxxxxxxx f13:4108fc3f f17:4098f519
18289491ns          315635 1c008682 07852803 lw               x16, 120(x10)       x16=411a4fb4 x10:1c011160  PA:1c0111d8
18289790ns          315650 1c008686 00c7a383 lw               x7, 12(x15)          x7=40aa66ec x15:1c010bb0  PA:1c010bbc
18290088ns          315665 1c00868a 3088f8c3 fmadd.s          f17, f17, f8, f6    f17=xxxxxxxx f17:4223b1d8  f8:4080fb0c  f6:4363a6ee
18290108ns          315666 1c00868e 1106f853 fmul.s           f16, f13, f16       f16=xxxxxxxx f13:4108fc3f f16:411a4fb4
18290128ns          315667 1c008692 0a052303 lw               x6, 160(x10)         x6=40bac021 x10:1c011160  PA:1c011200
18290446ns          315683 1c008696 0107a403 lw               x8, 16(x15)          x8=4114eab4 x15:1c010bb0  PA:1c010bc0
18290744ns          315698 1c008698 88787843 fmadd.s          f16, f16, f7, f17   f16=xxxxxxxx f16:42a524c8  f7:40aa66ec f17:43c44cea
18290764ns          315699 1c00869c 1066f353 fmul.s           f6, f13, f6          f6=xxxxxxxx f13:4108fc3f  f6:40bac021
18290784ns          315700 1c0086a0 0c852883 lw               x17, 200(x10)       x17=40bde6a4 x10:1c011160  PA:1c011228
18291083ns          315715 1c0086a4 0147a383 lw               x7, 20(x15)          x7=406a57db x15:1c010bb0  PA:1c010bc4
18291381ns          315730 1c0086a8 80837343 fmadd.s          f6, f6, f8, f16      f6=xxxxxxxx  f6:4247dc29  f8:4114eab4 f16:44501347
18291401ns          315731 1c0086ac 1116f8d3 fmul.s           f17, f13, f17       f17=xxxxxxxx f13:4108fc3f f17:40bde6a4
18291421ns          315732 1c0086b0 0f052803 lw               x16, 240(x10)       x16=401beb2f x10:1c011160  PA:1c011250
18291739ns          315748 1c0086b4 0187a403 lw               x8, 24(x15)          x8=411a89f7 x15:1c010bb0  PA:1c010bc8
18292037ns          315763 1c0086b6 3078f8c3 fmadd.s          f17, f17, f7, f6    f17=xxxxxxxx f17:424b3b4a  f7:406a57db  f6:44a22ae5
18292057ns          315764 1c0086ba 1106f853 fmul.s           f16, f13, f16       f16=xxxxxxxx f13:4108fc3f f16:401beb2f
18292077ns          315765 1c0086be 11852303 lw               x6, 280(x10)         x6=400f4d12 x10:1c011160  PA:1c011278
18292375ns          315780 1c0086c2 01c7a383 lw               x7, 28(x15)          x7=410c9a00 x15:1c010bb0  PA:1c010bcc
18292674ns          315795 1c0086c6 88887843 fmadd.s          f16, f16, f8, f17   f16=xxxxxxxx f16:41a6dd26  f8:411a89f7 f17:44b96c23
18292694ns          315796 1c0086ca 1066f353 fmul.s           f6, f13, f6          f6=xxxxxxxx f13:4108fc3f  f6:400f4d12
18292714ns          315797 1c0086ce 14052883 lw               x17, 320(x10)       x17=3f0aed4e x10:1c011160  PA:1c0112a0
18293012ns          315812 1c0086d2 0207a403 lw               x8, 32(x15)          x8=406ec75b x15:1c010bb0  PA:1c010bd0
18293310ns          315827 1c0086d4 80737343 fmadd.s          f6, f6, f7, f16      f6=xxxxxxxx  f6:41995c49  f7:410c9a00 f16:44d29ae1
18293330ns          315828 1c0086d8 1116f8d3 fmul.s           f17, f13, f17       f17=xxxxxxxx f13:4108fc3f f17:3f0aed4e
18293350ns          315829 1c0086dc 16852803 lw               x16, 360(x10)       x16=3eac796e x10:1c011160  PA:1c0112c8
18293648ns          315844 1c0086e0 0247a383 lw               x7, 36(x15)          x7=3f24dd60 x15:1c010bb0  PA:1c010bd4
18293967ns          315860 1c0086e4 3088f8c3 fmadd.s          f17, f17, f8, f6    f17=xxxxxxxx f17:4094adea  f8:406ec75b  f6:44e7a98f
18293987ns          315861 1c0086e8 1106f853 fmul.s           f16, f13, f16       f16=xxxxxxxx f13:4108fc3f f16:3eac796e
18294006ns          315862 1c0086ec 000ea303 lw               x6, 0(x29)           x6=40992be9 x29:10001f08  PA:10001f08
18294026ns          315863 1c0086f0 02878793 addi             x15, x15, 40        x15=1c010bd8 x15:1c010bb0
18294046ns          315864 1c0086f4 88787843 fmadd.s          f16, f16, f7, f17   f16=xxxxxxxx f16:403894e9  f7:3f24dd60 f17:44e9d445
18294066ns          315865 1c0086f8 80e37843 fmadd.s          f16, f6, f14, f16   f16=xxxxxxxx  f6:40992be9 f14:410568ab f16:44ea0fb5
18294086ns          315866 1c0086fc 030ea42b p.sw             x16, 40(x29!)       x29=10001f30 x16:44ef0cdc x29:10001f08  PA:10001f08
18294106ns          315867 1c008658 00052803 lw               x16, 0(x10)         x16=3ee12ce2 x10:1c011160  PA:1c011160
18294424ns          315883 1c00865c 0007a883 lw               x17, 0(x15)         x17=4084e048 x15:1c010bd8  PA:1c010bd8
18294723ns          315898 1c008660 1106f853 fmul.s           f16, f13, f16       f16=xxxxxxxx f13:4108fc3f f16:3ee12ce2
18294742ns          315899 1c008664 02852303 lw               x6, 40(x10)          x6=407d7f08 x10:1c011160  PA:1c011188
18295041ns          315914 1c008668 0047a383 lw               x7, 4(x15)           x7=3fec26a0 x15:1c010bd8  PA:1c010bdc
18295339ns          315929 1c00866c f1187843 fmadd.s          f16, f16, f17, f30  f16=xxxxxxxx f16:4070fb6f f17:4084e048 f30:00000000
18295359ns          315930 1c008670 1066f353 fmul.s           f6, f13, f6          f6=xxxxxxxx f13:4108fc3f  f6:407d7f08
18295379ns          315931 1c008674 05052883 lw               x17, 80(x10)        x17=4098f519 x10:1c011160  PA:1c0111b0
18295677ns          315946 1c008678 0087a403 lw               x8, 8(x15)           x8=3ecbcadc x15:1c010bd8  PA:1c010be0
18295976ns          315961 1c00867a 80737343 fmadd.s          f6, f6, f7, f16      f6=xxxxxxxx  f6:4207a544  f7:3fec26a0 f16:417a298a
18295996ns          315962 1c00867e 1116f8d3 fmul.s           f17, f13, f17       f17=xxxxxxxx f13:4108fc3f f17:4098f519
18296015ns          315963 1c008682 07852803 lw               x16, 120(x10)       x16=411a4fb4 x10:1c011160  PA:1c0111d8
18296314ns          315978 1c008686 00c7a383 lw               x7, 12(x15)          x7=3fd85ef8 x15:1c010bd8  PA:1c010be4
18296612ns          315993 1c00868a 3088f8c3 fmadd.s          f17, f17, f8, f6    f17=xxxxxxxx f17:4223b1d8  f8:3ecbcadc  f6:429c6603
18296632ns          315994 1c00868e 1106f853 fmul.s           f16, f13, f16       f16=xxxxxxxx f13:4108fc3f f16:411a4fb4
18296652ns          315995 1c008692 0a052303 lw               x6, 160(x10)         x6=40bac021 x10:1c011160  PA:1c011200
18296950ns          316010 1c008696 0107a403 lw               x8, 16(x15)          x8=40352655 x15:1c010bd8  PA:1c010be8
18297249ns          316025 1c008698 88787843 fmadd.s          f16, f16, f7, f17   f16=xxxxxxxx f16:42a524c8  f7:3fd85ef8 f17:42bcf9f2
18297269ns          316026 1c00869c 1066f353 fmul.s           f6, f13, f6          f6=xxxxxxxx f13:4108fc3f  f6:40bac021
18297288ns          316027 1c0086a0 0c852883 lw               x17, 200(x10)       x17=40bde6a4 x10:1c011160  PA:1c011228
18297587ns          316042 1c0086a4 0147a383 lw               x7, 20(x15)          x7=410c1943 x15:1c010bd8  PA:1c010bec
18297885ns          316057 1c0086a8 80837343 fmadd.s          f6, f6, f8, f16      f6=xxxxxxxx  f6:4247dc29  f8:40352655 f16:436a1145
18297905ns          316058 1c0086ac 1116f8d3 fmul.s           f17, f13, f17       f17=xxxxxxxx f13:4108fc3f f17:40bde6a4
18297925ns          316059 1c0086b0 0f052803 lw               x16, 240(x10)       x16=401beb2f x10:1c011160  PA:1c011250
18298223ns          316074 1c0086b4 0187a403 lw               x8, 24(x15)          x8=3f0ca8bf x15:1c010bd8  PA:1c010bf0
18298522ns          316089 1c0086b6 3078f8c3 fmadd.s          f17, f17, f7, f6    f17=xxxxxxxx f17:424b3b4a  f7:410c1943  f6:43bbbeee
18298542ns          316090 1c0086ba 1106f853 fmul.s           f16, f13, f16       f16=xxxxxxxx f13:4108fc3f f16:401beb2f
18298561ns          316091 1c0086be 11852303 lw               x6, 280(x10)         x6=400f4d12 x10:1c011160  PA:1c011278
18298860ns          316106 1c0086c2 01c7a383 lw               x7, 28(x15)          x7=4114ea99 x15:1c010bd8  PA:1c010bf4
18299158ns          316121 1c0086c6 88887843 fmadd.s          f16, f16, f8, f17   f16=xxxxxxxx f16:41a6dd26  f8:3f0ca8bf f17:444d17f1
18299178ns          316122 1c0086ca 1066f353 fmul.s           f6, f13, f6          f6=xxxxxxxx f13:4108fc3f  f6:400f4d12
18299198ns          316123 1c0086ce 14052883 lw               x17, 320(x10)       x17=3f0aed4e x10:1c011160  PA:1c0112a0
18299496ns          316138 1c0086d2 0207a403 lw               x8, 32(x15)          x8=3f1f6eca x15:1c010bd8  PA:1c010bf8
18299815ns          316154 1c0086d4 80737343 fmadd.s          f6, f6, f7, f16      f6=xxxxxxxx  f6:41995c49  f7:4114ea99 f16:444ff568
18299834ns          316155 1c0086d8 1116f8d3 fmul.s           f17, f13, f17       f17=xxxxxxxx f13:4108fc3f f17:3f0aed4e
18299854ns          316156 1c0086dc 16852803 lw               x16, 360(x10)       x16=3eac796e x10:1c011160  PA:1c0112c8
18300153ns          316171 1c0086e0 0247a383 lw               x7, 36(x15)          x7=40aa65bf x15:1c010bd8  PA:1c010bfc
18300471ns          316187 1c0086e4 3088f8c3 fmadd.s          f17, f17, f8, f6    f17=xxxxxxxx f17:4094adea  f8:3f1f6eca  f6:447c905a
18300491ns          316188 1c0086e8 1106f853 fmul.s           f16, f13, f16       f16=xxxxxxxx f13:4108fc3f f16:3eac796e
18300511ns          316189 1c0086ec 000ea303 lw               x6, 0(x29)           x6=40243f52 x29:10001f30  PA:10001f30
18300531ns          316190 1c0086f0 02878793 addi             x15, x15, 40        x15=1c010c00 x15:1c010bd8
18300551ns          316191 1c0086f4 88787843 fmadd.s          f16, f16, f7, f17   f16=xxxxxxxx f16:403894e9  f7:40aa65bf f17:447d498b
18300570ns          316192 1c0086f8 80e37843 fmadd.s          f16, f6, f14, f16   f16=xxxxxxxx  f6:40243f52 f14:410568ab f16:44809036
18300590ns          316193 1c0086fc 030ea42b p.sw             x16, 40(x29!)       x29=10001f58 x16:44833cf6 x29:10001f30  PA:10001f30
18300610ns          316194 1c008658 00052803 lw               x16, 0(x10)         x16=3ee12ce2 x10:1c011160  PA:1c011160
18300909ns          316209 1c00865c 0007a883 lw               x17, 0(x15)         x17=3fcaa69f x15:1c010c00  PA:1c010c00
18301207ns          316224 1c008660 1106f853 fmul.s           f16, f13, f16       f16=xxxxxxxx f13:4108fc3f f16:3ee12ce2
18301227ns          316225 1c008664 02852303 lw               x6, 40(x10)          x6=407d7f08 x10:1c011160  PA:1c011188
18301525ns          316240 1c008668 0047a383 lw               x7, 4(x15)           x7=406a560e x15:1c010c00  PA:1c010c04
18301824ns          316255 1c00866c f1187843 fmadd.s          f16, f16, f17, f30  f16=xxxxxxxx f16:4070fb6f f17:3fcaa69f f30:00000000
18301843ns          316256 1c008670 1066f353 fmul.s           f6, f13, f6          f6=xxxxxxxx f13:4108fc3f  f6:407d7f08
18301863ns          316257 1c008674 05052883 lw               x17, 80(x10)        x17=4098f519 x10:1c011160  PA:1c0111b0
18302162ns          316272 1c008678 0087a403 lw               x8, 8(x15)           x8=40655dec x15:1c010c00  PA:1c010c08
18302480ns          316288 1c00867a 80737343 fmadd.s          f6, f6, f7, f16      f6=xxxxxxxx  f6:4207a544  f7:406a560e f16:40bec33e
18302500ns          316289 1c00867e 1116f8d3 fmul.s           f17, f13, f17       f17=xxxxxxxx f13:4108fc3f f17:4098f519
18302520ns          316290 1c008682 07852803 lw               x16, 120(x10)       x16=411a4fb4 x10:1c011160  PA:1c0111d8
18302818ns          316305 1c008686 00c7a383 lw               x7, 12(x15)          x7=40b6d481 x15:1c010c00  PA:1c010c0c
18303116ns          316320 1c00868a 3088f8c3 fmadd.s          f17, f17, f8, f6    f17=xxxxxxxx f17:4223b1d8  f8:40655dec  f6:430220c3
18303136ns          316321 1c00868e 1106f853 fmul.s           f16, f13, f16       f16=xxxxxxxx f13:4108fc3f f16:411a4fb4
18303156ns          316322 1c008692 0a052303 lw               x6, 160(x10)         x6=40bac021 x10:1c011160  PA:1c011200
18303455ns          316337 1c008696 0107a403 lw               x8, 16(x15)          x8=3ffab76f x15:1c010c00  PA:1c010c10
18303773ns          316353 1c008698 88787843 fmadd.s          f16, f16, f7, f17   f16=xxxxxxxx f16:42a524c8  f7:40b6d481 f17:438a6574
18303793ns          316354 1c00869c 1066f353 fmul.s           f6, f13, f6          f6=xxxxxxxx f13:4108fc3f  f6:40bac021
18303813ns          316355 1c0086a0 0c852883 lw               x17, 200(x10)       x17=40bde6a4 x10:1c011160  PA:1c011228
18304111ns          316370 1c0086a4 0147a383 lw               x7, 20(x15)          x7=40abb524 x15:1c010c00  PA:1c010c14
18304409ns          316385 1c0086a8 80837343 fmadd.s          f6, f6, f8, f16      f6=xxxxxxxx  f6:4247dc29  f8:3ffab76f f16:443b23f6
18304429ns          316386 1c0086ac 1116f8d3 fmul.s           f17, f13, f17       f17=xxxxxxxx f13:4108fc3f f17:40bde6a4
18304449ns          316387 1c0086b0 0f052803 lw               x16, 240(x10)       x16=401beb2f x10:1c011160  PA:1c011250
18304748ns          316402 1c0086b4 0187a403 lw               x8, 24(x15)          x8=4086fe8b x15:1c010c00  PA:1c010c18
18305066ns          316418 1c0086b6 3078f8c3 fmadd.s          f17, f17, f7, f6    f17=xxxxxxxx f17:424b3b4a  f7:40abb524  f6:44539b7d
18305086ns          316419 1c0086ba 1106f853 fmul.s           f16, f13, f16       f16=xxxxxxxx f13:4108fc3f f16:401beb2f
18305106ns          316420 1c0086be 11852303 lw               x6, 280(x10)         x6=400f4d12 x10:1c011160  PA:1c011278
18305404ns          316435 1c0086c2 01c7a383 lw               x7, 28(x15)          x7=3fb98a38 x15:1c010c00  PA:1c010c1c
18305702ns          316450 1c0086c6 88887843 fmadd.s          f16, f16, f8, f17   f16=xxxxxxxx f16:41a6dd26  f8:4086fe8b f17:448be1d8
18305722ns          316451 1c0086ca 1066f353 fmul.s           f6, f13, f6          f6=xxxxxxxx f13:4108fc3f  f6:400f4d12
18305742ns          316452 1c0086ce 14052883 lw               x17, 320(x10)       x17=3f0aed4e x10:1c011160  PA:1c0112a0
18306040ns          316467 1c0086d2 0207a403 lw               x8, 32(x15)          x8=410c6ca0 x15:1c010c00  PA:1c010c20
18306359ns          316483 1c0086d4 80737343 fmadd.s          f6, f6, f7, f16      f6=xxxxxxxx  f6:41995c49  f7:3fb98a38 f16:4496e18d
18306379ns          316484 1c0086d8 1116f8d3 fmul.s           f17, f13, f17       f17=xxxxxxxx f13:4108fc3f f17:3f0aed4e
18306398ns          316485 1c0086dc 16852803 lw               x16, 360(x10)       x16=3eac796e x10:1c011160  PA:1c0112c8
18306697ns          316500 1c0086e0 0247a383 lw               x7, 36(x15)          x7=410e1973 x15:1c010c00  PA:1c010c24
18306995ns          316515 1c0086e4 3088f8c3 fmadd.s          f17, f17, f8, f6    f17=xxxxxxxx f17:4094adea  f8:410c6ca0  f6:449a5ac1
18307015ns          316516 1c0086e8 1106f853 fmul.s           f16, f13, f16       f16=xxxxxxxx f13:4108fc3f f16:3eac796e
18307035ns          316517 1c0086ec 000ea303 lw               x6, 0(x29)           x6=40ce7638 x29:10001f58  PA:10001f58
18307055ns          316518 1c0086f0 02878793 addi             x15, x15, 40        x15=1c010c28 x15:1c010c00
18307075ns          316519 1c0086f4 88787843 fmadd.s          f16, f16, f7, f17   f16=xxxxxxxx f16:403894e9  f7:410e1973 f17:449f73a4
18307095ns          316520 1c0086f8 80e37843 fmadd.s          f16, f6, f14, f16   f16=xxxxxxxx  f6:40ce7638 f14:410568ab f16:44a2a74c
18307115ns          316521 1c0086fc 030ea42b p.sw             x16, 40(x29!)       x29=10001f80 x16:44a960c9 x29:10001f58  PA:10001f58
18307134ns          316522 1c008658 00052803 lw               x16, 0(x10)         x16=3ee12ce2 x10:1c011160  PA:1c011160
18307433ns          316537 1c00865c 0007a883 lw               x17, 0(x15)         x17=4110e07b x15:1c010c28  PA:1c010c28
18307751ns          316553 1c008660 1106f853 fmul.s           f16, f13, f16       f16=xxxxxxxx f13:4108fc3f f16:3ee12ce2
18307771ns          316554 1c008664 02852303 lw               x6, 40(x10)          x6=407d7f08 x10:1c011160  PA:1c011188
18308069ns          316569 1c008668 0047a383 lw               x7, 4(x15)           x7=406280a9 x15:1c010c28  PA:1c010c2c
18308368ns          316584 1c00866c f1187843 fmadd.s          f16, f16, f17, f30  f16=xxxxxxxx f16:4070fb6f f17:4110e07b f30:00000000
18308388ns          316585 1c008670 1066f353 fmul.s           f6, f13, f6          f6=xxxxxxxx f13:4108fc3f  f6:407d7f08
18308407ns          316586 1c008674 05052883 lw               x17, 80(x10)        x17=4098f519 x10:1c011160  PA:1c0111b0
18308706ns          316601 1c008678 0087a403 lw               x8, 8(x15)           x8=403e2622 x15:1c010c28  PA:1c010c30
18309024ns          316617 1c00867a 80737343 fmadd.s          f6, f6, f7, f16      f6=xxxxxxxx  f6:4207a544  f7:406280a9 f16:420860be
18309044ns          316618 1c00867e 1116f8d3 fmul.s           f17, f13, f17       f17=xxxxxxxx f13:4108fc3f f17:4098f519
18309064ns          316619 1c008682 07852803 lw               x16, 120(x10)       x16=411a4fb4 x10:1c011160  PA:1c0111d8
18309362ns          316634 1c008686 00c7a383 lw               x7, 12(x15)          x7=4110fa8f x15:1c010c28  PA:1c010c34
18309661ns          316649 1c00868a 3088f8c3 fmadd.s          f17, f17, f8, f6    f17=xxxxxxxx f17:4223b1d8  f8:403e2622  f6:431a1c42
18309680ns          316650 1c00868e 1106f853 fmul.s           f16, f13, f16       f16=xxxxxxxx f13:4108fc3f f16:411a4fb4
18309700ns          316651 1c008692 0a052303 lw               x6, 160(x10)         x6=40bac021 x10:1c011160  PA:1c011200
18309999ns          316666 1c008696 0107a403 lw               x8, 16(x15)          x8=3eac8796 x15:1c010c28  PA:1c010c38
18310297ns          316681 1c008698 88787843 fmadd.s          f16, f16, f7, f17   f16=xxxxxxxx f16:42a524c8  f7:4110fa8f f17:4389d951
18310317ns          316682 1c00869c 1066f353 fmul.s           f6, f13, f6          f6=xxxxxxxx f13:4108fc3f  f6:40bac021
18310337ns          316683 1c0086a0 0c852883 lw               x17, 200(x10)       x17=40bde6a4 x10:1c011160  PA:1c011228
18310635ns          316698 1c0086a4 0147a383 lw               x7, 20(x15)          x7=4114b55f x15:1c010c28  PA:1c010c3c
18310934ns          316713 1c0086a8 80837343 fmadd.s          f6, f6, f8, f16      f6=xxxxxxxx  f6:4247dc29  f8:3eac8796 f16:447ff94e
18310953ns          316714 1c0086ac 1116f8d3 fmul.s           f17, f13, f17       f17=xxxxxxxx f13:4108fc3f f17:40bde6a4
18310973ns          316715 1c0086b0 0f052803 lw               x16, 240(x10)       x16=401beb2f x10:1c011160  PA:1c011250
18311272ns          316730 1c0086b4 0187a403 lw               x8, 24(x15)          x8=40ef09d6 x15:1c010c28  PA:1c010c40
18311570ns          316745 1c0086b6 3078f8c3 fmadd.s          f17, f17, f7, f6    f17=xxxxxxxx f17:424b3b4a  f7:4114b55f  f6:4482176e
18311590ns          316746 1c0086ba 1106f853 fmul.s           f16, f13, f16       f16=xxxxxxxx f13:4108fc3f f16:401beb2f
18311610ns          316747 1c0086be 11852303 lw               x6, 280(x10)         x6=400f4d12 x10:1c011160  PA:1c011278
18311908ns          316762 1c0086c2 01c7a383 lw               x7, 28(x15)          x7=3fe0dd39 x15:1c010c28  PA:1c010c44
18312207ns          316777 1c0086c6 88887843 fmadd.s          f16, f16, f8, f17   f16=xxxxxxxx f16:41a6dd26  f8:40ef09d6 f17:44bd1e90
18312226ns          316778 1c0086ca 1066f353 fmul.s           f6, f13, f6          f6=xxxxxxxx f13:4108fc3f  f6:400f4d12
18312246ns          316779 1c0086ce 14052883 lw               x17, 320(x10)       x17=3f0aed4e x10:1c011160  PA:1c0112a0
18312545ns          316794 1c0086d2 0207a403 lw               x8, 32(x15)          x8=40e88272 x15:1c010c28  PA:1c010c48
18312843ns          316809 1c0086d4 80737343 fmadd.s          f6, f6, f7, f16      f6=xxxxxxxx  f6:41995c49  f7:3fe0dd39 f16:44d0986c
18312863ns          316810 1c0086d8 1116f8d3 fmul.s           f17, f13, f17       f17=xxxxxxxx f13:4108fc3f f17:3f0aed4e
18312883ns          316811 1c0086dc 16852803 lw               x16, 360(x10)       x16=3eac796e x10:1c011160  PA:1c0112c8
18313181ns          316826 1c0086e0 0247a383 lw               x7, 36(x15)          x7=40bb64c4 x15:1c010c28  PA:1c010c4c
18313480ns          316841 1c0086e4 3088f8c3 fmadd.s          f17, f17, f8, f6    f17=xxxxxxxx f17:4094adea  f8:40e88272  f6:44d4ce16
18313499ns          316842 1c0086e8 1106f853 fmul.s           f16, f13, f16       f16=xxxxxxxx f13:4108fc3f f16:3eac796e
18313519ns          316843 1c0086ec 000ea303 lw               x6, 0(x29)           x6=411a8690 x29:10001f80  PA:10001f80
18313539ns          316844 1c0086f0 02878793 addi             x15, x15, 40        x15=1c010c50 x15:1c010c28
18313559ns          316845 1c0086f4 88787843 fmadd.s          f16, f16, f7, f17   f16=xxxxxxxx f16:403894e9  f7:40bb64c4 f17:44d90661
18313579ns          316846 1c0086f8 80e37843 fmadd.s          f16, f6, f14, f16   f16=xxxxxxxx  f6:411a8690 f14:410568ab f16:44db22d7
18313599ns          316847 1c0086fc 030ea42b p.sw             x16, 40(x29!)       x29=10001fa8 x16:44e533ba x29:10001f80  PA:10001f80
18313619ns          316848 1c008658 00052803 lw               x16, 0(x10)         x16=3ee12ce2 x10:1c011160  PA:1c011160
18313917ns          316863 1c00865c 0007a883 lw               x17, 0(x15)         x17=3fa36583 x15:1c010c50  PA:1c010c50
18314216ns          316878 1c008660 1106f853 fmul.s           f16, f13, f16       f16=xxxxxxxx f13:4108fc3f f16:3ee12ce2
18314235ns          316879 1c008664 02852303 lw               x6, 40(x10)          x6=407d7f08 x10:1c011160  PA:1c011188
18314534ns          316894 1c008668 0047a383 lw               x7, 4(x15)           x7=4043d5a4 x15:1c010c50  PA:1c010c54
18314832ns          316909 1c00866c f1187843 fmadd.s          f16, f16, f17, f30  f16=xxxxxxxx f16:4070fb6f f17:3fa36583 f30:00000000
18314852ns          316910 1c008670 1066f353 fmul.s           f6, f13, f6          f6=xxxxxxxx f13:4108fc3f  f6:407d7f08
18314872ns          316911 1c008674 05052883 lw               x17, 80(x10)        x17=4098f519 x10:1c011160  PA:1c0111b0
18315170ns          316926 1c008678 0087a403 lw               x8, 8(x15)           x8=408dd736 x15:1c010c50  PA:1c010c58
18315469ns          316941 1c00867a 80737343 fmadd.s          f6, f6, f7, f16      f6=xxxxxxxx  f6:4207a544  f7:4043d5a4 f16:4099cfa6
18315489ns          316942 1c00867e 1116f8d3 fmul.s           f17, f13, f17       f17=xxxxxxxx f13:4108fc3f f17:4098f519
18315508ns          316943 1c008682 07852803 lw               x16, 120(x10)       x16=411a4fb4 x10:1c011160  PA:1c0111d8
18315807ns          316958 1c008686 00c7a383 lw               x7, 12(x15)          x7=40e32930 x15:1c010c50  PA:1c010c5c
18316105ns          316973 1c00868a 3088f8c3 fmadd.s          f17, f17, f8, f6    f17=xxxxxxxx f17:4223b1d8  f8:408dd736  f6:42d92527
18316125ns          316974 1c00868e 1106f853 fmul.s           f16, f13, f16       f16=xxxxxxxx f13:4108fc3f f16:411a4fb4
18316145ns          316975 1c008692 0a052303 lw               x6, 160(x10)         x6=40bac021 x10:1c011160  PA:1c011200
18316443ns          316990 1c008696 0107a403 lw               x8, 16(x15)          x8=4111c963 x15:1c010c50  PA:1c010c60
18316742ns          317005 1c008698 88787843 fmadd.s          f16, f16, f7, f17   f16=xxxxxxxx f16:42a524c8  f7:40e32930 f17:4390fbdb
18316762ns          317006 1c00869c 1066f353 fmul.s           f6, f13, f6          f6=xxxxxxxx f13:4108fc3f  f6:40bac021
18316781ns          317007 1c0086a0 0c852883 lw               x17, 200(x10)       x17=40bde6a4 x10:1c011160  PA:1c011228
18317100ns          317023 1c0086a4 0147a383 lw               x7, 20(x15)          x7=411047ed x15:1c010c50  PA:1c010c64
18317398ns          317038 1c0086a8 80837343 fmadd.s          f6, f6, f8, f16      f6=xxxxxxxx  f6:4247dc29  f8:4111c963 f16:445b081d
18317418ns          317039 1c0086ac 1116f8d3 fmul.s           f17, f13, f17       f17=xxxxxxxx f13:4108fc3f f17:40bde6a4
18317438ns          317040 1c0086b0 0f052803 lw               x16, 240(x10)       x16=401beb2f x10:1c011160  PA:1c011250
18317736ns          317055 1c0086b4 0187a403 lw               x8, 24(x15)          x8=411406fb x15:1c010c50  PA:1c010c68
18318035ns          317070 1c0086b6 3078f8c3 fmadd.s          f17, f17, f7, f6    f17=xxxxxxxx f17:424b3b4a  f7:411047ed  f6:44a66c85
18318054ns          317071 1c0086ba 1106f853 fmul.s           f16, f13, f16       f16=xxxxxxxx f13:4108fc3f f16:401beb2f
18318074ns          317072 1c0086be 11852303 lw               x6, 280(x10)         x6=400f4d12 x10:1c011160  PA:1c011278
18318393ns          317088 1c0086c2 01c7a383 lw               x7, 28(x15)          x7=40b8491a x15:1c010c50  PA:1c010c6c
18318691ns          317103 1c0086c6 88887843 fmadd.s          f16, f16, f8, f17   f16=xxxxxxxx f16:41a6dd26  f8:411406fb f17:44dfb1bf
18318711ns          317104 1c0086ca 1066f353 fmul.s           f6, f13, f6          f6=xxxxxxxx f13:4108fc3f  f6:400f4d12
18318731ns          317105 1c0086ce 14052883 lw               x17, 320(x10)       x17=3f0aed4e x10:1c011160  PA:1c0112a0
18319029ns          317120 1c0086d2 0207a403 lw               x8, 32(x15)          x8=40bdac24 x15:1c010c50  PA:1c010c70
18319327ns          317135 1c0086d4 80737343 fmadd.s          f6, f6, f7, f16      f6=xxxxxxxx  f6:41995c49  f7:40b8491a f16:44f7d0d9
18319347ns          317136 1c0086d8 1116f8d3 fmul.s           f17, f13, f17       f17=xxxxxxxx f13:4108fc3f f17:3f0aed4e
18319367ns          317137 1c0086dc 16852803 lw               x16, 360(x10)       x16=3eac796e x10:1c011160  PA:1c0112c8
18319685ns          317153 1c0086e0 0247a383 lw               x7, 36(x15)          x7=410d85bd x15:1c010c50  PA:1c010c74
18319984ns          317168 1c0086e4 3088f8c3 fmadd.s          f17, f17, f8, f6    f17=xxxxxxxx f17:4094adea  f8:40bdac24  f6:4502cece
18320004ns          317169 1c0086e8 1106f853 fmul.s           f16, f13, f16       f16=xxxxxxxx f13:4108fc3f f16:3eac796e
18320024ns          317170 1c0086ec 000ea303 lw               x6, 0(x29)           x6=3fe1e268 x29:10001fa8  PA:10001fa8
18320043ns          317171 1c0086f0 02878793 addi             x15, x15, 40        x15=1c010c78 x15:1c010c50
18320063ns          317172 1c0086f4 88787843 fmadd.s          f16, f16, f7, f17   f16=xxxxxxxx f16:403894e9  f7:410d85bd f17:4504876f
18320083ns          317173 1c0086f8 80e37843 fmadd.s          f16, f6, f14, f16   f16=xxxxxxxx  f6:3fe1e268 f14:410568ab f16:45061f99
18320103ns          317174 1c0086fc 030ea42b p.sw             x16, 40(x29!)       x29=10001fd0 x16:45070b07 x29:10001fa8  PA:10001fa8
18320123ns          317175 1c008658 00052803 lw               x16, 0(x10)         x16=3ee12ce2 x10:1c011160  PA:1c011160
18320421ns          317190 1c00865c 0007a883 lw               x17, 0(x15)         x17=40cc4569 x15:1c010c78  PA:1c010c78
18320720ns          317205 1c008660 1106f853 fmul.s           f16, f13, f16       f16=xxxxxxxx f13:4108fc3f f16:3ee12ce2
18320740ns          317206 1c008664 02852303 lw               x6, 40(x10)          x6=407d7f08 x10:1c011160  PA:1c011188
18321058ns          317222 1c008668 0047a383 lw               x7, 4(x15)           x7=3fccf10a x15:1c010c78  PA:1c010c7c
18321356ns          317237 1c00866c f1187843 fmadd.s          f16, f16, f17, f30  f16=xxxxxxxx f16:4070fb6f f17:40cc4569 f30:00000000
18321376ns          317238 1c008670 1066f353 fmul.s           f6, f13, f6          f6=xxxxxxxx f13:4108fc3f  f6:407d7f08
18321396ns          317239 1c008674 05052883 lw               x17, 80(x10)        x17=4098f519 x10:1c011160  PA:1c0111b0
18321694ns          317254 1c008678 0087a403 lw               x8, 8(x15)           x8=41002690 x15:1c010c78  PA:1c010c80
18321993ns          317269 1c00867a 80737343 fmadd.s          f6, f6, f7, f16      f6=xxxxxxxx  f6:4207a544  f7:3fccf10a f16:41c049b3
18322013ns          317270 1c00867e 1116f8d3 fmul.s           f17, f13, f17       f17=xxxxxxxx f13:4108fc3f f17:4098f519
18322033ns          317271 1c008682 07852803 lw               x16, 120(x10)       x16=411a4fb4 x10:1c011160  PA:1c0111d8
18322351ns          317287 1c008686 00c7a383 lw               x7, 12(x15)          x7=4031a08a x15:1c010c78  PA:1c010c84
18322649ns          317302 1c00868a 3088f8c3 fmadd.s          f17, f17, f8, f6    f17=xxxxxxxx f17:4223b1d8  f8:41002690  f6:429ca9d7
18322669ns          317303 1c00868e 1106f853 fmul.s           f16, f13, f16       f16=xxxxxxxx f13:4108fc3f f16:411a4fb4
18322689ns          317304 1c008692 0a052303 lw               x6, 160(x10)         x6=40bac021 x10:1c011160  PA:1c011200
18322987ns          317319 1c008696 0107a403 lw               x8, 16(x15)          x8=408d5838 x15:1c010c78  PA:1c010c88
18323286ns          317334 1c008698 88787843 fmadd.s          f16, f16, f7, f17   f16=xxxxxxxx f16:42a524c8  f7:4031a08a f17:43cb0d9f
18323306ns          317335 1c00869c 1066f353 fmul.s           f6, f13, f6          f6=xxxxxxxx f13:4108fc3f  f6:40bac021
18323325ns          317336 1c0086a0 0c852883 lw               x17, 200(x10)       x17=40bde6a4 x10:1c011160  PA:1c011228
18323624ns          317351 1c0086a4 0147a383 lw               x7, 20(x15)          x7=40866b6c x15:1c010c78  PA:1c010c8c
18323922ns          317366 1c0086a8 80837343 fmadd.s          f6, f6, f8, f16      f6=xxxxxxxx  f6:4247dc29  f8:408d5838 f16:441ed1cf
18323942ns          317367 1c0086ac 1116f8d3 fmul.s           f17, f13, f17       f17=xxxxxxxx f13:4108fc3f f17:40bde6a4
18323962ns          317368 1c0086b0 0f052803 lw               x16, 240(x10)       x16=401beb2f x10:1c011160  PA:1c011250
18324260ns          317383 1c0086b4 0187a403 lw               x8, 24(x15)          x8=400fb53c x15:1c010c78  PA:1c010c90
18324559ns          317398 1c0086b6 3078f8c3 fmadd.s          f17, f17, f7, f6    f17=xxxxxxxx f17:424b3b4a  f7:40866b6c  f6:4455fe60
18324579ns          317399 1c0086ba 1106f853 fmul.s           f16, f13, f16       f16=xxxxxxxx f13:4108fc3f f16:401beb2f
18324598ns          317400 1c0086be 11852303 lw               x6, 280(x10)         x6=400f4d12 x10:1c011160  PA:1c011278
18324897ns          317415 1c0086c2 01c7a383 lw               x7, 28(x15)          x7=40b49c8e x15:1c010c78  PA:1c010c94
18325195ns          317430 1c0086c6 88887843 fmadd.s          f16, f16, f8, f17   f16=xxxxxxxx f16:41a6dd26  f8:400fb53c f17:4485acc4
18325215ns          317431 1c0086ca 1066f353 fmul.s           f6, f13, f6          f6=xxxxxxxx f13:4108fc3f  f6:400f4d12
18325235ns          317432 1c0086ce 14052883 lw               x17, 320(x10)       x17=3f0aed4e x10:1c011160  PA:1c0112a0
18325533ns          317447 1c0086d2 0207a403 lw               x8, 32(x15)          x8=40920122 x15:1c010c78  PA:1c010c98
18325832ns          317462 1c0086d4 80737343 fmadd.s          f6, f6, f7, f16      f6=xxxxxxxx  f6:41995c49  f7:40b49c8e f16:448b877f
18325852ns          317463 1c0086d8 1116f8d3 fmul.s           f17, f13, f17       f17=xxxxxxxx f13:4108fc3f f17:3f0aed4e
18325871ns          317464 1c0086dc 16852803 lw               x16, 360(x10)       x16=3eac796e x10:1c011160  PA:1c0112c8
18326170ns          317479 1c0086e0 0247a383 lw               x7, 36(x15)          x7=3f91cf6a x15:1c010c78  PA:1c010c9c
18326468ns          317494 1c0086e4 3088f8c3 fmadd.s          f17, f17, f8, f6    f17=xxxxxxxx f17:4094adea  f8:40920122  f6:44990dd5
18326488ns          317495 1c0086e8 1106f853 fmul.s           f16, f13, f16       f16=xxxxxxxx f13:4108fc3f f16:3eac796e
18326508ns          317496 1c0086ec 000ea303 lw               x6, 0(x29)           x6=40072c45 x29:10001fd0  PA:10001fd0
18326528ns          317497 1c0086f0 02878793 addi             x15, x15, 40        x15=1c010ca0 x15:1c010c78
18326548ns          317498 1c0086f4 88787843 fmadd.s          f16, f16, f7, f17   f16=xxxxxxxx f16:403894e9  f7:3f91cf6a f17:449bb434
18326568ns          317499 1c0086f8 80e37843 fmadd.s          f16, f6, f14, f16   f16=xxxxxxxx  f6:40072c45 f14:410568ab f16:449c1d56
18326588ns          317500 1c0086fc 030ea42b p.sw             x16, 40(x29!)       x29=10001ff8 x16:449e50e0 x29:10001fd0  PA:10001fd0
18326607ns          317501 1c008700 00460613 addi             x12, x12, 4         x12=10001e6c x12:10001e68
18326627ns          317502 1c008702 00450513 addi             x10, x10, 4         x10=1c011164 x10:1c011160
18326667ns          317504 1c008632 40b28e33 sub              x28, x5, x11        x28=00000190  x5:1c010ca0 x11:1c010b10
18326687ns          317505 1c008636 fd8e0e13 addi             x28, x28, -40       x28=00000168 x28:00000190
18326707ns          317506 1c00863a 0cccd7b7 lui              x15, 0xcccd000      x15=0cccd000
18326727ns          317507 1c00863e ccd78793 addi             x15, x15, -819      x15=0ccccccd x15:0cccd000
18326747ns          317508 1c008642 003e5e13 srli             x28, x28, 0x3       x28=0000002d x28:00000168
18326767ns          317509 1c008646 02fe0e33 mul              x28, x28, x15       x28=40000009 x28:0000002d x15:0ccccccd
18326786ns          317510 1c00864a c5de3e33 p.bclr           x28, x28, 2, 29     x28=00000009 x28:40000009
18326806ns          317511 1c00864e 00b007b3 add              x15, x0, x11        x15=1c010b10 x11:1c010b10
18326826ns          317512 1c008650 00c00eb3 add              x29, x0, x12        x29=10001e6c x12:10001e6c
18326846ns          317513 1c008652 001e0e13 addi             x28, x28, 1         x28=0000000a x28:00000009
18326866ns          317514 1c008654 054e40fb lp.setup         0x1, x28, 0x54      x28:0000000a
18326886ns          317515 1c008658 00052803 lw               x16, 0(x10)         x16=400954ed x10:1c011164  PA:1c011164
18327184ns          317530 1c00865c 0007a883 lw               x17, 0(x15)         x17=40cda545 x15:1c010b10  PA:1c010b10
18327483ns          317545 1c008660 1106f853 fmul.s           f16, f13, f16       f16=xxxxxxxx f13:4108fc3f f16:400954ed
18327503ns          317546 1c008664 02852303 lw               x6, 40(x10)          x6=3fe38640 x10:1c011164  PA:1c01118c
18327801ns          317561 1c008668 0047a383 lw               x7, 4(x15)           x7=40f08a50 x15:1c010b10  PA:1c010b14
18328099ns          317576 1c00866c f1187843 fmadd.s          f16, f16, f17, f30  f16=xxxxxxxx f16:4192f8df f17:40cda545 f30:00000000
18328119ns          317577 1c008670 1066f353 fmul.s           f6, f13, f6          f6=xxxxxxxx f13:4108fc3f  f6:3fe38640
18328139ns          317578 1c008674 05052883 lw               x17, 80(x10)        x17=3eece84f x10:1c011164  PA:1c0111b4
18328437ns          317593 1c008678 0087a403 lw               x8, 8(x15)           x8=41134027 x15:1c010b10  PA:1c010b18
18328736ns          317608 1c00867a 80737343 fmadd.s          f6, f6, f7, f16      f6=xxxxxxxx  f6:41737f04  f7:40f08a50 f16:42ec2059
18328756ns          317609 1c00867e 1116f8d3 fmul.s           f17, f13, f17       f17=xxxxxxxx f13:4108fc3f f17:3eece84f
18328776ns          317610 1c008682 07852803 lw               x16, 120(x10)       x16=400dc614 x10:1c011164  PA:1c0111dc
18329094ns          317626 1c008686 00c7a383 lw               x7, 12(x15)          x7=3fc00009 x15:1c010b10  PA:1c010b1c
18329392ns          317641 1c00868a 3088f8c3 fmadd.s          f17, f17, f8, f6    f17=xxxxxxxx f17:407d89b2  f8:41134027  f6:4368757e
18329412ns          317642 1c00868e 1106f853 fmul.s           f16, f13, f16       f16=xxxxxxxx f13:4108fc3f f16:400dc614
18329432ns          317643 1c008692 0a052303 lw               x6, 160(x10)         x6=411dcf35 x10:1c011164  PA:1c011204
18329730ns          317658 1c008696 0107a403 lw               x8, 16(x15)          x8=41028837 x15:1c010b10  PA:1c010b20
18330029ns          317673 1c008698 88787843 fmadd.s          f16, f16, f7, f17   f16=xxxxxxxx f16:4197b9d9  f7:3fc00009 f17:43867572
18330049ns          317674 1c00869c 1066f353 fmul.s           f6, f13, f6          f6=xxxxxxxx f13:4108fc3f  f6:411dcf35
18330068ns          317675 1c0086a0 0c852883 lw               x17, 200(x10)       x17=40de957d x10:1c011164  PA:1c01122c
18330387ns          317691 1c0086a4 0147a383 lw               x7, 20(x15)          x7=40be76b1 x15:1c010b10  PA:1c010b24
18330685ns          317706 1c0086a8 80837343 fmadd.s          f6, f6, f8, f16      f6=xxxxxxxx  f6:42a8e326  f8:41028837 f16:4394aedf
18330705ns          317707 1c0086ac 1116f8d3 fmul.s           f17, f13, f17       f17=xxxxxxxx f13:4108fc3f f17:40de957d
18330725ns          317708 1c0086b0 0f052803 lw               x16, 240(x10)       x16=40c407a6 x10:1c011164  PA:1c011254
18331023ns          317723 1c0086b4 0187a403 lw               x8, 24(x15)          x8=410dec9e x15:1c010b10  PA:1c010b28
18331322ns          317738 1c0086b6 3078f8c3 fmadd.s          f17, f17, f7, f6    f17=xxxxxxxx f17:426e3579  f7:40be76b1  f6:447691dc
18331341ns          317739 1c0086ba 1106f853 fmul.s           f16, f13, f16       f16=xxxxxxxx f13:4108fc3f f16:40c407a6
18331361ns          317740 1c0086be 11852303 lw               x6, 280(x10)         x6=3eae97bb x10:1c011164  PA:1c01127c
18331680ns          317756 1c0086c2 01c7a383 lw               x7, 28(x15)          x7=407ef751 x15:1c010b10  PA:1c010b2c
18331978ns          317771 1c0086c6 88887843 fmadd.s          f16, f16, f8, f17   f16=xxxxxxxx f16:4251ca70  f8:410dec9e f17:44a79776
18331998ns          317772 1c0086ca 1066f353 fmul.s           f6, f13, f6          f6=xxxxxxxx f13:4108fc3f  f6:3eae97bb
18332018ns          317773 1c0086ce 14052883 lw               x17, 320(x10)       x17=40b1534a x10:1c011164  PA:1c0112a4
18332316ns          317788 1c0086d2 0207a403 lw               x8, 32(x15)          x8=40b312ba x15:1c010b10  PA:1c010b30
18332614ns          317803 1c0086d4 80737343 fmadd.s          f6, f6, f7, f16      f6=xxxxxxxx  f6:403ad947  f7:407ef751 f16:44e1beaa
18332634ns          317804 1c0086d8 1116f8d3 fmul.s           f17, f13, f17       f17=xxxxxxxx f13:4108fc3f f17:40b1534a
18332654ns          317805 1c0086dc 16852803 lw               x16, 360(x10)       x16=40e9a439 x10:1c011164  PA:1c0112cc
18332953ns          317820 1c0086e0 0247a383 lw               x7, 36(x15)          x7=4087f7f0 x15:1c010b10  PA:1c010b34
18333251ns          317835 1c0086e4 3088f8c3 fmadd.s          f17, f17, f8, f6    f17=xxxxxxxx f17:423dc5f2  f8:40b312ba  f6:44e332da
18333271ns          317836 1c0086e8 1106f853 fmul.s           f16, f13, f16       f16=xxxxxxxx f13:4108fc3f f16:40e9a439
18333291ns          317837 1c0086ec 000ea303 lw               x6, 0(x29)           x6=40eb785a x29:10001e6c  PA:10001e6c
18333311ns          317838 1c0086f0 02878793 addi             x15, x15, 40        x15=1c010b38 x15:1c010b10
18333331ns          317839 1c0086f4 88787843 fmadd.s          f16, f16, f7, f17   f16=xxxxxxxx f16:427a0aeb  f7:4087f7f0 f17:45023156
18333350ns          317840 1c0086f8 80e37843 fmadd.s          f16, f6, f14, f16   f16=xxxxxxxx  f6:40eb785a f14:410568ab f16:4512cb14
18333370ns          317841 1c0086fc 030ea42b p.sw             x16, 40(x29!)       x29=10001e94 x16:4516a0c2 x29:10001e6c  PA:10001e6c
18333390ns          317842 1c008658 00052803 lw               x16, 0(x10)         x16=400954ed x10:1c011164  PA:1c011164
18333689ns          317857 1c00865c 0007a883 lw               x17, 0(x15)         x17=40e744fc x15:1c010b38  PA:1c010b38
18333987ns          317872 1c008660 1106f853 fmul.s           f16, f13, f16       f16=xxxxxxxx f13:4108fc3f f16:400954ed
18334007ns          317873 1c008664 02852303 lw               x6, 40(x10)          x6=3fe38640 x10:1c011164  PA:1c01118c
18334325ns          317889 1c008668 0047a383 lw               x7, 4(x15)           x7=4119cb83 x15:1c010b38  PA:1c010b3c
18334623ns          317904 1c00866c f1187843 fmadd.s          f16, f16, f17, f30  f16=xxxxxxxx f16:4192f8df f17:40e744fc f30:00000000
18334643ns          317905 1c008670 1066f353 fmul.s           f6, f13, f6          f6=xxxxxxxx f13:4108fc3f  f6:3fe38640
18334663ns          317906 1c008674 05052883 lw               x17, 80(x10)        x17=3eece84f x10:1c011164  PA:1c0111b4
18334962ns          317921 1c008678 0087a403 lw               x8, 8(x15)           x8=3fedbab9 x15:1c010b38  PA:1c010b40
18335260ns          317936 1c00867a 80737343 fmadd.s          f6, f6, f7, f16      f6=xxxxxxxx  f6:41737f04  f7:4119cb83 f16:4304c62c
18335280ns          317937 1c00867e 1116f8d3 fmul.s           f17, f13, f17       f17=xxxxxxxx f13:4108fc3f f17:3eece84f
18335300ns          317938 1c008682 07852803 lw               x16, 120(x10)       x16=400dc614 x10:1c011164  PA:1c0111dc
18335598ns          317953 1c008686 00c7a383 lw               x7, 12(x15)          x7=3eef5305 x15:1c010b38  PA:1c010b44
18335896ns          317968 1c00868a 3088f8c3 fmadd.s          f17, f17, f8, f6    f17=xxxxxxxx f17:407d89b2  f8:3fedbab9  f6:438b8754
18335916ns          317969 1c00868e 1106f853 fmul.s           f16, f13, f16       f16=xxxxxxxx f13:4108fc3f f16:400dc614
18335936ns          317970 1c008692 0a052303 lw               x6, 160(x10)         x6=411dcf35 x10:1c011164  PA:1c011204
18336235ns          317985 1c008696 0107a403 lw               x8, 16(x15)          x8=40ad0325 x15:1c010b38  PA:1c010b48
18336533ns          318000 1c008698 88787843 fmadd.s          f16, f16, f7, f17   f16=xxxxxxxx f16:4197b9d9  f7:3eef5305 f17:438f351a
18336553ns          318001 1c00869c 1066f353 fmul.s           f6, f13, f6          f6=xxxxxxxx f13:4108fc3f  f6:411dcf35
18336573ns          318002 1c0086a0 0c852883 lw               x17, 200(x10)       x17=40de957d x10:1c011164  PA:1c01122c
18336871ns          318017 1c0086a4 0147a383 lw               x7, 20(x15)          x7=3f56fa5e x15:1c010b38  PA:1c010b4c
18337169ns          318032 1c0086a8 80837343 fmadd.s          f6, f6, f8, f16      f6=xxxxxxxx  f6:42a8e326  f8:40ad0325 f16:4393a3d8
18337189ns          318033 1c0086ac 1116f8d3 fmul.s           f17, f13, f17       f17=xxxxxxxx f13:4108fc3f f17:40de957d
18337209ns          318034 1c0086b0 0f052803 lw               x16, 240(x10)       x16=40c407a6 x10:1c011164  PA:1c011254
18337508ns          318049 1c0086b4 0187a403 lw               x8, 24(x15)          x8=407c65f3 x15:1c010b38  PA:1c010b50
18337806ns          318064 1c0086b6 3078f8c3 fmadd.s          f17, f17, f7, f6    f17=xxxxxxxx f17:426e3579  f7:3f56fa5e  f6:443bf580
18337826ns          318065 1c0086ba 1106f853 fmul.s           f16, f13, f16       f16=xxxxxxxx f13:4108fc3f f16:40c407a6
18337846ns          318066 1c0086be 11852303 lw               x6, 280(x10)         x6=3eae97bb x10:1c011164  PA:1c01127c
18338144ns          318081 1c0086c2 01c7a383 lw               x7, 28(x15)          x7=410d50e8 x15:1c010b38  PA:1c010b54
18338442ns          318096 1c0086c6 88887843 fmadd.s          f16, f16, f8, f17   f16=xxxxxxxx f16:4251ca70  f8:407c65f3 f17:4448761b
18338462ns          318097 1c0086ca 1066f353 fmul.s           f6, f13, f6          f6=xxxxxxxx f13:4108fc3f  f6:3eae97bb
18338482ns          318098 1c0086ce 14052883 lw               x17, 320(x10)       x17=40b1534a x10:1c011164  PA:1c0112a4
18338781ns          318113 1c0086d2 0207a403 lw               x8, 32(x15)          x8=410b2aa7 x15:1c010b38  PA:1c010b58
18339079ns          318128 1c0086d4 80737343 fmadd.s          f6, f6, f7, f16      f6=xxxxxxxx  f6:403ad947  f7:410d50e8 f16:447c2bd0
18339099ns          318129 1c0086d8 1116f8d3 fmul.s           f17, f13, f17       f17=xxxxxxxx f13:4108fc3f f17:40b1534a
18339119ns          318130 1c0086dc 16852803 lw               x16, 360(x10)       x16=40e9a439 x10:1c011164  PA:1c0112cc
18339417ns          318145 1c0086e0 0247a383 lw               x7, 36(x15)          x7=40f5b887 x15:1c010b38  PA:1c010b5c
18339755ns          318162 1c0086e4 3088f8c3 fmadd.s          f17, f17, f8, f6    f17=xxxxxxxx f17:423dc5f2  f8:410b2aa7  f6:44814f0e
18339775ns          318163 1c0086e8 1106f853 fmul.s           f16, f13, f16       f16=xxxxxxxx f13:4108fc3f f16:40e9a439
18339795ns          318164 1c0086ec 000ea303 lw               x6, 0(x29)           x6=40373a79 x29:10001e94  PA:10001e94
18339815ns          318165 1c0086f0 02878793 addi             x15, x15, 40        x15=1c010b60 x15:1c010b38
18339835ns          318166 1c0086f4 88787843 fmadd.s          f16, f16, f7, f17   f16=xxxxxxxx f16:427a0aeb  f7:40f5b887 f17:44b4e41a
18339855ns          318167 1c0086f8 80e37843 fmadd.s          f16, f6, f14, f16   f16=xxxxxxxx  f6:40373a79 f14:410568ab f16:44f0e446
18339875ns          318168 1c0086fc 030ea42b p.sw             x16, 40(x29!)       x29=10001ebc x16:44f3e028 x29:10001e94  PA:10001e94
18339894ns          318169 1c008658 00052803 lw               x16, 0(x10)         x16=400954ed x10:1c011164  PA:1c011164
18340193ns          318184 1c00865c 0007a883 lw               x17, 0(x15)         x17=408437c5 x15:1c010b60  PA:1c010b60
18340491ns          318199 1c008660 1106f853 fmul.s           f16, f13, f16       f16=xxxxxxxx f13:4108fc3f f16:400954ed
18340511ns          318200 1c008664 02852303 lw               x6, 40(x10)          x6=3fe38640 x10:1c011164  PA:1c01118c
18340809ns          318215 1c008668 0047a383 lw               x7, 4(x15)           x7=40ed961d x15:1c010b60  PA:1c010b64
18341108ns          318230 1c00866c f1187843 fmadd.s          f16, f16, f17, f30  f16=xxxxxxxx f16:4192f8df f17:408437c5 f30:00000000
18341128ns          318231 1c008670 1066f353 fmul.s           f6, f13, f6          f6=xxxxxxxx f13:4108fc3f  f6:3fe38640
18341148ns          318232 1c008674 05052883 lw               x17, 80(x10)        x17=3eece84f x10:1c011164  PA:1c0111b4
18341446ns          318247 1c008678 0087a403 lw               x8, 8(x15)           x8=410b9643 x15:1c010b60  PA:1c010b68
18341744ns          318262 1c00867a 80737343 fmadd.s          f6, f6, f7, f16      f6=xxxxxxxx  f6:41737f04  f7:40ed961d f16:4297d0af
18341764ns          318263 1c00867e 1116f8d3 fmul.s           f17, f13, f17       f17=xxxxxxxx f13:4108fc3f f17:3eece84f
18341784ns          318264 1c008682 07852803 lw               x16, 120(x10)       x16=400dc614 x10:1c011164  PA:1c0111dc
18342082ns          318279 1c008686 00c7a383 lw               x7, 12(x15)          x7=3fa0a167 x15:1c010b60  PA:1c010b6c
18342401ns          318295 1c00868a 3088f8c3 fmadd.s          f17, f17, f8, f6    f17=xxxxxxxx f17:407d89b2  f8:410b9643  f6:433ce607
18342421ns          318296 1c00868e 1106f853 fmul.s           f16, f13, f16       f16=xxxxxxxx f13:4108fc3f f16:400dc614
18342440ns          318297 1c008692 0a052303 lw               x6, 160(x10)         x6=411dcf35 x10:1c011164  PA:1c011204
18342739ns          318312 1c008696 0107a403 lw               x8, 16(x15)          x8=411beb61 x15:1c010b60  PA:1c010b70
18343037ns          318327 1c008698 88787843 fmadd.s          f16, f16, f7, f17   f16=xxxxxxxx f16:4197b9d9  f7:3fa0a167 f17:435f75ac
18343057ns          318328 1c00869c 1066f353 fmul.s           f6, f13, f6          f6=xxxxxxxx f13:4108fc3f  f6:411dcf35
18343077ns          318329 1c0086a0 0c852883 lw               x17, 200(x10)       x17=40de957d x10:1c011164  PA:1c01122c
18343375ns          318344 1c0086a4 0147a383 lw               x7, 20(x15)          x7=40a15457 x15:1c010b60  PA:1c010b74
18343694ns          318360 1c0086a8 80837343 fmadd.s          f6, f6, f8, f16      f6=xxxxxxxx  f6:42a8e326  f8:411beb61 f16:437742a0
18343713ns          318361 1c0086ac 1116f8d3 fmul.s           f17, f13, f17       f17=xxxxxxxx f13:4108fc3f f17:40de957d
18343733ns          318362 1c0086b0 0f052803 lw               x16, 240(x10)       x16=40c407a6 x10:1c011164  PA:1c011254
18344032ns          318377 1c0086b4 0187a403 lw               x8, 24(x15)          x8=40f27469 x15:1c010b60  PA:1c010b78
18344330ns          318392 1c0086b6 3078f8c3 fmadd.s          f17, f17, f7, f6    f17=xxxxxxxx f17:426e3579  f7:40a15457  f6:4485c525
18344350ns          318393 1c0086ba 1106f853 fmul.s           f16, f13, f16       f16=xxxxxxxx f13:4108fc3f f16:40c407a6
18344370ns          318394 1c0086be 11852303 lw               x6, 280(x10)         x6=3eae97bb x10:1c011164  PA:1c01127c
18344668ns          318409 1c0086c2 01c7a383 lw               x7, 28(x15)          x7=40c477c3 x15:1c010b60  PA:1c010b7c
18344986ns          318425 1c0086c6 88887843 fmadd.s          f16, f16, f8, f17   f16=xxxxxxxx f16:4251ca70  f8:40f27469 f17:44ab4cac
18345006ns          318426 1c0086ca 1066f353 fmul.s           f6, f13, f6          f6=xxxxxxxx f13:4108fc3f  f6:3eae97bb
18345026ns          318427 1c0086ce 14052883 lw               x17, 320(x10)       x17=40b1534a x10:1c011164  PA:1c0112a4
18345325ns          318442 1c0086d2 0207a403 lw               x8, 32(x15)          x8=41175a38 x15:1c010b60  PA:1c010b80
18345623ns          318457 1c0086d4 80737343 fmadd.s          f6, f6, f7, f16      f6=xxxxxxxx  f6:403ad947  f7:40c477c3 f16:44dcf8dd
18345643ns          318458 1c0086d8 1116f8d3 fmul.s           f17, f13, f17       f17=xxxxxxxx f13:4108fc3f f17:40b1534a
18345663ns          318459 1c0086dc 16852803 lw               x16, 360(x10)       x16=40e9a439 x10:1c011164  PA:1c0112cc
18345961ns          318474 1c0086e0 0247a383 lw               x7, 36(x15)          x7=3ff9e780 x15:1c010b60  PA:1c010b84
18346260ns          318489 1c0086e4 3088f8c3 fmadd.s          f17, f17, f8, f6    f17=xxxxxxxx f17:423dc5f2  f8:41175a38  f6:44df3674
18346279ns          318490 1c0086e8 1106f853 fmul.s           f16, f13, f16       f16=xxxxxxxx f13:4108fc3f f16:40e9a439
18346299ns          318491 1c0086ec 000ea303 lw               x6, 0(x29)           x6=40f0c59a x29:10001ebc  PA:10001ebc
18346319ns          318492 1c0086f0 02878793 addi             x15, x15, 40        x15=1c010b88 x15:1c010b60
18346339ns          318493 1c0086f4 88787843 fmadd.s          f16, f16, f7, f17   f16=xxxxxxxx f16:427a0aeb  f7:3ff9e780 f17:450ba7e3
18346359ns          318494 1c0086f8 80e37843 fmadd.s          f16, f6, f14, f16   f16=xxxxxxxx  f6:40f0c59a f14:410568ab f16:45134899
18346379ns          318495 1c0086fc 030ea42b p.sw             x16, 40(x29!)       x29=10001ee4 x16:45173462 x29:10001ebc  PA:10001ebc
18346399ns          318496 1c008658 00052803 lw               x16, 0(x10)         x16=400954ed x10:1c011164  PA:1c011164
18346697ns          318511 1c00865c 0007a883 lw               x17, 0(x15)         x17=40c4247b x15:1c010b88  PA:1c010b88
18346995ns          318526 1c008660 1106f853 fmul.s           f16, f13, f16       f16=xxxxxxxx f13:4108fc3f f16:400954ed
18347015ns          318527 1c008664 02852303 lw               x6, 40(x10)          x6=3fe38640 x10:1c011164  PA:1c01118c
18347314ns          318542 1c008668 0047a383 lw               x7, 4(x15)           x7=40bb9d4f x15:1c010b88  PA:1c010b8c
18347632ns          318558 1c00866c f1187843 fmadd.s          f16, f16, f17, f30  f16=xxxxxxxx f16:4192f8df f17:40c4247b f30:00000000
18347652ns          318559 1c008670 1066f353 fmul.s           f6, f13, f6          f6=xxxxxxxx f13:4108fc3f  f6:3fe38640
18347672ns          318560 1c008674 05052883 lw               x17, 80(x10)        x17=3eece84f x10:1c011164  PA:1c0111b4
18347970ns          318575 1c008678 0087a403 lw               x8, 8(x15)           x8=41196e5d x15:1c010b88  PA:1c010b90
18348268ns          318590 1c00867a 80737343 fmadd.s          f6, f6, f7, f16      f6=xxxxxxxx  f6:41737f04  f7:40bb9d4f f16:42e136f9
18348288ns          318591 1c00867e 1116f8d3 fmul.s           f17, f13, f17       f17=xxxxxxxx f13:4108fc3f f17:3eece84f
18348308ns          318592 1c008682 07852803 lw               x16, 120(x10)       x16=400dc614 x10:1c011164  PA:1c0111dc
18348607ns          318607 1c008686 00c7a383 lw               x7, 12(x15)          x7=40ae3ac2 x15:1c010b88  PA:1c010b94
18348905ns          318622 1c00868a 3088f8c3 fmadd.s          f17, f17, f8, f6    f17=xxxxxxxx f17:407d89b2  f8:41196e5d  f6:4349d530
18348925ns          318623 1c00868e 1106f853 fmul.s           f16, f13, f16       f16=xxxxxxxx f13:4108fc3f f16:400dc614
18348945ns          318624 1c008692 0a052303 lw               x6, 160(x10)         x6=411dcf35 x10:1c011164  PA:1c011204
18349243ns          318639 1c008696 0107a403 lw               x8, 16(x15)          x8=40ad1860 x15:1c010b88  PA:1c010b98
18349541ns          318654 1c008698 88787843 fmadd.s          f16, f16, f7, f17   f16=xxxxxxxx f16:4197b9d9  f7:40ae3ac2 f17:436fd256
18349561ns          318655 1c00869c 1066f353 fmul.s           f6, f13, f6          f6=xxxxxxxx f13:4108fc3f  f6:411dcf35
18349581ns          318656 1c0086a0 0c852883 lw               x17, 200(x10)       x17=40de957d x10:1c011164  PA:1c01122c
18349880ns          318671 1c0086a4 0147a383 lw               x7, 20(x15)          x7=4007d079 x15:1c010b88  PA:1c010b9c
18350178ns          318686 1c0086a8 80837343 fmadd.s          f6, f6, f8, f16      f6=xxxxxxxx  f6:42a8e326  f8:40ad1860 f16:43ab8abd
18350198ns          318687 1c0086ac 1116f8d3 fmul.s           f17, f13, f17       f17=xxxxxxxx f13:4108fc3f f17:40de957d
18350218ns          318688 1c0086b0 0f052803 lw               x16, 240(x10)       x16=40c407a6 x10:1c011164  PA:1c011254
18350516ns          318703 1c0086b4 0187a403 lw               x8, 24(x15)          x8=410d9791 x15:1c010b88  PA:1c010ba0
18350814ns          318718 1c0086b6 3078f8c3 fmadd.s          f17, f17, f7, f6    f17=xxxxxxxx f17:426e3579  f7:4007d079  f6:4447f6f4
18350834ns          318719 1c0086ba 1106f853 fmul.s           f16, f13, f16       f16=xxxxxxxx f13:4108fc3f f16:40c407a6
18350854ns          318720 1c0086be 11852303 lw               x6, 280(x10)         x6=3eae97bb x10:1c011164  PA:1c01127c
18351153ns          318735 1c0086c2 01c7a383 lw               x7, 28(x15)          x7=40b60664 x15:1c010b88  PA:1c010ba4
18351451ns          318750 1c0086c6 88887843 fmadd.s          f16, f16, f8, f17   f16=xxxxxxxx f16:4251ca70  f8:410d9791 f17:44678f00
18351471ns          318751 1c0086ca 1066f353 fmul.s           f6, f13, f6          f6=xxxxxxxx f13:4108fc3f  f6:3eae97bb
18351491ns          318752 1c0086ce 14052883 lw               x17, 320(x10)       x17=40b1534a x10:1c011164  PA:1c0112a4
18351789ns          318767 1c0086d2 0207a403 lw               x8, 32(x15)          x8=40fff281 x15:1c010b88  PA:1c010ba8
18352087ns          318782 1c0086d4 80737343 fmadd.s          f6, f6, f7, f16      f6=xxxxxxxx  f6:403ad947  f7:40b60664 f16:44adcbda
18352107ns          318783 1c0086d8 1116f8d3 fmul.s           f17, f13, f17       f17=xxxxxxxx f13:4108fc3f f17:40b1534a
18352127ns          318784 1c0086dc 16852803 lw               x16, 360(x10)       x16=40e9a439 x10:1c011164  PA:1c0112cc
18352426ns          318799 1c0086e0 0247a383 lw               x7, 36(x15)          x7=3deed019 x15:1c010b88  PA:1c010bac
18352744ns          318815 1c0086e4 3088f8c3 fmadd.s          f17, f17, f8, f6    f17=xxxxxxxx f17:423dc5f2  f8:40fff281  f6:44afdf47
18352764ns          318816 1c0086e8 1106f853 fmul.s           f16, f13, f16       f16=xxxxxxxx f13:4108fc3f f16:40e9a439
18352784ns          318817 1c0086ec 000ea303 lw               x6, 0(x29)           x6=4088940e x29:10001ee4  PA:10001ee4
18352804ns          318818 1c0086f0 02878793 addi             x15, x15, 40        x15=1c010bb0 x15:1c010b88
18352823ns          318819 1c0086f4 88787843 fmadd.s          f16, f16, f7, f17   f16=xxxxxxxx f16:427a0aeb  f7:3deed019 f17:44df4e43
18352843ns          318820 1c0086f8 80e37843 fmadd.s          f16, f6, f14, f16   f16=xxxxxxxx  f6:4088940e f14:410568ab f16:44e03784
18352863ns          318821 1c0086fc 030ea42b p.sw             x16, 40(x29!)       x29=10001f0c x16:44e4aa50 x29:10001ee4  PA:10001ee4
18352883ns          318822 1c008658 00052803 lw               x16, 0(x10)         x16=400954ed x10:1c011164  PA:1c011164
18353181ns          318837 1c00865c 0007a883 lw               x17, 0(x15)         x17=410671ff x15:1c010bb0  PA:1c010bb0
18353480ns          318852 1c008660 1106f853 fmul.s           f16, f13, f16       f16=xxxxxxxx f13:4108fc3f f16:400954ed
18353500ns          318853 1c008664 02852303 lw               x6, 40(x10)          x6=3fe38640 x10:1c011164  PA:1c01118c
18353798ns          318868 1c008668 0047a383 lw               x7, 4(x15)           x7=40b8f6e2 x15:1c010bb0  PA:1c010bb4
18354096ns          318883 1c00866c f1187843 fmadd.s          f16, f16, f17, f30  f16=xxxxxxxx f16:4192f8df f17:410671ff f30:00000000
18354116ns          318884 1c008670 1066f353 fmul.s           f6, f13, f6          f6=xxxxxxxx f13:4108fc3f  f6:3fe38640
18354136ns          318885 1c008674 05052883 lw               x17, 80(x10)        x17=3eece84f x10:1c011164  PA:1c0111b4
18354435ns          318900 1c008678 0087a403 lw               x8, 8(x15)           x8=4080fb0c x15:1c010bb0  PA:1c010bb8
18354733ns          318915 1c00867a 80737343 fmadd.s          f6, f6, f7, f16      f6=xxxxxxxx  f6:41737f04  f7:40b8f6e2 f16:431a5f6e
18354753ns          318916 1c00867e 1116f8d3 fmul.s           f17, f13, f17       f17=xxxxxxxx f13:4108fc3f f17:3eece84f
18354773ns          318917 1c008682 07852803 lw               x16, 120(x10)       x16=400dc614 x10:1c011164  PA:1c0111dc
18355071ns          318932 1c008686 00c7a383 lw               x7, 12(x15)          x7=40aa66ec x15:1c010bb0  PA:1c010bbc
18355369ns          318947 1c00868a 3088f8c3 fmadd.s          f17, f17, f8, f6    f17=xxxxxxxx f17:407d89b2  f8:4080fb0c  f6:4372567d
18355389ns          318948 1c00868e 1106f853 fmul.s           f16, f13, f16       f16=xxxxxxxx f13:4108fc3f f16:400dc614
18355409ns          318949 1c008692 0a052303 lw               x6, 160(x10)         x6=411dcf35 x10:1c011164  PA:1c011204
18355728ns          318965 1c008696 0107a403 lw               x8, 16(x15)          x8=4114eab4 x15:1c010bb0  PA:1c010bc0
18356026ns          318980 1c008698 88787843 fmadd.s          f16, f16, f7, f17   f16=xxxxxxxx f16:4197b9d9  f7:40aa66ec f17:43812716
18356046ns          318981 1c00869c 1066f353 fmul.s           f6, f13, f6          f6=xxxxxxxx f13:4108fc3f  f6:411dcf35
18356066ns          318982 1c0086a0 0c852883 lw               x17, 200(x10)       x17=40de957d x10:1c011164  PA:1c01122c
18356364ns          318997 1c0086a4 0147a383 lw               x7, 20(x15)          x7=406a57db x15:1c010bb0  PA:1c010bc4
18356662ns          319012 1c0086a8 80837343 fmadd.s          f6, f6, f8, f16      f6=xxxxxxxx  f6:42a8e326  f8:4114eab4 f16:43b3a64b
18356682ns          319013 1c0086ac 1116f8d3 fmul.s           f17, f13, f17       f17=xxxxxxxx f13:4108fc3f f17:40de957d
18356702ns          319014 1c0086b0 0f052803 lw               x16, 240(x10)       x16=40c407a6 x10:1c011164  PA:1c011254
18357020ns          319030 1c0086b4 0187a403 lw               x8, 24(x15)          x8=411a89f7 x15:1c010bb0  PA:1c010bc8
18357319ns          319045 1c0086b6 3078f8c3 fmadd.s          f17, f17, f7, f6    f17=xxxxxxxx f17:426e3579  f7:406a57db  f6:448f27bb
18357339ns          319046 1c0086ba 1106f853 fmul.s           f16, f13, f16       f16=xxxxxxxx f13:4108fc3f f16:40c407a6
18357359ns          319047 1c0086be 11852303 lw               x6, 280(x10)         x6=3eae97bb x10:1c011164  PA:1c01127c
18357657ns          319062 1c0086c2 01c7a383 lw               x7, 28(x15)          x7=410c9a00 x15:1c010bb0  PA:1c010bcc
18357955ns          319077 1c0086c6 88887843 fmadd.s          f16, f16, f8, f17   f16=xxxxxxxx f16:4251ca70  f8:411a89f7 f17:44aa698f
18357975ns          319078 1c0086ca 1066f353 fmul.s           f6, f13, f6          f6=xxxxxxxx f13:4108fc3f  f6:3eae97bb
18357995ns          319079 1c0086ce 14052883 lw               x17, 320(x10)       x17=40b1534a x10:1c011164  PA:1c0112a4
18358313ns          319095 1c0086d2 0207a403 lw               x8, 32(x15)          x8=406ec75b x15:1c010bb0  PA:1c010bd0
18358612ns          319110 1c0086d4 80737343 fmadd.s          f6, f6, f7, f16      f6=xxxxxxxx  f6:403ad947  f7:410c9a00 f16:44e9bbfb
18358632ns          319111 1c0086d8 1116f8d3 fmul.s           f17, f13, f17       f17=xxxxxxxx f13:4108fc3f f17:40b1534a
18358651ns          319112 1c0086dc 16852803 lw               x16, 360(x10)       x16=40e9a439 x10:1c011164  PA:1c0112cc
18358950ns          319127 1c0086e0 0247a383 lw               x7, 36(x15)          x7=3f24dd60 x15:1c010bb0  PA:1c010bd4
18359248ns          319142 1c0086e4 3088f8c3 fmadd.s          f17, f17, f8, f6    f17=xxxxxxxx f17:423dc5f2  f8:406ec75b  f6:44ecf0f5
18359268ns          319143 1c0086e8 1106f853 fmul.s           f16, f13, f16       f16=xxxxxxxx f13:4108fc3f f16:40e9a439
18359288ns          319144 1c0086ec 000ea303 lw               x6, 0(x29)           x6=411cd3d3 x29:10001f0c  PA:10001f0c
18359308ns          319145 1c0086f0 02878793 addi             x15, x15, 40        x15=1c010bd8 x15:1c010bb0
18359328ns          319146 1c0086f4 88787843 fmadd.s          f16, f16, f7, f17   f16=xxxxxxxx f16:427a0aeb  f7:3f24dd60 f17:45018897
18359348ns          319147 1c0086f8 80e37843 fmadd.s          f16, f6, f14, f16   f16=xxxxxxxx  f6:411cd3d3 f14:410568ab f16:45040cb4
18359368ns          319148 1c0086fc 030ea42b p.sw             x16, 40(x29!)       x29=10001f34 x16:45092857 x29:10001f0c  PA:10001f0c
18359387ns          319149 1c008658 00052803 lw               x16, 0(x10)         x16=400954ed x10:1c011164  PA:1c011164
18359706ns          319165 1c00865c 0007a883 lw               x17, 0(x15)         x17=4084e048 x15:1c010bd8  PA:1c010bd8
18360004ns          319180 1c008660 1106f853 fmul.s           f16, f13, f16       f16=xxxxxxxx f13:4108fc3f f16:400954ed
18360024ns          319181 1c008664 02852303 lw               x6, 40(x10)          x6=3fe38640 x10:1c011164  PA:1c01118c
18360322ns          319196 1c008668 0047a383 lw               x7, 4(x15)           x7=3fec26a0 x15:1c010bd8  PA:1c010bdc
18360621ns          319211 1c00866c f1187843 fmadd.s          f16, f16, f17, f30  f16=xxxxxxxx f16:4192f8df f17:4084e048 f30:00000000
18360641ns          319212 1c008670 1066f353 fmul.s           f6, f13, f6          f6=xxxxxxxx f13:4108fc3f  f6:3fe38640
18360660ns          319213 1c008674 05052883 lw               x17, 80(x10)        x17=3eece84f x10:1c011164  PA:1c0111b4
18360979ns          319229 1c008678 0087a403 lw               x8, 8(x15)           x8=3ecbcadc x15:1c010bd8  PA:1c010be0
18361277ns          319244 1c00867a 80737343 fmadd.s          f6, f6, f7, f16      f6=xxxxxxxx  f6:41737f04  f7:3fec26a0 f16:4298922c
18361297ns          319245 1c00867e 1116f8d3 fmul.s           f17, f13, f17       f17=xxxxxxxx f13:4108fc3f f17:3eece84f
18361317ns          319246 1c008682 07852803 lw               x16, 120(x10)       x16=400dc614 x10:1c011164  PA:1c0111dc
18361615ns          319261 1c008686 00c7a383 lw               x7, 12(x15)          x7=3fd85ef8 x15:1c010bd8  PA:1c010be4
18361914ns          319276 1c00868a 3088f8c3 fmadd.s          f17, f17, f8, f6    f17=xxxxxxxx f17:407d89b2  f8:3ecbcadc  f6:42d0b9a1
18361933ns          319277 1c00868e 1106f853 fmul.s           f16, f13, f16       f16=xxxxxxxx f13:4108fc3f f16:400dc614
18361953ns          319278 1c008692 0a052303 lw               x6, 160(x10)         x6=411dcf35 x10:1c011164  PA:1c011204
18362272ns          319294 1c008696 0107a403 lw               x8, 16(x15)          x8=40352655 x15:1c010bd8  PA:1c010be8
18362570ns          319309 1c008698 88787843 fmadd.s          f16, f16, f7, f17   f16=xxxxxxxx f16:4197b9d9  f7:3fd85ef8 f17:42d3e0f5
18362590ns          319310 1c00869c 1066f353 fmul.s           f6, f13, f6          f6=xxxxxxxx f13:4108fc3f  f6:411dcf35
18362610ns          319311 1c0086a0 0c852883 lw               x17, 200(x10)       x17=40de957d x10:1c011164  PA:1c01122c
18362908ns          319326 1c0086a4 0147a383 lw               x7, 20(x15)          x7=410c1943 x15:1c010bd8  PA:1c010bec
18363206ns          319341 1c0086a8 80837343 fmadd.s          f6, f6, f8, f16      f6=xxxxxxxx  f6:42a8e326  f8:40352655 f16:4309ffc1
18363226ns          319342 1c0086ac 1116f8d3 fmul.s           f17, f13, f17       f17=xxxxxxxx f13:4108fc3f f17:40de957d
18363246ns          319343 1c0086b0 0f052803 lw               x16, 240(x10)       x16=40c407a6 x10:1c011164  PA:1c011254
18363545ns          319358 1c0086b4 0187a403 lw               x8, 24(x15)          x8=3f0ca8bf x15:1c010bd8  PA:1c010bf0
18363843ns          319373 1c0086b6 3078f8c3 fmadd.s          f17, f17, f7, f6    f17=xxxxxxxx f17:426e3579  f7:410c1943  f6:43bc81c4
18363863ns          319374 1c0086ba 1106f853 fmul.s           f16, f13, f16       f16=xxxxxxxx f13:4108fc3f f16:40c407a6
18363883ns          319375 1c0086be 11852303 lw               x6, 280(x10)         x6=3eae97bb x10:1c011164  PA:1c01127c
18364181ns          319390 1c0086c2 01c7a383 lw               x7, 28(x15)          x7=4114ea99 x15:1c010bd8  PA:1c010bf4
18364479ns          319405 1c0086c6 88887843 fmadd.s          f16, f16, f8, f17   f16=xxxxxxxx f16:4251ca70  f8:3f0ca8bf f17:44609da2
18364499ns          319406 1c0086ca 1066f353 fmul.s           f6, f13, f6          f6=xxxxxxxx f13:4108fc3f  f6:3eae97bb
18364519ns          319407 1c0086ce 14052883 lw               x17, 320(x10)       x17=40b1534a x10:1c011164  PA:1c0112a4
18364818ns          319422 1c0086d2 0207a403 lw               x8, 32(x15)          x8=3f1f6eca x15:1c010bd8  PA:1c010bf8
18365116ns          319437 1c0086d4 80737343 fmadd.s          f6, f6, f7, f16      f6=xxxxxxxx  f6:403ad947  f7:4114ea99 f16:4467d1f2
18365136ns          319438 1c0086d8 1116f8d3 fmul.s           f17, f13, f17       f17=xxxxxxxx f13:4108fc3f f17:40b1534a
18365156ns          319439 1c0086dc 16852803 lw               x16, 360(x10)       x16=40e9a439 x10:1c011164  PA:1c0112cc
18365454ns          319454 1c0086e0 0247a383 lw               x7, 36(x15)          x7=40aa65bf x15:1c010bd8  PA:1c010bfc
18365752ns          319469 1c0086e4 3088f8c3 fmadd.s          f17, f17, f8, f6    f17=xxxxxxxx f17:423dc5f2  f8:3f1f6eca  f6:446e9cff
18365772ns          319470 1c0086e8 1106f853 fmul.s           f16, f13, f16       f16=xxxxxxxx f13:4108fc3f f16:40e9a439
18365792ns          319471 1c0086ec 000ea303 lw               x6, 0(x29)           x6=4105b1eb x29:10001f34  PA:10001f34
18365812ns          319472 1c0086f0 02878793 addi             x15, x15, 40        x15=1c010c00 x15:1c010bd8
18365832ns          319473 1c0086f4 88787843 fmadd.s          f16, f16, f7, f17   f16=xxxxxxxx f16:427a0aeb  f7:40aa65bf f17:44760000
18365852ns          319474 1c0086f8 80e37843 fmadd.s          f16, f6, f14, f16   f16=xxxxxxxx  f6:4105b1eb f14:410568ab f16:44a49ba8
18365872ns          319475 1c0086fc 030ea42b p.sw             x16, 40(x29!)       x29=10001f5c x16:44ad512b x29:10001f34  PA:10001f34
18365892ns          319476 1c008658 00052803 lw               x16, 0(x10)         x16=400954ed x10:1c011164  PA:1c011164
18366190ns          319491 1c00865c 0007a883 lw               x17, 0(x15)         x17=3fcaa69f x15:1c010c00  PA:1c010c00
18366488ns          319506 1c008660 1106f853 fmul.s           f16, f13, f16       f16=xxxxxxxx f13:4108fc3f f16:400954ed
18366508ns          319507 1c008664 02852303 lw               x6, 40(x10)          x6=3fe38640 x10:1c011164  PA:1c01118c
18366807ns          319522 1c008668 0047a383 lw               x7, 4(x15)           x7=406a560e x15:1c010c00  PA:1c010c04
18367105ns          319537 1c00866c f1187843 fmadd.s          f16, f16, f17, f30  f16=xxxxxxxx f16:4192f8df f17:3fcaa69f f30:00000000
18367125ns          319538 1c008670 1066f353 fmul.s           f6, f13, f6          f6=xxxxxxxx f13:4108fc3f  f6:3fe38640
18367145ns          319539 1c008674 05052883 lw               x17, 80(x10)        x17=3eece84f x10:1c011164  PA:1c0111b4
18367443ns          319554 1c008678 0087a403 lw               x8, 8(x15)           x8=40655dec x15:1c010c00  PA:1c010c08
18367742ns          319569 1c00867a 80737343 fmadd.s          f6, f6, f7, f16      f6=xxxxxxxx  f6:41737f04  f7:406a560e f16:41e8b011
18367761ns          319570 1c00867e 1116f8d3 fmul.s           f17, f13, f17       f17=xxxxxxxx f13:4108fc3f f17:3eece84f
18367781ns          319571 1c008682 07852803 lw               x16, 120(x10)       x16=400dc614 x10:1c011164  PA:1c0111dc
18368080ns          319586 1c008686 00c7a383 lw               x7, 12(x15)          x7=40b6d481 x15:1c010c00  PA:1c010c0c
18368378ns          319601 1c00868a 3088f8c3 fmadd.s          f17, f17, f8, f6    f17=xxxxxxxx f17:407d89b2  f8:40655dec  f6:42a99dfe
18368398ns          319602 1c00868e 1106f853 fmul.s           f16, f13, f16       f16=xxxxxxxx f13:4108fc3f f16:400dc614
18368418ns          319603 1c008692 0a052303 lw               x6, 160(x10)         x6=411dcf35 x10:1c011164  PA:1c011204
18368716ns          319618 1c008696 0107a403 lw               x8, 16(x15)          x8=3ffab76f x15:1c010c00  PA:1c010c10
18369034ns          319634 1c008698 88787843 fmadd.s          f16, f16, f7, f17   f16=xxxxxxxx f16:4197b9d9  f7:40b6d481 f17:42c60324
18369054ns          319635 1c00869c 1066f353 fmul.s           f6, f13, f6          f6=xxxxxxxx f13:4108fc3f  f6:411dcf35
18369074ns          319636 1c0086a0 0c852883 lw               x17, 200(x10)       x17=40de957d x10:1c011164  PA:1c01122c
18369373ns          319651 1c0086a4 0147a383 lw               x7, 20(x15)          x7=40abb524 x15:1c010c00  PA:1c010c14
18369671ns          319666 1c0086a8 80837343 fmadd.s          f6, f6, f8, f16      f6=xxxxxxxx  f6:42a8e326  f8:3ffab76f f16:434f5da5
18369691ns          319667 1c0086ac 1116f8d3 fmul.s           f17, f13, f17       f17=xxxxxxxx f13:4108fc3f f17:40de957d
18369711ns          319668 1c0086b0 0f052803 lw               x16, 240(x10)       x16=40c407a6 x10:1c011164  PA:1c011254
18370009ns          319683 1c0086b4 0187a403 lw               x8, 24(x15)          x8=4086fe8b x15:1c010c00  PA:1c010c18
18370327ns          319699 1c0086b6 3078f8c3 fmadd.s          f17, f17, f7, f6    f17=xxxxxxxx f17:426e3579  f7:40abb524  f6:43ba623e
18370347ns          319700 1c0086ba 1106f853 fmul.s           f16, f13, f16       f16=xxxxxxxx f13:4108fc3f f16:40c407a6
18370367ns          319701 1c0086be 11852303 lw               x6, 280(x10)         x6=3eae97bb x10:1c011164  PA:1c01127c
18370665ns          319716 1c0086c2 01c7a383 lw               x7, 28(x15)          x7=3fb98a38 x15:1c010c00  PA:1c010c1c
18370964ns          319731 1c0086c6 88887843 fmadd.s          f16, f16, f8, f17   f16=xxxxxxxx f16:4251ca70  f8:4086fe8b f17:442d1442
18370984ns          319732 1c0086ca 1066f353 fmul.s           f6, f13, f6          f6=xxxxxxxx f13:4108fc3f  f6:3eae97bb
18371004ns          319733 1c0086ce 14052883 lw               x17, 320(x10)       x17=40b1534a x10:1c011164  PA:1c0112a4
18371302ns          319748 1c0086d2 0207a403 lw               x8, 32(x15)          x8=410c6ca0 x15:1c010c00  PA:1c010c20
18371620ns          319764 1c0086d4 80737343 fmadd.s          f6, f6, f7, f16      f6=xxxxxxxx  f6:403ad947  f7:3fb98a38 f16:4464648a
18371640ns          319765 1c0086d8 1116f8d3 fmul.s           f17, f13, f17       f17=xxxxxxxx f13:4108fc3f f17:40b1534a
18371660ns          319766 1c0086dc 16852803 lw               x16, 360(x10)       x16=40e9a439 x10:1c011164  PA:1c0112cc
18371958ns          319781 1c0086e0 0247a383 lw               x7, 36(x15)          x7=410e1973 x15:1c010c00  PA:1c010c24
18372257ns          319796 1c0086e4 3088f8c3 fmadd.s          f17, f17, f8, f6    f17=xxxxxxxx f17:423dc5f2  f8:410c6ca0  f6:44657362
18372277ns          319797 1c0086e8 1106f853 fmul.s           f16, f13, f16       f16=xxxxxxxx f13:4108fc3f f16:40e9a439
18372296ns          319798 1c0086ec 000ea303 lw               x6, 0(x29)           x6=411e9040 x29:10001f5c  PA:10001f5c
18372316ns          319799 1c0086f0 02878793 addi             x15, x15, 40        x15=1c010c28 x15:1c010c00
18372336ns          319800 1c0086f4 88787843 fmadd.s          f16, f16, f7, f17   f16=xxxxxxxx f16:427a0aeb  f7:410e1973 f17:44a6c614
18372356ns          319801 1c0086f8 80e37843 fmadd.s          f16, f6, f14, f16   f16=xxxxxxxx  f6:411e9040 f14:410568ab f16:44ec2b89
18372376ns          319802 1c0086fc 030ea42b p.sw             x16, 40(x29!)       x29=10001f84 x16:44f67fc2 x29:10001f5c  PA:10001f5c
18372396ns          319803 1c008658 00052803 lw               x16, 0(x10)         x16=400954ed x10:1c011164  PA:1c011164
18372694ns          319818 1c00865c 0007a883 lw               x17, 0(x15)         x17=4110e07b x15:1c010c28  PA:1c010c28
18373013ns          319834 1c008660 1106f853 fmul.s           f16, f13, f16       f16=xxxxxxxx f13:4108fc3f f16:400954ed
18373032ns          319835 1c008664 02852303 lw               x6, 40(x10)          x6=3fe38640 x10:1c011164  PA:1c01118c
18373331ns          319850 1c008668 0047a383 lw               x7, 4(x15)           x7=406280a9 x15:1c010c28  PA:1c010c2c
18373629ns          319865 1c00866c f1187843 fmadd.s          f16, f16, f17, f30  f16=xxxxxxxx f16:4192f8df f17:4110e07b f30:00000000
18373649ns          319866 1c008670 1066f353 fmul.s           f6, f13, f6          f6=xxxxxxxx f13:4108fc3f  f6:3fe38640
18373669ns          319867 1c008674 05052883 lw               x17, 80(x10)        x17=3eece84f x10:1c011164  PA:1c0111b4
18373967ns          319882 1c008678 0087a403 lw               x8, 8(x15)           x8=403e2622 x15:1c010c28  PA:1c010c30
18374286ns          319898 1c00867a 80737343 fmadd.s          f6, f6, f7, f16      f6=xxxxxxxx  f6:41737f04  f7:406280a9 f16:432659bc
18374305ns          319899 1c00867e 1116f8d3 fmul.s           f17, f13, f17       f17=xxxxxxxx f13:4108fc3f f17:3eece84f
18374325ns          319900 1c008682 07852803 lw               x16, 120(x10)       x16=400dc614 x10:1c011164  PA:1c0111dc
18374624ns          319915 1c008686 00c7a383 lw               x7, 12(x15)          x7=4110fa8f x15:1c010c28  PA:1c010c34
18374922ns          319930 1c00868a 3088f8c3 fmadd.s          f17, f17, f8, f6    f17=xxxxxxxx f17:407d89b2  f8:403e2622  f6:435c35dc
18374942ns          319931 1c00868e 1106f853 fmul.s           f16, f13, f16       f16=xxxxxxxx f13:4108fc3f f16:400dc614
18374962ns          319932 1c008692 0a052303 lw               x6, 160(x10)         x6=411dcf35 x10:1c011164  PA:1c011204
18375260ns          319947 1c008696 0107a403 lw               x8, 16(x15)          x8=3eac8796 x15:1c010c28  PA:1c010c38
18375559ns          319962 1c008698 88787843 fmadd.s          f16, f16, f7, f17   f16=xxxxxxxx f16:4197b9d9  f7:4110fa8f f17:4367fafb
18375578ns          319963 1c00869c 1066f353 fmul.s           f6, f13, f6          f6=xxxxxxxx f13:4108fc3f  f6:411dcf35
18375598ns          319964 1c0086a0 0c852883 lw               x17, 200(x10)       x17=40de957d x10:1c011164  PA:1c01122c
18375897ns          319979 1c0086a4 0147a383 lw               x7, 20(x15)          x7=4114b55f x15:1c010c28  PA:1c010c3c
18376195ns          319994 1c0086a8 80837343 fmadd.s          f6, f6, f8, f16      f6=xxxxxxxx  f6:42a8e326  f8:3eac8796 f16:43c9ea88
18376215ns          319995 1c0086ac 1116f8d3 fmul.s           f17, f13, f17       f17=xxxxxxxx f13:4108fc3f f17:40de957d
18376235ns          319996 1c0086b0 0f052803 lw               x16, 240(x10)       x16=40c407a6 x10:1c011164  PA:1c011254
18376533ns          320011 1c0086b4 0187a403 lw               x8, 24(x15)          x8=40ef09d6 x15:1c010c28  PA:1c010c40
18376832ns          320026 1c0086b6 3078f8c3 fmadd.s          f17, f17, f7, f6    f17=xxxxxxxx f17:426e3579  f7:4114b55f  f6:43d824ca
18376851ns          320027 1c0086ba 1106f853 fmul.s           f16, f13, f16       f16=xxxxxxxx f13:4108fc3f f16:40c407a6
18376871ns          320028 1c0086be 11852303 lw               x6, 280(x10)         x6=3eae97bb x10:1c011164  PA:1c01127c
18377170ns          320043 1c0086c2 01c7a383 lw               x7, 28(x15)          x7=3fe0dd39 x15:1c010c28  PA:1c010c44
18377468ns          320058 1c0086c6 88887843 fmadd.s          f16, f16, f8, f17   f16=xxxxxxxx f16:4251ca70  f8:40ef09d6 f17:44767213
18377488ns          320059 1c0086ca 1066f353 fmul.s           f6, f13, f6          f6=xxxxxxxx f13:4108fc3f  f6:3eae97bb
18377508ns          320060 1c0086ce 14052883 lw               x17, 320(x10)       x17=40b1534a x10:1c011164  PA:1c0112a4
18377806ns          320075 1c0086d2 0207a403 lw               x8, 32(x15)          x8=40e88272 x15:1c010c28  PA:1c010c48
18378105ns          320090 1c0086d4 80737343 fmadd.s          f6, f6, f7, f16      f6=xxxxxxxx  f6:403ad947  f7:3fe0dd39 f16:44ac320d
18378124ns          320091 1c0086d8 1116f8d3 fmul.s           f17, f13, f17       f17=xxxxxxxx f13:4108fc3f f17:40b1534a
18378144ns          320092 1c0086dc 16852803 lw               x16, 360(x10)       x16=40e9a439 x10:1c011164  PA:1c0112cc
18378443ns          320107 1c0086e0 0247a383 lw               x7, 36(x15)          x7=40bb64c4 x15:1c010c28  PA:1c010c4c
18378741ns          320122 1c0086e4 3088f8c3 fmadd.s          f17, f17, f8, f6    f17=xxxxxxxx f17:423dc5f2  f8:40e88272  f6:44acd62d
18378761ns          320123 1c0086e8 1106f853 fmul.s           f16, f13, f16       f16=xxxxxxxx f13:4108fc3f f16:40e9a439
18378781ns          320124 1c0086ec 000ea303 lw               x6, 0(x29)           x6=3fb1f93c x29:10001f84  PA:10001f84
18378801ns          320125 1c0086f0 02878793 addi             x15, x15, 40        x15=1c010c50 x15:1c010c28
18378821ns          320126 1c0086f4 88787843 fmadd.s          f16, f16, f7, f17   f16=xxxxxxxx f16:427a0aeb  f7:40bb64c4 f17:44d7ed33
18378841ns          320127 1c0086f8 80e37843 fmadd.s          f16, f6, f14, f16   f16=xxxxxxxx  f6:3fb1f93c f14:410568ab f16:4502d7a6
18378860ns          320128 1c0086fc 030ea42b p.sw             x16, 40(x29!)       x29=10001fac x16:45039125 x29:10001f84  PA:10001f84
18378880ns          320129 1c008658 00052803 lw               x16, 0(x10)         x16=400954ed x10:1c011164  PA:1c011164
18379179ns          320144 1c00865c 0007a883 lw               x17, 0(x15)         x17=3fa36583 x15:1c010c50  PA:1c010c50
18379477ns          320159 1c008660 1106f853 fmul.s           f16, f13, f16       f16=xxxxxxxx f13:4108fc3f f16:400954ed
18379497ns          320160 1c008664 02852303 lw               x6, 40(x10)          x6=3fe38640 x10:1c011164  PA:1c01118c
18379795ns          320175 1c008668 0047a383 lw               x7, 4(x15)           x7=4043d5a4 x15:1c010c50  PA:1c010c54
18380094ns          320190 1c00866c f1187843 fmadd.s          f16, f16, f17, f30  f16=xxxxxxxx f16:4192f8df f17:3fa36583 f30:00000000
18380114ns          320191 1c008670 1066f353 fmul.s           f6, f13, f6          f6=xxxxxxxx f13:4108fc3f  f6:3fe38640
18380133ns          320192 1c008674 05052883 lw               x17, 80(x10)        x17=3eece84f x10:1c011164  PA:1c0111b4
18380432ns          320207 1c008678 0087a403 lw               x8, 8(x15)           x8=408dd736 x15:1c010c50  PA:1c010c58
18380730ns          320222 1c00867a 80737343 fmadd.s          f6, f6, f7, f16      f6=xxxxxxxx  f6:41737f04  f7:4043d5a4 f16:41bb9d7b
18380750ns          320223 1c00867e 1116f8d3 fmul.s           f17, f13, f17       f17=xxxxxxxx f13:4108fc3f f17:3eece84f
18380770ns          320224 1c008682 07852803 lw               x16, 120(x10)       x16=400dc614 x10:1c011164  PA:1c0111dc
18381068ns          320239 1c008686 00c7a383 lw               x7, 12(x15)          x7=40e32930 x15:1c010c50  PA:1c010c5c
18381367ns          320254 1c00868a 3088f8c3 fmadd.s          f17, f17, f8, f6    f17=xxxxxxxx f17:407d89b2  f8:408dd736  f6:428c09d9
18381387ns          320255 1c00868e 1106f853 fmul.s           f16, f13, f16       f16=xxxxxxxx f13:4108fc3f f16:400dc614
18381406ns          320256 1c008692 0a052303 lw               x6, 160(x10)         x6=411dcf35 x10:1c011164  PA:1c011204
18381705ns          320271 1c008696 0107a403 lw               x8, 16(x15)          x8=4111c963 x15:1c010c50  PA:1c010c60
18382003ns          320286 1c008698 88787843 fmadd.s          f16, f16, f7, f17   f16=xxxxxxxx f16:4197b9d9  f7:40e32930 f17:42af2858
18382023ns          320287 1c00869c 1066f353 fmul.s           f6, f13, f6          f6=xxxxxxxx f13:4108fc3f  f6:411dcf35
18382043ns          320288 1c0086a0 0c852883 lw               x17, 200(x10)       x17=40de957d x10:1c011164  PA:1c01122c
18382361ns          320304 1c0086a4 0147a383 lw               x7, 20(x15)          x7=411047ed x15:1c010c50  PA:1c010c64
18382660ns          320319 1c0086a8 80837343 fmadd.s          f6, f6, f8, f16      f6=xxxxxxxx  f6:42a8e326  f8:4111c963 f16:435e3661
18382679ns          320320 1c0086ac 1116f8d3 fmul.s           f17, f13, f17       f17=xxxxxxxx f13:4108fc3f f17:40de957d
18382699ns          320321 1c0086b0 0f052803 lw               x16, 240(x10)       x16=40c407a6 x10:1c011164  PA:1c011254
18382998ns          320336 1c0086b4 0187a403 lw               x8, 24(x15)          x8=411406fb x15:1c010c50  PA:1c010c68
18383296ns          320351 1c0086b6 3078f8c3 fmadd.s          f17, f17, f7, f6    f17=xxxxxxxx f17:426e3579  f7:411047ed  f6:4477e8a1
18383316ns          320352 1c0086ba 1106f853 fmul.s           f16, f13, f16       f16=xxxxxxxx f13:4108fc3f f16:40c407a6
18383336ns          320353 1c0086be 11852303 lw               x6, 280(x10)         x6=3eae97bb x10:1c011164  PA:1c01127c
18383654ns          320369 1c0086c2 01c7a383 lw               x7, 28(x15)          x7=40b8491a x15:1c010c50  PA:1c010c6c
18383952ns          320384 1c0086c6 88887843 fmadd.s          f16, f16, f8, f17   f16=xxxxxxxx f16:4251ca70  f8:411406fb f17:44bf14d1
18383972ns          320385 1c0086ca 1066f353 fmul.s           f6, f13, f6          f6=xxxxxxxx f13:4108fc3f  f6:3eae97bb
18383992ns          320386 1c0086ce 14052883 lw               x17, 320(x10)       x17=40b1534a x10:1c011164  PA:1c0112a4
18384291ns          320401 1c0086d2 0207a403 lw               x8, 32(x15)          x8=40bdac24 x15:1c010c50  PA:1c010c70
18384589ns          320416 1c0086d4 80737343 fmadd.s          f6, f6, f7, f16      f6=xxxxxxxx  f6:403ad947  f7:40b8491a f16:44fbbc32
18384609ns          320417 1c0086d8 1116f8d3 fmul.s           f17, f13, f17       f17=xxxxxxxx f13:4108fc3f f17:40b1534a
18384629ns          320418 1c0086dc 16852803 lw               x16, 360(x10)       x16=40e9a439 x10:1c011164  PA:1c0112cc
18384947ns          320434 1c0086e0 0247a383 lw               x7, 36(x15)          x7=410d85bd x15:1c010c50  PA:1c010c74
18385245ns          320449 1c0086e4 3088f8c3 fmadd.s          f17, f17, f8, f6    f17=xxxxxxxx f17:423dc5f2  f8:40bdac24  f6:44fdd638
18385265ns          320450 1c0086e8 1106f853 fmul.s           f16, f13, f16       f16=xxxxxxxx f13:4108fc3f f16:40e9a439
18385285ns          320451 1c0086ec 000ea303 lw               x6, 0(x29)           x6=41107dd3 x29:10001fac  PA:10001fac
18385305ns          320452 1c0086f0 02878793 addi             x15, x15, 40        x15=1c010c78 x15:1c010c50
18385325ns          320453 1c0086f4 88787843 fmadd.s          f16, f16, f7, f17   f16=xxxxxxxx f16:427a0aeb  f7:410d85bd f17:45107e74
18385345ns          320454 1c0086f8 80e37843 fmadd.s          f16, f6, f14, f16   f16=xxxxxxxx  f6:41107dd3 f14:410568ab f16:45330d1d
18385365ns          320455 1c0086fc 030ea42b p.sw             x16, 40(x29!)       x29=10001fd4 x16:4537c1e4 x29:10001fac  PA:10001fac
18385385ns          320456 1c008658 00052803 lw               x16, 0(x10)         x16=400954ed x10:1c011164  PA:1c011164
18385683ns          320471 1c00865c 0007a883 lw               x17, 0(x15)         x17=40cc4569 x15:1c010c78  PA:1c010c78
18385981ns          320486 1c008660 1106f853 fmul.s           f16, f13, f16       f16=xxxxxxxx f13:4108fc3f f16:400954ed
18386001ns          320487 1c008664 02852303 lw               x6, 40(x10)          x6=3fe38640 x10:1c011164  PA:1c01118c
18386319ns          320503 1c008668 0047a383 lw               x7, 4(x15)           x7=3fccf10a x15:1c010c78  PA:1c010c7c
18386618ns          320518 1c00866c f1187843 fmadd.s          f16, f16, f17, f30  f16=xxxxxxxx f16:4192f8df f17:40cc4569 f30:00000000
18386638ns          320519 1c008670 1066f353 fmul.s           f6, f13, f6          f6=xxxxxxxx f13:4108fc3f  f6:3fe38640
18386658ns          320520 1c008674 05052883 lw               x17, 80(x10)        x17=3eece84f x10:1c011164  PA:1c0111b4
18386956ns          320535 1c008678 0087a403 lw               x8, 8(x15)           x8=41002690 x15:1c010c78  PA:1c010c80
18387254ns          320550 1c00867a 80737343 fmadd.s          f6, f6, f7, f16      f6=xxxxxxxx  f6:41737f04  f7:3fccf10a f16:42ea8c56
18387274ns          320551 1c00867e 1116f8d3 fmul.s           f17, f13, f17       f17=xxxxxxxx f13:4108fc3f f17:3eece84f
18387294ns          320552 1c008682 07852803 lw               x16, 120(x10)       x16=400dc614 x10:1c011164  PA:1c0111dc
18387612ns          320568 1c008686 00c7a383 lw               x7, 12(x15)          x7=4031a08a x15:1c010c78  PA:1c010c84
18387911ns          320583 1c00868a 3088f8c3 fmadd.s          f17, f17, f8, f6    f17=xxxxxxxx f17:407d89b2  f8:41002690  f6:430da3fa
18387931ns          320584 1c00868e 1106f853 fmul.s           f16, f13, f16       f16=xxxxxxxx f13:4108fc3f f16:400dc614
18387951ns          320585 1c008692 0a052303 lw               x6, 160(x10)         x6=411dcf35 x10:1c011164  PA:1c011204
18388249ns          320600 1c008696 0107a403 lw               x8, 16(x15)          x8=408d5838 x15:1c010c78  PA:1c010c88
18388547ns          320615 1c008698 88787843 fmadd.s          f16, f16, f7, f17   f16=xxxxxxxx f16:4197b9d9  f7:4031a08a f17:432d5ebd
18388567ns          320616 1c00869c 1066f353 fmul.s           f6, f13, f6          f6=xxxxxxxx f13:4108fc3f  f6:411dcf35
18388587ns          320617 1c0086a0 0c852883 lw               x17, 200(x10)       x17=40de957d x10:1c011164  PA:1c01122c
18388905ns          320633 1c0086a4 0147a383 lw               x7, 20(x15)          x7=40866b6c x15:1c010c78  PA:1c010c8c
18389204ns          320648 1c0086a8 80837343 fmadd.s          f6, f6, f8, f16      f6=xxxxxxxx  f6:42a8e326  f8:408d5838 f16:4362020f
18389224ns          320649 1c0086ac 1116f8d3 fmul.s           f17, f13, f17       f17=xxxxxxxx f13:4108fc3f f17:40de957d
18389243ns          320650 1c0086b0 0f052803 lw               x16, 240(x10)       x16=40c407a6 x10:1c011164  PA:1c011254
18389542ns          320665 1c0086b4 0187a403 lw               x8, 24(x15)          x8=400fb53c x15:1c010c78  PA:1c010c90
18389840ns          320680 1c0086b6 3078f8c3 fmadd.s          f17, f17, f7, f6    f17=xxxxxxxx f17:426e3579  f7:40866b6c  f6:4415bfd3
18389860ns          320681 1c0086ba 1106f853 fmul.s           f16, f13, f16       f16=xxxxxxxx f13:4108fc3f f16:40c407a6
18389880ns          320682 1c0086be 11852303 lw               x6, 280(x10)         x6=3eae97bb x10:1c011164  PA:1c01127c
18390178ns          320697 1c0086c2 01c7a383 lw               x7, 28(x15)          x7=40b49c8e x15:1c010c78  PA:1c010c94
18390477ns          320712 1c0086c6 88887843 fmadd.s          f16, f16, f8, f17   f16=xxxxxxxx f16:4251ca70  f8:400fb53c f17:445449cc
18390497ns          320713 1c0086ca 1066f353 fmul.s           f6, f13, f6          f6=xxxxxxxx f13:4108fc3f  f6:3eae97bb
18390516ns          320714 1c0086ce 14052883 lw               x17, 320(x10)       x17=40b1534a x10:1c011164  PA:1c0112a4
18390815ns          320729 1c0086d2 0207a403 lw               x8, 32(x15)          x8=40920122 x15:1c010c78  PA:1c010c98
18391113ns          320744 1c0086d4 80737343 fmadd.s          f6, f6, f7, f16      f6=xxxxxxxx  f6:403ad947  f7:40b49c8e f16:4471baf2
18391133ns          320745 1c0086d8 1116f8d3 fmul.s           f17, f13, f17       f17=xxxxxxxx f13:4108fc3f f17:40b1534a
18391153ns          320746 1c0086dc 16852803 lw               x16, 360(x10)       x16=40e9a439 x10:1c011164  PA:1c0112cc
18391451ns          320761 1c0086e0 0247a383 lw               x7, 36(x15)          x7=3f91cf6a x15:1c010c78  PA:1c010c9c
18391750ns          320776 1c0086e4 3088f8c3 fmadd.s          f17, f17, f8, f6    f17=xxxxxxxx f17:423dc5f2  f8:40920122  f6:4475d98a
18391770ns          320777 1c0086e8 1106f853 fmul.s           f16, f13, f16       f16=xxxxxxxx f13:4108fc3f f16:40e9a439
18391789ns          320778 1c0086ec 000ea303 lw               x6, 0(x29)           x6=408f9f8b x29:10001fd4  PA:10001fd4
18391809ns          320779 1c0086f0 02878793 addi             x15, x15, 40        x15=1c010ca0 x15:1c010c78
18391829ns          320780 1c0086f4 88787843 fmadd.s          f16, f16, f7, f17   f16=xxxxxxxx f16:427a0aeb  f7:3f91cf6a f17:4495fbb4
18391849ns          320781 1c0086f8 80e37843 fmadd.s          f16, f6, f14, f16   f16=xxxxxxxx  f6:408f9f8b f14:410568ab f16:449ee260
18391869ns          320782 1c0086fc 030ea42b p.sw             x16, 40(x29!)       x29=10001ffc x16:44a38fea x29:10001fd4  PA:10001fd4
18391889ns          320783 1c008700 00460613 addi             x12, x12, 4         x12=10001e70 x12:10001e6c
18391909ns          320784 1c008702 00450513 addi             x10, x10, 4         x10=1c011168 x10:1c011164
18391949ns          320786 1c008632 40b28e33 sub              x28, x5, x11        x28=00000190  x5:1c010ca0 x11:1c010b10
18391968ns          320787 1c008636 fd8e0e13 addi             x28, x28, -40       x28=00000168 x28:00000190
18391988ns          320788 1c00863a 0cccd7b7 lui              x15, 0xcccd000      x15=0cccd000
18392008ns          320789 1c00863e ccd78793 addi             x15, x15, -819      x15=0ccccccd x15:0cccd000
18392028ns          320790 1c008642 003e5e13 srli             x28, x28, 0x3       x28=0000002d x28:00000168
18392048ns          320791 1c008646 02fe0e33 mul              x28, x28, x15       x28=40000009 x28:0000002d x15:0ccccccd
18392068ns          320792 1c00864a c5de3e33 p.bclr           x28, x28, 2, 29     x28=00000009 x28:40000009
18392088ns          320793 1c00864e 00b007b3 add              x15, x0, x11        x15=1c010b10 x11:1c010b10
18392108ns          320794 1c008650 00c00eb3 add              x29, x0, x12        x29=10001e70 x12:10001e70
18392128ns          320795 1c008652 001e0e13 addi             x28, x28, 1         x28=0000000a x28:00000009
18392147ns          320796 1c008654 054e40fb lp.setup         0x1, x28, 0x54      x28:0000000a
18392167ns          320797 1c008658 00052803 lw               x16, 0(x10)         x16=40387ec5 x10:1c011168  PA:1c011168
18392466ns          320812 1c00865c 0007a883 lw               x17, 0(x15)         x17=40cda545 x15:1c010b10  PA:1c010b10
18392764ns          320827 1c008660 1106f853 fmul.s           f16, f13, f16       f16=xxxxxxxx f13:4108fc3f f16:40387ec5
18392784ns          320828 1c008664 02852303 lw               x6, 40(x10)          x6=407d3e5f x10:1c011168  PA:1c011190
18393082ns          320843 1c008668 0047a383 lw               x7, 4(x15)           x7=40f08a50 x15:1c010b10  PA:1c010b14
18393381ns          320858 1c00866c f1187843 fmadd.s          f16, f16, f17, f30  f16=xxxxxxxx f16:41c57246 f17:40cda545 f30:00000000
18393401ns          320859 1c008670 1066f353 fmul.s           f6, f13, f6          f6=xxxxxxxx f13:4108fc3f  f6:407d3e5f
18393420ns          320860 1c008674 05052883 lw               x17, 80(x10)        x17=40bb181d x10:1c011168  PA:1c0111b8
18393719ns          320875 1c008678 0087a403 lw               x8, 8(x15)           x8=41134027 x15:1c010b10  PA:1c010b18
18394017ns          320890 1c00867a 80737343 fmadd.s          f6, f6, f7, f16      f6=xxxxxxxx  f6:420782aa  f7:40f08a50 f16:431e9bfa
18394037ns          320891 1c00867e 1116f8d3 fmul.s           f17, f13, f17       f17=xxxxxxxx f13:4108fc3f f17:40bb181d
18394057ns          320892 1c008682 07852803 lw               x16, 120(x10)       x16=3f941254 x10:1c011168  PA:1c0111e0
18394355ns          320907 1c008686 00c7a383 lw               x7, 12(x15)          x7=3fc00009 x15:1c010b10  PA:1c010b1c
18394654ns          320922 1c00868a 3088f8c3 fmadd.s          f17, f17, f8, f6    f17=xxxxxxxx f17:42483a52  f8:41134027  f6:43cea1b3
18394674ns          320923 1c00868e 1106f853 fmul.s           f16, f13, f16       f16=xxxxxxxx f13:4108fc3f f16:3f941254
18394693ns          320924 1c008692 0a052303 lw               x6, 160(x10)         x6=3fb0f75e x10:1c011168  PA:1c011208
18394992ns          320939 1c008696 0107a403 lw               x8, 16(x15)          x8=41028837 x15:1c010b10  PA:1c010b20
18395290ns          320954 1c008698 88787843 fmadd.s          f16, f16, f7, f17   f16=xxxxxxxx f16:411e7746  f7:3fc00009 f17:445a7c84
18395310ns          320955 1c00869c 1066f353 fmul.s           f6, f13, f6          f6=xxxxxxxx f13:4108fc3f  f6:3fb0f75e
18395330ns          320956 1c0086a0 0c852883 lw               x17, 200(x10)       x17=3faae556 x10:1c011168  PA:1c011230
18395648ns          320972 1c0086a4 0147a383 lw               x7, 20(x15)          x7=40be76b1 x15:1c010b10  PA:1c010b24
18395947ns          320987 1c0086a8 80837343 fmadd.s          f6, f6, f8, f16      f6=xxxxxxxx  f6:413d6392  f8:41028837 f16:445e3350
18395966ns          320988 1c0086ac 1116f8d3 fmul.s           f17, f13, f17       f17=xxxxxxxx f13:4108fc3f f17:3faae556
18395986ns          320989 1c0086b0 0f052803 lw               x16, 240(x10)       x16=4103c3bd x10:1c011168  PA:1c011258
18396285ns          321004 1c0086b4 0187a403 lw               x8, 24(x15)          x8=410dec9e x15:1c010b10  PA:1c010b28
18396583ns          321019 1c0086b6 3078f8c3 fmadd.s          f17, f17, f7, f6    f17=xxxxxxxx f17:4136e473  f7:40be76b1  f6:447657a5
18396603ns          321020 1c0086ba 1106f853 fmul.s           f16, f13, f16       f16=xxxxxxxx f13:4108fc3f f16:4103c3bd
18396623ns          321021 1c0086be 11852303 lw               x6, 280(x10)         x6=3fad4ef0 x10:1c011168  PA:1c011280
18396941ns          321037 1c0086c2 01c7a383 lw               x7, 28(x15)          x7=407ef751 x15:1c010b10  PA:1c010b2c
18397240ns          321052 1c0086c6 88887843 fmadd.s          f16, f16, f8, f17   f16=xxxxxxxx f16:428d03a3  f8:410dec9e f17:4483acf8
18397259ns          321053 1c0086ca 1066f353 fmul.s           f6, f13, f6          f6=xxxxxxxx f13:4108fc3f  f6:3fad4ef0
18397279ns          321054 1c0086ce 14052883 lw               x17, 320(x10)       x17=40e160d2 x10:1c011168  PA:1c0112a8
18397578ns          321069 1c0086d2 0207a403 lw               x8, 32(x15)          x8=40b312ba x15:1c010b10  PA:1c010b30
18397876ns          321084 1c0086d4 80737343 fmadd.s          f6, f6, f7, f16      f6=xxxxxxxx  f6:41397968  f7:407ef751 f16:44d1da4f
18397896ns          321085 1c0086d8 1116f8d3 fmul.s           f17, f13, f17       f17=xxxxxxxx f13:4108fc3f f17:40e160d2
18397916ns          321086 1c0086dc 16852803 lw               x16, 360(x10)       x16=40cc634e x10:1c011168  PA:1c0112d0
18398234ns          321102 1c0086e0 0247a383 lw               x7, 36(x15)          x7=4087f7f0 x15:1c010b10  PA:1c010b34
18398532ns          321117 1c0086e4 3088f8c3 fmadd.s          f17, f17, f8, f6    f17=xxxxxxxx f17:42713305  f8:40b312ba  f6:44d7a01c
18398552ns          321118 1c0086e8 1106f853 fmul.s           f16, f13, f16       f16=xxxxxxxx f13:4108fc3f f16:40cc634e
18398572ns          321119 1c0086ec 000ea303 lw               x6, 0(x29)           x6=411d788b x29:10001e70  PA:10001e70
18398592ns          321120 1c0086f0 02878793 addi             x15, x15, 40        x15=1c010b38 x15:1c010b10
18398612ns          321121 1c0086f4 88787843 fmadd.s          f16, f16, f7, f17   f16=xxxxxxxx f16:425abc4b  f7:4087f7f0 f17:4500e718
18398632ns          321122 1c0086f8 80e37843 fmadd.s          f16, f6, f14, f16   f16=xxxxxxxx  f6:411d788b f14:410568ab f16:450f6cbd
18398652ns          321123 1c0086fc 030ea42b p.sw             x16, 40(x29!)       x29=10001e98 x16:45148dbd x29:10001e70  PA:10001e70
18398672ns          321124 1c008658 00052803 lw               x16, 0(x10)         x16=40387ec5 x10:1c011168  PA:1c011168
18398970ns          321139 1c00865c 0007a883 lw               x17, 0(x15)         x17=40e744fc x15:1c010b38  PA:1c010b38
18399268ns          321154 1c008660 1106f853 fmul.s           f16, f13, f16       f16=xxxxxxxx f13:4108fc3f f16:40387ec5
18399288ns          321155 1c008664 02852303 lw               x6, 40(x10)          x6=407d3e5f x10:1c011168  PA:1c011190
18399607ns          321171 1c008668 0047a383 lw               x7, 4(x15)           x7=4119cb83 x15:1c010b38  PA:1c010b3c
18399905ns          321186 1c00866c f1187843 fmadd.s          f16, f16, f17, f30  f16=xxxxxxxx f16:41c57246 f17:40e744fc f30:00000000
18399925ns          321187 1c008670 1066f353 fmul.s           f6, f13, f6          f6=xxxxxxxx f13:4108fc3f  f6:407d3e5f
18399945ns          321188 1c008674 05052883 lw               x17, 80(x10)        x17=40bb181d x10:1c011168  PA:1c0111b8
18400243ns          321203 1c008678 0087a403 lw               x8, 8(x15)           x8=3fedbab9 x15:1c010b38  PA:1c010b40
18400541ns          321218 1c00867a 80737343 fmadd.s          f6, f6, f7, f16      f6=xxxxxxxx  f6:420782aa  f7:4119cb83 f16:43325f52
18400561ns          321219 1c00867e 1116f8d3 fmul.s           f17, f13, f17       f17=xxxxxxxx f13:4108fc3f f17:40bb181d
18400581ns          321220 1c008682 07852803 lw               x16, 120(x10)       x16=3f941254 x10:1c011168  PA:1c0111e0
18400899ns          321236 1c008686 00c7a383 lw               x7, 12(x15)          x7=3eef5305 x15:1c010b38  PA:1c010b44
18401198ns          321251 1c00868a 3088f8c3 fmadd.s          f17, f17, f8, f6    f17=xxxxxxxx f17:42483a52  f8:3fedbab9  f6:43fc014c
18401218ns          321252 1c00868e 1106f853 fmul.s           f16, f13, f16       f16=xxxxxxxx f13:4108fc3f f16:3f941254
18401238ns          321253 1c008692 0a052303 lw               x6, 160(x10)         x6=3fb0f75e x10:1c011168  PA:1c011208
18401536ns          321268 1c008696 0107a403 lw               x8, 16(x15)          x8=40ad0325 x15:1c010b38  PA:1c010b48
18401834ns          321283 1c008698 88787843 fmadd.s          f16, f16, f7, f17   f16=xxxxxxxx f16:411e7746  f7:3eef5305 f17:44153ea7
18401854ns          321284 1c00869c 1066f353 fmul.s           f6, f13, f6          f6=xxxxxxxx f13:4108fc3f  f6:3fb0f75e
18401874ns          321285 1c0086a0 0c852883 lw               x17, 200(x10)       x17=3faae556 x10:1c011168  PA:1c011230
18402172ns          321300 1c0086a4 0147a383 lw               x7, 20(x15)          x7=3f56fa5e x15:1c010b38  PA:1c010b4c
18402471ns          321315 1c0086a8 80837343 fmadd.s          f6, f6, f8, f16      f6=xxxxxxxx  f6:413d6392  f8:40ad0325 f16:441666f0
18402491ns          321316 1c0086ac 1116f8d3 fmul.s           f17, f13, f17       f17=xxxxxxxx f13:4108fc3f f17:3faae556
18402511ns          321317 1c0086b0 0f052803 lw               x16, 240(x10)       x16=4103c3bd x10:1c011168  PA:1c011258
18402809ns          321332 1c0086b4 0187a403 lw               x8, 24(x15)          x8=407c65f3 x15:1c010b38  PA:1c010b50
18403107ns          321347 1c0086b6 3078f8c3 fmadd.s          f17, f17, f7, f6    f17=xxxxxxxx f17:4136e473  f7:3f56fa5e  f6:442666c4
18403127ns          321348 1c0086ba 1106f853 fmul.s           f16, f13, f16       f16=xxxxxxxx f13:4108fc3f f16:4103c3bd
18403147ns          321349 1c0086be 11852303 lw               x6, 280(x10)         x6=3fad4ef0 x10:1c011168  PA:1c011280
18403445ns          321364 1c0086c2 01c7a383 lw               x7, 28(x15)          x7=410d50e8 x15:1c010b38  PA:1c010b54
18403744ns          321379 1c0086c6 88887843 fmadd.s          f16, f16, f8, f17   f16=xxxxxxxx f16:428d03a3  f8:407c65f3 f17:4428cd1b
18403764ns          321380 1c0086ca 1066f353 fmul.s           f6, f13, f6          f6=xxxxxxxx f13:4108fc3f  f6:3fad4ef0
18403784ns          321381 1c0086ce 14052883 lw               x17, 320(x10)       x17=40e160d2 x10:1c011168  PA:1c0112a8
18404082ns          321396 1c0086d2 0207a403 lw               x8, 32(x15)          x8=410b2aa7 x15:1c010b38  PA:1c010b58
18404380ns          321411 1c0086d4 80737343 fmadd.s          f6, f6, f7, f16      f6=xxxxxxxx  f6:41397968  f7:410d50e8 f16:446e50f9
18404400ns          321412 1c0086d8 1116f8d3 fmul.s           f17, f13, f17       f17=xxxxxxxx f13:4108fc3f f17:40e160d2
18404420ns          321413 1c0086dc 16852803 lw               x16, 360(x10)       x16=40cc634e x10:1c011168  PA:1c0112d0
18404718ns          321428 1c0086e0 0247a383 lw               x7, 36(x15)          x7=40f5b887 x15:1c010b38  PA:1c010b5c
18405017ns          321443 1c0086e4 3088f8c3 fmadd.s          f17, f17, f8, f6    f17=xxxxxxxx f17:42713305  f8:410b2aa7  f6:4483f4cc
18405037ns          321444 1c0086e8 1106f853 fmul.s           f16, f13, f16       f16=xxxxxxxx f13:4108fc3f f16:40cc634e
18405057ns          321445 1c0086ec 000ea303 lw               x6, 0(x29)           x6=4052eb2d x29:10001e98  PA:10001e98
18405076ns          321446 1c0086f0 02878793 addi             x15, x15, 40        x15=1c010b60 x15:1c010b38
18405096ns          321447 1c0086f4 88787843 fmadd.s          f16, f16, f7, f17   f16=xxxxxxxx f16:425abc4b  f7:40f5b887 f17:44c5843e
18405116ns          321448 1c0086f8 80e37843 fmadd.s          f16, f6, f14, f16   f16=xxxxxxxx  f6:4052eb2d f14:410568ab f16:44fa0136
18405136ns          321449 1c0086fc 030ea42b p.sw             x16, 40(x29!)       x29=10001ec0 x16:44fd7089 x29:10001e98  PA:10001e98
18405156ns          321450 1c008658 00052803 lw               x16, 0(x10)         x16=40387ec5 x10:1c011168  PA:1c011168
18405454ns          321465 1c00865c 0007a883 lw               x17, 0(x15)         x17=408437c5 x15:1c010b60  PA:1c010b60
18405753ns          321480 1c008660 1106f853 fmul.s           f16, f13, f16       f16=xxxxxxxx f13:4108fc3f f16:40387ec5
18405773ns          321481 1c008664 02852303 lw               x6, 40(x10)          x6=407d3e5f x10:1c011168  PA:1c011190
18406071ns          321496 1c008668 0047a383 lw               x7, 4(x15)           x7=40ed961d x15:1c010b60  PA:1c010b64
18406369ns          321511 1c00866c f1187843 fmadd.s          f16, f16, f17, f30  f16=xxxxxxxx f16:41c57246 f17:408437c5 f30:00000000
18406389ns          321512 1c008670 1066f353 fmul.s           f6, f13, f6          f6=xxxxxxxx f13:4108fc3f  f6:407d3e5f
18406409ns          321513 1c008674 05052883 lw               x17, 80(x10)        x17=40bb181d x10:1c011168  PA:1c0111b8
18406707ns          321528 1c008678 0087a403 lw               x8, 8(x15)           x8=410b9643 x15:1c010b60  PA:1c010b68
18407006ns          321543 1c00867a 80737343 fmadd.s          f6, f6, f7, f16      f6=xxxxxxxx  f6:420782aa  f7:40ed961d f16:42cbf3df
18407026ns          321544 1c00867e 1116f8d3 fmul.s           f17, f13, f17       f17=xxxxxxxx f13:4108fc3f f17:40bb181d
18407046ns          321545 1c008682 07852803 lw               x16, 120(x10)       x16=3f941254 x10:1c011168  PA:1c0111e0
18407344ns          321560 1c008686 00c7a383 lw               x7, 12(x15)          x7=3fa0a167 x15:1c010b60  PA:1c010b6c
18407662ns          321576 1c00868a 3088f8c3 fmadd.s          f17, f17, f8, f6    f17=xxxxxxxx f17:42483a52  f8:410b9643  f6:43b0c065
18407682ns          321577 1c00868e 1106f853 fmul.s           f16, f13, f16       f16=xxxxxxxx f13:4108fc3f f16:3f941254
18407702ns          321578 1c008692 0a052303 lw               x6, 160(x10)         x6=3fb0f75e x10:1c011168  PA:1c011208
18408000ns          321593 1c008696 0107a403 lw               x8, 16(x15)          x8=411beb61 x15:1c010b60  PA:1c010b70
18408299ns          321608 1c008698 88787843 fmadd.s          f16, f16, f7, f17   f16=xxxxxxxx f16:411e7746  f7:3fa0a167 f17:44458d64
18408319ns          321609 1c00869c 1066f353 fmul.s           f6, f13, f6          f6=xxxxxxxx f13:4108fc3f  f6:3fb0f75e
18408339ns          321610 1c0086a0 0c852883 lw               x17, 200(x10)       x17=3faae556 x10:1c011168  PA:1c011230
18408637ns          321625 1c0086a4 0147a383 lw               x7, 20(x15)          x7=40a15457 x15:1c010b60  PA:1c010b74
18408955ns          321641 1c0086a8 80837343 fmadd.s          f6, f6, f8, f16      f6=xxxxxxxx  f6:413d6392  f8:411beb61 f16:4448a8d8
18408975ns          321642 1c0086ac 1116f8d3 fmul.s           f17, f13, f17       f17=xxxxxxxx f13:4108fc3f f17:3faae556
18408995ns          321643 1c0086b0 0f052803 lw               x16, 240(x10)       x16=4103c3bd x10:1c011168  PA:1c011258
18409293ns          321658 1c0086b4 0187a403 lw               x8, 24(x15)          x8=40f27469 x15:1c010b60  PA:1c010b78
18409592ns          321673 1c0086b6 3078f8c3 fmadd.s          f17, f17, f7, f6    f17=xxxxxxxx f17:4136e473  f7:40a15457  f6:44657f33
18409612ns          321674 1c0086ba 1106f853 fmul.s           f16, f13, f16       f16=xxxxxxxx f13:4108fc3f f16:4103c3bd
18409631ns          321675 1c0086be 11852303 lw               x6, 280(x10)         x6=3fad4ef0 x10:1c011168  PA:1c011280
18409930ns          321690 1c0086c2 01c7a383 lw               x7, 28(x15)          x7=40c477c3 x15:1c010b60  PA:1c010b7c
18410248ns          321706 1c0086c6 88887843 fmadd.s          f16, f16, f8, f17   f16=xxxxxxxx f16:428d03a3  f8:40f27469 f17:4473e771
18410268ns          321707 1c0086ca 1066f353 fmul.s           f6, f13, f6          f6=xxxxxxxx f13:4108fc3f  f6:3fad4ef0
18410288ns          321708 1c0086ce 14052883 lw               x17, 320(x10)       x17=40e160d2 x10:1c011168  PA:1c0112a8
18410586ns          321723 1c0086d2 0207a403 lw               x8, 32(x15)          x8=41175a38 x15:1c010b60  PA:1c010b80
18410885ns          321738 1c0086d4 80737343 fmadd.s          f6, f6, f7, f16      f6=xxxxxxxx  f6:41397968  f7:40c477c3 f16:44bcba80
18410904ns          321739 1c0086d8 1116f8d3 fmul.s           f17, f13, f17       f17=xxxxxxxx f13:4108fc3f f17:40e160d2
18410924ns          321740 1c0086dc 16852803 lw               x16, 360(x10)       x16=40cc634e x10:1c011168  PA:1c0112d0
18411223ns          321755 1c0086e0 0247a383 lw               x7, 36(x15)          x7=3ff9e780 x15:1c010b60  PA:1c010b84
18411541ns          321771 1c0086e4 3088f8c3 fmadd.s          f17, f17, f8, f6    f17=xxxxxxxx f17:42713305  f8:41175a38  f6:44c59ffc
18411561ns          321772 1c0086e8 1106f853 fmul.s           f16, f13, f16       f16=xxxxxxxx f13:4108fc3f f16:40cc634e
18411581ns          321773 1c0086ec 000ea303 lw               x6, 0(x29)           x6=4001d2fa x29:10001ec0  PA:10001ec0
18411601ns          321774 1c0086f0 02878793 addi             x15, x15, 40        x15=1c010b88 x15:1c010b60
18411621ns          321775 1c0086f4 88787843 fmadd.s          f16, f16, f7, f17   f16=xxxxxxxx f16:425abc4b  f7:3ff9e780 f17:45067684
18411640ns          321776 1c0086f8 80e37843 fmadd.s          f16, f6, f14, f16   f16=xxxxxxxx  f6:4001d2fa f14:410568ab f16:450d22bc
18411660ns          321777 1c0086fc 030ea42b p.sw             x16, 40(x29!)       x29=10001ee8 x16:450e315b x29:10001ec0  PA:10001ec0
18411680ns          321778 1c008658 00052803 lw               x16, 0(x10)         x16=40387ec5 x10:1c011168  PA:1c011168
18411979ns          321793 1c00865c 0007a883 lw               x17, 0(x15)         x17=40c4247b x15:1c010b88  PA:1c010b88
18412277ns          321808 1c008660 1106f853 fmul.s           f16, f13, f16       f16=xxxxxxxx f13:4108fc3f f16:40387ec5
18412297ns          321809 1c008664 02852303 lw               x6, 40(x10)          x6=407d3e5f x10:1c011168  PA:1c011190
18412595ns          321824 1c008668 0047a383 lw               x7, 4(x15)           x7=40bb9d4f x15:1c010b88  PA:1c010b8c
18412913ns          321840 1c00866c f1187843 fmadd.s          f16, f16, f17, f30  f16=xxxxxxxx f16:41c57246 f17:40c4247b f30:00000000
18412933ns          321841 1c008670 1066f353 fmul.s           f6, f13, f6          f6=xxxxxxxx f13:4108fc3f  f6:407d3e5f
18412953ns          321842 1c008674 05052883 lw               x17, 80(x10)        x17=40bb181d x10:1c011168  PA:1c0111b8
18413252ns          321857 1c008678 0087a403 lw               x8, 8(x15)           x8=41196e5d x15:1c010b88  PA:1c010b90
18413550ns          321872 1c00867a 80737343 fmadd.s          f6, f6, f7, f16      f6=xxxxxxxx  f6:420782aa  f7:40bb9d4f f16:431747a1
18413570ns          321873 1c00867e 1116f8d3 fmul.s           f17, f13, f17       f17=xxxxxxxx f13:4108fc3f f17:40bb181d
18413590ns          321874 1c008682 07852803 lw               x16, 120(x10)       x16=3f941254 x10:1c011168  PA:1c0111e0
18413888ns          321889 1c008686 00c7a383 lw               x7, 12(x15)          x7=40ae3ac2 x15:1c010b88  PA:1c010b94
18414206ns          321905 1c00868a 3088f8c3 fmadd.s          f17, f17, f8, f6    f17=xxxxxxxx f17:42483a52  f8:41196e5d  f6:43aef388
18414226ns          321906 1c00868e 1106f853 fmul.s           f16, f13, f16       f16=xxxxxxxx f13:4108fc3f f16:3f941254
18414246ns          321907 1c008692 0a052303 lw               x6, 160(x10)         x6=3fb0f75e x10:1c011168  PA:1c011208
18414544ns          321922 1c008696 0107a403 lw               x8, 16(x15)          x8=40ad1860 x15:1c010b88  PA:1c010b98
18414843ns          321937 1c008698 88787843 fmadd.s          f16, f16, f7, f17   f16=xxxxxxxx f16:411e7746  f7:40ae3ac2 f17:444f7af1
18414863ns          321938 1c00869c 1066f353 fmul.s           f6, f13, f6          f6=xxxxxxxx f13:4108fc3f  f6:3fb0f75e
18414883ns          321939 1c0086a0 0c852883 lw               x17, 200(x10)       x17=3faae556 x10:1c011168  PA:1c011230
18415181ns          321954 1c0086a4 0147a383 lw               x7, 20(x15)          x7=4007d079 x15:1c010b88  PA:1c010b9c
18415479ns          321969 1c0086a8 80837343 fmadd.s          f6, f6, f8, f16      f6=xxxxxxxx  f6:413d6392  f8:40ad1860 f16:445cf61f
18415499ns          321970 1c0086ac 1116f8d3 fmul.s           f17, f13, f17       f17=xxxxxxxx f13:4108fc3f f17:3faae556
18415519ns          321971 1c0086b0 0f052803 lw               x16, 240(x10)       x16=4103c3bd x10:1c011168  PA:1c011258
18415817ns          321986 1c0086b4 0187a403 lw               x8, 24(x15)          x8=410d9791 x15:1c010b88  PA:1c010ba0
18416116ns          322001 1c0086b6 3078f8c3 fmadd.s          f17, f17, f7, f6    f17=xxxxxxxx f17:4136e473  f7:4007d079  f6:446cf7e9
18416136ns          322002 1c0086ba 1106f853 fmul.s           f16, f13, f16       f16=xxxxxxxx f13:4108fc3f f16:4103c3bd
18416156ns          322003 1c0086be 11852303 lw               x6, 280(x10)         x6=3fad4ef0 x10:1c011168  PA:1c011280
18416454ns          322018 1c0086c2 01c7a383 lw               x7, 28(x15)          x7=40b60664 x15:1c010b88  PA:1c010ba4
18416752ns          322033 1c0086c6 88887843 fmadd.s          f16, f16, f8, f17   f16=xxxxxxxx f16:428d03a3  f8:410d9791 f17:44730860
18416772ns          322034 1c0086ca 1066f353 fmul.s           f6, f13, f6          f6=xxxxxxxx f13:4108fc3f  f6:3fad4ef0
18416792ns          322035 1c0086ce 14052883 lw               x17, 320(x10)       x17=40e160d2 x10:1c011168  PA:1c0112a8
18417090ns          322050 1c0086d2 0207a403 lw               x8, 32(x15)          x8=40fff281 x15:1c010b88  PA:1c010ba8
18417389ns          322065 1c0086d4 80737343 fmadd.s          f6, f6, f7, f16      f6=xxxxxxxx  f6:41397968  f7:40b60664 f16:44c782ae
18417409ns          322066 1c0086d8 1116f8d3 fmul.s           f17, f13, f17       f17=xxxxxxxx f13:4108fc3f f17:40e160d2
18417429ns          322067 1c0086dc 16852803 lw               x16, 360(x10)       x16=40cc634e x10:1c011168  PA:1c0112d0
18417727ns          322082 1c0086e0 0247a383 lw               x7, 36(x15)          x7=3deed019 x15:1c010b88  PA:1c010bac
18418025ns          322097 1c0086e4 3088f8c3 fmadd.s          f17, f17, f8, f6    f17=xxxxxxxx f17:42713305  f8:40fff281  f6:44cfc0bd
18418045ns          322098 1c0086e8 1106f853 fmul.s           f16, f13, f16       f16=xxxxxxxx f13:4108fc3f f16:40cc634e
18418065ns          322099 1c0086ec 000ea303 lw               x6, 0(x29)           x6=404df77c x29:10001ee8  PA:10001ee8
18418085ns          322100 1c0086f0 02878793 addi             x15, x15, 40        x15=1c010bb0 x15:1c010b88
18418105ns          322101 1c0086f4 88787843 fmadd.s          f16, f16, f7, f17   f16=xxxxxxxx f16:425abc4b  f7:3deed019 f17:45060528
18418125ns          322102 1c0086f8 80e37843 fmadd.s          f16, f6, f14, f16   f16=xxxxxxxx  f6:404df77c f14:410568ab f16:45066b2e
18418145ns          322103 1c0086fc 030ea42b p.sw             x16, 40(x29!)       x29=10001f10 x16:45081885 x29:10001ee8  PA:10001ee8
18418165ns          322104 1c008658 00052803 lw               x16, 0(x10)         x16=40387ec5 x10:1c011168  PA:1c011168
18418463ns          322119 1c00865c 0007a883 lw               x17, 0(x15)         x17=410671ff x15:1c010bb0  PA:1c010bb0
18418761ns          322134 1c008660 1106f853 fmul.s           f16, f13, f16       f16=xxxxxxxx f13:4108fc3f f16:40387ec5
18418781ns          322135 1c008664 02852303 lw               x6, 40(x10)          x6=407d3e5f x10:1c011168  PA:1c011190
18419080ns          322150 1c008668 0047a383 lw               x7, 4(x15)           x7=40b8f6e2 x15:1c010bb0  PA:1c010bb4
18419378ns          322165 1c00866c f1187843 fmadd.s          f16, f16, f17, f30  f16=xxxxxxxx f16:41c57246 f17:410671ff f30:00000000
18419398ns          322166 1c008670 1066f353 fmul.s           f6, f13, f6          f6=xxxxxxxx f13:4108fc3f  f6:407d3e5f
18419418ns          322167 1c008674 05052883 lw               x17, 80(x10)        x17=40bb181d x10:1c011168  PA:1c0111b8
18419716ns          322182 1c008678 0087a403 lw               x8, 8(x15)           x8=4080fb0c x15:1c010bb0  PA:1c010bb8
18420014ns          322197 1c00867a 80737343 fmadd.s          f6, f6, f7, f16      f6=xxxxxxxx  f6:420782aa  f7:40b8f6e2 f16:434f637a
18420034ns          322198 1c00867e 1116f8d3 fmul.s           f17, f13, f17       f17=xxxxxxxx f13:4108fc3f f17:40bb181d
18420054ns          322199 1c008682 07852803 lw               x16, 120(x10)       x16=3f941254 x10:1c011168  PA:1c0111e0
18420353ns          322214 1c008686 00c7a383 lw               x7, 12(x15)          x7=40aa66ec x15:1c010bb0  PA:1c010bbc
18420651ns          322229 1c00868a 3088f8c3 fmadd.s          f17, f17, f8, f6    f17=xxxxxxxx f17:42483a52  f8:4080fb0c  f6:43c99a56
18420671ns          322230 1c00868e 1106f853 fmul.s           f16, f13, f16       f16=xxxxxxxx f13:4108fc3f f16:3f941254
18420691ns          322231 1c008692 0a052303 lw               x6, 160(x10)         x6=3fb0f75e x10:1c011168  PA:1c011208
18420989ns          322246 1c008696 0107a403 lw               x8, 16(x15)          x8=4114eab4 x15:1c010bb0  PA:1c010bc0
18421287ns          322261 1c008698 88787843 fmadd.s          f16, f16, f7, f17   f16=xxxxxxxx f16:411e7746  f7:40aa66ec f17:44173ded
18421307ns          322262 1c00869c 1066f353 fmul.s           f6, f13, f6          f6=xxxxxxxx f13:4108fc3f  f6:3fb0f75e
18421327ns          322263 1c0086a0 0c852883 lw               x17, 200(x10)       x17=3faae556 x10:1c011168  PA:1c011230
18421626ns          322278 1c0086a4 0147a383 lw               x7, 20(x15)          x7=406a57db x15:1c010bb0  PA:1c010bc4
18421924ns          322293 1c0086a8 80837343 fmadd.s          f6, f6, f8, f16      f6=xxxxxxxx  f6:413d6392  f8:4114eab4 f16:44246d4a
18421944ns          322294 1c0086ac 1116f8d3 fmul.s           f17, f13, f17       f17=xxxxxxxx f13:4108fc3f f17:3faae556
18421964ns          322295 1c0086b0 0f052803 lw               x16, 240(x10)       x16=4103c3bd x10:1c011168  PA:1c011258
18422282ns          322311 1c0086b4 0187a403 lw               x8, 24(x15)          x8=411a89f7 x15:1c010bb0  PA:1c010bc8
18422580ns          322326 1c0086b6 3078f8c3 fmadd.s          f17, f17, f7, f6    f17=xxxxxxxx f17:4136e473  f7:406a57db  f6:443ff817
18422600ns          322327 1c0086ba 1106f853 fmul.s           f16, f13, f16       f16=xxxxxxxx f13:4108fc3f f16:4103c3bd
18422620ns          322328 1c0086be 11852303 lw               x6, 280(x10)         x6=3fad4ef0 x10:1c011168  PA:1c011280
18422918ns          322343 1c0086c2 01c7a383 lw               x7, 28(x15)          x7=410c9a00 x15:1c010bb0  PA:1c010bcc
18423217ns          322358 1c0086c6 88887843 fmadd.s          f16, f16, f8, f17   f16=xxxxxxxx f16:428d03a3  f8:411a89f7 f17:444a6ed0
18423237ns          322359 1c0086ca 1066f353 fmul.s           f6, f13, f6          f6=xxxxxxxx f13:4108fc3f  f6:3fad4ef0
18423257ns          322360 1c0086ce 14052883 lw               x17, 320(x10)       x17=40e160d2 x10:1c011168  PA:1c0112a8
18423575ns          322376 1c0086d2 0207a403 lw               x8, 32(x15)          x8=406ec75b x15:1c010bb0  PA:1c010bd0
18423873ns          322391 1c0086d4 80737343 fmadd.s          f6, f6, f7, f16      f6=xxxxxxxx  f6:41397968  f7:410c9a00 f16:44ba5797
18423893ns          322392 1c0086d8 1116f8d3 fmul.s           f17, f13, f17       f17=xxxxxxxx f13:4108fc3f f17:40e160d2
18423913ns          322393 1c0086dc 16852803 lw               x16, 360(x10)       x16=40cc634e x10:1c011168  PA:1c0112d0
18424211ns          322408 1c0086e0 0247a383 lw               x7, 36(x15)          x7=3f24dd60 x15:1c010bb0  PA:1c010bd4
18424510ns          322423 1c0086e4 3088f8c3 fmadd.s          f17, f17, f8, f6    f17=xxxxxxxx f17:42713305  f8:406ec75b  f6:44c71356
18424530ns          322424 1c0086e8 1106f853 fmul.s           f16, f13, f16       f16=xxxxxxxx f13:4108fc3f f16:40cc634e
18424550ns          322425 1c0086ec 000ea303 lw               x6, 0(x29)           x6=410b0eaf x29:10001f10  PA:10001f10
18424569ns          322426 1c0086f0 02878793 addi             x15, x15, 40        x15=1c010bd8 x15:1c010bb0
18424589ns          322427 1c0086f4 88787843 fmadd.s          f16, f16, f7, f17   f16=xxxxxxxx f16:425abc4b  f7:3f24dd60 f17:44e3327e
18424609ns          322428 1c0086f8 80e37843 fmadd.s          f16, f6, f14, f16   f16=xxxxxxxx  f6:410b0eaf f14:410568ab f16:44e7996c
18424629ns          322429 1c0086fc 030ea42b p.sw             x16, 40(x29!)       x29=10001f38 x16:44f0a85b x29:10001f10  PA:10001f10
18424649ns          322430 1c008658 00052803 lw               x16, 0(x10)         x16=40387ec5 x10:1c011168  PA:1c011168
18424967ns          322446 1c00865c 0007a883 lw               x17, 0(x15)         x17=4084e048 x15:1c010bd8  PA:1c010bd8
18425266ns          322461 1c008660 1106f853 fmul.s           f16, f13, f16       f16=xxxxxxxx f13:4108fc3f f16:40387ec5
18425285ns          322462 1c008664 02852303 lw               x6, 40(x10)          x6=407d3e5f x10:1c011168  PA:1c011190
18425584ns          322477 1c008668 0047a383 lw               x7, 4(x15)           x7=3fec26a0 x15:1c010bd8  PA:1c010bdc
18425882ns          322492 1c00866c f1187843 fmadd.s          f16, f16, f17, f30  f16=xxxxxxxx f16:41c57246 f17:4084e048 f30:00000000
18425902ns          322493 1c008670 1066f353 fmul.s           f6, f13, f6          f6=xxxxxxxx f13:4108fc3f  f6:407d3e5f
18425922ns          322494 1c008674 05052883 lw               x17, 80(x10)        x17=40bb181d x10:1c011168  PA:1c0111b8
18426240ns          322510 1c008678 0087a403 lw               x8, 8(x15)           x8=3ecbcadc x15:1c010bd8  PA:1c010be0
18426539ns          322525 1c00867a 80737343 fmadd.s          f6, f6, f7, f16      f6=xxxxxxxx  f6:420782aa  f7:3fec26a0 f16:42ccf7cf
18426558ns          322526 1c00867e 1116f8d3 fmul.s           f17, f13, f17       f17=xxxxxxxx f13:4108fc3f f17:40bb181d
18426578ns          322527 1c008682 07852803 lw               x16, 120(x10)       x16=3f941254 x10:1c011168  PA:1c0111e0
18426877ns          322542 1c008686 00c7a383 lw               x7, 12(x15)          x7=3fd85ef8 x15:1c010bd8  PA:1c010be4
18427175ns          322557 1c00868a 3088f8c3 fmadd.s          f17, f17, f8, f6    f17=xxxxxxxx f17:42483a52  f8:3ecbcadc  f6:4324fc5b
18427195ns          322558 1c00868e 1106f853 fmul.s           f16, f13, f16       f16=xxxxxxxx f13:4108fc3f f16:3f941254
18427215ns          322559 1c008692 0a052303 lw               x6, 160(x10)         x6=3fb0f75e x10:1c011168  PA:1c011208
18427533ns          322575 1c008696 0107a403 lw               x8, 16(x15)          x8=40352655 x15:1c010bd8  PA:1c010be8
18427831ns          322590 1c008698 88787843 fmadd.s          f16, f16, f7, f17   f16=xxxxxxxx f16:411e7746  f7:3fd85ef8 f17:4338e8f8
18427851ns          322591 1c00869c 1066f353 fmul.s           f6, f13, f6          f6=xxxxxxxx f13:4108fc3f  f6:3fb0f75e
18427871ns          322592 1c0086a0 0c852883 lw               x17, 200(x10)       x17=3faae556 x10:1c011168  PA:1c011230
18428170ns          322607 1c0086a4 0147a383 lw               x7, 20(x15)          x7=410c1943 x15:1c010bd8  PA:1c010bec
18428468ns          322622 1c0086a8 80837343 fmadd.s          f6, f6, f8, f16      f6=xxxxxxxx  f6:413d6392  f8:40352655 f16:4349a6e6
18428488ns          322623 1c0086ac 1116f8d3 fmul.s           f17, f13, f17       f17=xxxxxxxx f13:4108fc3f f17:3faae556
18428508ns          322624 1c0086b0 0f052803 lw               x16, 240(x10)       x16=4103c3bd x10:1c011168  PA:1c011258
18428806ns          322639 1c0086b4 0187a403 lw               x8, 24(x15)          x8=3f0ca8bf x15:1c010bd8  PA:1c010bf0
18429104ns          322654 1c0086b6 3078f8c3 fmadd.s          f17, f17, f7, f6    f17=xxxxxxxx f17:4136e473  f7:410c1943  f6:436b27d6
18429124ns          322655 1c0086ba 1106f853 fmul.s           f16, f13, f16       f16=xxxxxxxx f13:4108fc3f f16:4103c3bd
18429144ns          322656 1c0086be 11852303 lw               x6, 280(x10)         x6=3fad4ef0 x10:1c011168  PA:1c011280
18429443ns          322671 1c0086c2 01c7a383 lw               x7, 28(x15)          x7=4114ea99 x15:1c010bd8  PA:1c010bf4
18429741ns          322686 1c0086c6 88887843 fmadd.s          f16, f16, f8, f17   f16=xxxxxxxx f16:428d03a3  f8:3f0ca8bf f17:43a79f69
18429761ns          322687 1c0086ca 1066f353 fmul.s           f6, f13, f6          f6=xxxxxxxx f13:4108fc3f  f6:3fad4ef0
18429781ns          322688 1c0086ce 14052883 lw               x17, 320(x10)       x17=40e160d2 x10:1c011168  PA:1c0112a8
18430079ns          322703 1c0086d2 0207a403 lw               x8, 32(x15)          x8=3f1f6eca x15:1c010bd8  PA:1c010bf8
18430377ns          322718 1c0086d4 80737343 fmadd.s          f6, f6, f7, f16      f6=xxxxxxxx  f6:41397968  f7:4114ea99 f16:43bafe25
18430397ns          322719 1c0086d8 1116f8d3 fmul.s           f17, f13, f17       f17=xxxxxxxx f13:4108fc3f f17:40e160d2
18430417ns          322720 1c0086dc 16852803 lw               x16, 360(x10)       x16=40cc634e x10:1c011168  PA:1c0112d0
18430716ns          322735 1c0086e0 0247a383 lw               x7, 36(x15)          x7=40aa65bf x15:1c010bd8  PA:1c010bfc
18431014ns          322750 1c0086e4 3088f8c3 fmadd.s          f17, f17, f8, f6    f17=xxxxxxxx f17:42713305  f8:3f1f6eca  f6:43f0f039
18431034ns          322751 1c0086e8 1106f853 fmul.s           f16, f13, f16       f16=xxxxxxxx f13:4108fc3f f16:40cc634e
18431054ns          322752 1c0086ec 000ea303 lw               x6, 0(x29)           x6=40f6cce9 x29:10001f38  PA:10001f38
18431074ns          322753 1c0086f0 02878793 addi             x15, x15, 40        x15=1c010c00 x15:1c010bd8
18431094ns          322754 1c0086f4 88787843 fmadd.s          f16, f16, f7, f17   f16=xxxxxxxx f16:425abc4b  f7:40aa65bf f17:4401db8e
18431113ns          322755 1c0086f8 80e37843 fmadd.s          f16, f6, f14, f16   f16=xxxxxxxx  f6:40f6cce9 f14:410568ab f16:444aa78b
18431133ns          322756 1c0086fc 030ea42b p.sw             x16, 40(x29!)       x29=10001f60 x16:445abb37 x29:10001f38  PA:10001f38
18431153ns          322757 1c008658 00052803 lw               x16, 0(x10)         x16=40387ec5 x10:1c011168  PA:1c011168
18431452ns          322772 1c00865c 0007a883 lw               x17, 0(x15)         x17=3fcaa69f x15:1c010c00  PA:1c010c00
18431750ns          322787 1c008660 1106f853 fmul.s           f16, f13, f16       f16=xxxxxxxx f13:4108fc3f f16:40387ec5
18431770ns          322788 1c008664 02852303 lw               x6, 40(x10)          x6=407d3e5f x10:1c011168  PA:1c011190
18432068ns          322803 1c008668 0047a383 lw               x7, 4(x15)           x7=406a560e x15:1c010c00  PA:1c010c04
18432367ns          322818 1c00866c f1187843 fmadd.s          f16, f16, f17, f30  f16=xxxxxxxx f16:41c57246 f17:3fcaa69f f30:00000000
18432386ns          322819 1c008670 1066f353 fmul.s           f6, f13, f6          f6=xxxxxxxx f13:4108fc3f  f6:407d3e5f
18432406ns          322820 1c008674 05052883 lw               x17, 80(x10)        x17=40bb181d x10:1c011168  PA:1c0111b8
18432705ns          322835 1c008678 0087a403 lw               x8, 8(x15)           x8=40655dec x15:1c010c00  PA:1c010c08
18433003ns          322850 1c00867a 80737343 fmadd.s          f6, f6, f7, f16      f6=xxxxxxxx  f6:420782aa  f7:406a560e f16:421c4cae
18433023ns          322851 1c00867e 1116f8d3 fmul.s           f17, f13, f17       f17=xxxxxxxx f13:4108fc3f f17:40bb181d
18433043ns          322852 1c008682 07852803 lw               x16, 120(x10)       x16=3f941254 x10:1c011168  PA:1c0111e0
18433341ns          322867 1c008686 00c7a383 lw               x7, 12(x15)          x7=40b6d481 x15:1c010c00  PA:1c010c0c
18433640ns          322882 1c00868a 3088f8c3 fmadd.s          f17, f17, f8, f6    f17=xxxxxxxx f17:42483a52  f8:40655dec  f6:43231e28
18433659ns          322883 1c00868e 1106f853 fmul.s           f16, f13, f16       f16=xxxxxxxx f13:4108fc3f f16:3f941254
18433679ns          322884 1c008692 0a052303 lw               x6, 160(x10)         x6=3fb0f75e x10:1c011168  PA:1c011208
18433978ns          322899 1c008696 0107a403 lw               x8, 16(x15)          x8=3ffab76f x15:1c010c00  PA:1c010c10
18434296ns          322915 1c008698 88787843 fmadd.s          f16, f16, f7, f17   f16=xxxxxxxx f16:411e7746  f7:40b6d481 f17:43ab41e5
18434316ns          322916 1c00869c 1066f353 fmul.s           f6, f13, f6          f6=xxxxxxxx f13:4108fc3f  f6:3fb0f75e
18434336ns          322917 1c0086a0 0c852883 lw               x17, 200(x10)       x17=3faae556 x10:1c011168  PA:1c011230
18434634ns          322932 1c0086a4 0147a383 lw               x7, 20(x15)          x7=40abb524 x15:1c010c00  PA:1c010c14
18434932ns          322947 1c0086a8 80837343 fmadd.s          f6, f6, f8, f16      f6=xxxxxxxx  f6:413d6392  f8:3ffab76f f16:43c78cfb
18434952ns          322948 1c0086ac 1116f8d3 fmul.s           f17, f13, f17       f17=xxxxxxxx f13:4108fc3f f17:3faae556
18434972ns          322949 1c0086b0 0f052803 lw               x16, 240(x10)       x16=4103c3bd x10:1c011168  PA:1c011258
18435271ns          322964 1c0086b4 0187a403 lw               x8, 24(x15)          x8=4086fe8b x15:1c010c00  PA:1c010c18
18435589ns          322980 1c0086b6 3078f8c3 fmadd.s          f17, f17, f7, f6    f17=xxxxxxxx f17:4136e473  f7:40abb524  f6:43d324aa
18435609ns          322981 1c0086ba 1106f853 fmul.s           f16, f13, f16       f16=xxxxxxxx f13:4108fc3f f16:4103c3bd
18435629ns          322982 1c0086be 11852303 lw               x6, 280(x10)         x6=3fad4ef0 x10:1c011168  PA:1c011280
18435927ns          322997 1c0086c2 01c7a383 lw               x7, 28(x15)          x7=3fb98a38 x15:1c010c00  PA:1c010c1c
18436225ns          323012 1c0086c6 88887843 fmadd.s          f16, f16, f8, f17   f16=xxxxxxxx f16:428d03a3  f8:4086fe8b f17:43f1cfab
18436245ns          323013 1c0086ca 1066f353 fmul.s           f6, f13, f6          f6=xxxxxxxx f13:4108fc3f  f6:3fad4ef0
18436265ns          323014 1c0086ce 14052883 lw               x17, 320(x10)       x17=40e160d2 x10:1c011168  PA:1c0112a8
18436564ns          323029 1c0086d2 0207a403 lw               x8, 32(x15)          x8=410c6ca0 x15:1c010c00  PA:1c010c20
18436882ns          323045 1c0086d4 80737343 fmadd.s          f6, f6, f7, f16      f6=xxxxxxxx  f6:41397968  f7:3fb98a38 f16:444343f3
18436902ns          323046 1c0086d8 1116f8d3 fmul.s           f17, f13, f17       f17=xxxxxxxx f13:4108fc3f f17:40e160d2
18436922ns          323047 1c0086dc 16852803 lw               x16, 360(x10)       x16=40cc634e x10:1c011168  PA:1c0112d0
18437220ns          323062 1c0086e0 0247a383 lw               x7, 36(x15)          x7=410e1973 x15:1c010c00  PA:1c010c24
18437518ns          323077 1c0086e4 3088f8c3 fmadd.s          f17, f17, f8, f6    f17=xxxxxxxx f17:42713305  f8:410c6ca0  f6:4447775a
18437538ns          323078 1c0086e8 1106f853 fmul.s           f16, f13, f16       f16=xxxxxxxx f13:4108fc3f f16:40cc634e
18437558ns          323079 1c0086ec 000ea303 lw               x6, 0(x29)           x6=4102b8c3 x29:10001f60  PA:10001f60
18437578ns          323080 1c0086f0 02878793 addi             x15, x15, 40        x15=1c010c28 x15:1c010c00
18437598ns          323081 1c0086f4 88787843 fmadd.s          f16, f16, f7, f17   f16=xxxxxxxx f16:425abc4b  f7:410e1973 f17:44a5e2cd
18437618ns          323082 1c0086f8 80e37843 fmadd.s          f16, f6, f14, f16   f16=xxxxxxxx  f6:4102b8c3 f14:410568ab f16:44e297e5
18437638ns          323083 1c0086fc 030ea42b p.sw             x16, 40(x29!)       x29=10001f88 x16:44eb1bd3 x29:10001f60  PA:10001f60
18437658ns          323084 1c008658 00052803 lw               x16, 0(x10)         x16=40387ec5 x10:1c011168  PA:1c011168
18437956ns          323099 1c00865c 0007a883 lw               x17, 0(x15)         x17=4110e07b x15:1c010c28  PA:1c010c28
18438274ns          323115 1c008660 1106f853 fmul.s           f16, f13, f16       f16=xxxxxxxx f13:4108fc3f f16:40387ec5
18438294ns          323116 1c008664 02852303 lw               x6, 40(x10)          x6=407d3e5f x10:1c011168  PA:1c011190
18438592ns          323131 1c008668 0047a383 lw               x7, 4(x15)           x7=406280a9 x15:1c010c28  PA:1c010c2c
18438891ns          323146 1c00866c f1187843 fmadd.s          f16, f16, f17, f30  f16=xxxxxxxx f16:41c57246 f17:4110e07b f30:00000000
18438911ns          323147 1c008670 1066f353 fmul.s           f6, f13, f6          f6=xxxxxxxx f13:4108fc3f  f6:407d3e5f
18438931ns          323148 1c008674 05052883 lw               x17, 80(x10)        x17=40bb181d x10:1c011168  PA:1c0111b8
18439229ns          323163 1c008678 0087a403 lw               x8, 8(x15)           x8=403e2622 x15:1c010c28  PA:1c010c30
18439547ns          323179 1c00867a 80737343 fmadd.s          f6, f6, f7, f16      f6=xxxxxxxx  f6:420782aa  f7:406280a9 f16:435f7ad4
18439567ns          323180 1c00867e 1116f8d3 fmul.s           f17, f13, f17       f17=xxxxxxxx f13:4108fc3f f17:40bb181d
18439587ns          323181 1c008682 07852803 lw               x16, 120(x10)       x16=3f941254 x10:1c011168  PA:1c0111e0
18439885ns          323196 1c008686 00c7a383 lw               x7, 12(x15)          x7=4110fa8f x15:1c010c28  PA:1c010c34
18440184ns          323211 1c00868a 3088f8c3 fmadd.s          f17, f17, f8, f6    f17=xxxxxxxx f17:42483a52  f8:403e2622  f6:43abb024
18440204ns          323212 1c00868e 1106f853 fmul.s           f16, f13, f16       f16=xxxxxxxx f13:4108fc3f f16:3f941254
18440223ns          323213 1c008692 0a052303 lw               x6, 160(x10)         x6=3fb0f75e x10:1c011168  PA:1c011208
18440522ns          323228 1c008696 0107a403 lw               x8, 16(x15)          x8=3eac8796 x15:1c010c28  PA:1c010c38
18440840ns          323244 1c008698 88787843 fmadd.s          f16, f16, f7, f17   f16=xxxxxxxx f16:411e7746  f7:4110fa8f f17:43f60cb2
18440860ns          323245 1c00869c 1066f353 fmul.s           f6, f13, f6          f6=xxxxxxxx f13:4108fc3f  f6:3fb0f75e
18440880ns          323246 1c0086a0 0c852883 lw               x17, 200(x10)       x17=3faae556 x10:1c011168  PA:1c011230
18441178ns          323261 1c0086a4 0147a383 lw               x7, 20(x15)          x7=4114b55f x15:1c010c28  PA:1c010c3c
18441477ns          323276 1c0086a8 80837343 fmadd.s          f6, f6, f8, f16      f6=xxxxxxxx  f6:413d6392  f8:3eac8796 f16:441175e5
18441496ns          323277 1c0086ac 1116f8d3 fmul.s           f17, f13, f17       f17=xxxxxxxx f13:4108fc3f f17:3faae556
18441516ns          323278 1c0086b0 0f052803 lw               x16, 240(x10)       x16=4103c3bd x10:1c011168  PA:1c011258
18441815ns          323293 1c0086b4 0187a403 lw               x8, 24(x15)          x8=40ef09d6 x15:1c010c28  PA:1c010c40
18442113ns          323308 1c0086b6 3078f8c3 fmadd.s          f17, f17, f7, f6    f17=xxxxxxxx f17:4136e473  f7:4114b55f  f6:4412752b
18442133ns          323309 1c0086ba 1106f853 fmul.s           f16, f13, f16       f16=xxxxxxxx f13:4108fc3f f16:4103c3bd
18442153ns          323310 1c0086be 11852303 lw               x6, 280(x10)         x6=3fad4ef0 x10:1c011168  PA:1c011280
18442451ns          323325 1c0086c2 01c7a383 lw               x7, 28(x15)          x7=3fe0dd39 x15:1c010c28  PA:1c010c44
18442750ns          323340 1c0086c6 88887843 fmadd.s          f16, f16, f8, f17   f16=xxxxxxxx f16:428d03a3  f8:40ef09d6 f17:442d0494
18442769ns          323341 1c0086ca 1066f353 fmul.s           f6, f13, f6          f6=xxxxxxxx f13:4108fc3f  f6:3fad4ef0
18442789ns          323342 1c0086ce 14052883 lw               x17, 320(x10)       x17=40e160d2 x10:1c011168  PA:1c0112a8
18443088ns          323357 1c0086d2 0207a403 lw               x8, 32(x15)          x8=40e88272 x15:1c010c28  PA:1c010c48
18443386ns          323372 1c0086d4 80737343 fmadd.s          f6, f6, f7, f16      f6=xxxxxxxx  f6:41397968  f7:3fe0dd39 f16:44985832
18443406ns          323373 1c0086d8 1116f8d3 fmul.s           f17, f13, f17       f17=xxxxxxxx f13:4108fc3f f17:40e160d2
18443426ns          323374 1c0086dc 16852803 lw               x16, 360(x10)       x16=40cc634e x10:1c011168  PA:1c0112d0
18443724ns          323389 1c0086e0 0247a383 lw               x7, 36(x15)          x7=40bb64c4 x15:1c010c28  PA:1c010c4c
18444023ns          323404 1c0086e4 3088f8c3 fmadd.s          f17, f17, f8, f6    f17=xxxxxxxx f17:42713305  f8:40e88272  f6:449ae3dc
18444042ns          323405 1c0086e8 1106f853 fmul.s           f16, f13, f16       f16=xxxxxxxx f13:4108fc3f f16:40cc634e
18444062ns          323406 1c0086ec 000ea303 lw               x6, 0(x29)           x6=411ee12a x29:10001f88  PA:10001f88
18444082ns          323407 1c0086f0 02878793 addi             x15, x15, 40        x15=1c010c50 x15:1c010c28
18444102ns          323408 1c0086f4 88787843 fmadd.s          f16, f16, f7, f17   f16=xxxxxxxx f16:425abc4b  f7:40bb64c4 f17:44d1a825
18444122ns          323409 1c0086f8 80e37843 fmadd.s          f16, f6, f14, f16   f16=xxxxxxxx  f6:411ee12a f14:410568ab f16:44f9af8e
18444142ns          323410 1c0086fc 030ea42b p.sw             x16, 40(x29!)       x29=10001fb0 x16:45020486 x29:10001f88  PA:10001f88
18444162ns          323411 1c008658 00052803 lw               x16, 0(x10)         x16=40387ec5 x10:1c011168  PA:1c011168
18444460ns          323426 1c00865c 0007a883 lw               x17, 0(x15)         x17=3fa36583 x15:1c010c50  PA:1c010c50
18444759ns          323441 1c008660 1106f853 fmul.s           f16, f13, f16       f16=xxxxxxxx f13:4108fc3f f16:40387ec5
18444778ns          323442 1c008664 02852303 lw               x6, 40(x10)          x6=407d3e5f x10:1c011168  PA:1c011190
18445077ns          323457 1c008668 0047a383 lw               x7, 4(x15)           x7=4043d5a4 x15:1c010c50  PA:1c010c54
18445375ns          323472 1c00866c f1187843 fmadd.s          f16, f16, f17, f30  f16=xxxxxxxx f16:41c57246 f17:3fa36583 f30:00000000
18445395ns          323473 1c008670 1066f353 fmul.s           f6, f13, f6          f6=xxxxxxxx f13:4108fc3f  f6:407d3e5f
18445415ns          323474 1c008674 05052883 lw               x17, 80(x10)        x17=40bb181d x10:1c011168  PA:1c0111b8
18445713ns          323489 1c008678 0087a403 lw               x8, 8(x15)           x8=408dd736 x15:1c010c50  PA:1c010c58
18446012ns          323504 1c00867a 80737343 fmadd.s          f6, f6, f7, f16      f6=xxxxxxxx  f6:420782aa  f7:4043d5a4 f16:41fc0c1b
18446032ns          323505 1c00867e 1116f8d3 fmul.s           f17, f13, f17       f17=xxxxxxxx f13:4108fc3f f17:40bb181d
18446051ns          323506 1c008682 07852803 lw               x16, 120(x10)       x16=3f941254 x10:1c011168  PA:1c0111e0
18446350ns          323521 1c008686 00c7a383 lw               x7, 12(x15)          x7=40e32930 x15:1c010c50  PA:1c010c5c
18446648ns          323536 1c00868a 3088f8c3 fmadd.s          f17, f17, f8, f6    f17=xxxxxxxx f17:42483a52  f8:408dd736  f6:43072b21
18446668ns          323537 1c00868e 1106f853 fmul.s           f16, f13, f16       f16=xxxxxxxx f13:4108fc3f f16:3f941254
18446688ns          323538 1c008692 0a052303 lw               x6, 160(x10)         x6=3fb0f75e x10:1c011168  PA:1c011208
18446986ns          323553 1c008696 0107a403 lw               x8, 16(x15)          x8=4111c963 x15:1c010c50  PA:1c010c60
18447285ns          323568 1c008698 88787843 fmadd.s          f16, f16, f7, f17   f16=xxxxxxxx f16:411e7746  f7:40e32930 f17:43b28603
18447305ns          323569 1c00869c 1066f353 fmul.s           f6, f13, f6          f6=xxxxxxxx f13:4108fc3f  f6:3fb0f75e
18447324ns          323570 1c0086a0 0c852883 lw               x17, 200(x10)       x17=3faae556 x10:1c011168  PA:1c011230
18447623ns          323585 1c0086a4 0147a383 lw               x7, 20(x15)          x7=411047ed x15:1c010c50  PA:1c010c64
18447921ns          323600 1c0086a8 80837343 fmadd.s          f6, f6, f8, f16      f6=xxxxxxxx  f6:413d6392  f8:4111c963 f16:43d5ad53
18447941ns          323601 1c0086ac 1116f8d3 fmul.s           f17, f13, f17       f17=xxxxxxxx f13:4108fc3f f17:3faae556
18447961ns          323602 1c0086b0 0f052803 lw               x16, 240(x10)       x16=4103c3bd x10:1c011168  PA:1c011258
18448259ns          323617 1c0086b4 0187a403 lw               x8, 24(x15)          x8=411406fb x15:1c010c50  PA:1c010c68
18448558ns          323632 1c0086b6 3078f8c3 fmadd.s          f17, f17, f7, f6    f17=xxxxxxxx f17:4136e473  f7:411047ed  f6:4405cd42
18448578ns          323633 1c0086ba 1106f853 fmul.s           f16, f13, f16       f16=xxxxxxxx f13:4108fc3f f16:4103c3bd
18448597ns          323634 1c0086be 11852303 lw               x6, 280(x10)         x6=3fad4ef0 x10:1c011168  PA:1c011280
18448916ns          323650 1c0086c2 01c7a383 lw               x7, 28(x15)          x7=40b8491a x15:1c010c50  PA:1c010c6c
18449214ns          323665 1c0086c6 88887843 fmadd.s          f16, f16, f8, f17   f16=xxxxxxxx f16:428d03a3  f8:411406fb f17:441f923b
18449234ns          323666 1c0086ca 1066f353 fmul.s           f6, f13, f6          f6=xxxxxxxx f13:4108fc3f  f6:3fad4ef0
18449254ns          323667 1c0086ce 14052883 lw               x17, 320(x10)       x17=40e160d2 x10:1c011168  PA:1c0112a8
18449552ns          323682 1c0086d2 0207a403 lw               x8, 32(x15)          x8=40bdac24 x15:1c010c50  PA:1c010c70
18449851ns          323697 1c0086d4 80737343 fmadd.s          f6, f6, f7, f16      f6=xxxxxxxx  f6:41397968  f7:40b8491a f16:44a15310
18449870ns          323698 1c0086d8 1116f8d3 fmul.s           f17, f13, f17       f17=xxxxxxxx f13:4108fc3f f17:40e160d2
18449890ns          323699 1c0086dc 16852803 lw               x16, 360(x10)       x16=40cc634e x10:1c011168  PA:1c0112d0
18450209ns          323715 1c0086e0 0247a383 lw               x7, 36(x15)          x7=410d85bd x15:1c010c50  PA:1c010c74
18450507ns          323730 1c0086e4 3088f8c3 fmadd.s          f17, f17, f8, f6    f17=xxxxxxxx f17:42713305  f8:40bdac24  f6:44a9ab54
18450527ns          323731 1c0086e8 1106f853 fmul.s           f16, f13, f16       f16=xxxxxxxx f13:4108fc3f f16:40cc634e
18450547ns          323732 1c0086ec 000ea303 lw               x6, 0(x29)           x6=3d635328 x29:10001fb0  PA:10001fb0
18450567ns          323733 1c0086f0 02878793 addi             x15, x15, 40        x15=1c010c78 x15:1c010c50
18450586ns          323734 1c0086f4 88787843 fmadd.s          f16, f16, f7, f17   f16=xxxxxxxx f16:425abc4b  f7:410d85bd f17:44d6588b
18450606ns          323735 1c0086f8 80e37843 fmadd.s          f16, f6, f14, f16   f16=xxxxxxxx  f6:3d635328 f14:410568ab f16:45096744
18450626ns          323736 1c0086fc 030ea42b p.sw             x16, 40(x29!)       x29=10001fd8 x16:45096eab x29:10001fb0  PA:10001fb0
18450646ns          323737 1c008658 00052803 lw               x16, 0(x10)         x16=40387ec5 x10:1c011168  PA:1c011168
18450945ns          323752 1c00865c 0007a883 lw               x17, 0(x15)         x17=40cc4569 x15:1c010c78  PA:1c010c78
18451243ns          323767 1c008660 1106f853 fmul.s           f16, f13, f16       f16=xxxxxxxx f13:4108fc3f f16:40387ec5
18451263ns          323768 1c008664 02852303 lw               x6, 40(x10)          x6=407d3e5f x10:1c011168  PA:1c011190
18451581ns          323784 1c008668 0047a383 lw               x7, 4(x15)           x7=3fccf10a x15:1c010c78  PA:1c010c7c
18451879ns          323799 1c00866c f1187843 fmadd.s          f16, f16, f17, f30  f16=xxxxxxxx f16:41c57246 f17:40cc4569 f30:00000000
18451899ns          323800 1c008670 1066f353 fmul.s           f6, f13, f6          f6=xxxxxxxx f13:4108fc3f  f6:407d3e5f
18451919ns          323801 1c008674 05052883 lw               x17, 80(x10)        x17=40bb181d x10:1c011168  PA:1c0111b8
18452218ns          323816 1c008678 0087a403 lw               x8, 8(x15)           x8=41002690 x15:1c010c78  PA:1c010c80
18452516ns          323831 1c00867a 80737343 fmadd.s          f6, f6, f7, f16      f6=xxxxxxxx  f6:420782aa  f7:3fccf10a f16:431d8c99
18452536ns          323832 1c00867e 1116f8d3 fmul.s           f17, f13, f17       f17=xxxxxxxx f13:4108fc3f f17:40bb181d
18452556ns          323833 1c008682 07852803 lw               x16, 120(x10)       x16=3f941254 x10:1c011168  PA:1c0111e0
18452874ns          323849 1c008686 00c7a383 lw               x7, 12(x15)          x7=4031a08a x15:1c010c78  PA:1c010c84
18453172ns          323864 1c00868a 3088f8c3 fmadd.s          f17, f17, f8, f6    f17=xxxxxxxx f17:42483a52  f8:41002690  f6:4353ca74
18453192ns          323865 1c00868e 1106f853 fmul.s           f16, f13, f16       f16=xxxxxxxx f13:4108fc3f f16:3f941254
18453212ns          323866 1c008692 0a052303 lw               x6, 160(x10)         x6=3fb0f75e x10:1c011168  PA:1c011208
18453510ns          323881 1c008696 0107a403 lw               x8, 16(x15)          x8=408d5838 x15:1c010c78  PA:1c010c88
18453809ns          323896 1c008698 88787843 fmadd.s          f16, f16, f7, f17   f16=xxxxxxxx f16:411e7746  f7:4031a08a f17:44192def
18453829ns          323897 1c00869c 1066f353 fmul.s           f6, f13, f6          f6=xxxxxxxx f13:4108fc3f  f6:3fb0f75e
18453849ns          323898 1c0086a0 0c852883 lw               x17, 200(x10)       x17=3faae556 x10:1c011168  PA:1c011230
18454167ns          323914 1c0086a4 0147a383 lw               x7, 20(x15)          x7=40866b6c x15:1c010c78  PA:1c010c8c
18454465ns          323929 1c0086a8 80837343 fmadd.s          f6, f6, f8, f16      f6=xxxxxxxx  f6:413d6392  f8:408d5838 f16:44200d2c
18454485ns          323930 1c0086ac 1116f8d3 fmul.s           f17, f13, f17       f17=xxxxxxxx f13:4108fc3f f17:3faae556
18454505ns          323931 1c0086b0 0f052803 lw               x16, 240(x10)       x16=4103c3bd x10:1c011168  PA:1c011258
18454803ns          323946 1c0086b4 0187a403 lw               x8, 24(x15)          x8=400fb53c x15:1c010c78  PA:1c010c90
18455102ns          323961 1c0086b6 3078f8c3 fmadd.s          f17, f17, f7, f6    f17=xxxxxxxx f17:4136e473  f7:40866b6c  f6:442d1f4f
18455122ns          323962 1c0086ba 1106f853 fmul.s           f16, f13, f16       f16=xxxxxxxx f13:4108fc3f f16:4103c3bd
18455141ns          323963 1c0086be 11852303 lw               x6, 280(x10)         x6=3fad4ef0 x10:1c011168  PA:1c011280
18455440ns          323978 1c0086c2 01c7a383 lw               x7, 28(x15)          x7=40b49c8e x15:1c010c78  PA:1c010c94
18455738ns          323993 1c0086c6 88887843 fmadd.s          f16, f16, f8, f17   f16=xxxxxxxx f16:428d03a3  f8:400fb53c f17:44392059
18455758ns          323994 1c0086ca 1066f353 fmul.s           f6, f13, f6          f6=xxxxxxxx f13:4108fc3f  f6:3fad4ef0
18455778ns          323995 1c0086ce 14052883 lw               x17, 320(x10)       x17=40e160d2 x10:1c011168  PA:1c0112a8
18456076ns          324010 1c0086d2 0207a403 lw               x8, 32(x15)          x8=40920122 x15:1c010c78  PA:1c010c98
18456375ns          324025 1c0086d4 80737343 fmadd.s          f6, f6, f7, f16      f6=xxxxxxxx  f6:41397968  f7:40b49c8e f16:4460b4c7
18456395ns          324026 1c0086d8 1116f8d3 fmul.s           f17, f13, f17       f17=xxxxxxxx f13:4108fc3f f17:40e160d2
18456414ns          324027 1c0086dc 16852803 lw               x16, 360(x10)       x16=40cc634e x10:1c011168  PA:1c0112d0
18456713ns          324042 1c0086e0 0247a383 lw               x7, 36(x15)          x7=3f91cf6a x15:1c010c78  PA:1c010c9c
18457011ns          324057 1c0086e4 3088f8c3 fmadd.s          f17, f17, f8, f6    f17=xxxxxxxx f17:42713305  f8:40920122  f6:44711020
18457031ns          324058 1c0086e8 1106f853 fmul.s           f16, f13, f16       f16=xxxxxxxx f13:4108fc3f f16:40cc634e
18457051ns          324059 1c0086ec 000ea303 lw               x6, 0(x29)           x6=405de5e9 x29:10001fd8  PA:10001fd8
18457071ns          324060 1c0086f0 02878793 addi             x15, x15, 40        x15=1c010ca0 x15:1c010c78
18457091ns          324061 1c0086f4 88787843 fmadd.s          f16, f16, f7, f17   f16=xxxxxxxx f16:425abc4b  f7:3f91cf6a f17:449aec1b
18457111ns          324062 1c0086f8 80e37843 fmadd.s          f16, f6, f14, f16   f16=xxxxxxxx  f6:405de5e9 f14:410568ab f16:44a2b579
18457131ns          324063 1c0086fc 030ea42b p.sw             x16, 40(x29!)       x29=10002000 x16:44a65292 x29:10001fd8  PA:10001fd8
18457150ns          324064 1c008700 00460613 addi             x12, x12, 4         x12=10001e74 x12:10001e70
18457170ns          324065 1c008702 00450513 addi             x10, x10, 4         x10=1c01116c x10:1c011168
18457210ns          324067 1c008632 40b28e33 sub              x28, x5, x11        x28=00000190  x5:1c010ca0 x11:1c010b10
18457230ns          324068 1c008636 fd8e0e13 addi             x28, x28, -40       x28=00000168 x28:00000190
18457250ns          324069 1c00863a 0cccd7b7 lui              x15, 0xcccd000      x15=0cccd000
18457270ns          324070 1c00863e ccd78793 addi             x15, x15, -819      x15=0ccccccd x15:0cccd000
18457290ns          324071 1c008642 003e5e13 srli             x28, x28, 0x3       x28=0000002d x28:00000168
18457310ns          324072 1c008646 02fe0e33 mul              x28, x28, x15       x28=40000009 x28:0000002d x15:0ccccccd
18457329ns          324073 1c00864a c5de3e33 p.bclr           x28, x28, 2, 29     x28=00000009 x28:40000009
18457349ns          324074 1c00864e 00b007b3 add              x15, x0, x11        x15=1c010b10 x11:1c010b10
18457369ns          324075 1c008650 00c00eb3 add              x29, x0, x12        x29=10001e74 x12:10001e74
18457389ns          324076 1c008652 001e0e13 addi             x28, x28, 1         x28=0000000a x28:00000009
18457409ns          324077 1c008654 054e40fb lp.setup         0x1, x28, 0x54      x28:0000000a
18457429ns          324078 1c008658 00052803 lw               x16, 0(x10)         x16=411acdd9 x10:1c01116c  PA:1c01116c
18457727ns          324093 1c00865c 0007a883 lw               x17, 0(x15)         x17=40cda545 x15:1c010b10  PA:1c010b10
18458026ns          324108 1c008660 1106f853 fmul.s           f16, f13, f16       f16=xxxxxxxx f13:4108fc3f f16:411acdd9
18458046ns          324109 1c008664 02852303 lw               x6, 40(x10)          x6=41185967 x10:1c01116c  PA:1c011194
18458344ns          324124 1c008668 0047a383 lw               x7, 4(x15)           x7=40f08a50 x15:1c010b10  PA:1c010b14
18458642ns          324139 1c00866c f1187843 fmadd.s          f16, f16, f17, f30  f16=xxxxxxxx f16:42a5abc8 f17:40cda545 f30:00000000
18458662ns          324140 1c008670 1066f353 fmul.s           f6, f13, f6          f6=xxxxxxxx f13:4108fc3f  f6:41185967
18458682ns          324141 1c008674 05052883 lw               x17, 80(x10)        x17=404492de x10:1c01116c  PA:1c0111bc
18458980ns          324156 1c008678 0087a403 lw               x8, 8(x15)           x8=41134027 x15:1c010b10  PA:1c010b18
18459279ns          324171 1c00867a 80737343 fmadd.s          f6, f6, f7, f16      f6=xxxxxxxx  f6:42a30b38  f7:40f08a50 f16:44051584
18459299ns          324172 1c00867e 1116f8d3 fmul.s           f17, f13, f17       f17=xxxxxxxx f13:4108fc3f f17:404492de
18459319ns          324173 1c008682 07852803 lw               x16, 120(x10)       x16=4114bbcb x10:1c01116c  PA:1c0111e4
18459617ns          324188 1c008686 00c7a383 lw               x7, 12(x15)          x7=3fc00009 x15:1c010b10  PA:1c010b1c
18459915ns          324203 1c00868a 3088f8c3 fmadd.s          f17, f17, f8, f6    f17=xxxxxxxx f17:41d25f6e  f8:41134027  f6:448f2410
18459935ns          324204 1c00868e 1106f853 fmul.s           f16, f13, f16       f16=xxxxxxxx f13:4108fc3f f16:4114bbcb
18459955ns          324205 1c008692 0a052303 lw               x6, 160(x10)         x6=40db47d8 x10:1c01116c  PA:1c01120c
18460253ns          324220 1c008696 0107a403 lw               x8, 16(x15)          x8=41028837 x15:1c010b10  PA:1c010b20
18460552ns          324235 1c008698 88787843 fmadd.s          f16, f16, f7, f17   f16=xxxxxxxx f16:429f2ca3  f7:3fc00009 f17:44ad6471
18460572ns          324236 1c00869c 1066f353 fmul.s           f6, f13, f6          f6=xxxxxxxx f13:4108fc3f  f6:40db47d8
18460592ns          324237 1c0086a0 0c852883 lw               x17, 200(x10)       x17=40d79da0 x10:1c01116c  PA:1c011234
18460910ns          324253 1c0086a4 0147a383 lw               x7, 20(x15)          x7=40be76b1 x15:1c010b10  PA:1c010b24
18461208ns          324268 1c0086a8 80837343 fmadd.s          f6, f6, f8, f16      f6=xxxxxxxx  f6:426aac77  f8:41028837 f16:44bc50a1
18461228ns          324269 1c0086ac 1116f8d3 fmul.s           f17, f13, f17       f17=xxxxxxxx f13:4108fc3f f17:40d79da0
18461248ns          324270 1c0086b0 0f052803 lw               x16, 240(x10)       x16=40bfe522 x10:1c01116c  PA:1c01125c
18461546ns          324285 1c0086b4 0187a403 lw               x8, 24(x15)          x8=410dec9e x15:1c010b10  PA:1c010b28
18461845ns          324300 1c0086b6 3078f8c3 fmadd.s          f17, f17, f7, f6    f17=xxxxxxxx f17:4266c062  f7:40be76b1  f6:44f824da
18461865ns          324301 1c0086ba 1106f853 fmul.s           f16, f13, f16       f16=xxxxxxxx f13:4108fc3f f16:40bfe522
18461884ns          324302 1c0086be 11852303 lw               x6, 280(x10)         x6=4076ee7d x10:1c01116c  PA:1c011284
18462203ns          324318 1c0086c2 01c7a383 lw               x7, 28(x15)          x7=407ef751 x15:1c010b10  PA:1c010b2c
18462501ns          324333 1c0086c6 88887843 fmadd.s          f16, f16, f8, f17   f16=xxxxxxxx f16:424d5d9e  f8:410dec9e f17:45118826
18462521ns          324334 1c0086ca 1066f353 fmul.s           f6, f13, f6          f6=xxxxxxxx f13:4108fc3f  f6:4076ee7d
18462541ns          324335 1c0086ce 14052883 lw               x17, 320(x10)       x17=40849d56 x10:1c01116c  PA:1c0112ac
18462839ns          324350 1c0086d2 0207a403 lw               x8, 32(x15)          x8=40b312ba x15:1c010b10  PA:1c010b30
18463138ns          324365 1c0086d4 80737343 fmadd.s          f6, f6, f7, f16      f6=xxxxxxxx  f6:42042202  f7:407ef751 f16:452dfebe
18463157ns          324366 1c0086d8 1116f8d3 fmul.s           f17, f13, f17       f17=xxxxxxxx f13:4108fc3f f17:40849d56
18463177ns          324367 1c0086dc 16852803 lw               x16, 360(x10)       x16=3e126c48 x10:1c01116c  PA:1c0112d4
18463496ns          324383 1c0086e0 0247a383 lw               x7, 36(x15)          x7=4087f7f0 x15:1c010b10  PA:1c010b34
18463794ns          324398 1c0086e4 3088f8c3 fmadd.s          f17, f17, f8, f6    f17=xxxxxxxx f17:420dec82  f8:40b312ba  f6:45363854
18463814ns          324399 1c0086e8 1106f853 fmul.s           f16, f13, f16       f16=xxxxxxxx f13:4108fc3f f16:3e126c48
18463834ns          324400 1c0086ec 000ea303 lw               x6, 0(x29)           x6=40e40bb4 x29:10001e74  PA:10001e74
18463854ns          324401 1c0086f0 02878793 addi             x15, x15, 40        x15=1c010b38 x15:1c010b10
18463874ns          324402 1c0086f4 88787843 fmadd.s          f16, f16, f7, f17   f16=xxxxxxxx f16:3f9cb39a  f7:4087f7f0 f17:4542a12c
18463893ns          324403 1c0086f8 80e37843 fmadd.s          f16, f6, f14, f16   f16=xxxxxxxx  f6:40e40bb4 f14:410568ab f16:4542f466
18463913ns          324404 1c0086fc 030ea42b p.sw             x16, 40(x29!)       x29=10001e9c x16:4546ab21 x29:10001e74  PA:10001e74
18463933ns          324405 1c008658 00052803 lw               x16, 0(x10)         x16=411acdd9 x10:1c01116c  PA:1c01116c
18464232ns          324420 1c00865c 0007a883 lw               x17, 0(x15)         x17=40e744fc x15:1c010b38  PA:1c010b38
18464530ns          324435 1c008660 1106f853 fmul.s           f16, f13, f16       f16=xxxxxxxx f13:4108fc3f f16:411acdd9
18464550ns          324436 1c008664 02852303 lw               x6, 40(x10)          x6=41185967 x10:1c01116c  PA:1c011194
18464868ns          324452 1c008668 0047a383 lw               x7, 4(x15)           x7=4119cb83 x15:1c010b38  PA:1c010b3c
18465166ns          324467 1c00866c f1187843 fmadd.s          f16, f16, f17, f30  f16=xxxxxxxx f16:42a5abc8 f17:40e744fc f30:00000000
18465186ns          324468 1c008670 1066f353 fmul.s           f6, f13, f6          f6=xxxxxxxx f13:4108fc3f  f6:41185967
18465206ns          324469 1c008674 05052883 lw               x17, 80(x10)        x17=404492de x10:1c01116c  PA:1c0111bc
18465505ns          324484 1c008678 0087a403 lw               x8, 8(x15)           x8=3fedbab9 x15:1c010b38  PA:1c010b40
18465803ns          324499 1c00867a 80737343 fmadd.s          f6, f6, f7, f16      f6=xxxxxxxx  f6:42a30b38  f7:4119cb83 f16:4415aaa6
18465823ns          324500 1c00867e 1116f8d3 fmul.s           f17, f13, f17       f17=xxxxxxxx f13:4108fc3f f17:404492de
18465843ns          324501 1c008682 07852803 lw               x16, 120(x10)       x16=4114bbcb x10:1c01116c  PA:1c0111e4
18466161ns          324517 1c008686 00c7a383 lw               x7, 12(x15)          x7=3eef5305 x15:1c010b38  PA:1c010b44
18466459ns          324532 1c00868a 3088f8c3 fmadd.s          f17, f17, f8, f6    f17=xxxxxxxx f17:41d25f6e  f8:3fedbab9  f6:44acc8a5
18466479ns          324533 1c00868e 1106f853 fmul.s           f16, f13, f16       f16=xxxxxxxx f13:4108fc3f f16:4114bbcb
18466499ns          324534 1c008692 0a052303 lw               x6, 160(x10)         x6=40db47d8 x10:1c01116c  PA:1c01120c
18466797ns          324549 1c008696 0107a403 lw               x8, 16(x15)          x8=40ad0325 x15:1c010b38  PA:1c010b48
18467096ns          324564 1c008698 88787843 fmadd.s          f16, f16, f7, f17   f16=xxxxxxxx f16:429f2ca3  f7:3eef5305 f17:44b2e383
18467116ns          324565 1c00869c 1066f353 fmul.s           f6, f13, f6          f6=xxxxxxxx f13:4108fc3f  f6:40db47d8
18467136ns          324566 1c0086a0 0c852883 lw               x17, 200(x10)       x17=40d79da0 x10:1c01116c  PA:1c011234
18467454ns          324582 1c0086a4 0147a383 lw               x7, 20(x15)          x7=3f56fa5e x15:1c010b38  PA:1c010b4c
18467752ns          324597 1c0086a8 80837343 fmadd.s          f6, f6, f8, f16      f6=xxxxxxxx  f6:426aac77  f8:40ad0325 f16:44b789f5
18467772ns          324598 1c0086ac 1116f8d3 fmul.s           f17, f13, f17       f17=xxxxxxxx f13:4108fc3f f17:40d79da0
18467792ns          324599 1c0086b0 0f052803 lw               x16, 240(x10)       x16=40bfe522 x10:1c01116c  PA:1c01125c
18468090ns          324614 1c0086b4 0187a403 lw               x8, 24(x15)          x8=407c65f3 x15:1c010b38  PA:1c010b50
18468389ns          324629 1c0086b6 3078f8c3 fmadd.s          f17, f17, f7, f6    f17=xxxxxxxx f17:4266c062  f7:3f56fa5e  f6:44df3051
18468409ns          324630 1c0086ba 1106f853 fmul.s           f16, f13, f16       f16=xxxxxxxx f13:4108fc3f f16:40bfe522
18468429ns          324631 1c0086be 11852303 lw               x6, 280(x10)         x6=4076ee7d x10:1c01116c  PA:1c011284
18468727ns          324646 1c0086c2 01c7a383 lw               x7, 28(x15)          x7=410d50e8 x15:1c010b38  PA:1c010b54
18469025ns          324661 1c0086c6 88887843 fmadd.s          f16, f16, f8, f17   f16=xxxxxxxx f16:424d5d9e  f8:407c65f3 f17:44e53e85
18469045ns          324662 1c0086ca 1066f353 fmul.s           f6, f13, f6          f6=xxxxxxxx f13:4108fc3f  f6:4076ee7d
18469065ns          324663 1c0086ce 14052883 lw               x17, 320(x10)       x17=40849d56 x10:1c01116c  PA:1c0112ac
18469363ns          324678 1c0086d2 0207a403 lw               x8, 32(x15)          x8=410b2aa7 x15:1c010b38  PA:1c010b58
18469662ns          324693 1c0086d4 80737343 fmadd.s          f6, f6, f7, f16      f6=xxxxxxxx  f6:42042202  f7:410d50e8 f16:44fe8dc3
18469682ns          324694 1c0086d8 1116f8d3 fmul.s           f17, f13, f17       f17=xxxxxxxx f13:4108fc3f f17:40849d56
18469702ns          324695 1c0086dc 16852803 lw               x16, 360(x10)       x16=3e126c48 x10:1c01116c  PA:1c0112d4
18470000ns          324710 1c0086e0 0247a383 lw               x7, 36(x15)          x7=40f5b887 x15:1c010b38  PA:1c010b5c
18470298ns          324725 1c0086e4 3088f8c3 fmadd.s          f17, f17, f8, f6    f17=xxxxxxxx f17:420dec82  f8:410b2aa7  f6:45118301
18470318ns          324726 1c0086e8 1106f853 fmul.s           f16, f13, f16       f16=xxxxxxxx f13:4108fc3f f16:3e126c48
18470338ns          324727 1c0086ec 000ea303 lw               x6, 0(x29)           x6=411756be x29:10001e9c  PA:10001e9c
18470358ns          324728 1c0086f0 02878793 addi             x15, x15, 40        x15=1c010b60 x15:1c010b38
18470378ns          324729 1c0086f4 88787843 fmadd.s          f16, f16, f7, f17   f16=xxxxxxxx f16:3f9cb39a  f7:40f5b887 f17:4524ccc5
18470398ns          324730 1c0086f8 80e37843 fmadd.s          f16, f6, f14, f16   f16=xxxxxxxx  f6:411756be f14:410568ab f16:4525632e
18470418ns          324731 1c0086fc 030ea42b p.sw             x16, 40(x29!)       x29=10001ec4 x16:452a510d x29:10001e9c  PA:10001e9c
18470437ns          324732 1c008658 00052803 lw               x16, 0(x10)         x16=411acdd9 x10:1c01116c  PA:1c01116c
18470736ns          324747 1c00865c 0007a883 lw               x17, 0(x15)         x17=408437c5 x15:1c010b60  PA:1c010b60
18471034ns          324762 1c008660 1106f853 fmul.s           f16, f13, f16       f16=xxxxxxxx f13:4108fc3f f16:411acdd9
18471054ns          324763 1c008664 02852303 lw               x6, 40(x10)          x6=41185967 x10:1c01116c  PA:1c011194
18471352ns          324778 1c008668 0047a383 lw               x7, 4(x15)           x7=40ed961d x15:1c010b60  PA:1c010b64
18471651ns          324793 1c00866c f1187843 fmadd.s          f16, f16, f17, f30  f16=xxxxxxxx f16:42a5abc8 f17:408437c5 f30:00000000
18471671ns          324794 1c008670 1066f353 fmul.s           f6, f13, f6          f6=xxxxxxxx f13:4108fc3f  f6:41185967
18471691ns          324795 1c008674 05052883 lw               x17, 80(x10)        x17=404492de x10:1c01116c  PA:1c0111bc
18471989ns          324810 1c008678 0087a403 lw               x8, 8(x15)           x8=410b9643 x15:1c010b60  PA:1c010b68
18472287ns          324825 1c00867a 80737343 fmadd.s          f6, f6, f7, f16      f6=xxxxxxxx  f6:42a30b38  f7:40ed961d f16:43ab2155
18472307ns          324826 1c00867e 1116f8d3 fmul.s           f17, f13, f17       f17=xxxxxxxx f13:4108fc3f f17:404492de
18472327ns          324827 1c008682 07852803 lw               x16, 120(x10)       x16=4114bbcb x10:1c01116c  PA:1c0111e4
18472625ns          324842 1c008686 00c7a383 lw               x7, 12(x15)          x7=3fa0a167 x15:1c010b60  PA:1c010b6c
18472924ns          324857 1c00868a 3088f8c3 fmadd.s          f17, f17, f8, f6    f17=xxxxxxxx f17:41d25f6e  f8:410b9643  f6:446ce1a8
18472944ns          324858 1c00868e 1106f853 fmul.s           f16, f13, f16       f16=xxxxxxxx f13:4108fc3f f16:4114bbcb
18472964ns          324859 1c008692 0a052303 lw               x6, 160(x10)         x6=40db47d8 x10:1c01116c  PA:1c01120c
18473262ns          324874 1c008696 0107a403 lw               x8, 16(x15)          x8=411beb61 x15:1c010b60  PA:1c010b70
18473560ns          324889 1c008698 88787843 fmadd.s          f16, f16, f7, f17   f16=xxxxxxxx f16:429f2ca3  f7:3fa0a167 f17:44931e27
18473580ns          324890 1c00869c 1066f353 fmul.s           f6, f13, f6          f6=xxxxxxxx f13:4108fc3f  f6:40db47d8
18473600ns          324891 1c0086a0 0c852883 lw               x17, 200(x10)       x17=40d79da0 x10:1c01116c  PA:1c011234
18473898ns          324906 1c0086a4 0147a383 lw               x7, 20(x15)          x7=40a15457 x15:1c010b60  PA:1c010b74
18474217ns          324922 1c0086a8 80837343 fmadd.s          f6, f6, f8, f16      f6=xxxxxxxx  f6:426aac77  f8:411beb61 f16:449f9a2f
18474237ns          324923 1c0086ac 1116f8d3 fmul.s           f17, f13, f17       f17=xxxxxxxx f13:4108fc3f f17:40d79da0
18474256ns          324924 1c0086b0 0f052803 lw               x16, 240(x10)       x16=40bfe522 x10:1c01116c  PA:1c01125c
18474555ns          324939 1c0086b4 0187a403 lw               x8, 24(x15)          x8=40f27469 x15:1c010b60  PA:1c010b78
18474853ns          324954 1c0086b6 3078f8c3 fmadd.s          f17, f17, f7, f6    f17=xxxxxxxx f17:4266c062  f7:40a15457  f6:44e71148
18474873ns          324955 1c0086ba 1106f853 fmul.s           f16, f13, f16       f16=xxxxxxxx f13:4108fc3f f16:40bfe522
18474893ns          324956 1c0086be 11852303 lw               x6, 280(x10)         x6=4076ee7d x10:1c01116c  PA:1c011284
18475191ns          324971 1c0086c2 01c7a383 lw               x7, 28(x15)          x7=40c477c3 x15:1c010b60  PA:1c010b7c
18475510ns          324987 1c0086c6 88887843 fmadd.s          f16, f16, f8, f17   f16=xxxxxxxx f16:424d5d9e  f8:40f27469 f17:4505b604
18475530ns          324988 1c0086ca 1066f353 fmul.s           f6, f13, f6          f6=xxxxxxxx f13:4108fc3f  f6:4076ee7d
18475549ns          324989 1c0086ce 14052883 lw               x17, 320(x10)       x17=40849d56 x10:1c01116c  PA:1c0112ac
18475848ns          325004 1c0086d2 0207a403 lw               x8, 32(x15)          x8=41175a38 x15:1c010b60  PA:1c010b80
18476146ns          325019 1c0086d4 80737343 fmadd.s          f6, f6, f7, f16      f6=xxxxxxxx  f6:42042202  f7:40c477c3 f16:451e0600
18476166ns          325020 1c0086d8 1116f8d3 fmul.s           f17, f13, f17       f17=xxxxxxxx f13:4108fc3f f17:40849d56
18476186ns          325021 1c0086dc 16852803 lw               x16, 360(x10)       x16=3e126c48 x10:1c01116c  PA:1c0112d4
18476484ns          325036 1c0086e0 0247a383 lw               x7, 36(x15)          x7=3ff9e780 x15:1c010b60  PA:1c010b84
18476803ns          325052 1c0086e4 3088f8c3 fmadd.s          f17, f17, f8, f6    f17=xxxxxxxx f17:420dec82  f8:41175a38  f6:452ab2fb
18476822ns          325053 1c0086e8 1106f853 fmul.s           f16, f13, f16       f16=xxxxxxxx f13:4108fc3f f16:3e126c48
18476842ns          325054 1c0086ec 000ea303 lw               x6, 0(x29)           x6=4054e3a5 x29:10001ec4  PA:10001ec4
18476862ns          325055 1c0086f0 02878793 addi             x15, x15, 40        x15=1c010b88 x15:1c010b60
18476882ns          325056 1c0086f4 88787843 fmadd.s          f16, f16, f7, f17   f16=xxxxxxxx f16:3f9cb39a  f7:3ff9e780 f17:453fad1c
18476902ns          325057 1c0086f8 80e37843 fmadd.s          f16, f6, f14, f16   f16=xxxxxxxx  f6:4054e3a5 f14:410568ab f16:453fd35a
18476922ns          325058 1c0086fc 030ea42b p.sw             x16, 40(x29!)       x29=10001eec x16:45418f1f x29:10001ec4  PA:10001ec4
18476942ns          325059 1c008658 00052803 lw               x16, 0(x10)         x16=411acdd9 x10:1c01116c  PA:1c01116c
18477240ns          325074 1c00865c 0007a883 lw               x17, 0(x15)         x17=40c4247b x15:1c010b88  PA:1c010b88
18477538ns          325089 1c008660 1106f853 fmul.s           f16, f13, f16       f16=xxxxxxxx f13:4108fc3f f16:411acdd9
18477558ns          325090 1c008664 02852303 lw               x6, 40(x10)          x6=41185967 x10:1c01116c  PA:1c011194
18477857ns          325105 1c008668 0047a383 lw               x7, 4(x15)           x7=40bb9d4f x15:1c010b88  PA:1c010b8c
18478175ns          325121 1c00866c f1187843 fmadd.s          f16, f16, f17, f30  f16=xxxxxxxx f16:42a5abc8 f17:40c4247b f30:00000000
18478195ns          325122 1c008670 1066f353 fmul.s           f6, f13, f6          f6=xxxxxxxx f13:4108fc3f  f6:41185967
18478215ns          325123 1c008674 05052883 lw               x17, 80(x10)        x17=404492de x10:1c01116c  PA:1c0111bc
18478513ns          325138 1c008678 0087a403 lw               x8, 8(x15)           x8=41196e5d x15:1c010b88  PA:1c010b90
18478811ns          325153 1c00867a 80737343 fmadd.s          f6, f6, f7, f16      f6=xxxxxxxx  f6:42a30b38  f7:40bb9d4f f16:43fdde42
18478831ns          325154 1c00867e 1116f8d3 fmul.s           f17, f13, f17       f17=xxxxxxxx f13:4108fc3f f17:404492de
18478851ns          325155 1c008682 07852803 lw               x16, 120(x10)       x16=4114bbcb x10:1c01116c  PA:1c0111e4
18479150ns          325170 1c008686 00c7a383 lw               x7, 12(x15)          x7=40ae3ac2 x15:1c010b88  PA:1c010b94
18479468ns          325186 1c00868a 3088f8c3 fmadd.s          f17, f17, f8, f6    f17=xxxxxxxx f17:41d25f6e  f8:41196e5d  f6:44766c83
18479488ns          325187 1c00868e 1106f853 fmul.s           f16, f13, f16       f16=xxxxxxxx f13:4108fc3f f16:4114bbcb
18479508ns          325188 1c008692 0a052303 lw               x6, 160(x10)         x6=40db47d8 x10:1c01116c  PA:1c01120c
18479806ns          325203 1c008696 0107a403 lw               x8, 16(x15)          x8=40ad1860 x15:1c010b88  PA:1c010b98
18480104ns          325218 1c008698 88787843 fmadd.s          f16, f16, f7, f17   f16=xxxxxxxx f16:429f2ca3  f7:40ae3ac2 f17:449abbb0
18480124ns          325219 1c00869c 1066f353 fmul.s           f6, f13, f6          f6=xxxxxxxx f13:4108fc3f  f6:40db47d8
18480144ns          325220 1c0086a0 0c852883 lw               x17, 200(x10)       x17=40d79da0 x10:1c01116c  PA:1c011234
18480443ns          325235 1c0086a4 0147a383 lw               x7, 20(x15)          x7=4007d079 x15:1c010b88  PA:1c010b9c
18480741ns          325250 1c0086a8 80837343 fmadd.s          f6, f6, f8, f16      f6=xxxxxxxx  f6:426aac77  f8:40ad1860 f16:44d0e620
18480761ns          325251 1c0086ac 1116f8d3 fmul.s           f17, f13, f17       f17=xxxxxxxx f13:4108fc3f f17:40d79da0
18480781ns          325252 1c0086b0 0f052803 lw               x16, 240(x10)       x16=40bfe522 x10:1c01116c  PA:1c01125c
18481079ns          325267 1c0086b4 0187a403 lw               x8, 24(x15)          x8=410d9791 x15:1c010b88  PA:1c010ba0
18481377ns          325282 1c0086b6 3078f8c3 fmadd.s          f17, f17, f7, f6    f17=xxxxxxxx f17:4266c062  f7:4007d079  f6:44f89159
18481397ns          325283 1c0086ba 1106f853 fmul.s           f16, f13, f16       f16=xxxxxxxx f13:4108fc3f f16:40bfe522
18481417ns          325284 1c0086be 11852303 lw               x6, 280(x10)         x6=4076ee7d x10:1c01116c  PA:1c011284
18481716ns          325299 1c0086c2 01c7a383 lw               x7, 28(x15)          x7=40b60664 x15:1c010b88  PA:1c010ba4
18482014ns          325314 1c0086c6 88887843 fmadd.s          f16, f16, f8, f17   f16=xxxxxxxx f16:424d5d9e  f8:410d9791 f17:4503ef62
18482034ns          325315 1c0086ca 1066f353 fmul.s           f6, f13, f6          f6=xxxxxxxx f13:4108fc3f  f6:4076ee7d
18482054ns          325316 1c0086ce 14052883 lw               x17, 320(x10)       x17=40849d56 x10:1c01116c  PA:1c0112ac
18482352ns          325331 1c0086d2 0207a403 lw               x8, 32(x15)          x8=40fff281 x15:1c010b88  PA:1c010ba8
18482650ns          325346 1c0086d4 80737343 fmadd.s          f6, f6, f7, f16      f6=xxxxxxxx  f6:42042202  f7:40b60664 f16:452054ec
18482670ns          325347 1c0086d8 1116f8d3 fmul.s           f17, f13, f17       f17=xxxxxxxx f13:4108fc3f f17:40849d56
18482690ns          325348 1c0086dc 16852803 lw               x16, 360(x10)       x16=3e126c48 x10:1c01116c  PA:1c0112d4
18482989ns          325363 1c0086e0 0247a383 lw               x7, 36(x15)          x7=3deed019 x15:1c010b88  PA:1c010bac
18483287ns          325378 1c0086e4 3088f8c3 fmadd.s          f17, f17, f8, f6    f17=xxxxxxxx f17:420dec82  f8:40fff281  f6:452c135b
18483307ns          325379 1c0086e8 1106f853 fmul.s           f16, f13, f16       f16=xxxxxxxx f13:4108fc3f f16:3e126c48
18483327ns          325380 1c0086ec 000ea303 lw               x6, 0(x29)           x6=40acfeb3 x29:10001eec  PA:10001eec
18483347ns          325381 1c0086f0 02878793 addi             x15, x15, 40        x15=1c010bb0 x15:1c010b88
18483366ns          325382 1c0086f4 88787843 fmadd.s          f16, f16, f7, f17   f16=xxxxxxxx f16:3f9cb39a  f7:3deed019 f17:453dcffc
18483386ns          325383 1c0086f8 80e37843 fmadd.s          f16, f6, f14, f16   f16=xxxxxxxx  f6:40acfeb3 f14:410568ab f16:453dd245
18483406ns          325384 1c0086fc 030ea42b p.sw             x16, 40(x29!)       x29=10001f14 x16:4540a37d x29:10001eec  PA:10001eec
18483426ns          325385 1c008658 00052803 lw               x16, 0(x10)         x16=411acdd9 x10:1c01116c  PA:1c01116c
18483724ns          325400 1c00865c 0007a883 lw               x17, 0(x15)         x17=410671ff x15:1c010bb0  PA:1c010bb0
18484023ns          325415 1c008660 1106f853 fmul.s           f16, f13, f16       f16=xxxxxxxx f13:4108fc3f f16:411acdd9
18484043ns          325416 1c008664 02852303 lw               x6, 40(x10)          x6=41185967 x10:1c01116c  PA:1c011194
18484341ns          325431 1c008668 0047a383 lw               x7, 4(x15)           x7=40b8f6e2 x15:1c010bb0  PA:1c010bb4
18484639ns          325446 1c00866c f1187843 fmadd.s          f16, f16, f17, f30  f16=xxxxxxxx f16:42a5abc8 f17:410671ff f30:00000000
18484659ns          325447 1c008670 1066f353 fmul.s           f6, f13, f6          f6=xxxxxxxx f13:4108fc3f  f6:41185967
18484679ns          325448 1c008674 05052883 lw               x17, 80(x10)        x17=404492de x10:1c01116c  PA:1c0111bc
18484978ns          325463 1c008678 0087a403 lw               x8, 8(x15)           x8=4080fb0c x15:1c010bb0  PA:1c010bb8
18485276ns          325478 1c00867a 80737343 fmadd.s          f6, f6, f7, f16      f6=xxxxxxxx  f6:42a30b38  f7:40b8f6e2 f16:442e0361
18485296ns          325479 1c00867e 1116f8d3 fmul.s           f17, f13, f17       f17=xxxxxxxx f13:4108fc3f f17:404492de
18485316ns          325480 1c008682 07852803 lw               x16, 120(x10)       x16=4114bbcb x10:1c01116c  PA:1c0111e4
18485614ns          325495 1c008686 00c7a383 lw               x7, 12(x15)          x7=40aa66ec x15:1c010bb0  PA:1c010bbc
18485912ns          325510 1c00868a 3088f8c3 fmadd.s          f17, f17, f8, f6    f17=xxxxxxxx f17:41d25f6e  f8:4080fb0c  f6:4491e857
18485932ns          325511 1c00868e 1106f853 fmul.s           f16, f13, f16       f16=xxxxxxxx f13:4108fc3f f16:4114bbcb
18485952ns          325512 1c008692 0a052303 lw               x6, 160(x10)         x6=40db47d8 x10:1c01116c  PA:1c01120c
18486251ns          325527 1c008696 0107a403 lw               x8, 16(x15)          x8=4114eab4 x15:1c010bb0  PA:1c010bc0
18486549ns          325542 1c008698 88787843 fmadd.s          f16, f16, f7, f17   f16=xxxxxxxx f16:429f2ca3  f7:40aa66ec f17:449f2818
18486569ns          325543 1c00869c 1066f353 fmul.s           f6, f13, f6          f6=xxxxxxxx f13:4108fc3f  f6:40db47d8
18486589ns          325544 1c0086a0 0c852883 lw               x17, 200(x10)       x17=40d79da0 x10:1c01116c  PA:1c011234
18486887ns          325559 1c0086a4 0147a383 lw               x7, 20(x15)          x7=406a57db x15:1c010bb0  PA:1c010bc4
18487185ns          325574 1c0086a8 80837343 fmadd.s          f6, f6, f8, f16      f6=xxxxxxxx  f6:426aac77  f8:4114eab4 f16:44d421e9
18487205ns          325575 1c0086ac 1116f8d3 fmul.s           f17, f13, f17       f17=xxxxxxxx f13:4108fc3f f17:40d79da0
18487225ns          325576 1c0086b0 0f052803 lw               x16, 240(x10)       x16=40bfe522 x10:1c01116c  PA:1c01125c
18487544ns          325592 1c0086b4 0187a403 lw               x8, 24(x15)          x8=411a89f7 x15:1c010bb0  PA:1c010bc8
18487842ns          325607 1c0086b6 3078f8c3 fmadd.s          f17, f17, f7, f6    f17=xxxxxxxx f17:4266c062  f7:406a57db  f6:450c31ab
18487862ns          325608 1c0086ba 1106f853 fmul.s           f16, f13, f16       f16=xxxxxxxx f13:4108fc3f f16:40bfe522
18487882ns          325609 1c0086be 11852303 lw               x6, 280(x10)         x6=4076ee7d x10:1c01116c  PA:1c011284
18488180ns          325624 1c0086c2 01c7a383 lw               x7, 28(x15)          x7=410c9a00 x15:1c010bb0  PA:1c010bcc
18488478ns          325639 1c0086c6 88887843 fmadd.s          f16, f16, f8, f17   f16=xxxxxxxx f16:424d5d9e  f8:411a89f7 f17:4519655c
18488498ns          325640 1c0086ca 1066f353 fmul.s           f6, f13, f6          f6=xxxxxxxx f13:4108fc3f  f6:4076ee7d
18488518ns          325641 1c0086ce 14052883 lw               x17, 320(x10)       x17=40849d56 x10:1c01116c  PA:1c0112ac
18488836ns          325657 1c0086d2 0207a403 lw               x8, 32(x15)          x8=406ec75b x15:1c010bb0  PA:1c010bd0
18489135ns          325672 1c0086d4 80737343 fmadd.s          f6, f6, f7, f16      f6=xxxxxxxx  f6:42042202  f7:410c9a00 f16:4538639c
18489155ns          325673 1c0086d8 1116f8d3 fmul.s           f17, f13, f17       f17=xxxxxxxx f13:4108fc3f f17:40849d56
18489175ns          325674 1c0086dc 16852803 lw               x16, 360(x10)       x16=3e126c48 x10:1c01116c  PA:1c0112d4
18489473ns          325689 1c0086e0 0247a383 lw               x7, 36(x15)          x7=3f24dd60 x15:1c010bb0  PA:1c010bd4
18489771ns          325704 1c0086e4 3088f8c3 fmadd.s          f17, f17, f8, f6    f17=xxxxxxxx f17:420dec82  f8:406ec75b  f6:454a8821
18489791ns          325705 1c0086e8 1106f853 fmul.s           f16, f13, f16       f16=xxxxxxxx f13:4108fc3f f16:3e126c48
18489811ns          325706 1c0086ec 000ea303 lw               x6, 0(x29)           x6=40b54d3a x29:10001f14  PA:10001f14
18489831ns          325707 1c0086f0 02878793 addi             x15, x15, 40        x15=1c010bd8 x15:1c010bb0
18489851ns          325708 1c0086f4 88787843 fmadd.s          f16, f16, f7, f17   f16=xxxxxxxx f16:3f9cb39a  f7:3f24dd60 f17:4552ce27
18489871ns          325709 1c0086f8 80e37843 fmadd.s          f16, f6, f14, f16   f16=xxxxxxxx  f6:40b54d3a f14:410568ab f16:4552dac4
18489891ns          325710 1c0086fc 030ea42b p.sw             x16, 40(x29!)       x29=10001f3c x16:4555ce9e x29:10001f14  PA:10001f14
18489911ns          325711 1c008658 00052803 lw               x16, 0(x10)         x16=411acdd9 x10:1c01116c  PA:1c01116c
18490209ns          325726 1c00865c 0007a883 lw               x17, 0(x15)         x17=4084e048 x15:1c010bd8  PA:1c010bd8
18490507ns          325741 1c008660 1106f853 fmul.s           f16, f13, f16       f16=xxxxxxxx f13:4108fc3f f16:411acdd9
18490527ns          325742 1c008664 02852303 lw               x6, 40(x10)          x6=41185967 x10:1c01116c  PA:1c011194
18490825ns          325757 1c008668 0047a383 lw               x7, 4(x15)           x7=3fec26a0 x15:1c010bd8  PA:1c010bdc
18491124ns          325772 1c00866c f1187843 fmadd.s          f16, f16, f17, f30  f16=xxxxxxxx f16:42a5abc8 f17:4084e048 f30:00000000
18491144ns          325773 1c008670 1066f353 fmul.s           f6, f13, f6          f6=xxxxxxxx f13:4108fc3f  f6:41185967
18491164ns          325774 1c008674 05052883 lw               x17, 80(x10)        x17=404492de x10:1c01116c  PA:1c0111bc
18491482ns          325790 1c008678 0087a403 lw               x8, 8(x15)           x8=3ecbcadc x15:1c010bd8  PA:1c010be0
18491780ns          325805 1c00867a 80737343 fmadd.s          f6, f6, f7, f16      f6=xxxxxxxx  f6:42a30b38  f7:3fec26a0 f16:43abfb70
18491800ns          325806 1c00867e 1116f8d3 fmul.s           f17, f13, f17       f17=xxxxxxxx f13:4108fc3f f17:404492de
18491820ns          325807 1c008682 07852803 lw               x16, 120(x10)       x16=4114bbcb x10:1c01116c  PA:1c0111e4
18492118ns          325822 1c008686 00c7a383 lw               x7, 12(x15)          x7=3fd85ef8 x15:1c010bd8  PA:1c010be4
18492417ns          325837 1c00868a 3088f8c3 fmadd.s          f17, f17, f8, f6    f17=xxxxxxxx f17:41d25f6e  f8:3ecbcadc  f6:43f72ee9
18492437ns          325838 1c00868e 1106f853 fmul.s           f16, f13, f16       f16=xxxxxxxx f13:4108fc3f f16:4114bbcb
18492457ns          325839 1c008692 0a052303 lw               x6, 160(x10)         x6=40db47d8 x10:1c01116c  PA:1c01120c
18492775ns          325855 1c008696 0107a403 lw               x8, 16(x15)          x8=40352655 x15:1c010bd8  PA:1c010be8
18493073ns          325870 1c008698 88787843 fmadd.s          f16, f16, f7, f17   f16=xxxxxxxx f16:429f2ca3  f7:3fd85ef8 f17:43fc6aac
18493093ns          325871 1c00869c 1066f353 fmul.s           f6, f13, f6          f6=xxxxxxxx f13:4108fc3f  f6:40db47d8
18493113ns          325872 1c0086a0 0c852883 lw               x17, 200(x10)       x17=40d79da0 x10:1c01116c  PA:1c011234
18493411ns          325887 1c0086a4 0147a383 lw               x7, 20(x15)          x7=410c1943 x15:1c010bd8  PA:1c010bec
18493710ns          325902 1c0086a8 80837343 fmadd.s          f6, f6, f8, f16      f6=xxxxxxxx  f6:426aac77  f8:40352655 f16:441fd784
18493730ns          325903 1c0086ac 1116f8d3 fmul.s           f17, f13, f17       f17=xxxxxxxx f13:4108fc3f f17:40d79da0
18493749ns          325904 1c0086b0 0f052803 lw               x16, 240(x10)       x16=40bfe522 x10:1c01116c  PA:1c01125c
18494048ns          325919 1c0086b4 0187a403 lw               x8, 24(x15)          x8=3f0ca8bf x15:1c010bd8  PA:1c010bf0
18494346ns          325934 1c0086b6 3078f8c3 fmadd.s          f17, f17, f7, f6    f17=xxxxxxxx f17:4266c062  f7:410c1943  f6:44495b49
18494366ns          325935 1c0086ba 1106f853 fmul.s           f16, f13, f16       f16=xxxxxxxx f13:4108fc3f f16:40bfe522
18494386ns          325936 1c0086be 11852303 lw               x6, 280(x10)         x6=4076ee7d x10:1c01116c  PA:1c011284
18494684ns          325951 1c0086c2 01c7a383 lw               x7, 28(x15)          x7=4114ea99 x15:1c010bd8  PA:1c010bf4
18494983ns          325966 1c0086c6 88887843 fmadd.s          f16, f16, f8, f17   f16=xxxxxxxx f16:424d5d9e  f8:3f0ca8bf f17:44a3d1a2
18495003ns          325967 1c0086ca 1066f353 fmul.s           f6, f13, f6          f6=xxxxxxxx f13:4108fc3f  f6:4076ee7d
18495022ns          325968 1c0086ce 14052883 lw               x17, 320(x10)       x17=40849d56 x10:1c01116c  PA:1c0112ac
18495321ns          325983 1c0086d2 0207a403 lw               x8, 32(x15)          x8=3f1f6eca x15:1c010bd8  PA:1c010bf8
18495619ns          325998 1c0086d4 80737343 fmadd.s          f6, f6, f7, f16      f6=xxxxxxxx  f6:42042202  f7:4114ea99 f16:44a75857
18495639ns          325999 1c0086d8 1116f8d3 fmul.s           f17, f13, f17       f17=xxxxxxxx f13:4108fc3f f17:40849d56
18495659ns          326000 1c0086dc 16852803 lw               x16, 360(x10)       x16=3e126c48 x10:1c01116c  PA:1c0112d4
18495957ns          326015 1c0086e0 0247a383 lw               x7, 36(x15)          x7=40aa65bf x15:1c010bd8  PA:1c010bfc
18496256ns          326030 1c0086e4 3088f8c3 fmadd.s          f17, f17, f8, f6    f17=xxxxxxxx f17:420dec82  f8:3f1f6eca  f6:44cdc6b7
18496276ns          326031 1c0086e8 1106f853 fmul.s           f16, f13, f16       f16=xxxxxxxx f13:4108fc3f f16:3e126c48
18496295ns          326032 1c0086ec 000ea303 lw               x6, 0(x29)           x6=40e7676d x29:10001f3c  PA:10001f3c
18496315ns          326033 1c0086f0 02878793 addi             x15, x15, 40        x15=1c010c00 x15:1c010bd8
18496335ns          326034 1c0086f4 88787843 fmadd.s          f16, f16, f7, f17   f16=xxxxxxxx f16:3f9cb39a  f7:40aa65bf f17:44d089d2
18496355ns          326035 1c0086f8 80e37843 fmadd.s          f16, f6, f14, f16   f16=xxxxxxxx  f6:40e7676d f14:410568ab f16:44d15a6d
18496375ns          326036 1c0086fc 030ea42b p.sw             x16, 40(x29!)       x29=10001f64 x16:44d8e3e3 x29:10001f3c  PA:10001f3c
18496395ns          326037 1c008658 00052803 lw               x16, 0(x10)         x16=411acdd9 x10:1c01116c  PA:1c01116c
18496693ns          326052 1c00865c 0007a883 lw               x17, 0(x15)         x17=3fcaa69f x15:1c010c00  PA:1c010c00
18496992ns          326067 1c008660 1106f853 fmul.s           f16, f13, f16       f16=xxxxxxxx f13:4108fc3f f16:411acdd9
18497012ns          326068 1c008664 02852303 lw               x6, 40(x10)          x6=41185967 x10:1c01116c  PA:1c011194
18497310ns          326083 1c008668 0047a383 lw               x7, 4(x15)           x7=406a560e x15:1c010c00  PA:1c010c04
18497608ns          326098 1c00866c f1187843 fmadd.s          f16, f16, f17, f30  f16=xxxxxxxx f16:42a5abc8 f17:3fcaa69f f30:00000000
18497628ns          326099 1c008670 1066f353 fmul.s           f6, f13, f6          f6=xxxxxxxx f13:4108fc3f  f6:41185967
18497648ns          326100 1c008674 05052883 lw               x17, 80(x10)        x17=404492de x10:1c01116c  PA:1c0111bc
18497946ns          326115 1c008678 0087a403 lw               x8, 8(x15)           x8=40655dec x15:1c010c00  PA:1c010c08
18498245ns          326130 1c00867a 80737343 fmadd.s          f6, f6, f7, f16      f6=xxxxxxxx  f6:42a30b38  f7:406a560e f16:43032560
18498265ns          326131 1c00867e 1116f8d3 fmul.s           f17, f13, f17       f17=xxxxxxxx f13:4108fc3f f17:404492de
18498285ns          326132 1c008682 07852803 lw               x16, 120(x10)       x16=4114bbcb x10:1c01116c  PA:1c0111e4
18498583ns          326147 1c008686 00c7a383 lw               x7, 12(x15)          x7=40b6d481 x15:1c010c00  PA:1c010c0c
18498881ns          326162 1c00868a 3088f8c3 fmadd.s          f17, f17, f8, f6    f17=xxxxxxxx f17:41d25f6e  f8:40655dec  f6:43d6d1c0
18498901ns          326163 1c00868e 1106f853 fmul.s           f16, f13, f16       f16=xxxxxxxx f13:4108fc3f f16:4114bbcb
18498921ns          326164 1c008692 0a052303 lw               x6, 160(x10)         x6=40db47d8 x10:1c01116c  PA:1c01120c
18499219ns          326179 1c008696 0107a403 lw               x8, 16(x15)          x8=3ffab76f x15:1c010c00  PA:1c010c10
18499538ns          326195 1c008698 88787843 fmadd.s          f16, f16, f7, f17   f16=xxxxxxxx f16:429f2ca3  f7:40b6d481 f17:4402f872
18499558ns          326196 1c00869c 1066f353 fmul.s           f6, f13, f6          f6=xxxxxxxx f13:4108fc3f  f6:40db47d8
18499577ns          326197 1c0086a0 0c852883 lw               x17, 200(x10)       x17=40d79da0 x10:1c01116c  PA:1c011234
18499876ns          326212 1c0086a4 0147a383 lw               x7, 20(x15)          x7=40abb524 x15:1c010c00  PA:1c010c14
18500174ns          326227 1c0086a8 80837343 fmadd.s          f6, f6, f8, f16      f6=xxxxxxxx  f6:426aac77  f8:3ffab76f f16:4474a64f
18500194ns          326228 1c0086ac 1116f8d3 fmul.s           f17, f13, f17       f17=xxxxxxxx f13:4108fc3f f17:40d79da0
18500214ns          326229 1c0086b0 0f052803 lw               x16, 240(x10)       x16=40bfe522 x10:1c01116c  PA:1c01125c
18500512ns          326244 1c0086b4 0187a403 lw               x8, 24(x15)          x8=4086fe8b x15:1c010c00  PA:1c010c18
18500831ns          326260 1c0086b6 3078f8c3 fmadd.s          f17, f17, f7, f6    f17=xxxxxxxx f17:4266c062  f7:40abb524  f6:4488b071
18500850ns          326261 1c0086ba 1106f853 fmul.s           f16, f13, f16       f16=xxxxxxxx f13:4108fc3f f16:40bfe522
18500870ns          326262 1c0086be 11852303 lw               x6, 280(x10)         x6=4076ee7d x10:1c01116c  PA:1c011284
18501169ns          326277 1c0086c2 01c7a383 lw               x7, 28(x15)          x7=3fb98a38 x15:1c010c00  PA:1c010c1c
18501467ns          326292 1c0086c6 88887843 fmadd.s          f16, f16, f8, f17   f16=xxxxxxxx f16:424d5d9e  f8:4086fe8b f17:44af61e3
18501487ns          326293 1c0086ca 1066f353 fmul.s           f6, f13, f6          f6=xxxxxxxx f13:4108fc3f  f6:4076ee7d
18501507ns          326294 1c0086ce 14052883 lw               x17, 320(x10)       x17=40849d56 x10:1c01116c  PA:1c0112ac
18501805ns          326309 1c0086d2 0207a403 lw               x8, 32(x15)          x8=410c6ca0 x15:1c010c00  PA:1c010c20
18502123ns          326325 1c0086d4 80737343 fmadd.s          f6, f6, f7, f16      f6=xxxxxxxx  f6:42042202  f7:3fb98a38 f16:44ca74b0
18502143ns          326326 1c0086d8 1116f8d3 fmul.s           f17, f13, f17       f17=xxxxxxxx f13:4108fc3f f17:40849d56
18502163ns          326327 1c0086dc 16852803 lw               x16, 360(x10)       x16=3e126c48 x10:1c01116c  PA:1c0112d4
18502462ns          326342 1c0086e0 0247a383 lw               x7, 36(x15)          x7=410e1973 x15:1c010c00  PA:1c010c24
18502780ns          326358 1c0086e4 3088f8c3 fmadd.s          f17, f17, f8, f6    f17=xxxxxxxx f17:420dec82  f8:410c6ca0  f6:44d070ef
18502800ns          326359 1c0086e8 1106f853 fmul.s           f16, f13, f16       f16=xxxxxxxx f13:4108fc3f f16:3e126c48
18502820ns          326360 1c0086ec 000ea303 lw               x6, 0(x29)           x6=40cad920 x29:10001f64  PA:10001f64
18502840ns          326361 1c0086f0 02878793 addi             x15, x15, 40        x15=1c010c28 x15:1c010c00
18502859ns          326362 1c0086f4 88787843 fmadd.s          f16, f16, f7, f17   f16=xxxxxxxx f16:3f9cb39a  f7:410e1973 f17:44f75db7
18502879ns          326363 1c0086f8 80e37843 fmadd.s          f16, f6, f14, f16   f16=xxxxxxxx  f6:40cad920 f14:410568ab f16:44f8b9a4
18502899ns          326364 1c0086fc 030ea42b p.sw             x16, 40(x29!)       x29=10001f8c x16:44ff5500 x29:10001f64  PA:10001f64
18502919ns          326365 1c008658 00052803 lw               x16, 0(x10)         x16=411acdd9 x10:1c01116c  PA:1c01116c
18503217ns          326380 1c00865c 0007a883 lw               x17, 0(x15)         x17=4110e07b x15:1c010c28  PA:1c010c28
18503536ns          326396 1c008660 1106f853 fmul.s           f16, f13, f16       f16=xxxxxxxx f13:4108fc3f f16:411acdd9
18503556ns          326397 1c008664 02852303 lw               x6, 40(x10)          x6=41185967 x10:1c01116c  PA:1c011194
18503854ns          326412 1c008668 0047a383 lw               x7, 4(x15)           x7=406280a9 x15:1c010c28  PA:1c010c2c
18504152ns          326427 1c00866c f1187843 fmadd.s          f16, f16, f17, f30  f16=xxxxxxxx f16:42a5abc8 f17:4110e07b f30:00000000
18504172ns          326428 1c008670 1066f353 fmul.s           f6, f13, f6          f6=xxxxxxxx f13:4108fc3f  f6:41185967
18504192ns          326429 1c008674 05052883 lw               x17, 80(x10)        x17=404492de x10:1c01116c  PA:1c0111bc
18504490ns          326444 1c008678 0087a403 lw               x8, 8(x15)           x8=403e2622 x15:1c010c28  PA:1c010c30
18504809ns          326460 1c00867a 80737343 fmadd.s          f6, f6, f7, f16      f6=xxxxxxxx  f6:42a30b38  f7:406280a9 f16:443b83cd
18504829ns          326461 1c00867e 1116f8d3 fmul.s           f17, f13, f17       f17=xxxxxxxx f13:4108fc3f f17:404492de
18504848ns          326462 1c008682 07852803 lw               x16, 120(x10)       x16=4114bbcb x10:1c01116c  PA:1c0111e4
18505147ns          326477 1c008686 00c7a383 lw               x7, 12(x15)          x7=4110fa8f x15:1c010c28  PA:1c010c34
18505445ns          326492 1c00868a 3088f8c3 fmadd.s          f17, f17, f8, f6    f17=xxxxxxxx f17:41d25f6e  f8:403e2622  f6:4481d25d
18505465ns          326493 1c00868e 1106f853 fmul.s           f16, f13, f16       f16=xxxxxxxx f13:4108fc3f f16:4114bbcb
18505485ns          326494 1c008692 0a052303 lw               x6, 160(x10)         x6=40db47d8 x10:1c01116c  PA:1c01120c
18505783ns          326509 1c008696 0107a403 lw               x8, 16(x15)          x8=3eac8796 x15:1c010c28  PA:1c010c38
18506102ns          326525 1c008698 88787843 fmadd.s          f16, f16, f7, f17   f16=xxxxxxxx f16:429f2ca3  f7:4110fa8f f17:448b9680
18506121ns          326526 1c00869c 1066f353 fmul.s           f6, f13, f6          f6=xxxxxxxx f13:4108fc3f  f6:40db47d8
18506141ns          326527 1c0086a0 0c852883 lw               x17, 200(x10)       x17=40d79da0 x10:1c01116c  PA:1c011234
18506440ns          326542 1c0086a4 0147a383 lw               x7, 20(x15)          x7=4114b55f x15:1c010c28  PA:1c010c3c
18506738ns          326557 1c0086a8 80837343 fmadd.s          f6, f6, f8, f16      f6=xxxxxxxx  f6:426aac77  f8:3eac8796 f16:44e5bb66
18506758ns          326558 1c0086ac 1116f8d3 fmul.s           f17, f13, f17       f17=xxxxxxxx f13:4108fc3f f17:40d79da0
18506778ns          326559 1c0086b0 0f052803 lw               x16, 240(x10)       x16=40bfe522 x10:1c01116c  PA:1c01125c
18507076ns          326574 1c0086b4 0187a403 lw               x8, 24(x15)          x8=40ef09d6 x15:1c010c28  PA:1c010c40
18507394ns          326590 1c0086b6 3078f8c3 fmadd.s          f17, f17, f7, f6    f17=xxxxxxxx f17:4266c062  f7:4114b55f  f6:44e83407
18507414ns          326591 1c0086ba 1106f853 fmul.s           f16, f13, f16       f16=xxxxxxxx f13:4108fc3f f16:40bfe522
18507434ns          326592 1c0086be 11852303 lw               x6, 280(x10)         x6=4076ee7d x10:1c01116c  PA:1c011284
18507733ns          326607 1c0086c2 01c7a383 lw               x7, 28(x15)          x7=3fe0dd39 x15:1c010c28  PA:1c010c44
18508031ns          326622 1c0086c6 88887843 fmadd.s          f16, f16, f8, f17   f16=xxxxxxxx f16:424d5d9e  f8:40ef09d6 f17:45159cb1
18508051ns          326623 1c0086ca 1066f353 fmul.s           f6, f13, f6          f6=xxxxxxxx f13:4108fc3f  f6:4076ee7d
18508071ns          326624 1c0086ce 14052883 lw               x17, 320(x10)       x17=40849d56 x10:1c01116c  PA:1c0112ac
18508369ns          326639 1c0086d2 0207a403 lw               x8, 32(x15)          x8=40e88272 x15:1c010c28  PA:1c010c48
18508667ns          326654 1c0086d4 80737343 fmadd.s          f6, f6, f7, f16      f6=xxxxxxxx  f6:42042202  f7:3fe0dd39 f16:452d94fa
18508687ns          326655 1c0086d8 1116f8d3 fmul.s           f17, f13, f17       f17=xxxxxxxx f13:4108fc3f f17:40849d56
18508707ns          326656 1c0086dc 16852803 lw               x16, 360(x10)       x16=3e126c48 x10:1c01116c  PA:1c0112d4
18509006ns          326671 1c0086e0 0247a383 lw               x7, 36(x15)          x7=40bb64c4 x15:1c010c28  PA:1c010c4c
18509304ns          326686 1c0086e4 3088f8c3 fmadd.s          f17, f17, f8, f6    f17=xxxxxxxx f17:420dec82  f8:40e88272  f6:4531357a
18509324ns          326687 1c0086e8 1106f853 fmul.s           f16, f13, f16       f16=xxxxxxxx f13:4108fc3f f16:3e126c48
18509344ns          326688 1c0086ec 000ea303 lw               x6, 0(x29)           x6=409d6697 x29:10001f8c  PA:10001f8c
18509364ns          326689 1c0086f0 02878793 addi             x15, x15, 40        x15=1c010c50 x15:1c010c28
18509384ns          326690 1c0086f4 88787843 fmadd.s          f16, f16, f7, f17   f16=xxxxxxxx f16:3f9cb39a  f7:40bb64c4 f17:4541524f
18509403ns          326691 1c0086f8 80e37843 fmadd.s          f16, f6, f14, f16   f16=xxxxxxxx  f6:409d6697 f14:410568ab f16:4541c504
18509423ns          326692 1c0086fc 030ea42b p.sw             x16, 40(x29!)       x29=10001fb4 x16:45445539 x29:10001f8c  PA:10001f8c
18509443ns          326693 1c008658 00052803 lw               x16, 0(x10)         x16=411acdd9 x10:1c01116c  PA:1c01116c
18509742ns          326708 1c00865c 0007a883 lw               x17, 0(x15)         x17=3fa36583 x15:1c010c50  PA:1c010c50
18510060ns          326724 1c008660 1106f853 fmul.s           f16, f13, f16       f16=xxxxxxxx f13:4108fc3f f16:411acdd9
18510080ns          326725 1c008664 02852303 lw               x6, 40(x10)          x6=41185967 x10:1c01116c  PA:1c011194
18510378ns          326740 1c008668 0047a383 lw               x7, 4(x15)           x7=4043d5a4 x15:1c010c50  PA:1c010c54
18510676ns          326755 1c00866c f1187843 fmadd.s          f16, f16, f17, f30  f16=xxxxxxxx f16:42a5abc8 f17:3fa36583 f30:00000000
18510696ns          326756 1c008670 1066f353 fmul.s           f6, f13, f6          f6=xxxxxxxx f13:4108fc3f  f6:41185967
18510716ns          326757 1c008674 05052883 lw               x17, 80(x10)        x17=404492de x10:1c01116c  PA:1c0111bc
18511015ns          326772 1c008678 0087a403 lw               x8, 8(x15)           x8=408dd736 x15:1c010c50  PA:1c010c58
18511313ns          326787 1c00867a 80737343 fmadd.s          f6, f6, f7, f16      f6=xxxxxxxx  f6:42a30b38  f7:4043d5a4 f16:42d37c24
18511333ns          326788 1c00867e 1116f8d3 fmul.s           f17, f13, f17       f17=xxxxxxxx f13:4108fc3f f17:404492de
18511353ns          326789 1c008682 07852803 lw               x16, 120(x10)       x16=4114bbcb x10:1c01116c  PA:1c0111e4
18511651ns          326804 1c008686 00c7a383 lw               x7, 12(x15)          x7=40e32930 x15:1c010c50  PA:1c010c5c
18511949ns          326819 1c00868a 3088f8c3 fmadd.s          f17, f17, f8, f6    f17=xxxxxxxx f17:41d25f6e  f8:408dd736  f6:43b198a5
18511969ns          326820 1c00868e 1106f853 fmul.s           f16, f13, f16       f16=xxxxxxxx f13:4108fc3f f16:4114bbcb
18511989ns          326821 1c008692 0a052303 lw               x6, 160(x10)         x6=40db47d8 x10:1c01116c  PA:1c01120c
18512288ns          326836 1c008696 0107a403 lw               x8, 16(x15)          x8=4111c963 x15:1c010c50  PA:1c010c60
18512586ns          326851 1c008698 88787843 fmadd.s          f16, f16, f7, f17   f16=xxxxxxxx f16:429f2ca3  f7:40e32930 f17:43ebe05a
18512606ns          326852 1c00869c 1066f353 fmul.s           f6, f13, f6          f6=xxxxxxxx f13:4108fc3f  f6:40db47d8
18512626ns          326853 1c0086a0 0c852883 lw               x17, 200(x10)       x17=40d79da0 x10:1c01116c  PA:1c011234
18512924ns          326868 1c0086a4 0147a383 lw               x7, 20(x15)          x7=411047ed x15:1c010c50  PA:1c010c64
18513222ns          326883 1c0086a8 80837343 fmadd.s          f6, f6, f8, f16      f6=xxxxxxxx  f6:426aac77  f8:4111c963 f16:4481972f
18513242ns          326884 1c0086ac 1116f8d3 fmul.s           f17, f13, f17       f17=xxxxxxxx f13:4108fc3f f17:40d79da0
18513262ns          326885 1c0086b0 0f052803 lw               x16, 240(x10)       x16=40bfe522 x10:1c01116c  PA:1c01125c
18513561ns          326900 1c0086b4 0187a403 lw               x8, 24(x15)          x8=411406fb x15:1c010c50  PA:1c010c68
18513859ns          326915 1c0086b6 3078f8c3 fmadd.s          f17, f17, f7, f6    f17=xxxxxxxx f17:4266c062  f7:411047ed  f6:44c46955
18513879ns          326916 1c0086ba 1106f853 fmul.s           f16, f13, f16       f16=xxxxxxxx f13:4108fc3f f16:40bfe522
18513899ns          326917 1c0086be 11852303 lw               x6, 280(x10)         x6=4076ee7d x10:1c01116c  PA:1c011284
18514197ns          326932 1c0086c2 01c7a383 lw               x7, 28(x15)          x7=40b8491a x15:1c010c50  PA:1c010c6c
18514495ns          326947 1c0086c6 88887843 fmadd.s          f16, f16, f8, f17   f16=xxxxxxxx f16:424d5d9e  f8:411406fb f17:4502b7ee
18514515ns          326948 1c0086ca 1066f353 fmul.s           f6, f13, f6          f6=xxxxxxxx f13:4108fc3f  f6:4076ee7d
18514535ns          326949 1c0086ce 14052883 lw               x17, 320(x10)       x17=40849d56 x10:1c01116c  PA:1c0112ac
18514834ns          326964 1c0086d2 0207a403 lw               x8, 32(x15)          x8=40bdac24 x15:1c010c50  PA:1c010c70
18515132ns          326979 1c0086d4 80737343 fmadd.s          f6, f6, f7, f16      f6=xxxxxxxx  f6:42042202  f7:40b8491a f16:452067dc
18515152ns          326980 1c0086d8 1116f8d3 fmul.s           f17, f13, f17       f17=xxxxxxxx f13:4108fc3f f17:40849d56
18515172ns          326981 1c0086dc 16852803 lw               x16, 360(x10)       x16=3e126c48 x10:1c01116c  PA:1c0112d4
18515490ns          326997 1c0086e0 0247a383 lw               x7, 36(x15)          x7=410d85bd x15:1c010c50  PA:1c010c74
18515788ns          327012 1c0086e4 3088f8c3 fmadd.s          f17, f17, f8, f6    f17=xxxxxxxx f17:420dec82  f8:40bdac24  f6:452c4ba2
18515808ns          327013 1c0086e8 1106f853 fmul.s           f16, f13, f16       f16=xxxxxxxx f13:4108fc3f f16:3e126c48
18515828ns          327014 1c0086ec 000ea303 lw               x6, 0(x29)           x6=4103ca5c x29:10001fb4  PA:10001fb4
18515848ns          327015 1c0086f0 02878793 addi             x15, x15, 40        x15=1c010c78 x15:1c010c50
18515868ns          327016 1c0086f4 88787843 fmadd.s          f16, f16, f7, f17   f16=xxxxxxxx f16:3f9cb39a  f7:410d85bd f17:45397083
18515888ns          327017 1c0086f8 80e37843 fmadd.s          f16, f6, f14, f16   f16=xxxxxxxx  f6:4103ca5c f14:410568ab f16:453a1dc5
18515908ns          327018 1c0086fc 030ea42b p.sw             x16, 40(x29!)       x29=10001fdc x16:453e68a5 x29:10001fb4  PA:10001fb4
18515928ns          327019 1c008658 00052803 lw               x16, 0(x10)         x16=411acdd9 x10:1c01116c  PA:1c01116c
18516226ns          327034 1c00865c 0007a883 lw               x17, 0(x15)         x17=40cc4569 x15:1c010c78  PA:1c010c78
18516524ns          327049 1c008660 1106f853 fmul.s           f16, f13, f16       f16=xxxxxxxx f13:4108fc3f f16:411acdd9
18516544ns          327050 1c008664 02852303 lw               x6, 40(x10)          x6=41185967 x10:1c01116c  PA:1c011194
18516843ns          327065 1c008668 0047a383 lw               x7, 4(x15)           x7=3fccf10a x15:1c010c78  PA:1c010c7c
18517141ns          327080 1c00866c f1187843 fmadd.s          f16, f16, f17, f30  f16=xxxxxxxx f16:42a5abc8 f17:40cc4569 f30:00000000
18517161ns          327081 1c008670 1066f353 fmul.s           f6, f13, f6          f6=xxxxxxxx f13:4108fc3f  f6:41185967
18517181ns          327082 1c008674 05052883 lw               x17, 80(x10)        x17=404492de x10:1c01116c  PA:1c0111bc
18517479ns          327097 1c008678 0087a403 lw               x8, 8(x15)           x8=41002690 x15:1c010c78  PA:1c010c80
18517777ns          327112 1c00867a 80737343 fmadd.s          f6, f6, f7, f16      f6=xxxxxxxx  f6:42a30b38  f7:3fccf10a f16:440431cf
18517797ns          327113 1c00867e 1116f8d3 fmul.s           f17, f13, f17       f17=xxxxxxxx f13:4108fc3f f17:404492de
18517817ns          327114 1c008682 07852803 lw               x16, 120(x10)       x16=4114bbcb x10:1c01116c  PA:1c0111e4
18518135ns          327130 1c008686 00c7a383 lw               x7, 12(x15)          x7=4031a08a x15:1c010c78  PA:1c010c84
18518434ns          327145 1c00868a 3088f8c3 fmadd.s          f17, f17, f8, f6    f17=xxxxxxxx f17:41d25f6e  f8:41002690  f6:4424d36c
18518454ns          327146 1c00868e 1106f853 fmul.s           f16, f13, f16       f16=xxxxxxxx f13:4108fc3f f16:4114bbcb
18518474ns          327147 1c008692 0a052303 lw               x6, 160(x10)         x6=40db47d8 x10:1c01116c  PA:1c01120c
18518772ns          327162 1c008696 0107a403 lw               x8, 16(x15)          x8=408d5838 x15:1c010c78  PA:1c010c88
18519070ns          327177 1c008698 88787843 fmadd.s          f16, f16, f7, f17   f16=xxxxxxxx f16:429f2ca3  f7:4031a08a f17:44597b20
18519090ns          327178 1c00869c 1066f353 fmul.s           f6, f13, f6          f6=xxxxxxxx f13:4108fc3f  f6:40db47d8
18519110ns          327179 1c0086a0 0c852883 lw               x17, 200(x10)       x17=40d79da0 x10:1c01116c  PA:1c011234
18519428ns          327195 1c0086a4 0147a383 lw               x7, 20(x15)          x7=40866b6c x15:1c010c78  PA:1c010c8c
18519727ns          327210 1c0086a8 80837343 fmadd.s          f6, f6, f8, f16      f6=xxxxxxxx  f6:426aac77  f8:408d5838 f16:448859fc
18519747ns          327211 1c0086ac 1116f8d3 fmul.s           f17, f13, f17       f17=xxxxxxxx f13:4108fc3f f17:40d79da0
18519767ns          327212 1c0086b0 0f052803 lw               x16, 240(x10)       x16=40bfe522 x10:1c01116c  PA:1c01125c
18520065ns          327227 1c0086b4 0187a403 lw               x8, 24(x15)          x8=400fb53c x15:1c010c78  PA:1c010c90
18520363ns          327242 1c0086b6 3078f8c3 fmadd.s          f17, f17, f7, f6    f17=xxxxxxxx f17:4266c062  f7:40866b6c  f6:44a8be73
18520383ns          327243 1c0086ba 1106f853 fmul.s           f16, f13, f16       f16=xxxxxxxx f13:4108fc3f f16:40bfe522
18520403ns          327244 1c0086be 11852303 lw               x6, 280(x10)         x6=4076ee7d x10:1c01116c  PA:1c011284
18520721ns          327260 1c0086c2 01c7a383 lw               x7, 28(x15)          x7=40b49c8e x15:1c010c78  PA:1c010c94
18521020ns          327275 1c0086c6 88887843 fmadd.s          f16, f16, f8, f17   f16=xxxxxxxx f16:424d5d9e  f8:400fb53c f17:44c708d5
18521040ns          327276 1c0086ca 1066f353 fmul.s           f6, f13, f6          f6=xxxxxxxx f13:4108fc3f  f6:4076ee7d
18521059ns          327277 1c0086ce 14052883 lw               x17, 320(x10)       x17=40849d56 x10:1c01116c  PA:1c0112ac
18521358ns          327292 1c0086d2 0207a403 lw               x8, 32(x15)          x8=40920122 x15:1c010c78  PA:1c010c98
18521656ns          327307 1c0086d4 80737343 fmadd.s          f6, f6, f7, f16      f6=xxxxxxxx  f6:42042202  f7:40b49c8e f16:44d571eb
18521676ns          327308 1c0086d8 1116f8d3 fmul.s           f17, f13, f17       f17=xxxxxxxx f13:4108fc3f f17:40849d56
18521696ns          327309 1c0086dc 16852803 lw               x16, 360(x10)       x16=3e126c48 x10:1c01116c  PA:1c0112d4
18521994ns          327324 1c0086e0 0247a383 lw               x7, 36(x15)          x7=3f91cf6a x15:1c010c78  PA:1c010c9c
18522293ns          327339 1c0086e4 3088f8c3 fmadd.s          f17, f17, f8, f6    f17=xxxxxxxx f17:420dec82  f8:40920122  f6:44ecc019
18522313ns          327340 1c0086e8 1106f853 fmul.s           f16, f13, f16       f16=xxxxxxxx f13:4108fc3f f16:3e126c48
18522332ns          327341 1c0086ec 000ea303 lw               x6, 0(x29)           x6=41110564 x29:10001fdc  PA:10001fdc
18522352ns          327342 1c0086f0 02878793 addi             x15, x15, 40        x15=1c010ca0 x15:1c010c78
18522372ns          327343 1c0086f4 88787843 fmadd.s          f16, f16, f7, f17   f16=xxxxxxxx f16:3f9cb39a  f7:3f91cf6a f17:45007e3d
18522392ns          327344 1c0086f8 80e37843 fmadd.s          f16, f6, f14, f16   f16=xxxxxxxx  f6:41110564 f14:410568ab f16:4500948d
18522412ns          327345 1c0086fc 030ea42b p.sw             x16, 40(x29!)       x29=10002004 x16:45054dbf x29:10001fdc  PA:10001fdc
18522432ns          327346 1c008700 00460613 addi             x12, x12, 4         x12=10001e78 x12:10001e74
18522452ns          327347 1c008702 00450513 addi             x10, x10, 4         x10=1c011170 x10:1c01116c
18522492ns          327349 1c008632 40b28e33 sub              x28, x5, x11        x28=00000190  x5:1c010ca0 x11:1c010b10
18522511ns          327350 1c008636 fd8e0e13 addi             x28, x28, -40       x28=00000168 x28:00000190
18522531ns          327351 1c00863a 0cccd7b7 lui              x15, 0xcccd000      x15=0cccd000
18522551ns          327352 1c00863e ccd78793 addi             x15, x15, -819      x15=0ccccccd x15:0cccd000
18522571ns          327353 1c008642 003e5e13 srli             x28, x28, 0x3       x28=0000002d x28:00000168
18522591ns          327354 1c008646 02fe0e33 mul              x28, x28, x15       x28=40000009 x28:0000002d x15:0ccccccd
18522611ns          327355 1c00864a c5de3e33 p.bclr           x28, x28, 2, 29     x28=00000009 x28:40000009
18522631ns          327356 1c00864e 00b007b3 add              x15, x0, x11        x15=1c010b10 x11:1c010b10
18522651ns          327357 1c008650 00c00eb3 add              x29, x0, x12        x29=10001e78 x12:10001e78
18522671ns          327358 1c008652 001e0e13 addi             x28, x28, 1         x28=0000000a x28:00000009
18522690ns          327359 1c008654 054e40fb lp.setup         0x1, x28, 0x54      x28:0000000a
18522710ns          327360 1c008658 00052803 lw               x16, 0(x10)         x16=40fca194 x10:1c011170  PA:1c011170
18523009ns          327375 1c00865c 0007a883 lw               x17, 0(x15)         x17=40cda545 x15:1c010b10  PA:1c010b10
18523307ns          327390 1c008660 1106f853 fmul.s           f16, f13, f16       f16=xxxxxxxx f13:4108fc3f f16:40fca194
18523327ns          327391 1c008664 02852303 lw               x6, 40(x10)          x6=3fa76cab x10:1c011170  PA:1c011198
18523625ns          327406 1c008668 0047a383 lw               x7, 4(x15)           x7=40f08a50 x15:1c010b10  PA:1c010b14
18523924ns          327421 1c00866c f1187843 fmadd.s          f16, f16, f17, f30  f16=xxxxxxxx f16:42872ec4 f17:40cda545 f30:00000000
18523944ns          327422 1c008670 1066f353 fmul.s           f6, f13, f6          f6=xxxxxxxx f13:4108fc3f  f6:3fa76cab
18523963ns          327423 1c008674 05052883 lw               x17, 80(x10)        x17=40910358 x10:1c011170  PA:1c0111c0
18524262ns          327438 1c008678 0087a403 lw               x8, 8(x15)           x8=41134027 x15:1c010b10  PA:1c010b18
18524560ns          327453 1c00867a 80737343 fmadd.s          f6, f6, f7, f16      f6=xxxxxxxx  f6:41332d66  f7:40f08a50 f16:43d92f71
18524580ns          327454 1c00867e 1116f8d3 fmul.s           f17, f13, f17       f17=xxxxxxxx f13:4108fc3f f17:40910358
18524600ns          327455 1c008682 07852803 lw               x16, 120(x10)       x16=3fcac5fa x10:1c011170  PA:1c0111e8
18524898ns          327470 1c008686 00c7a383 lw               x7, 12(x15)          x7=3fc00009 x15:1c010b10  PA:1c010b1c
18525197ns          327485 1c00868a 3088f8c3 fmadd.s          f17, f17, f8, f6    f17=xxxxxxxx f17:421b3153  f8:41134027  f6:4401a324
18525217ns          327486 1c00868e 1106f853 fmul.s           f16, f13, f16       f16=xxxxxxxx f13:4108fc3f f16:3fcac5fa
18525236ns          327487 1c008692 0a052303 lw               x6, 160(x10)         x6=40988085 x10:1c011170  PA:1c011210
18525535ns          327502 1c008696 0107a403 lw               x8, 16(x15)          x8=41028837 x15:1c010b10  PA:1c010b20
18525833ns          327517 1c008698 88787843 fmadd.s          f16, f16, f7, f17   f16=xxxxxxxx f16:415901f3  f7:3fc00009 f17:445ae75b
18525853ns          327518 1c00869c 1066f353 fmul.s           f6, f13, f6          f6=xxxxxxxx f13:4108fc3f  f6:40988085
18525873ns          327519 1c0086a0 0c852883 lw               x17, 200(x10)       x17=3fca40f2 x10:1c011170  PA:1c011238
18526171ns          327534 1c0086a4 0147a383 lw               x7, 20(x15)          x7=40be76b1 x15:1c010b10  PA:1c010b24
18526470ns          327549 1c0086a8 80837343 fmadd.s          f6, f6, f8, f16      f6=xxxxxxxx  f6:42233515  f8:41028837 f16:445ffd67
18526490ns          327550 1c0086ac 1116f8d3 fmul.s           f17, f13, f17       f17=xxxxxxxx f13:4108fc3f f17:3fca40f2
18526509ns          327551 1c0086b0 0f052803 lw               x16, 240(x10)       x16=40004b15 x10:1c011170  PA:1c011260
18526808ns          327566 1c0086b4 0187a403 lw               x8, 24(x15)          x8=410dec9e x15:1c010b10  PA:1c010b28
18527106ns          327581 1c0086b6 3078f8c3 fmadd.s          f17, f17, f7, f6    f17=xxxxxxxx f17:41587395  f7:40be76b1  f6:44999a99
18527126ns          327582 1c0086ba 1106f853 fmul.s           f16, f13, f16       f16=xxxxxxxx f13:4108fc3f f16:40004b15
18527146ns          327583 1c0086be 11852303 lw               x6, 280(x10)         x6=3f8097ca x10:1c011170  PA:1c011288
18527464ns          327599 1c0086c2 01c7a383 lw               x7, 28(x15)          x7=407ef751 x15:1c010b10  PA:1c010b2c
18527763ns          327614 1c0086c6 88887843 fmadd.s          f16, f16, f8, f17   f16=xxxxxxxx f16:41894c99  f8:410dec9e f17:44a3ab3b
18527783ns          327615 1c0086ca 1066f353 fmul.s           f6, f13, f6          f6=xxxxxxxx f13:4108fc3f  f6:3f8097ca
18527802ns          327616 1c0086ce 14052883 lw               x17, 320(x10)       x17=40842637 x10:1c011170  PA:1c0112b0
18528101ns          327631 1c0086d2 0207a403 lw               x8, 32(x15)          x8=40b312ba x15:1c010b10  PA:1c010b30
18528399ns          327646 1c0086d4 80737343 fmadd.s          f6, f6, f7, f16      f6=xxxxxxxx  f6:41099eb1  f7:407ef751 f16:44b6b2c1
18528419ns          327647 1c0086d8 1116f8d3 fmul.s           f17, f13, f17       f17=xxxxxxxx f13:4108fc3f f17:40842637
18528439ns          327648 1c0086dc 16852803 lw               x16, 360(x10)       x16=40e72640 x10:1c011170  PA:1c0112d8
18528757ns          327664 1c0086e0 0247a383 lw               x7, 36(x15)          x7=4087f7f0 x15:1c010b10  PA:1c010b34
18529056ns          327679 1c0086e4 3088f8c3 fmadd.s          f17, f17, f8, f6    f17=xxxxxxxx f17:420d6d07  f8:40b312ba  f6:44bafb44
18529075ns          327680 1c0086e8 1106f853 fmul.s           f16, f13, f16       f16=xxxxxxxx f13:4108fc3f f16:40e72640
18529095ns          327681 1c0086ec 000ea303 lw               x6, 0(x29)           x6=403ad93c x29:10001e78  PA:10001e78
18529115ns          327682 1c0086f0 02878793 addi             x15, x15, 40        x15=1c010b38 x15:1c010b10
18529135ns          327683 1c0086f4 88787843 fmadd.s          f16, f16, f7, f17   f16=xxxxxxxx f16:42776029  f7:4087f7f0 f17:44d3b6a9
18529155ns          327684 1c0086f8 80e37843 fmadd.s          f16, f6, f14, f16   f16=xxxxxxxx  f6:403ad93c f14:410568ab f16:44f48f7c
18529175ns          327685 1c0086fc 030ea42b p.sw             x16, 40(x29!)       x29=10001ea0 x16:44f79a76 x29:10001e78  PA:10001e78
18529195ns          327686 1c008658 00052803 lw               x16, 0(x10)         x16=40fca194 x10:1c011170  PA:1c011170
18529493ns          327701 1c00865c 0007a883 lw               x17, 0(x15)         x17=40e744fc x15:1c010b38  PA:1c010b38
18529791ns          327716 1c008660 1106f853 fmul.s           f16, f13, f16       f16=xxxxxxxx f13:4108fc3f f16:40fca194
18529811ns          327717 1c008664 02852303 lw               x6, 40(x10)          x6=3fa76cab x10:1c011170  PA:1c011198
18530130ns          327733 1c008668 0047a383 lw               x7, 4(x15)           x7=4119cb83 x15:1c010b38  PA:1c010b3c
18530428ns          327748 1c00866c f1187843 fmadd.s          f16, f16, f17, f30  f16=xxxxxxxx f16:42872ec4 f17:40e744fc f30:00000000
18530448ns          327749 1c008670 1066f353 fmul.s           f6, f13, f6          f6=xxxxxxxx f13:4108fc3f  f6:3fa76cab
18530468ns          327750 1c008674 05052883 lw               x17, 80(x10)        x17=40910358 x10:1c011170  PA:1c0111c0
18530766ns          327765 1c008678 0087a403 lw               x8, 8(x15)           x8=3fedbab9 x15:1c010b38  PA:1c010b40
18531064ns          327780 1c00867a 80737343 fmadd.s          f6, f6, f7, f16      f6=xxxxxxxx  f6:41332d66  f7:4119cb83 f16:43f43f41
18531084ns          327781 1c00867e 1116f8d3 fmul.s           f17, f13, f17       f17=xxxxxxxx f13:4108fc3f f17:40910358
18531104ns          327782 1c008682 07852803 lw               x16, 120(x10)       x16=3fcac5fa x10:1c011170  PA:1c0111e8
18531423ns          327798 1c008686 00c7a383 lw               x7, 12(x15)          x7=3eef5305 x15:1c010b38  PA:1c010b44
18531721ns          327813 1c00868a 3088f8c3 fmadd.s          f17, f17, f8, f6    f17=xxxxxxxx f17:421b3153  f8:3fedbab9  f6:441508c5
18531741ns          327814 1c00868e 1106f853 fmul.s           f16, f13, f16       f16=xxxxxxxx f13:4108fc3f f16:3fcac5fa
18531761ns          327815 1c008692 0a052303 lw               x6, 160(x10)         x6=40988085 x10:1c011170  PA:1c011210
18532059ns          327830 1c008696 0107a403 lw               x8, 16(x15)          x8=40ad0325 x15:1c010b38  PA:1c010b48
18532357ns          327845 1c008698 88787843 fmadd.s          f16, f16, f7, f17   f16=xxxxxxxx f16:415901f3  f7:3eef5305 f17:44270c80
18532377ns          327846 1c00869c 1066f353 fmul.s           f6, f13, f6          f6=xxxxxxxx f13:4108fc3f  f6:40988085
18532397ns          327847 1c0086a0 0c852883 lw               x17, 200(x10)       x17=3fca40f2 x10:1c011170  PA:1c011238
18532715ns          327863 1c0086a4 0147a383 lw               x7, 20(x15)          x7=3f56fa5e x15:1c010b38  PA:1c010b4c
18533014ns          327878 1c0086a8 80837343 fmadd.s          f6, f6, f8, f16      f6=xxxxxxxx  f6:42233515  f8:40ad0325 f16:4428a23e
18533034ns          327879 1c0086ac 1116f8d3 fmul.s           f17, f13, f17       f17=xxxxxxxx f13:4108fc3f f17:3fca40f2
18533054ns          327880 1c0086b0 0f052803 lw               x16, 240(x10)       x16=40004b15 x10:1c011170  PA:1c011260
18533352ns          327895 1c0086b4 0187a403 lw               x8, 24(x15)          x8=407c65f3 x15:1c010b38  PA:1c010b50
18533650ns          327910 1c0086b6 3078f8c3 fmadd.s          f17, f17, f7, f6    f17=xxxxxxxx f17:41587395  f7:3f56fa5e  f6:445fc8ae
18533670ns          327911 1c0086ba 1106f853 fmul.s           f16, f13, f16       f16=xxxxxxxx f13:4108fc3f f16:40004b15
18533690ns          327912 1c0086be 11852303 lw               x6, 280(x10)         x6=3f8097ca x10:1c011170  PA:1c011288
18533988ns          327927 1c0086c2 01c7a383 lw               x7, 28(x15)          x7=410d50e8 x15:1c010b38  PA:1c010b54
18534287ns          327942 1c0086c6 88887843 fmadd.s          f16, f16, f8, f17   f16=xxxxxxxx f16:41894c99  f8:407c65f3 f17:44629fbf
18534307ns          327943 1c0086ca 1066f353 fmul.s           f6, f13, f6          f6=xxxxxxxx f13:4108fc3f  f6:3f8097ca
18534327ns          327944 1c0086ce 14052883 lw               x17, 320(x10)       x17=40842637 x10:1c011170  PA:1c0112b0
18534625ns          327959 1c0086d2 0207a403 lw               x8, 32(x15)          x8=410b2aa7 x15:1c010b38  PA:1c010b58
18534923ns          327974 1c0086d4 80737343 fmadd.s          f6, f6, f7, f16      f6=xxxxxxxx  f6:41099eb1  f7:410d50e8 f16:44738b82
18534943ns          327975 1c0086d8 1116f8d3 fmul.s           f17, f13, f17       f17=xxxxxxxx f13:4108fc3f f17:40842637
18534963ns          327976 1c0086dc 16852803 lw               x16, 360(x10)       x16=40e72640 x10:1c011170  PA:1c0112d8
18535261ns          327991 1c0086e0 0247a383 lw               x7, 36(x15)          x7=40f5b887 x15:1c010b38  PA:1c010b5c
18535560ns          328006 1c0086e4 3088f8c3 fmadd.s          f17, f17, f8, f6    f17=xxxxxxxx f17:420d6d07  f8:410b2aa7  f6:448344be
18535580ns          328007 1c0086e8 1106f853 fmul.s           f16, f13, f16       f16=xxxxxxxx f13:4108fc3f f16:40e72640
18535600ns          328008 1c0086ec 000ea303 lw               x6, 0(x29)           x6=4113a2dc x29:10001ea0  PA:10001ea0
18535619ns          328009 1c0086f0 02878793 addi             x15, x15, 40        x15=1c010b60 x15:1c010b38
18535639ns          328010 1c0086f4 88787843 fmadd.s          f16, f16, f7, f17   f16=xxxxxxxx f16:42776029  f7:40f5b887 f17:44a9b59f
18535659ns          328011 1c0086f8 80e37843 fmadd.s          f16, f6, f14, f16   f16=xxxxxxxx  f6:4113a2dc f14:410568ab f16:44e511f5
18535679ns          328012 1c0086fc 030ea42b p.sw             x16, 40(x29!)       x29=10001ec8 x16:44eeaff4 x29:10001ea0  PA:10001ea0
18535699ns          328013 1c008658 00052803 lw               x16, 0(x10)         x16=40fca194 x10:1c011170  PA:1c011170
18535997ns          328028 1c00865c 0007a883 lw               x17, 0(x15)         x17=408437c5 x15:1c010b60  PA:1c010b60
18536296ns          328043 1c008660 1106f853 fmul.s           f16, f13, f16       f16=xxxxxxxx f13:4108fc3f f16:40fca194
18536316ns          328044 1c008664 02852303 lw               x6, 40(x10)          x6=3fa76cab x10:1c011170  PA:1c011198
18536614ns          328059 1c008668 0047a383 lw               x7, 4(x15)           x7=40ed961d x15:1c010b60  PA:1c010b64
18536912ns          328074 1c00866c f1187843 fmadd.s          f16, f16, f17, f30  f16=xxxxxxxx f16:42872ec4 f17:408437c5 f30:00000000
18536932ns          328075 1c008670 1066f353 fmul.s           f6, f13, f6          f6=xxxxxxxx f13:4108fc3f  f6:3fa76cab
18536952ns          328076 1c008674 05052883 lw               x17, 80(x10)        x17=40910358 x10:1c011170  PA:1c0111c0
18537251ns          328091 1c008678 0087a403 lw               x8, 8(x15)           x8=410b9643 x15:1c010b60  PA:1c010b68
18537549ns          328106 1c00867a 80737343 fmadd.s          f6, f6, f7, f16      f6=xxxxxxxx  f6:41332d66  f7:40ed961d f16:438ba320
18537569ns          328107 1c00867e 1116f8d3 fmul.s           f17, f13, f17       f17=xxxxxxxx f13:4108fc3f f17:40910358
18537589ns          328108 1c008682 07852803 lw               x16, 120(x10)       x16=3fcac5fa x10:1c011170  PA:1c0111e8
18537887ns          328123 1c008686 00c7a383 lw               x7, 12(x15)          x7=3fa0a167 x15:1c010b60  PA:1c010b6c
18538185ns          328138 1c00868a 3088f8c3 fmadd.s          f17, f17, f8, f6    f17=xxxxxxxx f17:421b3153  f8:410b9643  f6:43b535a6
18538205ns          328139 1c00868e 1106f853 fmul.s           f16, f13, f16       f16=xxxxxxxx f13:4108fc3f f16:3fcac5fa
18538225ns          328140 1c008692 0a052303 lw               x6, 160(x10)         x6=40988085 x10:1c011170  PA:1c011210
18538524ns          328155 1c008696 0107a403 lw               x8, 16(x15)          x8=411beb61 x15:1c010b60  PA:1c010b70
18538822ns          328170 1c008698 88787843 fmadd.s          f16, f16, f7, f17   f16=xxxxxxxx f16:415901f3  f7:3fa0a167 f17:442f39b3
18538842ns          328171 1c00869c 1066f353 fmul.s           f6, f13, f6          f6=xxxxxxxx f13:4108fc3f  f6:40988085
18538862ns          328172 1c0086a0 0c852883 lw               x17, 200(x10)       x17=3fca40f2 x10:1c011170  PA:1c011238
18539160ns          328187 1c0086a4 0147a383 lw               x7, 20(x15)          x7=40a15457 x15:1c010b60  PA:1c010b74
18539478ns          328203 1c0086a8 80837343 fmadd.s          f6, f6, f8, f16      f6=xxxxxxxx  f6:42233515  f8:411beb61 f16:44337b03
18539498ns          328204 1c0086ac 1116f8d3 fmul.s           f17, f13, f17       f17=xxxxxxxx f13:4108fc3f f17:3fca40f2
18539518ns          328205 1c0086b0 0f052803 lw               x16, 240(x10)       x16=40004b15 x10:1c011170  PA:1c011260
18539816ns          328220 1c0086b4 0187a403 lw               x8, 24(x15)          x8=40f27469 x15:1c010b60  PA:1c010b78
18540115ns          328235 1c0086b6 3078f8c3 fmadd.s          f17, f17, f7, f6    f17=xxxxxxxx f17:41587395  f7:40a15457  f6:448b711b
18540135ns          328236 1c0086ba 1106f853 fmul.s           f16, f13, f16       f16=xxxxxxxx f13:4108fc3f f16:40004b15
18540155ns          328237 1c0086be 11852303 lw               x6, 280(x10)         x6=3f8097ca x10:1c011170  PA:1c011288
18540453ns          328252 1c0086c2 01c7a383 lw               x7, 28(x15)          x7=40c477c3 x15:1c010b60  PA:1c010b7c
18540771ns          328268 1c0086c6 88887843 fmadd.s          f16, f16, f8, f17   f16=xxxxxxxx f16:41894c99  f8:40f27469 f17:4493f79b
18540791ns          328269 1c0086ca 1066f353 fmul.s           f6, f13, f6          f6=xxxxxxxx f13:4108fc3f  f6:3f8097ca
18540811ns          328270 1c0086ce 14052883 lw               x17, 320(x10)       x17=40842637 x10:1c011170  PA:1c0112b0
18541109ns          328285 1c0086d2 0207a403 lw               x8, 32(x15)          x8=41175a38 x15:1c010b60  PA:1c010b80
18541408ns          328300 1c0086d4 80737343 fmadd.s          f6, f6, f7, f16      f6=xxxxxxxx  f6:41099eb1  f7:40c477c3 f16:44a438b6
18541428ns          328301 1c0086d8 1116f8d3 fmul.s           f17, f13, f17       f17=xxxxxxxx f13:4108fc3f f17:40842637
18541447ns          328302 1c0086dc 16852803 lw               x16, 360(x10)       x16=40e72640 x10:1c011170  PA:1c0112d8
18541746ns          328317 1c0086e0 0247a383 lw               x7, 36(x15)          x7=3ff9e780 x15:1c010b60  PA:1c010b84
18542064ns          328333 1c0086e4 3088f8c3 fmadd.s          f17, f17, f8, f6    f17=xxxxxxxx f17:420d6d07  f8:41175a38  f6:44aad294
18542084ns          328334 1c0086e8 1106f853 fmul.s           f16, f13, f16       f16=xxxxxxxx f13:4108fc3f f16:40e72640
18542104ns          328335 1c0086ec 000ea303 lw               x6, 0(x29)           x6=408be862 x29:10001ec8  PA:10001ec8
18542124ns          328336 1c0086f0 02878793 addi             x15, x15, 40        x15=1c010b88 x15:1c010b60
18542144ns          328337 1c0086f4 88787843 fmadd.s          f16, f16, f7, f17   f16=xxxxxxxx f16:42776029  f7:3ff9e780 f17:44d4a127
18542164ns          328338 1c0086f8 80e37843 fmadd.s          f16, f6, f14, f16   f16=xxxxxxxx  f6:408be862 f14:410568ab f16:44e3b8eb
18542183ns          328339 1c0086fc 030ea42b p.sw             x16, 40(x29!)       x29=10001ef0 x16:44e8477a x29:10001ec8  PA:10001ec8
18542203ns          328340 1c008658 00052803 lw               x16, 0(x10)         x16=40fca194 x10:1c011170  PA:1c011170
18542502ns          328355 1c00865c 0007a883 lw               x17, 0(x15)         x17=40c4247b x15:1c010b88  PA:1c010b88
18542800ns          328370 1c008660 1106f853 fmul.s           f16, f13, f16       f16=xxxxxxxx f13:4108fc3f f16:40fca194
18542820ns          328371 1c008664 02852303 lw               x6, 40(x10)          x6=3fa76cab x10:1c011170  PA:1c011198
18543118ns          328386 1c008668 0047a383 lw               x7, 4(x15)           x7=40bb9d4f x15:1c010b88  PA:1c010b8c
18543437ns          328402 1c00866c f1187843 fmadd.s          f16, f16, f17, f30  f16=xxxxxxxx f16:42872ec4 f17:40c4247b f30:00000000
18543456ns          328403 1c008670 1066f353 fmul.s           f6, f13, f6          f6=xxxxxxxx f13:4108fc3f  f6:3fa76cab
18543476ns          328404 1c008674 05052883 lw               x17, 80(x10)        x17=40910358 x10:1c011170  PA:1c0111c0
18543775ns          328419 1c008678 0087a403 lw               x8, 8(x15)           x8=41196e5d x15:1c010b88  PA:1c010b90
18544073ns          328434 1c00867a 80737343 fmadd.s          f6, f6, f7, f16      f6=xxxxxxxx  f6:41332d66  f7:40bb9d4f f16:43cf2623
18544093ns          328435 1c00867e 1116f8d3 fmul.s           f17, f13, f17       f17=xxxxxxxx f13:4108fc3f f17:40910358
18544113ns          328436 1c008682 07852803 lw               x16, 120(x10)       x16=3fcac5fa x10:1c011170  PA:1c0111e8
18544411ns          328451 1c008686 00c7a383 lw               x7, 12(x15)          x7=40ae3ac2 x15:1c010b88  PA:1c010b94
18544729ns          328467 1c00868a 3088f8c3 fmadd.s          f17, f17, f8, f6    f17=xxxxxxxx f17:421b3153  f8:41196e5d  f6:43effa34
18544749ns          328468 1c00868e 1106f853 fmul.s           f16, f13, f16       f16=xxxxxxxx f13:4108fc3f f16:3fcac5fa
18544769ns          328469 1c008692 0a052303 lw               x6, 160(x10)         x6=40988085 x10:1c011170  PA:1c011210
18545068ns          328484 1c008696 0107a403 lw               x8, 16(x15)          x8=40ad1860 x15:1c010b88  PA:1c010b98
18545366ns          328499 1c008698 88787843 fmadd.s          f16, f16, f7, f17   f16=xxxxxxxx f16:415901f3  f7:40ae3ac2 f17:4455007c
18545386ns          328500 1c00869c 1066f353 fmul.s           f6, f13, f6          f6=xxxxxxxx f13:4108fc3f  f6:40988085
18545406ns          328501 1c0086a0 0c852883 lw               x17, 200(x10)       x17=3fca40f2 x10:1c011170  PA:1c011238
18545704ns          328516 1c0086a4 0147a383 lw               x7, 20(x15)          x7=4007d079 x15:1c010b88  PA:1c010b9c
18546022ns          328532 1c0086a8 80837343 fmadd.s          f6, f6, f8, f16      f6=xxxxxxxx  f6:42233515  f8:40ad1860 f16:446776a0
18546042ns          328533 1c0086ac 1116f8d3 fmul.s           f17, f13, f17       f17=xxxxxxxx f13:4108fc3f f17:3fca40f2
18546062ns          328534 1c0086b0 0f052803 lw               x16, 240(x10)       x16=40004b15 x10:1c011170  PA:1c011260
18546360ns          328549 1c0086b4 0187a403 lw               x8, 24(x15)          x8=410d9791 x15:1c010b88  PA:1c010ba0
18546659ns          328564 1c0086b6 3078f8c3 fmadd.s          f17, f17, f7, f6    f17=xxxxxxxx f17:41587395  f7:4007d079  f6:448f51ea
18546679ns          328565 1c0086ba 1106f853 fmul.s           f16, f13, f16       f16=xxxxxxxx f13:4108fc3f f16:40004b15
18546699ns          328566 1c0086be 11852303 lw               x6, 280(x10)         x6=3f8097ca x10:1c011170  PA:1c011288
18546997ns          328581 1c0086c2 01c7a383 lw               x7, 28(x15)          x7=40b60664 x15:1c010b88  PA:1c010ba4
18547295ns          328596 1c0086c6 88887843 fmadd.s          f16, f16, f8, f17   f16=xxxxxxxx f16:41894c99  f8:410d9791 f17:4492e894
18547315ns          328597 1c0086ca 1066f353 fmul.s           f6, f13, f6          f6=xxxxxxxx f13:4108fc3f  f6:3f8097ca
18547335ns          328598 1c0086ce 14052883 lw               x17, 320(x10)       x17=40842637 x10:1c011170  PA:1c0112b0
18547633ns          328613 1c0086d2 0207a403 lw               x8, 32(x15)          x8=40fff281 x15:1c010b88  PA:1c010ba8
18547932ns          328628 1c0086d4 80737343 fmadd.s          f6, f6, f7, f16      f6=xxxxxxxx  f6:41099eb1  f7:40b60664 f16:44a5e4b3
18547952ns          328629 1c0086d8 1116f8d3 fmul.s           f17, f13, f17       f17=xxxxxxxx f13:4108fc3f f17:40842637
18547972ns          328630 1c0086dc 16852803 lw               x16, 360(x10)       x16=40e72640 x10:1c011170  PA:1c0112d8
18548270ns          328645 1c0086e0 0247a383 lw               x7, 36(x15)          x7=3deed019 x15:1c010b88  PA:1c010bac
18548568ns          328660 1c0086e4 3088f8c3 fmadd.s          f17, f17, f8, f6    f17=xxxxxxxx f17:420d6d07  f8:40fff281  f6:44ac0257
18548588ns          328661 1c0086e8 1106f853 fmul.s           f16, f13, f16       f16=xxxxxxxx f13:4108fc3f f16:40e72640
18548608ns          328662 1c0086ec 000ea303 lw               x6, 0(x29)           x6=404c9359 x29:10001ef0  PA:10001ef0
18548628ns          328663 1c0086f0 02878793 addi             x15, x15, 40        x15=1c010bb0 x15:1c010b88
18548648ns          328664 1c0086f4 88787843 fmadd.s          f16, f16, f7, f17   f16=xxxxxxxx f16:42776029  f7:3deed019 f17:44cf5bbc
18548668ns          328665 1c0086f8 80e37843 fmadd.s          f16, f6, f14, f16   f16=xxxxxxxx  f6:404c9359 f14:410568ab f16:44d04280
18548688ns          328666 1c0086fc 030ea42b p.sw             x16, 40(x29!)       x29=10001f18 x16:44d39762 x29:10001ef0  PA:10001ef0
18548708ns          328667 1c008658 00052803 lw               x16, 0(x10)         x16=40fca194 x10:1c011170  PA:1c011170
18549006ns          328682 1c00865c 0007a883 lw               x17, 0(x15)         x17=410671ff x15:1c010bb0  PA:1c010bb0
18549304ns          328697 1c008660 1106f853 fmul.s           f16, f13, f16       f16=xxxxxxxx f13:4108fc3f f16:40fca194
18549324ns          328698 1c008664 02852303 lw               x6, 40(x10)          x6=3fa76cab x10:1c011170  PA:1c011198
18549623ns          328713 1c008668 0047a383 lw               x7, 4(x15)           x7=40b8f6e2 x15:1c010bb0  PA:1c010bb4
18549921ns          328728 1c00866c f1187843 fmadd.s          f16, f16, f17, f30  f16=xxxxxxxx f16:42872ec4 f17:410671ff f30:00000000
18549941ns          328729 1c008670 1066f353 fmul.s           f6, f13, f6          f6=xxxxxxxx f13:4108fc3f  f6:3fa76cab
18549961ns          328730 1c008674 05052883 lw               x17, 80(x10)        x17=40910358 x10:1c011170  PA:1c0111c0
18550259ns          328745 1c008678 0087a403 lw               x8, 8(x15)           x8=4080fb0c x15:1c010bb0  PA:1c010bb8
18550557ns          328760 1c00867a 80737343 fmadd.s          f6, f6, f7, f16      f6=xxxxxxxx  f6:41332d66  f7:40b8f6e2 f16:440dfd5a
18550577ns          328761 1c00867e 1116f8d3 fmul.s           f17, f13, f17       f17=xxxxxxxx f13:4108fc3f f17:40910358
18550597ns          328762 1c008682 07852803 lw               x16, 120(x10)       x16=3fcac5fa x10:1c011170  PA:1c0111e8
18550896ns          328777 1c008686 00c7a383 lw               x7, 12(x15)          x7=40aa66ec x15:1c010bb0  PA:1c010bbc
18551194ns          328792 1c00868a 3088f8c3 fmadd.s          f17, f17, f8, f6    f17=xxxxxxxx f17:421b3153  f8:4080fb0c  f6:441e2c08
18551214ns          328793 1c00868e 1106f853 fmul.s           f16, f13, f16       f16=xxxxxxxx f13:4108fc3f f16:3fcac5fa
18551234ns          328794 1c008692 0a052303 lw               x6, 160(x10)         x6=40988085 x10:1c011170  PA:1c011210
18551532ns          328809 1c008696 0107a403 lw               x8, 16(x15)          x8=4114eab4 x15:1c010bb0  PA:1c010bc0
18551830ns          328824 1c008698 88787843 fmadd.s          f16, f16, f7, f17   f16=xxxxxxxx f16:415901f3  f7:40aa66ec f17:44454475
18551850ns          328825 1c00869c 1066f353 fmul.s           f6, f13, f6          f6=xxxxxxxx f13:4108fc3f  f6:40988085
18551870ns          328826 1c0086a0 0c852883 lw               x17, 200(x10)       x17=3fca40f2 x10:1c011170  PA:1c011238
18552169ns          328841 1c0086a4 0147a383 lw               x7, 20(x15)          x7=406a57db x15:1c010bb0  PA:1c010bc4
18552467ns          328856 1c0086a8 80837343 fmadd.s          f6, f6, f8, f16      f6=xxxxxxxx  f6:42233515  f8:4114eab4 f16:445752c6
18552487ns          328857 1c0086ac 1116f8d3 fmul.s           f17, f13, f17       f17=xxxxxxxx f13:4108fc3f f17:3fca40f2
18552507ns          328858 1c0086b0 0f052803 lw               x16, 240(x10)       x16=40004b15 x10:1c011170  PA:1c011260
18552805ns          328873 1c0086b4 0187a403 lw               x8, 24(x15)          x8=411a89f7 x15:1c010bb0  PA:1c010bc8
18553103ns          328888 1c0086b6 3078f8c3 fmadd.s          f17, f17, f7, f6    f17=xxxxxxxx f17:41587395  f7:406a57db  f6:449b218c
18553123ns          328889 1c0086ba 1106f853 fmul.s           f16, f13, f16       f16=xxxxxxxx f13:4108fc3f f16:40004b15
18553143ns          328890 1c0086be 11852303 lw               x6, 280(x10)         x6=3f8097ca x10:1c011170  PA:1c011288
18553442ns          328905 1c0086c2 01c7a383 lw               x7, 28(x15)          x7=410c9a00 x15:1c010bb0  PA:1c010bcc
18553740ns          328920 1c0086c6 88887843 fmadd.s          f16, f16, f8, f17   f16=xxxxxxxx f16:41894c99  f8:411a89f7 f17:44a152ab
18553760ns          328921 1c0086ca 1066f353 fmul.s           f6, f13, f6          f6=xxxxxxxx f13:4108fc3f  f6:3f8097ca
18553780ns          328922 1c0086ce 14052883 lw               x17, 320(x10)       x17=40842637 x10:1c011170  PA:1c0112b0
18554098ns          328938 1c0086d2 0207a403 lw               x8, 32(x15)          x8=406ec75b x15:1c010bb0  PA:1c010bd0
18554396ns          328953 1c0086d4 80737343 fmadd.s          f6, f6, f7, f16      f6=xxxxxxxx  f6:41099eb1  f7:410c9a00 f16:44b60b30
18554416ns          328954 1c0086d8 1116f8d3 fmul.s           f17, f13, f17       f17=xxxxxxxx f13:4108fc3f f17:40842637
18554436ns          328955 1c0086dc 16852803 lw               x16, 360(x10)       x16=40e72640 x10:1c011170  PA:1c0112d8
18554734ns          328970 1c0086e0 0247a383 lw               x7, 36(x15)          x7=3f24dd60 x15:1c010bb0  PA:1c010bd4
18555033ns          328985 1c0086e4 3088f8c3 fmadd.s          f17, f17, f8, f6    f17=xxxxxxxx f17:420d6d07  f8:406ec75b  f6:44bf7de2
18555053ns          328986 1c0086e8 1106f853 fmul.s           f16, f13, f16       f16=xxxxxxxx f13:4108fc3f f16:40e72640
18555073ns          328987 1c0086ec 000ea303 lw               x6, 0(x29)           x6=3ff9ee7b x29:10001f18  PA:10001f18
18555093ns          328988 1c0086f0 02878793 addi             x15, x15, 40        x15=1c010bd8 x15:1c010bb0
18555112ns          328989 1c0086f4 88787843 fmadd.s          f16, f16, f7, f17   f16=xxxxxxxx f16:42776029  f7:3f24dd60 f17:44cffb12
18555132ns          328990 1c0086f8 80e37843 fmadd.s          f16, f6, f14, f16   f16=xxxxxxxx  f6:3ff9ee7b f14:410568ab f16:44d4f58e
18555152ns          328991 1c0086fc 030ea42b p.sw             x16, 40(x29!)       x29=10001f40 x16:44d6fe8a x29:10001f18  PA:10001f18
18555172ns          328992 1c008658 00052803 lw               x16, 0(x10)         x16=40fca194 x10:1c011170  PA:1c011170
18555470ns          329007 1c00865c 0007a883 lw               x17, 0(x15)         x17=4084e048 x15:1c010bd8  PA:1c010bd8
18555769ns          329022 1c008660 1106f853 fmul.s           f16, f13, f16       f16=xxxxxxxx f13:4108fc3f f16:40fca194
18555789ns          329023 1c008664 02852303 lw               x6, 40(x10)          x6=3fa76cab x10:1c011170  PA:1c011198
18556087ns          329038 1c008668 0047a383 lw               x7, 4(x15)           x7=3fec26a0 x15:1c010bd8  PA:1c010bdc
18556385ns          329053 1c00866c f1187843 fmadd.s          f16, f16, f17, f30  f16=xxxxxxxx f16:42872ec4 f17:4084e048 f30:00000000
18556405ns          329054 1c008670 1066f353 fmul.s           f6, f13, f6          f6=xxxxxxxx f13:4108fc3f  f6:3fa76cab
18556425ns          329055 1c008674 05052883 lw               x17, 80(x10)        x17=40910358 x10:1c011170  PA:1c0111c0
18556743ns          329071 1c008678 0087a403 lw               x8, 8(x15)           x8=3ecbcadc x15:1c010bd8  PA:1c010be0
18557042ns          329086 1c00867a 80737343 fmadd.s          f6, f6, f7, f16      f6=xxxxxxxx  f6:41332d66  f7:3fec26a0 f16:438c5518
18557062ns          329087 1c00867e 1116f8d3 fmul.s           f17, f13, f17       f17=xxxxxxxx f13:4108fc3f f17:40910358
18557082ns          329088 1c008682 07852803 lw               x16, 120(x10)       x16=3fcac5fa x10:1c011170  PA:1c0111e8
18557380ns          329103 1c008686 00c7a383 lw               x7, 12(x15)          x7=3fd85ef8 x15:1c010bd8  PA:1c010be4
18557678ns          329118 1c00868a 3088f8c3 fmadd.s          f17, f17, f8, f6    f17=xxxxxxxx f17:421b3153  f8:3ecbcadc  f6:4396a9a6
18557698ns          329119 1c00868e 1106f853 fmul.s           f16, f13, f16       f16=xxxxxxxx f13:4108fc3f f16:3fcac5fa
18557718ns          329120 1c008692 0a052303 lw               x6, 160(x10)         x6=40988085 x10:1c011170  PA:1c011210
18558036ns          329136 1c008696 0107a403 lw               x8, 16(x15)          x8=40352655 x15:1c010bd8  PA:1c010be8
18558335ns          329151 1c008698 88787843 fmadd.s          f16, f16, f7, f17   f16=xxxxxxxx f16:415901f3  f7:3fd85ef8 f17:439e6257
18558355ns          329152 1c00869c 1066f353 fmul.s           f6, f13, f6          f6=xxxxxxxx f13:4108fc3f  f6:40988085
18558374ns          329153 1c0086a0 0c852883 lw               x17, 200(x10)       x17=3fca40f2 x10:1c011170  PA:1c011238
18558673ns          329168 1c0086a4 0147a383 lw               x7, 20(x15)          x7=410c1943 x15:1c010bd8  PA:1c010bec
18558971ns          329183 1c0086a8 80837343 fmadd.s          f6, f6, f8, f16      f6=xxxxxxxx  f6:42233515  f8:40352655 f16:43a9d8f9
18558991ns          329184 1c0086ac 1116f8d3 fmul.s           f17, f13, f17       f17=xxxxxxxx f13:4108fc3f f17:3fca40f2
18559011ns          329185 1c0086b0 0f052803 lw               x16, 240(x10)       x16=40004b15 x10:1c011170  PA:1c011260
18559329ns          329201 1c0086b4 0187a403 lw               x8, 24(x15)          x8=3f0ca8bf x15:1c010bd8  PA:1c010bf0
18559628ns          329216 1c0086b6 3078f8c3 fmadd.s          f17, f17, f7, f6    f17=xxxxxxxx f17:41587395  f7:410c1943  f6:43e39775
18559647ns          329217 1c0086ba 1106f853 fmul.s           f16, f13, f16       f16=xxxxxxxx f13:4108fc3f f16:40004b15
18559667ns          329218 1c0086be 11852303 lw               x6, 280(x10)         x6=3f8097ca x10:1c011170  PA:1c011288
18559966ns          329233 1c0086c2 01c7a383 lw               x7, 28(x15)          x7=4114ea99 x15:1c010bd8  PA:1c010bf4
18560264ns          329248 1c0086c6 88887843 fmadd.s          f16, f16, f8, f17   f16=xxxxxxxx f16:41894c99  f8:3f0ca8bf f17:440f68df
18560284ns          329249 1c0086ca 1066f353 fmul.s           f6, f13, f6          f6=xxxxxxxx f13:4108fc3f  f6:3f8097ca
18560304ns          329250 1c0086ce 14052883 lw               x17, 320(x10)       x17=40842637 x10:1c011170  PA:1c0112b0
18560602ns          329265 1c0086d2 0207a403 lw               x8, 32(x15)          x8=3f1f6eca x15:1c010bd8  PA:1c010bf8
18560901ns          329280 1c0086d4 80737343 fmadd.s          f6, f6, f7, f16      f6=xxxxxxxx  f6:41099eb1  f7:4114ea99 f16:4411c462
18560920ns          329281 1c0086d8 1116f8d3 fmul.s           f17, f13, f17       f17=xxxxxxxx f13:4108fc3f f17:40842637
18560940ns          329282 1c0086dc 16852803 lw               x16, 360(x10)       x16=40e72640 x10:1c011170  PA:1c0112d8
18561239ns          329297 1c0086e0 0247a383 lw               x7, 36(x15)          x7=40aa65bf x15:1c010bd8  PA:1c010bfc
18561537ns          329312 1c0086e4 3088f8c3 fmadd.s          f17, f17, f8, f6    f17=xxxxxxxx f17:420d6d07  f8:3f1f6eca  f6:4425c7d9
18561557ns          329313 1c0086e8 1106f853 fmul.s           f16, f13, f16       f16=xxxxxxxx f13:4108fc3f f16:40e72640
18561577ns          329314 1c0086ec 000ea303 lw               x6, 0(x29)           x6=3fd288fa x29:10001f40  PA:10001f40
18561597ns          329315 1c0086f0 02878793 addi             x15, x15, 40        x15=1c010c00 x15:1c010bd8
18561617ns          329316 1c0086f4 88787843 fmadd.s          f16, f16, f7, f17   f16=xxxxxxxx f16:42776029  f7:40aa65bf f17:442b4918
18561637ns          329317 1c0086f8 80e37843 fmadd.s          f16, f6, f14, f16   f16=xxxxxxxx  f6:3fd288fa f14:410568ab f16:447d9d2e
18561656ns          329318 1c0086fc 030ea42b p.sw             x16, 40(x29!)       x29=10001f68 x16:44808574 x29:10001f40  PA:10001f40
18561676ns          329319 1c008658 00052803 lw               x16, 0(x10)         x16=40fca194 x10:1c011170  PA:1c011170
18561995ns          329335 1c00865c 0007a883 lw               x17, 0(x15)         x17=3fcaa69f x15:1c010c00  PA:1c010c00
18562293ns          329350 1c008660 1106f853 fmul.s           f16, f13, f16       f16=xxxxxxxx f13:4108fc3f f16:40fca194
18562313ns          329351 1c008664 02852303 lw               x6, 40(x10)          x6=3fa76cab x10:1c011170  PA:1c011198
18562611ns          329366 1c008668 0047a383 lw               x7, 4(x15)           x7=406a560e x15:1c010c00  PA:1c010c04
18562910ns          329381 1c00866c f1187843 fmadd.s          f16, f16, f17, f30  f16=xxxxxxxx f16:42872ec4 f17:3fcaa69f f30:00000000
18562929ns          329382 1c008670 1066f353 fmul.s           f6, f13, f6          f6=xxxxxxxx f13:4108fc3f  f6:3fa76cab
18562949ns          329383 1c008674 05052883 lw               x17, 80(x10)        x17=40910358 x10:1c011170  PA:1c0111c0
18563248ns          329398 1c008678 0087a403 lw               x8, 8(x15)           x8=40655dec x15:1c010c00  PA:1c010c08
18563546ns          329413 1c00867a 80737343 fmadd.s          f6, f6, f7, f16      f6=xxxxxxxx  f6:41332d66  f7:406a560e f16:42d605c6
18563566ns          329414 1c00867e 1116f8d3 fmul.s           f17, f13, f17       f17=xxxxxxxx f13:4108fc3f f17:40910358
18563586ns          329415 1c008682 07852803 lw               x16, 120(x10)       x16=3fcac5fa x10:1c011170  PA:1c0111e8
18563884ns          329430 1c008686 00c7a383 lw               x7, 12(x15)          x7=40b6d481 x15:1c010c00  PA:1c010c0c
18564183ns          329445 1c00868a 3088f8c3 fmadd.s          f17, f17, f8, f6    f17=xxxxxxxx f17:421b3153  f8:40655dec  f6:431403d2
18564202ns          329446 1c00868e 1106f853 fmul.s           f16, f13, f16       f16=xxxxxxxx f13:4108fc3f f16:3fcac5fa
18564222ns          329447 1c008692 0a052303 lw               x6, 160(x10)         x6=40988085 x10:1c011170  PA:1c011210
18564521ns          329462 1c008696 0107a403 lw               x8, 16(x15)          x8=3ffab76f x15:1c010c00  PA:1c010c10
18564819ns          329477 1c008698 88787843 fmadd.s          f16, f16, f7, f17   f16=xxxxxxxx f16:415901f3  f7:40b6d481 f17:438f87f1
18564839ns          329478 1c00869c 1066f353 fmul.s           f6, f13, f6          f6=xxxxxxxx f13:4108fc3f  f6:40988085
18564859ns          329479 1c0086a0 0c852883 lw               x17, 200(x10)       x17=3fca40f2 x10:1c011170  PA:1c011238
18565157ns          329494 1c0086a4 0147a383 lw               x7, 20(x15)          x7=40abb524 x15:1c010c00  PA:1c010c14
18565456ns          329509 1c0086a8 80837343 fmadd.s          f6, f6, f8, f16      f6=xxxxxxxx  f6:42233515  f8:3ffab76f f16:43b646d2
18565475ns          329510 1c0086ac 1116f8d3 fmul.s           f17, f13, f17       f17=xxxxxxxx f13:4108fc3f f17:3fca40f2
18565495ns          329511 1c0086b0 0f052803 lw               x16, 240(x10)       x16=40004b15 x10:1c011170  PA:1c011260
18565794ns          329526 1c0086b4 0187a403 lw               x8, 24(x15)          x8=4086fe8b x15:1c010c00  PA:1c010c18
18566112ns          329542 1c0086b6 3078f8c3 fmadd.s          f17, f17, f7, f6    f17=xxxxxxxx f17:41587395  f7:40abb524  f6:43de3c84
18566132ns          329543 1c0086ba 1106f853 fmul.s           f16, f13, f16       f16=xxxxxxxx f13:4108fc3f f16:40004b15
18566152ns          329544 1c0086be 11852303 lw               x6, 280(x10)         x6=3f8097ca x10:1c011170  PA:1c011288
18566450ns          329559 1c0086c2 01c7a383 lw               x7, 28(x15)          x7=3fb98a38 x15:1c010c00  PA:1c010c1c
18566748ns          329574 1c0086c6 88887843 fmadd.s          f16, f16, f8, f17   f16=xxxxxxxx f16:41894c99  f8:4086fe8b f17:4401440e
18566768ns          329575 1c0086ca 1066f353 fmul.s           f6, f13, f6          f6=xxxxxxxx f13:4108fc3f  f6:3f8097ca
18566788ns          329576 1c0086ce 14052883 lw               x17, 320(x10)       x17=40842637 x10:1c011170  PA:1c0112b0
18567087ns          329591 1c0086d2 0207a403 lw               x8, 32(x15)          x8=410c6ca0 x15:1c010c00  PA:1c010c20
18567405ns          329607 1c0086d4 80737343 fmadd.s          f6, f6, f7, f16      f6=xxxxxxxx  f6:41099eb1  f7:3fb98a38 f16:44135db5
18567425ns          329608 1c0086d8 1116f8d3 fmul.s           f17, f13, f17       f17=xxxxxxxx f13:4108fc3f f17:40842637
18567445ns          329609 1c0086dc 16852803 lw               x16, 360(x10)       x16=40e72640 x10:1c011170  PA:1c0112d8
18567743ns          329624 1c0086e0 0247a383 lw               x7, 36(x15)          x7=410e1973 x15:1c010c00  PA:1c010c24
18568061ns          329640 1c0086e4 3088f8c3 fmadd.s          f17, f17, f8, f6    f17=xxxxxxxx f17:420d6d07  f8:410c6ca0  f6:44167ba5
18568081ns          329641 1c0086e8 1106f853 fmul.s           f16, f13, f16       f16=xxxxxxxx f13:4108fc3f f16:40e72640
18568101ns          329642 1c0086ec 000ea303 lw               x6, 0(x29)           x6=3e872d69 x29:10001f68  PA:10001f68
18568121ns          329643 1c0086f0 02878793 addi             x15, x15, 40        x15=1c010c28 x15:1c010c00
18568141ns          329644 1c0086f4 88787843 fmadd.s          f16, f16, f7, f17   f16=xxxxxxxx f16:42776029  f7:410e1973 f17:44640f47
18568161ns          329645 1c0086f8 80e37843 fmadd.s          f16, f6, f14, f16   f16=xxxxxxxx  f6:3e872d69 f14:410568ab f16:44b6af9b
18568181ns          329646 1c0086fc 030ea42b p.sw             x16, 40(x29!)       x29=10001f90 x16:44b6f60d x29:10001f68  PA:10001f68
18568201ns          329647 1c008658 00052803 lw               x16, 0(x10)         x16=40fca194 x10:1c011170  PA:1c011170
18568499ns          329662 1c00865c 0007a883 lw               x17, 0(x15)         x17=4110e07b x15:1c010c28  PA:1c010c28
18568797ns          329677 1c008660 1106f853 fmul.s           f16, f13, f16       f16=xxxxxxxx f13:4108fc3f f16:40fca194
18568817ns          329678 1c008664 02852303 lw               x6, 40(x10)          x6=3fa76cab x10:1c011170  PA:1c011198
18569115ns          329693 1c008668 0047a383 lw               x7, 4(x15)           x7=406280a9 x15:1c010c28  PA:1c010c2c
18569414ns          329708 1c00866c f1187843 fmadd.s          f16, f16, f17, f30  f16=xxxxxxxx f16:42872ec4 f17:4110e07b f30:00000000
18569434ns          329709 1c008670 1066f353 fmul.s           f6, f13, f6          f6=xxxxxxxx f13:4108fc3f  f6:3fa76cab
18569454ns          329710 1c008674 05052883 lw               x17, 80(x10)        x17=40910358 x10:1c011170  PA:1c0111c0
18569752ns          329725 1c008678 0087a403 lw               x8, 8(x15)           x8=403e2622 x15:1c010c28  PA:1c010c30
18570070ns          329741 1c00867a 80737343 fmadd.s          f6, f6, f7, f16      f6=xxxxxxxx  f6:41332d66  f7:406280a9 f16:441901b0
18570090ns          329742 1c00867e 1116f8d3 fmul.s           f17, f13, f17       f17=xxxxxxxx f13:4108fc3f f17:40910358
18570110ns          329743 1c008682 07852803 lw               x16, 120(x10)       x16=3fcac5fa x10:1c011170  PA:1c0111e8
18570408ns          329758 1c008686 00c7a383 lw               x7, 12(x15)          x7=4110fa8f x15:1c010c28  PA:1c010c34
18570707ns          329773 1c00868a 3088f8c3 fmadd.s          f17, f17, f8, f6    f17=xxxxxxxx f17:421b3153  f8:403e2622  f6:4422ea32
18570727ns          329774 1c00868e 1106f853 fmul.s           f16, f13, f16       f16=xxxxxxxx f13:4108fc3f f16:3fcac5fa
18570747ns          329775 1c008692 0a052303 lw               x6, 160(x10)         x6=40988085 x10:1c011170  PA:1c011210
18571045ns          329790 1c008696 0107a403 lw               x8, 16(x15)          x8=3eac8796 x15:1c010c28  PA:1c010c38
18571363ns          329806 1c008698 88787843 fmadd.s          f16, f16, f7, f17   f16=xxxxxxxx f16:415901f3  f7:4110fa8f f17:443fbba0
18571383ns          329807 1c00869c 1066f353 fmul.s           f6, f13, f6          f6=xxxxxxxx f13:4108fc3f  f6:40988085
18571403ns          329808 1c0086a0 0c852883 lw               x17, 200(x10)       x17=3fca40f2 x10:1c011170  PA:1c011238
18571701ns          329823 1c0086a4 0147a383 lw               x7, 20(x15)          x7=4114b55f x15:1c010c28  PA:1c010c3c
18572000ns          329838 1c0086a8 80837343 fmadd.s          f6, f6, f8, f16      f6=xxxxxxxx  f6:42233515  f8:3eac8796 f16:445e74ff
18572020ns          329839 1c0086ac 1116f8d3 fmul.s           f17, f13, f17       f17=xxxxxxxx f13:4108fc3f f17:3fca40f2
18572039ns          329840 1c0086b0 0f052803 lw               x16, 240(x10)       x16=40004b15 x10:1c011170  PA:1c011260
18572338ns          329855 1c0086b4 0187a403 lw               x8, 24(x15)          x8=40ef09d6 x15:1c010c28  PA:1c010c40
18572656ns          329871 1c0086b6 3078f8c3 fmadd.s          f17, f17, f7, f6    f17=xxxxxxxx f17:41587395  f7:4114b55f  f6:4461e4f0
18572676ns          329872 1c0086ba 1106f853 fmul.s           f16, f13, f16       f16=xxxxxxxx f13:4108fc3f f16:40004b15
18572696ns          329873 1c0086be 11852303 lw               x6, 280(x10)         x6=3f8097ca x10:1c011170  PA:1c011288
18572994ns          329888 1c0086c2 01c7a383 lw               x7, 28(x15)          x7=3fe0dd39 x15:1c010c28  PA:1c010c44
18573293ns          329903 1c0086c6 88887843 fmadd.s          f16, f16, f8, f17   f16=xxxxxxxx f16:41894c99  f8:40ef09d6 f17:4480a9fe
18573312ns          329904 1c0086ca 1066f353 fmul.s           f6, f13, f6          f6=xxxxxxxx f13:4108fc3f  f6:3f8097ca
18573332ns          329905 1c0086ce 14052883 lw               x17, 320(x10)       x17=40842637 x10:1c011170  PA:1c0112b0
18573631ns          329920 1c0086d2 0207a403 lw               x8, 32(x15)          x8=40e88272 x15:1c010c28  PA:1c010c48
18573929ns          329935 1c0086d4 80737343 fmadd.s          f6, f6, f7, f16      f6=xxxxxxxx  f6:41099eb1  f7:3fe0dd39 f16:4490b077
18573949ns          329936 1c0086d8 1116f8d3 fmul.s           f17, f13, f17       f17=xxxxxxxx f13:4108fc3f f17:40842637
18573969ns          329937 1c0086dc 16852803 lw               x16, 360(x10)       x16=40e72640 x10:1c011170  PA:1c0112d8
18574267ns          329952 1c0086e0 0247a383 lw               x7, 36(x15)          x7=40bb64c4 x15:1c010c28  PA:1c010c4c
18574566ns          329967 1c0086e4 3088f8c3 fmadd.s          f17, f17, f8, f6    f17=xxxxxxxx f17:420d6d07  f8:40e88272  f6:449293fe
18574585ns          329968 1c0086e8 1106f853 fmul.s           f16, f13, f16       f16=xxxxxxxx f13:4108fc3f f16:40e72640
18574605ns          329969 1c0086ec 000ea303 lw               x6, 0(x29)           x6=403454db x29:10001f90  PA:10001f90
18574625ns          329970 1c0086f0 02878793 addi             x15, x15, 40        x15=1c010c50 x15:1c010c28
18574645ns          329971 1c0086f4 88787843 fmadd.s          f16, f16, f7, f17   f16=xxxxxxxx f16:42776029  f7:40bb64c4 f17:44b2b0b6
18574665ns          329972 1c0086f8 80e37843 fmadd.s          f16, f6, f14, f16   f16=xxxxxxxx  f6:403454db f14:410568ab f16:44dff5dd
18574685ns          329973 1c0086fc 030ea42b p.sw             x16, 40(x29!)       x29=10001fb8 x16:44e2e5ac x29:10001f90  PA:10001f90
18574705ns          329974 1c008658 00052803 lw               x16, 0(x10)         x16=40fca194 x10:1c011170  PA:1c011170
18575003ns          329989 1c00865c 0007a883 lw               x17, 0(x15)         x17=3fa36583 x15:1c010c50  PA:1c010c50
18575321ns          330005 1c008660 1106f853 fmul.s           f16, f13, f16       f16=xxxxxxxx f13:4108fc3f f16:40fca194
18575341ns          330006 1c008664 02852303 lw               x6, 40(x10)          x6=3fa76cab x10:1c011170  PA:1c011198
18575640ns          330021 1c008668 0047a383 lw               x7, 4(x15)           x7=4043d5a4 x15:1c010c50  PA:1c010c54
18575938ns          330036 1c00866c f1187843 fmadd.s          f16, f16, f17, f30  f16=xxxxxxxx f16:42872ec4 f17:3fa36583 f30:00000000
18575958ns          330037 1c008670 1066f353 fmul.s           f6, f13, f6          f6=xxxxxxxx f13:4108fc3f  f6:3fa76cab
18575978ns          330038 1c008674 05052883 lw               x17, 80(x10)        x17=40910358 x10:1c011170  PA:1c0111c0
18576276ns          330053 1c008678 0087a403 lw               x8, 8(x15)           x8=408dd736 x15:1c010c50  PA:1c010c58
18576575ns          330068 1c00867a 80737343 fmadd.s          f6, f6, f7, f16      f6=xxxxxxxx  f6:41332d66  f7:4043d5a4 f16:42ac90c3
18576594ns          330069 1c00867e 1116f8d3 fmul.s           f17, f13, f17       f17=xxxxxxxx f13:4108fc3f f17:40910358
18576614ns          330070 1c008682 07852803 lw               x16, 120(x10)       x16=3fcac5fa x10:1c011170  PA:1c0111e8
18576913ns          330085 1c008686 00c7a383 lw               x7, 12(x15)          x7=40e32930 x15:1c010c50  PA:1c010c5c
18577211ns          330100 1c00868a 3088f8c3 fmadd.s          f17, f17, f8, f6    f17=xxxxxxxx f17:421b3153  f8:408dd736  f6:42f11951
18577231ns          330101 1c00868e 1106f853 fmul.s           f16, f13, f16       f16=xxxxxxxx f13:4108fc3f f16:3fcac5fa
18577251ns          330102 1c008692 0a052303 lw               x6, 160(x10)         x6=40988085 x10:1c011170  PA:1c011210
18577549ns          330117 1c008696 0107a403 lw               x8, 16(x15)          x8=4111c963 x15:1c010c50  PA:1c010c60
18577848ns          330132 1c008698 88787843 fmadd.s          f16, f16, f7, f17   f16=xxxxxxxx f16:415901f3  f7:40e32930 f17:439242f6
18577867ns          330133 1c00869c 1066f353 fmul.s           f6, f13, f6          f6=xxxxxxxx f13:4108fc3f  f6:40988085
18577887ns          330134 1c0086a0 0c852883 lw               x17, 200(x10)       x17=3fca40f2 x10:1c011170  PA:1c011238
18578186ns          330149 1c0086a4 0147a383 lw               x7, 20(x15)          x7=411047ed x15:1c010c50  PA:1c010c64
18578484ns          330164 1c0086a8 80837343 fmadd.s          f6, f6, f8, f16      f6=xxxxxxxx  f6:42233515  f8:4111c963 f16:43c266df
18578504ns          330165 1c0086ac 1116f8d3 fmul.s           f17, f13, f17       f17=xxxxxxxx f13:4108fc3f f17:3fca40f2
18578524ns          330166 1c0086b0 0f052803 lw               x16, 240(x10)       x16=40004b15 x10:1c011170  PA:1c011260
18578822ns          330181 1c0086b4 0187a403 lw               x8, 24(x15)          x8=411406fb x15:1c010c50  PA:1c010c68
18579121ns          330196 1c0086b6 3078f8c3 fmadd.s          f17, f17, f7, f6    f17=xxxxxxxx f17:41587395  f7:411047ed  f6:443e24e4
18579140ns          330197 1c0086ba 1106f853 fmul.s           f16, f13, f16       f16=xxxxxxxx f13:4108fc3f f16:40004b15
18579160ns          330198 1c0086be 11852303 lw               x6, 280(x10)         x6=3f8097ca x10:1c011170  PA:1c011288
18579459ns          330213 1c0086c2 01c7a383 lw               x7, 28(x15)          x7=40b8491a x15:1c010c50  PA:1c010c6c
18579757ns          330228 1c0086c6 88887843 fmadd.s          f16, f16, f8, f17   f16=xxxxxxxx f16:41894c99  f8:411406fb f17:445ca459
18579777ns          330229 1c0086ca 1066f353 fmul.s           f6, f13, f6          f6=xxxxxxxx f13:4108fc3f  f6:3f8097ca
18579797ns          330230 1c0086ce 14052883 lw               x17, 320(x10)       x17=40842637 x10:1c011170  PA:1c0112b0
18580095ns          330245 1c0086d2 0207a403 lw               x8, 32(x15)          x8=40bdac24 x15:1c010c50  PA:1c010c70
18580394ns          330260 1c0086d4 80737343 fmadd.s          f6, f6, f7, f16      f6=xxxxxxxx  f6:41099eb1  f7:40b8491a f16:44822b2e
18580413ns          330261 1c0086d8 1116f8d3 fmul.s           f17, f13, f17       f17=xxxxxxxx f13:4108fc3f f17:40842637
18580433ns          330262 1c0086dc 16852803 lw               x16, 360(x10)       x16=40e72640 x10:1c011170  PA:1c0112d8
18580752ns          330278 1c0086e0 0247a383 lw               x7, 36(x15)          x7=410d85bd x15:1c010c50  PA:1c010c74
18581050ns          330293 1c0086e4 3088f8c3 fmadd.s          f17, f17, f8, f6    f17=xxxxxxxx f17:420d6d07  f8:40bdac24  f6:44885c44
18581070ns          330294 1c0086e8 1106f853 fmul.s           f16, f13, f16       f16=xxxxxxxx f13:4108fc3f f16:40e72640
18581090ns          330295 1c0086ec 000ea303 lw               x6, 0(x29)           x6=40c51727 x29:10001fb8  PA:10001fb8
18581110ns          330296 1c0086f0 02878793 addi             x15, x15, 40        x15=1c010c78 x15:1c010c50
18581130ns          330297 1c0086f4 88787843 fmadd.s          f16, f16, f7, f17   f16=xxxxxxxx f16:42776029  f7:410d85bd f17:44a28e6a
18581149ns          330298 1c0086f8 80e37843 fmadd.s          f16, f6, f14, f16   f16=xxxxxxxx  f6:40c51727 f14:410568ab f16:44e6ef03
18581169ns          330299 1c0086fc 030ea42b p.sw             x16, 40(x29!)       x29=10001fe0 x16:44ed5a5d x29:10001fb8  PA:10001fb8
18581189ns          330300 1c008658 00052803 lw               x16, 0(x10)         x16=40fca194 x10:1c011170  PA:1c011170
18581488ns          330315 1c00865c 0007a883 lw               x17, 0(x15)         x17=40cc4569 x15:1c010c78  PA:1c010c78
18581786ns          330330 1c008660 1106f853 fmul.s           f16, f13, f16       f16=xxxxxxxx f13:4108fc3f f16:40fca194
18581806ns          330331 1c008664 02852303 lw               x6, 40(x10)          x6=3fa76cab x10:1c011170  PA:1c011198
18582104ns          330346 1c008668 0047a383 lw               x7, 4(x15)           x7=3fccf10a x15:1c010c78  PA:1c010c7c
18582403ns          330361 1c00866c f1187843 fmadd.s          f16, f16, f17, f30  f16=xxxxxxxx f16:42872ec4 f17:40cc4569 f30:00000000
18582422ns          330362 1c008670 1066f353 fmul.s           f6, f13, f6          f6=xxxxxxxx f13:4108fc3f  f6:3fa76cab
18582442ns          330363 1c008674 05052883 lw               x17, 80(x10)        x17=40910358 x10:1c011170  PA:1c0111c0
18582741ns          330378 1c008678 0087a403 lw               x8, 8(x15)           x8=41002690 x15:1c010c78  PA:1c010c80
18583039ns          330393 1c00867a 80737343 fmadd.s          f6, f6, f7, f16      f6=xxxxxxxx  f6:41332d66  f7:3fccf10a f16:43d7bbd6
18583059ns          330394 1c00867e 1116f8d3 fmul.s           f17, f13, f17       f17=xxxxxxxx f13:4108fc3f f17:40910358
18583079ns          330395 1c008682 07852803 lw               x16, 120(x10)       x16=3fcac5fa x10:1c011170  PA:1c0111e8
18583397ns          330411 1c008686 00c7a383 lw               x7, 12(x15)          x7=4031a08a x15:1c010c78  PA:1c010c84
18583695ns          330426 1c00868a 3088f8c3 fmadd.s          f17, f17, f8, f6    f17=xxxxxxxx f17:421b3153  f8:41002690  f6:43e0b2e4
18583715ns          330427 1c00868e 1106f853 fmul.s           f16, f13, f16       f16=xxxxxxxx f13:4108fc3f f16:3fcac5fa
18583735ns          330428 1c008692 0a052303 lw               x6, 160(x10)         x6=40988085 x10:1c011170  PA:1c011210
18584034ns          330443 1c008696 0107a403 lw               x8, 16(x15)          x8=408d5838 x15:1c010c78  PA:1c010c88
18584332ns          330458 1c008698 88787843 fmadd.s          f16, f16, f7, f17   f16=xxxxxxxx f16:415901f3  f7:4031a08a f17:443e097c
18584352ns          330459 1c00869c 1066f353 fmul.s           f6, f13, f6          f6=xxxxxxxx f13:4108fc3f  f6:40988085
18584372ns          330460 1c0086a0 0c852883 lw               x17, 200(x10)       x17=3fca40f2 x10:1c011170  PA:1c011238
18584690ns          330476 1c0086a4 0147a383 lw               x7, 20(x15)          x7=40866b6c x15:1c010c78  PA:1c010c8c
18584988ns          330491 1c0086a8 80837343 fmadd.s          f6, f6, f8, f16      f6=xxxxxxxx  f6:42233515  f8:408d5838 f16:444772a3
18585008ns          330492 1c0086ac 1116f8d3 fmul.s           f17, f13, f17       f17=xxxxxxxx f13:4108fc3f f17:3fca40f2
18585028ns          330493 1c0086b0 0f052803 lw               x16, 240(x10)       x16=40004b15 x10:1c011170  PA:1c011260
18585326ns          330508 1c0086b4 0187a403 lw               x8, 24(x15)          x8=400fb53c x15:1c010c78  PA:1c010c90
18585625ns          330523 1c0086b6 3078f8c3 fmadd.s          f17, f17, f7, f6    f17=xxxxxxxx f17:41587395  f7:40866b6c  f6:447480e0
18585645ns          330524 1c0086ba 1106f853 fmul.s           f16, f13, f16       f16=xxxxxxxx f13:4108fc3f f16:40004b15
18585665ns          330525 1c0086be 11852303 lw               x6, 280(x10)         x6=3f8097ca x10:1c011170  PA:1c011288
18585983ns          330541 1c0086c2 01c7a383 lw               x7, 28(x15)          x7=40b49c8e x15:1c010c78  PA:1c010c94
18586281ns          330556 1c0086c6 88887843 fmadd.s          f16, f16, f8, f17   f16=xxxxxxxx f16:41894c99  f8:400fb53c f17:44815ae5
18586301ns          330557 1c0086ca 1066f353 fmul.s           f6, f13, f6          f6=xxxxxxxx f13:4108fc3f  f6:3f8097ca
18586321ns          330558 1c0086ce 14052883 lw               x17, 320(x10)       x17=40842637 x10:1c011170  PA:1c0112b0
18586619ns          330573 1c0086d2 0207a403 lw               x8, 32(x15)          x8=40920122 x15:1c010c78  PA:1c010c98
18586918ns          330588 1c0086d4 80737343 fmadd.s          f6, f6, f7, f16      f6=xxxxxxxx  f6:41099eb1  f7:40b49c8e f16:44862c15
18586938ns          330589 1c0086d8 1116f8d3 fmul.s           f17, f13, f17       f17=xxxxxxxx f13:4108fc3f f17:40842637
18586957ns          330590 1c0086dc 16852803 lw               x16, 360(x10)       x16=40e72640 x10:1c011170  PA:1c0112d8
18587276ns          330606 1c0086e0 0247a383 lw               x7, 36(x15)          x7=3f91cf6a x15:1c010c78  PA:1c010c9c
18587574ns          330621 1c0086e4 3088f8c3 fmadd.s          f17, f17, f8, f6    f17=xxxxxxxx f17:420d6d07  f8:40920122  f6:448c3d91
18587594ns          330622 1c0086e8 1106f853 fmul.s           f16, f13, f16       f16=xxxxxxxx f13:4108fc3f f16:40e72640
18587614ns          330623 1c0086ec 000ea303 lw               x6, 0(x29)           x6=3eb89462 x29:10001fe0  PA:10001fe0
18587634ns          330624 1c0086f0 02878793 addi             x15, x15, 40        x15=1c010ca0 x15:1c010c78
18587654ns          330625 1c0086f4 88787843 fmadd.s          f16, f16, f7, f17   f16=xxxxxxxx f16:42776029  f7:3f91cf6a f17:44a067c5
18587674ns          330626 1c0086f8 80e37843 fmadd.s          f16, f6, f14, f16   f16=xxxxxxxx  f6:3eb89462 f14:410568ab f16:44a93623
18587693ns          330627 1c0086fc 030ea42b p.sw             x16, 40(x29!)       x29=10002008 x16:44a99654 x29:10001fe0  PA:10001fe0
18587713ns          330628 1c008700 00460613 addi             x12, x12, 4         x12=10001e7c x12:10001e78
18587733ns          330629 1c008702 00450513 addi             x10, x10, 4         x10=1c011174 x10:1c011170
18587773ns          330631 1c008632 40b28e33 sub              x28, x5, x11        x28=00000190  x5:1c010ca0 x11:1c010b10
18587793ns          330632 1c008636 fd8e0e13 addi             x28, x28, -40       x28=00000168 x28:00000190
18587813ns          330633 1c00863a 0cccd7b7 lui              x15, 0xcccd000      x15=0cccd000
18587833ns          330634 1c00863e ccd78793 addi             x15, x15, -819      x15=0ccccccd x15:0cccd000
18587853ns          330635 1c008642 003e5e13 srli             x28, x28, 0x3       x28=0000002d x28:00000168
18587872ns          330636 1c008646 02fe0e33 mul              x28, x28, x15       x28=40000009 x28:0000002d x15:0ccccccd
18587892ns          330637 1c00864a c5de3e33 p.bclr           x28, x28, 2, 29     x28=00000009 x28:40000009
18587912ns          330638 1c00864e 00b007b3 add              x15, x0, x11        x15=1c010b10 x11:1c010b10
18587932ns          330639 1c008650 00c00eb3 add              x29, x0, x12        x29=10001e7c x12:10001e7c
18587952ns          330640 1c008652 001e0e13 addi             x28, x28, 1         x28=0000000a x28:00000009
18587972ns          330641 1c008654 054e40fb lp.setup         0x1, x28, 0x54      x28:0000000a
18587992ns          330642 1c008658 00052803 lw               x16, 0(x10)         x16=410b9985 x10:1c011174  PA:1c011174
18588290ns          330657 1c00865c 0007a883 lw               x17, 0(x15)         x17=40cda545 x15:1c010b10  PA:1c010b10
18588608ns          330673 1c008660 1106f853 fmul.s           f16, f13, f16       f16=xxxxxxxx f13:4108fc3f f16:410b9985
18588628ns          330674 1c008664 02852303 lw               x6, 40(x10)          x6=4090eaa5 x10:1c011174  PA:1c01119c
18588927ns          330689 1c008668 0047a383 lw               x7, 4(x15)           x7=40f08a50 x15:1c010b10  PA:1c010b14
18589225ns          330704 1c00866c f1187843 fmadd.s          f16, f16, f17, f30  f16=xxxxxxxx f16:42956638 f17:40cda545 f30:00000000
18589245ns          330705 1c008670 1066f353 fmul.s           f6, f13, f6          f6=xxxxxxxx f13:4108fc3f  f6:4090eaa5
18589265ns          330706 1c008674 05052883 lw               x17, 80(x10)        x17=40621fe3 x10:1c011174  PA:1c0111c4
18589563ns          330721 1c008678 0087a403 lw               x8, 8(x15)           x8=41134027 x15:1c010b10  PA:1c010b18
18589862ns          330736 1c00867a 80737343 fmadd.s          f6, f6, f7, f16      f6=xxxxxxxx  f6:421b16e5  f7:40f08a50 f16:43f0069c
18589881ns          330737 1c00867e 1116f8d3 fmul.s           f17, f13, f17       f17=xxxxxxxx f13:4108fc3f f17:40621fe3
18589901ns          330738 1c008682 07852803 lw               x16, 120(x10)       x16=3f7df7b7 x10:1c011174  PA:1c0111ec
18590200ns          330753 1c008686 00c7a383 lw               x7, 12(x15)          x7=3fc00009 x15:1c010b10  PA:1c010b1c
18590498ns          330768 1c00868a 3088f8c3 fmadd.s          f17, f17, f8, f6    f17=xxxxxxxx f17:41f1ff7f  f8:41134027  f6:4440dfef
18590518ns          330769 1c00868e 1106f853 fmul.s           f16, f13, f16       f16=xxxxxxxx f13:4108fc3f f16:3f7df7b7
18590538ns          330770 1c008692 0a052303 lw               x6, 160(x10)         x6=4043fe5f x10:1c011174  PA:1c011214
18590836ns          330785 1c008696 0107a403 lw               x8, 16(x15)          x8=41028837 x15:1c010b10  PA:1c010b20
18591135ns          330800 1c008698 88787843 fmadd.s          f16, f16, f7, f17   f16=xxxxxxxx f16:4107e5d8  f7:3fc00009 f17:44833c8e
18591154ns          330801 1c00869c 1066f353 fmul.s           f6, f13, f6          f6=xxxxxxxx f13:4108fc3f  f6:4043fe5f
18591174ns          330802 1c0086a0 0c852883 lw               x17, 200(x10)       x17=40aedd77 x10:1c011174  PA:1c01123c
18591473ns          330817 1c0086a4 0147a383 lw               x7, 20(x15)          x7=40be76b1 x15:1c010b10  PA:1c010b24
18591771ns          330832 1c0086a8 80837343 fmadd.s          f6, f6, f8, f16      f6=xxxxxxxx  f6:41d1c082  f8:41028837 f16:4484d440
18591791ns          330833 1c0086ac 1116f8d3 fmul.s           f17, f13, f17       f17=xxxxxxxx f13:4108fc3f f17:40aedd77
18591811ns          330834 1c0086b0 0f052803 lw               x16, 240(x10)       x16=40ac26b6 x10:1c011174  PA:1c011264
18592109ns          330849 1c0086b4 0187a403 lw               x8, 24(x15)          x8=410dec9e x15:1c010b10  PA:1c010b28
18592408ns          330864 1c0086b6 3078f8c3 fmadd.s          f17, f17, f7, f6    f17=xxxxxxxx f17:423b23e9  f7:40be76b1  f6:449f9117
18592427ns          330865 1c0086ba 1106f853 fmul.s           f16, f13, f16       f16=xxxxxxxx f13:4108fc3f f16:40ac26b6
18592447ns          330866 1c0086be 11852303 lw               x6, 280(x10)         x6=40cd9847 x10:1c011174  PA:1c01128c
18592746ns          330881 1c0086c2 01c7a383 lw               x7, 28(x15)          x7=407ef751 x15:1c010b10  PA:1c010b2c
18593044ns          330896 1c0086c6 88887843 fmadd.s          f16, f16, f8, f17   f16=xxxxxxxx f16:42383c62  f8:410dec9e f17:44c25ff2
18593064ns          330897 1c0086ca 1066f353 fmul.s           f6, f13, f6          f6=xxxxxxxx f13:4108fc3f  f6:40cd9847
18593084ns          330898 1c0086ce 14052883 lw               x17, 320(x10)       x17=40156831 x10:1c011174  PA:1c0112b4
18593382ns          330913 1c0086d2 0207a403 lw               x8, 32(x15)          x8=40b312ba x15:1c010b10  PA:1c010b30
18593681ns          330928 1c0086d4 80737343 fmadd.s          f6, f6, f7, f16      f6=xxxxxxxx  f6:425c06f4  f7:407ef751 f16:44f571b8
18593700ns          330929 1c0086d8 1116f8d3 fmul.s           f17, f13, f17       f17=xxxxxxxx f13:4108fc3f f17:40156831
18593720ns          330930 1c0086dc 16852803 lw               x16, 360(x10)       x16=40a864bf x10:1c011174  PA:1c0112dc
18594039ns          330946 1c0086e0 0247a383 lw               x7, 36(x15)          x7=4087f7f0 x15:1c010b10  PA:1c010b34
18594337ns          330961 1c0086e4 3088f8c3 fmadd.s          f17, f17, f8, f6    f17=xxxxxxxx f17:419fe523  f8:40b312ba  f6:45086b13
18594357ns          330962 1c0086e8 1106f853 fmul.s           f16, f13, f16       f16=xxxxxxxx f13:4108fc3f f16:40a864bf
18594377ns          330963 1c0086ec 000ea303 lw               x6, 0(x29)           x6=406af036 x29:10001e7c  PA:10001e7c
18594397ns          330964 1c0086f0 02878793 addi             x15, x15, 40        x15=1c010b38 x15:1c010b10
18594417ns          330965 1c0086f4 88787843 fmadd.s          f16, f16, f7, f17   f16=xxxxxxxx f16:423436e4  f7:4087f7f0 f17:450f68a2
18594436ns          330966 1c0086f8 80e37843 fmadd.s          f16, f6, f14, f16   f16=xxxxxxxx  f6:406af036 f14:410568ab f16:451b5f92
18594456ns          330967 1c0086fc 030ea42b p.sw             x16, 40(x29!)       x29=10001ea4 x16:451d494d x29:10001e7c  PA:10001e7c
18594476ns          330968 1c008658 00052803 lw               x16, 0(x10)         x16=410b9985 x10:1c011174  PA:1c011174
18594775ns          330983 1c00865c 0007a883 lw               x17, 0(x15)         x17=40e744fc x15:1c010b38  PA:1c010b38
18595073ns          330998 1c008660 1106f853 fmul.s           f16, f13, f16       f16=xxxxxxxx f13:4108fc3f f16:410b9985
18595093ns          330999 1c008664 02852303 lw               x6, 40(x10)          x6=4090eaa5 x10:1c011174  PA:1c01119c
18595391ns          331014 1c008668 0047a383 lw               x7, 4(x15)           x7=4119cb83 x15:1c010b38  PA:1c010b3c
18595690ns          331029 1c00866c f1187843 fmadd.s          f16, f16, f17, f30  f16=xxxxxxxx f16:42956638 f17:40e744fc f30:00000000
18595709ns          331030 1c008670 1066f353 fmul.s           f6, f13, f6          f6=xxxxxxxx f13:4108fc3f  f6:4090eaa5
18595729ns          331031 1c008674 05052883 lw               x17, 80(x10)        x17=40621fe3 x10:1c011174  PA:1c0111c4
18596028ns          331046 1c008678 0087a403 lw               x8, 8(x15)           x8=3fedbab9 x15:1c010b38  PA:1c010b40
18596326ns          331061 1c00867a 80737343 fmadd.s          f6, f6, f7, f16      f6=xxxxxxxx  f6:421b16e5  f7:4119cb83 f16:4406f77f
18596346ns          331062 1c00867e 1116f8d3 fmul.s           f17, f13, f17       f17=xxxxxxxx f13:4108fc3f f17:40621fe3
18596366ns          331063 1c008682 07852803 lw               x16, 120(x10)       x16=3f7df7b7 x10:1c011174  PA:1c0111ec
18596684ns          331079 1c008686 00c7a383 lw               x7, 12(x15)          x7=3eef5305 x15:1c010b38  PA:1c010b44
18596982ns          331094 1c00868a 3088f8c3 fmadd.s          f17, f17, f8, f6    f17=xxxxxxxx f17:41f1ff7f  f8:3fedbab9  f6:44642378
18597002ns          331095 1c00868e 1106f853 fmul.s           f16, f13, f16       f16=xxxxxxxx f13:4108fc3f f16:3f7df7b7
18597022ns          331096 1c008692 0a052303 lw               x6, 160(x10)         x6=4043fe5f x10:1c011174  PA:1c011214
18597321ns          331111 1c008696 0107a403 lw               x8, 16(x15)          x8=40ad0325 x15:1c010b38  PA:1c010b48
18597619ns          331126 1c008698 88787843 fmadd.s          f16, f16, f7, f17   f16=xxxxxxxx f16:4107e5d8  f7:3eef5305 f17:44722f19
18597639ns          331127 1c00869c 1066f353 fmul.s           f6, f13, f6          f6=xxxxxxxx f13:4108fc3f  f6:4043fe5f
18597659ns          331128 1c0086a0 0c852883 lw               x17, 200(x10)       x17=40aedd77 x10:1c011174  PA:1c01123c
18597977ns          331144 1c0086a4 0147a383 lw               x7, 20(x15)          x7=3f56fa5e x15:1c010b38  PA:1c010b4c
18598275ns          331159 1c0086a8 80837343 fmadd.s          f6, f6, f8, f16      f6=xxxxxxxx  f6:41d1c082  f8:40ad0325 f16:44732d30
18598295ns          331160 1c0086ac 1116f8d3 fmul.s           f17, f13, f17       f17=xxxxxxxx f13:4108fc3f f17:40aedd77
18598315ns          331161 1c0086b0 0f052803 lw               x16, 240(x10)       x16=40ac26b6 x10:1c011174  PA:1c011264
18598613ns          331176 1c0086b4 0187a403 lw               x8, 24(x15)          x8=407c65f3 x15:1c010b38  PA:1c010b50
18598912ns          331191 1c0086b6 3078f8c3 fmadd.s          f17, f17, f7, f6    f17=xxxxxxxx f17:423b23e9  f7:3f56fa5e  f6:448b4ecd
18598932ns          331192 1c0086ba 1106f853 fmul.s           f16, f13, f16       f16=xxxxxxxx f13:4108fc3f f16:40ac26b6
18598952ns          331193 1c0086be 11852303 lw               x6, 280(x10)         x6=40cd9847 x10:1c011174  PA:1c01128c
18599270ns          331209 1c0086c2 01c7a383 lw               x7, 28(x15)          x7=410d50e8 x15:1c010b38  PA:1c010b54
18599568ns          331224 1c0086c6 88887843 fmadd.s          f16, f16, f8, f17   f16=xxxxxxxx f16:42383c62  f8:407c65f3 f17:44903805
18599588ns          331225 1c0086ca 1066f353 fmul.s           f6, f13, f6          f6=xxxxxxxx f13:4108fc3f  f6:40cd9847
18599608ns          331226 1c0086ce 14052883 lw               x17, 320(x10)       x17=40156831 x10:1c011174  PA:1c0112b4
18599906ns          331241 1c0086d2 0207a403 lw               x8, 32(x15)          x8=410b2aa7 x15:1c010b38  PA:1c010b58
18600205ns          331256 1c0086d4 80737343 fmadd.s          f6, f6, f7, f16      f6=xxxxxxxx  f6:425c06f4  f7:410d50e8 f16:44a6ec9f
18600225ns          331257 1c0086d8 1116f8d3 fmul.s           f17, f13, f17       f17=xxxxxxxx f13:4108fc3f f17:40156831
18600245ns          331258 1c0086dc 16852803 lw               x16, 360(x10)       x16=40a864bf x10:1c011174  PA:1c0112dc
18600543ns          331273 1c0086e0 0247a383 lw               x7, 36(x15)          x7=40f5b887 x15:1c010b38  PA:1c010b5c
18600841ns          331288 1c0086e4 3088f8c3 fmadd.s          f17, f17, f8, f6    f17=xxxxxxxx f17:419fe523  f8:410b2aa7  f6:44e3a74e
18600861ns          331289 1c0086e8 1106f853 fmul.s           f16, f13, f16       f16=xxxxxxxx f13:4108fc3f f16:40a864bf
18600881ns          331290 1c0086ec 000ea303 lw               x6, 0(x29)           x6=409921ef x29:10001ea4  PA:10001ea4
18600901ns          331291 1c0086f0 02878793 addi             x15, x15, 40        x15=1c010b60 x15:1c010b38
18600921ns          331292 1c0086f4 88787843 fmadd.s          f16, f16, f7, f17   f16=xxxxxxxx f16:423436e4  f7:40f5b887 f17:44f96251
18600941ns          331293 1c0086f8 80e37843 fmadd.s          f16, f6, f14, f16   f16=xxxxxxxx  f6:409921ef f14:410568ab f16:45125076
18600961ns          331294 1c0086fc 030ea42b p.sw             x16, 40(x29!)       x29=10001ecc x16:4514cee0 x29:10001ea4  PA:10001ea4
18600980ns          331295 1c008658 00052803 lw               x16, 0(x10)         x16=410b9985 x10:1c011174  PA:1c011174
18601279ns          331310 1c00865c 0007a883 lw               x17, 0(x15)         x17=408437c5 x15:1c010b60  PA:1c010b60
18601577ns          331325 1c008660 1106f853 fmul.s           f16, f13, f16       f16=xxxxxxxx f13:4108fc3f f16:410b9985
18601597ns          331326 1c008664 02852303 lw               x6, 40(x10)          x6=4090eaa5 x10:1c011174  PA:1c01119c
18601895ns          331341 1c008668 0047a383 lw               x7, 4(x15)           x7=40ed961d x15:1c010b60  PA:1c010b64
18602194ns          331356 1c00866c f1187843 fmadd.s          f16, f16, f17, f30  f16=xxxxxxxx f16:42956638 f17:408437c5 f30:00000000
18602214ns          331357 1c008670 1066f353 fmul.s           f6, f13, f6          f6=xxxxxxxx f13:4108fc3f  f6:4090eaa5
18602234ns          331358 1c008674 05052883 lw               x17, 80(x10)        x17=40621fe3 x10:1c011174  PA:1c0111c4
18602532ns          331373 1c008678 0087a403 lw               x8, 8(x15)           x8=410b9643 x15:1c010b60  PA:1c010b68
18602830ns          331388 1c00867a 80737343 fmadd.s          f6, f6, f7, f16      f6=xxxxxxxx  f6:421b16e5  f7:40ed961d f16:439a5282
18602850ns          331389 1c00867e 1116f8d3 fmul.s           f17, f13, f17       f17=xxxxxxxx f13:4108fc3f f17:40621fe3
18602870ns          331390 1c008682 07852803 lw               x16, 120(x10)       x16=3f7df7b7 x10:1c011174  PA:1c0111ec
18603168ns          331405 1c008686 00c7a383 lw               x7, 12(x15)          x7=3fa0a167 x15:1c010b60  PA:1c010b6c
18603467ns          331420 1c00868a 3088f8c3 fmadd.s          f17, f17, f8, f6    f17=xxxxxxxx f17:41f1ff7f  f8:410b9643  f6:441520d2
18603487ns          331421 1c00868e 1106f853 fmul.s           f16, f13, f16       f16=xxxxxxxx f13:4108fc3f f16:3f7df7b7
18603507ns          331422 1c008692 0a052303 lw               x6, 160(x10)         x6=4043fe5f x10:1c011174  PA:1c011214
18603805ns          331437 1c008696 0107a403 lw               x8, 16(x15)          x8=411beb61 x15:1c010b60  PA:1c010b70
18604103ns          331452 1c008698 88787843 fmadd.s          f16, f16, f7, f17   f16=xxxxxxxx f16:4107e5d8  f7:3fa0a167 f17:44571ab4
18604123ns          331453 1c00869c 1066f353 fmul.s           f6, f13, f6          f6=xxxxxxxx f13:4108fc3f  f6:4043fe5f
18604143ns          331454 1c0086a0 0c852883 lw               x17, 200(x10)       x17=40aedd77 x10:1c011174  PA:1c01123c
18604441ns          331469 1c0086a4 0147a383 lw               x7, 20(x15)          x7=40a15457 x15:1c010b60  PA:1c010b74
18604740ns          331484 1c0086a8 80837343 fmadd.s          f6, f6, f8, f16      f6=xxxxxxxx  f6:41d1c082  f8:411beb61 f16:4459c4df
18604760ns          331485 1c0086ac 1116f8d3 fmul.s           f17, f13, f17       f17=xxxxxxxx f13:4108fc3f f17:40aedd77
18604780ns          331486 1c0086b0 0f052803 lw               x16, 240(x10)       x16=40ac26b6 x10:1c011174  PA:1c011264
18605078ns          331501 1c0086b4 0187a403 lw               x8, 24(x15)          x8=40f27469 x15:1c010b60  PA:1c010b78
18605376ns          331516 1c0086b6 3078f8c3 fmadd.s          f17, f17, f7, f6    f17=xxxxxxxx f17:423b23e9  f7:40a15457  f6:448cd28a
18605396ns          331517 1c0086ba 1106f853 fmul.s           f16, f13, f16       f16=xxxxxxxx f13:4108fc3f f16:40ac26b6
18605416ns          331518 1c0086be 11852303 lw               x6, 280(x10)         x6=40cd9847 x10:1c011174  PA:1c01128c
18605714ns          331533 1c0086c2 01c7a383 lw               x7, 28(x15)          x7=40c477c3 x15:1c010b60  PA:1c010b7c
18606033ns          331549 1c0086c6 88887843 fmadd.s          f16, f16, f8, f17   f16=xxxxxxxx f16:42383c62  f8:40f27469 f17:44aa4e59
18606053ns          331550 1c0086ca 1066f353 fmul.s           f6, f13, f6          f6=xxxxxxxx f13:4108fc3f  f6:40cd9847
18606073ns          331551 1c0086ce 14052883 lw               x17, 320(x10)       x17=40156831 x10:1c011174  PA:1c0112b4
18606371ns          331566 1c0086d2 0207a403 lw               x8, 32(x15)          x8=41175a38 x15:1c010b60  PA:1c010b80
18606669ns          331581 1c0086d4 80737343 fmadd.s          f6, f6, f7, f16      f6=xxxxxxxx  f6:425c06f4  f7:40c477c3 f16:44d5ed90
18606689ns          331582 1c0086d8 1116f8d3 fmul.s           f17, f13, f17       f17=xxxxxxxx f13:4108fc3f f17:40156831
18606709ns          331583 1c0086dc 16852803 lw               x16, 360(x10)       x16=40a864bf x10:1c011174  PA:1c0112dc
18607007ns          331598 1c0086e0 0247a383 lw               x7, 36(x15)          x7=3ff9e780 x15:1c010b60  PA:1c010b84
18607346ns          331615 1c0086e4 3088f8c3 fmadd.s          f17, f17, f8, f6    f17=xxxxxxxx f17:419fe523  f8:41175a38  f6:45001250
18607365ns          331616 1c0086e8 1106f853 fmul.s           f16, f13, f16       f16=xxxxxxxx f13:4108fc3f f16:40a864bf
18607385ns          331617 1c0086ec 000ea303 lw               x6, 0(x29)           x6=408ccbea x29:10001ecc  PA:10001ecc
18607405ns          331618 1c0086f0 02878793 addi             x15, x15, 40        x15=1c010b88 x15:1c010b60
18607425ns          331619 1c0086f4 88787843 fmadd.s          f16, f16, f7, f17   f16=xxxxxxxx f16:423436e4  f7:3ff9e780 f17:450be360
18607445ns          331620 1c0086f8 80e37843 fmadd.s          f16, f6, f14, f16   f16=xxxxxxxx  f6:408ccbea f14:410568ab f16:451162c3
18607465ns          331621 1c0086fc 030ea42b p.sw             x16, 40(x29!)       x29=10001ef4 x16:4513adbf x29:10001ecc  PA:10001ecc
18607485ns          331622 1c008658 00052803 lw               x16, 0(x10)         x16=410b9985 x10:1c011174  PA:1c011174
18607783ns          331637 1c00865c 0007a883 lw               x17, 0(x15)         x17=40c4247b x15:1c010b88  PA:1c010b88
18608081ns          331652 1c008660 1106f853 fmul.s           f16, f13, f16       f16=xxxxxxxx f13:4108fc3f f16:410b9985
18608101ns          331653 1c008664 02852303 lw               x6, 40(x10)          x6=4090eaa5 x10:1c011174  PA:1c01119c
18608400ns          331668 1c008668 0047a383 lw               x7, 4(x15)           x7=40bb9d4f x15:1c010b88  PA:1c010b8c
18608698ns          331683 1c00866c f1187843 fmadd.s          f16, f16, f17, f30  f16=xxxxxxxx f16:42956638 f17:40c4247b f30:00000000
18608718ns          331684 1c008670 1066f353 fmul.s           f6, f13, f6          f6=xxxxxxxx f13:4108fc3f  f6:4090eaa5
18608738ns          331685 1c008674 05052883 lw               x17, 80(x10)        x17=40621fe3 x10:1c011174  PA:1c0111c4
18609036ns          331700 1c008678 0087a403 lw               x8, 8(x15)           x8=41196e5d x15:1c010b88  PA:1c010b90
18609335ns          331715 1c00867a 80737343 fmadd.s          f6, f6, f7, f16      f6=xxxxxxxx  f6:421b16e5  f7:40bb9d4f f16:43e4ef1a
18609354ns          331716 1c00867e 1116f8d3 fmul.s           f17, f13, f17       f17=xxxxxxxx f13:4108fc3f f17:40621fe3
18609374ns          331717 1c008682 07852803 lw               x16, 120(x10)       x16=3f7df7b7 x10:1c011174  PA:1c0111ec
18609673ns          331732 1c008686 00c7a383 lw               x7, 12(x15)          x7=40ae3ac2 x15:1c010b88  PA:1c010b94
18609991ns          331748 1c00868a 3088f8c3 fmadd.s          f17, f17, f8, f6    f17=xxxxxxxx f17:41f1ff7f  f8:41196e5d  f6:442b4c10
18610011ns          331749 1c00868e 1106f853 fmul.s           f16, f13, f16       f16=xxxxxxxx f13:4108fc3f f16:3f7df7b7
18610031ns          331750 1c008692 0a052303 lw               x6, 160(x10)         x6=4043fe5f x10:1c011174  PA:1c011214
18610329ns          331765 1c008696 0107a403 lw               x8, 16(x15)          x8=40ad1860 x15:1c010b88  PA:1c010b98
18610627ns          331780 1c008698 88787843 fmadd.s          f16, f16, f7, f17   f16=xxxxxxxx f16:4107e5d8  f7:40ae3ac2 f17:4473d113
18610647ns          331781 1c00869c 1066f353 fmul.s           f6, f13, f6          f6=xxxxxxxx f13:4108fc3f  f6:4043fe5f
18610667ns          331782 1c0086a0 0c852883 lw               x17, 200(x10)       x17=40aedd77 x10:1c011174  PA:1c01123c
18610966ns          331797 1c0086a4 0147a383 lw               x7, 20(x15)          x7=4007d079 x15:1c010b88  PA:1c010b9c
18611284ns          331813 1c0086a8 80837343 fmadd.s          f6, f6, f8, f16      f6=xxxxxxxx  f6:41d1c082  f8:40ad1860 f16:447f60c0
18611304ns          331814 1c0086ac 1116f8d3 fmul.s           f17, f13, f17       f17=xxxxxxxx f13:4108fc3f f17:40aedd77
18611324ns          331815 1c0086b0 0f052803 lw               x16, 240(x10)       x16=40ac26b6 x10:1c011174  PA:1c011264
18611622ns          331830 1c0086b4 0187a403 lw               x8, 24(x15)          x8=410d9791 x15:1c010b88  PA:1c010ba0
18611920ns          331845 1c0086b6 3078f8c3 fmadd.s          f17, f17, f7, f6    f17=xxxxxxxx f17:423b23e9  f7:4007d079  f6:44916ac2
18611940ns          331846 1c0086ba 1106f853 fmul.s           f16, f13, f16       f16=xxxxxxxx f13:4108fc3f f16:40ac26b6
18611960ns          331847 1c0086be 11852303 lw               x6, 280(x10)         x6=40cd9847 x10:1c011174  PA:1c01128c
18612259ns          331862 1c0086c2 01c7a383 lw               x7, 28(x15)          x7=40b60664 x15:1c010b88  PA:1c010ba4
18612577ns          331878 1c0086c6 88887843 fmadd.s          f16, f16, f8, f17   f16=xxxxxxxx f16:42383c62  f8:410d9791 f17:449dd3cd
18612597ns          331879 1c0086ca 1066f353 fmul.s           f6, f13, f6          f6=xxxxxxxx f13:4108fc3f  f6:40cd9847
18612617ns          331880 1c0086ce 14052883 lw               x17, 320(x10)       x17=40156831 x10:1c011174  PA:1c0112b4
18612915ns          331895 1c0086d2 0207a403 lw               x8, 32(x15)          x8=40fff281 x15:1c010b88  PA:1c010ba8
18613213ns          331910 1c0086d4 80737343 fmadd.s          f6, f6, f7, f16      f6=xxxxxxxx  f6:425c06f4  f7:40b60664 f16:44d0c6f8
18613233ns          331911 1c0086d8 1116f8d3 fmul.s           f17, f13, f17       f17=xxxxxxxx f13:4108fc3f f17:40156831
18613253ns          331912 1c0086dc 16852803 lw               x16, 360(x10)       x16=40a864bf x10:1c011174  PA:1c0112dc
18613551ns          331927 1c0086e0 0247a383 lw               x7, 36(x15)          x7=3deed019 x15:1c010b88  PA:1c010bac
18613850ns          331942 1c0086e4 3088f8c3 fmadd.s          f17, f17, f8, f6    f17=xxxxxxxx f17:419fe523  f8:40fff281  f6:44f7e394
18613870ns          331943 1c0086e8 1106f853 fmul.s           f16, f13, f16       f16=xxxxxxxx f13:4108fc3f f16:40a864bf
18613890ns          331944 1c0086ec 000ea303 lw               x6, 0(x29)           x6=4055b2c7 x29:10001ef4  PA:10001ef4
18613909ns          331945 1c0086f0 02878793 addi             x15, x15, 40        x15=1c010bb0 x15:1c010b88
18613929ns          331946 1c0086f4 88787843 fmadd.s          f16, f16, f7, f17   f16=xxxxxxxx f16:423436e4  f7:3deed019 f17:4505ef95
18613949ns          331947 1c0086f8 80e37843 fmadd.s          f16, f6, f14, f16   f16=xxxxxxxx  f6:4055b2c7 f14:410568ab f16:450643a4
18613969ns          331948 1c0086fc 030ea42b p.sw             x16, 40(x29!)       x29=10001f1c x16:45080119 x29:10001ef4  PA:10001ef4
18613989ns          331949 1c008658 00052803 lw               x16, 0(x10)         x16=410b9985 x10:1c011174  PA:1c011174
18614287ns          331964 1c00865c 0007a883 lw               x17, 0(x15)         x17=410671ff x15:1c010bb0  PA:1c010bb0
18614586ns          331979 1c008660 1106f853 fmul.s           f16, f13, f16       f16=xxxxxxxx f13:4108fc3f f16:410b9985
18614606ns          331980 1c008664 02852303 lw               x6, 40(x10)          x6=4090eaa5 x10:1c011174  PA:1c01119c
18614904ns          331995 1c008668 0047a383 lw               x7, 4(x15)           x7=40b8f6e2 x15:1c010bb0  PA:1c010bb4
18615202ns          332010 1c00866c f1187843 fmadd.s          f16, f16, f17, f30  f16=xxxxxxxx f16:42956638 f17:410671ff f30:00000000
18615222ns          332011 1c008670 1066f353 fmul.s           f6, f13, f6          f6=xxxxxxxx f13:4108fc3f  f6:4090eaa5
18615242ns          332012 1c008674 05052883 lw               x17, 80(x10)        x17=40621fe3 x10:1c011174  PA:1c0111c4
18615541ns          332027 1c008678 0087a403 lw               x8, 8(x15)           x8=4080fb0c x15:1c010bb0  PA:1c010bb8
18615839ns          332042 1c00867a 80737343 fmadd.s          f6, f6, f7, f16      f6=xxxxxxxx  f6:421b16e5  f7:40b8f6e2 f16:441cec10
18615859ns          332043 1c00867e 1116f8d3 fmul.s           f17, f13, f17       f17=xxxxxxxx f13:4108fc3f f17:40621fe3
18615879ns          332044 1c008682 07852803 lw               x16, 120(x10)       x16=3f7df7b7 x10:1c011174  PA:1c0111ec
18616177ns          332059 1c008686 00c7a383 lw               x7, 12(x15)          x7=40aa66ec x15:1c010bb0  PA:1c010bbc
18616475ns          332074 1c00868a 3088f8c3 fmadd.s          f17, f17, f8, f6    f17=xxxxxxxx f17:41f1ff7f  f8:4080fb0c  f6:4454f313
18616495ns          332075 1c00868e 1106f853 fmul.s           f16, f13, f16       f16=xxxxxxxx f13:4108fc3f f16:3f7df7b7
18616515ns          332076 1c008692 0a052303 lw               x6, 160(x10)         x6=4043fe5f x10:1c011174  PA:1c011214
18616814ns          332091 1c008696 0107a403 lw               x8, 16(x15)          x8=4114eab4 x15:1c010bb0  PA:1c010bc0
18617112ns          332106 1c008698 88787843 fmadd.s          f16, f16, f7, f17   f16=xxxxxxxx f16:4107e5d8  f7:40aa66ec f17:44736e57
18617132ns          332107 1c00869c 1066f353 fmul.s           f6, f13, f6          f6=xxxxxxxx f13:4108fc3f  f6:4043fe5f
18617152ns          332108 1c0086a0 0c852883 lw               x17, 200(x10)       x17=40aedd77 x10:1c011174  PA:1c01123c
18617450ns          332123 1c0086a4 0147a383 lw               x7, 20(x15)          x7=406a57db x15:1c010bb0  PA:1c010bc4
18617748ns          332138 1c0086a8 80837343 fmadd.s          f6, f6, f8, f16      f6=xxxxxxxx  f6:41d1c082  f8:4114eab4 f16:447ebd00
18617768ns          332139 1c0086ac 1116f8d3 fmul.s           f17, f13, f17       f17=xxxxxxxx f13:4108fc3f f17:40aedd77
18617788ns          332140 1c0086b0 0f052803 lw               x16, 240(x10)       x16=40ac26b6 x10:1c011174  PA:1c011264
18618087ns          332155 1c0086b4 0187a403 lw               x8, 24(x15)          x8=411a89f7 x15:1c010bb0  PA:1c010bc8
18618385ns          332170 1c0086b6 3078f8c3 fmadd.s          f17, f17, f7, f6    f17=xxxxxxxx f17:423b23e9  f7:406a57db  f6:449ddf66
18618405ns          332171 1c0086ba 1106f853 fmul.s           f16, f13, f16       f16=xxxxxxxx f13:4108fc3f f16:40ac26b6
18618425ns          332172 1c0086be 11852303 lw               x6, 280(x10)         x6=40cd9847 x10:1c011174  PA:1c01128c
18618723ns          332187 1c0086c2 01c7a383 lw               x7, 28(x15)          x7=410c9a00 x15:1c010bb0  PA:1c010bcc
18619021ns          332202 1c0086c6 88887843 fmadd.s          f16, f16, f8, f17   f16=xxxxxxxx f16:42383c62  f8:411a89f7 f17:44b34948
18619041ns          332203 1c0086ca 1066f353 fmul.s           f6, f13, f6          f6=xxxxxxxx f13:4108fc3f  f6:40cd9847
18619061ns          332204 1c0086ce 14052883 lw               x17, 320(x10)       x17=40156831 x10:1c011174  PA:1c0112b4
18619360ns          332219 1c0086d2 0207a403 lw               x8, 32(x15)          x8=406ec75b x15:1c010bb0  PA:1c010bd0
18619658ns          332234 1c0086d4 80737343 fmadd.s          f6, f6, f7, f16      f6=xxxxxxxx  f6:425c06f4  f7:410c9a00 f16:44eae517
18619678ns          332235 1c0086d8 1116f8d3 fmul.s           f17, f13, f17       f17=xxxxxxxx f13:4108fc3f f17:40156831
18619698ns          332236 1c0086dc 16852803 lw               x16, 360(x10)       x16=40a864bf x10:1c011174  PA:1c0112dc
18619996ns          332251 1c0086e0 0247a383 lw               x7, 36(x15)          x7=3f24dd60 x15:1c010bb0  PA:1c010bd4
18620294ns          332266 1c0086e4 3088f8c3 fmadd.s          f17, f17, f8, f6    f17=xxxxxxxx f17:419fe523  f8:406ec75b  f6:4513a896
18620314ns          332267 1c0086e8 1106f853 fmul.s           f16, f13, f16       f16=xxxxxxxx f13:4108fc3f f16:40a864bf
18620334ns          332268 1c0086ec 000ea303 lw               x6, 0(x29)           x6=411b47b3 x29:10001f1c  PA:10001f1c
18620354ns          332269 1c0086f0 02878793 addi             x15, x15, 40        x15=1c010bd8 x15:1c010bb0
18620374ns          332270 1c0086f4 88787843 fmadd.s          f16, f16, f7, f17   f16=xxxxxxxx f16:423436e4  f7:3f24dd60 f17:451851b2
18620394ns          332271 1c0086f8 80e37843 fmadd.s          f16, f6, f14, f16   f16=xxxxxxxx  f6:411b47b3 f14:410568ab f16:451a21ee
18620414ns          332272 1c0086fc 030ea42b p.sw             x16, 40(x29!)       x29=10001f44 x16:451f30aa x29:10001f1c  PA:10001f1c
18620434ns          332273 1c008658 00052803 lw               x16, 0(x10)         x16=410b9985 x10:1c011174  PA:1c011174
18620732ns          332288 1c00865c 0007a883 lw               x17, 0(x15)         x17=4084e048 x15:1c010bd8  PA:1c010bd8
18621030ns          332303 1c008660 1106f853 fmul.s           f16, f13, f16       f16=xxxxxxxx f13:4108fc3f f16:410b9985
18621050ns          332304 1c008664 02852303 lw               x6, 40(x10)          x6=4090eaa5 x10:1c011174  PA:1c01119c
18621349ns          332319 1c008668 0047a383 lw               x7, 4(x15)           x7=3fec26a0 x15:1c010bd8  PA:1c010bdc
18621647ns          332334 1c00866c f1187843 fmadd.s          f16, f16, f17, f30  f16=xxxxxxxx f16:42956638 f17:4084e048 f30:00000000
18621667ns          332335 1c008670 1066f353 fmul.s           f6, f13, f6          f6=xxxxxxxx f13:4108fc3f  f6:4090eaa5
18621687ns          332336 1c008674 05052883 lw               x17, 80(x10)        x17=40621fe3 x10:1c011174  PA:1c0111c4
18622005ns          332352 1c008678 0087a403 lw               x8, 8(x15)           x8=3ecbcadc x15:1c010bd8  PA:1c010be0
18622303ns          332367 1c00867a 80737343 fmadd.s          f6, f6, f7, f16      f6=xxxxxxxx  f6:421b16e5  f7:3fec26a0 f16:439b1731
18622323ns          332368 1c00867e 1116f8d3 fmul.s           f17, f13, f17       f17=xxxxxxxx f13:4108fc3f f17:40621fe3
18622343ns          332369 1c008682 07852803 lw               x16, 120(x10)       x16=3f7df7b7 x10:1c011174  PA:1c0111ec
18622642ns          332384 1c008686 00c7a383 lw               x7, 12(x15)          x7=3fd85ef8 x15:1c010bd8  PA:1c010be4
18622940ns          332399 1c00868a 3088f8c3 fmadd.s          f17, f17, f8, f6    f17=xxxxxxxx f17:41f1ff7f  f8:3ecbcadc  f6:43bedb51
18622960ns          332400 1c00868e 1106f853 fmul.s           f16, f13, f16       f16=xxxxxxxx f13:4108fc3f f16:3f7df7b7
18622980ns          332401 1c008692 0a052303 lw               x6, 160(x10)         x6=4043fe5f x10:1c011174  PA:1c011214
18623298ns          332417 1c008696 0107a403 lw               x8, 16(x15)          x8=40352655 x15:1c010bd8  PA:1c010be8
18623596ns          332432 1c008698 88787843 fmadd.s          f16, f16, f7, f17   f16=xxxxxxxx f16:4107e5d8  f7:3fd85ef8 f17:43c4e07c
18623616ns          332433 1c00869c 1066f353 fmul.s           f6, f13, f6          f6=xxxxxxxx f13:4108fc3f  f6:4043fe5f
18623636ns          332434 1c0086a0 0c852883 lw               x17, 200(x10)       x17=40aedd77 x10:1c011174  PA:1c01123c
18623934ns          332449 1c0086a4 0147a383 lw               x7, 20(x15)          x7=410c1943 x15:1c010bd8  PA:1c010bec
18624233ns          332464 1c0086a8 80837343 fmadd.s          f6, f6, f8, f16      f6=xxxxxxxx  f6:41d1c082  f8:40352655 f16:43cc0e42
18624253ns          332465 1c0086ac 1116f8d3 fmul.s           f17, f13, f17       f17=xxxxxxxx f13:4108fc3f f17:40aedd77
18624273ns          332466 1c0086b0 0f052803 lw               x16, 240(x10)       x16=40ac26b6 x10:1c011174  PA:1c011264
18624591ns          332482 1c0086b4 0187a403 lw               x8, 24(x15)          x8=3f0ca8bf x15:1c010bd8  PA:1c010bf0
18624889ns          332497 1c0086b6 3078f8c3 fmadd.s          f17, f17, f7, f6    f17=xxxxxxxx f17:423b23e9  f7:410c1943  f6:43f12963
18624909ns          332498 1c0086ba 1106f853 fmul.s           f16, f13, f16       f16=xxxxxxxx f13:4108fc3f f16:40ac26b6
18624929ns          332499 1c0086be 11852303 lw               x6, 280(x10)         x6=40cd9847 x10:1c011174  PA:1c01128c
18625227ns          332514 1c0086c2 01c7a383 lw               x7, 28(x15)          x7=4114ea99 x15:1c010bd8  PA:1c010bf4
18625526ns          332529 1c0086c6 88887843 fmadd.s          f16, f16, f8, f17   f16=xxxxxxxx f16:42383c62  f8:3f0ca8bf f17:445efecc
18625546ns          332530 1c0086ca 1066f353 fmul.s           f6, f13, f6          f6=xxxxxxxx f13:4108fc3f  f6:40cd9847
18625565ns          332531 1c0086ce 14052883 lw               x17, 320(x10)       x17=40156831 x10:1c011174  PA:1c0112b4
18625864ns          332546 1c0086d2 0207a403 lw               x8, 32(x15)          x8=3f1f6eca x15:1c010bd8  PA:1c010bf8
18626162ns          332561 1c0086d4 80737343 fmadd.s          f6, f6, f7, f16      f6=xxxxxxxx  f6:425c06f4  f7:4114ea99 f16:44655273
18626182ns          332562 1c0086d8 1116f8d3 fmul.s           f17, f13, f17       f17=xxxxxxxx f13:4108fc3f f17:40156831
18626202ns          332563 1c0086dc 16852803 lw               x16, 360(x10)       x16=40a864bf x10:1c011174  PA:1c0112dc
18626500ns          332578 1c0086e0 0247a383 lw               x7, 36(x15)          x7=40aa65bf x15:1c010bd8  PA:1c010bfc
18626819ns          332594 1c0086e4 3088f8c3 fmadd.s          f17, f17, f8, f6    f17=xxxxxxxx f17:419fe523  f8:3f1f6eca  f6:44b2a80d
18626838ns          332595 1c0086e8 1106f853 fmul.s           f16, f13, f16       f16=xxxxxxxx f13:4108fc3f f16:40a864bf
18626858ns          332596 1c0086ec 000ea303 lw               x6, 0(x29)           x6=408fb84e x29:10001f44  PA:10001f44
18626878ns          332597 1c0086f0 02878793 addi             x15, x15, 40        x15=1c010c00 x15:1c010bd8
18626898ns          332598 1c0086f4 88787843 fmadd.s          f16, f16, f7, f17   f16=xxxxxxxx f16:423436e4  f7:40aa65bf f17:44b4365f
18626918ns          332599 1c0086f8 80e37843 fmadd.s          f16, f6, f14, f16   f16=xxxxxxxx  f6:408fb84e f14:410568ab f16:44d23364
18626938ns          332600 1c0086fc 030ea42b p.sw             x16, 40(x29!)       x29=10001f6c x16:44d6e1bc x29:10001f44  PA:10001f44
18626958ns          332601 1c008658 00052803 lw               x16, 0(x10)         x16=410b9985 x10:1c011174  PA:1c011174
18627276ns          332617 1c00865c 0007a883 lw               x17, 0(x15)         x17=3fcaa69f x15:1c010c00  PA:1c010c00
18627574ns          332632 1c008660 1106f853 fmul.s           f16, f13, f16       f16=xxxxxxxx f13:4108fc3f f16:410b9985
18627594ns          332633 1c008664 02852303 lw               x6, 40(x10)          x6=4090eaa5 x10:1c011174  PA:1c01119c
18627893ns          332648 1c008668 0047a383 lw               x7, 4(x15)           x7=406a560e x15:1c010c00  PA:1c010c04
18628191ns          332663 1c00866c f1187843 fmadd.s          f16, f16, f17, f30  f16=xxxxxxxx f16:42956638 f17:3fcaa69f f30:00000000
18628211ns          332664 1c008670 1066f353 fmul.s           f6, f13, f6          f6=xxxxxxxx f13:4108fc3f  f6:4090eaa5
18628231ns          332665 1c008674 05052883 lw               x17, 80(x10)        x17=40621fe3 x10:1c011174  PA:1c0111c4
18628549ns          332681 1c008678 0087a403 lw               x8, 8(x15)           x8=40655dec x15:1c010c00  PA:1c010c08
18628847ns          332696 1c00867a 80737343 fmadd.s          f6, f6, f7, f16      f6=xxxxxxxx  f6:421b16e5  f7:406a560e f16:42ec87cb
18628867ns          332697 1c00867e 1116f8d3 fmul.s           f17, f13, f17       f17=xxxxxxxx f13:4108fc3f f17:40621fe3
18628887ns          332698 1c008682 07852803 lw               x16, 120(x10)       x16=3f7df7b7 x10:1c011174  PA:1c0111ec
18629186ns          332713 1c008686 00c7a383 lw               x7, 12(x15)          x7=40b6d481 x15:1c010c00  PA:1c010c0c
18629484ns          332728 1c00868a 3088f8c3 fmadd.s          f17, f17, f8, f6    f17=xxxxxxxx f17:41f1ff7f  f8:40655dec  f6:43821d7a
18629504ns          332729 1c00868e 1106f853 fmul.s           f16, f13, f16       f16=xxxxxxxx f13:4108fc3f f16:3f7df7b7
18629524ns          332730 1c008692 0a052303 lw               x6, 160(x10)         x6=4043fe5f x10:1c011174  PA:1c011214
18629822ns          332745 1c008696 0107a403 lw               x8, 16(x15)          x8=3ffab76f x15:1c010c00  PA:1c010c10
18630120ns          332760 1c008698 88787843 fmadd.s          f16, f16, f7, f17   f16=xxxxxxxx f16:4107e5d8  f7:40b6d481 f17:43b8520f
18630140ns          332761 1c00869c 1066f353 fmul.s           f6, f13, f6          f6=xxxxxxxx f13:4108fc3f  f6:4043fe5f
18630160ns          332762 1c0086a0 0c852883 lw               x17, 200(x10)       x17=40aedd77 x10:1c011174  PA:1c01123c
18630459ns          332777 1c0086a4 0147a383 lw               x7, 20(x15)          x7=40abb524 x15:1c010c00  PA:1c010c14
18630757ns          332792 1c0086a8 80837343 fmadd.s          f6, f6, f8, f16      f6=xxxxxxxx  f6:41d1c082  f8:3ffab76f f16:43d0959d
18630777ns          332793 1c0086ac 1116f8d3 fmul.s           f17, f13, f17       f17=xxxxxxxx f13:4108fc3f f17:40aedd77
18630797ns          332794 1c0086b0 0f052803 lw               x16, 240(x10)       x16=40ac26b6 x10:1c011174  PA:1c011264
18631095ns          332809 1c0086b4 0187a403 lw               x8, 24(x15)          x8=4086fe8b x15:1c010c00  PA:1c010c18
18631393ns          332824 1c0086b6 3078f8c3 fmadd.s          f17, f17, f7, f6    f17=xxxxxxxx f17:423b23e9  f7:40abb524  f6:43ea4326
18631413ns          332825 1c0086ba 1106f853 fmul.s           f16, f13, f16       f16=xxxxxxxx f13:4108fc3f f16:40ac26b6
18631433ns          332826 1c0086be 11852303 lw               x6, 280(x10)         x6=40cd9847 x10:1c011174  PA:1c01128c
18631732ns          332841 1c0086c2 01c7a383 lw               x7, 28(x15)          x7=3fb98a38 x15:1c010c00  PA:1c010c1c
18632030ns          332856 1c0086c6 88887843 fmadd.s          f16, f16, f8, f17   f16=xxxxxxxx f16:42383c62  f8:4086fe8b f17:4433e447
18632050ns          332857 1c0086ca 1066f353 fmul.s           f6, f13, f6          f6=xxxxxxxx f13:4108fc3f  f6:40cd9847
18632070ns          332858 1c0086ce 14052883 lw               x17, 320(x10)       x17=40156831 x10:1c011174  PA:1c0112b4
18632368ns          332873 1c0086d2 0207a403 lw               x8, 32(x15)          x8=410c6ca0 x15:1c010c00  PA:1c010c20
18632666ns          332888 1c0086d4 80737343 fmadd.s          f6, f6, f7, f16      f6=xxxxxxxx  f6:425c06f4  f7:3fb98a38 f16:446477ad
18632686ns          332889 1c0086d8 1116f8d3 fmul.s           f17, f13, f17       f17=xxxxxxxx f13:4108fc3f f17:40156831
18632706ns          332890 1c0086dc 16852803 lw               x16, 360(x10)       x16=40a864bf x10:1c011174  PA:1c0112dc
18633005ns          332905 1c0086e0 0247a383 lw               x7, 36(x15)          x7=410e1973 x15:1c010c00  PA:1c010c24
18633323ns          332921 1c0086e4 3088f8c3 fmadd.s          f17, f17, f8, f6    f17=xxxxxxxx f17:419fe523  f8:410c6ca0  f6:447866a7
18633343ns          332922 1c0086e8 1106f853 fmul.s           f16, f13, f16       f16=xxxxxxxx f13:4108fc3f f16:40a864bf
18633363ns          332923 1c0086ec 000ea303 lw               x6, 0(x29)           x6=40536054 x29:10001f6c  PA:10001f6c
18633383ns          332924 1c0086f0 02878793 addi             x15, x15, 40        x15=1c010c28 x15:1c010c00
18633402ns          332925 1c0086f4 88787843 fmadd.s          f16, f16, f7, f17   f16=xxxxxxxx f16:423436e4  f7:410e1973 f17:4492209d
18633422ns          332926 1c0086f8 80e37843 fmadd.s          f16, f6, f14, f16   f16=xxxxxxxx  f6:40536054 f14:410568ab f16:44c424cb
18633442ns          332927 1c0086fc 030ea42b p.sw             x16, 40(x29!)       x29=10001f94 x16:44c79607 x29:10001f6c  PA:10001f6c
18633462ns          332928 1c008658 00052803 lw               x16, 0(x10)         x16=410b9985 x10:1c011174  PA:1c011174
18633760ns          332943 1c00865c 0007a883 lw               x17, 0(x15)         x17=4110e07b x15:1c010c28  PA:1c010c28
18634059ns          332958 1c008660 1106f853 fmul.s           f16, f13, f16       f16=xxxxxxxx f13:4108fc3f f16:410b9985
18634079ns          332959 1c008664 02852303 lw               x6, 40(x10)          x6=4090eaa5 x10:1c011174  PA:1c01119c
18634377ns          332974 1c008668 0047a383 lw               x7, 4(x15)           x7=406280a9 x15:1c010c28  PA:1c010c2c
18634675ns          332989 1c00866c f1187843 fmadd.s          f16, f16, f17, f30  f16=xxxxxxxx f16:42956638 f17:4110e07b f30:00000000
18634695ns          332990 1c008670 1066f353 fmul.s           f6, f13, f6          f6=xxxxxxxx f13:4108fc3f  f6:4090eaa5
18634715ns          332991 1c008674 05052883 lw               x17, 80(x10)        x17=40621fe3 x10:1c011174  PA:1c0111c4
18635014ns          333006 1c008678 0087a403 lw               x8, 8(x15)           x8=403e2622 x15:1c010c28  PA:1c010c30
18635332ns          333022 1c00867a 80737343 fmadd.s          f6, f6, f7, f16      f6=xxxxxxxx  f6:421b16e5  f7:406280a9 f16:44291901
18635352ns          333023 1c00867e 1116f8d3 fmul.s           f17, f13, f17       f17=xxxxxxxx f13:4108fc3f f17:40621fe3
18635372ns          333024 1c008682 07852803 lw               x16, 120(x10)       x16=3f7df7b7 x10:1c011174  PA:1c0111ec
18635670ns          333039 1c008686 00c7a383 lw               x7, 12(x15)          x7=4110fa8f x15:1c010c28  PA:1c010c34
18635968ns          333054 1c00868a 3088f8c3 fmadd.s          f17, f17, f8, f6    f17=xxxxxxxx f17:41f1ff7f  f8:403e2622  f6:444b670b
18635988ns          333055 1c00868e 1106f853 fmul.s           f16, f13, f16       f16=xxxxxxxx f13:4108fc3f f16:3f7df7b7
18636008ns          333056 1c008692 0a052303 lw               x6, 160(x10)         x6=4043fe5f x10:1c011174  PA:1c011214
18636306ns          333071 1c008696 0107a403 lw               x8, 16(x15)          x8=3eac8796 x15:1c010c28  PA:1c010c38
18636625ns          333087 1c008698 88787843 fmadd.s          f16, f16, f7, f17   f16=xxxxxxxx f16:4107e5d8  f7:4110fa8f f17:4461df01
18636645ns          333088 1c00869c 1066f353 fmul.s           f6, f13, f6          f6=xxxxxxxx f13:4108fc3f  f6:4043fe5f
18636664ns          333089 1c0086a0 0c852883 lw               x17, 200(x10)       x17=40aedd77 x10:1c011174  PA:1c01123c
18636963ns          333104 1c0086a4 0147a383 lw               x7, 20(x15)          x7=4114b55f x15:1c010c28  PA:1c010c3c
18637261ns          333119 1c0086a8 80837343 fmadd.s          f6, f6, f8, f16      f6=xxxxxxxx  f6:41d1c082  f8:3eac8796 f16:44751c94
18637281ns          333120 1c0086ac 1116f8d3 fmul.s           f17, f13, f17       f17=xxxxxxxx f13:4108fc3f f17:40aedd77
18637301ns          333121 1c0086b0 0f052803 lw               x16, 240(x10)       x16=40ac26b6 x10:1c011174  PA:1c011264
18637599ns          333136 1c0086b4 0187a403 lw               x8, 24(x15)          x8=40ef09d6 x15:1c010c28  PA:1c010c40
18637918ns          333152 1c0086b6 3078f8c3 fmadd.s          f17, f17, f7, f6    f17=xxxxxxxx f17:423b23e9  f7:4114b55f  f6:44775206
18637937ns          333153 1c0086ba 1106f853 fmul.s           f16, f13, f16       f16=xxxxxxxx f13:4108fc3f f16:40ac26b6
18637957ns          333154 1c0086be 11852303 lw               x6, 280(x10)         x6=40cd9847 x10:1c011174  PA:1c01128c
18638256ns          333169 1c0086c2 01c7a383 lw               x7, 28(x15)          x7=3fe0dd39 x15:1c010c28  PA:1c010c44
18638554ns          333184 1c0086c6 88887843 fmadd.s          f16, f16, f8, f17   f16=xxxxxxxx f16:42383c62  f8:40ef09d6 f17:44b203af
18638574ns          333185 1c0086ca 1066f353 fmul.s           f6, f13, f6          f6=xxxxxxxx f13:4108fc3f  f6:40cd9847
18638594ns          333186 1c0086ce 14052883 lw               x17, 320(x10)       x17=40156831 x10:1c011174  PA:1c0112b4
18638892ns          333201 1c0086d2 0207a403 lw               x8, 32(x15)          x8=40e88272 x15:1c010c28  PA:1c010c48
18639210ns          333217 1c0086d4 80737343 fmadd.s          f6, f6, f7, f16      f6=xxxxxxxx  f6:425c06f4  f7:3fe0dd39 f16:44dd058c
18639230ns          333218 1c0086d8 1116f8d3 fmul.s           f17, f13, f17       f17=xxxxxxxx f13:4108fc3f f17:40156831
18639250ns          333219 1c0086dc 16852803 lw               x16, 360(x10)       x16=40a864bf x10:1c011174  PA:1c0112dc
18639549ns          333234 1c0086e0 0247a383 lw               x7, 36(x15)          x7=40bb64c4 x15:1c010c28  PA:1c010c4c
18639847ns          333249 1c0086e4 3088f8c3 fmadd.s          f17, f17, f8, f6    f17=xxxxxxxx f17:419fe523  f8:40e88272  f6:44e919d0
18639867ns          333250 1c0086e8 1106f853 fmul.s           f16, f13, f16       f16=xxxxxxxx f13:4108fc3f f16:40a864bf
18639887ns          333251 1c0086ec 000ea303 lw               x6, 0(x29)           x6=4008b891 x29:10001f94  PA:10001f94
18639907ns          333252 1c0086f0 02878793 addi             x15, x15, 40        x15=1c010c50 x15:1c010c28
18639927ns          333253 1c0086f4 88787843 fmadd.s          f16, f16, f7, f17   f16=xxxxxxxx f16:423436e4  f7:40bb64c4 f17:44fb40f4
18639946ns          333254 1c0086f8 80e37843 fmadd.s          f16, f6, f14, f16   f16=xxxxxxxx  f6:4008b891 f14:410568ab f16:450e1ddb
18639966ns          333255 1c0086fc 030ea42b p.sw             x16, 40(x29!)       x29=10001fbc x16:450f3ada x29:10001f94  PA:10001f94
18639986ns          333256 1c008658 00052803 lw               x16, 0(x10)         x16=410b9985 x10:1c011174  PA:1c011174
18640285ns          333271 1c00865c 0007a883 lw               x17, 0(x15)         x17=3fa36583 x15:1c010c50  PA:1c010c50
18640603ns          333287 1c008660 1106f853 fmul.s           f16, f13, f16       f16=xxxxxxxx f13:4108fc3f f16:410b9985
18640623ns          333288 1c008664 02852303 lw               x6, 40(x10)          x6=4090eaa5 x10:1c011174  PA:1c01119c
18640921ns          333303 1c008668 0047a383 lw               x7, 4(x15)           x7=4043d5a4 x15:1c010c50  PA:1c010c54
18641219ns          333318 1c00866c f1187843 fmadd.s          f16, f16, f17, f30  f16=xxxxxxxx f16:42956638 f17:3fa36583 f30:00000000
18641239ns          333319 1c008670 1066f353 fmul.s           f6, f13, f6          f6=xxxxxxxx f13:4108fc3f  f6:4090eaa5
18641259ns          333320 1c008674 05052883 lw               x17, 80(x10)        x17=40621fe3 x10:1c011174  PA:1c0111c4
18641558ns          333335 1c008678 0087a403 lw               x8, 8(x15)           x8=408dd736 x15:1c010c50  PA:1c010c58
18641876ns          333351 1c00867a 80737343 fmadd.s          f6, f6, f7, f16      f6=xxxxxxxx  f6:421b16e5  f7:4043d5a4 f16:42beb6a7
18641896ns          333352 1c00867e 1116f8d3 fmul.s           f17, f13, f17       f17=xxxxxxxx f13:4108fc3f f17:40621fe3
18641916ns          333353 1c008682 07852803 lw               x16, 120(x10)       x16=3f7df7b7 x10:1c011174  PA:1c0111ec
18642214ns          333368 1c008686 00c7a383 lw               x7, 12(x15)          x7=40e32930 x15:1c010c50  PA:1c010c5c
18642512ns          333383 1c00868a 3088f8c3 fmadd.s          f17, f17, f8, f6    f17=xxxxxxxx f17:41f1ff7f  f8:408dd736  f6:4355ff31
18642532ns          333384 1c00868e 1106f853 fmul.s           f16, f13, f16       f16=xxxxxxxx f13:4108fc3f f16:3f7df7b7
18642552ns          333385 1c008692 0a052303 lw               x6, 160(x10)         x6=4043fe5f x10:1c011174  PA:1c011214
18642851ns          333400 1c008696 0107a403 lw               x8, 16(x15)          x8=4111c963 x15:1c010c50  PA:1c010c60
18643149ns          333415 1c008698 88787843 fmadd.s          f16, f16, f7, f17   f16=xxxxxxxx f16:4107e5d8  f7:40e32930 f17:43ae0a2d
18643169ns          333416 1c00869c 1066f353 fmul.s           f6, f13, f6          f6=xxxxxxxx f13:4108fc3f  f6:4043fe5f
18643189ns          333417 1c0086a0 0c852883 lw               x17, 200(x10)       x17=40aedd77 x10:1c011174  PA:1c01123c
18643487ns          333432 1c0086a4 0147a383 lw               x7, 20(x15)          x7=411047ed x15:1c010c50  PA:1c010c64
18643785ns          333447 1c0086a8 80837343 fmadd.s          f6, f6, f8, f16      f6=xxxxxxxx  f6:41d1c082  f8:4111c963 f16:43cc2fd8
18643805ns          333448 1c0086ac 1116f8d3 fmul.s           f17, f13, f17       f17=xxxxxxxx f13:4108fc3f f17:40aedd77
18643825ns          333449 1c0086b0 0f052803 lw               x16, 240(x10)       x16=40ac26b6 x10:1c011174  PA:1c011264
18644124ns          333464 1c0086b4 0187a403 lw               x8, 24(x15)          x8=411406fb x15:1c010c50  PA:1c010c68
18644422ns          333479 1c0086b6 3078f8c3 fmadd.s          f17, f17, f7, f6    f17=xxxxxxxx f17:423b23e9  f7:411047ed  f6:4421d171
18644442ns          333480 1c0086ba 1106f853 fmul.s           f16, f13, f16       f16=xxxxxxxx f13:4108fc3f f16:40ac26b6
18644462ns          333481 1c0086be 11852303 lw               x6, 280(x10)         x6=40cd9847 x10:1c011174  PA:1c01128c
18644760ns          333496 1c0086c2 01c7a383 lw               x7, 28(x15)          x7=40b8491a x15:1c010c50  PA:1c010c6c
18645058ns          333511 1c0086c6 88887843 fmadd.s          f16, f16, f8, f17   f16=xxxxxxxx f16:42383c62  f8:411406fb f17:4485a51c
18645078ns          333512 1c0086ca 1066f353 fmul.s           f6, f13, f6          f6=xxxxxxxx f13:4108fc3f  f6:40cd9847
18645098ns          333513 1c0086ce 14052883 lw               x17, 320(x10)       x17=40156831 x10:1c011174  PA:1c0112b4
18645397ns          333528 1c0086d2 0207a403 lw               x8, 32(x15)          x8=40bdac24 x15:1c010c50  PA:1c010c70
18645695ns          333543 1c0086d4 80737343 fmadd.s          f6, f6, f7, f16      f6=xxxxxxxx  f6:425c06f4  f7:40b8491a f16:44bae913
18645715ns          333544 1c0086d8 1116f8d3 fmul.s           f17, f13, f17       f17=xxxxxxxx f13:4108fc3f f17:40156831
18645735ns          333545 1c0086dc 16852803 lw               x16, 360(x10)       x16=40a864bf x10:1c011174  PA:1c0112dc
18646033ns          333560 1c0086e0 0247a383 lw               x7, 36(x15)          x7=410d85bd x15:1c010c50  PA:1c010c74
18646331ns          333575 1c0086e4 3088f8c3 fmadd.s          f17, f17, f8, f6    f17=xxxxxxxx f17:419fe523  f8:40bdac24  f6:44e28208
18646351ns          333576 1c0086e8 1106f853 fmul.s           f16, f13, f16       f16=xxxxxxxx f13:4108fc3f f16:40a864bf
18646371ns          333577 1c0086ec 000ea303 lw               x6, 0(x29)           x6=40e5d4d0 x29:10001fbc  PA:10001fbc
18646391ns          333578 1c0086f0 02878793 addi             x15, x15, 40        x15=1c010c78 x15:1c010c50
18646411ns          333579 1c0086f4 88787843 fmadd.s          f16, f16, f7, f17   f16=xxxxxxxx f16:423436e4  f7:410d85bd f17:44f150fe
18646431ns          333580 1c0086f8 80e37843 fmadd.s          f16, f6, f14, f16   f16=xxxxxxxx  f6:40e5d4d0 f14:410568ab f16:45119097
18646451ns          333581 1c0086fc 030ea42b p.sw             x16, 40(x29!)       x29=10001fe4 x16:45154ec3 x29:10001fbc  PA:10001fbc
18646471ns          333582 1c008658 00052803 lw               x16, 0(x10)         x16=410b9985 x10:1c011174  PA:1c011174
18646769ns          333597 1c00865c 0007a883 lw               x17, 0(x15)         x17=40cc4569 x15:1c010c78  PA:1c010c78
18647067ns          333612 1c008660 1106f853 fmul.s           f16, f13, f16       f16=xxxxxxxx f13:4108fc3f f16:410b9985
18647087ns          333613 1c008664 02852303 lw               x6, 40(x10)          x6=4090eaa5 x10:1c011174  PA:1c01119c
18647386ns          333628 1c008668 0047a383 lw               x7, 4(x15)           x7=3fccf10a x15:1c010c78  PA:1c010c7c
18647684ns          333643 1c00866c f1187843 fmadd.s          f16, f16, f17, f30  f16=xxxxxxxx f16:42956638 f17:40cc4569 f30:00000000
18647704ns          333644 1c008670 1066f353 fmul.s           f6, f13, f6          f6=xxxxxxxx f13:4108fc3f  f6:4090eaa5
18647724ns          333645 1c008674 05052883 lw               x17, 80(x10)        x17=40621fe3 x10:1c011174  PA:1c0111c4
18648022ns          333660 1c008678 0087a403 lw               x8, 8(x15)           x8=41002690 x15:1c010c78  PA:1c010c80
18648320ns          333675 1c00867a 80737343 fmadd.s          f6, f6, f7, f16      f6=xxxxxxxx  f6:421b16e5  f7:3fccf10a f16:43ee6bed
18648340ns          333676 1c00867e 1116f8d3 fmul.s           f17, f13, f17       f17=xxxxxxxx f13:4108fc3f f17:40621fe3
18648360ns          333677 1c008682 07852803 lw               x16, 120(x10)       x16=3f7df7b7 x10:1c011174  PA:1c0111ec
18648659ns          333692 1c008686 00c7a383 lw               x7, 12(x15)          x7=4031a08a x15:1c010c78  PA:1c010c84
18648957ns          333707 1c00868a 3088f8c3 fmadd.s          f17, f17, f8, f6    f17=xxxxxxxx f17:41f1ff7f  f8:41002690  f6:4406baff
18648977ns          333708 1c00868e 1106f853 fmul.s           f16, f13, f16       f16=xxxxxxxx f13:4108fc3f f16:3f7df7b7
18648997ns          333709 1c008692 0a052303 lw               x6, 160(x10)         x6=4043fe5f x10:1c011174  PA:1c011214
18649295ns          333724 1c008696 0107a403 lw               x8, 16(x15)          x8=408d5838 x15:1c010c78  PA:1c010c88
18649593ns          333739 1c008698 88787843 fmadd.s          f16, f16, f7, f17   f16=xxxxxxxx f16:4107e5d8  f7:4031a08a f17:44434d19
18649613ns          333740 1c00869c 1066f353 fmul.s           f6, f13, f6          f6=xxxxxxxx f13:4108fc3f  f6:4043fe5f
18649633ns          333741 1c0086a0 0c852883 lw               x17, 200(x10)       x17=40aedd77 x10:1c011174  PA:1c01123c
18649952ns          333757 1c0086a4 0147a383 lw               x7, 20(x15)          x7=40866b6c x15:1c010c78  PA:1c010c8c
18650250ns          333772 1c0086a8 80837343 fmadd.s          f6, f6, f8, f16      f6=xxxxxxxx  f6:41d1c082  f8:408d5838 f16:444931cb
18650270ns          333773 1c0086ac 1116f8d3 fmul.s           f17, f13, f17       f17=xxxxxxxx f13:4108fc3f f17:40aedd77
18650290ns          333774 1c0086b0 0f052803 lw               x16, 240(x10)       x16=40ac26b6 x10:1c011174  PA:1c011264
18650588ns          333789 1c0086b4 0187a403 lw               x8, 24(x15)          x8=400fb53c x15:1c010c78  PA:1c010c90
18650886ns          333804 1c0086b6 3078f8c3 fmadd.s          f17, f17, f7, f6    f17=xxxxxxxx f17:423b23e9  f7:40866b6c  f6:4466259f
18650906ns          333805 1c0086ba 1106f853 fmul.s           f16, f13, f16       f16=xxxxxxxx f13:4108fc3f f16:40ac26b6
18650926ns          333806 1c0086be 11852303 lw               x6, 280(x10)         x6=40cd9847 x10:1c011174  PA:1c01128c
18651244ns          333822 1c0086c2 01c7a383 lw               x7, 28(x15)          x7=40b49c8e x15:1c010c78  PA:1c010c94
18651543ns          333837 1c0086c6 88887843 fmadd.s          f16, f16, f8, f17   f16=xxxxxxxx f16:42383c62  f8:400fb53c f17:448ba3a4
18651563ns          333838 1c0086ca 1066f353 fmul.s           f6, f13, f6          f6=xxxxxxxx f13:4108fc3f  f6:40cd9847
18651583ns          333839 1c0086ce 14052883 lw               x17, 320(x10)       x17=40156831 x10:1c011174  PA:1c0112b4
18651881ns          333854 1c0086d2 0207a403 lw               x8, 32(x15)          x8=40920122 x15:1c010c78  PA:1c010c98
18652179ns          333869 1c0086d4 80737343 fmadd.s          f6, f6, f7, f16      f6=xxxxxxxx  f6:425c06f4  f7:40b49c8e f16:44989129
18652199ns          333870 1c0086d8 1116f8d3 fmul.s           f17, f13, f17       f17=xxxxxxxx f13:4108fc3f f17:40156831
18652219ns          333871 1c0086dc 16852803 lw               x16, 360(x10)       x16=40a864bf x10:1c011174  PA:1c0112dc
18652537ns          333887 1c0086e0 0247a383 lw               x7, 36(x15)          x7=3f91cf6a x15:1c010c78  PA:1c010c9c
18652836ns          333902 1c0086e4 3088f8c3 fmadd.s          f17, f17, f8, f6    f17=xxxxxxxx f17:419fe523  f8:40920122  f6:44bf6005
18652856ns          333903 1c0086e8 1106f853 fmul.s           f16, f13, f16       f16=xxxxxxxx f13:4108fc3f f16:40a864bf
18652875ns          333904 1c0086ec 000ea303 lw               x6, 0(x29)           x6=409819f0 x29:10001fe4  PA:10001fe4
18652895ns          333905 1c0086f0 02878793 addi             x15, x15, 40        x15=1c010ca0 x15:1c010c78
18652915ns          333906 1c0086f4 88787843 fmadd.s          f16, f16, f7, f17   f16=xxxxxxxx f16:423436e4  f7:3f91cf6a f17:44cac631
18652935ns          333907 1c0086f8 80e37843 fmadd.s          f16, f6, f14, f16   f16=xxxxxxxx  f6:409819f0 f14:410568ab f16:44d13083
18652955ns          333908 1c0086fc 030ea42b p.sw             x16, 40(x29!)       x29=1000200c x16:44d624be x29:10001fe4  PA:10001fe4
18652975ns          333909 1c008700 00460613 addi             x12, x12, 4         x12=10001e80 x12:10001e7c
18652995ns          333910 1c008702 00450513 addi             x10, x10, 4         x10=1c011178 x10:1c011174
18653015ns          333911 1c008704 00c12403 lw               x8, 12(x2)           x8=00000003  x2:10001e38  PA:10001e44
18653035ns          333912 1c008706 01010113 addi             x2, x2, 16           x2=10001e48  x2:10001e38
18653054ns          333913 1c008708 00008067 jalr             x0, x1, 0            x1:1c008a40
18653114ns          333916 1c008a40 21b010ef jal              x1, 6682             x1=1c008a44
18653233ns          333922 1c00a45a f14027f3 csrrs            x15, x0, 0xf14      x15=00000003
18653253ns          333923 1c00a45e 01f00713 addi             x14, x0, 31         x14=0000001f
18653293ns          333925 1c00a460 ca5797b3 p.extractu       x15, x15, 5, 5      x15=00000000 x15:00000003
18653333ns          333927 1c00a464 00e78863 beq              x15, x14, 16        x15:00000000 x14:0000001f
18653353ns          333928 1c00a468 002047b7 lui              x15, 0x204000       x15=00204000
18653373ns          333929 1c00a46c 20078793 addi             x15, x15, 512       x15=00204200 x15:00204000
18653393ns          333930 1c00a470 01c7e703 p.elw            x14, 28(x15)        x14=00010000 x15:00204200  PA:0020421c
18653512ns          333936 1c00a474 00008067 jalr             x0, x1, 0            x1:1c008a44
18653552ns          333938 1c008a44 f14027f3 csrrs            x15, x0, 0xf14      x15=00000003
18653572ns          333939 1c008a48 f457b7b3 p.bclr           x15, x15, 26, 5     x15=00000003 x15:00000003
18653592ns          333940 1c008a4c 06078263 beq              x15, x0, 100        x15:00000003
18654148ns          333968 1c008a4e 20d010ef jal              x1, 6668             x1=1c008a52
18654208ns          333971 1c00a45a f14027f3 csrrs            x15, x0, 0xf14      x15=00000003
18654228ns          333972 1c00a45e 01f00713 addi             x14, x0, 31         x14=0000001f
18654248ns          333973 1c00a460 ca5797b3 p.extractu       x15, x15, 5, 5      x15=00000000 x15:00000003
18654268ns          333974 1c00a464 00e78863 beq              x15, x14, 16        x15:00000000 x14:0000001f
18654288ns          333975 1c00a468 002047b7 lui              x15, 0x204000       x15=00204000
18654308ns          333976 1c00a46c 20078793 addi             x15, x15, 512       x15=00204200 x15:00204000
18654327ns          333977 1c00a470 01c7e703 p.elw            x14, 28(x15)        x14=00010000 x15:00204200  PA:0020421c
19286158ns          365502 1c00a474 00008067 jalr             x0, x1, 0            x1:1c008a52
19286198ns          365504 1c008a52 01012703 lw               x14, 16(x2)         x14=4540177a  x2:10001e48  PA:10001e58
19286279ns          365508 1c008a54 01410693 addi             x13, x2, 20         x13=10001e5c  x2:10001e48
19286299ns          365509 1c008a56 063250fb lp.setupi        0x1, 0x63, 0x4     
19286319ns          365510 1c008a5a 0046a60b p.lw             x12, 4(x13!)        x12=45314166 x13=10001e60 x13:10001e5c  PA:10001e5c
19286760ns          365532 1c008a5e 00c77753 fadd.s           f14, f14, f12       f14=xxxxxxxx f14:4540177a f12:45314166
19286821ns          365535 1c008a5a 0046a60b p.lw             x12, 4(x13!)        x12=453e6138 x13=10001e64 x13:10001e60  PA:10001e60
19286861ns          365537 1c008a5e 00c77753 fadd.s           f14, f14, f12       f14=xxxxxxxx f14:45b8ac70 f12:453e6138
19286881ns          365538 1c008a5a 0046a60b p.lw             x12, 4(x13!)        x12=453a3bb0 x13=10001e68 x13:10001e64  PA:10001e64
19286921ns          365540 1c008a5e 00c77753 fadd.s           f14, f14, f12       f14=xxxxxxxx f14:460bee86 f12:453a3bb0
19286941ns          365541 1c008a5a 0046a60b p.lw             x12, 4(x13!)        x12=44e435b8 x13=10001e6c x13:10001e68  PA:10001e68
19286981ns          365543 1c008a5e 00c77753 fadd.s           f14, f14, f12       f14=xxxxxxxx f14:463a7d72 f12:44e435b8
19287001ns          365544 1c008a5a 0046a60b p.lw             x12, 4(x13!)        x12=4516a0c2 x13=10001e70 x13:10001e6c  PA:10001e6c
19287041ns          365546 1c008a5e 00c77753 fadd.s           f14, f14, f12       f14=xxxxxxxx f14:46570429 f12:4516a0c2
19287061ns          365547 1c008a5a 0046a60b p.lw             x12, 4(x13!)        x12=45148dbd x13=10001e74 x13:10001e70  PA:10001e70
19287101ns          365549 1c008a5e 00c77753 fadd.s           f14, f14, f12       f14=xxxxxxxx f14:467cac5a f12:45148dbd
19287121ns          365550 1c008a5a 0046a60b p.lw             x12, 4(x13!)        x12=4546ab21 x13=10001e78 x13:10001e74  PA:10001e74
19287162ns          365552 1c008a5e 00c77753 fadd.s           f14, f14, f12       f14=xxxxxxxx f14:4690e7e5 f12:4546ab21
19287182ns          365553 1c008a5a 0046a60b p.lw             x12, 4(x13!)        x12=44f79a76 x13=10001e7c x13:10001e78  PA:10001e78
19287222ns          365555 1c008a5e 00c77753 fadd.s           f14, f14, f12       f14=xxxxxxxx f14:46a9bd49 f12:44f79a76
19287242ns          365556 1c008a5a 0046a60b p.lw             x12, 4(x13!)        x12=451d494d x13=10001e80 x13:10001e7c  PA:10001e7c
19287282ns          365558 1c008a5e 00c77753 fadd.s           f14, f14, f12       f14=xxxxxxxx f14:46b936f0 f12:451d494d
19287302ns          365559 1c008a5a 0046a60b p.lw             x12, 4(x13!)        x12=45366b51 x13=10001e84 x13:10001e80  PA:10001e80
19287342ns          365561 1c008a5e 00c77753 fadd.s           f14, f14, f12       f14=xxxxxxxx f14:46cce01a f12:45366b51
19287362ns          365562 1c008a5a 0046a60b p.lw             x12, 4(x13!)        x12=454b811c x13=10001e88 x13:10001e84  PA:10001e84
19287402ns          365564 1c008a5e 00c77753 fadd.s           f14, f14, f12       f14=xxxxxxxx f14:46e3ad84 f12:454b811c
19287422ns          365565 1c008a5a 0046a60b p.lw             x12, 4(x13!)        x12=4523bc47 x13=10001e8c x13:10001e88  PA:10001e88
19287463ns          365567 1c008a5e 00c77753 fadd.s           f14, f14, f12       f14=xxxxxxxx f14:46fd1da8 f12:4523bc47
19287483ns          365568 1c008a5a 0046a60b p.lw             x12, 4(x13!)        x12=4538714d x13=10001e90 x13:10001e8c  PA:10001e8c
19287523ns          365570 1c008a5e 00c77753 fadd.s           f14, f14, f12       f14=xxxxxxxx f14:4708ca98 f12:4538714d
19287543ns          365571 1c008a5a 0046a60b p.lw             x12, 4(x13!)        x12=449022ac x13=10001e94 x13:10001e90  PA:10001e90
19287583ns          365573 1c008a5e 00c77753 fadd.s           f14, f14, f12       f14=xxxxxxxx f14:471451ad f12:449022ac
19287603ns          365574 1c008a5a 0046a60b p.lw             x12, 4(x13!)        x12=44f3e028 x13=10001e98 x13:10001e94  PA:10001e94
19287643ns          365576 1c008a5e 00c77753 fadd.s           f14, f14, f12       f14=xxxxxxxx f14:4718d2c2 f12:44f3e028
19287663ns          365577 1c008a5a 0046a60b p.lw             x12, 4(x13!)        x12=44fd7089 x13=10001e9c x13:10001e98  PA:10001e98
19287703ns          365579 1c008a5e 00c77753 fadd.s           f14, f14, f12       f14=xxxxxxxx f14:472071c3 f12:44fd7089
19287723ns          365580 1c008a5a 0046a60b p.lw             x12, 4(x13!)        x12=452a510d x13=10001ea0 x13:10001e9c  PA:10001e9c
19287764ns          365582 1c008a5e 00c77753 fadd.s           f14, f14, f12       f14=xxxxxxxx f14:47285d47 f12:452a510d
19287784ns          365583 1c008a5a 0046a60b p.lw             x12, 4(x13!)        x12=44eeaff4 x13=10001ea4 x13:10001ea0  PA:10001ea0
19287824ns          365585 1c008a5e 00c77753 fadd.s           f14, f14, f12       f14=xxxxxxxx f14:47330258 f12:44eeaff4
19287844ns          365586 1c008a5a 0046a60b p.lw             x12, 4(x13!)        x12=4514cee0 x13=10001ea8 x13:10001ea4  PA:10001ea4
19287884ns          365588 1c008a5e 00c77753 fadd.s           f14, f14, f12       f14=xxxxxxxx f14:473a77d8 f12:4514cee0
19287904ns          365589 1c008a5a 0046a60b p.lw             x12, 4(x13!)        x12=4547a16b x13=10001eac x13:10001ea8  PA:10001ea8
19287944ns          365591 1c008a5e 00c77753 fadd.s           f14, f14, f12       f14=xxxxxxxx f14:4743c4c6 f12:4547a16b
19287964ns          365592 1c008a5a 0046a60b p.lw             x12, 4(x13!)        x12=452e5e52 x13=10001eb0 x13:10001eac  PA:10001eac
19288004ns          365594 1c008a5e 00c77753 fadd.s           f14, f14, f12       f14=xxxxxxxx f14:47503edd f12:452e5e52
19288024ns          365595 1c008a5a 0046a60b p.lw             x12, 4(x13!)        x12=454c5256 x13=10001eb4 x13:10001eb0  PA:10001eb0
19288065ns          365597 1c008a5e 00c77753 fadd.s           f14, f14, f12       f14=xxxxxxxx f14:475b24c2 f12:454c5256
19288085ns          365598 1c008a5a 0046a60b p.lw             x12, 4(x13!)        x12=454418fc x13=10001eb8 x13:10001eb4  PA:10001eb4
19288125ns          365600 1c008a5e 00c77753 fadd.s           f14, f14, f12       f14=xxxxxxxx f14:4767e9e7 f12:454418fc
19288145ns          365601 1c008a5a 0046a60b p.lw             x12, 4(x13!)        x12=44e774e3 x13=10001ebc x13:10001eb8  PA:10001eb8
19288185ns          365603 1c008a5e 00c77753 fadd.s           f14, f14, f12       f14=xxxxxxxx f14:47742b77 f12:44e774e3
19288205ns          365604 1c008a5a 0046a60b p.lw             x12, 4(x13!)        x12=45173462 x13=10001ec0 x13:10001ebc  PA:10001ebc
19288245ns          365606 1c008a5e 00c77753 fadd.s           f14, f14, f12       f14=xxxxxxxx f14:477b671e f12:45173462
19288265ns          365607 1c008a5a 0046a60b p.lw             x12, 4(x13!)        x12=450e315b x13=10001ec4 x13:10001ec0  PA:10001ec0
19288305ns          365609 1c008a5e 00c77753 fadd.s           f14, f14, f12       f14=xxxxxxxx f14:47826d32 f12:450e315b
19288325ns          365610 1c008a5a 0046a60b p.lw             x12, 4(x13!)        x12=45418f1f x13=10001ec8 x13:10001ec4  PA:10001ec4
19288366ns          365612 1c008a5e 00c77753 fadd.s           f14, f14, f12       f14=xxxxxxxx f14:4786debd f12:45418f1f
19288386ns          365613 1c008a5a 0046a60b p.lw             x12, 4(x13!)        x12=44e8477a x13=10001ecc x13:10001ec8  PA:10001ec8
19288426ns          365615 1c008a5e 00c77753 fadd.s           f14, f14, f12       f14=xxxxxxxx f14:478ceb36 f12:44e8477a
19288446ns          365616 1c008a5a 0046a60b p.lw             x12, 4(x13!)        x12=4513adbf x13=10001ed0 x13:10001ecc  PA:10001ecc
19288486ns          365618 1c008a5e 00c77753 fadd.s           f14, f14, f12       f14=xxxxxxxx f14:47908c54 f12:4513adbf
19288506ns          365619 1c008a5a 0046a60b p.lw             x12, 4(x13!)        x12=45365f53 x13=10001ed4 x13:10001ed0  PA:10001ed0
19288546ns          365621 1c008a5e 00c77753 fadd.s           f14, f14, f12       f14=xxxxxxxx f14:479529c2 f12:45365f53
19288566ns          365622 1c008a5a 0046a60b p.lw             x12, 4(x13!)        x12=4526494f x13=10001ed8 x13:10001ed4  PA:10001ed4
19288606ns          365624 1c008a5e 00c77753 fadd.s           f14, f14, f12       f14=xxxxxxxx f14:479adcbd f12:4526494f
19288626ns          365625 1c008a5a 0046a60b p.lw             x12, 4(x13!)        x12=453e433f x13=10001edc x13:10001ed8  PA:10001ed8
19288667ns          365627 1c008a5e 00c77753 fadd.s           f14, f14, f12       f14=xxxxxxxx f14:47a00f07 f12:453e433f
19288687ns          365628 1c008a5a 0046a60b p.lw             x12, 4(x13!)        x12=454162c4 x13=10001ee0 x13:10001edc  PA:10001edc
19288727ns          365630 1c008a5e 00c77753 fadd.s           f14, f14, f12       f14=xxxxxxxx f14:47a60121 f12:454162c4
19288747ns          365631 1c008a5a 0046a60b p.lw             x12, 4(x13!)        x12=44e54fd2 x13=10001ee4 x13:10001ee0  PA:10001ee0
19288787ns          365633 1c008a5e 00c77753 fadd.s           f14, f14, f12       f14=xxxxxxxx f14:47ac0c37 f12:44e54fd2
19288807ns          365634 1c008a5a 0046a60b p.lw             x12, 4(x13!)        x12=44e4aa50 x13=10001ee8 x13:10001ee4  PA:10001ee4
19288847ns          365636 1c008a5e 00c77753 fadd.s           f14, f14, f12       f14=xxxxxxxx f14:47afa176 f12:44e4aa50
19288867ns          365637 1c008a5a 0046a60b p.lw             x12, 4(x13!)        x12=45081885 x13=10001eec x13:10001ee8  PA:10001ee8
19288907ns          365639 1c008a5e 00c77753 fadd.s           f14, f14, f12       f14=xxxxxxxx f14:47b3341f f12:45081885
19288927ns          365640 1c008a5a 0046a60b p.lw             x12, 4(x13!)        x12=4540a37d x13=10001ef0 x13:10001eec  PA:10001eec
19288968ns          365642 1c008a5e 00c77753 fadd.s           f14, f14, f12       f14=xxxxxxxx f14:47b774e3 f12:4540a37d
19288988ns          365643 1c008a5a 0046a60b p.lw             x12, 4(x13!)        x12=44d39762 x13=10001ef4 x13:10001ef0  PA:10001ef0
19289028ns          365645 1c008a5e 00c77753 fadd.s           f14, f14, f12       f14=xxxxxxxx f14:47bd79ff f12:44d39762
19289048ns          365646 1c008a5a 0046a60b p.lw             x12, 4(x13!)        x12=45080119 x13=10001ef8 x13:10001ef4  PA:10001ef4
19289088ns          365648 1c008a5e 00c77753 fadd.s           f14, f14, f12       f14=xxxxxxxx f14:47c0c85d f12:45080119
19289108ns          365649 1c008a5a 0046a60b p.lw             x12, 4(x13!)        x12=45458a9d x13=10001efc x13:10001ef8  PA:10001ef8
19289148ns          365651 1c008a5e 00c77753 fadd.s           f14, f14, f12       f14=xxxxxxxx f14:47c50866 f12:45458a9d
19289168ns          365652 1c008a5a 0046a60b p.lw             x12, 4(x13!)        x12=4534ae57 x13=10001f00 x13:10001efc  PA:10001efc
19289208ns          365654 1c008a5e 00c77753 fadd.s           f14, f14, f12       f14=xxxxxxxx f14:47cb34bb f12:4534ae57
19289228ns          365655 1c008a5a 0046a60b p.lw             x12, 4(x13!)        x12=453bfbb6 x13=10001f04 x13:10001f00  PA:10001f00
19289268ns          365657 1c008a5e 00c77753 fadd.s           f14, f14, f12       f14=xxxxxxxx f14:47d0da2e f12:453bfbb6
19289289ns          365658 1c008a5a 0046a60b p.lw             x12, 4(x13!)        x12=455ce6aa x13=10001f08 x13:10001f04  PA:10001f04
19289329ns          365660 1c008a5e 00c77753 fadd.s           f14, f14, f12       f14=xxxxxxxx f14:47d6ba0c f12:455ce6aa
19289349ns          365661 1c008a5a 0046a60b p.lw             x12, 4(x13!)        x12=44ef0cdc x13=10001f0c x13:10001f08  PA:10001f08
19289389ns          365663 1c008a5e 00c77753 fadd.s           f14, f14, f12       f14=xxxxxxxx f14:47dda141 f12:44ef0cdc
19289409ns          365664 1c008a5a 0046a60b p.lw             x12, 4(x13!)        x12=45092857 x13=10001f10 x13:10001f0c  PA:10001f0c
19289449ns          365666 1c008a5e 00c77753 fadd.s           f14, f14, f12       f14=xxxxxxxx f14:47e15d74 f12:45092857
19289469ns          365667 1c008a5a 0046a60b p.lw             x12, 4(x13!)        x12=44f0a85b x13=10001f14 x13:10001f10  PA:10001f10
19289509ns          365669 1c008a5e 00c77753 fadd.s           f14, f14, f12       f14=xxxxxxxx f14:47e5a6b7 f12:44f0a85b
19289529ns          365670 1c008a5a 0046a60b p.lw             x12, 4(x13!)        x12=4555ce9e x13=10001f18 x13:10001f14  PA:10001f14
19289569ns          365672 1c008a5e 00c77753 fadd.s           f14, f14, f12       f14=xxxxxxxx f14:47e96958 f12:4555ce9e
19289590ns          365673 1c008a5a 0046a60b p.lw             x12, 4(x13!)        x12=44d6fe8a x13=10001f1c x13:10001f18  PA:10001f18
19289630ns          365675 1c008a5e 00c77753 fadd.s           f14, f14, f12       f14=xxxxxxxx f14:47f017cd f12:44d6fe8a
19289650ns          365676 1c008a5a 0046a60b p.lw             x12, 4(x13!)        x12=451f30aa x13=10001f20 x13:10001f1c  PA:10001f1c
19289690ns          365678 1c008a5e 00c77753 fadd.s           f14, f14, f12       f14=xxxxxxxx f14:47f373c7 f12:451f30aa
19289710ns          365679 1c008a5a 0046a60b p.lw             x12, 4(x13!)        x12=44ff4552 x13=10001f24 x13:10001f20  PA:10001f20
19289750ns          365681 1c008a5e 00c77753 fadd.s           f14, f14, f12       f14=xxxxxxxx f14:47f86d4c f12:44ff4552
19289770ns          365682 1c008a5a 0046a60b p.lw             x12, 4(x13!)        x12=450896c3 x13=10001f28 x13:10001f24  PA:10001f24
19289810ns          365684 1c008a5e 00c77753 fadd.s           f14, f14, f12       f14=xxxxxxxx f14:47fc6a61 f12:450896c3
19289830ns          365685 1c008a5a 0046a60b p.lw             x12, 4(x13!)        x12=44c90b4f x13=10001f2c x13:10001f28  PA:10001f28
19289870ns          365687 1c008a5e 00c77753 fadd.s           f14, f14, f12       f14=xxxxxxxx f14:4800578c f12:44c90b4f
19289891ns          365688 1c008a5a 0046a60b p.lw             x12, 4(x13!)        x12=44d4bddc x13=10001f30 x13:10001f2c  PA:10001f2c
19289931ns          365690 1c008a5e 00c77753 fadd.s           f14, f14, f12       f14=xxxxxxxx f14:4801e9a3 f12:44d4bddc
19289951ns          365691 1c008a5a 0046a60b p.lw             x12, 4(x13!)        x12=44833cf6 x13=10001f34 x13:10001f30  PA:10001f30
19289991ns          365693 1c008a5e 00c77753 fadd.s           f14, f14, f12       f14=xxxxxxxx f14:4803931f f12:44833cf6
19290011ns          365694 1c008a5a 0046a60b p.lw             x12, 4(x13!)        x12=44ad512b x13=10001f38 x13:10001f34  PA:10001f34
19290051ns          365696 1c008a5e 00c77753 fadd.s           f14, f14, f12       f14=xxxxxxxx f14:48049999 f12:44ad512b
19290071ns          365697 1c008a5a 0046a60b p.lw             x12, 4(x13!)        x12=445abb37 x13=10001f3c x13:10001f38  PA:10001f38
19290111ns          365699 1c008a5e 00c77753 fadd.s           f14, f14, f12       f14=xxxxxxxx f14:4805f43b f12:445abb37
19290131ns          365700 1c008a5a 0046a60b p.lw             x12, 4(x13!)        x12=44d8e3e3 x13=10001f40 x13:10001f3c  PA:10001f3c
19290171ns          365702 1c008a5e 00c77753 fadd.s           f14, f14, f12       f14=xxxxxxxx f14:4806cef6 f12:44d8e3e3
19290191ns          365703 1c008a5a 0046a60b p.lw             x12, 4(x13!)        x12=44808574 x13=10001f44 x13:10001f40  PA:10001f40
19290232ns          365705 1c008a5e 00c77753 fadd.s           f14, f14, f12       f14=xxxxxxxx f14:480880be f12:44808574
19290252ns          365706 1c008a5a 0046a60b p.lw             x12, 4(x13!)        x12=44d6e1bc x13=10001f48 x13:10001f44  PA:10001f44
19290292ns          365708 1c008a5e 00c77753 fadd.s           f14, f14, f12       f14=xxxxxxxx f14:480981c9 f12:44d6e1bc
19290312ns          365709 1c008a5a 0046a60b p.lw             x12, 4(x13!)        x12=44f63717 x13=10001f4c x13:10001f48  PA:10001f48
19290352ns          365711 1c008a5e 00c77753 fadd.s           f14, f14, f12       f14=xxxxxxxx f14:480b2f8c f12:44f63717
19290372ns          365712 1c008a5a 0046a60b p.lw             x12, 4(x13!)        x12=45286b24 x13=10001f50 x13:10001f4c  PA:10001f4c
19290412ns          365714 1c008a5e 00c77753 fadd.s           f14, f14, f12       f14=xxxxxxxx f14:480d1bfa f12:45286b24
19290432ns          365715 1c008a5a 0046a60b p.lw             x12, 4(x13!)        x12=44f9e0f0 x13=10001f54 x13:10001f50  PA:10001f50
19290472ns          365717 1c008a5e 00c77753 fadd.s           f14, f14, f12       f14=xxxxxxxx f14:480fbda7 f12:44f9e0f0
19290492ns          365718 1c008a5a 0046a60b p.lw             x12, 4(x13!)        x12=4506aac2 x13=10001f58 x13:10001f54  PA:10001f54
19290533ns          365720 1c008a5e 00c77753 fadd.s           f14, f14, f12       f14=xxxxxxxx f14:4811b169 f12:4506aac2
19290553ns          365721 1c008a5a 0046a60b p.lw             x12, 4(x13!)        x12=44a960c9 x13=10001f5c x13:10001f58  PA:10001f58
19290593ns          365723 1c008a5e 00c77753 fadd.s           f14, f14, f12       f14=xxxxxxxx f14:4813cc14 f12:44a960c9
19290613ns          365724 1c008a5a 0046a60b p.lw             x12, 4(x13!)        x12=44f67fc2 x13=10001f60 x13:10001f5c  PA:10001f5c
19290653ns          365726 1c008a5e 00c77753 fadd.s           f14, f14, f12       f14=xxxxxxxx f14:48151ed6 f12:44f67fc2
19290673ns          365727 1c008a5a 0046a60b p.lw             x12, 4(x13!)        x12=44eb1bd3 x13=10001f64 x13:10001f60  PA:10001f60
19290713ns          365729 1c008a5e 00c77753 fadd.s           f14, f14, f12       f14=xxxxxxxx f14:48170bd6 f12:44eb1bd3
19290733ns          365730 1c008a5a 0046a60b p.lw             x12, 4(x13!)        x12=44ff5500 x13=10001f68 x13:10001f64  PA:10001f64
19290773ns          365732 1c008a5e 00c77753 fadd.s           f14, f14, f12       f14=xxxxxxxx f14:4818e20e f12:44ff5500
19290793ns          365733 1c008a5a 0046a60b p.lw             x12, 4(x13!)        x12=44b6f60d x13=10001f6c x13:10001f68  PA:10001f68
19290834ns          365735 1c008a5e 00c77753 fadd.s           f14, f14, f12       f14=xxxxxxxx f14:481ae0b8 f12:44b6f60d
19290854ns          365736 1c008a5a 0046a60b p.lw             x12, 4(x13!)        x12=44c79607 x13=10001f70 x13:10001f6c  PA:10001f6c
19290894ns          365738 1c008a5e 00c77753 fadd.s           f14, f14, f12       f14=xxxxxxxx f14:481c4ea4 f12:44c79607
19290914ns          365739 1c008a5a 0046a60b p.lw             x12, 4(x13!)        x12=45285135 x13=10001f74 x13:10001f70  PA:10001f70
19290954ns          365741 1c008a5e 00c77753 fadd.s           f14, f14, f12       f14=xxxxxxxx f14:481dddd0 f12:45285135
19290974ns          365742 1c008a5a 0046a60b p.lw             x12, 4(x13!)        x12=4555d75c x13=10001f78 x13:10001f74  PA:10001f74
19291014ns          365744 1c008a5e 00c77753 fadd.s           f14, f14, f12       f14=xxxxxxxx f14:48207f15 f12:4555d75c
19291034ns          365745 1c008a5a 0046a60b p.lw             x12, 4(x13!)        x12=4518fee0 x13=10001f7c x13:10001f78  PA:10001f78
19291074ns          365747 1c008a5e 00c77753 fadd.s           f14, f14, f12       f14=xxxxxxxx f14:4823d672 f12:4518fee0
19291094ns          365748 1c008a5a 0046a60b p.lw             x12, 4(x13!)        x12=4528d0b3 x13=10001f80 x13:10001f7c  PA:10001f7c
19291135ns          365750 1c008a5e 00c77753 fadd.s           f14, f14, f12       f14=xxxxxxxx f14:48263a6e f12:4528d0b3
19291155ns          365751 1c008a5a 0046a60b p.lw             x12, 4(x13!)        x12=44e533ba x13=10001f84 x13:10001f80  PA:10001f80
19291195ns          365753 1c008a5e 00c77753 fadd.s           f14, f14, f12       f14=xxxxxxxx f14:4828ddb1 f12:44e533ba
19291215ns          365754 1c008a5a 0046a60b p.lw             x12, 4(x13!)        x12=45039125 x13=10001f88 x13:10001f84  PA:10001f84
19291255ns          365756 1c008a5e 00c77753 fadd.s           f14, f14, f12       f14=xxxxxxxx f14:482aa818 f12:45039125
19291275ns          365757 1c008a5a 0046a60b p.lw             x12, 4(x13!)        x12=45020486 x13=10001f8c x13:10001f88  PA:10001f88
19291315ns          365759 1c008a5e 00c77753 fadd.s           f14, f14, f12       f14=xxxxxxxx f14:482cb65d f12:45020486
19291335ns          365760 1c008a5a 0046a60b p.lw             x12, 4(x13!)        x12=45445539 x13=10001f90 x13:10001f8c  PA:10001f8c
19291375ns          365762 1c008a5e 00c77753 fadd.s           f14, f14, f12       f14=xxxxxxxx f14:482ebe6f f12:45445539
19291395ns          365763 1c008a5a 0046a60b p.lw             x12, 4(x13!)        x12=44e2e5ac x13=10001f94 x13:10001f90  PA:10001f90
19291436ns          365765 1c008a5e 00c77753 fadd.s           f14, f14, f12       f14=xxxxxxxx f14:4831cfc4 f12:44e2e5ac
19291456ns          365766 1c008a5a 0046a60b p.lw             x12, 4(x13!)        x12=450f3ada x13=10001f98 x13:10001f94  PA:10001f94
19291496ns          365768 1c008a5e 00c77753 fadd.s           f14, f14, f12       f14=xxxxxxxx f14:4833958f f12:450f3ada
19291516ns          365769 1c008a5a 0046a60b p.lw             x12, 4(x13!)        x12=45339834 x13=10001f9c x13:10001f98  PA:10001f98
19291556ns          365771 1c008a5e 00c77753 fadd.s           f14, f14, f12       f14=xxxxxxxx f14:4835d27a f12:45339834
19291576ns          365772 1c008a5a 0046a60b p.lw             x12, 4(x13!)        x12=45489768 x13=10001fa0 x13:10001f9c  PA:10001f9c
19291616ns          365774 1c008a5e 00c77753 fadd.s           f14, f14, f12       f14=xxxxxxxx f14:4838a0db f12:45489768
19291636ns          365775 1c008a5a 0046a60b p.lw             x12, 4(x13!)        x12=45414bb4 x13=10001fa4 x13:10001fa0  PA:10001fa0
19291676ns          365777 1c008a5e 00c77753 fadd.s           f14, f14, f12       f14=xxxxxxxx f14:483bc339 f12:45414bb4
19291696ns          365778 1c008a5a 0046a60b p.lw             x12, 4(x13!)        x12=4551c922 x13=10001fa8 x13:10001fa4  PA:10001fa4
19291737ns          365780 1c008a5e 00c77753 fadd.s           f14, f14, f12       f14=xxxxxxxx f14:483ec868 f12:4551c922
19291757ns          365781 1c008a5a 0046a60b p.lw             x12, 4(x13!)        x12=45070b07 x13=10001fac x13:10001fa8  PA:10001fa8
19291797ns          365783 1c008a5e 00c77753 fadd.s           f14, f14, f12       f14=xxxxxxxx f14:48420f8d f12:45070b07
19291817ns          365784 1c008a5a 0046a60b p.lw             x12, 4(x13!)        x12=4537c1e4 x13=10001fb0 x13:10001fac  PA:10001fac
19291857ns          365786 1c008a5e 00c77753 fadd.s           f14, f14, f12       f14=xxxxxxxx f14:48442bb9 f12:4537c1e4
19291877ns          365787 1c008a5a 0046a60b p.lw             x12, 4(x13!)        x12=45096eab x13=10001fb4 x13:10001fb0  PA:10001fb0
19291917ns          365789 1c008a5e 00c77753 fadd.s           f14, f14, f12       f14=xxxxxxxx f14:48470ac1 f12:45096eab
19291937ns          365790 1c008a5a 0046a60b p.lw             x12, 4(x13!)        x12=453e68a5 x13=10001fb8 x13:10001fb4  PA:10001fb4
19291977ns          365792 1c008a5e 00c77753 fadd.s           f14, f14, f12       f14=xxxxxxxx f14:4849307c f12:453e68a5
19291997ns          365793 1c008a5a 0046a60b p.lw             x12, 4(x13!)        x12=44ed5a5d x13=10001fbc x13:10001fb8  PA:10001fb8
19292038ns          365795 1c008a5e 00c77753 fadd.s           f14, f14, f12       f14=xxxxxxxx f14:484c2a1f f12:44ed5a5d
19292058ns          365796 1c008a5a 0046a60b p.lw             x12, 4(x13!)        x12=45154ec3 x13=10001fc0 x13:10001fbc  PA:10001fbc
19292098ns          365798 1c008a5e 00c77753 fadd.s           f14, f14, f12       f14=xxxxxxxx f14:484e04d4 f12:45154ec3
19292118ns          365799 1c008a5a 0046a60b p.lw             x12, 4(x13!)        x12=4505fe39 x13=10001fc4 x13:10001fc0  PA:10001fc0
19292158ns          365801 1c008a5e 00c77753 fadd.s           f14, f14, f12       f14=xxxxxxxx f14:48505a0f f12:4505fe39
19292178ns          365802 1c008a5a 0046a60b p.lw             x12, 4(x13!)        x12=45022bea x13=10001fc8 x13:10001fc4  PA:10001fc4
19292218ns          365804 1c008a5e 00c77753 fadd.s           f14, f14, f12       f14=xxxxxxxx f14:48527208 f12:45022bea
19292238ns          365805 1c008a5a 0046a60b p.lw             x12, 4(x13!)        x12=450114e1 x13=10001fcc x13:10001fc8  PA:10001fc8
19292278ns          365807 1c008a5e 00c77753 fadd.s           f14, f14, f12       f14=xxxxxxxx f14:48547ab8 f12:450114e1
19292298ns          365808 1c008a5a 0046a60b p.lw             x12, 4(x13!)        x12=44f79a94 x13=10001fd0 x13:10001fcc  PA:10001fcc
19292338ns          365810 1c008a5e 00c77753 fadd.s           f14, f14, f12       f14=xxxxxxxx f14:48567f0c f12:44f79a94
19292359ns          365811 1c008a5a 0046a60b p.lw             x12, 4(x13!)        x12=449e50e0 x13=10001fd4 x13:10001fd0  PA:10001fd0
19292399ns          365813 1c008a5e 00c77753 fadd.s           f14, f14, f12       f14=xxxxxxxx f14:48586e41 f12:449e50e0
19292419ns          365814 1c008a5a 0046a60b p.lw             x12, 4(x13!)        x12=44a38fea x13=10001fd8 x13:10001fd4  PA:10001fd4
19292459ns          365816 1c008a5e 00c77753 fadd.s           f14, f14, f12       f14=xxxxxxxx f14:4859aae3 f12:44a38fea
19292479ns          365817 1c008a5a 0046a60b p.lw             x12, 4(x13!)        x12=44a65292 x13=10001fdc x13:10001fd8  PA:10001fd8
19292519ns          365819 1c008a5e 00c77753 fadd.s           f14, f14, f12       f14=xxxxxxxx f14:485af203 f12:44a65292
19292539ns          365820 1c008a5a 0046a60b p.lw             x12, 4(x13!)        x12=45054dbf x13=10001fe0 x13:10001fdc  PA:10001fdc
19292579ns          365822 1c008a5e 00c77753 fadd.s           f14, f14, f12       f14=xxxxxxxx f14:485c3ea8 f12:45054dbf
19292599ns          365823 1c008a5a 0046a60b p.lw             x12, 4(x13!)        x12=44a99654 x13=10001fe4 x13:10001fe0  PA:10001fe0
19292639ns          365825 1c008a5e 00c77753 fadd.s           f14, f14, f12       f14=xxxxxxxx f14:485e53df f12:44a99654
19292660ns          365826 1c008a5a 0046a60b p.lw             x12, 4(x13!)        x12=44d624be x13=10001fe8 x13:10001fe4  PA:10001fe4
19292700ns          365828 1c008a5e 00c77753 fadd.s           f14, f14, f12       f14=xxxxxxxx f14:485fa70c f12:44d624be
19292720ns          365829 1c008a62 01010513 addi             x10, x2, 16         x10=10001e58  x2:10001e48
19292740ns          365830 1c008a64 00e12423 sw               x14, 8(x2)          x14:48615355  x2:10001e48  PA:10001e50
19292760ns          365831 1c008a66 ed8ff0ef jal              x1, -2344            x1=1c008a6a
19294144ns          365900 1c00813e 0045260b p.lw             x12, 4(x10!)        x12=4540177a x10=10001e5c x10:10001e58  PA:10001e58
19294164ns          365901 1c008142 00a007b3 add              x15, x0, x10        x15=10001e5c x10:10001e5c
19294185ns          365902 1c008144 00c00733 add              x14, x0, x12        x14=4540177a x12:4540177a
19294205ns          365903 1c008146 063250fb lp.setupi        0x1, 0x63, 0x4     
19294225ns          365904 1c00814a 0047a58b p.lw             x11, 4(x15!)        x11=45314166 x15=10001e60 x15:10001e5c  PA:10001e5c
19294666ns          365926 1c00814e 00b77753 fadd.s           f14, f14, f11       f14=xxxxxxxx f14:4540177a f11:45314166
19294726ns          365929 1c00814a 0047a58b p.lw             x11, 4(x15!)        x11=453e6138 x15=10001e64 x15:10001e60  PA:10001e60
19294766ns          365931 1c00814e 00b77753 fadd.s           f14, f14, f11       f14=xxxxxxxx f14:45b8ac70 f11:453e6138
19294786ns          365932 1c00814a 0047a58b p.lw             x11, 4(x15!)        x11=453a3bb0 x15=10001e68 x15:10001e64  PA:10001e64
19294827ns          365934 1c00814e 00b77753 fadd.s           f14, f14, f11       f14=xxxxxxxx f14:460bee86 f11:453a3bb0
19294847ns          365935 1c00814a 0047a58b p.lw             x11, 4(x15!)        x11=44e435b8 x15=10001e6c x15:10001e68  PA:10001e68
19294887ns          365937 1c00814e 00b77753 fadd.s           f14, f14, f11       f14=xxxxxxxx f14:463a7d72 f11:44e435b8
19294907ns          365938 1c00814a 0047a58b p.lw             x11, 4(x15!)        x11=4516a0c2 x15=10001e70 x15:10001e6c  PA:10001e6c
19294947ns          365940 1c00814e 00b77753 fadd.s           f14, f14, f11       f14=xxxxxxxx f14:46570429 f11:4516a0c2
19294967ns          365941 1c00814a 0047a58b p.lw             x11, 4(x15!)        x11=45148dbd x15=10001e74 x15:10001e70  PA:10001e70
19295007ns          365943 1c00814e 00b77753 fadd.s           f14, f14, f11       f14=xxxxxxxx f14:467cac5a f11:45148dbd
19295027ns          365944 1c00814a 0047a58b p.lw             x11, 4(x15!)        x11=4546ab21 x15=10001e78 x15:10001e74  PA:10001e74
19295067ns          365946 1c00814e 00b77753 fadd.s           f14, f14, f11       f14=xxxxxxxx f14:4690e7e5 f11:4546ab21
19295087ns          365947 1c00814a 0047a58b p.lw             x11, 4(x15!)        x11=44f79a76 x15=10001e7c x15:10001e78  PA:10001e78
19295128ns          365949 1c00814e 00b77753 fadd.s           f14, f14, f11       f14=xxxxxxxx f14:46a9bd49 f11:44f79a76
19295148ns          365950 1c00814a 0047a58b p.lw             x11, 4(x15!)        x11=451d494d x15=10001e80 x15:10001e7c  PA:10001e7c
19295188ns          365952 1c00814e 00b77753 fadd.s           f14, f14, f11       f14=xxxxxxxx f14:46b936f0 f11:451d494d
19295208ns          365953 1c00814a 0047a58b p.lw             x11, 4(x15!)        x11=45366b51 x15=10001e84 x15:10001e80  PA:10001e80
19295248ns          365955 1c00814e 00b77753 fadd.s           f14, f14, f11       f14=xxxxxxxx f14:46cce01a f11:45366b51
19295268ns          365956 1c00814a 0047a58b p.lw             x11, 4(x15!)        x11=454b811c x15=10001e88 x15:10001e84  PA:10001e84
19295308ns          365958 1c00814e 00b77753 fadd.s           f14, f14, f11       f14=xxxxxxxx f14:46e3ad84 f11:454b811c
19295328ns          365959 1c00814a 0047a58b p.lw             x11, 4(x15!)        x11=4523bc47 x15=10001e8c x15:10001e88  PA:10001e88
19295368ns          365961 1c00814e 00b77753 fadd.s           f14, f14, f11       f14=xxxxxxxx f14:46fd1da8 f11:4523bc47
19295388ns          365962 1c00814a 0047a58b p.lw             x11, 4(x15!)        x11=4538714d x15=10001e90 x15:10001e8c  PA:10001e8c
19295429ns          365964 1c00814e 00b77753 fadd.s           f14, f14, f11       f14=xxxxxxxx f14:4708ca98 f11:4538714d
19295449ns          365965 1c00814a 0047a58b p.lw             x11, 4(x15!)        x11=449022ac x15=10001e94 x15:10001e90  PA:10001e90
19295489ns          365967 1c00814e 00b77753 fadd.s           f14, f14, f11       f14=xxxxxxxx f14:471451ad f11:449022ac
19295509ns          365968 1c00814a 0047a58b p.lw             x11, 4(x15!)        x11=44f3e028 x15=10001e98 x15:10001e94  PA:10001e94
19295549ns          365970 1c00814e 00b77753 fadd.s           f14, f14, f11       f14=xxxxxxxx f14:4718d2c2 f11:44f3e028
19295569ns          365971 1c00814a 0047a58b p.lw             x11, 4(x15!)        x11=44fd7089 x15=10001e9c x15:10001e98  PA:10001e98
19295609ns          365973 1c00814e 00b77753 fadd.s           f14, f14, f11       f14=xxxxxxxx f14:472071c3 f11:44fd7089
19295629ns          365974 1c00814a 0047a58b p.lw             x11, 4(x15!)        x11=452a510d x15=10001ea0 x15:10001e9c  PA:10001e9c
19295669ns          365976 1c00814e 00b77753 fadd.s           f14, f14, f11       f14=xxxxxxxx f14:47285d47 f11:452a510d
19295689ns          365977 1c00814a 0047a58b p.lw             x11, 4(x15!)        x11=44eeaff4 x15=10001ea4 x15:10001ea0  PA:10001ea0
19295730ns          365979 1c00814e 00b77753 fadd.s           f14, f14, f11       f14=xxxxxxxx f14:47330258 f11:44eeaff4
19295750ns          365980 1c00814a 0047a58b p.lw             x11, 4(x15!)        x11=4514cee0 x15=10001ea8 x15:10001ea4  PA:10001ea4
19295790ns          365982 1c00814e 00b77753 fadd.s           f14, f14, f11       f14=xxxxxxxx f14:473a77d8 f11:4514cee0
19295810ns          365983 1c00814a 0047a58b p.lw             x11, 4(x15!)        x11=4547a16b x15=10001eac x15:10001ea8  PA:10001ea8
19295850ns          365985 1c00814e 00b77753 fadd.s           f14, f14, f11       f14=xxxxxxxx f14:4743c4c6 f11:4547a16b
19295870ns          365986 1c00814a 0047a58b p.lw             x11, 4(x15!)        x11=452e5e52 x15=10001eb0 x15:10001eac  PA:10001eac
19295910ns          365988 1c00814e 00b77753 fadd.s           f14, f14, f11       f14=xxxxxxxx f14:47503edd f11:452e5e52
19295930ns          365989 1c00814a 0047a58b p.lw             x11, 4(x15!)        x11=454c5256 x15=10001eb4 x15:10001eb0  PA:10001eb0
19295970ns          365991 1c00814e 00b77753 fadd.s           f14, f14, f11       f14=xxxxxxxx f14:475b24c2 f11:454c5256
19295990ns          365992 1c00814a 0047a58b p.lw             x11, 4(x15!)        x11=454418fc x15=10001eb8 x15:10001eb4  PA:10001eb4
19296031ns          365994 1c00814e 00b77753 fadd.s           f14, f14, f11       f14=xxxxxxxx f14:4767e9e7 f11:454418fc
19296051ns          365995 1c00814a 0047a58b p.lw             x11, 4(x15!)        x11=44e774e3 x15=10001ebc x15:10001eb8  PA:10001eb8
19296091ns          365997 1c00814e 00b77753 fadd.s           f14, f14, f11       f14=xxxxxxxx f14:47742b77 f11:44e774e3
19296111ns          365998 1c00814a 0047a58b p.lw             x11, 4(x15!)        x11=45173462 x15=10001ec0 x15:10001ebc  PA:10001ebc
19296151ns          366000 1c00814e 00b77753 fadd.s           f14, f14, f11       f14=xxxxxxxx f14:477b671e f11:45173462
19296171ns          366001 1c00814a 0047a58b p.lw             x11, 4(x15!)        x11=450e315b x15=10001ec4 x15:10001ec0  PA:10001ec0
19296211ns          366003 1c00814e 00b77753 fadd.s           f14, f14, f11       f14=xxxxxxxx f14:47826d32 f11:450e315b
19296231ns          366004 1c00814a 0047a58b p.lw             x11, 4(x15!)        x11=45418f1f x15=10001ec8 x15:10001ec4  PA:10001ec4
19296271ns          366006 1c00814e 00b77753 fadd.s           f14, f14, f11       f14=xxxxxxxx f14:4786debd f11:45418f1f
19296291ns          366007 1c00814a 0047a58b p.lw             x11, 4(x15!)        x11=44e8477a x15=10001ecc x15:10001ec8  PA:10001ec8
19296331ns          366009 1c00814e 00b77753 fadd.s           f14, f14, f11       f14=xxxxxxxx f14:478ceb36 f11:44e8477a
19296352ns          366010 1c00814a 0047a58b p.lw             x11, 4(x15!)        x11=4513adbf x15=10001ed0 x15:10001ecc  PA:10001ecc
19296392ns          366012 1c00814e 00b77753 fadd.s           f14, f14, f11       f14=xxxxxxxx f14:47908c54 f11:4513adbf
19296412ns          366013 1c00814a 0047a58b p.lw             x11, 4(x15!)        x11=45365f53 x15=10001ed4 x15:10001ed0  PA:10001ed0
19296452ns          366015 1c00814e 00b77753 fadd.s           f14, f14, f11       f14=xxxxxxxx f14:479529c2 f11:45365f53
19296472ns          366016 1c00814a 0047a58b p.lw             x11, 4(x15!)        x11=4526494f x15=10001ed8 x15:10001ed4  PA:10001ed4
19296512ns          366018 1c00814e 00b77753 fadd.s           f14, f14, f11       f14=xxxxxxxx f14:479adcbd f11:4526494f
19296532ns          366019 1c00814a 0047a58b p.lw             x11, 4(x15!)        x11=453e433f x15=10001edc x15:10001ed8  PA:10001ed8
19296572ns          366021 1c00814e 00b77753 fadd.s           f14, f14, f11       f14=xxxxxxxx f14:47a00f07 f11:453e433f
19296592ns          366022 1c00814a 0047a58b p.lw             x11, 4(x15!)        x11=454162c4 x15=10001ee0 x15:10001edc  PA:10001edc
19296632ns          366024 1c00814e 00b77753 fadd.s           f14, f14, f11       f14=xxxxxxxx f14:47a60121 f11:454162c4
19296653ns          366025 1c00814a 0047a58b p.lw             x11, 4(x15!)        x11=44e54fd2 x15=10001ee4 x15:10001ee0  PA:10001ee0
19296693ns          366027 1c00814e 00b77753 fadd.s           f14, f14, f11       f14=xxxxxxxx f14:47ac0c37 f11:44e54fd2
19296713ns          366028 1c00814a 0047a58b p.lw             x11, 4(x15!)        x11=44e4aa50 x15=10001ee8 x15:10001ee4  PA:10001ee4
19296753ns          366030 1c00814e 00b77753 fadd.s           f14, f14, f11       f14=xxxxxxxx f14:47afa176 f11:44e4aa50
19296773ns          366031 1c00814a 0047a58b p.lw             x11, 4(x15!)        x11=45081885 x15=10001eec x15:10001ee8  PA:10001ee8
19296813ns          366033 1c00814e 00b77753 fadd.s           f14, f14, f11       f14=xxxxxxxx f14:47b3341f f11:45081885
19296833ns          366034 1c00814a 0047a58b p.lw             x11, 4(x15!)        x11=4540a37d x15=10001ef0 x15:10001eec  PA:10001eec
19296873ns          366036 1c00814e 00b77753 fadd.s           f14, f14, f11       f14=xxxxxxxx f14:47b774e3 f11:4540a37d
19296893ns          366037 1c00814a 0047a58b p.lw             x11, 4(x15!)        x11=44d39762 x15=10001ef4 x15:10001ef0  PA:10001ef0
19296933ns          366039 1c00814e 00b77753 fadd.s           f14, f14, f11       f14=xxxxxxxx f14:47bd79ff f11:44d39762
19296954ns          366040 1c00814a 0047a58b p.lw             x11, 4(x15!)        x11=45080119 x15=10001ef8 x15:10001ef4  PA:10001ef4
19296994ns          366042 1c00814e 00b77753 fadd.s           f14, f14, f11       f14=xxxxxxxx f14:47c0c85d f11:45080119
19297014ns          366043 1c00814a 0047a58b p.lw             x11, 4(x15!)        x11=45458a9d x15=10001efc x15:10001ef8  PA:10001ef8
19297054ns          366045 1c00814e 00b77753 fadd.s           f14, f14, f11       f14=xxxxxxxx f14:47c50866 f11:45458a9d
19297074ns          366046 1c00814a 0047a58b p.lw             x11, 4(x15!)        x11=4534ae57 x15=10001f00 x15:10001efc  PA:10001efc
19297114ns          366048 1c00814e 00b77753 fadd.s           f14, f14, f11       f14=xxxxxxxx f14:47cb34bb f11:4534ae57
19297134ns          366049 1c00814a 0047a58b p.lw             x11, 4(x15!)        x11=453bfbb6 x15=10001f04 x15:10001f00  PA:10001f00
19297174ns          366051 1c00814e 00b77753 fadd.s           f14, f14, f11       f14=xxxxxxxx f14:47d0da2e f11:453bfbb6
19297194ns          366052 1c00814a 0047a58b p.lw             x11, 4(x15!)        x11=455ce6aa x15=10001f08 x15:10001f04  PA:10001f04
19297234ns          366054 1c00814e 00b77753 fadd.s           f14, f14, f11       f14=xxxxxxxx f14:47d6ba0c f11:455ce6aa
19297255ns          366055 1c00814a 0047a58b p.lw             x11, 4(x15!)        x11=44ef0cdc x15=10001f0c x15:10001f08  PA:10001f08
19297295ns          366057 1c00814e 00b77753 fadd.s           f14, f14, f11       f14=xxxxxxxx f14:47dda141 f11:44ef0cdc
19297315ns          366058 1c00814a 0047a58b p.lw             x11, 4(x15!)        x11=45092857 x15=10001f10 x15:10001f0c  PA:10001f0c
19297355ns          366060 1c00814e 00b77753 fadd.s           f14, f14, f11       f14=xxxxxxxx f14:47e15d74 f11:45092857
19297375ns          366061 1c00814a 0047a58b p.lw             x11, 4(x15!)        x11=44f0a85b x15=10001f14 x15:10001f10  PA:10001f10
19297415ns          366063 1c00814e 00b77753 fadd.s           f14, f14, f11       f14=xxxxxxxx f14:47e5a6b7 f11:44f0a85b
19297435ns          366064 1c00814a 0047a58b p.lw             x11, 4(x15!)        x11=4555ce9e x15=10001f18 x15:10001f14  PA:10001f14
19297475ns          366066 1c00814e 00b77753 fadd.s           f14, f14, f11       f14=xxxxxxxx f14:47e96958 f11:4555ce9e
19297495ns          366067 1c00814a 0047a58b p.lw             x11, 4(x15!)        x11=44d6fe8a x15=10001f1c x15:10001f18  PA:10001f18
19297535ns          366069 1c00814e 00b77753 fadd.s           f14, f14, f11       f14=xxxxxxxx f14:47f017cd f11:44d6fe8a
19297555ns          366070 1c00814a 0047a58b p.lw             x11, 4(x15!)        x11=451f30aa x15=10001f20 x15:10001f1c  PA:10001f1c
19297596ns          366072 1c00814e 00b77753 fadd.s           f14, f14, f11       f14=xxxxxxxx f14:47f373c7 f11:451f30aa
19297616ns          366073 1c00814a 0047a58b p.lw             x11, 4(x15!)        x11=44ff4552 x15=10001f24 x15:10001f20  PA:10001f20
19297656ns          366075 1c00814e 00b77753 fadd.s           f14, f14, f11       f14=xxxxxxxx f14:47f86d4c f11:44ff4552
19297676ns          366076 1c00814a 0047a58b p.lw             x11, 4(x15!)        x11=450896c3 x15=10001f28 x15:10001f24  PA:10001f24
19297716ns          366078 1c00814e 00b77753 fadd.s           f14, f14, f11       f14=xxxxxxxx f14:47fc6a61 f11:450896c3
19297736ns          366079 1c00814a 0047a58b p.lw             x11, 4(x15!)        x11=44c90b4f x15=10001f2c x15:10001f28  PA:10001f28
19297776ns          366081 1c00814e 00b77753 fadd.s           f14, f14, f11       f14=xxxxxxxx f14:4800578c f11:44c90b4f
19297796ns          366082 1c00814a 0047a58b p.lw             x11, 4(x15!)        x11=44d4bddc x15=10001f30 x15:10001f2c  PA:10001f2c
19297836ns          366084 1c00814e 00b77753 fadd.s           f14, f14, f11       f14=xxxxxxxx f14:4801e9a3 f11:44d4bddc
19297856ns          366085 1c00814a 0047a58b p.lw             x11, 4(x15!)        x11=44833cf6 x15=10001f34 x15:10001f30  PA:10001f30
19297897ns          366087 1c00814e 00b77753 fadd.s           f14, f14, f11       f14=xxxxxxxx f14:4803931f f11:44833cf6
19297917ns          366088 1c00814a 0047a58b p.lw             x11, 4(x15!)        x11=44ad512b x15=10001f38 x15:10001f34  PA:10001f34
19297957ns          366090 1c00814e 00b77753 fadd.s           f14, f14, f11       f14=xxxxxxxx f14:48049999 f11:44ad512b
19297977ns          366091 1c00814a 0047a58b p.lw             x11, 4(x15!)        x11=445abb37 x15=10001f3c x15:10001f38  PA:10001f38
19298017ns          366093 1c00814e 00b77753 fadd.s           f14, f14, f11       f14=xxxxxxxx f14:4805f43b f11:445abb37
19298037ns          366094 1c00814a 0047a58b p.lw             x11, 4(x15!)        x11=44d8e3e3 x15=10001f40 x15:10001f3c  PA:10001f3c
19298077ns          366096 1c00814e 00b77753 fadd.s           f14, f14, f11       f14=xxxxxxxx f14:4806cef6 f11:44d8e3e3
19298097ns          366097 1c00814a 0047a58b p.lw             x11, 4(x15!)        x11=44808574 x15=10001f44 x15:10001f40  PA:10001f40
19298137ns          366099 1c00814e 00b77753 fadd.s           f14, f14, f11       f14=xxxxxxxx f14:480880be f11:44808574
19298157ns          366100 1c00814a 0047a58b p.lw             x11, 4(x15!)        x11=44d6e1bc x15=10001f48 x15:10001f44  PA:10001f44
19298198ns          366102 1c00814e 00b77753 fadd.s           f14, f14, f11       f14=xxxxxxxx f14:480981c9 f11:44d6e1bc
19298218ns          366103 1c00814a 0047a58b p.lw             x11, 4(x15!)        x11=44f63717 x15=10001f4c x15:10001f48  PA:10001f48
19298258ns          366105 1c00814e 00b77753 fadd.s           f14, f14, f11       f14=xxxxxxxx f14:480b2f8c f11:44f63717
19298278ns          366106 1c00814a 0047a58b p.lw             x11, 4(x15!)        x11=45286b24 x15=10001f50 x15:10001f4c  PA:10001f4c
19298318ns          366108 1c00814e 00b77753 fadd.s           f14, f14, f11       f14=xxxxxxxx f14:480d1bfa f11:45286b24
19298338ns          366109 1c00814a 0047a58b p.lw             x11, 4(x15!)        x11=44f9e0f0 x15=10001f54 x15:10001f50  PA:10001f50
19298378ns          366111 1c00814e 00b77753 fadd.s           f14, f14, f11       f14=xxxxxxxx f14:480fbda7 f11:44f9e0f0
19298398ns          366112 1c00814a 0047a58b p.lw             x11, 4(x15!)        x11=4506aac2 x15=10001f58 x15:10001f54  PA:10001f54
19298438ns          366114 1c00814e 00b77753 fadd.s           f14, f14, f11       f14=xxxxxxxx f14:4811b169 f11:4506aac2
19298458ns          366115 1c00814a 0047a58b p.lw             x11, 4(x15!)        x11=44a960c9 x15=10001f5c x15:10001f58  PA:10001f58
19298499ns          366117 1c00814e 00b77753 fadd.s           f14, f14, f11       f14=xxxxxxxx f14:4813cc14 f11:44a960c9
19298519ns          366118 1c00814a 0047a58b p.lw             x11, 4(x15!)        x11=44f67fc2 x15=10001f60 x15:10001f5c  PA:10001f5c
19298559ns          366120 1c00814e 00b77753 fadd.s           f14, f14, f11       f14=xxxxxxxx f14:48151ed6 f11:44f67fc2
19298579ns          366121 1c00814a 0047a58b p.lw             x11, 4(x15!)        x11=44eb1bd3 x15=10001f64 x15:10001f60  PA:10001f60
19298619ns          366123 1c00814e 00b77753 fadd.s           f14, f14, f11       f14=xxxxxxxx f14:48170bd6 f11:44eb1bd3
19298639ns          366124 1c00814a 0047a58b p.lw             x11, 4(x15!)        x11=44ff5500 x15=10001f68 x15:10001f64  PA:10001f64
19298679ns          366126 1c00814e 00b77753 fadd.s           f14, f14, f11       f14=xxxxxxxx f14:4818e20e f11:44ff5500
19298699ns          366127 1c00814a 0047a58b p.lw             x11, 4(x15!)        x11=44b6f60d x15=10001f6c x15:10001f68  PA:10001f68
19298739ns          366129 1c00814e 00b77753 fadd.s           f14, f14, f11       f14=xxxxxxxx f14:481ae0b8 f11:44b6f60d
19298759ns          366130 1c00814a 0047a58b p.lw             x11, 4(x15!)        x11=44c79607 x15=10001f70 x15:10001f6c  PA:10001f6c
19298800ns          366132 1c00814e 00b77753 fadd.s           f14, f14, f11       f14=xxxxxxxx f14:481c4ea4 f11:44c79607
19298820ns          366133 1c00814a 0047a58b p.lw             x11, 4(x15!)        x11=45285135 x15=10001f74 x15:10001f70  PA:10001f70
19298860ns          366135 1c00814e 00b77753 fadd.s           f14, f14, f11       f14=xxxxxxxx f14:481dddd0 f11:45285135
19298880ns          366136 1c00814a 0047a58b p.lw             x11, 4(x15!)        x11=4555d75c x15=10001f78 x15:10001f74  PA:10001f74
19298920ns          366138 1c00814e 00b77753 fadd.s           f14, f14, f11       f14=xxxxxxxx f14:48207f15 f11:4555d75c
19298940ns          366139 1c00814a 0047a58b p.lw             x11, 4(x15!)        x11=4518fee0 x15=10001f7c x15:10001f78  PA:10001f78
19298980ns          366141 1c00814e 00b77753 fadd.s           f14, f14, f11       f14=xxxxxxxx f14:4823d672 f11:4518fee0
19299000ns          366142 1c00814a 0047a58b p.lw             x11, 4(x15!)        x11=4528d0b3 x15=10001f80 x15:10001f7c  PA:10001f7c
19299040ns          366144 1c00814e 00b77753 fadd.s           f14, f14, f11       f14=xxxxxxxx f14:48263a6e f11:4528d0b3
19299060ns          366145 1c00814a 0047a58b p.lw             x11, 4(x15!)        x11=44e533ba x15=10001f84 x15:10001f80  PA:10001f80
19299101ns          366147 1c00814e 00b77753 fadd.s           f14, f14, f11       f14=xxxxxxxx f14:4828ddb1 f11:44e533ba
19299121ns          366148 1c00814a 0047a58b p.lw             x11, 4(x15!)        x11=45039125 x15=10001f88 x15:10001f84  PA:10001f84
19299161ns          366150 1c00814e 00b77753 fadd.s           f14, f14, f11       f14=xxxxxxxx f14:482aa818 f11:45039125
19299181ns          366151 1c00814a 0047a58b p.lw             x11, 4(x15!)        x11=45020486 x15=10001f8c x15:10001f88  PA:10001f88
19299221ns          366153 1c00814e 00b77753 fadd.s           f14, f14, f11       f14=xxxxxxxx f14:482cb65d f11:45020486
19299241ns          366154 1c00814a 0047a58b p.lw             x11, 4(x15!)        x11=45445539 x15=10001f90 x15:10001f8c  PA:10001f8c
19299281ns          366156 1c00814e 00b77753 fadd.s           f14, f14, f11       f14=xxxxxxxx f14:482ebe6f f11:45445539
19299301ns          366157 1c00814a 0047a58b p.lw             x11, 4(x15!)        x11=44e2e5ac x15=10001f94 x15:10001f90  PA:10001f90
19299341ns          366159 1c00814e 00b77753 fadd.s           f14, f14, f11       f14=xxxxxxxx f14:4831cfc4 f11:44e2e5ac
19299361ns          366160 1c00814a 0047a58b p.lw             x11, 4(x15!)        x11=450f3ada x15=10001f98 x15:10001f94  PA:10001f94
19299401ns          366162 1c00814e 00b77753 fadd.s           f14, f14, f11       f14=xxxxxxxx f14:4833958f f11:450f3ada
19299422ns          366163 1c00814a 0047a58b p.lw             x11, 4(x15!)        x11=45339834 x15=10001f9c x15:10001f98  PA:10001f98
19299462ns          366165 1c00814e 00b77753 fadd.s           f14, f14, f11       f14=xxxxxxxx f14:4835d27a f11:45339834
19299482ns          366166 1c00814a 0047a58b p.lw             x11, 4(x15!)        x11=45489768 x15=10001fa0 x15:10001f9c  PA:10001f9c
19299522ns          366168 1c00814e 00b77753 fadd.s           f14, f14, f11       f14=xxxxxxxx f14:4838a0db f11:45489768
19299542ns          366169 1c00814a 0047a58b p.lw             x11, 4(x15!)        x11=45414bb4 x15=10001fa4 x15:10001fa0  PA:10001fa0
19299582ns          366171 1c00814e 00b77753 fadd.s           f14, f14, f11       f14=xxxxxxxx f14:483bc339 f11:45414bb4
19299602ns          366172 1c00814a 0047a58b p.lw             x11, 4(x15!)        x11=4551c922 x15=10001fa8 x15:10001fa4  PA:10001fa4
19299642ns          366174 1c00814e 00b77753 fadd.s           f14, f14, f11       f14=xxxxxxxx f14:483ec868 f11:4551c922
19299662ns          366175 1c00814a 0047a58b p.lw             x11, 4(x15!)        x11=45070b07 x15=10001fac x15:10001fa8  PA:10001fa8
19299702ns          366177 1c00814e 00b77753 fadd.s           f14, f14, f11       f14=xxxxxxxx f14:48420f8d f11:45070b07
19299723ns          366178 1c00814a 0047a58b p.lw             x11, 4(x15!)        x11=4537c1e4 x15=10001fb0 x15:10001fac  PA:10001fac
19299763ns          366180 1c00814e 00b77753 fadd.s           f14, f14, f11       f14=xxxxxxxx f14:48442bb9 f11:4537c1e4
19299783ns          366181 1c00814a 0047a58b p.lw             x11, 4(x15!)        x11=45096eab x15=10001fb4 x15:10001fb0  PA:10001fb0
19299823ns          366183 1c00814e 00b77753 fadd.s           f14, f14, f11       f14=xxxxxxxx f14:48470ac1 f11:45096eab
19299843ns          366184 1c00814a 0047a58b p.lw             x11, 4(x15!)        x11=453e68a5 x15=10001fb8 x15:10001fb4  PA:10001fb4
19299883ns          366186 1c00814e 00b77753 fadd.s           f14, f14, f11       f14=xxxxxxxx f14:4849307c f11:453e68a5
19299903ns          366187 1c00814a 0047a58b p.lw             x11, 4(x15!)        x11=44ed5a5d x15=10001fbc x15:10001fb8  PA:10001fb8
19299943ns          366189 1c00814e 00b77753 fadd.s           f14, f14, f11       f14=xxxxxxxx f14:484c2a1f f11:44ed5a5d
19299963ns          366190 1c00814a 0047a58b p.lw             x11, 4(x15!)        x11=45154ec3 x15=10001fc0 x15:10001fbc  PA:10001fbc
19300003ns          366192 1c00814e 00b77753 fadd.s           f14, f14, f11       f14=xxxxxxxx f14:484e04d4 f11:45154ec3
19300024ns          366193 1c00814a 0047a58b p.lw             x11, 4(x15!)        x11=4505fe39 x15=10001fc4 x15:10001fc0  PA:10001fc0
19300064ns          366195 1c00814e 00b77753 fadd.s           f14, f14, f11       f14=xxxxxxxx f14:48505a0f f11:4505fe39
19300084ns          366196 1c00814a 0047a58b p.lw             x11, 4(x15!)        x11=45022bea x15=10001fc8 x15:10001fc4  PA:10001fc4
19300124ns          366198 1c00814e 00b77753 fadd.s           f14, f14, f11       f14=xxxxxxxx f14:48527208 f11:45022bea
19300144ns          366199 1c00814a 0047a58b p.lw             x11, 4(x15!)        x11=450114e1 x15=10001fcc x15:10001fc8  PA:10001fc8
19300184ns          366201 1c00814e 00b77753 fadd.s           f14, f14, f11       f14=xxxxxxxx f14:48547ab8 f11:450114e1
19300204ns          366202 1c00814a 0047a58b p.lw             x11, 4(x15!)        x11=44f79a94 x15=10001fd0 x15:10001fcc  PA:10001fcc
19300244ns          366204 1c00814e 00b77753 fadd.s           f14, f14, f11       f14=xxxxxxxx f14:48567f0c f11:44f79a94
19300264ns          366205 1c00814a 0047a58b p.lw             x11, 4(x15!)        x11=449e50e0 x15=10001fd4 x15:10001fd0  PA:10001fd0
19300304ns          366207 1c00814e 00b77753 fadd.s           f14, f14, f11       f14=xxxxxxxx f14:48586e41 f11:449e50e0
19300325ns          366208 1c00814a 0047a58b p.lw             x11, 4(x15!)        x11=44a38fea x15=10001fd8 x15:10001fd4  PA:10001fd4
19300365ns          366210 1c00814e 00b77753 fadd.s           f14, f14, f11       f14=xxxxxxxx f14:4859aae3 f11:44a38fea
19300385ns          366211 1c00814a 0047a58b p.lw             x11, 4(x15!)        x11=44a65292 x15=10001fdc x15:10001fd8  PA:10001fd8
19300425ns          366213 1c00814e 00b77753 fadd.s           f14, f14, f11       f14=xxxxxxxx f14:485af203 f11:44a65292
19300445ns          366214 1c00814a 0047a58b p.lw             x11, 4(x15!)        x11=45054dbf x15=10001fe0 x15:10001fdc  PA:10001fdc
19300485ns          366216 1c00814e 00b77753 fadd.s           f14, f14, f11       f14=xxxxxxxx f14:485c3ea8 f11:45054dbf
19300505ns          366217 1c00814a 0047a58b p.lw             x11, 4(x15!)        x11=44a99654 x15=10001fe4 x15:10001fe0  PA:10001fe0
19300545ns          366219 1c00814e 00b77753 fadd.s           f14, f14, f11       f14=xxxxxxxx f14:485e53df f11:44a99654
19300565ns          366220 1c00814a 0047a58b p.lw             x11, 4(x15!)        x11=44d624be x15=10001fe8 x15:10001fe4  PA:10001fe4
19300605ns          366222 1c00814e 00b77753 fadd.s           f14, f14, f11       f14=xxxxxxxx f14:485fa70c f11:44d624be
19300625ns          366223 1c008152 1c0006b7 lui              x13, 0x1c000000     x13=1c000000
19300646ns          366224 1c008156 1306a683 lw               x13, 304(x13)       x13=3c23d70a x13:1c000000  PA:1c000130
19301067ns          366245 1c00815a 40a787b3 sub              x15, x15, x10       x15=0000018c x15:10001fe8 x10:10001e5c
19301087ns          366246 1c00815c 10d776d3 fmul.s           f13, f14, f13       f13=xxxxxxxx f14:48615355 f13:3c23d70a
19301107ns          366247 1c008160 ffc78793 addi             x15, x15, -4        x15=00000188 x15:0000018c
19301127ns          366248 1c008162 0027d793 srli             x15, x15, 0x2       x15=00000062 x15:00000188
19301147ns          366249 1c008164 08d67653 fsub.s           f12, f12, f13       f12=xxxxxxxx f12:4540177a f13:45103555
19301167ns          366250 1c008168 00178793 addi             x15, x15, 1         x15=00000063 x15:00000062
19301187ns          366251 1c00816a 10c67653 fmul.s           f12, f12, f12       f12=xxxxxxxx f12:443f8894 f12:443f8894
19301609ns          366272 1c00816e 0067c0fb lp.setup         0x1, x15, 0x6       x15:00000063
19301649ns          366274 1c008172 0045270b p.lw             x14, 4(x10!)        x14=45314166 x10=10001e60 x10:10001e5c  PA:10001e5c
19301689ns          366276 1c008176 08d77753 fsub.s           f14, f14, f13       f14=xxxxxxxx f14:45314166 f13:45103555
19301709ns          366277 1c00817a 60e77643 fmadd.s          f12, f14, f14, f12  f12=xxxxxxxx f14:44043044 f14:44043044 f12:490f4d16
19301729ns          366278 1c008172 0045270b p.lw             x14, 4(x10!)        x14=453e6138 x10=10001e64 x10:10001e60  PA:10001e60
19301769ns          366280 1c008176 08d77753 fsub.s           f14, f14, f13       f14=xxxxxxxx f14:453e6138 f13:45103555
19301789ns          366281 1c00817a 60e77643 fmadd.s          f12, f14, f14, f12  f12=xxxxxxxx f14:4438af8c f14:4438af8c f12:49538ee5
19301809ns          366282 1c008172 0045270b p.lw             x14, 4(x10!)        x14=453a3bb0 x10=10001e68 x10:10001e64  PA:10001e64
19301849ns          366284 1c008176 08d77753 fsub.s           f14, f14, f13       f14=xxxxxxxx f14:453a3bb0 f13:45103555
19301870ns          366285 1c00817a 60e77643 fmadd.s          f12, f14, f14, f12  f12=xxxxxxxx f14:4428196c f14:4428196c f12:49ac65db
19301890ns          366286 1c008172 0045270b p.lw             x14, 4(x10!)        x14=44e435b8 x10=10001e6c x10:10001e68  PA:10001e68
19301930ns          366288 1c008176 08d77753 fsub.s           f14, f14, f13       f14=xxxxxxxx f14:44e435b8 f13:45103555
19301950ns          366289 1c00817a 60e77643 fmadd.s          f12, f14, f14, f12  f12=xxxxxxxx f14:c3f0d3c8 f14:c3f0d3c8 f12:49e3968b
19301970ns          366290 1c008172 0045270b p.lw             x14, 4(x10!)        x14=4516a0c2 x10=10001e70 x10:10001e6c  PA:10001e6c
19302010ns          366292 1c008176 08d77753 fsub.s           f14, f14, f13       f14=xxxxxxxx f14:4516a0c2 f13:45103555
19302030ns          366293 1c00817a 60e77643 fmadd.s          f12, f14, f14, f12  f12=xxxxxxxx f14:42cd6da0 f14:42cd6da0 f12:49ffe844
19302050ns          366294 1c008172 0045270b p.lw             x14, 4(x10!)        x14=45148dbd x10=10001e74 x10:10001e70  PA:10001e70
19302090ns          366296 1c008176 08d77753 fsub.s           f14, f14, f13       f14=xxxxxxxx f14:45148dbd f13:45103555
19302110ns          366297 1c00817a 60e77643 fmadd.s          f12, f14, f14, f12  f12=xxxxxxxx f14:428b0d00 f14:428b0d00 f12:4a0098fb
19302130ns          366298 1c008172 0045270b p.lw             x14, 4(x10!)        x14=4546ab21 x10=10001e78 x10:10001e74  PA:10001e74
19302171ns          366300 1c008176 08d77753 fsub.s           f14, f14, f13       f14=xxxxxxxx f14:4546ab21 f13:45103555
19302191ns          366301 1c00817a 60e77643 fmadd.s          f12, f14, f14, f12  f12=xxxxxxxx f14:4459d730 f14:4459d730 f12:4a00e482
19302211ns          366302 1c008172 0045270b p.lw             x14, 4(x10!)        x14=44f79a76 x10=10001e7c x10:10001e78  PA:10001e78
19302251ns          366304 1c008176 08d77753 fsub.s           f14, f14, f13       f14=xxxxxxxx f14:44f79a76 f13:45103555
19302271ns          366305 1c00817a 60e77643 fmadd.s          f12, f14, f14, f12  f12=xxxxxxxx f14:c3a340d0 f14:c3a340d0 f12:4a2f3c23
19302291ns          366306 1c008172 0045270b p.lw             x14, 4(x10!)        x14=451d494d x10=10001e80 x10:10001e7c  PA:10001e7c
19302331ns          366308 1c008176 08d77753 fsub.s           f14, f14, f13       f14=xxxxxxxx f14:451d494d f13:45103555
19302351ns          366309 1c00817a 60e77643 fmadd.s          f12, f14, f14, f12  f12=xxxxxxxx f14:43513f80 f14:43513f80 f12:4a35bddd
19302371ns          366310 1c008172 0045270b p.lw             x14, 4(x10!)        x14=45366b51 x10=10001e84 x10:10001e80  PA:10001e80
19302411ns          366312 1c008176 08d77753 fsub.s           f14, f14, f13       f14=xxxxxxxx f14:45366b51 f13:45103555
19302431ns          366313 1c00817a 60e77643 fmadd.s          f12, f14, f14, f12  f12=xxxxxxxx f14:4418d7f0 f14:4418d7f0 f12:4a386a00
19302451ns          366314 1c008172 0045270b p.lw             x14, 4(x10!)        x14=454b811c x10=10001e88 x10:10001e84  PA:10001e84
19302492ns          366316 1c008176 08d77753 fsub.s           f14, f14, f13       f14=xxxxxxxx f14:454b811c f13:45103555
19302512ns          366317 1c00817a 60e77643 fmadd.s          f12, f14, f14, f12  f12=xxxxxxxx f14:446d2f1c f14:446d2f1c f12:4a4f3a49
19302532ns          366318 1c008172 0045270b p.lw             x14, 4(x10!)        x14=4523bc47 x10=10001e8c x10:10001e88  PA:10001e88
19302572ns          366320 1c008176 08d77753 fsub.s           f14, f14, f13       f14=xxxxxxxx f14:4523bc47 f13:45103555
19302592ns          366321 1c00817a 60e77643 fmadd.s          f12, f14, f14, f12  f12=xxxxxxxx f14:439c3790 f14:439c3790 f12:4a83152d
19302612ns          366322 1c008172 0045270b p.lw             x14, 4(x10!)        x14=4538714d x10=10001e90 x10:10001e8c  PA:10001e8c
19302652ns          366324 1c008176 08d77753 fsub.s           f14, f14, f13       f14=xxxxxxxx f14:4538714d f13:45103555
19302672ns          366325 1c00817a 60e77643 fmadd.s          f12, f14, f14, f12  f12=xxxxxxxx f14:4420efe0 f14:4420efe0 f12:4a860fcb
19302692ns          366326 1c008172 0045270b p.lw             x14, 4(x10!)        x14=449022ac x10=10001e94 x10:10001e90  PA:10001e90
19302732ns          366328 1c008176 08d77753 fsub.s           f14, f14, f13       f14=xxxxxxxx f14:449022ac f13:45103555
19302752ns          366329 1c00817a 60e77643 fmadd.s          f12, f14, f14, f12  f12=xxxxxxxx f14:c49047fe f14:c49047fe f12:4a92b562
19302772ns          366330 1c008172 0045270b p.lw             x14, 4(x10!)        x14=44f3e028 x10=10001e98 x10:10001e94  PA:10001e94
19302813ns          366332 1c008176 08d77753 fsub.s           f14, f14, f13       f14=xxxxxxxx f14:44f3e028 f13:45103555
19302833ns          366333 1c00817a 60e77643 fmadd.s          f12, f14, f14, f12  f12=xxxxxxxx f14:c3b22a08 f14:c3b22a08 f12:4abb5deb
19302853ns          366334 1c008172 0045270b p.lw             x14, 4(x10!)        x14=44fd7089 x10=10001e9c x10:10001e98  PA:10001e98
19302893ns          366336 1c008176 08d77753 fsub.s           f14, f14, f13       f14=xxxxxxxx f14:44fd7089 f13:45103555
19302913ns          366337 1c00817a 60e77643 fmadd.s          f12, f14, f14, f12  f12=xxxxxxxx f14:c38be884 f14:c38be884 f12:4abf3ddf
19302933ns          366338 1c008172 0045270b p.lw             x14, 4(x10!)        x14=452a510d x10=10001ea0 x10:10001e9c  PA:10001e9c
19302973ns          366340 1c008176 08d77753 fsub.s           f14, f14, f13       f14=xxxxxxxx f14:452a510d f13:45103555
19302993ns          366341 1c00817a 60e77643 fmadd.s          f12, f14, f14, f12  f12=xxxxxxxx f14:43d0ddc0 f14:43d0ddc0 f12:4ac1a192
19303013ns          366342 1c008172 0045270b p.lw             x14, 4(x10!)        x14=44eeaff4 x10=10001ea4 x10:10001ea0  PA:10001ea0
19303053ns          366344 1c008176 08d77753 fsub.s           f14, f14, f13       f14=xxxxxxxx f14:44eeaff4 f13:45103555
19303073ns          366345 1c00817a 60e77643 fmadd.s          f12, f14, f14, f12  f12=xxxxxxxx f14:c3c6ead8 f14:c3c6ead8 f12:4ac6f4db
19303094ns          366346 1c008172 0045270b p.lw             x14, 4(x10!)        x14=4514cee0 x10=10001ea8 x10:10001ea4  PA:10001ea4
19303134ns          366348 1c008176 08d77753 fsub.s           f14, f14, f13       f14=xxxxxxxx f14:4514cee0 f13:45103555
19303154ns          366349 1c00817a 60e77643 fmadd.s          f12, f14, f14, f12  f12=xxxxxxxx f14:42933160 f14:42933160 f12:4acbc95c
19303174ns          366350 1c008172 0045270b p.lw             x14, 4(x10!)        x14=4547a16b x10=10001eac x10:10001ea8  PA:10001ea8
19303214ns          366352 1c008176 08d77753 fsub.s           f14, f14, f13       f14=xxxxxxxx f14:4547a16b f13:45103555
19303234ns          366353 1c00817a 60e77643 fmadd.s          f12, f14, f14, f12  f12=xxxxxxxx f14:445db058 f14:445db058 f12:4acbf3ad
19303254ns          366354 1c008172 0045270b p.lw             x14, 4(x10!)        x14=452e5e52 x10=10001eb0 x10:10001eac  PA:10001eac
19303294ns          366356 1c008176 08d77753 fsub.s           f14, f14, f13       f14=xxxxxxxx f14:452e5e52 f13:45103555
19303314ns          366357 1c00817a 60e77643 fmadd.s          f12, f14, f14, f12  f12=xxxxxxxx f14:43f147e8 f14:43f147e8 f12:4ae3f2eb
19303334ns          366358 1c008172 0045270b p.lw             x14, 4(x10!)        x14=454c5256 x10=10001eb4 x10:10001eb0  PA:10001eb0
19303374ns          366360 1c008176 08d77753 fsub.s           f14, f14, f13       f14=xxxxxxxx f14:454c5256 f13:45103555
19303395ns          366361 1c00817a 60e77643 fmadd.s          f12, f14, f14, f12  f12=xxxxxxxx f14:44707404 f14:44707404 f12:4aeb0e2f
19303415ns          366362 1c008172 0045270b p.lw             x14, 4(x10!)        x14=454418fc x10=10001eb8 x10:10001eb4  PA:10001eb4
19303455ns          366364 1c008176 08d77753 fsub.s           f14, f14, f13       f14=xxxxxxxx f14:454418fc f13:45103555
19303475ns          366365 1c00817a 60e77643 fmadd.s          f12, f14, f14, f12  f12=xxxxxxxx f14:444f8e9c f14:444f8e9c f12:4b03a4b3
19303495ns          366366 1c008172 0045270b p.lw             x14, 4(x10!)        x14=44e774e3 x10=10001ebc x10:10001eb8  PA:10001eb8
19303535ns          366368 1c008176 08d77753 fsub.s           f14, f14, f13       f14=xxxxxxxx f14:44e774e3 f13:45103555
19303555ns          366369 1c00817a 60e77643 fmadd.s          f12, f14, f14, f12  f12=xxxxxxxx f14:c3e3d71c f14:c3e3d71c f12:4b0e2932
19303575ns          366370 1c008172 0045270b p.lw             x14, 4(x10!)        x14=45173462 x10=10001ec0 x10:10001ebc  PA:10001ebc
19303615ns          366372 1c008176 08d77753 fsub.s           f14, f14, f13       f14=xxxxxxxx f14:45173462 f13:45103555
19303635ns          366373 1c00817a 60e77643 fmadd.s          f12, f14, f14, f12  f12=xxxxxxxx f14:42dfe1a0 f14:42dfe1a0 f12:4b11544f
19303655ns          366374 1c008172 0045270b p.lw             x14, 4(x10!)        x14=450e315b x10=10001ec4 x10:10001ec0  PA:10001ec0
19303695ns          366376 1c008176 08d77753 fsub.s           f14, f14, f13       f14=xxxxxxxx f14:450e315b f13:45103555
19303716ns          366377 1c00817a 60e77643 fmadd.s          f12, f14, f14, f12  f12=xxxxxxxx f14:c200fe80 f14:c200fe80 f12:4b118542
19303736ns          366378 1c008172 0045270b p.lw             x14, 4(x10!)        x14=45418f1f x10=10001ec8 x10:10001ec4  PA:10001ec4
19303776ns          366380 1c008176 08d77753 fsub.s           f14, f14, f13       f14=xxxxxxxx f14:45418f1f f13:45103555
19303796ns          366381 1c00817a 60e77643 fmadd.s          f12, f14, f14, f12  f12=xxxxxxxx f14:44456728 f14:44456728 f12:4b118952
19303816ns          366382 1c008172 0045270b p.lw             x14, 4(x10!)        x14=44e8477a x10=10001ecc x10:10001ec8  PA:10001ec8
19303856ns          366384 1c008176 08d77753 fsub.s           f14, f14, f13       f14=xxxxxxxx f14:44e8477a f13:45103555
19303876ns          366385 1c00817a 60e77643 fmadd.s          f12, f14, f14, f12  f12=xxxxxxxx f14:c3e08cc0 f14:c3e08cc0 f12:4b1b0cd1
19303896ns          366386 1c008172 0045270b p.lw             x14, 4(x10!)        x14=4513adbf x10=10001ed0 x10:10001ecc  PA:10001ecc
19303936ns          366388 1c008176 08d77753 fsub.s           f14, f14, f13       f14=xxxxxxxx f14:4513adbf f13:45103555
19303956ns          366389 1c00817a 60e77643 fmadd.s          f12, f14, f14, f12  f12=xxxxxxxx f14:425e1a80 f14:425e1a80 f12:4b1e20ab
19303976ns          366390 1c008172 0045270b p.lw             x14, 4(x10!)        x14=45365f53 x10=10001ed4 x10:10001ed0  PA:10001ed0
19304017ns          366392 1c008176 08d77753 fsub.s           f14, f14, f13       f14=xxxxxxxx f14:45365f53 f13:45103555
19304037ns          366393 1c00817a 60e77643 fmadd.s          f12, f14, f14, f12  f12=xxxxxxxx f14:4418a7f8 f14:4418a7f8 f12:4b1e2cb6
19304057ns          366394 1c008172 0045270b p.lw             x14, 4(x10!)        x14=4526494f x10=10001ed8 x10:10001ed4  PA:10001ed4
19304097ns          366396 1c008176 08d77753 fsub.s           f14, f14, f13       f14=xxxxxxxx f14:4526494f f13:45103555
19304117ns          366397 1c00817a 60e77643 fmadd.s          f12, f14, f14, f12  f12=xxxxxxxx f14:43b09fd0 f14:43b09fd0 f12:4b23dd34
19304137ns          366398 1c008172 0045270b p.lw             x14, 4(x10!)        x14=453e433f x10=10001edc x10:10001ed8  PA:10001ed8
19304177ns          366400 1c008176 08d77753 fsub.s           f14, f14, f13       f14=xxxxxxxx f14:453e433f f13:45103555
19304197ns          366401 1c00817a 60e77643 fmadd.s          f12, f14, f14, f12  f12=xxxxxxxx f14:443837a8 f14:443837a8 f12:4b25c4a5
19304217ns          366402 1c008172 0045270b p.lw             x14, 4(x10!)        x14=454162c4 x10=10001ee0 x10:10001edc  PA:10001edc
19304257ns          366404 1c008176 08d77753 fsub.s           f14, f14, f13       f14=xxxxxxxx f14:454162c4 f13:45103555
19304277ns          366405 1c00817a 60e77643 fmadd.s          f12, f14, f14, f12  f12=xxxxxxxx f14:4444b5bc f14:4444b5bc f12:4b2e0da6
19304297ns          366406 1c008172 0045270b p.lw             x14, 4(x10!)        x14=44e54fd2 x10=10001ee4 x10:10001ee0  PA:10001ee0
19304338ns          366408 1c008176 08d77753 fsub.s           f14, f14, f13       f14=xxxxxxxx f14:44e54fd2 f13:45103555
19304358ns          366409 1c00817a 60e77643 fmadd.s          f12, f14, f14, f12  f12=xxxxxxxx f14:c3ec6b60 f14:c3ec6b60 f12:4b378013
19304378ns          366410 1c008172 0045270b p.lw             x14, 4(x10!)        x14=44e4aa50 x10=10001ee8 x10:10001ee4  PA:10001ee4
19304418ns          366412 1c008176 08d77753 fsub.s           f14, f14, f13       f14=xxxxxxxx f14:44e4aa50 f13:45103555
19304438ns          366413 1c00817a 60e77643 fmadd.s          f12, f14, f14, f12  f12=xxxxxxxx f14:c3ef0168 f14:c3ef0168 f12:4b3ae96c
19304458ns          366414 1c008172 0045270b p.lw             x14, 4(x10!)        x14=45081885 x10=10001eec x10:10001ee8  PA:10001ee8
19304498ns          366416 1c008176 08d77753 fsub.s           f14, f14, f13       f14=xxxxxxxx f14:45081885 f13:45103555
19304518ns          366417 1c00817a 60e77643 fmadd.s          f12, f14, f14, f12  f12=xxxxxxxx f14:c301cd00 f14:c301cd00 f12:4b3e65fb
19304538ns          366418 1c008172 0045270b p.lw             x14, 4(x10!)        x14=4540a37d x10=10001ef0 x10:10001eec  PA:10001eec
19304578ns          366420 1c008176 08d77753 fsub.s           f14, f14, f13       f14=xxxxxxxx f14:4540a37d f13:45103555
19304598ns          366421 1c00817a 60e77643 fmadd.s          f12, f14, f14, f12  f12=xxxxxxxx f14:4441b8a0 f14:4441b8a0 f12:4b3ea7cb
19304618ns          366422 1c008172 0045270b p.lw             x14, 4(x10!)        x14=44d39762 x10=10001ef4 x10:10001ef0  PA:10001ef0
19304659ns          366424 1c008176 08d77753 fsub.s           f14, f14, f13       f14=xxxxxxxx f14:44d39762 f13:45103555
19304679ns          366425 1c00817a 60e77643 fmadd.s          f12, f14, f14, f12  f12=xxxxxxxx f14:c419a690 f14:c419a690 f12:4b47d149
19304699ns          366426 1c008172 0045270b p.lw             x14, 4(x10!)        x14=45080119 x10=10001ef8 x10:10001ef4  PA:10001ef4
19304739ns          366428 1c008176 08d77753 fsub.s           f14, f14, f13       f14=xxxxxxxx f14:45080119 f13:45103555
19304759ns          366429 1c00817a 60e77643 fmadd.s          f12, f14, f14, f12  f12=xxxxxxxx f14:c30343c0 f14:c30343c0 f12:4b4d94d1
19304779ns          366430 1c008172 0045270b p.lw             x14, 4(x10!)        x14=45458a9d x10=10001efc x10:10001ef8  PA:10001ef8
19304819ns          366432 1c008176 08d77753 fsub.s           f14, f14, f13       f14=xxxxxxxx f14:45458a9d f13:45103555
19304839ns          366433 1c00817a 60e77643 fmadd.s          f12, f14, f14, f12  f12=xxxxxxxx f14:44555520 f14:44555520 f12:4b4dd81f
19304859ns          366434 1c008172 0045270b p.lw             x14, 4(x10!)        x14=4534ae57 x10=10001f00 x10:10001efc  PA:10001efc
19304899ns          366436 1c008176 08d77753 fsub.s           f14, f14, f13       f14=xxxxxxxx f14:4534ae57 f13:45103555
19304919ns          366437 1c00817a 60e77643 fmadd.s          f12, f14, f14, f12  f12=xxxxxxxx f14:4411e408 f14:4411e408 f12:4b58f48b
19304940ns          366438 1c008172 0045270b p.lw             x14, 4(x10!)        x14=453bfbb6 x10=10001f04 x10:10001f00  PA:10001f00
19304980ns          366440 1c008176 08d77753 fsub.s           f14, f14, f13       f14=xxxxxxxx f14:453bfbb6 f13:45103555
19305000ns          366441 1c00817a 60e77643 fmadd.s          f12, f14, f14, f12  f12=xxxxxxxx f14:442f1984 f14:442f1984 f12:4b5e26cd
19305020ns          366442 1c008172 0045270b p.lw             x14, 4(x10!)        x14=455ce6aa x10=10001f08 x10:10001f04  PA:10001f04
19305060ns          366444 1c008176 08d77753 fsub.s           f14, f14, f13       f14=xxxxxxxx f14:455ce6aa f13:45103555
19305080ns          366445 1c00817a 60e77643 fmadd.s          f12, f14, f14, f12  f12=xxxxxxxx f14:449962aa f14:449962aa f12:4b65a30b
19305100ns          366446 1c008172 0045270b p.lw             x14, 4(x10!)        x14=44ef0cdc x10=10001f0c x10:10001f08  PA:10001f08
19305140ns          366448 1c008176 08d77753 fsub.s           f14, f14, f13       f14=xxxxxxxx f14:44ef0cdc f13:45103555
19305160ns          366449 1c00817a 60e77643 fmadd.s          f12, f14, f14, f12  f12=xxxxxxxx f14:c3c57738 f14:c3c57738 f12:4b7c9cd0
19305180ns          366450 1c008172 0045270b p.lw             x14, 4(x10!)        x14=45092857 x10=10001f10 x10:10001f0c  PA:10001f0c
19305220ns          366452 1c008176 08d77753 fsub.s           f14, f14, f13       f14=xxxxxxxx f14:45092857 f13:45103555
19305241ns          366453 1c00817a 60e77643 fmadd.s          f12, f14, f14, f12  f12=xxxxxxxx f14:c2e19fc0 f14:c2e19fc0 f12:4b7efe13
19305261ns          366454 1c008172 0045270b p.lw             x14, 4(x10!)        x14=44f0a85b x10=10001f14 x10:10001f10  PA:10001f10
19305301ns          366456 1c008176 08d77753 fsub.s           f14, f14, f13       f14=xxxxxxxx f14:44f0a85b f13:45103555
19305321ns          366457 1c00817a 60e77643 fmadd.s          f12, f14, f14, f12  f12=xxxxxxxx f14:c3bf093c f14:c3bf093c f12:4b7f2fca
19305341ns          366458 1c008172 0045270b p.lw             x14, 4(x10!)        x14=4555ce9e x10=10001f18 x10:10001f14  PA:10001f14
19305381ns          366460 1c008176 08d77753 fsub.s           f14, f14, f13       f14=xxxxxxxx f14:4555ce9e f13:45103555
19305401ns          366461 1c00817a 60e77643 fmadd.s          f12, f14, f14, f12  f12=xxxxxxxx f14:448b3292 f14:448b3292 f12:4b80b503
19305421ns          366462 1c008172 0045270b p.lw             x14, 4(x10!)        x14=44d6fe8a x10=10001f1c x10:10001f18  PA:10001f18
19305461ns          366464 1c008176 08d77753 fsub.s           f14, f14, f13       f14=xxxxxxxx f14:44d6fe8a f13:45103555
19305481ns          366465 1c00817a 60e77643 fmadd.s          f12, f14, f14, f12  f12=xxxxxxxx f14:c412d840 f14:c412d840 f12:4b8a2b02
19305501ns          366466 1c008172 0045270b p.lw             x14, 4(x10!)        x14=451f30aa x10=10001f20 x10:10001f1c  PA:10001f1c
19305541ns          366468 1c008176 08d77753 fsub.s           f14, f14, f13       f14=xxxxxxxx f14:451f30aa f13:45103555
19305562ns          366469 1c00817a 60e77643 fmadd.s          f12, f14, f14, f12  f12=xxxxxxxx f14:436fb550 f14:436fb550 f12:4b8cccdd
19305582ns          366470 1c008172 0045270b p.lw             x14, 4(x10!)        x14=44ff4552 x10=10001f24 x10:10001f20  PA:10001f20
19305622ns          366472 1c008176 08d77753 fsub.s           f14, f14, f13       f14=xxxxxxxx f14:44ff4552 f13:45103555
19305642ns          366473 1c00817a 60e77643 fmadd.s          f12, f14, f14, f12  f12=xxxxxxxx f14:c3849560 f14:c3849560 f12:4b8d3d17
19305662ns          366474 1c008172 0045270b p.lw             x14, 4(x10!)        x14=450896c3 x10=10001f28 x10:10001f24  PA:10001f24
19305702ns          366476 1c008176 08d77753 fsub.s           f14, f14, f13       f14=xxxxxxxx f14:450896c3 f13:45103555
19305722ns          366477 1c00817a 60e77643 fmadd.s          f12, f14, f14, f12  f12=xxxxxxxx f14:c2f3d240 f14:c2f3d240 f12:4b8dc66c
19305742ns          366478 1c008172 0045270b p.lw             x14, 4(x10!)        x14=44c90b4f x10=10001f2c x10:10001f28  PA:10001f28
19305782ns          366480 1c008176 08d77753 fsub.s           f14, f14, f13       f14=xxxxxxxx f14:44c90b4f f13:45103555
19305802ns          366481 1c00817a 60e77643 fmadd.s          f12, f14, f14, f12  f12=xxxxxxxx f14:c42ebeb6 f14:c42ebeb6 f12:4b8de373
19305822ns          366482 1c008172 0045270b p.lw             x14, 4(x10!)        x14=44d4bddc x10=10001f30 x10:10001f2c  PA:10001f2c
19305863ns          366484 1c008176 08d77753 fsub.s           f14, f14, f13       f14=xxxxxxxx f14:44d4bddc f13:45103555
19305883ns          366485 1c00817a 60e77643 fmadd.s          f12, f14, f14, f12  f12=xxxxxxxx f14:c417599c f14:c417599c f12:4b919db1
19305903ns          366486 1c008172 0045270b p.lw             x14, 4(x10!)        x14=44833cf6 x10=10001f34 x10:10001f30  PA:10001f30
19305943ns          366488 1c008176 08d77753 fsub.s           f14, f14, f13       f14=xxxxxxxx f14:44833cf6 f13:45103555
19305963ns          366489 1c00817a 60e77643 fmadd.s          f12, f14, f14, f12  f12=xxxxxxxx f14:c49d2db4 f14:c49d2db4 f12:4b946988
19305983ns          366490 1c008172 0045270b p.lw             x14, 4(x10!)        x14=44ad512b x10=10001f38 x10:10001f34  PA:10001f34
19306023ns          366492 1c008176 08d77753 fsub.s           f14, f14, f13       f14=xxxxxxxx f14:44ad512b f13:45103555
19306043ns          366493 1c00817a 60e77643 fmadd.s          f12, f14, f14, f12  f12=xxxxxxxx f14:c46632fe f14:c46632fe f12:4ba079ab
19306063ns          366494 1c008172 0045270b p.lw             x14, 4(x10!)        x14=445abb37 x10=10001f3c x10:10001f38  PA:10001f38
19306103ns          366496 1c008176 08d77753 fsub.s           f14, f14, f13       f14=xxxxxxxx f14:445abb37 f13:45103555
19306123ns          366497 1c00817a 60e77643 fmadd.s          f12, f14, f14, f12  f12=xxxxxxxx f14:c4b30d0e f14:c4b30d0e f12:4ba6f1a8
19306143ns          366498 1c008172 0045270b p.lw             x14, 4(x10!)        x14=44d8e3e3 x10=10001f40 x10:10001f3c  PA:10001f3c
19306184ns          366500 1c008176 08d77753 fsub.s           f14, f14, f13       f14=xxxxxxxx f14:44d8e3e3 f13:45103555
19306204ns          366501 1c00817a 60e77643 fmadd.s          f12, f14, f14, f12  f12=xxxxxxxx f14:c40f0d8e f14:c40f0d8e f12:4bb69910
19306224ns          366502 1c008172 0045270b p.lw             x14, 4(x10!)        x14=44808574 x10=10001f44 x10:10001f40  PA:10001f40
19306264ns          366504 1c008176 08d77753 fsub.s           f14, f14, f13       f14=xxxxxxxx f14:44808574 f13:45103555
19306284ns          366505 1c00817a 60e77643 fmadd.s          f12, f14, f14, f12  f12=xxxxxxxx f14:c49fe536 f14:c49fe536 f12:4bb91891
19306304ns          366506 1c008172 0045270b p.lw             x14, 4(x10!)        x14=44d6e1bc x10=10001f48 x10:10001f44  PA:10001f44
19306344ns          366508 1c008176 08d77753 fsub.s           f14, f14, f13       f14=xxxxxxxx f14:44d6e1bc f13:45103555
19306364ns          366509 1c00817a 60e77643 fmadd.s          f12, f14, f14, f12  f12=xxxxxxxx f14:c41311dc f14:c41311dc f12:4bc59462
19306384ns          366510 1c008172 0045270b p.lw             x14, 4(x10!)        x14=44f63717 x10=10001f4c x10:10001f48  PA:10001f48
19306424ns          366512 1c008176 08d77753 fsub.s           f14, f14, f13       f14=xxxxxxxx f14:44f63717 f13:45103555
19306444ns          366513 1c00817a 60e77643 fmadd.s          f12, f14, f14, f12  f12=xxxxxxxx f14:c3a8ce4c f14:c3a8ce4c f12:4bc8384e
19306465ns          366514 1c008172 0045270b p.lw             x14, 4(x10!)        x14=45286b24 x10=10001f50 x10:10001f4c  PA:10001f4c
19306505ns          366516 1c008176 08d77753 fsub.s           f14, f14, f13       f14=xxxxxxxx f14:45286b24 f13:45103555
19306525ns          366517 1c00817a 60e77643 fmadd.s          f12, f14, f14, f12  f12=xxxxxxxx f14:43c1ae78 f14:43c1ae78 f12:4bc916ed
19306545ns          366518 1c008172 0045270b p.lw             x14, 4(x10!)        x14=44f9e0f0 x10=10001f54 x10:10001f50  PA:10001f50
19306585ns          366520 1c008176 08d77753 fsub.s           f14, f14, f13       f14=xxxxxxxx f14:44f9e0f0 f13:45103555
19306605ns          366521 1c00817a 60e77643 fmadd.s          f12, f14, f14, f12  f12=xxxxxxxx f14:c39a26e8 f14:c39a26e8 f12:4bca3bfe
19306625ns          366522 1c008172 0045270b p.lw             x14, 4(x10!)        x14=4506aac2 x10=10001f58 x10:10001f54  PA:10001f54
19306665ns          366524 1c008176 08d77753 fsub.s           f14, f14, f13       f14=xxxxxxxx f14:4506aac2 f13:45103555
19306685ns          366525 1c00817a 60e77643 fmadd.s          f12, f14, f14, f12  f12=xxxxxxxx f14:c318a930 f14:c318a930 f12:4bcaf5a4
19306705ns          366526 1c008172 0045270b p.lw             x14, 4(x10!)        x14=44a960c9 x10=10001f5c x10:10001f58  PA:10001f58
19306745ns          366528 1c008176 08d77753 fsub.s           f14, f14, f13       f14=xxxxxxxx f14:44a960c9 f13:45103555
19306765ns          366529 1c00817a 60e77643 fmadd.s          f12, f14, f14, f12  f12=xxxxxxxx f14:c46e13c2 f14:c46e13c2 f12:4bcb2329
19306786ns          366530 1c008172 0045270b p.lw             x14, 4(x10!)        x14=44f67fc2 x10=10001f60 x10:10001f5c  PA:10001f5c
19306826ns          366532 1c008176 08d77753 fsub.s           f14, f14, f13       f14=xxxxxxxx f14:44f67fc2 f13:45103555
19306846ns          366533 1c00817a 60e77643 fmadd.s          f12, f14, f14, f12  f12=xxxxxxxx f14:c3a7aba0 f14:c3a7aba0 f12:4bd20e6f
19306866ns          366534 1c008172 0045270b p.lw             x14, 4(x10!)        x14=44eb1bd3 x10=10001f64 x10:10001f60  PA:10001f60
19306906ns          366536 1c008176 08d77753 fsub.s           f14, f14, f13       f14=xxxxxxxx f14:44eb1bd3 f13:45103555
19306926ns          366537 1c00817a 60e77643 fmadd.s          f12, f14, f14, f12  f12=xxxxxxxx f14:c3d53b5c f14:c3d53b5c f12:4bd2ea12
19306946ns          366538 1c008172 0045270b p.lw             x14, 4(x10!)        x14=44ff5500 x10=10001f68 x10:10001f64  PA:10001f64
19306986ns          366540 1c008176 08d77753 fsub.s           f14, f14, f13       f14=xxxxxxxx f14:44ff5500 f13:45103555
19307006ns          366541 1c00817a 60e77643 fmadd.s          f12, f14, f14, f12  f12=xxxxxxxx f14:c38456a8 f14:c38456a8 f12:4bd44d4a
19307026ns          366542 1c008172 0045270b p.lw             x14, 4(x10!)        x14=44b6f60d x10=10001f6c x10:10001f68  PA:10001f68
19307066ns          366544 1c008176 08d77753 fsub.s           f14, f14, f13       f14=xxxxxxxx f14:44b6f60d f13:45103555
19307087ns          366545 1c00817a 60e77643 fmadd.s          f12, f14, f14, f12  f12=xxxxxxxx f14:c452e93a f14:c452e93a f12:4bd4d61d
19307107ns          366546 1c008172 0045270b p.lw             x14, 4(x10!)        x14=44c79607 x10=10001f70 x10:10001f6c  PA:10001f6c
19307147ns          366548 1c008176 08d77753 fsub.s           f14, f14, f13       f14=xxxxxxxx f14:44c79607 f13:45103555
19307167ns          366549 1c00817a 60e77643 fmadd.s          f12, f14, f14, f12  f12=xxxxxxxx f14:c431a946 f14:c431a946 f12:4bda4439
19307187ns          366550 1c008172 0045270b p.lw             x14, 4(x10!)        x14=45285135 x10=10001f74 x10:10001f70  PA:10001f70
19307227ns          366552 1c008176 08d77753 fsub.s           f14, f14, f13       f14=xxxxxxxx f14:45285135 f13:45103555
19307247ns          366553 1c00817a 60e77643 fmadd.s          f12, f14, f14, f12  f12=xxxxxxxx f14:43c0df00 f14:43c0df00 f12:4bde1e95
19307267ns          366554 1c008172 0045270b p.lw             x14, 4(x10!)        x14=4555d75c x10=10001f78 x10:10001f74  PA:10001f74
19307307ns          366556 1c008176 08d77753 fsub.s           f14, f14, f13       f14=xxxxxxxx f14:4555d75c f13:45103555
19307327ns          366557 1c00817a 60e77643 fmadd.s          f12, f14, f14, f12  f12=xxxxxxxx f14:448b440e f14:448b440e f12:4bdf4134
19307347ns          366558 1c008172 0045270b p.lw             x14, 4(x10!)        x14=4518fee0 x10=10001f7c x10:10001f78  PA:10001f78
19307388ns          366560 1c008176 08d77753 fsub.s           f14, f14, f13       f14=xxxxxxxx f14:4518fee0 f13:45103555
19307408ns          366561 1c00817a 60e77643 fmadd.s          f12, f14, f14, f12  f12=xxxxxxxx f14:430c98b0 f14:430c98b0 f12:4be8b993
19307428ns          366562 1c008172 0045270b p.lw             x14, 4(x10!)        x14=4528d0b3 x10=10001f80 x10:10001f7c  PA:10001f7c
19307468ns          366564 1c008176 08d77753 fsub.s           f14, f14, f13       f14=xxxxxxxx f14:4528d0b3 f13:45103555
19307488ns          366565 1c00817a 60e77643 fmadd.s          f12, f14, f14, f12  f12=xxxxxxxx f14:43c4daf0 f14:43c4daf0 f12:4be8e02f
19307508ns          366566 1c008172 0045270b p.lw             x14, 4(x10!)        x14=44e533ba x10=10001f84 x10:10001f80  PA:10001f80
19307548ns          366568 1c008176 08d77753 fsub.s           f14, f14, f13       f14=xxxxxxxx f14:44e533ba f13:45103555
19307568ns          366569 1c00817a 60e77643 fmadd.s          f12, f14, f14, f12  f12=xxxxxxxx f14:c3ecdbc0 f14:c3ecdbc0 f12:4bea0eef
19307588ns          366570 1c008172 0045270b p.lw             x14, 4(x10!)        x14=45039125 x10=10001f88 x10:10001f84  PA:10001f84
19307628ns          366572 1c008176 08d77753 fsub.s           f14, f14, f13       f14=xxxxxxxx f14:45039125 f13:45103555
19307648ns          366573 1c00817a 60e77643 fmadd.s          f12, f14, f14, f12  f12=xxxxxxxx f14:c34a4300 f14:c34a4300 f12:4bebc53b
19307668ns          366574 1c008172 0045270b p.lw             x14, 4(x10!)        x14=45020486 x10=10001f8c x10:10001f88  PA:10001f88
19307709ns          366576 1c008176 08d77753 fsub.s           f14, f14, f13       f14=xxxxxxxx f14:45020486 f13:45103555
19307729ns          366577 1c00817a 60e77643 fmadd.s          f12, f14, f14, f12  f12=xxxxxxxx f14:c3630cf0 f14:c3630cf0 f12:4bec1522
19307749ns          366578 1c008172 0045270b p.lw             x14, 4(x10!)        x14=45445539 x10=10001f90 x10:10001f8c  PA:10001f8c
19307789ns          366580 1c008176 08d77753 fsub.s           f14, f14, f13       f14=xxxxxxxx f14:45445539 f13:45103555
19307809ns          366581 1c00817a 60e77643 fmadd.s          f12, f14, f14, f12  f12=xxxxxxxx f14:44507f90 f14:44507f90 f12:4bec79d2
19307829ns          366582 1c008172 0045270b p.lw             x14, 4(x10!)        x14=44e2e5ac x10=10001f94 x10:10001f90  PA:10001f90
19307869ns          366584 1c008176 08d77753 fsub.s           f14, f14, f13       f14=xxxxxxxx f14:44e2e5ac f13:45103555
19307889ns          366585 1c00817a 60e77643 fmadd.s          f12, f14, f14, f12  f12=xxxxxxxx f14:c3f613f8 f14:c3f613f8 f12:4bf1c84e
19307909ns          366586 1c008172 0045270b p.lw             x14, 4(x10!)        x14=450f3ada x10=10001f98 x10:10001f94  PA:10001f94
19307949ns          366588 1c008176 08d77753 fsub.s           f14, f14, f13       f14=xxxxxxxx f14:450f3ada f13:45103555
19307969ns          366589 1c00817a 60e77643 fmadd.s          f12, f14, f14, f12  f12=xxxxxxxx f14:c17a7b00 f14:c17a7b00 f12:4bf3a163
19307989ns          366590 1c008172 0045270b p.lw             x14, 4(x10!)        x14=45339834 x10=10001f9c x10:10001f98  PA:10001f98
19308030ns          366592 1c008176 08d77753 fsub.s           f14, f14, f13       f14=xxxxxxxx f14:45339834 f13:45103555
19308050ns          366593 1c00817a 60e77643 fmadd.s          f12, f14, f14, f12  f12=xxxxxxxx f14:440d8b7c f14:440d8b7c f12:4bf3a1de
19308070ns          366594 1c008172 0045270b p.lw             x14, 4(x10!)        x14=45489768 x10=10001fa0 x10:10001f9c  PA:10001f9c
19308110ns          366596 1c008176 08d77753 fsub.s           f14, f14, f13       f14=xxxxxxxx f14:45489768 f13:45103555
19308130ns          366597 1c00817a 60e77643 fmadd.s          f12, f14, f14, f12  f12=xxxxxxxx f14:4461884c f14:4461884c f12:4bf613f6
19308150ns          366598 1c008172 0045270b p.lw             x14, 4(x10!)        x14=45414bb4 x10=10001fa4 x10:10001fa0  PA:10001fa0
19308190ns          366600 1c008176 08d77753 fsub.s           f14, f14, f13       f14=xxxxxxxx f14:45414bb4 f13:45103555
19308210ns          366601 1c00817a 60e77643 fmadd.s          f12, f14, f14, f12  f12=xxxxxxxx f14:4444597c f14:4444597c f12:4bfc497d
19308230ns          366602 1c008172 0045270b p.lw             x14, 4(x10!)        x14=4551c922 x10=10001fa8 x10:10001fa4  PA:10001fa4
19308270ns          366604 1c008176 08d77753 fsub.s           f14, f14, f13       f14=xxxxxxxx f14:4551c922 f13:45103555
19308290ns          366605 1c00817a 60e77643 fmadd.s          f12, f14, f14, f12  f12=xxxxxxxx f14:4483279a f14:4483279a f12:4c007f23
19308311ns          366606 1c008172 0045270b p.lw             x14, 4(x10!)        x14=45070b07 x10=10001fac x10:10001fa8  PA:10001fa8
19308351ns          366608 1c008176 08d77753 fsub.s           f14, f14, f13       f14=xxxxxxxx f14:45070b07 f13:45103555
19308371ns          366609 1c00817a 60e77643 fmadd.s          f12, f14, f14, f12  f12=xxxxxxxx f14:c312a4e0 f14:c312a4e0 f12:4c04b23c
19308391ns          366610 1c008172 0045270b p.lw             x14, 4(x10!)        x14=4537c1e4 x10=10001fb0 x10:10001fac  PA:10001fac
19308431ns          366612 1c008176 08d77753 fsub.s           f14, f14, f13       f14=xxxxxxxx f14:4537c1e4 f13:45103555
19308451ns          366613 1c00817a 60e77643 fmadd.s          f12, f14, f14, f12  f12=xxxxxxxx f14:441e323c f14:441e323c f12:4c04c73c
19308471ns          366614 1c008172 0045270b p.lw             x14, 4(x10!)        x14=45096eab x10=10001fb4 x10:10001fb0  PA:10001fb0
19308511ns          366616 1c008176 08d77753 fsub.s           f14, f14, f13       f14=xxxxxxxx f14:45096eab f13:45103555
19308531ns          366617 1c00817a 60e77643 fmadd.s          f12, f14, f14, f12  f12=xxxxxxxx f14:c2d8d540 f14:c2d8d540 f12:4c064e44
19308551ns          366618 1c008172 0045270b p.lw             x14, 4(x10!)        x14=453e68a5 x10=10001fb8 x10:10001fb4  PA:10001fb4
19308591ns          366620 1c008176 08d77753 fsub.s           f14, f14, f13       f14=xxxxxxxx f14:453e68a5 f13:45103555
19308611ns          366621 1c00817a 60e77643 fmadd.s          f12, f14, f14, f12  f12=xxxxxxxx f14:4438cd40 f14:4438cd40 f12:4c0659bf
19308632ns          366622 1c008172 0045270b p.lw             x14, 4(x10!)        x14=44ed5a5d x10=10001fbc x10:10001fb8  PA:10001fb8
19308672ns          366624 1c008176 08d77753 fsub.s           f14, f14, f13       f14=xxxxxxxx f14:44ed5a5d f13:45103555
19308692ns          366625 1c00817a 60e77643 fmadd.s          f12, f14, f14, f12  f12=xxxxxxxx f14:c3cc4134 f14:c3cc4134 f12:4c086f5e
19308712ns          366626 1c008172 0045270b p.lw             x14, 4(x10!)        x14=45154ec3 x10=10001fc0 x10:10001fbc  PA:10001fbc
19308752ns          366628 1c008176 08d77753 fsub.s           f14, f14, f13       f14=xxxxxxxx f14:45154ec3 f13:45103555
19308772ns          366629 1c00817a 60e77643 fmadd.s          f12, f14, f14, f12  f12=xxxxxxxx f14:42a32dc0 f14:42a32dc0 f12:4c091256
19308792ns          366630 1c008172 0045270b p.lw             x14, 4(x10!)        x14=4505fe39 x10=10001fc4 x10:10001fc0  PA:10001fc0
19308832ns          366632 1c008176 08d77753 fsub.s           f14, f14, f13       f14=xxxxxxxx f14:4505fe39 f13:45103555
19308852ns          366633 1c00817a 60e77643 fmadd.s          f12, f14, f14, f12  f12=xxxxxxxx f14:c32371c0 f14:c32371c0 f12:4c0918d6
19308872ns          366634 1c008172 0045270b p.lw             x14, 4(x10!)        x14=45022bea x10=10001fc8 x10:10001fc4  PA:10001fc4
19308912ns          366636 1c008176 08d77753 fsub.s           f14, f14, f13       f14=xxxxxxxx f14:45022bea f13:45103555
19308933ns          366637 1c00817a 60e77643 fmadd.s          f12, f14, f14, f12  f12=xxxxxxxx f14:c36096b0 f14:c36096b0 f12:4c0932ed
19308953ns          366638 1c008172 0045270b p.lw             x14, 4(x10!)        x14=450114e1 x10=10001fcc x10:10001fc8  PA:10001fc8
19308993ns          366640 1c008176 08d77753 fsub.s           f14, f14, f13       f14=xxxxxxxx f14:450114e1 f13:45103555
19309013ns          366641 1c00817a 60e77643 fmadd.s          f12, f14, f14, f12  f12=xxxxxxxx f14:c3720740 f14:c3720740 f12:4c09642f
19309033ns          366642 1c008172 0045270b p.lw             x14, 4(x10!)        x14=44f79a94 x10=10001fd0 x10:10001fcc  PA:10001fcc
19309073ns          366644 1c008176 08d77753 fsub.s           f14, f14, f13       f14=xxxxxxxx f14:44f79a94 f13:45103555
19309093ns          366645 1c00817a 60e77643 fmadd.s          f12, f14, f14, f12  f12=xxxxxxxx f14:c3a34058 f14:c3a34058 f12:4c099d63
19309113ns          366646 1c008172 0045270b p.lw             x14, 4(x10!)        x14=449e50e0 x10=10001fd4 x10:10001fd0  PA:10001fd0
19309153ns          366648 1c008176 08d77753 fsub.s           f14, f14, f13       f14=xxxxxxxx f14:449e50e0 f13:45103555
19309173ns          366649 1c00817a 60e77643 fmadd.s          f12, f14, f14, f12  f12=xxxxxxxx f14:c48219ca f14:c48219ca f12:4c0a057e
19309193ns          366650 1c008172 0045270b p.lw             x14, 4(x10!)        x14=44a38fea x10=10001fd8 x10:10001fd4  PA:10001fd4
19309234ns          366652 1c008176 08d77753 fsub.s           f14, f14, f13       f14=xxxxxxxx f14:44a38fea f13:45103555
19309254ns          366653 1c00817a 60e77643 fmadd.s          f12, f14, f14, f12  f12=xxxxxxxx f14:c479b580 f14:c479b580 f12:4c0e2761
19309274ns          366654 1c008172 0045270b p.lw             x14, 4(x10!)        x14=44a65292 x10=10001fdc x10:10001fd8  PA:10001fd8
19309314ns          366656 1c008176 08d77753 fsub.s           f14, f14, f13       f14=xxxxxxxx f14:44a65292 f13:45103555
19309334ns          366657 1c00817a 60e77643 fmadd.s          f12, f14, f14, f12  f12=xxxxxxxx f14:c4743030 f14:c4743030 f12:4c11f5ab
19309354ns          366658 1c008172 0045270b p.lw             x14, 4(x10!)        x14=45054dbf x10=10001fe0 x10:10001fdc  PA:10001fdc
19309394ns          366660 1c008176 08d77753 fsub.s           f14, f14, f13       f14=xxxxxxxx f14:45054dbf f13:45103555
19309414ns          366661 1c00817a 60e77643 fmadd.s          f12, f14, f14, f12  f12=xxxxxxxx f14:c32e7960 f14:c32e7960 f12:4c15995b
19309434ns          366662 1c008172 0045270b p.lw             x14, 4(x10!)        x14=44a99654 x10=10001fe4 x10:10001fe0  PA:10001fe0
19309474ns          366664 1c008176 08d77753 fsub.s           f14, f14, f13       f14=xxxxxxxx f14:44a99654 f13:45103555
19309494ns          366665 1c00817a 60e77643 fmadd.s          f12, f14, f14, f12  f12=xxxxxxxx f14:c46da8ac f14:c46da8ac f12:4c15b715
19309514ns          366666 1c008172 0045270b p.lw             x14, 4(x10!)        x14=44d624be x10=10001fe8 x10:10001fe4  PA:10001fe4
19309555ns          366668 1c008176 08d77753 fsub.s           f14, f14, f13       f14=xxxxxxxx f14:44d624be f13:45103555
19309575ns          366669 1c00817a 60e77643 fmadd.s          f12, f14, f14, f12  f12=xxxxxxxx f14:c4148bd8 f14:c4148bd8 f12:4c19299c
19309996ns          366690 1c00817e 1c0007b7 lui              x15, 0x1c000000     x15=1c000000
19310036ns          366692 1c008182 1347a503 lw               x10, 308(x15)       x10=3c257eb5 x15:1c000000  PA:1c000134
19310357ns          366708 1c008186 10a67553 fmul.s           f10, f12, f10       f10=xxxxxxxx f12:4c1a8264 f10:3c257eb5
19310377ns          366709 1c00818a 00008067 jalr             x0, x1, 0            x1:1c008a6a
19310598ns          366720 1c008a6a 1c0005b7 lui              x11, 0x1c000000     x11=1c000000
19310618ns          366721 1c008a6e 00441413 slli             x8, x8, 0x4          x8=00000030  x8:00000003
19310658ns          366723 1c008a70 04058593 addi             x11, x11, 64        x11=1c000040 x11:1c000000
19310698ns          366725 1c008a74 008585b3 add              x11, x11, x8        x11=1c000070 x11:1c000040  x8:00000030
19310718ns          366726 1c008a76 00a12623 sw               x10, 12(x2)         x10:48c7c508  x2:10001e48  PA:10001e54
19310738ns          366727 1c008a78 00810513 addi             x10, x2, 8          x10=10001e50  x2:10001e48
19310758ns          366728 1c008a7a f12ff0ef jal              x1, -2286            x1=1c008a7e
19311220ns          366751 1c00818c fd010113 addi             x2, x2, -48          x2=10001e18  x2:10001e48
19311240ns          366752 1c00818e 03212023 sw               x18, 32(x2)         x18:xxxxxxxx  x2:10001e18  PA:10001e38
19311260ns          366753 1c008190 01712623 sw               x23, 12(x2)         x23:xxxxxxxx  x2:10001e18  PA:10001e24
19311280ns          366754 1c008192 00052903 lw               x18, 0(x10)         x18=48615355 x10:10001e50  PA:10001e50
19311300ns          366755 1c008196 0005ab83 lw               x23, 0(x11)         x23=486153e7 x11:1c000070  PA:1c000070
19311762ns          366778 1c00819a 02812423 sw               x8, 40(x2)           x8:00000030  x2:10001e18  PA:10001e40
19311782ns          366779 1c00819c a17907d3 fle.s            x15, f18, f23       x15=00000001 f18:48615355 f23:486153e7
19311802ns          366780 1c0081a0 02912223 sw               x9, 36(x2)           x9:xxxxxxxx  x2:10001e18  PA:10001e3c
19311822ns          366781 1c0081a2 01312e23 sw               x19, 28(x2)         x19:xxxxxxxx  x2:10001e18  PA:10001e34
19311842ns          366782 1c0081a4 01612823 sw               x22, 16(x2)         x22:xxxxxxxx  x2:10001e18  PA:10001e28
19311862ns          366783 1c0081a6 02112623 sw               x1, 44(x2)           x1:1c008a7e  x2:10001e18  PA:10001e44
19311882ns          366784 1c0081a8 01412c23 sw               x20, 24(x2)         x20:xxxxxxxx  x2:10001e18  PA:10001e30
19311902ns          366785 1c0081aa 01512a23 sw               x21, 20(x2)         x21:xxxxxxxx  x2:10001e18  PA:10001e2c
19311922ns          366786 1c0081ac 00b00433 add              x8, x0, x11          x8=1c000070 x11:1c000070
19311942ns          366787 1c0081ae 00a00b33 add              x22, x0, x10        x22=10001e50 x10:10001e50
19312263ns          366803 1c0081b0 0045a483 lw               x9, 4(x11)           x9=486152bf x11:1c000070  PA:1c000074
19312584ns          366819 1c0081b2 f14029f3 csrrs            x19, x0, 0xf14      x19=00000003
19312605ns          366820 1c0081b6 14079f63 bne              x15, x0, 350        x15:00000001
19313528ns          366866 1c008314 a1248753 fle.s            x14, f9, f18        x14=00000001  f9:486152bf f18:48615355
19313568ns          366868 1c008318 f14027f3 csrrs            x15, x0, 0xf14      x15=00000003
19313588ns          366869 1c00831c 00f009b3 add              x19, x0, x15        x19=00000003 x15:00000003
19314029ns          366891 1c00831e e8070ee3 beq              x14, x0, -356       x14:00000001
19314069ns          366893 1c008322 00452b03 lw               x22, 4(x10)         x22=48c7c508 x10:10001e50  PA:10001e54
19314089ns          366894 1c008326 0085a903 lw               x18, 8(x11)         x18=48c7c588 x11:1c000070  PA:1c000078
19314511ns          366915 1c00832a 00c5a403 lw               x8, 12(x11)          x8=48c7c482 x11:1c000070  PA:1c00007c
19314812ns          366930 1c00832c a12b0753 fle.s            x14, f22, f18       x14=00000001 f22:48c7c508 f18:48c7c588
19314832ns          366931 1c008330 16071563 bne              x14, x0, 362        x14:00000001
19315233ns          366951 1c00849a a1640753 fle.s            x14, f8, f22        x14=00000001  f8:48c7c482 f22:48c7c508
19315253ns          366952 1c00849e 00f004b3 add              x9, x0, x15          x9=00000003 x15:00000003
19315675ns          366973 1c0084a0 00e00533 add              x10, x0, x14        x10=00000001 x14:00000001
19315715ns          366975 1c0084a2 0ff57513 andi             x10, x10, 255       x10=00000001 x10:00000001
19315735ns          366976 1c0084a6 fc071fe3 bne              x14, x0, -34        x14:00000001
19316658ns          367022 1c008484 02c12083 lw               x1, 44(x2)           x1=1c008a7e  x2:10001e18  PA:10001e44
19316678ns          367023 1c008486 02812403 lw               x8, 40(x2)           x8=00000030  x2:10001e18  PA:10001e40
19316698ns          367024 1c008488 02412483 lw               x9, 36(x2)           x9=xxxxxxxx  x2:10001e18  PA:10001e3c
19316718ns          367025 1c00848a 02012903 lw               x18, 32(x2)         x18=xxxxxxxx  x2:10001e18  PA:10001e38
19316738ns          367026 1c00848c 01c12983 lw               x19, 28(x2)         x19=xxxxxxxx  x2:10001e18  PA:10001e34
19316758ns          367027 1c00848e 01812a03 lw               x20, 24(x2)         x20=xxxxxxxx  x2:10001e18  PA:10001e30
19316778ns          367028 1c008490 01412a83 lw               x21, 20(x2)         x21=xxxxxxxx  x2:10001e18  PA:10001e2c
19316798ns          367029 1c008492 01012b03 lw               x22, 16(x2)         x22=xxxxxxxx  x2:10001e18  PA:10001e28
19316818ns          367030 1c008494 00c12b83 lw               x23, 12(x2)         x23=xxxxxxxx  x2:10001e18  PA:10001e24
19316838ns          367031 1c008496 03010113 addi             x2, x2, 48           x2=10001e48  x2:10001e18
19316858ns          367032 1c008498 00008067 jalr             x0, x1, 0            x1:1c008a7e
19316898ns          367034 1c008a7e 00a00433 add              x8, x0, x10          x8=00000001 x10:00000001
19316919ns          367035 1c008a80 f14027f3 csrrs            x15, x0, 0xf14      x15=00000003
19316939ns          367036 1c008a84 f457b5b3 p.bclr           x11, x15, 26, 5     x11=00000003 x15:00000003
19316959ns          367037 1c008a88 00050e63 beq              x10, x0, 28         x10:00000001
19316979ns          367038 1c008a8a 1c000537 lui              x10, 0x1c000000     x10=1c000000
19317420ns          367060 1c008a8e 0f450513 addi             x10, x10, 244       x10=1c0000f4 x10:1c000000
19317440ns          367061 1c008a92 612000ef jal              x1, 1554             x1=1c008a94
19317521ns          367065 1c0090a4 fc010113 addi             x2, x2, -64          x2=10001e08  x2:10001e48
19317561ns          367067 1c0090a6 02410313 addi             x6, x2, 36           x6=10001e2c  x2:10001e08
19317581ns          367068 1c0090aa 02c12423 sw               x12, 40(x2)         x12:4c1a8264  x2:10001e08  PA:10001e30
19317601ns          367069 1c0090ac 00a00633 add              x12, x0, x10        x12=1c0000f4 x10:1c0000f4
19317641ns          367071 1c0090ae 1c009537 lui              x10, 0x1c009000     x10=1c009000
19317661ns          367072 1c0090b2 02b12223 sw               x11, 36(x2)         x11:00000003  x2:10001e08  PA:10001e2c
19317681ns          367073 1c0090b4 02d12623 sw               x13, 44(x2)         x13:45103555  x2:10001e08  PA:10001e34
19317701ns          367074 1c0090b6 00200593 addi             x11, x0, 2          x11=00000002
19317721ns          367075 1c0090b8 006006b3 add              x13, x0, x6         x13=10001e2c  x6:10001e2c
19317741ns          367076 1c0090ba 03850513 addi             x10, x10, 56        x10=1c009038 x10:1c009000
19317761ns          367077 1c0090be 00112e23 sw               x1, 28(x2)           x1:1c008a94  x2:10001e08  PA:10001e24
19317781ns          367078 1c0090c0 02e12823 sw               x14, 48(x2)         x14:00000001  x2:10001e08  PA:10001e38
19317801ns          367079 1c0090c2 02f12a23 sw               x15, 52(x2)         x15:00000003  x2:10001e08  PA:10001e3c
19317821ns          367080 1c0090c4 03012c23 sw               x16, 56(x2)         x16:44d624be  x2:10001e08  PA:10001e40
19317842ns          367081 1c0090c6 03112e23 sw               x17, 60(x2)         x17:44cac631  x2:10001e08  PA:10001e44
19317862ns          367082 1c0090c8 00612623 sw               x6, 12(x2)           x6:10001e2c  x2:10001e08  PA:10001e14
19317882ns          367083 1c0090ca fbfff0ef jal              x1, -66              x1=1c0090cc
19317962ns          367087 1c009088 04a0006f jal              x0, 74             
19318002ns          367089 1c0090d2 ed010113 addi             x2, x2, -304         x2=10001cd8  x2:10001e08
19318022ns          367090 1c0090d4 12812423 sw               x8, 296(x2)          x8:00000001  x2:10001cd8  PA:10001e00
19318042ns          367091 1c0090d8 00000413 addi             x8, x0, 0            x8=00000000
19318062ns          367092 1c0090da 11612823 sw               x22, 272(x2)        x22:xxxxxxxx  x2:10001cd8  PA:10001de8
19318122ns          367095 1c0090de 11712623 sw               x23, 268(x2)        x23:xxxxxxxx  x2:10001cd8  PA:10001de4
19318163ns          367097 1c0090e2 11812423 sw               x24, 264(x2)        x24:xxxxxxxx  x2:10001cd8  PA:10001de0
19318183ns          367098 1c0090e6 11912223 sw               x25, 260(x2)        x25:xxxxxxxx  x2:10001cd8  PA:10001ddc
19318203ns          367099 1c0090ea 11a12023 sw               x26, 256(x2)        x26:xxxxxxxx  x2:10001cd8  PA:10001dd8
19318223ns          367100 1c0090ee 0fb12e23 sw               x27, 252(x2)        x27:xxxxxxxx  x2:10001cd8  PA:10001dd4
19318263ns          367102 1c0090f0 12112623 sw               x1, 300(x2)          x1:1c0090cc  x2:10001cd8  PA:10001e04
19318303ns          367104 1c0090f4 00800db3 add              x27, x0, x8         x27=00000000  x8:00000000
19318323ns          367105 1c0090f6 12912223 sw               x9, 292(x2)          x9:xxxxxxxx  x2:10001cd8  PA:10001dfc
19318343ns          367106 1c0090fa 13212023 sw               x18, 288(x2)        x18:xxxxxxxx  x2:10001cd8  PA:10001df8
19318403ns          367109 1c0090fe 11312e23 sw               x19, 284(x2)        x19:xxxxxxxx  x2:10001cd8  PA:10001df4
19318444ns          367111 1c009102 11412c23 sw               x20, 280(x2)        x20:xxxxxxxx  x2:10001cd8  PA:10001df0
19318464ns          367112 1c009106 11512a23 sw               x21, 276(x2)        x21:xxxxxxxx  x2:10001cd8  PA:10001dec
19318484ns          367113 1c00910a 00a00b33 add              x22, x0, x10        x22=1c009038 x10:1c009038
19318504ns          367114 1c00910c 00b00d33 add              x26, x0, x11        x26=00000002 x11:00000002
19318524ns          367115 1c00910e 00d00c33 add              x24, x0, x13        x24=10001e2c x13:10001e2c
19318544ns          367116 1c009110 1c000bb7 lui              x23, 0x1c000000     x23=1c000000
19318584ns          367118 1c009114 02410c93 addi             x25, x2, 36         x25=10001cfc  x2:10001cd8
19318604ns          367119 1c009118 00c00433 add              x8, x0, x12          x8=1c0000f4 x12:1c0000f4
19318624ns          367120 1c00911a 00044503 lbu              x10, 0(x8)          x10=0000006b  x8:1c0000f4  PA:1c0000f4
19318925ns          367135 1c00911e 00140413 addi             x8, x8, 1            x8=1c0000f5  x8:1c0000f4
19318945ns          367136 1c009120 00050e63 beq              x10, x0, 28         x10:0000006b
19318965ns          367137 1c009122 02500793 addi             x15, x0, 37         x15=00000025
19318985ns          367138 1c009126 04f50863 beq              x10, x15, 80        x10:0000006b x15:00000025
19319005ns          367139 1c00912a 01a005b3 add              x11, x0, x26        x11=00000002 x26:00000002
19319025ns          367140 1c00912c 000b00e7 jalr             x1, x22, 0           x1=1c00912e x22:1c009038
19319166ns          367147 1c009038 000026b7 lui              x13, 0x2000         x13=00002000
19319206ns          367149 1c00903a f14027f3 csrrs            x15, x0, 0xf14      x15=00000003
19319266ns          367152 1c00903e f8068693 addi             x13, x13, -128      x13=00001f80 x13:00002000
19319306ns          367154 1c009042 00379713 slli             x14, x15, 0x3       x14=00000018 x15:00000003
19319326ns          367155 1c009046 00279793 slli             x15, x15, 0x2       x15=0000000c x15:00000003
19319346ns          367156 1c009048 00d7f7b3 and              x15, x15, x13       x15=00000000 x15:0000000c x13:00001f80
19319367ns          367157 1c00904a ee873733 p.bclr           x14, x14, 23, 8     x14=00000018 x14:00000018
19319407ns          367159 1c00904e 1a10f6b7 lui              x13, 0x1a10f000     x13=1a10f000
19319447ns          367161 1c009052 0ff57513 andi             x10, x10, 255       x10=0000006b x10:0000006b
19319467ns          367162 1c009056 00d70733 add              x14, x14, x13       x14=1a10f018 x14:00000018 x13:1a10f000
19319487ns          367163 1c009058 00a7e723 p.sw             x10, x0(x15)        x10:0000006b x15:00000000  PA:1a10f018
19319908ns          367184 1c00905c 00000513 addi             x10, x0, 0          x10=00000000
19319928ns          367185 1c00905e 00008067 jalr             x0, x1, 0            x1:1c00912e
19319989ns          367188 1c00912e 31f52563 p.beqimm         x10, 778            x10:00000000
19320009ns          367189 1c009132 001d8d93 addi             x27, x27, 1         x27=00000001 x27:00000000
19320029ns          367190 1c009134 00044503 lbu              x10, 0(x8)          x10=00000065  x8:1c0000f5  PA:1c0000f5
19320330ns          367205 1c009138 00140413 addi             x8, x8, 1            x8=1c0000f6  x8:1c0000f5
19320350ns          367206 1c00913a fe0514e3 bne              x10, x0, -24        x10:00000065
19320430ns          367210 1c009122 02500793 addi             x15, x0, 37         x15=00000025
19320450ns          367211 1c009126 04f50863 beq              x10, x15, 80        x10:00000065 x15:00000025
19320470ns          367212 1c00912a 01a005b3 add              x11, x0, x26        x11=00000002 x26:00000002
19320490ns          367213 1c00912c 000b00e7 jalr             x1, x22, 0           x1=1c00912e x22:1c009038
19320530ns          367215 1c009038 000026b7 lui              x13, 0x2000         x13=00002000
19320550ns          367216 1c00903a f14027f3 csrrs            x15, x0, 0xf14      x15=00000003
19320611ns          367219 1c00903e f8068693 addi             x13, x13, -128      x13=00001f80 x13:00002000
19320651ns          367221 1c009042 00379713 slli             x14, x15, 0x3       x14=00000018 x15:00000003
19320671ns          367222 1c009046 00279793 slli             x15, x15, 0x2       x15=0000000c x15:00000003
19320691ns          367223 1c009048 00d7f7b3 and              x15, x15, x13       x15=00000000 x15:0000000c x13:00001f80
19320711ns          367224 1c00904a ee873733 p.bclr           x14, x14, 23, 8     x14=00000018 x14:00000018
19320731ns          367225 1c00904e 1a10f6b7 lui              x13, 0x1a10f000     x13=1a10f000
19320751ns          367226 1c009052 0ff57513 andi             x10, x10, 255       x10=00000065 x10:00000065
19320771ns          367227 1c009056 00d70733 add              x14, x14, x13       x14=1a10f018 x14:00000018 x13:1a10f000
19320791ns          367228 1c009058 00a7e723 p.sw             x10, x0(x15)        x10:00000065 x15:00000000  PA:1a10f018
19321112ns          367244 1c00905c 00000513 addi             x10, x0, 0          x10=00000000
19321132ns          367245 1c00905e 00008067 jalr             x0, x1, 0            x1:1c00912e
19321192ns          367248 1c00912e 31f52563 p.beqimm         x10, 778            x10:00000000
19321213ns          367249 1c009132 001d8d93 addi             x27, x27, 1         x27=00000002 x27:00000001
19321233ns          367250 1c009134 00044503 lbu              x10, 0(x8)          x10=00000072  x8:1c0000f6  PA:1c0000f6
19321554ns          367266 1c009138 00140413 addi             x8, x8, 1            x8=1c0000f7  x8:1c0000f6
19321574ns          367267 1c00913a fe0514e3 bne              x10, x0, -24        x10:00000072
19321654ns          367271 1c009122 02500793 addi             x15, x0, 37         x15=00000025
19321674ns          367272 1c009126 04f50863 beq              x10, x15, 80        x10:00000072 x15:00000025
19321694ns          367273 1c00912a 01a005b3 add              x11, x0, x26        x11=00000002 x26:00000002
19321714ns          367274 1c00912c 000b00e7 jalr             x1, x22, 0           x1=1c00912e x22:1c009038
19321754ns          367276 1c009038 000026b7 lui              x13, 0x2000         x13=00002000
19321774ns          367277 1c00903a f14027f3 csrrs            x15, x0, 0xf14      x15=00000003
19321794ns          367278 1c00903e f8068693 addi             x13, x13, -128      x13=00001f80 x13:00002000
19321815ns          367279 1c009042 00379713 slli             x14, x15, 0x3       x14=00000018 x15:00000003
19321835ns          367280 1c009046 00279793 slli             x15, x15, 0x2       x15=0000000c x15:00000003
19321855ns          367281 1c009048 00d7f7b3 and              x15, x15, x13       x15=00000000 x15:0000000c x13:00001f80
19321875ns          367282 1c00904a ee873733 p.bclr           x14, x14, 23, 8     x14=00000018 x14:00000018
19321895ns          367283 1c00904e 1a10f6b7 lui              x13, 0x1a10f000     x13=1a10f000
19321915ns          367284 1c009052 0ff57513 andi             x10, x10, 255       x10=00000072 x10:00000072
19321935ns          367285 1c009056 00d70733 add              x14, x14, x13       x14=1a10f018 x14:00000018 x13:1a10f000
19321955ns          367286 1c009058 00a7e723 p.sw             x10, x0(x15)        x10:00000072 x15:00000000  PA:1a10f018
19322276ns          367302 1c00905c 00000513 addi             x10, x0, 0          x10=00000000
19322296ns          367303 1c00905e 00008067 jalr             x0, x1, 0            x1:1c00912e
19322356ns          367306 1c00912e 31f52563 p.beqimm         x10, 778            x10:00000000
19322376ns          367307 1c009132 001d8d93 addi             x27, x27, 1         x27=00000003 x27:00000002
19322396ns          367308 1c009134 00044503 lbu              x10, 0(x8)          x10=0000006e  x8:1c0000f7  PA:1c0000f7
19322697ns          367323 1c009138 00140413 addi             x8, x8, 1            x8=1c0000f8  x8:1c0000f7
19322717ns          367324 1c00913a fe0514e3 bne              x10, x0, -24        x10:0000006e
19322798ns          367328 1c009122 02500793 addi             x15, x0, 37         x15=00000025
19322818ns          367329 1c009126 04f50863 beq              x10, x15, 80        x10:0000006e x15:00000025
19322838ns          367330 1c00912a 01a005b3 add              x11, x0, x26        x11=00000002 x26:00000002
19322858ns          367331 1c00912c 000b00e7 jalr             x1, x22, 0           x1=1c00912e x22:1c009038
19322898ns          367333 1c009038 000026b7 lui              x13, 0x2000         x13=00002000
19322918ns          367334 1c00903a f14027f3 csrrs            x15, x0, 0xf14      x15=00000003
19322938ns          367335 1c00903e f8068693 addi             x13, x13, -128      x13=00001f80 x13:00002000
19322958ns          367336 1c009042 00379713 slli             x14, x15, 0x3       x14=00000018 x15:00000003
19322978ns          367337 1c009046 00279793 slli             x15, x15, 0x2       x15=0000000c x15:00000003
19322998ns          367338 1c009048 00d7f7b3 and              x15, x15, x13       x15=00000000 x15:0000000c x13:00001f80
19323018ns          367339 1c00904a ee873733 p.bclr           x14, x14, 23, 8     x14=00000018 x14:00000018
19323038ns          367340 1c00904e 1a10f6b7 lui              x13, 0x1a10f000     x13=1a10f000
19323059ns          367341 1c009052 0ff57513 andi             x10, x10, 255       x10=0000006e x10:0000006e
19323079ns          367342 1c009056 00d70733 add              x14, x14, x13       x14=1a10f018 x14:00000018 x13:1a10f000
19323099ns          367343 1c009058 00a7e723 p.sw             x10, x0(x15)        x10:0000006e x15:00000000  PA:1a10f018
19323420ns          367359 1c00905c 00000513 addi             x10, x0, 0          x10=00000000
19323440ns          367360 1c00905e 00008067 jalr             x0, x1, 0            x1:1c00912e
19323500ns          367363 1c00912e 31f52563 p.beqimm         x10, 778            x10:00000000
19323520ns          367364 1c009132 001d8d93 addi             x27, x27, 1         x27=00000004 x27:00000003
19323540ns          367365 1c009134 00044503 lbu              x10, 0(x8)          x10=00000065  x8:1c0000f8  PA:1c0000f8
19323841ns          367380 1c009138 00140413 addi             x8, x8, 1            x8=1c0000f9  x8:1c0000f8
19323861ns          367381 1c00913a fe0514e3 bne              x10, x0, -24        x10:00000065
19323941ns          367385 1c009122 02500793 addi             x15, x0, 37         x15=00000025
19323961ns          367386 1c009126 04f50863 beq              x10, x15, 80        x10:00000065 x15:00000025
19323982ns          367387 1c00912a 01a005b3 add              x11, x0, x26        x11=00000002 x26:00000002
19324002ns          367388 1c00912c 000b00e7 jalr             x1, x22, 0           x1=1c00912e x22:1c009038
19324042ns          367390 1c009038 000026b7 lui              x13, 0x2000         x13=00002000
19324062ns          367391 1c00903a f14027f3 csrrs            x15, x0, 0xf14      x15=00000003
19324082ns          367392 1c00903e f8068693 addi             x13, x13, -128      x13=00001f80 x13:00002000
19324102ns          367393 1c009042 00379713 slli             x14, x15, 0x3       x14=00000018 x15:00000003
19324122ns          367394 1c009046 00279793 slli             x15, x15, 0x2       x15=0000000c x15:00000003
19324142ns          367395 1c009048 00d7f7b3 and              x15, x15, x13       x15=00000000 x15:0000000c x13:00001f80
19324162ns          367396 1c00904a ee873733 p.bclr           x14, x14, 23, 8     x14=00000018 x14:00000018
19324182ns          367397 1c00904e 1a10f6b7 lui              x13, 0x1a10f000     x13=1a10f000
19324202ns          367398 1c009052 0ff57513 andi             x10, x10, 255       x10=00000065 x10:00000065
19324222ns          367399 1c009056 00d70733 add              x14, x14, x13       x14=1a10f018 x14:00000018 x13:1a10f000
19324242ns          367400 1c009058 00a7e723 p.sw             x10, x0(x15)        x10:00000065 x15:00000000  PA:1a10f018
19324563ns          367416 1c00905c 00000513 addi             x10, x0, 0          x10=00000000
19324584ns          367417 1c00905e 00008067 jalr             x0, x1, 0            x1:1c00912e
19324644ns          367420 1c00912e 31f52563 p.beqimm         x10, 778            x10:00000000
19324664ns          367421 1c009132 001d8d93 addi             x27, x27, 1         x27=00000005 x27:00000004
19324684ns          367422 1c009134 00044503 lbu              x10, 0(x8)          x10=0000006c  x8:1c0000f9  PA:1c0000f9
19324985ns          367437 1c009138 00140413 addi             x8, x8, 1            x8=1c0000fa  x8:1c0000f9
19325005ns          367438 1c00913a fe0514e3 bne              x10, x0, -24        x10:0000006c
19325085ns          367442 1c009122 02500793 addi             x15, x0, 37         x15=00000025
19325105ns          367443 1c009126 04f50863 beq              x10, x15, 80        x10:0000006c x15:00000025
19325125ns          367444 1c00912a 01a005b3 add              x11, x0, x26        x11=00000002 x26:00000002
19325145ns          367445 1c00912c 000b00e7 jalr             x1, x22, 0           x1=1c00912e x22:1c009038
19325185ns          367447 1c009038 000026b7 lui              x13, 0x2000         x13=00002000
19325206ns          367448 1c00903a f14027f3 csrrs            x15, x0, 0xf14      x15=00000003
19325226ns          367449 1c00903e f8068693 addi             x13, x13, -128      x13=00001f80 x13:00002000
19325246ns          367450 1c009042 00379713 slli             x14, x15, 0x3       x14=00000018 x15:00000003
19325266ns          367451 1c009046 00279793 slli             x15, x15, 0x2       x15=0000000c x15:00000003
19325286ns          367452 1c009048 00d7f7b3 and              x15, x15, x13       x15=00000000 x15:0000000c x13:00001f80
19325306ns          367453 1c00904a ee873733 p.bclr           x14, x14, 23, 8     x14=00000018 x14:00000018
19325326ns          367454 1c00904e 1a10f6b7 lui              x13, 0x1a10f000     x13=1a10f000
19325346ns          367455 1c009052 0ff57513 andi             x10, x10, 255       x10=0000006c x10:0000006c
19325366ns          367456 1c009056 00d70733 add              x14, x14, x13       x14=1a10f018 x14:00000018 x13:1a10f000
19325386ns          367457 1c009058 00a7e723 p.sw             x10, x0(x15)        x10:0000006c x15:00000000  PA:1a10f018
19325727ns          367474 1c00905c 00000513 addi             x10, x0, 0          x10=00000000
19325747ns          367475 1c00905e 00008067 jalr             x0, x1, 0            x1:1c00912e
19325808ns          367478 1c00912e 31f52563 p.beqimm         x10, 778            x10:00000000
19325828ns          367479 1c009132 001d8d93 addi             x27, x27, 1         x27=00000006 x27:00000005
19325848ns          367480 1c009134 00044503 lbu              x10, 0(x8)          x10=00000020  x8:1c0000fa  PA:1c0000fa
19326149ns          367495 1c009138 00140413 addi             x8, x8, 1            x8=1c0000fb  x8:1c0000fa
19326169ns          367496 1c00913a fe0514e3 bne              x10, x0, -24        x10:00000020
19326249ns          367500 1c009122 02500793 addi             x15, x0, 37         x15=00000025
19326269ns          367501 1c009126 04f50863 beq              x10, x15, 80        x10:00000020 x15:00000025
19326289ns          367502 1c00912a 01a005b3 add              x11, x0, x26        x11=00000002 x26:00000002
19326309ns          367503 1c00912c 000b00e7 jalr             x1, x22, 0           x1=1c00912e x22:1c009038
19326349ns          367505 1c009038 000026b7 lui              x13, 0x2000         x13=00002000
19326369ns          367506 1c00903a f14027f3 csrrs            x15, x0, 0xf14      x15=00000003
19326389ns          367507 1c00903e f8068693 addi             x13, x13, -128      x13=00001f80 x13:00002000
19326409ns          367508 1c009042 00379713 slli             x14, x15, 0x3       x14=00000018 x15:00000003
19326430ns          367509 1c009046 00279793 slli             x15, x15, 0x2       x15=0000000c x15:00000003
19326450ns          367510 1c009048 00d7f7b3 and              x15, x15, x13       x15=00000000 x15:0000000c x13:00001f80
19326470ns          367511 1c00904a ee873733 p.bclr           x14, x14, 23, 8     x14=00000018 x14:00000018
19326490ns          367512 1c00904e 1a10f6b7 lui              x13, 0x1a10f000     x13=1a10f000
19326510ns          367513 1c009052 0ff57513 andi             x10, x10, 255       x10=00000020 x10:00000020
19326530ns          367514 1c009056 00d70733 add              x14, x14, x13       x14=1a10f018 x14:00000018 x13:1a10f000
19326550ns          367515 1c009058 00a7e723 p.sw             x10, x0(x15)        x10:00000020 x15:00000000  PA:1a10f018
19326891ns          367532 1c00905c 00000513 addi             x10, x0, 0          x10=00000000
19326911ns          367533 1c00905e 00008067 jalr             x0, x1, 0            x1:1c00912e
19326971ns          367536 1c00912e 31f52563 p.beqimm         x10, 778            x10:00000000
19326991ns          367537 1c009132 001d8d93 addi             x27, x27, 1         x27=00000007 x27:00000006
19327011ns          367538 1c009134 00044503 lbu              x10, 0(x8)          x10=00000070  x8:1c0000fb  PA:1c0000fb
19327312ns          367553 1c009138 00140413 addi             x8, x8, 1            x8=1c0000fc  x8:1c0000fb
19327332ns          367554 1c00913a fe0514e3 bne              x10, x0, -24        x10:00000070
19327413ns          367558 1c009122 02500793 addi             x15, x0, 37         x15=00000025
19327433ns          367559 1c009126 04f50863 beq              x10, x15, 80        x10:00000070 x15:00000025
19327453ns          367560 1c00912a 01a005b3 add              x11, x0, x26        x11=00000002 x26:00000002
19327473ns          367561 1c00912c 000b00e7 jalr             x1, x22, 0           x1=1c00912e x22:1c009038
19327513ns          367563 1c009038 000026b7 lui              x13, 0x2000         x13=00002000
19327533ns          367564 1c00903a f14027f3 csrrs            x15, x0, 0xf14      x15=00000003
19327553ns          367565 1c00903e f8068693 addi             x13, x13, -128      x13=00001f80 x13:00002000
19327573ns          367566 1c009042 00379713 slli             x14, x15, 0x3       x14=00000018 x15:00000003
19327593ns          367567 1c009046 00279793 slli             x15, x15, 0x2       x15=0000000c x15:00000003
19327613ns          367568 1c009048 00d7f7b3 and              x15, x15, x13       x15=00000000 x15:0000000c x13:00001f80
19327633ns          367569 1c00904a ee873733 p.bclr           x14, x14, 23, 8     x14=00000018 x14:00000018
19327654ns          367570 1c00904e 1a10f6b7 lui              x13, 0x1a10f000     x13=1a10f000
19327674ns          367571 1c009052 0ff57513 andi             x10, x10, 255       x10=00000070 x10:00000070
19327694ns          367572 1c009056 00d70733 add              x14, x14, x13       x14=1a10f018 x14:00000018 x13:1a10f000
19327714ns          367573 1c009058 00a7e723 p.sw             x10, x0(x15)        x10:00000070 x15:00000000  PA:1a10f018
19328055ns          367590 1c00905c 00000513 addi             x10, x0, 0          x10=00000000
19328075ns          367591 1c00905e 00008067 jalr             x0, x1, 0            x1:1c00912e
19328135ns          367594 1c00912e 31f52563 p.beqimm         x10, 778            x10:00000000
19328155ns          367595 1c009132 001d8d93 addi             x27, x27, 1         x27=00000008 x27:00000007
19328175ns          367596 1c009134 00044503 lbu              x10, 0(x8)          x10=00000061  x8:1c0000fc  PA:1c0000fc
19328476ns          367611 1c009138 00140413 addi             x8, x8, 1            x8=1c0000fd  x8:1c0000fc
19328496ns          367612 1c00913a fe0514e3 bne              x10, x0, -24        x10:00000061
19328577ns          367616 1c009122 02500793 addi             x15, x0, 37         x15=00000025
19328597ns          367617 1c009126 04f50863 beq              x10, x15, 80        x10:00000061 x15:00000025
19328617ns          367618 1c00912a 01a005b3 add              x11, x0, x26        x11=00000002 x26:00000002
19328637ns          367619 1c00912c 000b00e7 jalr             x1, x22, 0           x1=1c00912e x22:1c009038
19328677ns          367621 1c009038 000026b7 lui              x13, 0x2000         x13=00002000
19328697ns          367622 1c00903a f14027f3 csrrs            x15, x0, 0xf14      x15=00000003
19328717ns          367623 1c00903e f8068693 addi             x13, x13, -128      x13=00001f80 x13:00002000
19328737ns          367624 1c009042 00379713 slli             x14, x15, 0x3       x14=00000018 x15:00000003
19328757ns          367625 1c009046 00279793 slli             x15, x15, 0x2       x15=0000000c x15:00000003
19328777ns          367626 1c009048 00d7f7b3 and              x15, x15, x13       x15=00000000 x15:0000000c x13:00001f80
19328797ns          367627 1c00904a ee873733 p.bclr           x14, x14, 23, 8     x14=00000018 x14:00000018
19328817ns          367628 1c00904e 1a10f6b7 lui              x13, 0x1a10f000     x13=1a10f000
19328837ns          367629 1c009052 0ff57513 andi             x10, x10, 255       x10=00000061 x10:00000061
19328857ns          367630 1c009056 00d70733 add              x14, x14, x13       x14=1a10f018 x14:00000018 x13:1a10f000
19328878ns          367631 1c009058 00a7e723 p.sw             x10, x0(x15)        x10:00000061 x15:00000000  PA:1a10f018
19329199ns          367647 1c00905c 00000513 addi             x10, x0, 0          x10=00000000
19329219ns          367648 1c00905e 00008067 jalr             x0, x1, 0            x1:1c00912e
19329279ns          367651 1c00912e 31f52563 p.beqimm         x10, 778            x10:00000000
19329299ns          367652 1c009132 001d8d93 addi             x27, x27, 1         x27=00000009 x27:00000008
19329319ns          367653 1c009134 00044503 lbu              x10, 0(x8)          x10=00000073  x8:1c0000fd  PA:1c0000fd
19329620ns          367668 1c009138 00140413 addi             x8, x8, 1            x8=1c0000fe  x8:1c0000fd
19329640ns          367669 1c00913a fe0514e3 bne              x10, x0, -24        x10:00000073
19329720ns          367673 1c009122 02500793 addi             x15, x0, 37         x15=00000025
19329740ns          367674 1c009126 04f50863 beq              x10, x15, 80        x10:00000073 x15:00000025
19329760ns          367675 1c00912a 01a005b3 add              x11, x0, x26        x11=00000002 x26:00000002
19329780ns          367676 1c00912c 000b00e7 jalr             x1, x22, 0           x1=1c00912e x22:1c009038
19329821ns          367678 1c009038 000026b7 lui              x13, 0x2000         x13=00002000
19329841ns          367679 1c00903a f14027f3 csrrs            x15, x0, 0xf14      x15=00000003
19329861ns          367680 1c00903e f8068693 addi             x13, x13, -128      x13=00001f80 x13:00002000
19329881ns          367681 1c009042 00379713 slli             x14, x15, 0x3       x14=00000018 x15:00000003
19329901ns          367682 1c009046 00279793 slli             x15, x15, 0x2       x15=0000000c x15:00000003
19329921ns          367683 1c009048 00d7f7b3 and              x15, x15, x13       x15=00000000 x15:0000000c x13:00001f80
19329941ns          367684 1c00904a ee873733 p.bclr           x14, x14, 23, 8     x14=00000018 x14:00000018
19329961ns          367685 1c00904e 1a10f6b7 lui              x13, 0x1a10f000     x13=1a10f000
19329981ns          367686 1c009052 0ff57513 andi             x10, x10, 255       x10=00000073 x10:00000073
19330001ns          367687 1c009056 00d70733 add              x14, x14, x13       x14=1a10f018 x14:00000018 x13:1a10f000
19330021ns          367688 1c009058 00a7e723 p.sw             x10, x0(x15)        x10:00000073 x15:00000000  PA:1a10f018
19330342ns          367704 1c00905c 00000513 addi             x10, x0, 0          x10=00000000
19330362ns          367705 1c00905e 00008067 jalr             x0, x1, 0            x1:1c00912e
19330423ns          367708 1c00912e 31f52563 p.beqimm         x10, 778            x10:00000000
19330443ns          367709 1c009132 001d8d93 addi             x27, x27, 1         x27=0000000a x27:00000009
19330463ns          367710 1c009134 00044503 lbu              x10, 0(x8)          x10=00000073  x8:1c0000fe  PA:1c0000fe
19330764ns          367725 1c009138 00140413 addi             x8, x8, 1            x8=1c0000ff  x8:1c0000fe
19330784ns          367726 1c00913a fe0514e3 bne              x10, x0, -24        x10:00000073
19330864ns          367730 1c009122 02500793 addi             x15, x0, 37         x15=00000025
19330884ns          367731 1c009126 04f50863 beq              x10, x15, 80        x10:00000073 x15:00000025
19330904ns          367732 1c00912a 01a005b3 add              x11, x0, x26        x11=00000002 x26:00000002
19330924ns          367733 1c00912c 000b00e7 jalr             x1, x22, 0           x1=1c00912e x22:1c009038
19330964ns          367735 1c009038 000026b7 lui              x13, 0x2000         x13=00002000
19330984ns          367736 1c00903a f14027f3 csrrs            x15, x0, 0xf14      x15=00000003
19331004ns          367737 1c00903e f8068693 addi             x13, x13, -128      x13=00001f80 x13:00002000
19331025ns          367738 1c009042 00379713 slli             x14, x15, 0x3       x14=00000018 x15:00000003
19331045ns          367739 1c009046 00279793 slli             x15, x15, 0x2       x15=0000000c x15:00000003
19331065ns          367740 1c009048 00d7f7b3 and              x15, x15, x13       x15=00000000 x15:0000000c x13:00001f80
19331085ns          367741 1c00904a ee873733 p.bclr           x14, x14, 23, 8     x14=00000018 x14:00000018
19331105ns          367742 1c00904e 1a10f6b7 lui              x13, 0x1a10f000     x13=1a10f000
19331125ns          367743 1c009052 0ff57513 andi             x10, x10, 255       x10=00000073 x10:00000073
19331145ns          367744 1c009056 00d70733 add              x14, x14, x13       x14=1a10f018 x14:00000018 x13:1a10f000
19331165ns          367745 1c009058 00a7e723 p.sw             x10, x0(x15)        x10:00000073 x15:00000000  PA:1a10f018
19331486ns          367761 1c00905c 00000513 addi             x10, x0, 0          x10=00000000
19331506ns          367762 1c00905e 00008067 jalr             x0, x1, 0            x1:1c00912e
19331566ns          367765 1c00912e 31f52563 p.beqimm         x10, 778            x10:00000000
19331586ns          367766 1c009132 001d8d93 addi             x27, x27, 1         x27=0000000b x27:0000000a
19331606ns          367767 1c009134 00044503 lbu              x10, 0(x8)          x10=00000065  x8:1c0000ff  PA:1c0000ff
19331907ns          367782 1c009138 00140413 addi             x8, x8, 1            x8=1c000100  x8:1c0000ff
19331927ns          367783 1c00913a fe0514e3 bne              x10, x0, -24        x10:00000065
19332008ns          367787 1c009122 02500793 addi             x15, x0, 37         x15=00000025
19332028ns          367788 1c009126 04f50863 beq              x10, x15, 80        x10:00000065 x15:00000025
19332048ns          367789 1c00912a 01a005b3 add              x11, x0, x26        x11=00000002 x26:00000002
19332068ns          367790 1c00912c 000b00e7 jalr             x1, x22, 0           x1=1c00912e x22:1c009038
19332108ns          367792 1c009038 000026b7 lui              x13, 0x2000         x13=00002000
19332128ns          367793 1c00903a f14027f3 csrrs            x15, x0, 0xf14      x15=00000003
19332148ns          367794 1c00903e f8068693 addi             x13, x13, -128      x13=00001f80 x13:00002000
19332168ns          367795 1c009042 00379713 slli             x14, x15, 0x3       x14=00000018 x15:00000003
19332188ns          367796 1c009046 00279793 slli             x15, x15, 0x2       x15=0000000c x15:00000003
19332208ns          367797 1c009048 00d7f7b3 and              x15, x15, x13       x15=00000000 x15:0000000c x13:00001f80
19332228ns          367798 1c00904a ee873733 p.bclr           x14, x14, 23, 8     x14=00000018 x14:00000018
19332248ns          367799 1c00904e 1a10f6b7 lui              x13, 0x1a10f000     x13=1a10f000
19332269ns          367800 1c009052 0ff57513 andi             x10, x10, 255       x10=00000065 x10:00000065
19332289ns          367801 1c009056 00d70733 add              x14, x14, x13       x14=1a10f018 x14:00000018 x13:1a10f000
19332309ns          367802 1c009058 00a7e723 p.sw             x10, x0(x15)        x10:00000065 x15:00000000  PA:1a10f018
19332630ns          367818 1c00905c 00000513 addi             x10, x0, 0          x10=00000000
19332650ns          367819 1c00905e 00008067 jalr             x0, x1, 0            x1:1c00912e
19332710ns          367822 1c00912e 31f52563 p.beqimm         x10, 778            x10:00000000
19332730ns          367823 1c009132 001d8d93 addi             x27, x27, 1         x27=0000000c x27:0000000b
19332750ns          367824 1c009134 00044503 lbu              x10, 0(x8)          x10=00000064  x8:1c000100  PA:1c000100
19333051ns          367839 1c009138 00140413 addi             x8, x8, 1            x8=1c000101  x8:1c000100
19333071ns          367840 1c00913a fe0514e3 bne              x10, x0, -24        x10:00000064
19333151ns          367844 1c009122 02500793 addi             x15, x0, 37         x15=00000025
19333171ns          367845 1c009126 04f50863 beq              x10, x15, 80        x10:00000064 x15:00000025
19333192ns          367846 1c00912a 01a005b3 add              x11, x0, x26        x11=00000002 x26:00000002
19333212ns          367847 1c00912c 000b00e7 jalr             x1, x22, 0           x1=1c00912e x22:1c009038
19333252ns          367849 1c009038 000026b7 lui              x13, 0x2000         x13=00002000
19333272ns          367850 1c00903a f14027f3 csrrs            x15, x0, 0xf14      x15=00000003
19333292ns          367851 1c00903e f8068693 addi             x13, x13, -128      x13=00001f80 x13:00002000
19333312ns          367852 1c009042 00379713 slli             x14, x15, 0x3       x14=00000018 x15:00000003
19333332ns          367853 1c009046 00279793 slli             x15, x15, 0x2       x15=0000000c x15:00000003
19333352ns          367854 1c009048 00d7f7b3 and              x15, x15, x13       x15=00000000 x15:0000000c x13:00001f80
19333372ns          367855 1c00904a ee873733 p.bclr           x14, x14, 23, 8     x14=00000018 x14:00000018
19333392ns          367856 1c00904e 1a10f6b7 lui              x13, 0x1a10f000     x13=1a10f000
19333412ns          367857 1c009052 0ff57513 andi             x10, x10, 255       x10=00000064 x10:00000064
19333432ns          367858 1c009056 00d70733 add              x14, x14, x13       x14=1a10f018 x14:00000018 x13:1a10f000
19333452ns          367859 1c009058 00a7e723 p.sw             x10, x0(x15)        x10:00000064 x15:00000000  PA:1a10f018
19333773ns          367875 1c00905c 00000513 addi             x10, x0, 0          x10=00000000
19333794ns          367876 1c00905e 00008067 jalr             x0, x1, 0            x1:1c00912e
19333854ns          367879 1c00912e 31f52563 p.beqimm         x10, 778            x10:00000000
19333874ns          367880 1c009132 001d8d93 addi             x27, x27, 1         x27=0000000d x27:0000000c
19333894ns          367881 1c009134 00044503 lbu              x10, 0(x8)          x10=00000020  x8:1c000101  PA:1c000101
19334195ns          367896 1c009138 00140413 addi             x8, x8, 1            x8=1c000102  x8:1c000101
19334215ns          367897 1c00913a fe0514e3 bne              x10, x0, -24        x10:00000020
19334295ns          367901 1c009122 02500793 addi             x15, x0, 37         x15=00000025
19334315ns          367902 1c009126 04f50863 beq              x10, x15, 80        x10:00000020 x15:00000025
19334335ns          367903 1c00912a 01a005b3 add              x11, x0, x26        x11=00000002 x26:00000002
19334355ns          367904 1c00912c 000b00e7 jalr             x1, x22, 0           x1=1c00912e x22:1c009038
19334395ns          367906 1c009038 000026b7 lui              x13, 0x2000         x13=00002000
19334416ns          367907 1c00903a f14027f3 csrrs            x15, x0, 0xf14      x15=00000003
19334436ns          367908 1c00903e f8068693 addi             x13, x13, -128      x13=00001f80 x13:00002000
19334456ns          367909 1c009042 00379713 slli             x14, x15, 0x3       x14=00000018 x15:00000003
19334476ns          367910 1c009046 00279793 slli             x15, x15, 0x2       x15=0000000c x15:00000003
19334496ns          367911 1c009048 00d7f7b3 and              x15, x15, x13       x15=00000000 x15:0000000c x13:00001f80
19334516ns          367912 1c00904a ee873733 p.bclr           x14, x14, 23, 8     x14=00000018 x14:00000018
19334536ns          367913 1c00904e 1a10f6b7 lui              x13, 0x1a10f000     x13=1a10f000
19334556ns          367914 1c009052 0ff57513 andi             x10, x10, 255       x10=00000020 x10:00000020
19334576ns          367915 1c009056 00d70733 add              x14, x14, x13       x14=1a10f018 x14:00000018 x13:1a10f000
19334596ns          367916 1c009058 00a7e723 p.sw             x10, x0(x15)        x10:00000020 x15:00000000  PA:1a10f018
19334917ns          367932 1c00905c 00000513 addi             x10, x0, 0          x10=00000000
19334937ns          367933 1c00905e 00008067 jalr             x0, x1, 0            x1:1c00912e
19334997ns          367936 1c00912e 31f52563 p.beqimm         x10, 778            x10:00000000
19335018ns          367937 1c009132 001d8d93 addi             x27, x27, 1         x27=0000000e x27:0000000d
19335038ns          367938 1c009134 00044503 lbu              x10, 0(x8)          x10=0000006f  x8:1c000102  PA:1c000102
19335339ns          367953 1c009138 00140413 addi             x8, x8, 1            x8=1c000103  x8:1c000102
19335359ns          367954 1c00913a fe0514e3 bne              x10, x0, -24        x10:0000006f
19335439ns          367958 1c009122 02500793 addi             x15, x0, 37         x15=00000025
19335459ns          367959 1c009126 04f50863 beq              x10, x15, 80        x10:0000006f x15:00000025
19335479ns          367960 1c00912a 01a005b3 add              x11, x0, x26        x11=00000002 x26:00000002
19335499ns          367961 1c00912c 000b00e7 jalr             x1, x22, 0           x1=1c00912e x22:1c009038
19335539ns          367963 1c009038 000026b7 lui              x13, 0x2000         x13=00002000
19335559ns          367964 1c00903a f14027f3 csrrs            x15, x0, 0xf14      x15=00000003
19335579ns          367965 1c00903e f8068693 addi             x13, x13, -128      x13=00001f80 x13:00002000
19335599ns          367966 1c009042 00379713 slli             x14, x15, 0x3       x14=00000018 x15:00000003
19335619ns          367967 1c009046 00279793 slli             x15, x15, 0x2       x15=0000000c x15:00000003
19335640ns          367968 1c009048 00d7f7b3 and              x15, x15, x13       x15=00000000 x15:0000000c x13:00001f80
19335660ns          367969 1c00904a ee873733 p.bclr           x14, x14, 23, 8     x14=00000018 x14:00000018
19335680ns          367970 1c00904e 1a10f6b7 lui              x13, 0x1a10f000     x13=1a10f000
19335700ns          367971 1c009052 0ff57513 andi             x10, x10, 255       x10=0000006f x10:0000006f
19335720ns          367972 1c009056 00d70733 add              x14, x14, x13       x14=1a10f018 x14:00000018 x13:1a10f000
19335740ns          367973 1c009058 00a7e723 p.sw             x10, x0(x15)        x10:0000006f x15:00000000  PA:1a10f018
19336081ns          367990 1c00905c 00000513 addi             x10, x0, 0          x10=00000000
19336101ns          367991 1c00905e 00008067 jalr             x0, x1, 0            x1:1c00912e
19336161ns          367994 1c00912e 31f52563 p.beqimm         x10, 778            x10:00000000
19336181ns          367995 1c009132 001d8d93 addi             x27, x27, 1         x27=0000000f x27:0000000e
19336201ns          367996 1c009134 00044503 lbu              x10, 0(x8)          x10=0000006e  x8:1c000103  PA:1c000103
19336502ns          368011 1c009138 00140413 addi             x8, x8, 1            x8=1c000104  x8:1c000103
19336522ns          368012 1c00913a fe0514e3 bne              x10, x0, -24        x10:0000006e
19336603ns          368016 1c009122 02500793 addi             x15, x0, 37         x15=00000025
19336623ns          368017 1c009126 04f50863 beq              x10, x15, 80        x10:0000006e x15:00000025
19336643ns          368018 1c00912a 01a005b3 add              x11, x0, x26        x11=00000002 x26:00000002
19336663ns          368019 1c00912c 000b00e7 jalr             x1, x22, 0           x1=1c00912e x22:1c009038
19336703ns          368021 1c009038 000026b7 lui              x13, 0x2000         x13=00002000
19336723ns          368022 1c00903a f14027f3 csrrs            x15, x0, 0xf14      x15=00000003
19336743ns          368023 1c00903e f8068693 addi             x13, x13, -128      x13=00001f80 x13:00002000
19336763ns          368024 1c009042 00379713 slli             x14, x15, 0x3       x14=00000018 x15:00000003
19336783ns          368025 1c009046 00279793 slli             x15, x15, 0x2       x15=0000000c x15:00000003
19336803ns          368026 1c009048 00d7f7b3 and              x15, x15, x13       x15=00000000 x15:0000000c x13:00001f80
19336823ns          368027 1c00904a ee873733 p.bclr           x14, x14, 23, 8     x14=00000018 x14:00000018
19336843ns          368028 1c00904e 1a10f6b7 lui              x13, 0x1a10f000     x13=1a10f000
19336864ns          368029 1c009052 0ff57513 andi             x10, x10, 255       x10=0000006e x10:0000006e
19336884ns          368030 1c009056 00d70733 add              x14, x14, x13       x14=1a10f018 x14:00000018 x13:1a10f000
19336904ns          368031 1c009058 00a7e723 p.sw             x10, x0(x15)        x10:0000006e x15:00000000  PA:1a10f018
19337225ns          368047 1c00905c 00000513 addi             x10, x0, 0          x10=00000000
19337245ns          368048 1c00905e 00008067 jalr             x0, x1, 0            x1:1c00912e
19337305ns          368051 1c00912e 31f52563 p.beqimm         x10, 778            x10:00000000
19337325ns          368052 1c009132 001d8d93 addi             x27, x27, 1         x27=00000010 x27:0000000f
19337345ns          368053 1c009134 00044503 lbu              x10, 0(x8)          x10=00000020  x8:1c000104  PA:1c000104
19337646ns          368068 1c009138 00140413 addi             x8, x8, 1            x8=1c000105  x8:1c000104
19337666ns          368069 1c00913a fe0514e3 bne              x10, x0, -24        x10:00000020
19337746ns          368073 1c009122 02500793 addi             x15, x0, 37         x15=00000025
19337766ns          368074 1c009126 04f50863 beq              x10, x15, 80        x10:00000020 x15:00000025
19337787ns          368075 1c00912a 01a005b3 add              x11, x0, x26        x11=00000002 x26:00000002
19337807ns          368076 1c00912c 000b00e7 jalr             x1, x22, 0           x1=1c00912e x22:1c009038
19337847ns          368078 1c009038 000026b7 lui              x13, 0x2000         x13=00002000
19337867ns          368079 1c00903a f14027f3 csrrs            x15, x0, 0xf14      x15=00000003
19337887ns          368080 1c00903e f8068693 addi             x13, x13, -128      x13=00001f80 x13:00002000
19337907ns          368081 1c009042 00379713 slli             x14, x15, 0x3       x14=00000018 x15:00000003
19337927ns          368082 1c009046 00279793 slli             x15, x15, 0x2       x15=0000000c x15:00000003
19337947ns          368083 1c009048 00d7f7b3 and              x15, x15, x13       x15=00000000 x15:0000000c x13:00001f80
19337967ns          368084 1c00904a ee873733 p.bclr           x14, x14, 23, 8     x14=00000018 x14:00000018
19337987ns          368085 1c00904e 1a10f6b7 lui              x13, 0x1a10f000     x13=1a10f000
19338007ns          368086 1c009052 0ff57513 andi             x10, x10, 255       x10=00000020 x10:00000020
19338027ns          368087 1c009056 00d70733 add              x14, x14, x13       x14=1a10f018 x14:00000018 x13:1a10f000
19338047ns          368088 1c009058 00a7e723 p.sw             x10, x0(x15)        x10:00000020 x15:00000000  PA:1a10f018
19338388ns          368105 1c00905c 00000513 addi             x10, x0, 0          x10=00000000
19338409ns          368106 1c00905e 00008067 jalr             x0, x1, 0            x1:1c00912e
19338469ns          368109 1c00912e 31f52563 p.beqimm         x10, 778            x10:00000000
19338489ns          368110 1c009132 001d8d93 addi             x27, x27, 1         x27=00000011 x27:00000010
19338509ns          368111 1c009134 00044503 lbu              x10, 0(x8)          x10=00000063  x8:1c000105  PA:1c000105
19338810ns          368126 1c009138 00140413 addi             x8, x8, 1            x8=1c000106  x8:1c000105
19338830ns          368127 1c00913a fe0514e3 bne              x10, x0, -24        x10:00000063
19338910ns          368131 1c009122 02500793 addi             x15, x0, 37         x15=00000025
19338930ns          368132 1c009126 04f50863 beq              x10, x15, 80        x10:00000063 x15:00000025
19338950ns          368133 1c00912a 01a005b3 add              x11, x0, x26        x11=00000002 x26:00000002
19338970ns          368134 1c00912c 000b00e7 jalr             x1, x22, 0           x1=1c00912e x22:1c009038
19339011ns          368136 1c009038 000026b7 lui              x13, 0x2000         x13=00002000
19339031ns          368137 1c00903a f14027f3 csrrs            x15, x0, 0xf14      x15=00000003
19339051ns          368138 1c00903e f8068693 addi             x13, x13, -128      x13=00001f80 x13:00002000
19339071ns          368139 1c009042 00379713 slli             x14, x15, 0x3       x14=00000018 x15:00000003
19339091ns          368140 1c009046 00279793 slli             x15, x15, 0x2       x15=0000000c x15:00000003
19339111ns          368141 1c009048 00d7f7b3 and              x15, x15, x13       x15=00000000 x15:0000000c x13:00001f80
19339131ns          368142 1c00904a ee873733 p.bclr           x14, x14, 23, 8     x14=00000018 x14:00000018
19339151ns          368143 1c00904e 1a10f6b7 lui              x13, 0x1a10f000     x13=1a10f000
19339171ns          368144 1c009052 0ff57513 andi             x10, x10, 255       x10=00000063 x10:00000063
19339191ns          368145 1c009056 00d70733 add              x14, x14, x13       x14=1a10f018 x14:00000018 x13:1a10f000
19339211ns          368146 1c009058 00a7e723 p.sw             x10, x0(x15)        x10:00000063 x15:00000000  PA:1a10f018
19339552ns          368163 1c00905c 00000513 addi             x10, x0, 0          x10=00000000
19339572ns          368164 1c00905e 00008067 jalr             x0, x1, 0            x1:1c00912e
19339633ns          368167 1c00912e 31f52563 p.beqimm         x10, 778            x10:00000000
19339653ns          368168 1c009132 001d8d93 addi             x27, x27, 1         x27=00000012 x27:00000011
19339673ns          368169 1c009134 00044503 lbu              x10, 0(x8)          x10=0000006f  x8:1c000106  PA:1c000106
19339974ns          368184 1c009138 00140413 addi             x8, x8, 1            x8=1c000107  x8:1c000106
19339994ns          368185 1c00913a fe0514e3 bne              x10, x0, -24        x10:0000006f
19340074ns          368189 1c009122 02500793 addi             x15, x0, 37         x15=00000025
19340094ns          368190 1c009126 04f50863 beq              x10, x15, 80        x10:0000006f x15:00000025
19340114ns          368191 1c00912a 01a005b3 add              x11, x0, x26        x11=00000002 x26:00000002
19340134ns          368192 1c00912c 000b00e7 jalr             x1, x22, 0           x1=1c00912e x22:1c009038
19340174ns          368194 1c009038 000026b7 lui              x13, 0x2000         x13=00002000
19340194ns          368195 1c00903a f14027f3 csrrs            x15, x0, 0xf14      x15=00000003
19340214ns          368196 1c00903e f8068693 addi             x13, x13, -128      x13=00001f80 x13:00002000
19340235ns          368197 1c009042 00379713 slli             x14, x15, 0x3       x14=00000018 x15:00000003
19340255ns          368198 1c009046 00279793 slli             x15, x15, 0x2       x15=0000000c x15:00000003
19340275ns          368199 1c009048 00d7f7b3 and              x15, x15, x13       x15=00000000 x15:0000000c x13:00001f80
19340295ns          368200 1c00904a ee873733 p.bclr           x14, x14, 23, 8     x14=00000018 x14:00000018
19340315ns          368201 1c00904e 1a10f6b7 lui              x13, 0x1a10f000     x13=1a10f000
19340335ns          368202 1c009052 0ff57513 andi             x10, x10, 255       x10=0000006f x10:0000006f
19340355ns          368203 1c009056 00d70733 add              x14, x14, x13       x14=1a10f018 x14:00000018 x13:1a10f000
19340375ns          368204 1c009058 00a7e723 p.sw             x10, x0(x15)        x10:0000006f x15:00000000  PA:1a10f018
19340716ns          368221 1c00905c 00000513 addi             x10, x0, 0          x10=00000000
19340736ns          368222 1c00905e 00008067 jalr             x0, x1, 0            x1:1c00912e
19340796ns          368225 1c00912e 31f52563 p.beqimm         x10, 778            x10:00000000
19340816ns          368226 1c009132 001d8d93 addi             x27, x27, 1         x27=00000013 x27:00000012
19340836ns          368227 1c009134 00044503 lbu              x10, 0(x8)          x10=00000072  x8:1c000107  PA:1c000107
19341137ns          368242 1c009138 00140413 addi             x8, x8, 1            x8=1c000108  x8:1c000107
19341158ns          368243 1c00913a fe0514e3 bne              x10, x0, -24        x10:00000072
19341238ns          368247 1c009122 02500793 addi             x15, x0, 37         x15=00000025
19341258ns          368248 1c009126 04f50863 beq              x10, x15, 80        x10:00000072 x15:00000025
19341278ns          368249 1c00912a 01a005b3 add              x11, x0, x26        x11=00000002 x26:00000002
19341298ns          368250 1c00912c 000b00e7 jalr             x1, x22, 0           x1=1c00912e x22:1c009038
19341338ns          368252 1c009038 000026b7 lui              x13, 0x2000         x13=00002000
19341358ns          368253 1c00903a f14027f3 csrrs            x15, x0, 0xf14      x15=00000003
19341378ns          368254 1c00903e f8068693 addi             x13, x13, -128      x13=00001f80 x13:00002000
19341398ns          368255 1c009042 00379713 slli             x14, x15, 0x3       x14=00000018 x15:00000003
19341418ns          368256 1c009046 00279793 slli             x15, x15, 0x2       x15=0000000c x15:00000003
19341438ns          368257 1c009048 00d7f7b3 and              x15, x15, x13       x15=00000000 x15:0000000c x13:00001f80
19341458ns          368258 1c00904a ee873733 p.bclr           x14, x14, 23, 8     x14=00000018 x14:00000018
19341479ns          368259 1c00904e 1a10f6b7 lui              x13, 0x1a10f000     x13=1a10f000
19341499ns          368260 1c009052 0ff57513 andi             x10, x10, 255       x10=00000072 x10:00000072
19341519ns          368261 1c009056 00d70733 add              x14, x14, x13       x14=1a10f018 x14:00000018 x13:1a10f000
19341539ns          368262 1c009058 00a7e723 p.sw             x10, x0(x15)        x10:00000072 x15:00000000  PA:1a10f018
19341860ns          368278 1c00905c 00000513 addi             x10, x0, 0          x10=00000000
19341880ns          368279 1c00905e 00008067 jalr             x0, x1, 0            x1:1c00912e
19341940ns          368282 1c00912e 31f52563 p.beqimm         x10, 778            x10:00000000
19341960ns          368283 1c009132 001d8d93 addi             x27, x27, 1         x27=00000014 x27:00000013
19341980ns          368284 1c009134 00044503 lbu              x10, 0(x8)          x10=00000065  x8:1c000108  PA:1c000108
19342281ns          368299 1c009138 00140413 addi             x8, x8, 1            x8=1c000109  x8:1c000108
19342301ns          368300 1c00913a fe0514e3 bne              x10, x0, -24        x10:00000065
19342381ns          368304 1c009122 02500793 addi             x15, x0, 37         x15=00000025
19342402ns          368305 1c009126 04f50863 beq              x10, x15, 80        x10:00000065 x15:00000025
19342422ns          368306 1c00912a 01a005b3 add              x11, x0, x26        x11=00000002 x26:00000002
19342442ns          368307 1c00912c 000b00e7 jalr             x1, x22, 0           x1=1c00912e x22:1c009038
19342482ns          368309 1c009038 000026b7 lui              x13, 0x2000         x13=00002000
19342502ns          368310 1c00903a f14027f3 csrrs            x15, x0, 0xf14      x15=00000003
19342522ns          368311 1c00903e f8068693 addi             x13, x13, -128      x13=00001f80 x13:00002000
19342542ns          368312 1c009042 00379713 slli             x14, x15, 0x3       x14=00000018 x15:00000003
19342562ns          368313 1c009046 00279793 slli             x15, x15, 0x2       x15=0000000c x15:00000003
19342582ns          368314 1c009048 00d7f7b3 and              x15, x15, x13       x15=00000000 x15:0000000c x13:00001f80
19342602ns          368315 1c00904a ee873733 p.bclr           x14, x14, 23, 8     x14=00000018 x14:00000018
19342622ns          368316 1c00904e 1a10f6b7 lui              x13, 0x1a10f000     x13=1a10f000
19342642ns          368317 1c009052 0ff57513 andi             x10, x10, 255       x10=00000065 x10:00000065
19342662ns          368318 1c009056 00d70733 add              x14, x14, x13       x14=1a10f018 x14:00000018 x13:1a10f000
19342682ns          368319 1c009058 00a7e723 p.sw             x10, x0(x15)        x10:00000065 x15:00000000  PA:1a10f018
19343004ns          368335 1c00905c 00000513 addi             x10, x0, 0          x10=00000000
19343024ns          368336 1c00905e 00008067 jalr             x0, x1, 0            x1:1c00912e
19343084ns          368339 1c00912e 31f52563 p.beqimm         x10, 778            x10:00000000
19343104ns          368340 1c009132 001d8d93 addi             x27, x27, 1         x27=00000015 x27:00000014
19343124ns          368341 1c009134 00044503 lbu              x10, 0(x8)          x10=00000020  x8:1c000109  PA:1c000109
19343425ns          368356 1c009138 00140413 addi             x8, x8, 1            x8=1c00010a  x8:1c000109
19343445ns          368357 1c00913a fe0514e3 bne              x10, x0, -24        x10:00000020
19343525ns          368361 1c009122 02500793 addi             x15, x0, 37         x15=00000025
19343545ns          368362 1c009126 04f50863 beq              x10, x15, 80        x10:00000020 x15:00000025
19343565ns          368363 1c00912a 01a005b3 add              x11, x0, x26        x11=00000002 x26:00000002
19343585ns          368364 1c00912c 000b00e7 jalr             x1, x22, 0           x1=1c00912e x22:1c009038
19343626ns          368366 1c009038 000026b7 lui              x13, 0x2000         x13=00002000
19343646ns          368367 1c00903a f14027f3 csrrs            x15, x0, 0xf14      x15=00000003
19343666ns          368368 1c00903e f8068693 addi             x13, x13, -128      x13=00001f80 x13:00002000
19343686ns          368369 1c009042 00379713 slli             x14, x15, 0x3       x14=00000018 x15:00000003
19343706ns          368370 1c009046 00279793 slli             x15, x15, 0x2       x15=0000000c x15:00000003
19343726ns          368371 1c009048 00d7f7b3 and              x15, x15, x13       x15=00000000 x15:0000000c x13:00001f80
19343746ns          368372 1c00904a ee873733 p.bclr           x14, x14, 23, 8     x14=00000018 x14:00000018
19343766ns          368373 1c00904e 1a10f6b7 lui              x13, 0x1a10f000     x13=1a10f000
19343786ns          368374 1c009052 0ff57513 andi             x10, x10, 255       x10=00000020 x10:00000020
19343806ns          368375 1c009056 00d70733 add              x14, x14, x13       x14=1a10f018 x14:00000018 x13:1a10f000
19343826ns          368376 1c009058 00a7e723 p.sw             x10, x0(x15)        x10:00000020 x15:00000000  PA:1a10f018
19344147ns          368392 1c00905c 00000513 addi             x10, x0, 0          x10=00000000
19344167ns          368393 1c00905e 00008067 jalr             x0, x1, 0            x1:1c00912e
19344228ns          368396 1c00912e 31f52563 p.beqimm         x10, 778            x10:00000000
19344248ns          368397 1c009132 001d8d93 addi             x27, x27, 1         x27=00000016 x27:00000015
19344268ns          368398 1c009134 00044503 lbu              x10, 0(x8)          x10=00000020  x8:1c00010a  PA:1c00010a
19344569ns          368413 1c009138 00140413 addi             x8, x8, 1            x8=1c00010b  x8:1c00010a
19344589ns          368414 1c00913a fe0514e3 bne              x10, x0, -24        x10:00000020
19344669ns          368418 1c009122 02500793 addi             x15, x0, 37         x15=00000025
19344689ns          368419 1c009126 04f50863 beq              x10, x15, 80        x10:00000020 x15:00000025
19344709ns          368420 1c00912a 01a005b3 add              x11, x0, x26        x11=00000002 x26:00000002
19344729ns          368421 1c00912c 000b00e7 jalr             x1, x22, 0           x1=1c00912e x22:1c009038
19344769ns          368423 1c009038 000026b7 lui              x13, 0x2000         x13=00002000
19344789ns          368424 1c00903a f14027f3 csrrs            x15, x0, 0xf14      x15=00000003
19344809ns          368425 1c00903e f8068693 addi             x13, x13, -128      x13=00001f80 x13:00002000
19344829ns          368426 1c009042 00379713 slli             x14, x15, 0x3       x14=00000018 x15:00000003
19344850ns          368427 1c009046 00279793 slli             x15, x15, 0x2       x15=0000000c x15:00000003
19344870ns          368428 1c009048 00d7f7b3 and              x15, x15, x13       x15=00000000 x15:0000000c x13:00001f80
19344890ns          368429 1c00904a ee873733 p.bclr           x14, x14, 23, 8     x14=00000018 x14:00000018
19344910ns          368430 1c00904e 1a10f6b7 lui              x13, 0x1a10f000     x13=1a10f000
19344930ns          368431 1c009052 0ff57513 andi             x10, x10, 255       x10=00000020 x10:00000020
19344950ns          368432 1c009056 00d70733 add              x14, x14, x13       x14=1a10f018 x14:00000018 x13:1a10f000
19344970ns          368433 1c009058 00a7e723 p.sw             x10, x0(x15)        x10:00000020 x15:00000000  PA:1a10f018
19345291ns          368449 1c00905c 00000513 addi             x10, x0, 0          x10=00000000
19345311ns          368450 1c00905e 00008067 jalr             x0, x1, 0            x1:1c00912e
19345371ns          368453 1c00912e 31f52563 p.beqimm         x10, 778            x10:00000000
19345391ns          368454 1c009132 001d8d93 addi             x27, x27, 1         x27=00000017 x27:00000016
19345411ns          368455 1c009134 00044503 lbu              x10, 0(x8)          x10=00000025  x8:1c00010b  PA:1c00010b
19345712ns          368470 1c009138 00140413 addi             x8, x8, 1            x8=1c00010c  x8:1c00010b
19345732ns          368471 1c00913a fe0514e3 bne              x10, x0, -24        x10:00000025
19345813ns          368475 1c009122 02500793 addi             x15, x0, 37         x15=00000025
19345833ns          368476 1c009126 04f50863 beq              x10, x15, 80        x10:00000025 x15:00000025
19345973ns          368483 1c009176 00044483 lbu              x9, 0(x8)            x9=00000064  x8:1c00010c  PA:1c00010c
19346274ns          368498 1c00917a 02000693 addi             x13, x0, 32         x13=00000020
19346294ns          368499 1c00917e 00140a93 addi             x21, x8, 1          x21=1c00010d  x8:1c00010c
19346314ns          368500 1c009182 009005b3 add              x11, x0, x9         x11=00000064  x9:00000064
19346334ns          368501 1c009184 13cb8513 addi             x10, x23, 316       x10=1c00013c x23:1c000000
19346354ns          368502 1c009188 00d12823 sw               x13, 16(x2)         x13:00000020  x2:10001cd8  PA:10001ce8
19346375ns          368503 1c00918a 00012c23 sw               x0, 24(x2)           x2:10001cd8  PA:10001cf0
19346395ns          368504 1c00918c 00012a23 sw               x0, 20(x2)           x2:10001cd8  PA:10001cec
19346415ns          368505 1c00918e 00012e23 sw               x0, 28(x2)           x2:10001cd8  PA:10001cf4
19346435ns          368506 1c009190 00012623 sw               x0, 12(x2)           x2:10001cd8  PA:10001ce4
19346455ns          368507 1c009192 02300913 addi             x18, x0, 35         x18=00000023
19346475ns          368508 1c009196 02d00a13 addi             x20, x0, 45         x20=0000002d
19346495ns          368509 1c00919a 015009b3 add              x19, x0, x21        x19=1c00010d x21:1c00010d
19346515ns          368510 1c00919c e1dff0ef jal              x1, -484             x1=1c00919e
19346635ns          368516 1c008fb8 00054783 lbu              x15, 0(x10)         x15=0000002d x10:1c00013c  PA:1c00013c
19346956ns          368532 1c008fbc 0ff5f593 andi             x11, x11, 255       x11=00000064 x11:00000064
19346976ns          368533 1c008fc0 00b78c63 beq              x15, x11, 24        x15:0000002d x11:00000064
19346997ns          368534 1c008fc4 00078b63 beq              x15, x0, 22         x15:0000002d
19347017ns          368535 1c008fc6 00150793 addi             x15, x10, 1         x15=1c00013d x10:1c00013c
19347037ns          368536 1c008fca 0040006f jal              x0, 4              
19347117ns          368540 1c008fce 00f00533 add              x10, x0, x15        x10=1c00013d x15:1c00013d
19347137ns          368541 1c008fd0 0017c70b p.lbu            x14, 1(x15!)        x14=0000002b x15=1c00013e x15:1c00013d  PA:1c00013d
19347478ns          368558 1c008fd4 feb71ce3 bne              x14, x11, -8        x14:0000002b x11:00000064
19347538ns          368561 1c008fcc 00070763 beq              x14, x0, 14         x14:0000002b
19347558ns          368562 1c008fce 00f00533 add              x10, x0, x15        x10=1c00013e x15:1c00013e
19347578ns          368563 1c008fd0 0017c70b p.lbu            x14, 1(x15!)        x14=00000020 x15=1c00013f x15:1c00013e  PA:1c00013e
19347899ns          368579 1c008fd4 feb71ce3 bne              x14, x11, -8        x14:00000020 x11:00000064
19347960ns          368582 1c008fcc 00070763 beq              x14, x0, 14         x14:00000020
19347980ns          368583 1c008fce 00f00533 add              x10, x0, x15        x10=1c00013f x15:1c00013f
19348000ns          368584 1c008fd0 0017c70b p.lbu            x14, 1(x15!)        x14=00000023 x15=1c000140 x15:1c00013f  PA:1c00013f
19348321ns          368600 1c008fd4 feb71ce3 bne              x14, x11, -8        x14:00000023 x11:00000064
19348381ns          368603 1c008fcc 00070763 beq              x14, x0, 14         x14:00000023
19348401ns          368604 1c008fce 00f00533 add              x10, x0, x15        x10=1c000140 x15:1c000140
19348421ns          368605 1c008fd0 0017c70b p.lbu            x14, 1(x15!)        x14=00000030 x15=1c000141 x15:1c000140  PA:1c000140
19348742ns          368621 1c008fd4 feb71ce3 bne              x14, x11, -8        x14:00000030 x11:00000064
19348802ns          368624 1c008fcc 00070763 beq              x14, x0, 14         x14:00000030
19348822ns          368625 1c008fce 00f00533 add              x10, x0, x15        x10=1c000141 x15:1c000141
19348843ns          368626 1c008fd0 0017c70b p.lbu            x14, 1(x15!)        x14=00000000 x15=1c000142 x15:1c000141  PA:1c000141
19349164ns          368642 1c008fd4 feb71ce3 bne              x14, x11, -8        x14:00000000 x11:00000064
19349224ns          368645 1c008fcc 00070763 beq              x14, x0, 14         x14:00000000
19349304ns          368649 1c008fda 0015b593 sltiu            x11, x11, 1         x11=00000000 x11:00000064
19349324ns          368650 1c008fde 40b005b3 sub              x11, x0, x11        x11=00000000 x11:00000000
19349344ns          368651 1c008fe2 00b57533 and              x10, x10, x11       x10=00000000 x10:1c000141 x11:00000000
19349364ns          368652 1c008fe4 00008067 jalr             x0, x1, 0            x1:1c00919e
19349404ns          368654 1c00919e 02050a63 beq              x10, x0, 52         x10:00000000
19349545ns          368661 1c0091d2 02a00613 addi             x12, x0, 42         x12=0000002a
19349565ns          368662 1c0091d6 2ac48663 beq              x9, x12, 684         x9:00000064 x12:0000002a
19349585ns          368663 1c0091da fd048613 addi             x12, x9, -48        x12=00000034  x9:00000064
19349605ns          368664 1c0091de 00900593 addi             x11, x0, 9          x11=00000009
19349645ns          368666 1c0091e0 00000913 addi             x18, x0, 0          x18=00000000
19349685ns          368668 1c0091e2 28c5f063 bgeu             x11, x12, 640       x11:00000009 x12:00000034
19349705ns          368669 1c0091e6 02e00693 addi             x13, x0, 46         x13=0000002e
19349725ns          368670 1c0091ea fff00a13 addi             x20, x0, -1         x20=ffffffff
19349745ns          368671 1c0091ec 2ed48363 beq              x9, x13, 742         x9:00000064 x13:0000002e
19349786ns          368673 1c0091f0 1c0007b7 lui              x15, 0x1c000000     x15=1c000000
19349826ns          368675 1c0091f4 009005b3 add              x11, x0, x9         x11=00000064  x9:00000064
19349846ns          368676 1c0091f6 14478513 addi             x10, x15, 324       x10=1c000144 x15:1c000000
19349866ns          368677 1c0091fa dbfff0ef jal              x1, -578             x1=1c0091fc
19349966ns          368682 1c008fb8 00054783 lbu              x15, 0(x10)         x15=00000068 x10:1c000144  PA:1c000144
19350287ns          368698 1c008fbc 0ff5f593 andi             x11, x11, 255       x11=00000064 x11:00000064
19350307ns          368699 1c008fc0 00b78c63 beq              x15, x11, 24        x15:00000068 x11:00000064
19350327ns          368700 1c008fc4 00078b63 beq              x15, x0, 22         x15:00000068
19350347ns          368701 1c008fc6 00150793 addi             x15, x10, 1         x15=1c000145 x10:1c000144
19350368ns          368702 1c008fca 0040006f jal              x0, 4              
19350408ns          368704 1c008fce 00f00533 add              x10, x0, x15        x10=1c000145 x15:1c000145
19350428ns          368705 1c008fd0 0017c70b p.lbu            x14, 1(x15!)        x14=0000006c x15=1c000146 x15:1c000145  PA:1c000145
19350749ns          368721 1c008fd4 feb71ce3 bne              x14, x11, -8        x14:0000006c x11:00000064
19350809ns          368724 1c008fcc 00070763 beq              x14, x0, 14         x14:0000006c
19350829ns          368725 1c008fce 00f00533 add              x10, x0, x15        x10=1c000146 x15:1c000146
19350849ns          368726 1c008fd0 0017c70b p.lbu            x14, 1(x15!)        x14=0000004c x15=1c000147 x15:1c000146  PA:1c000146
19351170ns          368742 1c008fd4 feb71ce3 bne              x14, x11, -8        x14:0000004c x11:00000064
19351230ns          368745 1c008fcc 00070763 beq              x14, x0, 14         x14:0000004c
19351250ns          368746 1c008fce 00f00533 add              x10, x0, x15        x10=1c000147 x15:1c000147
19351270ns          368747 1c008fd0 0017c70b p.lbu            x14, 1(x15!)        x14=0000007a x15=1c000148 x15:1c000147  PA:1c000147
19351591ns          368763 1c008fd4 feb71ce3 bne              x14, x11, -8        x14:0000007a x11:00000064
19351652ns          368766 1c008fcc 00070763 beq              x14, x0, 14         x14:0000007a
19351672ns          368767 1c008fce 00f00533 add              x10, x0, x15        x10=1c000148 x15:1c000148
19351692ns          368768 1c008fd0 0017c70b p.lbu            x14, 1(x15!)        x14=00000000 x15=1c000149 x15:1c000148  PA:1c000148
19352013ns          368784 1c008fd4 feb71ce3 bne              x14, x11, -8        x14:00000000 x11:00000064
19352073ns          368787 1c008fcc 00070763 beq              x14, x0, 14         x14:00000000
19352153ns          368791 1c008fda 0015b593 sltiu            x11, x11, 1         x11=00000000 x11:00000064
19352173ns          368792 1c008fde 40b005b3 sub              x11, x0, x11        x11=00000000 x11:00000000
19352193ns          368793 1c008fe2 00b57533 and              x10, x10, x11       x10=00000000 x10:1c000148 x11:00000000
19352214ns          368794 1c008fe4 00008067 jalr             x0, x1, 0            x1:1c0091fc
19352254ns          368796 1c0091fc 01300433 add              x8, x0, x19          x8=1c00010d x19:1c00010d
19352274ns          368797 1c0091fe 00050563 beq              x10, x0, 10         x10:00000000
19352334ns          368800 1c009208 06700693 addi             x13, x0, 103        x13=00000067
19352354ns          368801 1c00920c 2896d963 bge              x13, x9, 658        x13:00000067  x9:00000064
19352876ns          368827 1c00949e 06500693 addi             x13, x0, 101        x13=00000065
19352916ns          368829 1c0094a2 12d4d563 bge              x9, x13, 298         x9:00000064 x13:00000065
19352936ns          368830 1c0094a6 04700693 addi             x13, x0, 71         x13=00000047
19352956ns          368831 1c0094aa dc96cbe3 blt              x13, x9, -554       x13:00000047  x9:00000064
19353096ns          368838 1c009280 06300693 addi             x13, x0, 99         x13=00000063
19353137ns          368840 1c009284 0ad488e3 beq              x9, x13, 2224        x9:00000064 x13:00000063
19353157ns          368841 1c009288 0096c9e3 blt              x13, x9, 2066       x13:00000063  x9:00000064
19353357ns          368851 1c009a9a 000c2583 lw               x11, 0(x24)         x11=00000003 x24:10001e2c  PA:10001e2c
19353377ns          368852 1c009a9e 004c0c13 addi             x24, x24, 4         x24=10001e30 x24:10001e2c
19353417ns          368854 1c009aa0 3405cc63 blt              x11, x0, 856        x11:00000003
19353458ns          368856 1c009aa4 01412603 lw               x12, 20(x2)         x12=00000000  x2:10001cd8  PA:10001cec
19353478ns          368857 1c009aa6 00b006b3 add              x13, x0, x11        x13=00000003 x11:00000003
19353498ns          368858 1c009aa8 2e061863 bne              x12, x0, 752        x12:00000000
19353518ns          368859 1c009aac 01812703 lw               x14, 24(x2)         x14=00000000  x2:10001cd8  PA:10001cf0
19353538ns          368860 1c009aae 019007b3 add              x15, x0, x25        x15=10001cfc x25:10001cfc
19353558ns          368861 1c009ab0 00070763 beq              x14, x0, 14         x14:00000000
19353618ns          368864 1c009abe 00f00733 add              x14, x0, x15        x14=10001cfc x15:10001cfc
19353678ns          368867 1c009ac0 00a00513 addi             x10, x0, 10         x10=0000000a
19353718ns          368869 1c009ac2 02a6f633 remu             x12, x13, x10       x12=00000003 x13:00000003 x10:0000000a
19354340ns          368900 1c009ac6 02a6d6b3 divu             x13, x13, x10       x13=00000000 x13:00000003 x10:0000000a
19354962ns          368931 1c009aca 03060613 addi             x12, x12, 48        x12=00000033 x12:00000003
19354983ns          368932 1c009ace 00c700ab p.sb             x12, 1(x14!)        x14=10001cfd x12:00000033 x14:10001cfc  PA:10001cfc
19355003ns          368933 1c009ad2 fe0698e3 bne              x13, x0, -16        x13:00000000
19355023ns          368934 1c009ad4 40f706b3 sub              x13, x14, x15       x13=00000001 x14:10001cfd x15:10001cfc
19355043ns          368935 1c009ad8 0146dc63 bge              x13, x20, 24        x13:00000001 x20:ffffffff
19355444ns          368955 1c009af0 00e006b3 add              x13, x0, x14        x13=10001cfd x14:10001cfd
19355484ns          368957 1c009af2 fe068fab p.sb             x0, -1(x13!)        x13=10001cfc x13:10001cfd  PA:10001cfd
19355504ns          368958 1c009af6 00d7fc63 bgeu             x15, x13, 24        x15:10001cfc x13:10001cfc
19355625ns          368964 1c009b0e 01412783 lw               x15, 20(x2)         x15=00000000  x2:10001cd8  PA:10001cec
19355685ns          368967 1c009b10 01812603 lw               x12, 24(x2)         x12=00000000  x2:10001cd8  PA:10001cf0
19355725ns          368969 1c009b12 419704b3 sub              x9, x14, x25         x9=00000001 x14:10001cfd x25:10001cfc
19355745ns          368970 1c009b16 00c7e7b3 or               x15, x15, x12       x15=00000000 x15:00000000 x12:00000000
19355765ns          368971 1c009b18 00f12623 sw               x15, 12(x2)         x15:00000000  x2:10001cd8  PA:10001ce4
19355785ns          368972 1c009b1a 00079363 bne              x15, x0, 6          x15:00000000
19355805ns          368973 1c009b1c 01f5d593 srli             x11, x11, 0x1f      x11=00000000 x11:00000003
19355825ns          368974 1c009b1e 00b12623 sw               x11, 12(x2)         x11:00000000  x2:10001cd8  PA:10001ce4
19355845ns          368975 1c009b20 e3fa28e3 p.beqimm         x20, -464           x20:ffffffff
19355946ns          368980 1c009950 0c800793 addi             x15, x0, 200        x15=000000c8
19355986ns          368982 1c009954 9e97d0e3 bge              x15, x9, -1568      x15:000000c8  x9:00000001
19356467ns          369006 1c009334 0f24d163 bge              x9, x18, 226         x9:00000001 x18:00000000
19356608ns          369013 1c009416 d00482e3 beq              x9, x0, -764         x9:00000001
19356628ns          369014 1c00941a 01900933 add              x18, x0, x25        x18=10001cfc x25:10001cfc
19356648ns          369015 1c00941c 419d8db3 sub              x27, x27, x25       x27=efffe31b x27:00000017 x25:10001cfc
19356688ns          369017 1c009420 00a0006f jal              x0, 10             
19356748ns          369020 1c00942a 0019450b p.lbu            x10, 1(x18!)        x10=00000033 x18=10001cfd x18:10001cfc  PA:10001cfc
19356768ns          369021 1c00942e 01a005b3 add              x11, x0, x26        x11=00000002 x26:00000002
19356808ns          369023 1c009430 000b00e7 jalr             x1, x22, 0           x1=1c009432 x22:1c009038
19356849ns          369025 1c009038 000026b7 lui              x13, 0x2000         x13=00002000
19356869ns          369026 1c00903a f14027f3 csrrs            x15, x0, 0xf14      x15=00000003
19356889ns          369027 1c00903e f8068693 addi             x13, x13, -128      x13=00001f80 x13:00002000
19356909ns          369028 1c009042 00379713 slli             x14, x15, 0x3       x14=00000018 x15:00000003
19356929ns          369029 1c009046 00279793 slli             x15, x15, 0x2       x15=0000000c x15:00000003
19356949ns          369030 1c009048 00d7f7b3 and              x15, x15, x13       x15=00000000 x15:0000000c x13:00001f80
19356969ns          369031 1c00904a ee873733 p.bclr           x14, x14, 23, 8     x14=00000018 x14:00000018
19357009ns          369033 1c00904e 1a10f6b7 lui              x13, 0x1a10f000     x13=1a10f000
19357049ns          369035 1c009052 0ff57513 andi             x10, x10, 255       x10=00000033 x10:00000033
19357069ns          369036 1c009056 00d70733 add              x14, x14, x13       x14=1a10f018 x14:00000018 x13:1a10f000
19357089ns          369037 1c009058 00a7e723 p.sw             x10, x0(x15)        x10:00000033 x15:00000000  PA:1a10f018
19357591ns          369062 1c00905c 00000513 addi             x10, x0, 0          x10=00000000
19357611ns          369063 1c00905e 00008067 jalr             x0, x1, 0            x1:1c009432
19357651ns          369065 1c009432 fff48493 addi             x9, x9, -1           x9=00000000  x9:00000001
19357671ns          369066 1c009434 fff537e3 p.bneimm         x10, -18            x10:00000000
19357752ns          369070 1c009422 012d8733 add              x14, x27, x18       x14=00000018 x27:efffe31b x18:10001cfd
19357772ns          369071 1c009426 5a048b63 beq              x9, x0, 1462         x9:00000000
19357872ns          369076 1c0099dc 00e00db3 add              x27, x0, x14        x27=00000018 x14:00000018
19357952ns          369080 1c0099de f3cff06f jal              x0, -2244          
19358073ns          369086 1c00911a 00044503 lbu              x10, 0(x8)          x10=0000000a  x8:1c00010d  PA:1c00010d
19358374ns          369101 1c00911e 00140413 addi             x8, x8, 1            x8=1c00010e  x8:1c00010d
19358394ns          369102 1c009120 00050e63 beq              x10, x0, 28         x10:0000000a
19358414ns          369103 1c009122 02500793 addi             x15, x0, 37         x15=00000025
19358434ns          369104 1c009126 04f50863 beq              x10, x15, 80        x10:0000000a x15:00000025
19358454ns          369105 1c00912a 01a005b3 add              x11, x0, x26        x11=00000002 x26:00000002
19358474ns          369106 1c00912c 000b00e7 jalr             x1, x22, 0           x1=1c00912e x22:1c009038
19358594ns          369112 1c009038 000026b7 lui              x13, 0x2000         x13=00002000
19358634ns          369114 1c00903a f14027f3 csrrs            x15, x0, 0xf14      x15=00000003
19358655ns          369115 1c00903e f8068693 addi             x13, x13, -128      x13=00001f80 x13:00002000
19358675ns          369116 1c009042 00379713 slli             x14, x15, 0x3       x14=00000018 x15:00000003
19358695ns          369117 1c009046 00279793 slli             x15, x15, 0x2       x15=0000000c x15:00000003
19358715ns          369118 1c009048 00d7f7b3 and              x15, x15, x13       x15=00000000 x15:0000000c x13:00001f80
19358735ns          369119 1c00904a ee873733 p.bclr           x14, x14, 23, 8     x14=00000018 x14:00000018
19358755ns          369120 1c00904e 1a10f6b7 lui              x13, 0x1a10f000     x13=1a10f000
19358775ns          369121 1c009052 0ff57513 andi             x10, x10, 255       x10=0000000a x10:0000000a
19358795ns          369122 1c009056 00d70733 add              x14, x14, x13       x14=1a10f018 x14:00000018 x13:1a10f000
19358815ns          369123 1c009058 00a7e723 p.sw             x10, x0(x15)        x10:0000000a x15:00000000  PA:1a10f018
19359156ns          369140 1c00905c 00000513 addi             x10, x0, 0          x10=00000000
19359176ns          369141 1c00905e 00008067 jalr             x0, x1, 0            x1:1c00912e
19359236ns          369144 1c00912e 31f52563 p.beqimm         x10, 778            x10:00000000
19359256ns          369145 1c009132 001d8d93 addi             x27, x27, 1         x27=00000019 x27:00000018
19359277ns          369146 1c009134 00044503 lbu              x10, 0(x8)          x10=00000000  x8:1c00010e  PA:1c00010e
19359578ns          369161 1c009138 00140413 addi             x8, x8, 1            x8=1c00010f  x8:1c00010e
19359598ns          369162 1c00913a fe0514e3 bne              x10, x0, -24        x10:00000000
19359618ns          369163 1c00913c 01b00433 add              x8, x0, x27          x8=00000019 x27:00000019
19359638ns          369164 1c00913e 00800533 add              x10, x0, x8         x10=00000019  x8:00000019
19359658ns          369165 1c009140 12c12083 lw               x1, 300(x2)          x1=1c0090cc  x2:10001cd8  PA:10001e04
19359678ns          369166 1c009144 12812403 lw               x8, 296(x2)          x8=00000001  x2:10001cd8  PA:10001e00
19359698ns          369167 1c009148 12412483 lw               x9, 292(x2)          x9=xxxxxxxx  x2:10001cd8  PA:10001dfc
19359718ns          369168 1c00914c 12012903 lw               x18, 288(x2)        x18=xxxxxxxx  x2:10001cd8  PA:10001df8
19360019ns          369183 1c009150 11c12983 lw               x19, 284(x2)        x19=xxxxxxxx  x2:10001cd8  PA:10001df4
19360059ns          369185 1c009154 11812a03 lw               x20, 280(x2)        x20=xxxxxxxx  x2:10001cd8  PA:10001df0
19360079ns          369186 1c009158 11412a83 lw               x21, 276(x2)        x21=xxxxxxxx  x2:10001cd8  PA:10001dec
19360099ns          369187 1c00915c 11012b03 lw               x22, 272(x2)        x22=xxxxxxxx  x2:10001cd8  PA:10001de8
19360159ns          369190 1c009160 10c12b83 lw               x23, 268(x2)        x23=xxxxxxxx  x2:10001cd8  PA:10001de4
19360200ns          369192 1c009164 10812c03 lw               x24, 264(x2)        x24=xxxxxxxx  x2:10001cd8  PA:10001de0
19360220ns          369193 1c009168 10412c83 lw               x25, 260(x2)        x25=xxxxxxxx  x2:10001cd8  PA:10001ddc
19360240ns          369194 1c00916c 10012d03 lw               x26, 256(x2)        x26=xxxxxxxx  x2:10001cd8  PA:10001dd8
19360260ns          369195 1c009170 0fc12d83 lw               x27, 252(x2)        x27=xxxxxxxx  x2:10001cd8  PA:10001dd4
19360280ns          369196 1c009172 13010113 addi             x2, x2, 304          x2=10001e08  x2:10001cd8
19360300ns          369197 1c009174 00008067 jalr             x0, x1, 0            x1:1c0090cc
19360340ns          369199 1c0090cc 01c12083 lw               x1, 28(x2)           x1=1c008a94  x2:10001e08  PA:10001e24
19360380ns          369201 1c0090ce 04010113 addi             x2, x2, 64           x2=10001e48  x2:10001e08
19360440ns          369204 1c0090d0 00008067 jalr             x0, x1, 0            x1:1c008a94
19360521ns          369208 1c008a94 00143513 sltiu            x10, x8, 1          x10=00000000  x8:00000001
19360561ns          369210 1c008a98 1ac12083 lw               x1, 428(x2)          x1=1c00a36a  x2:10001e48  PA:10001ff4
19360581ns          369211 1c008a9c 1a812403 lw               x8, 424(x2)          x8=xxxxxxxx  x2:10001e48  PA:10001ff0
19361022ns          369233 1c008aa0 1b010113 addi             x2, x2, 432          x2=10001ff8  x2:10001e48
19361042ns          369234 1c008aa2 00008067 jalr             x0, x1, 0            x1:1c00a36a
19361163ns          369240 1c00a36a f14027f3 csrrs            x15, x0, 0xf14      x15=00000003
19361223ns          369243 1c00a36e f457b7b3 p.bclr           x15, x15, 26, 5     x15=00000003 x15:00000003
19361243ns          369244 1c00a372 00079963 bne              x15, x0, 18         x15:00000003
19361745ns          369269 1c00a384 002047b7 lui              x15, 0x204000       x15=00204000
19361785ns          369271 1c00a388 fff00713 addi             x14, x0, -1         x14=ffffffff
19361805ns          369272 1c00a38a 00e7a223 sw               x14, 4(x15)         x14:ffffffff x15:00204000  PA:00204004
