                Time          Cycles PC       Instr    Mnemonic
12365917ns          197338 1c008080 0640006f jal              x0, 100            
12366375ns          197361 1c0080e4 f1402573 csrrs            x10, x0, 0xf14      x10=00000002
12366415ns          197363 1c0080e8 01f57593 andi             x11, x10, 31        x11=00000002 x10:00000002
12366435ns          197364 1c0080ec 00555513 srli             x10, x10, 0x5       x10=00000000 x10:00000002
12366454ns          197365 1c0080ee 01f00613 addi             x12, x0, 31         x12=0000001f
12366872ns          197386 1c0080f0 00c50463 beq              x10, x12, 8         x10:00000000 x12:0000001f
12366912ns          197388 1c0080f4 fa1ff06f jal              x0, -96            
12367369ns          197411 1c008094 f3ff8117 auipc            x2, 0xf3ff8000       x2=10000094
12367409ns          197413 1c008098 f7010113 addi             x2, x2, -144         x2=10000004  x2:10000094
12367429ns          197414 1c00809c 00012103 lw               x2, 0(x2)            x2=10000008  x2:10000004  PA:10000004
12367887ns          197437 1c0080a0 000011b7 lui              x3, 0x1000           x3=00001000
12367926ns          197439 1c0080a4 80018193 addi             x3, x3, -2048        x3=00000800  x3:00001000
12367946ns          197440 1c0080a8 00158593 addi             x11, x11, 1         x11=00000003 x11:00000002
12367966ns          197441 1c0080ac 02b180b3 mul              x1, x3, x11          x1=00001800  x3:00000800 x11:00000003
12368404ns          197463 1c0080b0 00110133 add              x2, x2, x1           x2=10001808  x2:10000008  x1:00001800
12368444ns          197465 1c0080b4 4830106f jal              x0, 7298           
12368901ns          197488 1c009d36 ff010113 addi             x2, x2, -16          x2=100017f8  x2:10001808
12368941ns          197490 1c009d38 00112623 sw               x1, 12(x2)           x1:00001800  x2:100017f8  PA:10001804
12368961ns          197491 1c009d3a 002047b7 lui              x15, 0x204000       x15=00204000
12369398ns          197513 1c009d3e 00070737 lui              x14, 0x70000        x14=00070000
12369418ns          197514 1c009d42 00e7a423 sw               x14, 8(x15)         x14:00070000 x15:00204000  PA:00204008
12369438ns          197515 1c009d44 00f00713 addi             x14, x0, 15         x14=0000000f
12369458ns          197516 1c009d46 20078793 addi             x15, x15, 512       x15=00204200 x15:00204000
12369478ns          197517 1c009d4a 00e7a023 sw               x14, 0(x15)         x14:0000000f x15:00204200  PA:00204200
12369915ns          197539 1c009d4e 00e7a623 sw               x14, 12(x15)        x14:0000000f x15:00204200  PA:0020420c
12369955ns          197541 1c009d52 1c0017b7 lui              x15, 0x1c001000     x15=1c001000
12369975ns          197542 1c009d56 9547a783 lw               x15, -1708(x15)     x15=1c008410 x15:1c001000  PA:1c000954
12370472ns          197567 1c009d5a 000780e7 jalr             x1, x15, 0           x1=1c009d5c x15:1c008410
12370910ns          197589 1c008410 f14027f3 csrrs            x15, x0, 0xf14      x15=00000002
12370950ns          197591 1c008414 ca579733 p.extractu       x14, x15, 5, 5      x14=00000000 x15:00000002
12370970ns          197592 1c008418 00071c63 bne              x14, x0, 24         x14:00000000
12370990ns          197593 1c00841a f457b7b3 p.bclr           x15, x15, 26, 5     x15=00000002 x15:00000002
12371009ns          197594 1c00841e 00078363 beq              x15, x0, 6          x15:00000002
12371427ns          197615 1c008420 00000513 addi             x10, x0, 0          x10=00000000
12371447ns          197616 1c008422 00008067 jalr             x0, x1, 0            x1:1c009d5c
12371487ns          197618 1c009d5c f14027f3 csrrs            x15, x0, 0xf14      x15=00000002
12371507ns          197619 1c009d60 f457b7b3 p.bclr           x15, x15, 26, 5     x15=00000002 x15:00000002
12371527ns          197620 1c009d64 00079963 bne              x15, x0, 18         x15:00000002
12372084ns          197648 1c009d76 002047b7 lui              x15, 0x204000       x15=00204000
12372103ns          197649 1c009d7a fff00713 addi             x14, x0, -1         x14=ffffffff
12372123ns          197650 1c009d7c 00e7a223 sw               x14, 4(x15)         x14:ffffffff x15:00204000  PA:00204004
