                Time          Cycles PC       Instr    Mnemonic
13617134ns          219354 1c008080 0640006f jal              x0, 100            
13617592ns          219377 1c0080e4 f1402573 csrrs            x10, x0, 0xf14      x10=00000003
13617631ns          219379 1c0080e8 01f57593 andi             x11, x10, 31        x11=00000003 x10:00000003
13617651ns          219380 1c0080ec 00555513 srli             x10, x10, 0x5       x10=00000000 x10:00000003
13617671ns          219381 1c0080ee 01f00613 addi             x12, x0, 31         x12=0000001f
13618089ns          219402 1c0080f0 00c50463 beq              x10, x12, 8         x10:00000000 x12:0000001f
13618129ns          219404 1c0080f4 fa1ff06f jal              x0, -96            
13618586ns          219427 1c008094 f3ff8117 auipc            x2, 0xf3ff8000       x2=10000094
13618626ns          219429 1c008098 f7010113 addi             x2, x2, -144         x2=10000004  x2:10000094
13618646ns          219430 1c00809c 00012103 lw               x2, 0(x2)            x2=10000008  x2:10000004  PA:10000004
13619083ns          219452 1c0080a0 000011b7 lui              x3, 0x1000           x3=00001000
13619123ns          219454 1c0080a4 80018193 addi             x3, x3, -2048        x3=00000800  x3:00001000
13619143ns          219455 1c0080a8 00158593 addi             x11, x11, 1         x11=00000004 x11:00000003
13619163ns          219456 1c0080ac 02b180b3 mul              x1, x3, x11          x1=00002000  x3:00000800 x11:00000004
13619621ns          219479 1c0080b0 00110133 add              x2, x2, x1           x2=10002008  x2:10000008  x1:00002000
13619660ns          219481 1c0080b4 0420206f jal              x0, 8258           
13620118ns          219504 1c00a0f6 ff010113 addi             x2, x2, -16          x2=10001ff8  x2:10002008
13620158ns          219506 1c00a0f8 00112623 sw               x1, 12(x2)           x1:00002000  x2:10001ff8  PA:10002004
13620177ns          219507 1c00a0fa 002047b7 lui              x15, 0x204000       x15=00204000
13620615ns          219529 1c00a0fe 00070737 lui              x14, 0x70000        x14=00070000
13620635ns          219530 1c00a102 00e7a423 sw               x14, 8(x15)         x14:00070000 x15:00204000  PA:00204008
13620655ns          219531 1c00a104 00f00713 addi             x14, x0, 15         x14=0000000f
13620675ns          219532 1c00a106 20078793 addi             x15, x15, 512       x15=00204200 x15:00204000
13620695ns          219533 1c00a10a 00e7a023 sw               x14, 0(x15)         x14:0000000f x15:00204200  PA:00204200
13621132ns          219555 1c00a10e 00e7a623 sw               x14, 12(x15)        x14:0000000f x15:00204200  PA:0020420c
13621172ns          219557 1c00a112 1c0017b7 lui              x15, 0x1c001000     x15=1c001000
13621192ns          219558 1c00a116 b347a783 lw               x15, -1228(x15)     x15=1c00813e x15:1c001000  PA:1c000b34
13621629ns          219580 1c00a11a 000780e7 jalr             x1, x15, 0           x1=1c00a11c x15:1c00813e
13622564ns          219627 1c00813e cb010113 addi             x2, x2, -848         x2=10001ca8  x2:10001ff8
13622604ns          219629 1c008142 34912223 sw               x9, 836(x2)          x9:xxxxxxxx  x2:10001ca8  PA:10001fec
13622624ns          219630 1c008146 34112623 sw               x1, 844(x2)          x1:1c00a11c  x2:10001ca8  PA:10001ff4
13622644ns          219631 1c00814a f14024f3 csrrs            x9, x0, 0xf14        x9=00000003
13623082ns          219653 1c00814e 34812423 sw               x8, 840(x2)          x8:xxxxxxxx  x2:10001ca8  PA:10001ff0
13623121ns          219655 1c008152 35212023 sw               x18, 832(x2)        x18:xxxxxxxx  x2:10001ca8  PA:10001fe8
13623141ns          219656 1c008156 33312e23 sw               x19, 828(x2)        x19:xxxxxxxx  x2:10001ca8  PA:10001fe4
13623161ns          219657 1c00815a 33412c23 sw               x20, 824(x2)        x20:xxxxxxxx  x2:10001ca8  PA:10001fe0
13623619ns          219680 1c00815e 33512a23 sw               x21, 820(x2)        x21:xxxxxxxx  x2:10001ca8  PA:10001fdc
13623658ns          219682 1c008162 33612823 sw               x22, 816(x2)        x22:xxxxxxxx  x2:10001ca8  PA:10001fd8
13623678ns          219683 1c008166 33712623 sw               x23, 812(x2)        x23:xxxxxxxx  x2:10001ca8  PA:10001fd4
13623698ns          219684 1c00816a 33812423 sw               x24, 808(x2)        x24:xxxxxxxx  x2:10001ca8  PA:10001fd0
13624136ns          219706 1c00816e 33912223 sw               x25, 804(x2)        x25:xxxxxxxx  x2:10001ca8  PA:10001fcc
13624176ns          219708 1c008172 ca5497b3 p.extractu       x15, x9, 5, 5       x15=00000000  x9:00000003
13624195ns          219709 1c008176 46079d63 bne              x15, x0, 1146       x15:00000000
13624215ns          219710 1c00817a f454b4b3 p.bclr           x9, x9, 26, 5        x9=00000003  x9:00000003
13624653ns          219732 1c00817e 1c000537 lui              x10, 0x1c000000     x10=1c000000
13624673ns          219733 1c008182 00900633 add              x12, x0, x9         x12=00000003  x9:00000003
13624693ns          219734 1c008184 00100593 addi             x11, x0, 1          x11=00000001
13624713ns          219735 1c008186 02c50513 addi             x10, x10, 44        x10=1c00002c x10:1c000000
13624732ns          219736 1c00818a 4cd000ef jal              x1, 3276             x1=1c00818e
13625667ns          219783 1c008e56 fc010113 addi             x2, x2, -64          x2=10001c68  x2:10001ca8
13625707ns          219785 1c008e58 02410313 addi             x6, x2, 36           x6=10001c8c  x2:10001c68
13625727ns          219786 1c008e5c 02c12423 sw               x12, 40(x2)         x12:00000003  x2:10001c68  PA:10001c90
13625747ns          219787 1c008e5e 00a00633 add              x12, x0, x10        x12=1c00002c x10:1c00002c
13626165ns          219808 1c008e60 1c009537 lui              x10, 0x1c009000     x10=1c009000
13626204ns          219810 1c008e64 02b12223 sw               x11, 36(x2)         x11:00000001  x2:10001c68  PA:10001c8c
13626224ns          219811 1c008e66 02d12623 sw               x13, 44(x2)         x13:xxxxxxxx  x2:10001c68  PA:10001c94
13626244ns          219812 1c008e68 00200593 addi             x11, x0, 2          x11=00000002
13626264ns          219813 1c008e6a 006006b3 add              x13, x0, x6         x13=10001c8c  x6:10001c8c
13626284ns          219814 1c008e6c dea50513 addi             x10, x10, -534      x10=1c008dea x10:1c009000
13626682ns          219834 1c008e70 00112e23 sw               x1, 28(x2)           x1:1c00818e  x2:10001c68  PA:10001c84
13626702ns          219835 1c008e72 02e12823 sw               x14, 48(x2)         x14:0000000f  x2:10001c68  PA:10001c98
13626722ns          219836 1c008e74 02f12a23 sw               x15, 52(x2)         x15:00000000  x2:10001c68  PA:10001c9c
13626741ns          219837 1c008e76 03012c23 sw               x16, 56(x2)         x16:xxxxxxxx  x2:10001c68  PA:10001ca0
13626761ns          219838 1c008e78 03112e23 sw               x17, 60(x2)         x17:xxxxxxxx  x2:10001c68  PA:10001ca4
13626781ns          219839 1c008e7a 00612623 sw               x6, 12(x2)           x6:10001c8c  x2:10001c68  PA:10001c74
13626801ns          219840 1c008e7c fbfff0ef jal              x1, -66              x1=1c008e7e
13627676ns          219884 1c008e3a 04a0006f jal              x0, 74             
13627716ns          219886 1c008e84 ed010113 addi             x2, x2, -304         x2=10001b38  x2:10001c68
13627736ns          219887 1c008e86 12812423 sw               x8, 296(x2)          x8:xxxxxxxx  x2:10001b38  PA:10001c60
13627756ns          219888 1c008e8a 00000413 addi             x8, x0, 0            x8=00000000
13627776ns          219889 1c008e8c 11612823 sw               x22, 272(x2)        x22:xxxxxxxx  x2:10001b38  PA:10001c48
13628193ns          219910 1c008e90 11712623 sw               x23, 268(x2)        x23:xxxxxxxx  x2:10001b38  PA:10001c44
13628233ns          219912 1c008e94 11812423 sw               x24, 264(x2)        x24:xxxxxxxx  x2:10001b38  PA:10001c40
13628253ns          219913 1c008e98 11912223 sw               x25, 260(x2)        x25:xxxxxxxx  x2:10001b38  PA:10001c3c
13628273ns          219914 1c008e9c 11a12023 sw               x26, 256(x2)        x26:xxxxxxxx  x2:10001b38  PA:10001c38
13628711ns          219936 1c008ea0 0fb12e23 sw               x27, 252(x2)        x27:xxxxxxxx  x2:10001b38  PA:10001c34
13628750ns          219938 1c008ea2 12112623 sw               x1, 300(x2)          x1:1c008e7e  x2:10001b38  PA:10001c64
13628770ns          219939 1c008ea6 00800db3 add              x27, x0, x8         x27=00000000  x8:00000000
13628790ns          219940 1c008ea8 12912223 sw               x9, 292(x2)          x9:00000003  x2:10001b38  PA:10001c5c
13628810ns          219941 1c008eac 13212023 sw               x18, 288(x2)        x18:xxxxxxxx  x2:10001b38  PA:10001c58
13629228ns          219962 1c008eb0 11312e23 sw               x19, 284(x2)        x19:xxxxxxxx  x2:10001b38  PA:10001c54
13629268ns          219964 1c008eb4 11412c23 sw               x20, 280(x2)        x20:xxxxxxxx  x2:10001b38  PA:10001c50
13629287ns          219965 1c008eb8 11512a23 sw               x21, 276(x2)        x21:xxxxxxxx  x2:10001b38  PA:10001c4c
13629307ns          219966 1c008ebc 00a00b33 add              x22, x0, x10        x22=1c008dea x10:1c008dea
13629327ns          219967 1c008ebe 00b00d33 add              x26, x0, x11        x26=00000002 x11:00000002
13629745ns          219988 1c008ec0 00d00c33 add              x24, x0, x13        x24=10001c8c x13:10001c8c
13629785ns          219990 1c008ec2 1c000bb7 lui              x23, 0x1c000000     x23=1c000000
13629805ns          219991 1c008ec6 02410c93 addi             x25, x2, 36         x25=10001b5c  x2:10001b38
13629824ns          219992 1c008eca 00c00433 add              x8, x0, x12          x8=1c00002c x12:1c00002c
13629844ns          219993 1c008ecc 00044503 lbu              x10, 0(x8)          x10=00000073  x8:1c00002c  PA:1c00002c
13630362ns          220019 1c008ed0 00140413 addi             x8, x8, 1            x8=1c00002d  x8:1c00002c
13630381ns          220020 1c008ed2 00050e63 beq              x10, x0, 28         x10:00000073
13630401ns          220021 1c008ed4 02500793 addi             x15, x0, 37         x15=00000025
13630421ns          220022 1c008ed8 04f50863 beq              x10, x15, 80        x10:00000073 x15:00000025
13630441ns          220023 1c008edc 01a005b3 add              x11, x0, x26        x11=00000002 x26:00000002
13630461ns          220024 1c008ede 000b00e7 jalr             x1, x22, 0           x1=1c008ee0 x22:1c008dea
13631296ns          220066 1c008dea 000026b7 lui              x13, 0x2000         x13=00002000
13631336ns          220068 1c008dec f14027f3 csrrs            x15, x0, 0xf14      x15=00000003
13631774ns          220090 1c008df0 f8068693 addi             x13, x13, -128      x13=00001f80 x13:00002000
13631814ns          220092 1c008df4 00379713 slli             x14, x15, 0x3       x14=00000018 x15:00000003
13631833ns          220093 1c008df8 00279793 slli             x15, x15, 0x2       x15=0000000c x15:00000003
13631853ns          220094 1c008dfa 00d7f7b3 and              x15, x15, x13       x15=00000000 x15:0000000c x13:00001f80
13631873ns          220095 1c008dfc ee873733 p.bclr           x14, x14, 23, 8     x14=00000018 x14:00000018
13632291ns          220116 1c008e00 1a10f6b7 lui              x13, 0x1a10f000     x13=1a10f000
13632331ns          220118 1c008e04 0ff57513 andi             x10, x10, 255       x10=00000073 x10:00000073
13632351ns          220119 1c008e08 00d70733 add              x14, x14, x13       x14=1a10f018 x14:00000018 x13:1a10f000
13632370ns          220120 1c008e0a 00a7e723 p.sw             x10, x0(x15)        x10:00000073 x15:00000000  PA:1a10f018
13632848ns          220144 1c008e0e 00000513 addi             x10, x0, 0          x10=00000000
13632868ns          220145 1c008e10 00008067 jalr             x0, x1, 0            x1:1c008ee0
13632947ns          220149 1c008ee0 31f52563 p.beqimm         x10, 778            x10:00000000
13632987ns          220151 1c008ee4 001d8d93 addi             x27, x27, 1         x27=00000001 x27:00000000
13633007ns          220152 1c008ee6 00044503 lbu              x10, 0(x8)          x10=00000074  x8:1c00002d  PA:1c00002d
13633405ns          220172 1c008eea 00140413 addi             x8, x8, 1            x8=1c00002e  x8:1c00002d
13633425ns          220173 1c008eec fe0514e3 bne              x10, x0, -24        x10:00000074
13633484ns          220176 1c008ed4 02500793 addi             x15, x0, 37         x15=00000025
13633504ns          220177 1c008ed8 04f50863 beq              x10, x15, 80        x10:00000074 x15:00000025
13633524ns          220178 1c008edc 01a005b3 add              x11, x0, x26        x11=00000002 x26:00000002
13633544ns          220179 1c008ede 000b00e7 jalr             x1, x22, 0           x1=1c008ee0 x22:1c008dea
13633584ns          220181 1c008dea 000026b7 lui              x13, 0x2000         x13=00002000
13633604ns          220182 1c008dec f14027f3 csrrs            x15, x0, 0xf14      x15=00000003
13633624ns          220183 1c008df0 f8068693 addi             x13, x13, -128      x13=00001f80 x13:00002000
13633644ns          220184 1c008df4 00379713 slli             x14, x15, 0x3       x14=00000018 x15:00000003
13633663ns          220185 1c008df8 00279793 slli             x15, x15, 0x2       x15=0000000c x15:00000003
13633683ns          220186 1c008dfa 00d7f7b3 and              x15, x15, x13       x15=00000000 x15:0000000c x13:00001f80
13633703ns          220187 1c008dfc ee873733 p.bclr           x14, x14, 23, 8     x14=00000018 x14:00000018
13633723ns          220188 1c008e00 1a10f6b7 lui              x13, 0x1a10f000     x13=1a10f000
13633743ns          220189 1c008e04 0ff57513 andi             x10, x10, 255       x10=00000074 x10:00000074
13633763ns          220190 1c008e08 00d70733 add              x14, x14, x13       x14=1a10f018 x14:00000018 x13:1a10f000
13633783ns          220191 1c008e0a 00a7e723 p.sw             x10, x0(x15)        x10:00000074 x15:00000000  PA:1a10f018
13634220ns          220213 1c008e0e 00000513 addi             x10, x0, 0          x10=00000000
13634240ns          220214 1c008e10 00008067 jalr             x0, x1, 0            x1:1c008ee0
13634280ns          220216 1c008ee0 31f52563 p.beqimm         x10, 778            x10:00000000
13634300ns          220217 1c008ee4 001d8d93 addi             x27, x27, 1         x27=00000002 x27:00000001
13634320ns          220218 1c008ee6 00044503 lbu              x10, 0(x8)          x10=00000061  x8:1c00002e  PA:1c00002e
13634618ns          220233 1c008eea 00140413 addi             x8, x8, 1            x8=1c00002f  x8:1c00002e
13634638ns          220234 1c008eec fe0514e3 bne              x10, x0, -24        x10:00000061
13634698ns          220237 1c008ed4 02500793 addi             x15, x0, 37         x15=00000025
13634718ns          220238 1c008ed8 04f50863 beq              x10, x15, 80        x10:00000061 x15:00000025
13634737ns          220239 1c008edc 01a005b3 add              x11, x0, x26        x11=00000002 x26:00000002
13634757ns          220240 1c008ede 000b00e7 jalr             x1, x22, 0           x1=1c008ee0 x22:1c008dea
13634797ns          220242 1c008dea 000026b7 lui              x13, 0x2000         x13=00002000
13634817ns          220243 1c008dec f14027f3 csrrs            x15, x0, 0xf14      x15=00000003
13634837ns          220244 1c008df0 f8068693 addi             x13, x13, -128      x13=00001f80 x13:00002000
13634857ns          220245 1c008df4 00379713 slli             x14, x15, 0x3       x14=00000018 x15:00000003
13634877ns          220246 1c008df8 00279793 slli             x15, x15, 0x2       x15=0000000c x15:00000003
13634897ns          220247 1c008dfa 00d7f7b3 and              x15, x15, x13       x15=00000000 x15:0000000c x13:00001f80
13634917ns          220248 1c008dfc ee873733 p.bclr           x14, x14, 23, 8     x14=00000018 x14:00000018
13634936ns          220249 1c008e00 1a10f6b7 lui              x13, 0x1a10f000     x13=1a10f000
13634956ns          220250 1c008e04 0ff57513 andi             x10, x10, 255       x10=00000061 x10:00000061
13634976ns          220251 1c008e08 00d70733 add              x14, x14, x13       x14=1a10f018 x14:00000018 x13:1a10f000
13634996ns          220252 1c008e0a 00a7e723 p.sw             x10, x0(x15)        x10:00000061 x15:00000000  PA:1a10f018
13635314ns          220268 1c008e0e 00000513 addi             x10, x0, 0          x10=00000000
13635334ns          220269 1c008e10 00008067 jalr             x0, x1, 0            x1:1c008ee0
13635374ns          220271 1c008ee0 31f52563 p.beqimm         x10, 778            x10:00000000
13635394ns          220272 1c008ee4 001d8d93 addi             x27, x27, 1         x27=00000003 x27:00000002
13635414ns          220273 1c008ee6 00044503 lbu              x10, 0(x8)          x10=00000072  x8:1c00002f  PA:1c00002f
13635712ns          220288 1c008eea 00140413 addi             x8, x8, 1            x8=1c000030  x8:1c00002f
13635732ns          220289 1c008eec fe0514e3 bne              x10, x0, -24        x10:00000072
13635792ns          220292 1c008ed4 02500793 addi             x15, x0, 37         x15=00000025
13635812ns          220293 1c008ed8 04f50863 beq              x10, x15, 80        x10:00000072 x15:00000025
13635831ns          220294 1c008edc 01a005b3 add              x11, x0, x26        x11=00000002 x26:00000002
13635851ns          220295 1c008ede 000b00e7 jalr             x1, x22, 0           x1=1c008ee0 x22:1c008dea
13635891ns          220297 1c008dea 000026b7 lui              x13, 0x2000         x13=00002000
13635911ns          220298 1c008dec f14027f3 csrrs            x15, x0, 0xf14      x15=00000003
13635931ns          220299 1c008df0 f8068693 addi             x13, x13, -128      x13=00001f80 x13:00002000
13635951ns          220300 1c008df4 00379713 slli             x14, x15, 0x3       x14=00000018 x15:00000003
13635971ns          220301 1c008df8 00279793 slli             x15, x15, 0x2       x15=0000000c x15:00000003
13635991ns          220302 1c008dfa 00d7f7b3 and              x15, x15, x13       x15=00000000 x15:0000000c x13:00001f80
13636011ns          220303 1c008dfc ee873733 p.bclr           x14, x14, 23, 8     x14=00000018 x14:00000018
13636030ns          220304 1c008e00 1a10f6b7 lui              x13, 0x1a10f000     x13=1a10f000
13636050ns          220305 1c008e04 0ff57513 andi             x10, x10, 255       x10=00000072 x10:00000072
13636070ns          220306 1c008e08 00d70733 add              x14, x14, x13       x14=1a10f018 x14:00000018 x13:1a10f000
13636090ns          220307 1c008e0a 00a7e723 p.sw             x10, x0(x15)        x10:00000072 x15:00000000  PA:1a10f018
13636428ns          220324 1c008e0e 00000513 addi             x10, x0, 0          x10=00000000
13636448ns          220325 1c008e10 00008067 jalr             x0, x1, 0            x1:1c008ee0
13636488ns          220327 1c008ee0 31f52563 p.beqimm         x10, 778            x10:00000000
13636508ns          220328 1c008ee4 001d8d93 addi             x27, x27, 1         x27=00000004 x27:00000003
13636528ns          220329 1c008ee6 00044503 lbu              x10, 0(x8)          x10=00000074  x8:1c000030  PA:1c000030
13636846ns          220345 1c008eea 00140413 addi             x8, x8, 1            x8=1c000031  x8:1c000030
13636866ns          220346 1c008eec fe0514e3 bne              x10, x0, -24        x10:00000074
13636925ns          220349 1c008ed4 02500793 addi             x15, x0, 37         x15=00000025
13636945ns          220350 1c008ed8 04f50863 beq              x10, x15, 80        x10:00000074 x15:00000025
13636965ns          220351 1c008edc 01a005b3 add              x11, x0, x26        x11=00000002 x26:00000002
13636985ns          220352 1c008ede 000b00e7 jalr             x1, x22, 0           x1=1c008ee0 x22:1c008dea
13637025ns          220354 1c008dea 000026b7 lui              x13, 0x2000         x13=00002000
13637045ns          220355 1c008dec f14027f3 csrrs            x15, x0, 0xf14      x15=00000003
13637065ns          220356 1c008df0 f8068693 addi             x13, x13, -128      x13=00001f80 x13:00002000
13637085ns          220357 1c008df4 00379713 slli             x14, x15, 0x3       x14=00000018 x15:00000003
13637104ns          220358 1c008df8 00279793 slli             x15, x15, 0x2       x15=0000000c x15:00000003
13637124ns          220359 1c008dfa 00d7f7b3 and              x15, x15, x13       x15=00000000 x15:0000000c x13:00001f80
13637144ns          220360 1c008dfc ee873733 p.bclr           x14, x14, 23, 8     x14=00000018 x14:00000018
13637164ns          220361 1c008e00 1a10f6b7 lui              x13, 0x1a10f000     x13=1a10f000
13637184ns          220362 1c008e04 0ff57513 andi             x10, x10, 255       x10=00000074 x10:00000074
13637204ns          220363 1c008e08 00d70733 add              x14, x14, x13       x14=1a10f018 x14:00000018 x13:1a10f000
13637224ns          220364 1c008e0a 00a7e723 p.sw             x10, x0(x15)        x10:00000074 x15:00000000  PA:1a10f018
13637542ns          220380 1c008e0e 00000513 addi             x10, x0, 0          x10=00000000
13637562ns          220381 1c008e10 00008067 jalr             x0, x1, 0            x1:1c008ee0
13637602ns          220383 1c008ee0 31f52563 p.beqimm         x10, 778            x10:00000000
13637622ns          220384 1c008ee4 001d8d93 addi             x27, x27, 1         x27=00000005 x27:00000004
13637642ns          220385 1c008ee6 00044503 lbu              x10, 0(x8)          x10=00000069  x8:1c000031  PA:1c000031
13637940ns          220400 1c008eea 00140413 addi             x8, x8, 1            x8=1c000032  x8:1c000031
13637960ns          220401 1c008eec fe0514e3 bne              x10, x0, -24        x10:00000069
13638019ns          220404 1c008ed4 02500793 addi             x15, x0, 37         x15=00000025
13638039ns          220405 1c008ed8 04f50863 beq              x10, x15, 80        x10:00000069 x15:00000025
13638059ns          220406 1c008edc 01a005b3 add              x11, x0, x26        x11=00000002 x26:00000002
13638079ns          220407 1c008ede 000b00e7 jalr             x1, x22, 0           x1=1c008ee0 x22:1c008dea
13638119ns          220409 1c008dea 000026b7 lui              x13, 0x2000         x13=00002000
13638139ns          220410 1c008dec f14027f3 csrrs            x15, x0, 0xf14      x15=00000003
13638159ns          220411 1c008df0 f8068693 addi             x13, x13, -128      x13=00001f80 x13:00002000
13638179ns          220412 1c008df4 00379713 slli             x14, x15, 0x3       x14=00000018 x15:00000003
13638198ns          220413 1c008df8 00279793 slli             x15, x15, 0x2       x15=0000000c x15:00000003
13638218ns          220414 1c008dfa 00d7f7b3 and              x15, x15, x13       x15=00000000 x15:0000000c x13:00001f80
13638238ns          220415 1c008dfc ee873733 p.bclr           x14, x14, 23, 8     x14=00000018 x14:00000018
13638258ns          220416 1c008e00 1a10f6b7 lui              x13, 0x1a10f000     x13=1a10f000
13638278ns          220417 1c008e04 0ff57513 andi             x10, x10, 255       x10=00000069 x10:00000069
13638298ns          220418 1c008e08 00d70733 add              x14, x14, x13       x14=1a10f018 x14:00000018 x13:1a10f000
13638318ns          220419 1c008e0a 00a7e723 p.sw             x10, x0(x15)        x10:00000069 x15:00000000  PA:1a10f018
13638636ns          220435 1c008e0e 00000513 addi             x10, x0, 0          x10=00000000
13638656ns          220436 1c008e10 00008067 jalr             x0, x1, 0            x1:1c008ee0
13638696ns          220438 1c008ee0 31f52563 p.beqimm         x10, 778            x10:00000000
13638716ns          220439 1c008ee4 001d8d93 addi             x27, x27, 1         x27=00000006 x27:00000005
13638736ns          220440 1c008ee6 00044503 lbu              x10, 0(x8)          x10=0000006e  x8:1c000032  PA:1c000032
13639034ns          220455 1c008eea 00140413 addi             x8, x8, 1            x8=1c000033  x8:1c000032
13639054ns          220456 1c008eec fe0514e3 bne              x10, x0, -24        x10:0000006e
13639113ns          220459 1c008ed4 02500793 addi             x15, x0, 37         x15=00000025
13639133ns          220460 1c008ed8 04f50863 beq              x10, x15, 80        x10:0000006e x15:00000025
13639153ns          220461 1c008edc 01a005b3 add              x11, x0, x26        x11=00000002 x26:00000002
13639173ns          220462 1c008ede 000b00e7 jalr             x1, x22, 0           x1=1c008ee0 x22:1c008dea
13639213ns          220464 1c008dea 000026b7 lui              x13, 0x2000         x13=00002000
13639233ns          220465 1c008dec f14027f3 csrrs            x15, x0, 0xf14      x15=00000003
13639253ns          220466 1c008df0 f8068693 addi             x13, x13, -128      x13=00001f80 x13:00002000
13639273ns          220467 1c008df4 00379713 slli             x14, x15, 0x3       x14=00000018 x15:00000003
13639292ns          220468 1c008df8 00279793 slli             x15, x15, 0x2       x15=0000000c x15:00000003
13639312ns          220469 1c008dfa 00d7f7b3 and              x15, x15, x13       x15=00000000 x15:0000000c x13:00001f80
13639332ns          220470 1c008dfc ee873733 p.bclr           x14, x14, 23, 8     x14=00000018 x14:00000018
13639352ns          220471 1c008e00 1a10f6b7 lui              x13, 0x1a10f000     x13=1a10f000
13639372ns          220472 1c008e04 0ff57513 andi             x10, x10, 255       x10=0000006e x10:0000006e
13639392ns          220473 1c008e08 00d70733 add              x14, x14, x13       x14=1a10f018 x14:00000018 x13:1a10f000
13639412ns          220474 1c008e0a 00a7e723 p.sw             x10, x0(x15)        x10:0000006e x15:00000000  PA:1a10f018
13639730ns          220490 1c008e0e 00000513 addi             x10, x0, 0          x10=00000000
13639750ns          220491 1c008e10 00008067 jalr             x0, x1, 0            x1:1c008ee0
13639790ns          220493 1c008ee0 31f52563 p.beqimm         x10, 778            x10:00000000
13639810ns          220494 1c008ee4 001d8d93 addi             x27, x27, 1         x27=00000007 x27:00000006
13639830ns          220495 1c008ee6 00044503 lbu              x10, 0(x8)          x10=00000067  x8:1c000033  PA:1c000033
13640128ns          220510 1c008eea 00140413 addi             x8, x8, 1            x8=1c000034  x8:1c000033
13640148ns          220511 1c008eec fe0514e3 bne              x10, x0, -24        x10:00000067
13640207ns          220514 1c008ed4 02500793 addi             x15, x0, 37         x15=00000025
13640227ns          220515 1c008ed8 04f50863 beq              x10, x15, 80        x10:00000067 x15:00000025
13640247ns          220516 1c008edc 01a005b3 add              x11, x0, x26        x11=00000002 x26:00000002
13640267ns          220517 1c008ede 000b00e7 jalr             x1, x22, 0           x1=1c008ee0 x22:1c008dea
13640307ns          220519 1c008dea 000026b7 lui              x13, 0x2000         x13=00002000
13640327ns          220520 1c008dec f14027f3 csrrs            x15, x0, 0xf14      x15=00000003
13640347ns          220521 1c008df0 f8068693 addi             x13, x13, -128      x13=00001f80 x13:00002000
13640367ns          220522 1c008df4 00379713 slli             x14, x15, 0x3       x14=00000018 x15:00000003
13640386ns          220523 1c008df8 00279793 slli             x15, x15, 0x2       x15=0000000c x15:00000003
13640406ns          220524 1c008dfa 00d7f7b3 and              x15, x15, x13       x15=00000000 x15:0000000c x13:00001f80
13640426ns          220525 1c008dfc ee873733 p.bclr           x14, x14, 23, 8     x14=00000018 x14:00000018
13640446ns          220526 1c008e00 1a10f6b7 lui              x13, 0x1a10f000     x13=1a10f000
13640466ns          220527 1c008e04 0ff57513 andi             x10, x10, 255       x10=00000067 x10:00000067
13640486ns          220528 1c008e08 00d70733 add              x14, x14, x13       x14=1a10f018 x14:00000018 x13:1a10f000
13640506ns          220529 1c008e0a 00a7e723 p.sw             x10, x0(x15)        x10:00000067 x15:00000000  PA:1a10f018
13640844ns          220546 1c008e0e 00000513 addi             x10, x0, 0          x10=00000000
13640864ns          220547 1c008e10 00008067 jalr             x0, x1, 0            x1:1c008ee0
13640904ns          220549 1c008ee0 31f52563 p.beqimm         x10, 778            x10:00000000
13640924ns          220550 1c008ee4 001d8d93 addi             x27, x27, 1         x27=00000008 x27:00000007
13640943ns          220551 1c008ee6 00044503 lbu              x10, 0(x8)          x10=00000020  x8:1c000034  PA:1c000034
13641242ns          220566 1c008eea 00140413 addi             x8, x8, 1            x8=1c000035  x8:1c000034
13641262ns          220567 1c008eec fe0514e3 bne              x10, x0, -24        x10:00000020
13641321ns          220570 1c008ed4 02500793 addi             x15, x0, 37         x15=00000025
13641341ns          220571 1c008ed8 04f50863 beq              x10, x15, 80        x10:00000020 x15:00000025
13641361ns          220572 1c008edc 01a005b3 add              x11, x0, x26        x11=00000002 x26:00000002
13641381ns          220573 1c008ede 000b00e7 jalr             x1, x22, 0           x1=1c008ee0 x22:1c008dea
13641421ns          220575 1c008dea 000026b7 lui              x13, 0x2000         x13=00002000
13641441ns          220576 1c008dec f14027f3 csrrs            x15, x0, 0xf14      x15=00000003
13641461ns          220577 1c008df0 f8068693 addi             x13, x13, -128      x13=00001f80 x13:00002000
13641480ns          220578 1c008df4 00379713 slli             x14, x15, 0x3       x14=00000018 x15:00000003
13641500ns          220579 1c008df8 00279793 slli             x15, x15, 0x2       x15=0000000c x15:00000003
13641520ns          220580 1c008dfa 00d7f7b3 and              x15, x15, x13       x15=00000000 x15:0000000c x13:00001f80
13641540ns          220581 1c008dfc ee873733 p.bclr           x14, x14, 23, 8     x14=00000018 x14:00000018
13641560ns          220582 1c008e00 1a10f6b7 lui              x13, 0x1a10f000     x13=1a10f000
13641580ns          220583 1c008e04 0ff57513 andi             x10, x10, 255       x10=00000020 x10:00000020
13641600ns          220584 1c008e08 00d70733 add              x14, x14, x13       x14=1a10f018 x14:00000018 x13:1a10f000
13641620ns          220585 1c008e0a 00a7e723 p.sw             x10, x0(x15)        x10:00000020 x15:00000000  PA:1a10f018
13641938ns          220601 1c008e0e 00000513 addi             x10, x0, 0          x10=00000000
13641958ns          220602 1c008e10 00008067 jalr             x0, x1, 0            x1:1c008ee0
13641998ns          220604 1c008ee0 31f52563 p.beqimm         x10, 778            x10:00000000
13642018ns          220605 1c008ee4 001d8d93 addi             x27, x27, 1         x27=00000009 x27:00000008
13642037ns          220606 1c008ee6 00044503 lbu              x10, 0(x8)          x10=00000025  x8:1c000035  PA:1c000035
13642336ns          220621 1c008eea 00140413 addi             x8, x8, 1            x8=1c000036  x8:1c000035
13642356ns          220622 1c008eec fe0514e3 bne              x10, x0, -24        x10:00000025
13642415ns          220625 1c008ed4 02500793 addi             x15, x0, 37         x15=00000025
13642435ns          220626 1c008ed8 04f50863 beq              x10, x15, 80        x10:00000025 x15:00000025
13642793ns          220644 1c008f28 00044483 lbu              x9, 0(x8)            x9=00000064  x8:1c000036  PA:1c000036
13643231ns          220666 1c008f2c 02000693 addi             x13, x0, 32         x13=00000020
13643291ns          220669 1c008f30 00140a93 addi             x21, x8, 1          x21=1c000037  x8:1c000036
13643330ns          220671 1c008f34 009005b3 add              x11, x0, x9         x11=00000064  x9:00000064
13643350ns          220672 1c008f36 198b8513 addi             x10, x23, 408       x10=1c000198 x23:1c000000
13643370ns          220673 1c008f3a 00d12823 sw               x13, 16(x2)         x13:00000020  x2:10001b38  PA:10001b48
13643390ns          220674 1c008f3c 00012c23 sw               x0, 24(x2)           x2:10001b38  PA:10001b50
13643410ns          220675 1c008f3e 00012a23 sw               x0, 20(x2)           x2:10001b38  PA:10001b4c
13643808ns          220695 1c008f40 00012e23 sw               x0, 28(x2)           x2:10001b38  PA:10001b54
13643828ns          220696 1c008f42 00012623 sw               x0, 12(x2)           x2:10001b38  PA:10001b44
13643847ns          220697 1c008f44 02300913 addi             x18, x0, 35         x18=00000023
13643867ns          220698 1c008f48 02d00a13 addi             x20, x0, 45         x20=0000002d
13643887ns          220699 1c008f4c 015009b3 add              x19, x0, x21        x19=1c000037 x21:1c000037
13643907ns          220700 1c008f4e e1dff0ef jal              x1, -484             x1=1c008f50
13644822ns          220746 1c008d6a 00054783 lbu              x15, 0(x10)         x15=0000002d x10:1c000198  PA:1c000198
13645260ns          220768 1c008d6e 0ff5f593 andi             x11, x11, 255       x11=00000064 x11:00000064
13645299ns          220770 1c008d72 00b78c63 beq              x15, x11, 24        x15:0000002d x11:00000064
13645319ns          220771 1c008d76 00078b63 beq              x15, x0, 22         x15:0000002d
13645339ns          220772 1c008d78 00150793 addi             x15, x10, 1         x15=1c000199 x10:1c000198
13645359ns          220773 1c008d7c 0040006f jal              x0, 4              
13645817ns          220796 1c008d80 00f00533 add              x10, x0, x15        x10=1c000199 x15:1c000199
13645837ns          220797 1c008d82 0017c70b p.lbu            x14, 1(x15!)        x14=0000002b x15=1c00019a x15:1c000199  PA:1c000199
13646294ns          220820 1c008d86 feb71ce3 bne              x14, x11, -8        x14:0000002b x11:00000064
13646393ns          220825 1c008d7e 00070763 beq              x14, x0, 14         x14:0000002b
13646413ns          220826 1c008d80 00f00533 add              x10, x0, x15        x10=1c00019a x15:1c00019a
13646433ns          220827 1c008d82 0017c70b p.lbu            x14, 1(x15!)        x14=00000020 x15=1c00019b x15:1c00019a  PA:1c00019a
13646752ns          220843 1c008d86 feb71ce3 bne              x14, x11, -8        x14:00000020 x11:00000064
13646811ns          220846 1c008d7e 00070763 beq              x14, x0, 14         x14:00000020
13646831ns          220847 1c008d80 00f00533 add              x10, x0, x15        x10=1c00019b x15:1c00019b
13646851ns          220848 1c008d82 0017c70b p.lbu            x14, 1(x15!)        x14=00000023 x15=1c00019c x15:1c00019b  PA:1c00019b
13647229ns          220867 1c008d86 feb71ce3 bne              x14, x11, -8        x14:00000023 x11:00000064
13647289ns          220870 1c008d7e 00070763 beq              x14, x0, 14         x14:00000023
13647308ns          220871 1c008d80 00f00533 add              x10, x0, x15        x10=1c00019c x15:1c00019c
13647328ns          220872 1c008d82 0017c70b p.lbu            x14, 1(x15!)        x14=00000030 x15=1c00019d x15:1c00019c  PA:1c00019c
13647647ns          220888 1c008d86 feb71ce3 bne              x14, x11, -8        x14:00000030 x11:00000064
13647706ns          220891 1c008d7e 00070763 beq              x14, x0, 14         x14:00000030
13647726ns          220892 1c008d80 00f00533 add              x10, x0, x15        x10=1c00019d x15:1c00019d
13647746ns          220893 1c008d82 0017c70b p.lbu            x14, 1(x15!)        x14=00000000 x15=1c00019e x15:1c00019d  PA:1c00019d
13648064ns          220909 1c008d86 feb71ce3 bne              x14, x11, -8        x14:00000000 x11:00000064
13648124ns          220912 1c008d7e 00070763 beq              x14, x0, 14         x14:00000000
13648184ns          220915 1c008d8c 0015b593 sltiu            x11, x11, 1         x11=00000000 x11:00000064
13648204ns          220916 1c008d90 40b005b3 sub              x11, x0, x11        x11=00000000 x11:00000000
13648223ns          220917 1c008d94 00b57533 and              x10, x10, x11       x10=00000000 x10:1c00019d x11:00000000
13648243ns          220918 1c008d96 00008067 jalr             x0, x1, 0            x1:1c008f50
13648283ns          220920 1c008f50 02050a63 beq              x10, x0, 52         x10:00000000
13648741ns          220943 1c008f84 02a00613 addi             x12, x0, 42         x12=0000002a
13648780ns          220945 1c008f88 2ac48663 beq              x9, x12, 684         x9:00000064 x12:0000002a
13648800ns          220946 1c008f8c fd048613 addi             x12, x9, -48        x12=00000034  x9:00000064
13649238ns          220968 1c008f90 00900593 addi             x11, x0, 9          x11=00000009
13649258ns          220969 1c008f92 00000913 addi             x18, x0, 0          x18=00000000
13649278ns          220970 1c008f94 28c5f063 bgeu             x11, x12, 640       x11:00000009 x12:00000034
13649298ns          220971 1c008f98 02e00693 addi             x13, x0, 46         x13=0000002e
13649317ns          220972 1c008f9c fff00a13 addi             x20, x0, -1         x20=ffffffff
13649755ns          220994 1c008f9e 2ed48363 beq              x9, x13, 742         x9:00000064 x13:0000002e
13649795ns          220996 1c008fa2 1c0007b7 lui              x15, 0x1c000000     x15=1c000000
13649815ns          220997 1c008fa6 009005b3 add              x11, x0, x9         x11=00000064  x9:00000064
13649835ns          220998 1c008fa8 1a078513 addi             x10, x15, 416       x10=1c0001a0 x15:1c000000
13649854ns          220999 1c008fac dbfff0ef jal              x1, -578             x1=1c008fae
13650352ns          221024 1c008d6a 00054783 lbu              x15, 0(x10)         x15=00000068 x10:1c0001a0  PA:1c0001a0
13650650ns          221039 1c008d6e 0ff5f593 andi             x11, x11, 255       x11=00000064 x11:00000064
13650670ns          221040 1c008d72 00b78c63 beq              x15, x11, 24        x15:00000068 x11:00000064
13650690ns          221041 1c008d76 00078b63 beq              x15, x0, 22         x15:00000068
13650710ns          221042 1c008d78 00150793 addi             x15, x10, 1         x15=1c0001a1 x10:1c0001a0
13650730ns          221043 1c008d7c 0040006f jal              x0, 4              
13650809ns          221047 1c008d80 00f00533 add              x10, x0, x15        x10=1c0001a1 x15:1c0001a1
13650829ns          221048 1c008d82 0017c70b p.lbu            x14, 1(x15!)        x14=0000006c x15=1c0001a2 x15:1c0001a1  PA:1c0001a1
13651167ns          221065 1c008d86 feb71ce3 bne              x14, x11, -8        x14:0000006c x11:00000064
13651227ns          221068 1c008d7e 00070763 beq              x14, x0, 14         x14:0000006c
13651247ns          221069 1c008d80 00f00533 add              x10, x0, x15        x10=1c0001a2 x15:1c0001a2
13651267ns          221070 1c008d82 0017c70b p.lbu            x14, 1(x15!)        x14=0000004c x15=1c0001a3 x15:1c0001a2  PA:1c0001a2
13651585ns          221086 1c008d86 feb71ce3 bne              x14, x11, -8        x14:0000004c x11:00000064
13651645ns          221089 1c008d7e 00070763 beq              x14, x0, 14         x14:0000004c
13651665ns          221090 1c008d80 00f00533 add              x10, x0, x15        x10=1c0001a3 x15:1c0001a3
13651684ns          221091 1c008d82 0017c70b p.lbu            x14, 1(x15!)        x14=0000007a x15=1c0001a4 x15:1c0001a3  PA:1c0001a3
13652003ns          221107 1c008d86 feb71ce3 bne              x14, x11, -8        x14:0000007a x11:00000064
13652062ns          221110 1c008d7e 00070763 beq              x14, x0, 14         x14:0000007a
13652082ns          221111 1c008d80 00f00533 add              x10, x0, x15        x10=1c0001a4 x15:1c0001a4
13652102ns          221112 1c008d82 0017c70b p.lbu            x14, 1(x15!)        x14=00000000 x15=1c0001a5 x15:1c0001a4  PA:1c0001a4
13652420ns          221128 1c008d86 feb71ce3 bne              x14, x11, -8        x14:00000000 x11:00000064
13652480ns          221131 1c008d7e 00070763 beq              x14, x0, 14         x14:00000000
13652540ns          221134 1c008d8c 0015b593 sltiu            x11, x11, 1         x11=00000000 x11:00000064
13652560ns          221135 1c008d90 40b005b3 sub              x11, x0, x11        x11=00000000 x11:00000000
13652579ns          221136 1c008d94 00b57533 and              x10, x10, x11       x10=00000000 x10:1c0001a4 x11:00000000
13652599ns          221137 1c008d96 00008067 jalr             x0, x1, 0            x1:1c008fae
13652639ns          221139 1c008fae 01300433 add              x8, x0, x19          x8=1c000037 x19:1c000037
13652659ns          221140 1c008fb0 00050563 beq              x10, x0, 10         x10:00000000
13652739ns          221144 1c008fba 06700693 addi             x13, x0, 103        x13=00000067
13653176ns          221166 1c008fbe 2896d963 bge              x13, x9, 658        x13:00000067  x9:00000064
13653654ns          221190 1c009250 06500693 addi             x13, x0, 101        x13=00000065
13653693ns          221192 1c009254 12d4d563 bge              x9, x13, 298         x9:00000064 x13:00000065
13653713ns          221193 1c009258 04700693 addi             x13, x0, 71         x13=00000047
13653733ns          221194 1c00925c dc96cbe3 blt              x13, x9, -554       x13:00000047  x9:00000064
13654688ns          221242 1c009032 06300693 addi             x13, x0, 99         x13=00000063
13654708ns          221243 1c009036 0ad488e3 beq              x9, x13, 2224        x9:00000064 x13:00000063
13654728ns          221244 1c00903a 0096c9e3 blt              x13, x9, 2066       x13:00000063  x9:00000064
13655682ns          221292 1c00984c 000c2583 lw               x11, 0(x24)         x11=00000001 x24:10001c8c  PA:10001c8c
13656140ns          221315 1c009850 004c0c13 addi             x24, x24, 4         x24=10001c90 x24:10001c8c
13656180ns          221317 1c009852 3405cc63 blt              x11, x0, 856        x11:00000001
13656200ns          221318 1c009856 01412603 lw               x12, 20(x2)         x12=00000000  x2:10001b38  PA:10001b4c
13656220ns          221319 1c009858 00b006b3 add              x13, x0, x11        x13=00000001 x11:00000001
13656239ns          221320 1c00985a 2e061863 bne              x12, x0, 752        x12:00000000
13656259ns          221321 1c00985e 01812703 lw               x14, 24(x2)         x14=00000000  x2:10001b38  PA:10001b50
13656657ns          221341 1c009860 019007b3 add              x15, x0, x25        x15=10001b5c x25:10001b5c
13656677ns          221342 1c009862 00070763 beq              x14, x0, 14         x14:00000000
13657154ns          221366 1c009870 00f00733 add              x14, x0, x15        x14=10001b5c x15:10001b5c
13657174ns          221367 1c009872 00a00513 addi             x10, x0, 10         x10=0000000a
13657194ns          221368 1c009874 02a6f633 remu             x12, x13, x10       x12=00000001 x13:00000001 x10:0000000a
13657811ns          221399 1c009878 02a6d6b3 divu             x13, x13, x10       x13=00000000 x13:00000001 x10:0000000a
13658427ns          221430 1c00987c 03060613 addi             x12, x12, 48        x12=00000031 x12:00000001
13658447ns          221431 1c009880 00c700ab p.sb             x12, 1(x14!)        x14=10001b5d x12:00000031 x14:10001b5c  PA:10001b5c
13658467ns          221432 1c009884 fe0698e3 bne              x13, x0, -16        x13:00000000
13658487ns          221433 1c009886 40f706b3 sub              x13, x14, x15       x13=00000001 x14:10001b5d x15:10001b5c
13658507ns          221434 1c00988a 0146dc63 bge              x13, x20, 24        x13:00000001 x20:ffffffff
13659382ns          221478 1c0098a2 00e006b3 add              x13, x0, x14        x13=10001b5d x14:10001b5d
13659422ns          221480 1c0098a4 fe068fab p.sb             x0, -1(x13!)        x13=10001b5c x13:10001b5d  PA:10001b5d
13659442ns          221481 1c0098a8 00d7fc63 bgeu             x15, x13, 24        x15:10001b5c x13:10001b5c
13660357ns          221527 1c0098c0 01412783 lw               x15, 20(x2)         x15=00000000  x2:10001b38  PA:10001b4c
13660377ns          221528 1c0098c2 01812603 lw               x12, 24(x2)         x12=00000000  x2:10001b38  PA:10001b50
13660397ns          221529 1c0098c4 419704b3 sub              x9, x14, x25         x9=00000001 x14:10001b5d x25:10001b5c
13660416ns          221530 1c0098c8 00c7e7b3 or               x15, x15, x12       x15=00000000 x15:00000000 x12:00000000
13660436ns          221531 1c0098ca 00f12623 sw               x15, 12(x2)         x15:00000000  x2:10001b38  PA:10001b44
13660456ns          221532 1c0098cc 00079363 bne              x15, x0, 6          x15:00000000
13660476ns          221533 1c0098ce 01f5d593 srli             x11, x11, 0x1f      x11=00000000 x11:00000001
13660894ns          221554 1c0098d0 00b12623 sw               x11, 12(x2)         x11:00000000  x2:10001b38  PA:10001b44
13660934ns          221556 1c0098d2 e3fa28e3 p.beqimm         x20, -464           x20:ffffffff
13661451ns          221582 1c009702 0c800793 addi             x15, x0, 200        x15=000000c8
13661471ns          221583 1c009706 9e97d0e3 bge              x15, x9, -1568      x15:000000c8  x9:00000001
13662445ns          221632 1c0090e6 0f24d163 bge              x9, x18, 226         x9:00000001 x18:00000000
13663360ns          221678 1c0091c8 d00482e3 beq              x9, x0, -764         x9:00000001
13663400ns          221680 1c0091cc 01900933 add              x18, x0, x25        x18=10001b5c x25:10001b5c
13663838ns          221702 1c0091ce 419d8db3 sub              x27, x27, x25       x27=efffe4ad x27:00000009 x25:10001b5c
13663858ns          221703 1c0091d2 00a0006f jal              x0, 10             
13663897ns          221705 1c0091dc 0019450b p.lbu            x10, 1(x18!)        x10=00000031 x18=10001b5d x18:10001b5c  PA:10001b5c
13664335ns          221727 1c0091e0 01a005b3 add              x11, x0, x26        x11=00000002 x26:00000002
13664355ns          221728 1c0091e2 000b00e7 jalr             x1, x22, 0           x1=1c0091e4 x22:1c008dea
13664434ns          221732 1c008dea 000026b7 lui              x13, 0x2000         x13=00002000
13664474ns          221734 1c008dec f14027f3 csrrs            x15, x0, 0xf14      x15=00000003
13664494ns          221735 1c008df0 f8068693 addi             x13, x13, -128      x13=00001f80 x13:00002000
13664514ns          221736 1c008df4 00379713 slli             x14, x15, 0x3       x14=00000018 x15:00000003
13664534ns          221737 1c008df8 00279793 slli             x15, x15, 0x2       x15=0000000c x15:00000003
13664554ns          221738 1c008dfa 00d7f7b3 and              x15, x15, x13       x15=00000000 x15:0000000c x13:00001f80
13664574ns          221739 1c008dfc ee873733 p.bclr           x14, x14, 23, 8     x14=00000018 x14:00000018
13664613ns          221741 1c008e00 1a10f6b7 lui              x13, 0x1a10f000     x13=1a10f000
13664653ns          221743 1c008e04 0ff57513 andi             x10, x10, 255       x10=00000031 x10:00000031
13664673ns          221744 1c008e08 00d70733 add              x14, x14, x13       x14=1a10f018 x14:00000018 x13:1a10f000
13664693ns          221745 1c008e0a 00a7e723 p.sw             x10, x0(x15)        x10:00000031 x15:00000000  PA:1a10f018
13665170ns          221769 1c008e0e 00000513 addi             x10, x0, 0          x10=00000000
13665190ns          221770 1c008e10 00008067 jalr             x0, x1, 0            x1:1c0091e4
13665270ns          221774 1c0091e4 fff48493 addi             x9, x9, -1           x9=00000000  x9:00000001
13665310ns          221776 1c0091e6 fff537e3 p.bneimm         x10, -18            x10:00000000
13665668ns          221794 1c0091d4 012d8733 add              x14, x27, x18       x14=0000000a x27:efffe4ad x18:10001b5d
13665688ns          221795 1c0091d8 5a048b63 beq              x9, x0, 1462         x9:00000000
13666185ns          221820 1c00978e 00e00db3 add              x27, x0, x14        x27=0000000a x14:0000000a
13666642ns          221843 1c009790 f3cff06f jal              x0, -2244          
13666722ns          221847 1c008ecc 00044503 lbu              x10, 0(x8)          x10=00000020  x8:1c000037  PA:1c000037
13667040ns          221863 1c008ed0 00140413 addi             x8, x8, 1            x8=1c000038  x8:1c000037
13667060ns          221864 1c008ed2 00050e63 beq              x10, x0, 28         x10:00000020
13667080ns          221865 1c008ed4 02500793 addi             x15, x0, 37         x15=00000025
13667100ns          221866 1c008ed8 04f50863 beq              x10, x15, 80        x10:00000020 x15:00000025
13667120ns          221867 1c008edc 01a005b3 add              x11, x0, x26        x11=00000002 x26:00000002
13667140ns          221868 1c008ede 000b00e7 jalr             x1, x22, 0           x1=1c008ee0 x22:1c008dea
13667199ns          221871 1c008dea 000026b7 lui              x13, 0x2000         x13=00002000
13667219ns          221872 1c008dec f14027f3 csrrs            x15, x0, 0xf14      x15=00000003
13667279ns          221875 1c008df0 f8068693 addi             x13, x13, -128      x13=00001f80 x13:00002000
13667319ns          221877 1c008df4 00379713 slli             x14, x15, 0x3       x14=00000018 x15:00000003
13667338ns          221878 1c008df8 00279793 slli             x15, x15, 0x2       x15=0000000c x15:00000003
13667358ns          221879 1c008dfa 00d7f7b3 and              x15, x15, x13       x15=00000000 x15:0000000c x13:00001f80
13667378ns          221880 1c008dfc ee873733 p.bclr           x14, x14, 23, 8     x14=00000018 x14:00000018
13667418ns          221882 1c008e00 1a10f6b7 lui              x13, 0x1a10f000     x13=1a10f000
13667458ns          221884 1c008e04 0ff57513 andi             x10, x10, 255       x10=00000020 x10:00000020
13667478ns          221885 1c008e08 00d70733 add              x14, x14, x13       x14=1a10f018 x14:00000018 x13:1a10f000
13667498ns          221886 1c008e0a 00a7e723 p.sw             x10, x0(x15)        x10:00000020 x15:00000000  PA:1a10f018
13667955ns          221909 1c008e0e 00000513 addi             x10, x0, 0          x10=00000000
13667975ns          221910 1c008e10 00008067 jalr             x0, x1, 0            x1:1c008ee0
13668015ns          221912 1c008ee0 31f52563 p.beqimm         x10, 778            x10:00000000
13668035ns          221913 1c008ee4 001d8d93 addi             x27, x27, 1         x27=0000000b x27:0000000a
13668055ns          221914 1c008ee6 00044503 lbu              x10, 0(x8)          x10=0000006b  x8:1c000038  PA:1c000038
13668353ns          221929 1c008eea 00140413 addi             x8, x8, 1            x8=1c000039  x8:1c000038
13668373ns          221930 1c008eec fe0514e3 bne              x10, x0, -24        x10:0000006b
13668432ns          221933 1c008ed4 02500793 addi             x15, x0, 37         x15=00000025
13668452ns          221934 1c008ed8 04f50863 beq              x10, x15, 80        x10:0000006b x15:00000025
13668472ns          221935 1c008edc 01a005b3 add              x11, x0, x26        x11=00000002 x26:00000002
13668492ns          221936 1c008ede 000b00e7 jalr             x1, x22, 0           x1=1c008ee0 x22:1c008dea
13668532ns          221938 1c008dea 000026b7 lui              x13, 0x2000         x13=00002000
13668552ns          221939 1c008dec f14027f3 csrrs            x15, x0, 0xf14      x15=00000003
13668572ns          221940 1c008df0 f8068693 addi             x13, x13, -128      x13=00001f80 x13:00002000
13668592ns          221941 1c008df4 00379713 slli             x14, x15, 0x3       x14=00000018 x15:00000003
13668611ns          221942 1c008df8 00279793 slli             x15, x15, 0x2       x15=0000000c x15:00000003
13668631ns          221943 1c008dfa 00d7f7b3 and              x15, x15, x13       x15=00000000 x15:0000000c x13:00001f80
13668651ns          221944 1c008dfc ee873733 p.bclr           x14, x14, 23, 8     x14=00000018 x14:00000018
13668671ns          221945 1c008e00 1a10f6b7 lui              x13, 0x1a10f000     x13=1a10f000
13668691ns          221946 1c008e04 0ff57513 andi             x10, x10, 255       x10=0000006b x10:0000006b
13668711ns          221947 1c008e08 00d70733 add              x14, x14, x13       x14=1a10f018 x14:00000018 x13:1a10f000
13668731ns          221948 1c008e0a 00a7e723 p.sw             x10, x0(x15)        x10:0000006b x15:00000000  PA:1a10f018
13669049ns          221964 1c008e0e 00000513 addi             x10, x0, 0          x10=00000000
13669069ns          221965 1c008e10 00008067 jalr             x0, x1, 0            x1:1c008ee0
13669109ns          221967 1c008ee0 31f52563 p.beqimm         x10, 778            x10:00000000
13669129ns          221968 1c008ee4 001d8d93 addi             x27, x27, 1         x27=0000000c x27:0000000b
13669148ns          221969 1c008ee6 00044503 lbu              x10, 0(x8)          x10=00000065  x8:1c000039  PA:1c000039
13669447ns          221984 1c008eea 00140413 addi             x8, x8, 1            x8=1c00003a  x8:1c000039
13669467ns          221985 1c008eec fe0514e3 bne              x10, x0, -24        x10:00000065
13669526ns          221988 1c008ed4 02500793 addi             x15, x0, 37         x15=00000025
13669546ns          221989 1c008ed8 04f50863 beq              x10, x15, 80        x10:00000065 x15:00000025
13669566ns          221990 1c008edc 01a005b3 add              x11, x0, x26        x11=00000002 x26:00000002
13669586ns          221991 1c008ede 000b00e7 jalr             x1, x22, 0           x1=1c008ee0 x22:1c008dea
13669626ns          221993 1c008dea 000026b7 lui              x13, 0x2000         x13=00002000
13669646ns          221994 1c008dec f14027f3 csrrs            x15, x0, 0xf14      x15=00000003
13669666ns          221995 1c008df0 f8068693 addi             x13, x13, -128      x13=00001f80 x13:00002000
13669686ns          221996 1c008df4 00379713 slli             x14, x15, 0x3       x14=00000018 x15:00000003
13669705ns          221997 1c008df8 00279793 slli             x15, x15, 0x2       x15=0000000c x15:00000003
13669725ns          221998 1c008dfa 00d7f7b3 and              x15, x15, x13       x15=00000000 x15:0000000c x13:00001f80
13669745ns          221999 1c008dfc ee873733 p.bclr           x14, x14, 23, 8     x14=00000018 x14:00000018
13669765ns          222000 1c008e00 1a10f6b7 lui              x13, 0x1a10f000     x13=1a10f000
13669785ns          222001 1c008e04 0ff57513 andi             x10, x10, 255       x10=00000065 x10:00000065
13669805ns          222002 1c008e08 00d70733 add              x14, x14, x13       x14=1a10f018 x14:00000018 x13:1a10f000
13669825ns          222003 1c008e0a 00a7e723 p.sw             x10, x0(x15)        x10:00000065 x15:00000000  PA:1a10f018
13670163ns          222020 1c008e0e 00000513 addi             x10, x0, 0          x10=00000000
13670183ns          222021 1c008e10 00008067 jalr             x0, x1, 0            x1:1c008ee0
13670223ns          222023 1c008ee0 31f52563 p.beqimm         x10, 778            x10:00000000
13670242ns          222024 1c008ee4 001d8d93 addi             x27, x27, 1         x27=0000000d x27:0000000c
13670262ns          222025 1c008ee6 00044503 lbu              x10, 0(x8)          x10=00000072  x8:1c00003a  PA:1c00003a
13670561ns          222040 1c008eea 00140413 addi             x8, x8, 1            x8=1c00003b  x8:1c00003a
13670581ns          222041 1c008eec fe0514e3 bne              x10, x0, -24        x10:00000072
13670640ns          222044 1c008ed4 02500793 addi             x15, x0, 37         x15=00000025
13670660ns          222045 1c008ed8 04f50863 beq              x10, x15, 80        x10:00000072 x15:00000025
13670680ns          222046 1c008edc 01a005b3 add              x11, x0, x26        x11=00000002 x26:00000002
13670700ns          222047 1c008ede 000b00e7 jalr             x1, x22, 0           x1=1c008ee0 x22:1c008dea
13670740ns          222049 1c008dea 000026b7 lui              x13, 0x2000         x13=00002000
13670760ns          222050 1c008dec f14027f3 csrrs            x15, x0, 0xf14      x15=00000003
13670780ns          222051 1c008df0 f8068693 addi             x13, x13, -128      x13=00001f80 x13:00002000
13670799ns          222052 1c008df4 00379713 slli             x14, x15, 0x3       x14=00000018 x15:00000003
13670819ns          222053 1c008df8 00279793 slli             x15, x15, 0x2       x15=0000000c x15:00000003
13670839ns          222054 1c008dfa 00d7f7b3 and              x15, x15, x13       x15=00000000 x15:0000000c x13:00001f80
13670859ns          222055 1c008dfc ee873733 p.bclr           x14, x14, 23, 8     x14=00000018 x14:00000018
13670879ns          222056 1c008e00 1a10f6b7 lui              x13, 0x1a10f000     x13=1a10f000
13670899ns          222057 1c008e04 0ff57513 andi             x10, x10, 255       x10=00000072 x10:00000072
13670919ns          222058 1c008e08 00d70733 add              x14, x14, x13       x14=1a10f018 x14:00000018 x13:1a10f000
13670939ns          222059 1c008e0a 00a7e723 p.sw             x10, x0(x15)        x10:00000072 x15:00000000  PA:1a10f018
13671257ns          222075 1c008e0e 00000513 addi             x10, x0, 0          x10=00000000
13671277ns          222076 1c008e10 00008067 jalr             x0, x1, 0            x1:1c008ee0
13671317ns          222078 1c008ee0 31f52563 p.beqimm         x10, 778            x10:00000000
13671336ns          222079 1c008ee4 001d8d93 addi             x27, x27, 1         x27=0000000e x27:0000000d
13671356ns          222080 1c008ee6 00044503 lbu              x10, 0(x8)          x10=0000006e  x8:1c00003b  PA:1c00003b
13671655ns          222095 1c008eea 00140413 addi             x8, x8, 1            x8=1c00003c  x8:1c00003b
13671675ns          222096 1c008eec fe0514e3 bne              x10, x0, -24        x10:0000006e
13671734ns          222099 1c008ed4 02500793 addi             x15, x0, 37         x15=00000025
13671754ns          222100 1c008ed8 04f50863 beq              x10, x15, 80        x10:0000006e x15:00000025
13671774ns          222101 1c008edc 01a005b3 add              x11, x0, x26        x11=00000002 x26:00000002
13671794ns          222102 1c008ede 000b00e7 jalr             x1, x22, 0           x1=1c008ee0 x22:1c008dea
13671834ns          222104 1c008dea 000026b7 lui              x13, 0x2000         x13=00002000
13671854ns          222105 1c008dec f14027f3 csrrs            x15, x0, 0xf14      x15=00000003
13671874ns          222106 1c008df0 f8068693 addi             x13, x13, -128      x13=00001f80 x13:00002000
13671893ns          222107 1c008df4 00379713 slli             x14, x15, 0x3       x14=00000018 x15:00000003
13671913ns          222108 1c008df8 00279793 slli             x15, x15, 0x2       x15=0000000c x15:00000003
13671933ns          222109 1c008dfa 00d7f7b3 and              x15, x15, x13       x15=00000000 x15:0000000c x13:00001f80
13671953ns          222110 1c008dfc ee873733 p.bclr           x14, x14, 23, 8     x14=00000018 x14:00000018
13671973ns          222111 1c008e00 1a10f6b7 lui              x13, 0x1a10f000     x13=1a10f000
13671993ns          222112 1c008e04 0ff57513 andi             x10, x10, 255       x10=0000006e x10:0000006e
13672013ns          222113 1c008e08 00d70733 add              x14, x14, x13       x14=1a10f018 x14:00000018 x13:1a10f000
13672033ns          222114 1c008e0a 00a7e723 p.sw             x10, x0(x15)        x10:0000006e x15:00000000  PA:1a10f018
13672351ns          222130 1c008e0e 00000513 addi             x10, x0, 0          x10=00000000
13672371ns          222131 1c008e10 00008067 jalr             x0, x1, 0            x1:1c008ee0
13672411ns          222133 1c008ee0 31f52563 p.beqimm         x10, 778            x10:00000000
13672430ns          222134 1c008ee4 001d8d93 addi             x27, x27, 1         x27=0000000f x27:0000000e
13672450ns          222135 1c008ee6 00044503 lbu              x10, 0(x8)          x10=00000065  x8:1c00003c  PA:1c00003c
13672769ns          222151 1c008eea 00140413 addi             x8, x8, 1            x8=1c00003d  x8:1c00003c
13672789ns          222152 1c008eec fe0514e3 bne              x10, x0, -24        x10:00000065
13672848ns          222155 1c008ed4 02500793 addi             x15, x0, 37         x15=00000025
13672868ns          222156 1c008ed8 04f50863 beq              x10, x15, 80        x10:00000065 x15:00000025
13672888ns          222157 1c008edc 01a005b3 add              x11, x0, x26        x11=00000002 x26:00000002
13672908ns          222158 1c008ede 000b00e7 jalr             x1, x22, 0           x1=1c008ee0 x22:1c008dea
13672948ns          222160 1c008dea 000026b7 lui              x13, 0x2000         x13=00002000
13672968ns          222161 1c008dec f14027f3 csrrs            x15, x0, 0xf14      x15=00000003
13672987ns          222162 1c008df0 f8068693 addi             x13, x13, -128      x13=00001f80 x13:00002000
13673007ns          222163 1c008df4 00379713 slli             x14, x15, 0x3       x14=00000018 x15:00000003
13673027ns          222164 1c008df8 00279793 slli             x15, x15, 0x2       x15=0000000c x15:00000003
13673047ns          222165 1c008dfa 00d7f7b3 and              x15, x15, x13       x15=00000000 x15:0000000c x13:00001f80
13673067ns          222166 1c008dfc ee873733 p.bclr           x14, x14, 23, 8     x14=00000018 x14:00000018
13673087ns          222167 1c008e00 1a10f6b7 lui              x13, 0x1a10f000     x13=1a10f000
13673107ns          222168 1c008e04 0ff57513 andi             x10, x10, 255       x10=00000065 x10:00000065
13673127ns          222169 1c008e08 00d70733 add              x14, x14, x13       x14=1a10f018 x14:00000018 x13:1a10f000
13673147ns          222170 1c008e0a 00a7e723 p.sw             x10, x0(x15)        x10:00000065 x15:00000000  PA:1a10f018
13673465ns          222186 1c008e0e 00000513 addi             x10, x0, 0          x10=00000000
13673485ns          222187 1c008e10 00008067 jalr             x0, x1, 0            x1:1c008ee0
13673524ns          222189 1c008ee0 31f52563 p.beqimm         x10, 778            x10:00000000
13673544ns          222190 1c008ee4 001d8d93 addi             x27, x27, 1         x27=00000010 x27:0000000f
13673564ns          222191 1c008ee6 00044503 lbu              x10, 0(x8)          x10=0000006c  x8:1c00003d  PA:1c00003d
13673863ns          222206 1c008eea 00140413 addi             x8, x8, 1            x8=1c00003e  x8:1c00003d
13673882ns          222207 1c008eec fe0514e3 bne              x10, x0, -24        x10:0000006c
13673942ns          222210 1c008ed4 02500793 addi             x15, x0, 37         x15=00000025
13673962ns          222211 1c008ed8 04f50863 beq              x10, x15, 80        x10:0000006c x15:00000025
13673982ns          222212 1c008edc 01a005b3 add              x11, x0, x26        x11=00000002 x26:00000002
13674002ns          222213 1c008ede 000b00e7 jalr             x1, x22, 0           x1=1c008ee0 x22:1c008dea
13674042ns          222215 1c008dea 000026b7 lui              x13, 0x2000         x13=00002000
13674062ns          222216 1c008dec f14027f3 csrrs            x15, x0, 0xf14      x15=00000003
13674081ns          222217 1c008df0 f8068693 addi             x13, x13, -128      x13=00001f80 x13:00002000
13674101ns          222218 1c008df4 00379713 slli             x14, x15, 0x3       x14=00000018 x15:00000003
13674121ns          222219 1c008df8 00279793 slli             x15, x15, 0x2       x15=0000000c x15:00000003
13674141ns          222220 1c008dfa 00d7f7b3 and              x15, x15, x13       x15=00000000 x15:0000000c x13:00001f80
13674161ns          222221 1c008dfc ee873733 p.bclr           x14, x14, 23, 8     x14=00000018 x14:00000018
13674181ns          222222 1c008e00 1a10f6b7 lui              x13, 0x1a10f000     x13=1a10f000
13674201ns          222223 1c008e04 0ff57513 andi             x10, x10, 255       x10=0000006c x10:0000006c
13674221ns          222224 1c008e08 00d70733 add              x14, x14, x13       x14=1a10f018 x14:00000018 x13:1a10f000
13674241ns          222225 1c008e0a 00a7e723 p.sw             x10, x0(x15)        x10:0000006c x15:00000000  PA:1a10f018
13674559ns          222241 1c008e0e 00000513 addi             x10, x0, 0          x10=00000000
13674579ns          222242 1c008e10 00008067 jalr             x0, x1, 0            x1:1c008ee0
13674618ns          222244 1c008ee0 31f52563 p.beqimm         x10, 778            x10:00000000
13674638ns          222245 1c008ee4 001d8d93 addi             x27, x27, 1         x27=00000011 x27:00000010
13674658ns          222246 1c008ee6 00044503 lbu              x10, 0(x8)          x10=00000020  x8:1c00003e  PA:1c00003e
13674957ns          222261 1c008eea 00140413 addi             x8, x8, 1            x8=1c00003f  x8:1c00003e
13674976ns          222262 1c008eec fe0514e3 bne              x10, x0, -24        x10:00000020
13675036ns          222265 1c008ed4 02500793 addi             x15, x0, 37         x15=00000025
13675056ns          222266 1c008ed8 04f50863 beq              x10, x15, 80        x10:00000020 x15:00000025
13675076ns          222267 1c008edc 01a005b3 add              x11, x0, x26        x11=00000002 x26:00000002
13675096ns          222268 1c008ede 000b00e7 jalr             x1, x22, 0           x1=1c008ee0 x22:1c008dea
13675136ns          222270 1c008dea 000026b7 lui              x13, 0x2000         x13=00002000
13675156ns          222271 1c008dec f14027f3 csrrs            x15, x0, 0xf14      x15=00000003
13675175ns          222272 1c008df0 f8068693 addi             x13, x13, -128      x13=00001f80 x13:00002000
13675195ns          222273 1c008df4 00379713 slli             x14, x15, 0x3       x14=00000018 x15:00000003
13675215ns          222274 1c008df8 00279793 slli             x15, x15, 0x2       x15=0000000c x15:00000003
13675235ns          222275 1c008dfa 00d7f7b3 and              x15, x15, x13       x15=00000000 x15:0000000c x13:00001f80
13675255ns          222276 1c008dfc ee873733 p.bclr           x14, x14, 23, 8     x14=00000018 x14:00000018
13675275ns          222277 1c008e00 1a10f6b7 lui              x13, 0x1a10f000     x13=1a10f000
13675295ns          222278 1c008e04 0ff57513 andi             x10, x10, 255       x10=00000020 x10:00000020
13675315ns          222279 1c008e08 00d70733 add              x14, x14, x13       x14=1a10f018 x14:00000018 x13:1a10f000
13675335ns          222280 1c008e0a 00a7e723 p.sw             x10, x0(x15)        x10:00000020 x15:00000000  PA:1a10f018
13675653ns          222296 1c008e0e 00000513 addi             x10, x0, 0          x10=00000000
13675673ns          222297 1c008e10 00008067 jalr             x0, x1, 0            x1:1c008ee0
13675712ns          222299 1c008ee0 31f52563 p.beqimm         x10, 778            x10:00000000
13675732ns          222300 1c008ee4 001d8d93 addi             x27, x27, 1         x27=00000012 x27:00000011
13675752ns          222301 1c008ee6 00044503 lbu              x10, 0(x8)          x10=00000069  x8:1c00003f  PA:1c00003f
13676051ns          222316 1c008eea 00140413 addi             x8, x8, 1            x8=1c000040  x8:1c00003f
13676070ns          222317 1c008eec fe0514e3 bne              x10, x0, -24        x10:00000069
13676130ns          222320 1c008ed4 02500793 addi             x15, x0, 37         x15=00000025
13676150ns          222321 1c008ed8 04f50863 beq              x10, x15, 80        x10:00000069 x15:00000025
13676170ns          222322 1c008edc 01a005b3 add              x11, x0, x26        x11=00000002 x26:00000002
13676190ns          222323 1c008ede 000b00e7 jalr             x1, x22, 0           x1=1c008ee0 x22:1c008dea
13676230ns          222325 1c008dea 000026b7 lui              x13, 0x2000         x13=00002000
13676249ns          222326 1c008dec f14027f3 csrrs            x15, x0, 0xf14      x15=00000003
13676269ns          222327 1c008df0 f8068693 addi             x13, x13, -128      x13=00001f80 x13:00002000
13676289ns          222328 1c008df4 00379713 slli             x14, x15, 0x3       x14=00000018 x15:00000003
13676309ns          222329 1c008df8 00279793 slli             x15, x15, 0x2       x15=0000000c x15:00000003
13676329ns          222330 1c008dfa 00d7f7b3 and              x15, x15, x13       x15=00000000 x15:0000000c x13:00001f80
13676349ns          222331 1c008dfc ee873733 p.bclr           x14, x14, 23, 8     x14=00000018 x14:00000018
13676369ns          222332 1c008e00 1a10f6b7 lui              x13, 0x1a10f000     x13=1a10f000
13676389ns          222333 1c008e04 0ff57513 andi             x10, x10, 255       x10=00000069 x10:00000069
13676409ns          222334 1c008e08 00d70733 add              x14, x14, x13       x14=1a10f018 x14:00000018 x13:1a10f000
13676429ns          222335 1c008e0a 00a7e723 p.sw             x10, x0(x15)        x10:00000069 x15:00000000  PA:1a10f018
13676767ns          222352 1c008e0e 00000513 addi             x10, x0, 0          x10=00000000
13676787ns          222353 1c008e10 00008067 jalr             x0, x1, 0            x1:1c008ee0
13676826ns          222355 1c008ee0 31f52563 p.beqimm         x10, 778            x10:00000000
13676846ns          222356 1c008ee4 001d8d93 addi             x27, x27, 1         x27=00000013 x27:00000012
13676866ns          222357 1c008ee6 00044503 lbu              x10, 0(x8)          x10=00000074  x8:1c000040  PA:1c000040
13677164ns          222372 1c008eea 00140413 addi             x8, x8, 1            x8=1c000041  x8:1c000040
13677184ns          222373 1c008eec fe0514e3 bne              x10, x0, -24        x10:00000074
13677244ns          222376 1c008ed4 02500793 addi             x15, x0, 37         x15=00000025
13677264ns          222377 1c008ed8 04f50863 beq              x10, x15, 80        x10:00000074 x15:00000025
13677284ns          222378 1c008edc 01a005b3 add              x11, x0, x26        x11=00000002 x26:00000002
13677304ns          222379 1c008ede 000b00e7 jalr             x1, x22, 0           x1=1c008ee0 x22:1c008dea
13677343ns          222381 1c008dea 000026b7 lui              x13, 0x2000         x13=00002000
13677363ns          222382 1c008dec f14027f3 csrrs            x15, x0, 0xf14      x15=00000003
13677383ns          222383 1c008df0 f8068693 addi             x13, x13, -128      x13=00001f80 x13:00002000
13677403ns          222384 1c008df4 00379713 slli             x14, x15, 0x3       x14=00000018 x15:00000003
13677423ns          222385 1c008df8 00279793 slli             x15, x15, 0x2       x15=0000000c x15:00000003
13677443ns          222386 1c008dfa 00d7f7b3 and              x15, x15, x13       x15=00000000 x15:0000000c x13:00001f80
13677463ns          222387 1c008dfc ee873733 p.bclr           x14, x14, 23, 8     x14=00000018 x14:00000018
13677483ns          222388 1c008e00 1a10f6b7 lui              x13, 0x1a10f000     x13=1a10f000
13677503ns          222389 1c008e04 0ff57513 andi             x10, x10, 255       x10=00000074 x10:00000074
13677523ns          222390 1c008e08 00d70733 add              x14, x14, x13       x14=1a10f018 x14:00000018 x13:1a10f000
13677542ns          222391 1c008e0a 00a7e723 p.sw             x10, x0(x15)        x10:00000074 x15:00000000  PA:1a10f018
13677861ns          222407 1c008e0e 00000513 addi             x10, x0, 0          x10=00000000
13677881ns          222408 1c008e10 00008067 jalr             x0, x1, 0            x1:1c008ee0
13677920ns          222410 1c008ee0 31f52563 p.beqimm         x10, 778            x10:00000000
13677940ns          222411 1c008ee4 001d8d93 addi             x27, x27, 1         x27=00000014 x27:00000013
13677960ns          222412 1c008ee6 00044503 lbu              x10, 0(x8)          x10=00000065  x8:1c000041  PA:1c000041
13678258ns          222427 1c008eea 00140413 addi             x8, x8, 1            x8=1c000042  x8:1c000041
13678278ns          222428 1c008eec fe0514e3 bne              x10, x0, -24        x10:00000065
13678338ns          222431 1c008ed4 02500793 addi             x15, x0, 37         x15=00000025
13678358ns          222432 1c008ed8 04f50863 beq              x10, x15, 80        x10:00000065 x15:00000025
13678378ns          222433 1c008edc 01a005b3 add              x11, x0, x26        x11=00000002 x26:00000002
13678398ns          222434 1c008ede 000b00e7 jalr             x1, x22, 0           x1=1c008ee0 x22:1c008dea
13678437ns          222436 1c008dea 000026b7 lui              x13, 0x2000         x13=00002000
13678457ns          222437 1c008dec f14027f3 csrrs            x15, x0, 0xf14      x15=00000003
13678477ns          222438 1c008df0 f8068693 addi             x13, x13, -128      x13=00001f80 x13:00002000
13678497ns          222439 1c008df4 00379713 slli             x14, x15, 0x3       x14=00000018 x15:00000003
13678517ns          222440 1c008df8 00279793 slli             x15, x15, 0x2       x15=0000000c x15:00000003
13678537ns          222441 1c008dfa 00d7f7b3 and              x15, x15, x13       x15=00000000 x15:0000000c x13:00001f80
13678557ns          222442 1c008dfc ee873733 p.bclr           x14, x14, 23, 8     x14=00000018 x14:00000018
13678577ns          222443 1c008e00 1a10f6b7 lui              x13, 0x1a10f000     x13=1a10f000
13678597ns          222444 1c008e04 0ff57513 andi             x10, x10, 255       x10=00000065 x10:00000065
13678616ns          222445 1c008e08 00d70733 add              x14, x14, x13       x14=1a10f018 x14:00000018 x13:1a10f000
13678636ns          222446 1c008e0a 00a7e723 p.sw             x10, x0(x15)        x10:00000065 x15:00000000  PA:1a10f018
13678955ns          222462 1c008e0e 00000513 addi             x10, x0, 0          x10=00000000
13678975ns          222463 1c008e10 00008067 jalr             x0, x1, 0            x1:1c008ee0
13679014ns          222465 1c008ee0 31f52563 p.beqimm         x10, 778            x10:00000000
13679034ns          222466 1c008ee4 001d8d93 addi             x27, x27, 1         x27=00000015 x27:00000014
13679054ns          222467 1c008ee6 00044503 lbu              x10, 0(x8)          x10=00000072  x8:1c000042  PA:1c000042
13679372ns          222483 1c008eea 00140413 addi             x8, x8, 1            x8=1c000043  x8:1c000042
13679392ns          222484 1c008eec fe0514e3 bne              x10, x0, -24        x10:00000072
13679452ns          222487 1c008ed4 02500793 addi             x15, x0, 37         x15=00000025
13679472ns          222488 1c008ed8 04f50863 beq              x10, x15, 80        x10:00000072 x15:00000025
13679492ns          222489 1c008edc 01a005b3 add              x11, x0, x26        x11=00000002 x26:00000002
13679512ns          222490 1c008ede 000b00e7 jalr             x1, x22, 0           x1=1c008ee0 x22:1c008dea
13679551ns          222492 1c008dea 000026b7 lui              x13, 0x2000         x13=00002000
13679571ns          222493 1c008dec f14027f3 csrrs            x15, x0, 0xf14      x15=00000003
13679591ns          222494 1c008df0 f8068693 addi             x13, x13, -128      x13=00001f80 x13:00002000
13679611ns          222495 1c008df4 00379713 slli             x14, x15, 0x3       x14=00000018 x15:00000003
13679631ns          222496 1c008df8 00279793 slli             x15, x15, 0x2       x15=0000000c x15:00000003
13679651ns          222497 1c008dfa 00d7f7b3 and              x15, x15, x13       x15=00000000 x15:0000000c x13:00001f80
13679671ns          222498 1c008dfc ee873733 p.bclr           x14, x14, 23, 8     x14=00000018 x14:00000018
13679691ns          222499 1c008e00 1a10f6b7 lui              x13, 0x1a10f000     x13=1a10f000
13679710ns          222500 1c008e04 0ff57513 andi             x10, x10, 255       x10=00000072 x10:00000072
13679730ns          222501 1c008e08 00d70733 add              x14, x14, x13       x14=1a10f018 x14:00000018 x13:1a10f000
13679750ns          222502 1c008e0a 00a7e723 p.sw             x10, x0(x15)        x10:00000072 x15:00000000  PA:1a10f018
13680069ns          222518 1c008e0e 00000513 addi             x10, x0, 0          x10=00000000
13680088ns          222519 1c008e10 00008067 jalr             x0, x1, 0            x1:1c008ee0
13680128ns          222521 1c008ee0 31f52563 p.beqimm         x10, 778            x10:00000000
13680148ns          222522 1c008ee4 001d8d93 addi             x27, x27, 1         x27=00000016 x27:00000015
13680168ns          222523 1c008ee6 00044503 lbu              x10, 0(x8)          x10=00000061  x8:1c000043  PA:1c000043
13680466ns          222538 1c008eea 00140413 addi             x8, x8, 1            x8=1c000044  x8:1c000043
13680486ns          222539 1c008eec fe0514e3 bne              x10, x0, -24        x10:00000061
13680546ns          222542 1c008ed4 02500793 addi             x15, x0, 37         x15=00000025
13680566ns          222543 1c008ed8 04f50863 beq              x10, x15, 80        x10:00000061 x15:00000025
13680586ns          222544 1c008edc 01a005b3 add              x11, x0, x26        x11=00000002 x26:00000002
13680606ns          222545 1c008ede 000b00e7 jalr             x1, x22, 0           x1=1c008ee0 x22:1c008dea
13680645ns          222547 1c008dea 000026b7 lui              x13, 0x2000         x13=00002000
13680665ns          222548 1c008dec f14027f3 csrrs            x15, x0, 0xf14      x15=00000003
13680685ns          222549 1c008df0 f8068693 addi             x13, x13, -128      x13=00001f80 x13:00002000
13680705ns          222550 1c008df4 00379713 slli             x14, x15, 0x3       x14=00000018 x15:00000003
13680725ns          222551 1c008df8 00279793 slli             x15, x15, 0x2       x15=0000000c x15:00000003
13680745ns          222552 1c008dfa 00d7f7b3 and              x15, x15, x13       x15=00000000 x15:0000000c x13:00001f80
13680765ns          222553 1c008dfc ee873733 p.bclr           x14, x14, 23, 8     x14=00000018 x14:00000018
13680785ns          222554 1c008e00 1a10f6b7 lui              x13, 0x1a10f000     x13=1a10f000
13680804ns          222555 1c008e04 0ff57513 andi             x10, x10, 255       x10=00000061 x10:00000061
13680824ns          222556 1c008e08 00d70733 add              x14, x14, x13       x14=1a10f018 x14:00000018 x13:1a10f000
13680844ns          222557 1c008e0a 00a7e723 p.sw             x10, x0(x15)        x10:00000061 x15:00000000  PA:1a10f018
13681163ns          222573 1c008e0e 00000513 addi             x10, x0, 0          x10=00000000
13681182ns          222574 1c008e10 00008067 jalr             x0, x1, 0            x1:1c008ee0
13681222ns          222576 1c008ee0 31f52563 p.beqimm         x10, 778            x10:00000000
13681242ns          222577 1c008ee4 001d8d93 addi             x27, x27, 1         x27=00000017 x27:00000016
13681262ns          222578 1c008ee6 00044503 lbu              x10, 0(x8)          x10=00000074  x8:1c000044  PA:1c000044
13681560ns          222593 1c008eea 00140413 addi             x8, x8, 1            x8=1c000045  x8:1c000044
13681580ns          222594 1c008eec fe0514e3 bne              x10, x0, -24        x10:00000074
13681640ns          222597 1c008ed4 02500793 addi             x15, x0, 37         x15=00000025
13681660ns          222598 1c008ed8 04f50863 beq              x10, x15, 80        x10:00000074 x15:00000025
13681680ns          222599 1c008edc 01a005b3 add              x11, x0, x26        x11=00000002 x26:00000002
13681700ns          222600 1c008ede 000b00e7 jalr             x1, x22, 0           x1=1c008ee0 x22:1c008dea
13681739ns          222602 1c008dea 000026b7 lui              x13, 0x2000         x13=00002000
13681759ns          222603 1c008dec f14027f3 csrrs            x15, x0, 0xf14      x15=00000003
13681779ns          222604 1c008df0 f8068693 addi             x13, x13, -128      x13=00001f80 x13:00002000
13681799ns          222605 1c008df4 00379713 slli             x14, x15, 0x3       x14=00000018 x15:00000003
13681819ns          222606 1c008df8 00279793 slli             x15, x15, 0x2       x15=0000000c x15:00000003
13681839ns          222607 1c008dfa 00d7f7b3 and              x15, x15, x13       x15=00000000 x15:0000000c x13:00001f80
13681859ns          222608 1c008dfc ee873733 p.bclr           x14, x14, 23, 8     x14=00000018 x14:00000018
13681879ns          222609 1c008e00 1a10f6b7 lui              x13, 0x1a10f000     x13=1a10f000
13681898ns          222610 1c008e04 0ff57513 andi             x10, x10, 255       x10=00000074 x10:00000074
13681918ns          222611 1c008e08 00d70733 add              x14, x14, x13       x14=1a10f018 x14:00000018 x13:1a10f000
13681938ns          222612 1c008e0a 00a7e723 p.sw             x10, x0(x15)        x10:00000074 x15:00000000  PA:1a10f018
13682257ns          222628 1c008e0e 00000513 addi             x10, x0, 0          x10=00000000
13682276ns          222629 1c008e10 00008067 jalr             x0, x1, 0            x1:1c008ee0
13682316ns          222631 1c008ee0 31f52563 p.beqimm         x10, 778            x10:00000000
13682336ns          222632 1c008ee4 001d8d93 addi             x27, x27, 1         x27=00000018 x27:00000017
13682356ns          222633 1c008ee6 00044503 lbu              x10, 0(x8)          x10=00000069  x8:1c000045  PA:1c000045
13682654ns          222648 1c008eea 00140413 addi             x8, x8, 1            x8=1c000046  x8:1c000045
13682674ns          222649 1c008eec fe0514e3 bne              x10, x0, -24        x10:00000069
13682734ns          222652 1c008ed4 02500793 addi             x15, x0, 37         x15=00000025
13682754ns          222653 1c008ed8 04f50863 beq              x10, x15, 80        x10:00000069 x15:00000025
13682774ns          222654 1c008edc 01a005b3 add              x11, x0, x26        x11=00000002 x26:00000002
13682794ns          222655 1c008ede 000b00e7 jalr             x1, x22, 0           x1=1c008ee0 x22:1c008dea
13682833ns          222657 1c008dea 000026b7 lui              x13, 0x2000         x13=00002000
13682853ns          222658 1c008dec f14027f3 csrrs            x15, x0, 0xf14      x15=00000003
13682873ns          222659 1c008df0 f8068693 addi             x13, x13, -128      x13=00001f80 x13:00002000
13682893ns          222660 1c008df4 00379713 slli             x14, x15, 0x3       x14=00000018 x15:00000003
13682913ns          222661 1c008df8 00279793 slli             x15, x15, 0x2       x15=0000000c x15:00000003
13682933ns          222662 1c008dfa 00d7f7b3 and              x15, x15, x13       x15=00000000 x15:0000000c x13:00001f80
13682953ns          222663 1c008dfc ee873733 p.bclr           x14, x14, 23, 8     x14=00000018 x14:00000018
13682973ns          222664 1c008e00 1a10f6b7 lui              x13, 0x1a10f000     x13=1a10f000
13682992ns          222665 1c008e04 0ff57513 andi             x10, x10, 255       x10=00000069 x10:00000069
13683012ns          222666 1c008e08 00d70733 add              x14, x14, x13       x14=1a10f018 x14:00000018 x13:1a10f000
13683032ns          222667 1c008e0a 00a7e723 p.sw             x10, x0(x15)        x10:00000069 x15:00000000  PA:1a10f018
13683370ns          222684 1c008e0e 00000513 addi             x10, x0, 0          x10=00000000
13683390ns          222685 1c008e10 00008067 jalr             x0, x1, 0            x1:1c008ee0
13683430ns          222687 1c008ee0 31f52563 p.beqimm         x10, 778            x10:00000000
13683450ns          222688 1c008ee4 001d8d93 addi             x27, x27, 1         x27=00000019 x27:00000018
13683470ns          222689 1c008ee6 00044503 lbu              x10, 0(x8)          x10=0000006f  x8:1c000046  PA:1c000046
13683768ns          222704 1c008eea 00140413 addi             x8, x8, 1            x8=1c000047  x8:1c000046
13683788ns          222705 1c008eec fe0514e3 bne              x10, x0, -24        x10:0000006f
13683848ns          222708 1c008ed4 02500793 addi             x15, x0, 37         x15=00000025
13683868ns          222709 1c008ed8 04f50863 beq              x10, x15, 80        x10:0000006f x15:00000025
13683888ns          222710 1c008edc 01a005b3 add              x11, x0, x26        x11=00000002 x26:00000002
13683907ns          222711 1c008ede 000b00e7 jalr             x1, x22, 0           x1=1c008ee0 x22:1c008dea
13683947ns          222713 1c008dea 000026b7 lui              x13, 0x2000         x13=00002000
13683967ns          222714 1c008dec f14027f3 csrrs            x15, x0, 0xf14      x15=00000003
13683987ns          222715 1c008df0 f8068693 addi             x13, x13, -128      x13=00001f80 x13:00002000
13684007ns          222716 1c008df4 00379713 slli             x14, x15, 0x3       x14=00000018 x15:00000003
13684027ns          222717 1c008df8 00279793 slli             x15, x15, 0x2       x15=0000000c x15:00000003
13684047ns          222718 1c008dfa 00d7f7b3 and              x15, x15, x13       x15=00000000 x15:0000000c x13:00001f80
13684067ns          222719 1c008dfc ee873733 p.bclr           x14, x14, 23, 8     x14=00000018 x14:00000018
13684086ns          222720 1c008e00 1a10f6b7 lui              x13, 0x1a10f000     x13=1a10f000
13684106ns          222721 1c008e04 0ff57513 andi             x10, x10, 255       x10=0000006f x10:0000006f
13684126ns          222722 1c008e08 00d70733 add              x14, x14, x13       x14=1a10f018 x14:00000018 x13:1a10f000
13684146ns          222723 1c008e0a 00a7e723 p.sw             x10, x0(x15)        x10:0000006f x15:00000000  PA:1a10f018
13684464ns          222739 1c008e0e 00000513 addi             x10, x0, 0          x10=00000000
13684484ns          222740 1c008e10 00008067 jalr             x0, x1, 0            x1:1c008ee0
13684524ns          222742 1c008ee0 31f52563 p.beqimm         x10, 778            x10:00000000
13684544ns          222743 1c008ee4 001d8d93 addi             x27, x27, 1         x27=0000001a x27:00000019
13684564ns          222744 1c008ee6 00044503 lbu              x10, 0(x8)          x10=0000006e  x8:1c000047  PA:1c000047
13684862ns          222759 1c008eea 00140413 addi             x8, x8, 1            x8=1c000048  x8:1c000047
13684882ns          222760 1c008eec fe0514e3 bne              x10, x0, -24        x10:0000006e
13684942ns          222763 1c008ed4 02500793 addi             x15, x0, 37         x15=00000025
13684962ns          222764 1c008ed8 04f50863 beq              x10, x15, 80        x10:0000006e x15:00000025
13684982ns          222765 1c008edc 01a005b3 add              x11, x0, x26        x11=00000002 x26:00000002
13685001ns          222766 1c008ede 000b00e7 jalr             x1, x22, 0           x1=1c008ee0 x22:1c008dea
13685041ns          222768 1c008dea 000026b7 lui              x13, 0x2000         x13=00002000
13685061ns          222769 1c008dec f14027f3 csrrs            x15, x0, 0xf14      x15=00000003
13685081ns          222770 1c008df0 f8068693 addi             x13, x13, -128      x13=00001f80 x13:00002000
13685101ns          222771 1c008df4 00379713 slli             x14, x15, 0x3       x14=00000018 x15:00000003
13685121ns          222772 1c008df8 00279793 slli             x15, x15, 0x2       x15=0000000c x15:00000003
13685141ns          222773 1c008dfa 00d7f7b3 and              x15, x15, x13       x15=00000000 x15:0000000c x13:00001f80
13685161ns          222774 1c008dfc ee873733 p.bclr           x14, x14, 23, 8     x14=00000018 x14:00000018
13685180ns          222775 1c008e00 1a10f6b7 lui              x13, 0x1a10f000     x13=1a10f000
13685200ns          222776 1c008e04 0ff57513 andi             x10, x10, 255       x10=0000006e x10:0000006e
13685220ns          222777 1c008e08 00d70733 add              x14, x14, x13       x14=1a10f018 x14:00000018 x13:1a10f000
13685240ns          222778 1c008e0a 00a7e723 p.sw             x10, x0(x15)        x10:0000006e x15:00000000  PA:1a10f018
13685558ns          222794 1c008e0e 00000513 addi             x10, x0, 0          x10=00000000
13685578ns          222795 1c008e10 00008067 jalr             x0, x1, 0            x1:1c008ee0
13685618ns          222797 1c008ee0 31f52563 p.beqimm         x10, 778            x10:00000000
13685638ns          222798 1c008ee4 001d8d93 addi             x27, x27, 1         x27=0000001b x27:0000001a
13685658ns          222799 1c008ee6 00044503 lbu              x10, 0(x8)          x10=00000073  x8:1c000048  PA:1c000048
13685956ns          222814 1c008eea 00140413 addi             x8, x8, 1            x8=1c000049  x8:1c000048
13685976ns          222815 1c008eec fe0514e3 bne              x10, x0, -24        x10:00000073
13686036ns          222818 1c008ed4 02500793 addi             x15, x0, 37         x15=00000025
13686056ns          222819 1c008ed8 04f50863 beq              x10, x15, 80        x10:00000073 x15:00000025
13686076ns          222820 1c008edc 01a005b3 add              x11, x0, x26        x11=00000002 x26:00000002
13686095ns          222821 1c008ede 000b00e7 jalr             x1, x22, 0           x1=1c008ee0 x22:1c008dea
13686135ns          222823 1c008dea 000026b7 lui              x13, 0x2000         x13=00002000
13686155ns          222824 1c008dec f14027f3 csrrs            x15, x0, 0xf14      x15=00000003
13686175ns          222825 1c008df0 f8068693 addi             x13, x13, -128      x13=00001f80 x13:00002000
13686195ns          222826 1c008df4 00379713 slli             x14, x15, 0x3       x14=00000018 x15:00000003
13686215ns          222827 1c008df8 00279793 slli             x15, x15, 0x2       x15=0000000c x15:00000003
13686235ns          222828 1c008dfa 00d7f7b3 and              x15, x15, x13       x15=00000000 x15:0000000c x13:00001f80
13686255ns          222829 1c008dfc ee873733 p.bclr           x14, x14, 23, 8     x14=00000018 x14:00000018
13686274ns          222830 1c008e00 1a10f6b7 lui              x13, 0x1a10f000     x13=1a10f000
13686294ns          222831 1c008e04 0ff57513 andi             x10, x10, 255       x10=00000073 x10:00000073
13686314ns          222832 1c008e08 00d70733 add              x14, x14, x13       x14=1a10f018 x14:00000018 x13:1a10f000
13686334ns          222833 1c008e0a 00a7e723 p.sw             x10, x0(x15)        x10:00000073 x15:00000000  PA:1a10f018
13686652ns          222849 1c008e0e 00000513 addi             x10, x0, 0          x10=00000000
13686672ns          222850 1c008e10 00008067 jalr             x0, x1, 0            x1:1c008ee0
13686712ns          222852 1c008ee0 31f52563 p.beqimm         x10, 778            x10:00000000
13686732ns          222853 1c008ee4 001d8d93 addi             x27, x27, 1         x27=0000001c x27:0000001b
13686752ns          222854 1c008ee6 00044503 lbu              x10, 0(x8)          x10=0000002e  x8:1c000049  PA:1c000049
13687050ns          222869 1c008eea 00140413 addi             x8, x8, 1            x8=1c00004a  x8:1c000049
13687070ns          222870 1c008eec fe0514e3 bne              x10, x0, -24        x10:0000002e
13687130ns          222873 1c008ed4 02500793 addi             x15, x0, 37         x15=00000025
13687150ns          222874 1c008ed8 04f50863 beq              x10, x15, 80        x10:0000002e x15:00000025
13687170ns          222875 1c008edc 01a005b3 add              x11, x0, x26        x11=00000002 x26:00000002
13687189ns          222876 1c008ede 000b00e7 jalr             x1, x22, 0           x1=1c008ee0 x22:1c008dea
13687229ns          222878 1c008dea 000026b7 lui              x13, 0x2000         x13=00002000
13687249ns          222879 1c008dec f14027f3 csrrs            x15, x0, 0xf14      x15=00000003
13687269ns          222880 1c008df0 f8068693 addi             x13, x13, -128      x13=00001f80 x13:00002000
13687289ns          222881 1c008df4 00379713 slli             x14, x15, 0x3       x14=00000018 x15:00000003
13687309ns          222882 1c008df8 00279793 slli             x15, x15, 0x2       x15=0000000c x15:00000003
13687329ns          222883 1c008dfa 00d7f7b3 and              x15, x15, x13       x15=00000000 x15:0000000c x13:00001f80
13687349ns          222884 1c008dfc ee873733 p.bclr           x14, x14, 23, 8     x14=00000018 x14:00000018
13687368ns          222885 1c008e00 1a10f6b7 lui              x13, 0x1a10f000     x13=1a10f000
13687388ns          222886 1c008e04 0ff57513 andi             x10, x10, 255       x10=0000002e x10:0000002e
13687408ns          222887 1c008e08 00d70733 add              x14, x14, x13       x14=1a10f018 x14:00000018 x13:1a10f000
13687428ns          222888 1c008e0a 00a7e723 p.sw             x10, x0(x15)        x10:0000002e x15:00000000  PA:1a10f018
13687746ns          222904 1c008e0e 00000513 addi             x10, x0, 0          x10=00000000
13687766ns          222905 1c008e10 00008067 jalr             x0, x1, 0            x1:1c008ee0
13687806ns          222907 1c008ee0 31f52563 p.beqimm         x10, 778            x10:00000000
13687826ns          222908 1c008ee4 001d8d93 addi             x27, x27, 1         x27=0000001d x27:0000001c
13687846ns          222909 1c008ee6 00044503 lbu              x10, 0(x8)          x10=0000002e  x8:1c00004a  PA:1c00004a
13688144ns          222924 1c008eea 00140413 addi             x8, x8, 1            x8=1c00004b  x8:1c00004a
13688164ns          222925 1c008eec fe0514e3 bne              x10, x0, -24        x10:0000002e
13688224ns          222928 1c008ed4 02500793 addi             x15, x0, 37         x15=00000025
13688244ns          222929 1c008ed8 04f50863 beq              x10, x15, 80        x10:0000002e x15:00000025
13688264ns          222930 1c008edc 01a005b3 add              x11, x0, x26        x11=00000002 x26:00000002
13688283ns          222931 1c008ede 000b00e7 jalr             x1, x22, 0           x1=1c008ee0 x22:1c008dea
13688323ns          222933 1c008dea 000026b7 lui              x13, 0x2000         x13=00002000
13688343ns          222934 1c008dec f14027f3 csrrs            x15, x0, 0xf14      x15=00000003
13688363ns          222935 1c008df0 f8068693 addi             x13, x13, -128      x13=00001f80 x13:00002000
13688383ns          222936 1c008df4 00379713 slli             x14, x15, 0x3       x14=00000018 x15:00000003
13688403ns          222937 1c008df8 00279793 slli             x15, x15, 0x2       x15=0000000c x15:00000003
13688423ns          222938 1c008dfa 00d7f7b3 and              x15, x15, x13       x15=00000000 x15:0000000c x13:00001f80
13688443ns          222939 1c008dfc ee873733 p.bclr           x14, x14, 23, 8     x14=00000018 x14:00000018
13688462ns          222940 1c008e00 1a10f6b7 lui              x13, 0x1a10f000     x13=1a10f000
13688482ns          222941 1c008e04 0ff57513 andi             x10, x10, 255       x10=0000002e x10:0000002e
13688502ns          222942 1c008e08 00d70733 add              x14, x14, x13       x14=1a10f018 x14:00000018 x13:1a10f000
13688522ns          222943 1c008e0a 00a7e723 p.sw             x10, x0(x15)        x10:0000002e x15:00000000  PA:1a10f018
13688860ns          222960 1c008e0e 00000513 addi             x10, x0, 0          x10=00000000
13688880ns          222961 1c008e10 00008067 jalr             x0, x1, 0            x1:1c008ee0
13688920ns          222963 1c008ee0 31f52563 p.beqimm         x10, 778            x10:00000000
13688940ns          222964 1c008ee4 001d8d93 addi             x27, x27, 1         x27=0000001e x27:0000001d
13688960ns          222965 1c008ee6 00044503 lbu              x10, 0(x8)          x10=0000002e  x8:1c00004b  PA:1c00004b
13689258ns          222980 1c008eea 00140413 addi             x8, x8, 1            x8=1c00004c  x8:1c00004b
13689278ns          222981 1c008eec fe0514e3 bne              x10, x0, -24        x10:0000002e
13689338ns          222984 1c008ed4 02500793 addi             x15, x0, 37         x15=00000025
13689357ns          222985 1c008ed8 04f50863 beq              x10, x15, 80        x10:0000002e x15:00000025
13689377ns          222986 1c008edc 01a005b3 add              x11, x0, x26        x11=00000002 x26:00000002
13689397ns          222987 1c008ede 000b00e7 jalr             x1, x22, 0           x1=1c008ee0 x22:1c008dea
13689437ns          222989 1c008dea 000026b7 lui              x13, 0x2000         x13=00002000
13689457ns          222990 1c008dec f14027f3 csrrs            x15, x0, 0xf14      x15=00000003
13689477ns          222991 1c008df0 f8068693 addi             x13, x13, -128      x13=00001f80 x13:00002000
13689497ns          222992 1c008df4 00379713 slli             x14, x15, 0x3       x14=00000018 x15:00000003
13689517ns          222993 1c008df8 00279793 slli             x15, x15, 0x2       x15=0000000c x15:00000003
13689537ns          222994 1c008dfa 00d7f7b3 and              x15, x15, x13       x15=00000000 x15:0000000c x13:00001f80
13689556ns          222995 1c008dfc ee873733 p.bclr           x14, x14, 23, 8     x14=00000018 x14:00000018
13689576ns          222996 1c008e00 1a10f6b7 lui              x13, 0x1a10f000     x13=1a10f000
13689596ns          222997 1c008e04 0ff57513 andi             x10, x10, 255       x10=0000002e x10:0000002e
13689616ns          222998 1c008e08 00d70733 add              x14, x14, x13       x14=1a10f018 x14:00000018 x13:1a10f000
13689636ns          222999 1c008e0a 00a7e723 p.sw             x10, x0(x15)        x10:0000002e x15:00000000  PA:1a10f018
13689954ns          223015 1c008e0e 00000513 addi             x10, x0, 0          x10=00000000
13689974ns          223016 1c008e10 00008067 jalr             x0, x1, 0            x1:1c008ee0
13690014ns          223018 1c008ee0 31f52563 p.beqimm         x10, 778            x10:00000000
13690034ns          223019 1c008ee4 001d8d93 addi             x27, x27, 1         x27=0000001f x27:0000001e
13690054ns          223020 1c008ee6 00044503 lbu              x10, 0(x8)          x10=00000020  x8:1c00004c  PA:1c00004c
13690352ns          223035 1c008eea 00140413 addi             x8, x8, 1            x8=1c00004d  x8:1c00004c
13690372ns          223036 1c008eec fe0514e3 bne              x10, x0, -24        x10:00000020
13690432ns          223039 1c008ed4 02500793 addi             x15, x0, 37         x15=00000025
13690451ns          223040 1c008ed8 04f50863 beq              x10, x15, 80        x10:00000020 x15:00000025
13690471ns          223041 1c008edc 01a005b3 add              x11, x0, x26        x11=00000002 x26:00000002
13690491ns          223042 1c008ede 000b00e7 jalr             x1, x22, 0           x1=1c008ee0 x22:1c008dea
13690531ns          223044 1c008dea 000026b7 lui              x13, 0x2000         x13=00002000
13690551ns          223045 1c008dec f14027f3 csrrs            x15, x0, 0xf14      x15=00000003
13690571ns          223046 1c008df0 f8068693 addi             x13, x13, -128      x13=00001f80 x13:00002000
13690591ns          223047 1c008df4 00379713 slli             x14, x15, 0x3       x14=00000018 x15:00000003
13690611ns          223048 1c008df8 00279793 slli             x15, x15, 0x2       x15=0000000c x15:00000003
13690631ns          223049 1c008dfa 00d7f7b3 and              x15, x15, x13       x15=00000000 x15:0000000c x13:00001f80
13690650ns          223050 1c008dfc ee873733 p.bclr           x14, x14, 23, 8     x14=00000018 x14:00000018
13690670ns          223051 1c008e00 1a10f6b7 lui              x13, 0x1a10f000     x13=1a10f000
13690690ns          223052 1c008e04 0ff57513 andi             x10, x10, 255       x10=00000020 x10:00000020
13690710ns          223053 1c008e08 00d70733 add              x14, x14, x13       x14=1a10f018 x14:00000018 x13:1a10f000
13690730ns          223054 1c008e0a 00a7e723 p.sw             x10, x0(x15)        x10:00000020 x15:00000000  PA:1a10f018
13691048ns          223070 1c008e0e 00000513 addi             x10, x0, 0          x10=00000000
13691068ns          223071 1c008e10 00008067 jalr             x0, x1, 0            x1:1c008ee0
13691108ns          223073 1c008ee0 31f52563 p.beqimm         x10, 778            x10:00000000
13691128ns          223074 1c008ee4 001d8d93 addi             x27, x27, 1         x27=00000020 x27:0000001f
13691148ns          223075 1c008ee6 00044503 lbu              x10, 0(x8)          x10=00000028  x8:1c00004d  PA:1c00004d
13691446ns          223090 1c008eea 00140413 addi             x8, x8, 1            x8=1c00004e  x8:1c00004d
13691466ns          223091 1c008eec fe0514e3 bne              x10, x0, -24        x10:00000028
13691526ns          223094 1c008ed4 02500793 addi             x15, x0, 37         x15=00000025
13691545ns          223095 1c008ed8 04f50863 beq              x10, x15, 80        x10:00000028 x15:00000025
13691565ns          223096 1c008edc 01a005b3 add              x11, x0, x26        x11=00000002 x26:00000002
13691585ns          223097 1c008ede 000b00e7 jalr             x1, x22, 0           x1=1c008ee0 x22:1c008dea
13691625ns          223099 1c008dea 000026b7 lui              x13, 0x2000         x13=00002000
13691645ns          223100 1c008dec f14027f3 csrrs            x15, x0, 0xf14      x15=00000003
13691665ns          223101 1c008df0 f8068693 addi             x13, x13, -128      x13=00001f80 x13:00002000
13691685ns          223102 1c008df4 00379713 slli             x14, x15, 0x3       x14=00000018 x15:00000003
13691705ns          223103 1c008df8 00279793 slli             x15, x15, 0x2       x15=0000000c x15:00000003
13691724ns          223104 1c008dfa 00d7f7b3 and              x15, x15, x13       x15=00000000 x15:0000000c x13:00001f80
13691744ns          223105 1c008dfc ee873733 p.bclr           x14, x14, 23, 8     x14=00000018 x14:00000018
13691764ns          223106 1c008e00 1a10f6b7 lui              x13, 0x1a10f000     x13=1a10f000
13691784ns          223107 1c008e04 0ff57513 andi             x10, x10, 255       x10=00000028 x10:00000028
13691804ns          223108 1c008e08 00d70733 add              x14, x14, x13       x14=1a10f018 x14:00000018 x13:1a10f000
13691824ns          223109 1c008e0a 00a7e723 p.sw             x10, x0(x15)        x10:00000028 x15:00000000  PA:1a10f018
13692162ns          223126 1c008e0e 00000513 addi             x10, x0, 0          x10=00000000
13692182ns          223127 1c008e10 00008067 jalr             x0, x1, 0            x1:1c008ee0
13692222ns          223129 1c008ee0 31f52563 p.beqimm         x10, 778            x10:00000000
13692242ns          223130 1c008ee4 001d8d93 addi             x27, x27, 1         x27=00000021 x27:00000020
13692262ns          223131 1c008ee6 00044503 lbu              x10, 0(x8)          x10=00000063  x8:1c00004e  PA:1c00004e
13692560ns          223146 1c008eea 00140413 addi             x8, x8, 1            x8=1c00004f  x8:1c00004e
13692580ns          223147 1c008eec fe0514e3 bne              x10, x0, -24        x10:00000063
13692639ns          223150 1c008ed4 02500793 addi             x15, x0, 37         x15=00000025
13692659ns          223151 1c008ed8 04f50863 beq              x10, x15, 80        x10:00000063 x15:00000025
13692679ns          223152 1c008edc 01a005b3 add              x11, x0, x26        x11=00000002 x26:00000002
13692699ns          223153 1c008ede 000b00e7 jalr             x1, x22, 0           x1=1c008ee0 x22:1c008dea
13692739ns          223155 1c008dea 000026b7 lui              x13, 0x2000         x13=00002000
13692759ns          223156 1c008dec f14027f3 csrrs            x15, x0, 0xf14      x15=00000003
13692779ns          223157 1c008df0 f8068693 addi             x13, x13, -128      x13=00001f80 x13:00002000
13692799ns          223158 1c008df4 00379713 slli             x14, x15, 0x3       x14=00000018 x15:00000003
13692818ns          223159 1c008df8 00279793 slli             x15, x15, 0x2       x15=0000000c x15:00000003
13692838ns          223160 1c008dfa 00d7f7b3 and              x15, x15, x13       x15=00000000 x15:0000000c x13:00001f80
13692858ns          223161 1c008dfc ee873733 p.bclr           x14, x14, 23, 8     x14=00000018 x14:00000018
13692878ns          223162 1c008e00 1a10f6b7 lui              x13, 0x1a10f000     x13=1a10f000
13692898ns          223163 1c008e04 0ff57513 andi             x10, x10, 255       x10=00000063 x10:00000063
13692918ns          223164 1c008e08 00d70733 add              x14, x14, x13       x14=1a10f018 x14:00000018 x13:1a10f000
13692938ns          223165 1c008e0a 00a7e723 p.sw             x10, x0(x15)        x10:00000063 x15:00000000  PA:1a10f018
13693256ns          223181 1c008e0e 00000513 addi             x10, x0, 0          x10=00000000
13693276ns          223182 1c008e10 00008067 jalr             x0, x1, 0            x1:1c008ee0
13693316ns          223184 1c008ee0 31f52563 p.beqimm         x10, 778            x10:00000000
13693336ns          223185 1c008ee4 001d8d93 addi             x27, x27, 1         x27=00000022 x27:00000021
13693356ns          223186 1c008ee6 00044503 lbu              x10, 0(x8)          x10=0000006f  x8:1c00004f  PA:1c00004f
13693654ns          223201 1c008eea 00140413 addi             x8, x8, 1            x8=1c000050  x8:1c00004f
13693674ns          223202 1c008eec fe0514e3 bne              x10, x0, -24        x10:0000006f
13693733ns          223205 1c008ed4 02500793 addi             x15, x0, 37         x15=00000025
13693753ns          223206 1c008ed8 04f50863 beq              x10, x15, 80        x10:0000006f x15:00000025
13693773ns          223207 1c008edc 01a005b3 add              x11, x0, x26        x11=00000002 x26:00000002
13693793ns          223208 1c008ede 000b00e7 jalr             x1, x22, 0           x1=1c008ee0 x22:1c008dea
13693833ns          223210 1c008dea 000026b7 lui              x13, 0x2000         x13=00002000
13693853ns          223211 1c008dec f14027f3 csrrs            x15, x0, 0xf14      x15=00000003
13693873ns          223212 1c008df0 f8068693 addi             x13, x13, -128      x13=00001f80 x13:00002000
13693893ns          223213 1c008df4 00379713 slli             x14, x15, 0x3       x14=00000018 x15:00000003
13693912ns          223214 1c008df8 00279793 slli             x15, x15, 0x2       x15=0000000c x15:00000003
13693932ns          223215 1c008dfa 00d7f7b3 and              x15, x15, x13       x15=00000000 x15:0000000c x13:00001f80
13693952ns          223216 1c008dfc ee873733 p.bclr           x14, x14, 23, 8     x14=00000018 x14:00000018
13693972ns          223217 1c008e00 1a10f6b7 lui              x13, 0x1a10f000     x13=1a10f000
13693992ns          223218 1c008e04 0ff57513 andi             x10, x10, 255       x10=0000006f x10:0000006f
13694012ns          223219 1c008e08 00d70733 add              x14, x14, x13       x14=1a10f018 x14:00000018 x13:1a10f000
13694032ns          223220 1c008e0a 00a7e723 p.sw             x10, x0(x15)        x10:0000006f x15:00000000  PA:1a10f018
13694350ns          223236 1c008e0e 00000513 addi             x10, x0, 0          x10=00000000
13694370ns          223237 1c008e10 00008067 jalr             x0, x1, 0            x1:1c008ee0
13694410ns          223239 1c008ee0 31f52563 p.beqimm         x10, 778            x10:00000000
13694430ns          223240 1c008ee4 001d8d93 addi             x27, x27, 1         x27=00000023 x27:00000022
13694450ns          223241 1c008ee6 00044503 lbu              x10, 0(x8)          x10=00000072  x8:1c000050  PA:1c000050
13694748ns          223256 1c008eea 00140413 addi             x8, x8, 1            x8=1c000051  x8:1c000050
13694768ns          223257 1c008eec fe0514e3 bne              x10, x0, -24        x10:00000072
13694827ns          223260 1c008ed4 02500793 addi             x15, x0, 37         x15=00000025
13694847ns          223261 1c008ed8 04f50863 beq              x10, x15, 80        x10:00000072 x15:00000025
13694867ns          223262 1c008edc 01a005b3 add              x11, x0, x26        x11=00000002 x26:00000002
13694887ns          223263 1c008ede 000b00e7 jalr             x1, x22, 0           x1=1c008ee0 x22:1c008dea
13694927ns          223265 1c008dea 000026b7 lui              x13, 0x2000         x13=00002000
13694947ns          223266 1c008dec f14027f3 csrrs            x15, x0, 0xf14      x15=00000003
13694967ns          223267 1c008df0 f8068693 addi             x13, x13, -128      x13=00001f80 x13:00002000
13694987ns          223268 1c008df4 00379713 slli             x14, x15, 0x3       x14=00000018 x15:00000003
13695006ns          223269 1c008df8 00279793 slli             x15, x15, 0x2       x15=0000000c x15:00000003
13695026ns          223270 1c008dfa 00d7f7b3 and              x15, x15, x13       x15=00000000 x15:0000000c x13:00001f80
13695046ns          223271 1c008dfc ee873733 p.bclr           x14, x14, 23, 8     x14=00000018 x14:00000018
13695066ns          223272 1c008e00 1a10f6b7 lui              x13, 0x1a10f000     x13=1a10f000
13695086ns          223273 1c008e04 0ff57513 andi             x10, x10, 255       x10=00000072 x10:00000072
13695106ns          223274 1c008e08 00d70733 add              x14, x14, x13       x14=1a10f018 x14:00000018 x13:1a10f000
13695126ns          223275 1c008e0a 00a7e723 p.sw             x10, x0(x15)        x10:00000072 x15:00000000  PA:1a10f018
13695484ns          223293 1c008e0e 00000513 addi             x10, x0, 0          x10=00000000
13695504ns          223294 1c008e10 00008067 jalr             x0, x1, 0            x1:1c008ee0
13695544ns          223296 1c008ee0 31f52563 p.beqimm         x10, 778            x10:00000000
13695563ns          223297 1c008ee4 001d8d93 addi             x27, x27, 1         x27=00000024 x27:00000023
13695583ns          223298 1c008ee6 00044503 lbu              x10, 0(x8)          x10=00000065  x8:1c000051  PA:1c000051
13695882ns          223313 1c008eea 00140413 addi             x8, x8, 1            x8=1c000052  x8:1c000051
13695902ns          223314 1c008eec fe0514e3 bne              x10, x0, -24        x10:00000065
13695961ns          223317 1c008ed4 02500793 addi             x15, x0, 37         x15=00000025
13695981ns          223318 1c008ed8 04f50863 beq              x10, x15, 80        x10:00000065 x15:00000025
13696001ns          223319 1c008edc 01a005b3 add              x11, x0, x26        x11=00000002 x26:00000002
13696021ns          223320 1c008ede 000b00e7 jalr             x1, x22, 0           x1=1c008ee0 x22:1c008dea
13696061ns          223322 1c008dea 000026b7 lui              x13, 0x2000         x13=00002000
13696081ns          223323 1c008dec f14027f3 csrrs            x15, x0, 0xf14      x15=00000003
13696100ns          223324 1c008df0 f8068693 addi             x13, x13, -128      x13=00001f80 x13:00002000
13696120ns          223325 1c008df4 00379713 slli             x14, x15, 0x3       x14=00000018 x15:00000003
13696140ns          223326 1c008df8 00279793 slli             x15, x15, 0x2       x15=0000000c x15:00000003
13696160ns          223327 1c008dfa 00d7f7b3 and              x15, x15, x13       x15=00000000 x15:0000000c x13:00001f80
13696180ns          223328 1c008dfc ee873733 p.bclr           x14, x14, 23, 8     x14=00000018 x14:00000018
13696200ns          223329 1c008e00 1a10f6b7 lui              x13, 0x1a10f000     x13=1a10f000
13696220ns          223330 1c008e04 0ff57513 andi             x10, x10, 255       x10=00000065 x10:00000065
13696240ns          223331 1c008e08 00d70733 add              x14, x14, x13       x14=1a10f018 x14:00000018 x13:1a10f000
13696260ns          223332 1c008e0a 00a7e723 p.sw             x10, x0(x15)        x10:00000065 x15:00000000  PA:1a10f018
13696578ns          223348 1c008e0e 00000513 addi             x10, x0, 0          x10=00000000
13696598ns          223349 1c008e10 00008067 jalr             x0, x1, 0            x1:1c008ee0
13696638ns          223351 1c008ee0 31f52563 p.beqimm         x10, 778            x10:00000000
13696657ns          223352 1c008ee4 001d8d93 addi             x27, x27, 1         x27=00000025 x27:00000024
13696677ns          223353 1c008ee6 00044503 lbu              x10, 0(x8)          x10=00000069  x8:1c000052  PA:1c000052
13696976ns          223368 1c008eea 00140413 addi             x8, x8, 1            x8=1c000053  x8:1c000052
13696996ns          223369 1c008eec fe0514e3 bne              x10, x0, -24        x10:00000069
13697055ns          223372 1c008ed4 02500793 addi             x15, x0, 37         x15=00000025
13697075ns          223373 1c008ed8 04f50863 beq              x10, x15, 80        x10:00000069 x15:00000025
13697095ns          223374 1c008edc 01a005b3 add              x11, x0, x26        x11=00000002 x26:00000002
13697115ns          223375 1c008ede 000b00e7 jalr             x1, x22, 0           x1=1c008ee0 x22:1c008dea
13697155ns          223377 1c008dea 000026b7 lui              x13, 0x2000         x13=00002000
13697175ns          223378 1c008dec f14027f3 csrrs            x15, x0, 0xf14      x15=00000003
13697194ns          223379 1c008df0 f8068693 addi             x13, x13, -128      x13=00001f80 x13:00002000
13697214ns          223380 1c008df4 00379713 slli             x14, x15, 0x3       x14=00000018 x15:00000003
13697234ns          223381 1c008df8 00279793 slli             x15, x15, 0x2       x15=0000000c x15:00000003
13697254ns          223382 1c008dfa 00d7f7b3 and              x15, x15, x13       x15=00000000 x15:0000000c x13:00001f80
13697274ns          223383 1c008dfc ee873733 p.bclr           x14, x14, 23, 8     x14=00000018 x14:00000018
13697294ns          223384 1c008e00 1a10f6b7 lui              x13, 0x1a10f000     x13=1a10f000
13697314ns          223385 1c008e04 0ff57513 andi             x10, x10, 255       x10=00000069 x10:00000069
13697334ns          223386 1c008e08 00d70733 add              x14, x14, x13       x14=1a10f018 x14:00000018 x13:1a10f000
13697354ns          223387 1c008e0a 00a7e723 p.sw             x10, x0(x15)        x10:00000069 x15:00000000  PA:1a10f018
13697712ns          223405 1c008e0e 00000513 addi             x10, x0, 0          x10=00000000
13697732ns          223406 1c008e10 00008067 jalr             x0, x1, 0            x1:1c008ee0
13697771ns          223408 1c008ee0 31f52563 p.beqimm         x10, 778            x10:00000000
13697791ns          223409 1c008ee4 001d8d93 addi             x27, x27, 1         x27=00000026 x27:00000025
13697811ns          223410 1c008ee6 00044503 lbu              x10, 0(x8)          x10=00000064  x8:1c000053  PA:1c000053
13698109ns          223425 1c008eea 00140413 addi             x8, x8, 1            x8=1c000054  x8:1c000053
13698129ns          223426 1c008eec fe0514e3 bne              x10, x0, -24        x10:00000064
13698189ns          223429 1c008ed4 02500793 addi             x15, x0, 37         x15=00000025
13698209ns          223430 1c008ed8 04f50863 beq              x10, x15, 80        x10:00000064 x15:00000025
13698229ns          223431 1c008edc 01a005b3 add              x11, x0, x26        x11=00000002 x26:00000002
13698249ns          223432 1c008ede 000b00e7 jalr             x1, x22, 0           x1=1c008ee0 x22:1c008dea
13698288ns          223434 1c008dea 000026b7 lui              x13, 0x2000         x13=00002000
13698308ns          223435 1c008dec f14027f3 csrrs            x15, x0, 0xf14      x15=00000003
13698328ns          223436 1c008df0 f8068693 addi             x13, x13, -128      x13=00001f80 x13:00002000
13698348ns          223437 1c008df4 00379713 slli             x14, x15, 0x3       x14=00000018 x15:00000003
13698368ns          223438 1c008df8 00279793 slli             x15, x15, 0x2       x15=0000000c x15:00000003
13698388ns          223439 1c008dfa 00d7f7b3 and              x15, x15, x13       x15=00000000 x15:0000000c x13:00001f80
13698408ns          223440 1c008dfc ee873733 p.bclr           x14, x14, 23, 8     x14=00000018 x14:00000018
13698428ns          223441 1c008e00 1a10f6b7 lui              x13, 0x1a10f000     x13=1a10f000
13698448ns          223442 1c008e04 0ff57513 andi             x10, x10, 255       x10=00000064 x10:00000064
13698467ns          223443 1c008e08 00d70733 add              x14, x14, x13       x14=1a10f018 x14:00000018 x13:1a10f000
13698487ns          223444 1c008e0a 00a7e723 p.sw             x10, x0(x15)        x10:00000064 x15:00000000  PA:1a10f018
13698825ns          223461 1c008e0e 00000513 addi             x10, x0, 0          x10=00000000
13698845ns          223462 1c008e10 00008067 jalr             x0, x1, 0            x1:1c008ee0
13698885ns          223464 1c008ee0 31f52563 p.beqimm         x10, 778            x10:00000000
13698905ns          223465 1c008ee4 001d8d93 addi             x27, x27, 1         x27=00000027 x27:00000026
13698925ns          223466 1c008ee6 00044503 lbu              x10, 0(x8)          x10=00000020  x8:1c000054  PA:1c000054
13699223ns          223481 1c008eea 00140413 addi             x8, x8, 1            x8=1c000055  x8:1c000054
13699243ns          223482 1c008eec fe0514e3 bne              x10, x0, -24        x10:00000020
13699303ns          223485 1c008ed4 02500793 addi             x15, x0, 37         x15=00000025
13699323ns          223486 1c008ed8 04f50863 beq              x10, x15, 80        x10:00000020 x15:00000025
13699343ns          223487 1c008edc 01a005b3 add              x11, x0, x26        x11=00000002 x26:00000002
13699363ns          223488 1c008ede 000b00e7 jalr             x1, x22, 0           x1=1c008ee0 x22:1c008dea
13699402ns          223490 1c008dea 000026b7 lui              x13, 0x2000         x13=00002000
13699422ns          223491 1c008dec f14027f3 csrrs            x15, x0, 0xf14      x15=00000003
13699442ns          223492 1c008df0 f8068693 addi             x13, x13, -128      x13=00001f80 x13:00002000
13699462ns          223493 1c008df4 00379713 slli             x14, x15, 0x3       x14=00000018 x15:00000003
13699482ns          223494 1c008df8 00279793 slli             x15, x15, 0x2       x15=0000000c x15:00000003
13699502ns          223495 1c008dfa 00d7f7b3 and              x15, x15, x13       x15=00000000 x15:0000000c x13:00001f80
13699522ns          223496 1c008dfc ee873733 p.bclr           x14, x14, 23, 8     x14=00000018 x14:00000018
13699542ns          223497 1c008e00 1a10f6b7 lui              x13, 0x1a10f000     x13=1a10f000
13699561ns          223498 1c008e04 0ff57513 andi             x10, x10, 255       x10=00000020 x10:00000020
13699581ns          223499 1c008e08 00d70733 add              x14, x14, x13       x14=1a10f018 x14:00000018 x13:1a10f000
13699601ns          223500 1c008e0a 00a7e723 p.sw             x10, x0(x15)        x10:00000020 x15:00000000  PA:1a10f018
13699919ns          223516 1c008e0e 00000513 addi             x10, x0, 0          x10=00000000
13699939ns          223517 1c008e10 00008067 jalr             x0, x1, 0            x1:1c008ee0
13699979ns          223519 1c008ee0 31f52563 p.beqimm         x10, 778            x10:00000000
13699999ns          223520 1c008ee4 001d8d93 addi             x27, x27, 1         x27=00000028 x27:00000027
13700019ns          223521 1c008ee6 00044503 lbu              x10, 0(x8)          x10=0000003d  x8:1c000055  PA:1c000055
13700317ns          223536 1c008eea 00140413 addi             x8, x8, 1            x8=1c000056  x8:1c000055
13700337ns          223537 1c008eec fe0514e3 bne              x10, x0, -24        x10:0000003d
13700397ns          223540 1c008ed4 02500793 addi             x15, x0, 37         x15=00000025
13700417ns          223541 1c008ed8 04f50863 beq              x10, x15, 80        x10:0000003d x15:00000025
13700437ns          223542 1c008edc 01a005b3 add              x11, x0, x26        x11=00000002 x26:00000002
13700457ns          223543 1c008ede 000b00e7 jalr             x1, x22, 0           x1=1c008ee0 x22:1c008dea
13700496ns          223545 1c008dea 000026b7 lui              x13, 0x2000         x13=00002000
13700516ns          223546 1c008dec f14027f3 csrrs            x15, x0, 0xf14      x15=00000003
13700536ns          223547 1c008df0 f8068693 addi             x13, x13, -128      x13=00001f80 x13:00002000
13700556ns          223548 1c008df4 00379713 slli             x14, x15, 0x3       x14=00000018 x15:00000003
13700576ns          223549 1c008df8 00279793 slli             x15, x15, 0x2       x15=0000000c x15:00000003
13700596ns          223550 1c008dfa 00d7f7b3 and              x15, x15, x13       x15=00000000 x15:0000000c x13:00001f80
13700616ns          223551 1c008dfc ee873733 p.bclr           x14, x14, 23, 8     x14=00000018 x14:00000018
13700636ns          223552 1c008e00 1a10f6b7 lui              x13, 0x1a10f000     x13=1a10f000
13700655ns          223553 1c008e04 0ff57513 andi             x10, x10, 255       x10=0000003d x10:0000003d
13700675ns          223554 1c008e08 00d70733 add              x14, x14, x13       x14=1a10f018 x14:00000018 x13:1a10f000
13700695ns          223555 1c008e0a 00a7e723 p.sw             x10, x0(x15)        x10:0000003d x15:00000000  PA:1a10f018
13701013ns          223571 1c008e0e 00000513 addi             x10, x0, 0          x10=00000000
13701033ns          223572 1c008e10 00008067 jalr             x0, x1, 0            x1:1c008ee0
13701073ns          223574 1c008ee0 31f52563 p.beqimm         x10, 778            x10:00000000
13701093ns          223575 1c008ee4 001d8d93 addi             x27, x27, 1         x27=00000029 x27:00000028
13701113ns          223576 1c008ee6 00044503 lbu              x10, 0(x8)          x10=00000020  x8:1c000056  PA:1c000056
13701411ns          223591 1c008eea 00140413 addi             x8, x8, 1            x8=1c000057  x8:1c000056
13701431ns          223592 1c008eec fe0514e3 bne              x10, x0, -24        x10:00000020
13701491ns          223595 1c008ed4 02500793 addi             x15, x0, 37         x15=00000025
13701511ns          223596 1c008ed8 04f50863 beq              x10, x15, 80        x10:00000020 x15:00000025
13701531ns          223597 1c008edc 01a005b3 add              x11, x0, x26        x11=00000002 x26:00000002
13701551ns          223598 1c008ede 000b00e7 jalr             x1, x22, 0           x1=1c008ee0 x22:1c008dea
13701590ns          223600 1c008dea 000026b7 lui              x13, 0x2000         x13=00002000
13701610ns          223601 1c008dec f14027f3 csrrs            x15, x0, 0xf14      x15=00000003
13701630ns          223602 1c008df0 f8068693 addi             x13, x13, -128      x13=00001f80 x13:00002000
13701650ns          223603 1c008df4 00379713 slli             x14, x15, 0x3       x14=00000018 x15:00000003
13701670ns          223604 1c008df8 00279793 slli             x15, x15, 0x2       x15=0000000c x15:00000003
13701690ns          223605 1c008dfa 00d7f7b3 and              x15, x15, x13       x15=00000000 x15:0000000c x13:00001f80
13701710ns          223606 1c008dfc ee873733 p.bclr           x14, x14, 23, 8     x14=00000018 x14:00000018
13701730ns          223607 1c008e00 1a10f6b7 lui              x13, 0x1a10f000     x13=1a10f000
13701749ns          223608 1c008e04 0ff57513 andi             x10, x10, 255       x10=00000020 x10:00000020
13701769ns          223609 1c008e08 00d70733 add              x14, x14, x13       x14=1a10f018 x14:00000018 x13:1a10f000
13701789ns          223610 1c008e0a 00a7e723 p.sw             x10, x0(x15)        x10:00000020 x15:00000000  PA:1a10f018
13702127ns          223627 1c008e0e 00000513 addi             x10, x0, 0          x10=00000000
13702147ns          223628 1c008e10 00008067 jalr             x0, x1, 0            x1:1c008ee0
13702187ns          223630 1c008ee0 31f52563 p.beqimm         x10, 778            x10:00000000
13702207ns          223631 1c008ee4 001d8d93 addi             x27, x27, 1         x27=0000002a x27:00000029
13702227ns          223632 1c008ee6 00044503 lbu              x10, 0(x8)          x10=00000025  x8:1c000057  PA:1c000057
13702525ns          223647 1c008eea 00140413 addi             x8, x8, 1            x8=1c000058  x8:1c000057
13702545ns          223648 1c008eec fe0514e3 bne              x10, x0, -24        x10:00000025
13702605ns          223651 1c008ed4 02500793 addi             x15, x0, 37         x15=00000025
13702625ns          223652 1c008ed8 04f50863 beq              x10, x15, 80        x10:00000025 x15:00000025
13702724ns          223657 1c008f28 00044483 lbu              x9, 0(x8)            x9=00000064  x8:1c000058  PA:1c000058
13703042ns          223673 1c008f2c 02000693 addi             x13, x0, 32         x13=00000020
13703062ns          223674 1c008f30 00140a93 addi             x21, x8, 1          x21=1c000059  x8:1c000058
13703082ns          223675 1c008f34 009005b3 add              x11, x0, x9         x11=00000064  x9:00000064
13703102ns          223676 1c008f36 198b8513 addi             x10, x23, 408       x10=1c000198 x23:1c000000
13703122ns          223677 1c008f3a 00d12823 sw               x13, 16(x2)         x13:00000020  x2:10001b38  PA:10001b48
13703142ns          223678 1c008f3c 00012c23 sw               x0, 24(x2)           x2:10001b38  PA:10001b50
13703162ns          223679 1c008f3e 00012a23 sw               x0, 20(x2)           x2:10001b38  PA:10001b4c
13703182ns          223680 1c008f40 00012e23 sw               x0, 28(x2)           x2:10001b38  PA:10001b54
13703201ns          223681 1c008f42 00012623 sw               x0, 12(x2)           x2:10001b38  PA:10001b44
13703221ns          223682 1c008f44 02300913 addi             x18, x0, 35         x18=00000023
13703241ns          223683 1c008f48 02d00a13 addi             x20, x0, 45         x20=0000002d
13703261ns          223684 1c008f4c 015009b3 add              x19, x0, x21        x19=1c000059 x21:1c000059
13703281ns          223685 1c008f4e e1dff0ef jal              x1, -484             x1=1c008f50
13703420ns          223692 1c008d6a 00054783 lbu              x15, 0(x10)         x15=0000002d x10:1c000198  PA:1c000198
13703739ns          223708 1c008d6e 0ff5f593 andi             x11, x11, 255       x11=00000064 x11:00000064
13703758ns          223709 1c008d72 00b78c63 beq              x15, x11, 24        x15:0000002d x11:00000064
13703778ns          223710 1c008d76 00078b63 beq              x15, x0, 22         x15:0000002d
13703798ns          223711 1c008d78 00150793 addi             x15, x10, 1         x15=1c000199 x10:1c000198
13703818ns          223712 1c008d7c 0040006f jal              x0, 4              
13703858ns          223714 1c008d80 00f00533 add              x10, x0, x15        x10=1c000199 x15:1c000199
13703878ns          223715 1c008d82 0017c70b p.lbu            x14, 1(x15!)        x14=0000002b x15=1c00019a x15:1c000199  PA:1c000199
13704196ns          223731 1c008d86 feb71ce3 bne              x14, x11, -8        x14:0000002b x11:00000064
13704256ns          223734 1c008d7e 00070763 beq              x14, x0, 14         x14:0000002b
13704276ns          223735 1c008d80 00f00533 add              x10, x0, x15        x10=1c00019a x15:1c00019a
13704295ns          223736 1c008d82 0017c70b p.lbu            x14, 1(x15!)        x14=00000020 x15=1c00019b x15:1c00019a  PA:1c00019a
13704614ns          223752 1c008d86 feb71ce3 bne              x14, x11, -8        x14:00000020 x11:00000064
13704673ns          223755 1c008d7e 00070763 beq              x14, x0, 14         x14:00000020
13704693ns          223756 1c008d80 00f00533 add              x10, x0, x15        x10=1c00019b x15:1c00019b
13704713ns          223757 1c008d82 0017c70b p.lbu            x14, 1(x15!)        x14=00000023 x15=1c00019c x15:1c00019b  PA:1c00019b
13705031ns          223773 1c008d86 feb71ce3 bne              x14, x11, -8        x14:00000023 x11:00000064
13705091ns          223776 1c008d7e 00070763 beq              x14, x0, 14         x14:00000023
13705111ns          223777 1c008d80 00f00533 add              x10, x0, x15        x10=1c00019c x15:1c00019c
13705131ns          223778 1c008d82 0017c70b p.lbu            x14, 1(x15!)        x14=00000030 x15=1c00019d x15:1c00019c  PA:1c00019c
13705449ns          223794 1c008d86 feb71ce3 bne              x14, x11, -8        x14:00000030 x11:00000064
13705509ns          223797 1c008d7e 00070763 beq              x14, x0, 14         x14:00000030
13705529ns          223798 1c008d80 00f00533 add              x10, x0, x15        x10=1c00019d x15:1c00019d
13705549ns          223799 1c008d82 0017c70b p.lbu            x14, 1(x15!)        x14=00000000 x15=1c00019e x15:1c00019d  PA:1c00019d
13705867ns          223815 1c008d86 feb71ce3 bne              x14, x11, -8        x14:00000000 x11:00000064
13705926ns          223818 1c008d7e 00070763 beq              x14, x0, 14         x14:00000000
13705986ns          223821 1c008d8c 0015b593 sltiu            x11, x11, 1         x11=00000000 x11:00000064
13706006ns          223822 1c008d90 40b005b3 sub              x11, x0, x11        x11=00000000 x11:00000000
13706026ns          223823 1c008d94 00b57533 and              x10, x10, x11       x10=00000000 x10:1c00019d x11:00000000
13706046ns          223824 1c008d96 00008067 jalr             x0, x1, 0            x1:1c008f50
13706086ns          223826 1c008f50 02050a63 beq              x10, x0, 52         x10:00000000
13706185ns          223831 1c008f84 02a00613 addi             x12, x0, 42         x12=0000002a
13706225ns          223833 1c008f88 2ac48663 beq              x9, x12, 684         x9:00000064 x12:0000002a
13706245ns          223834 1c008f8c fd048613 addi             x12, x9, -48        x12=00000034  x9:00000064
13706304ns          223837 1c008f90 00900593 addi             x11, x0, 9          x11=00000009
13706324ns          223838 1c008f92 00000913 addi             x18, x0, 0          x18=00000000
13706344ns          223839 1c008f94 28c5f063 bgeu             x11, x12, 640       x11:00000009 x12:00000034
13706364ns          223840 1c008f98 02e00693 addi             x13, x0, 46         x13=0000002e
13706384ns          223841 1c008f9c fff00a13 addi             x20, x0, -1         x20=ffffffff
13706404ns          223842 1c008f9e 2ed48363 beq              x9, x13, 742         x9:00000064 x13:0000002e
13706424ns          223843 1c008fa2 1c0007b7 lui              x15, 0x1c000000     x15=1c000000
13706444ns          223844 1c008fa6 009005b3 add              x11, x0, x9         x11=00000064  x9:00000064
13706464ns          223845 1c008fa8 1a078513 addi             x10, x15, 416       x10=1c0001a0 x15:1c000000
13706483ns          223846 1c008fac dbfff0ef jal              x1, -578             x1=1c008fae
13706583ns          223851 1c008d6a 00054783 lbu              x15, 0(x10)         x15=00000068 x10:1c0001a0  PA:1c0001a0
13706881ns          223866 1c008d6e 0ff5f593 andi             x11, x11, 255       x11=00000064 x11:00000064
13706901ns          223867 1c008d72 00b78c63 beq              x15, x11, 24        x15:00000068 x11:00000064
13706921ns          223868 1c008d76 00078b63 beq              x15, x0, 22         x15:00000068
13706941ns          223869 1c008d78 00150793 addi             x15, x10, 1         x15=1c0001a1 x10:1c0001a0
13706961ns          223870 1c008d7c 0040006f jal              x0, 4              
13707040ns          223874 1c008d80 00f00533 add              x10, x0, x15        x10=1c0001a1 x15:1c0001a1
13707060ns          223875 1c008d82 0017c70b p.lbu            x14, 1(x15!)        x14=0000006c x15=1c0001a2 x15:1c0001a1  PA:1c0001a1
13707398ns          223892 1c008d86 feb71ce3 bne              x14, x11, -8        x14:0000006c x11:00000064
13707458ns          223895 1c008d7e 00070763 beq              x14, x0, 14         x14:0000006c
13707478ns          223896 1c008d80 00f00533 add              x10, x0, x15        x10=1c0001a2 x15:1c0001a2
13707498ns          223897 1c008d82 0017c70b p.lbu            x14, 1(x15!)        x14=0000004c x15=1c0001a3 x15:1c0001a2  PA:1c0001a2
13707816ns          223913 1c008d86 feb71ce3 bne              x14, x11, -8        x14:0000004c x11:00000064
13707876ns          223916 1c008d7e 00070763 beq              x14, x0, 14         x14:0000004c
13707896ns          223917 1c008d80 00f00533 add              x10, x0, x15        x10=1c0001a3 x15:1c0001a3
13707916ns          223918 1c008d82 0017c70b p.lbu            x14, 1(x15!)        x14=0000007a x15=1c0001a4 x15:1c0001a3  PA:1c0001a3
13708234ns          223934 1c008d86 feb71ce3 bne              x14, x11, -8        x14:0000007a x11:00000064
13708293ns          223937 1c008d7e 00070763 beq              x14, x0, 14         x14:0000007a
13708313ns          223938 1c008d80 00f00533 add              x10, x0, x15        x10=1c0001a4 x15:1c0001a4
13708333ns          223939 1c008d82 0017c70b p.lbu            x14, 1(x15!)        x14=00000000 x15=1c0001a5 x15:1c0001a4  PA:1c0001a4
13708671ns          223956 1c008d86 feb71ce3 bne              x14, x11, -8        x14:00000000 x11:00000064
13708731ns          223959 1c008d7e 00070763 beq              x14, x0, 14         x14:00000000
13708791ns          223962 1c008d8c 0015b593 sltiu            x11, x11, 1         x11=00000000 x11:00000064
13708811ns          223963 1c008d90 40b005b3 sub              x11, x0, x11        x11=00000000 x11:00000000
13708831ns          223964 1c008d94 00b57533 and              x10, x10, x11       x10=00000000 x10:1c0001a4 x11:00000000
13708850ns          223965 1c008d96 00008067 jalr             x0, x1, 0            x1:1c008fae
13708890ns          223967 1c008fae 01300433 add              x8, x0, x19          x8=1c000059 x19:1c000059
13708910ns          223968 1c008fb0 00050563 beq              x10, x0, 10         x10:00000000
13708990ns          223972 1c008fba 06700693 addi             x13, x0, 103        x13=00000067
13709049ns          223975 1c008fbe 2896d963 bge              x13, x9, 658        x13:00000067  x9:00000064
13709109ns          223978 1c009250 06500693 addi             x13, x0, 101        x13=00000065
13709129ns          223979 1c009254 12d4d563 bge              x9, x13, 298         x9:00000064 x13:00000065
13709149ns          223980 1c009258 04700693 addi             x13, x0, 71         x13=00000047
13709169ns          223981 1c00925c dc96cbe3 blt              x13, x9, -554       x13:00000047  x9:00000064
13709248ns          223985 1c009032 06300693 addi             x13, x0, 99         x13=00000063
13709268ns          223986 1c009036 0ad488e3 beq              x9, x13, 2224        x9:00000064 x13:00000063
13709288ns          223987 1c00903a 0096c9e3 blt              x13, x9, 2066       x13:00000063  x9:00000064
13709427ns          223994 1c00984c 000c2583 lw               x11, 0(x24)         x11=00000003 x24:10001c90  PA:10001c90
13709467ns          223996 1c009850 004c0c13 addi             x24, x24, 4         x24=10001c94 x24:10001c90
13709487ns          223997 1c009852 3405cc63 blt              x11, x0, 856        x11:00000003
13709507ns          223998 1c009856 01412603 lw               x12, 20(x2)         x12=00000000  x2:10001b38  PA:10001b4c
13709527ns          223999 1c009858 00b006b3 add              x13, x0, x11        x13=00000003 x11:00000003
13709547ns          224000 1c00985a 2e061863 bne              x12, x0, 752        x12:00000000
13709567ns          224001 1c00985e 01812703 lw               x14, 24(x2)         x14=00000000  x2:10001b38  PA:10001b50
13709586ns          224002 1c009860 019007b3 add              x15, x0, x25        x15=10001b5c x25:10001b5c
13709606ns          224003 1c009862 00070763 beq              x14, x0, 14         x14:00000000
13709706ns          224008 1c009870 00f00733 add              x14, x0, x15        x14=10001b5c x15:10001b5c
13709726ns          224009 1c009872 00a00513 addi             x10, x0, 10         x10=0000000a
13709746ns          224010 1c009874 02a6f633 remu             x12, x13, x10       x12=00000003 x13:00000003 x10:0000000a
13710362ns          224041 1c009878 02a6d6b3 divu             x13, x13, x10       x13=00000000 x13:00000003 x10:0000000a
13710979ns          224072 1c00987c 03060613 addi             x12, x12, 48        x12=00000033 x12:00000003
13710999ns          224073 1c009880 00c700ab p.sb             x12, 1(x14!)        x14=10001b5d x12:00000033 x14:10001b5c  PA:10001b5c
13711019ns          224074 1c009884 fe0698e3 bne              x13, x0, -16        x13:00000000
13711038ns          224075 1c009886 40f706b3 sub              x13, x14, x15       x13=00000001 x14:10001b5d x15:10001b5c
13711058ns          224076 1c00988a 0146dc63 bge              x13, x20, 24        x13:00000001 x20:ffffffff
13711138ns          224080 1c0098a2 00e006b3 add              x13, x0, x14        x13=10001b5d x14:10001b5d
13711158ns          224081 1c0098a4 fe068fab p.sb             x0, -1(x13!)        x13=10001b5c x13:10001b5d  PA:10001b5d
13711178ns          224082 1c0098a8 00d7fc63 bgeu             x15, x13, 24        x15:10001b5c x13:10001b5c
13711337ns          224090 1c0098c0 01412783 lw               x15, 20(x2)         x15=00000000  x2:10001b38  PA:10001b4c
13711357ns          224091 1c0098c2 01812603 lw               x12, 24(x2)         x12=00000000  x2:10001b38  PA:10001b50
13711377ns          224092 1c0098c4 419704b3 sub              x9, x14, x25         x9=00000001 x14:10001b5d x25:10001b5c
13711396ns          224093 1c0098c8 00c7e7b3 or               x15, x15, x12       x15=00000000 x15:00000000 x12:00000000
13711416ns          224094 1c0098ca 00f12623 sw               x15, 12(x2)         x15:00000000  x2:10001b38  PA:10001b44
13711436ns          224095 1c0098cc 00079363 bne              x15, x0, 6          x15:00000000
13711456ns          224096 1c0098ce 01f5d593 srli             x11, x11, 0x1f      x11=00000000 x11:00000003
13711476ns          224097 1c0098d0 00b12623 sw               x11, 12(x2)         x11:00000000  x2:10001b38  PA:10001b44
13711516ns          224099 1c0098d2 e3fa28e3 p.beqimm         x20, -464           x20:ffffffff
13711655ns          224106 1c009702 0c800793 addi             x15, x0, 200        x15=000000c8
13711675ns          224107 1c009706 9e97d0e3 bge              x15, x9, -1568      x15:000000c8  x9:00000001
13711814ns          224114 1c0090e6 0f24d163 bge              x9, x18, 226         x9:00000001 x18:00000000
13711914ns          224119 1c0091c8 d00482e3 beq              x9, x0, -764         x9:00000001
13711953ns          224121 1c0091cc 01900933 add              x18, x0, x25        x18=10001b5c x25:10001b5c
13712013ns          224124 1c0091ce 419d8db3 sub              x27, x27, x25       x27=efffe4ce x27:0000002a x25:10001b5c
13712033ns          224125 1c0091d2 00a0006f jal              x0, 10             
13712073ns          224127 1c0091dc 0019450b p.lbu            x10, 1(x18!)        x10=00000033 x18=10001b5d x18:10001b5c  PA:10001b5c
13712132ns          224130 1c0091e0 01a005b3 add              x11, x0, x26        x11=00000002 x26:00000002
13712152ns          224131 1c0091e2 000b00e7 jalr             x1, x22, 0           x1=1c0091e4 x22:1c008dea
13712192ns          224133 1c008dea 000026b7 lui              x13, 0x2000         x13=00002000
13712212ns          224134 1c008dec f14027f3 csrrs            x15, x0, 0xf14      x15=00000003
13712272ns          224137 1c008df0 f8068693 addi             x13, x13, -128      x13=00001f80 x13:00002000
13712311ns          224139 1c008df4 00379713 slli             x14, x15, 0x3       x14=00000018 x15:00000003
13712331ns          224140 1c008df8 00279793 slli             x15, x15, 0x2       x15=0000000c x15:00000003
13712351ns          224141 1c008dfa 00d7f7b3 and              x15, x15, x13       x15=00000000 x15:0000000c x13:00001f80
13712371ns          224142 1c008dfc ee873733 p.bclr           x14, x14, 23, 8     x14=00000018 x14:00000018
13712411ns          224144 1c008e00 1a10f6b7 lui              x13, 0x1a10f000     x13=1a10f000
13712451ns          224146 1c008e04 0ff57513 andi             x10, x10, 255       x10=00000033 x10:00000033
13712471ns          224147 1c008e08 00d70733 add              x14, x14, x13       x14=1a10f018 x14:00000018 x13:1a10f000
13712490ns          224148 1c008e0a 00a7e723 p.sw             x10, x0(x15)        x10:00000033 x15:00000000  PA:1a10f018
13712829ns          224165 1c008e0e 00000513 addi             x10, x0, 0          x10=00000000
13712848ns          224166 1c008e10 00008067 jalr             x0, x1, 0            x1:1c0091e4
13712888ns          224168 1c0091e4 fff48493 addi             x9, x9, -1           x9=00000000  x9:00000001
13712908ns          224169 1c0091e6 fff537e3 p.bneimm         x10, -18            x10:00000000
13713027ns          224175 1c0091d4 012d8733 add              x14, x27, x18       x14=0000002b x27:efffe4ce x18:10001b5d
13713047ns          224176 1c0091d8 5a048b63 beq              x9, x0, 1462         x9:00000000
13713107ns          224179 1c00978e 00e00db3 add              x27, x0, x14        x27=0000002b x14:0000002b
13713167ns          224182 1c009790 f3cff06f jal              x0, -2244          
13713246ns          224186 1c008ecc 00044503 lbu              x10, 0(x8)          x10=00000029  x8:1c000059  PA:1c000059
13713565ns          224202 1c008ed0 00140413 addi             x8, x8, 1            x8=1c00005a  x8:1c000059
13713584ns          224203 1c008ed2 00050e63 beq              x10, x0, 28         x10:00000029
13713604ns          224204 1c008ed4 02500793 addi             x15, x0, 37         x15=00000025
13713624ns          224205 1c008ed8 04f50863 beq              x10, x15, 80        x10:00000029 x15:00000025
13713644ns          224206 1c008edc 01a005b3 add              x11, x0, x26        x11=00000002 x26:00000002
13713664ns          224207 1c008ede 000b00e7 jalr             x1, x22, 0           x1=1c008ee0 x22:1c008dea
13713724ns          224210 1c008dea 000026b7 lui              x13, 0x2000         x13=00002000
13713744ns          224211 1c008dec f14027f3 csrrs            x15, x0, 0xf14      x15=00000003
13713763ns          224212 1c008df0 f8068693 addi             x13, x13, -128      x13=00001f80 x13:00002000
13713783ns          224213 1c008df4 00379713 slli             x14, x15, 0x3       x14=00000018 x15:00000003
13713803ns          224214 1c008df8 00279793 slli             x15, x15, 0x2       x15=0000000c x15:00000003
13713823ns          224215 1c008dfa 00d7f7b3 and              x15, x15, x13       x15=00000000 x15:0000000c x13:00001f80
13713843ns          224216 1c008dfc ee873733 p.bclr           x14, x14, 23, 8     x14=00000018 x14:00000018
13713863ns          224217 1c008e00 1a10f6b7 lui              x13, 0x1a10f000     x13=1a10f000
13713883ns          224218 1c008e04 0ff57513 andi             x10, x10, 255       x10=00000029 x10:00000029
13713903ns          224219 1c008e08 00d70733 add              x14, x14, x13       x14=1a10f018 x14:00000018 x13:1a10f000
13713923ns          224220 1c008e0a 00a7e723 p.sw             x10, x0(x15)        x10:00000029 x15:00000000  PA:1a10f018
13714241ns          224236 1c008e0e 00000513 addi             x10, x0, 0          x10=00000000
13714261ns          224237 1c008e10 00008067 jalr             x0, x1, 0            x1:1c008ee0
13714301ns          224239 1c008ee0 31f52563 p.beqimm         x10, 778            x10:00000000
13714320ns          224240 1c008ee4 001d8d93 addi             x27, x27, 1         x27=0000002c x27:0000002b
13714340ns          224241 1c008ee6 00044503 lbu              x10, 0(x8)          x10=0000000a  x8:1c00005a  PA:1c00005a
13714639ns          224256 1c008eea 00140413 addi             x8, x8, 1            x8=1c00005b  x8:1c00005a
13714659ns          224257 1c008eec fe0514e3 bne              x10, x0, -24        x10:0000000a
13714718ns          224260 1c008ed4 02500793 addi             x15, x0, 37         x15=00000025
13714738ns          224261 1c008ed8 04f50863 beq              x10, x15, 80        x10:0000000a x15:00000025
13714758ns          224262 1c008edc 01a005b3 add              x11, x0, x26        x11=00000002 x26:00000002
13714778ns          224263 1c008ede 000b00e7 jalr             x1, x22, 0           x1=1c008ee0 x22:1c008dea
13714818ns          224265 1c008dea 000026b7 lui              x13, 0x2000         x13=00002000
13714838ns          224266 1c008dec f14027f3 csrrs            x15, x0, 0xf14      x15=00000003
13714857ns          224267 1c008df0 f8068693 addi             x13, x13, -128      x13=00001f80 x13:00002000
13714877ns          224268 1c008df4 00379713 slli             x14, x15, 0x3       x14=00000018 x15:00000003
13714897ns          224269 1c008df8 00279793 slli             x15, x15, 0x2       x15=0000000c x15:00000003
13714917ns          224270 1c008dfa 00d7f7b3 and              x15, x15, x13       x15=00000000 x15:0000000c x13:00001f80
13714937ns          224271 1c008dfc ee873733 p.bclr           x14, x14, 23, 8     x14=00000018 x14:00000018
13714957ns          224272 1c008e00 1a10f6b7 lui              x13, 0x1a10f000     x13=1a10f000
13714977ns          224273 1c008e04 0ff57513 andi             x10, x10, 255       x10=0000000a x10:0000000a
13714997ns          224274 1c008e08 00d70733 add              x14, x14, x13       x14=1a10f018 x14:00000018 x13:1a10f000
13715017ns          224275 1c008e0a 00a7e723 p.sw             x10, x0(x15)        x10:0000000a x15:00000000  PA:1a10f018
13715355ns          224292 1c008e0e 00000513 addi             x10, x0, 0          x10=00000000
13715375ns          224293 1c008e10 00008067 jalr             x0, x1, 0            x1:1c008ee0
13715414ns          224295 1c008ee0 31f52563 p.beqimm         x10, 778            x10:00000000
13715434ns          224296 1c008ee4 001d8d93 addi             x27, x27, 1         x27=0000002d x27:0000002c
13715454ns          224297 1c008ee6 00044503 lbu              x10, 0(x8)          x10=00000000  x8:1c00005b  PA:1c00005b
13715753ns          224312 1c008eea 00140413 addi             x8, x8, 1            x8=1c00005c  x8:1c00005b
13715772ns          224313 1c008eec fe0514e3 bne              x10, x0, -24        x10:00000000
13715792ns          224314 1c008eee 01b00433 add              x8, x0, x27          x8=0000002d x27:0000002d
13715812ns          224315 1c008ef0 00800533 add              x10, x0, x8         x10=0000002d  x8:0000002d
13715832ns          224316 1c008ef2 12c12083 lw               x1, 300(x2)          x1=1c008e7e  x2:10001b38  PA:10001c64
13715852ns          224317 1c008ef6 12812403 lw               x8, 296(x2)          x8=xxxxxxxx  x2:10001b38  PA:10001c60
13715872ns          224318 1c008efa 12412483 lw               x9, 292(x2)          x9=00000003  x2:10001b38  PA:10001c5c
13716130ns          224331 1c008efe 12012903 lw               x18, 288(x2)        x18=xxxxxxxx  x2:10001b38  PA:10001c58
13716170ns          224333 1c008f02 11c12983 lw               x19, 284(x2)        x19=xxxxxxxx  x2:10001b38  PA:10001c54
13716190ns          224334 1c008f06 11812a03 lw               x20, 280(x2)        x20=xxxxxxxx  x2:10001b38  PA:10001c50
13716210ns          224335 1c008f0a 11412a83 lw               x21, 276(x2)        x21=xxxxxxxx  x2:10001b38  PA:10001c4c
13716648ns          224357 1c008f0e 11012b03 lw               x22, 272(x2)        x22=xxxxxxxx  x2:10001b38  PA:10001c48
13716687ns          224359 1c008f12 10c12b83 lw               x23, 268(x2)        x23=xxxxxxxx  x2:10001b38  PA:10001c44
13716707ns          224360 1c008f16 10812c03 lw               x24, 264(x2)        x24=xxxxxxxx  x2:10001b38  PA:10001c40
13716727ns          224361 1c008f1a 10412c83 lw               x25, 260(x2)        x25=xxxxxxxx  x2:10001b38  PA:10001c3c
13716747ns          224362 1c008f1e 10012d03 lw               x26, 256(x2)        x26=xxxxxxxx  x2:10001b38  PA:10001c38
13716767ns          224363 1c008f22 0fc12d83 lw               x27, 252(x2)        x27=xxxxxxxx  x2:10001b38  PA:10001c34
13716787ns          224364 1c008f24 13010113 addi             x2, x2, 304          x2=10001c68  x2:10001b38
13716807ns          224365 1c008f26 00008067 jalr             x0, x1, 0            x1:1c008e7e
13716886ns          224369 1c008e7e 01c12083 lw               x1, 28(x2)           x1=1c00818e  x2:10001c68  PA:10001c84
13716966ns          224373 1c008e80 04010113 addi             x2, x2, 64           x2=10001ca8  x2:10001c68
13716986ns          224374 1c008e82 00008067 jalr             x0, x1, 0            x1:1c00818e
13717463ns          224398 1c00818e 00300793 addi             x15, x0, 3          x15=00000003
13717543ns          224402 1c008190 0097f463 bgeu             x15, x9, 8          x15:00000003  x9:00000003
13717602ns          224405 1c008198 074020ef jal              x1, 8308             x1=1c00819c
13718060ns          224428 1c00a20c f14027f3 csrrs            x15, x0, 0xf14      x15=00000003
13718517ns          224451 1c00a210 01f00713 addi             x14, x0, 31         x14=0000001f
13718557ns          224453 1c00a212 ca5797b3 p.extractu       x15, x15, 5, 5      x15=00000000 x15:00000003
13718577ns          224454 1c00a216 00e78863 beq              x15, x14, 16        x15:00000000 x14:0000001f
13718597ns          224455 1c00a21a 002047b7 lui              x15, 0x204000       x15=00204000
13719035ns          224477 1c00a21e 20078793 addi             x15, x15, 512       x15=00204200 x15:00204000
13719074ns          224479 1c00a222 01c7e703 p.elw            x14, 28(x15)        x14=00010000 x15:00204200  PA:0020421c
13719194ns          224485 1c00a226 00008067 jalr             x0, x1, 0            x1:1c00819c
13719611ns          224506 1c00819c f14027f3 csrrs            x15, x0, 0xf14      x15=00000003
13720049ns          224528 1c0081a0 f457b7b3 p.bclr           x15, x15, 26, 5     x15=00000003 x15:00000003
13720089ns          224530 1c0081a4 2a078563 beq              x15, x0, 682        x15:00000003
13720109ns          224531 1c0081a8 1c010937 lui              x18, 0x1c010000     x18=1c010000
13720128ns          224532 1c0081ac 00090913 addi             x18, x18, 0         x18=1c010000 x18:1c010000
13720626ns          224557 1c0081b0 00249993 slli             x19, x9, 0x2        x19=0000000c  x9:00000003
13720666ns          224559 1c0081b4 013907b3 add              x15, x18, x19       x15=1c01000c x18:1c010000 x19:0000000c
13720685ns          224560 1c0081b8 0007ab03 lw               x22, 0(x15)         x22=3efd2311 x15:1c01000c  PA:1c01000c
13721103ns          224581 1c0081bc 0107ac83 lw               x25, 16(x15)        x25=3f800000 x15:1c01000c  PA:1c01001c
13721461ns          224599 1c0081c0 1c0007b7 lui              x15, 0x1c000000     x15=1c000000
13721481ns          224600 1c0081c4 01c7ac03 lw               x24, 28(x15)        x24=3fc90fdb x15:1c000000  PA:1c00001c
13721779ns          224615 1c0081c8 1c0007b7 lui              x15, 0x1c000000     x15=1c000000
13721799ns          224616 1c0081cc 0207aa83 lw               x21, 32(x15)        x21=40c90fdb x15:1c000000  PA:1c000020
13722098ns          224631 1c0081d0 00200433 add              x8, x0, x2           x8=10001ca8  x2:10001ca8
13722118ns          224632 1c0081d2 32010b93 addi             x23, x2, 800        x23=10001fc8  x2:10001ca8
13722137ns          224633 1c0081d6 01600a33 add              x20, x0, x22        x20=3efd2311 x22:3efd2311
13722157ns          224634 1c0081d8 094c7553 fsub.s           f10, f24, f20       f10=xxxxxxxx f24:3fc90fdb f20:3efd2311
13722177ns          224635 1c0081dc 57c000ef jal              x1, 1404             x1=1c0081de
13723013ns          224677 1c008758 a0a527d3 feq.s            x15, f10, f10       x15=00000001 f10:3f89c717 f10:3f89c717
13723052ns          224679 1c00875c 0a078b63 beq              x15, x0, 182        x15:00000001
13723510ns          224702 1c00875e e00517d3 fclass.s         x15, f10            x15=00000040 f10:3f89c717
13723550ns          224704 1c008762 0817f793 andi             x15, x15, 129       x15=00000000 x15:00000040
13723570ns          224705 1c008766 0a079663 bne              x15, x0, 172        x15:00000000
13723589ns          224706 1c008768 00000793 addi             x15, x0, 0          x15=00000000
13723609ns          224707 1c00876c a0f517d3 flt.s            x15, f10, f15       x15=00000000 f10:3f89c717 f15:00000000
13724027ns          224728 1c008770 0a079663 bne              x15, x0, 172        x15:00000000
13724067ns          224730 1c008772 1c000737 lui              x14, 0x1c000000     x14=1c000000
13724087ns          224731 1c008776 02072783 lw               x15, 32(x14)        x15=40c90fdb x14:1c000000  PA:1c000020
13724524ns          224753 1c00877a a0a797d3 flt.s            x15, f15, f10       x15=00000000 f15:40c90fdb f10:3f89c717
13724544ns          224754 1c00877e 00078b63 beq              x15, x0, 22         x15:00000000
13725002ns          224777 1c008794 00000793 addi             x15, x0, 0          x15=00000000
13725042ns          224779 1c008798 a0f517d3 flt.s            x15, f10, f15       x15=00000000 f10:3f89c717 f15:00000000
13725061ns          224780 1c00879c 08079a63 bne              x15, x0, 148        x15:00000000
13725499ns          224802 1c00879e 1c0007b7 lui              x15, 0x1c000000     x15=1c000000
13725539ns          224804 1c0087a2 01c7a783 lw               x15, 28(x15)        x15=3fc90fdb x15:1c000000  PA:1c00001c
13725857ns          224820 1c0087a6 a0f517d3 flt.s            x15, f10, f15       x15=00000001 f10:3f89c717 f15:3fc90fdb
13725877ns          224821 1c0087aa 02079563 bne              x15, x0, 42         x15:00000001
13726513ns          224853 1c0087d4 10a57553 fmul.s           f10, f10, f10       f10=xxxxxxxx f10:3f89c717 f10:3f89c717
13726553ns          224855 1c0087d8 1c0007b7 lui              x15, 0x1c000000     x15=1c000000
13726573ns          224856 1c0087dc 1c000737 lui              x14, 0x1c000000     x14=1c000000
13727011ns          224878 1c0087e0 13472703 lw               x14, 308(x14)       x14=bab59551 x14:1c000000  PA:1c000134
13727369ns          224896 1c0087e4 1307a783 lw               x15, 304(x15)       x15=37c23ab1 x15:1c000000  PA:1c000130
13727687ns          224912 1c0087e8 70f577c3 fmadd.s          f15, f10, f15, f14  f15=xxxxxxxx f10:3f944d63 f15:37c23ab1 f14:bab59551
13727707ns          224913 1c0087ec 1c000737 lui              x14, 0x1c000000     x14=1c000000
13727727ns          224914 1c0087f0 13872703 lw               x14, 312(x14)       x14=3d2aa76f x14:1c000000  PA:1c000138
13728065ns          224931 1c0087f4 70f577c3 fmadd.s          f15, f10, f15, f14  f15=xxxxxxxx f10:3f944d63 f15:bab2112c f14:3d2aa76f
13728085ns          224932 1c0087f8 1c000737 lui              x14, 0x1c000000     x14=1c000000
13728105ns          224933 1c0087fc 13c72703 lw               x14, 316(x14)       x14=beffffe0 x14:1c000000  PA:1c00013c
13728443ns          224950 1c008800 70f577c3 fmadd.s          f15, f10, f15, f14  f15=xxxxxxxx f10:3f944d63 f15:3d2434f3 f14:beffffe0
13728463ns          224951 1c008804 1c000737 lui              x14, 0x1c000000     x14=1c000000
13728483ns          224952 1c008808 16872703 lw               x14, 360(x14)       x14=3f7fffff x14:1c000000  PA:1c000168
13728900ns          224973 1c00880c 70f57543 fmadd.s          f10, f10, f15, f14  f10=xxxxxxxx f10:3f944d63 f15:bee837d0 f14:3f7fffff
13728920ns          224974 1c008810 00008067 jalr             x0, x1, 0            x1:1c0081de
13728980ns          224977 1c0081de 016a7a53 fadd.s           f20, f20, f22       f20=xxxxxxxx f20:3efd2311 f22:3efd2311
13729000ns          224978 1c0081e2 10acf553 fmul.s           f10, f25, f10       f10=xxxxxxxx f25:3f800000 f10:3ef2f310
13729020ns          224979 1c0081e6 a14a97d3 flt.s            x15, f21, f20       x15=00000000 f21:40c90fdb f20:3f7d2311
13729040ns          224980 1c0081ea 00a4222b p.sw             x10, 4(x8!)          x8=10001cac x10:3ef2f310  x8:10001ca8  PA:10001ca8
13729059ns          224981 1c0081ee 00078363 beq              x15, x0, 6          x15:00000000
13729596ns          225008 1c0081f4 ff7412e3 bne              x8, x23, -28         x8:10001cac x23:10001fc8
13729656ns          225011 1c0081d8 094c7553 fsub.s           f10, f24, f20       f10=xxxxxxxx f24:3fc90fdb f20:3f7d2311
13729676ns          225012 1c0081dc 57c000ef jal              x1, 1404             x1=1c0081de
13729756ns          225016 1c008758 a0a527d3 feq.s            x15, f10, f10       x15=00000001 f10:3f14fca5 f10:3f14fca5
13729795ns          225018 1c00875c 0a078b63 beq              x15, x0, 182        x15:00000001
13729855ns          225021 1c00875e e00517d3 fclass.s         x15, f10            x15=00000040 f10:3f14fca5
13729895ns          225023 1c008762 0817f793 andi             x15, x15, 129       x15=00000000 x15:00000040
13729915ns          225024 1c008766 0a079663 bne              x15, x0, 172        x15:00000000
13729935ns          225025 1c008768 00000793 addi             x15, x0, 0          x15=00000000
13729955ns          225026 1c00876c a0f517d3 flt.s            x15, f10, f15       x15=00000000 f10:3f14fca5 f15:00000000
13729974ns          225027 1c008770 0a079663 bne              x15, x0, 172        x15:00000000
13729994ns          225028 1c008772 1c000737 lui              x14, 0x1c000000     x14=1c000000
13730014ns          225029 1c008776 02072783 lw               x15, 32(x14)        x15=40c90fdb x14:1c000000  PA:1c000020
13730332ns          225045 1c00877a a0a797d3 flt.s            x15, f15, f10       x15=00000000 f15:40c90fdb f10:3f14fca5
13730352ns          225046 1c00877e 00078b63 beq              x15, x0, 22         x15:00000000
13730412ns          225049 1c008794 00000793 addi             x15, x0, 0          x15=00000000
13730432ns          225050 1c008798 a0f517d3 flt.s            x15, f10, f15       x15=00000000 f10:3f14fca5 f15:00000000
13730452ns          225051 1c00879c 08079a63 bne              x15, x0, 148        x15:00000000
13730472ns          225052 1c00879e 1c0007b7 lui              x15, 0x1c000000     x15=1c000000
13730492ns          225053 1c0087a2 01c7a783 lw               x15, 28(x15)        x15=3fc90fdb x15:1c000000  PA:1c00001c
13730869ns          225072 1c0087a6 a0f517d3 flt.s            x15, f10, f15       x15=00000001 f10:3f14fca5 f15:3fc90fdb
13730889ns          225073 1c0087aa 02079563 bne              x15, x0, 42         x15:00000001
13730949ns          225076 1c0087d4 10a57553 fmul.s           f10, f10, f10       f10=xxxxxxxx f10:3f14fca5 f10:3f14fca5
13730969ns          225077 1c0087d8 1c0007b7 lui              x15, 0x1c000000     x15=1c000000
13730989ns          225078 1c0087dc 1c000737 lui              x14, 0x1c000000     x14=1c000000
13731009ns          225079 1c0087e0 13472703 lw               x14, 308(x14)       x14=bab59551 x14:1c000000  PA:1c000134
13731327ns          225095 1c0087e4 1307a783 lw               x15, 304(x15)       x15=37c23ab1 x15:1c000000  PA:1c000130
13731645ns          225111 1c0087e8 70f577c3 fmadd.s          f15, f10, f15, f14  f15=xxxxxxxx f10:3ead6a30 f15:37c23ab1 f14:bab59551
13731665ns          225112 1c0087ec 1c000737 lui              x14, 0x1c000000     x14=1c000000
13731685ns          225113 1c0087f0 13872703 lw               x14, 312(x14)       x14=3d2aa76f x14:1c000000  PA:1c000138
13732003ns          225129 1c0087f4 70f577c3 fmadd.s          f15, f10, f15, f14  f15=xxxxxxxx f10:3ead6a30 f15:bab48e2d f14:3d2aa76f
13732023ns          225130 1c0087f8 1c000737 lui              x14, 0x1c000000     x14=1c000000
13732043ns          225131 1c0087fc 13c72703 lw               x14, 316(x14)       x14=beffffe0 x14:1c000000  PA:1c00013c
13732361ns          225147 1c008800 70f577c3 fmadd.s          f15, f10, f15, f14  f15=xxxxxxxx f10:3ead6a30 f15:3d28be33 f14:beffffe0
13732381ns          225148 1c008804 1c000737 lui              x14, 0x1c000000     x14=1c000000
13732401ns          225149 1c008808 16872703 lw               x14, 360(x14)       x14=3f7fffff x14:1c000000  PA:1c000168
13732739ns          225166 1c00880c 70f57543 fmadd.s          f10, f10, f15, f14  f10=xxxxxxxx f10:3ead6a30 f15:bef8daf8 f14:3f7fffff
13732759ns          225167 1c008810 00008067 jalr             x0, x1, 0            x1:1c0081de
13732878ns          225173 1c0081de 016a7a53 fadd.s           f20, f20, f22       f20=xxxxxxxx f20:3f7d2311 f22:3efd2311
13732898ns          225174 1c0081e2 10acf553 fmul.s           f10, f25, f10       f10=xxxxxxxx f25:3f800000 f10:3f55db32
13732918ns          225175 1c0081e6 a14a97d3 flt.s            x15, f21, f20       x15=00000000 f21:40c90fdb f20:3fbdda4d
13732938ns          225176 1c0081ea 00a4222b p.sw             x10, 4(x8!)          x8=10001cb0 x10:3f55db32  x8:10001cac  PA:10001cac
13732958ns          225177 1c0081ee 00078363 beq              x15, x0, 6          x15:00000000
13733018ns          225180 1c0081f4 ff7412e3 bne              x8, x23, -28         x8:10001cb0 x23:10001fc8
13733077ns          225183 1c0081d8 094c7553 fsub.s           f10, f24, f20       f10=xxxxxxxx f24:3fc90fdb f20:3fbdda4d
13733097ns          225184 1c0081dc 57c000ef jal              x1, 1404             x1=1c0081de
13733137ns          225186 1c008758 a0a527d3 feq.s            x15, f10, f10       x15=00000001 f10:3db358e0 f10:3db358e0
13733157ns          225187 1c00875c 0a078b63 beq              x15, x0, 182        x15:00000001
13733177ns          225188 1c00875e e00517d3 fclass.s         x15, f10            x15=00000040 f10:3db358e0
13733197ns          225189 1c008762 0817f793 andi             x15, x15, 129       x15=00000000 x15:00000040
13733217ns          225190 1c008766 0a079663 bne              x15, x0, 172        x15:00000000
13733236ns          225191 1c008768 00000793 addi             x15, x0, 0          x15=00000000
13733256ns          225192 1c00876c a0f517d3 flt.s            x15, f10, f15       x15=00000000 f10:3db358e0 f15:00000000
13733276ns          225193 1c008770 0a079663 bne              x15, x0, 172        x15:00000000
13733296ns          225194 1c008772 1c000737 lui              x14, 0x1c000000     x14=1c000000
13733316ns          225195 1c008776 02072783 lw               x15, 32(x14)        x15=40c90fdb x14:1c000000  PA:1c000020
13733634ns          225211 1c00877a a0a797d3 flt.s            x15, f15, f10       x15=00000000 f15:40c90fdb f10:3db358e0
13733654ns          225212 1c00877e 00078b63 beq              x15, x0, 22         x15:00000000
13733714ns          225215 1c008794 00000793 addi             x15, x0, 0          x15=00000000
13733734ns          225216 1c008798 a0f517d3 flt.s            x15, f10, f15       x15=00000000 f10:3db358e0 f15:00000000
13733754ns          225217 1c00879c 08079a63 bne              x15, x0, 148        x15:00000000
13733774ns          225218 1c00879e 1c0007b7 lui              x15, 0x1c000000     x15=1c000000
13733793ns          225219 1c0087a2 01c7a783 lw               x15, 28(x15)        x15=3fc90fdb x15:1c000000  PA:1c00001c
13734151ns          225237 1c0087a6 a0f517d3 flt.s            x15, f10, f15       x15=00000001 f10:3db358e0 f15:3fc90fdb
13734171ns          225238 1c0087aa 02079563 bne              x15, x0, 42         x15:00000001
13734231ns          225241 1c0087d4 10a57553 fmul.s           f10, f10, f10       f10=xxxxxxxx f10:3db358e0 f10:3db358e0
13734251ns          225242 1c0087d8 1c0007b7 lui              x15, 0x1c000000     x15=1c000000
13734271ns          225243 1c0087dc 1c000737 lui              x14, 0x1c000000     x14=1c000000
13734291ns          225244 1c0087e0 13472703 lw               x14, 308(x14)       x14=bab59551 x14:1c000000  PA:1c000134
13734589ns          225259 1c0087e4 1307a783 lw               x15, 304(x15)       x15=37c23ab1 x15:1c000000  PA:1c000130
13734907ns          225275 1c0087e8 70f577c3 fmadd.s          f15, f10, f15, f14  f15=xxxxxxxx f10:3bfb4ad0 f15:37c23ab1 f14:bab59551
13734927ns          225276 1c0087ec 1c000737 lui              x14, 0x1c000000     x14=1c000000
13734947ns          225277 1c0087f0 13872703 lw               x14, 312(x14)       x14=3d2aa76f x14:1c000000  PA:1c000138
13735285ns          225294 1c0087f4 70f577c3 fmadd.s          f15, f10, f15, f14  f15=xxxxxxxx f10:3bfb4ad0 f15:bab58f5c f14:3d2aa76f
13735305ns          225295 1c0087f8 1c000737 lui              x14, 0x1c000000     x14=1c000000
13735325ns          225296 1c0087fc 13c72703 lw               x14, 316(x14)       x14=beffffe0 x14:1c000000  PA:1c00013c
13735643ns          225312 1c008800 70f577c3 fmadd.s          f15, f10, f15, f14  f15=xxxxxxxx f10:3bfb4ad0 f15:3d2a9c4b f14:beffffe0
13735663ns          225313 1c008804 1c000737 lui              x14, 0x1c000000     x14=1c000000
13735683ns          225314 1c008808 16872703 lw               x14, 360(x14)       x14=3f7fffff x14:1c000000  PA:1c000168
13736001ns          225330 1c00880c 70f57543 fmadd.s          f10, f10, f15, f14  f10=xxxxxxxx f10:3bfb4ad0 f15:beffd602 f14:3f7fffff
13736021ns          225331 1c008810 00008067 jalr             x0, x1, 0            x1:1c0081de
13736081ns          225334 1c0081de 016a7a53 fadd.s           f20, f20, f22       f20=xxxxxxxx f20:3fbdda4d f22:3efd2311
13736101ns          225335 1c0081e2 10acf553 fmul.s           f10, f25, f10       f10=xxxxxxxx f25:3f800000 f10:3f7f04dd
13736121ns          225336 1c0081e6 a14a97d3 flt.s            x15, f21, f20       x15=00000000 f21:40c90fdb f20:3ffd2311
13736141ns          225337 1c0081ea 00a4222b p.sw             x10, 4(x8!)          x8=10001cb4 x10:3f7f04dd  x8:10001cb0  PA:10001cb0
13736160ns          225338 1c0081ee 00078363 beq              x15, x0, 6          x15:00000000
13736220ns          225341 1c0081f4 ff7412e3 bne              x8, x23, -28         x8:10001cb4 x23:10001fc8
13736280ns          225344 1c0081d8 094c7553 fsub.s           f10, f24, f20       f10=xxxxxxxx f24:3fc90fdb f20:3ffd2311
13736300ns          225345 1c0081dc 57c000ef jal              x1, 1404             x1=1c0081de
13736339ns          225347 1c008758 a0a527d3 feq.s            x15, f10, f10       x15=00000001 f10:bed04cd8 f10:bed04cd8
13736359ns          225348 1c00875c 0a078b63 beq              x15, x0, 182        x15:00000001
13736379ns          225349 1c00875e e00517d3 fclass.s         x15, f10            x15=00000002 f10:bed04cd8
13736399ns          225350 1c008762 0817f793 andi             x15, x15, 129       x15=00000000 x15:00000002
13736419ns          225351 1c008766 0a079663 bne              x15, x0, 172        x15:00000000
13736439ns          225352 1c008768 00000793 addi             x15, x0, 0          x15=00000000
13736459ns          225353 1c00876c a0f517d3 flt.s            x15, f10, f15       x15=00000001 f10:bed04cd8 f15:00000000
13736479ns          225354 1c008770 0a079663 bne              x15, x0, 172        x15:00000001
13736538ns          225357 1c00881c 1c0007b7 lui              x15, 0x1c000000     x15=1c000000
13736976ns          225379 1c008820 12c7a783 lw               x15, 300(x15)       x15=c0c90fdb x15:1c000000  PA:1c00012c
13737314ns          225396 1c008824 a0f517d3 flt.s            x15, f10, f15       x15=00000000 f10:bed04cd8 f15:c0c90fdb
13737334ns          225397 1c008828 00078463 beq              x15, x0, 8          x15:00000000
13737533ns          225407 1c008830 20a51553 fsgnjn.s         f10, f10, f10       f10=xxxxxxxx f10:bed04cd8 f10:bed04cd8
13737553ns          225408 1c008834 f6bff06f jal              x0, -150           
13737612ns          225411 1c00879e 1c0007b7 lui              x15, 0x1c000000     x15=1c000000
13737632ns          225412 1c0087a2 01c7a783 lw               x15, 28(x15)        x15=3fc90fdb x15:1c000000  PA:1c00001c
13737990ns          225430 1c0087a6 a0f517d3 flt.s            x15, f10, f15       x15=00000001 f10:3ed04cd8 f15:3fc90fdb
13738010ns          225431 1c0087aa 02079563 bne              x15, x0, 42         x15:00000001
13738070ns          225434 1c0087d4 10a57553 fmul.s           f10, f10, f10       f10=xxxxxxxx f10:3ed04cd8 f10:3ed04cd8
13738090ns          225435 1c0087d8 1c0007b7 lui              x15, 0x1c000000     x15=1c000000
13738110ns          225436 1c0087dc 1c000737 lui              x14, 0x1c000000     x14=1c000000
13738130ns          225437 1c0087e0 13472703 lw               x14, 308(x14)       x14=bab59551 x14:1c000000  PA:1c000134
13738428ns          225452 1c0087e4 1307a783 lw               x15, 304(x15)       x15=37c23ab1 x15:1c000000  PA:1c000130
13738786ns          225470 1c0087e8 70f577c3 fmadd.s          f15, f10, f15, f14  f15=xxxxxxxx f10:3e297cf6 f15:37c23ab1 f14:bab59551
13738806ns          225471 1c0087ec 1c000737 lui              x14, 0x1c000000     x14=1c000000
13738826ns          225472 1c0087f0 13872703 lw               x14, 312(x14)       x14=3d2aa76f x14:1c000000  PA:1c000138
13739144ns          225488 1c0087f4 70f577c3 fmadd.s          f15, f10, f15, f14  f15=xxxxxxxx f10:3e297cf6 f15:bab514b9 f14:3d2aa76f
13739164ns          225489 1c0087f8 1c000737 lui              x14, 0x1c000000     x14=1c000000
13739184ns          225490 1c0087fc 13c72703 lw               x14, 316(x14)       x14=beffffe0 x14:1c000000  PA:1c00013c
13739502ns          225506 1c008800 70f577c3 fmadd.s          f15, f10, f15, f14  f15=xxxxxxxx f10:3e297cf6 f15:3d29b7a9 f14:beffffe0
13739522ns          225507 1c008804 1c000737 lui              x14, 0x1c000000     x14=1c000000
13739542ns          225508 1c008808 16872703 lw               x14, 360(x14)       x14=3f7fffff x14:1c000000  PA:1c000168
13739860ns          225524 1c00880c 70f57543 fmadd.s          f10, f10, f15, f14  f10=xxxxxxxx f10:3e297cf6 f15:befc7cf7 f14:3f7fffff
13739880ns          225525 1c008810 00008067 jalr             x0, x1, 0            x1:1c0081de
13739940ns          225528 1c0081de 016a7a53 fadd.s           f20, f20, f22       f20=xxxxxxxx f20:3ffd2311 f22:3efd2311
13739960ns          225529 1c0081e2 10acf553 fmul.s           f10, f25, f10       f10=xxxxxxxx f25:3f800000 f10:3f6b1ac7
13739979ns          225530 1c0081e6 a14a97d3 flt.s            x15, f21, f20       x15=00000000 f21:40c90fdb f20:401e35eb
13739999ns          225531 1c0081ea 00a4222b p.sw             x10, 4(x8!)          x8=10001cb8 x10:3f6b1ac7  x8:10001cb4  PA:10001cb4
13740019ns          225532 1c0081ee 00078363 beq              x15, x0, 6          x15:00000000
13740079ns          225535 1c0081f4 ff7412e3 bne              x8, x23, -28         x8:10001cb8 x23:10001fc8
13740139ns          225538 1c0081d8 094c7553 fsub.s           f10, f24, f20       f10=xxxxxxxx f24:3fc90fdb f20:401e35eb
13740158ns          225539 1c0081dc 57c000ef jal              x1, 1404             x1=1c0081de
13740198ns          225541 1c008758 a0a527d3 feq.s            x15, f10, f10       x15=00000001 f10:bf66b7f6 f10:bf66b7f6
13740218ns          225542 1c00875c 0a078b63 beq              x15, x0, 182        x15:00000001
13740238ns          225543 1c00875e e00517d3 fclass.s         x15, f10            x15=00000002 f10:bf66b7f6
13740258ns          225544 1c008762 0817f793 andi             x15, x15, 129       x15=00000000 x15:00000002
13740278ns          225545 1c008766 0a079663 bne              x15, x0, 172        x15:00000000
13740298ns          225546 1c008768 00000793 addi             x15, x0, 0          x15=00000000
13740318ns          225547 1c00876c a0f517d3 flt.s            x15, f10, f15       x15=00000001 f10:bf66b7f6 f15:00000000
13740337ns          225548 1c008770 0a079663 bne              x15, x0, 172        x15:00000001
13740397ns          225551 1c00881c 1c0007b7 lui              x15, 0x1c000000     x15=1c000000
13740417ns          225552 1c008820 12c7a783 lw               x15, 300(x15)       x15=c0c90fdb x15:1c000000  PA:1c00012c
13740735ns          225568 1c008824 a0f517d3 flt.s            x15, f10, f15       x15=00000000 f10:bf66b7f6 f15:c0c90fdb
13740755ns          225569 1c008828 00078463 beq              x15, x0, 8          x15:00000000
13740815ns          225572 1c008830 20a51553 fsgnjn.s         f10, f10, f10       f10=xxxxxxxx f10:bf66b7f6 f10:bf66b7f6
13740835ns          225573 1c008834 f6bff06f jal              x0, -150           
13740894ns          225576 1c00879e 1c0007b7 lui              x15, 0x1c000000     x15=1c000000
13740914ns          225577 1c0087a2 01c7a783 lw               x15, 28(x15)        x15=3fc90fdb x15:1c000000  PA:1c00001c
13741233ns          225593 1c0087a6 a0f517d3 flt.s            x15, f10, f15       x15=00000001 f10:3f66b7f6 f15:3fc90fdb
13741252ns          225594 1c0087aa 02079563 bne              x15, x0, 42         x15:00000001
13741312ns          225597 1c0087d4 10a57553 fmul.s           f10, f10, f10       f10=xxxxxxxx f10:3f66b7f6 f10:3f66b7f6
13741332ns          225598 1c0087d8 1c0007b7 lui              x15, 0x1c000000     x15=1c000000
13741352ns          225599 1c0087dc 1c000737 lui              x14, 0x1c000000     x14=1c000000
13741372ns          225600 1c0087e0 13472703 lw               x14, 308(x14)       x14=bab59551 x14:1c000000  PA:1c000134
13741670ns          225615 1c0087e4 1307a783 lw               x15, 304(x15)       x15=37c23ab1 x15:1c000000  PA:1c000130
13742008ns          225632 1c0087e8 70f577c3 fmadd.s          f15, f10, f15, f14  f15=xxxxxxxx f10:3f4fef12 f15:37c23ab1 f14:bab59551
13742028ns          225633 1c0087ec 1c000737 lui              x14, 0x1c000000     x14=1c000000
13742048ns          225634 1c0087f0 13872703 lw               x14, 312(x14)       x14=3d2aa76f x14:1c000000  PA:1c000138
13742366ns          225650 1c0087f4 70f577c3 fmadd.s          f15, f10, f15, f14  f15=xxxxxxxx f10:3f4fef12 f15:bab31e46 f14:3d2aa76f
13742386ns          225651 1c0087f8 1c000737 lui              x14, 0x1c000000     x14=1c000000
13742406ns          225652 1c0087fc 13c72703 lw               x14, 316(x14)       x14=beffffe0 x14:1c000000  PA:1c00013c
13742724ns          225668 1c008800 70f577c3 fmadd.s          f15, f10, f15, f14  f15=xxxxxxxx f10:3f4fef12 f15:3d261b89 f14:beffffe0
13742744ns          225669 1c008804 1c000737 lui              x14, 0x1c000000     x14=1c000000
13742764ns          225670 1c008808 16872703 lw               x14, 360(x14)       x14=3f7fffff x14:1c000000  PA:1c000168
13743082ns          225686 1c00880c 70f57543 fmadd.s          f10, f10, f15, f14  f10=xxxxxxxx f10:3f4fef12 f15:beef2274 f14:3f7fffff
13743102ns          225687 1c008810 00008067 jalr             x0, x1, 0            x1:1c0081de
13743162ns          225690 1c0081de 016a7a53 fadd.s           f20, f20, f22       f20=xxxxxxxx f20:401e35eb f22:3efd2311
13743182ns          225691 1c0081e2 10acf553 fmul.s           f10, f25, f10       f10=xxxxxxxx f25:3f800000 f10:3f1ee1e8
13743202ns          225692 1c0081e6 a14a97d3 flt.s            x15, f21, f20       x15=00000000 f21:40c90fdb f20:403dda4d
13743222ns          225693 1c0081ea 00a4222b p.sw             x10, 4(x8!)          x8=10001cbc x10:3f1ee1e8  x8:10001cb8  PA:10001cb8
13743242ns          225694 1c0081ee 00078363 beq              x15, x0, 6          x15:00000000
13743301ns          225697 1c0081f4 ff7412e3 bne              x8, x23, -28         x8:10001cbc x23:10001fc8
13743361ns          225700 1c0081d8 094c7553 fsub.s           f10, f24, f20       f10=xxxxxxxx f24:3fc90fdb f20:403dda4d
13743381ns          225701 1c0081dc 57c000ef jal              x1, 1404             x1=1c0081de
13743421ns          225703 1c008758 a0a527d3 feq.s            x15, f10, f10       x15=00000001 f10:bfb2a4bf f10:bfb2a4bf
13743440ns          225704 1c00875c 0a078b63 beq              x15, x0, 182        x15:00000001
13743460ns          225705 1c00875e e00517d3 fclass.s         x15, f10            x15=00000002 f10:bfb2a4bf
13743480ns          225706 1c008762 0817f793 andi             x15, x15, 129       x15=00000000 x15:00000002
13743500ns          225707 1c008766 0a079663 bne              x15, x0, 172        x15:00000000
13743520ns          225708 1c008768 00000793 addi             x15, x0, 0          x15=00000000
13743540ns          225709 1c00876c a0f517d3 flt.s            x15, f10, f15       x15=00000001 f10:bfb2a4bf f15:00000000
13743560ns          225710 1c008770 0a079663 bne              x15, x0, 172        x15:00000001
13743619ns          225713 1c00881c 1c0007b7 lui              x15, 0x1c000000     x15=1c000000
13743639ns          225714 1c008820 12c7a783 lw               x15, 300(x15)       x15=c0c90fdb x15:1c000000  PA:1c00012c
13743958ns          225730 1c008824 a0f517d3 flt.s            x15, f10, f15       x15=00000000 f10:bfb2a4bf f15:c0c90fdb
13743978ns          225731 1c008828 00078463 beq              x15, x0, 8          x15:00000000
13744037ns          225734 1c008830 20a51553 fsgnjn.s         f10, f10, f10       f10=xxxxxxxx f10:bfb2a4bf f10:bfb2a4bf
13744057ns          225735 1c008834 f6bff06f jal              x0, -150           
13744117ns          225738 1c00879e 1c0007b7 lui              x15, 0x1c000000     x15=1c000000
13744137ns          225739 1c0087a2 01c7a783 lw               x15, 28(x15)        x15=3fc90fdb x15:1c000000  PA:1c00001c
13744455ns          225755 1c0087a6 a0f517d3 flt.s            x15, f10, f15       x15=00000001 f10:3fb2a4bf f15:3fc90fdb
13744475ns          225756 1c0087aa 02079563 bne              x15, x0, 42         x15:00000001
13744534ns          225759 1c0087d4 10a57553 fmul.s           f10, f10, f10       f10=xxxxxxxx f10:3fb2a4bf f10:3fb2a4bf
13744554ns          225760 1c0087d8 1c0007b7 lui              x15, 0x1c000000     x15=1c000000
13744574ns          225761 1c0087dc 1c000737 lui              x14, 0x1c000000     x14=1c000000
13744594ns          225762 1c0087e0 13472703 lw               x14, 308(x14)       x14=bab59551 x14:1c000000  PA:1c000134
13744892ns          225777 1c0087e4 1307a783 lw               x15, 304(x15)       x15=37c23ab1 x15:1c000000  PA:1c000130
13745211ns          225793 1c0087e8 70f577c3 fmadd.s          f15, f10, f15, f14  f15=xxxxxxxx f10:3ff95307 f15:37c23ab1 f14:bab59551
13745231ns          225794 1c0087ec 1c000737 lui              x14, 0x1c000000     x14=1c000000
13745251ns          225795 1c0087f0 13872703 lw               x14, 312(x14)       x14=3d2aa76f x14:1c000000  PA:1c000138
13745569ns          225811 1c0087f4 70f577c3 fmadd.s          f15, f10, f15, f14  f15=xxxxxxxx f10:3ff95307 f15:baafac00 f14:3d2aa76f
13745589ns          225812 1c0087f8 1c000737 lui              x14, 0x1c000000     x14=1c000000
13745609ns          225813 1c0087fc 13c72703 lw               x14, 316(x14)       x14=beffffe0 x14:1c000000  PA:1c00013c
13745947ns          225830 1c008800 70f577c3 fmadd.s          f15, f10, f15, f14  f15=xxxxxxxx f10:3ff95307 f15:3d1ff5fb f14:beffffe0
13745967ns          225831 1c008804 1c000737 lui              x14, 0x1c000000     x14=1c000000
13745986ns          225832 1c008808 16872703 lw               x14, 360(x14)       x14=3f7fffff x14:1c000000  PA:1c000168
13746305ns          225848 1c00880c 70f57543 fmadd.s          f10, f10, f15, f14  f10=xxxxxxxx f10:3ff95307 f15:bed90d57 f14:3f7fffff
13746325ns          225849 1c008810 00008067 jalr             x0, x1, 0            x1:1c0081de
13746384ns          225852 1c0081de 016a7a53 fadd.s           f20, f20, f22       f20=xxxxxxxx f20:403dda4d f22:3efd2311
13746404ns          225853 1c0081e2 10acf553 fmul.s           f10, f25, f10       f10=xxxxxxxx f25:3f800000 f10:3e326e80
13746424ns          225854 1c0081e6 a14a97d3 flt.s            x15, f21, f20       x15=00000000 f21:40c90fdb f20:405d7eaf
13746444ns          225855 1c0081ea 00a4222b p.sw             x10, 4(x8!)          x8=10001cc0 x10:3e326e80  x8:10001cbc  PA:10001cbc
13746464ns          225856 1c0081ee 00078363 beq              x15, x0, 6          x15:00000000
13746524ns          225859 1c0081f4 ff7412e3 bne              x8, x23, -28         x8:10001cc0 x23:10001fc8
13746583ns          225862 1c0081d8 094c7553 fsub.s           f10, f24, f20       f10=xxxxxxxx f24:3fc90fdb f20:405d7eaf
13746603ns          225863 1c0081dc 57c000ef jal              x1, 1404             x1=1c0081de
13746643ns          225865 1c008758 a0a527d3 feq.s            x15, f10, f10       x15=00000001 f10:bff1ed83 f10:bff1ed83
13746663ns          225866 1c00875c 0a078b63 beq              x15, x0, 182        x15:00000001
13746683ns          225867 1c00875e e00517d3 fclass.s         x15, f10            x15=00000002 f10:bff1ed83
13746703ns          225868 1c008762 0817f793 andi             x15, x15, 129       x15=00000000 x15:00000002
13746722ns          225869 1c008766 0a079663 bne              x15, x0, 172        x15:00000000
13746742ns          225870 1c008768 00000793 addi             x15, x0, 0          x15=00000000
13746762ns          225871 1c00876c a0f517d3 flt.s            x15, f10, f15       x15=00000001 f10:bff1ed83 f15:00000000
13746782ns          225872 1c008770 0a079663 bne              x15, x0, 172        x15:00000001
13746842ns          225875 1c00881c 1c0007b7 lui              x15, 0x1c000000     x15=1c000000
13746862ns          225876 1c008820 12c7a783 lw               x15, 300(x15)       x15=c0c90fdb x15:1c000000  PA:1c00012c
13747180ns          225892 1c008824 a0f517d3 flt.s            x15, f10, f15       x15=00000000 f10:bff1ed83 f15:c0c90fdb
13747200ns          225893 1c008828 00078463 beq              x15, x0, 8          x15:00000000
13747259ns          225896 1c008830 20a51553 fsgnjn.s         f10, f10, f10       f10=xxxxxxxx f10:bff1ed83 f10:bff1ed83
13747279ns          225897 1c008834 f6bff06f jal              x0, -150           
13747339ns          225900 1c00879e 1c0007b7 lui              x15, 0x1c000000     x15=1c000000
13747359ns          225901 1c0087a2 01c7a783 lw               x15, 28(x15)        x15=3fc90fdb x15:1c000000  PA:1c00001c
13747717ns          225919 1c0087a6 a0f517d3 flt.s            x15, f10, f15       x15=00000000 f10:3ff1ed83 f15:3fc90fdb
13747737ns          225920 1c0087aa 02079563 bne              x15, x0, 42         x15:00000000
13747757ns          225921 1c0087ac 1c0007b7 lui              x15, 0x1c000000     x15=1c000000
13747777ns          225922 1c0087b0 1007a783 lw               x15, 256(x15)       x15=40490fdb x15:1c000000  PA:1c000100
13748115ns          225939 1c0087b4 a0f51753 flt.s            x14, f10, f15       x14=00000001 f10:3ff1ed83 f15:40490fdb
13748135ns          225940 1c0087b8 06071f63 bne              x14, x0, 126        x14:00000001
13748353ns          225951 1c008836 08a7f553 fsub.s           f10, f15, f10       f10=xxxxxxxx f15:40490fdb f10:3ff1ed83
13748373ns          225952 1c00883a 10a57553 fmul.s           f10, f10, f10       f10=xxxxxxxx f10:3fa03233 f10:3fa03233
13748851ns          225976 1c00883e 1c0007b7 lui              x15, 0x1c000000     x15=1c000000
13748891ns          225978 1c008842 1c000737 lui              x14, 0x1c000000     x14=1c000000
13748910ns          225979 1c008846 13472703 lw               x14, 308(x14)       x14=bab59551 x14:1c000000  PA:1c000134
13749209ns          225994 1c00884a 1307a783 lw               x15, 304(x15)       x15=37c23ab1 x15:1c000000  PA:1c000130
13749547ns          226011 1c00884e 70f577c3 fmadd.s          f15, f10, f15, f14  f15=xxxxxxxx f10:3fc87d93 f15:37c23ab1 f14:bab59551
13749567ns          226012 1c008852 1c000737 lui              x14, 0x1c000000     x14=1c000000
13749587ns          226013 1c008856 13872703 lw               x14, 312(x14)       x14=3d2aa76f x14:1c000000  PA:1c000138
13749905ns          226029 1c00885a 70f577c3 fmadd.s          f15, f10, f15, f14  f15=xxxxxxxx f10:3fc87d93 f15:bab0d468 f14:3d2aa76f
13750064ns          226037 1c00885e 1c000737 lui              x14, 0x1c000000     x14=1c000000
13750104ns          226039 1c008862 13c72703 lw               x14, 316(x14)       x14=beffffe0 x14:1c000000  PA:1c00013c
13750422ns          226055 1c008866 70f577c3 fmadd.s          f15, f10, f15, f14  f15=xxxxxxxx f10:3fc87d93 f15:3d21ffa4 f14:beffffe0
13750442ns          226056 1c00886a 1c000737 lui              x14, 0x1c000000     x14=1c000000
13750581ns          226063 1c00886e 16872703 lw               x14, 360(x14)       x14=3f7fffff x14:1c000000  PA:1c000168
13750919ns          226080 1c008872 70f57543 fmadd.s          f10, f10, f15, f14  f10=xxxxxxxx f10:3fc87d93 f15:bee04814 f14:3f7fffff
13750939ns          226081 1c008876 20a51553 fsgnjn.s         f10, f10, f10       f10=xxxxxxxx f10:3ea0b357 f10:3ea0b357
13750959ns          226082 1c00887a 00008067 jalr             x0, x1, 0            x1:1c0081de
13751476ns          226108 1c0081de 016a7a53 fadd.s           f20, f20, f22       f20=xxxxxxxx f20:405d7eaf f22:3efd2311
13751496ns          226109 1c0081e2 10acf553 fmul.s           f10, f25, f10       f10=xxxxxxxx f25:3f800000 f10:bea0b357
13751516ns          226110 1c0081e6 a14a97d3 flt.s            x15, f21, f20       x15=00000000 f21:40c90fdb f20:407d2311
13751536ns          226111 1c0081ea 00a4222b p.sw             x10, 4(x8!)          x8=10001cc4 x10:bea0b357  x8:10001cc0  PA:10001cc0
13751556ns          226112 1c0081ee 00078363 beq              x15, x0, 6          x15:00000000
13751616ns          226115 1c0081f4 ff7412e3 bne              x8, x23, -28         x8:10001cc4 x23:10001fc8
13751675ns          226118 1c0081d8 094c7553 fsub.s           f10, f24, f20       f10=xxxxxxxx f24:3fc90fdb f20:407d2311
13751695ns          226119 1c0081dc 57c000ef jal              x1, 1404             x1=1c0081de
13751735ns          226121 1c008758 a0a527d3 feq.s            x15, f10, f10       x15=00000001 f10:c0189b24 f10:c0189b24
13751755ns          226122 1c00875c 0a078b63 beq              x15, x0, 182        x15:00000001
13751814ns          226125 1c00875e e00517d3 fclass.s         x15, f10            x15=00000002 f10:c0189b24
13751854ns          226127 1c008762 0817f793 andi             x15, x15, 129       x15=00000000 x15:00000002
13751874ns          226128 1c008766 0a079663 bne              x15, x0, 172        x15:00000000
13751894ns          226129 1c008768 00000793 addi             x15, x0, 0          x15=00000000
13751914ns          226130 1c00876c a0f517d3 flt.s            x15, f10, f15       x15=00000001 f10:c0189b24 f15:00000000
13751954ns          226132 1c008770 0a079663 bne              x15, x0, 172        x15:00000001
13752013ns          226135 1c00881c 1c0007b7 lui              x15, 0x1c000000     x15=1c000000
13752033ns          226136 1c008820 12c7a783 lw               x15, 300(x15)       x15=c0c90fdb x15:1c000000  PA:1c00012c
13752352ns          226152 1c008824 a0f517d3 flt.s            x15, f10, f15       x15=00000000 f10:c0189b24 f15:c0c90fdb
13752371ns          226153 1c008828 00078463 beq              x15, x0, 8          x15:00000000
13752431ns          226156 1c008830 20a51553 fsgnjn.s         f10, f10, f10       f10=xxxxxxxx f10:c0189b24 f10:c0189b24
13752451ns          226157 1c008834 f6bff06f jal              x0, -150           
13752511ns          226160 1c00879e 1c0007b7 lui              x15, 0x1c000000     x15=1c000000
13752531ns          226161 1c0087a2 01c7a783 lw               x15, 28(x15)        x15=3fc90fdb x15:1c000000  PA:1c00001c
13752849ns          226177 1c0087a6 a0f517d3 flt.s            x15, f10, f15       x15=00000000 f10:40189b24 f15:3fc90fdb
13752869ns          226178 1c0087aa 02079563 bne              x15, x0, 42         x15:00000000
13752889ns          226179 1c0087ac 1c0007b7 lui              x15, 0x1c000000     x15=1c000000
13752908ns          226180 1c0087b0 1007a783 lw               x15, 256(x15)       x15=40490fdb x15:1c000000  PA:1c000100
13753227ns          226196 1c0087b4 a0f51753 flt.s            x14, f10, f15       x14=00000001 f10:40189b24 f15:40490fdb
13753247ns          226197 1c0087b8 06071f63 bne              x14, x0, 126        x14:00000001
13753326ns          226201 1c008836 08a7f553 fsub.s           f10, f15, f10       f10=xxxxxxxx f15:40490fdb f10:40189b24
13753346ns          226202 1c00883a 10a57553 fmul.s           f10, f10, f10       f10=xxxxxxxx f10:3f41d2dc f10:3f41d2dc
13753366ns          226203 1c00883e 1c0007b7 lui              x15, 0x1c000000     x15=1c000000
13753386ns          226204 1c008842 1c000737 lui              x14, 0x1c000000     x14=1c000000
13753406ns          226205 1c008846 13472703 lw               x14, 308(x14)       x14=bab59551 x14:1c000000  PA:1c000134
13753704ns          226220 1c00884a 1307a783 lw               x15, 304(x15)       x15=37c23ab1 x15:1c000000  PA:1c000130
13754042ns          226237 1c00884e 70f577c3 fmadd.s          f15, f10, f15, f14  f15=xxxxxxxx f10:3f12bf9d f15:37c23ab1 f14:bab59551
13754062ns          226238 1c008852 1c000737 lui              x14, 0x1c000000     x14=1c000000
13754082ns          226239 1c008856 13872703 lw               x14, 312(x14)       x14=3d2aa76f x14:1c000000  PA:1c000138
13754400ns          226255 1c00885a 70f577c3 fmadd.s          f15, f10, f15, f14  f15=xxxxxxxx f10:3f12bf9d f15:bab3d7f6 f14:3d2aa76f
13754420ns          226256 1c00885e 1c000737 lui              x14, 0x1c000000     x14=1c000000
13754440ns          226257 1c008862 13c72703 lw               x14, 316(x14)       x14=beffffe0 x14:1c000000  PA:1c00013c
13754758ns          226273 1c008866 70f577c3 fmadd.s          f15, f10, f15, f14  f15=xxxxxxxx f10:3f12bf9d f15:3d276eb1 f14:beffffe0
13754778ns          226274 1c00886a 1c000737 lui              x14, 0x1c000000     x14=1c000000
13754798ns          226275 1c00886e 16872703 lw               x14, 360(x14)       x14=3f7fffff x14:1c000000  PA:1c000168
13755116ns          226291 1c008872 70f57543 fmadd.s          f10, f10, f15, f14  f10=xxxxxxxx f10:3f12bf9d f15:bef40092 f14:3f7fffff
13755136ns          226292 1c008876 20a51553 fsgnjn.s         f10, f10, f10       f10=xxxxxxxx f10:3f3a1084 f10:3f3a1084
13755156ns          226293 1c00887a 00008067 jalr             x0, x1, 0            x1:1c0081de
13755216ns          226296 1c0081de 016a7a53 fadd.s           f20, f20, f22       f20=xxxxxxxx f20:407d2311 f22:3efd2311
13755236ns          226297 1c0081e2 10acf553 fmul.s           f10, f25, f10       f10=xxxxxxxx f25:3f800000 f10:bf3a1084
13755256ns          226298 1c0081e6 a14a97d3 flt.s            x15, f21, f20       x15=00000000 f21:40c90fdb f20:408e63ba
13755275ns          226299 1c0081ea 00a4222b p.sw             x10, 4(x8!)          x8=10001cc8 x10:bf3a1084  x8:10001cc4  PA:10001cc4
13755295ns          226300 1c0081ee 00078363 beq              x15, x0, 6          x15:00000000
13755375ns          226304 1c0081f4 ff7412e3 bne              x8, x23, -28         x8:10001cc8 x23:10001fc8
13755435ns          226307 1c0081d8 094c7553 fsub.s           f10, f24, f20       f10=xxxxxxxx f24:3fc90fdb f20:408e63ba
13755454ns          226308 1c0081dc 57c000ef jal              x1, 1404             x1=1c0081de
13755494ns          226310 1c008758 a0a527d3 feq.s            x15, f10, f10       x15=00000001 f10:c0383f86 f10:c0383f86
13755514ns          226311 1c00875c 0a078b63 beq              x15, x0, 182        x15:00000001
13755534ns          226312 1c00875e e00517d3 fclass.s         x15, f10            x15=00000002 f10:c0383f86
13755554ns          226313 1c008762 0817f793 andi             x15, x15, 129       x15=00000000 x15:00000002
13755574ns          226314 1c008766 0a079663 bne              x15, x0, 172        x15:00000000
13755594ns          226315 1c008768 00000793 addi             x15, x0, 0          x15=00000000
13755614ns          226316 1c00876c a0f517d3 flt.s            x15, f10, f15       x15=00000001 f10:c0383f86 f15:00000000
13755633ns          226317 1c008770 0a079663 bne              x15, x0, 172        x15:00000001
13755693ns          226320 1c00881c 1c0007b7 lui              x15, 0x1c000000     x15=1c000000
13755713ns          226321 1c008820 12c7a783 lw               x15, 300(x15)       x15=c0c90fdb x15:1c000000  PA:1c00012c
13756031ns          226337 1c008824 a0f517d3 flt.s            x15, f10, f15       x15=00000000 f10:c0383f86 f15:c0c90fdb
13756051ns          226338 1c008828 00078463 beq              x15, x0, 8          x15:00000000
13756111ns          226341 1c008830 20a51553 fsgnjn.s         f10, f10, f10       f10=xxxxxxxx f10:c0383f86 f10:c0383f86
13756131ns          226342 1c008834 f6bff06f jal              x0, -150           
13756190ns          226345 1c00879e 1c0007b7 lui              x15, 0x1c000000     x15=1c000000
13756210ns          226346 1c0087a2 01c7a783 lw               x15, 28(x15)        x15=3fc90fdb x15:1c000000  PA:1c00001c
13756529ns          226362 1c0087a6 a0f517d3 flt.s            x15, f10, f15       x15=00000000 f10:40383f86 f15:3fc90fdb
13756548ns          226363 1c0087aa 02079563 bne              x15, x0, 42         x15:00000000
13756568ns          226364 1c0087ac 1c0007b7 lui              x15, 0x1c000000     x15=1c000000
13756588ns          226365 1c0087b0 1007a783 lw               x15, 256(x15)       x15=40490fdb x15:1c000000  PA:1c000100
13756926ns          226382 1c0087b4 a0f51753 flt.s            x14, f10, f15       x14=00000001 f10:40383f86 f15:40490fdb
13756946ns          226383 1c0087b8 06071f63 bne              x14, x0, 126        x14:00000001
13757026ns          226387 1c008836 08a7f553 fsub.s           f10, f15, f10       f10=xxxxxxxx f15:40490fdb f10:40383f86
13757046ns          226388 1c00883a 10a57553 fmul.s           f10, f10, f10       f10=xxxxxxxx f10:3e8682a8 f10:3e8682a8
13757066ns          226389 1c00883e 1c0007b7 lui              x15, 0x1c000000     x15=1c000000
13757086ns          226390 1c008842 1c000737 lui              x14, 0x1c000000     x14=1c000000
13757105ns          226391 1c008846 13472703 lw               x14, 308(x14)       x14=bab59551 x14:1c000000  PA:1c000134
13757404ns          226406 1c00884a 1307a783 lw               x15, 304(x15)       x15=37c23ab1 x15:1c000000  PA:1c000130
13757722ns          226422 1c00884e 70f577c3 fmadd.s          f15, f10, f15, f14  f15=xxxxxxxx f10:3d8d5a15 f15:37c23ab1 f14:bab59551
13757742ns          226423 1c008852 1c000737 lui              x14, 0x1c000000     x14=1c000000
13757762ns          226424 1c008856 13872703 lw               x14, 312(x14)       x14=3d2aa76f x14:1c000000  PA:1c000138
13758080ns          226440 1c00885a 70f577c3 fmadd.s          f15, f10, f15, f14  f15=xxxxxxxx f10:3d8d5a15 f15:bab55fb2 f14:3d2aa76f
13758100ns          226441 1c00885e 1c000737 lui              x14, 0x1c000000     x14=1c000000
13758120ns          226442 1c008862 13c72703 lw               x14, 316(x14)       x14=beffffe0 x14:1c000000  PA:1c00013c
13758438ns          226458 1c008866 70f577c3 fmadd.s          f15, f10, f15, f14  f15=xxxxxxxx f10:3d8d5a15 f15:3d2a4349 f14:beffffe0
13758458ns          226459 1c00886a 1c000737 lui              x14, 0x1c000000     x14=1c000000
13758478ns          226460 1c00886e 16872703 lw               x14, 360(x14)       x14=3f7fffff x14:1c000000  PA:1c000168
13758816ns          226477 1c008872 70f57543 fmadd.s          f10, f10, f15, f14  f10=xxxxxxxx f10:3d8d5a15 f15:befe87d4 f14:3f7fffff
13758836ns          226478 1c008876 20a51553 fsgnjn.s         f10, f10, f10       f10=xxxxxxxx f10:3f773759 f10:3f773759
13758856ns          226479 1c00887a 00008067 jalr             x0, x1, 0            x1:1c0081de
13758915ns          226482 1c0081de 016a7a53 fadd.s           f20, f20, f22       f20=xxxxxxxx f20:408e63ba f22:3efd2311
13758935ns          226483 1c0081e2 10acf553 fmul.s           f10, f25, f10       f10=xxxxxxxx f25:3f800000 f10:bf773759
13758955ns          226484 1c0081e6 a14a97d3 flt.s            x15, f21, f20       x15=00000000 f21:40c90fdb f20:409e35eb
13758975ns          226485 1c0081ea 00a4222b p.sw             x10, 4(x8!)          x8=10001ccc x10:bf773759  x8:10001cc8  PA:10001cc8
13758995ns          226486 1c0081ee 00078363 beq              x15, x0, 6          x15:00000000
13759055ns          226489 1c0081f4 ff7412e3 bne              x8, x23, -28         x8:10001ccc x23:10001fc8
13759114ns          226492 1c0081d8 094c7553 fsub.s           f10, f24, f20       f10=xxxxxxxx f24:3fc90fdb f20:409e35eb
13759134ns          226493 1c0081dc 57c000ef jal              x1, 1404             x1=1c0081de
13759174ns          226495 1c008758 a0a527d3 feq.s            x15, f10, f10       x15=00000001 f10:c057e3e8 f10:c057e3e8
13759194ns          226496 1c00875c 0a078b63 beq              x15, x0, 182        x15:00000001
13759214ns          226497 1c00875e e00517d3 fclass.s         x15, f10            x15=00000002 f10:c057e3e8
13759234ns          226498 1c008762 0817f793 andi             x15, x15, 129       x15=00000000 x15:00000002
13759254ns          226499 1c008766 0a079663 bne              x15, x0, 172        x15:00000000
13759273ns          226500 1c008768 00000793 addi             x15, x0, 0          x15=00000000
13759293ns          226501 1c00876c a0f517d3 flt.s            x15, f10, f15       x15=00000001 f10:c057e3e8 f15:00000000
13759313ns          226502 1c008770 0a079663 bne              x15, x0, 172        x15:00000001
13759373ns          226505 1c00881c 1c0007b7 lui              x15, 0x1c000000     x15=1c000000
13759393ns          226506 1c008820 12c7a783 lw               x15, 300(x15)       x15=c0c90fdb x15:1c000000  PA:1c00012c
13759731ns          226523 1c008824 a0f517d3 flt.s            x15, f10, f15       x15=00000000 f10:c057e3e8 f15:c0c90fdb
13759751ns          226524 1c008828 00078463 beq              x15, x0, 8          x15:00000000
13759811ns          226527 1c008830 20a51553 fsgnjn.s         f10, f10, f10       f10=xxxxxxxx f10:c057e3e8 f10:c057e3e8
13759830ns          226528 1c008834 f6bff06f jal              x0, -150           
13759890ns          226531 1c00879e 1c0007b7 lui              x15, 0x1c000000     x15=1c000000
13759910ns          226532 1c0087a2 01c7a783 lw               x15, 28(x15)        x15=3fc90fdb x15:1c000000  PA:1c00001c
13760228ns          226548 1c0087a6 a0f517d3 flt.s            x15, f10, f15       x15=00000000 f10:4057e3e8 f15:3fc90fdb
13760248ns          226549 1c0087aa 02079563 bne              x15, x0, 42         x15:00000000
13760268ns          226550 1c0087ac 1c0007b7 lui              x15, 0x1c000000     x15=1c000000
13760288ns          226551 1c0087b0 1007a783 lw               x15, 256(x15)       x15=40490fdb x15:1c000000  PA:1c000100
13760646ns          226569 1c0087b4 a0f51753 flt.s            x14, f10, f15       x14=00000000 f10:4057e3e8 f15:40490fdb
13760666ns          226570 1c0087b8 06071f63 bne              x14, x0, 126        x14:00000000
13760686ns          226571 1c0087ba 1c000737 lui              x14, 0x1c000000     x14=1c000000
13760706ns          226572 1c0087be 14072703 lw               x14, 320(x14)       x14=4096cbe4 x14:1c000000  PA:1c000140
13761044ns          226589 1c0087c2 a0e51753 flt.s            x14, f10, f14       x14=00000001 f10:4057e3e8 f14:4096cbe4
13761064ns          226590 1c0087c6 0a071b63 bne              x14, x0, 182        x14:00000001
13761123ns          226593 1c00887c 08f57553 fsub.s           f10, f10, f15       f10=xxxxxxxx f10:4057e3e8 f15:40490fdb
13761143ns          226594 1c008880 fbbff06f jal              x0, -70            
13761203ns          226597 1c00883a 10a57553 fmul.s           f10, f10, f10       f10=xxxxxxxx f10:3e6d40d0 f10:3e6d40d0
13761223ns          226598 1c00883e 1c0007b7 lui              x15, 0x1c000000     x15=1c000000
13761243ns          226599 1c008842 1c000737 lui              x14, 0x1c000000     x14=1c000000
13761263ns          226600 1c008846 13472703 lw               x14, 308(x14)       x14=bab59551 x14:1c000000  PA:1c000134
13761561ns          226615 1c00884a 1307a783 lw               x15, 304(x15)       x15=37c23ab1 x15:1c000000  PA:1c000130
13761879ns          226631 1c00884e 70f577c3 fmadd.s          f15, f10, f15, f14  f15=xxxxxxxx f10:3d5be112 f15:37c23ab1 f14:bab59551
13761899ns          226632 1c008852 1c000737 lui              x14, 0x1c000000     x14=1c000000
13761919ns          226633 1c008856 13872703 lw               x14, 312(x14)       x14=3d2aa76f x14:1c000000  PA:1c000138
13762257ns          226650 1c00885a 70f577c3 fmadd.s          f15, f10, f15, f14  f15=xxxxxxxx f10:3d5be112 f15:bab56b9c f14:3d2aa76f
13762277ns          226651 1c00885e 1c000737 lui              x14, 0x1c000000     x14=1c000000
13762297ns          226652 1c008862 13c72703 lw               x14, 316(x14)       x14=beffffe0 x14:1c000000  PA:1c00013c
13762615ns          226668 1c008866 70f577c3 fmadd.s          f15, f10, f15, f14  f15=xxxxxxxx f10:3d5be112 f15:3d2a5986 f14:beffffe0
13762635ns          226669 1c00886a 1c000737 lui              x14, 0x1c000000     x14=1c000000
13762655ns          226670 1c00886e 16872703 lw               x14, 360(x14)       x14=3f7fffff x14:1c000000  PA:1c000168
13762973ns          226686 1c008872 70f57543 fmadd.s          f10, f10, f15, f14  f10=xxxxxxxx f10:3d5be112 f15:befedb3f f14:3f7fffff
13762993ns          226687 1c008876 20a51553 fsgnjn.s         f10, f10, f10       f10=xxxxxxxx f10:3f7928d2 f10:3f7928d2
13763013ns          226688 1c00887a 00008067 jalr             x0, x1, 0            x1:1c0081de
13763073ns          226691 1c0081de 016a7a53 fadd.s           f20, f20, f22       f20=xxxxxxxx f20:409e35eb f22:3efd2311
13763093ns          226692 1c0081e2 10acf553 fmul.s           f10, f25, f10       f10=xxxxxxxx f25:3f800000 f10:bf7928d2
13763112ns          226693 1c0081e6 a14a97d3 flt.s            x15, f21, f20       x15=00000000 f21:40c90fdb f20:40ae081c
13763132ns          226694 1c0081ea 00a4222b p.sw             x10, 4(x8!)          x8=10001cd0 x10:bf7928d2  x8:10001ccc  PA:10001ccc
13763152ns          226695 1c0081ee 00078363 beq              x15, x0, 6          x15:00000000
13763212ns          226698 1c0081f4 ff7412e3 bne              x8, x23, -28         x8:10001cd0 x23:10001fc8
13763272ns          226701 1c0081d8 094c7553 fsub.s           f10, f24, f20       f10=xxxxxxxx f24:3fc90fdb f20:40ae081c
13763291ns          226702 1c0081dc 57c000ef jal              x1, 1404             x1=1c0081de
13763331ns          226704 1c008758 a0a527d3 feq.s            x15, f10, f10       x15=00000001 f10:c077884a f10:c077884a
13763351ns          226705 1c00875c 0a078b63 beq              x15, x0, 182        x15:00000001
13763371ns          226706 1c00875e e00517d3 fclass.s         x15, f10            x15=00000002 f10:c077884a
13763391ns          226707 1c008762 0817f793 andi             x15, x15, 129       x15=00000000 x15:00000002
13763411ns          226708 1c008766 0a079663 bne              x15, x0, 172        x15:00000000
13763431ns          226709 1c008768 00000793 addi             x15, x0, 0          x15=00000000
13763451ns          226710 1c00876c a0f517d3 flt.s            x15, f10, f15       x15=00000001 f10:c077884a f15:00000000
13763470ns          226711 1c008770 0a079663 bne              x15, x0, 172        x15:00000001
13763530ns          226714 1c00881c 1c0007b7 lui              x15, 0x1c000000     x15=1c000000
13763550ns          226715 1c008820 12c7a783 lw               x15, 300(x15)       x15=c0c90fdb x15:1c000000  PA:1c00012c
13763868ns          226731 1c008824 a0f517d3 flt.s            x15, f10, f15       x15=00000000 f10:c077884a f15:c0c90fdb
13763888ns          226732 1c008828 00078463 beq              x15, x0, 8          x15:00000000
13763948ns          226735 1c008830 20a51553 fsgnjn.s         f10, f10, f10       f10=xxxxxxxx f10:c077884a f10:c077884a
13763968ns          226736 1c008834 f6bff06f jal              x0, -150           
13764027ns          226739 1c00879e 1c0007b7 lui              x15, 0x1c000000     x15=1c000000
13764047ns          226740 1c0087a2 01c7a783 lw               x15, 28(x15)        x15=3fc90fdb x15:1c000000  PA:1c00001c
13764385ns          226757 1c0087a6 a0f517d3 flt.s            x15, f10, f15       x15=00000000 f10:4077884a f15:3fc90fdb
13764405ns          226758 1c0087aa 02079563 bne              x15, x0, 42         x15:00000000
13764425ns          226759 1c0087ac 1c0007b7 lui              x15, 0x1c000000     x15=1c000000
13764445ns          226760 1c0087b0 1007a783 lw               x15, 256(x15)       x15=40490fdb x15:1c000000  PA:1c000100
13764763ns          226776 1c0087b4 a0f51753 flt.s            x14, f10, f15       x14=00000000 f10:4077884a f15:40490fdb
13764783ns          226777 1c0087b8 06071f63 bne              x14, x0, 126        x14:00000000
13764803ns          226778 1c0087ba 1c000737 lui              x14, 0x1c000000     x14=1c000000
13764823ns          226779 1c0087be 14072703 lw               x14, 320(x14)       x14=4096cbe4 x14:1c000000  PA:1c000140
13765141ns          226795 1c0087c2 a0e51753 flt.s            x14, f10, f14       x14=00000001 f10:4077884a f14:4096cbe4
13765161ns          226796 1c0087c6 0a071b63 bne              x14, x0, 182        x14:00000001
13765221ns          226799 1c00887c 08f57553 fsub.s           f10, f10, f15       f10=xxxxxxxx f10:4077884a f15:40490fdb
13765241ns          226800 1c008880 fbbff06f jal              x0, -70            
13765300ns          226803 1c00883a 10a57553 fmul.s           f10, f10, f10       f10=xxxxxxxx f10:3f39e1bc f10:3f39e1bc
13765320ns          226804 1c00883e 1c0007b7 lui              x15, 0x1c000000     x15=1c000000
13765340ns          226805 1c008842 1c000737 lui              x14, 0x1c000000     x14=1c000000
13765360ns          226806 1c008846 13472703 lw               x14, 308(x14)       x14=bab59551 x14:1c000000  PA:1c000134
13765658ns          226821 1c00884a 1307a783 lw               x15, 304(x15)       x15=37c23ab1 x15:1c000000  PA:1c000130
13765997ns          226838 1c00884e 70f577c3 fmadd.s          f15, f10, f15, f14  f15=xxxxxxxx f10:3f06f809 f15:37c23ab1 f14:bab59551
13766016ns          226839 1c008852 1c000737 lui              x14, 0x1c000000     x14=1c000000
13766036ns          226840 1c008856 13872703 lw               x14, 312(x14)       x14=3d2aa76f x14:1c000000  PA:1c000138
13766355ns          226856 1c00885a 70f577c3 fmadd.s          f15, f10, f15, f14  f15=xxxxxxxx f10:3f06f809 f15:bab3fbb5 f14:3d2aa76f
13766374ns          226857 1c00885e 1c000737 lui              x14, 0x1c000000     x14=1c000000
13766394ns          226858 1c008862 13c72703 lw               x14, 316(x14)       x14=beffffe0 x14:1c000000  PA:1c00013c
13766713ns          226874 1c008866 70f577c3 fmadd.s          f15, f10, f15, f14  f15=xxxxxxxx f10:3f06f809 f15:3d27b04e f14:beffffe0
13766733ns          226875 1c00886a 1c000737 lui              x14, 0x1c000000     x14=1c000000
13766752ns          226876 1c00886e 16872703 lw               x14, 360(x14)       x14=3f7fffff x14:1c000000  PA:1c000168
13767071ns          226892 1c008872 70f57543 fmadd.s          f10, f10, f15, f14  f10=xxxxxxxx f10:3f06f809 f15:bef4f2c8 f14:3f7fffff
13767091ns          226893 1c008876 20a51553 fsgnjn.s         f10, f10, f10       f10=xxxxxxxx f10:3f3f6dcb f10:3f3f6dcb
13767110ns          226894 1c00887a 00008067 jalr             x0, x1, 0            x1:1c0081de
13767170ns          226897 1c0081de 016a7a53 fadd.s           f20, f20, f22       f20=xxxxxxxx f20:40ae081c f22:3efd2311
13767190ns          226898 1c0081e2 10acf553 fmul.s           f10, f25, f10       f10=xxxxxxxx f25:3f800000 f10:bf3f6dcb
13767210ns          226899 1c0081e6 a14a97d3 flt.s            x15, f21, f20       x15=00000000 f21:40c90fdb f20:40bdda4d
13767230ns          226900 1c0081ea 00a4222b p.sw             x10, 4(x8!)          x8=10001cd4 x10:bf3f6dcb  x8:10001cd0  PA:10001cd0
13767250ns          226901 1c0081ee 00078363 beq              x15, x0, 6          x15:00000000
13767309ns          226904 1c0081f4 ff7412e3 bne              x8, x23, -28         x8:10001cd4 x23:10001fc8
13767369ns          226907 1c0081d8 094c7553 fsub.s           f10, f24, f20       f10=xxxxxxxx f24:3fc90fdb f20:40bdda4d
13767389ns          226908 1c0081dc 57c000ef jal              x1, 1404             x1=1c0081de
13767429ns          226910 1c008758 a0a527d3 feq.s            x15, f10, f10       x15=00000001 f10:c08b9656 f10:c08b9656
13767449ns          226911 1c00875c 0a078b63 beq              x15, x0, 182        x15:00000001
13767468ns          226912 1c00875e e00517d3 fclass.s         x15, f10            x15=00000002 f10:c08b9656
13767488ns          226913 1c008762 0817f793 andi             x15, x15, 129       x15=00000000 x15:00000002
13767508ns          226914 1c008766 0a079663 bne              x15, x0, 172        x15:00000000
13767528ns          226915 1c008768 00000793 addi             x15, x0, 0          x15=00000000
13767548ns          226916 1c00876c a0f517d3 flt.s            x15, f10, f15       x15=00000001 f10:c08b9656 f15:00000000
13767568ns          226917 1c008770 0a079663 bne              x15, x0, 172        x15:00000001
13767628ns          226920 1c00881c 1c0007b7 lui              x15, 0x1c000000     x15=1c000000
13767647ns          226921 1c008820 12c7a783 lw               x15, 300(x15)       x15=c0c90fdb x15:1c000000  PA:1c00012c
13767966ns          226937 1c008824 a0f517d3 flt.s            x15, f10, f15       x15=00000000 f10:c08b9656 f15:c0c90fdb
13767986ns          226938 1c008828 00078463 beq              x15, x0, 8          x15:00000000
13768045ns          226941 1c008830 20a51553 fsgnjn.s         f10, f10, f10       f10=xxxxxxxx f10:c08b9656 f10:c08b9656
13768065ns          226942 1c008834 f6bff06f jal              x0, -150           
13768125ns          226945 1c00879e 1c0007b7 lui              x15, 0x1c000000     x15=1c000000
13768145ns          226946 1c0087a2 01c7a783 lw               x15, 28(x15)        x15=3fc90fdb x15:1c000000  PA:1c00001c
13768483ns          226963 1c0087a6 a0f517d3 flt.s            x15, f10, f15       x15=00000000 f10:408b9656 f15:3fc90fdb
13768503ns          226964 1c0087aa 02079563 bne              x15, x0, 42         x15:00000000
13768523ns          226965 1c0087ac 1c0007b7 lui              x15, 0x1c000000     x15=1c000000
13768543ns          226966 1c0087b0 1007a783 lw               x15, 256(x15)       x15=40490fdb x15:1c000000  PA:1c000100
13768861ns          226982 1c0087b4 a0f51753 flt.s            x14, f10, f15       x14=00000000 f10:408b9656 f15:40490fdb
13768881ns          226983 1c0087b8 06071f63 bne              x14, x0, 126        x14:00000000
13768901ns          226984 1c0087ba 1c000737 lui              x14, 0x1c000000     x14=1c000000
13768921ns          226985 1c0087be 14072703 lw               x14, 320(x14)       x14=4096cbe4 x14:1c000000  PA:1c000140
13769239ns          227001 1c0087c2 a0e51753 flt.s            x14, f10, f14       x14=00000001 f10:408b9656 f14:4096cbe4
13769259ns          227002 1c0087c6 0a071b63 bne              x14, x0, 182        x14:00000001
13769318ns          227005 1c00887c 08f57553 fsub.s           f10, f10, f15       f10=xxxxxxxx f10:408b9656 f15:40490fdb
13769338ns          227006 1c008880 fbbff06f jal              x0, -70            
13769398ns          227009 1c00883a 10a57553 fmul.s           f10, f10, f10       f10=xxxxxxxx f10:3f9c39a2 f10:3f9c39a2
13769418ns          227010 1c00883e 1c0007b7 lui              x15, 0x1c000000     x15=1c000000
13769438ns          227011 1c008842 1c000737 lui              x14, 0x1c000000     x14=1c000000
13769458ns          227012 1c008846 13472703 lw               x14, 308(x14)       x14=bab59551 x14:1c000000  PA:1c000134
13769776ns          227028 1c00884a 1307a783 lw               x15, 304(x15)       x15=37c23ab1 x15:1c000000  PA:1c000130
13770154ns          227047 1c00884e 70f577c3 fmadd.s          f15, f10, f15, f14  f15=xxxxxxxx f10:3fbeac95 f15:37c23ab1 f14:bab59551
13770174ns          227048 1c008852 1c000737 lui              x14, 0x1c000000     x14=1c000000
13770194ns          227049 1c008856 13872703 lw               x14, 312(x14)       x14=3d2aa76f x14:1c000000  PA:1c000138
13770512ns          227065 1c00885a 70f577c3 fmadd.s          f15, f10, f15, f14  f15=xxxxxxxx f10:3fbeac95 f15:bab10ffd f14:3d2aa76f
13770532ns          227066 1c00885e 1c000737 lui              x14, 0x1c000000     x14=1c000000
13770552ns          227067 1c008862 13c72703 lw               x14, 316(x14)       x14=beffffe0 x14:1c000000  PA:1c00013c
13770870ns          227083 1c008866 70f577c3 fmadd.s          f15, f10, f15, f14  f15=xxxxxxxx f10:3fbeac95 f15:3d22695b f14:beffffe0
13770890ns          227084 1c00886a 1c000737 lui              x14, 0x1c000000     x14=1c000000
13770910ns          227085 1c00886e 16872703 lw               x14, 360(x14)       x14=3f7fffff x14:1c000000  PA:1c000168
13771248ns          227102 1c008872 70f57543 fmadd.s          f10, f10, f15, f14  f10=xxxxxxxx f10:3fbeac95 f15:bee1c1f4 f14:3f7fffff
13771268ns          227103 1c008876 20a51553 fsgnjn.s         f10, f10, f10       f10=xxxxxxxx f10:3eafb3b4 f10:3eafb3b4
13771288ns          227104 1c00887a 00008067 jalr             x0, x1, 0            x1:1c0081de
13771347ns          227107 1c0081de 016a7a53 fadd.s           f20, f20, f22       f20=xxxxxxxx f20:40bdda4d f22:3efd2311
13771367ns          227108 1c0081e2 10acf553 fmul.s           f10, f25, f10       f10=xxxxxxxx f25:3f800000 f10:beafb3b4
13771387ns          227109 1c0081e6 a14a97d3 flt.s            x15, f21, f20       x15=00000001 f21:40c90fdb f20:40cdac7e
13771407ns          227110 1c0081ea 00a4222b p.sw             x10, 4(x8!)          x8=10001cd8 x10:beafb3b4  x8:10001cd4  PA:10001cd4
13771427ns          227111 1c0081ee 00078363 beq              x15, x0, 6          x15:00000001
13771447ns          227112 1c0081f0 095a7a53 fsub.s           f20, f20, f21       f20=xxxxxxxx f20:40cdac7e f21:40c90fdb
13771467ns          227113 1c0081f4 ff7412e3 bne              x8, x23, -28         x8:10001cd8 x23:10001fc8
13771964ns          227138 1c0081d8 094c7553 fsub.s           f10, f24, f20       f10=xxxxxxxx f24:3fc90fdb f20:3e139460
13771984ns          227139 1c0081dc 57c000ef jal              x1, 1404             x1=1c0081de
13772023ns          227141 1c008758 a0a527d3 feq.s            x15, f10, f10       x15=00000001 f10:3fb69d4f f10:3fb69d4f
13772043ns          227142 1c00875c 0a078b63 beq              x15, x0, 182        x15:00000001
13772063ns          227143 1c00875e e00517d3 fclass.s         x15, f10            x15=00000040 f10:3fb69d4f
13772083ns          227144 1c008762 0817f793 andi             x15, x15, 129       x15=00000000 x15:00000040
13772103ns          227145 1c008766 0a079663 bne              x15, x0, 172        x15:00000000
13772123ns          227146 1c008768 00000793 addi             x15, x0, 0          x15=00000000
13772143ns          227147 1c00876c a0f517d3 flt.s            x15, f10, f15       x15=00000000 f10:3fb69d4f f15:00000000
13772163ns          227148 1c008770 0a079663 bne              x15, x0, 172        x15:00000000
13772183ns          227149 1c008772 1c000737 lui              x14, 0x1c000000     x14=1c000000
13772202ns          227150 1c008776 02072783 lw               x15, 32(x14)        x15=40c90fdb x14:1c000000  PA:1c000020
13772521ns          227166 1c00877a a0a797d3 flt.s            x15, f15, f10       x15=00000000 f15:40c90fdb f10:3fb69d4f
13772541ns          227167 1c00877e 00078b63 beq              x15, x0, 22         x15:00000000
13772600ns          227170 1c008794 00000793 addi             x15, x0, 0          x15=00000000
13772620ns          227171 1c008798 a0f517d3 flt.s            x15, f10, f15       x15=00000000 f10:3fb69d4f f15:00000000
13772640ns          227172 1c00879c 08079a63 bne              x15, x0, 148        x15:00000000
13772660ns          227173 1c00879e 1c0007b7 lui              x15, 0x1c000000     x15=1c000000
13772680ns          227174 1c0087a2 01c7a783 lw               x15, 28(x15)        x15=3fc90fdb x15:1c000000  PA:1c00001c
13772998ns          227190 1c0087a6 a0f517d3 flt.s            x15, f10, f15       x15=00000001 f10:3fb69d4f f15:3fc90fdb
13773018ns          227191 1c0087aa 02079563 bne              x15, x0, 42         x15:00000001
13773078ns          227194 1c0087d4 10a57553 fmul.s           f10, f10, f10       f10=xxxxxxxx f10:3fb69d4f f10:3fb69d4f
13773098ns          227195 1c0087d8 1c0007b7 lui              x15, 0x1c000000     x15=1c000000
13773117ns          227196 1c0087dc 1c000737 lui              x14, 0x1c000000     x14=1c000000
13773177ns          227199 1c0087e0 13472703 lw               x14, 308(x14)       x14=bab59551 x14:1c000000  PA:1c000134
13773515ns          227216 1c0087e4 1307a783 lw               x15, 304(x15)       x15=37c23ab1 x15:1c000000  PA:1c000130
13773834ns          227232 1c0087e8 70f577c3 fmadd.s          f15, f10, f15, f14  f15=xxxxxxxx f10:4002440d f15:37c23ab1 f14:bab59551
13773853ns          227233 1c0087ec 1c000737 lui              x14, 0x1c000000     x14=1c000000
13773873ns          227234 1c0087f0 13872703 lw               x14, 312(x14)       x14=3d2aa76f x14:1c000000  PA:1c000138
13774211ns          227251 1c0087f4 70f577c3 fmadd.s          f15, f10, f15, f14  f15=xxxxxxxx f10:4002440d f15:baaf67fa f14:3d2aa76f
13774231ns          227252 1c0087f8 1c000737 lui              x14, 0x1c000000     x14=1c000000
13774251ns          227253 1c0087fc 13c72703 lw               x14, 316(x14)       x14=beffffe0 x14:1c000000  PA:1c00013c
13774569ns          227269 1c008800 70f577c3 fmadd.s          f15, f10, f15, f14  f15=xxxxxxxx f10:4002440d f15:3d1f7f41 f14:beffffe0
13774589ns          227270 1c008804 1c000737 lui              x14, 0x1c000000     x14=1c000000
13774609ns          227271 1c008808 16872703 lw               x14, 360(x14)       x14=3f7fffff x14:1c000000  PA:1c000168
13774928ns          227287 1c00880c 70f57543 fmadd.s          f10, f10, f15, f14  f10=xxxxxxxx f10:4002440d f15:bed76b5e f14:3f7fffff
13774947ns          227288 1c008810 00008067 jalr             x0, x1, 0            x1:1c0081de
13775007ns          227291 1c0081de 016a7a53 fadd.s           f20, f20, f22       f20=xxxxxxxx f20:3e139460 f22:3efd2311
13775027ns          227292 1c0081e2 10acf553 fmul.s           f10, f25, f10       f10=xxxxxxxx f25:3f800000 f10:3e1311b2
13775047ns          227293 1c0081e6 a14a97d3 flt.s            x15, f21, f20       x15=00000000 f21:40c90fdb f20:3f2376a0
13775067ns          227294 1c0081ea 00a4222b p.sw             x10, 4(x8!)          x8=10001cdc x10:3e1311b2  x8:10001cd8  PA:10001cd8
13775087ns          227295 1c0081ee 00078363 beq              x15, x0, 6          x15:00000000
13775146ns          227298 1c0081f4 ff7412e3 bne              x8, x23, -28         x8:10001cdc x23:10001fc8
13775206ns          227301 1c0081d8 094c7553 fsub.s           f10, f24, f20       f10=xxxxxxxx f24:3fc90fdb f20:3f2376a0
13775226ns          227302 1c0081dc 57c000ef jal              x1, 1404             x1=1c0081de
13775266ns          227304 1c008758 a0a527d3 feq.s            x15, f10, f10       x15=00000001 f10:3f6ea916 f10:3f6ea916
13775286ns          227305 1c00875c 0a078b63 beq              x15, x0, 182        x15:00000001
13775305ns          227306 1c00875e e00517d3 fclass.s         x15, f10            x15=00000040 f10:3f6ea916
13775325ns          227307 1c008762 0817f793 andi             x15, x15, 129       x15=00000000 x15:00000040
13775345ns          227308 1c008766 0a079663 bne              x15, x0, 172        x15:00000000
13775365ns          227309 1c008768 00000793 addi             x15, x0, 0          x15=00000000
13775385ns          227310 1c00876c a0f517d3 flt.s            x15, f10, f15       x15=00000000 f10:3f6ea916 f15:00000000
13775405ns          227311 1c008770 0a079663 bne              x15, x0, 172        x15:00000000
13775425ns          227312 1c008772 1c000737 lui              x14, 0x1c000000     x14=1c000000
13775445ns          227313 1c008776 02072783 lw               x15, 32(x14)        x15=40c90fdb x14:1c000000  PA:1c000020
13775763ns          227329 1c00877a a0a797d3 flt.s            x15, f15, f10       x15=00000000 f15:40c90fdb f10:3f6ea916
13775783ns          227330 1c00877e 00078b63 beq              x15, x0, 22         x15:00000000
13775842ns          227333 1c008794 00000793 addi             x15, x0, 0          x15=00000000
13775862ns          227334 1c008798 a0f517d3 flt.s            x15, f10, f15       x15=00000000 f10:3f6ea916 f15:00000000
13775882ns          227335 1c00879c 08079a63 bne              x15, x0, 148        x15:00000000
13775902ns          227336 1c00879e 1c0007b7 lui              x15, 0x1c000000     x15=1c000000
13775922ns          227337 1c0087a2 01c7a783 lw               x15, 28(x15)        x15=3fc90fdb x15:1c000000  PA:1c00001c
13776240ns          227353 1c0087a6 a0f517d3 flt.s            x15, f10, f15       x15=00000001 f10:3f6ea916 f15:3fc90fdb
13776260ns          227354 1c0087aa 02079563 bne              x15, x0, 42         x15:00000001
13776320ns          227357 1c0087d4 10a57553 fmul.s           f10, f10, f10       f10=xxxxxxxx f10:3f6ea916 f10:3f6ea916
13776340ns          227358 1c0087d8 1c0007b7 lui              x15, 0x1c000000     x15=1c000000
13776360ns          227359 1c0087dc 1c000737 lui              x14, 0x1c000000     x14=1c000000
13776380ns          227360 1c0087e0 13472703 lw               x14, 308(x14)       x14=bab59551 x14:1c000000  PA:1c000134
13776678ns          227375 1c0087e4 1307a783 lw               x15, 304(x15)       x15=37c23ab1 x15:1c000000  PA:1c000130
13776996ns          227391 1c0087e8 70f577c3 fmadd.s          f15, f10, f15, f14  f15=xxxxxxxx f10:3f5e7ed5 f15:37c23ab1 f14:bab59551
13777016ns          227392 1c0087ec 1c000737 lui              x14, 0x1c000000     x14=1c000000
13777036ns          227393 1c0087f0 13872703 lw               x14, 312(x14)       x14=3d2aa76f x14:1c000000  PA:1c000138
13777354ns          227409 1c0087f4 70f577c3 fmadd.s          f15, f10, f15, f14  f15=xxxxxxxx f10:3f5e7ed5 f15:bab2f215 f14:3d2aa76f
13777374ns          227410 1c0087f8 1c000737 lui              x14, 0x1c000000     x14=1c000000
13777394ns          227411 1c0087fc 13c72703 lw               x14, 316(x14)       x14=beffffe0 x14:1c000000  PA:1c00013c
13777732ns          227428 1c008800 70f577c3 fmadd.s          f15, f10, f15, f14  f15=xxxxxxxx f10:3f5e7ed5 f15:3d25cb3a f14:beffffe0
13777752ns          227429 1c008804 1c000737 lui              x14, 0x1c000000     x14=1c000000
13777772ns          227430 1c008808 16872703 lw               x14, 360(x14)       x14=3f7fffff x14:1c000000  PA:1c000168
13778090ns          227446 1c00880c 70f57543 fmadd.s          f10, f10, f15, f14  f10=xxxxxxxx f10:3f5e7ed5 f15:beedfcd4 f14:3f7fffff
13778110ns          227447 1c008810 00008067 jalr             x0, x1, 0            x1:1c0081de
13778170ns          227450 1c0081de 016a7a53 fadd.s           f20, f20, f22       f20=xxxxxxxx f20:3f2376a0 f22:3efd2311
13778190ns          227451 1c0081e2 10acf553 fmul.s           f10, f25, f10       f10=xxxxxxxx f25:3f800000 f10:3f18946b
13778209ns          227452 1c0081e6 a14a97d3 flt.s            x15, f21, f20       x15=00000000 f21:40c90fdb f20:3f910414
13778229ns          227453 1c0081ea 00a4222b p.sw             x10, 4(x8!)          x8=10001ce0 x10:3f18946b  x8:10001cdc  PA:10001cdc
13778249ns          227454 1c0081ee 00078363 beq              x15, x0, 6          x15:00000000
13778309ns          227457 1c0081f4 ff7412e3 bne              x8, x23, -28         x8:10001ce0 x23:10001fc8
13778369ns          227460 1c0081d8 094c7553 fsub.s           f10, f24, f20       f10=xxxxxxxx f24:3fc90fdb f20:3f910414
13778389ns          227461 1c0081dc 57c000ef jal              x1, 1404             x1=1c0081de
13778428ns          227463 1c008758 a0a527d3 feq.s            x15, f10, f10       x15=00000001 f10:3ee02f1c f10:3ee02f1c
13778448ns          227464 1c00875c 0a078b63 beq              x15, x0, 182        x15:00000001
13778468ns          227465 1c00875e e00517d3 fclass.s         x15, f10            x15=00000040 f10:3ee02f1c
13778488ns          227466 1c008762 0817f793 andi             x15, x15, 129       x15=00000000 x15:00000040
13778508ns          227467 1c008766 0a079663 bne              x15, x0, 172        x15:00000000
13778528ns          227468 1c008768 00000793 addi             x15, x0, 0          x15=00000000
13778548ns          227469 1c00876c a0f517d3 flt.s            x15, f10, f15       x15=00000000 f10:3ee02f1c f15:00000000
13778568ns          227470 1c008770 0a079663 bne              x15, x0, 172        x15:00000000
13778587ns          227471 1c008772 1c000737 lui              x14, 0x1c000000     x14=1c000000
13778607ns          227472 1c008776 02072783 lw               x15, 32(x14)        x15=40c90fdb x14:1c000000  PA:1c000020
13778926ns          227488 1c00877a a0a797d3 flt.s            x15, f15, f10       x15=00000000 f15:40c90fdb f10:3ee02f1c
13778945ns          227489 1c00877e 00078b63 beq              x15, x0, 22         x15:00000000
13779005ns          227492 1c008794 00000793 addi             x15, x0, 0          x15=00000000
13779025ns          227493 1c008798 a0f517d3 flt.s            x15, f10, f15       x15=00000000 f10:3ee02f1c f15:00000000
13779045ns          227494 1c00879c 08079a63 bne              x15, x0, 148        x15:00000000
13779065ns          227495 1c00879e 1c0007b7 lui              x15, 0x1c000000     x15=1c000000
13779085ns          227496 1c0087a2 01c7a783 lw               x15, 28(x15)        x15=3fc90fdb x15:1c000000  PA:1c00001c
13779403ns          227512 1c0087a6 a0f517d3 flt.s            x15, f10, f15       x15=00000001 f10:3ee02f1c f15:3fc90fdb
13779423ns          227513 1c0087aa 02079563 bne              x15, x0, 42         x15:00000001
13779482ns          227516 1c0087d4 10a57553 fmul.s           f10, f10, f10       f10=xxxxxxxx f10:3ee02f1c f10:3ee02f1c
13779502ns          227517 1c0087d8 1c0007b7 lui              x15, 0x1c000000     x15=1c000000
13779522ns          227518 1c0087dc 1c000737 lui              x14, 0x1c000000     x14=1c000000
13779542ns          227519 1c0087e0 13472703 lw               x14, 308(x14)       x14=bab59551 x14:1c000000  PA:1c000134
13779860ns          227535 1c0087e4 1307a783 lw               x15, 304(x15)       x15=37c23ab1 x15:1c000000  PA:1c000130
13780179ns          227551 1c0087e8 70f577c3 fmadd.s          f15, f10, f15, f14  f15=xxxxxxxx f10:3e44527a f15:37c23ab1 f14:bab59551
13780199ns          227552 1c0087ec 1c000737 lui              x14, 0x1c000000     x14=1c000000
13780218ns          227553 1c0087f0 13872703 lw               x14, 312(x14)       x14=3d2aa76f x14:1c000000  PA:1c000138
13780557ns          227570 1c0087f4 70f577c3 fmadd.s          f15, f10, f15, f14  f15=xxxxxxxx f10:3e44527a f15:bab5005d f14:3d2aa76f
13780576ns          227571 1c0087f8 1c000737 lui              x14, 0x1c000000     x14=1c000000
13780596ns          227572 1c0087fc 13c72703 lw               x14, 316(x14)       x14=beffffe0 x14:1c000000  PA:1c00013c
13780915ns          227588 1c008800 70f577c3 fmadd.s          f15, f10, f15, f14  f15=xxxxxxxx f10:3e44527a f15:3d2991d2 f14:beffffe0
13780935ns          227589 1c008804 1c000737 lui              x14, 0x1c000000     x14=1c000000
13780954ns          227590 1c008808 16872703 lw               x14, 360(x14)       x14=3f7fffff x14:1c000000  PA:1c000168
13781293ns          227607 1c00880c 70f57543 fmadd.s          f10, f10, f15, f14  f10=xxxxxxxx f10:3e44527a f15:befbef8e f14:3f7fffff
13781312ns          227608 1c008810 00008067 jalr             x0, x1, 0            x1:1c0081de
13781372ns          227611 1c0081de 016a7a53 fadd.s           f20, f20, f22       f20=xxxxxxxx f20:3f910414 f22:3efd2311
13781392ns          227612 1c0081e2 10acf553 fmul.s           f10, f25, f10       f10=xxxxxxxx f25:3f800000 f10:3f67d96d
13781412ns          227613 1c0081e6 a14a97d3 flt.s            x15, f21, f20       x15=00000000 f21:40c90fdb f20:3fd04cd8
13781432ns          227614 1c0081ea 00a4222b p.sw             x10, 4(x8!)          x8=10001ce4 x10:3f67d96d  x8:10001ce0  PA:10001ce0
13781452ns          227615 1c0081ee 00078363 beq              x15, x0, 6          x15:00000000
13781511ns          227618 1c0081f4 ff7412e3 bne              x8, x23, -28         x8:10001ce4 x23:10001fc8
13781571ns          227621 1c0081d8 094c7553 fsub.s           f10, f24, f20       f10=xxxxxxxx f24:3fc90fdb f20:3fd04cd8
13781591ns          227622 1c0081dc 57c000ef jal              x1, 1404             x1=1c0081de
13781631ns          227624 1c008758 a0a527d3 feq.s            x15, f10, f10       x15=00000001 f10:bd679fa0 f10:bd679fa0
13781651ns          227625 1c00875c 0a078b63 beq              x15, x0, 182        x15:00000001
13781670ns          227626 1c00875e e00517d3 fclass.s         x15, f10            x15=00000002 f10:bd679fa0
13781690ns          227627 1c008762 0817f793 andi             x15, x15, 129       x15=00000000 x15:00000002
13781710ns          227628 1c008766 0a079663 bne              x15, x0, 172        x15:00000000
13781730ns          227629 1c008768 00000793 addi             x15, x0, 0          x15=00000000
13781750ns          227630 1c00876c a0f517d3 flt.s            x15, f10, f15       x15=00000001 f10:bd679fa0 f15:00000000
13781770ns          227631 1c008770 0a079663 bne              x15, x0, 172        x15:00000001
13781830ns          227634 1c00881c 1c0007b7 lui              x15, 0x1c000000     x15=1c000000
13781849ns          227635 1c008820 12c7a783 lw               x15, 300(x15)       x15=c0c90fdb x15:1c000000  PA:1c00012c
13782168ns          227651 1c008824 a0f517d3 flt.s            x15, f10, f15       x15=00000000 f10:bd679fa0 f15:c0c90fdb
13782188ns          227652 1c008828 00078463 beq              x15, x0, 8          x15:00000000
13782247ns          227655 1c008830 20a51553 fsgnjn.s         f10, f10, f10       f10=xxxxxxxx f10:bd679fa0 f10:bd679fa0
13782267ns          227656 1c008834 f6bff06f jal              x0, -150           
13782327ns          227659 1c00879e 1c0007b7 lui              x15, 0x1c000000     x15=1c000000
13782347ns          227660 1c0087a2 01c7a783 lw               x15, 28(x15)        x15=3fc90fdb x15:1c000000  PA:1c00001c
13782665ns          227676 1c0087a6 a0f517d3 flt.s            x15, f10, f15       x15=00000001 f10:3d679fa0 f15:3fc90fdb
13782685ns          227677 1c0087aa 02079563 bne              x15, x0, 42         x15:00000001
13782745ns          227680 1c0087d4 10a57553 fmul.s           f10, f10, f10       f10=xxxxxxxx f10:3d679fa0 f10:3d679fa0
13782764ns          227681 1c0087d8 1c0007b7 lui              x15, 0x1c000000     x15=1c000000
13782784ns          227682 1c0087dc 1c000737 lui              x14, 0x1c000000     x14=1c000000
13782804ns          227683 1c0087e0 13472703 lw               x14, 308(x14)       x14=bab59551 x14:1c000000  PA:1c000134
13783103ns          227698 1c0087e4 1307a783 lw               x15, 304(x15)       x15=37c23ab1 x15:1c000000  PA:1c000130
13783441ns          227715 1c0087e8 70f577c3 fmadd.s          f15, f10, f15, f14  f15=xxxxxxxx f10:3b519176 f15:37c23ab1 f14:bab59551
13783461ns          227716 1c0087ec 1c000737 lui              x14, 0x1c000000     x14=1c000000
13783481ns          227717 1c0087f0 13872703 lw               x14, 312(x14)       x14=3d2aa76f x14:1c000000  PA:1c000138
13783799ns          227733 1c0087f4 70f577c3 fmadd.s          f15, f10, f15, f14  f15=xxxxxxxx f10:3b519176 f15:bab592d5 f14:3d2aa76f
13783819ns          227734 1c0087f8 1c000737 lui              x14, 0x1c000000     x14=1c000000
13783839ns          227735 1c0087fc 13c72703 lw               x14, 316(x14)       x14=beffffe0 x14:1c000000  PA:1c00013c
13784157ns          227751 1c008800 70f577c3 fmadd.s          f15, f10, f15, f14  f15=xxxxxxxx f10:3b519176 f15:3d2aa2ca f14:beffffe0
13784177ns          227752 1c008804 1c000737 lui              x14, 0x1c000000     x14=1c000000
13784197ns          227753 1c008808 16872703 lw               x14, 360(x14)       x14=3f7fffff x14:1c000000  PA:1c000168
13784555ns          227771 1c00880c 70f57543 fmadd.s          f10, f10, f15, f14  f10=xxxxxxxx f10:3b519176 f15:beffee6a f14:3f7fffff
13784575ns          227772 1c008810 00008067 jalr             x0, x1, 0            x1:1c0081de
13784634ns          227775 1c0081de 016a7a53 fadd.s           f20, f20, f22       f20=xxxxxxxx f20:3fd04cd8 f22:3efd2311
13784654ns          227776 1c0081e2 10acf553 fmul.s           f10, f25, f10       f10=xxxxxxxx f25:3f800000 f10:3f7f973d
13784674ns          227777 1c0081e6 a14a97d3 flt.s            x15, f21, f20       x15=00000000 f21:40c90fdb f20:4007cace
13784694ns          227778 1c0081ea 00a4222b p.sw             x10, 4(x8!)          x8=10001ce8 x10:3f7f973d  x8:10001ce4  PA:10001ce4
13784714ns          227779 1c0081ee 00078363 beq              x15, x0, 6          x15:00000000
13784773ns          227782 1c0081f4 ff7412e3 bne              x8, x23, -28         x8:10001ce8 x23:10001fc8
13784833ns          227785 1c0081d8 094c7553 fsub.s           f10, f24, f20       f10=xxxxxxxx f24:3fc90fdb f20:4007cace
13784853ns          227786 1c0081dc 57c000ef jal              x1, 1404             x1=1c0081de
13784893ns          227788 1c008758 a0a527d3 feq.s            x15, f10, f10       x15=00000001 f10:bf0d0b82 f10:bf0d0b82
13784913ns          227789 1c00875c 0a078b63 beq              x15, x0, 182        x15:00000001
13784933ns          227790 1c00875e e00517d3 fclass.s         x15, f10            x15=00000002 f10:bf0d0b82
13784952ns          227791 1c008762 0817f793 andi             x15, x15, 129       x15=00000000 x15:00000002
13784972ns          227792 1c008766 0a079663 bne              x15, x0, 172        x15:00000000
13784992ns          227793 1c008768 00000793 addi             x15, x0, 0          x15=00000000
13785012ns          227794 1c00876c a0f517d3 flt.s            x15, f10, f15       x15=00000001 f10:bf0d0b82 f15:00000000
13785032ns          227795 1c008770 0a079663 bne              x15, x0, 172        x15:00000001
13785092ns          227798 1c00881c 1c0007b7 lui              x15, 0x1c000000     x15=1c000000
13785112ns          227799 1c008820 12c7a783 lw               x15, 300(x15)       x15=c0c90fdb x15:1c000000  PA:1c00012c
13785450ns          227816 1c008824 a0f517d3 flt.s            x15, f10, f15       x15=00000000 f10:bf0d0b82 f15:c0c90fdb
13785470ns          227817 1c008828 00078463 beq              x15, x0, 8          x15:00000000
13785529ns          227820 1c008830 20a51553 fsgnjn.s         f10, f10, f10       f10=xxxxxxxx f10:bf0d0b82 f10:bf0d0b82
13785549ns          227821 1c008834 f6bff06f jal              x0, -150           
13785609ns          227824 1c00879e 1c0007b7 lui              x15, 0x1c000000     x15=1c000000
13785629ns          227825 1c0087a2 01c7a783 lw               x15, 28(x15)        x15=3fc90fdb x15:1c000000  PA:1c00001c
13785967ns          227842 1c0087a6 a0f517d3 flt.s            x15, f10, f15       x15=00000001 f10:3f0d0b82 f15:3fc90fdb
13785987ns          227843 1c0087aa 02079563 bne              x15, x0, 42         x15:00000001
13786046ns          227846 1c0087d4 10a57553 fmul.s           f10, f10, f10       f10=xxxxxxxx f10:3f0d0b82 f10:3f0d0b82
13786066ns          227847 1c0087d8 1c0007b7 lui              x15, 0x1c000000     x15=1c000000
13786086ns          227848 1c0087dc 1c000737 lui              x14, 0x1c000000     x14=1c000000
13786106ns          227849 1c0087e0 13472703 lw               x14, 308(x14)       x14=bab59551 x14:1c000000  PA:1c000134
13786404ns          227864 1c0087e4 1307a783 lw               x15, 304(x15)       x15=37c23ab1 x15:1c000000  PA:1c000130
13786723ns          227880 1c0087e8 70f577c3 fmadd.s          f15, f10, f15, f14  f15=xxxxxxxx f10:3e9b6b5b f15:37c23ab1 f14:bab59551
13786743ns          227881 1c0087ec 1c000737 lui              x14, 0x1c000000     x14=1c000000
13786763ns          227882 1c0087f0 13872703 lw               x14, 312(x14)       x14=3d2aa76f x14:1c000000  PA:1c000138
13787081ns          227898 1c0087f4 70f577c3 fmadd.s          f15, f10, f15, f14  f15=xxxxxxxx f10:3e9b6b5b f15:bab4a97b f14:3d2aa76f
13787101ns          227899 1c0087f8 1c000737 lui              x14, 0x1c000000     x14=1c000000
13787121ns          227900 1c0087fc 13c72703 lw               x14, 316(x14)       x14=beffffe0 x14:1c000000  PA:1c00013c
13787439ns          227916 1c008800 70f577c3 fmadd.s          f15, f10, f15, f14  f15=xxxxxxxx f10:3e9b6b5b f15:3d28f0b5 f14:beffffe0
13787459ns          227917 1c008804 1c000737 lui              x14, 0x1c000000     x14=1c000000
13787479ns          227918 1c008808 16872703 lw               x14, 360(x14)       x14=3f7fffff x14:1c000000  PA:1c000168
13787797ns          227934 1c00880c 70f57543 fmadd.s          f10, f10, f15, f14  f10=xxxxxxxx f10:3e9b6b5b f15:bef996d7 f14:3f7fffff
13787817ns          227935 1c008810 00008067 jalr             x0, x1, 0            x1:1c0081de
13787876ns          227938 1c0081de 016a7a53 fadd.s           f20, f20, f22       f20=xxxxxxxx f20:4007cace f22:3efd2311
13787896ns          227939 1c0081e2 10acf553 fmul.s           f10, f25, f10       f10=xxxxxxxx f25:3f800000 f10:3f5a1e3f
13787916ns          227940 1c0081e6 a14a97d3 flt.s            x15, f21, f20       x15=00000000 f21:40c90fdb f20:40276f30
13787936ns          227941 1c0081ea 00a4222b p.sw             x10, 4(x8!)          x8=10001cec x10:3f5a1e3f  x8:10001ce8  PA:10001ce8
13787956ns          227942 1c0081ee 00078363 beq              x15, x0, 6          x15:00000000
13788016ns          227945 1c0081f4 ff7412e3 bne              x8, x23, -28         x8:10001cec x23:10001fc8
13788075ns          227948 1c0081d8 094c7553 fsub.s           f10, f24, f20       f10=xxxxxxxx f24:3fc90fdb f20:40276f30
13788095ns          227949 1c0081dc 57c000ef jal              x1, 1404             x1=1c0081de
13788135ns          227951 1c008758 a0a527d3 feq.s            x15, f10, f10       x15=00000001 f10:bf85ce85 f10:bf85ce85
13788155ns          227952 1c00875c 0a078b63 beq              x15, x0, 182        x15:00000001
13788175ns          227953 1c00875e e00517d3 fclass.s         x15, f10            x15=00000002 f10:bf85ce85
13788195ns          227954 1c008762 0817f793 andi             x15, x15, 129       x15=00000000 x15:00000002
13788215ns          227955 1c008766 0a079663 bne              x15, x0, 172        x15:00000000
13788234ns          227956 1c008768 00000793 addi             x15, x0, 0          x15=00000000
13788254ns          227957 1c00876c a0f517d3 flt.s            x15, f10, f15       x15=00000001 f10:bf85ce85 f15:00000000
13788274ns          227958 1c008770 0a079663 bne              x15, x0, 172        x15:00000001
13788334ns          227961 1c00881c 1c0007b7 lui              x15, 0x1c000000     x15=1c000000
13788354ns          227962 1c008820 12c7a783 lw               x15, 300(x15)       x15=c0c90fdb x15:1c000000  PA:1c00012c
13788672ns          227978 1c008824 a0f517d3 flt.s            x15, f10, f15       x15=00000000 f10:bf85ce85 f15:c0c90fdb
13788692ns          227979 1c008828 00078463 beq              x15, x0, 8          x15:00000000
13788752ns          227982 1c008830 20a51553 fsgnjn.s         f10, f10, f10       f10=xxxxxxxx f10:bf85ce85 f10:bf85ce85
13788771ns          227983 1c008834 f6bff06f jal              x0, -150           
13788831ns          227986 1c00879e 1c0007b7 lui              x15, 0x1c000000     x15=1c000000
13788851ns          227987 1c0087a2 01c7a783 lw               x15, 28(x15)        x15=3fc90fdb x15:1c000000  PA:1c00001c
13789169ns          228003 1c0087a6 a0f517d3 flt.s            x15, f10, f15       x15=00000001 f10:3f85ce85 f15:3fc90fdb
13789189ns          228004 1c0087aa 02079563 bne              x15, x0, 42         x15:00000001
13789249ns          228007 1c0087d4 10a57553 fmul.s           f10, f10, f10       f10=xxxxxxxx f10:3f85ce85 f10:3f85ce85
13789269ns          228008 1c0087d8 1c0007b7 lui              x15, 0x1c000000     x15=1c000000
13789289ns          228009 1c0087dc 1c000737 lui              x14, 0x1c000000     x14=1c000000
13789309ns          228010 1c0087e0 13472703 lw               x14, 308(x14)       x14=bab59551 x14:1c000000  PA:1c000134
13789627ns          228026 1c0087e4 1307a783 lw               x15, 304(x15)       x15=37c23ab1 x15:1c000000  PA:1c000130
13789965ns          228043 1c0087e8 70f577c3 fmadd.s          f15, f10, f15, f14  f15=xxxxxxxx f10:3f8be07a f15:37c23ab1 f14:bab59551
13789985ns          228044 1c0087ec 1c000737 lui              x14, 0x1c000000     x14=1c000000
13790005ns          228045 1c0087f0 13872703 lw               x14, 312(x14)       x14=3d2aa76f x14:1c000000  PA:1c000138
13790343ns          228062 1c0087f4 70f577c3 fmadd.s          f15, f10, f15, f14  f15=xxxxxxxx f10:3f8be07a f15:bab24450 f14:3d2aa76f
13790363ns          228063 1c0087f8 1c000737 lui              x14, 0x1c000000     x14=1c000000
13790383ns          228064 1c0087fc 13c72703 lw               x14, 316(x14)       x14=beffffe0 x14:1c000000  PA:1c00013c
13790701ns          228080 1c008800 70f577c3 fmadd.s          f15, f10, f15, f14  f15=xxxxxxxx f10:3f8be07a f15:3d2490f8 f14:beffffe0
13790721ns          228081 1c008804 1c000737 lui              x14, 0x1c000000     x14=1c000000
13790741ns          228082 1c008808 16872703 lw               x14, 360(x14)       x14=3f7fffff x14:1c000000  PA:1c000168
13791059ns          228098 1c00880c 70f57543 fmadd.s          f10, f10, f15, f14  f10=xxxxxxxx f10:3f8be07a f15:bee9851f f14:3f7fffff
13791079ns          228099 1c008810 00008067 jalr             x0, x1, 0            x1:1c0081de
13791138ns          228102 1c0081de 016a7a53 fadd.s           f20, f20, f22       f20=xxxxxxxx f20:40276f30 f22:3efd2311
13791158ns          228103 1c0081e2 10acf553 fmul.s           f10, f25, f10       f10=xxxxxxxx f25:3f800000 f10:3f0067f3
13791178ns          228104 1c0081e6 a14a97d3 flt.s            x15, f21, f20       x15=00000000 f21:40c90fdb f20:40471392
13791198ns          228105 1c0081ea 00a4222b p.sw             x10, 4(x8!)          x8=10001cf0 x10:3f0067f3  x8:10001cec  PA:10001cec
13791218ns          228106 1c0081ee 00078363 beq              x15, x0, 6          x15:00000000
13791278ns          228109 1c0081f4 ff7412e3 bne              x8, x23, -28         x8:10001cf0 x23:10001fc8
13791337ns          228112 1c0081d8 094c7553 fsub.s           f10, f24, f20       f10=xxxxxxxx f24:3fc90fdb f20:40471392
13791357ns          228113 1c0081dc 57c000ef jal              x1, 1404             x1=1c0081de
13791397ns          228115 1c008758 a0a527d3 feq.s            x15, f10, f10       x15=00000001 f10:bfc51749 f10:bfc51749
13791417ns          228116 1c00875c 0a078b63 beq              x15, x0, 182        x15:00000001
13791437ns          228117 1c00875e e00517d3 fclass.s         x15, f10            x15=00000002 f10:bfc51749
13791457ns          228118 1c008762 0817f793 andi             x15, x15, 129       x15=00000000 x15:00000002
13791477ns          228119 1c008766 0a079663 bne              x15, x0, 172        x15:00000000
13791497ns          228120 1c008768 00000793 addi             x15, x0, 0          x15=00000000
13791516ns          228121 1c00876c a0f517d3 flt.s            x15, f10, f15       x15=00000001 f10:bfc51749 f15:00000000
13791536ns          228122 1c008770 0a079663 bne              x15, x0, 172        x15:00000001
13791596ns          228125 1c00881c 1c0007b7 lui              x15, 0x1c000000     x15=1c000000
13791616ns          228126 1c008820 12c7a783 lw               x15, 300(x15)       x15=c0c90fdb x15:1c000000  PA:1c00012c
13791954ns          228143 1c008824 a0f517d3 flt.s            x15, f10, f15       x15=00000000 f10:bfc51749 f15:c0c90fdb
13791974ns          228144 1c008828 00078463 beq              x15, x0, 8          x15:00000000
13792034ns          228147 1c008830 20a51553 fsgnjn.s         f10, f10, f10       f10=xxxxxxxx f10:bfc51749 f10:bfc51749
13792053ns          228148 1c008834 f6bff06f jal              x0, -150           
13792113ns          228151 1c00879e 1c0007b7 lui              x15, 0x1c000000     x15=1c000000
13792133ns          228152 1c0087a2 01c7a783 lw               x15, 28(x15)        x15=3fc90fdb x15:1c000000  PA:1c00001c
13792451ns          228168 1c0087a6 a0f517d3 flt.s            x15, f10, f15       x15=00000001 f10:3fc51749 f15:3fc90fdb
13792471ns          228169 1c0087aa 02079563 bne              x15, x0, 42         x15:00000001
13792531ns          228172 1c0087d4 10a57553 fmul.s           f10, f10, f10       f10=xxxxxxxx f10:3fc51749 f10:3fc51749
13792551ns          228173 1c0087d8 1c0007b7 lui              x15, 0x1c000000     x15=1c000000
13792571ns          228174 1c0087dc 1c000737 lui              x14, 0x1c000000     x14=1c000000
13792591ns          228175 1c0087e0 13472703 lw               x14, 308(x14)       x14=bab59551 x14:1c000000  PA:1c000134
13792889ns          228190 1c0087e4 1307a783 lw               x15, 304(x15)       x15=37c23ab1 x15:1c000000  PA:1c000130
13793207ns          228206 1c0087e8 70f577c3 fmadd.s          f15, f10, f15, f14  f15=xxxxxxxx f10:4017bcd8 f15:37c23ab1 f14:bab59551
13793227ns          228207 1c0087ec 1c000737 lui              x14, 0x1c000000     x14=1c000000
13793247ns          228208 1c0087f0 13872703 lw               x14, 312(x14)       x14=3d2aa76f x14:1c000000  PA:1c000138
13793565ns          228224 1c0087f4 70f577c3 fmadd.s          f15, f10, f15, f14  f15=xxxxxxxx f10:4017bcd8 f15:baae6353 f14:3d2aa76f
13793585ns          228225 1c0087f8 1c000737 lui              x14, 0x1c000000     x14=1c000000
13793605ns          228226 1c0087fc 13c72703 lw               x14, 316(x14)       x14=beffffe0 x14:1c000000  PA:1c00013c
13793943ns          228243 1c008800 70f577c3 fmadd.s          f15, f10, f15, f14  f15=xxxxxxxx f10:4017bcd8 f15:3d1dbbc8 f14:beffffe0
13793963ns          228244 1c008804 1c000737 lui              x14, 0x1c000000     x14=1c000000
13793983ns          228245 1c008808 16872703 lw               x14, 360(x14)       x14=3f7fffff x14:1c000000  PA:1c000168
13794301ns          228261 1c00880c 70f57543 fmadd.s          f10, f10, f15, f14  f10=xxxxxxxx f10:4017bcd8 f15:bed140d1 f14:3f7fffff
13794321ns          228262 1c008810 00008067 jalr             x0, x1, 0            x1:1c0081de
13794381ns          228265 1c0081de 016a7a53 fadd.s           f20, f20, f22       f20=xxxxxxxx f20:40471392 f22:3efd2311
13794401ns          228266 1c0081e2 10acf553 fmul.s           f10, f25, f10       f10=xxxxxxxx f25:3f800000 f10:3cfe1a04
13794420ns          228267 1c0081e6 a14a97d3 flt.s            x15, f21, f20       x15=00000000 f21:40c90fdb f20:4066b7f4
13794440ns          228268 1c0081ea 00a4222b p.sw             x10, 4(x8!)          x8=10001cf4 x10:3cfe1a04  x8:10001cf0  PA:10001cf0
13794460ns          228269 1c0081ee 00078363 beq              x15, x0, 6          x15:00000000
13794520ns          228272 1c0081f4 ff7412e3 bne              x8, x23, -28         x8:10001cf4 x23:10001fc8
13794580ns          228275 1c0081d8 094c7553 fsub.s           f10, f24, f20       f10=xxxxxxxx f24:3fc90fdb f20:4066b7f4
13794599ns          228276 1c0081dc 57c000ef jal              x1, 1404             x1=1c0081de
13794639ns          228278 1c008758 a0a527d3 feq.s            x15, f10, f10       x15=00000001 f10:c0023006 f10:c0023006
13794659ns          228279 1c00875c 0a078b63 beq              x15, x0, 182        x15:00000001
13794679ns          228280 1c00875e e00517d3 fclass.s         x15, f10            x15=00000002 f10:c0023006
13794699ns          228281 1c008762 0817f793 andi             x15, x15, 129       x15=00000000 x15:00000002
13794719ns          228282 1c008766 0a079663 bne              x15, x0, 172        x15:00000000
13794739ns          228283 1c008768 00000793 addi             x15, x0, 0          x15=00000000
13794759ns          228284 1c00876c a0f517d3 flt.s            x15, f10, f15       x15=00000001 f10:c0023006 f15:00000000
13794778ns          228285 1c008770 0a079663 bne              x15, x0, 172        x15:00000001
13794838ns          228288 1c00881c 1c0007b7 lui              x15, 0x1c000000     x15=1c000000
13794858ns          228289 1c008820 12c7a783 lw               x15, 300(x15)       x15=c0c90fdb x15:1c000000  PA:1c00012c
13795196ns          228306 1c008824 a0f517d3 flt.s            x15, f10, f15       x15=00000000 f10:c0023006 f15:c0c90fdb
13795216ns          228307 1c008828 00078463 beq              x15, x0, 8          x15:00000000
13795276ns          228310 1c008830 20a51553 fsgnjn.s         f10, f10, f10       f10=xxxxxxxx f10:c0023006 f10:c0023006
13795296ns          228311 1c008834 f6bff06f jal              x0, -150           
13795355ns          228314 1c00879e 1c0007b7 lui              x15, 0x1c000000     x15=1c000000
13795375ns          228315 1c0087a2 01c7a783 lw               x15, 28(x15)        x15=3fc90fdb x15:1c000000  PA:1c00001c
13795693ns          228331 1c0087a6 a0f517d3 flt.s            x15, f10, f15       x15=00000000 f10:40023006 f15:3fc90fdb
13795713ns          228332 1c0087aa 02079563 bne              x15, x0, 42         x15:00000000
13795733ns          228333 1c0087ac 1c0007b7 lui              x15, 0x1c000000     x15=1c000000
13795753ns          228334 1c0087b0 1007a783 lw               x15, 256(x15)       x15=40490fdb x15:1c000000  PA:1c000100
13796071ns          228350 1c0087b4 a0f51753 flt.s            x14, f10, f15       x14=00000001 f10:40023006 f15:40490fdb
13796091ns          228351 1c0087b8 06071f63 bne              x14, x0, 126        x14:00000001
13796171ns          228355 1c008836 08a7f553 fsub.s           f10, f15, f10       f10=xxxxxxxx f15:40490fdb f10:40023006
13796191ns          228356 1c00883a 10a57553 fmul.s           f10, f10, f10       f10=xxxxxxxx f10:3f8dbfaa f10:3f8dbfaa
13796211ns          228357 1c00883e 1c0007b7 lui              x15, 0x1c000000     x15=1c000000
13796231ns          228358 1c008842 1c000737 lui              x14, 0x1c000000     x14=1c000000
13796250ns          228359 1c008846 13472703 lw               x14, 308(x14)       x14=bab59551 x14:1c000000  PA:1c000134
13796569ns          228375 1c00884a 1307a783 lw               x15, 304(x15)       x15=37c23ab1 x15:1c000000  PA:1c000130
13796887ns          228391 1c00884e 70f577c3 fmadd.s          f15, f10, f15, f14  f15=xxxxxxxx f10:3f9cf962 f15:37c23ab1 f14:bab59551
13796907ns          228392 1c008852 1c000737 lui              x14, 0x1c000000     x14=1c000000
13796927ns          228393 1c008856 13872703 lw               x14, 312(x14)       x14=3d2aa76f x14:1c000000  PA:1c000138
13797265ns          228410 1c00885a 70f577c3 fmadd.s          f15, f10, f15, f14  f15=xxxxxxxx f10:3f9cf962 f15:bab1dc89 f14:3d2aa76f
13797285ns          228411 1c00885e 1c000737 lui              x14, 0x1c000000     x14=1c000000
13797305ns          228412 1c008862 13c72703 lw               x14, 316(x14)       x14=beffffe0 x14:1c000000  PA:1c00013c
13797623ns          228428 1c008866 70f577c3 fmadd.s          f15, f10, f15, f14  f15=xxxxxxxx f10:3f9cf962 f15:3d23d675 f14:beffffe0
13797643ns          228429 1c00886a 1c000737 lui              x14, 0x1c000000     x14=1c000000
13797663ns          228430 1c00886e 16872703 lw               x14, 360(x14)       x14=3f7fffff x14:1c000000  PA:1c000168
13797981ns          228446 1c008872 70f57543 fmadd.s          f10, f10, f15, f14  f10=xxxxxxxx f10:3f9cf962 f15:bee6e24e f14:3f7fffff
13798001ns          228447 1c008876 20a51553 fsgnjn.s         f10, f10, f10       f10=xxxxxxxx f10:3ee4da5a f10:3ee4da5a
13798021ns          228448 1c00887a 00008067 jalr             x0, x1, 0            x1:1c0081de
13798080ns          228451 1c0081de 016a7a53 fadd.s           f20, f20, f22       f20=xxxxxxxx f20:4066b7f4 f22:3efd2311
13798100ns          228452 1c0081e2 10acf553 fmul.s           f10, f25, f10       f10=xxxxxxxx f25:3f800000 f10:bee4da5a
13798120ns          228453 1c0081e6 a14a97d3 flt.s            x15, f21, f20       x15=00000000 f21:40c90fdb f20:40832e2b
13798140ns          228454 1c0081ea 00a4222b p.sw             x10, 4(x8!)          x8=10001cf8 x10:bee4da5a  x8:10001cf4  PA:10001cf4
13798160ns          228455 1c0081ee 00078363 beq              x15, x0, 6          x15:00000000
13798220ns          228458 1c0081f4 ff7412e3 bne              x8, x23, -28         x8:10001cf8 x23:10001fc8
13798279ns          228461 1c0081d8 094c7553 fsub.s           f10, f24, f20       f10=xxxxxxxx f24:3fc90fdb f20:40832e2b
13798299ns          228462 1c0081dc 57c000ef jal              x1, 1404             x1=1c0081de
13798339ns          228464 1c008758 a0a527d3 feq.s            x15, f10, f10       x15=00000001 f10:c021d468 f10:c021d468
13798359ns          228465 1c00875c 0a078b63 beq              x15, x0, 182        x15:00000001
13798379ns          228466 1c00875e e00517d3 fclass.s         x15, f10            x15=00000002 f10:c021d468
13798399ns          228467 1c008762 0817f793 andi             x15, x15, 129       x15=00000000 x15:00000002
13798418ns          228468 1c008766 0a079663 bne              x15, x0, 172        x15:00000000
13798438ns          228469 1c008768 00000793 addi             x15, x0, 0          x15=00000000
13798458ns          228470 1c00876c a0f517d3 flt.s            x15, f10, f15       x15=00000001 f10:c021d468 f15:00000000
13798478ns          228471 1c008770 0a079663 bne              x15, x0, 172        x15:00000001
13798538ns          228474 1c00881c 1c0007b7 lui              x15, 0x1c000000     x15=1c000000
13798558ns          228475 1c008820 12c7a783 lw               x15, 300(x15)       x15=c0c90fdb x15:1c000000  PA:1c00012c
13798876ns          228491 1c008824 a0f517d3 flt.s            x15, f10, f15       x15=00000000 f10:c021d468 f15:c0c90fdb
13798896ns          228492 1c008828 00078463 beq              x15, x0, 8          x15:00000000
13798956ns          228495 1c008830 20a51553 fsgnjn.s         f10, f10, f10       f10=xxxxxxxx f10:c021d468 f10:c021d468
13798975ns          228496 1c008834 f6bff06f jal              x0, -150           
13799035ns          228499 1c00879e 1c0007b7 lui              x15, 0x1c000000     x15=1c000000
13799055ns          228500 1c0087a2 01c7a783 lw               x15, 28(x15)        x15=3fc90fdb x15:1c000000  PA:1c00001c
13799393ns          228517 1c0087a6 a0f517d3 flt.s            x15, f10, f15       x15=00000000 f10:4021d468 f15:3fc90fdb
13799413ns          228518 1c0087aa 02079563 bne              x15, x0, 42         x15:00000000
13799433ns          228519 1c0087ac 1c0007b7 lui              x15, 0x1c000000     x15=1c000000
13799453ns          228520 1c0087b0 1007a783 lw               x15, 256(x15)       x15=40490fdb x15:1c000000  PA:1c000100
13799771ns          228536 1c0087b4 a0f51753 flt.s            x14, f10, f15       x14=00000001 f10:4021d468 f15:40490fdb
13799791ns          228537 1c0087b8 06071f63 bne              x14, x0, 126        x14:00000001
13799871ns          228541 1c008836 08a7f553 fsub.s           f10, f15, f10       f10=xxxxxxxx f15:40490fdb f10:4021d468
13799890ns          228542 1c00883a 10a57553 fmul.s           f10, f10, f10       f10=xxxxxxxx f10:3f1cedcc f10:3f1cedcc
13799910ns          228543 1c00883e 1c0007b7 lui              x15, 0x1c000000     x15=1c000000
13799930ns          228544 1c008842 1c000737 lui              x14, 0x1c000000     x14=1c000000
13799950ns          228545 1c008846 13472703 lw               x14, 308(x14)       x14=bab59551 x14:1c000000  PA:1c000134
13800248ns          228560 1c00884a 1307a783 lw               x15, 304(x15)       x15=37c23ab1 x15:1c000000  PA:1c000130
13800587ns          228577 1c00884e 70f577c3 fmadd.s          f15, f10, f15, f14  f15=xxxxxxxx f10:3ec0655b f15:37c23ab1 f14:bab59551
13800606ns          228578 1c008852 1c000737 lui              x14, 0x1c000000     x14=1c000000
13800626ns          228579 1c008856 13872703 lw               x14, 312(x14)       x14=3d2aa76f x14:1c000000  PA:1c000138
13800945ns          228595 1c00885a 70f577c3 fmadd.s          f15, f10, f15, f14  f15=xxxxxxxx f10:3ec0655b f15:bab4715f f14:3d2aa76f
13800965ns          228596 1c00885e 1c000737 lui              x14, 0x1c000000     x14=1c000000
13800984ns          228597 1c008862 13c72703 lw               x14, 316(x14)       x14=beffffe0 x14:1c000000  PA:1c00013c
13801303ns          228613 1c008866 70f577c3 fmadd.s          f15, f10, f15, f14  f15=xxxxxxxx f10:3ec0655b f15:3d2888fd f14:beffffe0
13801323ns          228614 1c00886a 1c000737 lui              x14, 0x1c000000     x14=1c000000
13801342ns          228615 1c00886e 16872703 lw               x14, 360(x14)       x14=3f7fffff x14:1c000000  PA:1c000168
13801661ns          228631 1c008872 70f57543 fmadd.s          f10, f10, f15, f14  f10=xxxxxxxx f10:3ec0655b f15:bef81549 f14:3f7fffff
13801681ns          228632 1c008876 20a51553 fsgnjn.s         f10, f10, f10       f10=xxxxxxxx f10:3f516373 f10:3f516373
13801700ns          228633 1c00887a 00008067 jalr             x0, x1, 0            x1:1c0081de
13801760ns          228636 1c0081de 016a7a53 fadd.s           f20, f20, f22       f20=xxxxxxxx f20:40832e2b f22:3efd2311
13801780ns          228637 1c0081e2 10acf553 fmul.s           f10, f25, f10       f10=xxxxxxxx f25:3f800000 f10:bf516373
13801800ns          228638 1c0081e6 a14a97d3 flt.s            x15, f21, f20       x15=00000000 f21:40c90fdb f20:4093005c
13801820ns          228639 1c0081ea 00a4222b p.sw             x10, 4(x8!)          x8=10001cfc x10:bf516373  x8:10001cf8  PA:10001cf8
13801840ns          228640 1c0081ee 00078363 beq              x15, x0, 6          x15:00000000
13801899ns          228643 1c0081f4 ff7412e3 bne              x8, x23, -28         x8:10001cfc x23:10001fc8
13801959ns          228646 1c0081d8 094c7553 fsub.s           f10, f24, f20       f10=xxxxxxxx f24:3fc90fdb f20:4093005c
13801979ns          228647 1c0081dc 57c000ef jal              x1, 1404             x1=1c0081de
13802019ns          228649 1c008758 a0a527d3 feq.s            x15, f10, f10       x15=00000001 f10:c04178ca f10:c04178ca
13802039ns          228650 1c00875c 0a078b63 beq              x15, x0, 182        x15:00000001
13802059ns          228651 1c00875e e00517d3 fclass.s         x15, f10            x15=00000002 f10:c04178ca
13802078ns          228652 1c008762 0817f793 andi             x15, x15, 129       x15=00000000 x15:00000002
13802098ns          228653 1c008766 0a079663 bne              x15, x0, 172        x15:00000000
13802118ns          228654 1c008768 00000793 addi             x15, x0, 0          x15=00000000
13802138ns          228655 1c00876c a0f517d3 flt.s            x15, f10, f15       x15=00000001 f10:c04178ca f15:00000000
13802158ns          228656 1c008770 0a079663 bne              x15, x0, 172        x15:00000001
13802218ns          228659 1c00881c 1c0007b7 lui              x15, 0x1c000000     x15=1c000000
13802238ns          228660 1c008820 12c7a783 lw               x15, 300(x15)       x15=c0c90fdb x15:1c000000  PA:1c00012c
13802556ns          228676 1c008824 a0f517d3 flt.s            x15, f10, f15       x15=00000000 f10:c04178ca f15:c0c90fdb
13802576ns          228677 1c008828 00078463 beq              x15, x0, 8          x15:00000000
13802635ns          228680 1c008830 20a51553 fsgnjn.s         f10, f10, f10       f10=xxxxxxxx f10:c04178ca f10:c04178ca
13802655ns          228681 1c008834 f6bff06f jal              x0, -150           
13802715ns          228684 1c00879e 1c0007b7 lui              x15, 0x1c000000     x15=1c000000
13802735ns          228685 1c0087a2 01c7a783 lw               x15, 28(x15)        x15=3fc90fdb x15:1c000000  PA:1c00001c
13803053ns          228701 1c0087a6 a0f517d3 flt.s            x15, f10, f15       x15=00000000 f10:404178ca f15:3fc90fdb
13803073ns          228702 1c0087aa 02079563 bne              x15, x0, 42         x15:00000000
13803093ns          228703 1c0087ac 1c0007b7 lui              x15, 0x1c000000     x15=1c000000
13803113ns          228704 1c0087b0 1007a783 lw               x15, 256(x15)       x15=40490fdb x15:1c000000  PA:1c000100
13803431ns          228720 1c0087b4 a0f51753 flt.s            x14, f10, f15       x14=00000001 f10:404178ca f15:40490fdb
13803451ns          228721 1c0087b8 06071f63 bne              x14, x0, 126        x14:00000001
13803530ns          228725 1c008836 08a7f553 fsub.s           f10, f15, f10       f10=xxxxxxxx f15:40490fdb f10:404178ca
13803550ns          228726 1c00883a 10a57553 fmul.s           f10, f10, f10       f10=xxxxxxxx f10:3df2e220 f10:3df2e220
13803570ns          228727 1c00883e 1c0007b7 lui              x15, 0x1c000000     x15=1c000000
13803590ns          228728 1c008842 1c000737 lui              x14, 0x1c000000     x14=1c000000
13803610ns          228729 1c008846 13472703 lw               x14, 308(x14)       x14=bab59551 x14:1c000000  PA:1c000134
13803908ns          228744 1c00884a 1307a783 lw               x15, 304(x15)       x15=37c23ab1 x15:1c000000  PA:1c000130
13804227ns          228760 1c00884e 70f577c3 fmadd.s          f15, f10, f15, f14  f15=xxxxxxxx f10:3c66704c f15:37c23ab1 f14:bab59551
13804246ns          228761 1c008852 1c000737 lui              x14, 0x1c000000     x14=1c000000
13804266ns          228762 1c008856 13872703 lw               x14, 312(x14)       x14=3d2aa76f x14:1c000000  PA:1c000138
13804624ns          228780 1c00885a 70f577c3 fmadd.s          f15, f10, f15, f14  f15=xxxxxxxx f10:3c66704c f15:bab58a64 f14:3d2aa76f
13804644ns          228781 1c00885e 1c000737 lui              x14, 0x1c000000     x14=1c000000
13804664ns          228782 1c008862 13c72703 lw               x14, 316(x14)       x14=beffffe0 x14:1c000000  PA:1c00013c
13804982ns          228798 1c008866 70f577c3 fmadd.s          f15, f10, f15, f14  f15=xxxxxxxx f10:3c66704c f15:3d2a9302 f14:beffffe0
13805002ns          228799 1c00886a 1c000737 lui              x14, 0x1c000000     x14=1c000000
13805022ns          228800 1c00886e 16872703 lw               x14, 360(x14)       x14=3f7fffff x14:1c000000  PA:1c000168
13805340ns          228816 1c008872 70f57543 fmadd.s          f10, f10, f15, f14  f10=xxxxxxxx f10:3c66704c f15:beffb31b f14:3f7fffff
13805360ns          228817 1c008876 20a51553 fsgnjn.s         f10, f10, f10       f10=xxxxxxxx f10:3f7e33a9 f10:3f7e33a9
13805380ns          228818 1c00887a 00008067 jalr             x0, x1, 0            x1:1c0081de
13805440ns          228821 1c0081de 016a7a53 fadd.s           f20, f20, f22       f20=xxxxxxxx f20:4093005c f22:3efd2311
13805460ns          228822 1c0081e2 10acf553 fmul.s           f10, f25, f10       f10=xxxxxxxx f25:3f800000 f10:bf7e33a9
13805480ns          228823 1c0081e6 a14a97d3 flt.s            x15, f21, f20       x15=00000000 f21:40c90fdb f20:40a2d28d
13805500ns          228824 1c0081ea 00a4222b p.sw             x10, 4(x8!)          x8=10001d00 x10:bf7e33a9  x8:10001cfc  PA:10001cfc
13805519ns          228825 1c0081ee 00078363 beq              x15, x0, 6          x15:00000000
13805579ns          228828 1c0081f4 ff7412e3 bne              x8, x23, -28         x8:10001d00 x23:10001fc8
13805639ns          228831 1c0081d8 094c7553 fsub.s           f10, f24, f20       f10=xxxxxxxx f24:3fc90fdb f20:40a2d28d
13805659ns          228832 1c0081dc 57c000ef jal              x1, 1404             x1=1c0081de
13805699ns          228834 1c008758 a0a527d3 feq.s            x15, f10, f10       x15=00000001 f10:c0611d2c f10:c0611d2c
13805718ns          228835 1c00875c 0a078b63 beq              x15, x0, 182        x15:00000001
13805738ns          228836 1c00875e e00517d3 fclass.s         x15, f10            x15=00000002 f10:c0611d2c
13805758ns          228837 1c008762 0817f793 andi             x15, x15, 129       x15=00000000 x15:00000002
13805778ns          228838 1c008766 0a079663 bne              x15, x0, 172        x15:00000000
13805798ns          228839 1c008768 00000793 addi             x15, x0, 0          x15=00000000
13805818ns          228840 1c00876c a0f517d3 flt.s            x15, f10, f15       x15=00000001 f10:c0611d2c f15:00000000
13805838ns          228841 1c008770 0a079663 bne              x15, x0, 172        x15:00000001
13805897ns          228844 1c00881c 1c0007b7 lui              x15, 0x1c000000     x15=1c000000
13805917ns          228845 1c008820 12c7a783 lw               x15, 300(x15)       x15=c0c90fdb x15:1c000000  PA:1c00012c
13806236ns          228861 1c008824 a0f517d3 flt.s            x15, f10, f15       x15=00000000 f10:c0611d2c f15:c0c90fdb
13806255ns          228862 1c008828 00078463 beq              x15, x0, 8          x15:00000000
13806315ns          228865 1c008830 20a51553 fsgnjn.s         f10, f10, f10       f10=xxxxxxxx f10:c0611d2c f10:c0611d2c
13806335ns          228866 1c008834 f6bff06f jal              x0, -150           
13806395ns          228869 1c00879e 1c0007b7 lui              x15, 0x1c000000     x15=1c000000
13806415ns          228870 1c0087a2 01c7a783 lw               x15, 28(x15)        x15=3fc90fdb x15:1c000000  PA:1c00001c
13806733ns          228886 1c0087a6 a0f517d3 flt.s            x15, f10, f15       x15=00000000 f10:40611d2c f15:3fc90fdb
13806753ns          228887 1c0087aa 02079563 bne              x15, x0, 42         x15:00000000
13806773ns          228888 1c0087ac 1c0007b7 lui              x15, 0x1c000000     x15=1c000000
13806792ns          228889 1c0087b0 1007a783 lw               x15, 256(x15)       x15=40490fdb x15:1c000000  PA:1c000100
13807131ns          228906 1c0087b4 a0f51753 flt.s            x14, f10, f15       x14=00000000 f10:40611d2c f15:40490fdb
13807151ns          228907 1c0087b8 06071f63 bne              x14, x0, 126        x14:00000000
13807170ns          228908 1c0087ba 1c000737 lui              x14, 0x1c000000     x14=1c000000
13807190ns          228909 1c0087be 14072703 lw               x14, 320(x14)       x14=4096cbe4 x14:1c000000  PA:1c000140
13807509ns          228925 1c0087c2 a0e51753 flt.s            x14, f10, f14       x14=00000001 f10:40611d2c f14:4096cbe4
13807528ns          228926 1c0087c6 0a071b63 bne              x14, x0, 182        x14:00000001
13807588ns          228929 1c00887c 08f57553 fsub.s           f10, f10, f15       f10=xxxxxxxx f10:40611d2c f15:40490fdb
13807608ns          228930 1c008880 fbbff06f jal              x0, -70            
13807668ns          228933 1c00883a 10a57553 fmul.s           f10, f10, f10       f10=xxxxxxxx f10:3ec06a88 f10:3ec06a88
13807688ns          228934 1c00883e 1c0007b7 lui              x15, 0x1c000000     x15=1c000000
13807707ns          228935 1c008842 1c000737 lui              x14, 0x1c000000     x14=1c000000
13807727ns          228936 1c008846 13472703 lw               x14, 308(x14)       x14=bab59551 x14:1c000000  PA:1c000134
13808026ns          228951 1c00884a 1307a783 lw               x15, 304(x15)       x15=37c23ab1 x15:1c000000  PA:1c000130
13808344ns          228967 1c00884e 70f577c3 fmadd.s          f15, f10, f15, f14  f15=xxxxxxxx f10:3e109ff8 f15:37c23ab1 f14:bab59551
13808364ns          228968 1c008852 1c000737 lui              x14, 0x1c000000     x14=1c000000
13808384ns          228969 1c008856 13872703 lw               x14, 312(x14)       x14=3d2aa76f x14:1c000000  PA:1c000138
13808702ns          228985 1c00885a 70f577c3 fmadd.s          f15, f10, f15, f14  f15=xxxxxxxx f10:3e109ff8 f15:bab52797 f14:3d2aa76f
13808722ns          228986 1c00885e 1c000737 lui              x14, 0x1c000000     x14=1c000000
13808742ns          228987 1c008862 13c72703 lw               x14, 316(x14)       x14=beffffe0 x14:1c000000  PA:1c00013c
13809100ns          229005 1c008866 70f577c3 fmadd.s          f15, f10, f15, f14  f15=xxxxxxxx f10:3e109ff8 f15:3d29dac0 f14:beffffe0
13809120ns          229006 1c00886a 1c000737 lui              x14, 0x1c000000     x14=1c000000
13809140ns          229007 1c00886e 16872703 lw               x14, 360(x14)       x14=3f7fffff x14:1c000000  PA:1c000168
13809458ns          229023 1c008872 70f57543 fmadd.s          f10, f10, f15, f14  f10=xxxxxxxx f10:3e109ff8 f15:befd0037 f14:3f7fffff
13809478ns          229024 1c008876 20a51553 fsgnjn.s         f10, f10, f10       f10=xxxxxxxx f10:3f6e2238 f10:3f6e2238
13809498ns          229025 1c00887a 00008067 jalr             x0, x1, 0            x1:1c0081de
13809557ns          229028 1c0081de 016a7a53 fadd.s           f20, f20, f22       f20=xxxxxxxx f20:40a2d28d f22:3efd2311
13809577ns          229029 1c0081e2 10acf553 fmul.s           f10, f25, f10       f10=xxxxxxxx f25:3f800000 f10:bf6e2238
13809597ns          229030 1c0081e6 a14a97d3 flt.s            x15, f21, f20       x15=00000000 f21:40c90fdb f20:40b2a4be
13809617ns          229031 1c0081ea 00a4222b p.sw             x10, 4(x8!)          x8=10001d04 x10:bf6e2238  x8:10001d00  PA:10001d00
13809637ns          229032 1c0081ee 00078363 beq              x15, x0, 6          x15:00000000
13809697ns          229035 1c0081f4 ff7412e3 bne              x8, x23, -28         x8:10001d04 x23:10001fc8
13809756ns          229038 1c0081d8 094c7553 fsub.s           f10, f24, f20       f10=xxxxxxxx f24:3fc90fdb f20:40b2a4be
13809776ns          229039 1c0081dc 57c000ef jal              x1, 1404             x1=1c0081de
13809816ns          229041 1c008758 a0a527d3 feq.s            x15, f10, f10       x15=00000001 f10:c08060c7 f10:c08060c7
13809836ns          229042 1c00875c 0a078b63 beq              x15, x0, 182        x15:00000001
13809856ns          229043 1c00875e e00517d3 fclass.s         x15, f10            x15=00000002 f10:c08060c7
13809876ns          229044 1c008762 0817f793 andi             x15, x15, 129       x15=00000000 x15:00000002
13809895ns          229045 1c008766 0a079663 bne              x15, x0, 172        x15:00000000
13809915ns          229046 1c008768 00000793 addi             x15, x0, 0          x15=00000000
13809935ns          229047 1c00876c a0f517d3 flt.s            x15, f10, f15       x15=00000001 f10:c08060c7 f15:00000000
13809955ns          229048 1c008770 0a079663 bne              x15, x0, 172        x15:00000001
13810015ns          229051 1c00881c 1c0007b7 lui              x15, 0x1c000000     x15=1c000000
13810035ns          229052 1c008820 12c7a783 lw               x15, 300(x15)       x15=c0c90fdb x15:1c000000  PA:1c00012c
13810353ns          229068 1c008824 a0f517d3 flt.s            x15, f10, f15       x15=00000000 f10:c08060c7 f15:c0c90fdb
13810373ns          229069 1c008828 00078463 beq              x15, x0, 8          x15:00000000
13810433ns          229072 1c008830 20a51553 fsgnjn.s         f10, f10, f10       f10=xxxxxxxx f10:c08060c7 f10:c08060c7
13810452ns          229073 1c008834 f6bff06f jal              x0, -150           
13810512ns          229076 1c00879e 1c0007b7 lui              x15, 0x1c000000     x15=1c000000
13810532ns          229077 1c0087a2 01c7a783 lw               x15, 28(x15)        x15=3fc90fdb x15:1c000000  PA:1c00001c
13810850ns          229093 1c0087a6 a0f517d3 flt.s            x15, f10, f15       x15=00000000 f10:408060c7 f15:3fc90fdb
13810870ns          229094 1c0087aa 02079563 bne              x15, x0, 42         x15:00000000
13810890ns          229095 1c0087ac 1c0007b7 lui              x15, 0x1c000000     x15=1c000000
13810910ns          229096 1c0087b0 1007a783 lw               x15, 256(x15)       x15=40490fdb x15:1c000000  PA:1c000100
13811248ns          229113 1c0087b4 a0f51753 flt.s            x14, f10, f15       x14=00000000 f10:408060c7 f15:40490fdb
13811268ns          229114 1c0087b8 06071f63 bne              x14, x0, 126        x14:00000000
13811288ns          229115 1c0087ba 1c000737 lui              x14, 0x1c000000     x14=1c000000
13811308ns          229116 1c0087be 14072703 lw               x14, 320(x14)       x14=4096cbe4 x14:1c000000  PA:1c000140
13811626ns          229132 1c0087c2 a0e51753 flt.s            x14, f10, f14       x14=00000001 f10:408060c7 f14:4096cbe4
13811646ns          229133 1c0087c6 0a071b63 bne              x14, x0, 182        x14:00000001
13811706ns          229136 1c00887c 08f57553 fsub.s           f10, f10, f15       f10=xxxxxxxx f10:408060c7 f15:40490fdb
13811725ns          229137 1c008880 fbbff06f jal              x0, -70            
13811785ns          229140 1c00883a 10a57553 fmul.s           f10, f10, f10       f10=xxxxxxxx f10:3f5ec6cc f10:3f5ec6cc
13811805ns          229141 1c00883e 1c0007b7 lui              x15, 0x1c000000     x15=1c000000
13811825ns          229142 1c008842 1c000737 lui              x14, 0x1c000000     x14=1c000000
13811845ns          229143 1c008846 13472703 lw               x14, 308(x14)       x14=bab59551 x14:1c000000  PA:1c000134
13812143ns          229158 1c00884a 1307a783 lw               x15, 304(x15)       x15=37c23ab1 x15:1c000000  PA:1c000130
13812461ns          229174 1c00884e 70f577c3 fmadd.s          f15, f10, f15, f14  f15=xxxxxxxx f10:3f41dd64 f15:37c23ab1 f14:bab59551
13812481ns          229175 1c008852 1c000737 lui              x14, 0x1c000000     x14=1c000000
13812501ns          229176 1c008856 13872703 lw               x14, 312(x14)       x14=3d2aa76f x14:1c000000  PA:1c000138
13812839ns          229193 1c00885a 70f577c3 fmadd.s          f15, f10, f15, f14  f15=xxxxxxxx f10:3f41dd64 f15:bab348f8 f14:3d2aa76f
13812859ns          229194 1c00885e 1c000737 lui              x14, 0x1c000000     x14=1c000000
13812879ns          229195 1c008862 13c72703 lw               x14, 316(x14)       x14=beffffe0 x14:1c000000  PA:1c00013c
13813197ns          229211 1c008866 70f577c3 fmadd.s          f15, f10, f15, f14  f15=xxxxxxxx f10:3f41dd64 f15:3d266947 f14:beffffe0
13813217ns          229212 1c00886a 1c000737 lui              x14, 0x1c000000     x14=1c000000
13813237ns          229213 1c00886e 16872703 lw               x14, 360(x14)       x14=3f7fffff x14:1c000000  PA:1c000168
13813555ns          229229 1c008872 70f57543 fmadd.s          f10, f10, f15, f14  f10=xxxxxxxx f10:3f41dd64 f15:bef03f37 f14:3f7fffff
13813575ns          229230 1c008876 20a51553 fsgnjn.s         f10, f10, f10       f10=xxxxxxxx f10:3f250849 f10:3f250849
13813595ns          229231 1c00887a 00008067 jalr             x0, x1, 0            x1:1c0081de
13813655ns          229234 1c0081de 016a7a53 fadd.s           f20, f20, f22       f20=xxxxxxxx f20:40b2a4be f22:3efd2311
13813675ns          229235 1c0081e2 10acf553 fmul.s           f10, f25, f10       f10=xxxxxxxx f25:3f800000 f10:bf250849
13813695ns          229236 1c0081e6 a14a97d3 flt.s            x15, f21, f20       x15=00000000 f21:40c90fdb f20:40c276ef
13813714ns          229237 1c0081ea 00a4222b p.sw             x10, 4(x8!)          x8=10001d08 x10:bf250849  x8:10001d04  PA:10001d04
13813734ns          229238 1c0081ee 00078363 beq              x15, x0, 6          x15:00000000
13813794ns          229241 1c0081f4 ff7412e3 bne              x8, x23, -28         x8:10001d08 x23:10001fc8
13813854ns          229244 1c0081d8 094c7553 fsub.s           f10, f24, f20       f10=xxxxxxxx f24:3fc90fdb f20:40c276ef
13813874ns          229245 1c0081dc 57c000ef jal              x1, 1404             x1=1c0081de
13813913ns          229247 1c008758 a0a527d3 feq.s            x15, f10, f10       x15=00000001 f10:c09032f8 f10:c09032f8
13813933ns          229248 1c00875c 0a078b63 beq              x15, x0, 182        x15:00000001
13813953ns          229249 1c00875e e00517d3 fclass.s         x15, f10            x15=00000002 f10:c09032f8
13813973ns          229250 1c008762 0817f793 andi             x15, x15, 129       x15=00000000 x15:00000002
13813993ns          229251 1c008766 0a079663 bne              x15, x0, 172        x15:00000000
13814013ns          229252 1c008768 00000793 addi             x15, x0, 0          x15=00000000
13814033ns          229253 1c00876c a0f517d3 flt.s            x15, f10, f15       x15=00000001 f10:c09032f8 f15:00000000
13814053ns          229254 1c008770 0a079663 bne              x15, x0, 172        x15:00000001
13814112ns          229257 1c00881c 1c0007b7 lui              x15, 0x1c000000     x15=1c000000
13814132ns          229258 1c008820 12c7a783 lw               x15, 300(x15)       x15=c0c90fdb x15:1c000000  PA:1c00012c
13814450ns          229274 1c008824 a0f517d3 flt.s            x15, f10, f15       x15=00000000 f10:c09032f8 f15:c0c90fdb
13814470ns          229275 1c008828 00078463 beq              x15, x0, 8          x15:00000000
13814530ns          229278 1c008830 20a51553 fsgnjn.s         f10, f10, f10       f10=xxxxxxxx f10:c09032f8 f10:c09032f8
13814550ns          229279 1c008834 f6bff06f jal              x0, -150           
13814610ns          229282 1c00879e 1c0007b7 lui              x15, 0x1c000000     x15=1c000000
13814629ns          229283 1c0087a2 01c7a783 lw               x15, 28(x15)        x15=3fc90fdb x15:1c000000  PA:1c00001c
13814948ns          229299 1c0087a6 a0f517d3 flt.s            x15, f10, f15       x15=00000000 f10:409032f8 f15:3fc90fdb
13814968ns          229300 1c0087aa 02079563 bne              x15, x0, 42         x15:00000000
13814987ns          229301 1c0087ac 1c0007b7 lui              x15, 0x1c000000     x15=1c000000
13815007ns          229302 1c0087b0 1007a783 lw               x15, 256(x15)       x15=40490fdb x15:1c000000  PA:1c000100
13815326ns          229318 1c0087b4 a0f51753 flt.s            x14, f10, f15       x14=00000000 f10:409032f8 f15:40490fdb
13815346ns          229319 1c0087b8 06071f63 bne              x14, x0, 126        x14:00000000
13815365ns          229320 1c0087ba 1c000737 lui              x14, 0x1c000000     x14=1c000000
13815385ns          229321 1c0087be 14072703 lw               x14, 320(x14)       x14=4096cbe4 x14:1c000000  PA:1c000140
13815704ns          229337 1c0087c2 a0e51753 flt.s            x14, f10, f14       x14=00000001 f10:409032f8 f14:4096cbe4
13815723ns          229338 1c0087c6 0a071b63 bne              x14, x0, 182        x14:00000001
13815783ns          229341 1c00887c 08f57553 fsub.s           f10, f10, f15       f10=xxxxxxxx f10:409032f8 f15:40490fdb
13815803ns          229342 1c008880 fbbff06f jal              x0, -70            
13815863ns          229345 1c00883a 10a57553 fmul.s           f10, f10, f10       f10=xxxxxxxx f10:3faeac2a f10:3faeac2a
13815883ns          229346 1c00883e 1c0007b7 lui              x15, 0x1c000000     x15=1c000000
13815902ns          229347 1c008842 1c000737 lui              x14, 0x1c000000     x14=1c000000
13815922ns          229348 1c008846 13472703 lw               x14, 308(x14)       x14=bab59551 x14:1c000000  PA:1c000134
13816241ns          229364 1c00884a 1307a783 lw               x15, 304(x15)       x15=37c23ab1 x15:1c000000  PA:1c000130
13816619ns          229383 1c00884e 70f577c3 fmadd.s          f15, f10, f15, f14  f15=xxxxxxxx f10:3fee5cfa f15:37c23ab1 f14:bab59551
13816638ns          229384 1c008852 1c000737 lui              x14, 0x1c000000     x14=1c000000
13816658ns          229385 1c008856 13872703 lw               x14, 312(x14)       x14=3d2aa76f x14:1c000000  PA:1c000138
13816977ns          229401 1c00885a 70f577c3 fmadd.s          f15, f10, f15, f14  f15=xxxxxxxx f10:3fee5cfa f15:baafee88 f14:3d2aa76f
13816996ns          229402 1c00885e 1c000737 lui              x14, 0x1c000000     x14=1c000000
13817016ns          229403 1c008862 13c72703 lw               x14, 316(x14)       x14=beffffe0 x14:1c000000  PA:1c00013c
13817335ns          229419 1c008866 70f577c3 fmadd.s          f15, f10, f15, f14  f15=xxxxxxxx f10:3fee5cfa f15:3d206a75 f14:beffffe0
13817354ns          229420 1c00886a 1c000737 lui              x14, 0x1c000000     x14=1c000000
13817374ns          229421 1c00886e 16872703 lw               x14, 360(x14)       x14=3f7fffff x14:1c000000  PA:1c000168
13817693ns          229437 1c008872 70f57543 fmadd.s          f10, f10, f15, f14  f10=xxxxxxxx f10:3fee5cfa f15:bedaa891 f14:3f7fffff
13817713ns          229438 1c008876 20a51553 fsgnjn.s         f10, f10, f10       f10=xxxxxxxx f10:3e519f78 f10:3e519f78
13817732ns          229439 1c00887a 00008067 jalr             x0, x1, 0            x1:1c0081de
13817792ns          229442 1c0081de 016a7a53 fadd.s           f20, f20, f22       f20=xxxxxxxx f20:40c276ef f22:3efd2311
13817812ns          229443 1c0081e2 10acf553 fmul.s           f10, f25, f10       f10=xxxxxxxx f25:3f800000 f10:be519f78
13817832ns          229444 1c0081e6 a14a97d3 flt.s            x15, f21, f20       x15=00000001 f21:40c90fdb f20:40d24920
13817852ns          229445 1c0081ea 00a4222b p.sw             x10, 4(x8!)          x8=10001d0c x10:be519f78  x8:10001d08  PA:10001d08
13817872ns          229446 1c0081ee 00078363 beq              x15, x0, 6          x15:00000001
13817892ns          229447 1c0081f0 095a7a53 fsub.s           f20, f20, f21       f20=xxxxxxxx f20:40d24920 f21:40c90fdb
13817911ns          229448 1c0081f4 ff7412e3 bne              x8, x23, -28         x8:10001d0c x23:10001fc8
13817971ns          229451 1c0081d8 094c7553 fsub.s           f10, f24, f20       f10=xxxxxxxx f24:3fc90fdb f20:3e939450
13817991ns          229452 1c0081dc 57c000ef jal              x1, 1404             x1=1c0081de
13818031ns          229454 1c008758 a0a527d3 feq.s            x15, f10, f10       x15=00000001 f10:3fa42ac7 f10:3fa42ac7
13818051ns          229455 1c00875c 0a078b63 beq              x15, x0, 182        x15:00000001
13818071ns          229456 1c00875e e00517d3 fclass.s         x15, f10            x15=00000040 f10:3fa42ac7
13818090ns          229457 1c008762 0817f793 andi             x15, x15, 129       x15=00000000 x15:00000040
13818110ns          229458 1c008766 0a079663 bne              x15, x0, 172        x15:00000000
13818130ns          229459 1c008768 00000793 addi             x15, x0, 0          x15=00000000
13818150ns          229460 1c00876c a0f517d3 flt.s            x15, f10, f15       x15=00000000 f10:3fa42ac7 f15:00000000
13818170ns          229461 1c008770 0a079663 bne              x15, x0, 172        x15:00000000
13818190ns          229462 1c008772 1c000737 lui              x14, 0x1c000000     x14=1c000000
13818210ns          229463 1c008776 02072783 lw               x15, 32(x14)        x15=40c90fdb x14:1c000000  PA:1c000020
13818528ns          229479 1c00877a a0a797d3 flt.s            x15, f15, f10       x15=00000000 f15:40c90fdb f10:3fa42ac7
13818548ns          229480 1c00877e 00078b63 beq              x15, x0, 22         x15:00000000
13818608ns          229483 1c008794 00000793 addi             x15, x0, 0          x15=00000000
13818627ns          229484 1c008798 a0f517d3 flt.s            x15, f10, f15       x15=00000000 f10:3fa42ac7 f15:00000000
13818647ns          229485 1c00879c 08079a63 bne              x15, x0, 148        x15:00000000
13818667ns          229486 1c00879e 1c0007b7 lui              x15, 0x1c000000     x15=1c000000
13818687ns          229487 1c0087a2 01c7a783 lw               x15, 28(x15)        x15=3fc90fdb x15:1c000000  PA:1c00001c
13819025ns          229504 1c0087a6 a0f517d3 flt.s            x15, f10, f15       x15=00000001 f10:3fa42ac7 f15:3fc90fdb
13819045ns          229505 1c0087aa 02079563 bne              x15, x0, 42         x15:00000001
13819105ns          229508 1c0087d4 10a57553 fmul.s           f10, f10, f10       f10=xxxxxxxx f10:3fa42ac7 f10:3fa42ac7
13819125ns          229509 1c0087d8 1c0007b7 lui              x15, 0x1c000000     x15=1c000000
13819145ns          229510 1c0087dc 1c000737 lui              x14, 0x1c000000     x14=1c000000
13819204ns          229513 1c0087e0 13472703 lw               x14, 308(x14)       x14=bab59551 x14:1c000000  PA:1c000134
13819562ns          229531 1c0087e4 1307a783 lw               x15, 304(x15)       x15=37c23ab1 x15:1c000000  PA:1c000130
13819881ns          229547 1c0087e8 70f577c3 fmadd.s          f15, f10, f15, f14  f15=xxxxxxxx f10:3fd28dac f15:37c23ab1 f14:bab59551
13819901ns          229548 1c0087ec 1c000737 lui              x14, 0x1c000000     x14=1c000000
13819920ns          229549 1c0087f0 13872703 lw               x14, 312(x14)       x14=3d2aa76f x14:1c000000  PA:1c000138
13820239ns          229565 1c0087f4 70f577c3 fmadd.s          f15, f10, f15, f14  f15=xxxxxxxx f10:3fd28dac f15:bab09754 f14:3d2aa76f
13820259ns          229566 1c0087f8 1c000737 lui              x14, 0x1c000000     x14=1c000000
13820278ns          229567 1c0087fc 13c72703 lw               x14, 316(x14)       x14=beffffe0 x14:1c000000  PA:1c00013c
13820617ns          229584 1c008800 70f577c3 fmadd.s          f15, f10, f15, f14  f15=xxxxxxxx f10:3fd28dac f15:3d219391 f14:beffffe0
13820636ns          229585 1c008804 1c000737 lui              x14, 0x1c000000     x14=1c000000
13820656ns          229586 1c008808 16872703 lw               x14, 360(x14)       x14=3f7fffff x14:1c000000  PA:1c000168
13820975ns          229602 1c00880c 70f57543 fmadd.s          f10, f10, f15, f14  f10=xxxxxxxx f10:3fd28dac f15:bedec6c2 f14:3f7fffff
13820994ns          229603 1c008810 00008067 jalr             x0, x1, 0            x1:1c0081de
13821094ns          229608 1c0081de 016a7a53 fadd.s           f20, f20, f22       f20=xxxxxxxx f20:3e939450 f22:3efd2311
13821134ns          229610 1c0081e2 10acf553 fmul.s           f10, f25, f10       f10=xxxxxxxx f25:3f800000 f10:3e918b55
13821154ns          229611 1c0081e6 a14a97d3 flt.s            x15, f21, f20       x15=00000000 f21:40c90fdb f20:3f485bb0
13821174ns          229612 1c0081ea 00a4222b p.sw             x10, 4(x8!)          x8=10001d10 x10:3e918b55  x8:10001d0c  PA:10001d0c
13821193ns          229613 1c0081ee 00078363 beq              x15, x0, 6          x15:00000000
13821253ns          229616 1c0081f4 ff7412e3 bne              x8, x23, -28         x8:10001d10 x23:10001fc8
13821313ns          229619 1c0081d8 094c7553 fsub.s           f10, f24, f20       f10=xxxxxxxx f24:3fc90fdb f20:3f485bb0
13821333ns          229620 1c0081dc 57c000ef jal              x1, 1404             x1=1c0081de
13821372ns          229622 1c008758 a0a527d3 feq.s            x15, f10, f10       x15=00000001 f10:3f49c406 f10:3f49c406
13821392ns          229623 1c00875c 0a078b63 beq              x15, x0, 182        x15:00000001
13821452ns          229626 1c00875e e00517d3 fclass.s         x15, f10            x15=00000040 f10:3f49c406
13821492ns          229628 1c008762 0817f793 andi             x15, x15, 129       x15=00000000 x15:00000040
13821512ns          229629 1c008766 0a079663 bne              x15, x0, 172        x15:00000000
13821532ns          229630 1c008768 00000793 addi             x15, x0, 0          x15=00000000
13821551ns          229631 1c00876c a0f517d3 flt.s            x15, f10, f15       x15=00000000 f10:3f49c406 f15:00000000
13821571ns          229632 1c008770 0a079663 bne              x15, x0, 172        x15:00000000
13821591ns          229633 1c008772 1c000737 lui              x14, 0x1c000000     x14=1c000000
13821611ns          229634 1c008776 02072783 lw               x15, 32(x14)        x15=40c90fdb x14:1c000000  PA:1c000020
13821949ns          229651 1c00877a a0a797d3 flt.s            x15, f15, f10       x15=00000000 f15:40c90fdb f10:3f49c406
13821969ns          229652 1c00877e 00078b63 beq              x15, x0, 22         x15:00000000
13822029ns          229655 1c008794 00000793 addi             x15, x0, 0          x15=00000000
13822049ns          229656 1c008798 a0f517d3 flt.s            x15, f10, f15       x15=00000000 f10:3f49c406 f15:00000000
13822069ns          229657 1c00879c 08079a63 bne              x15, x0, 148        x15:00000000
13822088ns          229658 1c00879e 1c0007b7 lui              x15, 0x1c000000     x15=1c000000
13822108ns          229659 1c0087a2 01c7a783 lw               x15, 28(x15)        x15=3fc90fdb x15:1c000000  PA:1c00001c
13822427ns          229675 1c0087a6 a0f517d3 flt.s            x15, f10, f15       x15=00000001 f10:3f49c406 f15:3fc90fdb
13822447ns          229676 1c0087aa 02079563 bne              x15, x0, 42         x15:00000001
13822506ns          229679 1c0087d4 10a57553 fmul.s           f10, f10, f10       f10=xxxxxxxx f10:3f49c406 f10:3f49c406
13822526ns          229680 1c0087d8 1c0007b7 lui              x15, 0x1c000000     x15=1c000000
13822546ns          229681 1c0087dc 1c000737 lui              x14, 0x1c000000     x14=1c000000
13822566ns          229682 1c0087e0 13472703 lw               x14, 308(x14)       x14=bab59551 x14:1c000000  PA:1c000134
13822864ns          229697 1c0087e4 1307a783 lw               x15, 304(x15)       x15=37c23ab1 x15:1c000000  PA:1c000130
13823202ns          229714 1c0087e8 70f577c3 fmadd.s          f15, f10, f15, f14  f15=xxxxxxxx f10:3f1f0568 f15:37c23ab1 f14:bab59551
13823222ns          229715 1c0087ec 1c000737 lui              x14, 0x1c000000     x14=1c000000
13823242ns          229716 1c0087f0 13872703 lw               x14, 312(x14)       x14=3d2aa76f x14:1c000000  PA:1c000138
13823560ns          229732 1c0087f4 70f577c3 fmadd.s          f15, f10, f15, f14  f15=xxxxxxxx f10:3f1f0568 f15:bab3b2b7 f14:3d2aa76f
13823580ns          229733 1c0087f8 1c000737 lui              x14, 0x1c000000     x14=1c000000
13823600ns          229734 1c0087fc 13c72703 lw               x14, 316(x14)       x14=beffffe0 x14:1c000000  PA:1c00013c
13823918ns          229750 1c008800 70f577c3 fmadd.s          f15, f10, f15, f14  f15=xxxxxxxx f10:3f1f0568 f15:3d272a71 f14:beffffe0
13823938ns          229751 1c008804 1c000737 lui              x14, 0x1c000000     x14=1c000000
13823958ns          229752 1c008808 16872703 lw               x14, 360(x14)       x14=3f7fffff x14:1c000000  PA:1c000168
13824296ns          229769 1c00880c 70f57543 fmadd.s          f10, f10, f15, f14  f10=xxxxxxxx f10:3f1f0568 f15:bef30504 f14:3f7fffff
13824316ns          229770 1c008810 00008067 jalr             x0, x1, 0            x1:1c0081de
13824376ns          229773 1c0081de 016a7a53 fadd.s           f20, f20, f22       f20=xxxxxxxx f20:3f485bb0 f22:3efd2311
13824396ns          229774 1c0081e2 10acf553 fmul.s           f10, f25, f10       f10=xxxxxxxx f25:3f800000 f10:3f34855f
13824416ns          229775 1c0081e6 a14a97d3 flt.s            x15, f21, f20       x15=00000000 f21:40c90fdb f20:3fa3769c
13824436ns          229776 1c0081ea 00a4222b p.sw             x10, 4(x8!)          x8=10001d14 x10:3f34855f  x8:10001d10  PA:10001d10
13824455ns          229777 1c0081ee 00078363 beq              x15, x0, 6          x15:00000000
13824515ns          229780 1c0081f4 ff7412e3 bne              x8, x23, -28         x8:10001d14 x23:10001fc8
13824575ns          229783 1c0081d8 094c7553 fsub.s           f10, f24, f20       f10=xxxxxxxx f24:3fc90fdb f20:3fa3769c
13824595ns          229784 1c0081dc 57c000ef jal              x1, 1404             x1=1c0081de
13824635ns          229786 1c008758 a0a527d3 feq.s            x15, f10, f10       x15=00000001 f10:3e9664fc f10:3e9664fc
13824654ns          229787 1c00875c 0a078b63 beq              x15, x0, 182        x15:00000001
13824674ns          229788 1c00875e e00517d3 fclass.s         x15, f10            x15=00000040 f10:3e9664fc
13824694ns          229789 1c008762 0817f793 andi             x15, x15, 129       x15=00000000 x15:00000040
13824714ns          229790 1c008766 0a079663 bne              x15, x0, 172        x15:00000000
13824734ns          229791 1c008768 00000793 addi             x15, x0, 0          x15=00000000
13824754ns          229792 1c00876c a0f517d3 flt.s            x15, f10, f15       x15=00000000 f10:3e9664fc f15:00000000
13824774ns          229793 1c008770 0a079663 bne              x15, x0, 172        x15:00000000
13824794ns          229794 1c008772 1c000737 lui              x14, 0x1c000000     x14=1c000000
13824814ns          229795 1c008776 02072783 lw               x15, 32(x14)        x15=40c90fdb x14:1c000000  PA:1c000020
13825132ns          229811 1c00877a a0a797d3 flt.s            x15, f15, f10       x15=00000000 f15:40c90fdb f10:3e9664fc
13825152ns          229812 1c00877e 00078b63 beq              x15, x0, 22         x15:00000000
13825211ns          229815 1c008794 00000793 addi             x15, x0, 0          x15=00000000
13825231ns          229816 1c008798 a0f517d3 flt.s            x15, f10, f15       x15=00000000 f10:3e9664fc f15:00000000
13825251ns          229817 1c00879c 08079a63 bne              x15, x0, 148        x15:00000000
13825271ns          229818 1c00879e 1c0007b7 lui              x15, 0x1c000000     x15=1c000000
13825291ns          229819 1c0087a2 01c7a783 lw               x15, 28(x15)        x15=3fc90fdb x15:1c000000  PA:1c00001c
13825649ns          229837 1c0087a6 a0f517d3 flt.s            x15, f10, f15       x15=00000001 f10:3e9664fc f15:3fc90fdb
13825669ns          229838 1c0087aa 02079563 bne              x15, x0, 42         x15:00000001
13825728ns          229841 1c0087d4 10a57553 fmul.s           f10, f10, f10       f10=xxxxxxxx f10:3e9664fc f10:3e9664fc
13825748ns          229842 1c0087d8 1c0007b7 lui              x15, 0x1c000000     x15=1c000000
13825768ns          229843 1c0087dc 1c000737 lui              x14, 0x1c000000     x14=1c000000
13825788ns          229844 1c0087e0 13472703 lw               x14, 308(x14)       x14=bab59551 x14:1c000000  PA:1c000134
13826106ns          229860 1c0087e4 1307a783 lw               x15, 304(x15)       x15=37c23ab1 x15:1c000000  PA:1c000130
13826425ns          229876 1c0087e8 70f577c3 fmadd.s          f15, f10, f15, f14  f15=xxxxxxxx f10:3db0b4fe f15:37c23ab1 f14:bab59551
13826445ns          229877 1c0087ec 1c000737 lui              x14, 0x1c000000     x14=1c000000
13826464ns          229878 1c0087f0 13872703 lw               x14, 312(x14)       x14=3d2aa76f x14:1c000000  PA:1c000138
13826783ns          229894 1c0087f4 70f577c3 fmadd.s          f15, f10, f15, f14  f15=xxxxxxxx f10:3db0b4fe f15:bab55248 f14:3d2aa76f
13826803ns          229895 1c0087f8 1c000737 lui              x14, 0x1c000000     x14=1c000000
13826822ns          229896 1c0087fc 13c72703 lw               x14, 316(x14)       x14=beffffe0 x14:1c000000  PA:1c00013c
13827181ns          229914 1c008800 70f577c3 fmadd.s          f15, f10, f15, f14  f15=xxxxxxxx f10:3db0b4fe f15:3d2a2a46 f14:beffffe0
13827200ns          229915 1c008804 1c000737 lui              x14, 0x1c000000     x14=1c000000
13827220ns          229916 1c008808 16872703 lw               x14, 360(x14)       x14=3f7fffff x14:1c000000  PA:1c000168
13827539ns          229932 1c00880c 70f57543 fmadd.s          f10, f10, f15, f14  f10=xxxxxxxx f10:3db0b4fe f15:befe2a0b f14:3f7fffff
13827558ns          229933 1c008810 00008067 jalr             x0, x1, 0            x1:1c0081de
13827618ns          229936 1c0081de 016a7a53 fadd.s           f20, f20, f22       f20=xxxxxxxx f20:3fa3769c f22:3efd2311
13827638ns          229937 1c0081e2 10acf553 fmul.s           f10, f25, f10       f10=xxxxxxxx f25:3f800000 f10:3f7508f5
13827658ns          229938 1c0081e6 a14a97d3 flt.s            x15, f21, f20       x15=00000000 f21:40c90fdb f20:3fe2bf60
13827678ns          229939 1c0081ea 00a4222b p.sw             x10, 4(x8!)          x8=10001d18 x10:3f7508f5  x8:10001d14  PA:10001d14
13827698ns          229940 1c0081ee 00078363 beq              x15, x0, 6          x15:00000000
13827757ns          229943 1c0081f4 ff7412e3 bne              x8, x23, -28         x8:10001d18 x23:10001fc8
13827817ns          229946 1c0081d8 094c7553 fsub.s           f10, f24, f20       f10=xxxxxxxx f24:3fc90fdb f20:3fe2bf60
13827837ns          229947 1c0081dc 57c000ef jal              x1, 1404             x1=1c0081de
13827877ns          229949 1c008758 a0a527d3 feq.s            x15, f10, f10       x15=00000001 f10:be4d7c28 f10:be4d7c28
13827897ns          229950 1c00875c 0a078b63 beq              x15, x0, 182        x15:00000001
13827916ns          229951 1c00875e e00517d3 fclass.s         x15, f10            x15=00000002 f10:be4d7c28
13827936ns          229952 1c008762 0817f793 andi             x15, x15, 129       x15=00000000 x15:00000002
13827956ns          229953 1c008766 0a079663 bne              x15, x0, 172        x15:00000000
13827976ns          229954 1c008768 00000793 addi             x15, x0, 0          x15=00000000
13827996ns          229955 1c00876c a0f517d3 flt.s            x15, f10, f15       x15=00000001 f10:be4d7c28 f15:00000000
13828016ns          229956 1c008770 0a079663 bne              x15, x0, 172        x15:00000001
13828076ns          229959 1c00881c 1c0007b7 lui              x15, 0x1c000000     x15=1c000000
13828095ns          229960 1c008820 12c7a783 lw               x15, 300(x15)       x15=c0c90fdb x15:1c000000  PA:1c00012c
13828414ns          229976 1c008824 a0f517d3 flt.s            x15, f10, f15       x15=00000000 f10:be4d7c28 f15:c0c90fdb
13828434ns          229977 1c008828 00078463 beq              x15, x0, 8          x15:00000000
13828493ns          229980 1c008830 20a51553 fsgnjn.s         f10, f10, f10       f10=xxxxxxxx f10:be4d7c28 f10:be4d7c28
13828513ns          229981 1c008834 f6bff06f jal              x0, -150           
13828573ns          229984 1c00879e 1c0007b7 lui              x15, 0x1c000000     x15=1c000000
13828593ns          229985 1c0087a2 01c7a783 lw               x15, 28(x15)        x15=3fc90fdb x15:1c000000  PA:1c00001c
13828911ns          230001 1c0087a6 a0f517d3 flt.s            x15, f10, f15       x15=00000001 f10:3e4d7c28 f15:3fc90fdb
13828931ns          230002 1c0087aa 02079563 bne              x15, x0, 42         x15:00000001
13828991ns          230005 1c0087d4 10a57553 fmul.s           f10, f10, f10       f10=xxxxxxxx f10:3e4d7c28 f10:3e4d7c28
13829010ns          230006 1c0087d8 1c0007b7 lui              x15, 0x1c000000     x15=1c000000
13829030ns          230007 1c0087dc 1c000737 lui              x14, 0x1c000000     x14=1c000000
13829050ns          230008 1c0087e0 13472703 lw               x14, 308(x14)       x14=bab59551 x14:1c000000  PA:1c000134
13829369ns          230024 1c0087e4 1307a783 lw               x15, 304(x15)       x15=37c23ab1 x15:1c000000  PA:1c000130
13829707ns          230041 1c0087e8 70f577c3 fmadd.s          f15, f10, f15, f14  f15=xxxxxxxx f10:3d24f014 f15:37c23ab1 f14:bab59551
13829727ns          230042 1c0087ec 1c000737 lui              x14, 0x1c000000     x14=1c000000
13829746ns          230043 1c0087f0 13872703 lw               x14, 312(x14)       x14=3d2aa76f x14:1c000000  PA:1c000138
13830065ns          230059 1c0087f4 70f577c3 fmadd.s          f15, f10, f15, f14  f15=xxxxxxxx f10:3d24f014 f15:bab57608 f14:3d2aa76f
13830085ns          230060 1c0087f8 1c000737 lui              x14, 0x1c000000     x14=1c000000
13830104ns          230061 1c0087fc 13c72703 lw               x14, 316(x14)       x14=beffffe0 x14:1c000000  PA:1c00013c
13830443ns          230078 1c008800 70f577c3 fmadd.s          f15, f10, f15, f14  f15=xxxxxxxx f10:3d24f014 f15:3d2a6cfa f14:beffffe0
13830462ns          230079 1c008804 1c000737 lui              x14, 0x1c000000     x14=1c000000
13830482ns          230080 1c008808 16872703 lw               x14, 360(x14)       x14=3f7fffff x14:1c000000  PA:1c000168
13830801ns          230096 1c00880c 70f57543 fmadd.s          f10, f10, f15, f14  f10=xxxxxxxx f10:3d24f014 f15:beff2445 f14:3f7fffff
13830821ns          230097 1c008810 00008067 jalr             x0, x1, 0            x1:1c0081de
13830880ns          230100 1c0081de 016a7a53 fadd.s           f20, f20, f22       f20=xxxxxxxx f20:3fe2bf60 f22:3efd2311
13830900ns          230101 1c0081e2 10acf553 fmul.s           f10, f25, f10       f10=xxxxxxxx f25:3f800000 f10:3f7adceb
13830920ns          230102 1c0081e6 a14a97d3 flt.s            x15, f21, f20       x15=00000000 f21:40c90fdb f20:40110412
13830940ns          230103 1c0081ea 00a4222b p.sw             x10, 4(x8!)          x8=10001d1c x10:3f7adceb  x8:10001d18  PA:10001d18
13830960ns          230104 1c0081ee 00078363 beq              x15, x0, 6          x15:00000000
13831019ns          230107 1c0081f4 ff7412e3 bne              x8, x23, -28         x8:10001d1c x23:10001fc8
13831079ns          230110 1c0081d8 094c7553 fsub.s           f10, f24, f20       f10=xxxxxxxx f24:3fc90fdb f20:40110412
13831099ns          230111 1c0081dc 57c000ef jal              x1, 1404             x1=1c0081de
13831139ns          230113 1c008758 a0a527d3 feq.s            x15, f10, f10       x15=00000001 f10:bf31f092 f10:bf31f092
13831159ns          230114 1c00875c 0a078b63 beq              x15, x0, 182        x15:00000001
13831179ns          230115 1c00875e e00517d3 fclass.s         x15, f10            x15=00000002 f10:bf31f092
13831198ns          230116 1c008762 0817f793 andi             x15, x15, 129       x15=00000000 x15:00000002
13831218ns          230117 1c008766 0a079663 bne              x15, x0, 172        x15:00000000
13831238ns          230118 1c008768 00000793 addi             x15, x0, 0          x15=00000000
13831258ns          230119 1c00876c a0f517d3 flt.s            x15, f10, f15       x15=00000001 f10:bf31f092 f15:00000000
13831278ns          230120 1c008770 0a079663 bne              x15, x0, 172        x15:00000001
13831338ns          230123 1c00881c 1c0007b7 lui              x15, 0x1c000000     x15=1c000000
13831358ns          230124 1c008820 12c7a783 lw               x15, 300(x15)       x15=c0c90fdb x15:1c000000  PA:1c00012c
13831676ns          230140 1c008824 a0f517d3 flt.s            x15, f10, f15       x15=00000000 f10:bf31f092 f15:c0c90fdb
13831696ns          230141 1c008828 00078463 beq              x15, x0, 8          x15:00000000
13831755ns          230144 1c008830 20a51553 fsgnjn.s         f10, f10, f10       f10=xxxxxxxx f10:bf31f092 f10:bf31f092
13831775ns          230145 1c008834 f6bff06f jal              x0, -150           
13831835ns          230148 1c00879e 1c0007b7 lui              x15, 0x1c000000     x15=1c000000
13831855ns          230149 1c0087a2 01c7a783 lw               x15, 28(x15)        x15=3fc90fdb x15:1c000000  PA:1c00001c
13832213ns          230167 1c0087a6 a0f517d3 flt.s            x15, f10, f15       x15=00000001 f10:3f31f092 f15:3fc90fdb
13832233ns          230168 1c0087aa 02079563 bne              x15, x0, 42         x15:00000001
13832292ns          230171 1c0087d4 10a57553 fmul.s           f10, f10, f10       f10=xxxxxxxx f10:3f31f092 f10:3f31f092
13832312ns          230172 1c0087d8 1c0007b7 lui              x15, 0x1c000000     x15=1c000000
13832332ns          230173 1c0087dc 1c000737 lui              x14, 0x1c000000     x14=1c000000
13832352ns          230174 1c0087e0 13472703 lw               x14, 308(x14)       x14=bab59551 x14:1c000000  PA:1c000134
13832670ns          230190 1c0087e4 1307a783 lw               x15, 304(x15)       x15=37c23ab1 x15:1c000000  PA:1c000130
13833028ns          230208 1c0087e8 70f577c3 fmadd.s          f15, f10, f15, f14  f15=xxxxxxxx f10:3ef75d18 f15:37c23ab1 f14:bab59551
13833048ns          230209 1c0087ec 1c000737 lui              x14, 0x1c000000     x14=1c000000
13833068ns          230210 1c0087f0 13872703 lw               x14, 312(x14)       x14=3d2aa76f x14:1c000000  PA:1c000138
13833386ns          230226 1c0087f4 70f577c3 fmadd.s          f15, f10, f15, f14  f15=xxxxxxxx f10:3ef75d18 f15:bab41df6 f14:3d2aa76f
13833406ns          230227 1c0087f8 1c000737 lui              x14, 0x1c000000     x14=1c000000
13833426ns          230228 1c0087fc 13c72703 lw               x14, 316(x14)       x14=beffffe0 x14:1c000000  PA:1c00013c
13833744ns          230244 1c008800 70f577c3 fmadd.s          f15, f10, f15, f14  f15=xxxxxxxx f10:3ef75d18 f15:3d27ef45 f14:beffffe0
13833764ns          230245 1c008804 1c000737 lui              x14, 0x1c000000     x14=1c000000
13833784ns          230246 1c008808 16872703 lw               x14, 360(x14)       x14=3f7fffff x14:1c000000  PA:1c000168
13834122ns          230263 1c00880c 70f57543 fmadd.s          f10, f10, f15, f14  f10=xxxxxxxx f10:3ef75d18 f15:bef5db91 f14:3f7fffff
13834142ns          230264 1c008810 00008067 jalr             x0, x1, 0            x1:1c0081de
13834202ns          230267 1c0081de 016a7a53 fadd.s           f20, f20, f22       f20=xxxxxxxx f20:40110412 f22:3efd2311
13834222ns          230268 1c0081e2 10acf553 fmul.s           f10, f25, f10       f10=xxxxxxxx f25:3f800000 f10:3f449bef
13834242ns          230269 1c0081e6 a14a97d3 flt.s            x15, f21, f20       x15=00000000 f21:40c90fdb f20:4030a874
13834262ns          230270 1c0081ea 00a4222b p.sw             x10, 4(x8!)          x8=10001d20 x10:3f449bef  x8:10001d1c  PA:10001d1c
13834282ns          230271 1c0081ee 00078363 beq              x15, x0, 6          x15:00000000
13834341ns          230274 1c0081f4 ff7412e3 bne              x8, x23, -28         x8:10001d20 x23:10001fc8
13834401ns          230277 1c0081d8 094c7553 fsub.s           f10, f24, f20       f10=xxxxxxxx f24:3fc90fdb f20:4030a874
13834421ns          230278 1c0081dc 57c000ef jal              x1, 1404             x1=1c0081de
13834461ns          230280 1c008758 a0a527d3 feq.s            x15, f10, f10       x15=00000001 f10:bf98410d f10:bf98410d
13834480ns          230281 1c00875c 0a078b63 beq              x15, x0, 182        x15:00000001
13834500ns          230282 1c00875e e00517d3 fclass.s         x15, f10            x15=00000002 f10:bf98410d
13834520ns          230283 1c008762 0817f793 andi             x15, x15, 129       x15=00000000 x15:00000002
13834540ns          230284 1c008766 0a079663 bne              x15, x0, 172        x15:00000000
13834560ns          230285 1c008768 00000793 addi             x15, x0, 0          x15=00000000
13834580ns          230286 1c00876c a0f517d3 flt.s            x15, f10, f15       x15=00000001 f10:bf98410d f15:00000000
13834600ns          230287 1c008770 0a079663 bne              x15, x0, 172        x15:00000001
13834659ns          230290 1c00881c 1c0007b7 lui              x15, 0x1c000000     x15=1c000000
13834679ns          230291 1c008820 12c7a783 lw               x15, 300(x15)       x15=c0c90fdb x15:1c000000  PA:1c00012c
13835017ns          230308 1c008824 a0f517d3 flt.s            x15, f10, f15       x15=00000000 f10:bf98410d f15:c0c90fdb
13835037ns          230309 1c008828 00078463 beq              x15, x0, 8          x15:00000000
13835097ns          230312 1c008830 20a51553 fsgnjn.s         f10, f10, f10       f10=xxxxxxxx f10:bf98410d f10:bf98410d
13835117ns          230313 1c008834 f6bff06f jal              x0, -150           
13835177ns          230316 1c00879e 1c0007b7 lui              x15, 0x1c000000     x15=1c000000
13835196ns          230317 1c0087a2 01c7a783 lw               x15, 28(x15)        x15=3fc90fdb x15:1c000000  PA:1c00001c
13835515ns          230333 1c0087a6 a0f517d3 flt.s            x15, f10, f15       x15=00000001 f10:3f98410d f15:3fc90fdb
13835535ns          230334 1c0087aa 02079563 bne              x15, x0, 42         x15:00000001
13835594ns          230337 1c0087d4 10a57553 fmul.s           f10, f10, f10       f10=xxxxxxxx f10:3f98410d f10:3f98410d
13835614ns          230338 1c0087d8 1c0007b7 lui              x15, 0x1c000000     x15=1c000000
13835634ns          230339 1c0087dc 1c000737 lui              x14, 0x1c000000     x14=1c000000
13835654ns          230340 1c0087e0 13472703 lw               x14, 308(x14)       x14=bab59551 x14:1c000000  PA:1c000134
13835972ns          230356 1c0087e4 1307a783 lw               x15, 304(x15)       x15=37c23ab1 x15:1c000000  PA:1c000130
13836290ns          230372 1c0087e8 70f577c3 fmadd.s          f15, f10, f15, f14  f15=xxxxxxxx f10:3fb51aa0 f15:37c23ab1 f14:bab59551
13836310ns          230373 1c0087ec 1c000737 lui              x14, 0x1c000000     x14=1c000000
13836330ns          230374 1c0087f0 13872703 lw               x14, 312(x14)       x14=3d2aa76f x14:1c000000  PA:1c000138
13836649ns          230390 1c0087f4 70f577c3 fmadd.s          f15, f10, f15, f14  f15=xxxxxxxx f10:3fb51aa0 f15:bab14a13 f14:3d2aa76f
13836668ns          230391 1c0087f8 1c000737 lui              x14, 0x1c000000     x14=1c000000
13836688ns          230392 1c0087fc 13c72703 lw               x14, 316(x14)       x14=beffffe0 x14:1c000000  PA:1c00013c
13837007ns          230408 1c008800 70f577c3 fmadd.s          f15, f10, f15, f14  f15=xxxxxxxx f10:3fb51aa0 f15:3d22d0b2 f14:beffffe0
13837026ns          230409 1c008804 1c000737 lui              x14, 0x1c000000     x14=1c000000
13837046ns          230410 1c008808 16872703 lw               x14, 360(x14)       x14=3f7fffff x14:1c000000  PA:1c000168
13837365ns          230426 1c00880c 70f57543 fmadd.s          f10, f10, f15, f14  f10=xxxxxxxx f10:3fb51aa0 f15:bee33441 f14:3f7fffff
13837384ns          230427 1c008810 00008067 jalr             x0, x1, 0            x1:1c0081de
13837444ns          230430 1c0081de 016a7a53 fadd.s           f20, f20, f22       f20=xxxxxxxx f20:4030a874 f22:3efd2311
13837464ns          230431 1c0081e2 10acf553 fmul.s           f10, f25, f10       f10=xxxxxxxx f25:3f800000 f10:3ebe88d7
13837484ns          230432 1c0081e6 a14a97d3 flt.s            x15, f21, f20       x15=00000000 f21:40c90fdb f20:40504cd6
13837504ns          230433 1c0081ea 00a4222b p.sw             x10, 4(x8!)          x8=10001d24 x10:3ebe88d7  x8:10001d20  PA:10001d20
13837524ns          230434 1c0081ee 00078363 beq              x15, x0, 6          x15:00000000
13837583ns          230437 1c0081f4 ff7412e3 bne              x8, x23, -28         x8:10001d24 x23:10001fc8
13837643ns          230440 1c0081d8 094c7553 fsub.s           f10, f24, f20       f10=xxxxxxxx f24:3fc90fdb f20:40504cd6
13837663ns          230441 1c0081dc 57c000ef jal              x1, 1404             x1=1c0081de
13837703ns          230443 1c008758 a0a527d3 feq.s            x15, f10, f10       x15=00000001 f10:bfd789d1 f10:bfd789d1
13837723ns          230444 1c00875c 0a078b63 beq              x15, x0, 182        x15:00000001
13837743ns          230445 1c00875e e00517d3 fclass.s         x15, f10            x15=00000002 f10:bfd789d1
13837762ns          230446 1c008762 0817f793 andi             x15, x15, 129       x15=00000000 x15:00000002
13837782ns          230447 1c008766 0a079663 bne              x15, x0, 172        x15:00000000
13837802ns          230448 1c008768 00000793 addi             x15, x0, 0          x15=00000000
13837822ns          230449 1c00876c a0f517d3 flt.s            x15, f10, f15       x15=00000001 f10:bfd789d1 f15:00000000
13837842ns          230450 1c008770 0a079663 bne              x15, x0, 172        x15:00000001
13837902ns          230453 1c00881c 1c0007b7 lui              x15, 0x1c000000     x15=1c000000
13837922ns          230454 1c008820 12c7a783 lw               x15, 300(x15)       x15=c0c90fdb x15:1c000000  PA:1c00012c
13838299ns          230473 1c008824 a0f517d3 flt.s            x15, f10, f15       x15=00000000 f10:bfd789d1 f15:c0c90fdb
13838319ns          230474 1c008828 00078463 beq              x15, x0, 8          x15:00000000
13838379ns          230477 1c008830 20a51553 fsgnjn.s         f10, f10, f10       f10=xxxxxxxx f10:bfd789d1 f10:bfd789d1
13838399ns          230478 1c008834 f6bff06f jal              x0, -150           
13838459ns          230481 1c00879e 1c0007b7 lui              x15, 0x1c000000     x15=1c000000
13838478ns          230482 1c0087a2 01c7a783 lw               x15, 28(x15)        x15=3fc90fdb x15:1c000000  PA:1c00001c
13838797ns          230498 1c0087a6 a0f517d3 flt.s            x15, f10, f15       x15=00000000 f10:3fd789d1 f15:3fc90fdb
13838817ns          230499 1c0087aa 02079563 bne              x15, x0, 42         x15:00000000
13838837ns          230500 1c0087ac 1c0007b7 lui              x15, 0x1c000000     x15=1c000000
13838856ns          230501 1c0087b0 1007a783 lw               x15, 256(x15)       x15=40490fdb x15:1c000000  PA:1c000100
13839195ns          230518 1c0087b4 a0f51753 flt.s            x14, f10, f15       x14=00000001 f10:3fd789d1 f15:40490fdb
13839214ns          230519 1c0087b8 06071f63 bne              x14, x0, 126        x14:00000001
13839294ns          230523 1c008836 08a7f553 fsub.s           f10, f15, f10       f10=xxxxxxxx f15:40490fdb f10:3fd789d1
13839314ns          230524 1c00883a 10a57553 fmul.s           f10, f10, f10       f10=xxxxxxxx f10:3fba95e5 f10:3fba95e5
13839334ns          230525 1c00883e 1c0007b7 lui              x15, 0x1c000000     x15=1c000000
13839354ns          230526 1c008842 1c000737 lui              x14, 0x1c000000     x14=1c000000
13839374ns          230527 1c008846 13472703 lw               x14, 308(x14)       x14=bab59551 x14:1c000000  PA:1c000134
13839712ns          230544 1c00884a 1307a783 lw               x15, 304(x15)       x15=37c23ab1 x15:1c000000  PA:1c000130
13840030ns          230560 1c00884e 70f577c3 fmadd.s          f15, f10, f15, f14  f15=xxxxxxxx f10:4007fe29 f15:37c23ab1 f14:bab59551
13840050ns          230561 1c008852 1c000737 lui              x14, 0x1c000000     x14=1c000000
13840070ns          230562 1c008856 13872703 lw               x14, 312(x14)       x14=3d2aa76f x14:1c000000  PA:1c000138
13840408ns          230579 1c00885a 70f577c3 fmadd.s          f15, f10, f15, f14  f15=xxxxxxxx f10:4007fe29 f15:baaf2274 f14:3d2aa76f
13840428ns          230580 1c00885e 1c000737 lui              x14, 0x1c000000     x14=1c000000
13840448ns          230581 1c008862 13c72703 lw               x14, 316(x14)       x14=beffffe0 x14:1c000000  PA:1c00013c
13840766ns          230597 1c008866 70f577c3 fmadd.s          f15, f10, f15, f14  f15=xxxxxxxx f10:4007fe29 f15:3d1f064e f14:beffffe0
13840786ns          230598 1c00886a 1c000737 lui              x14, 0x1c000000     x14=1c000000
13840806ns          230599 1c00886e 16872703 lw               x14, 360(x14)       x14=3f7fffff x14:1c000000  PA:1c000168
13841124ns          230615 1c008872 70f57543 fmadd.s          f10, f10, f15, f14  f10=xxxxxxxx f10:4007fe29 f15:bed5c2c6 f14:3f7fffff
13841144ns          230616 1c008876 20a51553 fsgnjn.s         f10, f10, f10       f10=xxxxxxxx f10:3de720fa f10:3de720fa
13841164ns          230617 1c00887a 00008067 jalr             x0, x1, 0            x1:1c0081de
13841223ns          230620 1c0081de 016a7a53 fadd.s           f20, f20, f22       f20=xxxxxxxx f20:40504cd6 f22:3efd2311
13841243ns          230621 1c0081e2 10acf553 fmul.s           f10, f25, f10       f10=xxxxxxxx f25:3f800000 f10:bde720fa
13841263ns          230622 1c0081e6 a14a97d3 flt.s            x15, f21, f20       x15=00000000 f21:40c90fdb f20:406ff138
13841283ns          230623 1c0081ea 00a4222b p.sw             x10, 4(x8!)          x8=10001d28 x10:bde720fa  x8:10001d24  PA:10001d24
13841303ns          230624 1c0081ee 00078363 beq              x15, x0, 6          x15:00000000
13841363ns          230627 1c0081f4 ff7412e3 bne              x8, x23, -28         x8:10001d28 x23:10001fc8
13841422ns          230630 1c0081d8 094c7553 fsub.s           f10, f24, f20       f10=xxxxxxxx f24:3fc90fdb f20:406ff138
13841442ns          230631 1c0081dc 57c000ef jal              x1, 1404             x1=1c0081de
13841482ns          230633 1c008758 a0a527d3 feq.s            x15, f10, f10       x15=00000001 f10:c00b694a f10:c00b694a
13841502ns          230634 1c00875c 0a078b63 beq              x15, x0, 182        x15:00000001
13841562ns          230637 1c00875e e00517d3 fclass.s         x15, f10            x15=00000002 f10:c00b694a
13841601ns          230639 1c008762 0817f793 andi             x15, x15, 129       x15=00000000 x15:00000002
13841621ns          230640 1c008766 0a079663 bne              x15, x0, 172        x15:00000000
13841641ns          230641 1c008768 00000793 addi             x15, x0, 0          x15=00000000
13841661ns          230642 1c00876c a0f517d3 flt.s            x15, f10, f15       x15=00000001 f10:c00b694a f15:00000000
13841681ns          230643 1c008770 0a079663 bne              x15, x0, 172        x15:00000001
13841741ns          230646 1c00881c 1c0007b7 lui              x15, 0x1c000000     x15=1c000000
13841760ns          230647 1c008820 12c7a783 lw               x15, 300(x15)       x15=c0c90fdb x15:1c000000  PA:1c00012c
13842158ns          230667 1c008824 a0f517d3 flt.s            x15, f10, f15       x15=00000000 f10:c00b694a f15:c0c90fdb
13842178ns          230668 1c008828 00078463 beq              x15, x0, 8          x15:00000000
13842238ns          230671 1c008830 20a51553 fsgnjn.s         f10, f10, f10       f10=xxxxxxxx f10:c00b694a f10:c00b694a
13842258ns          230672 1c008834 f6bff06f jal              x0, -150           
13842317ns          230675 1c00879e 1c0007b7 lui              x15, 0x1c000000     x15=1c000000
13842337ns          230676 1c0087a2 01c7a783 lw               x15, 28(x15)        x15=3fc90fdb x15:1c000000  PA:1c00001c
13842656ns          230692 1c0087a6 a0f517d3 flt.s            x15, f10, f15       x15=00000000 f10:400b694a f15:3fc90fdb
13842675ns          230693 1c0087aa 02079563 bne              x15, x0, 42         x15:00000000
13842695ns          230694 1c0087ac 1c0007b7 lui              x15, 0x1c000000     x15=1c000000
13842715ns          230695 1c0087b0 1007a783 lw               x15, 256(x15)       x15=40490fdb x15:1c000000  PA:1c000100
13843053ns          230712 1c0087b4 a0f51753 flt.s            x14, f10, f15       x14=00000001 f10:400b694a f15:40490fdb
13843073ns          230713 1c0087b8 06071f63 bne              x14, x0, 126        x14:00000001
13843153ns          230717 1c008836 08a7f553 fsub.s           f10, f15, f10       f10=xxxxxxxx f15:40490fdb f10:400b694a
13843173ns          230718 1c00883a 10a57553 fmul.s           f10, f10, f10       f10=xxxxxxxx f10:3f769a44 f10:3f769a44
13843193ns          230719 1c00883e 1c0007b7 lui              x15, 0x1c000000     x15=1c000000
13843212ns          230720 1c008842 1c000737 lui              x14, 0x1c000000     x14=1c000000
13843232ns          230721 1c008846 13472703 lw               x14, 308(x14)       x14=bab59551 x14:1c000000  PA:1c000134
13843551ns          230737 1c00884a 1307a783 lw               x15, 304(x15)       x15=37c23ab1 x15:1c000000  PA:1c000130
13843889ns          230754 1c00884e 70f577c3 fmadd.s          f15, f10, f15, f14  f15=xxxxxxxx f10:3f6d8cd8 f15:37c23ab1 f14:bab59551
13843909ns          230755 1c008852 1c000737 lui              x14, 0x1c000000     x14=1c000000
13843929ns          230756 1c008856 13872703 lw               x14, 312(x14)       x14=3d2aa76f x14:1c000000  PA:1c000138
13844306ns          230775 1c00885a 70f577c3 fmadd.s          f15, f10, f15, f14  f15=xxxxxxxx f10:3f6d8cd8 f15:bab2c464 f14:3d2aa76f
13844326ns          230776 1c00885e 1c000737 lui              x14, 0x1c000000     x14=1c000000
13844346ns          230777 1c008862 13c72703 lw               x14, 316(x14)       x14=beffffe0 x14:1c000000  PA:1c00013c
13844684ns          230794 1c008866 70f577c3 fmadd.s          f15, f10, f15, f14  f15=xxxxxxxx f10:3f6d8cd8 f15:3d25785e f14:beffffe0
13844704ns          230795 1c00886a 1c000737 lui              x14, 0x1c000000     x14=1c000000
13844724ns          230796 1c00886e 16872703 lw               x14, 360(x14)       x14=3f7fffff x14:1c000000  PA:1c000168
13845042ns          230812 1c008872 70f57543 fmadd.s          f10, f10, f15, f14  f10=xxxxxxxx f10:3f6d8cd8 f15:beecce71 f14:3f7fffff
13845062ns          230813 1c008876 20a51553 fsgnjn.s         f10, f10, f10       f10=xxxxxxxx f10:3f12214b f10:3f12214b
13845082ns          230814 1c00887a 00008067 jalr             x0, x1, 0            x1:1c0081de
13845142ns          230817 1c0081de 016a7a53 fadd.s           f20, f20, f22       f20=xxxxxxxx f20:406ff138 f22:3efd2311
13845162ns          230818 1c0081e2 10acf553 fmul.s           f10, f25, f10       f10=xxxxxxxx f25:3f800000 f10:bf12214b
13845182ns          230819 1c0081e6 a14a97d3 flt.s            x15, f21, f20       x15=00000000 f21:40c90fdb f20:4087cacd
13845202ns          230820 1c0081ea 00a4222b p.sw             x10, 4(x8!)          x8=10001d2c x10:bf12214b  x8:10001d28  PA:10001d28
13845221ns          230821 1c0081ee 00078363 beq              x15, x0, 6          x15:00000000
13845281ns          230824 1c0081f4 ff7412e3 bne              x8, x23, -28         x8:10001d2c x23:10001fc8
13845341ns          230827 1c0081d8 094c7553 fsub.s           f10, f24, f20       f10=xxxxxxxx f24:3fc90fdb f20:4087cacd
13845361ns          230828 1c0081dc 57c000ef jal              x1, 1404             x1=1c0081de
13845400ns          230830 1c008758 a0a527d3 feq.s            x15, f10, f10       x15=00000001 f10:c02b0dac f10:c02b0dac
13845420ns          230831 1c00875c 0a078b63 beq              x15, x0, 182        x15:00000001
13845440ns          230832 1c00875e e00517d3 fclass.s         x15, f10            x15=00000002 f10:c02b0dac
13845460ns          230833 1c008762 0817f793 andi             x15, x15, 129       x15=00000000 x15:00000002
13845480ns          230834 1c008766 0a079663 bne              x15, x0, 172        x15:00000000
13845500ns          230835 1c008768 00000793 addi             x15, x0, 0          x15=00000000
13845520ns          230836 1c00876c a0f517d3 flt.s            x15, f10, f15       x15=00000001 f10:c02b0dac f15:00000000
13845540ns          230837 1c008770 0a079663 bne              x15, x0, 172        x15:00000001
13845599ns          230840 1c00881c 1c0007b7 lui              x15, 0x1c000000     x15=1c000000
13845619ns          230841 1c008820 12c7a783 lw               x15, 300(x15)       x15=c0c90fdb x15:1c000000  PA:1c00012c
13845937ns          230857 1c008824 a0f517d3 flt.s            x15, f10, f15       x15=00000000 f10:c02b0dac f15:c0c90fdb
13845957ns          230858 1c008828 00078463 beq              x15, x0, 8          x15:00000000
13846017ns          230861 1c008830 20a51553 fsgnjn.s         f10, f10, f10       f10=xxxxxxxx f10:c02b0dac f10:c02b0dac
13846037ns          230862 1c008834 f6bff06f jal              x0, -150           
13846097ns          230865 1c00879e 1c0007b7 lui              x15, 0x1c000000     x15=1c000000
13846117ns          230866 1c0087a2 01c7a783 lw               x15, 28(x15)        x15=3fc90fdb x15:1c000000  PA:1c00001c
13846455ns          230883 1c0087a6 a0f517d3 flt.s            x15, f10, f15       x15=00000000 f10:402b0dac f15:3fc90fdb
13846475ns          230884 1c0087aa 02079563 bne              x15, x0, 42         x15:00000000
13846494ns          230885 1c0087ac 1c0007b7 lui              x15, 0x1c000000     x15=1c000000
13846514ns          230886 1c0087b0 1007a783 lw               x15, 256(x15)       x15=40490fdb x15:1c000000  PA:1c000100
13846833ns          230902 1c0087b4 a0f51753 flt.s            x14, f10, f15       x14=00000001 f10:402b0dac f15:40490fdb
13846852ns          230903 1c0087b8 06071f63 bne              x14, x0, 126        x14:00000001
13846932ns          230907 1c008836 08a7f553 fsub.s           f10, f15, f10       f10=xxxxxxxx f15:40490fdb f10:402b0dac
13846952ns          230908 1c00883a 10a57553 fmul.s           f10, f10, f10       f10=xxxxxxxx f10:3ef01178 f10:3ef01178
13846972ns          230909 1c00883e 1c0007b7 lui              x15, 0x1c000000     x15=1c000000
13846992ns          230910 1c008842 1c000737 lui              x14, 0x1c000000     x14=1c000000
13847012ns          230911 1c008846 13472703 lw               x14, 308(x14)       x14=bab59551 x14:1c000000  PA:1c000134
13847330ns          230927 1c00884a 1307a783 lw               x15, 304(x15)       x15=37c23ab1 x15:1c000000  PA:1c000130
13847648ns          230943 1c00884e 70f577c3 fmadd.s          f15, f10, f15, f14  f15=xxxxxxxx f10:3e6120c2 f15:37c23ab1 f14:bab59551
13847668ns          230944 1c008852 1c000737 lui              x14, 0x1c000000     x14=1c000000
13847688ns          230945 1c008856 13872703 lw               x14, 312(x14)       x14=3d2aa76f x14:1c000000  PA:1c000138
13848006ns          230961 1c00885a 70f577c3 fmadd.s          f15, f10, f15, f14  f15=xxxxxxxx f10:3e6120c2 f15:bab4ea83 f14:3d2aa76f
13848026ns          230962 1c00885e 1c000737 lui              x14, 0x1c000000     x14=1c000000
13848046ns          230963 1c008862 13c72703 lw               x14, 316(x14)       x14=beffffe0 x14:1c000000  PA:1c00013c
13848364ns          230979 1c008866 70f577c3 fmadd.s          f15, f10, f15, f14  f15=xxxxxxxx f10:3e6120c2 f15:3d29693c f14:beffffe0
13848384ns          230980 1c00886a 1c000737 lui              x14, 0x1c000000     x14=1c000000
13848404ns          230981 1c00886e 16872703 lw               x14, 360(x14)       x14=3f7fffff x14:1c000000  PA:1c000168
13848742ns          230998 1c008872 70f57543 fmadd.s          f10, f10, f15, f14  f10=xxxxxxxx f10:3e6120c2 f15:befb5807 f14:3f7fffff
13848762ns          230999 1c008876 20a51553 fsgnjn.s         f10, f10, f10       f10=xxxxxxxx f10:3f645eee f10:3f645eee
13848782ns          231000 1c00887a 00008067 jalr             x0, x1, 0            x1:1c0081de
13848842ns          231003 1c0081de 016a7a53 fadd.s           f20, f20, f22       f20=xxxxxxxx f20:4087cacd f22:3efd2311
13848861ns          231004 1c0081e2 10acf553 fmul.s           f10, f25, f10       f10=xxxxxxxx f25:3f800000 f10:bf645eee
13848881ns          231005 1c0081e6 a14a97d3 flt.s            x15, f21, f20       x15=00000000 f21:40c90fdb f20:40979cfe
13848901ns          231006 1c0081ea 00a4222b p.sw             x10, 4(x8!)          x8=10001d30 x10:bf645eee  x8:10001d2c  PA:10001d2c
13848921ns          231007 1c0081ee 00078363 beq              x15, x0, 6          x15:00000000
13848981ns          231010 1c0081f4 ff7412e3 bne              x8, x23, -28         x8:10001d30 x23:10001fc8
13849040ns          231013 1c0081d8 094c7553 fsub.s           f10, f24, f20       f10=xxxxxxxx f24:3fc90fdb f20:40979cfe
13849060ns          231014 1c0081dc 57c000ef jal              x1, 1404             x1=1c0081de
13849100ns          231016 1c008758 a0a527d3 feq.s            x15, f10, f10       x15=00000001 f10:c04ab20e f10:c04ab20e
13849120ns          231017 1c00875c 0a078b63 beq              x15, x0, 182        x15:00000001
13849140ns          231018 1c00875e e00517d3 fclass.s         x15, f10            x15=00000002 f10:c04ab20e
13849160ns          231019 1c008762 0817f793 andi             x15, x15, 129       x15=00000000 x15:00000002
13849180ns          231020 1c008766 0a079663 bne              x15, x0, 172        x15:00000000
13849200ns          231021 1c008768 00000793 addi             x15, x0, 0          x15=00000000
13849219ns          231022 1c00876c a0f517d3 flt.s            x15, f10, f15       x15=00000001 f10:c04ab20e f15:00000000
13849239ns          231023 1c008770 0a079663 bne              x15, x0, 172        x15:00000001
13849299ns          231026 1c00881c 1c0007b7 lui              x15, 0x1c000000     x15=1c000000
13849319ns          231027 1c008820 12c7a783 lw               x15, 300(x15)       x15=c0c90fdb x15:1c000000  PA:1c00012c
13849637ns          231043 1c008824 a0f517d3 flt.s            x15, f10, f15       x15=00000000 f10:c04ab20e f15:c0c90fdb
13849657ns          231044 1c008828 00078463 beq              x15, x0, 8          x15:00000000
13849717ns          231047 1c008830 20a51553 fsgnjn.s         f10, f10, f10       f10=xxxxxxxx f10:c04ab20e f10:c04ab20e
13849737ns          231048 1c008834 f6bff06f jal              x0, -150           
13849796ns          231051 1c00879e 1c0007b7 lui              x15, 0x1c000000     x15=1c000000
13849816ns          231052 1c0087a2 01c7a783 lw               x15, 28(x15)        x15=3fc90fdb x15:1c000000  PA:1c00001c
13850134ns          231068 1c0087a6 a0f517d3 flt.s            x15, f10, f15       x15=00000000 f10:404ab20e f15:3fc90fdb
13850154ns          231069 1c0087aa 02079563 bne              x15, x0, 42         x15:00000000
13850174ns          231070 1c0087ac 1c0007b7 lui              x15, 0x1c000000     x15=1c000000
13850194ns          231071 1c0087b0 1007a783 lw               x15, 256(x15)       x15=40490fdb x15:1c000000  PA:1c000100
13850512ns          231087 1c0087b4 a0f51753 flt.s            x14, f10, f15       x14=00000000 f10:404ab20e f15:40490fdb
13850532ns          231088 1c0087b8 06071f63 bne              x14, x0, 126        x14:00000000
13850552ns          231089 1c0087ba 1c000737 lui              x14, 0x1c000000     x14=1c000000
13850572ns          231090 1c0087be 14072703 lw               x14, 320(x14)       x14=4096cbe4 x14:1c000000  PA:1c000140
13850910ns          231107 1c0087c2 a0e51753 flt.s            x14, f10, f14       x14=00000001 f10:404ab20e f14:4096cbe4
13850930ns          231108 1c0087c6 0a071b63 bne              x14, x0, 182        x14:00000001
13850990ns          231111 1c00887c 08f57553 fsub.s           f10, f10, f15       f10=xxxxxxxx f10:404ab20e f15:40490fdb
13851010ns          231112 1c008880 fbbff06f jal              x0, -70            
13851069ns          231115 1c00883a 10a57553 fmul.s           f10, f10, f10       f10=xxxxxxxx f10:3cd11980 f10:3cd11980
13851089ns          231116 1c00883e 1c0007b7 lui              x15, 0x1c000000     x15=1c000000
13851109ns          231117 1c008842 1c000737 lui              x14, 0x1c000000     x14=1c000000
13851129ns          231118 1c008846 13472703 lw               x14, 308(x14)       x14=bab59551 x14:1c000000  PA:1c000134
13851447ns          231134 1c00884a 1307a783 lw               x15, 304(x15)       x15=37c23ab1 x15:1c000000  PA:1c000130
13851765ns          231150 1c00884e 70f577c3 fmadd.s          f15, f10, f15, f14  f15=xxxxxxxx f10:3a2acaa6 f15:37c23ab1 f14:bab59551
13851785ns          231151 1c008852 1c000737 lui              x14, 0x1c000000     x14=1c000000
13851805ns          231152 1c008856 13872703 lw               x14, 312(x14)       x14=3d2aa76f x14:1c000000  PA:1c000138
13852124ns          231168 1c00885a 70f577c3 fmadd.s          f15, f10, f15, f14  f15=xxxxxxxx f10:3a2acaa6 f15:bab594cf f14:3d2aa76f
13852143ns          231169 1c00885e 1c000737 lui              x14, 0x1c000000     x14=1c000000
13852163ns          231170 1c008862 13c72703 lw               x14, 316(x14)       x14=beffffe0 x14:1c000000  PA:1c00013c
13852501ns          231187 1c008866 70f577c3 fmadd.s          f15, f10, f15, f14  f15=xxxxxxxx f10:3a2acaa6 f15:3d2aa67d f14:beffffe0
13852521ns          231188 1c00886a 1c000737 lui              x14, 0x1c000000     x14=1c000000
13852541ns          231189 1c00886e 16872703 lw               x14, 360(x14)       x14=3f7fffff x14:1c000000  PA:1c000168
13852879ns          231206 1c008872 70f57543 fmadd.s          f10, f10, f15, f14  f10=xxxxxxxx f10:3a2acaa6 f15:befffc51 f14:3f7fffff
13852899ns          231207 1c008876 20a51553 fsgnjn.s         f10, f10, f10       f10=xxxxxxxx f10:3f7feaa6 f10:3f7feaa6
13852919ns          231208 1c00887a 00008067 jalr             x0, x1, 0            x1:1c0081de
13852979ns          231211 1c0081de 016a7a53 fadd.s           f20, f20, f22       f20=xxxxxxxx f20:40979cfe f22:3efd2311
13852999ns          231212 1c0081e2 10acf553 fmul.s           f10, f25, f10       f10=xxxxxxxx f25:3f800000 f10:bf7feaa6
13853019ns          231213 1c0081e6 a14a97d3 flt.s            x15, f21, f20       x15=00000000 f21:40c90fdb f20:40a76f2f
13853038ns          231214 1c0081ea 00a4222b p.sw             x10, 4(x8!)          x8=10001d34 x10:bf7feaa6  x8:10001d30  PA:10001d30
13853058ns          231215 1c0081ee 00078363 beq              x15, x0, 6          x15:00000000
13853118ns          231218 1c0081f4 ff7412e3 bne              x8, x23, -28         x8:10001d34 x23:10001fc8
13853178ns          231221 1c0081d8 094c7553 fsub.s           f10, f24, f20       f10=xxxxxxxx f24:3fc90fdb f20:40a76f2f
13853198ns          231222 1c0081dc 57c000ef jal              x1, 1404             x1=1c0081de
13853237ns          231224 1c008758 a0a527d3 feq.s            x15, f10, f10       x15=00000001 f10:c06a5670 f10:c06a5670
13853257ns          231225 1c00875c 0a078b63 beq              x15, x0, 182        x15:00000001
13853277ns          231226 1c00875e e00517d3 fclass.s         x15, f10            x15=00000002 f10:c06a5670
13853297ns          231227 1c008762 0817f793 andi             x15, x15, 129       x15=00000000 x15:00000002
13853317ns          231228 1c008766 0a079663 bne              x15, x0, 172        x15:00000000
13853337ns          231229 1c008768 00000793 addi             x15, x0, 0          x15=00000000
13853357ns          231230 1c00876c a0f517d3 flt.s            x15, f10, f15       x15=00000001 f10:c06a5670 f15:00000000
13853377ns          231231 1c008770 0a079663 bne              x15, x0, 172        x15:00000001
13853436ns          231234 1c00881c 1c0007b7 lui              x15, 0x1c000000     x15=1c000000
13853456ns          231235 1c008820 12c7a783 lw               x15, 300(x15)       x15=c0c90fdb x15:1c000000  PA:1c00012c
13853794ns          231252 1c008824 a0f517d3 flt.s            x15, f10, f15       x15=00000000 f10:c06a5670 f15:c0c90fdb
13853814ns          231253 1c008828 00078463 beq              x15, x0, 8          x15:00000000
13853874ns          231256 1c008830 20a51553 fsgnjn.s         f10, f10, f10       f10=xxxxxxxx f10:c06a5670 f10:c06a5670
13853894ns          231257 1c008834 f6bff06f jal              x0, -150           
13853953ns          231260 1c00879e 1c0007b7 lui              x15, 0x1c000000     x15=1c000000
13853973ns          231261 1c0087a2 01c7a783 lw               x15, 28(x15)        x15=3fc90fdb x15:1c000000  PA:1c00001c
13854292ns          231277 1c0087a6 a0f517d3 flt.s            x15, f10, f15       x15=00000000 f10:406a5670 f15:3fc90fdb
13854312ns          231278 1c0087aa 02079563 bne              x15, x0, 42         x15:00000000
13854331ns          231279 1c0087ac 1c0007b7 lui              x15, 0x1c000000     x15=1c000000
13854351ns          231280 1c0087b0 1007a783 lw               x15, 256(x15)       x15=40490fdb x15:1c000000  PA:1c000100
13854670ns          231296 1c0087b4 a0f51753 flt.s            x14, f10, f15       x14=00000000 f10:406a5670 f15:40490fdb
13854689ns          231297 1c0087b8 06071f63 bne              x14, x0, 126        x14:00000000
13854709ns          231298 1c0087ba 1c000737 lui              x14, 0x1c000000     x14=1c000000
13854729ns          231299 1c0087be 14072703 lw               x14, 320(x14)       x14=4096cbe4 x14:1c000000  PA:1c000140
13855047ns          231315 1c0087c2 a0e51753 flt.s            x14, f10, f14       x14=00000001 f10:406a5670 f14:4096cbe4
13855067ns          231316 1c0087c6 0a071b63 bne              x14, x0, 182        x14:00000001
13855127ns          231319 1c00887c 08f57553 fsub.s           f10, f10, f15       f10=xxxxxxxx f10:406a5670 f15:40490fdb
13855147ns          231320 1c008880 fbbff06f jal              x0, -70            
13855207ns          231323 1c00883a 10a57553 fmul.s           f10, f10, f10       f10=xxxxxxxx f10:3f051a54 f10:3f051a54
13855226ns          231324 1c00883e 1c0007b7 lui              x15, 0x1c000000     x15=1c000000
13855246ns          231325 1c008842 1c000737 lui              x14, 0x1c000000     x14=1c000000
13855266ns          231326 1c008846 13472703 lw               x14, 308(x14)       x14=bab59551 x14:1c000000  PA:1c000134
13855585ns          231342 1c00884a 1307a783 lw               x15, 304(x15)       x15=37c23ab1 x15:1c000000  PA:1c000130
13855903ns          231358 1c00884e 70f577c3 fmadd.s          f15, f10, f15, f14  f15=xxxxxxxx f10:3e8a68bc f15:37c23ab1 f14:bab59551
13855923ns          231359 1c008852 1c000737 lui              x14, 0x1c000000     x14=1c000000
13855943ns          231360 1c008856 13872703 lw               x14, 312(x14)       x14=3d2aa76f x14:1c000000  PA:1c000138
13856261ns          231376 1c00885a 70f577c3 fmadd.s          f15, f10, f15, f14  f15=xxxxxxxx f10:3e8a68bc f15:bab4c34b f14:3d2aa76f
13856281ns          231377 1c00885e 1c000737 lui              x14, 0x1c000000     x14=1c000000
13856301ns          231378 1c008862 13c72703 lw               x14, 316(x14)       x14=beffffe0 x14:1c000000  PA:1c00013c
13856619ns          231394 1c008866 70f577c3 fmadd.s          f15, f10, f15, f14  f15=xxxxxxxx f10:3e8a68bc f15:3d292082 f14:beffffe0
13856639ns          231395 1c00886a 1c000737 lui              x14, 0x1c000000     x14=1c000000
13856659ns          231396 1c00886e 16872703 lw               x14, 360(x14)       x14=3f7fffff x14:1c000000  PA:1c000168
13856997ns          231413 1c008872 70f57543 fmadd.s          f10, f10, f15, f14  f10=xxxxxxxx f10:3e8a68bc f15:befa48d5 f14:3f7fffff
13857017ns          231414 1c008876 20a51553 fsgnjn.s         f10, f10, f10       f10=xxxxxxxx f10:3f5e2b95 f10:3f5e2b95
13857037ns          231415 1c00887a 00008067 jalr             x0, x1, 0            x1:1c0081de
13857096ns          231418 1c0081de 016a7a53 fadd.s           f20, f20, f22       f20=xxxxxxxx f20:40a76f2f f22:3efd2311
13857116ns          231419 1c0081e2 10acf553 fmul.s           f10, f25, f10       f10=xxxxxxxx f25:3f800000 f10:bf5e2b95
13857136ns          231420 1c0081e6 a14a97d3 flt.s            x15, f21, f20       x15=00000000 f21:40c90fdb f20:40b74160
13857156ns          231421 1c0081ea 00a4222b p.sw             x10, 4(x8!)          x8=10001d38 x10:bf5e2b95  x8:10001d34  PA:10001d34
13857176ns          231422 1c0081ee 00078363 beq              x15, x0, 6          x15:00000000
13857235ns          231425 1c0081f4 ff7412e3 bne              x8, x23, -28         x8:10001d38 x23:10001fc8
13857295ns          231428 1c0081d8 094c7553 fsub.s           f10, f24, f20       f10=xxxxxxxx f24:3fc90fdb f20:40b74160
13857315ns          231429 1c0081dc 57c000ef jal              x1, 1404             x1=1c0081de
13857355ns          231431 1c008758 a0a527d3 feq.s            x15, f10, f10       x15=00000001 f10:c084fd69 f10:c084fd69
13857375ns          231432 1c00875c 0a078b63 beq              x15, x0, 182        x15:00000001
13857395ns          231433 1c00875e e00517d3 fclass.s         x15, f10            x15=00000002 f10:c084fd69
13857414ns          231434 1c008762 0817f793 andi             x15, x15, 129       x15=00000000 x15:00000002
13857434ns          231435 1c008766 0a079663 bne              x15, x0, 172        x15:00000000
13857454ns          231436 1c008768 00000793 addi             x15, x0, 0          x15=00000000
13857474ns          231437 1c00876c a0f517d3 flt.s            x15, f10, f15       x15=00000001 f10:c084fd69 f15:00000000
13857494ns          231438 1c008770 0a079663 bne              x15, x0, 172        x15:00000001
13857554ns          231441 1c00881c 1c0007b7 lui              x15, 0x1c000000     x15=1c000000
13857574ns          231442 1c008820 12c7a783 lw               x15, 300(x15)       x15=c0c90fdb x15:1c000000  PA:1c00012c
13857892ns          231458 1c008824 a0f517d3 flt.s            x15, f10, f15       x15=00000000 f10:c084fd69 f15:c0c90fdb
13857912ns          231459 1c008828 00078463 beq              x15, x0, 8          x15:00000000
13857971ns          231462 1c008830 20a51553 fsgnjn.s         f10, f10, f10       f10=xxxxxxxx f10:c084fd69 f10:c084fd69
13857991ns          231463 1c008834 f6bff06f jal              x0, -150           
13858051ns          231466 1c00879e 1c0007b7 lui              x15, 0x1c000000     x15=1c000000
13858071ns          231467 1c0087a2 01c7a783 lw               x15, 28(x15)        x15=3fc90fdb x15:1c000000  PA:1c00001c
13858389ns          231483 1c0087a6 a0f517d3 flt.s            x15, f10, f15       x15=00000000 f10:4084fd69 f15:3fc90fdb
13858409ns          231484 1c0087aa 02079563 bne              x15, x0, 42         x15:00000000
13858429ns          231485 1c0087ac 1c0007b7 lui              x15, 0x1c000000     x15=1c000000
13858449ns          231486 1c0087b0 1007a783 lw               x15, 256(x15)       x15=40490fdb x15:1c000000  PA:1c000100
13858767ns          231502 1c0087b4 a0f51753 flt.s            x14, f10, f15       x14=00000000 f10:4084fd69 f15:40490fdb
13858787ns          231503 1c0087b8 06071f63 bne              x14, x0, 126        x14:00000000
13858807ns          231504 1c0087ba 1c000737 lui              x14, 0x1c000000     x14=1c000000
13858827ns          231505 1c0087be 14072703 lw               x14, 320(x14)       x14=4096cbe4 x14:1c000000  PA:1c000140
13859165ns          231522 1c0087c2 a0e51753 flt.s            x14, f10, f14       x14=00000001 f10:4084fd69 f14:4096cbe4
13859185ns          231523 1c0087c6 0a071b63 bne              x14, x0, 182        x14:00000001
13859244ns          231526 1c00887c 08f57553 fsub.s           f10, f10, f15       f10=xxxxxxxx f10:4084fd69 f15:40490fdb
13859264ns          231527 1c008880 fbbff06f jal              x0, -70            
13859324ns          231530 1c00883a 10a57553 fmul.s           f10, f10, f10       f10=xxxxxxxx f10:3f81d5ee f10:3f81d5ee
13859344ns          231531 1c00883e 1c0007b7 lui              x15, 0x1c000000     x15=1c000000
13859364ns          231532 1c008842 1c000737 lui              x14, 0x1c000000     x14=1c000000
13859384ns          231533 1c008846 13472703 lw               x14, 308(x14)       x14=bab59551 x14:1c000000  PA:1c000134
13859682ns          231548 1c00884a 1307a783 lw               x15, 304(x15)       x15=37c23ab1 x15:1c000000  PA:1c000130
13860000ns          231564 1c00884e 70f577c3 fmadd.s          f15, f10, f15, f14  f15=xxxxxxxx f10:3f83b299 f15:37c23ab1 f14:bab59551
13860020ns          231565 1c008852 1c000737 lui              x14, 0x1c000000     x14=1c000000
13860040ns          231566 1c008856 13872703 lw               x14, 312(x14)       x14=3d2aa76f x14:1c000000  PA:1c000138
13860398ns          231584 1c00885a 70f577c3 fmadd.s          f15, f10, f15, f14  f15=xxxxxxxx f10:3f83b299 f15:bab275f5 f14:3d2aa76f
13860418ns          231585 1c00885e 1c000737 lui              x14, 0x1c000000     x14=1c000000
13860438ns          231586 1c008862 13c72703 lw               x14, 316(x14)       x14=beffffe0 x14:1c000000  PA:1c00013c
13860776ns          231603 1c008866 70f577c3 fmadd.s          f15, f10, f15, f14  f15=xxxxxxxx f10:3f83b299 f15:3d24ea81 f14:beffffe0
13860796ns          231604 1c00886a 1c000737 lui              x14, 0x1c000000     x14=1c000000
13860816ns          231605 1c00886e 16872703 lw               x14, 360(x14)       x14=3f7fffff x14:1c000000  PA:1c000168
13861134ns          231621 1c008872 70f57543 fmadd.s          f10, f10, f15, f14  f10=xxxxxxxx f10:3f83b299 f15:beeaca1d f14:3f7fffff
13861154ns          231622 1c008876 20a51553 fsgnjn.s         f10, f10, f10       f10=xxxxxxxx f10:3f0736c5 f10:3f0736c5
13861174ns          231623 1c00887a 00008067 jalr             x0, x1, 0            x1:1c0081de
13861233ns          231626 1c0081de 016a7a53 fadd.s           f20, f20, f22       f20=xxxxxxxx f20:40b74160 f22:3efd2311
13861253ns          231627 1c0081e2 10acf553 fmul.s           f10, f25, f10       f10=xxxxxxxx f25:3f800000 f10:bf0736c5
13861273ns          231628 1c0081e6 a14a97d3 flt.s            x15, f21, f20       x15=00000000 f21:40c90fdb f20:40c71391
13861293ns          231629 1c0081ea 00a4222b p.sw             x10, 4(x8!)          x8=10001d3c x10:bf0736c5  x8:10001d38  PA:10001d38
13861313ns          231630 1c0081ee 00078363 beq              x15, x0, 6          x15:00000000
13861373ns          231633 1c0081f4 ff7412e3 bne              x8, x23, -28         x8:10001d3c x23:10001fc8
13861432ns          231636 1c0081d8 094c7553 fsub.s           f10, f24, f20       f10=xxxxxxxx f24:3fc90fdb f20:40c71391
13861452ns          231637 1c0081dc 57c000ef jal              x1, 1404             x1=1c0081de
13861492ns          231639 1c008758 a0a527d3 feq.s            x15, f10, f10       x15=00000001 f10:c094cf9a f10:c094cf9a
13861512ns          231640 1c00875c 0a078b63 beq              x15, x0, 182        x15:00000001
13861532ns          231641 1c00875e e00517d3 fclass.s         x15, f10            x15=00000002 f10:c094cf9a
13861552ns          231642 1c008762 0817f793 andi             x15, x15, 129       x15=00000000 x15:00000002
13861572ns          231643 1c008766 0a079663 bne              x15, x0, 172        x15:00000000
13861592ns          231644 1c008768 00000793 addi             x15, x0, 0          x15=00000000
13861611ns          231645 1c00876c a0f517d3 flt.s            x15, f10, f15       x15=00000001 f10:c094cf9a f15:00000000
13861631ns          231646 1c008770 0a079663 bne              x15, x0, 172        x15:00000001
13861691ns          231649 1c00881c 1c0007b7 lui              x15, 0x1c000000     x15=1c000000
13861711ns          231650 1c008820 12c7a783 lw               x15, 300(x15)       x15=c0c90fdb x15:1c000000  PA:1c00012c
13862029ns          231666 1c008824 a0f517d3 flt.s            x15, f10, f15       x15=00000000 f10:c094cf9a f15:c0c90fdb
13862049ns          231667 1c008828 00078463 beq              x15, x0, 8          x15:00000000
13862109ns          231670 1c008830 20a51553 fsgnjn.s         f10, f10, f10       f10=xxxxxxxx f10:c094cf9a f10:c094cf9a
13862129ns          231671 1c008834 f6bff06f jal              x0, -150           
13862188ns          231674 1c00879e 1c0007b7 lui              x15, 0x1c000000     x15=1c000000
13862208ns          231675 1c0087a2 01c7a783 lw               x15, 28(x15)        x15=3fc90fdb x15:1c000000  PA:1c00001c
13862546ns          231692 1c0087a6 a0f517d3 flt.s            x15, f10, f15       x15=00000000 f10:4094cf9a f15:3fc90fdb
13862566ns          231693 1c0087aa 02079563 bne              x15, x0, 42         x15:00000000
13862586ns          231694 1c0087ac 1c0007b7 lui              x15, 0x1c000000     x15=1c000000
13862606ns          231695 1c0087b0 1007a783 lw               x15, 256(x15)       x15=40490fdb x15:1c000000  PA:1c000100
13862924ns          231711 1c0087b4 a0f51753 flt.s            x14, f10, f15       x14=00000000 f10:4094cf9a f15:40490fdb
13862944ns          231712 1c0087b8 06071f63 bne              x14, x0, 126        x14:00000000
13862964ns          231713 1c0087ba 1c000737 lui              x14, 0x1c000000     x14=1c000000
13862984ns          231714 1c0087be 14072703 lw               x14, 320(x14)       x14=4096cbe4 x14:1c000000  PA:1c000140
13863302ns          231730 1c0087c2 a0e51753 flt.s            x14, f10, f14       x14=00000001 f10:4094cf9a f14:4096cbe4
13863322ns          231731 1c0087c6 0a071b63 bne              x14, x0, 182        x14:00000001
13863382ns          231734 1c00887c 08f57553 fsub.s           f10, f10, f15       f10=xxxxxxxx f10:4094cf9a f15:40490fdb
13863402ns          231735 1c008880 fbbff06f jal              x0, -70            
13863461ns          231738 1c00883a 10a57553 fmul.s           f10, f10, f10       f10=xxxxxxxx f10:3fc11eb2 f10:3fc11eb2
13863481ns          231739 1c00883e 1c0007b7 lui              x15, 0x1c000000     x15=1c000000
13863501ns          231740 1c008842 1c000737 lui              x14, 0x1c000000     x14=1c000000
13863521ns          231741 1c008846 13472703 lw               x14, 308(x14)       x14=bab59551 x14:1c000000  PA:1c000134
13863819ns          231756 1c00884a 1307a783 lw               x15, 304(x15)       x15=37c23ab1 x15:1c000000  PA:1c000130
13864138ns          231772 1c00884e 70f577c3 fmadd.s          f15, f10, f15, f14  f15=xxxxxxxx f10:4011af4c f15:37c23ab1 f14:bab59551
13864157ns          231773 1c008852 1c000737 lui              x14, 0x1c000000     x14=1c000000
13864177ns          231774 1c008856 13872703 lw               x14, 312(x14)       x14=3d2aa76f x14:1c000000  PA:1c000138
13864535ns          231792 1c00885a 70f577c3 fmadd.s          f15, f10, f15, f14  f15=xxxxxxxx f10:4011af4c f15:baaeaccd f14:3d2aa76f
13864555ns          231793 1c00885e 1c000737 lui              x14, 0x1c000000     x14=1c000000
13864575ns          231794 1c008862 13c72703 lw               x14, 316(x14)       x14=beffffe0 x14:1c000000  PA:1c00013c
13864913ns          231811 1c008866 70f577c3 fmadd.s          f15, f10, f15, f14  f15=xxxxxxxx f10:4011af4c f15:3d1e3a7f f14:beffffe0
13864933ns          231812 1c00886a 1c000737 lui              x14, 0x1c000000     x14=1c000000
13864953ns          231813 1c00886e 16872703 lw               x14, 360(x14)       x14=3f7fffff x14:1c000000  PA:1c000168
13865271ns          231829 1c008872 70f57543 fmadd.s          f10, f10, f15, f14  f10=xxxxxxxx f10:4011af4c f15:bed2fa23 f14:3f7fffff
13865291ns          231830 1c008876 20a51553 fsgnjn.s         f10, f10, f10       f10=xxxxxxxx f10:3d7dfb42 f10:3d7dfb42
13865311ns          231831 1c00887a 00008067 jalr             x0, x1, 0            x1:1c0081de
13865371ns          231834 1c0081de 016a7a53 fadd.s           f20, f20, f22       f20=xxxxxxxx f20:40c71391 f22:3efd2311
13865391ns          231835 1c0081e2 10acf553 fmul.s           f10, f25, f10       f10=xxxxxxxx f25:3f800000 f10:bd7dfb42
13865411ns          231836 1c0081e6 a14a97d3 flt.s            x15, f21, f20       x15=00000001 f21:40c90fdb f20:40d6e5c2
13865430ns          231837 1c0081ea 00a4222b p.sw             x10, 4(x8!)          x8=10001d40 x10:bd7dfb42  x8:10001d3c  PA:10001d3c
13865450ns          231838 1c0081ee 00078363 beq              x15, x0, 6          x15:00000001
13865470ns          231839 1c0081f0 095a7a53 fsub.s           f20, f20, f21       f20=xxxxxxxx f20:40d6e5c2 f21:40c90fdb
13865490ns          231840 1c0081f4 ff7412e3 bne              x8, x23, -28         x8:10001d40 x23:10001fc8
13865550ns          231843 1c0081d8 094c7553 fsub.s           f10, f24, f20       f10=xxxxxxxx f24:3fc90fdb f20:3edd5e70
13865570ns          231844 1c0081dc 57c000ef jal              x1, 1404             x1=1c0081de
13865609ns          231846 1c008758 a0a527d3 feq.s            x15, f10, f10       x15=00000001 f10:3f91b83f f10:3f91b83f
13865629ns          231847 1c00875c 0a078b63 beq              x15, x0, 182        x15:00000001
13865649ns          231848 1c00875e e00517d3 fclass.s         x15, f10            x15=00000040 f10:3f91b83f
13865669ns          231849 1c008762 0817f793 andi             x15, x15, 129       x15=00000000 x15:00000040
13865689ns          231850 1c008766 0a079663 bne              x15, x0, 172        x15:00000000
13865709ns          231851 1c008768 00000793 addi             x15, x0, 0          x15=00000000
13865729ns          231852 1c00876c a0f517d3 flt.s            x15, f10, f15       x15=00000000 f10:3f91b83f f15:00000000
13865749ns          231853 1c008770 0a079663 bne              x15, x0, 172        x15:00000000
13865769ns          231854 1c008772 1c000737 lui              x14, 0x1c000000     x14=1c000000
13865788ns          231855 1c008776 02072783 lw               x15, 32(x14)        x15=40c90fdb x14:1c000000  PA:1c000020
13866127ns          231872 1c00877a a0a797d3 flt.s            x15, f15, f10       x15=00000000 f15:40c90fdb f10:3f91b83f
13866147ns          231873 1c00877e 00078b63 beq              x15, x0, 22         x15:00000000
13866206ns          231876 1c008794 00000793 addi             x15, x0, 0          x15=00000000
13866226ns          231877 1c008798 a0f517d3 flt.s            x15, f10, f15       x15=00000000 f10:3f91b83f f15:00000000
13866246ns          231878 1c00879c 08079a63 bne              x15, x0, 148        x15:00000000
13866266ns          231879 1c00879e 1c0007b7 lui              x15, 0x1c000000     x15=1c000000
13866286ns          231880 1c0087a2 01c7a783 lw               x15, 28(x15)        x15=3fc90fdb x15:1c000000  PA:1c00001c
13866624ns          231897 1c0087a6 a0f517d3 flt.s            x15, f10, f15       x15=00000001 f10:3f91b83f f15:3fc90fdb
13866644ns          231898 1c0087aa 02079563 bne              x15, x0, 42         x15:00000001
13866703ns          231901 1c0087d4 10a57553 fmul.s           f10, f10, f10       f10=xxxxxxxx f10:3f91b83f f10:3f91b83f
13866723ns          231902 1c0087d8 1c0007b7 lui              x15, 0x1c000000     x15=1c000000
13866743ns          231903 1c0087dc 1c000737 lui              x14, 0x1c000000     x14=1c000000
13866803ns          231906 1c0087e0 13472703 lw               x14, 308(x14)       x14=bab59551 x14:1c000000  PA:1c000134
13867161ns          231924 1c0087e4 1307a783 lw               x15, 304(x15)       x15=37c23ab1 x15:1c000000  PA:1c000130
13867479ns          231940 1c0087e8 70f577c3 fmadd.s          f15, f10, f15, f14  f15=xxxxxxxx f10:3fa5e478 f15:37c23ab1 f14:bab59551
13867499ns          231941 1c0087ec 1c000737 lui              x14, 0x1c000000     x14=1c000000
13867519ns          231942 1c0087f0 13872703 lw               x14, 312(x14)       x14=3d2aa76f x14:1c000000  PA:1c000138
13867837ns          231958 1c0087f4 70f577c3 fmadd.s          f15, f10, f15, f14  f15=xxxxxxxx f10:3fa5e478 f15:bab1a668 f14:3d2aa76f
13867857ns          231959 1c0087f8 1c000737 lui              x14, 0x1c000000     x14=1c000000
13867877ns          231960 1c0087fc 13c72703 lw               x14, 316(x14)       x14=beffffe0 x14:1c000000  PA:1c00013c
13868195ns          231976 1c008800 70f577c3 fmadd.s          f15, f10, f15, f14  f15=xxxxxxxx f10:3fa5e478 f15:3d237582 f14:beffffe0
13868215ns          231977 1c008804 1c000737 lui              x14, 0x1c000000     x14=1c000000
13868235ns          231978 1c008808 16872703 lw               x14, 360(x14)       x14=3f7fffff x14:1c000000  PA:1c000168
13868553ns          231994 1c00880c 70f57543 fmadd.s          f10, f10, f15, f14  f10=xxxxxxxx f10:3fa5e478 f15:bee584b8 f14:3f7fffff
13868573ns          231995 1c008810 00008067 jalr             x0, x1, 0            x1:1c0081de
13868673ns          232000 1c0081de 016a7a53 fadd.s           f20, f20, f22       f20=xxxxxxxx f20:3edd5e70 f22:3efd2311
13868712ns          232002 1c0081e2 10acf553 fmul.s           f10, f25, f10       f10=xxxxxxxx f25:3f800000 f10:3ed6893d
13868732ns          232003 1c0081e6 a14a97d3 flt.s            x15, f21, f20       x15=00000000 f21:40c90fdb f20:3f6d40c0
13868752ns          232004 1c0081ea 00a4222b p.sw             x10, 4(x8!)          x8=10001d44 x10:3ed6893d  x8:10001d40  PA:10001d40
13868772ns          232005 1c0081ee 00078363 beq              x15, x0, 6          x15:00000000
13868832ns          232008 1c0081f4 ff7412e3 bne              x8, x23, -28         x8:10001d44 x23:10001fc8
13868891ns          232011 1c0081d8 094c7553 fsub.s           f10, f24, f20       f10=xxxxxxxx f24:3fc90fdb f20:3f6d40c0
13868911ns          232012 1c0081dc 57c000ef jal              x1, 1404             x1=1c0081de
13868951ns          232014 1c008758 a0a527d3 feq.s            x15, f10, f10       x15=00000001 f10:3f24def6 f10:3f24def6
13868971ns          232015 1c00875c 0a078b63 beq              x15, x0, 182        x15:00000001
13869031ns          232018 1c00875e e00517d3 fclass.s         x15, f10            x15=00000040 f10:3f24def6
13869070ns          232020 1c008762 0817f793 andi             x15, x15, 129       x15=00000000 x15:00000040
13869090ns          232021 1c008766 0a079663 bne              x15, x0, 172        x15:00000000
13869110ns          232022 1c008768 00000793 addi             x15, x0, 0          x15=00000000
13869130ns          232023 1c00876c a0f517d3 flt.s            x15, f10, f15       x15=00000000 f10:3f24def6 f15:00000000
13869150ns          232024 1c008770 0a079663 bne              x15, x0, 172        x15:00000000
13869170ns          232025 1c008772 1c000737 lui              x14, 0x1c000000     x14=1c000000
13869190ns          232026 1c008776 02072783 lw               x15, 32(x14)        x15=40c90fdb x14:1c000000  PA:1c000020
13869508ns          232042 1c00877a a0a797d3 flt.s            x15, f15, f10       x15=00000000 f15:40c90fdb f10:3f24def6
13869528ns          232043 1c00877e 00078b63 beq              x15, x0, 22         x15:00000000
13869588ns          232046 1c008794 00000793 addi             x15, x0, 0          x15=00000000
13869607ns          232047 1c008798 a0f517d3 flt.s            x15, f10, f15       x15=00000000 f10:3f24def6 f15:00000000
13869627ns          232048 1c00879c 08079a63 bne              x15, x0, 148        x15:00000000
13869647ns          232049 1c00879e 1c0007b7 lui              x15, 0x1c000000     x15=1c000000
13869667ns          232050 1c0087a2 01c7a783 lw               x15, 28(x15)        x15=3fc90fdb x15:1c000000  PA:1c00001c
13869985ns          232066 1c0087a6 a0f517d3 flt.s            x15, f10, f15       x15=00000001 f10:3f24def6 f15:3fc90fdb
13870005ns          232067 1c0087aa 02079563 bne              x15, x0, 42         x15:00000001
13870065ns          232070 1c0087d4 10a57553 fmul.s           f10, f10, f10       f10=xxxxxxxx f10:3f24def6 f10:3f24def6
13870085ns          232071 1c0087d8 1c0007b7 lui              x15, 0x1c000000     x15=1c000000
13870105ns          232072 1c0087dc 1c000737 lui              x14, 0x1c000000     x14=1c000000
13870125ns          232073 1c0087e0 13472703 lw               x14, 308(x14)       x14=bab59551 x14:1c000000  PA:1c000134
13870423ns          232088 1c0087e4 1307a783 lw               x15, 304(x15)       x15=37c23ab1 x15:1c000000  PA:1c000130
13870741ns          232104 1c0087e8 70f577c3 fmadd.s          f15, f10, f15, f14  f15=xxxxxxxx f10:3ed45cdb f15:37c23ab1 f14:bab59551
13870761ns          232105 1c0087ec 1c000737 lui              x14, 0x1c000000     x14=1c000000
13870781ns          232106 1c0087f0 13872703 lw               x14, 312(x14)       x14=3d2aa76f x14:1c000000  PA:1c000138
13871119ns          232123 1c0087f4 70f577c3 fmadd.s          f15, f10, f15, f14  f15=xxxxxxxx f10:3ed45cdb f15:bab45313 f14:3d2aa76f
13871139ns          232124 1c0087f8 1c000737 lui              x14, 0x1c000000     x14=1c000000
13871159ns          232125 1c0087fc 13c72703 lw               x14, 316(x14)       x14=beffffe0 x14:1c000000  PA:1c00013c
13871497ns          232142 1c008800 70f577c3 fmadd.s          f15, f10, f15, f14  f15=xxxxxxxx f10:3ed45cdb f15:3d285116 f14:beffffe0
13871517ns          232143 1c008804 1c000737 lui              x14, 0x1c000000     x14=1c000000
13871537ns          232144 1c008808 16872703 lw               x14, 360(x14)       x14=3f7fffff x14:1c000000  PA:1c000168
13871855ns          232160 1c00880c 70f57543 fmadd.s          f10, f10, f15, f14  f10=xxxxxxxx f10:3ed45cdb f15:bef745dd f14:3f7fffff
13871875ns          232161 1c008810 00008067 jalr             x0, x1, 0            x1:1c0081de
13871935ns          232164 1c0081de 016a7a53 fadd.s           f20, f20, f22       f20=xxxxxxxx f20:3f6d40c0 f22:3efd2311
13871955ns          232165 1c0081e2 10acf553 fmul.s           f10, f25, f10       f10=xxxxxxxx f25:3f800000 f10:3f4cb81c
13871974ns          232166 1c0081e6 a14a97d3 flt.s            x15, f21, f20       x15=00000000 f21:40c90fdb f20:3fb5e924
13871994ns          232167 1c0081ea 00a4222b p.sw             x10, 4(x8!)          x8=10001d48 x10:3f4cb81c  x8:10001d44  PA:10001d44
13872014ns          232168 1c0081ee 00078363 beq              x15, x0, 6          x15:00000000
13872074ns          232171 1c0081f4 ff7412e3 bne              x8, x23, -28         x8:10001d48 x23:10001fc8
13872134ns          232174 1c0081d8 094c7553 fsub.s           f10, f24, f20       f10=xxxxxxxx f24:3fc90fdb f20:3fb5e924
13872154ns          232175 1c0081dc 57c000ef jal              x1, 1404             x1=1c0081de
13872193ns          232177 1c008758 a0a527d3 feq.s            x15, f10, f10       x15=00000001 f10:3e1935b8 f10:3e1935b8
13872213ns          232178 1c00875c 0a078b63 beq              x15, x0, 182        x15:00000001
13872233ns          232179 1c00875e e00517d3 fclass.s         x15, f10            x15=00000040 f10:3e1935b8
13872253ns          232180 1c008762 0817f793 andi             x15, x15, 129       x15=00000000 x15:00000040
13872273ns          232181 1c008766 0a079663 bne              x15, x0, 172        x15:00000000
13872293ns          232182 1c008768 00000793 addi             x15, x0, 0          x15=00000000
13872313ns          232183 1c00876c a0f517d3 flt.s            x15, f10, f15       x15=00000000 f10:3e1935b8 f15:00000000
13872333ns          232184 1c008770 0a079663 bne              x15, x0, 172        x15:00000000
13872352ns          232185 1c008772 1c000737 lui              x14, 0x1c000000     x14=1c000000
13872372ns          232186 1c008776 02072783 lw               x15, 32(x14)        x15=40c90fdb x14:1c000000  PA:1c000020
13872691ns          232202 1c00877a a0a797d3 flt.s            x15, f15, f10       x15=00000000 f15:40c90fdb f10:3e1935b8
13872710ns          232203 1c00877e 00078b63 beq              x15, x0, 22         x15:00000000
13872770ns          232206 1c008794 00000793 addi             x15, x0, 0          x15=00000000
13872790ns          232207 1c008798 a0f517d3 flt.s            x15, f10, f15       x15=00000000 f10:3e1935b8 f15:00000000
13872810ns          232208 1c00879c 08079a63 bne              x15, x0, 148        x15:00000000
13872830ns          232209 1c00879e 1c0007b7 lui              x15, 0x1c000000     x15=1c000000
13872850ns          232210 1c0087a2 01c7a783 lw               x15, 28(x15)        x15=3fc90fdb x15:1c000000  PA:1c00001c
13873168ns          232226 1c0087a6 a0f517d3 flt.s            x15, f10, f15       x15=00000001 f10:3e1935b8 f15:3fc90fdb
13873188ns          232227 1c0087aa 02079563 bne              x15, x0, 42         x15:00000001
13873248ns          232230 1c0087d4 10a57553 fmul.s           f10, f10, f10       f10=xxxxxxxx f10:3e1935b8 f10:3e1935b8
13873267ns          232231 1c0087d8 1c0007b7 lui              x15, 0x1c000000     x15=1c000000
13873287ns          232232 1c0087dc 1c000737 lui              x14, 0x1c000000     x14=1c000000
13873307ns          232233 1c0087e0 13472703 lw               x14, 308(x14)       x14=bab59551 x14:1c000000  PA:1c000134
13873625ns          232249 1c0087e4 1307a783 lw               x15, 304(x15)       x15=37c23ab1 x15:1c000000  PA:1c000130
13873964ns          232266 1c0087e8 70f577c3 fmadd.s          f15, f10, f15, f14  f15=xxxxxxxx f10:3cb76282 f15:37c23ab1 f14:bab59551
13873983ns          232267 1c0087ec 1c000737 lui              x14, 0x1c000000     x14=1c000000
13874003ns          232268 1c0087f0 13872703 lw               x14, 312(x14)       x14=3d2aa76f x14:1c000000  PA:1c000138
13874322ns          232284 1c0087f4 70f577c3 fmadd.s          f15, f10, f15, f14  f15=xxxxxxxx f10:3cb76282 f15:bab583ed f14:3d2aa76f
13874341ns          232285 1c0087f8 1c000737 lui              x14, 0x1c000000     x14=1c000000
13874361ns          232286 1c0087fc 13c72703 lw               x14, 316(x14)       x14=beffffe0 x14:1c000000  PA:1c00013c
13874680ns          232302 1c008800 70f577c3 fmadd.s          f15, f10, f15, f14  f15=xxxxxxxx f10:3cb76282 f15:3d2a86ed f14:beffffe0
13874700ns          232303 1c008804 1c000737 lui              x14, 0x1c000000     x14=1c000000
13874719ns          232304 1c008808 16872703 lw               x14, 360(x14)       x14=3f7fffff x14:1c000000  PA:1c000168
13875038ns          232320 1c00880c 70f57543 fmadd.s          f10, f10, f15, f14  f10=xxxxxxxx f10:3cb76282 f15:beff85b8 f14:3f7fffff
13875058ns          232321 1c008810 00008067 jalr             x0, x1, 0            x1:1c0081de
13875117ns          232324 1c0081de 016a7a53 fadd.s           f20, f20, f22       f20=xxxxxxxx f20:3fb5e924 f22:3efd2311
13875137ns          232325 1c0081e2 10acf553 fmul.s           f10, f25, f10       f10=xxxxxxxx f25:3f800000 f10:3f7d23d3
13875157ns          232326 1c0081e6 a14a97d3 flt.s            x15, f21, f20       x15=00000000 f21:40c90fdb f20:3ff531e8
13875177ns          232327 1c0081ea 00a4222b p.sw             x10, 4(x8!)          x8=10001d4c x10:3f7d23d3  x8:10001d48  PA:10001d48
13875197ns          232328 1c0081ee 00078363 beq              x15, x0, 6          x15:00000000
13875256ns          232331 1c0081f4 ff7412e3 bne              x8, x23, -28         x8:10001d4c x23:10001fc8
13875316ns          232334 1c0081d8 094c7553 fsub.s           f10, f24, f20       f10=xxxxxxxx f24:3fc90fdb f20:3ff531e8
13875336ns          232335 1c0081dc 57c000ef jal              x1, 1404             x1=1c0081de
13875376ns          232337 1c008758 a0a527d3 feq.s            x15, f10, f10       x15=00000001 f10:beb08834 f10:beb08834
13875396ns          232338 1c00875c 0a078b63 beq              x15, x0, 182        x15:00000001
13875416ns          232339 1c00875e e00517d3 fclass.s         x15, f10            x15=00000002 f10:beb08834
13875435ns          232340 1c008762 0817f793 andi             x15, x15, 129       x15=00000000 x15:00000002
13875455ns          232341 1c008766 0a079663 bne              x15, x0, 172        x15:00000000
13875475ns          232342 1c008768 00000793 addi             x15, x0, 0          x15=00000000
13875495ns          232343 1c00876c a0f517d3 flt.s            x15, f10, f15       x15=00000001 f10:beb08834 f15:00000000
13875515ns          232344 1c008770 0a079663 bne              x15, x0, 172        x15:00000001
13875575ns          232347 1c00881c 1c0007b7 lui              x15, 0x1c000000     x15=1c000000
13875595ns          232348 1c008820 12c7a783 lw               x15, 300(x15)       x15=c0c90fdb x15:1c000000  PA:1c00012c
13875953ns          232366 1c008824 a0f517d3 flt.s            x15, f10, f15       x15=00000000 f10:beb08834 f15:c0c90fdb
13875973ns          232367 1c008828 00078463 beq              x15, x0, 8          x15:00000000
13876032ns          232370 1c008830 20a51553 fsgnjn.s         f10, f10, f10       f10=xxxxxxxx f10:beb08834 f10:beb08834
13876052ns          232371 1c008834 f6bff06f jal              x0, -150           
13876112ns          232374 1c00879e 1c0007b7 lui              x15, 0x1c000000     x15=1c000000
13876132ns          232375 1c0087a2 01c7a783 lw               x15, 28(x15)        x15=3fc90fdb x15:1c000000  PA:1c00001c
13876470ns          232392 1c0087a6 a0f517d3 flt.s            x15, f10, f15       x15=00000001 f10:3eb08834 f15:3fc90fdb
13876490ns          232393 1c0087aa 02079563 bne              x15, x0, 42         x15:00000001
13876549ns          232396 1c0087d4 10a57553 fmul.s           f10, f10, f10       f10=xxxxxxxx f10:3eb08834 f10:3eb08834
13876569ns          232397 1c0087d8 1c0007b7 lui              x15, 0x1c000000     x15=1c000000
13876589ns          232398 1c0087dc 1c000737 lui              x14, 0x1c000000     x14=1c000000
13876609ns          232399 1c0087e0 13472703 lw               x14, 308(x14)       x14=bab59551 x14:1c000000  PA:1c000134
13876907ns          232414 1c0087e4 1307a783 lw               x15, 304(x15)       x15=37c23ab1 x15:1c000000  PA:1c000130
13877226ns          232430 1c0087e8 70f577c3 fmadd.s          f15, f10, f15, f14  f15=xxxxxxxx f10:3df37720 f15:37c23ab1 f14:bab59551
13877246ns          232431 1c0087ec 1c000737 lui              x14, 0x1c000000     x14=1c000000
13877265ns          232432 1c0087f0 13872703 lw               x14, 312(x14)       x14=3d2aa76f x14:1c000000  PA:1c000138
13877584ns          232448 1c0087f4 70f577c3 fmadd.s          f15, f10, f15, f14  f15=xxxxxxxx f10:3df37720 f15:bab538f5 f14:3d2aa76f
13877604ns          232449 1c0087f8 1c000737 lui              x14, 0x1c000000     x14=1c000000
13877623ns          232450 1c0087fc 13c72703 lw               x14, 316(x14)       x14=beffffe0 x14:1c000000  PA:1c00013c
13877942ns          232466 1c008800 70f577c3 fmadd.s          f15, f10, f15, f14  f15=xxxxxxxx f10:3df37720 f15:3d29fb16 f14:beffffe0
13877962ns          232467 1c008804 1c000737 lui              x14, 0x1c000000     x14=1c000000
13877982ns          232468 1c008808 16872703 lw               x14, 360(x14)       x14=3f7fffff x14:1c000000  PA:1c000168
13878300ns          232484 1c00880c 70f57543 fmadd.s          f10, f10, f15, f14  f10=xxxxxxxx f10:3df37720 f15:befd793e f14:3f7fffff
13878320ns          232485 1c008810 00008067 jalr             x0, x1, 0            x1:1c0081de
13878379ns          232488 1c0081de 016a7a53 fadd.s           f20, f20, f22       f20=xxxxxxxx f20:3ff531e8 f22:3efd2311
13878399ns          232489 1c0081e2 10acf553 fmul.s           f10, f25, f10       f10=xxxxxxxx f25:3f800000 f10:3f70eefe
13878419ns          232490 1c0081e6 a14a97d3 flt.s            x15, f21, f20       x15=00000000 f21:40c90fdb f20:401a3d56
13878439ns          232491 1c0081ea 00a4222b p.sw             x10, 4(x8!)          x8=10001d50 x10:3f70eefe  x8:10001d4c  PA:10001d4c
13878459ns          232492 1c0081ee 00078363 beq              x15, x0, 6          x15:00000000
13878519ns          232495 1c0081f4 ff7412e3 bne              x8, x23, -28         x8:10001d50 x23:10001fc8
13878578ns          232498 1c0081d8 094c7553 fsub.s           f10, f24, f20       f10=xxxxxxxx f24:3fc90fdb f20:401a3d56
13878598ns          232499 1c0081dc 57c000ef jal              x1, 1404             x1=1c0081de
13878638ns          232501 1c008758 a0a527d3 feq.s            x15, f10, f10       x15=00000001 f10:bf56d5a2 f10:bf56d5a2
13878658ns          232502 1c00875c 0a078b63 beq              x15, x0, 182        x15:00000001
13878678ns          232503 1c00875e e00517d3 fclass.s         x15, f10            x15=00000002 f10:bf56d5a2
13878698ns          232504 1c008762 0817f793 andi             x15, x15, 129       x15=00000000 x15:00000002
13878717ns          232505 1c008766 0a079663 bne              x15, x0, 172        x15:00000000
13878737ns          232506 1c008768 00000793 addi             x15, x0, 0          x15=00000000
13878757ns          232507 1c00876c a0f517d3 flt.s            x15, f10, f15       x15=00000001 f10:bf56d5a2 f15:00000000
13878777ns          232508 1c008770 0a079663 bne              x15, x0, 172        x15:00000001
13878837ns          232511 1c00881c 1c0007b7 lui              x15, 0x1c000000     x15=1c000000
13878857ns          232512 1c008820 12c7a783 lw               x15, 300(x15)       x15=c0c90fdb x15:1c000000  PA:1c00012c
13879195ns          232529 1c008824 a0f517d3 flt.s            x15, f10, f15       x15=00000000 f10:bf56d5a2 f15:c0c90fdb
13879215ns          232530 1c008828 00078463 beq              x15, x0, 8          x15:00000000
13879274ns          232533 1c008830 20a51553 fsgnjn.s         f10, f10, f10       f10=xxxxxxxx f10:bf56d5a2 f10:bf56d5a2
13879294ns          232534 1c008834 f6bff06f jal              x0, -150           
13879354ns          232537 1c00879e 1c0007b7 lui              x15, 0x1c000000     x15=1c000000
13879374ns          232538 1c0087a2 01c7a783 lw               x15, 28(x15)        x15=3fc90fdb x15:1c000000  PA:1c00001c
13879692ns          232554 1c0087a6 a0f517d3 flt.s            x15, f10, f15       x15=00000001 f10:3f56d5a2 f15:3fc90fdb
13879712ns          232555 1c0087aa 02079563 bne              x15, x0, 42         x15:00000001
13879772ns          232558 1c0087d4 10a57553 fmul.s           f10, f10, f10       f10=xxxxxxxx f10:3f56d5a2 f10:3f56d5a2
13879792ns          232559 1c0087d8 1c0007b7 lui              x15, 0x1c000000     x15=1c000000
13879811ns          232560 1c0087dc 1c000737 lui              x14, 0x1c000000     x14=1c000000
13879831ns          232561 1c0087e0 13472703 lw               x14, 308(x14)       x14=bab59551 x14:1c000000  PA:1c000134
13880150ns          232577 1c0087e4 1307a783 lw               x15, 304(x15)       x15=37c23ab1 x15:1c000000  PA:1c000130
13880488ns          232594 1c0087e8 70f577c3 fmadd.s          f15, f10, f15, f14  f15=xxxxxxxx f10:3f3449dd f15:37c23ab1 f14:bab59551
13880508ns          232595 1c0087ec 1c000737 lui              x14, 0x1c000000     x14=1c000000
13880528ns          232596 1c0087f0 13872703 lw               x14, 312(x14)       x14=3d2aa76f x14:1c000000  PA:1c000138
13880846ns          232612 1c0087f4 70f577c3 fmadd.s          f15, f10, f15, f14  f15=xxxxxxxx f10:3f3449dd f15:bab3722c f14:3d2aa76f
13880866ns          232613 1c0087f8 1c000737 lui              x14, 0x1c000000     x14=1c000000
13880886ns          232614 1c0087fc 13c72703 lw               x14, 316(x14)       x14=beffffe0 x14:1c000000  PA:1c00013c
13881224ns          232631 1c008800 70f577c3 fmadd.s          f15, f10, f15, f14  f15=xxxxxxxx f10:3f3449dd f15:3d26b46f f14:beffffe0
13881244ns          232632 1c008804 1c000737 lui              x14, 0x1c000000     x14=1c000000
13881263ns          232633 1c008808 16872703 lw               x14, 360(x14)       x14=3f7fffff x14:1c000000  PA:1c000168
13881622ns          232651 1c00880c 70f57543 fmadd.s          f10, f10, f15, f14  f10=xxxxxxxx f10:3f3449dd f15:bef15301 f14:3f7fffff
13881641ns          232652 1c008810 00008067 jalr             x0, x1, 0            x1:1c0081de
13881701ns          232655 1c0081de 016a7a53 fadd.s           f20, f20, f22       f20=xxxxxxxx f20:401a3d56 f22:3efd2311
13881721ns          232656 1c0081e2 10acf553 fmul.s           f10, f25, f10       f10=xxxxxxxx f25:3f800000 f10:3f2b0600
13881741ns          232657 1c0081e6 a14a97d3 flt.s            x15, f21, f20       x15=00000000 f21:40c90fdb f20:4039e1b8
13881761ns          232658 1c0081ea 00a4222b p.sw             x10, 4(x8!)          x8=10001d54 x10:3f2b0600  x8:10001d50  PA:10001d50
13881781ns          232659 1c0081ee 00078363 beq              x15, x0, 6          x15:00000000
13881840ns          232662 1c0081f4 ff7412e3 bne              x8, x23, -28         x8:10001d54 x23:10001fc8
13881900ns          232665 1c0081d8 094c7553 fsub.s           f10, f24, f20       f10=xxxxxxxx f24:3fc90fdb f20:4039e1b8
13881920ns          232666 1c0081dc 57c000ef jal              x1, 1404             x1=1c0081de
13881960ns          232668 1c008758 a0a527d3 feq.s            x15, f10, f10       x15=00000001 f10:bfaab395 f10:bfaab395
13881980ns          232669 1c00875c 0a078b63 beq              x15, x0, 182        x15:00000001
13881999ns          232670 1c00875e e00517d3 fclass.s         x15, f10            x15=00000002 f10:bfaab395
13882019ns          232671 1c008762 0817f793 andi             x15, x15, 129       x15=00000000 x15:00000002
13882039ns          232672 1c008766 0a079663 bne              x15, x0, 172        x15:00000000
13882059ns          232673 1c008768 00000793 addi             x15, x0, 0          x15=00000000
13882079ns          232674 1c00876c a0f517d3 flt.s            x15, f10, f15       x15=00000001 f10:bfaab395 f15:00000000
13882099ns          232675 1c008770 0a079663 bne              x15, x0, 172        x15:00000001
13882159ns          232678 1c00881c 1c0007b7 lui              x15, 0x1c000000     x15=1c000000
13882178ns          232679 1c008820 12c7a783 lw               x15, 300(x15)       x15=c0c90fdb x15:1c000000  PA:1c00012c
13882497ns          232695 1c008824 a0f517d3 flt.s            x15, f10, f15       x15=00000000 f10:bfaab395 f15:c0c90fdb
13882517ns          232696 1c008828 00078463 beq              x15, x0, 8          x15:00000000
13882576ns          232699 1c008830 20a51553 fsgnjn.s         f10, f10, f10       f10=xxxxxxxx f10:bfaab395 f10:bfaab395
13882596ns          232700 1c008834 f6bff06f jal              x0, -150           
13882656ns          232703 1c00879e 1c0007b7 lui              x15, 0x1c000000     x15=1c000000
13882676ns          232704 1c0087a2 01c7a783 lw               x15, 28(x15)        x15=3fc90fdb x15:1c000000  PA:1c00001c
13882994ns          232720 1c0087a6 a0f517d3 flt.s            x15, f10, f15       x15=00000001 f10:3faab395 f15:3fc90fdb
13883014ns          232721 1c0087aa 02079563 bne              x15, x0, 42         x15:00000001
13883074ns          232724 1c0087d4 10a57553 fmul.s           f10, f10, f10       f10=xxxxxxxx f10:3faab395 f10:3faab395
13883093ns          232725 1c0087d8 1c0007b7 lui              x15, 0x1c000000     x15=1c000000
13883113ns          232726 1c0087dc 1c000737 lui              x14, 0x1c000000     x14=1c000000
13883133ns          232727 1c0087e0 13472703 lw               x14, 308(x14)       x14=bab59551 x14:1c000000  PA:1c000134
13883432ns          232742 1c0087e4 1307a783 lw               x15, 304(x15)       x15=37c23ab1 x15:1c000000  PA:1c000130
13883809ns          232761 1c0087e8 70f577c3 fmadd.s          f15, f10, f15, f14  f15=xxxxxxxx f10:3fe3a600 f15:37c23ab1 f14:bab59551
13883829ns          232762 1c0087ec 1c000737 lui              x14, 0x1c000000     x14=1c000000
13883849ns          232763 1c0087f0 13872703 lw               x14, 312(x14)       x14=3d2aa76f x14:1c000000  PA:1c000138
13884168ns          232779 1c0087f4 70f577c3 fmadd.s          f15, f10, f15, f14  f15=xxxxxxxx f10:3fe3a600 f15:bab02f91 f14:3d2aa76f
13884187ns          232780 1c0087f8 1c000737 lui              x14, 0x1c000000     x14=1c000000
13884207ns          232781 1c0087fc 13c72703 lw               x14, 316(x14)       x14=beffffe0 x14:1c000000  PA:1c00013c
13884545ns          232798 1c008800 70f577c3 fmadd.s          f15, f10, f15, f14  f15=xxxxxxxx f10:3fe3a600 f15:3d20dca8 f14:beffffe0
13884565ns          232799 1c008804 1c000737 lui              x14, 0x1c000000     x14=1c000000
13884585ns          232800 1c008808 16872703 lw               x14, 360(x14)       x14=3f7fffff x14:1c000000  PA:1c000168
13884923ns          232817 1c00880c 70f57543 fmadd.s          f10, f10, f15, f14  f10=xxxxxxxx f10:3fe3a600 f15:bedc3ce2 f14:3f7fffff
13884943ns          232818 1c008810 00008067 jalr             x0, x1, 0            x1:1c0081de
13885003ns          232821 1c0081de 016a7a53 fadd.s           f20, f20, f22       f20=xxxxxxxx f20:4039e1b8 f22:3efd2311
13885023ns          232822 1c0081e2 10acf553 fmul.s           f10, f25, f10       f10=xxxxxxxx f25:3f800000 f10:3e709ccc
13885043ns          232823 1c0081e6 a14a97d3 flt.s            x15, f21, f20       x15=00000000 f21:40c90fdb f20:4059861a
13885063ns          232824 1c0081ea 00a4222b p.sw             x10, 4(x8!)          x8=10001d58 x10:3e709ccc  x8:10001d54  PA:10001d54
13885082ns          232825 1c0081ee 00078363 beq              x15, x0, 6          x15:00000000
13885142ns          232828 1c0081f4 ff7412e3 bne              x8, x23, -28         x8:10001d58 x23:10001fc8
13885202ns          232831 1c0081d8 094c7553 fsub.s           f10, f24, f20       f10=xxxxxxxx f24:3fc90fdb f20:4059861a
13885222ns          232832 1c0081dc 57c000ef jal              x1, 1404             x1=1c0081de
13885262ns          232834 1c008758 a0a527d3 feq.s            x15, f10, f10       x15=00000001 f10:bfe9fc59 f10:bfe9fc59
13885281ns          232835 1c00875c 0a078b63 beq              x15, x0, 182        x15:00000001
13885301ns          232836 1c00875e e00517d3 fclass.s         x15, f10            x15=00000002 f10:bfe9fc59
13885321ns          232837 1c008762 0817f793 andi             x15, x15, 129       x15=00000000 x15:00000002
13885341ns          232838 1c008766 0a079663 bne              x15, x0, 172        x15:00000000
13885361ns          232839 1c008768 00000793 addi             x15, x0, 0          x15=00000000
13885381ns          232840 1c00876c a0f517d3 flt.s            x15, f10, f15       x15=00000001 f10:bfe9fc59 f15:00000000
13885401ns          232841 1c008770 0a079663 bne              x15, x0, 172        x15:00000001
13885460ns          232844 1c00881c 1c0007b7 lui              x15, 0x1c000000     x15=1c000000
13885480ns          232845 1c008820 12c7a783 lw               x15, 300(x15)       x15=c0c90fdb x15:1c000000  PA:1c00012c
13885838ns          232863 1c008824 a0f517d3 flt.s            x15, f10, f15       x15=00000000 f10:bfe9fc59 f15:c0c90fdb
13885858ns          232864 1c008828 00078463 beq              x15, x0, 8          x15:00000000
13885918ns          232867 1c008830 20a51553 fsgnjn.s         f10, f10, f10       f10=xxxxxxxx f10:bfe9fc59 f10:bfe9fc59
13885938ns          232868 1c008834 f6bff06f jal              x0, -150           
13885997ns          232871 1c00879e 1c0007b7 lui              x15, 0x1c000000     x15=1c000000
13886017ns          232872 1c0087a2 01c7a783 lw               x15, 28(x15)        x15=3fc90fdb x15:1c000000  PA:1c00001c
13886336ns          232888 1c0087a6 a0f517d3 flt.s            x15, f10, f15       x15=00000000 f10:3fe9fc59 f15:3fc90fdb
13886356ns          232889 1c0087aa 02079563 bne              x15, x0, 42         x15:00000000
13886375ns          232890 1c0087ac 1c0007b7 lui              x15, 0x1c000000     x15=1c000000
13886395ns          232891 1c0087b0 1007a783 lw               x15, 256(x15)       x15=40490fdb x15:1c000000  PA:1c000100
13886714ns          232907 1c0087b4 a0f51753 flt.s            x14, f10, f15       x14=00000001 f10:3fe9fc59 f15:40490fdb
13886733ns          232908 1c0087b8 06071f63 bne              x14, x0, 126        x14:00000001
13886813ns          232912 1c008836 08a7f553 fsub.s           f10, f15, f10       f10=xxxxxxxx f15:40490fdb f10:3fe9fc59
13886833ns          232913 1c00883a 10a57553 fmul.s           f10, f10, f10       f10=xxxxxxxx f10:3fa8235d f10:3fa8235d
13886853ns          232914 1c00883e 1c0007b7 lui              x15, 0x1c000000     x15=1c000000
13886873ns          232915 1c008842 1c000737 lui              x14, 0x1c000000     x14=1c000000
13886893ns          232916 1c008846 13472703 lw               x14, 308(x14)       x14=bab59551 x14:1c000000  PA:1c000134
13887191ns          232931 1c00884a 1307a783 lw               x15, 304(x15)       x15=37c23ab1 x15:1c000000  PA:1c000130
13887509ns          232947 1c00884e 70f577c3 fmadd.s          f15, f10, f15, f14  f15=xxxxxxxx f10:3fdcdcde f15:37c23ab1 f14:bab59551
13887529ns          232948 1c008852 1c000737 lui              x14, 0x1c000000     x14=1c000000
13887549ns          232949 1c008856 13872703 lw               x14, 312(x14)       x14=3d2aa76f x14:1c000000  PA:1c000138
13887867ns          232965 1c00885a 70f577c3 fmadd.s          f15, f10, f15, f14  f15=xxxxxxxx f10:3fdcdcde f15:bab058c1 f14:3d2aa76f
13887887ns          232966 1c00885e 1c000737 lui              x14, 0x1c000000     x14=1c000000
13887907ns          232967 1c008862 13c72703 lw               x14, 316(x14)       x14=beffffe0 x14:1c000000  PA:1c00013c
13888225ns          232983 1c008866 70f577c3 fmadd.s          f15, f10, f15, f14  f15=xxxxxxxx f10:3fdcdcde f15:3d212528 f14:beffffe0
13888245ns          232984 1c00886a 1c000737 lui              x14, 0x1c000000     x14=1c000000
13888265ns          232985 1c00886e 16872703 lw               x14, 360(x14)       x14=3f7fffff x14:1c000000  PA:1c000168
13888583ns          233001 1c008872 70f57543 fmadd.s          f10, f10, f15, f14  f10=xxxxxxxx f10:3fdcdcde f15:bedd3e22 f14:3f7fffff
13888603ns          233002 1c008876 20a51553 fsgnjn.s         f10, f10, f10       f10=xxxxxxxx f10:3e823f71 f10:3e823f71
13888623ns          233003 1c00887a 00008067 jalr             x0, x1, 0            x1:1c0081de
13888683ns          233006 1c0081de 016a7a53 fadd.s           f20, f20, f22       f20=xxxxxxxx f20:4059861a f22:3efd2311
13888703ns          233007 1c0081e2 10acf553 fmul.s           f10, f25, f10       f10=xxxxxxxx f25:3f800000 f10:be823f71
13888723ns          233008 1c0081e6 a14a97d3 flt.s            x15, f21, f20       x15=00000000 f21:40c90fdb f20:40792a7c
13888742ns          233009 1c0081ea 00a4222b p.sw             x10, 4(x8!)          x8=10001d5c x10:be823f71  x8:10001d58  PA:10001d58
13888762ns          233010 1c0081ee 00078363 beq              x15, x0, 6          x15:00000000
13888822ns          233013 1c0081f4 ff7412e3 bne              x8, x23, -28         x8:10001d5c x23:10001fc8
13888882ns          233016 1c0081d8 094c7553 fsub.s           f10, f24, f20       f10=xxxxxxxx f24:3fc90fdb f20:40792a7c
13888902ns          233017 1c0081dc 57c000ef jal              x1, 1404             x1=1c0081de
13888941ns          233019 1c008758 a0a527d3 feq.s            x15, f10, f10       x15=00000001 f10:c014a28e f10:c014a28e
13888961ns          233020 1c00875c 0a078b63 beq              x15, x0, 182        x15:00000001
13888981ns          233021 1c00875e e00517d3 fclass.s         x15, f10            x15=00000002 f10:c014a28e
13889001ns          233022 1c008762 0817f793 andi             x15, x15, 129       x15=00000000 x15:00000002
13889021ns          233023 1c008766 0a079663 bne              x15, x0, 172        x15:00000000
13889041ns          233024 1c008768 00000793 addi             x15, x0, 0          x15=00000000
13889061ns          233025 1c00876c a0f517d3 flt.s            x15, f10, f15       x15=00000001 f10:c014a28e f15:00000000
13889081ns          233026 1c008770 0a079663 bne              x15, x0, 172        x15:00000001
13889140ns          233029 1c00881c 1c0007b7 lui              x15, 0x1c000000     x15=1c000000
13889160ns          233030 1c008820 12c7a783 lw               x15, 300(x15)       x15=c0c90fdb x15:1c000000  PA:1c00012c
13889478ns          233046 1c008824 a0f517d3 flt.s            x15, f10, f15       x15=00000000 f10:c014a28e f15:c0c90fdb
13889498ns          233047 1c008828 00078463 beq              x15, x0, 8          x15:00000000
13889558ns          233050 1c008830 20a51553 fsgnjn.s         f10, f10, f10       f10=xxxxxxxx f10:c014a28e f10:c014a28e
13889578ns          233051 1c008834 f6bff06f jal              x0, -150           
13889637ns          233054 1c00879e 1c0007b7 lui              x15, 0x1c000000     x15=1c000000
13889657ns          233055 1c0087a2 01c7a783 lw               x15, 28(x15)        x15=3fc90fdb x15:1c000000  PA:1c00001c
13889996ns          233072 1c0087a6 a0f517d3 flt.s            x15, f10, f15       x15=00000000 f10:4014a28e f15:3fc90fdb
13890015ns          233073 1c0087aa 02079563 bne              x15, x0, 42         x15:00000000
13890035ns          233074 1c0087ac 1c0007b7 lui              x15, 0x1c000000     x15=1c000000
13890055ns          233075 1c0087b0 1007a783 lw               x15, 256(x15)       x15=40490fdb x15:1c000000  PA:1c000100
13890373ns          233091 1c0087b4 a0f51753 flt.s            x14, f10, f15       x14=00000001 f10:4014a28e f15:40490fdb
13890393ns          233092 1c0087b8 06071f63 bne              x14, x0, 126        x14:00000001
13890473ns          233096 1c008836 08a7f553 fsub.s           f10, f15, f10       f10=xxxxxxxx f15:40490fdb f10:4014a28e
13890493ns          233097 1c00883a 10a57553 fmul.s           f10, f10, f10       f10=xxxxxxxx f10:3f51b534 f10:3f51b534
13890513ns          233098 1c00883e 1c0007b7 lui              x15, 0x1c000000     x15=1c000000
13890533ns          233099 1c008842 1c000737 lui              x14, 0x1c000000     x14=1c000000
13890552ns          233100 1c008846 13472703 lw               x14, 308(x14)       x14=bab59551 x14:1c000000  PA:1c000134
13890851ns          233115 1c00884a 1307a783 lw               x15, 304(x15)       x15=37c23ab1 x15:1c000000  PA:1c000130
13891189ns          233132 1c00884e 70f577c3 fmadd.s          f15, f10, f15, f14  f15=xxxxxxxx f10:3f2bc95f f15:37c23ab1 f14:bab59551
13891209ns          233133 1c008852 1c000737 lui              x14, 0x1c000000     x14=1c000000
13891229ns          233134 1c008856 13872703 lw               x14, 312(x14)       x14=3d2aa76f x14:1c000000  PA:1c000138
13891627ns          233154 1c00885a 70f577c3 fmadd.s          f15, f10, f15, f14  f15=xxxxxxxx f10:3f2bc95f f15:bab38bf9 f14:3d2aa76f
13891646ns          233155 1c00885e 1c000737 lui              x14, 0x1c000000     x14=1c000000
13891666ns          233156 1c008862 13c72703 lw               x14, 316(x14)       x14=beffffe0 x14:1c000000  PA:1c00013c
13891985ns          233172 1c008866 70f577c3 fmadd.s          f15, f10, f15, f14  f15=xxxxxxxx f10:3f2bc95f f15:3d26e391 f14:beffffe0
13892004ns          233173 1c00886a 1c000737 lui              x14, 0x1c000000     x14=1c000000
13892024ns          233174 1c00886e 16872703 lw               x14, 360(x14)       x14=3f7fffff x14:1c000000  PA:1c000168
13892343ns          233190 1c008872 70f57543 fmadd.s          f10, f10, f15, f14  f10=xxxxxxxx f10:3f2bc95f f15:bef20037 f14:3f7fffff
13892363ns          233191 1c008876 20a51553 fsgnjn.s         f10, f10, f10       f10=xxxxxxxx f10:3f2ecdbf f10:3f2ecdbf
13892382ns          233192 1c00887a 00008067 jalr             x0, x1, 0            x1:1c0081de
13892442ns          233195 1c0081de 016a7a53 fadd.s           f20, f20, f22       f20=xxxxxxxx f20:40792a7c f22:3efd2311
13892462ns          233196 1c0081e2 10acf553 fmul.s           f10, f25, f10       f10=xxxxxxxx f25:3f800000 f10:bf2ecdbf
13892482ns          233197 1c0081e6 a14a97d3 flt.s            x15, f21, f20       x15=00000000 f21:40c90fdb f20:408c676f
13892502ns          233198 1c0081ea 00a4222b p.sw             x10, 4(x8!)          x8=10001d60 x10:bf2ecdbf  x8:10001d5c  PA:10001d5c
13892522ns          233199 1c0081ee 00078363 beq              x15, x0, 6          x15:00000000
13892581ns          233202 1c0081f4 ff7412e3 bne              x8, x23, -28         x8:10001d60 x23:10001fc8
13892641ns          233205 1c0081d8 094c7553 fsub.s           f10, f24, f20       f10=xxxxxxxx f24:3fc90fdb f20:408c676f
13892661ns          233206 1c0081dc 57c000ef jal              x1, 1404             x1=1c0081de
13892701ns          233208 1c008758 a0a527d3 feq.s            x15, f10, f10       x15=00000001 f10:c03446f0 f10:c03446f0
13892721ns          233209 1c00875c 0a078b63 beq              x15, x0, 182        x15:00000001
13892740ns          233210 1c00875e e00517d3 fclass.s         x15, f10            x15=00000002 f10:c03446f0
13892760ns          233211 1c008762 0817f793 andi             x15, x15, 129       x15=00000000 x15:00000002
13892780ns          233212 1c008766 0a079663 bne              x15, x0, 172        x15:00000000
13892800ns          233213 1c008768 00000793 addi             x15, x0, 0          x15=00000000
13892820ns          233214 1c00876c a0f517d3 flt.s            x15, f10, f15       x15=00000001 f10:c03446f0 f15:00000000
13892840ns          233215 1c008770 0a079663 bne              x15, x0, 172        x15:00000001
13892900ns          233218 1c00881c 1c0007b7 lui              x15, 0x1c000000     x15=1c000000
13892919ns          233219 1c008820 12c7a783 lw               x15, 300(x15)       x15=c0c90fdb x15:1c000000  PA:1c00012c
13893258ns          233236 1c008824 a0f517d3 flt.s            x15, f10, f15       x15=00000000 f10:c03446f0 f15:c0c90fdb
13893277ns          233237 1c008828 00078463 beq              x15, x0, 8          x15:00000000
13893337ns          233240 1c008830 20a51553 fsgnjn.s         f10, f10, f10       f10=xxxxxxxx f10:c03446f0 f10:c03446f0
13893357ns          233241 1c008834 f6bff06f jal              x0, -150           
13893417ns          233244 1c00879e 1c0007b7 lui              x15, 0x1c000000     x15=1c000000
13893437ns          233245 1c0087a2 01c7a783 lw               x15, 28(x15)        x15=3fc90fdb x15:1c000000  PA:1c00001c
13893775ns          233262 1c0087a6 a0f517d3 flt.s            x15, f10, f15       x15=00000000 f10:403446f0 f15:3fc90fdb
13893795ns          233263 1c0087aa 02079563 bne              x15, x0, 42         x15:00000000
13893815ns          233264 1c0087ac 1c0007b7 lui              x15, 0x1c000000     x15=1c000000
13893834ns          233265 1c0087b0 1007a783 lw               x15, 256(x15)       x15=40490fdb x15:1c000000  PA:1c000100
13894153ns          233281 1c0087b4 a0f51753 flt.s            x14, f10, f15       x14=00000001 f10:403446f0 f15:40490fdb
13894173ns          233282 1c0087b8 06071f63 bne              x14, x0, 126        x14:00000001
13894252ns          233286 1c008836 08a7f553 fsub.s           f10, f15, f10       f10=xxxxxxxx f15:40490fdb f10:403446f0
13894272ns          233287 1c00883a 10a57553 fmul.s           f10, f10, f10       f10=xxxxxxxx f10:3ea64758 f10:3ea64758
13894292ns          233288 1c00883e 1c0007b7 lui              x15, 0x1c000000     x15=1c000000
13894312ns          233289 1c008842 1c000737 lui              x14, 0x1c000000     x14=1c000000
13894332ns          233290 1c008846 13472703 lw               x14, 308(x14)       x14=bab59551 x14:1c000000  PA:1c000134
13894630ns          233305 1c00884a 1307a783 lw               x15, 304(x15)       x15=37c23ab1 x15:1c000000  PA:1c000130
13894948ns          233321 1c00884e 70f577c3 fmadd.s          f15, f10, f15, f14  f15=xxxxxxxx f10:3dd80134 f15:37c23ab1 f14:bab59551
13894968ns          233322 1c008852 1c000737 lui              x14, 0x1c000000     x14=1c000000
13894988ns          233323 1c008856 13872703 lw               x14, 312(x14)       x14=3d2aa76f x14:1c000000  PA:1c000138
13895306ns          233339 1c00885a 70f577c3 fmadd.s          f15, f10, f15, f14  f15=xxxxxxxx f10:3dd80134 f15:bab54360 f14:3d2aa76f
13895326ns          233340 1c00885e 1c000737 lui              x14, 0x1c000000     x14=1c000000
13895346ns          233341 1c008862 13c72703 lw               x14, 316(x14)       x14=beffffe0 x14:1c000000  PA:1c00013c
13895684ns          233358 1c008866 70f577c3 fmadd.s          f15, f10, f15, f14  f15=xxxxxxxx f10:3dd80134 f15:3d2a0e7d f14:beffffe0
13895704ns          233359 1c00886a 1c000737 lui              x14, 0x1c000000     x14=1c000000
13895724ns          233360 1c00886e 16872703 lw               x14, 360(x14)       x14=3f7fffff x14:1c000000  PA:1c000168
13896042ns          233376 1c008872 70f57543 fmadd.s          f10, f10, f15, f14  f10=xxxxxxxx f10:3dd80134 f15:befdc1ec f14:3f7fffff
13896062ns          233377 1c008876 20a51553 fsgnjn.s         f10, f10, f10       f10=xxxxxxxx f10:3f729e32 f10:3f729e32
13896082ns          233378 1c00887a 00008067 jalr             x0, x1, 0            x1:1c0081de
13896142ns          233381 1c0081de 016a7a53 fadd.s           f20, f20, f22       f20=xxxxxxxx f20:408c676f f22:3efd2311
13896162ns          233382 1c0081e2 10acf553 fmul.s           f10, f25, f10       f10=xxxxxxxx f25:3f800000 f10:bf729e32
13896182ns          233383 1c0081e6 a14a97d3 flt.s            x15, f21, f20       x15=00000000 f21:40c90fdb f20:409c39a0
13896201ns          233384 1c0081ea 00a4222b p.sw             x10, 4(x8!)          x8=10001d64 x10:bf729e32  x8:10001d60  PA:10001d60
13896221ns          233385 1c0081ee 00078363 beq              x15, x0, 6          x15:00000000
13896281ns          233388 1c0081f4 ff7412e3 bne              x8, x23, -28         x8:10001d64 x23:10001fc8
13896341ns          233391 1c0081d8 094c7553 fsub.s           f10, f24, f20       f10=xxxxxxxx f24:3fc90fdb f20:409c39a0
13896361ns          233392 1c0081dc 57c000ef jal              x1, 1404             x1=1c0081de
13896400ns          233394 1c008758 a0a527d3 feq.s            x15, f10, f10       x15=00000001 f10:c053eb52 f10:c053eb52
13896420ns          233395 1c00875c 0a078b63 beq              x15, x0, 182        x15:00000001
13896440ns          233396 1c00875e e00517d3 fclass.s         x15, f10            x15=00000002 f10:c053eb52
13896460ns          233397 1c008762 0817f793 andi             x15, x15, 129       x15=00000000 x15:00000002
13896480ns          233398 1c008766 0a079663 bne              x15, x0, 172        x15:00000000
13896500ns          233399 1c008768 00000793 addi             x15, x0, 0          x15=00000000
13896520ns          233400 1c00876c a0f517d3 flt.s            x15, f10, f15       x15=00000001 f10:c053eb52 f15:00000000
13896540ns          233401 1c008770 0a079663 bne              x15, x0, 172        x15:00000001
13896599ns          233404 1c00881c 1c0007b7 lui              x15, 0x1c000000     x15=1c000000
13896619ns          233405 1c008820 12c7a783 lw               x15, 300(x15)       x15=c0c90fdb x15:1c000000  PA:1c00012c
13896937ns          233421 1c008824 a0f517d3 flt.s            x15, f10, f15       x15=00000000 f10:c053eb52 f15:c0c90fdb
13896957ns          233422 1c008828 00078463 beq              x15, x0, 8          x15:00000000
13897017ns          233425 1c008830 20a51553 fsgnjn.s         f10, f10, f10       f10=xxxxxxxx f10:c053eb52 f10:c053eb52
13897037ns          233426 1c008834 f6bff06f jal              x0, -150           
13897097ns          233429 1c00879e 1c0007b7 lui              x15, 0x1c000000     x15=1c000000
13897116ns          233430 1c0087a2 01c7a783 lw               x15, 28(x15)        x15=3fc90fdb x15:1c000000  PA:1c00001c
13897435ns          233446 1c0087a6 a0f517d3 flt.s            x15, f10, f15       x15=00000000 f10:4053eb52 f15:3fc90fdb
13897455ns          233447 1c0087aa 02079563 bne              x15, x0, 42         x15:00000000
13897474ns          233448 1c0087ac 1c0007b7 lui              x15, 0x1c000000     x15=1c000000
13897494ns          233449 1c0087b0 1007a783 lw               x15, 256(x15)       x15=40490fdb x15:1c000000  PA:1c000100
13897832ns          233466 1c0087b4 a0f51753 flt.s            x14, f10, f15       x14=00000000 f10:4053eb52 f15:40490fdb
13897852ns          233467 1c0087b8 06071f63 bne              x14, x0, 126        x14:00000000
13897872ns          233468 1c0087ba 1c000737 lui              x14, 0x1c000000     x14=1c000000
13897892ns          233469 1c0087be 14072703 lw               x14, 320(x14)       x14=4096cbe4 x14:1c000000  PA:1c000140
13898210ns          233485 1c0087c2 a0e51753 flt.s            x14, f10, f14       x14=00000001 f10:4053eb52 f14:4096cbe4
13898230ns          233486 1c0087c6 0a071b63 bne              x14, x0, 182        x14:00000001
13898290ns          233489 1c00887c 08f57553 fsub.s           f10, f10, f15       f10=xxxxxxxx f10:4053eb52 f15:40490fdb
13898310ns          233490 1c008880 fbbff06f jal              x0, -70            
13898370ns          233493 1c00883a 10a57553 fmul.s           f10, f10, f10       f10=xxxxxxxx f10:3e2db770 f10:3e2db770
13898389ns          233494 1c00883e 1c0007b7 lui              x15, 0x1c000000     x15=1c000000
13898409ns          233495 1c008842 1c000737 lui              x14, 0x1c000000     x14=1c000000
13898429ns          233496 1c008846 13472703 lw               x14, 308(x14)       x14=bab59551 x14:1c000000  PA:1c000134
13898728ns          233511 1c00884a 1307a783 lw               x15, 304(x15)       x15=37c23ab1 x15:1c000000  PA:1c000130
13899066ns          233528 1c00884e 70f577c3 fmadd.s          f15, f10, f15, f14  f15=xxxxxxxx f10:3cebc2e2 f15:37c23ab1 f14:bab59551
13899086ns          233529 1c008852 1c000737 lui              x14, 0x1c000000     x14=1c000000
13899105ns          233530 1c008856 13872703 lw               x14, 312(x14)       x14=3d2aa76f x14:1c000000  PA:1c000138
13899424ns          233546 1c00885a 70f577c3 fmadd.s          f15, f10, f15, f14  f15=xxxxxxxx f10:3cebc2e2 f15:bab57ef5 f14:3d2aa76f
13899444ns          233547 1c00885e 1c000737 lui              x14, 0x1c000000     x14=1c000000
13899464ns          233548 1c008862 13c72703 lw               x14, 316(x14)       x14=beffffe0 x14:1c000000  PA:1c00013c
13899782ns          233564 1c008866 70f577c3 fmadd.s          f15, f10, f15, f14  f15=xxxxxxxx f10:3cebc2e2 f15:3d2a7da6 f14:beffffe0
13899802ns          233565 1c00886a 1c000737 lui              x14, 0x1c000000     x14=1c000000
13899822ns          233566 1c00886e 16872703 lw               x14, 360(x14)       x14=3f7fffff x14:1c000000  PA:1c000168
13900160ns          233583 1c008872 70f57543 fmadd.s          f10, f10, f15, f14  f10=xxxxxxxx f10:3cebc2e2 f15:beff62dd f14:3f7fffff
13900180ns          233584 1c008876 20a51553 fsgnjn.s         f10, f10, f10       f10=xxxxxxxx f10:3f7c5336 f10:3f7c5336
13900199ns          233585 1c00887a 00008067 jalr             x0, x1, 0            x1:1c0081de
13900259ns          233588 1c0081de 016a7a53 fadd.s           f20, f20, f22       f20=xxxxxxxx f20:409c39a0 f22:3efd2311
13900279ns          233589 1c0081e2 10acf553 fmul.s           f10, f25, f10       f10=xxxxxxxx f25:3f800000 f10:bf7c5336
13900299ns          233590 1c0081e6 a14a97d3 flt.s            x15, f21, f20       x15=00000000 f21:40c90fdb f20:40ac0bd1
13900319ns          233591 1c0081ea 00a4222b p.sw             x10, 4(x8!)          x8=10001d68 x10:bf7c5336  x8:10001d64  PA:10001d64
13900339ns          233592 1c0081ee 00078363 beq              x15, x0, 6          x15:00000000
13900398ns          233595 1c0081f4 ff7412e3 bne              x8, x23, -28         x8:10001d68 x23:10001fc8
13900458ns          233598 1c0081d8 094c7553 fsub.s           f10, f24, f20       f10=xxxxxxxx f24:3fc90fdb f20:40ac0bd1
13900478ns          233599 1c0081dc 57c000ef jal              x1, 1404             x1=1c0081de
13900518ns          233601 1c008758 a0a527d3 feq.s            x15, f10, f10       x15=00000001 f10:c0738fb4 f10:c0738fb4
13900538ns          233602 1c00875c 0a078b63 beq              x15, x0, 182        x15:00000001
13900558ns          233603 1c00875e e00517d3 fclass.s         x15, f10            x15=00000002 f10:c0738fb4
13900577ns          233604 1c008762 0817f793 andi             x15, x15, 129       x15=00000000 x15:00000002
13900597ns          233605 1c008766 0a079663 bne              x15, x0, 172        x15:00000000
13900617ns          233606 1c008768 00000793 addi             x15, x0, 0          x15=00000000
13900637ns          233607 1c00876c a0f517d3 flt.s            x15, f10, f15       x15=00000001 f10:c0738fb4 f15:00000000
13900657ns          233608 1c008770 0a079663 bne              x15, x0, 172        x15:00000001
13900717ns          233611 1c00881c 1c0007b7 lui              x15, 0x1c000000     x15=1c000000
13900737ns          233612 1c008820 12c7a783 lw               x15, 300(x15)       x15=c0c90fdb x15:1c000000  PA:1c00012c
13901055ns          233628 1c008824 a0f517d3 flt.s            x15, f10, f15       x15=00000000 f10:c0738fb4 f15:c0c90fdb
13901075ns          233629 1c008828 00078463 beq              x15, x0, 8          x15:00000000
13901134ns          233632 1c008830 20a51553 fsgnjn.s         f10, f10, f10       f10=xxxxxxxx f10:c0738fb4 f10:c0738fb4
13901154ns          233633 1c008834 f6bff06f jal              x0, -150           
13901214ns          233636 1c00879e 1c0007b7 lui              x15, 0x1c000000     x15=1c000000
13901234ns          233637 1c0087a2 01c7a783 lw               x15, 28(x15)        x15=3fc90fdb x15:1c000000  PA:1c00001c
13901552ns          233653 1c0087a6 a0f517d3 flt.s            x15, f10, f15       x15=00000000 f10:40738fb4 f15:3fc90fdb
13901572ns          233654 1c0087aa 02079563 bne              x15, x0, 42         x15:00000000
13901592ns          233655 1c0087ac 1c0007b7 lui              x15, 0x1c000000     x15=1c000000
13901612ns          233656 1c0087b0 1007a783 lw               x15, 256(x15)       x15=40490fdb x15:1c000000  PA:1c000100
13901950ns          233673 1c0087b4 a0f51753 flt.s            x14, f10, f15       x14=00000000 f10:40738fb4 f15:40490fdb
13901970ns          233674 1c0087b8 06071f63 bne              x14, x0, 126        x14:00000000
13901990ns          233675 1c0087ba 1c000737 lui              x14, 0x1c000000     x14=1c000000
13902010ns          233676 1c0087be 14072703 lw               x14, 320(x14)       x14=4096cbe4 x14:1c000000  PA:1c000140
13902348ns          233693 1c0087c2 a0e51753 flt.s            x14, f10, f14       x14=00000001 f10:40738fb4 f14:4096cbe4
13902368ns          233694 1c0087c6 0a071b63 bne              x14, x0, 182        x14:00000001
13902427ns          233697 1c00887c 08f57553 fsub.s           f10, f10, f15       f10=xxxxxxxx f10:40738fb4 f15:40490fdb
13902447ns          233698 1c008880 fbbff06f jal              x0, -70            
13902507ns          233701 1c00883a 10a57553 fmul.s           f10, f10, f10       f10=xxxxxxxx f10:3f29ff64 f10:3f29ff64
13902527ns          233702 1c00883e 1c0007b7 lui              x15, 0x1c000000     x15=1c000000
13902547ns          233703 1c008842 1c000737 lui              x14, 0x1c000000     x14=1c000000
13902566ns          233704 1c008846 13472703 lw               x14, 308(x14)       x14=bab59551 x14:1c000000  PA:1c000134
13902865ns          233719 1c00884a 1307a783 lw               x15, 304(x15)       x15=37c23ab1 x15:1c000000  PA:1c000130
13903183ns          233735 1c00884e 70f577c3 fmadd.s          f15, f10, f15, f14  f15=xxxxxxxx f10:3ee1c662 f15:37c23ab1 f14:bab59551
13903203ns          233736 1c008852 1c000737 lui              x14, 0x1c000000     x14=1c000000
13903223ns          233737 1c008856 13872703 lw               x14, 312(x14)       x14=3d2aa76f x14:1c000000  PA:1c000138
13903541ns          233753 1c00885a 70f577c3 fmadd.s          f15, f10, f15, f14  f15=xxxxxxxx f10:3ee1c662 f15:bab43eb9 f14:3d2aa76f
13903561ns          233754 1c00885e 1c000737 lui              x14, 0x1c000000     x14=1c000000
13903581ns          233755 1c008862 13c72703 lw               x14, 316(x14)       x14=beffffe0 x14:1c000000  PA:1c00013c
13903899ns          233771 1c008866 70f577c3 fmadd.s          f15, f10, f15, f14  f15=xxxxxxxx f10:3ee1c662 f15:3d282b94 f14:beffffe0
13903919ns          233772 1c00886a 1c000737 lui              x14, 0x1c000000     x14=1c000000
13903939ns          233773 1c00886e 16872703 lw               x14, 360(x14)       x14=3f7fffff x14:1c000000  PA:1c000168
13904257ns          233789 1c008872 70f57543 fmadd.s          f10, f10, f15, f14  f10=xxxxxxxx f10:3ee1c662 f15:bef6bad6 f14:3f7fffff
13904277ns          233790 1c008876 20a51553 fsgnjn.s         f10, f10, f10       f10=xxxxxxxx f10:3f4999a5 f10:3f4999a5
13904297ns          233791 1c00887a 00008067 jalr             x0, x1, 0            x1:1c0081de
13904357ns          233794 1c0081de 016a7a53 fadd.s           f20, f20, f22       f20=xxxxxxxx f20:40ac0bd1 f22:3efd2311
13904377ns          233795 1c0081e2 10acf553 fmul.s           f10, f25, f10       f10=xxxxxxxx f25:3f800000 f10:bf4999a5
13904396ns          233796 1c0081e6 a14a97d3 flt.s            x15, f21, f20       x15=00000000 f21:40c90fdb f20:40bbde02
13904416ns          233797 1c0081ea 00a4222b p.sw             x10, 4(x8!)          x8=10001d6c x10:bf4999a5  x8:10001d68  PA:10001d68
13904436ns          233798 1c0081ee 00078363 beq              x15, x0, 6          x15:00000000
13904496ns          233801 1c0081f4 ff7412e3 bne              x8, x23, -28         x8:10001d6c x23:10001fc8
13904556ns          233804 1c0081d8 094c7553 fsub.s           f10, f24, f20       f10=xxxxxxxx f24:3fc90fdb f20:40bbde02
13904575ns          233805 1c0081dc 57c000ef jal              x1, 1404             x1=1c0081de
13904615ns          233807 1c008758 a0a527d3 feq.s            x15, f10, f10       x15=00000001 f10:c0899a0b f10:c0899a0b
13904635ns          233808 1c00875c 0a078b63 beq              x15, x0, 182        x15:00000001
13904655ns          233809 1c00875e e00517d3 fclass.s         x15, f10            x15=00000002 f10:c0899a0b
13904675ns          233810 1c008762 0817f793 andi             x15, x15, 129       x15=00000000 x15:00000002
13904695ns          233811 1c008766 0a079663 bne              x15, x0, 172        x15:00000000
13904715ns          233812 1c008768 00000793 addi             x15, x0, 0          x15=00000000
13904735ns          233813 1c00876c a0f517d3 flt.s            x15, f10, f15       x15=00000001 f10:c0899a0b f15:00000000
13904754ns          233814 1c008770 0a079663 bne              x15, x0, 172        x15:00000001
13904814ns          233817 1c00881c 1c0007b7 lui              x15, 0x1c000000     x15=1c000000
13904834ns          233818 1c008820 12c7a783 lw               x15, 300(x15)       x15=c0c90fdb x15:1c000000  PA:1c00012c
13905152ns          233834 1c008824 a0f517d3 flt.s            x15, f10, f15       x15=00000000 f10:c0899a0b f15:c0c90fdb
13905172ns          233835 1c008828 00078463 beq              x15, x0, 8          x15:00000000
13905232ns          233838 1c008830 20a51553 fsgnjn.s         f10, f10, f10       f10=xxxxxxxx f10:c0899a0b f10:c0899a0b
13905252ns          233839 1c008834 f6bff06f jal              x0, -150           
13905311ns          233842 1c00879e 1c0007b7 lui              x15, 0x1c000000     x15=1c000000
13905331ns          233843 1c0087a2 01c7a783 lw               x15, 28(x15)        x15=3fc90fdb x15:1c000000  PA:1c00001c
13905650ns          233859 1c0087a6 a0f517d3 flt.s            x15, f10, f15       x15=00000000 f10:40899a0b f15:3fc90fdb
13905669ns          233860 1c0087aa 02079563 bne              x15, x0, 42         x15:00000000
13905689ns          233861 1c0087ac 1c0007b7 lui              x15, 0x1c000000     x15=1c000000
13905709ns          233862 1c0087b0 1007a783 lw               x15, 256(x15)       x15=40490fdb x15:1c000000  PA:1c000100
13906027ns          233878 1c0087b4 a0f51753 flt.s            x14, f10, f15       x14=00000000 f10:40899a0b f15:40490fdb
13906047ns          233879 1c0087b8 06071f63 bne              x14, x0, 126        x14:00000000
13906067ns          233880 1c0087ba 1c000737 lui              x14, 0x1c000000     x14=1c000000
13906087ns          233881 1c0087be 14072703 lw               x14, 320(x14)       x14=4096cbe4 x14:1c000000  PA:1c000140
13906425ns          233898 1c0087c2 a0e51753 flt.s            x14, f10, f14       x14=00000001 f10:40899a0b f14:4096cbe4
13906445ns          233899 1c0087c6 0a071b63 bne              x14, x0, 182        x14:00000001
13906505ns          233902 1c00887c 08f57553 fsub.s           f10, f10, f15       f10=xxxxxxxx f10:40899a0b f15:40490fdb
13906525ns          233903 1c008880 fbbff06f jal              x0, -70            
13906584ns          233906 1c00883a 10a57553 fmul.s           f10, f10, f10       f10=xxxxxxxx f10:3f944876 f10:3f944876
13906604ns          233907 1c00883e 1c0007b7 lui              x15, 0x1c000000     x15=1c000000
13906624ns          233908 1c008842 1c000737 lui              x14, 0x1c000000     x14=1c000000
13906644ns          233909 1c008846 13472703 lw               x14, 308(x14)       x14=bab59551 x14:1c000000  PA:1c000134
13906942ns          233924 1c00884a 1307a783 lw               x15, 304(x15)       x15=37c23ab1 x15:1c000000  PA:1c000130
13907261ns          233940 1c00884e 70f577c3 fmadd.s          f15, f10, f15, f14  f15=xxxxxxxx f10:3fabc7ba f15:37c23ab1 f14:bab59551
13907281ns          233941 1c008852 1c000737 lui              x14, 0x1c000000     x14=1c000000
13907300ns          233942 1c008856 13872703 lw               x14, 312(x14)       x14=3d2aa76f x14:1c000000  PA:1c000138
13907619ns          233958 1c00885a 70f577c3 fmadd.s          f15, f10, f15, f14  f15=xxxxxxxx f10:3fabc7ba f15:bab182ab f14:3d2aa76f
13907639ns          233959 1c00885e 1c000737 lui              x14, 0x1c000000     x14=1c000000
13907659ns          233960 1c008862 13c72703 lw               x14, 316(x14)       x14=beffffe0 x14:1c000000  PA:1c00013c
13907977ns          233976 1c008866 70f577c3 fmadd.s          f15, f10, f15, f14  f15=xxxxxxxx f10:3fabc7ba f15:3d2335a3 f14:beffffe0
13907997ns          233977 1c00886a 1c000737 lui              x14, 0x1c000000     x14=1c000000
13908017ns          233978 1c00886e 16872703 lw               x14, 360(x14)       x14=3f7fffff x14:1c000000  PA:1c000168
13908335ns          233994 1c008872 70f57543 fmadd.s          f10, f10, f15, f14  f10=xxxxxxxx f10:3fabc7ba f15:bee49ed6 f14:3f7fffff
13908355ns          233995 1c008876 20a51553 fsgnjn.s         f10, f10, f10       f10=xxxxxxxx f10:3ecd2f11 f10:3ecd2f11
13908375ns          233996 1c00887a 00008067 jalr             x0, x1, 0            x1:1c0081de
13908434ns          233999 1c0081de 016a7a53 fadd.s           f20, f20, f22       f20=xxxxxxxx f20:40bbde02 f22:3efd2311
13908454ns          234000 1c0081e2 10acf553 fmul.s           f10, f25, f10       f10=xxxxxxxx f25:3f800000 f10:becd2f11
13908474ns          234001 1c0081e6 a14a97d3 flt.s            x15, f21, f20       x15=00000001 f21:40c90fdb f20:40cbb033
13908494ns          234002 1c0081ea 00a4222b p.sw             x10, 4(x8!)          x8=10001d70 x10:becd2f11  x8:10001d6c  PA:10001d6c
13908514ns          234003 1c0081ee 00078363 beq              x15, x0, 6          x15:00000001
13908534ns          234004 1c0081f0 095a7a53 fsub.s           f20, f20, f21       f20=xxxxxxxx f20:40cbb033 f21:40c90fdb
13908554ns          234005 1c0081f4 ff7412e3 bne              x8, x23, -28         x8:10001d70 x23:10001fc8
13908613ns          234008 1c0081d8 094c7553 fsub.s           f10, f24, f20       f10=xxxxxxxx f24:3fc90fdb f20:3da81600
13908633ns          234009 1c0081dc 57c000ef jal              x1, 1404             x1=1c0081de
13908673ns          234011 1c008758 a0a527d3 feq.s            x15, f10, f10       x15=00000001 f10:3fbe8e7b f10:3fbe8e7b
13908693ns          234012 1c00875c 0a078b63 beq              x15, x0, 182        x15:00000001
13908713ns          234013 1c00875e e00517d3 fclass.s         x15, f10            x15=00000040 f10:3fbe8e7b
13908733ns          234014 1c008762 0817f793 andi             x15, x15, 129       x15=00000000 x15:00000040
13908752ns          234015 1c008766 0a079663 bne              x15, x0, 172        x15:00000000
13908772ns          234016 1c008768 00000793 addi             x15, x0, 0          x15=00000000
13908792ns          234017 1c00876c a0f517d3 flt.s            x15, f10, f15       x15=00000000 f10:3fbe8e7b f15:00000000
13908812ns          234018 1c008770 0a079663 bne              x15, x0, 172        x15:00000000
13908832ns          234019 1c008772 1c000737 lui              x14, 0x1c000000     x14=1c000000
13908852ns          234020 1c008776 02072783 lw               x15, 32(x14)        x15=40c90fdb x14:1c000000  PA:1c000020
13909190ns          234037 1c00877a a0a797d3 flt.s            x15, f15, f10       x15=00000000 f15:40c90fdb f10:3fbe8e7b
13909210ns          234038 1c00877e 00078b63 beq              x15, x0, 22         x15:00000000
13909270ns          234041 1c008794 00000793 addi             x15, x0, 0          x15=00000000
13909290ns          234042 1c008798 a0f517d3 flt.s            x15, f10, f15       x15=00000000 f10:3fbe8e7b f15:00000000
13909309ns          234043 1c00879c 08079a63 bne              x15, x0, 148        x15:00000000
13909329ns          234044 1c00879e 1c0007b7 lui              x15, 0x1c000000     x15=1c000000
13909349ns          234045 1c0087a2 01c7a783 lw               x15, 28(x15)        x15=3fc90fdb x15:1c000000  PA:1c00001c
13909707ns          234063 1c0087a6 a0f517d3 flt.s            x15, f10, f15       x15=00000001 f10:3fbe8e7b f15:3fc90fdb
13909727ns          234064 1c0087aa 02079563 bne              x15, x0, 42         x15:00000001
13909787ns          234067 1c0087d4 10a57553 fmul.s           f10, f10, f10       f10=xxxxxxxx f10:3fbe8e7b f10:3fbe8e7b
13909807ns          234068 1c0087d8 1c0007b7 lui              x15, 0x1c000000     x15=1c000000
13909827ns          234069 1c0087dc 1c000737 lui              x14, 0x1c000000     x14=1c000000
13909846ns          234070 1c0087e0 13472703 lw               x14, 308(x14)       x14=bab59551 x14:1c000000  PA:1c000134
13910145ns          234085 1c0087e4 1307a783 lw               x15, 304(x15)       x15=37c23ab1 x15:1c000000  PA:1c000130
13910503ns          234103 1c0087e8 70f577c3 fmadd.s          f15, f10, f15, f14  f15=xxxxxxxx f10:400dd7ce f15:37c23ab1 f14:bab59551
13910523ns          234104 1c0087ec 1c000737 lui              x14, 0x1c000000     x14=1c000000
13910543ns          234105 1c0087f0 13872703 lw               x14, 312(x14)       x14=3d2aa76f x14:1c000000  PA:1c000138
13910861ns          234121 1c0087f4 70f577c3 fmadd.s          f15, f10, f15, f14  f15=xxxxxxxx f10:400dd7ce f15:baaedb70 f14:3d2aa76f
13910881ns          234122 1c0087f8 1c000737 lui              x14, 0x1c000000     x14=1c000000
13910901ns          234123 1c0087fc 13c72703 lw               x14, 316(x14)       x14=beffffe0 x14:1c000000  PA:1c00013c
13911219ns          234139 1c008800 70f577c3 fmadd.s          f15, f10, f15, f14  f15=xxxxxxxx f10:400dd7ce f15:3d1e8b27 f14:beffffe0
13911239ns          234140 1c008804 1c000737 lui              x14, 0x1c000000     x14=1c000000
13911259ns          234141 1c008808 16872703 lw               x14, 360(x14)       x14=3f7fffff x14:1c000000  PA:1c000168
13911577ns          234157 1c00880c 70f57543 fmadd.s          f10, f10, f15, f14  f10=xxxxxxxx f10:400dd7ce f15:bed413bb f14:3f7fffff
13911597ns          234158 1c008810 00008067 jalr             x0, x1, 0            x1:1c0081de
13911657ns          234161 1c0081de 016a7a53 fadd.s           f20, f20, f22       f20=xxxxxxxx f20:3da81600 f22:3efd2311
13911676ns          234162 1c0081e2 10acf553 fmul.s           f10, f25, f10       f10=xxxxxxxx f25:3f800000 f10:3da7e5a4
13911696ns          234163 1c0081e6 a14a97d3 flt.s            x15, f21, f20       x15=00000000 f21:40c90fdb f20:3f139448
13911716ns          234164 1c0081ea 00a4222b p.sw             x10, 4(x8!)          x8=10001d74 x10:3da7e5a4  x8:10001d70  PA:10001d70
13911736ns          234165 1c0081ee 00078363 beq              x15, x0, 6          x15:00000000
13911796ns          234168 1c0081f4 ff7412e3 bne              x8, x23, -28         x8:10001d74 x23:10001fc8
13911855ns          234171 1c0081d8 094c7553 fsub.s           f10, f24, f20       f10=xxxxxxxx f24:3fc90fdb f20:3f139448
13911875ns          234172 1c0081dc 57c000ef jal              x1, 1404             x1=1c0081de
13911915ns          234174 1c008758 a0a527d3 feq.s            x15, f10, f10       x15=00000001 f10:3f7e8b6e f10:3f7e8b6e
13911935ns          234175 1c00875c 0a078b63 beq              x15, x0, 182        x15:00000001
13911955ns          234176 1c00875e e00517d3 fclass.s         x15, f10            x15=00000040 f10:3f7e8b6e
13911975ns          234177 1c008762 0817f793 andi             x15, x15, 129       x15=00000000 x15:00000040
13911995ns          234178 1c008766 0a079663 bne              x15, x0, 172        x15:00000000
13912015ns          234179 1c008768 00000793 addi             x15, x0, 0          x15=00000000
13912034ns          234180 1c00876c a0f517d3 flt.s            x15, f10, f15       x15=00000000 f10:3f7e8b6e f15:00000000
13912054ns          234181 1c008770 0a079663 bne              x15, x0, 172        x15:00000000
13912074ns          234182 1c008772 1c000737 lui              x14, 0x1c000000     x14=1c000000
13912094ns          234183 1c008776 02072783 lw               x15, 32(x14)        x15=40c90fdb x14:1c000000  PA:1c000020
13912472ns          234202 1c00877a a0a797d3 flt.s            x15, f15, f10       x15=00000000 f15:40c90fdb f10:3f7e8b6e
13912492ns          234203 1c00877e 00078b63 beq              x15, x0, 22         x15:00000000
13912552ns          234206 1c008794 00000793 addi             x15, x0, 0          x15=00000000
13912572ns          234207 1c008798 a0f517d3 flt.s            x15, f10, f15       x15=00000000 f10:3f7e8b6e f15:00000000
13912591ns          234208 1c00879c 08079a63 bne              x15, x0, 148        x15:00000000
13912611ns          234209 1c00879e 1c0007b7 lui              x15, 0x1c000000     x15=1c000000
13912631ns          234210 1c0087a2 01c7a783 lw               x15, 28(x15)        x15=3fc90fdb x15:1c000000  PA:1c00001c
13912949ns          234226 1c0087a6 a0f517d3 flt.s            x15, f10, f15       x15=00000001 f10:3f7e8b6e f15:3fc90fdb
13912969ns          234227 1c0087aa 02079563 bne              x15, x0, 42         x15:00000001
13913029ns          234230 1c0087d4 10a57553 fmul.s           f10, f10, f10       f10=xxxxxxxx f10:3f7e8b6e f10:3f7e8b6e
13913049ns          234231 1c0087d8 1c0007b7 lui              x15, 0x1c000000     x15=1c000000
13913069ns          234232 1c0087dc 1c000737 lui              x14, 0x1c000000     x14=1c000000
13913089ns          234233 1c0087e0 13472703 lw               x14, 308(x14)       x14=bab59551 x14:1c000000  PA:1c000134
13913387ns          234248 1c0087e4 1307a783 lw               x15, 304(x15)       x15=37c23ab1 x15:1c000000  PA:1c000130
13913725ns          234265 1c0087e8 70f577c3 fmadd.s          f15, f10, f15, f14  f15=xxxxxxxx f10:3f7d18fa f15:37c23ab1 f14:bab59551
13913745ns          234266 1c0087ec 1c000737 lui              x14, 0x1c000000     x14=1c000000
13913765ns          234267 1c0087f0 13872703 lw               x14, 312(x14)       x14=3d2aa76f x14:1c000000  PA:1c000138
13914103ns          234284 1c0087f4 70f577c3 fmadd.s          f15, f10, f15, f14  f15=xxxxxxxx f10:3f7d18fa f15:bab29535 f14:3d2aa76f
13914123ns          234285 1c0087f8 1c000737 lui              x14, 0x1c000000     x14=1c000000
13914143ns          234286 1c0087fc 13c72703 lw               x14, 316(x14)       x14=beffffe0 x14:1c000000  PA:1c00013c
13914501ns          234304 1c008800 70f577c3 fmadd.s          f15, f10, f15, f14  f15=xxxxxxxx f10:3f7d18fa f15:3d2522f8 f14:beffffe0
13914521ns          234305 1c008804 1c000737 lui              x14, 0x1c000000     x14=1c000000
13914541ns          234306 1c008808 16872703 lw               x14, 360(x14)       x14=3f7fffff x14:1c000000  PA:1c000168
13914879ns          234323 1c00880c 70f57543 fmadd.s          f10, f10, f15, f14  f10=xxxxxxxx f10:3f7d18fa f15:beeb976b f14:3f7fffff
13914899ns          234324 1c008810 00008067 jalr             x0, x1, 0            x1:1c0081de
13914958ns          234327 1c0081de 016a7a53 fadd.s           f20, f20, f22       f20=xxxxxxxx f20:3f139448 f22:3efd2311
13914978ns          234328 1c0081e2 10acf553 fmul.s           f10, f25, f10       f10=xxxxxxxx f25:3f800000 f10:3f0b8a2e
13914998ns          234329 1c0081e6 a14a97d3 flt.s            x15, f21, f20       x15=00000000 f21:40c90fdb f20:3f8912e8
13915018ns          234330 1c0081ea 00a4222b p.sw             x10, 4(x8!)          x8=10001d78 x10:3f0b8a2e  x8:10001d74  PA:10001d74
13915038ns          234331 1c0081ee 00078363 beq              x15, x0, 6          x15:00000000
13915098ns          234334 1c0081f4 ff7412e3 bne              x8, x23, -28         x8:10001d78 x23:10001fc8
13915157ns          234337 1c0081d8 094c7553 fsub.s           f10, f24, f20       f10=xxxxxxxx f24:3fc90fdb f20:3f8912e8
13915177ns          234338 1c0081dc 57c000ef jal              x1, 1404             x1=1c0081de
13915217ns          234340 1c008758 a0a527d3 feq.s            x15, f10, f10       x15=00000001 f10:3efff3cc f10:3efff3cc
13915237ns          234341 1c00875c 0a078b63 beq              x15, x0, 182        x15:00000001
13915257ns          234342 1c00875e e00517d3 fclass.s         x15, f10            x15=00000040 f10:3efff3cc
13915277ns          234343 1c008762 0817f793 andi             x15, x15, 129       x15=00000000 x15:00000040
13915297ns          234344 1c008766 0a079663 bne              x15, x0, 172        x15:00000000
13915316ns          234345 1c008768 00000793 addi             x15, x0, 0          x15=00000000
13915336ns          234346 1c00876c a0f517d3 flt.s            x15, f10, f15       x15=00000000 f10:3efff3cc f15:00000000
13915356ns          234347 1c008770 0a079663 bne              x15, x0, 172        x15:00000000
13915376ns          234348 1c008772 1c000737 lui              x14, 0x1c000000     x14=1c000000
13915396ns          234349 1c008776 02072783 lw               x15, 32(x14)        x15=40c90fdb x14:1c000000  PA:1c000020
13915714ns          234365 1c00877a a0a797d3 flt.s            x15, f15, f10       x15=00000000 f15:40c90fdb f10:3efff3cc
13915734ns          234366 1c00877e 00078b63 beq              x15, x0, 22         x15:00000000
13915794ns          234369 1c008794 00000793 addi             x15, x0, 0          x15=00000000
13915814ns          234370 1c008798 a0f517d3 flt.s            x15, f10, f15       x15=00000000 f10:3efff3cc f15:00000000
13915834ns          234371 1c00879c 08079a63 bne              x15, x0, 148        x15:00000000
13915853ns          234372 1c00879e 1c0007b7 lui              x15, 0x1c000000     x15=1c000000
13915873ns          234373 1c0087a2 01c7a783 lw               x15, 28(x15)        x15=3fc90fdb x15:1c000000  PA:1c00001c
13916192ns          234389 1c0087a6 a0f517d3 flt.s            x15, f10, f15       x15=00000001 f10:3efff3cc f15:3fc90fdb
13916212ns          234390 1c0087aa 02079563 bne              x15, x0, 42         x15:00000001
13916271ns          234393 1c0087d4 10a57553 fmul.s           f10, f10, f10       f10=xxxxxxxx f10:3efff3cc f10:3efff3cc
13916291ns          234394 1c0087d8 1c0007b7 lui              x15, 0x1c000000     x15=1c000000
13916311ns          234395 1c0087dc 1c000737 lui              x14, 0x1c000000     x14=1c000000
13916331ns          234396 1c0087e0 13472703 lw               x14, 308(x14)       x14=bab59551 x14:1c000000  PA:1c000134
13916649ns          234412 1c0087e4 1307a783 lw               x15, 304(x15)       x15=37c23ab1 x15:1c000000  PA:1c000130
13916967ns          234428 1c0087e8 70f577c3 fmadd.s          f15, f10, f15, f14  f15=xxxxxxxx f10:3e7fe799 f15:37c23ab1 f14:bab59551
13916987ns          234429 1c0087ec 1c000737 lui              x14, 0x1c000000     x14=1c000000
13917007ns          234430 1c0087f0 13872703 lw               x14, 312(x14)       x14=3d2aa76f x14:1c000000  PA:1c000138
13917325ns          234446 1c0087f4 70f577c3 fmadd.s          f15, f10, f15, f14  f15=xxxxxxxx f10:3e7fe799 f15:bab4d329 f14:3d2aa76f
13917345ns          234447 1c0087f8 1c000737 lui              x14, 0x1c000000     x14=1c000000
13917365ns          234448 1c0087fc 13c72703 lw               x14, 316(x14)       x14=beffffe0 x14:1c000000  PA:1c00013c
13917703ns          234465 1c008800 70f577c3 fmadd.s          f15, f10, f15, f14  f15=xxxxxxxx f10:3e7fe799 f15:3d293deb f14:beffffe0
13917723ns          234466 1c008804 1c000737 lui              x14, 0x1c000000     x14=1c000000
13917743ns          234467 1c008808 16872703 lw               x14, 360(x14)       x14=3f7fffff x14:1c000000  PA:1c000168
13918061ns          234483 1c00880c 70f57543 fmadd.s          f10, f10, f15, f14  f10=xxxxxxxx f10:3e7fe799 f15:befab672 f14:3f7fffff
13918081ns          234484 1c008810 00008067 jalr             x0, x1, 0            x1:1c0081de
13918141ns          234487 1c0081de 016a7a53 fadd.s           f20, f20, f22       f20=xxxxxxxx f20:3f8912e8 f22:3efd2311
13918161ns          234488 1c0081e2 10acf553 fmul.s           f10, f25, f10       f10=xxxxxxxx f25:3f800000 f10:3f60ac2d
13918181ns          234489 1c0081e6 a14a97d3 flt.s            x15, f21, f20       x15=00000000 f21:40c90fdb f20:3fc85bac
13918201ns          234490 1c0081ea 00a4222b p.sw             x10, 4(x8!)          x8=10001d7c x10:3f60ac2d  x8:10001d78  PA:10001d78
13918220ns          234491 1c0081ee 00078363 beq              x15, x0, 6          x15:00000000
13918280ns          234494 1c0081f4 ff7412e3 bne              x8, x23, -28         x8:10001d7c x23:10001fc8
13918340ns          234497 1c0081d8 094c7553 fsub.s           f10, f24, f20       f10=xxxxxxxx f24:3fc90fdb f20:3fc85bac
13918360ns          234498 1c0081dc 57c000ef jal              x1, 1404             x1=1c0081de
13918400ns          234500 1c008758 a0a527d3 feq.s            x15, f10, f10       x15=00000001 f10:3bb42f00 f10:3bb42f00
13918419ns          234501 1c00875c 0a078b63 beq              x15, x0, 182        x15:00000001
13918439ns          234502 1c00875e e00517d3 fclass.s         x15, f10            x15=00000040 f10:3bb42f00
13918459ns          234503 1c008762 0817f793 andi             x15, x15, 129       x15=00000000 x15:00000040
13918479ns          234504 1c008766 0a079663 bne              x15, x0, 172        x15:00000000
13918499ns          234505 1c008768 00000793 addi             x15, x0, 0          x15=00000000
13918519ns          234506 1c00876c a0f517d3 flt.s            x15, f10, f15       x15=00000000 f10:3bb42f00 f15:00000000
13918539ns          234507 1c008770 0a079663 bne              x15, x0, 172        x15:00000000
13918559ns          234508 1c008772 1c000737 lui              x14, 0x1c000000     x14=1c000000
13918579ns          234509 1c008776 02072783 lw               x15, 32(x14)        x15=40c90fdb x14:1c000000  PA:1c000020
13918917ns          234526 1c00877a a0a797d3 flt.s            x15, f15, f10       x15=00000000 f15:40c90fdb f10:3bb42f00
13918937ns          234527 1c00877e 00078b63 beq              x15, x0, 22         x15:00000000
13918996ns          234530 1c008794 00000793 addi             x15, x0, 0          x15=00000000
13919016ns          234531 1c008798 a0f517d3 flt.s            x15, f10, f15       x15=00000000 f10:3bb42f00 f15:00000000
13919036ns          234532 1c00879c 08079a63 bne              x15, x0, 148        x15:00000000
13919056ns          234533 1c00879e 1c0007b7 lui              x15, 0x1c000000     x15=1c000000
13919076ns          234534 1c0087a2 01c7a783 lw               x15, 28(x15)        x15=3fc90fdb x15:1c000000  PA:1c00001c
13919394ns          234550 1c0087a6 a0f517d3 flt.s            x15, f10, f15       x15=00000001 f10:3bb42f00 f15:3fc90fdb
13919414ns          234551 1c0087aa 02079563 bne              x15, x0, 42         x15:00000001
13919474ns          234554 1c0087d4 10a57553 fmul.s           f10, f10, f10       f10=xxxxxxxx f10:3bb42f00 f10:3bb42f00
13919494ns          234555 1c0087d8 1c0007b7 lui              x15, 0x1c000000     x15=1c000000
13919513ns          234556 1c0087dc 1c000737 lui              x14, 0x1c000000     x14=1c000000
13919533ns          234557 1c0087e0 13472703 lw               x14, 308(x14)       x14=bab59551 x14:1c000000  PA:1c000134
13919852ns          234573 1c0087e4 1307a783 lw               x15, 304(x15)       x15=37c23ab1 x15:1c000000  PA:1c000130
13920170ns          234589 1c0087e8 70f577c3 fmadd.s          f15, f10, f15, f14  f15=xxxxxxxx f10:37fda441 f15:37c23ab1 f14:bab59551
13920190ns          234590 1c0087ec 1c000737 lui              x14, 0x1c000000     x14=1c000000
13920210ns          234591 1c0087f0 13872703 lw               x14, 312(x14)       x14=3d2aa76f x14:1c000000  PA:1c000138
13920528ns          234607 1c0087f4 70f577c3 fmadd.s          f15, f10, f15, f14  f15=xxxxxxxx f10:37fda441 f15:bab5954b f14:3d2aa76f
13920548ns          234608 1c0087f8 1c000737 lui              x14, 0x1c000000     x14=1c000000
13920568ns          234609 1c0087fc 13c72703 lw               x14, 316(x14)       x14=beffffe0 x14:1c000000  PA:1c00013c
13920886ns          234625 1c008800 70f577c3 fmadd.s          f15, f10, f15, f14  f15=xxxxxxxx f10:37fda441 f15:3d2aa764 f14:beffffe0
13920906ns          234626 1c008804 1c000737 lui              x14, 0x1c000000     x14=1c000000
13920926ns          234627 1c008808 16872703 lw               x14, 360(x14)       x14=3f7fffff x14:1c000000  PA:1c000168
13921244ns          234643 1c00880c 70f57543 fmadd.s          f10, f10, f15, f14  f10=xxxxxxxx f10:37fda441 f15:beffffb6 f14:3f7fffff
13921264ns          234644 1c008810 00008067 jalr             x0, x1, 0            x1:1c0081de
13921323ns          234647 1c0081de 016a7a53 fadd.s           f20, f20, f22       f20=xxxxxxxx f20:3fc85bac f22:3efd2311
13921343ns          234648 1c0081e2 10acf553 fmul.s           f10, f25, f10       f10=xxxxxxxx f25:3f800000 f10:3f7fff01
13921363ns          234649 1c0081e6 a14a97d3 flt.s            x15, f21, f20       x15=00000000 f21:40c90fdb f20:4003d238
13921383ns          234650 1c0081ea 00a4222b p.sw             x10, 4(x8!)          x8=10001d80 x10:3f7fff01  x8:10001d7c  PA:10001d7c
13921403ns          234651 1c0081ee 00078363 beq              x15, x0, 6          x15:00000000
13921463ns          234654 1c0081f4 ff7412e3 bne              x8, x23, -28         x8:10001d80 x23:10001fc8
13921522ns          234657 1c0081d8 094c7553 fsub.s           f10, f24, f20       f10=xxxxxxxx f24:3fc90fdb f20:4003d238
13921542ns          234658 1c0081dc 57c000ef jal              x1, 1404             x1=1c0081de
13921582ns          234660 1c008758 a0a527d3 feq.s            x15, f10, f10       x15=00000001 f10:befa5254 f10:befa5254
13921602ns          234661 1c00875c 0a078b63 beq              x15, x0, 182        x15:00000001
13921622ns          234662 1c00875e e00517d3 fclass.s         x15, f10            x15=00000002 f10:befa5254
13921642ns          234663 1c008762 0817f793 andi             x15, x15, 129       x15=00000000 x15:00000002
13921662ns          234664 1c008766 0a079663 bne              x15, x0, 172        x15:00000000
13921681ns          234665 1c008768 00000793 addi             x15, x0, 0          x15=00000000
13921701ns          234666 1c00876c a0f517d3 flt.s            x15, f10, f15       x15=00000001 f10:befa5254 f15:00000000
13921721ns          234667 1c008770 0a079663 bne              x15, x0, 172        x15:00000001
13921781ns          234670 1c00881c 1c0007b7 lui              x15, 0x1c000000     x15=1c000000
13921801ns          234671 1c008820 12c7a783 lw               x15, 300(x15)       x15=c0c90fdb x15:1c000000  PA:1c00012c
13922119ns          234687 1c008824 a0f517d3 flt.s            x15, f10, f15       x15=00000000 f10:befa5254 f15:c0c90fdb
13922139ns          234688 1c008828 00078463 beq              x15, x0, 8          x15:00000000
13922199ns          234691 1c008830 20a51553 fsgnjn.s         f10, f10, f10       f10=xxxxxxxx f10:befa5254 f10:befa5254
13922219ns          234692 1c008834 f6bff06f jal              x0, -150           
13922278ns          234695 1c00879e 1c0007b7 lui              x15, 0x1c000000     x15=1c000000
13922298ns          234696 1c0087a2 01c7a783 lw               x15, 28(x15)        x15=3fc90fdb x15:1c000000  PA:1c00001c
13922616ns          234712 1c0087a6 a0f517d3 flt.s            x15, f10, f15       x15=00000001 f10:3efa5254 f15:3fc90fdb
13922636ns          234713 1c0087aa 02079563 bne              x15, x0, 42         x15:00000001
13922696ns          234716 1c0087d4 10a57553 fmul.s           f10, f10, f10       f10=xxxxxxxx f10:3efa5254 f10:3efa5254
13922716ns          234717 1c0087d8 1c0007b7 lui              x15, 0x1c000000     x15=1c000000
13922736ns          234718 1c0087dc 1c000737 lui              x14, 0x1c000000     x14=1c000000
13922756ns          234719 1c0087e0 13472703 lw               x14, 308(x14)       x14=bab59551 x14:1c000000  PA:1c000134
13923074ns          234735 1c0087e4 1307a783 lw               x15, 304(x15)       x15=37c23ab1 x15:1c000000  PA:1c000130
13923392ns          234751 1c0087e8 70f577c3 fmadd.s          f15, f10, f15, f14  f15=xxxxxxxx f10:3e74c4e7 f15:37c23ab1 f14:bab59551
13923412ns          234752 1c0087ec 1c000737 lui              x14, 0x1c000000     x14=1c000000
13923432ns          234753 1c0087f0 13872703 lw               x14, 312(x14)       x14=3d2aa76f x14:1c000000  PA:1c000138
13923790ns          234771 1c0087f4 70f577c3 fmadd.s          f15, f10, f15, f14  f15=xxxxxxxx f10:3e74c4e7 f15:bab4db9c f14:3d2aa76f
13923810ns          234772 1c0087f8 1c000737 lui              x14, 0x1c000000     x14=1c000000
13923830ns          234773 1c0087fc 13c72703 lw               x14, 316(x14)       x14=beffffe0 x14:1c000000  PA:1c00013c
13924148ns          234789 1c008800 70f577c3 fmadd.s          f15, f10, f15, f14  f15=xxxxxxxx f10:3e74c4e7 f15:3d294d96 f14:beffffe0
13924168ns          234790 1c008804 1c000737 lui              x14, 0x1c000000     x14=1c000000
13924188ns          234791 1c008808 16872703 lw               x14, 360(x14)       x14=3f7fffff x14:1c000000  PA:1c000168
13924526ns          234808 1c00880c 70f57543 fmadd.s          f10, f10, f15, f14  f10=xxxxxxxx f10:3e74c4e7 f15:befaf0df f14:3f7fffff
13924546ns          234809 1c008810 00008067 jalr             x0, x1, 0            x1:1c0081de
13924605ns          234812 1c0081de 016a7a53 fadd.s           f20, f20, f22       f20=xxxxxxxx f20:4003d238 f22:3efd2311
13924625ns          234813 1c0081e2 10acf553 fmul.s           f10, f25, f10       f10=xxxxxxxx f25:3f800000 f10:3f62022c
13924645ns          234814 1c0081e6 a14a97d3 flt.s            x15, f21, f20       x15=00000000 f21:40c90fdb f20:4023769a
13924665ns          234815 1c0081ea 00a4222b p.sw             x10, 4(x8!)          x8=10001d84 x10:3f62022c  x8:10001d80  PA:10001d80
13924685ns          234816 1c0081ee 00078363 beq              x15, x0, 6          x15:00000000
13924745ns          234819 1c0081f4 ff7412e3 bne              x8, x23, -28         x8:10001d84 x23:10001fc8
13924804ns          234822 1c0081d8 094c7553 fsub.s           f10, f24, f20       f10=xxxxxxxx f24:3fc90fdb f20:4023769a
13924824ns          234823 1c0081dc 57c000ef jal              x1, 1404             x1=1c0081de
13924864ns          234825 1c008758 a0a527d3 feq.s            x15, f10, f10       x15=00000001 f10:bf7bbab2 f10:bf7bbab2
13924884ns          234826 1c00875c 0a078b63 beq              x15, x0, 182        x15:00000001
13924904ns          234827 1c00875e e00517d3 fclass.s         x15, f10            x15=00000002 f10:bf7bbab2
13924924ns          234828 1c008762 0817f793 andi             x15, x15, 129       x15=00000000 x15:00000002
13924944ns          234829 1c008766 0a079663 bne              x15, x0, 172        x15:00000000
13924963ns          234830 1c008768 00000793 addi             x15, x0, 0          x15=00000000
13924983ns          234831 1c00876c a0f517d3 flt.s            x15, f10, f15       x15=00000001 f10:bf7bbab2 f15:00000000
13925003ns          234832 1c008770 0a079663 bne              x15, x0, 172        x15:00000001
13925063ns          234835 1c00881c 1c0007b7 lui              x15, 0x1c000000     x15=1c000000
13925083ns          234836 1c008820 12c7a783 lw               x15, 300(x15)       x15=c0c90fdb x15:1c000000  PA:1c00012c
13925401ns          234852 1c008824 a0f517d3 flt.s            x15, f10, f15       x15=00000000 f10:bf7bbab2 f15:c0c90fdb
13925421ns          234853 1c008828 00078463 beq              x15, x0, 8          x15:00000000
13925481ns          234856 1c008830 20a51553 fsgnjn.s         f10, f10, f10       f10=xxxxxxxx f10:bf7bbab2 f10:bf7bbab2
13925501ns          234857 1c008834 f6bff06f jal              x0, -150           
13925560ns          234860 1c00879e 1c0007b7 lui              x15, 0x1c000000     x15=1c000000
13925580ns          234861 1c0087a2 01c7a783 lw               x15, 28(x15)        x15=3fc90fdb x15:1c000000  PA:1c00001c
13925898ns          234877 1c0087a6 a0f517d3 flt.s            x15, f10, f15       x15=00000001 f10:3f7bbab2 f15:3fc90fdb
13925918ns          234878 1c0087aa 02079563 bne              x15, x0, 42         x15:00000001
13925978ns          234881 1c0087d4 10a57553 fmul.s           f10, f10, f10       f10=xxxxxxxx f10:3f7bbab2 f10:3f7bbab2
13925998ns          234882 1c0087d8 1c0007b7 lui              x15, 0x1c000000     x15=1c000000
13926018ns          234883 1c0087dc 1c000737 lui              x14, 0x1c000000     x14=1c000000
13926038ns          234884 1c0087e0 13472703 lw               x14, 308(x14)       x14=bab59551 x14:1c000000  PA:1c000134
13926356ns          234900 1c0087e4 1307a783 lw               x15, 304(x15)       x15=37c23ab1 x15:1c000000  PA:1c000130
13926674ns          234916 1c0087e8 70f577c3 fmadd.s          f15, f10, f15, f14  f15=xxxxxxxx f10:3f7787a1 f15:37c23ab1 f14:bab59551
13926694ns          234917 1c0087ec 1c000737 lui              x14, 0x1c000000     x14=1c000000
13926714ns          234918 1c0087f0 13872703 lw               x14, 312(x14)       x14=3d2aa76f x14:1c000000  PA:1c000138
13927052ns          234935 1c0087f4 70f577c3 fmadd.s          f15, f10, f15, f14  f15=xxxxxxxx f10:3f7787a1 f15:bab2a61b f14:3d2aa76f
13927072ns          234936 1c0087f8 1c000737 lui              x14, 0x1c000000     x14=1c000000
13927092ns          234937 1c0087fc 13c72703 lw               x14, 316(x14)       x14=beffffe0 x14:1c000000  PA:1c00013c
13927410ns          234953 1c008800 70f577c3 fmadd.s          f15, f10, f15, f14  f15=xxxxxxxx f10:3f7787a1 f15:3d254188 f14:beffffe0
13927430ns          234954 1c008804 1c000737 lui              x14, 0x1c000000     x14=1c000000
13927450ns          234955 1c008808 16872703 lw               x14, 360(x14)       x14=3f7fffff x14:1c000000  PA:1c000168
13927768ns          234971 1c00880c 70f57543 fmadd.s          f10, f10, f15, f14  f10=xxxxxxxx f10:3f7787a1 f15:beec06a7 f14:3f7fffff
13927788ns          234972 1c008810 00008067 jalr             x0, x1, 0            x1:1c0081de
13927848ns          234975 1c0081de 016a7a53 fadd.s           f20, f20, f22       f20=xxxxxxxx f20:4023769a f22:3efd2311
13927868ns          234976 1c0081e2 10acf553 fmul.s           f10, f25, f10       f10=xxxxxxxx f25:3f800000 f10:3f0de443
13927887ns          234977 1c0081e6 a14a97d3 flt.s            x15, f21, f20       x15=00000000 f21:40c90fdb f20:40431afc
13927907ns          234978 1c0081ea 00a4222b p.sw             x10, 4(x8!)          x8=10001d88 x10:3f0de443  x8:10001d84  PA:10001d84
13927927ns          234979 1c0081ee 00078363 beq              x15, x0, 6          x15:00000000
13927987ns          234982 1c0081f4 ff7412e3 bne              x8, x23, -28         x8:10001d88 x23:10001fc8
13928047ns          234985 1c0081d8 094c7553 fsub.s           f10, f24, f20       f10=xxxxxxxx f24:3fc90fdb f20:40431afc
13928066ns          234986 1c0081dc 57c000ef jal              x1, 1404             x1=1c0081de
13928106ns          234988 1c008758 a0a527d3 feq.s            x15, f10, f10       x15=00000001 f10:bfbd261d f10:bfbd261d
13928126ns          234989 1c00875c 0a078b63 beq              x15, x0, 182        x15:00000001
13928146ns          234990 1c00875e e00517d3 fclass.s         x15, f10            x15=00000002 f10:bfbd261d
13928166ns          234991 1c008762 0817f793 andi             x15, x15, 129       x15=00000000 x15:00000002
13928186ns          234992 1c008766 0a079663 bne              x15, x0, 172        x15:00000000
13928206ns          234993 1c008768 00000793 addi             x15, x0, 0          x15=00000000
13928226ns          234994 1c00876c a0f517d3 flt.s            x15, f10, f15       x15=00000001 f10:bfbd261d f15:00000000
13928245ns          234995 1c008770 0a079663 bne              x15, x0, 172        x15:00000001
13928305ns          234998 1c00881c 1c0007b7 lui              x15, 0x1c000000     x15=1c000000
13928325ns          234999 1c008820 12c7a783 lw               x15, 300(x15)       x15=c0c90fdb x15:1c000000  PA:1c00012c
13928643ns          235015 1c008824 a0f517d3 flt.s            x15, f10, f15       x15=00000000 f10:bfbd261d f15:c0c90fdb
13928663ns          235016 1c008828 00078463 beq              x15, x0, 8          x15:00000000
13928723ns          235019 1c008830 20a51553 fsgnjn.s         f10, f10, f10       f10=xxxxxxxx f10:bfbd261d f10:bfbd261d
13928743ns          235020 1c008834 f6bff06f jal              x0, -150           
13928802ns          235023 1c00879e 1c0007b7 lui              x15, 0x1c000000     x15=1c000000
13928822ns          235024 1c0087a2 01c7a783 lw               x15, 28(x15)        x15=3fc90fdb x15:1c000000  PA:1c00001c
13929141ns          235040 1c0087a6 a0f517d3 flt.s            x15, f10, f15       x15=00000001 f10:3fbd261d f15:3fc90fdb
13929160ns          235041 1c0087aa 02079563 bne              x15, x0, 42         x15:00000001
13929220ns          235044 1c0087d4 10a57553 fmul.s           f10, f10, f10       f10=xxxxxxxx f10:3fbd261d f10:3fbd261d
13929240ns          235045 1c0087d8 1c0007b7 lui              x15, 0x1c000000     x15=1c000000
13929260ns          235046 1c0087dc 1c000737 lui              x14, 0x1c000000     x14=1c000000
13929280ns          235047 1c0087e0 13472703 lw               x14, 308(x14)       x14=bab59551 x14:1c000000  PA:1c000134
13929578ns          235062 1c0087e4 1307a783 lw               x15, 304(x15)       x15=37c23ab1 x15:1c000000  PA:1c000130
13929896ns          235078 1c0087e8 70f577c3 fmadd.s          f15, f10, f15, f14  f15=xxxxxxxx f10:400bc14c f15:37c23ab1 f14:bab59551
13929916ns          235079 1c0087ec 1c000737 lui              x14, 0x1c000000     x14=1c000000
13929936ns          235080 1c0087f0 13872703 lw               x14, 312(x14)       x14=3d2aa76f x14:1c000000  PA:1c000138
13930254ns          235096 1c0087f4 70f577c3 fmadd.s          f15, f10, f15, f14  f15=xxxxxxxx f10:400bc14c f15:baaef4c9 f14:3d2aa76f
13930274ns          235097 1c0087f8 1c000737 lui              x14, 0x1c000000     x14=1c000000
13930294ns          235098 1c0087fc 13c72703 lw               x14, 316(x14)       x14=beffffe0 x14:1c000000  PA:1c00013c
13930612ns          235114 1c008800 70f577c3 fmadd.s          f15, f10, f15, f14  f15=xxxxxxxx f10:400bc14c f15:3d1eb70f f14:beffffe0
13930632ns          235115 1c008804 1c000737 lui              x14, 0x1c000000     x14=1c000000
13930652ns          235116 1c008808 16872703 lw               x14, 360(x14)       x14=3f7fffff x14:1c000000  PA:1c000168
13930970ns          235132 1c00880c 70f57543 fmadd.s          f10, f10, f15, f14  f10=xxxxxxxx f10:400bc14c f15:bed4ad42 f14:3f7fffff
13930990ns          235133 1c008810 00008067 jalr             x0, x1, 0            x1:1c0081de
13931050ns          235136 1c0081de 016a7a53 fadd.s           f20, f20, f22       f20=xxxxxxxx f20:40431afc f22:3efd2311
13931070ns          235137 1c0081e2 10acf553 fmul.s           f10, f25, f10       f10=xxxxxxxx f25:3f800000 f10:3dbe556e
13931090ns          235138 1c0081e6 a14a97d3 flt.s            x15, f21, f20       x15=00000000 f21:40c90fdb f20:4062bf5e
13931110ns          235139 1c0081ea 00a4222b p.sw             x10, 4(x8!)          x8=10001d8c x10:3dbe556e  x8:10001d88  PA:10001d88
13931130ns          235140 1c0081ee 00078363 beq              x15, x0, 6          x15:00000000
13931189ns          235143 1c0081f4 ff7412e3 bne              x8, x23, -28         x8:10001d8c x23:10001fc8
13931249ns          235146 1c0081d8 094c7553 fsub.s           f10, f24, f20       f10=xxxxxxxx f24:3fc90fdb f20:4062bf5e
13931269ns          235147 1c0081dc 57c000ef jal              x1, 1404             x1=1c0081de
13931309ns          235149 1c008758 a0a527d3 feq.s            x15, f10, f10       x15=00000001 f10:bffc6ee1 f10:bffc6ee1
13931328ns          235150 1c00875c 0a078b63 beq              x15, x0, 182        x15:00000001
13931348ns          235151 1c00875e e00517d3 fclass.s         x15, f10            x15=00000002 f10:bffc6ee1
13931368ns          235152 1c008762 0817f793 andi             x15, x15, 129       x15=00000000 x15:00000002
13931388ns          235153 1c008766 0a079663 bne              x15, x0, 172        x15:00000000
13931408ns          235154 1c008768 00000793 addi             x15, x0, 0          x15=00000000
13931428ns          235155 1c00876c a0f517d3 flt.s            x15, f10, f15       x15=00000001 f10:bffc6ee1 f15:00000000
13931448ns          235156 1c008770 0a079663 bne              x15, x0, 172        x15:00000001
13931508ns          235159 1c00881c 1c0007b7 lui              x15, 0x1c000000     x15=1c000000
13931527ns          235160 1c008820 12c7a783 lw               x15, 300(x15)       x15=c0c90fdb x15:1c000000  PA:1c00012c
13931846ns          235176 1c008824 a0f517d3 flt.s            x15, f10, f15       x15=00000000 f10:bffc6ee1 f15:c0c90fdb
13931866ns          235177 1c008828 00078463 beq              x15, x0, 8          x15:00000000
13931925ns          235180 1c008830 20a51553 fsgnjn.s         f10, f10, f10       f10=xxxxxxxx f10:bffc6ee1 f10:bffc6ee1
13931945ns          235181 1c008834 f6bff06f jal              x0, -150           
13932005ns          235184 1c00879e 1c0007b7 lui              x15, 0x1c000000     x15=1c000000
13932025ns          235185 1c0087a2 01c7a783 lw               x15, 28(x15)        x15=3fc90fdb x15:1c000000  PA:1c00001c
13932363ns          235202 1c0087a6 a0f517d3 flt.s            x15, f10, f15       x15=00000000 f10:3ffc6ee1 f15:3fc90fdb
13932383ns          235203 1c0087aa 02079563 bne              x15, x0, 42         x15:00000000
13932403ns          235204 1c0087ac 1c0007b7 lui              x15, 0x1c000000     x15=1c000000
13932422ns          235205 1c0087b0 1007a783 lw               x15, 256(x15)       x15=40490fdb x15:1c000000  PA:1c000100
13932741ns          235221 1c0087b4 a0f51753 flt.s            x14, f10, f15       x14=00000001 f10:3ffc6ee1 f15:40490fdb
13932761ns          235222 1c0087b8 06071f63 bne              x14, x0, 126        x14:00000001
13932840ns          235226 1c008836 08a7f553 fsub.s           f10, f15, f10       f10=xxxxxxxx f15:40490fdb f10:3ffc6ee1
13932860ns          235227 1c00883a 10a57553 fmul.s           f10, f10, f10       f10=xxxxxxxx f10:3f95b0d5 f10:3f95b0d5
13932880ns          235228 1c00883e 1c0007b7 lui              x15, 0x1c000000     x15=1c000000
13932900ns          235229 1c008842 1c000737 lui              x14, 0x1c000000     x14=1c000000
13932920ns          235230 1c008846 13472703 lw               x14, 308(x14)       x14=bab59551 x14:1c000000  PA:1c000134
13933218ns          235245 1c00884a 1307a783 lw               x15, 304(x15)       x15=37c23ab1 x15:1c000000  PA:1c000130
13933536ns          235261 1c00884e 70f577c3 fmadd.s          f15, f10, f15, f14  f15=xxxxxxxx f10:3faf0ea4 f15:37c23ab1 f14:bab59551
13933556ns          235262 1c008852 1c000737 lui              x14, 0x1c000000     x14=1c000000
13933576ns          235263 1c008856 13872703 lw               x14, 312(x14)       x14=3d2aa76f x14:1c000000  PA:1c000138
13933894ns          235279 1c00885a 70f577c3 fmadd.s          f15, f10, f15, f14  f15=xxxxxxxx f10:3faf0ea4 f15:bab16ec7 f14:3d2aa76f
13933914ns          235280 1c00885e 1c000737 lui              x14, 0x1c000000     x14=1c000000
13933934ns          235281 1c008862 13c72703 lw               x14, 316(x14)       x14=beffffe0 x14:1c000000  PA:1c00013c
13934252ns          235297 1c008866 70f577c3 fmadd.s          f15, f10, f15, f14  f15=xxxxxxxx f10:3faf0ea4 f15:3d231221 f14:beffffe0
13934272ns          235298 1c00886a 1c000737 lui              x14, 0x1c000000     x14=1c000000
13934292ns          235299 1c00886e 16872703 lw               x14, 360(x14)       x14=3f7fffff x14:1c000000  PA:1c000168
13934630ns          235316 1c008872 70f57543 fmadd.s          f10, f10, f15, f14  f10=xxxxxxxx f10:3faf0ea4 f15:bee41f32 f14:3f7fffff
13934650ns          235317 1c008876 20a51553 fsgnjn.s         f10, f10, f10       f10=xxxxxxxx f10:3ec80340 f10:3ec80340
13934670ns          235318 1c00887a 00008067 jalr             x0, x1, 0            x1:1c0081de
13934730ns          235321 1c0081de 016a7a53 fadd.s           f20, f20, f22       f20=xxxxxxxx f20:4062bf5e f22:3efd2311
13934750ns          235322 1c0081e2 10acf553 fmul.s           f10, f25, f10       f10=xxxxxxxx f25:3f800000 f10:bec80340
13934770ns          235323 1c0081e6 a14a97d3 flt.s            x15, f21, f20       x15=00000000 f21:40c90fdb f20:408131e0
13934789ns          235324 1c0081ea 00a4222b p.sw             x10, 4(x8!)          x8=10001d90 x10:bec80340  x8:10001d8c  PA:10001d8c
13934809ns          235325 1c0081ee 00078363 beq              x15, x0, 6          x15:00000000
13934869ns          235328 1c0081f4 ff7412e3 bne              x8, x23, -28         x8:10001d90 x23:10001fc8
13934929ns          235331 1c0081d8 094c7553 fsub.s           f10, f24, f20       f10=xxxxxxxx f24:3fc90fdb f20:408131e0
13934949ns          235332 1c0081dc 57c000ef jal              x1, 1404             x1=1c0081de
13934988ns          235334 1c008758 a0a527d3 feq.s            x15, f10, f10       x15=00000001 f10:c01ddbd2 f10:c01ddbd2
13935008ns          235335 1c00875c 0a078b63 beq              x15, x0, 182        x15:00000001
13935028ns          235336 1c00875e e00517d3 fclass.s         x15, f10            x15=00000002 f10:c01ddbd2
13935048ns          235337 1c008762 0817f793 andi             x15, x15, 129       x15=00000000 x15:00000002
13935068ns          235338 1c008766 0a079663 bne              x15, x0, 172        x15:00000000
13935088ns          235339 1c008768 00000793 addi             x15, x0, 0          x15=00000000
13935108ns          235340 1c00876c a0f517d3 flt.s            x15, f10, f15       x15=00000001 f10:c01ddbd2 f15:00000000
13935128ns          235341 1c008770 0a079663 bne              x15, x0, 172        x15:00000001
13935187ns          235344 1c00881c 1c0007b7 lui              x15, 0x1c000000     x15=1c000000
13935207ns          235345 1c008820 12c7a783 lw               x15, 300(x15)       x15=c0c90fdb x15:1c000000  PA:1c00012c
13935545ns          235362 1c008824 a0f517d3 flt.s            x15, f10, f15       x15=00000000 f10:c01ddbd2 f15:c0c90fdb
13935565ns          235363 1c008828 00078463 beq              x15, x0, 8          x15:00000000
13935625ns          235366 1c008830 20a51553 fsgnjn.s         f10, f10, f10       f10=xxxxxxxx f10:c01ddbd2 f10:c01ddbd2
13935645ns          235367 1c008834 f6bff06f jal              x0, -150           
13935704ns          235370 1c00879e 1c0007b7 lui              x15, 0x1c000000     x15=1c000000
13935724ns          235371 1c0087a2 01c7a783 lw               x15, 28(x15)        x15=3fc90fdb x15:1c000000  PA:1c00001c
13936043ns          235387 1c0087a6 a0f517d3 flt.s            x15, f10, f15       x15=00000000 f10:401ddbd2 f15:3fc90fdb
13936062ns          235388 1c0087aa 02079563 bne              x15, x0, 42         x15:00000000
13936082ns          235389 1c0087ac 1c0007b7 lui              x15, 0x1c000000     x15=1c000000
13936102ns          235390 1c0087b0 1007a783 lw               x15, 256(x15)       x15=40490fdb x15:1c000000  PA:1c000100
13936440ns          235407 1c0087b4 a0f51753 flt.s            x14, f10, f15       x14=00000001 f10:401ddbd2 f15:40490fdb
13936460ns          235408 1c0087b8 06071f63 bne              x14, x0, 126        x14:00000001
13936540ns          235412 1c008836 08a7f553 fsub.s           f10, f15, f10       f10=xxxxxxxx f15:40490fdb f10:401ddbd2
13936560ns          235413 1c00883a 10a57553 fmul.s           f10, f10, f10       f10=xxxxxxxx f10:3f2cd024 f10:3f2cd024
13936580ns          235414 1c00883e 1c0007b7 lui              x15, 0x1c000000     x15=1c000000
13936600ns          235415 1c008842 1c000737 lui              x14, 0x1c000000     x14=1c000000
13936619ns          235416 1c008846 13472703 lw               x14, 308(x14)       x14=bab59551 x14:1c000000  PA:1c000134
13936918ns          235431 1c00884a 1307a783 lw               x15, 304(x15)       x15=37c23ab1 x15:1c000000  PA:1c000130
13937236ns          235447 1c00884e 70f577c3 fmadd.s          f15, f10, f15, f14  f15=xxxxxxxx f10:3ee950b3 f15:37c23ab1 f14:bab59551
13937256ns          235448 1c008852 1c000737 lui              x14, 0x1c000000     x14=1c000000
13937276ns          235449 1c008856 13872703 lw               x14, 312(x14)       x14=3d2aa76f x14:1c000000  PA:1c000138
13937594ns          235465 1c00885a 70f577c3 fmadd.s          f15, f10, f15, f14  f15=xxxxxxxx f10:3ee950b3 f15:bab43348 f14:3d2aa76f
13937614ns          235466 1c00885e 1c000737 lui              x14, 0x1c000000     x14=1c000000
13937634ns          235467 1c008862 13c72703 lw               x14, 316(x14)       x14=beffffe0 x14:1c000000  PA:1c00013c
13937952ns          235483 1c008866 70f577c3 fmadd.s          f15, f10, f15, f14  f15=xxxxxxxx f10:3ee950b3 f15:3d281681 f14:beffffe0
13937972ns          235484 1c00886a 1c000737 lui              x14, 0x1c000000     x14=1c000000
13937992ns          235485 1c00886e 16872703 lw               x14, 360(x14)       x14=3f7fffff x14:1c000000  PA:1c000168
13938310ns          235501 1c008872 70f57543 fmadd.s          f10, f10, f15, f14  f10=xxxxxxxx f10:3ee950b3 f15:bef66cc9 f14:3f7fffff
13938330ns          235502 1c008876 20a51553 fsgnjn.s         f10, f10, f10       f10=xxxxxxxx f10:3f47da53 f10:3f47da53
13938350ns          235503 1c00887a 00008067 jalr             x0, x1, 0            x1:1c0081de
13938410ns          235506 1c0081de 016a7a53 fadd.s           f20, f20, f22       f20=xxxxxxxx f20:408131e0 f22:3efd2311
13938429ns          235507 1c0081e2 10acf553 fmul.s           f10, f25, f10       f10=xxxxxxxx f25:3f800000 f10:bf47da53
13938449ns          235508 1c0081e6 a14a97d3 flt.s            x15, f21, f20       x15=00000000 f21:40c90fdb f20:40910411
13938469ns          235509 1c0081ea 00a4222b p.sw             x10, 4(x8!)          x8=10001d94 x10:bf47da53  x8:10001d90  PA:10001d90
13938489ns          235510 1c0081ee 00078363 beq              x15, x0, 6          x15:00000000
13938549ns          235513 1c0081f4 ff7412e3 bne              x8, x23, -28         x8:10001d94 x23:10001fc8
13938609ns          235516 1c0081d8 094c7553 fsub.s           f10, f24, f20       f10=xxxxxxxx f24:3fc90fdb f20:40910411
13938628ns          235517 1c0081dc 57c000ef jal              x1, 1404             x1=1c0081de
13938668ns          235519 1c008758 a0a527d3 feq.s            x15, f10, f10       x15=00000001 f10:c03d8034 f10:c03d8034
13938688ns          235520 1c00875c 0a078b63 beq              x15, x0, 182        x15:00000001
13938708ns          235521 1c00875e e00517d3 fclass.s         x15, f10            x15=00000002 f10:c03d8034
13938728ns          235522 1c008762 0817f793 andi             x15, x15, 129       x15=00000000 x15:00000002
13938748ns          235523 1c008766 0a079663 bne              x15, x0, 172        x15:00000000
13938768ns          235524 1c008768 00000793 addi             x15, x0, 0          x15=00000000
13938788ns          235525 1c00876c a0f517d3 flt.s            x15, f10, f15       x15=00000001 f10:c03d8034 f15:00000000
13938807ns          235526 1c008770 0a079663 bne              x15, x0, 172        x15:00000001
13938867ns          235529 1c00881c 1c0007b7 lui              x15, 0x1c000000     x15=1c000000
13938887ns          235530 1c008820 12c7a783 lw               x15, 300(x15)       x15=c0c90fdb x15:1c000000  PA:1c00012c
13939205ns          235546 1c008824 a0f517d3 flt.s            x15, f10, f15       x15=00000000 f10:c03d8034 f15:c0c90fdb
13939225ns          235547 1c008828 00078463 beq              x15, x0, 8          x15:00000000
13939285ns          235550 1c008830 20a51553 fsgnjn.s         f10, f10, f10       f10=xxxxxxxx f10:c03d8034 f10:c03d8034
13939305ns          235551 1c008834 f6bff06f jal              x0, -150           
13939364ns          235554 1c00879e 1c0007b7 lui              x15, 0x1c000000     x15=1c000000
13939384ns          235555 1c0087a2 01c7a783 lw               x15, 28(x15)        x15=3fc90fdb x15:1c000000  PA:1c00001c
13939703ns          235571 1c0087a6 a0f517d3 flt.s            x15, f10, f15       x15=00000000 f10:403d8034 f15:3fc90fdb
13939722ns          235572 1c0087aa 02079563 bne              x15, x0, 42         x15:00000000
13939742ns          235573 1c0087ac 1c0007b7 lui              x15, 0x1c000000     x15=1c000000
13939762ns          235574 1c0087b0 1007a783 lw               x15, 256(x15)       x15=40490fdb x15:1c000000  PA:1c000100
13940080ns          235590 1c0087b4 a0f51753 flt.s            x14, f10, f15       x14=00000001 f10:403d8034 f15:40490fdb
13940100ns          235591 1c0087b8 06071f63 bne              x14, x0, 126        x14:00000001
13940180ns          235595 1c008836 08a7f553 fsub.s           f10, f15, f10       f10=xxxxxxxx f15:40490fdb f10:403d8034
13940200ns          235596 1c00883a 10a57553 fmul.s           f10, f10, f10       f10=xxxxxxxx f10:3e38fa70 f10:3e38fa70
13940220ns          235597 1c00883e 1c0007b7 lui              x15, 0x1c000000     x15=1c000000
13940240ns          235598 1c008842 1c000737 lui              x14, 0x1c000000     x14=1c000000
13940259ns          235599 1c008846 13472703 lw               x14, 308(x14)       x14=bab59551 x14:1c000000  PA:1c000134
13940578ns          235615 1c00884a 1307a783 lw               x15, 304(x15)       x15=37c23ab1 x15:1c000000  PA:1c000130
13940896ns          235631 1c00884e 70f577c3 fmadd.s          f15, f10, f15, f14  f15=xxxxxxxx f10:3d05a8f6 f15:37c23ab1 f14:bab59551
13940916ns          235632 1c008852 1c000737 lui              x14, 0x1c000000     x14=1c000000
13940936ns          235633 1c008856 13872703 lw               x14, 312(x14)       x14=3d2aa76f x14:1c000000  PA:1c000138
13941254ns          235649 1c00885a 70f577c3 fmadd.s          f15, f10, f15, f14  f15=xxxxxxxx f10:3d05a8f6 f15:bab57bf7 f14:3d2aa76f
13941274ns          235650 1c00885e 1c000737 lui              x14, 0x1c000000     x14=1c000000
13941294ns          235651 1c008862 13c72703 lw               x14, 316(x14)       x14=beffffe0 x14:1c000000  PA:1c00013c
13941612ns          235667 1c008866 70f577c3 fmadd.s          f15, f10, f15, f14  f15=xxxxxxxx f10:3d05a8f6 f15:3d2a780e f14:beffffe0
13941632ns          235668 1c00886a 1c000737 lui              x14, 0x1c000000     x14=1c000000
13941652ns          235669 1c00886e 16872703 lw               x14, 360(x14)       x14=3f7fffff x14:1c000000  PA:1c000168
13942010ns          235687 1c008872 70f57543 fmadd.s          f10, f10, f15, f14  f10=xxxxxxxx f10:3d05a8f6 f15:beff4dde f14:3f7fffff
13942030ns          235688 1c008876 20a51553 fsgnjn.s         f10, f10, f10       f10=xxxxxxxx f10:3f7bd59f f10:3f7bd59f
13942050ns          235689 1c00887a 00008067 jalr             x0, x1, 0            x1:1c0081de
13942109ns          235692 1c0081de 016a7a53 fadd.s           f20, f20, f22       f20=xxxxxxxx f20:40910411 f22:3efd2311
13942129ns          235693 1c0081e2 10acf553 fmul.s           f10, f25, f10       f10=xxxxxxxx f25:3f800000 f10:bf7bd59f
13942149ns          235694 1c0081e6 a14a97d3 flt.s            x15, f21, f20       x15=00000000 f21:40c90fdb f20:40a0d642
13942169ns          235695 1c0081ea 00a4222b p.sw             x10, 4(x8!)          x8=10001d98 x10:bf7bd59f  x8:10001d94  PA:10001d94
13942189ns          235696 1c0081ee 00078363 beq              x15, x0, 6          x15:00000000
13942249ns          235699 1c0081f4 ff7412e3 bne              x8, x23, -28         x8:10001d98 x23:10001fc8
13942308ns          235702 1c0081d8 094c7553 fsub.s           f10, f24, f20       f10=xxxxxxxx f24:3fc90fdb f20:40a0d642
13942328ns          235703 1c0081dc 57c000ef jal              x1, 1404             x1=1c0081de
13942368ns          235705 1c008758 a0a527d3 feq.s            x15, f10, f10       x15=00000001 f10:c05d2496 f10:c05d2496
13942388ns          235706 1c00875c 0a078b63 beq              x15, x0, 182        x15:00000001
13942408ns          235707 1c00875e e00517d3 fclass.s         x15, f10            x15=00000002 f10:c05d2496
13942428ns          235708 1c008762 0817f793 andi             x15, x15, 129       x15=00000000 x15:00000002
13942447ns          235709 1c008766 0a079663 bne              x15, x0, 172        x15:00000000
13942467ns          235710 1c008768 00000793 addi             x15, x0, 0          x15=00000000
13942487ns          235711 1c00876c a0f517d3 flt.s            x15, f10, f15       x15=00000001 f10:c05d2496 f15:00000000
13942507ns          235712 1c008770 0a079663 bne              x15, x0, 172        x15:00000001
13942567ns          235715 1c00881c 1c0007b7 lui              x15, 0x1c000000     x15=1c000000
13942587ns          235716 1c008820 12c7a783 lw               x15, 300(x15)       x15=c0c90fdb x15:1c000000  PA:1c00012c
13942905ns          235732 1c008824 a0f517d3 flt.s            x15, f10, f15       x15=00000000 f10:c05d2496 f15:c0c90fdb
13942925ns          235733 1c008828 00078463 beq              x15, x0, 8          x15:00000000
13942984ns          235736 1c008830 20a51553 fsgnjn.s         f10, f10, f10       f10=xxxxxxxx f10:c05d2496 f10:c05d2496
13943004ns          235737 1c008834 f6bff06f jal              x0, -150           
13943064ns          235740 1c00879e 1c0007b7 lui              x15, 0x1c000000     x15=1c000000
13943084ns          235741 1c0087a2 01c7a783 lw               x15, 28(x15)        x15=3fc90fdb x15:1c000000  PA:1c00001c
13943402ns          235757 1c0087a6 a0f517d3 flt.s            x15, f10, f15       x15=00000000 f10:405d2496 f15:3fc90fdb
13943422ns          235758 1c0087aa 02079563 bne              x15, x0, 42         x15:00000000
13943442ns          235759 1c0087ac 1c0007b7 lui              x15, 0x1c000000     x15=1c000000
13943462ns          235760 1c0087b0 1007a783 lw               x15, 256(x15)       x15=40490fdb x15:1c000000  PA:1c000100
13943780ns          235776 1c0087b4 a0f51753 flt.s            x14, f10, f15       x14=00000000 f10:405d2496 f15:40490fdb
13943800ns          235777 1c0087b8 06071f63 bne              x14, x0, 126        x14:00000000
13943820ns          235778 1c0087ba 1c000737 lui              x14, 0x1c000000     x14=1c000000
13943840ns          235779 1c0087be 14072703 lw               x14, 320(x14)       x14=4096cbe4 x14:1c000000  PA:1c000140
13944158ns          235795 1c0087c2 a0e51753 flt.s            x14, f10, f14       x14=00000001 f10:405d2496 f14:4096cbe4
13944178ns          235796 1c0087c6 0a071b63 bne              x14, x0, 182        x14:00000001
13944238ns          235799 1c00887c 08f57553 fsub.s           f10, f10, f15       f10=xxxxxxxx f10:405d2496 f15:40490fdb
13944257ns          235800 1c008880 fbbff06f jal              x0, -70            
13944317ns          235803 1c00883a 10a57553 fmul.s           f10, f10, f10       f10=xxxxxxxx f10:3ea0a5d8 f10:3ea0a5d8
13944337ns          235804 1c00883e 1c0007b7 lui              x15, 0x1c000000     x15=1c000000
13944357ns          235805 1c008842 1c000737 lui              x14, 0x1c000000     x14=1c000000
13944377ns          235806 1c008846 13472703 lw               x14, 308(x14)       x14=bab59551 x14:1c000000  PA:1c000134
13944675ns          235821 1c00884a 1307a783 lw               x15, 304(x15)       x15=37c23ab1 x15:1c000000  PA:1c000130
13944993ns          235837 1c00884e 70f577c3 fmadd.s          f15, f10, f15, f14  f15=xxxxxxxx f10:3dc99f73 f15:37c23ab1 f14:bab59551
13945013ns          235838 1c008852 1c000737 lui              x14, 0x1c000000     x14=1c000000
13945033ns          235839 1c008856 13872703 lw               x14, 312(x14)       x14=3d2aa76f x14:1c000000  PA:1c000138
13945371ns          235856 1c00885a 70f577c3 fmadd.s          f15, f10, f15, f14  f15=xxxxxxxx f10:3dc99f73 f15:bab548d4 f14:3d2aa76f
13945391ns          235857 1c00885e 1c000737 lui              x14, 0x1c000000     x14=1c000000
13945411ns          235858 1c008862 13c72703 lw               x14, 316(x14)       x14=beffffe0 x14:1c000000  PA:1c00013c
13945749ns          235875 1c008866 70f577c3 fmadd.s          f15, f10, f15, f14  f15=xxxxxxxx f10:3dc99f73 f15:3d2a18a8 f14:beffffe0
13945769ns          235876 1c00886a 1c000737 lui              x14, 0x1c000000     x14=1c000000
13945789ns          235877 1c00886e 16872703 lw               x14, 360(x14)       x14=3f7fffff x14:1c000000  PA:1c000168
13946107ns          235893 1c008872 70f57543 fmadd.s          f10, f10, f15, f14  f10=xxxxxxxx f10:3dc99f73 f15:befde803 f14:3f7fffff
13946127ns          235894 1c008876 20a51553 fsgnjn.s         f10, f10, f10       f10=xxxxxxxx f10:3f73806a f10:3f73806a
13946147ns          235895 1c00887a 00008067 jalr             x0, x1, 0            x1:1c0081de
13946207ns          235898 1c0081de 016a7a53 fadd.s           f20, f20, f22       f20=xxxxxxxx f20:40a0d642 f22:3efd2311
13946227ns          235899 1c0081e2 10acf553 fmul.s           f10, f25, f10       f10=xxxxxxxx f25:3f800000 f10:bf73806a
13946247ns          235900 1c0081e6 a14a97d3 flt.s            x15, f21, f20       x15=00000000 f21:40c90fdb f20:40b0a873
13946266ns          235901 1c0081ea 00a4222b p.sw             x10, 4(x8!)          x8=10001d9c x10:bf73806a  x8:10001d98  PA:10001d98
13946286ns          235902 1c0081ee 00078363 beq              x15, x0, 6          x15:00000000
13946346ns          235905 1c0081f4 ff7412e3 bne              x8, x23, -28         x8:10001d9c x23:10001fc8
13946406ns          235908 1c0081d8 094c7553 fsub.s           f10, f24, f20       f10=xxxxxxxx f24:3fc90fdb f20:40b0a873
13946426ns          235909 1c0081dc 57c000ef jal              x1, 1404             x1=1c0081de
13946465ns          235911 1c008758 a0a527d3 feq.s            x15, f10, f10       x15=00000001 f10:c07cc8f8 f10:c07cc8f8
13946485ns          235912 1c00875c 0a078b63 beq              x15, x0, 182        x15:00000001
13946505ns          235913 1c00875e e00517d3 fclass.s         x15, f10            x15=00000002 f10:c07cc8f8
13946525ns          235914 1c008762 0817f793 andi             x15, x15, 129       x15=00000000 x15:00000002
13946545ns          235915 1c008766 0a079663 bne              x15, x0, 172        x15:00000000
13946565ns          235916 1c008768 00000793 addi             x15, x0, 0          x15=00000000
13946585ns          235917 1c00876c a0f517d3 flt.s            x15, f10, f15       x15=00000001 f10:c07cc8f8 f15:00000000
13946605ns          235918 1c008770 0a079663 bne              x15, x0, 172        x15:00000001
13946664ns          235921 1c00881c 1c0007b7 lui              x15, 0x1c000000     x15=1c000000
13946684ns          235922 1c008820 12c7a783 lw               x15, 300(x15)       x15=c0c90fdb x15:1c000000  PA:1c00012c
13947022ns          235939 1c008824 a0f517d3 flt.s            x15, f10, f15       x15=00000000 f10:c07cc8f8 f15:c0c90fdb
13947042ns          235940 1c008828 00078463 beq              x15, x0, 8          x15:00000000
13947102ns          235943 1c008830 20a51553 fsgnjn.s         f10, f10, f10       f10=xxxxxxxx f10:c07cc8f8 f10:c07cc8f8
13947122ns          235944 1c008834 f6bff06f jal              x0, -150           
13947181ns          235947 1c00879e 1c0007b7 lui              x15, 0x1c000000     x15=1c000000
13947201ns          235948 1c0087a2 01c7a783 lw               x15, 28(x15)        x15=3fc90fdb x15:1c000000  PA:1c00001c
13947520ns          235964 1c0087a6 a0f517d3 flt.s            x15, f10, f15       x15=00000000 f10:407cc8f8 f15:3fc90fdb
13947539ns          235965 1c0087aa 02079563 bne              x15, x0, 42         x15:00000000
13947559ns          235966 1c0087ac 1c0007b7 lui              x15, 0x1c000000     x15=1c000000
13947579ns          235967 1c0087b0 1007a783 lw               x15, 256(x15)       x15=40490fdb x15:1c000000  PA:1c000100
13947897ns          235983 1c0087b4 a0f51753 flt.s            x14, f10, f15       x14=00000000 f10:407cc8f8 f15:40490fdb
13947917ns          235984 1c0087b8 06071f63 bne              x14, x0, 126        x14:00000000
13947937ns          235985 1c0087ba 1c000737 lui              x14, 0x1c000000     x14=1c000000
13947957ns          235986 1c0087be 14072703 lw               x14, 320(x14)       x14=4096cbe4 x14:1c000000  PA:1c000140
13948355ns          236006 1c0087c2 a0e51753 flt.s            x14, f10, f14       x14=00000001 f10:407cc8f8 f14:4096cbe4
13948375ns          236007 1c0087c6 0a071b63 bne              x14, x0, 182        x14:00000001
13948435ns          236010 1c00887c 08f57553 fsub.s           f10, f10, f15       f10=xxxxxxxx f10:407cc8f8 f15:40490fdb
13948454ns          236011 1c008880 fbbff06f jal              x0, -70            
13948514ns          236014 1c00883a 10a57553 fmul.s           f10, f10, f10       f10=xxxxxxxx f10:3f4ee474 f10:3f4ee474
13948534ns          236015 1c00883e 1c0007b7 lui              x15, 0x1c000000     x15=1c000000
13948554ns          236016 1c008842 1c000737 lui              x14, 0x1c000000     x14=1c000000
13948574ns          236017 1c008846 13472703 lw               x14, 308(x14)       x14=bab59551 x14:1c000000  PA:1c000134
13948892ns          236033 1c00884a 1307a783 lw               x15, 304(x15)       x15=37c23ab1 x15:1c000000  PA:1c000130
13949210ns          236049 1c00884e 70f577c3 fmadd.s          f15, f10, f15, f14  f15=xxxxxxxx f10:3f273477 f15:37c23ab1 f14:bab59551
13949230ns          236050 1c008852 1c000737 lui              x14, 0x1c000000     x14=1c000000
13949250ns          236051 1c008856 13872703 lw               x14, 312(x14)       x14=3d2aa76f x14:1c000000  PA:1c000138
13949568ns          236067 1c00885a 70f577c3 fmadd.s          f15, f10, f15, f14  f15=xxxxxxxx f10:3f273477 f15:bab399e1 f14:3d2aa76f
13949588ns          236068 1c00885e 1c000737 lui              x14, 0x1c000000     x14=1c000000
13949608ns          236069 1c008862 13c72703 lw               x14, 316(x14)       x14=beffffe0 x14:1c000000  PA:1c00013c
13949926ns          236085 1c008866 70f577c3 fmadd.s          f15, f10, f15, f14  f15=xxxxxxxx f10:3f273477 f15:3d26fcfd f14:beffffe0
13949946ns          236086 1c00886a 1c000737 lui              x14, 0x1c000000     x14=1c000000
13949966ns          236087 1c00886e 16872703 lw               x14, 360(x14)       x14=3f7fffff x14:1c000000  PA:1c000168
13950284ns          236103 1c008872 70f57543 fmadd.s          f10, f10, f15, f14  f10=xxxxxxxx f10:3f273477 f15:bef25db8 f14:3f7fffff
13950304ns          236104 1c008876 20a51553 fsgnjn.s         f10, f10, f10       f10=xxxxxxxx f10:3f30d998 f10:3f30d998
13950324ns          236105 1c00887a 00008067 jalr             x0, x1, 0            x1:1c0081de
13950384ns          236108 1c0081de 016a7a53 fadd.s           f20, f20, f22       f20=xxxxxxxx f20:40b0a873 f22:3efd2311
13950404ns          236109 1c0081e2 10acf553 fmul.s           f10, f25, f10       f10=xxxxxxxx f25:3f800000 f10:bf30d998
13950424ns          236110 1c0081e6 a14a97d3 flt.s            x15, f21, f20       x15=00000000 f21:40c90fdb f20:40c07aa4
13950444ns          236111 1c0081ea 00a4222b p.sw             x10, 4(x8!)          x8=10001da0 x10:bf30d998  x8:10001d9c  PA:10001d9c
13950463ns          236112 1c0081ee 00078363 beq              x15, x0, 6          x15:00000000
13950523ns          236115 1c0081f4 ff7412e3 bne              x8, x23, -28         x8:10001da0 x23:10001fc8
13950583ns          236118 1c0081d8 094c7553 fsub.s           f10, f24, f20       f10=xxxxxxxx f24:3fc90fdb f20:40c07aa4
13950603ns          236119 1c0081dc 57c000ef jal              x1, 1404             x1=1c0081de
13950642ns          236121 1c008758 a0a527d3 feq.s            x15, f10, f10       x15=00000001 f10:c08e36ad f10:c08e36ad
13950662ns          236122 1c00875c 0a078b63 beq              x15, x0, 182        x15:00000001
13950682ns          236123 1c00875e e00517d3 fclass.s         x15, f10            x15=00000002 f10:c08e36ad
13950702ns          236124 1c008762 0817f793 andi             x15, x15, 129       x15=00000000 x15:00000002
13950722ns          236125 1c008766 0a079663 bne              x15, x0, 172        x15:00000000
13950742ns          236126 1c008768 00000793 addi             x15, x0, 0          x15=00000000
13950762ns          236127 1c00876c a0f517d3 flt.s            x15, f10, f15       x15=00000001 f10:c08e36ad f15:00000000
13950782ns          236128 1c008770 0a079663 bne              x15, x0, 172        x15:00000001
13950841ns          236131 1c00881c 1c0007b7 lui              x15, 0x1c000000     x15=1c000000
13950861ns          236132 1c008820 12c7a783 lw               x15, 300(x15)       x15=c0c90fdb x15:1c000000  PA:1c00012c
13951199ns          236149 1c008824 a0f517d3 flt.s            x15, f10, f15       x15=00000000 f10:c08e36ad f15:c0c90fdb
13951219ns          236150 1c008828 00078463 beq              x15, x0, 8          x15:00000000
13951279ns          236153 1c008830 20a51553 fsgnjn.s         f10, f10, f10       f10=xxxxxxxx f10:c08e36ad f10:c08e36ad
13951299ns          236154 1c008834 f6bff06f jal              x0, -150           
13951358ns          236157 1c00879e 1c0007b7 lui              x15, 0x1c000000     x15=1c000000
13951378ns          236158 1c0087a2 01c7a783 lw               x15, 28(x15)        x15=3fc90fdb x15:1c000000  PA:1c00001c
13951717ns          236175 1c0087a6 a0f517d3 flt.s            x15, f10, f15       x15=00000000 f10:408e36ad f15:3fc90fdb
13951736ns          236176 1c0087aa 02079563 bne              x15, x0, 42         x15:00000000
13951756ns          236177 1c0087ac 1c0007b7 lui              x15, 0x1c000000     x15=1c000000
13951776ns          236178 1c0087b0 1007a783 lw               x15, 256(x15)       x15=40490fdb x15:1c000000  PA:1c000100
13952094ns          236194 1c0087b4 a0f51753 flt.s            x14, f10, f15       x14=00000000 f10:408e36ad f15:40490fdb
13952114ns          236195 1c0087b8 06071f63 bne              x14, x0, 126        x14:00000000
13952134ns          236196 1c0087ba 1c000737 lui              x14, 0x1c000000     x14=1c000000
13952154ns          236197 1c0087be 14072703 lw               x14, 320(x14)       x14=4096cbe4 x14:1c000000  PA:1c000140
13952532ns          236216 1c0087c2 a0e51753 flt.s            x14, f10, f14       x14=00000001 f10:408e36ad f14:4096cbe4
13952552ns          236217 1c0087c6 0a071b63 bne              x14, x0, 182        x14:00000001
13952612ns          236220 1c00887c 08f57553 fsub.s           f10, f10, f15       f10=xxxxxxxx f10:408e36ad f15:40490fdb
13952631ns          236221 1c008880 fbbff06f jal              x0, -70            
13952691ns          236224 1c00883a 10a57553 fmul.s           f10, f10, f10       f10=xxxxxxxx f10:3fa6bafe f10:3fa6bafe
13952711ns          236225 1c00883e 1c0007b7 lui              x15, 0x1c000000     x15=1c000000
13952731ns          236226 1c008842 1c000737 lui              x14, 0x1c000000     x14=1c000000
13952751ns          236227 1c008846 13472703 lw               x14, 308(x14)       x14=bab59551 x14:1c000000  PA:1c000134
13953049ns          236242 1c00884a 1307a783 lw               x15, 304(x15)       x15=37c23ab1 x15:1c000000  PA:1c000130
13953367ns          236258 1c00884e 70f577c3 fmadd.s          f15, f10, f15, f14  f15=xxxxxxxx f10:3fd92e14 f15:37c23ab1 f14:bab59551
13953387ns          236259 1c008852 1c000737 lui              x14, 0x1c000000     x14=1c000000
13953407ns          236260 1c008856 13872703 lw               x14, 312(x14)       x14=3d2aa76f x14:1c000000  PA:1c000138
13953745ns          236277 1c00885a 70f577c3 fmadd.s          f15, f10, f15, f14  f15=xxxxxxxx f10:3fd92e14 f15:bab06f1b f14:3d2aa76f
13953765ns          236278 1c00885e 1c000737 lui              x14, 0x1c000000     x14=1c000000
13953785ns          236279 1c008862 13c72703 lw               x14, 316(x14)       x14=beffffe0 x14:1c000000  PA:1c00013c
13954123ns          236296 1c008866 70f577c3 fmadd.s          f15, f10, f15, f14  f15=xxxxxxxx f10:3fd92e14 f15:3d214c90 f14:beffffe0
13954143ns          236297 1c00886a 1c000737 lui              x14, 0x1c000000     x14=1c000000
13954163ns          236298 1c00886e 16872703 lw               x14, 360(x14)       x14=3f7fffff x14:1c000000  PA:1c000168
13954521ns          236316 1c008872 70f57543 fmadd.s          f10, f10, f15, f14  f10=xxxxxxxx f10:3fd92e14 f15:beddca24 f14:3f7fffff
13954541ns          236317 1c008876 20a51553 fsgnjn.s         f10, f10, f10       f10=xxxxxxxx f10:3e87af76 f10:3e87af76
13954561ns          236318 1c00887a 00008067 jalr             x0, x1, 0            x1:1c0081de
13954621ns          236321 1c0081de 016a7a53 fadd.s           f20, f20, f22       f20=xxxxxxxx f20:40c07aa4 f22:3efd2311
13954640ns          236322 1c0081e2 10acf553 fmul.s           f10, f25, f10       f10=xxxxxxxx f25:3f800000 f10:be87af76
13954660ns          236323 1c0081e6 a14a97d3 flt.s            x15, f21, f20       x15=00000001 f21:40c90fdb f20:40d04cd5
13954680ns          236324 1c0081ea 00a4222b p.sw             x10, 4(x8!)          x8=10001da4 x10:be87af76  x8:10001da0  PA:10001da0
13954700ns          236325 1c0081ee 00078363 beq              x15, x0, 6          x15:00000001
13954720ns          236326 1c0081f0 095a7a53 fsub.s           f20, f20, f21       f20=xxxxxxxx f20:40d04cd5 f21:40c90fdb
13954740ns          236327 1c0081f4 ff7412e3 bne              x8, x23, -28         x8:10001da4 x23:10001fc8
13954800ns          236330 1c0081d8 094c7553 fsub.s           f10, f24, f20       f10=xxxxxxxx f24:3fc90fdb f20:3e679f40
13954819ns          236331 1c0081dc 57c000ef jal              x1, 1404             x1=1c0081de
13954859ns          236333 1c008758 a0a527d3 feq.s            x15, f10, f10       x15=00000001 f10:3fac1bf3 f10:3fac1bf3
13954879ns          236334 1c00875c 0a078b63 beq              x15, x0, 182        x15:00000001
13954899ns          236335 1c00875e e00517d3 fclass.s         x15, f10            x15=00000040 f10:3fac1bf3
13954919ns          236336 1c008762 0817f793 andi             x15, x15, 129       x15=00000000 x15:00000040
13954939ns          236337 1c008766 0a079663 bne              x15, x0, 172        x15:00000000
13954959ns          236338 1c008768 00000793 addi             x15, x0, 0          x15=00000000
13954979ns          236339 1c00876c a0f517d3 flt.s            x15, f10, f15       x15=00000000 f10:3fac1bf3 f15:00000000
13954998ns          236340 1c008770 0a079663 bne              x15, x0, 172        x15:00000000
13955018ns          236341 1c008772 1c000737 lui              x14, 0x1c000000     x14=1c000000
13955038ns          236342 1c008776 02072783 lw               x15, 32(x14)        x15=40c90fdb x14:1c000000  PA:1c000020
13955357ns          236358 1c00877a a0a797d3 flt.s            x15, f15, f10       x15=00000000 f15:40c90fdb f10:3fac1bf3
13955376ns          236359 1c00877e 00078b63 beq              x15, x0, 22         x15:00000000
13955436ns          236362 1c008794 00000793 addi             x15, x0, 0          x15=00000000
13955456ns          236363 1c008798 a0f517d3 flt.s            x15, f10, f15       x15=00000000 f10:3fac1bf3 f15:00000000
13955476ns          236364 1c00879c 08079a63 bne              x15, x0, 148        x15:00000000
13955496ns          236365 1c00879e 1c0007b7 lui              x15, 0x1c000000     x15=1c000000
13955516ns          236366 1c0087a2 01c7a783 lw               x15, 28(x15)        x15=3fc90fdb x15:1c000000  PA:1c00001c
13955834ns          236382 1c0087a6 a0f517d3 flt.s            x15, f10, f15       x15=00000001 f10:3fac1bf3 f15:3fc90fdb
13955854ns          236383 1c0087aa 02079563 bne              x15, x0, 42         x15:00000001
13955913ns          236386 1c0087d4 10a57553 fmul.s           f10, f10, f10       f10=xxxxxxxx f10:3fac1bf3 f10:3fac1bf3
13955933ns          236387 1c0087d8 1c0007b7 lui              x15, 0x1c000000     x15=1c000000
13955953ns          236388 1c0087dc 1c000737 lui              x14, 0x1c000000     x14=1c000000
13955973ns          236389 1c0087e0 13472703 lw               x14, 308(x14)       x14=bab59551 x14:1c000000  PA:1c000134
13956291ns          236405 1c0087e4 1307a783 lw               x15, 304(x15)       x15=37c23ab1 x15:1c000000  PA:1c000130
13956610ns          236421 1c0087e8 70f577c3 fmadd.s          f15, f10, f15, f14  f15=xxxxxxxx f10:3fe76b23 f15:37c23ab1 f14:bab59551
13956630ns          236422 1c0087ec 1c000737 lui              x14, 0x1c000000     x14=1c000000
13956649ns          236423 1c0087f0 13872703 lw               x14, 312(x14)       x14=3d2aa76f x14:1c000000  PA:1c000138
13956988ns          236440 1c0087f4 70f577c3 fmadd.s          f15, f10, f15, f14  f15=xxxxxxxx f10:3fe76b23 f15:bab018af f14:3d2aa76f
13957007ns          236441 1c0087f8 1c000737 lui              x14, 0x1c000000     x14=1c000000
13957027ns          236442 1c0087fc 13c72703 lw               x14, 316(x14)       x14=beffffe0 x14:1c000000  PA:1c00013c
13957346ns          236458 1c008800 70f577c3 fmadd.s          f15, f10, f15, f14  f15=xxxxxxxx f10:3fe76b23 f15:3d20b46f f14:beffffe0
13957365ns          236459 1c008804 1c000737 lui              x14, 0x1c000000     x14=1c000000
13957385ns          236460 1c008808 16872703 lw               x14, 360(x14)       x14=3f7fffff x14:1c000000  PA:1c000168
13957724ns          236477 1c00880c 70f57543 fmadd.s          f10, f10, f15, f14  f10=xxxxxxxx f10:3fe76b23 f15:bedbae5c f14:3f7fffff
13957743ns          236478 1c008810 00008067 jalr             x0, x1, 0            x1:1c0081de
13957803ns          236481 1c0081de 016a7a53 fadd.s           f20, f20, f22       f20=xxxxxxxx f20:3e679f40 f22:3efd2311
13957823ns          236482 1c0081e2 10acf553 fmul.s           f10, f25, f10       f10=xxxxxxxx f25:3f800000 f10:3e65a6e8
13957843ns          236483 1c0081e6 a14a97d3 flt.s            x15, f21, f20       x15=00000000 f21:40c90fdb f20:3f387958
13957863ns          236484 1c0081ea 00a4222b p.sw             x10, 4(x8!)          x8=10001da8 x10:3e65a6e8  x8:10001da4  PA:10001da4
13957883ns          236485 1c0081ee 00078363 beq              x15, x0, 6          x15:00000000
13957942ns          236488 1c0081f4 ff7412e3 bne              x8, x23, -28         x8:10001da8 x23:10001fc8
13958002ns          236491 1c0081d8 094c7553 fsub.s           f10, f24, f20       f10=xxxxxxxx f24:3fc90fdb f20:3f387958
13958022ns          236492 1c0081dc 57c000ef jal              x1, 1404             x1=1c0081de
13958062ns          236494 1c008758 a0a527d3 feq.s            x15, f10, f10       x15=00000001 f10:3f59a65e f10:3f59a65e
13958082ns          236495 1c00875c 0a078b63 beq              x15, x0, 182        x15:00000001
13958101ns          236496 1c00875e e00517d3 fclass.s         x15, f10            x15=00000040 f10:3f59a65e
13958121ns          236497 1c008762 0817f793 andi             x15, x15, 129       x15=00000000 x15:00000040
13958141ns          236498 1c008766 0a079663 bne              x15, x0, 172        x15:00000000
13958161ns          236499 1c008768 00000793 addi             x15, x0, 0          x15=00000000
13958181ns          236500 1c00876c a0f517d3 flt.s            x15, f10, f15       x15=00000000 f10:3f59a65e f15:00000000
13958201ns          236501 1c008770 0a079663 bne              x15, x0, 172        x15:00000000
13958221ns          236502 1c008772 1c000737 lui              x14, 0x1c000000     x14=1c000000
13958241ns          236503 1c008776 02072783 lw               x15, 32(x14)        x15=40c90fdb x14:1c000000  PA:1c000020
13958559ns          236519 1c00877a a0a797d3 flt.s            x15, f15, f10       x15=00000000 f15:40c90fdb f10:3f59a65e
13958579ns          236520 1c00877e 00078b63 beq              x15, x0, 22         x15:00000000
13958639ns          236523 1c008794 00000793 addi             x15, x0, 0          x15=00000000
13958658ns          236524 1c008798 a0f517d3 flt.s            x15, f10, f15       x15=00000000 f10:3f59a65e f15:00000000
13958678ns          236525 1c00879c 08079a63 bne              x15, x0, 148        x15:00000000
13958698ns          236526 1c00879e 1c0007b7 lui              x15, 0x1c000000     x15=1c000000
13958718ns          236527 1c0087a2 01c7a783 lw               x15, 28(x15)        x15=3fc90fdb x15:1c000000  PA:1c00001c
13959116ns          236547 1c0087a6 a0f517d3 flt.s            x15, f10, f15       x15=00000001 f10:3f59a65e f15:3fc90fdb
13959136ns          236548 1c0087aa 02079563 bne              x15, x0, 42         x15:00000001
13959195ns          236551 1c0087d4 10a57553 fmul.s           f10, f10, f10       f10=xxxxxxxx f10:3f59a65e f10:3f59a65e
13959215ns          236552 1c0087d8 1c0007b7 lui              x15, 0x1c000000     x15=1c000000
13959235ns          236553 1c0087dc 1c000737 lui              x14, 0x1c000000     x14=1c000000
13959255ns          236554 1c0087e0 13472703 lw               x14, 308(x14)       x14=bab59551 x14:1c000000  PA:1c000134
13959553ns          236569 1c0087e4 1307a783 lw               x15, 304(x15)       x15=37c23ab1 x15:1c000000  PA:1c000130
13959872ns          236585 1c0087e8 70f577c3 fmadd.s          f15, f10, f15, f14  f15=xxxxxxxx f10:3f390b77 f15:37c23ab1 f14:bab59551
13959892ns          236586 1c0087ec 1c000737 lui              x14, 0x1c000000     x14=1c000000
13959912ns          236587 1c0087f0 13872703 lw               x14, 312(x14)       x14=3d2aa76f x14:1c000000  PA:1c000138
13960230ns          236603 1c0087f4 70f577c3 fmadd.s          f15, f10, f15, f14  f15=xxxxxxxx f10:3f390b77 f15:bab363bd f14:3d2aa76f
13960250ns          236604 1c0087f8 1c000737 lui              x14, 0x1c000000     x14=1c000000
13960270ns          236605 1c0087fc 13c72703 lw               x14, 316(x14)       x14=beffffe0 x14:1c000000  PA:1c00013c
13960588ns          236621 1c008800 70f577c3 fmadd.s          f15, f10, f15, f14  f15=xxxxxxxx f10:3f390b77 f15:3d269a16 f14:beffffe0
13960608ns          236622 1c008804 1c000737 lui              x14, 0x1c000000     x14=1c000000
13960628ns          236623 1c008808 16872703 lw               x14, 360(x14)       x14=3f7fffff x14:1c000000  PA:1c000168
13960946ns          236639 1c00880c 70f57543 fmadd.s          f10, f10, f15, f14  f10=xxxxxxxx f10:3f390b77 f15:bef0f246 f14:3f7fffff
13960966ns          236640 1c008810 00008067 jalr             x0, x1, 0            x1:1c0081de
13961025ns          236643 1c0081de 016a7a53 fadd.s           f20, f20, f22       f20=xxxxxxxx f20:3f387958 f22:3efd2311
13961045ns          236644 1c0081e2 10acf553 fmul.s           f10, f25, f10       f10=xxxxxxxx f25:3f800000 f10:3f28eb10
13961065ns          236645 1c0081e6 a14a97d3 flt.s            x15, f21, f20       x15=00000000 f21:40c90fdb f20:3f9b8570
13961085ns          236646 1c0081ea 00a4222b p.sw             x10, 4(x8!)          x8=10001dac x10:3f28eb10  x8:10001da8  PA:10001da8
13961105ns          236647 1c0081ee 00078363 beq              x15, x0, 6          x15:00000000
13961165ns          236650 1c0081f4 ff7412e3 bne              x8, x23, -28         x8:10001dac x23:10001fc8
13961224ns          236653 1c0081d8 094c7553 fsub.s           f10, f24, f20       f10=xxxxxxxx f24:3fc90fdb f20:3f9b8570
13961244ns          236654 1c0081dc 57c000ef jal              x1, 1404             x1=1c0081de
13961284ns          236656 1c008758 a0a527d3 feq.s            x15, f10, f10       x15=00000001 f10:3eb629ac f10:3eb629ac
13961304ns          236657 1c00875c 0a078b63 beq              x15, x0, 182        x15:00000001
13961324ns          236658 1c00875e e00517d3 fclass.s         x15, f10            x15=00000040 f10:3eb629ac
13961344ns          236659 1c008762 0817f793 andi             x15, x15, 129       x15=00000000 x15:00000040
13961364ns          236660 1c008766 0a079663 bne              x15, x0, 172        x15:00000000
13961383ns          236661 1c008768 00000793 addi             x15, x0, 0          x15=00000000
13961403ns          236662 1c00876c a0f517d3 flt.s            x15, f10, f15       x15=00000000 f10:3eb629ac f15:00000000
13961423ns          236663 1c008770 0a079663 bne              x15, x0, 172        x15:00000000
13961443ns          236664 1c008772 1c000737 lui              x14, 0x1c000000     x14=1c000000
13961463ns          236665 1c008776 02072783 lw               x15, 32(x14)        x15=40c90fdb x14:1c000000  PA:1c000020
13961781ns          236681 1c00877a a0a797d3 flt.s            x15, f15, f10       x15=00000000 f15:40c90fdb f10:3eb629ac
13961801ns          236682 1c00877e 00078b63 beq              x15, x0, 22         x15:00000000
13961861ns          236685 1c008794 00000793 addi             x15, x0, 0          x15=00000000
13961881ns          236686 1c008798 a0f517d3 flt.s            x15, f10, f15       x15=00000000 f10:3eb629ac f15:00000000
13961901ns          236687 1c00879c 08079a63 bne              x15, x0, 148        x15:00000000
13961920ns          236688 1c00879e 1c0007b7 lui              x15, 0x1c000000     x15=1c000000
13961940ns          236689 1c0087a2 01c7a783 lw               x15, 28(x15)        x15=3fc90fdb x15:1c000000  PA:1c00001c
13962259ns          236705 1c0087a6 a0f517d3 flt.s            x15, f10, f15       x15=00000001 f10:3eb629ac f15:3fc90fdb
13962279ns          236706 1c0087aa 02079563 bne              x15, x0, 42         x15:00000001
13962338ns          236709 1c0087d4 10a57553 fmul.s           f10, f10, f10       f10=xxxxxxxx f10:3eb629ac f10:3eb629ac
13962358ns          236710 1c0087d8 1c0007b7 lui              x15, 0x1c000000     x15=1c000000
13962378ns          236711 1c0087dc 1c000737 lui              x14, 0x1c000000     x14=1c000000
13962398ns          236712 1c0087e0 13472703 lw               x14, 308(x14)       x14=bab59551 x14:1c000000  PA:1c000134
13962736ns          236729 1c0087e4 1307a783 lw               x15, 304(x15)       x15=37c23ab1 x15:1c000000  PA:1c000130
13963074ns          236746 1c0087e8 70f577c3 fmadd.s          f15, f10, f15, f14  f15=xxxxxxxx f10:3e019f47 f15:37c23ab1 f14:bab59551
13963094ns          236747 1c0087ec 1c000737 lui              x14, 0x1c000000     x14=1c000000
13963114ns          236748 1c0087f0 13872703 lw               x14, 312(x14)       x14=3d2aa76f x14:1c000000  PA:1c000138
13963472ns          236766 1c0087f4 70f577c3 fmadd.s          f15, f10, f15, f14  f15=xxxxxxxx f10:3e019f47 f15:bab532f9 f14:3d2aa76f
13963492ns          236767 1c0087f8 1c000737 lui              x14, 0x1c000000     x14=1c000000
13963512ns          236768 1c0087fc 13c72703 lw               x14, 316(x14)       x14=beffffe0 x14:1c000000  PA:1c00013c
13963830ns          236784 1c008800 70f577c3 fmadd.s          f15, f10, f15, f14  f15=xxxxxxxx f10:3e019f47 f15:3d29eff0 f14:beffffe0
13963850ns          236785 1c008804 1c000737 lui              x14, 0x1c000000     x14=1c000000
13963870ns          236786 1c008808 16872703 lw               x14, 360(x14)       x14=3f7fffff x14:1c000000  PA:1c000168
13964188ns          236802 1c00880c 70f57543 fmadd.s          f10, f10, f15, f14  f10=xxxxxxxx f10:3e019f47 f15:befd4f83 f14:3f7fffff
13964208ns          236803 1c008810 00008067 jalr             x0, x1, 0            x1:1c0081de
13964268ns          236806 1c0081de 016a7a53 fadd.s           f20, f20, f22       f20=xxxxxxxx f20:3f9b8570 f22:3efd2311
13964287ns          236807 1c0081e2 10acf553 fmul.s           f10, f25, f10       f10=xxxxxxxx f25:3f800000 f10:3f6ff7aa
13964307ns          236808 1c0081e6 a14a97d3 flt.s            x15, f21, f20       x15=00000000 f21:40c90fdb f20:3fdace34
13964327ns          236809 1c0081ea 00a4222b p.sw             x10, 4(x8!)          x8=10001db0 x10:3f6ff7aa  x8:10001dac  PA:10001dac
13964347ns          236810 1c0081ee 00078363 beq              x15, x0, 6          x15:00000000
13964407ns          236813 1c0081f4 ff7412e3 bne              x8, x23, -28         x8:10001db0 x23:10001fc8
13964466ns          236816 1c0081d8 094c7553 fsub.s           f10, f24, f20       f10=xxxxxxxx f24:3fc90fdb f20:3fdace34
13964486ns          236817 1c0081dc 57c000ef jal              x1, 1404             x1=1c0081de
13964526ns          236819 1c008758 a0a527d3 feq.s            x15, f10, f10       x15=00000001 f10:be0df2c8 f10:be0df2c8
13964546ns          236820 1c00875c 0a078b63 beq              x15, x0, 182        x15:00000001
13964566ns          236821 1c00875e e00517d3 fclass.s         x15, f10            x15=00000002 f10:be0df2c8
13964586ns          236822 1c008762 0817f793 andi             x15, x15, 129       x15=00000000 x15:00000002
13964606ns          236823 1c008766 0a079663 bne              x15, x0, 172        x15:00000000
13964626ns          236824 1c008768 00000793 addi             x15, x0, 0          x15=00000000
13964646ns          236825 1c00876c a0f517d3 flt.s            x15, f10, f15       x15=00000001 f10:be0df2c8 f15:00000000
13964665ns          236826 1c008770 0a079663 bne              x15, x0, 172        x15:00000001
13964725ns          236829 1c00881c 1c0007b7 lui              x15, 0x1c000000     x15=1c000000
13964745ns          236830 1c008820 12c7a783 lw               x15, 300(x15)       x15=c0c90fdb x15:1c000000  PA:1c00012c
13965063ns          236846 1c008824 a0f517d3 flt.s            x15, f10, f15       x15=00000000 f10:be0df2c8 f15:c0c90fdb
13965083ns          236847 1c008828 00078463 beq              x15, x0, 8          x15:00000000
13965143ns          236850 1c008830 20a51553 fsgnjn.s         f10, f10, f10       f10=xxxxxxxx f10:be0df2c8 f10:be0df2c8
13965163ns          236851 1c008834 f6bff06f jal              x0, -150           
13965222ns          236854 1c00879e 1c0007b7 lui              x15, 0x1c000000     x15=1c000000
13965242ns          236855 1c0087a2 01c7a783 lw               x15, 28(x15)        x15=3fc90fdb x15:1c000000  PA:1c00001c
13965560ns          236871 1c0087a6 a0f517d3 flt.s            x15, f10, f15       x15=00000001 f10:3e0df2c8 f15:3fc90fdb
13965580ns          236872 1c0087aa 02079563 bne              x15, x0, 42         x15:00000001
13965640ns          236875 1c0087d4 10a57553 fmul.s           f10, f10, f10       f10=xxxxxxxx f10:3e0df2c8 f10:3e0df2c8
13965660ns          236876 1c0087d8 1c0007b7 lui              x15, 0x1c000000     x15=1c000000
13965680ns          236877 1c0087dc 1c000737 lui              x14, 0x1c000000     x14=1c000000
13965700ns          236878 1c0087e0 13472703 lw               x14, 308(x14)       x14=bab59551 x14:1c000000  PA:1c000134
13965998ns          236893 1c0087e4 1307a783 lw               x15, 304(x15)       x15=37c23ab1 x15:1c000000  PA:1c000130
13966316ns          236909 1c0087e8 70f577c3 fmadd.s          f15, f10, f15, f14  f15=xxxxxxxx f10:3c9d6aad f15:37c23ab1 f14:bab59551
13966336ns          236910 1c0087ec 1c000737 lui              x14, 0x1c000000     x14=1c000000
13966356ns          236911 1c0087f0 13872703 lw               x14, 312(x14)       x14=3d2aa76f x14:1c000000  PA:1c000138
13966674ns          236927 1c0087f4 70f577c3 fmadd.s          f15, f10, f15, f14  f15=xxxxxxxx f10:3c9d6aad f15:bab58663 f14:3d2aa76f
13966694ns          236928 1c0087f8 1c000737 lui              x14, 0x1c000000     x14=1c000000
13966714ns          236929 1c0087fc 13c72703 lw               x14, 316(x14)       x14=beffffe0 x14:1c000000  PA:1c00013c
13967072ns          236947 1c008800 70f577c3 fmadd.s          f15, f10, f15, f14  f15=xxxxxxxx f10:3c9d6aad f15:3d2a8b87 f14:beffffe0
13967092ns          236948 1c008804 1c000737 lui              x14, 0x1c000000     x14=1c000000
13967112ns          236949 1c008808 16872703 lw               x14, 360(x14)       x14=3f7fffff x14:1c000000  PA:1c000168
13967430ns          236965 1c00880c 70f57543 fmadd.s          f10, f10, f15, f14  f10=xxxxxxxx f10:3c9d6aad f15:beff9701 f14:3f7fffff
13967450ns          236966 1c008810 00008067 jalr             x0, x1, 0            x1:1c0081de
13967510ns          236969 1c0081de 016a7a53 fadd.s           f20, f20, f22       f20=xxxxxxxx f20:3fdace34 f22:3efd2311
13967530ns          236970 1c0081e2 10acf553 fmul.s           f10, f25, f10       f10=xxxxxxxx f25:3f800000 f10:3f7d8b57
13967550ns          236971 1c0081e6 a14a97d3 flt.s            x15, f21, f20       x15=00000000 f21:40c90fdb f20:400d0b7c
13967569ns          236972 1c0081ea 00a4222b p.sw             x10, 4(x8!)          x8=10001db4 x10:3f7d8b57  x8:10001db0  PA:10001db0
13967589ns          236973 1c0081ee 00078363 beq              x15, x0, 6          x15:00000000
13967649ns          236976 1c0081f4 ff7412e3 bne              x8, x23, -28         x8:10001db4 x23:10001fc8
13967709ns          236979 1c0081d8 094c7553 fsub.s           f10, f24, f20       f10=xxxxxxxx f24:3fc90fdb f20:400d0b7c
13967729ns          236980 1c0081dc 57c000ef jal              x1, 1404             x1=1c0081de
13967768ns          236982 1c008758 a0a527d3 feq.s            x15, f10, f10       x15=00000001 f10:bf220e3a f10:bf220e3a
13967788ns          236983 1c00875c 0a078b63 beq              x15, x0, 182        x15:00000001
13967808ns          236984 1c00875e e00517d3 fclass.s         x15, f10            x15=00000002 f10:bf220e3a
13967828ns          236985 1c008762 0817f793 andi             x15, x15, 129       x15=00000000 x15:00000002
13967848ns          236986 1c008766 0a079663 bne              x15, x0, 172        x15:00000000
13967868ns          236987 1c008768 00000793 addi             x15, x0, 0          x15=00000000
13967888ns          236988 1c00876c a0f517d3 flt.s            x15, f10, f15       x15=00000001 f10:bf220e3a f15:00000000
13967908ns          236989 1c008770 0a079663 bne              x15, x0, 172        x15:00000001
13967967ns          236992 1c00881c 1c0007b7 lui              x15, 0x1c000000     x15=1c000000
13967987ns          236993 1c008820 12c7a783 lw               x15, 300(x15)       x15=c0c90fdb x15:1c000000  PA:1c00012c
13968325ns          237010 1c008824 a0f517d3 flt.s            x15, f10, f15       x15=00000000 f10:bf220e3a f15:c0c90fdb
13968345ns          237011 1c008828 00078463 beq              x15, x0, 8          x15:00000000
13968405ns          237014 1c008830 20a51553 fsgnjn.s         f10, f10, f10       f10=xxxxxxxx f10:bf220e3a f10:bf220e3a
13968425ns          237015 1c008834 f6bff06f jal              x0, -150           
13968484ns          237018 1c00879e 1c0007b7 lui              x15, 0x1c000000     x15=1c000000
13968504ns          237019 1c0087a2 01c7a783 lw               x15, 28(x15)        x15=3fc90fdb x15:1c000000  PA:1c00001c
13968823ns          237035 1c0087a6 a0f517d3 flt.s            x15, f10, f15       x15=00000001 f10:3f220e3a f15:3fc90fdb
13968842ns          237036 1c0087aa 02079563 bne              x15, x0, 42         x15:00000001
13968902ns          237039 1c0087d4 10a57553 fmul.s           f10, f10, f10       f10=xxxxxxxx f10:3f220e3a f10:3f220e3a
13968922ns          237040 1c0087d8 1c0007b7 lui              x15, 0x1c000000     x15=1c000000
13968942ns          237041 1c0087dc 1c000737 lui              x14, 0x1c000000     x14=1c000000
13968962ns          237042 1c0087e0 13472703 lw               x14, 308(x14)       x14=bab59551 x14:1c000000  PA:1c000134
13969260ns          237057 1c0087e4 1307a783 lw               x15, 304(x15)       x15=37c23ab1 x15:1c000000  PA:1c000130
13969578ns          237073 1c0087e8 70f577c3 fmadd.s          f15, f10, f15, f14  f15=xxxxxxxx f10:3ecd2c04 f15:37c23ab1 f14:bab59551
13969598ns          237074 1c0087ec 1c000737 lui              x14, 0x1c000000     x14=1c000000
13969618ns          237075 1c0087f0 13872703 lw               x14, 312(x14)       x14=3d2aa76f x14:1c000000  PA:1c000138
13969936ns          237091 1c0087f4 70f577c3 fmadd.s          f15, f10, f15, f14  f15=xxxxxxxx f10:3ecd2c04 f15:bab45dfc f14:3d2aa76f
13969956ns          237092 1c0087f8 1c000737 lui              x14, 0x1c000000     x14=1c000000
13969976ns          237093 1c0087fc 13c72703 lw               x14, 316(x14)       x14=beffffe0 x14:1c000000  PA:1c00013c
13970294ns          237109 1c008800 70f577c3 fmadd.s          f15, f10, f15, f14  f15=xxxxxxxx f10:3ecd2c04 f15:3d286536 f14:beffffe0
13970314ns          237110 1c008804 1c000737 lui              x14, 0x1c000000     x14=1c000000
13970334ns          237111 1c008808 16872703 lw               x14, 360(x14)       x14=3f7fffff x14:1c000000  PA:1c000168
13970653ns          237127 1c00880c 70f57543 fmadd.s          f10, f10, f15, f14  f10=xxxxxxxx f10:3ecd2c04 f15:bef79080 f14:3f7fffff
13970672ns          237128 1c008810 00008067 jalr             x0, x1, 0            x1:1c0081de
13970732ns          237131 1c0081de 016a7a53 fadd.s           f20, f20, f22       f20=xxxxxxxx f20:400d0b7c f22:3efd2311
13970752ns          237132 1c0081e2 10acf553 fmul.s           f10, f25, f10       f10=xxxxxxxx f25:3f800000 f10:3f4e65ad
13970772ns          237133 1c0081e6 a14a97d3 flt.s            x15, f21, f20       x15=00000000 f21:40c90fdb f20:402cafde
13970792ns          237134 1c0081ea 00a4222b p.sw             x10, 4(x8!)          x8=10001db8 x10:3f4e65ad  x8:10001db4  PA:10001db4
13970812ns          237135 1c0081ee 00078363 beq              x15, x0, 6          x15:00000000
13970871ns          237138 1c0081f4 ff7412e3 bne              x8, x23, -28         x8:10001db8 x23:10001fc8
13970931ns          237141 1c0081d8 094c7553 fsub.s           f10, f24, f20       f10=xxxxxxxx f24:3fc90fdb f20:402cafde
13970951ns          237142 1c0081dc 57c000ef jal              x1, 1404             x1=1c0081de
13970991ns          237144 1c008758 a0a527d3 feq.s            x15, f10, f10       x15=00000001 f10:bf904fe1 f10:bf904fe1
13971011ns          237145 1c00875c 0a078b63 beq              x15, x0, 182        x15:00000001
13971030ns          237146 1c00875e e00517d3 fclass.s         x15, f10            x15=00000002 f10:bf904fe1
13971050ns          237147 1c008762 0817f793 andi             x15, x15, 129       x15=00000000 x15:00000002
13971070ns          237148 1c008766 0a079663 bne              x15, x0, 172        x15:00000000
13971090ns          237149 1c008768 00000793 addi             x15, x0, 0          x15=00000000
13971110ns          237150 1c00876c a0f517d3 flt.s            x15, f10, f15       x15=00000001 f10:bf904fe1 f15:00000000
13971130ns          237151 1c008770 0a079663 bne              x15, x0, 172        x15:00000001
13971190ns          237154 1c00881c 1c0007b7 lui              x15, 0x1c000000     x15=1c000000
13971209ns          237155 1c008820 12c7a783 lw               x15, 300(x15)       x15=c0c90fdb x15:1c000000  PA:1c00012c
13971528ns          237171 1c008824 a0f517d3 flt.s            x15, f10, f15       x15=00000000 f10:bf904fe1 f15:c0c90fdb
13971548ns          237172 1c008828 00078463 beq              x15, x0, 8          x15:00000000
13971607ns          237175 1c008830 20a51553 fsgnjn.s         f10, f10, f10       f10=xxxxxxxx f10:bf904fe1 f10:bf904fe1
13971627ns          237176 1c008834 f6bff06f jal              x0, -150           
13971687ns          237179 1c00879e 1c0007b7 lui              x15, 0x1c000000     x15=1c000000
13971707ns          237180 1c0087a2 01c7a783 lw               x15, 28(x15)        x15=3fc90fdb x15:1c000000  PA:1c00001c
13972025ns          237196 1c0087a6 a0f517d3 flt.s            x15, f10, f15       x15=00000001 f10:3f904fe1 f15:3fc90fdb
13972045ns          237197 1c0087aa 02079563 bne              x15, x0, 42         x15:00000001
13972105ns          237200 1c0087d4 10a57553 fmul.s           f10, f10, f10       f10=xxxxxxxx f10:3f904fe1 f10:3f904fe1
13972124ns          237201 1c0087d8 1c0007b7 lui              x15, 0x1c000000     x15=1c000000
13972144ns          237202 1c0087dc 1c000737 lui              x14, 0x1c000000     x14=1c000000
13972164ns          237203 1c0087e0 13472703 lw               x14, 308(x14)       x14=bab59551 x14:1c000000  PA:1c000134
13972463ns          237218 1c0087e4 1307a783 lw               x15, 304(x15)       x15=37c23ab1 x15:1c000000  PA:1c000130
13972781ns          237234 1c0087e8 70f577c3 fmadd.s          f15, f10, f15, f14  f15=xxxxxxxx f10:3fa2b3ec f15:37c23ab1 f14:bab59551
13972801ns          237235 1c0087ec 1c000737 lui              x14, 0x1c000000     x14=1c000000
13972821ns          237236 1c0087f0 13872703 lw               x14, 312(x14)       x14=3d2aa76f x14:1c000000  PA:1c000138
13973159ns          237253 1c0087f4 70f577c3 fmadd.s          f15, f10, f15, f14  f15=xxxxxxxx f10:3fa2b3ec f15:bab1b9c4 f14:3d2aa76f
13973179ns          237254 1c0087f8 1c000737 lui              x14, 0x1c000000     x14=1c000000
13973199ns          237255 1c0087fc 13c72703 lw               x14, 316(x14)       x14=beffffe0 x14:1c000000  PA:1c00013c
13973537ns          237272 1c008800 70f577c3 fmadd.s          f15, f10, f15, f14  f15=xxxxxxxx f10:3fa2b3ec f15:3d239828 f14:beffffe0
13973557ns          237273 1c008804 1c000737 lui              x14, 0x1c000000     x14=1c000000
13973576ns          237274 1c008808 16872703 lw               x14, 360(x14)       x14=3f7fffff x14:1c000000  PA:1c000168
13973895ns          237290 1c00880c 70f57543 fmadd.s          f10, f10, f15, f14  f10=xxxxxxxx f10:3fa2b3ec f15:bee6018f f14:3f7fffff
13973915ns          237291 1c008810 00008067 jalr             x0, x1, 0            x1:1c0081de
13973974ns          237294 1c0081de 016a7a53 fadd.s           f20, f20, f22       f20=xxxxxxxx f20:402cafde f22:3efd2311
13973994ns          237295 1c0081e2 10acf553 fmul.s           f10, f25, f10       f10=xxxxxxxx f25:3f800000 f10:3edba2b7
13974014ns          237296 1c0081e6 a14a97d3 flt.s            x15, f21, f20       x15=00000000 f21:40c90fdb f20:404c5440
13974034ns          237297 1c0081ea 00a4222b p.sw             x10, 4(x8!)          x8=10001dbc x10:3edba2b7  x8:10001db8  PA:10001db8
13974054ns          237298 1c0081ee 00078363 beq              x15, x0, 6          x15:00000000
13974114ns          237301 1c0081f4 ff7412e3 bne              x8, x23, -28         x8:10001dbc x23:10001fc8
13974173ns          237304 1c0081d8 094c7553 fsub.s           f10, f24, f20       f10=xxxxxxxx f24:3fc90fdb f20:404c5440
13974193ns          237305 1c0081dc 57c000ef jal              x1, 1404             x1=1c0081de
13974233ns          237307 1c008758 a0a527d3 feq.s            x15, f10, f10       x15=00000001 f10:bfcf98a5 f10:bfcf98a5
13974253ns          237308 1c00875c 0a078b63 beq              x15, x0, 182        x15:00000001
13974273ns          237309 1c00875e e00517d3 fclass.s         x15, f10            x15=00000002 f10:bfcf98a5
13974293ns          237310 1c008762 0817f793 andi             x15, x15, 129       x15=00000000 x15:00000002
13974312ns          237311 1c008766 0a079663 bne              x15, x0, 172        x15:00000000
13974332ns          237312 1c008768 00000793 addi             x15, x0, 0          x15=00000000
13974352ns          237313 1c00876c a0f517d3 flt.s            x15, f10, f15       x15=00000001 f10:bfcf98a5 f15:00000000
13974372ns          237314 1c008770 0a079663 bne              x15, x0, 172        x15:00000001
13974432ns          237317 1c00881c 1c0007b7 lui              x15, 0x1c000000     x15=1c000000
13974452ns          237318 1c008820 12c7a783 lw               x15, 300(x15)       x15=c0c90fdb x15:1c000000  PA:1c00012c
13974770ns          237334 1c008824 a0f517d3 flt.s            x15, f10, f15       x15=00000000 f10:bfcf98a5 f15:c0c90fdb
13974790ns          237335 1c008828 00078463 beq              x15, x0, 8          x15:00000000
13974849ns          237338 1c008830 20a51553 fsgnjn.s         f10, f10, f10       f10=xxxxxxxx f10:bfcf98a5 f10:bfcf98a5
13974869ns          237339 1c008834 f6bff06f jal              x0, -150           
13974929ns          237342 1c00879e 1c0007b7 lui              x15, 0x1c000000     x15=1c000000
13974949ns          237343 1c0087a2 01c7a783 lw               x15, 28(x15)        x15=3fc90fdb x15:1c000000  PA:1c00001c
13975287ns          237360 1c0087a6 a0f517d3 flt.s            x15, f10, f15       x15=00000000 f10:3fcf98a5 f15:3fc90fdb
13975307ns          237361 1c0087aa 02079563 bne              x15, x0, 42         x15:00000000
13975327ns          237362 1c0087ac 1c0007b7 lui              x15, 0x1c000000     x15=1c000000
13975347ns          237363 1c0087b0 1007a783 lw               x15, 256(x15)       x15=40490fdb x15:1c000000  PA:1c000100
13975685ns          237380 1c0087b4 a0f51753 flt.s            x14, f10, f15       x14=00000001 f10:3fcf98a5 f15:40490fdb
13975705ns          237381 1c0087b8 06071f63 bne              x14, x0, 126        x14:00000001
13975784ns          237385 1c008836 08a7f553 fsub.s           f10, f15, f10       f10=xxxxxxxx f15:40490fdb f10:3fcf98a5
13975804ns          237386 1c00883a 10a57553 fmul.s           f10, f10, f10       f10=xxxxxxxx f10:3fc28711 f10:3fc28711
13975824ns          237387 1c00883e 1c0007b7 lui              x15, 0x1c000000     x15=1c000000
13975844ns          237388 1c008842 1c000737 lui              x14, 0x1c000000     x14=1c000000
13975864ns          237389 1c008846 13472703 lw               x14, 308(x14)       x14=bab59551 x14:1c000000  PA:1c000134
13976182ns          237405 1c00884a 1307a783 lw               x15, 304(x15)       x15=37c23ab1 x15:1c000000  PA:1c000130
13976540ns          237423 1c00884e 70f577c3 fmadd.s          f15, f10, f15, f14  f15=xxxxxxxx f10:4013d0fd f15:37c23ab1 f14:bab59551
13976560ns          237424 1c008852 1c000737 lui              x14, 0x1c000000     x14=1c000000
13976580ns          237425 1c008856 13872703 lw               x14, 312(x14)       x14=3d2aa76f x14:1c000000  PA:1c000138
13976938ns          237443 1c00885a 70f577c3 fmadd.s          f15, f10, f15, f14  f15=xxxxxxxx f10:4013d0fd f15:baae92ed f14:3d2aa76f
13976958ns          237444 1c00885e 1c000737 lui              x14, 0x1c000000     x14=1c000000
13976978ns          237445 1c008862 13c72703 lw               x14, 316(x14)       x14=beffffe0 x14:1c000000  PA:1c00013c
13977296ns          237461 1c008866 70f577c3 fmadd.s          f15, f10, f15, f14  f15=xxxxxxxx f10:4013d0fd f15:3d1e0dd3 f14:beffffe0
13977316ns          237462 1c00886a 1c000737 lui              x14, 0x1c000000     x14=1c000000
13977336ns          237463 1c00886e 16872703 lw               x14, 360(x14)       x14=3f7fffff x14:1c000000  PA:1c000168
13977674ns          237480 1c008872 70f57543 fmadd.s          f10, f10, f15, f14  f10=xxxxxxxx f10:4013d0fd f15:bed25e64 f14:3f7fffff
13977694ns          237481 1c008876 20a51553 fsgnjn.s         f10, f10, f10       f10=xxxxxxxx f10:3d5101ef f10:3d5101ef
13977714ns          237482 1c00887a 00008067 jalr             x0, x1, 0            x1:1c0081de
13977773ns          237485 1c0081de 016a7a53 fadd.s           f20, f20, f22       f20=xxxxxxxx f20:404c5440 f22:3efd2311
13977793ns          237486 1c0081e2 10acf553 fmul.s           f10, f25, f10       f10=xxxxxxxx f25:3f800000 f10:bd5101ef
13977813ns          237487 1c0081e6 a14a97d3 flt.s            x15, f21, f20       x15=00000000 f21:40c90fdb f20:406bf8a2
13977833ns          237488 1c0081ea 00a4222b p.sw             x10, 4(x8!)          x8=10001dc0 x10:bd5101ef  x8:10001dbc  PA:10001dbc
13977853ns          237489 1c0081ee 00078363 beq              x15, x0, 6          x15:00000000
13977913ns          237492 1c0081f4 ff7412e3 bne              x8, x23, -28         x8:10001dc0 x23:10001fc8
13977972ns          237495 1c0081d8 094c7553 fsub.s           f10, f24, f20       f10=xxxxxxxx f24:3fc90fdb f20:406bf8a2
13977992ns          237496 1c0081dc 57c000ef jal              x1, 1404             x1=1c0081de
13978032ns          237498 1c008758 a0a527d3 feq.s            x15, f10, f10       x15=00000001 f10:c00770b4 f10:c00770b4
13978052ns          237499 1c00875c 0a078b63 beq              x15, x0, 182        x15:00000001
13978072ns          237500 1c00875e e00517d3 fclass.s         x15, f10            x15=00000002 f10:c00770b4
13978092ns          237501 1c008762 0817f793 andi             x15, x15, 129       x15=00000000 x15:00000002
13978112ns          237502 1c008766 0a079663 bne              x15, x0, 172        x15:00000000
13978131ns          237503 1c008768 00000793 addi             x15, x0, 0          x15=00000000
13978151ns          237504 1c00876c a0f517d3 flt.s            x15, f10, f15       x15=00000001 f10:c00770b4 f15:00000000
13978171ns          237505 1c008770 0a079663 bne              x15, x0, 172        x15:00000001
13978231ns          237508 1c00881c 1c0007b7 lui              x15, 0x1c000000     x15=1c000000
13978251ns          237509 1c008820 12c7a783 lw               x15, 300(x15)       x15=c0c90fdb x15:1c000000  PA:1c00012c
13978609ns          237527 1c008824 a0f517d3 flt.s            x15, f10, f15       x15=00000000 f10:c00770b4 f15:c0c90fdb
13978629ns          237528 1c008828 00078463 beq              x15, x0, 8          x15:00000000
13978688ns          237531 1c008830 20a51553 fsgnjn.s         f10, f10, f10       f10=xxxxxxxx f10:c00770b4 f10:c00770b4
13978708ns          237532 1c008834 f6bff06f jal              x0, -150           
13978768ns          237535 1c00879e 1c0007b7 lui              x15, 0x1c000000     x15=1c000000
13978788ns          237536 1c0087a2 01c7a783 lw               x15, 28(x15)        x15=3fc90fdb x15:1c000000  PA:1c00001c
13979106ns          237552 1c0087a6 a0f517d3 flt.s            x15, f10, f15       x15=00000000 f10:400770b4 f15:3fc90fdb
13979126ns          237553 1c0087aa 02079563 bne              x15, x0, 42         x15:00000000
13979146ns          237554 1c0087ac 1c0007b7 lui              x15, 0x1c000000     x15=1c000000
13979166ns          237555 1c0087b0 1007a783 lw               x15, 256(x15)       x15=40490fdb x15:1c000000  PA:1c000100
13979504ns          237572 1c0087b4 a0f51753 flt.s            x14, f10, f15       x14=00000001 f10:400770b4 f15:40490fdb
13979524ns          237573 1c0087b8 06071f63 bne              x14, x0, 126        x14:00000001
13979603ns          237577 1c008836 08a7f553 fsub.s           f10, f15, f10       f10=xxxxxxxx f15:40490fdb f10:400770b4
13979623ns          237578 1c00883a 10a57553 fmul.s           f10, f10, f10       f10=xxxxxxxx f10:3f833e4e f10:3f833e4e
13979643ns          237579 1c00883e 1c0007b7 lui              x15, 0x1c000000     x15=1c000000
13979663ns          237580 1c008842 1c000737 lui              x14, 0x1c000000     x14=1c000000
13979683ns          237581 1c008846 13472703 lw               x14, 308(x14)       x14=bab59551 x14:1c000000  PA:1c000134
13979981ns          237596 1c00884a 1307a783 lw               x15, 304(x15)       x15=37c23ab1 x15:1c000000  PA:1c000130
13980319ns          237613 1c00884e 70f577c3 fmadd.s          f15, f10, f15, f14  f15=xxxxxxxx f10:3f8691a6 f15:37c23ab1 f14:bab59551
13980339ns          237614 1c008852 1c000737 lui              x14, 0x1c000000     x14=1c000000
13980359ns          237615 1c008856 13872703 lw               x14, 312(x14)       x14=3d2aa76f x14:1c000000  PA:1c000138
13980677ns          237631 1c00885a 70f577c3 fmadd.s          f15, f10, f15, f14  f15=xxxxxxxx f10:3f8691a6 f15:bab26487 f14:3d2aa76f
13980697ns          237632 1c00885e 1c000737 lui              x14, 0x1c000000     x14=1c000000
13980717ns          237633 1c008862 13c72703 lw               x14, 316(x14)       x14=beffffe0 x14:1c000000  PA:1c00013c
13981035ns          237649 1c008866 70f577c3 fmadd.s          f15, f10, f15, f14  f15=xxxxxxxx f10:3f8691a6 f15:3d24cb0d f14:beffffe0
13981055ns          237650 1c00886a 1c000737 lui              x14, 0x1c000000     x14=1c000000
13981075ns          237651 1c00886e 16872703 lw               x14, 360(x14)       x14=3f7fffff x14:1c000000  PA:1c000168
13981394ns          237667 1c008872 70f57543 fmadd.s          f10, f10, f15, f14  f10=xxxxxxxx f10:3f8691a6 f15:beea57dd f14:3f7fffff
13981413ns          237668 1c008876 20a51553 fsgnjn.s         f10, f10, f10       f10=xxxxxxxx f10:3f04d0ae f10:3f04d0ae
13981433ns          237669 1c00887a 00008067 jalr             x0, x1, 0            x1:1c0081de
13981493ns          237672 1c0081de 016a7a53 fadd.s           f20, f20, f22       f20=xxxxxxxx f20:406bf8a2 f22:3efd2311
13981513ns          237673 1c0081e2 10acf553 fmul.s           f10, f25, f10       f10=xxxxxxxx f25:3f800000 f10:bf04d0ae
13981533ns          237674 1c0081e6 a14a97d3 flt.s            x15, f21, f20       x15=00000000 f21:40c90fdb f20:4085ce82
13981553ns          237675 1c0081ea 00a4222b p.sw             x10, 4(x8!)          x8=10001dc4 x10:bf04d0ae  x8:10001dc0  PA:10001dc0
13981573ns          237676 1c0081ee 00078363 beq              x15, x0, 6          x15:00000000
13981632ns          237679 1c0081f4 ff7412e3 bne              x8, x23, -28         x8:10001dc4 x23:10001fc8
13981692ns          237682 1c0081d8 094c7553 fsub.s           f10, f24, f20       f10=xxxxxxxx f24:3fc90fdb f20:4085ce82
13981712ns          237683 1c0081dc 57c000ef jal              x1, 1404             x1=1c0081de
13981752ns          237685 1c008758 a0a527d3 feq.s            x15, f10, f10       x15=00000001 f10:c0271516 f10:c0271516
13981771ns          237686 1c00875c 0a078b63 beq              x15, x0, 182        x15:00000001
13981791ns          237687 1c00875e e00517d3 fclass.s         x15, f10            x15=00000002 f10:c0271516
13981811ns          237688 1c008762 0817f793 andi             x15, x15, 129       x15=00000000 x15:00000002
13981831ns          237689 1c008766 0a079663 bne              x15, x0, 172        x15:00000000
13981851ns          237690 1c008768 00000793 addi             x15, x0, 0          x15=00000000
13981871ns          237691 1c00876c a0f517d3 flt.s            x15, f10, f15       x15=00000001 f10:c0271516 f15:00000000
13981891ns          237692 1c008770 0a079663 bne              x15, x0, 172        x15:00000001
13981950ns          237695 1c00881c 1c0007b7 lui              x15, 0x1c000000     x15=1c000000
13981970ns          237696 1c008820 12c7a783 lw               x15, 300(x15)       x15=c0c90fdb x15:1c000000  PA:1c00012c
13982289ns          237712 1c008824 a0f517d3 flt.s            x15, f10, f15       x15=00000000 f10:c0271516 f15:c0c90fdb
13982308ns          237713 1c008828 00078463 beq              x15, x0, 8          x15:00000000
13982368ns          237716 1c008830 20a51553 fsgnjn.s         f10, f10, f10       f10=xxxxxxxx f10:c0271516 f10:c0271516
13982388ns          237717 1c008834 f6bff06f jal              x0, -150           
13982448ns          237720 1c00879e 1c0007b7 lui              x15, 0x1c000000     x15=1c000000
13982468ns          237721 1c0087a2 01c7a783 lw               x15, 28(x15)        x15=3fc90fdb x15:1c000000  PA:1c00001c
13982786ns          237737 1c0087a6 a0f517d3 flt.s            x15, f10, f15       x15=00000000 f10:40271516 f15:3fc90fdb
13982806ns          237738 1c0087aa 02079563 bne              x15, x0, 42         x15:00000000
13982826ns          237739 1c0087ac 1c0007b7 lui              x15, 0x1c000000     x15=1c000000
13982846ns          237740 1c0087b0 1007a783 lw               x15, 256(x15)       x15=40490fdb x15:1c000000  PA:1c000100
13983164ns          237756 1c0087b4 a0f51753 flt.s            x14, f10, f15       x14=00000001 f10:40271516 f15:40490fdb
13983184ns          237757 1c0087b8 06071f63 bne              x14, x0, 126        x14:00000001
13983263ns          237761 1c008836 08a7f553 fsub.s           f10, f15, f10       f10=xxxxxxxx f15:40490fdb f10:40271516
13983283ns          237762 1c00883a 10a57553 fmul.s           f10, f10, f10       f10=xxxxxxxx f10:3f07eb14 f10:3f07eb14
13983303ns          237763 1c00883e 1c0007b7 lui              x15, 0x1c000000     x15=1c000000
13983323ns          237764 1c008842 1c000737 lui              x14, 0x1c000000     x14=1c000000
13983343ns          237765 1c008846 13472703 lw               x14, 308(x14)       x14=bab59551 x14:1c000000  PA:1c000134
13983641ns          237780 1c00884a 1307a783 lw               x15, 304(x15)       x15=37c23ab1 x15:1c000000  PA:1c000130
13983959ns          237796 1c00884e 70f577c3 fmadd.s          f15, f10, f15, f14  f15=xxxxxxxx f10:3e90538e f15:37c23ab1 f14:bab59551
13983979ns          237797 1c008852 1c000737 lui              x14, 0x1c000000     x14=1c000000
13983999ns          237798 1c008856 13872703 lw               x14, 312(x14)       x14=3d2aa76f x14:1c000000  PA:1c000138
13984357ns          237816 1c00885a 70f577c3 fmadd.s          f15, f10, f15, f14  f15=xxxxxxxx f10:3e90538e f15:bab4ba50 f14:3d2aa76f
13984377ns          237817 1c00885e 1c000737 lui              x14, 0x1c000000     x14=1c000000
13984397ns          237818 1c008862 13c72703 lw               x14, 316(x14)       x14=beffffe0 x14:1c000000  PA:1c00013c
13984715ns          237834 1c008866 70f577c3 fmadd.s          f15, f10, f15, f14  f15=xxxxxxxx f10:3e90538e f15:3d290fe0 f14:beffffe0
13984735ns          237835 1c00886a 1c000737 lui              x14, 0x1c000000     x14=1c000000
13984755ns          237836 1c00886e 16872703 lw               x14, 360(x14)       x14=3f7fffff x14:1c000000  PA:1c000168
13985073ns          237852 1c008872 70f57543 fmadd.s          f10, f10, f15, f14  f10=xxxxxxxx f10:3e90538e f15:befa0ade f14:3f7fffff
13985093ns          237853 1c008876 20a51553 fsgnjn.s         f10, f10, f10       f10=xxxxxxxx f10:3f5cc211 f10:3f5cc211
13985113ns          237854 1c00887a 00008067 jalr             x0, x1, 0            x1:1c0081de
13985173ns          237857 1c0081de 016a7a53 fadd.s           f20, f20, f22       f20=xxxxxxxx f20:4085ce82 f22:3efd2311
13985193ns          237858 1c0081e2 10acf553 fmul.s           f10, f25, f10       f10=xxxxxxxx f25:3f800000 f10:bf5cc211
13985213ns          237859 1c0081e6 a14a97d3 flt.s            x15, f21, f20       x15=00000000 f21:40c90fdb f20:4095a0b3
13985232ns          237860 1c0081ea 00a4222b p.sw             x10, 4(x8!)          x8=10001dc8 x10:bf5cc211  x8:10001dc4  PA:10001dc4
13985252ns          237861 1c0081ee 00078363 beq              x15, x0, 6          x15:00000000
13985312ns          237864 1c0081f4 ff7412e3 bne              x8, x23, -28         x8:10001dc8 x23:10001fc8
13985372ns          237867 1c0081d8 094c7553 fsub.s           f10, f24, f20       f10=xxxxxxxx f24:3fc90fdb f20:4095a0b3
13985392ns          237868 1c0081dc 57c000ef jal              x1, 1404             x1=1c0081de
13985431ns          237870 1c008758 a0a527d3 feq.s            x15, f10, f10       x15=00000001 f10:c046b978 f10:c046b978
13985451ns          237871 1c00875c 0a078b63 beq              x15, x0, 182        x15:00000001
13985471ns          237872 1c00875e e00517d3 fclass.s         x15, f10            x15=00000002 f10:c046b978
13985491ns          237873 1c008762 0817f793 andi             x15, x15, 129       x15=00000000 x15:00000002
13985511ns          237874 1c008766 0a079663 bne              x15, x0, 172        x15:00000000
13985531ns          237875 1c008768 00000793 addi             x15, x0, 0          x15=00000000
13985551ns          237876 1c00876c a0f517d3 flt.s            x15, f10, f15       x15=00000001 f10:c046b978 f15:00000000
13985571ns          237877 1c008770 0a079663 bne              x15, x0, 172        x15:00000001
13985630ns          237880 1c00881c 1c0007b7 lui              x15, 0x1c000000     x15=1c000000
13985650ns          237881 1c008820 12c7a783 lw               x15, 300(x15)       x15=c0c90fdb x15:1c000000  PA:1c00012c
13985968ns          237897 1c008824 a0f517d3 flt.s            x15, f10, f15       x15=00000000 f10:c046b978 f15:c0c90fdb
13985988ns          237898 1c008828 00078463 beq              x15, x0, 8          x15:00000000
13986048ns          237901 1c008830 20a51553 fsgnjn.s         f10, f10, f10       f10=xxxxxxxx f10:c046b978 f10:c046b978
13986068ns          237902 1c008834 f6bff06f jal              x0, -150           
13986128ns          237905 1c00879e 1c0007b7 lui              x15, 0x1c000000     x15=1c000000
13986147ns          237906 1c0087a2 01c7a783 lw               x15, 28(x15)        x15=3fc90fdb x15:1c000000  PA:1c00001c
13986466ns          237922 1c0087a6 a0f517d3 flt.s            x15, f10, f15       x15=00000000 f10:4046b978 f15:3fc90fdb
13986486ns          237923 1c0087aa 02079563 bne              x15, x0, 42         x15:00000000
13986505ns          237924 1c0087ac 1c0007b7 lui              x15, 0x1c000000     x15=1c000000
13986525ns          237925 1c0087b0 1007a783 lw               x15, 256(x15)       x15=40490fdb x15:1c000000  PA:1c000100
13986844ns          237941 1c0087b4 a0f51753 flt.s            x14, f10, f15       x14=00000001 f10:4046b978 f15:40490fdb
13986863ns          237942 1c0087b8 06071f63 bne              x14, x0, 126        x14:00000001
13986943ns          237946 1c008836 08a7f553 fsub.s           f10, f15, f10       f10=xxxxxxxx f15:40490fdb f10:4046b978
13986963ns          237947 1c00883a 10a57553 fmul.s           f10, f10, f10       f10=xxxxxxxx f10:3d1598c0 f10:3d1598c0
13986983ns          237948 1c00883e 1c0007b7 lui              x15, 0x1c000000     x15=1c000000
13987003ns          237949 1c008842 1c000737 lui              x14, 0x1c000000     x14=1c000000
13987023ns          237950 1c008846 13472703 lw               x14, 308(x14)       x14=bab59551 x14:1c000000  PA:1c000134
13987321ns          237965 1c00884a 1307a783 lw               x15, 304(x15)       x15=37c23ab1 x15:1c000000  PA:1c000130
13987639ns          237981 1c00884e 70f577c3 fmadd.s          f15, f10, f15, f14  f15=xxxxxxxx f10:3aaed655 f15:37c23ab1 f14:bab59551
13987659ns          237982 1c008852 1c000737 lui              x14, 0x1c000000     x14=1c000000
13987679ns          237983 1c008856 13872703 lw               x14, 312(x14)       x14=3d2aa76f x14:1c000000  PA:1c000138
13987997ns          237999 1c00885a 70f577c3 fmadd.s          f15, f10, f15, f14  f15=xxxxxxxx f10:3aaed655 f15:bab59448 f14:3d2aa76f
13988017ns          238000 1c00885e 1c000737 lui              x14, 0x1c000000     x14=1c000000
13988037ns          238001 1c008862 13c72703 lw               x14, 316(x14)       x14=beffffe0 x14:1c000000  PA:1c00013c
13988375ns          238018 1c008866 70f577c3 fmadd.s          f15, f10, f15, f14  f15=xxxxxxxx f10:3aaed655 f15:3d2aa57f f14:beffffe0
13988395ns          238019 1c00886a 1c000737 lui              x14, 0x1c000000     x14=1c000000
13988415ns          238020 1c00886e 16872703 lw               x14, 360(x14)       x14=3f7fffff x14:1c000000  PA:1c000168
13988733ns          238036 1c008872 70f57543 fmadd.s          f10, f10, f15, f14  f10=xxxxxxxx f10:3aaed655 f15:befff897 f14:3f7fffff
13988753ns          238037 1c008876 20a51553 fsgnjn.s         f10, f10, f10       f10=xxxxxxxx f10:3f7fd44b f10:3f7fd44b
13988773ns          238038 1c00887a 00008067 jalr             x0, x1, 0            x1:1c0081de
13988833ns          238041 1c0081de 016a7a53 fadd.s           f20, f20, f22       f20=xxxxxxxx f20:4095a0b3 f22:3efd2311
13988853ns          238042 1c0081e2 10acf553 fmul.s           f10, f25, f10       f10=xxxxxxxx f25:3f800000 f10:bf7fd44b
13988872ns          238043 1c0081e6 a14a97d3 flt.s            x15, f21, f20       x15=00000000 f21:40c90fdb f20:40a572e4
13988892ns          238044 1c0081ea 00a4222b p.sw             x10, 4(x8!)          x8=10001dcc x10:bf7fd44b  x8:10001dc8  PA:10001dc8
13988912ns          238045 1c0081ee 00078363 beq              x15, x0, 6          x15:00000000
13988972ns          238048 1c0081f4 ff7412e3 bne              x8, x23, -28         x8:10001dcc x23:10001fc8
13989032ns          238051 1c0081d8 094c7553 fsub.s           f10, f24, f20       f10=xxxxxxxx f24:3fc90fdb f20:40a572e4
13989051ns          238052 1c0081dc 57c000ef jal              x1, 1404             x1=1c0081de
13989091ns          238054 1c008758 a0a527d3 feq.s            x15, f10, f10       x15=00000001 f10:c0665dda f10:c0665dda
13989111ns          238055 1c00875c 0a078b63 beq              x15, x0, 182        x15:00000001
13989131ns          238056 1c00875e e00517d3 fclass.s         x15, f10            x15=00000002 f10:c0665dda
13989151ns          238057 1c008762 0817f793 andi             x15, x15, 129       x15=00000000 x15:00000002
13989171ns          238058 1c008766 0a079663 bne              x15, x0, 172        x15:00000000
13989191ns          238059 1c008768 00000793 addi             x15, x0, 0          x15=00000000
13989211ns          238060 1c00876c a0f517d3 flt.s            x15, f10, f15       x15=00000001 f10:c0665dda f15:00000000
13989230ns          238061 1c008770 0a079663 bne              x15, x0, 172        x15:00000001
13989290ns          238064 1c00881c 1c0007b7 lui              x15, 0x1c000000     x15=1c000000
13989310ns          238065 1c008820 12c7a783 lw               x15, 300(x15)       x15=c0c90fdb x15:1c000000  PA:1c00012c
13989648ns          238082 1c008824 a0f517d3 flt.s            x15, f10, f15       x15=00000000 f10:c0665dda f15:c0c90fdb
13989668ns          238083 1c008828 00078463 beq              x15, x0, 8          x15:00000000
13989728ns          238086 1c008830 20a51553 fsgnjn.s         f10, f10, f10       f10=xxxxxxxx f10:c0665dda f10:c0665dda
13989748ns          238087 1c008834 f6bff06f jal              x0, -150           
13989807ns          238090 1c00879e 1c0007b7 lui              x15, 0x1c000000     x15=1c000000
13989827ns          238091 1c0087a2 01c7a783 lw               x15, 28(x15)        x15=3fc90fdb x15:1c000000  PA:1c00001c
13990145ns          238107 1c0087a6 a0f517d3 flt.s            x15, f10, f15       x15=00000000 f10:40665dda f15:3fc90fdb
13990165ns          238108 1c0087aa 02079563 bne              x15, x0, 42         x15:00000000
13990185ns          238109 1c0087ac 1c0007b7 lui              x15, 0x1c000000     x15=1c000000
13990205ns          238110 1c0087b0 1007a783 lw               x15, 256(x15)       x15=40490fdb x15:1c000000  PA:1c000100
13990543ns          238127 1c0087b4 a0f51753 flt.s            x14, f10, f15       x14=00000000 f10:40665dda f15:40490fdb
13990563ns          238128 1c0087b8 06071f63 bne              x14, x0, 126        x14:00000000
13990583ns          238129 1c0087ba 1c000737 lui              x14, 0x1c000000     x14=1c000000
13990603ns          238130 1c0087be 14072703 lw               x14, 320(x14)       x14=4096cbe4 x14:1c000000  PA:1c000140
13990941ns          238147 1c0087c2 a0e51753 flt.s            x14, f10, f14       x14=00000001 f10:40665dda f14:4096cbe4
13990961ns          238148 1c0087c6 0a071b63 bne              x14, x0, 182        x14:00000001
13991021ns          238151 1c00887c 08f57553 fsub.s           f10, f10, f15       f10=xxxxxxxx f10:40665dda f15:40490fdb
13991041ns          238152 1c008880 fbbff06f jal              x0, -70            
13991100ns          238155 1c00883a 10a57553 fmul.s           f10, f10, f10       f10=xxxxxxxx f10:3eea6ff8 f10:3eea6ff8
13991120ns          238156 1c00883e 1c0007b7 lui              x15, 0x1c000000     x15=1c000000
13991140ns          238157 1c008842 1c000737 lui              x14, 0x1c000000     x14=1c000000
13991160ns          238158 1c008846 13472703 lw               x14, 308(x14)       x14=bab59551 x14:1c000000  PA:1c000134
13991458ns          238173 1c00884a 1307a783 lw               x15, 304(x15)       x15=37c23ab1 x15:1c000000  PA:1c000130
13991776ns          238189 1c00884e 70f577c3 fmadd.s          f15, f10, f15, f14  f15=xxxxxxxx f10:3e56b0e2 f15:37c23ab1 f14:bab59551
13991796ns          238190 1c008852 1c000737 lui              x14, 0x1c000000     x14=1c000000
13991816ns          238191 1c008856 13872703 lw               x14, 312(x14)       x14=3d2aa76f x14:1c000000  PA:1c000138
13992135ns          238207 1c00885a 70f577c3 fmadd.s          f15, f10, f15, f14  f15=xxxxxxxx f10:3e56b0e2 f15:bab4f26e f14:3d2aa76f
13992154ns          238208 1c00885e 1c000737 lui              x14, 0x1c000000     x14=1c000000
13992174ns          238209 1c008862 13c72703 lw               x14, 316(x14)       x14=beffffe0 x14:1c000000  PA:1c00013c
13992493ns          238225 1c008866 70f577c3 fmadd.s          f15, f10, f15, f14  f15=xxxxxxxx f10:3e56b0e2 f15:3d2977f0 f14:beffffe0
13992512ns          238226 1c00886a 1c000737 lui              x14, 0x1c000000     x14=1c000000
13992532ns          238227 1c00886e 16872703 lw               x14, 360(x14)       x14=3f7fffff x14:1c000000  PA:1c000168
13992851ns          238243 1c008872 70f57543 fmadd.s          f10, f10, f15, f14  f10=xxxxxxxx f10:3e56b0e2 f15:befb8ee5 f14:3f7fffff
13992870ns          238244 1c008876 20a51553 fsgnjn.s         f10, f10, f10       f10=xxxxxxxx f10:3f65a117 f10:3f65a117
13992890ns          238245 1c00887a 00008067 jalr             x0, x1, 0            x1:1c0081de
13992950ns          238248 1c0081de 016a7a53 fadd.s           f20, f20, f22       f20=xxxxxxxx f20:40a572e4 f22:3efd2311
13992970ns          238249 1c0081e2 10acf553 fmul.s           f10, f25, f10       f10=xxxxxxxx f25:3f800000 f10:bf65a117
13992990ns          238250 1c0081e6 a14a97d3 flt.s            x15, f21, f20       x15=00000000 f21:40c90fdb f20:40b54515
13993010ns          238251 1c0081ea 00a4222b p.sw             x10, 4(x8!)          x8=10001dd0 x10:bf65a117  x8:10001dcc  PA:10001dcc
13993030ns          238252 1c0081ee 00078363 beq              x15, x0, 6          x15:00000000
13993089ns          238255 1c0081f4 ff7412e3 bne              x8, x23, -28         x8:10001dd0 x23:10001fc8
13993149ns          238258 1c0081d8 094c7553 fsub.s           f10, f24, f20       f10=xxxxxxxx f24:3fc90fdb f20:40b54515
13993169ns          238259 1c0081dc 57c000ef jal              x1, 1404             x1=1c0081de
13993209ns          238261 1c008758 a0a527d3 feq.s            x15, f10, f10       x15=00000001 f10:c083011e f10:c083011e
13993229ns          238262 1c00875c 0a078b63 beq              x15, x0, 182        x15:00000001
13993248ns          238263 1c00875e e00517d3 fclass.s         x15, f10            x15=00000002 f10:c083011e
13993268ns          238264 1c008762 0817f793 andi             x15, x15, 129       x15=00000000 x15:00000002
13993288ns          238265 1c008766 0a079663 bne              x15, x0, 172        x15:00000000
13993308ns          238266 1c008768 00000793 addi             x15, x0, 0          x15=00000000
13993328ns          238267 1c00876c a0f517d3 flt.s            x15, f10, f15       x15=00000001 f10:c083011e f15:00000000
13993348ns          238268 1c008770 0a079663 bne              x15, x0, 172        x15:00000001
13993408ns          238271 1c00881c 1c0007b7 lui              x15, 0x1c000000     x15=1c000000
13993427ns          238272 1c008820 12c7a783 lw               x15, 300(x15)       x15=c0c90fdb x15:1c000000  PA:1c00012c
13993746ns          238288 1c008824 a0f517d3 flt.s            x15, f10, f15       x15=00000000 f10:c083011e f15:c0c90fdb
13993766ns          238289 1c008828 00078463 beq              x15, x0, 8          x15:00000000
13993825ns          238292 1c008830 20a51553 fsgnjn.s         f10, f10, f10       f10=xxxxxxxx f10:c083011e f10:c083011e
13993845ns          238293 1c008834 f6bff06f jal              x0, -150           
13993905ns          238296 1c00879e 1c0007b7 lui              x15, 0x1c000000     x15=1c000000
13993925ns          238297 1c0087a2 01c7a783 lw               x15, 28(x15)        x15=3fc90fdb x15:1c000000  PA:1c00001c
13994243ns          238313 1c0087a6 a0f517d3 flt.s            x15, f10, f15       x15=00000000 f10:4083011e f15:3fc90fdb
13994263ns          238314 1c0087aa 02079563 bne              x15, x0, 42         x15:00000000
13994283ns          238315 1c0087ac 1c0007b7 lui              x15, 0x1c000000     x15=1c000000
13994303ns          238316 1c0087b0 1007a783 lw               x15, 256(x15)       x15=40490fdb x15:1c000000  PA:1c000100
13994621ns          238332 1c0087b4 a0f51753 flt.s            x14, f10, f15       x14=00000000 f10:4083011e f15:40490fdb
13994641ns          238333 1c0087b8 06071f63 bne              x14, x0, 126        x14:00000000
13994661ns          238334 1c0087ba 1c000737 lui              x14, 0x1c000000     x14=1c000000
13994681ns          238335 1c0087be 14072703 lw               x14, 320(x14)       x14=4096cbe4 x14:1c000000  PA:1c000140
13995039ns          238353 1c0087c2 a0e51753 flt.s            x14, f10, f14       x14=00000001 f10:4083011e f14:4096cbe4
13995058ns          238354 1c0087c6 0a071b63 bne              x14, x0, 182        x14:00000001
13995118ns          238357 1c00887c 08f57553 fsub.s           f10, f10, f15       f10=xxxxxxxx f10:4083011e f15:40490fdb
13995138ns          238358 1c008880 fbbff06f jal              x0, -70            
13995198ns          238361 1c00883a 10a57553 fmul.s           f10, f10, f10       f10=xxxxxxxx f10:3f73c984 f10:3f73c984
13995218ns          238362 1c00883e 1c0007b7 lui              x15, 0x1c000000     x15=1c000000
13995237ns          238363 1c008842 1c000737 lui              x14, 0x1c000000     x14=1c000000
13995257ns          238364 1c008846 13472703 lw               x14, 308(x14)       x14=bab59551 x14:1c000000  PA:1c000134
13995576ns          238380 1c00884a 1307a783 lw               x15, 304(x15)       x15=37c23ab1 x15:1c000000  PA:1c000130
13995894ns          238396 1c00884e 70f577c3 fmadd.s          f15, f10, f15, f14  f15=xxxxxxxx f10:3f68282f f15:37c23ab1 f14:bab59551
13995914ns          238397 1c008852 1c000737 lui              x14, 0x1c000000     x14=1c000000
13995934ns          238398 1c008856 13872703 lw               x14, 312(x14)       x14=3d2aa76f x14:1c000000  PA:1c000138
13996292ns          238416 1c00885a 70f577c3 fmadd.s          f15, f10, f15, f14  f15=xxxxxxxx f10:3f68282f f15:bab2d4c2 f14:3d2aa76f
13996312ns          238417 1c00885e 1c000737 lui              x14, 0x1c000000     x14=1c000000
13996331ns          238418 1c008862 13c72703 lw               x14, 316(x14)       x14=beffffe0 x14:1c000000  PA:1c00013c
13996650ns          238434 1c008866 70f577c3 fmadd.s          f15, f10, f15, f14  f15=xxxxxxxx f10:3f68282f f15:3d259608 f14:beffffe0
13996670ns          238435 1c00886a 1c000737 lui              x14, 0x1c000000     x14=1c000000
13996690ns          238436 1c00886e 16872703 lw               x14, 360(x14)       x14=3f7fffff x14:1c000000  PA:1c000168
13997008ns          238452 1c008872 70f57543 fmadd.s          f10, f10, f15, f14  f10=xxxxxxxx f10:3f68282f f15:beed3aa1 f14:3f7fffff
13997028ns          238453 1c008876 20a51553 fsgnjn.s         f10, f10, f10       f10=xxxxxxxx f10:3f146ed0 f10:3f146ed0
13997048ns          238454 1c00887a 00008067 jalr             x0, x1, 0            x1:1c0081de
13997107ns          238457 1c0081de 016a7a53 fadd.s           f20, f20, f22       f20=xxxxxxxx f20:40b54515 f22:3efd2311
13997127ns          238458 1c0081e2 10acf553 fmul.s           f10, f25, f10       f10=xxxxxxxx f25:3f800000 f10:bf146ed0
13997147ns          238459 1c0081e6 a14a97d3 flt.s            x15, f21, f20       x15=00000000 f21:40c90fdb f20:40c51746
13997167ns          238460 1c0081ea 00a4222b p.sw             x10, 4(x8!)          x8=10001dd4 x10:bf146ed0  x8:10001dd0  PA:10001dd0
13997187ns          238461 1c0081ee 00078363 beq              x15, x0, 6          x15:00000000
13997246ns          238464 1c0081f4 ff7412e3 bne              x8, x23, -28         x8:10001dd4 x23:10001fc8
13997306ns          238467 1c0081d8 094c7553 fsub.s           f10, f24, f20       f10=xxxxxxxx f24:3fc90fdb f20:40c51746
13997326ns          238468 1c0081dc 57c000ef jal              x1, 1404             x1=1c0081de
13997366ns          238470 1c008758 a0a527d3 feq.s            x15, f10, f10       x15=00000001 f10:c092d34f f10:c092d34f
13997386ns          238471 1c00875c 0a078b63 beq              x15, x0, 182        x15:00000001
13997406ns          238472 1c00875e e00517d3 fclass.s         x15, f10            x15=00000002 f10:c092d34f
13997425ns          238473 1c008762 0817f793 andi             x15, x15, 129       x15=00000000 x15:00000002
13997445ns          238474 1c008766 0a079663 bne              x15, x0, 172        x15:00000000
13997465ns          238475 1c008768 00000793 addi             x15, x0, 0          x15=00000000
13997485ns          238476 1c00876c a0f517d3 flt.s            x15, f10, f15       x15=00000001 f10:c092d34f f15:00000000
13997505ns          238477 1c008770 0a079663 bne              x15, x0, 172        x15:00000001
13997565ns          238480 1c00881c 1c0007b7 lui              x15, 0x1c000000     x15=1c000000
13997585ns          238481 1c008820 12c7a783 lw               x15, 300(x15)       x15=c0c90fdb x15:1c000000  PA:1c00012c
13997903ns          238497 1c008824 a0f517d3 flt.s            x15, f10, f15       x15=00000000 f10:c092d34f f15:c0c90fdb
13997923ns          238498 1c008828 00078463 beq              x15, x0, 8          x15:00000000
13997982ns          238501 1c008830 20a51553 fsgnjn.s         f10, f10, f10       f10=xxxxxxxx f10:c092d34f f10:c092d34f
13998002ns          238502 1c008834 f6bff06f jal              x0, -150           
13998062ns          238505 1c00879e 1c0007b7 lui              x15, 0x1c000000     x15=1c000000
13998082ns          238506 1c0087a2 01c7a783 lw               x15, 28(x15)        x15=3fc90fdb x15:1c000000  PA:1c00001c
13998400ns          238522 1c0087a6 a0f517d3 flt.s            x15, f10, f15       x15=00000000 f10:4092d34f f15:3fc90fdb
13998420ns          238523 1c0087aa 02079563 bne              x15, x0, 42         x15:00000000
13998440ns          238524 1c0087ac 1c0007b7 lui              x15, 0x1c000000     x15=1c000000
13998460ns          238525 1c0087b0 1007a783 lw               x15, 256(x15)       x15=40490fdb x15:1c000000  PA:1c000100
13998778ns          238541 1c0087b4 a0f51753 flt.s            x14, f10, f15       x14=00000000 f10:4092d34f f15:40490fdb
13998798ns          238542 1c0087b8 06071f63 bne              x14, x0, 126        x14:00000000
13998818ns          238543 1c0087ba 1c000737 lui              x14, 0x1c000000     x14=1c000000
13998838ns          238544 1c0087be 14072703 lw               x14, 320(x14)       x14=4096cbe4 x14:1c000000  PA:1c000140
13999156ns          238560 1c0087c2 a0e51753 flt.s            x14, f10, f14       x14=00000001 f10:4092d34f f14:4096cbe4
13999176ns          238561 1c0087c6 0a071b63 bne              x14, x0, 182        x14:00000001
13999236ns          238564 1c00887c 08f57553 fsub.s           f10, f10, f15       f10=xxxxxxxx f10:4092d34f f15:40490fdb
13999255ns          238565 1c008880 fbbff06f jal              x0, -70            
13999315ns          238568 1c00883a 10a57553 fmul.s           f10, f10, f10       f10=xxxxxxxx f10:3fb92d86 f10:3fb92d86
13999335ns          238569 1c00883e 1c0007b7 lui              x15, 0x1c000000     x15=1c000000
13999355ns          238570 1c008842 1c000737 lui              x14, 0x1c000000     x14=1c000000
13999375ns          238571 1c008846 13472703 lw               x14, 308(x14)       x14=bab59551 x14:1c000000  PA:1c000134
13999673ns          238586 1c00884a 1307a783 lw               x15, 304(x15)       x15=37c23ab1 x15:1c000000  PA:1c000130
13999991ns          238602 1c00884e 70f577c3 fmadd.s          f15, f10, f15, f14  f15=xxxxxxxx f10:4005f2d4 f15:37c23ab1 f14:bab59551
14000011ns          238603 1c008852 1c000737 lui              x14, 0x1c000000     x14=1c000000
14000031ns          238604 1c008856 13872703 lw               x14, 312(x14)       x14=3d2aa76f x14:1c000000  PA:1c000138
14000369ns          238621 1c00885a 70f577c3 fmadd.s          f15, f10, f15, f14  f15=xxxxxxxx f10:4005f2d4 f15:baaf3b45 f14:3d2aa76f
14000389ns          238622 1c00885e 1c000737 lui              x14, 0x1c000000     x14=1c000000
14000409ns          238623 1c008862 13c72703 lw               x14, 316(x14)       x14=beffffe0 x14:1c000000  PA:1c00013c
14000727ns          238639 1c008866 70f577c3 fmadd.s          f15, f10, f15, f14  f15=xxxxxxxx f10:4005f2d4 f15:3d1f316f f14:beffffe0
14000747ns          238640 1c00886a 1c000737 lui              x14, 0x1c000000     x14=1c000000
14000767ns          238641 1c00886e 16872703 lw               x14, 360(x14)       x14=3f7fffff x14:1c000000  PA:1c000168
14001085ns          238657 1c008872 70f57543 fmadd.s          f10, f10, f15, f14  f10=xxxxxxxx f10:4005f2d4 f15:bed65a08 f14:3f7fffff
14001105ns          238658 1c008876 20a51553 fsgnjn.s         f10, f10, f10       f10=xxxxxxxx f10:3dfd7e6c f10:3dfd7e6c
14001125ns          238659 1c00887a 00008067 jalr             x0, x1, 0            x1:1c0081de
14001185ns          238662 1c0081de 016a7a53 fadd.s           f20, f20, f22       f20=xxxxxxxx f20:40c51746 f22:3efd2311
14001205ns          238663 1c0081e2 10acf553 fmul.s           f10, f25, f10       f10=xxxxxxxx f25:3f800000 f10:bdfd7e6c
14001225ns          238664 1c0081e6 a14a97d3 flt.s            x15, f21, f20       x15=00000001 f21:40c90fdb f20:40d4e977
14001244ns          238665 1c0081ea 00a4222b p.sw             x10, 4(x8!)          x8=10001dd8 x10:bdfd7e6c  x8:10001dd4  PA:10001dd4
14001264ns          238666 1c0081ee 00078363 beq              x15, x0, 6          x15:00000001
14001284ns          238667 1c0081f0 095a7a53 fsub.s           f20, f20, f21       f20=xxxxxxxx f20:40d4e977 f21:40c90fdb
14001304ns          238668 1c0081f4 ff7412e3 bne              x8, x23, -28         x8:10001dd8 x23:10001fc8
14001364ns          238671 1c0081d8 094c7553 fsub.s           f10, f24, f20       f10=xxxxxxxx f24:3fc90fdb f20:3ebd99c0
14001384ns          238672 1c0081dc 57c000ef jal              x1, 1404             x1=1c0081de
14001424ns          238674 1c008758 a0a527d3 feq.s            x15, f10, f10       x15=00000001 f10:3f99a96b f10:3f99a96b
14001443ns          238675 1c00875c 0a078b63 beq              x15, x0, 182        x15:00000001
14001463ns          238676 1c00875e e00517d3 fclass.s         x15, f10            x15=00000040 f10:3f99a96b
14001483ns          238677 1c008762 0817f793 andi             x15, x15, 129       x15=00000000 x15:00000040
14001503ns          238678 1c008766 0a079663 bne              x15, x0, 172        x15:00000000
14001523ns          238679 1c008768 00000793 addi             x15, x0, 0          x15=00000000
14001543ns          238680 1c00876c a0f517d3 flt.s            x15, f10, f15       x15=00000000 f10:3f99a96b f15:00000000
14001563ns          238681 1c008770 0a079663 bne              x15, x0, 172        x15:00000000
14001583ns          238682 1c008772 1c000737 lui              x14, 0x1c000000     x14=1c000000
14001603ns          238683 1c008776 02072783 lw               x15, 32(x14)        x15=40c90fdb x14:1c000000  PA:1c000020
14001921ns          238699 1c00877a a0a797d3 flt.s            x15, f15, f10       x15=00000000 f15:40c90fdb f10:3f99a96b
14001941ns          238700 1c00877e 00078b63 beq              x15, x0, 22         x15:00000000
14002000ns          238703 1c008794 00000793 addi             x15, x0, 0          x15=00000000
14002020ns          238704 1c008798 a0f517d3 flt.s            x15, f10, f15       x15=00000000 f10:3f99a96b f15:00000000
14002040ns          238705 1c00879c 08079a63 bne              x15, x0, 148        x15:00000000
14002060ns          238706 1c00879e 1c0007b7 lui              x15, 0x1c000000     x15=1c000000
14002080ns          238707 1c0087a2 01c7a783 lw               x15, 28(x15)        x15=3fc90fdb x15:1c000000  PA:1c00001c
14002398ns          238723 1c0087a6 a0f517d3 flt.s            x15, f10, f15       x15=00000001 f10:3f99a96b f15:3fc90fdb
14002418ns          238724 1c0087aa 02079563 bne              x15, x0, 42         x15:00000001
14002478ns          238727 1c0087d4 10a57553 fmul.s           f10, f10, f10       f10=xxxxxxxx f10:3f99a96b f10:3f99a96b
14002498ns          238728 1c0087d8 1c0007b7 lui              x15, 0x1c000000     x15=1c000000
14002517ns          238729 1c0087dc 1c000737 lui              x14, 0x1c000000     x14=1c000000
14002537ns          238730 1c0087e0 13472703 lw               x14, 308(x14)       x14=bab59551 x14:1c000000  PA:1c000134
14002876ns          238747 1c0087e4 1307a783 lw               x15, 304(x15)       x15=37c23ab1 x15:1c000000  PA:1c000130
14003194ns          238763 1c0087e8 70f577c3 fmadd.s          f15, f10, f15, f14  f15=xxxxxxxx f10:3fb877e4 f15:37c23ab1 f14:bab59551
14003214ns          238764 1c0087ec 1c000737 lui              x14, 0x1c000000     x14=1c000000
14003234ns          238765 1c0087f0 13872703 lw               x14, 312(x14)       x14=3d2aa76f x14:1c000000  PA:1c000138
14003592ns          238783 1c0087f4 70f577c3 fmadd.s          f15, f10, f15, f14  f15=xxxxxxxx f10:3fb877e4 f15:bab135a8 f14:3d2aa76f
14003611ns          238784 1c0087f8 1c000737 lui              x14, 0x1c000000     x14=1c000000
14003631ns          238785 1c0087fc 13c72703 lw               x14, 316(x14)       x14=beffffe0 x14:1c000000  PA:1c00013c
14003950ns          238801 1c008800 70f577c3 fmadd.s          f15, f10, f15, f14  f15=xxxxxxxx f10:3fb877e4 f15:3d22ac56 f14:beffffe0
14003970ns          238802 1c008804 1c000737 lui              x14, 0x1c000000     x14=1c000000
14003989ns          238803 1c008808 16872703 lw               x14, 360(x14)       x14=3f7fffff x14:1c000000  PA:1c000168
14004328ns          238820 1c00880c 70f57543 fmadd.s          f10, f10, f15, f14  f10=xxxxxxxx f10:3fb877e4 f15:bee2b1dd f14:3f7fffff
14004347ns          238821 1c008810 00008067 jalr             x0, x1, 0            x1:1c0081de
14004407ns          238824 1c0081de 016a7a53 fadd.s           f20, f20, f22       f20=xxxxxxxx f20:3ebd99c0 f22:3efd2311
14004427ns          238825 1c0081e2 10acf553 fmul.s           f10, f25, f10       f10=xxxxxxxx f25:3f800000 f10:3eb94bfb
14004447ns          238826 1c0081e6 a14a97d3 flt.s            x15, f21, f20       x15=00000000 f21:40c90fdb f20:3f5d5e68
14004467ns          238827 1c0081ea 00a4222b p.sw             x10, 4(x8!)          x8=10001ddc x10:3eb94bfb  x8:10001dd8  PA:10001dd8
14004487ns          238828 1c0081ee 00078363 beq              x15, x0, 6          x15:00000000
14004546ns          238831 1c0081f4 ff7412e3 bne              x8, x23, -28         x8:10001ddc x23:10001fc8
14004606ns          238834 1c0081d8 094c7553 fsub.s           f10, f24, f20       f10=xxxxxxxx f24:3fc90fdb f20:3f5d5e68
14004626ns          238835 1c0081dc 57c000ef jal              x1, 1404             x1=1c0081de
14004666ns          238837 1c008758 a0a527d3 feq.s            x15, f10, f10       x15=00000001 f10:3f34c14e f10:3f34c14e
14004686ns          238838 1c00875c 0a078b63 beq              x15, x0, 182        x15:00000001
14004705ns          238839 1c00875e e00517d3 fclass.s         x15, f10            x15=00000040 f10:3f34c14e
14004725ns          238840 1c008762 0817f793 andi             x15, x15, 129       x15=00000000 x15:00000040
14004745ns          238841 1c008766 0a079663 bne              x15, x0, 172        x15:00000000
14004765ns          238842 1c008768 00000793 addi             x15, x0, 0          x15=00000000
14004785ns          238843 1c00876c a0f517d3 flt.s            x15, f10, f15       x15=00000000 f10:3f34c14e f15:00000000
14004805ns          238844 1c008770 0a079663 bne              x15, x0, 172        x15:00000000
14004825ns          238845 1c008772 1c000737 lui              x14, 0x1c000000     x14=1c000000
14004845ns          238846 1c008776 02072783 lw               x15, 32(x14)        x15=40c90fdb x14:1c000000  PA:1c000020
14005163ns          238862 1c00877a a0a797d3 flt.s            x15, f15, f10       x15=00000000 f15:40c90fdb f10:3f34c14e
14005183ns          238863 1c00877e 00078b63 beq              x15, x0, 22         x15:00000000
14005243ns          238866 1c008794 00000793 addi             x15, x0, 0          x15=00000000
14005262ns          238867 1c008798 a0f517d3 flt.s            x15, f10, f15       x15=00000000 f10:3f34c14e f15:00000000
14005282ns          238868 1c00879c 08079a63 bne              x15, x0, 148        x15:00000000
14005302ns          238869 1c00879e 1c0007b7 lui              x15, 0x1c000000     x15=1c000000
14005322ns          238870 1c0087a2 01c7a783 lw               x15, 28(x15)        x15=3fc90fdb x15:1c000000  PA:1c00001c
14005660ns          238887 1c0087a6 a0f517d3 flt.s            x15, f10, f15       x15=00000001 f10:3f34c14e f15:3fc90fdb
14005680ns          238888 1c0087aa 02079563 bne              x15, x0, 42         x15:00000001
14005740ns          238891 1c0087d4 10a57553 fmul.s           f10, f10, f10       f10=xxxxxxxx f10:3f34c14e f10:3f34c14e
14005760ns          238892 1c0087d8 1c0007b7 lui              x15, 0x1c000000     x15=1c000000
14005780ns          238893 1c0087dc 1c000737 lui              x14, 0x1c000000     x14=1c000000
14005799ns          238894 1c0087e0 13472703 lw               x14, 308(x14)       x14=bab59551 x14:1c000000  PA:1c000134
14006118ns          238910 1c0087e4 1307a783 lw               x15, 304(x15)       x15=37c23ab1 x15:1c000000  PA:1c000130
14006496ns          238929 1c0087e8 70f577c3 fmadd.s          f15, f10, f15, f14  f15=xxxxxxxx f10:3eff40cf f15:37c23ab1 f14:bab59551
14006516ns          238930 1c0087ec 1c000737 lui              x14, 0x1c000000     x14=1c000000
14006535ns          238931 1c0087f0 13872703 lw               x14, 312(x14)       x14=3d2aa76f x14:1c000000  PA:1c000138
14006854ns          238947 1c0087f4 70f577c3 fmadd.s          f15, f10, f15, f14  f15=xxxxxxxx f10:3eff40cf f15:bab411fe f14:3d2aa76f
14006874ns          238948 1c0087f8 1c000737 lui              x14, 0x1c000000     x14=1c000000
14006893ns          238949 1c0087fc 13c72703 lw               x14, 316(x14)       x14=beffffe0 x14:1c000000  PA:1c00013c
14007232ns          238966 1c008800 70f577c3 fmadd.s          f15, f10, f15, f14  f15=xxxxxxxx f10:3eff40cf f15:3d27d941 f14:beffffe0
14007251ns          238967 1c008804 1c000737 lui              x14, 0x1c000000     x14=1c000000
14007271ns          238968 1c008808 16872703 lw               x14, 360(x14)       x14=3f7fffff x14:1c000000  PA:1c000168
14007590ns          238984 1c00880c 70f57543 fmadd.s          f10, f10, f15, f14  f10=xxxxxxxx f10:3eff40cf f15:bef58a22 f14:3f7fffff
14007610ns          238985 1c008810 00008067 jalr             x0, x1, 0            x1:1c0081de
14007669ns          238988 1c0081de 016a7a53 fadd.s           f20, f20, f22       f20=xxxxxxxx f20:3f5d5e68 f22:3efd2311
14007689ns          238989 1c0081e2 10acf553 fmul.s           f10, f25, f10       f10=xxxxxxxx f25:3f800000 f10:3f42cb4f
14007709ns          238990 1c0081e6 a14a97d3 flt.s            x15, f21, f20       x15=00000000 f21:40c90fdb f20:3fadf7f8
14007729ns          238991 1c0081ea 00a4222b p.sw             x10, 4(x8!)          x8=10001de0 x10:3f42cb4f  x8:10001ddc  PA:10001ddc
14007749ns          238992 1c0081ee 00078363 beq              x15, x0, 6          x15:00000000
14007808ns          238995 1c0081f4 ff7412e3 bne              x8, x23, -28         x8:10001de0 x23:10001fc8
14007868ns          238998 1c0081d8 094c7553 fsub.s           f10, f24, f20       f10=xxxxxxxx f24:3fc90fdb f20:3fadf7f8
14007888ns          238999 1c0081dc 57c000ef jal              x1, 1404             x1=1c0081de
14007928ns          239001 1c008758 a0a527d3 feq.s            x15, f10, f10       x15=00000001 f10:3e58bf18 f10:3e58bf18
14007948ns          239002 1c00875c 0a078b63 beq              x15, x0, 182        x15:00000001
14007968ns          239003 1c00875e e00517d3 fclass.s         x15, f10            x15=00000040 f10:3e58bf18
14007987ns          239004 1c008762 0817f793 andi             x15, x15, 129       x15=00000000 x15:00000040
14008007ns          239005 1c008766 0a079663 bne              x15, x0, 172        x15:00000000
14008027ns          239006 1c008768 00000793 addi             x15, x0, 0          x15=00000000
14008047ns          239007 1c00876c a0f517d3 flt.s            x15, f10, f15       x15=00000000 f10:3e58bf18 f15:00000000
14008067ns          239008 1c008770 0a079663 bne              x15, x0, 172        x15:00000000
14008087ns          239009 1c008772 1c000737 lui              x14, 0x1c000000     x14=1c000000
14008107ns          239010 1c008776 02072783 lw               x15, 32(x14)        x15=40c90fdb x14:1c000000  PA:1c000020
14008425ns          239026 1c00877a a0a797d3 flt.s            x15, f15, f10       x15=00000000 f15:40c90fdb f10:3e58bf18
14008445ns          239027 1c00877e 00078b63 beq              x15, x0, 22         x15:00000000
14008505ns          239030 1c008794 00000793 addi             x15, x0, 0          x15=00000000
14008525ns          239031 1c008798 a0f517d3 flt.s            x15, f10, f15       x15=00000000 f10:3e58bf18 f15:00000000
14008544ns          239032 1c00879c 08079a63 bne              x15, x0, 148        x15:00000000
14008564ns          239033 1c00879e 1c0007b7 lui              x15, 0x1c000000     x15=1c000000
14008584ns          239034 1c0087a2 01c7a783 lw               x15, 28(x15)        x15=3fc90fdb x15:1c000000  PA:1c00001c
14008902ns          239050 1c0087a6 a0f517d3 flt.s            x15, f10, f15       x15=00000001 f10:3e58bf18 f15:3fc90fdb
14008922ns          239051 1c0087aa 02079563 bne              x15, x0, 42         x15:00000001
14008982ns          239054 1c0087d4 10a57553 fmul.s           f10, f10, f10       f10=xxxxxxxx f10:3e58bf18 f10:3e58bf18
14009002ns          239055 1c0087d8 1c0007b7 lui              x15, 0x1c000000     x15=1c000000
14009022ns          239056 1c0087dc 1c000737 lui              x14, 0x1c000000     x14=1c000000
14009042ns          239057 1c0087e0 13472703 lw               x14, 308(x14)       x14=bab59551 x14:1c000000  PA:1c000134
14009340ns          239072 1c0087e4 1307a783 lw               x15, 304(x15)       x15=37c23ab1 x15:1c000000  PA:1c000130
14009678ns          239089 1c0087e8 70f577c3 fmadd.s          f15, f10, f15, f14  f15=xxxxxxxx f10:3d378307 f15:37c23ab1 f14:bab59551
14009698ns          239090 1c0087ec 1c000737 lui              x14, 0x1c000000     x14=1c000000
14009718ns          239091 1c0087f0 13872703 lw               x14, 312(x14)       x14=3d2aa76f x14:1c000000  PA:1c000138
14010056ns          239108 1c0087f4 70f577c3 fmadd.s          f15, f10, f15, f14  f15=xxxxxxxx f10:3d378307 f15:bab57282 f14:3d2aa76f
14010076ns          239109 1c0087f8 1c000737 lui              x14, 0x1c000000     x14=1c000000
14010096ns          239110 1c0087fc 13c72703 lw               x14, 316(x14)       x14=beffffe0 x14:1c000000  PA:1c00013c
14010414ns          239126 1c008800 70f577c3 fmadd.s          f15, f10, f15, f14  f15=xxxxxxxx f10:3d378307 f15:3d2a6666 f14:beffffe0
14010434ns          239127 1c008804 1c000737 lui              x14, 0x1c000000     x14=1c000000
14010454ns          239128 1c008808 16872703 lw               x14, 360(x14)       x14=3f7fffff x14:1c000000  PA:1c000168
14010772ns          239144 1c00880c 70f57543 fmadd.s          f10, f10, f15, f14  f10=xxxxxxxx f10:3d378307 f15:beff0b93 f14:3f7fffff
14010792ns          239145 1c008810 00008067 jalr             x0, x1, 0            x1:1c0081de
14010852ns          239148 1c0081de 016a7a53 fadd.s           f20, f20, f22       f20=xxxxxxxx f20:3fadf7f8 f22:3efd2311
14010872ns          239149 1c0081e2 10acf553 fmul.s           f10, f25, f10       f10=xxxxxxxx f25:3f800000 f10:3f7a4961
14010892ns          239150 1c0081e6 a14a97d3 flt.s            x15, f21, f20       x15=00000000 f21:40c90fdb f20:3fed40bc
14010911ns          239151 1c0081ea 00a4222b p.sw             x10, 4(x8!)          x8=10001de4 x10:3f7a4961  x8:10001de0  PA:10001de0
14010931ns          239152 1c0081ee 00078363 beq              x15, x0, 6          x15:00000000
14010991ns          239155 1c0081f4 ff7412e3 bne              x8, x23, -28         x8:10001de4 x23:10001fc8
14011051ns          239158 1c0081d8 094c7553 fsub.s           f10, f24, f20       f10=xxxxxxxx f24:3fc90fdb f20:3fed40bc
14011071ns          239159 1c0081dc 57c000ef jal              x1, 1404             x1=1c0081de
14011110ns          239161 1c008758 a0a527d3 feq.s            x15, f10, f10       x15=00000001 f10:be90c384 f10:be90c384
14011130ns          239162 1c00875c 0a078b63 beq              x15, x0, 182        x15:00000001
14011150ns          239163 1c00875e e00517d3 fclass.s         x15, f10            x15=00000002 f10:be90c384
14011170ns          239164 1c008762 0817f793 andi             x15, x15, 129       x15=00000000 x15:00000002
14011190ns          239165 1c008766 0a079663 bne              x15, x0, 172        x15:00000000
14011210ns          239166 1c008768 00000793 addi             x15, x0, 0          x15=00000000
14011230ns          239167 1c00876c a0f517d3 flt.s            x15, f10, f15       x15=00000001 f10:be90c384 f15:00000000
14011250ns          239168 1c008770 0a079663 bne              x15, x0, 172        x15:00000001
14011309ns          239171 1c00881c 1c0007b7 lui              x15, 0x1c000000     x15=1c000000
14011329ns          239172 1c008820 12c7a783 lw               x15, 300(x15)       x15=c0c90fdb x15:1c000000  PA:1c00012c
14011667ns          239189 1c008824 a0f517d3 flt.s            x15, f10, f15       x15=00000000 f10:be90c384 f15:c0c90fdb
14011687ns          239190 1c008828 00078463 beq              x15, x0, 8          x15:00000000
14011747ns          239193 1c008830 20a51553 fsgnjn.s         f10, f10, f10       f10=xxxxxxxx f10:be90c384 f10:be90c384
14011767ns          239194 1c008834 f6bff06f jal              x0, -150           
14011826ns          239197 1c00879e 1c0007b7 lui              x15, 0x1c000000     x15=1c000000
14011846ns          239198 1c0087a2 01c7a783 lw               x15, 28(x15)        x15=3fc90fdb x15:1c000000  PA:1c00001c
14012165ns          239214 1c0087a6 a0f517d3 flt.s            x15, f10, f15       x15=00000001 f10:3e90c384 f15:3fc90fdb
14012184ns          239215 1c0087aa 02079563 bne              x15, x0, 42         x15:00000001
14012244ns          239218 1c0087d4 10a57553 fmul.s           f10, f10, f10       f10=xxxxxxxx f10:3e90c384 f10:3e90c384
14012264ns          239219 1c0087d8 1c0007b7 lui              x15, 0x1c000000     x15=1c000000
14012284ns          239220 1c0087dc 1c000737 lui              x14, 0x1c000000     x14=1c000000
14012304ns          239221 1c0087e0 13472703 lw               x14, 308(x14)       x14=bab59551 x14:1c000000  PA:1c000134
14012602ns          239236 1c0087e4 1307a783 lw               x15, 304(x15)       x15=37c23ab1 x15:1c000000  PA:1c000130
14012920ns          239252 1c0087e8 70f577c3 fmadd.s          f15, f10, f15, f14  f15=xxxxxxxx f10:3da3b914 f15:37c23ab1 f14:bab59551
14012940ns          239253 1c0087ec 1c000737 lui              x14, 0x1c000000     x14=1c000000
14012960ns          239254 1c0087f0 13872703 lw               x14, 312(x14)       x14=3d2aa76f x14:1c000000  PA:1c000138
14013278ns          239270 1c0087f4 70f577c3 fmadd.s          f15, f10, f15, f14  f15=xxxxxxxx f10:3da3b914 f15:bab55735 f14:3d2aa76f
14013298ns          239271 1c0087f8 1c000737 lui              x14, 0x1c000000     x14=1c000000
14013318ns          239272 1c0087fc 13c72703 lw               x14, 316(x14)       x14=beffffe0 x14:1c000000  PA:1c00013c
14013656ns          239289 1c008800 70f577c3 fmadd.s          f15, f10, f15, f14  f15=xxxxxxxx f10:3da3b914 f15:3d2a3375 f14:beffffe0
14013676ns          239290 1c008804 1c000737 lui              x14, 0x1c000000     x14=1c000000
14013696ns          239291 1c008808 16872703 lw               x14, 360(x14)       x14=3f7fffff x14:1c000000  PA:1c000168
14014014ns          239307 1c00880c 70f57543 fmadd.s          f10, f10, f15, f14  f10=xxxxxxxx f10:3da3b914 f15:befe4c79 f14:3f7fffff
14014034ns          239308 1c008810 00008067 jalr             x0, x1, 0            x1:1c0081de
14014094ns          239311 1c0081de 016a7a53 fadd.s           f20, f20, f22       f20=xxxxxxxx f20:3fed40bc f22:3efd2311
14014114ns          239312 1c0081e2 10acf553 fmul.s           f10, f25, f10       f10=xxxxxxxx f25:3f800000 f10:3f75d5d6
14014134ns          239313 1c0081e6 a14a97d3 flt.s            x15, f21, f20       x15=00000000 f21:40c90fdb f20:401644c0
14014154ns          239314 1c0081ea 00a4222b p.sw             x10, 4(x8!)          x8=10001de8 x10:3f75d5d6  x8:10001de4  PA:10001de4
14014173ns          239315 1c0081ee 00078363 beq              x15, x0, 6          x15:00000000
14014233ns          239318 1c0081f4 ff7412e3 bne              x8, x23, -28         x8:10001de8 x23:10001fc8
14014293ns          239321 1c0081d8 094c7553 fsub.s           f10, f24, f20       f10=xxxxxxxx f24:3fc90fdb f20:401644c0
14014313ns          239322 1c0081dc 57c000ef jal              x1, 1404             x1=1c0081de
14014352ns          239324 1c008758 a0a527d3 feq.s            x15, f10, f10       x15=00000001 f10:bf46f34a f10:bf46f34a
14014372ns          239325 1c00875c 0a078b63 beq              x15, x0, 182        x15:00000001
14014392ns          239326 1c00875e e00517d3 fclass.s         x15, f10            x15=00000002 f10:bf46f34a
14014412ns          239327 1c008762 0817f793 andi             x15, x15, 129       x15=00000000 x15:00000002
14014432ns          239328 1c008766 0a079663 bne              x15, x0, 172        x15:00000000
14014452ns          239329 1c008768 00000793 addi             x15, x0, 0          x15=00000000
14014472ns          239330 1c00876c a0f517d3 flt.s            x15, f10, f15       x15=00000001 f10:bf46f34a f15:00000000
14014492ns          239331 1c008770 0a079663 bne              x15, x0, 172        x15:00000001
14014551ns          239334 1c00881c 1c0007b7 lui              x15, 0x1c000000     x15=1c000000
14014571ns          239335 1c008820 12c7a783 lw               x15, 300(x15)       x15=c0c90fdb x15:1c000000  PA:1c00012c
14014929ns          239353 1c008824 a0f517d3 flt.s            x15, f10, f15       x15=00000000 f10:bf46f34a f15:c0c90fdb
14014949ns          239354 1c008828 00078463 beq              x15, x0, 8          x15:00000000
14015009ns          239357 1c008830 20a51553 fsgnjn.s         f10, f10, f10       f10=xxxxxxxx f10:bf46f34a f10:bf46f34a
14015029ns          239358 1c008834 f6bff06f jal              x0, -150           
14015088ns          239361 1c00879e 1c0007b7 lui              x15, 0x1c000000     x15=1c000000
14015108ns          239362 1c0087a2 01c7a783 lw               x15, 28(x15)        x15=3fc90fdb x15:1c000000  PA:1c00001c
14015427ns          239378 1c0087a6 a0f517d3 flt.s            x15, f10, f15       x15=00000001 f10:3f46f34a f15:3fc90fdb
14015446ns          239379 1c0087aa 02079563 bne              x15, x0, 42         x15:00000001
14015506ns          239382 1c0087d4 10a57553 fmul.s           f10, f10, f10       f10=xxxxxxxx f10:3f46f34a f10:3f46f34a
14015526ns          239383 1c0087d8 1c0007b7 lui              x15, 0x1c000000     x15=1c000000
14015546ns          239384 1c0087dc 1c000737 lui              x14, 0x1c000000     x14=1c000000
14015566ns          239385 1c0087e0 13472703 lw               x14, 308(x14)       x14=bab59551 x14:1c000000  PA:1c000134
14015864ns          239400 1c0087e4 1307a783 lw               x15, 304(x15)       x15=37c23ab1 x15:1c000000  PA:1c000130
14016242ns          239419 1c0087e8 70f577c3 fmadd.s          f15, f10, f15, f14  f15=xxxxxxxx f10:3f1a9d3e f15:37c23ab1 f14:bab59551
14016262ns          239420 1c0087ec 1c000737 lui              x14, 0x1c000000     x14=1c000000
14016282ns          239421 1c0087f0 13872703 lw               x14, 312(x14)       x14=3d2aa76f x14:1c000000  PA:1c000138
14016600ns          239437 1c0087f4 70f577c3 fmadd.s          f15, f10, f15, f14  f15=xxxxxxxx f10:3f1a9d3e f15:bab3c017 f14:3d2aa76f
14016620ns          239438 1c0087f8 1c000737 lui              x14, 0x1c000000     x14=1c000000
14016640ns          239439 1c0087fc 13c72703 lw               x14, 316(x14)       x14=beffffe0 x14:1c000000  PA:1c00013c
14016958ns          239455 1c008800 70f577c3 fmadd.s          f15, f10, f15, f14  f15=xxxxxxxx f10:3f1a9d3e f15:3d2742ef f14:beffffe0
14016978ns          239456 1c008804 1c000737 lui              x14, 0x1c000000     x14=1c000000
14016998ns          239457 1c008808 16872703 lw               x14, 360(x14)       x14=3f7fffff x14:1c000000  PA:1c000168
14017316ns          239473 1c00880c 70f57543 fmadd.s          f10, f10, f15, f14  f10=xxxxxxxx f10:3f1a9d3e f15:bef35f40 f14:3f7fffff
14017336ns          239474 1c008810 00008067 jalr             x0, x1, 0            x1:1c0081de
14017396ns          239477 1c0081de 016a7a53 fadd.s           f20, f20, f22       f20=xxxxxxxx f20:401644c0 f22:3efd2311
14017416ns          239478 1c0081e2 10acf553 fmul.s           f10, f25, f10       f10=xxxxxxxx f25:3f800000 f10:3f36819b
14017436ns          239479 1c0081e6 a14a97d3 flt.s            x15, f21, f20       x15=00000000 f21:40c90fdb f20:4035e922
14017455ns          239480 1c0081ea 00a4222b p.sw             x10, 4(x8!)          x8=10001dec x10:3f36819b  x8:10001de8  PA:10001de8
14017475ns          239481 1c0081ee 00078363 beq              x15, x0, 6          x15:00000000
14017535ns          239484 1c0081f4 ff7412e3 bne              x8, x23, -28         x8:10001dec x23:10001fc8
14017595ns          239487 1c0081d8 094c7553 fsub.s           f10, f24, f20       f10=xxxxxxxx f24:3fc90fdb f20:4035e922
14017615ns          239488 1c0081dc 57c000ef jal              x1, 1404             x1=1c0081de
14017654ns          239490 1c008758 a0a527d3 feq.s            x15, f10, f10       x15=00000001 f10:bfa2c269 f10:bfa2c269
14017674ns          239491 1c00875c 0a078b63 beq              x15, x0, 182        x15:00000001
14017694ns          239492 1c00875e e00517d3 fclass.s         x15, f10            x15=00000002 f10:bfa2c269
14017714ns          239493 1c008762 0817f793 andi             x15, x15, 129       x15=00000000 x15:00000002
14017734ns          239494 1c008766 0a079663 bne              x15, x0, 172        x15:00000000
14017754ns          239495 1c008768 00000793 addi             x15, x0, 0          x15=00000000
14017774ns          239496 1c00876c a0f517d3 flt.s            x15, f10, f15       x15=00000001 f10:bfa2c269 f15:00000000
14017794ns          239497 1c008770 0a079663 bne              x15, x0, 172        x15:00000001
14017853ns          239500 1c00881c 1c0007b7 lui              x15, 0x1c000000     x15=1c000000
14017873ns          239501 1c008820 12c7a783 lw               x15, 300(x15)       x15=c0c90fdb x15:1c000000  PA:1c00012c
14018191ns          239517 1c008824 a0f517d3 flt.s            x15, f10, f15       x15=00000000 f10:bfa2c269 f15:c0c90fdb
14018211ns          239518 1c008828 00078463 beq              x15, x0, 8          x15:00000000
14018271ns          239521 1c008830 20a51553 fsgnjn.s         f10, f10, f10       f10=xxxxxxxx f10:bfa2c269 f10:bfa2c269
14018291ns          239522 1c008834 f6bff06f jal              x0, -150           
14018351ns          239525 1c00879e 1c0007b7 lui              x15, 0x1c000000     x15=1c000000
14018370ns          239526 1c0087a2 01c7a783 lw               x15, 28(x15)        x15=3fc90fdb x15:1c000000  PA:1c00001c
14018709ns          239543 1c0087a6 a0f517d3 flt.s            x15, f10, f15       x15=00000001 f10:3fa2c269 f15:3fc90fdb
14018728ns          239544 1c0087aa 02079563 bne              x15, x0, 42         x15:00000001
14018788ns          239547 1c0087d4 10a57553 fmul.s           f10, f10, f10       f10=xxxxxxxx f10:3fa2c269 f10:3fa2c269
14018808ns          239548 1c0087d8 1c0007b7 lui              x15, 0x1c000000     x15=1c000000
14018828ns          239549 1c0087dc 1c000737 lui              x14, 0x1c000000     x14=1c000000
14018848ns          239550 1c0087e0 13472703 lw               x14, 308(x14)       x14=bab59551 x14:1c000000  PA:1c000134
14019166ns          239566 1c0087e4 1307a783 lw               x15, 304(x15)       x15=37c23ab1 x15:1c000000  PA:1c000130
14019484ns          239582 1c0087e8 70f577c3 fmadd.s          f15, f10, f15, f14  f15=xxxxxxxx f10:3fcef541 f15:37c23ab1 f14:bab59551
14019504ns          239583 1c0087ec 1c000737 lui              x14, 0x1c000000     x14=1c000000
14019524ns          239584 1c0087f0 13872703 lw               x14, 312(x14)       x14=3d2aa76f x14:1c000000  PA:1c000138
14019842ns          239600 1c0087f4 70f577c3 fmadd.s          f15, f10, f15, f14  f15=xxxxxxxx f10:3fcef541 f15:bab0ad27 f14:3d2aa76f
14019862ns          239601 1c0087f8 1c000737 lui              x14, 0x1c000000     x14=1c000000
14019882ns          239602 1c0087fc 13c72703 lw               x14, 316(x14)       x14=beffffe0 x14:1c000000  PA:1c00013c
14020240ns          239620 1c008800 70f577c3 fmadd.s          f15, f10, f15, f14  f15=xxxxxxxx f10:3fcef541 f15:3d21ba26 f14:beffffe0
14020260ns          239621 1c008804 1c000737 lui              x14, 0x1c000000     x14=1c000000
14020280ns          239622 1c008808 16872703 lw               x14, 360(x14)       x14=3f7fffff x14:1c000000  PA:1c000168
14020598ns          239638 1c00880c 70f57543 fmadd.s          f10, f10, f15, f14  f10=xxxxxxxx f10:3fcef541 f15:bedf5031 f14:3f7fffff
14020618ns          239639 1c008810 00008067 jalr             x0, x1, 0            x1:1c0081de
14020678ns          239642 1c0081de 016a7a53 fadd.s           f20, f20, f22       f20=xxxxxxxx f20:4035e922 f22:3efd2311
14020698ns          239643 1c0081e2 10acf553 fmul.s           f10, f25, f10       f10=xxxxxxxx f25:3f800000 f10:3e96ef0e
14020718ns          239644 1c0081e6 a14a97d3 flt.s            x15, f21, f20       x15=00000000 f21:40c90fdb f20:40558d84
14020737ns          239645 1c0081ea 00a4222b p.sw             x10, 4(x8!)          x8=10001df0 x10:3e96ef0e  x8:10001dec  PA:10001dec
14020757ns          239646 1c0081ee 00078363 beq              x15, x0, 6          x15:00000000
14020817ns          239649 1c0081f4 ff7412e3 bne              x8, x23, -28         x8:10001df0 x23:10001fc8
14020877ns          239652 1c0081d8 094c7553 fsub.s           f10, f24, f20       f10=xxxxxxxx f24:3fc90fdb f20:40558d84
14020897ns          239653 1c0081dc 57c000ef jal              x1, 1404             x1=1c0081de
14020936ns          239655 1c008758 a0a527d3 feq.s            x15, f10, f10       x15=00000001 f10:bfe20b2d f10:bfe20b2d
14020956ns          239656 1c00875c 0a078b63 beq              x15, x0, 182        x15:00000001
14020976ns          239657 1c00875e e00517d3 fclass.s         x15, f10            x15=00000002 f10:bfe20b2d
14020996ns          239658 1c008762 0817f793 andi             x15, x15, 129       x15=00000000 x15:00000002
14021016ns          239659 1c008766 0a079663 bne              x15, x0, 172        x15:00000000
14021036ns          239660 1c008768 00000793 addi             x15, x0, 0          x15=00000000
14021056ns          239661 1c00876c a0f517d3 flt.s            x15, f10, f15       x15=00000001 f10:bfe20b2d f15:00000000
14021076ns          239662 1c008770 0a079663 bne              x15, x0, 172        x15:00000001
14021135ns          239665 1c00881c 1c0007b7 lui              x15, 0x1c000000     x15=1c000000
14021155ns          239666 1c008820 12c7a783 lw               x15, 300(x15)       x15=c0c90fdb x15:1c000000  PA:1c00012c
14021473ns          239682 1c008824 a0f517d3 flt.s            x15, f10, f15       x15=00000000 f10:bfe20b2d f15:c0c90fdb
14021493ns          239683 1c008828 00078463 beq              x15, x0, 8          x15:00000000
14021553ns          239686 1c008830 20a51553 fsgnjn.s         f10, f10, f10       f10=xxxxxxxx f10:bfe20b2d f10:bfe20b2d
14021573ns          239687 1c008834 f6bff06f jal              x0, -150           
14021633ns          239690 1c00879e 1c0007b7 lui              x15, 0x1c000000     x15=1c000000
14021652ns          239691 1c0087a2 01c7a783 lw               x15, 28(x15)        x15=3fc90fdb x15:1c000000  PA:1c00001c
14021991ns          239708 1c0087a6 a0f517d3 flt.s            x15, f10, f15       x15=00000000 f10:3fe20b2d f15:3fc90fdb
14022010ns          239709 1c0087aa 02079563 bne              x15, x0, 42         x15:00000000
14022030ns          239710 1c0087ac 1c0007b7 lui              x15, 0x1c000000     x15=1c000000
14022050ns          239711 1c0087b0 1007a783 lw               x15, 256(x15)       x15=40490fdb x15:1c000000  PA:1c000100
14022368ns          239727 1c0087b4 a0f51753 flt.s            x14, f10, f15       x14=00000001 f10:3fe20b2d f15:40490fdb
14022388ns          239728 1c0087b8 06071f63 bne              x14, x0, 126        x14:00000001
14022468ns          239732 1c008836 08a7f553 fsub.s           f10, f15, f10       f10=xxxxxxxx f15:40490fdb f10:3fe20b2d
14022488ns          239733 1c00883a 10a57553 fmul.s           f10, f10, f10       f10=xxxxxxxx f10:3fb01489 f10:3fb01489
14022508ns          239734 1c00883e 1c0007b7 lui              x15, 0x1c000000     x15=1c000000
14022528ns          239735 1c008842 1c000737 lui              x14, 0x1c000000     x14=1c000000
14022547ns          239736 1c008846 13472703 lw               x14, 308(x14)       x14=bab59551 x14:1c000000  PA:1c000134
14022866ns          239752 1c00884a 1307a783 lw               x15, 304(x15)       x15=37c23ab1 x15:1c000000  PA:1c000130
14023264ns          239772 1c00884e 70f577c3 fmadd.s          f15, f10, f15, f14  f15=xxxxxxxx f10:3ff2387c f15:37c23ab1 f14:bab59551
14023283ns          239773 1c008852 1c000737 lui              x14, 0x1c000000     x14=1c000000
14023303ns          239774 1c008856 13872703 lw               x14, 312(x14)       x14=3d2aa76f x14:1c000000  PA:1c000138
14023622ns          239790 1c00885a 70f577c3 fmadd.s          f15, f10, f15, f14  f15=xxxxxxxx f10:3ff2387c f15:baafd71e f14:3d2aa76f
14023641ns          239791 1c00885e 1c000737 lui              x14, 0x1c000000     x14=1c000000
14023661ns          239792 1c008862 13c72703 lw               x14, 316(x14)       x14=beffffe0 x14:1c000000  PA:1c00013c
14023980ns          239808 1c008866 70f577c3 fmadd.s          f15, f10, f15, f14  f15=xxxxxxxx f10:3ff2387c f15:3d20416d f14:beffffe0
14024000ns          239809 1c00886a 1c000737 lui              x14, 0x1c000000     x14=1c000000
14024019ns          239810 1c00886e 16872703 lw               x14, 360(x14)       x14=3f7fffff x14:1c000000  PA:1c000168
14024338ns          239826 1c008872 70f57543 fmadd.s          f10, f10, f15, f14  f10=xxxxxxxx f10:3ff2387c f15:beda1793 f14:3f7fffff
14024358ns          239827 1c008876 20a51553 fsgnjn.s         f10, f10, f10       f10=xxxxxxxx f10:3e46965d f10:3e46965d
14024377ns          239828 1c00887a 00008067 jalr             x0, x1, 0            x1:1c0081de
14024437ns          239831 1c0081de 016a7a53 fadd.s           f20, f20, f22       f20=xxxxxxxx f20:40558d84 f22:3efd2311
14024457ns          239832 1c0081e2 10acf553 fmul.s           f10, f25, f10       f10=xxxxxxxx f25:3f800000 f10:be46965d
14024477ns          239833 1c0081e6 a14a97d3 flt.s            x15, f21, f20       x15=00000000 f21:40c90fdb f20:407531e6
14024497ns          239834 1c0081ea 00a4222b p.sw             x10, 4(x8!)          x8=10001df4 x10:be46965d  x8:10001df0  PA:10001df0
14024517ns          239835 1c0081ee 00078363 beq              x15, x0, 6          x15:00000000
14024576ns          239838 1c0081f4 ff7412e3 bne              x8, x23, -28         x8:10001df4 x23:10001fc8
14024636ns          239841 1c0081d8 094c7553 fsub.s           f10, f24, f20       f10=xxxxxxxx f24:3fc90fdb f20:407531e6
14024656ns          239842 1c0081dc 57c000ef jal              x1, 1404             x1=1c0081de
14024696ns          239844 1c008758 a0a527d3 feq.s            x15, f10, f10       x15=00000001 f10:c010a9f8 f10:c010a9f8
14024716ns          239845 1c00875c 0a078b63 beq              x15, x0, 182        x15:00000001
14024735ns          239846 1c00875e e00517d3 fclass.s         x15, f10            x15=00000002 f10:c010a9f8
14024755ns          239847 1c008762 0817f793 andi             x15, x15, 129       x15=00000000 x15:00000002
14024775ns          239848 1c008766 0a079663 bne              x15, x0, 172        x15:00000000
14024795ns          239849 1c008768 00000793 addi             x15, x0, 0          x15=00000000
14024815ns          239850 1c00876c a0f517d3 flt.s            x15, f10, f15       x15=00000001 f10:c010a9f8 f15:00000000
14024835ns          239851 1c008770 0a079663 bne              x15, x0, 172        x15:00000001
14024895ns          239854 1c00881c 1c0007b7 lui              x15, 0x1c000000     x15=1c000000
14024914ns          239855 1c008820 12c7a783 lw               x15, 300(x15)       x15=c0c90fdb x15:1c000000  PA:1c00012c
14025233ns          239871 1c008824 a0f517d3 flt.s            x15, f10, f15       x15=00000000 f10:c010a9f8 f15:c0c90fdb
14025253ns          239872 1c008828 00078463 beq              x15, x0, 8          x15:00000000
14025312ns          239875 1c008830 20a51553 fsgnjn.s         f10, f10, f10       f10=xxxxxxxx f10:c010a9f8 f10:c010a9f8
14025332ns          239876 1c008834 f6bff06f jal              x0, -150           
14025392ns          239879 1c00879e 1c0007b7 lui              x15, 0x1c000000     x15=1c000000
14025412ns          239880 1c0087a2 01c7a783 lw               x15, 28(x15)        x15=3fc90fdb x15:1c000000  PA:1c00001c
14025730ns          239896 1c0087a6 a0f517d3 flt.s            x15, f10, f15       x15=00000000 f10:4010a9f8 f15:3fc90fdb
14025750ns          239897 1c0087aa 02079563 bne              x15, x0, 42         x15:00000000
14025770ns          239898 1c0087ac 1c0007b7 lui              x15, 0x1c000000     x15=1c000000
14025790ns          239899 1c0087b0 1007a783 lw               x15, 256(x15)       x15=40490fdb x15:1c000000  PA:1c000100
14026108ns          239915 1c0087b4 a0f51753 flt.s            x14, f10, f15       x14=00000001 f10:4010a9f8 f15:40490fdb
14026128ns          239916 1c0087b8 06071f63 bne              x14, x0, 126        x14:00000001
14026207ns          239920 1c008836 08a7f553 fsub.s           f10, f15, f10       f10=xxxxxxxx f15:40490fdb f10:4010a9f8
14026227ns          239921 1c00883a 10a57553 fmul.s           f10, f10, f10       f10=xxxxxxxx f10:3f61978c f10:3f61978c
14026247ns          239922 1c00883e 1c0007b7 lui              x15, 0x1c000000     x15=1c000000
14026267ns          239923 1c008842 1c000737 lui              x14, 0x1c000000     x14=1c000000
14026287ns          239924 1c008846 13472703 lw               x14, 308(x14)       x14=bab59551 x14:1c000000  PA:1c000134
14026605ns          239940 1c00884a 1307a783 lw               x15, 304(x15)       x15=37c23ab1 x15:1c000000  PA:1c000130
14026943ns          239957 1c00884e 70f577c3 fmadd.s          f15, f10, f15, f14  f15=xxxxxxxx f10:3f46cbbe f15:37c23ab1 f14:bab59551
14026963ns          239958 1c008852 1c000737 lui              x14, 0x1c000000     x14=1c000000
14026983ns          239959 1c008856 13872703 lw               x14, 312(x14)       x14=3d2aa76f x14:1c000000  PA:1c000138
14027301ns          239975 1c00885a 70f577c3 fmadd.s          f15, f10, f15, f14  f15=xxxxxxxx f10:3f46cbbe f15:bab33a01 f14:3d2aa76f
14027321ns          239976 1c00885e 1c000737 lui              x14, 0x1c000000     x14=1c000000
14027341ns          239977 1c008862 13c72703 lw               x14, 316(x14)       x14=beffffe0 x14:1c000000  PA:1c00013c
14027659ns          239993 1c008866 70f577c3 fmadd.s          f15, f10, f15, f14  f15=xxxxxxxx f10:3f46cbbe f15:3d264e03 f14:beffffe0
14027679ns          239994 1c00886a 1c000737 lui              x14, 0x1c000000     x14=1c000000
14027699ns          239995 1c00886e 16872703 lw               x14, 360(x14)       x14=3f7fffff x14:1c000000  PA:1c000168
14028037ns          240012 1c008872 70f57543 fmadd.s          f10, f10, f15, f14  f10=xxxxxxxx f10:3f46cbbe f15:beefdb4a f14:3f7fffff
14028057ns          240013 1c008876 20a51553 fsgnjn.s         f10, f10, f10       f10=xxxxxxxx f10:3f22debf f10:3f22debf
14028077ns          240014 1c00887a 00008067 jalr             x0, x1, 0            x1:1c0081de
14028137ns          240017 1c0081de 016a7a53 fadd.s           f20, f20, f22       f20=xxxxxxxx f20:407531e6 f22:3efd2311
14028157ns          240018 1c0081e2 10acf553 fmul.s           f10, f25, f10       f10=xxxxxxxx f25:3f800000 f10:bf22debf
14028177ns          240019 1c0081e6 a14a97d3 flt.s            x15, f21, f20       x15=00000000 f21:40c90fdb f20:408a6b24
14028196ns          240020 1c0081ea 00a4222b p.sw             x10, 4(x8!)          x8=10001df8 x10:bf22debf  x8:10001df4  PA:10001df4
14028216ns          240021 1c0081ee 00078363 beq              x15, x0, 6          x15:00000000
14028276ns          240024 1c0081f4 ff7412e3 bne              x8, x23, -28         x8:10001df8 x23:10001fc8
14028336ns          240027 1c0081d8 094c7553 fsub.s           f10, f24, f20       f10=xxxxxxxx f24:3fc90fdb f20:408a6b24
14028356ns          240028 1c0081dc 57c000ef jal              x1, 1404             x1=1c0081de
14028395ns          240030 1c008758 a0a527d3 feq.s            x15, f10, f10       x15=00000001 f10:c0304e5a f10:c0304e5a
14028415ns          240031 1c00875c 0a078b63 beq              x15, x0, 182        x15:00000001
14028435ns          240032 1c00875e e00517d3 fclass.s         x15, f10            x15=00000002 f10:c0304e5a
14028455ns          240033 1c008762 0817f793 andi             x15, x15, 129       x15=00000000 x15:00000002
14028475ns          240034 1c008766 0a079663 bne              x15, x0, 172        x15:00000000
14028495ns          240035 1c008768 00000793 addi             x15, x0, 0          x15=00000000
14028515ns          240036 1c00876c a0f517d3 flt.s            x15, f10, f15       x15=00000001 f10:c0304e5a f15:00000000
14028535ns          240037 1c008770 0a079663 bne              x15, x0, 172        x15:00000001
14028594ns          240040 1c00881c 1c0007b7 lui              x15, 0x1c000000     x15=1c000000
14028614ns          240041 1c008820 12c7a783 lw               x15, 300(x15)       x15=c0c90fdb x15:1c000000  PA:1c00012c
14028952ns          240058 1c008824 a0f517d3 flt.s            x15, f10, f15       x15=00000000 f10:c0304e5a f15:c0c90fdb
14028972ns          240059 1c008828 00078463 beq              x15, x0, 8          x15:00000000
14029032ns          240062 1c008830 20a51553 fsgnjn.s         f10, f10, f10       f10=xxxxxxxx f10:c0304e5a f10:c0304e5a
14029052ns          240063 1c008834 f6bff06f jal              x0, -150           
14029111ns          240066 1c00879e 1c0007b7 lui              x15, 0x1c000000     x15=1c000000
14029131ns          240067 1c0087a2 01c7a783 lw               x15, 28(x15)        x15=3fc90fdb x15:1c000000  PA:1c00001c
14029450ns          240083 1c0087a6 a0f517d3 flt.s            x15, f10, f15       x15=00000000 f10:40304e5a f15:3fc90fdb
14029469ns          240084 1c0087aa 02079563 bne              x15, x0, 42         x15:00000000
14029489ns          240085 1c0087ac 1c0007b7 lui              x15, 0x1c000000     x15=1c000000
14029509ns          240086 1c0087b0 1007a783 lw               x15, 256(x15)       x15=40490fdb x15:1c000000  PA:1c000100
14029828ns          240102 1c0087b4 a0f51753 flt.s            x14, f10, f15       x14=00000001 f10:40304e5a f15:40490fdb
14029847ns          240103 1c0087b8 06071f63 bne              x14, x0, 126        x14:00000001
14029927ns          240107 1c008836 08a7f553 fsub.s           f10, f15, f10       f10=xxxxxxxx f15:40490fdb f10:40304e5a
14029947ns          240108 1c00883a 10a57553 fmul.s           f10, f10, f10       f10=xxxxxxxx f10:3ec60c08 f10:3ec60c08
14029967ns          240109 1c00883e 1c0007b7 lui              x15, 0x1c000000     x15=1c000000
14029987ns          240110 1c008842 1c000737 lui              x14, 0x1c000000     x14=1c000000
14030007ns          240111 1c008846 13472703 lw               x14, 308(x14)       x14=bab59551 x14:1c000000  PA:1c000134
14030305ns          240126 1c00884a 1307a783 lw               x15, 304(x15)       x15=37c23ab1 x15:1c000000  PA:1c000130
14030643ns          240143 1c00884e 70f577c3 fmadd.s          f15, f10, f15, f14  f15=xxxxxxxx f10:3e19369d f15:37c23ab1 f14:bab59551
14030663ns          240144 1c008852 1c000737 lui              x14, 0x1c000000     x14=1c000000
14030683ns          240145 1c008856 13872703 lw               x14, 312(x14)       x14=3d2aa76f x14:1c000000  PA:1c000138
14031041ns          240163 1c00885a 70f577c3 fmadd.s          f15, f10, f15, f14  f15=xxxxxxxx f10:3e19369d f15:bab52112 f14:3d2aa76f
14031061ns          240164 1c00885e 1c000737 lui              x14, 0x1c000000     x14=1c000000
14031081ns          240165 1c008862 13c72703 lw               x14, 316(x14)       x14=beffffe0 x14:1c000000  PA:1c00013c
14031439ns          240183 1c008866 70f577c3 fmadd.s          f15, f10, f15, f14  f15=xxxxxxxx f10:3e19369d f15:3d29cea0 f14:beffffe0
14031459ns          240184 1c00886a 1c000737 lui              x14, 0x1c000000     x14=1c000000
14031478ns          240185 1c00886e 16872703 lw               x14, 360(x14)       x14=3f7fffff x14:1c000000  PA:1c000168
14031797ns          240201 1c008872 70f57543 fmadd.s          f10, f10, f15, f14  f10=xxxxxxxx f10:3e19369d f15:befcd2da f14:3f7fffff
14031817ns          240202 1c008876 20a51553 fsgnjn.s         f10, f10, f10       f10=xxxxxxxx f10:3f6d1601 f10:3f6d1601
14031836ns          240203 1c00887a 00008067 jalr             x0, x1, 0            x1:1c0081de
14031896ns          240206 1c0081de 016a7a53 fadd.s           f20, f20, f22       f20=xxxxxxxx f20:408a6b24 f22:3efd2311
14031916ns          240207 1c0081e2 10acf553 fmul.s           f10, f25, f10       f10=xxxxxxxx f25:3f800000 f10:bf6d1601
14031936ns          240208 1c0081e6 a14a97d3 flt.s            x15, f21, f20       x15=00000000 f21:40c90fdb f20:409a3d55
14031956ns          240209 1c0081ea 00a4222b p.sw             x10, 4(x8!)          x8=10001dfc x10:bf6d1601  x8:10001df8  PA:10001df8
14031976ns          240210 1c0081ee 00078363 beq              x15, x0, 6          x15:00000000
14032035ns          240213 1c0081f4 ff7412e3 bne              x8, x23, -28         x8:10001dfc x23:10001fc8
14032095ns          240216 1c0081d8 094c7553 fsub.s           f10, f24, f20       f10=xxxxxxxx f24:3fc90fdb f20:409a3d55
14032115ns          240217 1c0081dc 57c000ef jal              x1, 1404             x1=1c0081de
14032155ns          240219 1c008758 a0a527d3 feq.s            x15, f10, f10       x15=00000001 f10:c04ff2bc f10:c04ff2bc
14032175ns          240220 1c00875c 0a078b63 beq              x15, x0, 182        x15:00000001
14032195ns          240221 1c00875e e00517d3 fclass.s         x15, f10            x15=00000002 f10:c04ff2bc
14032214ns          240222 1c008762 0817f793 andi             x15, x15, 129       x15=00000000 x15:00000002
14032234ns          240223 1c008766 0a079663 bne              x15, x0, 172        x15:00000000
14032254ns          240224 1c008768 00000793 addi             x15, x0, 0          x15=00000000
14032274ns          240225 1c00876c a0f517d3 flt.s            x15, f10, f15       x15=00000001 f10:c04ff2bc f15:00000000
14032294ns          240226 1c008770 0a079663 bne              x15, x0, 172        x15:00000001
14032354ns          240229 1c00881c 1c0007b7 lui              x15, 0x1c000000     x15=1c000000
14032374ns          240230 1c008820 12c7a783 lw               x15, 300(x15)       x15=c0c90fdb x15:1c000000  PA:1c00012c
14032692ns          240246 1c008824 a0f517d3 flt.s            x15, f10, f15       x15=00000000 f10:c04ff2bc f15:c0c90fdb
14032712ns          240247 1c008828 00078463 beq              x15, x0, 8          x15:00000000
14032771ns          240250 1c008830 20a51553 fsgnjn.s         f10, f10, f10       f10=xxxxxxxx f10:c04ff2bc f10:c04ff2bc
14032791ns          240251 1c008834 f6bff06f jal              x0, -150           
14032851ns          240254 1c00879e 1c0007b7 lui              x15, 0x1c000000     x15=1c000000
14032871ns          240255 1c0087a2 01c7a783 lw               x15, 28(x15)        x15=3fc90fdb x15:1c000000  PA:1c00001c
14033189ns          240271 1c0087a6 a0f517d3 flt.s            x15, f10, f15       x15=00000000 f10:404ff2bc f15:3fc90fdb
14033209ns          240272 1c0087aa 02079563 bne              x15, x0, 42         x15:00000000
14033229ns          240273 1c0087ac 1c0007b7 lui              x15, 0x1c000000     x15=1c000000
14033249ns          240274 1c0087b0 1007a783 lw               x15, 256(x15)       x15=40490fdb x15:1c000000  PA:1c000100
14033587ns          240291 1c0087b4 a0f51753 flt.s            x14, f10, f15       x14=00000000 f10:404ff2bc f15:40490fdb
14033607ns          240292 1c0087b8 06071f63 bne              x14, x0, 126        x14:00000000
14033627ns          240293 1c0087ba 1c000737 lui              x14, 0x1c000000     x14=1c000000
14033647ns          240294 1c0087be 14072703 lw               x14, 320(x14)       x14=4096cbe4 x14:1c000000  PA:1c000140
14033965ns          240310 1c0087c2 a0e51753 flt.s            x14, f10, f14       x14=00000001 f10:404ff2bc f14:4096cbe4
14033985ns          240311 1c0087c6 0a071b63 bne              x14, x0, 182        x14:00000001
14034044ns          240314 1c00887c 08f57553 fsub.s           f10, f10, f15       f10=xxxxxxxx f10:404ff2bc f15:40490fdb
14034064ns          240315 1c008880 fbbff06f jal              x0, -70            
14034124ns          240318 1c00883a 10a57553 fmul.s           f10, f10, f10       f10=xxxxxxxx f10:3ddc5c20 f10:3ddc5c20
14034144ns          240319 1c00883e 1c0007b7 lui              x15, 0x1c000000     x15=1c000000
14034164ns          240320 1c008842 1c000737 lui              x14, 0x1c000000     x14=1c000000
14034184ns          240321 1c008846 13472703 lw               x14, 308(x14)       x14=bab59551 x14:1c000000  PA:1c000134
14034482ns          240336 1c00884a 1307a783 lw               x15, 304(x15)       x15=37c23ab1 x15:1c000000  PA:1c000130
14034800ns          240352 1c00884e 70f577c3 fmadd.s          f15, f10, f15, f14  f15=xxxxxxxx f10:3c3dae78 f15:37c23ab1 f14:bab59551
14034820ns          240353 1c008852 1c000737 lui              x14, 0x1c000000     x14=1c000000
14034840ns          240354 1c008856 13872703 lw               x14, 312(x14)       x14=3d2aa76f x14:1c000000  PA:1c000138
14035158ns          240370 1c00885a 70f577c3 fmadd.s          f15, f10, f15, f14  f15=xxxxxxxx f10:3c3dae78 f15:bab58c52 f14:3d2aa76f
14035178ns          240371 1c00885e 1c000737 lui              x14, 0x1c000000     x14=1c000000
14035198ns          240372 1c008862 13c72703 lw               x14, 316(x14)       x14=beffffe0 x14:1c000000  PA:1c00013c
14035516ns          240388 1c008866 70f577c3 fmadd.s          f15, f10, f15, f14  f15=xxxxxxxx f10:3c3dae78 f15:3d2a969e f14:beffffe0
14035536ns          240389 1c00886a 1c000737 lui              x14, 0x1c000000     x14=1c000000
14035556ns          240390 1c00886e 16872703 lw               x14, 360(x14)       x14=3f7fffff x14:1c000000  PA:1c000168
14035894ns          240407 1c008872 70f57543 fmadd.s          f10, f10, f15, f14  f10=xxxxxxxx f10:3c3dae78 f15:beffc0ad f14:3f7fffff
14035914ns          240408 1c008876 20a51553 fsgnjn.s         f10, f10, f10       f10=xxxxxxxx f10:3f7e8500 f10:3f7e8500
14035934ns          240409 1c00887a 00008067 jalr             x0, x1, 0            x1:1c0081de
14035994ns          240412 1c0081de 016a7a53 fadd.s           f20, f20, f22       f20=xxxxxxxx f20:409a3d55 f22:3efd2311
14036014ns          240413 1c0081e2 10acf553 fmul.s           f10, f25, f10       f10=xxxxxxxx f25:3f800000 f10:bf7e8500
14036033ns          240414 1c0081e6 a14a97d3 flt.s            x15, f21, f20       x15=00000000 f21:40c90fdb f20:40aa0f86
14036053ns          240415 1c0081ea 00a4222b p.sw             x10, 4(x8!)          x8=10001e00 x10:bf7e8500  x8:10001dfc  PA:10001dfc
14036073ns          240416 1c0081ee 00078363 beq              x15, x0, 6          x15:00000000
14036133ns          240419 1c0081f4 ff7412e3 bne              x8, x23, -28         x8:10001e00 x23:10001fc8
14036193ns          240422 1c0081d8 094c7553 fsub.s           f10, f24, f20       f10=xxxxxxxx f24:3fc90fdb f20:40aa0f86
14036212ns          240423 1c0081dc 57c000ef jal              x1, 1404             x1=1c0081de
14036252ns          240425 1c008758 a0a527d3 feq.s            x15, f10, f10       x15=00000001 f10:c06f971e f10:c06f971e
14036272ns          240426 1c00875c 0a078b63 beq              x15, x0, 182        x15:00000001
14036292ns          240427 1c00875e e00517d3 fclass.s         x15, f10            x15=00000002 f10:c06f971e
14036312ns          240428 1c008762 0817f793 andi             x15, x15, 129       x15=00000000 x15:00000002
14036332ns          240429 1c008766 0a079663 bne              x15, x0, 172        x15:00000000
14036352ns          240430 1c008768 00000793 addi             x15, x0, 0          x15=00000000
14036372ns          240431 1c00876c a0f517d3 flt.s            x15, f10, f15       x15=00000001 f10:c06f971e f15:00000000
14036391ns          240432 1c008770 0a079663 bne              x15, x0, 172        x15:00000001
14036451ns          240435 1c00881c 1c0007b7 lui              x15, 0x1c000000     x15=1c000000
14036471ns          240436 1c008820 12c7a783 lw               x15, 300(x15)       x15=c0c90fdb x15:1c000000  PA:1c00012c
14036789ns          240452 1c008824 a0f517d3 flt.s            x15, f10, f15       x15=00000000 f10:c06f971e f15:c0c90fdb
14036809ns          240453 1c008828 00078463 beq              x15, x0, 8          x15:00000000
14036869ns          240456 1c008830 20a51553 fsgnjn.s         f10, f10, f10       f10=xxxxxxxx f10:c06f971e f10:c06f971e
14036889ns          240457 1c008834 f6bff06f jal              x0, -150           
14036948ns          240460 1c00879e 1c0007b7 lui              x15, 0x1c000000     x15=1c000000
14036968ns          240461 1c0087a2 01c7a783 lw               x15, 28(x15)        x15=3fc90fdb x15:1c000000  PA:1c00001c
14037287ns          240477 1c0087a6 a0f517d3 flt.s            x15, f10, f15       x15=00000000 f10:406f971e f15:3fc90fdb
14037306ns          240478 1c0087aa 02079563 bne              x15, x0, 42         x15:00000000
14037326ns          240479 1c0087ac 1c0007b7 lui              x15, 0x1c000000     x15=1c000000
14037346ns          240480 1c0087b0 1007a783 lw               x15, 256(x15)       x15=40490fdb x15:1c000000  PA:1c000100
14037664ns          240496 1c0087b4 a0f51753 flt.s            x14, f10, f15       x14=00000000 f10:406f971e f15:40490fdb
14037684ns          240497 1c0087b8 06071f63 bne              x14, x0, 126        x14:00000000
14037704ns          240498 1c0087ba 1c000737 lui              x14, 0x1c000000     x14=1c000000
14037724ns          240499 1c0087be 14072703 lw               x14, 320(x14)       x14=4096cbe4 x14:1c000000  PA:1c000140
14038062ns          240516 1c0087c2 a0e51753 flt.s            x14, f10, f14       x14=00000001 f10:406f971e f14:4096cbe4
14038082ns          240517 1c0087c6 0a071b63 bne              x14, x0, 182        x14:00000001
14038142ns          240520 1c00887c 08f57553 fsub.s           f10, f10, f15       f10=xxxxxxxx f10:406f971e f15:40490fdb
14038162ns          240521 1c008880 fbbff06f jal              x0, -70            
14038221ns          240524 1c00883a 10a57553 fmul.s           f10, f10, f10       f10=xxxxxxxx f10:3f1a1d0c f10:3f1a1d0c
14038241ns          240525 1c00883e 1c0007b7 lui              x15, 0x1c000000     x15=1c000000
14038261ns          240526 1c008842 1c000737 lui              x14, 0x1c000000     x14=1c000000
14038281ns          240527 1c008846 13472703 lw               x14, 308(x14)       x14=bab59551 x14:1c000000  PA:1c000134
14038579ns          240542 1c00884a 1307a783 lw               x15, 304(x15)       x15=37c23ab1 x15:1c000000  PA:1c000130
14038918ns          240559 1c00884e 70f577c3 fmadd.s          f15, f10, f15, f14  f15=xxxxxxxx f10:3eb98deb f15:37c23ab1 f14:bab59551
14038937ns          240560 1c008852 1c000737 lui              x14, 0x1c000000     x14=1c000000
14038957ns          240561 1c008856 13872703 lw               x14, 312(x14)       x14=3d2aa76f x14:1c000000  PA:1c000138
14039276ns          240577 1c00885a 70f577c3 fmadd.s          f15, f10, f15, f14  f15=xxxxxxxx f10:3eb98deb f15:bab47bc1 f14:3d2aa76f
14039295ns          240578 1c00885e 1c000737 lui              x14, 0x1c000000     x14=1c000000
14039315ns          240579 1c008862 13c72703 lw               x14, 316(x14)       x14=beffffe0 x14:1c000000  PA:1c00013c
14039634ns          240595 1c008866 70f577c3 fmadd.s          f15, f10, f15, f14  f15=xxxxxxxx f10:3eb98deb f15:3d289c29 f14:beffffe0
14039654ns          240596 1c00886a 1c000737 lui              x14, 0x1c000000     x14=1c000000
14039673ns          240597 1c00886e 16872703 lw               x14, 360(x14)       x14=3f7fffff x14:1c000000  PA:1c000168
14039992ns          240613 1c008872 70f57543 fmadd.s          f10, f10, f15, f14  f10=xxxxxxxx f10:3eb98deb f15:bef85c7b f14:3f7fffff
14040012ns          240614 1c008876 20a51553 fsgnjn.s         f10, f10, f10       f10=xxxxxxxx f10:3f52fede f10:3f52fede
14040031ns          240615 1c00887a 00008067 jalr             x0, x1, 0            x1:1c0081de
14040091ns          240618 1c0081de 016a7a53 fadd.s           f20, f20, f22       f20=xxxxxxxx f20:40aa0f86 f22:3efd2311
14040111ns          240619 1c0081e2 10acf553 fmul.s           f10, f25, f10       f10=xxxxxxxx f25:3f800000 f10:bf52fede
14040131ns          240620 1c0081e6 a14a97d3 flt.s            x15, f21, f20       x15=00000000 f21:40c90fdb f20:40b9e1b7
14040151ns          240621 1c0081ea 00a4222b p.sw             x10, 4(x8!)          x8=10001e04 x10:bf52fede  x8:10001e00  PA:10001e00
14040171ns          240622 1c0081ee 00078363 beq              x15, x0, 6          x15:00000000
14040230ns          240625 1c0081f4 ff7412e3 bne              x8, x23, -28         x8:10001e04 x23:10001fc8
14040290ns          240628 1c0081d8 094c7553 fsub.s           f10, f24, f20       f10=xxxxxxxx f24:3fc90fdb f20:40b9e1b7
14040310ns          240629 1c0081dc 57c000ef jal              x1, 1404             x1=1c0081de
14040350ns          240631 1c008758 a0a527d3 feq.s            x15, f10, f10       x15=00000001 f10:c0879dc0 f10:c0879dc0
14040370ns          240632 1c00875c 0a078b63 beq              x15, x0, 182        x15:00000001
14040389ns          240633 1c00875e e00517d3 fclass.s         x15, f10            x15=00000002 f10:c0879dc0
14040409ns          240634 1c008762 0817f793 andi             x15, x15, 129       x15=00000000 x15:00000002
14040429ns          240635 1c008766 0a079663 bne              x15, x0, 172        x15:00000000
14040449ns          240636 1c008768 00000793 addi             x15, x0, 0          x15=00000000
14040469ns          240637 1c00876c a0f517d3 flt.s            x15, f10, f15       x15=00000001 f10:c0879dc0 f15:00000000
14040489ns          240638 1c008770 0a079663 bne              x15, x0, 172        x15:00000001
14040549ns          240641 1c00881c 1c0007b7 lui              x15, 0x1c000000     x15=1c000000
14040569ns          240642 1c008820 12c7a783 lw               x15, 300(x15)       x15=c0c90fdb x15:1c000000  PA:1c00012c
14040887ns          240658 1c008824 a0f517d3 flt.s            x15, f10, f15       x15=00000000 f10:c0879dc0 f15:c0c90fdb
14040907ns          240659 1c008828 00078463 beq              x15, x0, 8          x15:00000000
14040966ns          240662 1c008830 20a51553 fsgnjn.s         f10, f10, f10       f10=xxxxxxxx f10:c0879dc0 f10:c0879dc0
14040986ns          240663 1c008834 f6bff06f jal              x0, -150           
14041046ns          240666 1c00879e 1c0007b7 lui              x15, 0x1c000000     x15=1c000000
14041066ns          240667 1c0087a2 01c7a783 lw               x15, 28(x15)        x15=3fc90fdb x15:1c000000  PA:1c00001c
14041384ns          240683 1c0087a6 a0f517d3 flt.s            x15, f10, f15       x15=00000000 f10:40879dc0 f15:3fc90fdb
14041404ns          240684 1c0087aa 02079563 bne              x15, x0, 42         x15:00000000
14041424ns          240685 1c0087ac 1c0007b7 lui              x15, 0x1c000000     x15=1c000000
14041444ns          240686 1c0087b0 1007a783 lw               x15, 256(x15)       x15=40490fdb x15:1c000000  PA:1c000100
14041762ns          240702 1c0087b4 a0f51753 flt.s            x14, f10, f15       x14=00000000 f10:40879dc0 f15:40490fdb
14041782ns          240703 1c0087b8 06071f63 bne              x14, x0, 126        x14:00000000
14041802ns          240704 1c0087ba 1c000737 lui              x14, 0x1c000000     x14=1c000000
14041822ns          240705 1c0087be 14072703 lw               x14, 320(x14)       x14=4096cbe4 x14:1c000000  PA:1c000140
14042140ns          240721 1c0087c2 a0e51753 flt.s            x14, f10, f14       x14=00000001 f10:40879dc0 f14:4096cbe4
14042160ns          240722 1c0087c6 0a071b63 bne              x14, x0, 182        x14:00000001
14042219ns          240725 1c00887c 08f57553 fsub.s           f10, f10, f15       f10=xxxxxxxx f10:40879dc0 f15:40490fdb
14042239ns          240726 1c008880 fbbff06f jal              x0, -70            
14042299ns          240729 1c00883a 10a57553 fmul.s           f10, f10, f10       f10=xxxxxxxx f10:3f8c574a f10:3f8c574a
14042319ns          240730 1c00883e 1c0007b7 lui              x15, 0x1c000000     x15=1c000000
14042339ns          240731 1c008842 1c000737 lui              x14, 0x1c000000     x14=1c000000
14042359ns          240732 1c008846 13472703 lw               x14, 308(x14)       x14=bab59551 x14:1c000000  PA:1c000134
14042657ns          240747 1c00884a 1307a783 lw               x15, 304(x15)       x15=37c23ab1 x15:1c000000  PA:1c000130
14042975ns          240763 1c00884e 70f577c3 fmadd.s          f15, f10, f15, f14  f15=xxxxxxxx f10:3f99df2d f15:37c23ab1 f14:bab59551
14042995ns          240764 1c008852 1c000737 lui              x14, 0x1c000000     x14=1c000000
14043015ns          240765 1c008856 13872703 lw               x14, 312(x14)       x14=3d2aa76f x14:1c000000  PA:1c000138
14043333ns          240781 1c00885a 70f577c3 fmadd.s          f15, f10, f15, f14  f15=xxxxxxxx f10:3f99df2d f15:bab1ef5e f14:3d2aa76f
14043353ns          240782 1c00885e 1c000737 lui              x14, 0x1c000000     x14=1c000000
14043373ns          240783 1c008862 13c72703 lw               x14, 316(x14)       x14=beffffe0 x14:1c000000  PA:1c00013c
14043691ns          240799 1c008866 70f577c3 fmadd.s          f15, f10, f15, f14  f15=xxxxxxxx f10:3f99df2d f15:3d23f83c f14:beffffe0
14043711ns          240800 1c00886a 1c000737 lui              x14, 0x1c000000     x14=1c000000
14043731ns          240801 1c00886e 16872703 lw               x14, 360(x14)       x14=3f7fffff x14:1c000000  PA:1c000168
14044069ns          240818 1c008872 70f57543 fmadd.s          f10, f10, f15, f14  f10=xxxxxxxx f10:3f99df2d f15:bee75c4d f14:3f7fffff
14044089ns          240819 1c008876 20a51553 fsgnjn.s         f10, f10, f10       f10=xxxxxxxx f10:3ee9e046 f10:3ee9e046
14044109ns          240820 1c00887a 00008067 jalr             x0, x1, 0            x1:1c0081de
14044169ns          240823 1c0081de 016a7a53 fadd.s           f20, f20, f22       f20=xxxxxxxx f20:40b9e1b7 f22:3efd2311
14044189ns          240824 1c0081e2 10acf553 fmul.s           f10, f25, f10       f10=xxxxxxxx f25:3f800000 f10:bee9e046
14044209ns          240825 1c0081e6 a14a97d3 flt.s            x15, f21, f20       x15=00000001 f21:40c90fdb f20:40c9b3e8
14044228ns          240826 1c0081ea 00a4222b p.sw             x10, 4(x8!)          x8=10001e08 x10:bee9e046  x8:10001e04  PA:10001e04
14044248ns          240827 1c0081ee 00078363 beq              x15, x0, 6          x15:00000001
14044268ns          240828 1c0081f0 095a7a53 fsub.s           f20, f20, f21       f20=xxxxxxxx f20:40c9b3e8 f21:40c90fdb
14044288ns          240829 1c0081f4 ff7412e3 bne              x8, x23, -28         x8:10001e08 x23:10001fc8
14044348ns          240832 1c0081d8 094c7553 fsub.s           f10, f24, f20       f10=xxxxxxxx f24:3fc90fdb f20:3ca40d00
14044368ns          240833 1c0081dc 57c000ef jal              x1, 1404             x1=1c0081de
14044407ns          240835 1c008758 a0a527d3 feq.s            x15, f10, f10       x15=00000001 f10:3fc67fa7 f10:3fc67fa7
14044427ns          240836 1c00875c 0a078b63 beq              x15, x0, 182        x15:00000001
14044447ns          240837 1c00875e e00517d3 fclass.s         x15, f10            x15=00000040 f10:3fc67fa7
14044467ns          240838 1c008762 0817f793 andi             x15, x15, 129       x15=00000000 x15:00000040
14044487ns          240839 1c008766 0a079663 bne              x15, x0, 172        x15:00000000
14044507ns          240840 1c008768 00000793 addi             x15, x0, 0          x15=00000000
14044527ns          240841 1c00876c a0f517d3 flt.s            x15, f10, f15       x15=00000000 f10:3fc67fa7 f15:00000000
14044547ns          240842 1c008770 0a079663 bne              x15, x0, 172        x15:00000000
14044567ns          240843 1c008772 1c000737 lui              x14, 0x1c000000     x14=1c000000
14044586ns          240844 1c008776 02072783 lw               x15, 32(x14)        x15=40c90fdb x14:1c000000  PA:1c000020
14044944ns          240862 1c00877a a0a797d3 flt.s            x15, f15, f10       x15=00000000 f15:40c90fdb f10:3fc67fa7
14044964ns          240863 1c00877e 00078b63 beq              x15, x0, 22         x15:00000000
14045024ns          240866 1c008794 00000793 addi             x15, x0, 0          x15=00000000
14045044ns          240867 1c008798 a0f517d3 flt.s            x15, f10, f15       x15=00000000 f10:3fc67fa7 f15:00000000
14045064ns          240868 1c00879c 08079a63 bne              x15, x0, 148        x15:00000000
14045084ns          240869 1c00879e 1c0007b7 lui              x15, 0x1c000000     x15=1c000000
14045104ns          240870 1c0087a2 01c7a783 lw               x15, 28(x15)        x15=3fc90fdb x15:1c000000  PA:1c00001c
14045442ns          240887 1c0087a6 a0f517d3 flt.s            x15, f10, f15       x15=00000001 f10:3fc67fa7 f15:3fc90fdb
14045462ns          240888 1c0087aa 02079563 bne              x15, x0, 42         x15:00000001
14045521ns          240891 1c0087d4 10a57553 fmul.s           f10, f10, f10       f10=xxxxxxxx f10:3fc67fa7 f10:3fc67fa7
14045541ns          240892 1c0087d8 1c0007b7 lui              x15, 0x1c000000     x15=1c000000
14045561ns          240893 1c0087dc 1c000737 lui              x14, 0x1c000000     x14=1c000000
14045581ns          240894 1c0087e0 13472703 lw               x14, 308(x14)       x14=bab59551 x14:1c000000  PA:1c000134
14045899ns          240910 1c0087e4 1307a783 lw               x15, 304(x15)       x15=37c23ab1 x15:1c000000  PA:1c000130
14046217ns          240926 1c0087e8 70f577c3 fmadd.s          f15, f10, f15, f14  f15=xxxxxxxx f10:4019e9b6 f15:37c23ab1 f14:bab59551
14046237ns          240927 1c0087ec 1c000737 lui              x14, 0x1c000000     x14=1c000000
14046257ns          240928 1c0087f0 13872703 lw               x14, 312(x14)       x14=3d2aa76f x14:1c000000  PA:1c000138
14046576ns          240944 1c0087f4 70f577c3 fmadd.s          f15, f10, f15, f14  f15=xxxxxxxx f10:4019e9b6 f15:baae48eb f14:3d2aa76f
14046595ns          240945 1c0087f8 1c000737 lui              x14, 0x1c000000     x14=1c000000
14046615ns          240946 1c0087fc 13c72703 lw               x14, 316(x14)       x14=beffffe0 x14:1c000000  PA:1c00013c
14046953ns          240963 1c008800 70f577c3 fmadd.s          f15, f10, f15, f14  f15=xxxxxxxx f10:4019e9b6 f15:3d1d8e59 f14:beffffe0
14046973ns          240964 1c008804 1c000737 lui              x14, 0x1c000000     x14=1c000000
14046993ns          240965 1c008808 16872703 lw               x14, 360(x14)       x14=3f7fffff x14:1c000000  PA:1c000168
14047311ns          240981 1c00880c 70f57543 fmadd.s          f10, f10, f15, f14  f10=xxxxxxxx f10:4019e9b6 f15:bed0a2eb f14:3f7fffff
14047331ns          240982 1c008810 00008067 jalr             x0, x1, 0            x1:1c0081de
14047391ns          240985 1c0081de 016a7a53 fadd.s           f20, f20, f22       f20=xxxxxxxx f20:3ca40d00 f22:3efd2311
14047411ns          240986 1c0081e2 10acf553 fmul.s           f10, f25, f10       f10=xxxxxxxx f25:3f800000 f10:3ca40a1c
14047431ns          240987 1c0081e6 a14a97d3 flt.s            x15, f21, f20       x15=00000000 f21:40c90fdb f20:3f03b1f0
14047451ns          240988 1c0081ea 00a4222b p.sw             x10, 4(x8!)          x8=10001e0c x10:3ca40a1c  x8:10001e08  PA:10001e08
14047471ns          240989 1c0081ee 00078363 beq              x15, x0, 6          x15:00000000
14047530ns          240992 1c0081f4 ff7412e3 bne              x8, x23, -28         x8:10001e0c x23:10001fc8
14047590ns          240995 1c0081d8 094c7553 fsub.s           f10, f24, f20       f10=xxxxxxxx f24:3fc90fdb f20:3f03b1f0
14047610ns          240996 1c0081dc 57c000ef jal              x1, 1404             x1=1c0081de
14047650ns          240998 1c008758 a0a527d3 feq.s            x15, f10, f10       x15=00000001 f10:3f8736e3 f10:3f8736e3
14047670ns          240999 1c00875c 0a078b63 beq              x15, x0, 182        x15:00000001
14047689ns          241000 1c00875e e00517d3 fclass.s         x15, f10            x15=00000040 f10:3f8736e3
14047709ns          241001 1c008762 0817f793 andi             x15, x15, 129       x15=00000000 x15:00000040
14047729ns          241002 1c008766 0a079663 bne              x15, x0, 172        x15:00000000
14047749ns          241003 1c008768 00000793 addi             x15, x0, 0          x15=00000000
14047769ns          241004 1c00876c a0f517d3 flt.s            x15, f10, f15       x15=00000000 f10:3f8736e3 f15:00000000
14047789ns          241005 1c008770 0a079663 bne              x15, x0, 172        x15:00000000
14047809ns          241006 1c008772 1c000737 lui              x14, 0x1c000000     x14=1c000000
14047829ns          241007 1c008776 02072783 lw               x15, 32(x14)        x15=40c90fdb x14:1c000000  PA:1c000020
14048187ns          241025 1c00877a a0a797d3 flt.s            x15, f15, f10       x15=00000000 f15:40c90fdb f10:3f8736e3
14048207ns          241026 1c00877e 00078b63 beq              x15, x0, 22         x15:00000000
14048266ns          241029 1c008794 00000793 addi             x15, x0, 0          x15=00000000
14048286ns          241030 1c008798 a0f517d3 flt.s            x15, f10, f15       x15=00000000 f10:3f8736e3 f15:00000000
14048306ns          241031 1c00879c 08079a63 bne              x15, x0, 148        x15:00000000
14048326ns          241032 1c00879e 1c0007b7 lui              x15, 0x1c000000     x15=1c000000
14048346ns          241033 1c0087a2 01c7a783 lw               x15, 28(x15)        x15=3fc90fdb x15:1c000000  PA:1c00001c
14048684ns          241050 1c0087a6 a0f517d3 flt.s            x15, f10, f15       x15=00000001 f10:3f8736e3 f15:3fc90fdb
14048704ns          241051 1c0087aa 02079563 bne              x15, x0, 42         x15:00000001
14048763ns          241054 1c0087d4 10a57553 fmul.s           f10, f10, f10       f10=xxxxxxxx f10:3f8736e3 f10:3f8736e3
14048783ns          241055 1c0087d8 1c0007b7 lui              x15, 0x1c000000     x15=1c000000
14048803ns          241056 1c0087dc 1c000737 lui              x14, 0x1c000000     x14=1c000000
14048823ns          241057 1c0087e0 13472703 lw               x14, 308(x14)       x14=bab59551 x14:1c000000  PA:1c000134
14049122ns          241072 1c0087e4 1307a783 lw               x15, 304(x15)       x15=37c23ab1 x15:1c000000  PA:1c000130
14049440ns          241088 1c0087e8 70f577c3 fmadd.s          f15, f10, f15, f14  f15=xxxxxxxx f10:3f8ed5de f15:37c23ab1 f14:bab59551
14049460ns          241089 1c0087ec 1c000737 lui              x14, 0x1c000000     x14=1c000000
14049480ns          241090 1c0087f0 13872703 lw               x14, 312(x14)       x14=3d2aa76f x14:1c000000  PA:1c000138
14049798ns          241106 1c0087f4 70f577c3 fmadd.s          f15, f10, f15, f14  f15=xxxxxxxx f10:3f8ed5de f15:bab2325a f14:3d2aa76f
14049818ns          241107 1c0087f8 1c000737 lui              x14, 0x1c000000     x14=1c000000
14049838ns          241108 1c0087fc 13c72703 lw               x14, 316(x14)       x14=beffffe0 x14:1c000000  PA:1c00013c
14050156ns          241124 1c008800 70f577c3 fmadd.s          f15, f10, f15, f14  f15=xxxxxxxx f10:3f8ed5de f15:3d2470a2 f14:beffffe0
14050176ns          241125 1c008804 1c000737 lui              x14, 0x1c000000     x14=1c000000
14050196ns          241126 1c008808 16872703 lw               x14, 360(x14)       x14=3f7fffff x14:1c000000  PA:1c000168
14050514ns          241142 1c00880c 70f57543 fmadd.s          f10, f10, f15, f14  f10=xxxxxxxx f10:3f8ed5de f15:bee90fe9 f14:3f7fffff
14050534ns          241143 1c008810 00008067 jalr             x0, x1, 0            x1:1c0081de
14050593ns          241146 1c0081de 016a7a53 fadd.s           f20, f20, f22       f20=xxxxxxxx f20:3f03b1f0 f22:3efd2311
14050613ns          241147 1c0081e2 10acf553 fmul.s           f10, f25, f10       f10=xxxxxxxx f25:3f800000 f10:3efbecef
14050633ns          241148 1c0081e6 a14a97d3 flt.s            x15, f21, f20       x15=00000000 f21:40c90fdb f20:3f8121bc
14050653ns          241149 1c0081ea 00a4222b p.sw             x10, 4(x8!)          x8=10001e10 x10:3efbecef  x8:10001e0c  PA:10001e0c
14050673ns          241150 1c0081ee 00078363 beq              x15, x0, 6          x15:00000000
14050733ns          241153 1c0081f4 ff7412e3 bne              x8, x23, -28         x8:10001e10 x23:10001fc8
14050792ns          241156 1c0081d8 094c7553 fsub.s           f10, f24, f20       f10=xxxxxxxx f24:3fc90fdb f20:3f8121bc
14050812ns          241157 1c0081dc 57c000ef jal              x1, 1404             x1=1c0081de
14050852ns          241159 1c008758 a0a527d3 feq.s            x15, f10, f10       x15=00000001 f10:3f0fdc3e f10:3f0fdc3e
14050872ns          241160 1c00875c 0a078b63 beq              x15, x0, 182        x15:00000001
14050892ns          241161 1c00875e e00517d3 fclass.s         x15, f10            x15=00000040 f10:3f0fdc3e
14050912ns          241162 1c008762 0817f793 andi             x15, x15, 129       x15=00000000 x15:00000040
14050932ns          241163 1c008766 0a079663 bne              x15, x0, 172        x15:00000000
14050951ns          241164 1c008768 00000793 addi             x15, x0, 0          x15=00000000
14050971ns          241165 1c00876c a0f517d3 flt.s            x15, f10, f15       x15=00000000 f10:3f0fdc3e f15:00000000
14050991ns          241166 1c008770 0a079663 bne              x15, x0, 172        x15:00000000
14051011ns          241167 1c008772 1c000737 lui              x14, 0x1c000000     x14=1c000000
14051031ns          241168 1c008776 02072783 lw               x15, 32(x14)        x15=40c90fdb x14:1c000000  PA:1c000020
14051349ns          241184 1c00877a a0a797d3 flt.s            x15, f15, f10       x15=00000000 f15:40c90fdb f10:3f0fdc3e
14051369ns          241185 1c00877e 00078b63 beq              x15, x0, 22         x15:00000000
14051429ns          241188 1c008794 00000793 addi             x15, x0, 0          x15=00000000
14051449ns          241189 1c008798 a0f517d3 flt.s            x15, f10, f15       x15=00000000 f10:3f0fdc3e f15:00000000
14051469ns          241190 1c00879c 08079a63 bne              x15, x0, 148        x15:00000000
14051489ns          241191 1c00879e 1c0007b7 lui              x15, 0x1c000000     x15=1c000000
14051508ns          241192 1c0087a2 01c7a783 lw               x15, 28(x15)        x15=3fc90fdb x15:1c000000  PA:1c00001c
14051827ns          241208 1c0087a6 a0f517d3 flt.s            x15, f10, f15       x15=00000001 f10:3f0fdc3e f15:3fc90fdb
14051847ns          241209 1c0087aa 02079563 bne              x15, x0, 42         x15:00000001
14051906ns          241212 1c0087d4 10a57553 fmul.s           f10, f10, f10       f10=xxxxxxxx f10:3f0fdc3e f10:3f0fdc3e
14051926ns          241213 1c0087d8 1c0007b7 lui              x15, 0x1c000000     x15=1c000000
14051946ns          241214 1c0087dc 1c000737 lui              x14, 0x1c000000     x14=1c000000
14051966ns          241215 1c0087e0 13472703 lw               x14, 308(x14)       x14=bab59551 x14:1c000000  PA:1c000134
14052264ns          241230 1c0087e4 1307a783 lw               x15, 304(x15)       x15=37c23ab1 x15:1c000000  PA:1c000130
14052583ns          241246 1c0087e8 70f577c3 fmadd.s          f15, f10, f15, f14  f15=xxxxxxxx f10:3ea1af95 f15:37c23ab1 f14:bab59551
14052602ns          241247 1c0087ec 1c000737 lui              x14, 0x1c000000     x14=1c000000
14052622ns          241248 1c0087f0 13872703 lw               x14, 312(x14)       x14=3d2aa76f x14:1c000000  PA:1c000138
14052941ns          241264 1c0087f4 70f577c3 fmadd.s          f15, f10, f15, f14  f15=xxxxxxxx f10:3ea1af95 f15:bab49ff9 f14:3d2aa76f
14052960ns          241265 1c0087f8 1c000737 lui              x14, 0x1c000000     x14=1c000000
14052980ns          241266 1c0087fc 13c72703 lw               x14, 316(x14)       x14=beffffe0 x14:1c000000  PA:1c00013c
14053299ns          241282 1c008800 70f577c3 fmadd.s          f15, f10, f15, f14  f15=xxxxxxxx f10:3ea1af95 f15:3d28df1d f14:beffffe0
14053318ns          241283 1c008804 1c000737 lui              x14, 0x1c000000     x14=1c000000
14053338ns          241284 1c008808 16872703 lw               x14, 360(x14)       x14=3f7fffff x14:1c000000  PA:1c000168
14053657ns          241300 1c00880c 70f57543 fmadd.s          f10, f10, f15, f14  f10=xxxxxxxx f10:3ea1af95 f15:bef9555e f14:3f7fffff
14053677ns          241301 1c008810 00008067 jalr             x0, x1, 0            x1:1c0081de
14053736ns          241304 1c0081de 016a7a53 fadd.s           f20, f20, f22       f20=xxxxxxxx f20:3f8121bc f22:3efd2311
14053756ns          241305 1c0081e2 10acf553 fmul.s           f10, f25, f10       f10=xxxxxxxx f25:3f800000 f10:3f58a192
14053776ns          241306 1c0081e6 a14a97d3 flt.s            x15, f21, f20       x15=00000000 f21:40c90fdb f20:3fc06a80
14053796ns          241307 1c0081ea 00a4222b p.sw             x10, 4(x8!)          x8=10001e14 x10:3f58a192  x8:10001e10  PA:10001e10
14053816ns          241308 1c0081ee 00078363 beq              x15, x0, 6          x15:00000000
14053875ns          241311 1c0081f4 ff7412e3 bne              x8, x23, -28         x8:10001e14 x23:10001fc8
14053935ns          241314 1c0081d8 094c7553 fsub.s           f10, f24, f20       f10=xxxxxxxx f24:3fc90fdb f20:3fc06a80
14053955ns          241315 1c0081dc 57c000ef jal              x1, 1404             x1=1c0081de
14053995ns          241317 1c008758 a0a527d3 feq.s            x15, f10, f10       x15=00000001 f10:3d8a55b0 f10:3d8a55b0
14054015ns          241318 1c00875c 0a078b63 beq              x15, x0, 182        x15:00000001
14054035ns          241319 1c00875e e00517d3 fclass.s         x15, f10            x15=00000040 f10:3d8a55b0
14054054ns          241320 1c008762 0817f793 andi             x15, x15, 129       x15=00000000 x15:00000040
14054074ns          241321 1c008766 0a079663 bne              x15, x0, 172        x15:00000000
14054094ns          241322 1c008768 00000793 addi             x15, x0, 0          x15=00000000
14054114ns          241323 1c00876c a0f517d3 flt.s            x15, f10, f15       x15=00000000 f10:3d8a55b0 f15:00000000
14054134ns          241324 1c008770 0a079663 bne              x15, x0, 172        x15:00000000
14054154ns          241325 1c008772 1c000737 lui              x14, 0x1c000000     x14=1c000000
14054174ns          241326 1c008776 02072783 lw               x15, 32(x14)        x15=40c90fdb x14:1c000000  PA:1c000020
14054492ns          241342 1c00877a a0a797d3 flt.s            x15, f15, f10       x15=00000000 f15:40c90fdb f10:3d8a55b0
14054512ns          241343 1c00877e 00078b63 beq              x15, x0, 22         x15:00000000
14054572ns          241346 1c008794 00000793 addi             x15, x0, 0          x15=00000000
14054591ns          241347 1c008798 a0f517d3 flt.s            x15, f10, f15       x15=00000000 f10:3d8a55b0 f15:00000000
14054611ns          241348 1c00879c 08079a63 bne              x15, x0, 148        x15:00000000
14054631ns          241349 1c00879e 1c0007b7 lui              x15, 0x1c000000     x15=1c000000
14054651ns          241350 1c0087a2 01c7a783 lw               x15, 28(x15)        x15=3fc90fdb x15:1c000000  PA:1c00001c
14054969ns          241366 1c0087a6 a0f517d3 flt.s            x15, f10, f15       x15=00000001 f10:3d8a55b0 f15:3fc90fdb
14054989ns          241367 1c0087aa 02079563 bne              x15, x0, 42         x15:00000001
14055049ns          241370 1c0087d4 10a57553 fmul.s           f10, f10, f10       f10=xxxxxxxx f10:3d8a55b0 f10:3d8a55b0
14055069ns          241371 1c0087d8 1c0007b7 lui              x15, 0x1c000000     x15=1c000000
14055089ns          241372 1c0087dc 1c000737 lui              x14, 0x1c000000     x14=1c000000
14055109ns          241373 1c0087e0 13472703 lw               x14, 308(x14)       x14=bab59551 x14:1c000000  PA:1c000134
14055427ns          241389 1c0087e4 1307a783 lw               x15, 304(x15)       x15=37c23ab1 x15:1c000000  PA:1c000130
14055745ns          241405 1c0087e8 70f577c3 fmadd.s          f15, f10, f15, f14  f15=xxxxxxxx f10:3b9580fd f15:37c23ab1 f14:bab59551
14055765ns          241406 1c0087ec 1c000737 lui              x14, 0x1c000000     x14=1c000000
14055785ns          241407 1c0087f0 13872703 lw               x14, 312(x14)       x14=3d2aa76f x14:1c000000  PA:1c000138
14056103ns          241423 1c0087f4 70f577c3 fmadd.s          f15, f10, f15, f14  f15=xxxxxxxx f10:3b9580fd f15:bab591c6 f14:3d2aa76f
14056123ns          241424 1c0087f8 1c000737 lui              x14, 0x1c000000     x14=1c000000
14056143ns          241425 1c0087fc 13c72703 lw               x14, 316(x14)       x14=beffffe0 x14:1c000000  PA:1c00013c
14056461ns          241441 1c008800 70f577c3 fmadd.s          f15, f10, f15, f14  f15=xxxxxxxx f10:3b9580fd f15:3d2aa0ce f14:beffffe0
14056481ns          241442 1c008804 1c000737 lui              x14, 0x1c000000     x14=1c000000
14056501ns          241443 1c008808 16872703 lw               x14, 360(x14)       x14=3f7fffff x14:1c000000  PA:1c000168
14056819ns          241459 1c00880c 70f57543 fmadd.s          f10, f10, f15, f14  f10=xxxxxxxx f10:3b9580fd f15:beffe6f7 f14:3f7fffff
14056839ns          241460 1c008810 00008067 jalr             x0, x1, 0            x1:1c0081de
14056899ns          241463 1c0081de 016a7a53 fadd.s           f20, f20, f22       f20=xxxxxxxx f20:3fc06a80 f22:3efd2311
14056919ns          241464 1c0081e2 10acf553 fmul.s           f10, f25, f10       f10=xxxxxxxx f25:3f800000 f10:3f7f6a8d
14056939ns          241465 1c0081e6 a14a97d3 flt.s            x15, f21, f20       x15=00000000 f21:40c90fdb f20:3fffb344
14056958ns          241466 1c0081ea 00a4222b p.sw             x10, 4(x8!)          x8=10001e18 x10:3f7f6a8d  x8:10001e14  PA:10001e14
14056978ns          241467 1c0081ee 00078363 beq              x15, x0, 6          x15:00000000
14057038ns          241470 1c0081f4 ff7412e3 bne              x8, x23, -28         x8:10001e18 x23:10001fc8
14057098ns          241473 1c0081d8 094c7553 fsub.s           f10, f24, f20       f10=xxxxxxxx f24:3fc90fdb f20:3fffb344
14057118ns          241474 1c0081dc 57c000ef jal              x1, 1404             x1=1c0081de
14057157ns          241476 1c008758 a0a527d3 feq.s            x15, f10, f10       x15=00000001 f10:beda8da4 f10:beda8da4
14057177ns          241477 1c00875c 0a078b63 beq              x15, x0, 182        x15:00000001
14057197ns          241478 1c00875e e00517d3 fclass.s         x15, f10            x15=00000002 f10:beda8da4
14057217ns          241479 1c008762 0817f793 andi             x15, x15, 129       x15=00000000 x15:00000002
14057237ns          241480 1c008766 0a079663 bne              x15, x0, 172        x15:00000000
14057257ns          241481 1c008768 00000793 addi             x15, x0, 0          x15=00000000
14057277ns          241482 1c00876c a0f517d3 flt.s            x15, f10, f15       x15=00000001 f10:beda8da4 f15:00000000
14057297ns          241483 1c008770 0a079663 bne              x15, x0, 172        x15:00000001
14057356ns          241486 1c00881c 1c0007b7 lui              x15, 0x1c000000     x15=1c000000
14057376ns          241487 1c008820 12c7a783 lw               x15, 300(x15)       x15=c0c90fdb x15:1c000000  PA:1c00012c
14057694ns          241503 1c008824 a0f517d3 flt.s            x15, f10, f15       x15=00000000 f10:beda8da4 f15:c0c90fdb
14057714ns          241504 1c008828 00078463 beq              x15, x0, 8          x15:00000000
14057774ns          241507 1c008830 20a51553 fsgnjn.s         f10, f10, f10       f10=xxxxxxxx f10:beda8da4 f10:beda8da4
14057794ns          241508 1c008834 f6bff06f jal              x0, -150           
14057854ns          241511 1c00879e 1c0007b7 lui              x15, 0x1c000000     x15=1c000000
14057873ns          241512 1c0087a2 01c7a783 lw               x15, 28(x15)        x15=3fc90fdb x15:1c000000  PA:1c00001c
14058192ns          241528 1c0087a6 a0f517d3 flt.s            x15, f10, f15       x15=00000001 f10:3eda8da4 f15:3fc90fdb
14058212ns          241529 1c0087aa 02079563 bne              x15, x0, 42         x15:00000001
14058271ns          241532 1c0087d4 10a57553 fmul.s           f10, f10, f10       f10=xxxxxxxx f10:3eda8da4 f10:3eda8da4
14058291ns          241533 1c0087d8 1c0007b7 lui              x15, 0x1c000000     x15=1c000000
14058311ns          241534 1c0087dc 1c000737 lui              x14, 0x1c000000     x14=1c000000
14058331ns          241535 1c0087e0 13472703 lw               x14, 308(x14)       x14=bab59551 x14:1c000000  PA:1c000134
14058629ns          241550 1c0087e4 1307a783 lw               x15, 304(x15)       x15=37c23ab1 x15:1c000000  PA:1c000130
14058948ns          241566 1c0087e8 70f577c3 fmadd.s          f15, f10, f15, f14  f15=xxxxxxxx f10:3e3a958a f15:37c23ab1 f14:bab59551
14058967ns          241567 1c0087ec 1c000737 lui              x14, 0x1c000000     x14=1c000000
14058987ns          241568 1c0087f0 13872703 lw               x14, 312(x14)       x14=3d2aa76f x14:1c000000  PA:1c000138
14059306ns          241584 1c0087f4 70f577c3 fmadd.s          f15, f10, f15, f14  f15=xxxxxxxx f10:3e3a958a f15:bab507c1 f14:3d2aa76f
14059325ns          241585 1c0087f8 1c000737 lui              x14, 0x1c000000     x14=1c000000
14059345ns          241586 1c0087fc 13c72703 lw               x14, 316(x14)       x14=beffffe0 x14:1c000000  PA:1c00013c
14059684ns          241603 1c008800 70f577c3 fmadd.s          f15, f10, f15, f14  f15=xxxxxxxx f10:3e3a958a f15:3d299f8c f14:beffffe0
14059703ns          241604 1c008804 1c000737 lui              x14, 0x1c000000     x14=1c000000
14059723ns          241605 1c008808 16872703 lw               x14, 360(x14)       x14=3f7fffff x14:1c000000  PA:1c000168
14060042ns          241621 1c00880c 70f57543 fmadd.s          f10, f10, f15, f14  f10=xxxxxxxx f10:3e3a958a f15:befc22d8 f14:3f7fffff
14060061ns          241622 1c008810 00008067 jalr             x0, x1, 0            x1:1c0081de
14060121ns          241625 1c0081de 016a7a53 fadd.s           f20, f20, f22       f20=xxxxxxxx f20:3fffb344 f22:3efd2311
14060141ns          241626 1c0081e2 10acf553 fmul.s           f10, f25, f10       f10=xxxxxxxx f25:3f800000 f10:3f69076c
14060161ns          241627 1c0081e6 a14a97d3 flt.s            x15, f21, f20       x15=00000000 f21:40c90fdb f20:401f7e04
14060181ns          241628 1c0081ea 00a4222b p.sw             x10, 4(x8!)          x8=10001e1c x10:3f69076c  x8:10001e18  PA:10001e18
14060201ns          241629 1c0081ee 00078363 beq              x15, x0, 6          x15:00000000
14060260ns          241632 1c0081f4 ff7412e3 bne              x8, x23, -28         x8:10001e1c x23:10001fc8
14060320ns          241635 1c0081d8 094c7553 fsub.s           f10, f24, f20       f10=xxxxxxxx f24:3fc90fdb f20:401f7e04
14060340ns          241636 1c0081dc 57c000ef jal              x1, 1404             x1=1c0081de
14060380ns          241638 1c008758 a0a527d3 feq.s            x15, f10, f10       x15=00000001 f10:bf6bd85a f10:bf6bd85a
14060400ns          241639 1c00875c 0a078b63 beq              x15, x0, 182        x15:00000001
14060419ns          241640 1c00875e e00517d3 fclass.s         x15, f10            x15=00000002 f10:bf6bd85a
14060439ns          241641 1c008762 0817f793 andi             x15, x15, 129       x15=00000000 x15:00000002
14060459ns          241642 1c008766 0a079663 bne              x15, x0, 172        x15:00000000
14060479ns          241643 1c008768 00000793 addi             x15, x0, 0          x15=00000000
14060499ns          241644 1c00876c a0f517d3 flt.s            x15, f10, f15       x15=00000001 f10:bf6bd85a f15:00000000
14060519ns          241645 1c008770 0a079663 bne              x15, x0, 172        x15:00000001
14060579ns          241648 1c00881c 1c0007b7 lui              x15, 0x1c000000     x15=1c000000
14060598ns          241649 1c008820 12c7a783 lw               x15, 300(x15)       x15=c0c90fdb x15:1c000000  PA:1c00012c
14060917ns          241665 1c008824 a0f517d3 flt.s            x15, f10, f15       x15=00000000 f10:bf6bd85a f15:c0c90fdb
14060937ns          241666 1c008828 00078463 beq              x15, x0, 8          x15:00000000
14060996ns          241669 1c008830 20a51553 fsgnjn.s         f10, f10, f10       f10=xxxxxxxx f10:bf6bd85a f10:bf6bd85a
14061016ns          241670 1c008834 f6bff06f jal              x0, -150           
14061076ns          241673 1c00879e 1c0007b7 lui              x15, 0x1c000000     x15=1c000000
14061096ns          241674 1c0087a2 01c7a783 lw               x15, 28(x15)        x15=3fc90fdb x15:1c000000  PA:1c00001c
14061533ns          241696 1c0087a6 a0f517d3 flt.s            x15, f10, f15       x15=00000001 f10:3f6bd85a f15:3fc90fdb
14061553ns          241697 1c0087aa 02079563 bne              x15, x0, 42         x15:00000001
14061613ns          241700 1c0087d4 10a57553 fmul.s           f10, f10, f10       f10=xxxxxxxx f10:3f6bd85a f10:3f6bd85a
14061633ns          241701 1c0087d8 1c0007b7 lui              x15, 0x1c000000     x15=1c000000
14061653ns          241702 1c0087dc 1c000737 lui              x14, 0x1c000000     x14=1c000000
14061673ns          241703 1c0087e0 13472703 lw               x14, 308(x14)       x14=bab59551 x14:1c000000  PA:1c000134
14061971ns          241718 1c0087e4 1307a783 lw               x15, 304(x15)       x15=37c23ab1 x15:1c000000  PA:1c000130
14062329ns          241736 1c0087e8 70f577c3 fmadd.s          f15, f10, f15, f14  f15=xxxxxxxx f10:3f5946ec f15:37c23ab1 f14:bab59551
14062349ns          241737 1c0087ec 1c000737 lui              x14, 0x1c000000     x14=1c000000
14062369ns          241738 1c0087f0 13872703 lw               x14, 312(x14)       x14=3d2aa76f x14:1c000000  PA:1c000138
14062687ns          241754 1c0087f4 70f577c3 fmadd.s          f15, f10, f15, f14  f15=xxxxxxxx f10:3f5946ec f15:bab301eb f14:3d2aa76f
14062707ns          241755 1c0087f8 1c000737 lui              x14, 0x1c000000     x14=1c000000
14062727ns          241756 1c0087fc 13c72703 lw               x14, 316(x14)       x14=beffffe0 x14:1c000000  PA:1c00013c
14063145ns          241777 1c008800 70f577c3 fmadd.s          f15, f10, f15, f14  f15=xxxxxxxx f10:3f5946ec f15:3d25e7fd f14:beffffe0
14063164ns          241778 1c008804 1c000737 lui              x14, 0x1c000000     x14=1c000000
14063184ns          241779 1c008808 16872703 lw               x14, 360(x14)       x14=3f7fffff x14:1c000000  PA:1c000168
14063503ns          241795 1c00880c 70f57543 fmadd.s          f10, f10, f15, f14  f10=xxxxxxxx f10:3f5946ec f15:beee65ed f14:3f7fffff
14063522ns          241796 1c008810 00008067 jalr             x0, x1, 0            x1:1c0081de
14063582ns          241799 1c0081de 016a7a53 fadd.s           f20, f20, f22       f20=xxxxxxxx f20:401f7e04 f22:3efd2311
14063602ns          241800 1c0081e2 10acf553 fmul.s           f10, f25, f10       f10=xxxxxxxx f25:3f800000 f10:3f1ad4c6
14063622ns          241801 1c0081e6 a14a97d3 flt.s            x15, f21, f20       x15=00000000 f21:40c90fdb f20:403f2266
14063642ns          241802 1c0081ea 00a4222b p.sw             x10, 4(x8!)          x8=10001e20 x10:3f1ad4c6  x8:10001e1c  PA:10001e1c
14063662ns          241803 1c0081ee 00078363 beq              x15, x0, 6          x15:00000000
14063721ns          241806 1c0081f4 ff7412e3 bne              x8, x23, -28         x8:10001e20 x23:10001fc8
14063781ns          241809 1c0081d8 094c7553 fsub.s           f10, f24, f20       f10=xxxxxxxx f24:3fc90fdb f20:403f2266
14063801ns          241810 1c0081dc 57c000ef jal              x1, 1404             x1=1c0081de
14063841ns          241812 1c008758 a0a527d3 feq.s            x15, f10, f10       x15=00000001 f10:bfb534f1 f10:bfb534f1
14063861ns          241813 1c00875c 0a078b63 beq              x15, x0, 182        x15:00000001
14063880ns          241814 1c00875e e00517d3 fclass.s         x15, f10            x15=00000002 f10:bfb534f1
14063900ns          241815 1c008762 0817f793 andi             x15, x15, 129       x15=00000000 x15:00000002
14063920ns          241816 1c008766 0a079663 bne              x15, x0, 172        x15:00000000
14063940ns          241817 1c008768 00000793 addi             x15, x0, 0          x15=00000000
14063960ns          241818 1c00876c a0f517d3 flt.s            x15, f10, f15       x15=00000001 f10:bfb534f1 f15:00000000
14063980ns          241819 1c008770 0a079663 bne              x15, x0, 172        x15:00000001
14064040ns          241822 1c00881c 1c0007b7 lui              x15, 0x1c000000     x15=1c000000
14064059ns          241823 1c008820 12c7a783 lw               x15, 300(x15)       x15=c0c90fdb x15:1c000000  PA:1c00012c
14064398ns          241840 1c008824 a0f517d3 flt.s            x15, f10, f15       x15=00000000 f10:bfb534f1 f15:c0c90fdb
14064418ns          241841 1c008828 00078463 beq              x15, x0, 8          x15:00000000
14064477ns          241844 1c008830 20a51553 fsgnjn.s         f10, f10, f10       f10=xxxxxxxx f10:bfb534f1 f10:bfb534f1
14064497ns          241845 1c008834 f6bff06f jal              x0, -150           
14064557ns          241848 1c00879e 1c0007b7 lui              x15, 0x1c000000     x15=1c000000
14064577ns          241849 1c0087a2 01c7a783 lw               x15, 28(x15)        x15=3fc90fdb x15:1c000000  PA:1c00001c
14064915ns          241866 1c0087a6 a0f517d3 flt.s            x15, f10, f15       x15=00000001 f10:3fb534f1 f15:3fc90fdb
14064935ns          241867 1c0087aa 02079563 bne              x15, x0, 42         x15:00000001
14064994ns          241870 1c0087d4 10a57553 fmul.s           f10, f10, f10       f10=xxxxxxxx f10:3fb534f1 f10:3fb534f1
14065014ns          241871 1c0087d8 1c0007b7 lui              x15, 0x1c000000     x15=1c000000
14065034ns          241872 1c0087dc 1c000737 lui              x14, 0x1c000000     x14=1c000000
14065054ns          241873 1c0087e0 13472703 lw               x14, 308(x14)       x14=bab59551 x14:1c000000  PA:1c000134
14065352ns          241888 1c0087e4 1307a783 lw               x15, 304(x15)       x15=37c23ab1 x15:1c000000  PA:1c000130
14065671ns          241904 1c0087e8 70f577c3 fmadd.s          f15, f10, f15, f14  f15=xxxxxxxx f10:400043e8 f15:37c23ab1 f14:bab59551
14065691ns          241905 1c0087ec 1c000737 lui              x14, 0x1c000000     x14=1c000000
14065710ns          241906 1c0087f0 13872703 lw               x14, 312(x14)       x14=3d2aa76f x14:1c000000  PA:1c000138
14066029ns          241922 1c0087f4 70f577c3 fmadd.s          f15, f10, f15, f14  f15=xxxxxxxx f10:400043e8 f15:baaf8043 f14:3d2aa76f
14066049ns          241923 1c0087f8 1c000737 lui              x14, 0x1c000000     x14=1c000000
14066068ns          241924 1c0087fc 13c72703 lw               x14, 316(x14)       x14=beffffe0 x14:1c000000  PA:1c00013c
14066407ns          241941 1c008800 70f577c3 fmadd.s          f15, f10, f15, f14  f15=xxxxxxxx f10:400043e8 f15:3d1fa999 f14:beffffe0
14066426ns          241942 1c008804 1c000737 lui              x14, 0x1c000000     x14=1c000000
14066446ns          241943 1c008808 16872703 lw               x14, 360(x14)       x14=3f7fffff x14:1c000000  PA:1c000168
14066765ns          241959 1c00880c 70f57543 fmadd.s          f10, f10, f15, f14  f10=xxxxxxxx f10:400043e8 f15:bed8004d f14:3f7fffff
14066785ns          241960 1c008810 00008067 jalr             x0, x1, 0            x1:1c0081de
14066844ns          241963 1c0081de 016a7a53 fadd.s           f20, f20, f22       f20=xxxxxxxx f20:403f2266 f22:3efd2311
14066864ns          241964 1c0081e2 10acf553 fmul.s           f10, f25, f10       f10=xxxxxxxx f25:3f800000 f10:3e1e3469
14066884ns          241965 1c0081e6 a14a97d3 flt.s            x15, f21, f20       x15=00000000 f21:40c90fdb f20:405ec6c8
14066904ns          241966 1c0081ea 00a4222b p.sw             x10, 4(x8!)          x8=10001e24 x10:3e1e3469  x8:10001e20  PA:10001e20
14066924ns          241967 1c0081ee 00078363 beq              x15, x0, 6          x15:00000000
14066983ns          241970 1c0081f4 ff7412e3 bne              x8, x23, -28         x8:10001e24 x23:10001fc8
14067043ns          241973 1c0081d8 094c7553 fsub.s           f10, f24, f20       f10=xxxxxxxx f24:3fc90fdb f20:405ec6c8
14067063ns          241974 1c0081dc 57c000ef jal              x1, 1404             x1=1c0081de
14067103ns          241976 1c008758 a0a527d3 feq.s            x15, f10, f10       x15=00000001 f10:bff47db5 f10:bff47db5
14067123ns          241977 1c00875c 0a078b63 beq              x15, x0, 182        x15:00000001
14067143ns          241978 1c00875e e00517d3 fclass.s         x15, f10            x15=00000002 f10:bff47db5
14067162ns          241979 1c008762 0817f793 andi             x15, x15, 129       x15=00000000 x15:00000002
14067182ns          241980 1c008766 0a079663 bne              x15, x0, 172        x15:00000000
14067202ns          241981 1c008768 00000793 addi             x15, x0, 0          x15=00000000
14067222ns          241982 1c00876c a0f517d3 flt.s            x15, f10, f15       x15=00000001 f10:bff47db5 f15:00000000
14067242ns          241983 1c008770 0a079663 bne              x15, x0, 172        x15:00000001
14067302ns          241986 1c00881c 1c0007b7 lui              x15, 0x1c000000     x15=1c000000
14067322ns          241987 1c008820 12c7a783 lw               x15, 300(x15)       x15=c0c90fdb x15:1c000000  PA:1c00012c
14067660ns          242004 1c008824 a0f517d3 flt.s            x15, f10, f15       x15=00000000 f10:bff47db5 f15:c0c90fdb
14067680ns          242005 1c008828 00078463 beq              x15, x0, 8          x15:00000000
14067739ns          242008 1c008830 20a51553 fsgnjn.s         f10, f10, f10       f10=xxxxxxxx f10:bff47db5 f10:bff47db5
14067759ns          242009 1c008834 f6bff06f jal              x0, -150           
14067819ns          242012 1c00879e 1c0007b7 lui              x15, 0x1c000000     x15=1c000000
14067839ns          242013 1c0087a2 01c7a783 lw               x15, 28(x15)        x15=3fc90fdb x15:1c000000  PA:1c00001c
14068177ns          242030 1c0087a6 a0f517d3 flt.s            x15, f10, f15       x15=00000000 f10:3ff47db5 f15:3fc90fdb
14068197ns          242031 1c0087aa 02079563 bne              x15, x0, 42         x15:00000000
14068217ns          242032 1c0087ac 1c0007b7 lui              x15, 0x1c000000     x15=1c000000
14068237ns          242033 1c0087b0 1007a783 lw               x15, 256(x15)       x15=40490fdb x15:1c000000  PA:1c000100
14068555ns          242049 1c0087b4 a0f51753 flt.s            x14, f10, f15       x14=00000001 f10:3ff47db5 f15:40490fdb
14068575ns          242050 1c0087b8 06071f63 bne              x14, x0, 126        x14:00000001
14068654ns          242054 1c008836 08a7f553 fsub.s           f10, f15, f10       f10=xxxxxxxx f15:40490fdb f10:3ff47db5
14068674ns          242055 1c00883a 10a57553 fmul.s           f10, f10, f10       f10=xxxxxxxx f10:3f9da201 f10:3f9da201
14068694ns          242056 1c00883e 1c0007b7 lui              x15, 0x1c000000     x15=1c000000
14068714ns          242057 1c008842 1c000737 lui              x14, 0x1c000000     x14=1c000000
14068734ns          242058 1c008846 13472703 lw               x14, 308(x14)       x14=bab59551 x14:1c000000  PA:1c000134
14069052ns          242074 1c00884a 1307a783 lw               x15, 304(x15)       x15=37c23ab1 x15:1c000000  PA:1c000130
14069370ns          242090 1c00884e 70f577c3 fmadd.s          f15, f10, f15, f14  f15=xxxxxxxx f10:3fc22037 f15:37c23ab1 f14:bab59551
14069390ns          242091 1c008852 1c000737 lui              x14, 0x1c000000     x14=1c000000
14069410ns          242092 1c008856 13872703 lw               x14, 312(x14)       x14=3d2aa76f x14:1c000000  PA:1c000138
14069728ns          242108 1c00885a 70f577c3 fmadd.s          f15, f10, f15, f14  f15=xxxxxxxx f10:3fc22037 f15:bab0fb0a f14:3d2aa76f
14069748ns          242109 1c00885e 1c000737 lui              x14, 0x1c000000     x14=1c000000
14069768ns          242110 1c008862 13c72703 lw               x14, 316(x14)       x14=beffffe0 x14:1c000000  PA:1c00013c
14070086ns          242126 1c008866 70f577c3 fmadd.s          f15, f10, f15, f14  f15=xxxxxxxx f10:3fc22037 f15:3d224427 f14:beffffe0
14070106ns          242127 1c00886a 1c000737 lui              x14, 0x1c000000     x14=1c000000
14070126ns          242128 1c00886e 16872703 lw               x14, 360(x14)       x14=3f7fffff x14:1c000000  PA:1c000168
14070444ns          242144 1c008872 70f57543 fmadd.s          f10, f10, f15, f14  f10=xxxxxxxx f10:3fc22037 f15:bee13cdc f14:3f7fffff
14070464ns          242145 1c008876 20a51553 fsgnjn.s         f10, f10, f10       f10=xxxxxxxx f10:3eaa6711 f10:3eaa6711
14070484ns          242146 1c00887a 00008067 jalr             x0, x1, 0            x1:1c0081de
14070544ns          242149 1c0081de 016a7a53 fadd.s           f20, f20, f22       f20=xxxxxxxx f20:405ec6c8 f22:3efd2311
14070564ns          242150 1c0081e2 10acf553 fmul.s           f10, f25, f10       f10=xxxxxxxx f25:3f800000 f10:beaa6711
14070584ns          242151 1c0081e6 a14a97d3 flt.s            x15, f21, f20       x15=00000000 f21:40c90fdb f20:407e6b2a
14070604ns          242152 1c0081ea 00a4222b p.sw             x10, 4(x8!)          x8=10001e28 x10:beaa6711  x8:10001e24  PA:10001e24
14070623ns          242153 1c0081ee 00078363 beq              x15, x0, 6          x15:00000000
14070683ns          242156 1c0081f4 ff7412e3 bne              x8, x23, -28         x8:10001e28 x23:10001fc8
14070743ns          242159 1c0081d8 094c7553 fsub.s           f10, f24, f20       f10=xxxxxxxx f24:3fc90fdb f20:407e6b2a
14070763ns          242160 1c0081dc 57c000ef jal              x1, 1404             x1=1c0081de
14070802ns          242162 1c008758 a0a527d3 feq.s            x15, f10, f10       x15=00000001 f10:c019e33c f10:c019e33c
14070822ns          242163 1c00875c 0a078b63 beq              x15, x0, 182        x15:00000001
14070842ns          242164 1c00875e e00517d3 fclass.s         x15, f10            x15=00000002 f10:c019e33c
14070862ns          242165 1c008762 0817f793 andi             x15, x15, 129       x15=00000000 x15:00000002
14070882ns          242166 1c008766 0a079663 bne              x15, x0, 172        x15:00000000
14070902ns          242167 1c008768 00000793 addi             x15, x0, 0          x15=00000000
14070922ns          242168 1c00876c a0f517d3 flt.s            x15, f10, f15       x15=00000001 f10:c019e33c f15:00000000
14070942ns          242169 1c008770 0a079663 bne              x15, x0, 172        x15:00000001
14071001ns          242172 1c00881c 1c0007b7 lui              x15, 0x1c000000     x15=1c000000
14071021ns          242173 1c008820 12c7a783 lw               x15, 300(x15)       x15=c0c90fdb x15:1c000000  PA:1c00012c
14071340ns          242189 1c008824 a0f517d3 flt.s            x15, f10, f15       x15=00000000 f10:c019e33c f15:c0c90fdb
14071359ns          242190 1c008828 00078463 beq              x15, x0, 8          x15:00000000
14071419ns          242193 1c008830 20a51553 fsgnjn.s         f10, f10, f10       f10=xxxxxxxx f10:c019e33c f10:c019e33c
14071439ns          242194 1c008834 f6bff06f jal              x0, -150           
14071499ns          242197 1c00879e 1c0007b7 lui              x15, 0x1c000000     x15=1c000000
14071519ns          242198 1c0087a2 01c7a783 lw               x15, 28(x15)        x15=3fc90fdb x15:1c000000  PA:1c00001c
14071837ns          242214 1c0087a6 a0f517d3 flt.s            x15, f10, f15       x15=00000000 f10:4019e33c f15:3fc90fdb
14071857ns          242215 1c0087aa 02079563 bne              x15, x0, 42         x15:00000000
14071877ns          242216 1c0087ac 1c0007b7 lui              x15, 0x1c000000     x15=1c000000
14071896ns          242217 1c0087b0 1007a783 lw               x15, 256(x15)       x15=40490fdb x15:1c000000  PA:1c000100
14072235ns          242234 1c0087b4 a0f51753 flt.s            x14, f10, f15       x14=00000001 f10:4019e33c f15:40490fdb
14072254ns          242235 1c0087b8 06071f63 bne              x14, x0, 126        x14:00000001
14072334ns          242239 1c008836 08a7f553 fsub.s           f10, f15, f10       f10=xxxxxxxx f15:40490fdb f10:4019e33c
14072354ns          242240 1c00883a 10a57553 fmul.s           f10, f10, f10       f10=xxxxxxxx f10:3f3cb27c f10:3f3cb27c
14072374ns          242241 1c00883e 1c0007b7 lui              x15, 0x1c000000     x15=1c000000
14072394ns          242242 1c008842 1c000737 lui              x14, 0x1c000000     x14=1c000000
14072414ns          242243 1c008846 13472703 lw               x14, 308(x14)       x14=bab59551 x14:1c000000  PA:1c000134
14072712ns          242258 1c00884a 1307a783 lw               x15, 304(x15)       x15=37c23ab1 x15:1c000000  PA:1c000130
14073030ns          242274 1c00884e 70f577c3 fmadd.s          f15, f10, f15, f14  f15=xxxxxxxx f10:3f0b16a3 f15:37c23ab1 f14:bab59551
14073050ns          242275 1c008852 1c000737 lui              x14, 0x1c000000     x14=1c000000
14073070ns          242276 1c008856 13872703 lw               x14, 312(x14)       x14=3d2aa76f x14:1c000000  PA:1c000138
14073388ns          242292 1c00885a 70f577c3 fmadd.s          f15, f10, f15, f14  f15=xxxxxxxx f10:3f0b16a3 f15:bab3ef35 f14:3d2aa76f
14073408ns          242293 1c00885e 1c000737 lui              x14, 0x1c000000     x14=1c000000
14073428ns          242294 1c008862 13c72703 lw               x14, 316(x14)       x14=beffffe0 x14:1c000000  PA:1c00013c
14073746ns          242310 1c008866 70f577c3 fmadd.s          f15, f10, f15, f14  f15=xxxxxxxx f10:3f0b16a3 f15:3d279959 f14:beffffe0
14073766ns          242311 1c00886a 1c000737 lui              x14, 0x1c000000     x14=1c000000
14073786ns          242312 1c00886e 16872703 lw               x14, 360(x14)       x14=3f7fffff x14:1c000000  PA:1c000168
14074144ns          242330 1c008872 70f57543 fmadd.s          f10, f10, f15, f14  f10=xxxxxxxx f10:3f0b16a3 f15:bef49dfd f14:3f7fffff
14074164ns          242331 1c008876 20a51553 fsgnjn.s         f10, f10, f10       f10=xxxxxxxx f10:3f3d8c4a f10:3f3d8c4a
14074184ns          242332 1c00887a 00008067 jalr             x0, x1, 0            x1:1c0081de
14074244ns          242335 1c0081de 016a7a53 fadd.s           f20, f20, f22       f20=xxxxxxxx f20:407e6b2a f22:3efd2311
14074263ns          242336 1c0081e2 10acf553 fmul.s           f10, f25, f10       f10=xxxxxxxx f25:3f800000 f10:bf3d8c4a
14074283ns          242337 1c0081e6 a14a97d3 flt.s            x15, f21, f20       x15=00000000 f21:40c90fdb f20:408f07c6
14074303ns          242338 1c0081ea 00a4222b p.sw             x10, 4(x8!)          x8=10001e2c x10:bf3d8c4a  x8:10001e28  PA:10001e28
14074323ns          242339 1c0081ee 00078363 beq              x15, x0, 6          x15:00000000
14074383ns          242342 1c0081f4 ff7412e3 bne              x8, x23, -28         x8:10001e2c x23:10001fc8
14074442ns          242345 1c0081d8 094c7553 fsub.s           f10, f24, f20       f10=xxxxxxxx f24:3fc90fdb f20:408f07c6
14074462ns          242346 1c0081dc 57c000ef jal              x1, 1404             x1=1c0081de
14074502ns          242348 1c008758 a0a527d3 feq.s            x15, f10, f10       x15=00000001 f10:c039879e f10:c039879e
14074522ns          242349 1c00875c 0a078b63 beq              x15, x0, 182        x15:00000001
14074542ns          242350 1c00875e e00517d3 fclass.s         x15, f10            x15=00000002 f10:c039879e
14074562ns          242351 1c008762 0817f793 andi             x15, x15, 129       x15=00000000 x15:00000002
14074582ns          242352 1c008766 0a079663 bne              x15, x0, 172        x15:00000000
14074602ns          242353 1c008768 00000793 addi             x15, x0, 0          x15=00000000
14074621ns          242354 1c00876c a0f517d3 flt.s            x15, f10, f15       x15=00000001 f10:c039879e f15:00000000
14074641ns          242355 1c008770 0a079663 bne              x15, x0, 172        x15:00000001
14074701ns          242358 1c00881c 1c0007b7 lui              x15, 0x1c000000     x15=1c000000
14074721ns          242359 1c008820 12c7a783 lw               x15, 300(x15)       x15=c0c90fdb x15:1c000000  PA:1c00012c
14075059ns          242376 1c008824 a0f517d3 flt.s            x15, f10, f15       x15=00000000 f10:c039879e f15:c0c90fdb
14075079ns          242377 1c008828 00078463 beq              x15, x0, 8          x15:00000000
14075139ns          242380 1c008830 20a51553 fsgnjn.s         f10, f10, f10       f10=xxxxxxxx f10:c039879e f10:c039879e
14075159ns          242381 1c008834 f6bff06f jal              x0, -150           
14075218ns          242384 1c00879e 1c0007b7 lui              x15, 0x1c000000     x15=1c000000
14075238ns          242385 1c0087a2 01c7a783 lw               x15, 28(x15)        x15=3fc90fdb x15:1c000000  PA:1c00001c
14075596ns          242403 1c0087a6 a0f517d3 flt.s            x15, f10, f15       x15=00000000 f10:4039879e f15:3fc90fdb
14075616ns          242404 1c0087aa 02079563 bne              x15, x0, 42         x15:00000000
14075636ns          242405 1c0087ac 1c0007b7 lui              x15, 0x1c000000     x15=1c000000
14075656ns          242406 1c0087b0 1007a783 lw               x15, 256(x15)       x15=40490fdb x15:1c000000  PA:1c000100
14075974ns          242422 1c0087b4 a0f51753 flt.s            x14, f10, f15       x14=00000001 f10:4039879e f15:40490fdb
14075994ns          242423 1c0087b8 06071f63 bne              x14, x0, 126        x14:00000001
14076074ns          242427 1c008836 08a7f553 fsub.s           f10, f15, f10       f10=xxxxxxxx f15:40490fdb f10:4039879e
14076093ns          242428 1c00883a 10a57553 fmul.s           f10, f10, f10       f10=xxxxxxxx f10:3e7883d0 f10:3e7883d0
14076113ns          242429 1c00883e 1c0007b7 lui              x15, 0x1c000000     x15=1c000000
14076133ns          242430 1c008842 1c000737 lui              x14, 0x1c000000     x14=1c000000
14076153ns          242431 1c008846 13472703 lw               x14, 308(x14)       x14=bab59551 x14:1c000000  PA:1c000134
14076451ns          242446 1c00884a 1307a783 lw               x15, 304(x15)       x15=37c23ab1 x15:1c000000  PA:1c000130
14076809ns          242464 1c00884e 70f577c3 fmadd.s          f15, f10, f15, f14  f15=xxxxxxxx f10:3d713fa7 f15:37c23ab1 f14:bab59551
14076829ns          242465 1c008852 1c000737 lui              x14, 0x1c000000     x14=1c000000
14076849ns          242466 1c008856 13872703 lw               x14, 312(x14)       x14=3d2aa76f x14:1c000000  PA:1c000138
14077167ns          242482 1c00885a 70f577c3 fmadd.s          f15, f10, f15, f14  f15=xxxxxxxx f10:3d713fa7 f15:bab5678f f14:3d2aa76f
14077187ns          242483 1c00885e 1c000737 lui              x14, 0x1c000000     x14=1c000000
14077207ns          242484 1c008862 13c72703 lw               x14, 316(x14)       x14=beffffe0 x14:1c000000  PA:1c00013c
14077545ns          242501 1c008866 70f577c3 fmadd.s          f15, f10, f15, f14  f15=xxxxxxxx f10:3d713fa7 f15:3d2a51f5 f14:beffffe0
14077565ns          242502 1c00886a 1c000737 lui              x14, 0x1c000000     x14=1c000000
14077585ns          242503 1c00886e 16872703 lw               x14, 360(x14)       x14=3f7fffff x14:1c000000  PA:1c000168
14077923ns          242520 1c008872 70f57543 fmadd.s          f10, f10, f15, f14  f10=xxxxxxxx f10:3d713fa7 f15:befebedd f14:3f7fffff
14077943ns          242521 1c008876 20a51553 fsgnjn.s         f10, f10, f10       f10=xxxxxxxx f10:3f787f77 f10:3f787f77
14077963ns          242522 1c00887a 00008067 jalr             x0, x1, 0            x1:1c0081de
14078023ns          242525 1c0081de 016a7a53 fadd.s           f20, f20, f22       f20=xxxxxxxx f20:408f07c6 f22:3efd2311
14078043ns          242526 1c0081e2 10acf553 fmul.s           f10, f25, f10       f10=xxxxxxxx f25:3f800000 f10:bf787f77
14078063ns          242527 1c0081e6 a14a97d3 flt.s            x15, f21, f20       x15=00000000 f21:40c90fdb f20:409ed9f7
14078082ns          242528 1c0081ea 00a4222b p.sw             x10, 4(x8!)          x8=10001e30 x10:bf787f77  x8:10001e2c  PA:10001e2c
14078102ns          242529 1c0081ee 00078363 beq              x15, x0, 6          x15:00000000
14078162ns          242532 1c0081f4 ff7412e3 bne              x8, x23, -28         x8:10001e30 x23:10001fc8
14078222ns          242535 1c0081d8 094c7553 fsub.s           f10, f24, f20       f10=xxxxxxxx f24:3fc90fdb f20:409ed9f7
14078242ns          242536 1c0081dc 57c000ef jal              x1, 1404             x1=1c0081de
14078281ns          242538 1c008758 a0a527d3 feq.s            x15, f10, f10       x15=00000001 f10:c0592c00 f10:c0592c00
14078301ns          242539 1c00875c 0a078b63 beq              x15, x0, 182        x15:00000001
14078321ns          242540 1c00875e e00517d3 fclass.s         x15, f10            x15=00000002 f10:c0592c00
14078341ns          242541 1c008762 0817f793 andi             x15, x15, 129       x15=00000000 x15:00000002
14078361ns          242542 1c008766 0a079663 bne              x15, x0, 172        x15:00000000
14078381ns          242543 1c008768 00000793 addi             x15, x0, 0          x15=00000000
14078401ns          242544 1c00876c a0f517d3 flt.s            x15, f10, f15       x15=00000001 f10:c0592c00 f15:00000000
14078421ns          242545 1c008770 0a079663 bne              x15, x0, 172        x15:00000001
14078480ns          242548 1c00881c 1c0007b7 lui              x15, 0x1c000000     x15=1c000000
14078500ns          242549 1c008820 12c7a783 lw               x15, 300(x15)       x15=c0c90fdb x15:1c000000  PA:1c00012c
14078838ns          242566 1c008824 a0f517d3 flt.s            x15, f10, f15       x15=00000000 f10:c0592c00 f15:c0c90fdb
14078858ns          242567 1c008828 00078463 beq              x15, x0, 8          x15:00000000
14078918ns          242570 1c008830 20a51553 fsgnjn.s         f10, f10, f10       f10=xxxxxxxx f10:c0592c00 f10:c0592c00
14078938ns          242571 1c008834 f6bff06f jal              x0, -150           
14078997ns          242574 1c00879e 1c0007b7 lui              x15, 0x1c000000     x15=1c000000
14079017ns          242575 1c0087a2 01c7a783 lw               x15, 28(x15)        x15=3fc90fdb x15:1c000000  PA:1c00001c
14079336ns          242591 1c0087a6 a0f517d3 flt.s            x15, f10, f15       x15=00000000 f10:40592c00 f15:3fc90fdb
14079355ns          242592 1c0087aa 02079563 bne              x15, x0, 42         x15:00000000
14079375ns          242593 1c0087ac 1c0007b7 lui              x15, 0x1c000000     x15=1c000000
14079395ns          242594 1c0087b0 1007a783 lw               x15, 256(x15)       x15=40490fdb x15:1c000000  PA:1c000100
14079714ns          242610 1c0087b4 a0f51753 flt.s            x14, f10, f15       x14=00000000 f10:40592c00 f15:40490fdb
14079733ns          242611 1c0087b8 06071f63 bne              x14, x0, 126        x14:00000000
14079753ns          242612 1c0087ba 1c000737 lui              x14, 0x1c000000     x14=1c000000
14079773ns          242613 1c0087be 14072703 lw               x14, 320(x14)       x14=4096cbe4 x14:1c000000  PA:1c000140
14080131ns          242631 1c0087c2 a0e51753 flt.s            x14, f10, f14       x14=00000001 f10:40592c00 f14:4096cbe4
14080151ns          242632 1c0087c6 0a071b63 bne              x14, x0, 182        x14:00000001
14080211ns          242635 1c00887c 08f57553 fsub.s           f10, f10, f15       f10=xxxxxxxx f10:40592c00 f15:40490fdb
14080231ns          242636 1c008880 fbbff06f jal              x0, -70            
14080290ns          242639 1c00883a 10a57553 fmul.s           f10, f10, f10       f10=xxxxxxxx f10:3e80e128 f10:3e80e128
14080310ns          242640 1c00883e 1c0007b7 lui              x15, 0x1c000000     x15=1c000000
14080330ns          242641 1c008842 1c000737 lui              x14, 0x1c000000     x14=1c000000
14080350ns          242642 1c008846 13472703 lw               x14, 308(x14)       x14=bab59551 x14:1c000000  PA:1c000134
14080648ns          242657 1c00884a 1307a783 lw               x15, 304(x15)       x15=37c23ab1 x15:1c000000  PA:1c000130
14080967ns          242673 1c00884e 70f577c3 fmadd.s          f15, f10, f15, f14  f15=xxxxxxxx f10:3d81c3dc f15:37c23ab1 f14:bab59551
14080987ns          242674 1c008852 1c000737 lui              x14, 0x1c000000     x14=1c000000
14081006ns          242675 1c008856 13872703 lw               x14, 312(x14)       x14=3d2aa76f x14:1c000000  PA:1c000138
14081345ns          242692 1c00885a 70f577c3 fmadd.s          f15, f10, f15, f14  f15=xxxxxxxx f10:3d81c3dc f15:bab56417 f14:3d2aa76f
14081364ns          242693 1c00885e 1c000737 lui              x14, 0x1c000000     x14=1c000000
14081384ns          242694 1c008862 13c72703 lw               x14, 316(x14)       x14=beffffe0 x14:1c000000  PA:1c00013c
14081703ns          242710 1c008866 70f577c3 fmadd.s          f15, f10, f15, f14  f15=xxxxxxxx f10:3d81c3dc f15:3d2a4b7d f14:beffffe0
14081722ns          242711 1c00886a 1c000737 lui              x14, 0x1c000000     x14=1c000000
14081742ns          242712 1c00886e 16872703 lw               x14, 360(x14)       x14=3f7fffff x14:1c000000  PA:1c000168
14082061ns          242728 1c008872 70f57543 fmadd.s          f10, f10, f15, f14  f10=xxxxxxxx f10:3d81c3dc f15:befea697 f14:3f7fffff
14082081ns          242729 1c008876 20a51553 fsgnjn.s         f10, f10, f10       f10=xxxxxxxx f10:3f77eeb3 f10:3f77eeb3
14082100ns          242730 1c00887a 00008067 jalr             x0, x1, 0            x1:1c0081de
14082160ns          242733 1c0081de 016a7a53 fadd.s           f20, f20, f22       f20=xxxxxxxx f20:409ed9f7 f22:3efd2311
14082180ns          242734 1c0081e2 10acf553 fmul.s           f10, f25, f10       f10=xxxxxxxx f25:3f800000 f10:bf77eeb3
14082200ns          242735 1c0081e6 a14a97d3 flt.s            x15, f21, f20       x15=00000000 f21:40c90fdb f20:40aeac28
14082220ns          242736 1c0081ea 00a4222b p.sw             x10, 4(x8!)          x8=10001e34 x10:bf77eeb3  x8:10001e30  PA:10001e30
14082240ns          242737 1c0081ee 00078363 beq              x15, x0, 6          x15:00000000
14082299ns          242740 1c0081f4 ff7412e3 bne              x8, x23, -28         x8:10001e34 x23:10001fc8
14082359ns          242743 1c0081d8 094c7553 fsub.s           f10, f24, f20       f10=xxxxxxxx f24:3fc90fdb f20:40aeac28
14082379ns          242744 1c0081dc 57c000ef jal              x1, 1404             x1=1c0081de
14082419ns          242746 1c008758 a0a527d3 feq.s            x15, f10, f10       x15=00000001 f10:c078d062 f10:c078d062
14082439ns          242747 1c00875c 0a078b63 beq              x15, x0, 182        x15:00000001
14082458ns          242748 1c00875e e00517d3 fclass.s         x15, f10            x15=00000002 f10:c078d062
14082478ns          242749 1c008762 0817f793 andi             x15, x15, 129       x15=00000000 x15:00000002
14082498ns          242750 1c008766 0a079663 bne              x15, x0, 172        x15:00000000
14082518ns          242751 1c008768 00000793 addi             x15, x0, 0          x15=00000000
14082538ns          242752 1c00876c a0f517d3 flt.s            x15, f10, f15       x15=00000001 f10:c078d062 f15:00000000
14082558ns          242753 1c008770 0a079663 bne              x15, x0, 172        x15:00000001
14082618ns          242756 1c00881c 1c0007b7 lui              x15, 0x1c000000     x15=1c000000
14082637ns          242757 1c008820 12c7a783 lw               x15, 300(x15)       x15=c0c90fdb x15:1c000000  PA:1c00012c
14082956ns          242773 1c008824 a0f517d3 flt.s            x15, f10, f15       x15=00000000 f10:c078d062 f15:c0c90fdb
14082976ns          242774 1c008828 00078463 beq              x15, x0, 8          x15:00000000
14083035ns          242777 1c008830 20a51553 fsgnjn.s         f10, f10, f10       f10=xxxxxxxx f10:c078d062 f10:c078d062
14083055ns          242778 1c008834 f6bff06f jal              x0, -150           
14083115ns          242781 1c00879e 1c0007b7 lui              x15, 0x1c000000     x15=1c000000
14083135ns          242782 1c0087a2 01c7a783 lw               x15, 28(x15)        x15=3fc90fdb x15:1c000000  PA:1c00001c
14083453ns          242798 1c0087a6 a0f517d3 flt.s            x15, f10, f15       x15=00000000 f10:4078d062 f15:3fc90fdb
14083473ns          242799 1c0087aa 02079563 bne              x15, x0, 42         x15:00000000
14083493ns          242800 1c0087ac 1c0007b7 lui              x15, 0x1c000000     x15=1c000000
14083513ns          242801 1c0087b0 1007a783 lw               x15, 256(x15)       x15=40490fdb x15:1c000000  PA:1c000100
14083831ns          242817 1c0087b4 a0f51753 flt.s            x14, f10, f15       x14=00000000 f10:4078d062 f15:40490fdb
14083851ns          242818 1c0087b8 06071f63 bne              x14, x0, 126        x14:00000000
14083871ns          242819 1c0087ba 1c000737 lui              x14, 0x1c000000     x14=1c000000
14083891ns          242820 1c0087be 14072703 lw               x14, 320(x14)       x14=4096cbe4 x14:1c000000  PA:1c000140
14084229ns          242837 1c0087c2 a0e51753 flt.s            x14, f10, f14       x14=00000001 f10:4078d062 f14:4096cbe4
14084249ns          242838 1c0087c6 0a071b63 bne              x14, x0, 182        x14:00000001
14084308ns          242841 1c00887c 08f57553 fsub.s           f10, f10, f15       f10=xxxxxxxx f10:4078d062 f15:40490fdb
14084328ns          242842 1c008880 fbbff06f jal              x0, -70            
14084388ns          242845 1c00883a 10a57553 fmul.s           f10, f10, f10       f10=xxxxxxxx f10:3f3f021c f10:3f3f021c
14084408ns          242846 1c00883e 1c0007b7 lui              x15, 0x1c000000     x15=1c000000
14084428ns          242847 1c008842 1c000737 lui              x14, 0x1c000000     x14=1c000000
14084448ns          242848 1c008846 13472703 lw               x14, 308(x14)       x14=bab59551 x14:1c000000  PA:1c000134
14084746ns          242863 1c00884a 1307a783 lw               x15, 304(x15)       x15=37c23ab1 x15:1c000000  PA:1c000130
14085064ns          242879 1c00884e 70f577c3 fmadd.s          f15, f10, f15, f14  f15=xxxxxxxx f10:3f0e8426 f15:37c23ab1 f14:bab59551
14085084ns          242880 1c008852 1c000737 lui              x14, 0x1c000000     x14=1c000000
14085104ns          242881 1c008856 13872703 lw               x14, 312(x14)       x14=3d2aa76f x14:1c000000  PA:1c000138
14085442ns          242898 1c00885a 70f577c3 fmadd.s          f15, f10, f15, f14  f15=xxxxxxxx f10:3f0e8426 f15:bab3e4ce f14:3d2aa76f
14085462ns          242899 1c00885e 1c000737 lui              x14, 0x1c000000     x14=1c000000
14085482ns          242900 1c008862 13c72703 lw               x14, 316(x14)       x14=beffffe0 x14:1c000000  PA:1c00013c
14085800ns          242916 1c008866 70f577c3 fmadd.s          f15, f10, f15, f14  f15=xxxxxxxx f10:3f0e8426 f15:3d278641 f14:beffffe0
14085820ns          242917 1c00886a 1c000737 lui              x14, 0x1c000000     x14=1c000000
14085840ns          242918 1c00886e 16872703 lw               x14, 360(x14)       x14=3f7fffff x14:1c000000  PA:1c000168
14086178ns          242935 1c008872 70f57543 fmadd.s          f10, f10, f15, f14  f10=xxxxxxxx f10:3f0e8426 f15:bef45782 f14:3f7fffff
14086198ns          242936 1c008876 20a51553 fsgnjn.s         f10, f10, f10       f10=xxxxxxxx f10:3f3bfca9 f10:3f3bfca9
14086218ns          242937 1c00887a 00008067 jalr             x0, x1, 0            x1:1c0081de
14086277ns          242940 1c0081de 016a7a53 fadd.s           f20, f20, f22       f20=xxxxxxxx f20:40aeac28 f22:3efd2311
14086297ns          242941 1c0081e2 10acf553 fmul.s           f10, f25, f10       f10=xxxxxxxx f25:3f800000 f10:bf3bfca9
14086317ns          242942 1c0081e6 a14a97d3 flt.s            x15, f21, f20       x15=00000000 f21:40c90fdb f20:40be7e59
14086337ns          242943 1c0081ea 00a4222b p.sw             x10, 4(x8!)          x8=10001e38 x10:bf3bfca9  x8:10001e34  PA:10001e34
14086357ns          242944 1c0081ee 00078363 beq              x15, x0, 6          x15:00000000
14086417ns          242947 1c0081f4 ff7412e3 bne              x8, x23, -28         x8:10001e38 x23:10001fc8
14086476ns          242950 1c0081d8 094c7553 fsub.s           f10, f24, f20       f10=xxxxxxxx f24:3fc90fdb f20:40be7e59
14086496ns          242951 1c0081dc 57c000ef jal              x1, 1404             x1=1c0081de
14086536ns          242953 1c008758 a0a527d3 feq.s            x15, f10, f10       x15=00000001 f10:c08c3a62 f10:c08c3a62
14086556ns          242954 1c00875c 0a078b63 beq              x15, x0, 182        x15:00000001
14086576ns          242955 1c00875e e00517d3 fclass.s         x15, f10            x15=00000002 f10:c08c3a62
14086596ns          242956 1c008762 0817f793 andi             x15, x15, 129       x15=00000000 x15:00000002
14086616ns          242957 1c008766 0a079663 bne              x15, x0, 172        x15:00000000
14086635ns          242958 1c008768 00000793 addi             x15, x0, 0          x15=00000000
14086655ns          242959 1c00876c a0f517d3 flt.s            x15, f10, f15       x15=00000001 f10:c08c3a62 f15:00000000
14086675ns          242960 1c008770 0a079663 bne              x15, x0, 172        x15:00000001
14086735ns          242963 1c00881c 1c0007b7 lui              x15, 0x1c000000     x15=1c000000
14086755ns          242964 1c008820 12c7a783 lw               x15, 300(x15)       x15=c0c90fdb x15:1c000000  PA:1c00012c
14087073ns          242980 1c008824 a0f517d3 flt.s            x15, f10, f15       x15=00000000 f10:c08c3a62 f15:c0c90fdb
14087093ns          242981 1c008828 00078463 beq              x15, x0, 8          x15:00000000
14087153ns          242984 1c008830 20a51553 fsgnjn.s         f10, f10, f10       f10=xxxxxxxx f10:c08c3a62 f10:c08c3a62
14087173ns          242985 1c008834 f6bff06f jal              x0, -150           
14087232ns          242988 1c00879e 1c0007b7 lui              x15, 0x1c000000     x15=1c000000
14087252ns          242989 1c0087a2 01c7a783 lw               x15, 28(x15)        x15=3fc90fdb x15:1c000000  PA:1c00001c
14087570ns          243005 1c0087a6 a0f517d3 flt.s            x15, f10, f15       x15=00000000 f10:408c3a62 f15:3fc90fdb
14087590ns          243006 1c0087aa 02079563 bne              x15, x0, 42         x15:00000000
14087610ns          243007 1c0087ac 1c0007b7 lui              x15, 0x1c000000     x15=1c000000
14087630ns          243008 1c0087b0 1007a783 lw               x15, 256(x15)       x15=40490fdb x15:1c000000  PA:1c000100
14087948ns          243024 1c0087b4 a0f51753 flt.s            x14, f10, f15       x14=00000000 f10:408c3a62 f15:40490fdb
14087968ns          243025 1c0087b8 06071f63 bne              x14, x0, 126        x14:00000000
14087988ns          243026 1c0087ba 1c000737 lui              x14, 0x1c000000     x14=1c000000
14088008ns          243027 1c0087be 14072703 lw               x14, 320(x14)       x14=4096cbe4 x14:1c000000  PA:1c000140
14088326ns          243043 1c0087c2 a0e51753 flt.s            x14, f10, f14       x14=00000001 f10:408c3a62 f14:4096cbe4
14088346ns          243044 1c0087c6 0a071b63 bne              x14, x0, 182        x14:00000001
14088406ns          243047 1c00887c 08f57553 fsub.s           f10, f10, f15       f10=xxxxxxxx f10:408c3a62 f15:40490fdb
14088426ns          243048 1c008880 fbbff06f jal              x0, -70            
14088485ns          243051 1c00883a 10a57553 fmul.s           f10, f10, f10       f10=xxxxxxxx f10:3f9ec9d2 f10:3f9ec9d2
14088505ns          243052 1c00883e 1c0007b7 lui              x15, 0x1c000000     x15=1c000000
14088525ns          243053 1c008842 1c000737 lui              x14, 0x1c000000     x14=1c000000
14088545ns          243054 1c008846 13472703 lw               x14, 308(x14)       x14=bab59551 x14:1c000000  PA:1c000134
14088843ns          243069 1c00884a 1307a783 lw               x15, 304(x15)       x15=37c23ab1 x15:1c000000  PA:1c000130
14089162ns          243085 1c00884e 70f577c3 fmadd.s          f15, f10, f15, f14  f15=xxxxxxxx f10:3fc4fb7d f15:37c23ab1 f14:bab59551
14089182ns          243086 1c008852 1c000737 lui              x14, 0x1c000000     x14=1c000000
14089201ns          243087 1c008856 13872703 lw               x14, 312(x14)       x14=3d2aa76f x14:1c000000  PA:1c000138
14089579ns          243106 1c00885a 70f577c3 fmadd.s          f15, f10, f15, f14  f15=xxxxxxxx f10:3fc4fb7d f15:bab0e9b3 f14:3d2aa76f
14089599ns          243107 1c00885e 1c000737 lui              x14, 0x1c000000     x14=1c000000
14089619ns          243108 1c008862 13c72703 lw               x14, 316(x14)       x14=beffffe0 x14:1c000000  PA:1c00013c
14089937ns          243124 1c008866 70f577c3 fmadd.s          f15, f10, f15, f14  f15=xxxxxxxx f10:3fc4fb7d f15:3d222563 f14:beffffe0
14089957ns          243125 1c00886a 1c000737 lui              x14, 0x1c000000     x14=1c000000
14089977ns          243126 1c00886e 16872703 lw               x14, 360(x14)       x14=3f7fffff x14:1c000000  PA:1c000168
14090295ns          243142 1c008872 70f57543 fmadd.s          f10, f10, f15, f14  f10=xxxxxxxx f10:3fc4fb7d f15:bee0cee6 f14:3f7fffff
14090315ns          243143 1c008876 20a51553 fsgnjn.s         f10, f10, f10       f10=xxxxxxxx f10:3ea6097d f10:3ea6097d
14090335ns          243144 1c00887a 00008067 jalr             x0, x1, 0            x1:1c0081de
14090395ns          243147 1c0081de 016a7a53 fadd.s           f20, f20, f22       f20=xxxxxxxx f20:40be7e59 f22:3efd2311
14090415ns          243148 1c0081e2 10acf553 fmul.s           f10, f25, f10       f10=xxxxxxxx f25:3f800000 f10:bea6097d
14090435ns          243149 1c0081e6 a14a97d3 flt.s            x15, f21, f20       x15=00000001 f21:40c90fdb f20:40ce508a
14090455ns          243150 1c0081ea 00a4222b p.sw             x10, 4(x8!)          x8=10001e3c x10:bea6097d  x8:10001e38  PA:10001e38
14090474ns          243151 1c0081ee 00078363 beq              x15, x0, 6          x15:00000001
14090494ns          243152 1c0081f0 095a7a53 fsub.s           f20, f20, f21       f20=xxxxxxxx f20:40ce508a f21:40c90fdb
14090514ns          243153 1c0081f4 ff7412e3 bne              x8, x23, -28         x8:10001e3c x23:10001fc8
14090574ns          243156 1c0081d8 094c7553 fsub.s           f10, f24, f20       f10=xxxxxxxx f24:3fc90fdb f20:3e2815e0
14090594ns          243157 1c0081dc 57c000ef jal              x1, 1404             x1=1c0081de
14090634ns          243159 1c008758 a0a527d3 feq.s            x15, f10, f10       x15=00000001 f10:3fb40d1f f10:3fb40d1f
14090653ns          243160 1c00875c 0a078b63 beq              x15, x0, 182        x15:00000001
14090673ns          243161 1c00875e e00517d3 fclass.s         x15, f10            x15=00000040 f10:3fb40d1f
14090693ns          243162 1c008762 0817f793 andi             x15, x15, 129       x15=00000000 x15:00000040
14090713ns          243163 1c008766 0a079663 bne              x15, x0, 172        x15:00000000
14090733ns          243164 1c008768 00000793 addi             x15, x0, 0          x15=00000000
14090753ns          243165 1c00876c a0f517d3 flt.s            x15, f10, f15       x15=00000000 f10:3fb40d1f f15:00000000
14090773ns          243166 1c008770 0a079663 bne              x15, x0, 172        x15:00000000
14090793ns          243167 1c008772 1c000737 lui              x14, 0x1c000000     x14=1c000000
14090813ns          243168 1c008776 02072783 lw               x15, 32(x14)        x15=40c90fdb x14:1c000000  PA:1c000020
14091151ns          243185 1c00877a a0a797d3 flt.s            x15, f15, f10       x15=00000000 f15:40c90fdb f10:3fb40d1f
14091171ns          243186 1c00877e 00078b63 beq              x15, x0, 22         x15:00000000
14091230ns          243189 1c008794 00000793 addi             x15, x0, 0          x15=00000000
14091250ns          243190 1c008798 a0f517d3 flt.s            x15, f10, f15       x15=00000000 f10:3fb40d1f f15:00000000
14091270ns          243191 1c00879c 08079a63 bne              x15, x0, 148        x15:00000000
14091290ns          243192 1c00879e 1c0007b7 lui              x15, 0x1c000000     x15=1c000000
14091310ns          243193 1c0087a2 01c7a783 lw               x15, 28(x15)        x15=3fc90fdb x15:1c000000  PA:1c00001c
14091648ns          243210 1c0087a6 a0f517d3 flt.s            x15, f10, f15       x15=00000001 f10:3fb40d1f f15:3fc90fdb
14091668ns          243211 1c0087aa 02079563 bne              x15, x0, 42         x15:00000001
14091728ns          243214 1c0087d4 10a57553 fmul.s           f10, f10, f10       f10=xxxxxxxx f10:3fb40d1f f10:3fb40d1f
14091747ns          243215 1c0087d8 1c0007b7 lui              x15, 0x1c000000     x15=1c000000
14091767ns          243216 1c0087dc 1c000737 lui              x14, 0x1c000000     x14=1c000000
14091787ns          243217 1c0087e0 13472703 lw               x14, 308(x14)       x14=bab59551 x14:1c000000  PA:1c000134
14092105ns          243233 1c0087e4 1307a783 lw               x15, 304(x15)       x15=37c23ab1 x15:1c000000  PA:1c000130
14092424ns          243249 1c0087e8 70f577c3 fmadd.s          f15, f10, f15, f14  f15=xxxxxxxx f10:3ffd44e9 f15:37c23ab1 f14:bab59551
14092444ns          243250 1c0087ec 1c000737 lui              x14, 0x1c000000     x14=1c000000
14092463ns          243251 1c0087f0 13872703 lw               x14, 312(x14)       x14=3d2aa76f x14:1c000000  PA:1c000138
14092822ns          243269 1c0087f4 70f577c3 fmadd.s          f15, f10, f15, f14  f15=xxxxxxxx f10:3ffd44e9 f15:baaf940f f14:3d2aa76f
14092841ns          243270 1c0087f8 1c000737 lui              x14, 0x1c000000     x14=1c000000
14092861ns          243271 1c0087fc 13c72703 lw               x14, 316(x14)       x14=beffffe0 x14:1c000000  PA:1c00013c
14093180ns          243287 1c008800 70f577c3 fmadd.s          f15, f10, f15, f14  f15=xxxxxxxx f10:3ffd44e9 f15:3d1fcc26 f14:beffffe0
14093199ns          243288 1c008804 1c000737 lui              x14, 0x1c000000     x14=1c000000
14093219ns          243289 1c008808 16872703 lw               x14, 360(x14)       x14=3f7fffff x14:1c000000  PA:1c000168
14093557ns          243306 1c00880c 70f57543 fmadd.s          f10, f10, f15, f14  f10=xxxxxxxx f10:3ffd44e9 f15:bed879ef f14:3f7fffff
14093577ns          243307 1c008810 00008067 jalr             x0, x1, 0            x1:1c0081de
14093637ns          243310 1c0081de 016a7a53 fadd.s           f20, f20, f22       f20=xxxxxxxx f20:3e2815e0 f22:3efd2311
14093657ns          243311 1c0081e2 10acf553 fmul.s           f10, f25, f10       f10=xxxxxxxx f25:3f800000 f10:3e2754e2
14093677ns          243312 1c0081e6 a14a97d3 flt.s            x15, f21, f20       x15=00000000 f21:40c90fdb f20:3f289700
14093697ns          243313 1c0081ea 00a4222b p.sw             x10, 4(x8!)          x8=10001e40 x10:3e2754e2  x8:10001e3c  PA:10001e3c
14093717ns          243314 1c0081ee 00078363 beq              x15, x0, 6          x15:00000000
14093776ns          243317 1c0081f4 ff7412e3 bne              x8, x23, -28         x8:10001e40 x23:10001fc8
14093836ns          243320 1c0081d8 094c7553 fsub.s           f10, f24, f20       f10=xxxxxxxx f24:3fc90fdb f20:3f289700
14093856ns          243321 1c0081dc 57c000ef jal              x1, 1404             x1=1c0081de
14093896ns          243323 1c008758 a0a527d3 feq.s            x15, f10, f10       x15=00000001 f10:3f6988b6 f10:3f6988b6
14093916ns          243324 1c00875c 0a078b63 beq              x15, x0, 182        x15:00000001
14093935ns          243325 1c00875e e00517d3 fclass.s         x15, f10            x15=00000040 f10:3f6988b6
14093955ns          243326 1c008762 0817f793 andi             x15, x15, 129       x15=00000000 x15:00000040
14093975ns          243327 1c008766 0a079663 bne              x15, x0, 172        x15:00000000
14093995ns          243328 1c008768 00000793 addi             x15, x0, 0          x15=00000000
14094015ns          243329 1c00876c a0f517d3 flt.s            x15, f10, f15       x15=00000000 f10:3f6988b6 f15:00000000
14094035ns          243330 1c008770 0a079663 bne              x15, x0, 172        x15:00000000
14094055ns          243331 1c008772 1c000737 lui              x14, 0x1c000000     x14=1c000000
14094075ns          243332 1c008776 02072783 lw               x15, 32(x14)        x15=40c90fdb x14:1c000000  PA:1c000020
14094393ns          243348 1c00877a a0a797d3 flt.s            x15, f15, f10       x15=00000000 f15:40c90fdb f10:3f6988b6
14094413ns          243349 1c00877e 00078b63 beq              x15, x0, 22         x15:00000000
14094472ns          243352 1c008794 00000793 addi             x15, x0, 0          x15=00000000
14094492ns          243353 1c008798 a0f517d3 flt.s            x15, f10, f15       x15=00000000 f10:3f6988b6 f15:00000000
14094512ns          243354 1c00879c 08079a63 bne              x15, x0, 148        x15:00000000
14094532ns          243355 1c00879e 1c0007b7 lui              x15, 0x1c000000     x15=1c000000
14094552ns          243356 1c0087a2 01c7a783 lw               x15, 28(x15)        x15=3fc90fdb x15:1c000000  PA:1c00001c
14094890ns          243373 1c0087a6 a0f517d3 flt.s            x15, f10, f15       x15=00000001 f10:3f6988b6 f15:3fc90fdb
14094910ns          243374 1c0087aa 02079563 bne              x15, x0, 42         x15:00000001
14094970ns          243377 1c0087d4 10a57553 fmul.s           f10, f10, f10       f10=xxxxxxxx f10:3f6988b6 f10:3f6988b6
14094990ns          243378 1c0087d8 1c0007b7 lui              x15, 0x1c000000     x15=1c000000
14095009ns          243379 1c0087dc 1c000737 lui              x14, 0x1c000000     x14=1c000000
14095029ns          243380 1c0087e0 13472703 lw               x14, 308(x14)       x14=bab59551 x14:1c000000  PA:1c000134
14095328ns          243395 1c0087e4 1307a783 lw               x15, 304(x15)       x15=37c23ab1 x15:1c000000  PA:1c000130
14095646ns          243411 1c0087e8 70f577c3 fmadd.s          f15, f10, f15, f14  f15=xxxxxxxx f10:3f550a24 f15:37c23ab1 f14:bab59551
14095666ns          243412 1c0087ec 1c000737 lui              x14, 0x1c000000     x14=1c000000
14095686ns          243413 1c0087f0 13872703 lw               x14, 312(x14)       x14=3d2aa76f x14:1c000000  PA:1c000138
14096004ns          243429 1c0087f4 70f577c3 fmadd.s          f15, f10, f15, f14  f15=xxxxxxxx f10:3f550a24 f15:bab30ec7 f14:3d2aa76f
14096024ns          243430 1c0087f8 1c000737 lui              x14, 0x1c000000     x14=1c000000
14096044ns          243431 1c0087fc 13c72703 lw               x14, 316(x14)       x14=beffffe0 x14:1c000000  PA:1c00013c
14096362ns          243447 1c008800 70f577c3 fmadd.s          f15, f10, f15, f14  f15=xxxxxxxx f10:3f550a24 f15:3d25ff5c f14:beffffe0
14096382ns          243448 1c008804 1c000737 lui              x14, 0x1c000000     x14=1c000000
14096402ns          243449 1c008808 16872703 lw               x14, 360(x14)       x14=3f7fffff x14:1c000000  PA:1c000168
14096720ns          243465 1c00880c 70f57543 fmadd.s          f10, f10, f15, f14  f10=xxxxxxxx f10:3f550a24 f15:beeebb5f f14:3f7fffff
14096740ns          243466 1c008810 00008067 jalr             x0, x1, 0            x1:1c0081de
14096800ns          243469 1c0081de 016a7a53 fadd.s           f20, f20, f22       f20=xxxxxxxx f20:3f289700 f22:3efd2311
14096820ns          243470 1c0081e2 10acf553 fmul.s           f10, f25, f10       f10=xxxxxxxx f25:3f800000 f10:3f1caa52
14096839ns          243471 1c0081e6 a14a97d3 flt.s            x15, f21, f20       x15=00000000 f21:40c90fdb f20:3f939444
14096859ns          243472 1c0081ea 00a4222b p.sw             x10, 4(x8!)          x8=10001e44 x10:3f1caa52  x8:10001e40  PA:10001e40
14096879ns          243473 1c0081ee 00078363 beq              x15, x0, 6          x15:00000000
14096939ns          243476 1c0081f4 ff7412e3 bne              x8, x23, -28         x8:10001e44 x23:10001fc8
14096999ns          243479 1c0081d8 094c7553 fsub.s           f10, f24, f20       f10=xxxxxxxx f24:3fc90fdb f20:3f939444
14097018ns          243480 1c0081dc 57c000ef jal              x1, 1404             x1=1c0081de
14097058ns          243482 1c008758 a0a527d3 feq.s            x15, f10, f10       x15=00000001 f10:3ed5ee5c f10:3ed5ee5c
14097078ns          243483 1c00875c 0a078b63 beq              x15, x0, 182        x15:00000001
14097098ns          243484 1c00875e e00517d3 fclass.s         x15, f10            x15=00000040 f10:3ed5ee5c
14097118ns          243485 1c008762 0817f793 andi             x15, x15, 129       x15=00000000 x15:00000040
14097138ns          243486 1c008766 0a079663 bne              x15, x0, 172        x15:00000000
14097158ns          243487 1c008768 00000793 addi             x15, x0, 0          x15=00000000
14097178ns          243488 1c00876c a0f517d3 flt.s            x15, f10, f15       x15=00000000 f10:3ed5ee5c f15:00000000
14097197ns          243489 1c008770 0a079663 bne              x15, x0, 172        x15:00000000
14097217ns          243490 1c008772 1c000737 lui              x14, 0x1c000000     x14=1c000000
14097237ns          243491 1c008776 02072783 lw               x15, 32(x14)        x15=40c90fdb x14:1c000000  PA:1c000020
14097575ns          243508 1c00877a a0a797d3 flt.s            x15, f15, f10       x15=00000000 f15:40c90fdb f10:3ed5ee5c
14097595ns          243509 1c00877e 00078b63 beq              x15, x0, 22         x15:00000000
14097655ns          243512 1c008794 00000793 addi             x15, x0, 0          x15=00000000
14097675ns          243513 1c008798 a0f517d3 flt.s            x15, f10, f15       x15=00000000 f10:3ed5ee5c f15:00000000
14097695ns          243514 1c00879c 08079a63 bne              x15, x0, 148        x15:00000000
14097715ns          243515 1c00879e 1c0007b7 lui              x15, 0x1c000000     x15=1c000000
14097735ns          243516 1c0087a2 01c7a783 lw               x15, 28(x15)        x15=3fc90fdb x15:1c000000  PA:1c00001c
14098053ns          243532 1c0087a6 a0f517d3 flt.s            x15, f10, f15       x15=00000001 f10:3ed5ee5c f15:3fc90fdb
14098073ns          243533 1c0087aa 02079563 bne              x15, x0, 42         x15:00000001
14098132ns          243536 1c0087d4 10a57553 fmul.s           f10, f10, f10       f10=xxxxxxxx f10:3ed5ee5c f10:3ed5ee5c
14098152ns          243537 1c0087d8 1c0007b7 lui              x15, 0x1c000000     x15=1c000000
14098172ns          243538 1c0087dc 1c000737 lui              x14, 0x1c000000     x14=1c000000
14098192ns          243539 1c0087e0 13472703 lw               x14, 308(x14)       x14=bab59551 x14:1c000000  PA:1c000134
14098490ns          243554 1c0087e4 1307a783 lw               x15, 304(x15)       x15=37c23ab1 x15:1c000000  PA:1c000130
14098829ns          243571 1c0087e8 70f577c3 fmadd.s          f15, f10, f15, f14  f15=xxxxxxxx f10:3e32c683 f15:37c23ab1 f14:bab59551
14098848ns          243572 1c0087ec 1c000737 lui              x14, 0x1c000000     x14=1c000000
14098868ns          243573 1c0087f0 13872703 lw               x14, 312(x14)       x14=3d2aa76f x14:1c000000  PA:1c000138
14099187ns          243589 1c0087f4 70f577c3 fmadd.s          f15, f10, f15, f14  f15=xxxxxxxx f10:3e32c683 f15:bab50dae f14:3d2aa76f
14099206ns          243590 1c0087f8 1c000737 lui              x14, 0x1c000000     x14=1c000000
14099226ns          243591 1c0087fc 13c72703 lw               x14, 316(x14)       x14=beffffe0 x14:1c000000  PA:1c00013c
14099564ns          243608 1c008800 70f577c3 fmadd.s          f15, f10, f15, f14  f15=xxxxxxxx f10:3e32c683 f15:3d29aa8f f14:beffffe0
14099584ns          243609 1c008804 1c000737 lui              x14, 0x1c000000     x14=1c000000
14099604ns          243610 1c008808 16872703 lw               x14, 360(x14)       x14=3f7fffff x14:1c000000  PA:1c000168
14099923ns          243626 1c00880c 70f57543 fmadd.s          f10, f10, f15, f14  f10=xxxxxxxx f10:3e32c683 f15:befc4bff f14:3f7fffff
14099942ns          243627 1c008810 00008067 jalr             x0, x1, 0            x1:1c0081de
14100002ns          243630 1c0081de 016a7a53 fadd.s           f20, f20, f22       f20=xxxxxxxx f20:3f939444 f22:3efd2311
14100022ns          243631 1c0081e2 10acf553 fmul.s           f10, f25, f10       f10=xxxxxxxx f25:3f800000 f10:3f69f9f0
14100042ns          243632 1c0081e6 a14a97d3 flt.s            x15, f21, f20       x15=00000000 f21:40c90fdb f20:3fd2dd08
14100062ns          243633 1c0081ea 00a4222b p.sw             x10, 4(x8!)          x8=10001e48 x10:3f69f9f0  x8:10001e44  PA:10001e44
14100082ns          243634 1c0081ee 00078363 beq              x15, x0, 6          x15:00000000
14100141ns          243637 1c0081f4 ff7412e3 bne              x8, x23, -28         x8:10001e48 x23:10001fc8
14100201ns          243640 1c0081d8 094c7553 fsub.s           f10, f24, f20       f10=xxxxxxxx f24:3fc90fdb f20:3fd2dd08
14100221ns          243641 1c0081dc 57c000ef jal              x1, 1404             x1=1c0081de
14100261ns          243643 1c008758 a0a527d3 feq.s            x15, f10, f10       x15=00000001 f10:bd9cd2d0 f10:bd9cd2d0
14100281ns          243644 1c00875c 0a078b63 beq              x15, x0, 182        x15:00000001
14100300ns          243645 1c00875e e00517d3 fclass.s         x15, f10            x15=00000002 f10:bd9cd2d0
14100320ns          243646 1c008762 0817f793 andi             x15, x15, 129       x15=00000000 x15:00000002
14100340ns          243647 1c008766 0a079663 bne              x15, x0, 172        x15:00000000
14100360ns          243648 1c008768 00000793 addi             x15, x0, 0          x15=00000000
14100380ns          243649 1c00876c a0f517d3 flt.s            x15, f10, f15       x15=00000001 f10:bd9cd2d0 f15:00000000
14100400ns          243650 1c008770 0a079663 bne              x15, x0, 172        x15:00000001
14100460ns          243653 1c00881c 1c0007b7 lui              x15, 0x1c000000     x15=1c000000
14100479ns          243654 1c008820 12c7a783 lw               x15, 300(x15)       x15=c0c90fdb x15:1c000000  PA:1c00012c
14100877ns          243674 1c008824 a0f517d3 flt.s            x15, f10, f15       x15=00000000 f10:bd9cd2d0 f15:c0c90fdb
14100897ns          243675 1c008828 00078463 beq              x15, x0, 8          x15:00000000
14100957ns          243678 1c008830 20a51553 fsgnjn.s         f10, f10, f10       f10=xxxxxxxx f10:bd9cd2d0 f10:bd9cd2d0
14100977ns          243679 1c008834 f6bff06f jal              x0, -150           
14101036ns          243682 1c00879e 1c0007b7 lui              x15, 0x1c000000     x15=1c000000
14101056ns          243683 1c0087a2 01c7a783 lw               x15, 28(x15)        x15=3fc90fdb x15:1c000000  PA:1c00001c
14101375ns          243699 1c0087a6 a0f517d3 flt.s            x15, f10, f15       x15=00000001 f10:3d9cd2d0 f15:3fc90fdb
14101394ns          243700 1c0087aa 02079563 bne              x15, x0, 42         x15:00000001
14101454ns          243703 1c0087d4 10a57553 fmul.s           f10, f10, f10       f10=xxxxxxxx f10:3d9cd2d0 f10:3d9cd2d0
14101474ns          243704 1c0087d8 1c0007b7 lui              x15, 0x1c000000     x15=1c000000
14101494ns          243705 1c0087dc 1c000737 lui              x14, 0x1c000000     x14=1c000000
14101514ns          243706 1c0087e0 13472703 lw               x14, 308(x14)       x14=bab59551 x14:1c000000  PA:1c000134
14101812ns          243721 1c0087e4 1307a783 lw               x15, 304(x15)       x15=37c23ab1 x15:1c000000  PA:1c000130
14102130ns          243737 1c0087e8 70f577c3 fmadd.s          f15, f10, f15, f14  f15=xxxxxxxx f10:3bc02336 f15:37c23ab1 f14:bab59551
14102150ns          243738 1c0087ec 1c000737 lui              x14, 0x1c000000     x14=1c000000
14102170ns          243739 1c0087f0 13872703 lw               x14, 312(x14)       x14=3d2aa76f x14:1c000000  PA:1c000138
14102488ns          243755 1c0087f4 70f577c3 fmadd.s          f15, f10, f15, f14  f15=xxxxxxxx f10:3bc02336 f15:bab590c3 f14:3d2aa76f
14102508ns          243756 1c0087f8 1c000737 lui              x14, 0x1c000000     x14=1c000000
14102528ns          243757 1c0087fc 13c72703 lw               x14, 316(x14)       x14=beffffe0 x14:1c000000  PA:1c00013c
14102866ns          243774 1c008800 70f577c3 fmadd.s          f15, f10, f15, f14  f15=xxxxxxxx f10:3bc02336 f15:3d2a9eeb f14:beffffe0
14102886ns          243775 1c008804 1c000737 lui              x14, 0x1c000000     x14=1c000000
14102906ns          243776 1c008808 16872703 lw               x14, 360(x14)       x14=3f7fffff x14:1c000000  PA:1c000168
14103224ns          243792 1c00880c 70f57543 fmadd.s          f10, f10, f15, f14  f10=xxxxxxxx f10:3bc02336 f15:beffdfdc f14:3f7fffff
14103244ns          243793 1c008810 00008067 jalr             x0, x1, 0            x1:1c0081de
14103304ns          243796 1c0081de 016a7a53 fadd.s           f20, f20, f22       f20=xxxxxxxx f20:3fd2dd08 f22:3efd2311
14103324ns          243797 1c0081e2 10acf553 fmul.s           f10, f25, f10       f10=xxxxxxxx f25:3f800000 f10:3f7f3ff4
14103344ns          243798 1c0081e6 a14a97d3 flt.s            x15, f21, f20       x15=00000000 f21:40c90fdb f20:400912e6
14103364ns          243799 1c0081ea 00a4222b p.sw             x10, 4(x8!)          x8=10001e4c x10:3f7f3ff4  x8:10001e48  PA:10001e48
14103384ns          243800 1c0081ee 00078363 beq              x15, x0, 6          x15:00000000
14103443ns          243803 1c0081f4 ff7412e3 bne              x8, x23, -28         x8:10001e4c x23:10001fc8
14103503ns          243806 1c0081d8 094c7553 fsub.s           f10, f24, f20       f10=xxxxxxxx f24:3fc90fdb f20:400912e6
14103523ns          243807 1c0081dc 57c000ef jal              x1, 1404             x1=1c0081de
14103563ns          243809 1c008758 a0a527d3 feq.s            x15, f10, f10       x15=00000001 f10:bf122be2 f10:bf122be2
14103582ns          243810 1c00875c 0a078b63 beq              x15, x0, 182        x15:00000001
14103602ns          243811 1c00875e e00517d3 fclass.s         x15, f10            x15=00000002 f10:bf122be2
14103622ns          243812 1c008762 0817f793 andi             x15, x15, 129       x15=00000000 x15:00000002
14103642ns          243813 1c008766 0a079663 bne              x15, x0, 172        x15:00000000
14103662ns          243814 1c008768 00000793 addi             x15, x0, 0          x15=00000000
14103682ns          243815 1c00876c a0f517d3 flt.s            x15, f10, f15       x15=00000001 f10:bf122be2 f15:00000000
14103702ns          243816 1c008770 0a079663 bne              x15, x0, 172        x15:00000001
14103761ns          243819 1c00881c 1c0007b7 lui              x15, 0x1c000000     x15=1c000000
14103781ns          243820 1c008820 12c7a783 lw               x15, 300(x15)       x15=c0c90fdb x15:1c000000  PA:1c00012c
14104159ns          243839 1c008824 a0f517d3 flt.s            x15, f10, f15       x15=00000000 f10:bf122be2 f15:c0c90fdb
14104179ns          243840 1c008828 00078463 beq              x15, x0, 8          x15:00000000
14104239ns          243843 1c008830 20a51553 fsgnjn.s         f10, f10, f10       f10=xxxxxxxx f10:bf122be2 f10:bf122be2
14104259ns          243844 1c008834 f6bff06f jal              x0, -150           
14104318ns          243847 1c00879e 1c0007b7 lui              x15, 0x1c000000     x15=1c000000
14104338ns          243848 1c0087a2 01c7a783 lw               x15, 28(x15)        x15=3fc90fdb x15:1c000000  PA:1c00001c
14104657ns          243864 1c0087a6 a0f517d3 flt.s            x15, f10, f15       x15=00000001 f10:3f122be2 f15:3fc90fdb
14104676ns          243865 1c0087aa 02079563 bne              x15, x0, 42         x15:00000001
14104736ns          243868 1c0087d4 10a57553 fmul.s           f10, f10, f10       f10=xxxxxxxx f10:3f122be2 f10:3f122be2
14104756ns          243869 1c0087d8 1c0007b7 lui              x15, 0x1c000000     x15=1c000000
14104776ns          243870 1c0087dc 1c000737 lui              x14, 0x1c000000     x14=1c000000
14104796ns          243871 1c0087e0 13472703 lw               x14, 308(x14)       x14=bab59551 x14:1c000000  PA:1c000134
14105094ns          243886 1c0087e4 1307a783 lw               x15, 304(x15)       x15=37c23ab1 x15:1c000000  PA:1c000130
14105432ns          243903 1c0087e8 70f577c3 fmadd.s          f15, f10, f15, f14  f15=xxxxxxxx f10:3ea6ec2b f15:37c23ab1 f14:bab59551
14105452ns          243904 1c0087ec 1c000737 lui              x14, 0x1c000000     x14=1c000000
14105472ns          243905 1c0087f0 13872703 lw               x14, 312(x14)       x14=3d2aa76f x14:1c000000  PA:1c000138
14105790ns          243921 1c0087f4 70f577c3 fmadd.s          f15, f10, f15, f14  f15=xxxxxxxx f10:3ea6ec2b f15:bab49807 f14:3d2aa76f
14105810ns          243922 1c0087f8 1c000737 lui              x14, 0x1c000000     x14=1c000000
14105830ns          243923 1c0087fc 13c72703 lw               x14, 316(x14)       x14=beffffe0 x14:1c000000  PA:1c00013c
14106148ns          243939 1c008800 70f577c3 fmadd.s          f15, f10, f15, f14  f15=xxxxxxxx f10:3ea6ec2b f15:3d28d06a f14:beffffe0
14106168ns          243940 1c008804 1c000737 lui              x14, 0x1c000000     x14=1c000000
14106188ns          243941 1c008808 16872703 lw               x14, 360(x14)       x14=3f7fffff x14:1c000000  PA:1c000168
14106506ns          243957 1c00880c 70f57543 fmadd.s          f10, f10, f15, f14  f10=xxxxxxxx f10:3ea6ec2b f15:bef91eb2 f14:3f7fffff
14106526ns          243958 1c008810 00008067 jalr             x0, x1, 0            x1:1c0081de
14106586ns          243961 1c0081de 016a7a53 fadd.s           f20, f20, f22       f20=xxxxxxxx f20:400912e6 f22:3efd2311
14106606ns          243962 1c0081e2 10acf553 fmul.s           f10, f25, f10       f10=xxxxxxxx f25:3f800000 f10:3f576411
14106626ns          243963 1c0081e6 a14a97d3 flt.s            x15, f21, f20       x15=00000000 f21:40c90fdb f20:4028b748
14106646ns          243964 1c0081ea 00a4222b p.sw             x10, 4(x8!)          x8=10001e50 x10:3f576411  x8:10001e4c  PA:10001e4c
14106665ns          243965 1c0081ee 00078363 beq              x15, x0, 6          x15:00000000
14106725ns          243968 1c0081f4 ff7412e3 bne              x8, x23, -28         x8:10001e50 x23:10001fc8
14106785ns          243971 1c0081d8 094c7553 fsub.s           f10, f24, f20       f10=xxxxxxxx f24:3fc90fdb f20:4028b748
14106805ns          243972 1c0081dc 57c000ef jal              x1, 1404             x1=1c0081de
14106844ns          243974 1c008758 a0a527d3 feq.s            x15, f10, f10       x15=00000001 f10:bf885eb5 f10:bf885eb5
14106864ns          243975 1c00875c 0a078b63 beq              x15, x0, 182        x15:00000001
14106884ns          243976 1c00875e e00517d3 fclass.s         x15, f10            x15=00000002 f10:bf885eb5
14106904ns          243977 1c008762 0817f793 andi             x15, x15, 129       x15=00000000 x15:00000002
14106924ns          243978 1c008766 0a079663 bne              x15, x0, 172        x15:00000000
14106944ns          243979 1c008768 00000793 addi             x15, x0, 0          x15=00000000
14106964ns          243980 1c00876c a0f517d3 flt.s            x15, f10, f15       x15=00000001 f10:bf885eb5 f15:00000000
14106984ns          243981 1c008770 0a079663 bne              x15, x0, 172        x15:00000001
14107043ns          243984 1c00881c 1c0007b7 lui              x15, 0x1c000000     x15=1c000000
14107063ns          243985 1c008820 12c7a783 lw               x15, 300(x15)       x15=c0c90fdb x15:1c000000  PA:1c00012c
14107401ns          244002 1c008824 a0f517d3 flt.s            x15, f10, f15       x15=00000000 f10:bf885eb5 f15:c0c90fdb
14107421ns          244003 1c008828 00078463 beq              x15, x0, 8          x15:00000000
14107481ns          244006 1c008830 20a51553 fsgnjn.s         f10, f10, f10       f10=xxxxxxxx f10:bf885eb5 f10:bf885eb5
14107501ns          244007 1c008834 f6bff06f jal              x0, -150           
14107561ns          244010 1c00879e 1c0007b7 lui              x15, 0x1c000000     x15=1c000000
14107580ns          244011 1c0087a2 01c7a783 lw               x15, 28(x15)        x15=3fc90fdb x15:1c000000  PA:1c00001c
14107899ns          244027 1c0087a6 a0f517d3 flt.s            x15, f10, f15       x15=00000001 f10:3f885eb5 f15:3fc90fdb
14107919ns          244028 1c0087aa 02079563 bne              x15, x0, 42         x15:00000001
14107978ns          244031 1c0087d4 10a57553 fmul.s           f10, f10, f10       f10=xxxxxxxx f10:3f885eb5 f10:3f885eb5
14107998ns          244032 1c0087d8 1c0007b7 lui              x15, 0x1c000000     x15=1c000000
14108018ns          244033 1c0087dc 1c000737 lui              x14, 0x1c000000     x14=1c000000
14108038ns          244034 1c0087e0 13472703 lw               x14, 308(x14)       x14=bab59551 x14:1c000000  PA:1c000134
14108336ns          244049 1c0087e4 1307a783 lw               x15, 304(x15)       x15=37c23ab1 x15:1c000000  PA:1c000130
14108655ns          244065 1c0087e8 70f577c3 fmadd.s          f15, f10, f15, f14  f15=xxxxxxxx f10:3f914987 f15:37c23ab1 f14:bab59551
14108674ns          244066 1c0087ec 1c000737 lui              x14, 0x1c000000     x14=1c000000
14108694ns          244067 1c0087f0 13872703 lw               x14, 312(x14)       x14=3d2aa76f x14:1c000000  PA:1c000138
14109013ns          244083 1c0087f4 70f577c3 fmadd.s          f15, f10, f15, f14  f15=xxxxxxxx f10:3f914987 f15:bab22379 f14:3d2aa76f
14109032ns          244084 1c0087f8 1c000737 lui              x14, 0x1c000000     x14=1c000000
14109052ns          244085 1c0087fc 13c72703 lw               x14, 316(x14)       x14=beffffe0 x14:1c000000  PA:1c00013c
14109371ns          244101 1c008800 70f577c3 fmadd.s          f15, f10, f15, f14  f15=xxxxxxxx f10:3f914987 f15:3d2455db f14:beffffe0
14109391ns          244102 1c008804 1c000737 lui              x14, 0x1c000000     x14=1c000000
14109410ns          244103 1c008808 16872703 lw               x14, 360(x14)       x14=3f7fffff x14:1c000000  PA:1c000168
14109729ns          244119 1c00880c 70f57543 fmadd.s          f10, f10, f15, f14  f10=xxxxxxxx f10:3f914987 f15:bee8aeeb f14:3f7fffff
14109749ns          244120 1c008810 00008067 jalr             x0, x1, 0            x1:1c0081de
14109808ns          244123 1c0081de 016a7a53 fadd.s           f20, f20, f22       f20=xxxxxxxx f20:4028b748 f22:3efd2311
14109828ns          244124 1c0081e2 10acf553 fmul.s           f10, f25, f10       f10=xxxxxxxx f25:3f800000 f10:3ef7e42f
14109848ns          244125 1c0081e6 a14a97d3 flt.s            x15, f21, f20       x15=00000000 f21:40c90fdb f20:40485baa
14109868ns          244126 1c0081ea 00a4222b p.sw             x10, 4(x8!)          x8=10001e54 x10:3ef7e42f  x8:10001e50  PA:10001e50
14109888ns          244127 1c0081ee 00078363 beq              x15, x0, 6          x15:00000000
14109947ns          244130 1c0081f4 ff7412e3 bne              x8, x23, -28         x8:10001e54 x23:10001fc8
14110007ns          244133 1c0081d8 094c7553 fsub.s           f10, f24, f20       f10=xxxxxxxx f24:3fc90fdb f20:40485baa
14110027ns          244134 1c0081dc 57c000ef jal              x1, 1404             x1=1c0081de
14110067ns          244136 1c008758 a0a527d3 feq.s            x15, f10, f10       x15=00000001 f10:bfc7a779 f10:bfc7a779
14110087ns          244137 1c00875c 0a078b63 beq              x15, x0, 182        x15:00000001
14110107ns          244138 1c00875e e00517d3 fclass.s         x15, f10            x15=00000002 f10:bfc7a779
14110126ns          244139 1c008762 0817f793 andi             x15, x15, 129       x15=00000000 x15:00000002
14110146ns          244140 1c008766 0a079663 bne              x15, x0, 172        x15:00000000
14110166ns          244141 1c008768 00000793 addi             x15, x0, 0          x15=00000000
14110186ns          244142 1c00876c a0f517d3 flt.s            x15, f10, f15       x15=00000001 f10:bfc7a779 f15:00000000
14110206ns          244143 1c008770 0a079663 bne              x15, x0, 172        x15:00000001
14110266ns          244146 1c00881c 1c0007b7 lui              x15, 0x1c000000     x15=1c000000
14110286ns          244147 1c008820 12c7a783 lw               x15, 300(x15)       x15=c0c90fdb x15:1c000000  PA:1c00012c
14110604ns          244163 1c008824 a0f517d3 flt.s            x15, f10, f15       x15=00000000 f10:bfc7a779 f15:c0c90fdb
14110624ns          244164 1c008828 00078463 beq              x15, x0, 8          x15:00000000
14110683ns          244167 1c008830 20a51553 fsgnjn.s         f10, f10, f10       f10=xxxxxxxx f10:bfc7a779 f10:bfc7a779
14110703ns          244168 1c008834 f6bff06f jal              x0, -150           
14110763ns          244171 1c00879e 1c0007b7 lui              x15, 0x1c000000     x15=1c000000
14110783ns          244172 1c0087a2 01c7a783 lw               x15, 28(x15)        x15=3fc90fdb x15:1c000000  PA:1c00001c
14111101ns          244188 1c0087a6 a0f517d3 flt.s            x15, f10, f15       x15=00000001 f10:3fc7a779 f15:3fc90fdb
14111121ns          244189 1c0087aa 02079563 bne              x15, x0, 42         x15:00000001
14111181ns          244192 1c0087d4 10a57553 fmul.s           f10, f10, f10       f10=xxxxxxxx f10:3fc7a779 f10:3fc7a779
14111201ns          244193 1c0087d8 1c0007b7 lui              x15, 0x1c000000     x15=1c000000
14111220ns          244194 1c0087dc 1c000737 lui              x14, 0x1c000000     x14=1c000000
14111240ns          244195 1c0087e0 13472703 lw               x14, 308(x14)       x14=bab59551 x14:1c000000  PA:1c000134
14111559ns          244211 1c0087e4 1307a783 lw               x15, 304(x15)       x15=37c23ab1 x15:1c000000  PA:1c000130
14111877ns          244227 1c0087e8 70f577c3 fmadd.s          f15, f10, f15, f14  f15=xxxxxxxx f10:401bb5cc f15:37c23ab1 f14:bab59551
14111897ns          244228 1c0087ec 1c000737 lui              x14, 0x1c000000     x14=1c000000
14111917ns          244229 1c0087f0 13872703 lw               x14, 312(x14)       x14=3d2aa76f x14:1c000000  PA:1c000138
14112235ns          244245 1c0087f4 70f577c3 fmadd.s          f15, f10, f15, f14  f15=xxxxxxxx f10:401bb5cc f15:baae331a f14:3d2aa76f
14112255ns          244246 1c0087f8 1c000737 lui              x14, 0x1c000000     x14=1c000000
14112275ns          244247 1c0087fc 13c72703 lw               x14, 316(x14)       x14=beffffe0 x14:1c000000  PA:1c00013c
14112613ns          244264 1c008800 70f577c3 fmadd.s          f15, f10, f15, f14  f15=xxxxxxxx f10:401bb5cc f15:3d1d68da f14:beffffe0
14112633ns          244265 1c008804 1c000737 lui              x14, 0x1c000000     x14=1c000000
14112653ns          244266 1c008808 16872703 lw               x14, 360(x14)       x14=3f7fffff x14:1c000000  PA:1c000168
14112971ns          244282 1c00880c 70f57543 fmadd.s          f10, f10, f15, f14  f10=xxxxxxxx f10:401bb5cc f15:bed020be f14:3f7fffff
14112991ns          244283 1c008810 00008067 jalr             x0, x1, 0            x1:1c0081de
14113050ns          244286 1c0081de 016a7a53 fadd.s           f20, f20, f22       f20=xxxxxxxx f20:40485baa f22:3efd2311
14113070ns          244287 1c0081e2 10acf553 fmul.s           f10, f25, f10       f10=xxxxxxxx f25:3f800000 f10:3c342fbb
14113090ns          244288 1c0081e6 a14a97d3 flt.s            x15, f21, f20       x15=00000000 f21:40c90fdb f20:4068000c
14113110ns          244289 1c0081ea 00a4222b p.sw             x10, 4(x8!)          x8=10001e58 x10:3c342fbb  x8:10001e54  PA:10001e54
14113130ns          244290 1c0081ee 00078363 beq              x15, x0, 6          x15:00000000
14113190ns          244293 1c0081f4 ff7412e3 bne              x8, x23, -28         x8:10001e58 x23:10001fc8
14113249ns          244296 1c0081d8 094c7553 fsub.s           f10, f24, f20       f10=xxxxxxxx f24:3fc90fdb f20:4068000c
14113269ns          244297 1c0081dc 57c000ef jal              x1, 1404             x1=1c0081de
14113309ns          244299 1c008758 a0a527d3 feq.s            x15, f10, f10       x15=00000001 f10:c003781e f10:c003781e
14113329ns          244300 1c00875c 0a078b63 beq              x15, x0, 182        x15:00000001
14113349ns          244301 1c00875e e00517d3 fclass.s         x15, f10            x15=00000002 f10:c003781e
14113369ns          244302 1c008762 0817f793 andi             x15, x15, 129       x15=00000000 x15:00000002
14113389ns          244303 1c008766 0a079663 bne              x15, x0, 172        x15:00000000
14113408ns          244304 1c008768 00000793 addi             x15, x0, 0          x15=00000000
14113428ns          244305 1c00876c a0f517d3 flt.s            x15, f10, f15       x15=00000001 f10:c003781e f15:00000000
14113448ns          244306 1c008770 0a079663 bne              x15, x0, 172        x15:00000001
14113508ns          244309 1c00881c 1c0007b7 lui              x15, 0x1c000000     x15=1c000000
14113528ns          244310 1c008820 12c7a783 lw               x15, 300(x15)       x15=c0c90fdb x15:1c000000  PA:1c00012c
14113846ns          244326 1c008824 a0f517d3 flt.s            x15, f10, f15       x15=00000000 f10:c003781e f15:c0c90fdb
14113866ns          244327 1c008828 00078463 beq              x15, x0, 8          x15:00000000
14113926ns          244330 1c008830 20a51553 fsgnjn.s         f10, f10, f10       f10=xxxxxxxx f10:c003781e f10:c003781e
14113945ns          244331 1c008834 f6bff06f jal              x0, -150           
14114005ns          244334 1c00879e 1c0007b7 lui              x15, 0x1c000000     x15=1c000000
14114025ns          244335 1c0087a2 01c7a783 lw               x15, 28(x15)        x15=3fc90fdb x15:1c000000  PA:1c00001c
14114343ns          244351 1c0087a6 a0f517d3 flt.s            x15, f10, f15       x15=00000000 f10:4003781e f15:3fc90fdb
14114363ns          244352 1c0087aa 02079563 bne              x15, x0, 42         x15:00000000
14114383ns          244353 1c0087ac 1c0007b7 lui              x15, 0x1c000000     x15=1c000000
14114403ns          244354 1c0087b0 1007a783 lw               x15, 256(x15)       x15=40490fdb x15:1c000000  PA:1c000100
14114741ns          244371 1c0087b4 a0f51753 flt.s            x14, f10, f15       x14=00000001 f10:4003781e f15:40490fdb
14114761ns          244372 1c0087b8 06071f63 bne              x14, x0, 126        x14:00000001
14114841ns          244376 1c008836 08a7f553 fsub.s           f10, f15, f10       f10=xxxxxxxx f15:40490fdb f10:4003781e
14114860ns          244377 1c00883a 10a57553 fmul.s           f10, f10, f10       f10=xxxxxxxx f10:3f8b2f7a f10:3f8b2f7a
14114880ns          244378 1c00883e 1c0007b7 lui              x15, 0x1c000000     x15=1c000000
14114900ns          244379 1c008842 1c000737 lui              x14, 0x1c000000     x14=1c000000
14114920ns          244380 1c008846 13472703 lw               x14, 308(x14)       x14=bab59551 x14:1c000000  PA:1c000134
14115219ns          244395 1c00884a 1307a783 lw               x15, 304(x15)       x15=37c23ab1 x15:1c000000  PA:1c000130
14115537ns          244411 1c00884e 70f577c3 fmadd.s          f15, f10, f15, f14  f15=xxxxxxxx f10:3f97592f f15:37c23ab1 f14:bab59551
14115557ns          244412 1c008852 1c000737 lui              x14, 0x1c000000     x14=1c000000
14115577ns          244413 1c008856 13872703 lw               x14, 312(x14)       x14=3d2aa76f x14:1c000000  PA:1c000138
14115895ns          244429 1c00885a 70f577c3 fmadd.s          f15, f10, f15, f14  f15=xxxxxxxx f10:3f97592f f15:bab1feaf f14:3d2aa76f
14115915ns          244430 1c00885e 1c000737 lui              x14, 0x1c000000     x14=1c000000
14115935ns          244431 1c008862 13c72703 lw               x14, 316(x14)       x14=beffffe0 x14:1c000000  PA:1c00013c
14116253ns          244447 1c008866 70f577c3 fmadd.s          f15, f10, f15, f14  f15=xxxxxxxx f10:3f97592f f15:3d2413bb f14:beffffe0
14116273ns          244448 1c00886a 1c000737 lui              x14, 0x1c000000     x14=1c000000
14116293ns          244449 1c00886e 16872703 lw               x14, 360(x14)       x14=3f7fffff x14:1c000000  PA:1c000168
14116611ns          244465 1c008872 70f57543 fmadd.s          f10, f10, f15, f14  f10=xxxxxxxx f10:3f97592f f15:bee7bfad f14:3f7fffff
14116631ns          244466 1c008876 20a51553 fsgnjn.s         f10, f10, f10       f10=xxxxxxxx f10:3eedfa68 f10:3eedfa68
14116651ns          244467 1c00887a 00008067 jalr             x0, x1, 0            x1:1c0081de
14116710ns          244470 1c0081de 016a7a53 fadd.s           f20, f20, f22       f20=xxxxxxxx f20:4068000c f22:3efd2311
14116730ns          244471 1c0081e2 10acf553 fmul.s           f10, f25, f10       f10=xxxxxxxx f25:3f800000 f10:beedfa68
14116750ns          244472 1c0081e6 a14a97d3 flt.s            x15, f21, f20       x15=00000000 f21:40c90fdb f20:4083d237
14116770ns          244473 1c0081ea 00a4222b p.sw             x10, 4(x8!)          x8=10001e5c x10:beedfa68  x8:10001e58  PA:10001e58
14116790ns          244474 1c0081ee 00078363 beq              x15, x0, 6          x15:00000000
14116850ns          244477 1c0081f4 ff7412e3 bne              x8, x23, -28         x8:10001e5c x23:10001fc8
14116909ns          244480 1c0081d8 094c7553 fsub.s           f10, f24, f20       f10=xxxxxxxx f24:3fc90fdb f20:4083d237
14116929ns          244481 1c0081dc 57c000ef jal              x1, 1404             x1=1c0081de
14116969ns          244483 1c008758 a0a527d3 feq.s            x15, f10, f10       x15=00000001 f10:c0231c80 f10:c0231c80
14116989ns          244484 1c00875c 0a078b63 beq              x15, x0, 182        x15:00000001
14117009ns          244485 1c00875e e00517d3 fclass.s         x15, f10            x15=00000002 f10:c0231c80
14117029ns          244486 1c008762 0817f793 andi             x15, x15, 129       x15=00000000 x15:00000002
14117048ns          244487 1c008766 0a079663 bne              x15, x0, 172        x15:00000000
14117068ns          244488 1c008768 00000793 addi             x15, x0, 0          x15=00000000
14117088ns          244489 1c00876c a0f517d3 flt.s            x15, f10, f15       x15=00000001 f10:c0231c80 f15:00000000
14117108ns          244490 1c008770 0a079663 bne              x15, x0, 172        x15:00000001
14117168ns          244493 1c00881c 1c0007b7 lui              x15, 0x1c000000     x15=1c000000
14117188ns          244494 1c008820 12c7a783 lw               x15, 300(x15)       x15=c0c90fdb x15:1c000000  PA:1c00012c
14117526ns          244511 1c008824 a0f517d3 flt.s            x15, f10, f15       x15=00000000 f10:c0231c80 f15:c0c90fdb
14117546ns          244512 1c008828 00078463 beq              x15, x0, 8          x15:00000000
14117605ns          244515 1c008830 20a51553 fsgnjn.s         f10, f10, f10       f10=xxxxxxxx f10:c0231c80 f10:c0231c80
14117625ns          244516 1c008834 f6bff06f jal              x0, -150           
14117685ns          244519 1c00879e 1c0007b7 lui              x15, 0x1c000000     x15=1c000000
14117705ns          244520 1c0087a2 01c7a783 lw               x15, 28(x15)        x15=3fc90fdb x15:1c000000  PA:1c00001c
14118023ns          244536 1c0087a6 a0f517d3 flt.s            x15, f10, f15       x15=00000000 f10:40231c80 f15:3fc90fdb
14118043ns          244537 1c0087aa 02079563 bne              x15, x0, 42         x15:00000000
14118063ns          244538 1c0087ac 1c0007b7 lui              x15, 0x1c000000     x15=1c000000
14118083ns          244539 1c0087b0 1007a783 lw               x15, 256(x15)       x15=40490fdb x15:1c000000  PA:1c000100
14118401ns          244555 1c0087b4 a0f51753 flt.s            x14, f10, f15       x14=00000001 f10:40231c80 f15:40490fdb
14118421ns          244556 1c0087b8 06071f63 bne              x14, x0, 126        x14:00000001
14118500ns          244560 1c008836 08a7f553 fsub.s           f10, f15, f10       f10=xxxxxxxx f15:40490fdb f10:40231c80
14118520ns          244561 1c00883a 10a57553 fmul.s           f10, f10, f10       f10=xxxxxxxx f10:3f17cd6c f10:3f17cd6c
14118540ns          244562 1c00883e 1c0007b7 lui              x15, 0x1c000000     x15=1c000000
14118560ns          244563 1c008842 1c000737 lui              x14, 0x1c000000     x14=1c000000
14118580ns          244564 1c008846 13472703 lw               x14, 308(x14)       x14=bab59551 x14:1c000000  PA:1c000134
14118878ns          244579 1c00884a 1307a783 lw               x15, 304(x15)       x15=37c23ab1 x15:1c000000  PA:1c000130
14119197ns          244595 1c00884e 70f577c3 fmadd.s          f15, f10, f15, f14  f15=xxxxxxxx f10:3eb407f4 f15:37c23ab1 f14:bab59551
14119217ns          244596 1c008852 1c000737 lui              x14, 0x1c000000     x14=1c000000
14119236ns          244597 1c008856 13872703 lw               x14, 312(x14)       x14=3d2aa76f x14:1c000000  PA:1c000138
14119555ns          244613 1c00885a 70f577c3 fmadd.s          f15, f10, f15, f14  f15=xxxxxxxx f10:3eb407f4 f15:bab48422 f14:3d2aa76f
14119575ns          244614 1c00885e 1c000737 lui              x14, 0x1c000000     x14=1c000000
14119594ns          244615 1c008862 13c72703 lw               x14, 316(x14)       x14=beffffe0 x14:1c000000  PA:1c00013c
14119913ns          244631 1c008866 70f577c3 fmadd.s          f15, f10, f15, f14  f15=xxxxxxxx f10:3eb407f4 f15:3d28aba5 f14:beffffe0
14119933ns          244632 1c00886a 1c000737 lui              x14, 0x1c000000     x14=1c000000
14119952ns          244633 1c00886e 16872703 lw               x14, 360(x14)       x14=3f7fffff x14:1c000000  PA:1c000168
14120291ns          244650 1c008872 70f57543 fmadd.s          f10, f10, f15, f14  f10=xxxxxxxx f10:3eb407f4 f15:bef89601 f14:3f7fffff
14120311ns          244651 1c008876 20a51553 fsgnjn.s         f10, f10, f10       f10=xxxxxxxx f10:3f544bb3 f10:3f544bb3
14120330ns          244652 1c00887a 00008067 jalr             x0, x1, 0            x1:1c0081de
14120390ns          244655 1c0081de 016a7a53 fadd.s           f20, f20, f22       f20=xxxxxxxx f20:4083d237 f22:3efd2311
14120410ns          244656 1c0081e2 10acf553 fmul.s           f10, f25, f10       f10=xxxxxxxx f25:3f800000 f10:bf544bb3
14120430ns          244657 1c0081e6 a14a97d3 flt.s            x15, f21, f20       x15=00000000 f21:40c90fdb f20:4093a468
14120450ns          244658 1c0081ea 00a4222b p.sw             x10, 4(x8!)          x8=10001e60 x10:bf544bb3  x8:10001e5c  PA:10001e5c
14120470ns          244659 1c0081ee 00078363 beq              x15, x0, 6          x15:00000000
14120529ns          244662 1c0081f4 ff7412e3 bne              x8, x23, -28         x8:10001e60 x23:10001fc8
14120589ns          244665 1c0081d8 094c7553 fsub.s           f10, f24, f20       f10=xxxxxxxx f24:3fc90fdb f20:4093a468
14120609ns          244666 1c0081dc 57c000ef jal              x1, 1404             x1=1c0081de
14120649ns          244668 1c008758 a0a527d3 feq.s            x15, f10, f10       x15=00000001 f10:c042c0e2 f10:c042c0e2
14120669ns          244669 1c00875c 0a078b63 beq              x15, x0, 182        x15:00000001
14120688ns          244670 1c00875e e00517d3 fclass.s         x15, f10            x15=00000002 f10:c042c0e2
14120708ns          244671 1c008762 0817f793 andi             x15, x15, 129       x15=00000000 x15:00000002
14120728ns          244672 1c008766 0a079663 bne              x15, x0, 172        x15:00000000
14120748ns          244673 1c008768 00000793 addi             x15, x0, 0          x15=00000000
14120768ns          244674 1c00876c a0f517d3 flt.s            x15, f10, f15       x15=00000001 f10:c042c0e2 f15:00000000
14120788ns          244675 1c008770 0a079663 bne              x15, x0, 172        x15:00000001
14120848ns          244678 1c00881c 1c0007b7 lui              x15, 0x1c000000     x15=1c000000
14120867ns          244679 1c008820 12c7a783 lw               x15, 300(x15)       x15=c0c90fdb x15:1c000000  PA:1c00012c
14121186ns          244695 1c008824 a0f517d3 flt.s            x15, f10, f15       x15=00000000 f10:c042c0e2 f15:c0c90fdb
14121206ns          244696 1c008828 00078463 beq              x15, x0, 8          x15:00000000
14121265ns          244699 1c008830 20a51553 fsgnjn.s         f10, f10, f10       f10=xxxxxxxx f10:c042c0e2 f10:c042c0e2
14121285ns          244700 1c008834 f6bff06f jal              x0, -150           
14121345ns          244703 1c00879e 1c0007b7 lui              x15, 0x1c000000     x15=1c000000
14121365ns          244704 1c0087a2 01c7a783 lw               x15, 28(x15)        x15=3fc90fdb x15:1c000000  PA:1c00001c
14121703ns          244721 1c0087a6 a0f517d3 flt.s            x15, f10, f15       x15=00000000 f10:4042c0e2 f15:3fc90fdb
14121723ns          244722 1c0087aa 02079563 bne              x15, x0, 42         x15:00000000
14121743ns          244723 1c0087ac 1c0007b7 lui              x15, 0x1c000000     x15=1c000000
14121763ns          244724 1c0087b0 1007a783 lw               x15, 256(x15)       x15=40490fdb x15:1c000000  PA:1c000100
14122101ns          244741 1c0087b4 a0f51753 flt.s            x14, f10, f15       x14=00000001 f10:4042c0e2 f15:40490fdb
14122121ns          244742 1c0087b8 06071f63 bne              x14, x0, 126        x14:00000001
14122200ns          244746 1c008836 08a7f553 fsub.s           f10, f15, f10       f10=xxxxxxxx f15:40490fdb f10:4042c0e2
14122220ns          244747 1c00883a 10a57553 fmul.s           f10, f10, f10       f10=xxxxxxxx f10:3dc9df20 f10:3dc9df20
14122240ns          244748 1c00883e 1c0007b7 lui              x15, 0x1c000000     x15=1c000000
14122260ns          244749 1c008842 1c000737 lui              x14, 0x1c000000     x14=1c000000
14122280ns          244750 1c008846 13472703 lw               x14, 308(x14)       x14=bab59551 x14:1c000000  PA:1c000134
14122578ns          244765 1c00884a 1307a783 lw               x15, 304(x15)       x15=37c23ab1 x15:1c000000  PA:1c000130
14122916ns          244782 1c00884e 70f577c3 fmadd.s          f15, f10, f15, f14  f15=xxxxxxxx f10:3c1f3023 f15:37c23ab1 f14:bab59551
14122936ns          244783 1c008852 1c000737 lui              x14, 0x1c000000     x14=1c000000
14122956ns          244784 1c008856 13872703 lw               x14, 312(x14)       x14=3d2aa76f x14:1c000000  PA:1c000138
14123294ns          244801 1c00885a 70f577c3 fmadd.s          f15, f10, f15, f14  f15=xxxxxxxx f10:3c1f3023 f15:bab58dc5 f14:3d2aa76f
14123314ns          244802 1c00885e 1c000737 lui              x14, 0x1c000000     x14=1c000000
14123334ns          244803 1c008862 13c72703 lw               x14, 316(x14)       x14=beffffe0 x14:1c000000  PA:1c00013c
14123652ns          244819 1c008866 70f577c3 fmadd.s          f15, f10, f15, f14  f15=xxxxxxxx f10:3c1f3023 f15:3d2a9952 f14:beffffe0
14123672ns          244820 1c00886a 1c000737 lui              x14, 0x1c000000     x14=1c000000
14123692ns          244821 1c00886e 16872703 lw               x14, 360(x14)       x14=3f7fffff x14:1c000000  PA:1c000168
14124010ns          244837 1c008872 70f57543 fmadd.s          f10, f10, f15, f14  f10=xxxxxxxx f10:3c1f3023 f15:beffcad5 f14:3f7fffff
14124030ns          244838 1c008876 20a51553 fsgnjn.s         f10, f10, f10       f10=xxxxxxxx f10:3f7ec1e1 f10:3f7ec1e1
14124050ns          244839 1c00887a 00008067 jalr             x0, x1, 0            x1:1c0081de
14124110ns          244842 1c0081de 016a7a53 fadd.s           f20, f20, f22       f20=xxxxxxxx f20:4093a468 f22:3efd2311
14124130ns          244843 1c0081e2 10acf553 fmul.s           f10, f25, f10       f10=xxxxxxxx f25:3f800000 f10:bf7ec1e1
14124149ns          244844 1c0081e6 a14a97d3 flt.s            x15, f21, f20       x15=00000000 f21:40c90fdb f20:40a37699
14124169ns          244845 1c0081ea 00a4222b p.sw             x10, 4(x8!)          x8=10001e64 x10:bf7ec1e1  x8:10001e60  PA:10001e60
14124189ns          244846 1c0081ee 00078363 beq              x15, x0, 6          x15:00000000
14124249ns          244849 1c0081f4 ff7412e3 bne              x8, x23, -28         x8:10001e64 x23:10001fc8
14124309ns          244852 1c0081d8 094c7553 fsub.s           f10, f24, f20       f10=xxxxxxxx f24:3fc90fdb f20:40a37699
14124328ns          244853 1c0081dc 57c000ef jal              x1, 1404             x1=1c0081de
14124368ns          244855 1c008758 a0a527d3 feq.s            x15, f10, f10       x15=00000001 f10:c0626544 f10:c0626544
14124388ns          244856 1c00875c 0a078b63 beq              x15, x0, 182        x15:00000001
14124408ns          244857 1c00875e e00517d3 fclass.s         x15, f10            x15=00000002 f10:c0626544
14124428ns          244858 1c008762 0817f793 andi             x15, x15, 129       x15=00000000 x15:00000002
14124448ns          244859 1c008766 0a079663 bne              x15, x0, 172        x15:00000000
14124468ns          244860 1c008768 00000793 addi             x15, x0, 0          x15=00000000
14124488ns          244861 1c00876c a0f517d3 flt.s            x15, f10, f15       x15=00000001 f10:c0626544 f15:00000000
14124507ns          244862 1c008770 0a079663 bne              x15, x0, 172        x15:00000001
14124567ns          244865 1c00881c 1c0007b7 lui              x15, 0x1c000000     x15=1c000000
14124587ns          244866 1c008820 12c7a783 lw               x15, 300(x15)       x15=c0c90fdb x15:1c000000  PA:1c00012c
14124905ns          244882 1c008824 a0f517d3 flt.s            x15, f10, f15       x15=00000000 f10:c0626544 f15:c0c90fdb
14124925ns          244883 1c008828 00078463 beq              x15, x0, 8          x15:00000000
14124985ns          244886 1c008830 20a51553 fsgnjn.s         f10, f10, f10       f10=xxxxxxxx f10:c0626544 f10:c0626544
14125005ns          244887 1c008834 f6bff06f jal              x0, -150           
14125064ns          244890 1c00879e 1c0007b7 lui              x15, 0x1c000000     x15=1c000000
14125084ns          244891 1c0087a2 01c7a783 lw               x15, 28(x15)        x15=3fc90fdb x15:1c000000  PA:1c00001c
14125422ns          244908 1c0087a6 a0f517d3 flt.s            x15, f10, f15       x15=00000000 f10:40626544 f15:3fc90fdb
14125442ns          244909 1c0087aa 02079563 bne              x15, x0, 42         x15:00000000
14125462ns          244910 1c0087ac 1c0007b7 lui              x15, 0x1c000000     x15=1c000000
14125482ns          244911 1c0087b0 1007a783 lw               x15, 256(x15)       x15=40490fdb x15:1c000000  PA:1c000100
14125820ns          244928 1c0087b4 a0f51753 flt.s            x14, f10, f15       x14=00000000 f10:40626544 f15:40490fdb
14125840ns          244929 1c0087b8 06071f63 bne              x14, x0, 126        x14:00000000
14125860ns          244930 1c0087ba 1c000737 lui              x14, 0x1c000000     x14=1c000000
14125880ns          244931 1c0087be 14072703 lw               x14, 320(x14)       x14=4096cbe4 x14:1c000000  PA:1c000140
14126258ns          244950 1c0087c2 a0e51753 flt.s            x14, f10, f14       x14=00000001 f10:40626544 f14:4096cbe4
14126278ns          244951 1c0087c6 0a071b63 bne              x14, x0, 182        x14:00000001
14126337ns          244954 1c00887c 08f57553 fsub.s           f10, f10, f15       f10=xxxxxxxx f10:40626544 f15:40490fdb
14126357ns          244955 1c008880 fbbff06f jal              x0, -70            
14126417ns          244958 1c00883a 10a57553 fmul.s           f10, f10, f10       f10=xxxxxxxx f10:3ecaab48 f10:3ecaab48
14126437ns          244959 1c00883e 1c0007b7 lui              x15, 0x1c000000     x15=1c000000
14126457ns          244960 1c008842 1c000737 lui              x14, 0x1c000000     x14=1c000000
14126477ns          244961 1c008846 13472703 lw               x14, 308(x14)       x14=bab59551 x14:1c000000  PA:1c000134
14126815ns          244978 1c00884a 1307a783 lw               x15, 304(x15)       x15=37c23ab1 x15:1c000000  PA:1c000130
14127173ns          244996 1c00884e 70f577c3 fmadd.s          f15, f10, f15, f14  f15=xxxxxxxx f10:3e2072c0 f15:37c23ab1 f14:bab59551
14127193ns          244997 1c008852 1c000737 lui              x14, 0x1c000000     x14=1c000000
14127213ns          244998 1c008856 13872703 lw               x14, 312(x14)       x14=3d2aa76f x14:1c000000  PA:1c000138
14127531ns          245014 1c00885a 70f577c3 fmadd.s          f15, f10, f15, f14  f15=xxxxxxxx f10:3e2072c0 f15:bab51b95 f14:3d2aa76f
14127551ns          245015 1c00885e 1c000737 lui              x14, 0x1c000000     x14=1c000000
14127571ns          245016 1c008862 13c72703 lw               x14, 316(x14)       x14=beffffe0 x14:1c000000  PA:1c00013c
14127889ns          245032 1c008866 70f577c3 fmadd.s          f15, f10, f15, f14  f15=xxxxxxxx f10:3e2072c0 f15:3d29c46a f14:beffffe0
14127909ns          245033 1c00886a 1c000737 lui              x14, 0x1c000000     x14=1c000000
14127929ns          245034 1c00886e 16872703 lw               x14, 360(x14)       x14=3f7fffff x14:1c000000  PA:1c000168
14128247ns          245050 1c008872 70f57543 fmadd.s          f10, f10, f15, f14  f10=xxxxxxxx f10:3e2072c0 f15:befcaca9 f14:3f7fffff
14128267ns          245051 1c008876 20a51553 fsgnjn.s         f10, f10, f10       f10=xxxxxxxx f10:3f6c3459 f10:3f6c3459
14128287ns          245052 1c00887a 00008067 jalr             x0, x1, 0            x1:1c0081de
14128346ns          245055 1c0081de 016a7a53 fadd.s           f20, f20, f22       f20=xxxxxxxx f20:40a37699 f22:3efd2311
14128366ns          245056 1c0081e2 10acf553 fmul.s           f10, f25, f10       f10=xxxxxxxx f25:3f800000 f10:bf6c3459
14128386ns          245057 1c0081e6 a14a97d3 flt.s            x15, f21, f20       x15=00000000 f21:40c90fdb f20:40b348ca
14128406ns          245058 1c0081ea 00a4222b p.sw             x10, 4(x8!)          x8=10001e68 x10:bf6c3459  x8:10001e64  PA:10001e64
14128426ns          245059 1c0081ee 00078363 beq              x15, x0, 6          x15:00000000
14128486ns          245062 1c0081f4 ff7412e3 bne              x8, x23, -28         x8:10001e68 x23:10001fc8
14128545ns          245065 1c0081d8 094c7553 fsub.s           f10, f24, f20       f10=xxxxxxxx f24:3fc90fdb f20:40b348ca
14128565ns          245066 1c0081dc 57c000ef jal              x1, 1404             x1=1c0081de
14128605ns          245068 1c008758 a0a527d3 feq.s            x15, f10, f10       x15=00000001 f10:c08104d3 f10:c08104d3
14128625ns          245069 1c00875c 0a078b63 beq              x15, x0, 182        x15:00000001
14128645ns          245070 1c00875e e00517d3 fclass.s         x15, f10            x15=00000002 f10:c08104d3
14128665ns          245071 1c008762 0817f793 andi             x15, x15, 129       x15=00000000 x15:00000002
14128685ns          245072 1c008766 0a079663 bne              x15, x0, 172        x15:00000000
14128704ns          245073 1c008768 00000793 addi             x15, x0, 0          x15=00000000
14128724ns          245074 1c00876c a0f517d3 flt.s            x15, f10, f15       x15=00000001 f10:c08104d3 f15:00000000
14128744ns          245075 1c008770 0a079663 bne              x15, x0, 172        x15:00000001
14128804ns          245078 1c00881c 1c0007b7 lui              x15, 0x1c000000     x15=1c000000
14128824ns          245079 1c008820 12c7a783 lw               x15, 300(x15)       x15=c0c90fdb x15:1c000000  PA:1c00012c
14129142ns          245095 1c008824 a0f517d3 flt.s            x15, f10, f15       x15=00000000 f10:c08104d3 f15:c0c90fdb
14129162ns          245096 1c008828 00078463 beq              x15, x0, 8          x15:00000000
14129222ns          245099 1c008830 20a51553 fsgnjn.s         f10, f10, f10       f10=xxxxxxxx f10:c08104d3 f10:c08104d3
14129241ns          245100 1c008834 f6bff06f jal              x0, -150           
14129301ns          245103 1c00879e 1c0007b7 lui              x15, 0x1c000000     x15=1c000000
14129321ns          245104 1c0087a2 01c7a783 lw               x15, 28(x15)        x15=3fc90fdb x15:1c000000  PA:1c00001c
14129659ns          245121 1c0087a6 a0f517d3 flt.s            x15, f10, f15       x15=00000000 f10:408104d3 f15:3fc90fdb
14129679ns          245122 1c0087aa 02079563 bne              x15, x0, 42         x15:00000000
14129699ns          245123 1c0087ac 1c0007b7 lui              x15, 0x1c000000     x15=1c000000
14129719ns          245124 1c0087b0 1007a783 lw               x15, 256(x15)       x15=40490fdb x15:1c000000  PA:1c000100
14130037ns          245140 1c0087b4 a0f51753 flt.s            x14, f10, f15       x14=00000000 f10:408104d3 f15:40490fdb
14130057ns          245141 1c0087b8 06071f63 bne              x14, x0, 126        x14:00000000
14130077ns          245142 1c0087ba 1c000737 lui              x14, 0x1c000000     x14=1c000000
14130097ns          245143 1c0087be 14072703 lw               x14, 320(x14)       x14=4096cbe4 x14:1c000000  PA:1c000140
14130415ns          245159 1c0087c2 a0e51753 flt.s            x14, f10, f14       x14=00000001 f10:408104d3 f14:4096cbe4
14130435ns          245160 1c0087c6 0a071b63 bne              x14, x0, 182        x14:00000001
14130495ns          245163 1c00887c 08f57553 fsub.s           f10, f10, f15       f10=xxxxxxxx f10:408104d3 f15:40490fdb
14130514ns          245164 1c008880 fbbff06f jal              x0, -70            
14130574ns          245167 1c00883a 10a57553 fmul.s           f10, f10, f10       f10=xxxxxxxx f10:3f63e72c f10:3f63e72c
14130594ns          245168 1c00883e 1c0007b7 lui              x15, 0x1c000000     x15=1c000000
14130614ns          245169 1c008842 1c000737 lui              x14, 0x1c000000     x14=1c000000
14130634ns          245170 1c008846 13472703 lw               x14, 308(x14)       x14=bab59551 x14:1c000000  PA:1c000134
14130932ns          245185 1c00884a 1307a783 lw               x15, 304(x15)       x15=37c23ab1 x15:1c000000  PA:1c000130
14131290ns          245203 1c00884e 70f577c3 fmadd.s          f15, f10, f15, f14  f15=xxxxxxxx f10:3f4ae3c9 f15:37c23ab1 f14:bab59551
14131310ns          245204 1c008852 1c000737 lui              x14, 0x1c000000     x14=1c000000
14131330ns          245205 1c008856 13872703 lw               x14, 312(x14)       x14=3d2aa76f x14:1c000000  PA:1c000138
14131648ns          245221 1c00885a 70f577c3 fmadd.s          f15, f10, f15, f14  f15=xxxxxxxx f10:3f4ae3c9 f15:bab32d94 f14:3d2aa76f
14131668ns          245222 1c00885e 1c000737 lui              x14, 0x1c000000     x14=1c000000
14131688ns          245223 1c008862 13c72703 lw               x14, 316(x14)       x14=beffffe0 x14:1c000000  PA:1c00013c
14132006ns          245239 1c008866 70f577c3 fmadd.s          f15, f10, f15, f14  f15=xxxxxxxx f10:3f4ae3c9 f15:3d263764 f14:beffffe0
14132026ns          245240 1c00886a 1c000737 lui              x14, 0x1c000000     x14=1c000000
14132046ns          245241 1c00886e 16872703 lw               x14, 360(x14)       x14=3f7fffff x14:1c000000  PA:1c000168
14132364ns          245257 1c008872 70f57543 fmadd.s          f10, f10, f15, f14  f10=xxxxxxxx f10:3f4ae3c9 f15:beef886d f14:3f7fffff
14132384ns          245258 1c008876 20a51553 fsgnjn.s         f10, f10, f10       f10=xxxxxxxx f10:3f21149b f10:3f21149b
14132404ns          245259 1c00887a 00008067 jalr             x0, x1, 0            x1:1c0081de
14132464ns          245262 1c0081de 016a7a53 fadd.s           f20, f20, f22       f20=xxxxxxxx f20:40b348ca f22:3efd2311
14132484ns          245263 1c0081e2 10acf553 fmul.s           f10, f25, f10       f10=xxxxxxxx f25:3f800000 f10:bf21149b
14132504ns          245264 1c0081e6 a14a97d3 flt.s            x15, f21, f20       x15=00000000 f21:40c90fdb f20:40c31afb
14132523ns          245265 1c0081ea 00a4222b p.sw             x10, 4(x8!)          x8=10001e6c x10:bf21149b  x8:10001e68  PA:10001e68
14132543ns          245266 1c0081ee 00078363 beq              x15, x0, 6          x15:00000000
14132603ns          245269 1c0081f4 ff7412e3 bne              x8, x23, -28         x8:10001e6c x23:10001fc8
14132663ns          245272 1c0081d8 094c7553 fsub.s           f10, f24, f20       f10=xxxxxxxx f24:3fc90fdb f20:40c31afb
14132683ns          245273 1c0081dc 57c000ef jal              x1, 1404             x1=1c0081de
14132722ns          245275 1c008758 a0a527d3 feq.s            x15, f10, f10       x15=00000001 f10:c090d704 f10:c090d704
14132742ns          245276 1c00875c 0a078b63 beq              x15, x0, 182        x15:00000001
14132762ns          245277 1c00875e e00517d3 fclass.s         x15, f10            x15=00000002 f10:c090d704
14132782ns          245278 1c008762 0817f793 andi             x15, x15, 129       x15=00000000 x15:00000002
14132802ns          245279 1c008766 0a079663 bne              x15, x0, 172        x15:00000000
14132822ns          245280 1c008768 00000793 addi             x15, x0, 0          x15=00000000
14132842ns          245281 1c00876c a0f517d3 flt.s            x15, f10, f15       x15=00000001 f10:c090d704 f15:00000000
14132862ns          245282 1c008770 0a079663 bne              x15, x0, 172        x15:00000001
14132921ns          245285 1c00881c 1c0007b7 lui              x15, 0x1c000000     x15=1c000000
14132941ns          245286 1c008820 12c7a783 lw               x15, 300(x15)       x15=c0c90fdb x15:1c000000  PA:1c00012c
14133259ns          245302 1c008824 a0f517d3 flt.s            x15, f10, f15       x15=00000000 f10:c090d704 f15:c0c90fdb
14133279ns          245303 1c008828 00078463 beq              x15, x0, 8          x15:00000000
14133339ns          245306 1c008830 20a51553 fsgnjn.s         f10, f10, f10       f10=xxxxxxxx f10:c090d704 f10:c090d704
14133359ns          245307 1c008834 f6bff06f jal              x0, -150           
14133419ns          245310 1c00879e 1c0007b7 lui              x15, 0x1c000000     x15=1c000000
14133438ns          245311 1c0087a2 01c7a783 lw               x15, 28(x15)        x15=3fc90fdb x15:1c000000  PA:1c00001c
14133777ns          245328 1c0087a6 a0f517d3 flt.s            x15, f10, f15       x15=00000000 f10:4090d704 f15:3fc90fdb
14133796ns          245329 1c0087aa 02079563 bne              x15, x0, 42         x15:00000000
14133816ns          245330 1c0087ac 1c0007b7 lui              x15, 0x1c000000     x15=1c000000
14133836ns          245331 1c0087b0 1007a783 lw               x15, 256(x15)       x15=40490fdb x15:1c000000  PA:1c000100
14134154ns          245347 1c0087b4 a0f51753 flt.s            x14, f10, f15       x14=00000000 f10:4090d704 f15:40490fdb
14134174ns          245348 1c0087b8 06071f63 bne              x14, x0, 126        x14:00000000
14134194ns          245349 1c0087ba 1c000737 lui              x14, 0x1c000000     x14=1c000000
14134214ns          245350 1c0087be 14072703 lw               x14, 320(x14)       x14=4096cbe4 x14:1c000000  PA:1c000140
14134532ns          245366 1c0087c2 a0e51753 flt.s            x14, f10, f14       x14=00000001 f10:4090d704 f14:4096cbe4
14134552ns          245367 1c0087c6 0a071b63 bne              x14, x0, 182        x14:00000001
14134612ns          245370 1c00887c 08f57553 fsub.s           f10, f10, f15       f10=xxxxxxxx f10:4090d704 f15:40490fdb
14134632ns          245371 1c008880 fbbff06f jal              x0, -70            
14134692ns          245374 1c00883a 10a57553 fmul.s           f10, f10, f10       f10=xxxxxxxx f10:3fb13c5a f10:3fb13c5a
14134711ns          245375 1c00883e 1c0007b7 lui              x15, 0x1c000000     x15=1c000000
14134731ns          245376 1c008842 1c000737 lui              x14, 0x1c000000     x14=1c000000
14134751ns          245377 1c008846 13472703 lw               x14, 308(x14)       x14=bab59551 x14:1c000000  PA:1c000134
14135050ns          245392 1c00884a 1307a783 lw               x15, 304(x15)       x15=37c23ab1 x15:1c000000  PA:1c000130
14135368ns          245408 1c00884e 70f577c3 fmadd.s          f15, f10, f15, f14  f15=xxxxxxxx f10:3ff56905 f15:37c23ab1 f14:bab59551
14135388ns          245409 1c008852 1c000737 lui              x14, 0x1c000000     x14=1c000000
14135408ns          245410 1c008856 13872703 lw               x14, 312(x14)       x14=3d2aa76f x14:1c000000  PA:1c000138
14135726ns          245426 1c00885a 70f577c3 fmadd.s          f15, f10, f15, f14  f15=xxxxxxxx f10:3ff56905 f15:baafc3c2 f14:3d2aa76f
14135746ns          245427 1c00885e 1c000737 lui              x14, 0x1c000000     x14=1c000000
14135766ns          245428 1c008862 13c72703 lw               x14, 316(x14)       x14=beffffe0 x14:1c000000  PA:1c00013c
14136124ns          245446 1c008866 70f577c3 fmadd.s          f15, f10, f15, f14  f15=xxxxxxxx f10:3ff56905 f15:3d201f88 f14:beffffe0
14136144ns          245447 1c00886a 1c000737 lui              x14, 0x1c000000     x14=1c000000
14136163ns          245448 1c00886e 16872703 lw               x14, 360(x14)       x14=3f7fffff x14:1c000000  PA:1c000168
14136482ns          245464 1c008872 70f57543 fmadd.s          f10, f10, f15, f14  f10=xxxxxxxx f10:3ff56905 f15:bed99fe9 f14:3f7fffff
14136502ns          245465 1c008876 20a51553 fsgnjn.s         f10, f10, f10       f10=xxxxxxxx f10:3e3d82b9 f10:3e3d82b9
14136521ns          245466 1c00887a 00008067 jalr             x0, x1, 0            x1:1c0081de
14136581ns          245469 1c0081de 016a7a53 fadd.s           f20, f20, f22       f20=xxxxxxxx f20:40c31afb f22:3efd2311
14136601ns          245470 1c0081e2 10acf553 fmul.s           f10, f25, f10       f10=xxxxxxxx f25:3f800000 f10:be3d82b9
14136621ns          245471 1c0081e6 a14a97d3 flt.s            x15, f21, f20       x15=00000001 f21:40c90fdb f20:40d2ed2c
14136641ns          245472 1c0081ea 00a4222b p.sw             x10, 4(x8!)          x8=10001e70 x10:be3d82b9  x8:10001e6c  PA:10001e6c
14136661ns          245473 1c0081ee 00078363 beq              x15, x0, 6          x15:00000001
14136681ns          245474 1c0081f0 095a7a53 fsub.s           f20, f20, f21       f20=xxxxxxxx f20:40d2ed2c f21:40c90fdb
14136701ns          245475 1c0081f4 ff7412e3 bne              x8, x23, -28         x8:10001e70 x23:10001fc8
14136760ns          245478 1c0081d8 094c7553 fsub.s           f10, f24, f20       f10=xxxxxxxx f24:3fc90fdb f20:3e9dd510
14136780ns          245479 1c0081dc 57c000ef jal              x1, 1404             x1=1c0081de
14136820ns          245481 1c008758 a0a527d3 feq.s            x15, f10, f10       x15=00000001 f10:3fa19a97 f10:3fa19a97
14136840ns          245482 1c00875c 0a078b63 beq              x15, x0, 182        x15:00000001
14136860ns          245483 1c00875e e00517d3 fclass.s         x15, f10            x15=00000040 f10:3fa19a97
14136880ns          245484 1c008762 0817f793 andi             x15, x15, 129       x15=00000000 x15:00000040
14136899ns          245485 1c008766 0a079663 bne              x15, x0, 172        x15:00000000
14136919ns          245486 1c008768 00000793 addi             x15, x0, 0          x15=00000000
14136939ns          245487 1c00876c a0f517d3 flt.s            x15, f10, f15       x15=00000000 f10:3fa19a97 f15:00000000
14136959ns          245488 1c008770 0a079663 bne              x15, x0, 172        x15:00000000
14136979ns          245489 1c008772 1c000737 lui              x14, 0x1c000000     x14=1c000000
14136999ns          245490 1c008776 02072783 lw               x15, 32(x14)        x15=40c90fdb x14:1c000000  PA:1c000020
14137337ns          245507 1c00877a a0a797d3 flt.s            x15, f15, f10       x15=00000000 f15:40c90fdb f10:3fa19a97
14137357ns          245508 1c00877e 00078b63 beq              x15, x0, 22         x15:00000000
14137417ns          245511 1c008794 00000793 addi             x15, x0, 0          x15=00000000
14137436ns          245512 1c008798 a0f517d3 flt.s            x15, f10, f15       x15=00000000 f10:3fa19a97 f15:00000000
14137456ns          245513 1c00879c 08079a63 bne              x15, x0, 148        x15:00000000
14137476ns          245514 1c00879e 1c0007b7 lui              x15, 0x1c000000     x15=1c000000
14137496ns          245515 1c0087a2 01c7a783 lw               x15, 28(x15)        x15=3fc90fdb x15:1c000000  PA:1c00001c
14137814ns          245531 1c0087a6 a0f517d3 flt.s            x15, f10, f15       x15=00000001 f10:3fa19a97 f15:3fc90fdb
14137834ns          245532 1c0087aa 02079563 bne              x15, x0, 42         x15:00000001
14137894ns          245535 1c0087d4 10a57553 fmul.s           f10, f10, f10       f10=xxxxxxxx f10:3fa19a97 f10:3fa19a97
14137914ns          245536 1c0087d8 1c0007b7 lui              x15, 0x1c000000     x15=1c000000
14137934ns          245537 1c0087dc 1c000737 lui              x14, 0x1c000000     x14=1c000000
14137954ns          245538 1c0087e0 13472703 lw               x14, 308(x14)       x14=bab59551 x14:1c000000  PA:1c000134
14138292ns          245555 1c0087e4 1307a783 lw               x15, 304(x15)       x15=37c23ab1 x15:1c000000  PA:1c000130
14138610ns          245571 1c0087e8 70f577c3 fmadd.s          f15, f10, f15, f14  f15=xxxxxxxx f10:3fcc079f f15:37c23ab1 f14:bab59551
14138630ns          245572 1c0087ec 1c000737 lui              x14, 0x1c000000     x14=1c000000
14138650ns          245573 1c0087f0 13872703 lw               x14, 312(x14)       x14=3d2aa76f x14:1c000000  PA:1c000138
14138968ns          245589 1c0087f4 70f577c3 fmadd.s          f15, f10, f15, f14  f15=xxxxxxxx f10:3fcc079f f15:bab0beed f14:3d2aa76f
14138988ns          245590 1c0087f8 1c000737 lui              x14, 0x1c000000     x14=1c000000
14139008ns          245591 1c0087fc 13c72703 lw               x14, 316(x14)       x14=beffffe0 x14:1c000000  PA:1c00013c
14139326ns          245607 1c008800 70f577c3 fmadd.s          f15, f10, f15, f14  f15=xxxxxxxx f10:3fcc079f f15:3d21d999 f14:beffffe0
14139346ns          245608 1c008804 1c000737 lui              x14, 0x1c000000     x14=1c000000
14139366ns          245609 1c008808 16872703 lw               x14, 360(x14)       x14=3f7fffff x14:1c000000  PA:1c000168
14139684ns          245625 1c00880c 70f57543 fmadd.s          f10, f10, f15, f14  f10=xxxxxxxx f10:3fcc079f f15:bedfc052 f14:3f7fffff
14139704ns          245626 1c008810 00008067 jalr             x0, x1, 0            x1:1c0081de
14139764ns          245629 1c0081de 016a7a53 fadd.s           f20, f20, f22       f20=xxxxxxxx f20:3e9dd510 f22:3efd2311
14139784ns          245630 1c0081e2 10acf553 fmul.s           f10, f25, f10       f10=xxxxxxxx f25:3f800000 f10:3e9b5829
14139803ns          245631 1c0081e6 a14a97d3 flt.s            x15, f21, f20       x15=00000000 f21:40c90fdb f20:3f4d7c10
14139823ns          245632 1c0081ea 00a4222b p.sw             x10, 4(x8!)          x8=10001e74 x10:3e9b5829  x8:10001e70  PA:10001e70
14139843ns          245633 1c0081ee 00078363 beq              x15, x0, 6          x15:00000000
14139903ns          245636 1c0081f4 ff7412e3 bne              x8, x23, -28         x8:10001e74 x23:10001fc8
14139963ns          245639 1c0081d8 094c7553 fsub.s           f10, f24, f20       f10=xxxxxxxx f24:3fc90fdb f20:3f4d7c10
14139982ns          245640 1c0081dc 57c000ef jal              x1, 1404             x1=1c0081de
14140022ns          245642 1c008758 a0a527d3 feq.s            x15, f10, f10       x15=00000001 f10:3f44a3a6 f10:3f44a3a6
14140042ns          245643 1c00875c 0a078b63 beq              x15, x0, 182        x15:00000001
14140062ns          245644 1c00875e e00517d3 fclass.s         x15, f10            x15=00000040 f10:3f44a3a6
14140082ns          245645 1c008762 0817f793 andi             x15, x15, 129       x15=00000000 x15:00000040
14140102ns          245646 1c008766 0a079663 bne              x15, x0, 172        x15:00000000
14140122ns          245647 1c008768 00000793 addi             x15, x0, 0          x15=00000000
14140142ns          245648 1c00876c a0f517d3 flt.s            x15, f10, f15       x15=00000000 f10:3f44a3a6 f15:00000000
14140162ns          245649 1c008770 0a079663 bne              x15, x0, 172        x15:00000000
14140181ns          245650 1c008772 1c000737 lui              x14, 0x1c000000     x14=1c000000
14140201ns          245651 1c008776 02072783 lw               x15, 32(x14)        x15=40c90fdb x14:1c000000  PA:1c000020
14140520ns          245667 1c00877a a0a797d3 flt.s            x15, f15, f10       x15=00000000 f15:40c90fdb f10:3f44a3a6
14140539ns          245668 1c00877e 00078b63 beq              x15, x0, 22         x15:00000000
14140599ns          245671 1c008794 00000793 addi             x15, x0, 0          x15=00000000
14140619ns          245672 1c008798 a0f517d3 flt.s            x15, f10, f15       x15=00000000 f10:3f44a3a6 f15:00000000
14140639ns          245673 1c00879c 08079a63 bne              x15, x0, 148        x15:00000000
14140659ns          245674 1c00879e 1c0007b7 lui              x15, 0x1c000000     x15=1c000000
14140679ns          245675 1c0087a2 01c7a783 lw               x15, 28(x15)        x15=3fc90fdb x15:1c000000  PA:1c00001c
14140997ns          245691 1c0087a6 a0f517d3 flt.s            x15, f10, f15       x15=00000001 f10:3f44a3a6 f15:3fc90fdb
14141017ns          245692 1c0087aa 02079563 bne              x15, x0, 42         x15:00000001
14141076ns          245695 1c0087d4 10a57553 fmul.s           f10, f10, f10       f10=xxxxxxxx f10:3f44a3a6 f10:3f44a3a6
14141096ns          245696 1c0087d8 1c0007b7 lui              x15, 0x1c000000     x15=1c000000
14141116ns          245697 1c0087dc 1c000737 lui              x14, 0x1c000000     x14=1c000000
14141136ns          245698 1c0087e0 13472703 lw               x14, 308(x14)       x14=bab59551 x14:1c000000  PA:1c000134
14141454ns          245714 1c0087e4 1307a783 lw               x15, 304(x15)       x15=37c23ab1 x15:1c000000  PA:1c000130
14141773ns          245730 1c0087e8 70f577c3 fmadd.s          f15, f10, f15, f14  f15=xxxxxxxx f10:3f170aff f15:37c23ab1 f14:bab59551
14141793ns          245731 1c0087ec 1c000737 lui              x14, 0x1c000000     x14=1c000000
14141812ns          245732 1c0087f0 13872703 lw               x14, 312(x14)       x14=3d2aa76f x14:1c000000  PA:1c000138
14142131ns          245748 1c0087f4 70f577c3 fmadd.s          f15, f10, f15, f14  f15=xxxxxxxx f10:3f170aff f15:bab3caed f14:3d2aa76f
14142151ns          245749 1c0087f8 1c000737 lui              x14, 0x1c000000     x14=1c000000
14142170ns          245750 1c0087fc 13c72703 lw               x14, 316(x14)       x14=beffffe0 x14:1c000000  PA:1c00013c
14142509ns          245767 1c008800 70f577c3 fmadd.s          f15, f10, f15, f14  f15=xxxxxxxx f10:3f170aff f15:3d2756cc f14:beffffe0
14142529ns          245768 1c008804 1c000737 lui              x14, 0x1c000000     x14=1c000000
14142548ns          245769 1c008808 16872703 lw               x14, 360(x14)       x14=3f7fffff x14:1c000000  PA:1c000168
14142887ns          245786 1c00880c 70f57543 fmadd.s          f10, f10, f15, f14  f10=xxxxxxxx f10:3f170aff f15:bef3a874 f14:3f7fffff
14142906ns          245787 1c008810 00008067 jalr             x0, x1, 0            x1:1c0081de
14142966ns          245790 1c0081de 016a7a53 fadd.s           f20, f20, f22       f20=xxxxxxxx f20:3f4d7c10 f22:3efd2311
14142986ns          245791 1c0081e2 10acf553 fmul.s           f10, f25, f10       f10=xxxxxxxx f25:3f800000 f10:3f381e95
14143006ns          245792 1c0081e6 a14a97d3 flt.s            x15, f21, f20       x15=00000000 f21:40c90fdb f20:3fa606cc
14143026ns          245793 1c0081ea 00a4222b p.sw             x10, 4(x8!)          x8=10001e78 x10:3f381e95  x8:10001e74  PA:10001e74
14143046ns          245794 1c0081ee 00078363 beq              x15, x0, 6          x15:00000000
14143105ns          245797 1c0081f4 ff7412e3 bne              x8, x23, -28         x8:10001e78 x23:10001fc8
14143165ns          245800 1c0081d8 094c7553 fsub.s           f10, f24, f20       f10=xxxxxxxx f24:3fc90fdb f20:3fa606cc
14143185ns          245801 1c0081dc 57c000ef jal              x1, 1404             x1=1c0081de
14143225ns          245803 1c008758 a0a527d3 feq.s            x15, f10, f10       x15=00000001 f10:3e8c243c f10:3e8c243c
14143245ns          245804 1c00875c 0a078b63 beq              x15, x0, 182        x15:00000001
14143264ns          245805 1c00875e e00517d3 fclass.s         x15, f10            x15=00000040 f10:3e8c243c
14143284ns          245806 1c008762 0817f793 andi             x15, x15, 129       x15=00000000 x15:00000040
14143304ns          245807 1c008766 0a079663 bne              x15, x0, 172        x15:00000000
14143324ns          245808 1c008768 00000793 addi             x15, x0, 0          x15=00000000
14143344ns          245809 1c00876c a0f517d3 flt.s            x15, f10, f15       x15=00000000 f10:3e8c243c f15:00000000
14143364ns          245810 1c008770 0a079663 bne              x15, x0, 172        x15:00000000
14143384ns          245811 1c008772 1c000737 lui              x14, 0x1c000000     x14=1c000000
14143404ns          245812 1c008776 02072783 lw               x15, 32(x14)        x15=40c90fdb x14:1c000000  PA:1c000020
14143722ns          245828 1c00877a a0a797d3 flt.s            x15, f15, f10       x15=00000000 f15:40c90fdb f10:3e8c243c
14143742ns          245829 1c00877e 00078b63 beq              x15, x0, 22         x15:00000000
14143802ns          245832 1c008794 00000793 addi             x15, x0, 0          x15=00000000
14143821ns          245833 1c008798 a0f517d3 flt.s            x15, f10, f15       x15=00000000 f10:3e8c243c f15:00000000
14143841ns          245834 1c00879c 08079a63 bne              x15, x0, 148        x15:00000000
14143861ns          245835 1c00879e 1c0007b7 lui              x15, 0x1c000000     x15=1c000000
14143881ns          245836 1c0087a2 01c7a783 lw               x15, 28(x15)        x15=3fc90fdb x15:1c000000  PA:1c00001c
14144199ns          245852 1c0087a6 a0f517d3 flt.s            x15, f10, f15       x15=00000001 f10:3e8c243c f15:3fc90fdb
14144219ns          245853 1c0087aa 02079563 bne              x15, x0, 42         x15:00000001
14144279ns          245856 1c0087d4 10a57553 fmul.s           f10, f10, f10       f10=xxxxxxxx f10:3e8c243c f10:3e8c243c
14144299ns          245857 1c0087d8 1c0007b7 lui              x15, 0x1c000000     x15=1c000000
14144319ns          245858 1c0087dc 1c000737 lui              x14, 0x1c000000     x14=1c000000
14144339ns          245859 1c0087e0 13472703 lw               x14, 308(x14)       x14=bab59551 x14:1c000000  PA:1c000134
14144637ns          245874 1c0087e4 1307a783 lw               x15, 304(x15)       x15=37c23ab1 x15:1c000000  PA:1c000130
14144955ns          245890 1c0087e8 70f577c3 fmadd.s          f15, f10, f15, f14  f15=xxxxxxxx f10:3d996f4e f15:37c23ab1 f14:bab59551
14144975ns          245891 1c0087ec 1c000737 lui              x14, 0x1c000000     x14=1c000000
14144995ns          245892 1c0087f0 13872703 lw               x14, 312(x14)       x14=3d2aa76f x14:1c000000  PA:1c000138
14145353ns          245910 1c0087f4 70f577c3 fmadd.s          f15, f10, f15, f14  f15=xxxxxxxx f10:3d996f4e f15:bab55b1c f14:3d2aa76f
14145373ns          245911 1c0087f8 1c000737 lui              x14, 0x1c000000     x14=1c000000
14145393ns          245912 1c0087fc 13c72703 lw               x14, 316(x14)       x14=beffffe0 x14:1c000000  PA:1c00013c
14145711ns          245928 1c008800 70f577c3 fmadd.s          f15, f10, f15, f14  f15=xxxxxxxx f10:3d996f4e f15:3d2a3abd f14:beffffe0
14145731ns          245929 1c008804 1c000737 lui              x14, 0x1c000000     x14=1c000000
14145751ns          245930 1c008808 16872703 lw               x14, 360(x14)       x14=3f7fffff x14:1c000000  PA:1c000168
14146089ns          245947 1c00880c 70f57543 fmadd.s          f10, f10, f15, f14  f10=xxxxxxxx f10:3d996f4e f15:befe67c4 f14:3f7fffff
14146109ns          245948 1c008810 00008067 jalr             x0, x1, 0            x1:1c0081de
14146169ns          245951 1c0081de 016a7a53 fadd.s           f20, f20, f22       f20=xxxxxxxx f20:3fa606cc f22:3efd2311
14146188ns          245952 1c0081e2 10acf553 fmul.s           f10, f25, f10       f10=xxxxxxxx f25:3f800000 f10:3f767855
14146208ns          245953 1c0081e6 a14a97d3 flt.s            x15, f21, f20       x15=00000000 f21:40c90fdb f20:3fe54f90
14146228ns          245954 1c0081ea 00a4222b p.sw             x10, 4(x8!)          x8=10001e7c x10:3f767855  x8:10001e78  PA:10001e78
14146248ns          245955 1c0081ee 00078363 beq              x15, x0, 6          x15:00000000
14146308ns          245958 1c0081f4 ff7412e3 bne              x8, x23, -28         x8:10001e7c x23:10001fc8
14146367ns          245961 1c0081d8 094c7553 fsub.s           f10, f24, f20       f10=xxxxxxxx f24:3fc90fdb f20:3fe54f90
14146387ns          245962 1c0081dc 57c000ef jal              x1, 1404             x1=1c0081de
14146427ns          245964 1c008758 a0a527d3 feq.s            x15, f10, f10       x15=00000001 f10:be61fda8 f10:be61fda8
14146447ns          245965 1c00875c 0a078b63 beq              x15, x0, 182        x15:00000001
14146467ns          245966 1c00875e e00517d3 fclass.s         x15, f10            x15=00000002 f10:be61fda8
14146487ns          245967 1c008762 0817f793 andi             x15, x15, 129       x15=00000000 x15:00000002
14146507ns          245968 1c008766 0a079663 bne              x15, x0, 172        x15:00000000
14146527ns          245969 1c008768 00000793 addi             x15, x0, 0          x15=00000000
14146546ns          245970 1c00876c a0f517d3 flt.s            x15, f10, f15       x15=00000001 f10:be61fda8 f15:00000000
14146566ns          245971 1c008770 0a079663 bne              x15, x0, 172        x15:00000001
14146626ns          245974 1c00881c 1c0007b7 lui              x15, 0x1c000000     x15=1c000000
14146646ns          245975 1c008820 12c7a783 lw               x15, 300(x15)       x15=c0c90fdb x15:1c000000  PA:1c00012c
14146984ns          245992 1c008824 a0f517d3 flt.s            x15, f10, f15       x15=00000000 f10:be61fda8 f15:c0c90fdb
14147004ns          245993 1c008828 00078463 beq              x15, x0, 8          x15:00000000
14147064ns          245996 1c008830 20a51553 fsgnjn.s         f10, f10, f10       f10=xxxxxxxx f10:be61fda8 f10:be61fda8
14147083ns          245997 1c008834 f6bff06f jal              x0, -150           
14147143ns          246000 1c00879e 1c0007b7 lui              x15, 0x1c000000     x15=1c000000
14147163ns          246001 1c0087a2 01c7a783 lw               x15, 28(x15)        x15=3fc90fdb x15:1c000000  PA:1c00001c
14147481ns          246017 1c0087a6 a0f517d3 flt.s            x15, f10, f15       x15=00000001 f10:3e61fda8 f15:3fc90fdb
14147501ns          246018 1c0087aa 02079563 bne              x15, x0, 42         x15:00000001
14147561ns          246021 1c0087d4 10a57553 fmul.s           f10, f10, f10       f10=xxxxxxxx f10:3e61fda8 f10:3e61fda8
14147581ns          246022 1c0087d8 1c0007b7 lui              x15, 0x1c000000     x15=1c000000
14147601ns          246023 1c0087dc 1c000737 lui              x14, 0x1c000000     x14=1c000000
14147621ns          246024 1c0087e0 13472703 lw               x14, 308(x14)       x14=bab59551 x14:1c000000  PA:1c000134
14147919ns          246039 1c0087e4 1307a783 lw               x15, 304(x15)       x15=37c23ab1 x15:1c000000  PA:1c000130
14148237ns          246055 1c0087e8 70f577c3 fmadd.s          f15, f10, f15, f14  f15=xxxxxxxx f10:3d477fdd f15:37c23ab1 f14:bab59551
14148257ns          246056 1c0087ec 1c000737 lui              x14, 0x1c000000     x14=1c000000
14148277ns          246057 1c0087f0 13872703 lw               x14, 312(x14)       x14=3d2aa76f x14:1c000000  PA:1c000138
14148595ns          246073 1c0087f4 70f577c3 fmadd.s          f15, f10, f15, f14  f15=xxxxxxxx f10:3d477fdd f15:bab56f7a f14:3d2aa76f
14148615ns          246074 1c0087f8 1c000737 lui              x14, 0x1c000000     x14=1c000000
14148635ns          246075 1c0087fc 13c72703 lw               x14, 316(x14)       x14=beffffe0 x14:1c000000  PA:1c00013c
14148953ns          246091 1c008800 70f577c3 fmadd.s          f15, f10, f15, f14  f15=xxxxxxxx f10:3d477fdd f15:3d2a60bd f14:beffffe0
14148973ns          246092 1c008804 1c000737 lui              x14, 0x1c000000     x14=1c000000
14148993ns          246093 1c008808 16872703 lw               x14, 360(x14)       x14=3f7fffff x14:1c000000  PA:1c000168
14149351ns          246111 1c00880c 70f57543 fmadd.s          f10, f10, f15, f14  f10=xxxxxxxx f10:3d477fdd f15:befef653 f14:3f7fffff
14149371ns          246112 1c008810 00008067 jalr             x0, x1, 0            x1:1c0081de
14149431ns          246115 1c0081de 016a7a53 fadd.s           f20, f20, f22       f20=xxxxxxxx f20:3fe54f90 f22:3efd2311
14149450ns          246116 1c0081e2 10acf553 fmul.s           f10, f25, f10       f10=xxxxxxxx f25:3f800000 f10:3f79ca78
14149470ns          246117 1c0081e6 a14a97d3 flt.s            x15, f21, f20       x15=00000000 f21:40c90fdb f20:40124c2a
14149490ns          246118 1c0081ea 00a4222b p.sw             x10, 4(x8!)          x8=10001e80 x10:3f79ca78  x8:10001e7c  PA:10001e7c
14149510ns          246119 1c0081ee 00078363 beq              x15, x0, 6          x15:00000000
14149570ns          246122 1c0081f4 ff7412e3 bne              x8, x23, -28         x8:10001e80 x23:10001fc8
14149630ns          246125 1c0081d8 094c7553 fsub.s           f10, f24, f20       f10=xxxxxxxx f24:3fc90fdb f20:40124c2a
14149649ns          246126 1c0081dc 57c000ef jal              x1, 1404             x1=1c0081de
14149689ns          246128 1c008758 a0a527d3 feq.s            x15, f10, f10       x15=00000001 f10:bf3710f2 f10:bf3710f2
14149709ns          246129 1c00875c 0a078b63 beq              x15, x0, 182        x15:00000001
14149729ns          246130 1c00875e e00517d3 fclass.s         x15, f10            x15=00000002 f10:bf3710f2
14149749ns          246131 1c008762 0817f793 andi             x15, x15, 129       x15=00000000 x15:00000002
14149769ns          246132 1c008766 0a079663 bne              x15, x0, 172        x15:00000000
14149789ns          246133 1c008768 00000793 addi             x15, x0, 0          x15=00000000
14149809ns          246134 1c00876c a0f517d3 flt.s            x15, f10, f15       x15=00000001 f10:bf3710f2 f15:00000000
14149828ns          246135 1c008770 0a079663 bne              x15, x0, 172        x15:00000001
14149888ns          246138 1c00881c 1c0007b7 lui              x15, 0x1c000000     x15=1c000000
14149908ns          246139 1c008820 12c7a783 lw               x15, 300(x15)       x15=c0c90fdb x15:1c000000  PA:1c00012c
14150246ns          246156 1c008824 a0f517d3 flt.s            x15, f10, f15       x15=00000000 f10:bf3710f2 f15:c0c90fdb
14150266ns          246157 1c008828 00078463 beq              x15, x0, 8          x15:00000000
14150326ns          246160 1c008830 20a51553 fsgnjn.s         f10, f10, f10       f10=xxxxxxxx f10:bf3710f2 f10:bf3710f2
14150346ns          246161 1c008834 f6bff06f jal              x0, -150           
14150405ns          246164 1c00879e 1c0007b7 lui              x15, 0x1c000000     x15=1c000000
14150425ns          246165 1c0087a2 01c7a783 lw               x15, 28(x15)        x15=3fc90fdb x15:1c000000  PA:1c00001c
14150863ns          246187 1c0087a6 a0f517d3 flt.s            x15, f10, f15       x15=00000001 f10:3f3710f2 f15:3fc90fdb
14150883ns          246188 1c0087aa 02079563 bne              x15, x0, 42         x15:00000001
14150942ns          246191 1c0087d4 10a57553 fmul.s           f10, f10, f10       f10=xxxxxxxx f10:3f3710f2 f10:3f3710f2
14150962ns          246192 1c0087d8 1c0007b7 lui              x15, 0x1c000000     x15=1c000000
14150982ns          246193 1c0087dc 1c000737 lui              x14, 0x1c000000     x14=1c000000
14151002ns          246194 1c0087e0 13472703 lw               x14, 308(x14)       x14=bab59551 x14:1c000000  PA:1c000134
14151300ns          246209 1c0087e4 1307a783 lw               x15, 304(x15)       x15=37c23ab1 x15:1c000000  PA:1c000130
14151619ns          246225 1c0087e8 70f577c3 fmadd.s          f15, f10, f15, f14  f15=xxxxxxxx f10:3f02e93b f15:37c23ab1 f14:bab59551
14151638ns          246226 1c0087ec 1c000737 lui              x14, 0x1c000000     x14=1c000000
14151658ns          246227 1c0087f0 13872703 lw               x14, 312(x14)       x14=3d2aa76f x14:1c000000  PA:1c000138
14151977ns          246243 1c0087f4 70f577c3 fmadd.s          f15, f10, f15, f14  f15=xxxxxxxx f10:3f02e93b f15:bab40806 f14:3d2aa76f
14151997ns          246244 1c0087f8 1c000737 lui              x14, 0x1c000000     x14=1c000000
14152016ns          246245 1c0087fc 13c72703 lw               x14, 316(x14)       x14=beffffe0 x14:1c000000  PA:1c00013c
14152335ns          246261 1c008800 70f577c3 fmadd.s          f15, f10, f15, f14  f15=xxxxxxxx f10:3f02e93b f15:3d27c6ee f14:beffffe0
14152355ns          246262 1c008804 1c000737 lui              x14, 0x1c000000     x14=1c000000
14152374ns          246263 1c008808 16872703 lw               x14, 360(x14)       x14=3f7fffff x14:1c000000  PA:1c000168
14152693ns          246279 1c00880c 70f57543 fmadd.s          f10, f10, f15, f14  f10=xxxxxxxx f10:3f02e93b f15:bef54664 f14:3f7fffff
14152713ns          246280 1c008810 00008067 jalr             x0, x1, 0            x1:1c0081de
14152772ns          246283 1c0081de 016a7a53 fadd.s           f20, f20, f22       f20=xxxxxxxx f20:40124c2a f22:3efd2311
14152792ns          246284 1c0081e2 10acf553 fmul.s           f10, f25, f10       f10=xxxxxxxx f25:3f800000 f10:3f414965
14152812ns          246285 1c0081e6 a14a97d3 flt.s            x15, f21, f20       x15=00000000 f21:40c90fdb f20:4031f08c
14152832ns          246286 1c0081ea 00a4222b p.sw             x10, 4(x8!)          x8=10001e84 x10:3f414965  x8:10001e80  PA:10001e80
14152852ns          246287 1c0081ee 00078363 beq              x15, x0, 6          x15:00000000
14152911ns          246290 1c0081f4 ff7412e3 bne              x8, x23, -28         x8:10001e84 x23:10001fc8
14152971ns          246293 1c0081d8 094c7553 fsub.s           f10, f24, f20       f10=xxxxxxxx f24:3fc90fdb f20:4031f08c
14152991ns          246294 1c0081dc 57c000ef jal              x1, 1404             x1=1c0081de
14153031ns          246296 1c008758 a0a527d3 feq.s            x15, f10, f10       x15=00000001 f10:bf9ad13d f10:bf9ad13d
14153051ns          246297 1c00875c 0a078b63 beq              x15, x0, 182        x15:00000001
14153071ns          246298 1c00875e e00517d3 fclass.s         x15, f10            x15=00000002 f10:bf9ad13d
14153090ns          246299 1c008762 0817f793 andi             x15, x15, 129       x15=00000000 x15:00000002
14153110ns          246300 1c008766 0a079663 bne              x15, x0, 172        x15:00000000
14153130ns          246301 1c008768 00000793 addi             x15, x0, 0          x15=00000000
14153150ns          246302 1c00876c a0f517d3 flt.s            x15, f10, f15       x15=00000001 f10:bf9ad13d f15:00000000
14153170ns          246303 1c008770 0a079663 bne              x15, x0, 172        x15:00000001
14153230ns          246306 1c00881c 1c0007b7 lui              x15, 0x1c000000     x15=1c000000
14153250ns          246307 1c008820 12c7a783 lw               x15, 300(x15)       x15=c0c90fdb x15:1c000000  PA:1c00012c
14153588ns          246324 1c008824 a0f517d3 flt.s            x15, f10, f15       x15=00000000 f10:bf9ad13d f15:c0c90fdb
14153608ns          246325 1c008828 00078463 beq              x15, x0, 8          x15:00000000
14153667ns          246328 1c008830 20a51553 fsgnjn.s         f10, f10, f10       f10=xxxxxxxx f10:bf9ad13d f10:bf9ad13d
14153687ns          246329 1c008834 f6bff06f jal              x0, -150           
14153747ns          246332 1c00879e 1c0007b7 lui              x15, 0x1c000000     x15=1c000000
14153767ns          246333 1c0087a2 01c7a783 lw               x15, 28(x15)        x15=3fc90fdb x15:1c000000  PA:1c00001c
14154184ns          246354 1c0087a6 a0f517d3 flt.s            x15, f10, f15       x15=00000001 f10:3f9ad13d f15:3fc90fdb
14154204ns          246355 1c0087aa 02079563 bne              x15, x0, 42         x15:00000001
14154264ns          246358 1c0087d4 10a57553 fmul.s           f10, f10, f10       f10=xxxxxxxx f10:3f9ad13d f10:3f9ad13d
14154284ns          246359 1c0087d8 1c0007b7 lui              x15, 0x1c000000     x15=1c000000
14154304ns          246360 1c0087dc 1c000737 lui              x14, 0x1c000000     x14=1c000000
14154324ns          246361 1c0087e0 13472703 lw               x14, 308(x14)       x14=bab59551 x14:1c000000  PA:1c000134
14154622ns          246376 1c0087e4 1307a783 lw               x15, 304(x15)       x15=37c23ab1 x15:1c000000  PA:1c000130
14154940ns          246392 1c0087e8 70f577c3 fmadd.s          f15, f10, f15, f14  f15=xxxxxxxx f10:3fbb40d1 f15:37c23ab1 f14:bab59551
14154960ns          246393 1c0087ec 1c000737 lui              x14, 0x1c000000     x14=1c000000
14154980ns          246394 1c0087f0 13872703 lw               x14, 312(x14)       x14=3d2aa76f x14:1c000000  PA:1c000138
14155318ns          246411 1c0087f4 70f577c3 fmadd.s          f15, f10, f15, f14  f15=xxxxxxxx f10:3fbb40d1 f15:bab124c1 f14:3d2aa76f
14155338ns          246412 1c0087f8 1c000737 lui              x14, 0x1c000000     x14=1c000000
14155358ns          246413 1c0087fc 13c72703 lw               x14, 316(x14)       x14=beffffe0 x14:1c000000  PA:1c00013c
14155676ns          246429 1c008800 70f577c3 fmadd.s          f15, f10, f15, f14  f15=xxxxxxxx f10:3fbb40d1 f15:3d228e44 f14:beffffe0
14155696ns          246430 1c008804 1c000737 lui              x14, 0x1c000000     x14=1c000000
14155716ns          246431 1c008808 16872703 lw               x14, 360(x14)       x14=3f7fffff x14:1c000000  PA:1c000168
14156074ns          246449 1c00880c 70f57543 fmadd.s          f10, f10, f15, f14  f10=xxxxxxxx f10:3fbb40d1 f15:bee2461b f14:3f7fffff
14156094ns          246450 1c008810 00008067 jalr             x0, x1, 0            x1:1c0081de
14156154ns          246453 1c0081de 016a7a53 fadd.s           f20, f20, f22       f20=xxxxxxxx f20:4031f08c f22:3efd2311
14156174ns          246454 1c0081e2 10acf553 fmul.s           f10, f25, f10       f10=xxxxxxxx f25:3f800000 f10:3eb4fafe
14156193ns          246455 1c0081e6 a14a97d3 flt.s            x15, f21, f20       x15=00000000 f21:40c90fdb f20:405194ee
14156213ns          246456 1c0081ea 00a4222b p.sw             x10, 4(x8!)          x8=10001e88 x10:3eb4fafe  x8:10001e84  PA:10001e84
14156233ns          246457 1c0081ee 00078363 beq              x15, x0, 6          x15:00000000
14156293ns          246460 1c0081f4 ff7412e3 bne              x8, x23, -28         x8:10001e88 x23:10001fc8
14156353ns          246463 1c0081d8 094c7553 fsub.s           f10, f24, f20       f10=xxxxxxxx f24:3fc90fdb f20:405194ee
14156372ns          246464 1c0081dc 57c000ef jal              x1, 1404             x1=1c0081de
14156412ns          246466 1c008758 a0a527d3 feq.s            x15, f10, f10       x15=00000001 f10:bfda1a01 f10:bfda1a01
14156432ns          246467 1c00875c 0a078b63 beq              x15, x0, 182        x15:00000001
14156452ns          246468 1c00875e e00517d3 fclass.s         x15, f10            x15=00000002 f10:bfda1a01
14156472ns          246469 1c008762 0817f793 andi             x15, x15, 129       x15=00000000 x15:00000002
14156492ns          246470 1c008766 0a079663 bne              x15, x0, 172        x15:00000000
14156512ns          246471 1c008768 00000793 addi             x15, x0, 0          x15=00000000
14156532ns          246472 1c00876c a0f517d3 flt.s            x15, f10, f15       x15=00000001 f10:bfda1a01 f15:00000000
14156551ns          246473 1c008770 0a079663 bne              x15, x0, 172        x15:00000001
14156611ns          246476 1c00881c 1c0007b7 lui              x15, 0x1c000000     x15=1c000000
14156631ns          246477 1c008820 12c7a783 lw               x15, 300(x15)       x15=c0c90fdb x15:1c000000  PA:1c00012c
14156989ns          246495 1c008824 a0f517d3 flt.s            x15, f10, f15       x15=00000000 f10:bfda1a01 f15:c0c90fdb
14157009ns          246496 1c008828 00078463 beq              x15, x0, 8          x15:00000000
14157069ns          246499 1c008830 20a51553 fsgnjn.s         f10, f10, f10       f10=xxxxxxxx f10:bfda1a01 f10:bfda1a01
14157089ns          246500 1c008834 f6bff06f jal              x0, -150           
14157148ns          246503 1c00879e 1c0007b7 lui              x15, 0x1c000000     x15=1c000000
14157168ns          246504 1c0087a2 01c7a783 lw               x15, 28(x15)        x15=3fc90fdb x15:1c000000  PA:1c00001c
14157506ns          246521 1c0087a6 a0f517d3 flt.s            x15, f10, f15       x15=00000000 f10:3fda1a01 f15:3fc90fdb
14157526ns          246522 1c0087aa 02079563 bne              x15, x0, 42         x15:00000000
14157546ns          246523 1c0087ac 1c0007b7 lui              x15, 0x1c000000     x15=1c000000
14157566ns          246524 1c0087b0 1007a783 lw               x15, 256(x15)       x15=40490fdb x15:1c000000  PA:1c000100
14157904ns          246541 1c0087b4 a0f51753 flt.s            x14, f10, f15       x14=00000001 f10:3fda1a01 f15:40490fdb
14157924ns          246542 1c0087b8 06071f63 bne              x14, x0, 126        x14:00000001
14158004ns          246546 1c008836 08a7f553 fsub.s           f10, f15, f10       f10=xxxxxxxx f15:40490fdb f10:3fda1a01
14158023ns          246547 1c00883a 10a57553 fmul.s           f10, f10, f10       f10=xxxxxxxx f10:3fb805b5 f10:3fb805b5
14158043ns          246548 1c00883e 1c0007b7 lui              x15, 0x1c000000     x15=1c000000
14158063ns          246549 1c008842 1c000737 lui              x14, 0x1c000000     x14=1c000000
14158083ns          246550 1c008846 13472703 lw               x14, 308(x14)       x14=bab59551 x14:1c000000  PA:1c000134
14158381ns          246565 1c00884a 1307a783 lw               x15, 304(x15)       x15=37c23ab1 x15:1c000000  PA:1c000130
14158739ns          246583 1c00884e 70f577c3 fmadd.s          f15, f10, f15, f14  f15=xxxxxxxx f10:40044834 f15:37c23ab1 f14:bab59551
14158759ns          246584 1c008852 1c000737 lui              x14, 0x1c000000     x14=1c000000
14158779ns          246585 1c008856 13872703 lw               x14, 312(x14)       x14=3d2aa76f x14:1c000000  PA:1c000138
14159117ns          246602 1c00885a 70f577c3 fmadd.s          f15, f10, f15, f14  f15=xxxxxxxx f10:40044834 f15:baaf4f80 f14:3d2aa76f
14159137ns          246603 1c00885e 1c000737 lui              x14, 0x1c000000     x14=1c000000
14159157ns          246604 1c008862 13c72703 lw               x14, 316(x14)       x14=beffffe0 x14:1c000000  PA:1c00013c
14159475ns          246620 1c008866 70f577c3 fmadd.s          f15, f10, f15, f14  f15=xxxxxxxx f10:40044834 f15:3d1f54a1 f14:beffffe0
14159495ns          246621 1c00886a 1c000737 lui              x14, 0x1c000000     x14=1c000000
14159515ns          246622 1c00886e 16872703 lw               x14, 360(x14)       x14=3f7fffff x14:1c000000  PA:1c000168
14159833ns          246638 1c008872 70f57543 fmadd.s          f10, f10, f15, f14  f10=xxxxxxxx f10:40044834 f15:bed6d596 f14:3f7fffff
14159853ns          246639 1c008876 20a51553 fsgnjn.s         f10, f10, f10       f10=xxxxxxxx f10:3e07ea34 f10:3e07ea34
14159873ns          246640 1c00887a 00008067 jalr             x0, x1, 0            x1:1c0081de
14159933ns          246643 1c0081de 016a7a53 fadd.s           f20, f20, f22       f20=xxxxxxxx f20:405194ee f22:3efd2311
14159953ns          246644 1c0081e2 10acf553 fmul.s           f10, f25, f10       f10=xxxxxxxx f25:3f800000 f10:be07ea34
14159973ns          246645 1c0081e6 a14a97d3 flt.s            x15, f21, f20       x15=00000000 f21:40c90fdb f20:40713950
14159993ns          246646 1c0081ea 00a4222b p.sw             x10, 4(x8!)          x8=10001e8c x10:be07ea34  x8:10001e88  PA:10001e88
14160012ns          246647 1c0081ee 00078363 beq              x15, x0, 6          x15:00000000
14160072ns          246650 1c0081f4 ff7412e3 bne              x8, x23, -28         x8:10001e8c x23:10001fc8
14160132ns          246653 1c0081d8 094c7553 fsub.s           f10, f24, f20       f10=xxxxxxxx f24:3fc90fdb f20:40713950
14160152ns          246654 1c0081dc 57c000ef jal              x1, 1404             x1=1c0081de
14160191ns          246656 1c008758 a0a527d3 feq.s            x15, f10, f10       x15=00000001 f10:c00cb162 f10:c00cb162
14160211ns          246657 1c00875c 0a078b63 beq              x15, x0, 182        x15:00000001
14160231ns          246658 1c00875e e00517d3 fclass.s         x15, f10            x15=00000002 f10:c00cb162
14160251ns          246659 1c008762 0817f793 andi             x15, x15, 129       x15=00000000 x15:00000002
14160271ns          246660 1c008766 0a079663 bne              x15, x0, 172        x15:00000000
14160291ns          246661 1c008768 00000793 addi             x15, x0, 0          x15=00000000
14160311ns          246662 1c00876c a0f517d3 flt.s            x15, f10, f15       x15=00000001 f10:c00cb162 f15:00000000
14160331ns          246663 1c008770 0a079663 bne              x15, x0, 172        x15:00000001
14160390ns          246666 1c00881c 1c0007b7 lui              x15, 0x1c000000     x15=1c000000
14160410ns          246667 1c008820 12c7a783 lw               x15, 300(x15)       x15=c0c90fdb x15:1c000000  PA:1c00012c
14160828ns          246688 1c008824 a0f517d3 flt.s            x15, f10, f15       x15=00000000 f10:c00cb162 f15:c0c90fdb
14160848ns          246689 1c008828 00078463 beq              x15, x0, 8          x15:00000000
14160908ns          246692 1c008830 20a51553 fsgnjn.s         f10, f10, f10       f10=xxxxxxxx f10:c00cb162 f10:c00cb162
14160927ns          246693 1c008834 f6bff06f jal              x0, -150           
14160987ns          246696 1c00879e 1c0007b7 lui              x15, 0x1c000000     x15=1c000000
14161007ns          246697 1c0087a2 01c7a783 lw               x15, 28(x15)        x15=3fc90fdb x15:1c000000  PA:1c00001c
14161345ns          246714 1c0087a6 a0f517d3 flt.s            x15, f10, f15       x15=00000000 f10:400cb162 f15:3fc90fdb
14161365ns          246715 1c0087aa 02079563 bne              x15, x0, 42         x15:00000000
14161385ns          246716 1c0087ac 1c0007b7 lui              x15, 0x1c000000     x15=1c000000
14161405ns          246717 1c0087b0 1007a783 lw               x15, 256(x15)       x15=40490fdb x15:1c000000  PA:1c000100
14161743ns          246734 1c0087b4 a0f51753 flt.s            x14, f10, f15       x14=00000001 f10:400cb162 f15:40490fdb
14161763ns          246735 1c0087b8 06071f63 bne              x14, x0, 126        x14:00000001
14161842ns          246739 1c008836 08a7f553 fsub.s           f10, f15, f10       f10=xxxxxxxx f15:40490fdb f10:400cb162
14161862ns          246740 1c00883a 10a57553 fmul.s           f10, f10, f10       f10=xxxxxxxx f10:3f7179e4 f10:3f7179e4
14161882ns          246741 1c00883e 1c0007b7 lui              x15, 0x1c000000     x15=1c000000
14161902ns          246742 1c008842 1c000737 lui              x14, 0x1c000000     x14=1c000000
14161922ns          246743 1c008846 13472703 lw               x14, 308(x14)       x14=bab59551 x14:1c000000  PA:1c000134
14162220ns          246758 1c00884a 1307a783 lw               x15, 304(x15)       x15=37c23ab1 x15:1c000000  PA:1c000130
14162539ns          246774 1c00884e 70f577c3 fmadd.s          f15, f10, f15, f14  f15=xxxxxxxx f10:3f63c6b9 f15:37c23ab1 f14:bab59551
14162558ns          246775 1c008852 1c000737 lui              x14, 0x1c000000     x14=1c000000
14162578ns          246776 1c008856 13872703 lw               x14, 312(x14)       x14=3d2aa76f x14:1c000000  PA:1c000138
14162897ns          246792 1c00885a 70f577c3 fmadd.s          f15, f10, f15, f14  f15=xxxxxxxx f10:3f63c6b9 f15:bab2e20e f14:3d2aa76f
14162917ns          246793 1c00885e 1c000737 lui              x14, 0x1c000000     x14=1c000000
14162936ns          246794 1c008862 13c72703 lw               x14, 316(x14)       x14=beffffe0 x14:1c000000  PA:1c00013c
14163275ns          246811 1c008866 70f577c3 fmadd.s          f15, f10, f15, f14  f15=xxxxxxxx f10:3f63c6b9 f15:3d25ae25 f14:beffffe0
14163294ns          246812 1c00886a 1c000737 lui              x14, 0x1c000000     x14=1c000000
14163314ns          246813 1c00886e 16872703 lw               x14, 360(x14)       x14=3f7fffff x14:1c000000  PA:1c000168
14163633ns          246829 1c008872 70f57543 fmadd.s          f10, f10, f15, f14  f10=xxxxxxxx f10:3f63c6b9 f15:beed929f f14:3f7fffff
14163652ns          246830 1c008876 20a51553 fsgnjn.s         f10, f10, f10       f10=xxxxxxxx f10:3f164f48 f10:3f164f48
14163672ns          246831 1c00887a 00008067 jalr             x0, x1, 0            x1:1c0081de
14163732ns          246834 1c0081de 016a7a53 fadd.s           f20, f20, f22       f20=xxxxxxxx f20:40713950 f22:3efd2311
14163752ns          246835 1c0081e2 10acf553 fmul.s           f10, f25, f10       f10=xxxxxxxx f25:3f800000 f10:bf164f48
14163772ns          246836 1c0081e6 a14a97d3 flt.s            x15, f21, f20       x15=00000000 f21:40c90fdb f20:40886ed9
14163792ns          246837 1c0081ea 00a4222b p.sw             x10, 4(x8!)          x8=10001e90 x10:bf164f48  x8:10001e8c  PA:10001e8c
14163812ns          246838 1c0081ee 00078363 beq              x15, x0, 6          x15:00000000
14163871ns          246841 1c0081f4 ff7412e3 bne              x8, x23, -28         x8:10001e90 x23:10001fc8
14163931ns          246844 1c0081d8 094c7553 fsub.s           f10, f24, f20       f10=xxxxxxxx f24:3fc90fdb f20:40886ed9
14163951ns          246845 1c0081dc 57c000ef jal              x1, 1404             x1=1c0081de
14163991ns          246847 1c008758 a0a527d3 feq.s            x15, f10, f10       x15=00000001 f10:c02c55c4 f10:c02c55c4
14164011ns          246848 1c00875c 0a078b63 beq              x15, x0, 182        x15:00000001
14164030ns          246849 1c00875e e00517d3 fclass.s         x15, f10            x15=00000002 f10:c02c55c4
14164050ns          246850 1c008762 0817f793 andi             x15, x15, 129       x15=00000000 x15:00000002
14164070ns          246851 1c008766 0a079663 bne              x15, x0, 172        x15:00000000
14164090ns          246852 1c008768 00000793 addi             x15, x0, 0          x15=00000000
14164110ns          246853 1c00876c a0f517d3 flt.s            x15, f10, f15       x15=00000001 f10:c02c55c4 f15:00000000
14164130ns          246854 1c008770 0a079663 bne              x15, x0, 172        x15:00000001
14164190ns          246857 1c00881c 1c0007b7 lui              x15, 0x1c000000     x15=1c000000
14164209ns          246858 1c008820 12c7a783 lw               x15, 300(x15)       x15=c0c90fdb x15:1c000000  PA:1c00012c
14164528ns          246874 1c008824 a0f517d3 flt.s            x15, f10, f15       x15=00000000 f10:c02c55c4 f15:c0c90fdb
14164548ns          246875 1c008828 00078463 beq              x15, x0, 8          x15:00000000
14164607ns          246878 1c008830 20a51553 fsgnjn.s         f10, f10, f10       f10=xxxxxxxx f10:c02c55c4 f10:c02c55c4
14164627ns          246879 1c008834 f6bff06f jal              x0, -150           
14164687ns          246882 1c00879e 1c0007b7 lui              x15, 0x1c000000     x15=1c000000
14164707ns          246883 1c0087a2 01c7a783 lw               x15, 28(x15)        x15=3fc90fdb x15:1c000000  PA:1c00001c
14165025ns          246899 1c0087a6 a0f517d3 flt.s            x15, f10, f15       x15=00000000 f10:402c55c4 f15:3fc90fdb
14165045ns          246900 1c0087aa 02079563 bne              x15, x0, 42         x15:00000000
14165065ns          246901 1c0087ac 1c0007b7 lui              x15, 0x1c000000     x15=1c000000
14165085ns          246902 1c0087b0 1007a783 lw               x15, 256(x15)       x15=40490fdb x15:1c000000  PA:1c000100
14165423ns          246919 1c0087b4 a0f51753 flt.s            x14, f10, f15       x14=00000001 f10:402c55c4 f15:40490fdb
14165443ns          246920 1c0087b8 06071f63 bne              x14, x0, 126        x14:00000001
14165522ns          246924 1c008836 08a7f553 fsub.s           f10, f15, f10       f10=xxxxxxxx f15:40490fdb f10:402c55c4
14165542ns          246925 1c00883a 10a57553 fmul.s           f10, f10, f10       f10=xxxxxxxx f10:3ee5d0b8 f10:3ee5d0b8
14165562ns          246926 1c00883e 1c0007b7 lui              x15, 0x1c000000     x15=1c000000
14165582ns          246927 1c008842 1c000737 lui              x14, 0x1c000000     x14=1c000000
14165602ns          246928 1c008846 13472703 lw               x14, 308(x14)       x14=bab59551 x14:1c000000  PA:1c000134
14165920ns          246944 1c00884a 1307a783 lw               x15, 304(x15)       x15=37c23ab1 x15:1c000000  PA:1c000130
14166238ns          246960 1c00884e 70f577c3 fmadd.s          f15, f10, f15, f14  f15=xxxxxxxx f10:3e4e4f13 f15:37c23ab1 f14:bab59551
14166258ns          246961 1c008852 1c000737 lui              x14, 0x1c000000     x14=1c000000
14166278ns          246962 1c008856 13872703 lw               x14, 312(x14)       x14=3d2aa76f x14:1c000000  PA:1c000138
14166616ns          246979 1c00885a 70f577c3 fmadd.s          f15, f10, f15, f14  f15=xxxxxxxx f10:3e4e4f13 f15:bab4f8ca f14:3d2aa76f
14166636ns          246980 1c00885e 1c000737 lui              x14, 0x1c000000     x14=1c000000
14166656ns          246981 1c008862 13c72703 lw               x14, 316(x14)       x14=beffffe0 x14:1c000000  PA:1c00013c
14166974ns          246997 1c008866 70f577c3 fmadd.s          f15, f10, f15, f14  f15=xxxxxxxx f10:3e4e4f13 f15:3d2983bf f14:beffffe0
14166994ns          246998 1c00886a 1c000737 lui              x14, 0x1c000000     x14=1c000000
14167014ns          246999 1c00886e 16872703 lw               x14, 360(x14)       x14=3f7fffff x14:1c000000  PA:1c000168
14167332ns          247015 1c008872 70f57543 fmadd.s          f10, f10, f15, f14  f10=xxxxxxxx f10:3e4e4f13 f15:befbbafd f14:3f7fffff
14167352ns          247016 1c008876 20a51553 fsgnjn.s         f10, f10, f10       f10=xxxxxxxx f10:3f66a438 f10:3f66a438
14167372ns          247017 1c00887a 00008067 jalr             x0, x1, 0            x1:1c0081de
14167432ns          247020 1c0081de 016a7a53 fadd.s           f20, f20, f22       f20=xxxxxxxx f20:40886ed9 f22:3efd2311
14167452ns          247021 1c0081e2 10acf553 fmul.s           f10, f25, f10       f10=xxxxxxxx f25:3f800000 f10:bf66a438
14167472ns          247022 1c0081e6 a14a97d3 flt.s            x15, f21, f20       x15=00000000 f21:40c90fdb f20:4098410a
14167491ns          247023 1c0081ea 00a4222b p.sw             x10, 4(x8!)          x8=10001e94 x10:bf66a438  x8:10001e90  PA:10001e90
14167511ns          247024 1c0081ee 00078363 beq              x15, x0, 6          x15:00000000
14167571ns          247027 1c0081f4 ff7412e3 bne              x8, x23, -28         x8:10001e94 x23:10001fc8
14167631ns          247030 1c0081d8 094c7553 fsub.s           f10, f24, f20       f10=xxxxxxxx f24:3fc90fdb f20:4098410a
14167651ns          247031 1c0081dc 57c000ef jal              x1, 1404             x1=1c0081de
14167690ns          247033 1c008758 a0a527d3 feq.s            x15, f10, f10       x15=00000001 f10:c04bfa26 f10:c04bfa26
14167710ns          247034 1c00875c 0a078b63 beq              x15, x0, 182        x15:00000001
14167730ns          247035 1c00875e e00517d3 fclass.s         x15, f10            x15=00000002 f10:c04bfa26
14167750ns          247036 1c008762 0817f793 andi             x15, x15, 129       x15=00000000 x15:00000002
14167770ns          247037 1c008766 0a079663 bne              x15, x0, 172        x15:00000000
14167790ns          247038 1c008768 00000793 addi             x15, x0, 0          x15=00000000
14167810ns          247039 1c00876c a0f517d3 flt.s            x15, f10, f15       x15=00000001 f10:c04bfa26 f15:00000000
14167830ns          247040 1c008770 0a079663 bne              x15, x0, 172        x15:00000001
14167889ns          247043 1c00881c 1c0007b7 lui              x15, 0x1c000000     x15=1c000000
14167909ns          247044 1c008820 12c7a783 lw               x15, 300(x15)       x15=c0c90fdb x15:1c000000  PA:1c00012c
14168227ns          247060 1c008824 a0f517d3 flt.s            x15, f10, f15       x15=00000000 f10:c04bfa26 f15:c0c90fdb
14168247ns          247061 1c008828 00078463 beq              x15, x0, 8          x15:00000000
14168307ns          247064 1c008830 20a51553 fsgnjn.s         f10, f10, f10       f10=xxxxxxxx f10:c04bfa26 f10:c04bfa26
14168327ns          247065 1c008834 f6bff06f jal              x0, -150           
14168386ns          247068 1c00879e 1c0007b7 lui              x15, 0x1c000000     x15=1c000000
14168406ns          247069 1c0087a2 01c7a783 lw               x15, 28(x15)        x15=3fc90fdb x15:1c000000  PA:1c00001c
14168725ns          247085 1c0087a6 a0f517d3 flt.s            x15, f10, f15       x15=00000000 f10:404bfa26 f15:3fc90fdb
14168745ns          247086 1c0087aa 02079563 bne              x15, x0, 42         x15:00000000
14168764ns          247087 1c0087ac 1c0007b7 lui              x15, 0x1c000000     x15=1c000000
14168784ns          247088 1c0087b0 1007a783 lw               x15, 256(x15)       x15=40490fdb x15:1c000000  PA:1c000100
14169103ns          247104 1c0087b4 a0f51753 flt.s            x14, f10, f15       x14=00000000 f10:404bfa26 f15:40490fdb
14169122ns          247105 1c0087b8 06071f63 bne              x14, x0, 126        x14:00000000
14169142ns          247106 1c0087ba 1c000737 lui              x14, 0x1c000000     x14=1c000000
14169162ns          247107 1c0087be 14072703 lw               x14, 320(x14)       x14=4096cbe4 x14:1c000000  PA:1c000140
14169480ns          247123 1c0087c2 a0e51753 flt.s            x14, f10, f14       x14=00000001 f10:404bfa26 f14:4096cbe4
14169500ns          247124 1c0087c6 0a071b63 bne              x14, x0, 182        x14:00000001
14169560ns          247127 1c00887c 08f57553 fsub.s           f10, f10, f15       f10=xxxxxxxx f10:404bfa26 f15:40490fdb
14169580ns          247128 1c008880 fbbff06f jal              x0, -70            
14169640ns          247131 1c00883a 10a57553 fmul.s           f10, f10, f10       f10=xxxxxxxx f10:3d3a92c0 f10:3d3a92c0
14169659ns          247132 1c00883e 1c0007b7 lui              x15, 0x1c000000     x15=1c000000
14169679ns          247133 1c008842 1c000737 lui              x14, 0x1c000000     x14=1c000000
14169699ns          247134 1c008846 13472703 lw               x14, 308(x14)       x14=bab59551 x14:1c000000  PA:1c000134
14169998ns          247149 1c00884a 1307a783 lw               x15, 304(x15)       x15=37c23ab1 x15:1c000000  PA:1c000130
14170316ns          247165 1c00884e 70f577c3 fmadd.s          f15, f10, f15, f14  f15=xxxxxxxx f10:3b07f993 f15:37c23ab1 f14:bab59551
14170336ns          247166 1c008852 1c000737 lui              x14, 0x1c000000     x14=1c000000
14170356ns          247167 1c008856 13872703 lw               x14, 312(x14)       x14=3d2aa76f x14:1c000000  PA:1c000138
14170694ns          247184 1c00885a 70f577c3 fmadd.s          f15, f10, f15, f14  f15=xxxxxxxx f10:3b07f993 f15:bab593b4 f14:3d2aa76f
14170714ns          247185 1c00885e 1c000737 lui              x14, 0x1c000000     x14=1c000000
14170734ns          247186 1c008862 13c72703 lw               x14, 316(x14)       x14=beffffe0 x14:1c000000  PA:1c00013c
14171052ns          247202 1c008866 70f577c3 fmadd.s          f15, f10, f15, f14  f15=xxxxxxxx f10:3b07f993 f15:3d2aa46b f14:beffffe0
14171072ns          247203 1c00886a 1c000737 lui              x14, 0x1c000000     x14=1c000000
14171092ns          247204 1c00886e 16872703 lw               x14, 360(x14)       x14=3f7fffff x14:1c000000  PA:1c000168
14171410ns          247220 1c008872 70f57543 fmadd.s          f10, f10, f15, f14  f10=xxxxxxxx f10:3b07f993 f15:befff48c f14:3f7fffff
14171430ns          247221 1c008876 20a51553 fsgnjn.s         f10, f10, f10       f10=xxxxxxxx f10:3f7fbc05 f10:3f7fbc05
14171450ns          247222 1c00887a 00008067 jalr             x0, x1, 0            x1:1c0081de
14171509ns          247225 1c0081de 016a7a53 fadd.s           f20, f20, f22       f20=xxxxxxxx f20:4098410a f22:3efd2311
14171529ns          247226 1c0081e2 10acf553 fmul.s           f10, f25, f10       f10=xxxxxxxx f25:3f800000 f10:bf7fbc05
14171549ns          247227 1c0081e6 a14a97d3 flt.s            x15, f21, f20       x15=00000000 f21:40c90fdb f20:40a8133b
14171569ns          247228 1c0081ea 00a4222b p.sw             x10, 4(x8!)          x8=10001e98 x10:bf7fbc05  x8:10001e94  PA:10001e94
14171589ns          247229 1c0081ee 00078363 beq              x15, x0, 6          x15:00000000
14171649ns          247232 1c0081f4 ff7412e3 bne              x8, x23, -28         x8:10001e98 x23:10001fc8
14171708ns          247235 1c0081d8 094c7553 fsub.s           f10, f24, f20       f10=xxxxxxxx f24:3fc90fdb f20:40a8133b
14171728ns          247236 1c0081dc 57c000ef jal              x1, 1404             x1=1c0081de
14171768ns          247238 1c008758 a0a527d3 feq.s            x15, f10, f10       x15=00000001 f10:c06b9e88 f10:c06b9e88
14171788ns          247239 1c00875c 0a078b63 beq              x15, x0, 182        x15:00000001
14171808ns          247240 1c00875e e00517d3 fclass.s         x15, f10            x15=00000002 f10:c06b9e88
14171828ns          247241 1c008762 0817f793 andi             x15, x15, 129       x15=00000000 x15:00000002
14171847ns          247242 1c008766 0a079663 bne              x15, x0, 172        x15:00000000
14171867ns          247243 1c008768 00000793 addi             x15, x0, 0          x15=00000000
14171887ns          247244 1c00876c a0f517d3 flt.s            x15, f10, f15       x15=00000001 f10:c06b9e88 f15:00000000
14171907ns          247245 1c008770 0a079663 bne              x15, x0, 172        x15:00000001
14171967ns          247248 1c00881c 1c0007b7 lui              x15, 0x1c000000     x15=1c000000
14171987ns          247249 1c008820 12c7a783 lw               x15, 300(x15)       x15=c0c90fdb x15:1c000000  PA:1c00012c
14172305ns          247265 1c008824 a0f517d3 flt.s            x15, f10, f15       x15=00000000 f10:c06b9e88 f15:c0c90fdb
14172325ns          247266 1c008828 00078463 beq              x15, x0, 8          x15:00000000
14172385ns          247269 1c008830 20a51553 fsgnjn.s         f10, f10, f10       f10=xxxxxxxx f10:c06b9e88 f10:c06b9e88
14172404ns          247270 1c008834 f6bff06f jal              x0, -150           
14172464ns          247273 1c00879e 1c0007b7 lui              x15, 0x1c000000     x15=1c000000
14172484ns          247274 1c0087a2 01c7a783 lw               x15, 28(x15)        x15=3fc90fdb x15:1c000000  PA:1c00001c
14172802ns          247290 1c0087a6 a0f517d3 flt.s            x15, f10, f15       x15=00000000 f10:406b9e88 f15:3fc90fdb
14172822ns          247291 1c0087aa 02079563 bne              x15, x0, 42         x15:00000000
14172842ns          247292 1c0087ac 1c0007b7 lui              x15, 0x1c000000     x15=1c000000
14172862ns          247293 1c0087b0 1007a783 lw               x15, 256(x15)       x15=40490fdb x15:1c000000  PA:1c000100
14173180ns          247309 1c0087b4 a0f51753 flt.s            x14, f10, f15       x14=00000000 f10:406b9e88 f15:40490fdb
14173200ns          247310 1c0087b8 06071f63 bne              x14, x0, 126        x14:00000000
14173220ns          247311 1c0087ba 1c000737 lui              x14, 0x1c000000     x14=1c000000
14173240ns          247312 1c0087be 14072703 lw               x14, 320(x14)       x14=4096cbe4 x14:1c000000  PA:1c000140
14173558ns          247328 1c0087c2 a0e51753 flt.s            x14, f10, f14       x14=00000001 f10:406b9e88 f14:4096cbe4
14173578ns          247329 1c0087c6 0a071b63 bne              x14, x0, 182        x14:00000001
14173638ns          247332 1c00887c 08f57553 fsub.s           f10, f10, f15       f10=xxxxxxxx f10:406b9e88 f15:40490fdb
14173658ns          247333 1c008880 fbbff06f jal              x0, -70            
14173717ns          247336 1c00883a 10a57553 fmul.s           f10, f10, f10       f10=xxxxxxxx f10:3f0a3ab4 f10:3f0a3ab4
14173737ns          247337 1c00883e 1c0007b7 lui              x15, 0x1c000000     x15=1c000000
14173757ns          247338 1c008842 1c000737 lui              x14, 0x1c000000     x14=1c000000
14173777ns          247339 1c008846 13472703 lw               x14, 308(x14)       x14=bab59551 x14:1c000000  PA:1c000134
14174075ns          247354 1c00884a 1307a783 lw               x15, 304(x15)       x15=37c23ab1 x15:1c000000  PA:1c000130
14174393ns          247370 1c00884e 70f577c3 fmadd.s          f15, f10, f15, f14  f15=xxxxxxxx f10:3e9546af f15:37c23ab1 f14:bab59551
14174413ns          247371 1c008852 1c000737 lui              x14, 0x1c000000     x14=1c000000
14174433ns          247372 1c008856 13872703 lw               x14, 312(x14)       x14=3d2aa76f x14:1c000000  PA:1c000138
14174791ns          247390 1c00885a 70f577c3 fmadd.s          f15, f10, f15, f14  f15=xxxxxxxx f10:3e9546af f15:bab4b2cd f14:3d2aa76f
14174811ns          247391 1c00885e 1c000737 lui              x14, 0x1c000000     x14=1c000000
14174831ns          247392 1c008862 13c72703 lw               x14, 316(x14)       x14=beffffe0 x14:1c000000  PA:1c00013c
14175169ns          247409 1c008866 70f577c3 fmadd.s          f15, f10, f15, f14  f15=xxxxxxxx f10:3e9546af f15:3d2901f7 f14:beffffe0
14175189ns          247410 1c00886a 1c000737 lui              x14, 0x1c000000     x14=1c000000
14175209ns          247411 1c00886e 16872703 lw               x14, 360(x14)       x14=3f7fffff x14:1c000000  PA:1c000168
14175527ns          247427 1c008872 70f57543 fmadd.s          f10, f10, f15, f14  f10=xxxxxxxx f10:3e9546af f15:bef9d713 f14:3f7fffff
14175547ns          247428 1c008876 20a51553 fsgnjn.s         f10, f10, f10       f10=xxxxxxxx f10:3f5b9435 f10:3f5b9435
14175567ns          247429 1c00887a 00008067 jalr             x0, x1, 0            x1:1c0081de
14175627ns          247432 1c0081de 016a7a53 fadd.s           f20, f20, f22       f20=xxxxxxxx f20:40a8133b f22:3efd2311
14175647ns          247433 1c0081e2 10acf553 fmul.s           f10, f25, f10       f10=xxxxxxxx f25:3f800000 f10:bf5b9435
14175666ns          247434 1c0081e6 a14a97d3 flt.s            x15, f21, f20       x15=00000000 f21:40c90fdb f20:40b7e56c
14175686ns          247435 1c0081ea 00a4222b p.sw             x10, 4(x8!)          x8=10001e9c x10:bf5b9435  x8:10001e98  PA:10001e98
14175706ns          247436 1c0081ee 00078363 beq              x15, x0, 6          x15:00000000
14175766ns          247439 1c0081f4 ff7412e3 bne              x8, x23, -28         x8:10001e9c x23:10001fc8
14175826ns          247442 1c0081d8 094c7553 fsub.s           f10, f24, f20       f10=xxxxxxxx f24:3fc90fdb f20:40b7e56c
14175846ns          247443 1c0081dc 57c000ef jal              x1, 1404             x1=1c0081de
14175885ns          247445 1c008758 a0a527d3 feq.s            x15, f10, f10       x15=00000001 f10:c085a175 f10:c085a175
14175905ns          247446 1c00875c 0a078b63 beq              x15, x0, 182        x15:00000001
14175925ns          247447 1c00875e e00517d3 fclass.s         x15, f10            x15=00000002 f10:c085a175
14175945ns          247448 1c008762 0817f793 andi             x15, x15, 129       x15=00000000 x15:00000002
14175965ns          247449 1c008766 0a079663 bne              x15, x0, 172        x15:00000000
14175985ns          247450 1c008768 00000793 addi             x15, x0, 0          x15=00000000
14176005ns          247451 1c00876c a0f517d3 flt.s            x15, f10, f15       x15=00000001 f10:c085a175 f15:00000000
14176025ns          247452 1c008770 0a079663 bne              x15, x0, 172        x15:00000001
14176084ns          247455 1c00881c 1c0007b7 lui              x15, 0x1c000000     x15=1c000000
14176104ns          247456 1c008820 12c7a783 lw               x15, 300(x15)       x15=c0c90fdb x15:1c000000  PA:1c00012c
14176422ns          247472 1c008824 a0f517d3 flt.s            x15, f10, f15       x15=00000000 f10:c085a175 f15:c0c90fdb
14176442ns          247473 1c008828 00078463 beq              x15, x0, 8          x15:00000000
14176502ns          247476 1c008830 20a51553 fsgnjn.s         f10, f10, f10       f10=xxxxxxxx f10:c085a175 f10:c085a175
14176522ns          247477 1c008834 f6bff06f jal              x0, -150           
14176581ns          247480 1c00879e 1c0007b7 lui              x15, 0x1c000000     x15=1c000000
14176601ns          247481 1c0087a2 01c7a783 lw               x15, 28(x15)        x15=3fc90fdb x15:1c000000  PA:1c00001c
14176920ns          247497 1c0087a6 a0f517d3 flt.s            x15, f10, f15       x15=00000000 f10:4085a175 f15:3fc90fdb
14176940ns          247498 1c0087aa 02079563 bne              x15, x0, 42         x15:00000000
14176959ns          247499 1c0087ac 1c0007b7 lui              x15, 0x1c000000     x15=1c000000
14176979ns          247500 1c0087b0 1007a783 lw               x15, 256(x15)       x15=40490fdb x15:1c000000  PA:1c000100
14177337ns          247518 1c0087b4 a0f51753 flt.s            x14, f10, f15       x14=00000000 f10:4085a175 f15:40490fdb
14177357ns          247519 1c0087b8 06071f63 bne              x14, x0, 126        x14:00000000
14177377ns          247520 1c0087ba 1c000737 lui              x14, 0x1c000000     x14=1c000000
14177397ns          247521 1c0087be 14072703 lw               x14, 320(x14)       x14=4096cbe4 x14:1c000000  PA:1c000140
14177715ns          247537 1c0087c2 a0e51753 flt.s            x14, f10, f14       x14=00000001 f10:4085a175 f14:4096cbe4
14177735ns          247538 1c0087c6 0a071b63 bne              x14, x0, 182        x14:00000001
14177795ns          247541 1c00887c 08f57553 fsub.s           f10, f10, f15       f10=xxxxxxxx f10:4085a175 f15:40490fdb
14177815ns          247542 1c008880 fbbff06f jal              x0, -70            
14177874ns          247545 1c00883a 10a57553 fmul.s           f10, f10, f10       f10=xxxxxxxx f10:3f84661e f10:3f84661e
14177894ns          247546 1c00883e 1c0007b7 lui              x15, 0x1c000000     x15=1c000000
14177914ns          247547 1c008842 1c000737 lui              x14, 0x1c000000     x14=1c000000
14177934ns          247548 1c008846 13472703 lw               x14, 308(x14)       x14=bab59551 x14:1c000000  PA:1c000134
14178232ns          247563 1c00884a 1307a783 lw               x15, 304(x15)       x15=37c23ab1 x15:1c000000  PA:1c000130
14178551ns          247579 1c00884e 70f577c3 fmadd.s          f15, f10, f15, f14  f15=xxxxxxxx f10:3f88f2ef f15:37c23ab1 f14:bab59551
14178571ns          247580 1c008852 1c000737 lui              x14, 0x1c000000     x14=1c000000
14178590ns          247581 1c008856 13872703 lw               x14, 312(x14)       x14=3d2aa76f x14:1c000000  PA:1c000138
14178929ns          247598 1c00885a 70f577c3 fmadd.s          f15, f10, f15, f14  f15=xxxxxxxx f10:3f88f2ef f15:bab25615 f14:3d2aa76f
14178948ns          247599 1c00885e 1c000737 lui              x14, 0x1c000000     x14=1c000000
14178968ns          247600 1c008862 13c72703 lw               x14, 316(x14)       x14=beffffe0 x14:1c000000  PA:1c00013c
14179287ns          247616 1c008866 70f577c3 fmadd.s          f15, f10, f15, f14  f15=xxxxxxxx f10:3f88f2ef f15:3d24b100 f14:beffffe0
14179307ns          247617 1c00886a 1c000737 lui              x14, 0x1c000000     x14=1c000000
14179326ns          247618 1c00886e 16872703 lw               x14, 360(x14)       x14=3f7fffff x14:1c000000  PA:1c000168
14179645ns          247634 1c008872 70f57543 fmadd.s          f10, f10, f15, f14  f10=xxxxxxxx f10:3f88f2ef f15:bee9f94c f14:3f7fffff
14179665ns          247635 1c008876 20a51553 fsgnjn.s         f10, f10, f10       f10=xxxxxxxx f10:3f02d587 f10:3f02d587
14179684ns          247636 1c00887a 00008067 jalr             x0, x1, 0            x1:1c0081de
14179744ns          247639 1c0081de 016a7a53 fadd.s           f20, f20, f22       f20=xxxxxxxx f20:40b7e56c f22:3efd2311
14179764ns          247640 1c0081e2 10acf553 fmul.s           f10, f25, f10       f10=xxxxxxxx f25:3f800000 f10:bf02d587
14179784ns          247641 1c0081e6 a14a97d3 flt.s            x15, f21, f20       x15=00000000 f21:40c90fdb f20:40c7b79d
14179804ns          247642 1c0081ea 00a4222b p.sw             x10, 4(x8!)          x8=10001ea0 x10:bf02d587  x8:10001e9c  PA:10001e9c
14179824ns          247643 1c0081ee 00078363 beq              x15, x0, 6          x15:00000000
14179883ns          247646 1c0081f4 ff7412e3 bne              x8, x23, -28         x8:10001ea0 x23:10001fc8
14179943ns          247649 1c0081d8 094c7553 fsub.s           f10, f24, f20       f10=xxxxxxxx f24:3fc90fdb f20:40c7b79d
14179963ns          247650 1c0081dc 57c000ef jal              x1, 1404             x1=1c0081de
14180003ns          247652 1c008758 a0a527d3 feq.s            x15, f10, f10       x15=00000001 f10:c09573a6 f10:c09573a6
14180023ns          247653 1c00875c 0a078b63 beq              x15, x0, 182        x15:00000001
14180042ns          247654 1c00875e e00517d3 fclass.s         x15, f10            x15=00000002 f10:c09573a6
14180062ns          247655 1c008762 0817f793 andi             x15, x15, 129       x15=00000000 x15:00000002
14180082ns          247656 1c008766 0a079663 bne              x15, x0, 172        x15:00000000
14180102ns          247657 1c008768 00000793 addi             x15, x0, 0          x15=00000000
14180122ns          247658 1c00876c a0f517d3 flt.s            x15, f10, f15       x15=00000001 f10:c09573a6 f15:00000000
14180142ns          247659 1c008770 0a079663 bne              x15, x0, 172        x15:00000001
14180202ns          247662 1c00881c 1c0007b7 lui              x15, 0x1c000000     x15=1c000000
14180221ns          247663 1c008820 12c7a783 lw               x15, 300(x15)       x15=c0c90fdb x15:1c000000  PA:1c00012c
14180540ns          247679 1c008824 a0f517d3 flt.s            x15, f10, f15       x15=00000000 f10:c09573a6 f15:c0c90fdb
14180560ns          247680 1c008828 00078463 beq              x15, x0, 8          x15:00000000
14180619ns          247683 1c008830 20a51553 fsgnjn.s         f10, f10, f10       f10=xxxxxxxx f10:c09573a6 f10:c09573a6
14180639ns          247684 1c008834 f6bff06f jal              x0, -150           
14180699ns          247687 1c00879e 1c0007b7 lui              x15, 0x1c000000     x15=1c000000
14180719ns          247688 1c0087a2 01c7a783 lw               x15, 28(x15)        x15=3fc90fdb x15:1c000000  PA:1c00001c
14181037ns          247704 1c0087a6 a0f517d3 flt.s            x15, f10, f15       x15=00000000 f10:409573a6 f15:3fc90fdb
14181057ns          247705 1c0087aa 02079563 bne              x15, x0, 42         x15:00000000
14181077ns          247706 1c0087ac 1c0007b7 lui              x15, 0x1c000000     x15=1c000000
14181097ns          247707 1c0087b0 1007a783 lw               x15, 256(x15)       x15=40490fdb x15:1c000000  PA:1c000100
14181455ns          247725 1c0087b4 a0f51753 flt.s            x14, f10, f15       x14=00000000 f10:409573a6 f15:40490fdb
14181475ns          247726 1c0087b8 06071f63 bne              x14, x0, 126        x14:00000000
14181494ns          247727 1c0087ba 1c000737 lui              x14, 0x1c000000     x14=1c000000
14181514ns          247728 1c0087be 14072703 lw               x14, 320(x14)       x14=4096cbe4 x14:1c000000  PA:1c000140
14181853ns          247745 1c0087c2 a0e51753 flt.s            x14, f10, f14       x14=00000001 f10:409573a6 f14:4096cbe4
14181872ns          247746 1c0087c6 0a071b63 bne              x14, x0, 182        x14:00000001
14181932ns          247749 1c00887c 08f57553 fsub.s           f10, f10, f15       f10=xxxxxxxx f10:409573a6 f15:40490fdb
14181952ns          247750 1c008880 fbbff06f jal              x0, -70            
14182012ns          247753 1c00883a 10a57553 fmul.s           f10, f10, f10       f10=xxxxxxxx f10:3fc3aee2 f10:3fc3aee2
14182032ns          247754 1c00883e 1c0007b7 lui              x15, 0x1c000000     x15=1c000000
14182051ns          247755 1c008842 1c000737 lui              x14, 0x1c000000     x14=1c000000
14182071ns          247756 1c008846 13472703 lw               x14, 308(x14)       x14=bab59551 x14:1c000000  PA:1c000134
14182370ns          247771 1c00884a 1307a783 lw               x15, 304(x15)       x15=37c23ab1 x15:1c000000  PA:1c000130
14182708ns          247788 1c00884e 70f577c3 fmadd.s          f15, f10, f15, f14  f15=xxxxxxxx f10:401593e4 f15:37c23ab1 f14:bab59551
14182728ns          247789 1c008852 1c000737 lui              x14, 0x1c000000     x14=1c000000
14182748ns          247790 1c008856 13872703 lw               x14, 312(x14)       x14=3d2aa76f x14:1c000000  PA:1c000138
14183086ns          247807 1c00885a 70f577c3 fmadd.s          f15, f10, f15, f14  f15=xxxxxxxx f10:401593e4 f15:baae7d8b f14:3d2aa76f
14183106ns          247808 1c00885e 1c000737 lui              x14, 0x1c000000     x14=1c000000
14183126ns          247809 1c008862 13c72703 lw               x14, 316(x14)       x14=beffffe0 x14:1c000000  PA:1c00013c
14183444ns          247825 1c008866 70f577c3 fmadd.s          f15, f10, f15, f14  f15=xxxxxxxx f10:401593e4 f15:3d1de8f3 f14:beffffe0
14183464ns          247826 1c00886a 1c000737 lui              x14, 0x1c000000     x14=1c000000
14183484ns          247827 1c00886e 16872703 lw               x14, 360(x14)       x14=3f7fffff x14:1c000000  PA:1c000168
14183802ns          247843 1c008872 70f57543 fmadd.s          f10, f10, f15, f14  f10=xxxxxxxx f10:401593e4 f15:bed1ddf9 f14:3f7fffff
14183822ns          247844 1c008876 20a51553 fsgnjn.s         f10, f10, f10       f10=xxxxxxxx f10:3d2c1206 f10:3d2c1206
14183842ns          247845 1c00887a 00008067 jalr             x0, x1, 0            x1:1c0081de
14183901ns          247848 1c0081de 016a7a53 fadd.s           f20, f20, f22       f20=xxxxxxxx f20:40c7b79d f22:3efd2311
14183921ns          247849 1c0081e2 10acf553 fmul.s           f10, f25, f10       f10=xxxxxxxx f25:3f800000 f10:bd2c1206
14183941ns          247850 1c0081e6 a14a97d3 flt.s            x15, f21, f20       x15=00000001 f21:40c90fdb f20:40d789ce
14183961ns          247851 1c0081ea 00a4222b p.sw             x10, 4(x8!)          x8=10001ea4 x10:bd2c1206  x8:10001ea0  PA:10001ea0
14183981ns          247852 1c0081ee 00078363 beq              x15, x0, 6          x15:00000001
14184001ns          247853 1c0081f0 095a7a53 fsub.s           f20, f20, f21       f20=xxxxxxxx f20:40d789ce f21:40c90fdb
14184021ns          247854 1c0081f4 ff7412e3 bne              x8, x23, -28         x8:10001ea4 x23:10001fc8
14184080ns          247857 1c0081d8 094c7553 fsub.s           f10, f24, f20       f10=xxxxxxxx f24:3fc90fdb f20:3ee79f30
14184100ns          247858 1c0081dc 57c000ef jal              x1, 1404             x1=1c0081de
14184140ns          247860 1c008758 a0a527d3 feq.s            x15, f10, f10       x15=00000001 f10:3f8f280f f10:3f8f280f
14184160ns          247861 1c00875c 0a078b63 beq              x15, x0, 182        x15:00000001
14184180ns          247862 1c00875e e00517d3 fclass.s         x15, f10            x15=00000040 f10:3f8f280f
14184200ns          247863 1c008762 0817f793 andi             x15, x15, 129       x15=00000000 x15:00000040
14184220ns          247864 1c008766 0a079663 bne              x15, x0, 172        x15:00000000
14184239ns          247865 1c008768 00000793 addi             x15, x0, 0          x15=00000000
14184259ns          247866 1c00876c a0f517d3 flt.s            x15, f10, f15       x15=00000000 f10:3f8f280f f15:00000000
14184279ns          247867 1c008770 0a079663 bne              x15, x0, 172        x15:00000000
14184299ns          247868 1c008772 1c000737 lui              x14, 0x1c000000     x14=1c000000
14184319ns          247869 1c008776 02072783 lw               x15, 32(x14)        x15=40c90fdb x14:1c000000  PA:1c000020
14184637ns          247885 1c00877a a0a797d3 flt.s            x15, f15, f10       x15=00000000 f15:40c90fdb f10:3f8f280f
14184657ns          247886 1c00877e 00078b63 beq              x15, x0, 22         x15:00000000
14184717ns          247889 1c008794 00000793 addi             x15, x0, 0          x15=00000000
14184737ns          247890 1c008798 a0f517d3 flt.s            x15, f10, f15       x15=00000000 f10:3f8f280f f15:00000000
14184757ns          247891 1c00879c 08079a63 bne              x15, x0, 148        x15:00000000
14184776ns          247892 1c00879e 1c0007b7 lui              x15, 0x1c000000     x15=1c000000
14184796ns          247893 1c0087a2 01c7a783 lw               x15, 28(x15)        x15=3fc90fdb x15:1c000000  PA:1c00001c
14185115ns          247909 1c0087a6 a0f517d3 flt.s            x15, f10, f15       x15=00000001 f10:3f8f280f f15:3fc90fdb
14185134ns          247910 1c0087aa 02079563 bne              x15, x0, 42         x15:00000001
14185194ns          247913 1c0087d4 10a57553 fmul.s           f10, f10, f10       f10=xxxxxxxx f10:3f8f280f f10:3f8f280f
14185214ns          247914 1c0087d8 1c0007b7 lui              x15, 0x1c000000     x15=1c000000
14185234ns          247915 1c0087dc 1c000737 lui              x14, 0x1c000000     x14=1c000000
14185254ns          247916 1c0087e0 13472703 lw               x14, 308(x14)       x14=bab59551 x14:1c000000  PA:1c000134
14185552ns          247931 1c0087e4 1307a783 lw               x15, 304(x15)       x15=37c23ab1 x15:1c000000  PA:1c000130
14185870ns          247947 1c0087e8 70f577c3 fmadd.s          f15, f10, f15, f14  f15=xxxxxxxx f10:3fa01b8e f15:37c23ab1 f14:bab59551
14185890ns          247948 1c0087ec 1c000737 lui              x14, 0x1c000000     x14=1c000000
14185910ns          247949 1c0087f0 13872703 lw               x14, 312(x14)       x14=3d2aa76f x14:1c000000  PA:1c000138
14186248ns          247966 1c0087f4 70f577c3 fmadd.s          f15, f10, f15, f14  f15=xxxxxxxx f10:3fa01b8e f15:bab1c984 f14:3d2aa76f
14186268ns          247967 1c0087f8 1c000737 lui              x14, 0x1c000000     x14=1c000000
14186288ns          247968 1c0087fc 13c72703 lw               x14, 316(x14)       x14=beffffe0 x14:1c000000  PA:1c00013c
14186606ns          247984 1c008800 70f577c3 fmadd.s          f15, f10, f15, f14  f15=xxxxxxxx f10:3fa01b8e f15:3d23b45e f14:beffffe0
14186626ns          247985 1c008804 1c000737 lui              x14, 0x1c000000     x14=1c000000
14186646ns          247986 1c008808 16872703 lw               x14, 360(x14)       x14=3f7fffff x14:1c000000  PA:1c000168
14186964ns          248002 1c00880c 70f57543 fmadd.s          f10, f10, f15, f14  f10=xxxxxxxx f10:3fa01b8e f15:bee6674a f14:3f7fffff
14186984ns          248003 1c008810 00008067 jalr             x0, x1, 0            x1:1c0081de
14187044ns          248006 1c0081de 016a7a53 fadd.s           f20, f20, f22       f20=xxxxxxxx f20:3ee79f30 f22:3efd2311
14187064ns          248007 1c0081e2 10acf553 fmul.s           f10, f25, f10       f10=xxxxxxxx f25:3f800000 f10:3edfcd48
14187084ns          248008 1c0081e6 a14a97d3 flt.s            x15, f21, f20       x15=00000000 f21:40c90fdb f20:3f726120
14187104ns          248009 1c0081ea 00a4222b p.sw             x10, 4(x8!)          x8=10001ea8 x10:3edfcd48  x8:10001ea4  PA:10001ea4
14187124ns          248010 1c0081ee 00078363 beq              x15, x0, 6          x15:00000000
14187183ns          248013 1c0081f4 ff7412e3 bne              x8, x23, -28         x8:10001ea8 x23:10001fc8
14187243ns          248016 1c0081d8 094c7553 fsub.s           f10, f24, f20       f10=xxxxxxxx f24:3fc90fdb f20:3f726120
14187263ns          248017 1c0081dc 57c000ef jal              x1, 1404             x1=1c0081de
14187303ns          248019 1c008758 a0a527d3 feq.s            x15, f10, f10       x15=00000001 f10:3f1fbe96 f10:3f1fbe96
14187322ns          248020 1c00875c 0a078b63 beq              x15, x0, 182        x15:00000001
14187342ns          248021 1c00875e e00517d3 fclass.s         x15, f10            x15=00000040 f10:3f1fbe96
14187362ns          248022 1c008762 0817f793 andi             x15, x15, 129       x15=00000000 x15:00000040
14187382ns          248023 1c008766 0a079663 bne              x15, x0, 172        x15:00000000
14187402ns          248024 1c008768 00000793 addi             x15, x0, 0          x15=00000000
14187422ns          248025 1c00876c a0f517d3 flt.s            x15, f10, f15       x15=00000000 f10:3f1fbe96 f15:00000000
14187442ns          248026 1c008770 0a079663 bne              x15, x0, 172        x15:00000000
14187462ns          248027 1c008772 1c000737 lui              x14, 0x1c000000     x14=1c000000
14187482ns          248028 1c008776 02072783 lw               x15, 32(x14)        x15=40c90fdb x14:1c000000  PA:1c000020
14187800ns          248044 1c00877a a0a797d3 flt.s            x15, f15, f10       x15=00000000 f15:40c90fdb f10:3f1fbe96
14187820ns          248045 1c00877e 00078b63 beq              x15, x0, 22         x15:00000000
14187879ns          248048 1c008794 00000793 addi             x15, x0, 0          x15=00000000
14187899ns          248049 1c008798 a0f517d3 flt.s            x15, f10, f15       x15=00000000 f10:3f1fbe96 f15:00000000
14187919ns          248050 1c00879c 08079a63 bne              x15, x0, 148        x15:00000000
14187939ns          248051 1c00879e 1c0007b7 lui              x15, 0x1c000000     x15=1c000000
14187959ns          248052 1c0087a2 01c7a783 lw               x15, 28(x15)        x15=3fc90fdb x15:1c000000  PA:1c00001c
14188277ns          248068 1c0087a6 a0f517d3 flt.s            x15, f10, f15       x15=00000001 f10:3f1fbe96 f15:3fc90fdb
14188297ns          248069 1c0087aa 02079563 bne              x15, x0, 42         x15:00000001
14188357ns          248072 1c0087d4 10a57553 fmul.s           f10, f10, f10       f10=xxxxxxxx f10:3f1fbe96 f10:3f1fbe96
14188377ns          248073 1c0087d8 1c0007b7 lui              x15, 0x1c000000     x15=1c000000
14188397ns          248074 1c0087dc 1c000737 lui              x14, 0x1c000000     x14=1c000000
14188416ns          248075 1c0087e0 13472703 lw               x14, 308(x14)       x14=bab59551 x14:1c000000  PA:1c000134
14188715ns          248090 1c0087e4 1307a783 lw               x15, 304(x15)       x15=37c23ab1 x15:1c000000  PA:1c000130
14189033ns          248106 1c0087e8 70f577c3 fmadd.s          f15, f10, f15, f14  f15=xxxxxxxx f10:3ec75c98 f15:37c23ab1 f14:bab59551
14189053ns          248107 1c0087ec 1c000737 lui              x14, 0x1c000000     x14=1c000000
14189073ns          248108 1c0087f0 13872703 lw               x14, 312(x14)       x14=3d2aa76f x14:1c000000  PA:1c000138
14189431ns          248126 1c0087f4 70f577c3 fmadd.s          f15, f10, f15, f14  f15=xxxxxxxx f10:3ec75c98 f15:bab466cd f14:3d2aa76f
14189451ns          248127 1c0087f8 1c000737 lui              x14, 0x1c000000     x14=1c000000
14189471ns          248128 1c0087fc 13c72703 lw               x14, 316(x14)       x14=beffffe0 x14:1c000000  PA:1c00013c
14189789ns          248144 1c008800 70f577c3 fmadd.s          f15, f10, f15, f14  f15=xxxxxxxx f10:3ec75c98 f15:3d28757a f14:beffffe0
14189809ns          248145 1c008804 1c000737 lui              x14, 0x1c000000     x14=1c000000
14189829ns          248146 1c008808 16872703 lw               x14, 360(x14)       x14=3f7fffff x14:1c000000  PA:1c000168
14190147ns          248162 1c00880c 70f57543 fmadd.s          f10, f10, f15, f14  f10=xxxxxxxx f10:3ec75c98 f15:bef7ccdc f14:3f7fffff
14190167ns          248163 1c008810 00008067 jalr             x0, x1, 0            x1:1c0081de
14190227ns          248166 1c0081de 016a7a53 fadd.s           f20, f20, f22       f20=xxxxxxxx f20:3f726120 f22:3efd2311
14190246ns          248167 1c0081e2 10acf553 fmul.s           f10, f25, f10       f10=xxxxxxxx f25:3f800000 f10:3f4fc187
14190266ns          248168 1c0081e6 a14a97d3 flt.s            x15, f21, f20       x15=00000000 f21:40c90fdb f20:3fb87954
14190286ns          248169 1c0081ea 00a4222b p.sw             x10, 4(x8!)          x8=10001eac x10:3f4fc187  x8:10001ea8  PA:10001ea8
14190306ns          248170 1c0081ee 00078363 beq              x15, x0, 6          x15:00000000
14190366ns          248173 1c0081f4 ff7412e3 bne              x8, x23, -28         x8:10001eac x23:10001fc8
14190425ns          248176 1c0081d8 094c7553 fsub.s           f10, f24, f20       f10=xxxxxxxx f24:3fc90fdb f20:3fb87954
14190445ns          248177 1c0081dc 57c000ef jal              x1, 1404             x1=1c0081de
14190485ns          248179 1c008758 a0a527d3 feq.s            x15, f10, f10       x15=00000001 f10:3e04b438 f10:3e04b438
14190505ns          248180 1c00875c 0a078b63 beq              x15, x0, 182        x15:00000001
14190525ns          248181 1c00875e e00517d3 fclass.s         x15, f10            x15=00000040 f10:3e04b438
14190545ns          248182 1c008762 0817f793 andi             x15, x15, 129       x15=00000000 x15:00000040
14190565ns          248183 1c008766 0a079663 bne              x15, x0, 172        x15:00000000
14190585ns          248184 1c008768 00000793 addi             x15, x0, 0          x15=00000000
14190604ns          248185 1c00876c a0f517d3 flt.s            x15, f10, f15       x15=00000000 f10:3e04b438 f15:00000000
14190624ns          248186 1c008770 0a079663 bne              x15, x0, 172        x15:00000000
14190644ns          248187 1c008772 1c000737 lui              x14, 0x1c000000     x14=1c000000
14190664ns          248188 1c008776 02072783 lw               x15, 32(x14)        x15=40c90fdb x14:1c000000  PA:1c000020
14190982ns          248204 1c00877a a0a797d3 flt.s            x15, f15, f10       x15=00000000 f15:40c90fdb f10:3e04b438
14191002ns          248205 1c00877e 00078b63 beq              x15, x0, 22         x15:00000000
14191062ns          248208 1c008794 00000793 addi             x15, x0, 0          x15=00000000
14191082ns          248209 1c008798 a0f517d3 flt.s            x15, f10, f15       x15=00000000 f10:3e04b438 f15:00000000
14191102ns          248210 1c00879c 08079a63 bne              x15, x0, 148        x15:00000000
14191122ns          248211 1c00879e 1c0007b7 lui              x15, 0x1c000000     x15=1c000000
14191142ns          248212 1c0087a2 01c7a783 lw               x15, 28(x15)        x15=3fc90fdb x15:1c000000  PA:1c00001c
14191460ns          248228 1c0087a6 a0f517d3 flt.s            x15, f10, f15       x15=00000001 f10:3e04b438 f15:3fc90fdb
14191480ns          248229 1c0087aa 02079563 bne              x15, x0, 42         x15:00000001
14191539ns          248232 1c0087d4 10a57553 fmul.s           f10, f10, f10       f10=xxxxxxxx f10:3e04b438 f10:3e04b438
14191559ns          248233 1c0087d8 1c0007b7 lui              x15, 0x1c000000     x15=1c000000
14191579ns          248234 1c0087dc 1c000737 lui              x14, 0x1c000000     x14=1c000000
14191599ns          248235 1c0087e0 13472703 lw               x14, 308(x14)       x14=bab59551 x14:1c000000  PA:1c000134
14191937ns          248252 1c0087e4 1307a783 lw               x15, 304(x15)       x15=37c23ab1 x15:1c000000  PA:1c000130
14192275ns          248269 1c0087e8 70f577c3 fmadd.s          f15, f10, f15, f14  f15=xxxxxxxx f10:3c8994b1 f15:37c23ab1 f14:bab59551
14192295ns          248270 1c0087ec 1c000737 lui              x14, 0x1c000000     x14=1c000000
14192315ns          248271 1c0087f0 13872703 lw               x14, 312(x14)       x14=3d2aa76f x14:1c000000  PA:1c000138
14192633ns          248287 1c0087f4 70f577c3 fmadd.s          f15, f10, f15, f14  f15=xxxxxxxx f10:3c8994b1 f15:bab58845 f14:3d2aa76f
14192653ns          248288 1c0087f8 1c000737 lui              x14, 0x1c000000     x14=1c000000
14192673ns          248289 1c0087fc 13c72703 lw               x14, 316(x14)       x14=beffffe0 x14:1c000000  PA:1c00013c
14192991ns          248305 1c008800 70f577c3 fmadd.s          f15, f10, f15, f14  f15=xxxxxxxx f10:3c8994b1 f15:3d2a8f0b f14:beffffe0
14193011ns          248306 1c008804 1c000737 lui              x14, 0x1c000000     x14=1c000000
14193031ns          248307 1c008808 16872703 lw               x14, 360(x14)       x14=3f7fffff x14:1c000000  PA:1c000168
14193389ns          248325 1c00880c 70f57543 fmadd.s          f10, f10, f15, f14  f10=xxxxxxxx f10:3c8994b1 f15:beffa436 f14:3f7fffff
14193409ns          248326 1c008810 00008067 jalr             x0, x1, 0            x1:1c0081de
14193469ns          248329 1c0081de 016a7a53 fadd.s           f20, f20, f22       f20=xxxxxxxx f20:3fb87954 f22:3efd2311
14193489ns          248330 1c0081e2 10acf553 fmul.s           f10, f25, f10       f10=xxxxxxxx f25:3f800000 f10:3f7dda72
14193509ns          248331 1c0081e6 a14a97d3 flt.s            x15, f21, f20       x15=00000000 f21:40c90fdb f20:3ff7c218
14193528ns          248332 1c0081ea 00a4222b p.sw             x10, 4(x8!)          x8=10001eb0 x10:3f7dda72  x8:10001eac  PA:10001eac
14193548ns          248333 1c0081ee 00078363 beq              x15, x0, 6          x15:00000000
14193608ns          248336 1c0081f4 ff7412e3 bne              x8, x23, -28         x8:10001eb0 x23:10001fc8
14193668ns          248339 1c0081d8 094c7553 fsub.s           f10, f24, f20       f10=xxxxxxxx f24:3fc90fdb f20:3ff7c218
14193688ns          248340 1c0081dc 57c000ef jal              x1, 1404             x1=1c0081de
14193727ns          248342 1c008758 a0a527d3 feq.s            x15, f10, f10       x15=00000001 f10:bebac8f4 f10:bebac8f4
14193747ns          248343 1c00875c 0a078b63 beq              x15, x0, 182        x15:00000001
14193767ns          248344 1c00875e e00517d3 fclass.s         x15, f10            x15=00000002 f10:bebac8f4
14193787ns          248345 1c008762 0817f793 andi             x15, x15, 129       x15=00000000 x15:00000002
14193807ns          248346 1c008766 0a079663 bne              x15, x0, 172        x15:00000000
14193827ns          248347 1c008768 00000793 addi             x15, x0, 0          x15=00000000
14193847ns          248348 1c00876c a0f517d3 flt.s            x15, f10, f15       x15=00000001 f10:bebac8f4 f15:00000000
14193867ns          248349 1c008770 0a079663 bne              x15, x0, 172        x15:00000001
14193926ns          248352 1c00881c 1c0007b7 lui              x15, 0x1c000000     x15=1c000000
14193946ns          248353 1c008820 12c7a783 lw               x15, 300(x15)       x15=c0c90fdb x15:1c000000  PA:1c00012c
14194264ns          248369 1c008824 a0f517d3 flt.s            x15, f10, f15       x15=00000000 f10:bebac8f4 f15:c0c90fdb
14194284ns          248370 1c008828 00078463 beq              x15, x0, 8          x15:00000000
14194344ns          248373 1c008830 20a51553 fsgnjn.s         f10, f10, f10       f10=xxxxxxxx f10:bebac8f4 f10:bebac8f4
14194364ns          248374 1c008834 f6bff06f jal              x0, -150           
14194423ns          248377 1c00879e 1c0007b7 lui              x15, 0x1c000000     x15=1c000000
14194443ns          248378 1c0087a2 01c7a783 lw               x15, 28(x15)        x15=3fc90fdb x15:1c000000  PA:1c00001c
14194762ns          248394 1c0087a6 a0f517d3 flt.s            x15, f10, f15       x15=00000001 f10:3ebac8f4 f15:3fc90fdb
14194782ns          248395 1c0087aa 02079563 bne              x15, x0, 42         x15:00000001
14194841ns          248398 1c0087d4 10a57553 fmul.s           f10, f10, f10       f10=xxxxxxxx f10:3ebac8f4 f10:3ebac8f4
14194861ns          248399 1c0087d8 1c0007b7 lui              x15, 0x1c000000     x15=1c000000
14194881ns          248400 1c0087dc 1c000737 lui              x14, 0x1c000000     x14=1c000000
14194901ns          248401 1c0087e0 13472703 lw               x14, 308(x14)       x14=bab59551 x14:1c000000  PA:1c000134
14195199ns          248416 1c0087e4 1307a783 lw               x15, 304(x15)       x15=37c23ab1 x15:1c000000  PA:1c000130
14195517ns          248432 1c0087e8 70f577c3 fmadd.s          f15, f10, f15, f14  f15=xxxxxxxx f10:3e0848a0 f15:37c23ab1 f14:bab59551
14195537ns          248433 1c0087ec 1c000737 lui              x14, 0x1c000000     x14=1c000000
14195557ns          248434 1c0087f0 13872703 lw               x14, 312(x14)       x14=3d2aa76f x14:1c000000  PA:1c000138
14195915ns          248452 1c0087f4 70f577c3 fmadd.s          f15, f10, f15, f14  f15=xxxxxxxx f10:3e0848a0 f15:bab52deb f14:3d2aa76f
14195935ns          248453 1c0087f8 1c000737 lui              x14, 0x1c000000     x14=1c000000
14195955ns          248454 1c0087fc 13c72703 lw               x14, 316(x14)       x14=beffffe0 x14:1c000000  PA:1c00013c
14196293ns          248471 1c008800 70f577c3 fmadd.s          f15, f10, f15, f14  f15=xxxxxxxx f10:3e0848a0 f15:3d29e687 f14:beffffe0
14196313ns          248472 1c008804 1c000737 lui              x14, 0x1c000000     x14=1c000000
14196333ns          248473 1c008808 16872703 lw               x14, 360(x14)       x14=3f7fffff x14:1c000000  PA:1c000168
14196651ns          248489 1c00880c 70f57543 fmadd.s          f10, f10, f15, f14  f10=xxxxxxxx f10:3e0848a0 f15:befd2c4b f14:3f7fffff
14196671ns          248490 1c008810 00008067 jalr             x0, x1, 0            x1:1c0081de
14196731ns          248493 1c0081de 016a7a53 fadd.s           f20, f20, f22       f20=xxxxxxxx f20:3ff7c218 f22:3efd2311
14196751ns          248494 1c0081e2 10acf553 fmul.s           f10, f25, f10       f10=xxxxxxxx f25:3f800000 f10:3f6f2714
14196771ns          248495 1c0081e6 a14a97d3 flt.s            x15, f21, f20       x15=00000000 f21:40c90fdb f20:401b856e
14196790ns          248496 1c0081ea 00a4222b p.sw             x10, 4(x8!)          x8=10001eb4 x10:3f6f2714  x8:10001eb0  PA:10001eb0
14196810ns          248497 1c0081ee 00078363 beq              x15, x0, 6          x15:00000000
14196870ns          248500 1c0081f4 ff7412e3 bne              x8, x23, -28         x8:10001eb4 x23:10001fc8
14196930ns          248503 1c0081d8 094c7553 fsub.s           f10, f24, f20       f10=xxxxxxxx f24:3fc90fdb f20:401b856e
14196950ns          248504 1c0081dc 57c000ef jal              x1, 1404             x1=1c0081de
14196989ns          248506 1c008758 a0a527d3 feq.s            x15, f10, f10       x15=00000001 f10:bf5bf602 f10:bf5bf602
14197009ns          248507 1c00875c 0a078b63 beq              x15, x0, 182        x15:00000001
14197029ns          248508 1c00875e e00517d3 fclass.s         x15, f10            x15=00000002 f10:bf5bf602
14197049ns          248509 1c008762 0817f793 andi             x15, x15, 129       x15=00000000 x15:00000002
14197069ns          248510 1c008766 0a079663 bne              x15, x0, 172        x15:00000000
14197089ns          248511 1c008768 00000793 addi             x15, x0, 0          x15=00000000
14197109ns          248512 1c00876c a0f517d3 flt.s            x15, f10, f15       x15=00000001 f10:bf5bf602 f15:00000000
14197129ns          248513 1c008770 0a079663 bne              x15, x0, 172        x15:00000001
14197188ns          248516 1c00881c 1c0007b7 lui              x15, 0x1c000000     x15=1c000000
14197208ns          248517 1c008820 12c7a783 lw               x15, 300(x15)       x15=c0c90fdb x15:1c000000  PA:1c00012c
14197526ns          248533 1c008824 a0f517d3 flt.s            x15, f10, f15       x15=00000000 f10:bf5bf602 f15:c0c90fdb
14197546ns          248534 1c008828 00078463 beq              x15, x0, 8          x15:00000000
14197606ns          248537 1c008830 20a51553 fsgnjn.s         f10, f10, f10       f10=xxxxxxxx f10:bf5bf602 f10:bf5bf602
14197626ns          248538 1c008834 f6bff06f jal              x0, -150           
14197686ns          248541 1c00879e 1c0007b7 lui              x15, 0x1c000000     x15=1c000000
14197705ns          248542 1c0087a2 01c7a783 lw               x15, 28(x15)        x15=3fc90fdb x15:1c000000  PA:1c00001c
14198024ns          248558 1c0087a6 a0f517d3 flt.s            x15, f10, f15       x15=00000001 f10:3f5bf602 f15:3fc90fdb
14198044ns          248559 1c0087aa 02079563 bne              x15, x0, 42         x15:00000001
14198103ns          248562 1c0087d4 10a57553 fmul.s           f10, f10, f10       f10=xxxxxxxx f10:3f5bf602 f10:3f5bf602
14198123ns          248563 1c0087d8 1c0007b7 lui              x15, 0x1c000000     x15=1c000000
14198143ns          248564 1c0087dc 1c000737 lui              x14, 0x1c000000     x14=1c000000
14198163ns          248565 1c0087e0 13472703 lw               x14, 308(x14)       x14=bab59551 x14:1c000000  PA:1c000134
14198481ns          248581 1c0087e4 1307a783 lw               x15, 304(x15)       x15=37c23ab1 x15:1c000000  PA:1c000130
14198799ns          248597 1c0087e8 70f577c3 fmadd.s          f15, f10, f15, f14  f15=xxxxxxxx f10:3f3cfed4 f15:37c23ab1 f14:bab59551
14198819ns          248598 1c0087ec 1c000737 lui              x14, 0x1c000000     x14=1c000000
14198839ns          248599 1c0087f0 13872703 lw               x14, 312(x14)       x14=3d2aa76f x14:1c000000  PA:1c000138
14199157ns          248615 1c0087f4 70f577c3 fmadd.s          f15, f10, f15, f14  f15=xxxxxxxx f10:3f3cfed4 f15:bab357bf f14:3d2aa76f
14199177ns          248616 1c0087f8 1c000737 lui              x14, 0x1c000000     x14=1c000000
14199197ns          248617 1c0087fc 13c72703 lw               x14, 316(x14)       x14=beffffe0 x14:1c000000  PA:1c00013c
14199535ns          248634 1c008800 70f577c3 fmadd.s          f15, f10, f15, f14  f15=xxxxxxxx f10:3f3cfed4 f15:3d268437 f14:beffffe0
14199555ns          248635 1c008804 1c000737 lui              x14, 0x1c000000     x14=1c000000
14199575ns          248636 1c008808 16872703 lw               x14, 360(x14)       x14=3f7fffff x14:1c000000  PA:1c000168
14199893ns          248652 1c00880c 70f57543 fmadd.s          f10, f10, f15, f14  f10=xxxxxxxx f10:3f3cfed4 f15:bef0a205 f14:3f7fffff
14199913ns          248653 1c008810 00008067 jalr             x0, x1, 0            x1:1c0081de
14199973ns          248656 1c0081de 016a7a53 fadd.s           f20, f20, f22       f20=xxxxxxxx f20:401b856e f22:3efd2311
14199993ns          248657 1c0081e2 10acf553 fmul.s           f10, f25, f10       f10=xxxxxxxx f25:3f800000 f10:3f272cbd
14200013ns          248658 1c0081e6 a14a97d3 flt.s            x15, f21, f20       x15=00000000 f21:40c90fdb f20:403b29d0
14200033ns          248659 1c0081ea 00a4222b p.sw             x10, 4(x8!)          x8=10001eb8 x10:3f272cbd  x8:10001eb4  PA:10001eb4
14200053ns          248660 1c0081ee 00078363 beq              x15, x0, 6          x15:00000000
14200112ns          248663 1c0081f4 ff7412e3 bne              x8, x23, -28         x8:10001eb8 x23:10001fc8
14200172ns          248666 1c0081d8 094c7553 fsub.s           f10, f24, f20       f10=xxxxxxxx f24:3fc90fdb f20:403b29d0
14200192ns          248667 1c0081dc 57c000ef jal              x1, 1404             x1=1c0081de
14200232ns          248669 1c008758 a0a527d3 feq.s            x15, f10, f10       x15=00000001 f10:bfad43c5 f10:bfad43c5
14200251ns          248670 1c00875c 0a078b63 beq              x15, x0, 182        x15:00000001
14200271ns          248671 1c00875e e00517d3 fclass.s         x15, f10            x15=00000002 f10:bfad43c5
14200291ns          248672 1c008762 0817f793 andi             x15, x15, 129       x15=00000000 x15:00000002
14200311ns          248673 1c008766 0a079663 bne              x15, x0, 172        x15:00000000
14200331ns          248674 1c008768 00000793 addi             x15, x0, 0          x15=00000000
14200351ns          248675 1c00876c a0f517d3 flt.s            x15, f10, f15       x15=00000001 f10:bfad43c5 f15:00000000
14200371ns          248676 1c008770 0a079663 bne              x15, x0, 172        x15:00000001
14200430ns          248679 1c00881c 1c0007b7 lui              x15, 0x1c000000     x15=1c000000
14200450ns          248680 1c008820 12c7a783 lw               x15, 300(x15)       x15=c0c90fdb x15:1c000000  PA:1c00012c
14200769ns          248696 1c008824 a0f517d3 flt.s            x15, f10, f15       x15=00000000 f10:bfad43c5 f15:c0c90fdb
14200789ns          248697 1c008828 00078463 beq              x15, x0, 8          x15:00000000
14200848ns          248700 1c008830 20a51553 fsgnjn.s         f10, f10, f10       f10=xxxxxxxx f10:bfad43c5 f10:bfad43c5
14200868ns          248701 1c008834 f6bff06f jal              x0, -150           
14200928ns          248704 1c00879e 1c0007b7 lui              x15, 0x1c000000     x15=1c000000
14200948ns          248705 1c0087a2 01c7a783 lw               x15, 28(x15)        x15=3fc90fdb x15:1c000000  PA:1c00001c
14201306ns          248723 1c0087a6 a0f517d3 flt.s            x15, f10, f15       x15=00000001 f10:3fad43c5 f15:3fc90fdb
14201326ns          248724 1c0087aa 02079563 bne              x15, x0, 42         x15:00000001
14201385ns          248727 1c0087d4 10a57553 fmul.s           f10, f10, f10       f10=xxxxxxxx f10:3fad43c5 f10:3fad43c5
14201405ns          248728 1c0087d8 1c0007b7 lui              x15, 0x1c000000     x15=1c000000
14201425ns          248729 1c0087dc 1c000737 lui              x14, 0x1c000000     x14=1c000000
14201445ns          248730 1c0087e0 13472703 lw               x14, 308(x14)       x14=bab59551 x14:1c000000  PA:1c000134
14201743ns          248745 1c0087e4 1307a783 lw               x15, 304(x15)       x15=37c23ab1 x15:1c000000  PA:1c000130
14202062ns          248761 1c0087e8 70f577c3 fmadd.s          f15, f10, f15, f14  f15=xxxxxxxx f10:3fea8954 f15:37c23ab1 f14:bab59551
14202081ns          248762 1c0087ec 1c000737 lui              x14, 0x1c000000     x14=1c000000
14202101ns          248763 1c0087f0 13872703 lw               x14, 312(x14)       x14=3d2aa76f x14:1c000000  PA:1c000138
14202420ns          248779 1c0087f4 70f577c3 fmadd.s          f15, f10, f15, f14  f15=xxxxxxxx f10:3fea8954 f15:bab005c2 f14:3d2aa76f
14202439ns          248780 1c0087f8 1c000737 lui              x14, 0x1c000000     x14=1c000000
14202459ns          248781 1c0087fc 13c72703 lw               x14, 316(x14)       x14=beffffe0 x14:1c000000  PA:1c00013c
14202778ns          248797 1c008800 70f577c3 fmadd.s          f15, f10, f15, f14  f15=xxxxxxxx f10:3fea8954 f15:3d209334 f14:beffffe0
14202797ns          248798 1c008804 1c000737 lui              x14, 0x1c000000     x14=1c000000
14202817ns          248799 1c008808 16872703 lw               x14, 360(x14)       x14=3f7fffff x14:1c000000  PA:1c000168
14203156ns          248816 1c00880c 70f57543 fmadd.s          f10, f10, f15, f14  f10=xxxxxxxx f10:3fea8954 f15:bedb38b4 f14:3f7fffff
14203175ns          248817 1c008810 00008067 jalr             x0, x1, 0            x1:1c0081de
14203235ns          248820 1c0081de 016a7a53 fadd.s           f20, f20, f22       f20=xxxxxxxx f20:403b29d0 f22:3efd2311
14203255ns          248821 1c0081e2 10acf553 fmul.s           f10, f25, f10       f10=xxxxxxxx f25:3f800000 f10:3e5ca245
14203275ns          248822 1c0081e6 a14a97d3 flt.s            x15, f21, f20       x15=00000000 f21:40c90fdb f20:405ace32
14203295ns          248823 1c0081ea 00a4222b p.sw             x10, 4(x8!)          x8=10001ebc x10:3e5ca245  x8:10001eb8  PA:10001eb8
14203315ns          248824 1c0081ee 00078363 beq              x15, x0, 6          x15:00000000
14203374ns          248827 1c0081f4 ff7412e3 bne              x8, x23, -28         x8:10001ebc x23:10001fc8
14203434ns          248830 1c0081d8 094c7553 fsub.s           f10, f24, f20       f10=xxxxxxxx f24:3fc90fdb f20:405ace32
14203454ns          248831 1c0081dc 57c000ef jal              x1, 1404             x1=1c0081de
14203494ns          248833 1c008758 a0a527d3 feq.s            x15, f10, f10       x15=00000001 f10:bfec8c89 f10:bfec8c89
14203514ns          248834 1c00875c 0a078b63 beq              x15, x0, 182        x15:00000001
14203533ns          248835 1c00875e e00517d3 fclass.s         x15, f10            x15=00000002 f10:bfec8c89
14203553ns          248836 1c008762 0817f793 andi             x15, x15, 129       x15=00000000 x15:00000002
14203573ns          248837 1c008766 0a079663 bne              x15, x0, 172        x15:00000000
14203593ns          248838 1c008768 00000793 addi             x15, x0, 0          x15=00000000
14203613ns          248839 1c00876c a0f517d3 flt.s            x15, f10, f15       x15=00000001 f10:bfec8c89 f15:00000000
14203633ns          248840 1c008770 0a079663 bne              x15, x0, 172        x15:00000001
14203693ns          248843 1c00881c 1c0007b7 lui              x15, 0x1c000000     x15=1c000000
14203712ns          248844 1c008820 12c7a783 lw               x15, 300(x15)       x15=c0c90fdb x15:1c000000  PA:1c00012c
14204051ns          248861 1c008824 a0f517d3 flt.s            x15, f10, f15       x15=00000000 f10:bfec8c89 f15:c0c90fdb
14204070ns          248862 1c008828 00078463 beq              x15, x0, 8          x15:00000000
14204130ns          248865 1c008830 20a51553 fsgnjn.s         f10, f10, f10       f10=xxxxxxxx f10:bfec8c89 f10:bfec8c89
14204150ns          248866 1c008834 f6bff06f jal              x0, -150           
14204210ns          248869 1c00879e 1c0007b7 lui              x15, 0x1c000000     x15=1c000000
14204230ns          248870 1c0087a2 01c7a783 lw               x15, 28(x15)        x15=3fc90fdb x15:1c000000  PA:1c00001c
14204588ns          248888 1c0087a6 a0f517d3 flt.s            x15, f10, f15       x15=00000000 f10:3fec8c89 f15:3fc90fdb
14204608ns          248889 1c0087aa 02079563 bne              x15, x0, 42         x15:00000000
14204627ns          248890 1c0087ac 1c0007b7 lui              x15, 0x1c000000     x15=1c000000
14204647ns          248891 1c0087b0 1007a783 lw               x15, 256(x15)       x15=40490fdb x15:1c000000  PA:1c000100
14204966ns          248907 1c0087b4 a0f51753 flt.s            x14, f10, f15       x14=00000001 f10:3fec8c89 f15:40490fdb
14204985ns          248908 1c0087b8 06071f63 bne              x14, x0, 126        x14:00000001
14205065ns          248912 1c008836 08a7f553 fsub.s           f10, f15, f10       f10=xxxxxxxx f15:40490fdb f10:3fec8c89
14205085ns          248913 1c00883a 10a57553 fmul.s           f10, f10, f10       f10=xxxxxxxx f10:3fa5932d f10:3fa5932d
14205105ns          248914 1c00883e 1c0007b7 lui              x15, 0x1c000000     x15=1c000000
14205125ns          248915 1c008842 1c000737 lui              x14, 0x1c000000     x14=1c000000
14205145ns          248916 1c008846 13472703 lw               x14, 308(x14)       x14=bab59551 x14:1c000000  PA:1c000134
14205443ns          248931 1c00884a 1307a783 lw               x15, 304(x15)       x15=37c23ab1 x15:1c000000  PA:1c000130
14205761ns          248947 1c00884e 70f577c3 fmadd.s          f15, f10, f15, f14  f15=xxxxxxxx f10:3fd62e19 f15:37c23ab1 f14:bab59551
14205781ns          248948 1c008852 1c000737 lui              x14, 0x1c000000     x14=1c000000
14205801ns          248949 1c008856 13872703 lw               x14, 312(x14)       x14=3d2aa76f x14:1c000000  PA:1c000138
14206119ns          248965 1c00885a 70f577c3 fmadd.s          f15, f10, f15, f14  f15=xxxxxxxx f10:3fd62e19 f15:bab08151 f14:3d2aa76f
14206139ns          248966 1c00885e 1c000737 lui              x14, 0x1c000000     x14=1c000000
14206159ns          248967 1c008862 13c72703 lw               x14, 316(x14)       x14=beffffe0 x14:1c000000  PA:1c00013c
14206497ns          248984 1c008866 70f577c3 fmadd.s          f15, f10, f15, f14  f15=xxxxxxxx f10:3fd62e19 f15:3d216cb1 f14:beffffe0
14206517ns          248985 1c00886a 1c000737 lui              x14, 0x1c000000     x14=1c000000
14206537ns          248986 1c00886e 16872703 lw               x14, 360(x14)       x14=3f7fffff x14:1c000000  PA:1c000168
14206895ns          249004 1c008872 70f57543 fmadd.s          f10, f10, f15, f14  f10=xxxxxxxx f10:3fd62e19 f15:bede3c65 f14:3f7fffff
14206915ns          249005 1c008876 20a51553 fsgnjn.s         f10, f10, f10       f10=xxxxxxxx f10:3e8c22fc f10:3e8c22fc
14206935ns          249006 1c00887a 00008067 jalr             x0, x1, 0            x1:1c0081de
14206994ns          249009 1c0081de 016a7a53 fadd.s           f20, f20, f22       f20=xxxxxxxx f20:405ace32 f22:3efd2311
14207014ns          249010 1c0081e2 10acf553 fmul.s           f10, f25, f10       f10=xxxxxxxx f25:3f800000 f10:be8c22fc
14207034ns          249011 1c0081e6 a14a97d3 flt.s            x15, f21, f20       x15=00000000 f21:40c90fdb f20:407a7294
14207054ns          249012 1c0081ea 00a4222b p.sw             x10, 4(x8!)          x8=10001ec0 x10:be8c22fc  x8:10001ebc  PA:10001ebc
14207074ns          249013 1c0081ee 00078363 beq              x15, x0, 6          x15:00000000
14207134ns          249016 1c0081f4 ff7412e3 bne              x8, x23, -28         x8:10001ec0 x23:10001fc8
14207193ns          249019 1c0081d8 094c7553 fsub.s           f10, f24, f20       f10=xxxxxxxx f24:3fc90fdb f20:407a7294
14207213ns          249020 1c0081dc 57c000ef jal              x1, 1404             x1=1c0081de
14207253ns          249022 1c008758 a0a527d3 feq.s            x15, f10, f10       x15=00000001 f10:c015eaa6 f10:c015eaa6
14207273ns          249023 1c00875c 0a078b63 beq              x15, x0, 182        x15:00000001
14207293ns          249024 1c00875e e00517d3 fclass.s         x15, f10            x15=00000002 f10:c015eaa6
14207313ns          249025 1c008762 0817f793 andi             x15, x15, 129       x15=00000000 x15:00000002
14207333ns          249026 1c008766 0a079663 bne              x15, x0, 172        x15:00000000
14207352ns          249027 1c008768 00000793 addi             x15, x0, 0          x15=00000000
14207372ns          249028 1c00876c a0f517d3 flt.s            x15, f10, f15       x15=00000001 f10:c015eaa6 f15:00000000
14207392ns          249029 1c008770 0a079663 bne              x15, x0, 172        x15:00000001
14207452ns          249032 1c00881c 1c0007b7 lui              x15, 0x1c000000     x15=1c000000
14207472ns          249033 1c008820 12c7a783 lw               x15, 300(x15)       x15=c0c90fdb x15:1c000000  PA:1c00012c
14207790ns          249049 1c008824 a0f517d3 flt.s            x15, f10, f15       x15=00000000 f10:c015eaa6 f15:c0c90fdb
14207810ns          249050 1c008828 00078463 beq              x15, x0, 8          x15:00000000
14207870ns          249053 1c008830 20a51553 fsgnjn.s         f10, f10, f10       f10=xxxxxxxx f10:c015eaa6 f10:c015eaa6
14207890ns          249054 1c008834 f6bff06f jal              x0, -150           
14207949ns          249057 1c00879e 1c0007b7 lui              x15, 0x1c000000     x15=1c000000
14207969ns          249058 1c0087a2 01c7a783 lw               x15, 28(x15)        x15=3fc90fdb x15:1c000000  PA:1c00001c
14208287ns          249074 1c0087a6 a0f517d3 flt.s            x15, f10, f15       x15=00000000 f10:4015eaa6 f15:3fc90fdb
14208307ns          249075 1c0087aa 02079563 bne              x15, x0, 42         x15:00000000
14208327ns          249076 1c0087ac 1c0007b7 lui              x15, 0x1c000000     x15=1c000000
14208347ns          249077 1c0087b0 1007a783 lw               x15, 256(x15)       x15=40490fdb x15:1c000000  PA:1c000100
14208685ns          249094 1c0087b4 a0f51753 flt.s            x14, f10, f15       x14=00000001 f10:4015eaa6 f15:40490fdb
14208705ns          249095 1c0087b8 06071f63 bne              x14, x0, 126        x14:00000001
14208785ns          249099 1c008836 08a7f553 fsub.s           f10, f15, f10       f10=xxxxxxxx f15:40490fdb f10:4015eaa6
14208804ns          249100 1c00883a 10a57553 fmul.s           f10, f10, f10       f10=xxxxxxxx f10:3f4c94d4 f10:3f4c94d4
14208824ns          249101 1c00883e 1c0007b7 lui              x15, 0x1c000000     x15=1c000000
14208844ns          249102 1c008842 1c000737 lui              x14, 0x1c000000     x14=1c000000
14208864ns          249103 1c008846 13472703 lw               x14, 308(x14)       x14=bab59551 x14:1c000000  PA:1c000134
14209163ns          249118 1c00884a 1307a783 lw               x15, 304(x15)       x15=37c23ab1 x15:1c000000  PA:1c000130
14209481ns          249134 1c00884e 70f577c3 fmadd.s          f15, f10, f15, f14  f15=xxxxxxxx f10:3f237d88 f15:37c23ab1 f14:bab59551
14209501ns          249135 1c008852 1c000737 lui              x14, 0x1c000000     x14=1c000000
14209521ns          249136 1c008856 13872703 lw               x14, 312(x14)       x14=3d2aa76f x14:1c000000  PA:1c000138
14209839ns          249152 1c00885a 70f577c3 fmadd.s          f15, f10, f15, f14  f15=xxxxxxxx f10:3f237d88 f15:bab3a527 f14:3d2aa76f
14209859ns          249153 1c00885e 1c000737 lui              x14, 0x1c000000     x14=1c000000
14209879ns          249154 1c008862 13c72703 lw               x14, 316(x14)       x14=beffffe0 x14:1c000000  PA:1c00013c
14210197ns          249170 1c008866 70f577c3 fmadd.s          f15, f10, f15, f14  f15=xxxxxxxx f10:3f237d88 f15:3d27119d f14:beffffe0
14210217ns          249171 1c00886a 1c000737 lui              x14, 0x1c000000     x14=1c000000
14210237ns          249172 1c00886e 16872703 lw               x14, 360(x14)       x14=3f7fffff x14:1c000000  PA:1c000168
14210615ns          249191 1c008872 70f57543 fmadd.s          f10, f10, f15, f14  f10=xxxxxxxx f10:3f237d88 f15:bef2a99c f14:3f7fffff
14210634ns          249192 1c008876 20a51553 fsgnjn.s         f10, f10, f10       f10=xxxxxxxx f10:3f328381 f10:3f328381
14210654ns          249193 1c00887a 00008067 jalr             x0, x1, 0            x1:1c0081de
14210714ns          249196 1c0081de 016a7a53 fadd.s           f20, f20, f22       f20=xxxxxxxx f20:407a7294 f22:3efd2311
14210734ns          249197 1c0081e2 10acf553 fmul.s           f10, f25, f10       f10=xxxxxxxx f25:3f800000 f10:bf328381
14210754ns          249198 1c0081e6 a14a97d3 flt.s            x15, f21, f20       x15=00000000 f21:40c90fdb f20:408d0b7b
14210774ns          249199 1c0081ea 00a4222b p.sw             x10, 4(x8!)          x8=10001ec4 x10:bf328381  x8:10001ec0  PA:10001ec0
14210794ns          249200 1c0081ee 00078363 beq              x15, x0, 6          x15:00000000
14210853ns          249203 1c0081f4 ff7412e3 bne              x8, x23, -28         x8:10001ec4 x23:10001fc8
14210913ns          249206 1c0081d8 094c7553 fsub.s           f10, f24, f20       f10=xxxxxxxx f24:3fc90fdb f20:408d0b7b
14210933ns          249207 1c0081dc 57c000ef jal              x1, 1404             x1=1c0081de
14210973ns          249209 1c008758 a0a527d3 feq.s            x15, f10, f10       x15=00000001 f10:c0358f08 f10:c0358f08
14210992ns          249210 1c00875c 0a078b63 beq              x15, x0, 182        x15:00000001
14211012ns          249211 1c00875e e00517d3 fclass.s         x15, f10            x15=00000002 f10:c0358f08
14211032ns          249212 1c008762 0817f793 andi             x15, x15, 129       x15=00000000 x15:00000002
14211052ns          249213 1c008766 0a079663 bne              x15, x0, 172        x15:00000000
14211072ns          249214 1c008768 00000793 addi             x15, x0, 0          x15=00000000
14211092ns          249215 1c00876c a0f517d3 flt.s            x15, f10, f15       x15=00000001 f10:c0358f08 f15:00000000
14211112ns          249216 1c008770 0a079663 bne              x15, x0, 172        x15:00000001
14211171ns          249219 1c00881c 1c0007b7 lui              x15, 0x1c000000     x15=1c000000
14211191ns          249220 1c008820 12c7a783 lw               x15, 300(x15)       x15=c0c90fdb x15:1c000000  PA:1c00012c
14211510ns          249236 1c008824 a0f517d3 flt.s            x15, f10, f15       x15=00000000 f10:c0358f08 f15:c0c90fdb
14211530ns          249237 1c008828 00078463 beq              x15, x0, 8          x15:00000000
14211589ns          249240 1c008830 20a51553 fsgnjn.s         f10, f10, f10       f10=xxxxxxxx f10:c0358f08 f10:c0358f08
14211609ns          249241 1c008834 f6bff06f jal              x0, -150           
14211669ns          249244 1c00879e 1c0007b7 lui              x15, 0x1c000000     x15=1c000000
14211689ns          249245 1c0087a2 01c7a783 lw               x15, 28(x15)        x15=3fc90fdb x15:1c000000  PA:1c00001c
14212027ns          249262 1c0087a6 a0f517d3 flt.s            x15, f10, f15       x15=00000000 f10:40358f08 f15:3fc90fdb
14212047ns          249263 1c0087aa 02079563 bne              x15, x0, 42         x15:00000000
14212067ns          249264 1c0087ac 1c0007b7 lui              x15, 0x1c000000     x15=1c000000
14212086ns          249265 1c0087b0 1007a783 lw               x15, 256(x15)       x15=40490fdb x15:1c000000  PA:1c000100
14212405ns          249281 1c0087b4 a0f51753 flt.s            x14, f10, f15       x14=00000001 f10:40358f08 f15:40490fdb
14212425ns          249282 1c0087b8 06071f63 bne              x14, x0, 126        x14:00000001
14212504ns          249286 1c008836 08a7f553 fsub.s           f10, f15, f10       f10=xxxxxxxx f15:40490fdb f10:40358f08
14212524ns          249287 1c00883a 10a57553 fmul.s           f10, f10, f10       f10=xxxxxxxx f10:3e9c0698 f10:3e9c0698
14212544ns          249288 1c00883e 1c0007b7 lui              x15, 0x1c000000     x15=1c000000
14212564ns          249289 1c008842 1c000737 lui              x14, 0x1c000000     x14=1c000000
14212584ns          249290 1c008846 13472703 lw               x14, 308(x14)       x14=bab59551 x14:1c000000  PA:1c000134
14212882ns          249305 1c00884a 1307a783 lw               x15, 304(x15)       x15=37c23ab1 x15:1c000000  PA:1c000130
14213200ns          249321 1c00884e 70f577c3 fmadd.s          f15, f10, f15, f14  f15=xxxxxxxx f10:3dbe3013 f15:37c23ab1 f14:bab59551
14213220ns          249322 1c008852 1c000737 lui              x14, 0x1c000000     x14=1c000000
14213240ns          249323 1c008856 13872703 lw               x14, 312(x14)       x14=3d2aa76f x14:1c000000  PA:1c000138
14213558ns          249339 1c00885a 70f577c3 fmadd.s          f15, f10, f15, f14  f15=xxxxxxxx f10:3dbe3013 f15:bab54d2b f14:3d2aa76f
14213578ns          249340 1c00885e 1c000737 lui              x14, 0x1c000000     x14=1c000000
14213598ns          249341 1c008862 13c72703 lw               x14, 316(x14)       x14=beffffe0 x14:1c000000  PA:1c00013c
14213916ns          249357 1c008866 70f577c3 fmadd.s          f15, f10, f15, f14  f15=xxxxxxxx f10:3dbe3013 f15:3d2a20be f14:beffffe0
14213936ns          249358 1c00886a 1c000737 lui              x14, 0x1c000000     x14=1c000000
14213956ns          249359 1c00886e 16872703 lw               x14, 360(x14)       x14=3f7fffff x14:1c000000  PA:1c000168
14214274ns          249375 1c008872 70f57543 fmadd.s          f10, f10, f15, f14  f10=xxxxxxxx f10:3dbe3013 f15:befe064f f14:3f7fffff
14214294ns          249376 1c008876 20a51553 fsgnjn.s         f10, f10, f10       f10=xxxxxxxx f10:3f743479 f10:3f743479
14214314ns          249377 1c00887a 00008067 jalr             x0, x1, 0            x1:1c0081de
14214374ns          249380 1c0081de 016a7a53 fadd.s           f20, f20, f22       f20=xxxxxxxx f20:408d0b7b f22:3efd2311
14214394ns          249381 1c0081e2 10acf553 fmul.s           f10, f25, f10       f10=xxxxxxxx f25:3f800000 f10:bf743479
14214414ns          249382 1c0081e6 a14a97d3 flt.s            x15, f21, f20       x15=00000000 f21:40c90fdb f20:409cddac
14214434ns          249383 1c0081ea 00a4222b p.sw             x10, 4(x8!)          x8=10001ec8 x10:bf743479  x8:10001ec4  PA:10001ec4
14214453ns          249384 1c0081ee 00078363 beq              x15, x0, 6          x15:00000000
14214513ns          249387 1c0081f4 ff7412e3 bne              x8, x23, -28         x8:10001ec8 x23:10001fc8
14214573ns          249390 1c0081d8 094c7553 fsub.s           f10, f24, f20       f10=xxxxxxxx f24:3fc90fdb f20:409cddac
14214593ns          249391 1c0081dc 57c000ef jal              x1, 1404             x1=1c0081de
14214632ns          249393 1c008758 a0a527d3 feq.s            x15, f10, f10       x15=00000001 f10:c055336a f10:c055336a
14214652ns          249394 1c00875c 0a078b63 beq              x15, x0, 182        x15:00000001
14214672ns          249395 1c00875e e00517d3 fclass.s         x15, f10            x15=00000002 f10:c055336a
14214692ns          249396 1c008762 0817f793 andi             x15, x15, 129       x15=00000000 x15:00000002
14214712ns          249397 1c008766 0a079663 bne              x15, x0, 172        x15:00000000
14214732ns          249398 1c008768 00000793 addi             x15, x0, 0          x15=00000000
14214752ns          249399 1c00876c a0f517d3 flt.s            x15, f10, f15       x15=00000001 f10:c055336a f15:00000000
14214772ns          249400 1c008770 0a079663 bne              x15, x0, 172        x15:00000001
14214831ns          249403 1c00881c 1c0007b7 lui              x15, 0x1c000000     x15=1c000000
14214851ns          249404 1c008820 12c7a783 lw               x15, 300(x15)       x15=c0c90fdb x15:1c000000  PA:1c00012c
14215170ns          249420 1c008824 a0f517d3 flt.s            x15, f10, f15       x15=00000000 f10:c055336a f15:c0c90fdb
14215189ns          249421 1c008828 00078463 beq              x15, x0, 8          x15:00000000
14215249ns          249424 1c008830 20a51553 fsgnjn.s         f10, f10, f10       f10=xxxxxxxx f10:c055336a f10:c055336a
14215269ns          249425 1c008834 f6bff06f jal              x0, -150           
14215329ns          249428 1c00879e 1c0007b7 lui              x15, 0x1c000000     x15=1c000000
14215349ns          249429 1c0087a2 01c7a783 lw               x15, 28(x15)        x15=3fc90fdb x15:1c000000  PA:1c00001c
14215667ns          249445 1c0087a6 a0f517d3 flt.s            x15, f10, f15       x15=00000000 f10:4055336a f15:3fc90fdb
14215687ns          249446 1c0087aa 02079563 bne              x15, x0, 42         x15:00000000
14215707ns          249447 1c0087ac 1c0007b7 lui              x15, 0x1c000000     x15=1c000000
14215726ns          249448 1c0087b0 1007a783 lw               x15, 256(x15)       x15=40490fdb x15:1c000000  PA:1c000100
14216045ns          249464 1c0087b4 a0f51753 flt.s            x14, f10, f15       x14=00000000 f10:4055336a f15:40490fdb
14216065ns          249465 1c0087b8 06071f63 bne              x14, x0, 126        x14:00000000
14216085ns          249466 1c0087ba 1c000737 lui              x14, 0x1c000000     x14=1c000000
14216104ns          249467 1c0087be 14072703 lw               x14, 320(x14)       x14=4096cbe4 x14:1c000000  PA:1c000140
14216423ns          249483 1c0087c2 a0e51753 flt.s            x14, f10, f14       x14=00000001 f10:4055336a f14:4096cbe4
14216443ns          249484 1c0087c6 0a071b63 bne              x14, x0, 182        x14:00000001
14216502ns          249487 1c00887c 08f57553 fsub.s           f10, f10, f15       f10=xxxxxxxx f10:4055336a f15:40490fdb
14216522ns          249488 1c008880 fbbff06f jal              x0, -70            
14216582ns          249491 1c00883a 10a57553 fmul.s           f10, f10, f10       f10=xxxxxxxx f10:3e4238f0 f10:3e4238f0
14216602ns          249492 1c00883e 1c0007b7 lui              x15, 0x1c000000     x15=1c000000
14216622ns          249493 1c008842 1c000737 lui              x14, 0x1c000000     x14=1c000000
14216641ns          249494 1c008846 13472703 lw               x14, 308(x14)       x14=bab59551 x14:1c000000  PA:1c000134
14216940ns          249509 1c00884a 1307a783 lw               x15, 304(x15)       x15=37c23ab1 x15:1c000000  PA:1c000130
14217278ns          249526 1c00884e 70f577c3 fmadd.s          f15, f10, f15, f14  f15=xxxxxxxx f10:3d135a58 f15:37c23ab1 f14:bab59551
14217298ns          249527 1c008852 1c000737 lui              x14, 0x1c000000     x14=1c000000
14217318ns          249528 1c008856 13872703 lw               x14, 312(x14)       x14=3d2aa76f x14:1c000000  PA:1c000138
14217656ns          249545 1c00885a 70f577c3 fmadd.s          f15, f10, f15, f14  f15=xxxxxxxx f10:3d135a58 f15:bab5795e f14:3d2aa76f
14217676ns          249546 1c00885e 1c000737 lui              x14, 0x1c000000     x14=1c000000
14217696ns          249547 1c008862 13c72703 lw               x14, 316(x14)       x14=beffffe0 x14:1c000000  PA:1c00013c
14218014ns          249563 1c008866 70f577c3 fmadd.s          f15, f10, f15, f14  f15=xxxxxxxx f10:3d135a58 f15:3d2a7335 f14:beffffe0
14218034ns          249564 1c00886a 1c000737 lui              x14, 0x1c000000     x14=1c000000
14218054ns          249565 1c00886e 16872703 lw               x14, 360(x14)       x14=3f7fffff x14:1c000000  PA:1c000168
14218372ns          249581 1c008872 70f57543 fmadd.s          f10, f10, f15, f14  f10=xxxxxxxx f10:3d135a58 f15:beff3ba7 f14:3f7fffff
14218392ns          249582 1c008876 20a51553 fsgnjn.s         f10, f10, f10       f10=xxxxxxxx f10:3f7b68b4 f10:3f7b68b4
14218412ns          249583 1c00887a 00008067 jalr             x0, x1, 0            x1:1c0081de
14218471ns          249586 1c0081de 016a7a53 fadd.s           f20, f20, f22       f20=xxxxxxxx f20:409cddac f22:3efd2311
14218491ns          249587 1c0081e2 10acf553 fmul.s           f10, f25, f10       f10=xxxxxxxx f25:3f800000 f10:bf7b68b4
14218511ns          249588 1c0081e6 a14a97d3 flt.s            x15, f21, f20       x15=00000000 f21:40c90fdb f20:40acafdd
14218531ns          249589 1c0081ea 00a4222b p.sw             x10, 4(x8!)          x8=10001ecc x10:bf7b68b4  x8:10001ec8  PA:10001ec8
14218551ns          249590 1c0081ee 00078363 beq              x15, x0, 6          x15:00000000
14218611ns          249593 1c0081f4 ff7412e3 bne              x8, x23, -28         x8:10001ecc x23:10001fc8
14218670ns          249596 1c0081d8 094c7553 fsub.s           f10, f24, f20       f10=xxxxxxxx f24:3fc90fdb f20:40acafdd
14218690ns          249597 1c0081dc 57c000ef jal              x1, 1404             x1=1c0081de
14218730ns          249599 1c008758 a0a527d3 feq.s            x15, f10, f10       x15=00000001 f10:c074d7cc f10:c074d7cc
14218750ns          249600 1c00875c 0a078b63 beq              x15, x0, 182        x15:00000001
14218770ns          249601 1c00875e e00517d3 fclass.s         x15, f10            x15=00000002 f10:c074d7cc
14218790ns          249602 1c008762 0817f793 andi             x15, x15, 129       x15=00000000 x15:00000002
14218810ns          249603 1c008766 0a079663 bne              x15, x0, 172        x15:00000000
14218829ns          249604 1c008768 00000793 addi             x15, x0, 0          x15=00000000
14218849ns          249605 1c00876c a0f517d3 flt.s            x15, f10, f15       x15=00000001 f10:c074d7cc f15:00000000
14218869ns          249606 1c008770 0a079663 bne              x15, x0, 172        x15:00000001
14218929ns          249609 1c00881c 1c0007b7 lui              x15, 0x1c000000     x15=1c000000
14218949ns          249610 1c008820 12c7a783 lw               x15, 300(x15)       x15=c0c90fdb x15:1c000000  PA:1c00012c
14219287ns          249627 1c008824 a0f517d3 flt.s            x15, f10, f15       x15=00000000 f10:c074d7cc f15:c0c90fdb
14219307ns          249628 1c008828 00078463 beq              x15, x0, 8          x15:00000000
14219366ns          249631 1c008830 20a51553 fsgnjn.s         f10, f10, f10       f10=xxxxxxxx f10:c074d7cc f10:c074d7cc
14219386ns          249632 1c008834 f6bff06f jal              x0, -150           
14219446ns          249635 1c00879e 1c0007b7 lui              x15, 0x1c000000     x15=1c000000
14219466ns          249636 1c0087a2 01c7a783 lw               x15, 28(x15)        x15=3fc90fdb x15:1c000000  PA:1c00001c
14219784ns          249652 1c0087a6 a0f517d3 flt.s            x15, f10, f15       x15=00000000 f10:4074d7cc f15:3fc90fdb
14219804ns          249653 1c0087aa 02079563 bne              x15, x0, 42         x15:00000000
14219824ns          249654 1c0087ac 1c0007b7 lui              x15, 0x1c000000     x15=1c000000
14219844ns          249655 1c0087b0 1007a783 lw               x15, 256(x15)       x15=40490fdb x15:1c000000  PA:1c000100
14220202ns          249673 1c0087b4 a0f51753 flt.s            x14, f10, f15       x14=00000000 f10:4074d7cc f15:40490fdb
14220222ns          249674 1c0087b8 06071f63 bne              x14, x0, 126        x14:00000000
14220242ns          249675 1c0087ba 1c000737 lui              x14, 0x1c000000     x14=1c000000
14220262ns          249676 1c0087be 14072703 lw               x14, 320(x14)       x14=4096cbe4 x14:1c000000  PA:1c000140
14220600ns          249693 1c0087c2 a0e51753 flt.s            x14, f10, f14       x14=00000001 f10:4074d7cc f14:4096cbe4
14220620ns          249694 1c0087c6 0a071b63 bne              x14, x0, 182        x14:00000001
14220679ns          249697 1c00887c 08f57553 fsub.s           f10, f10, f15       f10=xxxxxxxx f10:4074d7cc f15:40490fdb
14220699ns          249698 1c008880 fbbff06f jal              x0, -70            
14220759ns          249701 1c00883a 10a57553 fmul.s           f10, f10, f10       f10=xxxxxxxx f10:3f2f1fc4 f10:3f2f1fc4
14220779ns          249702 1c00883e 1c0007b7 lui              x15, 0x1c000000     x15=1c000000
14220799ns          249703 1c008842 1c000737 lui              x14, 0x1c000000     x14=1c000000
14220819ns          249704 1c008846 13472703 lw               x14, 308(x14)       x14=bab59551 x14:1c000000  PA:1c000134
14221117ns          249719 1c00884a 1307a783 lw               x15, 304(x15)       x15=37c23ab1 x15:1c000000  PA:1c000130
14221435ns          249735 1c00884e 70f577c3 fmadd.s          f15, f10, f15, f14  f15=xxxxxxxx f10:3eef98e4 f15:37c23ab1 f14:bab59551
14221455ns          249736 1c008852 1c000737 lui              x14, 0x1c000000     x14=1c000000
14221475ns          249737 1c008856 13872703 lw               x14, 312(x14)       x14=3d2aa76f x14:1c000000  PA:1c000138
14221813ns          249754 1c00885a 70f577c3 fmadd.s          f15, f10, f15, f14  f15=xxxxxxxx f10:3eef98e4 f15:bab429bf f14:3d2aa76f
14221833ns          249755 1c00885e 1c000737 lui              x14, 0x1c000000     x14=1c000000
14221853ns          249756 1c008862 13c72703 lw               x14, 316(x14)       x14=beffffe0 x14:1c000000  PA:1c00013c
14222171ns          249772 1c008866 70f577c3 fmadd.s          f15, f10, f15, f14  f15=xxxxxxxx f10:3eef98e4 f15:3d2804f5 f14:beffffe0
14222191ns          249773 1c00886a 1c000737 lui              x14, 0x1c000000     x14=1c000000
14222211ns          249774 1c00886e 16872703 lw               x14, 360(x14)       x14=3f7fffff x14:1c000000  PA:1c000168
14222529ns          249790 1c008872 70f57543 fmadd.s          f10, f10, f15, f14  f10=xxxxxxxx f10:3eef98e4 f15:bef62bd0 f14:3f7fffff
14222549ns          249791 1c008876 20a51553 fsgnjn.s         f10, f10, f10       f10=xxxxxxxx f10:3f466684 f10:3f466684
14222569ns          249792 1c00887a 00008067 jalr             x0, x1, 0            x1:1c0081de
14222629ns          249795 1c0081de 016a7a53 fadd.s           f20, f20, f22       f20=xxxxxxxx f20:40acafdd f22:3efd2311
14222648ns          249796 1c0081e2 10acf553 fmul.s           f10, f25, f10       f10=xxxxxxxx f25:3f800000 f10:bf466684
14222668ns          249797 1c0081e6 a14a97d3 flt.s            x15, f21, f20       x15=00000000 f21:40c90fdb f20:40bc820e
14222688ns          249798 1c0081ea 00a4222b p.sw             x10, 4(x8!)          x8=10001ed0 x10:bf466684  x8:10001ecc  PA:10001ecc
14222708ns          249799 1c0081ee 00078363 beq              x15, x0, 6          x15:00000000
14222768ns          249802 1c0081f4 ff7412e3 bne              x8, x23, -28         x8:10001ed0 x23:10001fc8
14222827ns          249805 1c0081d8 094c7553 fsub.s           f10, f24, f20       f10=xxxxxxxx f24:3fc90fdb f20:40bc820e
14222847ns          249806 1c0081dc 57c000ef jal              x1, 1404             x1=1c0081de
14222887ns          249808 1c008758 a0a527d3 feq.s            x15, f10, f10       x15=00000001 f10:c08a3e17 f10:c08a3e17
14222907ns          249809 1c00875c 0a078b63 beq              x15, x0, 182        x15:00000001
14222927ns          249810 1c00875e e00517d3 fclass.s         x15, f10            x15=00000002 f10:c08a3e17
14222947ns          249811 1c008762 0817f793 andi             x15, x15, 129       x15=00000000 x15:00000002
14222967ns          249812 1c008766 0a079663 bne              x15, x0, 172        x15:00000000
14222987ns          249813 1c008768 00000793 addi             x15, x0, 0          x15=00000000
14223006ns          249814 1c00876c a0f517d3 flt.s            x15, f10, f15       x15=00000001 f10:c08a3e17 f15:00000000
14223026ns          249815 1c008770 0a079663 bne              x15, x0, 172        x15:00000001
14223086ns          249818 1c00881c 1c0007b7 lui              x15, 0x1c000000     x15=1c000000
14223106ns          249819 1c008820 12c7a783 lw               x15, 300(x15)       x15=c0c90fdb x15:1c000000  PA:1c00012c
14223424ns          249835 1c008824 a0f517d3 flt.s            x15, f10, f15       x15=00000000 f10:c08a3e17 f15:c0c90fdb
14223444ns          249836 1c008828 00078463 beq              x15, x0, 8          x15:00000000
14223504ns          249839 1c008830 20a51553 fsgnjn.s         f10, f10, f10       f10=xxxxxxxx f10:c08a3e17 f10:c08a3e17
14223524ns          249840 1c008834 f6bff06f jal              x0, -150           
14223583ns          249843 1c00879e 1c0007b7 lui              x15, 0x1c000000     x15=1c000000
14223603ns          249844 1c0087a2 01c7a783 lw               x15, 28(x15)        x15=3fc90fdb x15:1c000000  PA:1c00001c
14223961ns          249862 1c0087a6 a0f517d3 flt.s            x15, f10, f15       x15=00000000 f10:408a3e17 f15:3fc90fdb
14223981ns          249863 1c0087aa 02079563 bne              x15, x0, 42         x15:00000000
14224001ns          249864 1c0087ac 1c0007b7 lui              x15, 0x1c000000     x15=1c000000
14224021ns          249865 1c0087b0 1007a783 lw               x15, 256(x15)       x15=40490fdb x15:1c000000  PA:1c000100
14224359ns          249882 1c0087b4 a0f51753 flt.s            x14, f10, f15       x14=00000000 f10:408a3e17 f15:40490fdb
14224379ns          249883 1c0087b8 06071f63 bne              x14, x0, 126        x14:00000000
14224399ns          249884 1c0087ba 1c000737 lui              x14, 0x1c000000     x14=1c000000
14224419ns          249885 1c0087be 14072703 lw               x14, 320(x14)       x14=4096cbe4 x14:1c000000  PA:1c000140
14224737ns          249901 1c0087c2 a0e51753 flt.s            x14, f10, f14       x14=00000001 f10:408a3e17 f14:4096cbe4
14224757ns          249902 1c0087c6 0a071b63 bne              x14, x0, 182        x14:00000001
14224817ns          249905 1c00887c 08f57553 fsub.s           f10, f10, f15       f10=xxxxxxxx f10:408a3e17 f15:40490fdb
14224836ns          249906 1c008880 fbbff06f jal              x0, -70            
14224896ns          249909 1c00883a 10a57553 fmul.s           f10, f10, f10       f10=xxxxxxxx f10:3f96d8a6 f10:3f96d8a6
14224916ns          249910 1c00883e 1c0007b7 lui              x15, 0x1c000000     x15=1c000000
14224936ns          249911 1c008842 1c000737 lui              x14, 0x1c000000     x14=1c000000
14224956ns          249912 1c008846 13472703 lw               x14, 308(x14)       x14=bab59551 x14:1c000000  PA:1c000134
14225274ns          249928 1c00884a 1307a783 lw               x15, 304(x15)       x15=37c23ab1 x15:1c000000  PA:1c000130
14225592ns          249944 1c00884e 70f577c3 fmadd.s          f15, f10, f15, f14  f15=xxxxxxxx f10:3fb1c534 f15:37c23ab1 f14:bab59551
14225612ns          249945 1c008852 1c000737 lui              x14, 0x1c000000     x14=1c000000
14225632ns          249946 1c008856 13872703 lw               x14, 312(x14)       x14=3d2aa76f x14:1c000000  PA:1c000138
14225970ns          249963 1c00885a 70f577c3 fmadd.s          f15, f10, f15, f14  f15=xxxxxxxx f10:3fb1c534 f15:bab15e4f f14:3d2aa76f
14225990ns          249964 1c00885e 1c000737 lui              x14, 0x1c000000     x14=1c000000
14226010ns          249965 1c008862 13c72703 lw               x14, 316(x14)       x14=beffffe0 x14:1c000000  PA:1c00013c
14226328ns          249981 1c008866 70f577c3 fmadd.s          f15, f10, f15, f14  f15=xxxxxxxx f10:3fb1c534 f15:3d22f4c2 f14:beffffe0
14226348ns          249982 1c00886a 1c000737 lui              x14, 0x1c000000     x14=1c000000
14226368ns          249983 1c00886e 16872703 lw               x14, 360(x14)       x14=3f7fffff x14:1c000000  PA:1c000168
14226706ns          250000 1c008872 70f57543 fmadd.s          f10, f10, f15, f14  f10=xxxxxxxx f10:3fb1c534 f15:bee3b5b0 f14:3f7fffff
14226726ns          250001 1c008876 20a51553 fsgnjn.s         f10, f10, f10       f10=xxxxxxxx f10:3ec3bfee f10:3ec3bfee
14226746ns          250002 1c00887a 00008067 jalr             x0, x1, 0            x1:1c0081de
14226806ns          250005 1c0081de 016a7a53 fadd.s           f20, f20, f22       f20=xxxxxxxx f20:40bc820e f22:3efd2311
14226826ns          250006 1c0081e2 10acf553 fmul.s           f10, f25, f10       f10=xxxxxxxx f25:3f800000 f10:bec3bfee
14226845ns          250007 1c0081e6 a14a97d3 flt.s            x15, f21, f20       x15=00000001 f21:40c90fdb f20:40cc543f
14226865ns          250008 1c0081ea 00a4222b p.sw             x10, 4(x8!)          x8=10001ed4 x10:bec3bfee  x8:10001ed0  PA:10001ed0
14226885ns          250009 1c0081ee 00078363 beq              x15, x0, 6          x15:00000001
14226905ns          250010 1c0081f0 095a7a53 fsub.s           f20, f20, f21       f20=xxxxxxxx f20:40cc543f f21:40c90fdb
14226925ns          250011 1c0081f4 ff7412e3 bne              x8, x23, -28         x8:10001ed4 x23:10001fc8
14226985ns          250014 1c0081d8 094c7553 fsub.s           f10, f24, f20       f10=xxxxxxxx f24:3fc90fdb f20:3dd11900
14227005ns          250015 1c0081dc 57c000ef jal              x1, 1404             x1=1c0081de
14227044ns          250017 1c008758 a0a527d3 feq.s            x15, f10, f10       x15=00000001 f10:3fbbfe4b f10:3fbbfe4b
14227064ns          250018 1c00875c 0a078b63 beq              x15, x0, 182        x15:00000001
14227084ns          250019 1c00875e e00517d3 fclass.s         x15, f10            x15=00000040 f10:3fbbfe4b
14227104ns          250020 1c008762 0817f793 andi             x15, x15, 129       x15=00000000 x15:00000040
14227124ns          250021 1c008766 0a079663 bne              x15, x0, 172        x15:00000000
14227144ns          250022 1c008768 00000793 addi             x15, x0, 0          x15=00000000
14227164ns          250023 1c00876c a0f517d3 flt.s            x15, f10, f15       x15=00000000 f10:3fbbfe4b f15:00000000
14227184ns          250024 1c008770 0a079663 bne              x15, x0, 172        x15:00000000
14227203ns          250025 1c008772 1c000737 lui              x14, 0x1c000000     x14=1c000000
14227223ns          250026 1c008776 02072783 lw               x15, 32(x14)        x15=40c90fdb x14:1c000000  PA:1c000020
14227561ns          250043 1c00877a a0a797d3 flt.s            x15, f15, f10       x15=00000000 f15:40c90fdb f10:3fbbfe4b
14227581ns          250044 1c00877e 00078b63 beq              x15, x0, 22         x15:00000000
14227641ns          250047 1c008794 00000793 addi             x15, x0, 0          x15=00000000
14227661ns          250048 1c008798 a0f517d3 flt.s            x15, f10, f15       x15=00000000 f10:3fbbfe4b f15:00000000
14227681ns          250049 1c00879c 08079a63 bne              x15, x0, 148        x15:00000000
14227701ns          250050 1c00879e 1c0007b7 lui              x15, 0x1c000000     x15=1c000000
14227721ns          250051 1c0087a2 01c7a783 lw               x15, 28(x15)        x15=3fc90fdb x15:1c000000  PA:1c00001c
14228039ns          250067 1c0087a6 a0f517d3 flt.s            x15, f10, f15       x15=00000001 f10:3fbbfe4b f15:3fc90fdb
14228059ns          250068 1c0087aa 02079563 bne              x15, x0, 42         x15:00000001
14228118ns          250071 1c0087d4 10a57553 fmul.s           f10, f10, f10       f10=xxxxxxxx f10:3fbbfe4b f10:3fbbfe4b
14228138ns          250072 1c0087d8 1c0007b7 lui              x15, 0x1c000000     x15=1c000000
14228158ns          250073 1c0087dc 1c000737 lui              x14, 0x1c000000     x14=1c000000
14228178ns          250074 1c0087e0 13472703 lw               x14, 308(x14)       x14=bab59551 x14:1c000000  PA:1c000134
14228516ns          250091 1c0087e4 1307a783 lw               x15, 304(x15)       x15=37c23ab1 x15:1c000000  PA:1c000130
14228834ns          250107 1c0087e8 70f577c3 fmadd.s          f15, f10, f15, f14  f15=xxxxxxxx f10:400a0d7e f15:37c23ab1 f14:bab59551
14228854ns          250108 1c0087ec 1c000737 lui              x14, 0x1c000000     x14=1c000000
14228874ns          250109 1c0087f0 13872703 lw               x14, 312(x14)       x14=3d2aa76f x14:1c000000  PA:1c000138
14229193ns          250125 1c0087f4 70f577c3 fmadd.s          f15, f10, f15, f14  f15=xxxxxxxx f10:400a0d7e f15:baaf0973 f14:3d2aa76f
14229212ns          250126 1c0087f8 1c000737 lui              x14, 0x1c000000     x14=1c000000
14229232ns          250127 1c0087fc 13c72703 lw               x14, 316(x14)       x14=beffffe0 x14:1c000000  PA:1c00013c
14229551ns          250143 1c008800 70f577c3 fmadd.s          f15, f10, f15, f14  f15=xxxxxxxx f10:400a0d7e f15:3d1edae5 f14:beffffe0
14229570ns          250144 1c008804 1c000737 lui              x14, 0x1c000000     x14=1c000000
14229590ns          250145 1c008808 16872703 lw               x14, 360(x14)       x14=3f7fffff x14:1c000000  PA:1c000168
14229909ns          250161 1c00880c 70f57543 fmadd.s          f10, f10, f15, f14  f10=xxxxxxxx f10:400a0d7e f15:bed52ab1 f14:3f7fffff
14229928ns          250162 1c008810 00008067 jalr             x0, x1, 0            x1:1c0081de
14229988ns          250165 1c0081de 016a7a53 fadd.s           f20, f20, f22       f20=xxxxxxxx f20:3dd11900 f22:3efd2311
14230008ns          250166 1c0081e2 10acf553 fmul.s           f10, f25, f10       f10=xxxxxxxx f25:3f800000 f10:3dd0bc00
14230028ns          250167 1c0081e6 a14a97d3 flt.s            x15, f21, f20       x15=00000000 f21:40c90fdb f20:3f18b4a8
14230048ns          250168 1c0081ea 00a4222b p.sw             x10, 4(x8!)          x8=10001ed8 x10:3dd0bc00  x8:10001ed4  PA:10001ed4
14230068ns          250169 1c0081ee 00078363 beq              x15, x0, 6          x15:00000000
14230127ns          250172 1c0081f4 ff7412e3 bne              x8, x23, -28         x8:10001ed8 x23:10001fc8
14230187ns          250175 1c0081d8 094c7553 fsub.s           f10, f24, f20       f10=xxxxxxxx f24:3fc90fdb f20:3f18b4a8
14230207ns          250176 1c0081dc 57c000ef jal              x1, 1404             x1=1c0081de
14230247ns          250178 1c008758 a0a527d3 feq.s            x15, f10, f10       x15=00000001 f10:3f796b0e f10:3f796b0e
14230267ns          250179 1c00875c 0a078b63 beq              x15, x0, 182        x15:00000001
14230287ns          250180 1c00875e e00517d3 fclass.s         x15, f10            x15=00000040 f10:3f796b0e
14230306ns          250181 1c008762 0817f793 andi             x15, x15, 129       x15=00000000 x15:00000040
14230326ns          250182 1c008766 0a079663 bne              x15, x0, 172        x15:00000000
14230346ns          250183 1c008768 00000793 addi             x15, x0, 0          x15=00000000
14230366ns          250184 1c00876c a0f517d3 flt.s            x15, f10, f15       x15=00000000 f10:3f796b0e f15:00000000
14230386ns          250185 1c008770 0a079663 bne              x15, x0, 172        x15:00000000
14230406ns          250186 1c008772 1c000737 lui              x14, 0x1c000000     x14=1c000000
14230426ns          250187 1c008776 02072783 lw               x15, 32(x14)        x15=40c90fdb x14:1c000000  PA:1c000020
14230744ns          250203 1c00877a a0a797d3 flt.s            x15, f15, f10       x15=00000000 f15:40c90fdb f10:3f796b0e
14230764ns          250204 1c00877e 00078b63 beq              x15, x0, 22         x15:00000000
14230824ns          250207 1c008794 00000793 addi             x15, x0, 0          x15=00000000
14230843ns          250208 1c008798 a0f517d3 flt.s            x15, f10, f15       x15=00000000 f10:3f796b0e f15:00000000
14230863ns          250209 1c00879c 08079a63 bne              x15, x0, 148        x15:00000000
14230883ns          250210 1c00879e 1c0007b7 lui              x15, 0x1c000000     x15=1c000000
14230903ns          250211 1c0087a2 01c7a783 lw               x15, 28(x15)        x15=3fc90fdb x15:1c000000  PA:1c00001c
14231221ns          250227 1c0087a6 a0f517d3 flt.s            x15, f10, f15       x15=00000001 f10:3f796b0e f15:3fc90fdb
14231241ns          250228 1c0087aa 02079563 bne              x15, x0, 42         x15:00000001
14231301ns          250231 1c0087d4 10a57553 fmul.s           f10, f10, f10       f10=xxxxxxxx f10:3f796b0e f10:3f796b0e
14231321ns          250232 1c0087d8 1c0007b7 lui              x15, 0x1c000000     x15=1c000000
14231341ns          250233 1c0087dc 1c000737 lui              x14, 0x1c000000     x14=1c000000
14231361ns          250234 1c0087e0 13472703 lw               x14, 308(x14)       x14=bab59551 x14:1c000000  PA:1c000134
14231679ns          250250 1c0087e4 1307a783 lw               x15, 304(x15)       x15=37c23ab1 x15:1c000000  PA:1c000130
14232037ns          250268 1c0087e8 70f577c3 fmadd.s          f15, f10, f15, f14  f15=xxxxxxxx f10:3f73016e f15:37c23ab1 f14:bab59551
14232057ns          250269 1c0087ec 1c000737 lui              x14, 0x1c000000     x14=1c000000
14232077ns          250270 1c0087f0 13872703 lw               x14, 312(x14)       x14=3d2aa76f x14:1c000000  PA:1c000138
14232395ns          250286 1c0087f4 70f577c3 fmadd.s          f15, f10, f15, f14  f15=xxxxxxxx f10:3f73016e f15:bab2b3d6 f14:3d2aa76f
14232415ns          250287 1c0087f8 1c000737 lui              x14, 0x1c000000     x14=1c000000
14232435ns          250288 1c0087fc 13c72703 lw               x14, 316(x14)       x14=beffffe0 x14:1c000000  PA:1c00013c
14232753ns          250304 1c008800 70f577c3 fmadd.s          f15, f10, f15, f14  f15=xxxxxxxx f10:3f73016e f15:3d255a61 f14:beffffe0
14232773ns          250305 1c008804 1c000737 lui              x14, 0x1c000000     x14=1c000000
14232793ns          250306 1c008808 16872703 lw               x14, 360(x14)       x14=3f7fffff x14:1c000000  PA:1c000168
14233111ns          250322 1c00880c 70f57543 fmadd.s          f10, f10, f15, f14  f10=xxxxxxxx f10:3f73016e f15:beec6129 f14:3f7fffff
14233131ns          250323 1c008810 00008067 jalr             x0, x1, 0            x1:1c0081de
14233191ns          250326 1c0081de 016a7a53 fadd.s           f20, f20, f22       f20=xxxxxxxx f20:3f18b4a8 f22:3efd2311
14233210ns          250327 1c0081e2 10acf553 fmul.s           f10, f25, f10       f10=xxxxxxxx f25:3f800000 f10:3f0fcf39
14233230ns          250328 1c0081e6 a14a97d3 flt.s            x15, f21, f20       x15=00000000 f21:40c90fdb f20:3f8ba318
14233250ns          250329 1c0081ea 00a4222b p.sw             x10, 4(x8!)          x8=10001edc x10:3f0fcf39  x8:10001ed8  PA:10001ed8
14233270ns          250330 1c0081ee 00078363 beq              x15, x0, 6          x15:00000000
14233330ns          250333 1c0081f4 ff7412e3 bne              x8, x23, -28         x8:10001edc x23:10001fc8
14233389ns          250336 1c0081d8 094c7553 fsub.s           f10, f24, f20       f10=xxxxxxxx f24:3fc90fdb f20:3f8ba318
14233409ns          250337 1c0081dc 57c000ef jal              x1, 1404             x1=1c0081de
14233449ns          250339 1c008758 a0a527d3 feq.s            x15, f10, f10       x15=00000001 f10:3ef5b30c f10:3ef5b30c
14233469ns          250340 1c00875c 0a078b63 beq              x15, x0, 182        x15:00000001
14233489ns          250341 1c00875e e00517d3 fclass.s         x15, f10            x15=00000040 f10:3ef5b30c
14233509ns          250342 1c008762 0817f793 andi             x15, x15, 129       x15=00000000 x15:00000040
14233529ns          250343 1c008766 0a079663 bne              x15, x0, 172        x15:00000000
14233549ns          250344 1c008768 00000793 addi             x15, x0, 0          x15=00000000
14233568ns          250345 1c00876c a0f517d3 flt.s            x15, f10, f15       x15=00000000 f10:3ef5b30c f15:00000000
14233588ns          250346 1c008770 0a079663 bne              x15, x0, 172        x15:00000000
14233608ns          250347 1c008772 1c000737 lui              x14, 0x1c000000     x14=1c000000
14233628ns          250348 1c008776 02072783 lw               x15, 32(x14)        x15=40c90fdb x14:1c000000  PA:1c000020
14233966ns          250365 1c00877a a0a797d3 flt.s            x15, f15, f10       x15=00000000 f15:40c90fdb f10:3ef5b30c
14233986ns          250366 1c00877e 00078b63 beq              x15, x0, 22         x15:00000000
14234046ns          250369 1c008794 00000793 addi             x15, x0, 0          x15=00000000
14234066ns          250370 1c008798 a0f517d3 flt.s            x15, f10, f15       x15=00000000 f10:3ef5b30c f15:00000000
14234086ns          250371 1c00879c 08079a63 bne              x15, x0, 148        x15:00000000
14234106ns          250372 1c00879e 1c0007b7 lui              x15, 0x1c000000     x15=1c000000
14234125ns          250373 1c0087a2 01c7a783 lw               x15, 28(x15)        x15=3fc90fdb x15:1c000000  PA:1c00001c
14234444ns          250389 1c0087a6 a0f517d3 flt.s            x15, f10, f15       x15=00000001 f10:3ef5b30c f15:3fc90fdb
14234464ns          250390 1c0087aa 02079563 bne              x15, x0, 42         x15:00000001
14234523ns          250393 1c0087d4 10a57553 fmul.s           f10, f10, f10       f10=xxxxxxxx f10:3ef5b30c f10:3ef5b30c
14234543ns          250394 1c0087d8 1c0007b7 lui              x15, 0x1c000000     x15=1c000000
14234563ns          250395 1c0087dc 1c000737 lui              x14, 0x1c000000     x14=1c000000
14234583ns          250396 1c0087e0 13472703 lw               x14, 308(x14)       x14=bab59551 x14:1c000000  PA:1c000134
14234901ns          250412 1c0087e4 1307a783 lw               x15, 304(x15)       x15=37c23ab1 x15:1c000000  PA:1c000130
14235239ns          250429 1c0087e8 70f577c3 fmadd.s          f15, f10, f15, f14  f15=xxxxxxxx f10:3e6bd032 f15:37c23ab1 f14:bab59551
14235259ns          250430 1c0087ec 1c000737 lui              x14, 0x1c000000     x14=1c000000
14235279ns          250431 1c0087f0 13872703 lw               x14, 312(x14)       x14=3d2aa76f x14:1c000000  PA:1c000138
14235617ns          250448 1c0087f4 70f577c3 fmadd.s          f15, f10, f15, f14  f15=xxxxxxxx f10:3e6bd032 f15:bab4e267 f14:3d2aa76f
14235637ns          250449 1c0087f8 1c000737 lui              x14, 0x1c000000     x14=1c000000
14235657ns          250450 1c0087fc 13c72703 lw               x14, 316(x14)       x14=beffffe0 x14:1c000000  PA:1c00013c
14236055ns          250470 1c008800 70f577c3 fmadd.s          f15, f10, f15, f14  f15=xxxxxxxx f10:3e6bd032 f15:3d295a31 f14:beffffe0
14236075ns          250471 1c008804 1c000737 lui              x14, 0x1c000000     x14=1c000000
14236095ns          250472 1c008808 16872703 lw               x14, 360(x14)       x14=3f7fffff x14:1c000000  PA:1c000168
14236413ns          250488 1c00880c 70f57543 fmadd.s          f10, f10, f15, f14  f10=xxxxxxxx f10:3e6bd032 f15:befb1fe4 f14:3f7fffff
14236433ns          250489 1c008810 00008067 jalr             x0, x1, 0            x1:1c0081de
14236492ns          250492 1c0081de 016a7a53 fadd.s           f20, f20, f22       f20=xxxxxxxx f20:3f8ba318 f22:3efd2311
14236512ns          250493 1c0081e2 10acf553 fmul.s           f10, f25, f10       f10=xxxxxxxx f25:3f800000 f10:3f6315af
14236532ns          250494 1c0081e6 a14a97d3 flt.s            x15, f21, f20       x15=00000000 f21:40c90fdb f20:3fcaebdc
14236552ns          250495 1c0081ea 00a4222b p.sw             x10, 4(x8!)          x8=10001ee0 x10:3f6315af  x8:10001edc  PA:10001edc
14236572ns          250496 1c0081ee 00078363 beq              x15, x0, 6          x15:00000000
14236632ns          250499 1c0081f4 ff7412e3 bne              x8, x23, -28         x8:10001ee0 x23:10001fc8
14236691ns          250502 1c0081d8 094c7553 fsub.s           f10, f24, f20       f10=xxxxxxxx f24:3fc90fdb f20:3fcaebdc
14236711ns          250503 1c0081dc 57c000ef jal              x1, 1404             x1=1c0081de
14236751ns          250505 1c008758 a0a527d3 feq.s            x15, f10, f10       x15=00000001 f10:bc6e0080 f10:bc6e0080
14236771ns          250506 1c00875c 0a078b63 beq              x15, x0, 182        x15:00000001
14236791ns          250507 1c00875e e00517d3 fclass.s         x15, f10            x15=00000002 f10:bc6e0080
14236811ns          250508 1c008762 0817f793 andi             x15, x15, 129       x15=00000000 x15:00000002
14236831ns          250509 1c008766 0a079663 bne              x15, x0, 172        x15:00000000
14236850ns          250510 1c008768 00000793 addi             x15, x0, 0          x15=00000000
14236870ns          250511 1c00876c a0f517d3 flt.s            x15, f10, f15       x15=00000001 f10:bc6e0080 f15:00000000
14236890ns          250512 1c008770 0a079663 bne              x15, x0, 172        x15:00000001
14236950ns          250515 1c00881c 1c0007b7 lui              x15, 0x1c000000     x15=1c000000
14236970ns          250516 1c008820 12c7a783 lw               x15, 300(x15)       x15=c0c90fdb x15:1c000000  PA:1c00012c
14237328ns          250534 1c008824 a0f517d3 flt.s            x15, f10, f15       x15=00000000 f10:bc6e0080 f15:c0c90fdb
14237348ns          250535 1c008828 00078463 beq              x15, x0, 8          x15:00000000
14237407ns          250538 1c008830 20a51553 fsgnjn.s         f10, f10, f10       f10=xxxxxxxx f10:bc6e0080 f10:bc6e0080
14237427ns          250539 1c008834 f6bff06f jal              x0, -150           
14237487ns          250542 1c00879e 1c0007b7 lui              x15, 0x1c000000     x15=1c000000
14237507ns          250543 1c0087a2 01c7a783 lw               x15, 28(x15)        x15=3fc90fdb x15:1c000000  PA:1c00001c
14237825ns          250559 1c0087a6 a0f517d3 flt.s            x15, f10, f15       x15=00000001 f10:3c6e0080 f15:3fc90fdb
14237845ns          250560 1c0087aa 02079563 bne              x15, x0, 42         x15:00000001
14237905ns          250563 1c0087d4 10a57553 fmul.s           f10, f10, f10       f10=xxxxxxxx f10:3c6e0080 f10:3c6e0080
14237925ns          250564 1c0087d8 1c0007b7 lui              x15, 0x1c000000     x15=1c000000
14237944ns          250565 1c0087dc 1c000737 lui              x14, 0x1c000000     x14=1c000000
14237964ns          250566 1c0087e0 13472703 lw               x14, 308(x14)       x14=bab59551 x14:1c000000  PA:1c000134
14238263ns          250581 1c0087e4 1307a783 lw               x15, 304(x15)       x15=37c23ab1 x15:1c000000  PA:1c000130
14238601ns          250598 1c0087e8 70f577c3 fmadd.s          f15, f10, f15, f14  f15=xxxxxxxx f10:395d44ee f15:37c23ab1 f14:bab59551
14238621ns          250599 1c0087ec 1c000737 lui              x14, 0x1c000000     x14=1c000000
14238641ns          250600 1c0087f0 13872703 lw               x14, 312(x14)       x14=3d2aa76f x14:1c000000  PA:1c000138
14238959ns          250616 1c0087f4 70f577c3 fmadd.s          f15, f10, f15, f14  f15=xxxxxxxx f10:395d44ee f15:bab59527 f14:3d2aa76f
14238979ns          250617 1c0087f8 1c000737 lui              x14, 0x1c000000     x14=1c000000
14238999ns          250618 1c0087fc 13c72703 lw               x14, 316(x14)       x14=beffffe0 x14:1c000000  PA:1c00013c
14239317ns          250634 1c008800 70f577c3 fmadd.s          f15, f10, f15, f14  f15=xxxxxxxx f10:395d44ee f15:3d2aa721 f14:beffffe0
14239337ns          250635 1c008804 1c000737 lui              x14, 0x1c000000     x14=1c000000
14239357ns          250636 1c008808 16872703 lw               x14, 360(x14)       x14=3f7fffff x14:1c000000  PA:1c000168
14239675ns          250652 1c00880c 70f57543 fmadd.s          f10, f10, f15, f14  f10=xxxxxxxx f10:395d44ee f15:befffeb9 f14:3f7fffff
14239695ns          250653 1c008810 00008067 jalr             x0, x1, 0            x1:1c0081de
14239754ns          250656 1c0081de 016a7a53 fadd.s           f20, f20, f22       f20=xxxxxxxx f20:3fcaebdc f22:3efd2311
14239774ns          250657 1c0081e2 10acf553 fmul.s           f10, f25, f10       f10=xxxxxxxx f25:3f800000 f10:3f7ff915
14239794ns          250658 1c0081e6 a14a97d3 flt.s            x15, f21, f20       x15=00000000 f21:40c90fdb f20:40051a50
14239814ns          250659 1c0081ea 00a4222b p.sw             x10, 4(x8!)          x8=10001ee4 x10:3f7ff915  x8:10001ee0  PA:10001ee0
14239834ns          250660 1c0081ee 00078363 beq              x15, x0, 6          x15:00000000
14239894ns          250663 1c0081f4 ff7412e3 bne              x8, x23, -28         x8:10001ee4 x23:10001fc8
14239953ns          250666 1c0081d8 094c7553 fsub.s           f10, f24, f20       f10=xxxxxxxx f24:3fc90fdb f20:40051a50
14239973ns          250667 1c0081dc 57c000ef jal              x1, 1404             x1=1c0081de
14240013ns          250669 1c008758 a0a527d3 feq.s            x15, f10, f10       x15=00000001 f10:bf02498a f10:bf02498a
14240033ns          250670 1c00875c 0a078b63 beq              x15, x0, 182        x15:00000001
14240053ns          250671 1c00875e e00517d3 fclass.s         x15, f10            x15=00000002 f10:bf02498a
14240073ns          250672 1c008762 0817f793 andi             x15, x15, 129       x15=00000000 x15:00000002
14240093ns          250673 1c008766 0a079663 bne              x15, x0, 172        x15:00000000
14240113ns          250674 1c008768 00000793 addi             x15, x0, 0          x15=00000000
14240132ns          250675 1c00876c a0f517d3 flt.s            x15, f10, f15       x15=00000001 f10:bf02498a f15:00000000
14240152ns          250676 1c008770 0a079663 bne              x15, x0, 172        x15:00000001
14240212ns          250679 1c00881c 1c0007b7 lui              x15, 0x1c000000     x15=1c000000
14240232ns          250680 1c008820 12c7a783 lw               x15, 300(x15)       x15=c0c90fdb x15:1c000000  PA:1c00012c
14240550ns          250696 1c008824 a0f517d3 flt.s            x15, f10, f15       x15=00000000 f10:bf02498a f15:c0c90fdb
14240570ns          250697 1c008828 00078463 beq              x15, x0, 8          x15:00000000
14240630ns          250700 1c008830 20a51553 fsgnjn.s         f10, f10, f10       f10=xxxxxxxx f10:bf02498a f10:bf02498a
14240650ns          250701 1c008834 f6bff06f jal              x0, -150           
14240709ns          250704 1c00879e 1c0007b7 lui              x15, 0x1c000000     x15=1c000000
14240729ns          250705 1c0087a2 01c7a783 lw               x15, 28(x15)        x15=3fc90fdb x15:1c000000  PA:1c00001c
14241047ns          250721 1c0087a6 a0f517d3 flt.s            x15, f10, f15       x15=00000001 f10:3f02498a f15:3fc90fdb
14241067ns          250722 1c0087aa 02079563 bne              x15, x0, 42         x15:00000001
14241127ns          250725 1c0087d4 10a57553 fmul.s           f10, f10, f10       f10=xxxxxxxx f10:3f02498a f10:3f02498a
14241147ns          250726 1c0087d8 1c0007b7 lui              x15, 0x1c000000     x15=1c000000
14241167ns          250727 1c0087dc 1c000737 lui              x14, 0x1c000000     x14=1c000000
14241187ns          250728 1c0087e0 13472703 lw               x14, 308(x14)       x14=bab59551 x14:1c000000  PA:1c000134
14241485ns          250743 1c0087e4 1307a783 lw               x15, 304(x15)       x15=37c23ab1 x15:1c000000  PA:1c000130
14241803ns          250759 1c0087e8 70f577c3 fmadd.s          f15, f10, f15, f14  f15=xxxxxxxx f10:3e849d8b f15:37c23ab1 f14:bab59551
14241823ns          250760 1c0087ec 1c000737 lui              x14, 0x1c000000     x14=1c000000
14241843ns          250761 1c0087f0 13872703 lw               x14, 312(x14)       x14=3d2aa76f x14:1c000000  PA:1c000138
14242161ns          250777 1c0087f4 70f577c3 fmadd.s          f15, f10, f15, f14  f15=xxxxxxxx f10:3e849d8b f15:bab4cc15 f14:3d2aa76f
14242181ns          250778 1c0087f8 1c000737 lui              x14, 0x1c000000     x14=1c000000
14242201ns          250779 1c0087fc 13c72703 lw               x14, 316(x14)       x14=beffffe0 x14:1c000000  PA:1c00013c
14242579ns          250798 1c008800 70f577c3 fmadd.s          f15, f10, f15, f14  f15=xxxxxxxx f10:3e849d8b f15:3d2930cd f14:beffffe0
14242599ns          250799 1c008804 1c000737 lui              x14, 0x1c000000     x14=1c000000
14242619ns          250800 1c008808 16872703 lw               x14, 360(x14)       x14=3f7fffff x14:1c000000  PA:1c000168
14242937ns          250816 1c00880c 70f57543 fmadd.s          f10, f10, f15, f14  f10=xxxxxxxx f10:3e849d8b f15:befa858b f14:3f7fffff
14242957ns          250817 1c008810 00008067 jalr             x0, x1, 0            x1:1c0081de
14243017ns          250820 1c0081de 016a7a53 fadd.s           f20, f20, f22       f20=xxxxxxxx f20:40051a50 f22:3efd2311
14243036ns          250821 1c0081e2 10acf553 fmul.s           f10, f25, f10       f10=xxxxxxxx f25:3f800000 f10:3f5f8e3d
14243056ns          250822 1c0081e6 a14a97d3 flt.s            x15, f21, f20       x15=00000000 f21:40c90fdb f20:4024beb2
14243076ns          250823 1c0081ea 00a4222b p.sw             x10, 4(x8!)          x8=10001ee8 x10:3f5f8e3d  x8:10001ee4  PA:10001ee4
14243096ns          250824 1c0081ee 00078363 beq              x15, x0, 6          x15:00000000
14243156ns          250827 1c0081f4 ff7412e3 bne              x8, x23, -28         x8:10001ee8 x23:10001fc8
14243215ns          250830 1c0081d8 094c7553 fsub.s           f10, f24, f20       f10=xxxxxxxx f24:3fc90fdb f20:4024beb2
14243235ns          250831 1c0081dc 57c000ef jal              x1, 1404             x1=1c0081de
14243275ns          250833 1c008758 a0a527d3 feq.s            x15, f10, f10       x15=00000001 f10:bf806d89 f10:bf806d89
14243295ns          250834 1c00875c 0a078b63 beq              x15, x0, 182        x15:00000001
14243315ns          250835 1c00875e e00517d3 fclass.s         x15, f10            x15=00000002 f10:bf806d89
14243335ns          250836 1c008762 0817f793 andi             x15, x15, 129       x15=00000000 x15:00000002
14243355ns          250837 1c008766 0a079663 bne              x15, x0, 172        x15:00000000
14243375ns          250838 1c008768 00000793 addi             x15, x0, 0          x15=00000000
14243395ns          250839 1c00876c a0f517d3 flt.s            x15, f10, f15       x15=00000001 f10:bf806d89 f15:00000000
14243414ns          250840 1c008770 0a079663 bne              x15, x0, 172        x15:00000001
14243474ns          250843 1c00881c 1c0007b7 lui              x15, 0x1c000000     x15=1c000000
14243494ns          250844 1c008820 12c7a783 lw               x15, 300(x15)       x15=c0c90fdb x15:1c000000  PA:1c00012c
14243832ns          250861 1c008824 a0f517d3 flt.s            x15, f10, f15       x15=00000000 f10:bf806d89 f15:c0c90fdb
14243852ns          250862 1c008828 00078463 beq              x15, x0, 8          x15:00000000
14243912ns          250865 1c008830 20a51553 fsgnjn.s         f10, f10, f10       f10=xxxxxxxx f10:bf806d89 f10:bf806d89
14243932ns          250866 1c008834 f6bff06f jal              x0, -150           
14243991ns          250869 1c00879e 1c0007b7 lui              x15, 0x1c000000     x15=1c000000
14244011ns          250870 1c0087a2 01c7a783 lw               x15, 28(x15)        x15=3fc90fdb x15:1c000000  PA:1c00001c
14244349ns          250887 1c0087a6 a0f517d3 flt.s            x15, f10, f15       x15=00000001 f10:3f806d89 f15:3fc90fdb
14244369ns          250888 1c0087aa 02079563 bne              x15, x0, 42         x15:00000001
14244429ns          250891 1c0087d4 10a57553 fmul.s           f10, f10, f10       f10=xxxxxxxx f10:3f806d89 f10:3f806d89
14244449ns          250892 1c0087d8 1c0007b7 lui              x15, 0x1c000000     x15=1c000000
14244469ns          250893 1c0087dc 1c000737 lui              x14, 0x1c000000     x14=1c000000
14244488ns          250894 1c0087e0 13472703 lw               x14, 308(x14)       x14=bab59551 x14:1c000000  PA:1c000134
14244787ns          250909 1c0087e4 1307a783 lw               x15, 304(x15)       x15=37c23ab1 x15:1c000000  PA:1c000130
14245105ns          250925 1c0087e8 70f577c3 fmadd.s          f15, f10, f15, f14  f15=xxxxxxxx f10:3f80db70 f15:37c23ab1 f14:bab59551
14245125ns          250926 1c0087ec 1c000737 lui              x14, 0x1c000000     x14=1c000000
14245145ns          250927 1c0087f0 13872703 lw               x14, 312(x14)       x14=3d2aa76f x14:1c000000  PA:1c000138
14245463ns          250943 1c0087f4 70f577c3 fmadd.s          f15, f10, f15, f14  f15=xxxxxxxx f10:3f80db70 f15:bab28732 f14:3d2aa76f
14245483ns          250944 1c0087f8 1c000737 lui              x14, 0x1c000000     x14=1c000000
14245503ns          250945 1c0087fc 13c72703 lw               x14, 316(x14)       x14=beffffe0 x14:1c000000  PA:1c00013c
14245821ns          250961 1c008800 70f577c3 fmadd.s          f15, f10, f15, f14  f15=xxxxxxxx f10:3f80db70 f15:3d2509a5 f14:beffffe0
14245841ns          250962 1c008804 1c000737 lui              x14, 0x1c000000     x14=1c000000
14245861ns          250963 1c008808 16872703 lw               x14, 360(x14)       x14=3f7fffff x14:1c000000  PA:1c000168
14246179ns          250979 1c00880c 70f57543 fmadd.s          f10, f10, f15, f14  f10=xxxxxxxx f10:3f80db70 f15:beeb3b4e f14:3f7fffff
14246199ns          250980 1c008810 00008067 jalr             x0, x1, 0            x1:1c0081de
14246259ns          250983 1c0081de 016a7a53 fadd.s           f20, f20, f22       f20=xxxxxxxx f20:4024beb2 f22:3efd2311
14246279ns          250984 1c0081e2 10acf553 fmul.s           f10, f25, f10       f10=xxxxxxxx f25:3f800000 f10:3f0998b5
14246299ns          250985 1c0081e6 a14a97d3 flt.s            x15, f21, f20       x15=00000000 f21:40c90fdb f20:40446314
14246318ns          250986 1c0081ea 00a4222b p.sw             x10, 4(x8!)          x8=10001eec x10:3f0998b5  x8:10001ee8  PA:10001ee8
14246338ns          250987 1c0081ee 00078363 beq              x15, x0, 6          x15:00000000
14246398ns          250990 1c0081f4 ff7412e3 bne              x8, x23, -28         x8:10001eec x23:10001fc8
14246458ns          250993 1c0081d8 094c7553 fsub.s           f10, f24, f20       f10=xxxxxxxx f24:3fc90fdb f20:40446314
14246478ns          250994 1c0081dc 57c000ef jal              x1, 1404             x1=1c0081de
14246517ns          250996 1c008758 a0a527d3 feq.s            x15, f10, f10       x15=00000001 f10:bfbfb64d f10:bfbfb64d
14246537ns          250997 1c00875c 0a078b63 beq              x15, x0, 182        x15:00000001
14246557ns          250998 1c00875e e00517d3 fclass.s         x15, f10            x15=00000002 f10:bfbfb64d
14246577ns          250999 1c008762 0817f793 andi             x15, x15, 129       x15=00000000 x15:00000002
14246597ns          251000 1c008766 0a079663 bne              x15, x0, 172        x15:00000000
14246617ns          251001 1c008768 00000793 addi             x15, x0, 0          x15=00000000
14246637ns          251002 1c00876c a0f517d3 flt.s            x15, f10, f15       x15=00000001 f10:bfbfb64d f15:00000000
14246657ns          251003 1c008770 0a079663 bne              x15, x0, 172        x15:00000001
14246716ns          251006 1c00881c 1c0007b7 lui              x15, 0x1c000000     x15=1c000000
14246736ns          251007 1c008820 12c7a783 lw               x15, 300(x15)       x15=c0c90fdb x15:1c000000  PA:1c00012c
14247054ns          251023 1c008824 a0f517d3 flt.s            x15, f10, f15       x15=00000000 f10:bfbfb64d f15:c0c90fdb
14247074ns          251024 1c008828 00078463 beq              x15, x0, 8          x15:00000000
14247134ns          251027 1c008830 20a51553 fsgnjn.s         f10, f10, f10       f10=xxxxxxxx f10:bfbfb64d f10:bfbfb64d
14247154ns          251028 1c008834 f6bff06f jal              x0, -150           
14247214ns          251031 1c00879e 1c0007b7 lui              x15, 0x1c000000     x15=1c000000
14247233ns          251032 1c0087a2 01c7a783 lw               x15, 28(x15)        x15=3fc90fdb x15:1c000000  PA:1c00001c
14247552ns          251048 1c0087a6 a0f517d3 flt.s            x15, f10, f15       x15=00000001 f10:3fbfb64d f15:3fc90fdb
14247572ns          251049 1c0087aa 02079563 bne              x15, x0, 42         x15:00000001
14247631ns          251052 1c0087d4 10a57553 fmul.s           f10, f10, f10       f10=xxxxxxxx f10:3fbfb64d f10:3fbfb64d
14247651ns          251053 1c0087d8 1c0007b7 lui              x15, 0x1c000000     x15=1c000000
14247671ns          251054 1c0087dc 1c000737 lui              x14, 0x1c000000     x14=1c000000
14247691ns          251055 1c0087e0 13472703 lw               x14, 308(x14)       x14=bab59551 x14:1c000000  PA:1c000134
14247989ns          251070 1c0087e4 1307a783 lw               x15, 304(x15)       x15=37c23ab1 x15:1c000000  PA:1c000130
14248308ns          251086 1c0087e8 70f577c3 fmadd.s          f15, f10, f15, f14  f15=xxxxxxxx f10:400f9189 f15:37c23ab1 f14:bab59551
14248327ns          251087 1c0087ec 1c000737 lui              x14, 0x1c000000     x14=1c000000
14248347ns          251088 1c0087f0 13872703 lw               x14, 312(x14)       x14=3d2aa76f x14:1c000000  PA:1c000138
14248666ns          251104 1c0087f4 70f577c3 fmadd.s          f15, f10, f15, f14  f15=xxxxxxxx f10:400f9189 f15:baaec67e f14:3d2aa76f
14248685ns          251105 1c0087f8 1c000737 lui              x14, 0x1c000000     x14=1c000000
14248705ns          251106 1c0087fc 13c72703 lw               x14, 316(x14)       x14=beffffe0 x14:1c000000  PA:1c00013c
14249024ns          251122 1c008800 70f577c3 fmadd.s          f15, f10, f15, f14  f15=xxxxxxxx f10:400f9189 f15:3d1e66e7 f14:beffffe0
14249043ns          251123 1c008804 1c000737 lui              x14, 0x1c000000     x14=1c000000
14249063ns          251124 1c008808 16872703 lw               x14, 360(x14)       x14=3f7fffff x14:1c000000  PA:1c000168
14249382ns          251140 1c00880c 70f57543 fmadd.s          f10, f10, f15, f14  f10=xxxxxxxx f10:400f9189 f15:bed3951c f14:3f7fffff
14249402ns          251141 1c008810 00008067 jalr             x0, x1, 0            x1:1c0081de
14249461ns          251144 1c0081de 016a7a53 fadd.s           f20, f20, f22       f20=xxxxxxxx f20:40446314 f22:3efd2311
14249481ns          251145 1c0081e2 10acf553 fmul.s           f10, f25, f10       f10=xxxxxxxx f25:3f800000 f10:3d9576c3
14249501ns          251146 1c0081e6 a14a97d3 flt.s            x15, f21, f20       x15=00000000 f21:40c90fdb f20:40640776
14249521ns          251147 1c0081ea 00a4222b p.sw             x10, 4(x8!)          x8=10001ef0 x10:3d9576c3  x8:10001eec  PA:10001eec
14249541ns          251148 1c0081ee 00078363 beq              x15, x0, 6          x15:00000000
14249600ns          251151 1c0081f4 ff7412e3 bne              x8, x23, -28         x8:10001ef0 x23:10001fc8
14249660ns          251154 1c0081d8 094c7553 fsub.s           f10, f24, f20       f10=xxxxxxxx f24:3fc90fdb f20:40640776
14249680ns          251155 1c0081dc 57c000ef jal              x1, 1404             x1=1c0081de
14249720ns          251157 1c008758 a0a527d3 feq.s            x15, f10, f10       x15=00000001 f10:bffeff11 f10:bffeff11
14249740ns          251158 1c00875c 0a078b63 beq              x15, x0, 182        x15:00000001
14249760ns          251159 1c00875e e00517d3 fclass.s         x15, f10            x15=00000002 f10:bffeff11
14249779ns          251160 1c008762 0817f793 andi             x15, x15, 129       x15=00000000 x15:00000002
14249799ns          251161 1c008766 0a079663 bne              x15, x0, 172        x15:00000000
14249819ns          251162 1c008768 00000793 addi             x15, x0, 0          x15=00000000
14249839ns          251163 1c00876c a0f517d3 flt.s            x15, f10, f15       x15=00000001 f10:bffeff11 f15:00000000
14249859ns          251164 1c008770 0a079663 bne              x15, x0, 172        x15:00000001
14249919ns          251167 1c00881c 1c0007b7 lui              x15, 0x1c000000     x15=1c000000
14249939ns          251168 1c008820 12c7a783 lw               x15, 300(x15)       x15=c0c90fdb x15:1c000000  PA:1c00012c
14250277ns          251185 1c008824 a0f517d3 flt.s            x15, f10, f15       x15=00000000 f10:bffeff11 f15:c0c90fdb
14250297ns          251186 1c008828 00078463 beq              x15, x0, 8          x15:00000000
14250356ns          251189 1c008830 20a51553 fsgnjn.s         f10, f10, f10       f10=xxxxxxxx f10:bffeff11 f10:bffeff11
14250376ns          251190 1c008834 f6bff06f jal              x0, -150           
14250436ns          251193 1c00879e 1c0007b7 lui              x15, 0x1c000000     x15=1c000000
14250456ns          251194 1c0087a2 01c7a783 lw               x15, 28(x15)        x15=3fc90fdb x15:1c000000  PA:1c00001c
14250794ns          251211 1c0087a6 a0f517d3 flt.s            x15, f10, f15       x15=00000000 f10:3ffeff11 f15:3fc90fdb
14250814ns          251212 1c0087aa 02079563 bne              x15, x0, 42         x15:00000000
14250834ns          251213 1c0087ac 1c0007b7 lui              x15, 0x1c000000     x15=1c000000
14250854ns          251214 1c0087b0 1007a783 lw               x15, 256(x15)       x15=40490fdb x15:1c000000  PA:1c000100
14251192ns          251231 1c0087b4 a0f51753 flt.s            x14, f10, f15       x14=00000001 f10:3ffeff11 f15:40490fdb
14251212ns          251232 1c0087b8 06071f63 bne              x14, x0, 126        x14:00000001
14251291ns          251236 1c008836 08a7f553 fsub.s           f10, f15, f10       f10=xxxxxxxx f15:40490fdb f10:3ffeff11
14251311ns          251237 1c00883a 10a57553 fmul.s           f10, f10, f10       f10=xxxxxxxx f10:3f9320a5 f10:3f9320a5
14251331ns          251238 1c00883e 1c0007b7 lui              x15, 0x1c000000     x15=1c000000
14251351ns          251239 1c008842 1c000737 lui              x14, 0x1c000000     x14=1c000000
14251371ns          251240 1c008846 13472703 lw               x14, 308(x14)       x14=bab59551 x14:1c000000  PA:1c000134
14251709ns          251257 1c00884a 1307a783 lw               x15, 304(x15)       x15=37c23ab1 x15:1c000000  PA:1c000130
14252027ns          251273 1c00884e 70f577c3 fmadd.s          f15, f10, f15, f14  f15=xxxxxxxx f10:3fa91d03 f15:37c23ab1 f14:bab59551
14252047ns          251274 1c008852 1c000737 lui              x14, 0x1c000000     x14=1c000000
14252067ns          251275 1c008856 13872703 lw               x14, 312(x14)       x14=3d2aa76f x14:1c000000  PA:1c000138
14252405ns          251292 1c00885a 70f577c3 fmadd.s          f15, f10, f15, f14  f15=xxxxxxxx f10:3fa91d03 f15:bab192db f14:3d2aa76f
14252425ns          251293 1c00885e 1c000737 lui              x14, 0x1c000000     x14=1c000000
14252445ns          251294 1c008862 13c72703 lw               x14, 316(x14)       x14=beffffe0 x14:1c000000  PA:1c00013c
14252763ns          251310 1c008866 70f577c3 fmadd.s          f15, f10, f15, f14  f15=xxxxxxxx f10:3fa91d03 f15:3d23528e f14:beffffe0
14252783ns          251311 1c00886a 1c000737 lui              x14, 0x1c000000     x14=1c000000
14252803ns          251312 1c00886e 16872703 lw               x14, 360(x14)       x14=3f7fffff x14:1c000000  PA:1c000168
14253121ns          251328 1c008872 70f57543 fmadd.s          f10, f10, f15, f14  f10=xxxxxxxx f10:3fa91d03 f15:bee506df f14:3f7fffff
14253141ns          251329 1c008876 20a51553 fsgnjn.s         f10, f10, f10       f10=xxxxxxxx f10:3ed16903 f10:3ed16903
14253161ns          251330 1c00887a 00008067 jalr             x0, x1, 0            x1:1c0081de
14253221ns          251333 1c0081de 016a7a53 fadd.s           f20, f20, f22       f20=xxxxxxxx f20:40640776 f22:3efd2311
14253240ns          251334 1c0081e2 10acf553 fmul.s           f10, f25, f10       f10=xxxxxxxx f25:3f800000 f10:bed16903
14253260ns          251335 1c0081e6 a14a97d3 flt.s            x15, f21, f20       x15=00000000 f21:40c90fdb f20:4081d5ec
14253280ns          251336 1c0081ea 00a4222b p.sw             x10, 4(x8!)          x8=10001ef4 x10:bed16903  x8:10001ef0  PA:10001ef0
14253300ns          251337 1c0081ee 00078363 beq              x15, x0, 6          x15:00000000
14253360ns          251340 1c0081f4 ff7412e3 bne              x8, x23, -28         x8:10001ef4 x23:10001fc8
14253419ns          251343 1c0081d8 094c7553 fsub.s           f10, f24, f20       f10=xxxxxxxx f24:3fc90fdb f20:4081d5ec
14253439ns          251344 1c0081dc 57c000ef jal              x1, 1404             x1=1c0081de
14253479ns          251346 1c008758 a0a527d3 feq.s            x15, f10, f10       x15=00000001 f10:c01f23ea f10:c01f23ea
14253499ns          251347 1c00875c 0a078b63 beq              x15, x0, 182        x15:00000001
14253519ns          251348 1c00875e e00517d3 fclass.s         x15, f10            x15=00000002 f10:c01f23ea
14253539ns          251349 1c008762 0817f793 andi             x15, x15, 129       x15=00000000 x15:00000002
14253559ns          251350 1c008766 0a079663 bne              x15, x0, 172        x15:00000000
14253579ns          251351 1c008768 00000793 addi             x15, x0, 0          x15=00000000
14253598ns          251352 1c00876c a0f517d3 flt.s            x15, f10, f15       x15=00000001 f10:c01f23ea f15:00000000
14253618ns          251353 1c008770 0a079663 bne              x15, x0, 172        x15:00000001
14253678ns          251356 1c00881c 1c0007b7 lui              x15, 0x1c000000     x15=1c000000
14253698ns          251357 1c008820 12c7a783 lw               x15, 300(x15)       x15=c0c90fdb x15:1c000000  PA:1c00012c
14254076ns          251376 1c008824 a0f517d3 flt.s            x15, f10, f15       x15=00000000 f10:c01f23ea f15:c0c90fdb
14254096ns          251377 1c008828 00078463 beq              x15, x0, 8          x15:00000000
14254155ns          251380 1c008830 20a51553 fsgnjn.s         f10, f10, f10       f10=xxxxxxxx f10:c01f23ea f10:c01f23ea
14254175ns          251381 1c008834 f6bff06f jal              x0, -150           
14254235ns          251384 1c00879e 1c0007b7 lui              x15, 0x1c000000     x15=1c000000
14254255ns          251385 1c0087a2 01c7a783 lw               x15, 28(x15)        x15=3fc90fdb x15:1c000000  PA:1c00001c
14254593ns          251402 1c0087a6 a0f517d3 flt.s            x15, f10, f15       x15=00000000 f10:401f23ea f15:3fc90fdb
14254613ns          251403 1c0087aa 02079563 bne              x15, x0, 42         x15:00000000
14254633ns          251404 1c0087ac 1c0007b7 lui              x15, 0x1c000000     x15=1c000000
14254653ns          251405 1c0087b0 1007a783 lw               x15, 256(x15)       x15=40490fdb x15:1c000000  PA:1c000100
14254971ns          251421 1c0087b4 a0f51753 flt.s            x14, f10, f15       x14=00000001 f10:401f23ea f15:40490fdb
14254991ns          251422 1c0087b8 06071f63 bne              x14, x0, 126        x14:00000001
14255070ns          251426 1c008836 08a7f553 fsub.s           f10, f15, f10       f10=xxxxxxxx f15:40490fdb f10:401f23ea
14255090ns          251427 1c00883a 10a57553 fmul.s           f10, f10, f10       f10=xxxxxxxx f10:3f27afc4 f10:3f27afc4
14255110ns          251428 1c00883e 1c0007b7 lui              x15, 0x1c000000     x15=1c000000
14255130ns          251429 1c008842 1c000737 lui              x14, 0x1c000000     x14=1c000000
14255150ns          251430 1c008846 13472703 lw               x14, 308(x14)       x14=bab59551 x14:1c000000  PA:1c000134
14255448ns          251445 1c00884a 1307a783 lw               x15, 304(x15)       x15=37c23ab1 x15:1c000000  PA:1c000130
14255767ns          251461 1c00884e 70f577c3 fmadd.s          f15, f10, f15, f14  f15=xxxxxxxx f10:3edbad95 f15:37c23ab1 f14:bab59551
14255786ns          251462 1c008852 1c000737 lui              x14, 0x1c000000     x14=1c000000
14255806ns          251463 1c008856 13872703 lw               x14, 312(x14)       x14=3d2aa76f x14:1c000000  PA:1c000138
14256125ns          251479 1c00885a 70f577c3 fmadd.s          f15, f10, f15, f14  f15=xxxxxxxx f10:3edbad95 f15:bab447f9 f14:3d2aa76f
14256144ns          251480 1c00885e 1c000737 lui              x14, 0x1c000000     x14=1c000000
14256164ns          251481 1c008862 13c72703 lw               x14, 316(x14)       x14=beffffe0 x14:1c000000  PA:1c00013c
14256562ns          251501 1c008866 70f577c3 fmadd.s          f15, f10, f15, f14  f15=xxxxxxxx f10:3edbad95 f15:3d283ca0 f14:beffffe0
14256582ns          251502 1c00886a 1c000737 lui              x14, 0x1c000000     x14=1c000000
14256602ns          251503 1c00886e 16872703 lw               x14, 360(x14)       x14=3f7fffff x14:1c000000  PA:1c000168
14256920ns          251519 1c008872 70f57543 fmadd.s          f10, f10, f15, f14  f10=xxxxxxxx f10:3edbad95 f15:bef6fa01 f14:3f7fffff
14256940ns          251520 1c008876 20a51553 fsgnjn.s         f10, f10, f10       f10=xxxxxxxx f10:3f4b042a f10:3f4b042a
14256960ns          251521 1c00887a 00008067 jalr             x0, x1, 0            x1:1c0081de
14257020ns          251524 1c0081de 016a7a53 fadd.s           f20, f20, f22       f20=xxxxxxxx f20:4081d5ec f22:3efd2311
14257040ns          251525 1c0081e2 10acf553 fmul.s           f10, f25, f10       f10=xxxxxxxx f25:3f800000 f10:bf4b042a
14257059ns          251526 1c0081e6 a14a97d3 flt.s            x15, f21, f20       x15=00000000 f21:40c90fdb f20:4091a81d
14257079ns          251527 1c0081ea 00a4222b p.sw             x10, 4(x8!)          x8=10001ef8 x10:bf4b042a  x8:10001ef4  PA:10001ef4
14257099ns          251528 1c0081ee 00078363 beq              x15, x0, 6          x15:00000000
14257159ns          251531 1c0081f4 ff7412e3 bne              x8, x23, -28         x8:10001ef8 x23:10001fc8
14257219ns          251534 1c0081d8 094c7553 fsub.s           f10, f24, f20       f10=xxxxxxxx f24:3fc90fdb f20:4091a81d
14257238ns          251535 1c0081dc 57c000ef jal              x1, 1404             x1=1c0081de
14257278ns          251537 1c008758 a0a527d3 feq.s            x15, f10, f10       x15=00000001 f10:c03ec84c f10:c03ec84c
14257298ns          251538 1c00875c 0a078b63 beq              x15, x0, 182        x15:00000001
14257318ns          251539 1c00875e e00517d3 fclass.s         x15, f10            x15=00000002 f10:c03ec84c
14257338ns          251540 1c008762 0817f793 andi             x15, x15, 129       x15=00000000 x15:00000002
14257358ns          251541 1c008766 0a079663 bne              x15, x0, 172        x15:00000000
14257378ns          251542 1c008768 00000793 addi             x15, x0, 0          x15=00000000
14257398ns          251543 1c00876c a0f517d3 flt.s            x15, f10, f15       x15=00000001 f10:c03ec84c f15:00000000
14257417ns          251544 1c008770 0a079663 bne              x15, x0, 172        x15:00000001
14257477ns          251547 1c00881c 1c0007b7 lui              x15, 0x1c000000     x15=1c000000
14257497ns          251548 1c008820 12c7a783 lw               x15, 300(x15)       x15=c0c90fdb x15:1c000000  PA:1c00012c
14257815ns          251564 1c008824 a0f517d3 flt.s            x15, f10, f15       x15=00000000 f10:c03ec84c f15:c0c90fdb
14257835ns          251565 1c008828 00078463 beq              x15, x0, 8          x15:00000000
14257895ns          251568 1c008830 20a51553 fsgnjn.s         f10, f10, f10       f10=xxxxxxxx f10:c03ec84c f10:c03ec84c
14257915ns          251569 1c008834 f6bff06f jal              x0, -150           
14257974ns          251572 1c00879e 1c0007b7 lui              x15, 0x1c000000     x15=1c000000
14257994ns          251573 1c0087a2 01c7a783 lw               x15, 28(x15)        x15=3fc90fdb x15:1c000000  PA:1c00001c
14258332ns          251590 1c0087a6 a0f517d3 flt.s            x15, f10, f15       x15=00000000 f10:403ec84c f15:3fc90fdb
14258352ns          251591 1c0087aa 02079563 bne              x15, x0, 42         x15:00000000
14258372ns          251592 1c0087ac 1c0007b7 lui              x15, 0x1c000000     x15=1c000000
14258392ns          251593 1c0087b0 1007a783 lw               x15, 256(x15)       x15=40490fdb x15:1c000000  PA:1c000100
14258710ns          251609 1c0087b4 a0f51753 flt.s            x14, f10, f15       x14=00000001 f10:403ec84c f15:40490fdb
14258730ns          251610 1c0087b8 06071f63 bne              x14, x0, 126        x14:00000001
14258810ns          251614 1c008836 08a7f553 fsub.s           f10, f15, f10       f10=xxxxxxxx f15:40490fdb f10:403ec84c
14258830ns          251615 1c00883a 10a57553 fmul.s           f10, f10, f10       f10=xxxxxxxx f10:3e2478f0 f10:3e2478f0
14258850ns          251616 1c00883e 1c0007b7 lui              x15, 0x1c000000     x15=1c000000
14258870ns          251617 1c008842 1c000737 lui              x14, 0x1c000000     x14=1c000000
14258889ns          251618 1c008846 13472703 lw               x14, 308(x14)       x14=bab59551 x14:1c000000  PA:1c000134
14259188ns          251633 1c00884a 1307a783 lw               x15, 304(x15)       x15=37c23ab1 x15:1c000000  PA:1c000130
14259506ns          251649 1c00884e 70f577c3 fmadd.s          f15, f10, f15, f14  f15=xxxxxxxx f10:3cd35659 f15:37c23ab1 f14:bab59551
14259526ns          251650 1c008852 1c000737 lui              x14, 0x1c000000     x14=1c000000
14259546ns          251651 1c008856 13872703 lw               x14, 312(x14)       x14=3d2aa76f x14:1c000000  PA:1c000138
14259884ns          251668 1c00885a 70f577c3 fmadd.s          f15, f10, f15, f14  f15=xxxxxxxx f10:3cd35659 f15:bab58146 f14:3d2aa76f
14259904ns          251669 1c00885e 1c000737 lui              x14, 0x1c000000     x14=1c000000
14259924ns          251670 1c008862 13c72703 lw               x14, 316(x14)       x14=beffffe0 x14:1c000000  PA:1c00013c
14260242ns          251686 1c008866 70f577c3 fmadd.s          f15, f10, f15, f14  f15=xxxxxxxx f10:3cd35659 f15:3d2a81f9 f14:beffffe0
14260262ns          251687 1c00886a 1c000737 lui              x14, 0x1c000000     x14=1c000000
14260282ns          251688 1c00886e 16872703 lw               x14, 360(x14)       x14=3f7fffff x14:1c000000  PA:1c000168
14260600ns          251704 1c008872 70f57543 fmadd.s          f10, f10, f15, f14  f10=xxxxxxxx f10:3cd35659 f15:beff731d f14:3f7fffff
14260620ns          251705 1c008876 20a51553 fsgnjn.s         f10, f10, f10       f10=xxxxxxxx f10:3f7cb477 f10:3f7cb477
14260640ns          251706 1c00887a 00008067 jalr             x0, x1, 0            x1:1c0081de
14260699ns          251709 1c0081de 016a7a53 fadd.s           f20, f20, f22       f20=xxxxxxxx f20:4091a81d f22:3efd2311
14260719ns          251710 1c0081e2 10acf553 fmul.s           f10, f25, f10       f10=xxxxxxxx f25:3f800000 f10:bf7cb477
14260739ns          251711 1c0081e6 a14a97d3 flt.s            x15, f21, f20       x15=00000000 f21:40c90fdb f20:40a17a4e
14260759ns          251712 1c0081ea 00a4222b p.sw             x10, 4(x8!)          x8=10001efc x10:bf7cb477  x8:10001ef8  PA:10001ef8
14260779ns          251713 1c0081ee 00078363 beq              x15, x0, 6          x15:00000000
14260839ns          251716 1c0081f4 ff7412e3 bne              x8, x23, -28         x8:10001efc x23:10001fc8
14260898ns          251719 1c0081d8 094c7553 fsub.s           f10, f24, f20       f10=xxxxxxxx f24:3fc90fdb f20:40a17a4e
14260918ns          251720 1c0081dc 57c000ef jal              x1, 1404             x1=1c0081de
14260958ns          251722 1c008758 a0a527d3 feq.s            x15, f10, f10       x15=00000001 f10:c05e6cae f10:c05e6cae
14260978ns          251723 1c00875c 0a078b63 beq              x15, x0, 182        x15:00000001
14260998ns          251724 1c00875e e00517d3 fclass.s         x15, f10            x15=00000002 f10:c05e6cae
14261018ns          251725 1c008762 0817f793 andi             x15, x15, 129       x15=00000000 x15:00000002
14261038ns          251726 1c008766 0a079663 bne              x15, x0, 172        x15:00000000
14261057ns          251727 1c008768 00000793 addi             x15, x0, 0          x15=00000000
14261077ns          251728 1c00876c a0f517d3 flt.s            x15, f10, f15       x15=00000001 f10:c05e6cae f15:00000000
14261097ns          251729 1c008770 0a079663 bne              x15, x0, 172        x15:00000001
14261157ns          251732 1c00881c 1c0007b7 lui              x15, 0x1c000000     x15=1c000000
14261177ns          251733 1c008820 12c7a783 lw               x15, 300(x15)       x15=c0c90fdb x15:1c000000  PA:1c00012c
14261495ns          251749 1c008824 a0f517d3 flt.s            x15, f10, f15       x15=00000000 f10:c05e6cae f15:c0c90fdb
14261515ns          251750 1c008828 00078463 beq              x15, x0, 8          x15:00000000
14261575ns          251753 1c008830 20a51553 fsgnjn.s         f10, f10, f10       f10=xxxxxxxx f10:c05e6cae f10:c05e6cae
14261595ns          251754 1c008834 f6bff06f jal              x0, -150           
14261654ns          251757 1c00879e 1c0007b7 lui              x15, 0x1c000000     x15=1c000000
14261674ns          251758 1c0087a2 01c7a783 lw               x15, 28(x15)        x15=3fc90fdb x15:1c000000  PA:1c00001c
14261992ns          251774 1c0087a6 a0f517d3 flt.s            x15, f10, f15       x15=00000000 f10:405e6cae f15:3fc90fdb
14262012ns          251775 1c0087aa 02079563 bne              x15, x0, 42         x15:00000000
14262032ns          251776 1c0087ac 1c0007b7 lui              x15, 0x1c000000     x15=1c000000
14262052ns          251777 1c0087b0 1007a783 lw               x15, 256(x15)       x15=40490fdb x15:1c000000  PA:1c000100
14262370ns          251793 1c0087b4 a0f51753 flt.s            x14, f10, f15       x14=00000000 f10:405e6cae f15:40490fdb
14262390ns          251794 1c0087b8 06071f63 bne              x14, x0, 126        x14:00000000
14262410ns          251795 1c0087ba 1c000737 lui              x14, 0x1c000000     x14=1c000000
14262430ns          251796 1c0087be 14072703 lw               x14, 320(x14)       x14=4096cbe4 x14:1c000000  PA:1c000140
14262808ns          251815 1c0087c2 a0e51753 flt.s            x14, f10, f14       x14=00000001 f10:405e6cae f14:4096cbe4
14262828ns          251816 1c0087c6 0a071b63 bne              x14, x0, 182        x14:00000001
14262887ns          251819 1c00887c 08f57553 fsub.s           f10, f10, f15       f10=xxxxxxxx f10:405e6cae f15:40490fdb
14262907ns          251820 1c008880 fbbff06f jal              x0, -70            
14262967ns          251823 1c00883a 10a57553 fmul.s           f10, f10, f10       f10=xxxxxxxx f10:3eaae698 f10:3eaae698
14262987ns          251824 1c00883e 1c0007b7 lui              x15, 0x1c000000     x15=1c000000
14263007ns          251825 1c008842 1c000737 lui              x14, 0x1c000000     x14=1c000000
14263027ns          251826 1c008846 13472703 lw               x14, 308(x14)       x14=bab59551 x14:1c000000  PA:1c000134
14263325ns          251841 1c00884a 1307a783 lw               x15, 304(x15)       x15=37c23ab1 x15:1c000000  PA:1c000130
14263643ns          251857 1c00884e 70f577c3 fmadd.s          f15, f10, f15, f14  f15=xxxxxxxx f10:3de42e23 f15:37c23ab1 f14:bab59551
14263663ns          251858 1c008852 1c000737 lui              x14, 0x1c000000     x14=1c000000
14263683ns          251859 1c008856 13872703 lw               x14, 312(x14)       x14=3d2aa76f x14:1c000000  PA:1c000138
14264021ns          251876 1c00885a 70f577c3 fmadd.s          f15, f10, f15, f14  f15=xxxxxxxx f10:3de42e23 f15:bab53ec1 f14:3d2aa76f
14264041ns          251877 1c00885e 1c000737 lui              x14, 0x1c000000     x14=1c000000
14264061ns          251878 1c008862 13c72703 lw               x14, 316(x14)       x14=beffffe0 x14:1c000000  PA:1c00013c
14264379ns          251894 1c008866 70f577c3 fmadd.s          f15, f10, f15, f14  f15=xxxxxxxx f10:3de42e23 f15:3d2a05e2 f14:beffffe0
14264399ns          251895 1c00886a 1c000737 lui              x14, 0x1c000000     x14=1c000000
14264419ns          251896 1c00886e 16872703 lw               x14, 360(x14)       x14=3f7fffff x14:1c000000  PA:1c000168
14264817ns          251916 1c008872 70f57543 fmadd.s          f10, f10, f15, f14  f10=xxxxxxxx f10:3de42e23 f15:befda1b0 f14:3f7fffff
14264837ns          251917 1c008876 20a51553 fsgnjn.s         f10, f10, f10       f10=xxxxxxxx f10:3f71dee4 f10:3f71dee4
14264857ns          251918 1c00887a 00008067 jalr             x0, x1, 0            x1:1c0081de
14264916ns          251921 1c0081de 016a7a53 fadd.s           f20, f20, f22       f20=xxxxxxxx f20:40a17a4e f22:3efd2311
14264936ns          251922 1c0081e2 10acf553 fmul.s           f10, f25, f10       f10=xxxxxxxx f25:3f800000 f10:bf71dee4
14264956ns          251923 1c0081e6 a14a97d3 flt.s            x15, f21, f20       x15=00000000 f21:40c90fdb f20:40b14c7f
14264976ns          251924 1c0081ea 00a4222b p.sw             x10, 4(x8!)          x8=10001f00 x10:bf71dee4  x8:10001efc  PA:10001efc
14264996ns          251925 1c0081ee 00078363 beq              x15, x0, 6          x15:00000000
14265056ns          251928 1c0081f4 ff7412e3 bne              x8, x23, -28         x8:10001f00 x23:10001fc8
14265115ns          251931 1c0081d8 094c7553 fsub.s           f10, f24, f20       f10=xxxxxxxx f24:3fc90fdb f20:40b14c7f
14265135ns          251932 1c0081dc 57c000ef jal              x1, 1404             x1=1c0081de
14265175ns          251934 1c008758 a0a527d3 feq.s            x15, f10, f10       x15=00000001 f10:c07e1110 f10:c07e1110
14265195ns          251935 1c00875c 0a078b63 beq              x15, x0, 182        x15:00000001
14265215ns          251936 1c00875e e00517d3 fclass.s         x15, f10            x15=00000002 f10:c07e1110
14265235ns          251937 1c008762 0817f793 andi             x15, x15, 129       x15=00000000 x15:00000002
14265254ns          251938 1c008766 0a079663 bne              x15, x0, 172        x15:00000000
14265274ns          251939 1c008768 00000793 addi             x15, x0, 0          x15=00000000
14265294ns          251940 1c00876c a0f517d3 flt.s            x15, f10, f15       x15=00000001 f10:c07e1110 f15:00000000
14265314ns          251941 1c008770 0a079663 bne              x15, x0, 172        x15:00000001
14265374ns          251944 1c00881c 1c0007b7 lui              x15, 0x1c000000     x15=1c000000
14265394ns          251945 1c008820 12c7a783 lw               x15, 300(x15)       x15=c0c90fdb x15:1c000000  PA:1c00012c
14265732ns          251962 1c008824 a0f517d3 flt.s            x15, f10, f15       x15=00000000 f10:c07e1110 f15:c0c90fdb
14265752ns          251963 1c008828 00078463 beq              x15, x0, 8          x15:00000000
14265811ns          251966 1c008830 20a51553 fsgnjn.s         f10, f10, f10       f10=xxxxxxxx f10:c07e1110 f10:c07e1110
14265831ns          251967 1c008834 f6bff06f jal              x0, -150           
14265891ns          251970 1c00879e 1c0007b7 lui              x15, 0x1c000000     x15=1c000000
14265911ns          251971 1c0087a2 01c7a783 lw               x15, 28(x15)        x15=3fc90fdb x15:1c000000  PA:1c00001c
14266229ns          251987 1c0087a6 a0f517d3 flt.s            x15, f10, f15       x15=00000000 f10:407e1110 f15:3fc90fdb
14266249ns          251988 1c0087aa 02079563 bne              x15, x0, 42         x15:00000000
14266269ns          251989 1c0087ac 1c0007b7 lui              x15, 0x1c000000     x15=1c000000
14266289ns          251990 1c0087b0 1007a783 lw               x15, 256(x15)       x15=40490fdb x15:1c000000  PA:1c000100
14266647ns          252008 1c0087b4 a0f51753 flt.s            x14, f10, f15       x14=00000000 f10:407e1110 f15:40490fdb
14266667ns          252009 1c0087b8 06071f63 bne              x14, x0, 126        x14:00000000
14266687ns          252010 1c0087ba 1c000737 lui              x14, 0x1c000000     x14=1c000000
14266706ns          252011 1c0087be 14072703 lw               x14, 320(x14)       x14=4096cbe4 x14:1c000000  PA:1c000140
14267025ns          252027 1c0087c2 a0e51753 flt.s            x14, f10, f14       x14=00000001 f10:407e1110 f14:4096cbe4
14267045ns          252028 1c0087c6 0a071b63 bne              x14, x0, 182        x14:00000001
14267104ns          252031 1c00887c 08f57553 fsub.s           f10, f10, f15       f10=xxxxxxxx f10:407e1110 f15:40490fdb
14267124ns          252032 1c008880 fbbff06f jal              x0, -70            
14267184ns          252035 1c00883a 10a57553 fmul.s           f10, f10, f10       f10=xxxxxxxx f10:3f5404d4 f10:3f5404d4
14267204ns          252036 1c00883e 1c0007b7 lui              x15, 0x1c000000     x15=1c000000
14267224ns          252037 1c008842 1c000737 lui              x14, 0x1c000000     x14=1c000000
14267244ns          252038 1c008846 13472703 lw               x14, 308(x14)       x14=bab59551 x14:1c000000  PA:1c000134
14267542ns          252053 1c00884a 1307a783 lw               x15, 304(x15)       x15=37c23ab1 x15:1c000000  PA:1c000130
14267880ns          252070 1c00884e 70f577c3 fmadd.s          f15, f10, f15, f14  f15=xxxxxxxx f10:3f2f97ff f15:37c23ab1 f14:bab59551
14267900ns          252071 1c008852 1c000737 lui              x14, 0x1c000000     x14=1c000000
14267920ns          252072 1c008856 13872703 lw               x14, 312(x14)       x14=3d2aa76f x14:1c000000  PA:1c000138
14268238ns          252088 1c00885a 70f577c3 fmadd.s          f15, f10, f15, f14  f15=xxxxxxxx f10:3f2f97ff f15:bab3806b f14:3d2aa76f
14268258ns          252089 1c00885e 1c000737 lui              x14, 0x1c000000     x14=1c000000
14268278ns          252090 1c008862 13c72703 lw               x14, 316(x14)       x14=beffffe0 x14:1c000000  PA:1c00013c
14268596ns          252106 1c008866 70f577c3 fmadd.s          f15, f10, f15, f14  f15=xxxxxxxx f10:3f2f97ff f15:3d26ce74 f14:beffffe0
14268616ns          252107 1c00886a 1c000737 lui              x14, 0x1c000000     x14=1c000000
14268636ns          252108 1c00886e 16872703 lw               x14, 360(x14)       x14=3f7fffff x14:1c000000  PA:1c000168
14268954ns          252124 1c008872 70f57543 fmadd.s          f10, f10, f15, f14  f10=xxxxxxxx f10:3f2f97ff f15:bef1b29b f14:3f7fffff
14268974ns          252125 1c008876 20a51553 fsgnjn.s         f10, f10, f10       f10=xxxxxxxx f10:3f2d1bb2 f10:3f2d1bb2
14268994ns          252126 1c00887a 00008067 jalr             x0, x1, 0            x1:1c0081de
14269054ns          252129 1c0081de 016a7a53 fadd.s           f20, f20, f22       f20=xxxxxxxx f20:40b14c7f f22:3efd2311
14269073ns          252130 1c0081e2 10acf553 fmul.s           f10, f25, f10       f10=xxxxxxxx f25:3f800000 f10:bf2d1bb2
14269093ns          252131 1c0081e6 a14a97d3 flt.s            x15, f21, f20       x15=00000000 f21:40c90fdb f20:40c11eb0
14269113ns          252132 1c0081ea 00a4222b p.sw             x10, 4(x8!)          x8=10001f04 x10:bf2d1bb2  x8:10001f00  PA:10001f00
14269133ns          252133 1c0081ee 00078363 beq              x15, x0, 6          x15:00000000
14269193ns          252136 1c0081f4 ff7412e3 bne              x8, x23, -28         x8:10001f04 x23:10001fc8
14269252ns          252139 1c0081d8 094c7553 fsub.s           f10, f24, f20       f10=xxxxxxxx f24:3fc90fdb f20:40c11eb0
14269272ns          252140 1c0081dc 57c000ef jal              x1, 1404             x1=1c0081de
14269312ns          252142 1c008758 a0a527d3 feq.s            x15, f10, f10       x15=00000001 f10:c08edab9 f10:c08edab9
14269332ns          252143 1c00875c 0a078b63 beq              x15, x0, 182        x15:00000001
14269352ns          252144 1c00875e e00517d3 fclass.s         x15, f10            x15=00000002 f10:c08edab9
14269372ns          252145 1c008762 0817f793 andi             x15, x15, 129       x15=00000000 x15:00000002
14269392ns          252146 1c008766 0a079663 bne              x15, x0, 172        x15:00000000
14269412ns          252147 1c008768 00000793 addi             x15, x0, 0          x15=00000000
14269432ns          252148 1c00876c a0f517d3 flt.s            x15, f10, f15       x15=00000001 f10:c08edab9 f15:00000000
14269451ns          252149 1c008770 0a079663 bne              x15, x0, 172        x15:00000001
14269511ns          252152 1c00881c 1c0007b7 lui              x15, 0x1c000000     x15=1c000000
14269531ns          252153 1c008820 12c7a783 lw               x15, 300(x15)       x15=c0c90fdb x15:1c000000  PA:1c00012c
14269849ns          252169 1c008824 a0f517d3 flt.s            x15, f10, f15       x15=00000000 f10:c08edab9 f15:c0c90fdb
14269869ns          252170 1c008828 00078463 beq              x15, x0, 8          x15:00000000
14269929ns          252173 1c008830 20a51553 fsgnjn.s         f10, f10, f10       f10=xxxxxxxx f10:c08edab9 f10:c08edab9
14269949ns          252174 1c008834 f6bff06f jal              x0, -150           
14270008ns          252177 1c00879e 1c0007b7 lui              x15, 0x1c000000     x15=1c000000
14270028ns          252178 1c0087a2 01c7a783 lw               x15, 28(x15)        x15=3fc90fdb x15:1c000000  PA:1c00001c
14270346ns          252194 1c0087a6 a0f517d3 flt.s            x15, f10, f15       x15=00000000 f10:408edab9 f15:3fc90fdb
14270366ns          252195 1c0087aa 02079563 bne              x15, x0, 42         x15:00000000
14270386ns          252196 1c0087ac 1c0007b7 lui              x15, 0x1c000000     x15=1c000000
14270406ns          252197 1c0087b0 1007a783 lw               x15, 256(x15)       x15=40490fdb x15:1c000000  PA:1c000100
14270724ns          252213 1c0087b4 a0f51753 flt.s            x14, f10, f15       x14=00000000 f10:408edab9 f15:40490fdb
14270744ns          252214 1c0087b8 06071f63 bne              x14, x0, 126        x14:00000000
14270764ns          252215 1c0087ba 1c000737 lui              x14, 0x1c000000     x14=1c000000
14270784ns          252216 1c0087be 14072703 lw               x14, 320(x14)       x14=4096cbe4 x14:1c000000  PA:1c000140
14271102ns          252232 1c0087c2 a0e51753 flt.s            x14, f10, f14       x14=00000001 f10:408edab9 f14:4096cbe4
14271122ns          252233 1c0087c6 0a071b63 bne              x14, x0, 182        x14:00000001
14271182ns          252236 1c00887c 08f57553 fsub.s           f10, f10, f15       f10=xxxxxxxx f10:408edab9 f15:40490fdb
14271202ns          252237 1c008880 fbbff06f jal              x0, -70            
14271261ns          252240 1c00883a 10a57553 fmul.s           f10, f10, f10       f10=xxxxxxxx f10:3fa94b2e f10:3fa94b2e
14271281ns          252241 1c00883e 1c0007b7 lui              x15, 0x1c000000     x15=1c000000
14271301ns          252242 1c008842 1c000737 lui              x14, 0x1c000000     x14=1c000000
14271321ns          252243 1c008846 13472703 lw               x14, 308(x14)       x14=bab59551 x14:1c000000  PA:1c000134
14271679ns          252261 1c00884a 1307a783 lw               x15, 304(x15)       x15=37c23ab1 x15:1c000000  PA:1c000130
14271997ns          252277 1c00884e 70f577c3 fmadd.s          f15, f10, f15, f14  f15=xxxxxxxx f10:3fdfe8b2 f15:37c23ab1 f14:bab59551
14272017ns          252278 1c008852 1c000737 lui              x14, 0x1c000000     x14=1c000000
14272037ns          252279 1c008856 13872703 lw               x14, 312(x14)       x14=3d2aa76f x14:1c000000  PA:1c000138
14272375ns          252296 1c00885a 70f577c3 fmadd.s          f15, f10, f15, f14  f15=xxxxxxxx f10:3fdfe8b2 f15:bab04644 f14:3d2aa76f
14272395ns          252297 1c00885e 1c000737 lui              x14, 0x1c000000     x14=1c000000
14272415ns          252298 1c008862 13c72703 lw               x14, 316(x14)       x14=beffffe0 x14:1c000000  PA:1c00013c
14272733ns          252314 1c008866 70f577c3 fmadd.s          f15, f10, f15, f14  f15=xxxxxxxx f10:3fdfe8b2 f15:3d210498 f14:beffffe0
14272753ns          252315 1c00886a 1c000737 lui              x14, 0x1c000000     x14=1c000000
14272773ns          252316 1c00886e 16872703 lw               x14, 360(x14)       x14=3f7fffff x14:1c000000  PA:1c000168
14273091ns          252332 1c008872 70f57543 fmadd.s          f10, f10, f15, f14  f10=xxxxxxxx f10:3fdfe8b2 f15:bedcca89 f14:3f7fffff
14273111ns          252333 1c008876 20a51553 fsgnjn.s         f10, f10, f10       f10=xxxxxxxx f10:3e7b8b82 f10:3e7b8b82
14273131ns          252334 1c00887a 00008067 jalr             x0, x1, 0            x1:1c0081de
14273191ns          252337 1c0081de 016a7a53 fadd.s           f20, f20, f22       f20=xxxxxxxx f20:40c11eb0 f22:3efd2311
14273211ns          252338 1c0081e2 10acf553 fmul.s           f10, f25, f10       f10=xxxxxxxx f25:3f800000 f10:be7b8b82
14273231ns          252339 1c0081e6 a14a97d3 flt.s            x15, f21, f20       x15=00000001 f21:40c90fdb f20:40d0f0e1
14273251ns          252340 1c0081ea 00a4222b p.sw             x10, 4(x8!)          x8=10001f08 x10:be7b8b82  x8:10001f04  PA:10001f04
14273270ns          252341 1c0081ee 00078363 beq              x15, x0, 6          x15:00000001
14273290ns          252342 1c0081f0 095a7a53 fsub.s           f20, f20, f21       f20=xxxxxxxx f20:40d0f0e1 f21:40c90fdb
14273310ns          252343 1c0081f4 ff7412e3 bne              x8, x23, -28         x8:10001f08 x23:10001fc8
14273370ns          252346 1c0081d8 094c7553 fsub.s           f10, f24, f20       f10=xxxxxxxx f24:3fc90fdb f20:3e7c20c0
14273390ns          252347 1c0081dc 57c000ef jal              x1, 1404             x1=1c0081de
14273430ns          252349 1c008758 a0a527d3 feq.s            x15, f10, f10       x15=00000001 f10:3fa98bc3 f10:3fa98bc3
14273449ns          252350 1c00875c 0a078b63 beq              x15, x0, 182        x15:00000001
14273469ns          252351 1c00875e e00517d3 fclass.s         x15, f10            x15=00000040 f10:3fa98bc3
14273489ns          252352 1c008762 0817f793 andi             x15, x15, 129       x15=00000000 x15:00000040
14273509ns          252353 1c008766 0a079663 bne              x15, x0, 172        x15:00000000
14273529ns          252354 1c008768 00000793 addi             x15, x0, 0          x15=00000000
14273549ns          252355 1c00876c a0f517d3 flt.s            x15, f10, f15       x15=00000000 f10:3fa98bc3 f15:00000000
14273569ns          252356 1c008770 0a079663 bne              x15, x0, 172        x15:00000000
14273589ns          252357 1c008772 1c000737 lui              x14, 0x1c000000     x14=1c000000
14273609ns          252358 1c008776 02072783 lw               x15, 32(x14)        x15=40c90fdb x14:1c000000  PA:1c000020
14273927ns          252374 1c00877a a0a797d3 flt.s            x15, f15, f10       x15=00000000 f15:40c90fdb f10:3fa98bc3
14273947ns          252375 1c00877e 00078b63 beq              x15, x0, 22         x15:00000000
14274006ns          252378 1c008794 00000793 addi             x15, x0, 0          x15=00000000
14274026ns          252379 1c008798 a0f517d3 flt.s            x15, f10, f15       x15=00000000 f10:3fa98bc3 f15:00000000
14274046ns          252380 1c00879c 08079a63 bne              x15, x0, 148        x15:00000000
14274066ns          252381 1c00879e 1c0007b7 lui              x15, 0x1c000000     x15=1c000000
14274086ns          252382 1c0087a2 01c7a783 lw               x15, 28(x15)        x15=3fc90fdb x15:1c000000  PA:1c00001c
14274404ns          252398 1c0087a6 a0f517d3 flt.s            x15, f10, f15       x15=00000001 f10:3fa98bc3 f15:3fc90fdb
14274424ns          252399 1c0087aa 02079563 bne              x15, x0, 42         x15:00000001
14274484ns          252402 1c0087d4 10a57553 fmul.s           f10, f10, f10       f10=xxxxxxxx f10:3fa98bc3 f10:3fa98bc3
14274504ns          252403 1c0087d8 1c0007b7 lui              x15, 0x1c000000     x15=1c000000
14274524ns          252404 1c0087dc 1c000737 lui              x14, 0x1c000000     x14=1c000000
14274543ns          252405 1c0087e0 13472703 lw               x14, 308(x14)       x14=bab59551 x14:1c000000  PA:1c000134
14274842ns          252420 1c0087e4 1307a783 lw               x15, 304(x15)       x15=37c23ab1 x15:1c000000  PA:1c000130
14275160ns          252436 1c0087e8 70f577c3 fmadd.s          f15, f10, f15, f14  f15=xxxxxxxx f10:3fe093a8 f15:37c23ab1 f14:bab59551
14275180ns          252437 1c0087ec 1c000737 lui              x14, 0x1c000000     x14=1c000000
14275200ns          252438 1c0087f0 13872703 lw               x14, 312(x14)       x14=3d2aa76f x14:1c000000  PA:1c000138
14275518ns          252454 1c0087f4 70f577c3 fmadd.s          f15, f10, f15, f14  f15=xxxxxxxx f10:3fe093a8 f15:bab04236 f14:3d2aa76f
14275538ns          252455 1c0087f8 1c000737 lui              x14, 0x1c000000     x14=1c000000
14275558ns          252456 1c0087fc 13c72703 lw               x14, 316(x14)       x14=beffffe0 x14:1c000000  PA:1c00013c
14275896ns          252473 1c008800 70f577c3 fmadd.s          f15, f10, f15, f14  f15=xxxxxxxx f10:3fe093a8 f15:3d20fd75 f14:beffffe0
14275916ns          252474 1c008804 1c000737 lui              x14, 0x1c000000     x14=1c000000
14275936ns          252475 1c008808 16872703 lw               x14, 360(x14)       x14=3f7fffff x14:1c000000  PA:1c000168
14276254ns          252491 1c00880c 70f57543 fmadd.s          f10, f10, f15, f14  f10=xxxxxxxx f10:3fe093a8 f15:bedcb138 f14:3f7fffff
14276274ns          252492 1c008810 00008067 jalr             x0, x1, 0            x1:1c0081de
14276334ns          252495 1c0081de 016a7a53 fadd.s           f20, f20, f22       f20=xxxxxxxx f20:3e7c20c0 f22:3efd2311
14276353ns          252496 1c0081e2 10acf553 fmul.s           f10, f25, f10       f10=xxxxxxxx f25:3f800000 f10:3e79968e
14276373ns          252497 1c0081e6 a14a97d3 flt.s            x15, f21, f20       x15=00000000 f21:40c90fdb f20:3f3d99b8
14276393ns          252498 1c0081ea 00a4222b p.sw             x10, 4(x8!)          x8=10001f0c x10:3e79968e  x8:10001f08  PA:10001f08
14276413ns          252499 1c0081ee 00078363 beq              x15, x0, 6          x15:00000000
14276473ns          252502 1c0081f4 ff7412e3 bne              x8, x23, -28         x8:10001f0c x23:10001fc8
14276532ns          252505 1c0081d8 094c7553 fsub.s           f10, f24, f20       f10=xxxxxxxx f24:3fc90fdb f20:3f3d99b8
14276552ns          252506 1c0081dc 57c000ef jal              x1, 1404             x1=1c0081de
14276592ns          252508 1c008758 a0a527d3 feq.s            x15, f10, f10       x15=00000001 f10:3f5485fe f10:3f5485fe
14276612ns          252509 1c00875c 0a078b63 beq              x15, x0, 182        x15:00000001
14276632ns          252510 1c00875e e00517d3 fclass.s         x15, f10            x15=00000040 f10:3f5485fe
14276652ns          252511 1c008762 0817f793 andi             x15, x15, 129       x15=00000000 x15:00000040
14276672ns          252512 1c008766 0a079663 bne              x15, x0, 172        x15:00000000
14276692ns          252513 1c008768 00000793 addi             x15, x0, 0          x15=00000000
14276712ns          252514 1c00876c a0f517d3 flt.s            x15, f10, f15       x15=00000000 f10:3f5485fe f15:00000000
14276731ns          252515 1c008770 0a079663 bne              x15, x0, 172        x15:00000000
14276751ns          252516 1c008772 1c000737 lui              x14, 0x1c000000     x14=1c000000
14276771ns          252517 1c008776 02072783 lw               x15, 32(x14)        x15=40c90fdb x14:1c000000  PA:1c000020
14277089ns          252533 1c00877a a0a797d3 flt.s            x15, f15, f10       x15=00000000 f15:40c90fdb f10:3f5485fe
14277109ns          252534 1c00877e 00078b63 beq              x15, x0, 22         x15:00000000
14277169ns          252537 1c008794 00000793 addi             x15, x0, 0          x15=00000000
14277189ns          252538 1c008798 a0f517d3 flt.s            x15, f10, f15       x15=00000000 f10:3f5485fe f15:00000000
14277209ns          252539 1c00879c 08079a63 bne              x15, x0, 148        x15:00000000
14277229ns          252540 1c00879e 1c0007b7 lui              x15, 0x1c000000     x15=1c000000
14277249ns          252541 1c0087a2 01c7a783 lw               x15, 28(x15)        x15=3fc90fdb x15:1c000000  PA:1c00001c
14277567ns          252557 1c0087a6 a0f517d3 flt.s            x15, f10, f15       x15=00000001 f10:3f5485fe f15:3fc90fdb
14277587ns          252558 1c0087aa 02079563 bne              x15, x0, 42         x15:00000001
14277646ns          252561 1c0087d4 10a57553 fmul.s           f10, f10, f10       f10=xxxxxxxx f10:3f5485fe f10:3f5485fe
14277666ns          252562 1c0087d8 1c0007b7 lui              x15, 0x1c000000     x15=1c000000
14277686ns          252563 1c0087dc 1c000737 lui              x14, 0x1c000000     x14=1c000000
14277706ns          252564 1c0087e0 13472703 lw               x14, 308(x14)       x14=bab59551 x14:1c000000  PA:1c000134
14278004ns          252579 1c0087e4 1307a783 lw               x15, 304(x15)       x15=37c23ab1 x15:1c000000  PA:1c000130
14278362ns          252597 1c0087e8 70f577c3 fmadd.s          f15, f10, f15, f14  f15=xxxxxxxx f10:3f306e33 f15:37c23ab1 f14:bab59551
14278382ns          252598 1c0087ec 1c000737 lui              x14, 0x1c000000     x14=1c000000
14278402ns          252599 1c0087f0 13872703 lw               x14, 312(x14)       x14=3d2aa76f x14:1c000000  PA:1c000138
14278720ns          252615 1c0087f4 70f577c3 fmadd.s          f15, f10, f15, f14  f15=xxxxxxxx f10:3f306e33 f15:bab37de1 f14:3d2aa76f
14278740ns          252616 1c0087f8 1c000737 lui              x14, 0x1c000000     x14=1c000000
14278760ns          252617 1c0087fc 13c72703 lw               x14, 316(x14)       x14=beffffe0 x14:1c000000  PA:1c00013c
14279118ns          252635 1c008800 70f577c3 fmadd.s          f15, f10, f15, f14  f15=xxxxxxxx f10:3f306e33 f15:3d26c9d1 f14:beffffe0
14279138ns          252636 1c008804 1c000737 lui              x14, 0x1c000000     x14=1c000000
14279158ns          252637 1c008808 16872703 lw               x14, 360(x14)       x14=3f7fffff x14:1c000000  PA:1c000168
14279476ns          252653 1c00880c 70f57543 fmadd.s          f10, f10, f15, f14  f10=xxxxxxxx f10:3f306e33 f15:bef1a18f f14:3f7fffff
14279496ns          252654 1c008810 00008067 jalr             x0, x1, 0            x1:1c0081de
14279556ns          252657 1c0081de 016a7a53 fadd.s           f20, f20, f22       f20=xxxxxxxx f20:3f3d99b8 f22:3efd2311
14279576ns          252658 1c0081e2 10acf553 fmul.s           f10, f25, f10       f10=xxxxxxxx f25:3f800000 f10:3f2cbc74
14279596ns          252659 1c0081e6 a14a97d3 flt.s            x15, f21, f20       x15=00000000 f21:40c90fdb f20:3f9e15a0
14279616ns          252660 1c0081ea 00a4222b p.sw             x10, 4(x8!)          x8=10001f10 x10:3f2cbc74  x8:10001f0c  PA:10001f0c
14279635ns          252661 1c0081ee 00078363 beq              x15, x0, 6          x15:00000000
14279695ns          252664 1c0081f4 ff7412e3 bne              x8, x23, -28         x8:10001f10 x23:10001fc8
14279755ns          252667 1c0081d8 094c7553 fsub.s           f10, f24, f20       f10=xxxxxxxx f24:3fc90fdb f20:3f9e15a0
14279775ns          252668 1c0081dc 57c000ef jal              x1, 1404             x1=1c0081de
14279814ns          252670 1c008758 a0a527d3 feq.s            x15, f10, f10       x15=00000001 f10:3eabe8ec f10:3eabe8ec
14279834ns          252671 1c00875c 0a078b63 beq              x15, x0, 182        x15:00000001
14279854ns          252672 1c00875e e00517d3 fclass.s         x15, f10            x15=00000040 f10:3eabe8ec
14279874ns          252673 1c008762 0817f793 andi             x15, x15, 129       x15=00000000 x15:00000040
14279894ns          252674 1c008766 0a079663 bne              x15, x0, 172        x15:00000000
14279914ns          252675 1c008768 00000793 addi             x15, x0, 0          x15=00000000
14279934ns          252676 1c00876c a0f517d3 flt.s            x15, f10, f15       x15=00000000 f10:3eabe8ec f15:00000000
14279954ns          252677 1c008770 0a079663 bne              x15, x0, 172        x15:00000000
14279974ns          252678 1c008772 1c000737 lui              x14, 0x1c000000     x14=1c000000
14279993ns          252679 1c008776 02072783 lw               x15, 32(x14)        x15=40c90fdb x14:1c000000  PA:1c000020
14280312ns          252695 1c00877a a0a797d3 flt.s            x15, f15, f10       x15=00000000 f15:40c90fdb f10:3eabe8ec
14280332ns          252696 1c00877e 00078b63 beq              x15, x0, 22         x15:00000000
14280391ns          252699 1c008794 00000793 addi             x15, x0, 0          x15=00000000
14280411ns          252700 1c008798 a0f517d3 flt.s            x15, f10, f15       x15=00000000 f10:3eabe8ec f15:00000000
14280431ns          252701 1c00879c 08079a63 bne              x15, x0, 148        x15:00000000
14280451ns          252702 1c00879e 1c0007b7 lui              x15, 0x1c000000     x15=1c000000
14280471ns          252703 1c0087a2 01c7a783 lw               x15, 28(x15)        x15=3fc90fdb x15:1c000000  PA:1c00001c
14280789ns          252719 1c0087a6 a0f517d3 flt.s            x15, f10, f15       x15=00000001 f10:3eabe8ec f15:3fc90fdb
14280809ns          252720 1c0087aa 02079563 bne              x15, x0, 42         x15:00000001
14280869ns          252723 1c0087d4 10a57553 fmul.s           f10, f10, f10       f10=xxxxxxxx f10:3eabe8ec f10:3eabe8ec
14280889ns          252724 1c0087d8 1c0007b7 lui              x15, 0x1c000000     x15=1c000000
14280908ns          252725 1c0087dc 1c000737 lui              x14, 0x1c000000     x14=1c000000
14280928ns          252726 1c0087e0 13472703 lw               x14, 308(x14)       x14=bab59551 x14:1c000000  PA:1c000134
14281247ns          252742 1c0087e4 1307a783 lw               x15, 304(x15)       x15=37c23ab1 x15:1c000000  PA:1c000130
14281565ns          252758 1c0087e8 70f577c3 fmadd.s          f15, f10, f15, f14  f15=xxxxxxxx f10:3de6e1fe f15:37c23ab1 f14:bab59551
14281585ns          252759 1c0087ec 1c000737 lui              x14, 0x1c000000     x14=1c000000
14281605ns          252760 1c0087f0 13872703 lw               x14, 312(x14)       x14=3d2aa76f x14:1c000000  PA:1c000138
14281943ns          252777 1c0087f4 70f577c3 fmadd.s          f15, f10, f15, f14  f15=xxxxxxxx f10:3de6e1fe f15:bab53dbb f14:3d2aa76f
14281963ns          252778 1c0087f8 1c000737 lui              x14, 0x1c000000     x14=1c000000
14281983ns          252779 1c0087fc 13c72703 lw               x14, 316(x14)       x14=beffffe0 x14:1c000000  PA:1c00013c
14282341ns          252797 1c008800 70f577c3 fmadd.s          f15, f10, f15, f14  f15=xxxxxxxx f10:3de6e1fe f15:3d2a03fa f14:beffffe0
14282360ns          252798 1c008804 1c000737 lui              x14, 0x1c000000     x14=1c000000
14282380ns          252799 1c008808 16872703 lw               x14, 360(x14)       x14=3f7fffff x14:1c000000  PA:1c000168
14282719ns          252816 1c00880c 70f57543 fmadd.s          f10, f10, f15, f14  f10=xxxxxxxx f10:3de6e1fe f15:befd9a89 f14:3f7fffff
14282738ns          252817 1c008810 00008067 jalr             x0, x1, 0            x1:1c0081de
14282798ns          252820 1c0081de 016a7a53 fadd.s           f20, f20, f22       f20=xxxxxxxx f20:3f9e15a0 f22:3efd2311
14282818ns          252821 1c0081e2 10acf553 fmul.s           f10, f25, f10       f10=xxxxxxxx f25:3f800000 f10:3f71b474
14282838ns          252822 1c0081e6 a14a97d3 flt.s            x15, f21, f20       x15=00000000 f21:40c90fdb f20:3fdd5e64
14282858ns          252823 1c0081ea 00a4222b p.sw             x10, 4(x8!)          x8=10001f14 x10:3f71b474  x8:10001f10  PA:10001f10
14282878ns          252824 1c0081ee 00078363 beq              x15, x0, 6          x15:00000000
14282937ns          252827 1c0081f4 ff7412e3 bne              x8, x23, -28         x8:10001f14 x23:10001fc8
14282997ns          252830 1c0081d8 094c7553 fsub.s           f10, f24, f20       f10=xxxxxxxx f24:3fc90fdb f20:3fdd5e64
14283017ns          252831 1c0081dc 57c000ef jal              x1, 1404             x1=1c0081de
14283057ns          252833 1c008758 a0a527d3 feq.s            x15, f10, f10       x15=00000001 f10:be227448 f10:be227448
14283077ns          252834 1c00875c 0a078b63 beq              x15, x0, 182        x15:00000001
14283096ns          252835 1c00875e e00517d3 fclass.s         x15, f10            x15=00000002 f10:be227448
14283116ns          252836 1c008762 0817f793 andi             x15, x15, 129       x15=00000000 x15:00000002
14283136ns          252837 1c008766 0a079663 bne              x15, x0, 172        x15:00000000
14283156ns          252838 1c008768 00000793 addi             x15, x0, 0          x15=00000000
14283176ns          252839 1c00876c a0f517d3 flt.s            x15, f10, f15       x15=00000001 f10:be227448 f15:00000000
14283196ns          252840 1c008770 0a079663 bne              x15, x0, 172        x15:00000001
14283256ns          252843 1c00881c 1c0007b7 lui              x15, 0x1c000000     x15=1c000000
14283275ns          252844 1c008820 12c7a783 lw               x15, 300(x15)       x15=c0c90fdb x15:1c000000  PA:1c00012c
14283594ns          252860 1c008824 a0f517d3 flt.s            x15, f10, f15       x15=00000000 f10:be227448 f15:c0c90fdb
14283614ns          252861 1c008828 00078463 beq              x15, x0, 8          x15:00000000
14283673ns          252864 1c008830 20a51553 fsgnjn.s         f10, f10, f10       f10=xxxxxxxx f10:be227448 f10:be227448
14283693ns          252865 1c008834 f6bff06f jal              x0, -150           
14283753ns          252868 1c00879e 1c0007b7 lui              x15, 0x1c000000     x15=1c000000
14283773ns          252869 1c0087a2 01c7a783 lw               x15, 28(x15)        x15=3fc90fdb x15:1c000000  PA:1c00001c
14284091ns          252885 1c0087a6 a0f517d3 flt.s            x15, f10, f15       x15=00000001 f10:3e227448 f15:3fc90fdb
14284111ns          252886 1c0087aa 02079563 bne              x15, x0, 42         x15:00000001
14284171ns          252889 1c0087d4 10a57553 fmul.s           f10, f10, f10       f10=xxxxxxxx f10:3e227448 f10:3e227448
14284190ns          252890 1c0087d8 1c0007b7 lui              x15, 0x1c000000     x15=1c000000
14284210ns          252891 1c0087dc 1c000737 lui              x14, 0x1c000000     x14=1c000000
14284230ns          252892 1c0087e0 13472703 lw               x14, 308(x14)       x14=bab59551 x14:1c000000  PA:1c000134
14284568ns          252909 1c0087e4 1307a783 lw               x15, 304(x15)       x15=37c23ab1 x15:1c000000  PA:1c000130
14284887ns          252925 1c0087e8 70f577c3 fmadd.s          f15, f10, f15, f14  f15=xxxxxxxx f10:3cce2ec0 f15:37c23ab1 f14:bab59551
14284907ns          252926 1c0087ec 1c000737 lui              x14, 0x1c000000     x14=1c000000
14284926ns          252927 1c0087f0 13872703 lw               x14, 312(x14)       x14=3d2aa76f x14:1c000000  PA:1c000138
14285265ns          252944 1c0087f4 70f577c3 fmadd.s          f15, f10, f15, f14  f15=xxxxxxxx f10:3cce2ec0 f15:bab581c3 f14:3d2aa76f
14285284ns          252945 1c0087f8 1c000737 lui              x14, 0x1c000000     x14=1c000000
14285304ns          252946 1c0087fc 13c72703 lw               x14, 316(x14)       x14=beffffe0 x14:1c000000  PA:1c00013c
14285623ns          252962 1c008800 70f577c3 fmadd.s          f15, f10, f15, f14  f15=xxxxxxxx f10:3cce2ec0 f15:3d2a82e3 f14:beffffe0
14285642ns          252963 1c008804 1c000737 lui              x14, 0x1c000000     x14=1c000000
14285662ns          252964 1c008808 16872703 lw               x14, 360(x14)       x14=3f7fffff x14:1c000000  PA:1c000168
14285981ns          252980 1c00880c 70f57543 fmadd.s          f10, f10, f15, f14  f10=xxxxxxxx f10:3cce2ec0 f15:beff768c f14:3f7fffff
14286000ns          252981 1c008810 00008067 jalr             x0, x1, 0            x1:1c0081de
14286060ns          252984 1c0081de 016a7a53 fadd.s           f20, f20, f22       f20=xxxxxxxx f20:3fdd5e64 f22:3efd2311
14286080ns          252985 1c0081e2 10acf553 fmul.s           f10, f25, f10       f10=xxxxxxxx f25:3f800000 f10:3f7cc8ff
14286100ns          252986 1c0081e6 a14a97d3 flt.s            x15, f21, f20       x15=00000000 f21:40c90fdb f20:400e5394
14286120ns          252987 1c0081ea 00a4222b p.sw             x10, 4(x8!)          x8=10001f18 x10:3f7cc8ff  x8:10001f14  PA:10001f14
14286140ns          252988 1c0081ee 00078363 beq              x15, x0, 6          x15:00000000
14286199ns          252991 1c0081f4 ff7412e3 bne              x8, x23, -28         x8:10001f18 x23:10001fc8
14286259ns          252994 1c0081d8 094c7553 fsub.s           f10, f24, f20       f10=xxxxxxxx f24:3fc90fdb f20:400e5394
14286279ns          252995 1c0081dc 57c000ef jal              x1, 1404             x1=1c0081de
14286319ns          252997 1c008758 a0a527d3 feq.s            x15, f10, f10       x15=00000001 f10:bf272e9a f10:bf272e9a
14286339ns          252998 1c00875c 0a078b63 beq              x15, x0, 182        x15:00000001
14286359ns          252999 1c00875e e00517d3 fclass.s         x15, f10            x15=00000002 f10:bf272e9a
14286378ns          253000 1c008762 0817f793 andi             x15, x15, 129       x15=00000000 x15:00000002
14286398ns          253001 1c008766 0a079663 bne              x15, x0, 172        x15:00000000
14286418ns          253002 1c008768 00000793 addi             x15, x0, 0          x15=00000000
14286438ns          253003 1c00876c a0f517d3 flt.s            x15, f10, f15       x15=00000001 f10:bf272e9a f15:00000000
14286458ns          253004 1c008770 0a079663 bne              x15, x0, 172        x15:00000001
14286518ns          253007 1c00881c 1c0007b7 lui              x15, 0x1c000000     x15=1c000000
14286538ns          253008 1c008820 12c7a783 lw               x15, 300(x15)       x15=c0c90fdb x15:1c000000  PA:1c00012c
14286856ns          253024 1c008824 a0f517d3 flt.s            x15, f10, f15       x15=00000000 f10:bf272e9a f15:c0c90fdb
14286876ns          253025 1c008828 00078463 beq              x15, x0, 8          x15:00000000
14286935ns          253028 1c008830 20a51553 fsgnjn.s         f10, f10, f10       f10=xxxxxxxx f10:bf272e9a f10:bf272e9a
14286955ns          253029 1c008834 f6bff06f jal              x0, -150           
14287015ns          253032 1c00879e 1c0007b7 lui              x15, 0x1c000000     x15=1c000000
14287035ns          253033 1c0087a2 01c7a783 lw               x15, 28(x15)        x15=3fc90fdb x15:1c000000  PA:1c00001c
14287353ns          253049 1c0087a6 a0f517d3 flt.s            x15, f10, f15       x15=00000001 f10:3f272e9a f15:3fc90fdb
14287373ns          253050 1c0087aa 02079563 bne              x15, x0, 42         x15:00000001
14287433ns          253053 1c0087d4 10a57553 fmul.s           f10, f10, f10       f10=xxxxxxxx f10:3f272e9a f10:3f272e9a
14287453ns          253054 1c0087d8 1c0007b7 lui              x15, 0x1c000000     x15=1c000000
14287472ns          253055 1c0087dc 1c000737 lui              x14, 0x1c000000     x14=1c000000
14287492ns          253056 1c0087e0 13472703 lw               x14, 308(x14)       x14=bab59551 x14:1c000000  PA:1c000134
14287811ns          253072 1c0087e4 1307a783 lw               x15, 304(x15)       x15=37c23ab1 x15:1c000000  PA:1c000130
14288129ns          253088 1c0087e8 70f577c3 fmadd.s          f15, f10, f15, f14  f15=xxxxxxxx f10:3eda5bab f15:37c23ab1 f14:bab59551
14288149ns          253089 1c0087ec 1c000737 lui              x14, 0x1c000000     x14=1c000000
14288169ns          253090 1c0087f0 13872703 lw               x14, 312(x14)       x14=3d2aa76f x14:1c000000  PA:1c000138
14288487ns          253106 1c0087f4 70f577c3 fmadd.s          f15, f10, f15, f14  f15=xxxxxxxx f10:3eda5bab f15:bab449fa f14:3d2aa76f
14288507ns          253107 1c0087f8 1c000737 lui              x14, 0x1c000000     x14=1c000000
14288527ns          253108 1c0087fc 13c72703 lw               x14, 316(x14)       x14=beffffe0 x14:1c000000  PA:1c00013c
14288845ns          253124 1c008800 70f577c3 fmadd.s          f15, f10, f15, f14  f15=xxxxxxxx f10:3eda5bab f15:3d284051 f14:beffffe0
14288865ns          253125 1c008804 1c000737 lui              x14, 0x1c000000     x14=1c000000
14288885ns          253126 1c008808 16872703 lw               x14, 360(x14)       x14=3f7fffff x14:1c000000  PA:1c000168
14289223ns          253143 1c00880c 70f57543 fmadd.s          f10, f10, f15, f14  f10=xxxxxxxx f10:3eda5bab f15:bef707b0 f14:3f7fffff
14289243ns          253144 1c008810 00008067 jalr             x0, x1, 0            x1:1c0081de
14289302ns          253147 1c0081de 016a7a53 fadd.s           f20, f20, f22       f20=xxxxxxxx f20:400e5394 f22:3efd2311
14289322ns          253148 1c0081e2 10acf553 fmul.s           f10, f25, f10       f10=xxxxxxxx f25:3f800000 f10:3f4b52bf
14289342ns          253149 1c0081e6 a14a97d3 flt.s            x15, f21, f20       x15=00000000 f21:40c90fdb f20:402df7f6
14289362ns          253150 1c0081ea 00a4222b p.sw             x10, 4(x8!)          x8=10001f1c x10:3f4b52bf  x8:10001f18  PA:10001f18
14289382ns          253151 1c0081ee 00078363 beq              x15, x0, 6          x15:00000000
14289442ns          253154 1c0081f4 ff7412e3 bne              x8, x23, -28         x8:10001f1c x23:10001fc8
14289501ns          253157 1c0081d8 094c7553 fsub.s           f10, f24, f20       f10=xxxxxxxx f24:3fc90fdb f20:402df7f6
14289521ns          253158 1c0081dc 57c000ef jal              x1, 1404             x1=1c0081de
14289561ns          253160 1c008758 a0a527d3 feq.s            x15, f10, f10       x15=00000001 f10:bf92e011 f10:bf92e011
14289581ns          253161 1c00875c 0a078b63 beq              x15, x0, 182        x15:00000001
14289601ns          253162 1c00875e e00517d3 fclass.s         x15, f10            x15=00000002 f10:bf92e011
14289621ns          253163 1c008762 0817f793 andi             x15, x15, 129       x15=00000000 x15:00000002
14289641ns          253164 1c008766 0a079663 bne              x15, x0, 172        x15:00000000
14289660ns          253165 1c008768 00000793 addi             x15, x0, 0          x15=00000000
14289680ns          253166 1c00876c a0f517d3 flt.s            x15, f10, f15       x15=00000001 f10:bf92e011 f15:00000000
14289700ns          253167 1c008770 0a079663 bne              x15, x0, 172        x15:00000001
14289760ns          253170 1c00881c 1c0007b7 lui              x15, 0x1c000000     x15=1c000000
14289780ns          253171 1c008820 12c7a783 lw               x15, 300(x15)       x15=c0c90fdb x15:1c000000  PA:1c00012c
14290098ns          253187 1c008824 a0f517d3 flt.s            x15, f10, f15       x15=00000000 f10:bf92e011 f15:c0c90fdb
14290118ns          253188 1c008828 00078463 beq              x15, x0, 8          x15:00000000
14290178ns          253191 1c008830 20a51553 fsgnjn.s         f10, f10, f10       f10=xxxxxxxx f10:bf92e011 f10:bf92e011
14290197ns          253192 1c008834 f6bff06f jal              x0, -150           
14290257ns          253195 1c00879e 1c0007b7 lui              x15, 0x1c000000     x15=1c000000
14290277ns          253196 1c0087a2 01c7a783 lw               x15, 28(x15)        x15=3fc90fdb x15:1c000000  PA:1c00001c
14290615ns          253213 1c0087a6 a0f517d3 flt.s            x15, f10, f15       x15=00000001 f10:3f92e011 f15:3fc90fdb
14290635ns          253214 1c0087aa 02079563 bne              x15, x0, 42         x15:00000001
14290695ns          253217 1c0087d4 10a57553 fmul.s           f10, f10, f10       f10=xxxxxxxx f10:3f92e011 f10:3f92e011
14290715ns          253218 1c0087d8 1c0007b7 lui              x15, 0x1c000000     x15=1c000000
14290734ns          253219 1c0087dc 1c000737 lui              x14, 0x1c000000     x14=1c000000
14290754ns          253220 1c0087e0 13472703 lw               x14, 308(x14)       x14=bab59551 x14:1c000000  PA:1c000134
14291073ns          253236 1c0087e4 1307a783 lw               x15, 304(x15)       x15=37c23ab1 x15:1c000000  PA:1c000130
14291411ns          253253 1c0087e8 70f577c3 fmadd.s          f15, f10, f15, f14  f15=xxxxxxxx f10:3fa888af f15:37c23ab1 f14:bab59551
14291431ns          253254 1c0087ec 1c000737 lui              x14, 0x1c000000     x14=1c000000
14291451ns          253255 1c0087f0 13872703 lw               x14, 312(x14)       x14=3d2aa76f x14:1c000000  PA:1c000138
14291809ns          253273 1c0087f4 70f577c3 fmadd.s          f15, f10, f15, f14  f15=xxxxxxxx f10:3fa888af f15:bab1965f f14:3d2aa76f
14291828ns          253274 1c0087f8 1c000737 lui              x14, 0x1c000000     x14=1c000000
14291848ns          253275 1c0087fc 13c72703 lw               x14, 316(x14)       x14=beffffe0 x14:1c000000  PA:1c00013c
14292206ns          253293 1c008800 70f577c3 fmadd.s          f15, f10, f15, f14  f15=xxxxxxxx f10:3fa888af f15:3d2358d7 f14:beffffe0
14292226ns          253294 1c008804 1c000737 lui              x14, 0x1c000000     x14=1c000000
14292246ns          253295 1c008808 16872703 lw               x14, 360(x14)       x14=3f7fffff x14:1c000000  PA:1c000168
14292564ns          253311 1c00880c 70f57543 fmadd.s          f10, f10, f15, f14  f10=xxxxxxxx f10:3fa888af f15:bee51d7f f14:3f7fffff
14292584ns          253312 1c008810 00008067 jalr             x0, x1, 0            x1:1c0081de
14292644ns          253315 1c0081de 016a7a53 fadd.s           f20, f20, f22       f20=xxxxxxxx f20:402df7f6 f22:3efd2311
14292664ns          253316 1c0081e2 10acf553 fmul.s           f10, f25, f10       f10=xxxxxxxx f25:3f800000 f10:3ed2549f
14292684ns          253317 1c0081e6 a14a97d3 flt.s            x15, f21, f20       x15=00000000 f21:40c90fdb f20:404d9c58
14292704ns          253318 1c0081ea 00a4222b p.sw             x10, 4(x8!)          x8=10001f20 x10:3ed2549f  x8:10001f1c  PA:10001f1c
14292724ns          253319 1c0081ee 00078363 beq              x15, x0, 6          x15:00000000
14292783ns          253322 1c0081f4 ff7412e3 bne              x8, x23, -28         x8:10001f20 x23:10001fc8
14292843ns          253325 1c0081d8 094c7553 fsub.s           f10, f24, f20       f10=xxxxxxxx f24:3fc90fdb f20:404d9c58
14292863ns          253326 1c0081dc 57c000ef jal              x1, 1404             x1=1c0081de
14292903ns          253328 1c008758 a0a527d3 feq.s            x15, f10, f10       x15=00000001 f10:bfd228d5 f10:bfd228d5
14292922ns          253329 1c00875c 0a078b63 beq              x15, x0, 182        x15:00000001
14292942ns          253330 1c00875e e00517d3 fclass.s         x15, f10            x15=00000002 f10:bfd228d5
14292962ns          253331 1c008762 0817f793 andi             x15, x15, 129       x15=00000000 x15:00000002
14292982ns          253332 1c008766 0a079663 bne              x15, x0, 172        x15:00000000
14293002ns          253333 1c008768 00000793 addi             x15, x0, 0          x15=00000000
14293022ns          253334 1c00876c a0f517d3 flt.s            x15, f10, f15       x15=00000001 f10:bfd228d5 f15:00000000
14293042ns          253335 1c008770 0a079663 bne              x15, x0, 172        x15:00000001
14293101ns          253338 1c00881c 1c0007b7 lui              x15, 0x1c000000     x15=1c000000
14293121ns          253339 1c008820 12c7a783 lw               x15, 300(x15)       x15=c0c90fdb x15:1c000000  PA:1c00012c
14293440ns          253355 1c008824 a0f517d3 flt.s            x15, f10, f15       x15=00000000 f10:bfd228d5 f15:c0c90fdb
14293460ns          253356 1c008828 00078463 beq              x15, x0, 8          x15:00000000
14293519ns          253359 1c008830 20a51553 fsgnjn.s         f10, f10, f10       f10=xxxxxxxx f10:bfd228d5 f10:bfd228d5
14293539ns          253360 1c008834 f6bff06f jal              x0, -150           
14293599ns          253363 1c00879e 1c0007b7 lui              x15, 0x1c000000     x15=1c000000
14293619ns          253364 1c0087a2 01c7a783 lw               x15, 28(x15)        x15=3fc90fdb x15:1c000000  PA:1c00001c
14293957ns          253381 1c0087a6 a0f517d3 flt.s            x15, f10, f15       x15=00000000 f10:3fd228d5 f15:3fc90fdb
14293977ns          253382 1c0087aa 02079563 bne              x15, x0, 42         x15:00000000
14293997ns          253383 1c0087ac 1c0007b7 lui              x15, 0x1c000000     x15=1c000000
14294016ns          253384 1c0087b0 1007a783 lw               x15, 256(x15)       x15=40490fdb x15:1c000000  PA:1c000100
14294335ns          253400 1c0087b4 a0f51753 flt.s            x14, f10, f15       x14=00000001 f10:3fd228d5 f15:40490fdb
14294355ns          253401 1c0087b8 06071f63 bne              x14, x0, 126        x14:00000001
14294434ns          253405 1c008836 08a7f553 fsub.s           f10, f15, f10       f10=xxxxxxxx f15:40490fdb f10:3fd228d5
14294454ns          253406 1c00883a 10a57553 fmul.s           f10, f10, f10       f10=xxxxxxxx f10:3fbff6e1 f10:3fbff6e1
14294474ns          253407 1c00883e 1c0007b7 lui              x15, 0x1c000000     x15=1c000000
14294494ns          253408 1c008842 1c000737 lui              x14, 0x1c000000     x14=1c000000
14294514ns          253409 1c008846 13472703 lw               x14, 308(x14)       x14=bab59551 x14:1c000000  PA:1c000134
14294812ns          253424 1c00884a 1307a783 lw               x15, 304(x15)       x15=37c23ab1 x15:1c000000  PA:1c000130
14295130ns          253440 1c00884e 70f577c3 fmadd.s          f15, f10, f15, f14  f15=xxxxxxxx f10:400ff252 f15:37c23ab1 f14:bab59551
14295150ns          253441 1c008852 1c000737 lui              x14, 0x1c000000     x14=1c000000
14295170ns          253442 1c008856 13872703 lw               x14, 312(x14)       x14=3d2aa76f x14:1c000000  PA:1c000138
14295488ns          253458 1c00885a 70f577c3 fmadd.s          f15, f10, f15, f14  f15=xxxxxxxx f10:400ff252 f15:baaec1e7 f14:3d2aa76f
14295508ns          253459 1c00885e 1c000737 lui              x14, 0x1c000000     x14=1c000000
14295528ns          253460 1c008862 13c72703 lw               x14, 316(x14)       x14=beffffe0 x14:1c000000  PA:1c00013c
14295886ns          253478 1c008866 70f577c3 fmadd.s          f15, f10, f15, f14  f15=xxxxxxxx f10:400ff252 f15:3d1e5ef8 f14:beffffe0
14295906ns          253479 1c00886a 1c000737 lui              x14, 0x1c000000     x14=1c000000
14295926ns          253480 1c00886e 16872703 lw               x14, 360(x14)       x14=3f7fffff x14:1c000000  PA:1c000168
14296244ns          253496 1c008872 70f57543 fmadd.s          f10, f10, f15, f14  f10=xxxxxxxx f10:400ff252 f15:bed37965 f14:3f7fffff
14296264ns          253497 1c008876 20a51553 fsgnjn.s         f10, f10, f10       f10=xxxxxxxx f10:3d917039 f10:3d917039
14296284ns          253498 1c00887a 00008067 jalr             x0, x1, 0            x1:1c0081de
14296344ns          253501 1c0081de 016a7a53 fadd.s           f20, f20, f22       f20=xxxxxxxx f20:404d9c58 f22:3efd2311
14296364ns          253502 1c0081e2 10acf553 fmul.s           f10, f25, f10       f10=xxxxxxxx f25:3f800000 f10:bd917039
14296383ns          253503 1c0081e6 a14a97d3 flt.s            x15, f21, f20       x15=00000000 f21:40c90fdb f20:406d40ba
14296403ns          253504 1c0081ea 00a4222b p.sw             x10, 4(x8!)          x8=10001f24 x10:bd917039  x8:10001f20  PA:10001f20
14296423ns          253505 1c0081ee 00078363 beq              x15, x0, 6          x15:00000000
14296483ns          253508 1c0081f4 ff7412e3 bne              x8, x23, -28         x8:10001f24 x23:10001fc8
14296543ns          253511 1c0081d8 094c7553 fsub.s           f10, f24, f20       f10=xxxxxxxx f24:3fc90fdb f20:406d40ba
14296562ns          253512 1c0081dc 57c000ef jal              x1, 1404             x1=1c0081de
14296602ns          253514 1c008758 a0a527d3 feq.s            x15, f10, f10       x15=00000001 f10:c008b8cc f10:c008b8cc
14296622ns          253515 1c00875c 0a078b63 beq              x15, x0, 182        x15:00000001
14296642ns          253516 1c00875e e00517d3 fclass.s         x15, f10            x15=00000002 f10:c008b8cc
14296662ns          253517 1c008762 0817f793 andi             x15, x15, 129       x15=00000000 x15:00000002
14296682ns          253518 1c008766 0a079663 bne              x15, x0, 172        x15:00000000
14296702ns          253519 1c008768 00000793 addi             x15, x0, 0          x15=00000000
14296722ns          253520 1c00876c a0f517d3 flt.s            x15, f10, f15       x15=00000001 f10:c008b8cc f15:00000000
14296742ns          253521 1c008770 0a079663 bne              x15, x0, 172        x15:00000001
14296801ns          253524 1c00881c 1c0007b7 lui              x15, 0x1c000000     x15=1c000000
14296821ns          253525 1c008820 12c7a783 lw               x15, 300(x15)       x15=c0c90fdb x15:1c000000  PA:1c00012c
14297159ns          253542 1c008824 a0f517d3 flt.s            x15, f10, f15       x15=00000000 f10:c008b8cc f15:c0c90fdb
14297179ns          253543 1c008828 00078463 beq              x15, x0, 8          x15:00000000
14297239ns          253546 1c008830 20a51553 fsgnjn.s         f10, f10, f10       f10=xxxxxxxx f10:c008b8cc f10:c008b8cc
14297259ns          253547 1c008834 f6bff06f jal              x0, -150           
14297318ns          253550 1c00879e 1c0007b7 lui              x15, 0x1c000000     x15=1c000000
14297338ns          253551 1c0087a2 01c7a783 lw               x15, 28(x15)        x15=3fc90fdb x15:1c000000  PA:1c00001c
14297656ns          253567 1c0087a6 a0f517d3 flt.s            x15, f10, f15       x15=00000000 f10:4008b8cc f15:3fc90fdb
14297676ns          253568 1c0087aa 02079563 bne              x15, x0, 42         x15:00000000
14297696ns          253569 1c0087ac 1c0007b7 lui              x15, 0x1c000000     x15=1c000000
14297716ns          253570 1c0087b0 1007a783 lw               x15, 256(x15)       x15=40490fdb x15:1c000000  PA:1c000100
14298034ns          253586 1c0087b4 a0f51753 flt.s            x14, f10, f15       x14=00000001 f10:4008b8cc f15:40490fdb
14298054ns          253587 1c0087b8 06071f63 bne              x14, x0, 126        x14:00000001
14298134ns          253591 1c008836 08a7f553 fsub.s           f10, f15, f10       f10=xxxxxxxx f15:40490fdb f10:4008b8cc
14298154ns          253592 1c00883a 10a57553 fmul.s           f10, f10, f10       f10=xxxxxxxx f10:3f80ae1e f10:3f80ae1e
14298174ns          253593 1c00883e 1c0007b7 lui              x15, 0x1c000000     x15=1c000000
14298194ns          253594 1c008842 1c000737 lui              x14, 0x1c000000     x14=1c000000
14298213ns          253595 1c008846 13472703 lw               x14, 308(x14)       x14=bab59551 x14:1c000000  PA:1c000134
14298552ns          253612 1c00884a 1307a783 lw               x15, 304(x15)       x15=37c23ab1 x15:1c000000  PA:1c000130
14298870ns          253628 1c00884e 70f577c3 fmadd.s          f15, f10, f15, f14  f15=xxxxxxxx f10:3f815d29 f15:37c23ab1 f14:bab59551
14298890ns          253629 1c008852 1c000737 lui              x14, 0x1c000000     x14=1c000000
14298910ns          253630 1c008856 13872703 lw               x14, 312(x14)       x14=3d2aa76f x14:1c000000  PA:1c000138
14299228ns          253646 1c00885a 70f577c3 fmadd.s          f15, f10, f15, f14  f15=xxxxxxxx f10:3f815d29 f15:bab2841f f14:3d2aa76f
14299248ns          253647 1c00885e 1c000737 lui              x14, 0x1c000000     x14=1c000000
14299268ns          253648 1c008862 13c72703 lw               x14, 316(x14)       x14=beffffe0 x14:1c000000  PA:1c00013c
14299586ns          253664 1c008866 70f577c3 fmadd.s          f15, f10, f15, f14  f15=xxxxxxxx f10:3f815d29 f15:3d250416 f14:beffffe0
14299606ns          253665 1c00886a 1c000737 lui              x14, 0x1c000000     x14=1c000000
14299626ns          253666 1c00886e 16872703 lw               x14, 360(x14)       x14=3f7fffff x14:1c000000  PA:1c000168
14299944ns          253682 1c008872 70f57543 fmadd.s          f10, f10, f15, f14  f10=xxxxxxxx f10:3f815d29 f15:beeb2719 f14:3f7fffff
14299964ns          253683 1c008876 20a51553 fsgnjn.s         f10, f10, f10       f10=xxxxxxxx f10:3f092bb9 f10:3f092bb9
14299984ns          253684 1c00887a 00008067 jalr             x0, x1, 0            x1:1c0081de
14300043ns          253687 1c0081de 016a7a53 fadd.s           f20, f20, f22       f20=xxxxxxxx f20:406d40ba f22:3efd2311
14300063ns          253688 1c0081e2 10acf553 fmul.s           f10, f25, f10       f10=xxxxxxxx f25:3f800000 f10:bf092bb9
14300083ns          253689 1c0081e6 a14a97d3 flt.s            x15, f21, f20       x15=00000000 f21:40c90fdb f20:4086728e
14300103ns          253690 1c0081ea 00a4222b p.sw             x10, 4(x8!)          x8=10001f28 x10:bf092bb9  x8:10001f24  PA:10001f24
14300123ns          253691 1c0081ee 00078363 beq              x15, x0, 6          x15:00000000
14300183ns          253694 1c0081f4 ff7412e3 bne              x8, x23, -28         x8:10001f28 x23:10001fc8
14300242ns          253697 1c0081d8 094c7553 fsub.s           f10, f24, f20       f10=xxxxxxxx f24:3fc90fdb f20:4086728e
14300262ns          253698 1c0081dc 57c000ef jal              x1, 1404             x1=1c0081de
14300302ns          253700 1c008758 a0a527d3 feq.s            x15, f10, f10       x15=00000001 f10:c0285d2e f10:c0285d2e
14300322ns          253701 1c00875c 0a078b63 beq              x15, x0, 182        x15:00000001
14300342ns          253702 1c00875e e00517d3 fclass.s         x15, f10            x15=00000002 f10:c0285d2e
14300362ns          253703 1c008762 0817f793 andi             x15, x15, 129       x15=00000000 x15:00000002
14300382ns          253704 1c008766 0a079663 bne              x15, x0, 172        x15:00000000
14300401ns          253705 1c008768 00000793 addi             x15, x0, 0          x15=00000000
14300421ns          253706 1c00876c a0f517d3 flt.s            x15, f10, f15       x15=00000001 f10:c0285d2e f15:00000000
14300441ns          253707 1c008770 0a079663 bne              x15, x0, 172        x15:00000001
14300501ns          253710 1c00881c 1c0007b7 lui              x15, 0x1c000000     x15=1c000000
14300521ns          253711 1c008820 12c7a783 lw               x15, 300(x15)       x15=c0c90fdb x15:1c000000  PA:1c00012c
14300839ns          253727 1c008824 a0f517d3 flt.s            x15, f10, f15       x15=00000000 f10:c0285d2e f15:c0c90fdb
14300859ns          253728 1c008828 00078463 beq              x15, x0, 8          x15:00000000
14300919ns          253731 1c008830 20a51553 fsgnjn.s         f10, f10, f10       f10=xxxxxxxx f10:c0285d2e f10:c0285d2e
14300938ns          253732 1c008834 f6bff06f jal              x0, -150           
14300998ns          253735 1c00879e 1c0007b7 lui              x15, 0x1c000000     x15=1c000000
14301018ns          253736 1c0087a2 01c7a783 lw               x15, 28(x15)        x15=3fc90fdb x15:1c000000  PA:1c00001c
14301356ns          253753 1c0087a6 a0f517d3 flt.s            x15, f10, f15       x15=00000000 f10:40285d2e f15:3fc90fdb
14301376ns          253754 1c0087aa 02079563 bne              x15, x0, 42         x15:00000000
14301396ns          253755 1c0087ac 1c0007b7 lui              x15, 0x1c000000     x15=1c000000
14301416ns          253756 1c0087b0 1007a783 lw               x15, 256(x15)       x15=40490fdb x15:1c000000  PA:1c000100
14301754ns          253773 1c0087b4 a0f51753 flt.s            x14, f10, f15       x14=00000001 f10:40285d2e f15:40490fdb
14301774ns          253774 1c0087b8 06071f63 bne              x14, x0, 126        x14:00000001
14301853ns          253778 1c008836 08a7f553 fsub.s           f10, f15, f10       f10=xxxxxxxx f15:40490fdb f10:40285d2e
14301873ns          253779 1c00883a 10a57553 fmul.s           f10, f10, f10       f10=xxxxxxxx f10:3f02cab4 f10:3f02cab4
14301893ns          253780 1c00883e 1c0007b7 lui              x15, 0x1c000000     x15=1c000000
14301913ns          253781 1c008842 1c000737 lui              x14, 0x1c000000     x14=1c000000
14301933ns          253782 1c008846 13472703 lw               x14, 308(x14)       x14=bab59551 x14:1c000000  PA:1c000134
14302231ns          253797 1c00884a 1307a783 lw               x15, 304(x15)       x15=37c23ab1 x15:1c000000  PA:1c000130
14302569ns          253814 1c00884e 70f577c3 fmadd.s          f15, f10, f15, f14  f15=xxxxxxxx f10:3e85a4ff f15:37c23ab1 f14:bab59551
14302589ns          253815 1c008852 1c000737 lui              x14, 0x1c000000     x14=1c000000
14302609ns          253816 1c008856 13872703 lw               x14, 312(x14)       x14=3d2aa76f x14:1c000000  PA:1c000138
14302928ns          253832 1c00885a 70f577c3 fmadd.s          f15, f10, f15, f14  f15=xxxxxxxx f10:3e85a4ff f15:bab4ca86 f14:3d2aa76f
14302947ns          253833 1c00885e 1c000737 lui              x14, 0x1c000000     x14=1c000000
14302967ns          253834 1c008862 13c72703 lw               x14, 316(x14)       x14=beffffe0 x14:1c000000  PA:1c00013c
14303286ns          253850 1c008866 70f577c3 fmadd.s          f15, f10, f15, f14  f15=xxxxxxxx f10:3e85a4ff f15:3d292de8 f14:beffffe0
14303305ns          253851 1c00886a 1c000737 lui              x14, 0x1c000000     x14=1c000000
14303325ns          253852 1c00886e 16872703 lw               x14, 360(x14)       x14=3f7fffff x14:1c000000  PA:1c000168
14303663ns          253869 1c008872 70f57543 fmadd.s          f10, f10, f15, f14  f10=xxxxxxxx f10:3e85a4ff f15:befa7ac2 f14:3f7fffff
14303683ns          253870 1c008876 20a51553 fsgnjn.s         f10, f10, f10       f10=xxxxxxxx f10:3f5f4f31 f10:3f5f4f31
14303703ns          253871 1c00887a 00008067 jalr             x0, x1, 0            x1:1c0081de
14303763ns          253874 1c0081de 016a7a53 fadd.s           f20, f20, f22       f20=xxxxxxxx f20:4086728e f22:3efd2311
14303783ns          253875 1c0081e2 10acf553 fmul.s           f10, f25, f10       f10=xxxxxxxx f25:3f800000 f10:bf5f4f31
14303803ns          253876 1c0081e6 a14a97d3 flt.s            x15, f21, f20       x15=00000000 f21:40c90fdb f20:409644bf
14303823ns          253877 1c0081ea 00a4222b p.sw             x10, 4(x8!)          x8=10001f2c x10:bf5f4f31  x8:10001f28  PA:10001f28
14303843ns          253878 1c0081ee 00078363 beq              x15, x0, 6          x15:00000000
14303902ns          253881 1c0081f4 ff7412e3 bne              x8, x23, -28         x8:10001f2c x23:10001fc8
14303962ns          253884 1c0081d8 094c7553 fsub.s           f10, f24, f20       f10=xxxxxxxx f24:3fc90fdb f20:409644bf
14303982ns          253885 1c0081dc 57c000ef jal              x1, 1404             x1=1c0081de
14304022ns          253887 1c008758 a0a527d3 feq.s            x15, f10, f10       x15=00000001 f10:c0480190 f10:c0480190
14304041ns          253888 1c00875c 0a078b63 beq              x15, x0, 182        x15:00000001
14304061ns          253889 1c00875e e00517d3 fclass.s         x15, f10            x15=00000002 f10:c0480190
14304081ns          253890 1c008762 0817f793 andi             x15, x15, 129       x15=00000000 x15:00000002
14304101ns          253891 1c008766 0a079663 bne              x15, x0, 172        x15:00000000
14304121ns          253892 1c008768 00000793 addi             x15, x0, 0          x15=00000000
14304141ns          253893 1c00876c a0f517d3 flt.s            x15, f10, f15       x15=00000001 f10:c0480190 f15:00000000
14304161ns          253894 1c008770 0a079663 bne              x15, x0, 172        x15:00000001
14304220ns          253897 1c00881c 1c0007b7 lui              x15, 0x1c000000     x15=1c000000
14304240ns          253898 1c008820 12c7a783 lw               x15, 300(x15)       x15=c0c90fdb x15:1c000000  PA:1c00012c
14304559ns          253914 1c008824 a0f517d3 flt.s            x15, f10, f15       x15=00000000 f10:c0480190 f15:c0c90fdb
14304578ns          253915 1c008828 00078463 beq              x15, x0, 8          x15:00000000
14304638ns          253918 1c008830 20a51553 fsgnjn.s         f10, f10, f10       f10=xxxxxxxx f10:c0480190 f10:c0480190
14304658ns          253919 1c008834 f6bff06f jal              x0, -150           
14304718ns          253922 1c00879e 1c0007b7 lui              x15, 0x1c000000     x15=1c000000
14304738ns          253923 1c0087a2 01c7a783 lw               x15, 28(x15)        x15=3fc90fdb x15:1c000000  PA:1c00001c
14305056ns          253939 1c0087a6 a0f517d3 flt.s            x15, f10, f15       x15=00000000 f10:40480190 f15:3fc90fdb
14305076ns          253940 1c0087aa 02079563 bne              x15, x0, 42         x15:00000000
14305096ns          253941 1c0087ac 1c0007b7 lui              x15, 0x1c000000     x15=1c000000
14305116ns          253942 1c0087b0 1007a783 lw               x15, 256(x15)       x15=40490fdb x15:1c000000  PA:1c000100
14305434ns          253958 1c0087b4 a0f51753 flt.s            x14, f10, f15       x14=00000001 f10:40480190 f15:40490fdb
14305454ns          253959 1c0087b8 06071f63 bne              x14, x0, 126        x14:00000001
14305533ns          253963 1c008836 08a7f553 fsub.s           f10, f15, f10       f10=xxxxxxxx f15:40490fdb f10:40480190
14305553ns          253964 1c00883a 10a57553 fmul.s           f10, f10, f10       f10=xxxxxxxx f10:3c872580 f10:3c872580
14305573ns          253965 1c00883e 1c0007b7 lui              x15, 0x1c000000     x15=1c000000
14305593ns          253966 1c008842 1c000737 lui              x14, 0x1c000000     x14=1c000000
14305613ns          253967 1c008846 13472703 lw               x14, 308(x14)       x14=bab59551 x14:1c000000  PA:1c000134
14305931ns          253983 1c00884a 1307a783 lw               x15, 304(x15)       x15=37c23ab1 x15:1c000000  PA:1c000130
14306249ns          253999 1c00884e 70f577c3 fmadd.s          f15, f10, f15, f14  f15=xxxxxxxx f10:398eb125 f15:37c23ab1 f14:bab59551
14306269ns          254000 1c008852 1c000737 lui              x14, 0x1c000000     x14=1c000000
14306289ns          254001 1c008856 13872703 lw               x14, 312(x14)       x14=3d2aa76f x14:1c000000  PA:1c000138
14306607ns          254017 1c00885a 70f577c3 fmadd.s          f15, f10, f15, f14  f15=xxxxxxxx f10:398eb125 f15:bab5951b f14:3d2aa76f
14306627ns          254018 1c00885e 1c000737 lui              x14, 0x1c000000     x14=1c000000
14306647ns          254019 1c008862 13c72703 lw               x14, 316(x14)       x14=beffffe0 x14:1c000000  PA:1c00013c
14306965ns          254035 1c008866 70f577c3 fmadd.s          f15, f10, f15, f14  f15=xxxxxxxx f10:398eb125 f15:3d2aa70a f14:beffffe0
14306985ns          254036 1c00886a 1c000737 lui              x14, 0x1c000000     x14=1c000000
14307005ns          254037 1c00886e 16872703 lw               x14, 360(x14)       x14=3f7fffff x14:1c000000  PA:1c000168
14307343ns          254054 1c008872 70f57543 fmadd.s          f10, f10, f15, f14  f10=xxxxxxxx f10:398eb125 f15:befffe64 f14:3f7fffff
14307363ns          254055 1c008876 20a51553 fsgnjn.s         f10, f10, f10       f10=xxxxxxxx f10:3f7ff714 f10:3f7ff714
14307383ns          254056 1c00887a 00008067 jalr             x0, x1, 0            x1:1c0081de
14307443ns          254059 1c0081de 016a7a53 fadd.s           f20, f20, f22       f20=xxxxxxxx f20:409644bf f22:3efd2311
14307463ns          254060 1c0081e2 10acf553 fmul.s           f10, f25, f10       f10=xxxxxxxx f25:3f800000 f10:bf7ff714
14307483ns          254061 1c0081e6 a14a97d3 flt.s            x15, f21, f20       x15=00000000 f21:40c90fdb f20:40a616f0
14307502ns          254062 1c0081ea 00a4222b p.sw             x10, 4(x8!)          x8=10001f30 x10:bf7ff714  x8:10001f2c  PA:10001f2c
14307522ns          254063 1c0081ee 00078363 beq              x15, x0, 6          x15:00000000
14307582ns          254066 1c0081f4 ff7412e3 bne              x8, x23, -28         x8:10001f30 x23:10001fc8
14307642ns          254069 1c0081d8 094c7553 fsub.s           f10, f24, f20       f10=xxxxxxxx f24:3fc90fdb f20:40a616f0
14307662ns          254070 1c0081dc 57c000ef jal              x1, 1404             x1=1c0081de
14307701ns          254072 1c008758 a0a527d3 feq.s            x15, f10, f10       x15=00000001 f10:c067a5f2 f10:c067a5f2
14307721ns          254073 1c00875c 0a078b63 beq              x15, x0, 182        x15:00000001
14307741ns          254074 1c00875e e00517d3 fclass.s         x15, f10            x15=00000002 f10:c067a5f2
14307761ns          254075 1c008762 0817f793 andi             x15, x15, 129       x15=00000000 x15:00000002
14307781ns          254076 1c008766 0a079663 bne              x15, x0, 172        x15:00000000
14307801ns          254077 1c008768 00000793 addi             x15, x0, 0          x15=00000000
14307821ns          254078 1c00876c a0f517d3 flt.s            x15, f10, f15       x15=00000001 f10:c067a5f2 f15:00000000
14307841ns          254079 1c008770 0a079663 bne              x15, x0, 172        x15:00000001
14307900ns          254082 1c00881c 1c0007b7 lui              x15, 0x1c000000     x15=1c000000
14307920ns          254083 1c008820 12c7a783 lw               x15, 300(x15)       x15=c0c90fdb x15:1c000000  PA:1c00012c
14308238ns          254099 1c008824 a0f517d3 flt.s            x15, f10, f15       x15=00000000 f10:c067a5f2 f15:c0c90fdb
14308258ns          254100 1c008828 00078463 beq              x15, x0, 8          x15:00000000
14308318ns          254103 1c008830 20a51553 fsgnjn.s         f10, f10, f10       f10=xxxxxxxx f10:c067a5f2 f10:c067a5f2
14308338ns          254104 1c008834 f6bff06f jal              x0, -150           
14308397ns          254107 1c00879e 1c0007b7 lui              x15, 0x1c000000     x15=1c000000
14308417ns          254108 1c0087a2 01c7a783 lw               x15, 28(x15)        x15=3fc90fdb x15:1c000000  PA:1c00001c
14308736ns          254124 1c0087a6 a0f517d3 flt.s            x15, f10, f15       x15=00000000 f10:4067a5f2 f15:3fc90fdb
14308756ns          254125 1c0087aa 02079563 bne              x15, x0, 42         x15:00000000
14308775ns          254126 1c0087ac 1c0007b7 lui              x15, 0x1c000000     x15=1c000000
14308795ns          254127 1c0087b0 1007a783 lw               x15, 256(x15)       x15=40490fdb x15:1c000000  PA:1c000100
14309133ns          254144 1c0087b4 a0f51753 flt.s            x14, f10, f15       x14=00000000 f10:4067a5f2 f15:40490fdb
14309153ns          254145 1c0087b8 06071f63 bne              x14, x0, 126        x14:00000000
14309173ns          254146 1c0087ba 1c000737 lui              x14, 0x1c000000     x14=1c000000
14309193ns          254147 1c0087be 14072703 lw               x14, 320(x14)       x14=4096cbe4 x14:1c000000  PA:1c000140
14309511ns          254163 1c0087c2 a0e51753 flt.s            x14, f10, f14       x14=00000001 f10:4067a5f2 f14:4096cbe4
14309531ns          254164 1c0087c6 0a071b63 bne              x14, x0, 182        x14:00000001
14309591ns          254167 1c00887c 08f57553 fsub.s           f10, f10, f15       f10=xxxxxxxx f10:4067a5f2 f15:40490fdb
14309611ns          254168 1c008880 fbbff06f jal              x0, -70            
14309670ns          254171 1c00883a 10a57553 fmul.s           f10, f10, f10       f10=xxxxxxxx f10:3ef4b0b8 f10:3ef4b0b8
14309690ns          254172 1c00883e 1c0007b7 lui              x15, 0x1c000000     x15=1c000000
14309710ns          254173 1c008842 1c000737 lui              x14, 0x1c000000     x14=1c000000
14309730ns          254174 1c008846 13472703 lw               x14, 308(x14)       x14=bab59551 x14:1c000000  PA:1c000134
14310029ns          254189 1c00884a 1307a783 lw               x15, 304(x15)       x15=37c23ab1 x15:1c000000  PA:1c000130
14310347ns          254205 1c00884e 70f577c3 fmadd.s          f15, f10, f15, f14  f15=xxxxxxxx f10:3e69e159 f15:37c23ab1 f14:bab59551
14310367ns          254206 1c008852 1c000737 lui              x14, 0x1c000000     x14=1c000000
14310387ns          254207 1c008856 13872703 lw               x14, 312(x14)       x14=3d2aa76f x14:1c000000  PA:1c000138
14310725ns          254224 1c00885a 70f577c3 fmadd.s          f15, f10, f15, f14  f15=xxxxxxxx f10:3e69e159 f15:bab4e3df f14:3d2aa76f
14310745ns          254225 1c00885e 1c000737 lui              x14, 0x1c000000     x14=1c000000
14310764ns          254226 1c008862 13c72703 lw               x14, 316(x14)       x14=beffffe0 x14:1c000000  PA:1c00013c
14311083ns          254242 1c008866 70f577c3 fmadd.s          f15, f10, f15, f14  f15=xxxxxxxx f10:3e69e159 f15:3d295cea f14:beffffe0
14311103ns          254243 1c00886a 1c000737 lui              x14, 0x1c000000     x14=1c000000
14311123ns          254244 1c00886e 16872703 lw               x14, 360(x14)       x14=3f7fffff x14:1c000000  PA:1c000168
14311441ns          254260 1c008872 70f57543 fmadd.s          f10, f10, f15, f14  f10=xxxxxxxx f10:3e69e159 f15:befb2a0b f14:3f7fffff
14311461ns          254261 1c008876 20a51553 fsgnjn.s         f10, f10, f10       f10=xxxxxxxx f10:3f635134 f10:3f635134
14311481ns          254262 1c00887a 00008067 jalr             x0, x1, 0            x1:1c0081de
14311540ns          254265 1c0081de 016a7a53 fadd.s           f20, f20, f22       f20=xxxxxxxx f20:40a616f0 f22:3efd2311
14311560ns          254266 1c0081e2 10acf553 fmul.s           f10, f25, f10       f10=xxxxxxxx f25:3f800000 f10:bf635134
14311580ns          254267 1c0081e6 a14a97d3 flt.s            x15, f21, f20       x15=00000000 f21:40c90fdb f20:40b5e921
14311600ns          254268 1c0081ea 00a4222b p.sw             x10, 4(x8!)          x8=10001f34 x10:bf635134  x8:10001f30  PA:10001f30
14311620ns          254269 1c0081ee 00078363 beq              x15, x0, 6          x15:00000000
14311679ns          254272 1c0081f4 ff7412e3 bne              x8, x23, -28         x8:10001f34 x23:10001fc8
14311739ns          254275 1c0081d8 094c7553 fsub.s           f10, f24, f20       f10=xxxxxxxx f24:3fc90fdb f20:40b5e921
14311759ns          254276 1c0081dc 57c000ef jal              x1, 1404             x1=1c0081de
14311799ns          254278 1c008758 a0a527d3 feq.s            x15, f10, f10       x15=00000001 f10:c083a52a f10:c083a52a
14311819ns          254279 1c00875c 0a078b63 beq              x15, x0, 182        x15:00000001
14311839ns          254280 1c00875e e00517d3 fclass.s         x15, f10            x15=00000002 f10:c083a52a
14311858ns          254281 1c008762 0817f793 andi             x15, x15, 129       x15=00000000 x15:00000002
14311878ns          254282 1c008766 0a079663 bne              x15, x0, 172        x15:00000000
14311898ns          254283 1c008768 00000793 addi             x15, x0, 0          x15=00000000
14311918ns          254284 1c00876c a0f517d3 flt.s            x15, f10, f15       x15=00000001 f10:c083a52a f15:00000000
14311938ns          254285 1c008770 0a079663 bne              x15, x0, 172        x15:00000001
14311998ns          254288 1c00881c 1c0007b7 lui              x15, 0x1c000000     x15=1c000000
14312018ns          254289 1c008820 12c7a783 lw               x15, 300(x15)       x15=c0c90fdb x15:1c000000  PA:1c00012c
14312336ns          254305 1c008824 a0f517d3 flt.s            x15, f10, f15       x15=00000000 f10:c083a52a f15:c0c90fdb
14312356ns          254306 1c008828 00078463 beq              x15, x0, 8          x15:00000000
14312415ns          254309 1c008830 20a51553 fsgnjn.s         f10, f10, f10       f10=xxxxxxxx f10:c083a52a f10:c083a52a
14312435ns          254310 1c008834 f6bff06f jal              x0, -150           
14312495ns          254313 1c00879e 1c0007b7 lui              x15, 0x1c000000     x15=1c000000
14312515ns          254314 1c0087a2 01c7a783 lw               x15, 28(x15)        x15=3fc90fdb x15:1c000000  PA:1c00001c
14312833ns          254330 1c0087a6 a0f517d3 flt.s            x15, f10, f15       x15=00000000 f10:4083a52a f15:3fc90fdb
14312853ns          254331 1c0087aa 02079563 bne              x15, x0, 42         x15:00000000
14312873ns          254332 1c0087ac 1c0007b7 lui              x15, 0x1c000000     x15=1c000000
14312893ns          254333 1c0087b0 1007a783 lw               x15, 256(x15)       x15=40490fdb x15:1c000000  PA:1c000100
14313251ns          254351 1c0087b4 a0f51753 flt.s            x14, f10, f15       x14=00000000 f10:4083a52a f15:40490fdb
14313271ns          254352 1c0087b8 06071f63 bne              x14, x0, 126        x14:00000000
14313291ns          254353 1c0087ba 1c000737 lui              x14, 0x1c000000     x14=1c000000
14313310ns          254354 1c0087be 14072703 lw               x14, 320(x14)       x14=4096cbe4 x14:1c000000  PA:1c000140
14313649ns          254371 1c0087c2 a0e51753 flt.s            x14, f10, f14       x14=00000001 f10:4083a52a f14:4096cbe4
14313669ns          254372 1c0087c6 0a071b63 bne              x14, x0, 182        x14:00000001
14313728ns          254375 1c00887c 08f57553 fsub.s           f10, f10, f15       f10=xxxxxxxx f10:4083a52a f15:40490fdb
14313748ns          254376 1c008880 fbbff06f jal              x0, -70            
14313808ns          254379 1c00883a 10a57553 fmul.s           f10, f10, f10       f10=xxxxxxxx f10:3f78e9e4 f10:3f78e9e4
14313828ns          254380 1c00883e 1c0007b7 lui              x15, 0x1c000000     x15=1c000000
14313848ns          254381 1c008842 1c000737 lui              x14, 0x1c000000     x14=1c000000
14313867ns          254382 1c008846 13472703 lw               x14, 308(x14)       x14=bab59551 x14:1c000000  PA:1c000134
14314166ns          254397 1c00884a 1307a783 lw               x15, 304(x15)       x15=37c23ab1 x15:1c000000  PA:1c000130
14314504ns          254414 1c00884e 70f577c3 fmadd.s          f15, f10, f15, f14  f15=xxxxxxxx f10:3f7205ff f15:37c23ab1 f14:bab59551
14314524ns          254415 1c008852 1c000737 lui              x14, 0x1c000000     x14=1c000000
14314544ns          254416 1c008856 13872703 lw               x14, 312(x14)       x14=3d2aa76f x14:1c000000  PA:1c000138
14314902ns          254434 1c00885a 70f577c3 fmadd.s          f15, f10, f15, f14  f15=xxxxxxxx f10:3f7205ff f15:bab2b6d1 f14:3d2aa76f
14314922ns          254435 1c00885e 1c000737 lui              x14, 0x1c000000     x14=1c000000
14314942ns          254436 1c008862 13c72703 lw               x14, 316(x14)       x14=beffffe0 x14:1c000000  PA:1c00013c
14315260ns          254452 1c008866 70f577c3 fmadd.s          f15, f10, f15, f14  f15=xxxxxxxx f10:3f7205ff f15:3d255fc7 f14:beffffe0
14315280ns          254453 1c00886a 1c000737 lui              x14, 0x1c000000     x14=1c000000
14315300ns          254454 1c00886e 16872703 lw               x14, 360(x14)       x14=3f7fffff x14:1c000000  PA:1c000168
14315618ns          254470 1c008872 70f57543 fmadd.s          f10, f10, f15, f14  f10=xxxxxxxx f10:3f7205ff f15:beec74d3 f14:3f7fffff
14315638ns          254471 1c008876 20a51553 fsgnjn.s         f10, f10, f10       f10=xxxxxxxx f10:3f103a02 f10:3f103a02
14315658ns          254472 1c00887a 00008067 jalr             x0, x1, 0            x1:1c0081de
14315717ns          254475 1c0081de 016a7a53 fadd.s           f20, f20, f22       f20=xxxxxxxx f20:40b5e921 f22:3efd2311
14315737ns          254476 1c0081e2 10acf553 fmul.s           f10, f25, f10       f10=xxxxxxxx f25:3f800000 f10:bf103a02
14315757ns          254477 1c0081e6 a14a97d3 flt.s            x15, f21, f20       x15=00000000 f21:40c90fdb f20:40c5bb52
14315777ns          254478 1c0081ea 00a4222b p.sw             x10, 4(x8!)          x8=10001f38 x10:bf103a02  x8:10001f34  PA:10001f34
14315797ns          254479 1c0081ee 00078363 beq              x15, x0, 6          x15:00000000
14315857ns          254482 1c0081f4 ff7412e3 bne              x8, x23, -28         x8:10001f38 x23:10001fc8
14315916ns          254485 1c0081d8 094c7553 fsub.s           f10, f24, f20       f10=xxxxxxxx f24:3fc90fdb f20:40c5bb52
14315936ns          254486 1c0081dc 57c000ef jal              x1, 1404             x1=1c0081de
14315976ns          254488 1c008758 a0a527d3 feq.s            x15, f10, f10       x15=00000001 f10:c093775b f10:c093775b
14315996ns          254489 1c00875c 0a078b63 beq              x15, x0, 182        x15:00000001
14316016ns          254490 1c00875e e00517d3 fclass.s         x15, f10            x15=00000002 f10:c093775b
14316036ns          254491 1c008762 0817f793 andi             x15, x15, 129       x15=00000000 x15:00000002
14316055ns          254492 1c008766 0a079663 bne              x15, x0, 172        x15:00000000
14316075ns          254493 1c008768 00000793 addi             x15, x0, 0          x15=00000000
14316095ns          254494 1c00876c a0f517d3 flt.s            x15, f10, f15       x15=00000001 f10:c093775b f15:00000000
14316115ns          254495 1c008770 0a079663 bne              x15, x0, 172        x15:00000001
14316175ns          254498 1c00881c 1c0007b7 lui              x15, 0x1c000000     x15=1c000000
14316195ns          254499 1c008820 12c7a783 lw               x15, 300(x15)       x15=c0c90fdb x15:1c000000  PA:1c00012c
14316513ns          254515 1c008824 a0f517d3 flt.s            x15, f10, f15       x15=00000000 f10:c093775b f15:c0c90fdb
14316533ns          254516 1c008828 00078463 beq              x15, x0, 8          x15:00000000
14316592ns          254519 1c008830 20a51553 fsgnjn.s         f10, f10, f10       f10=xxxxxxxx f10:c093775b f10:c093775b
14316612ns          254520 1c008834 f6bff06f jal              x0, -150           
14316672ns          254523 1c00879e 1c0007b7 lui              x15, 0x1c000000     x15=1c000000
14316692ns          254524 1c0087a2 01c7a783 lw               x15, 28(x15)        x15=3fc90fdb x15:1c000000  PA:1c00001c
14317070ns          254543 1c0087a6 a0f517d3 flt.s            x15, f10, f15       x15=00000000 f10:4093775b f15:3fc90fdb
14317090ns          254544 1c0087aa 02079563 bne              x15, x0, 42         x15:00000000
14317110ns          254545 1c0087ac 1c0007b7 lui              x15, 0x1c000000     x15=1c000000
14317130ns          254546 1c0087b0 1007a783 lw               x15, 256(x15)       x15=40490fdb x15:1c000000  PA:1c000100
14317448ns          254562 1c0087b4 a0f51753 flt.s            x14, f10, f15       x14=00000000 f10:4093775b f15:40490fdb
14317468ns          254563 1c0087b8 06071f63 bne              x14, x0, 126        x14:00000000
14317488ns          254564 1c0087ba 1c000737 lui              x14, 0x1c000000     x14=1c000000
14317507ns          254565 1c0087be 14072703 lw               x14, 320(x14)       x14=4096cbe4 x14:1c000000  PA:1c000140
14317826ns          254581 1c0087c2 a0e51753 flt.s            x14, f10, f14       x14=00000001 f10:4093775b f14:4096cbe4
14317846ns          254582 1c0087c6 0a071b63 bne              x14, x0, 182        x14:00000001
14317905ns          254585 1c00887c 08f57553 fsub.s           f10, f10, f15       f10=xxxxxxxx f10:4093775b f15:40490fdb
14317925ns          254586 1c008880 fbbff06f jal              x0, -70            
14317985ns          254589 1c00883a 10a57553 fmul.s           f10, f10, f10       f10=xxxxxxxx f10:3fbbbdb6 f10:3fbbbdb6
14318005ns          254590 1c00883e 1c0007b7 lui              x15, 0x1c000000     x15=1c000000
14318025ns          254591 1c008842 1c000737 lui              x14, 0x1c000000     x14=1c000000
14318044ns          254592 1c008846 13472703 lw               x14, 308(x14)       x14=bab59551 x14:1c000000  PA:1c000134
14318363ns          254608 1c00884a 1307a783 lw               x15, 304(x15)       x15=37c23ab1 x15:1c000000  PA:1c000130
14318681ns          254624 1c00884e 70f577c3 fmadd.s          f15, f10, f15, f14  f15=xxxxxxxx f10:4009aeb4 f15:37c23ab1 f14:bab59551
14318701ns          254625 1c008852 1c000737 lui              x14, 0x1c000000     x14=1c000000
14318721ns          254626 1c008856 13872703 lw               x14, 312(x14)       x14=3d2aa76f x14:1c000000  PA:1c000138
14319039ns          254642 1c00885a 70f577c3 fmadd.s          f15, f10, f15, f14  f15=xxxxxxxx f10:4009aeb4 f15:baaf0df2 f14:3d2aa76f
14319059ns          254643 1c00885e 1c000737 lui              x14, 0x1c000000     x14=1c000000
14319079ns          254644 1c008862 13c72703 lw               x14, 316(x14)       x14=beffffe0 x14:1c000000  PA:1c00013c
14319417ns          254661 1c008866 70f577c3 fmadd.s          f15, f10, f15, f14  f15=xxxxxxxx f10:4009aeb4 f15:3d1ee2b1 f14:beffffe0
14319437ns          254662 1c00886a 1c000737 lui              x14, 0x1c000000     x14=1c000000
14319457ns          254663 1c00886e 16872703 lw               x14, 360(x14)       x14=3f7fffff x14:1c000000  PA:1c000168
14319795ns          254680 1c008872 70f57543 fmadd.s          f10, f10, f15, f14  f10=xxxxxxxx f10:4009aeb4 f15:bed54601 f14:3f7fffff
14319815ns          254681 1c008876 20a51553 fsgnjn.s         f10, f10, f10       f10=xxxxxxxx f10:3dd4bfd7 f10:3dd4bfd7
14319835ns          254682 1c00887a 00008067 jalr             x0, x1, 0            x1:1c0081de
14319894ns          254685 1c0081de 016a7a53 fadd.s           f20, f20, f22       f20=xxxxxxxx f20:40c5bb52 f22:3efd2311
14319914ns          254686 1c0081e2 10acf553 fmul.s           f10, f25, f10       f10=xxxxxxxx f25:3f800000 f10:bdd4bfd7
14319934ns          254687 1c0081e6 a14a97d3 flt.s            x15, f21, f20       x15=00000001 f21:40c90fdb f20:40d58d83
14319954ns          254688 1c0081ea 00a4222b p.sw             x10, 4(x8!)          x8=10001f3c x10:bdd4bfd7  x8:10001f38  PA:10001f38
14319974ns          254689 1c0081ee 00078363 beq              x15, x0, 6          x15:00000001
14319994ns          254690 1c0081f0 095a7a53 fsub.s           f20, f20, f21       f20=xxxxxxxx f20:40d58d83 f21:40c90fdb
14320014ns          254691 1c0081f4 ff7412e3 bne              x8, x23, -28         x8:10001f3c x23:10001fc8
14320073ns          254694 1c0081d8 094c7553 fsub.s           f10, f24, f20       f10=xxxxxxxx f24:3fc90fdb f20:3ec7da80
14320093ns          254695 1c0081dc 57c000ef jal              x1, 1404             x1=1c0081de
14320133ns          254697 1c008758 a0a527d3 feq.s            x15, f10, f10       x15=00000001 f10:3f97193b f10:3f97193b
14320153ns          254698 1c00875c 0a078b63 beq              x15, x0, 182        x15:00000001
14320173ns          254699 1c00875e e00517d3 fclass.s         x15, f10            x15=00000040 f10:3f97193b
14320193ns          254700 1c008762 0817f793 andi             x15, x15, 129       x15=00000000 x15:00000040
14320213ns          254701 1c008766 0a079663 bne              x15, x0, 172        x15:00000000
14320232ns          254702 1c008768 00000793 addi             x15, x0, 0          x15=00000000
14320252ns          254703 1c00876c a0f517d3 flt.s            x15, f10, f15       x15=00000000 f10:3f97193b f15:00000000
14320272ns          254704 1c008770 0a079663 bne              x15, x0, 172        x15:00000000
14320292ns          254705 1c008772 1c000737 lui              x14, 0x1c000000     x14=1c000000
14320312ns          254706 1c008776 02072783 lw               x15, 32(x14)        x15=40c90fdb x14:1c000000  PA:1c000020
14320630ns          254722 1c00877a a0a797d3 flt.s            x15, f15, f10       x15=00000000 f15:40c90fdb f10:3f97193b
14320650ns          254723 1c00877e 00078b63 beq              x15, x0, 22         x15:00000000
14320710ns          254726 1c008794 00000793 addi             x15, x0, 0          x15=00000000
14320730ns          254727 1c008798 a0f517d3 flt.s            x15, f10, f15       x15=00000000 f10:3f97193b f15:00000000
14320750ns          254728 1c00879c 08079a63 bne              x15, x0, 148        x15:00000000
14320770ns          254729 1c00879e 1c0007b7 lui              x15, 0x1c000000     x15=1c000000
14320789ns          254730 1c0087a2 01c7a783 lw               x15, 28(x15)        x15=3fc90fdb x15:1c000000  PA:1c00001c
14321147ns          254748 1c0087a6 a0f517d3 flt.s            x15, f10, f15       x15=00000001 f10:3f97193b f15:3fc90fdb
14321167ns          254749 1c0087aa 02079563 bne              x15, x0, 42         x15:00000001
14321227ns          254752 1c0087d4 10a57553 fmul.s           f10, f10, f10       f10=xxxxxxxx f10:3f97193b f10:3f97193b
14321247ns          254753 1c0087d8 1c0007b7 lui              x15, 0x1c000000     x15=1c000000
14321267ns          254754 1c0087dc 1c000737 lui              x14, 0x1c000000     x14=1c000000
14321287ns          254755 1c0087e0 13472703 lw               x14, 308(x14)       x14=bab59551 x14:1c000000  PA:1c000134
14321585ns          254770 1c0087e4 1307a783 lw               x15, 304(x15)       x15=37c23ab1 x15:1c000000  PA:1c000130
14321903ns          254786 1c0087e8 70f577c3 fmadd.s          f15, f10, f15, f14  f15=xxxxxxxx f10:3fb25d8c f15:37c23ab1 f14:bab59551
14321923ns          254787 1c0087ec 1c000737 lui              x14, 0x1c000000     x14=1c000000
14321943ns          254788 1c0087f0 13872703 lw               x14, 312(x14)       x14=3d2aa76f x14:1c000000  PA:1c000138
14322301ns          254806 1c0087f4 70f577c3 fmadd.s          f15, f10, f15, f14  f15=xxxxxxxx f10:3fb25d8c f15:bab15ab3 f14:3d2aa76f
14322321ns          254807 1c0087f8 1c000737 lui              x14, 0x1c000000     x14=1c000000
14322341ns          254808 1c0087fc 13c72703 lw               x14, 316(x14)       x14=beffffe0 x14:1c000000  PA:1c00013c
14322719ns          254827 1c008800 70f577c3 fmadd.s          f15, f10, f15, f14  f15=xxxxxxxx f10:3fb25d8c f15:3d22ee51 f14:beffffe0
14322739ns          254828 1c008804 1c000737 lui              x14, 0x1c000000     x14=1c000000
14322759ns          254829 1c008808 16872703 lw               x14, 360(x14)       x14=3f7fffff x14:1c000000  PA:1c000168
14323077ns          254845 1c00880c 70f57543 fmadd.s          f10, f10, f15, f14  f10=xxxxxxxx f10:3fb25d8c f15:bee39e91 f14:3f7fffff
14323097ns          254846 1c008810 00008067 jalr             x0, x1, 0            x1:1c0081de
14323156ns          254849 1c0081de 016a7a53 fadd.s           f20, f20, f22       f20=xxxxxxxx f20:3ec7da80 f22:3efd2311
14323176ns          254850 1c0081e2 10acf553 fmul.s           f10, f25, f10       f10=xxxxxxxx f25:3f800000 f10:3ec2d122
14323196ns          254851 1c0081e6 a14a97d3 flt.s            x15, f21, f20       x15=00000000 f21:40c90fdb f20:3f627ec8
14323216ns          254852 1c0081ea 00a4222b p.sw             x10, 4(x8!)          x8=10001f40 x10:3ec2d122  x8:10001f3c  PA:10001f3c
14323236ns          254853 1c0081ee 00078363 beq              x15, x0, 6          x15:00000000
14323296ns          254856 1c0081f4 ff7412e3 bne              x8, x23, -28         x8:10001f40 x23:10001fc8
14323355ns          254859 1c0081d8 094c7553 fsub.s           f10, f24, f20       f10=xxxxxxxx f24:3fc90fdb f20:3f627ec8
14323375ns          254860 1c0081dc 57c000ef jal              x1, 1404             x1=1c0081de
14323415ns          254862 1c008758 a0a527d3 feq.s            x15, f10, f10       x15=00000001 f10:3f2fa0ee f10:3f2fa0ee
14323435ns          254863 1c00875c 0a078b63 beq              x15, x0, 182        x15:00000001
14323455ns          254864 1c00875e e00517d3 fclass.s         x15, f10            x15=00000040 f10:3f2fa0ee
14323475ns          254865 1c008762 0817f793 andi             x15, x15, 129       x15=00000000 x15:00000040
14323495ns          254866 1c008766 0a079663 bne              x15, x0, 172        x15:00000000
14323514ns          254867 1c008768 00000793 addi             x15, x0, 0          x15=00000000
14323534ns          254868 1c00876c a0f517d3 flt.s            x15, f10, f15       x15=00000000 f10:3f2fa0ee f15:00000000
14323554ns          254869 1c008770 0a079663 bne              x15, x0, 172        x15:00000000
14323574ns          254870 1c008772 1c000737 lui              x14, 0x1c000000     x14=1c000000
14323594ns          254871 1c008776 02072783 lw               x15, 32(x14)        x15=40c90fdb x14:1c000000  PA:1c000020
14323912ns          254887 1c00877a a0a797d3 flt.s            x15, f15, f10       x15=00000000 f15:40c90fdb f10:3f2fa0ee
14323932ns          254888 1c00877e 00078b63 beq              x15, x0, 22         x15:00000000
14323992ns          254891 1c008794 00000793 addi             x15, x0, 0          x15=00000000
14324012ns          254892 1c008798 a0f517d3 flt.s            x15, f10, f15       x15=00000000 f10:3f2fa0ee f15:00000000
14324032ns          254893 1c00879c 08079a63 bne              x15, x0, 148        x15:00000000
14324052ns          254894 1c00879e 1c0007b7 lui              x15, 0x1c000000     x15=1c000000
14324071ns          254895 1c0087a2 01c7a783 lw               x15, 28(x15)        x15=3fc90fdb x15:1c000000  PA:1c00001c
14324410ns          254912 1c0087a6 a0f517d3 flt.s            x15, f10, f15       x15=00000001 f10:3f2fa0ee f15:3fc90fdb
14324429ns          254913 1c0087aa 02079563 bne              x15, x0, 42         x15:00000001
14324489ns          254916 1c0087d4 10a57553 fmul.s           f10, f10, f10       f10=xxxxxxxx f10:3f2fa0ee f10:3f2fa0ee
14324509ns          254917 1c0087d8 1c0007b7 lui              x15, 0x1c000000     x15=1c000000
14324529ns          254918 1c0087dc 1c000737 lui              x14, 0x1c000000     x14=1c000000
14324549ns          254919 1c0087e0 13472703 lw               x14, 308(x14)       x14=bab59551 x14:1c000000  PA:1c000134
14324847ns          254934 1c0087e4 1307a783 lw               x15, 304(x15)       x15=37c23ab1 x15:1c000000  PA:1c000130
14325185ns          254951 1c0087e8 70f577c3 fmadd.s          f15, f10, f15, f14  f15=xxxxxxxx f10:3ef0fad5 f15:37c23ab1 f14:bab59551
14325205ns          254952 1c0087ec 1c000737 lui              x14, 0x1c000000     x14=1c000000
14325225ns          254953 1c0087f0 13872703 lw               x14, 312(x14)       x14=3d2aa76f x14:1c000000  PA:1c000138
14325563ns          254970 1c0087f4 70f577c3 fmadd.s          f15, f10, f15, f14  f15=xxxxxxxx f10:3ef0fad5 f15:bab427a6 f14:3d2aa76f
14325583ns          254971 1c0087f8 1c000737 lui              x14, 0x1c000000     x14=1c000000
14325603ns          254972 1c0087fc 13c72703 lw               x14, 316(x14)       x14=beffffe0 x14:1c000000  PA:1c00013c
14325961ns          254990 1c008800 70f577c3 fmadd.s          f15, f10, f15, f14  f15=xxxxxxxx f10:3ef0fad5 f15:3d280118 f14:beffffe0
14325981ns          254991 1c008804 1c000737 lui              x14, 0x1c000000     x14=1c000000
14326001ns          254992 1c008808 16872703 lw               x14, 360(x14)       x14=3f7fffff x14:1c000000  PA:1c000168
14326319ns          255008 1c00880c 70f57543 fmadd.s          f10, f10, f15, f14  f10=xxxxxxxx f10:3ef0fad5 f15:bef61d86 f14:3f7fffff
14326339ns          255009 1c008810 00008067 jalr             x0, x1, 0            x1:1c0081de
14326399ns          255012 1c0081de 016a7a53 fadd.s           f20, f20, f22       f20=xxxxxxxx f20:3f627ec8 f22:3efd2311
14326419ns          255013 1c0081e2 10acf553 fmul.s           f10, f25, f10       f10=xxxxxxxx f25:3f800000 f10:3f4614ca
14326438ns          255014 1c0081e6 a14a97d3 flt.s            x15, f21, f20       x15=00000000 f21:40c90fdb f20:3fb08828
14326458ns          255015 1c0081ea 00a4222b p.sw             x10, 4(x8!)          x8=10001f44 x10:3f4614ca  x8:10001f40  PA:10001f40
14326478ns          255016 1c0081ee 00078363 beq              x15, x0, 6          x15:00000000
14326538ns          255019 1c0081f4 ff7412e3 bne              x8, x23, -28         x8:10001f44 x23:10001fc8
14326598ns          255022 1c0081d8 094c7553 fsub.s           f10, f24, f20       f10=xxxxxxxx f24:3fc90fdb f20:3fb08828
14326617ns          255023 1c0081dc 57c000ef jal              x1, 1404             x1=1c0081de
14326657ns          255025 1c008758 a0a527d3 feq.s            x15, f10, f10       x15=00000001 f10:3e443d98 f10:3e443d98
14326677ns          255026 1c00875c 0a078b63 beq              x15, x0, 182        x15:00000001
14326697ns          255027 1c00875e e00517d3 fclass.s         x15, f10            x15=00000040 f10:3e443d98
14326717ns          255028 1c008762 0817f793 andi             x15, x15, 129       x15=00000000 x15:00000040
14326737ns          255029 1c008766 0a079663 bne              x15, x0, 172        x15:00000000
14326757ns          255030 1c008768 00000793 addi             x15, x0, 0          x15=00000000
14326777ns          255031 1c00876c a0f517d3 flt.s            x15, f10, f15       x15=00000000 f10:3e443d98 f15:00000000
14326796ns          255032 1c008770 0a079663 bne              x15, x0, 172        x15:00000000
14326816ns          255033 1c008772 1c000737 lui              x14, 0x1c000000     x14=1c000000
14326836ns          255034 1c008776 02072783 lw               x15, 32(x14)        x15=40c90fdb x14:1c000000  PA:1c000020
14327154ns          255050 1c00877a a0a797d3 flt.s            x15, f15, f10       x15=00000000 f15:40c90fdb f10:3e443d98
14327174ns          255051 1c00877e 00078b63 beq              x15, x0, 22         x15:00000000
14327234ns          255054 1c008794 00000793 addi             x15, x0, 0          x15=00000000
14327254ns          255055 1c008798 a0f517d3 flt.s            x15, f10, f15       x15=00000000 f10:3e443d98 f15:00000000
14327274ns          255056 1c00879c 08079a63 bne              x15, x0, 148        x15:00000000
14327294ns          255057 1c00879e 1c0007b7 lui              x15, 0x1c000000     x15=1c000000
14327314ns          255058 1c0087a2 01c7a783 lw               x15, 28(x15)        x15=3fc90fdb x15:1c000000  PA:1c00001c
14327632ns          255074 1c0087a6 a0f517d3 flt.s            x15, f10, f15       x15=00000001 f10:3e443d98 f15:3fc90fdb
14327652ns          255075 1c0087aa 02079563 bne              x15, x0, 42         x15:00000001
14327711ns          255078 1c0087d4 10a57553 fmul.s           f10, f10, f10       f10=xxxxxxxx f10:3e443d98 f10:3e443d98
14327731ns          255079 1c0087d8 1c0007b7 lui              x15, 0x1c000000     x15=1c000000
14327751ns          255080 1c0087dc 1c000737 lui              x14, 0x1c000000     x14=1c000000
14327771ns          255081 1c0087e0 13472703 lw               x14, 308(x14)       x14=bab59551 x14:1c000000  PA:1c000134
14328069ns          255096 1c0087e4 1307a783 lw               x15, 304(x15)       x15=37c23ab1 x15:1c000000  PA:1c000130
14328388ns          255112 1c0087e8 70f577c3 fmadd.s          f15, f10, f15, f14  f15=xxxxxxxx f10:3d166e60 f15:37c23ab1 f14:bab59551
14328408ns          255113 1c0087ec 1c000737 lui              x14, 0x1c000000     x14=1c000000
14328427ns          255114 1c0087f0 13872703 lw               x14, 312(x14)       x14=3d2aa76f x14:1c000000  PA:1c000138
14328746ns          255130 1c0087f4 70f577c3 fmadd.s          f15, f10, f15, f14  f15=xxxxxxxx f10:3d166e60 f15:bab578c8 f14:3d2aa76f
14328766ns          255131 1c0087f8 1c000737 lui              x14, 0x1c000000     x14=1c000000
14328786ns          255132 1c0087fc 13c72703 lw               x14, 316(x14)       x14=beffffe0 x14:1c000000  PA:1c00013c
14329124ns          255149 1c008800 70f577c3 fmadd.s          f15, f10, f15, f14  f15=xxxxxxxx f10:3d166e60 f15:3d2a721d f14:beffffe0
14329144ns          255150 1c008804 1c000737 lui              x14, 0x1c000000     x14=1c000000
14329163ns          255151 1c008808 16872703 lw               x14, 360(x14)       x14=3f7fffff x14:1c000000  PA:1c000168
14329482ns          255167 1c00880c 70f57543 fmadd.s          f10, f10, f15, f14  f10=xxxxxxxx f10:3d166e60 f15:beff378f f14:3f7fffff
14329502ns          255168 1c008810 00008067 jalr             x0, x1, 0            x1:1c0081de
14329561ns          255171 1c0081de 016a7a53 fadd.s           f20, f20, f22       f20=xxxxxxxx f20:3fb08828 f22:3efd2311
14329581ns          255172 1c0081e2 10acf553 fmul.s           f10, f25, f10       f10=xxxxxxxx f25:3f800000 f10:3f7b503a
14329601ns          255173 1c0081e6 a14a97d3 flt.s            x15, f21, f20       x15=00000000 f21:40c90fdb f20:3fefd0ec
14329621ns          255174 1c0081ea 00a4222b p.sw             x10, 4(x8!)          x8=10001f48 x10:3f7b503a  x8:10001f44  PA:10001f44
14329641ns          255175 1c0081ee 00078363 beq              x15, x0, 6          x15:00000000
14329700ns          255178 1c0081f4 ff7412e3 bne              x8, x23, -28         x8:10001f48 x23:10001fc8
14329760ns          255181 1c0081d8 094c7553 fsub.s           f10, f24, f20       f10=xxxxxxxx f24:3fc90fdb f20:3fefd0ec
14329780ns          255182 1c0081dc 57c000ef jal              x1, 1404             x1=1c0081de
14329820ns          255184 1c008758 a0a527d3 feq.s            x15, f10, f10       x15=00000001 f10:be9b0444 f10:be9b0444
14329840ns          255185 1c00875c 0a078b63 beq              x15, x0, 182        x15:00000001
14329860ns          255186 1c00875e e00517d3 fclass.s         x15, f10            x15=00000002 f10:be9b0444
14329879ns          255187 1c008762 0817f793 andi             x15, x15, 129       x15=00000000 x15:00000002
14329899ns          255188 1c008766 0a079663 bne              x15, x0, 172        x15:00000000
14329919ns          255189 1c008768 00000793 addi             x15, x0, 0          x15=00000000
14329939ns          255190 1c00876c a0f517d3 flt.s            x15, f10, f15       x15=00000001 f10:be9b0444 f15:00000000
14329959ns          255191 1c008770 0a079663 bne              x15, x0, 172        x15:00000001
14330019ns          255194 1c00881c 1c0007b7 lui              x15, 0x1c000000     x15=1c000000
14330039ns          255195 1c008820 12c7a783 lw               x15, 300(x15)       x15=c0c90fdb x15:1c000000  PA:1c00012c
14330357ns          255211 1c008824 a0f517d3 flt.s            x15, f10, f15       x15=00000000 f10:be9b0444 f15:c0c90fdb
14330377ns          255212 1c008828 00078463 beq              x15, x0, 8          x15:00000000
14330436ns          255215 1c008830 20a51553 fsgnjn.s         f10, f10, f10       f10=xxxxxxxx f10:be9b0444 f10:be9b0444
14330456ns          255216 1c008834 f6bff06f jal              x0, -150           
14330516ns          255219 1c00879e 1c0007b7 lui              x15, 0x1c000000     x15=1c000000
14330536ns          255220 1c0087a2 01c7a783 lw               x15, 28(x15)        x15=3fc90fdb x15:1c000000  PA:1c00001c
14330874ns          255237 1c0087a6 a0f517d3 flt.s            x15, f10, f15       x15=00000001 f10:3e9b0444 f15:3fc90fdb
14330894ns          255238 1c0087aa 02079563 bne              x15, x0, 42         x15:00000001
14330954ns          255241 1c0087d4 10a57553 fmul.s           f10, f10, f10       f10=xxxxxxxx f10:3e9b0444 f10:3e9b0444
14330973ns          255242 1c0087d8 1c0007b7 lui              x15, 0x1c000000     x15=1c000000
14330993ns          255243 1c0087dc 1c000737 lui              x14, 0x1c000000     x14=1c000000
14331013ns          255244 1c0087e0 13472703 lw               x14, 308(x14)       x14=bab59551 x14:1c000000  PA:1c000134
14331312ns          255259 1c0087e4 1307a783 lw               x15, 304(x15)       x15=37c23ab1 x15:1c000000  PA:1c000130
14331630ns          255275 1c0087e8 70f577c3 fmadd.s          f15, f10, f15, f14  f15=xxxxxxxx f10:3dbbbc55 f15:37c23ab1 f14:bab59551
14331650ns          255276 1c0087ec 1c000737 lui              x14, 0x1c000000     x14=1c000000
14331670ns          255277 1c0087f0 13872703 lw               x14, 312(x14)       x14=3d2aa76f x14:1c000000  PA:1c000138
14331988ns          255293 1c0087f4 70f577c3 fmadd.s          f15, f10, f15, f14  f15=xxxxxxxx f10:3dbbbc55 f15:bab54e19 f14:3d2aa76f
14332008ns          255294 1c0087f8 1c000737 lui              x14, 0x1c000000     x14=1c000000
14332028ns          255295 1c0087fc 13c72703 lw               x14, 316(x14)       x14=beffffe0 x14:1c000000  PA:1c00013c
14332386ns          255313 1c008800 70f577c3 fmadd.s          f15, f10, f15, f14  f15=xxxxxxxx f10:3dbbbc55 f15:3d2a227a f14:beffffe0
14332406ns          255314 1c008804 1c000737 lui              x14, 0x1c000000     x14=1c000000
14332426ns          255315 1c008808 16872703 lw               x14, 360(x14)       x14=3f7fffff x14:1c000000  PA:1c000168
14332744ns          255331 1c00880c 70f57543 fmadd.s          f10, f10, f15, f14  f10=xxxxxxxx f10:3dbbbc55 f15:befe0ccf f14:3f7fffff
14332764ns          255332 1c008810 00008067 jalr             x0, x1, 0            x1:1c0081de
14332823ns          255335 1c0081de 016a7a53 fadd.s           f20, f20, f22       f20=xxxxxxxx f20:3fefd0ec f22:3efd2311
14332843ns          255336 1c0081e2 10acf553 fmul.s           f10, f25, f10       f10=xxxxxxxx f25:3f800000 f10:3f745b1b
14332863ns          255337 1c0081e6 a14a97d3 flt.s            x15, f21, f20       x15=00000000 f21:40c90fdb f20:40178cd8
14332883ns          255338 1c0081ea 00a4222b p.sw             x10, 4(x8!)          x8=10001f4c x10:3f745b1b  x8:10001f48  PA:10001f48
14332903ns          255339 1c0081ee 00078363 beq              x15, x0, 6          x15:00000000
14332963ns          255342 1c0081f4 ff7412e3 bne              x8, x23, -28         x8:10001f4c x23:10001fc8
14333022ns          255345 1c0081d8 094c7553 fsub.s           f10, f24, f20       f10=xxxxxxxx f24:3fc90fdb f20:40178cd8
14333042ns          255346 1c0081dc 57c000ef jal              x1, 1404             x1=1c0081de
14333082ns          255348 1c008758 a0a527d3 feq.s            x15, f10, f10       x15=00000001 f10:bf4c13aa f10:bf4c13aa
14333102ns          255349 1c00875c 0a078b63 beq              x15, x0, 182        x15:00000001
14333122ns          255350 1c00875e e00517d3 fclass.s         x15, f10            x15=00000002 f10:bf4c13aa
14333142ns          255351 1c008762 0817f793 andi             x15, x15, 129       x15=00000000 x15:00000002
14333161ns          255352 1c008766 0a079663 bne              x15, x0, 172        x15:00000000
14333181ns          255353 1c008768 00000793 addi             x15, x0, 0          x15=00000000
14333201ns          255354 1c00876c a0f517d3 flt.s            x15, f10, f15       x15=00000001 f10:bf4c13aa f15:00000000
14333221ns          255355 1c008770 0a079663 bne              x15, x0, 172        x15:00000001
14333281ns          255358 1c00881c 1c0007b7 lui              x15, 0x1c000000     x15=1c000000
14333301ns          255359 1c008820 12c7a783 lw               x15, 300(x15)       x15=c0c90fdb x15:1c000000  PA:1c00012c
14333619ns          255375 1c008824 a0f517d3 flt.s            x15, f10, f15       x15=00000000 f10:bf4c13aa f15:c0c90fdb
14333639ns          255376 1c008828 00078463 beq              x15, x0, 8          x15:00000000
14333699ns          255379 1c008830 20a51553 fsgnjn.s         f10, f10, f10       f10=xxxxxxxx f10:bf4c13aa f10:bf4c13aa
14333718ns          255380 1c008834 f6bff06f jal              x0, -150           
14333778ns          255383 1c00879e 1c0007b7 lui              x15, 0x1c000000     x15=1c000000
14333798ns          255384 1c0087a2 01c7a783 lw               x15, 28(x15)        x15=3fc90fdb x15:1c000000  PA:1c00001c
14334116ns          255400 1c0087a6 a0f517d3 flt.s            x15, f10, f15       x15=00000001 f10:3f4c13aa f15:3fc90fdb
14334136ns          255401 1c0087aa 02079563 bne              x15, x0, 42         x15:00000001
14334196ns          255404 1c0087d4 10a57553 fmul.s           f10, f10, f10       f10=xxxxxxxx f10:3f4c13aa f10:3f4c13aa
14334216ns          255405 1c0087d8 1c0007b7 lui              x15, 0x1c000000     x15=1c000000
14334236ns          255406 1c0087dc 1c000737 lui              x14, 0x1c000000     x14=1c000000
14334255ns          255407 1c0087e0 13472703 lw               x14, 308(x14)       x14=bab59551 x14:1c000000  PA:1c000134
14334554ns          255422 1c0087e4 1307a783 lw               x15, 304(x15)       x15=37c23ab1 x15:1c000000  PA:1c000130
14334872ns          255438 1c0087e8 70f577c3 fmadd.s          f15, f10, f15, f14  f15=xxxxxxxx f10:3f22af58 f15:37c23ab1 f14:bab59551
14334892ns          255439 1c0087ec 1c000737 lui              x14, 0x1c000000     x14=1c000000
14334912ns          255440 1c0087f0 13872703 lw               x14, 312(x14)       x14=3d2aa76f x14:1c000000  PA:1c000138
14335230ns          255456 1c0087f4 70f577c3 fmadd.s          f15, f10, f15, f14  f15=xxxxxxxx f10:3f22af58 f15:bab3a798 f14:3d2aa76f
14335250ns          255457 1c0087f8 1c000737 lui              x14, 0x1c000000     x14=1c000000
14335270ns          255458 1c0087fc 13c72703 lw               x14, 316(x14)       x14=beffffe0 x14:1c000000  PA:1c00013c
14335608ns          255475 1c008800 70f577c3 fmadd.s          f15, f10, f15, f14  f15=xxxxxxxx f10:3f22af58 f15:3d271616 f14:beffffe0
14335628ns          255476 1c008804 1c000737 lui              x14, 0x1c000000     x14=1c000000
14335648ns          255477 1c008808 16872703 lw               x14, 360(x14)       x14=3f7fffff x14:1c000000  PA:1c000168
14335966ns          255493 1c00880c 70f57543 fmadd.s          f10, f10, f15, f14  f10=xxxxxxxx f10:3f22af58 f15:bef2ba13 f14:3f7fffff
14335986ns          255494 1c008810 00008067 jalr             x0, x1, 0            x1:1c0081de
14336046ns          255497 1c0081de 016a7a53 fadd.s           f20, f20, f22       f20=xxxxxxxx f20:40178cd8 f22:3efd2311
14336066ns          255498 1c0081e2 10acf553 fmul.s           f10, f25, f10       f10=xxxxxxxx f25:3f800000 f10:3f32dfff
14336085ns          255499 1c0081e6 a14a97d3 flt.s            x15, f21, f20       x15=00000000 f21:40c90fdb f20:4037313a
14336105ns          255500 1c0081ea 00a4222b p.sw             x10, 4(x8!)          x8=10001f50 x10:3f32dfff  x8:10001f4c  PA:10001f4c
14336125ns          255501 1c0081ee 00078363 beq              x15, x0, 6          x15:00000000
14336185ns          255504 1c0081f4 ff7412e3 bne              x8, x23, -28         x8:10001f50 x23:10001fc8
14336245ns          255507 1c0081d8 094c7553 fsub.s           f10, f24, f20       f10=xxxxxxxx f24:3fc90fdb f20:4037313a
14336264ns          255508 1c0081dc 57c000ef jal              x1, 1404             x1=1c0081de
14336304ns          255510 1c008758 a0a527d3 feq.s            x15, f10, f10       x15=00000001 f10:bfa55299 f10:bfa55299
14336324ns          255511 1c00875c 0a078b63 beq              x15, x0, 182        x15:00000001
14336344ns          255512 1c00875e e00517d3 fclass.s         x15, f10            x15=00000002 f10:bfa55299
14336364ns          255513 1c008762 0817f793 andi             x15, x15, 129       x15=00000000 x15:00000002
14336384ns          255514 1c008766 0a079663 bne              x15, x0, 172        x15:00000000
14336404ns          255515 1c008768 00000793 addi             x15, x0, 0          x15=00000000
14336424ns          255516 1c00876c a0f517d3 flt.s            x15, f10, f15       x15=00000001 f10:bfa55299 f15:00000000
14336443ns          255517 1c008770 0a079663 bne              x15, x0, 172        x15:00000001
14336503ns          255520 1c00881c 1c0007b7 lui              x15, 0x1c000000     x15=1c000000
14336523ns          255521 1c008820 12c7a783 lw               x15, 300(x15)       x15=c0c90fdb x15:1c000000  PA:1c00012c
14336841ns          255537 1c008824 a0f517d3 flt.s            x15, f10, f15       x15=00000000 f10:bfa55299 f15:c0c90fdb
14336861ns          255538 1c008828 00078463 beq              x15, x0, 8          x15:00000000
14336921ns          255541 1c008830 20a51553 fsgnjn.s         f10, f10, f10       f10=xxxxxxxx f10:bfa55299 f10:bfa55299
14336941ns          255542 1c008834 f6bff06f jal              x0, -150           
14337000ns          255545 1c00879e 1c0007b7 lui              x15, 0x1c000000     x15=1c000000
14337020ns          255546 1c0087a2 01c7a783 lw               x15, 28(x15)        x15=3fc90fdb x15:1c000000  PA:1c00001c
14337339ns          255562 1c0087a6 a0f517d3 flt.s            x15, f10, f15       x15=00000001 f10:3fa55299 f15:3fc90fdb
14337358ns          255563 1c0087aa 02079563 bne              x15, x0, 42         x15:00000001
14337418ns          255566 1c0087d4 10a57553 fmul.s           f10, f10, f10       f10=xxxxxxxx f10:3fa55299 f10:3fa55299
14337438ns          255567 1c0087d8 1c0007b7 lui              x15, 0x1c000000     x15=1c000000
14337458ns          255568 1c0087dc 1c000737 lui              x14, 0x1c000000     x14=1c000000
14337478ns          255569 1c0087e0 13472703 lw               x14, 308(x14)       x14=bab59551 x14:1c000000  PA:1c000134
14337776ns          255584 1c0087e4 1307a783 lw               x15, 304(x15)       x15=37c23ab1 x15:1c000000  PA:1c000130
14338094ns          255600 1c0087e8 70f577c3 fmadd.s          f15, f10, f15, f14  f15=xxxxxxxx f10:3fd58728 f15:37c23ab1 f14:bab59551
14338114ns          255601 1c0087ec 1c000737 lui              x14, 0x1c000000     x14=1c000000
14338134ns          255602 1c0087f0 13872703 lw               x14, 312(x14)       x14=3d2aa76f x14:1c000000  PA:1c000138
14338472ns          255619 1c0087f4 70f577c3 fmadd.s          f15, f10, f15, f14  f15=xxxxxxxx f10:3fd58728 f15:bab08546 f14:3d2aa76f
14338492ns          255620 1c0087f8 1c000737 lui              x14, 0x1c000000     x14=1c000000
14338512ns          255621 1c0087fc 13c72703 lw               x14, 316(x14)       x14=beffffe0 x14:1c000000  PA:1c00013c
14338830ns          255637 1c008800 70f577c3 fmadd.s          f15, f10, f15, f14  f15=xxxxxxxx f10:3fd58728 f15:3d2173ae f14:beffffe0
14338850ns          255638 1c008804 1c000737 lui              x14, 0x1c000000     x14=1c000000
14338870ns          255639 1c008808 16872703 lw               x14, 360(x14)       x14=3f7fffff x14:1c000000  PA:1c000168
14339188ns          255655 1c00880c 70f57543 fmadd.s          f10, f10, f15, f14  f10=xxxxxxxx f10:3fd58728 f15:bede5541 f14:3f7fffff
14339208ns          255656 1c008810 00008067 jalr             x0, x1, 0            x1:1c0081de
14339268ns          255659 1c0081de 016a7a53 fadd.s           f20, f20, f22       f20=xxxxxxxx f20:4037313a f22:3efd2311
14339288ns          255660 1c0081e2 10acf553 fmul.s           f10, f25, f10       f10=xxxxxxxx f25:3f800000 f10:3e8d1b5c
14339308ns          255661 1c0081e6 a14a97d3 flt.s            x15, f21, f20       x15=00000000 f21:40c90fdb f20:4056d59c
14339328ns          255662 1c0081ea 00a4222b p.sw             x10, 4(x8!)          x8=10001f54 x10:3e8d1b5c  x8:10001f50  PA:10001f50
14339347ns          255663 1c0081ee 00078363 beq              x15, x0, 6          x15:00000000
14339407ns          255666 1c0081f4 ff7412e3 bne              x8, x23, -28         x8:10001f54 x23:10001fc8
14339467ns          255669 1c0081d8 094c7553 fsub.s           f10, f24, f20       f10=xxxxxxxx f24:3fc90fdb f20:4056d59c
14339487ns          255670 1c0081dc 57c000ef jal              x1, 1404             x1=1c0081de
14339527ns          255672 1c008758 a0a527d3 feq.s            x15, f10, f10       x15=00000001 f10:bfe49b5d f10:bfe49b5d
14339546ns          255673 1c00875c 0a078b63 beq              x15, x0, 182        x15:00000001
14339566ns          255674 1c00875e e00517d3 fclass.s         x15, f10            x15=00000002 f10:bfe49b5d
14339586ns          255675 1c008762 0817f793 andi             x15, x15, 129       x15=00000000 x15:00000002
14339606ns          255676 1c008766 0a079663 bne              x15, x0, 172        x15:00000000
14339626ns          255677 1c008768 00000793 addi             x15, x0, 0          x15=00000000
14339646ns          255678 1c00876c a0f517d3 flt.s            x15, f10, f15       x15=00000001 f10:bfe49b5d f15:00000000
14339666ns          255679 1c008770 0a079663 bne              x15, x0, 172        x15:00000001
14339725ns          255682 1c00881c 1c0007b7 lui              x15, 0x1c000000     x15=1c000000
14339745ns          255683 1c008820 12c7a783 lw               x15, 300(x15)       x15=c0c90fdb x15:1c000000  PA:1c00012c
14340064ns          255699 1c008824 a0f517d3 flt.s            x15, f10, f15       x15=00000000 f10:bfe49b5d f15:c0c90fdb
14340083ns          255700 1c008828 00078463 beq              x15, x0, 8          x15:00000000
14340143ns          255703 1c008830 20a51553 fsgnjn.s         f10, f10, f10       f10=xxxxxxxx f10:bfe49b5d f10:bfe49b5d
14340163ns          255704 1c008834 f6bff06f jal              x0, -150           
14340223ns          255707 1c00879e 1c0007b7 lui              x15, 0x1c000000     x15=1c000000
14340243ns          255708 1c0087a2 01c7a783 lw               x15, 28(x15)        x15=3fc90fdb x15:1c000000  PA:1c00001c
14340581ns          255725 1c0087a6 a0f517d3 flt.s            x15, f10, f15       x15=00000000 f10:3fe49b5d f15:3fc90fdb
14340601ns          255726 1c0087aa 02079563 bne              x15, x0, 42         x15:00000000
14340621ns          255727 1c0087ac 1c0007b7 lui              x15, 0x1c000000     x15=1c000000
14340640ns          255728 1c0087b0 1007a783 lw               x15, 256(x15)       x15=40490fdb x15:1c000000  PA:1c000100
14340979ns          255745 1c0087b4 a0f51753 flt.s            x14, f10, f15       x14=00000001 f10:3fe49b5d f15:40490fdb
14340998ns          255746 1c0087b8 06071f63 bne              x14, x0, 126        x14:00000001
14341078ns          255750 1c008836 08a7f553 fsub.s           f10, f15, f10       f10=xxxxxxxx f15:40490fdb f10:3fe49b5d
14341098ns          255751 1c00883a 10a57553 fmul.s           f10, f10, f10       f10=xxxxxxxx f10:3fad8459 f10:3fad8459
14341118ns          255752 1c00883e 1c0007b7 lui              x15, 0x1c000000     x15=1c000000
14341138ns          255753 1c008842 1c000737 lui              x14, 0x1c000000     x14=1c000000
14341158ns          255754 1c008846 13472703 lw               x14, 308(x14)       x14=bab59551 x14:1c000000  PA:1c000134
14341456ns          255769 1c00884a 1307a783 lw               x15, 304(x15)       x15=37c23ab1 x15:1c000000  PA:1c000130
14341774ns          255785 1c00884e 70f577c3 fmadd.s          f15, f10, f15, f14  f15=xxxxxxxx f10:3feb3849 f15:37c23ab1 f14:bab59551
14341794ns          255786 1c008852 1c000737 lui              x14, 0x1c000000     x14=1c000000
14341814ns          255787 1c008856 13872703 lw               x14, 312(x14)       x14=3d2aa76f x14:1c000000  PA:1c000138
14342132ns          255803 1c00885a 70f577c3 fmadd.s          f15, f10, f15, f14  f15=xxxxxxxx f10:3feb3849 f15:bab0019c f14:3d2aa76f
14342152ns          255804 1c00885e 1c000737 lui              x14, 0x1c000000     x14=1c000000
14342172ns          255805 1c008862 13c72703 lw               x14, 316(x14)       x14=beffffe0 x14:1c000000  PA:1c00013c
14342510ns          255822 1c008866 70f577c3 fmadd.s          f15, f10, f15, f14  f15=xxxxxxxx f10:3feb3849 f15:3d208bec f14:beffffe0
14342530ns          255823 1c00886a 1c000737 lui              x14, 0x1c000000     x14=1c000000
14342550ns          255824 1c00886e 16872703 lw               x14, 360(x14)       x14=3f7fffff x14:1c000000  PA:1c000168
14342868ns          255840 1c008872 70f57543 fmadd.s          f10, f10, f15, f14  f10=xxxxxxxx f10:3feb3849 f15:bedb1ef0 f14:3f7fffff
14342888ns          255841 1c008876 20a51553 fsgnjn.s         f10, f10, f10       f10=xxxxxxxx f10:3e5aa9ae f10:3e5aa9ae
14342908ns          255842 1c00887a 00008067 jalr             x0, x1, 0            x1:1c0081de
14342968ns          255845 1c0081de 016a7a53 fadd.s           f20, f20, f22       f20=xxxxxxxx f20:4056d59c f22:3efd2311
14342988ns          255846 1c0081e2 10acf553 fmul.s           f10, f25, f10       f10=xxxxxxxx f25:3f800000 f10:be5aa9ae
14343007ns          255847 1c0081e6 a14a97d3 flt.s            x15, f21, f20       x15=00000000 f21:40c90fdb f20:407679fe
14343027ns          255848 1c0081ea 00a4222b p.sw             x10, 4(x8!)          x8=10001f58 x10:be5aa9ae  x8:10001f54  PA:10001f54
14343047ns          255849 1c0081ee 00078363 beq              x15, x0, 6          x15:00000000
14343107ns          255852 1c0081f4 ff7412e3 bne              x8, x23, -28         x8:10001f58 x23:10001fc8
14343167ns          255855 1c0081d8 094c7553 fsub.s           f10, f24, f20       f10=xxxxxxxx f24:3fc90fdb f20:407679fe
14343186ns          255856 1c0081dc 57c000ef jal              x1, 1404             x1=1c0081de
14343226ns          255858 1c008758 a0a527d3 feq.s            x15, f10, f10       x15=00000001 f10:c011f210 f10:c011f210
14343246ns          255859 1c00875c 0a078b63 beq              x15, x0, 182        x15:00000001
14343266ns          255860 1c00875e e00517d3 fclass.s         x15, f10            x15=00000002 f10:c011f210
14343286ns          255861 1c008762 0817f793 andi             x15, x15, 129       x15=00000000 x15:00000002
14343306ns          255862 1c008766 0a079663 bne              x15, x0, 172        x15:00000000
14343326ns          255863 1c008768 00000793 addi             x15, x0, 0          x15=00000000
14343346ns          255864 1c00876c a0f517d3 flt.s            x15, f10, f15       x15=00000001 f10:c011f210 f15:00000000
14343365ns          255865 1c008770 0a079663 bne              x15, x0, 172        x15:00000001
14343425ns          255868 1c00881c 1c0007b7 lui              x15, 0x1c000000     x15=1c000000
14343445ns          255869 1c008820 12c7a783 lw               x15, 300(x15)       x15=c0c90fdb x15:1c000000  PA:1c00012c
14343783ns          255886 1c008824 a0f517d3 flt.s            x15, f10, f15       x15=00000000 f10:c011f210 f15:c0c90fdb
14343803ns          255887 1c008828 00078463 beq              x15, x0, 8          x15:00000000
14343863ns          255890 1c008830 20a51553 fsgnjn.s         f10, f10, f10       f10=xxxxxxxx f10:c011f210 f10:c011f210
14343883ns          255891 1c008834 f6bff06f jal              x0, -150           
14343942ns          255894 1c00879e 1c0007b7 lui              x15, 0x1c000000     x15=1c000000
14343962ns          255895 1c0087a2 01c7a783 lw               x15, 28(x15)        x15=3fc90fdb x15:1c000000  PA:1c00001c
14344380ns          255916 1c0087a6 a0f517d3 flt.s            x15, f10, f15       x15=00000000 f10:4011f210 f15:3fc90fdb
14344400ns          255917 1c0087aa 02079563 bne              x15, x0, 42         x15:00000000
14344420ns          255918 1c0087ac 1c0007b7 lui              x15, 0x1c000000     x15=1c000000
14344440ns          255919 1c0087b0 1007a783 lw               x15, 256(x15)       x15=40490fdb x15:1c000000  PA:1c000100
14344758ns          255935 1c0087b4 a0f51753 flt.s            x14, f10, f15       x14=00000001 f10:4011f210 f15:40490fdb
14344778ns          255936 1c0087b8 06071f63 bne              x14, x0, 126        x14:00000001
14344857ns          255940 1c008836 08a7f553 fsub.s           f10, f15, f10       f10=xxxxxxxx f15:40490fdb f10:4011f210
14344877ns          255941 1c00883a 10a57553 fmul.s           f10, f10, f10       f10=xxxxxxxx f10:3f5c772c f10:3f5c772c
14344897ns          255942 1c00883e 1c0007b7 lui              x15, 0x1c000000     x15=1c000000
14344917ns          255943 1c008842 1c000737 lui              x14, 0x1c000000     x14=1c000000
14344937ns          255944 1c008846 13472703 lw               x14, 308(x14)       x14=bab59551 x14:1c000000  PA:1c000134
14345235ns          255959 1c00884a 1307a783 lw               x15, 304(x15)       x15=37c23ab1 x15:1c000000  PA:1c000130
14345573ns          255976 1c00884e 70f577c3 fmadd.s          f15, f10, f15, f14  f15=xxxxxxxx f10:3f3ddd0b f15:37c23ab1 f14:bab59551
14345593ns          255977 1c008852 1c000737 lui              x14, 0x1c000000     x14=1c000000
14345613ns          255978 1c008856 13872703 lw               x14, 312(x14)       x14=3d2aa76f x14:1c000000  PA:1c000138
14345931ns          255994 1c00885a 70f577c3 fmadd.s          f15, f10, f15, f14  f15=xxxxxxxx f10:3f3ddd0b f15:bab3551d f14:3d2aa76f
14345951ns          255995 1c00885e 1c000737 lui              x14, 0x1c000000     x14=1c000000
14345971ns          255996 1c008862 13c72703 lw               x14, 316(x14)       x14=beffffe0 x14:1c000000  PA:1c00013c
14346369ns          256016 1c008866 70f577c3 fmadd.s          f15, f10, f15, f14  f15=xxxxxxxx f10:3f3ddd0b f15:3d267f6a f14:beffffe0
14346389ns          256017 1c00886a 1c000737 lui              x14, 0x1c000000     x14=1c000000
14346409ns          256018 1c00886e 16872703 lw               x14, 360(x14)       x14=3f7fffff x14:1c000000  PA:1c000168
14346727ns          256034 1c008872 70f57543 fmadd.s          f10, f10, f15, f14  f10=xxxxxxxx f10:3f3ddd0b f15:bef09065 f14:3f7fffff
14346747ns          256035 1c008876 20a51553 fsgnjn.s         f10, f10, f10       f10=xxxxxxxx f10:3f26cad6 f10:3f26cad6
14346767ns          256036 1c00887a 00008067 jalr             x0, x1, 0            x1:1c0081de
14346826ns          256039 1c0081de 016a7a53 fadd.s           f20, f20, f22       f20=xxxxxxxx f20:407679fe f22:3efd2311
14346846ns          256040 1c0081e2 10acf553 fmul.s           f10, f25, f10       f10=xxxxxxxx f25:3f800000 f10:bf26cad6
14346866ns          256041 1c0081e6 a14a97d3 flt.s            x15, f21, f20       x15=00000000 f21:40c90fdb f20:408b0f30
14346886ns          256042 1c0081ea 00a4222b p.sw             x10, 4(x8!)          x8=10001f5c x10:bf26cad6  x8:10001f58  PA:10001f58
14346906ns          256043 1c0081ee 00078363 beq              x15, x0, 6          x15:00000000
14346966ns          256046 1c0081f4 ff7412e3 bne              x8, x23, -28         x8:10001f5c x23:10001fc8
14347025ns          256049 1c0081d8 094c7553 fsub.s           f10, f24, f20       f10=xxxxxxxx f24:3fc90fdb f20:408b0f30
14347045ns          256050 1c0081dc 57c000ef jal              x1, 1404             x1=1c0081de
14347085ns          256052 1c008758 a0a527d3 feq.s            x15, f10, f10       x15=00000001 f10:c0319672 f10:c0319672
14347105ns          256053 1c00875c 0a078b63 beq              x15, x0, 182        x15:00000001
14347125ns          256054 1c00875e e00517d3 fclass.s         x15, f10            x15=00000002 f10:c0319672
14347145ns          256055 1c008762 0817f793 andi             x15, x15, 129       x15=00000000 x15:00000002
14347165ns          256056 1c008766 0a079663 bne              x15, x0, 172        x15:00000000
14347184ns          256057 1c008768 00000793 addi             x15, x0, 0          x15=00000000
14347204ns          256058 1c00876c a0f517d3 flt.s            x15, f10, f15       x15=00000001 f10:c0319672 f15:00000000
14347224ns          256059 1c008770 0a079663 bne              x15, x0, 172        x15:00000001
14347284ns          256062 1c00881c 1c0007b7 lui              x15, 0x1c000000     x15=1c000000
14347304ns          256063 1c008820 12c7a783 lw               x15, 300(x15)       x15=c0c90fdb x15:1c000000  PA:1c00012c
14347622ns          256079 1c008824 a0f517d3 flt.s            x15, f10, f15       x15=00000000 f10:c0319672 f15:c0c90fdb
14347642ns          256080 1c008828 00078463 beq              x15, x0, 8          x15:00000000
14347702ns          256083 1c008830 20a51553 fsgnjn.s         f10, f10, f10       f10=xxxxxxxx f10:c0319672 f10:c0319672
14347722ns          256084 1c008834 f6bff06f jal              x0, -150           
14347781ns          256087 1c00879e 1c0007b7 lui              x15, 0x1c000000     x15=1c000000
14347801ns          256088 1c0087a2 01c7a783 lw               x15, 28(x15)        x15=3fc90fdb x15:1c000000  PA:1c00001c
14348139ns          256105 1c0087a6 a0f517d3 flt.s            x15, f10, f15       x15=00000000 f10:40319672 f15:3fc90fdb
14348159ns          256106 1c0087aa 02079563 bne              x15, x0, 42         x15:00000000
14348179ns          256107 1c0087ac 1c0007b7 lui              x15, 0x1c000000     x15=1c000000
14348199ns          256108 1c0087b0 1007a783 lw               x15, 256(x15)       x15=40490fdb x15:1c000000  PA:1c000100
14348537ns          256125 1c0087b4 a0f51753 flt.s            x14, f10, f15       x14=00000001 f10:40319672 f15:40490fdb
14348557ns          256126 1c0087b8 06071f63 bne              x14, x0, 126        x14:00000001
14348636ns          256130 1c008836 08a7f553 fsub.s           f10, f15, f10       f10=xxxxxxxx f15:40490fdb f10:40319672
14348656ns          256131 1c00883a 10a57553 fmul.s           f10, f10, f10       f10=xxxxxxxx f10:3ebbcb48 f10:3ebbcb48
14348676ns          256132 1c00883e 1c0007b7 lui              x15, 0x1c000000     x15=1c000000
14348696ns          256133 1c008842 1c000737 lui              x14, 0x1c000000     x14=1c000000
14348716ns          256134 1c008846 13472703 lw               x14, 308(x14)       x14=bab59551 x14:1c000000  PA:1c000134
14349014ns          256149 1c00884a 1307a783 lw               x15, 304(x15)       x15=37c23ab1 x15:1c000000  PA:1c000130
14349353ns          256166 1c00884e 70f577c3 fmadd.s          f15, f10, f15, f14  f15=xxxxxxxx f10:3e09c29d f15:37c23ab1 f14:bab59551
14349372ns          256167 1c008852 1c000737 lui              x14, 0x1c000000     x14=1c000000
14349392ns          256168 1c008856 13872703 lw               x14, 312(x14)       x14=3d2aa76f x14:1c000000  PA:1c000138
14349711ns          256184 1c00885a 70f577c3 fmadd.s          f15, f10, f15, f14  f15=xxxxxxxx f10:3e09c29d f15:bab52ccc f14:3d2aa76f
14349730ns          256185 1c00885e 1c000737 lui              x14, 0x1c000000     x14=1c000000
14349750ns          256186 1c008862 13c72703 lw               x14, 316(x14)       x14=beffffe0 x14:1c000000  PA:1c00013c
14350148ns          256206 1c008866 70f577c3 fmadd.s          f15, f10, f15, f14  f15=xxxxxxxx f10:3e09c29d f15:3d29e472 f14:beffffe0
14350168ns          256207 1c00886a 1c000737 lui              x14, 0x1c000000     x14=1c000000
14350188ns          256208 1c00886e 16872703 lw               x14, 360(x14)       x14=3f7fffff x14:1c000000  PA:1c000168
14350526ns          256225 1c008872 70f57543 fmadd.s          f10, f10, f15, f14  f10=xxxxxxxx f10:3e09c29d f15:befd247d f14:3f7fffff
14350546ns          256226 1c008876 20a51553 fsgnjn.s         f10, f10, f10       f10=xxxxxxxx f10:3f6ef8e0 f10:3f6ef8e0
14350566ns          256227 1c00887a 00008067 jalr             x0, x1, 0            x1:1c0081de
14350626ns          256230 1c0081de 016a7a53 fadd.s           f20, f20, f22       f20=xxxxxxxx f20:408b0f30 f22:3efd2311
14350645ns          256231 1c0081e2 10acf553 fmul.s           f10, f25, f10       f10=xxxxxxxx f25:3f800000 f10:bf6ef8e0
14350665ns          256232 1c0081e6 a14a97d3 flt.s            x15, f21, f20       x15=00000000 f21:40c90fdb f20:409ae161
14350685ns          256233 1c0081ea 00a4222b p.sw             x10, 4(x8!)          x8=10001f60 x10:bf6ef8e0  x8:10001f5c  PA:10001f5c
14350705ns          256234 1c0081ee 00078363 beq              x15, x0, 6          x15:00000000
14350765ns          256237 1c0081f4 ff7412e3 bne              x8, x23, -28         x8:10001f60 x23:10001fc8
14350824ns          256240 1c0081d8 094c7553 fsub.s           f10, f24, f20       f10=xxxxxxxx f24:3fc90fdb f20:409ae161
14350844ns          256241 1c0081dc 57c000ef jal              x1, 1404             x1=1c0081de
14350884ns          256243 1c008758 a0a527d3 feq.s            x15, f10, f10       x15=00000001 f10:c0513ad4 f10:c0513ad4
14350904ns          256244 1c00875c 0a078b63 beq              x15, x0, 182        x15:00000001
14350924ns          256245 1c00875e e00517d3 fclass.s         x15, f10            x15=00000002 f10:c0513ad4
14350944ns          256246 1c008762 0817f793 andi             x15, x15, 129       x15=00000000 x15:00000002
14350964ns          256247 1c008766 0a079663 bne              x15, x0, 172        x15:00000000
14350984ns          256248 1c008768 00000793 addi             x15, x0, 0          x15=00000000
14351003ns          256249 1c00876c a0f517d3 flt.s            x15, f10, f15       x15=00000001 f10:c0513ad4 f15:00000000
14351023ns          256250 1c008770 0a079663 bne              x15, x0, 172        x15:00000001
14351083ns          256253 1c00881c 1c0007b7 lui              x15, 0x1c000000     x15=1c000000
14351103ns          256254 1c008820 12c7a783 lw               x15, 300(x15)       x15=c0c90fdb x15:1c000000  PA:1c00012c
14351421ns          256270 1c008824 a0f517d3 flt.s            x15, f10, f15       x15=00000000 f10:c0513ad4 f15:c0c90fdb
14351441ns          256271 1c008828 00078463 beq              x15, x0, 8          x15:00000000
14351501ns          256274 1c008830 20a51553 fsgnjn.s         f10, f10, f10       f10=xxxxxxxx f10:c0513ad4 f10:c0513ad4
14351521ns          256275 1c008834 f6bff06f jal              x0, -150           
14351580ns          256278 1c00879e 1c0007b7 lui              x15, 0x1c000000     x15=1c000000
14351600ns          256279 1c0087a2 01c7a783 lw               x15, 28(x15)        x15=3fc90fdb x15:1c000000  PA:1c00001c
14351978ns          256298 1c0087a6 a0f517d3 flt.s            x15, f10, f15       x15=00000000 f10:40513ad4 f15:3fc90fdb
14351998ns          256299 1c0087aa 02079563 bne              x15, x0, 42         x15:00000000
14352018ns          256300 1c0087ac 1c0007b7 lui              x15, 0x1c000000     x15=1c000000
14352038ns          256301 1c0087b0 1007a783 lw               x15, 256(x15)       x15=40490fdb x15:1c000000  PA:1c000100
14352416ns          256320 1c0087b4 a0f51753 flt.s            x14, f10, f15       x14=00000000 f10:40513ad4 f15:40490fdb
14352436ns          256321 1c0087b8 06071f63 bne              x14, x0, 126        x14:00000000
14352455ns          256322 1c0087ba 1c000737 lui              x14, 0x1c000000     x14=1c000000
14352475ns          256323 1c0087be 14072703 lw               x14, 320(x14)       x14=4096cbe4 x14:1c000000  PA:1c000140
14352794ns          256339 1c0087c2 a0e51753 flt.s            x14, f10, f14       x14=00000001 f10:40513ad4 f14:4096cbe4
14352814ns          256340 1c0087c6 0a071b63 bne              x14, x0, 182        x14:00000001
14352873ns          256343 1c00887c 08f57553 fsub.s           f10, f10, f15       f10=xxxxxxxx f10:40513ad4 f15:40490fdb
14352893ns          256344 1c008880 fbbff06f jal              x0, -70            
14352953ns          256347 1c00883a 10a57553 fmul.s           f10, f10, f10       f10=xxxxxxxx f10:3e02af90 f10:3e02af90
14352973ns          256348 1c00883e 1c0007b7 lui              x15, 0x1c000000     x15=1c000000
14352993ns          256349 1c008842 1c000737 lui              x14, 0x1c000000     x14=1c000000
14353012ns          256350 1c008846 13472703 lw               x14, 308(x14)       x14=bab59551 x14:1c000000  PA:1c000134
14353311ns          256365 1c00884a 1307a783 lw               x15, 304(x15)       x15=37c23ab1 x15:1c000000  PA:1c000130
14353629ns          256381 1c00884e 70f577c3 fmadd.s          f15, f10, f15, f14  f15=xxxxxxxx f10:3c856d8d f15:37c23ab1 f14:bab59551
14353649ns          256382 1c008852 1c000737 lui              x14, 0x1c000000     x14=1c000000
14353669ns          256383 1c008856 13872703 lw               x14, 312(x14)       x14=3d2aa76f x14:1c000000  PA:1c000138
14353987ns          256399 1c00885a 70f577c3 fmadd.s          f15, f10, f15, f14  f15=xxxxxxxx f10:3c856d8d f15:bab588aa f14:3d2aa76f
14354007ns          256400 1c00885e 1c000737 lui              x14, 0x1c000000     x14=1c000000
14354027ns          256401 1c008862 13c72703 lw               x14, 316(x14)       x14=beffffe0 x14:1c000000  PA:1c00013c
14354345ns          256417 1c008866 70f577c3 fmadd.s          f15, f10, f15, f14  f15=xxxxxxxx f10:3c856d8d f15:3d2a8fc8 f14:beffffe0
14354365ns          256418 1c00886a 1c000737 lui              x14, 0x1c000000     x14=1c000000
14354385ns          256419 1c00886e 16872703 lw               x14, 360(x14)       x14=3f7fffff x14:1c000000  PA:1c000168
14354723ns          256436 1c008872 70f57543 fmadd.s          f10, f10, f15, f14  f10=xxxxxxxx f10:3c856d8d f15:beffa6fa f14:3f7fffff
14354743ns          256437 1c008876 20a51553 fsgnjn.s         f10, f10, f10       f10=xxxxxxxx f10:3f7deb02 f10:3f7deb02
14354763ns          256438 1c00887a 00008067 jalr             x0, x1, 0            x1:1c0081de
14354822ns          256441 1c0081de 016a7a53 fadd.s           f20, f20, f22       f20=xxxxxxxx f20:409ae161 f22:3efd2311
14354842ns          256442 1c0081e2 10acf553 fmul.s           f10, f25, f10       f10=xxxxxxxx f25:3f800000 f10:bf7deb02
14354862ns          256443 1c0081e6 a14a97d3 flt.s            x15, f21, f20       x15=00000000 f21:40c90fdb f20:40aab392
14354882ns          256444 1c0081ea 00a4222b p.sw             x10, 4(x8!)          x8=10001f64 x10:bf7deb02  x8:10001f60  PA:10001f60
14354902ns          256445 1c0081ee 00078363 beq              x15, x0, 6          x15:00000000
14354962ns          256448 1c0081f4 ff7412e3 bne              x8, x23, -28         x8:10001f64 x23:10001fc8
14355021ns          256451 1c0081d8 094c7553 fsub.s           f10, f24, f20       f10=xxxxxxxx f24:3fc90fdb f20:40aab392
14355041ns          256452 1c0081dc 57c000ef jal              x1, 1404             x1=1c0081de
14355081ns          256454 1c008758 a0a527d3 feq.s            x15, f10, f10       x15=00000001 f10:c070df36 f10:c070df36
14355101ns          256455 1c00875c 0a078b63 beq              x15, x0, 182        x15:00000001
14355121ns          256456 1c00875e e00517d3 fclass.s         x15, f10            x15=00000002 f10:c070df36
14355141ns          256457 1c008762 0817f793 andi             x15, x15, 129       x15=00000000 x15:00000002
14355161ns          256458 1c008766 0a079663 bne              x15, x0, 172        x15:00000000
14355181ns          256459 1c008768 00000793 addi             x15, x0, 0          x15=00000000
14355200ns          256460 1c00876c a0f517d3 flt.s            x15, f10, f15       x15=00000001 f10:c070df36 f15:00000000
14355220ns          256461 1c008770 0a079663 bne              x15, x0, 172        x15:00000001
14355280ns          256464 1c00881c 1c0007b7 lui              x15, 0x1c000000     x15=1c000000
14355300ns          256465 1c008820 12c7a783 lw               x15, 300(x15)       x15=c0c90fdb x15:1c000000  PA:1c00012c
14355638ns          256482 1c008824 a0f517d3 flt.s            x15, f10, f15       x15=00000000 f10:c070df36 f15:c0c90fdb
14355658ns          256483 1c008828 00078463 beq              x15, x0, 8          x15:00000000
14355718ns          256486 1c008830 20a51553 fsgnjn.s         f10, f10, f10       f10=xxxxxxxx f10:c070df36 f10:c070df36
14355737ns          256487 1c008834 f6bff06f jal              x0, -150           
14355797ns          256490 1c00879e 1c0007b7 lui              x15, 0x1c000000     x15=1c000000
14355817ns          256491 1c0087a2 01c7a783 lw               x15, 28(x15)        x15=3fc90fdb x15:1c000000  PA:1c00001c
14356135ns          256507 1c0087a6 a0f517d3 flt.s            x15, f10, f15       x15=00000000 f10:4070df36 f15:3fc90fdb
14356155ns          256508 1c0087aa 02079563 bne              x15, x0, 42         x15:00000000
14356175ns          256509 1c0087ac 1c0007b7 lui              x15, 0x1c000000     x15=1c000000
14356195ns          256510 1c0087b0 1007a783 lw               x15, 256(x15)       x15=40490fdb x15:1c000000  PA:1c000100
14356533ns          256527 1c0087b4 a0f51753 flt.s            x14, f10, f15       x14=00000000 f10:4070df36 f15:40490fdb
14356553ns          256528 1c0087b8 06071f63 bne              x14, x0, 126        x14:00000000
14356573ns          256529 1c0087ba 1c000737 lui              x14, 0x1c000000     x14=1c000000
14356593ns          256530 1c0087be 14072703 lw               x14, 320(x14)       x14=4096cbe4 x14:1c000000  PA:1c000140
14356931ns          256547 1c0087c2 a0e51753 flt.s            x14, f10, f14       x14=00000001 f10:4070df36 f14:4096cbe4
14356951ns          256548 1c0087c6 0a071b63 bne              x14, x0, 182        x14:00000001
14357010ns          256551 1c00887c 08f57553 fsub.s           f10, f10, f15       f10=xxxxxxxx f10:4070df36 f15:40490fdb
14357030ns          256552 1c008880 fbbff06f jal              x0, -70            
14357090ns          256555 1c00883a 10a57553 fmul.s           f10, f10, f10       f10=xxxxxxxx f10:3f1f3d6c f10:3f1f3d6c
14357110ns          256556 1c00883e 1c0007b7 lui              x15, 0x1c000000     x15=1c000000
14357130ns          256557 1c008842 1c000737 lui              x14, 0x1c000000     x14=1c000000
14357150ns          256558 1c008846 13472703 lw               x14, 308(x14)       x14=bab59551 x14:1c000000  PA:1c000134
14357448ns          256573 1c00884a 1307a783 lw               x15, 304(x15)       x15=37c23ab1 x15:1c000000  PA:1c000130
14357766ns          256589 1c00884e 70f577c3 fmadd.s          f15, f10, f15, f14  f15=xxxxxxxx f10:3ec61ab6 f15:37c23ab1 f14:bab59551
14357786ns          256590 1c008852 1c000737 lui              x14, 0x1c000000     x14=1c000000
14357806ns          256591 1c008856 13872703 lw               x14, 312(x14)       x14=3d2aa76f x14:1c000000  PA:1c000138
14358124ns          256607 1c00885a 70f577c3 fmadd.s          f15, f10, f15, f14  f15=xxxxxxxx f10:3ec61ab6 f15:bab468b6 f14:3d2aa76f
14358144ns          256608 1c00885e 1c000737 lui              x14, 0x1c000000     x14=1c000000
14358164ns          256609 1c008862 13c72703 lw               x14, 316(x14)       x14=beffffe0 x14:1c000000  PA:1c00013c
14358502ns          256626 1c008866 70f577c3 fmadd.s          f15, f10, f15, f14  f15=xxxxxxxx f10:3ec61ab6 f15:3d287900 f14:beffffe0
14358522ns          256627 1c00886a 1c000737 lui              x14, 0x1c000000     x14=1c000000
14358542ns          256628 1c00886e 16872703 lw               x14, 360(x14)       x14=3f7fffff x14:1c000000  PA:1c000168
14358880ns          256645 1c008872 70f57543 fmadd.s          f10, f10, f15, f14  f10=xxxxxxxx f10:3ec61ab6 f15:bef7d9ed f14:3f7fffff
14358900ns          256646 1c008876 20a51553 fsgnjn.s         f10, f10, f10       f10=xxxxxxxx f10:3f500ce5 f10:3f500ce5
14358920ns          256647 1c00887a 00008067 jalr             x0, x1, 0            x1:1c0081de
14358980ns          256650 1c0081de 016a7a53 fadd.s           f20, f20, f22       f20=xxxxxxxx f20:40aab392 f22:3efd2311
14359000ns          256651 1c0081e2 10acf553 fmul.s           f10, f25, f10       f10=xxxxxxxx f25:3f800000 f10:bf500ce5
14359019ns          256652 1c0081e6 a14a97d3 flt.s            x15, f21, f20       x15=00000000 f21:40c90fdb f20:40ba85c3
14359039ns          256653 1c0081ea 00a4222b p.sw             x10, 4(x8!)          x8=10001f68 x10:bf500ce5  x8:10001f64  PA:10001f64
14359059ns          256654 1c0081ee 00078363 beq              x15, x0, 6          x15:00000000
14359119ns          256657 1c0081f4 ff7412e3 bne              x8, x23, -28         x8:10001f68 x23:10001fc8
14359179ns          256660 1c0081d8 094c7553 fsub.s           f10, f24, f20       f10=xxxxxxxx f24:3fc90fdb f20:40ba85c3
14359198ns          256661 1c0081dc 57c000ef jal              x1, 1404             x1=1c0081de
14359238ns          256663 1c008758 a0a527d3 feq.s            x15, f10, f10       x15=00000001 f10:c08841cc f10:c08841cc
14359258ns          256664 1c00875c 0a078b63 beq              x15, x0, 182        x15:00000001
14359278ns          256665 1c00875e e00517d3 fclass.s         x15, f10            x15=00000002 f10:c08841cc
14359298ns          256666 1c008762 0817f793 andi             x15, x15, 129       x15=00000000 x15:00000002
14359318ns          256667 1c008766 0a079663 bne              x15, x0, 172        x15:00000000
14359338ns          256668 1c008768 00000793 addi             x15, x0, 0          x15=00000000
14359358ns          256669 1c00876c a0f517d3 flt.s            x15, f10, f15       x15=00000001 f10:c08841cc f15:00000000
14359377ns          256670 1c008770 0a079663 bne              x15, x0, 172        x15:00000001
14359437ns          256673 1c00881c 1c0007b7 lui              x15, 0x1c000000     x15=1c000000
14359457ns          256674 1c008820 12c7a783 lw               x15, 300(x15)       x15=c0c90fdb x15:1c000000  PA:1c00012c
14359795ns          256691 1c008824 a0f517d3 flt.s            x15, f10, f15       x15=00000000 f10:c08841cc f15:c0c90fdb
14359815ns          256692 1c008828 00078463 beq              x15, x0, 8          x15:00000000
14359875ns          256695 1c008830 20a51553 fsgnjn.s         f10, f10, f10       f10=xxxxxxxx f10:c08841cc f10:c08841cc
14359895ns          256696 1c008834 f6bff06f jal              x0, -150           
14359954ns          256699 1c00879e 1c0007b7 lui              x15, 0x1c000000     x15=1c000000
14359974ns          256700 1c0087a2 01c7a783 lw               x15, 28(x15)        x15=3fc90fdb x15:1c000000  PA:1c00001c
14360292ns          256716 1c0087a6 a0f517d3 flt.s            x15, f10, f15       x15=00000000 f10:408841cc f15:3fc90fdb
14360312ns          256717 1c0087aa 02079563 bne              x15, x0, 42         x15:00000000
14360332ns          256718 1c0087ac 1c0007b7 lui              x15, 0x1c000000     x15=1c000000
14360352ns          256719 1c0087b0 1007a783 lw               x15, 256(x15)       x15=40490fdb x15:1c000000  PA:1c000100
14360690ns          256736 1c0087b4 a0f51753 flt.s            x14, f10, f15       x14=00000000 f10:408841cc f15:40490fdb
14360710ns          256737 1c0087b8 06071f63 bne              x14, x0, 126        x14:00000000
14360730ns          256738 1c0087ba 1c000737 lui              x14, 0x1c000000     x14=1c000000
14360750ns          256739 1c0087be 14072703 lw               x14, 320(x14)       x14=4096cbe4 x14:1c000000  PA:1c000140
14361108ns          256757 1c0087c2 a0e51753 flt.s            x14, f10, f14       x14=00000001 f10:408841cc f14:4096cbe4
14361128ns          256758 1c0087c6 0a071b63 bne              x14, x0, 182        x14:00000001
14361188ns          256761 1c00887c 08f57553 fsub.s           f10, f10, f15       f10=xxxxxxxx f10:408841cc f15:40490fdb
14361207ns          256762 1c008880 fbbff06f jal              x0, -70            
14361267ns          256765 1c00883a 10a57553 fmul.s           f10, f10, f10       f10=xxxxxxxx f10:3f8ee77a f10:3f8ee77a
14361287ns          256766 1c00883e 1c0007b7 lui              x15, 0x1c000000     x15=1c000000
14361307ns          256767 1c008842 1c000737 lui              x14, 0x1c000000     x14=1c000000
14361327ns          256768 1c008846 13472703 lw               x14, 308(x14)       x14=bab59551 x14:1c000000  PA:1c000134
14361625ns          256783 1c00884a 1307a783 lw               x15, 304(x15)       x15=37c23ab1 x15:1c000000  PA:1c000130
14361943ns          256799 1c00884e 70f577c3 fmadd.s          f15, f10, f15, f14  f15=xxxxxxxx f10:3f9f8b39 f15:37c23ab1 f14:bab59551
14361963ns          256800 1c008852 1c000737 lui              x14, 0x1c000000     x14=1c000000
14361983ns          256801 1c008856 13872703 lw               x14, 312(x14)       x14=3d2aa76f x14:1c000000  PA:1c000138
14362301ns          256817 1c00885a 70f577c3 fmadd.s          f15, f10, f15, f14  f15=xxxxxxxx f10:3f9f8b39 f15:bab1ccf0 f14:3d2aa76f
14362321ns          256818 1c00885e 1c000737 lui              x14, 0x1c000000     x14=1c000000
14362341ns          256819 1c008862 13c72703 lw               x14, 316(x14)       x14=beffffe0 x14:1c000000  PA:1c00013c
14362719ns          256838 1c008866 70f577c3 fmadd.s          f15, f10, f15, f14  f15=xxxxxxxx f10:3f9f8b39 f15:3d23ba7f f14:beffffe0
14362739ns          256839 1c00886a 1c000737 lui              x14, 0x1c000000     x14=1c000000
14362759ns          256840 1c00886e 16872703 lw               x14, 360(x14)       x14=3f7fffff x14:1c000000  PA:1c000168
14363077ns          256856 1c008872 70f57543 fmadd.s          f10, f10, f15, f14  f10=xxxxxxxx f10:3f9f8b39 f15:bee67d68 f14:3f7fffff
14363097ns          256857 1c008876 20a51553 fsgnjn.s         f10, f10, f10       f10=xxxxxxxx f10:3ee0b584 f10:3ee0b584
14363117ns          256858 1c00887a 00008067 jalr             x0, x1, 0            x1:1c0081de
14363177ns          256861 1c0081de 016a7a53 fadd.s           f20, f20, f22       f20=xxxxxxxx f20:40ba85c3 f22:3efd2311
14363197ns          256862 1c0081e2 10acf553 fmul.s           f10, f25, f10       f10=xxxxxxxx f25:3f800000 f10:bee0b584
14363216ns          256863 1c0081e6 a14a97d3 flt.s            x15, f21, f20       x15=00000001 f21:40c90fdb f20:40ca57f4
14363236ns          256864 1c0081ea 00a4222b p.sw             x10, 4(x8!)          x8=10001f6c x10:bee0b584  x8:10001f68  PA:10001f68
14363256ns          256865 1c0081ee 00078363 beq              x15, x0, 6          x15:00000001
14363276ns          256866 1c0081f0 095a7a53 fsub.s           f20, f20, f21       f20=xxxxxxxx f20:40ca57f4 f21:40c90fdb
14363296ns          256867 1c0081f4 ff7412e3 bne              x8, x23, -28         x8:10001f6c x23:10001fc8
14363356ns          256870 1c0081d8 094c7553 fsub.s           f10, f24, f20       f10=xxxxxxxx f24:3fc90fdb f20:3d240c80
14363376ns          256871 1c0081dc 57c000ef jal              x1, 1404             x1=1c0081de
14363415ns          256873 1c008758 a0a527d3 feq.s            x15, f10, f10       x15=00000001 f10:3fc3ef77 f10:3fc3ef77
14363435ns          256874 1c00875c 0a078b63 beq              x15, x0, 182        x15:00000001
14363455ns          256875 1c00875e e00517d3 fclass.s         x15, f10            x15=00000040 f10:3fc3ef77
14363475ns          256876 1c008762 0817f793 andi             x15, x15, 129       x15=00000000 x15:00000040
14363495ns          256877 1c008766 0a079663 bne              x15, x0, 172        x15:00000000
14363515ns          256878 1c008768 00000793 addi             x15, x0, 0          x15=00000000
14363535ns          256879 1c00876c a0f517d3 flt.s            x15, f10, f15       x15=00000000 f10:3fc3ef77 f15:00000000
14363555ns          256880 1c008770 0a079663 bne              x15, x0, 172        x15:00000000
14363574ns          256881 1c008772 1c000737 lui              x14, 0x1c000000     x14=1c000000
14363594ns          256882 1c008776 02072783 lw               x15, 32(x14)        x15=40c90fdb x14:1c000000  PA:1c000020
14363913ns          256898 1c00877a a0a797d3 flt.s            x15, f15, f10       x15=00000000 f15:40c90fdb f10:3fc3ef77
14363932ns          256899 1c00877e 00078b63 beq              x15, x0, 22         x15:00000000
14363992ns          256902 1c008794 00000793 addi             x15, x0, 0          x15=00000000
14364012ns          256903 1c008798 a0f517d3 flt.s            x15, f10, f15       x15=00000000 f10:3fc3ef77 f15:00000000
14364032ns          256904 1c00879c 08079a63 bne              x15, x0, 148        x15:00000000
14364052ns          256905 1c00879e 1c0007b7 lui              x15, 0x1c000000     x15=1c000000
14364072ns          256906 1c0087a2 01c7a783 lw               x15, 28(x15)        x15=3fc90fdb x15:1c000000  PA:1c00001c
14364390ns          256922 1c0087a6 a0f517d3 flt.s            x15, f10, f15       x15=00000001 f10:3fc3ef77 f15:3fc90fdb
14364410ns          256923 1c0087aa 02079563 bne              x15, x0, 42         x15:00000001
14364470ns          256926 1c0087d4 10a57553 fmul.s           f10, f10, f10       f10=xxxxxxxx f10:3fc3ef77 f10:3fc3ef77
14364489ns          256927 1c0087d8 1c0007b7 lui              x15, 0x1c000000     x15=1c000000
14364509ns          256928 1c0087dc 1c000737 lui              x14, 0x1c000000     x14=1c000000
14364529ns          256929 1c0087e0 13472703 lw               x14, 308(x14)       x14=bab59551 x14:1c000000  PA:1c000134
14364828ns          256944 1c0087e4 1307a783 lw               x15, 304(x15)       x15=37c23ab1 x15:1c000000  PA:1c000130
14365166ns          256961 1c0087e8 70f577c3 fmadd.s          f15, f10, f15, f14  f15=xxxxxxxx f10:4015f6af f15:37c23ab1 f14:bab59551
14365186ns          256962 1c0087ec 1c000737 lui              x14, 0x1c000000     x14=1c000000
14365205ns          256963 1c0087f0 13872703 lw               x14, 312(x14)       x14=3d2aa76f x14:1c000000  PA:1c000138
14365524ns          256979 1c0087f4 70f577c3 fmadd.s          f15, f10, f15, f14  f15=xxxxxxxx f10:4015f6af f15:baae78dc f14:3d2aa76f
14365544ns          256980 1c0087f8 1c000737 lui              x14, 0x1c000000     x14=1c000000
14365564ns          256981 1c0087fc 13c72703 lw               x14, 316(x14)       x14=beffffe0 x14:1c000000  PA:1c00013c
14365882ns          256997 1c008800 70f577c3 fmadd.s          f15, f10, f15, f14  f15=xxxxxxxx f10:4015f6af f15:3d1de0e0 f14:beffffe0
14365902ns          256998 1c008804 1c000737 lui              x14, 0x1c000000     x14=1c000000
14365922ns          256999 1c008808 16872703 lw               x14, 360(x14)       x14=3f7fffff x14:1c000000  PA:1c000168
14366240ns          257015 1c00880c 70f57543 fmadd.s          f10, f10, f15, f14  f10=xxxxxxxx f10:4015f6af f15:bed1c1de f14:3f7fffff
14366260ns          257016 1c008810 00008067 jalr             x0, x1, 0            x1:1c0081de
14366319ns          257019 1c0081de 016a7a53 fadd.s           f20, f20, f22       f20=xxxxxxxx f20:3d240c80 f22:3efd2311
14366339ns          257020 1c0081e2 10acf553 fmul.s           f10, f25, f10       f10=xxxxxxxx f25:3f800000 f10:3d240133
14366359ns          257021 1c0081e6 a14a97d3 flt.s            x15, f21, f20       x15=00000000 f21:40c90fdb f20:3f08d250
14366379ns          257022 1c0081ea 00a4222b p.sw             x10, 4(x8!)          x8=10001f70 x10:3d240133  x8:10001f6c  PA:10001f6c
14366399ns          257023 1c0081ee 00078363 beq              x15, x0, 6          x15:00000000
14366459ns          257026 1c0081f4 ff7412e3 bne              x8, x23, -28         x8:10001f70 x23:10001fc8
14366518ns          257029 1c0081d8 094c7553 fsub.s           f10, f24, f20       f10=xxxxxxxx f24:3fc90fdb f20:3f08d250
14366538ns          257030 1c0081dc 57c000ef jal              x1, 1404             x1=1c0081de
14366578ns          257032 1c008758 a0a527d3 feq.s            x15, f10, f10       x15=00000001 f10:3f84a6b3 f10:3f84a6b3
14366598ns          257033 1c00875c 0a078b63 beq              x15, x0, 182        x15:00000001
14366618ns          257034 1c00875e e00517d3 fclass.s         x15, f10            x15=00000040 f10:3f84a6b3
14366638ns          257035 1c008762 0817f793 andi             x15, x15, 129       x15=00000000 x15:00000040
14366657ns          257036 1c008766 0a079663 bne              x15, x0, 172        x15:00000000
14366677ns          257037 1c008768 00000793 addi             x15, x0, 0          x15=00000000
14366697ns          257038 1c00876c a0f517d3 flt.s            x15, f10, f15       x15=00000000 f10:3f84a6b3 f15:00000000
14366717ns          257039 1c008770 0a079663 bne              x15, x0, 172        x15:00000000
14366737ns          257040 1c008772 1c000737 lui              x14, 0x1c000000     x14=1c000000
14366757ns          257041 1c008776 02072783 lw               x15, 32(x14)        x15=40c90fdb x14:1c000000  PA:1c000020
14367095ns          257058 1c00877a a0a797d3 flt.s            x15, f15, f10       x15=00000000 f15:40c90fdb f10:3f84a6b3
14367115ns          257059 1c00877e 00078b63 beq              x15, x0, 22         x15:00000000
14367175ns          257062 1c008794 00000793 addi             x15, x0, 0          x15=00000000
14367195ns          257063 1c008798 a0f517d3 flt.s            x15, f10, f15       x15=00000000 f10:3f84a6b3 f15:00000000
14367214ns          257064 1c00879c 08079a63 bne              x15, x0, 148        x15:00000000
14367234ns          257065 1c00879e 1c0007b7 lui              x15, 0x1c000000     x15=1c000000
14367254ns          257066 1c0087a2 01c7a783 lw               x15, 28(x15)        x15=3fc90fdb x15:1c000000  PA:1c00001c
14367612ns          257084 1c0087a6 a0f517d3 flt.s            x15, f10, f15       x15=00000001 f10:3f84a6b3 f15:3fc90fdb
14367632ns          257085 1c0087aa 02079563 bne              x15, x0, 42         x15:00000001
14367692ns          257088 1c0087d4 10a57553 fmul.s           f10, f10, f10       f10=xxxxxxxx f10:3f84a6b3 f10:3f84a6b3
14367712ns          257089 1c0087d8 1c0007b7 lui              x15, 0x1c000000     x15=1c000000
14367732ns          257090 1c0087dc 1c000737 lui              x14, 0x1c000000     x14=1c000000
14367751ns          257091 1c0087e0 13472703 lw               x14, 308(x14)       x14=bab59551 x14:1c000000  PA:1c000134
14368050ns          257106 1c0087e4 1307a783 lw               x15, 304(x15)       x15=37c23ab1 x15:1c000000  PA:1c000130
14368368ns          257122 1c0087e8 70f577c3 fmadd.s          f15, f10, f15, f14  f15=xxxxxxxx f10:3f8978aa f15:37c23ab1 f14:bab59551
14368388ns          257123 1c0087ec 1c000737 lui              x14, 0x1c000000     x14=1c000000
14368408ns          257124 1c0087f0 13872703 lw               x14, 312(x14)       x14=3d2aa76f x14:1c000000  PA:1c000138
14368726ns          257140 1c0087f4 70f577c3 fmadd.s          f15, f10, f15, f14  f15=xxxxxxxx f10:3f8978aa f15:bab252e9 f14:3d2aa76f
14368746ns          257141 1c0087f8 1c000737 lui              x14, 0x1c000000     x14=1c000000
14368766ns          257142 1c0087fc 13c72703 lw               x14, 316(x14)       x14=beffffe0 x14:1c000000  PA:1c00013c
14369104ns          257159 1c008800 70f577c3 fmadd.s          f15, f10, f15, f14  f15=xxxxxxxx f10:3f8978aa f15:3d24ab48 f14:beffffe0
14369124ns          257160 1c008804 1c000737 lui              x14, 0x1c000000     x14=1c000000
14369144ns          257161 1c008808 16872703 lw               x14, 360(x14)       x14=3f7fffff x14:1c000000  PA:1c000168
14369462ns          257177 1c00880c 70f57543 fmadd.s          f10, f10, f15, f14  f10=xxxxxxxx f10:3f8978aa f15:bee9e48e f14:3f7fffff
14369482ns          257178 1c008810 00008067 jalr             x0, x1, 0            x1:1c0081de
14369542ns          257181 1c0081de 016a7a53 fadd.s           f20, f20, f22       f20=xxxxxxxx f20:3f08d250 f22:3efd2311
14369562ns          257182 1c0081e2 10acf553 fmul.s           f10, f25, f10       f10=xxxxxxxx f25:3f800000 f10:3f026671
14369581ns          257183 1c0081e6 a14a97d3 flt.s            x15, f21, f20       x15=00000000 f21:40c90fdb f20:3f83b1ec
14369601ns          257184 1c0081ea 00a4222b p.sw             x10, 4(x8!)          x8=10001f74 x10:3f026671  x8:10001f70  PA:10001f70
14369621ns          257185 1c0081ee 00078363 beq              x15, x0, 6          x15:00000000
14369681ns          257188 1c0081f4 ff7412e3 bne              x8, x23, -28         x8:10001f74 x23:10001fc8
14369741ns          257191 1c0081d8 094c7553 fsub.s           f10, f24, f20       f10=xxxxxxxx f24:3fc90fdb f20:3f83b1ec
14369760ns          257192 1c0081dc 57c000ef jal              x1, 1404             x1=1c0081de
14369800ns          257194 1c008758 a0a527d3 feq.s            x15, f10, f10       x15=00000001 f10:3f0abbde f10:3f0abbde
14369820ns          257195 1c00875c 0a078b63 beq              x15, x0, 182        x15:00000001
14369840ns          257196 1c00875e e00517d3 fclass.s         x15, f10            x15=00000040 f10:3f0abbde
14369860ns          257197 1c008762 0817f793 andi             x15, x15, 129       x15=00000000 x15:00000040
14369880ns          257198 1c008766 0a079663 bne              x15, x0, 172        x15:00000000
14369900ns          257199 1c008768 00000793 addi             x15, x0, 0          x15=00000000
14369920ns          257200 1c00876c a0f517d3 flt.s            x15, f10, f15       x15=00000000 f10:3f0abbde f15:00000000
14369939ns          257201 1c008770 0a079663 bne              x15, x0, 172        x15:00000000
14369959ns          257202 1c008772 1c000737 lui              x14, 0x1c000000     x14=1c000000
14369979ns          257203 1c008776 02072783 lw               x15, 32(x14)        x15=40c90fdb x14:1c000000  PA:1c000020
14370298ns          257219 1c00877a a0a797d3 flt.s            x15, f15, f10       x15=00000000 f15:40c90fdb f10:3f0abbde
14370317ns          257220 1c00877e 00078b63 beq              x15, x0, 22         x15:00000000
14370377ns          257223 1c008794 00000793 addi             x15, x0, 0          x15=00000000
14370397ns          257224 1c008798 a0f517d3 flt.s            x15, f10, f15       x15=00000000 f10:3f0abbde f15:00000000
14370417ns          257225 1c00879c 08079a63 bne              x15, x0, 148        x15:00000000
14370437ns          257226 1c00879e 1c0007b7 lui              x15, 0x1c000000     x15=1c000000
14370457ns          257227 1c0087a2 01c7a783 lw               x15, 28(x15)        x15=3fc90fdb x15:1c000000  PA:1c00001c
14370775ns          257243 1c0087a6 a0f517d3 flt.s            x15, f10, f15       x15=00000001 f10:3f0abbde f15:3fc90fdb
14370795ns          257244 1c0087aa 02079563 bne              x15, x0, 42         x15:00000001
14370854ns          257247 1c0087d4 10a57553 fmul.s           f10, f10, f10       f10=xxxxxxxx f10:3f0abbde f10:3f0abbde
14370874ns          257248 1c0087d8 1c0007b7 lui              x15, 0x1c000000     x15=1c000000
14370894ns          257249 1c0087dc 1c000737 lui              x14, 0x1c000000     x14=1c000000
14370914ns          257250 1c0087e0 13472703 lw               x14, 308(x14)       x14=bab59551 x14:1c000000  PA:1c000134
14371272ns          257268 1c0087e4 1307a783 lw               x15, 304(x15)       x15=37c23ab1 x15:1c000000  PA:1c000130
14371590ns          257284 1c0087e8 70f577c3 fmadd.s          f15, f10, f15, f14  f15=xxxxxxxx f10:3e965e2a f15:37c23ab1 f14:bab59551
14371610ns          257285 1c0087ec 1c000737 lui              x14, 0x1c000000     x14=1c000000
14371630ns          257286 1c0087f0 13872703 lw               x14, 312(x14)       x14=3d2aa76f x14:1c000000  PA:1c000138
14371948ns          257302 1c0087f4 70f577c3 fmadd.s          f15, f10, f15, f14  f15=xxxxxxxx f10:3e965e2a f15:bab4b125 f14:3d2aa76f
14371968ns          257303 1c0087f8 1c000737 lui              x14, 0x1c000000     x14=1c000000
14371988ns          257304 1c0087fc 13c72703 lw               x14, 316(x14)       x14=beffffe0 x14:1c000000  PA:1c00013c
14372306ns          257320 1c008800 70f577c3 fmadd.s          f15, f10, f15, f14  f15=xxxxxxxx f10:3e965e2a f15:3d28fee6 f14:beffffe0
14372326ns          257321 1c008804 1c000737 lui              x14, 0x1c000000     x14=1c000000
14372346ns          257322 1c008808 16872703 lw               x14, 360(x14)       x14=3f7fffff x14:1c000000  PA:1c000168
14372704ns          257340 1c00880c 70f57543 fmadd.s          f10, f10, f15, f14  f10=xxxxxxxx f10:3e965e2a f15:bef9cba8 f14:3f7fffff
14372724ns          257341 1c008810 00008067 jalr             x0, x1, 0            x1:1c0081de
14372784ns          257344 1c0081de 016a7a53 fadd.s           f20, f20, f22       f20=xxxxxxxx f20:3f83b1ec f22:3efd2311
14372804ns          257345 1c0081e2 10acf553 fmul.s           f10, f25, f10       f10=xxxxxxxx f25:3f800000 f10:3f5b51b1
14372824ns          257346 1c0081e6 a14a97d3 flt.s            x15, f21, f20       x15=00000000 f21:40c90fdb f20:3fc2fab0
14372844ns          257347 1c0081ea 00a4222b p.sw             x10, 4(x8!)          x8=10001f78 x10:3f5b51b1  x8:10001f74  PA:10001f74
14372863ns          257348 1c0081ee 00078363 beq              x15, x0, 6          x15:00000000
14372923ns          257351 1c0081f4 ff7412e3 bne              x8, x23, -28         x8:10001f78 x23:10001fc8
14372983ns          257354 1c0081d8 094c7553 fsub.s           f10, f24, f20       f10=xxxxxxxx f24:3fc90fdb f20:3fc2fab0
14373003ns          257355 1c0081dc 57c000ef jal              x1, 1404             x1=1c0081de
14373042ns          257357 1c008758 a0a527d3 feq.s            x15, f10, f10       x15=00000001 f10:3d42a560 f10:3d42a560
14373062ns          257358 1c00875c 0a078b63 beq              x15, x0, 182        x15:00000001
14373082ns          257359 1c00875e e00517d3 fclass.s         x15, f10            x15=00000040 f10:3d42a560
14373102ns          257360 1c008762 0817f793 andi             x15, x15, 129       x15=00000000 x15:00000040
14373122ns          257361 1c008766 0a079663 bne              x15, x0, 172        x15:00000000
14373142ns          257362 1c008768 00000793 addi             x15, x0, 0          x15=00000000
14373162ns          257363 1c00876c a0f517d3 flt.s            x15, f10, f15       x15=00000000 f10:3d42a560 f15:00000000
14373182ns          257364 1c008770 0a079663 bne              x15, x0, 172        x15:00000000
14373202ns          257365 1c008772 1c000737 lui              x14, 0x1c000000     x14=1c000000
14373221ns          257366 1c008776 02072783 lw               x15, 32(x14)        x15=40c90fdb x14:1c000000  PA:1c000020
14373540ns          257382 1c00877a a0a797d3 flt.s            x15, f15, f10       x15=00000000 f15:40c90fdb f10:3d42a560
14373560ns          257383 1c00877e 00078b63 beq              x15, x0, 22         x15:00000000
14373619ns          257386 1c008794 00000793 addi             x15, x0, 0          x15=00000000
14373639ns          257387 1c008798 a0f517d3 flt.s            x15, f10, f15       x15=00000000 f10:3d42a560 f15:00000000
14373659ns          257388 1c00879c 08079a63 bne              x15, x0, 148        x15:00000000
14373679ns          257389 1c00879e 1c0007b7 lui              x15, 0x1c000000     x15=1c000000
14373699ns          257390 1c0087a2 01c7a783 lw               x15, 28(x15)        x15=3fc90fdb x15:1c000000  PA:1c00001c
14374037ns          257407 1c0087a6 a0f517d3 flt.s            x15, f10, f15       x15=00000001 f10:3d42a560 f15:3fc90fdb
14374057ns          257408 1c0087aa 02079563 bne              x15, x0, 42         x15:00000001
14374117ns          257411 1c0087d4 10a57553 fmul.s           f10, f10, f10       f10=xxxxxxxx f10:3d42a560 f10:3d42a560
14374136ns          257412 1c0087d8 1c0007b7 lui              x15, 0x1c000000     x15=1c000000
14374156ns          257413 1c0087dc 1c000737 lui              x14, 0x1c000000     x14=1c000000
14374176ns          257414 1c0087e0 13472703 lw               x14, 308(x14)       x14=bab59551 x14:1c000000  PA:1c000134
14374475ns          257429 1c0087e4 1307a783 lw               x15, 304(x15)       x15=37c23ab1 x15:1c000000  PA:1c000130
14374793ns          257445 1c0087e8 70f577c3 fmadd.s          f15, f10, f15, f14  f15=xxxxxxxx f10:3b13ff10 f15:37c23ab1 f14:bab59551
14374813ns          257446 1c0087ec 1c000737 lui              x14, 0x1c000000     x14=1c000000
14374833ns          257447 1c0087f0 13872703 lw               x14, 312(x14)       x14=3d2aa76f x14:1c000000  PA:1c000138
14375151ns          257463 1c0087f4 70f577c3 fmadd.s          f15, f10, f15, f14  f15=xxxxxxxx f10:3b13ff10 f15:bab59390 f14:3d2aa76f
14375171ns          257464 1c0087f8 1c000737 lui              x14, 0x1c000000     x14=1c000000
14375191ns          257465 1c0087fc 13c72703 lw               x14, 316(x14)       x14=beffffe0 x14:1c000000  PA:1c00013c
14375509ns          257481 1c008800 70f577c3 fmadd.s          f15, f10, f15, f14  f15=xxxxxxxx f10:3b13ff10 f15:3d2aa427 f14:beffffe0
14375529ns          257482 1c008804 1c000737 lui              x14, 0x1c000000     x14=1c000000
14375549ns          257483 1c008808 16872703 lw               x14, 360(x14)       x14=3f7fffff x14:1c000000  PA:1c000168
14375887ns          257500 1c00880c 70f57543 fmadd.s          f10, f10, f15, f14  f10=xxxxxxxx f10:3b13ff10 f15:befff38b f14:3f7fffff
14375907ns          257501 1c008810 00008067 jalr             x0, x1, 0            x1:1c0081de
14375966ns          257504 1c0081de 016a7a53 fadd.s           f20, f20, f22       f20=xxxxxxxx f20:3fc2fab0 f22:3efd2311
14375986ns          257505 1c0081e2 10acf553 fmul.s           f10, f25, f10       f10=xxxxxxxx f25:3f800000 f10:3f7fb603
14376006ns          257506 1c0081e6 a14a97d3 flt.s            x15, f21, f20       x15=00000000 f21:40c90fdb f20:400121ba
14376026ns          257507 1c0081ea 00a4222b p.sw             x10, 4(x8!)          x8=10001f7c x10:3f7fb603  x8:10001f78  PA:10001f78
14376046ns          257508 1c0081ee 00078363 beq              x15, x0, 6          x15:00000000
14376106ns          257511 1c0081f4 ff7412e3 bne              x8, x23, -28         x8:10001f7c x23:10001fc8
14376165ns          257514 1c0081d8 094c7553 fsub.s           f10, f24, f20       f10=xxxxxxxx f24:3fc90fdb f20:400121ba
14376185ns          257515 1c0081dc 57c000ef jal              x1, 1404             x1=1c0081de
14376225ns          257517 1c008758 a0a527d3 feq.s            x15, f10, f10       x15=00000001 f10:bee4ce64 f10:bee4ce64
14376245ns          257518 1c00875c 0a078b63 beq              x15, x0, 182        x15:00000001
14376265ns          257519 1c00875e e00517d3 fclass.s         x15, f10            x15=00000002 f10:bee4ce64
14376285ns          257520 1c008762 0817f793 andi             x15, x15, 129       x15=00000000 x15:00000002
14376305ns          257521 1c008766 0a079663 bne              x15, x0, 172        x15:00000000
14376324ns          257522 1c008768 00000793 addi             x15, x0, 0          x15=00000000
14376344ns          257523 1c00876c a0f517d3 flt.s            x15, f10, f15       x15=00000001 f10:bee4ce64 f15:00000000
14376364ns          257524 1c008770 0a079663 bne              x15, x0, 172        x15:00000001
14376424ns          257527 1c00881c 1c0007b7 lui              x15, 0x1c000000     x15=1c000000
14376444ns          257528 1c008820 12c7a783 lw               x15, 300(x15)       x15=c0c90fdb x15:1c000000  PA:1c00012c
14376762ns          257544 1c008824 a0f517d3 flt.s            x15, f10, f15       x15=00000000 f10:bee4ce64 f15:c0c90fdb
14376782ns          257545 1c008828 00078463 beq              x15, x0, 8          x15:00000000
14376842ns          257548 1c008830 20a51553 fsgnjn.s         f10, f10, f10       f10=xxxxxxxx f10:bee4ce64 f10:bee4ce64
14376861ns          257549 1c008834 f6bff06f jal              x0, -150           
14376921ns          257552 1c00879e 1c0007b7 lui              x15, 0x1c000000     x15=1c000000
14376941ns          257553 1c0087a2 01c7a783 lw               x15, 28(x15)        x15=3fc90fdb x15:1c000000  PA:1c00001c
14377259ns          257569 1c0087a6 a0f517d3 flt.s            x15, f10, f15       x15=00000001 f10:3ee4ce64 f15:3fc90fdb
14377279ns          257570 1c0087aa 02079563 bne              x15, x0, 42         x15:00000001
14377339ns          257573 1c0087d4 10a57553 fmul.s           f10, f10, f10       f10=xxxxxxxx f10:3ee4ce64 f10:3ee4ce64
14377359ns          257574 1c0087d8 1c0007b7 lui              x15, 0x1c000000     x15=1c000000
14377379ns          257575 1c0087dc 1c000737 lui              x14, 0x1c000000     x14=1c000000
14377399ns          257576 1c0087e0 13472703 lw               x14, 308(x14)       x14=bab59551 x14:1c000000  PA:1c000134
14377717ns          257592 1c0087e4 1307a783 lw               x15, 304(x15)       x15=37c23ab1 x15:1c000000  PA:1c000130
14378055ns          257609 1c0087e8 70f577c3 fmadd.s          f15, f10, f15, f14  f15=xxxxxxxx f10:3e4c8049 f15:37c23ab1 f14:bab59551
14378075ns          257610 1c0087ec 1c000737 lui              x14, 0x1c000000     x14=1c000000
14378095ns          257611 1c0087f0 13872703 lw               x14, 312(x14)       x14=3d2aa76f x14:1c000000  PA:1c000138
14378433ns          257628 1c0087f4 70f577c3 fmadd.s          f15, f10, f15, f14  f15=xxxxxxxx f10:3e4c8049 f15:bab4fa29 f14:3d2aa76f
14378453ns          257629 1c0087f8 1c000737 lui              x14, 0x1c000000     x14=1c000000
14378473ns          257630 1c0087fc 13c72703 lw               x14, 316(x14)       x14=beffffe0 x14:1c000000  PA:1c00013c
14378791ns          257646 1c008800 70f577c3 fmadd.s          f15, f10, f15, f14  f15=xxxxxxxx f10:3e4c8049 f15:3d29864b f14:beffffe0
14378811ns          257647 1c008804 1c000737 lui              x14, 0x1c000000     x14=1c000000
14378831ns          257648 1c008808 16872703 lw               x14, 360(x14)       x14=3f7fffff x14:1c000000  PA:1c000168
14379169ns          257665 1c00880c 70f57543 fmadd.s          f10, f10, f15, f14  f10=xxxxxxxx f10:3e4c8049 f15:befbc480 f14:3f7fffff
14379189ns          257666 1c008810 00008067 jalr             x0, x1, 0            x1:1c0081de
14379248ns          257669 1c0081de 016a7a53 fadd.s           f20, f20, f22       f20=xxxxxxxx f20:400121ba f22:3efd2311
14379268ns          257670 1c0081e2 10acf553 fmul.s           f10, f25, f10       f10=xxxxxxxx f25:3f800000 f10:3f66dc27
14379288ns          257671 1c0081e6 a14a97d3 flt.s            x15, f21, f20       x15=00000000 f21:40c90fdb f20:4020c61c
14379308ns          257672 1c0081ea 00a4222b p.sw             x10, 4(x8!)          x8=10001f80 x10:3f66dc27  x8:10001f7c  PA:10001f7c
14379328ns          257673 1c0081ee 00078363 beq              x15, x0, 6          x15:00000000
14379388ns          257676 1c0081f4 ff7412e3 bne              x8, x23, -28         x8:10001f80 x23:10001fc8
14379447ns          257679 1c0081d8 094c7553 fsub.s           f10, f24, f20       f10=xxxxxxxx f24:3fc90fdb f20:4020c61c
14379467ns          257680 1c0081dc 57c000ef jal              x1, 1404             x1=1c0081de
14379507ns          257682 1c008758 a0a527d3 feq.s            x15, f10, f10       x15=00000001 f10:bf70f8ba f10:bf70f8ba
14379527ns          257683 1c00875c 0a078b63 beq              x15, x0, 182        x15:00000001
14379547ns          257684 1c00875e e00517d3 fclass.s         x15, f10            x15=00000002 f10:bf70f8ba
14379567ns          257685 1c008762 0817f793 andi             x15, x15, 129       x15=00000000 x15:00000002
14379586ns          257686 1c008766 0a079663 bne              x15, x0, 172        x15:00000000
14379606ns          257687 1c008768 00000793 addi             x15, x0, 0          x15=00000000
14379626ns          257688 1c00876c a0f517d3 flt.s            x15, f10, f15       x15=00000001 f10:bf70f8ba f15:00000000
14379646ns          257689 1c008770 0a079663 bne              x15, x0, 172        x15:00000001
14379706ns          257692 1c00881c 1c0007b7 lui              x15, 0x1c000000     x15=1c000000
14379726ns          257693 1c008820 12c7a783 lw               x15, 300(x15)       x15=c0c90fdb x15:1c000000  PA:1c00012c
14380044ns          257709 1c008824 a0f517d3 flt.s            x15, f10, f15       x15=00000000 f10:bf70f8ba f15:c0c90fdb
14380064ns          257710 1c008828 00078463 beq              x15, x0, 8          x15:00000000
14380124ns          257713 1c008830 20a51553 fsgnjn.s         f10, f10, f10       f10=xxxxxxxx f10:bf70f8ba f10:bf70f8ba
14380143ns          257714 1c008834 f6bff06f jal              x0, -150           
14380203ns          257717 1c00879e 1c0007b7 lui              x15, 0x1c000000     x15=1c000000
14380223ns          257718 1c0087a2 01c7a783 lw               x15, 28(x15)        x15=3fc90fdb x15:1c000000  PA:1c00001c
14380541ns          257734 1c0087a6 a0f517d3 flt.s            x15, f10, f15       x15=00000001 f10:3f70f8ba f15:3fc90fdb
14380561ns          257735 1c0087aa 02079563 bne              x15, x0, 42         x15:00000001
14380621ns          257738 1c0087d4 10a57553 fmul.s           f10, f10, f10       f10=xxxxxxxx f10:3f70f8ba f10:3f70f8ba
14380641ns          257739 1c0087d8 1c0007b7 lui              x15, 0x1c000000     x15=1c000000
14380661ns          257740 1c0087dc 1c000737 lui              x14, 0x1c000000     x14=1c000000
14380680ns          257741 1c0087e0 13472703 lw               x14, 308(x14)       x14=bab59551 x14:1c000000  PA:1c000134
14380999ns          257757 1c0087e4 1307a783 lw               x15, 304(x15)       x15=37c23ab1 x15:1c000000  PA:1c000130
14381317ns          257773 1c0087e8 70f577c3 fmadd.s          f15, f10, f15, f14  f15=xxxxxxxx f10:3f62d34e f15:37c23ab1 f14:bab59551
14381337ns          257774 1c0087ec 1c000737 lui              x14, 0x1c000000     x14=1c000000
14381357ns          257775 1c0087f0 13872703 lw               x14, 312(x14)       x14=3d2aa76f x14:1c000000  PA:1c000138
14381675ns          257791 1c0087f4 70f577c3 fmadd.s          f15, f10, f15, f14  f15=xxxxxxxx f10:3f62d34e f15:bab2e4f0 f14:3d2aa76f
14381695ns          257792 1c0087f8 1c000737 lui              x14, 0x1c000000     x14=1c000000
14381715ns          257793 1c0087fc 13c72703 lw               x14, 316(x14)       x14=beffffe0 x14:1c000000  PA:1c00013c
14382033ns          257809 1c008800 70f577c3 fmadd.s          f15, f10, f15, f14  f15=xxxxxxxx f10:3f62d34e f15:3d25b361 f14:beffffe0
14382053ns          257810 1c008804 1c000737 lui              x14, 0x1c000000     x14=1c000000
14382073ns          257811 1c008808 16872703 lw               x14, 360(x14)       x14=3f7fffff x14:1c000000  PA:1c000168
14382411ns          257828 1c00880c 70f57543 fmadd.s          f10, f10, f15, f14  f10=xxxxxxxx f10:3f62d34e f15:beeda5bc f14:3f7fffff
14382431ns          257829 1c008810 00008067 jalr             x0, x1, 0            x1:1c0081de
14382491ns          257832 1c0081de 016a7a53 fadd.s           f20, f20, f22       f20=xxxxxxxx f20:4020c61c f22:3efd2311
14382510ns          257833 1c0081e2 10acf553 fmul.s           f10, f25, f10       f10=xxxxxxxx f25:3f800000 f10:3f16b7c3
14382530ns          257834 1c0081e6 a14a97d3 flt.s            x15, f21, f20       x15=00000000 f21:40c90fdb f20:40406a7e
14382550ns          257835 1c0081ea 00a4222b p.sw             x10, 4(x8!)          x8=10001f84 x10:3f16b7c3  x8:10001f80  PA:10001f80
14382570ns          257836 1c0081ee 00078363 beq              x15, x0, 6          x15:00000000
14382630ns          257839 1c0081f4 ff7412e3 bne              x8, x23, -28         x8:10001f84 x23:10001fc8
14382689ns          257842 1c0081d8 094c7553 fsub.s           f10, f24, f20       f10=xxxxxxxx f24:3fc90fdb f20:40406a7e
14382709ns          257843 1c0081dc 57c000ef jal              x1, 1404             x1=1c0081de
14382749ns          257845 1c008758 a0a527d3 feq.s            x15, f10, f10       x15=00000001 f10:bfb7c521 f10:bfb7c521
14382769ns          257846 1c00875c 0a078b63 beq              x15, x0, 182        x15:00000001
14382789ns          257847 1c00875e e00517d3 fclass.s         x15, f10            x15=00000002 f10:bfb7c521
14382809ns          257848 1c008762 0817f793 andi             x15, x15, 129       x15=00000000 x15:00000002
14382829ns          257849 1c008766 0a079663 bne              x15, x0, 172        x15:00000000
14382849ns          257850 1c008768 00000793 addi             x15, x0, 0          x15=00000000
14382868ns          257851 1c00876c a0f517d3 flt.s            x15, f10, f15       x15=00000001 f10:bfb7c521 f15:00000000
14382888ns          257852 1c008770 0a079663 bne              x15, x0, 172        x15:00000001
14382948ns          257855 1c00881c 1c0007b7 lui              x15, 0x1c000000     x15=1c000000
14382968ns          257856 1c008820 12c7a783 lw               x15, 300(x15)       x15=c0c90fdb x15:1c000000  PA:1c00012c
14383306ns          257873 1c008824 a0f517d3 flt.s            x15, f10, f15       x15=00000000 f10:bfb7c521 f15:c0c90fdb
14383326ns          257874 1c008828 00078463 beq              x15, x0, 8          x15:00000000
14383386ns          257877 1c008830 20a51553 fsgnjn.s         f10, f10, f10       f10=xxxxxxxx f10:bfb7c521 f10:bfb7c521
14383406ns          257878 1c008834 f6bff06f jal              x0, -150           
14383465ns          257881 1c00879e 1c0007b7 lui              x15, 0x1c000000     x15=1c000000
14383485ns          257882 1c0087a2 01c7a783 lw               x15, 28(x15)        x15=3fc90fdb x15:1c000000  PA:1c00001c
14383823ns          257899 1c0087a6 a0f517d3 flt.s            x15, f10, f15       x15=00000001 f10:3fb7c521 f15:3fc90fdb
14383843ns          257900 1c0087aa 02079563 bne              x15, x0, 42         x15:00000001
14383903ns          257903 1c0087d4 10a57553 fmul.s           f10, f10, f10       f10=xxxxxxxx f10:3fb7c521 f10:3fb7c521
14383923ns          257904 1c0087d8 1c0007b7 lui              x15, 0x1c000000     x15=1c000000
14383943ns          257905 1c0087dc 1c000737 lui              x14, 0x1c000000     x14=1c000000
14383962ns          257906 1c0087e0 13472703 lw               x14, 308(x14)       x14=bab59551 x14:1c000000  PA:1c000134
14384281ns          257922 1c0087e4 1307a783 lw               x15, 304(x15)       x15=37c23ab1 x15:1c000000  PA:1c000130
14384599ns          257938 1c0087e8 70f577c3 fmadd.s          f15, f10, f15, f14  f15=xxxxxxxx f10:4003eb6d f15:37c23ab1 f14:bab59551
14384619ns          257939 1c0087ec 1c000737 lui              x14, 0x1c000000     x14=1c000000
14384639ns          257940 1c0087f0 13872703 lw               x14, 312(x14)       x14=3d2aa76f x14:1c000000  PA:1c000138
14384957ns          257956 1c0087f4 70f577c3 fmadd.s          f15, f10, f15, f14  f15=xxxxxxxx f10:4003eb6d f15:baaf53e7 f14:3d2aa76f
14384977ns          257957 1c0087f8 1c000737 lui              x14, 0x1c000000     x14=1c000000
14384997ns          257958 1c0087fc 13c72703 lw               x14, 316(x14)       x14=beffffe0 x14:1c000000  PA:1c00013c
14385315ns          257974 1c008800 70f577c3 fmadd.s          f15, f10, f15, f14  f15=xxxxxxxx f10:4003eb6d f15:3d1f5c4a f14:beffffe0
14385335ns          257975 1c008804 1c000737 lui              x14, 0x1c000000     x14=1c000000
14385355ns          257976 1c008808 16872703 lw               x14, 360(x14)       x14=3f7fffff x14:1c000000  PA:1c000168
14385673ns          257992 1c00880c 70f57543 fmadd.s          f10, f10, f15, f14  f10=xxxxxxxx f10:4003eb6d f15:bed6f07c f14:3f7fffff
14385693ns          257993 1c008810 00008067 jalr             x0, x1, 0            x1:1c0081de
14385753ns          257996 1c0081de 016a7a53 fadd.s           f20, f20, f22       f20=xxxxxxxx f20:40406a7e f22:3efd2311
14385773ns          257997 1c0081e2 10acf553 fmul.s           f10, f25, f10       f10=xxxxxxxx f25:3f800000 f10:3e09ea2e
14385792ns          257998 1c0081e6 a14a97d3 flt.s            x15, f21, f20       x15=00000000 f21:40c90fdb f20:40600ee0
14385812ns          257999 1c0081ea 00a4222b p.sw             x10, 4(x8!)          x8=10001f88 x10:3e09ea2e  x8:10001f84  PA:10001f84
14385832ns          258000 1c0081ee 00078363 beq              x15, x0, 6          x15:00000000
14385892ns          258003 1c0081f4 ff7412e3 bne              x8, x23, -28         x8:10001f88 x23:10001fc8
14385952ns          258006 1c0081d8 094c7553 fsub.s           f10, f24, f20       f10=xxxxxxxx f24:3fc90fdb f20:40600ee0
14385971ns          258007 1c0081dc 57c000ef jal              x1, 1404             x1=1c0081de
14386011ns          258009 1c008758 a0a527d3 feq.s            x15, f10, f10       x15=00000001 f10:bff70de5 f10:bff70de5
14386031ns          258010 1c00875c 0a078b63 beq              x15, x0, 182        x15:00000001
14386051ns          258011 1c00875e e00517d3 fclass.s         x15, f10            x15=00000002 f10:bff70de5
14386071ns          258012 1c008762 0817f793 andi             x15, x15, 129       x15=00000000 x15:00000002
14386091ns          258013 1c008766 0a079663 bne              x15, x0, 172        x15:00000000
14386111ns          258014 1c008768 00000793 addi             x15, x0, 0          x15=00000000
14386131ns          258015 1c00876c a0f517d3 flt.s            x15, f10, f15       x15=00000001 f10:bff70de5 f15:00000000
14386150ns          258016 1c008770 0a079663 bne              x15, x0, 172        x15:00000001
14386210ns          258019 1c00881c 1c0007b7 lui              x15, 0x1c000000     x15=1c000000
14386230ns          258020 1c008820 12c7a783 lw               x15, 300(x15)       x15=c0c90fdb x15:1c000000  PA:1c00012c
14386548ns          258036 1c008824 a0f517d3 flt.s            x15, f10, f15       x15=00000000 f10:bff70de5 f15:c0c90fdb
14386568ns          258037 1c008828 00078463 beq              x15, x0, 8          x15:00000000
14386628ns          258040 1c008830 20a51553 fsgnjn.s         f10, f10, f10       f10=xxxxxxxx f10:bff70de5 f10:bff70de5
14386648ns          258041 1c008834 f6bff06f jal              x0, -150           
14386707ns          258044 1c00879e 1c0007b7 lui              x15, 0x1c000000     x15=1c000000
14386727ns          258045 1c0087a2 01c7a783 lw               x15, 28(x15)        x15=3fc90fdb x15:1c000000  PA:1c00001c
14387046ns          258061 1c0087a6 a0f517d3 flt.s            x15, f10, f15       x15=00000000 f10:3ff70de5 f15:3fc90fdb
14387065ns          258062 1c0087aa 02079563 bne              x15, x0, 42         x15:00000000
14387085ns          258063 1c0087ac 1c0007b7 lui              x15, 0x1c000000     x15=1c000000
14387105ns          258064 1c0087b0 1007a783 lw               x15, 256(x15)       x15=40490fdb x15:1c000000  PA:1c000100
14387423ns          258080 1c0087b4 a0f51753 flt.s            x14, f10, f15       x14=00000001 f10:3ff70de5 f15:40490fdb
14387443ns          258081 1c0087b8 06071f63 bne              x14, x0, 126        x14:00000001
14387523ns          258085 1c008836 08a7f553 fsub.s           f10, f15, f10       f10=xxxxxxxx f15:40490fdb f10:3ff70de5
14387543ns          258086 1c00883a 10a57553 fmul.s           f10, f10, f10       f10=xxxxxxxx f10:3f9b11d1 f10:3f9b11d1
14387563ns          258087 1c00883e 1c0007b7 lui              x15, 0x1c000000     x15=1c000000
14387583ns          258088 1c008842 1c000737 lui              x14, 0x1c000000     x14=1c000000
14387602ns          258089 1c008846 13472703 lw               x14, 308(x14)       x14=bab59551 x14:1c000000  PA:1c000134
14387901ns          258104 1c00884a 1307a783 lw               x15, 304(x15)       x15=37c23ab1 x15:1c000000  PA:1c000130
14388219ns          258120 1c00884e 70f577c3 fmadd.s          f15, f10, f15, f14  f15=xxxxxxxx f10:3fbbdd29 f15:37c23ab1 f14:bab59551
14388239ns          258121 1c008852 1c000737 lui              x14, 0x1c000000     x14=1c000000
14388259ns          258122 1c008856 13872703 lw               x14, 312(x14)       x14=3d2aa76f x14:1c000000  PA:1c000138
14388577ns          258138 1c00885a 70f577c3 fmadd.s          f15, f10, f15, f14  f15=xxxxxxxx f10:3fbbdd29 f15:bab1210c f14:3d2aa76f
14388597ns          258139 1c00885e 1c000737 lui              x14, 0x1c000000     x14=1c000000
14388617ns          258140 1c008862 13c72703 lw               x14, 316(x14)       x14=beffffe0 x14:1c000000  PA:1c00013c
14388935ns          258156 1c008866 70f577c3 fmadd.s          f15, f10, f15, f14  f15=xxxxxxxx f10:3fbbdd29 f15:3d2287ac f14:beffffe0
14388955ns          258157 1c00886a 1c000737 lui              x14, 0x1c000000     x14=1c000000
14388975ns          258158 1c00886e 16872703 lw               x14, 360(x14)       x14=3f7fffff x14:1c000000  PA:1c000168
14389293ns          258174 1c008872 70f57543 fmadd.s          f10, f10, f15, f14  f10=xxxxxxxx f10:3fbbdd29 f15:bee22e7f f14:3f7fffff
14389313ns          258175 1c008876 20a51553 fsgnjn.s         f10, f10, f10       f10=xxxxxxxx f10:3eb40944 f10:3eb40944
14389333ns          258176 1c00887a 00008067 jalr             x0, x1, 0            x1:1c0081de
14389393ns          258179 1c0081de 016a7a53 fadd.s           f20, f20, f22       f20=xxxxxxxx f20:40600ee0 f22:3efd2311
14389413ns          258180 1c0081e2 10acf553 fmul.s           f10, f25, f10       f10=xxxxxxxx f25:3f800000 f10:beb40944
14389432ns          258181 1c0081e6 a14a97d3 flt.s            x15, f21, f20       x15=00000000 f21:40c90fdb f20:407fb342
14389452ns          258182 1c0081ea 00a4222b p.sw             x10, 4(x8!)          x8=10001f8c x10:beb40944  x8:10001f88  PA:10001f88
14389472ns          258183 1c0081ee 00078363 beq              x15, x0, 6          x15:00000000
14389532ns          258186 1c0081f4 ff7412e3 bne              x8, x23, -28         x8:10001f8c x23:10001fc8
14389592ns          258189 1c0081d8 094c7553 fsub.s           f10, f24, f20       f10=xxxxxxxx f24:3fc90fdb f20:407fb342
14389611ns          258190 1c0081dc 57c000ef jal              x1, 1404             x1=1c0081de
14389651ns          258192 1c008758 a0a527d3 feq.s            x15, f10, f10       x15=00000001 f10:c01b2b54 f10:c01b2b54
14389671ns          258193 1c00875c 0a078b63 beq              x15, x0, 182        x15:00000001
14389691ns          258194 1c00875e e00517d3 fclass.s         x15, f10            x15=00000002 f10:c01b2b54
14389711ns          258195 1c008762 0817f793 andi             x15, x15, 129       x15=00000000 x15:00000002
14389731ns          258196 1c008766 0a079663 bne              x15, x0, 172        x15:00000000
14389751ns          258197 1c008768 00000793 addi             x15, x0, 0          x15=00000000
14389771ns          258198 1c00876c a0f517d3 flt.s            x15, f10, f15       x15=00000001 f10:c01b2b54 f15:00000000
14389790ns          258199 1c008770 0a079663 bne              x15, x0, 172        x15:00000001
14389850ns          258202 1c00881c 1c0007b7 lui              x15, 0x1c000000     x15=1c000000
14389870ns          258203 1c008820 12c7a783 lw               x15, 300(x15)       x15=c0c90fdb x15:1c000000  PA:1c00012c
14390188ns          258219 1c008824 a0f517d3 flt.s            x15, f10, f15       x15=00000000 f10:c01b2b54 f15:c0c90fdb
14390208ns          258220 1c008828 00078463 beq              x15, x0, 8          x15:00000000
14390268ns          258223 1c008830 20a51553 fsgnjn.s         f10, f10, f10       f10=xxxxxxxx f10:c01b2b54 f10:c01b2b54
14390288ns          258224 1c008834 f6bff06f jal              x0, -150           
14390347ns          258227 1c00879e 1c0007b7 lui              x15, 0x1c000000     x15=1c000000
14390367ns          258228 1c0087a2 01c7a783 lw               x15, 28(x15)        x15=3fc90fdb x15:1c000000  PA:1c00001c
14390686ns          258244 1c0087a6 a0f517d3 flt.s            x15, f10, f15       x15=00000000 f10:401b2b54 f15:3fc90fdb
14390705ns          258245 1c0087aa 02079563 bne              x15, x0, 42         x15:00000000
14390725ns          258246 1c0087ac 1c0007b7 lui              x15, 0x1c000000     x15=1c000000
14390745ns          258247 1c0087b0 1007a783 lw               x15, 256(x15)       x15=40490fdb x15:1c000000  PA:1c000100
14391063ns          258263 1c0087b4 a0f51753 flt.s            x14, f10, f15       x14=00000001 f10:401b2b54 f15:40490fdb
14391083ns          258264 1c0087b8 06071f63 bne              x14, x0, 126        x14:00000001
14391163ns          258268 1c008836 08a7f553 fsub.s           f10, f15, f10       f10=xxxxxxxx f15:40490fdb f10:401b2b54
14391183ns          258269 1c00883a 10a57553 fmul.s           f10, f10, f10       f10=xxxxxxxx f10:3f37921c f10:3f37921c
14391203ns          258270 1c00883e 1c0007b7 lui              x15, 0x1c000000     x15=1c000000
14391223ns          258271 1c008842 1c000737 lui              x14, 0x1c000000     x14=1c000000
14391242ns          258272 1c008846 13472703 lw               x14, 308(x14)       x14=bab59551 x14:1c000000  PA:1c000134
14391541ns          258287 1c00884a 1307a783 lw               x15, 304(x15)       x15=37c23ab1 x15:1c000000  PA:1c000130
14391859ns          258303 1c00884e 70f577c3 fmadd.s          f15, f10, f15, f14  f15=xxxxxxxx f10:3f03a237 f15:37c23ab1 f14:bab59551
14391879ns          258304 1c008852 1c000737 lui              x14, 0x1c000000     x14=1c000000
14391899ns          258305 1c008856 13872703 lw               x14, 312(x14)       x14=3d2aa76f x14:1c000000  PA:1c000138
14392237ns          258322 1c00885a 70f577c3 fmadd.s          f15, f10, f15, f14  f15=xxxxxxxx f10:3f03a237 f15:bab405d5 f14:3d2aa76f
14392257ns          258323 1c00885e 1c000737 lui              x14, 0x1c000000     x14=1c000000
14392277ns          258324 1c008862 13c72703 lw               x14, 316(x14)       x14=beffffe0 x14:1c000000  PA:1c00013c
14392694ns          258345 1c008866 70f577c3 fmadd.s          f15, f10, f15, f14  f15=xxxxxxxx f10:3f03a237 f15:3d27c2e7 f14:beffffe0
14392714ns          258346 1c00886a 1c000737 lui              x14, 0x1c000000     x14=1c000000
14392734ns          258347 1c00886e 16872703 lw               x14, 360(x14)       x14=3f7fffff x14:1c000000  PA:1c000168
14393092ns          258365 1c008872 70f57543 fmadd.s          f10, f10, f15, f14  f10=xxxxxxxx f10:3f03a237 f15:bef5377f f14:3f7fffff
14393112ns          258366 1c008876 20a51553 fsgnjn.s         f10, f10, f10       f10=xxxxxxxx f10:3f40f49b f10:3f40f49b
14393132ns          258367 1c00887a 00008067 jalr             x0, x1, 0            x1:1c0081de
14393192ns          258370 1c0081de 016a7a53 fadd.s           f20, f20, f22       f20=xxxxxxxx f20:407fb342 f22:3efd2311
14393212ns          258371 1c0081e2 10acf553 fmul.s           f10, f25, f10       f10=xxxxxxxx f25:3f800000 f10:bf40f49b
14393232ns          258372 1c0081e6 a14a97d3 flt.s            x15, f21, f20       x15=00000000 f21:40c90fdb f20:408fabd2
14393251ns          258373 1c0081ea 00a4222b p.sw             x10, 4(x8!)          x8=10001f90 x10:bf40f49b  x8:10001f8c  PA:10001f8c
14393271ns          258374 1c0081ee 00078363 beq              x15, x0, 6          x15:00000000
14393331ns          258377 1c0081f4 ff7412e3 bne              x8, x23, -28         x8:10001f90 x23:10001fc8
14393391ns          258380 1c0081d8 094c7553 fsub.s           f10, f24, f20       f10=xxxxxxxx f24:3fc90fdb f20:408fabd2
14393411ns          258381 1c0081dc 57c000ef jal              x1, 1404             x1=1c0081de
14393450ns          258383 1c008758 a0a527d3 feq.s            x15, f10, f10       x15=00000001 f10:c03acfb6 f10:c03acfb6
14393470ns          258384 1c00875c 0a078b63 beq              x15, x0, 182        x15:00000001
14393490ns          258385 1c00875e e00517d3 fclass.s         x15, f10            x15=00000002 f10:c03acfb6
14393510ns          258386 1c008762 0817f793 andi             x15, x15, 129       x15=00000000 x15:00000002
14393530ns          258387 1c008766 0a079663 bne              x15, x0, 172        x15:00000000
14393550ns          258388 1c008768 00000793 addi             x15, x0, 0          x15=00000000
14393570ns          258389 1c00876c a0f517d3 flt.s            x15, f10, f15       x15=00000001 f10:c03acfb6 f15:00000000
14393590ns          258390 1c008770 0a079663 bne              x15, x0, 172        x15:00000001
14393649ns          258393 1c00881c 1c0007b7 lui              x15, 0x1c000000     x15=1c000000
14393669ns          258394 1c008820 12c7a783 lw               x15, 300(x15)       x15=c0c90fdb x15:1c000000  PA:1c00012c
14393987ns          258410 1c008824 a0f517d3 flt.s            x15, f10, f15       x15=00000000 f10:c03acfb6 f15:c0c90fdb
14394007ns          258411 1c008828 00078463 beq              x15, x0, 8          x15:00000000
14394067ns          258414 1c008830 20a51553 fsgnjn.s         f10, f10, f10       f10=xxxxxxxx f10:c03acfb6 f10:c03acfb6
14394087ns          258415 1c008834 f6bff06f jal              x0, -150           
14394147ns          258418 1c00879e 1c0007b7 lui              x15, 0x1c000000     x15=1c000000
14394166ns          258419 1c0087a2 01c7a783 lw               x15, 28(x15)        x15=3fc90fdb x15:1c000000  PA:1c00001c
14394505ns          258436 1c0087a6 a0f517d3 flt.s            x15, f10, f15       x15=00000000 f10:403acfb6 f15:3fc90fdb
14394524ns          258437 1c0087aa 02079563 bne              x15, x0, 42         x15:00000000
14394544ns          258438 1c0087ac 1c0007b7 lui              x15, 0x1c000000     x15=1c000000
14394564ns          258439 1c0087b0 1007a783 lw               x15, 256(x15)       x15=40490fdb x15:1c000000  PA:1c000100
14394882ns          258455 1c0087b4 a0f51753 flt.s            x14, f10, f15       x14=00000001 f10:403acfb6 f15:40490fdb
14394902ns          258456 1c0087b8 06071f63 bne              x14, x0, 126        x14:00000001
14394982ns          258460 1c008836 08a7f553 fsub.s           f10, f15, f10       f10=xxxxxxxx f15:40490fdb f10:403acfb6
14395002ns          258461 1c00883a 10a57553 fmul.s           f10, f10, f10       f10=xxxxxxxx f10:3e640250 f10:3e640250
14395022ns          258462 1c00883e 1c0007b7 lui              x15, 0x1c000000     x15=1c000000
14395042ns          258463 1c008842 1c000737 lui              x14, 0x1c000000     x14=1c000000
14395061ns          258464 1c008846 13472703 lw               x14, 308(x14)       x14=bab59551 x14:1c000000  PA:1c000134
14395360ns          258479 1c00884a 1307a783 lw               x15, 304(x15)       x15=37c23ab1 x15:1c000000  PA:1c000130
14395698ns          258496 1c00884e 70f577c3 fmadd.s          f15, f10, f15, f14  f15=xxxxxxxx f10:3d4b141f f15:37c23ab1 f14:bab59551
14395718ns          258497 1c008852 1c000737 lui              x14, 0x1c000000     x14=1c000000
14395738ns          258498 1c008856 13872703 lw               x14, 312(x14)       x14=3d2aa76f x14:1c000000  PA:1c000138
14396056ns          258514 1c00885a 70f577c3 fmadd.s          f15, f10, f15, f14  f15=xxxxxxxx f10:3d4b141f f15:bab56ecc f14:3d2aa76f
14396076ns          258515 1c00885e 1c000737 lui              x14, 0x1c000000     x14=1c000000
14396096ns          258516 1c008862 13c72703 lw               x14, 316(x14)       x14=beffffe0 x14:1c000000  PA:1c00013c
14396414ns          258532 1c008866 70f577c3 fmadd.s          f15, f10, f15, f14  f15=xxxxxxxx f10:3d4b141f f15:3d2a5f78 f14:beffffe0
14396434ns          258533 1c00886a 1c000737 lui              x14, 0x1c000000     x14=1c000000
14396454ns          258534 1c00886e 16872703 lw               x14, 360(x14)       x14=3f7fffff x14:1c000000  PA:1c000168
14396772ns          258550 1c008872 70f57543 fmadd.s          f10, f10, f15, f14  f10=xxxxxxxx f10:3d4b141f f15:befef192 f14:3f7fffff
14396792ns          258551 1c008876 20a51553 fsgnjn.s         f10, f10, f10       f10=xxxxxxxx f10:3f79ae12 f10:3f79ae12
14396812ns          258552 1c00887a 00008067 jalr             x0, x1, 0            x1:1c0081de
14396872ns          258555 1c0081de 016a7a53 fadd.s           f20, f20, f22       f20=xxxxxxxx f20:408fabd2 f22:3efd2311
14396891ns          258556 1c0081e2 10acf553 fmul.s           f10, f25, f10       f10=xxxxxxxx f25:3f800000 f10:bf79ae12
14396911ns          258557 1c0081e6 a14a97d3 flt.s            x15, f21, f20       x15=00000000 f21:40c90fdb f20:409f7e03
14396931ns          258558 1c0081ea 00a4222b p.sw             x10, 4(x8!)          x8=10001f94 x10:bf79ae12  x8:10001f90  PA:10001f90
14396951ns          258559 1c0081ee 00078363 beq              x15, x0, 6          x15:00000000
14397011ns          258562 1c0081f4 ff7412e3 bne              x8, x23, -28         x8:10001f94 x23:10001fc8
14397070ns          258565 1c0081d8 094c7553 fsub.s           f10, f24, f20       f10=xxxxxxxx f24:3fc90fdb f20:409f7e03
14397090ns          258566 1c0081dc 57c000ef jal              x1, 1404             x1=1c0081de
14397130ns          258568 1c008758 a0a527d3 feq.s            x15, f10, f10       x15=00000001 f10:c05a7418 f10:c05a7418
14397150ns          258569 1c00875c 0a078b63 beq              x15, x0, 182        x15:00000001
14397170ns          258570 1c00875e e00517d3 fclass.s         x15, f10            x15=00000002 f10:c05a7418
14397190ns          258571 1c008762 0817f793 andi             x15, x15, 129       x15=00000000 x15:00000002
14397210ns          258572 1c008766 0a079663 bne              x15, x0, 172        x15:00000000
14397230ns          258573 1c008768 00000793 addi             x15, x0, 0          x15=00000000
14397249ns          258574 1c00876c a0f517d3 flt.s            x15, f10, f15       x15=00000001 f10:c05a7418 f15:00000000
14397269ns          258575 1c008770 0a079663 bne              x15, x0, 172        x15:00000001
14397329ns          258578 1c00881c 1c0007b7 lui              x15, 0x1c000000     x15=1c000000
14397349ns          258579 1c008820 12c7a783 lw               x15, 300(x15)       x15=c0c90fdb x15:1c000000  PA:1c00012c
14397667ns          258595 1c008824 a0f517d3 flt.s            x15, f10, f15       x15=00000000 f10:c05a7418 f15:c0c90fdb
14397687ns          258596 1c008828 00078463 beq              x15, x0, 8          x15:00000000
14397747ns          258599 1c008830 20a51553 fsgnjn.s         f10, f10, f10       f10=xxxxxxxx f10:c05a7418 f10:c05a7418
14397767ns          258600 1c008834 f6bff06f jal              x0, -150           
14397826ns          258603 1c00879e 1c0007b7 lui              x15, 0x1c000000     x15=1c000000
14397846ns          258604 1c0087a2 01c7a783 lw               x15, 28(x15)        x15=3fc90fdb x15:1c000000  PA:1c00001c
14398164ns          258620 1c0087a6 a0f517d3 flt.s            x15, f10, f15       x15=00000000 f10:405a7418 f15:3fc90fdb
14398184ns          258621 1c0087aa 02079563 bne              x15, x0, 42         x15:00000000
14398204ns          258622 1c0087ac 1c0007b7 lui              x15, 0x1c000000     x15=1c000000
14398224ns          258623 1c0087b0 1007a783 lw               x15, 256(x15)       x15=40490fdb x15:1c000000  PA:1c000100
14398542ns          258639 1c0087b4 a0f51753 flt.s            x14, f10, f15       x14=00000000 f10:405a7418 f15:40490fdb
14398562ns          258640 1c0087b8 06071f63 bne              x14, x0, 126        x14:00000000
14398582ns          258641 1c0087ba 1c000737 lui              x14, 0x1c000000     x14=1c000000
14398602ns          258642 1c0087be 14072703 lw               x14, 320(x14)       x14=4096cbe4 x14:1c000000  PA:1c000140
14398940ns          258659 1c0087c2 a0e51753 flt.s            x14, f10, f14       x14=00000001 f10:405a7418 f14:4096cbe4
14398960ns          258660 1c0087c6 0a071b63 bne              x14, x0, 182        x14:00000001
14399020ns          258663 1c00887c 08f57553 fsub.s           f10, f10, f15       f10=xxxxxxxx f10:405a7418 f15:40490fdb
14399040ns          258664 1c008880 fbbff06f jal              x0, -70            
14399099ns          258667 1c00883a 10a57553 fmul.s           f10, f10, f10       f10=xxxxxxxx f10:3e8b21e8 f10:3e8b21e8
14399119ns          258668 1c00883e 1c0007b7 lui              x15, 0x1c000000     x15=1c000000
14399139ns          258669 1c008842 1c000737 lui              x14, 0x1c000000     x14=1c000000
14399159ns          258670 1c008846 13472703 lw               x14, 308(x14)       x14=bab59551 x14:1c000000  PA:1c000134
14399457ns          258685 1c00884a 1307a783 lw               x15, 304(x15)       x15=37c23ab1 x15:1c000000  PA:1c000130
14399776ns          258701 1c00884e 70f577c3 fmadd.s          f15, f10, f15, f14  f15=xxxxxxxx f10:3d973bad f15:37c23ab1 f14:bab59551
14399795ns          258702 1c008852 1c000737 lui              x14, 0x1c000000     x14=1c000000
14399815ns          258703 1c008856 13872703 lw               x14, 312(x14)       x14=3d2aa76f x14:1c000000  PA:1c000138
14400134ns          258719 1c00885a 70f577c3 fmadd.s          f15, f10, f15, f14  f15=xxxxxxxx f10:3d973bad f15:bab55bf2 f14:3d2aa76f
14400154ns          258720 1c00885e 1c000737 lui              x14, 0x1c000000     x14=1c000000
14400173ns          258721 1c008862 13c72703 lw               x14, 316(x14)       x14=beffffe0 x14:1c000000  PA:1c00013c
14400492ns          258737 1c008866 70f577c3 fmadd.s          f15, f10, f15, f14  f15=xxxxxxxx f10:3d973bad f15:3d2a3c4b f14:beffffe0
14400512ns          258738 1c00886a 1c000737 lui              x14, 0x1c000000     x14=1c000000
14400531ns          258739 1c00886e 16872703 lw               x14, 360(x14)       x14=3f7fffff x14:1c000000  PA:1c000168
14400870ns          258756 1c008872 70f57543 fmadd.s          f10, f10, f15, f14  f10=xxxxxxxx f10:3d973bad f15:befe6d9b f14:3f7fffff
14400889ns          258757 1c008876 20a51553 fsgnjn.s         f10, f10, f10       f10=xxxxxxxx f10:3f769b20 f10:3f769b20
14400909ns          258758 1c00887a 00008067 jalr             x0, x1, 0            x1:1c0081de
14400969ns          258761 1c0081de 016a7a53 fadd.s           f20, f20, f22       f20=xxxxxxxx f20:409f7e03 f22:3efd2311
14400989ns          258762 1c0081e2 10acf553 fmul.s           f10, f25, f10       f10=xxxxxxxx f25:3f800000 f10:bf769b20
14401009ns          258763 1c0081e6 a14a97d3 flt.s            x15, f21, f20       x15=00000000 f21:40c90fdb f20:40af5034
14401029ns          258764 1c0081ea 00a4222b p.sw             x10, 4(x8!)          x8=10001f98 x10:bf769b20  x8:10001f94  PA:10001f94
14401049ns          258765 1c0081ee 00078363 beq              x15, x0, 6          x15:00000000
14401108ns          258768 1c0081f4 ff7412e3 bne              x8, x23, -28         x8:10001f98 x23:10001fc8
14401168ns          258771 1c0081d8 094c7553 fsub.s           f10, f24, f20       f10=xxxxxxxx f24:3fc90fdb f20:40af5034
14401188ns          258772 1c0081dc 57c000ef jal              x1, 1404             x1=1c0081de
14401228ns          258774 1c008758 a0a527d3 feq.s            x15, f10, f10       x15=00000001 f10:c07a187a f10:c07a187a
14401248ns          258775 1c00875c 0a078b63 beq              x15, x0, 182        x15:00000001
14401267ns          258776 1c00875e e00517d3 fclass.s         x15, f10            x15=00000002 f10:c07a187a
14401287ns          258777 1c008762 0817f793 andi             x15, x15, 129       x15=00000000 x15:00000002
14401307ns          258778 1c008766 0a079663 bne              x15, x0, 172        x15:00000000
14401327ns          258779 1c008768 00000793 addi             x15, x0, 0          x15=00000000
14401347ns          258780 1c00876c a0f517d3 flt.s            x15, f10, f15       x15=00000001 f10:c07a187a f15:00000000
14401367ns          258781 1c008770 0a079663 bne              x15, x0, 172        x15:00000001
14401427ns          258784 1c00881c 1c0007b7 lui              x15, 0x1c000000     x15=1c000000
14401446ns          258785 1c008820 12c7a783 lw               x15, 300(x15)       x15=c0c90fdb x15:1c000000  PA:1c00012c
14401785ns          258802 1c008824 a0f517d3 flt.s            x15, f10, f15       x15=00000000 f10:c07a187a f15:c0c90fdb
14401804ns          258803 1c008828 00078463 beq              x15, x0, 8          x15:00000000
14401864ns          258806 1c008830 20a51553 fsgnjn.s         f10, f10, f10       f10=xxxxxxxx f10:c07a187a f10:c07a187a
14401884ns          258807 1c008834 f6bff06f jal              x0, -150           
14401944ns          258810 1c00879e 1c0007b7 lui              x15, 0x1c000000     x15=1c000000
14401964ns          258811 1c0087a2 01c7a783 lw               x15, 28(x15)        x15=3fc90fdb x15:1c000000  PA:1c00001c
14402322ns          258829 1c0087a6 a0f517d3 flt.s            x15, f10, f15       x15=00000000 f10:407a187a f15:3fc90fdb
14402342ns          258830 1c0087aa 02079563 bne              x15, x0, 42         x15:00000000
14402361ns          258831 1c0087ac 1c0007b7 lui              x15, 0x1c000000     x15=1c000000
14402381ns          258832 1c0087b0 1007a783 lw               x15, 256(x15)       x15=40490fdb x15:1c000000  PA:1c000100
14402700ns          258848 1c0087b4 a0f51753 flt.s            x14, f10, f15       x14=00000000 f10:407a187a f15:40490fdb
14402719ns          258849 1c0087b8 06071f63 bne              x14, x0, 126        x14:00000000
14402739ns          258850 1c0087ba 1c000737 lui              x14, 0x1c000000     x14=1c000000
14402759ns          258851 1c0087be 14072703 lw               x14, 320(x14)       x14=4096cbe4 x14:1c000000  PA:1c000140
14403137ns          258870 1c0087c2 a0e51753 flt.s            x14, f10, f14       x14=00000001 f10:407a187a f14:4096cbe4
14403157ns          258871 1c0087c6 0a071b63 bne              x14, x0, 182        x14:00000001
14403217ns          258874 1c00887c 08f57553 fsub.s           f10, f10, f15       f10=xxxxxxxx f10:407a187a f15:40490fdb
14403237ns          258875 1c008880 fbbff06f jal              x0, -70            
14403296ns          258878 1c00883a 10a57553 fmul.s           f10, f10, f10       f10=xxxxxxxx f10:3f44227c f10:3f44227c
14403316ns          258879 1c00883e 1c0007b7 lui              x15, 0x1c000000     x15=1c000000
14403336ns          258880 1c008842 1c000737 lui              x14, 0x1c000000     x14=1c000000
14403356ns          258881 1c008846 13472703 lw               x14, 308(x14)       x14=bab59551 x14:1c000000  PA:1c000134
14403674ns          258897 1c00884a 1307a783 lw               x15, 304(x15)       x15=37c23ab1 x15:1c000000  PA:1c000130
14403992ns          258913 1c00884e 70f577c3 fmadd.s          f15, f10, f15, f14  f15=xxxxxxxx f10:3f1644d3 f15:37c23ab1 f14:bab59551
14404012ns          258914 1c008852 1c000737 lui              x14, 0x1c000000     x14=1c000000
14404032ns          258915 1c008856 13872703 lw               x14, 312(x14)       x14=3d2aa76f x14:1c000000  PA:1c000138
14404370ns          258932 1c00885a 70f577c3 fmadd.s          f15, f10, f15, f14  f15=xxxxxxxx f10:3f1644d3 f15:bab3cd47 f14:3d2aa76f
14404390ns          258933 1c00885e 1c000737 lui              x14, 0x1c000000     x14=1c000000
14404410ns          258934 1c008862 13c72703 lw               x14, 316(x14)       x14=beffffe0 x14:1c000000  PA:1c00013c
14404808ns          258954 1c008866 70f577c3 fmadd.s          f15, f10, f15, f14  f15=xxxxxxxx f10:3f1644d3 f15:3d275b1a f14:beffffe0
14404828ns          258955 1c00886a 1c000737 lui              x14, 0x1c000000     x14=1c000000
14404848ns          258956 1c00886e 16872703 lw               x14, 360(x14)       x14=3f7fffff x14:1c000000  PA:1c000168
14405226ns          258975 1c008872 70f57543 fmadd.s          f10, f10, f15, f14  f10=xxxxxxxx f10:3f1644d3 f15:bef3b854 f14:3f7fffff
14405246ns          258976 1c008876 20a51553 fsgnjn.s         f10, f10, f10       f10=xxxxxxxx f10:3f38783b f10:3f38783b
14405265ns          258977 1c00887a 00008067 jalr             x0, x1, 0            x1:1c0081de
14405325ns          258980 1c0081de 016a7a53 fadd.s           f20, f20, f22       f20=xxxxxxxx f20:40af5034 f22:3efd2311
14405345ns          258981 1c0081e2 10acf553 fmul.s           f10, f25, f10       f10=xxxxxxxx f25:3f800000 f10:bf38783b
14405365ns          258982 1c0081e6 a14a97d3 flt.s            x15, f21, f20       x15=00000000 f21:40c90fdb f20:40bf2265
14405385ns          258983 1c0081ea 00a4222b p.sw             x10, 4(x8!)          x8=10001f9c x10:bf38783b  x8:10001f98  PA:10001f98
14405405ns          258984 1c0081ee 00078363 beq              x15, x0, 6          x15:00000000
14405464ns          258987 1c0081f4 ff7412e3 bne              x8, x23, -28         x8:10001f9c x23:10001fc8
14405524ns          258990 1c0081d8 094c7553 fsub.s           f10, f24, f20       f10=xxxxxxxx f24:3fc90fdb f20:40bf2265
14405544ns          258991 1c0081dc 57c000ef jal              x1, 1404             x1=1c0081de
14405584ns          258993 1c008758 a0a527d3 feq.s            x15, f10, f10       x15=00000001 f10:c08cde6e f10:c08cde6e
14405604ns          258994 1c00875c 0a078b63 beq              x15, x0, 182        x15:00000001
14405623ns          258995 1c00875e e00517d3 fclass.s         x15, f10            x15=00000002 f10:c08cde6e
14405643ns          258996 1c008762 0817f793 andi             x15, x15, 129       x15=00000000 x15:00000002
14405663ns          258997 1c008766 0a079663 bne              x15, x0, 172        x15:00000000
14405683ns          258998 1c008768 00000793 addi             x15, x0, 0          x15=00000000
14405703ns          258999 1c00876c a0f517d3 flt.s            x15, f10, f15       x15=00000001 f10:c08cde6e f15:00000000
14405723ns          259000 1c008770 0a079663 bne              x15, x0, 172        x15:00000001
14405783ns          259003 1c00881c 1c0007b7 lui              x15, 0x1c000000     x15=1c000000
14405802ns          259004 1c008820 12c7a783 lw               x15, 300(x15)       x15=c0c90fdb x15:1c000000  PA:1c00012c
14406121ns          259020 1c008824 a0f517d3 flt.s            x15, f10, f15       x15=00000000 f10:c08cde6e f15:c0c90fdb
14406141ns          259021 1c008828 00078463 beq              x15, x0, 8          x15:00000000
14406200ns          259024 1c008830 20a51553 fsgnjn.s         f10, f10, f10       f10=xxxxxxxx f10:c08cde6e f10:c08cde6e
14406220ns          259025 1c008834 f6bff06f jal              x0, -150           
14406280ns          259028 1c00879e 1c0007b7 lui              x15, 0x1c000000     x15=1c000000
14406300ns          259029 1c0087a2 01c7a783 lw               x15, 28(x15)        x15=3fc90fdb x15:1c000000  PA:1c00001c
14406618ns          259045 1c0087a6 a0f517d3 flt.s            x15, f10, f15       x15=00000000 f10:408cde6e f15:3fc90fdb
14406638ns          259046 1c0087aa 02079563 bne              x15, x0, 42         x15:00000000
14406658ns          259047 1c0087ac 1c0007b7 lui              x15, 0x1c000000     x15=1c000000
14406678ns          259048 1c0087b0 1007a783 lw               x15, 256(x15)       x15=40490fdb x15:1c000000  PA:1c000100
14407016ns          259065 1c0087b4 a0f51753 flt.s            x14, f10, f15       x14=00000000 f10:408cde6e f15:40490fdb
14407036ns          259066 1c0087b8 06071f63 bne              x14, x0, 126        x14:00000000
14407056ns          259067 1c0087ba 1c000737 lui              x14, 0x1c000000     x14=1c000000
14407076ns          259068 1c0087be 14072703 lw               x14, 320(x14)       x14=4096cbe4 x14:1c000000  PA:1c000140
14407414ns          259085 1c0087c2 a0e51753 flt.s            x14, f10, f14       x14=00000001 f10:408cde6e f14:4096cbe4
14407434ns          259086 1c0087c6 0a071b63 bne              x14, x0, 182        x14:00000001
14407493ns          259089 1c00887c 08f57553 fsub.s           f10, f10, f15       f10=xxxxxxxx f10:408cde6e f15:40490fdb
14407513ns          259090 1c008880 fbbff06f jal              x0, -70            
14407573ns          259093 1c00883a 10a57553 fmul.s           f10, f10, f10       f10=xxxxxxxx f10:3fa15a02 f10:3fa15a02
14407593ns          259094 1c00883e 1c0007b7 lui              x15, 0x1c000000     x15=1c000000
14407613ns          259095 1c008842 1c000737 lui              x14, 0x1c000000     x14=1c000000
14407632ns          259096 1c008846 13472703 lw               x14, 308(x14)       x14=bab59551 x14:1c000000  PA:1c000134
14407931ns          259111 1c00884a 1307a783 lw               x15, 304(x15)       x15=37c23ab1 x15:1c000000  PA:1c000130
14408249ns          259127 1c00884e 70f577c3 fmadd.s          f15, f10, f15, f14  f15=xxxxxxxx f10:3fcb64ac f15:37c23ab1 f14:bab59551
14408269ns          259128 1c008852 1c000737 lui              x14, 0x1c000000     x14=1c000000
14408289ns          259129 1c008856 13872703 lw               x14, 312(x14)       x14=3d2aa76f x14:1c000000  PA:1c000138
14408627ns          259146 1c00885a 70f577c3 fmadd.s          f15, f10, f15, f14  f15=xxxxxxxx f10:3fcb64ac f15:bab0c2ca f14:3d2aa76f
14408647ns          259147 1c00885e 1c000737 lui              x14, 0x1c000000     x14=1c000000
14408667ns          259148 1c008862 13c72703 lw               x14, 316(x14)       x14=beffffe0 x14:1c000000  PA:1c00013c
14409005ns          259165 1c008866 70f577c3 fmadd.s          f15, f10, f15, f14  f15=xxxxxxxx f10:3fcb64ac f15:3d21e06f f14:beffffe0
14409025ns          259166 1c00886a 1c000737 lui              x14, 0x1c000000     x14=1c000000
14409045ns          259167 1c00886e 16872703 lw               x14, 360(x14)       x14=3f7fffff x14:1c000000  PA:1c000168
14409363ns          259183 1c008872 70f57543 fmadd.s          f10, f10, f15, f14  f10=xxxxxxxx f10:3fcb64ac f15:bedfd8b8 f14:3f7fffff
14409383ns          259184 1c008876 20a51553 fsgnjn.s         f10, f10, f10       f10=xxxxxxxx f10:3e9c4e3c f10:3e9c4e3c
14409403ns          259185 1c00887a 00008067 jalr             x0, x1, 0            x1:1c0081de
14409462ns          259188 1c0081de 016a7a53 fadd.s           f20, f20, f22       f20=xxxxxxxx f20:40bf2265 f22:3efd2311
14409482ns          259189 1c0081e2 10acf553 fmul.s           f10, f25, f10       f10=xxxxxxxx f25:3f800000 f10:be9c4e3c
14409502ns          259190 1c0081e6 a14a97d3 flt.s            x15, f21, f20       x15=00000001 f21:40c90fdb f20:40cef496
14409522ns          259191 1c0081ea 00a4222b p.sw             x10, 4(x8!)          x8=10001fa0 x10:be9c4e3c  x8:10001f9c  PA:10001f9c
14409542ns          259192 1c0081ee 00078363 beq              x15, x0, 6          x15:00000001
14409562ns          259193 1c0081f0 095a7a53 fsub.s           f20, f20, f21       f20=xxxxxxxx f20:40cef496 f21:40c90fdb
14409582ns          259194 1c0081f4 ff7412e3 bne              x8, x23, -28         x8:10001fa0 x23:10001fc8
14409641ns          259197 1c0081d8 094c7553 fsub.s           f10, f24, f20       f10=xxxxxxxx f24:3fc90fdb f20:3e3c9760
14409661ns          259198 1c0081dc 57c000ef jal              x1, 1404             x1=1c0081de
14409701ns          259200 1c008758 a0a527d3 feq.s            x15, f10, f10       x15=00000001 f10:3fb17cef f10:3fb17cef
14409721ns          259201 1c00875c 0a078b63 beq              x15, x0, 182        x15:00000001
14409741ns          259202 1c00875e e00517d3 fclass.s         x15, f10            x15=00000040 f10:3fb17cef
14409761ns          259203 1c008762 0817f793 andi             x15, x15, 129       x15=00000000 x15:00000040
14409781ns          259204 1c008766 0a079663 bne              x15, x0, 172        x15:00000000
14409801ns          259205 1c008768 00000793 addi             x15, x0, 0          x15=00000000
14409820ns          259206 1c00876c a0f517d3 flt.s            x15, f10, f15       x15=00000000 f10:3fb17cef f15:00000000
14409840ns          259207 1c008770 0a079663 bne              x15, x0, 172        x15:00000000
14409860ns          259208 1c008772 1c000737 lui              x14, 0x1c000000     x14=1c000000
14409880ns          259209 1c008776 02072783 lw               x15, 32(x14)        x15=40c90fdb x14:1c000000  PA:1c000020
14410198ns          259225 1c00877a a0a797d3 flt.s            x15, f15, f10       x15=00000000 f15:40c90fdb f10:3fb17cef
14410218ns          259226 1c00877e 00078b63 beq              x15, x0, 22         x15:00000000
14410278ns          259229 1c008794 00000793 addi             x15, x0, 0          x15=00000000
14410298ns          259230 1c008798 a0f517d3 flt.s            x15, f10, f15       x15=00000000 f10:3fb17cef f15:00000000
14410318ns          259231 1c00879c 08079a63 bne              x15, x0, 148        x15:00000000
14410338ns          259232 1c00879e 1c0007b7 lui              x15, 0x1c000000     x15=1c000000
14410357ns          259233 1c0087a2 01c7a783 lw               x15, 28(x15)        x15=3fc90fdb x15:1c000000  PA:1c00001c
14410676ns          259249 1c0087a6 a0f517d3 flt.s            x15, f10, f15       x15=00000001 f10:3fb17cef f15:3fc90fdb
14410696ns          259250 1c0087aa 02079563 bne              x15, x0, 42         x15:00000001
14410755ns          259253 1c0087d4 10a57553 fmul.s           f10, f10, f10       f10=xxxxxxxx f10:3fb17cef f10:3fb17cef
14410775ns          259254 1c0087d8 1c0007b7 lui              x15, 0x1c000000     x15=1c000000
14410795ns          259255 1c0087dc 1c000737 lui              x14, 0x1c000000     x14=1c000000
14410815ns          259256 1c0087e0 13472703 lw               x14, 308(x14)       x14=bab59551 x14:1c000000  PA:1c000134
14411113ns          259271 1c0087e4 1307a783 lw               x15, 304(x15)       x15=37c23ab1 x15:1c000000  PA:1c000130
14411432ns          259287 1c0087e8 70f577c3 fmadd.s          f15, f10, f15, f14  f15=xxxxxxxx f10:3ff61bff f15:37c23ab1 f14:bab59551
14411451ns          259288 1c0087ec 1c000737 lui              x14, 0x1c000000     x14=1c000000
14411471ns          259289 1c0087f0 13872703 lw               x14, 312(x14)       x14=3d2aa76f x14:1c000000  PA:1c000138
14411810ns          259306 1c0087f4 70f577c3 fmadd.s          f15, f10, f15, f14  f15=xxxxxxxx f10:3ff61bff f15:baafbf84 f14:3d2aa76f
14411829ns          259307 1c0087f8 1c000737 lui              x14, 0x1c000000     x14=1c000000
14411849ns          259308 1c0087fc 13c72703 lw               x14, 316(x14)       x14=beffffe0 x14:1c000000  PA:1c00013c
14412168ns          259324 1c008800 70f577c3 fmadd.s          f15, f10, f15, f14  f15=xxxxxxxx f10:3ff61bff f15:3d20181b f14:beffffe0
14412187ns          259325 1c008804 1c000737 lui              x14, 0x1c000000     x14=1c000000
14412207ns          259326 1c008808 16872703 lw               x14, 360(x14)       x14=3f7fffff x14:1c000000  PA:1c000168
14412526ns          259342 1c00880c 70f57543 fmadd.s          f10, f10, f15, f14  f10=xxxxxxxx f10:3ff61bff f15:bed985b5 f14:3f7fffff
14412545ns          259343 1c008810 00008067 jalr             x0, x1, 0            x1:1c0081de
14412605ns          259346 1c0081de 016a7a53 fadd.s           f20, f20, f22       f20=xxxxxxxx f20:3e3c9760 f22:3efd2311
14412625ns          259347 1c0081e2 10acf553 fmul.s           f10, f25, f10       f10=xxxxxxxx f25:3f800000 f10:3e3b86e5
14412645ns          259348 1c0081e6 a14a97d3 flt.s            x15, f21, f20       x15=00000000 f21:40c90fdb f20:3f2db760
14412665ns          259349 1c0081ea 00a4222b p.sw             x10, 4(x8!)          x8=10001fa4 x10:3e3b86e5  x8:10001fa0  PA:10001fa0
14412685ns          259350 1c0081ee 00078363 beq              x15, x0, 6          x15:00000000
14412744ns          259353 1c0081f4 ff7412e3 bne              x8, x23, -28         x8:10001fa4 x23:10001fc8
14412804ns          259356 1c0081d8 094c7553 fsub.s           f10, f24, f20       f10=xxxxxxxx f24:3fc90fdb f20:3f2db760
14412824ns          259357 1c0081dc 57c000ef jal              x1, 1404             x1=1c0081de
14412864ns          259359 1c008758 a0a527d3 feq.s            x15, f10, f10       x15=00000001 f10:3f646856 f10:3f646856
14412884ns          259360 1c00875c 0a078b63 beq              x15, x0, 182        x15:00000001
14412903ns          259361 1c00875e e00517d3 fclass.s         x15, f10            x15=00000040 f10:3f646856
14412923ns          259362 1c008762 0817f793 andi             x15, x15, 129       x15=00000000 x15:00000040
14412943ns          259363 1c008766 0a079663 bne              x15, x0, 172        x15:00000000
14412963ns          259364 1c008768 00000793 addi             x15, x0, 0          x15=00000000
14412983ns          259365 1c00876c a0f517d3 flt.s            x15, f10, f15       x15=00000000 f10:3f646856 f15:00000000
14413003ns          259366 1c008770 0a079663 bne              x15, x0, 172        x15:00000000
14413023ns          259367 1c008772 1c000737 lui              x14, 0x1c000000     x14=1c000000
14413043ns          259368 1c008776 02072783 lw               x15, 32(x14)        x15=40c90fdb x14:1c000000  PA:1c000020
14413361ns          259384 1c00877a a0a797d3 flt.s            x15, f15, f10       x15=00000000 f15:40c90fdb f10:3f646856
14413381ns          259385 1c00877e 00078b63 beq              x15, x0, 22         x15:00000000
14413441ns          259388 1c008794 00000793 addi             x15, x0, 0          x15=00000000
14413460ns          259389 1c008798 a0f517d3 flt.s            x15, f10, f15       x15=00000000 f10:3f646856 f15:00000000
14413480ns          259390 1c00879c 08079a63 bne              x15, x0, 148        x15:00000000
14413500ns          259391 1c00879e 1c0007b7 lui              x15, 0x1c000000     x15=1c000000
14413520ns          259392 1c0087a2 01c7a783 lw               x15, 28(x15)        x15=3fc90fdb x15:1c000000  PA:1c00001c
14413838ns          259408 1c0087a6 a0f517d3 flt.s            x15, f10, f15       x15=00000001 f10:3f646856 f15:3fc90fdb
14413858ns          259409 1c0087aa 02079563 bne              x15, x0, 42         x15:00000001
14413918ns          259412 1c0087d4 10a57553 fmul.s           f10, f10, f10       f10=xxxxxxxx f10:3f646856 f10:3f646856
14413938ns          259413 1c0087d8 1c0007b7 lui              x15, 0x1c000000     x15=1c000000
14413958ns          259414 1c0087dc 1c000737 lui              x14, 0x1c000000     x14=1c000000
14413978ns          259415 1c0087e0 13472703 lw               x14, 308(x14)       x14=bab59551 x14:1c000000  PA:1c000134
14414296ns          259431 1c0087e4 1307a783 lw               x15, 304(x15)       x15=37c23ab1 x15:1c000000  PA:1c000130
14414614ns          259447 1c0087e8 70f577c3 fmadd.s          f15, f10, f15, f14  f15=xxxxxxxx f10:3f4bca04 f15:37c23ab1 f14:bab59551
14414634ns          259448 1c0087ec 1c000737 lui              x14, 0x1c000000     x14=1c000000
14414654ns          259449 1c0087f0 13872703 lw               x14, 312(x14)       x14=3d2aa76f x14:1c000000  PA:1c000138
14414992ns          259466 1c0087f4 70f577c3 fmadd.s          f15, f10, f15, f14  f15=xxxxxxxx f10:3f4bca04 f15:bab32ada f14:3d2aa76f
14415012ns          259467 1c0087f8 1c000737 lui              x14, 0x1c000000     x14=1c000000
14415032ns          259468 1c0087fc 13c72703 lw               x14, 316(x14)       x14=beffffe0 x14:1c000000  PA:1c00013c
14415350ns          259484 1c008800 70f577c3 fmadd.s          f15, f10, f15, f14  f15=xxxxxxxx f10:3f4bca04 f15:3d26326c f14:beffffe0
14415370ns          259485 1c008804 1c000737 lui              x14, 0x1c000000     x14=1c000000
14415390ns          259486 1c008808 16872703 lw               x14, 360(x14)       x14=3f7fffff x14:1c000000  PA:1c000168
14415748ns          259504 1c00880c 70f57543 fmadd.s          f10, f10, f15, f14  f10=xxxxxxxx f10:3f4bca04 f15:beef763c f14:3f7fffff
14415768ns          259505 1c008810 00008067 jalr             x0, x1, 0            x1:1c0081de
14415827ns          259508 1c0081de 016a7a53 fadd.s           f20, f20, f22       f20=xxxxxxxx f20:3f2db760 f22:3efd2311
14415847ns          259509 1c0081e2 10acf553 fmul.s           f10, f25, f10       f10=xxxxxxxx f25:3f800000 f10:3f20b023
14415867ns          259510 1c0081e6 a14a97d3 flt.s            x15, f21, f20       x15=00000000 f21:40c90fdb f20:3f962474
14415887ns          259511 1c0081ea 00a4222b p.sw             x10, 4(x8!)          x8=10001fa8 x10:3f20b023  x8:10001fa4  PA:10001fa4
14415907ns          259512 1c0081ee 00078363 beq              x15, x0, 6          x15:00000000
14415967ns          259515 1c0081f4 ff7412e3 bne              x8, x23, -28         x8:10001fa8 x23:10001fc8
14416026ns          259518 1c0081d8 094c7553 fsub.s           f10, f24, f20       f10=xxxxxxxx f24:3fc90fdb f20:3f962474
14416046ns          259519 1c0081dc 57c000ef jal              x1, 1404             x1=1c0081de
14416086ns          259521 1c008758 a0a527d3 feq.s            x15, f10, f10       x15=00000001 f10:3ecbad9c f10:3ecbad9c
14416106ns          259522 1c00875c 0a078b63 beq              x15, x0, 182        x15:00000001
14416126ns          259523 1c00875e e00517d3 fclass.s         x15, f10            x15=00000040 f10:3ecbad9c
14416146ns          259524 1c008762 0817f793 andi             x15, x15, 129       x15=00000000 x15:00000040
14416166ns          259525 1c008766 0a079663 bne              x15, x0, 172        x15:00000000
14416185ns          259526 1c008768 00000793 addi             x15, x0, 0          x15=00000000
14416205ns          259527 1c00876c a0f517d3 flt.s            x15, f10, f15       x15=00000000 f10:3ecbad9c f15:00000000
14416225ns          259528 1c008770 0a079663 bne              x15, x0, 172        x15:00000000
14416245ns          259529 1c008772 1c000737 lui              x14, 0x1c000000     x14=1c000000
14416265ns          259530 1c008776 02072783 lw               x15, 32(x14)        x15=40c90fdb x14:1c000000  PA:1c000020
14416603ns          259547 1c00877a a0a797d3 flt.s            x15, f15, f10       x15=00000000 f15:40c90fdb f10:3ecbad9c
14416623ns          259548 1c00877e 00078b63 beq              x15, x0, 22         x15:00000000
14416683ns          259551 1c008794 00000793 addi             x15, x0, 0          x15=00000000
14416703ns          259552 1c008798 a0f517d3 flt.s            x15, f10, f15       x15=00000000 f10:3ecbad9c f15:00000000
14416723ns          259553 1c00879c 08079a63 bne              x15, x0, 148        x15:00000000
14416742ns          259554 1c00879e 1c0007b7 lui              x15, 0x1c000000     x15=1c000000
14416762ns          259555 1c0087a2 01c7a783 lw               x15, 28(x15)        x15=3fc90fdb x15:1c000000  PA:1c00001c
14417081ns          259571 1c0087a6 a0f517d3 flt.s            x15, f10, f15       x15=00000001 f10:3ecbad9c f15:3fc90fdb
14417100ns          259572 1c0087aa 02079563 bne              x15, x0, 42         x15:00000001
14417160ns          259575 1c0087d4 10a57553 fmul.s           f10, f10, f10       f10=xxxxxxxx f10:3ecbad9c f10:3ecbad9c
14417180ns          259576 1c0087d8 1c0007b7 lui              x15, 0x1c000000     x15=1c000000
14417200ns          259577 1c0087dc 1c000737 lui              x14, 0x1c000000     x14=1c000000
14417220ns          259578 1c0087e0 13472703 lw               x14, 308(x14)       x14=bab59551 x14:1c000000  PA:1c000134
14417518ns          259593 1c0087e4 1307a783 lw               x15, 304(x15)       x15=37c23ab1 x15:1c000000  PA:1c000130
14417836ns          259609 1c0087e8 70f577c3 fmadd.s          f15, f10, f15, f14  f15=xxxxxxxx f10:3e220ccb f15:37c23ab1 f14:bab59551
14417856ns          259610 1c0087ec 1c000737 lui              x14, 0x1c000000     x14=1c000000
14417876ns          259611 1c0087f0 13872703 lw               x14, 312(x14)       x14=3d2aa76f x14:1c000000  PA:1c000138
14418214ns          259628 1c0087f4 70f577c3 fmadd.s          f15, f10, f15, f14  f15=xxxxxxxx f10:3e220ccb f15:bab51a5e f14:3d2aa76f
14418234ns          259629 1c0087f8 1c000737 lui              x14, 0x1c000000     x14=1c000000
14418254ns          259630 1c0087fc 13c72703 lw               x14, 316(x14)       x14=beffffe0 x14:1c000000  PA:1c00013c
14418572ns          259646 1c008800 70f577c3 fmadd.s          f15, f10, f15, f14  f15=xxxxxxxx f10:3e220ccb f15:3d29c228 f14:beffffe0
14418592ns          259647 1c008804 1c000737 lui              x14, 0x1c000000     x14=1c000000
14418612ns          259648 1c008808 16872703 lw               x14, 360(x14)       x14=3f7fffff x14:1c000000  PA:1c000168
14418930ns          259664 1c00880c 70f57543 fmadd.s          f10, f10, f15, f14  f10=xxxxxxxx f10:3e220ccb f15:befca435 f14:3f7fffff
14418950ns          259665 1c008810 00008067 jalr             x0, x1, 0            x1:1c0081de
14419010ns          259668 1c0081de 016a7a53 fadd.s           f20, f20, f22       f20=xxxxxxxx f20:3f962474 f22:3efd2311
14419030ns          259669 1c0081e2 10acf553 fmul.s           f10, f25, f10       f10=xxxxxxxx f25:3f800000 f10:3f6c026e
14419050ns          259670 1c0081e6 a14a97d3 flt.s            x15, f21, f20       x15=00000000 f21:40c90fdb f20:3fd56d38
14419070ns          259671 1c0081ea 00a4222b p.sw             x10, 4(x8!)          x8=10001fac x10:3f6c026e  x8:10001fa8  PA:10001fa8
14419090ns          259672 1c0081ee 00078363 beq              x15, x0, 6          x15:00000000
14419149ns          259675 1c0081f4 ff7412e3 bne              x8, x23, -28         x8:10001fac x23:10001fc8
14419209ns          259678 1c0081d8 094c7553 fsub.s           f10, f24, f20       f10=xxxxxxxx f24:3fc90fdb f20:3fd56d38
14419229ns          259679 1c0081dc 57c000ef jal              x1, 1404             x1=1c0081de
14419269ns          259681 1c008758 a0a527d3 feq.s            x15, f10, f10       x15=00000001 f10:bdc5d5d0 f10:bdc5d5d0
14419288ns          259682 1c00875c 0a078b63 beq              x15, x0, 182        x15:00000001
14419308ns          259683 1c00875e e00517d3 fclass.s         x15, f10            x15=00000002 f10:bdc5d5d0
14419328ns          259684 1c008762 0817f793 andi             x15, x15, 129       x15=00000000 x15:00000002
14419348ns          259685 1c008766 0a079663 bne              x15, x0, 172        x15:00000000
14419368ns          259686 1c008768 00000793 addi             x15, x0, 0          x15=00000000
14419388ns          259687 1c00876c a0f517d3 flt.s            x15, f10, f15       x15=00000001 f10:bdc5d5d0 f15:00000000
14419408ns          259688 1c008770 0a079663 bne              x15, x0, 172        x15:00000001
14419467ns          259691 1c00881c 1c0007b7 lui              x15, 0x1c000000     x15=1c000000
14419487ns          259692 1c008820 12c7a783 lw               x15, 300(x15)       x15=c0c90fdb x15:1c000000  PA:1c00012c
14419806ns          259708 1c008824 a0f517d3 flt.s            x15, f10, f15       x15=00000000 f10:bdc5d5d0 f15:c0c90fdb
14419825ns          259709 1c008828 00078463 beq              x15, x0, 8          x15:00000000
14419885ns          259712 1c008830 20a51553 fsgnjn.s         f10, f10, f10       f10=xxxxxxxx f10:bdc5d5d0 f10:bdc5d5d0
14419905ns          259713 1c008834 f6bff06f jal              x0, -150           
14419965ns          259716 1c00879e 1c0007b7 lui              x15, 0x1c000000     x15=1c000000
14419985ns          259717 1c0087a2 01c7a783 lw               x15, 28(x15)        x15=3fc90fdb x15:1c000000  PA:1c00001c
14420303ns          259733 1c0087a6 a0f517d3 flt.s            x15, f10, f15       x15=00000001 f10:3dc5d5d0 f15:3fc90fdb
14420323ns          259734 1c0087aa 02079563 bne              x15, x0, 42         x15:00000001
14420382ns          259737 1c0087d4 10a57553 fmul.s           f10, f10, f10       f10=xxxxxxxx f10:3dc5d5d0 f10:3dc5d5d0
14420402ns          259738 1c0087d8 1c0007b7 lui              x15, 0x1c000000     x15=1c000000
14420422ns          259739 1c0087dc 1c000737 lui              x14, 0x1c000000     x14=1c000000
14420442ns          259740 1c0087e0 13472703 lw               x14, 308(x14)       x14=bab59551 x14:1c000000  PA:1c000134
14420740ns          259755 1c0087e4 1307a783 lw               x15, 304(x15)       x15=37c23ab1 x15:1c000000  PA:1c000130
14421079ns          259772 1c0087e8 70f577c3 fmadd.s          f15, f10, f15, f14  f15=xxxxxxxx f10:3c18e2c5 f15:37c23ab1 f14:bab59551
14421098ns          259773 1c0087ec 1c000737 lui              x14, 0x1c000000     x14=1c000000
14421118ns          259774 1c0087f0 13872703 lw               x14, 312(x14)       x14=3d2aa76f x14:1c000000  PA:1c000138
14421437ns          259790 1c0087f4 70f577c3 fmadd.s          f15, f10, f15, f14  f15=xxxxxxxx f10:3c18e2c5 f15:bab58e11 f14:3d2aa76f
14421457ns          259791 1c0087f8 1c000737 lui              x14, 0x1c000000     x14=1c000000
14421476ns          259792 1c0087fc 13c72703 lw               x14, 316(x14)       x14=beffffe0 x14:1c000000  PA:1c00013c
14421795ns          259808 1c008800 70f577c3 fmadd.s          f15, f10, f15, f14  f15=xxxxxxxx f10:3c18e2c5 f15:3d2a99e1 f14:beffffe0
14421815ns          259809 1c008804 1c000737 lui              x14, 0x1c000000     x14=1c000000
14421834ns          259810 1c008808 16872703 lw               x14, 360(x14)       x14=3f7fffff x14:1c000000  PA:1c000168
14422153ns          259826 1c00880c 70f57543 fmadd.s          f10, f10, f15, f14  f10=xxxxxxxx f10:3c18e2c5 f15:beffccef f14:3f7fffff
14422173ns          259827 1c008810 00008067 jalr             x0, x1, 0            x1:1c0081de
14422232ns          259830 1c0081de 016a7a53 fadd.s           f20, f20, f22       f20=xxxxxxxx f20:3fd56d38 f22:3efd2311
14422252ns          259831 1c0081e2 10acf553 fmul.s           f10, f25, f10       f10=xxxxxxxx f25:3f800000 f10:3f7ece76
14422272ns          259832 1c0081e6 a14a97d3 flt.s            x15, f21, f20       x15=00000000 f21:40c90fdb f20:400a5afe
14422292ns          259833 1c0081ea 00a4222b p.sw             x10, 4(x8!)          x8=10001fb0 x10:3f7ece76  x8:10001fac  PA:10001fac
14422312ns          259834 1c0081ee 00078363 beq              x15, x0, 6          x15:00000000
14422371ns          259837 1c0081f4 ff7412e3 bne              x8, x23, -28         x8:10001fb0 x23:10001fc8
14422431ns          259840 1c0081d8 094c7553 fsub.s           f10, f24, f20       f10=xxxxxxxx f24:3fc90fdb f20:400a5afe
14422451ns          259841 1c0081dc 57c000ef jal              x1, 1404             x1=1c0081de
14422491ns          259843 1c008758 a0a527d3 feq.s            x15, f10, f10       x15=00000001 f10:bf174c42 f10:bf174c42
14422511ns          259844 1c00875c 0a078b63 beq              x15, x0, 182        x15:00000001
14422531ns          259845 1c00875e e00517d3 fclass.s         x15, f10            x15=00000002 f10:bf174c42
14422551ns          259846 1c008762 0817f793 andi             x15, x15, 129       x15=00000000 x15:00000002
14422570ns          259847 1c008766 0a079663 bne              x15, x0, 172        x15:00000000
14422590ns          259848 1c008768 00000793 addi             x15, x0, 0          x15=00000000
14422610ns          259849 1c00876c a0f517d3 flt.s            x15, f10, f15       x15=00000001 f10:bf174c42 f15:00000000
14422630ns          259850 1c008770 0a079663 bne              x15, x0, 172        x15:00000001
14422690ns          259853 1c00881c 1c0007b7 lui              x15, 0x1c000000     x15=1c000000
14422710ns          259854 1c008820 12c7a783 lw               x15, 300(x15)       x15=c0c90fdb x15:1c000000  PA:1c00012c
14423028ns          259870 1c008824 a0f517d3 flt.s            x15, f10, f15       x15=00000000 f10:bf174c42 f15:c0c90fdb
14423048ns          259871 1c008828 00078463 beq              x15, x0, 8          x15:00000000
14423107ns          259874 1c008830 20a51553 fsgnjn.s         f10, f10, f10       f10=xxxxxxxx f10:bf174c42 f10:bf174c42
14423127ns          259875 1c008834 f6bff06f jal              x0, -150           
14423187ns          259878 1c00879e 1c0007b7 lui              x15, 0x1c000000     x15=1c000000
14423207ns          259879 1c0087a2 01c7a783 lw               x15, 28(x15)        x15=3fc90fdb x15:1c000000  PA:1c00001c
14423525ns          259895 1c0087a6 a0f517d3 flt.s            x15, f10, f15       x15=00000001 f10:3f174c42 f15:3fc90fdb
14423545ns          259896 1c0087aa 02079563 bne              x15, x0, 42         x15:00000001
14423605ns          259899 1c0087d4 10a57553 fmul.s           f10, f10, f10       f10=xxxxxxxx f10:3f174c42 f10:3f174c42
14423625ns          259900 1c0087d8 1c0007b7 lui              x15, 0x1c000000     x15=1c000000
14423645ns          259901 1c0087dc 1c000737 lui              x14, 0x1c000000     x14=1c000000
14423664ns          259902 1c0087e0 13472703 lw               x14, 308(x14)       x14=bab59551 x14:1c000000  PA:1c000134
14423963ns          259917 1c0087e4 1307a783 lw               x15, 304(x15)       x15=37c23ab1 x15:1c000000  PA:1c000130
14424281ns          259933 1c0087e8 70f577c3 fmadd.s          f15, f10, f15, f14  f15=xxxxxxxx f10:3eb2d619 f15:37c23ab1 f14:bab59551
14424301ns          259934 1c0087ec 1c000737 lui              x14, 0x1c000000     x14=1c000000
14424321ns          259935 1c0087f0 13872703 lw               x14, 312(x14)       x14=3d2aa76f x14:1c000000  PA:1c000138
14424659ns          259952 1c0087f4 70f577c3 fmadd.s          f15, f10, f15, f14  f15=xxxxxxxx f10:3eb2d619 f15:bab485f3 f14:3d2aa76f
14424679ns          259953 1c0087f8 1c000737 lui              x14, 0x1c000000     x14=1c000000
14424699ns          259954 1c0087fc 13c72703 lw               x14, 316(x14)       x14=beffffe0 x14:1c000000  PA:1c00013c
14425057ns          259972 1c008800 70f577c3 fmadd.s          f15, f10, f15, f14  f15=xxxxxxxx f10:3eb2d619 f15:3d28aeff f14:beffffe0
14425077ns          259973 1c008804 1c000737 lui              x14, 0x1c000000     x14=1c000000
14425097ns          259974 1c008808 16872703 lw               x14, 360(x14)       x14=3f7fffff x14:1c000000  PA:1c000168
14425415ns          259990 1c00880c 70f57543 fmadd.s          f10, f10, f15, f14  f10=xxxxxxxx f10:3eb2d619 f15:bef8a274 f14:3f7fffff
14425435ns          259991 1c008810 00008067 jalr             x0, x1, 0            x1:1c0081de
14425494ns          259994 1c0081de 016a7a53 fadd.s           f20, f20, f22       f20=xxxxxxxx f20:400a5afe f22:3efd2311
14425514ns          259995 1c0081e2 10acf553 fmul.s           f10, f25, f10       f10=xxxxxxxx f25:3f800000 f10:3f5493c6
14425534ns          259996 1c0081e6 a14a97d3 flt.s            x15, f21, f20       x15=00000000 f21:40c90fdb f20:4029ff60
14425554ns          259997 1c0081ea 00a4222b p.sw             x10, 4(x8!)          x8=10001fb4 x10:3f5493c6  x8:10001fb0  PA:10001fb0
14425574ns          259998 1c0081ee 00078363 beq              x15, x0, 6          x15:00000000
14425634ns          260001 1c0081f4 ff7412e3 bne              x8, x23, -28         x8:10001fb4 x23:10001fc8
14425693ns          260004 1c0081d8 094c7553 fsub.s           f10, f24, f20       f10=xxxxxxxx f24:3fc90fdb f20:4029ff60
14425713ns          260005 1c0081dc 57c000ef jal              x1, 1404             x1=1c0081de
14425753ns          260007 1c008758 a0a527d3 feq.s            x15, f10, f10       x15=00000001 f10:bf8aeee5 f10:bf8aeee5
14425773ns          260008 1c00875c 0a078b63 beq              x15, x0, 182        x15:00000001
14425793ns          260009 1c00875e e00517d3 fclass.s         x15, f10            x15=00000002 f10:bf8aeee5
14425813ns          260010 1c008762 0817f793 andi             x15, x15, 129       x15=00000000 x15:00000002
14425832ns          260011 1c008766 0a079663 bne              x15, x0, 172        x15:00000000
14425852ns          260012 1c008768 00000793 addi             x15, x0, 0          x15=00000000
14425872ns          260013 1c00876c a0f517d3 flt.s            x15, f10, f15       x15=00000001 f10:bf8aeee5 f15:00000000
14425892ns          260014 1c008770 0a079663 bne              x15, x0, 172        x15:00000001
14425952ns          260017 1c00881c 1c0007b7 lui              x15, 0x1c000000     x15=1c000000
14425972ns          260018 1c008820 12c7a783 lw               x15, 300(x15)       x15=c0c90fdb x15:1c000000  PA:1c00012c
14426310ns          260035 1c008824 a0f517d3 flt.s            x15, f10, f15       x15=00000000 f10:bf8aeee5 f15:c0c90fdb
14426330ns          260036 1c008828 00078463 beq              x15, x0, 8          x15:00000000
14426389ns          260039 1c008830 20a51553 fsgnjn.s         f10, f10, f10       f10=xxxxxxxx f10:bf8aeee5 f10:bf8aeee5
14426409ns          260040 1c008834 f6bff06f jal              x0, -150           
14426469ns          260043 1c00879e 1c0007b7 lui              x15, 0x1c000000     x15=1c000000
14426489ns          260044 1c0087a2 01c7a783 lw               x15, 28(x15)        x15=3fc90fdb x15:1c000000  PA:1c00001c
14426827ns          260061 1c0087a6 a0f517d3 flt.s            x15, f10, f15       x15=00000001 f10:3f8aeee5 f15:3fc90fdb
14426847ns          260062 1c0087aa 02079563 bne              x15, x0, 42         x15:00000001
14426907ns          260065 1c0087d4 10a57553 fmul.s           f10, f10, f10       f10=xxxxxxxx f10:3f8aeee5 f10:3f8aeee5
14426926ns          260066 1c0087d8 1c0007b7 lui              x15, 0x1c000000     x15=1c000000
14426946ns          260067 1c0087dc 1c000737 lui              x14, 0x1c000000     x14=1c000000
14426966ns          260068 1c0087e0 13472703 lw               x14, 308(x14)       x14=bab59551 x14:1c000000  PA:1c000134
14427265ns          260083 1c0087e4 1307a783 lw               x15, 304(x15)       x15=37c23ab1 x15:1c000000  PA:1c000130
14427623ns          260101 1c0087e8 70f577c3 fmadd.s          f15, f10, f15, f14  f15=xxxxxxxx f10:3f96ccdc f15:37c23ab1 f14:bab59551
14427643ns          260102 1c0087ec 1c000737 lui              x14, 0x1c000000     x14=1c000000
14427662ns          260103 1c0087f0 13872703 lw               x14, 312(x14)       x14=3d2aa76f x14:1c000000  PA:1c000138
14427981ns          260119 1c0087f4 70f577c3 fmadd.s          f15, f10, f15, f14  f15=xxxxxxxx f10:3f96ccdc f15:bab20202 f14:3d2aa76f
14428001ns          260120 1c0087f8 1c000737 lui              x14, 0x1c000000     x14=1c000000
14428020ns          260121 1c0087fc 13c72703 lw               x14, 316(x14)       x14=beffffe0 x14:1c000000  PA:1c00013c
14428339ns          260137 1c008800 70f577c3 fmadd.s          f15, f10, f15, f14  f15=xxxxxxxx f10:3f96ccdc f15:3d2419b5 f14:beffffe0
14428359ns          260138 1c008804 1c000737 lui              x14, 0x1c000000     x14=1c000000
14428378ns          260139 1c008808 16872703 lw               x14, 360(x14)       x14=3f7fffff x14:1c000000  PA:1c000168
14428717ns          260156 1c00880c 70f57543 fmadd.s          f10, f10, f15, f14  f10=xxxxxxxx f10:3f96ccdc f15:bee7d548 f14:3f7fffff
14428737ns          260157 1c008810 00008067 jalr             x0, x1, 0            x1:1c0081de
14428796ns          260160 1c0081de 016a7a53 fadd.s           f20, f20, f22       f20=xxxxxxxx f20:4029ff60 f22:3efd2311
14428816ns          260161 1c0081e2 10acf553 fmul.s           f10, f25, f10       f10=xxxxxxxx f25:3f800000 f10:3eeedf03
14428836ns          260162 1c0081e6 a14a97d3 flt.s            x15, f21, f20       x15=00000000 f21:40c90fdb f20:4049a3c2
14428856ns          260163 1c0081ea 00a4222b p.sw             x10, 4(x8!)          x8=10001fb8 x10:3eeedf03  x8:10001fb4  PA:10001fb4
14428876ns          260164 1c0081ee 00078363 beq              x15, x0, 6          x15:00000000
14428935ns          260167 1c0081f4 ff7412e3 bne              x8, x23, -28         x8:10001fb8 x23:10001fc8
14428995ns          260170 1c0081d8 094c7553 fsub.s           f10, f24, f20       f10=xxxxxxxx f24:3fc90fdb f20:4049a3c2
14429015ns          260171 1c0081dc 57c000ef jal              x1, 1404             x1=1c0081de
14429055ns          260173 1c008758 a0a527d3 feq.s            x15, f10, f10       x15=00000001 f10:bfca37a9 f10:bfca37a9
14429075ns          260174 1c00875c 0a078b63 beq              x15, x0, 182        x15:00000001
14429095ns          260175 1c00875e e00517d3 fclass.s         x15, f10            x15=00000002 f10:bfca37a9
14429114ns          260176 1c008762 0817f793 andi             x15, x15, 129       x15=00000000 x15:00000002
14429134ns          260177 1c008766 0a079663 bne              x15, x0, 172        x15:00000000
14429154ns          260178 1c008768 00000793 addi             x15, x0, 0          x15=00000000
14429174ns          260179 1c00876c a0f517d3 flt.s            x15, f10, f15       x15=00000001 f10:bfca37a9 f15:00000000
14429194ns          260180 1c008770 0a079663 bne              x15, x0, 172        x15:00000001
14429254ns          260183 1c00881c 1c0007b7 lui              x15, 0x1c000000     x15=1c000000
14429274ns          260184 1c008820 12c7a783 lw               x15, 300(x15)       x15=c0c90fdb x15:1c000000  PA:1c00012c
14429592ns          260200 1c008824 a0f517d3 flt.s            x15, f10, f15       x15=00000000 f10:bfca37a9 f15:c0c90fdb
14429612ns          260201 1c008828 00078463 beq              x15, x0, 8          x15:00000000
14429671ns          260204 1c008830 20a51553 fsgnjn.s         f10, f10, f10       f10=xxxxxxxx f10:bfca37a9 f10:bfca37a9
14429691ns          260205 1c008834 f6bff06f jal              x0, -150           
14429751ns          260208 1c00879e 1c0007b7 lui              x15, 0x1c000000     x15=1c000000
14429771ns          260209 1c0087a2 01c7a783 lw               x15, 28(x15)        x15=3fc90fdb x15:1c000000  PA:1c00001c
14430089ns          260225 1c0087a6 a0f517d3 flt.s            x15, f10, f15       x15=00000000 f10:3fca37a9 f15:3fc90fdb
14430109ns          260226 1c0087aa 02079563 bne              x15, x0, 42         x15:00000000
14430129ns          260227 1c0087ac 1c0007b7 lui              x15, 0x1c000000     x15=1c000000
14430149ns          260228 1c0087b0 1007a783 lw               x15, 256(x15)       x15=40490fdb x15:1c000000  PA:1c000100
14430507ns          260246 1c0087b4 a0f51753 flt.s            x14, f10, f15       x14=00000001 f10:3fca37a9 f15:40490fdb
14430527ns          260247 1c0087b8 06071f63 bne              x14, x0, 126        x14:00000001
14430606ns          260251 1c008836 08a7f553 fsub.s           f10, f15, f10       f10=xxxxxxxx f15:40490fdb f10:3fca37a9
14430626ns          260252 1c00883a 10a57553 fmul.s           f10, f10, f10       f10=xxxxxxxx f10:3fc7e80d f10:3fc7e80d
14430646ns          260253 1c00883e 1c0007b7 lui              x15, 0x1c000000     x15=1c000000
14430666ns          260254 1c008842 1c000737 lui              x14, 0x1c000000     x14=1c000000
14430686ns          260255 1c008846 13472703 lw               x14, 308(x14)       x14=bab59551 x14:1c000000  PA:1c000134
14430984ns          260270 1c00884a 1307a783 lw               x15, 304(x15)       x15=37c23ab1 x15:1c000000  PA:1c000130
14431302ns          260286 1c00884e 70f577c3 fmadd.s          f15, f10, f15, f14  f15=xxxxxxxx f10:401c1a97 f15:37c23ab1 f14:bab59551
14431322ns          260287 1c008852 1c000737 lui              x14, 0x1c000000     x14=1c000000
14431342ns          260288 1c008856 13872703 lw               x14, 312(x14)       x14=3d2aa76f x14:1c000000  PA:1c000138
14431700ns          260306 1c00885a 70f577c3 fmadd.s          f15, f10, f15, f14  f15=xxxxxxxx f10:401c1a97 f15:baae2e52 f14:3d2aa76f
14431720ns          260307 1c00885e 1c000737 lui              x14, 0x1c000000     x14=1c000000
14431740ns          260308 1c008862 13c72703 lw               x14, 316(x14)       x14=beffffe0 x14:1c000000  PA:1c00013c
14432118ns          260327 1c008866 70f577c3 fmadd.s          f15, f10, f15, f14  f15=xxxxxxxx f10:401c1a97 f15:3d1d60a5 f14:beffffe0
14432138ns          260328 1c00886a 1c000737 lui              x14, 0x1c000000     x14=1c000000
14432158ns          260329 1c00886e 16872703 lw               x14, 360(x14)       x14=3f7fffff x14:1c000000  PA:1c000168
14432476ns          260345 1c008872 70f57543 fmadd.s          f10, f10, f15, f14  f10=xxxxxxxx f10:401c1a97 f15:bed00441 f14:3f7fffff
14432496ns          260346 1c008876 20a51553 fsgnjn.s         f10, f10, f10       f10=xxxxxxxx f10:3c13e661 f10:3c13e661
14432516ns          260347 1c00887a 00008067 jalr             x0, x1, 0            x1:1c0081de
14432575ns          260350 1c0081de 016a7a53 fadd.s           f20, f20, f22       f20=xxxxxxxx f20:4049a3c2 f22:3efd2311
14432595ns          260351 1c0081e2 10acf553 fmul.s           f10, f25, f10       f10=xxxxxxxx f25:3f800000 f10:bc13e661
14432615ns          260352 1c0081e6 a14a97d3 flt.s            x15, f21, f20       x15=00000000 f21:40c90fdb f20:40694824
14432635ns          260353 1c0081ea 00a4222b p.sw             x10, 4(x8!)          x8=10001fbc x10:bc13e661  x8:10001fb8  PA:10001fb8
14432655ns          260354 1c0081ee 00078363 beq              x15, x0, 6          x15:00000000
14432715ns          260357 1c0081f4 ff7412e3 bne              x8, x23, -28         x8:10001fbc x23:10001fc8
14432774ns          260360 1c0081d8 094c7553 fsub.s           f10, f24, f20       f10=xxxxxxxx f24:3fc90fdb f20:40694824
14432794ns          260361 1c0081dc 57c000ef jal              x1, 1404             x1=1c0081de
14432834ns          260363 1c008758 a0a527d3 feq.s            x15, f10, f10       x15=00000001 f10:c004c036 f10:c004c036
14432854ns          260364 1c00875c 0a078b63 beq              x15, x0, 182        x15:00000001
14432874ns          260365 1c00875e e00517d3 fclass.s         x15, f10            x15=00000002 f10:c004c036
14432894ns          260366 1c008762 0817f793 andi             x15, x15, 129       x15=00000000 x15:00000002
14432914ns          260367 1c008766 0a079663 bne              x15, x0, 172        x15:00000000
14432933ns          260368 1c008768 00000793 addi             x15, x0, 0          x15=00000000
14432953ns          260369 1c00876c a0f517d3 flt.s            x15, f10, f15       x15=00000001 f10:c004c036 f15:00000000
14432973ns          260370 1c008770 0a079663 bne              x15, x0, 172        x15:00000001
14433033ns          260373 1c00881c 1c0007b7 lui              x15, 0x1c000000     x15=1c000000
14433053ns          260374 1c008820 12c7a783 lw               x15, 300(x15)       x15=c0c90fdb x15:1c000000  PA:1c00012c
14433391ns          260391 1c008824 a0f517d3 flt.s            x15, f10, f15       x15=00000000 f10:c004c036 f15:c0c90fdb
14433411ns          260392 1c008828 00078463 beq              x15, x0, 8          x15:00000000
14433471ns          260395 1c008830 20a51553 fsgnjn.s         f10, f10, f10       f10=xxxxxxxx f10:c004c036 f10:c004c036
14433490ns          260396 1c008834 f6bff06f jal              x0, -150           
14433550ns          260399 1c00879e 1c0007b7 lui              x15, 0x1c000000     x15=1c000000
14433570ns          260400 1c0087a2 01c7a783 lw               x15, 28(x15)        x15=3fc90fdb x15:1c000000  PA:1c00001c
14433888ns          260416 1c0087a6 a0f517d3 flt.s            x15, f10, f15       x15=00000000 f10:4004c036 f15:3fc90fdb
14433908ns          260417 1c0087aa 02079563 bne              x15, x0, 42         x15:00000000
14433928ns          260418 1c0087ac 1c0007b7 lui              x15, 0x1c000000     x15=1c000000
14433948ns          260419 1c0087b0 1007a783 lw               x15, 256(x15)       x15=40490fdb x15:1c000000  PA:1c000100
14434306ns          260437 1c0087b4 a0f51753 flt.s            x14, f10, f15       x14=00000001 f10:4004c036 f15:40490fdb
14434326ns          260438 1c0087b8 06071f63 bne              x14, x0, 126        x14:00000001
14434405ns          260442 1c008836 08a7f553 fsub.s           f10, f15, f10       f10=xxxxxxxx f15:40490fdb f10:4004c036
14434425ns          260443 1c00883a 10a57553 fmul.s           f10, f10, f10       f10=xxxxxxxx f10:3f889f4a f10:3f889f4a
14434445ns          260444 1c00883e 1c0007b7 lui              x15, 0x1c000000     x15=1c000000
14434465ns          260445 1c008842 1c000737 lui              x14, 0x1c000000     x14=1c000000
14434485ns          260446 1c008846 13472703 lw               x14, 308(x14)       x14=bab59551 x14:1c000000  PA:1c000134
14434783ns          260461 1c00884a 1307a783 lw               x15, 304(x15)       x15=37c23ab1 x15:1c000000  PA:1c000130
14435102ns          260477 1c00884e 70f577c3 fmadd.s          f15, f10, f15, f14  f15=xxxxxxxx f10:3f91d343 f15:37c23ab1 f14:bab59551
14435121ns          260478 1c008852 1c000737 lui              x14, 0x1c000000     x14=1c000000
14435141ns          260479 1c008856 13872703 lw               x14, 312(x14)       x14=3d2aa76f x14:1c000000  PA:1c000138
14435460ns          260495 1c00885a 70f577c3 fmadd.s          f15, f10, f15, f14  f15=xxxxxxxx f10:3f91d343 f15:bab22035 f14:3d2aa76f
14435479ns          260496 1c00885e 1c000737 lui              x14, 0x1c000000     x14=1c000000
14435499ns          260497 1c008862 13c72703 lw               x14, 316(x14)       x14=beffffe0 x14:1c000000  PA:1c00013c
14435838ns          260514 1c008866 70f577c3 fmadd.s          f15, f10, f15, f14  f15=xxxxxxxx f10:3f91d343 f15:3d244ffb f14:beffffe0
14435857ns          260515 1c00886a 1c000737 lui              x14, 0x1c000000     x14=1c000000
14435877ns          260516 1c00886e 16872703 lw               x14, 360(x14)       x14=3f7fffff x14:1c000000  PA:1c000168
14436196ns          260532 1c008872 70f57543 fmadd.s          f10, f10, f15, f14  f10=xxxxxxxx f10:3f91d343 f15:bee899a6 f14:3f7fffff
14436215ns          260533 1c008876 20a51553 fsgnjn.s         f10, f10, f10       f10=xxxxxxxx f10:3ef70209 f10:3ef70209
14436235ns          260534 1c00887a 00008067 jalr             x0, x1, 0            x1:1c0081de
14436295ns          260537 1c0081de 016a7a53 fadd.s           f20, f20, f22       f20=xxxxxxxx f20:40694824 f22:3efd2311
14436315ns          260538 1c0081e2 10acf553 fmul.s           f10, f25, f10       f10=xxxxxxxx f25:3f800000 f10:bef70209
14436335ns          260539 1c0081e6 a14a97d3 flt.s            x15, f21, f20       x15=00000000 f21:40c90fdb f20:40847643
14436355ns          260540 1c0081ea 00a4222b p.sw             x10, 4(x8!)          x8=10001fc0 x10:bef70209  x8:10001fbc  PA:10001fbc
14436375ns          260541 1c0081ee 00078363 beq              x15, x0, 6          x15:00000000
14436434ns          260544 1c0081f4 ff7412e3 bne              x8, x23, -28         x8:10001fc0 x23:10001fc8
14436494ns          260547 1c0081d8 094c7553 fsub.s           f10, f24, f20       f10=xxxxxxxx f24:3fc90fdb f20:40847643
14436514ns          260548 1c0081dc 57c000ef jal              x1, 1404             x1=1c0081de
14436554ns          260550 1c008758 a0a527d3 feq.s            x15, f10, f10       x15=00000001 f10:c0246498 f10:c0246498
14436573ns          260551 1c00875c 0a078b63 beq              x15, x0, 182        x15:00000001
14436593ns          260552 1c00875e e00517d3 fclass.s         x15, f10            x15=00000002 f10:c0246498
14436613ns          260553 1c008762 0817f793 andi             x15, x15, 129       x15=00000000 x15:00000002
14436633ns          260554 1c008766 0a079663 bne              x15, x0, 172        x15:00000000
14436653ns          260555 1c008768 00000793 addi             x15, x0, 0          x15=00000000
14436673ns          260556 1c00876c a0f517d3 flt.s            x15, f10, f15       x15=00000001 f10:c0246498 f15:00000000
14436693ns          260557 1c008770 0a079663 bne              x15, x0, 172        x15:00000001
14436753ns          260560 1c00881c 1c0007b7 lui              x15, 0x1c000000     x15=1c000000
14436772ns          260561 1c008820 12c7a783 lw               x15, 300(x15)       x15=c0c90fdb x15:1c000000  PA:1c00012c
14437091ns          260577 1c008824 a0f517d3 flt.s            x15, f10, f15       x15=00000000 f10:c0246498 f15:c0c90fdb
14437111ns          260578 1c008828 00078463 beq              x15, x0, 8          x15:00000000
14437170ns          260581 1c008830 20a51553 fsgnjn.s         f10, f10, f10       f10=xxxxxxxx f10:c0246498 f10:c0246498
14437190ns          260582 1c008834 f6bff06f jal              x0, -150           
14437250ns          260585 1c00879e 1c0007b7 lui              x15, 0x1c000000     x15=1c000000
14437270ns          260586 1c0087a2 01c7a783 lw               x15, 28(x15)        x15=3fc90fdb x15:1c000000  PA:1c00001c
14437588ns          260602 1c0087a6 a0f517d3 flt.s            x15, f10, f15       x15=00000000 f10:40246498 f15:3fc90fdb
14437608ns          260603 1c0087aa 02079563 bne              x15, x0, 42         x15:00000000
14437628ns          260604 1c0087ac 1c0007b7 lui              x15, 0x1c000000     x15=1c000000
14437648ns          260605 1c0087b0 1007a783 lw               x15, 256(x15)       x15=40490fdb x15:1c000000  PA:1c000100
14437986ns          260622 1c0087b4 a0f51753 flt.s            x14, f10, f15       x14=00000001 f10:40246498 f15:40490fdb
14438006ns          260623 1c0087b8 06071f63 bne              x14, x0, 126        x14:00000001
14438085ns          260627 1c008836 08a7f553 fsub.s           f10, f15, f10       f10=xxxxxxxx f15:40490fdb f10:40246498
14438105ns          260628 1c00883a 10a57553 fmul.s           f10, f10, f10       f10=xxxxxxxx f10:3f12ad0c f10:3f12ad0c
14438125ns          260629 1c00883e 1c0007b7 lui              x15, 0x1c000000     x15=1c000000
14438145ns          260630 1c008842 1c000737 lui              x14, 0x1c000000     x14=1c000000
14438165ns          260631 1c008846 13472703 lw               x14, 308(x14)       x14=bab59551 x14:1c000000  PA:1c000134
14438503ns          260648 1c00884a 1307a783 lw               x15, 304(x15)       x15=37c23ab1 x15:1c000000  PA:1c000130
14438821ns          260664 1c00884e 70f577c3 fmadd.s          f15, f10, f15, f14  f15=xxxxxxxx f10:3ea813ad f15:37c23ab1 f14:bab59551
14438841ns          260665 1c008852 1c000737 lui              x14, 0x1c000000     x14=1c000000
14438861ns          260666 1c008856 13872703 lw               x14, 312(x14)       x14=3d2aa76f x14:1c000000  PA:1c000138
14439179ns          260682 1c00885a 70f577c3 fmadd.s          f15, f10, f15, f14  f15=xxxxxxxx f10:3ea813ad f15:bab49646 f14:3d2aa76f
14439199ns          260683 1c00885e 1c000737 lui              x14, 0x1c000000     x14=1c000000
14439219ns          260684 1c008862 13c72703 lw               x14, 316(x14)       x14=beffffe0 x14:1c000000  PA:1c00013c
14439537ns          260700 1c008866 70f577c3 fmadd.s          f15, f10, f15, f14  f15=xxxxxxxx f10:3ea813ad f15:3d28cd2d f14:beffffe0
14439557ns          260701 1c00886a 1c000737 lui              x14, 0x1c000000     x14=1c000000
14439577ns          260702 1c00886e 16872703 lw               x14, 360(x14)       x14=3f7fffff x14:1c000000  PA:1c000168
14439895ns          260718 1c008872 70f57543 fmadd.s          f10, f10, f15, f14  f10=xxxxxxxx f10:3ea813ad f15:bef912a6 f14:3f7fffff
14439915ns          260719 1c008876 20a51553 fsgnjn.s         f10, f10, f10       f10=xxxxxxxx f10:3f571e27 f10:3f571e27
14439935ns          260720 1c00887a 00008067 jalr             x0, x1, 0            x1:1c0081de
14439995ns          260723 1c0081de 016a7a53 fadd.s           f20, f20, f22       f20=xxxxxxxx f20:40847643 f22:3efd2311
14440015ns          260724 1c0081e2 10acf553 fmul.s           f10, f25, f10       f10=xxxxxxxx f25:3f800000 f10:bf571e27
14440034ns          260725 1c0081e6 a14a97d3 flt.s            x15, f21, f20       x15=00000000 f21:40c90fdb f20:40944874
14440054ns          260726 1c0081ea 00a4222b p.sw             x10, 4(x8!)          x8=10001fc4 x10:bf571e27  x8:10001fc0  PA:10001fc0
14440074ns          260727 1c0081ee 00078363 beq              x15, x0, 6          x15:00000000
14440134ns          260730 1c0081f4 ff7412e3 bne              x8, x23, -28         x8:10001fc4 x23:10001fc8
14440194ns          260733 1c0081d8 094c7553 fsub.s           f10, f24, f20       f10=xxxxxxxx f24:3fc90fdb f20:40944874
14440213ns          260734 1c0081dc 57c000ef jal              x1, 1404             x1=1c0081de
14440253ns          260736 1c008758 a0a527d3 feq.s            x15, f10, f10       x15=00000001 f10:c04408fa f10:c04408fa
14440273ns          260737 1c00875c 0a078b63 beq              x15, x0, 182        x15:00000001
14440293ns          260738 1c00875e e00517d3 fclass.s         x15, f10            x15=00000002 f10:c04408fa
14440313ns          260739 1c008762 0817f793 andi             x15, x15, 129       x15=00000000 x15:00000002
14440333ns          260740 1c008766 0a079663 bne              x15, x0, 172        x15:00000000
14440353ns          260741 1c008768 00000793 addi             x15, x0, 0          x15=00000000
14440373ns          260742 1c00876c a0f517d3 flt.s            x15, f10, f15       x15=00000001 f10:c04408fa f15:00000000
14440393ns          260743 1c008770 0a079663 bne              x15, x0, 172        x15:00000001
14440452ns          260746 1c00881c 1c0007b7 lui              x15, 0x1c000000     x15=1c000000
14440472ns          260747 1c008820 12c7a783 lw               x15, 300(x15)       x15=c0c90fdb x15:1c000000  PA:1c00012c
14440790ns          260763 1c008824 a0f517d3 flt.s            x15, f10, f15       x15=00000000 f10:c04408fa f15:c0c90fdb
14440810ns          260764 1c008828 00078463 beq              x15, x0, 8          x15:00000000
14440870ns          260767 1c008830 20a51553 fsgnjn.s         f10, f10, f10       f10=xxxxxxxx f10:c04408fa f10:c04408fa
14440890ns          260768 1c008834 f6bff06f jal              x0, -150           
14440949ns          260771 1c00879e 1c0007b7 lui              x15, 0x1c000000     x15=1c000000
14440969ns          260772 1c0087a2 01c7a783 lw               x15, 28(x15)        x15=3fc90fdb x15:1c000000  PA:1c00001c
14441307ns          260789 1c0087a6 a0f517d3 flt.s            x15, f10, f15       x15=00000000 f10:404408fa f15:3fc90fdb
14441327ns          260790 1c0087aa 02079563 bne              x15, x0, 42         x15:00000000
14441347ns          260791 1c0087ac 1c0007b7 lui              x15, 0x1c000000     x15=1c000000
14441367ns          260792 1c0087b0 1007a783 lw               x15, 256(x15)       x15=40490fdb x15:1c000000  PA:1c000100
14441705ns          260809 1c0087b4 a0f51753 flt.s            x14, f10, f15       x14=00000001 f10:404408fa f15:40490fdb
14441725ns          260810 1c0087b8 06071f63 bne              x14, x0, 126        x14:00000001
14441805ns          260814 1c008836 08a7f553 fsub.s           f10, f15, f10       f10=xxxxxxxx f15:40490fdb f10:404408fa
14441825ns          260815 1c00883a 10a57553 fmul.s           f10, f10, f10       f10=xxxxxxxx f10:3da0dc20 f10:3da0dc20
14441845ns          260816 1c00883e 1c0007b7 lui              x15, 0x1c000000     x15=1c000000
14441864ns          260817 1c008842 1c000737 lui              x14, 0x1c000000     x14=1c000000
14441884ns          260818 1c008846 13472703 lw               x14, 308(x14)       x14=bab59551 x14:1c000000  PA:1c000134
14442183ns          260833 1c00884a 1307a783 lw               x15, 304(x15)       x15=37c23ab1 x15:1c000000  PA:1c000130
14442521ns          260850 1c00884e 70f577c3 fmadd.s          f15, f10, f15, f14  f15=xxxxxxxx f10:3bca27cb f15:37c23ab1 f14:bab59551
14442541ns          260851 1c008852 1c000737 lui              x14, 0x1c000000     x14=1c000000
14442561ns          260852 1c008856 13872703 lw               x14, 312(x14)       x14=3d2aa76f x14:1c000000  PA:1c000138
14442879ns          260868 1c00885a 70f577c3 fmadd.s          f15, f10, f15, f14  f15=xxxxxxxx f10:3bca27cb f15:bab59086 f14:3d2aa76f
14442899ns          260869 1c00885e 1c000737 lui              x14, 0x1c000000     x14=1c000000
14442919ns          260870 1c008862 13c72703 lw               x14, 316(x14)       x14=beffffe0 x14:1c000000  PA:1c00013c
14443237ns          260886 1c008866 70f577c3 fmadd.s          f15, f10, f15, f14  f15=xxxxxxxx f10:3bca27cb f15:3d2a9e79 f14:beffffe0
14443257ns          260887 1c00886a 1c000737 lui              x14, 0x1c000000     x14=1c000000
14443277ns          260888 1c00886e 16872703 lw               x14, 360(x14)       x14=3f7fffff x14:1c000000  PA:1c000168
14443635ns          260906 1c008872 70f57543 fmadd.s          f10, f10, f15, f14  f10=xxxxxxxx f10:3bca27cb f15:beffde31 f14:3f7fffff
14443655ns          260907 1c008876 20a51553 fsgnjn.s         f10, f10, f10       f10=xxxxxxxx f10:3f7f35f2 f10:3f7f35f2
14443674ns          260908 1c00887a 00008067 jalr             x0, x1, 0            x1:1c0081de
14443734ns          260911 1c0081de 016a7a53 fadd.s           f20, f20, f22       f20=xxxxxxxx f20:40944874 f22:3efd2311
14443754ns          260912 1c0081e2 10acf553 fmul.s           f10, f25, f10       f10=xxxxxxxx f25:3f800000 f10:bf7f35f2
14443774ns          260913 1c0081e6 a14a97d3 flt.s            x15, f21, f20       x15=00000000 f21:40c90fdb f20:40a41aa5
14443794ns          260914 1c0081ea 00a4222b p.sw             x10, 4(x8!)          x8=10001fc8 x10:bf7f35f2  x8:10001fc4  PA:10001fc4
14443814ns          260915 1c0081ee 00078363 beq              x15, x0, 6          x15:00000000
14443873ns          260918 1c0081f4 ff7412e3 bne              x8, x23, -28         x8:10001fc8 x23:10001fc8
14443893ns          260919 1c0081f8 014020ef jal              x1, 8212             x1=1c0081fc
14443973ns          260923 1c00a20c f14027f3 csrrs            x15, x0, 0xf14      x15=00000003
14444052ns          260927 1c00a210 01f00713 addi             x14, x0, 31         x14=0000001f
14444092ns          260929 1c00a212 ca5797b3 p.extractu       x15, x15, 5, 5      x15=00000000 x15:00000003
14444112ns          260930 1c00a216 00e78863 beq              x15, x14, 16        x15:00000000 x14:0000001f
14444132ns          260931 1c00a21a 002047b7 lui              x15, 0x204000       x15=00204000
14444192ns          260934 1c00a21e 20078793 addi             x15, x15, 512       x15=00204200 x15:00204000
14444231ns          260936 1c00a222 01c7e703 p.elw            x14, 28(x15)        x14=00010000 x15:00204200  PA:0020421c
14444351ns          260942 1c00a226 00008067 jalr             x0, x1, 0            x1:1c0081fc
14444391ns          260944 1c0081fc f14027f3 csrrs            x15, x0, 0xf14      x15=00000003
14444410ns          260945 1c008200 f457b7b3 p.bclr           x15, x15, 26, 5     x15=00000003 x15:00000003
14444430ns          260946 1c008204 26078563 beq              x15, x0, 618        x15:00000003
14444450ns          260947 1c008208 004020ef jal              x1, 8196             x1=1c00820c
14444490ns          260949 1c00a20c f14027f3 csrrs            x15, x0, 0xf14      x15=00000003
14444510ns          260950 1c00a210 01f00713 addi             x14, x0, 31         x14=0000001f
14444530ns          260951 1c00a212 ca5797b3 p.extractu       x15, x15, 5, 5      x15=00000000 x15:00000003
14444550ns          260952 1c00a216 00e78863 beq              x15, x14, 16        x15:00000000 x14:0000001f
14444570ns          260953 1c00a21a 002047b7 lui              x15, 0x204000       x15=00204000
14444589ns          260954 1c00a21e 20078793 addi             x15, x15, 512       x15=00204200 x15:00204000
14444609ns          260955 1c00a222 01c7e703 p.elw            x14, 28(x15)        x14=00010000 x15:00204200  PA:0020421c
15093156ns          293299 1c00a226 00008067 jalr             x0, x1, 0            x1:1c00820c
15093196ns          293301 1c00820c 00410613 addi             x12, x2, 4          x12=10001cac  x2:10001ca8
15093818ns          293332 1c00820e 40c407b3 sub              x15, x8, x12        x15=0000031c  x8:10001fc8 x12:10001cac
15093838ns          293333 1c008212 00012683 lw               x13, 0(x2)          x13=3ef2f310  x2:10001ca8  PA:10001ca8
15093858ns          293334 1c008214 ffc78793 addi             x15, x15, -4        x15=00000318 x15:0000031c
15093878ns          293335 1c008216 0027d793 srli             x15, x15, 0x2       x15=000000c6 x15:00000318
15093898ns          293336 1c008218 00c00733 add              x14, x0, x12        x14=10001cac x12:10001cac
15093918ns          293337 1c00821a 00d00a33 add              x20, x0, x13        x20=3ef2f310 x13:3ef2f310
15093938ns          293338 1c00821c 00178793 addi             x15, x15, 1         x15=000000c7 x15:000000c6
15094360ns          293359 1c00821e 0047c0fb lp.setup         0x1, x15, 0x4       x15:000000c7
15094400ns          293361 1c008222 0047258b p.lw             x11, 4(x14!)        x11=3f55db32 x14=10001cb0 x14:10001cac  PA:10001cac
15094440ns          293363 1c008226 00ba7a53 fadd.s           f20, f20, f11       f20=xxxxxxxx f20:3ef2f310 f11:3f55db32
15094460ns          293364 1c008222 0047258b p.lw             x11, 4(x14!)        x11=3f7f04dd x14=10001cb4 x14:10001cb0  PA:10001cb0
15094500ns          293366 1c008226 00ba7a53 fadd.s           f20, f20, f11       f20=xxxxxxxx f20:3fa7aa5d f11:3f7f04dd
15094520ns          293367 1c008222 0047258b p.lw             x11, 4(x14!)        x11=3f6b1ac7 x14=10001cb8 x14:10001cb4  PA:10001cb4
15094561ns          293369 1c008226 00ba7a53 fadd.s           f20, f20, f11       f20=xxxxxxxx f20:40139666 f11:3f6b1ac7
15094581ns          293370 1c008222 0047258b p.lw             x11, 4(x14!)        x11=3f1ee1e8 x14=10001cbc x14:10001cb8  PA:10001cb8
15094621ns          293372 1c008226 00ba7a53 fadd.s           f20, f20, f11       f20=xxxxxxxx f20:404e5d18 f11:3f1ee1e8
15094641ns          293373 1c008222 0047258b p.lw             x11, 4(x14!)        x11=3e326e80 x14=10001cc0 x14:10001cbc  PA:10001cbc
15094681ns          293375 1c008226 00ba7a53 fadd.s           f20, f20, f11       f20=xxxxxxxx f20:40761592 f11:3e326e80
15094701ns          293376 1c008222 0047258b p.lw             x11, 4(x14!)        x11=bea0b357 x14=10001cc4 x14:10001cc0  PA:10001cc0
15094741ns          293378 1c008226 00ba7a53 fadd.s           f20, f20, f11       f20=xxxxxxxx f20:40809e3d f11:bea0b357
15094761ns          293379 1c008222 0047258b p.lw             x11, 4(x14!)        x11=bf3a1084 x14=10001cc8 x14:10001cc4  PA:10001cc4
15094801ns          293381 1c008226 00ba7a53 fadd.s           f20, f20, f11       f20=xxxxxxxx f20:406d260f f11:bf3a1084
15094821ns          293382 1c008222 0047258b p.lw             x11, 4(x14!)        x11=bf773759 x14=10001ccc x14:10001cc8  PA:10001cc8
15094861ns          293384 1c008226 00ba7a53 fadd.s           f20, f20, f11       f20=xxxxxxxx f20:403ea1ee f11:bf773759
15094882ns          293385 1c008222 0047258b p.lw             x11, 4(x14!)        x11=bf7928d2 x14=10001cd0 x14:10001ccc  PA:10001ccc
15094922ns          293387 1c008226 00ba7a53 fadd.s           f20, f20, f11       f20=xxxxxxxx f20:4000d418 f11:bf7928d2
15094942ns          293388 1c008222 0047258b p.lw             x11, 4(x14!)        x11=bf3f6dcb x14=10001cd4 x14:10001cd0  PA:10001cd0
15094982ns          293390 1c008226 00ba7a53 fadd.s           f20, f20, f11       f20=xxxxxxxx f20:3f8513c7 f11:bf3f6dcb
15095002ns          293391 1c008222 0047258b p.lw             x11, 4(x14!)        x11=beafb3b4 x14=10001cd8 x14:10001cd4  PA:10001cd4
15095042ns          293393 1c008226 00ba7a53 fadd.s           f20, f20, f11       f20=xxxxxxxx f20:3e957386 f11:beafb3b4
15095062ns          293394 1c008222 0047258b p.lw             x11, 4(x14!)        x11=3e1311b2 x14=10001cdc x14:10001cd8  PA:10001cd8
15095102ns          293396 1c008226 00ba7a53 fadd.s           f20, f20, f11       f20=xxxxxxxx f20:bd520170 f11:3e1311b2
15095122ns          293397 1c008222 0047258b p.lw             x11, 4(x14!)        x11=3f18946b x14=10001ce0 x14:10001cdc  PA:10001cdc
15095162ns          293399 1c008226 00ba7a53 fadd.s           f20, f20, f11       f20=xxxxxxxx f20:3dbd22ac f11:3f18946b
15095183ns          293400 1c008222 0047258b p.lw             x11, 4(x14!)        x11=3f67d96d x14=10001ce4 x14:10001ce0  PA:10001ce0
15095223ns          293402 1c008226 00ba7a53 fadd.s           f20, f20, f11       f20=xxxxxxxx f20:3f3038c0 f11:3f67d96d
15095243ns          293403 1c008222 0047258b p.lw             x11, 4(x14!)        x11=3f7f973d x14=10001ce8 x14:10001ce4  PA:10001ce4
15095283ns          293405 1c008226 00ba7a53 fadd.s           f20, f20, f11       f20=xxxxxxxx f20:3fcc0916 f11:3f7f973d
15095303ns          293406 1c008222 0047258b p.lw             x11, 4(x14!)        x11=3f5a1e3f x14=10001cec x14:10001ce8  PA:10001ce8
15095343ns          293408 1c008226 00ba7a53 fadd.s           f20, f20, f11       f20=xxxxxxxx f20:4025ea5a f11:3f5a1e3f
15095363ns          293409 1c008222 0047258b p.lw             x11, 4(x14!)        x11=3f0067f3 x14=10001cf0 x14:10001cec  PA:10001cec
15095403ns          293411 1c008226 00ba7a53 fadd.s           f20, f20, f11       f20=xxxxxxxx f20:405c71ea f11:3f0067f3
15095423ns          293412 1c008222 0047258b p.lw             x11, 4(x14!)        x11=3cfe1a04 x14=10001cf4 x14:10001cf0  PA:10001cf0
15095463ns          293414 1c008226 00ba7a53 fadd.s           f20, f20, f11       f20=xxxxxxxx f20:407c8be7 f11:3cfe1a04
15095484ns          293415 1c008222 0047258b p.lw             x11, 4(x14!)        x11=bee4da5a x14=10001cf8 x14:10001cf4  PA:10001cf4
15095524ns          293417 1c008226 00ba7a53 fadd.s           f20, f20, f11       f20=xxxxxxxx f20:407e881b f11:bee4da5a
15095544ns          293418 1c008222 0047258b p.lw             x11, 4(x14!)        x11=bf516373 x14=10001cfc x14:10001cf8  PA:10001cf8
15095584ns          293420 1c008226 00ba7a53 fadd.s           f20, f20, f11       f20=xxxxxxxx f20:4061ecd0 f11:bf516373
15095604ns          293421 1c008222 0047258b p.lw             x11, 4(x14!)        x11=bf7e33a9 x14=10001d00 x14:10001cfc  PA:10001cfc
15095644ns          293423 1c008226 00ba7a53 fadd.s           f20, f20, f11       f20=xxxxxxxx f20:402d93f3 f11:bf7e33a9
15095664ns          293424 1c008222 0047258b p.lw             x11, 4(x14!)        x11=bf6e2238 x14=10001d04 x14:10001d00  PA:10001d00
15095704ns          293426 1c008226 00ba7a53 fadd.s           f20, f20, f11       f20=xxxxxxxx f20:3fdc0e12 f11:bf6e2238
15095724ns          293427 1c008222 0047258b p.lw             x11, 4(x14!)        x11=bf250849 x14=10001d08 x14:10001d04  PA:10001d04
15095764ns          293429 1c008226 00ba7a53 fadd.s           f20, f20, f11       f20=xxxxxxxx f20:3f49f9ec f11:bf250849
15095784ns          293430 1c008222 0047258b p.lw             x11, 4(x14!)        x11=be519f78 x14=10001d0c x14:10001d08  PA:10001d08
15095825ns          293432 1c008226 00ba7a53 fadd.s           f20, f20, f11       f20=xxxxxxxx f20:3e13c68c f11:be519f78
15095845ns          293433 1c008222 0047258b p.lw             x11, 4(x14!)        x11=3e918b55 x14=10001d10 x14:10001d0c  PA:10001d0c
15095885ns          293435 1c008226 00ba7a53 fadd.s           f20, f20, f11       f20=xxxxxxxx f20:bd7763b0 f11:3e918b55
15095905ns          293436 1c008222 0047258b p.lw             x11, 4(x14!)        x11=3f34855f x14=10001d14 x14:10001d10  PA:10001d10
15095945ns          293438 1c008226 00ba7a53 fadd.s           f20, f20, f11       f20=xxxxxxxx f20:3e653dbe f11:3f34855f
15095965ns          293439 1c008222 0047258b p.lw             x11, 4(x14!)        x11=3f7508f5 x14=10001d18 x14:10001d14  PA:10001d14
15096005ns          293441 1c008226 00ba7a53 fadd.s           f20, f20, f11       f20=xxxxxxxx f20:3f6dd4ce f11:3f7508f5
15096025ns          293442 1c008222 0047258b p.lw             x11, 4(x14!)        x11=3f7adceb x14=10001d1c x14:10001d18  PA:10001d18
15096065ns          293444 1c008226 00ba7a53 fadd.s           f20, f20, f11       f20=xxxxxxxx f20:3ff16ee2 f11:3f7adceb
15096085ns          293445 1c008222 0047258b p.lw             x11, 4(x14!)        x11=3f449bef x14=10001d20 x14:10001d1c  PA:10001d1c
15096126ns          293447 1c008226 00ba7a53 fadd.s           f20, f20, f11       f20=xxxxxxxx f20:40376eac f11:3f449bef
15096146ns          293448 1c008222 0047258b p.lw             x11, 4(x14!)        x11=3ebe88d7 x14=10001d24 x14:10001d20  PA:10001d20
15096186ns          293450 1c008226 00ba7a53 fadd.s           f20, f20, f11       f20=xxxxxxxx f20:406895a8 f11:3ebe88d7
15096206ns          293451 1c008222 0047258b p.lw             x11, 4(x14!)        x11=bde720fa x14=10001d28 x14:10001d24  PA:10001d24
15096246ns          293453 1c008226 00ba7a53 fadd.s           f20, f20, f11       f20=xxxxxxxx f20:40803361 f11:bde720fa
15096266ns          293454 1c008222 0047258b p.lw             x11, 4(x14!)        x11=bf12214b x14=10001d2c x14:10001d28  PA:10001d28
15096306ns          293456 1c008226 00ba7a53 fadd.s           f20, f20, f11       f20=xxxxxxxx f20:40792dba f11:bf12214b
15096326ns          293457 1c008222 0047258b p.lw             x11, 4(x14!)        x11=bf645eee x14=10001d30 x14:10001d2c  PA:10001d2c
15096366ns          293459 1c008226 00ba7a53 fadd.s           f20, f20, f11       f20=xxxxxxxx f20:4054a567 f11:bf645eee
15096386ns          293460 1c008222 0047258b p.lw             x11, 4(x14!)        x11=bf7feaa6 x14=10001d34 x14:10001d30  PA:10001d30
15096427ns          293462 1c008226 00ba7a53 fadd.s           f20, f20, f11       f20=xxxxxxxx f20:401b8dac f11:bf7feaa6
15096447ns          293463 1c008222 0047258b p.lw             x11, 4(x14!)        x11=bf5e2b95 x14=10001d38 x14:10001d34  PA:10001d34
15096487ns          293465 1c008226 00ba7a53 fadd.s           f20, f20, f11       f20=xxxxxxxx f20:3fb72605 f11:bf5e2b95
15096507ns          293466 1c008222 0047258b p.lw             x11, 4(x14!)        x11=bf0736c5 x14=10001d3c x14:10001d38  PA:10001d38
15096547ns          293468 1c008226 00ba7a53 fadd.s           f20, f20, f11       f20=xxxxxxxx f20:3f102075 f11:bf0736c5
15096567ns          293469 1c008222 0047258b p.lw             x11, 4(x14!)        x11=bd7dfb42 x14=10001d40 x14:10001d3c  PA:10001d3c
15096607ns          293471 1c008226 00ba7a53 fadd.s           f20, f20, f11       f20=xxxxxxxx f20:3d0e9b00 f11:bd7dfb42
15096627ns          293472 1c008222 0047258b p.lw             x11, 4(x14!)        x11=3ed6893d x14=10001d44 x14:10001d40  PA:10001d40
15096667ns          293474 1c008226 00ba7a53 fadd.s           f20, f20, f11       f20=xxxxxxxx f20:bcdec084 f11:3ed6893d
15096687ns          293475 1c008222 0047258b p.lw             x11, 4(x14!)        x11=3f4cb81c x14=10001d48 x14:10001d44  PA:10001d44
15096728ns          293477 1c008226 00ba7a53 fadd.s           f20, f20, f11       f20=xxxxxxxx f20:3ec89d35 f11:3f4cb81c
15096748ns          293478 1c008222 0047258b p.lw             x11, 4(x14!)        x11=3f7d23d3 x14=10001d4c x14:10001d48  PA:10001d48
15096788ns          293480 1c008226 00ba7a53 fadd.s           f20, f20, f11       f20=xxxxxxxx f20:3f98835b f11:3f7d23d3
15096808ns          293481 1c008222 0047258b p.lw             x11, 4(x14!)        x11=3f70eefe x14=10001d50 x14:10001d4c  PA:10001d4c
15096848ns          293483 1c008226 00ba7a53 fadd.s           f20, f20, f11       f20=xxxxxxxx f20:400b8aa2 f11:3f70eefe
15096868ns          293484 1c008222 0047258b p.lw             x11, 4(x14!)        x11=3f2b0600 x14=10001d54 x14:10001d50  PA:10001d50
15096908ns          293486 1c008226 00ba7a53 fadd.s           f20, f20, f11       f20=xxxxxxxx f20:4047c662 f11:3f2b0600
15096928ns          293487 1c008222 0047258b p.lw             x11, 4(x14!)        x11=3e709ccc x14=10001d58 x14:10001d54  PA:10001d54
15096968ns          293489 1c008226 00ba7a53 fadd.s           f20, f20, f11       f20=xxxxxxxx f20:407287e2 f11:3e709ccc
15096988ns          293490 1c008222 0047258b p.lw             x11, 4(x14!)        x11=be823f71 x14=10001d5c x14:10001d58  PA:10001d58
15097029ns          293492 1c008226 00ba7a53 fadd.s           f20, f20, f11       f20=xxxxxxxx f20:4080c8d7 f11:be823f71
15097049ns          293493 1c008222 0047258b p.lw             x11, 4(x14!)        x11=bf2ecdbf x14=10001d60 x14:10001d5c  PA:10001d5c
15097089ns          293495 1c008226 00ba7a53 fadd.s           f20, f20, f11       f20=xxxxxxxx f20:407149c0 f11:bf2ecdbf
15097109ns          293496 1c008222 0047258b p.lw             x11, 4(x14!)        x11=bf729e32 x14=10001d64 x14:10001d60  PA:10001d60
15097149ns          293498 1c008226 00ba7a53 fadd.s           f20, f20, f11       f20=xxxxxxxx f20:40459650 f11:bf729e32
15097169ns          293499 1c008222 0047258b p.lw             x11, 4(x14!)        x11=bf7c5336 x14=10001d68 x14:10001d64  PA:10001d64
15097209ns          293501 1c008226 00ba7a53 fadd.s           f20, f20, f11       f20=xxxxxxxx f20:4008eec4 f11:bf7c5336
15097229ns          293502 1c008222 0047258b p.lw             x11, 4(x14!)        x11=bf4999a5 x14=10001d6c x14:10001d68  PA:10001d68
15097269ns          293504 1c008226 00ba7a53 fadd.s           f20, f20, f11       f20=xxxxxxxx f20:3f93b3ed f11:bf4999a5
15097289ns          293505 1c008222 0047258b p.lw             x11, 4(x14!)        x11=becd2f11 x14=10001d70 x14:10001d6c  PA:10001d6c
15097330ns          293507 1c008226 00ba7a53 fadd.s           f20, f20, f11       f20=xxxxxxxx f20:3ebb9c6a f11:becd2f11
15097350ns          293508 1c008222 0047258b p.lw             x11, 4(x14!)        x11=3da7e5a4 x14=10001d74 x14:10001d70  PA:10001d70
15097390ns          293510 1c008226 00ba7a53 fadd.s           f20, f20, f11       f20=xxxxxxxx f20:bd0c9538 f11:3da7e5a4
15097410ns          293511 1c008222 0047258b p.lw             x11, 4(x14!)        x11=3f0b8a2e x14=10001d78 x14:10001d74  PA:10001d74
15097450ns          293513 1c008226 00ba7a53 fadd.s           f20, f20, f11       f20=xxxxxxxx f20:3d433610 f11:3f0b8a2e
15097470ns          293514 1c008222 0047258b p.lw             x11, 4(x14!)        x11=3f60ac2d x14=10001d7c x14:10001d78  PA:10001d78
15097510ns          293516 1c008226 00ba7a53 fadd.s           f20, f20, f11       f20=xxxxxxxx f20:3f17bd8f f11:3f60ac2d
15097530ns          293517 1c008222 0047258b p.lw             x11, 4(x14!)        x11=3f7fff01 x14=10001d80 x14:10001d7c  PA:10001d7c
15097570ns          293519 1c008226 00ba7a53 fadd.s           f20, f20, f11       f20=xxxxxxxx f20:3fbc34de f11:3f7fff01
15097590ns          293520 1c008222 0047258b p.lw             x11, 4(x14!)        x11=3f62022c x14=10001d84 x14:10001d80  PA:10001d80
15097631ns          293522 1c008226 00ba7a53 fadd.s           f20, f20, f11       f20=xxxxxxxx f20:401e1a2f f11:3f62022c
15097651ns          293523 1c008222 0047258b p.lw             x11, 4(x14!)        x11=3f0de443 x14=10001d88 x14:10001d84  PA:10001d84
15097691ns          293525 1c008226 00ba7a53 fadd.s           f20, f20, f11       f20=xxxxxxxx f20:40569aba f11:3f0de443
15097711ns          293526 1c008222 0047258b p.lw             x11, 4(x14!)        x11=3dbe556e x14=10001d8c x14:10001d88  PA:10001d88
15097751ns          293528 1c008226 00ba7a53 fadd.s           f20, f20, f11       f20=xxxxxxxx f20:407a13cb f11:3dbe556e
15097771ns          293529 1c008222 0047258b p.lw             x11, 4(x14!)        x11=bec80340 x14=10001d90 x14:10001d8c  PA:10001d8c
15097811ns          293531 1c008226 00ba7a53 fadd.s           f20, f20, f11       f20=xxxxxxxx f20:4080033b f11:bec80340
15097831ns          293532 1c008222 0047258b p.lw             x11, 4(x14!)        x11=bf47da53 x14=10001d94 x14:10001d90  PA:10001d90
15097871ns          293534 1c008226 00ba7a53 fadd.s           f20, f20, f11       f20=xxxxxxxx f20:4067060e f11:bf47da53
15097891ns          293535 1c008222 0047258b p.lw             x11, 4(x14!)        x11=bf7bd59f x14=10001d98 x14:10001d94  PA:10001d94
15097931ns          293537 1c008226 00ba7a53 fadd.s           f20, f20, f11       f20=xxxxxxxx f20:40350f79 f11:bf7bd59f
15097952ns          293538 1c008222 0047258b p.lw             x11, 4(x14!)        x11=bf73806a x14=10001d9c x14:10001d98  PA:10001d98
15097992ns          293540 1c008226 00ba7a53 fadd.s           f20, f20, f11       f20=xxxxxxxx f20:3fec3422 f11:bf73806a
15098012ns          293541 1c008222 0047258b p.lw             x11, 4(x14!)        x11=bf30d998 x14=10001da0 x14:10001d9c  PA:10001d9c
15098052ns          293543 1c008226 00ba7a53 fadd.s           f20, f20, f11       f20=xxxxxxxx f20:3f64e7da f11:bf30d998
15098072ns          293544 1c008222 0047258b p.lw             x11, 4(x14!)        x11=be87af76 x14=10001da4 x14:10001da0  PA:10001da0
15098112ns          293546 1c008226 00ba7a53 fadd.s           f20, f20, f11       f20=xxxxxxxx f20:3e503908 f11:be87af76
15098132ns          293547 1c008222 0047258b p.lw             x11, 4(x14!)        x11=3e65a6e8 x14=10001da8 x14:10001da4  PA:10001da4
15098172ns          293549 1c008226 00ba7a53 fadd.s           f20, f20, f11       f20=xxxxxxxx f20:bd7c9790 f11:3e65a6e8
15098192ns          293550 1c008222 0047258b p.lw             x11, 4(x14!)        x11=3f28eb10 x14=10001dac x14:10001da8  PA:10001da8
15098232ns          293552 1c008226 00ba7a53 fadd.s           f20, f20, f11       f20=xxxxxxxx f20:3e268104 f11:3f28eb10
15098253ns          293553 1c008222 0047258b p.lw             x11, 4(x14!)        x11=3f6ff7aa x14=10001db0 x14:10001dac  PA:10001dac
15098293ns          293555 1c008226 00ba7a53 fadd.s           f20, f20, f11       f20=xxxxxxxx f20:3f528b51 f11:3f6ff7aa
15098313ns          293556 1c008222 0047258b p.lw             x11, 4(x14!)        x11=3f7d8b57 x14=10001db4 x14:10001db0  PA:10001db0
15098353ns          293558 1c008226 00ba7a53 fadd.s           f20, f20, f11       f20=xxxxxxxx f20:3fe1417e f11:3f7d8b57
15098373ns          293559 1c008222 0047258b p.lw             x11, 4(x14!)        x11=3f4e65ad x14=10001db8 x14:10001db4  PA:10001db4
15098413ns          293561 1c008226 00ba7a53 fadd.s           f20, f20, f11       f20=xxxxxxxx f20:40300395 f11:3f4e65ad
15098433ns          293562 1c008222 0047258b p.lw             x11, 4(x14!)        x11=3edba2b7 x14=10001dbc x14:10001db8  PA:10001db8
15098473ns          293564 1c008226 00ba7a53 fadd.s           f20, f20, f11       f20=xxxxxxxx f20:40639d00 f11:3edba2b7
15098493ns          293565 1c008222 0047258b p.lw             x11, 4(x14!)        x11=bd5101ef x14=10001dc0 x14:10001dbc  PA:10001dbc
15098533ns          293567 1c008226 00ba7a53 fadd.s           f20, f20, f11       f20=xxxxxxxx f20:407f1157 f11:bd5101ef
15098554ns          293568 1c008222 0047258b p.lw             x11, 4(x14!)        x11=bf04d0ae x14=10001dc4 x14:10001dc0  PA:10001dc0
15098594ns          293570 1c008226 00ba7a53 fadd.s           f20, f20, f11       f20=xxxxxxxx f20:407bcd4f f11:bf04d0ae
15098614ns          293571 1c008222 0047258b p.lw             x11, 4(x14!)        x11=bf5cc211 x14=10001dc8 x14:10001dc4  PA:10001dc4
15098654ns          293573 1c008226 00ba7a53 fadd.s           f20, f20, f11       f20=xxxxxxxx f20:405a9924 f11:bf5cc211
15098674ns          293574 1c008222 0047258b p.lw             x11, 4(x14!)        x11=bf7fd44b x14=10001dcc x14:10001dc8  PA:10001dc8
15098714ns          293576 1c008226 00ba7a53 fadd.s           f20, f20, f11       f20=xxxxxxxx f20:402368a0 f11:bf7fd44b
15098734ns          293577 1c008222 0047258b p.lw             x11, 4(x14!)        x11=bf65a117 x14=10001dd0 x14:10001dcc  PA:10001dcc
15098774ns          293579 1c008226 00ba7a53 fadd.s           f20, f20, f11       f20=xxxxxxxx f20:3fc6e71a f11:bf65a117
15098794ns          293580 1c008222 0047258b p.lw             x11, 4(x14!)        x11=bf146ed0 x14=10001dd4 x14:10001dd0  PA:10001dd0
15098834ns          293582 1c008226 00ba7a53 fadd.s           f20, f20, f11       f20=xxxxxxxx f20:3f282d1d f11:bf146ed0
15098854ns          293583 1c008222 0047258b p.lw             x11, 4(x14!)        x11=bdfd7e6c x14=10001dd8 x14:10001dd4  PA:10001dd4
15098895ns          293585 1c008226 00ba7a53 fadd.s           f20, f20, f11       f20=xxxxxxxx f20:3d9df268 f11:bdfd7e6c
15098915ns          293586 1c008222 0047258b p.lw             x11, 4(x14!)        x11=3eb94bfb x14=10001ddc x14:10001dd8  PA:10001dd8
15098955ns          293588 1c008226 00ba7a53 fadd.s           f20, f20, f11       f20=xxxxxxxx f20:bd3f1808 f11:3eb94bfb
15098975ns          293589 1c008222 0047258b p.lw             x11, 4(x14!)        x11=3f42cb4f x14=10001de0 x14:10001ddc  PA:10001ddc
15099015ns          293591 1c008226 00ba7a53 fadd.s           f20, f20, f11       f20=xxxxxxxx f20:3ea168fa f11:3f42cb4f
15099035ns          293592 1c008222 0047258b p.lw             x11, 4(x14!)        x11=3f7a4961 x14=10001de4 x14:10001de0  PA:10001de0
15099075ns          293594 1c008226 00ba7a53 fadd.s           f20, f20, f11       f20=xxxxxxxx f20:3f89bfe6 f11:3f7a4961
15099095ns          293595 1c008222 0047258b p.lw             x11, 4(x14!)        x11=3f75d5d6 x14=10001de8 x14:10001de4  PA:10001de4
15099135ns          293597 1c008226 00ba7a53 fadd.s           f20, f20, f11       f20=xxxxxxxx f20:4003724b f11:3f75d5d6
15099155ns          293598 1c008222 0047258b p.lw             x11, 4(x14!)        x11=3f36819b x14=10001dec x14:10001de8  PA:10001de8
15099196ns          293600 1c008226 00ba7a53 fadd.s           f20, f20, f11       f20=xxxxxxxx f20:4040e7c0 f11:3f36819b
15099216ns          293601 1c008222 0047258b p.lw             x11, 4(x14!)        x11=3e96ef0e x14=10001df0 x14:10001dec  PA:10001dec
15099256ns          293603 1c008226 00ba7a53 fadd.s           f20, f20, f11       f20=xxxxxxxx f20:406e8827 f11:3e96ef0e
15099276ns          293604 1c008222 0047258b p.lw             x11, 4(x14!)        x11=be46965d x14=10001df4 x14:10001df0  PA:10001df0
15099316ns          293606 1c008226 00ba7a53 fadd.s           f20, f20, f11       f20=xxxxxxxx f20:4080b304 f11:be46965d
15099336ns          293607 1c008222 0047258b p.lw             x11, 4(x14!)        x11=bf22debf x14=10001df8 x14:10001df4  PA:10001df4
15099376ns          293609 1c008226 00ba7a53 fadd.s           f20, f20, f11       f20=xxxxxxxx f20:4074fca2 f11:bf22debf
15099396ns          293610 1c008222 0047258b p.lw             x11, 4(x14!)        x11=bf6d1601 x14=10001dfc x14:10001df8  PA:10001df8
15099436ns          293612 1c008226 00ba7a53 fadd.s           f20, f20, f11       f20=xxxxxxxx f20:404c44f2 f11:bf6d1601
15099456ns          293613 1c008222 0047258b p.lw             x11, 4(x14!)        x11=bf7e8500 x14=10001e00 x14:10001dfc  PA:10001dfc
15099497ns          293615 1c008226 00ba7a53 fadd.s           f20, f20, f11       f20=xxxxxxxx f20:4010ff72 f11:bf7e8500
15099517ns          293616 1c008222 0047258b p.lw             x11, 4(x14!)        x11=bf52fede x14=10001e04 x14:10001e00  PA:10001e00
15099557ns          293618 1c008226 00ba7a53 fadd.s           f20, f20, f11       f20=xxxxxxxx f20:3fa2bc64 f11:bf52fede
15099577ns          293619 1c008222 0047258b p.lw             x11, 4(x14!)        x11=bee9e046 x14=10001e08 x14:10001e04  PA:10001e04
15099617ns          293621 1c008226 00ba7a53 fadd.s           f20, f20, f11       f20=xxxxxxxx f20:3ee4f3d4 f11:bee9e046
15099637ns          293622 1c008222 0047258b p.lw             x11, 4(x14!)        x11=3ca40a1c x14=10001e0c x14:10001e08  PA:10001e08
15099677ns          293624 1c008226 00ba7a53 fadd.s           f20, f20, f11       f20=xxxxxxxx f20:bc1d8e40 f11:3ca40a1c
15099697ns          293625 1c008222 0047258b p.lw             x11, 4(x14!)        x11=3efbecef x14=10001e10 x14:10001e0c  PA:10001e0c
15099737ns          293627 1c008226 00ba7a53 fadd.s           f20, f20, f11       f20=xxxxxxxx f20:3c2a85f8 f11:3efbecef
15099757ns          293628 1c008222 0047258b p.lw             x11, 4(x14!)        x11=3f58a192 x14=10001e14 x14:10001e10  PA:10001e10
15099798ns          293630 1c008226 00ba7a53 fadd.s           f20, f20, f11       f20=xxxxxxxx f20:3f00a08f f11:3f58a192
15099818ns          293631 1c008222 0047258b p.lw             x11, 4(x14!)        x11=3f7f6a8d x14=10001e18 x14:10001e14  PA:10001e14
15099858ns          293633 1c008226 00ba7a53 fadd.s           f20, f20, f11       f20=xxxxxxxx f20:3faca110 f11:3f7f6a8d
15099878ns          293634 1c008222 0047258b p.lw             x11, 4(x14!)        x11=3f69076c x14=10001e1c x14:10001e18  PA:10001e18
15099918ns          293636 1c008226 00ba7a53 fadd.s           f20, f20, f11       f20=xxxxxxxx f20:40162b2b f11:3f69076c
15099938ns          293637 1c008222 0047258b p.lw             x11, 4(x14!)        x11=3f1ad4c6 x14=10001e20 x14:10001e1c  PA:10001e1c
15099978ns          293639 1c008226 00ba7a53 fadd.s           f20, f20, f11       f20=xxxxxxxx f20:40506d06 f11:3f1ad4c6
15099998ns          293640 1c008222 0047258b p.lw             x11, 4(x14!)        x11=3e1e3469 x14=10001e24 x14:10001e20  PA:10001e20
15100038ns          293642 1c008226 00ba7a53 fadd.s           f20, f20, f11       f20=xxxxxxxx f20:40772238 f11:3e1e3469
15100058ns          293643 1c008222 0047258b p.lw             x11, 4(x14!)        x11=beaa6711 x14=10001e28 x14:10001e24  PA:10001e24
15100099ns          293645 1c008226 00ba7a53 fadd.s           f20, f20, f11       f20=xxxxxxxx f20:408082bf f11:beaa6711
15100119ns          293646 1c008222 0047258b p.lw             x11, 4(x14!)        x11=bf3d8c4a x14=10001e2c x14:10001e28  PA:10001e28
15100159ns          293648 1c008226 00ba7a53 fadd.s           f20, f20, f11       f20=xxxxxxxx f20:406bb89c f11:bf3d8c4a
15100179ns          293649 1c008222 0047258b p.lw             x11, 4(x14!)        x11=bf787f77 x14=10001e30 x14:10001e2c  PA:10001e2c
15100219ns          293651 1c008226 00ba7a53 fadd.s           f20, f20, f11       f20=xxxxxxxx f20:403c558a f11:bf787f77
15100239ns          293652 1c008222 0047258b p.lw             x11, 4(x14!)        x11=bf77eeb3 x14=10001e34 x14:10001e30  PA:10001e30
15100279ns          293654 1c008226 00ba7a53 fadd.s           f20, f20, f11       f20=xxxxxxxx f20:3ffc6b58 f11:bf77eeb3
15100299ns          293655 1c008222 0047258b p.lw             x11, 4(x14!)        x11=bf3bfca9 x14=10001e38 x14:10001e34  PA:10001e34
15100339ns          293657 1c008226 00ba7a53 fadd.s           f20, f20, f11       f20=xxxxxxxx f20:3f8073fe f11:bf3bfca9
15100359ns          293658 1c008222 0047258b p.lw             x11, 4(x14!)        x11=bea6097d x14=10001e3c x14:10001e38  PA:10001e38
15100400ns          293660 1c008226 00ba7a53 fadd.s           f20, f20, f11       f20=xxxxxxxx f20:3e89d6a6 f11:bea6097d
15100420ns          293661 1c008222 0047258b p.lw             x11, 4(x14!)        x11=3e2754e2 x14=10001e40 x14:10001e3c  PA:10001e3c
15100460ns          293663 1c008226 00ba7a53 fadd.s           f20, f20, f11       f20=xxxxxxxx f20:bd6196b8 f11:3e2754e2
15100480ns          293664 1c008222 0047258b p.lw             x11, 4(x14!)        x11=3f1caa52 x14=10001e44 x14:10001e40  PA:10001e40
15100520ns          293666 1c008226 00ba7a53 fadd.s           f20, f20, f11       f20=xxxxxxxx f20:3dddde68 f11:3f1caa52
15100540ns          293667 1c008222 0047258b p.lw             x11, 4(x14!)        x11=3f69f9f0 x14=10001e48 x14:10001e44  PA:10001e44
15100580ns          293669 1c008226 00ba7a53 fadd.s           f20, f20, f11       f20=xxxxxxxx f20:3f38661f f11:3f69f9f0
15100600ns          293670 1c008222 0047258b p.lw             x11, 4(x14!)        x11=3f7f3ff4 x14=10001e4c x14:10001e48  PA:10001e48
15100640ns          293672 1c008226 00ba7a53 fadd.s           f20, f20, f11       f20=xxxxxxxx f20:3fd13008 f11:3f7f3ff4
15100660ns          293673 1c008222 0047258b p.lw             x11, 4(x14!)        x11=3f576411 x14=10001e50 x14:10001e4c  PA:10001e4c
15100701ns          293675 1c008226 00ba7a53 fadd.s           f20, f20, f11       f20=xxxxxxxx f20:40286801 f11:3f576411
15100721ns          293676 1c008222 0047258b p.lw             x11, 4(x14!)        x11=3ef7e42f x14=10001e54 x14:10001e50  PA:10001e50
15100761ns          293678 1c008226 00ba7a53 fadd.s           f20, f20, f11       f20=xxxxxxxx f20:405e4105 f11:3ef7e42f
15100781ns          293679 1c008222 0047258b p.lw             x11, 4(x14!)        x11=3c342fbb x14=10001e58 x14:10001e54  PA:10001e54
15100821ns          293681 1c008226 00ba7a53 fadd.s           f20, f20, f11       f20=xxxxxxxx f20:407d3d8b f11:3c342fbb
15100841ns          293682 1c008222 0047258b p.lw             x11, 4(x14!)        x11=beedfa68 x14=10001e5c x14:10001e58  PA:10001e58
15100881ns          293684 1c008226 00ba7a53 fadd.s           f20, f20, f11       f20=xxxxxxxx f20:407df1bb f11:beedfa68
15100901ns          293685 1c008222 0047258b p.lw             x11, 4(x14!)        x11=bf544bb3 x14=10001e60 x14:10001e5c  PA:10001e5c
15100941ns          293687 1c008226 00ba7a53 fadd.s           f20, f20, f11       f20=xxxxxxxx f20:4060326e f11:bf544bb3
15100961ns          293688 1c008222 0047258b p.lw             x11, 4(x14!)        x11=bf7ec1e1 x14=10001e64 x14:10001e60  PA:10001e60
15101001ns          293690 1c008226 00ba7a53 fadd.s           f20, f20, f11       f20=xxxxxxxx f20:402b1f81 f11:bf7ec1e1
15101022ns          293691 1c008222 0047258b p.lw             x11, 4(x14!)        x11=bf6c3459 x14=10001e68 x14:10001e64  PA:10001e64
15101062ns          293693 1c008226 00ba7a53 fadd.s           f20, f20, f11       f20=xxxxxxxx f20:3fd6de12 f11:bf6c3459
15101082ns          293694 1c008222 0047258b p.lw             x11, 4(x14!)        x11=bf21149b x14=10001e6c x14:10001e68  PA:10001e68
15101122ns          293696 1c008226 00ba7a53 fadd.s           f20, f20, f11       f20=xxxxxxxx f20:3f4187cb f11:bf21149b
15101142ns          293697 1c008222 0047258b p.lw             x11, 4(x14!)        x11=be3d82b9 x14=10001e70 x14:10001e6c  PA:10001e6c
15101182ns          293699 1c008226 00ba7a53 fadd.s           f20, f20, f11       f20=xxxxxxxx f20:3e01ccc0 f11:be3d82b9
15101202ns          293700 1c008222 0047258b p.lw             x11, 4(x14!)        x11=3e9b5829 x14=10001e74 x14:10001e70  PA:10001e70
15101242ns          293702 1c008226 00ba7a53 fadd.s           f20, f20, f11       f20=xxxxxxxx f20:bd6ed7e4 f11:3e9b5829
15101262ns          293703 1c008222 0047258b p.lw             x11, 4(x14!)        x11=3f381e95 x14=10001e78 x14:10001e74  PA:10001e74
15101302ns          293705 1c008226 00ba7a53 fadd.s           f20, f20, f11       f20=xxxxxxxx f20:3e7afa59 f11:3f381e95
15101323ns          293706 1c008222 0047258b p.lw             x11, 4(x14!)        x11=3f767855 x14=10001e7c x14:10001e78  PA:10001e78
15101363ns          293708 1c008226 00ba7a53 fadd.s           f20, f20, f11       f20=xxxxxxxx f20:3f76dd2b f11:3f767855
15101383ns          293709 1c008222 0047258b p.lw             x11, 4(x14!)        x11=3f79ca78 x14=10001e80 x14:10001e7c  PA:10001e7c
15101423ns          293711 1c008226 00ba7a53 fadd.s           f20, f20, f11       f20=xxxxxxxx f20:3ff6aac0 f11:3f79ca78
15101443ns          293712 1c008222 0047258b p.lw             x11, 4(x14!)        x11=3f414965 x14=10001e84 x14:10001e80  PA:10001e80
15101483ns          293714 1c008226 00ba7a53 fadd.s           f20, f20, f11       f20=xxxxxxxx f20:4039c7fe f11:3f414965
15101503ns          293715 1c008222 0047258b p.lw             x11, 4(x14!)        x11=3eb4fafe x14=10001e88 x14:10001e84  PA:10001e84
15101543ns          293717 1c008226 00ba7a53 fadd.s           f20, f20, f11       f20=xxxxxxxx f20:406a1a57 f11:3eb4fafe
15101563ns          293718 1c008222 0047258b p.lw             x11, 4(x14!)        x11=be07ea34 x14=10001e8c x14:10001e88  PA:10001e88
15101603ns          293720 1c008226 00ba7a53 fadd.s           f20, f20, f11       f20=xxxxxxxx f20:40805cdb f11:be07ea34
15101624ns          293721 1c008222 0047258b p.lw             x11, 4(x14!)        x11=bf164f48 x14=10001e90 x14:10001e8c  PA:10001e8c
15101664ns          293723 1c008226 00ba7a53 fadd.s           f20, f20, f11       f20=xxxxxxxx f20:40783b13 f11:bf164f48
15101684ns          293724 1c008222 0047258b p.lw             x11, 4(x14!)        x11=bf66a438 x14=10001e94 x14:10001e90  PA:10001e90
15101724ns          293726 1c008226 00ba7a53 fadd.s           f20, f20, f11       f20=xxxxxxxx f20:4052a741 f11:bf66a438
15101744ns          293727 1c008222 0047258b p.lw             x11, 4(x14!)        x11=bf7fbc05 x14=10001e98 x14:10001e94  PA:10001e94
15101784ns          293729 1c008226 00ba7a53 fadd.s           f20, f20, f11       f20=xxxxxxxx f20:4018fe33 f11:bf7fbc05
15101804ns          293730 1c008222 0047258b p.lw             x11, 4(x14!)        x11=bf5b9435 x14=10001e9c x14:10001e98  PA:10001e98
15101844ns          293732 1c008226 00ba7a53 fadd.s           f20, f20, f11       f20=xxxxxxxx f20:3fb21e64 f11:bf5b9435
15101864ns          293733 1c008222 0047258b p.lw             x11, 4(x14!)        x11=bf02d587 x14=10001ea0 x14:10001e9c  PA:10001e9c
15101904ns          293735 1c008226 00ba7a53 fadd.s           f20, f20, f11       f20=xxxxxxxx f20:3f08a893 f11:bf02d587
15101924ns          293736 1c008222 0047258b p.lw             x11, 4(x14!)        x11=bd2c1206 x14=10001ea4 x14:10001ea0  PA:10001ea0
15101965ns          293738 1c008226 00ba7a53 fadd.s           f20, f20, f11       f20=xxxxxxxx f20:3cba6180 f11:bd2c1206
15101985ns          293739 1c008222 0047258b p.lw             x11, 4(x14!)        x11=3edfcd48 x14=10001ea8 x14:10001ea4  PA:10001ea4
15102025ns          293741 1c008226 00ba7a53 fadd.s           f20, f20, f11       f20=xxxxxxxx f20:bc9dc28c f11:3edfcd48
15102045ns          293742 1c008222 0047258b p.lw             x11, 4(x14!)        x11=3f4fc187 x14=10001eac x14:10001ea8  PA:10001ea8
15102085ns          293744 1c008226 00ba7a53 fadd.s           f20, f20, f11       f20=xxxxxxxx f20:3ed5f11f f11:3f4fc187
15102105ns          293745 1c008222 0047258b p.lw             x11, 4(x14!)        x11=3f7dda72 x14=10001eb0 x14:10001eac  PA:10001eac
15102145ns          293747 1c008226 00ba7a53 fadd.s           f20, f20, f11       f20=xxxxxxxx f20:3f9d5d0b f11:3f7dda72
15102165ns          293748 1c008222 0047258b p.lw             x11, 4(x14!)        x11=3f6f2714 x14=10001eb4 x14:10001eb0  PA:10001eb0
15102205ns          293750 1c008226 00ba7a53 fadd.s           f20, f20, f11       f20=xxxxxxxx f20:400e2522 f11:3f6f2714
15102225ns          293751 1c008222 0047258b p.lw             x11, 4(x14!)        x11=3f272cbd x14=10001eb8 x14:10001eb4  PA:10001eb4
15102266ns          293753 1c008226 00ba7a53 fadd.s           f20, f20, f11       f20=xxxxxxxx f20:4049eee7 f11:3f272cbd
15102286ns          293754 1c008222 0047258b p.lw             x11, 4(x14!)        x11=3e5ca245 x14=10001ebc x14:10001eb8  PA:10001eb8
15102326ns          293756 1c008226 00ba7a53 fadd.s           f20, f20, f11       f20=xxxxxxxx f20:4073ba16 f11:3e5ca245
15102346ns          293757 1c008222 0047258b p.lw             x11, 4(x14!)        x11=be8c22fc x14=10001ec0 x14:10001ebc  PA:10001ebc
15102386ns          293759 1c008226 00ba7a53 fadd.s           f20, f20, f11       f20=xxxxxxxx f20:4080c21d f11:be8c22fc
15102406ns          293760 1c008222 0047258b p.lw             x11, 4(x14!)        x11=bf328381 x14=10001ec4 x14:10001ec0  PA:10001ec0
15102446ns          293762 1c008226 00ba7a53 fadd.s           f20, f20, f11       f20=xxxxxxxx f20:406fffda f11:bf328381
15102466ns          293763 1c008222 0047258b p.lw             x11, 4(x14!)        x11=bf743479 x14=10001ec8 x14:10001ec4  PA:10001ec4
15102506ns          293765 1c008226 00ba7a53 fadd.s           f20, f20, f11       f20=xxxxxxxx f20:40435efa f11:bf743479
15102526ns          293766 1c008222 0047258b p.lw             x11, 4(x14!)        x11=bf7b68b4 x14=10001ecc x14:10001ec8  PA:10001ec8
15102567ns          293768 1c008226 00ba7a53 fadd.s           f20, f20, f11       f20=xxxxxxxx f20:400651dc f11:bf7b68b4
15102587ns          293769 1c008222 0047258b p.lw             x11, 4(x14!)        x11=bf466684 x14=10001ed0 x14:10001ecc  PA:10001ecc
15102627ns          293771 1c008226 00ba7a53 fadd.s           f20, f20, f11       f20=xxxxxxxx f20:3f8eef5e f11:bf466684
15102647ns          293772 1c008222 0047258b p.lw             x11, 4(x14!)        x11=bec3bfee x14=10001ed4 x14:10001ed0  PA:10001ed0
15102687ns          293774 1c008226 00ba7a53 fadd.s           f20, f20, f11       f20=xxxxxxxx f20:3eaef070 f11:bec3bfee
15102707ns          293775 1c008222 0047258b p.lw             x11, 4(x14!)        x11=3dd0bc00 x14=10001ed8 x14:10001ed4  PA:10001ed4
15102747ns          293777 1c008226 00ba7a53 fadd.s           f20, f20, f11       f20=xxxxxxxx f20:bd267bf0 f11:3dd0bc00
15102767ns          293778 1c008222 0047258b p.lw             x11, 4(x14!)        x11=3f0fcf39 x14=10001edc x14:10001ed8  PA:10001ed8
15102807ns          293780 1c008226 00ba7a53 fadd.s           f20, f20, f11       f20=xxxxxxxx f20:3d7afc10 f11:3f0fcf39
15102827ns          293781 1c008222 0047258b p.lw             x11, 4(x14!)        x11=3f6315af x14=10001ee0 x14:10001edc  PA:10001edc
15102868ns          293783 1c008226 00ba7a53 fadd.s           f20, f20, f11       f20=xxxxxxxx f20:3f1f7efa f11:3f6315af
15102888ns          293784 1c008222 0047258b p.lw             x11, 4(x14!)        x11=3f7ff915 x14=10001ee4 x14:10001ee0  PA:10001ee0
15102928ns          293786 1c008226 00ba7a53 fadd.s           f20, f20, f11       f20=xxxxxxxx f20:3fc14a54 f11:3f7ff915
15102948ns          293787 1c008222 0047258b p.lw             x11, 4(x14!)        x11=3f5f8e3d x14=10001ee8 x14:10001ee4  PA:10001ee4
15102988ns          293789 1c008226 00ba7a53 fadd.s           f20, f20, f11       f20=xxxxxxxx f20:4020a36f f11:3f5f8e3d
15103008ns          293790 1c008222 0047258b p.lw             x11, 4(x14!)        x11=3f0998b5 x14=10001eec x14:10001ee8  PA:10001ee8
15103048ns          293792 1c008226 00ba7a53 fadd.s           f20, f20, f11       f20=xxxxxxxx f20:405886fe f11:3f0998b5
15103068ns          293793 1c008222 0047258b p.lw             x11, 4(x14!)        x11=3d9576c3 x14=10001ef0 x14:10001eec  PA:10001eec
15103108ns          293795 1c008226 00ba7a53 fadd.s           f20, f20, f11       f20=xxxxxxxx f20:407aed2b f11:3d9576c3
15103128ns          293796 1c008222 0047258b p.lw             x11, 4(x14!)        x11=bed16903 x14=10001ef4 x14:10001ef0  PA:10001ef0
15103169ns          293798 1c008226 00ba7a53 fadd.s           f20, f20, f11       f20=xxxxxxxx f20:407f98e1 f11:bed16903
15103189ns          293799 1c008222 0047258b p.lw             x11, 4(x14!)        x11=bf4b042a x14=10001ef8 x14:10001ef4  PA:10001ef4
15103229ns          293801 1c008226 00ba7a53 fadd.s           f20, f20, f11       f20=xxxxxxxx f20:40656bc1 f11:bf4b042a
15103249ns          293802 1c008222 0047258b p.lw             x11, 4(x14!)        x11=bf7cb477 x14=10001efc x14:10001ef8  PA:10001ef8
15103289ns          293804 1c008226 00ba7a53 fadd.s           f20, f20, f11       f20=xxxxxxxx f20:4032aab6 f11:bf7cb477
15103309ns          293805 1c008222 0047258b p.lw             x11, 4(x14!)        x11=bf71dee4 x14=10001f00 x14:10001efc  PA:10001efc
15103349ns          293807 1c008226 00ba7a53 fadd.s           f20, f20, f11       f20=xxxxxxxx f20:3fe6fb30 f11:bf71dee4
15103369ns          293808 1c008222 0047258b p.lw             x11, 4(x14!)        x11=bf2d1bb2 x14=10001f04 x14:10001f00  PA:10001f00
15103409ns          293810 1c008226 00ba7a53 fadd.s           f20, f20, f11       f20=xxxxxxxx f20:3f5c177c f11:bf2d1bb2
15103429ns          293811 1c008222 0047258b p.lw             x11, 4(x14!)        x11=be7b8b82 x14=10001f08 x14:10001f04  PA:10001f04
15103470ns          293813 1c008226 00ba7a53 fadd.s           f20, f20, f11       f20=xxxxxxxx f20:3e3bef28 f11:be7b8b82
15103490ns          293814 1c008222 0047258b p.lw             x11, 4(x14!)        x11=3e79968e x14=10001f0c x14:10001f08  PA:10001f08
15103530ns          293816 1c008226 00ba7a53 fadd.s           f20, f20, f11       f20=xxxxxxxx f20:bd7e7168 f11:3e79968e
15103550ns          293817 1c008222 0047258b p.lw             x11, 4(x14!)        x11=3f2cbc74 x14=10001f10 x14:10001f0c  PA:10001f0c
15103590ns          293819 1c008226 00ba7a53 fadd.s           f20, f20, f11       f20=xxxxxxxx f20:3e39fa34 f11:3f2cbc74
15103610ns          293820 1c008222 0047258b p.lw             x11, 4(x14!)        x11=3f71b474 x14=10001f14 x14:10001f10  PA:10001f10
15103650ns          293822 1c008226 00ba7a53 fadd.s           f20, f20, f11       f20=xxxxxxxx f20:3f5b3b01 f11:3f71b474
15103670ns          293823 1c008222 0047258b p.lw             x11, 4(x14!)        x11=3f7cc8ff x14=10001f18 x14:10001f14  PA:10001f14
15103710ns          293825 1c008226 00ba7a53 fadd.s           f20, f20, f11       f20=xxxxxxxx f20:3fe677ba f11:3f7cc8ff
15103730ns          293826 1c008222 0047258b p.lw             x11, 4(x14!)        x11=3f4b52bf x14=10001f1c x14:10001f18  PA:10001f18
15103771ns          293828 1c008226 00ba7a53 fadd.s           f20, f20, f11       f20=xxxxxxxx f20:40326e1d f11:3f4b52bf
15103791ns          293829 1c008222 0047258b p.lw             x11, 4(x14!)        x11=3ed2549f x14=10001f20 x14:10001f1c  PA:10001f1c
15103831ns          293831 1c008226 00ba7a53 fadd.s           f20, f20, f11       f20=xxxxxxxx f20:406542cd f11:3ed2549f
15103851ns          293832 1c008222 0047258b p.lw             x11, 4(x14!)        x11=bd917039 x14=10001f24 x14:10001f20  PA:10001f20
15103891ns          293834 1c008226 00ba7a53 fadd.s           f20, f20, f11       f20=xxxxxxxx f20:407f8d61 f11:bd917039
15103911ns          293835 1c008222 0047258b p.lw             x11, 4(x14!)        x11=bf092bb9 x14=10001f28 x14:10001f24  PA:10001f24
15103951ns          293837 1c008226 00ba7a53 fadd.s           f20, f20, f11       f20=xxxxxxxx f20:407b01df f11:bf092bb9
15103971ns          293838 1c008222 0047258b p.lw             x11, 4(x14!)        x11=bf5f4f31 x14=10001f2c x14:10001f28  PA:10001f28
15104011ns          293840 1c008226 00ba7a53 fadd.s           f20, f20, f11       f20=xxxxxxxx f20:4058b6f1 f11:bf5f4f31
15104031ns          293841 1c008222 0047258b p.lw             x11, 4(x14!)        x11=bf7ff714 x14=10001f30 x14:10001f2c  PA:10001f2c
15104071ns          293843 1c008226 00ba7a53 fadd.s           f20, f20, f11       f20=xxxxxxxx f20:4020e325 f11:bf7ff714
15104092ns          293844 1c008222 0047258b p.lw             x11, 4(x14!)        x11=bf635134 x14=10001f34 x14:10001f30  PA:10001f30
15104132ns          293846 1c008226 00ba7a53 fadd.s           f20, f20, f11       f20=xxxxxxxx f20:3fc1cac0 f11:bf635134
15104152ns          293847 1c008222 0047258b p.lw             x11, 4(x14!)        x11=bf103a02 x14=10001f38 x14:10001f34  PA:10001f34
15104192ns          293849 1c008226 00ba7a53 fadd.s           f20, f20, f11       f20=xxxxxxxx f20:3f20444c f11:bf103a02
15104212ns          293850 1c008222 0047258b p.lw             x11, 4(x14!)        x11=bdd4bfd7 x14=10001f3c x14:10001f38  PA:10001f38
15104252ns          293852 1c008226 00ba7a53 fadd.s           f20, f20, f11       f20=xxxxxxxx f20:3d805250 f11:bdd4bfd7
15104272ns          293853 1c008222 0047258b p.lw             x11, 4(x14!)        x11=3ec2d122 x14=10001f40 x14:10001f3c  PA:10001f3c
15104312ns          293855 1c008226 00ba7a53 fadd.s           f20, f20, f11       f20=xxxxxxxx f20:bd28db0e f11:3ec2d122
15104332ns          293856 1c008222 0047258b p.lw             x11, 4(x14!)        x11=3f4614ca x14=10001f44 x14:10001f40  PA:10001f40
15104372ns          293858 1c008226 00ba7a53 fadd.s           f20, f20, f11       f20=xxxxxxxx f20:3eadb5c0 f11:3f4614ca
15104393ns          293859 1c008222 0047258b p.lw             x11, 4(x14!)        x11=3f7b503a x14=10001f48 x14:10001f44  PA:10001f44
15104433ns          293861 1c008226 00ba7a53 fadd.s           f20, f20, f11       f20=xxxxxxxx f20:3f8e77d5 f11:3f7b503a
15104453ns          293862 1c008222 0047258b p.lw             x11, 4(x14!)        x11=3f745b1b x14=10001f4c x14:10001f48  PA:10001f48
15104493ns          293864 1c008226 00ba7a53 fadd.s           f20, f20, f11       f20=xxxxxxxx f20:40060ff9 f11:3f745b1b
15104513ns          293865 1c008222 0047258b p.lw             x11, 4(x14!)        x11=3f32dfff x14=10001f50 x14:10001f4c  PA:10001f4c
15104553ns          293867 1c008226 00ba7a53 fadd.s           f20, f20, f11       f20=xxxxxxxx f20:404326c0 f11:3f32dfff
15104573ns          293868 1c008222 0047258b p.lw             x11, 4(x14!)        x11=3e8d1b5c x14=10001f54 x14:10001f50  PA:10001f50
15104613ns          293870 1c008226 00ba7a53 fadd.s           f20, f20, f11       f20=xxxxxxxx f20:406fdec0 f11:3e8d1b5c
15104633ns          293871 1c008222 0047258b p.lw             x11, 4(x14!)        x11=be5aa9ae x14=10001f58 x14:10001f54  PA:10001f54
15104673ns          293873 1c008226 00ba7a53 fadd.s           f20, f20, f11       f20=xxxxxxxx f20:4080c116 f11:be5aa9ae
15104694ns          293874 1c008222 0047258b p.lw             x11, 4(x14!)        x11=bf26cad6 x14=10001f5c x14:10001f58  PA:10001f58
15104734ns          293876 1c008226 00ba7a53 fadd.s           f20, f20, f11       f20=xxxxxxxx f20:4073d791 f11:bf26cad6
15104754ns          293877 1c008222 0047258b p.lw             x11, 4(x14!)        x11=bf6ef8e0 x14=10001f60 x14:10001f5c  PA:10001f5c
15104794ns          293879 1c008226 00ba7a53 fadd.s           f20, f20, f11       f20=xxxxxxxx f20:404a24dc f11:bf6ef8e0
15104814ns          293880 1c008222 0047258b p.lw             x11, 4(x14!)        x11=bf7deb02 x14=10001f64 x14:10001f60  PA:10001f60
15104854ns          293882 1c008226 00ba7a53 fadd.s           f20, f20, f11       f20=xxxxxxxx f20:400e66a4 f11:bf7deb02
15104874ns          293883 1c008222 0047258b p.lw             x11, 4(x14!)        x11=bf500ce5 x14=10001f68 x14:10001f64  PA:10001f64
15104914ns          293885 1c008226 00ba7a53 fadd.s           f20, f20, f11       f20=xxxxxxxx f20:3f9dd7c7 f11:bf500ce5
15104934ns          293886 1c008222 0047258b p.lw             x11, 4(x14!)        x11=bee0b584 x14=10001f6c x14:10001f68  PA:10001f68
15104974ns          293888 1c008226 00ba7a53 fadd.s           f20, f20, f11       f20=xxxxxxxx f20:3ed74552 f11:bee0b584
15104994ns          293889 1c008222 0047258b p.lw             x11, 4(x14!)        x11=3d240133 x14=10001f70 x14:10001f6c  PA:10001f6c
15105035ns          293891 1c008226 00ba7a53 fadd.s           f20, f20, f11       f20=xxxxxxxx f20:bc970320 f11:3d240133
15105055ns          293892 1c008222 0047258b p.lw             x11, 4(x14!)        x11=3f026671 x14=10001f74 x14:10001f70  PA:10001f70
15105095ns          293894 1c008226 00ba7a53 fadd.s           f20, f20, f11       f20=xxxxxxxx f20:3cb0ff46 f11:3f026671
15105115ns          293895 1c008222 0047258b p.lw             x11, 4(x14!)        x11=3f5b51b1 x14=10001f78 x14:10001f74  PA:10001f74
15105155ns          293897 1c008226 00ba7a53 fadd.s           f20, f20, f11       f20=xxxxxxxx f20:3f07ee6b f11:3f5b51b1
15105175ns          293898 1c008222 0047258b p.lw             x11, 4(x14!)        x11=3f7fb603 x14=10001f7c x14:10001f78  PA:10001f78
15105215ns          293900 1c008226 00ba7a53 fadd.s           f20, f20, f11       f20=xxxxxxxx f20:3fb1a00e f11:3f7fb603
15105235ns          293901 1c008222 0047258b p.lw             x11, 4(x14!)        x11=3f66dc27 x14=10001f80 x14:10001f7c  PA:10001f7c
15105275ns          293903 1c008226 00ba7a53 fadd.s           f20, f20, f11       f20=xxxxxxxx f20:4018bd88 f11:3f66dc27
15105295ns          293904 1c008222 0047258b p.lw             x11, 4(x14!)        x11=3f16b7c3 x14=10001f84 x14:10001f80  PA:10001f80
15105336ns          293906 1c008226 00ba7a53 fadd.s           f20, f20, f11       f20=xxxxxxxx f20:40527492 f11:3f16b7c3
15105356ns          293907 1c008222 0047258b p.lw             x11, 4(x14!)        x11=3e09ea2e x14=10001f88 x14:10001f84  PA:10001f84
15105396ns          293909 1c008226 00ba7a53 fadd.s           f20, f20, f11       f20=xxxxxxxx f20:40782283 f11:3e09ea2e
15105416ns          293910 1c008222 0047258b p.lw             x11, 4(x14!)        x11=beb40944 x14=10001f8c x14:10001f88  PA:10001f88
15105456ns          293912 1c008226 00ba7a53 fadd.s           f20, f20, f11       f20=xxxxxxxx f20:40806093 f11:beb40944
15105476ns          293913 1c008222 0047258b p.lw             x11, 4(x14!)        x11=bf40f49b x14=10001f90 x14:10001f8c  PA:10001f8c
15105516ns          293915 1c008226 00ba7a53 fadd.s           f20, f20, f11       f20=xxxxxxxx f20:406a3ffe f11:bf40f49b
15105536ns          293916 1c008222 0047258b p.lw             x11, 4(x14!)        x11=bf79ae12 x14=10001f94 x14:10001f90  PA:10001f90
15105576ns          293918 1c008226 00ba7a53 fadd.s           f20, f20, f11       f20=xxxxxxxx f20:403a02d7 f11:bf79ae12
15105596ns          293919 1c008222 0047258b p.lw             x11, 4(x14!)        x11=bf769b20 x14=10001f98 x14:10001f94  PA:10001f94
15105637ns          293921 1c008226 00ba7a53 fadd.s           f20, f20, f11       f20=xxxxxxxx f20:3ff72ea5 f11:bf769b20
15105657ns          293922 1c008222 0047258b p.lw             x11, 4(x14!)        x11=bf38783b x14=10001f9c x14:10001f98  PA:10001f98
15105697ns          293924 1c008226 00ba7a53 fadd.s           f20, f20, f11       f20=xxxxxxxx f20:3f77c22a f11:bf38783b
15105717ns          293925 1c008222 0047258b p.lw             x11, 4(x14!)        x11=be9c4e3c x14=10001fa0 x14:10001f9c  PA:10001f9c
15105757ns          293927 1c008226 00ba7a53 fadd.s           f20, f20, f11       f20=xxxxxxxx f20:3e7d27bc f11:be9c4e3c
15105777ns          293928 1c008222 0047258b p.lw             x11, 4(x14!)        x11=3e3b86e5 x14=10001fa4 x14:10001fa0  PA:10001fa0
15105817ns          293930 1c008226 00ba7a53 fadd.s           f20, f20, f11       f20=xxxxxxxx f20:bd6dd2f0 f11:3e3b86e5
15105837ns          293931 1c008222 0047258b p.lw             x11, 4(x14!)        x11=3f20b023 x14=10001fa8 x14:10001fa4  PA:10001fa4
15105877ns          293933 1c008226 00ba7a53 fadd.s           f20, f20, f11       f20=xxxxxxxx f20:3e001229 f11:3f20b023
15105897ns          293934 1c008222 0047258b p.lw             x11, 4(x14!)        x11=3f6c026e x14=10001fac x14:10001fa8  PA:10001fa8
15105938ns          293936 1c008226 00ba7a53 fadd.s           f20, f20, f11       f20=xxxxxxxx f20:3f40b4ad f11:3f6c026e
15105958ns          293937 1c008222 0047258b p.lw             x11, 4(x14!)        x11=3f7ece76 x14=10001fb0 x14:10001fac  PA:10001fac
15105998ns          293939 1c008226 00ba7a53 fadd.s           f20, f20, f11       f20=xxxxxxxx f20:3fd65b8e f11:3f7ece76
15106018ns          293940 1c008222 0047258b p.lw             x11, 4(x14!)        x11=3f5493c6 x14=10001fb4 x14:10001fb0  PA:10001fb0
15106058ns          293942 1c008226 00ba7a53 fadd.s           f20, f20, f11       f20=xxxxxxxx f20:402ae164 f11:3f5493c6
15106078ns          293943 1c008222 0047258b p.lw             x11, 4(x14!)        x11=3eeedf03 x14=10001fb8 x14:10001fb4  PA:10001fb4
15106118ns          293945 1c008226 00ba7a53 fadd.s           f20, f20, f11       f20=xxxxxxxx f20:40600656 f11:3eeedf03
15106138ns          293946 1c008222 0047258b p.lw             x11, 4(x14!)        x11=bc13e661 x14=10001fbc x14:10001fb8  PA:10001fb8
15106178ns          293948 1c008226 00ba7a53 fadd.s           f20, f20, f11       f20=xxxxxxxx f20:407de236 f11:bc13e661
15106198ns          293949 1c008222 0047258b p.lw             x11, 4(x14!)        x11=bef70209 x14=10001fc0 x14:10001fbc  PA:10001fbc
15106239ns          293951 1c008226 00ba7a53 fadd.s           f20, f20, f11       f20=xxxxxxxx f20:407d4e50 f11:bef70209
15106259ns          293952 1c008222 0047258b p.lw             x11, 4(x14!)        x11=bf571e27 x14=10001fc4 x14:10001fc0  PA:10001fc0
15106299ns          293954 1c008226 00ba7a53 fadd.s           f20, f20, f11       f20=xxxxxxxx f20:405e6e0f f11:bf571e27
15106319ns          293955 1c008222 0047258b p.lw             x11, 4(x14!)        x11=bf7f35f2 x14=10001fc8 x14:10001fc4  PA:10001fc4
15106359ns          293957 1c008226 00ba7a53 fadd.s           f20, f20, f11       f20=xxxxxxxx f20:4028a685 f11:bf7f35f2
15106379ns          293958 1c00822a 1c0007b7 lui              x15, 0x1c000000     x15=1c000000
15106800ns          293979 1c00822e 0247a583 lw               x11, 36(x15)        x11=43480000 x15:1c000000  PA:1c000024
15107121ns          293995 1c008232 18ba75d3 fdiv.s           f11, f20, f11       f11=xxxxxxxx f20:3fd1b211 f11:43480000
15108145ns          294046 1c008236 08b6f6d3 fsub.s           f13, f13, f11       f13=xxxxxxxx f13:3ef2f310 f11:3c063486
15108165ns          294047 1c00823a 40c707b3 sub              x15, x14, x12       x15=0000031c x14:10001fc8 x12:10001cac
15108185ns          294048 1c00823e ffc78793 addi             x15, x15, -4        x15=00000318 x15:0000031c
15108205ns          294049 1c008240 10d6f6d3 fmul.s           f13, f13, f13       f13=xxxxxxxx f13:3eeec16c f13:3eeec16c
15108225ns          294050 1c008244 0027d793 srli             x15, x15, 0x2       x15=000000c6 x15:00000318
15108245ns          294051 1c008246 00178793 addi             x15, x15, 1         x15=000000c7 x15:000000c6
15108265ns          294052 1c008248 0067c0fb lp.setup         0x1, x15, 0x6       x15:000000c7
15108285ns          294053 1c00824c 0046270b p.lw             x14, 4(x12!)        x14=3f55db32 x12=10001cb0 x12:10001cac  PA:10001cac
15108325ns          294055 1c008250 08b77753 fsub.s           f14, f14, f11       f14=xxxxxxxx f14:3f55db32 f11:3c063486
15108345ns          294056 1c008254 68e776c3 fmadd.s          f13, f14, f14, f13  f13=xxxxxxxx f14:3f53c260 f14:3f53c260 f13:3e5eac37
15108365ns          294057 1c00824c 0046270b p.lw             x14, 4(x12!)        x14=3f7f04dd x12=10001cb4 x12:10001cb0  PA:10001cb0
15108406ns          294059 1c008250 08b77753 fsub.s           f14, f14, f11       f14=xxxxxxxx f14:3f7f04dd f11:3c063486
15108426ns          294060 1c008254 68e776c3 fmadd.s          f13, f14, f14, f13  f13=xxxxxxxx f14:3f7cec0b f14:3f7cec0b f13:3f66d50c
15108446ns          294061 1c00824c 0046270b p.lw             x14, 4(x12!)        x14=3f6b1ac7 x12=10001cb8 x12:10001cb4  PA:10001cb4
15108486ns          294063 1c008250 08b77753 fsub.s           f14, f14, f11       f14=xxxxxxxx f14:3f6b1ac7 f11:3c063486
15108506ns          294064 1c008254 68e776c3 fmadd.s          f13, f14, f14, f13  f13=xxxxxxxx f14:3f6901f5 f14:3f6901f5 f13:3ff05b4e
15108526ns          294065 1c00824c 0046270b p.lw             x14, 4(x12!)        x14=3f1ee1e8 x12=10001cbc x12:10001cb8  PA:10001cb8
15108566ns          294067 1c008250 08b77753 fsub.s           f14, f14, f11       f14=xxxxxxxx f14:3f1ee1e8 f11:3c063486
15108586ns          294068 1c008254 68e776c3 fmadd.s          f13, f14, f14, f13  f13=xxxxxxxx f14:3f1cc916 f14:3f1cc916 f13:402d32cb
15108606ns          294069 1c00824c 0046270b p.lw             x14, 4(x12!)        x14=3e326e80 x12=10001cc0 x12:10001cbc  PA:10001cbc
15108646ns          294071 1c008250 08b77753 fsub.s           f14, f14, f11       f14=xxxxxxxx f14:3e326e80 f11:3c063486
15108666ns          294072 1c008254 68e776c3 fmadd.s          f13, f14, f14, f13  f13=xxxxxxxx f14:3e2a0b38 f14:3e2a0b38 f13:40453437
15108687ns          294073 1c00824c 0046270b p.lw             x14, 4(x12!)        x14=bea0b357 x12=10001cc4 x12:10001cc0  PA:10001cc0
15108727ns          294075 1c008250 08b77753 fsub.s           f14, f14, f11       f14=xxxxxxxx f14:bea0b357 f11:3c063486
15108747ns          294076 1c008254 68e776c3 fmadd.s          f13, f14, f14, f13  f13=xxxxxxxx f14:bea4e4fb f14:bea4e4fb f13:4046f803
15108767ns          294077 1c00824c 0046270b p.lw             x14, 4(x12!)        x14=bf3a1084 x12=10001cc8 x12:10001cc4  PA:10001cc4
15108807ns          294079 1c008250 08b77753 fsub.s           f14, f14, f11       f14=xxxxxxxx f14:bf3a1084 f11:3c063486
15108827ns          294080 1c008254 68e776c3 fmadd.s          f13, f14, f14, f13  f13=xxxxxxxx f14:bf3c2956 f14:bf3c2956 f13:404d9b66
15108847ns          294081 1c00824c 0046270b p.lw             x14, 4(x12!)        x14=bf773759 x12=10001ccc x12:10001cc8  PA:10001cc8
15108887ns          294083 1c008250 08b77753 fsub.s           f14, f14, f11       f14=xxxxxxxx f14:bf773759 f11:3c063486
15108907ns          294084 1c008254 68e776c3 fmadd.s          f13, f14, f14, f13  f13=xxxxxxxx f14:bf79502b f14:bf79502b f13:40702e95
15108927ns          294085 1c00824c 0046270b p.lw             x14, 4(x12!)        x14=bf7928d2 x12=10001cd0 x12:10001ccc  PA:10001ccc
15108967ns          294087 1c008250 08b77753 fsub.s           f14, f14, f11       f14=xxxxxxxx f14:bf7928d2 f11:3c063486
15108988ns          294088 1c008254 68e776c3 fmadd.s          f13, f14, f14, f13  f13=xxxxxxxx f14:bf7b41a4 f14:bf7b41a4 f13:409670ec
15109008ns          294089 1c00824c 0046270b p.lw             x14, 4(x12!)        x14=bf3f6dcb x12=10001cd4 x12:10001cd0  PA:10001cd0
15109048ns          294091 1c008250 08b77753 fsub.s           f14, f14, f11       f14=xxxxxxxx f14:bf3f6dcb f11:3c063486
15109068ns          294092 1c008254 68e776c3 fmadd.s          f13, f14, f14, f13  f13=xxxxxxxx f14:bf41869d f14:bf41869d f13:40b54425
15109088ns          294093 1c00824c 0046270b p.lw             x14, 4(x12!)        x14=beafb3b4 x12=10001cd8 x12:10001cd4  PA:10001cd4
15109128ns          294095 1c008250 08b77753 fsub.s           f14, f14, f11       f14=xxxxxxxx f14:beafb3b4 f11:3c063486
15109148ns          294096 1c008254 68e776c3 fmadd.s          f13, f14, f14, f13  f13=xxxxxxxx f14:beb3e558 f14:beb3e558 f13:40c78dad
15109168ns          294097 1c00824c 0046270b p.lw             x14, 4(x12!)        x14=3e1311b2 x12=10001cdc x12:10001cd8  PA:10001cd8
15109208ns          294099 1c008250 08b77753 fsub.s           f14, f14, f11       f14=xxxxxxxx f14:3e1311b2 f11:3c063486
15109228ns          294100 1c008254 68e776c3 fmadd.s          f13, f14, f14, f13  f13=xxxxxxxx f14:3e0aae6a f14:3e0aae6a f13:40cb8101
15109248ns          294101 1c00824c 0046270b p.lw             x14, 4(x12!)        x14=3f18946b x12=10001ce0 x12:10001cdc  PA:10001cdc
15109288ns          294103 1c008250 08b77753 fsub.s           f14, f14, f11       f14=xxxxxxxx f14:3f18946b f11:3c063486
15109309ns          294104 1c008254 68e776c3 fmadd.s          f13, f14, f14, f13  f13=xxxxxxxx f14:3f167b99 f14:3f167b99 f13:40cc1742
15109329ns          294105 1c00824c 0046270b p.lw             x14, 4(x12!)        x14=3f67d96d x12=10001ce4 x12:10001ce0  PA:10001ce0
15109369ns          294107 1c008250 08b77753 fsub.s           f14, f14, f11       f14=xxxxxxxx f14:3f67d96d f11:3c063486
15109389ns          294108 1c008254 68e776c3 fmadd.s          f13, f14, f14, f13  f13=xxxxxxxx f14:3f65c09b f14:3f65c09b f13:40d725e4
15109409ns          294109 1c00824c 0046270b p.lw             x14, 4(x12!)        x14=3f7f973d x12=10001ce8 x12:10001ce4  PA:10001ce4
15109449ns          294111 1c008250 08b77753 fsub.s           f14, f14, f11       f14=xxxxxxxx f14:3f7f973d f11:3c063486
15109469ns          294112 1c008254 68e776c3 fmadd.s          f13, f14, f14, f13  f13=xxxxxxxx f14:3f7d7e6b f14:3f7d7e6b f13:40f0ec29
15109489ns          294113 1c00824c 0046270b p.lw             x14, 4(x12!)        x14=3f5a1e3f x12=10001cec x12:10001ce8  PA:10001ce8
15109529ns          294115 1c008250 08b77753 fsub.s           f14, f14, f11       f14=xxxxxxxx f14:3f5a1e3f f11:3c063486
15109549ns          294116 1c008254 68e776c3 fmadd.s          f13, f14, f14, f13  f13=xxxxxxxx f14:3f58056d f14:3f58056d f13:41082646
15109569ns          294117 1c00824c 0046270b p.lw             x14, 4(x12!)        x14=3f0067f3 x12=10001cf0 x12:10001cec  PA:10001cec
15109610ns          294119 1c008250 08b77753 fsub.s           f14, f14, f11       f14=xxxxxxxx f14:3f0067f3 f11:3c063486
15109630ns          294120 1c008254 68e776c3 fmadd.s          f13, f14, f14, f13  f13=xxxxxxxx f14:3efc9e42 f14:3efc9e42 f13:41138ad9
15109650ns          294121 1c00824c 0046270b p.lw             x14, 4(x12!)        x14=3cfe1a04 x12=10001cf4 x12:10001cf0  PA:10001cf0
15109690ns          294123 1c008250 08b77753 fsub.s           f14, f14, f11       f14=xxxxxxxx f14:3cfe1a04 f11:3c063486
15109710ns          294124 1c008254 68e776c3 fmadd.s          f13, f14, f14, f13  f13=xxxxxxxx f14:3cbaffc1 f14:3cbaffc1 f13:41176ff9
15109730ns          294125 1c00824c 0046270b p.lw             x14, 4(x12!)        x14=bee4da5a x12=10001cf8 x12:10001cf4  PA:10001cf4
15109770ns          294127 1c008250 08b77753 fsub.s           f14, f14, f11       f14=xxxxxxxx f14:bee4da5a f11:3c063486
15109790ns          294128 1c008254 68e776c3 fmadd.s          f13, f14, f14, f13  f13=xxxxxxxx f14:bee90bfe f14:bee90bfe f13:4117721b
15109810ns          294129 1c00824c 0046270b p.lw             x14, 4(x12!)        x14=bf516373 x12=10001cfc x12:10001cf8  PA:10001cf8
15109850ns          294131 1c008250 08b77753 fsub.s           f14, f14, f11       f14=xxxxxxxx f14:bf516373 f11:3c063486
15109870ns          294132 1c008254 68e776c3 fmadd.s          f13, f14, f14, f13  f13=xxxxxxxx f14:bf537c45 f14:bf537c45 f13:411ac2b6
15109890ns          294133 1c00824c 0046270b p.lw             x14, 4(x12!)        x14=bf7e33a9 x12=10001d00 x12:10001cfc  PA:10001cfc
15109931ns          294135 1c008250 08b77753 fsub.s           f14, f14, f11       f14=xxxxxxxx f14:bf7e33a9 f11:3c063486
15109951ns          294136 1c008254 68e776c3 fmadd.s          f13, f14, f14, f13  f13=xxxxxxxx f14:bf80263e f14:bf80263e f13:4125ae17
15109971ns          294137 1c00824c 0046270b p.lw             x14, 4(x12!)        x14=bf6e2238 x12=10001d04 x12:10001d00  PA:10001d00
15110011ns          294139 1c008250 08b77753 fsub.s           f14, f14, f11       f14=xxxxxxxx f14:bf6e2238 f11:3c063486
15110031ns          294140 1c008254 68e776c3 fmadd.s          f13, f14, f14, f13  f13=xxxxxxxx f14:bf703b0a f14:bf703b0a f13:4135b7a8
15110051ns          294141 1c00824c 0046270b p.lw             x14, 4(x12!)        x14=bf250849 x12=10001d08 x12:10001d04  PA:10001d04
15110091ns          294143 1c008250 08b77753 fsub.s           f14, f14, f11       f14=xxxxxxxx f14:bf250849 f11:3c063486
15110111ns          294144 1c008254 68e776c3 fmadd.s          f13, f14, f14, f13  f13=xxxxxxxx f14:bf27211b f14:bf27211b f13:4143ce94
15110131ns          294145 1c00824c 0046270b p.lw             x14, 4(x12!)        x14=be519f78 x12=10001d0c x12:10001d08  PA:10001d08
15110171ns          294147 1c008250 08b77753 fsub.s           f14, f14, f11       f14=xxxxxxxx f14:be519f78 f11:3c063486
15110191ns          294148 1c008254 68e776c3 fmadd.s          f13, f14, f14, f13  f13=xxxxxxxx f14:be5a02c0 f14:be5a02c0 f13:414aa057
15110211ns          294149 1c00824c 0046270b p.lw             x14, 4(x12!)        x14=3e918b55 x12=10001d10 x12:10001d0c  PA:10001d0c
15110252ns          294151 1c008250 08b77753 fsub.s           f14, f14, f11       f14=xxxxxxxx f14:3e918b55 f11:3c063486
15110272ns          294152 1c008254 68e776c3 fmadd.s          f13, f14, f14, f13  f13=xxxxxxxx f14:3e8d59b1 f14:3e8d59b1 f13:414b5a00
15110292ns          294153 1c00824c 0046270b p.lw             x14, 4(x12!)        x14=3f34855f x12=10001d14 x12:10001d10  PA:10001d10
15110332ns          294155 1c008250 08b77753 fsub.s           f14, f14, f11       f14=xxxxxxxx f14:3f34855f f11:3c063486
15110352ns          294156 1c008254 68e776c3 fmadd.s          f13, f14, f14, f13  f13=xxxxxxxx f14:3f326c8d f14:3f326c8d f13:414c9230
15110372ns          294157 1c00824c 0046270b p.lw             x14, 4(x12!)        x14=3f7508f5 x12=10001d18 x12:10001d14  PA:10001d14
15110412ns          294159 1c008250 08b77753 fsub.s           f14, f14, f11       f14=xxxxxxxx f14:3f7508f5 f11:3c063486
15110432ns          294160 1c008254 68e776c3 fmadd.s          f13, f14, f14, f13  f13=xxxxxxxx f14:3f72f023 f14:3f72f023 f13:415457e2
15110452ns          294161 1c00824c 0046270b p.lw             x14, 4(x12!)        x14=3f7adceb x12=10001d1c x12:10001d18  PA:10001d18
15110492ns          294163 1c008250 08b77753 fsub.s           f14, f14, f11       f14=xxxxxxxx f14:3f7adceb f11:3c063486
15110512ns          294164 1c008254 68e776c3 fmadd.s          f13, f14, f14, f13  f13=xxxxxxxx f14:3f78c419 f14:3f78c419 f13:4162c090
15110533ns          294165 1c00824c 0046270b p.lw             x14, 4(x12!)        x14=3f449bef x12=10001d20 x12:10001d1c  PA:10001d1c
15110573ns          294167 1c008250 08b77753 fsub.s           f14, f14, f11       f14=xxxxxxxx f14:3f449bef f11:3c063486
15110593ns          294168 1c008254 68e776c3 fmadd.s          f13, f14, f14, f13  f13=xxxxxxxx f14:3f42831d f14:3f42831d f13:4171dc58
15110613ns          294169 1c00824c 0046270b p.lw             x14, 4(x12!)        x14=3ebe88d7 x12=10001d24 x12:10001d20  PA:10001d20
15110653ns          294171 1c008250 08b77753 fsub.s           f14, f14, f11       f14=xxxxxxxx f14:3ebe88d7 f11:3c063486
15110673ns          294172 1c008254 68e776c3 fmadd.s          f13, f14, f14, f13  f13=xxxxxxxx f14:3eba5733 f14:3eba5733 f13:417b1908
15110693ns          294173 1c00824c 0046270b p.lw             x14, 4(x12!)        x14=bde720fa x12=10001d28 x12:10001d24  PA:10001d24
15110733ns          294175 1c008250 08b77753 fsub.s           f14, f14, f11       f14=xxxxxxxx f14:bde720fa f11:3c063486
15110753ns          294176 1c008254 68e776c3 fmadd.s          f13, f14, f14, f13  f13=xxxxxxxx f14:bdf7e78b f14:bdf7e78b f13:417d3793
15110773ns          294177 1c00824c 0046270b p.lw             x14, 4(x12!)        x14=bf12214b x12=10001d2c x12:10001d28  PA:10001d28
15110813ns          294179 1c008250 08b77753 fsub.s           f14, f14, f11       f14=xxxxxxxx f14:bf12214b f11:3c063486
15110834ns          294180 1c008254 68e776c3 fmadd.s          f13, f14, f14, f13  f13=xxxxxxxx f14:bf143a1d f14:bf143a1d f13:417d7397
15110854ns          294181 1c00824c 0046270b p.lw             x14, 4(x12!)        x14=bf645eee x12=10001d30 x12:10001d2c  PA:10001d2c
15110894ns          294183 1c008250 08b77753 fsub.s           f14, f14, f11       f14=xxxxxxxx f14:bf645eee f11:3c063486
15110914ns          294184 1c008254 68e776c3 fmadd.s          f13, f14, f14, f13  f13=xxxxxxxx f14:bf6677c0 f14:bf6677c0 f13:41816865
15110934ns          294185 1c00824c 0046270b p.lw             x14, 4(x12!)        x14=bf7feaa6 x12=10001d34 x12:10001d30  PA:10001d30
15110974ns          294187 1c008250 08b77753 fsub.s           f14, f14, f11       f14=xxxxxxxx f14:bf7feaa6 f11:3c063486
15110994ns          294188 1c008254 68e776c3 fmadd.s          f13, f14, f14, f13  f13=xxxxxxxx f14:bf8101bc f14:bf8101bc f13:4187e440
15111014ns          294189 1c00824c 0046270b p.lw             x14, 4(x12!)        x14=bf5e2b95 x12=10001d38 x12:10001d34  PA:10001d34
15111054ns          294191 1c008250 08b77753 fsub.s           f14, f14, f11       f14=xxxxxxxx f14:bf5e2b95 f11:3c063486
15111074ns          294192 1c008254 68e776c3 fmadd.s          f13, f14, f14, f13  f13=xxxxxxxx f14:bf604467 f14:bf604467 f13:41900498
15111094ns          294193 1c00824c 0046270b p.lw             x14, 4(x12!)        x14=bf0736c5 x12=10001d3c x12:10001d38  PA:10001d38
15111134ns          294195 1c008250 08b77753 fsub.s           f14, f14, f11       f14=xxxxxxxx f14:bf0736c5 f11:3c063486
15111155ns          294196 1c008254 68e776c3 fmadd.s          f13, f14, f14, f13  f13=xxxxxxxx f14:bf094f97 f14:bf094f97 f13:41962856
15111175ns          294197 1c00824c 0046270b p.lw             x14, 4(x12!)        x14=bd7dfb42 x12=10001d40 x12:10001d3c  PA:10001d3c
15111215ns          294199 1c008250 08b77753 fsub.s           f14, f14, f11       f14=xxxxxxxx f14:bd7dfb42 f11:3c063486
15111235ns          294200 1c008254 68e776c3 fmadd.s          f13, f14, f14, f13  f13=xxxxxxxx f14:bd8fc432 f14:bd8fc432 f13:41987588
15111255ns          294201 1c00824c 0046270b p.lw             x14, 4(x12!)        x14=3ed6893d x12=10001d44 x12:10001d40  PA:10001d40
15111295ns          294203 1c008250 08b77753 fsub.s           f14, f14, f11       f14=xxxxxxxx f14:3ed6893d f11:3c063486
15111315ns          294204 1c008254 68e776c3 fmadd.s          f13, f14, f14, f13  f13=xxxxxxxx f14:3ed25799 f14:3ed25799 f13:41987fa0
15111335ns          294205 1c00824c 0046270b p.lw             x14, 4(x12!)        x14=3f4cb81c x12=10001d48 x12:10001d44  PA:10001d44
15111375ns          294207 1c008250 08b77753 fsub.s           f14, f14, f11       f14=xxxxxxxx f14:3f4cb81c f11:3c063486
15111395ns          294208 1c008254 68e776c3 fmadd.s          f13, f14, f14, f13  f13=xxxxxxxx f14:3f4a9f4a f14:3f4a9f4a f13:4199d948
15111415ns          294209 1c00824c 0046270b p.lw             x14, 4(x12!)        x14=3f7d23d3 x12=10001d4c x12:10001d48  PA:10001d48
15111456ns          294211 1c008250 08b77753 fsub.s           f14, f14, f11       f14=xxxxxxxx f14:3f7d23d3 f11:3c063486
15111476ns          294212 1c008254 68e776c3 fmadd.s          f13, f14, f14, f13  f13=xxxxxxxx f14:3f7b0b01 f14:3f7b0b01 f13:419edc46
15111496ns          294213 1c00824c 0046270b p.lw             x14, 4(x12!)        x14=3f70eefe x12=10001d50 x12:10001d4c  PA:10001d4c
15111536ns          294215 1c008250 08b77753 fsub.s           f14, f14, f11       f14=xxxxxxxx f14:3f70eefe f11:3c063486
15111556ns          294216 1c008254 68e776c3 fmadd.s          f13, f14, f14, f13  f13=xxxxxxxx f14:3f6ed62c f14:3f6ed62c f13:41a68dbb
15111576ns          294217 1c00824c 0046270b p.lw             x14, 4(x12!)        x14=3f2b0600 x12=10001d54 x12:10001d50  PA:10001d50
15111616ns          294219 1c008250 08b77753 fsub.s           f14, f14, f11       f14=xxxxxxxx f14:3f2b0600 f11:3c063486
15111636ns          294220 1c008254 68e776c3 fmadd.s          f13, f14, f14, f13  f13=xxxxxxxx f14:3f28ed2e f14:3f28ed2e f13:41ad8452
15111656ns          294221 1c00824c 0046270b p.lw             x14, 4(x12!)        x14=3e709ccc x12=10001d58 x12:10001d54  PA:10001d54
15111696ns          294223 1c008250 08b77753 fsub.s           f14, f14, f11       f14=xxxxxxxx f14:3e709ccc f11:3c063486
15111716ns          294224 1c008254 68e776c3 fmadd.s          f13, f14, f14, f13  f13=xxxxxxxx f14:3e683984 f14:3e683984 f13:41b10013
15111736ns          294225 1c00824c 0046270b p.lw             x14, 4(x12!)        x14=be823f71 x12=10001d5c x12:10001d58  PA:10001d58
15111777ns          294227 1c008250 08b77753 fsub.s           f14, f14, f11       f14=xxxxxxxx f14:be823f71 f11:3c063486
15111797ns          294228 1c008254 68e776c3 fmadd.s          f13, f14, f14, f13  f13=xxxxxxxx f14:be867115 f14:be867115 f13:41b16967
15111817ns          294229 1c00824c 0046270b p.lw             x14, 4(x12!)        x14=bf2ecdbf x12=10001d60 x12:10001d5c  PA:10001d5c
15111857ns          294231 1c008250 08b77753 fsub.s           f14, f14, f11       f14=xxxxxxxx f14:bf2ecdbf f11:3c063486
15111877ns          294232 1c008254 68e776c3 fmadd.s          f13, f14, f14, f13  f13=xxxxxxxx f14:bf30e691 f14:bf30e691 f13:41b1f69c
15111897ns          294233 1c00824c 0046270b p.lw             x14, 4(x12!)        x14=bf729e32 x12=10001d64 x12:10001d60  PA:10001d60
15111937ns          294235 1c008250 08b77753 fsub.s           f14, f14, f11       f14=xxxxxxxx f14:bf729e32 f11:3c063486
15111957ns          294236 1c008254 68e776c3 fmadd.s          f13, f14, f14, f13  f13=xxxxxxxx f14:bf74b704 f14:bf74b704 f13:41b5c88b
15111977ns          294237 1c00824c 0046270b p.lw             x14, 4(x12!)        x14=bf7c5336 x12=10001d68 x12:10001d64  PA:10001d64
15112017ns          294239 1c008250 08b77753 fsub.s           f14, f14, f11       f14=xxxxxxxx f14:bf7c5336 f11:3c063486
15112037ns          294240 1c008254 68e776c3 fmadd.s          f13, f14, f14, f13  f13=xxxxxxxx f14:bf7e6c08 f14:bf7e6c08 f13:41bd17f6
15112058ns          294241 1c00824c 0046270b p.lw             x14, 4(x12!)        x14=bf4999a5 x12=10001d6c x12:10001d68  PA:10001d68
15112098ns          294243 1c008250 08b77753 fsub.s           f14, f14, f11       f14=xxxxxxxx f14:bf4999a5 f11:3c063486
15112118ns          294244 1c008254 68e776c3 fmadd.s          f13, f14, f14, f13  f13=xxxxxxxx f14:bf4bb277 f14:bf4bb277 f13:41c4feca
15112138ns          294245 1c00824c 0046270b p.lw             x14, 4(x12!)        x14=becd2f11 x12=10001d70 x12:10001d6c  PA:10001d6c
15112178ns          294247 1c008250 08b77753 fsub.s           f14, f14, f11       f14=xxxxxxxx f14:becd2f11 f11:3c063486
15112198ns          294248 1c008254 68e776c3 fmadd.s          f13, f14, f14, f13  f13=xxxxxxxx f14:bed160b5 f14:bed160b5 f13:41ca0f6e
15112218ns          294249 1c00824c 0046270b p.lw             x14, 4(x12!)        x14=3da7e5a4 x12=10001d74 x12:10001d70  PA:10001d70
15112258ns          294251 1c008250 08b77753 fsub.s           f14, f14, f11       f14=xxxxxxxx f14:3da7e5a4 f11:3c063486
15112278ns          294252 1c008254 68e776c3 fmadd.s          f13, f14, f14, f13  f13=xxxxxxxx f14:3d971f13 f14:3d971f13 f13:41cb65ec
15112298ns          294253 1c00824c 0046270b p.lw             x14, 4(x12!)        x14=3f0b8a2e x12=10001d78 x12:10001d74  PA:10001d74
15112338ns          294255 1c008250 08b77753 fsub.s           f14, f14, f11       f14=xxxxxxxx f14:3f0b8a2e f11:3c063486
15112358ns          294256 1c008254 68e776c3 fmadd.s          f13, f14, f14, f13  f13=xxxxxxxx f14:3f09715c f14:3f09715c f13:41cb7113
15112379ns          294257 1c00824c 0046270b p.lw             x14, 4(x12!)        x14=3f60ac2d x12=10001d7c x12:10001d78  PA:10001d78
15112419ns          294259 1c008250 08b77753 fsub.s           f14, f14, f11       f14=xxxxxxxx f14:3f60ac2d f11:3c063486
15112439ns          294260 1c008254 68e776c3 fmadd.s          f13, f14, f14, f13  f13=xxxxxxxx f14:3f5e935b f14:3f5e935b f13:41cdbf67
15112459ns          294261 1c00824c 0046270b p.lw             x14, 4(x12!)        x14=3f7fff01 x12=10001d80 x12:10001d7c  PA:10001d7c
15112499ns          294263 1c008250 08b77753 fsub.s           f14, f14, f11       f14=xxxxxxxx f14:3f7fff01 f11:3c063486
15112519ns          294264 1c008254 68e776c3 fmadd.s          f13, f14, f14, f13  f13=xxxxxxxx f14:3f7de62f f14:3f7de62f f13:41d3cb86
15112539ns          294265 1c00824c 0046270b p.lw             x14, 4(x12!)        x14=3f62022c x12=10001d84 x12:10001d80  PA:10001d80
15112579ns          294267 1c008250 08b77753 fsub.s           f14, f14, f11       f14=xxxxxxxx f14:3f62022c f11:3c063486
15112599ns          294268 1c008254 68e776c3 fmadd.s          f13, f14, f14, f13  f13=xxxxxxxx f14:3f5fe95a f14:3f5fe95a f13:41dbaa0c
15112619ns          294269 1c00824c 0046270b p.lw             x14, 4(x12!)        x14=3f0de443 x12=10001d88 x12:10001d84  PA:10001d84
15112659ns          294271 1c008250 08b77753 fsub.s           f14, f14, f11       f14=xxxxxxxx f14:3f0de443 f11:3c063486
15112680ns          294272 1c008254 68e776c3 fmadd.s          f13, f14, f14, f13  f13=xxxxxxxx f14:3f0bcb71 f14:3f0bcb71 f13:41e1c8cf
15112700ns          294273 1c00824c 0046270b p.lw             x14, 4(x12!)        x14=3dbe556e x12=10001d8c x12:10001d88  PA:10001d88
15112740ns          294275 1c008250 08b77753 fsub.s           f14, f14, f11       f14=xxxxxxxx f14:3dbe556e f11:3c063486
15112760ns          294276 1c008254 68e776c3 fmadd.s          f13, f14, f14, f13  f13=xxxxxxxx f14:3dad8edd f14:3dad8edd f13:41e42b83
15112780ns          294277 1c00824c 0046270b p.lw             x14, 4(x12!)        x14=bec80340 x12=10001d90 x12:10001d8c  PA:10001d8c
15112820ns          294279 1c008250 08b77753 fsub.s           f14, f14, f11       f14=xxxxxxxx f14:bec80340 f11:3c063486
15112840ns          294280 1c008254 68e776c3 fmadd.s          f13, f14, f14, f13  f13=xxxxxxxx f14:becc34e4 f14:becc34e4 f13:41e43a38
15112860ns          294281 1c00824c 0046270b p.lw             x14, 4(x12!)        x14=bf47da53 x12=10001d94 x12:10001d90  PA:10001d90
15112900ns          294283 1c008250 08b77753 fsub.s           f14, f14, f11       f14=xxxxxxxx f14:bf47da53 f11:3c063486
15112920ns          294284 1c008254 68e776c3 fmadd.s          f13, f14, f14, f13  f13=xxxxxxxx f14:bf49f325 f14:bf49f325 f13:41e58001
15112940ns          294285 1c00824c 0046270b p.lw             x14, 4(x12!)        x14=bf7bd59f x12=10001d98 x12:10001d94  PA:10001d94
15112981ns          294287 1c008250 08b77753 fsub.s           f14, f14, f11       f14=xxxxxxxx f14:bf7bd59f f11:3c063486
15113001ns          294288 1c008254 68e776c3 fmadd.s          f13, f14, f14, f13  f13=xxxxxxxx f14:bf7dee71 f14:bf7dee71 f13:41ea7a7f
15113021ns          294289 1c00824c 0046270b p.lw             x14, 4(x12!)        x14=bf73806a x12=10001d9c x12:10001d98  PA:10001d98
15113061ns          294291 1c008250 08b77753 fsub.s           f14, f14, f11       f14=xxxxxxxx f14:bf73806a f11:3c063486
15113081ns          294292 1c008254 68e776c3 fmadd.s          f13, f14, f14, f13  f13=xxxxxxxx f14:bf75993c f14:bf75993c f13:41f25988
15113101ns          294293 1c00824c 0046270b p.lw             x14, 4(x12!)        x14=bf30d998 x12=10001da0 x12:10001d9c  PA:10001d9c
15113141ns          294295 1c008250 08b77753 fsub.s           f14, f14, f11       f14=xxxxxxxx f14:bf30d998 f11:3c063486
15113161ns          294296 1c008254 68e776c3 fmadd.s          f13, f14, f14, f13  f13=xxxxxxxx f14:bf32f26a f14:bf32f26a f13:41f9b67d
15113181ns          294297 1c00824c 0046270b p.lw             x14, 4(x12!)        x14=be87af76 x12=10001da4 x12:10001da0  PA:10001da0
15113221ns          294299 1c008250 08b77753 fsub.s           f14, f14, f11       f14=xxxxxxxx f14:be87af76 f11:3c063486
15113241ns          294300 1c008254 68e776c3 fmadd.s          f13, f14, f14, f13  f13=xxxxxxxx f14:be8be11a f14:be8be11a f13:41fd9f2d
15113261ns          294301 1c00824c 0046270b p.lw             x14, 4(x12!)        x14=3e65a6e8 x12=10001da8 x12:10001da4  PA:10001da4
15113302ns          294303 1c008250 08b77753 fsub.s           f14, f14, f11       f14=xxxxxxxx f14:3e65a6e8 f11:3c063486
15113322ns          294304 1c008254 68e776c3 fmadd.s          f13, f14, f14, f13  f13=xxxxxxxx f14:3e5d43a0 f14:3e5d43a0 f13:41fe3809
15113342ns          294305 1c00824c 0046270b p.lw             x14, 4(x12!)        x14=3f28eb10 x12=10001dac x12:10001da8  PA:10001da8
15113382ns          294307 1c008250 08b77753 fsub.s           f14, f14, f11       f14=xxxxxxxx f14:3f28eb10 f11:3c063486
15113402ns          294308 1c008254 68e776c3 fmadd.s          f13, f14, f14, f13  f13=xxxxxxxx f14:3f26d23e f14:3f26d23e f13:41fe97a8
15113422ns          294309 1c00824c 0046270b p.lw             x14, 4(x12!)        x14=3f6ff7aa x12=10001db0 x12:10001dac  PA:10001dac
15113462ns          294311 1c008250 08b77753 fsub.s           f14, f14, f11       f14=xxxxxxxx f14:3f6ff7aa f11:3c063486
15113482ns          294312 1c008254 68e776c3 fmadd.s          f13, f14, f14, f13  f13=xxxxxxxx f14:3f6dded8 f14:3f6dded8 f13:4200fea9
15113502ns          294313 1c00824c 0046270b p.lw             x14, 4(x12!)        x14=3f7d8b57 x12=10001db4 x12:10001db0  PA:10001db0
15113542ns          294315 1c008250 08b77753 fsub.s           f14, f14, f11       f14=xxxxxxxx f14:3f7d8b57 f11:3c063486
15113562ns          294316 1c008254 68e776c3 fmadd.s          f13, f14, f14, f13  f13=xxxxxxxx f14:3f7b7285 f14:3f7b7285 f13:420472c2
15113582ns          294317 1c00824c 0046270b p.lw             x14, 4(x12!)        x14=3f4e65ad x12=10001db8 x12:10001db4  PA:10001db4
15113623ns          294319 1c008250 08b77753 fsub.s           f14, f14, f11       f14=xxxxxxxx f14:3f4e65ad f11:3c063486
15113643ns          294320 1c008254 68e776c3 fmadd.s          f13, f14, f14, f13  f13=xxxxxxxx f14:3f4c4cdb f14:3f4c4cdb f13:42084ea9
15113663ns          294321 1c00824c 0046270b p.lw             x14, 4(x12!)        x14=3edba2b7 x12=10001dbc x12:10001db8  PA:10001db8
15113703ns          294323 1c008250 08b77753 fsub.s           f14, f14, f11       f14=xxxxxxxx f14:3edba2b7 f11:3c063486
15113723ns          294324 1c008254 68e776c3 fmadd.s          f13, f14, f14, f13  f13=xxxxxxxx f14:3ed77113 f14:3ed77113 f13:420adad3
15113743ns          294325 1c00824c 0046270b p.lw             x14, 4(x12!)        x14=bd5101ef x12=10001dc0 x12:10001dbc  PA:10001dbc
15113783ns          294327 1c008250 08b77753 fsub.s           f14, f14, f11       f14=xxxxxxxx f14:bd5101ef f11:3c063486
15113803ns          294328 1c008254 68e776c3 fmadd.s          f13, f14, f14, f13  f13=xxxxxxxx f14:bd728f10 f14:bd728f10 f13:420b9022
15113823ns          294329 1c00824c 0046270b p.lw             x14, 4(x12!)        x14=bf04d0ae x12=10001dc4 x12:10001dc0  PA:10001dc0
15113863ns          294331 1c008250 08b77753 fsub.s           f14, f14, f11       f14=xxxxxxxx f14:bf04d0ae f11:3c063486
15113883ns          294332 1c008254 68e776c3 fmadd.s          f13, f14, f14, f13  f13=xxxxxxxx f14:bf06e980 f14:bf06e980 f13:420b93b9
15113904ns          294333 1c00824c 0046270b p.lw             x14, 4(x12!)        x14=bf5cc211 x12=10001dc8 x12:10001dc4  PA:10001dc4
15113944ns          294335 1c008250 08b77753 fsub.s           f14, f14, f11       f14=xxxxxxxx f14:bf5cc211 f11:3c063486
15113964ns          294336 1c008254 68e776c3 fmadd.s          f13, f14, f14, f13  f13=xxxxxxxx f14:bf5edae3 f14:bf5edae3 f13:420cb01e
15113984ns          294337 1c00824c 0046270b p.lw             x14, 4(x12!)        x14=bf7fd44b x12=10001dcc x12:10001dc8  PA:10001dc8
15114024ns          294339 1c008250 08b77753 fsub.s           f14, f14, f11       f14=xxxxxxxx f14:bf7fd44b f11:3c063486
15114044ns          294340 1c008254 68e776c3 fmadd.s          f13, f14, f14, f13  f13=xxxxxxxx f14:bf80f68f f14:bf80f68f f13:420fb81f
15114064ns          294341 1c00824c 0046270b p.lw             x14, 4(x12!)        x14=bf65a117 x12=10001dd0 x12:10001dcc  PA:10001dcc
15114104ns          294343 1c008250 08b77753 fsub.s           f14, f14, f11       f14=xxxxxxxx f14:bf65a117 f11:3c063486
15114124ns          294344 1c008254 68e776c3 fmadd.s          f13, f14, f14, f13  f13=xxxxxxxx f14:bf67b9e9 f14:bf67b9e9 f13:4213c797
15114144ns          294345 1c00824c 0046270b p.lw             x14, 4(x12!)        x14=bf146ed0 x12=10001dd4 x12:10001dd0  PA:10001dd0
15114184ns          294347 1c008250 08b77753 fsub.s           f14, f14, f11       f14=xxxxxxxx f14:bf146ed0 f11:3c063486
15114204ns          294348 1c008254 68e776c3 fmadd.s          f13, f14, f14, f13  f13=xxxxxxxx f14:bf1687a2 f14:bf1687a2 f13:42170e9b
15114225ns          294349 1c00824c 0046270b p.lw             x14, 4(x12!)        x14=bdfd7e6c x12=10001dd8 x12:10001dd4  PA:10001dd4
15114265ns          294351 1c008250 08b77753 fsub.s           f14, f14, f11       f14=xxxxxxxx f14:bdfd7e6c f11:3c063486
15114285ns          294352 1c008254 68e776c3 fmadd.s          f13, f14, f14, f13  f13=xxxxxxxx f14:be07227e f14:be07227e f13:421870a8
15114305ns          294353 1c00824c 0046270b p.lw             x14, 4(x12!)        x14=3eb94bfb x12=10001ddc x12:10001dd8  PA:10001dd8
15114345ns          294355 1c008250 08b77753 fsub.s           f14, f14, f11       f14=xxxxxxxx f14:3eb94bfb f11:3c063486
15114365ns          294356 1c008254 68e776c3 fmadd.s          f13, f14, f14, f13  f13=xxxxxxxx f14:3eb51a57 f14:3eb51a57 f13:4218827d
15114385ns          294357 1c00824c 0046270b p.lw             x14, 4(x12!)        x14=3f42cb4f x12=10001de0 x12:10001ddc  PA:10001ddc
15114425ns          294359 1c008250 08b77753 fsub.s           f14, f14, f11       f14=xxxxxxxx f14:3f42cb4f f11:3c063486
15114445ns          294360 1c008254 68e776c3 fmadd.s          f13, f14, f14, f13  f13=xxxxxxxx f14:3f40b27d f14:3f40b27d f13:4219029b
15114465ns          294361 1c00824c 0046270b p.lw             x14, 4(x12!)        x14=3f7a4961 x12=10001de4 x12:10001de0  PA:10001de0
15114505ns          294363 1c008250 08b77753 fsub.s           f14, f14, f11       f14=xxxxxxxx f14:3f7a4961 f11:3c063486
15114526ns          294364 1c008254 68e776c3 fmadd.s          f13, f14, f14, f13  f13=xxxxxxxx f14:3f78308f f14:3f78308f f13:421b46cc
15114546ns          294365 1c00824c 0046270b p.lw             x14, 4(x12!)        x14=3f75d5d6 x12=10001de8 x12:10001de4  PA:10001de4
15114586ns          294367 1c008250 08b77753 fsub.s           f14, f14, f11       f14=xxxxxxxx f14:3f75d5d6 f11:3c063486
15114606ns          294368 1c008254 68e776c3 fmadd.s          f13, f14, f14, f13  f13=xxxxxxxx f14:3f73bd04 f14:3f73bd04 f13:421f0944
15114626ns          294369 1c00824c 0046270b p.lw             x14, 4(x12!)        x14=3f36819b x12=10001dec x12:10001de8  PA:10001de8
15114666ns          294371 1c008250 08b77753 fsub.s           f14, f14, f11       f14=xxxxxxxx f14:3f36819b f11:3c063486
15114686ns          294372 1c008254 68e776c3 fmadd.s          f13, f14, f14, f13  f13=xxxxxxxx f14:3f3468c9 f14:3f3468c9 f13:4222a986
15114706ns          294373 1c00824c 0046270b p.lw             x14, 4(x12!)        x14=3e96ef0e x12=10001df0 x12:10001dec  PA:10001dec
15114746ns          294375 1c008250 08b77753 fsub.s           f14, f14, f11       f14=xxxxxxxx f14:3e96ef0e f11:3c063486
15114766ns          294376 1c008254 68e776c3 fmadd.s          f13, f14, f14, f13  f13=xxxxxxxx f14:3e92bd6a f14:3e92bd6a f13:4224a614
15114786ns          294377 1c00824c 0046270b p.lw             x14, 4(x12!)        x14=be46965d x12=10001df4 x12:10001df0  PA:10001df0
15114827ns          294379 1c008250 08b77753 fsub.s           f14, f14, f11       f14=xxxxxxxx f14:be46965d f11:3c063486
15114847ns          294380 1c008254 68e776c3 fmadd.s          f13, f14, f14, f13  f13=xxxxxxxx f14:be4ef9a5 f14:be4ef9a5 f13:4224fa31
15114867ns          294381 1c00824c 0046270b p.lw             x14, 4(x12!)        x14=bf22debf x12=10001df8 x12:10001df4  PA:10001df4
15114907ns          294383 1c008250 08b77753 fsub.s           f14, f14, f11       f14=xxxxxxxx f14:bf22debf f11:3c063486
15114927ns          294384 1c008254 68e776c3 fmadd.s          f13, f14, f14, f13  f13=xxxxxxxx f14:bf24f791 f14:bf24f791 f13:42252407
15114947ns          294385 1c00824c 0046270b p.lw             x14, 4(x12!)        x14=bf6d1601 x12=10001dfc x12:10001df8  PA:10001df8
15114987ns          294387 1c008250 08b77753 fsub.s           f14, f14, f11       f14=xxxxxxxx f14:bf6d1601 f11:3c063486
15115007ns          294388 1c008254 68e776c3 fmadd.s          f13, f14, f14, f13  f13=xxxxxxxx f14:bf6f2ed3 f14:bf6f2ed3 f13:4226cd40
15115027ns          294389 1c00824c 0046270b p.lw             x14, 4(x12!)        x14=bf7e8500 x12=10001e00 x12:10001dfc  PA:10001dfc
15115067ns          294391 1c008250 08b77753 fsub.s           f14, f14, f11       f14=xxxxxxxx f14:bf7e8500 f11:3c063486
15115087ns          294392 1c008254 68e776c3 fmadd.s          f13, f14, f14, f13  f13=xxxxxxxx f14:bf804ee9 f14:bf804ee9 f13:422a4b22
15115107ns          294393 1c00824c 0046270b p.lw             x14, 4(x12!)        x14=bf52fede x12=10001e04 x12:10001e00  PA:10001e00
15115148ns          294395 1c008250 08b77753 fsub.s           f14, f14, f11       f14=xxxxxxxx f14:bf52fede f11:3c063486
15115168ns          294396 1c008254 68e776c3 fmadd.s          f13, f14, f14, f13  f13=xxxxxxxx f14:bf5517b0 f14:bf5517b0 f13:422e5012
15115188ns          294397 1c00824c 0046270b p.lw             x14, 4(x12!)        x14=bee9e046 x12=10001e08 x12:10001e04  PA:10001e04
15115228ns          294399 1c008250 08b77753 fsub.s           f14, f14, f11       f14=xxxxxxxx f14:bee9e046 f11:3c063486
15115248ns          294400 1c008254 68e776c3 fmadd.s          f13, f14, f14, f13  f13=xxxxxxxx f14:beee11ea f14:beee11ea f13:42311594
15115268ns          294401 1c00824c 0046270b p.lw             x14, 4(x12!)        x14=3ca40a1c x12=10001e0c x12:10001e08  PA:10001e08
15115308ns          294403 1c008250 08b77753 fsub.s           f14, f14, f11       f14=xxxxxxxx f14:3ca40a1c f11:3c063486
15115328ns          294404 1c008254 68e776c3 fmadd.s          f13, f14, f14, f13  f13=xxxxxxxx f14:3c41dfb2 f14:3c41dfb2 f13:4231f2f9
15115348ns          294405 1c00824c 0046270b p.lw             x14, 4(x12!)        x14=3efbecef x12=10001e10 x12:10001e0c  PA:10001e0c
15115388ns          294407 1c008250 08b77753 fsub.s           f14, f14, f11       f14=xxxxxxxx f14:3efbecef f11:3c063486
15115408ns          294408 1c008254 68e776c3 fmadd.s          f13, f14, f14, f13  f13=xxxxxxxx f14:3ef7bb4b f14:3ef7bb4b f13:4231f31e
15115428ns          294409 1c00824c 0046270b p.lw             x14, 4(x12!)        x14=3f58a192 x12=10001e14 x12:10001e10  PA:10001e10
15115469ns          294411 1c008250 08b77753 fsub.s           f14, f14, f11       f14=xxxxxxxx f14:3f58a192 f11:3c063486
15115489ns          294412 1c008254 68e776c3 fmadd.s          f13, f14, f14, f13  f13=xxxxxxxx f14:3f5688c0 f14:3f5688c0 f13:4232e2d9
15115509ns          294413 1c00824c 0046270b p.lw             x14, 4(x12!)        x14=3f7f6a8d x12=10001e18 x12:10001e14  PA:10001e14
15115549ns          294415 1c008250 08b77753 fsub.s           f14, f14, f11       f14=xxxxxxxx f14:3f7f6a8d f11:3c063486
15115569ns          294416 1c008254 68e776c3 fmadd.s          f13, f14, f14, f13  f13=xxxxxxxx f14:3f7d51bb f14:3f7d51bb f13:4235b1fd
15115589ns          294417 1c00824c 0046270b p.lw             x14, 4(x12!)        x14=3f69076c x12=10001e1c x12:10001e18  PA:10001e18
15115629ns          294419 1c008250 08b77753 fsub.s           f14, f14, f11       f14=xxxxxxxx f14:3f69076c f11:3c063486
15115649ns          294420 1c008254 68e776c3 fmadd.s          f13, f14, f14, f13  f13=xxxxxxxx f14:3f66ee9a f14:3f66ee9a f13:42399ca8
15115669ns          294421 1c00824c 0046270b p.lw             x14, 4(x12!)        x14=3f1ad4c6 x12=10001e20 x12:10001e1c  PA:10001e1c
15115709ns          294423 1c008250 08b77753 fsub.s           f14, f14, f11       f14=xxxxxxxx f14:3f1ad4c6 f11:3c063486
15115729ns          294424 1c008254 68e776c3 fmadd.s          f13, f14, f14, f13  f13=xxxxxxxx f14:3f18bbf4 f14:3f18bbf4 f13:423cddee
15115750ns          294425 1c00824c 0046270b p.lw             x14, 4(x12!)        x14=3e1e3469 x12=10001e24 x12:10001e20  PA:10001e20
15115790ns          294427 1c008250 08b77753 fsub.s           f14, f14, f11       f14=xxxxxxxx f14:3e1e3469 f11:3c063486
15115810ns          294428 1c008254 68e776c3 fmadd.s          f13, f14, f14, f13  f13=xxxxxxxx f14:3e15d121 f14:3e15d121 f13:423e4a6d
15115830ns          294429 1c00824c 0046270b p.lw             x14, 4(x12!)        x14=beaa6711 x12=10001e28 x12:10001e24  PA:10001e24
15115870ns          294431 1c008250 08b77753 fsub.s           f14, f14, f11       f14=xxxxxxxx f14:beaa6711 f11:3c063486
15115890ns          294432 1c008254 68e776c3 fmadd.s          f13, f14, f14, f13  f13=xxxxxxxx f14:beae98b5 f14:beae98b5 f13:423e6058
15115910ns          294433 1c00824c 0046270b p.lw             x14, 4(x12!)        x14=bf3d8c4a x12=10001e2c x12:10001e28  PA:10001e28
15115950ns          294435 1c008250 08b77753 fsub.s           f14, f14, f11       f14=xxxxxxxx f14:bf3d8c4a f11:3c063486
15115970ns          294436 1c008254 68e776c3 fmadd.s          f13, f14, f14, f13  f13=xxxxxxxx f14:bf3fa51c f14:bf3fa51c f13:423ed76c
15115990ns          294437 1c00824c 0046270b p.lw             x14, 4(x12!)        x14=bf787f77 x12=10001e30 x12:10001e2c  PA:10001e2c
15116030ns          294439 1c008250 08b77753 fsub.s           f14, f14, f11       f14=xxxxxxxx f14:bf787f77 f11:3c063486
15116051ns          294440 1c008254 68e776c3 fmadd.s          f13, f14, f14, f13  f13=xxxxxxxx f14:bf7a9849 f14:bf7a9849 f13:4241154b
15116071ns          294441 1c00824c 0046270b p.lw             x14, 4(x12!)        x14=bf77eeb3 x12=10001e34 x12:10001e30  PA:10001e30
15116111ns          294443 1c008250 08b77753 fsub.s           f14, f14, f11       f14=xxxxxxxx f14:bf77eeb3 f11:3c063486
15116131ns          294444 1c008254 68e776c3 fmadd.s          f13, f14, f14, f13  f13=xxxxxxxx f14:bf7a0785 f14:bf7a0785 f13:4244ea82
15116151ns          294445 1c00824c 0046270b p.lw             x14, 4(x12!)        x14=bf3bfca9 x12=10001e38 x12:10001e34  PA:10001e34
15116191ns          294447 1c008250 08b77753 fsub.s           f14, f14, f11       f14=xxxxxxxx f14:bf3bfca9 f11:3c063486
15116211ns          294448 1c008254 68e776c3 fmadd.s          f13, f14, f14, f13  f13=xxxxxxxx f14:bf3e157b f14:bf3e157b f13:4248bb4d
15116231ns          294449 1c00824c 0046270b p.lw             x14, 4(x12!)        x14=bea6097d x12=10001e3c x12:10001e38  PA:10001e38
15116271ns          294451 1c008250 08b77753 fsub.s           f14, f14, f11       f14=xxxxxxxx f14:bea6097d f11:3c063486
15116291ns          294452 1c008254 68e776c3 fmadd.s          f13, f14, f14, f13  f13=xxxxxxxx f14:beaa3b21 f14:beaa3b21 f13:424aefdd
15116311ns          294453 1c00824c 0046270b p.lw             x14, 4(x12!)        x14=3e2754e2 x12=10001e40 x12:10001e3c  PA:10001e3c
15116351ns          294455 1c008250 08b77753 fsub.s           f14, f14, f11       f14=xxxxxxxx f14:3e2754e2 f11:3c063486
15116372ns          294456 1c008254 68e776c3 fmadd.s          f13, f14, f14, f13  f13=xxxxxxxx f14:3e1ef19a f14:3e1ef19a f13:424b6110
15116392ns          294457 1c00824c 0046270b p.lw             x14, 4(x12!)        x14=3f1caa52 x12=10001e44 x12:10001e40  PA:10001e40
15116432ns          294459 1c008250 08b77753 fsub.s           f14, f14, f11       f14=xxxxxxxx f14:3f1caa52 f11:3c063486
15116452ns          294460 1c008254 68e776c3 fmadd.s          f13, f14, f14, f13  f13=xxxxxxxx f14:3f1a9180 f14:3f1a9180 f13:424b79bc
15116472ns          294461 1c00824c 0046270b p.lw             x14, 4(x12!)        x14=3f69f9f0 x12=10001e48 x12:10001e44  PA:10001e44
15116512ns          294463 1c008250 08b77753 fsub.s           f14, f14, f11       f14=xxxxxxxx f14:3f69f9f0 f11:3c063486
15116532ns          294464 1c008254 68e776c3 fmadd.s          f13, f14, f14, f13  f13=xxxxxxxx f14:3f67e11e f14:3f67e11e f13:424cef0a
15116552ns          294465 1c00824c 0046270b p.lw             x14, 4(x12!)        x14=3f7f3ff4 x12=10001e4c x12:10001e48  PA:10001e48
15116592ns          294467 1c008250 08b77753 fsub.s           f14, f14, f11       f14=xxxxxxxx f14:3f7f3ff4 f11:3c063486
15116612ns          294468 1c008254 68e776c3 fmadd.s          f13, f14, f14, f13  f13=xxxxxxxx f14:3f7d2722 f14:3f7d2722 f13:4250372a
15116632ns          294469 1c00824c 0046270b p.lw             x14, 4(x12!)        x14=3f576411 x12=10001e50 x12:10001e4c  PA:10001e4c
15116673ns          294471 1c008250 08b77753 fsub.s           f14, f14, f11       f14=xxxxxxxx f14:3f576411 f11:3c063486
15116693ns          294472 1c008254 68e776c3 fmadd.s          f13, f14, f14, f13  f13=xxxxxxxx f14:3f554b3f f14:3f554b3f f13:42542083
15116713ns          294473 1c00824c 0046270b p.lw             x14, 4(x12!)        x14=3ef7e42f x12=10001e54 x12:10001e50  PA:10001e50
15116753ns          294475 1c008250 08b77753 fsub.s           f14, f14, f11       f14=xxxxxxxx f14:3ef7e42f f11:3c063486
15116773ns          294476 1c008254 68e776c3 fmadd.s          f13, f14, f14, f13  f13=xxxxxxxx f14:3ef3b28b f14:3ef3b28b f13:4256e75c
15116793ns          294477 1c00824c 0046270b p.lw             x14, 4(x12!)        x14=3c342fbb x12=10001e58 x12:10001e54  PA:10001e54
15116833ns          294479 1c008250 08b77753 fsub.s           f14, f14, f11       f14=xxxxxxxx f14:3c342fbb f11:3c063486
15116853ns          294480 1c008254 68e776c3 fmadd.s          f13, f14, f14, f13  f13=xxxxxxxx f14:3b37ecd4 f14:3b37ecd4 f13:4257cf58
15116873ns          294481 1c00824c 0046270b p.lw             x14, 4(x12!)        x14=beedfa68 x12=10001e5c x12:10001e58  PA:10001e58
15116913ns          294483 1c008250 08b77753 fsub.s           f14, f14, f11       f14=xxxxxxxx f14:beedfa68 f11:3c063486
15116933ns          294484 1c008254 68e776c3 fmadd.s          f13, f14, f14, f13  f13=xxxxxxxx f14:bef22c0c f14:bef22c0c f13:4257cf5a
15116953ns          294485 1c00824c 0046270b p.lw             x14, 4(x12!)        x14=bf544bb3 x12=10001e60 x12:10001e5c  PA:10001e5c
15116994ns          294487 1c008250 08b77753 fsub.s           f14, f14, f11       f14=xxxxxxxx f14:bf544bb3 f11:3c063486
15117014ns          294488 1c008254 68e776c3 fmadd.s          f13, f14, f14, f13  f13=xxxxxxxx f14:bf566485 f14:bf566485 f13:4258b471
15117034ns          294489 1c00824c 0046270b p.lw             x14, 4(x12!)        x14=bf7ec1e1 x12=10001e64 x12:10001e60  PA:10001e60
15117074ns          294491 1c008250 08b77753 fsub.s           f14, f14, f11       f14=xxxxxxxx f14:bf7ec1e1 f11:3c063486
15117094ns          294492 1c008254 68e776c3 fmadd.s          f13, f14, f14, f13  f13=xxxxxxxx f14:bf806d5a f14:bf806d5a f13:425b82a2
15117114ns          294493 1c00824c 0046270b p.lw             x14, 4(x12!)        x14=bf6c3459 x12=10001e68 x12:10001e64  PA:10001e64
15117154ns          294495 1c008250 08b77753 fsub.s           f14, f14, f11       f14=xxxxxxxx f14:bf6c3459 f11:3c063486
15117174ns          294496 1c008254 68e776c3 fmadd.s          f13, f14, f14, f13  f13=xxxxxxxx f14:bf6e4d2b f14:bf6e4d2b f13:425f897b
15117194ns          294497 1c00824c 0046270b p.lw             x14, 4(x12!)        x14=bf21149b x12=10001e6c x12:10001e68  PA:10001e68
15117234ns          294499 1c008250 08b77753 fsub.s           f14, f14, f11       f14=xxxxxxxx f14:bf21149b f11:3c063486
15117254ns          294500 1c008254 68e776c3 fmadd.s          f13, f14, f14, f13  f13=xxxxxxxx f14:bf232d6d f14:bf232d6d f13:426300c9
15117274ns          294501 1c00824c 0046270b p.lw             x14, 4(x12!)        x14=be3d82b9 x12=10001e70 x12:10001e6c  PA:10001e6c
15117315ns          294503 1c008250 08b77753 fsub.s           f14, f14, f11       f14=xxxxxxxx f14:be3d82b9 f11:3c063486
15117335ns          294504 1c008254 68e776c3 fmadd.s          f13, f14, f14, f13  f13=xxxxxxxx f14:be45e601 f14:be45e601 f13:4264a0d5
15117355ns          294505 1c00824c 0046270b p.lw             x14, 4(x12!)        x14=3e9b5829 x12=10001e74 x12:10001e70  PA:10001e70
15117395ns          294507 1c008250 08b77753 fsub.s           f14, f14, f11       f14=xxxxxxxx f14:3e9b5829 f11:3c063486
15117415ns          294508 1c008254 68e776c3 fmadd.s          f13, f14, f14, f13  f13=xxxxxxxx f14:3e972685 f14:3e972685 f13:4264c714
15117435ns          294509 1c00824c 0046270b p.lw             x14, 4(x12!)        x14=3f381e95 x12=10001e78 x12:10001e74  PA:10001e74
15117475ns          294511 1c008250 08b77753 fsub.s           f14, f14, f11       f14=xxxxxxxx f14:3f381e95 f11:3c063486
15117495ns          294512 1c008254 68e776c3 fmadd.s          f13, f14, f14, f13  f13=xxxxxxxx f14:3f3605c3 f14:3f3605c3 f13:42652052
15117515ns          294513 1c00824c 0046270b p.lw             x14, 4(x12!)        x14=3f767855 x12=10001e7c x12:10001e78  PA:10001e78
15117555ns          294515 1c008250 08b77753 fsub.s           f14, f14, f11       f14=xxxxxxxx f14:3f767855 f11:3c063486
15117575ns          294516 1c008254 68e776c3 fmadd.s          f13, f14, f14, f13  f13=xxxxxxxx f14:3f745f83 f14:3f745f83 f13:42672603
15117596ns          294517 1c00824c 0046270b p.lw             x14, 4(x12!)        x14=3f79ca78 x12=10001e80 x12:10001e7c  PA:10001e7c
15117636ns          294519 1c008250 08b77753 fsub.s           f14, f14, f11       f14=xxxxxxxx f14:3f79ca78 f11:3c063486
15117656ns          294520 1c008254 68e776c3 fmadd.s          f13, f14, f14, f13  f13=xxxxxxxx f14:3f77b1a6 f14:3f77b1a6 f13:426acb1c
15117676ns          294521 1c00824c 0046270b p.lw             x14, 4(x12!)        x14=3f414965 x12=10001e84 x12:10001e80  PA:10001e80
15117716ns          294523 1c008250 08b77753 fsub.s           f14, f14, f11       f14=xxxxxxxx f14:3f414965 f11:3c063486
15117736ns          294524 1c008254 68e776c3 fmadd.s          f13, f14, f14, f13  f13=xxxxxxxx f14:3f3f3093 f14:3f3f3093 f13:426e89bd
15117756ns          294525 1c00824c 0046270b p.lw             x14, 4(x12!)        x14=3eb4fafe x12=10001e88 x12:10001e84  PA:10001e84
15117796ns          294527 1c008250 08b77753 fsub.s           f14, f14, f11       f14=xxxxxxxx f14:3eb4fafe f11:3c063486
15117816ns          294528 1c008254 68e776c3 fmadd.s          f13, f14, f14, f13  f13=xxxxxxxx f14:3eb0c95a f14:3eb0c95a f13:4270c4e3
15117836ns          294529 1c00824c 0046270b p.lw             x14, 4(x12!)        x14=be07ea34 x12=10001e8c x12:10001e88  PA:10001e88
15117876ns          294531 1c008250 08b77753 fsub.s           f14, f14, f11       f14=xxxxxxxx f14:be07ea34 f11:3c063486
15117897ns          294532 1c008254 68e776c3 fmadd.s          f13, f14, f14, f13  f13=xxxxxxxx f14:be104d7c f14:be104d7c f13:42713ef8
15117917ns          294533 1c00824c 0046270b p.lw             x14, 4(x12!)        x14=bf164f48 x12=10001e90 x12:10001e8c  PA:10001e8c
15117957ns          294535 1c008250 08b77753 fsub.s           f14, f14, f11       f14=xxxxxxxx f14:bf164f48 f11:3c063486
15117977ns          294536 1c008254 68e776c3 fmadd.s          f13, f14, f14, f13  f13=xxxxxxxx f14:bf18681a f14:bf18681a f13:4271534e
15117997ns          294537 1c00824c 0046270b p.lw             x14, 4(x12!)        x14=bf66a438 x12=10001e94 x12:10001e90  PA:10001e90
15118037ns          294539 1c008250 08b77753 fsub.s           f14, f14, f11       f14=xxxxxxxx f14:bf66a438 f11:3c063486
15118057ns          294540 1c008254 68e776c3 fmadd.s          f13, f14, f14, f13  f13=xxxxxxxx f14:bf68bd0a f14:bf68bd0a f13:4272be3d
15118077ns          294541 1c00824c 0046270b p.lw             x14, 4(x12!)        x14=bf7fbc05 x12=10001e98 x12:10001e94  PA:10001e94
15118117ns          294543 1c008250 08b77753 fsub.s           f14, f14, f11       f14=xxxxxxxx f14:bf7fbc05 f11:3c063486
15118137ns          294544 1c008254 68e776c3 fmadd.s          f13, f14, f14, f13  f13=xxxxxxxx f14:bf80ea6c f14:bf80ea6c f13:42760c9a
15118157ns          294545 1c00824c 0046270b p.lw             x14, 4(x12!)        x14=bf5b9435 x12=10001e9c x12:10001e98  PA:10001e98
15118198ns          294547 1c008250 08b77753 fsub.s           f14, f14, f11       f14=xxxxxxxx f14:bf5b9435 f11:3c063486
15118218ns          294548 1c008254 68e776c3 fmadd.s          f13, f14, f14, f13  f13=xxxxxxxx f14:bf5dad07 f14:bf5dad07 f13:427a1b4e
15118238ns          294549 1c00824c 0046270b p.lw             x14, 4(x12!)        x14=bf02d587 x12=10001ea0 x12:10001e9c  PA:10001e9c
15118278ns          294551 1c008250 08b77753 fsub.s           f14, f14, f11       f14=xxxxxxxx f14:bf02d587 f11:3c063486
15118298ns          294552 1c008254 68e776c3 fmadd.s          f13, f14, f14, f13  f13=xxxxxxxx f14:bf04ee59 f14:bf04ee59 f13:427d1b1f
15118318ns          294553 1c00824c 0046270b p.lw             x14, 4(x12!)        x14=bd2c1206 x12=10001ea4 x12:10001ea0  PA:10001ea0
15118358ns          294555 1c008250 08b77753 fsub.s           f14, f14, f11       f14=xxxxxxxx f14:bd2c1206 f11:3c063486
15118378ns          294556 1c008254 68e776c3 fmadd.s          f13, f14, f14, f13  f13=xxxxxxxx f14:bd4d9f28 f14:bd4d9f28 f13:427e2f3a
15118398ns          294557 1c00824c 0046270b p.lw             x14, 4(x12!)        x14=3edfcd48 x12=10001ea8 x12:10001ea4  PA:10001ea4
15118438ns          294559 1c008250 08b77753 fsub.s           f14, f14, f11       f14=xxxxxxxx f14:3edfcd48 f11:3c063486
15118458ns          294560 1c008254 68e776c3 fmadd.s          f13, f14, f14, f13  f13=xxxxxxxx f14:3edb9ba4 f14:3edb9ba4 f13:427e31cf
15118478ns          294561 1c00824c 0046270b p.lw             x14, 4(x12!)        x14=3f4fc187 x12=10001eac x12:10001ea8  PA:10001ea8
15118519ns          294563 1c008250 08b77753 fsub.s           f14, f14, f11       f14=xxxxxxxx f14:3f4fc187 f11:3c063486
15118539ns          294564 1c008254 68e776c3 fmadd.s          f13, f14, f14, f13  f13=xxxxxxxx f14:3f4da8b5 f14:3f4da8b5 f13:427eee33
15118559ns          294565 1c00824c 0046270b p.lw             x14, 4(x12!)        x14=3f7dda72 x12=10001eb0 x12:10001eac  PA:10001eac
15118599ns          294567 1c008250 08b77753 fsub.s           f14, f14, f11       f14=xxxxxxxx f14:3f7dda72 f11:3c063486
15118619ns          294568 1c008254 68e776c3 fmadd.s          f13, f14, f14, f13  f13=xxxxxxxx f14:3f7bc1a0 f14:3f7bc1a0 f13:4280c189
15118639ns          294569 1c00824c 0046270b p.lw             x14, 4(x12!)        x14=3f6f2714 x12=10001eb4 x12:10001eb0  PA:10001eb0
15118679ns          294571 1c008250 08b77753 fsub.s           f14, f14, f11       f14=xxxxxxxx f14:3f6f2714 f11:3c063486
15118699ns          294572 1c008254 68e776c3 fmadd.s          f13, f14, f14, f13  f13=xxxxxxxx f14:3f6d0e42 f14:3f6d0e42 f13:4282b0b4
15118719ns          294573 1c00824c 0046270b p.lw             x14, 4(x12!)        x14=3f272cbd x12=10001eb8 x12:10001eb4  PA:10001eb4
15118759ns          294575 1c008250 08b77753 fsub.s           f14, f14, f11       f14=xxxxxxxx f14:3f272cbd f11:3c063486
15118779ns          294576 1c008254 68e776c3 fmadd.s          f13, f14, f14, f13  f13=xxxxxxxx f14:3f2513eb f14:3f2513eb f13:428467bb
15118799ns          294577 1c00824c 0046270b p.lw             x14, 4(x12!)        x14=3e5ca245 x12=10001ebc x12:10001eb8  PA:10001eb8
15118840ns          294579 1c008250 08b77753 fsub.s           f14, f14, f11       f14=xxxxxxxx f14:3e5ca245 f11:3c063486
15118860ns          294580 1c008254 68e776c3 fmadd.s          f13, f14, f14, f13  f13=xxxxxxxx f14:3e543efd f14:3e543efd f13:42853ca0
15118880ns          294581 1c00824c 0046270b p.lw             x14, 4(x12!)        x14=be8c22fc x12=10001ec0 x12:10001ebc  PA:10001ebc
15118920ns          294583 1c008250 08b77753 fsub.s           f14, f14, f11       f14=xxxxxxxx f14:be8c22fc f11:3c063486
15118940ns          294584 1c008254 68e776c3 fmadd.s          f13, f14, f14, f13  f13=xxxxxxxx f14:be9054a0 f14:be9054a0 f13:4285529f
15118960ns          294585 1c00824c 0046270b p.lw             x14, 4(x12!)        x14=bf328381 x12=10001ec4 x12:10001ec0  PA:10001ec0
15119000ns          294587 1c008250 08b77753 fsub.s           f14, f14, f11       f14=xxxxxxxx f14:bf328381 f11:3c063486
15119020ns          294588 1c008254 68e776c3 fmadd.s          f13, f14, f14, f13  f13=xxxxxxxx f14:bf349c53 f14:bf349c53 f13:42857b4f
15119040ns          294589 1c00824c 0046270b p.lw             x14, 4(x12!)        x14=bf743479 x12=10001ec8 x12:10001ec4  PA:10001ec4
15119080ns          294591 1c008250 08b77753 fsub.s           f14, f14, f11       f14=xxxxxxxx f14:bf743479 f11:3c063486
15119100ns          294592 1c008254 68e776c3 fmadd.s          f13, f14, f14, f13  f13=xxxxxxxx f14:bf764d4b f14:bf764d4b f13:42867a27
15119121ns          294593 1c00824c 0046270b p.lw             x14, 4(x12!)        x14=bf7b68b4 x12=10001ecc x12:10001ec8  PA:10001ec8
15119161ns          294595 1c008250 08b77753 fsub.s           f14, f14, f11       f14=xxxxxxxx f14:bf7b68b4 f11:3c063486
15119181ns          294596 1c008254 68e776c3 fmadd.s          f13, f14, f14, f13  f13=xxxxxxxx f14:bf7d8186 f14:bf7d8186 f13:42885418
15119201ns          294597 1c00824c 0046270b p.lw             x14, 4(x12!)        x14=bf466684 x12=10001ed0 x12:10001ecc  PA:10001ecc
15119241ns          294599 1c008250 08b77753 fsub.s           f14, f14, f11       f14=xxxxxxxx f14:bf466684 f11:3c063486
15119261ns          294600 1c008254 68e776c3 fmadd.s          f13, f14, f14, f13  f13=xxxxxxxx f14:bf487f56 f14:bf487f56 f13:428a4a2b
15119281ns          294601 1c00824c 0046270b p.lw             x14, 4(x12!)        x14=bec3bfee x12=10001ed4 x12:10001ed0  PA:10001ed0
15119321ns          294603 1c008250 08b77753 fsub.s           f14, f14, f11       f14=xxxxxxxx f14:bec3bfee f11:3c063486
15119341ns          294604 1c008254 68e776c3 fmadd.s          f13, f14, f14, f13  f13=xxxxxxxx f14:bec7f192 f14:bec7f192 f13:428b8439
15119361ns          294605 1c00824c 0046270b p.lw             x14, 4(x12!)        x14=3dd0bc00 x12=10001ed8 x12:10001ed4  PA:10001ed4
15119401ns          294607 1c008250 08b77753 fsub.s           f14, f14, f11       f14=xxxxxxxx f14:3dd0bc00 f11:3c063486
15119421ns          294608 1c008254 68e776c3 fmadd.s          f13, f14, f14, f13  f13=xxxxxxxx f14:3dbff56f f14:3dbff56f f13:428bd24e
15119442ns          294609 1c00824c 0046270b p.lw             x14, 4(x12!)        x14=3f0fcf39 x12=10001edc x12:10001ed8  PA:10001ed8
15119482ns          294611 1c008250 08b77753 fsub.s           f14, f14, f11       f14=xxxxxxxx f14:3f0fcf39 f11:3c063486
15119502ns          294612 1c008254 68e776c3 fmadd.s          f13, f14, f14, f13  f13=xxxxxxxx f14:3f0db667 f14:3f0db667 f13:428bd6ce
15119522ns          294613 1c00824c 0046270b p.lw             x14, 4(x12!)        x14=3f6315af x12=10001ee0 x12:10001edc  PA:10001edc
15119562ns          294615 1c008250 08b77753 fsub.s           f14, f14, f11       f14=xxxxxxxx f14:3f6315af f11:3c063486
15119582ns          294616 1c008254 68e776c3 fmadd.s          f13, f14, f14, f13  f13=xxxxxxxx f14:3f60fcdd f14:3f60fcdd f13:428c73b3
15119602ns          294617 1c00824c 0046270b p.lw             x14, 4(x12!)        x14=3f7ff915 x12=10001ee4 x12:10001ee0  PA:10001ee0
15119642ns          294619 1c008250 08b77753 fsub.s           f14, f14, f11       f14=xxxxxxxx f14:3f7ff915 f11:3c063486
15119662ns          294620 1c008254 68e776c3 fmadd.s          f13, f14, f14, f13  f13=xxxxxxxx f14:3f7de043 f14:3f7de043 f13:428dff2a
15119682ns          294621 1c00824c 0046270b p.lw             x14, 4(x12!)        x14=3f5f8e3d x12=10001ee8 x12:10001ee4  PA:10001ee4
15119722ns          294623 1c008250 08b77753 fsub.s           f14, f14, f11       f14=xxxxxxxx f14:3f5f8e3d f11:3c063486
15119743ns          294624 1c008254 68e776c3 fmadd.s          f13, f14, f14, f13  f13=xxxxxxxx f14:3f5d756b f14:3f5d756b f13:428ff6b4
15119763ns          294625 1c00824c 0046270b p.lw             x14, 4(x12!)        x14=3f0998b5 x12=10001eec x12:10001ee8  PA:10001ee8
15119803ns          294627 1c008250 08b77753 fsub.s           f14, f14, f11       f14=xxxxxxxx f14:3f0998b5 f11:3c063486
15119823ns          294628 1c008254 68e776c3 fmadd.s          f13, f14, f14, f13  f13=xxxxxxxx f14:3f077fe3 f14:3f077fe3 f13:429175dc
15119843ns          294629 1c00824c 0046270b p.lw             x14, 4(x12!)        x14=3d9576c3 x12=10001ef0 x12:10001eec  PA:10001eec
15119883ns          294631 1c008250 08b77753 fsub.s           f14, f14, f11       f14=xxxxxxxx f14:3d9576c3 f11:3c063486
15119903ns          294632 1c008254 68e776c3 fmadd.s          f13, f14, f14, f13  f13=xxxxxxxx f14:3d84b032 f14:3d84b032 f13:4292054c
15119923ns          294633 1c00824c 0046270b p.lw             x14, 4(x12!)        x14=bed16903 x12=10001ef4 x12:10001ef0  PA:10001ef0
15119963ns          294635 1c008250 08b77753 fsub.s           f14, f14, f11       f14=xxxxxxxx f14:bed16903 f11:3c063486
15119983ns          294636 1c008254 68e776c3 fmadd.s          f13, f14, f14, f13  f13=xxxxxxxx f14:bed59aa7 f14:bed59aa7 f13:42920772
15120003ns          294637 1c00824c 0046270b p.lw             x14, 4(x12!)        x14=bf4b042a x12=10001ef8 x12:10001ef4  PA:10001ef4
15120044ns          294639 1c008250 08b77753 fsub.s           f14, f14, f11       f14=xxxxxxxx f14:bf4b042a f11:3c063486
15120064ns          294640 1c008254 68e776c3 fmadd.s          f13, f14, f14, f13  f13=xxxxxxxx f14:bf4d1cfc f14:bf4d1cfc f13:4292608f
15120084ns          294641 1c00824c 0046270b p.lw             x14, 4(x12!)        x14=bf7cb477 x12=10001efc x12:10001ef8  PA:10001ef8
15120124ns          294643 1c008250 08b77753 fsub.s           f14, f14, f11       f14=xxxxxxxx f14:bf7cb477 f11:3c063486
15120144ns          294644 1c008254 68e776c3 fmadd.s          f13, f14, f14, f13  f13=xxxxxxxx f14:bf7ecd49 f14:bf7ecd49 f13:4293a93e
15120164ns          294645 1c00824c 0046270b p.lw             x14, 4(x12!)        x14=bf71dee4 x12=10001f00 x12:10001efc  PA:10001efc
15120204ns          294647 1c008250 08b77753 fsub.s           f14, f14, f11       f14=xxxxxxxx f14:bf71dee4 f11:3c063486
15120224ns          294648 1c008254 68e776c3 fmadd.s          f13, f14, f14, f13  f13=xxxxxxxx f14:bf73f7b6 f14:bf73f7b6 f13:4295a476
15120244ns          294649 1c00824c 0046270b p.lw             x14, 4(x12!)        x14=bf2d1bb2 x12=10001f04 x12:10001f00  PA:10001f00
15120284ns          294651 1c008250 08b77753 fsub.s           f14, f14, f11       f14=xxxxxxxx f14:bf2d1bb2 f11:3c063486
15120304ns          294652 1c008254 68e776c3 fmadd.s          f13, f14, f14, f13  f13=xxxxxxxx f14:bf2f3484 f14:bf2f3484 f13:42977576
15120324ns          294653 1c00824c 0046270b p.lw             x14, 4(x12!)        x14=be7b8b82 x12=10001f08 x12:10001f04  PA:10001f04
15120365ns          294655 1c008250 08b77753 fsub.s           f14, f14, f11       f14=xxxxxxxx f14:be7b8b82 f11:3c063486
15120385ns          294656 1c008254 68e776c3 fmadd.s          f13, f14, f14, f13  f13=xxxxxxxx f14:be81f765 f14:be81f765 f13:42986548
15120405ns          294657 1c00824c 0046270b p.lw             x14, 4(x12!)        x14=3e79968e x12=10001f0c x12:10001f08  PA:10001f08
15120445ns          294659 1c008250 08b77753 fsub.s           f14, f14, f11       f14=xxxxxxxx f14:3e79968e f11:3c063486
15120465ns          294660 1c008254 68e776c3 fmadd.s          f13, f14, f14, f13  f13=xxxxxxxx f14:3e713346 f14:3e713346 f13:42988646
15120485ns          294661 1c00824c 0046270b p.lw             x14, 4(x12!)        x14=3f2cbc74 x12=10001f10 x12:10001f0c  PA:10001f0c
15120525ns          294663 1c008250 08b77753 fsub.s           f14, f14, f11       f14=xxxxxxxx f14:3f2cbc74 f11:3c063486
15120545ns          294664 1c008254 68e776c3 fmadd.s          f13, f14, f14, f13  f13=xxxxxxxx f14:3f2aa3a2 f14:3f2aa3a2 f13:4298a2ae
15120565ns          294665 1c00824c 0046270b p.lw             x14, 4(x12!)        x14=3f71b474 x12=10001f14 x12:10001f10  PA:10001f10
15120605ns          294667 1c008250 08b77753 fsub.s           f14, f14, f11       f14=xxxxxxxx f14:3f71b474 f11:3c063486
15120625ns          294668 1c008254 68e776c3 fmadd.s          f13, f14, f14, f13  f13=xxxxxxxx f14:3f6f9ba2 f14:3f6f9ba2 f13:42998629
15120645ns          294669 1c00824c 0046270b p.lw             x14, 4(x12!)        x14=3f7cc8ff x12=10001f18 x12:10001f14  PA:10001f14
15120686ns          294671 1c008250 08b77753 fsub.s           f14, f14, f11       f14=xxxxxxxx f14:3f7cc8ff f11:3c063486
15120706ns          294672 1c008254 68e776c3 fmadd.s          f13, f14, f14, f13  f13=xxxxxxxx f14:3f7ab02d f14:3f7ab02d f13:429b46b1
15120726ns          294673 1c00824c 0046270b p.lw             x14, 4(x12!)        x14=3f4b52bf x12=10001f1c x12:10001f18  PA:10001f18
15120766ns          294675 1c008250 08b77753 fsub.s           f14, f14, f11       f14=xxxxxxxx f14:3f4b52bf f11:3c063486
15120786ns          294676 1c008254 68e776c3 fmadd.s          f13, f14, f14, f13  f13=xxxxxxxx f14:3f4939ed f14:3f4939ed f13:429d31aa
15120806ns          294677 1c00824c 0046270b p.lw             x14, 4(x12!)        x14=3ed2549f x12=10001f20 x12:10001f1c  PA:10001f1c
15120846ns          294679 1c008250 08b77753 fsub.s           f14, f14, f11       f14=xxxxxxxx f14:3ed2549f f11:3c063486
15120866ns          294680 1c008254 68e776c3 fmadd.s          f13, f14, f14, f13  f13=xxxxxxxx f14:3ece22fb f14:3ece22fb f13:429e6e02
15120886ns          294681 1c00824c 0046270b p.lw             x14, 4(x12!)        x14=bd917039 x12=10001f24 x12:10001f20  PA:10001f20
15120926ns          294683 1c008250 08b77753 fsub.s           f14, f14, f11       f14=xxxxxxxx f14:bd917039 f11:3c063486
15120946ns          294684 1c008254 68e776c3 fmadd.s          f13, f14, f14, f13  f13=xxxxxxxx f14:bda236ca f14:bda236ca f13:429ec100
15120967ns          294685 1c00824c 0046270b p.lw             x14, 4(x12!)        x14=bf092bb9 x12=10001f28 x12:10001f24  PA:10001f24
15121007ns          294687 1c008250 08b77753 fsub.s           f14, f14, f11       f14=xxxxxxxx f14:bf092bb9 f11:3c063486
15121027ns          294688 1c008254 68e776c3 fmadd.s          f13, f14, f14, f13  f13=xxxxxxxx f14:bf0b448b f14:bf0b448b f13:429ec436
15121047ns          294689 1c00824c 0046270b p.lw             x14, 4(x12!)        x14=bf5f4f31 x12=10001f2c x12:10001f28  PA:10001f28
15121087ns          294691 1c008250 08b77753 fsub.s           f14, f14, f11       f14=xxxxxxxx f14:bf5f4f31 f11:3c063486
15121107ns          294692 1c008254 68e776c3 fmadd.s          f13, f14, f14, f13  f13=xxxxxxxx f14:bf616803 f14:bf616803 f13:429f5bbd
15121127ns          294693 1c00824c 0046270b p.lw             x14, 4(x12!)        x14=bf7ff714 x12=10001f30 x12:10001f2c  PA:10001f2c
15121167ns          294695 1c008250 08b77753 fsub.s           f14, f14, f11       f14=xxxxxxxx f14:bf7ff714 f11:3c063486
15121187ns          294696 1c008254 68e776c3 fmadd.s          f13, f14, f14, f13  f13=xxxxxxxx f14:bf8107f3 f14:bf8107f3 f13:42a0e8ad
15121207ns          294697 1c00824c 0046270b p.lw             x14, 4(x12!)        x14=bf635134 x12=10001f34 x12:10001f30  PA:10001f30
15121247ns          294699 1c008250 08b77753 fsub.s           f14, f14, f11       f14=xxxxxxxx f14:bf635134 f11:3c063486
15121268ns          294700 1c008254 68e776c3 fmadd.s          f13, f14, f14, f13  f13=xxxxxxxx f14:bf656a06 f14:bf656a06 f13:42a2f0f5
15121288ns          294701 1c00824c 0046270b p.lw             x14, 4(x12!)        x14=bf103a02 x12=10001f38 x12:10001f34  PA:10001f34
15121328ns          294703 1c008250 08b77753 fsub.s           f14, f14, f11       f14=xxxxxxxx f14:bf103a02 f11:3c063486
15121348ns          294704 1c008254 68e776c3 fmadd.s          f13, f14, f14, f13  f13=xxxxxxxx f14:bf1252d4 f14:bf1252d4 f13:42a48c23
15121368ns          294705 1c00824c 0046270b p.lw             x14, 4(x12!)        x14=bdd4bfd7 x12=10001f3c x12:10001f38  PA:10001f38
15121408ns          294707 1c008250 08b77753 fsub.s           f14, f14, f11       f14=xxxxxxxx f14:bdd4bfd7 f11:3c063486
15121428ns          294708 1c008254 68e776c3 fmadd.s          f13, f14, f14, f13  f13=xxxxxxxx f14:bde58668 f14:bde58668 f13:42a53368
15121448ns          294709 1c00824c 0046270b p.lw             x14, 4(x12!)        x14=3ec2d122 x12=10001f40 x12:10001f3c  PA:10001f3c
15121488ns          294711 1c008250 08b77753 fsub.s           f14, f14, f11       f14=xxxxxxxx f14:3ec2d122 f11:3c063486
15121508ns          294712 1c008254 68e776c3 fmadd.s          f13, f14, f14, f13  f13=xxxxxxxx f14:3ebe9f7e f14:3ebe9f7e f13:42a539d6
15121528ns          294713 1c00824c 0046270b p.lw             x14, 4(x12!)        x14=3f4614ca x12=10001f44 x12:10001f40  PA:10001f40
15121568ns          294715 1c008250 08b77753 fsub.s           f14, f14, f11       f14=xxxxxxxx f14:3f4614ca f11:3c063486
15121589ns          294716 1c008254 68e776c3 fmadd.s          f13, f14, f14, f13  f13=xxxxxxxx f14:3f43fbf8 f14:3f43fbf8 f13:42a580cf
15121609ns          294717 1c00824c 0046270b p.lw             x14, 4(x12!)        x14=3f7b503a x12=10001f48 x12:10001f44  PA:10001f44
15121649ns          294719 1c008250 08b77753 fsub.s           f14, f14, f11       f14=xxxxxxxx f14:3f7b503a f11:3c063486
15121669ns          294720 1c008254 68e776c3 fmadd.s          f13, f14, f14, f13  f13=xxxxxxxx f14:3f793768 f14:3f793768 f13:42a6ace3
15121689ns          294721 1c00824c 0046270b p.lw             x14, 4(x12!)        x14=3f745b1b x12=10001f4c x12:10001f48  PA:10001f48
15121729ns          294723 1c008250 08b77753 fsub.s           f14, f14, f11       f14=xxxxxxxx f14:3f745b1b f11:3c063486
15121749ns          294724 1c008254 68e776c3 fmadd.s          f13, f14, f14, f13  f13=xxxxxxxx f14:3f724249 f14:3f724249 f13:42a8921d
15121769ns          294725 1c00824c 0046270b p.lw             x14, 4(x12!)        x14=3f32dfff x12=10001f50 x12:10001f4c  PA:10001f4c
15121809ns          294727 1c008250 08b77753 fsub.s           f14, f14, f11       f14=xxxxxxxx f14:3f32dfff f11:3c063486
15121829ns          294728 1c008254 68e776c3 fmadd.s          f13, f14, f14, f13  f13=xxxxxxxx f14:3f30c72d f14:3f30c72d f13:42aa5ca0
15121849ns          294729 1c00824c 0046270b p.lw             x14, 4(x12!)        x14=3e8d1b5c x12=10001f54 x12:10001f50  PA:10001f50
15121890ns          294731 1c008250 08b77753 fsub.s           f14, f14, f11       f14=xxxxxxxx f14:3e8d1b5c f11:3c063486
15121910ns          294732 1c008254 68e776c3 fmadd.s          f13, f14, f14, f13  f13=xxxxxxxx f14:3e88e9b8 f14:3e88e9b8 f13:42ab50c5
15121930ns          294733 1c00824c 0046270b p.lw             x14, 4(x12!)        x14=be5aa9ae x12=10001f58 x12:10001f54  PA:10001f54
15121970ns          294735 1c008250 08b77753 fsub.s           f14, f14, f11       f14=xxxxxxxx f14:be5aa9ae f11:3c063486
15121990ns          294736 1c008254 68e776c3 fmadd.s          f13, f14, f14, f13  f13=xxxxxxxx f14:be630cf6 f14:be630cf6 f13:42ab7562
15122010ns          294737 1c00824c 0046270b p.lw             x14, 4(x12!)        x14=bf26cad6 x12=10001f5c x12:10001f58  PA:10001f58
15122050ns          294739 1c008250 08b77753 fsub.s           f14, f14, f11       f14=xxxxxxxx f14:bf26cad6 f11:3c063486
15122070ns          294740 1c008254 68e776c3 fmadd.s          f13, f14, f14, f13  f13=xxxxxxxx f14:bf28e3a8 f14:bf28e3a8 f13:42ab8e8e
15122090ns          294741 1c00824c 0046270b p.lw             x14, 4(x12!)        x14=bf6ef8e0 x12=10001f60 x12:10001f5c  PA:10001f5c
15122130ns          294743 1c008250 08b77753 fsub.s           f14, f14, f11       f14=xxxxxxxx f14:bf6ef8e0 f11:3c063486
15122150ns          294744 1c008254 68e776c3 fmadd.s          f13, f14, f14, f13  f13=xxxxxxxx f14:bf7111b2 f14:bf7111b2 f13:42ac6d65
15122170ns          294745 1c00824c 0046270b p.lw             x14, 4(x12!)        x14=bf7deb02 x12=10001f64 x12:10001f60  PA:10001f60
15122211ns          294747 1c008250 08b77753 fsub.s           f14, f14, f11       f14=xxxxxxxx f14:bf7deb02 f11:3c063486
15122231ns          294748 1c008254 68e776c3 fmadd.s          f13, f14, f14, f13  f13=xxxxxxxx f14:bf8001ea f14:bf8001ea f13:42ae336a
15122251ns          294749 1c00824c 0046270b p.lw             x14, 4(x12!)        x14=bf500ce5 x12=10001f68 x12:10001f64  PA:10001f64
15122291ns          294751 1c008250 08b77753 fsub.s           f14, f14, f11       f14=xxxxxxxx f14:bf500ce5 f11:3c063486
15122311ns          294752 1c008254 68e776c3 fmadd.s          f13, f14, f14, f13  f13=xxxxxxxx f14:bf5225b7 f14:bf5225b7 f13:42b03379
15122331ns          294753 1c00824c 0046270b p.lw             x14, 4(x12!)        x14=bee0b584 x12=10001f6c x12:10001f68  PA:10001f68
15122371ns          294755 1c008250 08b77753 fsub.s           f14, f14, f11       f14=xxxxxxxx f14:bee0b584 f11:3c063486
15122391ns          294756 1c008254 68e776c3 fmadd.s          f13, f14, f14, f13  f13=xxxxxxxx f14:bee4e728 f14:bee4e728 f13:42b18c7d
15122411ns          294757 1c00824c 0046270b p.lw             x14, 4(x12!)        x14=3d240133 x12=10001f70 x12:10001f6c  PA:10001f6c
15122451ns          294759 1c008250 08b77753 fsub.s           f14, f14, f11       f14=xxxxxxxx f14:3d240133 f11:3c063486
15122471ns          294760 1c008254 68e776c3 fmadd.s          f13, f14, f14, f13  f13=xxxxxxxx f14:3d027412 f14:3d027412 f13:42b1f2d3
15122491ns          294761 1c00824c 0046270b p.lw             x14, 4(x12!)        x14=3f026671 x12=10001f74 x12:10001f70  PA:10001f70
15122532ns          294763 1c008250 08b77753 fsub.s           f14, f14, f11       f14=xxxxxxxx f14:3f026671 f11:3c063486
15122552ns          294764 1c008254 68e776c3 fmadd.s          f13, f14, f14, f13  f13=xxxxxxxx f14:3f004d9f f14:3f004d9f f13:42b1f358
15122572ns          294765 1c00824c 0046270b p.lw             x14, 4(x12!)        x14=3f5b51b1 x12=10001f78 x12:10001f74  PA:10001f74
15122612ns          294767 1c008250 08b77753 fsub.s           f14, f14, f11       f14=xxxxxxxx f14:3f5b51b1 f11:3c063486
15122632ns          294768 1c008254 68e776c3 fmadd.s          f13, f14, f14, f13  f13=xxxxxxxx f14:3f5938df f14:3f5938df f13:42b273f3
15122652ns          294769 1c00824c 0046270b p.lw             x14, 4(x12!)        x14=3f7fb603 x12=10001f7c x12:10001f78  PA:10001f78
15122692ns          294771 1c008250 08b77753 fsub.s           f14, f14, f11       f14=xxxxxxxx f14:3f7fb603 f11:3c063486
15122712ns          294772 1c008254 68e776c3 fmadd.s          f13, f14, f14, f13  f13=xxxxxxxx f14:3f7d9d31 f14:3f7d9d31 f13:42b3e496
15122732ns          294773 1c00824c 0046270b p.lw             x14, 4(x12!)        x14=3f66dc27 x12=10001f80 x12:10001f7c  PA:10001f7c
15122772ns          294775 1c008250 08b77753 fsub.s           f14, f14, f11       f14=xxxxxxxx f14:3f66dc27 f11:3c063486
15122792ns          294776 1c008254 68e776c3 fmadd.s          f13, f14, f14, f13  f13=xxxxxxxx f14:3f64c355 f14:3f64c355 f13:42b5db16
15122813ns          294777 1c00824c 0046270b p.lw             x14, 4(x12!)        x14=3f16b7c3 x12=10001f84 x12:10001f80  PA:10001f80
15122853ns          294779 1c008250 08b77753 fsub.s           f14, f14, f11       f14=xxxxxxxx f14:3f16b7c3 f11:3c063486
15122873ns          294780 1c008254 68e776c3 fmadd.s          f13, f14, f14, f13  f13=xxxxxxxx f14:3f149ef1 f14:3f149ef1 f13:42b773ef
15122893ns          294781 1c00824c 0046270b p.lw             x14, 4(x12!)        x14=3e09ea2e x12=10001f88 x12:10001f84  PA:10001f84
15122933ns          294783 1c008250 08b77753 fsub.s           f14, f14, f11       f14=xxxxxxxx f14:3e09ea2e f11:3c063486
15122953ns          294784 1c008254 68e776c3 fmadd.s          f13, f14, f14, f13  f13=xxxxxxxx f14:3e0186e6 f14:3e0186e6 f13:42b8207f
15122973ns          294785 1c00824c 0046270b p.lw             x14, 4(x12!)        x14=beb40944 x12=10001f8c x12:10001f88  PA:10001f88
15123013ns          294787 1c008250 08b77753 fsub.s           f14, f14, f11       f14=xxxxxxxx f14:beb40944 f11:3c063486
15123033ns          294788 1c008254 68e776c3 fmadd.s          f13, f14, f14, f13  f13=xxxxxxxx f14:beb83ae8 f14:beb83ae8 f13:42b828b0
15123053ns          294789 1c00824c 0046270b p.lw             x14, 4(x12!)        x14=bf40f49b x12=10001f90 x12:10001f8c  PA:10001f8c
15123093ns          294791 1c008250 08b77753 fsub.s           f14, f14, f11       f14=xxxxxxxx f14:bf40f49b f11:3c063486
15123114ns          294792 1c008254 68e776c3 fmadd.s          f13, f14, f14, f13  f13=xxxxxxxx f14:bf430d6d f14:bf430d6d f13:42b86afa
15123134ns          294793 1c00824c 0046270b p.lw             x14, 4(x12!)        x14=bf79ae12 x12=10001f94 x12:10001f90  PA:10001f90
15123174ns          294795 1c008250 08b77753 fsub.s           f14, f14, f11       f14=xxxxxxxx f14:bf79ae12 f11:3c063486
15123194ns          294796 1c008254 68e776c3 fmadd.s          f13, f14, f14, f13  f13=xxxxxxxx f14:bf7bc6e4 f14:bf7bc6e4 f13:42b99435
15123214ns          294797 1c00824c 0046270b p.lw             x14, 4(x12!)        x14=bf769b20 x12=10001f98 x12:10001f94  PA:10001f94
15123254ns          294799 1c008250 08b77753 fsub.s           f14, f14, f11       f14=xxxxxxxx f14:bf769b20 f11:3c063486
15123274ns          294800 1c008254 68e776c3 fmadd.s          f13, f14, f14, f13  f13=xxxxxxxx f14:bf78b3f2 f14:bf78b3f2 f13:42bb8374
15123294ns          294801 1c00824c 0046270b p.lw             x14, 4(x12!)        x14=bf38783b x12=10001f9c x12:10001f98  PA:10001f98
15123334ns          294803 1c008250 08b77753 fsub.s           f14, f14, f11       f14=xxxxxxxx f14:bf38783b f11:3c063486
15123354ns          294804 1c008254 68e776c3 fmadd.s          f13, f14, f14, f13  f13=xxxxxxxx f14:bf3a910d f14:bf3a910d f13:42bd66ae
15123374ns          294805 1c00824c 0046270b p.lw             x14, 4(x12!)        x14=be9c4e3c x12=10001fa0 x12:10001f9c  PA:10001f9c
15123414ns          294807 1c008250 08b77753 fsub.s           f14, f14, f11       f14=xxxxxxxx f14:be9c4e3c f11:3c063486
15123435ns          294808 1c008254 68e776c3 fmadd.s          f13, f14, f14, f13  f13=xxxxxxxx f14:bea07fe0 f14:bea07fe0 f13:42be769c
15123455ns          294809 1c00824c 0046270b p.lw             x14, 4(x12!)        x14=3e3b86e5 x12=10001fa4 x12:10001fa0  PA:10001fa0
15123495ns          294811 1c008250 08b77753 fsub.s           f14, f14, f11       f14=xxxxxxxx f14:3e3b86e5 f11:3c063486
15123515ns          294812 1c008254 68e776c3 fmadd.s          f13, f14, f14, f13  f13=xxxxxxxx f14:3e33239d f14:3e33239d f13:42bea8ec
15123535ns          294813 1c00824c 0046270b p.lw             x14, 4(x12!)        x14=3f20b023 x12=10001fa8 x12:10001fa4  PA:10001fa4
15123575ns          294815 1c008250 08b77753 fsub.s           f14, f14, f11       f14=xxxxxxxx f14:3f20b023 f11:3c063486
15123595ns          294816 1c008254 68e776c3 fmadd.s          f13, f14, f14, f13  f13=xxxxxxxx f14:3f1e9751 f14:3f1e9751 f13:42beb897
15123615ns          294817 1c00824c 0046270b p.lw             x14, 4(x12!)        x14=3f6c026e x12=10001fac x12:10001fa8  PA:10001fa8
15123655ns          294819 1c008250 08b77753 fsub.s           f14, f14, f11       f14=xxxxxxxx f14:3f6c026e f11:3c063486
15123675ns          294820 1c008254 68e776c3 fmadd.s          f13, f14, f14, f13  f13=xxxxxxxx f14:3f69e99c f14:3f69e99c f13:42bf7d15
15123695ns          294821 1c00824c 0046270b p.lw             x14, 4(x12!)        x14=3f7ece76 x12=10001fb0 x12:10001fac  PA:10001fac
15123736ns          294823 1c008250 08b77753 fsub.s           f14, f14, f11       f14=xxxxxxxx f14:3f7ece76 f11:3c063486
15123756ns          294824 1c008254 68e776c3 fmadd.s          f13, f14, f14, f13  f13=xxxxxxxx f14:3f7cb5a4 f14:3f7cb5a4 f13:42c1288b
15123776ns          294825 1c00824c 0046270b p.lw             x14, 4(x12!)        x14=3f5493c6 x12=10001fb4 x12:10001fb0  PA:10001fb0
15123816ns          294827 1c008250 08b77753 fsub.s           f14, f14, f11       f14=xxxxxxxx f14:3f5493c6 f11:3c063486
15123836ns          294828 1c008254 68e776c3 fmadd.s          f13, f14, f14, f13  f13=xxxxxxxx f14:3f527af4 f14:3f527af4 f13:42c31b77
15123856ns          294829 1c00824c 0046270b p.lw             x14, 4(x12!)        x14=3eeedf03 x12=10001fb8 x12:10001fb4  PA:10001fb4
15123896ns          294831 1c008250 08b77753 fsub.s           f14, f14, f11       f14=xxxxxxxx f14:3eeedf03 f11:3c063486
15123916ns          294832 1c008254 68e776c3 fmadd.s          f13, f14, f14, f13  f13=xxxxxxxx f14:3eeaad5f f14:3eeaad5f f13:42c47593
15123936ns          294833 1c00824c 0046270b p.lw             x14, 4(x12!)        x14=bc13e661 x12=10001fbc x12:10001fb8  PA:10001fb8
15123976ns          294835 1c008250 08b77753 fsub.s           f14, f14, f11       f14=xxxxxxxx f14:bc13e661 f11:3c063486
15123996ns          294836 1c008254 68e776c3 fmadd.s          f13, f14, f14, f13  f13=xxxxxxxx f14:bc8d0d74 f14:bc8d0d74 f13:42c4e124
15124016ns          294837 1c00824c 0046270b p.lw             x14, 4(x12!)        x14=bef70209 x12=10001fc0 x12:10001fbc  PA:10001fbc
15124057ns          294839 1c008250 08b77753 fsub.s           f14, f14, f11       f14=xxxxxxxx f14:bef70209 f11:3c063486
15124077ns          294840 1c008254 68e776c3 fmadd.s          f13, f14, f14, f13  f13=xxxxxxxx f14:befb33ad f14:befb33ad f13:42c4e14b
15124097ns          294841 1c00824c 0046270b p.lw             x14, 4(x12!)        x14=bf571e27 x12=10001fc4 x12:10001fc0  PA:10001fc0
15124137ns          294843 1c008250 08b77753 fsub.s           f14, f14, f11       f14=xxxxxxxx f14:bf571e27 f11:3c063486
15124157ns          294844 1c008254 68e776c3 fmadd.s          f13, f14, f14, f13  f13=xxxxxxxx f14:bf5936f9 f14:bf5936f9 f13:42c55c8a
15124177ns          294845 1c00824c 0046270b p.lw             x14, 4(x12!)        x14=bf7f35f2 x12=10001fc8 x12:10001fc4  PA:10001fc4
15124217ns          294847 1c008250 08b77753 fsub.s           f14, f14, f11       f14=xxxxxxxx f14:bf7f35f2 f11:3c063486
15124237ns          294848 1c008254 68e776c3 fmadd.s          f13, f14, f14, f13  f13=xxxxxxxx f14:bf80a762 f14:bf80a762 f13:42c6cd26
15124257ns          294849 1c008258 00449793 slli             x15, x9, 0x4        x15=00000030  x9:00000003
15124277ns          294850 1c00825c 012787b3 add              x15, x15, x18       x15=1c010030 x15:00000030 x18:1c010000
15124297ns          294851 1c00825e 0207a483 lw               x9, 32(x15)          x9=3fd1b2a7 x15:1c010030  PA:1c010050
15124618ns          294867 1c008260 00198793 addi             x15, x19, 1         x15=0000000d x19:0000000c
15124638ns          294868 1c008264 00279793 slli             x15, x15, 0x2       x15=00000034 x15:0000000d
15124659ns          294869 1c008266 a09a0753 fle.s            x14, f20, f9        x14=00000001 f20:3fd1b211  f9:3fd1b2a7
15124679ns          294870 1c00826a 012787b3 add              x15, x15, x18       x15=1c010034 x15:00000034 x18:1c010000
15124699ns          294871 1c00826c 0207aa83 lw               x21, 32(x15)        x21=3fd1b195 x15:1c010034  PA:1c010054
15125080ns          294890 1c008270 1c0007b7 lui              x15, 0x1c000000     x15=1c000000
15125100ns          294891 1c008274 0287a403 lw               x8, 40(x15)          x8=43470000 x15:1c000000  PA:1c000028
15125521ns          294912 1c008278 1886f453 fdiv.s           f8, f13, f8          f8=xxxxxxxx f13:42c8d264  f8:43470000
15126163ns          294944 1c00827c 1c071463 bne              x14, x0, 456        x14:00000001
15126264ns          294949 1c008444 a14a87d3 fle.s            x15, f21, f20       x15=00000001 f21:3fd1b195 f20:3fd1b211
15126464ns          294959 1c008448 00100693 addi             x13, x0, 1          x13=00000001
15126484ns          294960 1c00844a f80794e3 bne              x15, x0, -120       x15:00000001
15126785ns          294975 1c0083d2 00298793 addi             x15, x19, 2         x15=0000000e x19:0000000c
15126806ns          294976 1c0083d6 00279793 slli             x15, x15, 0x2       x15=00000038 x15:0000000e
15126826ns          294977 1c0083d8 012787b3 add              x15, x15, x18       x15=1c010038 x15:00000038 x18:1c010000
15126846ns          294978 1c0083da 0207aa03 lw               x20, 32(x15)        x20=3f012c53 x15:1c010038  PA:1c010058
15127227ns          294997 1c0083de 00398793 addi             x15, x19, 3         x15=0000000f x19:0000000c
15127247ns          294998 1c0083e2 a1440753 fle.s            x14, f8, f20        x14=00000001  f8:3f012bfd f20:3f012c53
15127267ns          294999 1c0083e6 00279793 slli             x15, x15, 0x2       x15=0000003c x15:0000000f
15127287ns          295000 1c0083e8 012787b3 add              x15, x15, x18       x15=1c01003c x15:0000003c x18:1c010000
15127307ns          295001 1c0083ea 0207a483 lw               x9, 32(x15)          x9=3f012ba9 x15:1c01003c  PA:1c01005c
15127729ns          295022 1c0083ec 08070e63 beq              x14, x0, 156        x14:00000001
15127749ns          295023 1c0083ee a08487d3 fle.s            x15, f9, f8         x15=00000001  f9:3f012ba9  f8:3f012bfd
15127769ns          295024 1c0083f2 08078b63 beq              x15, x0, 150        x15:00000001
15127789ns          295025 1c0083f4 f14025f3 csrrs            x11, x0, 0xf14      x11=00000003
15127809ns          295026 1c0083f8 f455b5b3 p.bclr           x11, x11, 26, 5     x11=00000003 x11:00000003
15127829ns          295027 1c0083fc 1e068263 beq              x13, x0, 484        x13:00000001
15128210ns          295046 1c008400 1c000537 lui              x10, 0x1c000000     x10=1c000000
15128250ns          295048 1c008404 0c450513 addi             x10, x10, 196       x10=1c0000c4 x10:1c000000
15128270ns          295049 1c008408 24f000ef jal              x1, 2638             x1=1c00840c
15128351ns          295053 1c008e56 fc010113 addi             x2, x2, -64          x2=10001c68  x2:10001ca8
15128391ns          295055 1c008e58 02410313 addi             x6, x2, 36           x6=10001c8c  x2:10001c68
15128411ns          295056 1c008e5c 02c12423 sw               x12, 40(x2)         x12:10001fc8  x2:10001c68  PA:10001c90
15128431ns          295057 1c008e5e 00a00633 add              x12, x0, x10        x12=1c0000c4 x10:1c0000c4
15128471ns          295059 1c008e60 1c009537 lui              x10, 0x1c009000     x10=1c009000
15128511ns          295061 1c008e64 02b12223 sw               x11, 36(x2)         x11:00000003  x2:10001c68  PA:10001c8c
15128531ns          295062 1c008e66 02d12623 sw               x13, 44(x2)         x13:00000001  x2:10001c68  PA:10001c94
15128551ns          295063 1c008e68 00200593 addi             x11, x0, 2          x11=00000002
15128571ns          295064 1c008e6a 006006b3 add              x13, x0, x6         x13=10001c8c  x6:10001c8c
15128591ns          295065 1c008e6c dea50513 addi             x10, x10, -534      x10=1c008dea x10:1c009000
15128611ns          295066 1c008e70 00112e23 sw               x1, 28(x2)           x1:1c00840c  x2:10001c68  PA:10001c84
15128631ns          295067 1c008e72 02e12823 sw               x14, 48(x2)         x14:00000001  x2:10001c68  PA:10001c98
15128652ns          295068 1c008e74 02f12a23 sw               x15, 52(x2)         x15:00000001  x2:10001c68  PA:10001c9c
15128672ns          295069 1c008e76 03012c23 sw               x16, 56(x2)         x16:xxxxxxxx  x2:10001c68  PA:10001ca0
15128692ns          295070 1c008e78 03112e23 sw               x17, 60(x2)         x17:xxxxxxxx  x2:10001c68  PA:10001ca4
15128712ns          295071 1c008e7a 00612623 sw               x6, 12(x2)           x6:10001c8c  x2:10001c68  PA:10001c74
15128732ns          295072 1c008e7c fbfff0ef jal              x1, -66              x1=1c008e7e
15129595ns          295115 1c008e3a 04a0006f jal              x0, 74             
15129635ns          295117 1c008e84 ed010113 addi             x2, x2, -304         x2=10001b38  x2:10001c68
15129655ns          295118 1c008e86 12812423 sw               x8, 296(x2)          x8:3f012bfd  x2:10001b38  PA:10001c60
15129675ns          295119 1c008e8a 00000413 addi             x8, x0, 0            x8=00000000
15129695ns          295120 1c008e8c 11612823 sw               x22, 272(x2)        x22:3efd2311  x2:10001b38  PA:10001c48
15129735ns          295122 1c008e90 11712623 sw               x23, 268(x2)        x23:10001fc8  x2:10001b38  PA:10001c44
15129775ns          295124 1c008e94 11812423 sw               x24, 264(x2)        x24:3fc90fdb  x2:10001b38  PA:10001c40
15129795ns          295125 1c008e98 11912223 sw               x25, 260(x2)        x25:3f800000  x2:10001b38  PA:10001c3c
15129815ns          295126 1c008e9c 11a12023 sw               x26, 256(x2)        x26:xxxxxxxx  x2:10001b38  PA:10001c38
15129876ns          295129 1c008ea0 0fb12e23 sw               x27, 252(x2)        x27:xxxxxxxx  x2:10001b38  PA:10001c34
15129916ns          295131 1c008ea2 12112623 sw               x1, 300(x2)          x1:1c008e7e  x2:10001b38  PA:10001c64
15129936ns          295132 1c008ea6 00800db3 add              x27, x0, x8         x27=00000000  x8:00000000
15129956ns          295133 1c008ea8 12912223 sw               x9, 292(x2)          x9:3f012ba9  x2:10001b38  PA:10001c5c
15129976ns          295134 1c008eac 13212023 sw               x18, 288(x2)        x18:1c010000  x2:10001b38  PA:10001c58
15130016ns          295136 1c008eb0 11312e23 sw               x19, 284(x2)        x19:0000000c  x2:10001b38  PA:10001c54
15130056ns          295138 1c008eb4 11412c23 sw               x20, 280(x2)        x20:3f012c53  x2:10001b38  PA:10001c50
15130076ns          295139 1c008eb8 11512a23 sw               x21, 276(x2)        x21:3fd1b195  x2:10001b38  PA:10001c4c
15130096ns          295140 1c008ebc 00a00b33 add              x22, x0, x10        x22=1c008dea x10:1c008dea
15130116ns          295141 1c008ebe 00b00d33 add              x26, x0, x11        x26=00000002 x11:00000002
15130156ns          295143 1c008ec0 00d00c33 add              x24, x0, x13        x24=10001c8c x13:10001c8c
15130197ns          295145 1c008ec2 1c000bb7 lui              x23, 0x1c000000     x23=1c000000
15130217ns          295146 1c008ec6 02410c93 addi             x25, x2, 36         x25=10001b5c  x2:10001b38
15130237ns          295147 1c008eca 00c00433 add              x8, x0, x12          x8=1c0000c4 x12:1c0000c4
15130257ns          295148 1c008ecc 00044503 lbu              x10, 0(x8)          x10=0000006b  x8:1c0000c4  PA:1c0000c4
15130578ns          295164 1c008ed0 00140413 addi             x8, x8, 1            x8=1c0000c5  x8:1c0000c4
15130598ns          295165 1c008ed2 00050e63 beq              x10, x0, 28         x10:0000006b
15130618ns          295166 1c008ed4 02500793 addi             x15, x0, 37         x15=00000025
15130638ns          295167 1c008ed8 04f50863 beq              x10, x15, 80        x10:0000006b x15:00000025
15130658ns          295168 1c008edc 01a005b3 add              x11, x0, x26        x11=00000002 x26:00000002
15130678ns          295169 1c008ede 000b00e7 jalr             x1, x22, 0           x1=1c008ee0 x22:1c008dea
15130839ns          295177 1c008dea 000026b7 lui              x13, 0x2000         x13=00002000
15130879ns          295179 1c008dec f14027f3 csrrs            x15, x0, 0xf14      x15=00000003
15130939ns          295182 1c008df0 f8068693 addi             x13, x13, -128      x13=00001f80 x13:00002000
15130979ns          295184 1c008df4 00379713 slli             x14, x15, 0x3       x14=00000018 x15:00000003
15130999ns          295185 1c008df8 00279793 slli             x15, x15, 0x2       x15=0000000c x15:00000003
15131019ns          295186 1c008dfa 00d7f7b3 and              x15, x15, x13       x15=00000000 x15:0000000c x13:00001f80
15131039ns          295187 1c008dfc ee873733 p.bclr           x14, x14, 23, 8     x14=00000018 x14:00000018
15131079ns          295189 1c008e00 1a10f6b7 lui              x13, 0x1a10f000     x13=1a10f000
15131120ns          295191 1c008e04 0ff57513 andi             x10, x10, 255       x10=0000006b x10:0000006b
15131140ns          295192 1c008e08 00d70733 add              x14, x14, x13       x14=1a10f018 x14:00000018 x13:1a10f000
15131160ns          295193 1c008e0a 00a7e723 p.sw             x10, x0(x15)        x10:0000006b x15:00000000  PA:1a10f018
15131581ns          295214 1c008e0e 00000513 addi             x10, x0, 0          x10=00000000
15131601ns          295215 1c008e10 00008067 jalr             x0, x1, 0            x1:1c008ee0
15131641ns          295217 1c008ee0 31f52563 p.beqimm         x10, 778            x10:00000000
15131661ns          295218 1c008ee4 001d8d93 addi             x27, x27, 1         x27=00000001 x27:00000000
15131681ns          295219 1c008ee6 00044503 lbu              x10, 0(x8)          x10=00000065  x8:1c0000c5  PA:1c0000c5
15131982ns          295234 1c008eea 00140413 addi             x8, x8, 1            x8=1c0000c6  x8:1c0000c5
15132002ns          295235 1c008eec fe0514e3 bne              x10, x0, -24        x10:00000065
15132063ns          295238 1c008ed4 02500793 addi             x15, x0, 37         x15=00000025
15132083ns          295239 1c008ed8 04f50863 beq              x10, x15, 80        x10:00000065 x15:00000025
15132103ns          295240 1c008edc 01a005b3 add              x11, x0, x26        x11=00000002 x26:00000002
15132123ns          295241 1c008ede 000b00e7 jalr             x1, x22, 0           x1=1c008ee0 x22:1c008dea
15132163ns          295243 1c008dea 000026b7 lui              x13, 0x2000         x13=00002000
15132183ns          295244 1c008dec f14027f3 csrrs            x15, x0, 0xf14      x15=00000003
15132203ns          295245 1c008df0 f8068693 addi             x13, x13, -128      x13=00001f80 x13:00002000
15132223ns          295246 1c008df4 00379713 slli             x14, x15, 0x3       x14=00000018 x15:00000003
15132243ns          295247 1c008df8 00279793 slli             x15, x15, 0x2       x15=0000000c x15:00000003
15132263ns          295248 1c008dfa 00d7f7b3 and              x15, x15, x13       x15=00000000 x15:0000000c x13:00001f80
15132283ns          295249 1c008dfc ee873733 p.bclr           x14, x14, 23, 8     x14=00000018 x14:00000018
15132303ns          295250 1c008e00 1a10f6b7 lui              x13, 0x1a10f000     x13=1a10f000
15132324ns          295251 1c008e04 0ff57513 andi             x10, x10, 255       x10=00000065 x10:00000065
15132344ns          295252 1c008e08 00d70733 add              x14, x14, x13       x14=1a10f018 x14:00000018 x13:1a10f000
15132364ns          295253 1c008e0a 00a7e723 p.sw             x10, x0(x15)        x10:00000065 x15:00000000  PA:1a10f018
15132705ns          295270 1c008e0e 00000513 addi             x10, x0, 0          x10=00000000
15132725ns          295271 1c008e10 00008067 jalr             x0, x1, 0            x1:1c008ee0
15132765ns          295273 1c008ee0 31f52563 p.beqimm         x10, 778            x10:00000000
15132785ns          295274 1c008ee4 001d8d93 addi             x27, x27, 1         x27=00000002 x27:00000001
15132805ns          295275 1c008ee6 00044503 lbu              x10, 0(x8)          x10=00000072  x8:1c0000c6  PA:1c0000c6
15133106ns          295290 1c008eea 00140413 addi             x8, x8, 1            x8=1c0000c7  x8:1c0000c6
15133126ns          295291 1c008eec fe0514e3 bne              x10, x0, -24        x10:00000072
15133186ns          295294 1c008ed4 02500793 addi             x15, x0, 37         x15=00000025
15133206ns          295295 1c008ed8 04f50863 beq              x10, x15, 80        x10:00000072 x15:00000025
15133226ns          295296 1c008edc 01a005b3 add              x11, x0, x26        x11=00000002 x26:00000002
15133247ns          295297 1c008ede 000b00e7 jalr             x1, x22, 0           x1=1c008ee0 x22:1c008dea
15133287ns          295299 1c008dea 000026b7 lui              x13, 0x2000         x13=00002000
15133307ns          295300 1c008dec f14027f3 csrrs            x15, x0, 0xf14      x15=00000003
15133327ns          295301 1c008df0 f8068693 addi             x13, x13, -128      x13=00001f80 x13:00002000
15133347ns          295302 1c008df4 00379713 slli             x14, x15, 0x3       x14=00000018 x15:00000003
15133367ns          295303 1c008df8 00279793 slli             x15, x15, 0x2       x15=0000000c x15:00000003
15133387ns          295304 1c008dfa 00d7f7b3 and              x15, x15, x13       x15=00000000 x15:0000000c x13:00001f80
15133407ns          295305 1c008dfc ee873733 p.bclr           x14, x14, 23, 8     x14=00000018 x14:00000018
15133427ns          295306 1c008e00 1a10f6b7 lui              x13, 0x1a10f000     x13=1a10f000
15133447ns          295307 1c008e04 0ff57513 andi             x10, x10, 255       x10=00000072 x10:00000072
15133467ns          295308 1c008e08 00d70733 add              x14, x14, x13       x14=1a10f018 x14:00000018 x13:1a10f000
15133487ns          295309 1c008e0a 00a7e723 p.sw             x10, x0(x15)        x10:00000072 x15:00000000  PA:1a10f018
15133828ns          295326 1c008e0e 00000513 addi             x10, x0, 0          x10=00000000
15133848ns          295327 1c008e10 00008067 jalr             x0, x1, 0            x1:1c008ee0
15133889ns          295329 1c008ee0 31f52563 p.beqimm         x10, 778            x10:00000000
15133909ns          295330 1c008ee4 001d8d93 addi             x27, x27, 1         x27=00000003 x27:00000002
15133929ns          295331 1c008ee6 00044503 lbu              x10, 0(x8)          x10=0000006e  x8:1c0000c7  PA:1c0000c7
15134230ns          295346 1c008eea 00140413 addi             x8, x8, 1            x8=1c0000c8  x8:1c0000c7
15134250ns          295347 1c008eec fe0514e3 bne              x10, x0, -24        x10:0000006e
15134310ns          295350 1c008ed4 02500793 addi             x15, x0, 37         x15=00000025
15134330ns          295351 1c008ed8 04f50863 beq              x10, x15, 80        x10:0000006e x15:00000025
15134350ns          295352 1c008edc 01a005b3 add              x11, x0, x26        x11=00000002 x26:00000002
15134370ns          295353 1c008ede 000b00e7 jalr             x1, x22, 0           x1=1c008ee0 x22:1c008dea
15134410ns          295355 1c008dea 000026b7 lui              x13, 0x2000         x13=00002000
15134430ns          295356 1c008dec f14027f3 csrrs            x15, x0, 0xf14      x15=00000003
15134450ns          295357 1c008df0 f8068693 addi             x13, x13, -128      x13=00001f80 x13:00002000
15134471ns          295358 1c008df4 00379713 slli             x14, x15, 0x3       x14=00000018 x15:00000003
15134491ns          295359 1c008df8 00279793 slli             x15, x15, 0x2       x15=0000000c x15:00000003
15134511ns          295360 1c008dfa 00d7f7b3 and              x15, x15, x13       x15=00000000 x15:0000000c x13:00001f80
15134531ns          295361 1c008dfc ee873733 p.bclr           x14, x14, 23, 8     x14=00000018 x14:00000018
15134551ns          295362 1c008e00 1a10f6b7 lui              x13, 0x1a10f000     x13=1a10f000
15134571ns          295363 1c008e04 0ff57513 andi             x10, x10, 255       x10=0000006e x10:0000006e
15134591ns          295364 1c008e08 00d70733 add              x14, x14, x13       x14=1a10f018 x14:00000018 x13:1a10f000
15134611ns          295365 1c008e0a 00a7e723 p.sw             x10, x0(x15)        x10:0000006e x15:00000000  PA:1a10f018
15134932ns          295381 1c008e0e 00000513 addi             x10, x0, 0          x10=00000000
15134952ns          295382 1c008e10 00008067 jalr             x0, x1, 0            x1:1c008ee0
15134992ns          295384 1c008ee0 31f52563 p.beqimm         x10, 778            x10:00000000
15135012ns          295385 1c008ee4 001d8d93 addi             x27, x27, 1         x27=00000004 x27:00000003
15135032ns          295386 1c008ee6 00044503 lbu              x10, 0(x8)          x10=00000065  x8:1c0000c8  PA:1c0000c8
15135333ns          295401 1c008eea 00140413 addi             x8, x8, 1            x8=1c0000c9  x8:1c0000c8
15135353ns          295402 1c008eec fe0514e3 bne              x10, x0, -24        x10:00000065
15135414ns          295405 1c008ed4 02500793 addi             x15, x0, 37         x15=00000025
15135434ns          295406 1c008ed8 04f50863 beq              x10, x15, 80        x10:00000065 x15:00000025
15135454ns          295407 1c008edc 01a005b3 add              x11, x0, x26        x11=00000002 x26:00000002
15135474ns          295408 1c008ede 000b00e7 jalr             x1, x22, 0           x1=1c008ee0 x22:1c008dea
15135514ns          295410 1c008dea 000026b7 lui              x13, 0x2000         x13=00002000
15135534ns          295411 1c008dec f14027f3 csrrs            x15, x0, 0xf14      x15=00000003
15135554ns          295412 1c008df0 f8068693 addi             x13, x13, -128      x13=00001f80 x13:00002000
15135574ns          295413 1c008df4 00379713 slli             x14, x15, 0x3       x14=00000018 x15:00000003
15135594ns          295414 1c008df8 00279793 slli             x15, x15, 0x2       x15=0000000c x15:00000003
15135614ns          295415 1c008dfa 00d7f7b3 and              x15, x15, x13       x15=00000000 x15:0000000c x13:00001f80
15135634ns          295416 1c008dfc ee873733 p.bclr           x14, x14, 23, 8     x14=00000018 x14:00000018
15135654ns          295417 1c008e00 1a10f6b7 lui              x13, 0x1a10f000     x13=1a10f000
15135674ns          295418 1c008e04 0ff57513 andi             x10, x10, 255       x10=00000065 x10:00000065
15135694ns          295419 1c008e08 00d70733 add              x14, x14, x13       x14=1a10f018 x14:00000018 x13:1a10f000
15135715ns          295420 1c008e0a 00a7e723 p.sw             x10, x0(x15)        x10:00000065 x15:00000000  PA:1a10f018
15136036ns          295436 1c008e0e 00000513 addi             x10, x0, 0          x10=00000000
15136056ns          295437 1c008e10 00008067 jalr             x0, x1, 0            x1:1c008ee0
15136096ns          295439 1c008ee0 31f52563 p.beqimm         x10, 778            x10:00000000
15136116ns          295440 1c008ee4 001d8d93 addi             x27, x27, 1         x27=00000005 x27:00000004
15136136ns          295441 1c008ee6 00044503 lbu              x10, 0(x8)          x10=0000006c  x8:1c0000c9  PA:1c0000c9
15136437ns          295456 1c008eea 00140413 addi             x8, x8, 1            x8=1c0000ca  x8:1c0000c9
15136457ns          295457 1c008eec fe0514e3 bne              x10, x0, -24        x10:0000006c
15136517ns          295460 1c008ed4 02500793 addi             x15, x0, 37         x15=00000025
15136537ns          295461 1c008ed8 04f50863 beq              x10, x15, 80        x10:0000006c x15:00000025
15136557ns          295462 1c008edc 01a005b3 add              x11, x0, x26        x11=00000002 x26:00000002
15136577ns          295463 1c008ede 000b00e7 jalr             x1, x22, 0           x1=1c008ee0 x22:1c008dea
15136618ns          295465 1c008dea 000026b7 lui              x13, 0x2000         x13=00002000
15136638ns          295466 1c008dec f14027f3 csrrs            x15, x0, 0xf14      x15=00000003
15136658ns          295467 1c008df0 f8068693 addi             x13, x13, -128      x13=00001f80 x13:00002000
15136678ns          295468 1c008df4 00379713 slli             x14, x15, 0x3       x14=00000018 x15:00000003
15136698ns          295469 1c008df8 00279793 slli             x15, x15, 0x2       x15=0000000c x15:00000003
15136718ns          295470 1c008dfa 00d7f7b3 and              x15, x15, x13       x15=00000000 x15:0000000c x13:00001f80
15136738ns          295471 1c008dfc ee873733 p.bclr           x14, x14, 23, 8     x14=00000018 x14:00000018
15136758ns          295472 1c008e00 1a10f6b7 lui              x13, 0x1a10f000     x13=1a10f000
15136778ns          295473 1c008e04 0ff57513 andi             x10, x10, 255       x10=0000006c x10:0000006c
15136798ns          295474 1c008e08 00d70733 add              x14, x14, x13       x14=1a10f018 x14:00000018 x13:1a10f000
15136818ns          295475 1c008e0a 00a7e723 p.sw             x10, x0(x15)        x10:0000006c x15:00000000  PA:1a10f018
15137139ns          295491 1c008e0e 00000513 addi             x10, x0, 0          x10=00000000
15137159ns          295492 1c008e10 00008067 jalr             x0, x1, 0            x1:1c008ee0
15137199ns          295494 1c008ee0 31f52563 p.beqimm         x10, 778            x10:00000000
15137219ns          295495 1c008ee4 001d8d93 addi             x27, x27, 1         x27=00000006 x27:00000005
15137240ns          295496 1c008ee6 00044503 lbu              x10, 0(x8)          x10=00000020  x8:1c0000ca  PA:1c0000ca
15137541ns          295511 1c008eea 00140413 addi             x8, x8, 1            x8=1c0000cb  x8:1c0000ca
15137561ns          295512 1c008eec fe0514e3 bne              x10, x0, -24        x10:00000020
15137621ns          295515 1c008ed4 02500793 addi             x15, x0, 37         x15=00000025
15137641ns          295516 1c008ed8 04f50863 beq              x10, x15, 80        x10:00000020 x15:00000025
15137661ns          295517 1c008edc 01a005b3 add              x11, x0, x26        x11=00000002 x26:00000002
15137681ns          295518 1c008ede 000b00e7 jalr             x1, x22, 0           x1=1c008ee0 x22:1c008dea
15137721ns          295520 1c008dea 000026b7 lui              x13, 0x2000         x13=00002000
15137741ns          295521 1c008dec f14027f3 csrrs            x15, x0, 0xf14      x15=00000003
15137761ns          295522 1c008df0 f8068693 addi             x13, x13, -128      x13=00001f80 x13:00002000
15137781ns          295523 1c008df4 00379713 slli             x14, x15, 0x3       x14=00000018 x15:00000003
15137801ns          295524 1c008df8 00279793 slli             x15, x15, 0x2       x15=0000000c x15:00000003
15137821ns          295525 1c008dfa 00d7f7b3 and              x15, x15, x13       x15=00000000 x15:0000000c x13:00001f80
15137841ns          295526 1c008dfc ee873733 p.bclr           x14, x14, 23, 8     x14=00000018 x14:00000018
15137862ns          295527 1c008e00 1a10f6b7 lui              x13, 0x1a10f000     x13=1a10f000
15137882ns          295528 1c008e04 0ff57513 andi             x10, x10, 255       x10=00000020 x10:00000020
15137902ns          295529 1c008e08 00d70733 add              x14, x14, x13       x14=1a10f018 x14:00000018 x13:1a10f000
15137922ns          295530 1c008e0a 00a7e723 p.sw             x10, x0(x15)        x10:00000020 x15:00000000  PA:1a10f018
15138243ns          295546 1c008e0e 00000513 addi             x10, x0, 0          x10=00000000
15138263ns          295547 1c008e10 00008067 jalr             x0, x1, 0            x1:1c008ee0
15138303ns          295549 1c008ee0 31f52563 p.beqimm         x10, 778            x10:00000000
15138323ns          295550 1c008ee4 001d8d93 addi             x27, x27, 1         x27=00000007 x27:00000006
15138343ns          295551 1c008ee6 00044503 lbu              x10, 0(x8)          x10=00000070  x8:1c0000cb  PA:1c0000cb
15138644ns          295566 1c008eea 00140413 addi             x8, x8, 1            x8=1c0000cc  x8:1c0000cb
15138664ns          295567 1c008eec fe0514e3 bne              x10, x0, -24        x10:00000070
15138724ns          295570 1c008ed4 02500793 addi             x15, x0, 37         x15=00000025
15138744ns          295571 1c008ed8 04f50863 beq              x10, x15, 80        x10:00000070 x15:00000025
15138764ns          295572 1c008edc 01a005b3 add              x11, x0, x26        x11=00000002 x26:00000002
15138785ns          295573 1c008ede 000b00e7 jalr             x1, x22, 0           x1=1c008ee0 x22:1c008dea
15138825ns          295575 1c008dea 000026b7 lui              x13, 0x2000         x13=00002000
15138845ns          295576 1c008dec f14027f3 csrrs            x15, x0, 0xf14      x15=00000003
15138865ns          295577 1c008df0 f8068693 addi             x13, x13, -128      x13=00001f80 x13:00002000
15138885ns          295578 1c008df4 00379713 slli             x14, x15, 0x3       x14=00000018 x15:00000003
15138905ns          295579 1c008df8 00279793 slli             x15, x15, 0x2       x15=0000000c x15:00000003
15138925ns          295580 1c008dfa 00d7f7b3 and              x15, x15, x13       x15=00000000 x15:0000000c x13:00001f80
15138945ns          295581 1c008dfc ee873733 p.bclr           x14, x14, 23, 8     x14=00000018 x14:00000018
15138965ns          295582 1c008e00 1a10f6b7 lui              x13, 0x1a10f000     x13=1a10f000
15138985ns          295583 1c008e04 0ff57513 andi             x10, x10, 255       x10=00000070 x10:00000070
15139005ns          295584 1c008e08 00d70733 add              x14, x14, x13       x14=1a10f018 x14:00000018 x13:1a10f000
15139025ns          295585 1c008e0a 00a7e723 p.sw             x10, x0(x15)        x10:00000070 x15:00000000  PA:1a10f018
15139366ns          295602 1c008e0e 00000513 addi             x10, x0, 0          x10=00000000
15139387ns          295603 1c008e10 00008067 jalr             x0, x1, 0            x1:1c008ee0
15139427ns          295605 1c008ee0 31f52563 p.beqimm         x10, 778            x10:00000000
15139447ns          295606 1c008ee4 001d8d93 addi             x27, x27, 1         x27=00000008 x27:00000007
15139467ns          295607 1c008ee6 00044503 lbu              x10, 0(x8)          x10=00000061  x8:1c0000cc  PA:1c0000cc
15139768ns          295622 1c008eea 00140413 addi             x8, x8, 1            x8=1c0000cd  x8:1c0000cc
15139788ns          295623 1c008eec fe0514e3 bne              x10, x0, -24        x10:00000061
15139848ns          295626 1c008ed4 02500793 addi             x15, x0, 37         x15=00000025
15139868ns          295627 1c008ed8 04f50863 beq              x10, x15, 80        x10:00000061 x15:00000025
15139888ns          295628 1c008edc 01a005b3 add              x11, x0, x26        x11=00000002 x26:00000002
15139908ns          295629 1c008ede 000b00e7 jalr             x1, x22, 0           x1=1c008ee0 x22:1c008dea
15139948ns          295631 1c008dea 000026b7 lui              x13, 0x2000         x13=00002000
15139968ns          295632 1c008dec f14027f3 csrrs            x15, x0, 0xf14      x15=00000003
15139988ns          295633 1c008df0 f8068693 addi             x13, x13, -128      x13=00001f80 x13:00002000
15140009ns          295634 1c008df4 00379713 slli             x14, x15, 0x3       x14=00000018 x15:00000003
15140029ns          295635 1c008df8 00279793 slli             x15, x15, 0x2       x15=0000000c x15:00000003
15140049ns          295636 1c008dfa 00d7f7b3 and              x15, x15, x13       x15=00000000 x15:0000000c x13:00001f80
15140069ns          295637 1c008dfc ee873733 p.bclr           x14, x14, 23, 8     x14=00000018 x14:00000018
15140089ns          295638 1c008e00 1a10f6b7 lui              x13, 0x1a10f000     x13=1a10f000
15140109ns          295639 1c008e04 0ff57513 andi             x10, x10, 255       x10=00000061 x10:00000061
15140129ns          295640 1c008e08 00d70733 add              x14, x14, x13       x14=1a10f018 x14:00000018 x13:1a10f000
15140149ns          295641 1c008e0a 00a7e723 p.sw             x10, x0(x15)        x10:00000061 x15:00000000  PA:1a10f018
15140470ns          295657 1c008e0e 00000513 addi             x10, x0, 0          x10=00000000
15140490ns          295658 1c008e10 00008067 jalr             x0, x1, 0            x1:1c008ee0
15140530ns          295660 1c008ee0 31f52563 p.beqimm         x10, 778            x10:00000000
15140550ns          295661 1c008ee4 001d8d93 addi             x27, x27, 1         x27=00000009 x27:00000008
15140570ns          295662 1c008ee6 00044503 lbu              x10, 0(x8)          x10=00000073  x8:1c0000cd  PA:1c0000cd
15140871ns          295677 1c008eea 00140413 addi             x8, x8, 1            x8=1c0000ce  x8:1c0000cd
15140891ns          295678 1c008eec fe0514e3 bne              x10, x0, -24        x10:00000073
15140952ns          295681 1c008ed4 02500793 addi             x15, x0, 37         x15=00000025
15140972ns          295682 1c008ed8 04f50863 beq              x10, x15, 80        x10:00000073 x15:00000025
15140992ns          295683 1c008edc 01a005b3 add              x11, x0, x26        x11=00000002 x26:00000002
15141012ns          295684 1c008ede 000b00e7 jalr             x1, x22, 0           x1=1c008ee0 x22:1c008dea
15141052ns          295686 1c008dea 000026b7 lui              x13, 0x2000         x13=00002000
15141072ns          295687 1c008dec f14027f3 csrrs            x15, x0, 0xf14      x15=00000003
15141092ns          295688 1c008df0 f8068693 addi             x13, x13, -128      x13=00001f80 x13:00002000
15141112ns          295689 1c008df4 00379713 slli             x14, x15, 0x3       x14=00000018 x15:00000003
15141132ns          295690 1c008df8 00279793 slli             x15, x15, 0x2       x15=0000000c x15:00000003
15141152ns          295691 1c008dfa 00d7f7b3 and              x15, x15, x13       x15=00000000 x15:0000000c x13:00001f80
15141172ns          295692 1c008dfc ee873733 p.bclr           x14, x14, 23, 8     x14=00000018 x14:00000018
15141192ns          295693 1c008e00 1a10f6b7 lui              x13, 0x1a10f000     x13=1a10f000
15141212ns          295694 1c008e04 0ff57513 andi             x10, x10, 255       x10=00000073 x10:00000073
15141233ns          295695 1c008e08 00d70733 add              x14, x14, x13       x14=1a10f018 x14:00000018 x13:1a10f000
15141253ns          295696 1c008e0a 00a7e723 p.sw             x10, x0(x15)        x10:00000073 x15:00000000  PA:1a10f018
15141574ns          295712 1c008e0e 00000513 addi             x10, x0, 0          x10=00000000
15141594ns          295713 1c008e10 00008067 jalr             x0, x1, 0            x1:1c008ee0
15141634ns          295715 1c008ee0 31f52563 p.beqimm         x10, 778            x10:00000000
15141654ns          295716 1c008ee4 001d8d93 addi             x27, x27, 1         x27=0000000a x27:00000009
15141674ns          295717 1c008ee6 00044503 lbu              x10, 0(x8)          x10=00000073  x8:1c0000ce  PA:1c0000ce
15141975ns          295732 1c008eea 00140413 addi             x8, x8, 1            x8=1c0000cf  x8:1c0000ce
15141995ns          295733 1c008eec fe0514e3 bne              x10, x0, -24        x10:00000073
15142055ns          295736 1c008ed4 02500793 addi             x15, x0, 37         x15=00000025
15142075ns          295737 1c008ed8 04f50863 beq              x10, x15, 80        x10:00000073 x15:00000025
15142095ns          295738 1c008edc 01a005b3 add              x11, x0, x26        x11=00000002 x26:00000002
15142115ns          295739 1c008ede 000b00e7 jalr             x1, x22, 0           x1=1c008ee0 x22:1c008dea
15142156ns          295741 1c008dea 000026b7 lui              x13, 0x2000         x13=00002000
15142176ns          295742 1c008dec f14027f3 csrrs            x15, x0, 0xf14      x15=00000003
15142196ns          295743 1c008df0 f8068693 addi             x13, x13, -128      x13=00001f80 x13:00002000
15142216ns          295744 1c008df4 00379713 slli             x14, x15, 0x3       x14=00000018 x15:00000003
15142236ns          295745 1c008df8 00279793 slli             x15, x15, 0x2       x15=0000000c x15:00000003
15142256ns          295746 1c008dfa 00d7f7b3 and              x15, x15, x13       x15=00000000 x15:0000000c x13:00001f80
15142276ns          295747 1c008dfc ee873733 p.bclr           x14, x14, 23, 8     x14=00000018 x14:00000018
15142296ns          295748 1c008e00 1a10f6b7 lui              x13, 0x1a10f000     x13=1a10f000
15142316ns          295749 1c008e04 0ff57513 andi             x10, x10, 255       x10=00000073 x10:00000073
15142336ns          295750 1c008e08 00d70733 add              x14, x14, x13       x14=1a10f018 x14:00000018 x13:1a10f000
15142356ns          295751 1c008e0a 00a7e723 p.sw             x10, x0(x15)        x10:00000073 x15:00000000  PA:1a10f018
15142677ns          295767 1c008e0e 00000513 addi             x10, x0, 0          x10=00000000
15142697ns          295768 1c008e10 00008067 jalr             x0, x1, 0            x1:1c008ee0
15142737ns          295770 1c008ee0 31f52563 p.beqimm         x10, 778            x10:00000000
15142758ns          295771 1c008ee4 001d8d93 addi             x27, x27, 1         x27=0000000b x27:0000000a
15142778ns          295772 1c008ee6 00044503 lbu              x10, 0(x8)          x10=00000065  x8:1c0000cf  PA:1c0000cf
15143079ns          295787 1c008eea 00140413 addi             x8, x8, 1            x8=1c0000d0  x8:1c0000cf
15143099ns          295788 1c008eec fe0514e3 bne              x10, x0, -24        x10:00000065
15143159ns          295791 1c008ed4 02500793 addi             x15, x0, 37         x15=00000025
15143179ns          295792 1c008ed8 04f50863 beq              x10, x15, 80        x10:00000065 x15:00000025
15143199ns          295793 1c008edc 01a005b3 add              x11, x0, x26        x11=00000002 x26:00000002
15143219ns          295794 1c008ede 000b00e7 jalr             x1, x22, 0           x1=1c008ee0 x22:1c008dea
15143259ns          295796 1c008dea 000026b7 lui              x13, 0x2000         x13=00002000
15143279ns          295797 1c008dec f14027f3 csrrs            x15, x0, 0xf14      x15=00000003
15143299ns          295798 1c008df0 f8068693 addi             x13, x13, -128      x13=00001f80 x13:00002000
15143319ns          295799 1c008df4 00379713 slli             x14, x15, 0x3       x14=00000018 x15:00000003
15143339ns          295800 1c008df8 00279793 slli             x15, x15, 0x2       x15=0000000c x15:00000003
15143359ns          295801 1c008dfa 00d7f7b3 and              x15, x15, x13       x15=00000000 x15:0000000c x13:00001f80
15143380ns          295802 1c008dfc ee873733 p.bclr           x14, x14, 23, 8     x14=00000018 x14:00000018
15143400ns          295803 1c008e00 1a10f6b7 lui              x13, 0x1a10f000     x13=1a10f000
15143420ns          295804 1c008e04 0ff57513 andi             x10, x10, 255       x10=00000065 x10:00000065
15143440ns          295805 1c008e08 00d70733 add              x14, x14, x13       x14=1a10f018 x14:00000018 x13:1a10f000
15143460ns          295806 1c008e0a 00a7e723 p.sw             x10, x0(x15)        x10:00000065 x15:00000000  PA:1a10f018
15143781ns          295822 1c008e0e 00000513 addi             x10, x0, 0          x10=00000000
15143801ns          295823 1c008e10 00008067 jalr             x0, x1, 0            x1:1c008ee0
15143841ns          295825 1c008ee0 31f52563 p.beqimm         x10, 778            x10:00000000
15143861ns          295826 1c008ee4 001d8d93 addi             x27, x27, 1         x27=0000000c x27:0000000b
15143881ns          295827 1c008ee6 00044503 lbu              x10, 0(x8)          x10=00000064  x8:1c0000d0  PA:1c0000d0
15144182ns          295842 1c008eea 00140413 addi             x8, x8, 1            x8=1c0000d1  x8:1c0000d0
15144202ns          295843 1c008eec fe0514e3 bne              x10, x0, -24        x10:00000064
15144262ns          295846 1c008ed4 02500793 addi             x15, x0, 37         x15=00000025
15144282ns          295847 1c008ed8 04f50863 beq              x10, x15, 80        x10:00000064 x15:00000025
15144303ns          295848 1c008edc 01a005b3 add              x11, x0, x26        x11=00000002 x26:00000002
15144323ns          295849 1c008ede 000b00e7 jalr             x1, x22, 0           x1=1c008ee0 x22:1c008dea
15144363ns          295851 1c008dea 000026b7 lui              x13, 0x2000         x13=00002000
15144383ns          295852 1c008dec f14027f3 csrrs            x15, x0, 0xf14      x15=00000003
15144403ns          295853 1c008df0 f8068693 addi             x13, x13, -128      x13=00001f80 x13:00002000
15144423ns          295854 1c008df4 00379713 slli             x14, x15, 0x3       x14=00000018 x15:00000003
15144443ns          295855 1c008df8 00279793 slli             x15, x15, 0x2       x15=0000000c x15:00000003
15144463ns          295856 1c008dfa 00d7f7b3 and              x15, x15, x13       x15=00000000 x15:0000000c x13:00001f80
15144483ns          295857 1c008dfc ee873733 p.bclr           x14, x14, 23, 8     x14=00000018 x14:00000018
15144503ns          295858 1c008e00 1a10f6b7 lui              x13, 0x1a10f000     x13=1a10f000
15144523ns          295859 1c008e04 0ff57513 andi             x10, x10, 255       x10=00000064 x10:00000064
15144543ns          295860 1c008e08 00d70733 add              x14, x14, x13       x14=1a10f018 x14:00000018 x13:1a10f000
15144563ns          295861 1c008e0a 00a7e723 p.sw             x10, x0(x15)        x10:00000064 x15:00000000  PA:1a10f018
15144884ns          295877 1c008e0e 00000513 addi             x10, x0, 0          x10=00000000
15144904ns          295878 1c008e10 00008067 jalr             x0, x1, 0            x1:1c008ee0
15144945ns          295880 1c008ee0 31f52563 p.beqimm         x10, 778            x10:00000000
15144965ns          295881 1c008ee4 001d8d93 addi             x27, x27, 1         x27=0000000d x27:0000000c
15144985ns          295882 1c008ee6 00044503 lbu              x10, 0(x8)          x10=00000020  x8:1c0000d1  PA:1c0000d1
15145286ns          295897 1c008eea 00140413 addi             x8, x8, 1            x8=1c0000d2  x8:1c0000d1
15145306ns          295898 1c008eec fe0514e3 bne              x10, x0, -24        x10:00000020
15145366ns          295901 1c008ed4 02500793 addi             x15, x0, 37         x15=00000025
15145386ns          295902 1c008ed8 04f50863 beq              x10, x15, 80        x10:00000020 x15:00000025
15145406ns          295903 1c008edc 01a005b3 add              x11, x0, x26        x11=00000002 x26:00000002
15145426ns          295904 1c008ede 000b00e7 jalr             x1, x22, 0           x1=1c008ee0 x22:1c008dea
15145466ns          295906 1c008dea 000026b7 lui              x13, 0x2000         x13=00002000
15145486ns          295907 1c008dec f14027f3 csrrs            x15, x0, 0xf14      x15=00000003
15145506ns          295908 1c008df0 f8068693 addi             x13, x13, -128      x13=00001f80 x13:00002000
15145527ns          295909 1c008df4 00379713 slli             x14, x15, 0x3       x14=00000018 x15:00000003
15145547ns          295910 1c008df8 00279793 slli             x15, x15, 0x2       x15=0000000c x15:00000003
15145567ns          295911 1c008dfa 00d7f7b3 and              x15, x15, x13       x15=00000000 x15:0000000c x13:00001f80
15145587ns          295912 1c008dfc ee873733 p.bclr           x14, x14, 23, 8     x14=00000018 x14:00000018
15145607ns          295913 1c008e00 1a10f6b7 lui              x13, 0x1a10f000     x13=1a10f000
15145627ns          295914 1c008e04 0ff57513 andi             x10, x10, 255       x10=00000020 x10:00000020
15145647ns          295915 1c008e08 00d70733 add              x14, x14, x13       x14=1a10f018 x14:00000018 x13:1a10f000
15145667ns          295916 1c008e0a 00a7e723 p.sw             x10, x0(x15)        x10:00000020 x15:00000000  PA:1a10f018
15146008ns          295933 1c008e0e 00000513 addi             x10, x0, 0          x10=00000000
15146028ns          295934 1c008e10 00008067 jalr             x0, x1, 0            x1:1c008ee0
15146068ns          295936 1c008ee0 31f52563 p.beqimm         x10, 778            x10:00000000
15146088ns          295937 1c008ee4 001d8d93 addi             x27, x27, 1         x27=0000000e x27:0000000d
15146108ns          295938 1c008ee6 00044503 lbu              x10, 0(x8)          x10=0000006f  x8:1c0000d2  PA:1c0000d2
15146409ns          295953 1c008eea 00140413 addi             x8, x8, 1            x8=1c0000d3  x8:1c0000d2
15146429ns          295954 1c008eec fe0514e3 bne              x10, x0, -24        x10:0000006f
15146490ns          295957 1c008ed4 02500793 addi             x15, x0, 37         x15=00000025
15146510ns          295958 1c008ed8 04f50863 beq              x10, x15, 80        x10:0000006f x15:00000025
15146530ns          295959 1c008edc 01a005b3 add              x11, x0, x26        x11=00000002 x26:00000002
15146550ns          295960 1c008ede 000b00e7 jalr             x1, x22, 0           x1=1c008ee0 x22:1c008dea
15146590ns          295962 1c008dea 000026b7 lui              x13, 0x2000         x13=00002000
15146610ns          295963 1c008dec f14027f3 csrrs            x15, x0, 0xf14      x15=00000003
15146630ns          295964 1c008df0 f8068693 addi             x13, x13, -128      x13=00001f80 x13:00002000
15146650ns          295965 1c008df4 00379713 slli             x14, x15, 0x3       x14=00000018 x15:00000003
15146670ns          295966 1c008df8 00279793 slli             x15, x15, 0x2       x15=0000000c x15:00000003
15146690ns          295967 1c008dfa 00d7f7b3 and              x15, x15, x13       x15=00000000 x15:0000000c x13:00001f80
15146710ns          295968 1c008dfc ee873733 p.bclr           x14, x14, 23, 8     x14=00000018 x14:00000018
15146730ns          295969 1c008e00 1a10f6b7 lui              x13, 0x1a10f000     x13=1a10f000
15146751ns          295970 1c008e04 0ff57513 andi             x10, x10, 255       x10=0000006f x10:0000006f
15146771ns          295971 1c008e08 00d70733 add              x14, x14, x13       x14=1a10f018 x14:00000018 x13:1a10f000
15146791ns          295972 1c008e0a 00a7e723 p.sw             x10, x0(x15)        x10:0000006f x15:00000000  PA:1a10f018
15147112ns          295988 1c008e0e 00000513 addi             x10, x0, 0          x10=00000000
15147132ns          295989 1c008e10 00008067 jalr             x0, x1, 0            x1:1c008ee0
15147172ns          295991 1c008ee0 31f52563 p.beqimm         x10, 778            x10:00000000
15147192ns          295992 1c008ee4 001d8d93 addi             x27, x27, 1         x27=0000000f x27:0000000e
15147212ns          295993 1c008ee6 00044503 lbu              x10, 0(x8)          x10=0000006e  x8:1c0000d3  PA:1c0000d3
15147513ns          296008 1c008eea 00140413 addi             x8, x8, 1            x8=1c0000d4  x8:1c0000d3
15147533ns          296009 1c008eec fe0514e3 bne              x10, x0, -24        x10:0000006e
15147593ns          296012 1c008ed4 02500793 addi             x15, x0, 37         x15=00000025
15147613ns          296013 1c008ed8 04f50863 beq              x10, x15, 80        x10:0000006e x15:00000025
15147633ns          296014 1c008edc 01a005b3 add              x11, x0, x26        x11=00000002 x26:00000002
15147653ns          296015 1c008ede 000b00e7 jalr             x1, x22, 0           x1=1c008ee0 x22:1c008dea
15147694ns          296017 1c008dea 000026b7 lui              x13, 0x2000         x13=00002000
15147714ns          296018 1c008dec f14027f3 csrrs            x15, x0, 0xf14      x15=00000003
15147734ns          296019 1c008df0 f8068693 addi             x13, x13, -128      x13=00001f80 x13:00002000
15147754ns          296020 1c008df4 00379713 slli             x14, x15, 0x3       x14=00000018 x15:00000003
15147774ns          296021 1c008df8 00279793 slli             x15, x15, 0x2       x15=0000000c x15:00000003
15147794ns          296022 1c008dfa 00d7f7b3 and              x15, x15, x13       x15=00000000 x15:0000000c x13:00001f80
15147814ns          296023 1c008dfc ee873733 p.bclr           x14, x14, 23, 8     x14=00000018 x14:00000018
15147834ns          296024 1c008e00 1a10f6b7 lui              x13, 0x1a10f000     x13=1a10f000
15147854ns          296025 1c008e04 0ff57513 andi             x10, x10, 255       x10=0000006e x10:0000006e
15147874ns          296026 1c008e08 00d70733 add              x14, x14, x13       x14=1a10f018 x14:00000018 x13:1a10f000
15147894ns          296027 1c008e0a 00a7e723 p.sw             x10, x0(x15)        x10:0000006e x15:00000000  PA:1a10f018
15148235ns          296044 1c008e0e 00000513 addi             x10, x0, 0          x10=00000000
15148255ns          296045 1c008e10 00008067 jalr             x0, x1, 0            x1:1c008ee0
15148296ns          296047 1c008ee0 31f52563 p.beqimm         x10, 778            x10:00000000
15148316ns          296048 1c008ee4 001d8d93 addi             x27, x27, 1         x27=00000010 x27:0000000f
15148336ns          296049 1c008ee6 00044503 lbu              x10, 0(x8)          x10=00000020  x8:1c0000d4  PA:1c0000d4
15148637ns          296064 1c008eea 00140413 addi             x8, x8, 1            x8=1c0000d5  x8:1c0000d4
15148657ns          296065 1c008eec fe0514e3 bne              x10, x0, -24        x10:00000020
15148717ns          296068 1c008ed4 02500793 addi             x15, x0, 37         x15=00000025
15148737ns          296069 1c008ed8 04f50863 beq              x10, x15, 80        x10:00000020 x15:00000025
15148757ns          296070 1c008edc 01a005b3 add              x11, x0, x26        x11=00000002 x26:00000002
15148777ns          296071 1c008ede 000b00e7 jalr             x1, x22, 0           x1=1c008ee0 x22:1c008dea
15148817ns          296073 1c008dea 000026b7 lui              x13, 0x2000         x13=00002000
15148837ns          296074 1c008dec f14027f3 csrrs            x15, x0, 0xf14      x15=00000003
15148857ns          296075 1c008df0 f8068693 addi             x13, x13, -128      x13=00001f80 x13:00002000
15148877ns          296076 1c008df4 00379713 slli             x14, x15, 0x3       x14=00000018 x15:00000003
15148898ns          296077 1c008df8 00279793 slli             x15, x15, 0x2       x15=0000000c x15:00000003
15148918ns          296078 1c008dfa 00d7f7b3 and              x15, x15, x13       x15=00000000 x15:0000000c x13:00001f80
15148938ns          296079 1c008dfc ee873733 p.bclr           x14, x14, 23, 8     x14=00000018 x14:00000018
15148958ns          296080 1c008e00 1a10f6b7 lui              x13, 0x1a10f000     x13=1a10f000
15148978ns          296081 1c008e04 0ff57513 andi             x10, x10, 255       x10=00000020 x10:00000020
15148998ns          296082 1c008e08 00d70733 add              x14, x14, x13       x14=1a10f018 x14:00000018 x13:1a10f000
15149018ns          296083 1c008e0a 00a7e723 p.sw             x10, x0(x15)        x10:00000020 x15:00000000  PA:1a10f018
15149339ns          296099 1c008e0e 00000513 addi             x10, x0, 0          x10=00000000
15149359ns          296100 1c008e10 00008067 jalr             x0, x1, 0            x1:1c008ee0
15149399ns          296102 1c008ee0 31f52563 p.beqimm         x10, 778            x10:00000000
15149419ns          296103 1c008ee4 001d8d93 addi             x27, x27, 1         x27=00000011 x27:00000010
15149439ns          296104 1c008ee6 00044503 lbu              x10, 0(x8)          x10=00000063  x8:1c0000d5  PA:1c0000d5
15149740ns          296119 1c008eea 00140413 addi             x8, x8, 1            x8=1c0000d6  x8:1c0000d5
15149760ns          296120 1c008eec fe0514e3 bne              x10, x0, -24        x10:00000063
15149821ns          296123 1c008ed4 02500793 addi             x15, x0, 37         x15=00000025
15149841ns          296124 1c008ed8 04f50863 beq              x10, x15, 80        x10:00000063 x15:00000025
15149861ns          296125 1c008edc 01a005b3 add              x11, x0, x26        x11=00000002 x26:00000002
15149881ns          296126 1c008ede 000b00e7 jalr             x1, x22, 0           x1=1c008ee0 x22:1c008dea
15149921ns          296128 1c008dea 000026b7 lui              x13, 0x2000         x13=00002000
15149941ns          296129 1c008dec f14027f3 csrrs            x15, x0, 0xf14      x15=00000003
15149961ns          296130 1c008df0 f8068693 addi             x13, x13, -128      x13=00001f80 x13:00002000
15149981ns          296131 1c008df4 00379713 slli             x14, x15, 0x3       x14=00000018 x15:00000003
15150001ns          296132 1c008df8 00279793 slli             x15, x15, 0x2       x15=0000000c x15:00000003
15150021ns          296133 1c008dfa 00d7f7b3 and              x15, x15, x13       x15=00000000 x15:0000000c x13:00001f80
15150041ns          296134 1c008dfc ee873733 p.bclr           x14, x14, 23, 8     x14=00000018 x14:00000018
15150061ns          296135 1c008e00 1a10f6b7 lui              x13, 0x1a10f000     x13=1a10f000
15150081ns          296136 1c008e04 0ff57513 andi             x10, x10, 255       x10=00000063 x10:00000063
15150101ns          296137 1c008e08 00d70733 add              x14, x14, x13       x14=1a10f018 x14:00000018 x13:1a10f000
15150121ns          296138 1c008e0a 00a7e723 p.sw             x10, x0(x15)        x10:00000063 x15:00000000  PA:1a10f018
15150443ns          296154 1c008e0e 00000513 addi             x10, x0, 0          x10=00000000
15150463ns          296155 1c008e10 00008067 jalr             x0, x1, 0            x1:1c008ee0
15150503ns          296157 1c008ee0 31f52563 p.beqimm         x10, 778            x10:00000000
15150523ns          296158 1c008ee4 001d8d93 addi             x27, x27, 1         x27=00000012 x27:00000011
15150543ns          296159 1c008ee6 00044503 lbu              x10, 0(x8)          x10=0000006f  x8:1c0000d6  PA:1c0000d6
15150844ns          296174 1c008eea 00140413 addi             x8, x8, 1            x8=1c0000d7  x8:1c0000d6
15150864ns          296175 1c008eec fe0514e3 bne              x10, x0, -24        x10:0000006f
15150924ns          296178 1c008ed4 02500793 addi             x15, x0, 37         x15=00000025
15150944ns          296179 1c008ed8 04f50863 beq              x10, x15, 80        x10:0000006f x15:00000025
15150964ns          296180 1c008edc 01a005b3 add              x11, x0, x26        x11=00000002 x26:00000002
15150984ns          296181 1c008ede 000b00e7 jalr             x1, x22, 0           x1=1c008ee0 x22:1c008dea
15151024ns          296183 1c008dea 000026b7 lui              x13, 0x2000         x13=00002000
15151044ns          296184 1c008dec f14027f3 csrrs            x15, x0, 0xf14      x15=00000003
15151065ns          296185 1c008df0 f8068693 addi             x13, x13, -128      x13=00001f80 x13:00002000
15151085ns          296186 1c008df4 00379713 slli             x14, x15, 0x3       x14=00000018 x15:00000003
15151105ns          296187 1c008df8 00279793 slli             x15, x15, 0x2       x15=0000000c x15:00000003
15151125ns          296188 1c008dfa 00d7f7b3 and              x15, x15, x13       x15=00000000 x15:0000000c x13:00001f80
15151145ns          296189 1c008dfc ee873733 p.bclr           x14, x14, 23, 8     x14=00000018 x14:00000018
15151165ns          296190 1c008e00 1a10f6b7 lui              x13, 0x1a10f000     x13=1a10f000
15151185ns          296191 1c008e04 0ff57513 andi             x10, x10, 255       x10=0000006f x10:0000006f
15151205ns          296192 1c008e08 00d70733 add              x14, x14, x13       x14=1a10f018 x14:00000018 x13:1a10f000
15151225ns          296193 1c008e0a 00a7e723 p.sw             x10, x0(x15)        x10:0000006f x15:00000000  PA:1a10f018
15151546ns          296209 1c008e0e 00000513 addi             x10, x0, 0          x10=00000000
15151566ns          296210 1c008e10 00008067 jalr             x0, x1, 0            x1:1c008ee0
15151606ns          296212 1c008ee0 31f52563 p.beqimm         x10, 778            x10:00000000
15151626ns          296213 1c008ee4 001d8d93 addi             x27, x27, 1         x27=00000013 x27:00000012
15151646ns          296214 1c008ee6 00044503 lbu              x10, 0(x8)          x10=00000072  x8:1c0000d7  PA:1c0000d7
15151947ns          296229 1c008eea 00140413 addi             x8, x8, 1            x8=1c0000d8  x8:1c0000d7
15151968ns          296230 1c008eec fe0514e3 bne              x10, x0, -24        x10:00000072
15152028ns          296233 1c008ed4 02500793 addi             x15, x0, 37         x15=00000025
15152048ns          296234 1c008ed8 04f50863 beq              x10, x15, 80        x10:00000072 x15:00000025
15152068ns          296235 1c008edc 01a005b3 add              x11, x0, x26        x11=00000002 x26:00000002
15152088ns          296236 1c008ede 000b00e7 jalr             x1, x22, 0           x1=1c008ee0 x22:1c008dea
15152128ns          296238 1c008dea 000026b7 lui              x13, 0x2000         x13=00002000
15152148ns          296239 1c008dec f14027f3 csrrs            x15, x0, 0xf14      x15=00000003
15152168ns          296240 1c008df0 f8068693 addi             x13, x13, -128      x13=00001f80 x13:00002000
15152188ns          296241 1c008df4 00379713 slli             x14, x15, 0x3       x14=00000018 x15:00000003
15152208ns          296242 1c008df8 00279793 slli             x15, x15, 0x2       x15=0000000c x15:00000003
15152228ns          296243 1c008dfa 00d7f7b3 and              x15, x15, x13       x15=00000000 x15:0000000c x13:00001f80
15152248ns          296244 1c008dfc ee873733 p.bclr           x14, x14, 23, 8     x14=00000018 x14:00000018
15152268ns          296245 1c008e00 1a10f6b7 lui              x13, 0x1a10f000     x13=1a10f000
15152289ns          296246 1c008e04 0ff57513 andi             x10, x10, 255       x10=00000072 x10:00000072
15152309ns          296247 1c008e08 00d70733 add              x14, x14, x13       x14=1a10f018 x14:00000018 x13:1a10f000
15152329ns          296248 1c008e0a 00a7e723 p.sw             x10, x0(x15)        x10:00000072 x15:00000000  PA:1a10f018
15152650ns          296264 1c008e0e 00000513 addi             x10, x0, 0          x10=00000000
15152670ns          296265 1c008e10 00008067 jalr             x0, x1, 0            x1:1c008ee0
15152710ns          296267 1c008ee0 31f52563 p.beqimm         x10, 778            x10:00000000
15152730ns          296268 1c008ee4 001d8d93 addi             x27, x27, 1         x27=00000014 x27:00000013
15152750ns          296269 1c008ee6 00044503 lbu              x10, 0(x8)          x10=00000065  x8:1c0000d8  PA:1c0000d8
15153051ns          296284 1c008eea 00140413 addi             x8, x8, 1            x8=1c0000d9  x8:1c0000d8
15153071ns          296285 1c008eec fe0514e3 bne              x10, x0, -24        x10:00000065
15153131ns          296288 1c008ed4 02500793 addi             x15, x0, 37         x15=00000025
15153151ns          296289 1c008ed8 04f50863 beq              x10, x15, 80        x10:00000065 x15:00000025
15153171ns          296290 1c008edc 01a005b3 add              x11, x0, x26        x11=00000002 x26:00000002
15153191ns          296291 1c008ede 000b00e7 jalr             x1, x22, 0           x1=1c008ee0 x22:1c008dea
15153232ns          296293 1c008dea 000026b7 lui              x13, 0x2000         x13=00002000
15153252ns          296294 1c008dec f14027f3 csrrs            x15, x0, 0xf14      x15=00000003
15153272ns          296295 1c008df0 f8068693 addi             x13, x13, -128      x13=00001f80 x13:00002000
15153292ns          296296 1c008df4 00379713 slli             x14, x15, 0x3       x14=00000018 x15:00000003
15153312ns          296297 1c008df8 00279793 slli             x15, x15, 0x2       x15=0000000c x15:00000003
15153332ns          296298 1c008dfa 00d7f7b3 and              x15, x15, x13       x15=00000000 x15:0000000c x13:00001f80
15153352ns          296299 1c008dfc ee873733 p.bclr           x14, x14, 23, 8     x14=00000018 x14:00000018
15153372ns          296300 1c008e00 1a10f6b7 lui              x13, 0x1a10f000     x13=1a10f000
15153392ns          296301 1c008e04 0ff57513 andi             x10, x10, 255       x10=00000065 x10:00000065
15153412ns          296302 1c008e08 00d70733 add              x14, x14, x13       x14=1a10f018 x14:00000018 x13:1a10f000
15153432ns          296303 1c008e0a 00a7e723 p.sw             x10, x0(x15)        x10:00000065 x15:00000000  PA:1a10f018
15153753ns          296319 1c008e0e 00000513 addi             x10, x0, 0          x10=00000000
15153773ns          296320 1c008e10 00008067 jalr             x0, x1, 0            x1:1c008ee0
15153814ns          296322 1c008ee0 31f52563 p.beqimm         x10, 778            x10:00000000
15153834ns          296323 1c008ee4 001d8d93 addi             x27, x27, 1         x27=00000015 x27:00000014
15153854ns          296324 1c008ee6 00044503 lbu              x10, 0(x8)          x10=00000020  x8:1c0000d9  PA:1c0000d9
15154155ns          296339 1c008eea 00140413 addi             x8, x8, 1            x8=1c0000da  x8:1c0000d9
15154175ns          296340 1c008eec fe0514e3 bne              x10, x0, -24        x10:00000020
15154235ns          296343 1c008ed4 02500793 addi             x15, x0, 37         x15=00000025
15154255ns          296344 1c008ed8 04f50863 beq              x10, x15, 80        x10:00000020 x15:00000025
15154275ns          296345 1c008edc 01a005b3 add              x11, x0, x26        x11=00000002 x26:00000002
15154295ns          296346 1c008ede 000b00e7 jalr             x1, x22, 0           x1=1c008ee0 x22:1c008dea
15154335ns          296348 1c008dea 000026b7 lui              x13, 0x2000         x13=00002000
15154355ns          296349 1c008dec f14027f3 csrrs            x15, x0, 0xf14      x15=00000003
15154375ns          296350 1c008df0 f8068693 addi             x13, x13, -128      x13=00001f80 x13:00002000
15154395ns          296351 1c008df4 00379713 slli             x14, x15, 0x3       x14=00000018 x15:00000003
15154415ns          296352 1c008df8 00279793 slli             x15, x15, 0x2       x15=0000000c x15:00000003
15154436ns          296353 1c008dfa 00d7f7b3 and              x15, x15, x13       x15=00000000 x15:0000000c x13:00001f80
15154456ns          296354 1c008dfc ee873733 p.bclr           x14, x14, 23, 8     x14=00000018 x14:00000018
15154476ns          296355 1c008e00 1a10f6b7 lui              x13, 0x1a10f000     x13=1a10f000
15154496ns          296356 1c008e04 0ff57513 andi             x10, x10, 255       x10=00000020 x10:00000020
15154516ns          296357 1c008e08 00d70733 add              x14, x14, x13       x14=1a10f018 x14:00000018 x13:1a10f000
15154536ns          296358 1c008e0a 00a7e723 p.sw             x10, x0(x15)        x10:00000020 x15:00000000  PA:1a10f018
15154857ns          296374 1c008e0e 00000513 addi             x10, x0, 0          x10=00000000
15154877ns          296375 1c008e10 00008067 jalr             x0, x1, 0            x1:1c008ee0
15154917ns          296377 1c008ee0 31f52563 p.beqimm         x10, 778            x10:00000000
15154937ns          296378 1c008ee4 001d8d93 addi             x27, x27, 1         x27=00000016 x27:00000015
15154957ns          296379 1c008ee6 00044503 lbu              x10, 0(x8)          x10=00000020  x8:1c0000da  PA:1c0000da
15155258ns          296394 1c008eea 00140413 addi             x8, x8, 1            x8=1c0000db  x8:1c0000da
15155278ns          296395 1c008eec fe0514e3 bne              x10, x0, -24        x10:00000020
15155338ns          296398 1c008ed4 02500793 addi             x15, x0, 37         x15=00000025
15155359ns          296399 1c008ed8 04f50863 beq              x10, x15, 80        x10:00000020 x15:00000025
15155379ns          296400 1c008edc 01a005b3 add              x11, x0, x26        x11=00000002 x26:00000002
15155399ns          296401 1c008ede 000b00e7 jalr             x1, x22, 0           x1=1c008ee0 x22:1c008dea
15155439ns          296403 1c008dea 000026b7 lui              x13, 0x2000         x13=00002000
15155459ns          296404 1c008dec f14027f3 csrrs            x15, x0, 0xf14      x15=00000003
15155479ns          296405 1c008df0 f8068693 addi             x13, x13, -128      x13=00001f80 x13:00002000
15155499ns          296406 1c008df4 00379713 slli             x14, x15, 0x3       x14=00000018 x15:00000003
15155519ns          296407 1c008df8 00279793 slli             x15, x15, 0x2       x15=0000000c x15:00000003
15155539ns          296408 1c008dfa 00d7f7b3 and              x15, x15, x13       x15=00000000 x15:0000000c x13:00001f80
15155559ns          296409 1c008dfc ee873733 p.bclr           x14, x14, 23, 8     x14=00000018 x14:00000018
15155579ns          296410 1c008e00 1a10f6b7 lui              x13, 0x1a10f000     x13=1a10f000
15155599ns          296411 1c008e04 0ff57513 andi             x10, x10, 255       x10=00000020 x10:00000020
15155619ns          296412 1c008e08 00d70733 add              x14, x14, x13       x14=1a10f018 x14:00000018 x13:1a10f000
15155639ns          296413 1c008e0a 00a7e723 p.sw             x10, x0(x15)        x10:00000020 x15:00000000  PA:1a10f018
15155961ns          296429 1c008e0e 00000513 addi             x10, x0, 0          x10=00000000
15155981ns          296430 1c008e10 00008067 jalr             x0, x1, 0            x1:1c008ee0
15156021ns          296432 1c008ee0 31f52563 p.beqimm         x10, 778            x10:00000000
15156041ns          296433 1c008ee4 001d8d93 addi             x27, x27, 1         x27=00000017 x27:00000016
15156061ns          296434 1c008ee6 00044503 lbu              x10, 0(x8)          x10=00000025  x8:1c0000db  PA:1c0000db
15156362ns          296449 1c008eea 00140413 addi             x8, x8, 1            x8=1c0000dc  x8:1c0000db
15156382ns          296450 1c008eec fe0514e3 bne              x10, x0, -24        x10:00000025
15156442ns          296453 1c008ed4 02500793 addi             x15, x0, 37         x15=00000025
15156462ns          296454 1c008ed8 04f50863 beq              x10, x15, 80        x10:00000025 x15:00000025
15156562ns          296459 1c008f28 00044483 lbu              x9, 0(x8)            x9=00000064  x8:1c0000dc  PA:1c0000dc
15156884ns          296475 1c008f2c 02000693 addi             x13, x0, 32         x13=00000020
15156904ns          296476 1c008f30 00140a93 addi             x21, x8, 1          x21=1c0000dd  x8:1c0000dc
15156924ns          296477 1c008f34 009005b3 add              x11, x0, x9         x11=00000064  x9:00000064
15156944ns          296478 1c008f36 198b8513 addi             x10, x23, 408       x10=1c000198 x23:1c000000
15156964ns          296479 1c008f3a 00d12823 sw               x13, 16(x2)         x13:00000020  x2:10001b38  PA:10001b48
15156984ns          296480 1c008f3c 00012c23 sw               x0, 24(x2)           x2:10001b38  PA:10001b50
15157004ns          296481 1c008f3e 00012a23 sw               x0, 20(x2)           x2:10001b38  PA:10001b4c
15157024ns          296482 1c008f40 00012e23 sw               x0, 28(x2)           x2:10001b38  PA:10001b54
15157044ns          296483 1c008f42 00012623 sw               x0, 12(x2)           x2:10001b38  PA:10001b44
15157064ns          296484 1c008f44 02300913 addi             x18, x0, 35         x18=00000023
15157084ns          296485 1c008f48 02d00a13 addi             x20, x0, 45         x20=0000002d
15157104ns          296486 1c008f4c 015009b3 add              x19, x0, x21        x19=1c0000dd x21:1c0000dd
15157124ns          296487 1c008f4e e1dff0ef jal              x1, -484             x1=1c008f50
15157265ns          296494 1c008d6a 00054783 lbu              x15, 0(x10)         x15=0000002d x10:1c000198  PA:1c000198
15157586ns          296510 1c008d6e 0ff5f593 andi             x11, x11, 255       x11=00000064 x11:00000064
15157606ns          296511 1c008d72 00b78c63 beq              x15, x11, 24        x15:0000002d x11:00000064
15157626ns          296512 1c008d76 00078b63 beq              x15, x0, 22         x15:0000002d
15157646ns          296513 1c008d78 00150793 addi             x15, x10, 1         x15=1c000199 x10:1c000198
15157666ns          296514 1c008d7c 0040006f jal              x0, 4              
15157746ns          296518 1c008d80 00f00533 add              x10, x0, x15        x10=1c000199 x15:1c000199
15157766ns          296519 1c008d82 0017c70b p.lbu            x14, 1(x15!)        x14=0000002b x15=1c00019a x15:1c000199  PA:1c000199
15158087ns          296535 1c008d86 feb71ce3 bne              x14, x11, -8        x14:0000002b x11:00000064
15158148ns          296538 1c008d7e 00070763 beq              x14, x0, 14         x14:0000002b
15158168ns          296539 1c008d80 00f00533 add              x10, x0, x15        x10=1c00019a x15:1c00019a
15158188ns          296540 1c008d82 0017c70b p.lbu            x14, 1(x15!)        x14=00000020 x15=1c00019b x15:1c00019a  PA:1c00019a
15158529ns          296557 1c008d86 feb71ce3 bne              x14, x11, -8        x14:00000020 x11:00000064
15158589ns          296560 1c008d7e 00070763 beq              x14, x0, 14         x14:00000020
15158609ns          296561 1c008d80 00f00533 add              x10, x0, x15        x10=1c00019b x15:1c00019b
15158629ns          296562 1c008d82 0017c70b p.lbu            x14, 1(x15!)        x14=00000023 x15=1c00019c x15:1c00019b  PA:1c00019b
15158950ns          296578 1c008d86 feb71ce3 bne              x14, x11, -8        x14:00000023 x11:00000064
15159010ns          296581 1c008d7e 00070763 beq              x14, x0, 14         x14:00000023
15159031ns          296582 1c008d80 00f00533 add              x10, x0, x15        x10=1c00019c x15:1c00019c
15159051ns          296583 1c008d82 0017c70b p.lbu            x14, 1(x15!)        x14=00000030 x15=1c00019d x15:1c00019c  PA:1c00019c
15159372ns          296599 1c008d86 feb71ce3 bne              x14, x11, -8        x14:00000030 x11:00000064
15159432ns          296602 1c008d7e 00070763 beq              x14, x0, 14         x14:00000030
15159452ns          296603 1c008d80 00f00533 add              x10, x0, x15        x10=1c00019d x15:1c00019d
15159472ns          296604 1c008d82 0017c70b p.lbu            x14, 1(x15!)        x14=00000000 x15=1c00019e x15:1c00019d  PA:1c00019d
15159793ns          296620 1c008d86 feb71ce3 bne              x14, x11, -8        x14:00000000 x11:00000064
15159853ns          296623 1c008d7e 00070763 beq              x14, x0, 14         x14:00000000
15159913ns          296626 1c008d8c 0015b593 sltiu            x11, x11, 1         x11=00000000 x11:00000064
15159933ns          296627 1c008d90 40b005b3 sub              x11, x0, x11        x11=00000000 x11:00000000
15159954ns          296628 1c008d94 00b57533 and              x10, x10, x11       x10=00000000 x10:1c00019d x11:00000000
15159974ns          296629 1c008d96 00008067 jalr             x0, x1, 0            x1:1c008f50
15160014ns          296631 1c008f50 02050a63 beq              x10, x0, 52         x10:00000000
15160114ns          296636 1c008f84 02a00613 addi             x12, x0, 42         x12=0000002a
15160154ns          296638 1c008f88 2ac48663 beq              x9, x12, 684         x9:00000064 x12:0000002a
15160174ns          296639 1c008f8c fd048613 addi             x12, x9, -48        x12=00000034  x9:00000064
15160234ns          296642 1c008f90 00900593 addi             x11, x0, 9          x11=00000009
15160254ns          296643 1c008f92 00000913 addi             x18, x0, 0          x18=00000000
15160275ns          296644 1c008f94 28c5f063 bgeu             x11, x12, 640       x11:00000009 x12:00000034
15160295ns          296645 1c008f98 02e00693 addi             x13, x0, 46         x13=0000002e
15160315ns          296646 1c008f9c fff00a13 addi             x20, x0, -1         x20=ffffffff
15160375ns          296649 1c008f9e 2ed48363 beq              x9, x13, 742         x9:00000064 x13:0000002e
15160415ns          296651 1c008fa2 1c0007b7 lui              x15, 0x1c000000     x15=1c000000
15160435ns          296652 1c008fa6 009005b3 add              x11, x0, x9         x11=00000064  x9:00000064
15160455ns          296653 1c008fa8 1a078513 addi             x10, x15, 416       x10=1c0001a0 x15:1c000000
15160475ns          296654 1c008fac dbfff0ef jal              x1, -578             x1=1c008fae
15160576ns          296659 1c008d6a 00054783 lbu              x15, 0(x10)         x15=00000068 x10:1c0001a0  PA:1c0001a0
15160877ns          296674 1c008d6e 0ff5f593 andi             x11, x11, 255       x11=00000064 x11:00000064
15160897ns          296675 1c008d72 00b78c63 beq              x15, x11, 24        x15:00000068 x11:00000064
15160917ns          296676 1c008d76 00078b63 beq              x15, x0, 22         x15:00000068
15160937ns          296677 1c008d78 00150793 addi             x15, x10, 1         x15=1c0001a1 x10:1c0001a0
15160957ns          296678 1c008d7c 0040006f jal              x0, 4              
15160997ns          296680 1c008d80 00f00533 add              x10, x0, x15        x10=1c0001a1 x15:1c0001a1
15161017ns          296681 1c008d82 0017c70b p.lbu            x14, 1(x15!)        x14=0000006c x15=1c0001a2 x15:1c0001a1  PA:1c0001a1
15161338ns          296697 1c008d86 feb71ce3 bne              x14, x11, -8        x14:0000006c x11:00000064
15161398ns          296700 1c008d7e 00070763 beq              x14, x0, 14         x14:0000006c
15161418ns          296701 1c008d80 00f00533 add              x10, x0, x15        x10=1c0001a2 x15:1c0001a2
15161438ns          296702 1c008d82 0017c70b p.lbu            x14, 1(x15!)        x14=0000004c x15=1c0001a3 x15:1c0001a2  PA:1c0001a2
15161779ns          296719 1c008d86 feb71ce3 bne              x14, x11, -8        x14:0000004c x11:00000064
15161840ns          296722 1c008d7e 00070763 beq              x14, x0, 14         x14:0000004c
15161860ns          296723 1c008d80 00f00533 add              x10, x0, x15        x10=1c0001a3 x15:1c0001a3
15161880ns          296724 1c008d82 0017c70b p.lbu            x14, 1(x15!)        x14=0000007a x15=1c0001a4 x15:1c0001a3  PA:1c0001a3
15162221ns          296741 1c008d86 feb71ce3 bne              x14, x11, -8        x14:0000007a x11:00000064
15162281ns          296744 1c008d7e 00070763 beq              x14, x0, 14         x14:0000007a
15162301ns          296745 1c008d80 00f00533 add              x10, x0, x15        x10=1c0001a4 x15:1c0001a4
15162321ns          296746 1c008d82 0017c70b p.lbu            x14, 1(x15!)        x14=00000000 x15=1c0001a5 x15:1c0001a4  PA:1c0001a4
15162642ns          296762 1c008d86 feb71ce3 bne              x14, x11, -8        x14:00000000 x11:00000064
15162702ns          296765 1c008d7e 00070763 beq              x14, x0, 14         x14:00000000
15162763ns          296768 1c008d8c 0015b593 sltiu            x11, x11, 1         x11=00000000 x11:00000064
15162783ns          296769 1c008d90 40b005b3 sub              x11, x0, x11        x11=00000000 x11:00000000
15162803ns          296770 1c008d94 00b57533 and              x10, x10, x11       x10=00000000 x10:1c0001a4 x11:00000000
15162823ns          296771 1c008d96 00008067 jalr             x0, x1, 0            x1:1c008fae
15162863ns          296773 1c008fae 01300433 add              x8, x0, x19          x8=1c0000dd x19:1c0000dd
15162883ns          296774 1c008fb0 00050563 beq              x10, x0, 10         x10:00000000
15162963ns          296778 1c008fba 06700693 addi             x13, x0, 103        x13=00000067
15163024ns          296781 1c008fbe 2896d963 bge              x13, x9, 658        x13:00000067  x9:00000064
15163124ns          296786 1c009250 06500693 addi             x13, x0, 101        x13=00000065
15163164ns          296788 1c009254 12d4d563 bge              x9, x13, 298         x9:00000064 x13:00000065
15163184ns          296789 1c009258 04700693 addi             x13, x0, 71         x13=00000047
15163204ns          296790 1c00925c dc96cbe3 blt              x13, x9, -554       x13:00000047  x9:00000064
15163385ns          296799 1c009032 06300693 addi             x13, x0, 99         x13=00000063
15163405ns          296800 1c009036 0ad488e3 beq              x9, x13, 2224        x9:00000064 x13:00000063
15163425ns          296801 1c00903a 0096c9e3 blt              x13, x9, 2066       x13:00000063  x9:00000064
15164207ns          296840 1c00984c 000c2583 lw               x11, 0(x24)         x11=00000003 x24:10001c8c  PA:10001c8c
15164288ns          296844 1c009850 004c0c13 addi             x24, x24, 4         x24=10001c90 x24:10001c8c
15164328ns          296846 1c009852 3405cc63 blt              x11, x0, 856        x11:00000003
15164348ns          296847 1c009856 01412603 lw               x12, 20(x2)         x12=00000000  x2:10001b38  PA:10001b4c
15164368ns          296848 1c009858 00b006b3 add              x13, x0, x11        x13=00000003 x11:00000003
15164388ns          296849 1c00985a 2e061863 bne              x12, x0, 752        x12:00000000
15164408ns          296850 1c00985e 01812703 lw               x14, 24(x2)         x14=00000000  x2:10001b38  PA:10001b50
15164428ns          296851 1c009860 019007b3 add              x15, x0, x25        x15=10001b5c x25:10001b5c
15164448ns          296852 1c009862 00070763 beq              x14, x0, 14         x14:00000000
15164548ns          296857 1c009870 00f00733 add              x14, x0, x15        x14=10001b5c x15:10001b5c
15164569ns          296858 1c009872 00a00513 addi             x10, x0, 10         x10=0000000a
15164589ns          296859 1c009874 02a6f633 remu             x12, x13, x10       x12=00000003 x13:00000003 x10:0000000a
15165211ns          296890 1c009878 02a6d6b3 divu             x13, x13, x10       x13=00000000 x13:00000003 x10:0000000a
15165833ns          296921 1c00987c 03060613 addi             x12, x12, 48        x12=00000033 x12:00000003
15165853ns          296922 1c009880 00c700ab p.sb             x12, 1(x14!)        x14=10001b5d x12:00000033 x14:10001b5c  PA:10001b5c
15165873ns          296923 1c009884 fe0698e3 bne              x13, x0, -16        x13:00000000
15165893ns          296924 1c009886 40f706b3 sub              x13, x14, x15       x13=00000001 x14:10001b5d x15:10001b5c
15165913ns          296925 1c00988a 0146dc63 bge              x13, x20, 24        x13:00000001 x20:ffffffff
15166033ns          296931 1c0098a2 00e006b3 add              x13, x0, x14        x13=10001b5d x14:10001b5d
15166073ns          296933 1c0098a4 fe068fab p.sb             x0, -1(x13!)        x13=10001b5c x13:10001b5d  PA:10001b5d
15166094ns          296934 1c0098a8 00d7fc63 bgeu             x15, x13, 24        x15:10001b5c x13:10001b5c
15166254ns          296942 1c0098c0 01412783 lw               x15, 20(x2)         x15=00000000  x2:10001b38  PA:10001b4c
15166274ns          296943 1c0098c2 01812603 lw               x12, 24(x2)         x12=00000000  x2:10001b38  PA:10001b50
15166294ns          296944 1c0098c4 419704b3 sub              x9, x14, x25         x9=00000001 x14:10001b5d x25:10001b5c
15166314ns          296945 1c0098c8 00c7e7b3 or               x15, x15, x12       x15=00000000 x15:00000000 x12:00000000
15166334ns          296946 1c0098ca 00f12623 sw               x15, 12(x2)         x15:00000000  x2:10001b38  PA:10001b44
15166354ns          296947 1c0098cc 00079363 bne              x15, x0, 6          x15:00000000
15166374ns          296948 1c0098ce 01f5d593 srli             x11, x11, 0x1f      x11=00000000 x11:00000003
15166394ns          296949 1c0098d0 00b12623 sw               x11, 12(x2)         x11:00000000  x2:10001b38  PA:10001b44
15166435ns          296951 1c0098d2 e3fa28e3 p.beqimm         x20, -464           x20:ffffffff
15166575ns          296958 1c009702 0c800793 addi             x15, x0, 200        x15=000000c8
15166595ns          296959 1c009706 9e97d0e3 bge              x15, x9, -1568      x15:000000c8  x9:00000001
15166796ns          296969 1c0090e6 0f24d163 bge              x9, x18, 226         x9:00000001 x18:00000000
15166956ns          296977 1c0091c8 d00482e3 beq              x9, x0, -764         x9:00000001
15166996ns          296979 1c0091cc 01900933 add              x18, x0, x25        x18=10001b5c x25:10001b5c
15167057ns          296982 1c0091ce 419d8db3 sub              x27, x27, x25       x27=efffe4bb x27:00000017 x25:10001b5c
15167077ns          296983 1c0091d2 00a0006f jal              x0, 10             
15167117ns          296985 1c0091dc 0019450b p.lbu            x10, 1(x18!)        x10=00000033 x18=10001b5d x18:10001b5c  PA:10001b5c
15167177ns          296988 1c0091e0 01a005b3 add              x11, x0, x26        x11=00000002 x26:00000002
15167197ns          296989 1c0091e2 000b00e7 jalr             x1, x22, 0           x1=1c0091e4 x22:1c008dea
15167237ns          296991 1c008dea 000026b7 lui              x13, 0x2000         x13=00002000
15167257ns          296992 1c008dec f14027f3 csrrs            x15, x0, 0xf14      x15=00000003
15167277ns          296993 1c008df0 f8068693 addi             x13, x13, -128      x13=00001f80 x13:00002000
15167297ns          296994 1c008df4 00379713 slli             x14, x15, 0x3       x14=00000018 x15:00000003
15167318ns          296995 1c008df8 00279793 slli             x15, x15, 0x2       x15=0000000c x15:00000003
15167338ns          296996 1c008dfa 00d7f7b3 and              x15, x15, x13       x15=00000000 x15:0000000c x13:00001f80
15167358ns          296997 1c008dfc ee873733 p.bclr           x14, x14, 23, 8     x14=00000018 x14:00000018
15167398ns          296999 1c008e00 1a10f6b7 lui              x13, 0x1a10f000     x13=1a10f000
15167438ns          297001 1c008e04 0ff57513 andi             x10, x10, 255       x10=00000033 x10:00000033
15167458ns          297002 1c008e08 00d70733 add              x14, x14, x13       x14=1a10f018 x14:00000018 x13:1a10f000
15167478ns          297003 1c008e0a 00a7e723 p.sw             x10, x0(x15)        x10:00000033 x15:00000000  PA:1a10f018
15167799ns          297019 1c008e0e 00000513 addi             x10, x0, 0          x10=00000000
15167819ns          297020 1c008e10 00008067 jalr             x0, x1, 0            x1:1c0091e4
15167859ns          297022 1c0091e4 fff48493 addi             x9, x9, -1           x9=00000000  x9:00000001
15167879ns          297023 1c0091e6 fff537e3 p.bneimm         x10, -18            x10:00000000
15168000ns          297029 1c0091d4 012d8733 add              x14, x27, x18       x14=00000018 x27:efffe4bb x18:10001b5d
15168020ns          297030 1c0091d8 5a048b63 beq              x9, x0, 1462         x9:00000000
15168120ns          297035 1c00978e 00e00db3 add              x27, x0, x14        x27=00000018 x14:00000018
15168200ns          297039 1c009790 f3cff06f jal              x0, -2244          
15168281ns          297043 1c008ecc 00044503 lbu              x10, 0(x8)          x10=0000000a  x8:1c0000dd  PA:1c0000dd
15168622ns          297060 1c008ed0 00140413 addi             x8, x8, 1            x8=1c0000de  x8:1c0000dd
15168642ns          297061 1c008ed2 00050e63 beq              x10, x0, 28         x10:0000000a
15168662ns          297062 1c008ed4 02500793 addi             x15, x0, 37         x15=00000025
15168682ns          297063 1c008ed8 04f50863 beq              x10, x15, 80        x10:0000000a x15:00000025
15168702ns          297064 1c008edc 01a005b3 add              x11, x0, x26        x11=00000002 x26:00000002
15168722ns          297065 1c008ede 000b00e7 jalr             x1, x22, 0           x1=1c008ee0 x22:1c008dea
15168762ns          297067 1c008dea 000026b7 lui              x13, 0x2000         x13=00002000
15168782ns          297068 1c008dec f14027f3 csrrs            x15, x0, 0xf14      x15=00000003
15168802ns          297069 1c008df0 f8068693 addi             x13, x13, -128      x13=00001f80 x13:00002000
15168822ns          297070 1c008df4 00379713 slli             x14, x15, 0x3       x14=00000018 x15:00000003
15168842ns          297071 1c008df8 00279793 slli             x15, x15, 0x2       x15=0000000c x15:00000003
15168863ns          297072 1c008dfa 00d7f7b3 and              x15, x15, x13       x15=00000000 x15:0000000c x13:00001f80
15168883ns          297073 1c008dfc ee873733 p.bclr           x14, x14, 23, 8     x14=00000018 x14:00000018
15168923ns          297075 1c008e00 1a10f6b7 lui              x13, 0x1a10f000     x13=1a10f000
15168963ns          297077 1c008e04 0ff57513 andi             x10, x10, 255       x10=0000000a x10:0000000a
15168983ns          297078 1c008e08 00d70733 add              x14, x14, x13       x14=1a10f018 x14:00000018 x13:1a10f000
15169003ns          297079 1c008e0a 00a7e723 p.sw             x10, x0(x15)        x10:0000000a x15:00000000  PA:1a10f018
15169324ns          297095 1c008e0e 00000513 addi             x10, x0, 0          x10=00000000
15169344ns          297096 1c008e10 00008067 jalr             x0, x1, 0            x1:1c008ee0
15169384ns          297098 1c008ee0 31f52563 p.beqimm         x10, 778            x10:00000000
15169404ns          297099 1c008ee4 001d8d93 addi             x27, x27, 1         x27=00000019 x27:00000018
15169424ns          297100 1c008ee6 00044503 lbu              x10, 0(x8)          x10=00000000  x8:1c0000de  PA:1c0000de
15169725ns          297115 1c008eea 00140413 addi             x8, x8, 1            x8=1c0000df  x8:1c0000de
15169745ns          297116 1c008eec fe0514e3 bne              x10, x0, -24        x10:00000000
15169765ns          297117 1c008eee 01b00433 add              x8, x0, x27          x8=00000019 x27:00000019
15169786ns          297118 1c008ef0 00800533 add              x10, x0, x8         x10=00000019  x8:00000019
15169806ns          297119 1c008ef2 12c12083 lw               x1, 300(x2)          x1=1c008e7e  x2:10001b38  PA:10001c64
15169826ns          297120 1c008ef6 12812403 lw               x8, 296(x2)          x8=3f012bfd  x2:10001b38  PA:10001c60
15169846ns          297121 1c008efa 12412483 lw               x9, 292(x2)          x9=3f012ba9  x2:10001b38  PA:10001c5c
15169926ns          297125 1c008efe 12012903 lw               x18, 288(x2)        x18=1c010000  x2:10001b38  PA:10001c58
15169966ns          297127 1c008f02 11c12983 lw               x19, 284(x2)        x19=0000000c  x2:10001b38  PA:10001c54
15169986ns          297128 1c008f06 11812a03 lw               x20, 280(x2)        x20=3f012c53  x2:10001b38  PA:10001c50
15170006ns          297129 1c008f0a 11412a83 lw               x21, 276(x2)        x21=3fd1b195  x2:10001b38  PA:10001c4c
15170066ns          297132 1c008f0e 11012b03 lw               x22, 272(x2)        x22=3efd2311  x2:10001b38  PA:10001c48
15170107ns          297134 1c008f12 10c12b83 lw               x23, 268(x2)        x23=10001fc8  x2:10001b38  PA:10001c44
15170127ns          297135 1c008f16 10812c03 lw               x24, 264(x2)        x24=3fc90fdb  x2:10001b38  PA:10001c40
15170147ns          297136 1c008f1a 10412c83 lw               x25, 260(x2)        x25=3f800000  x2:10001b38  PA:10001c3c
15170167ns          297137 1c008f1e 10012d03 lw               x26, 256(x2)        x26=xxxxxxxx  x2:10001b38  PA:10001c38
15170187ns          297138 1c008f22 0fc12d83 lw               x27, 252(x2)        x27=xxxxxxxx  x2:10001b38  PA:10001c34
15170207ns          297139 1c008f24 13010113 addi             x2, x2, 304          x2=10001c68  x2:10001b38
15170227ns          297140 1c008f26 00008067 jalr             x0, x1, 0            x1:1c008e7e
15170367ns          297147 1c008e7e 01c12083 lw               x1, 28(x2)           x1=1c00840c  x2:10001c68  PA:10001c84
15170448ns          297151 1c008e80 04010113 addi             x2, x2, 64           x2=10001ca8  x2:10001c68
15170468ns          297152 1c008e82 00008067 jalr             x0, x1, 0            x1:1c00840c
15170548ns          297156 1c00840c 00100513 addi             x10, x0, 1          x10=00000001
15170628ns          297160 1c00840e 34c12083 lw               x1, 844(x2)          x1=1c00a11c  x2:10001ca8  PA:10001ff4
15170668ns          297162 1c008412 34812403 lw               x8, 840(x2)          x8=xxxxxxxx  x2:10001ca8  PA:10001ff0
15170688ns          297163 1c008416 34412483 lw               x9, 836(x2)          x9=xxxxxxxx  x2:10001ca8  PA:10001fec
15170709ns          297164 1c00841a 34012903 lw               x18, 832(x2)        x18=xxxxxxxx  x2:10001ca8  PA:10001fe8
15171070ns          297182 1c00841e 33c12983 lw               x19, 828(x2)        x19=xxxxxxxx  x2:10001ca8  PA:10001fe4
15171110ns          297184 1c008422 33812a03 lw               x20, 824(x2)        x20=xxxxxxxx  x2:10001ca8  PA:10001fe0
15171130ns          297185 1c008426 33412a83 lw               x21, 820(x2)        x21=xxxxxxxx  x2:10001ca8  PA:10001fdc
15171150ns          297186 1c00842a 33012b03 lw               x22, 816(x2)        x22=xxxxxxxx  x2:10001ca8  PA:10001fd8
15171591ns          297208 1c00842e 32c12b83 lw               x23, 812(x2)        x23=xxxxxxxx  x2:10001ca8  PA:10001fd4
15171632ns          297210 1c008432 32812c03 lw               x24, 808(x2)        x24=xxxxxxxx  x2:10001ca8  PA:10001fd0
15171652ns          297211 1c008436 32412c83 lw               x25, 804(x2)        x25=xxxxxxxx  x2:10001ca8  PA:10001fcc
15171672ns          297212 1c00843a 00154513 xori             x10, x10, 1         x10=00000000 x10:00000001
15172073ns          297232 1c00843e 35010113 addi             x2, x2, 848          x2=10001ff8  x2:10001ca8
15172093ns          297233 1c008442 00008067 jalr             x0, x1, 0            x1:1c00a11c
15172173ns          297237 1c00a11c f14027f3 csrrs            x15, x0, 0xf14      x15=00000003
15172254ns          297241 1c00a120 f457b7b3 p.bclr           x15, x15, 26, 5     x15=00000003 x15:00000003
15172294ns          297243 1c00a124 00079963 bne              x15, x0, 18         x15:00000003
15172454ns          297251 1c00a136 002047b7 lui              x15, 0x204000       x15=00204000
15172474ns          297252 1c00a13a fff00713 addi             x14, x0, -1         x14=ffffffff
15172494ns          297253 1c00a13c 00e7a223 sw               x14, 4(x15)         x14:ffffffff x15:00204000  PA:00204004
