                Time          Cycles PC       Instr    Mnemonic
13617075ns          219351 1c008080 0640006f jal              x0, 100            
13617532ns          219374 1c0080e4 f1402573 csrrs            x10, x0, 0xf14      x10=00000001
13617572ns          219376 1c0080e8 01f57593 andi             x11, x10, 31        x11=00000001 x10:00000001
13617592ns          219377 1c0080ec 00555513 srli             x10, x10, 0x5       x10=00000000 x10:00000001
13617612ns          219378 1c0080ee 01f00613 addi             x12, x0, 31         x12=0000001f
13618029ns          219399 1c0080f0 00c50463 beq              x10, x12, 8         x10:00000000 x12:0000001f
13618069ns          219401 1c0080f4 fa1ff06f jal              x0, -96            
13618527ns          219424 1c008094 f3ff8117 auipc            x2, 0xf3ff8000       x2=10000094
13618566ns          219426 1c008098 f7010113 addi             x2, x2, -144         x2=10000004  x2:10000094
13618586ns          219427 1c00809c 00012103 lw               x2, 0(x2)            x2=10000008  x2:10000004  PA:10000004
13619024ns          219449 1c0080a0 000011b7 lui              x3, 0x1000           x3=00001000
13619064ns          219451 1c0080a4 80018193 addi             x3, x3, -2048        x3=00000800  x3:00001000
13619083ns          219452 1c0080a8 00158593 addi             x11, x11, 1         x11=00000002 x11:00000001
13619103ns          219453 1c0080ac 02b180b3 mul              x1, x3, x11          x1=00001000  x3:00000800 x11:00000002
13619561ns          219476 1c0080b0 00110133 add              x2, x2, x1           x2=10001008  x2:10000008  x1:00001000
13619601ns          219478 1c0080b4 0420206f jal              x0, 8258           
13620058ns          219501 1c00a0f6 ff010113 addi             x2, x2, -16          x2=10000ff8  x2:10001008
13620098ns          219503 1c00a0f8 00112623 sw               x1, 12(x2)           x1:00001000  x2:10000ff8  PA:10001004
13620118ns          219504 1c00a0fa 002047b7 lui              x15, 0x204000       x15=00204000
13620555ns          219526 1c00a0fe 00070737 lui              x14, 0x70000        x14=00070000
13620575ns          219527 1c00a102 00e7a423 sw               x14, 8(x15)         x14:00070000 x15:00204000  PA:00204008
13620595ns          219528 1c00a104 00f00713 addi             x14, x0, 15         x14=0000000f
13620615ns          219529 1c00a106 20078793 addi             x15, x15, 512       x15=00204200 x15:00204000
13620635ns          219530 1c00a10a 00e7a023 sw               x14, 0(x15)         x14:0000000f x15:00204200  PA:00204200
13621073ns          219552 1c00a10e 00e7a623 sw               x14, 12(x15)        x14:0000000f x15:00204200  PA:0020420c
13621112ns          219554 1c00a112 1c0017b7 lui              x15, 0x1c001000     x15=1c001000
13621132ns          219555 1c00a116 b347a783 lw               x15, -1228(x15)     x15=1c00813e x15:1c001000  PA:1c000b34
13621590ns          219578 1c00a11a 000780e7 jalr             x1, x15, 0           x1=1c00a11c x15:1c00813e
13622505ns          219624 1c00813e cb010113 addi             x2, x2, -848         x2=10000ca8  x2:10000ff8
13622544ns          219626 1c008142 34912223 sw               x9, 836(x2)          x9:xxxxxxxx  x2:10000ca8  PA:10000fec
13622564ns          219627 1c008146 34112623 sw               x1, 844(x2)          x1:1c00a11c  x2:10000ca8  PA:10000ff4
13622584ns          219628 1c00814a f14024f3 csrrs            x9, x0, 0xf14        x9=00000001
13623022ns          219650 1c00814e 34812423 sw               x8, 840(x2)          x8:xxxxxxxx  x2:10000ca8  PA:10000ff0
13623062ns          219652 1c008152 35212023 sw               x18, 832(x2)        x18:xxxxxxxx  x2:10000ca8  PA:10000fe8
13623082ns          219653 1c008156 33312e23 sw               x19, 828(x2)        x19:xxxxxxxx  x2:10000ca8  PA:10000fe4
13623101ns          219654 1c00815a 33412c23 sw               x20, 824(x2)        x20:xxxxxxxx  x2:10000ca8  PA:10000fe0
13623559ns          219677 1c00815e 33512a23 sw               x21, 820(x2)        x21:xxxxxxxx  x2:10000ca8  PA:10000fdc
13623599ns          219679 1c008162 33612823 sw               x22, 816(x2)        x22:xxxxxxxx  x2:10000ca8  PA:10000fd8
13623619ns          219680 1c008166 33712623 sw               x23, 812(x2)        x23:xxxxxxxx  x2:10000ca8  PA:10000fd4
13623638ns          219681 1c00816a 33812423 sw               x24, 808(x2)        x24:xxxxxxxx  x2:10000ca8  PA:10000fd0
13624076ns          219703 1c00816e 33912223 sw               x25, 804(x2)        x25:xxxxxxxx  x2:10000ca8  PA:10000fcc
13624116ns          219705 1c008172 ca5497b3 p.extractu       x15, x9, 5, 5       x15=00000000  x9:00000001
13624136ns          219706 1c008176 46079d63 bne              x15, x0, 1146       x15:00000000
13624156ns          219707 1c00817a f454b4b3 p.bclr           x9, x9, 26, 5        x9=00000001  x9:00000001
13624593ns          219729 1c00817e 1c000537 lui              x10, 0x1c000000     x10=1c000000
13624613ns          219730 1c008182 00900633 add              x12, x0, x9         x12=00000001  x9:00000001
13624633ns          219731 1c008184 00100593 addi             x11, x0, 1          x11=00000001
13624653ns          219732 1c008186 02c50513 addi             x10, x10, 44        x10=1c00002c x10:1c000000
13624673ns          219733 1c00818a 4cd000ef jal              x1, 3276             x1=1c00818e
13625608ns          219780 1c008e56 fc010113 addi             x2, x2, -64          x2=10000c68  x2:10000ca8
13625647ns          219782 1c008e58 02410313 addi             x6, x2, 36           x6=10000c8c  x2:10000c68
13625667ns          219783 1c008e5c 02c12423 sw               x12, 40(x2)         x12:00000001  x2:10000c68  PA:10000c90
13625687ns          219784 1c008e5e 00a00633 add              x12, x0, x10        x12=1c00002c x10:1c00002c
13626105ns          219805 1c008e60 1c009537 lui              x10, 0x1c009000     x10=1c009000
13626145ns          219807 1c008e64 02b12223 sw               x11, 36(x2)         x11:00000001  x2:10000c68  PA:10000c8c
13626165ns          219808 1c008e66 02d12623 sw               x13, 44(x2)         x13:xxxxxxxx  x2:10000c68  PA:10000c94
13626184ns          219809 1c008e68 00200593 addi             x11, x0, 2          x11=00000002
13626204ns          219810 1c008e6a 006006b3 add              x13, x0, x6         x13=10000c8c  x6:10000c8c
13626224ns          219811 1c008e6c dea50513 addi             x10, x10, -534      x10=1c008dea x10:1c009000
13626622ns          219831 1c008e70 00112e23 sw               x1, 28(x2)           x1:1c00818e  x2:10000c68  PA:10000c84
13626642ns          219832 1c008e72 02e12823 sw               x14, 48(x2)         x14:0000000f  x2:10000c68  PA:10000c98
13626662ns          219833 1c008e74 02f12a23 sw               x15, 52(x2)         x15:00000000  x2:10000c68  PA:10000c9c
13626682ns          219834 1c008e76 03012c23 sw               x16, 56(x2)         x16:xxxxxxxx  x2:10000c68  PA:10000ca0
13626702ns          219835 1c008e78 03112e23 sw               x17, 60(x2)         x17:xxxxxxxx  x2:10000c68  PA:10000ca4
13626722ns          219836 1c008e7a 00612623 sw               x6, 12(x2)           x6:10000c8c  x2:10000c68  PA:10000c74
13626741ns          219837 1c008e7c fbfff0ef jal              x1, -66              x1=1c008e7e
13627617ns          219881 1c008e3a 04a0006f jal              x0, 74             
13627656ns          219883 1c008e84 ed010113 addi             x2, x2, -304         x2=10000b38  x2:10000c68
13627676ns          219884 1c008e86 12812423 sw               x8, 296(x2)          x8:xxxxxxxx  x2:10000b38  PA:10000c60
13627696ns          219885 1c008e8a 00000413 addi             x8, x0, 0            x8=00000000
13627716ns          219886 1c008e8c 11612823 sw               x22, 272(x2)        x22:xxxxxxxx  x2:10000b38  PA:10000c48
13628134ns          219907 1c008e90 11712623 sw               x23, 268(x2)        x23:xxxxxxxx  x2:10000b38  PA:10000c44
13628174ns          219909 1c008e94 11812423 sw               x24, 264(x2)        x24:xxxxxxxx  x2:10000b38  PA:10000c40
13628193ns          219910 1c008e98 11912223 sw               x25, 260(x2)        x25:xxxxxxxx  x2:10000b38  PA:10000c3c
13628213ns          219911 1c008e9c 11a12023 sw               x26, 256(x2)        x26:xxxxxxxx  x2:10000b38  PA:10000c38
13628651ns          219933 1c008ea0 0fb12e23 sw               x27, 252(x2)        x27:xxxxxxxx  x2:10000b38  PA:10000c34
13628691ns          219935 1c008ea2 12112623 sw               x1, 300(x2)          x1:1c008e7e  x2:10000b38  PA:10000c64
13628711ns          219936 1c008ea6 00800db3 add              x27, x0, x8         x27=00000000  x8:00000000
13628730ns          219937 1c008ea8 12912223 sw               x9, 292(x2)          x9:00000001  x2:10000b38  PA:10000c5c
13628750ns          219938 1c008eac 13212023 sw               x18, 288(x2)        x18:xxxxxxxx  x2:10000b38  PA:10000c58
13629168ns          219959 1c008eb0 11312e23 sw               x19, 284(x2)        x19:xxxxxxxx  x2:10000b38  PA:10000c54
13629208ns          219961 1c008eb4 11412c23 sw               x20, 280(x2)        x20:xxxxxxxx  x2:10000b38  PA:10000c50
13629228ns          219962 1c008eb8 11512a23 sw               x21, 276(x2)        x21:xxxxxxxx  x2:10000b38  PA:10000c4c
13629248ns          219963 1c008ebc 00a00b33 add              x22, x0, x10        x22=1c008dea x10:1c008dea
13629268ns          219964 1c008ebe 00b00d33 add              x26, x0, x11        x26=00000002 x11:00000002
13629685ns          219985 1c008ec0 00d00c33 add              x24, x0, x13        x24=10000c8c x13:10000c8c
13629725ns          219987 1c008ec2 1c000bb7 lui              x23, 0x1c000000     x23=1c000000
13629745ns          219988 1c008ec6 02410c93 addi             x25, x2, 36         x25=10000b5c  x2:10000b38
13629765ns          219989 1c008eca 00c00433 add              x8, x0, x12          x8=1c00002c x12:1c00002c
13629785ns          219990 1c008ecc 00044503 lbu              x10, 0(x8)          x10=00000073  x8:1c00002c  PA:1c00002c
13630262ns          220014 1c008ed0 00140413 addi             x8, x8, 1            x8=1c00002d  x8:1c00002c
13630282ns          220015 1c008ed2 00050e63 beq              x10, x0, 28         x10:00000073
13630302ns          220016 1c008ed4 02500793 addi             x15, x0, 37         x15=00000025
13630322ns          220017 1c008ed8 04f50863 beq              x10, x15, 80        x10:00000073 x15:00000025
13630342ns          220018 1c008edc 01a005b3 add              x11, x0, x26        x11=00000002 x26:00000002
13630362ns          220019 1c008ede 000b00e7 jalr             x1, x22, 0           x1=1c008ee0 x22:1c008dea
13631237ns          220063 1c008dea 000026b7 lui              x13, 0x2000         x13=00002000
13631277ns          220065 1c008dec f14027f3 csrrs            x15, x0, 0xf14      x15=00000001
13631714ns          220087 1c008df0 f8068693 addi             x13, x13, -128      x13=00001f80 x13:00002000
13631754ns          220089 1c008df4 00379713 slli             x14, x15, 0x3       x14=00000008 x15:00000001
13631774ns          220090 1c008df8 00279793 slli             x15, x15, 0x2       x15=00000004 x15:00000001
13631794ns          220091 1c008dfa 00d7f7b3 and              x15, x15, x13       x15=00000000 x15:00000004 x13:00001f80
13631814ns          220092 1c008dfc ee873733 p.bclr           x14, x14, 23, 8     x14=00000008 x14:00000008
13632231ns          220113 1c008e00 1a10f6b7 lui              x13, 0x1a10f000     x13=1a10f000
13632271ns          220115 1c008e04 0ff57513 andi             x10, x10, 255       x10=00000073 x10:00000073
13632291ns          220116 1c008e08 00d70733 add              x14, x14, x13       x14=1a10f008 x14:00000008 x13:1a10f000
13632311ns          220117 1c008e0a 00a7e723 p.sw             x10, x0(x15)        x10:00000073 x15:00000000  PA:1a10f008
13632669ns          220135 1c008e0e 00000513 addi             x10, x0, 0          x10=00000000
13632748ns          220139 1c008e10 00008067 jalr             x0, x1, 0            x1:1c008ee0
13632828ns          220143 1c008ee0 31f52563 p.beqimm         x10, 778            x10:00000000
13632868ns          220145 1c008ee4 001d8d93 addi             x27, x27, 1         x27=00000001 x27:00000000
13632888ns          220146 1c008ee6 00044503 lbu              x10, 0(x8)          x10=00000074  x8:1c00002d  PA:1c00002d
13633305ns          220167 1c008eea 00140413 addi             x8, x8, 1            x8=1c00002e  x8:1c00002d
13633325ns          220168 1c008eec fe0514e3 bne              x10, x0, -24        x10:00000074
13633385ns          220171 1c008ed4 02500793 addi             x15, x0, 37         x15=00000025
13633405ns          220172 1c008ed8 04f50863 beq              x10, x15, 80        x10:00000074 x15:00000025
13633425ns          220173 1c008edc 01a005b3 add              x11, x0, x26        x11=00000002 x26:00000002
13633445ns          220174 1c008ede 000b00e7 jalr             x1, x22, 0           x1=1c008ee0 x22:1c008dea
13633484ns          220176 1c008dea 000026b7 lui              x13, 0x2000         x13=00002000
13633504ns          220177 1c008dec f14027f3 csrrs            x15, x0, 0xf14      x15=00000001
13633524ns          220178 1c008df0 f8068693 addi             x13, x13, -128      x13=00001f80 x13:00002000
13633544ns          220179 1c008df4 00379713 slli             x14, x15, 0x3       x14=00000008 x15:00000001
13633564ns          220180 1c008df8 00279793 slli             x15, x15, 0x2       x15=00000004 x15:00000001
13633584ns          220181 1c008dfa 00d7f7b3 and              x15, x15, x13       x15=00000000 x15:00000004 x13:00001f80
13633604ns          220182 1c008dfc ee873733 p.bclr           x14, x14, 23, 8     x14=00000008 x14:00000008
13633624ns          220183 1c008e00 1a10f6b7 lui              x13, 0x1a10f000     x13=1a10f000
13633644ns          220184 1c008e04 0ff57513 andi             x10, x10, 255       x10=00000074 x10:00000074
13633663ns          220185 1c008e08 00d70733 add              x14, x14, x13       x14=1a10f008 x14:00000008 x13:1a10f000
13633683ns          220186 1c008e0a 00a7e723 p.sw             x10, x0(x15)        x10:00000074 x15:00000000  PA:1a10f008
13634041ns          220204 1c008e0e 00000513 addi             x10, x0, 0          x10=00000000
13634061ns          220205 1c008e10 00008067 jalr             x0, x1, 0            x1:1c008ee0
13634101ns          220207 1c008ee0 31f52563 p.beqimm         x10, 778            x10:00000000
13634121ns          220208 1c008ee4 001d8d93 addi             x27, x27, 1         x27=00000002 x27:00000001
13634141ns          220209 1c008ee6 00044503 lbu              x10, 0(x8)          x10=00000061  x8:1c00002e  PA:1c00002e
13634439ns          220224 1c008eea 00140413 addi             x8, x8, 1            x8=1c00002f  x8:1c00002e
13634459ns          220225 1c008eec fe0514e3 bne              x10, x0, -24        x10:00000061
13634519ns          220228 1c008ed4 02500793 addi             x15, x0, 37         x15=00000025
13634539ns          220229 1c008ed8 04f50863 beq              x10, x15, 80        x10:00000061 x15:00000025
13634558ns          220230 1c008edc 01a005b3 add              x11, x0, x26        x11=00000002 x26:00000002
13634578ns          220231 1c008ede 000b00e7 jalr             x1, x22, 0           x1=1c008ee0 x22:1c008dea
13634618ns          220233 1c008dea 000026b7 lui              x13, 0x2000         x13=00002000
13634638ns          220234 1c008dec f14027f3 csrrs            x15, x0, 0xf14      x15=00000001
13634658ns          220235 1c008df0 f8068693 addi             x13, x13, -128      x13=00001f80 x13:00002000
13634678ns          220236 1c008df4 00379713 slli             x14, x15, 0x3       x14=00000008 x15:00000001
13634698ns          220237 1c008df8 00279793 slli             x15, x15, 0x2       x15=00000004 x15:00000001
13634718ns          220238 1c008dfa 00d7f7b3 and              x15, x15, x13       x15=00000000 x15:00000004 x13:00001f80
13634737ns          220239 1c008dfc ee873733 p.bclr           x14, x14, 23, 8     x14=00000008 x14:00000008
13634757ns          220240 1c008e00 1a10f6b7 lui              x13, 0x1a10f000     x13=1a10f000
13634777ns          220241 1c008e04 0ff57513 andi             x10, x10, 255       x10=00000061 x10:00000061
13634797ns          220242 1c008e08 00d70733 add              x14, x14, x13       x14=1a10f008 x14:00000008 x13:1a10f000
13634817ns          220243 1c008e0a 00a7e723 p.sw             x10, x0(x15)        x10:00000061 x15:00000000  PA:1a10f008
13635155ns          220260 1c008e0e 00000513 addi             x10, x0, 0          x10=00000000
13635175ns          220261 1c008e10 00008067 jalr             x0, x1, 0            x1:1c008ee0
13635215ns          220263 1c008ee0 31f52563 p.beqimm         x10, 778            x10:00000000
13635235ns          220264 1c008ee4 001d8d93 addi             x27, x27, 1         x27=00000003 x27:00000002
13635255ns          220265 1c008ee6 00044503 lbu              x10, 0(x8)          x10=00000072  x8:1c00002f  PA:1c00002f
13635553ns          220280 1c008eea 00140413 addi             x8, x8, 1            x8=1c000030  x8:1c00002f
13635573ns          220281 1c008eec fe0514e3 bne              x10, x0, -24        x10:00000072
13635633ns          220284 1c008ed4 02500793 addi             x15, x0, 37         x15=00000025
13635652ns          220285 1c008ed8 04f50863 beq              x10, x15, 80        x10:00000072 x15:00000025
13635672ns          220286 1c008edc 01a005b3 add              x11, x0, x26        x11=00000002 x26:00000002
13635692ns          220287 1c008ede 000b00e7 jalr             x1, x22, 0           x1=1c008ee0 x22:1c008dea
13635732ns          220289 1c008dea 000026b7 lui              x13, 0x2000         x13=00002000
13635752ns          220290 1c008dec f14027f3 csrrs            x15, x0, 0xf14      x15=00000001
13635772ns          220291 1c008df0 f8068693 addi             x13, x13, -128      x13=00001f80 x13:00002000
13635792ns          220292 1c008df4 00379713 slli             x14, x15, 0x3       x14=00000008 x15:00000001
13635812ns          220293 1c008df8 00279793 slli             x15, x15, 0x2       x15=00000004 x15:00000001
13635831ns          220294 1c008dfa 00d7f7b3 and              x15, x15, x13       x15=00000000 x15:00000004 x13:00001f80
13635851ns          220295 1c008dfc ee873733 p.bclr           x14, x14, 23, 8     x14=00000008 x14:00000008
13635871ns          220296 1c008e00 1a10f6b7 lui              x13, 0x1a10f000     x13=1a10f000
13635891ns          220297 1c008e04 0ff57513 andi             x10, x10, 255       x10=00000072 x10:00000072
13635911ns          220298 1c008e08 00d70733 add              x14, x14, x13       x14=1a10f008 x14:00000008 x13:1a10f000
13635931ns          220299 1c008e0a 00a7e723 p.sw             x10, x0(x15)        x10:00000072 x15:00000000  PA:1a10f008
13636269ns          220316 1c008e0e 00000513 addi             x10, x0, 0          x10=00000000
13636289ns          220317 1c008e10 00008067 jalr             x0, x1, 0            x1:1c008ee0
13636329ns          220319 1c008ee0 31f52563 p.beqimm         x10, 778            x10:00000000
13636349ns          220320 1c008ee4 001d8d93 addi             x27, x27, 1         x27=00000004 x27:00000003
13636369ns          220321 1c008ee6 00044503 lbu              x10, 0(x8)          x10=00000074  x8:1c000030  PA:1c000030
13636667ns          220336 1c008eea 00140413 addi             x8, x8, 1            x8=1c000031  x8:1c000030
13636687ns          220337 1c008eec fe0514e3 bne              x10, x0, -24        x10:00000074
13636746ns          220340 1c008ed4 02500793 addi             x15, x0, 37         x15=00000025
13636766ns          220341 1c008ed8 04f50863 beq              x10, x15, 80        x10:00000074 x15:00000025
13636786ns          220342 1c008edc 01a005b3 add              x11, x0, x26        x11=00000002 x26:00000002
13636806ns          220343 1c008ede 000b00e7 jalr             x1, x22, 0           x1=1c008ee0 x22:1c008dea
13636846ns          220345 1c008dea 000026b7 lui              x13, 0x2000         x13=00002000
13636866ns          220346 1c008dec f14027f3 csrrs            x15, x0, 0xf14      x15=00000001
13636886ns          220347 1c008df0 f8068693 addi             x13, x13, -128      x13=00001f80 x13:00002000
13636906ns          220348 1c008df4 00379713 slli             x14, x15, 0x3       x14=00000008 x15:00000001
13636925ns          220349 1c008df8 00279793 slli             x15, x15, 0x2       x15=00000004 x15:00000001
13636945ns          220350 1c008dfa 00d7f7b3 and              x15, x15, x13       x15=00000000 x15:00000004 x13:00001f80
13636965ns          220351 1c008dfc ee873733 p.bclr           x14, x14, 23, 8     x14=00000008 x14:00000008
13636985ns          220352 1c008e00 1a10f6b7 lui              x13, 0x1a10f000     x13=1a10f000
13637005ns          220353 1c008e04 0ff57513 andi             x10, x10, 255       x10=00000074 x10:00000074
13637025ns          220354 1c008e08 00d70733 add              x14, x14, x13       x14=1a10f008 x14:00000008 x13:1a10f000
13637045ns          220355 1c008e0a 00a7e723 p.sw             x10, x0(x15)        x10:00000074 x15:00000000  PA:1a10f008
13637363ns          220371 1c008e0e 00000513 addi             x10, x0, 0          x10=00000000
13637383ns          220372 1c008e10 00008067 jalr             x0, x1, 0            x1:1c008ee0
13637423ns          220374 1c008ee0 31f52563 p.beqimm         x10, 778            x10:00000000
13637443ns          220375 1c008ee4 001d8d93 addi             x27, x27, 1         x27=00000005 x27:00000004
13637463ns          220376 1c008ee6 00044503 lbu              x10, 0(x8)          x10=00000069  x8:1c000031  PA:1c000031
13637761ns          220391 1c008eea 00140413 addi             x8, x8, 1            x8=1c000032  x8:1c000031
13637781ns          220392 1c008eec fe0514e3 bne              x10, x0, -24        x10:00000069
13637840ns          220395 1c008ed4 02500793 addi             x15, x0, 37         x15=00000025
13637860ns          220396 1c008ed8 04f50863 beq              x10, x15, 80        x10:00000069 x15:00000025
13637880ns          220397 1c008edc 01a005b3 add              x11, x0, x26        x11=00000002 x26:00000002
13637900ns          220398 1c008ede 000b00e7 jalr             x1, x22, 0           x1=1c008ee0 x22:1c008dea
13637940ns          220400 1c008dea 000026b7 lui              x13, 0x2000         x13=00002000
13637960ns          220401 1c008dec f14027f3 csrrs            x15, x0, 0xf14      x15=00000001
13637980ns          220402 1c008df0 f8068693 addi             x13, x13, -128      x13=00001f80 x13:00002000
13638000ns          220403 1c008df4 00379713 slli             x14, x15, 0x3       x14=00000008 x15:00000001
13638019ns          220404 1c008df8 00279793 slli             x15, x15, 0x2       x15=00000004 x15:00000001
13638039ns          220405 1c008dfa 00d7f7b3 and              x15, x15, x13       x15=00000000 x15:00000004 x13:00001f80
13638059ns          220406 1c008dfc ee873733 p.bclr           x14, x14, 23, 8     x14=00000008 x14:00000008
13638079ns          220407 1c008e00 1a10f6b7 lui              x13, 0x1a10f000     x13=1a10f000
13638099ns          220408 1c008e04 0ff57513 andi             x10, x10, 255       x10=00000069 x10:00000069
13638119ns          220409 1c008e08 00d70733 add              x14, x14, x13       x14=1a10f008 x14:00000008 x13:1a10f000
13638139ns          220410 1c008e0a 00a7e723 p.sw             x10, x0(x15)        x10:00000069 x15:00000000  PA:1a10f008
13638457ns          220426 1c008e0e 00000513 addi             x10, x0, 0          x10=00000000
13638477ns          220427 1c008e10 00008067 jalr             x0, x1, 0            x1:1c008ee0
13638517ns          220429 1c008ee0 31f52563 p.beqimm         x10, 778            x10:00000000
13638537ns          220430 1c008ee4 001d8d93 addi             x27, x27, 1         x27=00000006 x27:00000005
13638557ns          220431 1c008ee6 00044503 lbu              x10, 0(x8)          x10=0000006e  x8:1c000032  PA:1c000032
13638855ns          220446 1c008eea 00140413 addi             x8, x8, 1            x8=1c000033  x8:1c000032
13638875ns          220447 1c008eec fe0514e3 bne              x10, x0, -24        x10:0000006e
13638934ns          220450 1c008ed4 02500793 addi             x15, x0, 37         x15=00000025
13638954ns          220451 1c008ed8 04f50863 beq              x10, x15, 80        x10:0000006e x15:00000025
13638974ns          220452 1c008edc 01a005b3 add              x11, x0, x26        x11=00000002 x26:00000002
13638994ns          220453 1c008ede 000b00e7 jalr             x1, x22, 0           x1=1c008ee0 x22:1c008dea
13639034ns          220455 1c008dea 000026b7 lui              x13, 0x2000         x13=00002000
13639054ns          220456 1c008dec f14027f3 csrrs            x15, x0, 0xf14      x15=00000001
13639074ns          220457 1c008df0 f8068693 addi             x13, x13, -128      x13=00001f80 x13:00002000
13639094ns          220458 1c008df4 00379713 slli             x14, x15, 0x3       x14=00000008 x15:00000001
13639113ns          220459 1c008df8 00279793 slli             x15, x15, 0x2       x15=00000004 x15:00000001
13639133ns          220460 1c008dfa 00d7f7b3 and              x15, x15, x13       x15=00000000 x15:00000004 x13:00001f80
13639153ns          220461 1c008dfc ee873733 p.bclr           x14, x14, 23, 8     x14=00000008 x14:00000008
13639173ns          220462 1c008e00 1a10f6b7 lui              x13, 0x1a10f000     x13=1a10f000
13639193ns          220463 1c008e04 0ff57513 andi             x10, x10, 255       x10=0000006e x10:0000006e
13639213ns          220464 1c008e08 00d70733 add              x14, x14, x13       x14=1a10f008 x14:00000008 x13:1a10f000
13639233ns          220465 1c008e0a 00a7e723 p.sw             x10, x0(x15)        x10:0000006e x15:00000000  PA:1a10f008
13639571ns          220482 1c008e0e 00000513 addi             x10, x0, 0          x10=00000000
13639591ns          220483 1c008e10 00008067 jalr             x0, x1, 0            x1:1c008ee0
13639631ns          220485 1c008ee0 31f52563 p.beqimm         x10, 778            x10:00000000
13639651ns          220486 1c008ee4 001d8d93 addi             x27, x27, 1         x27=00000007 x27:00000006
13639670ns          220487 1c008ee6 00044503 lbu              x10, 0(x8)          x10=00000067  x8:1c000033  PA:1c000033
13639969ns          220502 1c008eea 00140413 addi             x8, x8, 1            x8=1c000034  x8:1c000033
13639989ns          220503 1c008eec fe0514e3 bne              x10, x0, -24        x10:00000067
13640048ns          220506 1c008ed4 02500793 addi             x15, x0, 37         x15=00000025
13640068ns          220507 1c008ed8 04f50863 beq              x10, x15, 80        x10:00000067 x15:00000025
13640088ns          220508 1c008edc 01a005b3 add              x11, x0, x26        x11=00000002 x26:00000002
13640108ns          220509 1c008ede 000b00e7 jalr             x1, x22, 0           x1=1c008ee0 x22:1c008dea
13640148ns          220511 1c008dea 000026b7 lui              x13, 0x2000         x13=00002000
13640168ns          220512 1c008dec f14027f3 csrrs            x15, x0, 0xf14      x15=00000001
13640188ns          220513 1c008df0 f8068693 addi             x13, x13, -128      x13=00001f80 x13:00002000
13640207ns          220514 1c008df4 00379713 slli             x14, x15, 0x3       x14=00000008 x15:00000001
13640227ns          220515 1c008df8 00279793 slli             x15, x15, 0x2       x15=00000004 x15:00000001
13640247ns          220516 1c008dfa 00d7f7b3 and              x15, x15, x13       x15=00000000 x15:00000004 x13:00001f80
13640267ns          220517 1c008dfc ee873733 p.bclr           x14, x14, 23, 8     x14=00000008 x14:00000008
13640287ns          220518 1c008e00 1a10f6b7 lui              x13, 0x1a10f000     x13=1a10f000
13640307ns          220519 1c008e04 0ff57513 andi             x10, x10, 255       x10=00000067 x10:00000067
13640327ns          220520 1c008e08 00d70733 add              x14, x14, x13       x14=1a10f008 x14:00000008 x13:1a10f000
13640347ns          220521 1c008e0a 00a7e723 p.sw             x10, x0(x15)        x10:00000067 x15:00000000  PA:1a10f008
13640665ns          220537 1c008e0e 00000513 addi             x10, x0, 0          x10=00000000
13640685ns          220538 1c008e10 00008067 jalr             x0, x1, 0            x1:1c008ee0
13640725ns          220540 1c008ee0 31f52563 p.beqimm         x10, 778            x10:00000000
13640745ns          220541 1c008ee4 001d8d93 addi             x27, x27, 1         x27=00000008 x27:00000007
13640764ns          220542 1c008ee6 00044503 lbu              x10, 0(x8)          x10=00000020  x8:1c000034  PA:1c000034
13641063ns          220557 1c008eea 00140413 addi             x8, x8, 1            x8=1c000035  x8:1c000034
13641083ns          220558 1c008eec fe0514e3 bne              x10, x0, -24        x10:00000020
13641142ns          220561 1c008ed4 02500793 addi             x15, x0, 37         x15=00000025
13641162ns          220562 1c008ed8 04f50863 beq              x10, x15, 80        x10:00000020 x15:00000025
13641182ns          220563 1c008edc 01a005b3 add              x11, x0, x26        x11=00000002 x26:00000002
13641202ns          220564 1c008ede 000b00e7 jalr             x1, x22, 0           x1=1c008ee0 x22:1c008dea
13641242ns          220566 1c008dea 000026b7 lui              x13, 0x2000         x13=00002000
13641262ns          220567 1c008dec f14027f3 csrrs            x15, x0, 0xf14      x15=00000001
13641282ns          220568 1c008df0 f8068693 addi             x13, x13, -128      x13=00001f80 x13:00002000
13641301ns          220569 1c008df4 00379713 slli             x14, x15, 0x3       x14=00000008 x15:00000001
13641321ns          220570 1c008df8 00279793 slli             x15, x15, 0x2       x15=00000004 x15:00000001
13641341ns          220571 1c008dfa 00d7f7b3 and              x15, x15, x13       x15=00000000 x15:00000004 x13:00001f80
13641361ns          220572 1c008dfc ee873733 p.bclr           x14, x14, 23, 8     x14=00000008 x14:00000008
13641381ns          220573 1c008e00 1a10f6b7 lui              x13, 0x1a10f000     x13=1a10f000
13641401ns          220574 1c008e04 0ff57513 andi             x10, x10, 255       x10=00000020 x10:00000020
13641421ns          220575 1c008e08 00d70733 add              x14, x14, x13       x14=1a10f008 x14:00000008 x13:1a10f000
13641441ns          220576 1c008e0a 00a7e723 p.sw             x10, x0(x15)        x10:00000020 x15:00000000  PA:1a10f008
13641759ns          220592 1c008e0e 00000513 addi             x10, x0, 0          x10=00000000
13641779ns          220593 1c008e10 00008067 jalr             x0, x1, 0            x1:1c008ee0
13641819ns          220595 1c008ee0 31f52563 p.beqimm         x10, 778            x10:00000000
13641838ns          220596 1c008ee4 001d8d93 addi             x27, x27, 1         x27=00000009 x27:00000008
13641858ns          220597 1c008ee6 00044503 lbu              x10, 0(x8)          x10=00000025  x8:1c000035  PA:1c000035
13642177ns          220613 1c008eea 00140413 addi             x8, x8, 1            x8=1c000036  x8:1c000035
13642197ns          220614 1c008eec fe0514e3 bne              x10, x0, -24        x10:00000025
13642256ns          220617 1c008ed4 02500793 addi             x15, x0, 37         x15=00000025
13642276ns          220618 1c008ed8 04f50863 beq              x10, x15, 80        x10:00000025 x15:00000025
13642734ns          220641 1c008f28 00044483 lbu              x9, 0(x8)            x9=00000064  x8:1c000036  PA:1c000036
13643052ns          220657 1c008f2c 02000693 addi             x13, x0, 32         x13=00000020
13643231ns          220666 1c008f30 00140a93 addi             x21, x8, 1          x21=1c000037  x8:1c000036
13643271ns          220668 1c008f34 009005b3 add              x11, x0, x9         x11=00000064  x9:00000064
13643291ns          220669 1c008f36 198b8513 addi             x10, x23, 408       x10=1c000198 x23:1c000000
13643310ns          220670 1c008f3a 00d12823 sw               x13, 16(x2)         x13:00000020  x2:10000b38  PA:10000b48
13643330ns          220671 1c008f3c 00012c23 sw               x0, 24(x2)           x2:10000b38  PA:10000b50
13643350ns          220672 1c008f3e 00012a23 sw               x0, 20(x2)           x2:10000b38  PA:10000b4c
13643748ns          220692 1c008f40 00012e23 sw               x0, 28(x2)           x2:10000b38  PA:10000b54
13643768ns          220693 1c008f42 00012623 sw               x0, 12(x2)           x2:10000b38  PA:10000b44
13643788ns          220694 1c008f44 02300913 addi             x18, x0, 35         x18=00000023
13643808ns          220695 1c008f48 02d00a13 addi             x20, x0, 45         x20=0000002d
13643828ns          220696 1c008f4c 015009b3 add              x19, x0, x21        x19=1c000037 x21:1c000037
13643847ns          220697 1c008f4e e1dff0ef jal              x1, -484             x1=1c008f50
13644762ns          220743 1c008d6a 00054783 lbu              x15, 0(x10)         x15=0000002d x10:1c000198  PA:1c000198
13645200ns          220765 1c008d6e 0ff5f593 andi             x11, x11, 255       x11=00000064 x11:00000064
13645240ns          220767 1c008d72 00b78c63 beq              x15, x11, 24        x15:0000002d x11:00000064
13645260ns          220768 1c008d76 00078b63 beq              x15, x0, 22         x15:0000002d
13645280ns          220769 1c008d78 00150793 addi             x15, x10, 1         x15=1c000199 x10:1c000198
13645299ns          220770 1c008d7c 0040006f jal              x0, 4              
13645757ns          220793 1c008d80 00f00533 add              x10, x0, x15        x10=1c000199 x15:1c000199
13645777ns          220794 1c008d82 0017c70b p.lbu            x14, 1(x15!)        x14=0000002b x15=1c00019a x15:1c000199  PA:1c000199
13646115ns          220811 1c008d86 feb71ce3 bne              x14, x11, -8        x14:0000002b x11:00000064
13646334ns          220822 1c008d7e 00070763 beq              x14, x0, 14         x14:0000002b
13646354ns          220823 1c008d80 00f00533 add              x10, x0, x15        x10=1c00019a x15:1c00019a
13646374ns          220824 1c008d82 0017c70b p.lbu            x14, 1(x15!)        x14=00000020 x15=1c00019b x15:1c00019a  PA:1c00019a
13646692ns          220840 1c008d86 feb71ce3 bne              x14, x11, -8        x14:00000020 x11:00000064
13646752ns          220843 1c008d7e 00070763 beq              x14, x0, 14         x14:00000020
13646771ns          220844 1c008d80 00f00533 add              x10, x0, x15        x10=1c00019b x15:1c00019b
13646791ns          220845 1c008d82 0017c70b p.lbu            x14, 1(x15!)        x14=00000023 x15=1c00019c x15:1c00019b  PA:1c00019b
13647129ns          220862 1c008d86 feb71ce3 bne              x14, x11, -8        x14:00000023 x11:00000064
13647189ns          220865 1c008d7e 00070763 beq              x14, x0, 14         x14:00000023
13647209ns          220866 1c008d80 00f00533 add              x10, x0, x15        x10=1c00019c x15:1c00019c
13647229ns          220867 1c008d82 0017c70b p.lbu            x14, 1(x15!)        x14=00000030 x15=1c00019d x15:1c00019c  PA:1c00019c
13647547ns          220883 1c008d86 feb71ce3 bne              x14, x11, -8        x14:00000030 x11:00000064
13647607ns          220886 1c008d7e 00070763 beq              x14, x0, 14         x14:00000030
13647627ns          220887 1c008d80 00f00533 add              x10, x0, x15        x10=1c00019d x15:1c00019d
13647647ns          220888 1c008d82 0017c70b p.lbu            x14, 1(x15!)        x14=00000000 x15=1c00019e x15:1c00019d  PA:1c00019d
13647965ns          220904 1c008d86 feb71ce3 bne              x14, x11, -8        x14:00000000 x11:00000064
13648025ns          220907 1c008d7e 00070763 beq              x14, x0, 14         x14:00000000
13648084ns          220910 1c008d8c 0015b593 sltiu            x11, x11, 1         x11=00000000 x11:00000064
13648104ns          220911 1c008d90 40b005b3 sub              x11, x0, x11        x11=00000000 x11:00000000
13648124ns          220912 1c008d94 00b57533 and              x10, x10, x11       x10=00000000 x10:1c00019d x11:00000000
13648144ns          220913 1c008d96 00008067 jalr             x0, x1, 0            x1:1c008f50
13648184ns          220915 1c008f50 02050a63 beq              x10, x0, 52         x10:00000000
13648681ns          220940 1c008f84 02a00613 addi             x12, x0, 42         x12=0000002a
13648721ns          220942 1c008f88 2ac48663 beq              x9, x12, 684         x9:00000064 x12:0000002a
13648741ns          220943 1c008f8c fd048613 addi             x12, x9, -48        x12=00000034  x9:00000064
13649178ns          220965 1c008f90 00900593 addi             x11, x0, 9          x11=00000009
13649198ns          220966 1c008f92 00000913 addi             x18, x0, 0          x18=00000000
13649218ns          220967 1c008f94 28c5f063 bgeu             x11, x12, 640       x11:00000009 x12:00000034
13649238ns          220968 1c008f98 02e00693 addi             x13, x0, 46         x13=0000002e
13649258ns          220969 1c008f9c fff00a13 addi             x20, x0, -1         x20=ffffffff
13649695ns          220991 1c008f9e 2ed48363 beq              x9, x13, 742         x9:00000064 x13:0000002e
13649735ns          220993 1c008fa2 1c0007b7 lui              x15, 0x1c000000     x15=1c000000
13649755ns          220994 1c008fa6 009005b3 add              x11, x0, x9         x11=00000064  x9:00000064
13649775ns          220995 1c008fa8 1a078513 addi             x10, x15, 416       x10=1c0001a0 x15:1c000000
13649795ns          220996 1c008fac dbfff0ef jal              x1, -578             x1=1c008fae
13650292ns          221021 1c008d6a 00054783 lbu              x15, 0(x10)         x15=00000068 x10:1c0001a0  PA:1c0001a0
13650590ns          221036 1c008d6e 0ff5f593 andi             x11, x11, 255       x11=00000064 x11:00000064
13650610ns          221037 1c008d72 00b78c63 beq              x15, x11, 24        x15:00000068 x11:00000064
13650630ns          221038 1c008d76 00078b63 beq              x15, x0, 22         x15:00000068
13650650ns          221039 1c008d78 00150793 addi             x15, x10, 1         x15=1c0001a1 x10:1c0001a0
13650670ns          221040 1c008d7c 0040006f jal              x0, 4              
13650750ns          221044 1c008d80 00f00533 add              x10, x0, x15        x10=1c0001a1 x15:1c0001a1
13650769ns          221045 1c008d82 0017c70b p.lbu            x14, 1(x15!)        x14=0000006c x15=1c0001a2 x15:1c0001a1  PA:1c0001a1
13651088ns          221061 1c008d86 feb71ce3 bne              x14, x11, -8        x14:0000006c x11:00000064
13651147ns          221064 1c008d7e 00070763 beq              x14, x0, 14         x14:0000006c
13651167ns          221065 1c008d80 00f00533 add              x10, x0, x15        x10=1c0001a2 x15:1c0001a2
13651187ns          221066 1c008d82 0017c70b p.lbu            x14, 1(x15!)        x14=0000004c x15=1c0001a3 x15:1c0001a2  PA:1c0001a2
13651525ns          221083 1c008d86 feb71ce3 bne              x14, x11, -8        x14:0000004c x11:00000064
13651585ns          221086 1c008d7e 00070763 beq              x14, x0, 14         x14:0000004c
13651605ns          221087 1c008d80 00f00533 add              x10, x0, x15        x10=1c0001a3 x15:1c0001a3
13651625ns          221088 1c008d82 0017c70b p.lbu            x14, 1(x15!)        x14=0000007a x15=1c0001a4 x15:1c0001a3  PA:1c0001a3
13651943ns          221104 1c008d86 feb71ce3 bne              x14, x11, -8        x14:0000007a x11:00000064
13652003ns          221107 1c008d7e 00070763 beq              x14, x0, 14         x14:0000007a
13652023ns          221108 1c008d80 00f00533 add              x10, x0, x15        x10=1c0001a4 x15:1c0001a4
13652042ns          221109 1c008d82 0017c70b p.lbu            x14, 1(x15!)        x14=00000000 x15=1c0001a5 x15:1c0001a4  PA:1c0001a4
13652361ns          221125 1c008d86 feb71ce3 bne              x14, x11, -8        x14:00000000 x11:00000064
13652420ns          221128 1c008d7e 00070763 beq              x14, x0, 14         x14:00000000
13652480ns          221131 1c008d8c 0015b593 sltiu            x11, x11, 1         x11=00000000 x11:00000064
13652500ns          221132 1c008d90 40b005b3 sub              x11, x0, x11        x11=00000000 x11:00000000
13652520ns          221133 1c008d94 00b57533 and              x10, x10, x11       x10=00000000 x10:1c0001a4 x11:00000000
13652540ns          221134 1c008d96 00008067 jalr             x0, x1, 0            x1:1c008fae
13652579ns          221136 1c008fae 01300433 add              x8, x0, x19          x8=1c000037 x19:1c000037
13652599ns          221137 1c008fb0 00050563 beq              x10, x0, 10         x10:00000000
13652679ns          221141 1c008fba 06700693 addi             x13, x0, 103        x13=00000067
13653117ns          221163 1c008fbe 2896d963 bge              x13, x9, 658        x13:00000067  x9:00000064
13653594ns          221187 1c009250 06500693 addi             x13, x0, 101        x13=00000065
13653634ns          221189 1c009254 12d4d563 bge              x9, x13, 298         x9:00000064 x13:00000065
13653654ns          221190 1c009258 04700693 addi             x13, x0, 71         x13=00000047
13653673ns          221191 1c00925c dc96cbe3 blt              x13, x9, -554       x13:00000047  x9:00000064
13654628ns          221239 1c009032 06300693 addi             x13, x0, 99         x13=00000063
13654648ns          221240 1c009036 0ad488e3 beq              x9, x13, 2224        x9:00000064 x13:00000063
13654668ns          221241 1c00903a 0096c9e3 blt              x13, x9, 2066       x13:00000063  x9:00000064
13655623ns          221289 1c00984c 000c2583 lw               x11, 0(x24)         x11=00000001 x24:10000c8c  PA:10000c8c
13656080ns          221312 1c009850 004c0c13 addi             x24, x24, 4         x24=10000c90 x24:10000c8c
13656120ns          221314 1c009852 3405cc63 blt              x11, x0, 856        x11:00000001
13656140ns          221315 1c009856 01412603 lw               x12, 20(x2)         x12=00000000  x2:10000b38  PA:10000b4c
13656160ns          221316 1c009858 00b006b3 add              x13, x0, x11        x13=00000001 x11:00000001
13656180ns          221317 1c00985a 2e061863 bne              x12, x0, 752        x12:00000000
13656200ns          221318 1c00985e 01812703 lw               x14, 24(x2)         x14=00000000  x2:10000b38  PA:10000b50
13656597ns          221338 1c009860 019007b3 add              x15, x0, x25        x15=10000b5c x25:10000b5c
13656617ns          221339 1c009862 00070763 beq              x14, x0, 14         x14:00000000
13657095ns          221363 1c009870 00f00733 add              x14, x0, x15        x14=10000b5c x15:10000b5c
13657115ns          221364 1c009872 00a00513 addi             x10, x0, 10         x10=0000000a
13657134ns          221365 1c009874 02a6f633 remu             x12, x13, x10       x12=00000001 x13:00000001 x10:0000000a
13657751ns          221396 1c009878 02a6d6b3 divu             x13, x13, x10       x13=00000000 x13:00000001 x10:0000000a
13658368ns          221427 1c00987c 03060613 addi             x12, x12, 48        x12=00000031 x12:00000001
13658388ns          221428 1c009880 00c700ab p.sb             x12, 1(x14!)        x14=10000b5d x12:00000031 x14:10000b5c  PA:10000b5c
13658407ns          221429 1c009884 fe0698e3 bne              x13, x0, -16        x13:00000000
13658427ns          221430 1c009886 40f706b3 sub              x13, x14, x15       x13=00000001 x14:10000b5d x15:10000b5c
13658447ns          221431 1c00988a 0146dc63 bge              x13, x20, 24        x13:00000001 x20:ffffffff
13659322ns          221475 1c0098a2 00e006b3 add              x13, x0, x14        x13=10000b5d x14:10000b5d
13659362ns          221477 1c0098a4 fe068fab p.sb             x0, -1(x13!)        x13=10000b5c x13:10000b5d  PA:10000b5d
13659382ns          221478 1c0098a8 00d7fc63 bgeu             x15, x13, 24        x15:10000b5c x13:10000b5c
13660297ns          221524 1c0098c0 01412783 lw               x15, 20(x2)         x15=00000000  x2:10000b38  PA:10000b4c
13660317ns          221525 1c0098c2 01812603 lw               x12, 24(x2)         x12=00000000  x2:10000b38  PA:10000b50
13660337ns          221526 1c0098c4 419704b3 sub              x9, x14, x25         x9=00000001 x14:10000b5d x25:10000b5c
13660357ns          221527 1c0098c8 00c7e7b3 or               x15, x15, x12       x15=00000000 x15:00000000 x12:00000000
13660377ns          221528 1c0098ca 00f12623 sw               x15, 12(x2)         x15:00000000  x2:10000b38  PA:10000b44
13660397ns          221529 1c0098cc 00079363 bne              x15, x0, 6          x15:00000000
13660416ns          221530 1c0098ce 01f5d593 srli             x11, x11, 0x1f      x11=00000000 x11:00000001
13660834ns          221551 1c0098d0 00b12623 sw               x11, 12(x2)         x11:00000000  x2:10000b38  PA:10000b44
13660874ns          221553 1c0098d2 e3fa28e3 p.beqimm         x20, -464           x20:ffffffff
13661391ns          221579 1c009702 0c800793 addi             x15, x0, 200        x15=000000c8
13661411ns          221580 1c009706 9e97d0e3 bge              x15, x9, -1568      x15:000000c8  x9:00000001
13662386ns          221629 1c0090e6 0f24d163 bge              x9, x18, 226         x9:00000001 x18:00000000
13663301ns          221675 1c0091c8 d00482e3 beq              x9, x0, -764         x9:00000001
13663340ns          221677 1c0091cc 01900933 add              x18, x0, x25        x18=10000b5c x25:10000b5c
13663778ns          221699 1c0091ce 419d8db3 sub              x27, x27, x25       x27=effff4ad x27:00000009 x25:10000b5c
13663798ns          221700 1c0091d2 00a0006f jal              x0, 10             
13663838ns          221702 1c0091dc 0019450b p.lbu            x10, 1(x18!)        x10=00000031 x18=10000b5d x18:10000b5c  PA:10000b5c
13664275ns          221724 1c0091e0 01a005b3 add              x11, x0, x26        x11=00000002 x26:00000002
13664295ns          221725 1c0091e2 000b00e7 jalr             x1, x22, 0           x1=1c0091e4 x22:1c008dea
13664375ns          221729 1c008dea 000026b7 lui              x13, 0x2000         x13=00002000
13664414ns          221731 1c008dec f14027f3 csrrs            x15, x0, 0xf14      x15=00000001
13664434ns          221732 1c008df0 f8068693 addi             x13, x13, -128      x13=00001f80 x13:00002000
13664454ns          221733 1c008df4 00379713 slli             x14, x15, 0x3       x14=00000008 x15:00000001
13664474ns          221734 1c008df8 00279793 slli             x15, x15, 0x2       x15=00000004 x15:00000001
13664494ns          221735 1c008dfa 00d7f7b3 and              x15, x15, x13       x15=00000000 x15:00000004 x13:00001f80
13664514ns          221736 1c008dfc ee873733 p.bclr           x14, x14, 23, 8     x14=00000008 x14:00000008
13664554ns          221738 1c008e00 1a10f6b7 lui              x13, 0x1a10f000     x13=1a10f000
13664594ns          221740 1c008e04 0ff57513 andi             x10, x10, 255       x10=00000031 x10:00000031
13664613ns          221741 1c008e08 00d70733 add              x14, x14, x13       x14=1a10f008 x14:00000008 x13:1a10f000
13664633ns          221742 1c008e0a 00a7e723 p.sw             x10, x0(x15)        x10:00000031 x15:00000000  PA:1a10f008
13665011ns          221761 1c008e0e 00000513 addi             x10, x0, 0          x10=00000000
13665031ns          221762 1c008e10 00008067 jalr             x0, x1, 0            x1:1c0091e4
13665111ns          221766 1c0091e4 fff48493 addi             x9, x9, -1           x9=00000000  x9:00000001
13665150ns          221768 1c0091e6 fff537e3 p.bneimm         x10, -18            x10:00000000
13665608ns          221791 1c0091d4 012d8733 add              x14, x27, x18       x14=0000000a x27:effff4ad x18:10000b5d
13665628ns          221792 1c0091d8 5a048b63 beq              x9, x0, 1462         x9:00000000
13666125ns          221817 1c00978e 00e00db3 add              x27, x0, x14        x27=0000000a x14:0000000a
13666583ns          221840 1c009790 f3cff06f jal              x0, -2244          
13666662ns          221844 1c008ecc 00044503 lbu              x10, 0(x8)          x10=00000020  x8:1c000037  PA:1c000037
13666980ns          221860 1c008ed0 00140413 addi             x8, x8, 1            x8=1c000038  x8:1c000037
13667000ns          221861 1c008ed2 00050e63 beq              x10, x0, 28         x10:00000020
13667020ns          221862 1c008ed4 02500793 addi             x15, x0, 37         x15=00000025
13667040ns          221863 1c008ed8 04f50863 beq              x10, x15, 80        x10:00000020 x15:00000025
13667060ns          221864 1c008edc 01a005b3 add              x11, x0, x26        x11=00000002 x26:00000002
13667080ns          221865 1c008ede 000b00e7 jalr             x1, x22, 0           x1=1c008ee0 x22:1c008dea
13667140ns          221868 1c008dea 000026b7 lui              x13, 0x2000         x13=00002000
13667159ns          221869 1c008dec f14027f3 csrrs            x15, x0, 0xf14      x15=00000001
13667219ns          221872 1c008df0 f8068693 addi             x13, x13, -128      x13=00001f80 x13:00002000
13667259ns          221874 1c008df4 00379713 slli             x14, x15, 0x3       x14=00000008 x15:00000001
13667279ns          221875 1c008df8 00279793 slli             x15, x15, 0x2       x15=00000004 x15:00000001
13667299ns          221876 1c008dfa 00d7f7b3 and              x15, x15, x13       x15=00000000 x15:00000004 x13:00001f80
13667319ns          221877 1c008dfc ee873733 p.bclr           x14, x14, 23, 8     x14=00000008 x14:00000008
13667358ns          221879 1c008e00 1a10f6b7 lui              x13, 0x1a10f000     x13=1a10f000
13667398ns          221881 1c008e04 0ff57513 andi             x10, x10, 255       x10=00000020 x10:00000020
13667418ns          221882 1c008e08 00d70733 add              x14, x14, x13       x14=1a10f008 x14:00000008 x13:1a10f000
13667438ns          221883 1c008e0a 00a7e723 p.sw             x10, x0(x15)        x10:00000020 x15:00000000  PA:1a10f008
13667796ns          221901 1c008e0e 00000513 addi             x10, x0, 0          x10=00000000
13667816ns          221902 1c008e10 00008067 jalr             x0, x1, 0            x1:1c008ee0
13667856ns          221904 1c008ee0 31f52563 p.beqimm         x10, 778            x10:00000000
13667875ns          221905 1c008ee4 001d8d93 addi             x27, x27, 1         x27=0000000b x27:0000000a
13667895ns          221906 1c008ee6 00044503 lbu              x10, 0(x8)          x10=0000006b  x8:1c000038  PA:1c000038
13668194ns          221921 1c008eea 00140413 addi             x8, x8, 1            x8=1c000039  x8:1c000038
13668214ns          221922 1c008eec fe0514e3 bne              x10, x0, -24        x10:0000006b
13668273ns          221925 1c008ed4 02500793 addi             x15, x0, 37         x15=00000025
13668293ns          221926 1c008ed8 04f50863 beq              x10, x15, 80        x10:0000006b x15:00000025
13668313ns          221927 1c008edc 01a005b3 add              x11, x0, x26        x11=00000002 x26:00000002
13668333ns          221928 1c008ede 000b00e7 jalr             x1, x22, 0           x1=1c008ee0 x22:1c008dea
13668373ns          221930 1c008dea 000026b7 lui              x13, 0x2000         x13=00002000
13668393ns          221931 1c008dec f14027f3 csrrs            x15, x0, 0xf14      x15=00000001
13668413ns          221932 1c008df0 f8068693 addi             x13, x13, -128      x13=00001f80 x13:00002000
13668432ns          221933 1c008df4 00379713 slli             x14, x15, 0x3       x14=00000008 x15:00000001
13668452ns          221934 1c008df8 00279793 slli             x15, x15, 0x2       x15=00000004 x15:00000001
13668472ns          221935 1c008dfa 00d7f7b3 and              x15, x15, x13       x15=00000000 x15:00000004 x13:00001f80
13668492ns          221936 1c008dfc ee873733 p.bclr           x14, x14, 23, 8     x14=00000008 x14:00000008
13668512ns          221937 1c008e00 1a10f6b7 lui              x13, 0x1a10f000     x13=1a10f000
13668532ns          221938 1c008e04 0ff57513 andi             x10, x10, 255       x10=0000006b x10:0000006b
13668552ns          221939 1c008e08 00d70733 add              x14, x14, x13       x14=1a10f008 x14:00000008 x13:1a10f000
13668572ns          221940 1c008e0a 00a7e723 p.sw             x10, x0(x15)        x10:0000006b x15:00000000  PA:1a10f008
13668890ns          221956 1c008e0e 00000513 addi             x10, x0, 0          x10=00000000
13668910ns          221957 1c008e10 00008067 jalr             x0, x1, 0            x1:1c008ee0
13668950ns          221959 1c008ee0 31f52563 p.beqimm         x10, 778            x10:00000000
13668969ns          221960 1c008ee4 001d8d93 addi             x27, x27, 1         x27=0000000c x27:0000000b
13668989ns          221961 1c008ee6 00044503 lbu              x10, 0(x8)          x10=00000065  x8:1c000039  PA:1c000039
13669288ns          221976 1c008eea 00140413 addi             x8, x8, 1            x8=1c00003a  x8:1c000039
13669308ns          221977 1c008eec fe0514e3 bne              x10, x0, -24        x10:00000065
13669367ns          221980 1c008ed4 02500793 addi             x15, x0, 37         x15=00000025
13669387ns          221981 1c008ed8 04f50863 beq              x10, x15, 80        x10:00000065 x15:00000025
13669407ns          221982 1c008edc 01a005b3 add              x11, x0, x26        x11=00000002 x26:00000002
13669427ns          221983 1c008ede 000b00e7 jalr             x1, x22, 0           x1=1c008ee0 x22:1c008dea
13669467ns          221985 1c008dea 000026b7 lui              x13, 0x2000         x13=00002000
13669487ns          221986 1c008dec f14027f3 csrrs            x15, x0, 0xf14      x15=00000001
13669507ns          221987 1c008df0 f8068693 addi             x13, x13, -128      x13=00001f80 x13:00002000
13669526ns          221988 1c008df4 00379713 slli             x14, x15, 0x3       x14=00000008 x15:00000001
13669546ns          221989 1c008df8 00279793 slli             x15, x15, 0x2       x15=00000004 x15:00000001
13669566ns          221990 1c008dfa 00d7f7b3 and              x15, x15, x13       x15=00000000 x15:00000004 x13:00001f80
13669586ns          221991 1c008dfc ee873733 p.bclr           x14, x14, 23, 8     x14=00000008 x14:00000008
13669606ns          221992 1c008e00 1a10f6b7 lui              x13, 0x1a10f000     x13=1a10f000
13669626ns          221993 1c008e04 0ff57513 andi             x10, x10, 255       x10=00000065 x10:00000065
13669646ns          221994 1c008e08 00d70733 add              x14, x14, x13       x14=1a10f008 x14:00000008 x13:1a10f000
13669666ns          221995 1c008e0a 00a7e723 p.sw             x10, x0(x15)        x10:00000065 x15:00000000  PA:1a10f008
13669984ns          222011 1c008e0e 00000513 addi             x10, x0, 0          x10=00000000
13670004ns          222012 1c008e10 00008067 jalr             x0, x1, 0            x1:1c008ee0
13670044ns          222014 1c008ee0 31f52563 p.beqimm         x10, 778            x10:00000000
13670063ns          222015 1c008ee4 001d8d93 addi             x27, x27, 1         x27=0000000d x27:0000000c
13670083ns          222016 1c008ee6 00044503 lbu              x10, 0(x8)          x10=00000072  x8:1c00003a  PA:1c00003a
13670382ns          222031 1c008eea 00140413 addi             x8, x8, 1            x8=1c00003b  x8:1c00003a
13670402ns          222032 1c008eec fe0514e3 bne              x10, x0, -24        x10:00000072
13670461ns          222035 1c008ed4 02500793 addi             x15, x0, 37         x15=00000025
13670481ns          222036 1c008ed8 04f50863 beq              x10, x15, 80        x10:00000072 x15:00000025
13670501ns          222037 1c008edc 01a005b3 add              x11, x0, x26        x11=00000002 x26:00000002
13670521ns          222038 1c008ede 000b00e7 jalr             x1, x22, 0           x1=1c008ee0 x22:1c008dea
13670561ns          222040 1c008dea 000026b7 lui              x13, 0x2000         x13=00002000
13670581ns          222041 1c008dec f14027f3 csrrs            x15, x0, 0xf14      x15=00000001
13670601ns          222042 1c008df0 f8068693 addi             x13, x13, -128      x13=00001f80 x13:00002000
13670620ns          222043 1c008df4 00379713 slli             x14, x15, 0x3       x14=00000008 x15:00000001
13670640ns          222044 1c008df8 00279793 slli             x15, x15, 0x2       x15=00000004 x15:00000001
13670660ns          222045 1c008dfa 00d7f7b3 and              x15, x15, x13       x15=00000000 x15:00000004 x13:00001f80
13670680ns          222046 1c008dfc ee873733 p.bclr           x14, x14, 23, 8     x14=00000008 x14:00000008
13670700ns          222047 1c008e00 1a10f6b7 lui              x13, 0x1a10f000     x13=1a10f000
13670720ns          222048 1c008e04 0ff57513 andi             x10, x10, 255       x10=00000072 x10:00000072
13670740ns          222049 1c008e08 00d70733 add              x14, x14, x13       x14=1a10f008 x14:00000008 x13:1a10f000
13670760ns          222050 1c008e0a 00a7e723 p.sw             x10, x0(x15)        x10:00000072 x15:00000000  PA:1a10f008
13671078ns          222066 1c008e0e 00000513 addi             x10, x0, 0          x10=00000000
13671098ns          222067 1c008e10 00008067 jalr             x0, x1, 0            x1:1c008ee0
13671138ns          222069 1c008ee0 31f52563 p.beqimm         x10, 778            x10:00000000
13671157ns          222070 1c008ee4 001d8d93 addi             x27, x27, 1         x27=0000000e x27:0000000d
13671177ns          222071 1c008ee6 00044503 lbu              x10, 0(x8)          x10=0000006e  x8:1c00003b  PA:1c00003b
13671476ns          222086 1c008eea 00140413 addi             x8, x8, 1            x8=1c00003c  x8:1c00003b
13671496ns          222087 1c008eec fe0514e3 bne              x10, x0, -24        x10:0000006e
13671555ns          222090 1c008ed4 02500793 addi             x15, x0, 37         x15=00000025
13671575ns          222091 1c008ed8 04f50863 beq              x10, x15, 80        x10:0000006e x15:00000025
13671595ns          222092 1c008edc 01a005b3 add              x11, x0, x26        x11=00000002 x26:00000002
13671615ns          222093 1c008ede 000b00e7 jalr             x1, x22, 0           x1=1c008ee0 x22:1c008dea
13671655ns          222095 1c008dea 000026b7 lui              x13, 0x2000         x13=00002000
13671675ns          222096 1c008dec f14027f3 csrrs            x15, x0, 0xf14      x15=00000001
13671695ns          222097 1c008df0 f8068693 addi             x13, x13, -128      x13=00001f80 x13:00002000
13671714ns          222098 1c008df4 00379713 slli             x14, x15, 0x3       x14=00000008 x15:00000001
13671734ns          222099 1c008df8 00279793 slli             x15, x15, 0x2       x15=00000004 x15:00000001
13671754ns          222100 1c008dfa 00d7f7b3 and              x15, x15, x13       x15=00000000 x15:00000004 x13:00001f80
13671774ns          222101 1c008dfc ee873733 p.bclr           x14, x14, 23, 8     x14=00000008 x14:00000008
13671794ns          222102 1c008e00 1a10f6b7 lui              x13, 0x1a10f000     x13=1a10f000
13671814ns          222103 1c008e04 0ff57513 andi             x10, x10, 255       x10=0000006e x10:0000006e
13671834ns          222104 1c008e08 00d70733 add              x14, x14, x13       x14=1a10f008 x14:00000008 x13:1a10f000
13671854ns          222105 1c008e0a 00a7e723 p.sw             x10, x0(x15)        x10:0000006e x15:00000000  PA:1a10f008
13672192ns          222122 1c008e0e 00000513 addi             x10, x0, 0          x10=00000000
13672212ns          222123 1c008e10 00008067 jalr             x0, x1, 0            x1:1c008ee0
13672251ns          222125 1c008ee0 31f52563 p.beqimm         x10, 778            x10:00000000
13672271ns          222126 1c008ee4 001d8d93 addi             x27, x27, 1         x27=0000000f x27:0000000e
13672291ns          222127 1c008ee6 00044503 lbu              x10, 0(x8)          x10=00000065  x8:1c00003c  PA:1c00003c
13672590ns          222142 1c008eea 00140413 addi             x8, x8, 1            x8=1c00003d  x8:1c00003c
13672609ns          222143 1c008eec fe0514e3 bne              x10, x0, -24        x10:00000065
13672669ns          222146 1c008ed4 02500793 addi             x15, x0, 37         x15=00000025
13672689ns          222147 1c008ed8 04f50863 beq              x10, x15, 80        x10:00000065 x15:00000025
13672709ns          222148 1c008edc 01a005b3 add              x11, x0, x26        x11=00000002 x26:00000002
13672729ns          222149 1c008ede 000b00e7 jalr             x1, x22, 0           x1=1c008ee0 x22:1c008dea
13672769ns          222151 1c008dea 000026b7 lui              x13, 0x2000         x13=00002000
13672789ns          222152 1c008dec f14027f3 csrrs            x15, x0, 0xf14      x15=00000001
13672808ns          222153 1c008df0 f8068693 addi             x13, x13, -128      x13=00001f80 x13:00002000
13672828ns          222154 1c008df4 00379713 slli             x14, x15, 0x3       x14=00000008 x15:00000001
13672848ns          222155 1c008df8 00279793 slli             x15, x15, 0x2       x15=00000004 x15:00000001
13672868ns          222156 1c008dfa 00d7f7b3 and              x15, x15, x13       x15=00000000 x15:00000004 x13:00001f80
13672888ns          222157 1c008dfc ee873733 p.bclr           x14, x14, 23, 8     x14=00000008 x14:00000008
13672908ns          222158 1c008e00 1a10f6b7 lui              x13, 0x1a10f000     x13=1a10f000
13672928ns          222159 1c008e04 0ff57513 andi             x10, x10, 255       x10=00000065 x10:00000065
13672948ns          222160 1c008e08 00d70733 add              x14, x14, x13       x14=1a10f008 x14:00000008 x13:1a10f000
13672968ns          222161 1c008e0a 00a7e723 p.sw             x10, x0(x15)        x10:00000065 x15:00000000  PA:1a10f008
13673286ns          222177 1c008e0e 00000513 addi             x10, x0, 0          x10=00000000
13673306ns          222178 1c008e10 00008067 jalr             x0, x1, 0            x1:1c008ee0
13673345ns          222180 1c008ee0 31f52563 p.beqimm         x10, 778            x10:00000000
13673365ns          222181 1c008ee4 001d8d93 addi             x27, x27, 1         x27=00000010 x27:0000000f
13673385ns          222182 1c008ee6 00044503 lbu              x10, 0(x8)          x10=0000006c  x8:1c00003d  PA:1c00003d
13673684ns          222197 1c008eea 00140413 addi             x8, x8, 1            x8=1c00003e  x8:1c00003d
13673703ns          222198 1c008eec fe0514e3 bne              x10, x0, -24        x10:0000006c
13673763ns          222201 1c008ed4 02500793 addi             x15, x0, 37         x15=00000025
13673783ns          222202 1c008ed8 04f50863 beq              x10, x15, 80        x10:0000006c x15:00000025
13673803ns          222203 1c008edc 01a005b3 add              x11, x0, x26        x11=00000002 x26:00000002
13673823ns          222204 1c008ede 000b00e7 jalr             x1, x22, 0           x1=1c008ee0 x22:1c008dea
13673863ns          222206 1c008dea 000026b7 lui              x13, 0x2000         x13=00002000
13673882ns          222207 1c008dec f14027f3 csrrs            x15, x0, 0xf14      x15=00000001
13673902ns          222208 1c008df0 f8068693 addi             x13, x13, -128      x13=00001f80 x13:00002000
13673922ns          222209 1c008df4 00379713 slli             x14, x15, 0x3       x14=00000008 x15:00000001
13673942ns          222210 1c008df8 00279793 slli             x15, x15, 0x2       x15=00000004 x15:00000001
13673962ns          222211 1c008dfa 00d7f7b3 and              x15, x15, x13       x15=00000000 x15:00000004 x13:00001f80
13673982ns          222212 1c008dfc ee873733 p.bclr           x14, x14, 23, 8     x14=00000008 x14:00000008
13674002ns          222213 1c008e00 1a10f6b7 lui              x13, 0x1a10f000     x13=1a10f000
13674022ns          222214 1c008e04 0ff57513 andi             x10, x10, 255       x10=0000006c x10:0000006c
13674042ns          222215 1c008e08 00d70733 add              x14, x14, x13       x14=1a10f008 x14:00000008 x13:1a10f000
13674062ns          222216 1c008e0a 00a7e723 p.sw             x10, x0(x15)        x10:0000006c x15:00000000  PA:1a10f008
13674380ns          222232 1c008e0e 00000513 addi             x10, x0, 0          x10=00000000
13674400ns          222233 1c008e10 00008067 jalr             x0, x1, 0            x1:1c008ee0
13674439ns          222235 1c008ee0 31f52563 p.beqimm         x10, 778            x10:00000000
13674459ns          222236 1c008ee4 001d8d93 addi             x27, x27, 1         x27=00000011 x27:00000010
13674479ns          222237 1c008ee6 00044503 lbu              x10, 0(x8)          x10=00000020  x8:1c00003e  PA:1c00003e
13674778ns          222252 1c008eea 00140413 addi             x8, x8, 1            x8=1c00003f  x8:1c00003e
13674797ns          222253 1c008eec fe0514e3 bne              x10, x0, -24        x10:00000020
13674857ns          222256 1c008ed4 02500793 addi             x15, x0, 37         x15=00000025
13674877ns          222257 1c008ed8 04f50863 beq              x10, x15, 80        x10:00000020 x15:00000025
13674897ns          222258 1c008edc 01a005b3 add              x11, x0, x26        x11=00000002 x26:00000002
13674917ns          222259 1c008ede 000b00e7 jalr             x1, x22, 0           x1=1c008ee0 x22:1c008dea
13674957ns          222261 1c008dea 000026b7 lui              x13, 0x2000         x13=00002000
13674976ns          222262 1c008dec f14027f3 csrrs            x15, x0, 0xf14      x15=00000001
13674996ns          222263 1c008df0 f8068693 addi             x13, x13, -128      x13=00001f80 x13:00002000
13675016ns          222264 1c008df4 00379713 slli             x14, x15, 0x3       x14=00000008 x15:00000001
13675036ns          222265 1c008df8 00279793 slli             x15, x15, 0x2       x15=00000004 x15:00000001
13675056ns          222266 1c008dfa 00d7f7b3 and              x15, x15, x13       x15=00000000 x15:00000004 x13:00001f80
13675076ns          222267 1c008dfc ee873733 p.bclr           x14, x14, 23, 8     x14=00000008 x14:00000008
13675096ns          222268 1c008e00 1a10f6b7 lui              x13, 0x1a10f000     x13=1a10f000
13675116ns          222269 1c008e04 0ff57513 andi             x10, x10, 255       x10=00000020 x10:00000020
13675136ns          222270 1c008e08 00d70733 add              x14, x14, x13       x14=1a10f008 x14:00000008 x13:1a10f000
13675156ns          222271 1c008e0a 00a7e723 p.sw             x10, x0(x15)        x10:00000020 x15:00000000  PA:1a10f008
13675494ns          222288 1c008e0e 00000513 addi             x10, x0, 0          x10=00000000
13675514ns          222289 1c008e10 00008067 jalr             x0, x1, 0            x1:1c008ee0
13675553ns          222291 1c008ee0 31f52563 p.beqimm         x10, 778            x10:00000000
13675573ns          222292 1c008ee4 001d8d93 addi             x27, x27, 1         x27=00000012 x27:00000011
13675593ns          222293 1c008ee6 00044503 lbu              x10, 0(x8)          x10=00000069  x8:1c00003f  PA:1c00003f
13675891ns          222308 1c008eea 00140413 addi             x8, x8, 1            x8=1c000040  x8:1c00003f
13675911ns          222309 1c008eec fe0514e3 bne              x10, x0, -24        x10:00000069
13675971ns          222312 1c008ed4 02500793 addi             x15, x0, 37         x15=00000025
13675991ns          222313 1c008ed8 04f50863 beq              x10, x15, 80        x10:00000069 x15:00000025
13676011ns          222314 1c008edc 01a005b3 add              x11, x0, x26        x11=00000002 x26:00000002
13676031ns          222315 1c008ede 000b00e7 jalr             x1, x22, 0           x1=1c008ee0 x22:1c008dea
13676070ns          222317 1c008dea 000026b7 lui              x13, 0x2000         x13=00002000
13676090ns          222318 1c008dec f14027f3 csrrs            x15, x0, 0xf14      x15=00000001
13676110ns          222319 1c008df0 f8068693 addi             x13, x13, -128      x13=00001f80 x13:00002000
13676130ns          222320 1c008df4 00379713 slli             x14, x15, 0x3       x14=00000008 x15:00000001
13676150ns          222321 1c008df8 00279793 slli             x15, x15, 0x2       x15=00000004 x15:00000001
13676170ns          222322 1c008dfa 00d7f7b3 and              x15, x15, x13       x15=00000000 x15:00000004 x13:00001f80
13676190ns          222323 1c008dfc ee873733 p.bclr           x14, x14, 23, 8     x14=00000008 x14:00000008
13676210ns          222324 1c008e00 1a10f6b7 lui              x13, 0x1a10f000     x13=1a10f000
13676230ns          222325 1c008e04 0ff57513 andi             x10, x10, 255       x10=00000069 x10:00000069
13676249ns          222326 1c008e08 00d70733 add              x14, x14, x13       x14=1a10f008 x14:00000008 x13:1a10f000
13676269ns          222327 1c008e0a 00a7e723 p.sw             x10, x0(x15)        x10:00000069 x15:00000000  PA:1a10f008
13676588ns          222343 1c008e0e 00000513 addi             x10, x0, 0          x10=00000000
13676608ns          222344 1c008e10 00008067 jalr             x0, x1, 0            x1:1c008ee0
13676647ns          222346 1c008ee0 31f52563 p.beqimm         x10, 778            x10:00000000
13676667ns          222347 1c008ee4 001d8d93 addi             x27, x27, 1         x27=00000013 x27:00000012
13676687ns          222348 1c008ee6 00044503 lbu              x10, 0(x8)          x10=00000074  x8:1c000040  PA:1c000040
13676985ns          222363 1c008eea 00140413 addi             x8, x8, 1            x8=1c000041  x8:1c000040
13677005ns          222364 1c008eec fe0514e3 bne              x10, x0, -24        x10:00000074
13677065ns          222367 1c008ed4 02500793 addi             x15, x0, 37         x15=00000025
13677085ns          222368 1c008ed8 04f50863 beq              x10, x15, 80        x10:00000074 x15:00000025
13677105ns          222369 1c008edc 01a005b3 add              x11, x0, x26        x11=00000002 x26:00000002
13677125ns          222370 1c008ede 000b00e7 jalr             x1, x22, 0           x1=1c008ee0 x22:1c008dea
13677164ns          222372 1c008dea 000026b7 lui              x13, 0x2000         x13=00002000
13677184ns          222373 1c008dec f14027f3 csrrs            x15, x0, 0xf14      x15=00000001
13677204ns          222374 1c008df0 f8068693 addi             x13, x13, -128      x13=00001f80 x13:00002000
13677224ns          222375 1c008df4 00379713 slli             x14, x15, 0x3       x14=00000008 x15:00000001
13677244ns          222376 1c008df8 00279793 slli             x15, x15, 0x2       x15=00000004 x15:00000001
13677264ns          222377 1c008dfa 00d7f7b3 and              x15, x15, x13       x15=00000000 x15:00000004 x13:00001f80
13677284ns          222378 1c008dfc ee873733 p.bclr           x14, x14, 23, 8     x14=00000008 x14:00000008
13677304ns          222379 1c008e00 1a10f6b7 lui              x13, 0x1a10f000     x13=1a10f000
13677324ns          222380 1c008e04 0ff57513 andi             x10, x10, 255       x10=00000074 x10:00000074
13677343ns          222381 1c008e08 00d70733 add              x14, x14, x13       x14=1a10f008 x14:00000008 x13:1a10f000
13677363ns          222382 1c008e0a 00a7e723 p.sw             x10, x0(x15)        x10:00000074 x15:00000000  PA:1a10f008
13677682ns          222398 1c008e0e 00000513 addi             x10, x0, 0          x10=00000000
13677702ns          222399 1c008e10 00008067 jalr             x0, x1, 0            x1:1c008ee0
13677741ns          222401 1c008ee0 31f52563 p.beqimm         x10, 778            x10:00000000
13677761ns          222402 1c008ee4 001d8d93 addi             x27, x27, 1         x27=00000014 x27:00000013
13677781ns          222403 1c008ee6 00044503 lbu              x10, 0(x8)          x10=00000065  x8:1c000041  PA:1c000041
13678099ns          222419 1c008eea 00140413 addi             x8, x8, 1            x8=1c000042  x8:1c000041
13678119ns          222420 1c008eec fe0514e3 bne              x10, x0, -24        x10:00000065
13678179ns          222423 1c008ed4 02500793 addi             x15, x0, 37         x15=00000025
13678199ns          222424 1c008ed8 04f50863 beq              x10, x15, 80        x10:00000065 x15:00000025
13678219ns          222425 1c008edc 01a005b3 add              x11, x0, x26        x11=00000002 x26:00000002
13678239ns          222426 1c008ede 000b00e7 jalr             x1, x22, 0           x1=1c008ee0 x22:1c008dea
13678278ns          222428 1c008dea 000026b7 lui              x13, 0x2000         x13=00002000
13678298ns          222429 1c008dec f14027f3 csrrs            x15, x0, 0xf14      x15=00000001
13678318ns          222430 1c008df0 f8068693 addi             x13, x13, -128      x13=00001f80 x13:00002000
13678338ns          222431 1c008df4 00379713 slli             x14, x15, 0x3       x14=00000008 x15:00000001
13678358ns          222432 1c008df8 00279793 slli             x15, x15, 0x2       x15=00000004 x15:00000001
13678378ns          222433 1c008dfa 00d7f7b3 and              x15, x15, x13       x15=00000000 x15:00000004 x13:00001f80
13678398ns          222434 1c008dfc ee873733 p.bclr           x14, x14, 23, 8     x14=00000008 x14:00000008
13678418ns          222435 1c008e00 1a10f6b7 lui              x13, 0x1a10f000     x13=1a10f000
13678437ns          222436 1c008e04 0ff57513 andi             x10, x10, 255       x10=00000065 x10:00000065
13678457ns          222437 1c008e08 00d70733 add              x14, x14, x13       x14=1a10f008 x14:00000008 x13:1a10f000
13678477ns          222438 1c008e0a 00a7e723 p.sw             x10, x0(x15)        x10:00000065 x15:00000000  PA:1a10f008
13678796ns          222454 1c008e0e 00000513 addi             x10, x0, 0          x10=00000000
13678815ns          222455 1c008e10 00008067 jalr             x0, x1, 0            x1:1c008ee0
13678855ns          222457 1c008ee0 31f52563 p.beqimm         x10, 778            x10:00000000
13678875ns          222458 1c008ee4 001d8d93 addi             x27, x27, 1         x27=00000015 x27:00000014
13678895ns          222459 1c008ee6 00044503 lbu              x10, 0(x8)          x10=00000072  x8:1c000042  PA:1c000042
13679193ns          222474 1c008eea 00140413 addi             x8, x8, 1            x8=1c000043  x8:1c000042
13679213ns          222475 1c008eec fe0514e3 bne              x10, x0, -24        x10:00000072
13679273ns          222478 1c008ed4 02500793 addi             x15, x0, 37         x15=00000025
13679293ns          222479 1c008ed8 04f50863 beq              x10, x15, 80        x10:00000072 x15:00000025
13679313ns          222480 1c008edc 01a005b3 add              x11, x0, x26        x11=00000002 x26:00000002
13679333ns          222481 1c008ede 000b00e7 jalr             x1, x22, 0           x1=1c008ee0 x22:1c008dea
13679372ns          222483 1c008dea 000026b7 lui              x13, 0x2000         x13=00002000
13679392ns          222484 1c008dec f14027f3 csrrs            x15, x0, 0xf14      x15=00000001
13679412ns          222485 1c008df0 f8068693 addi             x13, x13, -128      x13=00001f80 x13:00002000
13679432ns          222486 1c008df4 00379713 slli             x14, x15, 0x3       x14=00000008 x15:00000001
13679452ns          222487 1c008df8 00279793 slli             x15, x15, 0x2       x15=00000004 x15:00000001
13679472ns          222488 1c008dfa 00d7f7b3 and              x15, x15, x13       x15=00000000 x15:00000004 x13:00001f80
13679492ns          222489 1c008dfc ee873733 p.bclr           x14, x14, 23, 8     x14=00000008 x14:00000008
13679512ns          222490 1c008e00 1a10f6b7 lui              x13, 0x1a10f000     x13=1a10f000
13679531ns          222491 1c008e04 0ff57513 andi             x10, x10, 255       x10=00000072 x10:00000072
13679551ns          222492 1c008e08 00d70733 add              x14, x14, x13       x14=1a10f008 x14:00000008 x13:1a10f000
13679571ns          222493 1c008e0a 00a7e723 p.sw             x10, x0(x15)        x10:00000072 x15:00000000  PA:1a10f008
13679890ns          222509 1c008e0e 00000513 addi             x10, x0, 0          x10=00000000
13679909ns          222510 1c008e10 00008067 jalr             x0, x1, 0            x1:1c008ee0
13679949ns          222512 1c008ee0 31f52563 p.beqimm         x10, 778            x10:00000000
13679969ns          222513 1c008ee4 001d8d93 addi             x27, x27, 1         x27=00000016 x27:00000015
13679989ns          222514 1c008ee6 00044503 lbu              x10, 0(x8)          x10=00000061  x8:1c000043  PA:1c000043
13680287ns          222529 1c008eea 00140413 addi             x8, x8, 1            x8=1c000044  x8:1c000043
13680307ns          222530 1c008eec fe0514e3 bne              x10, x0, -24        x10:00000061
13680367ns          222533 1c008ed4 02500793 addi             x15, x0, 37         x15=00000025
13680387ns          222534 1c008ed8 04f50863 beq              x10, x15, 80        x10:00000061 x15:00000025
13680407ns          222535 1c008edc 01a005b3 add              x11, x0, x26        x11=00000002 x26:00000002
13680427ns          222536 1c008ede 000b00e7 jalr             x1, x22, 0           x1=1c008ee0 x22:1c008dea
13680466ns          222538 1c008dea 000026b7 lui              x13, 0x2000         x13=00002000
13680486ns          222539 1c008dec f14027f3 csrrs            x15, x0, 0xf14      x15=00000001
13680506ns          222540 1c008df0 f8068693 addi             x13, x13, -128      x13=00001f80 x13:00002000
13680526ns          222541 1c008df4 00379713 slli             x14, x15, 0x3       x14=00000008 x15:00000001
13680546ns          222542 1c008df8 00279793 slli             x15, x15, 0x2       x15=00000004 x15:00000001
13680566ns          222543 1c008dfa 00d7f7b3 and              x15, x15, x13       x15=00000000 x15:00000004 x13:00001f80
13680586ns          222544 1c008dfc ee873733 p.bclr           x14, x14, 23, 8     x14=00000008 x14:00000008
13680606ns          222545 1c008e00 1a10f6b7 lui              x13, 0x1a10f000     x13=1a10f000
13680625ns          222546 1c008e04 0ff57513 andi             x10, x10, 255       x10=00000061 x10:00000061
13680645ns          222547 1c008e08 00d70733 add              x14, x14, x13       x14=1a10f008 x14:00000008 x13:1a10f000
13680665ns          222548 1c008e0a 00a7e723 p.sw             x10, x0(x15)        x10:00000061 x15:00000000  PA:1a10f008
13680983ns          222564 1c008e0e 00000513 addi             x10, x0, 0          x10=00000000
13681003ns          222565 1c008e10 00008067 jalr             x0, x1, 0            x1:1c008ee0
13681043ns          222567 1c008ee0 31f52563 p.beqimm         x10, 778            x10:00000000
13681063ns          222568 1c008ee4 001d8d93 addi             x27, x27, 1         x27=00000017 x27:00000016
13681083ns          222569 1c008ee6 00044503 lbu              x10, 0(x8)          x10=00000074  x8:1c000044  PA:1c000044
13681381ns          222584 1c008eea 00140413 addi             x8, x8, 1            x8=1c000045  x8:1c000044
13681401ns          222585 1c008eec fe0514e3 bne              x10, x0, -24        x10:00000074
13681461ns          222588 1c008ed4 02500793 addi             x15, x0, 37         x15=00000025
13681481ns          222589 1c008ed8 04f50863 beq              x10, x15, 80        x10:00000074 x15:00000025
13681501ns          222590 1c008edc 01a005b3 add              x11, x0, x26        x11=00000002 x26:00000002
13681521ns          222591 1c008ede 000b00e7 jalr             x1, x22, 0           x1=1c008ee0 x22:1c008dea
13681560ns          222593 1c008dea 000026b7 lui              x13, 0x2000         x13=00002000
13681580ns          222594 1c008dec f14027f3 csrrs            x15, x0, 0xf14      x15=00000001
13681600ns          222595 1c008df0 f8068693 addi             x13, x13, -128      x13=00001f80 x13:00002000
13681620ns          222596 1c008df4 00379713 slli             x14, x15, 0x3       x14=00000008 x15:00000001
13681640ns          222597 1c008df8 00279793 slli             x15, x15, 0x2       x15=00000004 x15:00000001
13681660ns          222598 1c008dfa 00d7f7b3 and              x15, x15, x13       x15=00000000 x15:00000004 x13:00001f80
13681680ns          222599 1c008dfc ee873733 p.bclr           x14, x14, 23, 8     x14=00000008 x14:00000008
13681700ns          222600 1c008e00 1a10f6b7 lui              x13, 0x1a10f000     x13=1a10f000
13681719ns          222601 1c008e04 0ff57513 andi             x10, x10, 255       x10=00000074 x10:00000074
13681739ns          222602 1c008e08 00d70733 add              x14, x14, x13       x14=1a10f008 x14:00000008 x13:1a10f000
13681759ns          222603 1c008e0a 00a7e723 p.sw             x10, x0(x15)        x10:00000074 x15:00000000  PA:1a10f008
13682097ns          222620 1c008e0e 00000513 addi             x10, x0, 0          x10=00000000
13682117ns          222621 1c008e10 00008067 jalr             x0, x1, 0            x1:1c008ee0
13682157ns          222623 1c008ee0 31f52563 p.beqimm         x10, 778            x10:00000000
13682177ns          222624 1c008ee4 001d8d93 addi             x27, x27, 1         x27=00000018 x27:00000017
13682197ns          222625 1c008ee6 00044503 lbu              x10, 0(x8)          x10=00000069  x8:1c000045  PA:1c000045
13682495ns          222640 1c008eea 00140413 addi             x8, x8, 1            x8=1c000046  x8:1c000045
13682515ns          222641 1c008eec fe0514e3 bne              x10, x0, -24        x10:00000069
13682575ns          222644 1c008ed4 02500793 addi             x15, x0, 37         x15=00000025
13682595ns          222645 1c008ed8 04f50863 beq              x10, x15, 80        x10:00000069 x15:00000025
13682615ns          222646 1c008edc 01a005b3 add              x11, x0, x26        x11=00000002 x26:00000002
13682634ns          222647 1c008ede 000b00e7 jalr             x1, x22, 0           x1=1c008ee0 x22:1c008dea
13682674ns          222649 1c008dea 000026b7 lui              x13, 0x2000         x13=00002000
13682694ns          222650 1c008dec f14027f3 csrrs            x15, x0, 0xf14      x15=00000001
13682714ns          222651 1c008df0 f8068693 addi             x13, x13, -128      x13=00001f80 x13:00002000
13682734ns          222652 1c008df4 00379713 slli             x14, x15, 0x3       x14=00000008 x15:00000001
13682754ns          222653 1c008df8 00279793 slli             x15, x15, 0x2       x15=00000004 x15:00000001
13682774ns          222654 1c008dfa 00d7f7b3 and              x15, x15, x13       x15=00000000 x15:00000004 x13:00001f80
13682794ns          222655 1c008dfc ee873733 p.bclr           x14, x14, 23, 8     x14=00000008 x14:00000008
13682813ns          222656 1c008e00 1a10f6b7 lui              x13, 0x1a10f000     x13=1a10f000
13682833ns          222657 1c008e04 0ff57513 andi             x10, x10, 255       x10=00000069 x10:00000069
13682853ns          222658 1c008e08 00d70733 add              x14, x14, x13       x14=1a10f008 x14:00000008 x13:1a10f000
13682873ns          222659 1c008e0a 00a7e723 p.sw             x10, x0(x15)        x10:00000069 x15:00000000  PA:1a10f008
13683191ns          222675 1c008e0e 00000513 addi             x10, x0, 0          x10=00000000
13683211ns          222676 1c008e10 00008067 jalr             x0, x1, 0            x1:1c008ee0
13683251ns          222678 1c008ee0 31f52563 p.beqimm         x10, 778            x10:00000000
13683271ns          222679 1c008ee4 001d8d93 addi             x27, x27, 1         x27=00000019 x27:00000018
13683291ns          222680 1c008ee6 00044503 lbu              x10, 0(x8)          x10=0000006f  x8:1c000046  PA:1c000046
13683589ns          222695 1c008eea 00140413 addi             x8, x8, 1            x8=1c000047  x8:1c000046
13683609ns          222696 1c008eec fe0514e3 bne              x10, x0, -24        x10:0000006f
13683669ns          222699 1c008ed4 02500793 addi             x15, x0, 37         x15=00000025
13683689ns          222700 1c008ed8 04f50863 beq              x10, x15, 80        x10:0000006f x15:00000025
13683709ns          222701 1c008edc 01a005b3 add              x11, x0, x26        x11=00000002 x26:00000002
13683728ns          222702 1c008ede 000b00e7 jalr             x1, x22, 0           x1=1c008ee0 x22:1c008dea
13683768ns          222704 1c008dea 000026b7 lui              x13, 0x2000         x13=00002000
13683788ns          222705 1c008dec f14027f3 csrrs            x15, x0, 0xf14      x15=00000001
13683808ns          222706 1c008df0 f8068693 addi             x13, x13, -128      x13=00001f80 x13:00002000
13683828ns          222707 1c008df4 00379713 slli             x14, x15, 0x3       x14=00000008 x15:00000001
13683848ns          222708 1c008df8 00279793 slli             x15, x15, 0x2       x15=00000004 x15:00000001
13683868ns          222709 1c008dfa 00d7f7b3 and              x15, x15, x13       x15=00000000 x15:00000004 x13:00001f80
13683888ns          222710 1c008dfc ee873733 p.bclr           x14, x14, 23, 8     x14=00000008 x14:00000008
13683907ns          222711 1c008e00 1a10f6b7 lui              x13, 0x1a10f000     x13=1a10f000
13683927ns          222712 1c008e04 0ff57513 andi             x10, x10, 255       x10=0000006f x10:0000006f
13683947ns          222713 1c008e08 00d70733 add              x14, x14, x13       x14=1a10f008 x14:00000008 x13:1a10f000
13683967ns          222714 1c008e0a 00a7e723 p.sw             x10, x0(x15)        x10:0000006f x15:00000000  PA:1a10f008
13684285ns          222730 1c008e0e 00000513 addi             x10, x0, 0          x10=00000000
13684305ns          222731 1c008e10 00008067 jalr             x0, x1, 0            x1:1c008ee0
13684345ns          222733 1c008ee0 31f52563 p.beqimm         x10, 778            x10:00000000
13684365ns          222734 1c008ee4 001d8d93 addi             x27, x27, 1         x27=0000001a x27:00000019
13684385ns          222735 1c008ee6 00044503 lbu              x10, 0(x8)          x10=0000006e  x8:1c000047  PA:1c000047
13684703ns          222751 1c008eea 00140413 addi             x8, x8, 1            x8=1c000048  x8:1c000047
13684723ns          222752 1c008eec fe0514e3 bne              x10, x0, -24        x10:0000006e
13684783ns          222755 1c008ed4 02500793 addi             x15, x0, 37         x15=00000025
13684803ns          222756 1c008ed8 04f50863 beq              x10, x15, 80        x10:0000006e x15:00000025
13684822ns          222757 1c008edc 01a005b3 add              x11, x0, x26        x11=00000002 x26:00000002
13684842ns          222758 1c008ede 000b00e7 jalr             x1, x22, 0           x1=1c008ee0 x22:1c008dea
13684882ns          222760 1c008dea 000026b7 lui              x13, 0x2000         x13=00002000
13684902ns          222761 1c008dec f14027f3 csrrs            x15, x0, 0xf14      x15=00000001
13684922ns          222762 1c008df0 f8068693 addi             x13, x13, -128      x13=00001f80 x13:00002000
13684942ns          222763 1c008df4 00379713 slli             x14, x15, 0x3       x14=00000008 x15:00000001
13684962ns          222764 1c008df8 00279793 slli             x15, x15, 0x2       x15=00000004 x15:00000001
13684982ns          222765 1c008dfa 00d7f7b3 and              x15, x15, x13       x15=00000000 x15:00000004 x13:00001f80
13685001ns          222766 1c008dfc ee873733 p.bclr           x14, x14, 23, 8     x14=00000008 x14:00000008
13685021ns          222767 1c008e00 1a10f6b7 lui              x13, 0x1a10f000     x13=1a10f000
13685041ns          222768 1c008e04 0ff57513 andi             x10, x10, 255       x10=0000006e x10:0000006e
13685061ns          222769 1c008e08 00d70733 add              x14, x14, x13       x14=1a10f008 x14:00000008 x13:1a10f000
13685081ns          222770 1c008e0a 00a7e723 p.sw             x10, x0(x15)        x10:0000006e x15:00000000  PA:1a10f008
13685399ns          222786 1c008e0e 00000513 addi             x10, x0, 0          x10=00000000
13685419ns          222787 1c008e10 00008067 jalr             x0, x1, 0            x1:1c008ee0
13685459ns          222789 1c008ee0 31f52563 p.beqimm         x10, 778            x10:00000000
13685479ns          222790 1c008ee4 001d8d93 addi             x27, x27, 1         x27=0000001b x27:0000001a
13685499ns          222791 1c008ee6 00044503 lbu              x10, 0(x8)          x10=00000073  x8:1c000048  PA:1c000048
13685797ns          222806 1c008eea 00140413 addi             x8, x8, 1            x8=1c000049  x8:1c000048
13685817ns          222807 1c008eec fe0514e3 bne              x10, x0, -24        x10:00000073
13685877ns          222810 1c008ed4 02500793 addi             x15, x0, 37         x15=00000025
13685897ns          222811 1c008ed8 04f50863 beq              x10, x15, 80        x10:00000073 x15:00000025
13685916ns          222812 1c008edc 01a005b3 add              x11, x0, x26        x11=00000002 x26:00000002
13685936ns          222813 1c008ede 000b00e7 jalr             x1, x22, 0           x1=1c008ee0 x22:1c008dea
13685976ns          222815 1c008dea 000026b7 lui              x13, 0x2000         x13=00002000
13685996ns          222816 1c008dec f14027f3 csrrs            x15, x0, 0xf14      x15=00000001
13686016ns          222817 1c008df0 f8068693 addi             x13, x13, -128      x13=00001f80 x13:00002000
13686036ns          222818 1c008df4 00379713 slli             x14, x15, 0x3       x14=00000008 x15:00000001
13686056ns          222819 1c008df8 00279793 slli             x15, x15, 0x2       x15=00000004 x15:00000001
13686076ns          222820 1c008dfa 00d7f7b3 and              x15, x15, x13       x15=00000000 x15:00000004 x13:00001f80
13686095ns          222821 1c008dfc ee873733 p.bclr           x14, x14, 23, 8     x14=00000008 x14:00000008
13686115ns          222822 1c008e00 1a10f6b7 lui              x13, 0x1a10f000     x13=1a10f000
13686135ns          222823 1c008e04 0ff57513 andi             x10, x10, 255       x10=00000073 x10:00000073
13686155ns          222824 1c008e08 00d70733 add              x14, x14, x13       x14=1a10f008 x14:00000008 x13:1a10f000
13686175ns          222825 1c008e0a 00a7e723 p.sw             x10, x0(x15)        x10:00000073 x15:00000000  PA:1a10f008
13686493ns          222841 1c008e0e 00000513 addi             x10, x0, 0          x10=00000000
13686513ns          222842 1c008e10 00008067 jalr             x0, x1, 0            x1:1c008ee0
13686553ns          222844 1c008ee0 31f52563 p.beqimm         x10, 778            x10:00000000
13686573ns          222845 1c008ee4 001d8d93 addi             x27, x27, 1         x27=0000001c x27:0000001b
13686593ns          222846 1c008ee6 00044503 lbu              x10, 0(x8)          x10=0000002e  x8:1c000049  PA:1c000049
13686891ns          222861 1c008eea 00140413 addi             x8, x8, 1            x8=1c00004a  x8:1c000049
13686911ns          222862 1c008eec fe0514e3 bne              x10, x0, -24        x10:0000002e
13686971ns          222865 1c008ed4 02500793 addi             x15, x0, 37         x15=00000025
13686991ns          222866 1c008ed8 04f50863 beq              x10, x15, 80        x10:0000002e x15:00000025
13687010ns          222867 1c008edc 01a005b3 add              x11, x0, x26        x11=00000002 x26:00000002
13687030ns          222868 1c008ede 000b00e7 jalr             x1, x22, 0           x1=1c008ee0 x22:1c008dea
13687070ns          222870 1c008dea 000026b7 lui              x13, 0x2000         x13=00002000
13687090ns          222871 1c008dec f14027f3 csrrs            x15, x0, 0xf14      x15=00000001
13687110ns          222872 1c008df0 f8068693 addi             x13, x13, -128      x13=00001f80 x13:00002000
13687130ns          222873 1c008df4 00379713 slli             x14, x15, 0x3       x14=00000008 x15:00000001
13687150ns          222874 1c008df8 00279793 slli             x15, x15, 0x2       x15=00000004 x15:00000001
13687170ns          222875 1c008dfa 00d7f7b3 and              x15, x15, x13       x15=00000000 x15:00000004 x13:00001f80
13687189ns          222876 1c008dfc ee873733 p.bclr           x14, x14, 23, 8     x14=00000008 x14:00000008
13687209ns          222877 1c008e00 1a10f6b7 lui              x13, 0x1a10f000     x13=1a10f000
13687229ns          222878 1c008e04 0ff57513 andi             x10, x10, 255       x10=0000002e x10:0000002e
13687249ns          222879 1c008e08 00d70733 add              x14, x14, x13       x14=1a10f008 x14:00000008 x13:1a10f000
13687269ns          222880 1c008e0a 00a7e723 p.sw             x10, x0(x15)        x10:0000002e x15:00000000  PA:1a10f008
13687587ns          222896 1c008e0e 00000513 addi             x10, x0, 0          x10=00000000
13687607ns          222897 1c008e10 00008067 jalr             x0, x1, 0            x1:1c008ee0
13687647ns          222899 1c008ee0 31f52563 p.beqimm         x10, 778            x10:00000000
13687667ns          222900 1c008ee4 001d8d93 addi             x27, x27, 1         x27=0000001d x27:0000001c
13687687ns          222901 1c008ee6 00044503 lbu              x10, 0(x8)          x10=0000002e  x8:1c00004a  PA:1c00004a
13687985ns          222916 1c008eea 00140413 addi             x8, x8, 1            x8=1c00004b  x8:1c00004a
13688005ns          222917 1c008eec fe0514e3 bne              x10, x0, -24        x10:0000002e
13688065ns          222920 1c008ed4 02500793 addi             x15, x0, 37         x15=00000025
13688084ns          222921 1c008ed8 04f50863 beq              x10, x15, 80        x10:0000002e x15:00000025
13688104ns          222922 1c008edc 01a005b3 add              x11, x0, x26        x11=00000002 x26:00000002
13688124ns          222923 1c008ede 000b00e7 jalr             x1, x22, 0           x1=1c008ee0 x22:1c008dea
13688164ns          222925 1c008dea 000026b7 lui              x13, 0x2000         x13=00002000
13688184ns          222926 1c008dec f14027f3 csrrs            x15, x0, 0xf14      x15=00000001
13688204ns          222927 1c008df0 f8068693 addi             x13, x13, -128      x13=00001f80 x13:00002000
13688224ns          222928 1c008df4 00379713 slli             x14, x15, 0x3       x14=00000008 x15:00000001
13688244ns          222929 1c008df8 00279793 slli             x15, x15, 0x2       x15=00000004 x15:00000001
13688264ns          222930 1c008dfa 00d7f7b3 and              x15, x15, x13       x15=00000000 x15:00000004 x13:00001f80
13688283ns          222931 1c008dfc ee873733 p.bclr           x14, x14, 23, 8     x14=00000008 x14:00000008
13688303ns          222932 1c008e00 1a10f6b7 lui              x13, 0x1a10f000     x13=1a10f000
13688323ns          222933 1c008e04 0ff57513 andi             x10, x10, 255       x10=0000002e x10:0000002e
13688343ns          222934 1c008e08 00d70733 add              x14, x14, x13       x14=1a10f008 x14:00000008 x13:1a10f000
13688363ns          222935 1c008e0a 00a7e723 p.sw             x10, x0(x15)        x10:0000002e x15:00000000  PA:1a10f008
13688701ns          222952 1c008e0e 00000513 addi             x10, x0, 0          x10=00000000
13688721ns          222953 1c008e10 00008067 jalr             x0, x1, 0            x1:1c008ee0
13688761ns          222955 1c008ee0 31f52563 p.beqimm         x10, 778            x10:00000000
13688781ns          222956 1c008ee4 001d8d93 addi             x27, x27, 1         x27=0000001e x27:0000001d
13688801ns          222957 1c008ee6 00044503 lbu              x10, 0(x8)          x10=0000002e  x8:1c00004b  PA:1c00004b
13689099ns          222972 1c008eea 00140413 addi             x8, x8, 1            x8=1c00004c  x8:1c00004b
13689119ns          222973 1c008eec fe0514e3 bne              x10, x0, -24        x10:0000002e
13689178ns          222976 1c008ed4 02500793 addi             x15, x0, 37         x15=00000025
13689198ns          222977 1c008ed8 04f50863 beq              x10, x15, 80        x10:0000002e x15:00000025
13689218ns          222978 1c008edc 01a005b3 add              x11, x0, x26        x11=00000002 x26:00000002
13689238ns          222979 1c008ede 000b00e7 jalr             x1, x22, 0           x1=1c008ee0 x22:1c008dea
13689278ns          222981 1c008dea 000026b7 lui              x13, 0x2000         x13=00002000
13689298ns          222982 1c008dec f14027f3 csrrs            x15, x0, 0xf14      x15=00000001
13689318ns          222983 1c008df0 f8068693 addi             x13, x13, -128      x13=00001f80 x13:00002000
13689338ns          222984 1c008df4 00379713 slli             x14, x15, 0x3       x14=00000008 x15:00000001
13689357ns          222985 1c008df8 00279793 slli             x15, x15, 0x2       x15=00000004 x15:00000001
13689377ns          222986 1c008dfa 00d7f7b3 and              x15, x15, x13       x15=00000000 x15:00000004 x13:00001f80
13689397ns          222987 1c008dfc ee873733 p.bclr           x14, x14, 23, 8     x14=00000008 x14:00000008
13689417ns          222988 1c008e00 1a10f6b7 lui              x13, 0x1a10f000     x13=1a10f000
13689437ns          222989 1c008e04 0ff57513 andi             x10, x10, 255       x10=0000002e x10:0000002e
13689457ns          222990 1c008e08 00d70733 add              x14, x14, x13       x14=1a10f008 x14:00000008 x13:1a10f000
13689477ns          222991 1c008e0a 00a7e723 p.sw             x10, x0(x15)        x10:0000002e x15:00000000  PA:1a10f008
13689795ns          223007 1c008e0e 00000513 addi             x10, x0, 0          x10=00000000
13689815ns          223008 1c008e10 00008067 jalr             x0, x1, 0            x1:1c008ee0
13689855ns          223010 1c008ee0 31f52563 p.beqimm         x10, 778            x10:00000000
13689875ns          223011 1c008ee4 001d8d93 addi             x27, x27, 1         x27=0000001f x27:0000001e
13689895ns          223012 1c008ee6 00044503 lbu              x10, 0(x8)          x10=00000020  x8:1c00004c  PA:1c00004c
13690193ns          223027 1c008eea 00140413 addi             x8, x8, 1            x8=1c00004d  x8:1c00004c
13690213ns          223028 1c008eec fe0514e3 bne              x10, x0, -24        x10:00000020
13690272ns          223031 1c008ed4 02500793 addi             x15, x0, 37         x15=00000025
13690292ns          223032 1c008ed8 04f50863 beq              x10, x15, 80        x10:00000020 x15:00000025
13690312ns          223033 1c008edc 01a005b3 add              x11, x0, x26        x11=00000002 x26:00000002
13690332ns          223034 1c008ede 000b00e7 jalr             x1, x22, 0           x1=1c008ee0 x22:1c008dea
13690372ns          223036 1c008dea 000026b7 lui              x13, 0x2000         x13=00002000
13690392ns          223037 1c008dec f14027f3 csrrs            x15, x0, 0xf14      x15=00000001
13690412ns          223038 1c008df0 f8068693 addi             x13, x13, -128      x13=00001f80 x13:00002000
13690432ns          223039 1c008df4 00379713 slli             x14, x15, 0x3       x14=00000008 x15:00000001
13690451ns          223040 1c008df8 00279793 slli             x15, x15, 0x2       x15=00000004 x15:00000001
13690471ns          223041 1c008dfa 00d7f7b3 and              x15, x15, x13       x15=00000000 x15:00000004 x13:00001f80
13690491ns          223042 1c008dfc ee873733 p.bclr           x14, x14, 23, 8     x14=00000008 x14:00000008
13690511ns          223043 1c008e00 1a10f6b7 lui              x13, 0x1a10f000     x13=1a10f000
13690531ns          223044 1c008e04 0ff57513 andi             x10, x10, 255       x10=00000020 x10:00000020
13690551ns          223045 1c008e08 00d70733 add              x14, x14, x13       x14=1a10f008 x14:00000008 x13:1a10f000
13690571ns          223046 1c008e0a 00a7e723 p.sw             x10, x0(x15)        x10:00000020 x15:00000000  PA:1a10f008
13690889ns          223062 1c008e0e 00000513 addi             x10, x0, 0          x10=00000000
13690909ns          223063 1c008e10 00008067 jalr             x0, x1, 0            x1:1c008ee0
13690949ns          223065 1c008ee0 31f52563 p.beqimm         x10, 778            x10:00000000
13690969ns          223066 1c008ee4 001d8d93 addi             x27, x27, 1         x27=00000020 x27:0000001f
13690989ns          223067 1c008ee6 00044503 lbu              x10, 0(x8)          x10=00000028  x8:1c00004d  PA:1c00004d
13691287ns          223082 1c008eea 00140413 addi             x8, x8, 1            x8=1c00004e  x8:1c00004d
13691307ns          223083 1c008eec fe0514e3 bne              x10, x0, -24        x10:00000028
13691366ns          223086 1c008ed4 02500793 addi             x15, x0, 37         x15=00000025
13691386ns          223087 1c008ed8 04f50863 beq              x10, x15, 80        x10:00000028 x15:00000025
13691406ns          223088 1c008edc 01a005b3 add              x11, x0, x26        x11=00000002 x26:00000002
13691426ns          223089 1c008ede 000b00e7 jalr             x1, x22, 0           x1=1c008ee0 x22:1c008dea
13691466ns          223091 1c008dea 000026b7 lui              x13, 0x2000         x13=00002000
13691486ns          223092 1c008dec f14027f3 csrrs            x15, x0, 0xf14      x15=00000001
13691506ns          223093 1c008df0 f8068693 addi             x13, x13, -128      x13=00001f80 x13:00002000
13691526ns          223094 1c008df4 00379713 slli             x14, x15, 0x3       x14=00000008 x15:00000001
13691545ns          223095 1c008df8 00279793 slli             x15, x15, 0x2       x15=00000004 x15:00000001
13691565ns          223096 1c008dfa 00d7f7b3 and              x15, x15, x13       x15=00000000 x15:00000004 x13:00001f80
13691585ns          223097 1c008dfc ee873733 p.bclr           x14, x14, 23, 8     x14=00000008 x14:00000008
13691605ns          223098 1c008e00 1a10f6b7 lui              x13, 0x1a10f000     x13=1a10f000
13691625ns          223099 1c008e04 0ff57513 andi             x10, x10, 255       x10=00000028 x10:00000028
13691645ns          223100 1c008e08 00d70733 add              x14, x14, x13       x14=1a10f008 x14:00000008 x13:1a10f000
13691665ns          223101 1c008e0a 00a7e723 p.sw             x10, x0(x15)        x10:00000028 x15:00000000  PA:1a10f008
13691983ns          223117 1c008e0e 00000513 addi             x10, x0, 0          x10=00000000
13692003ns          223118 1c008e10 00008067 jalr             x0, x1, 0            x1:1c008ee0
13692043ns          223120 1c008ee0 31f52563 p.beqimm         x10, 778            x10:00000000
13692063ns          223121 1c008ee4 001d8d93 addi             x27, x27, 1         x27=00000021 x27:00000020
13692083ns          223122 1c008ee6 00044503 lbu              x10, 0(x8)          x10=00000063  x8:1c00004e  PA:1c00004e
13692381ns          223137 1c008eea 00140413 addi             x8, x8, 1            x8=1c00004f  x8:1c00004e
13692401ns          223138 1c008eec fe0514e3 bne              x10, x0, -24        x10:00000063
13692460ns          223141 1c008ed4 02500793 addi             x15, x0, 37         x15=00000025
13692480ns          223142 1c008ed8 04f50863 beq              x10, x15, 80        x10:00000063 x15:00000025
13692500ns          223143 1c008edc 01a005b3 add              x11, x0, x26        x11=00000002 x26:00000002
13692520ns          223144 1c008ede 000b00e7 jalr             x1, x22, 0           x1=1c008ee0 x22:1c008dea
13692560ns          223146 1c008dea 000026b7 lui              x13, 0x2000         x13=00002000
13692580ns          223147 1c008dec f14027f3 csrrs            x15, x0, 0xf14      x15=00000001
13692600ns          223148 1c008df0 f8068693 addi             x13, x13, -128      x13=00001f80 x13:00002000
13692620ns          223149 1c008df4 00379713 slli             x14, x15, 0x3       x14=00000008 x15:00000001
13692639ns          223150 1c008df8 00279793 slli             x15, x15, 0x2       x15=00000004 x15:00000001
13692659ns          223151 1c008dfa 00d7f7b3 and              x15, x15, x13       x15=00000000 x15:00000004 x13:00001f80
13692679ns          223152 1c008dfc ee873733 p.bclr           x14, x14, 23, 8     x14=00000008 x14:00000008
13692699ns          223153 1c008e00 1a10f6b7 lui              x13, 0x1a10f000     x13=1a10f000
13692719ns          223154 1c008e04 0ff57513 andi             x10, x10, 255       x10=00000063 x10:00000063
13692739ns          223155 1c008e08 00d70733 add              x14, x14, x13       x14=1a10f008 x14:00000008 x13:1a10f000
13692759ns          223156 1c008e0a 00a7e723 p.sw             x10, x0(x15)        x10:00000063 x15:00000000  PA:1a10f008
13693077ns          223172 1c008e0e 00000513 addi             x10, x0, 0          x10=00000000
13693097ns          223173 1c008e10 00008067 jalr             x0, x1, 0            x1:1c008ee0
13693137ns          223175 1c008ee0 31f52563 p.beqimm         x10, 778            x10:00000000
13693157ns          223176 1c008ee4 001d8d93 addi             x27, x27, 1         x27=00000022 x27:00000021
13693177ns          223177 1c008ee6 00044503 lbu              x10, 0(x8)          x10=0000006f  x8:1c00004f  PA:1c00004f
13693475ns          223192 1c008eea 00140413 addi             x8, x8, 1            x8=1c000050  x8:1c00004f
13693495ns          223193 1c008eec fe0514e3 bne              x10, x0, -24        x10:0000006f
13693554ns          223196 1c008ed4 02500793 addi             x15, x0, 37         x15=00000025
13693574ns          223197 1c008ed8 04f50863 beq              x10, x15, 80        x10:0000006f x15:00000025
13693594ns          223198 1c008edc 01a005b3 add              x11, x0, x26        x11=00000002 x26:00000002
13693614ns          223199 1c008ede 000b00e7 jalr             x1, x22, 0           x1=1c008ee0 x22:1c008dea
13693654ns          223201 1c008dea 000026b7 lui              x13, 0x2000         x13=00002000
13693674ns          223202 1c008dec f14027f3 csrrs            x15, x0, 0xf14      x15=00000001
13693694ns          223203 1c008df0 f8068693 addi             x13, x13, -128      x13=00001f80 x13:00002000
13693714ns          223204 1c008df4 00379713 slli             x14, x15, 0x3       x14=00000008 x15:00000001
13693733ns          223205 1c008df8 00279793 slli             x15, x15, 0x2       x15=00000004 x15:00000001
13693753ns          223206 1c008dfa 00d7f7b3 and              x15, x15, x13       x15=00000000 x15:00000004 x13:00001f80
13693773ns          223207 1c008dfc ee873733 p.bclr           x14, x14, 23, 8     x14=00000008 x14:00000008
13693793ns          223208 1c008e00 1a10f6b7 lui              x13, 0x1a10f000     x13=1a10f000
13693813ns          223209 1c008e04 0ff57513 andi             x10, x10, 255       x10=0000006f x10:0000006f
13693833ns          223210 1c008e08 00d70733 add              x14, x14, x13       x14=1a10f008 x14:00000008 x13:1a10f000
13693853ns          223211 1c008e0a 00a7e723 p.sw             x10, x0(x15)        x10:0000006f x15:00000000  PA:1a10f008
13694191ns          223228 1c008e0e 00000513 addi             x10, x0, 0          x10=00000000
13694211ns          223229 1c008e10 00008067 jalr             x0, x1, 0            x1:1c008ee0
13694251ns          223231 1c008ee0 31f52563 p.beqimm         x10, 778            x10:00000000
13694271ns          223232 1c008ee4 001d8d93 addi             x27, x27, 1         x27=00000023 x27:00000022
13694290ns          223233 1c008ee6 00044503 lbu              x10, 0(x8)          x10=00000072  x8:1c000050  PA:1c000050
13694589ns          223248 1c008eea 00140413 addi             x8, x8, 1            x8=1c000051  x8:1c000050
13694609ns          223249 1c008eec fe0514e3 bne              x10, x0, -24        x10:00000072
13694668ns          223252 1c008ed4 02500793 addi             x15, x0, 37         x15=00000025
13694688ns          223253 1c008ed8 04f50863 beq              x10, x15, 80        x10:00000072 x15:00000025
13694708ns          223254 1c008edc 01a005b3 add              x11, x0, x26        x11=00000002 x26:00000002
13694728ns          223255 1c008ede 000b00e7 jalr             x1, x22, 0           x1=1c008ee0 x22:1c008dea
13694768ns          223257 1c008dea 000026b7 lui              x13, 0x2000         x13=00002000
13694788ns          223258 1c008dec f14027f3 csrrs            x15, x0, 0xf14      x15=00000001
13694808ns          223259 1c008df0 f8068693 addi             x13, x13, -128      x13=00001f80 x13:00002000
13694827ns          223260 1c008df4 00379713 slli             x14, x15, 0x3       x14=00000008 x15:00000001
13694847ns          223261 1c008df8 00279793 slli             x15, x15, 0x2       x15=00000004 x15:00000001
13694867ns          223262 1c008dfa 00d7f7b3 and              x15, x15, x13       x15=00000000 x15:00000004 x13:00001f80
13694887ns          223263 1c008dfc ee873733 p.bclr           x14, x14, 23, 8     x14=00000008 x14:00000008
13694907ns          223264 1c008e00 1a10f6b7 lui              x13, 0x1a10f000     x13=1a10f000
13694927ns          223265 1c008e04 0ff57513 andi             x10, x10, 255       x10=00000072 x10:00000072
13694947ns          223266 1c008e08 00d70733 add              x14, x14, x13       x14=1a10f008 x14:00000008 x13:1a10f000
13694967ns          223267 1c008e0a 00a7e723 p.sw             x10, x0(x15)        x10:00000072 x15:00000000  PA:1a10f008
13695325ns          223285 1c008e0e 00000513 addi             x10, x0, 0          x10=00000000
13695345ns          223286 1c008e10 00008067 jalr             x0, x1, 0            x1:1c008ee0
13695384ns          223288 1c008ee0 31f52563 p.beqimm         x10, 778            x10:00000000
13695404ns          223289 1c008ee4 001d8d93 addi             x27, x27, 1         x27=00000024 x27:00000023
13695424ns          223290 1c008ee6 00044503 lbu              x10, 0(x8)          x10=00000065  x8:1c000051  PA:1c000051
13695723ns          223305 1c008eea 00140413 addi             x8, x8, 1            x8=1c000052  x8:1c000051
13695742ns          223306 1c008eec fe0514e3 bne              x10, x0, -24        x10:00000065
13695802ns          223309 1c008ed4 02500793 addi             x15, x0, 37         x15=00000025
13695822ns          223310 1c008ed8 04f50863 beq              x10, x15, 80        x10:00000065 x15:00000025
13695842ns          223311 1c008edc 01a005b3 add              x11, x0, x26        x11=00000002 x26:00000002
13695862ns          223312 1c008ede 000b00e7 jalr             x1, x22, 0           x1=1c008ee0 x22:1c008dea
13695902ns          223314 1c008dea 000026b7 lui              x13, 0x2000         x13=00002000
13695921ns          223315 1c008dec f14027f3 csrrs            x15, x0, 0xf14      x15=00000001
13695941ns          223316 1c008df0 f8068693 addi             x13, x13, -128      x13=00001f80 x13:00002000
13695961ns          223317 1c008df4 00379713 slli             x14, x15, 0x3       x14=00000008 x15:00000001
13695981ns          223318 1c008df8 00279793 slli             x15, x15, 0x2       x15=00000004 x15:00000001
13696001ns          223319 1c008dfa 00d7f7b3 and              x15, x15, x13       x15=00000000 x15:00000004 x13:00001f80
13696021ns          223320 1c008dfc ee873733 p.bclr           x14, x14, 23, 8     x14=00000008 x14:00000008
13696041ns          223321 1c008e00 1a10f6b7 lui              x13, 0x1a10f000     x13=1a10f000
13696061ns          223322 1c008e04 0ff57513 andi             x10, x10, 255       x10=00000065 x10:00000065
13696081ns          223323 1c008e08 00d70733 add              x14, x14, x13       x14=1a10f008 x14:00000008 x13:1a10f000
13696100ns          223324 1c008e0a 00a7e723 p.sw             x10, x0(x15)        x10:00000065 x15:00000000  PA:1a10f008
13696419ns          223340 1c008e0e 00000513 addi             x10, x0, 0          x10=00000000
13696439ns          223341 1c008e10 00008067 jalr             x0, x1, 0            x1:1c008ee0
13696478ns          223343 1c008ee0 31f52563 p.beqimm         x10, 778            x10:00000000
13696498ns          223344 1c008ee4 001d8d93 addi             x27, x27, 1         x27=00000025 x27:00000024
13696518ns          223345 1c008ee6 00044503 lbu              x10, 0(x8)          x10=00000069  x8:1c000052  PA:1c000052
13696817ns          223360 1c008eea 00140413 addi             x8, x8, 1            x8=1c000053  x8:1c000052
13696836ns          223361 1c008eec fe0514e3 bne              x10, x0, -24        x10:00000069
13696896ns          223364 1c008ed4 02500793 addi             x15, x0, 37         x15=00000025
13696916ns          223365 1c008ed8 04f50863 beq              x10, x15, 80        x10:00000069 x15:00000025
13696936ns          223366 1c008edc 01a005b3 add              x11, x0, x26        x11=00000002 x26:00000002
13696956ns          223367 1c008ede 000b00e7 jalr             x1, x22, 0           x1=1c008ee0 x22:1c008dea
13696996ns          223369 1c008dea 000026b7 lui              x13, 0x2000         x13=00002000
13697015ns          223370 1c008dec f14027f3 csrrs            x15, x0, 0xf14      x15=00000001
13697035ns          223371 1c008df0 f8068693 addi             x13, x13, -128      x13=00001f80 x13:00002000
13697055ns          223372 1c008df4 00379713 slli             x14, x15, 0x3       x14=00000008 x15:00000001
13697075ns          223373 1c008df8 00279793 slli             x15, x15, 0x2       x15=00000004 x15:00000001
13697095ns          223374 1c008dfa 00d7f7b3 and              x15, x15, x13       x15=00000000 x15:00000004 x13:00001f80
13697115ns          223375 1c008dfc ee873733 p.bclr           x14, x14, 23, 8     x14=00000008 x14:00000008
13697135ns          223376 1c008e00 1a10f6b7 lui              x13, 0x1a10f000     x13=1a10f000
13697155ns          223377 1c008e04 0ff57513 andi             x10, x10, 255       x10=00000069 x10:00000069
13697175ns          223378 1c008e08 00d70733 add              x14, x14, x13       x14=1a10f008 x14:00000008 x13:1a10f000
13697194ns          223379 1c008e0a 00a7e723 p.sw             x10, x0(x15)        x10:00000069 x15:00000000  PA:1a10f008
13697552ns          223397 1c008e0e 00000513 addi             x10, x0, 0          x10=00000000
13697572ns          223398 1c008e10 00008067 jalr             x0, x1, 0            x1:1c008ee0
13697612ns          223400 1c008ee0 31f52563 p.beqimm         x10, 778            x10:00000000
13697632ns          223401 1c008ee4 001d8d93 addi             x27, x27, 1         x27=00000026 x27:00000025
13697652ns          223402 1c008ee6 00044503 lbu              x10, 0(x8)          x10=00000064  x8:1c000053  PA:1c000053
13697950ns          223417 1c008eea 00140413 addi             x8, x8, 1            x8=1c000054  x8:1c000053
13697970ns          223418 1c008eec fe0514e3 bne              x10, x0, -24        x10:00000064
13698030ns          223421 1c008ed4 02500793 addi             x15, x0, 37         x15=00000025
13698050ns          223422 1c008ed8 04f50863 beq              x10, x15, 80        x10:00000064 x15:00000025
13698070ns          223423 1c008edc 01a005b3 add              x11, x0, x26        x11=00000002 x26:00000002
13698090ns          223424 1c008ede 000b00e7 jalr             x1, x22, 0           x1=1c008ee0 x22:1c008dea
13698129ns          223426 1c008dea 000026b7 lui              x13, 0x2000         x13=00002000
13698149ns          223427 1c008dec f14027f3 csrrs            x15, x0, 0xf14      x15=00000001
13698169ns          223428 1c008df0 f8068693 addi             x13, x13, -128      x13=00001f80 x13:00002000
13698189ns          223429 1c008df4 00379713 slli             x14, x15, 0x3       x14=00000008 x15:00000001
13698209ns          223430 1c008df8 00279793 slli             x15, x15, 0x2       x15=00000004 x15:00000001
13698229ns          223431 1c008dfa 00d7f7b3 and              x15, x15, x13       x15=00000000 x15:00000004 x13:00001f80
13698249ns          223432 1c008dfc ee873733 p.bclr           x14, x14, 23, 8     x14=00000008 x14:00000008
13698269ns          223433 1c008e00 1a10f6b7 lui              x13, 0x1a10f000     x13=1a10f000
13698288ns          223434 1c008e04 0ff57513 andi             x10, x10, 255       x10=00000064 x10:00000064
13698308ns          223435 1c008e08 00d70733 add              x14, x14, x13       x14=1a10f008 x14:00000008 x13:1a10f000
13698328ns          223436 1c008e0a 00a7e723 p.sw             x10, x0(x15)        x10:00000064 x15:00000000  PA:1a10f008
13698646ns          223452 1c008e0e 00000513 addi             x10, x0, 0          x10=00000000
13698666ns          223453 1c008e10 00008067 jalr             x0, x1, 0            x1:1c008ee0
13698706ns          223455 1c008ee0 31f52563 p.beqimm         x10, 778            x10:00000000
13698726ns          223456 1c008ee4 001d8d93 addi             x27, x27, 1         x27=00000027 x27:00000026
13698746ns          223457 1c008ee6 00044503 lbu              x10, 0(x8)          x10=00000020  x8:1c000054  PA:1c000054
13699044ns          223472 1c008eea 00140413 addi             x8, x8, 1            x8=1c000055  x8:1c000054
13699064ns          223473 1c008eec fe0514e3 bne              x10, x0, -24        x10:00000020
13699124ns          223476 1c008ed4 02500793 addi             x15, x0, 37         x15=00000025
13699144ns          223477 1c008ed8 04f50863 beq              x10, x15, 80        x10:00000020 x15:00000025
13699164ns          223478 1c008edc 01a005b3 add              x11, x0, x26        x11=00000002 x26:00000002
13699184ns          223479 1c008ede 000b00e7 jalr             x1, x22, 0           x1=1c008ee0 x22:1c008dea
13699223ns          223481 1c008dea 000026b7 lui              x13, 0x2000         x13=00002000
13699243ns          223482 1c008dec f14027f3 csrrs            x15, x0, 0xf14      x15=00000001
13699263ns          223483 1c008df0 f8068693 addi             x13, x13, -128      x13=00001f80 x13:00002000
13699283ns          223484 1c008df4 00379713 slli             x14, x15, 0x3       x14=00000008 x15:00000001
13699303ns          223485 1c008df8 00279793 slli             x15, x15, 0x2       x15=00000004 x15:00000001
13699323ns          223486 1c008dfa 00d7f7b3 and              x15, x15, x13       x15=00000000 x15:00000004 x13:00001f80
13699343ns          223487 1c008dfc ee873733 p.bclr           x14, x14, 23, 8     x14=00000008 x14:00000008
13699363ns          223488 1c008e00 1a10f6b7 lui              x13, 0x1a10f000     x13=1a10f000
13699382ns          223489 1c008e04 0ff57513 andi             x10, x10, 255       x10=00000020 x10:00000020
13699402ns          223490 1c008e08 00d70733 add              x14, x14, x13       x14=1a10f008 x14:00000008 x13:1a10f000
13699422ns          223491 1c008e0a 00a7e723 p.sw             x10, x0(x15)        x10:00000020 x15:00000000  PA:1a10f008
13699740ns          223507 1c008e0e 00000513 addi             x10, x0, 0          x10=00000000
13699760ns          223508 1c008e10 00008067 jalr             x0, x1, 0            x1:1c008ee0
13699800ns          223510 1c008ee0 31f52563 p.beqimm         x10, 778            x10:00000000
13699820ns          223511 1c008ee4 001d8d93 addi             x27, x27, 1         x27=00000028 x27:00000027
13699840ns          223512 1c008ee6 00044503 lbu              x10, 0(x8)          x10=0000003d  x8:1c000055  PA:1c000055
13700138ns          223527 1c008eea 00140413 addi             x8, x8, 1            x8=1c000056  x8:1c000055
13700158ns          223528 1c008eec fe0514e3 bne              x10, x0, -24        x10:0000003d
13700218ns          223531 1c008ed4 02500793 addi             x15, x0, 37         x15=00000025
13700238ns          223532 1c008ed8 04f50863 beq              x10, x15, 80        x10:0000003d x15:00000025
13700258ns          223533 1c008edc 01a005b3 add              x11, x0, x26        x11=00000002 x26:00000002
13700278ns          223534 1c008ede 000b00e7 jalr             x1, x22, 0           x1=1c008ee0 x22:1c008dea
13700317ns          223536 1c008dea 000026b7 lui              x13, 0x2000         x13=00002000
13700337ns          223537 1c008dec f14027f3 csrrs            x15, x0, 0xf14      x15=00000001
13700357ns          223538 1c008df0 f8068693 addi             x13, x13, -128      x13=00001f80 x13:00002000
13700377ns          223539 1c008df4 00379713 slli             x14, x15, 0x3       x14=00000008 x15:00000001
13700397ns          223540 1c008df8 00279793 slli             x15, x15, 0x2       x15=00000004 x15:00000001
13700417ns          223541 1c008dfa 00d7f7b3 and              x15, x15, x13       x15=00000000 x15:00000004 x13:00001f80
13700437ns          223542 1c008dfc ee873733 p.bclr           x14, x14, 23, 8     x14=00000008 x14:00000008
13700457ns          223543 1c008e00 1a10f6b7 lui              x13, 0x1a10f000     x13=1a10f000
13700476ns          223544 1c008e04 0ff57513 andi             x10, x10, 255       x10=0000003d x10:0000003d
13700496ns          223545 1c008e08 00d70733 add              x14, x14, x13       x14=1a10f008 x14:00000008 x13:1a10f000
13700516ns          223546 1c008e0a 00a7e723 p.sw             x10, x0(x15)        x10:0000003d x15:00000000  PA:1a10f008
13700854ns          223563 1c008e0e 00000513 addi             x10, x0, 0          x10=00000000
13700874ns          223564 1c008e10 00008067 jalr             x0, x1, 0            x1:1c008ee0
13700914ns          223566 1c008ee0 31f52563 p.beqimm         x10, 778            x10:00000000
13700934ns          223567 1c008ee4 001d8d93 addi             x27, x27, 1         x27=00000029 x27:00000028
13700954ns          223568 1c008ee6 00044503 lbu              x10, 0(x8)          x10=00000020  x8:1c000056  PA:1c000056
13701252ns          223583 1c008eea 00140413 addi             x8, x8, 1            x8=1c000057  x8:1c000056
13701272ns          223584 1c008eec fe0514e3 bne              x10, x0, -24        x10:00000020
13701332ns          223587 1c008ed4 02500793 addi             x15, x0, 37         x15=00000025
13701352ns          223588 1c008ed8 04f50863 beq              x10, x15, 80        x10:00000020 x15:00000025
13701372ns          223589 1c008edc 01a005b3 add              x11, x0, x26        x11=00000002 x26:00000002
13701391ns          223590 1c008ede 000b00e7 jalr             x1, x22, 0           x1=1c008ee0 x22:1c008dea
13701431ns          223592 1c008dea 000026b7 lui              x13, 0x2000         x13=00002000
13701451ns          223593 1c008dec f14027f3 csrrs            x15, x0, 0xf14      x15=00000001
13701471ns          223594 1c008df0 f8068693 addi             x13, x13, -128      x13=00001f80 x13:00002000
13701491ns          223595 1c008df4 00379713 slli             x14, x15, 0x3       x14=00000008 x15:00000001
13701511ns          223596 1c008df8 00279793 slli             x15, x15, 0x2       x15=00000004 x15:00000001
13701531ns          223597 1c008dfa 00d7f7b3 and              x15, x15, x13       x15=00000000 x15:00000004 x13:00001f80
13701551ns          223598 1c008dfc ee873733 p.bclr           x14, x14, 23, 8     x14=00000008 x14:00000008
13701570ns          223599 1c008e00 1a10f6b7 lui              x13, 0x1a10f000     x13=1a10f000
13701590ns          223600 1c008e04 0ff57513 andi             x10, x10, 255       x10=00000020 x10:00000020
13701610ns          223601 1c008e08 00d70733 add              x14, x14, x13       x14=1a10f008 x14:00000008 x13:1a10f000
13701630ns          223602 1c008e0a 00a7e723 p.sw             x10, x0(x15)        x10:00000020 x15:00000000  PA:1a10f008
13701948ns          223618 1c008e0e 00000513 addi             x10, x0, 0          x10=00000000
13701968ns          223619 1c008e10 00008067 jalr             x0, x1, 0            x1:1c008ee0
13702008ns          223621 1c008ee0 31f52563 p.beqimm         x10, 778            x10:00000000
13702028ns          223622 1c008ee4 001d8d93 addi             x27, x27, 1         x27=0000002a x27:00000029
13702048ns          223623 1c008ee6 00044503 lbu              x10, 0(x8)          x10=00000025  x8:1c000057  PA:1c000057
13702346ns          223638 1c008eea 00140413 addi             x8, x8, 1            x8=1c000058  x8:1c000057
13702366ns          223639 1c008eec fe0514e3 bne              x10, x0, -24        x10:00000025
13702426ns          223642 1c008ed4 02500793 addi             x15, x0, 37         x15=00000025
13702446ns          223643 1c008ed8 04f50863 beq              x10, x15, 80        x10:00000025 x15:00000025
13702545ns          223648 1c008f28 00044483 lbu              x9, 0(x8)            x9=00000064  x8:1c000058  PA:1c000058
13702863ns          223664 1c008f2c 02000693 addi             x13, x0, 32         x13=00000020
13702883ns          223665 1c008f30 00140a93 addi             x21, x8, 1          x21=1c000059  x8:1c000058
13702903ns          223666 1c008f34 009005b3 add              x11, x0, x9         x11=00000064  x9:00000064
13702923ns          223667 1c008f36 198b8513 addi             x10, x23, 408       x10=1c000198 x23:1c000000
13702943ns          223668 1c008f3a 00d12823 sw               x13, 16(x2)         x13:00000020  x2:10000b38  PA:10000b48
13702963ns          223669 1c008f3c 00012c23 sw               x0, 24(x2)           x2:10000b38  PA:10000b50
13702983ns          223670 1c008f3e 00012a23 sw               x0, 20(x2)           x2:10000b38  PA:10000b4c
13703003ns          223671 1c008f40 00012e23 sw               x0, 28(x2)           x2:10000b38  PA:10000b54
13703022ns          223672 1c008f42 00012623 sw               x0, 12(x2)           x2:10000b38  PA:10000b44
13703042ns          223673 1c008f44 02300913 addi             x18, x0, 35         x18=00000023
13703062ns          223674 1c008f48 02d00a13 addi             x20, x0, 45         x20=0000002d
13703082ns          223675 1c008f4c 015009b3 add              x19, x0, x21        x19=1c000059 x21:1c000059
13703102ns          223676 1c008f4e e1dff0ef jal              x1, -484             x1=1c008f50
13703241ns          223683 1c008d6a 00054783 lbu              x15, 0(x10)         x15=0000002d x10:1c000198  PA:1c000198
13703559ns          223699 1c008d6e 0ff5f593 andi             x11, x11, 255       x11=00000064 x11:00000064
13703579ns          223700 1c008d72 00b78c63 beq              x15, x11, 24        x15:0000002d x11:00000064
13703599ns          223701 1c008d76 00078b63 beq              x15, x0, 22         x15:0000002d
13703619ns          223702 1c008d78 00150793 addi             x15, x10, 1         x15=1c000199 x10:1c000198
13703639ns          223703 1c008d7c 0040006f jal              x0, 4              
13703679ns          223705 1c008d80 00f00533 add              x10, x0, x15        x10=1c000199 x15:1c000199
13703699ns          223706 1c008d82 0017c70b p.lbu            x14, 1(x15!)        x14=0000002b x15=1c00019a x15:1c000199  PA:1c000199
13704017ns          223722 1c008d86 feb71ce3 bne              x14, x11, -8        x14:0000002b x11:00000064
13704077ns          223725 1c008d7e 00070763 beq              x14, x0, 14         x14:0000002b
13704097ns          223726 1c008d80 00f00533 add              x10, x0, x15        x10=1c00019a x15:1c00019a
13704116ns          223727 1c008d82 0017c70b p.lbu            x14, 1(x15!)        x14=00000020 x15=1c00019b x15:1c00019a  PA:1c00019a
13704435ns          223743 1c008d86 feb71ce3 bne              x14, x11, -8        x14:00000020 x11:00000064
13704494ns          223746 1c008d7e 00070763 beq              x14, x0, 14         x14:00000020
13704514ns          223747 1c008d80 00f00533 add              x10, x0, x15        x10=1c00019b x15:1c00019b
13704534ns          223748 1c008d82 0017c70b p.lbu            x14, 1(x15!)        x14=00000023 x15=1c00019c x15:1c00019b  PA:1c00019b
13704852ns          223764 1c008d86 feb71ce3 bne              x14, x11, -8        x14:00000023 x11:00000064
13704912ns          223767 1c008d7e 00070763 beq              x14, x0, 14         x14:00000023
13704932ns          223768 1c008d80 00f00533 add              x10, x0, x15        x10=1c00019c x15:1c00019c
13704952ns          223769 1c008d82 0017c70b p.lbu            x14, 1(x15!)        x14=00000030 x15=1c00019d x15:1c00019c  PA:1c00019c
13705270ns          223785 1c008d86 feb71ce3 bne              x14, x11, -8        x14:00000030 x11:00000064
13705330ns          223788 1c008d7e 00070763 beq              x14, x0, 14         x14:00000030
13705350ns          223789 1c008d80 00f00533 add              x10, x0, x15        x10=1c00019d x15:1c00019d
13705370ns          223790 1c008d82 0017c70b p.lbu            x14, 1(x15!)        x14=00000000 x15=1c00019e x15:1c00019d  PA:1c00019d
13705688ns          223806 1c008d86 feb71ce3 bne              x14, x11, -8        x14:00000000 x11:00000064
13705747ns          223809 1c008d7e 00070763 beq              x14, x0, 14         x14:00000000
13705807ns          223812 1c008d8c 0015b593 sltiu            x11, x11, 1         x11=00000000 x11:00000064
13705827ns          223813 1c008d90 40b005b3 sub              x11, x0, x11        x11=00000000 x11:00000000
13705847ns          223814 1c008d94 00b57533 and              x10, x10, x11       x10=00000000 x10:1c00019d x11:00000000
13705867ns          223815 1c008d96 00008067 jalr             x0, x1, 0            x1:1c008f50
13705907ns          223817 1c008f50 02050a63 beq              x10, x0, 52         x10:00000000
13706006ns          223822 1c008f84 02a00613 addi             x12, x0, 42         x12=0000002a
13706046ns          223824 1c008f88 2ac48663 beq              x9, x12, 684         x9:00000064 x12:0000002a
13706066ns          223825 1c008f8c fd048613 addi             x12, x9, -48        x12=00000034  x9:00000064
13706125ns          223828 1c008f90 00900593 addi             x11, x0, 9          x11=00000009
13706145ns          223829 1c008f92 00000913 addi             x18, x0, 0          x18=00000000
13706165ns          223830 1c008f94 28c5f063 bgeu             x11, x12, 640       x11:00000009 x12:00000034
13706185ns          223831 1c008f98 02e00693 addi             x13, x0, 46         x13=0000002e
13706205ns          223832 1c008f9c fff00a13 addi             x20, x0, -1         x20=ffffffff
13706225ns          223833 1c008f9e 2ed48363 beq              x9, x13, 742         x9:00000064 x13:0000002e
13706245ns          223834 1c008fa2 1c0007b7 lui              x15, 0x1c000000     x15=1c000000
13706265ns          223835 1c008fa6 009005b3 add              x11, x0, x9         x11=00000064  x9:00000064
13706285ns          223836 1c008fa8 1a078513 addi             x10, x15, 416       x10=1c0001a0 x15:1c000000
13706304ns          223837 1c008fac dbfff0ef jal              x1, -578             x1=1c008fae
13706404ns          223842 1c008d6a 00054783 lbu              x15, 0(x10)         x15=00000068 x10:1c0001a0  PA:1c0001a0
13706702ns          223857 1c008d6e 0ff5f593 andi             x11, x11, 255       x11=00000064 x11:00000064
13706722ns          223858 1c008d72 00b78c63 beq              x15, x11, 24        x15:00000068 x11:00000064
13706742ns          223859 1c008d76 00078b63 beq              x15, x0, 22         x15:00000068
13706762ns          223860 1c008d78 00150793 addi             x15, x10, 1         x15=1c0001a1 x10:1c0001a0
13706782ns          223861 1c008d7c 0040006f jal              x0, 4              
13706861ns          223865 1c008d80 00f00533 add              x10, x0, x15        x10=1c0001a1 x15:1c0001a1
13706881ns          223866 1c008d82 0017c70b p.lbu            x14, 1(x15!)        x14=0000006c x15=1c0001a2 x15:1c0001a1  PA:1c0001a1
13707200ns          223882 1c008d86 feb71ce3 bne              x14, x11, -8        x14:0000006c x11:00000064
13707259ns          223885 1c008d7e 00070763 beq              x14, x0, 14         x14:0000006c
13707279ns          223886 1c008d80 00f00533 add              x10, x0, x15        x10=1c0001a2 x15:1c0001a2
13707299ns          223887 1c008d82 0017c70b p.lbu            x14, 1(x15!)        x14=0000004c x15=1c0001a3 x15:1c0001a2  PA:1c0001a2
13707617ns          223903 1c008d86 feb71ce3 bne              x14, x11, -8        x14:0000004c x11:00000064
13707677ns          223906 1c008d7e 00070763 beq              x14, x0, 14         x14:0000004c
13707697ns          223907 1c008d80 00f00533 add              x10, x0, x15        x10=1c0001a3 x15:1c0001a3
13707717ns          223908 1c008d82 0017c70b p.lbu            x14, 1(x15!)        x14=0000007a x15=1c0001a4 x15:1c0001a3  PA:1c0001a3
13708035ns          223924 1c008d86 feb71ce3 bne              x14, x11, -8        x14:0000007a x11:00000064
13708095ns          223927 1c008d7e 00070763 beq              x14, x0, 14         x14:0000007a
13708114ns          223928 1c008d80 00f00533 add              x10, x0, x15        x10=1c0001a4 x15:1c0001a4
13708134ns          223929 1c008d82 0017c70b p.lbu            x14, 1(x15!)        x14=00000000 x15=1c0001a5 x15:1c0001a4  PA:1c0001a4
13708453ns          223945 1c008d86 feb71ce3 bne              x14, x11, -8        x14:00000000 x11:00000064
13708512ns          223948 1c008d7e 00070763 beq              x14, x0, 14         x14:00000000
13708572ns          223951 1c008d8c 0015b593 sltiu            x11, x11, 1         x11=00000000 x11:00000064
13708592ns          223952 1c008d90 40b005b3 sub              x11, x0, x11        x11=00000000 x11:00000000
13708612ns          223953 1c008d94 00b57533 and              x10, x10, x11       x10=00000000 x10:1c0001a4 x11:00000000
13708632ns          223954 1c008d96 00008067 jalr             x0, x1, 0            x1:1c008fae
13708671ns          223956 1c008fae 01300433 add              x8, x0, x19          x8=1c000059 x19:1c000059
13708691ns          223957 1c008fb0 00050563 beq              x10, x0, 10         x10:00000000
13708771ns          223961 1c008fba 06700693 addi             x13, x0, 103        x13=00000067
13708831ns          223964 1c008fbe 2896d963 bge              x13, x9, 658        x13:00000067  x9:00000064
13708890ns          223967 1c009250 06500693 addi             x13, x0, 101        x13=00000065
13708910ns          223968 1c009254 12d4d563 bge              x9, x13, 298         x9:00000064 x13:00000065
13708930ns          223969 1c009258 04700693 addi             x13, x0, 71         x13=00000047
13708950ns          223970 1c00925c dc96cbe3 blt              x13, x9, -554       x13:00000047  x9:00000064
13709029ns          223974 1c009032 06300693 addi             x13, x0, 99         x13=00000063
13709049ns          223975 1c009036 0ad488e3 beq              x9, x13, 2224        x9:00000064 x13:00000063
13709069ns          223976 1c00903a 0096c9e3 blt              x13, x9, 2066       x13:00000063  x9:00000064
13709208ns          223983 1c00984c 000c2583 lw               x11, 0(x24)         x11=00000001 x24:10000c90  PA:10000c90
13709248ns          223985 1c009850 004c0c13 addi             x24, x24, 4         x24=10000c94 x24:10000c90
13709268ns          223986 1c009852 3405cc63 blt              x11, x0, 856        x11:00000001
13709288ns          223987 1c009856 01412603 lw               x12, 20(x2)         x12=00000000  x2:10000b38  PA:10000b4c
13709308ns          223988 1c009858 00b006b3 add              x13, x0, x11        x13=00000001 x11:00000001
13709328ns          223989 1c00985a 2e061863 bne              x12, x0, 752        x12:00000000
13709348ns          223990 1c00985e 01812703 lw               x14, 24(x2)         x14=00000000  x2:10000b38  PA:10000b50
13709368ns          223991 1c009860 019007b3 add              x15, x0, x25        x15=10000b5c x25:10000b5c
13709387ns          223992 1c009862 00070763 beq              x14, x0, 14         x14:00000000
13709487ns          223997 1c009870 00f00733 add              x14, x0, x15        x14=10000b5c x15:10000b5c
13709507ns          223998 1c009872 00a00513 addi             x10, x0, 10         x10=0000000a
13709527ns          223999 1c009874 02a6f633 remu             x12, x13, x10       x12=00000001 x13:00000001 x10:0000000a
13710143ns          224030 1c009878 02a6d6b3 divu             x13, x13, x10       x13=00000000 x13:00000001 x10:0000000a
13710760ns          224061 1c00987c 03060613 addi             x12, x12, 48        x12=00000031 x12:00000001
13710780ns          224062 1c009880 00c700ab p.sb             x12, 1(x14!)        x14=10000b5d x12:00000031 x14:10000b5c  PA:10000b5c
13710800ns          224063 1c009884 fe0698e3 bne              x13, x0, -16        x13:00000000
13710820ns          224064 1c009886 40f706b3 sub              x13, x14, x15       x13=00000001 x14:10000b5d x15:10000b5c
13710840ns          224065 1c00988a 0146dc63 bge              x13, x20, 24        x13:00000001 x20:ffffffff
13710919ns          224069 1c0098a2 00e006b3 add              x13, x0, x14        x13=10000b5d x14:10000b5d
13710939ns          224070 1c0098a4 fe068fab p.sb             x0, -1(x13!)        x13=10000b5c x13:10000b5d  PA:10000b5d
13710959ns          224071 1c0098a8 00d7fc63 bgeu             x15, x13, 24        x15:10000b5c x13:10000b5c
13711118ns          224079 1c0098c0 01412783 lw               x15, 20(x2)         x15=00000000  x2:10000b38  PA:10000b4c
13711138ns          224080 1c0098c2 01812603 lw               x12, 24(x2)         x12=00000000  x2:10000b38  PA:10000b50
13711158ns          224081 1c0098c4 419704b3 sub              x9, x14, x25         x9=00000001 x14:10000b5d x25:10000b5c
13711178ns          224082 1c0098c8 00c7e7b3 or               x15, x15, x12       x15=00000000 x15:00000000 x12:00000000
13711198ns          224083 1c0098ca 00f12623 sw               x15, 12(x2)         x15:00000000  x2:10000b38  PA:10000b44
13711217ns          224084 1c0098cc 00079363 bne              x15, x0, 6          x15:00000000
13711237ns          224085 1c0098ce 01f5d593 srli             x11, x11, 0x1f      x11=00000000 x11:00000001
13711257ns          224086 1c0098d0 00b12623 sw               x11, 12(x2)         x11:00000000  x2:10000b38  PA:10000b44
13711297ns          224088 1c0098d2 e3fa28e3 p.beqimm         x20, -464           x20:ffffffff
13711436ns          224095 1c009702 0c800793 addi             x15, x0, 200        x15=000000c8
13711456ns          224096 1c009706 9e97d0e3 bge              x15, x9, -1568      x15:000000c8  x9:00000001
13711595ns          224103 1c0090e6 0f24d163 bge              x9, x18, 226         x9:00000001 x18:00000000
13711695ns          224108 1c0091c8 d00482e3 beq              x9, x0, -764         x9:00000001
13711735ns          224110 1c0091cc 01900933 add              x18, x0, x25        x18=10000b5c x25:10000b5c
13711794ns          224113 1c0091ce 419d8db3 sub              x27, x27, x25       x27=effff4ce x27:0000002a x25:10000b5c
13711814ns          224114 1c0091d2 00a0006f jal              x0, 10             
13711854ns          224116 1c0091dc 0019450b p.lbu            x10, 1(x18!)        x10=00000031 x18=10000b5d x18:10000b5c  PA:10000b5c
13711914ns          224119 1c0091e0 01a005b3 add              x11, x0, x26        x11=00000002 x26:00000002
13711934ns          224120 1c0091e2 000b00e7 jalr             x1, x22, 0           x1=1c0091e4 x22:1c008dea
13711973ns          224122 1c008dea 000026b7 lui              x13, 0x2000         x13=00002000
13711993ns          224123 1c008dec f14027f3 csrrs            x15, x0, 0xf14      x15=00000001
13712053ns          224126 1c008df0 f8068693 addi             x13, x13, -128      x13=00001f80 x13:00002000
13712093ns          224128 1c008df4 00379713 slli             x14, x15, 0x3       x14=00000008 x15:00000001
13712113ns          224129 1c008df8 00279793 slli             x15, x15, 0x2       x15=00000004 x15:00000001
13712132ns          224130 1c008dfa 00d7f7b3 and              x15, x15, x13       x15=00000000 x15:00000004 x13:00001f80
13712152ns          224131 1c008dfc ee873733 p.bclr           x14, x14, 23, 8     x14=00000008 x14:00000008
13712192ns          224133 1c008e00 1a10f6b7 lui              x13, 0x1a10f000     x13=1a10f000
13712232ns          224135 1c008e04 0ff57513 andi             x10, x10, 255       x10=00000031 x10:00000031
13712252ns          224136 1c008e08 00d70733 add              x14, x14, x13       x14=1a10f008 x14:00000008 x13:1a10f000
13712272ns          224137 1c008e0a 00a7e723 p.sw             x10, x0(x15)        x10:00000031 x15:00000000  PA:1a10f008
13712650ns          224156 1c008e0e 00000513 addi             x10, x0, 0          x10=00000000
13712669ns          224157 1c008e10 00008067 jalr             x0, x1, 0            x1:1c0091e4
13712709ns          224159 1c0091e4 fff48493 addi             x9, x9, -1           x9=00000000  x9:00000001
13712729ns          224160 1c0091e6 fff537e3 p.bneimm         x10, -18            x10:00000000
13712848ns          224166 1c0091d4 012d8733 add              x14, x27, x18       x14=0000002b x27:effff4ce x18:10000b5d
13712868ns          224167 1c0091d8 5a048b63 beq              x9, x0, 1462         x9:00000000
13712928ns          224170 1c00978e 00e00db3 add              x27, x0, x14        x27=0000002b x14:0000002b
13712988ns          224173 1c009790 f3cff06f jal              x0, -2244          
13713067ns          224177 1c008ecc 00044503 lbu              x10, 0(x8)          x10=00000029  x8:1c000059  PA:1c000059
13713386ns          224193 1c008ed0 00140413 addi             x8, x8, 1            x8=1c00005a  x8:1c000059
13713405ns          224194 1c008ed2 00050e63 beq              x10, x0, 28         x10:00000029
13713425ns          224195 1c008ed4 02500793 addi             x15, x0, 37         x15=00000025
13713445ns          224196 1c008ed8 04f50863 beq              x10, x15, 80        x10:00000029 x15:00000025
13713465ns          224197 1c008edc 01a005b3 add              x11, x0, x26        x11=00000002 x26:00000002
13713485ns          224198 1c008ede 000b00e7 jalr             x1, x22, 0           x1=1c008ee0 x22:1c008dea
13713545ns          224201 1c008dea 000026b7 lui              x13, 0x2000         x13=00002000
13713565ns          224202 1c008dec f14027f3 csrrs            x15, x0, 0xf14      x15=00000001
13713584ns          224203 1c008df0 f8068693 addi             x13, x13, -128      x13=00001f80 x13:00002000
13713604ns          224204 1c008df4 00379713 slli             x14, x15, 0x3       x14=00000008 x15:00000001
13713624ns          224205 1c008df8 00279793 slli             x15, x15, 0x2       x15=00000004 x15:00000001
13713644ns          224206 1c008dfa 00d7f7b3 and              x15, x15, x13       x15=00000000 x15:00000004 x13:00001f80
13713664ns          224207 1c008dfc ee873733 p.bclr           x14, x14, 23, 8     x14=00000008 x14:00000008
13713684ns          224208 1c008e00 1a10f6b7 lui              x13, 0x1a10f000     x13=1a10f000
13713704ns          224209 1c008e04 0ff57513 andi             x10, x10, 255       x10=00000029 x10:00000029
13713724ns          224210 1c008e08 00d70733 add              x14, x14, x13       x14=1a10f008 x14:00000008 x13:1a10f000
13713744ns          224211 1c008e0a 00a7e723 p.sw             x10, x0(x15)        x10:00000029 x15:00000000  PA:1a10f008
13714082ns          224228 1c008e0e 00000513 addi             x10, x0, 0          x10=00000000
13714102ns          224229 1c008e10 00008067 jalr             x0, x1, 0            x1:1c008ee0
13714141ns          224231 1c008ee0 31f52563 p.beqimm         x10, 778            x10:00000000
13714161ns          224232 1c008ee4 001d8d93 addi             x27, x27, 1         x27=0000002c x27:0000002b
13714181ns          224233 1c008ee6 00044503 lbu              x10, 0(x8)          x10=0000000a  x8:1c00005a  PA:1c00005a
13714480ns          224248 1c008eea 00140413 addi             x8, x8, 1            x8=1c00005b  x8:1c00005a
13714499ns          224249 1c008eec fe0514e3 bne              x10, x0, -24        x10:0000000a
13714559ns          224252 1c008ed4 02500793 addi             x15, x0, 37         x15=00000025
13714579ns          224253 1c008ed8 04f50863 beq              x10, x15, 80        x10:0000000a x15:00000025
13714599ns          224254 1c008edc 01a005b3 add              x11, x0, x26        x11=00000002 x26:00000002
13714619ns          224255 1c008ede 000b00e7 jalr             x1, x22, 0           x1=1c008ee0 x22:1c008dea
13714659ns          224257 1c008dea 000026b7 lui              x13, 0x2000         x13=00002000
13714678ns          224258 1c008dec f14027f3 csrrs            x15, x0, 0xf14      x15=00000001
13714698ns          224259 1c008df0 f8068693 addi             x13, x13, -128      x13=00001f80 x13:00002000
13714718ns          224260 1c008df4 00379713 slli             x14, x15, 0x3       x14=00000008 x15:00000001
13714738ns          224261 1c008df8 00279793 slli             x15, x15, 0x2       x15=00000004 x15:00000001
13714758ns          224262 1c008dfa 00d7f7b3 and              x15, x15, x13       x15=00000000 x15:00000004 x13:00001f80
13714778ns          224263 1c008dfc ee873733 p.bclr           x14, x14, 23, 8     x14=00000008 x14:00000008
13714798ns          224264 1c008e00 1a10f6b7 lui              x13, 0x1a10f000     x13=1a10f000
13714818ns          224265 1c008e04 0ff57513 andi             x10, x10, 255       x10=0000000a x10:0000000a
13714838ns          224266 1c008e08 00d70733 add              x14, x14, x13       x14=1a10f008 x14:00000008 x13:1a10f000
13714857ns          224267 1c008e0a 00a7e723 p.sw             x10, x0(x15)        x10:0000000a x15:00000000  PA:1a10f008
13715176ns          224283 1c008e0e 00000513 addi             x10, x0, 0          x10=00000000
13715196ns          224284 1c008e10 00008067 jalr             x0, x1, 0            x1:1c008ee0
13715235ns          224286 1c008ee0 31f52563 p.beqimm         x10, 778            x10:00000000
13715255ns          224287 1c008ee4 001d8d93 addi             x27, x27, 1         x27=0000002d x27:0000002c
13715275ns          224288 1c008ee6 00044503 lbu              x10, 0(x8)          x10=00000000  x8:1c00005b  PA:1c00005b
13715574ns          224303 1c008eea 00140413 addi             x8, x8, 1            x8=1c00005c  x8:1c00005b
13715593ns          224304 1c008eec fe0514e3 bne              x10, x0, -24        x10:00000000
13715613ns          224305 1c008eee 01b00433 add              x8, x0, x27          x8=0000002d x27:0000002d
13715633ns          224306 1c008ef0 00800533 add              x10, x0, x8         x10=0000002d  x8:0000002d
13715653ns          224307 1c008ef2 12c12083 lw               x1, 300(x2)          x1=1c008e7e  x2:10000b38  PA:10000c64
13715673ns          224308 1c008ef6 12812403 lw               x8, 296(x2)          x8=xxxxxxxx  x2:10000b38  PA:10000c60
13715693ns          224309 1c008efa 12412483 lw               x9, 292(x2)          x9=00000001  x2:10000b38  PA:10000c5c
13716071ns          224328 1c008efe 12012903 lw               x18, 288(x2)        x18=xxxxxxxx  x2:10000b38  PA:10000c58
13716111ns          224330 1c008f02 11c12983 lw               x19, 284(x2)        x19=xxxxxxxx  x2:10000b38  PA:10000c54
13716130ns          224331 1c008f06 11812a03 lw               x20, 280(x2)        x20=xxxxxxxx  x2:10000b38  PA:10000c50
13716150ns          224332 1c008f0a 11412a83 lw               x21, 276(x2)        x21=xxxxxxxx  x2:10000b38  PA:10000c4c
13716588ns          224354 1c008f0e 11012b03 lw               x22, 272(x2)        x22=xxxxxxxx  x2:10000b38  PA:10000c48
13716628ns          224356 1c008f12 10c12b83 lw               x23, 268(x2)        x23=xxxxxxxx  x2:10000b38  PA:10000c44
13716648ns          224357 1c008f16 10812c03 lw               x24, 264(x2)        x24=xxxxxxxx  x2:10000b38  PA:10000c40
13716668ns          224358 1c008f1a 10412c83 lw               x25, 260(x2)        x25=xxxxxxxx  x2:10000b38  PA:10000c3c
13716687ns          224359 1c008f1e 10012d03 lw               x26, 256(x2)        x26=xxxxxxxx  x2:10000b38  PA:10000c38
13716707ns          224360 1c008f22 0fc12d83 lw               x27, 252(x2)        x27=xxxxxxxx  x2:10000b38  PA:10000c34
13716727ns          224361 1c008f24 13010113 addi             x2, x2, 304          x2=10000c68  x2:10000b38
13716747ns          224362 1c008f26 00008067 jalr             x0, x1, 0            x1:1c008e7e
13716827ns          224366 1c008e7e 01c12083 lw               x1, 28(x2)           x1=1c00818e  x2:10000c68  PA:10000c84
13716906ns          224370 1c008e80 04010113 addi             x2, x2, 64           x2=10000ca8  x2:10000c68
13716926ns          224371 1c008e82 00008067 jalr             x0, x1, 0            x1:1c00818e
13717403ns          224395 1c00818e 00300793 addi             x15, x0, 3          x15=00000003
13717483ns          224399 1c008190 0097f463 bgeu             x15, x9, 8          x15:00000003  x9:00000001
13717543ns          224402 1c008198 074020ef jal              x1, 8308             x1=1c00819c
13718000ns          224425 1c00a20c f14027f3 csrrs            x15, x0, 0xf14      x15=00000001
13718458ns          224448 1c00a210 01f00713 addi             x14, x0, 31         x14=0000001f
13718497ns          224450 1c00a212 ca5797b3 p.extractu       x15, x15, 5, 5      x15=00000000 x15:00000001
13718517ns          224451 1c00a216 00e78863 beq              x15, x14, 16        x15:00000000 x14:0000001f
13718537ns          224452 1c00a21a 002047b7 lui              x15, 0x204000       x15=00204000
13718975ns          224474 1c00a21e 20078793 addi             x15, x15, 512       x15=00204200 x15:00204000
13719015ns          224476 1c00a222 01c7e703 p.elw            x14, 28(x15)        x14=00010000 x15:00204200  PA:0020421c
13719194ns          224485 1c00a226 00008067 jalr             x0, x1, 0            x1:1c00819c
13719552ns          224503 1c00819c f14027f3 csrrs            x15, x0, 0xf14      x15=00000001
13719989ns          224525 1c0081a0 f457b7b3 p.bclr           x15, x15, 26, 5     x15=00000001 x15:00000001
13720029ns          224527 1c0081a4 2a078563 beq              x15, x0, 682        x15:00000001
13720049ns          224528 1c0081a8 1c010937 lui              x18, 0x1c010000     x18=1c010000
13720069ns          224529 1c0081ac 00090913 addi             x18, x18, 0         x18=1c010000 x18:1c010000
13720586ns          224555 1c0081b0 00249993 slli             x19, x9, 0x2        x19=00000004  x9:00000001
13720626ns          224557 1c0081b4 013907b3 add              x15, x18, x19       x15=1c010004 x18:1c010000 x19:00000004
13720646ns          224558 1c0081b8 0007ab03 lw               x22, 0(x15)         x22=3e533fc3 x15:1c010004  PA:1c010004
13720944ns          224573 1c0081bc 0107ac83 lw               x25, 16(x15)        x25=3f800000 x15:1c010004  PA:1c010014
13721262ns          224589 1c0081c0 1c0007b7 lui              x15, 0x1c000000     x15=1c000000
13721282ns          224590 1c0081c4 01c7ac03 lw               x24, 28(x15)        x24=3fc90fdb x15:1c000000  PA:1c00001c
13721600ns          224606 1c0081c8 1c0007b7 lui              x15, 0x1c000000     x15=1c000000
13721620ns          224607 1c0081cc 0207aa83 lw               x21, 32(x15)        x21=40c90fdb x15:1c000000  PA:1c000020
13722018ns          224627 1c0081d0 00200433 add              x8, x0, x2           x8=10000ca8  x2:10000ca8
13722038ns          224628 1c0081d2 32010b93 addi             x23, x2, 800        x23=10000fc8  x2:10000ca8
13722058ns          224629 1c0081d6 01600a33 add              x20, x0, x22        x20=3e533fc3 x22:3e533fc3
13722078ns          224630 1c0081d8 094c7553 fsub.s           f10, f24, f20       f10=xxxxxxxx f24:3fc90fdb f20:3e533fc3
13722098ns          224631 1c0081dc 57c000ef jal              x1, 1404             x1=1c0081de
13722973ns          224675 1c008758 a0a527d3 feq.s            x15, f10, f10       x15=00000001 f10:3faea7e3 f10:3faea7e3
13723013ns          224677 1c00875c 0a078b63 beq              x15, x0, 182        x15:00000001
13723470ns          224700 1c00875e e00517d3 fclass.s         x15, f10            x15=00000040 f10:3faea7e3
13723510ns          224702 1c008762 0817f793 andi             x15, x15, 129       x15=00000000 x15:00000040
13723530ns          224703 1c008766 0a079663 bne              x15, x0, 172        x15:00000000
13723550ns          224704 1c008768 00000793 addi             x15, x0, 0          x15=00000000
13723570ns          224705 1c00876c a0f517d3 flt.s            x15, f10, f15       x15=00000000 f10:3faea7e3 f15:00000000
13723987ns          224726 1c008770 0a079663 bne              x15, x0, 172        x15:00000000
13724027ns          224728 1c008772 1c000737 lui              x14, 0x1c000000     x14=1c000000
13724047ns          224729 1c008776 02072783 lw               x15, 32(x14)        x15=40c90fdb x14:1c000000  PA:1c000020
13724365ns          224745 1c00877a a0a797d3 flt.s            x15, f15, f10       x15=00000000 f15:40c90fdb f10:3faea7e3
13724385ns          224746 1c00877e 00078b63 beq              x15, x0, 22         x15:00000000
13724962ns          224775 1c008794 00000793 addi             x15, x0, 0          x15=00000000
13725002ns          224777 1c008798 a0f517d3 flt.s            x15, f10, f15       x15=00000000 f10:3faea7e3 f15:00000000
13725022ns          224778 1c00879c 08079a63 bne              x15, x0, 148        x15:00000000
13725459ns          224800 1c00879e 1c0007b7 lui              x15, 0x1c000000     x15=1c000000
13725499ns          224802 1c0087a2 01c7a783 lw               x15, 28(x15)        x15=3fc90fdb x15:1c000000  PA:1c00001c
13725817ns          224818 1c0087a6 a0f517d3 flt.s            x15, f10, f15       x15=00000001 f10:3faea7e3 f15:3fc90fdb
13725837ns          224819 1c0087aa 02079563 bne              x15, x0, 42         x15:00000001
13726474ns          224851 1c0087d4 10a57553 fmul.s           f10, f10, f10       f10=xxxxxxxx f10:3faea7e3 f10:3faea7e3
13726513ns          224853 1c0087d8 1c0007b7 lui              x15, 0x1c000000     x15=1c000000
13726533ns          224854 1c0087dc 1c000737 lui              x14, 0x1c000000     x14=1c000000
13726971ns          224876 1c0087e0 13472703 lw               x14, 308(x14)       x14=bab59551 x14:1c000000  PA:1c000134
13727329ns          224894 1c0087e4 1307a783 lw               x15, 304(x15)       x15=37c23ab1 x15:1c000000  PA:1c000130
13727647ns          224910 1c0087e8 70f577c3 fmadd.s          f15, f10, f15, f14  f15=xxxxxxxx f10:3fee514d f15:37c23ab1 f14:bab59551
13727667ns          224911 1c0087ec 1c000737 lui              x14, 0x1c000000     x14=1c000000
13727687ns          224912 1c0087f0 13872703 lw               x14, 312(x14)       x14=3d2aa76f x14:1c000000  PA:1c000138
13728025ns          224929 1c0087f4 70f577c3 fmadd.s          f15, f10, f15, f14  f15=xxxxxxxx f10:3fee514d f15:baafeecf f14:3d2aa76f
13728045ns          224930 1c0087f8 1c000737 lui              x14, 0x1c000000     x14=1c000000
13728065ns          224931 1c0087fc 13c72703 lw               x14, 316(x14)       x14=beffffe0 x14:1c000000  PA:1c00013c
13728403ns          224948 1c008800 70f577c3 fmadd.s          f15, f10, f15, f14  f15=xxxxxxxx f10:3fee514d f15:3d206af1 f14:beffffe0
13728423ns          224949 1c008804 1c000737 lui              x14, 0x1c000000     x14=1c000000
13728443ns          224950 1c008808 16872703 lw               x14, 360(x14)       x14=3f7fffff x14:1c000000  PA:1c000168
13728841ns          224970 1c00880c 70f57543 fmadd.s          f10, f10, f15, f14  f10=xxxxxxxx f10:3fee514d f15:bedaaa48 f14:3f7fffff
13728920ns          224974 1c008810 00008067 jalr             x0, x1, 0            x1:1c0081de
13728980ns          224977 1c0081de 016a7a53 fadd.s           f20, f20, f22       f20=xxxxxxxx f20:3e533fc3 f22:3e533fc3
13729000ns          224978 1c0081e2 10acf553 fmul.s           f10, f25, f10       f10=xxxxxxxx f25:3f800000 f10:3e51c0fa
13729020ns          224979 1c0081e6 a14a97d3 flt.s            x15, f21, f20       x15=00000000 f21:40c90fdb f20:3ed33fc3
13729040ns          224980 1c0081ea 00a4222b p.sw             x10, 4(x8!)          x8=10000cac x10:3e51c0fa  x8:10000ca8  PA:10000ca8
13729079ns          224982 1c0081ee 00078363 beq              x15, x0, 6          x15:00000000
13729517ns          225004 1c0081f4 ff7412e3 bne              x8, x23, -28         x8:10000cac x23:10000fc8
13729577ns          225007 1c0081d8 094c7553 fsub.s           f10, f24, f20       f10=xxxxxxxx f24:3fc90fdb f20:3ed33fc3
13729596ns          225008 1c0081dc 57c000ef jal              x1, 1404             x1=1c0081de
13729676ns          225012 1c008758 a0a527d3 feq.s            x15, f10, f10       x15=00000001 f10:3f943fea f10:3f943fea
13729716ns          225014 1c00875c 0a078b63 beq              x15, x0, 182        x15:00000001
13729776ns          225017 1c00875e e00517d3 fclass.s         x15, f10            x15=00000040 f10:3f943fea
13729815ns          225019 1c008762 0817f793 andi             x15, x15, 129       x15=00000000 x15:00000040
13729835ns          225020 1c008766 0a079663 bne              x15, x0, 172        x15:00000000
13729855ns          225021 1c008768 00000793 addi             x15, x0, 0          x15=00000000
13729875ns          225022 1c00876c a0f517d3 flt.s            x15, f10, f15       x15=00000000 f10:3f943fea f15:00000000
13729895ns          225023 1c008770 0a079663 bne              x15, x0, 172        x15:00000000
13729915ns          225024 1c008772 1c000737 lui              x14, 0x1c000000     x14=1c000000
13729935ns          225025 1c008776 02072783 lw               x15, 32(x14)        x15=40c90fdb x14:1c000000  PA:1c000020
13730253ns          225041 1c00877a a0a797d3 flt.s            x15, f15, f10       x15=00000000 f15:40c90fdb f10:3f943fea
13730273ns          225042 1c00877e 00078b63 beq              x15, x0, 22         x15:00000000
13730332ns          225045 1c008794 00000793 addi             x15, x0, 0          x15=00000000
13730352ns          225046 1c008798 a0f517d3 flt.s            x15, f10, f15       x15=00000000 f10:3f943fea f15:00000000
13730372ns          225047 1c00879c 08079a63 bne              x15, x0, 148        x15:00000000
13730392ns          225048 1c00879e 1c0007b7 lui              x15, 0x1c000000     x15=1c000000
13730412ns          225049 1c0087a2 01c7a783 lw               x15, 28(x15)        x15=3fc90fdb x15:1c000000  PA:1c00001c
13730770ns          225067 1c0087a6 a0f517d3 flt.s            x15, f10, f15       x15=00000001 f10:3f943fea f15:3fc90fdb
13730790ns          225068 1c0087aa 02079563 bne              x15, x0, 42         x15:00000001
13730850ns          225071 1c0087d4 10a57553 fmul.s           f10, f10, f10       f10=xxxxxxxx f10:3f943fea f10:3f943fea
13730869ns          225072 1c0087d8 1c0007b7 lui              x15, 0x1c000000     x15=1c000000
13730889ns          225073 1c0087dc 1c000737 lui              x14, 0x1c000000     x14=1c000000
13730909ns          225074 1c0087e0 13472703 lw               x14, 308(x14)       x14=bab59551 x14:1c000000  PA:1c000134
13731208ns          225089 1c0087e4 1307a783 lw               x15, 304(x15)       x15=37c23ab1 x15:1c000000  PA:1c000130
13731526ns          225105 1c0087e8 70f577c3 fmadd.s          f15, f10, f15, f14  f15=xxxxxxxx f10:3fabb3ed f15:37c23ab1 f14:bab59551
13731546ns          225106 1c0087ec 1c000737 lui              x14, 0x1c000000     x14=1c000000
13731566ns          225107 1c0087f0 13872703 lw               x14, 312(x14)       x14=3d2aa76f x14:1c000000  PA:1c000138
13731884ns          225123 1c0087f4 70f577c3 fmadd.s          f15, f10, f15, f14  f15=xxxxxxxx f10:3fabb3ed f15:bab18323 f14:3d2aa76f
13731904ns          225124 1c0087f8 1c000737 lui              x14, 0x1c000000     x14=1c000000
13731924ns          225125 1c0087fc 13c72703 lw               x14, 316(x14)       x14=beffffe0 x14:1c000000  PA:1c00013c
13732242ns          225141 1c008800 70f577c3 fmadd.s          f15, f10, f15, f14  f15=xxxxxxxx f10:3fabb3ed f15:3d233679 f14:beffffe0
13732262ns          225142 1c008804 1c000737 lui              x14, 0x1c000000     x14=1c000000
13732282ns          225143 1c008808 16872703 lw               x14, 360(x14)       x14=3f7fffff x14:1c000000  PA:1c000168
13732620ns          225160 1c00880c 70f57543 fmadd.s          f10, f10, f15, f14  f10=xxxxxxxx f10:3fabb3ed f15:bee4a1da f14:3f7fffff
13732640ns          225161 1c008810 00008067 jalr             x0, x1, 0            x1:1c0081de
13732759ns          225167 1c0081de 016a7a53 fadd.s           f20, f20, f22       f20=xxxxxxxx f20:3ed33fc3 f22:3e533fc3
13732779ns          225168 1c0081e2 10acf553 fmul.s           f10, f25, f10       f10=xxxxxxxx f25:3f800000 f10:3ecd4e63
13732799ns          225169 1c0081e6 a14a97d3 flt.s            x15, f21, f20       x15=00000000 f21:40c90fdb f20:3f1e6fd2
13732819ns          225170 1c0081ea 00a4222b p.sw             x10, 4(x8!)          x8=10000cb0 x10:3ecd4e63  x8:10000cac  PA:10000cac
13732839ns          225171 1c0081ee 00078363 beq              x15, x0, 6          x15:00000000
13732898ns          225174 1c0081f4 ff7412e3 bne              x8, x23, -28         x8:10000cb0 x23:10000fc8
13732958ns          225177 1c0081d8 094c7553 fsub.s           f10, f24, f20       f10=xxxxxxxx f24:3fc90fdb f20:3f1e6fd2
13732978ns          225178 1c0081dc 57c000ef jal              x1, 1404             x1=1c0081de
13733018ns          225180 1c008758 a0a527d3 feq.s            x15, f10, f10       x15=00000001 f10:3f73afe4 f10:3f73afe4
13733038ns          225181 1c00875c 0a078b63 beq              x15, x0, 182        x15:00000001
13733057ns          225182 1c00875e e00517d3 fclass.s         x15, f10            x15=00000040 f10:3f73afe4
13733077ns          225183 1c008762 0817f793 andi             x15, x15, 129       x15=00000000 x15:00000040
13733097ns          225184 1c008766 0a079663 bne              x15, x0, 172        x15:00000000
13733117ns          225185 1c008768 00000793 addi             x15, x0, 0          x15=00000000
13733137ns          225186 1c00876c a0f517d3 flt.s            x15, f10, f15       x15=00000000 f10:3f73afe4 f15:00000000
13733157ns          225187 1c008770 0a079663 bne              x15, x0, 172        x15:00000000
13733177ns          225188 1c008772 1c000737 lui              x14, 0x1c000000     x14=1c000000
13733197ns          225189 1c008776 02072783 lw               x15, 32(x14)        x15=40c90fdb x14:1c000000  PA:1c000020
13733535ns          225206 1c00877a a0a797d3 flt.s            x15, f15, f10       x15=00000000 f15:40c90fdb f10:3f73afe4
13733555ns          225207 1c00877e 00078b63 beq              x15, x0, 22         x15:00000000
13733614ns          225210 1c008794 00000793 addi             x15, x0, 0          x15=00000000
13733634ns          225211 1c008798 a0f517d3 flt.s            x15, f10, f15       x15=00000000 f10:3f73afe4 f15:00000000
13733654ns          225212 1c00879c 08079a63 bne              x15, x0, 148        x15:00000000
13733674ns          225213 1c00879e 1c0007b7 lui              x15, 0x1c000000     x15=1c000000
13733694ns          225214 1c0087a2 01c7a783 lw               x15, 28(x15)        x15=3fc90fdb x15:1c000000  PA:1c00001c
13734052ns          225232 1c0087a6 a0f517d3 flt.s            x15, f10, f15       x15=00000001 f10:3f73afe4 f15:3fc90fdb
13734072ns          225233 1c0087aa 02079563 bne              x15, x0, 42         x15:00000001
13734132ns          225236 1c0087d4 10a57553 fmul.s           f10, f10, f10       f10=xxxxxxxx f10:3f73afe4 f10:3f73afe4
13734151ns          225237 1c0087d8 1c0007b7 lui              x15, 0x1c000000     x15=1c000000
13734171ns          225238 1c0087dc 1c000737 lui              x14, 0x1c000000     x14=1c000000
13734191ns          225239 1c0087e0 13472703 lw               x14, 308(x14)       x14=bab59551 x14:1c000000  PA:1c000134
13734490ns          225254 1c0087e4 1307a783 lw               x15, 304(x15)       x15=37c23ab1 x15:1c000000  PA:1c000130
13734808ns          225270 1c0087e8 70f577c3 fmadd.s          f15, f10, f15, f14  f15=xxxxxxxx f10:3f67f764 f15:37c23ab1 f14:bab59551
13734828ns          225271 1c0087ec 1c000737 lui              x14, 0x1c000000     x14=1c000000
13734848ns          225272 1c0087f0 13872703 lw               x14, 312(x14)       x14=3d2aa76f x14:1c000000  PA:1c000138
13735166ns          225288 1c0087f4 70f577c3 fmadd.s          f15, f10, f15, f14  f15=xxxxxxxx f10:3f67f764 f15:bab2d556 f14:3d2aa76f
13735186ns          225289 1c0087f8 1c000737 lui              x14, 0x1c000000     x14=1c000000
13735206ns          225290 1c0087fc 13c72703 lw               x14, 316(x14)       x14=beffffe0 x14:1c000000  PA:1c00013c
13735524ns          225306 1c008800 70f577c3 fmadd.s          f15, f10, f15, f14  f15=xxxxxxxx f10:3f67f764 f15:3d259714 f14:beffffe0
13735544ns          225307 1c008804 1c000737 lui              x14, 0x1c000000     x14=1c000000
13735564ns          225308 1c008808 16872703 lw               x14, 360(x14)       x14=3f7fffff x14:1c000000  PA:1c000168
13735882ns          225324 1c00880c 70f57543 fmadd.s          f10, f10, f15, f14  f10=xxxxxxxx f10:3f67f764 f15:beed3e75 f14:3f7fffff
13735902ns          225325 1c008810 00008067 jalr             x0, x1, 0            x1:1c0081de
13735962ns          225328 1c0081de 016a7a53 fadd.s           f20, f20, f22       f20=xxxxxxxx f20:3f1e6fd2 f22:3e533fc3
13735981ns          225329 1c0081e2 10acf553 fmul.s           f10, f25, f10       f10=xxxxxxxx f25:3f800000 f10:3f1483af
13736001ns          225330 1c0081e6 a14a97d3 flt.s            x15, f21, f20       x15=00000000 f21:40c90fdb f20:3f533fc3
13736021ns          225331 1c0081ea 00a4222b p.sw             x10, 4(x8!)          x8=10000cb4 x10:3f1483af  x8:10000cb0  PA:10000cb0
13736041ns          225332 1c0081ee 00078363 beq              x15, x0, 6          x15:00000000
13736101ns          225335 1c0081f4 ff7412e3 bne              x8, x23, -28         x8:10000cb4 x23:10000fc8
13736160ns          225338 1c0081d8 094c7553 fsub.s           f10, f24, f20       f10=xxxxxxxx f24:3fc90fdb f20:3f533fc3
13736180ns          225339 1c0081dc 57c000ef jal              x1, 1404             x1=1c0081de
13736220ns          225341 1c008758 a0a527d3 feq.s            x15, f10, f10       x15=00000001 f10:3f3edff3 f10:3f3edff3
13736240ns          225342 1c00875c 0a078b63 beq              x15, x0, 182        x15:00000001
13736260ns          225343 1c00875e e00517d3 fclass.s         x15, f10            x15=00000040 f10:3f3edff3
13736280ns          225344 1c008762 0817f793 andi             x15, x15, 129       x15=00000000 x15:00000040
13736300ns          225345 1c008766 0a079663 bne              x15, x0, 172        x15:00000000
13736320ns          225346 1c008768 00000793 addi             x15, x0, 0          x15=00000000
13736339ns          225347 1c00876c a0f517d3 flt.s            x15, f10, f15       x15=00000000 f10:3f3edff3 f15:00000000
13736359ns          225348 1c008770 0a079663 bne              x15, x0, 172        x15:00000000
13736379ns          225349 1c008772 1c000737 lui              x14, 0x1c000000     x14=1c000000
13736399ns          225350 1c008776 02072783 lw               x15, 32(x14)        x15=40c90fdb x14:1c000000  PA:1c000020
13736737ns          225367 1c00877a a0a797d3 flt.s            x15, f15, f10       x15=00000000 f15:40c90fdb f10:3f3edff3
13736757ns          225368 1c00877e 00078b63 beq              x15, x0, 22         x15:00000000
13736817ns          225371 1c008794 00000793 addi             x15, x0, 0          x15=00000000
13736837ns          225372 1c008798 a0f517d3 flt.s            x15, f10, f15       x15=00000000 f10:3f3edff3 f15:00000000
13736857ns          225373 1c00879c 08079a63 bne              x15, x0, 148        x15:00000000
13736877ns          225374 1c00879e 1c0007b7 lui              x15, 0x1c000000     x15=1c000000
13736896ns          225375 1c0087a2 01c7a783 lw               x15, 28(x15)        x15=3fc90fdb x15:1c000000  PA:1c00001c
13737215ns          225391 1c0087a6 a0f517d3 flt.s            x15, f10, f15       x15=00000001 f10:3f3edff3 f15:3fc90fdb
13737235ns          225392 1c0087aa 02079563 bne              x15, x0, 42         x15:00000001
13737294ns          225395 1c0087d4 10a57553 fmul.s           f10, f10, f10       f10=xxxxxxxx f10:3f3edff3 f10:3f3edff3
13737314ns          225396 1c0087d8 1c0007b7 lui              x15, 0x1c000000     x15=1c000000
13737334ns          225397 1c0087dc 1c000737 lui              x14, 0x1c000000     x14=1c000000
13737354ns          225398 1c0087e0 13472703 lw               x14, 308(x14)       x14=bab59551 x14:1c000000  PA:1c000134
13737652ns          225413 1c0087e4 1307a783 lw               x15, 304(x15)       x15=37c23ab1 x15:1c000000  PA:1c000130
13738030ns          225432 1c0087e8 70f577c3 fmadd.s          f15, f10, f15, f14  f15=xxxxxxxx f10:3f0e5131 f15:37c23ab1 f14:bab59551
13738050ns          225433 1c0087ec 1c000737 lui              x14, 0x1c000000     x14=1c000000
13738070ns          225434 1c0087f0 13872703 lw               x14, 312(x14)       x14=3d2aa76f x14:1c000000  PA:1c000138
13738388ns          225450 1c0087f4 70f577c3 fmadd.s          f15, f10, f15, f14  f15=xxxxxxxx f10:3f0e5131 f15:bab3e568 f14:3d2aa76f
13738408ns          225451 1c0087f8 1c000737 lui              x14, 0x1c000000     x14=1c000000
13738428ns          225452 1c0087fc 13c72703 lw               x14, 316(x14)       x14=beffffe0 x14:1c000000  PA:1c00013c
13738746ns          225468 1c008800 70f577c3 fmadd.s          f15, f10, f15, f14  f15=xxxxxxxx f10:3f0e5131 f15:3d27875d f14:beffffe0
13738766ns          225469 1c008804 1c000737 lui              x14, 0x1c000000     x14=1c000000
13738786ns          225470 1c008808 16872703 lw               x14, 360(x14)       x14=3f7fffff x14:1c000000  PA:1c000168
13739104ns          225486 1c00880c 70f57543 fmadd.s          f10, f10, f15, f14  f10=xxxxxxxx f10:3f0e5131 f15:bef45b99 f14:3f7fffff
13739124ns          225487 1c008810 00008067 jalr             x0, x1, 0            x1:1c0081de
13739184ns          225490 1c0081de 016a7a53 fadd.s           f20, f20, f22       f20=xxxxxxxx f20:3f533fc3 f22:3e533fc3
13739204ns          225491 1c0081e2 10acf553 fmul.s           f10, f25, f10       f10=xxxxxxxx f25:3f800000 f10:3f3c13d8
13739224ns          225492 1c0081e6 a14a97d3 flt.s            x15, f21, f20       x15=00000000 f21:40c90fdb f20:3f8407da
13739244ns          225493 1c0081ea 00a4222b p.sw             x10, 4(x8!)          x8=10000cb8 x10:3f3c13d8  x8:10000cb4  PA:10000cb4
13739263ns          225494 1c0081ee 00078363 beq              x15, x0, 6          x15:00000000
13739323ns          225497 1c0081f4 ff7412e3 bne              x8, x23, -28         x8:10000cb8 x23:10000fc8
13739383ns          225500 1c0081d8 094c7553 fsub.s           f10, f24, f20       f10=xxxxxxxx f24:3fc90fdb f20:3f8407da
13739403ns          225501 1c0081dc 57c000ef jal              x1, 1404             x1=1c0081de
13739442ns          225503 1c008758 a0a527d3 feq.s            x15, f10, f10       x15=00000001 f10:3f0a1002 f10:3f0a1002
13739462ns          225504 1c00875c 0a078b63 beq              x15, x0, 182        x15:00000001
13739482ns          225505 1c00875e e00517d3 fclass.s         x15, f10            x15=00000040 f10:3f0a1002
13739502ns          225506 1c008762 0817f793 andi             x15, x15, 129       x15=00000000 x15:00000040
13739522ns          225507 1c008766 0a079663 bne              x15, x0, 172        x15:00000000
13739542ns          225508 1c008768 00000793 addi             x15, x0, 0          x15=00000000
13739562ns          225509 1c00876c a0f517d3 flt.s            x15, f10, f15       x15=00000000 f10:3f0a1002 f15:00000000
13739582ns          225510 1c008770 0a079663 bne              x15, x0, 172        x15:00000000
13739602ns          225511 1c008772 1c000737 lui              x14, 0x1c000000     x14=1c000000
13739621ns          225512 1c008776 02072783 lw               x15, 32(x14)        x15=40c90fdb x14:1c000000  PA:1c000020
13739940ns          225528 1c00877a a0a797d3 flt.s            x15, f15, f10       x15=00000000 f15:40c90fdb f10:3f0a1002
13739960ns          225529 1c00877e 00078b63 beq              x15, x0, 22         x15:00000000
13740019ns          225532 1c008794 00000793 addi             x15, x0, 0          x15=00000000
13740039ns          225533 1c008798 a0f517d3 flt.s            x15, f10, f15       x15=00000000 f10:3f0a1002 f15:00000000
13740059ns          225534 1c00879c 08079a63 bne              x15, x0, 148        x15:00000000
13740079ns          225535 1c00879e 1c0007b7 lui              x15, 0x1c000000     x15=1c000000
13740099ns          225536 1c0087a2 01c7a783 lw               x15, 28(x15)        x15=3fc90fdb x15:1c000000  PA:1c00001c
13740417ns          225552 1c0087a6 a0f517d3 flt.s            x15, f10, f15       x15=00000001 f10:3f0a1002 f15:3fc90fdb
13740437ns          225553 1c0087aa 02079563 bne              x15, x0, 42         x15:00000001
13740497ns          225556 1c0087d4 10a57553 fmul.s           f10, f10, f10       f10=xxxxxxxx f10:3f0a1002 f10:3f0a1002
13740517ns          225557 1c0087d8 1c0007b7 lui              x15, 0x1c000000     x15=1c000000
13740536ns          225558 1c0087dc 1c000737 lui              x14, 0x1c000000     x14=1c000000
13740556ns          225559 1c0087e0 13472703 lw               x14, 308(x14)       x14=bab59551 x14:1c000000  PA:1c000134
13740855ns          225574 1c0087e4 1307a783 lw               x15, 304(x15)       x15=37c23ab1 x15:1c000000  PA:1c000130
13741173ns          225590 1c0087e8 70f577c3 fmadd.s          f15, f10, f15, f14  f15=xxxxxxxx f10:3e94ea86 f15:37c23ab1 f14:bab59551
13741193ns          225591 1c0087ec 1c000737 lui              x14, 0x1c000000     x14=1c000000
13741213ns          225592 1c0087f0 13872703 lw               x14, 312(x14)       x14=3d2aa76f x14:1c000000  PA:1c000138
13741531ns          225608 1c0087f4 70f577c3 fmadd.s          f15, f10, f15, f14  f15=xxxxxxxx f10:3e94ea86 f15:bab4b359 f14:3d2aa76f
13741551ns          225609 1c0087f8 1c000737 lui              x14, 0x1c000000     x14=1c000000
13741571ns          225610 1c0087fc 13c72703 lw               x14, 316(x14)       x14=beffffe0 x14:1c000000  PA:1c00013c
13741889ns          225626 1c008800 70f577c3 fmadd.s          f15, f10, f15, f14  f15=xxxxxxxx f10:3e94ea86 f15:3d2902fa f14:beffffe0
13741909ns          225627 1c008804 1c000737 lui              x14, 0x1c000000     x14=1c000000
13741929ns          225628 1c008808 16872703 lw               x14, 360(x14)       x14=3f7fffff x14:1c000000  PA:1c000168
13742267ns          225645 1c00880c 70f57543 fmadd.s          f10, f10, f15, f14  f10=xxxxxxxx f10:3e94ea86 f15:bef9dad7 f14:3f7fffff
13742287ns          225646 1c008810 00008067 jalr             x0, x1, 0            x1:1c0081de
13742346ns          225649 1c0081de 016a7a53 fadd.s           f20, f20, f22       f20=xxxxxxxx f20:3f8407da f22:3e533fc3
13742366ns          225650 1c0081e2 10acf553 fmul.s           f10, f25, f10       f10=xxxxxxxx f25:3f800000 f10:3f5baa25
13742386ns          225651 1c0081e6 a14a97d3 flt.s            x15, f21, f20       x15=00000000 f21:40c90fdb f20:3f9e6fd2
13742406ns          225652 1c0081ea 00a4222b p.sw             x10, 4(x8!)          x8=10000cbc x10:3f5baa25  x8:10000cb8  PA:10000cb8
13742426ns          225653 1c0081ee 00078363 beq              x15, x0, 6          x15:00000000
13742486ns          225656 1c0081f4 ff7412e3 bne              x8, x23, -28         x8:10000cbc x23:10000fc8
13742545ns          225659 1c0081d8 094c7553 fsub.s           f10, f24, f20       f10=xxxxxxxx f24:3fc90fdb f20:3f9e6fd2
13742565ns          225660 1c0081dc 57c000ef jal              x1, 1404             x1=1c0081de
13742605ns          225662 1c008758 a0a527d3 feq.s            x15, f10, f10       x15=00000001 f10:3eaa8024 f10:3eaa8024
13742625ns          225663 1c00875c 0a078b63 beq              x15, x0, 182        x15:00000001
13742645ns          225664 1c00875e e00517d3 fclass.s         x15, f10            x15=00000040 f10:3eaa8024
13742665ns          225665 1c008762 0817f793 andi             x15, x15, 129       x15=00000000 x15:00000040
13742685ns          225666 1c008766 0a079663 bne              x15, x0, 172        x15:00000000
13742704ns          225667 1c008768 00000793 addi             x15, x0, 0          x15=00000000
13742724ns          225668 1c00876c a0f517d3 flt.s            x15, f10, f15       x15=00000000 f10:3eaa8024 f15:00000000
13742744ns          225669 1c008770 0a079663 bne              x15, x0, 172        x15:00000000
13742764ns          225670 1c008772 1c000737 lui              x14, 0x1c000000     x14=1c000000
13742784ns          225671 1c008776 02072783 lw               x15, 32(x14)        x15=40c90fdb x14:1c000000  PA:1c000020
13743102ns          225687 1c00877a a0a797d3 flt.s            x15, f15, f10       x15=00000000 f15:40c90fdb f10:3eaa8024
13743122ns          225688 1c00877e 00078b63 beq              x15, x0, 22         x15:00000000
13743182ns          225691 1c008794 00000793 addi             x15, x0, 0          x15=00000000
13743202ns          225692 1c008798 a0f517d3 flt.s            x15, f10, f15       x15=00000000 f10:3eaa8024 f15:00000000
13743222ns          225693 1c00879c 08079a63 bne              x15, x0, 148        x15:00000000
13743242ns          225694 1c00879e 1c0007b7 lui              x15, 0x1c000000     x15=1c000000
13743261ns          225695 1c0087a2 01c7a783 lw               x15, 28(x15)        x15=3fc90fdb x15:1c000000  PA:1c00001c
13743580ns          225711 1c0087a6 a0f517d3 flt.s            x15, f10, f15       x15=00000001 f10:3eaa8024 f15:3fc90fdb
13743600ns          225712 1c0087aa 02079563 bne              x15, x0, 42         x15:00000001
13743659ns          225715 1c0087d4 10a57553 fmul.s           f10, f10, f10       f10=xxxxxxxx f10:3eaa8024 f10:3eaa8024
13743679ns          225716 1c0087d8 1c0007b7 lui              x15, 0x1c000000     x15=1c000000
13743699ns          225717 1c0087dc 1c000737 lui              x14, 0x1c000000     x14=1c000000
13743719ns          225718 1c0087e0 13472703 lw               x14, 308(x14)       x14=bab59551 x14:1c000000  PA:1c000134
13744017ns          225733 1c0087e4 1307a783 lw               x15, 304(x15)       x15=37c23ab1 x15:1c000000  PA:1c000130
13744336ns          225749 1c0087e8 70f577c3 fmadd.s          f15, f10, f15, f14  f15=xxxxxxxx f10:3de31ce0 f15:37c23ab1 f14:bab59551
13744355ns          225750 1c0087ec 1c000737 lui              x14, 0x1c000000     x14=1c000000
13744375ns          225751 1c0087f0 13872703 lw               x14, 312(x14)       x14=3d2aa76f x14:1c000000  PA:1c000138
13744713ns          225768 1c0087f4 70f577c3 fmadd.s          f15, f10, f15, f14  f15=xxxxxxxx f10:3de31ce0 f15:bab53f29 f14:3d2aa76f
13744733ns          225769 1c0087f8 1c000737 lui              x14, 0x1c000000     x14=1c000000
13744753ns          225770 1c0087fc 13c72703 lw               x14, 316(x14)       x14=beffffe0 x14:1c000000  PA:1c00013c
13745071ns          225786 1c008800 70f577c3 fmadd.s          f15, f10, f15, f14  f15=xxxxxxxx f10:3de31ce0 f15:3d2a06a4 f14:beffffe0
13745091ns          225787 1c008804 1c000737 lui              x14, 0x1c000000     x14=1c000000
13745111ns          225788 1c008808 16872703 lw               x14, 360(x14)       x14=3f7fffff x14:1c000000  PA:1c000168
13745430ns          225804 1c00880c 70f57543 fmadd.s          f10, f10, f15, f14  f10=xxxxxxxx f10:3de31ce0 f15:befda484 f14:3f7fffff
13745449ns          225805 1c008810 00008067 jalr             x0, x1, 0            x1:1c0081de
13745509ns          225808 1c0081de 016a7a53 fadd.s           f20, f20, f22       f20=xxxxxxxx f20:3f9e6fd2 f22:3e533fc3
13745529ns          225809 1c0081e2 10acf553 fmul.s           f10, f25, f10       f10=xxxxxxxx f25:3f800000 f10:3f71efa7
13745549ns          225810 1c0081e6 a14a97d3 flt.s            x15, f21, f20       x15=00000000 f21:40c90fdb f20:3fb8d7ca
13745569ns          225811 1c0081ea 00a4222b p.sw             x10, 4(x8!)          x8=10000cc0 x10:3f71efa7  x8:10000cbc  PA:10000cbc
13745589ns          225812 1c0081ee 00078363 beq              x15, x0, 6          x15:00000000
13745648ns          225815 1c0081f4 ff7412e3 bne              x8, x23, -28         x8:10000cc0 x23:10000fc8
13745708ns          225818 1c0081d8 094c7553 fsub.s           f10, f24, f20       f10=xxxxxxxx f24:3fc90fdb f20:3fb8d7ca
13745728ns          225819 1c0081dc 57c000ef jal              x1, 1404             x1=1c0081de
13745768ns          225821 1c008758 a0a527d3 feq.s            x15, f10, f10       x15=00000001 f10:3e01c088 f10:3e01c088
13745788ns          225822 1c00875c 0a078b63 beq              x15, x0, 182        x15:00000001
13745807ns          225823 1c00875e e00517d3 fclass.s         x15, f10            x15=00000040 f10:3e01c088
13745827ns          225824 1c008762 0817f793 andi             x15, x15, 129       x15=00000000 x15:00000040
13745847ns          225825 1c008766 0a079663 bne              x15, x0, 172        x15:00000000
13745867ns          225826 1c008768 00000793 addi             x15, x0, 0          x15=00000000
13745887ns          225827 1c00876c a0f517d3 flt.s            x15, f10, f15       x15=00000000 f10:3e01c088 f15:00000000
13745907ns          225828 1c008770 0a079663 bne              x15, x0, 172        x15:00000000
13745927ns          225829 1c008772 1c000737 lui              x14, 0x1c000000     x14=1c000000
13745947ns          225830 1c008776 02072783 lw               x15, 32(x14)        x15=40c90fdb x14:1c000000  PA:1c000020
13746265ns          225846 1c00877a a0a797d3 flt.s            x15, f15, f10       x15=00000000 f15:40c90fdb f10:3e01c088
13746285ns          225847 1c00877e 00078b63 beq              x15, x0, 22         x15:00000000
13746345ns          225850 1c008794 00000793 addi             x15, x0, 0          x15=00000000
13746364ns          225851 1c008798 a0f517d3 flt.s            x15, f10, f15       x15=00000000 f10:3e01c088 f15:00000000
13746384ns          225852 1c00879c 08079a63 bne              x15, x0, 148        x15:00000000
13746404ns          225853 1c00879e 1c0007b7 lui              x15, 0x1c000000     x15=1c000000
13746424ns          225854 1c0087a2 01c7a783 lw               x15, 28(x15)        x15=3fc90fdb x15:1c000000  PA:1c00001c
13746742ns          225870 1c0087a6 a0f517d3 flt.s            x15, f10, f15       x15=00000001 f10:3e01c088 f15:3fc90fdb
13746762ns          225871 1c0087aa 02079563 bne              x15, x0, 42         x15:00000001
13746822ns          225874 1c0087d4 10a57553 fmul.s           f10, f10, f10       f10=xxxxxxxx f10:3e01c088 f10:3e01c088
13746842ns          225875 1c0087d8 1c0007b7 lui              x15, 0x1c000000     x15=1c000000
13746862ns          225876 1c0087dc 1c000737 lui              x14, 0x1c000000     x14=1c000000
13746882ns          225877 1c0087e0 13472703 lw               x14, 308(x14)       x14=bab59551 x14:1c000000  PA:1c000134
13747200ns          225893 1c0087e4 1307a783 lw               x15, 304(x15)       x15=37c23ab1 x15:1c000000  PA:1c000130
13747518ns          225909 1c0087e8 70f577c3 fmadd.s          f15, f10, f15, f14  f15=xxxxxxxx f10:3c838734 f15:37c23ab1 f14:bab59551
13747538ns          225910 1c0087ec 1c000737 lui              x14, 0x1c000000     x14=1c000000
13747558ns          225911 1c0087f0 13872703 lw               x14, 312(x14)       x14=3d2aa76f x14:1c000000  PA:1c000138
13747896ns          225928 1c0087f4 70f577c3 fmadd.s          f15, f10, f15, f14  f15=xxxxxxxx f10:3c838734 f15:bab588d8 f14:3d2aa76f
13747916ns          225929 1c0087f8 1c000737 lui              x14, 0x1c000000     x14=1c000000
13747936ns          225930 1c0087fc 13c72703 lw               x14, 316(x14)       x14=beffffe0 x14:1c000000  PA:1c00013c
13748314ns          225949 1c008800 70f577c3 fmadd.s          f15, f10, f15, f14  f15=xxxxxxxx f10:3c838734 f15:3d2a901e f14:beffffe0
13748334ns          225950 1c008804 1c000737 lui              x14, 0x1c000000     x14=1c000000
13748353ns          225951 1c008808 16872703 lw               x14, 360(x14)       x14=3f7fffff x14:1c000000  PA:1c000168
13748692ns          225968 1c00880c 70f57543 fmadd.s          f10, f10, f15, f14  f10=xxxxxxxx f10:3c838734 f15:beffa83e f14:3f7fffff
13748712ns          225969 1c008810 00008067 jalr             x0, x1, 0            x1:1c0081de
13748771ns          225972 1c0081de 016a7a53 fadd.s           f20, f20, f22       f20=xxxxxxxx f20:3fb8d7ca f22:3e533fc3
13748791ns          225973 1c0081e2 10acf553 fmul.s           f10, f25, f10       f10=xxxxxxxx f25:3f800000 f10:3f7df297
13748811ns          225974 1c0081e6 a14a97d3 flt.s            x15, f21, f20       x15=00000000 f21:40c90fdb f20:3fd33fc2
13748831ns          225975 1c0081ea 00a4222b p.sw             x10, 4(x8!)          x8=10000cc4 x10:3f7df297  x8:10000cc0  PA:10000cc0
13748851ns          225976 1c0081ee 00078363 beq              x15, x0, 6          x15:00000000
13748910ns          225979 1c0081f4 ff7412e3 bne              x8, x23, -28         x8:10000cc4 x23:10000fc8
13748970ns          225982 1c0081d8 094c7553 fsub.s           f10, f24, f20       f10=xxxxxxxx f24:3fc90fdb f20:3fd33fc2
13748990ns          225983 1c0081dc 57c000ef jal              x1, 1404             x1=1c0081de
13749030ns          225985 1c008758 a0a527d3 feq.s            x15, f10, f10       x15=00000001 f10:bda2fe70 f10:bda2fe70
13749050ns          225986 1c00875c 0a078b63 beq              x15, x0, 182        x15:00000001
13749070ns          225987 1c00875e e00517d3 fclass.s         x15, f10            x15=00000002 f10:bda2fe70
13749089ns          225988 1c008762 0817f793 andi             x15, x15, 129       x15=00000000 x15:00000002
13749109ns          225989 1c008766 0a079663 bne              x15, x0, 172        x15:00000000
13749129ns          225990 1c008768 00000793 addi             x15, x0, 0          x15=00000000
13749149ns          225991 1c00876c a0f517d3 flt.s            x15, f10, f15       x15=00000001 f10:bda2fe70 f15:00000000
13749169ns          225992 1c008770 0a079663 bne              x15, x0, 172        x15:00000001
13749229ns          225995 1c00881c 1c0007b7 lui              x15, 0x1c000000     x15=1c000000
13749288ns          225998 1c008820 12c7a783 lw               x15, 300(x15)       x15=c0c90fdb x15:1c000000  PA:1c00012c
13749626ns          226015 1c008824 a0f517d3 flt.s            x15, f10, f15       x15=00000000 f10:bda2fe70 f15:c0c90fdb
13749646ns          226016 1c008828 00078463 beq              x15, x0, 8          x15:00000000
13749706ns          226019 1c008830 20a51553 fsgnjn.s         f10, f10, f10       f10=xxxxxxxx f10:bda2fe70 f10:bda2fe70
13749726ns          226020 1c008834 f6bff06f jal              x0, -150           
13749786ns          226023 1c00879e 1c0007b7 lui              x15, 0x1c000000     x15=1c000000
13749805ns          226024 1c0087a2 01c7a783 lw               x15, 28(x15)        x15=3fc90fdb x15:1c000000  PA:1c00001c
13750144ns          226041 1c0087a6 a0f517d3 flt.s            x15, f10, f15       x15=00000001 f10:3da2fe70 f15:3fc90fdb
13750164ns          226042 1c0087aa 02079563 bne              x15, x0, 42         x15:00000001
13750223ns          226045 1c0087d4 10a57553 fmul.s           f10, f10, f10       f10=xxxxxxxx f10:3da2fe70 f10:3da2fe70
13750243ns          226046 1c0087d8 1c0007b7 lui              x15, 0x1c000000     x15=1c000000
13750263ns          226047 1c0087dc 1c000737 lui              x14, 0x1c000000     x14=1c000000
13750283ns          226048 1c0087e0 13472703 lw               x14, 308(x14)       x14=bab59551 x14:1c000000  PA:1c000134
13750641ns          226066 1c0087e4 1307a783 lw               x15, 304(x15)       x15=37c23ab1 x15:1c000000  PA:1c000130
13750959ns          226082 1c0087e8 70f577c3 fmadd.s          f15, f10, f15, f14  f15=xxxxxxxx f10:3bcf8e05 f15:37c23ab1 f14:bab59551
13750979ns          226083 1c0087ec 1c000737 lui              x14, 0x1c000000     x14=1c000000
13750999ns          226084 1c0087f0 13872703 lw               x14, 312(x14)       x14=3d2aa76f x14:1c000000  PA:1c000138
13751437ns          226106 1c0087f4 70f577c3 fmadd.s          f15, f10, f15, f14  f15=xxxxxxxx f10:3bcf8e05 f15:bab59065 f14:3d2aa76f
13751456ns          226107 1c0087f8 1c000737 lui              x14, 0x1c000000     x14=1c000000
13751476ns          226108 1c0087fc 13c72703 lw               x14, 316(x14)       x14=beffffe0 x14:1c000000  PA:1c00013c
13751795ns          226124 1c008800 70f577c3 fmadd.s          f15, f10, f15, f14  f15=xxxxxxxx f10:3bcf8e05 f15:3d2a9e3c f14:beffffe0
13751814ns          226125 1c008804 1c000737 lui              x14, 0x1c000000     x14=1c000000
13751834ns          226126 1c008808 16872703 lw               x14, 360(x14)       x14=3f7fffff x14:1c000000  PA:1c000168
13752153ns          226142 1c00880c 70f57543 fmadd.s          f10, f10, f15, f14  f10=xxxxxxxx f10:3bcf8e05 f15:beffdd4b f14:3f7fffff
13752172ns          226143 1c008810 00008067 jalr             x0, x1, 0            x1:1c0081de
13752232ns          226146 1c0081de 016a7a53 fadd.s           f20, f20, f22       f20=xxxxxxxx f20:3fd33fc2 f22:3e533fc3
13752252ns          226147 1c0081e2 10acf553 fmul.s           f10, f25, f10       f10=xxxxxxxx f25:3f800000 f10:3f7f308d
13752272ns          226148 1c0081e6 a14a97d3 flt.s            x15, f21, f20       x15=00000000 f21:40c90fdb f20:3feda7ba
13752292ns          226149 1c0081ea 00a4222b p.sw             x10, 4(x8!)          x8=10000cc8 x10:3f7f308d  x8:10000cc4  PA:10000cc4
13752312ns          226150 1c0081ee 00078363 beq              x15, x0, 6          x15:00000000
13752371ns          226153 1c0081f4 ff7412e3 bne              x8, x23, -28         x8:10000cc8 x23:10000fc8
13752431ns          226156 1c0081d8 094c7553 fsub.s           f10, f24, f20       f10=xxxxxxxx f24:3fc90fdb f20:3feda7ba
13752451ns          226157 1c0081dc 57c000ef jal              x1, 1404             x1=1c0081de
13752491ns          226159 1c008758 a0a527d3 feq.s            x15, f10, f10       x15=00000001 f10:be925f7c f10:be925f7c
13752511ns          226160 1c00875c 0a078b63 beq              x15, x0, 182        x15:00000001
13752531ns          226161 1c00875e e00517d3 fclass.s         x15, f10            x15=00000002 f10:be925f7c
13752550ns          226162 1c008762 0817f793 andi             x15, x15, 129       x15=00000000 x15:00000002
13752570ns          226163 1c008766 0a079663 bne              x15, x0, 172        x15:00000000
13752590ns          226164 1c008768 00000793 addi             x15, x0, 0          x15=00000000
13752610ns          226165 1c00876c a0f517d3 flt.s            x15, f10, f15       x15=00000001 f10:be925f7c f15:00000000
13752630ns          226166 1c008770 0a079663 bne              x15, x0, 172        x15:00000001
13752690ns          226169 1c00881c 1c0007b7 lui              x15, 0x1c000000     x15=1c000000
13752710ns          226170 1c008820 12c7a783 lw               x15, 300(x15)       x15=c0c90fdb x15:1c000000  PA:1c00012c
13753028ns          226186 1c008824 a0f517d3 flt.s            x15, f10, f15       x15=00000000 f10:be925f7c f15:c0c90fdb
13753048ns          226187 1c008828 00078463 beq              x15, x0, 8          x15:00000000
13753107ns          226190 1c008830 20a51553 fsgnjn.s         f10, f10, f10       f10=xxxxxxxx f10:be925f7c f10:be925f7c
13753127ns          226191 1c008834 f6bff06f jal              x0, -150           
13753187ns          226194 1c00879e 1c0007b7 lui              x15, 0x1c000000     x15=1c000000
13753207ns          226195 1c0087a2 01c7a783 lw               x15, 28(x15)        x15=3fc90fdb x15:1c000000  PA:1c00001c
13753545ns          226212 1c0087a6 a0f517d3 flt.s            x15, f10, f15       x15=00000001 f10:3e925f7c f15:3fc90fdb
13753565ns          226213 1c0087aa 02079563 bne              x15, x0, 42         x15:00000001
13753625ns          226216 1c0087d4 10a57553 fmul.s           f10, f10, f10       f10=xxxxxxxx f10:3e925f7c f10:3e925f7c
13753644ns          226217 1c0087d8 1c0007b7 lui              x15, 0x1c000000     x15=1c000000
13753664ns          226218 1c0087dc 1c000737 lui              x14, 0x1c000000     x14=1c000000
13753684ns          226219 1c0087e0 13472703 lw               x14, 308(x14)       x14=bab59551 x14:1c000000  PA:1c000134
13754002ns          226235 1c0087e4 1307a783 lw               x15, 304(x15)       x15=37c23ab1 x15:1c000000  PA:1c000130
13754321ns          226251 1c0087e8 70f577c3 fmadd.s          f15, f10, f15, f14  f15=xxxxxxxx f10:3da7621a f15:37c23ab1 f14:bab59551
13754341ns          226252 1c0087ec 1c000737 lui              x14, 0x1c000000     x14=1c000000
13754360ns          226253 1c0087f0 13872703 lw               x14, 312(x14)       x14=3d2aa76f x14:1c000000  PA:1c000138
13754679ns          226269 1c0087f4 70f577c3 fmadd.s          f15, f10, f15, f14  f15=xxxxxxxx f10:3da7621a f15:bab555d2 f14:3d2aa76f
13754699ns          226270 1c0087f8 1c000737 lui              x14, 0x1c000000     x14=1c000000
13754719ns          226271 1c0087fc 13c72703 lw               x14, 316(x14)       x14=beffffe0 x14:1c000000  PA:1c00013c
13755037ns          226287 1c008800 70f577c3 fmadd.s          f15, f10, f15, f14  f15=xxxxxxxx f10:3da7621a f15:3d2a30df f14:beffffe0
13755057ns          226288 1c008804 1c000737 lui              x14, 0x1c000000     x14=1c000000
13755077ns          226289 1c008808 16872703 lw               x14, 360(x14)       x14=3f7fffff x14:1c000000  PA:1c000168
13755395ns          226305 1c00880c 70f57543 fmadd.s          f10, f10, f15, f14  f10=xxxxxxxx f10:3da7621a f15:befe42c4 f14:3f7fffff
13755415ns          226306 1c008810 00008067 jalr             x0, x1, 0            x1:1c0081de
13755474ns          226309 1c0081de 016a7a53 fadd.s           f20, f20, f22       f20=xxxxxxxx f20:3feda7ba f22:3e533fc3
13755494ns          226310 1c0081e2 10acf553 fmul.s           f10, f25, f10       f10=xxxxxxxx f25:3f800000 f10:3f759c0f
13755514ns          226311 1c0081e6 a14a97d3 flt.s            x15, f21, f20       x15=00000000 f21:40c90fdb f20:400407d9
13755534ns          226312 1c0081ea 00a4222b p.sw             x10, 4(x8!)          x8=10000ccc x10:3f759c0f  x8:10000cc8  PA:10000cc8
13755554ns          226313 1c0081ee 00078363 beq              x15, x0, 6          x15:00000000
13755614ns          226316 1c0081f4 ff7412e3 bne              x8, x23, -28         x8:10000ccc x23:10000fc8
13755673ns          226319 1c0081d8 094c7553 fsub.s           f10, f24, f20       f10=xxxxxxxx f24:3fc90fdb f20:400407d9
13755693ns          226320 1c0081dc 57c000ef jal              x1, 1404             x1=1c0081de
13755733ns          226322 1c008758 a0a527d3 feq.s            x15, f10, f10       x15=00000001 f10:befbff5c f10:befbff5c
13755753ns          226323 1c00875c 0a078b63 beq              x15, x0, 182        x15:00000001
13755773ns          226324 1c00875e e00517d3 fclass.s         x15, f10            x15=00000002 f10:befbff5c
13755793ns          226325 1c008762 0817f793 andi             x15, x15, 129       x15=00000000 x15:00000002
13755813ns          226326 1c008766 0a079663 bne              x15, x0, 172        x15:00000000
13755832ns          226327 1c008768 00000793 addi             x15, x0, 0          x15=00000000
13755852ns          226328 1c00876c a0f517d3 flt.s            x15, f10, f15       x15=00000001 f10:befbff5c f15:00000000
13755872ns          226329 1c008770 0a079663 bne              x15, x0, 172        x15:00000001
13755932ns          226332 1c00881c 1c0007b7 lui              x15, 0x1c000000     x15=1c000000
13755952ns          226333 1c008820 12c7a783 lw               x15, 300(x15)       x15=c0c90fdb x15:1c000000  PA:1c00012c
13756270ns          226349 1c008824 a0f517d3 flt.s            x15, f10, f15       x15=00000000 f10:befbff5c f15:c0c90fdb
13756290ns          226350 1c008828 00078463 beq              x15, x0, 8          x15:00000000
13756350ns          226353 1c008830 20a51553 fsgnjn.s         f10, f10, f10       f10=xxxxxxxx f10:befbff5c f10:befbff5c
13756369ns          226354 1c008834 f6bff06f jal              x0, -150           
13756429ns          226357 1c00879e 1c0007b7 lui              x15, 0x1c000000     x15=1c000000
13756449ns          226358 1c0087a2 01c7a783 lw               x15, 28(x15)        x15=3fc90fdb x15:1c000000  PA:1c00001c
13756787ns          226375 1c0087a6 a0f517d3 flt.s            x15, f10, f15       x15=00000001 f10:3efbff5c f15:3fc90fdb
13756807ns          226376 1c0087aa 02079563 bne              x15, x0, 42         x15:00000001
13756867ns          226379 1c0087d4 10a57553 fmul.s           f10, f10, f10       f10=xxxxxxxx f10:3efbff5c f10:3efbff5c
13756887ns          226380 1c0087d8 1c0007b7 lui              x15, 0x1c000000     x15=1c000000
13756906ns          226381 1c0087dc 1c000737 lui              x14, 0x1c000000     x14=1c000000
13756926ns          226382 1c0087e0 13472703 lw               x14, 308(x14)       x14=bab59551 x14:1c000000  PA:1c000134
13757225ns          226397 1c0087e4 1307a783 lw               x15, 304(x15)       x15=37c23ab1 x15:1c000000  PA:1c000130
13757543ns          226413 1c0087e8 70f577c3 fmadd.s          f15, f10, f15, f14  f15=xxxxxxxx f10:3e780ebd f15:37c23ab1 f14:bab59551
13757563ns          226414 1c0087ec 1c000737 lui              x14, 0x1c000000     x14=1c000000
13757583ns          226415 1c0087f0 13872703 lw               x14, 312(x14)       x14=3d2aa76f x14:1c000000  PA:1c000138
13757921ns          226432 1c0087f4 70f577c3 fmadd.s          f15, f10, f15, f14  f15=xxxxxxxx f10:3e780ebd f15:bab4d91d f14:3d2aa76f
13757941ns          226433 1c0087f8 1c000737 lui              x14, 0x1c000000     x14=1c000000
13757961ns          226434 1c0087fc 13c72703 lw               x14, 316(x14)       x14=beffffe0 x14:1c000000  PA:1c00013c
13758279ns          226450 1c008800 70f577c3 fmadd.s          f15, f10, f15, f14  f15=xxxxxxxx f10:3e780ebd f15:3d2948f6 f14:beffffe0
13758299ns          226451 1c008804 1c000737 lui              x14, 0x1c000000     x14=1c000000
13758319ns          226452 1c008808 16872703 lw               x14, 360(x14)       x14=3f7fffff x14:1c000000  PA:1c000168
13758637ns          226468 1c00880c 70f57543 fmadd.s          f10, f10, f15, f14  f10=xxxxxxxx f10:3e780ebd f15:befadf9d f14:3f7fffff
13758657ns          226469 1c008810 00008067 jalr             x0, x1, 0            x1:1c0081de
13758717ns          226472 1c0081de 016a7a53 fadd.s           f20, f20, f22       f20=xxxxxxxx f20:400407d9 f22:3e533fc3
13758736ns          226473 1c0081e2 10acf553 fmul.s           f10, f25, f10       f10=xxxxxxxx f25:3f800000 f10:3f619d1d
13758756ns          226474 1c0081e6 a14a97d3 flt.s            x15, f21, f20       x15=00000000 f21:40c90fdb f20:40113bd5
13758776ns          226475 1c0081ea 00a4222b p.sw             x10, 4(x8!)          x8=10000cd0 x10:3f619d1d  x8:10000ccc  PA:10000ccc
13758796ns          226476 1c0081ee 00078363 beq              x15, x0, 6          x15:00000000
13758856ns          226479 1c0081f4 ff7412e3 bne              x8, x23, -28         x8:10000cd0 x23:10000fc8
13758915ns          226482 1c0081d8 094c7553 fsub.s           f10, f24, f20       f10=xxxxxxxx f24:3fc90fdb f20:40113bd5
13758935ns          226483 1c0081dc 57c000ef jal              x1, 1404             x1=1c0081de
13758975ns          226485 1c008758 a0a527d3 feq.s            x15, f10, f10       x15=00000001 f10:bf32cf9e f10:bf32cf9e
13758995ns          226486 1c00875c 0a078b63 beq              x15, x0, 182        x15:00000001
13759015ns          226487 1c00875e e00517d3 fclass.s         x15, f10            x15=00000002 f10:bf32cf9e
13759035ns          226488 1c008762 0817f793 andi             x15, x15, 129       x15=00000000 x15:00000002
13759055ns          226489 1c008766 0a079663 bne              x15, x0, 172        x15:00000000
13759075ns          226490 1c008768 00000793 addi             x15, x0, 0          x15=00000000
13759094ns          226491 1c00876c a0f517d3 flt.s            x15, f10, f15       x15=00000001 f10:bf32cf9e f15:00000000
13759114ns          226492 1c008770 0a079663 bne              x15, x0, 172        x15:00000001
13759174ns          226495 1c00881c 1c0007b7 lui              x15, 0x1c000000     x15=1c000000
13759194ns          226496 1c008820 12c7a783 lw               x15, 300(x15)       x15=c0c90fdb x15:1c000000  PA:1c00012c
13759532ns          226513 1c008824 a0f517d3 flt.s            x15, f10, f15       x15=00000000 f10:bf32cf9e f15:c0c90fdb
13759552ns          226514 1c008828 00078463 beq              x15, x0, 8          x15:00000000
13759612ns          226517 1c008830 20a51553 fsgnjn.s         f10, f10, f10       f10=xxxxxxxx f10:bf32cf9e f10:bf32cf9e
13759632ns          226518 1c008834 f6bff06f jal              x0, -150           
13759691ns          226521 1c00879e 1c0007b7 lui              x15, 0x1c000000     x15=1c000000
13759711ns          226522 1c0087a2 01c7a783 lw               x15, 28(x15)        x15=3fc90fdb x15:1c000000  PA:1c00001c
13760029ns          226538 1c0087a6 a0f517d3 flt.s            x15, f10, f15       x15=00000001 f10:3f32cf9e f15:3fc90fdb
13760049ns          226539 1c0087aa 02079563 bne              x15, x0, 42         x15:00000001
13760109ns          226542 1c0087d4 10a57553 fmul.s           f10, f10, f10       f10=xxxxxxxx f10:3f32cf9e f10:3f32cf9e
13760129ns          226543 1c0087d8 1c0007b7 lui              x15, 0x1c000000     x15=1c000000
13760149ns          226544 1c0087dc 1c000737 lui              x14, 0x1c000000     x14=1c000000
13760169ns          226545 1c0087e0 13472703 lw               x14, 308(x14)       x14=bab59551 x14:1c000000  PA:1c000134
13760467ns          226560 1c0087e4 1307a783 lw               x15, 304(x15)       x15=37c23ab1 x15:1c000000  PA:1c000130
13760785ns          226576 1c0087e8 70f577c3 fmadd.s          f15, f10, f15, f14  f15=xxxxxxxx f10:3ef9cac0 f15:37c23ab1 f14:bab59551
13760805ns          226577 1c0087ec 1c000737 lui              x14, 0x1c000000     x14=1c000000
13760825ns          226578 1c0087f0 13872703 lw               x14, 312(x14)       x14=3d2aa76f x14:1c000000  PA:1c000138
13761143ns          226594 1c0087f4 70f577c3 fmadd.s          f15, f10, f15, f14  f15=xxxxxxxx f10:3ef9cac0 f15:bab41a47 f14:3d2aa76f
13761163ns          226595 1c0087f8 1c000737 lui              x14, 0x1c000000     x14=1c000000
13761183ns          226596 1c0087fc 13c72703 lw               x14, 316(x14)       x14=beffffe0 x14:1c000000  PA:1c00013c
13761501ns          226612 1c008800 70f577c3 fmadd.s          f15, f10, f15, f14  f15=xxxxxxxx f10:3ef9cac0 f15:3d27e87e f14:beffffe0
13761521ns          226613 1c008804 1c000737 lui              x14, 0x1c000000     x14=1c000000
13761541ns          226614 1c008808 16872703 lw               x14, 360(x14)       x14=3f7fffff x14:1c000000  PA:1c000168
13761859ns          226630 1c00880c 70f57543 fmadd.s          f10, f10, f15, f14  f10=xxxxxxxx f10:3ef9cac0 f15:bef5c27e f14:3f7fffff
13761879ns          226631 1c008810 00008067 jalr             x0, x1, 0            x1:1c0081de
13761939ns          226634 1c0081de 016a7a53 fadd.s           f20, f20, f22       f20=xxxxxxxx f20:40113bd5 f22:3e533fc3
13761959ns          226635 1c0081e2 10acf553 fmul.s           f10, f25, f10       f10=xxxxxxxx f25:3f800000 f10:3f440ccb
13761979ns          226636 1c0081e6 a14a97d3 flt.s            x15, f21, f20       x15=00000000 f21:40c90fdb f20:401e6fd1
13761999ns          226637 1c0081ea 00a4222b p.sw             x10, 4(x8!)          x8=10000cd4 x10:3f440ccb  x8:10000cd0  PA:10000cd0
13762018ns          226638 1c0081ee 00078363 beq              x15, x0, 6          x15:00000000
13762078ns          226641 1c0081f4 ff7412e3 bne              x8, x23, -28         x8:10000cd4 x23:10000fc8
13762138ns          226644 1c0081d8 094c7553 fsub.s           f10, f24, f20       f10=xxxxxxxx f24:3fc90fdb f20:401e6fd1
13762158ns          226645 1c0081dc 57c000ef jal              x1, 1404             x1=1c0081de
13762197ns          226647 1c008758 a0a527d3 feq.s            x15, f10, f10       x15=00000001 f10:bf679f8e f10:bf679f8e
13762217ns          226648 1c00875c 0a078b63 beq              x15, x0, 182        x15:00000001
13762237ns          226649 1c00875e e00517d3 fclass.s         x15, f10            x15=00000002 f10:bf679f8e
13762257ns          226650 1c008762 0817f793 andi             x15, x15, 129       x15=00000000 x15:00000002
13762277ns          226651 1c008766 0a079663 bne              x15, x0, 172        x15:00000000
13762297ns          226652 1c008768 00000793 addi             x15, x0, 0          x15=00000000
13762317ns          226653 1c00876c a0f517d3 flt.s            x15, f10, f15       x15=00000001 f10:bf679f8e f15:00000000
13762337ns          226654 1c008770 0a079663 bne              x15, x0, 172        x15:00000001
13762396ns          226657 1c00881c 1c0007b7 lui              x15, 0x1c000000     x15=1c000000
13762416ns          226658 1c008820 12c7a783 lw               x15, 300(x15)       x15=c0c90fdb x15:1c000000  PA:1c00012c
13762754ns          226675 1c008824 a0f517d3 flt.s            x15, f10, f15       x15=00000000 f10:bf679f8e f15:c0c90fdb
13762774ns          226676 1c008828 00078463 beq              x15, x0, 8          x15:00000000
13762834ns          226679 1c008830 20a51553 fsgnjn.s         f10, f10, f10       f10=xxxxxxxx f10:bf679f8e f10:bf679f8e
13762854ns          226680 1c008834 f6bff06f jal              x0, -150           
13762914ns          226683 1c00879e 1c0007b7 lui              x15, 0x1c000000     x15=1c000000
13762933ns          226684 1c0087a2 01c7a783 lw               x15, 28(x15)        x15=3fc90fdb x15:1c000000  PA:1c00001c
13763291ns          226702 1c0087a6 a0f517d3 flt.s            x15, f10, f15       x15=00000001 f10:3f679f8e f15:3fc90fdb
13763311ns          226703 1c0087aa 02079563 bne              x15, x0, 42         x15:00000001
13763371ns          226706 1c0087d4 10a57553 fmul.s           f10, f10, f10       f10=xxxxxxxx f10:3f679f8e f10:3f679f8e
13763391ns          226707 1c0087d8 1c0007b7 lui              x15, 0x1c000000     x15=1c000000
13763411ns          226708 1c0087dc 1c000737 lui              x14, 0x1c000000     x14=1c000000
13763431ns          226709 1c0087e0 13472703 lw               x14, 308(x14)       x14=bab59551 x14:1c000000  PA:1c000134
13763749ns          226725 1c0087e4 1307a783 lw               x15, 304(x15)       x15=37c23ab1 x15:1c000000  PA:1c000130
13764067ns          226741 1c0087e8 70f577c3 fmadd.s          f15, f10, f15, f14  f15=xxxxxxxx f10:3f519156 f15:37c23ab1 f14:bab59551
13764087ns          226742 1c0087ec 1c000737 lui              x14, 0x1c000000     x14=1c000000
13764107ns          226743 1c0087f0 13872703 lw               x14, 312(x14)       x14=3d2aa76f x14:1c000000  PA:1c000138
13764425ns          226759 1c0087f4 70f577c3 fmadd.s          f15, f10, f15, f14  f15=xxxxxxxx f10:3f519156 f15:bab31950 f14:3d2aa76f
13764445ns          226760 1c0087f8 1c000737 lui              x14, 0x1c000000     x14=1c000000
13764465ns          226761 1c0087fc 13c72703 lw               x14, 316(x14)       x14=beffffe0 x14:1c000000  PA:1c00013c
13764803ns          226778 1c008800 70f577c3 fmadd.s          f15, f10, f15, f14  f15=xxxxxxxx f10:3f519156 f15:3d261284 f14:beffffe0
13764823ns          226779 1c008804 1c000737 lui              x14, 0x1c000000     x14=1c000000
13764843ns          226780 1c008808 16872703 lw               x14, 360(x14)       x14=3f7fffff x14:1c000000  PA:1c000168
13765161ns          226796 1c00880c 70f57543 fmadd.s          f10, f10, f15, f14  f10=xxxxxxxx f10:3f519156 f15:beef0173 f14:3f7fffff
13765181ns          226797 1c008810 00008067 jalr             x0, x1, 0            x1:1c0081de
13765241ns          226800 1c0081de 016a7a53 fadd.s           f20, f20, f22       f20=xxxxxxxx f20:401e6fd1 f22:3e533fc3
13765261ns          226801 1c0081e2 10acf553 fmul.s           f10, f25, f10       f10=xxxxxxxx f25:3f800000 f10:3f1e2c10
13765281ns          226802 1c0081e6 a14a97d3 flt.s            x15, f21, f20       x15=00000000 f21:40c90fdb f20:402ba3cd
13765300ns          226803 1c0081ea 00a4222b p.sw             x10, 4(x8!)          x8=10000cd8 x10:3f1e2c10  x8:10000cd4  PA:10000cd4
13765320ns          226804 1c0081ee 00078363 beq              x15, x0, 6          x15:00000000
13765380ns          226807 1c0081f4 ff7412e3 bne              x8, x23, -28         x8:10000cd8 x23:10000fc8
13765440ns          226810 1c0081d8 094c7553 fsub.s           f10, f24, f20       f10=xxxxxxxx f24:3fc90fdb f20:402ba3cd
13765460ns          226811 1c0081dc 57c000ef jal              x1, 1404             x1=1c0081de
13765499ns          226813 1c008758 a0a527d3 feq.s            x15, f10, f10       x15=00000001 f10:bf8e37bf f10:bf8e37bf
13765519ns          226814 1c00875c 0a078b63 beq              x15, x0, 182        x15:00000001
13765539ns          226815 1c00875e e00517d3 fclass.s         x15, f10            x15=00000002 f10:bf8e37bf
13765559ns          226816 1c008762 0817f793 andi             x15, x15, 129       x15=00000000 x15:00000002
13765579ns          226817 1c008766 0a079663 bne              x15, x0, 172        x15:00000000
13765599ns          226818 1c008768 00000793 addi             x15, x0, 0          x15=00000000
13765619ns          226819 1c00876c a0f517d3 flt.s            x15, f10, f15       x15=00000001 f10:bf8e37bf f15:00000000
13765639ns          226820 1c008770 0a079663 bne              x15, x0, 172        x15:00000001
13765698ns          226823 1c00881c 1c0007b7 lui              x15, 0x1c000000     x15=1c000000
13765718ns          226824 1c008820 12c7a783 lw               x15, 300(x15)       x15=c0c90fdb x15:1c000000  PA:1c00012c
13766056ns          226841 1c008824 a0f517d3 flt.s            x15, f10, f15       x15=00000000 f10:bf8e37bf f15:c0c90fdb
13766076ns          226842 1c008828 00078463 beq              x15, x0, 8          x15:00000000
13766136ns          226845 1c008830 20a51553 fsgnjn.s         f10, f10, f10       f10=xxxxxxxx f10:bf8e37bf f10:bf8e37bf
13766156ns          226846 1c008834 f6bff06f jal              x0, -150           
13766215ns          226849 1c00879e 1c0007b7 lui              x15, 0x1c000000     x15=1c000000
13766235ns          226850 1c0087a2 01c7a783 lw               x15, 28(x15)        x15=3fc90fdb x15:1c000000  PA:1c00001c
13766554ns          226866 1c0087a6 a0f517d3 flt.s            x15, f10, f15       x15=00000001 f10:3f8e37bf f15:3fc90fdb
13766573ns          226867 1c0087aa 02079563 bne              x15, x0, 42         x15:00000001
13766633ns          226870 1c0087d4 10a57553 fmul.s           f10, f10, f10       f10=xxxxxxxx f10:3f8e37bf f10:3f8e37bf
13766653ns          226871 1c0087d8 1c0007b7 lui              x15, 0x1c000000     x15=1c000000
13766673ns          226872 1c0087dc 1c000737 lui              x14, 0x1c000000     x14=1c000000
13766693ns          226873 1c0087e0 13472703 lw               x14, 308(x14)       x14=bab59551 x14:1c000000  PA:1c000134
13766991ns          226888 1c0087e4 1307a783 lw               x15, 304(x15)       x15=37c23ab1 x15:1c000000  PA:1c000130
13767329ns          226905 1c0087e8 70f577c3 fmadd.s          f15, f10, f15, f14  f15=xxxxxxxx f10:3f9e03c8 f15:37c23ab1 f14:bab59551
13767349ns          226906 1c0087ec 1c000737 lui              x14, 0x1c000000     x14=1c000000
13767369ns          226907 1c0087f0 13872703 lw               x14, 312(x14)       x14=3d2aa76f x14:1c000000  PA:1c000138
13767687ns          226923 1c0087f4 70f577c3 fmadd.s          f15, f10, f15, f14  f15=xxxxxxxx f10:3f9e03c8 f15:bab1d638 f14:3d2aa76f
13767707ns          226924 1c0087f8 1c000737 lui              x14, 0x1c000000     x14=1c000000
13767727ns          226925 1c0087fc 13c72703 lw               x14, 316(x14)       x14=beffffe0 x14:1c000000  PA:1c00013c
13768045ns          226941 1c008800 70f577c3 fmadd.s          f15, f10, f15, f14  f15=xxxxxxxx f10:3f9e03c8 f15:3d23cb22 f14:beffffe0
13768065ns          226942 1c008804 1c000737 lui              x14, 0x1c000000     x14=1c000000
13768085ns          226943 1c008808 16872703 lw               x14, 360(x14)       x14=3f7fffff x14:1c000000  PA:1c000168
13768403ns          226959 1c00880c 70f57543 fmadd.s          f10, f10, f15, f14  f10=xxxxxxxx f10:3f9e03c8 f15:bee6b96d f14:3f7fffff
13768423ns          226960 1c008810 00008067 jalr             x0, x1, 0            x1:1c0081de
13768483ns          226963 1c0081de 016a7a53 fadd.s           f20, f20, f22       f20=xxxxxxxx f20:402ba3cd f22:3e533fc3
13768503ns          226964 1c0081e2 10acf553 fmul.s           f10, f25, f10       f10=xxxxxxxx f25:3f800000 f10:3ee32c4b
13768523ns          226965 1c0081e6 a14a97d3 flt.s            x15, f21, f20       x15=00000000 f21:40c90fdb f20:4038d7c9
13768543ns          226966 1c0081ea 00a4222b p.sw             x10, 4(x8!)          x8=10000cdc x10:3ee32c4b  x8:10000cd8  PA:10000cd8
13768562ns          226967 1c0081ee 00078363 beq              x15, x0, 6          x15:00000000
13768622ns          226970 1c0081f4 ff7412e3 bne              x8, x23, -28         x8:10000cdc x23:10000fc8
13768682ns          226973 1c0081d8 094c7553 fsub.s           f10, f24, f20       f10=xxxxxxxx f24:3fc90fdb f20:4038d7c9
13768702ns          226974 1c0081dc 57c000ef jal              x1, 1404             x1=1c0081de
13768741ns          226976 1c008758 a0a527d3 feq.s            x15, f10, f10       x15=00000001 f10:bfa89fb7 f10:bfa89fb7
13768761ns          226977 1c00875c 0a078b63 beq              x15, x0, 182        x15:00000001
13768781ns          226978 1c00875e e00517d3 fclass.s         x15, f10            x15=00000002 f10:bfa89fb7
13768801ns          226979 1c008762 0817f793 andi             x15, x15, 129       x15=00000000 x15:00000002
13768821ns          226980 1c008766 0a079663 bne              x15, x0, 172        x15:00000000
13768841ns          226981 1c008768 00000793 addi             x15, x0, 0          x15=00000000
13768861ns          226982 1c00876c a0f517d3 flt.s            x15, f10, f15       x15=00000001 f10:bfa89fb7 f15:00000000
13768881ns          226983 1c008770 0a079663 bne              x15, x0, 172        x15:00000001
13768940ns          226986 1c00881c 1c0007b7 lui              x15, 0x1c000000     x15=1c000000
13768960ns          226987 1c008820 12c7a783 lw               x15, 300(x15)       x15=c0c90fdb x15:1c000000  PA:1c00012c
13769298ns          227004 1c008824 a0f517d3 flt.s            x15, f10, f15       x15=00000000 f10:bfa89fb7 f15:c0c90fdb
13769318ns          227005 1c008828 00078463 beq              x15, x0, 8          x15:00000000
13769378ns          227008 1c008830 20a51553 fsgnjn.s         f10, f10, f10       f10=xxxxxxxx f10:bfa89fb7 f10:bfa89fb7
13769398ns          227009 1c008834 f6bff06f jal              x0, -150           
13769458ns          227012 1c00879e 1c0007b7 lui              x15, 0x1c000000     x15=1c000000
13769477ns          227013 1c0087a2 01c7a783 lw               x15, 28(x15)        x15=3fc90fdb x15:1c000000  PA:1c00001c
13769835ns          227031 1c0087a6 a0f517d3 flt.s            x15, f10, f15       x15=00000001 f10:3fa89fb7 f15:3fc90fdb
13769855ns          227032 1c0087aa 02079563 bne              x15, x0, 42         x15:00000001
13769915ns          227035 1c0087d4 10a57553 fmul.s           f10, f10, f10       f10=xxxxxxxx f10:3fa89fb7 f10:3fa89fb7
13769935ns          227036 1c0087d8 1c0007b7 lui              x15, 0x1c000000     x15=1c000000
13769955ns          227037 1c0087dc 1c000737 lui              x14, 0x1c000000     x14=1c000000
13769975ns          227038 1c0087e0 13472703 lw               x14, 308(x14)       x14=bab59551 x14:1c000000  PA:1c000134
13770293ns          227054 1c0087e4 1307a783 lw               x15, 304(x15)       x15=37c23ab1 x15:1c000000  PA:1c000130
13770611ns          227070 1c0087e8 70f577c3 fmadd.s          f15, f10, f15, f14  f15=xxxxxxxx f10:3fde2408 f15:37c23ab1 f14:bab59551
13770631ns          227071 1c0087ec 1c000737 lui              x14, 0x1c000000     x14=1c000000
13770651ns          227072 1c0087f0 13872703 lw               x14, 312(x14)       x14=3d2aa76f x14:1c000000  PA:1c000138
13770969ns          227088 1c0087f4 70f577c3 fmadd.s          f15, f10, f15, f14  f15=xxxxxxxx f10:3fde2408 f15:bab050ff f14:3d2aa76f
13770989ns          227089 1c0087f8 1c000737 lui              x14, 0x1c000000     x14=1c000000
13771009ns          227090 1c0087fc 13c72703 lw               x14, 316(x14)       x14=beffffe0 x14:1c000000  PA:1c00013c
13771347ns          227107 1c008800 70f577c3 fmadd.s          f15, f10, f15, f14  f15=xxxxxxxx f10:3fde2408 f15:3d21177e f14:beffffe0
13771367ns          227108 1c008804 1c000737 lui              x14, 0x1c000000     x14=1c000000
13771387ns          227109 1c008808 16872703 lw               x14, 360(x14)       x14=3f7fffff x14:1c000000  PA:1c000168
13771705ns          227125 1c00880c 70f57543 fmadd.s          f10, f10, f15, f14  f10=xxxxxxxx f10:3fde2408 f15:bedd0d9d f14:3f7fffff
13771725ns          227126 1c008810 00008067 jalr             x0, x1, 0            x1:1c0081de
13771785ns          227129 1c0081de 016a7a53 fadd.s           f20, f20, f22       f20=xxxxxxxx f20:4038d7c9 f22:3e533fc3
13771805ns          227130 1c0081e2 10acf553 fmul.s           f10, f25, f10       f10=xxxxxxxx f25:3f800000 f10:3e805e28
13771825ns          227131 1c0081e6 a14a97d3 flt.s            x15, f21, f20       x15=00000000 f21:40c90fdb f20:40460bc5
13771844ns          227132 1c0081ea 00a4222b p.sw             x10, 4(x8!)          x8=10000ce0 x10:3e805e28  x8:10000cdc  PA:10000cdc
13771864ns          227133 1c0081ee 00078363 beq              x15, x0, 6          x15:00000000
13771924ns          227136 1c0081f4 ff7412e3 bne              x8, x23, -28         x8:10000ce0 x23:10000fc8
13771984ns          227139 1c0081d8 094c7553 fsub.s           f10, f24, f20       f10=xxxxxxxx f24:3fc90fdb f20:40460bc5
13772004ns          227140 1c0081dc 57c000ef jal              x1, 1404             x1=1c0081de
13772043ns          227142 1c008758 a0a527d3 feq.s            x15, f10, f10       x15=00000001 f10:bfc307af f10:bfc307af
13772063ns          227143 1c00875c 0a078b63 beq              x15, x0, 182        x15:00000001
13772083ns          227144 1c00875e e00517d3 fclass.s         x15, f10            x15=00000002 f10:bfc307af
13772103ns          227145 1c008762 0817f793 andi             x15, x15, 129       x15=00000000 x15:00000002
13772123ns          227146 1c008766 0a079663 bne              x15, x0, 172        x15:00000000
13772143ns          227147 1c008768 00000793 addi             x15, x0, 0          x15=00000000
13772163ns          227148 1c00876c a0f517d3 flt.s            x15, f10, f15       x15=00000001 f10:bfc307af f15:00000000
13772183ns          227149 1c008770 0a079663 bne              x15, x0, 172        x15:00000001
13772242ns          227152 1c00881c 1c0007b7 lui              x15, 0x1c000000     x15=1c000000
13772262ns          227153 1c008820 12c7a783 lw               x15, 300(x15)       x15=c0c90fdb x15:1c000000  PA:1c00012c
13772600ns          227170 1c008824 a0f517d3 flt.s            x15, f10, f15       x15=00000000 f10:bfc307af f15:c0c90fdb
13772620ns          227171 1c008828 00078463 beq              x15, x0, 8          x15:00000000
13772680ns          227174 1c008830 20a51553 fsgnjn.s         f10, f10, f10       f10=xxxxxxxx f10:bfc307af f10:bfc307af
13772700ns          227175 1c008834 f6bff06f jal              x0, -150           
13772759ns          227178 1c00879e 1c0007b7 lui              x15, 0x1c000000     x15=1c000000
13772779ns          227179 1c0087a2 01c7a783 lw               x15, 28(x15)        x15=3fc90fdb x15:1c000000  PA:1c00001c
13773098ns          227195 1c0087a6 a0f517d3 flt.s            x15, f10, f15       x15=00000001 f10:3fc307af f15:3fc90fdb
13773117ns          227196 1c0087aa 02079563 bne              x15, x0, 42         x15:00000001
13773177ns          227199 1c0087d4 10a57553 fmul.s           f10, f10, f10       f10=xxxxxxxx f10:3fc307af f10:3fc307af
13773197ns          227200 1c0087d8 1c0007b7 lui              x15, 0x1c000000     x15=1c000000
13773217ns          227201 1c0087dc 1c000737 lui              x14, 0x1c000000     x14=1c000000
13773237ns          227202 1c0087e0 13472703 lw               x14, 308(x14)       x14=bab59551 x14:1c000000  PA:1c000134
13773535ns          227217 1c0087e4 1307a783 lw               x15, 304(x15)       x15=37c23ab1 x15:1c000000  PA:1c000130
13773853ns          227233 1c0087e8 70f577c3 fmadd.s          f15, f10, f15, f14  f15=xxxxxxxx f10:401494b5 f15:37c23ab1 f14:bab59551
13773873ns          227234 1c0087ec 1c000737 lui              x14, 0x1c000000     x14=1c000000
13773893ns          227235 1c0087f0 13872703 lw               x14, 312(x14)       x14=3d2aa76f x14:1c000000  PA:1c000138
13774251ns          227253 1c0087f4 70f577c3 fmadd.s          f15, f10, f15, f14  f15=xxxxxxxx f10:401494b5 f15:baae89a5 f14:3d2aa76f
13774271ns          227254 1c0087f8 1c000737 lui              x14, 0x1c000000     x14=1c000000
13774291ns          227255 1c0087fc 13c72703 lw               x14, 316(x14)       x14=beffffe0 x14:1c000000  PA:1c00013c
13774609ns          227271 1c008800 70f577c3 fmadd.s          f15, f10, f15, f14  f15=xxxxxxxx f10:401494b5 f15:3d1dfdd0 f14:beffffe0
13774629ns          227272 1c008804 1c000737 lui              x14, 0x1c000000     x14=1c000000
13774649ns          227273 1c008808 16872703 lw               x14, 360(x14)       x14=3f7fffff x14:1c000000  PA:1c000168
13774967ns          227289 1c00880c 70f57543 fmadd.s          f10, f10, f15, f14  f10=xxxxxxxx f10:401494b5 f15:bed2269f f14:3f7fffff
13774987ns          227290 1c008810 00008067 jalr             x0, x1, 0            x1:1c0081de
13775047ns          227293 1c0081de 016a7a53 fadd.s           f20, f20, f22       f20=xxxxxxxx f20:40460bc5 f22:3e533fc3
13775067ns          227294 1c0081e2 10acf553 fmul.s           f10, f25, f10       f10=xxxxxxxx f25:3f800000 f10:3d40f315
13775087ns          227295 1c0081e6 a14a97d3 flt.s            x15, f21, f20       x15=00000000 f21:40c90fdb f20:40533fc1
13775107ns          227296 1c0081ea 00a4222b p.sw             x10, 4(x8!)          x8=10000ce4 x10:3d40f315  x8:10000ce0  PA:10000ce0
13775126ns          227297 1c0081ee 00078363 beq              x15, x0, 6          x15:00000000
13775186ns          227300 1c0081f4 ff7412e3 bne              x8, x23, -28         x8:10000ce4 x23:10000fc8
13775246ns          227303 1c0081d8 094c7553 fsub.s           f10, f24, f20       f10=xxxxxxxx f24:3fc90fdb f20:40533fc1
13775266ns          227304 1c0081dc 57c000ef jal              x1, 1404             x1=1c0081de
13775305ns          227306 1c008758 a0a527d3 feq.s            x15, f10, f10       x15=00000001 f10:bfdd6fa7 f10:bfdd6fa7
13775325ns          227307 1c00875c 0a078b63 beq              x15, x0, 182        x15:00000001
13775345ns          227308 1c00875e e00517d3 fclass.s         x15, f10            x15=00000002 f10:bfdd6fa7
13775365ns          227309 1c008762 0817f793 andi             x15, x15, 129       x15=00000000 x15:00000002
13775385ns          227310 1c008766 0a079663 bne              x15, x0, 172        x15:00000000
13775405ns          227311 1c008768 00000793 addi             x15, x0, 0          x15=00000000
13775425ns          227312 1c00876c a0f517d3 flt.s            x15, f10, f15       x15=00000001 f10:bfdd6fa7 f15:00000000
13775445ns          227313 1c008770 0a079663 bne              x15, x0, 172        x15:00000001
13775504ns          227316 1c00881c 1c0007b7 lui              x15, 0x1c000000     x15=1c000000
13775524ns          227317 1c008820 12c7a783 lw               x15, 300(x15)       x15=c0c90fdb x15:1c000000  PA:1c00012c
13775842ns          227333 1c008824 a0f517d3 flt.s            x15, f10, f15       x15=00000000 f10:bfdd6fa7 f15:c0c90fdb
13775862ns          227334 1c008828 00078463 beq              x15, x0, 8          x15:00000000
13775922ns          227337 1c008830 20a51553 fsgnjn.s         f10, f10, f10       f10=xxxxxxxx f10:bfdd6fa7 f10:bfdd6fa7
13775942ns          227338 1c008834 f6bff06f jal              x0, -150           
13776002ns          227341 1c00879e 1c0007b7 lui              x15, 0x1c000000     x15=1c000000
13776022ns          227342 1c0087a2 01c7a783 lw               x15, 28(x15)        x15=3fc90fdb x15:1c000000  PA:1c00001c
13776360ns          227359 1c0087a6 a0f517d3 flt.s            x15, f10, f15       x15=00000000 f10:3fdd6fa7 f15:3fc90fdb
13776380ns          227360 1c0087aa 02079563 bne              x15, x0, 42         x15:00000000
13776399ns          227361 1c0087ac 1c0007b7 lui              x15, 0x1c000000     x15=1c000000
13776419ns          227362 1c0087b0 1007a783 lw               x15, 256(x15)       x15=40490fdb x15:1c000000  PA:1c000100
13776777ns          227380 1c0087b4 a0f51753 flt.s            x14, f10, f15       x14=00000001 f10:3fdd6fa7 f15:40490fdb
13776797ns          227381 1c0087b8 06071f63 bne              x14, x0, 126        x14:00000001
13776877ns          227385 1c008836 08a7f553 fsub.s           f10, f15, f10       f10=xxxxxxxx f15:40490fdb f10:3fdd6fa7
13776897ns          227386 1c00883a 10a57553 fmul.s           f10, f10, f10       f10=xxxxxxxx f10:3fb4b00f f10:3fb4b00f
13776956ns          227389 1c00883e 1c0007b7 lui              x15, 0x1c000000     x15=1c000000
13776996ns          227391 1c008842 1c000737 lui              x14, 0x1c000000     x14=1c000000
13777016ns          227392 1c008846 13472703 lw               x14, 308(x14)       x14=bab59551 x14:1c000000  PA:1c000134
13777314ns          227407 1c00884a 1307a783 lw               x15, 304(x15)       x15=37c23ab1 x15:1c000000  PA:1c000130
13777633ns          227423 1c00884e 70f577c3 fmadd.s          f15, f10, f15, f14  f15=xxxxxxxx f10:3fff101c f15:37c23ab1 f14:bab59551
13777653ns          227424 1c008852 1c000737 lui              x14, 0x1c000000     x14=1c000000
13777672ns          227425 1c008856 13872703 lw               x14, 312(x14)       x14=3d2aa76f x14:1c000000  PA:1c000138
13778011ns          227442 1c00885a 70f577c3 fmadd.s          f15, f10, f15, f14  f15=xxxxxxxx f10:3fff101c f15:baaf892c f14:3d2aa76f
13778030ns          227443 1c00885e 1c000737 lui              x14, 0x1c000000     x14=1c000000
13778050ns          227444 1c008862 13c72703 lw               x14, 316(x14)       x14=beffffe0 x14:1c000000  PA:1c00013c
13778369ns          227460 1c008866 70f577c3 fmadd.s          f15, f10, f15, f14  f15=xxxxxxxx f10:3fff101c f15:3d1fb924 f14:beffffe0
13778389ns          227461 1c00886a 1c000737 lui              x14, 0x1c000000     x14=1c000000
13778408ns          227462 1c00886e 16872703 lw               x14, 360(x14)       x14=3f7fffff x14:1c000000  PA:1c000168
13778727ns          227478 1c008872 70f57543 fmadd.s          f10, f10, f15, f14  f10=xxxxxxxx f10:3fff101c f15:bed83702 f14:3f7fffff
13778747ns          227479 1c008876 20a51553 fsgnjn.s         f10, f10, f10       f10=xxxxxxxx f10:3e224e64 f10:3e224e64
13778766ns          227480 1c00887a 00008067 jalr             x0, x1, 0            x1:1c0081de
13778826ns          227483 1c0081de 016a7a53 fadd.s           f20, f20, f22       f20=xxxxxxxx f20:40533fc1 f22:3e533fc3
13778846ns          227484 1c0081e2 10acf553 fmul.s           f10, f25, f10       f10=xxxxxxxx f25:3f800000 f10:be224e64
13778866ns          227485 1c0081e6 a14a97d3 flt.s            x15, f21, f20       x15=00000000 f21:40c90fdb f20:406073bd
13778886ns          227486 1c0081ea 00a4222b p.sw             x10, 4(x8!)          x8=10000ce8 x10:be224e64  x8:10000ce4  PA:10000ce4
13778906ns          227487 1c0081ee 00078363 beq              x15, x0, 6          x15:00000000
13778965ns          227490 1c0081f4 ff7412e3 bne              x8, x23, -28         x8:10000ce8 x23:10000fc8
13779025ns          227493 1c0081d8 094c7553 fsub.s           f10, f24, f20       f10=xxxxxxxx f24:3fc90fdb f20:406073bd
13779045ns          227494 1c0081dc 57c000ef jal              x1, 1404             x1=1c0081de
13779085ns          227496 1c008758 a0a527d3 feq.s            x15, f10, f10       x15=00000001 f10:bff7d79f f10:bff7d79f
13779105ns          227497 1c00875c 0a078b63 beq              x15, x0, 182        x15:00000001
13779164ns          227500 1c00875e e00517d3 fclass.s         x15, f10            x15=00000002 f10:bff7d79f
13779204ns          227502 1c008762 0817f793 andi             x15, x15, 129       x15=00000000 x15:00000002
13779224ns          227503 1c008766 0a079663 bne              x15, x0, 172        x15:00000000
13779244ns          227504 1c008768 00000793 addi             x15, x0, 0          x15=00000000
13779264ns          227505 1c00876c a0f517d3 flt.s            x15, f10, f15       x15=00000001 f10:bff7d79f f15:00000000
13779303ns          227507 1c008770 0a079663 bne              x15, x0, 172        x15:00000001
13779363ns          227510 1c00881c 1c0007b7 lui              x15, 0x1c000000     x15=1c000000
13779383ns          227511 1c008820 12c7a783 lw               x15, 300(x15)       x15=c0c90fdb x15:1c000000  PA:1c00012c
13779701ns          227527 1c008824 a0f517d3 flt.s            x15, f10, f15       x15=00000000 f10:bff7d79f f15:c0c90fdb
13779721ns          227528 1c008828 00078463 beq              x15, x0, 8          x15:00000000
13779781ns          227531 1c008830 20a51553 fsgnjn.s         f10, f10, f10       f10=xxxxxxxx f10:bff7d79f f10:bff7d79f
13779801ns          227532 1c008834 f6bff06f jal              x0, -150           
13779860ns          227535 1c00879e 1c0007b7 lui              x15, 0x1c000000     x15=1c000000
13779880ns          227536 1c0087a2 01c7a783 lw               x15, 28(x15)        x15=3fc90fdb x15:1c000000  PA:1c00001c
13780199ns          227552 1c0087a6 a0f517d3 flt.s            x15, f10, f15       x15=00000000 f10:3ff7d79f f15:3fc90fdb
13780218ns          227553 1c0087aa 02079563 bne              x15, x0, 42         x15:00000000
13780238ns          227554 1c0087ac 1c0007b7 lui              x15, 0x1c000000     x15=1c000000
13780258ns          227555 1c0087b0 1007a783 lw               x15, 256(x15)       x15=40490fdb x15:1c000000  PA:1c000100
13780596ns          227572 1c0087b4 a0f51753 flt.s            x14, f10, f15       x14=00000001 f10:3ff7d79f f15:40490fdb
13780616ns          227573 1c0087b8 06071f63 bne              x14, x0, 126        x14:00000001
13780696ns          227577 1c008836 08a7f553 fsub.s           f10, f15, f10       f10=xxxxxxxx f15:40490fdb f10:3ff7d79f
13780716ns          227578 1c00883a 10a57553 fmul.s           f10, f10, f10       f10=xxxxxxxx f10:3f9a4817 f10:3f9a4817
13780736ns          227579 1c00883e 1c0007b7 lui              x15, 0x1c000000     x15=1c000000
13780756ns          227580 1c008842 1c000737 lui              x14, 0x1c000000     x14=1c000000
13780775ns          227581 1c008846 13472703 lw               x14, 308(x14)       x14=bab59551 x14:1c000000  PA:1c000134
13781074ns          227596 1c00884a 1307a783 lw               x15, 304(x15)       x15=37c23ab1 x15:1c000000  PA:1c000130
13781412ns          227613 1c00884e 70f577c3 fmadd.s          f15, f10, f15, f14  f15=xxxxxxxx f10:3fb9f5a0 f15:37c23ab1 f14:bab59551
13781432ns          227614 1c008852 1c000737 lui              x14, 0x1c000000     x14=1c000000
13781452ns          227615 1c008856 13872703 lw               x14, 312(x14)       x14=3d2aa76f x14:1c000000  PA:1c000138
13781770ns          227631 1c00885a 70f577c3 fmadd.s          f15, f10, f15, f14  f15=xxxxxxxx f10:3fb9f5a0 f15:bab12c9b f14:3d2aa76f
13781790ns          227632 1c00885e 1c000737 lui              x14, 0x1c000000     x14=1c000000
13781810ns          227633 1c008862 13c72703 lw               x14, 316(x14)       x14=beffffe0 x14:1c000000  PA:1c00013c
13782128ns          227649 1c008866 70f577c3 fmadd.s          f15, f10, f15, f14  f15=xxxxxxxx f10:3fb9f5a0 f15:3d229c3b f14:beffffe0
13782148ns          227650 1c00886a 1c000737 lui              x14, 0x1c000000     x14=1c000000
13782168ns          227651 1c00886e 16872703 lw               x14, 360(x14)       x14=3f7fffff x14:1c000000  PA:1c000168
13782526ns          227669 1c008872 70f57543 fmadd.s          f10, f10, f15, f14  f10=xxxxxxxx f10:3fb9f5a0 f15:bee27825 f14:3f7fffff
13782546ns          227670 1c008876 20a51553 fsgnjn.s         f10, f10, f10       f10=xxxxxxxx f10:3eb6fbc3 f10:3eb6fbc3
13782566ns          227671 1c00887a 00008067 jalr             x0, x1, 0            x1:1c0081de
13782625ns          227674 1c0081de 016a7a53 fadd.s           f20, f20, f22       f20=xxxxxxxx f20:406073bd f22:3e533fc3
13782645ns          227675 1c0081e2 10acf553 fmul.s           f10, f25, f10       f10=xxxxxxxx f25:3f800000 f10:beb6fbc3
13782665ns          227676 1c0081e6 a14a97d3 flt.s            x15, f21, f20       x15=00000000 f21:40c90fdb f20:406da7b9
13782685ns          227677 1c0081ea 00a4222b p.sw             x10, 4(x8!)          x8=10000cec x10:beb6fbc3  x8:10000ce8  PA:10000ce8
13782705ns          227678 1c0081ee 00078363 beq              x15, x0, 6          x15:00000000
13782784ns          227682 1c0081f4 ff7412e3 bne              x8, x23, -28         x8:10000cec x23:10000fc8
13782844ns          227685 1c0081d8 094c7553 fsub.s           f10, f24, f20       f10=xxxxxxxx f24:3fc90fdb f20:406da7b9
13782864ns          227686 1c0081dc 57c000ef jal              x1, 1404             x1=1c0081de
13782904ns          227688 1c008758 a0a527d3 feq.s            x15, f10, f10       x15=00000001 f10:c0091fcc f10:c0091fcc
13782924ns          227689 1c00875c 0a078b63 beq              x15, x0, 182        x15:00000001
13782943ns          227690 1c00875e e00517d3 fclass.s         x15, f10            x15=00000002 f10:c0091fcc
13782963ns          227691 1c008762 0817f793 andi             x15, x15, 129       x15=00000000 x15:00000002
13782983ns          227692 1c008766 0a079663 bne              x15, x0, 172        x15:00000000
13783003ns          227693 1c008768 00000793 addi             x15, x0, 0          x15=00000000
13783023ns          227694 1c00876c a0f517d3 flt.s            x15, f10, f15       x15=00000001 f10:c0091fcc f15:00000000
13783043ns          227695 1c008770 0a079663 bne              x15, x0, 172        x15:00000001
13783103ns          227698 1c00881c 1c0007b7 lui              x15, 0x1c000000     x15=1c000000
13783123ns          227699 1c008820 12c7a783 lw               x15, 300(x15)       x15=c0c90fdb x15:1c000000  PA:1c00012c
13783481ns          227717 1c008824 a0f517d3 flt.s            x15, f10, f15       x15=00000000 f10:c0091fcc f15:c0c90fdb
13783500ns          227718 1c008828 00078463 beq              x15, x0, 8          x15:00000000
13783560ns          227721 1c008830 20a51553 fsgnjn.s         f10, f10, f10       f10=xxxxxxxx f10:c0091fcc f10:c0091fcc
13783580ns          227722 1c008834 f6bff06f jal              x0, -150           
13783640ns          227725 1c00879e 1c0007b7 lui              x15, 0x1c000000     x15=1c000000
13783660ns          227726 1c0087a2 01c7a783 lw               x15, 28(x15)        x15=3fc90fdb x15:1c000000  PA:1c00001c
13783978ns          227742 1c0087a6 a0f517d3 flt.s            x15, f10, f15       x15=00000000 f10:40091fcc f15:3fc90fdb
13783998ns          227743 1c0087aa 02079563 bne              x15, x0, 42         x15:00000000
13784018ns          227744 1c0087ac 1c0007b7 lui              x15, 0x1c000000     x15=1c000000
13784037ns          227745 1c0087b0 1007a783 lw               x15, 256(x15)       x15=40490fdb x15:1c000000  PA:1c000100
13784376ns          227762 1c0087b4 a0f51753 flt.s            x14, f10, f15       x14=00000001 f10:40091fcc f15:40490fdb
13784396ns          227763 1c0087b8 06071f63 bne              x14, x0, 126        x14:00000001
13784475ns          227767 1c008836 08a7f553 fsub.s           f10, f15, f10       f10=xxxxxxxx f15:40490fdb f10:40091fcc
13784495ns          227768 1c00883a 10a57553 fmul.s           f10, f10, f10       f10=xxxxxxxx f10:3f7fc03c f10:3f7fc03c
13784515ns          227769 1c00883e 1c0007b7 lui              x15, 0x1c000000     x15=1c000000
13784535ns          227770 1c008842 1c000737 lui              x14, 0x1c000000     x14=1c000000
13784555ns          227771 1c008846 13472703 lw               x14, 308(x14)       x14=bab59551 x14:1c000000  PA:1c000134
13784853ns          227786 1c00884a 1307a783 lw               x15, 304(x15)       x15=37c23ab1 x15:1c000000  PA:1c000130
13785171ns          227802 1c00884e 70f577c3 fmadd.s          f15, f10, f15, f14  f15=xxxxxxxx f10:3f7f8088 f15:37c23ab1 f14:bab59551
13785191ns          227803 1c008852 1c000737 lui              x14, 0x1c000000     x14=1c000000
13785211ns          227804 1c008856 13872703 lw               x14, 312(x14)       x14=3d2aa76f x14:1c000000  PA:1c000138
13785549ns          227821 1c00885a 70f577c3 fmadd.s          f15, f10, f15, f14  f15=xxxxxxxx f10:3f7f8088 f15:bab28de9 f14:3d2aa76f
13785569ns          227822 1c00885e 1c000737 lui              x14, 0x1c000000     x14=1c000000
13785589ns          227823 1c008862 13c72703 lw               x14, 316(x14)       x14=beffffe0 x14:1c000000  PA:1c00013c
13785927ns          227840 1c008866 70f577c3 fmadd.s          f15, f10, f15, f14  f15=xxxxxxxx f10:3f7f8088 f15:3d2515c7 f14:beffffe0
13785947ns          227841 1c00886a 1c000737 lui              x14, 0x1c000000     x14=1c000000
13785967ns          227842 1c00886e 16872703 lw               x14, 360(x14)       x14=3f7fffff x14:1c000000  PA:1c000168
13786285ns          227858 1c008872 70f57543 fmadd.s          f10, f10, f15, f14  f10=xxxxxxxx f10:3f7f8088 f15:beeb676e f14:3f7fffff
13786305ns          227859 1c008876 20a51553 fsgnjn.s         f10, f10, f10       f10=xxxxxxxx f10:3f0a86e3 f10:3f0a86e3
13786325ns          227860 1c00887a 00008067 jalr             x0, x1, 0            x1:1c0081de
13786385ns          227863 1c0081de 016a7a53 fadd.s           f20, f20, f22       f20=xxxxxxxx f20:406da7b9 f22:3e533fc3
13786404ns          227864 1c0081e2 10acf553 fmul.s           f10, f25, f10       f10=xxxxxxxx f25:3f800000 f10:bf0a86e3
13786424ns          227865 1c0081e6 a14a97d3 flt.s            x15, f21, f20       x15=00000000 f21:40c90fdb f20:407adbb5
13786444ns          227866 1c0081ea 00a4222b p.sw             x10, 4(x8!)          x8=10000cf0 x10:bf0a86e3  x8:10000cec  PA:10000cec
13786464ns          227867 1c0081ee 00078363 beq              x15, x0, 6          x15:00000000
13786524ns          227870 1c0081f4 ff7412e3 bne              x8, x23, -28         x8:10000cf0 x23:10000fc8
13786583ns          227873 1c0081d8 094c7553 fsub.s           f10, f24, f20       f10=xxxxxxxx f24:3fc90fdb f20:407adbb5
13786603ns          227874 1c0081dc 57c000ef jal              x1, 1404             x1=1c0081de
13786643ns          227876 1c008758 a0a527d3 feq.s            x15, f10, f10       x15=00000001 f10:c01653c8 f10:c01653c8
13786663ns          227877 1c00875c 0a078b63 beq              x15, x0, 182        x15:00000001
13786683ns          227878 1c00875e e00517d3 fclass.s         x15, f10            x15=00000002 f10:c01653c8
13786703ns          227879 1c008762 0817f793 andi             x15, x15, 129       x15=00000000 x15:00000002
13786723ns          227880 1c008766 0a079663 bne              x15, x0, 172        x15:00000000
13786743ns          227881 1c008768 00000793 addi             x15, x0, 0          x15=00000000
13786763ns          227882 1c00876c a0f517d3 flt.s            x15, f10, f15       x15=00000001 f10:c01653c8 f15:00000000
13786782ns          227883 1c008770 0a079663 bne              x15, x0, 172        x15:00000001
13786842ns          227886 1c00881c 1c0007b7 lui              x15, 0x1c000000     x15=1c000000
13786862ns          227887 1c008820 12c7a783 lw               x15, 300(x15)       x15=c0c90fdb x15:1c000000  PA:1c00012c
13787180ns          227903 1c008824 a0f517d3 flt.s            x15, f10, f15       x15=00000000 f10:c01653c8 f15:c0c90fdb
13787200ns          227904 1c008828 00078463 beq              x15, x0, 8          x15:00000000
13787260ns          227907 1c008830 20a51553 fsgnjn.s         f10, f10, f10       f10=xxxxxxxx f10:c01653c8 f10:c01653c8
13787280ns          227908 1c008834 f6bff06f jal              x0, -150           
13787339ns          227911 1c00879e 1c0007b7 lui              x15, 0x1c000000     x15=1c000000
13787359ns          227912 1c0087a2 01c7a783 lw               x15, 28(x15)        x15=3fc90fdb x15:1c000000  PA:1c00001c
13787677ns          227928 1c0087a6 a0f517d3 flt.s            x15, f10, f15       x15=00000000 f10:401653c8 f15:3fc90fdb
13787697ns          227929 1c0087aa 02079563 bne              x15, x0, 42         x15:00000000
13787717ns          227930 1c0087ac 1c0007b7 lui              x15, 0x1c000000     x15=1c000000
13787737ns          227931 1c0087b0 1007a783 lw               x15, 256(x15)       x15=40490fdb x15:1c000000  PA:1c000100
13788075ns          227948 1c0087b4 a0f51753 flt.s            x14, f10, f15       x14=00000001 f10:401653c8 f15:40490fdb
13788095ns          227949 1c0087b8 06071f63 bne              x14, x0, 126        x14:00000001
13788175ns          227953 1c008836 08a7f553 fsub.s           f10, f15, f10       f10=xxxxxxxx f15:40490fdb f10:401653c8
13788195ns          227954 1c00883a 10a57553 fmul.s           f10, f10, f10       f10=xxxxxxxx f10:3f4af04c f10:3f4af04c
13788215ns          227955 1c00883e 1c0007b7 lui              x15, 0x1c000000     x15=1c000000
13788234ns          227956 1c008842 1c000737 lui              x14, 0x1c000000     x14=1c000000
13788254ns          227957 1c008846 13472703 lw               x14, 308(x14)       x14=bab59551 x14:1c000000  PA:1c000134
13788573ns          227973 1c00884a 1307a783 lw               x15, 304(x15)       x15=37c23ab1 x15:1c000000  PA:1c000130
13788911ns          227990 1c00884e 70f577c3 fmadd.s          f15, f10, f15, f14  f15=xxxxxxxx f10:3f20e019 f15:37c23ab1 f14:bab59551
13788931ns          227991 1c008852 1c000737 lui              x14, 0x1c000000     x14=1c000000
13788950ns          227992 1c008856 13872703 lw               x14, 312(x14)       x14=3d2aa76f x14:1c000000  PA:1c000138
13789269ns          228008 1c00885a 70f577c3 fmadd.s          f15, f10, f15, f14  f15=xxxxxxxx f10:3f20e019 f15:bab3ad16 f14:3d2aa76f
13789289ns          228009 1c00885e 1c000737 lui              x14, 0x1c000000     x14=1c000000
13789309ns          228010 1c008862 13c72703 lw               x14, 316(x14)       x14=beffffe0 x14:1c000000  PA:1c00013c
13789627ns          228026 1c008866 70f577c3 fmadd.s          f15, f10, f15, f14  f15=xxxxxxxx f10:3f20e019 f15:3d272023 f14:beffffe0
13789647ns          228027 1c00886a 1c000737 lui              x14, 0x1c000000     x14=1c000000
13789667ns          228028 1c00886e 16872703 lw               x14, 360(x14)       x14=3f7fffff x14:1c000000  PA:1c000168
13790005ns          228045 1c008872 70f57543 fmadd.s          f10, f10, f15, f14  f10=xxxxxxxx f10:3f20e019 f15:bef2df14 f14:3f7fffff
13790025ns          228046 1c008876 20a51553 fsgnjn.s         f10, f10, f10       f10=xxxxxxxx f10:3f33affb f10:3f33affb
13790044ns          228047 1c00887a 00008067 jalr             x0, x1, 0            x1:1c0081de
13790104ns          228050 1c0081de 016a7a53 fadd.s           f20, f20, f22       f20=xxxxxxxx f20:407adbb5 f22:3e533fc3
13790124ns          228051 1c0081e2 10acf553 fmul.s           f10, f25, f10       f10=xxxxxxxx f25:3f800000 f10:bf33affb
13790144ns          228052 1c0081e6 a14a97d3 flt.s            x15, f21, f20       x15=00000000 f21:40c90fdb f20:408407d9
13790164ns          228053 1c0081ea 00a4222b p.sw             x10, 4(x8!)          x8=10000cf4 x10:bf33affb  x8:10000cf0  PA:10000cf0
13790184ns          228054 1c0081ee 00078363 beq              x15, x0, 6          x15:00000000
13790243ns          228057 1c0081f4 ff7412e3 bne              x8, x23, -28         x8:10000cf4 x23:10000fc8
13790303ns          228060 1c0081d8 094c7553 fsub.s           f10, f24, f20       f10=xxxxxxxx f24:3fc90fdb f20:408407d9
13790323ns          228061 1c0081dc 57c000ef jal              x1, 1404             x1=1c0081de
13790363ns          228063 1c008758 a0a527d3 feq.s            x15, f10, f10       x15=00000001 f10:c02387c4 f10:c02387c4
13790383ns          228064 1c00875c 0a078b63 beq              x15, x0, 182        x15:00000001
13790403ns          228065 1c00875e e00517d3 fclass.s         x15, f10            x15=00000002 f10:c02387c4
13790422ns          228066 1c008762 0817f793 andi             x15, x15, 129       x15=00000000 x15:00000002
13790442ns          228067 1c008766 0a079663 bne              x15, x0, 172        x15:00000000
13790462ns          228068 1c008768 00000793 addi             x15, x0, 0          x15=00000000
13790482ns          228069 1c00876c a0f517d3 flt.s            x15, f10, f15       x15=00000001 f10:c02387c4 f15:00000000
13790502ns          228070 1c008770 0a079663 bne              x15, x0, 172        x15:00000001
13790562ns          228073 1c00881c 1c0007b7 lui              x15, 0x1c000000     x15=1c000000
13790582ns          228074 1c008820 12c7a783 lw               x15, 300(x15)       x15=c0c90fdb x15:1c000000  PA:1c00012c
13790900ns          228090 1c008824 a0f517d3 flt.s            x15, f10, f15       x15=00000000 f10:c02387c4 f15:c0c90fdb
13790920ns          228091 1c008828 00078463 beq              x15, x0, 8          x15:00000000
13790979ns          228094 1c008830 20a51553 fsgnjn.s         f10, f10, f10       f10=xxxxxxxx f10:c02387c4 f10:c02387c4
13790999ns          228095 1c008834 f6bff06f jal              x0, -150           
13791059ns          228098 1c00879e 1c0007b7 lui              x15, 0x1c000000     x15=1c000000
13791079ns          228099 1c0087a2 01c7a783 lw               x15, 28(x15)        x15=3fc90fdb x15:1c000000  PA:1c00001c
13791397ns          228115 1c0087a6 a0f517d3 flt.s            x15, f10, f15       x15=00000000 f10:402387c4 f15:3fc90fdb
13791417ns          228116 1c0087aa 02079563 bne              x15, x0, 42         x15:00000000
13791437ns          228117 1c0087ac 1c0007b7 lui              x15, 0x1c000000     x15=1c000000
13791457ns          228118 1c0087b0 1007a783 lw               x15, 256(x15)       x15=40490fdb x15:1c000000  PA:1c000100
13791775ns          228134 1c0087b4 a0f51753 flt.s            x14, f10, f15       x14=00000001 f10:402387c4 f15:40490fdb
13791795ns          228135 1c0087b8 06071f63 bne              x14, x0, 126        x14:00000001
13791874ns          228139 1c008836 08a7f553 fsub.s           f10, f15, f10       f10=xxxxxxxx f15:40490fdb f10:402387c4
13791894ns          228140 1c00883a 10a57553 fmul.s           f10, f10, f10       f10=xxxxxxxx f10:3f16205c f10:3f16205c
13791914ns          228141 1c00883e 1c0007b7 lui              x15, 0x1c000000     x15=1c000000
13791934ns          228142 1c008842 1c000737 lui              x14, 0x1c000000     x14=1c000000
13791954ns          228143 1c008846 13472703 lw               x14, 308(x14)       x14=bab59551 x14:1c000000  PA:1c000134
13792252ns          228158 1c00884a 1307a783 lw               x15, 304(x15)       x15=37c23ab1 x15:1c000000  PA:1c000130
13792591ns          228175 1c00884e 70f577c3 fmadd.s          f15, f10, f15, f14  f15=xxxxxxxx f10:3eb013e0 f15:37c23ab1 f14:bab59551
13792610ns          228176 1c008852 1c000737 lui              x14, 0x1c000000     x14=1c000000
13792630ns          228177 1c008856 13872703 lw               x14, 312(x14)       x14=3d2aa76f x14:1c000000  PA:1c000138
13792968ns          228194 1c00885a 70f577c3 fmadd.s          f15, f10, f15, f14  f15=xxxxxxxx f10:3eb013e0 f15:bab48a22 f14:3d2aa76f
13792988ns          228195 1c00885e 1c000737 lui              x14, 0x1c000000     x14=1c000000
13793008ns          228196 1c008862 13c72703 lw               x14, 316(x14)       x14=beffffe0 x14:1c000000  PA:1c00013c
13793326ns          228212 1c008866 70f577c3 fmadd.s          f15, f10, f15, f14  f15=xxxxxxxx f10:3eb013e0 f15:3d28b6bb f14:beffffe0
13793346ns          228213 1c00886a 1c000737 lui              x14, 0x1c000000     x14=1c000000
13793366ns          228214 1c00886e 16872703 lw               x14, 360(x14)       x14=3f7fffff x14:1c000000  PA:1c000168
13793684ns          228230 1c008872 70f57543 fmadd.s          f10, f10, f15, f14  f10=xxxxxxxx f10:3eb013e0 f15:bef8bf34 f14:3f7fffff
13793704ns          228231 1c008876 20a51553 fsgnjn.s         f10, f10, f10       f10=xxxxxxxx f10:3f553a4e f10:3f553a4e
13793724ns          228232 1c00887a 00008067 jalr             x0, x1, 0            x1:1c0081de
13793784ns          228235 1c0081de 016a7a53 fadd.s           f20, f20, f22       f20=xxxxxxxx f20:408407d9 f22:3e533fc3
13793804ns          228236 1c0081e2 10acf553 fmul.s           f10, f25, f10       f10=xxxxxxxx f25:3f800000 f10:bf553a4e
13793824ns          228237 1c0081e6 a14a97d3 flt.s            x15, f21, f20       x15=00000000 f21:40c90fdb f20:408aa1d7
13793844ns          228238 1c0081ea 00a4222b p.sw             x10, 4(x8!)          x8=10000cf8 x10:bf553a4e  x8:10000cf4  PA:10000cf4
13793864ns          228239 1c0081ee 00078363 beq              x15, x0, 6          x15:00000000
13793923ns          228242 1c0081f4 ff7412e3 bne              x8, x23, -28         x8:10000cf8 x23:10000fc8
13793983ns          228245 1c0081d8 094c7553 fsub.s           f10, f24, f20       f10=xxxxxxxx f24:3fc90fdb f20:408aa1d7
13794003ns          228246 1c0081dc 57c000ef jal              x1, 1404             x1=1c0081de
13794043ns          228248 1c008758 a0a527d3 feq.s            x15, f10, f10       x15=00000001 f10:c030bbc0 f10:c030bbc0
13794062ns          228249 1c00875c 0a078b63 beq              x15, x0, 182        x15:00000001
13794082ns          228250 1c00875e e00517d3 fclass.s         x15, f10            x15=00000002 f10:c030bbc0
13794102ns          228251 1c008762 0817f793 andi             x15, x15, 129       x15=00000000 x15:00000002
13794122ns          228252 1c008766 0a079663 bne              x15, x0, 172        x15:00000000
13794142ns          228253 1c008768 00000793 addi             x15, x0, 0          x15=00000000
13794162ns          228254 1c00876c a0f517d3 flt.s            x15, f10, f15       x15=00000001 f10:c030bbc0 f15:00000000
13794182ns          228255 1c008770 0a079663 bne              x15, x0, 172        x15:00000001
13794241ns          228258 1c00881c 1c0007b7 lui              x15, 0x1c000000     x15=1c000000
13794261ns          228259 1c008820 12c7a783 lw               x15, 300(x15)       x15=c0c90fdb x15:1c000000  PA:1c00012c
13794580ns          228275 1c008824 a0f517d3 flt.s            x15, f10, f15       x15=00000000 f10:c030bbc0 f15:c0c90fdb
13794599ns          228276 1c008828 00078463 beq              x15, x0, 8          x15:00000000
13794659ns          228279 1c008830 20a51553 fsgnjn.s         f10, f10, f10       f10=xxxxxxxx f10:c030bbc0 f10:c030bbc0
13794679ns          228280 1c008834 f6bff06f jal              x0, -150           
13794739ns          228283 1c00879e 1c0007b7 lui              x15, 0x1c000000     x15=1c000000
13794759ns          228284 1c0087a2 01c7a783 lw               x15, 28(x15)        x15=3fc90fdb x15:1c000000  PA:1c00001c
13795077ns          228300 1c0087a6 a0f517d3 flt.s            x15, f10, f15       x15=00000000 f10:4030bbc0 f15:3fc90fdb
13795097ns          228301 1c0087aa 02079563 bne              x15, x0, 42         x15:00000000
13795117ns          228302 1c0087ac 1c0007b7 lui              x15, 0x1c000000     x15=1c000000
13795137ns          228303 1c0087b0 1007a783 lw               x15, 256(x15)       x15=40490fdb x15:1c000000  PA:1c000100
13795455ns          228319 1c0087b4 a0f51753 flt.s            x14, f10, f15       x14=00000001 f10:4030bbc0 f15:40490fdb
13795475ns          228320 1c0087b8 06071f63 bne              x14, x0, 126        x14:00000001
13795554ns          228324 1c008836 08a7f553 fsub.s           f10, f15, f10       f10=xxxxxxxx f15:40490fdb f10:4030bbc0
13795574ns          228325 1c00883a 10a57553 fmul.s           f10, f10, f10       f10=xxxxxxxx f10:3ec2a0d8 f10:3ec2a0d8
13795594ns          228326 1c00883e 1c0007b7 lui              x15, 0x1c000000     x15=1c000000
13795614ns          228327 1c008842 1c000737 lui              x14, 0x1c000000     x14=1c000000
13795634ns          228328 1c008846 13472703 lw               x14, 308(x14)       x14=bab59551 x14:1c000000  PA:1c000134
13795952ns          228344 1c00884a 1307a783 lw               x15, 304(x15)       x15=37c23ab1 x15:1c000000  PA:1c000130
13796290ns          228361 1c00884e 70f577c3 fmadd.s          f15, f10, f15, f14  f15=xxxxxxxx f10:3e13f82c f15:37c23ab1 f14:bab59551
13796310ns          228362 1c008852 1c000737 lui              x14, 0x1c000000     x14=1c000000
13796330ns          228363 1c008856 13872703 lw               x14, 312(x14)       x14=3d2aa76f x14:1c000000  PA:1c000138
13796668ns          228380 1c00885a 70f577c3 fmadd.s          f15, f10, f15, f14  f15=xxxxxxxx f10:3e13f82c f15:bab5250d f14:3d2aa76f
13796688ns          228381 1c00885e 1c000737 lui              x14, 0x1c000000     x14=1c000000
13796708ns          228382 1c008862 13c72703 lw               x14, 316(x14)       x14=beffffe0 x14:1c000000  PA:1c00013c
13797026ns          228398 1c008866 70f577c3 fmadd.s          f15, f10, f15, f14  f15=xxxxxxxx f10:3e13f82c f15:3d29d607 f14:beffffe0
13797046ns          228399 1c00886a 1c000737 lui              x14, 0x1c000000     x14=1c000000
13797066ns          228400 1c00886e 16872703 lw               x14, 360(x14)       x14=3f7fffff x14:1c000000  PA:1c000168
13797384ns          228416 1c008872 70f57543 fmadd.s          f10, f10, f15, f14  f10=xxxxxxxx f10:3e13f82c f15:befcee8c f14:3f7fffff
13797404ns          228417 1c008876 20a51553 fsgnjn.s         f10, f10, f10       f10=xxxxxxxx f10:3f6db9b9 f10:3f6db9b9
13797424ns          228418 1c00887a 00008067 jalr             x0, x1, 0            x1:1c0081de
13797484ns          228421 1c0081de 016a7a53 fadd.s           f20, f20, f22       f20=xxxxxxxx f20:408aa1d7 f22:3e533fc3
13797504ns          228422 1c0081e2 10acf553 fmul.s           f10, f25, f10       f10=xxxxxxxx f25:3f800000 f10:bf6db9b9
13797523ns          228423 1c0081e6 a14a97d3 flt.s            x15, f21, f20       x15=00000000 f21:40c90fdb f20:40913bd5
13797543ns          228424 1c0081ea 00a4222b p.sw             x10, 4(x8!)          x8=10000cfc x10:bf6db9b9  x8:10000cf8  PA:10000cf8
13797563ns          228425 1c0081ee 00078363 beq              x15, x0, 6          x15:00000000
13797623ns          228428 1c0081f4 ff7412e3 bne              x8, x23, -28         x8:10000cfc x23:10000fc8
13797683ns          228431 1c0081d8 094c7553 fsub.s           f10, f24, f20       f10=xxxxxxxx f24:3fc90fdb f20:40913bd5
13797702ns          228432 1c0081dc 57c000ef jal              x1, 1404             x1=1c0081de
13797742ns          228434 1c008758 a0a527d3 feq.s            x15, f10, f10       x15=00000001 f10:c03defbc f10:c03defbc
13797762ns          228435 1c00875c 0a078b63 beq              x15, x0, 182        x15:00000001
13797782ns          228436 1c00875e e00517d3 fclass.s         x15, f10            x15=00000002 f10:c03defbc
13797802ns          228437 1c008762 0817f793 andi             x15, x15, 129       x15=00000000 x15:00000002
13797822ns          228438 1c008766 0a079663 bne              x15, x0, 172        x15:00000000
13797842ns          228439 1c008768 00000793 addi             x15, x0, 0          x15=00000000
13797862ns          228440 1c00876c a0f517d3 flt.s            x15, f10, f15       x15=00000001 f10:c03defbc f15:00000000
13797881ns          228441 1c008770 0a079663 bne              x15, x0, 172        x15:00000001
13797941ns          228444 1c00881c 1c0007b7 lui              x15, 0x1c000000     x15=1c000000
13797961ns          228445 1c008820 12c7a783 lw               x15, 300(x15)       x15=c0c90fdb x15:1c000000  PA:1c00012c
13798279ns          228461 1c008824 a0f517d3 flt.s            x15, f10, f15       x15=00000000 f10:c03defbc f15:c0c90fdb
13798299ns          228462 1c008828 00078463 beq              x15, x0, 8          x15:00000000
13798359ns          228465 1c008830 20a51553 fsgnjn.s         f10, f10, f10       f10=xxxxxxxx f10:c03defbc f10:c03defbc
13798379ns          228466 1c008834 f6bff06f jal              x0, -150           
13798438ns          228469 1c00879e 1c0007b7 lui              x15, 0x1c000000     x15=1c000000
13798458ns          228470 1c0087a2 01c7a783 lw               x15, 28(x15)        x15=3fc90fdb x15:1c000000  PA:1c00001c
13798777ns          228486 1c0087a6 a0f517d3 flt.s            x15, f10, f15       x15=00000000 f10:403defbc f15:3fc90fdb
13798796ns          228487 1c0087aa 02079563 bne              x15, x0, 42         x15:00000000
13798816ns          228488 1c0087ac 1c0007b7 lui              x15, 0x1c000000     x15=1c000000
13798836ns          228489 1c0087b0 1007a783 lw               x15, 256(x15)       x15=40490fdb x15:1c000000  PA:1c000100
13799194ns          228507 1c0087b4 a0f51753 flt.s            x14, f10, f15       x14=00000001 f10:403defbc f15:40490fdb
13799214ns          228508 1c0087b8 06071f63 bne              x14, x0, 126        x14:00000001
13799294ns          228512 1c008836 08a7f553 fsub.s           f10, f15, f10       f10=xxxxxxxx f15:40490fdb f10:403defbc
13799314ns          228513 1c00883a 10a57553 fmul.s           f10, f10, f10       f10=xxxxxxxx f10:3e3201f0 f10:3e3201f0
13799333ns          228514 1c00883e 1c0007b7 lui              x15, 0x1c000000     x15=1c000000
13799353ns          228515 1c008842 1c000737 lui              x14, 0x1c000000     x14=1c000000
13799373ns          228516 1c008846 13472703 lw               x14, 308(x14)       x14=bab59551 x14:1c000000  PA:1c000134
13799672ns          228531 1c00884a 1307a783 lw               x15, 304(x15)       x15=37c23ab1 x15:1c000000  PA:1c000130
13799990ns          228547 1c00884e 70f577c3 fmadd.s          f15, f10, f15, f14  f15=xxxxxxxx f10:3cf78d64 f15:37c23ab1 f14:bab59551
13800010ns          228548 1c008852 1c000737 lui              x14, 0x1c000000     x14=1c000000
13800030ns          228549 1c008856 13872703 lw               x14, 312(x14)       x14=3d2aa76f x14:1c000000  PA:1c000138
13800348ns          228565 1c00885a 70f577c3 fmadd.s          f15, f10, f15, f14  f15=xxxxxxxx f10:3cf78d64 f15:bab57dd7 f14:3d2aa76f
13800368ns          228566 1c00885e 1c000737 lui              x14, 0x1c000000     x14=1c000000
13800388ns          228567 1c008862 13c72703 lw               x14, 316(x14)       x14=beffffe0 x14:1c000000  PA:1c00013c
13800706ns          228583 1c008866 70f577c3 fmadd.s          f15, f10, f15, f14  f15=xxxxxxxx f10:3cf78d64 f15:3d2a7b8f f14:beffffe0
13800726ns          228584 1c00886a 1c000737 lui              x14, 0x1c000000     x14=1c000000
13800746ns          228585 1c00886e 16872703 lw               x14, 360(x14)       x14=3f7fffff x14:1c000000  PA:1c000168
13801064ns          228601 1c008872 70f57543 fmadd.s          f10, f10, f15, f14  f10=xxxxxxxx f10:3cf78d64 f15:beff5b05 f14:3f7fffff
13801084ns          228602 1c008876 20a51553 fsgnjn.s         f10, f10, f10       f10=xxxxxxxx f10:3f7c2448 f10:3f7c2448
13801104ns          228603 1c00887a 00008067 jalr             x0, x1, 0            x1:1c0081de
13801163ns          228606 1c0081de 016a7a53 fadd.s           f20, f20, f22       f20=xxxxxxxx f20:40913bd5 f22:3e533fc3
13801183ns          228607 1c0081e2 10acf553 fmul.s           f10, f25, f10       f10=xxxxxxxx f25:3f800000 f10:bf7c2448
13801203ns          228608 1c0081e6 a14a97d3 flt.s            x15, f21, f20       x15=00000000 f21:40c90fdb f20:4097d5d3
13801223ns          228609 1c0081ea 00a4222b p.sw             x10, 4(x8!)          x8=10000d00 x10:bf7c2448  x8:10000cfc  PA:10000cfc
13801243ns          228610 1c0081ee 00078363 beq              x15, x0, 6          x15:00000000
13801303ns          228613 1c0081f4 ff7412e3 bne              x8, x23, -28         x8:10000d00 x23:10000fc8
13801362ns          228616 1c0081d8 094c7553 fsub.s           f10, f24, f20       f10=xxxxxxxx f24:3fc90fdb f20:4097d5d3
13801382ns          228617 1c0081dc 57c000ef jal              x1, 1404             x1=1c0081de
13801422ns          228619 1c008758 a0a527d3 feq.s            x15, f10, f10       x15=00000001 f10:c04b23b8 f10:c04b23b8
13801442ns          228620 1c00875c 0a078b63 beq              x15, x0, 182        x15:00000001
13801462ns          228621 1c00875e e00517d3 fclass.s         x15, f10            x15=00000002 f10:c04b23b8
13801482ns          228622 1c008762 0817f793 andi             x15, x15, 129       x15=00000000 x15:00000002
13801502ns          228623 1c008766 0a079663 bne              x15, x0, 172        x15:00000000
13801521ns          228624 1c008768 00000793 addi             x15, x0, 0          x15=00000000
13801541ns          228625 1c00876c a0f517d3 flt.s            x15, f10, f15       x15=00000001 f10:c04b23b8 f15:00000000
13801561ns          228626 1c008770 0a079663 bne              x15, x0, 172        x15:00000001
13801621ns          228629 1c00881c 1c0007b7 lui              x15, 0x1c000000     x15=1c000000
13801641ns          228630 1c008820 12c7a783 lw               x15, 300(x15)       x15=c0c90fdb x15:1c000000  PA:1c00012c
13801979ns          228647 1c008824 a0f517d3 flt.s            x15, f10, f15       x15=00000000 f10:c04b23b8 f15:c0c90fdb
13801999ns          228648 1c008828 00078463 beq              x15, x0, 8          x15:00000000
13802059ns          228651 1c008830 20a51553 fsgnjn.s         f10, f10, f10       f10=xxxxxxxx f10:c04b23b8 f10:c04b23b8
13802078ns          228652 1c008834 f6bff06f jal              x0, -150           
13802138ns          228655 1c00879e 1c0007b7 lui              x15, 0x1c000000     x15=1c000000
13802158ns          228656 1c0087a2 01c7a783 lw               x15, 28(x15)        x15=3fc90fdb x15:1c000000  PA:1c00001c
13802476ns          228672 1c0087a6 a0f517d3 flt.s            x15, f10, f15       x15=00000000 f10:404b23b8 f15:3fc90fdb
13802496ns          228673 1c0087aa 02079563 bne              x15, x0, 42         x15:00000000
13802516ns          228674 1c0087ac 1c0007b7 lui              x15, 0x1c000000     x15=1c000000
13802536ns          228675 1c0087b0 1007a783 lw               x15, 256(x15)       x15=40490fdb x15:1c000000  PA:1c000100
13802854ns          228691 1c0087b4 a0f51753 flt.s            x14, f10, f15       x14=00000000 f10:404b23b8 f15:40490fdb
13802874ns          228692 1c0087b8 06071f63 bne              x14, x0, 126        x14:00000000
13802894ns          228693 1c0087ba 1c000737 lui              x14, 0x1c000000     x14=1c000000
13802914ns          228694 1c0087be 14072703 lw               x14, 320(x14)       x14=4096cbe4 x14:1c000000  PA:1c000140
13803252ns          228711 1c0087c2 a0e51753 flt.s            x14, f10, f14       x14=00000001 f10:404b23b8 f14:4096cbe4
13803272ns          228712 1c0087c6 0a071b63 bne              x14, x0, 182        x14:00000001
13803332ns          228715 1c00887c 08f57553 fsub.s           f10, f10, f15       f10=xxxxxxxx f10:404b23b8 f15:40490fdb
13803351ns          228716 1c008880 fbbff06f jal              x0, -70            
13803411ns          228719 1c00883a 10a57553 fmul.s           f10, f10, f10       f10=xxxxxxxx f10:3d04f740 f10:3d04f740
13803431ns          228720 1c00883e 1c0007b7 lui              x15, 0x1c000000     x15=1c000000
13803451ns          228721 1c008842 1c000737 lui              x14, 0x1c000000     x14=1c000000
13803471ns          228722 1c008846 13472703 lw               x14, 308(x14)       x14=bab59551 x14:1c000000  PA:1c000134
13803789ns          228738 1c00884a 1307a783 lw               x15, 304(x15)       x15=37c23ab1 x15:1c000000  PA:1c000130
13804107ns          228754 1c00884e 70f577c3 fmadd.s          f15, f10, f15, f14  f15=xxxxxxxx f10:3a8a1fd2 f15:37c23ab1 f14:bab59551
13804127ns          228755 1c008852 1c000737 lui              x14, 0x1c000000     x14=1c000000
13804147ns          228756 1c008856 13872703 lw               x14, 312(x14)       x14=3d2aa76f x14:1c000000  PA:1c000138
13804465ns          228772 1c00885a 70f577c3 fmadd.s          f15, f10, f15, f14  f15=xxxxxxxx f10:3a8a1fd2 f15:bab5947f f14:3d2aa76f
13804485ns          228773 1c00885e 1c000737 lui              x14, 0x1c000000     x14=1c000000
13804505ns          228774 1c008862 13c72703 lw               x14, 316(x14)       x14=beffffe0 x14:1c000000  PA:1c00013c
13804823ns          228790 1c008866 70f577c3 fmadd.s          f15, f10, f15, f14  f15=xxxxxxxx f10:3a8a1fd2 f15:3d2aa5e7 f14:beffffe0
13804843ns          228791 1c00886a 1c000737 lui              x14, 0x1c000000     x14=1c000000
13804863ns          228792 1c00886e 16872703 lw               x14, 360(x14)       x14=3f7fffff x14:1c000000  PA:1c000168
13805181ns          228808 1c008872 70f57543 fmadd.s          f10, f10, f15, f14  f10=xxxxxxxx f10:3a8a1fd2 f15:befffa1f f14:3f7fffff
13805201ns          228809 1c008876 20a51553 fsgnjn.s         f10, f10, f10       f10=xxxxxxxx f10:3f7fdd78 f10:3f7fdd78
13805221ns          228810 1c00887a 00008067 jalr             x0, x1, 0            x1:1c0081de
13805281ns          228813 1c0081de 016a7a53 fadd.s           f20, f20, f22       f20=xxxxxxxx f20:4097d5d3 f22:3e533fc3
13805301ns          228814 1c0081e2 10acf553 fmul.s           f10, f25, f10       f10=xxxxxxxx f25:3f800000 f10:bf7fdd78
13805321ns          228815 1c0081e6 a14a97d3 flt.s            x15, f21, f20       x15=00000000 f21:40c90fdb f20:409e6fd1
13805340ns          228816 1c0081ea 00a4222b p.sw             x10, 4(x8!)          x8=10000d04 x10:bf7fdd78  x8:10000d00  PA:10000d00
13805360ns          228817 1c0081ee 00078363 beq              x15, x0, 6          x15:00000000
13805420ns          228820 1c0081f4 ff7412e3 bne              x8, x23, -28         x8:10000d04 x23:10000fc8
13805480ns          228823 1c0081d8 094c7553 fsub.s           f10, f24, f20       f10=xxxxxxxx f24:3fc90fdb f20:409e6fd1
13805500ns          228824 1c0081dc 57c000ef jal              x1, 1404             x1=1c0081de
13805539ns          228826 1c008758 a0a527d3 feq.s            x15, f10, f10       x15=00000001 f10:c05857b4 f10:c05857b4
13805559ns          228827 1c00875c 0a078b63 beq              x15, x0, 182        x15:00000001
13805579ns          228828 1c00875e e00517d3 fclass.s         x15, f10            x15=00000002 f10:c05857b4
13805599ns          228829 1c008762 0817f793 andi             x15, x15, 129       x15=00000000 x15:00000002
13805619ns          228830 1c008766 0a079663 bne              x15, x0, 172        x15:00000000
13805639ns          228831 1c008768 00000793 addi             x15, x0, 0          x15=00000000
13805659ns          228832 1c00876c a0f517d3 flt.s            x15, f10, f15       x15=00000001 f10:c05857b4 f15:00000000
13805679ns          228833 1c008770 0a079663 bne              x15, x0, 172        x15:00000001
13805738ns          228836 1c00881c 1c0007b7 lui              x15, 0x1c000000     x15=1c000000
13805758ns          228837 1c008820 12c7a783 lw               x15, 300(x15)       x15=c0c90fdb x15:1c000000  PA:1c00012c
13806096ns          228854 1c008824 a0f517d3 flt.s            x15, f10, f15       x15=00000000 f10:c05857b4 f15:c0c90fdb
13806116ns          228855 1c008828 00078463 beq              x15, x0, 8          x15:00000000
13806176ns          228858 1c008830 20a51553 fsgnjn.s         f10, f10, f10       f10=xxxxxxxx f10:c05857b4 f10:c05857b4
13806196ns          228859 1c008834 f6bff06f jal              x0, -150           
13806255ns          228862 1c00879e 1c0007b7 lui              x15, 0x1c000000     x15=1c000000
13806275ns          228863 1c0087a2 01c7a783 lw               x15, 28(x15)        x15=3fc90fdb x15:1c000000  PA:1c00001c
13806594ns          228879 1c0087a6 a0f517d3 flt.s            x15, f10, f15       x15=00000000 f10:405857b4 f15:3fc90fdb
13806613ns          228880 1c0087aa 02079563 bne              x15, x0, 42         x15:00000000
13806633ns          228881 1c0087ac 1c0007b7 lui              x15, 0x1c000000     x15=1c000000
13806653ns          228882 1c0087b0 1007a783 lw               x15, 256(x15)       x15=40490fdb x15:1c000000  PA:1c000100
13806972ns          228898 1c0087b4 a0f51753 flt.s            x14, f10, f15       x14=00000000 f10:405857b4 f15:40490fdb
13806991ns          228899 1c0087b8 06071f63 bne              x14, x0, 126        x14:00000000
13807011ns          228900 1c0087ba 1c000737 lui              x14, 0x1c000000     x14=1c000000
13807031ns          228901 1c0087be 14072703 lw               x14, 320(x14)       x14=4096cbe4 x14:1c000000  PA:1c000140
13807349ns          228917 1c0087c2 a0e51753 flt.s            x14, f10, f14       x14=00000001 f10:405857b4 f14:4096cbe4
13807369ns          228918 1c0087c6 0a071b63 bne              x14, x0, 182        x14:00000001
13807429ns          228921 1c00887c 08f57553 fsub.s           f10, f10, f15       f10=xxxxxxxx f10:405857b4 f15:40490fdb
13807449ns          228922 1c008880 fbbff06f jal              x0, -70            
13807509ns          228925 1c00883a 10a57553 fmul.s           f10, f10, f10       f10=xxxxxxxx f10:3e747d90 f10:3e747d90
13807528ns          228926 1c00883e 1c0007b7 lui              x15, 0x1c000000     x15=1c000000
13807548ns          228927 1c008842 1c000737 lui              x14, 0x1c000000     x14=1c000000
13807568ns          228928 1c008846 13472703 lw               x14, 308(x14)       x14=bab59551 x14:1c000000  PA:1c000134
13807867ns          228943 1c00884a 1307a783 lw               x15, 304(x15)       x15=37c23ab1 x15:1c000000  PA:1c000130
13808185ns          228959 1c00884e 70f577c3 fmadd.s          f15, f10, f15, f14  f15=xxxxxxxx f10:3d697f98 f15:37c23ab1 f14:bab59551
13808205ns          228960 1c008852 1c000737 lui              x14, 0x1c000000     x14=1c000000
13808225ns          228961 1c008856 13872703 lw               x14, 312(x14)       x14=3d2aa76f x14:1c000000  PA:1c000138
13808563ns          228978 1c00885a 70f577c3 fmadd.s          f15, f10, f15, f14  f15=xxxxxxxx f10:3d697f98 f15:bab56907 f14:3d2aa76f
13808583ns          228979 1c00885e 1c000737 lui              x14, 0x1c000000     x14=1c000000
13808603ns          228980 1c008862 13c72703 lw               x14, 316(x14)       x14=beffffe0 x14:1c000000  PA:1c00013c
13808921ns          228996 1c008866 70f577c3 fmadd.s          f15, f10, f15, f14  f15=xxxxxxxx f10:3d697f98 f15:3d2a54b3 f14:beffffe0
13808941ns          228997 1c00886a 1c000737 lui              x14, 0x1c000000     x14=1c000000
13808961ns          228998 1c00886e 16872703 lw               x14, 360(x14)       x14=3f7fffff x14:1c000000  PA:1c000168
13809279ns          229014 1c008872 70f57543 fmadd.s          f10, f10, f15, f14  f10=xxxxxxxx f10:3d697f98 f15:befec928 f14:3f7fffff
13809299ns          229015 1c008876 20a51553 fsgnjn.s         f10, f10, f10       f10=xxxxxxxx f10:3f78bcde f10:3f78bcde
13809319ns          229016 1c00887a 00008067 jalr             x0, x1, 0            x1:1c0081de
13809378ns          229019 1c0081de 016a7a53 fadd.s           f20, f20, f22       f20=xxxxxxxx f20:409e6fd1 f22:3e533fc3
13809398ns          229020 1c0081e2 10acf553 fmul.s           f10, f25, f10       f10=xxxxxxxx f25:3f800000 f10:bf78bcde
13809418ns          229021 1c0081e6 a14a97d3 flt.s            x15, f21, f20       x15=00000000 f21:40c90fdb f20:40a509cf
13809438ns          229022 1c0081ea 00a4222b p.sw             x10, 4(x8!)          x8=10000d08 x10:bf78bcde  x8:10000d04  PA:10000d04
13809458ns          229023 1c0081ee 00078363 beq              x15, x0, 6          x15:00000000
13809518ns          229026 1c0081f4 ff7412e3 bne              x8, x23, -28         x8:10000d08 x23:10000fc8
13809577ns          229029 1c0081d8 094c7553 fsub.s           f10, f24, f20       f10=xxxxxxxx f24:3fc90fdb f20:40a509cf
13809597ns          229030 1c0081dc 57c000ef jal              x1, 1404             x1=1c0081de
13809637ns          229032 1c008758 a0a527d3 feq.s            x15, f10, f10       x15=00000001 f10:c0658bb0 f10:c0658bb0
13809657ns          229033 1c00875c 0a078b63 beq              x15, x0, 182        x15:00000001
13809677ns          229034 1c00875e e00517d3 fclass.s         x15, f10            x15=00000002 f10:c0658bb0
13809697ns          229035 1c008762 0817f793 andi             x15, x15, 129       x15=00000000 x15:00000002
13809716ns          229036 1c008766 0a079663 bne              x15, x0, 172        x15:00000000
13809736ns          229037 1c008768 00000793 addi             x15, x0, 0          x15=00000000
13809756ns          229038 1c00876c a0f517d3 flt.s            x15, f10, f15       x15=00000001 f10:c0658bb0 f15:00000000
13809776ns          229039 1c008770 0a079663 bne              x15, x0, 172        x15:00000001
13809836ns          229042 1c00881c 1c0007b7 lui              x15, 0x1c000000     x15=1c000000
13809856ns          229043 1c008820 12c7a783 lw               x15, 300(x15)       x15=c0c90fdb x15:1c000000  PA:1c00012c
13810174ns          229059 1c008824 a0f517d3 flt.s            x15, f10, f15       x15=00000000 f10:c0658bb0 f15:c0c90fdb
13810194ns          229060 1c008828 00078463 beq              x15, x0, 8          x15:00000000
13810253ns          229063 1c008830 20a51553 fsgnjn.s         f10, f10, f10       f10=xxxxxxxx f10:c0658bb0 f10:c0658bb0
13810273ns          229064 1c008834 f6bff06f jal              x0, -150           
13810333ns          229067 1c00879e 1c0007b7 lui              x15, 0x1c000000     x15=1c000000
13810353ns          229068 1c0087a2 01c7a783 lw               x15, 28(x15)        x15=3fc90fdb x15:1c000000  PA:1c00001c
13810671ns          229084 1c0087a6 a0f517d3 flt.s            x15, f10, f15       x15=00000000 f10:40658bb0 f15:3fc90fdb
13810691ns          229085 1c0087aa 02079563 bne              x15, x0, 42         x15:00000000
13810711ns          229086 1c0087ac 1c0007b7 lui              x15, 0x1c000000     x15=1c000000
13810731ns          229087 1c0087b0 1007a783 lw               x15, 256(x15)       x15=40490fdb x15:1c000000  PA:1c000100
13811049ns          229103 1c0087b4 a0f51753 flt.s            x14, f10, f15       x14=00000000 f10:40658bb0 f15:40490fdb
13811069ns          229104 1c0087b8 06071f63 bne              x14, x0, 126        x14:00000000
13811089ns          229105 1c0087ba 1c000737 lui              x14, 0x1c000000     x14=1c000000
13811109ns          229106 1c0087be 14072703 lw               x14, 320(x14)       x14=4096cbe4 x14:1c000000  PA:1c000140
13811447ns          229123 1c0087c2 a0e51753 flt.s            x14, f10, f14       x14=00000001 f10:40658bb0 f14:4096cbe4
13811467ns          229124 1c0087c6 0a071b63 bne              x14, x0, 182        x14:00000001
13811526ns          229127 1c00887c 08f57553 fsub.s           f10, f10, f15       f10=xxxxxxxx f10:40658bb0 f15:40490fdb
13811546ns          229128 1c008880 fbbff06f jal              x0, -70            
13811606ns          229131 1c00883a 10a57553 fmul.s           f10, f10, f10       f10=xxxxxxxx f10:3ee3dea8 f10:3ee3dea8
13811626ns          229132 1c00883e 1c0007b7 lui              x15, 0x1c000000     x15=1c000000
13811646ns          229133 1c008842 1c000737 lui              x14, 0x1c000000     x14=1c000000
13811666ns          229134 1c008846 13472703 lw               x14, 308(x14)       x14=bab59551 x14:1c000000  PA:1c000134
13811964ns          229149 1c00884a 1307a783 lw               x15, 304(x15)       x15=37c23ab1 x15:1c000000  PA:1c000130
13812322ns          229167 1c00884e 70f577c3 fmadd.s          f15, f10, f15, f14  f15=xxxxxxxx f10:3e4ad4a0 f15:37c23ab1 f14:bab59551
13812342ns          229168 1c008852 1c000737 lui              x14, 0x1c000000     x14=1c000000
13812362ns          229169 1c008856 13872703 lw               x14, 312(x14)       x14=3d2aa76f x14:1c000000  PA:1c000138
13812680ns          229185 1c00885a 70f577c3 fmadd.s          f15, f10, f15, f14  f15=xxxxxxxx f10:3e4ad4a0 f15:bab4fb6d f14:3d2aa76f
13812700ns          229186 1c00885e 1c000737 lui              x14, 0x1c000000     x14=1c000000
13812720ns          229187 1c008862 13c72703 lw               x14, 316(x14)       x14=beffffe0 x14:1c000000  PA:1c00013c
13813038ns          229203 1c008866 70f577c3 fmadd.s          f15, f10, f15, f14  f15=xxxxxxxx f10:3e4ad4a0 f15:3d2988a6 f14:beffffe0
13813058ns          229204 1c00886a 1c000737 lui              x14, 0x1c000000     x14=1c000000
13813078ns          229205 1c00886e 16872703 lw               x14, 360(x14)       x14=3f7fffff x14:1c000000  PA:1c000168
13813396ns          229221 1c008872 70f57543 fmadd.s          f10, f10, f15, f14  f10=xxxxxxxx f10:3e4ad4a0 f15:befbcd4b f14:3f7fffff
13813416ns          229222 1c008876 20a51553 fsgnjn.s         f10, f10, f10       f10=xxxxxxxx f10:3f670fdb f10:3f670fdb
13813436ns          229223 1c00887a 00008067 jalr             x0, x1, 0            x1:1c0081de
13813496ns          229226 1c0081de 016a7a53 fadd.s           f20, f20, f22       f20=xxxxxxxx f20:40a509cf f22:3e533fc3
13813516ns          229227 1c0081e2 10acf553 fmul.s           f10, f25, f10       f10=xxxxxxxx f25:3f800000 f10:bf670fdb
13813535ns          229228 1c0081e6 a14a97d3 flt.s            x15, f21, f20       x15=00000000 f21:40c90fdb f20:40aba3cd
13813555ns          229229 1c0081ea 00a4222b p.sw             x10, 4(x8!)          x8=10000d0c x10:bf670fdb  x8:10000d08  PA:10000d08
13813575ns          229230 1c0081ee 00078363 beq              x15, x0, 6          x15:00000000
13813635ns          229233 1c0081f4 ff7412e3 bne              x8, x23, -28         x8:10000d0c x23:10000fc8
13813695ns          229236 1c0081d8 094c7553 fsub.s           f10, f24, f20       f10=xxxxxxxx f24:3fc90fdb f20:40aba3cd
13813714ns          229237 1c0081dc 57c000ef jal              x1, 1404             x1=1c0081de
13813754ns          229239 1c008758 a0a527d3 feq.s            x15, f10, f10       x15=00000001 f10:c072bfac f10:c072bfac
13813774ns          229240 1c00875c 0a078b63 beq              x15, x0, 182        x15:00000001
13813794ns          229241 1c00875e e00517d3 fclass.s         x15, f10            x15=00000002 f10:c072bfac
13813814ns          229242 1c008762 0817f793 andi             x15, x15, 129       x15=00000000 x15:00000002
13813834ns          229243 1c008766 0a079663 bne              x15, x0, 172        x15:00000000
13813854ns          229244 1c008768 00000793 addi             x15, x0, 0          x15=00000000
13813874ns          229245 1c00876c a0f517d3 flt.s            x15, f10, f15       x15=00000001 f10:c072bfac f15:00000000
13813893ns          229246 1c008770 0a079663 bne              x15, x0, 172        x15:00000001
13813953ns          229249 1c00881c 1c0007b7 lui              x15, 0x1c000000     x15=1c000000
13813973ns          229250 1c008820 12c7a783 lw               x15, 300(x15)       x15=c0c90fdb x15:1c000000  PA:1c00012c
13814291ns          229266 1c008824 a0f517d3 flt.s            x15, f10, f15       x15=00000000 f10:c072bfac f15:c0c90fdb
13814311ns          229267 1c008828 00078463 beq              x15, x0, 8          x15:00000000
13814371ns          229270 1c008830 20a51553 fsgnjn.s         f10, f10, f10       f10=xxxxxxxx f10:c072bfac f10:c072bfac
13814391ns          229271 1c008834 f6bff06f jal              x0, -150           
13814450ns          229274 1c00879e 1c0007b7 lui              x15, 0x1c000000     x15=1c000000
13814470ns          229275 1c0087a2 01c7a783 lw               x15, 28(x15)        x15=3fc90fdb x15:1c000000  PA:1c00001c
13814789ns          229291 1c0087a6 a0f517d3 flt.s            x15, f10, f15       x15=00000000 f10:4072bfac f15:3fc90fdb
13814808ns          229292 1c0087aa 02079563 bne              x15, x0, 42         x15:00000000
13814828ns          229293 1c0087ac 1c0007b7 lui              x15, 0x1c000000     x15=1c000000
13814848ns          229294 1c0087b0 1007a783 lw               x15, 256(x15)       x15=40490fdb x15:1c000000  PA:1c000100
13815206ns          229312 1c0087b4 a0f51753 flt.s            x14, f10, f15       x14=00000000 f10:4072bfac f15:40490fdb
13815226ns          229313 1c0087b8 06071f63 bne              x14, x0, 126        x14:00000000
13815246ns          229314 1c0087ba 1c000737 lui              x14, 0x1c000000     x14=1c000000
13815266ns          229315 1c0087be 14072703 lw               x14, 320(x14)       x14=4096cbe4 x14:1c000000  PA:1c000140
13815584ns          229331 1c0087c2 a0e51753 flt.s            x14, f10, f14       x14=00000001 f10:4072bfac f14:4096cbe4
13815604ns          229332 1c0087c6 0a071b63 bne              x14, x0, 182        x14:00000001
13815664ns          229335 1c00887c 08f57553 fsub.s           f10, f10, f15       f10=xxxxxxxx f10:4072bfac f15:40490fdb
13815684ns          229336 1c008880 fbbff06f jal              x0, -70            
13815743ns          229339 1c00883a 10a57553 fmul.s           f10, f10, f10       f10=xxxxxxxx f10:3f26bf44 f10:3f26bf44
13815763ns          229340 1c00883e 1c0007b7 lui              x15, 0x1c000000     x15=1c000000
13815783ns          229341 1c008842 1c000737 lui              x14, 0x1c000000     x14=1c000000
13815803ns          229342 1c008846 13472703 lw               x14, 308(x14)       x14=bab59551 x14:1c000000  PA:1c000134
13816101ns          229357 1c00884a 1307a783 lw               x15, 304(x15)       x15=37c23ab1 x15:1c000000  PA:1c000130
13816420ns          229373 1c00884e 70f577c3 fmadd.s          f15, f10, f15, f14  f15=xxxxxxxx f10:3ed93936 f15:37c23ab1 f14:bab59551
13816440ns          229374 1c008852 1c000737 lui              x14, 0x1c000000     x14=1c000000
13816459ns          229375 1c008856 13872703 lw               x14, 312(x14)       x14=3d2aa76f x14:1c000000  PA:1c000138
13816778ns          229391 1c00885a 70f577c3 fmadd.s          f15, f10, f15, f14  f15=xxxxxxxx f10:3ed93936 f15:bab44bb3 f14:3d2aa76f
13816798ns          229392 1c00885e 1c000737 lui              x14, 0x1c000000     x14=1c000000
13816817ns          229393 1c008862 13c72703 lw               x14, 316(x14)       x14=beffffe0 x14:1c000000  PA:1c00013c
13817136ns          229409 1c008866 70f577c3 fmadd.s          f15, f10, f15, f14  f15=xxxxxxxx f10:3ed93936 f15:3d28437d f14:beffffe0
13817156ns          229410 1c00886a 1c000737 lui              x14, 0x1c000000     x14=1c000000
13817175ns          229411 1c00886e 16872703 lw               x14, 360(x14)       x14=3f7fffff x14:1c000000  PA:1c000168
13817494ns          229427 1c008872 70f57543 fmadd.s          f10, f10, f15, f14  f10=xxxxxxxx f10:3ed93936 f15:bef71373 f14:3f7fffff
13817514ns          229428 1c008876 20a51553 fsgnjn.s         f10, f10, f10       f10=xxxxxxxx f10:3f4b9652 f10:3f4b9652
13817534ns          229429 1c00887a 00008067 jalr             x0, x1, 0            x1:1c0081de
13817593ns          229432 1c0081de 016a7a53 fadd.s           f20, f20, f22       f20=xxxxxxxx f20:40aba3cd f22:3e533fc3
13817613ns          229433 1c0081e2 10acf553 fmul.s           f10, f25, f10       f10=xxxxxxxx f25:3f800000 f10:bf4b9652
13817633ns          229434 1c0081e6 a14a97d3 flt.s            x15, f21, f20       x15=00000000 f21:40c90fdb f20:40b23dcb
13817653ns          229435 1c0081ea 00a4222b p.sw             x10, 4(x8!)          x8=10000d10 x10:bf4b9652  x8:10000d0c  PA:10000d0c
13817673ns          229436 1c0081ee 00078363 beq              x15, x0, 6          x15:00000000
13817732ns          229439 1c0081f4 ff7412e3 bne              x8, x23, -28         x8:10000d10 x23:10000fc8
13817792ns          229442 1c0081d8 094c7553 fsub.s           f10, f24, f20       f10=xxxxxxxx f24:3fc90fdb f20:40b23dcb
13817812ns          229443 1c0081dc 57c000ef jal              x1, 1404             x1=1c0081de
13817852ns          229445 1c008758 a0a527d3 feq.s            x15, f10, f10       x15=00000001 f10:c07ff3a8 f10:c07ff3a8
13817872ns          229446 1c00875c 0a078b63 beq              x15, x0, 182        x15:00000001
13817892ns          229447 1c00875e e00517d3 fclass.s         x15, f10            x15=00000002 f10:c07ff3a8
13817911ns          229448 1c008762 0817f793 andi             x15, x15, 129       x15=00000000 x15:00000002
13817931ns          229449 1c008766 0a079663 bne              x15, x0, 172        x15:00000000
13817951ns          229450 1c008768 00000793 addi             x15, x0, 0          x15=00000000
13817971ns          229451 1c00876c a0f517d3 flt.s            x15, f10, f15       x15=00000001 f10:c07ff3a8 f15:00000000
13817991ns          229452 1c008770 0a079663 bne              x15, x0, 172        x15:00000001
13818051ns          229455 1c00881c 1c0007b7 lui              x15, 0x1c000000     x15=1c000000
13818071ns          229456 1c008820 12c7a783 lw               x15, 300(x15)       x15=c0c90fdb x15:1c000000  PA:1c00012c
13818389ns          229472 1c008824 a0f517d3 flt.s            x15, f10, f15       x15=00000000 f10:c07ff3a8 f15:c0c90fdb
13818409ns          229473 1c008828 00078463 beq              x15, x0, 8          x15:00000000
13818468ns          229476 1c008830 20a51553 fsgnjn.s         f10, f10, f10       f10=xxxxxxxx f10:c07ff3a8 f10:c07ff3a8
13818488ns          229477 1c008834 f6bff06f jal              x0, -150           
13818548ns          229480 1c00879e 1c0007b7 lui              x15, 0x1c000000     x15=1c000000
13818568ns          229481 1c0087a2 01c7a783 lw               x15, 28(x15)        x15=3fc90fdb x15:1c000000  PA:1c00001c
13818886ns          229497 1c0087a6 a0f517d3 flt.s            x15, f10, f15       x15=00000000 f10:407ff3a8 f15:3fc90fdb
13818906ns          229498 1c0087aa 02079563 bne              x15, x0, 42         x15:00000000
13818926ns          229499 1c0087ac 1c0007b7 lui              x15, 0x1c000000     x15=1c000000
13818946ns          229500 1c0087b0 1007a783 lw               x15, 256(x15)       x15=40490fdb x15:1c000000  PA:1c000100
13819284ns          229517 1c0087b4 a0f51753 flt.s            x14, f10, f15       x14=00000000 f10:407ff3a8 f15:40490fdb
13819304ns          229518 1c0087b8 06071f63 bne              x14, x0, 126        x14:00000000
13819324ns          229519 1c0087ba 1c000737 lui              x14, 0x1c000000     x14=1c000000
13819344ns          229520 1c0087be 14072703 lw               x14, 320(x14)       x14=4096cbe4 x14:1c000000  PA:1c000140
13819662ns          229536 1c0087c2 a0e51753 flt.s            x14, f10, f14       x14=00000001 f10:407ff3a8 f14:4096cbe4
13819682ns          229537 1c0087c6 0a071b63 bne              x14, x0, 182        x14:00000001
13819741ns          229540 1c00887c 08f57553 fsub.s           f10, f10, f15       f10=xxxxxxxx f10:407ff3a8 f15:40490fdb
13819761ns          229541 1c008880 fbbff06f jal              x0, -70            
13819821ns          229544 1c00883a 10a57553 fmul.s           f10, f10, f10       f10=xxxxxxxx f10:3f5b8f34 f10:3f5b8f34
13819841ns          229545 1c00883e 1c0007b7 lui              x15, 0x1c000000     x15=1c000000
13819861ns          229546 1c008842 1c000737 lui              x14, 0x1c000000     x14=1c000000
13819881ns          229547 1c008846 13472703 lw               x14, 308(x14)       x14=bab59551 x14:1c000000  PA:1c000134
13820179ns          229562 1c00884a 1307a783 lw               x15, 304(x15)       x15=37c23ab1 x15:1c000000  PA:1c000130
13820517ns          229579 1c00884e 70f577c3 fmadd.s          f15, f10, f15, f14  f15=xxxxxxxx f10:3f3c4e53 f15:37c23ab1 f14:bab59551
13820537ns          229580 1c008852 1c000737 lui              x14, 0x1c000000     x14=1c000000
13820557ns          229581 1c008856 13872703 lw               x14, 312(x14)       x14=3d2aa76f x14:1c000000  PA:1c000138
13820875ns          229597 1c00885a 70f577c3 fmadd.s          f15, f10, f15, f14  f15=xxxxxxxx f10:3f3c4e53 f15:bab359d7 f14:3d2aa76f
13820895ns          229598 1c00885e 1c000737 lui              x14, 0x1c000000     x14=1c000000
13820915ns          229599 1c008862 13c72703 lw               x14, 316(x14)       x14=beffffe0 x14:1c000000  PA:1c00013c
13821233ns          229615 1c008866 70f577c3 fmadd.s          f15, f10, f15, f14  f15=xxxxxxxx f10:3f3c4e53 f15:3d268808 f14:beffffe0
13821253ns          229616 1c00886a 1c000737 lui              x14, 0x1c000000     x14=1c000000
13821273ns          229617 1c00886e 16872703 lw               x14, 360(x14)       x14=3f7fffff x14:1c000000  PA:1c000168
13821611ns          229634 1c008872 70f57543 fmadd.s          f10, f10, f15, f14  f10=xxxxxxxx f10:3f3c4e53 f15:bef0b005 f14:3f7fffff
13821631ns          229635 1c008876 20a51553 fsgnjn.s         f10, f10, f10       f10=xxxxxxxx f10:3f277a8b f10:3f277a8b
13821651ns          229636 1c00887a 00008067 jalr             x0, x1, 0            x1:1c0081de
13821711ns          229639 1c0081de 016a7a53 fadd.s           f20, f20, f22       f20=xxxxxxxx f20:40b23dcb f22:3e533fc3
13821730ns          229640 1c0081e2 10acf553 fmul.s           f10, f25, f10       f10=xxxxxxxx f25:3f800000 f10:bf277a8b
13821750ns          229641 1c0081e6 a14a97d3 flt.s            x15, f21, f20       x15=00000000 f21:40c90fdb f20:40b8d7c9
13821770ns          229642 1c0081ea 00a4222b p.sw             x10, 4(x8!)          x8=10000d14 x10:bf277a8b  x8:10000d10  PA:10000d10
13821790ns          229643 1c0081ee 00078363 beq              x15, x0, 6          x15:00000000
13821850ns          229646 1c0081f4 ff7412e3 bne              x8, x23, -28         x8:10000d14 x23:10000fc8
13821909ns          229649 1c0081d8 094c7553 fsub.s           f10, f24, f20       f10=xxxxxxxx f24:3fc90fdb f20:40b8d7c9
13821929ns          229650 1c0081dc 57c000ef jal              x1, 1404             x1=1c0081de
13821969ns          229652 1c008758 a0a527d3 feq.s            x15, f10, f10       x15=00000001 f10:c08693d2 f10:c08693d2
13821989ns          229653 1c00875c 0a078b63 beq              x15, x0, 182        x15:00000001
13822009ns          229654 1c00875e e00517d3 fclass.s         x15, f10            x15=00000002 f10:c08693d2
13822029ns          229655 1c008762 0817f793 andi             x15, x15, 129       x15=00000000 x15:00000002
13822049ns          229656 1c008766 0a079663 bne              x15, x0, 172        x15:00000000
13822069ns          229657 1c008768 00000793 addi             x15, x0, 0          x15=00000000
13822088ns          229658 1c00876c a0f517d3 flt.s            x15, f10, f15       x15=00000001 f10:c08693d2 f15:00000000
13822108ns          229659 1c008770 0a079663 bne              x15, x0, 172        x15:00000001
13822168ns          229662 1c00881c 1c0007b7 lui              x15, 0x1c000000     x15=1c000000
13822188ns          229663 1c008820 12c7a783 lw               x15, 300(x15)       x15=c0c90fdb x15:1c000000  PA:1c00012c
13822506ns          229679 1c008824 a0f517d3 flt.s            x15, f10, f15       x15=00000000 f10:c08693d2 f15:c0c90fdb
13822526ns          229680 1c008828 00078463 beq              x15, x0, 8          x15:00000000
13822586ns          229683 1c008830 20a51553 fsgnjn.s         f10, f10, f10       f10=xxxxxxxx f10:c08693d2 f10:c08693d2
13822606ns          229684 1c008834 f6bff06f jal              x0, -150           
13822665ns          229687 1c00879e 1c0007b7 lui              x15, 0x1c000000     x15=1c000000
13822685ns          229688 1c0087a2 01c7a783 lw               x15, 28(x15)        x15=3fc90fdb x15:1c000000  PA:1c00001c
13823003ns          229704 1c0087a6 a0f517d3 flt.s            x15, f10, f15       x15=00000000 f10:408693d2 f15:3fc90fdb
13823023ns          229705 1c0087aa 02079563 bne              x15, x0, 42         x15:00000000
13823043ns          229706 1c0087ac 1c0007b7 lui              x15, 0x1c000000     x15=1c000000
13823063ns          229707 1c0087b0 1007a783 lw               x15, 256(x15)       x15=40490fdb x15:1c000000  PA:1c000100
13823401ns          229724 1c0087b4 a0f51753 flt.s            x14, f10, f15       x14=00000000 f10:408693d2 f15:40490fdb
13823421ns          229725 1c0087b8 06071f63 bne              x14, x0, 126        x14:00000000
13823441ns          229726 1c0087ba 1c000737 lui              x14, 0x1c000000     x14=1c000000
13823461ns          229727 1c0087be 14072703 lw               x14, 320(x14)       x14=4096cbe4 x14:1c000000  PA:1c000140
13823799ns          229744 1c0087c2 a0e51753 flt.s            x14, f10, f14       x14=00000001 f10:408693d2 f14:4096cbe4
13823819ns          229745 1c0087c6 0a071b63 bne              x14, x0, 182        x14:00000001
13823879ns          229748 1c00887c 08f57553 fsub.s           f10, f10, f15       f10=xxxxxxxx f10:408693d2 f15:40490fdb
13823899ns          229749 1c008880 fbbff06f jal              x0, -70            
13823958ns          229752 1c00883a 10a57553 fmul.s           f10, f10, f10       f10=xxxxxxxx f10:3f882f92 f10:3f882f92
13823978ns          229753 1c00883e 1c0007b7 lui              x15, 0x1c000000     x15=1c000000
13823998ns          229754 1c008842 1c000737 lui              x14, 0x1c000000     x14=1c000000
13824018ns          229755 1c008846 13472703 lw               x14, 308(x14)       x14=bab59551 x14:1c000000  PA:1c000134
13824376ns          229773 1c00884a 1307a783 lw               x15, 304(x15)       x15=37c23ab1 x15:1c000000  PA:1c000130
13824714ns          229790 1c00884e 70f577c3 fmadd.s          f15, f10, f15, f14  f15=xxxxxxxx f10:3f90e528 f15:37c23ab1 f14:bab59551
13824734ns          229791 1c008852 1c000737 lui              x14, 0x1c000000     x14=1c000000
13824754ns          229792 1c008856 13872703 lw               x14, 312(x14)       x14=3d2aa76f x14:1c000000  PA:1c000138
13825072ns          229808 1c00885a 70f577c3 fmadd.s          f15, f10, f15, f14  f15=xxxxxxxx f10:3f90e528 f15:bab225da f14:3d2aa76f
13825092ns          229809 1c00885e 1c000737 lui              x14, 0x1c000000     x14=1c000000
13825112ns          229810 1c008862 13c72703 lw               x14, 316(x14)       x14=beffffe0 x14:1c000000  PA:1c00013c
13825430ns          229826 1c008866 70f577c3 fmadd.s          f15, f10, f15, f14  f15=xxxxxxxx f10:3f90e528 f15:3d245a23 f14:beffffe0
13825450ns          229827 1c00886a 1c000737 lui              x14, 0x1c000000     x14=1c000000
13825470ns          229828 1c00886e 16872703 lw               x14, 360(x14)       x14=3f7fffff x14:1c000000  PA:1c000168
13825828ns          229846 1c008872 70f57543 fmadd.s          f10, f10, f15, f14  f10=xxxxxxxx f10:3f90e528 f15:bee8be6c f14:3f7fffff
13825848ns          229847 1c008876 20a51553 fsgnjn.s         f10, f10, f10       f10=xxxxxxxx f10:3ef88917 f10:3ef88917
13825868ns          229848 1c00887a 00008067 jalr             x0, x1, 0            x1:1c0081de
13825927ns          229851 1c0081de 016a7a53 fadd.s           f20, f20, f22       f20=xxxxxxxx f20:40b8d7c9 f22:3e533fc3
13825947ns          229852 1c0081e2 10acf553 fmul.s           f10, f25, f10       f10=xxxxxxxx f25:3f800000 f10:bef88917
13825967ns          229853 1c0081e6 a14a97d3 flt.s            x15, f21, f20       x15=00000000 f21:40c90fdb f20:40bf71c7
13825987ns          229854 1c0081ea 00a4222b p.sw             x10, 4(x8!)          x8=10000d18 x10:bef88917  x8:10000d14  PA:10000d14
13826007ns          229855 1c0081ee 00078363 beq              x15, x0, 6          x15:00000000
13826067ns          229858 1c0081f4 ff7412e3 bne              x8, x23, -28         x8:10000d18 x23:10000fc8
13826126ns          229861 1c0081d8 094c7553 fsub.s           f10, f24, f20       f10=xxxxxxxx f24:3fc90fdb f20:40bf71c7
13826146ns          229862 1c0081dc 57c000ef jal              x1, 1404             x1=1c0081de
13826186ns          229864 1c008758 a0a527d3 feq.s            x15, f10, f10       x15=00000001 f10:c08d2dd0 f10:c08d2dd0
13826206ns          229865 1c00875c 0a078b63 beq              x15, x0, 182        x15:00000001
13826226ns          229866 1c00875e e00517d3 fclass.s         x15, f10            x15=00000002 f10:c08d2dd0
13826246ns          229867 1c008762 0817f793 andi             x15, x15, 129       x15=00000000 x15:00000002
13826266ns          229868 1c008766 0a079663 bne              x15, x0, 172        x15:00000000
13826285ns          229869 1c008768 00000793 addi             x15, x0, 0          x15=00000000
13826305ns          229870 1c00876c a0f517d3 flt.s            x15, f10, f15       x15=00000001 f10:c08d2dd0 f15:00000000
13826325ns          229871 1c008770 0a079663 bne              x15, x0, 172        x15:00000001
13826385ns          229874 1c00881c 1c0007b7 lui              x15, 0x1c000000     x15=1c000000
13826405ns          229875 1c008820 12c7a783 lw               x15, 300(x15)       x15=c0c90fdb x15:1c000000  PA:1c00012c
13826723ns          229891 1c008824 a0f517d3 flt.s            x15, f10, f15       x15=00000000 f10:c08d2dd0 f15:c0c90fdb
13826743ns          229892 1c008828 00078463 beq              x15, x0, 8          x15:00000000
13826803ns          229895 1c008830 20a51553 fsgnjn.s         f10, f10, f10       f10=xxxxxxxx f10:c08d2dd0 f10:c08d2dd0
13826822ns          229896 1c008834 f6bff06f jal              x0, -150           
13826882ns          229899 1c00879e 1c0007b7 lui              x15, 0x1c000000     x15=1c000000
13826902ns          229900 1c0087a2 01c7a783 lw               x15, 28(x15)        x15=3fc90fdb x15:1c000000  PA:1c00001c
13827240ns          229917 1c0087a6 a0f517d3 flt.s            x15, f10, f15       x15=00000000 f10:408d2dd0 f15:3fc90fdb
13827260ns          229918 1c0087aa 02079563 bne              x15, x0, 42         x15:00000000
13827280ns          229919 1c0087ac 1c0007b7 lui              x15, 0x1c000000     x15=1c000000
13827300ns          229920 1c0087b0 1007a783 lw               x15, 256(x15)       x15=40490fdb x15:1c000000  PA:1c000100
13827618ns          229936 1c0087b4 a0f51753 flt.s            x14, f10, f15       x14=00000000 f10:408d2dd0 f15:40490fdb
13827638ns          229937 1c0087b8 06071f63 bne              x14, x0, 126        x14:00000000
13827658ns          229938 1c0087ba 1c000737 lui              x14, 0x1c000000     x14=1c000000
13827678ns          229939 1c0087be 14072703 lw               x14, 320(x14)       x14=4096cbe4 x14:1c000000  PA:1c000140
13827996ns          229955 1c0087c2 a0e51753 flt.s            x14, f10, f14       x14=00000001 f10:408d2dd0 f14:4096cbe4
13828016ns          229956 1c0087c6 0a071b63 bne              x14, x0, 182        x14:00000001
13828076ns          229959 1c00887c 08f57553 fsub.s           f10, f10, f15       f10=xxxxxxxx f10:408d2dd0 f15:40490fdb
13828095ns          229960 1c008880 fbbff06f jal              x0, -70            
13828155ns          229963 1c00883a 10a57553 fmul.s           f10, f10, f10       f10=xxxxxxxx f10:3fa2978a f10:3fa2978a
13828175ns          229964 1c00883e 1c0007b7 lui              x15, 0x1c000000     x15=1c000000
13828195ns          229965 1c008842 1c000737 lui              x14, 0x1c000000     x14=1c000000
13828215ns          229966 1c008846 13472703 lw               x14, 308(x14)       x14=bab59551 x14:1c000000  PA:1c000134
13828533ns          229982 1c00884a 1307a783 lw               x15, 304(x15)       x15=37c23ab1 x15:1c000000  PA:1c000130
13828851ns          229998 1c00884e 70f577c3 fmadd.s          f15, f10, f15, f14  f15=xxxxxxxx f10:3fce8849 f15:37c23ab1 f14:bab59551
13828871ns          229999 1c008852 1c000737 lui              x14, 0x1c000000     x14=1c000000
13828891ns          230000 1c008856 13872703 lw               x14, 312(x14)       x14=3d2aa76f x14:1c000000  PA:1c000138
13829209ns          230016 1c00885a 70f577c3 fmadd.s          f15, f10, f15, f14  f15=xxxxxxxx f10:3fce8849 f15:bab0afbc f14:3d2aa76f
13829229ns          230017 1c00885e 1c000737 lui              x14, 0x1c000000     x14=1c000000
13829249ns          230018 1c008862 13c72703 lw               x14, 316(x14)       x14=beffffe0 x14:1c000000  PA:1c00013c
13829587ns          230035 1c008866 70f577c3 fmadd.s          f15, f10, f15, f14  f15=xxxxxxxx f10:3fce8849 f15:3d21beb7 f14:beffffe0
13829607ns          230036 1c00886a 1c000737 lui              x14, 0x1c000000     x14=1c000000
13829627ns          230037 1c00886e 16872703 lw               x14, 360(x14)       x14=3f7fffff x14:1c000000  PA:1c000168
13829945ns          230053 1c008872 70f57543 fmadd.s          f10, f10, f15, f14  f10=xxxxxxxx f10:3fce8849 f15:bedf607b f14:3f7fffff
13829965ns          230054 1c008876 20a51553 fsgnjn.s         f10, f10, f10       f10=xxxxxxxx f10:3e9792e2 f10:3e9792e2
13829985ns          230055 1c00887a 00008067 jalr             x0, x1, 0            x1:1c0081de
13830045ns          230058 1c0081de 016a7a53 fadd.s           f20, f20, f22       f20=xxxxxxxx f20:40bf71c7 f22:3e533fc3
13830065ns          230059 1c0081e2 10acf553 fmul.s           f10, f25, f10       f10=xxxxxxxx f25:3f800000 f10:be9792e2
13830085ns          230060 1c0081e6 a14a97d3 flt.s            x15, f21, f20       x15=00000000 f21:40c90fdb f20:40c60bc5
13830104ns          230061 1c0081ea 00a4222b p.sw             x10, 4(x8!)          x8=10000d1c x10:be9792e2  x8:10000d18  PA:10000d18
13830124ns          230062 1c0081ee 00078363 beq              x15, x0, 6          x15:00000000
13830184ns          230065 1c0081f4 ff7412e3 bne              x8, x23, -28         x8:10000d1c x23:10000fc8
13830244ns          230068 1c0081d8 094c7553 fsub.s           f10, f24, f20       f10=xxxxxxxx f24:3fc90fdb f20:40c60bc5
13830264ns          230069 1c0081dc 57c000ef jal              x1, 1404             x1=1c0081de
13830303ns          230071 1c008758 a0a527d3 feq.s            x15, f10, f10       x15=00000001 f10:c093c7ce f10:c093c7ce
13830323ns          230072 1c00875c 0a078b63 beq              x15, x0, 182        x15:00000001
13830343ns          230073 1c00875e e00517d3 fclass.s         x15, f10            x15=00000002 f10:c093c7ce
13830363ns          230074 1c008762 0817f793 andi             x15, x15, 129       x15=00000000 x15:00000002
13830383ns          230075 1c008766 0a079663 bne              x15, x0, 172        x15:00000000
13830403ns          230076 1c008768 00000793 addi             x15, x0, 0          x15=00000000
13830423ns          230077 1c00876c a0f517d3 flt.s            x15, f10, f15       x15=00000001 f10:c093c7ce f15:00000000
13830443ns          230078 1c008770 0a079663 bne              x15, x0, 172        x15:00000001
13830502ns          230081 1c00881c 1c0007b7 lui              x15, 0x1c000000     x15=1c000000
13830522ns          230082 1c008820 12c7a783 lw               x15, 300(x15)       x15=c0c90fdb x15:1c000000  PA:1c00012c
13830860ns          230099 1c008824 a0f517d3 flt.s            x15, f10, f15       x15=00000000 f10:c093c7ce f15:c0c90fdb
13830880ns          230100 1c008828 00078463 beq              x15, x0, 8          x15:00000000
13830940ns          230103 1c008830 20a51553 fsgnjn.s         f10, f10, f10       f10=xxxxxxxx f10:c093c7ce f10:c093c7ce
13830960ns          230104 1c008834 f6bff06f jal              x0, -150           
13831019ns          230107 1c00879e 1c0007b7 lui              x15, 0x1c000000     x15=1c000000
13831039ns          230108 1c0087a2 01c7a783 lw               x15, 28(x15)        x15=3fc90fdb x15:1c000000  PA:1c00001c
13831377ns          230125 1c0087a6 a0f517d3 flt.s            x15, f10, f15       x15=00000000 f10:4093c7ce f15:3fc90fdb
13831397ns          230126 1c0087aa 02079563 bne              x15, x0, 42         x15:00000000
13831417ns          230127 1c0087ac 1c0007b7 lui              x15, 0x1c000000     x15=1c000000
13831437ns          230128 1c0087b0 1007a783 lw               x15, 256(x15)       x15=40490fdb x15:1c000000  PA:1c000100
13831775ns          230145 1c0087b4 a0f51753 flt.s            x14, f10, f15       x14=00000000 f10:4093c7ce f15:40490fdb
13831795ns          230146 1c0087b8 06071f63 bne              x14, x0, 126        x14:00000000
13831815ns          230147 1c0087ba 1c000737 lui              x14, 0x1c000000     x14=1c000000
13831835ns          230148 1c0087be 14072703 lw               x14, 320(x14)       x14=4096cbe4 x14:1c000000  PA:1c000140
13832173ns          230165 1c0087c2 a0e51753 flt.s            x14, f10, f14       x14=00000001 f10:4093c7ce f14:4096cbe4
13832193ns          230166 1c0087c6 0a071b63 bne              x14, x0, 182        x14:00000001
13832253ns          230169 1c00887c 08f57553 fsub.s           f10, f10, f15       f10=xxxxxxxx f10:4093c7ce f15:40490fdb
13832273ns          230170 1c008880 fbbff06f jal              x0, -70            
13832332ns          230173 1c00883a 10a57553 fmul.s           f10, f10, f10       f10=xxxxxxxx f10:3fbcff82 f10:3fbcff82
13832352ns          230174 1c00883e 1c0007b7 lui              x15, 0x1c000000     x15=1c000000
13832372ns          230175 1c008842 1c000737 lui              x14, 0x1c000000     x14=1c000000
13832392ns          230176 1c008846 13472703 lw               x14, 308(x14)       x14=bab59551 x14:1c000000  PA:1c000134
13832710ns          230192 1c00884a 1307a783 lw               x15, 304(x15)       x15=37c23ab1 x15:1c000000  PA:1c000130
13833088ns          230211 1c00884e 70f577c3 fmadd.s          f15, f10, f15, f14  f15=xxxxxxxx f10:400b8846 f15:37c23ab1 f14:bab59551
13833108ns          230212 1c008852 1c000737 lui              x14, 0x1c000000     x14=1c000000
13833128ns          230213 1c008856 13872703 lw               x14, 312(x14)       x14=3d2aa76f x14:1c000000  PA:1c000138
13833466ns          230230 1c00885a 70f577c3 fmadd.s          f15, f10, f15, f14  f15=xxxxxxxx f10:400b8846 f15:baaef77d f14:3d2aa76f
13833486ns          230231 1c00885e 1c000737 lui              x14, 0x1c000000     x14=1c000000
13833506ns          230232 1c008862 13c72703 lw               x14, 316(x14)       x14=beffffe0 x14:1c000000  PA:1c00013c
13833844ns          230249 1c008866 70f577c3 fmadd.s          f15, f10, f15, f14  f15=xxxxxxxx f10:400b8846 f15:3d1ebbbe f14:beffffe0
13833864ns          230250 1c00886a 1c000737 lui              x14, 0x1c000000     x14=1c000000
13833884ns          230251 1c00886e 16872703 lw               x14, 360(x14)       x14=3f7fffff x14:1c000000  PA:1c000168
13834222ns          230268 1c008872 70f57543 fmadd.s          f10, f10, f15, f14  f10=xxxxxxxx f10:400b8846 f15:bed4bda8 f14:3f7fffff
13834242ns          230269 1c008876 20a51553 fsgnjn.s         f10, f10, f10       f10=xxxxxxxx f10:3dc0bc66 f10:3dc0bc66
13834262ns          230270 1c00887a 00008067 jalr             x0, x1, 0            x1:1c0081de
13834321ns          230273 1c0081de 016a7a53 fadd.s           f20, f20, f22       f20=xxxxxxxx f20:40c60bc5 f22:3e533fc3
13834341ns          230274 1c0081e2 10acf553 fmul.s           f10, f25, f10       f10=xxxxxxxx f25:3f800000 f10:bdc0bc66
13834361ns          230275 1c0081e6 a14a97d3 flt.s            x15, f21, f20       x15=00000001 f21:40c90fdb f20:40cca5c3
13834381ns          230276 1c0081ea 00a4222b p.sw             x10, 4(x8!)          x8=10000d20 x10:bdc0bc66  x8:10000d1c  PA:10000d1c
13834401ns          230277 1c0081ee 00078363 beq              x15, x0, 6          x15:00000001
13834421ns          230278 1c0081f0 095a7a53 fsub.s           f20, f20, f21       f20=xxxxxxxx f20:40cca5c3 f21:40c90fdb
13834441ns          230279 1c0081f4 ff7412e3 bne              x8, x23, -28         x8:10000d20 x23:10000fc8
13834560ns          230285 1c0081d8 094c7553 fsub.s           f10, f24, f20       f10=xxxxxxxx f24:3fc90fdb f20:3de57a00
13834580ns          230286 1c0081dc 57c000ef jal              x1, 1404             x1=1c0081de
13834620ns          230288 1c008758 a0a527d3 feq.s            x15, f10, f10       x15=00000001 f10:3fbab83b f10:3fbab83b
13834640ns          230289 1c00875c 0a078b63 beq              x15, x0, 182        x15:00000001
13834659ns          230290 1c00875e e00517d3 fclass.s         x15, f10            x15=00000040 f10:3fbab83b
13834679ns          230291 1c008762 0817f793 andi             x15, x15, 129       x15=00000000 x15:00000040
13834699ns          230292 1c008766 0a079663 bne              x15, x0, 172        x15:00000000
13834719ns          230293 1c008768 00000793 addi             x15, x0, 0          x15=00000000
13834739ns          230294 1c00876c a0f517d3 flt.s            x15, f10, f15       x15=00000000 f10:3fbab83b f15:00000000
13834759ns          230295 1c008770 0a079663 bne              x15, x0, 172        x15:00000000
13834779ns          230296 1c008772 1c000737 lui              x14, 0x1c000000     x14=1c000000
13834799ns          230297 1c008776 02072783 lw               x15, 32(x14)        x15=40c90fdb x14:1c000000  PA:1c000020
13835137ns          230314 1c00877a a0a797d3 flt.s            x15, f15, f10       x15=00000000 f15:40c90fdb f10:3fbab83b
13835157ns          230315 1c00877e 00078b63 beq              x15, x0, 22         x15:00000000
13835216ns          230318 1c008794 00000793 addi             x15, x0, 0          x15=00000000
13835236ns          230319 1c008798 a0f517d3 flt.s            x15, f10, f15       x15=00000000 f10:3fbab83b f15:00000000
13835256ns          230320 1c00879c 08079a63 bne              x15, x0, 148        x15:00000000
13835276ns          230321 1c00879e 1c0007b7 lui              x15, 0x1c000000     x15=1c000000
13835296ns          230322 1c0087a2 01c7a783 lw               x15, 28(x15)        x15=3fc90fdb x15:1c000000  PA:1c00001c
13835614ns          230338 1c0087a6 a0f517d3 flt.s            x15, f10, f15       x15=00000001 f10:3fbab83b f15:3fc90fdb
13835634ns          230339 1c0087aa 02079563 bne              x15, x0, 42         x15:00000001
13835694ns          230342 1c0087d4 10a57553 fmul.s           f10, f10, f10       f10=xxxxxxxx f10:3fbab83b f10:3fbab83b
13835714ns          230343 1c0087d8 1c0007b7 lui              x15, 0x1c000000     x15=1c000000
13835734ns          230344 1c0087dc 1c000737 lui              x14, 0x1c000000     x14=1c000000
13835793ns          230347 1c0087e0 13472703 lw               x14, 308(x14)       x14=bab59551 x14:1c000000  PA:1c000134
13836131ns          230364 1c0087e4 1307a783 lw               x15, 304(x15)       x15=37c23ab1 x15:1c000000  PA:1c000130
13836470ns          230381 1c0087e8 70f577c3 fmadd.s          f15, f10, f15, f14  f15=xxxxxxxx f10:4008303a f15:37c23ab1 f14:bab59551
13836489ns          230382 1c0087ec 1c000737 lui              x14, 0x1c000000     x14=1c000000
13836509ns          230383 1c0087f0 13872703 lw               x14, 312(x14)       x14=3d2aa76f x14:1c000000  PA:1c000138
13836828ns          230399 1c0087f4 70f577c3 fmadd.s          f15, f10, f15, f14  f15=xxxxxxxx f10:4008303a f15:baaf2015 f14:3d2aa76f
13836847ns          230400 1c0087f8 1c000737 lui              x14, 0x1c000000     x14=1c000000
13836867ns          230401 1c0087fc 13c72703 lw               x14, 316(x14)       x14=beffffe0 x14:1c000000  PA:1c00013c
13837186ns          230417 1c008800 70f577c3 fmadd.s          f15, f10, f15, f14  f15=xxxxxxxx f10:4008303a f15:3d1f022e f14:beffffe0
13837205ns          230418 1c008804 1c000737 lui              x14, 0x1c000000     x14=1c000000
13837225ns          230419 1c008808 16872703 lw               x14, 360(x14)       x14=3f7fffff x14:1c000000  PA:1c000168
13837544ns          230435 1c00880c 70f57543 fmadd.s          f10, f10, f15, f14  f10=xxxxxxxx f10:4008303a f15:bed5b452 f14:3f7fffff
13837563ns          230436 1c008810 00008067 jalr             x0, x1, 0            x1:1c0081de
13837623ns          230439 1c0081de 016a7a53 fadd.s           f20, f20, f22       f20=xxxxxxxx f20:3de57a00 f22:3e533fc3
13837643ns          230440 1c0081e2 10acf553 fmul.s           f10, f25, f10       f10=xxxxxxxx f25:3f800000 f10:3de4ff1b
13837663ns          230441 1c0081e6 a14a97d3 flt.s            x15, f21, f20       x15=00000000 f21:40c90fdb f20:3ea2fe62
13837683ns          230442 1c0081ea 00a4222b p.sw             x10, 4(x8!)          x8=10000d24 x10:3de4ff1b  x8:10000d20  PA:10000d20
13837703ns          230443 1c0081ee 00078363 beq              x15, x0, 6          x15:00000000
13837762ns          230446 1c0081f4 ff7412e3 bne              x8, x23, -28         x8:10000d24 x23:10000fc8
13837822ns          230449 1c0081d8 094c7553 fsub.s           f10, f24, f20       f10=xxxxxxxx f24:3fc90fdb f20:3ea2fe62
13837842ns          230450 1c0081dc 57c000ef jal              x1, 1404             x1=1c0081de
13837882ns          230452 1c008758 a0a527d3 feq.s            x15, f10, f10       x15=00000001 f10:3fa05042 f10:3fa05042
13837902ns          230453 1c00875c 0a078b63 beq              x15, x0, 182        x15:00000001
13837922ns          230454 1c00875e e00517d3 fclass.s         x15, f10            x15=00000040 f10:3fa05042
13837941ns          230455 1c008762 0817f793 andi             x15, x15, 129       x15=00000000 x15:00000040
13837961ns          230456 1c008766 0a079663 bne              x15, x0, 172        x15:00000000
13837981ns          230457 1c008768 00000793 addi             x15, x0, 0          x15=00000000
13838001ns          230458 1c00876c a0f517d3 flt.s            x15, f10, f15       x15=00000000 f10:3fa05042 f15:00000000
13838021ns          230459 1c008770 0a079663 bne              x15, x0, 172        x15:00000000
13838041ns          230460 1c008772 1c000737 lui              x14, 0x1c000000     x14=1c000000
13838061ns          230461 1c008776 02072783 lw               x15, 32(x14)        x15=40c90fdb x14:1c000000  PA:1c000020
13838399ns          230478 1c00877a a0a797d3 flt.s            x15, f15, f10       x15=00000000 f15:40c90fdb f10:3fa05042
13838419ns          230479 1c00877e 00078b63 beq              x15, x0, 22         x15:00000000
13838478ns          230482 1c008794 00000793 addi             x15, x0, 0          x15=00000000
13838498ns          230483 1c008798 a0f517d3 flt.s            x15, f10, f15       x15=00000000 f10:3fa05042 f15:00000000
13838518ns          230484 1c00879c 08079a63 bne              x15, x0, 148        x15:00000000
13838538ns          230485 1c00879e 1c0007b7 lui              x15, 0x1c000000     x15=1c000000
13838558ns          230486 1c0087a2 01c7a783 lw               x15, 28(x15)        x15=3fc90fdb x15:1c000000  PA:1c00001c
13838876ns          230502 1c0087a6 a0f517d3 flt.s            x15, f10, f15       x15=00000001 f10:3fa05042 f15:3fc90fdb
13838896ns          230503 1c0087aa 02079563 bne              x15, x0, 42         x15:00000001
13838956ns          230506 1c0087d4 10a57553 fmul.s           f10, f10, f10       f10=xxxxxxxx f10:3fa05042 f10:3fa05042
13838976ns          230507 1c0087d8 1c0007b7 lui              x15, 0x1c000000     x15=1c000000
13838996ns          230508 1c0087dc 1c000737 lui              x14, 0x1c000000     x14=1c000000
13839016ns          230509 1c0087e0 13472703 lw               x14, 308(x14)       x14=bab59551 x14:1c000000  PA:1c000134
13839314ns          230524 1c0087e4 1307a783 lw               x15, 304(x15)       x15=37c23ab1 x15:1c000000  PA:1c000130
13839632ns          230540 1c0087e8 70f577c3 fmadd.s          f15, f10, f15, f14  f15=xxxxxxxx f10:3fc8c8d7 f15:37c23ab1 f14:bab59551
13839652ns          230541 1c0087ec 1c000737 lui              x14, 0x1c000000     x14=1c000000
13839672ns          230542 1c0087f0 13872703 lw               x14, 312(x14)       x14=3d2aa76f x14:1c000000  PA:1c000138
13839990ns          230558 1c0087f4 70f577c3 fmadd.s          f15, f10, f15, f14  f15=xxxxxxxx f10:3fc8c8d7 f15:bab0d29f f14:3d2aa76f
13840010ns          230559 1c0087f8 1c000737 lui              x14, 0x1c000000     x14=1c000000
13840030ns          230560 1c0087fc 13c72703 lw               x14, 316(x14)       x14=beffffe0 x14:1c000000  PA:1c00013c
13840348ns          230576 1c008800 70f577c3 fmadd.s          f15, f10, f15, f14  f15=xxxxxxxx f10:3fc8c8d7 f15:3d21fc7b f14:beffffe0
13840368ns          230577 1c008804 1c000737 lui              x14, 0x1c000000     x14=1c000000
13840388ns          230578 1c008808 16872703 lw               x14, 360(x14)       x14=3f7fffff x14:1c000000  PA:1c000168
13840726ns          230595 1c00880c 70f57543 fmadd.s          f10, f10, f15, f14  f10=xxxxxxxx f10:3fc8c8d7 f15:bee03ccb f14:3f7fffff
13840746ns          230596 1c008810 00008067 jalr             x0, x1, 0            x1:1c0081de
13840806ns          230599 1c0081de 016a7a53 fadd.s           f20, f20, f22       f20=xxxxxxxx f20:3ea2fe62 f22:3e533fc3
13840826ns          230600 1c0081e2 10acf553 fmul.s           f10, f25, f10       f10=xxxxxxxx f25:3f800000 f10:3ea04129
13840845ns          230601 1c0081e6 a14a97d3 flt.s            x15, f21, f20       x15=00000000 f21:40c90fdb f20:3f064f22
13840865ns          230602 1c0081ea 00a4222b p.sw             x10, 4(x8!)          x8=10000d28 x10:3ea04129  x8:10000d24  PA:10000d24
13840885ns          230603 1c0081ee 00078363 beq              x15, x0, 6          x15:00000000
13840945ns          230606 1c0081f4 ff7412e3 bne              x8, x23, -28         x8:10000d28 x23:10000fc8
13841005ns          230609 1c0081d8 094c7553 fsub.s           f10, f24, f20       f10=xxxxxxxx f24:3fc90fdb f20:3f064f22
13841024ns          230610 1c0081dc 57c000ef jal              x1, 1404             x1=1c0081de
13841064ns          230612 1c008758 a0a527d3 feq.s            x15, f10, f10       x15=00000001 f10:3f85e84a f10:3f85e84a
13841084ns          230613 1c00875c 0a078b63 beq              x15, x0, 182        x15:00000001
13841104ns          230614 1c00875e e00517d3 fclass.s         x15, f10            x15=00000040 f10:3f85e84a
13841124ns          230615 1c008762 0817f793 andi             x15, x15, 129       x15=00000000 x15:00000040
13841144ns          230616 1c008766 0a079663 bne              x15, x0, 172        x15:00000000
13841164ns          230617 1c008768 00000793 addi             x15, x0, 0          x15=00000000
13841184ns          230618 1c00876c a0f517d3 flt.s            x15, f10, f15       x15=00000000 f10:3f85e84a f15:00000000
13841204ns          230619 1c008770 0a079663 bne              x15, x0, 172        x15:00000000
13841223ns          230620 1c008772 1c000737 lui              x14, 0x1c000000     x14=1c000000
13841243ns          230621 1c008776 02072783 lw               x15, 32(x14)        x15=40c90fdb x14:1c000000  PA:1c000020
13841562ns          230637 1c00877a a0a797d3 flt.s            x15, f15, f10       x15=00000000 f15:40c90fdb f10:3f85e84a
13841581ns          230638 1c00877e 00078b63 beq              x15, x0, 22         x15:00000000
13841641ns          230641 1c008794 00000793 addi             x15, x0, 0          x15=00000000
13841661ns          230642 1c008798 a0f517d3 flt.s            x15, f10, f15       x15=00000000 f10:3f85e84a f15:00000000
13841681ns          230643 1c00879c 08079a63 bne              x15, x0, 148        x15:00000000
13841701ns          230644 1c00879e 1c0007b7 lui              x15, 0x1c000000     x15=1c000000
13841721ns          230645 1c0087a2 01c7a783 lw               x15, 28(x15)        x15=3fc90fdb x15:1c000000  PA:1c00001c
13842059ns          230662 1c0087a6 a0f517d3 flt.s            x15, f10, f15       x15=00000001 f10:3f85e84a f15:3fc90fdb
13842079ns          230663 1c0087aa 02079563 bne              x15, x0, 42         x15:00000001
13842138ns          230666 1c0087d4 10a57553 fmul.s           f10, f10, f10       f10=xxxxxxxx f10:3f85e84a f10:3f85e84a
13842158ns          230667 1c0087d8 1c0007b7 lui              x15, 0x1c000000     x15=1c000000
13842178ns          230668 1c0087dc 1c000737 lui              x14, 0x1c000000     x14=1c000000
13842198ns          230669 1c0087e0 13472703 lw               x14, 308(x14)       x14=bab59551 x14:1c000000  PA:1c000134
13842496ns          230684 1c0087e4 1307a783 lw               x15, 304(x15)       x15=37c23ab1 x15:1c000000  PA:1c000130
13842815ns          230700 1c0087e8 70f577c3 fmadd.s          f15, f10, f15, f14  f15=xxxxxxxx f10:3f8c165f f15:37c23ab1 f14:bab59551
13842835ns          230701 1c0087ec 1c000737 lui              x14, 0x1c000000     x14=1c000000
13842854ns          230702 1c0087f0 13872703 lw               x14, 312(x14)       x14=3d2aa76f x14:1c000000  PA:1c000138
13843193ns          230719 1c0087f4 70f577c3 fmadd.s          f15, f10, f15, f14  f15=xxxxxxxx f10:3f8c165f f15:bab24308 f14:3d2aa76f
13843212ns          230720 1c0087f8 1c000737 lui              x14, 0x1c000000     x14=1c000000
13843232ns          230721 1c0087fc 13c72703 lw               x14, 316(x14)       x14=beffffe0 x14:1c000000  PA:1c00013c
13843610ns          230740 1c008800 70f577c3 fmadd.s          f15, f10, f15, f14  f15=xxxxxxxx f10:3f8c165f f15:3d248eab f14:beffffe0
13843630ns          230741 1c008804 1c000737 lui              x14, 0x1c000000     x14=1c000000
13843650ns          230742 1c008808 16872703 lw               x14, 360(x14)       x14=3f7fffff x14:1c000000  PA:1c000168
13843968ns          230758 1c00880c 70f57543 fmadd.s          f10, f10, f15, f14  f10=xxxxxxxx f10:3f8c165f f15:bee97cc6 f14:3f7fffff
13843988ns          230759 1c008810 00008067 jalr             x0, x1, 0            x1:1c0081de
13844048ns          230762 1c0081de 016a7a53 fadd.s           f20, f20, f22       f20=xxxxxxxx f20:3f064f22 f22:3e533fc3
13844068ns          230763 1c0081e2 10acf553 fmul.s           f10, f25, f10       f10=xxxxxxxx f25:3f800000 f10:3f003b5b
13844088ns          230764 1c0081e6 a14a97d3 flt.s            x15, f21, f20       x15=00000000 f21:40c90fdb f20:3f3b1f13
13844108ns          230765 1c0081ea 00a4222b p.sw             x10, 4(x8!)          x8=10000d2c x10:3f003b5b  x8:10000d28  PA:10000d28
13844127ns          230766 1c0081ee 00078363 beq              x15, x0, 6          x15:00000000
13844187ns          230769 1c0081f4 ff7412e3 bne              x8, x23, -28         x8:10000d2c x23:10000fc8
13844247ns          230772 1c0081d8 094c7553 fsub.s           f10, f24, f20       f10=xxxxxxxx f24:3fc90fdb f20:3f3b1f13
13844267ns          230773 1c0081dc 57c000ef jal              x1, 1404             x1=1c0081de
13844306ns          230775 1c008758 a0a527d3 feq.s            x15, f10, f10       x15=00000001 f10:3f5700a3 f10:3f5700a3
13844326ns          230776 1c00875c 0a078b63 beq              x15, x0, 182        x15:00000001
13844346ns          230777 1c00875e e00517d3 fclass.s         x15, f10            x15=00000040 f10:3f5700a3
13844366ns          230778 1c008762 0817f793 andi             x15, x15, 129       x15=00000000 x15:00000040
13844386ns          230779 1c008766 0a079663 bne              x15, x0, 172        x15:00000000
13844406ns          230780 1c008768 00000793 addi             x15, x0, 0          x15=00000000
13844426ns          230781 1c00876c a0f517d3 flt.s            x15, f10, f15       x15=00000000 f10:3f5700a3 f15:00000000
13844446ns          230782 1c008770 0a079663 bne              x15, x0, 172        x15:00000000
13844466ns          230783 1c008772 1c000737 lui              x14, 0x1c000000     x14=1c000000
13844485ns          230784 1c008776 02072783 lw               x15, 32(x14)        x15=40c90fdb x14:1c000000  PA:1c000020
13844804ns          230800 1c00877a a0a797d3 flt.s            x15, f15, f10       x15=00000000 f15:40c90fdb f10:3f5700a3
13844824ns          230801 1c00877e 00078b63 beq              x15, x0, 22         x15:00000000
13844883ns          230804 1c008794 00000793 addi             x15, x0, 0          x15=00000000
13844903ns          230805 1c008798 a0f517d3 flt.s            x15, f10, f15       x15=00000000 f10:3f5700a3 f15:00000000
13844923ns          230806 1c00879c 08079a63 bne              x15, x0, 148        x15:00000000
13844943ns          230807 1c00879e 1c0007b7 lui              x15, 0x1c000000     x15=1c000000
13844963ns          230808 1c0087a2 01c7a783 lw               x15, 28(x15)        x15=3fc90fdb x15:1c000000  PA:1c00001c
13845281ns          230824 1c0087a6 a0f517d3 flt.s            x15, f10, f15       x15=00000001 f10:3f5700a3 f15:3fc90fdb
13845301ns          230825 1c0087aa 02079563 bne              x15, x0, 42         x15:00000001
13845361ns          230828 1c0087d4 10a57553 fmul.s           f10, f10, f10       f10=xxxxxxxx f10:3f5700a3 f10:3f5700a3
13845381ns          230829 1c0087d8 1c0007b7 lui              x15, 0x1c000000     x15=1c000000
13845400ns          230830 1c0087dc 1c000737 lui              x14, 0x1c000000     x14=1c000000
13845420ns          230831 1c0087e0 13472703 lw               x14, 308(x14)       x14=bab59551 x14:1c000000  PA:1c000134
13845719ns          230846 1c0087e4 1307a783 lw               x15, 304(x15)       x15=37c23ab1 x15:1c000000  PA:1c000130
13846037ns          230862 1c0087e8 70f577c3 fmadd.s          f15, f10, f15, f14  f15=xxxxxxxx f10:3f349212 f15:37c23ab1 f14:bab59551
13846057ns          230863 1c0087ec 1c000737 lui              x14, 0x1c000000     x14=1c000000
13846077ns          230864 1c0087f0 13872703 lw               x14, 312(x14)       x14=3d2aa76f x14:1c000000  PA:1c000138
13846415ns          230881 1c0087f4 70f577c3 fmadd.s          f15, f10, f15, f14  f15=xxxxxxxx f10:3f349212 f15:bab37151 f14:3d2aa76f
13846435ns          230882 1c0087f8 1c000737 lui              x14, 0x1c000000     x14=1c000000
13846455ns          230883 1c0087fc 13c72703 lw               x14, 316(x14)       x14=beffffe0 x14:1c000000  PA:1c00013c
13846773ns          230899 1c008800 70f577c3 fmadd.s          f15, f10, f15, f14  f15=xxxxxxxx f10:3f349212 f15:3d26b2de f14:beffffe0
13846793ns          230900 1c008804 1c000737 lui              x14, 0x1c000000     x14=1c000000
13846813ns          230901 1c008808 16872703 lw               x14, 360(x14)       x14=3f7fffff x14:1c000000  PA:1c000168
13847151ns          230918 1c00880c 70f57543 fmadd.s          f10, f10, f15, f14  f10=xxxxxxxx f10:3f349212 f15:bef14d44 f14:3f7fffff
13847171ns          230919 1c008810 00008067 jalr             x0, x1, 0            x1:1c0081de
13847230ns          230922 1c0081de 016a7a53 fadd.s           f20, f20, f22       f20=xxxxxxxx f20:3f3b1f13 f22:3e533fc3
13847250ns          230923 1c0081e2 10acf553 fmul.s           f10, f25, f10       f10=xxxxxxxx f25:3f800000 f10:3f2ae5fe
13847270ns          230924 1c0081e6 a14a97d3 flt.s            x15, f21, f20       x15=00000000 f21:40c90fdb f20:3f6fef04
13847290ns          230925 1c0081ea 00a4222b p.sw             x10, 4(x8!)          x8=10000d30 x10:3f2ae5fe  x8:10000d2c  PA:10000d2c
13847310ns          230926 1c0081ee 00078363 beq              x15, x0, 6          x15:00000000
13847370ns          230929 1c0081f4 ff7412e3 bne              x8, x23, -28         x8:10000d30 x23:10000fc8
13847429ns          230932 1c0081d8 094c7553 fsub.s           f10, f24, f20       f10=xxxxxxxx f24:3fc90fdb f20:3f6fef04
13847449ns          230933 1c0081dc 57c000ef jal              x1, 1404             x1=1c0081de
13847489ns          230935 1c008758 a0a527d3 feq.s            x15, f10, f10       x15=00000001 f10:3f2230b2 f10:3f2230b2
13847509ns          230936 1c00875c 0a078b63 beq              x15, x0, 182        x15:00000001
13847529ns          230937 1c00875e e00517d3 fclass.s         x15, f10            x15=00000040 f10:3f2230b2
13847549ns          230938 1c008762 0817f793 andi             x15, x15, 129       x15=00000000 x15:00000040
13847569ns          230939 1c008766 0a079663 bne              x15, x0, 172        x15:00000000
13847588ns          230940 1c008768 00000793 addi             x15, x0, 0          x15=00000000
13847608ns          230941 1c00876c a0f517d3 flt.s            x15, f10, f15       x15=00000000 f10:3f2230b2 f15:00000000
13847628ns          230942 1c008770 0a079663 bne              x15, x0, 172        x15:00000000
13847648ns          230943 1c008772 1c000737 lui              x14, 0x1c000000     x14=1c000000
13847668ns          230944 1c008776 02072783 lw               x15, 32(x14)        x15=40c90fdb x14:1c000000  PA:1c000020
13847986ns          230960 1c00877a a0a797d3 flt.s            x15, f15, f10       x15=00000000 f15:40c90fdb f10:3f2230b2
13848006ns          230961 1c00877e 00078b63 beq              x15, x0, 22         x15:00000000
13848066ns          230964 1c008794 00000793 addi             x15, x0, 0          x15=00000000
13848086ns          230965 1c008798 a0f517d3 flt.s            x15, f10, f15       x15=00000000 f10:3f2230b2 f15:00000000
13848106ns          230966 1c00879c 08079a63 bne              x15, x0, 148        x15:00000000
13848125ns          230967 1c00879e 1c0007b7 lui              x15, 0x1c000000     x15=1c000000
13848145ns          230968 1c0087a2 01c7a783 lw               x15, 28(x15)        x15=3fc90fdb x15:1c000000  PA:1c00001c
13848484ns          230985 1c0087a6 a0f517d3 flt.s            x15, f10, f15       x15=00000001 f10:3f2230b2 f15:3fc90fdb
13848503ns          230986 1c0087aa 02079563 bne              x15, x0, 42         x15:00000001
13848563ns          230989 1c0087d4 10a57553 fmul.s           f10, f10, f10       f10=xxxxxxxx f10:3f2230b2 f10:3f2230b2
13848583ns          230990 1c0087d8 1c0007b7 lui              x15, 0x1c000000     x15=1c000000
13848603ns          230991 1c0087dc 1c000737 lui              x14, 0x1c000000     x14=1c000000
13848623ns          230992 1c0087e0 13472703 lw               x14, 308(x14)       x14=bab59551 x14:1c000000  PA:1c000134
13848921ns          231007 1c0087e4 1307a783 lw               x15, 304(x15)       x15=37c23ab1 x15:1c000000  PA:1c000130
13849239ns          231023 1c0087e8 70f577c3 fmadd.s          f15, f10, f15, f14  f15=xxxxxxxx f10:3ecd8355 f15:37c23ab1 f14:bab59551
13849259ns          231024 1c0087ec 1c000737 lui              x14, 0x1c000000     x14=1c000000
13849279ns          231025 1c0087f0 13872703 lw               x14, 312(x14)       x14=3d2aa76f x14:1c000000  PA:1c000138
13849617ns          231042 1c0087f4 70f577c3 fmadd.s          f15, f10, f15, f14  f15=xxxxxxxx f10:3ecd8355 f15:bab45d78 f14:3d2aa76f
13849637ns          231043 1c0087f8 1c000737 lui              x14, 0x1c000000     x14=1c000000
13849657ns          231044 1c0087fc 13c72703 lw               x14, 316(x14)       x14=beffffe0 x14:1c000000  PA:1c00013c
13849975ns          231060 1c008800 70f577c3 fmadd.s          f15, f10, f15, f14  f15=xxxxxxxx f10:3ecd8355 f15:3d286441 f14:beffffe0
13849995ns          231061 1c008804 1c000737 lui              x14, 0x1c000000     x14=1c000000
13850015ns          231062 1c008808 16872703 lw               x14, 360(x14)       x14=3f7fffff x14:1c000000  PA:1c000168
13850333ns          231078 1c00880c 70f57543 fmadd.s          f10, f10, f15, f14  f10=xxxxxxxx f10:3ecd8355 f15:bef78cf5 f14:3f7fffff
13850353ns          231079 1c008810 00008067 jalr             x0, x1, 0            x1:1c0081de
13850413ns          231082 1c0081de 016a7a53 fadd.s           f20, f20, f22       f20=xxxxxxxx f20:3f6fef04 f22:3e533fc3
13850433ns          231083 1c0081e2 10acf553 fmul.s           f10, f25, f10       f10=xxxxxxxx f25:3f800000 f10:3f4e5147
13850453ns          231084 1c0081e6 a14a97d3 flt.s            x15, f21, f20       x15=00000000 f21:40c90fdb f20:3f925f7a
13850473ns          231085 1c0081ea 00a4222b p.sw             x10, 4(x8!)          x8=10000d34 x10:3f4e5147  x8:10000d30  PA:10000d30
13850492ns          231086 1c0081ee 00078363 beq              x15, x0, 6          x15:00000000
13850552ns          231089 1c0081f4 ff7412e3 bne              x8, x23, -28         x8:10000d34 x23:10000fc8
13850612ns          231092 1c0081d8 094c7553 fsub.s           f10, f24, f20       f10=xxxxxxxx f24:3fc90fdb f20:3f925f7a
13850632ns          231093 1c0081dc 57c000ef jal              x1, 1404             x1=1c0081de
13850671ns          231095 1c008758 a0a527d3 feq.s            x15, f10, f10       x15=00000001 f10:3edac184 f10:3edac184
13850691ns          231096 1c00875c 0a078b63 beq              x15, x0, 182        x15:00000001
13850711ns          231097 1c00875e e00517d3 fclass.s         x15, f10            x15=00000040 f10:3edac184
13850731ns          231098 1c008762 0817f793 andi             x15, x15, 129       x15=00000000 x15:00000040
13850751ns          231099 1c008766 0a079663 bne              x15, x0, 172        x15:00000000
13850771ns          231100 1c008768 00000793 addi             x15, x0, 0          x15=00000000
13850791ns          231101 1c00876c a0f517d3 flt.s            x15, f10, f15       x15=00000000 f10:3edac184 f15:00000000
13850811ns          231102 1c008770 0a079663 bne              x15, x0, 172        x15:00000000
13850831ns          231103 1c008772 1c000737 lui              x14, 0x1c000000     x14=1c000000
13850851ns          231104 1c008776 02072783 lw               x15, 32(x14)        x15=40c90fdb x14:1c000000  PA:1c000020
13851189ns          231121 1c00877a a0a797d3 flt.s            x15, f15, f10       x15=00000000 f15:40c90fdb f10:3edac184
13851209ns          231122 1c00877e 00078b63 beq              x15, x0, 22         x15:00000000
13851268ns          231125 1c008794 00000793 addi             x15, x0, 0          x15=00000000
13851288ns          231126 1c008798 a0f517d3 flt.s            x15, f10, f15       x15=00000000 f10:3edac184 f15:00000000
13851308ns          231127 1c00879c 08079a63 bne              x15, x0, 148        x15:00000000
13851328ns          231128 1c00879e 1c0007b7 lui              x15, 0x1c000000     x15=1c000000
13851348ns          231129 1c0087a2 01c7a783 lw               x15, 28(x15)        x15=3fc90fdb x15:1c000000  PA:1c00001c
13851666ns          231145 1c0087a6 a0f517d3 flt.s            x15, f10, f15       x15=00000001 f10:3edac184 f15:3fc90fdb
13851686ns          231146 1c0087aa 02079563 bne              x15, x0, 42         x15:00000001
13851746ns          231149 1c0087d4 10a57553 fmul.s           f10, f10, f10       f10=xxxxxxxx f10:3edac184 f10:3edac184
13851765ns          231150 1c0087d8 1c0007b7 lui              x15, 0x1c000000     x15=1c000000
13851785ns          231151 1c0087dc 1c000737 lui              x14, 0x1c000000     x14=1c000000
13851805ns          231152 1c0087e0 13472703 lw               x14, 308(x14)       x14=bab59551 x14:1c000000  PA:1c000134
13852124ns          231168 1c0087e4 1307a783 lw               x15, 304(x15)       x15=37c23ab1 x15:1c000000  PA:1c000130
13852462ns          231185 1c0087e8 70f577c3 fmadd.s          f15, f10, f15, f14  f15=xxxxxxxx f10:3e3aee27 f15:37c23ab1 f14:bab59551
13852482ns          231186 1c0087ec 1c000737 lui              x14, 0x1c000000     x14=1c000000
13852501ns          231187 1c0087f0 13872703 lw               x14, 312(x14)       x14=3d2aa76f x14:1c000000  PA:1c000138
13852840ns          231204 1c0087f4 70f577c3 fmadd.s          f15, f10, f15, f14  f15=xxxxxxxx f10:3e3aee27 f15:bab5077e f14:3d2aa76f
13852859ns          231205 1c0087f8 1c000737 lui              x14, 0x1c000000     x14=1c000000
13852879ns          231206 1c0087fc 13c72703 lw               x14, 316(x14)       x14=beffffe0 x14:1c000000  PA:1c00013c
13853198ns          231222 1c008800 70f577c3 fmadd.s          f15, f10, f15, f14  f15=xxxxxxxx f10:3e3aee27 f15:3d299f0f f14:beffffe0
13853218ns          231223 1c008804 1c000737 lui              x14, 0x1c000000     x14=1c000000
13853237ns          231224 1c008808 16872703 lw               x14, 360(x14)       x14=3f7fffff x14:1c000000  PA:1c000168
13853556ns          231240 1c00880c 70f57543 fmadd.s          f10, f10, f15, f14  f10=xxxxxxxx f10:3e3aee27 f15:befc2105 f14:3f7fffff
13853576ns          231241 1c008810 00008067 jalr             x0, x1, 0            x1:1c0081de
13853635ns          231244 1c0081de 016a7a53 fadd.s           f20, f20, f22       f20=xxxxxxxx f20:3f925f7a f22:3e533fc3
13853655ns          231245 1c0081e2 10acf553 fmul.s           f10, f25, f10       f10=xxxxxxxx f25:3f800000 f10:3f68fcae
13853675ns          231246 1c0081e6 a14a97d3 flt.s            x15, f21, f20       x15=00000000 f21:40c90fdb f20:3facc772
13853695ns          231247 1c0081ea 00a4222b p.sw             x10, 4(x8!)          x8=10000d38 x10:3f68fcae  x8:10000d34  PA:10000d34
13853715ns          231248 1c0081ee 00078363 beq              x15, x0, 6          x15:00000000
13853774ns          231251 1c0081f4 ff7412e3 bne              x8, x23, -28         x8:10000d38 x23:10000fc8
13853834ns          231254 1c0081d8 094c7553 fsub.s           f10, f24, f20       f10=xxxxxxxx f24:3fc90fdb f20:3facc772
13853854ns          231255 1c0081dc 57c000ef jal              x1, 1404             x1=1c0081de
13853894ns          231257 1c008758 a0a527d3 feq.s            x15, f10, f10       x15=00000001 f10:3e624348 f10:3e624348
13853914ns          231258 1c00875c 0a078b63 beq              x15, x0, 182        x15:00000001
13853934ns          231259 1c00875e e00517d3 fclass.s         x15, f10            x15=00000040 f10:3e624348
13853953ns          231260 1c008762 0817f793 andi             x15, x15, 129       x15=00000000 x15:00000040
13853973ns          231261 1c008766 0a079663 bne              x15, x0, 172        x15:00000000
13853993ns          231262 1c008768 00000793 addi             x15, x0, 0          x15=00000000
13854013ns          231263 1c00876c a0f517d3 flt.s            x15, f10, f15       x15=00000000 f10:3e624348 f15:00000000
13854033ns          231264 1c008770 0a079663 bne              x15, x0, 172        x15:00000000
13854053ns          231265 1c008772 1c000737 lui              x14, 0x1c000000     x14=1c000000
13854073ns          231266 1c008776 02072783 lw               x15, 32(x14)        x15=40c90fdb x14:1c000000  PA:1c000020
13854391ns          231282 1c00877a a0a797d3 flt.s            x15, f15, f10       x15=00000000 f15:40c90fdb f10:3e624348
13854411ns          231283 1c00877e 00078b63 beq              x15, x0, 22         x15:00000000
13854471ns          231286 1c008794 00000793 addi             x15, x0, 0          x15=00000000
13854491ns          231287 1c008798 a0f517d3 flt.s            x15, f10, f15       x15=00000000 f10:3e624348 f15:00000000
13854510ns          231288 1c00879c 08079a63 bne              x15, x0, 148        x15:00000000
13854530ns          231289 1c00879e 1c0007b7 lui              x15, 0x1c000000     x15=1c000000
13854550ns          231290 1c0087a2 01c7a783 lw               x15, 28(x15)        x15=3fc90fdb x15:1c000000  PA:1c00001c
13854868ns          231306 1c0087a6 a0f517d3 flt.s            x15, f10, f15       x15=00000001 f10:3e624348 f15:3fc90fdb
13854888ns          231307 1c0087aa 02079563 bne              x15, x0, 42         x15:00000001
13854948ns          231310 1c0087d4 10a57553 fmul.s           f10, f10, f10       f10=xxxxxxxx f10:3e624348 f10:3e624348
13854968ns          231311 1c0087d8 1c0007b7 lui              x15, 0x1c000000     x15=1c000000
13854988ns          231312 1c0087dc 1c000737 lui              x14, 0x1c000000     x14=1c000000
13855008ns          231313 1c0087e0 13472703 lw               x14, 308(x14)       x14=bab59551 x14:1c000000  PA:1c000134
13855306ns          231328 1c0087e4 1307a783 lw               x15, 304(x15)       x15=37c23ab1 x15:1c000000  PA:1c000130
13855624ns          231344 1c0087e8 70f577c3 fmadd.s          f15, f10, f15, f14  f15=xxxxxxxx f10:3d47fadd f15:37c23ab1 f14:bab59551
13855644ns          231345 1c0087ec 1c000737 lui              x14, 0x1c000000     x14=1c000000
13855664ns          231346 1c0087f0 13872703 lw               x14, 312(x14)       x14=3d2aa76f x14:1c000000  PA:1c000138
13855982ns          231362 1c0087f4 70f577c3 fmadd.s          f15, f10, f15, f14  f15=xxxxxxxx f10:3d47fadd f15:bab56f63 f14:3d2aa76f
13856002ns          231363 1c0087f8 1c000737 lui              x14, 0x1c000000     x14=1c000000
13856022ns          231364 1c0087fc 13c72703 lw               x14, 316(x14)       x14=beffffe0 x14:1c000000  PA:1c00013c
13856340ns          231380 1c008800 70f577c3 fmadd.s          f15, f10, f15, f14  f15=xxxxxxxx f10:3d47fadd f15:3d2a6091 f14:beffffe0
13856360ns          231381 1c008804 1c000737 lui              x14, 0x1c000000     x14=1c000000
13856380ns          231382 1c008808 16872703 lw               x14, 360(x14)       x14=3f7fffff x14:1c000000  PA:1c000168
13856738ns          231400 1c00880c 70f57543 fmadd.s          f10, f10, f15, f14  f10=xxxxxxxx f10:3d47fadd f15:befef5b0 f14:3f7fffff
13856758ns          231401 1c008810 00008067 jalr             x0, x1, 0            x1:1c0081de
13856818ns          231404 1c0081de 016a7a53 fadd.s           f20, f20, f22       f20=xxxxxxxx f20:3facc772 f22:3e533fc3
13856838ns          231405 1c0081e2 10acf553 fmul.s           f10, f25, f10       f10=xxxxxxxx f25:3f800000 f10:3f79c6a8
13856858ns          231406 1c0081e6 a14a97d3 flt.s            x15, f21, f20       x15=00000000 f21:40c90fdb f20:3fc72f6a
13856877ns          231407 1c0081ea 00a4222b p.sw             x10, 4(x8!)          x8=10000d3c x10:3f79c6a8  x8:10000d38  PA:10000d38
13856897ns          231408 1c0081ee 00078363 beq              x15, x0, 6          x15:00000000
13856957ns          231411 1c0081f4 ff7412e3 bne              x8, x23, -28         x8:10000d3c x23:10000fc8
13857017ns          231414 1c0081d8 094c7553 fsub.s           f10, f24, f20       f10=xxxxxxxx f24:3fc90fdb f20:3fc72f6a
13857037ns          231415 1c0081dc 57c000ef jal              x1, 1404             x1=1c0081de
13857076ns          231417 1c008758 a0a527d3 feq.s            x15, f10, f10       x15=00000001 f10:3c703880 f10:3c703880
13857096ns          231418 1c00875c 0a078b63 beq              x15, x0, 182        x15:00000001
13857116ns          231419 1c00875e e00517d3 fclass.s         x15, f10            x15=00000040 f10:3c703880
13857136ns          231420 1c008762 0817f793 andi             x15, x15, 129       x15=00000000 x15:00000040
13857156ns          231421 1c008766 0a079663 bne              x15, x0, 172        x15:00000000
13857176ns          231422 1c008768 00000793 addi             x15, x0, 0          x15=00000000
13857196ns          231423 1c00876c a0f517d3 flt.s            x15, f10, f15       x15=00000000 f10:3c703880 f15:00000000
13857216ns          231424 1c008770 0a079663 bne              x15, x0, 172        x15:00000000
13857235ns          231425 1c008772 1c000737 lui              x14, 0x1c000000     x14=1c000000
13857255ns          231426 1c008776 02072783 lw               x15, 32(x14)        x15=40c90fdb x14:1c000000  PA:1c000020
13857574ns          231442 1c00877a a0a797d3 flt.s            x15, f15, f10       x15=00000000 f15:40c90fdb f10:3c703880
13857593ns          231443 1c00877e 00078b63 beq              x15, x0, 22         x15:00000000
13857653ns          231446 1c008794 00000793 addi             x15, x0, 0          x15=00000000
13857673ns          231447 1c008798 a0f517d3 flt.s            x15, f10, f15       x15=00000000 f10:3c703880 f15:00000000
13857693ns          231448 1c00879c 08079a63 bne              x15, x0, 148        x15:00000000
13857713ns          231449 1c00879e 1c0007b7 lui              x15, 0x1c000000     x15=1c000000
13857733ns          231450 1c0087a2 01c7a783 lw               x15, 28(x15)        x15=3fc90fdb x15:1c000000  PA:1c00001c
13858051ns          231466 1c0087a6 a0f517d3 flt.s            x15, f10, f15       x15=00000001 f10:3c703880 f15:3fc90fdb
13858071ns          231467 1c0087aa 02079563 bne              x15, x0, 42         x15:00000001
13858131ns          231470 1c0087d4 10a57553 fmul.s           f10, f10, f10       f10=xxxxxxxx f10:3c703880 f10:3c703880
13858150ns          231471 1c0087d8 1c0007b7 lui              x15, 0x1c000000     x15=1c000000
13858170ns          231472 1c0087dc 1c000737 lui              x14, 0x1c000000     x14=1c000000
13858190ns          231473 1c0087e0 13472703 lw               x14, 308(x14)       x14=bab59551 x14:1c000000  PA:1c000134
13858489ns          231488 1c0087e4 1307a783 lw               x15, 304(x15)       x15=37c23ab1 x15:1c000000  PA:1c000130
13858807ns          231504 1c0087e8 70f577c3 fmadd.s          f15, f10, f15, f14  f15=xxxxxxxx f10:396169fc f15:37c23ab1 f14:bab59551
13858827ns          231505 1c0087ec 1c000737 lui              x14, 0x1c000000     x14=1c000000
13858847ns          231506 1c0087f0 13872703 lw               x14, 312(x14)       x14=3d2aa76f x14:1c000000  PA:1c000138
13859185ns          231523 1c0087f4 70f577c3 fmadd.s          f15, f10, f15, f14  f15=xxxxxxxx f10:396169fc f15:bab59526 f14:3d2aa76f
13859205ns          231524 1c0087f8 1c000737 lui              x14, 0x1c000000     x14=1c000000
13859225ns          231525 1c0087fc 13c72703 lw               x14, 316(x14)       x14=beffffe0 x14:1c000000  PA:1c00013c
13859563ns          231542 1c008800 70f577c3 fmadd.s          f15, f10, f15, f14  f15=xxxxxxxx f10:396169fc f15:3d2aa71f f14:beffffe0
13859583ns          231543 1c008804 1c000737 lui              x14, 0x1c000000     x14=1c000000
13859602ns          231544 1c008808 16872703 lw               x14, 360(x14)       x14=3f7fffff x14:1c000000  PA:1c000168
13859921ns          231560 1c00880c 70f57543 fmadd.s          f10, f10, f15, f14  f10=xxxxxxxx f10:396169fc f15:befffeb3 f14:3f7fffff
13859941ns          231561 1c008810 00008067 jalr             x0, x1, 0            x1:1c0081de
13860000ns          231564 1c0081de 016a7a53 fadd.s           f20, f20, f22       f20=xxxxxxxx f20:3fc72f6a f22:3e533fc3
13860020ns          231565 1c0081e2 10acf553 fmul.s           f10, f25, f10       f10=xxxxxxxx f25:3f800000 f10:3f7ff8f4
13860040ns          231566 1c0081e6 a14a97d3 flt.s            x15, f21, f20       x15=00000000 f21:40c90fdb f20:3fe19762
13860060ns          231567 1c0081ea 00a4222b p.sw             x10, 4(x8!)          x8=10000d40 x10:3f7ff8f4  x8:10000d3c  PA:10000d3c
13860080ns          231568 1c0081ee 00078363 beq              x15, x0, 6          x15:00000000
13860139ns          231571 1c0081f4 ff7412e3 bne              x8, x23, -28         x8:10000d40 x23:10000fc8
13860199ns          231574 1c0081d8 094c7553 fsub.s           f10, f24, f20       f10=xxxxxxxx f24:3fc90fdb f20:3fe19762
13860219ns          231575 1c0081dc 57c000ef jal              x1, 1404             x1=1c0081de
13860259ns          231577 1c008758 a0a527d3 feq.s            x15, f10, f10       x15=00000001 f10:be443c38 f10:be443c38
13860279ns          231578 1c00875c 0a078b63 beq              x15, x0, 182        x15:00000001
13860299ns          231579 1c00875e e00517d3 fclass.s         x15, f10            x15=00000002 f10:be443c38
13860319ns          231580 1c008762 0817f793 andi             x15, x15, 129       x15=00000000 x15:00000002
13860338ns          231581 1c008766 0a079663 bne              x15, x0, 172        x15:00000000
13860358ns          231582 1c008768 00000793 addi             x15, x0, 0          x15=00000000
13860378ns          231583 1c00876c a0f517d3 flt.s            x15, f10, f15       x15=00000001 f10:be443c38 f15:00000000
13860398ns          231584 1c008770 0a079663 bne              x15, x0, 172        x15:00000001
13860458ns          231587 1c00881c 1c0007b7 lui              x15, 0x1c000000     x15=1c000000
13860478ns          231588 1c008820 12c7a783 lw               x15, 300(x15)       x15=c0c90fdb x15:1c000000  PA:1c00012c
13860816ns          231605 1c008824 a0f517d3 flt.s            x15, f10, f15       x15=00000000 f10:be443c38 f15:c0c90fdb
13860836ns          231606 1c008828 00078463 beq              x15, x0, 8          x15:00000000
13860895ns          231609 1c008830 20a51553 fsgnjn.s         f10, f10, f10       f10=xxxxxxxx f10:be443c38 f10:be443c38
13860915ns          231610 1c008834 f6bff06f jal              x0, -150           
13860975ns          231613 1c00879e 1c0007b7 lui              x15, 0x1c000000     x15=1c000000
13860995ns          231614 1c0087a2 01c7a783 lw               x15, 28(x15)        x15=3fc90fdb x15:1c000000  PA:1c00001c
13861313ns          231630 1c0087a6 a0f517d3 flt.s            x15, f10, f15       x15=00000001 f10:3e443c38 f15:3fc90fdb
13861333ns          231631 1c0087aa 02079563 bne              x15, x0, 42         x15:00000001
13861393ns          231634 1c0087d4 10a57553 fmul.s           f10, f10, f10       f10=xxxxxxxx f10:3e443c38 f10:3e443c38
13861413ns          231635 1c0087d8 1c0007b7 lui              x15, 0x1c000000     x15=1c000000
13861432ns          231636 1c0087dc 1c000737 lui              x14, 0x1c000000     x14=1c000000
13861452ns          231637 1c0087e0 13472703 lw               x14, 308(x14)       x14=bab59551 x14:1c000000  PA:1c000134
13861771ns          231653 1c0087e4 1307a783 lw               x15, 304(x15)       x15=37c23ab1 x15:1c000000  PA:1c000130
13862089ns          231669 1c0087e8 70f577c3 fmadd.s          f15, f10, f15, f14  f15=xxxxxxxx f10:3d166c44 f15:37c23ab1 f14:bab59551
13862109ns          231670 1c0087ec 1c000737 lui              x14, 0x1c000000     x14=1c000000
13862129ns          231671 1c0087f0 13872703 lw               x14, 312(x14)       x14=3d2aa76f x14:1c000000  PA:1c000138
13862447ns          231687 1c0087f4 70f577c3 fmadd.s          f15, f10, f15, f14  f15=xxxxxxxx f10:3d166c44 f15:bab578c9 f14:3d2aa76f
13862467ns          231688 1c0087f8 1c000737 lui              x14, 0x1c000000     x14=1c000000
13862487ns          231689 1c0087fc 13c72703 lw               x14, 316(x14)       x14=beffffe0 x14:1c000000  PA:1c00013c
13862805ns          231705 1c008800 70f577c3 fmadd.s          f15, f10, f15, f14  f15=xxxxxxxx f10:3d166c44 f15:3d2a721e f14:beffffe0
13862825ns          231706 1c008804 1c000737 lui              x14, 0x1c000000     x14=1c000000
13862845ns          231707 1c008808 16872703 lw               x14, 360(x14)       x14=3f7fffff x14:1c000000  PA:1c000168
13863203ns          231725 1c00880c 70f57543 fmadd.s          f10, f10, f15, f14  f10=xxxxxxxx f10:3d166c44 f15:beff3792 f14:3f7fffff
13863223ns          231726 1c008810 00008067 jalr             x0, x1, 0            x1:1c0081de
13863282ns          231729 1c0081de 016a7a53 fadd.s           f20, f20, f22       f20=xxxxxxxx f20:3fe19762 f22:3e533fc3
13863302ns          231730 1c0081e2 10acf553 fmul.s           f10, f25, f10       f10=xxxxxxxx f25:3f800000 f10:3f7b504b
13863322ns          231731 1c0081e6 a14a97d3 flt.s            x15, f21, f20       x15=00000000 f21:40c90fdb f20:3ffbff5a
13863342ns          231732 1c0081ea 00a4222b p.sw             x10, 4(x8!)          x8=10000d44 x10:3f7b504b  x8:10000d40  PA:10000d40
13863362ns          231733 1c0081ee 00078363 beq              x15, x0, 6          x15:00000000
13863421ns          231736 1c0081f4 ff7412e3 bne              x8, x23, -28         x8:10000d44 x23:10000fc8
13863481ns          231739 1c0081d8 094c7553 fsub.s           f10, f24, f20       f10=xxxxxxxx f24:3fc90fdb f20:3ffbff5a
13863501ns          231740 1c0081dc 57c000ef jal              x1, 1404             x1=1c0081de
13863541ns          231742 1c008758 a0a527d3 feq.s            x15, f10, f10       x15=00000001 f10:becbbdfc f10:becbbdfc
13863561ns          231743 1c00875c 0a078b63 beq              x15, x0, 182        x15:00000001
13863581ns          231744 1c00875e e00517d3 fclass.s         x15, f10            x15=00000002 f10:becbbdfc
13863600ns          231745 1c008762 0817f793 andi             x15, x15, 129       x15=00000000 x15:00000002
13863620ns          231746 1c008766 0a079663 bne              x15, x0, 172        x15:00000000
13863640ns          231747 1c008768 00000793 addi             x15, x0, 0          x15=00000000
13863660ns          231748 1c00876c a0f517d3 flt.s            x15, f10, f15       x15=00000001 f10:becbbdfc f15:00000000
13863680ns          231749 1c008770 0a079663 bne              x15, x0, 172        x15:00000001
13863740ns          231752 1c00881c 1c0007b7 lui              x15, 0x1c000000     x15=1c000000
13863760ns          231753 1c008820 12c7a783 lw               x15, 300(x15)       x15=c0c90fdb x15:1c000000  PA:1c00012c
13864098ns          231770 1c008824 a0f517d3 flt.s            x15, f10, f15       x15=00000000 f10:becbbdfc f15:c0c90fdb
13864118ns          231771 1c008828 00078463 beq              x15, x0, 8          x15:00000000
13864177ns          231774 1c008830 20a51553 fsgnjn.s         f10, f10, f10       f10=xxxxxxxx f10:becbbdfc f10:becbbdfc
13864197ns          231775 1c008834 f6bff06f jal              x0, -150           
13864257ns          231778 1c00879e 1c0007b7 lui              x15, 0x1c000000     x15=1c000000
13864277ns          231779 1c0087a2 01c7a783 lw               x15, 28(x15)        x15=3fc90fdb x15:1c000000  PA:1c00001c
13864615ns          231796 1c0087a6 a0f517d3 flt.s            x15, f10, f15       x15=00000001 f10:3ecbbdfc f15:3fc90fdb
13864635ns          231797 1c0087aa 02079563 bne              x15, x0, 42         x15:00000001
13864694ns          231800 1c0087d4 10a57553 fmul.s           f10, f10, f10       f10=xxxxxxxx f10:3ecbbdfc f10:3ecbbdfc
13864714ns          231801 1c0087d8 1c0007b7 lui              x15, 0x1c000000     x15=1c000000
13864734ns          231802 1c0087dc 1c000737 lui              x14, 0x1c000000     x14=1c000000
13864754ns          231803 1c0087e0 13472703 lw               x14, 308(x14)       x14=bab59551 x14:1c000000  PA:1c000134
13865053ns          231818 1c0087e4 1307a783 lw               x15, 304(x15)       x15=37c23ab1 x15:1c000000  PA:1c000130
13865371ns          231834 1c0087e8 70f577c3 fmadd.s          f15, f10, f15, f14  f15=xxxxxxxx f10:3e2226db f15:37c23ab1 f14:bab59551
13865391ns          231835 1c0087ec 1c000737 lui              x14, 0x1c000000     x14=1c000000
13865411ns          231836 1c0087f0 13872703 lw               x14, 312(x14)       x14=3d2aa76f x14:1c000000  PA:1c000138
13865729ns          231852 1c0087f4 70f577c3 fmadd.s          f15, f10, f15, f14  f15=xxxxxxxx f10:3e2226db f15:bab51a4a f14:3d2aa76f
13865749ns          231853 1c0087f8 1c000737 lui              x14, 0x1c000000     x14=1c000000
13865769ns          231854 1c0087fc 13c72703 lw               x14, 316(x14)       x14=beffffe0 x14:1c000000  PA:1c00013c
13866087ns          231870 1c008800 70f577c3 fmadd.s          f15, f10, f15, f14  f15=xxxxxxxx f10:3e2226db f15:3d29c203 f14:beffffe0
13866107ns          231871 1c008804 1c000737 lui              x14, 0x1c000000     x14=1c000000
13866127ns          231872 1c008808 16872703 lw               x14, 360(x14)       x14=3f7fffff x14:1c000000  PA:1c000168
13866465ns          231889 1c00880c 70f57543 fmadd.s          f10, f10, f15, f14  f10=xxxxxxxx f10:3e2226db f15:befca3ac f14:3f7fffff
13866485ns          231890 1c008810 00008067 jalr             x0, x1, 0            x1:1c0081de
13866544ns          231893 1c0081de 016a7a53 fadd.s           f20, f20, f22       f20=xxxxxxxx f20:3ffbff5a f22:3e533fc3
13866564ns          231894 1c0081e2 10acf553 fmul.s           f10, f25, f10       f10=xxxxxxxx f25:3f800000 f10:3f6bff42
13866584ns          231895 1c0081e6 a14a97d3 flt.s            x15, f21, f20       x15=00000000 f21:40c90fdb f20:400b33a9
13866604ns          231896 1c0081ea 00a4222b p.sw             x10, 4(x8!)          x8=10000d48 x10:3f6bff42  x8:10000d44  PA:10000d44
13866624ns          231897 1c0081ee 00078363 beq              x15, x0, 6          x15:00000000
13866684ns          231900 1c0081f4 ff7412e3 bne              x8, x23, -28         x8:10000d48 x23:10000fc8
13866743ns          231903 1c0081d8 094c7553 fsub.s           f10, f24, f20       f10=xxxxxxxx f24:3fc90fdb f20:400b33a9
13866763ns          231904 1c0081dc 57c000ef jal              x1, 1404             x1=1c0081de
13866803ns          231906 1c008758 a0a527d3 feq.s            x15, f10, f10       x15=00000001 f10:bf1aaeee f10:bf1aaeee
13866823ns          231907 1c00875c 0a078b63 beq              x15, x0, 182        x15:00000001
13866843ns          231908 1c00875e e00517d3 fclass.s         x15, f10            x15=00000002 f10:bf1aaeee
13866863ns          231909 1c008762 0817f793 andi             x15, x15, 129       x15=00000000 x15:00000002
13866882ns          231910 1c008766 0a079663 bne              x15, x0, 172        x15:00000000
13866902ns          231911 1c008768 00000793 addi             x15, x0, 0          x15=00000000
13866922ns          231912 1c00876c a0f517d3 flt.s            x15, f10, f15       x15=00000001 f10:bf1aaeee f15:00000000
13866942ns          231913 1c008770 0a079663 bne              x15, x0, 172        x15:00000001
13867002ns          231916 1c00881c 1c0007b7 lui              x15, 0x1c000000     x15=1c000000
13867022ns          231917 1c008820 12c7a783 lw               x15, 300(x15)       x15=c0c90fdb x15:1c000000  PA:1c00012c
13867340ns          231933 1c008824 a0f517d3 flt.s            x15, f10, f15       x15=00000000 f10:bf1aaeee f15:c0c90fdb
13867360ns          231934 1c008828 00078463 beq              x15, x0, 8          x15:00000000
13867420ns          231937 1c008830 20a51553 fsgnjn.s         f10, f10, f10       f10=xxxxxxxx f10:bf1aaeee f10:bf1aaeee
13867439ns          231938 1c008834 f6bff06f jal              x0, -150           
13867499ns          231941 1c00879e 1c0007b7 lui              x15, 0x1c000000     x15=1c000000
13867519ns          231942 1c0087a2 01c7a783 lw               x15, 28(x15)        x15=3fc90fdb x15:1c000000  PA:1c00001c
13867857ns          231959 1c0087a6 a0f517d3 flt.s            x15, f10, f15       x15=00000001 f10:3f1aaeee f15:3fc90fdb
13867877ns          231960 1c0087aa 02079563 bne              x15, x0, 42         x15:00000001
13867937ns          231963 1c0087d4 10a57553 fmul.s           f10, f10, f10       f10=xxxxxxxx f10:3f1aaeee f10:3f1aaeee
13867957ns          231964 1c0087d8 1c0007b7 lui              x15, 0x1c000000     x15=1c000000
13867976ns          231965 1c0087dc 1c000737 lui              x14, 0x1c000000     x14=1c000000
13867996ns          231966 1c0087e0 13472703 lw               x14, 308(x14)       x14=bab59551 x14:1c000000  PA:1c000134
13868315ns          231982 1c0087e4 1307a783 lw               x15, 304(x15)       x15=37c23ab1 x15:1c000000  PA:1c000130
13868633ns          231998 1c0087e8 70f577c3 fmadd.s          f15, f10, f15, f14  f15=xxxxxxxx f10:3ebaeddc f15:37c23ab1 f14:bab59551
13868653ns          231999 1c0087ec 1c000737 lui              x14, 0x1c000000     x14=1c000000
13868673ns          232000 1c0087f0 13872703 lw               x14, 312(x14)       x14=3d2aa76f x14:1c000000  PA:1c000138
13868991ns          232016 1c0087f4 70f577c3 fmadd.s          f15, f10, f15, f14  f15=xxxxxxxx f10:3ebaeddc f15:bab479ab f14:3d2aa76f
13869011ns          232017 1c0087f8 1c000737 lui              x14, 0x1c000000     x14=1c000000
13869031ns          232018 1c0087fc 13c72703 lw               x14, 316(x14)       x14=beffffe0 x14:1c000000  PA:1c00013c
13869369ns          232035 1c008800 70f577c3 fmadd.s          f15, f10, f15, f14  f15=xxxxxxxx f10:3ebaeddc f15:3d28984f f14:beffffe0
13869389ns          232036 1c008804 1c000737 lui              x14, 0x1c000000     x14=1c000000
13869409ns          232037 1c008808 16872703 lw               x14, 360(x14)       x14=3f7fffff x14:1c000000  PA:1c000168
13869727ns          232053 1c00880c 70f57543 fmadd.s          f10, f10, f15, f14  f10=xxxxxxxx f10:3ebaeddc f15:bef84e2b f14:3f7fffff
13869747ns          232054 1c008810 00008067 jalr             x0, x1, 0            x1:1c0081de
13869806ns          232057 1c0081de 016a7a53 fadd.s           f20, f20, f22       f20=xxxxxxxx f20:400b33a9 f22:3e533fc3
13869826ns          232058 1c0081e2 10acf553 fmul.s           f10, f25, f10       f10=xxxxxxxx f25:3f800000 f10:3f52ac1f
13869846ns          232059 1c0081e6 a14a97d3 flt.s            x15, f21, f20       x15=00000000 f21:40c90fdb f20:401867a5
13869866ns          232060 1c0081ea 00a4222b p.sw             x10, 4(x8!)          x8=10000d4c x10:3f52ac1f  x8:10000d48  PA:10000d48
13869886ns          232061 1c0081ee 00078363 beq              x15, x0, 6          x15:00000000
13869946ns          232064 1c0081f4 ff7412e3 bne              x8, x23, -28         x8:10000d4c x23:10000fc8
13870005ns          232067 1c0081d8 094c7553 fsub.s           f10, f24, f20       f10=xxxxxxxx f24:3fc90fdb f20:401867a5
13870025ns          232068 1c0081dc 57c000ef jal              x1, 1404             x1=1c0081de
13870065ns          232070 1c008758 a0a527d3 feq.s            x15, f10, f10       x15=00000001 f10:bf4f7ede f10:bf4f7ede
13870085ns          232071 1c00875c 0a078b63 beq              x15, x0, 182        x15:00000001
13870105ns          232072 1c00875e e00517d3 fclass.s         x15, f10            x15=00000002 f10:bf4f7ede
13870125ns          232073 1c008762 0817f793 andi             x15, x15, 129       x15=00000000 x15:00000002
13870145ns          232074 1c008766 0a079663 bne              x15, x0, 172        x15:00000000
13870164ns          232075 1c008768 00000793 addi             x15, x0, 0          x15=00000000
13870184ns          232076 1c00876c a0f517d3 flt.s            x15, f10, f15       x15=00000001 f10:bf4f7ede f15:00000000
13870204ns          232077 1c008770 0a079663 bne              x15, x0, 172        x15:00000001
13870264ns          232080 1c00881c 1c0007b7 lui              x15, 0x1c000000     x15=1c000000
13870284ns          232081 1c008820 12c7a783 lw               x15, 300(x15)       x15=c0c90fdb x15:1c000000  PA:1c00012c
13870602ns          232097 1c008824 a0f517d3 flt.s            x15, f10, f15       x15=00000000 f10:bf4f7ede f15:c0c90fdb
13870622ns          232098 1c008828 00078463 beq              x15, x0, 8          x15:00000000
13870682ns          232101 1c008830 20a51553 fsgnjn.s         f10, f10, f10       f10=xxxxxxxx f10:bf4f7ede f10:bf4f7ede
13870701ns          232102 1c008834 f6bff06f jal              x0, -150           
13870761ns          232105 1c00879e 1c0007b7 lui              x15, 0x1c000000     x15=1c000000
13870781ns          232106 1c0087a2 01c7a783 lw               x15, 28(x15)        x15=3fc90fdb x15:1c000000  PA:1c00001c
13871139ns          232124 1c0087a6 a0f517d3 flt.s            x15, f10, f15       x15=00000001 f10:3f4f7ede f15:3fc90fdb
13871159ns          232125 1c0087aa 02079563 bne              x15, x0, 42         x15:00000001
13871219ns          232128 1c0087d4 10a57553 fmul.s           f10, f10, f10       f10=xxxxxxxx f10:3f4f7ede f10:3f4f7ede
13871239ns          232129 1c0087d8 1c0007b7 lui              x15, 0x1c000000     x15=1c000000
13871258ns          232130 1c0087dc 1c000737 lui              x14, 0x1c000000     x14=1c000000
13871278ns          232131 1c0087e0 13472703 lw               x14, 308(x14)       x14=bab59551 x14:1c000000  PA:1c000134
13871597ns          232147 1c0087e4 1307a783 lw               x15, 304(x15)       x15=37c23ab1 x15:1c000000  PA:1c000130
13871915ns          232163 1c0087e8 70f577c3 fmadd.s          f15, f10, f15, f14  f15=xxxxxxxx f10:3f282e6a f15:37c23ab1 f14:bab59551
13871935ns          232164 1c0087ec 1c000737 lui              x14, 0x1c000000     x14=1c000000
13871955ns          232165 1c0087f0 13872703 lw               x14, 312(x14)       x14=3d2aa76f x14:1c000000  PA:1c000138
13872273ns          232181 1c0087f4 70f577c3 fmadd.s          f15, f10, f15, f14  f15=xxxxxxxx f10:3f282e6a f15:bab396ea f14:3d2aa76f
13872293ns          232182 1c0087f8 1c000737 lui              x14, 0x1c000000     x14=1c000000
13872313ns          232183 1c0087fc 13c72703 lw               x14, 316(x14)       x14=beffffe0 x14:1c000000  PA:1c00013c
13872631ns          232199 1c008800 70f577c3 fmadd.s          f15, f10, f15, f14  f15=xxxxxxxx f10:3f282e6a f15:3d26f792 f14:beffffe0
13872651ns          232200 1c008804 1c000737 lui              x14, 0x1c000000     x14=1c000000
13872671ns          232201 1c008808 16872703 lw               x14, 360(x14)       x14=3f7fffff x14:1c000000  PA:1c000168
13872989ns          232217 1c00880c 70f57543 fmadd.s          f10, f10, f15, f14  f10=xxxxxxxx f10:3f282e6a f15:bef249c8 f14:3f7fffff
13873009ns          232218 1c008810 00008067 jalr             x0, x1, 0            x1:1c0081de
13873068ns          232221 1c0081de 016a7a53 fadd.s           f20, f20, f22       f20=xxxxxxxx f20:401867a5 f22:3e533fc3
13873088ns          232222 1c0081e2 10acf553 fmul.s           f10, f25, f10       f10=xxxxxxxx f25:3f800000 f10:3f3069d3
13873108ns          232223 1c0081e6 a14a97d3 flt.s            x15, f21, f20       x15=00000000 f21:40c90fdb f20:40259ba1
13873128ns          232224 1c0081ea 00a4222b p.sw             x10, 4(x8!)          x8=10000d50 x10:3f3069d3  x8:10000d4c  PA:10000d4c
13873148ns          232225 1c0081ee 00078363 beq              x15, x0, 6          x15:00000000
13873208ns          232228 1c0081f4 ff7412e3 bne              x8, x23, -28         x8:10000d50 x23:10000fc8
13873267ns          232231 1c0081d8 094c7553 fsub.s           f10, f24, f20       f10=xxxxxxxx f24:3fc90fdb f20:40259ba1
13873287ns          232232 1c0081dc 57c000ef jal              x1, 1404             x1=1c0081de
13873327ns          232234 1c008758 a0a527d3 feq.s            x15, f10, f10       x15=00000001 f10:bf822767 f10:bf822767
13873347ns          232235 1c00875c 0a078b63 beq              x15, x0, 182        x15:00000001
13873367ns          232236 1c00875e e00517d3 fclass.s         x15, f10            x15=00000002 f10:bf822767
13873387ns          232237 1c008762 0817f793 andi             x15, x15, 129       x15=00000000 x15:00000002
13873407ns          232238 1c008766 0a079663 bne              x15, x0, 172        x15:00000000
13873427ns          232239 1c008768 00000793 addi             x15, x0, 0          x15=00000000
13873446ns          232240 1c00876c a0f517d3 flt.s            x15, f10, f15       x15=00000001 f10:bf822767 f15:00000000
13873466ns          232241 1c008770 0a079663 bne              x15, x0, 172        x15:00000001
13873526ns          232244 1c00881c 1c0007b7 lui              x15, 0x1c000000     x15=1c000000
13873546ns          232245 1c008820 12c7a783 lw               x15, 300(x15)       x15=c0c90fdb x15:1c000000  PA:1c00012c
13873884ns          232262 1c008824 a0f517d3 flt.s            x15, f10, f15       x15=00000000 f10:bf822767 f15:c0c90fdb
13873904ns          232263 1c008828 00078463 beq              x15, x0, 8          x15:00000000
13873964ns          232266 1c008830 20a51553 fsgnjn.s         f10, f10, f10       f10=xxxxxxxx f10:bf822767 f10:bf822767
13873983ns          232267 1c008834 f6bff06f jal              x0, -150           
13874043ns          232270 1c00879e 1c0007b7 lui              x15, 0x1c000000     x15=1c000000
13874063ns          232271 1c0087a2 01c7a783 lw               x15, 28(x15)        x15=3fc90fdb x15:1c000000  PA:1c00001c
13874381ns          232287 1c0087a6 a0f517d3 flt.s            x15, f10, f15       x15=00000001 f10:3f822767 f15:3fc90fdb
13874401ns          232288 1c0087aa 02079563 bne              x15, x0, 42         x15:00000001
13874461ns          232291 1c0087d4 10a57553 fmul.s           f10, f10, f10       f10=xxxxxxxx f10:3f822767 f10:3f822767
13874481ns          232292 1c0087d8 1c0007b7 lui              x15, 0x1c000000     x15=1c000000
13874501ns          232293 1c0087dc 1c000737 lui              x14, 0x1c000000     x14=1c000000
13874521ns          232294 1c0087e0 13472703 lw               x14, 308(x14)       x14=bab59551 x14:1c000000  PA:1c000134
13874819ns          232309 1c0087e4 1307a783 lw               x15, 304(x15)       x15=37c23ab1 x15:1c000000  PA:1c000130
13875177ns          232327 1c0087e8 70f577c3 fmadd.s          f15, f10, f15, f14  f15=xxxxxxxx f10:3f845815 f15:37c23ab1 f14:bab59551
13875197ns          232328 1c0087ec 1c000737 lui              x14, 0x1c000000     x14=1c000000
13875217ns          232329 1c0087f0 13872703 lw               x14, 312(x14)       x14=3d2aa76f x14:1c000000  PA:1c000138
13875535ns          232345 1c0087f4 70f577c3 fmadd.s          f15, f10, f15, f14  f15=xxxxxxxx f10:3f845815 f15:bab27208 f14:3d2aa76f
13875555ns          232346 1c0087f8 1c000737 lui              x14, 0x1c000000     x14=1c000000
13875575ns          232347 1c0087fc 13c72703 lw               x14, 316(x14)       x14=beffffe0 x14:1c000000  PA:1c00013c
13875913ns          232364 1c008800 70f577c3 fmadd.s          f15, f10, f15, f14  f15=xxxxxxxx f10:3f845815 f15:3d24e36c f14:beffffe0
13875933ns          232365 1c008804 1c000737 lui              x14, 0x1c000000     x14=1c000000
13875953ns          232366 1c008808 16872703 lw               x14, 360(x14)       x14=3f7fffff x14:1c000000  PA:1c000168
13876271ns          232382 1c00880c 70f57543 fmadd.s          f10, f10, f15, f14  f10=xxxxxxxx f10:3f845815 f15:beeab060 f14:3f7fffff
13876291ns          232383 1c008810 00008067 jalr             x0, x1, 0            x1:1c0081de
13876350ns          232386 1c0081de 016a7a53 fadd.s           f20, f20, f22       f20=xxxxxxxx f20:40259ba1 f22:3e533fc3
13876370ns          232387 1c0081e2 10acf553 fmul.s           f10, f25, f10       f10=xxxxxxxx f25:3f800000 f10:3f06ac4e
13876390ns          232388 1c0081e6 a14a97d3 flt.s            x15, f21, f20       x15=00000000 f21:40c90fdb f20:4032cf9d
13876410ns          232389 1c0081ea 00a4222b p.sw             x10, 4(x8!)          x8=10000d54 x10:3f06ac4e  x8:10000d50  PA:10000d50
13876430ns          232390 1c0081ee 00078363 beq              x15, x0, 6          x15:00000000
13876490ns          232393 1c0081f4 ff7412e3 bne              x8, x23, -28         x8:10000d54 x23:10000fc8
13876549ns          232396 1c0081d8 094c7553 fsub.s           f10, f24, f20       f10=xxxxxxxx f24:3fc90fdb f20:4032cf9d
13876569ns          232397 1c0081dc 57c000ef jal              x1, 1404             x1=1c0081de
13876609ns          232399 1c008758 a0a527d3 feq.s            x15, f10, f10       x15=00000001 f10:bf9c8f5f f10:bf9c8f5f
13876629ns          232400 1c00875c 0a078b63 beq              x15, x0, 182        x15:00000001
13876649ns          232401 1c00875e e00517d3 fclass.s         x15, f10            x15=00000002 f10:bf9c8f5f
13876669ns          232402 1c008762 0817f793 andi             x15, x15, 129       x15=00000000 x15:00000002
13876689ns          232403 1c008766 0a079663 bne              x15, x0, 172        x15:00000000
13876708ns          232404 1c008768 00000793 addi             x15, x0, 0          x15=00000000
13876728ns          232405 1c00876c a0f517d3 flt.s            x15, f10, f15       x15=00000001 f10:bf9c8f5f f15:00000000
13876748ns          232406 1c008770 0a079663 bne              x15, x0, 172        x15:00000001
13876808ns          232409 1c00881c 1c0007b7 lui              x15, 0x1c000000     x15=1c000000
13876828ns          232410 1c008820 12c7a783 lw               x15, 300(x15)       x15=c0c90fdb x15:1c000000  PA:1c00012c
13877146ns          232426 1c008824 a0f517d3 flt.s            x15, f10, f15       x15=00000000 f10:bf9c8f5f f15:c0c90fdb
13877166ns          232427 1c008828 00078463 beq              x15, x0, 8          x15:00000000
13877226ns          232430 1c008830 20a51553 fsgnjn.s         f10, f10, f10       f10=xxxxxxxx f10:bf9c8f5f f10:bf9c8f5f
13877246ns          232431 1c008834 f6bff06f jal              x0, -150           
13877305ns          232434 1c00879e 1c0007b7 lui              x15, 0x1c000000     x15=1c000000
13877325ns          232435 1c0087a2 01c7a783 lw               x15, 28(x15)        x15=3fc90fdb x15:1c000000  PA:1c00001c
13877663ns          232452 1c0087a6 a0f517d3 flt.s            x15, f10, f15       x15=00000001 f10:3f9c8f5f f15:3fc90fdb
13877683ns          232453 1c0087aa 02079563 bne              x15, x0, 42         x15:00000001
13877743ns          232456 1c0087d4 10a57553 fmul.s           f10, f10, f10       f10=xxxxxxxx f10:3f9c8f5f f10:3f9c8f5f
13877763ns          232457 1c0087d8 1c0007b7 lui              x15, 0x1c000000     x15=1c000000
13877783ns          232458 1c0087dc 1c000737 lui              x14, 0x1c000000     x14=1c000000
13877802ns          232459 1c0087e0 13472703 lw               x14, 308(x14)       x14=bab59551 x14:1c000000  PA:1c000134
13878121ns          232475 1c0087e4 1307a783 lw               x15, 304(x15)       x15=37c23ab1 x15:1c000000  PA:1c000130
13878439ns          232491 1c0087e8 70f577c3 fmadd.s          f15, f10, f15, f14  f15=xxxxxxxx f10:3fbf7e18 f15:37c23ab1 f14:bab59551
13878459ns          232492 1c0087ec 1c000737 lui              x14, 0x1c000000     x14=1c000000
13878479ns          232493 1c0087f0 13872703 lw               x14, 312(x14)       x14=3d2aa76f x14:1c000000  PA:1c000138
13878797ns          232509 1c0087f4 70f577c3 fmadd.s          f15, f10, f15, f14  f15=xxxxxxxx f10:3fbf7e18 f15:bab10b05 f14:3d2aa76f
13878817ns          232510 1c0087f8 1c000737 lui              x14, 0x1c000000     x14=1c000000
13878837ns          232511 1c0087fc 13c72703 lw               x14, 316(x14)       x14=beffffe0 x14:1c000000  PA:1c00013c
13879175ns          232528 1c008800 70f577c3 fmadd.s          f15, f10, f15, f14  f15=xxxxxxxx f10:3fbf7e18 f15:3d226088 f14:beffffe0
13879195ns          232529 1c008804 1c000737 lui              x14, 0x1c000000     x14=1c000000
13879215ns          232530 1c008808 16872703 lw               x14, 360(x14)       x14=3f7fffff x14:1c000000  PA:1c000168
13879533ns          232546 1c00880c 70f57543 fmadd.s          f10, f10, f15, f14  f10=xxxxxxxx f10:3fbf7e18 f15:bee1a260 f14:3f7fffff
13879553ns          232547 1c008810 00008067 jalr             x0, x1, 0            x1:1c0081de
13879613ns          232550 1c0081de 016a7a53 fadd.s           f20, f20, f22       f20=xxxxxxxx f20:4032cf9d f22:3e533fc3
13879632ns          232551 1c0081e2 10acf553 fmul.s           f10, f25, f10       f10=xxxxxxxx f25:3f800000 f10:3eae716d
13879652ns          232552 1c0081e6 a14a97d3 flt.s            x15, f21, f20       x15=00000000 f21:40c90fdb f20:40400399
13879672ns          232553 1c0081ea 00a4222b p.sw             x10, 4(x8!)          x8=10000d58 x10:3eae716d  x8:10000d54  PA:10000d54
13879692ns          232554 1c0081ee 00078363 beq              x15, x0, 6          x15:00000000
13879752ns          232557 1c0081f4 ff7412e3 bne              x8, x23, -28         x8:10000d58 x23:10000fc8
13879811ns          232560 1c0081d8 094c7553 fsub.s           f10, f24, f20       f10=xxxxxxxx f24:3fc90fdb f20:40400399
13879831ns          232561 1c0081dc 57c000ef jal              x1, 1404             x1=1c0081de
13879871ns          232563 1c008758 a0a527d3 feq.s            x15, f10, f10       x15=00000001 f10:bfb6f757 f10:bfb6f757
13879891ns          232564 1c00875c 0a078b63 beq              x15, x0, 182        x15:00000001
13879911ns          232565 1c00875e e00517d3 fclass.s         x15, f10            x15=00000002 f10:bfb6f757
13879931ns          232566 1c008762 0817f793 andi             x15, x15, 129       x15=00000000 x15:00000002
13879951ns          232567 1c008766 0a079663 bne              x15, x0, 172        x15:00000000
13879971ns          232568 1c008768 00000793 addi             x15, x0, 0          x15=00000000
13879990ns          232569 1c00876c a0f517d3 flt.s            x15, f10, f15       x15=00000001 f10:bfb6f757 f15:00000000
13880010ns          232570 1c008770 0a079663 bne              x15, x0, 172        x15:00000001
13880070ns          232573 1c00881c 1c0007b7 lui              x15, 0x1c000000     x15=1c000000
13880090ns          232574 1c008820 12c7a783 lw               x15, 300(x15)       x15=c0c90fdb x15:1c000000  PA:1c00012c
13880428ns          232591 1c008824 a0f517d3 flt.s            x15, f10, f15       x15=00000000 f10:bfb6f757 f15:c0c90fdb
13880448ns          232592 1c008828 00078463 beq              x15, x0, 8          x15:00000000
13880508ns          232595 1c008830 20a51553 fsgnjn.s         f10, f10, f10       f10=xxxxxxxx f10:bfb6f757 f10:bfb6f757
13880528ns          232596 1c008834 f6bff06f jal              x0, -150           
13880587ns          232599 1c00879e 1c0007b7 lui              x15, 0x1c000000     x15=1c000000
13880607ns          232600 1c0087a2 01c7a783 lw               x15, 28(x15)        x15=3fc90fdb x15:1c000000  PA:1c00001c
13880925ns          232616 1c0087a6 a0f517d3 flt.s            x15, f10, f15       x15=00000001 f10:3fb6f757 f15:3fc90fdb
13880945ns          232617 1c0087aa 02079563 bne              x15, x0, 42         x15:00000001
13881005ns          232620 1c0087d4 10a57553 fmul.s           f10, f10, f10       f10=xxxxxxxx f10:3fb6f757 f10:3fb6f757
13881025ns          232621 1c0087d8 1c0007b7 lui              x15, 0x1c000000     x15=1c000000
13881045ns          232622 1c0087dc 1c000737 lui              x14, 0x1c000000     x14=1c000000
13881065ns          232623 1c0087e0 13472703 lw               x14, 308(x14)       x14=bab59551 x14:1c000000  PA:1c000134
13881363ns          232638 1c0087e4 1307a783 lw               x15, 304(x15)       x15=37c23ab1 x15:1c000000  PA:1c000130
13881741ns          232657 1c0087e8 70f577c3 fmadd.s          f15, f10, f15, f14  f15=xxxxxxxx f10:4002c49f f15:37c23ab1 f14:bab59551
13881761ns          232658 1c0087ec 1c000737 lui              x14, 0x1c000000     x14=1c000000
13881781ns          232659 1c0087f0 13872703 lw               x14, 312(x14)       x14=3d2aa76f x14:1c000000  PA:1c000138
13882099ns          232675 1c0087f4 70f577c3 fmadd.s          f15, f10, f15, f14  f15=xxxxxxxx f10:4002c49f f15:baaf61e1 f14:3d2aa76f
13882119ns          232676 1c0087f8 1c000737 lui              x14, 0x1c000000     x14=1c000000
13882139ns          232677 1c0087fc 13c72703 lw               x14, 316(x14)       x14=beffffe0 x14:1c000000  PA:1c00013c
13882457ns          232693 1c008800 70f577c3 fmadd.s          f15, f10, f15, f14  f15=xxxxxxxx f10:4002c49f f15:3d1f74a2 f14:beffffe0
13882477ns          232694 1c008804 1c000737 lui              x14, 0x1c000000     x14=1c000000
13882497ns          232695 1c008808 16872703 lw               x14, 360(x14)       x14=3f7fffff x14:1c000000  PA:1c000168
13882815ns          232711 1c00880c 70f57543 fmadd.s          f10, f10, f15, f14  f10=xxxxxxxx f10:4002c49f f15:bed74607 f14:3f7fffff
13882835ns          232712 1c008810 00008067 jalr             x0, x1, 0            x1:1c0081de
13882895ns          232715 1c0081de 016a7a53 fadd.s           f20, f20, f22       f20=xxxxxxxx f20:40400399 f22:3e533fc3
13882914ns          232716 1c0081e2 10acf553 fmul.s           f10, f25, f10       f10=xxxxxxxx f25:3f800000 f10:3e1048c5
13882934ns          232717 1c0081e6 a14a97d3 flt.s            x15, f21, f20       x15=00000000 f21:40c90fdb f20:404d3795
13882954ns          232718 1c0081ea 00a4222b p.sw             x10, 4(x8!)          x8=10000d5c x10:3e1048c5  x8:10000d58  PA:10000d58
13882974ns          232719 1c0081ee 00078363 beq              x15, x0, 6          x15:00000000
13883034ns          232722 1c0081f4 ff7412e3 bne              x8, x23, -28         x8:10000d5c x23:10000fc8
13883093ns          232725 1c0081d8 094c7553 fsub.s           f10, f24, f20       f10=xxxxxxxx f24:3fc90fdb f20:404d3795
13883113ns          232726 1c0081dc 57c000ef jal              x1, 1404             x1=1c0081de
13883153ns          232728 1c008758 a0a527d3 feq.s            x15, f10, f10       x15=00000001 f10:bfd15f4f f10:bfd15f4f
13883173ns          232729 1c00875c 0a078b63 beq              x15, x0, 182        x15:00000001
13883193ns          232730 1c00875e e00517d3 fclass.s         x15, f10            x15=00000002 f10:bfd15f4f
13883213ns          232731 1c008762 0817f793 andi             x15, x15, 129       x15=00000000 x15:00000002
13883233ns          232732 1c008766 0a079663 bne              x15, x0, 172        x15:00000000
13883253ns          232733 1c008768 00000793 addi             x15, x0, 0          x15=00000000
13883272ns          232734 1c00876c a0f517d3 flt.s            x15, f10, f15       x15=00000001 f10:bfd15f4f f15:00000000
13883292ns          232735 1c008770 0a079663 bne              x15, x0, 172        x15:00000001
13883352ns          232738 1c00881c 1c0007b7 lui              x15, 0x1c000000     x15=1c000000
13883372ns          232739 1c008820 12c7a783 lw               x15, 300(x15)       x15=c0c90fdb x15:1c000000  PA:1c00012c
13883710ns          232756 1c008824 a0f517d3 flt.s            x15, f10, f15       x15=00000000 f10:bfd15f4f f15:c0c90fdb
13883730ns          232757 1c008828 00078463 beq              x15, x0, 8          x15:00000000
13883790ns          232760 1c008830 20a51553 fsgnjn.s         f10, f10, f10       f10=xxxxxxxx f10:bfd15f4f f10:bfd15f4f
13883809ns          232761 1c008834 f6bff06f jal              x0, -150           
13883869ns          232764 1c00879e 1c0007b7 lui              x15, 0x1c000000     x15=1c000000
13883889ns          232765 1c0087a2 01c7a783 lw               x15, 28(x15)        x15=3fc90fdb x15:1c000000  PA:1c00001c
13884227ns          232782 1c0087a6 a0f517d3 flt.s            x15, f10, f15       x15=00000000 f10:3fd15f4f f15:3fc90fdb
13884247ns          232783 1c0087aa 02079563 bne              x15, x0, 42         x15:00000000
13884267ns          232784 1c0087ac 1c0007b7 lui              x15, 0x1c000000     x15=1c000000
13884287ns          232785 1c0087b0 1007a783 lw               x15, 256(x15)       x15=40490fdb x15:1c000000  PA:1c000100
13884625ns          232802 1c0087b4 a0f51753 flt.s            x14, f10, f15       x14=00000001 f10:3fd15f4f f15:40490fdb
13884645ns          232803 1c0087b8 06071f63 bne              x14, x0, 126        x14:00000001
13884724ns          232807 1c008836 08a7f553 fsub.s           f10, f15, f10       f10=xxxxxxxx f15:40490fdb f10:3fd15f4f
13884744ns          232808 1c00883a 10a57553 fmul.s           f10, f10, f10       f10=xxxxxxxx f10:3fc0c067 f10:3fc0c067
13884764ns          232809 1c00883e 1c0007b7 lui              x15, 0x1c000000     x15=1c000000
13884784ns          232810 1c008842 1c000737 lui              x14, 0x1c000000     x14=1c000000
13884804ns          232811 1c008846 13472703 lw               x14, 308(x14)       x14=bab59551 x14:1c000000  PA:1c000134
13885102ns          232826 1c00884a 1307a783 lw               x15, 304(x15)       x15=37c23ab1 x15:1c000000  PA:1c000130
13885421ns          232842 1c00884e 70f577c3 fmadd.s          f15, f10, f15, f14  f15=xxxxxxxx f10:4011212b f15:37c23ab1 f14:bab59551
13885441ns          232843 1c008852 1c000737 lui              x14, 0x1c000000     x14=1c000000
13885460ns          232844 1c008856 13872703 lw               x14, 312(x14)       x14=3d2aa76f x14:1c000000  PA:1c000138
13885799ns          232861 1c00885a 70f577c3 fmadd.s          f15, f10, f15, f14  f15=xxxxxxxx f10:4011212b f15:baaeb38a f14:3d2aa76f
13885818ns          232862 1c00885e 1c000737 lui              x14, 0x1c000000     x14=1c000000
13885838ns          232863 1c008862 13c72703 lw               x14, 316(x14)       x14=beffffe0 x14:1c000000  PA:1c00013c
13886157ns          232879 1c008866 70f577c3 fmadd.s          f15, f10, f15, f14  f15=xxxxxxxx f10:4011212b f15:3d1e4625 f14:beffffe0
13886176ns          232880 1c00886a 1c000737 lui              x14, 0x1c000000     x14=1c000000
13886196ns          232881 1c00886e 16872703 lw               x14, 360(x14)       x14=3f7fffff x14:1c000000  PA:1c000168
13886515ns          232897 1c008872 70f57543 fmadd.s          f10, f10, f15, f14  f10=xxxxxxxx f10:4011212b f15:bed322c2 f14:3f7fffff
13886535ns          232898 1c008876 20a51553 fsgnjn.s         f10, f10, f10       f10=xxxxxxxx f10:3d84df4b f10:3d84df4b
13886554ns          232899 1c00887a 00008067 jalr             x0, x1, 0            x1:1c0081de
13886614ns          232902 1c0081de 016a7a53 fadd.s           f20, f20, f22       f20=xxxxxxxx f20:404d3795 f22:3e533fc3
13886634ns          232903 1c0081e2 10acf553 fmul.s           f10, f25, f10       f10=xxxxxxxx f25:3f800000 f10:bd84df4b
13886654ns          232904 1c0081e6 a14a97d3 flt.s            x15, f21, f20       x15=00000000 f21:40c90fdb f20:405a6b91
13886674ns          232905 1c0081ea 00a4222b p.sw             x10, 4(x8!)          x8=10000d60 x10:bd84df4b  x8:10000d5c  PA:10000d5c
13886694ns          232906 1c0081ee 00078363 beq              x15, x0, 6          x15:00000000
13886753ns          232909 1c0081f4 ff7412e3 bne              x8, x23, -28         x8:10000d60 x23:10000fc8
13886813ns          232912 1c0081d8 094c7553 fsub.s           f10, f24, f20       f10=xxxxxxxx f24:3fc90fdb f20:405a6b91
13886833ns          232913 1c0081dc 57c000ef jal              x1, 1404             x1=1c0081de
13886873ns          232915 1c008758 a0a527d3 feq.s            x15, f10, f10       x15=00000001 f10:bfebc747 f10:bfebc747
13886893ns          232916 1c00875c 0a078b63 beq              x15, x0, 182        x15:00000001
13886912ns          232917 1c00875e e00517d3 fclass.s         x15, f10            x15=00000002 f10:bfebc747
13886932ns          232918 1c008762 0817f793 andi             x15, x15, 129       x15=00000000 x15:00000002
13886952ns          232919 1c008766 0a079663 bne              x15, x0, 172        x15:00000000
13886972ns          232920 1c008768 00000793 addi             x15, x0, 0          x15=00000000
13886992ns          232921 1c00876c a0f517d3 flt.s            x15, f10, f15       x15=00000001 f10:bfebc747 f15:00000000
13887012ns          232922 1c008770 0a079663 bne              x15, x0, 172        x15:00000001
13887072ns          232925 1c00881c 1c0007b7 lui              x15, 0x1c000000     x15=1c000000
13887091ns          232926 1c008820 12c7a783 lw               x15, 300(x15)       x15=c0c90fdb x15:1c000000  PA:1c00012c
13887410ns          232942 1c008824 a0f517d3 flt.s            x15, f10, f15       x15=00000000 f10:bfebc747 f15:c0c90fdb
13887430ns          232943 1c008828 00078463 beq              x15, x0, 8          x15:00000000
13887489ns          232946 1c008830 20a51553 fsgnjn.s         f10, f10, f10       f10=xxxxxxxx f10:bfebc747 f10:bfebc747
13887509ns          232947 1c008834 f6bff06f jal              x0, -150           
13887569ns          232950 1c00879e 1c0007b7 lui              x15, 0x1c000000     x15=1c000000
13887589ns          232951 1c0087a2 01c7a783 lw               x15, 28(x15)        x15=3fc90fdb x15:1c000000  PA:1c00001c
13887927ns          232968 1c0087a6 a0f517d3 flt.s            x15, f10, f15       x15=00000000 f10:3febc747 f15:3fc90fdb
13887947ns          232969 1c0087aa 02079563 bne              x15, x0, 42         x15:00000000
13887967ns          232970 1c0087ac 1c0007b7 lui              x15, 0x1c000000     x15=1c000000
13887987ns          232971 1c0087b0 1007a783 lw               x15, 256(x15)       x15=40490fdb x15:1c000000  PA:1c000100
13888364ns          232990 1c0087b4 a0f51753 flt.s            x14, f10, f15       x14=00000001 f10:3febc747 f15:40490fdb
13888384ns          232991 1c0087b8 06071f63 bne              x14, x0, 126        x14:00000001
13888464ns          232995 1c008836 08a7f553 fsub.s           f10, f15, f10       f10=xxxxxxxx f15:40490fdb f10:3febc747
13888484ns          232996 1c00883a 10a57553 fmul.s           f10, f10, f10       f10=xxxxxxxx f10:3fa6586f f10:3fa6586f
13888504ns          232997 1c00883e 1c0007b7 lui              x15, 0x1c000000     x15=1c000000
13888524ns          232998 1c008842 1c000737 lui              x14, 0x1c000000     x14=1c000000
13888543ns          232999 1c008846 13472703 lw               x14, 308(x14)       x14=bab59551 x14:1c000000  PA:1c000134
13888862ns          233015 1c00884a 1307a783 lw               x15, 304(x15)       x15=37c23ab1 x15:1c000000  PA:1c000130
13889180ns          233031 1c00884e 70f577c3 fmadd.s          f15, f10, f15, f14  f15=xxxxxxxx f10:3fd82d9d f15:37c23ab1 f14:bab59551
13889200ns          233032 1c008852 1c000737 lui              x14, 0x1c000000     x14=1c000000
13889220ns          233033 1c008856 13872703 lw               x14, 312(x14)       x14=3d2aa76f x14:1c000000  PA:1c000138
13889538ns          233049 1c00885a 70f577c3 fmadd.s          f15, f10, f15, f14  f15=xxxxxxxx f10:3fd82d9d f15:bab07530 f14:3d2aa76f
13889558ns          233050 1c00885e 1c000737 lui              x14, 0x1c000000     x14=1c000000
13889578ns          233051 1c008862 13c72703 lw               x14, 316(x14)       x14=beffffe0 x14:1c000000  PA:1c00013c
13889936ns          233069 1c008866 70f577c3 fmadd.s          f15, f10, f15, f14  f15=xxxxxxxx f10:3fd82d9d f15:3d21574a f14:beffffe0
13889956ns          233070 1c00886a 1c000737 lui              x14, 0x1c000000     x14=1c000000
13889976ns          233071 1c00886e 16872703 lw               x14, 360(x14)       x14=3f7fffff x14:1c000000  PA:1c000168
13890294ns          233087 1c008872 70f57543 fmadd.s          f10, f10, f15, f14  f10=xxxxxxxx f10:3fd82d9d f15:beddf047 f14:3f7fffff
13890314ns          233088 1c008876 20a51553 fsgnjn.s         f10, f10, f10       f10=xxxxxxxx f10:3e892b6f f10:3e892b6f
13890334ns          233089 1c00887a 00008067 jalr             x0, x1, 0            x1:1c0081de
13890393ns          233092 1c0081de 016a7a53 fadd.s           f20, f20, f22       f20=xxxxxxxx f20:405a6b91 f22:3e533fc3
13890413ns          233093 1c0081e2 10acf553 fmul.s           f10, f25, f10       f10=xxxxxxxx f25:3f800000 f10:be892b6f
13890433ns          233094 1c0081e6 a14a97d3 flt.s            x15, f21, f20       x15=00000000 f21:40c90fdb f20:40679f8d
13890453ns          233095 1c0081ea 00a4222b p.sw             x10, 4(x8!)          x8=10000d64 x10:be892b6f  x8:10000d60  PA:10000d60
13890473ns          233096 1c0081ee 00078363 beq              x15, x0, 6          x15:00000000
13890533ns          233099 1c0081f4 ff7412e3 bne              x8, x23, -28         x8:10000d64 x23:10000fc8
13890592ns          233102 1c0081d8 094c7553 fsub.s           f10, f24, f20       f10=xxxxxxxx f24:3fc90fdb f20:40679f8d
13890612ns          233103 1c0081dc 57c000ef jal              x1, 1404             x1=1c0081de
13890652ns          233105 1c008758 a0a527d3 feq.s            x15, f10, f10       x15=00000001 f10:c00317a0 f10:c00317a0
13890672ns          233106 1c00875c 0a078b63 beq              x15, x0, 182        x15:00000001
13890692ns          233107 1c00875e e00517d3 fclass.s         x15, f10            x15=00000002 f10:c00317a0
13890712ns          233108 1c008762 0817f793 andi             x15, x15, 129       x15=00000000 x15:00000002
13890731ns          233109 1c008766 0a079663 bne              x15, x0, 172        x15:00000000
13890751ns          233110 1c008768 00000793 addi             x15, x0, 0          x15=00000000
13890771ns          233111 1c00876c a0f517d3 flt.s            x15, f10, f15       x15=00000001 f10:c00317a0 f15:00000000
13890791ns          233112 1c008770 0a079663 bne              x15, x0, 172        x15:00000001
13890851ns          233115 1c00881c 1c0007b7 lui              x15, 0x1c000000     x15=1c000000
13890871ns          233116 1c008820 12c7a783 lw               x15, 300(x15)       x15=c0c90fdb x15:1c000000  PA:1c00012c
13891229ns          233134 1c008824 a0f517d3 flt.s            x15, f10, f15       x15=00000000 f10:c00317a0 f15:c0c90fdb
13891249ns          233135 1c008828 00078463 beq              x15, x0, 8          x15:00000000
13891308ns          233138 1c008830 20a51553 fsgnjn.s         f10, f10, f10       f10=xxxxxxxx f10:c00317a0 f10:c00317a0
13891328ns          233139 1c008834 f6bff06f jal              x0, -150           
13891388ns          233142 1c00879e 1c0007b7 lui              x15, 0x1c000000     x15=1c000000
13891408ns          233143 1c0087a2 01c7a783 lw               x15, 28(x15)        x15=3fc90fdb x15:1c000000  PA:1c00001c
13891726ns          233159 1c0087a6 a0f517d3 flt.s            x15, f10, f15       x15=00000000 f10:400317a0 f15:3fc90fdb
13891746ns          233160 1c0087aa 02079563 bne              x15, x0, 42         x15:00000000
13891766ns          233161 1c0087ac 1c0007b7 lui              x15, 0x1c000000     x15=1c000000
13891786ns          233162 1c0087b0 1007a783 lw               x15, 256(x15)       x15=40490fdb x15:1c000000  PA:1c000100
13892124ns          233179 1c0087b4 a0f51753 flt.s            x14, f10, f15       x14=00000001 f10:400317a0 f15:40490fdb
13892144ns          233180 1c0087b8 06071f63 bne              x14, x0, 126        x14:00000001
13892223ns          233184 1c008836 08a7f553 fsub.s           f10, f15, f10       f10=xxxxxxxx f15:40490fdb f10:400317a0
13892243ns          233185 1c00883a 10a57553 fmul.s           f10, f10, f10       f10=xxxxxxxx f10:3f8bf076 f10:3f8bf076
13892263ns          233186 1c00883e 1c0007b7 lui              x15, 0x1c000000     x15=1c000000
13892283ns          233187 1c008842 1c000737 lui              x14, 0x1c000000     x14=1c000000
13892303ns          233188 1c008846 13472703 lw               x14, 308(x14)       x14=bab59551 x14:1c000000  PA:1c000134
13892601ns          233203 1c00884a 1307a783 lw               x15, 304(x15)       x15=37c23ab1 x15:1c000000  PA:1c000130
13892919ns          233219 1c00884e 70f577c3 fmadd.s          f15, f10, f15, f14  f15=xxxxxxxx f10:3f98fe04 f15:37c23ab1 f14:bab59551
13892939ns          233220 1c008852 1c000737 lui              x14, 0x1c000000     x14=1c000000
13892959ns          233221 1c008856 13872703 lw               x14, 312(x14)       x14=3d2aa76f x14:1c000000  PA:1c000138
13893297ns          233238 1c00885a 70f577c3 fmadd.s          f15, f10, f15, f14  f15=xxxxxxxx f10:3f98fe04 f15:bab1f4b4 f14:3d2aa76f
13893317ns          233239 1c00885e 1c000737 lui              x14, 0x1c000000     x14=1c000000
13893337ns          233240 1c008862 13c72703 lw               x14, 316(x14)       x14=beffffe0 x14:1c000000  PA:1c00013c
13893675ns          233257 1c008866 70f577c3 fmadd.s          f15, f10, f15, f14  f15=xxxxxxxx f10:3f98fe04 f15:3d2401d1 f14:beffffe0
13893695ns          233258 1c00886a 1c000737 lui              x14, 0x1c000000     x14=1c000000
13893715ns          233259 1c00886e 16872703 lw               x14, 360(x14)       x14=3f7fffff x14:1c000000  PA:1c000168
13894053ns          233276 1c008872 70f57543 fmadd.s          f10, f10, f15, f14  f10=xxxxxxxx f10:3f98fe04 f15:bee77eec f14:3f7fffff
13894073ns          233277 1c008876 20a51553 fsgnjn.s         f10, f10, f10       f10=xxxxxxxx f10:3eeb4ddf f10:3eeb4ddf
13894093ns          233278 1c00887a 00008067 jalr             x0, x1, 0            x1:1c0081de
13894153ns          233281 1c0081de 016a7a53 fadd.s           f20, f20, f22       f20=xxxxxxxx f20:40679f8d f22:3e533fc3
13894173ns          233282 1c0081e2 10acf553 fmul.s           f10, f25, f10       f10=xxxxxxxx f25:3f800000 f10:beeb4ddf
13894192ns          233283 1c0081e6 a14a97d3 flt.s            x15, f21, f20       x15=00000000 f21:40c90fdb f20:4074d389
13894212ns          233284 1c0081ea 00a4222b p.sw             x10, 4(x8!)          x8=10000d68 x10:beeb4ddf  x8:10000d64  PA:10000d64
13894232ns          233285 1c0081ee 00078363 beq              x15, x0, 6          x15:00000000
13894292ns          233288 1c0081f4 ff7412e3 bne              x8, x23, -28         x8:10000d68 x23:10000fc8
13894352ns          233291 1c0081d8 094c7553 fsub.s           f10, f24, f20       f10=xxxxxxxx f24:3fc90fdb f20:4074d389
13894371ns          233292 1c0081dc 57c000ef jal              x1, 1404             x1=1c0081de
13894411ns          233294 1c008758 a0a527d3 feq.s            x15, f10, f10       x15=00000001 f10:c0104b9c f10:c0104b9c
13894431ns          233295 1c00875c 0a078b63 beq              x15, x0, 182        x15:00000001
13894451ns          233296 1c00875e e00517d3 fclass.s         x15, f10            x15=00000002 f10:c0104b9c
13894471ns          233297 1c008762 0817f793 andi             x15, x15, 129       x15=00000000 x15:00000002
13894491ns          233298 1c008766 0a079663 bne              x15, x0, 172        x15:00000000
13894511ns          233299 1c008768 00000793 addi             x15, x0, 0          x15=00000000
13894531ns          233300 1c00876c a0f517d3 flt.s            x15, f10, f15       x15=00000001 f10:c0104b9c f15:00000000
13894550ns          233301 1c008770 0a079663 bne              x15, x0, 172        x15:00000001
13894610ns          233304 1c00881c 1c0007b7 lui              x15, 0x1c000000     x15=1c000000
13894630ns          233305 1c008820 12c7a783 lw               x15, 300(x15)       x15=c0c90fdb x15:1c000000  PA:1c00012c
13894968ns          233322 1c008824 a0f517d3 flt.s            x15, f10, f15       x15=00000000 f10:c0104b9c f15:c0c90fdb
13894988ns          233323 1c008828 00078463 beq              x15, x0, 8          x15:00000000
13895048ns          233326 1c008830 20a51553 fsgnjn.s         f10, f10, f10       f10=xxxxxxxx f10:c0104b9c f10:c0104b9c
13895068ns          233327 1c008834 f6bff06f jal              x0, -150           
13895127ns          233330 1c00879e 1c0007b7 lui              x15, 0x1c000000     x15=1c000000
13895147ns          233331 1c0087a2 01c7a783 lw               x15, 28(x15)        x15=3fc90fdb x15:1c000000  PA:1c00001c
13895465ns          233347 1c0087a6 a0f517d3 flt.s            x15, f10, f15       x15=00000000 f10:40104b9c f15:3fc90fdb
13895485ns          233348 1c0087aa 02079563 bne              x15, x0, 42         x15:00000000
13895505ns          233349 1c0087ac 1c0007b7 lui              x15, 0x1c000000     x15=1c000000
13895525ns          233350 1c0087b0 1007a783 lw               x15, 256(x15)       x15=40490fdb x15:1c000000  PA:1c000100
13895843ns          233366 1c0087b4 a0f51753 flt.s            x14, f10, f15       x14=00000001 f10:40104b9c f15:40490fdb
13895863ns          233367 1c0087b8 06071f63 bne              x14, x0, 126        x14:00000001
13895943ns          233371 1c008836 08a7f553 fsub.s           f10, f15, f10       f10=xxxxxxxx f15:40490fdb f10:40104b9c
13895963ns          233372 1c00883a 10a57553 fmul.s           f10, f10, f10       f10=xxxxxxxx f10:3f6310fc f10:3f6310fc
13895983ns          233373 1c00883e 1c0007b7 lui              x15, 0x1c000000     x15=1c000000
13896003ns          233374 1c008842 1c000737 lui              x14, 0x1c000000     x14=1c000000
13896022ns          233375 1c008846 13472703 lw               x14, 308(x14)       x14=bab59551 x14:1c000000  PA:1c000134
13896361ns          233392 1c00884a 1307a783 lw               x15, 304(x15)       x15=37c23ab1 x15:1c000000  PA:1c000130
13896679ns          233408 1c00884e 70f577c3 fmadd.s          f15, f10, f15, f14  f15=xxxxxxxx f10:3f496720 f15:37c23ab1 f14:bab59551
13896699ns          233409 1c008852 1c000737 lui              x14, 0x1c000000     x14=1c000000
13896719ns          233410 1c008856 13872703 lw               x14, 312(x14)       x14=3d2aa76f x14:1c000000  PA:1c000138
13897037ns          233426 1c00885a 70f577c3 fmadd.s          f15, f10, f15, f14  f15=xxxxxxxx f10:3f496720 f15:bab33218 f14:3d2aa76f
13897057ns          233427 1c00885e 1c000737 lui              x14, 0x1c000000     x14=1c000000
13897077ns          233428 1c008862 13c72703 lw               x14, 316(x14)       x14=beffffe0 x14:1c000000  PA:1c00013c
13897395ns          233444 1c008866 70f577c3 fmadd.s          f15, f10, f15, f14  f15=xxxxxxxx f10:3f496720 f15:3d263f9b f14:beffffe0
13897415ns          233445 1c00886a 1c000737 lui              x14, 0x1c000000     x14=1c000000
13897435ns          233446 1c00886e 16872703 lw               x14, 360(x14)       x14=3f7fffff x14:1c000000  PA:1c000168
13897793ns          233464 1c008872 70f57543 fmadd.s          f10, f10, f15, f14  f10=xxxxxxxx f10:3f496720 f15:beefa683 f14:3f7fffff
13897813ns          233465 1c008876 20a51553 fsgnjn.s         f10, f10, f10       f10=xxxxxxxx f10:3f21badc f10:3f21badc
13897832ns          233466 1c00887a 00008067 jalr             x0, x1, 0            x1:1c0081de
13897892ns          233469 1c0081de 016a7a53 fadd.s           f20, f20, f22       f20=xxxxxxxx f20:4074d389 f22:3e533fc3
13897912ns          233470 1c0081e2 10acf553 fmul.s           f10, f25, f10       f10=xxxxxxxx f25:3f800000 f10:bf21badc
13897932ns          233471 1c0081e6 a14a97d3 flt.s            x15, f21, f20       x15=00000000 f21:40c90fdb f20:408103c3
13897952ns          233472 1c0081ea 00a4222b p.sw             x10, 4(x8!)          x8=10000d6c x10:bf21badc  x8:10000d68  PA:10000d68
13897972ns          233473 1c0081ee 00078363 beq              x15, x0, 6          x15:00000000
13898031ns          233476 1c0081f4 ff7412e3 bne              x8, x23, -28         x8:10000d6c x23:10000fc8
13898091ns          233479 1c0081d8 094c7553 fsub.s           f10, f24, f20       f10=xxxxxxxx f24:3fc90fdb f20:408103c3
13898111ns          233480 1c0081dc 57c000ef jal              x1, 1404             x1=1c0081de
13898151ns          233482 1c008758 a0a527d3 feq.s            x15, f10, f10       x15=00000001 f10:c01d7f98 f10:c01d7f98
13898171ns          233483 1c00875c 0a078b63 beq              x15, x0, 182        x15:00000001
13898191ns          233484 1c00875e e00517d3 fclass.s         x15, f10            x15=00000002 f10:c01d7f98
13898210ns          233485 1c008762 0817f793 andi             x15, x15, 129       x15=00000000 x15:00000002
13898230ns          233486 1c008766 0a079663 bne              x15, x0, 172        x15:00000000
13898250ns          233487 1c008768 00000793 addi             x15, x0, 0          x15=00000000
13898270ns          233488 1c00876c a0f517d3 flt.s            x15, f10, f15       x15=00000001 f10:c01d7f98 f15:00000000
13898290ns          233489 1c008770 0a079663 bne              x15, x0, 172        x15:00000001
13898350ns          233492 1c00881c 1c0007b7 lui              x15, 0x1c000000     x15=1c000000
13898370ns          233493 1c008820 12c7a783 lw               x15, 300(x15)       x15=c0c90fdb x15:1c000000  PA:1c00012c
13898688ns          233509 1c008824 a0f517d3 flt.s            x15, f10, f15       x15=00000000 f10:c01d7f98 f15:c0c90fdb
13898708ns          233510 1c008828 00078463 beq              x15, x0, 8          x15:00000000
13898767ns          233513 1c008830 20a51553 fsgnjn.s         f10, f10, f10       f10=xxxxxxxx f10:c01d7f98 f10:c01d7f98
13898787ns          233514 1c008834 f6bff06f jal              x0, -150           
13898847ns          233517 1c00879e 1c0007b7 lui              x15, 0x1c000000     x15=1c000000
13898867ns          233518 1c0087a2 01c7a783 lw               x15, 28(x15)        x15=3fc90fdb x15:1c000000  PA:1c00001c
13899205ns          233535 1c0087a6 a0f517d3 flt.s            x15, f10, f15       x15=00000000 f10:401d7f98 f15:3fc90fdb
13899225ns          233536 1c0087aa 02079563 bne              x15, x0, 42         x15:00000000
13899245ns          233537 1c0087ac 1c0007b7 lui              x15, 0x1c000000     x15=1c000000
13899265ns          233538 1c0087b0 1007a783 lw               x15, 256(x15)       x15=40490fdb x15:1c000000  PA:1c000100
13899603ns          233555 1c0087b4 a0f51753 flt.s            x14, f10, f15       x14=00000001 f10:401d7f98 f15:40490fdb
13899623ns          233556 1c0087b8 06071f63 bne              x14, x0, 126        x14:00000001
13899702ns          233560 1c008836 08a7f553 fsub.s           f10, f15, f10       f10=xxxxxxxx f15:40490fdb f10:401d7f98
13899722ns          233561 1c00883a 10a57553 fmul.s           f10, f10, f10       f10=xxxxxxxx f10:3f2e410c f10:3f2e410c
13899742ns          233562 1c00883e 1c0007b7 lui              x15, 0x1c000000     x15=1c000000
13899762ns          233563 1c008842 1c000737 lui              x14, 0x1c000000     x14=1c000000
13899782ns          233564 1c008846 13472703 lw               x14, 308(x14)       x14=bab59551 x14:1c000000  PA:1c000134
13900100ns          233580 1c00884a 1307a783 lw               x15, 304(x15)       x15=37c23ab1 x15:1c000000  PA:1c000130
13900458ns          233598 1c00884e 70f577c3 fmadd.s          f15, f10, f15, f14  f15=xxxxxxxx f10:3eed38fa f15:37c23ab1 f14:bab59551
13900478ns          233599 1c008852 1c000737 lui              x14, 0x1c000000     x14=1c000000
13900498ns          233600 1c008856 13872703 lw               x14, 312(x14)       x14=3d2aa76f x14:1c000000  PA:1c000138
13900836ns          233617 1c00885a 70f577c3 fmadd.s          f15, f10, f15, f14  f15=xxxxxxxx f10:3eed38fa f15:bab42d5a f14:3d2aa76f
13900856ns          233618 1c00885e 1c000737 lui              x14, 0x1c000000     x14=1c000000
13900876ns          233619 1c008862 13c72703 lw               x14, 316(x14)       x14=beffffe0 x14:1c000000  PA:1c00013c
13901194ns          233635 1c008866 70f577c3 fmadd.s          f15, f10, f15, f14  f15=xxxxxxxx f10:3eed38fa f15:3d280b97 f14:beffffe0
13901214ns          233636 1c00886a 1c000737 lui              x14, 0x1c000000     x14=1c000000
13901234ns          233637 1c00886e 16872703 lw               x14, 360(x14)       x14=3f7fffff x14:1c000000  PA:1c000168
13901592ns          233655 1c008872 70f57543 fmadd.s          f10, f10, f15, f14  f10=xxxxxxxx f10:3eed38fa f15:bef6445e f14:3f7fffff
13901612ns          233656 1c008876 20a51553 fsgnjn.s         f10, f10, f10       f10=xxxxxxxx f10:3f46f2f8 f10:3f46f2f8
13901632ns          233657 1c00887a 00008067 jalr             x0, x1, 0            x1:1c0081de
13901691ns          233660 1c0081de 016a7a53 fadd.s           f20, f20, f22       f20=xxxxxxxx f20:408103c3 f22:3e533fc3
13901711ns          233661 1c0081e2 10acf553 fmul.s           f10, f25, f10       f10=xxxxxxxx f25:3f800000 f10:bf46f2f8
13901731ns          233662 1c0081e6 a14a97d3 flt.s            x15, f21, f20       x15=00000000 f21:40c90fdb f20:40879dc1
13901751ns          233663 1c0081ea 00a4222b p.sw             x10, 4(x8!)          x8=10000d70 x10:bf46f2f8  x8:10000d6c  PA:10000d6c
13901771ns          233664 1c0081ee 00078363 beq              x15, x0, 6          x15:00000000
13901831ns          233667 1c0081f4 ff7412e3 bne              x8, x23, -28         x8:10000d70 x23:10000fc8
13901890ns          233670 1c0081d8 094c7553 fsub.s           f10, f24, f20       f10=xxxxxxxx f24:3fc90fdb f20:40879dc1
13901910ns          233671 1c0081dc 57c000ef jal              x1, 1404             x1=1c0081de
13901950ns          233673 1c008758 a0a527d3 feq.s            x15, f10, f10       x15=00000001 f10:c02ab394 f10:c02ab394
13901970ns          233674 1c00875c 0a078b63 beq              x15, x0, 182        x15:00000001
13901990ns          233675 1c00875e e00517d3 fclass.s         x15, f10            x15=00000002 f10:c02ab394
13902010ns          233676 1c008762 0817f793 andi             x15, x15, 129       x15=00000000 x15:00000002
13902029ns          233677 1c008766 0a079663 bne              x15, x0, 172        x15:00000000
13902049ns          233678 1c008768 00000793 addi             x15, x0, 0          x15=00000000
13902069ns          233679 1c00876c a0f517d3 flt.s            x15, f10, f15       x15=00000001 f10:c02ab394 f15:00000000
13902089ns          233680 1c008770 0a079663 bne              x15, x0, 172        x15:00000001
13902149ns          233683 1c00881c 1c0007b7 lui              x15, 0x1c000000     x15=1c000000
13902169ns          233684 1c008820 12c7a783 lw               x15, 300(x15)       x15=c0c90fdb x15:1c000000  PA:1c00012c
13902487ns          233700 1c008824 a0f517d3 flt.s            x15, f10, f15       x15=00000000 f10:c02ab394 f15:c0c90fdb
13902507ns          233701 1c008828 00078463 beq              x15, x0, 8          x15:00000000
13902566ns          233704 1c008830 20a51553 fsgnjn.s         f10, f10, f10       f10=xxxxxxxx f10:c02ab394 f10:c02ab394
13902586ns          233705 1c008834 f6bff06f jal              x0, -150           
13902646ns          233708 1c00879e 1c0007b7 lui              x15, 0x1c000000     x15=1c000000
13902666ns          233709 1c0087a2 01c7a783 lw               x15, 28(x15)        x15=3fc90fdb x15:1c000000  PA:1c00001c
13902984ns          233725 1c0087a6 a0f517d3 flt.s            x15, f10, f15       x15=00000000 f10:402ab394 f15:3fc90fdb
13903004ns          233726 1c0087aa 02079563 bne              x15, x0, 42         x15:00000000
13903024ns          233727 1c0087ac 1c0007b7 lui              x15, 0x1c000000     x15=1c000000
13903044ns          233728 1c0087b0 1007a783 lw               x15, 256(x15)       x15=40490fdb x15:1c000000  PA:1c000100
13903362ns          233744 1c0087b4 a0f51753 flt.s            x14, f10, f15       x14=00000001 f10:402ab394 f15:40490fdb
13903382ns          233745 1c0087b8 06071f63 bne              x14, x0, 126        x14:00000001
13903462ns          233749 1c008836 08a7f553 fsub.s           f10, f15, f10       f10=xxxxxxxx f15:40490fdb f10:402ab394
13903481ns          233750 1c00883a 10a57553 fmul.s           f10, f10, f10       f10=xxxxxxxx f10:3ef2e238 f10:3ef2e238
13903501ns          233751 1c00883e 1c0007b7 lui              x15, 0x1c000000     x15=1c000000
13903521ns          233752 1c008842 1c000737 lui              x14, 0x1c000000     x14=1c000000
13903541ns          233753 1c008846 13472703 lw               x14, 308(x14)       x14=bab59551 x14:1c000000  PA:1c000134
13903839ns          233768 1c00884a 1307a783 lw               x15, 304(x15)       x15=37c23ab1 x15:1c000000  PA:1c000130
13904158ns          233784 1c00884e 70f577c3 fmadd.s          f15, f10, f15, f14  f15=xxxxxxxx f10:3e66707a f15:37c23ab1 f14:bab59551
13904178ns          233785 1c008852 1c000737 lui              x14, 0x1c000000     x14=1c000000
13904198ns          233786 1c008856 13872703 lw               x14, 312(x14)       x14=3d2aa76f x14:1c000000  PA:1c000138
13904516ns          233802 1c00885a 70f577c3 fmadd.s          f15, f10, f15, f14  f15=xxxxxxxx f10:3e66707a f15:bab4e67b f14:3d2aa76f
13904536ns          233803 1c00885e 1c000737 lui              x14, 0x1c000000     x14=1c000000
13904556ns          233804 1c008862 13c72703 lw               x14, 316(x14)       x14=beffffe0 x14:1c000000  PA:1c00013c
13904874ns          233820 1c008866 70f577c3 fmadd.s          f15, f10, f15, f14  f15=xxxxxxxx f10:3e66707a f15:3d2961c2 f14:beffffe0
13904894ns          233821 1c00886a 1c000737 lui              x14, 0x1c000000     x14=1c000000
13904914ns          233822 1c00886e 16872703 lw               x14, 360(x14)       x14=3f7fffff x14:1c000000  PA:1c000168
13905232ns          233838 1c008872 70f57543 fmadd.s          f10, f10, f15, f14  f10=xxxxxxxx f10:3e66707a f15:befb3c1e f14:3f7fffff
13905252ns          233839 1c008876 20a51553 fsgnjn.s         f10, f10, f10       f10=xxxxxxxx f10:3f63bb32 f10:3f63bb32
13905272ns          233840 1c00887a 00008067 jalr             x0, x1, 0            x1:1c0081de
13905331ns          233843 1c0081de 016a7a53 fadd.s           f20, f20, f22       f20=xxxxxxxx f20:40879dc1 f22:3e533fc3
13905351ns          233844 1c0081e2 10acf553 fmul.s           f10, f25, f10       f10=xxxxxxxx f25:3f800000 f10:bf63bb32
13905371ns          233845 1c0081e6 a14a97d3 flt.s            x15, f21, f20       x15=00000000 f21:40c90fdb f20:408e37bf
13905391ns          233846 1c0081ea 00a4222b p.sw             x10, 4(x8!)          x8=10000d74 x10:bf63bb32  x8:10000d70  PA:10000d70
13905411ns          233847 1c0081ee 00078363 beq              x15, x0, 6          x15:00000000
13905471ns          233850 1c0081f4 ff7412e3 bne              x8, x23, -28         x8:10000d74 x23:10000fc8
13905530ns          233853 1c0081d8 094c7553 fsub.s           f10, f24, f20       f10=xxxxxxxx f24:3fc90fdb f20:408e37bf
13905550ns          233854 1c0081dc 57c000ef jal              x1, 1404             x1=1c0081de
13905590ns          233856 1c008758 a0a527d3 feq.s            x15, f10, f10       x15=00000001 f10:c037e790 f10:c037e790
13905610ns          233857 1c00875c 0a078b63 beq              x15, x0, 182        x15:00000001
13905630ns          233858 1c00875e e00517d3 fclass.s         x15, f10            x15=00000002 f10:c037e790
13905650ns          233859 1c008762 0817f793 andi             x15, x15, 129       x15=00000000 x15:00000002
13905669ns          233860 1c008766 0a079663 bne              x15, x0, 172        x15:00000000
13905689ns          233861 1c008768 00000793 addi             x15, x0, 0          x15=00000000
13905709ns          233862 1c00876c a0f517d3 flt.s            x15, f10, f15       x15=00000001 f10:c037e790 f15:00000000
13905729ns          233863 1c008770 0a079663 bne              x15, x0, 172        x15:00000001
13905789ns          233866 1c00881c 1c0007b7 lui              x15, 0x1c000000     x15=1c000000
13905809ns          233867 1c008820 12c7a783 lw               x15, 300(x15)       x15=c0c90fdb x15:1c000000  PA:1c00012c
13906167ns          233885 1c008824 a0f517d3 flt.s            x15, f10, f15       x15=00000000 f10:c037e790 f15:c0c90fdb
13906187ns          233886 1c008828 00078463 beq              x15, x0, 8          x15:00000000
13906246ns          233889 1c008830 20a51553 fsgnjn.s         f10, f10, f10       f10=xxxxxxxx f10:c037e790 f10:c037e790
13906266ns          233890 1c008834 f6bff06f jal              x0, -150           
13906326ns          233893 1c00879e 1c0007b7 lui              x15, 0x1c000000     x15=1c000000
13906346ns          233894 1c0087a2 01c7a783 lw               x15, 28(x15)        x15=3fc90fdb x15:1c000000  PA:1c00001c
13906664ns          233910 1c0087a6 a0f517d3 flt.s            x15, f10, f15       x15=00000000 f10:4037e790 f15:3fc90fdb
13906684ns          233911 1c0087aa 02079563 bne              x15, x0, 42         x15:00000000
13906704ns          233912 1c0087ac 1c0007b7 lui              x15, 0x1c000000     x15=1c000000
13906724ns          233913 1c0087b0 1007a783 lw               x15, 256(x15)       x15=40490fdb x15:1c000000  PA:1c000100
13907062ns          233930 1c0087b4 a0f51753 flt.s            x14, f10, f15       x14=00000001 f10:4037e790 f15:40490fdb
13907082ns          233931 1c0087b8 06071f63 bne              x14, x0, 126        x14:00000001
13907161ns          233935 1c008836 08a7f553 fsub.s           f10, f15, f10       f10=xxxxxxxx f15:40490fdb f10:4037e790
13907181ns          233936 1c00883a 10a57553 fmul.s           f10, f10, f10       f10=xxxxxxxx f10:3e894258 f10:3e894258
13907201ns          233937 1c00883e 1c0007b7 lui              x15, 0x1c000000     x15=1c000000
13907221ns          233938 1c008842 1c000737 lui              x14, 0x1c000000     x14=1c000000
13907241ns          233939 1c008846 13472703 lw               x14, 308(x14)       x14=bab59551 x14:1c000000  PA:1c000134
13907539ns          233954 1c00884a 1307a783 lw               x15, 304(x15)       x15=37c23ab1 x15:1c000000  PA:1c000130
13907857ns          233970 1c00884e 70f577c3 fmadd.s          f15, f10, f15, f14  f15=xxxxxxxx f10:3d933027 f15:37c23ab1 f14:bab59551
13907877ns          233971 1c008852 1c000737 lui              x14, 0x1c000000     x14=1c000000
13907897ns          233972 1c008856 13872703 lw               x14, 312(x14)       x14=3d2aa76f x14:1c000000  PA:1c000138
13908215ns          233988 1c00885a 70f577c3 fmadd.s          f15, f10, f15, f14  f15=xxxxxxxx f10:3d933027 f15:bab55d7b f14:3d2aa76f
13908235ns          233989 1c00885e 1c000737 lui              x14, 0x1c000000     x14=1c000000
13908255ns          233990 1c008862 13c72703 lw               x14, 316(x14)       x14=beffffe0 x14:1c000000  PA:1c00013c
13908593ns          234007 1c008866 70f577c3 fmadd.s          f15, f10, f15, f14  f15=xxxxxxxx f10:3d933027 f15:3d2a3f28 f14:beffffe0
13908613ns          234008 1c00886a 1c000737 lui              x14, 0x1c000000     x14=1c000000
13908633ns          234009 1c00886e 16872703 lw               x14, 360(x14)       x14=3f7fffff x14:1c000000  PA:1c000168
13908951ns          234025 1c008872 70f57543 fmadd.s          f10, f10, f15, f14  f10=xxxxxxxx f10:3d933027 f15:befe7857 f14:3f7fffff
13908971ns          234026 1c008876 20a51553 fsgnjn.s         f10, f10, f10       f10=xxxxxxxx f10:3f76db10 f10:3f76db10
13908991ns          234027 1c00887a 00008067 jalr             x0, x1, 0            x1:1c0081de
13909051ns          234030 1c0081de 016a7a53 fadd.s           f20, f20, f22       f20=xxxxxxxx f20:408e37bf f22:3e533fc3
13909071ns          234031 1c0081e2 10acf553 fmul.s           f10, f25, f10       f10=xxxxxxxx f25:3f800000 f10:bf76db10
13909091ns          234032 1c0081e6 a14a97d3 flt.s            x15, f21, f20       x15=00000000 f21:40c90fdb f20:4094d1bd
13909111ns          234033 1c0081ea 00a4222b p.sw             x10, 4(x8!)          x8=10000d78 x10:bf76db10  x8:10000d74  PA:10000d74
13909130ns          234034 1c0081ee 00078363 beq              x15, x0, 6          x15:00000000
13909190ns          234037 1c0081f4 ff7412e3 bne              x8, x23, -28         x8:10000d78 x23:10000fc8
13909250ns          234040 1c0081d8 094c7553 fsub.s           f10, f24, f20       f10=xxxxxxxx f24:3fc90fdb f20:4094d1bd
13909270ns          234041 1c0081dc 57c000ef jal              x1, 1404             x1=1c0081de
13909309ns          234043 1c008758 a0a527d3 feq.s            x15, f10, f10       x15=00000001 f10:c0451b8c f10:c0451b8c
13909329ns          234044 1c00875c 0a078b63 beq              x15, x0, 182        x15:00000001
13909349ns          234045 1c00875e e00517d3 fclass.s         x15, f10            x15=00000002 f10:c0451b8c
13909369ns          234046 1c008762 0817f793 andi             x15, x15, 129       x15=00000000 x15:00000002
13909389ns          234047 1c008766 0a079663 bne              x15, x0, 172        x15:00000000
13909409ns          234048 1c008768 00000793 addi             x15, x0, 0          x15=00000000
13909429ns          234049 1c00876c a0f517d3 flt.s            x15, f10, f15       x15=00000001 f10:c0451b8c f15:00000000
13909449ns          234050 1c008770 0a079663 bne              x15, x0, 172        x15:00000001
13909508ns          234053 1c00881c 1c0007b7 lui              x15, 0x1c000000     x15=1c000000
13909528ns          234054 1c008820 12c7a783 lw               x15, 300(x15)       x15=c0c90fdb x15:1c000000  PA:1c00012c
13909846ns          234070 1c008824 a0f517d3 flt.s            x15, f10, f15       x15=00000000 f10:c0451b8c f15:c0c90fdb
13909866ns          234071 1c008828 00078463 beq              x15, x0, 8          x15:00000000
13909926ns          234074 1c008830 20a51553 fsgnjn.s         f10, f10, f10       f10=xxxxxxxx f10:c0451b8c f10:c0451b8c
13909946ns          234075 1c008834 f6bff06f jal              x0, -150           
13910006ns          234078 1c00879e 1c0007b7 lui              x15, 0x1c000000     x15=1c000000
13910026ns          234079 1c0087a2 01c7a783 lw               x15, 28(x15)        x15=3fc90fdb x15:1c000000  PA:1c00001c
13910344ns          234095 1c0087a6 a0f517d3 flt.s            x15, f10, f15       x15=00000000 f10:40451b8c f15:3fc90fdb
13910364ns          234096 1c0087aa 02079563 bne              x15, x0, 42         x15:00000000
13910384ns          234097 1c0087ac 1c0007b7 lui              x15, 0x1c000000     x15=1c000000
13910403ns          234098 1c0087b0 1007a783 lw               x15, 256(x15)       x15=40490fdb x15:1c000000  PA:1c000100
13910722ns          234114 1c0087b4 a0f51753 flt.s            x14, f10, f15       x14=00000001 f10:40451b8c f15:40490fdb
13910742ns          234115 1c0087b8 06071f63 bne              x14, x0, 126        x14:00000001
13910821ns          234119 1c008836 08a7f553 fsub.s           f10, f15, f10       f10=xxxxxxxx f15:40490fdb f10:40451b8c
13910841ns          234120 1c00883a 10a57553 fmul.s           f10, f10, f10       f10=xxxxxxxx f10:3d7d13c0 f10:3d7d13c0
13910861ns          234121 1c00883e 1c0007b7 lui              x15, 0x1c000000     x15=1c000000
13910881ns          234122 1c008842 1c000737 lui              x14, 0x1c000000     x14=1c000000
13910901ns          234123 1c008846 13472703 lw               x14, 308(x14)       x14=bab59551 x14:1c000000  PA:1c000134
13911219ns          234139 1c00884a 1307a783 lw               x15, 304(x15)       x15=37c23ab1 x15:1c000000  PA:1c000130
13911537ns          234155 1c00884e 70f577c3 fmadd.s          f15, f10, f15, f14  f15=xxxxxxxx f10:3b7a300b f15:37c23ab1 f14:bab59551
13911557ns          234156 1c008852 1c000737 lui              x14, 0x1c000000     x14=1c000000
13911577ns          234157 1c008856 13872703 lw               x14, 312(x14)       x14=3d2aa76f x14:1c000000  PA:1c000138
13911915ns          234174 1c00885a 70f577c3 fmadd.s          f15, f10, f15, f14  f15=xxxxxxxx f10:3b7a300b f15:bab5925a f14:3d2aa76f
13911935ns          234175 1c00885e 1c000737 lui              x14, 0x1c000000     x14=1c000000
13911955ns          234176 1c008862 13c72703 lw               x14, 316(x14)       x14=beffffe0 x14:1c000000  PA:1c00013c
13912273ns          234192 1c008866 70f577c3 fmadd.s          f15, f10, f15, f14  f15=xxxxxxxx f10:3b7a300b f15:3d2aa1e3 f14:beffffe0
13912293ns          234193 1c00886a 1c000737 lui              x14, 0x1c000000     x14=1c000000
13912313ns          234194 1c00886e 16872703 lw               x14, 360(x14)       x14=3f7fffff x14:1c000000  PA:1c000168
13912631ns          234210 1c008872 70f57543 fmadd.s          f10, f10, f15, f14  f10=xxxxxxxx f10:3b7a300b f15:beffeb08 f14:3f7fffff
13912651ns          234211 1c008876 20a51553 fsgnjn.s         f10, f10, f10       f10=xxxxxxxx f10:3f7f82f1 f10:3f7f82f1
13912671ns          234212 1c00887a 00008067 jalr             x0, x1, 0            x1:1c0081de
13912731ns          234215 1c0081de 016a7a53 fadd.s           f20, f20, f22       f20=xxxxxxxx f20:4094d1bd f22:3e533fc3
13912751ns          234216 1c0081e2 10acf553 fmul.s           f10, f25, f10       f10=xxxxxxxx f25:3f800000 f10:bf7f82f1
13912770ns          234217 1c0081e6 a14a97d3 flt.s            x15, f21, f20       x15=00000000 f21:40c90fdb f20:409b6bbb
13912790ns          234218 1c0081ea 00a4222b p.sw             x10, 4(x8!)          x8=10000d7c x10:bf7f82f1  x8:10000d78  PA:10000d78
13912810ns          234219 1c0081ee 00078363 beq              x15, x0, 6          x15:00000000
13912870ns          234222 1c0081f4 ff7412e3 bne              x8, x23, -28         x8:10000d7c x23:10000fc8
13912930ns          234225 1c0081d8 094c7553 fsub.s           f10, f24, f20       f10=xxxxxxxx f24:3fc90fdb f20:409b6bbb
13912949ns          234226 1c0081dc 57c000ef jal              x1, 1404             x1=1c0081de
13912989ns          234228 1c008758 a0a527d3 feq.s            x15, f10, f10       x15=00000001 f10:c0524f88 f10:c0524f88
13913009ns          234229 1c00875c 0a078b63 beq              x15, x0, 182        x15:00000001
13913029ns          234230 1c00875e e00517d3 fclass.s         x15, f10            x15=00000002 f10:c0524f88
13913049ns          234231 1c008762 0817f793 andi             x15, x15, 129       x15=00000000 x15:00000002
13913069ns          234232 1c008766 0a079663 bne              x15, x0, 172        x15:00000000
13913089ns          234233 1c008768 00000793 addi             x15, x0, 0          x15=00000000
13913109ns          234234 1c00876c a0f517d3 flt.s            x15, f10, f15       x15=00000001 f10:c0524f88 f15:00000000
13913128ns          234235 1c008770 0a079663 bne              x15, x0, 172        x15:00000001
13913188ns          234238 1c00881c 1c0007b7 lui              x15, 0x1c000000     x15=1c000000
13913208ns          234239 1c008820 12c7a783 lw               x15, 300(x15)       x15=c0c90fdb x15:1c000000  PA:1c00012c
13913546ns          234256 1c008824 a0f517d3 flt.s            x15, f10, f15       x15=00000000 f10:c0524f88 f15:c0c90fdb
13913566ns          234257 1c008828 00078463 beq              x15, x0, 8          x15:00000000
13913626ns          234260 1c008830 20a51553 fsgnjn.s         f10, f10, f10       f10=xxxxxxxx f10:c0524f88 f10:c0524f88
13913646ns          234261 1c008834 f6bff06f jal              x0, -150           
13913705ns          234264 1c00879e 1c0007b7 lui              x15, 0x1c000000     x15=1c000000
13913725ns          234265 1c0087a2 01c7a783 lw               x15, 28(x15)        x15=3fc90fdb x15:1c000000  PA:1c00001c
13914063ns          234282 1c0087a6 a0f517d3 flt.s            x15, f10, f15       x15=00000000 f10:40524f88 f15:3fc90fdb
13914083ns          234283 1c0087aa 02079563 bne              x15, x0, 42         x15:00000000
13914103ns          234284 1c0087ac 1c0007b7 lui              x15, 0x1c000000     x15=1c000000
13914123ns          234285 1c0087b0 1007a783 lw               x15, 256(x15)       x15=40490fdb x15:1c000000  PA:1c000100
13914461ns          234302 1c0087b4 a0f51753 flt.s            x14, f10, f15       x14=00000000 f10:40524f88 f15:40490fdb
13914481ns          234303 1c0087b8 06071f63 bne              x14, x0, 126        x14:00000000
13914501ns          234304 1c0087ba 1c000737 lui              x14, 0x1c000000     x14=1c000000
13914521ns          234305 1c0087be 14072703 lw               x14, 320(x14)       x14=4096cbe4 x14:1c000000  PA:1c000140
13914839ns          234321 1c0087c2 a0e51753 flt.s            x14, f10, f14       x14=00000001 f10:40524f88 f14:4096cbe4
13914859ns          234322 1c0087c6 0a071b63 bne              x14, x0, 182        x14:00000001
13914919ns          234325 1c00887c 08f57553 fsub.s           f10, f10, f15       f10=xxxxxxxx f10:40524f88 f15:40490fdb
13914939ns          234326 1c008880 fbbff06f jal              x0, -70            
13914998ns          234329 1c00883a 10a57553 fmul.s           f10, f10, f10       f10=xxxxxxxx f10:3e13fad0 f10:3e13fad0
13915018ns          234330 1c00883e 1c0007b7 lui              x15, 0x1c000000     x15=1c000000
13915038ns          234331 1c008842 1c000737 lui              x14, 0x1c000000     x14=1c000000
13915058ns          234332 1c008846 13472703 lw               x14, 308(x14)       x14=bab59551 x14:1c000000  PA:1c000134
13915356ns          234347 1c00884a 1307a783 lw               x15, 304(x15)       x15=37c23ab1 x15:1c000000  PA:1c000130
13915674ns          234363 1c00884e 70f577c3 fmadd.s          f15, f10, f15, f14  f15=xxxxxxxx f10:3cab1401 f15:37c23ab1 f14:bab59551
13915694ns          234364 1c008852 1c000737 lui              x14, 0x1c000000     x14=1c000000
13915714ns          234365 1c008856 13872703 lw               x14, 312(x14)       x14=3d2aa76f x14:1c000000  PA:1c000138
13916033ns          234381 1c00885a 70f577c3 fmadd.s          f15, f10, f15, f14  f15=xxxxxxxx f10:3cab1401 f15:bab58517 f14:3d2aa76f
13916052ns          234382 1c00885e 1c000737 lui              x14, 0x1c000000     x14=1c000000
13916072ns          234383 1c008862 13c72703 lw               x14, 316(x14)       x14=beffffe0 x14:1c000000  PA:1c00013c
13916410ns          234400 1c008866 70f577c3 fmadd.s          f15, f10, f15, f14  f15=xxxxxxxx f10:3cab1401 f15:3d2a891b f14:beffffe0
13916430ns          234401 1c00886a 1c000737 lui              x14, 0x1c000000     x14=1c000000
13916450ns          234402 1c00886e 16872703 lw               x14, 360(x14)       x14=3f7fffff x14:1c000000  PA:1c000168
13916768ns          234418 1c008872 70f57543 fmadd.s          f10, f10, f15, f14  f10=xxxxxxxx f10:3cab1401 f15:beff8de9 f14:3f7fffff
13916788ns          234419 1c008876 20a51553 fsgnjn.s         f10, f10, f10       f10=xxxxxxxx f10:3f7d54e0 f10:3f7d54e0
13916808ns          234420 1c00887a 00008067 jalr             x0, x1, 0            x1:1c0081de
13916868ns          234423 1c0081de 016a7a53 fadd.s           f20, f20, f22       f20=xxxxxxxx f20:409b6bbb f22:3e533fc3
13916888ns          234424 1c0081e2 10acf553 fmul.s           f10, f25, f10       f10=xxxxxxxx f25:3f800000 f10:bf7d54e0
13916908ns          234425 1c0081e6 a14a97d3 flt.s            x15, f21, f20       x15=00000000 f21:40c90fdb f20:40a205b9
13916928ns          234426 1c0081ea 00a4222b p.sw             x10, 4(x8!)          x8=10000d80 x10:bf7d54e0  x8:10000d7c  PA:10000d7c
13916947ns          234427 1c0081ee 00078363 beq              x15, x0, 6          x15:00000000
13917007ns          234430 1c0081f4 ff7412e3 bne              x8, x23, -28         x8:10000d80 x23:10000fc8
13917067ns          234433 1c0081d8 094c7553 fsub.s           f10, f24, f20       f10=xxxxxxxx f24:3fc90fdb f20:40a205b9
13917087ns          234434 1c0081dc 57c000ef jal              x1, 1404             x1=1c0081de
13917127ns          234436 1c008758 a0a527d3 feq.s            x15, f10, f10       x15=00000001 f10:c05f8384 f10:c05f8384
13917146ns          234437 1c00875c 0a078b63 beq              x15, x0, 182        x15:00000001
13917166ns          234438 1c00875e e00517d3 fclass.s         x15, f10            x15=00000002 f10:c05f8384
13917186ns          234439 1c008762 0817f793 andi             x15, x15, 129       x15=00000000 x15:00000002
13917206ns          234440 1c008766 0a079663 bne              x15, x0, 172        x15:00000000
13917226ns          234441 1c008768 00000793 addi             x15, x0, 0          x15=00000000
13917246ns          234442 1c00876c a0f517d3 flt.s            x15, f10, f15       x15=00000001 f10:c05f8384 f15:00000000
13917266ns          234443 1c008770 0a079663 bne              x15, x0, 172        x15:00000001
13917325ns          234446 1c00881c 1c0007b7 lui              x15, 0x1c000000     x15=1c000000
13917345ns          234447 1c008820 12c7a783 lw               x15, 300(x15)       x15=c0c90fdb x15:1c000000  PA:1c00012c
13917683ns          234464 1c008824 a0f517d3 flt.s            x15, f10, f15       x15=00000000 f10:c05f8384 f15:c0c90fdb
13917703ns          234465 1c008828 00078463 beq              x15, x0, 8          x15:00000000
13917763ns          234468 1c008830 20a51553 fsgnjn.s         f10, f10, f10       f10=xxxxxxxx f10:c05f8384 f10:c05f8384
13917783ns          234469 1c008834 f6bff06f jal              x0, -150           
13917843ns          234472 1c00879e 1c0007b7 lui              x15, 0x1c000000     x15=1c000000
13917862ns          234473 1c0087a2 01c7a783 lw               x15, 28(x15)        x15=3fc90fdb x15:1c000000  PA:1c00001c
13918201ns          234490 1c0087a6 a0f517d3 flt.s            x15, f10, f15       x15=00000000 f10:405f8384 f15:3fc90fdb
13918220ns          234491 1c0087aa 02079563 bne              x15, x0, 42         x15:00000000
13918240ns          234492 1c0087ac 1c0007b7 lui              x15, 0x1c000000     x15=1c000000
13918260ns          234493 1c0087b0 1007a783 lw               x15, 256(x15)       x15=40490fdb x15:1c000000  PA:1c000100
13918579ns          234509 1c0087b4 a0f51753 flt.s            x14, f10, f15       x14=00000000 f10:405f8384 f15:40490fdb
13918598ns          234510 1c0087b8 06071f63 bne              x14, x0, 126        x14:00000000
13918618ns          234511 1c0087ba 1c000737 lui              x14, 0x1c000000     x14=1c000000
13918638ns          234512 1c0087be 14072703 lw               x14, 320(x14)       x14=4096cbe4 x14:1c000000  PA:1c000140
13919076ns          234534 1c0087c2 a0e51753 flt.s            x14, f10, f14       x14=00000001 f10:405f8384 f14:4096cbe4
13919096ns          234535 1c0087c6 0a071b63 bne              x14, x0, 182        x14:00000001
13919155ns          234538 1c00887c 08f57553 fsub.s           f10, f10, f15       f10=xxxxxxxx f10:405f8384 f15:40490fdb
13919175ns          234539 1c008880 fbbff06f jal              x0, -70            
13919235ns          234542 1c00883a 10a57553 fmul.s           f10, f10, f10       f10=xxxxxxxx f10:3eb39d48 f10:3eb39d48
13919255ns          234543 1c00883e 1c0007b7 lui              x15, 0x1c000000     x15=1c000000
13919275ns          234544 1c008842 1c000737 lui              x14, 0x1c000000     x14=1c000000
13919295ns          234545 1c008846 13472703 lw               x14, 308(x14)       x14=bab59551 x14:1c000000  PA:1c000134
13919613ns          234561 1c00884a 1307a783 lw               x15, 304(x15)       x15=37c23ab1 x15:1c000000  PA:1c000130
13919931ns          234577 1c00884e 70f577c3 fmadd.s          f15, f10, f15, f14  f15=xxxxxxxx f10:3dfc0aa7 f15:37c23ab1 f14:bab59551
13919951ns          234578 1c008852 1c000737 lui              x14, 0x1c000000     x14=1c000000
13919971ns          234579 1c008856 13872703 lw               x14, 312(x14)       x14=3d2aa76f x14:1c000000  PA:1c000138
13920289ns          234595 1c00885a 70f577c3 fmadd.s          f15, f10, f15, f14  f15=xxxxxxxx f10:3dfc0aa7 f15:bab535b4 f14:3d2aa76f
13920309ns          234596 1c00885e 1c000737 lui              x14, 0x1c000000     x14=1c000000
13920329ns          234597 1c008862 13c72703 lw               x14, 316(x14)       x14=beffffe0 x14:1c000000  PA:1c00013c
13920667ns          234614 1c008866 70f577c3 fmadd.s          f15, f10, f15, f14  f15=xxxxxxxx f10:3dfc0aa7 f15:3d29f507 f14:beffffe0
13920687ns          234615 1c00886a 1c000737 lui              x14, 0x1c000000     x14=1c000000
13920707ns          234616 1c00886e 16872703 lw               x14, 360(x14)       x14=3f7fffff x14:1c000000  PA:1c000168
13921025ns          234632 1c008872 70f57543 fmadd.s          f10, f10, f15, f14  f10=xxxxxxxx f10:3dfc0aa7 f15:befd628f f14:3f7fffff
13921045ns          234633 1c008876 20a51553 fsgnjn.s         f10, f10, f10       f10=xxxxxxxx f10:3f706886 f10:3f706886
13921065ns          234634 1c00887a 00008067 jalr             x0, x1, 0            x1:1c0081de
13921125ns          234637 1c0081de 016a7a53 fadd.s           f20, f20, f22       f20=xxxxxxxx f20:40a205b9 f22:3e533fc3
13921144ns          234638 1c0081e2 10acf553 fmul.s           f10, f25, f10       f10=xxxxxxxx f25:3f800000 f10:bf706886
13921164ns          234639 1c0081e6 a14a97d3 flt.s            x15, f21, f20       x15=00000000 f21:40c90fdb f20:40a89fb7
13921184ns          234640 1c0081ea 00a4222b p.sw             x10, 4(x8!)          x8=10000d84 x10:bf706886  x8:10000d80  PA:10000d80
13921204ns          234641 1c0081ee 00078363 beq              x15, x0, 6          x15:00000000
13921264ns          234644 1c0081f4 ff7412e3 bne              x8, x23, -28         x8:10000d84 x23:10000fc8
13921323ns          234647 1c0081d8 094c7553 fsub.s           f10, f24, f20       f10=xxxxxxxx f24:3fc90fdb f20:40a89fb7
13921343ns          234648 1c0081dc 57c000ef jal              x1, 1404             x1=1c0081de
13921383ns          234650 1c008758 a0a527d3 feq.s            x15, f10, f10       x15=00000001 f10:c06cb780 f10:c06cb780
13921403ns          234651 1c00875c 0a078b63 beq              x15, x0, 182        x15:00000001
13921423ns          234652 1c00875e e00517d3 fclass.s         x15, f10            x15=00000002 f10:c06cb780
13921443ns          234653 1c008762 0817f793 andi             x15, x15, 129       x15=00000000 x15:00000002
13921463ns          234654 1c008766 0a079663 bne              x15, x0, 172        x15:00000000
13921483ns          234655 1c008768 00000793 addi             x15, x0, 0          x15=00000000
13921502ns          234656 1c00876c a0f517d3 flt.s            x15, f10, f15       x15=00000001 f10:c06cb780 f15:00000000
13921522ns          234657 1c008770 0a079663 bne              x15, x0, 172        x15:00000001
13921582ns          234660 1c00881c 1c0007b7 lui              x15, 0x1c000000     x15=1c000000
13921602ns          234661 1c008820 12c7a783 lw               x15, 300(x15)       x15=c0c90fdb x15:1c000000  PA:1c00012c
13921920ns          234677 1c008824 a0f517d3 flt.s            x15, f10, f15       x15=00000000 f10:c06cb780 f15:c0c90fdb
13921940ns          234678 1c008828 00078463 beq              x15, x0, 8          x15:00000000
13922000ns          234681 1c008830 20a51553 fsgnjn.s         f10, f10, f10       f10=xxxxxxxx f10:c06cb780 f10:c06cb780
13922020ns          234682 1c008834 f6bff06f jal              x0, -150           
13922079ns          234685 1c00879e 1c0007b7 lui              x15, 0x1c000000     x15=1c000000
13922099ns          234686 1c0087a2 01c7a783 lw               x15, 28(x15)        x15=3fc90fdb x15:1c000000  PA:1c00001c
13922417ns          234702 1c0087a6 a0f517d3 flt.s            x15, f10, f15       x15=00000000 f10:406cb780 f15:3fc90fdb
13922437ns          234703 1c0087aa 02079563 bne              x15, x0, 42         x15:00000000
13922457ns          234704 1c0087ac 1c0007b7 lui              x15, 0x1c000000     x15=1c000000
13922477ns          234705 1c0087b0 1007a783 lw               x15, 256(x15)       x15=40490fdb x15:1c000000  PA:1c000100
13922815ns          234722 1c0087b4 a0f51753 flt.s            x14, f10, f15       x14=00000000 f10:406cb780 f15:40490fdb
13922835ns          234723 1c0087b8 06071f63 bne              x14, x0, 126        x14:00000000
13922855ns          234724 1c0087ba 1c000737 lui              x14, 0x1c000000     x14=1c000000
13922875ns          234725 1c0087be 14072703 lw               x14, 320(x14)       x14=4096cbe4 x14:1c000000  PA:1c000140
13923193ns          234741 1c0087c2 a0e51753 flt.s            x14, f10, f14       x14=00000001 f10:406cb780 f14:4096cbe4
13923213ns          234742 1c0087c6 0a071b63 bne              x14, x0, 182        x14:00000001
13923273ns          234745 1c00887c 08f57553 fsub.s           f10, f10, f15       f10=xxxxxxxx f10:406cb780 f15:40490fdb
13923293ns          234746 1c008880 fbbff06f jal              x0, -70            
13923352ns          234749 1c00883a 10a57553 fmul.s           f10, f10, f10       f10=xxxxxxxx f10:3f0e9e94 f10:3f0e9e94
13923372ns          234750 1c00883e 1c0007b7 lui              x15, 0x1c000000     x15=1c000000
13923392ns          234751 1c008842 1c000737 lui              x14, 0x1c000000     x14=1c000000
13923412ns          234752 1c008846 13472703 lw               x14, 308(x14)       x14=bab59551 x14:1c000000  PA:1c000134
13923730ns          234768 1c00884a 1307a783 lw               x15, 304(x15)       x15=37c23ab1 x15:1c000000  PA:1c000130
13924048ns          234784 1c00884e 70f577c3 fmadd.s          f15, f10, f15, f14  f15=xxxxxxxx f10:3e9ee89d f15:37c23ab1 f14:bab59551
13924068ns          234785 1c008852 1c000737 lui              x14, 0x1c000000     x14=1c000000
13924088ns          234786 1c008856 13872703 lw               x14, 312(x14)       x14=3d2aa76f x14:1c000000  PA:1c000138
13924426ns          234803 1c00885a 70f577c3 fmadd.s          f15, f10, f15, f14  f15=xxxxxxxx f10:3e9ee89d f15:bab4a430 f14:3d2aa76f
13924446ns          234804 1c00885e 1c000737 lui              x14, 0x1c000000     x14=1c000000
13924466ns          234805 1c008862 13c72703 lw               x14, 316(x14)       x14=beffffe0 x14:1c000000  PA:1c00013c
13924784ns          234821 1c008866 70f577c3 fmadd.s          f15, f10, f15, f14  f15=xxxxxxxx f10:3e9ee89d f15:3d28e6e9 f14:beffffe0
13924804ns          234822 1c00886a 1c000737 lui              x14, 0x1c000000     x14=1c000000
13924824ns          234823 1c00886e 16872703 lw               x14, 360(x14)       x14=3f7fffff x14:1c000000  PA:1c000168
13925162ns          234840 1c008872 70f57543 fmadd.s          f10, f10, f15, f14  f10=xxxxxxxx f10:3e9ee89d f15:bef97260 f14:3f7fffff
13925182ns          234841 1c008876 20a51553 fsgnjn.s         f10, f10, f10       f10=xxxxxxxx f10:3f594a2f f10:3f594a2f
13925202ns          234842 1c00887a 00008067 jalr             x0, x1, 0            x1:1c0081de
13925262ns          234845 1c0081de 016a7a53 fadd.s           f20, f20, f22       f20=xxxxxxxx f20:40a89fb7 f22:3e533fc3
13925282ns          234846 1c0081e2 10acf553 fmul.s           f10, f25, f10       f10=xxxxxxxx f25:3f800000 f10:bf594a2f
13925302ns          234847 1c0081e6 a14a97d3 flt.s            x15, f21, f20       x15=00000000 f21:40c90fdb f20:40af39b5
13925321ns          234848 1c0081ea 00a4222b p.sw             x10, 4(x8!)          x8=10000d88 x10:bf594a2f  x8:10000d84  PA:10000d84
13925341ns          234849 1c0081ee 00078363 beq              x15, x0, 6          x15:00000000
13925401ns          234852 1c0081f4 ff7412e3 bne              x8, x23, -28         x8:10000d88 x23:10000fc8
13925461ns          234855 1c0081d8 094c7553 fsub.s           f10, f24, f20       f10=xxxxxxxx f24:3fc90fdb f20:40af39b5
13925481ns          234856 1c0081dc 57c000ef jal              x1, 1404             x1=1c0081de
13925520ns          234858 1c008758 a0a527d3 feq.s            x15, f10, f10       x15=00000001 f10:c079eb7c f10:c079eb7c
13925540ns          234859 1c00875c 0a078b63 beq              x15, x0, 182        x15:00000001
13925560ns          234860 1c00875e e00517d3 fclass.s         x15, f10            x15=00000002 f10:c079eb7c
13925580ns          234861 1c008762 0817f793 andi             x15, x15, 129       x15=00000000 x15:00000002
13925600ns          234862 1c008766 0a079663 bne              x15, x0, 172        x15:00000000
13925620ns          234863 1c008768 00000793 addi             x15, x0, 0          x15=00000000
13925640ns          234864 1c00876c a0f517d3 flt.s            x15, f10, f15       x15=00000001 f10:c079eb7c f15:00000000
13925660ns          234865 1c008770 0a079663 bne              x15, x0, 172        x15:00000001
13925719ns          234868 1c00881c 1c0007b7 lui              x15, 0x1c000000     x15=1c000000
13925739ns          234869 1c008820 12c7a783 lw               x15, 300(x15)       x15=c0c90fdb x15:1c000000  PA:1c00012c
13926077ns          234886 1c008824 a0f517d3 flt.s            x15, f10, f15       x15=00000000 f10:c079eb7c f15:c0c90fdb
13926097ns          234887 1c008828 00078463 beq              x15, x0, 8          x15:00000000
13926157ns          234890 1c008830 20a51553 fsgnjn.s         f10, f10, f10       f10=xxxxxxxx f10:c079eb7c f10:c079eb7c
13926177ns          234891 1c008834 f6bff06f jal              x0, -150           
13926236ns          234894 1c00879e 1c0007b7 lui              x15, 0x1c000000     x15=1c000000
13926256ns          234895 1c0087a2 01c7a783 lw               x15, 28(x15)        x15=3fc90fdb x15:1c000000  PA:1c00001c
13926575ns          234911 1c0087a6 a0f517d3 flt.s            x15, f10, f15       x15=00000000 f10:4079eb7c f15:3fc90fdb
13926594ns          234912 1c0087aa 02079563 bne              x15, x0, 42         x15:00000000
13926614ns          234913 1c0087ac 1c0007b7 lui              x15, 0x1c000000     x15=1c000000
13926634ns          234914 1c0087b0 1007a783 lw               x15, 256(x15)       x15=40490fdb x15:1c000000  PA:1c000100
13926972ns          234931 1c0087b4 a0f51753 flt.s            x14, f10, f15       x14=00000000 f10:4079eb7c f15:40490fdb
13926992ns          234932 1c0087b8 06071f63 bne              x14, x0, 126        x14:00000000
13927012ns          234933 1c0087ba 1c000737 lui              x14, 0x1c000000     x14=1c000000
13927032ns          234934 1c0087be 14072703 lw               x14, 320(x14)       x14=4096cbe4 x14:1c000000  PA:1c000140
13927350ns          234950 1c0087c2 a0e51753 flt.s            x14, f10, f14       x14=00000001 f10:4079eb7c f14:4096cbe4
13927370ns          234951 1c0087c6 0a071b63 bne              x14, x0, 182        x14:00000001
13927430ns          234954 1c00887c 08f57553 fsub.s           f10, f10, f15       f10=xxxxxxxx f10:4079eb7c f15:40490fdb
13927450ns          234955 1c008880 fbbff06f jal              x0, -70            
13927509ns          234958 1c00883a 10a57553 fmul.s           f10, f10, f10       f10=xxxxxxxx f10:3f436e84 f10:3f436e84
13927529ns          234959 1c00883e 1c0007b7 lui              x15, 0x1c000000     x15=1c000000
13927549ns          234960 1c008842 1c000737 lui              x14, 0x1c000000     x14=1c000000
13927569ns          234961 1c008846 13472703 lw               x14, 308(x14)       x14=bab59551 x14:1c000000  PA:1c000134
13927887ns          234977 1c00884a 1307a783 lw               x15, 304(x15)       x15=37c23ab1 x15:1c000000  PA:1c000130
13928206ns          234993 1c00884e 70f577c3 fmadd.s          f15, f10, f15, f14  f15=xxxxxxxx f10:3f15318d f15:37c23ab1 f14:bab59551
13928226ns          234994 1c008852 1c000737 lui              x14, 0x1c000000     x14=1c000000
13928245ns          234995 1c008856 13872703 lw               x14, 312(x14)       x14=3d2aa76f x14:1c000000  PA:1c000138
13928564ns          235011 1c00885a 70f577c3 fmadd.s          f15, f10, f15, f14  f15=xxxxxxxx f10:3f15318d f15:bab3d08a f14:3d2aa76f
13928584ns          235012 1c00885e 1c000737 lui              x14, 0x1c000000     x14=1c000000
13928603ns          235013 1c008862 13c72703 lw               x14, 316(x14)       x14=beffffe0 x14:1c000000  PA:1c00013c
13928922ns          235029 1c008866 70f577c3 fmadd.s          f15, f10, f15, f14  f15=xxxxxxxx f10:3f15318d f15:3d276116 f14:beffffe0
13928942ns          235030 1c00886a 1c000737 lui              x14, 0x1c000000     x14=1c000000
13928961ns          235031 1c00886e 16872703 lw               x14, 360(x14)       x14=3f7fffff x14:1c000000  PA:1c000168
13929280ns          235047 1c008872 70f57543 fmadd.s          f10, f10, f15, f14  f10=xxxxxxxx f10:3f15318d f15:bef3ce63 f14:3f7fffff
13929300ns          235048 1c008876 20a51553 fsgnjn.s         f10, f10, f10       f10=xxxxxxxx f10:3f38f4d7 f10:3f38f4d7
13929320ns          235049 1c00887a 00008067 jalr             x0, x1, 0            x1:1c0081de
13929379ns          235052 1c0081de 016a7a53 fadd.s           f20, f20, f22       f20=xxxxxxxx f20:40af39b5 f22:3e533fc3
13929399ns          235053 1c0081e2 10acf553 fmul.s           f10, f25, f10       f10=xxxxxxxx f25:3f800000 f10:bf38f4d7
13929419ns          235054 1c0081e6 a14a97d3 flt.s            x15, f21, f20       x15=00000000 f21:40c90fdb f20:40b5d3b3
13929439ns          235055 1c0081ea 00a4222b p.sw             x10, 4(x8!)          x8=10000d8c x10:bf38f4d7  x8:10000d88  PA:10000d88
13929459ns          235056 1c0081ee 00078363 beq              x15, x0, 6          x15:00000000
13929518ns          235059 1c0081f4 ff7412e3 bne              x8, x23, -28         x8:10000d8c x23:10000fc8
13929578ns          235062 1c0081d8 094c7553 fsub.s           f10, f24, f20       f10=xxxxxxxx f24:3fc90fdb f20:40b5d3b3
13929598ns          235063 1c0081dc 57c000ef jal              x1, 1404             x1=1c0081de
13929638ns          235065 1c008758 a0a527d3 feq.s            x15, f10, f10       x15=00000001 f10:c0838fbc f10:c0838fbc
13929658ns          235066 1c00875c 0a078b63 beq              x15, x0, 182        x15:00000001
13929678ns          235067 1c00875e e00517d3 fclass.s         x15, f10            x15=00000002 f10:c0838fbc
13929697ns          235068 1c008762 0817f793 andi             x15, x15, 129       x15=00000000 x15:00000002
13929717ns          235069 1c008766 0a079663 bne              x15, x0, 172        x15:00000000
13929737ns          235070 1c008768 00000793 addi             x15, x0, 0          x15=00000000
13929757ns          235071 1c00876c a0f517d3 flt.s            x15, f10, f15       x15=00000001 f10:c0838fbc f15:00000000
13929777ns          235072 1c008770 0a079663 bne              x15, x0, 172        x15:00000001
13929837ns          235075 1c00881c 1c0007b7 lui              x15, 0x1c000000     x15=1c000000
13929857ns          235076 1c008820 12c7a783 lw               x15, 300(x15)       x15=c0c90fdb x15:1c000000  PA:1c00012c
13930175ns          235092 1c008824 a0f517d3 flt.s            x15, f10, f15       x15=00000000 f10:c0838fbc f15:c0c90fdb
13930195ns          235093 1c008828 00078463 beq              x15, x0, 8          x15:00000000
13930254ns          235096 1c008830 20a51553 fsgnjn.s         f10, f10, f10       f10=xxxxxxxx f10:c0838fbc f10:c0838fbc
13930274ns          235097 1c008834 f6bff06f jal              x0, -150           
13930334ns          235100 1c00879e 1c0007b7 lui              x15, 0x1c000000     x15=1c000000
13930354ns          235101 1c0087a2 01c7a783 lw               x15, 28(x15)        x15=3fc90fdb x15:1c000000  PA:1c00001c
13930672ns          235117 1c0087a6 a0f517d3 flt.s            x15, f10, f15       x15=00000000 f10:40838fbc f15:3fc90fdb
13930692ns          235118 1c0087aa 02079563 bne              x15, x0, 42         x15:00000000
13930712ns          235119 1c0087ac 1c0007b7 lui              x15, 0x1c000000     x15=1c000000
13930732ns          235120 1c0087b0 1007a783 lw               x15, 256(x15)       x15=40490fdb x15:1c000000  PA:1c000100
13931070ns          235137 1c0087b4 a0f51753 flt.s            x14, f10, f15       x14=00000000 f10:40838fbc f15:40490fdb
13931090ns          235138 1c0087b8 06071f63 bne              x14, x0, 126        x14:00000000
13931110ns          235139 1c0087ba 1c000737 lui              x14, 0x1c000000     x14=1c000000
13931130ns          235140 1c0087be 14072703 lw               x14, 320(x14)       x14=4096cbe4 x14:1c000000  PA:1c000140
13931468ns          235157 1c0087c2 a0e51753 flt.s            x14, f10, f14       x14=00000001 f10:40838fbc f14:4096cbe4
13931488ns          235158 1c0087c6 0a071b63 bne              x14, x0, 182        x14:00000001
13931547ns          235161 1c00887c 08f57553 fsub.s           f10, f10, f15       f10=xxxxxxxx f10:40838fbc f15:40490fdb
13931567ns          235162 1c008880 fbbff06f jal              x0, -70            
13931627ns          235165 1c00883a 10a57553 fmul.s           f10, f10, f10       f10=xxxxxxxx f10:3f783e74 f10:3f783e74
13931647ns          235166 1c00883e 1c0007b7 lui              x15, 0x1c000000     x15=1c000000
13931667ns          235167 1c008842 1c000737 lui              x14, 0x1c000000     x14=1c000000
13931687ns          235168 1c008846 13472703 lw               x14, 308(x14)       x14=bab59551 x14:1c000000  PA:1c000134
13931985ns          235183 1c00884a 1307a783 lw               x15, 304(x15)       x15=37c23ab1 x15:1c000000  PA:1c000130
13932303ns          235199 1c00884e 70f577c3 fmadd.s          f15, f10, f15, f14  f15=xxxxxxxx f10:3f70b910 f15:37c23ab1 f14:bab59551
13932323ns          235200 1c008852 1c000737 lui              x14, 0x1c000000     x14=1c000000
13932343ns          235201 1c008856 13872703 lw               x14, 312(x14)       x14=3d2aa76f x14:1c000000  PA:1c000138
13932661ns          235217 1c00885a 70f577c3 fmadd.s          f15, f10, f15, f14  f15=xxxxxxxx f10:3f70b910 f15:bab2bac3 f14:3d2aa76f
13932681ns          235218 1c00885e 1c000737 lui              x14, 0x1c000000     x14=1c000000
13932701ns          235219 1c008862 13c72703 lw               x14, 316(x14)       x14=beffffe0 x14:1c000000  PA:1c00013c
13933019ns          235235 1c008866 70f577c3 fmadd.s          f15, f10, f15, f14  f15=xxxxxxxx f10:3f70b910 f15:3d2566ed f14:beffffe0
13933039ns          235236 1c00886a 1c000737 lui              x14, 0x1c000000     x14=1c000000
13933059ns          235237 1c00886e 16872703 lw               x14, 360(x14)       x14=3f7fffff x14:1c000000  PA:1c000168
13933397ns          235254 1c008872 70f57543 fmadd.s          f10, f10, f15, f14  f10=xxxxxxxx f10:3f70b910 f15:beec8ede f14:3f7fffff
13933417ns          235255 1c008876 20a51553 fsgnjn.s         f10, f10, f10       f10=xxxxxxxx f10:3f10c786 f10:3f10c786
13933437ns          235256 1c00887a 00008067 jalr             x0, x1, 0            x1:1c0081de
13933497ns          235259 1c0081de 016a7a53 fadd.s           f20, f20, f22       f20=xxxxxxxx f20:40b5d3b3 f22:3e533fc3
13933516ns          235260 1c0081e2 10acf553 fmul.s           f10, f25, f10       f10=xxxxxxxx f25:3f800000 f10:bf10c786
13933536ns          235261 1c0081e6 a14a97d3 flt.s            x15, f21, f20       x15=00000000 f21:40c90fdb f20:40bc6db1
13933556ns          235262 1c0081ea 00a4222b p.sw             x10, 4(x8!)          x8=10000d90 x10:bf10c786  x8:10000d8c  PA:10000d8c
13933576ns          235263 1c0081ee 00078363 beq              x15, x0, 6          x15:00000000
13933636ns          235266 1c0081f4 ff7412e3 bne              x8, x23, -28         x8:10000d90 x23:10000fc8
13933695ns          235269 1c0081d8 094c7553 fsub.s           f10, f24, f20       f10=xxxxxxxx f24:3fc90fdb f20:40bc6db1
13933715ns          235270 1c0081dc 57c000ef jal              x1, 1404             x1=1c0081de
13933755ns          235272 1c008758 a0a527d3 feq.s            x15, f10, f10       x15=00000001 f10:c08a29ba f10:c08a29ba
13933775ns          235273 1c00875c 0a078b63 beq              x15, x0, 182        x15:00000001
13933795ns          235274 1c00875e e00517d3 fclass.s         x15, f10            x15=00000002 f10:c08a29ba
13933815ns          235275 1c008762 0817f793 andi             x15, x15, 129       x15=00000000 x15:00000002
13933835ns          235276 1c008766 0a079663 bne              x15, x0, 172        x15:00000000
13933855ns          235277 1c008768 00000793 addi             x15, x0, 0          x15=00000000
13933875ns          235278 1c00876c a0f517d3 flt.s            x15, f10, f15       x15=00000001 f10:c08a29ba f15:00000000
13933894ns          235279 1c008770 0a079663 bne              x15, x0, 172        x15:00000001
13933954ns          235282 1c00881c 1c0007b7 lui              x15, 0x1c000000     x15=1c000000
13933974ns          235283 1c008820 12c7a783 lw               x15, 300(x15)       x15=c0c90fdb x15:1c000000  PA:1c00012c
13934292ns          235299 1c008824 a0f517d3 flt.s            x15, f10, f15       x15=00000000 f10:c08a29ba f15:c0c90fdb
13934312ns          235300 1c008828 00078463 beq              x15, x0, 8          x15:00000000
13934372ns          235303 1c008830 20a51553 fsgnjn.s         f10, f10, f10       f10=xxxxxxxx f10:c08a29ba f10:c08a29ba
13934392ns          235304 1c008834 f6bff06f jal              x0, -150           
13934451ns          235307 1c00879e 1c0007b7 lui              x15, 0x1c000000     x15=1c000000
13934471ns          235308 1c0087a2 01c7a783 lw               x15, 28(x15)        x15=3fc90fdb x15:1c000000  PA:1c00001c
13934789ns          235324 1c0087a6 a0f517d3 flt.s            x15, f10, f15       x15=00000000 f10:408a29ba f15:3fc90fdb
13934809ns          235325 1c0087aa 02079563 bne              x15, x0, 42         x15:00000000
13934829ns          235326 1c0087ac 1c0007b7 lui              x15, 0x1c000000     x15=1c000000
13934849ns          235327 1c0087b0 1007a783 lw               x15, 256(x15)       x15=40490fdb x15:1c000000  PA:1c000100
13935167ns          235343 1c0087b4 a0f51753 flt.s            x14, f10, f15       x14=00000000 f10:408a29ba f15:40490fdb
13935187ns          235344 1c0087b8 06071f63 bne              x14, x0, 126        x14:00000000
13935207ns          235345 1c0087ba 1c000737 lui              x14, 0x1c000000     x14=1c000000
13935227ns          235346 1c0087be 14072703 lw               x14, 320(x14)       x14=4096cbe4 x14:1c000000  PA:1c000140
13935585ns          235364 1c0087c2 a0e51753 flt.s            x14, f10, f14       x14=00000001 f10:408a29ba f14:4096cbe4
13935605ns          235365 1c0087c6 0a071b63 bne              x14, x0, 182        x14:00000001
13935665ns          235368 1c00887c 08f57553 fsub.s           f10, f10, f15       f10=xxxxxxxx f10:408a29ba f15:40490fdb
13935685ns          235369 1c008880 fbbff06f jal              x0, -70            
13935744ns          235372 1c00883a 10a57553 fmul.s           f10, f10, f10       f10=xxxxxxxx f10:3f968732 f10:3f968732
13935764ns          235373 1c00883e 1c0007b7 lui              x15, 0x1c000000     x15=1c000000
13935784ns          235374 1c008842 1c000737 lui              x14, 0x1c000000     x14=1c000000
13935804ns          235375 1c008846 13472703 lw               x14, 308(x14)       x14=bab59551 x14:1c000000  PA:1c000134
13936102ns          235390 1c00884a 1307a783 lw               x15, 304(x15)       x15=37c23ab1 x15:1c000000  PA:1c000130
13936460ns          235408 1c00884e 70f577c3 fmadd.s          f15, f10, f15, f14  f15=xxxxxxxx f10:3fb1056c f15:37c23ab1 f14:bab59551
13936480ns          235409 1c008852 1c000737 lui              x14, 0x1c000000     x14=1c000000
13936500ns          235410 1c008856 13872703 lw               x14, 312(x14)       x14=3d2aa76f x14:1c000000  PA:1c000138
13936818ns          235426 1c00885a 70f577c3 fmadd.s          f15, f10, f15, f14  f15=xxxxxxxx f10:3fb1056c f15:bab162db f14:3d2aa76f
13936838ns          235427 1c00885e 1c000737 lui              x14, 0x1c000000     x14=1c000000
13936858ns          235428 1c008862 13c72703 lw               x14, 316(x14)       x14=beffffe0 x14:1c000000  PA:1c00013c
13937196ns          235445 1c008866 70f577c3 fmadd.s          f15, f10, f15, f14  f15=xxxxxxxx f10:3fb1056c f15:3d22fcdd f14:beffffe0
13937216ns          235446 1c00886a 1c000737 lui              x14, 0x1c000000     x14=1c000000
13937236ns          235447 1c00886e 16872703 lw               x14, 360(x14)       x14=3f7fffff x14:1c000000  PA:1c000168
13937554ns          235463 1c008872 70f57543 fmadd.s          f10, f10, f15, f14  f10=xxxxxxxx f10:3fb1056c f15:bee3d2ce f14:3f7fffff
13937574ns          235464 1c008876 20a51553 fsgnjn.s         f10, f10, f10       f10=xxxxxxxx f10:3ec4ecd7 f10:3ec4ecd7
13937594ns          235465 1c00887a 00008067 jalr             x0, x1, 0            x1:1c0081de
13937654ns          235468 1c0081de 016a7a53 fadd.s           f20, f20, f22       f20=xxxxxxxx f20:40bc6db1 f22:3e533fc3
13937674ns          235469 1c0081e2 10acf553 fmul.s           f10, f25, f10       f10=xxxxxxxx f25:3f800000 f10:bec4ecd7
13937694ns          235470 1c0081e6 a14a97d3 flt.s            x15, f21, f20       x15=00000000 f21:40c90fdb f20:40c307af
13937713ns          235471 1c0081ea 00a4222b p.sw             x10, 4(x8!)          x8=10000d94 x10:bec4ecd7  x8:10000d90  PA:10000d90
13937733ns          235472 1c0081ee 00078363 beq              x15, x0, 6          x15:00000000
13937793ns          235475 1c0081f4 ff7412e3 bne              x8, x23, -28         x8:10000d94 x23:10000fc8
13937853ns          235478 1c0081d8 094c7553 fsub.s           f10, f24, f20       f10=xxxxxxxx f24:3fc90fdb f20:40c307af
13937873ns          235479 1c0081dc 57c000ef jal              x1, 1404             x1=1c0081de
13937912ns          235481 1c008758 a0a527d3 feq.s            x15, f10, f10       x15=00000001 f10:c090c3b8 f10:c090c3b8
13937932ns          235482 1c00875c 0a078b63 beq              x15, x0, 182        x15:00000001
13937952ns          235483 1c00875e e00517d3 fclass.s         x15, f10            x15=00000002 f10:c090c3b8
13937972ns          235484 1c008762 0817f793 andi             x15, x15, 129       x15=00000000 x15:00000002
13937992ns          235485 1c008766 0a079663 bne              x15, x0, 172        x15:00000000
13938012ns          235486 1c008768 00000793 addi             x15, x0, 0          x15=00000000
13938032ns          235487 1c00876c a0f517d3 flt.s            x15, f10, f15       x15=00000001 f10:c090c3b8 f15:00000000
13938052ns          235488 1c008770 0a079663 bne              x15, x0, 172        x15:00000001
13938111ns          235491 1c00881c 1c0007b7 lui              x15, 0x1c000000     x15=1c000000
13938131ns          235492 1c008820 12c7a783 lw               x15, 300(x15)       x15=c0c90fdb x15:1c000000  PA:1c00012c
13938449ns          235508 1c008824 a0f517d3 flt.s            x15, f10, f15       x15=00000000 f10:c090c3b8 f15:c0c90fdb
13938469ns          235509 1c008828 00078463 beq              x15, x0, 8          x15:00000000
13938529ns          235512 1c008830 20a51553 fsgnjn.s         f10, f10, f10       f10=xxxxxxxx f10:c090c3b8 f10:c090c3b8
13938549ns          235513 1c008834 f6bff06f jal              x0, -150           
13938609ns          235516 1c00879e 1c0007b7 lui              x15, 0x1c000000     x15=1c000000
13938628ns          235517 1c0087a2 01c7a783 lw               x15, 28(x15)        x15=3fc90fdb x15:1c000000  PA:1c00001c
13938947ns          235533 1c0087a6 a0f517d3 flt.s            x15, f10, f15       x15=00000000 f10:4090c3b8 f15:3fc90fdb
13938967ns          235534 1c0087aa 02079563 bne              x15, x0, 42         x15:00000000
13938986ns          235535 1c0087ac 1c0007b7 lui              x15, 0x1c000000     x15=1c000000
13939006ns          235536 1c0087b0 1007a783 lw               x15, 256(x15)       x15=40490fdb x15:1c000000  PA:1c000100
13939344ns          235553 1c0087b4 a0f51753 flt.s            x14, f10, f15       x14=00000000 f10:4090c3b8 f15:40490fdb
13939364ns          235554 1c0087b8 06071f63 bne              x14, x0, 126        x14:00000000
13939384ns          235555 1c0087ba 1c000737 lui              x14, 0x1c000000     x14=1c000000
13939404ns          235556 1c0087be 14072703 lw               x14, 320(x14)       x14=4096cbe4 x14:1c000000  PA:1c000140
13939742ns          235573 1c0087c2 a0e51753 flt.s            x14, f10, f14       x14=00000001 f10:4090c3b8 f14:4096cbe4
13939762ns          235574 1c0087c6 0a071b63 bne              x14, x0, 182        x14:00000001
13939822ns          235577 1c00887c 08f57553 fsub.s           f10, f10, f15       f10=xxxxxxxx f10:4090c3b8 f15:40490fdb
13939842ns          235578 1c008880 fbbff06f jal              x0, -70            
13939901ns          235581 1c00883a 10a57553 fmul.s           f10, f10, f10       f10=xxxxxxxx f10:3fb0ef2a f10:3fb0ef2a
13939921ns          235582 1c00883e 1c0007b7 lui              x15, 0x1c000000     x15=1c000000
13939941ns          235583 1c008842 1c000737 lui              x14, 0x1c000000     x14=1c000000
13939961ns          235584 1c008846 13472703 lw               x14, 308(x14)       x14=bab59551 x14:1c000000  PA:1c000134
13940259ns          235599 1c00884a 1307a783 lw               x15, 304(x15)       x15=37c23ab1 x15:1c000000  PA:1c000130
13940578ns          235615 1c00884e 70f577c3 fmadd.s          f15, f10, f15, f14  f15=xxxxxxxx f10:3ff49372 f15:37c23ab1 f14:bab59551
13940598ns          235616 1c008852 1c000737 lui              x14, 0x1c000000     x14=1c000000
13940617ns          235617 1c008856 13872703 lw               x14, 312(x14)       x14=3d2aa76f x14:1c000000  PA:1c000138
13940936ns          235633 1c00885a 70f577c3 fmadd.s          f15, f10, f15, f14  f15=xxxxxxxx f10:3ff49372 f15:baafc8d3 f14:3d2aa76f
13940956ns          235634 1c00885e 1c000737 lui              x14, 0x1c000000     x14=1c000000
13940976ns          235635 1c008862 13c72703 lw               x14, 316(x14)       x14=beffffe0 x14:1c000000  PA:1c00013c
13941294ns          235651 1c008866 70f577c3 fmadd.s          f15, f10, f15, f14  f15=xxxxxxxx f10:3ff49372 f15:3d202865 f14:beffffe0
13941314ns          235652 1c00886a 1c000737 lui              x14, 0x1c000000     x14=1c000000
13941334ns          235653 1c00886e 16872703 lw               x14, 360(x14)       x14=3f7fffff x14:1c000000  PA:1c000168
13941672ns          235670 1c008872 70f57543 fmadd.s          f10, f10, f15, f14  f10=xxxxxxxx f10:3ff49372 f15:bed9bf30 f14:3f7fffff
13941692ns          235671 1c008876 20a51553 fsgnjn.s         f10, f10, f10       f10=xxxxxxxx f10:3e3fe16e f10:3e3fe16e
13941711ns          235672 1c00887a 00008067 jalr             x0, x1, 0            x1:1c0081de
13941771ns          235675 1c0081de 016a7a53 fadd.s           f20, f20, f22       f20=xxxxxxxx f20:40c307af f22:3e533fc3
13941791ns          235676 1c0081e2 10acf553 fmul.s           f10, f25, f10       f10=xxxxxxxx f25:3f800000 f10:be3fe16e
13941811ns          235677 1c0081e6 a14a97d3 flt.s            x15, f21, f20       x15=00000001 f21:40c90fdb f20:40c9a1ad
13941831ns          235678 1c0081ea 00a4222b p.sw             x10, 4(x8!)          x8=10000d98 x10:be3fe16e  x8:10000d94  PA:10000d94
13941851ns          235679 1c0081ee 00078363 beq              x15, x0, 6          x15:00000001
13941871ns          235680 1c0081f0 095a7a53 fsub.s           f20, f20, f21       f20=xxxxxxxx f20:40c9a1ad f21:40c90fdb
13941890ns          235681 1c0081f4 ff7412e3 bne              x8, x23, -28         x8:10000d98 x23:10000fc8
13941950ns          235684 1c0081d8 094c7553 fsub.s           f10, f24, f20       f10=xxxxxxxx f24:3fc90fdb f20:3c91d200
13941970ns          235685 1c0081dc 57c000ef jal              x1, 1404             x1=1c0081de
13942010ns          235687 1c008758 a0a527d3 feq.s            x15, f10, f10       x15=00000001 f10:3fc6c893 f10:3fc6c893
13942030ns          235688 1c00875c 0a078b63 beq              x15, x0, 182        x15:00000001
13942050ns          235689 1c00875e e00517d3 fclass.s         x15, f10            x15=00000040 f10:3fc6c893
13942070ns          235690 1c008762 0817f793 andi             x15, x15, 129       x15=00000000 x15:00000040
13942089ns          235691 1c008766 0a079663 bne              x15, x0, 172        x15:00000000
13942109ns          235692 1c008768 00000793 addi             x15, x0, 0          x15=00000000
13942129ns          235693 1c00876c a0f517d3 flt.s            x15, f10, f15       x15=00000000 f10:3fc6c893 f15:00000000
13942149ns          235694 1c008770 0a079663 bne              x15, x0, 172        x15:00000000
13942169ns          235695 1c008772 1c000737 lui              x14, 0x1c000000     x14=1c000000
13942189ns          235696 1c008776 02072783 lw               x15, 32(x14)        x15=40c90fdb x14:1c000000  PA:1c000020
13942507ns          235712 1c00877a a0a797d3 flt.s            x15, f15, f10       x15=00000000 f15:40c90fdb f10:3fc6c893
13942527ns          235713 1c00877e 00078b63 beq              x15, x0, 22         x15:00000000
13942587ns          235716 1c008794 00000793 addi             x15, x0, 0          x15=00000000
13942607ns          235717 1c008798 a0f517d3 flt.s            x15, f10, f15       x15=00000000 f10:3fc6c893 f15:00000000
13942626ns          235718 1c00879c 08079a63 bne              x15, x0, 148        x15:00000000
13942646ns          235719 1c00879e 1c0007b7 lui              x15, 0x1c000000     x15=1c000000
13942666ns          235720 1c0087a2 01c7a783 lw               x15, 28(x15)        x15=3fc90fdb x15:1c000000  PA:1c00001c
13943044ns          235739 1c0087a6 a0f517d3 flt.s            x15, f10, f15       x15=00000001 f10:3fc6c893 f15:3fc90fdb
13943064ns          235740 1c0087aa 02079563 bne              x15, x0, 42         x15:00000001
13943124ns          235743 1c0087d4 10a57553 fmul.s           f10, f10, f10       f10=xxxxxxxx f10:3fc6c893 f10:3fc6c893
13943144ns          235744 1c0087d8 1c0007b7 lui              x15, 0x1c000000     x15=1c000000
13943163ns          235745 1c0087dc 1c000737 lui              x14, 0x1c000000     x14=1c000000
13943223ns          235748 1c0087e0 13472703 lw               x14, 308(x14)       x14=bab59551 x14:1c000000  PA:1c000134
13943561ns          235765 1c0087e4 1307a783 lw               x15, 304(x15)       x15=37c23ab1 x15:1c000000  PA:1c000130
13943880ns          235781 1c0087e8 70f577c3 fmadd.s          f15, f10, f15, f14  f15=xxxxxxxx f10:401a5ae1 f15:37c23ab1 f14:bab59551
13943899ns          235782 1c0087ec 1c000737 lui              x14, 0x1c000000     x14=1c000000
13943919ns          235783 1c0087f0 13872703 lw               x14, 312(x14)       x14=3d2aa76f x14:1c000000  PA:1c000138
13944257ns          235800 1c0087f4 70f577c3 fmadd.s          f15, f10, f15, f14  f15=xxxxxxxx f10:401a5ae1 f15:baae438d f14:3d2aa76f
13944277ns          235801 1c0087f8 1c000737 lui              x14, 0x1c000000     x14=1c000000
13944297ns          235802 1c0087fc 13c72703 lw               x14, 316(x14)       x14=beffffe0 x14:1c000000  PA:1c00013c
13944616ns          235818 1c008800 70f577c3 fmadd.s          f15, f10, f15, f14  f15=xxxxxxxx f10:401a5ae1 f15:3d1d851f f14:beffffe0
13944635ns          235819 1c008804 1c000737 lui              x14, 0x1c000000     x14=1c000000
13944655ns          235820 1c008808 16872703 lw               x14, 360(x14)       x14=3f7fffff x14:1c000000  PA:1c000168
13944974ns          235836 1c00880c 70f57543 fmadd.s          f10, f10, f15, f14  f10=xxxxxxxx f10:401a5ae1 f15:bed082e0 f14:3f7fffff
13944993ns          235837 1c008810 00008067 jalr             x0, x1, 0            x1:1c0081de
13945093ns          235842 1c0081de 016a7a53 fadd.s           f20, f20, f22       f20=xxxxxxxx f20:3c91d200 f22:3e533fc3
13945133ns          235844 1c0081e2 10acf553 fmul.s           f10, f25, f10       f10=xxxxxxxx f25:3f800000 f10:3c91cfdf
13945153ns          235845 1c0081e6 a14a97d3 flt.s            x15, f21, f20       x15=00000000 f21:40c90fdb f20:3e657a03
13945172ns          235846 1c0081ea 00a4222b p.sw             x10, 4(x8!)          x8=10000d9c x10:3c91cfdf  x8:10000d98  PA:10000d98
13945192ns          235847 1c0081ee 00078363 beq              x15, x0, 6          x15:00000000
13945252ns          235850 1c0081f4 ff7412e3 bne              x8, x23, -28         x8:10000d9c x23:10000fc8
13945312ns          235853 1c0081d8 094c7553 fsub.s           f10, f24, f20       f10=xxxxxxxx f24:3fc90fdb f20:3e657a03
13945332ns          235854 1c0081dc 57c000ef jal              x1, 1404             x1=1c0081de
13945371ns          235856 1c008758 a0a527d3 feq.s            x15, f10, f10       x15=00000001 f10:3fac609b f10:3fac609b
13945391ns          235857 1c00875c 0a078b63 beq              x15, x0, 182        x15:00000001
13945451ns          235860 1c00875e e00517d3 fclass.s         x15, f10            x15=00000040 f10:3fac609b
13945491ns          235862 1c008762 0817f793 andi             x15, x15, 129       x15=00000000 x15:00000040
13945511ns          235863 1c008766 0a079663 bne              x15, x0, 172        x15:00000000
13945530ns          235864 1c008768 00000793 addi             x15, x0, 0          x15=00000000
13945550ns          235865 1c00876c a0f517d3 flt.s            x15, f10, f15       x15=00000000 f10:3fac609b f15:00000000
13945570ns          235866 1c008770 0a079663 bne              x15, x0, 172        x15:00000000
13945590ns          235867 1c008772 1c000737 lui              x14, 0x1c000000     x14=1c000000
13945610ns          235868 1c008776 02072783 lw               x15, 32(x14)        x15=40c90fdb x14:1c000000  PA:1c000020
13945948ns          235885 1c00877a a0a797d3 flt.s            x15, f15, f10       x15=00000000 f15:40c90fdb f10:3fac609b
13945968ns          235886 1c00877e 00078b63 beq              x15, x0, 22         x15:00000000
13946028ns          235889 1c008794 00000793 addi             x15, x0, 0          x15=00000000
13946048ns          235890 1c008798 a0f517d3 flt.s            x15, f10, f15       x15=00000000 f10:3fac609b f15:00000000
13946068ns          235891 1c00879c 08079a63 bne              x15, x0, 148        x15:00000000
13946087ns          235892 1c00879e 1c0007b7 lui              x15, 0x1c000000     x15=1c000000
13946107ns          235893 1c0087a2 01c7a783 lw               x15, 28(x15)        x15=3fc90fdb x15:1c000000  PA:1c00001c
13946426ns          235909 1c0087a6 a0f517d3 flt.s            x15, f10, f15       x15=00000001 f10:3fac609b f15:3fc90fdb
13946445ns          235910 1c0087aa 02079563 bne              x15, x0, 42         x15:00000001
13946505ns          235913 1c0087d4 10a57553 fmul.s           f10, f10, f10       f10=xxxxxxxx f10:3fac609b f10:3fac609b
13946525ns          235914 1c0087d8 1c0007b7 lui              x15, 0x1c000000     x15=1c000000
13946545ns          235915 1c0087dc 1c000737 lui              x14, 0x1c000000     x14=1c000000
13946565ns          235916 1c0087e0 13472703 lw               x14, 308(x14)       x14=bab59551 x14:1c000000  PA:1c000134
13946863ns          235931 1c0087e4 1307a783 lw               x15, 304(x15)       x15=37c23ab1 x15:1c000000  PA:1c000130
13947201ns          235948 1c0087e8 70f577c3 fmadd.s          f15, f10, f15, f14  f15=xxxxxxxx f10:3fe823e9 f15:37c23ab1 f14:bab59551
13947221ns          235949 1c0087ec 1c000737 lui              x14, 0x1c000000     x14=1c000000
13947241ns          235950 1c0087f0 13872703 lw               x14, 312(x14)       x14=3d2aa76f x14:1c000000  PA:1c000138
13947559ns          235966 1c0087f4 70f577c3 fmadd.s          f15, f10, f15, f14  f15=xxxxxxxx f10:3fe823e9 f15:bab0144e f14:3d2aa76f
13947579ns          235967 1c0087f8 1c000737 lui              x14, 0x1c000000     x14=1c000000
13947599ns          235968 1c0087fc 13c72703 lw               x14, 316(x14)       x14=beffffe0 x14:1c000000  PA:1c00013c
13947917ns          235984 1c008800 70f577c3 fmadd.s          f15, f10, f15, f14  f15=xxxxxxxx f10:3fe823e9 f15:3d20acbd f14:beffffe0
13947937ns          235985 1c008804 1c000737 lui              x14, 0x1c000000     x14=1c000000
13947957ns          235986 1c008808 16872703 lw               x14, 360(x14)       x14=3f7fffff x14:1c000000  PA:1c000168
13948315ns          236004 1c00880c 70f57543 fmadd.s          f10, f10, f15, f14  f10=xxxxxxxx f10:3fe823e9 f15:bedb931b f14:3f7fffff
13948335ns          236005 1c008810 00008067 jalr             x0, x1, 0            x1:1c0081de
13948395ns          236008 1c0081de 016a7a53 fadd.s           f20, f20, f22       f20=xxxxxxxx f20:3e657a03 f22:3e533fc3
13948415ns          236009 1c0081e2 10acf553 fmul.s           f10, f25, f10       f10=xxxxxxxx f25:3f800000 f10:3e638f86
13948435ns          236010 1c0081e6 a14a97d3 flt.s            x15, f21, f20       x15=00000000 f21:40c90fdb f20:3edc5ce3
13948454ns          236011 1c0081ea 00a4222b p.sw             x10, 4(x8!)          x8=10000da0 x10:3e638f86  x8:10000d9c  PA:10000d9c
13948474ns          236012 1c0081ee 00078363 beq              x15, x0, 6          x15:00000000
13948534ns          236015 1c0081f4 ff7412e3 bne              x8, x23, -28         x8:10000da0 x23:10000fc8
13948594ns          236018 1c0081d8 094c7553 fsub.s           f10, f24, f20       f10=xxxxxxxx f24:3fc90fdb f20:3edc5ce3
13948614ns          236019 1c0081dc 57c000ef jal              x1, 1404             x1=1c0081de
13948653ns          236021 1c008758 a0a527d3 feq.s            x15, f10, f10       x15=00000001 f10:3f91f8a2 f10:3f91f8a2
13948673ns          236022 1c00875c 0a078b63 beq              x15, x0, 182        x15:00000001
13948693ns          236023 1c00875e e00517d3 fclass.s         x15, f10            x15=00000040 f10:3f91f8a2
13948713ns          236024 1c008762 0817f793 andi             x15, x15, 129       x15=00000000 x15:00000040
13948733ns          236025 1c008766 0a079663 bne              x15, x0, 172        x15:00000000
13948753ns          236026 1c008768 00000793 addi             x15, x0, 0          x15=00000000
13948773ns          236027 1c00876c a0f517d3 flt.s            x15, f10, f15       x15=00000000 f10:3f91f8a2 f15:00000000
13948793ns          236028 1c008770 0a079663 bne              x15, x0, 172        x15:00000000
13948812ns          236029 1c008772 1c000737 lui              x14, 0x1c000000     x14=1c000000
13948832ns          236030 1c008776 02072783 lw               x15, 32(x14)        x15=40c90fdb x14:1c000000  PA:1c000020
13949151ns          236046 1c00877a a0a797d3 flt.s            x15, f15, f10       x15=00000000 f15:40c90fdb f10:3f91f8a2
13949171ns          236047 1c00877e 00078b63 beq              x15, x0, 22         x15:00000000
13949230ns          236050 1c008794 00000793 addi             x15, x0, 0          x15=00000000
13949250ns          236051 1c008798 a0f517d3 flt.s            x15, f10, f15       x15=00000000 f10:3f91f8a2 f15:00000000
13949270ns          236052 1c00879c 08079a63 bne              x15, x0, 148        x15:00000000
13949290ns          236053 1c00879e 1c0007b7 lui              x15, 0x1c000000     x15=1c000000
13949310ns          236054 1c0087a2 01c7a783 lw               x15, 28(x15)        x15=3fc90fdb x15:1c000000  PA:1c00001c
13949648ns          236071 1c0087a6 a0f517d3 flt.s            x15, f10, f15       x15=00000001 f10:3f91f8a2 f15:3fc90fdb
13949668ns          236072 1c0087aa 02079563 bne              x15, x0, 42         x15:00000001
13949727ns          236075 1c0087d4 10a57553 fmul.s           f10, f10, f10       f10=xxxxxxxx f10:3f91f8a2 f10:3f91f8a2
13949747ns          236076 1c0087d8 1c0007b7 lui              x15, 0x1c000000     x15=1c000000
13949767ns          236077 1c0087dc 1c000737 lui              x14, 0x1c000000     x14=1c000000
13949787ns          236078 1c0087e0 13472703 lw               x14, 308(x14)       x14=bab59551 x14:1c000000  PA:1c000134
13950105ns          236094 1c0087e4 1307a783 lw               x15, 304(x15)       x15=37c23ab1 x15:1c000000  PA:1c000130
13950463ns          236112 1c0087e8 70f577c3 fmadd.s          f15, f10, f15, f14  f15=xxxxxxxx f10:3fa67732 f15:37c23ab1 f14:bab59551
13950483ns          236113 1c0087ec 1c000737 lui              x14, 0x1c000000     x14=1c000000
13950503ns          236114 1c0087f0 13872703 lw               x14, 312(x14)       x14=3d2aa76f x14:1c000000  PA:1c000138
13950821ns          236130 1c0087f4 70f577c3 fmadd.s          f15, f10, f15, f14  f15=xxxxxxxx f10:3fa67732 f15:bab1a2ed f14:3d2aa76f
13950841ns          236131 1c0087f8 1c000737 lui              x14, 0x1c000000     x14=1c000000
13950861ns          236132 1c0087fc 13c72703 lw               x14, 316(x14)       x14=beffffe0 x14:1c000000  PA:1c00013c
13951179ns          236148 1c008800 70f577c3 fmadd.s          f15, f10, f15, f14  f15=xxxxxxxx f10:3fa67732 f15:3d236f49 f14:beffffe0
13951199ns          236149 1c008804 1c000737 lui              x14, 0x1c000000     x14=1c000000
13951219ns          236150 1c008808 16872703 lw               x14, 360(x14)       x14=3f7fffff x14:1c000000  PA:1c000168
13951557ns          236167 1c00880c 70f57543 fmadd.s          f10, f10, f15, f14  f10=xxxxxxxx f10:3fa67732 f15:bee56e50 f14:3f7fffff
13951577ns          236168 1c008810 00008067 jalr             x0, x1, 0            x1:1c0081de
13951637ns          236171 1c0081de 016a7a53 fadd.s           f20, f20, f22       f20=xxxxxxxx f20:3edc5ce3 f22:3e533fc3
13951657ns          236172 1c0081e2 10acf553 fmul.s           f10, f25, f10       f10=xxxxxxxx f25:3f800000 f10:3ed59f48
13951677ns          236173 1c0081e6 a14a97d3 flt.s            x15, f21, f20       x15=00000000 f21:40c90fdb f20:3f22fe62
13951697ns          236174 1c0081ea 00a4222b p.sw             x10, 4(x8!)          x8=10000da4 x10:3ed59f48  x8:10000da0  PA:10000da0
13951717ns          236175 1c0081ee 00078363 beq              x15, x0, 6          x15:00000000
13951776ns          236178 1c0081f4 ff7412e3 bne              x8, x23, -28         x8:10000da4 x23:10000fc8
13951836ns          236181 1c0081d8 094c7553 fsub.s           f10, f24, f20       f10=xxxxxxxx f24:3fc90fdb f20:3f22fe62
13951856ns          236182 1c0081dc 57c000ef jal              x1, 1404             x1=1c0081de
13951896ns          236184 1c008758 a0a527d3 feq.s            x15, f10, f10       x15=00000001 f10:3f6f2154 f10:3f6f2154
13951915ns          236185 1c00875c 0a078b63 beq              x15, x0, 182        x15:00000001
13951935ns          236186 1c00875e e00517d3 fclass.s         x15, f10            x15=00000040 f10:3f6f2154
13951955ns          236187 1c008762 0817f793 andi             x15, x15, 129       x15=00000000 x15:00000040
13951975ns          236188 1c008766 0a079663 bne              x15, x0, 172        x15:00000000
13951995ns          236189 1c008768 00000793 addi             x15, x0, 0          x15=00000000
13952015ns          236190 1c00876c a0f517d3 flt.s            x15, f10, f15       x15=00000000 f10:3f6f2154 f15:00000000
13952035ns          236191 1c008770 0a079663 bne              x15, x0, 172        x15:00000000
13952055ns          236192 1c008772 1c000737 lui              x14, 0x1c000000     x14=1c000000
13952075ns          236193 1c008776 02072783 lw               x15, 32(x14)        x15=40c90fdb x14:1c000000  PA:1c000020
13952492ns          236214 1c00877a a0a797d3 flt.s            x15, f15, f10       x15=00000000 f15:40c90fdb f10:3f6f2154
13952512ns          236215 1c00877e 00078b63 beq              x15, x0, 22         x15:00000000
13952572ns          236218 1c008794 00000793 addi             x15, x0, 0          x15=00000000
13952592ns          236219 1c008798 a0f517d3 flt.s            x15, f10, f15       x15=00000000 f10:3f6f2154 f15:00000000
13952612ns          236220 1c00879c 08079a63 bne              x15, x0, 148        x15:00000000
13952631ns          236221 1c00879e 1c0007b7 lui              x15, 0x1c000000     x15=1c000000
13952651ns          236222 1c0087a2 01c7a783 lw               x15, 28(x15)        x15=3fc90fdb x15:1c000000  PA:1c00001c
13952990ns          236239 1c0087a6 a0f517d3 flt.s            x15, f10, f15       x15=00000001 f10:3f6f2154 f15:3fc90fdb
13953009ns          236240 1c0087aa 02079563 bne              x15, x0, 42         x15:00000001
13953069ns          236243 1c0087d4 10a57553 fmul.s           f10, f10, f10       f10=xxxxxxxx f10:3f6f2154 f10:3f6f2154
13953089ns          236244 1c0087d8 1c0007b7 lui              x15, 0x1c000000     x15=1c000000
13953109ns          236245 1c0087dc 1c000737 lui              x14, 0x1c000000     x14=1c000000
13953129ns          236246 1c0087e0 13472703 lw               x14, 308(x14)       x14=bab59551 x14:1c000000  PA:1c000134
13953427ns          236261 1c0087e4 1307a783 lw               x15, 304(x15)       x15=37c23ab1 x15:1c000000  PA:1c000130
13953765ns          236278 1c0087e8 70f577c3 fmadd.s          f15, f10, f15, f14  f15=xxxxxxxx f10:3f5f5f3f f15:37c23ab1 f14:bab59551
13953785ns          236279 1c0087ec 1c000737 lui              x14, 0x1c000000     x14=1c000000
13953805ns          236280 1c0087f0 13872703 lw               x14, 312(x14)       x14=3d2aa76f x14:1c000000  PA:1c000138
13954163ns          236298 1c0087f4 70f577c3 fmadd.s          f15, f10, f15, f14  f15=xxxxxxxx f10:3f5f5f3f f15:bab2ef6b f14:3d2aa76f
13954183ns          236299 1c0087f8 1c000737 lui              x14, 0x1c000000     x14=1c000000
13954203ns          236300 1c0087fc 13c72703 lw               x14, 316(x14)       x14=beffffe0 x14:1c000000  PA:1c00013c
13954561ns          236318 1c008800 70f577c3 fmadd.s          f15, f10, f15, f14  f15=xxxxxxxx f10:3f5f5f3f f15:3d25c666 f14:beffffe0
13954581ns          236319 1c008804 1c000737 lui              x14, 0x1c000000     x14=1c000000
13954601ns          236320 1c008808 16872703 lw               x14, 360(x14)       x14=3f7fffff x14:1c000000  PA:1c000168
13954919ns          236336 1c00880c 70f57543 fmadd.s          f10, f10, f15, f14  f10=xxxxxxxx f10:3f5f5f3f f15:beedeb30 f14:3f7fffff
13954939ns          236337 1c008810 00008067 jalr             x0, x1, 0            x1:1c0081de
13954998ns          236340 1c0081de 016a7a53 fadd.s           f20, f20, f22       f20=xxxxxxxx f20:3f22fe62 f22:3e533fc3
13955018ns          236341 1c0081e2 10acf553 fmul.s           f10, f25, f10       f10=xxxxxxxx f25:3f800000 f10:3f1833cd
13955038ns          236342 1c0081e6 a14a97d3 flt.s            x15, f21, f20       x15=00000000 f21:40c90fdb f20:3f57ce53
13955058ns          236343 1c0081ea 00a4222b p.sw             x10, 4(x8!)          x8=10000da8 x10:3f1833cd  x8:10000da4  PA:10000da4
13955078ns          236344 1c0081ee 00078363 beq              x15, x0, 6          x15:00000000
13955138ns          236347 1c0081f4 ff7412e3 bne              x8, x23, -28         x8:10000da8 x23:10000fc8
13955197ns          236350 1c0081d8 094c7553 fsub.s           f10, f24, f20       f10=xxxxxxxx f24:3fc90fdb f20:3f57ce53
13955217ns          236351 1c0081dc 57c000ef jal              x1, 1404             x1=1c0081de
13955257ns          236353 1c008758 a0a527d3 feq.s            x15, f10, f10       x15=00000001 f10:3f3a5163 f10:3f3a5163
13955277ns          236354 1c00875c 0a078b63 beq              x15, x0, 182        x15:00000001
13955297ns          236355 1c00875e e00517d3 fclass.s         x15, f10            x15=00000040 f10:3f3a5163
13955317ns          236356 1c008762 0817f793 andi             x15, x15, 129       x15=00000000 x15:00000040
13955337ns          236357 1c008766 0a079663 bne              x15, x0, 172        x15:00000000
13955357ns          236358 1c008768 00000793 addi             x15, x0, 0          x15=00000000
13955376ns          236359 1c00876c a0f517d3 flt.s            x15, f10, f15       x15=00000000 f10:3f3a5163 f15:00000000
13955396ns          236360 1c008770 0a079663 bne              x15, x0, 172        x15:00000000
13955416ns          236361 1c008772 1c000737 lui              x14, 0x1c000000     x14=1c000000
13955436ns          236362 1c008776 02072783 lw               x15, 32(x14)        x15=40c90fdb x14:1c000000  PA:1c000020
13955754ns          236378 1c00877a a0a797d3 flt.s            x15, f15, f10       x15=00000000 f15:40c90fdb f10:3f3a5163
13955774ns          236379 1c00877e 00078b63 beq              x15, x0, 22         x15:00000000
13955834ns          236382 1c008794 00000793 addi             x15, x0, 0          x15=00000000
13955854ns          236383 1c008798 a0f517d3 flt.s            x15, f10, f15       x15=00000000 f10:3f3a5163 f15:00000000
13955874ns          236384 1c00879c 08079a63 bne              x15, x0, 148        x15:00000000
13955894ns          236385 1c00879e 1c0007b7 lui              x15, 0x1c000000     x15=1c000000
13955913ns          236386 1c0087a2 01c7a783 lw               x15, 28(x15)        x15=3fc90fdb x15:1c000000  PA:1c00001c
13956232ns          236402 1c0087a6 a0f517d3 flt.s            x15, f10, f15       x15=00000001 f10:3f3a5163 f15:3fc90fdb
13956252ns          236403 1c0087aa 02079563 bne              x15, x0, 42         x15:00000001
13956311ns          236406 1c0087d4 10a57553 fmul.s           f10, f10, f10       f10=xxxxxxxx f10:3f3a5163 f10:3f3a5163
13956331ns          236407 1c0087d8 1c0007b7 lui              x15, 0x1c000000     x15=1c000000
13956351ns          236408 1c0087dc 1c000737 lui              x14, 0x1c000000     x14=1c000000
13956371ns          236409 1c0087e0 13472703 lw               x14, 308(x14)       x14=bab59551 x14:1c000000  PA:1c000134
13956669ns          236424 1c0087e4 1307a783 lw               x15, 304(x15)       x15=37c23ab1 x15:1c000000  PA:1c000130
13957007ns          236441 1c0087e8 70f577c3 fmadd.s          f15, f10, f15, f14  f15=xxxxxxxx f10:3f079a5e f15:37c23ab1 f14:bab59551
13957027ns          236442 1c0087ec 1c000737 lui              x14, 0x1c000000     x14=1c000000
13957047ns          236443 1c0087f0 13872703 lw               x14, 312(x14)       x14=3d2aa76f x14:1c000000  PA:1c000138
13957365ns          236459 1c0087f4 70f577c3 fmadd.s          f15, f10, f15, f14  f15=xxxxxxxx f10:3f079a5e f15:bab3f9c9 f14:3d2aa76f
13957385ns          236460 1c0087f8 1c000737 lui              x14, 0x1c000000     x14=1c000000
13957405ns          236461 1c0087fc 13c72703 lw               x14, 316(x14)       x14=beffffe0 x14:1c000000  PA:1c00013c
13957763ns          236479 1c008800 70f577c3 fmadd.s          f15, f10, f15, f14  f15=xxxxxxxx f10:3f079a5e f15:3d27acc5 f14:beffffe0
13957783ns          236480 1c008804 1c000737 lui              x14, 0x1c000000     x14=1c000000
13957803ns          236481 1c008808 16872703 lw               x14, 360(x14)       x14=3f7fffff x14:1c000000  PA:1c000168
13958121ns          236497 1c00880c 70f57543 fmadd.s          f10, f10, f15, f14  f10=xxxxxxxx f10:3f079a5e f15:bef4e5b9 f14:3f7fffff
13958141ns          236498 1c008810 00008067 jalr             x0, x1, 0            x1:1c0081de
13958201ns          236501 1c0081de 016a7a53 fadd.s           f20, f20, f22       f20=xxxxxxxx f20:3f57ce53 f22:3e533fc3
13958221ns          236502 1c0081e2 10acf553 fmul.s           f10, f25, f10       f10=xxxxxxxx f25:3f800000 f10:3f3f2397
13958241ns          236503 1c0081e6 a14a97d3 flt.s            x15, f21, f20       x15=00000000 f21:40c90fdb f20:3f864f22
13958261ns          236504 1c0081ea 00a4222b p.sw             x10, 4(x8!)          x8=10000dac x10:3f3f2397  x8:10000da8  PA:10000da8
13958280ns          236505 1c0081ee 00078363 beq              x15, x0, 6          x15:00000000
13958340ns          236508 1c0081f4 ff7412e3 bne              x8, x23, -28         x8:10000dac x23:10000fc8
13958400ns          236511 1c0081d8 094c7553 fsub.s           f10, f24, f20       f10=xxxxxxxx f24:3fc90fdb f20:3f864f22
13958420ns          236512 1c0081dc 57c000ef jal              x1, 1404             x1=1c0081de
13958459ns          236514 1c008758 a0a527d3 feq.s            x15, f10, f10       x15=00000001 f10:3f058172 f10:3f058172
13958479ns          236515 1c00875c 0a078b63 beq              x15, x0, 182        x15:00000001
13958499ns          236516 1c00875e e00517d3 fclass.s         x15, f10            x15=00000040 f10:3f058172
13958519ns          236517 1c008762 0817f793 andi             x15, x15, 129       x15=00000000 x15:00000040
13958539ns          236518 1c008766 0a079663 bne              x15, x0, 172        x15:00000000
13958559ns          236519 1c008768 00000793 addi             x15, x0, 0          x15=00000000
13958579ns          236520 1c00876c a0f517d3 flt.s            x15, f10, f15       x15=00000000 f10:3f058172 f15:00000000
13958599ns          236521 1c008770 0a079663 bne              x15, x0, 172        x15:00000000
13958619ns          236522 1c008772 1c000737 lui              x14, 0x1c000000     x14=1c000000
13958639ns          236523 1c008776 02072783 lw               x15, 32(x14)        x15=40c90fdb x14:1c000000  PA:1c000020
13959016ns          236542 1c00877a a0a797d3 flt.s            x15, f15, f10       x15=00000000 f15:40c90fdb f10:3f058172
13959036ns          236543 1c00877e 00078b63 beq              x15, x0, 22         x15:00000000
13959096ns          236546 1c008794 00000793 addi             x15, x0, 0          x15=00000000
13959116ns          236547 1c008798 a0f517d3 flt.s            x15, f10, f15       x15=00000000 f10:3f058172 f15:00000000
13959136ns          236548 1c00879c 08079a63 bne              x15, x0, 148        x15:00000000
13959156ns          236549 1c00879e 1c0007b7 lui              x15, 0x1c000000     x15=1c000000
13959176ns          236550 1c0087a2 01c7a783 lw               x15, 28(x15)        x15=3fc90fdb x15:1c000000  PA:1c00001c
13959494ns          236566 1c0087a6 a0f517d3 flt.s            x15, f10, f15       x15=00000001 f10:3f058172 f15:3fc90fdb
13959514ns          236567 1c0087aa 02079563 bne              x15, x0, 42         x15:00000001
13959573ns          236570 1c0087d4 10a57553 fmul.s           f10, f10, f10       f10=xxxxxxxx f10:3f058172 f10:3f058172
13959593ns          236571 1c0087d8 1c0007b7 lui              x15, 0x1c000000     x15=1c000000
13959613ns          236572 1c0087dc 1c000737 lui              x14, 0x1c000000     x14=1c000000
13959633ns          236573 1c0087e0 13472703 lw               x14, 308(x14)       x14=bab59551 x14:1c000000  PA:1c000134
13959951ns          236589 1c0087e4 1307a783 lw               x15, 304(x15)       x15=37c23ab1 x15:1c000000  PA:1c000130
13960289ns          236606 1c0087e8 70f577c3 fmadd.s          f15, f10, f15, f14  f15=xxxxxxxx f10:3e8b3f84 f15:37c23ab1 f14:bab59551
13960309ns          236607 1c0087ec 1c000737 lui              x14, 0x1c000000     x14=1c000000
13960329ns          236608 1c0087f0 13872703 lw               x14, 312(x14)       x14=3d2aa76f x14:1c000000  PA:1c000138
13960647ns          236624 1c0087f4 70f577c3 fmadd.s          f15, f10, f15, f14  f15=xxxxxxxx f10:3e8b3f84 f15:bab4c205 f14:3d2aa76f
13960667ns          236625 1c0087f8 1c000737 lui              x14, 0x1c000000     x14=1c000000
13960687ns          236626 1c0087fc 13c72703 lw               x14, 316(x14)       x14=beffffe0 x14:1c000000  PA:1c00013c
13961006ns          236642 1c008800 70f577c3 fmadd.s          f15, f10, f15, f14  f15=xxxxxxxx f10:3e8b3f84 f15:3d291e26 f14:beffffe0
13961025ns          236643 1c008804 1c000737 lui              x14, 0x1c000000     x14=1c000000
13961045ns          236644 1c008808 16872703 lw               x14, 360(x14)       x14=3f7fffff x14:1c000000  PA:1c000168
13961364ns          236660 1c00880c 70f57543 fmadd.s          f10, f10, f15, f14  f10=xxxxxxxx f10:3e8b3f84 f15:befa400b f14:3f7fffff
13961383ns          236661 1c008810 00008067 jalr             x0, x1, 0            x1:1c0081de
13961443ns          236664 1c0081de 016a7a53 fadd.s           f20, f20, f22       f20=xxxxxxxx f20:3f864f22 f22:3e533fc3
13961463ns          236665 1c0081e2 10acf553 fmul.s           f10, f25, f10       f10=xxxxxxxx f25:3f800000 f10:3f5df848
13961483ns          236666 1c0081e6 a14a97d3 flt.s            x15, f21, f20       x15=00000000 f21:40c90fdb f20:3fa0b71a
13961503ns          236667 1c0081ea 00a4222b p.sw             x10, 4(x8!)          x8=10000db0 x10:3f5df848  x8:10000dac  PA:10000dac
13961523ns          236668 1c0081ee 00078363 beq              x15, x0, 6          x15:00000000
13961582ns          236671 1c0081f4 ff7412e3 bne              x8, x23, -28         x8:10000db0 x23:10000fc8
13961642ns          236674 1c0081d8 094c7553 fsub.s           f10, f24, f20       f10=xxxxxxxx f24:3fc90fdb f20:3fa0b71a
13961662ns          236675 1c0081dc 57c000ef jal              x1, 1404             x1=1c0081de
13961702ns          236677 1c008758 a0a527d3 feq.s            x15, f10, f10       x15=00000001 f10:3ea16304 f10:3ea16304
13961722ns          236678 1c00875c 0a078b63 beq              x15, x0, 182        x15:00000001
13961741ns          236679 1c00875e e00517d3 fclass.s         x15, f10            x15=00000040 f10:3ea16304
13961761ns          236680 1c008762 0817f793 andi             x15, x15, 129       x15=00000000 x15:00000040
13961781ns          236681 1c008766 0a079663 bne              x15, x0, 172        x15:00000000
13961801ns          236682 1c008768 00000793 addi             x15, x0, 0          x15=00000000
13961821ns          236683 1c00876c a0f517d3 flt.s            x15, f10, f15       x15=00000000 f10:3ea16304 f15:00000000
13961841ns          236684 1c008770 0a079663 bne              x15, x0, 172        x15:00000000
13961861ns          236685 1c008772 1c000737 lui              x14, 0x1c000000     x14=1c000000
13961881ns          236686 1c008776 02072783 lw               x15, 32(x14)        x15=40c90fdb x14:1c000000  PA:1c000020
13962219ns          236703 1c00877a a0a797d3 flt.s            x15, f15, f10       x15=00000000 f15:40c90fdb f10:3ea16304
13962239ns          236704 1c00877e 00078b63 beq              x15, x0, 22         x15:00000000
13962298ns          236707 1c008794 00000793 addi             x15, x0, 0          x15=00000000
13962318ns          236708 1c008798 a0f517d3 flt.s            x15, f10, f15       x15=00000000 f10:3ea16304 f15:00000000
13962338ns          236709 1c00879c 08079a63 bne              x15, x0, 148        x15:00000000
13962358ns          236710 1c00879e 1c0007b7 lui              x15, 0x1c000000     x15=1c000000
13962378ns          236711 1c0087a2 01c7a783 lw               x15, 28(x15)        x15=3fc90fdb x15:1c000000  PA:1c00001c
13962716ns          236728 1c0087a6 a0f517d3 flt.s            x15, f10, f15       x15=00000001 f10:3ea16304 f15:3fc90fdb
13962736ns          236729 1c0087aa 02079563 bne              x15, x0, 42         x15:00000001
13962796ns          236732 1c0087d4 10a57553 fmul.s           f10, f10, f10       f10=xxxxxxxx f10:3ea16304 f10:3ea16304
13962816ns          236733 1c0087d8 1c0007b7 lui              x15, 0x1c000000     x15=1c000000
13962835ns          236734 1c0087dc 1c000737 lui              x14, 0x1c000000     x14=1c000000
13962855ns          236735 1c0087e0 13472703 lw               x14, 308(x14)       x14=bab59551 x14:1c000000  PA:1c000134
13963174ns          236751 1c0087e4 1307a783 lw               x15, 304(x15)       x15=37c23ab1 x15:1c000000  PA:1c000130
13963532ns          236769 1c0087e8 70f577c3 fmadd.s          f15, f10, f15, f14  f15=xxxxxxxx f10:3dcb7b63 f15:37c23ab1 f14:bab59551
13963552ns          236770 1c0087ec 1c000737 lui              x14, 0x1c000000     x14=1c000000
13963571ns          236771 1c0087f0 13872703 lw               x14, 312(x14)       x14=3d2aa76f x14:1c000000  PA:1c000138
13963890ns          236787 1c0087f4 70f577c3 fmadd.s          f15, f10, f15, f14  f15=xxxxxxxx f10:3dcb7b63 f15:bab54820 f14:3d2aa76f
13963910ns          236788 1c0087f8 1c000737 lui              x14, 0x1c000000     x14=1c000000
13963929ns          236789 1c0087fc 13c72703 lw               x14, 316(x14)       x14=beffffe0 x14:1c000000  PA:1c00013c
13964248ns          236805 1c008800 70f577c3 fmadd.s          f15, f10, f15, f14  f15=xxxxxxxx f10:3dcb7b63 f15:3d2a1757 f14:beffffe0
13964268ns          236806 1c008804 1c000737 lui              x14, 0x1c000000     x14=1c000000
13964287ns          236807 1c008808 16872703 lw               x14, 360(x14)       x14=3f7fffff x14:1c000000  PA:1c000168
13964606ns          236823 1c00880c 70f57543 fmadd.s          f10, f10, f15, f14  f10=xxxxxxxx f10:3dcb7b63 f15:befde316 f14:3f7fffff
13964626ns          236824 1c008810 00008067 jalr             x0, x1, 0            x1:1c0081de
13964685ns          236827 1c0081de 016a7a53 fadd.s           f20, f20, f22       f20=xxxxxxxx f20:3fa0b71a f22:3e533fc3
13964705ns          236828 1c0081e2 10acf553 fmul.s           f10, f25, f10       f10=xxxxxxxx f25:3f800000 f10:3f736328
13964725ns          236829 1c0081e6 a14a97d3 flt.s            x15, f21, f20       x15=00000000 f21:40c90fdb f20:3fbb1f12
13964745ns          236830 1c0081ea 00a4222b p.sw             x10, 4(x8!)          x8=10000db4 x10:3f736328  x8:10000db0  PA:10000db0
13964765ns          236831 1c0081ee 00078363 beq              x15, x0, 6          x15:00000000
13964825ns          236834 1c0081f4 ff7412e3 bne              x8, x23, -28         x8:10000db4 x23:10000fc8
13964884ns          236837 1c0081d8 094c7553 fsub.s           f10, f24, f20       f10=xxxxxxxx f24:3fc90fdb f20:3fbb1f12
13964904ns          236838 1c0081dc 57c000ef jal              x1, 1404             x1=1c0081de
13964944ns          236840 1c008758 a0a527d3 feq.s            x15, f10, f10       x15=00000001 f10:3ddf0c90 f10:3ddf0c90
13964964ns          236841 1c00875c 0a078b63 beq              x15, x0, 182        x15:00000001
13964984ns          236842 1c00875e e00517d3 fclass.s         x15, f10            x15=00000040 f10:3ddf0c90
13965004ns          236843 1c008762 0817f793 andi             x15, x15, 129       x15=00000000 x15:00000040
13965023ns          236844 1c008766 0a079663 bne              x15, x0, 172        x15:00000000
13965043ns          236845 1c008768 00000793 addi             x15, x0, 0          x15=00000000
13965063ns          236846 1c00876c a0f517d3 flt.s            x15, f10, f15       x15=00000000 f10:3ddf0c90 f15:00000000
13965083ns          236847 1c008770 0a079663 bne              x15, x0, 172        x15:00000000
13965103ns          236848 1c008772 1c000737 lui              x14, 0x1c000000     x14=1c000000
13965123ns          236849 1c008776 02072783 lw               x15, 32(x14)        x15=40c90fdb x14:1c000000  PA:1c000020
13965461ns          236866 1c00877a a0a797d3 flt.s            x15, f15, f10       x15=00000000 f15:40c90fdb f10:3ddf0c90
13965481ns          236867 1c00877e 00078b63 beq              x15, x0, 22         x15:00000000
13965541ns          236870 1c008794 00000793 addi             x15, x0, 0          x15=00000000
13965560ns          236871 1c008798 a0f517d3 flt.s            x15, f10, f15       x15=00000000 f10:3ddf0c90 f15:00000000
13965580ns          236872 1c00879c 08079a63 bne              x15, x0, 148        x15:00000000
13965600ns          236873 1c00879e 1c0007b7 lui              x15, 0x1c000000     x15=1c000000
13965620ns          236874 1c0087a2 01c7a783 lw               x15, 28(x15)        x15=3fc90fdb x15:1c000000  PA:1c00001c
13965958ns          236891 1c0087a6 a0f517d3 flt.s            x15, f10, f15       x15=00000001 f10:3ddf0c90 f15:3fc90fdb
13965978ns          236892 1c0087aa 02079563 bne              x15, x0, 42         x15:00000001
13966038ns          236895 1c0087d4 10a57553 fmul.s           f10, f10, f10       f10=xxxxxxxx f10:3ddf0c90 f10:3ddf0c90
13966058ns          236896 1c0087d8 1c0007b7 lui              x15, 0x1c000000     x15=1c000000
13966078ns          236897 1c0087dc 1c000737 lui              x14, 0x1c000000     x14=1c000000
13966098ns          236898 1c0087e0 13472703 lw               x14, 308(x14)       x14=bab59551 x14:1c000000  PA:1c000134
13966396ns          236913 1c0087e4 1307a783 lw               x15, 304(x15)       x15=37c23ab1 x15:1c000000  PA:1c000130
13966714ns          236929 1c0087e8 70f577c3 fmadd.s          f15, f10, f15, f14  f15=xxxxxxxx f10:3c4256e3 f15:37c23ab1 f14:bab59551
13966734ns          236930 1c0087ec 1c000737 lui              x14, 0x1c000000     x14=1c000000
13966754ns          236931 1c0087f0 13872703 lw               x14, 312(x14)       x14=3d2aa76f x14:1c000000  PA:1c000138
13967112ns          236949 1c0087f4 70f577c3 fmadd.s          f15, f10, f15, f14  f15=xxxxxxxx f10:3c4256e3 f15:bab58c1a f14:3d2aa76f
13967132ns          236950 1c0087f8 1c000737 lui              x14, 0x1c000000     x14=1c000000
13967152ns          236951 1c0087fc 13c72703 lw               x14, 316(x14)       x14=beffffe0 x14:1c000000  PA:1c00013c
13967470ns          236967 1c008800 70f577c3 fmadd.s          f15, f10, f15, f14  f15=xxxxxxxx f10:3c4256e3 f15:3d2a9635 f14:beffffe0
13967490ns          236968 1c008804 1c000737 lui              x14, 0x1c000000     x14=1c000000
13967510ns          236969 1c008808 16872703 lw               x14, 360(x14)       x14=3f7fffff x14:1c000000  PA:1c000168
13967828ns          236985 1c00880c 70f57543 fmadd.s          f10, f10, f15, f14  f10=xxxxxxxx f10:3c4256e3 f15:beffbf20 f14:3f7fffff
13967848ns          236986 1c008810 00008067 jalr             x0, x1, 0            x1:1c0081de
13967908ns          236989 1c0081de 016a7a53 fadd.s           f20, f20, f22       f20=xxxxxxxx f20:3fbb1f12 f22:3e533fc3
13967927ns          236990 1c0081e2 10acf553 fmul.s           f10, f25, f10       f10=xxxxxxxx f25:3f800000 f10:3f7e7bb4
13967947ns          236991 1c0081e6 a14a97d3 flt.s            x15, f21, f20       x15=00000000 f21:40c90fdb f20:3fd5870a
13967967ns          236992 1c0081ea 00a4222b p.sw             x10, 4(x8!)          x8=10000db8 x10:3f7e7bb4  x8:10000db4  PA:10000db4
13967987ns          236993 1c0081ee 00078363 beq              x15, x0, 6          x15:00000000
13968047ns          236996 1c0081f4 ff7412e3 bne              x8, x23, -28         x8:10000db8 x23:10000fc8
13968106ns          236999 1c0081d8 094c7553 fsub.s           f10, f24, f20       f10=xxxxxxxx f24:3fc90fdb f20:3fd5870a
13968126ns          237000 1c0081dc 57c000ef jal              x1, 1404             x1=1c0081de
13968166ns          237002 1c008758 a0a527d3 feq.s            x15, f10, f10       x15=00000001 f10:bdc772f0 f10:bdc772f0
13968186ns          237003 1c00875c 0a078b63 beq              x15, x0, 182        x15:00000001
13968206ns          237004 1c00875e e00517d3 fclass.s         x15, f10            x15=00000002 f10:bdc772f0
13968226ns          237005 1c008762 0817f793 andi             x15, x15, 129       x15=00000000 x15:00000002
13968246ns          237006 1c008766 0a079663 bne              x15, x0, 172        x15:00000000
13968266ns          237007 1c008768 00000793 addi             x15, x0, 0          x15=00000000
13968286ns          237008 1c00876c a0f517d3 flt.s            x15, f10, f15       x15=00000001 f10:bdc772f0 f15:00000000
13968305ns          237009 1c008770 0a079663 bne              x15, x0, 172        x15:00000001
13968365ns          237012 1c00881c 1c0007b7 lui              x15, 0x1c000000     x15=1c000000
13968385ns          237013 1c008820 12c7a783 lw               x15, 300(x15)       x15=c0c90fdb x15:1c000000  PA:1c00012c
13968723ns          237030 1c008824 a0f517d3 flt.s            x15, f10, f15       x15=00000000 f10:bdc772f0 f15:c0c90fdb
13968743ns          237031 1c008828 00078463 beq              x15, x0, 8          x15:00000000
13968803ns          237034 1c008830 20a51553 fsgnjn.s         f10, f10, f10       f10=xxxxxxxx f10:bdc772f0 f10:bdc772f0
13968823ns          237035 1c008834 f6bff06f jal              x0, -150           
13968882ns          237038 1c00879e 1c0007b7 lui              x15, 0x1c000000     x15=1c000000
13968902ns          237039 1c0087a2 01c7a783 lw               x15, 28(x15)        x15=3fc90fdb x15:1c000000  PA:1c00001c
13969220ns          237055 1c0087a6 a0f517d3 flt.s            x15, f10, f15       x15=00000001 f10:3dc772f0 f15:3fc90fdb
13969240ns          237056 1c0087aa 02079563 bne              x15, x0, 42         x15:00000001
13969300ns          237059 1c0087d4 10a57553 fmul.s           f10, f10, f10       f10=xxxxxxxx f10:3dc772f0 f10:3dc772f0
13969320ns          237060 1c0087d8 1c0007b7 lui              x15, 0x1c000000     x15=1c000000
13969340ns          237061 1c0087dc 1c000737 lui              x14, 0x1c000000     x14=1c000000
13969360ns          237062 1c0087e0 13472703 lw               x14, 308(x14)       x14=bab59551 x14:1c000000  PA:1c000134
13969678ns          237078 1c0087e4 1307a783 lw               x15, 304(x15)       x15=37c23ab1 x15:1c000000  PA:1c000130
13969996ns          237094 1c0087e8 70f577c3 fmadd.s          f15, f10, f15, f14  f15=xxxxxxxx f10:3c1b63e5 f15:37c23ab1 f14:bab59551
13970016ns          237095 1c0087ec 1c000737 lui              x14, 0x1c000000     x14=1c000000
13970036ns          237096 1c0087f0 13872703 lw               x14, 312(x14)       x14=3d2aa76f x14:1c000000  PA:1c000138
13970354ns          237112 1c0087f4 70f577c3 fmadd.s          f15, f10, f15, f14  f15=xxxxxxxx f10:3c1b63e5 f15:bab58df3 f14:3d2aa76f
13970374ns          237113 1c0087f8 1c000737 lui              x14, 0x1c000000     x14=1c000000
13970394ns          237114 1c0087fc 13c72703 lw               x14, 316(x14)       x14=beffffe0 x14:1c000000  PA:1c00013c
13970712ns          237130 1c008800 70f577c3 fmadd.s          f15, f10, f15, f14  f15=xxxxxxxx f10:3c1b63e5 f15:3d2a99a9 f14:beffffe0
13970732ns          237131 1c008804 1c000737 lui              x14, 0x1c000000     x14=1c000000
13970752ns          237132 1c008808 16872703 lw               x14, 360(x14)       x14=3f7fffff x14:1c000000  PA:1c000168
13971070ns          237148 1c00880c 70f57543 fmadd.s          f10, f10, f15, f14  f10=xxxxxxxx f10:3c1b63e5 f15:beffcc19 f14:3f7fffff
13971090ns          237149 1c008810 00008067 jalr             x0, x1, 0            x1:1c0081de
13971150ns          237152 1c0081de 016a7a53 fadd.s           f20, f20, f22       f20=xxxxxxxx f20:3fd5870a f22:3e533fc3
13971170ns          237153 1c0081e2 10acf553 fmul.s           f10, f25, f10       f10=xxxxxxxx f25:3f800000 f10:3f7ec976
13971190ns          237154 1c0081e6 a14a97d3 flt.s            x15, f21, f20       x15=00000000 f21:40c90fdb f20:3fefef02
13971209ns          237155 1c0081ea 00a4222b p.sw             x10, 4(x8!)          x8=10000dbc x10:3f7ec976  x8:10000db8  PA:10000db8
13971229ns          237156 1c0081ee 00078363 beq              x15, x0, 6          x15:00000000
13971289ns          237159 1c0081f4 ff7412e3 bne              x8, x23, -28         x8:10000dbc x23:10000fc8
13971349ns          237162 1c0081d8 094c7553 fsub.s           f10, f24, f20       f10=xxxxxxxx f24:3fc90fdb f20:3fefef02
13971369ns          237163 1c0081dc 57c000ef jal              x1, 1404             x1=1c0081de
13971408ns          237165 1c008758 a0a527d3 feq.s            x15, f10, f10       x15=00000001 f10:be9b7c9c f10:be9b7c9c
13971428ns          237166 1c00875c 0a078b63 beq              x15, x0, 182        x15:00000001
13971448ns          237167 1c00875e e00517d3 fclass.s         x15, f10            x15=00000002 f10:be9b7c9c
13971468ns          237168 1c008762 0817f793 andi             x15, x15, 129       x15=00000000 x15:00000002
13971488ns          237169 1c008766 0a079663 bne              x15, x0, 172        x15:00000000
13971508ns          237170 1c008768 00000793 addi             x15, x0, 0          x15=00000000
13971528ns          237171 1c00876c a0f517d3 flt.s            x15, f10, f15       x15=00000001 f10:be9b7c9c f15:00000000
13971548ns          237172 1c008770 0a079663 bne              x15, x0, 172        x15:00000001
13971607ns          237175 1c00881c 1c0007b7 lui              x15, 0x1c000000     x15=1c000000
13971627ns          237176 1c008820 12c7a783 lw               x15, 300(x15)       x15=c0c90fdb x15:1c000000  PA:1c00012c
13971945ns          237192 1c008824 a0f517d3 flt.s            x15, f10, f15       x15=00000000 f10:be9b7c9c f15:c0c90fdb
13971965ns          237193 1c008828 00078463 beq              x15, x0, 8          x15:00000000
13972025ns          237196 1c008830 20a51553 fsgnjn.s         f10, f10, f10       f10=xxxxxxxx f10:be9b7c9c f10:be9b7c9c
13972045ns          237197 1c008834 f6bff06f jal              x0, -150           
13972105ns          237200 1c00879e 1c0007b7 lui              x15, 0x1c000000     x15=1c000000
13972124ns          237201 1c0087a2 01c7a783 lw               x15, 28(x15)        x15=3fc90fdb x15:1c000000  PA:1c00001c
13972443ns          237217 1c0087a6 a0f517d3 flt.s            x15, f10, f15       x15=00000001 f10:3e9b7c9c f15:3fc90fdb
13972463ns          237218 1c0087aa 02079563 bne              x15, x0, 42         x15:00000001
13972522ns          237221 1c0087d4 10a57553 fmul.s           f10, f10, f10       f10=xxxxxxxx f10:3e9b7c9c f10:3e9b7c9c
13972542ns          237222 1c0087d8 1c0007b7 lui              x15, 0x1c000000     x15=1c000000
13972562ns          237223 1c0087dc 1c000737 lui              x14, 0x1c000000     x14=1c000000
13972582ns          237224 1c0087e0 13472703 lw               x14, 308(x14)       x14=bab59551 x14:1c000000  PA:1c000134
13972900ns          237240 1c0087e4 1307a783 lw               x15, 304(x15)       x15=37c23ab1 x15:1c000000  PA:1c000130
13973238ns          237257 1c0087e8 70f577c3 fmadd.s          f15, f10, f15, f14  f15=xxxxxxxx f10:3dbce043 f15:37c23ab1 f14:bab59551
13973258ns          237258 1c0087ec 1c000737 lui              x14, 0x1c000000     x14=1c000000
13973278ns          237259 1c0087f0 13872703 lw               x14, 312(x14)       x14=3d2aa76f x14:1c000000  PA:1c000138
13973616ns          237276 1c0087f4 70f577c3 fmadd.s          f15, f10, f15, f14  f15=xxxxxxxx f10:3dbce043 f15:bab54daa f14:3d2aa76f
13973636ns          237277 1c0087f8 1c000737 lui              x14, 0x1c000000     x14=1c000000
13973656ns          237278 1c0087fc 13c72703 lw               x14, 316(x14)       x14=beffffe0 x14:1c000000  PA:1c00013c
13973974ns          237294 1c008800 70f577c3 fmadd.s          f15, f10, f15, f14  f15=xxxxxxxx f10:3dbce043 f15:3d2a21ab f14:beffffe0
13973994ns          237295 1c008804 1c000737 lui              x14, 0x1c000000     x14=1c000000
13974014ns          237296 1c008808 16872703 lw               x14, 360(x14)       x14=3f7fffff x14:1c000000  PA:1c000168
13974332ns          237312 1c00880c 70f57543 fmadd.s          f10, f10, f15, f14  f10=xxxxxxxx f10:3dbce043 f15:befe09c9 f14:3f7fffff
13974352ns          237313 1c008810 00008067 jalr             x0, x1, 0            x1:1c0081de
13974412ns          237316 1c0081de 016a7a53 fadd.s           f20, f20, f22       f20=xxxxxxxx f20:3fefef02 f22:3e533fc3
13974432ns          237317 1c0081e2 10acf553 fmul.s           f10, f25, f10       f10=xxxxxxxx f25:3f800000 f10:3f744923
13974452ns          237318 1c0081e6 a14a97d3 flt.s            x15, f21, f20       x15=00000000 f21:40c90fdb f20:40052b7d
13974472ns          237319 1c0081ea 00a4222b p.sw             x10, 4(x8!)          x8=10000dc0 x10:3f744923  x8:10000dbc  PA:10000dbc
13974491ns          237320 1c0081ee 00078363 beq              x15, x0, 6          x15:00000000
13974551ns          237323 1c0081f4 ff7412e3 bne              x8, x23, -28         x8:10000dc0 x23:10000fc8
13974611ns          237326 1c0081d8 094c7553 fsub.s           f10, f24, f20       f10=xxxxxxxx f24:3fc90fdb f20:40052b7d
13974631ns          237327 1c0081dc 57c000ef jal              x1, 1404             x1=1c0081de
13974670ns          237329 1c008758 a0a527d3 feq.s            x15, f10, f10       x15=00000001 f10:bf028e3e f10:bf028e3e
13974690ns          237330 1c00875c 0a078b63 beq              x15, x0, 182        x15:00000001
13974710ns          237331 1c00875e e00517d3 fclass.s         x15, f10            x15=00000002 f10:bf028e3e
13974730ns          237332 1c008762 0817f793 andi             x15, x15, 129       x15=00000000 x15:00000002
13974750ns          237333 1c008766 0a079663 bne              x15, x0, 172        x15:00000000
13974770ns          237334 1c008768 00000793 addi             x15, x0, 0          x15=00000000
13974790ns          237335 1c00876c a0f517d3 flt.s            x15, f10, f15       x15=00000001 f10:bf028e3e f15:00000000
13974810ns          237336 1c008770 0a079663 bne              x15, x0, 172        x15:00000001
13974869ns          237339 1c00881c 1c0007b7 lui              x15, 0x1c000000     x15=1c000000
13974889ns          237340 1c008820 12c7a783 lw               x15, 300(x15)       x15=c0c90fdb x15:1c000000  PA:1c00012c
13975207ns          237356 1c008824 a0f517d3 flt.s            x15, f10, f15       x15=00000000 f10:bf028e3e f15:c0c90fdb
13975227ns          237357 1c008828 00078463 beq              x15, x0, 8          x15:00000000
13975287ns          237360 1c008830 20a51553 fsgnjn.s         f10, f10, f10       f10=xxxxxxxx f10:bf028e3e f10:bf028e3e
13975307ns          237361 1c008834 f6bff06f jal              x0, -150           
13975367ns          237364 1c00879e 1c0007b7 lui              x15, 0x1c000000     x15=1c000000
13975387ns          237365 1c0087a2 01c7a783 lw               x15, 28(x15)        x15=3fc90fdb x15:1c000000  PA:1c00001c
13975725ns          237382 1c0087a6 a0f517d3 flt.s            x15, f10, f15       x15=00000001 f10:3f028e3e f15:3fc90fdb
13975745ns          237383 1c0087aa 02079563 bne              x15, x0, 42         x15:00000001
13975804ns          237386 1c0087d4 10a57553 fmul.s           f10, f10, f10       f10=xxxxxxxx f10:3f028e3e f10:3f028e3e
13975824ns          237387 1c0087d8 1c0007b7 lui              x15, 0x1c000000     x15=1c000000
13975844ns          237388 1c0087dc 1c000737 lui              x14, 0x1c000000     x14=1c000000
13975864ns          237389 1c0087e0 13472703 lw               x14, 308(x14)       x14=bab59551 x14:1c000000  PA:1c000134
13976162ns          237404 1c0087e4 1307a783 lw               x15, 304(x15)       x15=37c23ab1 x15:1c000000  PA:1c000130
13976500ns          237421 1c0087e8 70f577c3 fmadd.s          f15, f10, f15, f14  f15=xxxxxxxx f10:3e85298c f15:37c23ab1 f14:bab59551
13976520ns          237422 1c0087ec 1c000737 lui              x14, 0x1c000000     x14=1c000000
13976540ns          237423 1c0087f0 13872703 lw               x14, 312(x14)       x14=3d2aa76f x14:1c000000  PA:1c000138
13976858ns          237439 1c0087f4 70f577c3 fmadd.s          f15, f10, f15, f14  f15=xxxxxxxx f10:3e85298c f15:bab4cb41 f14:3d2aa76f
13976878ns          237440 1c0087f8 1c000737 lui              x14, 0x1c000000     x14=1c000000
13976898ns          237441 1c0087fc 13c72703 lw               x14, 316(x14)       x14=beffffe0 x14:1c000000  PA:1c00013c
13977216ns          237457 1c008800 70f577c3 fmadd.s          f15, f10, f15, f14  f15=xxxxxxxx f10:3e85298c f15:3d292f43 f14:beffffe0
13977236ns          237458 1c008804 1c000737 lui              x14, 0x1c000000     x14=1c000000
13977256ns          237459 1c008808 16872703 lw               x14, 360(x14)       x14=3f7fffff x14:1c000000  PA:1c000168
13977614ns          237477 1c00880c 70f57543 fmadd.s          f10, f10, f15, f14  f10=xxxxxxxx f10:3e85298c f15:befa7fd0 f14:3f7fffff
13977634ns          237478 1c008810 00008067 jalr             x0, x1, 0            x1:1c0081de
13977694ns          237481 1c0081de 016a7a53 fadd.s           f20, f20, f22       f20=xxxxxxxx f20:40052b7d f22:3e533fc3
13977714ns          237482 1c0081e2 10acf553 fmul.s           f10, f25, f10       f10=xxxxxxxx f25:3f800000 f10:3f5f6cbb
13977734ns          237483 1c0081e6 a14a97d3 flt.s            x15, f21, f20       x15=00000000 f21:40c90fdb f20:40125f79
13977754ns          237484 1c0081ea 00a4222b p.sw             x10, 4(x8!)          x8=10000dc4 x10:3f5f6cbb  x8:10000dc0  PA:10000dc0
13977773ns          237485 1c0081ee 00078363 beq              x15, x0, 6          x15:00000000
13977833ns          237488 1c0081f4 ff7412e3 bne              x8, x23, -28         x8:10000dc4 x23:10000fc8
13977893ns          237491 1c0081d8 094c7553 fsub.s           f10, f24, f20       f10=xxxxxxxx f24:3fc90fdb f20:40125f79
13977913ns          237492 1c0081dc 57c000ef jal              x1, 1404             x1=1c0081de
13977952ns          237494 1c008758 a0a527d3 feq.s            x15, f10, f10       x15=00000001 f10:bf375e2e f10:bf375e2e
13977972ns          237495 1c00875c 0a078b63 beq              x15, x0, 182        x15:00000001
13977992ns          237496 1c00875e e00517d3 fclass.s         x15, f10            x15=00000002 f10:bf375e2e
13978012ns          237497 1c008762 0817f793 andi             x15, x15, 129       x15=00000000 x15:00000002
13978032ns          237498 1c008766 0a079663 bne              x15, x0, 172        x15:00000000
13978052ns          237499 1c008768 00000793 addi             x15, x0, 0          x15=00000000
13978072ns          237500 1c00876c a0f517d3 flt.s            x15, f10, f15       x15=00000001 f10:bf375e2e f15:00000000
13978092ns          237501 1c008770 0a079663 bne              x15, x0, 172        x15:00000001
13978151ns          237504 1c00881c 1c0007b7 lui              x15, 0x1c000000     x15=1c000000
13978171ns          237505 1c008820 12c7a783 lw               x15, 300(x15)       x15=c0c90fdb x15:1c000000  PA:1c00012c
13978509ns          237522 1c008824 a0f517d3 flt.s            x15, f10, f15       x15=00000000 f10:bf375e2e f15:c0c90fdb
13978529ns          237523 1c008828 00078463 beq              x15, x0, 8          x15:00000000
13978589ns          237526 1c008830 20a51553 fsgnjn.s         f10, f10, f10       f10=xxxxxxxx f10:bf375e2e f10:bf375e2e
13978609ns          237527 1c008834 f6bff06f jal              x0, -150           
13978668ns          237530 1c00879e 1c0007b7 lui              x15, 0x1c000000     x15=1c000000
13978688ns          237531 1c0087a2 01c7a783 lw               x15, 28(x15)        x15=3fc90fdb x15:1c000000  PA:1c00001c
13979027ns          237548 1c0087a6 a0f517d3 flt.s            x15, f10, f15       x15=00000001 f10:3f375e2e f15:3fc90fdb
13979046ns          237549 1c0087aa 02079563 bne              x15, x0, 42         x15:00000001
13979106ns          237552 1c0087d4 10a57553 fmul.s           f10, f10, f10       f10=xxxxxxxx f10:3f375e2e f10:3f375e2e
13979126ns          237553 1c0087d8 1c0007b7 lui              x15, 0x1c000000     x15=1c000000
13979146ns          237554 1c0087dc 1c000737 lui              x14, 0x1c000000     x14=1c000000
13979166ns          237555 1c0087e0 13472703 lw               x14, 308(x14)       x14=bab59551 x14:1c000000  PA:1c000134
13979464ns          237570 1c0087e4 1307a783 lw               x15, 304(x15)       x15=37c23ab1 x15:1c000000  PA:1c000130
13979782ns          237586 1c0087e8 70f577c3 fmadd.s          f15, f10, f15, f14  f15=xxxxxxxx f10:3f0357c8 f15:37c23ab1 f14:bab59551
13979802ns          237587 1c0087ec 1c000737 lui              x14, 0x1c000000     x14=1c000000
13979822ns          237588 1c0087f0 13872703 lw               x14, 312(x14)       x14=3d2aa76f x14:1c000000  PA:1c000138
13980140ns          237604 1c0087f4 70f577c3 fmadd.s          f15, f10, f15, f14  f15=xxxxxxxx f10:3f0357c8 f15:bab406b6 f14:3d2aa76f
13980160ns          237605 1c0087f8 1c000737 lui              x14, 0x1c000000     x14=1c000000
13980180ns          237606 1c0087fc 13c72703 lw               x14, 316(x14)       x14=beffffe0 x14:1c000000  PA:1c00013c
13980498ns          237622 1c008800 70f577c3 fmadd.s          f15, f10, f15, f14  f15=xxxxxxxx f10:3f0357c8 f15:3d27c486 f14:beffffe0
13980518ns          237623 1c008804 1c000737 lui              x14, 0x1c000000     x14=1c000000
13980538ns          237624 1c008808 16872703 lw               x14, 360(x14)       x14=3f7fffff x14:1c000000  PA:1c000168
13980876ns          237641 1c00880c 70f57543 fmadd.s          f10, f10, f15, f14  f10=xxxxxxxx f10:3f0357c8 f15:bef53d7d f14:3f7fffff
13980896ns          237642 1c008810 00008067 jalr             x0, x1, 0            x1:1c0081de
13980956ns          237645 1c0081de 016a7a53 fadd.s           f20, f20, f22       f20=xxxxxxxx f20:40125f79 f22:3e533fc3
13980976ns          237646 1c0081e2 10acf553 fmul.s           f10, f25, f10       f10=xxxxxxxx f25:3f800000 f10:3f4116b8
13980996ns          237647 1c0081e6 a14a97d3 flt.s            x15, f21, f20       x15=00000000 f21:40c90fdb f20:401f9375
13981016ns          237648 1c0081ea 00a4222b p.sw             x10, 4(x8!)          x8=10000dc8 x10:3f4116b8  x8:10000dc4  PA:10000dc4
13981035ns          237649 1c0081ee 00078363 beq              x15, x0, 6          x15:00000000
13981095ns          237652 1c0081f4 ff7412e3 bne              x8, x23, -28         x8:10000dc8 x23:10000fc8
13981155ns          237655 1c0081d8 094c7553 fsub.s           f10, f24, f20       f10=xxxxxxxx f24:3fc90fdb f20:401f9375
13981175ns          237656 1c0081dc 57c000ef jal              x1, 1404             x1=1c0081de
13981215ns          237658 1c008758 a0a527d3 feq.s            x15, f10, f10       x15=00000001 f10:bf6c2e1e f10:bf6c2e1e
13981234ns          237659 1c00875c 0a078b63 beq              x15, x0, 182        x15:00000001
13981254ns          237660 1c00875e e00517d3 fclass.s         x15, f10            x15=00000002 f10:bf6c2e1e
13981274ns          237661 1c008762 0817f793 andi             x15, x15, 129       x15=00000000 x15:00000002
13981294ns          237662 1c008766 0a079663 bne              x15, x0, 172        x15:00000000
13981314ns          237663 1c008768 00000793 addi             x15, x0, 0          x15=00000000
13981334ns          237664 1c00876c a0f517d3 flt.s            x15, f10, f15       x15=00000001 f10:bf6c2e1e f15:00000000
13981354ns          237665 1c008770 0a079663 bne              x15, x0, 172        x15:00000001
13981413ns          237668 1c00881c 1c0007b7 lui              x15, 0x1c000000     x15=1c000000
13981433ns          237669 1c008820 12c7a783 lw               x15, 300(x15)       x15=c0c90fdb x15:1c000000  PA:1c00012c
13981752ns          237685 1c008824 a0f517d3 flt.s            x15, f10, f15       x15=00000000 f10:bf6c2e1e f15:c0c90fdb
13981771ns          237686 1c008828 00078463 beq              x15, x0, 8          x15:00000000
13981831ns          237689 1c008830 20a51553 fsgnjn.s         f10, f10, f10       f10=xxxxxxxx f10:bf6c2e1e f10:bf6c2e1e
13981851ns          237690 1c008834 f6bff06f jal              x0, -150           
13981911ns          237693 1c00879e 1c0007b7 lui              x15, 0x1c000000     x15=1c000000
13981931ns          237694 1c0087a2 01c7a783 lw               x15, 28(x15)        x15=3fc90fdb x15:1c000000  PA:1c00001c
13982269ns          237711 1c0087a6 a0f517d3 flt.s            x15, f10, f15       x15=00000001 f10:3f6c2e1e f15:3fc90fdb
13982289ns          237712 1c0087aa 02079563 bne              x15, x0, 42         x15:00000001
13982348ns          237715 1c0087d4 10a57553 fmul.s           f10, f10, f10       f10=xxxxxxxx f10:3f6c2e1e f10:3f6c2e1e
13982368ns          237716 1c0087d8 1c0007b7 lui              x15, 0x1c000000     x15=1c000000
13982388ns          237717 1c0087dc 1c000737 lui              x14, 0x1c000000     x14=1c000000
13982408ns          237718 1c0087e0 13472703 lw               x14, 308(x14)       x14=bab59551 x14:1c000000  PA:1c000134
13982706ns          237733 1c0087e4 1307a783 lw               x15, 304(x15)       x15=37c23ab1 x15:1c000000  PA:1c000130
13983044ns          237750 1c0087e8 70f577c3 fmadd.s          f15, f10, f15, f14  f15=xxxxxxxx f10:3f59e510 f15:37c23ab1 f14:bab59551
13983064ns          237751 1c0087ec 1c000737 lui              x14, 0x1c000000     x14=1c000000
13983084ns          237752 1c0087f0 13872703 lw               x14, 312(x14)       x14=3d2aa76f x14:1c000000  PA:1c000138
13983402ns          237768 1c0087f4 70f577c3 fmadd.s          f15, f10, f15, f14  f15=xxxxxxxx f10:3f59e510 f15:bab3000b f14:3d2aa76f
13983422ns          237769 1c0087f8 1c000737 lui              x14, 0x1c000000     x14=1c000000
13983442ns          237770 1c0087fc 13c72703 lw               x14, 316(x14)       x14=beffffe0 x14:1c000000  PA:1c00013c
13983761ns          237786 1c008800 70f577c3 fmadd.s          f15, f10, f15, f14  f15=xxxxxxxx f10:3f59e510 f15:3d25e495 f14:beffffe0
13983780ns          237787 1c008804 1c000737 lui              x14, 0x1c000000     x14=1c000000
13983800ns          237788 1c008808 16872703 lw               x14, 360(x14)       x14=3f7fffff x14:1c000000  PA:1c000168
13984138ns          237805 1c00880c 70f57543 fmadd.s          f10, f10, f15, f14  f10=xxxxxxxx f10:3f59e510 f15:beee597a f14:3f7fffff
13984158ns          237806 1c008810 00008067 jalr             x0, x1, 0            x1:1c0081de
13984218ns          237809 1c0081de 016a7a53 fadd.s           f20, f20, f22       f20=xxxxxxxx f20:401f9375 f22:3e533fc3
13984238ns          237810 1c0081e2 10acf553 fmul.s           f10, f25, f10       f10=xxxxxxxx f25:3f800000 f10:3f1a9070
13984258ns          237811 1c0081e6 a14a97d3 flt.s            x15, f21, f20       x15=00000000 f21:40c90fdb f20:402cc771
13984278ns          237812 1c0081ea 00a4222b p.sw             x10, 4(x8!)          x8=10000dcc x10:3f1a9070  x8:10000dc8  PA:10000dc8
13984298ns          237813 1c0081ee 00078363 beq              x15, x0, 6          x15:00000000
13984357ns          237816 1c0081f4 ff7412e3 bne              x8, x23, -28         x8:10000dcc x23:10000fc8
13984417ns          237819 1c0081d8 094c7553 fsub.s           f10, f24, f20       f10=xxxxxxxx f24:3fc90fdb f20:402cc771
13984437ns          237820 1c0081dc 57c000ef jal              x1, 1404             x1=1c0081de
13984477ns          237822 1c008758 a0a527d3 feq.s            x15, f10, f10       x15=00000001 f10:bf907f07 f10:bf907f07
13984496ns          237823 1c00875c 0a078b63 beq              x15, x0, 182        x15:00000001
13984516ns          237824 1c00875e e00517d3 fclass.s         x15, f10            x15=00000002 f10:bf907f07
13984536ns          237825 1c008762 0817f793 andi             x15, x15, 129       x15=00000000 x15:00000002
13984556ns          237826 1c008766 0a079663 bne              x15, x0, 172        x15:00000000
13984576ns          237827 1c008768 00000793 addi             x15, x0, 0          x15=00000000
13984596ns          237828 1c00876c a0f517d3 flt.s            x15, f10, f15       x15=00000001 f10:bf907f07 f15:00000000
13984616ns          237829 1c008770 0a079663 bne              x15, x0, 172        x15:00000001
13984675ns          237832 1c00881c 1c0007b7 lui              x15, 0x1c000000     x15=1c000000
13984695ns          237833 1c008820 12c7a783 lw               x15, 300(x15)       x15=c0c90fdb x15:1c000000  PA:1c00012c
13985014ns          237849 1c008824 a0f517d3 flt.s            x15, f10, f15       x15=00000000 f10:bf907f07 f15:c0c90fdb
13985034ns          237850 1c008828 00078463 beq              x15, x0, 8          x15:00000000
13985093ns          237853 1c008830 20a51553 fsgnjn.s         f10, f10, f10       f10=xxxxxxxx f10:bf907f07 f10:bf907f07
13985113ns          237854 1c008834 f6bff06f jal              x0, -150           
13985173ns          237857 1c00879e 1c0007b7 lui              x15, 0x1c000000     x15=1c000000
13985193ns          237858 1c0087a2 01c7a783 lw               x15, 28(x15)        x15=3fc90fdb x15:1c000000  PA:1c00001c
13985511ns          237874 1c0087a6 a0f517d3 flt.s            x15, f10, f15       x15=00000001 f10:3f907f07 f15:3fc90fdb
13985531ns          237875 1c0087aa 02079563 bne              x15, x0, 42         x15:00000001
13985590ns          237878 1c0087d4 10a57553 fmul.s           f10, f10, f10       f10=xxxxxxxx f10:3f907f07 f10:3f907f07
13985610ns          237879 1c0087d8 1c0007b7 lui              x15, 0x1c000000     x15=1c000000
13985630ns          237880 1c0087dc 1c000737 lui              x14, 0x1c000000     x14=1c000000
13985650ns          237881 1c0087e0 13472703 lw               x14, 308(x14)       x14=bab59551 x14:1c000000  PA:1c000134
13985968ns          237897 1c0087e4 1307a783 lw               x15, 304(x15)       x15=37c23ab1 x15:1c000000  PA:1c000130
13986287ns          237913 1c0087e8 70f577c3 fmadd.s          f15, f10, f15, f14  f15=xxxxxxxx f10:3fa31e4e f15:37c23ab1 f14:bab59551
13986307ns          237914 1c0087ec 1c000737 lui              x14, 0x1c000000     x14=1c000000
13986326ns          237915 1c0087f0 13872703 lw               x14, 312(x14)       x14=3d2aa76f x14:1c000000  PA:1c000138
13986645ns          237931 1c0087f4 70f577c3 fmadd.s          f15, f10, f15, f14  f15=xxxxxxxx f10:3fa31e4e f15:bab1b73e f14:3d2aa76f
13986665ns          237932 1c0087f8 1c000737 lui              x14, 0x1c000000     x14=1c000000
13986684ns          237933 1c0087fc 13c72703 lw               x14, 316(x14)       x14=beffffe0 x14:1c000000  PA:1c00013c
13987023ns          237950 1c008800 70f577c3 fmadd.s          f15, f10, f15, f14  f15=xxxxxxxx f10:3fa31e4e f15:3d2393a4 f14:beffffe0
13987042ns          237951 1c008804 1c000737 lui              x14, 0x1c000000     x14=1c000000
13987062ns          237952 1c008808 16872703 lw               x14, 360(x14)       x14=3f7fffff x14:1c000000  PA:1c000168
13987401ns          237969 1c00880c 70f57543 fmadd.s          f10, f10, f15, f14  f10=xxxxxxxx f10:3fa31e4e f15:bee5f148 f14:3f7fffff
13987420ns          237970 1c008810 00008067 jalr             x0, x1, 0            x1:1c0081de
13987480ns          237973 1c0081de 016a7a53 fadd.s           f20, f20, f22       f20=xxxxxxxx f20:402cc771 f22:3e533fc3
13987500ns          237974 1c0081e2 10acf553 fmul.s           f10, f25, f10       f10=xxxxxxxx f25:3f800000 f10:3edaf84c
13987520ns          237975 1c0081e6 a14a97d3 flt.s            x15, f21, f20       x15=00000000 f21:40c90fdb f20:4039fb6d
13987540ns          237976 1c0081ea 00a4222b p.sw             x10, 4(x8!)          x8=10000dd0 x10:3edaf84c  x8:10000dcc  PA:10000dcc
13987560ns          237977 1c0081ee 00078363 beq              x15, x0, 6          x15:00000000
13987619ns          237980 1c0081f4 ff7412e3 bne              x8, x23, -28         x8:10000dd0 x23:10000fc8
13987679ns          237983 1c0081d8 094c7553 fsub.s           f10, f24, f20       f10=xxxxxxxx f24:3fc90fdb f20:4039fb6d
13987699ns          237984 1c0081dc 57c000ef jal              x1, 1404             x1=1c0081de
13987739ns          237986 1c008758 a0a527d3 feq.s            x15, f10, f10       x15=00000001 f10:bfaae6ff f10:bfaae6ff
13987759ns          237987 1c00875c 0a078b63 beq              x15, x0, 182        x15:00000001
13987778ns          237988 1c00875e e00517d3 fclass.s         x15, f10            x15=00000002 f10:bfaae6ff
13987798ns          237989 1c008762 0817f793 andi             x15, x15, 129       x15=00000000 x15:00000002
13987818ns          237990 1c008766 0a079663 bne              x15, x0, 172        x15:00000000
13987838ns          237991 1c008768 00000793 addi             x15, x0, 0          x15=00000000
13987858ns          237992 1c00876c a0f517d3 flt.s            x15, f10, f15       x15=00000001 f10:bfaae6ff f15:00000000
13987878ns          237993 1c008770 0a079663 bne              x15, x0, 172        x15:00000001
13987938ns          237996 1c00881c 1c0007b7 lui              x15, 0x1c000000     x15=1c000000
13987957ns          237997 1c008820 12c7a783 lw               x15, 300(x15)       x15=c0c90fdb x15:1c000000  PA:1c00012c
13988296ns          238014 1c008824 a0f517d3 flt.s            x15, f10, f15       x15=00000000 f10:bfaae6ff f15:c0c90fdb
13988316ns          238015 1c008828 00078463 beq              x15, x0, 8          x15:00000000
13988375ns          238018 1c008830 20a51553 fsgnjn.s         f10, f10, f10       f10=xxxxxxxx f10:bfaae6ff f10:bfaae6ff
13988395ns          238019 1c008834 f6bff06f jal              x0, -150           
13988455ns          238022 1c00879e 1c0007b7 lui              x15, 0x1c000000     x15=1c000000
13988475ns          238023 1c0087a2 01c7a783 lw               x15, 28(x15)        x15=3fc90fdb x15:1c000000  PA:1c00001c
13988793ns          238039 1c0087a6 a0f517d3 flt.s            x15, f10, f15       x15=00000001 f10:3faae6ff f15:3fc90fdb
13988813ns          238040 1c0087aa 02079563 bne              x15, x0, 42         x15:00000001
13988872ns          238043 1c0087d4 10a57553 fmul.s           f10, f10, f10       f10=xxxxxxxx f10:3faae6ff f10:3faae6ff
13988892ns          238044 1c0087d8 1c0007b7 lui              x15, 0x1c000000     x15=1c000000
13988912ns          238045 1c0087dc 1c000737 lui              x14, 0x1c000000     x14=1c000000
13988932ns          238046 1c0087e0 13472703 lw               x14, 308(x14)       x14=bab59551 x14:1c000000  PA:1c000134
13989230ns          238061 1c0087e4 1307a783 lw               x15, 304(x15)       x15=37c23ab1 x15:1c000000  PA:1c000130
13989549ns          238077 1c0087e8 70f577c3 fmadd.s          f15, f10, f15, f14  f15=xxxxxxxx f10:3fe42f36 f15:37c23ab1 f14:bab59551
13989569ns          238078 1c0087ec 1c000737 lui              x14, 0x1c000000     x14=1c000000
13989589ns          238079 1c0087f0 13872703 lw               x14, 312(x14)       x14=3d2aa76f x14:1c000000  PA:1c000138
13989907ns          238095 1c0087f4 70f577c3 fmadd.s          f15, f10, f15, f14  f15=xxxxxxxx f10:3fe42f36 f15:bab02c50 f14:3d2aa76f
13989927ns          238096 1c0087f8 1c000737 lui              x14, 0x1c000000     x14=1c000000
13989947ns          238097 1c0087fc 13c72703 lw               x14, 316(x14)       x14=beffffe0 x14:1c000000  PA:1c00013c
13990265ns          238113 1c008800 70f577c3 fmadd.s          f15, f10, f15, f14  f15=xxxxxxxx f10:3fe42f36 f15:3d20d6f0 f14:beffffe0
13990285ns          238114 1c008804 1c000737 lui              x14, 0x1c000000     x14=1c000000
13990305ns          238115 1c008808 16872703 lw               x14, 360(x14)       x14=3f7fffff x14:1c000000  PA:1c000168
13990623ns          238131 1c00880c 70f57543 fmadd.s          f10, f10, f15, f14  f10=xxxxxxxx f10:3fe42f36 f15:bedc289a f14:3f7fffff
13990643ns          238132 1c008810 00008067 jalr             x0, x1, 0            x1:1c0081de
13990702ns          238135 1c0081de 016a7a53 fadd.s           f20, f20, f22       f20=xxxxxxxx f20:4039fb6d f22:3e533fc3
13990722ns          238136 1c0081e2 10acf553 fmul.s           f10, f25, f10       f10=xxxxxxxx f25:3f800000 f10:3e6f0cf0
13990742ns          238137 1c0081e6 a14a97d3 flt.s            x15, f21, f20       x15=00000000 f21:40c90fdb f20:40472f69
13990762ns          238138 1c0081ea 00a4222b p.sw             x10, 4(x8!)          x8=10000dd4 x10:3e6f0cf0  x8:10000dd0  PA:10000dd0
13990782ns          238139 1c0081ee 00078363 beq              x15, x0, 6          x15:00000000
13990842ns          238142 1c0081f4 ff7412e3 bne              x8, x23, -28         x8:10000dd4 x23:10000fc8
13990901ns          238145 1c0081d8 094c7553 fsub.s           f10, f24, f20       f10=xxxxxxxx f24:3fc90fdb f20:40472f69
13990921ns          238146 1c0081dc 57c000ef jal              x1, 1404             x1=1c0081de
13990961ns          238148 1c008758 a0a527d3 feq.s            x15, f10, f10       x15=00000001 f10:bfc54ef7 f10:bfc54ef7
13990981ns          238149 1c00875c 0a078b63 beq              x15, x0, 182        x15:00000001
13991001ns          238150 1c00875e e00517d3 fclass.s         x15, f10            x15=00000002 f10:bfc54ef7
13991021ns          238151 1c008762 0817f793 andi             x15, x15, 129       x15=00000000 x15:00000002
13991041ns          238152 1c008766 0a079663 bne              x15, x0, 172        x15:00000000
13991060ns          238153 1c008768 00000793 addi             x15, x0, 0          x15=00000000
13991080ns          238154 1c00876c a0f517d3 flt.s            x15, f10, f15       x15=00000001 f10:bfc54ef7 f15:00000000
13991100ns          238155 1c008770 0a079663 bne              x15, x0, 172        x15:00000001
13991160ns          238158 1c00881c 1c0007b7 lui              x15, 0x1c000000     x15=1c000000
13991180ns          238159 1c008820 12c7a783 lw               x15, 300(x15)       x15=c0c90fdb x15:1c000000  PA:1c00012c
13991498ns          238175 1c008824 a0f517d3 flt.s            x15, f10, f15       x15=00000000 f10:bfc54ef7 f15:c0c90fdb
13991518ns          238176 1c008828 00078463 beq              x15, x0, 8          x15:00000000
13991578ns          238179 1c008830 20a51553 fsgnjn.s         f10, f10, f10       f10=xxxxxxxx f10:bfc54ef7 f10:bfc54ef7
13991597ns          238180 1c008834 f6bff06f jal              x0, -150           
13991657ns          238183 1c00879e 1c0007b7 lui              x15, 0x1c000000     x15=1c000000
13991677ns          238184 1c0087a2 01c7a783 lw               x15, 28(x15)        x15=3fc90fdb x15:1c000000  PA:1c00001c
13991995ns          238200 1c0087a6 a0f517d3 flt.s            x15, f10, f15       x15=00000001 f10:3fc54ef7 f15:3fc90fdb
13992015ns          238201 1c0087aa 02079563 bne              x15, x0, 42         x15:00000001
13992075ns          238204 1c0087d4 10a57553 fmul.s           f10, f10, f10       f10=xxxxxxxx f10:3fc54ef7 f10:3fc54ef7
13992095ns          238205 1c0087d8 1c0007b7 lui              x15, 0x1c000000     x15=1c000000
13992115ns          238206 1c0087dc 1c000737 lui              x14, 0x1c000000     x14=1c000000
13992135ns          238207 1c0087e0 13472703 lw               x14, 308(x14)       x14=bab59551 x14:1c000000  PA:1c000134
13992433ns          238222 1c0087e4 1307a783 lw               x15, 304(x15)       x15=37c23ab1 x15:1c000000  PA:1c000130
13992751ns          238238 1c0087e8 70f577c3 fmadd.s          f15, f10, f15, f14  f15=xxxxxxxx f10:401812a1 f15:37c23ab1 f14:bab59551
13992771ns          238239 1c0087ec 1c000737 lui              x14, 0x1c000000     x14=1c000000
13992791ns          238240 1c0087f0 13872703 lw               x14, 312(x14)       x14=3d2aa76f x14:1c000000  PA:1c000138
13993109ns          238256 1c0087f4 70f577c3 fmadd.s          f15, f10, f15, f14  f15=xxxxxxxx f10:401812a1 f15:baae5f41 f14:3d2aa76f
13993129ns          238257 1c0087f8 1c000737 lui              x14, 0x1c000000     x14=1c000000
13993149ns          238258 1c0087fc 13c72703 lw               x14, 316(x14)       x14=beffffe0 x14:1c000000  PA:1c00013c
13993487ns          238275 1c008800 70f577c3 fmadd.s          f15, f10, f15, f14  f15=xxxxxxxx f10:401812a1 f15:3d1db4c7 f14:beffffe0
13993507ns          238276 1c008804 1c000737 lui              x14, 0x1c000000     x14=1c000000
13993527ns          238277 1c008808 16872703 lw               x14, 360(x14)       x14=3f7fffff x14:1c000000  PA:1c000168
13993845ns          238293 1c00880c 70f57543 fmadd.s          f10, f10, f15, f14  f10=xxxxxxxx f10:401812a1 f15:bed12878 f14:3f7fffff
13993865ns          238294 1c008810 00008067 jalr             x0, x1, 0            x1:1c0081de
13993925ns          238297 1c0081de 016a7a53 fadd.s           f20, f20, f22       f20=xxxxxxxx f20:40472f69 f22:3e533fc3
13993945ns          238298 1c0081e2 10acf553 fmul.s           f10, f25, f10       f10=xxxxxxxx f25:3f800000 f10:3cf02ff7
13993964ns          238299 1c0081e6 a14a97d3 flt.s            x15, f21, f20       x15=00000000 f21:40c90fdb f20:40546365
13993984ns          238300 1c0081ea 00a4222b p.sw             x10, 4(x8!)          x8=10000dd8 x10:3cf02ff7  x8:10000dd4  PA:10000dd4
13994004ns          238301 1c0081ee 00078363 beq              x15, x0, 6          x15:00000000
13994064ns          238304 1c0081f4 ff7412e3 bne              x8, x23, -28         x8:10000dd8 x23:10000fc8
13994124ns          238307 1c0081d8 094c7553 fsub.s           f10, f24, f20       f10=xxxxxxxx f24:3fc90fdb f20:40546365
13994143ns          238308 1c0081dc 57c000ef jal              x1, 1404             x1=1c0081de
13994183ns          238310 1c008758 a0a527d3 feq.s            x15, f10, f10       x15=00000001 f10:bfdfb6ef f10:bfdfb6ef
13994203ns          238311 1c00875c 0a078b63 beq              x15, x0, 182        x15:00000001
13994223ns          238312 1c00875e e00517d3 fclass.s         x15, f10            x15=00000002 f10:bfdfb6ef
13994243ns          238313 1c008762 0817f793 andi             x15, x15, 129       x15=00000000 x15:00000002
13994263ns          238314 1c008766 0a079663 bne              x15, x0, 172        x15:00000000
13994283ns          238315 1c008768 00000793 addi             x15, x0, 0          x15=00000000
13994303ns          238316 1c00876c a0f517d3 flt.s            x15, f10, f15       x15=00000001 f10:bfdfb6ef f15:00000000
13994323ns          238317 1c008770 0a079663 bne              x15, x0, 172        x15:00000001
13994382ns          238320 1c00881c 1c0007b7 lui              x15, 0x1c000000     x15=1c000000
13994402ns          238321 1c008820 12c7a783 lw               x15, 300(x15)       x15=c0c90fdb x15:1c000000  PA:1c00012c
13994720ns          238337 1c008824 a0f517d3 flt.s            x15, f10, f15       x15=00000000 f10:bfdfb6ef f15:c0c90fdb
13994740ns          238338 1c008828 00078463 beq              x15, x0, 8          x15:00000000
13994800ns          238341 1c008830 20a51553 fsgnjn.s         f10, f10, f10       f10=xxxxxxxx f10:bfdfb6ef f10:bfdfb6ef
13994820ns          238342 1c008834 f6bff06f jal              x0, -150           
13994879ns          238345 1c00879e 1c0007b7 lui              x15, 0x1c000000     x15=1c000000
13994899ns          238346 1c0087a2 01c7a783 lw               x15, 28(x15)        x15=3fc90fdb x15:1c000000  PA:1c00001c
13995218ns          238362 1c0087a6 a0f517d3 flt.s            x15, f10, f15       x15=00000000 f10:3fdfb6ef f15:3fc90fdb
13995237ns          238363 1c0087aa 02079563 bne              x15, x0, 42         x15:00000000
13995257ns          238364 1c0087ac 1c0007b7 lui              x15, 0x1c000000     x15=1c000000
13995277ns          238365 1c0087b0 1007a783 lw               x15, 256(x15)       x15=40490fdb x15:1c000000  PA:1c000100
13995655ns          238384 1c0087b4 a0f51753 flt.s            x14, f10, f15       x14=00000001 f10:3fdfb6ef f15:40490fdb
13995675ns          238385 1c0087b8 06071f63 bne              x14, x0, 126        x14:00000001
13995755ns          238389 1c008836 08a7f553 fsub.s           f10, f15, f10       f10=xxxxxxxx f15:40490fdb f10:3fdfb6ef
13995775ns          238390 1c00883a 10a57553 fmul.s           f10, f10, f10       f10=xxxxxxxx f10:3fb268c7 f10:3fb268c7
13995794ns          238391 1c00883e 1c0007b7 lui              x15, 0x1c000000     x15=1c000000
13995814ns          238392 1c008842 1c000737 lui              x14, 0x1c000000     x14=1c000000
13995834ns          238393 1c008846 13472703 lw               x14, 308(x14)       x14=bab59551 x14:1c000000  PA:1c000134
13996133ns          238408 1c00884a 1307a783 lw               x15, 304(x15)       x15=37c23ab1 x15:1c000000  PA:1c000130
13996451ns          238424 1c00884e 70f577c3 fmadd.s          f15, f10, f15, f14  f15=xxxxxxxx f10:3ff8abbf f15:37c23ab1 f14:bab59551
13996471ns          238425 1c008852 1c000737 lui              x14, 0x1c000000     x14=1c000000
13996491ns          238426 1c008856 13872703 lw               x14, 312(x14)       x14=3d2aa76f x14:1c000000  PA:1c000138
13996829ns          238443 1c00885a 70f577c3 fmadd.s          f15, f10, f15, f14  f15=xxxxxxxx f10:3ff8abbf f15:baafaff8 f14:3d2aa76f
13996849ns          238444 1c00885e 1c000737 lui              x14, 0x1c000000     x14=1c000000
13996869ns          238445 1c008862 13c72703 lw               x14, 316(x14)       x14=beffffe0 x14:1c000000  PA:1c00013c
13997187ns          238461 1c008866 70f577c3 fmadd.s          f15, f10, f15, f14  f15=xxxxxxxx f10:3ff8abbf f15:3d1ffcea f14:beffffe0
13997207ns          238462 1c00886a 1c000737 lui              x14, 0x1c000000     x14=1c000000
13997227ns          238463 1c00886e 16872703 lw               x14, 360(x14)       x14=3f7fffff x14:1c000000  PA:1c000168
13997545ns          238479 1c008872 70f57543 fmadd.s          f10, f10, f15, f14  f10=xxxxxxxx f10:3ff8abbf f15:bed925ca f14:3f7fffff
13997565ns          238480 1c008876 20a51553 fsgnjn.s         f10, f10, f10       f10=xxxxxxxx f10:3e3446d4 f10:3e3446d4
13997585ns          238481 1c00887a 00008067 jalr             x0, x1, 0            x1:1c0081de
13997644ns          238484 1c0081de 016a7a53 fadd.s           f20, f20, f22       f20=xxxxxxxx f20:40546365 f22:3e533fc3
13997664ns          238485 1c0081e2 10acf553 fmul.s           f10, f25, f10       f10=xxxxxxxx f25:3f800000 f10:be3446d4
13997684ns          238486 1c0081e6 a14a97d3 flt.s            x15, f21, f20       x15=00000000 f21:40c90fdb f20:40619761
13997704ns          238487 1c0081ea 00a4222b p.sw             x10, 4(x8!)          x8=10000ddc x10:be3446d4  x8:10000dd8  PA:10000dd8
13997724ns          238488 1c0081ee 00078363 beq              x15, x0, 6          x15:00000000
13997784ns          238491 1c0081f4 ff7412e3 bne              x8, x23, -28         x8:10000ddc x23:10000fc8
13997843ns          238494 1c0081d8 094c7553 fsub.s           f10, f24, f20       f10=xxxxxxxx f24:3fc90fdb f20:40619761
13997863ns          238495 1c0081dc 57c000ef jal              x1, 1404             x1=1c0081de
13997903ns          238497 1c008758 a0a527d3 feq.s            x15, f10, f10       x15=00000001 f10:bffa1ee7 f10:bffa1ee7
13997923ns          238498 1c00875c 0a078b63 beq              x15, x0, 182        x15:00000001
13997982ns          238501 1c00875e e00517d3 fclass.s         x15, f10            x15=00000002 f10:bffa1ee7
13998022ns          238503 1c008762 0817f793 andi             x15, x15, 129       x15=00000000 x15:00000002
13998042ns          238504 1c008766 0a079663 bne              x15, x0, 172        x15:00000000
13998062ns          238505 1c008768 00000793 addi             x15, x0, 0          x15=00000000
13998082ns          238506 1c00876c a0f517d3 flt.s            x15, f10, f15       x15=00000001 f10:bffa1ee7 f15:00000000
13998102ns          238507 1c008770 0a079663 bne              x15, x0, 172        x15:00000001
13998161ns          238510 1c00881c 1c0007b7 lui              x15, 0x1c000000     x15=1c000000
13998181ns          238511 1c008820 12c7a783 lw               x15, 300(x15)       x15=c0c90fdb x15:1c000000  PA:1c00012c
13998500ns          238527 1c008824 a0f517d3 flt.s            x15, f10, f15       x15=00000000 f10:bffa1ee7 f15:c0c90fdb
13998519ns          238528 1c008828 00078463 beq              x15, x0, 8          x15:00000000
13998579ns          238531 1c008830 20a51553 fsgnjn.s         f10, f10, f10       f10=xxxxxxxx f10:bffa1ee7 f10:bffa1ee7
13998599ns          238532 1c008834 f6bff06f jal              x0, -150           
13998659ns          238535 1c00879e 1c0007b7 lui              x15, 0x1c000000     x15=1c000000
13998679ns          238536 1c0087a2 01c7a783 lw               x15, 28(x15)        x15=3fc90fdb x15:1c000000  PA:1c00001c
13999017ns          238553 1c0087a6 a0f517d3 flt.s            x15, f10, f15       x15=00000000 f10:3ffa1ee7 f15:3fc90fdb
13999037ns          238554 1c0087aa 02079563 bne              x15, x0, 42         x15:00000000
13999057ns          238555 1c0087ac 1c0007b7 lui              x15, 0x1c000000     x15=1c000000
13999076ns          238556 1c0087b0 1007a783 lw               x15, 256(x15)       x15=40490fdb x15:1c000000  PA:1c000100
13999395ns          238572 1c0087b4 a0f51753 flt.s            x14, f10, f15       x14=00000001 f10:3ffa1ee7 f15:40490fdb
13999415ns          238573 1c0087b8 06071f63 bne              x14, x0, 126        x14:00000001
13999494ns          238577 1c008836 08a7f553 fsub.s           f10, f15, f10       f10=xxxxxxxx f15:40490fdb f10:3ffa1ee7
13999514ns          238578 1c00883a 10a57553 fmul.s           f10, f10, f10       f10=xxxxxxxx f10:3f9800cf f10:3f9800cf
13999534ns          238579 1c00883e 1c0007b7 lui              x15, 0x1c000000     x15=1c000000
13999554ns          238580 1c008842 1c000737 lui              x14, 0x1c000000     x14=1c000000
13999574ns          238581 1c008846 13472703 lw               x14, 308(x14)       x14=bab59551 x14:1c000000  PA:1c000134
13999872ns          238596 1c00884a 1307a783 lw               x15, 304(x15)       x15=37c23ab1 x15:1c000000  PA:1c000130
14000190ns          238612 1c00884e 70f577c3 fmadd.s          f15, f10, f15, f14  f15=xxxxxxxx f10:3fb481ec f15:37c23ab1 f14:bab59551
14000210ns          238613 1c008852 1c000737 lui              x14, 0x1c000000     x14=1c000000
14000230ns          238614 1c008856 13872703 lw               x14, 312(x14)       x14=3d2aa76f x14:1c000000  PA:1c000138
14000568ns          238631 1c00885a 70f577c3 fmadd.s          f15, f10, f15, f14  f15=xxxxxxxx f10:3fb481ec f15:bab14db2 f14:3d2aa76f
14000588ns          238632 1c00885e 1c000737 lui              x14, 0x1c000000     x14=1c000000
14000608ns          238633 1c008862 13c72703 lw               x14, 316(x14)       x14=beffffe0 x14:1c000000  PA:1c00013c
14000926ns          238649 1c008866 70f577c3 fmadd.s          f15, f10, f15, f14  f15=xxxxxxxx f10:3fb481ec f15:3d22d725 f14:beffffe0
14000946ns          238650 1c00886a 1c000737 lui              x14, 0x1c000000     x14=1c000000
14000966ns          238651 1c00886e 16872703 lw               x14, 360(x14)       x14=3f7fffff x14:1c000000  PA:1c000168
14001284ns          238667 1c008872 70f57543 fmadd.s          f10, f10, f15, f14  f10=xxxxxxxx f10:3fb481ec f15:bee34b65 f14:3f7fffff
14001304ns          238668 1c008876 20a51553 fsgnjn.s         f10, f10, f10       f10=xxxxxxxx f10:3ebf7743 f10:3ebf7743
14001324ns          238669 1c00887a 00008067 jalr             x0, x1, 0            x1:1c0081de
14001384ns          238672 1c0081de 016a7a53 fadd.s           f20, f20, f22       f20=xxxxxxxx f20:40619761 f22:3e533fc3
14001404ns          238673 1c0081e2 10acf553 fmul.s           f10, f25, f10       f10=xxxxxxxx f25:3f800000 f10:bebf7743
14001424ns          238674 1c0081e6 a14a97d3 flt.s            x15, f21, f20       x15=00000000 f21:40c90fdb f20:406ecb5d
14001443ns          238675 1c0081ea 00a4222b p.sw             x10, 4(x8!)          x8=10000de0 x10:bebf7743  x8:10000ddc  PA:10000ddc
14001463ns          238676 1c0081ee 00078363 beq              x15, x0, 6          x15:00000000
14001523ns          238679 1c0081f4 ff7412e3 bne              x8, x23, -28         x8:10000de0 x23:10000fc8
14001583ns          238682 1c0081d8 094c7553 fsub.s           f10, f24, f20       f10=xxxxxxxx f24:3fc90fdb f20:406ecb5d
14001603ns          238683 1c0081dc 57c000ef jal              x1, 1404             x1=1c0081de
14001642ns          238685 1c008758 a0a527d3 feq.s            x15, f10, f10       x15=00000001 f10:c00a4370 f10:c00a4370
14001662ns          238686 1c00875c 0a078b63 beq              x15, x0, 182        x15:00000001
14001682ns          238687 1c00875e e00517d3 fclass.s         x15, f10            x15=00000002 f10:c00a4370
14001702ns          238688 1c008762 0817f793 andi             x15, x15, 129       x15=00000000 x15:00000002
14001722ns          238689 1c008766 0a079663 bne              x15, x0, 172        x15:00000000
14001742ns          238690 1c008768 00000793 addi             x15, x0, 0          x15=00000000
14001762ns          238691 1c00876c a0f517d3 flt.s            x15, f10, f15       x15=00000001 f10:c00a4370 f15:00000000
14001782ns          238692 1c008770 0a079663 bne              x15, x0, 172        x15:00000001
14001841ns          238695 1c00881c 1c0007b7 lui              x15, 0x1c000000     x15=1c000000
14001861ns          238696 1c008820 12c7a783 lw               x15, 300(x15)       x15=c0c90fdb x15:1c000000  PA:1c00012c
14002179ns          238712 1c008824 a0f517d3 flt.s            x15, f10, f15       x15=00000000 f10:c00a4370 f15:c0c90fdb
14002199ns          238713 1c008828 00078463 beq              x15, x0, 8          x15:00000000
14002259ns          238716 1c008830 20a51553 fsgnjn.s         f10, f10, f10       f10=xxxxxxxx f10:c00a4370 f10:c00a4370
14002279ns          238717 1c008834 f6bff06f jal              x0, -150           
14002338ns          238720 1c00879e 1c0007b7 lui              x15, 0x1c000000     x15=1c000000
14002358ns          238721 1c0087a2 01c7a783 lw               x15, 28(x15)        x15=3fc90fdb x15:1c000000  PA:1c00001c
14002677ns          238737 1c0087a6 a0f517d3 flt.s            x15, f10, f15       x15=00000000 f10:400a4370 f15:3fc90fdb
14002697ns          238738 1c0087aa 02079563 bne              x15, x0, 42         x15:00000000
14002716ns          238739 1c0087ac 1c0007b7 lui              x15, 0x1c000000     x15=1c000000
14002736ns          238740 1c0087b0 1007a783 lw               x15, 256(x15)       x15=40490fdb x15:1c000000  PA:1c000100
14003055ns          238756 1c0087b4 a0f51753 flt.s            x14, f10, f15       x14=00000001 f10:400a4370 f15:40490fdb
14003074ns          238757 1c0087b8 06071f63 bne              x14, x0, 126        x14:00000001
14003154ns          238761 1c008836 08a7f553 fsub.s           f10, f15, f10       f10=xxxxxxxx f15:40490fdb f10:400a4370
14003174ns          238762 1c00883a 10a57553 fmul.s           f10, f10, f10       f10=xxxxxxxx f10:3f7b31ac f10:3f7b31ac
14003194ns          238763 1c00883e 1c0007b7 lui              x15, 0x1c000000     x15=1c000000
14003214ns          238764 1c008842 1c000737 lui              x14, 0x1c000000     x14=1c000000
14003234ns          238765 1c008846 13472703 lw               x14, 308(x14)       x14=bab59551 x14:1c000000  PA:1c000134
14003532ns          238780 1c00884a 1307a783 lw               x15, 304(x15)       x15=37c23ab1 x15:1c000000  PA:1c000130
14003850ns          238796 1c00884e 70f577c3 fmadd.s          f15, f10, f15, f14  f15=xxxxxxxx f10:3f767a71 f15:37c23ab1 f14:bab59551
14003870ns          238797 1c008852 1c000737 lui              x14, 0x1c000000     x14=1c000000
14003890ns          238798 1c008856 13872703 lw               x14, 312(x14)       x14=3d2aa76f x14:1c000000  PA:1c000138
14004228ns          238815 1c00885a 70f577c3 fmadd.s          f15, f10, f15, f14  f15=xxxxxxxx f10:3f767a71 f15:bab2a94c f14:3d2aa76f
14004248ns          238816 1c00885e 1c000737 lui              x14, 0x1c000000     x14=1c000000
14004268ns          238817 1c008862 13c72703 lw               x14, 316(x14)       x14=beffffe0 x14:1c000000  PA:1c00013c
14004586ns          238833 1c008866 70f577c3 fmadd.s          f15, f10, f15, f14  f15=xxxxxxxx f10:3f767a71 f15:3d25474e f14:beffffe0
14004606ns          238834 1c00886a 1c000737 lui              x14, 0x1c000000     x14=1c000000
14004626ns          238835 1c00886e 16872703 lw               x14, 360(x14)       x14=3f7fffff x14:1c000000  PA:1c000168
14004944ns          238851 1c008872 70f57543 fmadd.s          f10, f10, f15, f14  f10=xxxxxxxx f10:3f767a71 f15:beec1bae f14:3f7fffff
14004964ns          238852 1c008876 20a51553 fsgnjn.s         f10, f10, f10       f10=xxxxxxxx f10:3f0e563c f10:3f0e563c
14004984ns          238853 1c00887a 00008067 jalr             x0, x1, 0            x1:1c0081de
14005044ns          238856 1c0081de 016a7a53 fadd.s           f20, f20, f22       f20=xxxxxxxx f20:406ecb5d f22:3e533fc3
14005064ns          238857 1c0081e2 10acf553 fmul.s           f10, f25, f10       f10=xxxxxxxx f25:3f800000 f10:bf0e563c
14005083ns          238858 1c0081e6 a14a97d3 flt.s            x15, f21, f20       x15=00000000 f21:40c90fdb f20:407bff59
14005103ns          238859 1c0081ea 00a4222b p.sw             x10, 4(x8!)          x8=10000de4 x10:bf0e563c  x8:10000de0  PA:10000de0
14005123ns          238860 1c0081ee 00078363 beq              x15, x0, 6          x15:00000000
14005183ns          238863 1c0081f4 ff7412e3 bne              x8, x23, -28         x8:10000de4 x23:10000fc8
14005243ns          238866 1c0081d8 094c7553 fsub.s           f10, f24, f20       f10=xxxxxxxx f24:3fc90fdb f20:407bff59
14005262ns          238867 1c0081dc 57c000ef jal              x1, 1404             x1=1c0081de
14005302ns          238869 1c008758 a0a527d3 feq.s            x15, f10, f10       x15=00000001 f10:c017776c f10:c017776c
14005322ns          238870 1c00875c 0a078b63 beq              x15, x0, 182        x15:00000001
14005342ns          238871 1c00875e e00517d3 fclass.s         x15, f10            x15=00000002 f10:c017776c
14005362ns          238872 1c008762 0817f793 andi             x15, x15, 129       x15=00000000 x15:00000002
14005382ns          238873 1c008766 0a079663 bne              x15, x0, 172        x15:00000000
14005402ns          238874 1c008768 00000793 addi             x15, x0, 0          x15=00000000
14005422ns          238875 1c00876c a0f517d3 flt.s            x15, f10, f15       x15=00000001 f10:c017776c f15:00000000
14005441ns          238876 1c008770 0a079663 bne              x15, x0, 172        x15:00000001
14005501ns          238879 1c00881c 1c0007b7 lui              x15, 0x1c000000     x15=1c000000
14005521ns          238880 1c008820 12c7a783 lw               x15, 300(x15)       x15=c0c90fdb x15:1c000000  PA:1c00012c
14005839ns          238896 1c008824 a0f517d3 flt.s            x15, f10, f15       x15=00000000 f10:c017776c f15:c0c90fdb
14005859ns          238897 1c008828 00078463 beq              x15, x0, 8          x15:00000000
14005919ns          238900 1c008830 20a51553 fsgnjn.s         f10, f10, f10       f10=xxxxxxxx f10:c017776c f10:c017776c
14005939ns          238901 1c008834 f6bff06f jal              x0, -150           
14005998ns          238904 1c00879e 1c0007b7 lui              x15, 0x1c000000     x15=1c000000
14006018ns          238905 1c0087a2 01c7a783 lw               x15, 28(x15)        x15=3fc90fdb x15:1c000000  PA:1c00001c
14006337ns          238921 1c0087a6 a0f517d3 flt.s            x15, f10, f15       x15=00000000 f10:4017776c f15:3fc90fdb
14006356ns          238922 1c0087aa 02079563 bne              x15, x0, 42         x15:00000000
14006376ns          238923 1c0087ac 1c0007b7 lui              x15, 0x1c000000     x15=1c000000
14006396ns          238924 1c0087b0 1007a783 lw               x15, 256(x15)       x15=40490fdb x15:1c000000  PA:1c000100
14006714ns          238940 1c0087b4 a0f51753 flt.s            x14, f10, f15       x14=00000001 f10:4017776c f15:40490fdb
14006734ns          238941 1c0087b8 06071f63 bne              x14, x0, 126        x14:00000001
14006814ns          238945 1c008836 08a7f553 fsub.s           f10, f15, f10       f10=xxxxxxxx f15:40490fdb f10:4017776c
14006834ns          238946 1c00883a 10a57553 fmul.s           f10, f10, f10       f10=xxxxxxxx f10:3f4661bc f10:3f4661bc
14006854ns          238947 1c00883e 1c0007b7 lui              x15, 0x1c000000     x15=1c000000
14006874ns          238948 1c008842 1c000737 lui              x14, 0x1c000000     x14=1c000000
14006893ns          238949 1c008846 13472703 lw               x14, 308(x14)       x14=bab59551 x14:1c000000  PA:1c000134
14007192ns          238964 1c00884a 1307a783 lw               x15, 304(x15)       x15=37c23ab1 x15:1c000000  PA:1c000130
14007510ns          238980 1c00884e 70f577c3 fmadd.s          f15, f10, f15, f14  f15=xxxxxxxx f10:3f19bb54 f15:37c23ab1 f14:bab59551
14007530ns          238981 1c008852 1c000737 lui              x14, 0x1c000000     x14=1c000000
14007550ns          238982 1c008856 13872703 lw               x14, 312(x14)       x14=3d2aa76f x14:1c000000  PA:1c000138
14007888ns          238999 1c00885a 70f577c3 fmadd.s          f15, f10, f15, f14  f15=xxxxxxxx f10:3f19bb54 f15:bab3c2c4 f14:3d2aa76f
14007908ns          239000 1c00885e 1c000737 lui              x14, 0x1c000000     x14=1c000000
14007928ns          239001 1c008862 13c72703 lw               x14, 316(x14)       x14=beffffe0 x14:1c000000  PA:1c00013c
14008266ns          239018 1c008866 70f577c3 fmadd.s          f15, f10, f15, f14  f15=xxxxxxxx f10:3f19bb54 f15:3d2747d7 f14:beffffe0
14008286ns          239019 1c00886a 1c000737 lui              x14, 0x1c000000     x14=1c000000
14008306ns          239020 1c00886e 16872703 lw               x14, 360(x14)       x14=3f7fffff x14:1c000000  PA:1c000168
14008624ns          239036 1c008872 70f57543 fmadd.s          f10, f10, f15, f14  f10=xxxxxxxx f10:3f19bb54 f15:bef37155 f14:3f7fffff
14008644ns          239037 1c008876 20a51553 fsgnjn.s         f10, f10, f10       f10=xxxxxxxx f10:3f36e78f f10:3f36e78f
14008664ns          239038 1c00887a 00008067 jalr             x0, x1, 0            x1:1c0081de
14008723ns          239041 1c0081de 016a7a53 fadd.s           f20, f20, f22       f20=xxxxxxxx f20:407bff59 f22:3e533fc3
14008743ns          239042 1c0081e2 10acf553 fmul.s           f10, f25, f10       f10=xxxxxxxx f25:3f800000 f10:bf36e78f
14008763ns          239043 1c0081e6 a14a97d3 flt.s            x15, f21, f20       x15=00000000 f21:40c90fdb f20:408499ab
14008783ns          239044 1c0081ea 00a4222b p.sw             x10, 4(x8!)          x8=10000de8 x10:bf36e78f  x8:10000de4  PA:10000de4
14008803ns          239045 1c0081ee 00078363 beq              x15, x0, 6          x15:00000000
14008863ns          239048 1c0081f4 ff7412e3 bne              x8, x23, -28         x8:10000de8 x23:10000fc8
14008922ns          239051 1c0081d8 094c7553 fsub.s           f10, f24, f20       f10=xxxxxxxx f24:3fc90fdb f20:408499ab
14008942ns          239052 1c0081dc 57c000ef jal              x1, 1404             x1=1c0081de
14008982ns          239054 1c008758 a0a527d3 feq.s            x15, f10, f10       x15=00000001 f10:c024ab68 f10:c024ab68
14009002ns          239055 1c00875c 0a078b63 beq              x15, x0, 182        x15:00000001
14009022ns          239056 1c00875e e00517d3 fclass.s         x15, f10            x15=00000002 f10:c024ab68
14009042ns          239057 1c008762 0817f793 andi             x15, x15, 129       x15=00000000 x15:00000002
14009062ns          239058 1c008766 0a079663 bne              x15, x0, 172        x15:00000000
14009081ns          239059 1c008768 00000793 addi             x15, x0, 0          x15=00000000
14009101ns          239060 1c00876c a0f517d3 flt.s            x15, f10, f15       x15=00000001 f10:c024ab68 f15:00000000
14009121ns          239061 1c008770 0a079663 bne              x15, x0, 172        x15:00000001
14009181ns          239064 1c00881c 1c0007b7 lui              x15, 0x1c000000     x15=1c000000
14009201ns          239065 1c008820 12c7a783 lw               x15, 300(x15)       x15=c0c90fdb x15:1c000000  PA:1c00012c
14009559ns          239083 1c008824 a0f517d3 flt.s            x15, f10, f15       x15=00000000 f10:c024ab68 f15:c0c90fdb
14009579ns          239084 1c008828 00078463 beq              x15, x0, 8          x15:00000000
14009638ns          239087 1c008830 20a51553 fsgnjn.s         f10, f10, f10       f10=xxxxxxxx f10:c024ab68 f10:c024ab68
14009658ns          239088 1c008834 f6bff06f jal              x0, -150           
14009718ns          239091 1c00879e 1c0007b7 lui              x15, 0x1c000000     x15=1c000000
14009738ns          239092 1c0087a2 01c7a783 lw               x15, 28(x15)        x15=3fc90fdb x15:1c000000  PA:1c00001c
14010096ns          239110 1c0087a6 a0f517d3 flt.s            x15, f10, f15       x15=00000000 f10:4024ab68 f15:3fc90fdb
14010116ns          239111 1c0087aa 02079563 bne              x15, x0, 42         x15:00000000
14010136ns          239112 1c0087ac 1c0007b7 lui              x15, 0x1c000000     x15=1c000000
14010156ns          239113 1c0087b0 1007a783 lw               x15, 256(x15)       x15=40490fdb x15:1c000000  PA:1c000100
14010474ns          239129 1c0087b4 a0f51753 flt.s            x14, f10, f15       x14=00000001 f10:4024ab68 f15:40490fdb
14010494ns          239130 1c0087b8 06071f63 bne              x14, x0, 126        x14:00000001
14010573ns          239134 1c008836 08a7f553 fsub.s           f10, f15, f10       f10=xxxxxxxx f15:40490fdb f10:4024ab68
14010593ns          239135 1c00883a 10a57553 fmul.s           f10, f10, f10       f10=xxxxxxxx f10:3f1191cc f10:3f1191cc
14010613ns          239136 1c00883e 1c0007b7 lui              x15, 0x1c000000     x15=1c000000
14010633ns          239137 1c008842 1c000737 lui              x14, 0x1c000000     x14=1c000000
14010653ns          239138 1c008846 13472703 lw               x14, 308(x14)       x14=bab59551 x14:1c000000  PA:1c000134
14010971ns          239154 1c00884a 1307a783 lw               x15, 304(x15)       x15=37c23ab1 x15:1c000000  PA:1c000130
14011289ns          239170 1c00884e 70f577c3 fmadd.s          f15, f10, f15, f14  f15=xxxxxxxx f10:3ea58cf8 f15:37c23ab1 f14:bab59551
14011309ns          239171 1c008852 1c000737 lui              x14, 0x1c000000     x14=1c000000
14011329ns          239172 1c008856 13872703 lw               x14, 312(x14)       x14=3d2aa76f x14:1c000000  PA:1c000138
14011707ns          239191 1c00885a 70f577c3 fmadd.s          f15, f10, f15, f14  f15=xxxxxxxx f10:3ea58cf8 f15:bab49a1b f14:3d2aa76f
14011727ns          239192 1c00885e 1c000737 lui              x14, 0x1c000000     x14=1c000000
14011747ns          239193 1c008862 13c72703 lw               x14, 316(x14)       x14=beffffe0 x14:1c000000  PA:1c00013c
14012065ns          239209 1c008866 70f577c3 fmadd.s          f15, f10, f15, f14  f15=xxxxxxxx f10:3ea58cf8 f15:3d28d444 f14:beffffe0
14012085ns          239210 1c00886a 1c000737 lui              x14, 0x1c000000     x14=1c000000
14012105ns          239211 1c00886e 16872703 lw               x14, 360(x14)       x14=3f7fffff x14:1c000000  PA:1c000168
14012423ns          239227 1c008872 70f57543 fmadd.s          f10, f10, f15, f14  f10=xxxxxxxx f10:3ea58cf8 f15:bef92d04 f14:3f7fffff
14012443ns          239228 1c008876 20a51553 fsgnjn.s         f10, f10, f10       f10=xxxxxxxx f10:3f57b731 f10:3f57b731
14012463ns          239229 1c00887a 00008067 jalr             x0, x1, 0            x1:1c0081de
14012523ns          239232 1c0081de 016a7a53 fadd.s           f20, f20, f22       f20=xxxxxxxx f20:408499ab f22:3e533fc3
14012542ns          239233 1c0081e2 10acf553 fmul.s           f10, f25, f10       f10=xxxxxxxx f25:3f800000 f10:bf57b731
14012562ns          239234 1c0081e6 a14a97d3 flt.s            x15, f21, f20       x15=00000000 f21:40c90fdb f20:408b33a9
14012582ns          239235 1c0081ea 00a4222b p.sw             x10, 4(x8!)          x8=10000dec x10:bf57b731  x8:10000de8  PA:10000de8
14012602ns          239236 1c0081ee 00078363 beq              x15, x0, 6          x15:00000000
14012662ns          239239 1c0081f4 ff7412e3 bne              x8, x23, -28         x8:10000dec x23:10000fc8
14012721ns          239242 1c0081d8 094c7553 fsub.s           f10, f24, f20       f10=xxxxxxxx f24:3fc90fdb f20:408b33a9
14012741ns          239243 1c0081dc 57c000ef jal              x1, 1404             x1=1c0081de
14012781ns          239245 1c008758 a0a527d3 feq.s            x15, f10, f10       x15=00000001 f10:c031df64 f10:c031df64
14012801ns          239246 1c00875c 0a078b63 beq              x15, x0, 182        x15:00000001
14012821ns          239247 1c00875e e00517d3 fclass.s         x15, f10            x15=00000002 f10:c031df64
14012841ns          239248 1c008762 0817f793 andi             x15, x15, 129       x15=00000000 x15:00000002
14012861ns          239249 1c008766 0a079663 bne              x15, x0, 172        x15:00000000
14012881ns          239250 1c008768 00000793 addi             x15, x0, 0          x15=00000000
14012900ns          239251 1c00876c a0f517d3 flt.s            x15, f10, f15       x15=00000001 f10:c031df64 f15:00000000
14012920ns          239252 1c008770 0a079663 bne              x15, x0, 172        x15:00000001
14012980ns          239255 1c00881c 1c0007b7 lui              x15, 0x1c000000     x15=1c000000
14013000ns          239256 1c008820 12c7a783 lw               x15, 300(x15)       x15=c0c90fdb x15:1c000000  PA:1c00012c
14013318ns          239272 1c008824 a0f517d3 flt.s            x15, f10, f15       x15=00000000 f10:c031df64 f15:c0c90fdb
14013338ns          239273 1c008828 00078463 beq              x15, x0, 8          x15:00000000
14013398ns          239276 1c008830 20a51553 fsgnjn.s         f10, f10, f10       f10=xxxxxxxx f10:c031df64 f10:c031df64
14013418ns          239277 1c008834 f6bff06f jal              x0, -150           
14013477ns          239280 1c00879e 1c0007b7 lui              x15, 0x1c000000     x15=1c000000
14013497ns          239281 1c0087a2 01c7a783 lw               x15, 28(x15)        x15=3fc90fdb x15:1c000000  PA:1c00001c
14013815ns          239297 1c0087a6 a0f517d3 flt.s            x15, f10, f15       x15=00000000 f10:4031df64 f15:3fc90fdb
14013835ns          239298 1c0087aa 02079563 bne              x15, x0, 42         x15:00000000
14013855ns          239299 1c0087ac 1c0007b7 lui              x15, 0x1c000000     x15=1c000000
14013875ns          239300 1c0087b0 1007a783 lw               x15, 256(x15)       x15=40490fdb x15:1c000000  PA:1c000100
14014193ns          239316 1c0087b4 a0f51753 flt.s            x14, f10, f15       x14=00000001 f10:4031df64 f15:40490fdb
14014213ns          239317 1c0087b8 06071f63 bne              x14, x0, 126        x14:00000001
14014293ns          239321 1c008836 08a7f553 fsub.s           f10, f15, f10       f10=xxxxxxxx f15:40490fdb f10:4031df64
14014313ns          239322 1c00883a 10a57553 fmul.s           f10, f10, f10       f10=xxxxxxxx f10:3eb983b8 f10:3eb983b8
14014333ns          239323 1c00883e 1c0007b7 lui              x15, 0x1c000000     x15=1c000000
14014352ns          239324 1c008842 1c000737 lui              x14, 0x1c000000     x14=1c000000
14014372ns          239325 1c008846 13472703 lw               x14, 308(x14)       x14=bab59551 x14:1c000000  PA:1c000134
14014711ns          239342 1c00884a 1307a783 lw               x15, 304(x15)       x15=37c23ab1 x15:1c000000  PA:1c000130
14015029ns          239358 1c00884e 70f577c3 fmadd.s          f15, f10, f15, f14  f15=xxxxxxxx f10:3e066fa4 f15:37c23ab1 f14:bab59551
14015049ns          239359 1c008852 1c000737 lui              x14, 0x1c000000     x14=1c000000
14015069ns          239360 1c008856 13872703 lw               x14, 312(x14)       x14=3d2aa76f x14:1c000000  PA:1c000138
14015387ns          239376 1c00885a 70f577c3 fmadd.s          f15, f10, f15, f14  f15=xxxxxxxx f10:3e066fa4 f15:bab52f52 f14:3d2aa76f
14015407ns          239377 1c00885e 1c000737 lui              x14, 0x1c000000     x14=1c000000
14015427ns          239378 1c008862 13c72703 lw               x14, 316(x14)       x14=beffffe0 x14:1c000000  PA:1c00013c
14015745ns          239394 1c008866 70f577c3 fmadd.s          f15, f10, f15, f14  f15=xxxxxxxx f10:3e066fa4 f15:3d29e923 f14:beffffe0
14015765ns          239395 1c00886a 1c000737 lui              x14, 0x1c000000     x14=1c000000
14015785ns          239396 1c00886e 16872703 lw               x14, 360(x14)       x14=3f7fffff x14:1c000000  PA:1c000168
14016123ns          239413 1c008872 70f57543 fmadd.s          f10, f10, f15, f14  f10=xxxxxxxx f10:3e066fa4 f15:befd360f f14:3f7fffff
14016143ns          239414 1c008876 20a51553 fsgnjn.s         f10, f10, f10       f10=xxxxxxxx f10:3f6f60e8 f10:3f6f60e8
14016163ns          239415 1c00887a 00008067 jalr             x0, x1, 0            x1:1c0081de
14016222ns          239418 1c0081de 016a7a53 fadd.s           f20, f20, f22       f20=xxxxxxxx f20:408b33a9 f22:3e533fc3
14016242ns          239419 1c0081e2 10acf553 fmul.s           f10, f25, f10       f10=xxxxxxxx f25:3f800000 f10:bf6f60e8
14016262ns          239420 1c0081e6 a14a97d3 flt.s            x15, f21, f20       x15=00000000 f21:40c90fdb f20:4091cda7
14016282ns          239421 1c0081ea 00a4222b p.sw             x10, 4(x8!)          x8=10000df0 x10:bf6f60e8  x8:10000dec  PA:10000dec
14016302ns          239422 1c0081ee 00078363 beq              x15, x0, 6          x15:00000000
14016361ns          239425 1c0081f4 ff7412e3 bne              x8, x23, -28         x8:10000df0 x23:10000fc8
14016421ns          239428 1c0081d8 094c7553 fsub.s           f10, f24, f20       f10=xxxxxxxx f24:3fc90fdb f20:4091cda7
14016441ns          239429 1c0081dc 57c000ef jal              x1, 1404             x1=1c0081de
14016481ns          239431 1c008758 a0a527d3 feq.s            x15, f10, f10       x15=00000001 f10:c03f1360 f10:c03f1360
14016501ns          239432 1c00875c 0a078b63 beq              x15, x0, 182        x15:00000001
14016521ns          239433 1c00875e e00517d3 fclass.s         x15, f10            x15=00000002 f10:c03f1360
14016540ns          239434 1c008762 0817f793 andi             x15, x15, 129       x15=00000000 x15:00000002
14016560ns          239435 1c008766 0a079663 bne              x15, x0, 172        x15:00000000
14016580ns          239436 1c008768 00000793 addi             x15, x0, 0          x15=00000000
14016600ns          239437 1c00876c a0f517d3 flt.s            x15, f10, f15       x15=00000001 f10:c03f1360 f15:00000000
14016620ns          239438 1c008770 0a079663 bne              x15, x0, 172        x15:00000001
14016680ns          239441 1c00881c 1c0007b7 lui              x15, 0x1c000000     x15=1c000000
14016700ns          239442 1c008820 12c7a783 lw               x15, 300(x15)       x15=c0c90fdb x15:1c000000  PA:1c00012c
14017018ns          239458 1c008824 a0f517d3 flt.s            x15, f10, f15       x15=00000000 f10:c03f1360 f15:c0c90fdb
14017038ns          239459 1c008828 00078463 beq              x15, x0, 8          x15:00000000
14017097ns          239462 1c008830 20a51553 fsgnjn.s         f10, f10, f10       f10=xxxxxxxx f10:c03f1360 f10:c03f1360
14017117ns          239463 1c008834 f6bff06f jal              x0, -150           
14017177ns          239466 1c00879e 1c0007b7 lui              x15, 0x1c000000     x15=1c000000
14017197ns          239467 1c0087a2 01c7a783 lw               x15, 28(x15)        x15=3fc90fdb x15:1c000000  PA:1c00001c
14017515ns          239483 1c0087a6 a0f517d3 flt.s            x15, f10, f15       x15=00000000 f10:403f1360 f15:3fc90fdb
14017535ns          239484 1c0087aa 02079563 bne              x15, x0, 42         x15:00000000
14017555ns          239485 1c0087ac 1c0007b7 lui              x15, 0x1c000000     x15=1c000000
14017575ns          239486 1c0087b0 1007a783 lw               x15, 256(x15)       x15=40490fdb x15:1c000000  PA:1c000100
14017893ns          239502 1c0087b4 a0f51753 flt.s            x14, f10, f15       x14=00000001 f10:403f1360 f15:40490fdb
14017913ns          239503 1c0087b8 06071f63 bne              x14, x0, 126        x14:00000001
14017993ns          239507 1c008836 08a7f553 fsub.s           f10, f15, f10       f10=xxxxxxxx f15:40490fdb f10:403f1360
14018012ns          239508 1c00883a 10a57553 fmul.s           f10, f10, f10       f10=xxxxxxxx f10:3e1fc7b0 f10:3e1fc7b0
14018032ns          239509 1c00883e 1c0007b7 lui              x15, 0x1c000000     x15=1c000000
14018052ns          239510 1c008842 1c000737 lui              x14, 0x1c000000     x14=1c000000
14018072ns          239511 1c008846 13472703 lw               x14, 308(x14)       x14=bab59551 x14:1c000000  PA:1c000134
14018370ns          239526 1c00884a 1307a783 lw               x15, 304(x15)       x15=37c23ab1 x15:1c000000  PA:1c000130
14018689ns          239542 1c00884e 70f577c3 fmadd.s          f15, f10, f15, f14  f15=xxxxxxxx f10:3cc77351 f15:37c23ab1 f14:bab59551
14018709ns          239543 1c008852 1c000737 lui              x14, 0x1c000000     x14=1c000000
14018728ns          239544 1c008856 13872703 lw               x14, 312(x14)       x14=3d2aa76f x14:1c000000  PA:1c000138
14019047ns          239560 1c00885a 70f577c3 fmadd.s          f15, f10, f15, f14  f15=xxxxxxxx f10:3cc77351 f15:bab58267 f14:3d2aa76f
14019067ns          239561 1c00885e 1c000737 lui              x14, 0x1c000000     x14=1c000000
14019086ns          239562 1c008862 13c72703 lw               x14, 316(x14)       x14=beffffe0 x14:1c000000  PA:1c00013c
14019405ns          239578 1c008866 70f577c3 fmadd.s          f15, f10, f15, f14  f15=xxxxxxxx f10:3cc77351 f15:3d2a8414 f14:beffffe0
14019425ns          239579 1c00886a 1c000737 lui              x14, 0x1c000000     x14=1c000000
14019445ns          239580 1c00886e 16872703 lw               x14, 360(x14)       x14=3f7fffff x14:1c000000  PA:1c000168
14019763ns          239596 1c008872 70f57543 fmadd.s          f10, f10, f15, f14  f10=xxxxxxxx f10:3cc77351 f15:beff7b07 f14:3f7fffff
14019783ns          239597 1c008876 20a51553 fsgnjn.s         f10, f10, f10       f10=xxxxxxxx f10:3f7ce3d0 f10:3f7ce3d0
14019803ns          239598 1c00887a 00008067 jalr             x0, x1, 0            x1:1c0081de
14019862ns          239601 1c0081de 016a7a53 fadd.s           f20, f20, f22       f20=xxxxxxxx f20:4091cda7 f22:3e533fc3
14019882ns          239602 1c0081e2 10acf553 fmul.s           f10, f25, f10       f10=xxxxxxxx f25:3f800000 f10:bf7ce3d0
14019902ns          239603 1c0081e6 a14a97d3 flt.s            x15, f21, f20       x15=00000000 f21:40c90fdb f20:409867a5
14019922ns          239604 1c0081ea 00a4222b p.sw             x10, 4(x8!)          x8=10000df4 x10:bf7ce3d0  x8:10000df0  PA:10000df0
14019942ns          239605 1c0081ee 00078363 beq              x15, x0, 6          x15:00000000
14020001ns          239608 1c0081f4 ff7412e3 bne              x8, x23, -28         x8:10000df4 x23:10000fc8
14020061ns          239611 1c0081d8 094c7553 fsub.s           f10, f24, f20       f10=xxxxxxxx f24:3fc90fdb f20:409867a5
14020081ns          239612 1c0081dc 57c000ef jal              x1, 1404             x1=1c0081de
14020121ns          239614 1c008758 a0a527d3 feq.s            x15, f10, f10       x15=00000001 f10:c04c475c f10:c04c475c
14020141ns          239615 1c00875c 0a078b63 beq              x15, x0, 182        x15:00000001
14020161ns          239616 1c00875e e00517d3 fclass.s         x15, f10            x15=00000002 f10:c04c475c
14020180ns          239617 1c008762 0817f793 andi             x15, x15, 129       x15=00000000 x15:00000002
14020200ns          239618 1c008766 0a079663 bne              x15, x0, 172        x15:00000000
14020220ns          239619 1c008768 00000793 addi             x15, x0, 0          x15=00000000
14020240ns          239620 1c00876c a0f517d3 flt.s            x15, f10, f15       x15=00000001 f10:c04c475c f15:00000000
14020260ns          239621 1c008770 0a079663 bne              x15, x0, 172        x15:00000001
14020320ns          239624 1c00881c 1c0007b7 lui              x15, 0x1c000000     x15=1c000000
14020340ns          239625 1c008820 12c7a783 lw               x15, 300(x15)       x15=c0c90fdb x15:1c000000  PA:1c00012c
14020658ns          239641 1c008824 a0f517d3 flt.s            x15, f10, f15       x15=00000000 f10:c04c475c f15:c0c90fdb
14020678ns          239642 1c008828 00078463 beq              x15, x0, 8          x15:00000000
14020737ns          239645 1c008830 20a51553 fsgnjn.s         f10, f10, f10       f10=xxxxxxxx f10:c04c475c f10:c04c475c
14020757ns          239646 1c008834 f6bff06f jal              x0, -150           
14020817ns          239649 1c00879e 1c0007b7 lui              x15, 0x1c000000     x15=1c000000
14020837ns          239650 1c0087a2 01c7a783 lw               x15, 28(x15)        x15=3fc90fdb x15:1c000000  PA:1c00001c
14021155ns          239666 1c0087a6 a0f517d3 flt.s            x15, f10, f15       x15=00000000 f10:404c475c f15:3fc90fdb
14021175ns          239667 1c0087aa 02079563 bne              x15, x0, 42         x15:00000000
14021195ns          239668 1c0087ac 1c0007b7 lui              x15, 0x1c000000     x15=1c000000
14021215ns          239669 1c0087b0 1007a783 lw               x15, 256(x15)       x15=40490fdb x15:1c000000  PA:1c000100
14021553ns          239686 1c0087b4 a0f51753 flt.s            x14, f10, f15       x14=00000000 f10:404c475c f15:40490fdb
14021573ns          239687 1c0087b8 06071f63 bne              x14, x0, 126        x14:00000000
14021593ns          239688 1c0087ba 1c000737 lui              x14, 0x1c000000     x14=1c000000
14021613ns          239689 1c0087be 14072703 lw               x14, 320(x14)       x14=4096cbe4 x14:1c000000  PA:1c000140
14021951ns          239706 1c0087c2 a0e51753 flt.s            x14, f10, f14       x14=00000001 f10:404c475c f14:4096cbe4
14021971ns          239707 1c0087c6 0a071b63 bne              x14, x0, 182        x14:00000001
14022030ns          239710 1c00887c 08f57553 fsub.s           f10, f10, f15       f10=xxxxxxxx f10:404c475c f15:40490fdb
14022050ns          239711 1c008880 fbbff06f jal              x0, -70            
14022110ns          239714 1c00883a 10a57553 fmul.s           f10, f10, f10       f10=xxxxxxxx f10:3d4de040 f10:3d4de040
14022130ns          239715 1c00883e 1c0007b7 lui              x15, 0x1c000000     x15=1c000000
14022150ns          239716 1c008842 1c000737 lui              x14, 0x1c000000     x14=1c000000
14022170ns          239717 1c008846 13472703 lw               x14, 308(x14)       x14=bab59551 x14:1c000000  PA:1c000134
14022468ns          239732 1c00884a 1307a783 lw               x15, 304(x15)       x15=37c23ab1 x15:1c000000  PA:1c000130
14022786ns          239748 1c00884e 70f577c3 fmadd.s          f15, f10, f15, f14  f15=xxxxxxxx f10:3b2590eb f15:37c23ab1 f14:bab59551
14022806ns          239749 1c008852 1c000737 lui              x14, 0x1c000000     x14=1c000000
14022826ns          239750 1c008856 13872703 lw               x14, 312(x14)       x14=3d2aa76f x14:1c000000  PA:1c000138
14023164ns          239767 1c00885a 70f577c3 fmadd.s          f15, f10, f15, f14  f15=xxxxxxxx f10:3b2590eb f15:bab5935b f14:3d2aa76f
14023184ns          239768 1c00885e 1c000737 lui              x14, 0x1c000000     x14=1c000000
14023204ns          239769 1c008862 13c72703 lw               x14, 316(x14)       x14=beffffe0 x14:1c000000  PA:1c00013c
14023522ns          239785 1c008866 70f577c3 fmadd.s          f15, f10, f15, f14  f15=xxxxxxxx f10:3b2590eb f15:3d2aa3c4 f14:beffffe0
14023542ns          239786 1c00886a 1c000737 lui              x14, 0x1c000000     x14=1c000000
14023562ns          239787 1c00886e 16872703 lw               x14, 360(x14)       x14=3f7fffff x14:1c000000  PA:1c000168
14023900ns          239804 1c008872 70f57543 fmadd.s          f10, f10, f15, f14  f10=xxxxxxxx f10:3b2590eb f15:befff214 f14:3f7fffff
14023920ns          239805 1c008876 20a51553 fsgnjn.s         f10, f10, f10       f10=xxxxxxxx f10:3f7fad3b f10:3f7fad3b
14023940ns          239806 1c00887a 00008067 jalr             x0, x1, 0            x1:1c0081de
14024000ns          239809 1c0081de 016a7a53 fadd.s           f20, f20, f22       f20=xxxxxxxx f20:409867a5 f22:3e533fc3
14024019ns          239810 1c0081e2 10acf553 fmul.s           f10, f25, f10       f10=xxxxxxxx f25:3f800000 f10:bf7fad3b
14024039ns          239811 1c0081e6 a14a97d3 flt.s            x15, f21, f20       x15=00000000 f21:40c90fdb f20:409f01a3
14024059ns          239812 1c0081ea 00a4222b p.sw             x10, 4(x8!)          x8=10000df8 x10:bf7fad3b  x8:10000df4  PA:10000df4
14024079ns          239813 1c0081ee 00078363 beq              x15, x0, 6          x15:00000000
14024139ns          239816 1c0081f4 ff7412e3 bne              x8, x23, -28         x8:10000df8 x23:10000fc8
14024198ns          239819 1c0081d8 094c7553 fsub.s           f10, f24, f20       f10=xxxxxxxx f24:3fc90fdb f20:409f01a3
14024218ns          239820 1c0081dc 57c000ef jal              x1, 1404             x1=1c0081de
14024258ns          239822 1c008758 a0a527d3 feq.s            x15, f10, f10       x15=00000001 f10:c0597b58 f10:c0597b58
14024278ns          239823 1c00875c 0a078b63 beq              x15, x0, 182        x15:00000001
14024298ns          239824 1c00875e e00517d3 fclass.s         x15, f10            x15=00000002 f10:c0597b58
14024318ns          239825 1c008762 0817f793 andi             x15, x15, 129       x15=00000000 x15:00000002
14024338ns          239826 1c008766 0a079663 bne              x15, x0, 172        x15:00000000
14024358ns          239827 1c008768 00000793 addi             x15, x0, 0          x15=00000000
14024377ns          239828 1c00876c a0f517d3 flt.s            x15, f10, f15       x15=00000001 f10:c0597b58 f15:00000000
14024397ns          239829 1c008770 0a079663 bne              x15, x0, 172        x15:00000001
14024457ns          239832 1c00881c 1c0007b7 lui              x15, 0x1c000000     x15=1c000000
14024477ns          239833 1c008820 12c7a783 lw               x15, 300(x15)       x15=c0c90fdb x15:1c000000  PA:1c00012c
14024795ns          239849 1c008824 a0f517d3 flt.s            x15, f10, f15       x15=00000000 f10:c0597b58 f15:c0c90fdb
14024815ns          239850 1c008828 00078463 beq              x15, x0, 8          x15:00000000
14024875ns          239853 1c008830 20a51553 fsgnjn.s         f10, f10, f10       f10=xxxxxxxx f10:c0597b58 f10:c0597b58
14024895ns          239854 1c008834 f6bff06f jal              x0, -150           
14024954ns          239857 1c00879e 1c0007b7 lui              x15, 0x1c000000     x15=1c000000
14024974ns          239858 1c0087a2 01c7a783 lw               x15, 28(x15)        x15=3fc90fdb x15:1c000000  PA:1c00001c
14025292ns          239874 1c0087a6 a0f517d3 flt.s            x15, f10, f15       x15=00000000 f10:40597b58 f15:3fc90fdb
14025312ns          239875 1c0087aa 02079563 bne              x15, x0, 42         x15:00000000
14025332ns          239876 1c0087ac 1c0007b7 lui              x15, 0x1c000000     x15=1c000000
14025352ns          239877 1c0087b0 1007a783 lw               x15, 256(x15)       x15=40490fdb x15:1c000000  PA:1c000100
14025690ns          239894 1c0087b4 a0f51753 flt.s            x14, f10, f15       x14=00000000 f10:40597b58 f15:40490fdb
14025710ns          239895 1c0087b8 06071f63 bne              x14, x0, 126        x14:00000000
14025730ns          239896 1c0087ba 1c000737 lui              x14, 0x1c000000     x14=1c000000
14025750ns          239897 1c0087be 14072703 lw               x14, 320(x14)       x14=4096cbe4 x14:1c000000  PA:1c000140
14026068ns          239913 1c0087c2 a0e51753 flt.s            x14, f10, f14       x14=00000001 f10:40597b58 f14:4096cbe4
14026088ns          239914 1c0087c6 0a071b63 bne              x14, x0, 182        x14:00000001
14026148ns          239917 1c00887c 08f57553 fsub.s           f10, f10, f15       f10=xxxxxxxx f10:40597b58 f15:40490fdb
14026168ns          239918 1c008880 fbbff06f jal              x0, -70            
14026227ns          239921 1c00883a 10a57553 fmul.s           f10, f10, f10       f10=xxxxxxxx f10:3e835be8 f10:3e835be8
14026247ns          239922 1c00883e 1c0007b7 lui              x15, 0x1c000000     x15=1c000000
14026267ns          239923 1c008842 1c000737 lui              x14, 0x1c000000     x14=1c000000
14026287ns          239924 1c008846 13472703 lw               x14, 308(x14)       x14=bab59551 x14:1c000000  PA:1c000134
14026585ns          239939 1c00884a 1307a783 lw               x15, 304(x15)       x15=37c23ab1 x15:1c000000  PA:1c000130
14026923ns          239956 1c00884e 70f577c3 fmadd.s          f15, f10, f15, f14  f15=xxxxxxxx f10:3d86ce61 f15:37c23ab1 f14:bab59551
14026943ns          239957 1c008852 1c000737 lui              x14, 0x1c000000     x14=1c000000
14026963ns          239958 1c008856 13872703 lw               x14, 312(x14)       x14=3d2aa76f x14:1c000000  PA:1c000138
14027281ns          239974 1c00885a 70f577c3 fmadd.s          f15, f10, f15, f14  f15=xxxxxxxx f10:3d86ce61 f15:bab5622d f14:3d2aa76f
14027301ns          239975 1c00885e 1c000737 lui              x14, 0x1c000000     x14=1c000000
14027321ns          239976 1c008862 13c72703 lw               x14, 316(x14)       x14=beffffe0 x14:1c000000  PA:1c00013c
14027640ns          239992 1c008866 70f577c3 fmadd.s          f15, f10, f15, f14  f15=xxxxxxxx f10:3d86ce61 f15:3d2a47eb f14:beffffe0
14027659ns          239993 1c00886a 1c000737 lui              x14, 0x1c000000     x14=1c000000
14027679ns          239994 1c00886e 16872703 lw               x14, 360(x14)       x14=3f7fffff x14:1c000000  PA:1c000168
14027998ns          240010 1c008872 70f57543 fmadd.s          f10, f10, f15, f14  f10=xxxxxxxx f10:3d86ce61 f15:befe9934 f14:3f7fffff
14028017ns          240011 1c008876 20a51553 fsgnjn.s         f10, f10, f10       f10=xxxxxxxx f10:3f779ee8 f10:3f779ee8
14028037ns          240012 1c00887a 00008067 jalr             x0, x1, 0            x1:1c0081de
14028097ns          240015 1c0081de 016a7a53 fadd.s           f20, f20, f22       f20=xxxxxxxx f20:409f01a3 f22:3e533fc3
14028117ns          240016 1c0081e2 10acf553 fmul.s           f10, f25, f10       f10=xxxxxxxx f25:3f800000 f10:bf779ee8
14028137ns          240017 1c0081e6 a14a97d3 flt.s            x15, f21, f20       x15=00000000 f21:40c90fdb f20:40a59ba1
14028157ns          240018 1c0081ea 00a4222b p.sw             x10, 4(x8!)          x8=10000dfc x10:bf779ee8  x8:10000df8  PA:10000df8
14028177ns          240019 1c0081ee 00078363 beq              x15, x0, 6          x15:00000000
14028236ns          240022 1c0081f4 ff7412e3 bne              x8, x23, -28         x8:10000dfc x23:10000fc8
14028296ns          240025 1c0081d8 094c7553 fsub.s           f10, f24, f20       f10=xxxxxxxx f24:3fc90fdb f20:40a59ba1
14028316ns          240026 1c0081dc 57c000ef jal              x1, 1404             x1=1c0081de
14028356ns          240028 1c008758 a0a527d3 feq.s            x15, f10, f10       x15=00000001 f10:c066af54 f10:c066af54
14028375ns          240029 1c00875c 0a078b63 beq              x15, x0, 182        x15:00000001
14028395ns          240030 1c00875e e00517d3 fclass.s         x15, f10            x15=00000002 f10:c066af54
14028415ns          240031 1c008762 0817f793 andi             x15, x15, 129       x15=00000000 x15:00000002
14028435ns          240032 1c008766 0a079663 bne              x15, x0, 172        x15:00000000
14028455ns          240033 1c008768 00000793 addi             x15, x0, 0          x15=00000000
14028475ns          240034 1c00876c a0f517d3 flt.s            x15, f10, f15       x15=00000001 f10:c066af54 f15:00000000
14028495ns          240035 1c008770 0a079663 bne              x15, x0, 172        x15:00000001
14028554ns          240038 1c00881c 1c0007b7 lui              x15, 0x1c000000     x15=1c000000
14028574ns          240039 1c008820 12c7a783 lw               x15, 300(x15)       x15=c0c90fdb x15:1c000000  PA:1c00012c
14028913ns          240056 1c008824 a0f517d3 flt.s            x15, f10, f15       x15=00000000 f10:c066af54 f15:c0c90fdb
14028932ns          240057 1c008828 00078463 beq              x15, x0, 8          x15:00000000
14028992ns          240060 1c008830 20a51553 fsgnjn.s         f10, f10, f10       f10=xxxxxxxx f10:c066af54 f10:c066af54
14029012ns          240061 1c008834 f6bff06f jal              x0, -150           
14029072ns          240064 1c00879e 1c0007b7 lui              x15, 0x1c000000     x15=1c000000
14029092ns          240065 1c0087a2 01c7a783 lw               x15, 28(x15)        x15=3fc90fdb x15:1c000000  PA:1c00001c
14029410ns          240081 1c0087a6 a0f517d3 flt.s            x15, f10, f15       x15=00000000 f10:4066af54 f15:3fc90fdb
14029430ns          240082 1c0087aa 02079563 bne              x15, x0, 42         x15:00000000
14029450ns          240083 1c0087ac 1c0007b7 lui              x15, 0x1c000000     x15=1c000000
14029469ns          240084 1c0087b0 1007a783 lw               x15, 256(x15)       x15=40490fdb x15:1c000000  PA:1c000100
14029788ns          240100 1c0087b4 a0f51753 flt.s            x14, f10, f15       x14=00000000 f10:4066af54 f15:40490fdb
14029808ns          240101 1c0087b8 06071f63 bne              x14, x0, 126        x14:00000000
14029828ns          240102 1c0087ba 1c000737 lui              x14, 0x1c000000     x14=1c000000
14029847ns          240103 1c0087be 14072703 lw               x14, 320(x14)       x14=4096cbe4 x14:1c000000  PA:1c000140
14030166ns          240119 1c0087c2 a0e51753 flt.s            x14, f10, f14       x14=00000001 f10:4066af54 f14:4096cbe4
14030186ns          240120 1c0087c6 0a071b63 bne              x14, x0, 182        x14:00000001
14030245ns          240123 1c00887c 08f57553 fsub.s           f10, f10, f15       f10=xxxxxxxx f10:4066af54 f15:40490fdb
14030265ns          240124 1c008880 fbbff06f jal              x0, -70            
14030325ns          240127 1c00883a 10a57553 fmul.s           f10, f10, f10       f10=xxxxxxxx f10:3eecfbc8 f10:3eecfbc8
14030345ns          240128 1c00883e 1c0007b7 lui              x15, 0x1c000000     x15=1c000000
14030365ns          240129 1c008842 1c000737 lui              x14, 0x1c000000     x14=1c000000
14030384ns          240130 1c008846 13472703 lw               x14, 308(x14)       x14=bab59551 x14:1c000000  PA:1c000134
14030703ns          240146 1c00884a 1307a783 lw               x15, 304(x15)       x15=37c23ab1 x15:1c000000  PA:1c000130
14031081ns          240165 1c00884e 70f577c3 fmadd.s          f15, f10, f15, f14  f15=xxxxxxxx f10:3e5b6130 f15:37c23ab1 f14:bab59551
14031101ns          240166 1c008852 1c000737 lui              x14, 0x1c000000     x14=1c000000
14031120ns          240167 1c008856 13872703 lw               x14, 312(x14)       x14=3d2aa76f x14:1c000000  PA:1c000138
14031478ns          240185 1c00885a 70f577c3 fmadd.s          f15, f10, f15, f14  f15=xxxxxxxx f10:3e5b6130 f15:bab4eedf f14:3d2aa76f
14031498ns          240186 1c00885e 1c000737 lui              x14, 0x1c000000     x14=1c000000
14031518ns          240187 1c008862 13c72703 lw               x14, 316(x14)       x14=beffffe0 x14:1c000000  PA:1c00013c
14031836ns          240203 1c008866 70f577c3 fmadd.s          f15, f10, f15, f14  f15=xxxxxxxx f10:3e5b6130 f15:3d297155 f14:beffffe0
14031856ns          240204 1c00886a 1c000737 lui              x14, 0x1c000000     x14=1c000000
14031876ns          240205 1c00886e 16872703 lw               x14, 360(x14)       x14=3f7fffff x14:1c000000  PA:1c000168
14032214ns          240222 1c008872 70f57543 fmadd.s          f10, f10, f15, f14  f10=xxxxxxxx f10:3e5b6130 f15:befb763e f14:3f7fffff
14032234ns          240223 1c008876 20a51553 fsgnjn.s         f10, f10, f10       f10=xxxxxxxx f10:3f65104b f10:3f65104b
14032254ns          240224 1c00887a 00008067 jalr             x0, x1, 0            x1:1c0081de
14032314ns          240227 1c0081de 016a7a53 fadd.s           f20, f20, f22       f20=xxxxxxxx f20:40a59ba1 f22:3e533fc3
14032334ns          240228 1c0081e2 10acf553 fmul.s           f10, f25, f10       f10=xxxxxxxx f25:3f800000 f10:bf65104b
14032354ns          240229 1c0081e6 a14a97d3 flt.s            x15, f21, f20       x15=00000000 f21:40c90fdb f20:40ac359f
14032374ns          240230 1c0081ea 00a4222b p.sw             x10, 4(x8!)          x8=10000e00 x10:bf65104b  x8:10000dfc  PA:10000dfc
14032393ns          240231 1c0081ee 00078363 beq              x15, x0, 6          x15:00000000
14032453ns          240234 1c0081f4 ff7412e3 bne              x8, x23, -28         x8:10000e00 x23:10000fc8
14032513ns          240237 1c0081d8 094c7553 fsub.s           f10, f24, f20       f10=xxxxxxxx f24:3fc90fdb f20:40ac359f
14032533ns          240238 1c0081dc 57c000ef jal              x1, 1404             x1=1c0081de
14032572ns          240240 1c008758 a0a527d3 feq.s            x15, f10, f10       x15=00000001 f10:c073e350 f10:c073e350
14032592ns          240241 1c00875c 0a078b63 beq              x15, x0, 182        x15:00000001
14032612ns          240242 1c00875e e00517d3 fclass.s         x15, f10            x15=00000002 f10:c073e350
14032632ns          240243 1c008762 0817f793 andi             x15, x15, 129       x15=00000000 x15:00000002
14032652ns          240244 1c008766 0a079663 bne              x15, x0, 172        x15:00000000
14032672ns          240245 1c008768 00000793 addi             x15, x0, 0          x15=00000000
14032692ns          240246 1c00876c a0f517d3 flt.s            x15, f10, f15       x15=00000001 f10:c073e350 f15:00000000
14032712ns          240247 1c008770 0a079663 bne              x15, x0, 172        x15:00000001
14032771ns          240250 1c00881c 1c0007b7 lui              x15, 0x1c000000     x15=1c000000
14032791ns          240251 1c008820 12c7a783 lw               x15, 300(x15)       x15=c0c90fdb x15:1c000000  PA:1c00012c
14033109ns          240267 1c008824 a0f517d3 flt.s            x15, f10, f15       x15=00000000 f10:c073e350 f15:c0c90fdb
14033129ns          240268 1c008828 00078463 beq              x15, x0, 8          x15:00000000
14033189ns          240271 1c008830 20a51553 fsgnjn.s         f10, f10, f10       f10=xxxxxxxx f10:c073e350 f10:c073e350
14033209ns          240272 1c008834 f6bff06f jal              x0, -150           
14033269ns          240275 1c00879e 1c0007b7 lui              x15, 0x1c000000     x15=1c000000
14033288ns          240276 1c0087a2 01c7a783 lw               x15, 28(x15)        x15=3fc90fdb x15:1c000000  PA:1c00001c
14033627ns          240293 1c0087a6 a0f517d3 flt.s            x15, f10, f15       x15=00000000 f10:4073e350 f15:3fc90fdb
14033647ns          240294 1c0087aa 02079563 bne              x15, x0, 42         x15:00000000
14033666ns          240295 1c0087ac 1c0007b7 lui              x15, 0x1c000000     x15=1c000000
14033686ns          240296 1c0087b0 1007a783 lw               x15, 256(x15)       x15=40490fdb x15:1c000000  PA:1c000100
14034005ns          240312 1c0087b4 a0f51753 flt.s            x14, f10, f15       x14=00000000 f10:4073e350 f15:40490fdb
14034024ns          240313 1c0087b8 06071f63 bne              x14, x0, 126        x14:00000000
14034044ns          240314 1c0087ba 1c000737 lui              x14, 0x1c000000     x14=1c000000
14034064ns          240315 1c0087be 14072703 lw               x14, 320(x14)       x14=4096cbe4 x14:1c000000  PA:1c000140
14034382ns          240331 1c0087c2 a0e51753 flt.s            x14, f10, f14       x14=00000001 f10:4073e350 f14:4096cbe4
14034402ns          240332 1c0087c6 0a071b63 bne              x14, x0, 182        x14:00000001
14034462ns          240335 1c00887c 08f57553 fsub.s           f10, f10, f15       f10=xxxxxxxx f10:4073e350 f15:40490fdb
14034482ns          240336 1c008880 fbbff06f jal              x0, -70            
14034542ns          240339 1c00883a 10a57553 fmul.s           f10, f10, f10       f10=xxxxxxxx f10:3f2b4dd4 f10:3f2b4dd4
14034562ns          240340 1c00883e 1c0007b7 lui              x15, 0x1c000000     x15=1c000000
14034581ns          240341 1c008842 1c000737 lui              x14, 0x1c000000     x14=1c000000
14034601ns          240342 1c008846 13472703 lw               x14, 308(x14)       x14=bab59551 x14:1c000000  PA:1c000134
14034920ns          240358 1c00884a 1307a783 lw               x15, 304(x15)       x15=37c23ab1 x15:1c000000  PA:1c000130
14035238ns          240374 1c00884e 70f577c3 fmadd.s          f15, f10, f15, f14  f15=xxxxxxxx f10:3ee54222 f15:37c23ab1 f14:bab59551
14035258ns          240375 1c008852 1c000737 lui              x14, 0x1c000000     x14=1c000000
14035278ns          240376 1c008856 13872703 lw               x14, 312(x14)       x14=3d2aa76f x14:1c000000  PA:1c000138
14035596ns          240392 1c00885a 70f577c3 fmadd.s          f15, f10, f15, f14  f15=xxxxxxxx f10:3ee54222 f15:bab43970 f14:3d2aa76f
14035616ns          240393 1c00885e 1c000737 lui              x14, 0x1c000000     x14=1c000000
14035636ns          240394 1c008862 13c72703 lw               x14, 316(x14)       x14=beffffe0 x14:1c000000  PA:1c00013c
14035954ns          240410 1c008866 70f577c3 fmadd.s          f15, f10, f15, f14  f15=xxxxxxxx f10:3ee54222 f15:3d2821d7 f14:beffffe0
14035974ns          240411 1c00886a 1c000737 lui              x14, 0x1c000000     x14=1c000000
14035994ns          240412 1c00886e 16872703 lw               x14, 360(x14)       x14=3f7fffff x14:1c000000  PA:1c000168
14036312ns          240428 1c008872 70f57543 fmadd.s          f10, f10, f15, f14  f10=xxxxxxxx f10:3ee54222 f15:bef696c5 f14:3f7fffff
14036332ns          240429 1c008876 20a51553 fsgnjn.s         f10, f10, f10       f10=xxxxxxxx f10:3f48cadb f10:3f48cadb
14036352ns          240430 1c00887a 00008067 jalr             x0, x1, 0            x1:1c0081de
14036411ns          240433 1c0081de 016a7a53 fadd.s           f20, f20, f22       f20=xxxxxxxx f20:40ac359f f22:3e533fc3
14036431ns          240434 1c0081e2 10acf553 fmul.s           f10, f25, f10       f10=xxxxxxxx f25:3f800000 f10:bf48cadb
14036451ns          240435 1c0081e6 a14a97d3 flt.s            x15, f21, f20       x15=00000000 f21:40c90fdb f20:40b2cf9d
14036471ns          240436 1c0081ea 00a4222b p.sw             x10, 4(x8!)          x8=10000e04 x10:bf48cadb  x8:10000e00  PA:10000e00
14036491ns          240437 1c0081ee 00078363 beq              x15, x0, 6          x15:00000000
14036551ns          240440 1c0081f4 ff7412e3 bne              x8, x23, -28         x8:10000e04 x23:10000fc8
14036610ns          240443 1c0081d8 094c7553 fsub.s           f10, f24, f20       f10=xxxxxxxx f24:3fc90fdb f20:40b2cf9d
14036630ns          240444 1c0081dc 57c000ef jal              x1, 1404             x1=1c0081de
14036670ns          240446 1c008758 a0a527d3 feq.s            x15, f10, f10       x15=00000001 f10:c0808ba6 f10:c0808ba6
14036690ns          240447 1c00875c 0a078b63 beq              x15, x0, 182        x15:00000001
14036710ns          240448 1c00875e e00517d3 fclass.s         x15, f10            x15=00000002 f10:c0808ba6
14036730ns          240449 1c008762 0817f793 andi             x15, x15, 129       x15=00000000 x15:00000002
14036749ns          240450 1c008766 0a079663 bne              x15, x0, 172        x15:00000000
14036769ns          240451 1c008768 00000793 addi             x15, x0, 0          x15=00000000
14036789ns          240452 1c00876c a0f517d3 flt.s            x15, f10, f15       x15=00000001 f10:c0808ba6 f15:00000000
14036809ns          240453 1c008770 0a079663 bne              x15, x0, 172        x15:00000001
14036869ns          240456 1c00881c 1c0007b7 lui              x15, 0x1c000000     x15=1c000000
14036889ns          240457 1c008820 12c7a783 lw               x15, 300(x15)       x15=c0c90fdb x15:1c000000  PA:1c00012c
14037207ns          240473 1c008824 a0f517d3 flt.s            x15, f10, f15       x15=00000000 f10:c0808ba6 f15:c0c90fdb
14037227ns          240474 1c008828 00078463 beq              x15, x0, 8          x15:00000000
14037287ns          240477 1c008830 20a51553 fsgnjn.s         f10, f10, f10       f10=xxxxxxxx f10:c0808ba6 f10:c0808ba6
14037306ns          240478 1c008834 f6bff06f jal              x0, -150           
14037366ns          240481 1c00879e 1c0007b7 lui              x15, 0x1c000000     x15=1c000000
14037386ns          240482 1c0087a2 01c7a783 lw               x15, 28(x15)        x15=3fc90fdb x15:1c000000  PA:1c00001c
14037704ns          240498 1c0087a6 a0f517d3 flt.s            x15, f10, f15       x15=00000000 f10:40808ba6 f15:3fc90fdb
14037724ns          240499 1c0087aa 02079563 bne              x15, x0, 42         x15:00000000
14037744ns          240500 1c0087ac 1c0007b7 lui              x15, 0x1c000000     x15=1c000000
14037764ns          240501 1c0087b0 1007a783 lw               x15, 256(x15)       x15=40490fdb x15:1c000000  PA:1c000100
14038162ns          240521 1c0087b4 a0f51753 flt.s            x14, f10, f15       x14=00000000 f10:40808ba6 f15:40490fdb
14038182ns          240522 1c0087b8 06071f63 bne              x14, x0, 126        x14:00000000
14038202ns          240523 1c0087ba 1c000737 lui              x14, 0x1c000000     x14=1c000000
14038221ns          240524 1c0087be 14072703 lw               x14, 320(x14)       x14=4096cbe4 x14:1c000000  PA:1c000140
14038560ns          240541 1c0087c2 a0e51753 flt.s            x14, f10, f14       x14=00000001 f10:40808ba6 f14:4096cbe4
14038579ns          240542 1c0087c6 0a071b63 bne              x14, x0, 182        x14:00000001
14038639ns          240545 1c00887c 08f57553 fsub.s           f10, f10, f15       f10=xxxxxxxx f10:40808ba6 f15:40490fdb
14038659ns          240546 1c008880 fbbff06f jal              x0, -70            
14038719ns          240549 1c00883a 10a57553 fmul.s           f10, f10, f10       f10=xxxxxxxx f10:3f601dc4 f10:3f601dc4
14038739ns          240550 1c00883e 1c0007b7 lui              x15, 0x1c000000     x15=1c000000
14038758ns          240551 1c008842 1c000737 lui              x14, 0x1c000000     x14=1c000000
14038778ns          240552 1c008846 13472703 lw               x14, 308(x14)       x14=bab59551 x14:1c000000  PA:1c000134
14039077ns          240567 1c00884a 1307a783 lw               x15, 304(x15)       x15=37c23ab1 x15:1c000000  PA:1c000130
14039395ns          240583 1c00884e 70f577c3 fmadd.s          f15, f10, f15, f14  f15=xxxxxxxx f10:3f44341a f15:37c23ab1 f14:bab59551
14039415ns          240584 1c008852 1c000737 lui              x14, 0x1c000000     x14=1c000000
14039435ns          240585 1c008856 13872703 lw               x14, 312(x14)       x14=3d2aa76f x14:1c000000  PA:1c000138
14039753ns          240601 1c00885a 70f577c3 fmadd.s          f15, f10, f15, f14  f15=xxxxxxxx f10:3f44341a f15:bab341df f14:3d2aa76f
14039773ns          240602 1c00885e 1c000737 lui              x14, 0x1c000000     x14=1c000000
14039793ns          240603 1c008862 13c72703 lw               x14, 316(x14)       x14=beffffe0 x14:1c000000  PA:1c00013c
14040111ns          240619 1c008866 70f577c3 fmadd.s          f15, f10, f15, f14  f15=xxxxxxxx f10:3f44341a f15:3d265c58 f14:beffffe0
14040131ns          240620 1c00886a 1c000737 lui              x14, 0x1c000000     x14=1c000000
14040151ns          240621 1c00886e 16872703 lw               x14, 360(x14)       x14=3f7fffff x14:1c000000  PA:1c000168
14040469ns          240637 1c008872 70f57543 fmadd.s          f10, f10, f15, f14  f10=xxxxxxxx f10:3f44341a f15:bef00fce f14:3f7fffff
14040489ns          240638 1c008876 20a51553 fsgnjn.s         f10, f10, f10       f10=xxxxxxxx f10:3f240184 f10:3f240184
14040509ns          240639 1c00887a 00008067 jalr             x0, x1, 0            x1:1c0081de
14040569ns          240642 1c0081de 016a7a53 fadd.s           f20, f20, f22       f20=xxxxxxxx f20:40b2cf9d f22:3e533fc3
14040588ns          240643 1c0081e2 10acf553 fmul.s           f10, f25, f10       f10=xxxxxxxx f25:3f800000 f10:bf240184
14040608ns          240644 1c0081e6 a14a97d3 flt.s            x15, f21, f20       x15=00000000 f21:40c90fdb f20:40b9699b
14040628ns          240645 1c0081ea 00a4222b p.sw             x10, 4(x8!)          x8=10000e08 x10:bf240184  x8:10000e04  PA:10000e04
14040648ns          240646 1c0081ee 00078363 beq              x15, x0, 6          x15:00000000
14040708ns          240649 1c0081f4 ff7412e3 bne              x8, x23, -28         x8:10000e08 x23:10000fc8
14040767ns          240652 1c0081d8 094c7553 fsub.s           f10, f24, f20       f10=xxxxxxxx f24:3fc90fdb f20:40b9699b
14040787ns          240653 1c0081dc 57c000ef jal              x1, 1404             x1=1c0081de
14040827ns          240655 1c008758 a0a527d3 feq.s            x15, f10, f10       x15=00000001 f10:c08725a4 f10:c08725a4
14040847ns          240656 1c00875c 0a078b63 beq              x15, x0, 182        x15:00000001
14040867ns          240657 1c00875e e00517d3 fclass.s         x15, f10            x15=00000002 f10:c08725a4
14040887ns          240658 1c008762 0817f793 andi             x15, x15, 129       x15=00000000 x15:00000002
14040907ns          240659 1c008766 0a079663 bne              x15, x0, 172        x15:00000000
14040927ns          240660 1c008768 00000793 addi             x15, x0, 0          x15=00000000
14040946ns          240661 1c00876c a0f517d3 flt.s            x15, f10, f15       x15=00000001 f10:c08725a4 f15:00000000
14040966ns          240662 1c008770 0a079663 bne              x15, x0, 172        x15:00000001
14041026ns          240665 1c00881c 1c0007b7 lui              x15, 0x1c000000     x15=1c000000
14041046ns          240666 1c008820 12c7a783 lw               x15, 300(x15)       x15=c0c90fdb x15:1c000000  PA:1c00012c
14041364ns          240682 1c008824 a0f517d3 flt.s            x15, f10, f15       x15=00000000 f10:c08725a4 f15:c0c90fdb
14041384ns          240683 1c008828 00078463 beq              x15, x0, 8          x15:00000000
14041444ns          240686 1c008830 20a51553 fsgnjn.s         f10, f10, f10       f10=xxxxxxxx f10:c08725a4 f10:c08725a4
14041464ns          240687 1c008834 f6bff06f jal              x0, -150           
14041523ns          240690 1c00879e 1c0007b7 lui              x15, 0x1c000000     x15=1c000000
14041543ns          240691 1c0087a2 01c7a783 lw               x15, 28(x15)        x15=3fc90fdb x15:1c000000  PA:1c00001c
14041861ns          240707 1c0087a6 a0f517d3 flt.s            x15, f10, f15       x15=00000000 f10:408725a4 f15:3fc90fdb
14041881ns          240708 1c0087aa 02079563 bne              x15, x0, 42         x15:00000000
14041901ns          240709 1c0087ac 1c0007b7 lui              x15, 0x1c000000     x15=1c000000
14041921ns          240710 1c0087b0 1007a783 lw               x15, 256(x15)       x15=40490fdb x15:1c000000  PA:1c000100
14042239ns          240726 1c0087b4 a0f51753 flt.s            x14, f10, f15       x14=00000000 f10:408725a4 f15:40490fdb
14042259ns          240727 1c0087b8 06071f63 bne              x14, x0, 126        x14:00000000
14042279ns          240728 1c0087ba 1c000737 lui              x14, 0x1c000000     x14=1c000000
14042299ns          240729 1c0087be 14072703 lw               x14, 320(x14)       x14=4096cbe4 x14:1c000000  PA:1c000140
14042637ns          240746 1c0087c2 a0e51753 flt.s            x14, f10, f14       x14=00000001 f10:408725a4 f14:4096cbe4
14042657ns          240747 1c0087c6 0a071b63 bne              x14, x0, 182        x14:00000001
14042717ns          240750 1c00887c 08f57553 fsub.s           f10, f10, f15       f10=xxxxxxxx f10:408725a4 f15:40490fdb
14042737ns          240751 1c008880 fbbff06f jal              x0, -70            
14042796ns          240754 1c00883a 10a57553 fmul.s           f10, f10, f10       f10=xxxxxxxx f10:3f8a76da f10:3f8a76da
14042816ns          240755 1c00883e 1c0007b7 lui              x15, 0x1c000000     x15=1c000000
14042836ns          240756 1c008842 1c000737 lui              x14, 0x1c000000     x14=1c000000
14042856ns          240757 1c008846 13472703 lw               x14, 308(x14)       x14=bab59551 x14:1c000000  PA:1c000134
14043154ns          240772 1c00884a 1307a783 lw               x15, 304(x15)       x15=37c23ab1 x15:1c000000  PA:1c000130
14043473ns          240788 1c00884e 70f577c3 fmadd.s          f15, f10, f15, f14  f15=xxxxxxxx f10:3f95c8b4 f15:37c23ab1 f14:bab59551
14043492ns          240789 1c008852 1c000737 lui              x14, 0x1c000000     x14=1c000000
14043512ns          240790 1c008856 13872703 lw               x14, 312(x14)       x14=3d2aa76f x14:1c000000  PA:1c000138
14043831ns          240806 1c00885a 70f577c3 fmadd.s          f15, f10, f15, f14  f15=xxxxxxxx f10:3f95c8b4 f15:bab2082e f14:3d2aa76f
14043850ns          240807 1c00885e 1c000737 lui              x14, 0x1c000000     x14=1c000000
14043870ns          240808 1c008862 13c72703 lw               x14, 316(x14)       x14=beffffe0 x14:1c000000  PA:1c00013c
14044209ns          240825 1c008866 70f577c3 fmadd.s          f15, f10, f15, f14  f15=xxxxxxxx f10:3f95c8b4 f15:3d2424ca f14:beffffe0
14044228ns          240826 1c00886a 1c000737 lui              x14, 0x1c000000     x14=1c000000
14044248ns          240827 1c00886e 16872703 lw               x14, 360(x14)       x14=3f7fffff x14:1c000000  PA:1c000168
14044567ns          240843 1c008872 70f57543 fmadd.s          f10, f10, f15, f14  f10=xxxxxxxx f10:3f95c8b4 f15:bee7fd5a f14:3f7fffff
14044586ns          240844 1c008876 20a51553 fsgnjn.s         f10, f10, f10       f10=xxxxxxxx f10:3ef08751 f10:3ef08751
14044606ns          240845 1c00887a 00008067 jalr             x0, x1, 0            x1:1c0081de
14044666ns          240848 1c0081de 016a7a53 fadd.s           f20, f20, f22       f20=xxxxxxxx f20:40b9699b f22:3e533fc3
14044686ns          240849 1c0081e2 10acf553 fmul.s           f10, f25, f10       f10=xxxxxxxx f25:3f800000 f10:bef08751
14044706ns          240850 1c0081e6 a14a97d3 flt.s            x15, f21, f20       x15=00000000 f21:40c90fdb f20:40c00399
14044726ns          240851 1c0081ea 00a4222b p.sw             x10, 4(x8!)          x8=10000e0c x10:bef08751  x8:10000e08  PA:10000e08
14044746ns          240852 1c0081ee 00078363 beq              x15, x0, 6          x15:00000000
14044805ns          240855 1c0081f4 ff7412e3 bne              x8, x23, -28         x8:10000e0c x23:10000fc8
14044865ns          240858 1c0081d8 094c7553 fsub.s           f10, f24, f20       f10=xxxxxxxx f24:3fc90fdb f20:40c00399
14044885ns          240859 1c0081dc 57c000ef jal              x1, 1404             x1=1c0081de
14044925ns          240861 1c008758 a0a527d3 feq.s            x15, f10, f10       x15=00000001 f10:c08dbfa2 f10:c08dbfa2
14044944ns          240862 1c00875c 0a078b63 beq              x15, x0, 182        x15:00000001
14044964ns          240863 1c00875e e00517d3 fclass.s         x15, f10            x15=00000002 f10:c08dbfa2
14044984ns          240864 1c008762 0817f793 andi             x15, x15, 129       x15=00000000 x15:00000002
14045004ns          240865 1c008766 0a079663 bne              x15, x0, 172        x15:00000000
14045024ns          240866 1c008768 00000793 addi             x15, x0, 0          x15=00000000
14045044ns          240867 1c00876c a0f517d3 flt.s            x15, f10, f15       x15=00000001 f10:c08dbfa2 f15:00000000
14045064ns          240868 1c008770 0a079663 bne              x15, x0, 172        x15:00000001
14045123ns          240871 1c00881c 1c0007b7 lui              x15, 0x1c000000     x15=1c000000
14045143ns          240872 1c008820 12c7a783 lw               x15, 300(x15)       x15=c0c90fdb x15:1c000000  PA:1c00012c
14045521ns          240891 1c008824 a0f517d3 flt.s            x15, f10, f15       x15=00000000 f10:c08dbfa2 f15:c0c90fdb
14045541ns          240892 1c008828 00078463 beq              x15, x0, 8          x15:00000000
14045601ns          240895 1c008830 20a51553 fsgnjn.s         f10, f10, f10       f10=xxxxxxxx f10:c08dbfa2 f10:c08dbfa2
14045621ns          240896 1c008834 f6bff06f jal              x0, -150           
14045680ns          240899 1c00879e 1c0007b7 lui              x15, 0x1c000000     x15=1c000000
14045700ns          240900 1c0087a2 01c7a783 lw               x15, 28(x15)        x15=3fc90fdb x15:1c000000  PA:1c00001c
14046019ns          240916 1c0087a6 a0f517d3 flt.s            x15, f10, f15       x15=00000000 f10:408dbfa2 f15:3fc90fdb
14046038ns          240917 1c0087aa 02079563 bne              x15, x0, 42         x15:00000000
14046058ns          240918 1c0087ac 1c0007b7 lui              x15, 0x1c000000     x15=1c000000
14046078ns          240919 1c0087b0 1007a783 lw               x15, 256(x15)       x15=40490fdb x15:1c000000  PA:1c000100
14046416ns          240936 1c0087b4 a0f51753 flt.s            x14, f10, f15       x14=00000000 f10:408dbfa2 f15:40490fdb
14046436ns          240937 1c0087b8 06071f63 bne              x14, x0, 126        x14:00000000
14046456ns          240938 1c0087ba 1c000737 lui              x14, 0x1c000000     x14=1c000000
14046476ns          240939 1c0087be 14072703 lw               x14, 320(x14)       x14=4096cbe4 x14:1c000000  PA:1c000140
14046834ns          240957 1c0087c2 a0e51753 flt.s            x14, f10, f14       x14=00000001 f10:408dbfa2 f14:4096cbe4
14046854ns          240958 1c0087c6 0a071b63 bne              x14, x0, 182        x14:00000001
14046914ns          240961 1c00887c 08f57553 fsub.s           f10, f10, f15       f10=xxxxxxxx f10:408dbfa2 f15:40490fdb
14046934ns          240962 1c008880 fbbff06f jal              x0, -70            
14046993ns          240965 1c00883a 10a57553 fmul.s           f10, f10, f10       f10=xxxxxxxx f10:3fa4ded2 f10:3fa4ded2
14047013ns          240966 1c00883e 1c0007b7 lui              x15, 0x1c000000     x15=1c000000
14047033ns          240967 1c008842 1c000737 lui              x14, 0x1c000000     x14=1c000000
14047053ns          240968 1c008846 13472703 lw               x14, 308(x14)       x14=bab59551 x14:1c000000  PA:1c000134
14047351ns          240983 1c00884a 1307a783 lw               x15, 304(x15)       x15=37c23ab1 x15:1c000000  PA:1c000130
14047670ns          240999 1c00884e 70f577c3 fmadd.s          f15, f10, f15, f14  f15=xxxxxxxx f10:3fd45c7e f15:37c23ab1 f14:bab59551
14047689ns          241000 1c008852 1c000737 lui              x14, 0x1c000000     x14=1c000000
14047709ns          241001 1c008856 13872703 lw               x14, 312(x14)       x14=3d2aa76f x14:1c000000  PA:1c000138
14048028ns          241017 1c00885a 70f577c3 fmadd.s          f15, f10, f15, f14  f15=xxxxxxxx f10:3fd45c7e f15:bab08c5b f14:3d2aa76f
14048047ns          241018 1c00885e 1c000737 lui              x14, 0x1c000000     x14=1c000000
14048067ns          241019 1c008862 13c72703 lw               x14, 316(x14)       x14=beffffe0 x14:1c000000  PA:1c00013c
14048386ns          241035 1c008866 70f577c3 fmadd.s          f15, f10, f15, f14  f15=xxxxxxxx f10:3fd45c7e f15:3d21802f f14:beffffe0
14048405ns          241036 1c00886a 1c000737 lui              x14, 0x1c000000     x14=1c000000
14048425ns          241037 1c00886e 16872703 lw               x14, 360(x14)       x14=3f7fffff x14:1c000000  PA:1c000168
14048783ns          241055 1c008872 70f57543 fmadd.s          f10, f10, f15, f14  f10=xxxxxxxx f10:3fd45c7e f15:bede81c0 f14:3f7fffff
14048803ns          241056 1c008876 20a51553 fsgnjn.s         f10, f10, f10       f10=xxxxxxxx f10:3e8ed850 f10:3e8ed850
14048823ns          241057 1c00887a 00008067 jalr             x0, x1, 0            x1:1c0081de
14048883ns          241060 1c0081de 016a7a53 fadd.s           f20, f20, f22       f20=xxxxxxxx f20:40c00399 f22:3e533fc3
14048903ns          241061 1c0081e2 10acf553 fmul.s           f10, f25, f10       f10=xxxxxxxx f25:3f800000 f10:be8ed850
14048923ns          241062 1c0081e6 a14a97d3 flt.s            x15, f21, f20       x15=00000000 f21:40c90fdb f20:40c69d97
14048943ns          241063 1c0081ea 00a4222b p.sw             x10, 4(x8!)          x8=10000e10 x10:be8ed850  x8:10000e0c  PA:10000e0c
14048962ns          241064 1c0081ee 00078363 beq              x15, x0, 6          x15:00000000
14049022ns          241067 1c0081f4 ff7412e3 bne              x8, x23, -28         x8:10000e10 x23:10000fc8
14049082ns          241070 1c0081d8 094c7553 fsub.s           f10, f24, f20       f10=xxxxxxxx f24:3fc90fdb f20:40c69d97
14049102ns          241071 1c0081dc 57c000ef jal              x1, 1404             x1=1c0081de
14049141ns          241073 1c008758 a0a527d3 feq.s            x15, f10, f10       x15=00000001 f10:c09459a0 f10:c09459a0
14049161ns          241074 1c00875c 0a078b63 beq              x15, x0, 182        x15:00000001
14049181ns          241075 1c00875e e00517d3 fclass.s         x15, f10            x15=00000002 f10:c09459a0
14049201ns          241076 1c008762 0817f793 andi             x15, x15, 129       x15=00000000 x15:00000002
14049221ns          241077 1c008766 0a079663 bne              x15, x0, 172        x15:00000000
14049241ns          241078 1c008768 00000793 addi             x15, x0, 0          x15=00000000
14049261ns          241079 1c00876c a0f517d3 flt.s            x15, f10, f15       x15=00000001 f10:c09459a0 f15:00000000
14049281ns          241080 1c008770 0a079663 bne              x15, x0, 172        x15:00000001
14049340ns          241083 1c00881c 1c0007b7 lui              x15, 0x1c000000     x15=1c000000
14049360ns          241084 1c008820 12c7a783 lw               x15, 300(x15)       x15=c0c90fdb x15:1c000000  PA:1c00012c
14049698ns          241101 1c008824 a0f517d3 flt.s            x15, f10, f15       x15=00000000 f10:c09459a0 f15:c0c90fdb
14049718ns          241102 1c008828 00078463 beq              x15, x0, 8          x15:00000000
14049778ns          241105 1c008830 20a51553 fsgnjn.s         f10, f10, f10       f10=xxxxxxxx f10:c09459a0 f10:c09459a0
14049798ns          241106 1c008834 f6bff06f jal              x0, -150           
14049857ns          241109 1c00879e 1c0007b7 lui              x15, 0x1c000000     x15=1c000000
14049877ns          241110 1c0087a2 01c7a783 lw               x15, 28(x15)        x15=3fc90fdb x15:1c000000  PA:1c00001c
14050196ns          241126 1c0087a6 a0f517d3 flt.s            x15, f10, f15       x15=00000000 f10:409459a0 f15:3fc90fdb
14050216ns          241127 1c0087aa 02079563 bne              x15, x0, 42         x15:00000000
14050235ns          241128 1c0087ac 1c0007b7 lui              x15, 0x1c000000     x15=1c000000
14050255ns          241129 1c0087b0 1007a783 lw               x15, 256(x15)       x15=40490fdb x15:1c000000  PA:1c000100
14050574ns          241145 1c0087b4 a0f51753 flt.s            x14, f10, f15       x14=00000000 f10:409459a0 f15:40490fdb
14050593ns          241146 1c0087b8 06071f63 bne              x14, x0, 126        x14:00000000
14050613ns          241147 1c0087ba 1c000737 lui              x14, 0x1c000000     x14=1c000000
14050633ns          241148 1c0087be 14072703 lw               x14, 320(x14)       x14=4096cbe4 x14:1c000000  PA:1c000140
14050951ns          241164 1c0087c2 a0e51753 flt.s            x14, f10, f14       x14=00000001 f10:409459a0 f14:4096cbe4
14050971ns          241165 1c0087c6 0a071b63 bne              x14, x0, 182        x14:00000001
14051031ns          241168 1c00887c 08f57553 fsub.s           f10, f10, f15       f10=xxxxxxxx f10:409459a0 f15:40490fdb
14051051ns          241169 1c008880 fbbff06f jal              x0, -70            
14051111ns          241172 1c00883a 10a57553 fmul.s           f10, f10, f10       f10=xxxxxxxx f10:3fbf46ca f10:3fbf46ca
14051130ns          241173 1c00883e 1c0007b7 lui              x15, 0x1c000000     x15=1c000000
14051150ns          241174 1c008842 1c000737 lui              x14, 0x1c000000     x14=1c000000
14051170ns          241175 1c008846 13472703 lw               x14, 308(x14)       x14=bab59551 x14:1c000000  PA:1c000134
14051469ns          241190 1c00884a 1307a783 lw               x15, 304(x15)       x15=37c23ab1 x15:1c000000  PA:1c000130
14051787ns          241206 1c00884e 70f577c3 fmadd.s          f15, f10, f15, f14  f15=xxxxxxxx f10:400eeab5 f15:37c23ab1 f14:bab59551
14051807ns          241207 1c008852 1c000737 lui              x14, 0x1c000000     x14=1c000000
14051827ns          241208 1c008856 13872703 lw               x14, 312(x14)       x14=3d2aa76f x14:1c000000  PA:1c000138
14052165ns          241225 1c00885a 70f577c3 fmadd.s          f15, f10, f15, f14  f15=xxxxxxxx f10:400eeab5 f15:baaece67 f14:3d2aa76f
14052185ns          241226 1c00885e 1c000737 lui              x14, 0x1c000000     x14=1c000000
14052205ns          241227 1c008862 13c72703 lw               x14, 316(x14)       x14=beffffe0 x14:1c000000  PA:1c00013c
14052523ns          241243 1c008866 70f577c3 fmadd.s          f15, f10, f15, f14  f15=xxxxxxxx f10:400eeab5 f15:3d1e7497 f14:beffffe0
14052543ns          241244 1c00886a 1c000737 lui              x14, 0x1c000000     x14=1c000000
14052563ns          241245 1c00886e 16872703 lw               x14, 360(x14)       x14=3f7fffff x14:1c000000  PA:1c000168
14052881ns          241261 1c008872 70f57543 fmadd.s          f10, f10, f15, f14  f10=xxxxxxxx f10:400eeab5 f15:bed3c4e7 f14:3f7fffff
14052901ns          241262 1c008876 20a51553 fsgnjn.s         f10, f10, f10       f10=xxxxxxxx f10:3d9c69fb f10:3d9c69fb
14052921ns          241263 1c00887a 00008067 jalr             x0, x1, 0            x1:1c0081de
14052980ns          241266 1c0081de 016a7a53 fadd.s           f20, f20, f22       f20=xxxxxxxx f20:40c69d97 f22:3e533fc3
14053000ns          241267 1c0081e2 10acf553 fmul.s           f10, f25, f10       f10=xxxxxxxx f25:3f800000 f10:bd9c69fb
14053020ns          241268 1c0081e6 a14a97d3 flt.s            x15, f21, f20       x15=00000001 f21:40c90fdb f20:40cd3795
14053040ns          241269 1c0081ea 00a4222b p.sw             x10, 4(x8!)          x8=10000e14 x10:bd9c69fb  x8:10000e10  PA:10000e10
14053060ns          241270 1c0081ee 00078363 beq              x15, x0, 6          x15:00000001
14053080ns          241271 1c0081f0 095a7a53 fsub.s           f20, f20, f21       f20=xxxxxxxx f20:40cd3795 f21:40c90fdb
14053100ns          241272 1c0081f4 ff7412e3 bne              x8, x23, -28         x8:10000e14 x23:10000fc8
14053159ns          241275 1c0081d8 094c7553 fsub.s           f10, f24, f20       f10=xxxxxxxx f24:3fc90fdb f20:3e04f740
14053179ns          241276 1c0081dc 57c000ef jal              x1, 1404             x1=1c0081de
14053219ns          241278 1c008758 a0a527d3 feq.s            x15, f10, f10       x15=00000001 f10:3fb870f3 f10:3fb870f3
14053239ns          241279 1c00875c 0a078b63 beq              x15, x0, 182        x15:00000001
14053259ns          241280 1c00875e e00517d3 fclass.s         x15, f10            x15=00000040 f10:3fb870f3
14053279ns          241281 1c008762 0817f793 andi             x15, x15, 129       x15=00000000 x15:00000040
14053299ns          241282 1c008766 0a079663 bne              x15, x0, 172        x15:00000000
14053318ns          241283 1c008768 00000793 addi             x15, x0, 0          x15=00000000
14053338ns          241284 1c00876c a0f517d3 flt.s            x15, f10, f15       x15=00000000 f10:3fb870f3 f15:00000000
14053358ns          241285 1c008770 0a079663 bne              x15, x0, 172        x15:00000000
14053378ns          241286 1c008772 1c000737 lui              x14, 0x1c000000     x14=1c000000
14053398ns          241287 1c008776 02072783 lw               x15, 32(x14)        x15=40c90fdb x14:1c000000  PA:1c000020
14053716ns          241303 1c00877a a0a797d3 flt.s            x15, f15, f10       x15=00000000 f15:40c90fdb f10:3fb870f3
14053736ns          241304 1c00877e 00078b63 beq              x15, x0, 22         x15:00000000
14053796ns          241307 1c008794 00000793 addi             x15, x0, 0          x15=00000000
14053816ns          241308 1c008798 a0f517d3 flt.s            x15, f10, f15       x15=00000000 f10:3fb870f3 f15:00000000
14053836ns          241309 1c00879c 08079a63 bne              x15, x0, 148        x15:00000000
14053856ns          241310 1c00879e 1c0007b7 lui              x15, 0x1c000000     x15=1c000000
14053875ns          241311 1c0087a2 01c7a783 lw               x15, 28(x15)        x15=3fc90fdb x15:1c000000  PA:1c00001c
14054194ns          241327 1c0087a6 a0f517d3 flt.s            x15, f10, f15       x15=00000001 f10:3fb870f3 f15:3fc90fdb
14054214ns          241328 1c0087aa 02079563 bne              x15, x0, 42         x15:00000001
14054273ns          241331 1c0087d4 10a57553 fmul.s           f10, f10, f10       f10=xxxxxxxx f10:3fb870f3 f10:3fb870f3
14054293ns          241332 1c0087d8 1c0007b7 lui              x15, 0x1c000000     x15=1c000000
14054313ns          241333 1c0087dc 1c000737 lui              x14, 0x1c000000     x14=1c000000
14054373ns          241336 1c0087e0 13472703 lw               x14, 308(x14)       x14=bab59551 x14:1c000000  PA:1c000134
14054711ns          241353 1c0087e4 1307a783 lw               x15, 304(x15)       x15=37c23ab1 x15:1c000000  PA:1c000130
14055029ns          241369 1c0087e8 70f577c3 fmadd.s          f15, f10, f15, f14  f15=xxxxxxxx f10:4004e28f f15:37c23ab1 f14:bab59551
14055049ns          241370 1c0087ec 1c000737 lui              x14, 0x1c000000     x14=1c000000
14055069ns          241371 1c0087f0 13872703 lw               x14, 312(x14)       x14=3d2aa76f x14:1c000000  PA:1c000138
14055407ns          241388 1c0087f4 70f577c3 fmadd.s          f15, f10, f15, f14  f15=xxxxxxxx f10:4004e28f f15:baaf482f f14:3d2aa76f
14055427ns          241389 1c0087f8 1c000737 lui              x14, 0x1c000000     x14=1c000000
14055447ns          241390 1c0087fc 13c72703 lw               x14, 316(x14)       x14=beffffe0 x14:1c000000  PA:1c00013c
14055765ns          241406 1c008800 70f577c3 fmadd.s          f15, f10, f15, f14  f15=xxxxxxxx f10:4004e28f f15:3d1f47e4 f14:beffffe0
14055785ns          241407 1c008804 1c000737 lui              x14, 0x1c000000     x14=1c000000
14055805ns          241408 1c008808 16872703 lw               x14, 360(x14)       x14=3f7fffff x14:1c000000  PA:1c000168
14056123ns          241424 1c00880c 70f57543 fmadd.s          f10, f10, f15, f14  f10=xxxxxxxx f10:4004e28f f15:bed6a8dc f14:3f7fffff
14056143ns          241425 1c008810 00008067 jalr             x0, x1, 0            x1:1c0081de
14056242ns          241430 1c0081de 016a7a53 fadd.s           f20, f20, f22       f20=xxxxxxxx f20:3e04f740 f22:3e533fc3
14056282ns          241432 1c0081e2 10acf553 fmul.s           f10, f25, f10       f10=xxxxxxxx f25:3f800000 f10:3e0497a9
14056302ns          241433 1c0081e6 a14a97d3 flt.s            x15, f21, f20       x15=00000000 f21:40c90fdb f20:3eac1b82
14056322ns          241434 1c0081ea 00a4222b p.sw             x10, 4(x8!)          x8=10000e18 x10:3e0497a9  x8:10000e14  PA:10000e14
14056342ns          241435 1c0081ee 00078363 beq              x15, x0, 6          x15:00000000
14056402ns          241438 1c0081f4 ff7412e3 bne              x8, x23, -28         x8:10000e18 x23:10000fc8
14056461ns          241441 1c0081d8 094c7553 fsub.s           f10, f24, f20       f10=xxxxxxxx f24:3fc90fdb f20:3eac1b82
14056481ns          241442 1c0081dc 57c000ef jal              x1, 1404             x1=1c0081de
14056521ns          241444 1c008758 a0a527d3 feq.s            x15, f10, f10       x15=00000001 f10:3f9e08fa f10:3f9e08fa
14056541ns          241445 1c00875c 0a078b63 beq              x15, x0, 182        x15:00000001
14056600ns          241448 1c00875e e00517d3 fclass.s         x15, f10            x15=00000040 f10:3f9e08fa
14056640ns          241450 1c008762 0817f793 andi             x15, x15, 129       x15=00000000 x15:00000040
14056660ns          241451 1c008766 0a079663 bne              x15, x0, 172        x15:00000000
14056680ns          241452 1c008768 00000793 addi             x15, x0, 0          x15=00000000
14056700ns          241453 1c00876c a0f517d3 flt.s            x15, f10, f15       x15=00000000 f10:3f9e08fa f15:00000000
14056720ns          241454 1c008770 0a079663 bne              x15, x0, 172        x15:00000000
14056740ns          241455 1c008772 1c000737 lui              x14, 0x1c000000     x14=1c000000
14056760ns          241456 1c008776 02072783 lw               x15, 32(x14)        x15=40c90fdb x14:1c000000  PA:1c000020
14057078ns          241472 1c00877a a0a797d3 flt.s            x15, f15, f10       x15=00000000 f15:40c90fdb f10:3f9e08fa
14057098ns          241473 1c00877e 00078b63 beq              x15, x0, 22         x15:00000000
14057157ns          241476 1c008794 00000793 addi             x15, x0, 0          x15=00000000
14057177ns          241477 1c008798 a0f517d3 flt.s            x15, f10, f15       x15=00000000 f10:3f9e08fa f15:00000000
14057197ns          241478 1c00879c 08079a63 bne              x15, x0, 148        x15:00000000
14057217ns          241479 1c00879e 1c0007b7 lui              x15, 0x1c000000     x15=1c000000
14057237ns          241480 1c0087a2 01c7a783 lw               x15, 28(x15)        x15=3fc90fdb x15:1c000000  PA:1c00001c
14057575ns          241497 1c0087a6 a0f517d3 flt.s            x15, f10, f15       x15=00000001 f10:3f9e08fa f15:3fc90fdb
14057595ns          241498 1c0087aa 02079563 bne              x15, x0, 42         x15:00000001
14057655ns          241501 1c0087d4 10a57553 fmul.s           f10, f10, f10       f10=xxxxxxxx f10:3f9e08fa f10:3f9e08fa
14057675ns          241502 1c0087d8 1c0007b7 lui              x15, 0x1c000000     x15=1c000000
14057694ns          241503 1c0087dc 1c000737 lui              x14, 0x1c000000     x14=1c000000
14057714ns          241504 1c0087e0 13472703 lw               x14, 308(x14)       x14=bab59551 x14:1c000000  PA:1c000134
14058033ns          241520 1c0087e4 1307a783 lw               x15, 304(x15)       x15=37c23ab1 x15:1c000000  PA:1c000130
14058351ns          241536 1c0087e8 70f577c3 fmadd.s          f15, f10, f15, f14  f15=xxxxxxxx f10:3fc31e2a f15:37c23ab1 f14:bab59551
14058371ns          241537 1c0087ec 1c000737 lui              x14, 0x1c000000     x14=1c000000
14058391ns          241538 1c0087f0 13872703 lw               x14, 312(x14)       x14=3d2aa76f x14:1c000000  PA:1c000138
14058709ns          241554 1c0087f4 70f577c3 fmadd.s          f15, f10, f15, f14  f15=xxxxxxxx f10:3fc31e2a f15:bab0f504 f14:3d2aa76f
14058729ns          241555 1c0087f8 1c000737 lui              x14, 0x1c000000     x14=1c000000
14058749ns          241556 1c0087fc 13c72703 lw               x14, 316(x14)       x14=beffffe0 x14:1c000000  PA:1c00013c
14059087ns          241573 1c008800 70f577c3 fmadd.s          f15, f10, f15, f14  f15=xxxxxxxx f10:3fc31e2a f15:3d223977 f14:beffffe0
14059107ns          241574 1c008804 1c000737 lui              x14, 0x1c000000     x14=1c000000
14059127ns          241575 1c008808 16872703 lw               x14, 360(x14)       x14=3f7fffff x14:1c000000  PA:1c000168
14059445ns          241591 1c00880c 70f57543 fmadd.s          f10, f10, f15, f14  f10=xxxxxxxx f10:3fc31e2a f15:bee116a7 f14:3f7fffff
14059465ns          241592 1c008810 00008067 jalr             x0, x1, 0            x1:1c0081de
14059524ns          241595 1c0081de 016a7a53 fadd.s           f20, f20, f22       f20=xxxxxxxx f20:3eac1b82 f22:3e533fc3
14059544ns          241596 1c0081e2 10acf553 fmul.s           f10, f25, f10       f10=xxxxxxxx f25:3f800000 f10:3ea8e270
14059564ns          241597 1c0081e6 a14a97d3 flt.s            x15, f21, f20       x15=00000000 f21:40c90fdb f20:3f0addb2
14059584ns          241598 1c0081ea 00a4222b p.sw             x10, 4(x8!)          x8=10000e1c x10:3ea8e270  x8:10000e18  PA:10000e18
14059604ns          241599 1c0081ee 00078363 beq              x15, x0, 6          x15:00000000
14059664ns          241602 1c0081f4 ff7412e3 bne              x8, x23, -28         x8:10000e1c x23:10000fc8
14059723ns          241605 1c0081d8 094c7553 fsub.s           f10, f24, f20       f10=xxxxxxxx f24:3fc90fdb f20:3f0addb2
14059743ns          241606 1c0081dc 57c000ef jal              x1, 1404             x1=1c0081de
14059783ns          241608 1c008758 a0a527d3 feq.s            x15, f10, f10       x15=00000001 f10:3f83a102 f10:3f83a102
14059803ns          241609 1c00875c 0a078b63 beq              x15, x0, 182        x15:00000001
14059823ns          241610 1c00875e e00517d3 fclass.s         x15, f10            x15=00000040 f10:3f83a102
14059843ns          241611 1c008762 0817f793 andi             x15, x15, 129       x15=00000000 x15:00000040
14059863ns          241612 1c008766 0a079663 bne              x15, x0, 172        x15:00000000
14059882ns          241613 1c008768 00000793 addi             x15, x0, 0          x15=00000000
14059902ns          241614 1c00876c a0f517d3 flt.s            x15, f10, f15       x15=00000000 f10:3f83a102 f15:00000000
14059922ns          241615 1c008770 0a079663 bne              x15, x0, 172        x15:00000000
14059942ns          241616 1c008772 1c000737 lui              x14, 0x1c000000     x14=1c000000
14059962ns          241617 1c008776 02072783 lw               x15, 32(x14)        x15=40c90fdb x14:1c000000  PA:1c000020
14060280ns          241633 1c00877a a0a797d3 flt.s            x15, f15, f10       x15=00000000 f15:40c90fdb f10:3f83a102
14060300ns          241634 1c00877e 00078b63 beq              x15, x0, 22         x15:00000000
14060360ns          241637 1c008794 00000793 addi             x15, x0, 0          x15=00000000
14060380ns          241638 1c008798 a0f517d3 flt.s            x15, f10, f15       x15=00000000 f10:3f83a102 f15:00000000
14060400ns          241639 1c00879c 08079a63 bne              x15, x0, 148        x15:00000000
14060419ns          241640 1c00879e 1c0007b7 lui              x15, 0x1c000000     x15=1c000000
14060439ns          241641 1c0087a2 01c7a783 lw               x15, 28(x15)        x15=3fc90fdb x15:1c000000  PA:1c00001c
14060758ns          241657 1c0087a6 a0f517d3 flt.s            x15, f10, f15       x15=00000001 f10:3f83a102 f15:3fc90fdb
14060778ns          241658 1c0087aa 02079563 bne              x15, x0, 42         x15:00000001
14060837ns          241661 1c0087d4 10a57553 fmul.s           f10, f10, f10       f10=xxxxxxxx f10:3f83a102 f10:3f83a102
14060857ns          241662 1c0087d8 1c0007b7 lui              x15, 0x1c000000     x15=1c000000
14060877ns          241663 1c0087dc 1c000737 lui              x14, 0x1c000000     x14=1c000000
14060897ns          241664 1c0087e0 13472703 lw               x14, 308(x14)       x14=bab59551 x14:1c000000  PA:1c000134
14061195ns          241679 1c0087e4 1307a783 lw               x15, 304(x15)       x15=37c23ab1 x15:1c000000  PA:1c000130
14061573ns          241698 1c0087e8 70f577c3 fmadd.s          f15, f10, f15, f14  f15=xxxxxxxx f10:3f875c5b f15:37c23ab1 f14:bab59551
14061593ns          241699 1c0087ec 1c000737 lui              x14, 0x1c000000     x14=1c000000
14061613ns          241700 1c0087f0 13872703 lw               x14, 312(x14)       x14=3d2aa76f x14:1c000000  PA:1c000138
14061931ns          241716 1c0087f4 70f577c3 fmadd.s          f15, f10, f15, f14  f15=xxxxxxxx f10:3f875c5b f15:bab25fb9 f14:3d2aa76f
14061951ns          241717 1c0087f8 1c000737 lui              x14, 0x1c000000     x14=1c000000
14061971ns          241718 1c0087fc 13c72703 lw               x14, 316(x14)       x14=beffffe0 x14:1c000000  PA:1c00013c
14062289ns          241734 1c008800 70f577c3 fmadd.s          f15, f10, f15, f14  f15=xxxxxxxx f10:3f875c5b f15:3d24c262 f14:beffffe0
14062309ns          241735 1c008804 1c000737 lui              x14, 0x1c000000     x14=1c000000
14062329ns          241736 1c008808 16872703 lw               x14, 360(x14)       x14=3f7fffff x14:1c000000  PA:1c000168
14062647ns          241752 1c00880c 70f57543 fmadd.s          f10, f10, f15, f14  f10=xxxxxxxx f10:3f875c5b f15:beea3863 f14:3f7fffff
14062667ns          241753 1c008810 00008067 jalr             x0, x1, 0            x1:1c0081de
14062727ns          241756 1c0081de 016a7a53 fadd.s           f20, f20, f22       f20=xxxxxxxx f20:3f0addb2 f22:3e533fc3
14062747ns          241757 1c0081e2 10acf553 fmul.s           f10, f25, f10       f10=xxxxxxxx f25:3f800000 f10:3f0427c3
14062767ns          241758 1c0081e6 a14a97d3 flt.s            x15, f21, f20       x15=00000000 f21:40c90fdb f20:3f3fada3
14062786ns          241759 1c0081ea 00a4222b p.sw             x10, 4(x8!)          x8=10000e20 x10:3f0427c3  x8:10000e1c  PA:10000e1c
14062806ns          241760 1c0081ee 00078363 beq              x15, x0, 6          x15:00000000
14062866ns          241763 1c0081f4 ff7412e3 bne              x8, x23, -28         x8:10000e20 x23:10000fc8
14062926ns          241766 1c0081d8 094c7553 fsub.s           f10, f24, f20       f10=xxxxxxxx f24:3fc90fdb f20:3f3fada3
14062946ns          241767 1c0081dc 57c000ef jal              x1, 1404             x1=1c0081de
14062985ns          241769 1c008758 a0a527d3 feq.s            x15, f10, f10       x15=00000001 f10:3f527213 f10:3f527213
14063005ns          241770 1c00875c 0a078b63 beq              x15, x0, 182        x15:00000001
14063025ns          241771 1c00875e e00517d3 fclass.s         x15, f10            x15=00000040 f10:3f527213
14063045ns          241772 1c008762 0817f793 andi             x15, x15, 129       x15=00000000 x15:00000040
14063065ns          241773 1c008766 0a079663 bne              x15, x0, 172        x15:00000000
14063085ns          241774 1c008768 00000793 addi             x15, x0, 0          x15=00000000
14063105ns          241775 1c00876c a0f517d3 flt.s            x15, f10, f15       x15=00000000 f10:3f527213 f15:00000000
14063125ns          241776 1c008770 0a079663 bne              x15, x0, 172        x15:00000000
14063145ns          241777 1c008772 1c000737 lui              x14, 0x1c000000     x14=1c000000
14063164ns          241778 1c008776 02072783 lw               x15, 32(x14)        x15=40c90fdb x14:1c000000  PA:1c000020
14063483ns          241794 1c00877a a0a797d3 flt.s            x15, f15, f10       x15=00000000 f15:40c90fdb f10:3f527213
14063503ns          241795 1c00877e 00078b63 beq              x15, x0, 22         x15:00000000
14063562ns          241798 1c008794 00000793 addi             x15, x0, 0          x15=00000000
14063582ns          241799 1c008798 a0f517d3 flt.s            x15, f10, f15       x15=00000000 f10:3f527213 f15:00000000
14063602ns          241800 1c00879c 08079a63 bne              x15, x0, 148        x15:00000000
14063622ns          241801 1c00879e 1c0007b7 lui              x15, 0x1c000000     x15=1c000000
14063642ns          241802 1c0087a2 01c7a783 lw               x15, 28(x15)        x15=3fc90fdb x15:1c000000  PA:1c00001c
14063980ns          241819 1c0087a6 a0f517d3 flt.s            x15, f10, f15       x15=00000001 f10:3f527213 f15:3fc90fdb
14064000ns          241820 1c0087aa 02079563 bne              x15, x0, 42         x15:00000001
14064059ns          241823 1c0087d4 10a57553 fmul.s           f10, f10, f10       f10=xxxxxxxx f10:3f527213 f10:3f527213
14064079ns          241824 1c0087d8 1c0007b7 lui              x15, 0x1c000000     x15=1c000000
14064099ns          241825 1c0087dc 1c000737 lui              x14, 0x1c000000     x14=1c000000
14064119ns          241826 1c0087e0 13472703 lw               x14, 308(x14)       x14=bab59551 x14:1c000000  PA:1c000134
14064437ns          241842 1c0087e4 1307a783 lw               x15, 304(x15)       x15=37c23ab1 x15:1c000000  PA:1c000130
14064756ns          241858 1c0087e8 70f577c3 fmadd.s          f15, f10, f15, f14  f15=xxxxxxxx f10:3f2cff5a f15:37c23ab1 f14:bab59551
14064776ns          241859 1c0087ec 1c000737 lui              x14, 0x1c000000     x14=1c000000
14064795ns          241860 1c0087f0 13872703 lw               x14, 312(x14)       x14=3d2aa76f x14:1c000000  PA:1c000138
14065114ns          241876 1c0087f4 70f577c3 fmadd.s          f15, f10, f15, f14  f15=xxxxxxxx f10:3f2cff5a f15:bab3884c f14:3d2aa76f
14065134ns          241877 1c0087f8 1c000737 lui              x14, 0x1c000000     x14=1c000000
14065153ns          241878 1c0087fc 13c72703 lw               x14, 316(x14)       x14=beffffe0 x14:1c000000  PA:1c00013c
14065492ns          241895 1c008800 70f577c3 fmadd.s          f15, f10, f15, f14  f15=xxxxxxxx f10:3f2cff5a f15:3d26dcda f14:beffffe0
14065512ns          241896 1c008804 1c000737 lui              x14, 0x1c000000     x14=1c000000
14065531ns          241897 1c008808 16872703 lw               x14, 360(x14)       x14=3f7fffff x14:1c000000  PA:1c000168
14065870ns          241914 1c00880c 70f57543 fmadd.s          f10, f10, f15, f14  f10=xxxxxxxx f10:3f2cff5a f15:bef1e786 f14:3f7fffff
14065889ns          241915 1c008810 00008067 jalr             x0, x1, 0            x1:1c0081de
14065949ns          241918 1c0081de 016a7a53 fadd.s           f20, f20, f22       f20=xxxxxxxx f20:3f3fada3 f22:3e533fc3
14065969ns          241919 1c0081e2 10acf553 fmul.s           f10, f25, f10       f10=xxxxxxxx f25:3f800000 f10:3f2e4393
14065989ns          241920 1c0081e6 a14a97d3 flt.s            x15, f21, f20       x15=00000000 f21:40c90fdb f20:3f747d94
14066009ns          241921 1c0081ea 00a4222b p.sw             x10, 4(x8!)          x8=10000e24 x10:3f2e4393  x8:10000e20  PA:10000e20
14066029ns          241922 1c0081ee 00078363 beq              x15, x0, 6          x15:00000000
14066088ns          241925 1c0081f4 ff7412e3 bne              x8, x23, -28         x8:10000e24 x23:10000fc8
14066148ns          241928 1c0081d8 094c7553 fsub.s           f10, f24, f20       f10=xxxxxxxx f24:3fc90fdb f20:3f747d94
14066168ns          241929 1c0081dc 57c000ef jal              x1, 1404             x1=1c0081de
14066208ns          241931 1c008758 a0a527d3 feq.s            x15, f10, f10       x15=00000001 f10:3f1da222 f10:3f1da222
14066228ns          241932 1c00875c 0a078b63 beq              x15, x0, 182        x15:00000001
14066247ns          241933 1c00875e e00517d3 fclass.s         x15, f10            x15=00000040 f10:3f1da222
14066267ns          241934 1c008762 0817f793 andi             x15, x15, 129       x15=00000000 x15:00000040
14066287ns          241935 1c008766 0a079663 bne              x15, x0, 172        x15:00000000
14066307ns          241936 1c008768 00000793 addi             x15, x0, 0          x15=00000000
14066327ns          241937 1c00876c a0f517d3 flt.s            x15, f10, f15       x15=00000000 f10:3f1da222 f15:00000000
14066347ns          241938 1c008770 0a079663 bne              x15, x0, 172        x15:00000000
14066367ns          241939 1c008772 1c000737 lui              x14, 0x1c000000     x14=1c000000
14066387ns          241940 1c008776 02072783 lw               x15, 32(x14)        x15=40c90fdb x14:1c000000  PA:1c000020
14066705ns          241956 1c00877a a0a797d3 flt.s            x15, f15, f10       x15=00000000 f15:40c90fdb f10:3f1da222
14066725ns          241957 1c00877e 00078b63 beq              x15, x0, 22         x15:00000000
14066785ns          241960 1c008794 00000793 addi             x15, x0, 0          x15=00000000
14066804ns          241961 1c008798 a0f517d3 flt.s            x15, f10, f15       x15=00000000 f10:3f1da222 f15:00000000
14066824ns          241962 1c00879c 08079a63 bne              x15, x0, 148        x15:00000000
14066844ns          241963 1c00879e 1c0007b7 lui              x15, 0x1c000000     x15=1c000000
14066864ns          241964 1c0087a2 01c7a783 lw               x15, 28(x15)        x15=3fc90fdb x15:1c000000  PA:1c00001c
14067182ns          241980 1c0087a6 a0f517d3 flt.s            x15, f10, f15       x15=00000001 f10:3f1da222 f15:3fc90fdb
14067202ns          241981 1c0087aa 02079563 bne              x15, x0, 42         x15:00000001
14067262ns          241984 1c0087d4 10a57553 fmul.s           f10, f10, f10       f10=xxxxxxxx f10:3f1da222 f10:3f1da222
14067282ns          241985 1c0087d8 1c0007b7 lui              x15, 0x1c000000     x15=1c000000
14067302ns          241986 1c0087dc 1c000737 lui              x14, 0x1c000000     x14=1c000000
14067322ns          241987 1c0087e0 13472703 lw               x14, 308(x14)       x14=bab59551 x14:1c000000  PA:1c000134
14067620ns          242002 1c0087e4 1307a783 lw               x15, 304(x15)       x15=37c23ab1 x15:1c000000  PA:1c000130
14067938ns          242018 1c0087e8 70f577c3 fmadd.s          f15, f10, f15, f14  f15=xxxxxxxx f10:3ec22089 f15:37c23ab1 f14:bab59551
14067958ns          242019 1c0087ec 1c000737 lui              x14, 0x1c000000     x14=1c000000
14067978ns          242020 1c0087f0 13872703 lw               x14, 312(x14)       x14=3d2aa76f x14:1c000000  PA:1c000138
14068296ns          242036 1c0087f4 70f577c3 fmadd.s          f15, f10, f15, f14  f15=xxxxxxxx f10:3ec22089 f15:bab46ebf f14:3d2aa76f
14068316ns          242037 1c0087f8 1c000737 lui              x14, 0x1c000000     x14=1c000000
14068336ns          242038 1c0087fc 13c72703 lw               x14, 316(x14)       x14=beffffe0 x14:1c000000  PA:1c00013c
14068654ns          242054 1c008800 70f577c3 fmadd.s          f15, f10, f15, f14  f15=xxxxxxxx f10:3ec22089 f15:3d288424 f14:beffffe0
14068674ns          242055 1c008804 1c000737 lui              x14, 0x1c000000     x14=1c000000
14068694ns          242056 1c008808 16872703 lw               x14, 360(x14)       x14=3f7fffff x14:1c000000  PA:1c000168
14069012ns          242072 1c00880c 70f57543 fmadd.s          f10, f10, f15, f14  f10=xxxxxxxx f10:3ec22089 f15:bef80347 f14:3f7fffff
14069032ns          242073 1c008810 00008067 jalr             x0, x1, 0            x1:1c0081de
14069092ns          242076 1c0081de 016a7a53 fadd.s           f20, f20, f22       f20=xxxxxxxx f20:3f747d94 f22:3e533fc3
14069112ns          242077 1c0081e2 10acf553 fmul.s           f10, f25, f10       f10=xxxxxxxx f25:3f800000 f10:3f50fb7f
14069132ns          242078 1c0081e6 a14a97d3 flt.s            x15, f21, f20       x15=00000000 f21:40c90fdb f20:3f94a6c2
14069152ns          242079 1c0081ea 00a4222b p.sw             x10, 4(x8!)          x8=10000e28 x10:3f50fb7f  x8:10000e24  PA:10000e24
14069171ns          242080 1c0081ee 00078363 beq              x15, x0, 6          x15:00000000
14069231ns          242083 1c0081f4 ff7412e3 bne              x8, x23, -28         x8:10000e28 x23:10000fc8
14069291ns          242086 1c0081d8 094c7553 fsub.s           f10, f24, f20       f10=xxxxxxxx f24:3fc90fdb f20:3f94a6c2
14069311ns          242087 1c0081dc 57c000ef jal              x1, 1404             x1=1c0081de
14069350ns          242089 1c008758 a0a527d3 feq.s            x15, f10, f10       x15=00000001 f10:3ed1a464 f10:3ed1a464
14069370ns          242090 1c00875c 0a078b63 beq              x15, x0, 182        x15:00000001
14069390ns          242091 1c00875e e00517d3 fclass.s         x15, f10            x15=00000040 f10:3ed1a464
14069410ns          242092 1c008762 0817f793 andi             x15, x15, 129       x15=00000000 x15:00000040
14069430ns          242093 1c008766 0a079663 bne              x15, x0, 172        x15:00000000
14069450ns          242094 1c008768 00000793 addi             x15, x0, 0          x15=00000000
14069470ns          242095 1c00876c a0f517d3 flt.s            x15, f10, f15       x15=00000000 f10:3ed1a464 f15:00000000
14069490ns          242096 1c008770 0a079663 bne              x15, x0, 172        x15:00000000
14069510ns          242097 1c008772 1c000737 lui              x14, 0x1c000000     x14=1c000000
14069529ns          242098 1c008776 02072783 lw               x15, 32(x14)        x15=40c90fdb x14:1c000000  PA:1c000020
14069848ns          242114 1c00877a a0a797d3 flt.s            x15, f15, f10       x15=00000000 f15:40c90fdb f10:3ed1a464
14069868ns          242115 1c00877e 00078b63 beq              x15, x0, 22         x15:00000000
14069927ns          242118 1c008794 00000793 addi             x15, x0, 0          x15=00000000
14069947ns          242119 1c008798 a0f517d3 flt.s            x15, f10, f15       x15=00000000 f10:3ed1a464 f15:00000000
14069967ns          242120 1c00879c 08079a63 bne              x15, x0, 148        x15:00000000
14069987ns          242121 1c00879e 1c0007b7 lui              x15, 0x1c000000     x15=1c000000
14070007ns          242122 1c0087a2 01c7a783 lw               x15, 28(x15)        x15=3fc90fdb x15:1c000000  PA:1c00001c
14070345ns          242139 1c0087a6 a0f517d3 flt.s            x15, f10, f15       x15=00000001 f10:3ed1a464 f15:3fc90fdb
14070365ns          242140 1c0087aa 02079563 bne              x15, x0, 42         x15:00000001
14070425ns          242143 1c0087d4 10a57553 fmul.s           f10, f10, f10       f10=xxxxxxxx f10:3ed1a464 f10:3ed1a464
14070444ns          242144 1c0087d8 1c0007b7 lui              x15, 0x1c000000     x15=1c000000
14070464ns          242145 1c0087dc 1c000737 lui              x14, 0x1c000000     x14=1c000000
14070484ns          242146 1c0087e0 13472703 lw               x14, 308(x14)       x14=bab59551 x14:1c000000  PA:1c000134
14070802ns          242162 1c0087e4 1307a783 lw               x15, 304(x15)       x15=37c23ab1 x15:1c000000  PA:1c000130
14071121ns          242178 1c0087e8 70f577c3 fmadd.s          f15, f10, f15, f14  f15=xxxxxxxx f10:3e2badd5 f15:37c23ab1 f14:bab59551
14071141ns          242179 1c0087ec 1c000737 lui              x14, 0x1c000000     x14=1c000000
14071160ns          242180 1c0087f0 13872703 lw               x14, 312(x14)       x14=3d2aa76f x14:1c000000  PA:1c000138
14071499ns          242197 1c0087f4 70f577c3 fmadd.s          f15, f10, f15, f14  f15=xxxxxxxx f10:3e2badd5 f15:bab51310 f14:3d2aa76f
14071519ns          242198 1c0087f8 1c000737 lui              x14, 0x1c000000     x14=1c000000
14071538ns          242199 1c0087fc 13c72703 lw               x14, 316(x14)       x14=beffffe0 x14:1c000000  PA:1c00013c
14071857ns          242215 1c008800 70f577c3 fmadd.s          f15, f10, f15, f14  f15=xxxxxxxx f10:3e2badd5 f15:3d29b492 f14:beffffe0
14071877ns          242216 1c008804 1c000737 lui              x14, 0x1c000000     x14=1c000000
14071896ns          242217 1c008808 16872703 lw               x14, 360(x14)       x14=3f7fffff x14:1c000000  PA:1c000168
14072254ns          242235 1c00880c 70f57543 fmadd.s          f10, f10, f15, f14  f10=xxxxxxxx f10:3e2badd5 f15:befc7169 f14:3f7fffff
14072274ns          242236 1c008810 00008067 jalr             x0, x1, 0            x1:1c0081de
14072334ns          242239 1c0081de 016a7a53 fadd.s           f20, f20, f22       f20=xxxxxxxx f20:3f94a6c2 f22:3e533fc3
14072354ns          242240 1c0081e2 10acf553 fmul.s           f10, f25, f10       f10=xxxxxxxx f25:3f800000 f10:3f6ad69a
14072374ns          242241 1c0081e6 a14a97d3 flt.s            x15, f21, f20       x15=00000000 f21:40c90fdb f20:3faf0eba
14072394ns          242242 1c0081ea 00a4222b p.sw             x10, 4(x8!)          x8=10000e2c x10:3f6ad69a  x8:10000e28  PA:10000e28
14072414ns          242243 1c0081ee 00078363 beq              x15, x0, 6          x15:00000000
14072473ns          242246 1c0081f4 ff7412e3 bne              x8, x23, -28         x8:10000e2c x23:10000fc8
14072533ns          242249 1c0081d8 094c7553 fsub.s           f10, f24, f20       f10=xxxxxxxx f24:3fc90fdb f20:3faf0eba
14072553ns          242250 1c0081dc 57c000ef jal              x1, 1404             x1=1c0081de
14072593ns          242252 1c008758 a0a527d3 feq.s            x15, f10, f10       x15=00000001 f10:3e500908 f10:3e500908
14072613ns          242253 1c00875c 0a078b63 beq              x15, x0, 182        x15:00000001
14072632ns          242254 1c00875e e00517d3 fclass.s         x15, f10            x15=00000040 f10:3e500908
14072652ns          242255 1c008762 0817f793 andi             x15, x15, 129       x15=00000000 x15:00000040
14072672ns          242256 1c008766 0a079663 bne              x15, x0, 172        x15:00000000
14072692ns          242257 1c008768 00000793 addi             x15, x0, 0          x15=00000000
14072712ns          242258 1c00876c a0f517d3 flt.s            x15, f10, f15       x15=00000000 f10:3e500908 f15:00000000
14072732ns          242259 1c008770 0a079663 bne              x15, x0, 172        x15:00000000
14072752ns          242260 1c008772 1c000737 lui              x14, 0x1c000000     x14=1c000000
14072772ns          242261 1c008776 02072783 lw               x15, 32(x14)        x15=40c90fdb x14:1c000000  PA:1c000020
14073090ns          242277 1c00877a a0a797d3 flt.s            x15, f15, f10       x15=00000000 f15:40c90fdb f10:3e500908
14073110ns          242278 1c00877e 00078b63 beq              x15, x0, 22         x15:00000000
14073169ns          242281 1c008794 00000793 addi             x15, x0, 0          x15=00000000
14073189ns          242282 1c008798 a0f517d3 flt.s            x15, f10, f15       x15=00000000 f10:3e500908 f15:00000000
14073209ns          242283 1c00879c 08079a63 bne              x15, x0, 148        x15:00000000
14073229ns          242284 1c00879e 1c0007b7 lui              x15, 0x1c000000     x15=1c000000
14073249ns          242285 1c0087a2 01c7a783 lw               x15, 28(x15)        x15=3fc90fdb x15:1c000000  PA:1c00001c
14073587ns          242302 1c0087a6 a0f517d3 flt.s            x15, f10, f15       x15=00000001 f10:3e500908 f15:3fc90fdb
14073607ns          242303 1c0087aa 02079563 bne              x15, x0, 42         x15:00000001
14073667ns          242306 1c0087d4 10a57553 fmul.s           f10, f10, f10       f10=xxxxxxxx f10:3e500908 f10:3e500908
14073687ns          242307 1c0087d8 1c0007b7 lui              x15, 0x1c000000     x15=1c000000
14073707ns          242308 1c0087dc 1c000737 lui              x14, 0x1c000000     x14=1c000000
14073726ns          242309 1c0087e0 13472703 lw               x14, 308(x14)       x14=bab59551 x14:1c000000  PA:1c000134
14074065ns          242326 1c0087e4 1307a783 lw               x15, 304(x15)       x15=37c23ab1 x15:1c000000  PA:1c000130
14074383ns          242342 1c0087e8 70f577c3 fmadd.s          f15, f10, f15, f14  f15=xxxxxxxx f10:3d290ead f15:37c23ab1 f14:bab59551
14074403ns          242343 1c0087ec 1c000737 lui              x14, 0x1c000000     x14=1c000000
14074423ns          242344 1c0087f0 13872703 lw               x14, 312(x14)       x14=3d2aa76f x14:1c000000  PA:1c000138
14074741ns          242360 1c0087f4 70f577c3 fmadd.s          f15, f10, f15, f14  f15=xxxxxxxx f10:3d290ead f15:bab57540 f14:3d2aa76f
14074761ns          242361 1c0087f8 1c000737 lui              x14, 0x1c000000     x14=1c000000
14074781ns          242362 1c0087fc 13c72703 lw               x14, 316(x14)       x14=beffffe0 x14:1c000000  PA:1c00013c
14075099ns          242378 1c008800 70f577c3 fmadd.s          f15, f10, f15, f14  f15=xxxxxxxx f10:3d290ead f15:3d2a6b85 f14:beffffe0
14075119ns          242379 1c008804 1c000737 lui              x14, 0x1c000000     x14=1c000000
14075139ns          242380 1c008808 16872703 lw               x14, 360(x14)       x14=3f7fffff x14:1c000000  PA:1c000168
14075457ns          242396 1c00880c 70f57543 fmadd.s          f10, f10, f15, f14  f10=xxxxxxxx f10:3d290ead f15:beff1ecb f14:3f7fffff
14075477ns          242397 1c008810 00008067 jalr             x0, x1, 0            x1:1c0081de
14075536ns          242400 1c0081de 016a7a53 fadd.s           f20, f20, f22       f20=xxxxxxxx f20:3faf0eba f22:3e533fc3
14075556ns          242401 1c0081e2 10acf553 fmul.s           f10, f25, f10       f10=xxxxxxxx f25:3f800000 f10:3f7abc2f
14075576ns          242402 1c0081e6 a14a97d3 flt.s            x15, f21, f20       x15=00000000 f21:40c90fdb f20:3fc976b2
14075596ns          242403 1c0081ea 00a4222b p.sw             x10, 4(x8!)          x8=10000e30 x10:3f7abc2f  x8:10000e2c  PA:10000e2c
14075616ns          242404 1c0081ee 00078363 beq              x15, x0, 6          x15:00000000
14075676ns          242407 1c0081f4 ff7412e3 bne              x8, x23, -28         x8:10000e30 x23:10000fc8
14075735ns          242410 1c0081d8 094c7553 fsub.s           f10, f24, f20       f10=xxxxxxxx f24:3fc90fdb f20:3fc976b2
14075755ns          242411 1c0081dc 57c000ef jal              x1, 1404             x1=1c0081de
14075795ns          242413 1c008758 a0a527d3 feq.s            x15, f10, f10       x15=00000001 f10:bb4dae00 f10:bb4dae00
14075815ns          242414 1c00875c 0a078b63 beq              x15, x0, 182        x15:00000001
14075835ns          242415 1c00875e e00517d3 fclass.s         x15, f10            x15=00000002 f10:bb4dae00
14075855ns          242416 1c008762 0817f793 andi             x15, x15, 129       x15=00000000 x15:00000002
14075875ns          242417 1c008766 0a079663 bne              x15, x0, 172        x15:00000000
14075894ns          242418 1c008768 00000793 addi             x15, x0, 0          x15=00000000
14075914ns          242419 1c00876c a0f517d3 flt.s            x15, f10, f15       x15=00000001 f10:bb4dae00 f15:00000000
14075934ns          242420 1c008770 0a079663 bne              x15, x0, 172        x15:00000001
14075994ns          242423 1c00881c 1c0007b7 lui              x15, 0x1c000000     x15=1c000000
14076014ns          242424 1c008820 12c7a783 lw               x15, 300(x15)       x15=c0c90fdb x15:1c000000  PA:1c00012c
14076332ns          242440 1c008824 a0f517d3 flt.s            x15, f10, f15       x15=00000000 f10:bb4dae00 f15:c0c90fdb
14076352ns          242441 1c008828 00078463 beq              x15, x0, 8          x15:00000000
14076412ns          242444 1c008830 20a51553 fsgnjn.s         f10, f10, f10       f10=xxxxxxxx f10:bb4dae00 f10:bb4dae00
14076432ns          242445 1c008834 f6bff06f jal              x0, -150           
14076491ns          242448 1c00879e 1c0007b7 lui              x15, 0x1c000000     x15=1c000000
14076511ns          242449 1c0087a2 01c7a783 lw               x15, 28(x15)        x15=3fc90fdb x15:1c000000  PA:1c00001c
14076869ns          242467 1c0087a6 a0f517d3 flt.s            x15, f10, f15       x15=00000001 f10:3b4dae00 f15:3fc90fdb
14076889ns          242468 1c0087aa 02079563 bne              x15, x0, 42         x15:00000001
14076949ns          242471 1c0087d4 10a57553 fmul.s           f10, f10, f10       f10=xxxxxxxx f10:3b4dae00 f10:3b4dae00
14076969ns          242472 1c0087d8 1c0007b7 lui              x15, 0x1c000000     x15=1c000000
14076988ns          242473 1c0087dc 1c000737 lui              x14, 0x1c000000     x14=1c000000
14077008ns          242474 1c0087e0 13472703 lw               x14, 308(x14)       x14=bab59551 x14:1c000000  PA:1c000134
14077307ns          242489 1c0087e4 1307a783 lw               x15, 304(x15)       x15=37c23ab1 x15:1c000000  PA:1c000130
14077625ns          242505 1c0087e8 70f577c3 fmadd.s          f15, f10, f15, f14  f15=xxxxxxxx f10:37254022 f15:37c23ab1 f14:bab59551
14077645ns          242506 1c0087ec 1c000737 lui              x14, 0x1c000000     x14=1c000000
14077665ns          242507 1c0087f0 13872703 lw               x14, 312(x14)       x14=3d2aa76f x14:1c000000  PA:1c000138
14077983ns          242523 1c0087f4 70f577c3 fmadd.s          f15, f10, f15, f14  f15=xxxxxxxx f10:37254022 f15:bab5954f f14:3d2aa76f
14078003ns          242524 1c0087f8 1c000737 lui              x14, 0x1c000000     x14=1c000000
14078023ns          242525 1c0087fc 13c72703 lw               x14, 316(x14)       x14=beffffe0 x14:1c000000  PA:1c00013c
14078341ns          242541 1c008800 70f577c3 fmadd.s          f15, f10, f15, f14  f15=xxxxxxxx f10:37254022 f15:3d2aa76b f14:beffffe0
14078361ns          242542 1c008804 1c000737 lui              x14, 0x1c000000     x14=1c000000
14078381ns          242543 1c008808 16872703 lw               x14, 360(x14)       x14=3f7fffff x14:1c000000  PA:1c000168
14078699ns          242559 1c00880c 70f57543 fmadd.s          f10, f10, f15, f14  f10=xxxxxxxx f10:37254022 f15:beffffd2 f14:3f7fffff
14078719ns          242560 1c008810 00008067 jalr             x0, x1, 0            x1:1c0081de
14078779ns          242563 1c0081de 016a7a53 fadd.s           f20, f20, f22       f20=xxxxxxxx f20:3fc976b2 f22:3e533fc3
14078799ns          242564 1c0081e2 10acf553 fmul.s           f10, f25, f10       f10=xxxxxxxx f25:3f800000 f10:3f7fffac
14078818ns          242565 1c0081e6 a14a97d3 flt.s            x15, f21, f20       x15=00000000 f21:40c90fdb f20:3fe3deaa
14078838ns          242566 1c0081ea 00a4222b p.sw             x10, 4(x8!)          x8=10000e34 x10:3f7fffac  x8:10000e30  PA:10000e30
14078858ns          242567 1c0081ee 00078363 beq              x15, x0, 6          x15:00000000
14078918ns          242570 1c0081f4 ff7412e3 bne              x8, x23, -28         x8:10000e34 x23:10000fc8
14078978ns          242573 1c0081d8 094c7553 fsub.s           f10, f24, f20       f10=xxxxxxxx f24:3fc90fdb f20:3fe3deaa
14078997ns          242574 1c0081dc 57c000ef jal              x1, 1404             x1=1c0081de
14079037ns          242576 1c008758 a0a527d3 feq.s            x15, f10, f10       x15=00000001 f10:be567678 f10:be567678
14079057ns          242577 1c00875c 0a078b63 beq              x15, x0, 182        x15:00000001
14079077ns          242578 1c00875e e00517d3 fclass.s         x15, f10            x15=00000002 f10:be567678
14079097ns          242579 1c008762 0817f793 andi             x15, x15, 129       x15=00000000 x15:00000002
14079117ns          242580 1c008766 0a079663 bne              x15, x0, 172        x15:00000000
14079137ns          242581 1c008768 00000793 addi             x15, x0, 0          x15=00000000
14079157ns          242582 1c00876c a0f517d3 flt.s            x15, f10, f15       x15=00000001 f10:be567678 f15:00000000
14079176ns          242583 1c008770 0a079663 bne              x15, x0, 172        x15:00000001
14079236ns          242586 1c00881c 1c0007b7 lui              x15, 0x1c000000     x15=1c000000
14079256ns          242587 1c008820 12c7a783 lw               x15, 300(x15)       x15=c0c90fdb x15:1c000000  PA:1c00012c
14079574ns          242603 1c008824 a0f517d3 flt.s            x15, f10, f15       x15=00000000 f10:be567678 f15:c0c90fdb
14079594ns          242604 1c008828 00078463 beq              x15, x0, 8          x15:00000000
14079654ns          242607 1c008830 20a51553 fsgnjn.s         f10, f10, f10       f10=xxxxxxxx f10:be567678 f10:be567678
14079674ns          242608 1c008834 f6bff06f jal              x0, -150           
14079733ns          242611 1c00879e 1c0007b7 lui              x15, 0x1c000000     x15=1c000000
14079753ns          242612 1c0087a2 01c7a783 lw               x15, 28(x15)        x15=3fc90fdb x15:1c000000  PA:1c00001c
14080072ns          242628 1c0087a6 a0f517d3 flt.s            x15, f10, f15       x15=00000001 f10:3e567678 f15:3fc90fdb
14080091ns          242629 1c0087aa 02079563 bne              x15, x0, 42         x15:00000001
14080151ns          242632 1c0087d4 10a57553 fmul.s           f10, f10, f10       f10=xxxxxxxx f10:3e567678 f10:3e567678
14080171ns          242633 1c0087d8 1c0007b7 lui              x15, 0x1c000000     x15=1c000000
14080191ns          242634 1c0087dc 1c000737 lui              x14, 0x1c000000     x14=1c000000
14080211ns          242635 1c0087e0 13472703 lw               x14, 308(x14)       x14=bab59551 x14:1c000000  PA:1c000134
14080509ns          242650 1c0087e4 1307a783 lw               x15, 304(x15)       x15=37c23ab1 x15:1c000000  PA:1c000130
14080847ns          242667 1c0087e8 70f577c3 fmadd.s          f15, f10, f15, f14  f15=xxxxxxxx f10:3d33aa47 f15:37c23ab1 f14:bab59551
14080867ns          242668 1c0087ec 1c000737 lui              x14, 0x1c000000     x14=1c000000
14080887ns          242669 1c0087f0 13872703 lw               x14, 312(x14)       x14=3d2aa76f x14:1c000000  PA:1c000138
14081205ns          242685 1c0087f4 70f577c3 fmadd.s          f15, f10, f15, f14  f15=xxxxxxxx f10:3d33aa47 f15:bab5733d f14:3d2aa76f
14081225ns          242686 1c0087f8 1c000737 lui              x14, 0x1c000000     x14=1c000000
14081245ns          242687 1c0087fc 13c72703 lw               x14, 316(x14)       x14=beffffe0 x14:1c000000  PA:1c00013c
14081583ns          242704 1c008800 70f577c3 fmadd.s          f15, f10, f15, f14  f15=xxxxxxxx f10:3d33aa47 f15:3d2a67c3 f14:beffffe0
14081603ns          242705 1c008804 1c000737 lui              x14, 0x1c000000     x14=1c000000
14081623ns          242706 1c008808 16872703 lw               x14, 360(x14)       x14=3f7fffff x14:1c000000  PA:1c000168
14081961ns          242723 1c00880c 70f57543 fmadd.s          f10, f10, f15, f14  f10=xxxxxxxx f10:3d33aa47 f15:beff10b0 f14:3f7fffff
14081981ns          242724 1c008810 00008067 jalr             x0, x1, 0            x1:1c0081de
14082041ns          242727 1c0081de 016a7a53 fadd.s           f20, f20, f22       f20=xxxxxxxx f20:3fe3deaa f22:3e533fc3
14082061ns          242728 1c0081e2 10acf553 fmul.s           f10, f25, f10       f10=xxxxxxxx f25:3f800000 f10:3f7a67ec
14082081ns          242729 1c0081e6 a14a97d3 flt.s            x15, f21, f20       x15=00000000 f21:40c90fdb f20:3ffe46a2
14082100ns          242730 1c0081ea 00a4222b p.sw             x10, 4(x8!)          x8=10000e38 x10:3f7a67ec  x8:10000e34  PA:10000e34
14082120ns          242731 1c0081ee 00078363 beq              x15, x0, 6          x15:00000000
14082180ns          242734 1c0081f4 ff7412e3 bne              x8, x23, -28         x8:10000e38 x23:10000fc8
14082240ns          242737 1c0081d8 094c7553 fsub.s           f10, f24, f20       f10=xxxxxxxx f24:3fc90fdb f20:3ffe46a2
14082260ns          242738 1c0081dc 57c000ef jal              x1, 1404             x1=1c0081de
14082299ns          242740 1c008758 a0a527d3 feq.s            x15, f10, f10       x15=00000001 f10:bed4db1c f10:bed4db1c
14082319ns          242741 1c00875c 0a078b63 beq              x15, x0, 182        x15:00000001
14082339ns          242742 1c00875e e00517d3 fclass.s         x15, f10            x15=00000002 f10:bed4db1c
14082359ns          242743 1c008762 0817f793 andi             x15, x15, 129       x15=00000000 x15:00000002
14082379ns          242744 1c008766 0a079663 bne              x15, x0, 172        x15:00000000
14082399ns          242745 1c008768 00000793 addi             x15, x0, 0          x15=00000000
14082419ns          242746 1c00876c a0f517d3 flt.s            x15, f10, f15       x15=00000001 f10:bed4db1c f15:00000000
14082439ns          242747 1c008770 0a079663 bne              x15, x0, 172        x15:00000001
14082498ns          242750 1c00881c 1c0007b7 lui              x15, 0x1c000000     x15=1c000000
14082518ns          242751 1c008820 12c7a783 lw               x15, 300(x15)       x15=c0c90fdb x15:1c000000  PA:1c00012c
14082876ns          242769 1c008824 a0f517d3 flt.s            x15, f10, f15       x15=00000000 f10:bed4db1c f15:c0c90fdb
14082896ns          242770 1c008828 00078463 beq              x15, x0, 8          x15:00000000
14082956ns          242773 1c008830 20a51553 fsgnjn.s         f10, f10, f10       f10=xxxxxxxx f10:bed4db1c f10:bed4db1c
14082976ns          242774 1c008834 f6bff06f jal              x0, -150           
14083035ns          242777 1c00879e 1c0007b7 lui              x15, 0x1c000000     x15=1c000000
14083055ns          242778 1c0087a2 01c7a783 lw               x15, 28(x15)        x15=3fc90fdb x15:1c000000  PA:1c00001c
14083393ns          242795 1c0087a6 a0f517d3 flt.s            x15, f10, f15       x15=00000001 f10:3ed4db1c f15:3fc90fdb
14083413ns          242796 1c0087aa 02079563 bne              x15, x0, 42         x15:00000001
14083473ns          242799 1c0087d4 10a57553 fmul.s           f10, f10, f10       f10=xxxxxxxx f10:3ed4db1c f10:3ed4db1c
14083493ns          242800 1c0087d8 1c0007b7 lui              x15, 0x1c000000     x15=1c000000
14083513ns          242801 1c0087dc 1c000737 lui              x14, 0x1c000000     x14=1c000000
14083533ns          242802 1c0087e0 13472703 lw               x14, 308(x14)       x14=bab59551 x14:1c000000  PA:1c000134
14083831ns          242817 1c0087e4 1307a783 lw               x15, 304(x15)       x15=37c23ab1 x15:1c000000  PA:1c000130
14084169ns          242834 1c0087e8 70f577c3 fmadd.s          f15, f10, f15, f14  f15=xxxxxxxx f10:3e30fba2 f15:37c23ab1 f14:bab59551
14084189ns          242835 1c0087ec 1c000737 lui              x14, 0x1c000000     x14=1c000000
14084209ns          242836 1c0087f0 13872703 lw               x14, 312(x14)       x14=3d2aa76f x14:1c000000  PA:1c000138
14084527ns          242852 1c0087f4 70f577c3 fmadd.s          f15, f10, f15, f14  f15=xxxxxxxx f10:3e30fba2 f15:bab50f0a f14:3d2aa76f
14084547ns          242853 1c0087f8 1c000737 lui              x14, 0x1c000000     x14=1c000000
14084567ns          242854 1c0087fc 13c72703 lw               x14, 316(x14)       x14=beffffe0 x14:1c000000  PA:1c00013c
14084885ns          242870 1c008800 70f577c3 fmadd.s          f15, f10, f15, f14  f15=xxxxxxxx f10:3e30fba2 f15:3d29ad16 f14:beffffe0
14084905ns          242871 1c008804 1c000737 lui              x14, 0x1c000000     x14=1c000000
14084925ns          242872 1c008808 16872703 lw               x14, 360(x14)       x14=3f7fffff x14:1c000000  PA:1c000168
14085243ns          242888 1c00880c 70f57543 fmadd.s          f10, f10, f15, f14  f10=xxxxxxxx f10:3e30fba2 f15:befc5572 f14:3f7fffff
14085263ns          242889 1c008810 00008067 jalr             x0, x1, 0            x1:1c0081de
14085323ns          242892 1c0081de 016a7a53 fadd.s           f20, f20, f22       f20=xxxxxxxx f20:3ffe46a2 f22:3e533fc3
14085343ns          242893 1c0081e2 10acf553 fmul.s           f10, f25, f10       f10=xxxxxxxx f25:3f800000 f10:3f6a31a6
14085362ns          242894 1c0081e6 a14a97d3 flt.s            x15, f21, f20       x15=00000000 f21:40c90fdb f20:400c574d
14085382ns          242895 1c0081ea 00a4222b p.sw             x10, 4(x8!)          x8=10000e3c x10:3f6a31a6  x8:10000e38  PA:10000e38
14085402ns          242896 1c0081ee 00078363 beq              x15, x0, 6          x15:00000000
14085462ns          242899 1c0081f4 ff7412e3 bne              x8, x23, -28         x8:10000e3c x23:10000fc8
14085522ns          242902 1c0081d8 094c7553 fsub.s           f10, f24, f20       f10=xxxxxxxx f24:3fc90fdb f20:400c574d
14085541ns          242903 1c0081dc 57c000ef jal              x1, 1404             x1=1c0081de
14085581ns          242905 1c008758 a0a527d3 feq.s            x15, f10, f10       x15=00000001 f10:bf1f3d7e f10:bf1f3d7e
14085601ns          242906 1c00875c 0a078b63 beq              x15, x0, 182        x15:00000001
14085621ns          242907 1c00875e e00517d3 fclass.s         x15, f10            x15=00000002 f10:bf1f3d7e
14085641ns          242908 1c008762 0817f793 andi             x15, x15, 129       x15=00000000 x15:00000002
14085661ns          242909 1c008766 0a079663 bne              x15, x0, 172        x15:00000000
14085681ns          242910 1c008768 00000793 addi             x15, x0, 0          x15=00000000
14085701ns          242911 1c00876c a0f517d3 flt.s            x15, f10, f15       x15=00000001 f10:bf1f3d7e f15:00000000
14085721ns          242912 1c008770 0a079663 bne              x15, x0, 172        x15:00000001
14085780ns          242915 1c00881c 1c0007b7 lui              x15, 0x1c000000     x15=1c000000
14085800ns          242916 1c008820 12c7a783 lw               x15, 300(x15)       x15=c0c90fdb x15:1c000000  PA:1c00012c
14086138ns          242933 1c008824 a0f517d3 flt.s            x15, f10, f15       x15=00000000 f10:bf1f3d7e f15:c0c90fdb
14086158ns          242934 1c008828 00078463 beq              x15, x0, 8          x15:00000000
14086218ns          242937 1c008830 20a51553 fsgnjn.s         f10, f10, f10       f10=xxxxxxxx f10:bf1f3d7e f10:bf1f3d7e
14086238ns          242938 1c008834 f6bff06f jal              x0, -150           
14086297ns          242941 1c00879e 1c0007b7 lui              x15, 0x1c000000     x15=1c000000
14086317ns          242942 1c0087a2 01c7a783 lw               x15, 28(x15)        x15=3fc90fdb x15:1c000000  PA:1c00001c
14086635ns          242958 1c0087a6 a0f517d3 flt.s            x15, f10, f15       x15=00000001 f10:3f1f3d7e f15:3fc90fdb
14086655ns          242959 1c0087aa 02079563 bne              x15, x0, 42         x15:00000001
14086715ns          242962 1c0087d4 10a57553 fmul.s           f10, f10, f10       f10=xxxxxxxx f10:3f1f3d7e f10:3f1f3d7e
14086735ns          242963 1c0087d8 1c0007b7 lui              x15, 0x1c000000     x15=1c000000
14086755ns          242964 1c0087dc 1c000737 lui              x14, 0x1c000000     x14=1c000000
14086775ns          242965 1c0087e0 13472703 lw               x14, 308(x14)       x14=bab59551 x14:1c000000  PA:1c000134
14087073ns          242980 1c0087e4 1307a783 lw               x15, 304(x15)       x15=37c23ab1 x15:1c000000  PA:1c000130
14087391ns          242996 1c0087e8 70f577c3 fmadd.s          f15, f10, f15, f14  f15=xxxxxxxx f10:3ec61ae3 f15:37c23ab1 f14:bab59551
14087411ns          242997 1c0087ec 1c000737 lui              x14, 0x1c000000     x14=1c000000
14087431ns          242998 1c0087f0 13872703 lw               x14, 312(x14)       x14=3d2aa76f x14:1c000000  PA:1c000138
14087749ns          243014 1c0087f4 70f577c3 fmadd.s          f15, f10, f15, f14  f15=xxxxxxxx f10:3ec61ae3 f15:bab468b5 f14:3d2aa76f
14087769ns          243015 1c0087f8 1c000737 lui              x14, 0x1c000000     x14=1c000000
14087789ns          243016 1c0087fc 13c72703 lw               x14, 316(x14)       x14=beffffe0 x14:1c000000  PA:1c00013c
14088127ns          243033 1c008800 70f577c3 fmadd.s          f15, f10, f15, f14  f15=xxxxxxxx f10:3ec61ae3 f15:3d2878ff f14:beffffe0
14088147ns          243034 1c008804 1c000737 lui              x14, 0x1c000000     x14=1c000000
14088167ns          243035 1c008808 16872703 lw               x14, 360(x14)       x14=3f7fffff x14:1c000000  PA:1c000168
14088485ns          243051 1c00880c 70f57543 fmadd.s          f10, f10, f15, f14  f10=xxxxxxxx f10:3ec61ae3 f15:bef7d9ec f14:3f7fffff
14088505ns          243052 1c008810 00008067 jalr             x0, x1, 0            x1:1c0081de
14088565ns          243055 1c0081de 016a7a53 fadd.s           f20, f20, f22       f20=xxxxxxxx f20:400c574d f22:3e533fc3
14088585ns          243056 1c0081e2 10acf553 fmul.s           f10, f25, f10       f10=xxxxxxxx f25:3f800000 f10:3f500cda
14088605ns          243057 1c0081e6 a14a97d3 flt.s            x15, f21, f20       x15=00000000 f21:40c90fdb f20:40198b49
14088625ns          243058 1c0081ea 00a4222b p.sw             x10, 4(x8!)          x8=10000e40 x10:3f500cda  x8:10000e3c  PA:10000e3c
14088644ns          243059 1c0081ee 00078363 beq              x15, x0, 6          x15:00000000
14088704ns          243062 1c0081f4 ff7412e3 bne              x8, x23, -28         x8:10000e40 x23:10000fc8
14088764ns          243065 1c0081d8 094c7553 fsub.s           f10, f24, f20       f10=xxxxxxxx f24:3fc90fdb f20:40198b49
14088784ns          243066 1c0081dc 57c000ef jal              x1, 1404             x1=1c0081de
14088823ns          243068 1c008758 a0a527d3 feq.s            x15, f10, f10       x15=00000001 f10:bf540d6e f10:bf540d6e
14088843ns          243069 1c00875c 0a078b63 beq              x15, x0, 182        x15:00000001
14088863ns          243070 1c00875e e00517d3 fclass.s         x15, f10            x15=00000002 f10:bf540d6e
14088883ns          243071 1c008762 0817f793 andi             x15, x15, 129       x15=00000000 x15:00000002
14088903ns          243072 1c008766 0a079663 bne              x15, x0, 172        x15:00000000
14088923ns          243073 1c008768 00000793 addi             x15, x0, 0          x15=00000000
14088943ns          243074 1c00876c a0f517d3 flt.s            x15, f10, f15       x15=00000001 f10:bf540d6e f15:00000000
14088963ns          243075 1c008770 0a079663 bne              x15, x0, 172        x15:00000001
14089022ns          243078 1c00881c 1c0007b7 lui              x15, 0x1c000000     x15=1c000000
14089042ns          243079 1c008820 12c7a783 lw               x15, 300(x15)       x15=c0c90fdb x15:1c000000  PA:1c00012c
14089361ns          243095 1c008824 a0f517d3 flt.s            x15, f10, f15       x15=00000000 f10:bf540d6e f15:c0c90fdb
14089380ns          243096 1c008828 00078463 beq              x15, x0, 8          x15:00000000
14089440ns          243099 1c008830 20a51553 fsgnjn.s         f10, f10, f10       f10=xxxxxxxx f10:bf540d6e f10:bf540d6e
14089460ns          243100 1c008834 f6bff06f jal              x0, -150           
14089520ns          243103 1c00879e 1c0007b7 lui              x15, 0x1c000000     x15=1c000000
14089540ns          243104 1c0087a2 01c7a783 lw               x15, 28(x15)        x15=3fc90fdb x15:1c000000  PA:1c00001c
14089878ns          243121 1c0087a6 a0f517d3 flt.s            x15, f10, f15       x15=00000001 f10:3f540d6e f15:3fc90fdb
14089898ns          243122 1c0087aa 02079563 bne              x15, x0, 42         x15:00000001
14089957ns          243125 1c0087d4 10a57553 fmul.s           f10, f10, f10       f10=xxxxxxxx f10:3f540d6e f10:3f540d6e
14089977ns          243126 1c0087d8 1c0007b7 lui              x15, 0x1c000000     x15=1c000000
14089997ns          243127 1c0087dc 1c000737 lui              x14, 0x1c000000     x14=1c000000
14090017ns          243128 1c0087e0 13472703 lw               x14, 308(x14)       x14=bab59551 x14:1c000000  PA:1c000134
14090315ns          243143 1c0087e4 1307a783 lw               x15, 304(x15)       x15=37c23ab1 x15:1c000000  PA:1c000130
14090634ns          243159 1c0087e8 70f577c3 fmadd.s          f15, f10, f15, f14  f15=xxxxxxxx f10:3f2fa63f f15:37c23ab1 f14:bab59551
14090653ns          243160 1c0087ec 1c000737 lui              x14, 0x1c000000     x14=1c000000
14090673ns          243161 1c0087f0 13872703 lw               x14, 312(x14)       x14=3d2aa76f x14:1c000000  PA:1c000138
14091011ns          243178 1c0087f4 70f577c3 fmadd.s          f15, f10, f15, f14  f15=xxxxxxxx f10:3f2fa63f f15:bab38040 f14:3d2aa76f
14091031ns          243179 1c0087f8 1c000737 lui              x14, 0x1c000000     x14=1c000000
14091051ns          243180 1c0087fc 13c72703 lw               x14, 316(x14)       x14=beffffe0 x14:1c000000  PA:1c00013c
14091369ns          243196 1c008800 70f577c3 fmadd.s          f15, f10, f15, f14  f15=xxxxxxxx f10:3f2fa63f f15:3d26ce25 f14:beffffe0
14091389ns          243197 1c008804 1c000737 lui              x14, 0x1c000000     x14=1c000000
14091409ns          243198 1c008808 16872703 lw               x14, 360(x14)       x14=3f7fffff x14:1c000000  PA:1c000168
14091728ns          243214 1c00880c 70f57543 fmadd.s          f10, f10, f15, f14  f10=xxxxxxxx f10:3f2fa63f f15:bef1b178 f14:3f7fffff
14091747ns          243215 1c008810 00008067 jalr             x0, x1, 0            x1:1c0081de
14091807ns          243218 1c0081de 016a7a53 fadd.s           f20, f20, f22       f20=xxxxxxxx f20:40198b49 f22:3e533fc3
14091827ns          243219 1c0081e2 10acf553 fmul.s           f10, f25, f10       f10=xxxxxxxx f25:3f800000 f10:3f2d155c
14091847ns          243220 1c0081e6 a14a97d3 flt.s            x15, f21, f20       x15=00000000 f21:40c90fdb f20:4026bf45
14091867ns          243221 1c0081ea 00a4222b p.sw             x10, 4(x8!)          x8=10000e44 x10:3f2d155c  x8:10000e40  PA:10000e40
14091887ns          243222 1c0081ee 00078363 beq              x15, x0, 6          x15:00000000
14091946ns          243225 1c0081f4 ff7412e3 bne              x8, x23, -28         x8:10000e44 x23:10000fc8
14092006ns          243228 1c0081d8 094c7553 fsub.s           f10, f24, f20       f10=xxxxxxxx f24:3fc90fdb f20:4026bf45
14092026ns          243229 1c0081dc 57c000ef jal              x1, 1404             x1=1c0081de
14092066ns          243231 1c008758 a0a527d3 feq.s            x15, f10, f10       x15=00000001 f10:bf846eaf f10:bf846eaf
14092086ns          243232 1c00875c 0a078b63 beq              x15, x0, 182        x15:00000001
14092105ns          243233 1c00875e e00517d3 fclass.s         x15, f10            x15=00000002 f10:bf846eaf
14092125ns          243234 1c008762 0817f793 andi             x15, x15, 129       x15=00000000 x15:00000002
14092145ns          243235 1c008766 0a079663 bne              x15, x0, 172        x15:00000000
14092165ns          243236 1c008768 00000793 addi             x15, x0, 0          x15=00000000
14092185ns          243237 1c00876c a0f517d3 flt.s            x15, f10, f15       x15=00000001 f10:bf846eaf f15:00000000
14092205ns          243238 1c008770 0a079663 bne              x15, x0, 172        x15:00000001
14092265ns          243241 1c00881c 1c0007b7 lui              x15, 0x1c000000     x15=1c000000
14092284ns          243242 1c008820 12c7a783 lw               x15, 300(x15)       x15=c0c90fdb x15:1c000000  PA:1c00012c
14092623ns          243259 1c008824 a0f517d3 flt.s            x15, f10, f15       x15=00000000 f10:bf846eaf f15:c0c90fdb
14092642ns          243260 1c008828 00078463 beq              x15, x0, 8          x15:00000000
14092702ns          243263 1c008830 20a51553 fsgnjn.s         f10, f10, f10       f10=xxxxxxxx f10:bf846eaf f10:bf846eaf
14092722ns          243264 1c008834 f6bff06f jal              x0, -150           
14092782ns          243267 1c00879e 1c0007b7 lui              x15, 0x1c000000     x15=1c000000
14092802ns          243268 1c0087a2 01c7a783 lw               x15, 28(x15)        x15=3fc90fdb x15:1c000000  PA:1c00001c
14093120ns          243284 1c0087a6 a0f517d3 flt.s            x15, f10, f15       x15=00000001 f10:3f846eaf f15:3fc90fdb
14093140ns          243285 1c0087aa 02079563 bne              x15, x0, 42         x15:00000001
14093199ns          243288 1c0087d4 10a57553 fmul.s           f10, f10, f10       f10=xxxxxxxx f10:3f846eaf f10:3f846eaf
14093219ns          243289 1c0087d8 1c0007b7 lui              x15, 0x1c000000     x15=1c000000
14093239ns          243290 1c0087dc 1c000737 lui              x14, 0x1c000000     x14=1c000000
14093259ns          243291 1c0087e0 13472703 lw               x14, 308(x14)       x14=bab59551 x14:1c000000  PA:1c000134
14093557ns          243306 1c0087e4 1307a783 lw               x15, 304(x15)       x15=37c23ab1 x15:1c000000  PA:1c000130
14093876ns          243322 1c0087e8 70f577c3 fmadd.s          f15, f10, f15, f14  f15=xxxxxxxx f10:3f8904a9 f15:37c23ab1 f14:bab59551
14093896ns          243323 1c0087ec 1c000737 lui              x14, 0x1c000000     x14=1c000000
14093916ns          243324 1c0087f0 13872703 lw               x14, 312(x14)       x14=3d2aa76f x14:1c000000  PA:1c000138
14094234ns          243340 1c0087f4 70f577c3 fmadd.s          f15, f10, f15, f14  f15=xxxxxxxx f10:3f8904a9 f15:bab255a9 f14:3d2aa76f
14094254ns          243341 1c0087f8 1c000737 lui              x14, 0x1c000000     x14=1c000000
14094274ns          243342 1c0087fc 13c72703 lw               x14, 316(x14)       x14=beffffe0 x14:1c000000  PA:1c00013c
14094592ns          243358 1c008800 70f577c3 fmadd.s          f15, f10, f15, f14  f15=xxxxxxxx f10:3f8904a9 f15:3d24b03e f14:beffffe0
14094612ns          243359 1c008804 1c000737 lui              x14, 0x1c000000     x14=1c000000
14094632ns          243360 1c008808 16872703 lw               x14, 360(x14)       x14=3f7fffff x14:1c000000  PA:1c000168
14094950ns          243376 1c00880c 70f57543 fmadd.s          f10, f10, f15, f14  f10=xxxxxxxx f10:3f8904a9 f15:bee9f68c f14:3f7fffff
14094970ns          243377 1c008810 00008067 jalr             x0, x1, 0            x1:1c0081de
14095029ns          243380 1c0081de 016a7a53 fadd.s           f20, f20, f22       f20=xxxxxxxx f20:4026bf45 f22:3e533fc3
14095049ns          243381 1c0081e2 10acf553 fmul.s           f10, f25, f10       f10=xxxxxxxx f25:3f800000 f10:3f02c6cc
14095069ns          243382 1c0081e6 a14a97d3 flt.s            x15, f21, f20       x15=00000000 f21:40c90fdb f20:4033f341
14095089ns          243383 1c0081ea 00a4222b p.sw             x10, 4(x8!)          x8=10000e48 x10:3f02c6cc  x8:10000e44  PA:10000e44
14095109ns          243384 1c0081ee 00078363 beq              x15, x0, 6          x15:00000000
14095169ns          243387 1c0081f4 ff7412e3 bne              x8, x23, -28         x8:10000e48 x23:10000fc8
14095228ns          243390 1c0081d8 094c7553 fsub.s           f10, f24, f20       f10=xxxxxxxx f24:3fc90fdb f20:4033f341
14095248ns          243391 1c0081dc 57c000ef jal              x1, 1404             x1=1c0081de
14095288ns          243393 1c008758 a0a527d3 feq.s            x15, f10, f10       x15=00000001 f10:bf9ed6a7 f10:bf9ed6a7
14095308ns          243394 1c00875c 0a078b63 beq              x15, x0, 182        x15:00000001
14095328ns          243395 1c00875e e00517d3 fclass.s         x15, f10            x15=00000002 f10:bf9ed6a7
14095348ns          243396 1c008762 0817f793 andi             x15, x15, 129       x15=00000000 x15:00000002
14095368ns          243397 1c008766 0a079663 bne              x15, x0, 172        x15:00000000
14095387ns          243398 1c008768 00000793 addi             x15, x0, 0          x15=00000000
14095407ns          243399 1c00876c a0f517d3 flt.s            x15, f10, f15       x15=00000001 f10:bf9ed6a7 f15:00000000
14095427ns          243400 1c008770 0a079663 bne              x15, x0, 172        x15:00000001
14095487ns          243403 1c00881c 1c0007b7 lui              x15, 0x1c000000     x15=1c000000
14095507ns          243404 1c008820 12c7a783 lw               x15, 300(x15)       x15=c0c90fdb x15:1c000000  PA:1c00012c
14095825ns          243420 1c008824 a0f517d3 flt.s            x15, f10, f15       x15=00000000 f10:bf9ed6a7 f15:c0c90fdb
14095845ns          243421 1c008828 00078463 beq              x15, x0, 8          x15:00000000
14095905ns          243424 1c008830 20a51553 fsgnjn.s         f10, f10, f10       f10=xxxxxxxx f10:bf9ed6a7 f10:bf9ed6a7
14095924ns          243425 1c008834 f6bff06f jal              x0, -150           
14095984ns          243428 1c00879e 1c0007b7 lui              x15, 0x1c000000     x15=1c000000
14096004ns          243429 1c0087a2 01c7a783 lw               x15, 28(x15)        x15=3fc90fdb x15:1c000000  PA:1c00001c
14096322ns          243445 1c0087a6 a0f517d3 flt.s            x15, f10, f15       x15=00000001 f10:3f9ed6a7 f15:3fc90fdb
14096342ns          243446 1c0087aa 02079563 bne              x15, x0, 42         x15:00000001
14096402ns          243449 1c0087d4 10a57553 fmul.s           f10, f10, f10       f10=xxxxxxxx f10:3f9ed6a7 f10:3f9ed6a7
14096422ns          243450 1c0087d8 1c0007b7 lui              x15, 0x1c000000     x15=1c000000
14096442ns          243451 1c0087dc 1c000737 lui              x14, 0x1c000000     x14=1c000000
14096462ns          243452 1c0087e0 13472703 lw               x14, 308(x14)       x14=bab59551 x14:1c000000  PA:1c000134
14096760ns          243467 1c0087e4 1307a783 lw               x15, 304(x15)       x15=37c23ab1 x15:1c000000  PA:1c000130
14097078ns          243483 1c0087e8 70f577c3 fmadd.s          f15, f10, f15, f14  f15=xxxxxxxx f10:3fc51b54 f15:37c23ab1 f14:bab59551
14097098ns          243484 1c0087ec 1c000737 lui              x14, 0x1c000000     x14=1c000000
14097118ns          243485 1c0087f0 13872703 lw               x14, 312(x14)       x14=3d2aa76f x14:1c000000  PA:1c000138
14097456ns          243502 1c0087f4 70f577c3 fmadd.s          f15, f10, f15, f14  f15=xxxxxxxx f10:3fc51b54 f15:bab0e8f2 f14:3d2aa76f
14097476ns          243503 1c0087f8 1c000737 lui              x14, 0x1c000000     x14=1c000000
14097496ns          243504 1c0087fc 13c72703 lw               x14, 316(x14)       x14=beffffe0 x14:1c000000  PA:1c00013c
14097814ns          243520 1c008800 70f577c3 fmadd.s          f15, f10, f15, f14  f15=xxxxxxxx f10:3fc51b54 f15:3d22240d f14:beffffe0
14097834ns          243521 1c008804 1c000737 lui              x14, 0x1c000000     x14=1c000000
14097854ns          243522 1c008808 16872703 lw               x14, 360(x14)       x14=3f7fffff x14:1c000000  PA:1c000168
14098172ns          243538 1c00880c 70f57543 fmadd.s          f10, f10, f15, f14  f10=xxxxxxxx f10:3fc51b54 f15:bee0ca1d f14:3f7fffff
14098192ns          243539 1c008810 00008067 jalr             x0, x1, 0            x1:1c0081de
14098252ns          243542 1c0081de 016a7a53 fadd.s           f20, f20, f22       f20=xxxxxxxx f20:4033f341 f22:3e533fc3
14098272ns          243543 1c0081e2 10acf553 fmul.s           f10, f25, f10       f10=xxxxxxxx f25:3f800000 f10:3ea5d8ef
14098291ns          243544 1c0081e6 a14a97d3 flt.s            x15, f21, f20       x15=00000000 f21:40c90fdb f20:4041273d
14098311ns          243545 1c0081ea 00a4222b p.sw             x10, 4(x8!)          x8=10000e4c x10:3ea5d8ef  x8:10000e48  PA:10000e48
14098331ns          243546 1c0081ee 00078363 beq              x15, x0, 6          x15:00000000
14098391ns          243549 1c0081f4 ff7412e3 bne              x8, x23, -28         x8:10000e4c x23:10000fc8
14098451ns          243552 1c0081d8 094c7553 fsub.s           f10, f24, f20       f10=xxxxxxxx f24:3fc90fdb f20:4041273d
14098470ns          243553 1c0081dc 57c000ef jal              x1, 1404             x1=1c0081de
14098510ns          243555 1c008758 a0a527d3 feq.s            x15, f10, f10       x15=00000001 f10:bfb93e9f f10:bfb93e9f
14098530ns          243556 1c00875c 0a078b63 beq              x15, x0, 182        x15:00000001
14098550ns          243557 1c00875e e00517d3 fclass.s         x15, f10            x15=00000002 f10:bfb93e9f
14098570ns          243558 1c008762 0817f793 andi             x15, x15, 129       x15=00000000 x15:00000002
14098590ns          243559 1c008766 0a079663 bne              x15, x0, 172        x15:00000000
14098610ns          243560 1c008768 00000793 addi             x15, x0, 0          x15=00000000
14098630ns          243561 1c00876c a0f517d3 flt.s            x15, f10, f15       x15=00000001 f10:bfb93e9f f15:00000000
14098650ns          243562 1c008770 0a079663 bne              x15, x0, 172        x15:00000001
14098709ns          243565 1c00881c 1c0007b7 lui              x15, 0x1c000000     x15=1c000000
14098729ns          243566 1c008820 12c7a783 lw               x15, 300(x15)       x15=c0c90fdb x15:1c000000  PA:1c00012c
14099067ns          243583 1c008824 a0f517d3 flt.s            x15, f10, f15       x15=00000000 f10:bfb93e9f f15:c0c90fdb
14099087ns          243584 1c008828 00078463 beq              x15, x0, 8          x15:00000000
14099147ns          243587 1c008830 20a51553 fsgnjn.s         f10, f10, f10       f10=xxxxxxxx f10:bfb93e9f f10:bfb93e9f
14099167ns          243588 1c008834 f6bff06f jal              x0, -150           
14099226ns          243591 1c00879e 1c0007b7 lui              x15, 0x1c000000     x15=1c000000
14099246ns          243592 1c0087a2 01c7a783 lw               x15, 28(x15)        x15=3fc90fdb x15:1c000000  PA:1c00001c
14099604ns          243610 1c0087a6 a0f517d3 flt.s            x15, f10, f15       x15=00000001 f10:3fb93e9f f15:3fc90fdb
14099624ns          243611 1c0087aa 02079563 bne              x15, x0, 42         x15:00000001
14099684ns          243614 1c0087d4 10a57553 fmul.s           f10, f10, f10       f10=xxxxxxxx f10:3fb93e9f f10:3fb93e9f
14099704ns          243615 1c0087d8 1c0007b7 lui              x15, 0x1c000000     x15=1c000000
14099724ns          243616 1c0087dc 1c000737 lui              x14, 0x1c000000     x14=1c000000
14099743ns          243617 1c0087e0 13472703 lw               x14, 308(x14)       x14=bab59551 x14:1c000000  PA:1c000134
14100082ns          243634 1c0087e4 1307a783 lw               x15, 304(x15)       x15=37c23ab1 x15:1c000000  PA:1c000130
14100400ns          243650 1c0087e8 70f577c3 fmadd.s          f15, f10, f15, f14  f15=xxxxxxxx f10:40060b91 f15:37c23ab1 f14:bab59551
14100420ns          243651 1c0087ec 1c000737 lui              x14, 0x1c000000     x14=1c000000
14100440ns          243652 1c0087f0 13872703 lw               x14, 312(x14)       x14=3d2aa76f x14:1c000000  PA:1c000138
14100778ns          243669 1c0087f4 70f577c3 fmadd.s          f15, f10, f15, f14  f15=xxxxxxxx f10:40060b91 f15:baaf3a19 f14:3d2aa76f
14100798ns          243670 1c0087f8 1c000737 lui              x14, 0x1c000000     x14=1c000000
14100818ns          243671 1c0087fc 13c72703 lw               x14, 316(x14)       x14=beffffe0 x14:1c000000  PA:1c00013c
14101136ns          243687 1c008800 70f577c3 fmadd.s          f15, f10, f15, f14  f15=xxxxxxxx f10:40060b91 f15:3d1f2f65 f14:beffffe0
14101156ns          243688 1c008804 1c000737 lui              x14, 0x1c000000     x14=1c000000
14101176ns          243689 1c008808 16872703 lw               x14, 360(x14)       x14=3f7fffff x14:1c000000  PA:1c000168
14101514ns          243706 1c00880c 70f57543 fmadd.s          f10, f10, f15, f14  f10=xxxxxxxx f10:40060b91 f15:bed652e0 f14:3f7fffff
14101534ns          243707 1c008810 00008067 jalr             x0, x1, 0            x1:1c0081de
14101593ns          243710 1c0081de 016a7a53 fadd.s           f20, f20, f22       f20=xxxxxxxx f20:4041273d f22:3e533fc3
14101613ns          243711 1c0081e2 10acf553 fmul.s           f10, f25, f10       f10=xxxxxxxx f25:3f800000 f10:3dfc6ef5
14101633ns          243712 1c0081e6 a14a97d3 flt.s            x15, f21, f20       x15=00000000 f21:40c90fdb f20:404e5b39
14101653ns          243713 1c0081ea 00a4222b p.sw             x10, 4(x8!)          x8=10000e50 x10:3dfc6ef5  x8:10000e4c  PA:10000e4c
14101673ns          243714 1c0081ee 00078363 beq              x15, x0, 6          x15:00000000
14101733ns          243717 1c0081f4 ff7412e3 bne              x8, x23, -28         x8:10000e50 x23:10000fc8
14101792ns          243720 1c0081d8 094c7553 fsub.s           f10, f24, f20       f10=xxxxxxxx f24:3fc90fdb f20:404e5b39
14101812ns          243721 1c0081dc 57c000ef jal              x1, 1404             x1=1c0081de
14101852ns          243723 1c008758 a0a527d3 feq.s            x15, f10, f10       x15=00000001 f10:bfd3a697 f10:bfd3a697
14101872ns          243724 1c00875c 0a078b63 beq              x15, x0, 182        x15:00000001
14101892ns          243725 1c00875e e00517d3 fclass.s         x15, f10            x15=00000002 f10:bfd3a697
14101912ns          243726 1c008762 0817f793 andi             x15, x15, 129       x15=00000000 x15:00000002
14101931ns          243727 1c008766 0a079663 bne              x15, x0, 172        x15:00000000
14101951ns          243728 1c008768 00000793 addi             x15, x0, 0          x15=00000000
14101971ns          243729 1c00876c a0f517d3 flt.s            x15, f10, f15       x15=00000001 f10:bfd3a697 f15:00000000
14101991ns          243730 1c008770 0a079663 bne              x15, x0, 172        x15:00000001
14102051ns          243733 1c00881c 1c0007b7 lui              x15, 0x1c000000     x15=1c000000
14102071ns          243734 1c008820 12c7a783 lw               x15, 300(x15)       x15=c0c90fdb x15:1c000000  PA:1c00012c
14102429ns          243752 1c008824 a0f517d3 flt.s            x15, f10, f15       x15=00000000 f10:bfd3a697 f15:c0c90fdb
14102449ns          243753 1c008828 00078463 beq              x15, x0, 8          x15:00000000
14102508ns          243756 1c008830 20a51553 fsgnjn.s         f10, f10, f10       f10=xxxxxxxx f10:bfd3a697 f10:bfd3a697
14102528ns          243757 1c008834 f6bff06f jal              x0, -150           
14102588ns          243760 1c00879e 1c0007b7 lui              x15, 0x1c000000     x15=1c000000
14102608ns          243761 1c0087a2 01c7a783 lw               x15, 28(x15)        x15=3fc90fdb x15:1c000000  PA:1c00001c
14102926ns          243777 1c0087a6 a0f517d3 flt.s            x15, f10, f15       x15=00000000 f10:3fd3a697 f15:3fc90fdb
14102946ns          243778 1c0087aa 02079563 bne              x15, x0, 42         x15:00000000
14102966ns          243779 1c0087ac 1c0007b7 lui              x15, 0x1c000000     x15=1c000000
14102986ns          243780 1c0087b0 1007a783 lw               x15, 256(x15)       x15=40490fdb x15:1c000000  PA:1c000100
14103304ns          243796 1c0087b4 a0f51753 flt.s            x14, f10, f15       x14=00000001 f10:3fd3a697 f15:40490fdb
14103324ns          243797 1c0087b8 06071f63 bne              x14, x0, 126        x14:00000001
14103403ns          243801 1c008836 08a7f553 fsub.s           f10, f15, f10       f10=xxxxxxxx f15:40490fdb f10:3fd3a697
14103423ns          243802 1c00883a 10a57553 fmul.s           f10, f10, f10       f10=xxxxxxxx f10:3fbe791f f10:3fbe791f
14103443ns          243803 1c00883e 1c0007b7 lui              x15, 0x1c000000     x15=1c000000
14103463ns          243804 1c008842 1c000737 lui              x14, 0x1c000000     x14=1c000000
14103483ns          243805 1c008846 13472703 lw               x14, 308(x14)       x14=bab59551 x14:1c000000  PA:1c000134
14103781ns          243820 1c00884a 1307a783 lw               x15, 304(x15)       x15=37c23ab1 x15:1c000000  PA:1c000130
14104119ns          243837 1c00884e 70f577c3 fmadd.s          f15, f10, f15, f14  f15=xxxxxxxx f10:400db803 f15:37c23ab1 f14:bab59551
14104139ns          243838 1c008852 1c000737 lui              x14, 0x1c000000     x14=1c000000
14104159ns          243839 1c008856 13872703 lw               x14, 312(x14)       x14=3d2aa76f x14:1c000000  PA:1c000138
14104477ns          243855 1c00885a 70f577c3 fmadd.s          f15, f10, f15, f14  f15=xxxxxxxx f10:400db803 f15:baaedcf2 f14:3d2aa76f
14104497ns          243856 1c00885e 1c000737 lui              x14, 0x1c000000     x14=1c000000
14104517ns          243857 1c008862 13c72703 lw               x14, 316(x14)       x14=beffffe0 x14:1c000000  PA:1c00013c
14104855ns          243874 1c008866 70f577c3 fmadd.s          f15, f10, f15, f14  f15=xxxxxxxx f10:400db803 f15:3d1e8dc3 f14:beffffe0
14104875ns          243875 1c00886a 1c000737 lui              x14, 0x1c000000     x14=1c000000
14104895ns          243876 1c00886e 16872703 lw               x14, 360(x14)       x14=3f7fffff x14:1c000000  PA:1c000168
14105213ns          243892 1c008872 70f57543 fmadd.s          f10, f10, f15, f14  f10=xxxxxxxx f10:400db803 f15:bed41cda f14:3f7fffff
14105233ns          243893 1c008876 20a51553 fsgnjn.s         f10, f10, f10       f10=xxxxxxxx f10:3da93a43 f10:3da93a43
14105253ns          243894 1c00887a 00008067 jalr             x0, x1, 0            x1:1c0081de
14105313ns          243897 1c0081de 016a7a53 fadd.s           f20, f20, f22       f20=xxxxxxxx f20:404e5b39 f22:3e533fc3
14105333ns          243898 1c0081e2 10acf553 fmul.s           f10, f25, f10       f10=xxxxxxxx f25:3f800000 f10:bda93a43
14105353ns          243899 1c0081e6 a14a97d3 flt.s            x15, f21, f20       x15=00000000 f21:40c90fdb f20:405b8f35
14105373ns          243900 1c0081ea 00a4222b p.sw             x10, 4(x8!)          x8=10000e54 x10:bda93a43  x8:10000e50  PA:10000e50
14105392ns          243901 1c0081ee 00078363 beq              x15, x0, 6          x15:00000000
14105452ns          243904 1c0081f4 ff7412e3 bne              x8, x23, -28         x8:10000e54 x23:10000fc8
14105512ns          243907 1c0081d8 094c7553 fsub.s           f10, f24, f20       f10=xxxxxxxx f24:3fc90fdb f20:405b8f35
14105532ns          243908 1c0081dc 57c000ef jal              x1, 1404             x1=1c0081de
14105571ns          243910 1c008758 a0a527d3 feq.s            x15, f10, f10       x15=00000001 f10:bfee0e8f f10:bfee0e8f
14105591ns          243911 1c00875c 0a078b63 beq              x15, x0, 182        x15:00000001
14105611ns          243912 1c00875e e00517d3 fclass.s         x15, f10            x15=00000002 f10:bfee0e8f
14105631ns          243913 1c008762 0817f793 andi             x15, x15, 129       x15=00000000 x15:00000002
14105651ns          243914 1c008766 0a079663 bne              x15, x0, 172        x15:00000000
14105671ns          243915 1c008768 00000793 addi             x15, x0, 0          x15=00000000
14105691ns          243916 1c00876c a0f517d3 flt.s            x15, f10, f15       x15=00000001 f10:bfee0e8f f15:00000000
14105711ns          243917 1c008770 0a079663 bne              x15, x0, 172        x15:00000001
14105770ns          243920 1c00881c 1c0007b7 lui              x15, 0x1c000000     x15=1c000000
14105790ns          243921 1c008820 12c7a783 lw               x15, 300(x15)       x15=c0c90fdb x15:1c000000  PA:1c00012c
14106128ns          243938 1c008824 a0f517d3 flt.s            x15, f10, f15       x15=00000000 f10:bfee0e8f f15:c0c90fdb
14106148ns          243939 1c008828 00078463 beq              x15, x0, 8          x15:00000000
14106208ns          243942 1c008830 20a51553 fsgnjn.s         f10, f10, f10       f10=xxxxxxxx f10:bfee0e8f f10:bfee0e8f
14106228ns          243943 1c008834 f6bff06f jal              x0, -150           
14106288ns          243946 1c00879e 1c0007b7 lui              x15, 0x1c000000     x15=1c000000
14106307ns          243947 1c0087a2 01c7a783 lw               x15, 28(x15)        x15=3fc90fdb x15:1c000000  PA:1c00001c
14106626ns          243963 1c0087a6 a0f517d3 flt.s            x15, f10, f15       x15=00000000 f10:3fee0e8f f15:3fc90fdb
14106646ns          243964 1c0087aa 02079563 bne              x15, x0, 42         x15:00000000
14106665ns          243965 1c0087ac 1c0007b7 lui              x15, 0x1c000000     x15=1c000000
14106685ns          243966 1c0087b0 1007a783 lw               x15, 256(x15)       x15=40490fdb x15:1c000000  PA:1c000100
14107004ns          243982 1c0087b4 a0f51753 flt.s            x14, f10, f15       x14=00000001 f10:3fee0e8f f15:40490fdb
14107024ns          243983 1c0087b8 06071f63 bne              x14, x0, 126        x14:00000001
14107103ns          243987 1c008836 08a7f553 fsub.s           f10, f15, f10       f10=xxxxxxxx f15:40490fdb f10:3fee0e8f
14107123ns          243988 1c00883a 10a57553 fmul.s           f10, f10, f10       f10=xxxxxxxx f10:3fa41127 f10:3fa41127
14107143ns          243989 1c00883e 1c0007b7 lui              x15, 0x1c000000     x15=1c000000
14107163ns          243990 1c008842 1c000737 lui              x14, 0x1c000000     x14=1c000000
14107183ns          243991 1c008846 13472703 lw               x14, 308(x14)       x14=bab59551 x14:1c000000  PA:1c000134
14107521ns          244008 1c00884a 1307a783 lw               x15, 304(x15)       x15=37c23ab1 x15:1c000000  PA:1c000130
14107839ns          244024 1c00884e 70f577c3 fmadd.s          f15, f10, f15, f14  f15=xxxxxxxx f10:3fd24bf6 f15:37c23ab1 f14:bab59551
14107859ns          244025 1c008852 1c000737 lui              x14, 0x1c000000     x14=1c000000
14107879ns          244026 1c008856 13872703 lw               x14, 312(x14)       x14=3d2aa76f x14:1c000000  PA:1c000138
14108217ns          244043 1c00885a 70f577c3 fmadd.s          f15, f10, f15, f14  f15=xxxxxxxx f10:3fd24bf6 f15:bab098e3 f14:3d2aa76f
14108237ns          244044 1c00885e 1c000737 lui              x14, 0x1c000000     x14=1c000000
14108257ns          244045 1c008862 13c72703 lw               x14, 316(x14)       x14=beffffe0 x14:1c000000  PA:1c00013c
14108575ns          244061 1c008866 70f577c3 fmadd.s          f15, f10, f15, f14  f15=xxxxxxxx f10:3fd24bf6 f15:3d219652 f14:beffffe0
14108595ns          244062 1c00886a 1c000737 lui              x14, 0x1c000000     x14=1c000000
14108615ns          244063 1c00886e 16872703 lw               x14, 360(x14)       x14=3f7fffff x14:1c000000  PA:1c000168
14108933ns          244079 1c008872 70f57543 fmadd.s          f10, f10, f15, f14  f10=xxxxxxxx f10:3fd24bf6 f15:beded090 f14:3f7fffff
14108953ns          244080 1c008876 20a51553 fsgnjn.s         f10, f10, f10       f10=xxxxxxxx f10:3e91ed97 f10:3e91ed97
14108973ns          244081 1c00887a 00008067 jalr             x0, x1, 0            x1:1c0081de
14109032ns          244084 1c0081de 016a7a53 fadd.s           f20, f20, f22       f20=xxxxxxxx f20:405b8f35 f22:3e533fc3
14109052ns          244085 1c0081e2 10acf553 fmul.s           f10, f25, f10       f10=xxxxxxxx f25:3f800000 f10:be91ed97
14109072ns          244086 1c0081e6 a14a97d3 flt.s            x15, f21, f20       x15=00000000 f21:40c90fdb f20:4068c331
14109092ns          244087 1c0081ea 00a4222b p.sw             x10, 4(x8!)          x8=10000e58 x10:be91ed97  x8:10000e54  PA:10000e54
14109112ns          244088 1c0081ee 00078363 beq              x15, x0, 6          x15:00000000
14109172ns          244091 1c0081f4 ff7412e3 bne              x8, x23, -28         x8:10000e58 x23:10000fc8
14109231ns          244094 1c0081d8 094c7553 fsub.s           f10, f24, f20       f10=xxxxxxxx f24:3fc90fdb f20:4068c331
14109251ns          244095 1c0081dc 57c000ef jal              x1, 1404             x1=1c0081de
14109291ns          244097 1c008758 a0a527d3 feq.s            x15, f10, f10       x15=00000001 f10:c0043b44 f10:c0043b44
14109311ns          244098 1c00875c 0a078b63 beq              x15, x0, 182        x15:00000001
14109331ns          244099 1c00875e e00517d3 fclass.s         x15, f10            x15=00000002 f10:c0043b44
14109351ns          244100 1c008762 0817f793 andi             x15, x15, 129       x15=00000000 x15:00000002
14109371ns          244101 1c008766 0a079663 bne              x15, x0, 172        x15:00000000
14109391ns          244102 1c008768 00000793 addi             x15, x0, 0          x15=00000000
14109410ns          244103 1c00876c a0f517d3 flt.s            x15, f10, f15       x15=00000001 f10:c0043b44 f15:00000000
14109430ns          244104 1c008770 0a079663 bne              x15, x0, 172        x15:00000001
14109490ns          244107 1c00881c 1c0007b7 lui              x15, 0x1c000000     x15=1c000000
14109510ns          244108 1c008820 12c7a783 lw               x15, 300(x15)       x15=c0c90fdb x15:1c000000  PA:1c00012c
14109828ns          244124 1c008824 a0f517d3 flt.s            x15, f10, f15       x15=00000000 f10:c0043b44 f15:c0c90fdb
14109848ns          244125 1c008828 00078463 beq              x15, x0, 8          x15:00000000
14109908ns          244128 1c008830 20a51553 fsgnjn.s         f10, f10, f10       f10=xxxxxxxx f10:c0043b44 f10:c0043b44
14109928ns          244129 1c008834 f6bff06f jal              x0, -150           
14109987ns          244132 1c00879e 1c0007b7 lui              x15, 0x1c000000     x15=1c000000
14110007ns          244133 1c0087a2 01c7a783 lw               x15, 28(x15)        x15=3fc90fdb x15:1c000000  PA:1c00001c
14110325ns          244149 1c0087a6 a0f517d3 flt.s            x15, f10, f15       x15=00000000 f10:40043b44 f15:3fc90fdb
14110345ns          244150 1c0087aa 02079563 bne              x15, x0, 42         x15:00000000
14110365ns          244151 1c0087ac 1c0007b7 lui              x15, 0x1c000000     x15=1c000000
14110385ns          244152 1c0087b0 1007a783 lw               x15, 256(x15)       x15=40490fdb x15:1c000000  PA:1c000100
14110703ns          244168 1c0087b4 a0f51753 flt.s            x14, f10, f15       x14=00000001 f10:40043b44 f15:40490fdb
14110723ns          244169 1c0087b8 06071f63 bne              x14, x0, 126        x14:00000001
14110803ns          244173 1c008836 08a7f553 fsub.s           f10, f15, f10       f10=xxxxxxxx f15:40490fdb f10:40043b44
14110823ns          244174 1c00883a 10a57553 fmul.s           f10, f10, f10       f10=xxxxxxxx f10:3f89a92e f10:3f89a92e
14110843ns          244175 1c00883e 1c0007b7 lui              x15, 0x1c000000     x15=1c000000
14110862ns          244176 1c008842 1c000737 lui              x14, 0x1c000000     x14=1c000000
14110882ns          244177 1c008846 13472703 lw               x14, 308(x14)       x14=bab59551 x14:1c000000  PA:1c000134
14111201ns          244193 1c00884a 1307a783 lw               x15, 304(x15)       x15=37c23ab1 x15:1c000000  PA:1c000130
14111519ns          244209 1c00884e 70f577c3 fmadd.s          f15, f10, f15, f14  f15=xxxxxxxx f10:3f940d06 f15:37c23ab1 f14:bab59551
14111539ns          244210 1c008852 1c000737 lui              x14, 0x1c000000     x14=1c000000
14111559ns          244211 1c008856 13872703 lw               x14, 312(x14)       x14=3d2aa76f x14:1c000000  PA:1c000138
14111897ns          244228 1c00885a 70f577c3 fmadd.s          f15, f10, f15, f14  f15=xxxxxxxx f10:3f940d06 f15:bab212b3 f14:3d2aa76f
14111917ns          244229 1c00885e 1c000737 lui              x14, 0x1c000000     x14=1c000000
14111937ns          244230 1c008862 13c72703 lw               x14, 316(x14)       x14=beffffe0 x14:1c000000  PA:1c00013c
14112255ns          244246 1c008866 70f577c3 fmadd.s          f15, f10, f15, f14  f15=xxxxxxxx f10:3f940d06 f15:3d2437b1 f14:beffffe0
14112275ns          244247 1c00886a 1c000737 lui              x14, 0x1c000000     x14=1c000000
14112295ns          244248 1c00886e 16872703 lw               x14, 360(x14)       x14=3f7fffff x14:1c000000  PA:1c000168
14112712ns          244269 1c008872 70f57543 fmadd.s          f10, f10, f15, f14  f10=xxxxxxxx f10:3f940d06 f15:bee841bd f14:3f7fffff
14112732ns          244270 1c008876 20a51553 fsgnjn.s         f10, f10, f10       f10=xxxxxxxx f10:3ef35c5a f10:3ef35c5a
14112752ns          244271 1c00887a 00008067 jalr             x0, x1, 0            x1:1c0081de
14112812ns          244274 1c0081de 016a7a53 fadd.s           f20, f20, f22       f20=xxxxxxxx f20:4068c331 f22:3e533fc3
14112832ns          244275 1c0081e2 10acf553 fmul.s           f10, f25, f10       f10=xxxxxxxx f25:3f800000 f10:bef35c5a
14112852ns          244276 1c0081e6 a14a97d3 flt.s            x15, f21, f20       x15=00000000 f21:40c90fdb f20:4075f72d
14112871ns          244277 1c0081ea 00a4222b p.sw             x10, 4(x8!)          x8=10000e5c x10:bef35c5a  x8:10000e58  PA:10000e58
14112891ns          244278 1c0081ee 00078363 beq              x15, x0, 6          x15:00000000
14112951ns          244281 1c0081f4 ff7412e3 bne              x8, x23, -28         x8:10000e5c x23:10000fc8
14113011ns          244284 1c0081d8 094c7553 fsub.s           f10, f24, f20       f10=xxxxxxxx f24:3fc90fdb f20:4075f72d
14113031ns          244285 1c0081dc 57c000ef jal              x1, 1404             x1=1c0081de
14113070ns          244287 1c008758 a0a527d3 feq.s            x15, f10, f10       x15=00000001 f10:c0116f40 f10:c0116f40
14113090ns          244288 1c00875c 0a078b63 beq              x15, x0, 182        x15:00000001
14113110ns          244289 1c00875e e00517d3 fclass.s         x15, f10            x15=00000002 f10:c0116f40
14113130ns          244290 1c008762 0817f793 andi             x15, x15, 129       x15=00000000 x15:00000002
14113150ns          244291 1c008766 0a079663 bne              x15, x0, 172        x15:00000000
14113170ns          244292 1c008768 00000793 addi             x15, x0, 0          x15=00000000
14113190ns          244293 1c00876c a0f517d3 flt.s            x15, f10, f15       x15=00000001 f10:c0116f40 f15:00000000
14113210ns          244294 1c008770 0a079663 bne              x15, x0, 172        x15:00000001
14113269ns          244297 1c00881c 1c0007b7 lui              x15, 0x1c000000     x15=1c000000
14113289ns          244298 1c008820 12c7a783 lw               x15, 300(x15)       x15=c0c90fdb x15:1c000000  PA:1c00012c
14113627ns          244315 1c008824 a0f517d3 flt.s            x15, f10, f15       x15=00000000 f10:c0116f40 f15:c0c90fdb
14113647ns          244316 1c008828 00078463 beq              x15, x0, 8          x15:00000000
14113707ns          244319 1c008830 20a51553 fsgnjn.s         f10, f10, f10       f10=xxxxxxxx f10:c0116f40 f10:c0116f40
14113727ns          244320 1c008834 f6bff06f jal              x0, -150           
14113786ns          244323 1c00879e 1c0007b7 lui              x15, 0x1c000000     x15=1c000000
14113806ns          244324 1c0087a2 01c7a783 lw               x15, 28(x15)        x15=3fc90fdb x15:1c000000  PA:1c00001c
14114125ns          244340 1c0087a6 a0f517d3 flt.s            x15, f10, f15       x15=00000000 f10:40116f40 f15:3fc90fdb
14114144ns          244341 1c0087aa 02079563 bne              x15, x0, 42         x15:00000000
14114164ns          244342 1c0087ac 1c0007b7 lui              x15, 0x1c000000     x15=1c000000
14114184ns          244343 1c0087b0 1007a783 lw               x15, 256(x15)       x15=40490fdb x15:1c000000  PA:1c000100
14114522ns          244360 1c0087b4 a0f51753 flt.s            x14, f10, f15       x14=00000001 f10:40116f40 f15:40490fdb
14114542ns          244361 1c0087b8 06071f63 bne              x14, x0, 126        x14:00000001
14114622ns          244365 1c008836 08a7f553 fsub.s           f10, f15, f10       f10=xxxxxxxx f15:40490fdb f10:40116f40
14114642ns          244366 1c00883a 10a57553 fmul.s           f10, f10, f10       f10=xxxxxxxx f10:3f5e826c f10:3f5e826c
14114662ns          244367 1c00883e 1c0007b7 lui              x15, 0x1c000000     x15=1c000000
14114681ns          244368 1c008842 1c000737 lui              x14, 0x1c000000     x14=1c000000
14114701ns          244369 1c008846 13472703 lw               x14, 308(x14)       x14=bab59551 x14:1c000000  PA:1c000134
14115000ns          244384 1c00884a 1307a783 lw               x15, 304(x15)       x15=37c23ab1 x15:1c000000  PA:1c000130
14115318ns          244400 1c00884e 70f577c3 fmadd.s          f15, f10, f15, f14  f15=xxxxxxxx f10:3f416676 f15:37c23ab1 f14:bab59551
14115338ns          244401 1c008852 1c000737 lui              x14, 0x1c000000     x14=1c000000
14115358ns          244402 1c008856 13872703 lw               x14, 312(x14)       x14=3d2aa76f x14:1c000000  PA:1c000138
14115696ns          244419 1c00885a 70f577c3 fmadd.s          f15, f10, f15, f14  f15=xxxxxxxx f10:3f416676 f15:bab34a61 f14:3d2aa76f
14115716ns          244420 1c00885e 1c000737 lui              x14, 0x1c000000     x14=1c000000
14115736ns          244421 1c008862 13c72703 lw               x14, 316(x14)       x14=beffffe0 x14:1c000000  PA:1c00013c
14116074ns          244438 1c008866 70f577c3 fmadd.s          f15, f10, f15, f14  f15=xxxxxxxx f10:3f416676 f15:3d266bd8 f14:beffffe0
14116094ns          244439 1c00886a 1c000737 lui              x14, 0x1c000000     x14=1c000000
14116114ns          244440 1c00886e 16872703 lw               x14, 360(x14)       x14=3f7fffff x14:1c000000  PA:1c000168
14116432ns          244456 1c008872 70f57543 fmadd.s          f10, f10, f15, f14  f10=xxxxxxxx f10:3f416676 f15:bef048a3 f14:3f7fffff
14116452ns          244457 1c008876 20a51553 fsgnjn.s         f10, f10, f10       f10=xxxxxxxx f10:3f253c88 f10:3f253c88
14116472ns          244458 1c00887a 00008067 jalr             x0, x1, 0            x1:1c0081de
14116531ns          244461 1c0081de 016a7a53 fadd.s           f20, f20, f22       f20=xxxxxxxx f20:4075f72d f22:3e533fc3
14116551ns          244462 1c0081e2 10acf553 fmul.s           f10, f25, f10       f10=xxxxxxxx f25:3f800000 f10:bf253c88
14116571ns          244463 1c0081e6 a14a97d3 flt.s            x15, f21, f20       x15=00000000 f21:40c90fdb f20:40819595
14116591ns          244464 1c0081ea 00a4222b p.sw             x10, 4(x8!)          x8=10000e60 x10:bf253c88  x8:10000e5c  PA:10000e5c
14116611ns          244465 1c0081ee 00078363 beq              x15, x0, 6          x15:00000000
14116671ns          244468 1c0081f4 ff7412e3 bne              x8, x23, -28         x8:10000e60 x23:10000fc8
14116730ns          244471 1c0081d8 094c7553 fsub.s           f10, f24, f20       f10=xxxxxxxx f24:3fc90fdb f20:40819595
14116750ns          244472 1c0081dc 57c000ef jal              x1, 1404             x1=1c0081de
14116790ns          244474 1c008758 a0a527d3 feq.s            x15, f10, f10       x15=00000001 f10:c01ea33c f10:c01ea33c
14116810ns          244475 1c00875c 0a078b63 beq              x15, x0, 182        x15:00000001
14116830ns          244476 1c00875e e00517d3 fclass.s         x15, f10            x15=00000002 f10:c01ea33c
14116850ns          244477 1c008762 0817f793 andi             x15, x15, 129       x15=00000000 x15:00000002
14116869ns          244478 1c008766 0a079663 bne              x15, x0, 172        x15:00000000
14116889ns          244479 1c008768 00000793 addi             x15, x0, 0          x15=00000000
14116909ns          244480 1c00876c a0f517d3 flt.s            x15, f10, f15       x15=00000001 f10:c01ea33c f15:00000000
14116929ns          244481 1c008770 0a079663 bne              x15, x0, 172        x15:00000001
14116989ns          244484 1c00881c 1c0007b7 lui              x15, 0x1c000000     x15=1c000000
14117009ns          244485 1c008820 12c7a783 lw               x15, 300(x15)       x15=c0c90fdb x15:1c000000  PA:1c00012c
14117327ns          244501 1c008824 a0f517d3 flt.s            x15, f10, f15       x15=00000000 f10:c01ea33c f15:c0c90fdb
14117347ns          244502 1c008828 00078463 beq              x15, x0, 8          x15:00000000
14117406ns          244505 1c008830 20a51553 fsgnjn.s         f10, f10, f10       f10=xxxxxxxx f10:c01ea33c f10:c01ea33c
14117426ns          244506 1c008834 f6bff06f jal              x0, -150           
14117486ns          244509 1c00879e 1c0007b7 lui              x15, 0x1c000000     x15=1c000000
14117506ns          244510 1c0087a2 01c7a783 lw               x15, 28(x15)        x15=3fc90fdb x15:1c000000  PA:1c00001c
14117824ns          244526 1c0087a6 a0f517d3 flt.s            x15, f10, f15       x15=00000000 f10:401ea33c f15:3fc90fdb
14117844ns          244527 1c0087aa 02079563 bne              x15, x0, 42         x15:00000000
14117864ns          244528 1c0087ac 1c0007b7 lui              x15, 0x1c000000     x15=1c000000
14117884ns          244529 1c0087b0 1007a783 lw               x15, 256(x15)       x15=40490fdb x15:1c000000  PA:1c000100
14118222ns          244546 1c0087b4 a0f51753 flt.s            x14, f10, f15       x14=00000001 f10:401ea33c f15:40490fdb
14118242ns          244547 1c0087b8 06071f63 bne              x14, x0, 126        x14:00000001
14118321ns          244551 1c008836 08a7f553 fsub.s           f10, f15, f10       f10=xxxxxxxx f15:40490fdb f10:401ea33c
14118341ns          244552 1c00883a 10a57553 fmul.s           f10, f10, f10       f10=xxxxxxxx f10:3f29b27c f10:3f29b27c
14118361ns          244553 1c00883e 1c0007b7 lui              x15, 0x1c000000     x15=1c000000
14118381ns          244554 1c008842 1c000737 lui              x14, 0x1c000000     x14=1c000000
14118401ns          244555 1c008846 13472703 lw               x14, 308(x14)       x14=bab59551 x14:1c000000  PA:1c000134
14118739ns          244572 1c00884a 1307a783 lw               x15, 304(x15)       x15=37c23ab1 x15:1c000000  PA:1c000130
14119057ns          244588 1c00884e 70f577c3 fmadd.s          f15, f10, f15, f14  f15=xxxxxxxx f10:3ee0fa48 f15:37c23ab1 f14:bab59551
14119077ns          244589 1c008852 1c000737 lui              x14, 0x1c000000     x14=1c000000
14119097ns          244590 1c008856 13872703 lw               x14, 312(x14)       x14=3d2aa76f x14:1c000000  PA:1c000138
14119415ns          244606 1c00885a 70f577c3 fmadd.s          f15, f10, f15, f14  f15=xxxxxxxx f10:3ee0fa48 f15:bab43fef f14:3d2aa76f
14119435ns          244607 1c00885e 1c000737 lui              x14, 0x1c000000     x14=1c000000
14119455ns          244608 1c008862 13c72703 lw               x14, 316(x14)       x14=beffffe0 x14:1c000000  PA:1c00013c
14119773ns          244624 1c008866 70f577c3 fmadd.s          f15, f10, f15, f14  f15=xxxxxxxx f10:3ee0fa48 f15:3d282dce f14:beffffe0
14119793ns          244625 1c00886a 1c000737 lui              x14, 0x1c000000     x14=1c000000
14119813ns          244626 1c00886e 16872703 lw               x14, 360(x14)       x14=3f7fffff x14:1c000000  PA:1c000168
14120151ns          244643 1c008872 70f57543 fmadd.s          f10, f10, f15, f14  f10=xxxxxxxx f10:3ee0fa48 f15:bef6c318 f14:3f7fffff
14120171ns          244644 1c008876 20a51553 fsgnjn.s         f10, f10, f10       f10=xxxxxxxx f10:3f49c902 f10:3f49c902
14120191ns          244645 1c00887a 00008067 jalr             x0, x1, 0            x1:1c0081de
14120251ns          244648 1c0081de 016a7a53 fadd.s           f20, f20, f22       f20=xxxxxxxx f20:40819595 f22:3e533fc3
14120271ns          244649 1c0081e2 10acf553 fmul.s           f10, f25, f10       f10=xxxxxxxx f25:3f800000 f10:bf49c902
14120291ns          244650 1c0081e6 a14a97d3 flt.s            x15, f21, f20       x15=00000000 f21:40c90fdb f20:40882f93
14120311ns          244651 1c0081ea 00a4222b p.sw             x10, 4(x8!)          x8=10000e64 x10:bf49c902  x8:10000e60  PA:10000e60
14120330ns          244652 1c0081ee 00078363 beq              x15, x0, 6          x15:00000000
14120390ns          244655 1c0081f4 ff7412e3 bne              x8, x23, -28         x8:10000e64 x23:10000fc8
14120450ns          244658 1c0081d8 094c7553 fsub.s           f10, f24, f20       f10=xxxxxxxx f24:3fc90fdb f20:40882f93
14120470ns          244659 1c0081dc 57c000ef jal              x1, 1404             x1=1c0081de
14120509ns          244661 1c008758 a0a527d3 feq.s            x15, f10, f10       x15=00000001 f10:c02bd738 f10:c02bd738
14120529ns          244662 1c00875c 0a078b63 beq              x15, x0, 182        x15:00000001
14120549ns          244663 1c00875e e00517d3 fclass.s         x15, f10            x15=00000002 f10:c02bd738
14120569ns          244664 1c008762 0817f793 andi             x15, x15, 129       x15=00000000 x15:00000002
14120589ns          244665 1c008766 0a079663 bne              x15, x0, 172        x15:00000000
14120609ns          244666 1c008768 00000793 addi             x15, x0, 0          x15=00000000
14120629ns          244667 1c00876c a0f517d3 flt.s            x15, f10, f15       x15=00000001 f10:c02bd738 f15:00000000
14120649ns          244668 1c008770 0a079663 bne              x15, x0, 172        x15:00000001
14120708ns          244671 1c00881c 1c0007b7 lui              x15, 0x1c000000     x15=1c000000
14120728ns          244672 1c008820 12c7a783 lw               x15, 300(x15)       x15=c0c90fdb x15:1c000000  PA:1c00012c
14121046ns          244688 1c008824 a0f517d3 flt.s            x15, f10, f15       x15=00000000 f10:c02bd738 f15:c0c90fdb
14121066ns          244689 1c008828 00078463 beq              x15, x0, 8          x15:00000000
14121126ns          244692 1c008830 20a51553 fsgnjn.s         f10, f10, f10       f10=xxxxxxxx f10:c02bd738 f10:c02bd738
14121146ns          244693 1c008834 f6bff06f jal              x0, -150           
14121206ns          244696 1c00879e 1c0007b7 lui              x15, 0x1c000000     x15=1c000000
14121226ns          244697 1c0087a2 01c7a783 lw               x15, 28(x15)        x15=3fc90fdb x15:1c000000  PA:1c00001c
14121544ns          244713 1c0087a6 a0f517d3 flt.s            x15, f10, f15       x15=00000000 f10:402bd738 f15:3fc90fdb
14121564ns          244714 1c0087aa 02079563 bne              x15, x0, 42         x15:00000000
14121584ns          244715 1c0087ac 1c0007b7 lui              x15, 0x1c000000     x15=1c000000
14121603ns          244716 1c0087b0 1007a783 lw               x15, 256(x15)       x15=40490fdb x15:1c000000  PA:1c000100
14121922ns          244732 1c0087b4 a0f51753 flt.s            x14, f10, f15       x14=00000001 f10:402bd738 f15:40490fdb
14121942ns          244733 1c0087b8 06071f63 bne              x14, x0, 126        x14:00000001
14122021ns          244737 1c008836 08a7f553 fsub.s           f10, f15, f10       f10=xxxxxxxx f15:40490fdb f10:402bd738
14122041ns          244738 1c00883a 10a57553 fmul.s           f10, f10, f10       f10=xxxxxxxx f10:3ee9c518 f10:3ee9c518
14122061ns          244739 1c00883e 1c0007b7 lui              x15, 0x1c000000     x15=1c000000
14122081ns          244740 1c008842 1c000737 lui              x14, 0x1c000000     x14=1c000000
14122101ns          244741 1c008846 13472703 lw               x14, 308(x14)       x14=bab59551 x14:1c000000  PA:1c000134
14122399ns          244756 1c00884a 1307a783 lw               x15, 304(x15)       x15=37c23ab1 x15:1c000000  PA:1c000130
14122737ns          244773 1c00884e 70f577c3 fmadd.s          f15, f10, f15, f14  f15=xxxxxxxx f10:3e55785d f15:37c23ab1 f14:bab59551
14122757ns          244774 1c008852 1c000737 lui              x14, 0x1c000000     x14=1c000000
14122777ns          244775 1c008856 13872703 lw               x14, 312(x14)       x14=3d2aa76f x14:1c000000  PA:1c000138
14123095ns          244791 1c00885a 70f577c3 fmadd.s          f15, f10, f15, f14  f15=xxxxxxxx f10:3e55785d f15:bab4f35b f14:3d2aa76f
14123115ns          244792 1c00885e 1c000737 lui              x14, 0x1c000000     x14=1c000000
14123135ns          244793 1c008862 13c72703 lw               x14, 316(x14)       x14=beffffe0 x14:1c000000  PA:1c00013c
14123453ns          244809 1c008866 70f577c3 fmadd.s          f15, f10, f15, f14  f15=xxxxxxxx f10:3e55785d f15:3d2979a8 f14:beffffe0
14123473ns          244810 1c00886a 1c000737 lui              x14, 0x1c000000     x14=1c000000
14123493ns          244811 1c00886e 16872703 lw               x14, 360(x14)       x14=3f7fffff x14:1c000000  PA:1c000168
14123811ns          244827 1c008872 70f57543 fmadd.s          f10, f10, f15, f14  f10=xxxxxxxx f10:3e55785d f15:befb9551 f14:3f7fffff
14123831ns          244828 1c008876 20a51553 fsgnjn.s         f10, f10, f10       f10=xxxxxxxx f10:3f65c6ce f10:3f65c6ce
14123851ns          244829 1c00887a 00008067 jalr             x0, x1, 0            x1:1c0081de
14123911ns          244832 1c0081de 016a7a53 fadd.s           f20, f20, f22       f20=xxxxxxxx f20:40882f93 f22:3e533fc3
14123931ns          244833 1c0081e2 10acf553 fmul.s           f10, f25, f10       f10=xxxxxxxx f25:3f800000 f10:bf65c6ce
14123951ns          244834 1c0081e6 a14a97d3 flt.s            x15, f21, f20       x15=00000000 f21:40c90fdb f20:408ec991
14123970ns          244835 1c0081ea 00a4222b p.sw             x10, 4(x8!)          x8=10000e68 x10:bf65c6ce  x8:10000e64  PA:10000e64
14123990ns          244836 1c0081ee 00078363 beq              x15, x0, 6          x15:00000000
14124050ns          244839 1c0081f4 ff7412e3 bne              x8, x23, -28         x8:10000e68 x23:10000fc8
14124110ns          244842 1c0081d8 094c7553 fsub.s           f10, f24, f20       f10=xxxxxxxx f24:3fc90fdb f20:408ec991
14124130ns          244843 1c0081dc 57c000ef jal              x1, 1404             x1=1c0081de
14124169ns          244845 1c008758 a0a527d3 feq.s            x15, f10, f10       x15=00000001 f10:c0390b34 f10:c0390b34
14124189ns          244846 1c00875c 0a078b63 beq              x15, x0, 182        x15:00000001
14124209ns          244847 1c00875e e00517d3 fclass.s         x15, f10            x15=00000002 f10:c0390b34
14124229ns          244848 1c008762 0817f793 andi             x15, x15, 129       x15=00000000 x15:00000002
14124249ns          244849 1c008766 0a079663 bne              x15, x0, 172        x15:00000000
14124269ns          244850 1c008768 00000793 addi             x15, x0, 0          x15=00000000
14124289ns          244851 1c00876c a0f517d3 flt.s            x15, f10, f15       x15=00000001 f10:c0390b34 f15:00000000
14124309ns          244852 1c008770 0a079663 bne              x15, x0, 172        x15:00000001
14124368ns          244855 1c00881c 1c0007b7 lui              x15, 0x1c000000     x15=1c000000
14124388ns          244856 1c008820 12c7a783 lw               x15, 300(x15)       x15=c0c90fdb x15:1c000000  PA:1c00012c
14124706ns          244872 1c008824 a0f517d3 flt.s            x15, f10, f15       x15=00000000 f10:c0390b34 f15:c0c90fdb
14124726ns          244873 1c008828 00078463 beq              x15, x0, 8          x15:00000000
14124786ns          244876 1c008830 20a51553 fsgnjn.s         f10, f10, f10       f10=xxxxxxxx f10:c0390b34 f10:c0390b34
14124806ns          244877 1c008834 f6bff06f jal              x0, -150           
14124866ns          244880 1c00879e 1c0007b7 lui              x15, 0x1c000000     x15=1c000000
14124885ns          244881 1c0087a2 01c7a783 lw               x15, 28(x15)        x15=3fc90fdb x15:1c000000  PA:1c00001c
14125204ns          244897 1c0087a6 a0f517d3 flt.s            x15, f10, f15       x15=00000000 f10:40390b34 f15:3fc90fdb
14125224ns          244898 1c0087aa 02079563 bne              x15, x0, 42         x15:00000000
14125243ns          244899 1c0087ac 1c0007b7 lui              x15, 0x1c000000     x15=1c000000
14125263ns          244900 1c0087b0 1007a783 lw               x15, 256(x15)       x15=40490fdb x15:1c000000  PA:1c000100
14125582ns          244916 1c0087b4 a0f51753 flt.s            x14, f10, f15       x14=00000001 f10:40390b34 f15:40490fdb
14125601ns          244917 1c0087b8 06071f63 bne              x14, x0, 126        x14:00000001
14125681ns          244921 1c008836 08a7f553 fsub.s           f10, f15, f10       f10=xxxxxxxx f15:40490fdb f10:40390b34
14125701ns          244922 1c00883a 10a57553 fmul.s           f10, f10, f10       f10=xxxxxxxx f10:3e802538 f10:3e802538
14125721ns          244923 1c00883e 1c0007b7 lui              x15, 0x1c000000     x15=1c000000
14125741ns          244924 1c008842 1c000737 lui              x14, 0x1c000000     x14=1c000000
14125761ns          244925 1c008846 13472703 lw               x14, 308(x14)       x14=bab59551 x14:1c000000  PA:1c000134
14126059ns          244940 1c00884a 1307a783 lw               x15, 304(x15)       x15=37c23ab1 x15:1c000000  PA:1c000130
14126377ns          244956 1c00884e 70f577c3 fmadd.s          f15, f10, f15, f14  f15=xxxxxxxx f10:3d804a7b f15:37c23ab1 f14:bab59551
14126397ns          244957 1c008852 1c000737 lui              x14, 0x1c000000     x14=1c000000
14126417ns          244958 1c008856 13872703 lw               x14, 312(x14)       x14=3d2aa76f x14:1c000000  PA:1c000138
14126755ns          244975 1c00885a 70f577c3 fmadd.s          f15, f10, f15, f14  f15=xxxxxxxx f10:3d804a7b f15:bab564a6 f14:3d2aa76f
14126775ns          244976 1c00885e 1c000737 lui              x14, 0x1c000000     x14=1c000000
14126795ns          244977 1c008862 13c72703 lw               x14, 316(x14)       x14=beffffe0 x14:1c000000  PA:1c00013c
14127133ns          244994 1c008866 70f577c3 fmadd.s          f15, f10, f15, f14  f15=xxxxxxxx f10:3d804a7b f15:3d2a4c88 f14:beffffe0
14127153ns          244995 1c00886a 1c000737 lui              x14, 0x1c000000     x14=1c000000
14127173ns          244996 1c00886e 16872703 lw               x14, 360(x14)       x14=3f7fffff x14:1c000000  PA:1c000168
14127491ns          245012 1c008872 70f57543 fmadd.s          f10, f10, f15, f14  f10=xxxxxxxx f10:3d804a7b f15:befeaa81 f14:3f7fffff
14127511ns          245013 1c008876 20a51553 fsgnjn.s         f10, f10, f10       f10=xxxxxxxx f10:3f780609 f10:3f780609
14127531ns          245014 1c00887a 00008067 jalr             x0, x1, 0            x1:1c0081de
14127591ns          245017 1c0081de 016a7a53 fadd.s           f20, f20, f22       f20=xxxxxxxx f20:408ec991 f22:3e533fc3
14127610ns          245018 1c0081e2 10acf553 fmul.s           f10, f25, f10       f10=xxxxxxxx f25:3f800000 f10:bf780609
14127630ns          245019 1c0081e6 a14a97d3 flt.s            x15, f21, f20       x15=00000000 f21:40c90fdb f20:4095638f
14127650ns          245020 1c0081ea 00a4222b p.sw             x10, 4(x8!)          x8=10000e6c x10:bf780609  x8:10000e68  PA:10000e68
14127670ns          245021 1c0081ee 00078363 beq              x15, x0, 6          x15:00000000
14127730ns          245024 1c0081f4 ff7412e3 bne              x8, x23, -28         x8:10000e6c x23:10000fc8
14127789ns          245027 1c0081d8 094c7553 fsub.s           f10, f24, f20       f10=xxxxxxxx f24:3fc90fdb f20:4095638f
14127809ns          245028 1c0081dc 57c000ef jal              x1, 1404             x1=1c0081de
14127849ns          245030 1c008758 a0a527d3 feq.s            x15, f10, f10       x15=00000001 f10:c0463f30 f10:c0463f30
14127869ns          245031 1c00875c 0a078b63 beq              x15, x0, 182        x15:00000001
14127889ns          245032 1c00875e e00517d3 fclass.s         x15, f10            x15=00000002 f10:c0463f30
14127909ns          245033 1c008762 0817f793 andi             x15, x15, 129       x15=00000000 x15:00000002
14127929ns          245034 1c008766 0a079663 bne              x15, x0, 172        x15:00000000
14127949ns          245035 1c008768 00000793 addi             x15, x0, 0          x15=00000000
14127968ns          245036 1c00876c a0f517d3 flt.s            x15, f10, f15       x15=00000001 f10:c0463f30 f15:00000000
14127988ns          245037 1c008770 0a079663 bne              x15, x0, 172        x15:00000001
14128048ns          245040 1c00881c 1c0007b7 lui              x15, 0x1c000000     x15=1c000000
14128068ns          245041 1c008820 12c7a783 lw               x15, 300(x15)       x15=c0c90fdb x15:1c000000  PA:1c00012c
14128386ns          245057 1c008824 a0f517d3 flt.s            x15, f10, f15       x15=00000000 f10:c0463f30 f15:c0c90fdb
14128406ns          245058 1c008828 00078463 beq              x15, x0, 8          x15:00000000
14128466ns          245061 1c008830 20a51553 fsgnjn.s         f10, f10, f10       f10=xxxxxxxx f10:c0463f30 f10:c0463f30
14128486ns          245062 1c008834 f6bff06f jal              x0, -150           
14128545ns          245065 1c00879e 1c0007b7 lui              x15, 0x1c000000     x15=1c000000
14128565ns          245066 1c0087a2 01c7a783 lw               x15, 28(x15)        x15=3fc90fdb x15:1c000000  PA:1c00001c
14128883ns          245082 1c0087a6 a0f517d3 flt.s            x15, f10, f15       x15=00000000 f10:40463f30 f15:3fc90fdb
14128903ns          245083 1c0087aa 02079563 bne              x15, x0, 42         x15:00000000
14128923ns          245084 1c0087ac 1c0007b7 lui              x15, 0x1c000000     x15=1c000000
14128943ns          245085 1c0087b0 1007a783 lw               x15, 256(x15)       x15=40490fdb x15:1c000000  PA:1c000100
14129261ns          245101 1c0087b4 a0f51753 flt.s            x14, f10, f15       x14=00000001 f10:40463f30 f15:40490fdb
14129281ns          245102 1c0087b8 06071f63 bne              x14, x0, 126        x14:00000001
14129361ns          245106 1c008836 08a7f553 fsub.s           f10, f15, f10       f10=xxxxxxxx f15:40490fdb f10:40463f30
14129381ns          245107 1c00883a 10a57553 fmul.s           f10, f10, f10       f10=xxxxxxxx f10:3d342ac0 f10:3d342ac0
14129401ns          245108 1c00883e 1c0007b7 lui              x15, 0x1c000000     x15=1c000000
14129420ns          245109 1c008842 1c000737 lui              x14, 0x1c000000     x14=1c000000
14129440ns          245110 1c008846 13472703 lw               x14, 308(x14)       x14=bab59551 x14:1c000000  PA:1c000134
14129739ns          245125 1c00884a 1307a783 lw               x15, 304(x15)       x15=37c23ab1 x15:1c000000  PA:1c000130
14130077ns          245142 1c00884e 70f577c3 fmadd.s          f15, f10, f15, f14  f15=xxxxxxxx f10:3afd984a f15:37c23ab1 f14:bab59551
14130097ns          245143 1c008852 1c000737 lui              x14, 0x1c000000     x14=1c000000
14130117ns          245144 1c008856 13872703 lw               x14, 312(x14)       x14=3d2aa76f x14:1c000000  PA:1c000138
14130435ns          245160 1c00885a 70f577c3 fmadd.s          f15, f10, f15, f14  f15=xxxxxxxx f10:3afd984a f15:bab593d0 f14:3d2aa76f
14130455ns          245161 1c00885e 1c000737 lui              x14, 0x1c000000     x14=1c000000
14130475ns          245162 1c008862 13c72703 lw               x14, 316(x14)       x14=beffffe0 x14:1c000000  PA:1c00013c
14130813ns          245179 1c008866 70f577c3 fmadd.s          f15, f10, f15, f14  f15=xxxxxxxx f10:3afd984a f15:3d2aa4a0 f14:beffffe0
14130833ns          245180 1c00886a 1c000737 lui              x14, 0x1c000000     x14=1c000000
14130853ns          245181 1c00886e 16872703 lw               x14, 360(x14)       x14=3f7fffff x14:1c000000  PA:1c000168
14131191ns          245198 1c008872 70f57543 fmadd.s          f10, f10, f15, f14  f10=xxxxxxxx f10:3afd984a f15:befff54f f14:3f7fffff
14131211ns          245199 1c008876 20a51553 fsgnjn.s         f10, f10, f10       f10=xxxxxxxx f10:3f7fc09c f10:3f7fc09c
14131231ns          245200 1c00887a 00008067 jalr             x0, x1, 0            x1:1c0081de
14131290ns          245203 1c0081de 016a7a53 fadd.s           f20, f20, f22       f20=xxxxxxxx f20:4095638f f22:3e533fc3
14131310ns          245204 1c0081e2 10acf553 fmul.s           f10, f25, f10       f10=xxxxxxxx f25:3f800000 f10:bf7fc09c
14131330ns          245205 1c0081e6 a14a97d3 flt.s            x15, f21, f20       x15=00000000 f21:40c90fdb f20:409bfd8d
14131350ns          245206 1c0081ea 00a4222b p.sw             x10, 4(x8!)          x8=10000e70 x10:bf7fc09c  x8:10000e6c  PA:10000e6c
14131370ns          245207 1c0081ee 00078363 beq              x15, x0, 6          x15:00000000
14131429ns          245210 1c0081f4 ff7412e3 bne              x8, x23, -28         x8:10000e70 x23:10000fc8
14131489ns          245213 1c0081d8 094c7553 fsub.s           f10, f24, f20       f10=xxxxxxxx f24:3fc90fdb f20:409bfd8d
14131509ns          245214 1c0081dc 57c000ef jal              x1, 1404             x1=1c0081de
14131549ns          245216 1c008758 a0a527d3 feq.s            x15, f10, f10       x15=00000001 f10:c053732c f10:c053732c
14131569ns          245217 1c00875c 0a078b63 beq              x15, x0, 182        x15:00000001
14131589ns          245218 1c00875e e00517d3 fclass.s         x15, f10            x15=00000002 f10:c053732c
14131608ns          245219 1c008762 0817f793 andi             x15, x15, 129       x15=00000000 x15:00000002
14131628ns          245220 1c008766 0a079663 bne              x15, x0, 172        x15:00000000
14131648ns          245221 1c008768 00000793 addi             x15, x0, 0          x15=00000000
14131668ns          245222 1c00876c a0f517d3 flt.s            x15, f10, f15       x15=00000001 f10:c053732c f15:00000000
14131688ns          245223 1c008770 0a079663 bne              x15, x0, 172        x15:00000001
14131748ns          245226 1c00881c 1c0007b7 lui              x15, 0x1c000000     x15=1c000000
14131768ns          245227 1c008820 12c7a783 lw               x15, 300(x15)       x15=c0c90fdb x15:1c000000  PA:1c00012c
14132106ns          245244 1c008824 a0f517d3 flt.s            x15, f10, f15       x15=00000000 f10:c053732c f15:c0c90fdb
14132126ns          245245 1c008828 00078463 beq              x15, x0, 8          x15:00000000
14132185ns          245248 1c008830 20a51553 fsgnjn.s         f10, f10, f10       f10=xxxxxxxx f10:c053732c f10:c053732c
14132205ns          245249 1c008834 f6bff06f jal              x0, -150           
14132265ns          245252 1c00879e 1c0007b7 lui              x15, 0x1c000000     x15=1c000000
14132285ns          245253 1c0087a2 01c7a783 lw               x15, 28(x15)        x15=3fc90fdb x15:1c000000  PA:1c00001c
14132603ns          245269 1c0087a6 a0f517d3 flt.s            x15, f10, f15       x15=00000000 f10:4053732c f15:3fc90fdb
14132623ns          245270 1c0087aa 02079563 bne              x15, x0, 42         x15:00000000
14132643ns          245271 1c0087ac 1c0007b7 lui              x15, 0x1c000000     x15=1c000000
14132663ns          245272 1c0087b0 1007a783 lw               x15, 256(x15)       x15=40490fdb x15:1c000000  PA:1c000100
14133001ns          245289 1c0087b4 a0f51753 flt.s            x14, f10, f15       x14=00000000 f10:4053732c f15:40490fdb
14133021ns          245290 1c0087b8 06071f63 bne              x14, x0, 126        x14:00000000
14133041ns          245291 1c0087ba 1c000737 lui              x14, 0x1c000000     x14=1c000000
14133061ns          245292 1c0087be 14072703 lw               x14, 320(x14)       x14=4096cbe4 x14:1c000000  PA:1c000140
14133399ns          245309 1c0087c2 a0e51753 flt.s            x14, f10, f14       x14=00000001 f10:4053732c f14:4096cbe4
14133419ns          245310 1c0087c6 0a071b63 bne              x14, x0, 182        x14:00000001
14133478ns          245313 1c00887c 08f57553 fsub.s           f10, f10, f15       f10=xxxxxxxx f10:4053732c f15:40490fdb
14133498ns          245314 1c008880 fbbff06f jal              x0, -70            
14133558ns          245317 1c00883a 10a57553 fmul.s           f10, f10, f10       f10=xxxxxxxx f10:3e263510 f10:3e263510
14133578ns          245318 1c00883e 1c0007b7 lui              x15, 0x1c000000     x15=1c000000
14133598ns          245319 1c008842 1c000737 lui              x14, 0x1c000000     x14=1c000000
14133617ns          245320 1c008846 13472703 lw               x14, 308(x14)       x14=bab59551 x14:1c000000  PA:1c000134
14133916ns          245335 1c00884a 1307a783 lw               x15, 304(x15)       x15=37c23ab1 x15:1c000000  PA:1c000130
14134234ns          245351 1c00884e 70f577c3 fmadd.s          f15, f10, f15, f14  f15=xxxxxxxx f10:3cd7d1b7 f15:37c23ab1 f14:bab59551
14134254ns          245352 1c008852 1c000737 lui              x14, 0x1c000000     x14=1c000000
14134274ns          245353 1c008856 13872703 lw               x14, 312(x14)       x14=3d2aa76f x14:1c000000  PA:1c000138
14134592ns          245369 1c00885a 70f577c3 fmadd.s          f15, f10, f15, f14  f15=xxxxxxxx f10:3cd7d1b7 f15:bab580d9 f14:3d2aa76f
14134612ns          245370 1c00885e 1c000737 lui              x14, 0x1c000000     x14=1c000000
14134632ns          245371 1c008862 13c72703 lw               x14, 316(x14)       x14=beffffe0 x14:1c000000  PA:1c00013c
14134950ns          245387 1c008866 70f577c3 fmadd.s          f15, f10, f15, f14  f15=xxxxxxxx f10:3cd7d1b7 f15:3d2a812e f14:beffffe0
14134970ns          245388 1c00886a 1c000737 lui              x14, 0x1c000000     x14=1c000000
14134990ns          245389 1c00886e 16872703 lw               x14, 360(x14)       x14=3f7fffff x14:1c000000  PA:1c000168
14135308ns          245405 1c008872 70f57543 fmadd.s          f10, f10, f15, f14  f10=xxxxxxxx f10:3cd7d1b7 f15:beff7022 f14:3f7fffff
14135328ns          245406 1c008876 20a51553 fsgnjn.s         f10, f10, f10       f10=xxxxxxxx f10:3f7ca29d f10:3f7ca29d
14135348ns          245407 1c00887a 00008067 jalr             x0, x1, 0            x1:1c0081de
14135408ns          245410 1c0081de 016a7a53 fadd.s           f20, f20, f22       f20=xxxxxxxx f20:409bfd8d f22:3e533fc3
14135428ns          245411 1c0081e2 10acf553 fmul.s           f10, f25, f10       f10=xxxxxxxx f25:3f800000 f10:bf7ca29d
14135447ns          245412 1c0081e6 a14a97d3 flt.s            x15, f21, f20       x15=00000000 f21:40c90fdb f20:40a2978b
14135467ns          245413 1c0081ea 00a4222b p.sw             x10, 4(x8!)          x8=10000e74 x10:bf7ca29d  x8:10000e70  PA:10000e70
14135487ns          245414 1c0081ee 00078363 beq              x15, x0, 6          x15:00000000
14135547ns          245417 1c0081f4 ff7412e3 bne              x8, x23, -28         x8:10000e74 x23:10000fc8
14135607ns          245420 1c0081d8 094c7553 fsub.s           f10, f24, f20       f10=xxxxxxxx f24:3fc90fdb f20:40a2978b
14135626ns          245421 1c0081dc 57c000ef jal              x1, 1404             x1=1c0081de
14135666ns          245423 1c008758 a0a527d3 feq.s            x15, f10, f10       x15=00000001 f10:c060a728 f10:c060a728
14135686ns          245424 1c00875c 0a078b63 beq              x15, x0, 182        x15:00000001
14135706ns          245425 1c00875e e00517d3 fclass.s         x15, f10            x15=00000002 f10:c060a728
14135726ns          245426 1c008762 0817f793 andi             x15, x15, 129       x15=00000000 x15:00000002
14135746ns          245427 1c008766 0a079663 bne              x15, x0, 172        x15:00000000
14135766ns          245428 1c008768 00000793 addi             x15, x0, 0          x15=00000000
14135786ns          245429 1c00876c a0f517d3 flt.s            x15, f10, f15       x15=00000001 f10:c060a728 f15:00000000
14135805ns          245430 1c008770 0a079663 bne              x15, x0, 172        x15:00000001
14135865ns          245433 1c00881c 1c0007b7 lui              x15, 0x1c000000     x15=1c000000
14135885ns          245434 1c008820 12c7a783 lw               x15, 300(x15)       x15=c0c90fdb x15:1c000000  PA:1c00012c
14136203ns          245450 1c008824 a0f517d3 flt.s            x15, f10, f15       x15=00000000 f10:c060a728 f15:c0c90fdb
14136223ns          245451 1c008828 00078463 beq              x15, x0, 8          x15:00000000
14136283ns          245454 1c008830 20a51553 fsgnjn.s         f10, f10, f10       f10=xxxxxxxx f10:c060a728 f10:c060a728
14136303ns          245455 1c008834 f6bff06f jal              x0, -150           
14136362ns          245458 1c00879e 1c0007b7 lui              x15, 0x1c000000     x15=1c000000
14136382ns          245459 1c0087a2 01c7a783 lw               x15, 28(x15)        x15=3fc90fdb x15:1c000000  PA:1c00001c
14136701ns          245475 1c0087a6 a0f517d3 flt.s            x15, f10, f15       x15=00000000 f10:4060a728 f15:3fc90fdb
14136720ns          245476 1c0087aa 02079563 bne              x15, x0, 42         x15:00000000
14136740ns          245477 1c0087ac 1c0007b7 lui              x15, 0x1c000000     x15=1c000000
14136760ns          245478 1c0087b0 1007a783 lw               x15, 256(x15)       x15=40490fdb x15:1c000000  PA:1c000100
14137078ns          245494 1c0087b4 a0f51753 flt.s            x14, f10, f15       x14=00000000 f10:4060a728 f15:40490fdb
14137098ns          245495 1c0087b8 06071f63 bne              x14, x0, 126        x14:00000000
14137118ns          245496 1c0087ba 1c000737 lui              x14, 0x1c000000     x14=1c000000
14137138ns          245497 1c0087be 14072703 lw               x14, 320(x14)       x14=4096cbe4 x14:1c000000  PA:1c000140
14137476ns          245514 1c0087c2 a0e51753 flt.s            x14, f10, f14       x14=00000001 f10:4060a728 f14:4096cbe4
14137496ns          245515 1c0087c6 0a071b63 bne              x14, x0, 182        x14:00000001
14137556ns          245518 1c00887c 08f57553 fsub.s           f10, f10, f15       f10=xxxxxxxx f10:4060a728 f15:40490fdb
14137576ns          245519 1c008880 fbbff06f jal              x0, -70            
14137635ns          245522 1c00883a 10a57553 fmul.s           f10, f10, f10       f10=xxxxxxxx f10:3ebcba68 f10:3ebcba68
14137655ns          245523 1c00883e 1c0007b7 lui              x15, 0x1c000000     x15=1c000000
14137675ns          245524 1c008842 1c000737 lui              x14, 0x1c000000     x14=1c000000
14137695ns          245525 1c008846 13472703 lw               x14, 308(x14)       x14=bab59551 x14:1c000000  PA:1c000134
14137993ns          245540 1c00884a 1307a783 lw               x15, 304(x15)       x15=37c23ab1 x15:1c000000  PA:1c000130
14138351ns          245558 1c00884e 70f577c3 fmadd.s          f15, f10, f15, f14  f15=xxxxxxxx f10:3e0b2250 f15:37c23ab1 f14:bab59551
14138371ns          245559 1c008852 1c000737 lui              x14, 0x1c000000     x14=1c000000
14138391ns          245560 1c008856 13872703 lw               x14, 312(x14)       x14=3d2aa76f x14:1c000000  PA:1c000138
14138729ns          245577 1c00885a 70f577c3 fmadd.s          f15, f10, f15, f14  f15=xxxxxxxx f10:3e0b2250 f15:bab52bc1 f14:3d2aa76f
14138749ns          245578 1c00885e 1c000737 lui              x14, 0x1c000000     x14=1c000000
14138769ns          245579 1c008862 13c72703 lw               x14, 316(x14)       x14=beffffe0 x14:1c000000  PA:1c00013c
14139087ns          245595 1c008866 70f577c3 fmadd.s          f15, f10, f15, f14  f15=xxxxxxxx f10:3e0b2250 f15:3d29e281 f14:beffffe0
14139107ns          245596 1c00886a 1c000737 lui              x14, 0x1c000000     x14=1c000000
14139127ns          245597 1c00886e 16872703 lw               x14, 360(x14)       x14=3f7fffff x14:1c000000  PA:1c000168
14139465ns          245614 1c008872 70f57543 fmadd.s          f10, f10, f15, f14  f10=xxxxxxxx f10:3e0b2250 f15:befd1d3a f14:3f7fffff
14139485ns          245615 1c008876 20a51553 fsgnjn.s         f10, f10, f10       f10=xxxxxxxx f10:3f6ecde6 f10:3f6ecde6
14139505ns          245616 1c00887a 00008067 jalr             x0, x1, 0            x1:1c0081de
14139565ns          245619 1c0081de 016a7a53 fadd.s           f20, f20, f22       f20=xxxxxxxx f20:40a2978b f22:3e533fc3
14139585ns          245620 1c0081e2 10acf553 fmul.s           f10, f25, f10       f10=xxxxxxxx f25:3f800000 f10:bf6ecde6
14139605ns          245621 1c0081e6 a14a97d3 flt.s            x15, f21, f20       x15=00000000 f21:40c90fdb f20:40a93189
14139624ns          245622 1c0081ea 00a4222b p.sw             x10, 4(x8!)          x8=10000e78 x10:bf6ecde6  x8:10000e74  PA:10000e74
14139644ns          245623 1c0081ee 00078363 beq              x15, x0, 6          x15:00000000
14139704ns          245626 1c0081f4 ff7412e3 bne              x8, x23, -28         x8:10000e78 x23:10000fc8
14139764ns          245629 1c0081d8 094c7553 fsub.s           f10, f24, f20       f10=xxxxxxxx f24:3fc90fdb f20:40a93189
14139784ns          245630 1c0081dc 57c000ef jal              x1, 1404             x1=1c0081de
14139823ns          245632 1c008758 a0a527d3 feq.s            x15, f10, f10       x15=00000001 f10:c06ddb24 f10:c06ddb24
14139843ns          245633 1c00875c 0a078b63 beq              x15, x0, 182        x15:00000001
14139863ns          245634 1c00875e e00517d3 fclass.s         x15, f10            x15=00000002 f10:c06ddb24
14139883ns          245635 1c008762 0817f793 andi             x15, x15, 129       x15=00000000 x15:00000002
14139903ns          245636 1c008766 0a079663 bne              x15, x0, 172        x15:00000000
14139923ns          245637 1c008768 00000793 addi             x15, x0, 0          x15=00000000
14139943ns          245638 1c00876c a0f517d3 flt.s            x15, f10, f15       x15=00000001 f10:c06ddb24 f15:00000000
14139963ns          245639 1c008770 0a079663 bne              x15, x0, 172        x15:00000001
14140022ns          245642 1c00881c 1c0007b7 lui              x15, 0x1c000000     x15=1c000000
14140042ns          245643 1c008820 12c7a783 lw               x15, 300(x15)       x15=c0c90fdb x15:1c000000  PA:1c00012c
14140360ns          245659 1c008824 a0f517d3 flt.s            x15, f10, f15       x15=00000000 f10:c06ddb24 f15:c0c90fdb
14140380ns          245660 1c008828 00078463 beq              x15, x0, 8          x15:00000000
14140440ns          245663 1c008830 20a51553 fsgnjn.s         f10, f10, f10       f10=xxxxxxxx f10:c06ddb24 f10:c06ddb24
14140460ns          245664 1c008834 f6bff06f jal              x0, -150           
14140520ns          245667 1c00879e 1c0007b7 lui              x15, 0x1c000000     x15=1c000000
14140539ns          245668 1c0087a2 01c7a783 lw               x15, 28(x15)        x15=3fc90fdb x15:1c000000  PA:1c00001c
14140858ns          245684 1c0087a6 a0f517d3 flt.s            x15, f10, f15       x15=00000000 f10:406ddb24 f15:3fc90fdb
14140878ns          245685 1c0087aa 02079563 bne              x15, x0, 42         x15:00000000
14140897ns          245686 1c0087ac 1c0007b7 lui              x15, 0x1c000000     x15=1c000000
14140917ns          245687 1c0087b0 1007a783 lw               x15, 256(x15)       x15=40490fdb x15:1c000000  PA:1c000100
14141236ns          245703 1c0087b4 a0f51753 flt.s            x14, f10, f15       x14=00000000 f10:406ddb24 f15:40490fdb
14141255ns          245704 1c0087b8 06071f63 bne              x14, x0, 126        x14:00000000
14141275ns          245705 1c0087ba 1c000737 lui              x14, 0x1c000000     x14=1c000000
14141295ns          245706 1c0087be 14072703 lw               x14, 320(x14)       x14=4096cbe4 x14:1c000000  PA:1c000140
14141614ns          245722 1c0087c2 a0e51753 flt.s            x14, f10, f14       x14=00000001 f10:406ddb24 f14:4096cbe4
14141633ns          245723 1c0087c6 0a071b63 bne              x14, x0, 182        x14:00000001
14141693ns          245726 1c00887c 08f57553 fsub.s           f10, f10, f15       f10=xxxxxxxx f10:406ddb24 f15:40490fdb
14141713ns          245727 1c008880 fbbff06f jal              x0, -70            
14141773ns          245730 1c00883a 10a57553 fmul.s           f10, f10, f10       f10=xxxxxxxx f10:3f132d24 f10:3f132d24
14141793ns          245731 1c00883e 1c0007b7 lui              x15, 0x1c000000     x15=1c000000
14141812ns          245732 1c008842 1c000737 lui              x14, 0x1c000000     x14=1c000000
14141832ns          245733 1c008846 13472703 lw               x14, 308(x14)       x14=bab59551 x14:1c000000  PA:1c000134
14142131ns          245748 1c00884a 1307a783 lw               x15, 304(x15)       x15=37c23ab1 x15:1c000000  PA:1c000130
14142449ns          245764 1c00884e 70f577c3 fmadd.s          f15, f10, f15, f14  f15=xxxxxxxx f10:3ea939bf f15:37c23ab1 f14:bab59551
14142469ns          245765 1c008852 1c000737 lui              x14, 0x1c000000     x14=1c000000
14142489ns          245766 1c008856 13872703 lw               x14, 312(x14)       x14=3d2aa76f x14:1c000000  PA:1c000138
14142827ns          245783 1c00885a 70f577c3 fmadd.s          f15, f10, f15, f14  f15=xxxxxxxx f10:3ea939bf f15:bab49488 f14:3d2aa76f
14142847ns          245784 1c00885e 1c000737 lui              x14, 0x1c000000     x14=1c000000
14142867ns          245785 1c008862 13c72703 lw               x14, 316(x14)       x14=beffffe0 x14:1c000000  PA:1c00013c
14143185ns          245801 1c008866 70f577c3 fmadd.s          f15, f10, f15, f14  f15=xxxxxxxx f10:3ea939bf f15:3d28c9f4 f14:beffffe0
14143205ns          245802 1c00886a 1c000737 lui              x14, 0x1c000000     x14=1c000000
14143225ns          245803 1c00886e 16872703 lw               x14, 360(x14)       x14=3f7fffff x14:1c000000  PA:1c000168
14143543ns          245819 1c008872 70f57543 fmadd.s          f10, f10, f15, f14  f10=xxxxxxxx f10:3ea939bf f15:bef906aa f14:3f7fffff
14143563ns          245820 1c008876 20a51553 fsgnjn.s         f10, f10, f10       f10=xxxxxxxx f10:3f56d89a f10:3f56d89a
14143583ns          245821 1c00887a 00008067 jalr             x0, x1, 0            x1:1c0081de
14143642ns          245824 1c0081de 016a7a53 fadd.s           f20, f20, f22       f20=xxxxxxxx f20:40a93189 f22:3e533fc3
14143662ns          245825 1c0081e2 10acf553 fmul.s           f10, f25, f10       f10=xxxxxxxx f25:3f800000 f10:bf56d89a
14143682ns          245826 1c0081e6 a14a97d3 flt.s            x15, f21, f20       x15=00000000 f21:40c90fdb f20:40afcb87
14143702ns          245827 1c0081ea 00a4222b p.sw             x10, 4(x8!)          x8=10000e7c x10:bf56d89a  x8:10000e78  PA:10000e78
14143722ns          245828 1c0081ee 00078363 beq              x15, x0, 6          x15:00000000
14143782ns          245831 1c0081f4 ff7412e3 bne              x8, x23, -28         x8:10000e7c x23:10000fc8
14143841ns          245834 1c0081d8 094c7553 fsub.s           f10, f24, f20       f10=xxxxxxxx f24:3fc90fdb f20:40afcb87
14143861ns          245835 1c0081dc 57c000ef jal              x1, 1404             x1=1c0081de
14143901ns          245837 1c008758 a0a527d3 feq.s            x15, f10, f10       x15=00000001 f10:c07b0f20 f10:c07b0f20
14143921ns          245838 1c00875c 0a078b63 beq              x15, x0, 182        x15:00000001
14143941ns          245839 1c00875e e00517d3 fclass.s         x15, f10            x15=00000002 f10:c07b0f20
14143961ns          245840 1c008762 0817f793 andi             x15, x15, 129       x15=00000000 x15:00000002
14143981ns          245841 1c008766 0a079663 bne              x15, x0, 172        x15:00000000
14144000ns          245842 1c008768 00000793 addi             x15, x0, 0          x15=00000000
14144020ns          245843 1c00876c a0f517d3 flt.s            x15, f10, f15       x15=00000001 f10:c07b0f20 f15:00000000
14144040ns          245844 1c008770 0a079663 bne              x15, x0, 172        x15:00000001
14144100ns          245847 1c00881c 1c0007b7 lui              x15, 0x1c000000     x15=1c000000
14144120ns          245848 1c008820 12c7a783 lw               x15, 300(x15)       x15=c0c90fdb x15:1c000000  PA:1c00012c
14144438ns          245864 1c008824 a0f517d3 flt.s            x15, f10, f15       x15=00000000 f10:c07b0f20 f15:c0c90fdb
14144458ns          245865 1c008828 00078463 beq              x15, x0, 8          x15:00000000
14144518ns          245868 1c008830 20a51553 fsgnjn.s         f10, f10, f10       f10=xxxxxxxx f10:c07b0f20 f10:c07b0f20
14144537ns          245869 1c008834 f6bff06f jal              x0, -150           
14144597ns          245872 1c00879e 1c0007b7 lui              x15, 0x1c000000     x15=1c000000
14144617ns          245873 1c0087a2 01c7a783 lw               x15, 28(x15)        x15=3fc90fdb x15:1c000000  PA:1c00001c
14144935ns          245889 1c0087a6 a0f517d3 flt.s            x15, f10, f15       x15=00000000 f10:407b0f20 f15:3fc90fdb
14144955ns          245890 1c0087aa 02079563 bne              x15, x0, 42         x15:00000000
14144975ns          245891 1c0087ac 1c0007b7 lui              x15, 0x1c000000     x15=1c000000
14144995ns          245892 1c0087b0 1007a783 lw               x15, 256(x15)       x15=40490fdb x15:1c000000  PA:1c000100
14145393ns          245912 1c0087b4 a0f51753 flt.s            x14, f10, f15       x14=00000000 f10:407b0f20 f15:40490fdb
14145413ns          245913 1c0087b8 06071f63 bne              x14, x0, 126        x14:00000000
14145433ns          245914 1c0087ba 1c000737 lui              x14, 0x1c000000     x14=1c000000
14145452ns          245915 1c0087be 14072703 lw               x14, 320(x14)       x14=4096cbe4 x14:1c000000  PA:1c000140
14145771ns          245931 1c0087c2 a0e51753 flt.s            x14, f10, f14       x14=00000001 f10:407b0f20 f14:4096cbe4
14145791ns          245932 1c0087c6 0a071b63 bne              x14, x0, 182        x14:00000001
14145850ns          245935 1c00887c 08f57553 fsub.s           f10, f10, f15       f10=xxxxxxxx f10:407b0f20 f15:40490fdb
14145870ns          245936 1c008880 fbbff06f jal              x0, -70            
14145930ns          245939 1c00883a 10a57553 fmul.s           f10, f10, f10       f10=xxxxxxxx f10:3f47fd14 f10:3f47fd14
14145950ns          245940 1c00883e 1c0007b7 lui              x15, 0x1c000000     x15=1c000000
14145970ns          245941 1c008842 1c000737 lui              x14, 0x1c000000     x14=1c000000
14145989ns          245942 1c008846 13472703 lw               x14, 308(x14)       x14=bab59551 x14:1c000000  PA:1c000134
14146288ns          245957 1c00884a 1307a783 lw               x15, 304(x15)       x15=37c23ab1 x15:1c000000  PA:1c000130
14146606ns          245973 1c00884e 70f577c3 fmadd.s          f15, f10, f15, f14  f15=xxxxxxxx f10:3f1c3b6f f15:37c23ab1 f14:bab59551
14146626ns          245974 1c008852 1c000737 lui              x14, 0x1c000000     x14=1c000000
14146646ns          245975 1c008856 13872703 lw               x14, 312(x14)       x14=3d2aa76f x14:1c000000  PA:1c000138
14147024ns          245994 1c00885a 70f577c3 fmadd.s          f15, f10, f15, f14  f15=xxxxxxxx f10:3f1c3b6f f15:bab3bb2e f14:3d2aa76f
14147044ns          245995 1c00885e 1c000737 lui              x14, 0x1c000000     x14=1c000000
14147064ns          245996 1c008862 13c72703 lw               x14, 316(x14)       x14=beffffe0 x14:1c000000  PA:1c00013c
14147382ns          246012 1c008866 70f577c3 fmadd.s          f15, f10, f15, f14  f15=xxxxxxxx f10:3f1c3b6f f15:3d2739f1 f14:beffffe0
14147402ns          246013 1c00886a 1c000737 lui              x14, 0x1c000000     x14=1c000000
14147422ns          246014 1c00886e 16872703 lw               x14, 360(x14)       x14=3f7fffff x14:1c000000  PA:1c000168
14147740ns          246030 1c008872 70f57543 fmadd.s          f10, f10, f15, f14  f10=xxxxxxxx f10:3f1c3b6f f15:bef33e1c f14:3f7fffff
14147760ns          246031 1c008876 20a51553 fsgnjn.s         f10, f10, f10       f10=xxxxxxxx f10:3f35c6d6 f10:3f35c6d6
14147780ns          246032 1c00887a 00008067 jalr             x0, x1, 0            x1:1c0081de
14147839ns          246035 1c0081de 016a7a53 fadd.s           f20, f20, f22       f20=xxxxxxxx f20:40afcb87 f22:3e533fc3
14147859ns          246036 1c0081e2 10acf553 fmul.s           f10, f25, f10       f10=xxxxxxxx f25:3f800000 f10:bf35c6d6
14147879ns          246037 1c0081e6 a14a97d3 flt.s            x15, f21, f20       x15=00000000 f21:40c90fdb f20:40b66585
14147899ns          246038 1c0081ea 00a4222b p.sw             x10, 4(x8!)          x8=10000e80 x10:bf35c6d6  x8:10000e7c  PA:10000e7c
14147919ns          246039 1c0081ee 00078363 beq              x15, x0, 6          x15:00000000
14147979ns          246042 1c0081f4 ff7412e3 bne              x8, x23, -28         x8:10000e80 x23:10000fc8
14148038ns          246045 1c0081d8 094c7553 fsub.s           f10, f24, f20       f10=xxxxxxxx f24:3fc90fdb f20:40b66585
14148058ns          246046 1c0081dc 57c000ef jal              x1, 1404             x1=1c0081de
14148098ns          246048 1c008758 a0a527d3 feq.s            x15, f10, f10       x15=00000001 f10:c084218e f10:c084218e
14148118ns          246049 1c00875c 0a078b63 beq              x15, x0, 182        x15:00000001
14148138ns          246050 1c00875e e00517d3 fclass.s         x15, f10            x15=00000002 f10:c084218e
14148158ns          246051 1c008762 0817f793 andi             x15, x15, 129       x15=00000000 x15:00000002
14148177ns          246052 1c008766 0a079663 bne              x15, x0, 172        x15:00000000
14148197ns          246053 1c008768 00000793 addi             x15, x0, 0          x15=00000000
14148217ns          246054 1c00876c a0f517d3 flt.s            x15, f10, f15       x15=00000001 f10:c084218e f15:00000000
14148237ns          246055 1c008770 0a079663 bne              x15, x0, 172        x15:00000001
14148297ns          246058 1c00881c 1c0007b7 lui              x15, 0x1c000000     x15=1c000000
14148317ns          246059 1c008820 12c7a783 lw               x15, 300(x15)       x15=c0c90fdb x15:1c000000  PA:1c00012c
14148635ns          246075 1c008824 a0f517d3 flt.s            x15, f10, f15       x15=00000000 f10:c084218e f15:c0c90fdb
14148655ns          246076 1c008828 00078463 beq              x15, x0, 8          x15:00000000
14148715ns          246079 1c008830 20a51553 fsgnjn.s         f10, f10, f10       f10=xxxxxxxx f10:c084218e f10:c084218e
14148734ns          246080 1c008834 f6bff06f jal              x0, -150           
14148794ns          246083 1c00879e 1c0007b7 lui              x15, 0x1c000000     x15=1c000000
14148814ns          246084 1c0087a2 01c7a783 lw               x15, 28(x15)        x15=3fc90fdb x15:1c000000  PA:1c00001c
14149132ns          246100 1c0087a6 a0f517d3 flt.s            x15, f10, f15       x15=00000000 f10:4084218e f15:3fc90fdb
14149152ns          246101 1c0087aa 02079563 bne              x15, x0, 42         x15:00000000
14149172ns          246102 1c0087ac 1c0007b7 lui              x15, 0x1c000000     x15=1c000000
14149192ns          246103 1c0087b0 1007a783 lw               x15, 256(x15)       x15=40490fdb x15:1c000000  PA:1c000100
14149510ns          246119 1c0087b4 a0f51753 flt.s            x14, f10, f15       x14=00000000 f10:4084218e f15:40490fdb
14149530ns          246120 1c0087b8 06071f63 bne              x14, x0, 126        x14:00000000
14149550ns          246121 1c0087ba 1c000737 lui              x14, 0x1c000000     x14=1c000000
14149570ns          246122 1c0087be 14072703 lw               x14, 320(x14)       x14=4096cbe4 x14:1c000000  PA:1c000140
14149888ns          246138 1c0087c2 a0e51753 flt.s            x14, f10, f14       x14=00000001 f10:4084218e f14:4096cbe4
14149908ns          246139 1c0087c6 0a071b63 bne              x14, x0, 182        x14:00000001
14149968ns          246142 1c00887c 08f57553 fsub.s           f10, f10, f15       f10=xxxxxxxx f10:4084218e f15:40490fdb
14149988ns          246143 1c008880 fbbff06f jal              x0, -70            
14150047ns          246146 1c00883a 10a57553 fmul.s           f10, f10, f10       f10=xxxxxxxx f10:3f7ccd04 f10:3f7ccd04
14150067ns          246147 1c00883e 1c0007b7 lui              x15, 0x1c000000     x15=1c000000
14150087ns          246148 1c008842 1c000737 lui              x14, 0x1c000000     x14=1c000000
14150107ns          246149 1c008846 13472703 lw               x14, 308(x14)       x14=bab59551 x14:1c000000  PA:1c000134
14150425ns          246165 1c00884a 1307a783 lw               x15, 304(x15)       x15=37c23ab1 x15:1c000000  PA:1c000130
14150803ns          246184 1c00884e 70f577c3 fmadd.s          f15, f10, f15, f14  f15=xxxxxxxx f10:3f79a444 f15:37c23ab1 f14:bab59551
14150823ns          246185 1c008852 1c000737 lui              x14, 0x1c000000     x14=1c000000
14150843ns          246186 1c008856 13872703 lw               x14, 312(x14)       x14=3d2aa76f x14:1c000000  PA:1c000138
14151161ns          246202 1c00885a 70f577c3 fmadd.s          f15, f10, f15, f14  f15=xxxxxxxx f10:3f79a444 f15:bab29fb2 f14:3d2aa76f
14151181ns          246203 1c00885e 1c000737 lui              x14, 0x1c000000     x14=1c000000
14151201ns          246204 1c008862 13c72703 lw               x14, 316(x14)       x14=beffffe0 x14:1c000000  PA:1c00013c
14151519ns          246220 1c008866 70f577c3 fmadd.s          f15, f10, f15, f14  f15=xxxxxxxx f10:3f79a444 f15:3d2535ef f14:beffffe0
14151539ns          246221 1c00886a 1c000737 lui              x14, 0x1c000000     x14=1c000000
14151559ns          246222 1c00886e 16872703 lw               x14, 360(x14)       x14=3f7fffff x14:1c000000  PA:1c000168
14151877ns          246238 1c008872 70f57543 fmadd.s          f10, f10, f15, f14  f10=xxxxxxxx f10:3f79a444 f15:beebdc71 f14:3f7fffff
14151897ns          246239 1c008876 20a51553 fsgnjn.s         f10, f10, f10       f10=xxxxxxxx f10:3f0cff9e f10:3f0cff9e
14151917ns          246240 1c00887a 00008067 jalr             x0, x1, 0            x1:1c0081de
14151977ns          246243 1c0081de 016a7a53 fadd.s           f20, f20, f22       f20=xxxxxxxx f20:40b66585 f22:3e533fc3
14151997ns          246244 1c0081e2 10acf553 fmul.s           f10, f25, f10       f10=xxxxxxxx f25:3f800000 f10:bf0cff9e
14152016ns          246245 1c0081e6 a14a97d3 flt.s            x15, f21, f20       x15=00000000 f21:40c90fdb f20:40bcff83
14152036ns          246246 1c0081ea 00a4222b p.sw             x10, 4(x8!)          x8=10000e84 x10:bf0cff9e  x8:10000e80  PA:10000e80
14152056ns          246247 1c0081ee 00078363 beq              x15, x0, 6          x15:00000000
14152116ns          246250 1c0081f4 ff7412e3 bne              x8, x23, -28         x8:10000e84 x23:10000fc8
14152176ns          246253 1c0081d8 094c7553 fsub.s           f10, f24, f20       f10=xxxxxxxx f24:3fc90fdb f20:40bcff83
14152195ns          246254 1c0081dc 57c000ef jal              x1, 1404             x1=1c0081de
14152235ns          246256 1c008758 a0a527d3 feq.s            x15, f10, f10       x15=00000001 f10:c08abb8c f10:c08abb8c
14152255ns          246257 1c00875c 0a078b63 beq              x15, x0, 182        x15:00000001
14152275ns          246258 1c00875e e00517d3 fclass.s         x15, f10            x15=00000002 f10:c08abb8c
14152295ns          246259 1c008762 0817f793 andi             x15, x15, 129       x15=00000000 x15:00000002
14152315ns          246260 1c008766 0a079663 bne              x15, x0, 172        x15:00000000
14152335ns          246261 1c008768 00000793 addi             x15, x0, 0          x15=00000000
14152355ns          246262 1c00876c a0f517d3 flt.s            x15, f10, f15       x15=00000001 f10:c08abb8c f15:00000000
14152374ns          246263 1c008770 0a079663 bne              x15, x0, 172        x15:00000001
14152434ns          246266 1c00881c 1c0007b7 lui              x15, 0x1c000000     x15=1c000000
14152454ns          246267 1c008820 12c7a783 lw               x15, 300(x15)       x15=c0c90fdb x15:1c000000  PA:1c00012c
14152772ns          246283 1c008824 a0f517d3 flt.s            x15, f10, f15       x15=00000000 f10:c08abb8c f15:c0c90fdb
14152792ns          246284 1c008828 00078463 beq              x15, x0, 8          x15:00000000
14152852ns          246287 1c008830 20a51553 fsgnjn.s         f10, f10, f10       f10=xxxxxxxx f10:c08abb8c f10:c08abb8c
14152872ns          246288 1c008834 f6bff06f jal              x0, -150           
14152931ns          246291 1c00879e 1c0007b7 lui              x15, 0x1c000000     x15=1c000000
14152951ns          246292 1c0087a2 01c7a783 lw               x15, 28(x15)        x15=3fc90fdb x15:1c000000  PA:1c00001c
14153309ns          246310 1c0087a6 a0f517d3 flt.s            x15, f10, f15       x15=00000000 f10:408abb8c f15:3fc90fdb
14153329ns          246311 1c0087aa 02079563 bne              x15, x0, 42         x15:00000000
14153349ns          246312 1c0087ac 1c0007b7 lui              x15, 0x1c000000     x15=1c000000
14153369ns          246313 1c0087b0 1007a783 lw               x15, 256(x15)       x15=40490fdb x15:1c000000  PA:1c000100
14153687ns          246329 1c0087b4 a0f51753 flt.s            x14, f10, f15       x14=00000000 f10:408abb8c f15:40490fdb
14153707ns          246330 1c0087b8 06071f63 bne              x14, x0, 126        x14:00000000
14153727ns          246331 1c0087ba 1c000737 lui              x14, 0x1c000000     x14=1c000000
14153747ns          246332 1c0087be 14072703 lw               x14, 320(x14)       x14=4096cbe4 x14:1c000000  PA:1c000140
14154085ns          246349 1c0087c2 a0e51753 flt.s            x14, f10, f14       x14=00000001 f10:408abb8c f14:4096cbe4
14154105ns          246350 1c0087c6 0a071b63 bne              x14, x0, 182        x14:00000001
14154165ns          246353 1c00887c 08f57553 fsub.s           f10, f10, f15       f10=xxxxxxxx f10:408abb8c f15:40490fdb
14154184ns          246354 1c008880 fbbff06f jal              x0, -70            
14154244ns          246357 1c00883a 10a57553 fmul.s           f10, f10, f10       f10=xxxxxxxx f10:3f98ce7a f10:3f98ce7a
14154264ns          246358 1c00883e 1c0007b7 lui              x15, 0x1c000000     x15=1c000000
14154284ns          246359 1c008842 1c000737 lui              x14, 0x1c000000     x14=1c000000
14154304ns          246360 1c008846 13472703 lw               x14, 308(x14)       x14=bab59551 x14:1c000000  PA:1c000134
14154602ns          246375 1c00884a 1307a783 lw               x15, 304(x15)       x15=37c23ab1 x15:1c000000  PA:1c000130
14154920ns          246391 1c00884e 70f577c3 fmadd.s          f15, f10, f15, f14  f15=xxxxxxxx f10:3fb66baf f15:37c23ab1 f14:bab59551
14154940ns          246392 1c008852 1c000737 lui              x14, 0x1c000000     x14=1c000000
14154960ns          246393 1c008856 13872703 lw               x14, 312(x14)       x14=3d2aa76f x14:1c000000  PA:1c000138
14155278ns          246409 1c00885a 70f577c3 fmadd.s          f15, f10, f15, f14  f15=xxxxxxxx f10:3fb66baf f15:bab14216 f14:3d2aa76f
14155298ns          246410 1c00885e 1c000737 lui              x14, 0x1c000000     x14=1c000000
14155318ns          246411 1c008862 13c72703 lw               x14, 316(x14)       x14=beffffe0 x14:1c000000  PA:1c00013c
14155637ns          246427 1c008866 70f577c3 fmadd.s          f15, f10, f15, f14  f15=xxxxxxxx f10:3fb66baf f15:3d22c276 f14:beffffe0
14155656ns          246428 1c00886a 1c000737 lui              x14, 0x1c000000     x14=1c000000
14155676ns          246429 1c00886e 16872703 lw               x14, 360(x14)       x14=3f7fffff x14:1c000000  PA:1c000168
14156034ns          246447 1c008872 70f57543 fmadd.s          f10, f10, f15, f14  f10=xxxxxxxx f10:3fb66baf f15:bee30132 f14:3f7fffff
14156054ns          246448 1c008876 20a51553 fsgnjn.s         f10, f10, f10       f10=xxxxxxxx f10:3ebc7b52 f10:3ebc7b52
14156074ns          246449 1c00887a 00008067 jalr             x0, x1, 0            x1:1c0081de
14156134ns          246452 1c0081de 016a7a53 fadd.s           f20, f20, f22       f20=xxxxxxxx f20:40bcff83 f22:3e533fc3
14156154ns          246453 1c0081e2 10acf553 fmul.s           f10, f25, f10       f10=xxxxxxxx f25:3f800000 f10:bebc7b52
14156174ns          246454 1c0081e6 a14a97d3 flt.s            x15, f21, f20       x15=00000000 f21:40c90fdb f20:40c39981
14156193ns          246455 1c0081ea 00a4222b p.sw             x10, 4(x8!)          x8=10000e88 x10:bebc7b52  x8:10000e84  PA:10000e84
14156213ns          246456 1c0081ee 00078363 beq              x15, x0, 6          x15:00000000
14156273ns          246459 1c0081f4 ff7412e3 bne              x8, x23, -28         x8:10000e88 x23:10000fc8
14156333ns          246462 1c0081d8 094c7553 fsub.s           f10, f24, f20       f10=xxxxxxxx f24:3fc90fdb f20:40c39981
14156353ns          246463 1c0081dc 57c000ef jal              x1, 1404             x1=1c0081de
14156392ns          246465 1c008758 a0a527d3 feq.s            x15, f10, f10       x15=00000001 f10:c091558a f10:c091558a
14156412ns          246466 1c00875c 0a078b63 beq              x15, x0, 182        x15:00000001
14156432ns          246467 1c00875e e00517d3 fclass.s         x15, f10            x15=00000002 f10:c091558a
14156452ns          246468 1c008762 0817f793 andi             x15, x15, 129       x15=00000000 x15:00000002
14156472ns          246469 1c008766 0a079663 bne              x15, x0, 172        x15:00000000
14156492ns          246470 1c008768 00000793 addi             x15, x0, 0          x15=00000000
14156512ns          246471 1c00876c a0f517d3 flt.s            x15, f10, f15       x15=00000001 f10:c091558a f15:00000000
14156532ns          246472 1c008770 0a079663 bne              x15, x0, 172        x15:00000001
14156591ns          246475 1c00881c 1c0007b7 lui              x15, 0x1c000000     x15=1c000000
14156611ns          246476 1c008820 12c7a783 lw               x15, 300(x15)       x15=c0c90fdb x15:1c000000  PA:1c00012c
14156949ns          246493 1c008824 a0f517d3 flt.s            x15, f10, f15       x15=00000000 f10:c091558a f15:c0c90fdb
14156969ns          246494 1c008828 00078463 beq              x15, x0, 8          x15:00000000
14157029ns          246497 1c008830 20a51553 fsgnjn.s         f10, f10, f10       f10=xxxxxxxx f10:c091558a f10:c091558a
14157049ns          246498 1c008834 f6bff06f jal              x0, -150           
14157108ns          246501 1c00879e 1c0007b7 lui              x15, 0x1c000000     x15=1c000000
14157128ns          246502 1c0087a2 01c7a783 lw               x15, 28(x15)        x15=3fc90fdb x15:1c000000  PA:1c00001c
14157486ns          246520 1c0087a6 a0f517d3 flt.s            x15, f10, f15       x15=00000000 f10:4091558a f15:3fc90fdb
14157506ns          246521 1c0087aa 02079563 bne              x15, x0, 42         x15:00000000
14157526ns          246522 1c0087ac 1c0007b7 lui              x15, 0x1c000000     x15=1c000000
14157546ns          246523 1c0087b0 1007a783 lw               x15, 256(x15)       x15=40490fdb x15:1c000000  PA:1c000100
14157864ns          246539 1c0087b4 a0f51753 flt.s            x14, f10, f15       x14=00000000 f10:4091558a f15:40490fdb
14157884ns          246540 1c0087b8 06071f63 bne              x14, x0, 126        x14:00000000
14157904ns          246541 1c0087ba 1c000737 lui              x14, 0x1c000000     x14=1c000000
14157924ns          246542 1c0087be 14072703 lw               x14, 320(x14)       x14=4096cbe4 x14:1c000000  PA:1c000140
14158242ns          246558 1c0087c2 a0e51753 flt.s            x14, f10, f14       x14=00000001 f10:4091558a f14:4096cbe4
14158262ns          246559 1c0087c6 0a071b63 bne              x14, x0, 182        x14:00000001
14158322ns          246562 1c00887c 08f57553 fsub.s           f10, f10, f15       f10=xxxxxxxx f10:4091558a f15:40490fdb
14158342ns          246563 1c008880 fbbff06f jal              x0, -70            
14158401ns          246566 1c00883a 10a57553 fmul.s           f10, f10, f10       f10=xxxxxxxx f10:3fb33672 f10:3fb33672
14158421ns          246567 1c00883e 1c0007b7 lui              x15, 0x1c000000     x15=1c000000
14158441ns          246568 1c008842 1c000737 lui              x14, 0x1c000000     x14=1c000000
14158461ns          246569 1c008846 13472703 lw               x14, 308(x14)       x14=bab59551 x14:1c000000  PA:1c000134
14158799ns          246586 1c00884a 1307a783 lw               x15, 304(x15)       x15=37c23ab1 x15:1c000000  PA:1c000130
14159157ns          246604 1c00884e 70f577c3 fmadd.s          f15, f10, f15, f14  f15=xxxxxxxx f10:3ffaea5e f15:37c23ab1 f14:bab59551
14159177ns          246605 1c008852 1c000737 lui              x14, 0x1c000000     x14=1c000000
14159197ns          246606 1c008856 13872703 lw               x14, 312(x14)       x14=3d2aa76f x14:1c000000  PA:1c000138
14159515ns          246622 1c00885a 70f577c3 fmadd.s          f15, f10, f15, f14  f15=xxxxxxxx f10:3ffaea5e f15:baafa258 f14:3d2aa76f
14159535ns          246623 1c00885e 1c000737 lui              x14, 0x1c000000     x14=1c000000
14159555ns          246624 1c008862 13c72703 lw               x14, 316(x14)       x14=beffffe0 x14:1c000000  PA:1c00013c
14159873ns          246640 1c008866 70f577c3 fmadd.s          f15, f10, f15, f14  f15=xxxxxxxx f10:3ffaea5e f15:3d1fe51a f14:beffffe0
14159893ns          246641 1c00886a 1c000737 lui              x14, 0x1c000000     x14=1c000000
14159913ns          246642 1c00886e 16872703 lw               x14, 360(x14)       x14=3f7fffff x14:1c000000  PA:1c000168
14160231ns          246658 1c008872 70f57543 fmadd.s          f10, f10, f15, f14  f10=xxxxxxxx f10:3ffaea5e f15:bed8d1d9 f14:3f7fffff
14160251ns          246659 1c008876 20a51553 fsgnjn.s         f10, f10, f10       f10=xxxxxxxx f10:3e2df247 f10:3e2df247
14160271ns          246660 1c00887a 00008067 jalr             x0, x1, 0            x1:1c0081de
14160331ns          246663 1c0081de 016a7a53 fadd.s           f20, f20, f22       f20=xxxxxxxx f20:40c39981 f22:3e533fc3
14160351ns          246664 1c0081e2 10acf553 fmul.s           f10, f25, f10       f10=xxxxxxxx f25:3f800000 f10:be2df247
14160371ns          246665 1c0081e6 a14a97d3 flt.s            x15, f21, f20       x15=00000001 f21:40c90fdb f20:40ca337f
14160390ns          246666 1c0081ea 00a4222b p.sw             x10, 4(x8!)          x8=10000e8c x10:be2df247  x8:10000e88  PA:10000e88
14160410ns          246667 1c0081ee 00078363 beq              x15, x0, 6          x15:00000001
14160430ns          246668 1c0081f0 095a7a53 fsub.s           f20, f20, f21       f20=xxxxxxxx f20:40ca337f f21:40c90fdb
14160450ns          246669 1c0081f4 ff7412e3 bne              x8, x23, -28         x8:10000e8c x23:10000fc8
14160510ns          246672 1c0081d8 094c7553 fsub.s           f10, f24, f20       f10=xxxxxxxx f24:3fc90fdb f20:3d11d200
14160530ns          246673 1c0081dc 57c000ef jal              x1, 1404             x1=1c0081de
14160569ns          246675 1c008758 a0a527d3 feq.s            x15, f10, f10       x15=00000001 f10:3fc4814b f10:3fc4814b
14160589ns          246676 1c00875c 0a078b63 beq              x15, x0, 182        x15:00000001
14160609ns          246677 1c00875e e00517d3 fclass.s         x15, f10            x15=00000040 f10:3fc4814b
14160629ns          246678 1c008762 0817f793 andi             x15, x15, 129       x15=00000000 x15:00000040
14160649ns          246679 1c008766 0a079663 bne              x15, x0, 172        x15:00000000
14160669ns          246680 1c008768 00000793 addi             x15, x0, 0          x15=00000000
14160689ns          246681 1c00876c a0f517d3 flt.s            x15, f10, f15       x15=00000000 f10:3fc4814b f15:00000000
14160709ns          246682 1c008770 0a079663 bne              x15, x0, 172        x15:00000000
14160729ns          246683 1c008772 1c000737 lui              x14, 0x1c000000     x14=1c000000
14160748ns          246684 1c008776 02072783 lw               x15, 32(x14)        x15=40c90fdb x14:1c000000  PA:1c000020
14161067ns          246700 1c00877a a0a797d3 flt.s            x15, f15, f10       x15=00000000 f15:40c90fdb f10:3fc4814b
14161087ns          246701 1c00877e 00078b63 beq              x15, x0, 22         x15:00000000
14161146ns          246704 1c008794 00000793 addi             x15, x0, 0          x15=00000000
14161166ns          246705 1c008798 a0f517d3 flt.s            x15, f10, f15       x15=00000000 f10:3fc4814b f15:00000000
14161186ns          246706 1c00879c 08079a63 bne              x15, x0, 148        x15:00000000
14161206ns          246707 1c00879e 1c0007b7 lui              x15, 0x1c000000     x15=1c000000
14161226ns          246708 1c0087a2 01c7a783 lw               x15, 28(x15)        x15=3fc90fdb x15:1c000000  PA:1c00001c
14161584ns          246726 1c0087a6 a0f517d3 flt.s            x15, f10, f15       x15=00000001 f10:3fc4814b f15:3fc90fdb
14161604ns          246727 1c0087aa 02079563 bne              x15, x0, 42         x15:00000001
14161663ns          246730 1c0087d4 10a57553 fmul.s           f10, f10, f10       f10=xxxxxxxx f10:3fc4814b f10:3fc4814b
14161683ns          246731 1c0087d8 1c0007b7 lui              x15, 0x1c000000     x15=1c000000
14161703ns          246732 1c0087dc 1c000737 lui              x14, 0x1c000000     x14=1c000000
14161723ns          246733 1c0087e0 13472703 lw               x14, 308(x14)       x14=bab59551 x14:1c000000  PA:1c000134
14162021ns          246748 1c0087e4 1307a783 lw               x15, 304(x15)       x15=37c23ab1 x15:1c000000  PA:1c000130
14162340ns          246764 1c0087e8 70f577c3 fmadd.s          f15, f10, f15, f14  f15=xxxxxxxx f10:4016d63c f15:37c23ab1 f14:bab59551
14162360ns          246765 1c0087ec 1c000737 lui              x14, 0x1c000000     x14=1c000000
14162379ns          246766 1c0087f0 13872703 lw               x14, 312(x14)       x14=3d2aa76f x14:1c000000  PA:1c000138
14162718ns          246783 1c0087f4 70f577c3 fmadd.s          f15, f10, f15, f14  f15=xxxxxxxx f10:4016d63c f15:baae6e42 f14:3d2aa76f
14162738ns          246784 1c0087f8 1c000737 lui              x14, 0x1c000000     x14=1c000000
14162757ns          246785 1c0087fc 13c72703 lw               x14, 316(x14)       x14=beffffe0 x14:1c000000  PA:1c00013c
14163076ns          246801 1c008800 70f577c3 fmadd.s          f15, f10, f15, f14  f15=xxxxxxxx f10:4016d63c f15:3d1dce9d f14:beffffe0
14163096ns          246802 1c008804 1c000737 lui              x14, 0x1c000000     x14=1c000000
14163115ns          246803 1c008808 16872703 lw               x14, 360(x14)       x14=3f7fffff x14:1c000000  PA:1c000168
14163434ns          246819 1c00880c 70f57543 fmadd.s          f10, f10, f15, f14  f10=xxxxxxxx f10:4016d63c f15:bed18250 f14:3f7fffff
14163454ns          246820 1c008810 00008067 jalr             x0, x1, 0            x1:1c0081de
14163513ns          246823 1c0081de 016a7a53 fadd.s           f20, f20, f22       f20=xxxxxxxx f20:3d11d200 f22:3e533fc3
14163533ns          246824 1c0081e2 10acf553 fmul.s           f10, f25, f10       f10=xxxxxxxx f25:3f800000 f10:3d11ca13
14163553ns          246825 1c0081e6 a14a97d3 flt.s            x15, f21, f20       x15=00000000 f21:40c90fdb f20:3e77b443
14163573ns          246826 1c0081ea 00a4222b p.sw             x10, 4(x8!)          x8=10000e90 x10:3d11ca13  x8:10000e8c  PA:10000e8c
14163593ns          246827 1c0081ee 00078363 beq              x15, x0, 6          x15:00000000
14163652ns          246830 1c0081f4 ff7412e3 bne              x8, x23, -28         x8:10000e90 x23:10000fc8
14163712ns          246833 1c0081d8 094c7553 fsub.s           f10, f24, f20       f10=xxxxxxxx f24:3fc90fdb f20:3e77b443
14163732ns          246834 1c0081dc 57c000ef jal              x1, 1404             x1=1c0081de
14163772ns          246836 1c008758 a0a527d3 feq.s            x15, f10, f10       x15=00000001 f10:3faa1953 f10:3faa1953
14163792ns          246837 1c00875c 0a078b63 beq              x15, x0, 182        x15:00000001
14163812ns          246838 1c00875e e00517d3 fclass.s         x15, f10            x15=00000040 f10:3faa1953
14163831ns          246839 1c008762 0817f793 andi             x15, x15, 129       x15=00000000 x15:00000040
14163851ns          246840 1c008766 0a079663 bne              x15, x0, 172        x15:00000000
14163871ns          246841 1c008768 00000793 addi             x15, x0, 0          x15=00000000
14163891ns          246842 1c00876c a0f517d3 flt.s            x15, f10, f15       x15=00000000 f10:3faa1953 f15:00000000
14163911ns          246843 1c008770 0a079663 bne              x15, x0, 172        x15:00000000
14163931ns          246844 1c008772 1c000737 lui              x14, 0x1c000000     x14=1c000000
14163951ns          246845 1c008776 02072783 lw               x15, 32(x14)        x15=40c90fdb x14:1c000000  PA:1c000020
14164289ns          246862 1c00877a a0a797d3 flt.s            x15, f15, f10       x15=00000000 f15:40c90fdb f10:3faa1953
14164309ns          246863 1c00877e 00078b63 beq              x15, x0, 22         x15:00000000
14164369ns          246866 1c008794 00000793 addi             x15, x0, 0          x15=00000000
14164388ns          246867 1c008798 a0f517d3 flt.s            x15, f10, f15       x15=00000000 f10:3faa1953 f15:00000000
14164408ns          246868 1c00879c 08079a63 bne              x15, x0, 148        x15:00000000
14164428ns          246869 1c00879e 1c0007b7 lui              x15, 0x1c000000     x15=1c000000
14164448ns          246870 1c0087a2 01c7a783 lw               x15, 28(x15)        x15=3fc90fdb x15:1c000000  PA:1c00001c
14164786ns          246887 1c0087a6 a0f517d3 flt.s            x15, f10, f15       x15=00000001 f10:3faa1953 f15:3fc90fdb
14164806ns          246888 1c0087aa 02079563 bne              x15, x0, 42         x15:00000001
14164866ns          246891 1c0087d4 10a57553 fmul.s           f10, f10, f10       f10=xxxxxxxx f10:3faa1953 f10:3faa1953
14164886ns          246892 1c0087d8 1c0007b7 lui              x15, 0x1c000000     x15=1c000000
14164906ns          246893 1c0087dc 1c000737 lui              x14, 0x1c000000     x14=1c000000
14164925ns          246894 1c0087e0 13472703 lw               x14, 308(x14)       x14=bab59551 x14:1c000000  PA:1c000134
14165224ns          246909 1c0087e4 1307a783 lw               x15, 304(x15)       x15=37c23ab1 x15:1c000000  PA:1c000130
14165542ns          246925 1c0087e8 70f577c3 fmadd.s          f15, f10, f15, f14  f15=xxxxxxxx f10:3fe20b49 f15:37c23ab1 f14:bab59551
14165562ns          246926 1c0087ec 1c000737 lui              x14, 0x1c000000     x14=1c000000
14165582ns          246927 1c0087f0 13872703 lw               x14, 312(x14)       x14=3d2aa76f x14:1c000000  PA:1c000138
14165900ns          246943 1c0087f4 70f577c3 fmadd.s          f15, f10, f15, f14  f15=xxxxxxxx f10:3fe20b49 f15:bab0394e f14:3d2aa76f
14165920ns          246944 1c0087f8 1c000737 lui              x14, 0x1c000000     x14=1c000000
14165940ns          246945 1c0087fc 13c72703 lw               x14, 316(x14)       x14=beffffe0 x14:1c000000  PA:1c00013c
14166258ns          246961 1c008800 70f577c3 fmadd.s          f15, f10, f15, f14  f15=xxxxxxxx f10:3fe20b49 f15:3d20edc9 f14:beffffe0
14166278ns          246962 1c008804 1c000737 lui              x14, 0x1c000000     x14=1c000000
14166298ns          246963 1c008808 16872703 lw               x14, 360(x14)       x14=3f7fffff x14:1c000000  PA:1c000168
14166656ns          246981 1c00880c 70f57543 fmadd.s          f10, f10, f15, f14  f10=xxxxxxxx f10:3fe20b49 f15:bedc799f f14:3f7fffff
14166676ns          246982 1c008810 00008067 jalr             x0, x1, 0            x1:1c0081de
14166736ns          246985 1c0081de 016a7a53 fadd.s           f20, f20, f22       f20=xxxxxxxx f20:3e77b443 f22:3e533fc3
14166755ns          246986 1c0081e2 10acf553 fmul.s           f10, f25, f10       f10=xxxxxxxx f25:3f800000 f10:3e754ba2
14166775ns          246987 1c0081e6 a14a97d3 flt.s            x15, f21, f20       x15=00000000 f21:40c90fdb f20:3ee57a03
14166795ns          246988 1c0081ea 00a4222b p.sw             x10, 4(x8!)          x8=10000e94 x10:3e754ba2  x8:10000e90  PA:10000e90
14166815ns          246989 1c0081ee 00078363 beq              x15, x0, 6          x15:00000000
14166875ns          246992 1c0081f4 ff7412e3 bne              x8, x23, -28         x8:10000e94 x23:10000fc8
14166934ns          246995 1c0081d8 094c7553 fsub.s           f10, f24, f20       f10=xxxxxxxx f24:3fc90fdb f20:3ee57a03
14166954ns          246996 1c0081dc 57c000ef jal              x1, 1404             x1=1c0081de
14166994ns          246998 1c008758 a0a527d3 feq.s            x15, f10, f10       x15=00000001 f10:3f8fb15a f10:3f8fb15a
14167014ns          246999 1c00875c 0a078b63 beq              x15, x0, 182        x15:00000001
14167034ns          247000 1c00875e e00517d3 fclass.s         x15, f10            x15=00000040 f10:3f8fb15a
14167054ns          247001 1c008762 0817f793 andi             x15, x15, 129       x15=00000000 x15:00000040
14167074ns          247002 1c008766 0a079663 bne              x15, x0, 172        x15:00000000
14167094ns          247003 1c008768 00000793 addi             x15, x0, 0          x15=00000000
14167113ns          247004 1c00876c a0f517d3 flt.s            x15, f10, f15       x15=00000000 f10:3f8fb15a f15:00000000
14167133ns          247005 1c008770 0a079663 bne              x15, x0, 172        x15:00000000
14167153ns          247006 1c008772 1c000737 lui              x14, 0x1c000000     x14=1c000000
14167173ns          247007 1c008776 02072783 lw               x15, 32(x14)        x15=40c90fdb x14:1c000000  PA:1c000020
14167491ns          247023 1c00877a a0a797d3 flt.s            x15, f15, f10       x15=00000000 f15:40c90fdb f10:3f8fb15a
14167511ns          247024 1c00877e 00078b63 beq              x15, x0, 22         x15:00000000
14167571ns          247027 1c008794 00000793 addi             x15, x0, 0          x15=00000000
14167591ns          247028 1c008798 a0f517d3 flt.s            x15, f10, f15       x15=00000000 f10:3f8fb15a f15:00000000
14167611ns          247029 1c00879c 08079a63 bne              x15, x0, 148        x15:00000000
14167631ns          247030 1c00879e 1c0007b7 lui              x15, 0x1c000000     x15=1c000000
14167651ns          247031 1c0087a2 01c7a783 lw               x15, 28(x15)        x15=3fc90fdb x15:1c000000  PA:1c00001c
14167989ns          247048 1c0087a6 a0f517d3 flt.s            x15, f10, f15       x15=00000001 f10:3f8fb15a f15:3fc90fdb
14168009ns          247049 1c0087aa 02079563 bne              x15, x0, 42         x15:00000001
14168068ns          247052 1c0087d4 10a57553 fmul.s           f10, f10, f10       f10=xxxxxxxx f10:3f8fb15a f10:3f8fb15a
14168088ns          247053 1c0087d8 1c0007b7 lui              x15, 0x1c000000     x15=1c000000
14168108ns          247054 1c0087dc 1c000737 lui              x14, 0x1c000000     x14=1c000000
14168128ns          247055 1c0087e0 13472703 lw               x14, 308(x14)       x14=bab59551 x14:1c000000  PA:1c000134
14168446ns          247071 1c0087e4 1307a783 lw               x15, 304(x15)       x15=37c23ab1 x15:1c000000  PA:1c000130
14168764ns          247087 1c0087e8 70f577c3 fmadd.s          f15, f10, f15, f14  f15=xxxxxxxx f10:3fa14f3b f15:37c23ab1 f14:bab59551
14168784ns          247088 1c0087ec 1c000737 lui              x14, 0x1c000000     x14=1c000000
14168804ns          247089 1c0087f0 13872703 lw               x14, 312(x14)       x14=3d2aa76f x14:1c000000  PA:1c000138
14169122ns          247105 1c0087f4 70f577c3 fmadd.s          f15, f10, f15, f14  f15=xxxxxxxx f10:3fa14f3b f15:bab1c239 f14:3d2aa76f
14169142ns          247106 1c0087f8 1c000737 lui              x14, 0x1c000000     x14=1c000000
14169162ns          247107 1c0087fc 13c72703 lw               x14, 316(x14)       x14=beffffe0 x14:1c000000  PA:1c00013c
14169500ns          247124 1c008800 70f577c3 fmadd.s          f15, f10, f15, f14  f15=xxxxxxxx f10:3fa14f3b f15:3d23a74c f14:beffffe0
14169520ns          247125 1c008804 1c000737 lui              x14, 0x1c000000     x14=1c000000
14169540ns          247126 1c008808 16872703 lw               x14, 360(x14)       x14=3f7fffff x14:1c000000  PA:1c000168
14169878ns          247143 1c00880c 70f57543 fmadd.s          f10, f10, f15, f14  f10=xxxxxxxx f10:3fa14f3b f15:bee63829 f14:3f7fffff
14169898ns          247144 1c008810 00008067 jalr             x0, x1, 0            x1:1c0081de
14169958ns          247147 1c0081de 016a7a53 fadd.s           f20, f20, f22       f20=xxxxxxxx f20:3ee57a03 f22:3e533fc3
14169978ns          247148 1c0081e2 10acf553 fmul.s           f10, f25, f10       f10=xxxxxxxx f25:3f800000 f10:3edddeda
14169998ns          247149 1c0081e6 a14a97d3 flt.s            x15, f21, f20       x15=00000000 f21:40c90fdb f20:3f278cf2
14170018ns          247150 1c0081ea 00a4222b p.sw             x10, 4(x8!)          x8=10000e98 x10:3edddeda  x8:10000e94  PA:10000e94
14170037ns          247151 1c0081ee 00078363 beq              x15, x0, 6          x15:00000000
14170097ns          247154 1c0081f4 ff7412e3 bne              x8, x23, -28         x8:10000e98 x23:10000fc8
14170157ns          247157 1c0081d8 094c7553 fsub.s           f10, f24, f20       f10=xxxxxxxx f24:3fc90fdb f20:3f278cf2
14170177ns          247158 1c0081dc 57c000ef jal              x1, 1404             x1=1c0081de
14170216ns          247160 1c008758 a0a527d3 feq.s            x15, f10, f10       x15=00000001 f10:3f6a92c4 f10:3f6a92c4
14170236ns          247161 1c00875c 0a078b63 beq              x15, x0, 182        x15:00000001
14170256ns          247162 1c00875e e00517d3 fclass.s         x15, f10            x15=00000040 f10:3f6a92c4
14170276ns          247163 1c008762 0817f793 andi             x15, x15, 129       x15=00000000 x15:00000040
14170296ns          247164 1c008766 0a079663 bne              x15, x0, 172        x15:00000000
14170316ns          247165 1c008768 00000793 addi             x15, x0, 0          x15=00000000
14170336ns          247166 1c00876c a0f517d3 flt.s            x15, f10, f15       x15=00000000 f10:3f6a92c4 f15:00000000
14170356ns          247167 1c008770 0a079663 bne              x15, x0, 172        x15:00000000
14170376ns          247168 1c008772 1c000737 lui              x14, 0x1c000000     x14=1c000000
14170395ns          247169 1c008776 02072783 lw               x15, 32(x14)        x15=40c90fdb x14:1c000000  PA:1c000020
14170734ns          247186 1c00877a a0a797d3 flt.s            x15, f15, f10       x15=00000000 f15:40c90fdb f10:3f6a92c4
14170753ns          247187 1c00877e 00078b63 beq              x15, x0, 22         x15:00000000
14170813ns          247190 1c008794 00000793 addi             x15, x0, 0          x15=00000000
14170833ns          247191 1c008798 a0f517d3 flt.s            x15, f10, f15       x15=00000000 f10:3f6a92c4 f15:00000000
14170853ns          247192 1c00879c 08079a63 bne              x15, x0, 148        x15:00000000
14170873ns          247193 1c00879e 1c0007b7 lui              x15, 0x1c000000     x15=1c000000
14170893ns          247194 1c0087a2 01c7a783 lw               x15, 28(x15)        x15=3fc90fdb x15:1c000000  PA:1c00001c
14171211ns          247210 1c0087a6 a0f517d3 flt.s            x15, f10, f15       x15=00000001 f10:3f6a92c4 f15:3fc90fdb
14171231ns          247211 1c0087aa 02079563 bne              x15, x0, 42         x15:00000001
14171291ns          247214 1c0087d4 10a57553 fmul.s           f10, f10, f10       f10=xxxxxxxx f10:3f6a92c4 f10:3f6a92c4
14171310ns          247215 1c0087d8 1c0007b7 lui              x15, 0x1c000000     x15=1c000000
14171330ns          247216 1c0087dc 1c000737 lui              x14, 0x1c000000     x14=1c000000
14171350ns          247217 1c0087e0 13472703 lw               x14, 308(x14)       x14=bab59551 x14:1c000000  PA:1c000134
14171649ns          247232 1c0087e4 1307a783 lw               x15, 304(x15)       x15=37c23ab1 x15:1c000000  PA:1c000130
14171987ns          247249 1c0087e8 70f577c3 fmadd.s          f15, f10, f15, f14  f15=xxxxxxxx f10:3f56f0a2 f15:37c23ab1 f14:bab59551
14172007ns          247250 1c0087ec 1c000737 lui              x14, 0x1c000000     x14=1c000000
14172026ns          247251 1c0087f0 13872703 lw               x14, 312(x14)       x14=3d2aa76f x14:1c000000  PA:1c000138
14172345ns          247267 1c0087f4 70f577c3 fmadd.s          f15, f10, f15, f14  f15=xxxxxxxx f10:3f56f0a2 f15:bab30902 f14:3d2aa76f
14172365ns          247268 1c0087f8 1c000737 lui              x14, 0x1c000000     x14=1c000000
14172385ns          247269 1c0087fc 13c72703 lw               x14, 316(x14)       x14=beffffe0 x14:1c000000  PA:1c00013c
14172703ns          247285 1c008800 70f577c3 fmadd.s          f15, f10, f15, f14  f15=xxxxxxxx f10:3f56f0a2 f15:3d25f4e0 f14:beffffe0
14172723ns          247286 1c008804 1c000737 lui              x14, 0x1c000000     x14=1c000000
14172743ns          247287 1c008808 16872703 lw               x14, 360(x14)       x14=3f7fffff x14:1c000000  PA:1c000168
14173061ns          247303 1c00880c 70f57543 fmadd.s          f10, f10, f15, f14  f10=xxxxxxxx f10:3f56f0a2 f15:beee950a f14:3f7fffff
14173081ns          247304 1c008810 00008067 jalr             x0, x1, 0            x1:1c0081de
14173140ns          247307 1c0081de 016a7a53 fadd.s           f20, f20, f22       f20=xxxxxxxx f20:3f278cf2 f22:3e533fc3
14173160ns          247308 1c0081e2 10acf553 fmul.s           f10, f25, f10       f10=xxxxxxxx f25:3f800000 f10:3f1bd792
14173180ns          247309 1c0081e6 a14a97d3 flt.s            x15, f21, f20       x15=00000000 f21:40c90fdb f20:3f5c5ce3
14173200ns          247310 1c0081ea 00a4222b p.sw             x10, 4(x8!)          x8=10000e9c x10:3f1bd792  x8:10000e98  PA:10000e98
14173220ns          247311 1c0081ee 00078363 beq              x15, x0, 6          x15:00000000
14173280ns          247314 1c0081f4 ff7412e3 bne              x8, x23, -28         x8:10000e9c x23:10000fc8
14173339ns          247317 1c0081d8 094c7553 fsub.s           f10, f24, f20       f10=xxxxxxxx f24:3fc90fdb f20:3f5c5ce3
14173359ns          247318 1c0081dc 57c000ef jal              x1, 1404             x1=1c0081de
14173399ns          247320 1c008758 a0a527d3 feq.s            x15, f10, f10       x15=00000001 f10:3f35c2d3 f10:3f35c2d3
14173419ns          247321 1c00875c 0a078b63 beq              x15, x0, 182        x15:00000001
14173439ns          247322 1c00875e e00517d3 fclass.s         x15, f10            x15=00000040 f10:3f35c2d3
14173459ns          247323 1c008762 0817f793 andi             x15, x15, 129       x15=00000000 x15:00000040
14173479ns          247324 1c008766 0a079663 bne              x15, x0, 172        x15:00000000
14173498ns          247325 1c008768 00000793 addi             x15, x0, 0          x15=00000000
14173518ns          247326 1c00876c a0f517d3 flt.s            x15, f10, f15       x15=00000000 f10:3f35c2d3 f15:00000000
14173538ns          247327 1c008770 0a079663 bne              x15, x0, 172        x15:00000000
14173558ns          247328 1c008772 1c000737 lui              x14, 0x1c000000     x14=1c000000
14173578ns          247329 1c008776 02072783 lw               x15, 32(x14)        x15=40c90fdb x14:1c000000  PA:1c000020
14173896ns          247345 1c00877a a0a797d3 flt.s            x15, f15, f10       x15=00000000 f15:40c90fdb f10:3f35c2d3
14173916ns          247346 1c00877e 00078b63 beq              x15, x0, 22         x15:00000000
14173976ns          247349 1c008794 00000793 addi             x15, x0, 0          x15=00000000
14173996ns          247350 1c008798 a0f517d3 flt.s            x15, f10, f15       x15=00000000 f10:3f35c2d3 f15:00000000
14174016ns          247351 1c00879c 08079a63 bne              x15, x0, 148        x15:00000000
14174035ns          247352 1c00879e 1c0007b7 lui              x15, 0x1c000000     x15=1c000000
14174055ns          247353 1c0087a2 01c7a783 lw               x15, 28(x15)        x15=3fc90fdb x15:1c000000  PA:1c00001c
14174374ns          247369 1c0087a6 a0f517d3 flt.s            x15, f10, f15       x15=00000001 f10:3f35c2d3 f15:3fc90fdb
14174393ns          247370 1c0087aa 02079563 bne              x15, x0, 42         x15:00000001
14174453ns          247373 1c0087d4 10a57553 fmul.s           f10, f10, f10       f10=xxxxxxxx f10:3f35c2d3 f10:3f35c2d3
14174473ns          247374 1c0087d8 1c0007b7 lui              x15, 0x1c000000     x15=1c000000
14174493ns          247375 1c0087dc 1c000737 lui              x14, 0x1c000000     x14=1c000000
14174513ns          247376 1c0087e0 13472703 lw               x14, 308(x14)       x14=bab59551 x14:1c000000  PA:1c000134
14174811ns          247391 1c0087e4 1307a783 lw               x15, 304(x15)       x15=37c23ab1 x15:1c000000  PA:1c000130
14175129ns          247407 1c0087e8 70f577c3 fmadd.s          f15, f10, f15, f14  f15=xxxxxxxx f10:3f010d13 f15:37c23ab1 f14:bab59551
14175149ns          247408 1c0087ec 1c000737 lui              x14, 0x1c000000     x14=1c000000
14175169ns          247409 1c0087f0 13872703 lw               x14, 312(x14)       x14=3d2aa76f x14:1c000000  PA:1c000138
14175487ns          247425 1c0087f4 70f577c3 fmadd.s          f15, f10, f15, f14  f15=xxxxxxxx f10:3f010d13 f15:bab40dab f14:3d2aa76f
14175507ns          247426 1c0087f8 1c000737 lui              x14, 0x1c000000     x14=1c000000
14175527ns          247427 1c0087fc 13c72703 lw               x14, 316(x14)       x14=beffffe0 x14:1c000000  PA:1c00013c
14175865ns          247444 1c008800 70f577c3 fmadd.s          f15, f10, f15, f14  f15=xxxxxxxx f10:3f010d13 f15:3d27d14e f14:beffffe0
14175885ns          247445 1c008804 1c000737 lui              x14, 0x1c000000     x14=1c000000
14175905ns          247446 1c008808 16872703 lw               x14, 360(x14)       x14=3f7fffff x14:1c000000  PA:1c000168
14176223ns          247462 1c00880c 70f57543 fmadd.s          f10, f10, f15, f14  f10=xxxxxxxx f10:3f010d13 f15:bef56cbf f14:3f7fffff
14176243ns          247463 1c008810 00008067 jalr             x0, x1, 0            x1:1c0081de
14176303ns          247466 1c0081de 016a7a53 fadd.s           f20, f20, f22       f20=xxxxxxxx f20:3f5c5ce3 f22:3e533fc3
14176323ns          247467 1c0081e2 10acf553 fmul.s           f10, f25, f10       f10=xxxxxxxx f25:3f800000 f10:3f4223d5
14176343ns          247468 1c0081e6 a14a97d3 flt.s            x15, f21, f20       x15=00000000 f21:40c90fdb f20:3f88966a
14176363ns          247469 1c0081ea 00a4222b p.sw             x10, 4(x8!)          x8=10000ea0 x10:3f4223d5  x8:10000e9c  PA:10000e9c
14176383ns          247470 1c0081ee 00078363 beq              x15, x0, 6          x15:00000000
14176442ns          247473 1c0081f4 ff7412e3 bne              x8, x23, -28         x8:10000ea0 x23:10000fc8
14176502ns          247476 1c0081d8 094c7553 fsub.s           f10, f24, f20       f10=xxxxxxxx f24:3fc90fdb f20:3f88966a
14176522ns          247477 1c0081dc 57c000ef jal              x1, 1404             x1=1c0081de
14176562ns          247479 1c008758 a0a527d3 feq.s            x15, f10, f10       x15=00000001 f10:3f00f2e2 f10:3f00f2e2
14176581ns          247480 1c00875c 0a078b63 beq              x15, x0, 182        x15:00000001
14176601ns          247481 1c00875e e00517d3 fclass.s         x15, f10            x15=00000040 f10:3f00f2e2
14176621ns          247482 1c008762 0817f793 andi             x15, x15, 129       x15=00000000 x15:00000040
14176641ns          247483 1c008766 0a079663 bne              x15, x0, 172        x15:00000000
14176661ns          247484 1c008768 00000793 addi             x15, x0, 0          x15=00000000
14176681ns          247485 1c00876c a0f517d3 flt.s            x15, f10, f15       x15=00000000 f10:3f00f2e2 f15:00000000
14176701ns          247486 1c008770 0a079663 bne              x15, x0, 172        x15:00000000
14176721ns          247487 1c008772 1c000737 lui              x14, 0x1c000000     x14=1c000000
14176741ns          247488 1c008776 02072783 lw               x15, 32(x14)        x15=40c90fdb x14:1c000000  PA:1c000020
14177079ns          247505 1c00877a a0a797d3 flt.s            x15, f15, f10       x15=00000000 f15:40c90fdb f10:3f00f2e2
14177099ns          247506 1c00877e 00078b63 beq              x15, x0, 22         x15:00000000
14177158ns          247509 1c008794 00000793 addi             x15, x0, 0          x15=00000000
14177178ns          247510 1c008798 a0f517d3 flt.s            x15, f10, f15       x15=00000000 f10:3f00f2e2 f15:00000000
14177198ns          247511 1c00879c 08079a63 bne              x15, x0, 148        x15:00000000
14177218ns          247512 1c00879e 1c0007b7 lui              x15, 0x1c000000     x15=1c000000
14177238ns          247513 1c0087a2 01c7a783 lw               x15, 28(x15)        x15=3fc90fdb x15:1c000000  PA:1c00001c
14177556ns          247529 1c0087a6 a0f517d3 flt.s            x15, f10, f15       x15=00000001 f10:3f00f2e2 f15:3fc90fdb
14177576ns          247530 1c0087aa 02079563 bne              x15, x0, 42         x15:00000001
14177636ns          247533 1c0087d4 10a57553 fmul.s           f10, f10, f10       f10=xxxxxxxx f10:3f00f2e2 f10:3f00f2e2
14177656ns          247534 1c0087d8 1c0007b7 lui              x15, 0x1c000000     x15=1c000000
14177675ns          247535 1c0087dc 1c000737 lui              x14, 0x1c000000     x14=1c000000
14177695ns          247536 1c0087e0 13472703 lw               x14, 308(x14)       x14=bab59551 x14:1c000000  PA:1c000134
14177994ns          247551 1c0087e4 1307a783 lw               x15, 304(x15)       x15=37c23ab1 x15:1c000000  PA:1c000130
14178312ns          247567 1c0087e8 70f577c3 fmadd.s          f15, f10, f15, f14  f15=xxxxxxxx f10:3e81e791 f15:37c23ab1 f14:bab59551
14178332ns          247568 1c0087ec 1c000737 lui              x14, 0x1c000000     x14=1c000000
14178352ns          247569 1c0087f0 13872703 lw               x14, 312(x14)       x14=3d2aa76f x14:1c000000  PA:1c000138
14178690ns          247586 1c0087f4 70f577c3 fmadd.s          f15, f10, f15, f14  f15=xxxxxxxx f10:3e81e791 f15:bab4d032 f14:3d2aa76f
14178710ns          247587 1c0087f8 1c000737 lui              x14, 0x1c000000     x14=1c000000
14178730ns          247588 1c0087fc 13c72703 lw               x14, 316(x14)       x14=beffffe0 x14:1c000000  PA:1c00013c
14179048ns          247604 1c008800 70f577c3 fmadd.s          f15, f10, f15, f14  f15=xxxxxxxx f10:3e81e791 f15:3d29386d f14:beffffe0
14179068ns          247605 1c008804 1c000737 lui              x14, 0x1c000000     x14=1c000000
14179088ns          247606 1c008808 16872703 lw               x14, 360(x14)       x14=3f7fffff x14:1c000000  PA:1c000168
14179426ns          247623 1c00880c 70f57543 fmadd.s          f10, f10, f15, f14  f10=xxxxxxxx f10:3e81e791 f15:befaa1f8 f14:3f7fffff
14179446ns          247624 1c008810 00008067 jalr             x0, x1, 0            x1:1c0081de
14179505ns          247627 1c0081de 016a7a53 fadd.s           f20, f20, f22       f20=xxxxxxxx f20:3f88966a f22:3e533fc3
14179525ns          247628 1c0081e2 10acf553 fmul.s           f10, f25, f10       f10=xxxxxxxx f25:3f800000 f10:3f60346a
14179545ns          247629 1c0081e6 a14a97d3 flt.s            x15, f21, f20       x15=00000000 f21:40c90fdb f20:3fa2fe62
14179565ns          247630 1c0081ea 00a4222b p.sw             x10, 4(x8!)          x8=10000ea4 x10:3f60346a  x8:10000ea0  PA:10000ea0
14179585ns          247631 1c0081ee 00078363 beq              x15, x0, 6          x15:00000000
14179645ns          247634 1c0081f4 ff7412e3 bne              x8, x23, -28         x8:10000ea4 x23:10000fc8
14179704ns          247637 1c0081d8 094c7553 fsub.s           f10, f24, f20       f10=xxxxxxxx f24:3fc90fdb f20:3fa2fe62
14179724ns          247638 1c0081dc 57c000ef jal              x1, 1404             x1=1c0081de
14179764ns          247640 1c008758 a0a527d3 feq.s            x15, f10, f10       x15=00000001 f10:3e9845e4 f10:3e9845e4
14179784ns          247641 1c00875c 0a078b63 beq              x15, x0, 182        x15:00000001
14179804ns          247642 1c00875e e00517d3 fclass.s         x15, f10            x15=00000040 f10:3e9845e4
14179824ns          247643 1c008762 0817f793 andi             x15, x15, 129       x15=00000000 x15:00000040
14179844ns          247644 1c008766 0a079663 bne              x15, x0, 172        x15:00000000
14179863ns          247645 1c008768 00000793 addi             x15, x0, 0          x15=00000000
14179883ns          247646 1c00876c a0f517d3 flt.s            x15, f10, f15       x15=00000000 f10:3e9845e4 f15:00000000
14179903ns          247647 1c008770 0a079663 bne              x15, x0, 172        x15:00000000
14179923ns          247648 1c008772 1c000737 lui              x14, 0x1c000000     x14=1c000000
14179943ns          247649 1c008776 02072783 lw               x15, 32(x14)        x15=40c90fdb x14:1c000000  PA:1c000020
14180261ns          247665 1c00877a a0a797d3 flt.s            x15, f15, f10       x15=00000000 f15:40c90fdb f10:3e9845e4
14180281ns          247666 1c00877e 00078b63 beq              x15, x0, 22         x15:00000000
14180341ns          247669 1c008794 00000793 addi             x15, x0, 0          x15=00000000
14180361ns          247670 1c008798 a0f517d3 flt.s            x15, f10, f15       x15=00000000 f10:3e9845e4 f15:00000000
14180381ns          247671 1c00879c 08079a63 bne              x15, x0, 148        x15:00000000
14180400ns          247672 1c00879e 1c0007b7 lui              x15, 0x1c000000     x15=1c000000
14180420ns          247673 1c0087a2 01c7a783 lw               x15, 28(x15)        x15=3fc90fdb x15:1c000000  PA:1c00001c
14180739ns          247689 1c0087a6 a0f517d3 flt.s            x15, f10, f15       x15=00000001 f10:3e9845e4 f15:3fc90fdb
14180759ns          247690 1c0087aa 02079563 bne              x15, x0, 42         x15:00000001
14180818ns          247693 1c0087d4 10a57553 fmul.s           f10, f10, f10       f10=xxxxxxxx f10:3e9845e4 f10:3e9845e4
14180838ns          247694 1c0087d8 1c0007b7 lui              x15, 0x1c000000     x15=1c000000
14180858ns          247695 1c0087dc 1c000737 lui              x14, 0x1c000000     x14=1c000000
14180878ns          247696 1c0087e0 13472703 lw               x14, 308(x14)       x14=bab59551 x14:1c000000  PA:1c000134
14181176ns          247711 1c0087e4 1307a783 lw               x15, 304(x15)       x15=37c23ab1 x15:1c000000  PA:1c000130
14181554ns          247730 1c0087e8 70f577c3 fmadd.s          f15, f10, f15, f14  f15=xxxxxxxx f10:3db52624 f15:37c23ab1 f14:bab59551
14181574ns          247731 1c0087ec 1c000737 lui              x14, 0x1c000000     x14=1c000000
14181594ns          247732 1c0087f0 13872703 lw               x14, 312(x14)       x14=3d2aa76f x14:1c000000  PA:1c000138
14181992ns          247752 1c0087f4 70f577c3 fmadd.s          f15, f10, f15, f14  f15=xxxxxxxx f10:3db52624 f15:bab55099 f14:3d2aa76f
14182012ns          247753 1c0087f8 1c000737 lui              x14, 0x1c000000     x14=1c000000
14182032ns          247754 1c0087fc 13c72703 lw               x14, 316(x14)       x14=beffffe0 x14:1c000000  PA:1c00013c
14182350ns          247770 1c008800 70f577c3 fmadd.s          f15, f10, f15, f14  f15=xxxxxxxx f10:3db52624 f15:3d2a2722 f14:beffffe0
14182370ns          247771 1c008804 1c000737 lui              x14, 0x1c000000     x14=1c000000
14182390ns          247772 1c008808 16872703 lw               x14, 360(x14)       x14=3f7fffff x14:1c000000  PA:1c000168
14182728ns          247789 1c00880c 70f57543 fmadd.s          f10, f10, f15, f14  f10=xxxxxxxx f10:3db52624 f15:befe1e44 f14:3f7fffff
14182748ns          247790 1c008810 00008067 jalr             x0, x1, 0            x1:1c0081de
14182807ns          247793 1c0081de 016a7a53 fadd.s           f20, f20, f22       f20=xxxxxxxx f20:3fa2fe62 f22:3e533fc3
14182827ns          247794 1c0081e2 10acf553 fmul.s           f10, f25, f10       f10=xxxxxxxx f25:3f800000 f10:3f74c2eb
14182847ns          247795 1c0081e6 a14a97d3 flt.s            x15, f21, f20       x15=00000000 f21:40c90fdb f20:3fbd665a
14182867ns          247796 1c0081ea 00a4222b p.sw             x10, 4(x8!)          x8=10000ea8 x10:3f74c2eb  x8:10000ea4  PA:10000ea4
14182887ns          247797 1c0081ee 00078363 beq              x15, x0, 6          x15:00000000
14182947ns          247800 1c0081f4 ff7412e3 bne              x8, x23, -28         x8:10000ea8 x23:10000fc8
14183006ns          247803 1c0081d8 094c7553 fsub.s           f10, f24, f20       f10=xxxxxxxx f24:3fc90fdb f20:3fbd665a
14183026ns          247804 1c0081dc 57c000ef jal              x1, 1404             x1=1c0081de
14183066ns          247806 1c008758 a0a527d3 feq.s            x15, f10, f10       x15=00000001 f10:3dba9810 f10:3dba9810
14183086ns          247807 1c00875c 0a078b63 beq              x15, x0, 182        x15:00000001
14183106ns          247808 1c00875e e00517d3 fclass.s         x15, f10            x15=00000040 f10:3dba9810
14183126ns          247809 1c008762 0817f793 andi             x15, x15, 129       x15=00000000 x15:00000040
14183145ns          247810 1c008766 0a079663 bne              x15, x0, 172        x15:00000000
14183165ns          247811 1c008768 00000793 addi             x15, x0, 0          x15=00000000
14183185ns          247812 1c00876c a0f517d3 flt.s            x15, f10, f15       x15=00000000 f10:3dba9810 f15:00000000
14183205ns          247813 1c008770 0a079663 bne              x15, x0, 172        x15:00000000
14183225ns          247814 1c008772 1c000737 lui              x14, 0x1c000000     x14=1c000000
14183245ns          247815 1c008776 02072783 lw               x15, 32(x14)        x15=40c90fdb x14:1c000000  PA:1c000020
14183583ns          247832 1c00877a a0a797d3 flt.s            x15, f15, f10       x15=00000000 f15:40c90fdb f10:3dba9810
14183603ns          247833 1c00877e 00078b63 beq              x15, x0, 22         x15:00000000
14183663ns          247836 1c008794 00000793 addi             x15, x0, 0          x15=00000000
14183682ns          247837 1c008798 a0f517d3 flt.s            x15, f10, f15       x15=00000000 f10:3dba9810 f15:00000000
14183702ns          247838 1c00879c 08079a63 bne              x15, x0, 148        x15:00000000
14183722ns          247839 1c00879e 1c0007b7 lui              x15, 0x1c000000     x15=1c000000
14183742ns          247840 1c0087a2 01c7a783 lw               x15, 28(x15)        x15=3fc90fdb x15:1c000000  PA:1c00001c
14184100ns          247858 1c0087a6 a0f517d3 flt.s            x15, f10, f15       x15=00000001 f10:3dba9810 f15:3fc90fdb
14184120ns          247859 1c0087aa 02079563 bne              x15, x0, 42         x15:00000001
14184180ns          247862 1c0087d4 10a57553 fmul.s           f10, f10, f10       f10=xxxxxxxx f10:3dba9810 f10:3dba9810
14184200ns          247863 1c0087d8 1c0007b7 lui              x15, 0x1c000000     x15=1c000000
14184220ns          247864 1c0087dc 1c000737 lui              x14, 0x1c000000     x14=1c000000
14184239ns          247865 1c0087e0 13472703 lw               x14, 308(x14)       x14=bab59551 x14:1c000000  PA:1c000134
14184538ns          247880 1c0087e4 1307a783 lw               x15, 304(x15)       x15=37c23ab1 x15:1c000000  PA:1c000130
14184856ns          247896 1c0087e8 70f577c3 fmadd.s          f15, f10, f15, f14  f15=xxxxxxxx f10:3c080152 f15:37c23ab1 f14:bab59551
14184876ns          247897 1c0087ec 1c000737 lui              x14, 0x1c000000     x14=1c000000
14184896ns          247898 1c0087f0 13872703 lw               x14, 312(x14)       x14=3d2aa76f x14:1c000000  PA:1c000138
14185214ns          247914 1c0087f4 70f577c3 fmadd.s          f15, f10, f15, f14  f15=xxxxxxxx f10:3c080152 f15:bab58ede f14:3d2aa76f
14185234ns          247915 1c0087f8 1c000737 lui              x14, 0x1c000000     x14=1c000000
14185254ns          247916 1c0087fc 13c72703 lw               x14, 316(x14)       x14=beffffe0 x14:1c000000  PA:1c00013c
14185592ns          247933 1c008800 70f577c3 fmadd.s          f15, f10, f15, f14  f15=xxxxxxxx f10:3c080152 f15:3d2a9b60 f14:beffffe0
14185612ns          247934 1c008804 1c000737 lui              x14, 0x1c000000     x14=1c000000
14185632ns          247935 1c008808 16872703 lw               x14, 360(x14)       x14=3f7fffff x14:1c000000  PA:1c000168
14185950ns          247951 1c00880c 70f57543 fmadd.s          f10, f10, f15, f14  f10=xxxxxxxx f10:3c080152 f15:beffd28e f14:3f7fffff
14185970ns          247952 1c008810 00008067 jalr             x0, x1, 0            x1:1c0081de
14186030ns          247955 1c0081de 016a7a53 fadd.s           f20, f20, f22       f20=xxxxxxxx f20:3fbd665a f22:3e533fc3
14186049ns          247956 1c0081e2 10acf553 fmul.s           f10, f25, f10       f10=xxxxxxxx f25:3f800000 f10:3f7ef02d
14186069ns          247957 1c0081e6 a14a97d3 flt.s            x15, f21, f20       x15=00000000 f21:40c90fdb f20:3fd7ce52
14186089ns          247958 1c0081ea 00a4222b p.sw             x10, 4(x8!)          x8=10000eac x10:3f7ef02d  x8:10000ea8  PA:10000ea8
14186109ns          247959 1c0081ee 00078363 beq              x15, x0, 6          x15:00000000
14186169ns          247962 1c0081f4 ff7412e3 bne              x8, x23, -28         x8:10000eac x23:10000fc8
14186228ns          247965 1c0081d8 094c7553 fsub.s           f10, f24, f20       f10=xxxxxxxx f24:3fc90fdb f20:3fd7ce52
14186248ns          247966 1c0081dc 57c000ef jal              x1, 1404             x1=1c0081de
14186288ns          247968 1c008758 a0a527d3 feq.s            x15, f10, f10       x15=00000001 f10:bdebe770 f10:bdebe770
14186308ns          247969 1c00875c 0a078b63 beq              x15, x0, 182        x15:00000001
14186328ns          247970 1c00875e e00517d3 fclass.s         x15, f10            x15=00000002 f10:bdebe770
14186348ns          247971 1c008762 0817f793 andi             x15, x15, 129       x15=00000000 x15:00000002
14186368ns          247972 1c008766 0a079663 bne              x15, x0, 172        x15:00000000
14186388ns          247973 1c008768 00000793 addi             x15, x0, 0          x15=00000000
14186408ns          247974 1c00876c a0f517d3 flt.s            x15, f10, f15       x15=00000001 f10:bdebe770 f15:00000000
14186427ns          247975 1c008770 0a079663 bne              x15, x0, 172        x15:00000001
14186487ns          247978 1c00881c 1c0007b7 lui              x15, 0x1c000000     x15=1c000000
14186507ns          247979 1c008820 12c7a783 lw               x15, 300(x15)       x15=c0c90fdb x15:1c000000  PA:1c00012c
14186825ns          247995 1c008824 a0f517d3 flt.s            x15, f10, f15       x15=00000000 f10:bdebe770 f15:c0c90fdb
14186845ns          247996 1c008828 00078463 beq              x15, x0, 8          x15:00000000
14186905ns          247999 1c008830 20a51553 fsgnjn.s         f10, f10, f10       f10=xxxxxxxx f10:bdebe770 f10:bdebe770
14186925ns          248000 1c008834 f6bff06f jal              x0, -150           
14186984ns          248003 1c00879e 1c0007b7 lui              x15, 0x1c000000     x15=1c000000
14187004ns          248004 1c0087a2 01c7a783 lw               x15, 28(x15)        x15=3fc90fdb x15:1c000000  PA:1c00001c
14187322ns          248020 1c0087a6 a0f517d3 flt.s            x15, f10, f15       x15=00000001 f10:3debe770 f15:3fc90fdb
14187342ns          248021 1c0087aa 02079563 bne              x15, x0, 42         x15:00000001
14187402ns          248024 1c0087d4 10a57553 fmul.s           f10, f10, f10       f10=xxxxxxxx f10:3debe770 f10:3debe770
14187422ns          248025 1c0087d8 1c0007b7 lui              x15, 0x1c000000     x15=1c000000
14187442ns          248026 1c0087dc 1c000737 lui              x14, 0x1c000000     x14=1c000000
14187462ns          248027 1c0087e0 13472703 lw               x14, 308(x14)       x14=bab59551 x14:1c000000  PA:1c000134
14187760ns          248042 1c0087e4 1307a783 lw               x15, 304(x15)       x15=37c23ab1 x15:1c000000  PA:1c000130
14188098ns          248059 1c0087e8 70f577c3 fmadd.s          f15, f10, f15, f14  f15=xxxxxxxx f10:3c5962b9 f15:37c23ab1 f14:bab59551
14188118ns          248060 1c0087ec 1c000737 lui              x14, 0x1c000000     x14=1c000000
14188138ns          248061 1c0087f0 13872703 lw               x14, 312(x14)       x14=3d2aa76f x14:1c000000  PA:1c000138
14188456ns          248077 1c0087f4 70f577c3 fmadd.s          f15, f10, f15, f14  f15=xxxxxxxx f10:3c5962b9 f15:bab58b02 f14:3d2aa76f
14188476ns          248078 1c0087f8 1c000737 lui              x14, 0x1c000000     x14=1c000000
14188496ns          248079 1c0087fc 13c72703 lw               x14, 316(x14)       x14=beffffe0 x14:1c000000  PA:1c00013c
14188814ns          248095 1c008800 70f577c3 fmadd.s          f15, f10, f15, f14  f15=xxxxxxxx f10:3c5962b9 f15:3d2a942a f14:beffffe0
14188834ns          248096 1c008804 1c000737 lui              x14, 0x1c000000     x14=1c000000
14188854ns          248097 1c008808 16872703 lw               x14, 360(x14)       x14=3f7fffff x14:1c000000  PA:1c000168
14189172ns          248113 1c00880c 70f57543 fmadd.s          f10, f10, f15, f14  f10=xxxxxxxx f10:3c5962b9 f15:beffb773 f14:3f7fffff
14189192ns          248114 1c008810 00008067 jalr             x0, x1, 0            x1:1c0081de
14189252ns          248117 1c0081de 016a7a53 fadd.s           f20, f20, f22       f20=xxxxxxxx f20:3fd7ce52 f22:3e533fc3
14189272ns          248118 1c0081e2 10acf553 fmul.s           f10, f25, f10       f10=xxxxxxxx f25:3f800000 f10:3f7e4db5
14189292ns          248119 1c0081e6 a14a97d3 flt.s            x15, f21, f20       x15=00000000 f21:40c90fdb f20:3ff2364a
14189312ns          248120 1c0081ea 00a4222b p.sw             x10, 4(x8!)          x8=10000eb0 x10:3f7e4db5  x8:10000eac  PA:10000eac
14189331ns          248121 1c0081ee 00078363 beq              x15, x0, 6          x15:00000000
14189391ns          248124 1c0081f4 ff7412e3 bne              x8, x23, -28         x8:10000eb0 x23:10000fc8
14189451ns          248127 1c0081d8 094c7553 fsub.s           f10, f24, f20       f10=xxxxxxxx f24:3fc90fdb f20:3ff2364a
14189471ns          248128 1c0081dc 57c000ef jal              x1, 1404             x1=1c0081de
14189510ns          248130 1c008758 a0a527d3 feq.s            x15, f10, f10       x15=00000001 f10:bea499bc f10:bea499bc
14189530ns          248131 1c00875c 0a078b63 beq              x15, x0, 182        x15:00000001
14189550ns          248132 1c00875e e00517d3 fclass.s         x15, f10            x15=00000002 f10:bea499bc
14189570ns          248133 1c008762 0817f793 andi             x15, x15, 129       x15=00000000 x15:00000002
14189590ns          248134 1c008766 0a079663 bne              x15, x0, 172        x15:00000000
14189610ns          248135 1c008768 00000793 addi             x15, x0, 0          x15=00000000
14189630ns          248136 1c00876c a0f517d3 flt.s            x15, f10, f15       x15=00000001 f10:bea499bc f15:00000000
14189650ns          248137 1c008770 0a079663 bne              x15, x0, 172        x15:00000001
14189709ns          248140 1c00881c 1c0007b7 lui              x15, 0x1c000000     x15=1c000000
14189729ns          248141 1c008820 12c7a783 lw               x15, 300(x15)       x15=c0c90fdb x15:1c000000  PA:1c00012c
14190048ns          248157 1c008824 a0f517d3 flt.s            x15, f10, f15       x15=00000000 f10:bea499bc f15:c0c90fdb
14190067ns          248158 1c008828 00078463 beq              x15, x0, 8          x15:00000000
14190127ns          248161 1c008830 20a51553 fsgnjn.s         f10, f10, f10       f10=xxxxxxxx f10:bea499bc f10:bea499bc
14190147ns          248162 1c008834 f6bff06f jal              x0, -150           
14190207ns          248165 1c00879e 1c0007b7 lui              x15, 0x1c000000     x15=1c000000
14190227ns          248166 1c0087a2 01c7a783 lw               x15, 28(x15)        x15=3fc90fdb x15:1c000000  PA:1c00001c
14190545ns          248182 1c0087a6 a0f517d3 flt.s            x15, f10, f15       x15=00000001 f10:3ea499bc f15:3fc90fdb
14190565ns          248183 1c0087aa 02079563 bne              x15, x0, 42         x15:00000001
14190624ns          248186 1c0087d4 10a57553 fmul.s           f10, f10, f10       f10=xxxxxxxx f10:3ea499bc f10:3ea499bc
14190644ns          248187 1c0087d8 1c0007b7 lui              x15, 0x1c000000     x15=1c000000
14190664ns          248188 1c0087dc 1c000737 lui              x14, 0x1c000000     x14=1c000000
14190684ns          248189 1c0087e0 13472703 lw               x14, 308(x14)       x14=bab59551 x14:1c000000  PA:1c000134
14190982ns          248204 1c0087e4 1307a783 lw               x15, 304(x15)       x15=37c23ab1 x15:1c000000  PA:1c000130
14191301ns          248220 1c0087e8 70f577c3 fmadd.s          f15, f10, f15, f14  f15=xxxxxxxx f10:3dd3aaaa f15:37c23ab1 f14:bab59551
14191321ns          248221 1c0087ec 1c000737 lui              x14, 0x1c000000     x14=1c000000
14191340ns          248222 1c0087f0 13872703 lw               x14, 312(x14)       x14=3d2aa76f x14:1c000000  PA:1c000138
14191659ns          248238 1c0087f4 70f577c3 fmadd.s          f15, f10, f15, f14  f15=xxxxxxxx f10:3dd3aaaa f15:bab54505 f14:3d2aa76f
14191679ns          248239 1c0087f8 1c000737 lui              x14, 0x1c000000     x14=1c000000
14191698ns          248240 1c0087fc 13c72703 lw               x14, 316(x14)       x14=beffffe0 x14:1c000000  PA:1c00013c
14192037ns          248257 1c008800 70f577c3 fmadd.s          f15, f10, f15, f14  f15=xxxxxxxx f10:3dd3aaaa f15:3d2a118e f14:beffffe0
14192056ns          248258 1c008804 1c000737 lui              x14, 0x1c000000     x14=1c000000
14192076ns          248259 1c008808 16872703 lw               x14, 360(x14)       x14=3f7fffff x14:1c000000  PA:1c000168
14192395ns          248275 1c00880c 70f57543 fmadd.s          f10, f10, f15, f14  f10=xxxxxxxx f10:3dd3aaaa f15:befdcd69 f14:3f7fffff
14192415ns          248276 1c008810 00008067 jalr             x0, x1, 0            x1:1c0081de
14192474ns          248279 1c0081de 016a7a53 fadd.s           f20, f20, f22       f20=xxxxxxxx f20:3ff2364a f22:3e533fc3
14192494ns          248280 1c0081e2 10acf553 fmul.s           f10, f25, f10       f10=xxxxxxxx f25:3f800000 f10:3f72e267
14192514ns          248281 1c0081e6 a14a97d3 flt.s            x15, f21, f20       x15=00000000 f21:40c90fdb f20:40064f21
14192534ns          248282 1c0081ea 00a4222b p.sw             x10, 4(x8!)          x8=10000eb4 x10:3f72e267  x8:10000eb0  PA:10000eb0
14192554ns          248283 1c0081ee 00078363 beq              x15, x0, 6          x15:00000000
14192613ns          248286 1c0081f4 ff7412e3 bne              x8, x23, -28         x8:10000eb4 x23:10000fc8
14192673ns          248289 1c0081d8 094c7553 fsub.s           f10, f24, f20       f10=xxxxxxxx f24:3fc90fdb f20:40064f21
14192693ns          248290 1c0081dc 57c000ef jal              x1, 1404             x1=1c0081de
14192733ns          248292 1c008758 a0a527d3 feq.s            x15, f10, f10       x15=00000001 f10:bf071cce f10:bf071cce
14192753ns          248293 1c00875c 0a078b63 beq              x15, x0, 182        x15:00000001
14192773ns          248294 1c00875e e00517d3 fclass.s         x15, f10            x15=00000002 f10:bf071cce
14192792ns          248295 1c008762 0817f793 andi             x15, x15, 129       x15=00000000 x15:00000002
14192812ns          248296 1c008766 0a079663 bne              x15, x0, 172        x15:00000000
14192832ns          248297 1c008768 00000793 addi             x15, x0, 0          x15=00000000
14192852ns          248298 1c00876c a0f517d3 flt.s            x15, f10, f15       x15=00000001 f10:bf071cce f15:00000000
14192872ns          248299 1c008770 0a079663 bne              x15, x0, 172        x15:00000001
14192932ns          248302 1c00881c 1c0007b7 lui              x15, 0x1c000000     x15=1c000000
14192952ns          248303 1c008820 12c7a783 lw               x15, 300(x15)       x15=c0c90fdb x15:1c000000  PA:1c00012c
14193290ns          248320 1c008824 a0f517d3 flt.s            x15, f10, f15       x15=00000000 f10:bf071cce f15:c0c90fdb
14193310ns          248321 1c008828 00078463 beq              x15, x0, 8          x15:00000000
14193369ns          248324 1c008830 20a51553 fsgnjn.s         f10, f10, f10       f10=xxxxxxxx f10:bf071cce f10:bf071cce
14193389ns          248325 1c008834 f6bff06f jal              x0, -150           
14193449ns          248328 1c00879e 1c0007b7 lui              x15, 0x1c000000     x15=1c000000
14193469ns          248329 1c0087a2 01c7a783 lw               x15, 28(x15)        x15=3fc90fdb x15:1c000000  PA:1c00001c
14193787ns          248345 1c0087a6 a0f517d3 flt.s            x15, f10, f15       x15=00000001 f10:3f071cce f15:3fc90fdb
14193807ns          248346 1c0087aa 02079563 bne              x15, x0, 42         x15:00000001
14193867ns          248349 1c0087d4 10a57553 fmul.s           f10, f10, f10       f10=xxxxxxxx f10:3f071cce f10:3f071cce
14193886ns          248350 1c0087d8 1c0007b7 lui              x15, 0x1c000000     x15=1c000000
14193906ns          248351 1c0087dc 1c000737 lui              x14, 0x1c000000     x14=1c000000
14193926ns          248352 1c0087e0 13472703 lw               x14, 308(x14)       x14=bab59551 x14:1c000000  PA:1c000134
14194225ns          248367 1c0087e4 1307a783 lw               x15, 304(x15)       x15=37c23ab1 x15:1c000000  PA:1c000130
14194543ns          248383 1c0087e8 70f577c3 fmadd.s          f15, f10, f15, f14  f15=xxxxxxxx f10:3e8e9ec9 f15:37c23ab1 f14:bab59551
14194563ns          248384 1c0087ec 1c000737 lui              x14, 0x1c000000     x14=1c000000
14194583ns          248385 1c0087f0 13872703 lw               x14, 312(x14)       x14=3d2aa76f x14:1c000000  PA:1c000138
14194921ns          248402 1c0087f4 70f577c3 fmadd.s          f15, f10, f15, f14  f15=xxxxxxxx f10:3e8e9ec9 f15:bab4bce7 f14:3d2aa76f
14194941ns          248403 1c0087f8 1c000737 lui              x14, 0x1c000000     x14=1c000000
14194961ns          248404 1c0087fc 13c72703 lw               x14, 316(x14)       x14=beffffe0 x14:1c000000  PA:1c00013c
14195279ns          248420 1c008800 70f577c3 fmadd.s          f15, f10, f15, f14  f15=xxxxxxxx f10:3e8e9ec9 f15:3d2914ab f14:beffffe0
14195299ns          248421 1c008804 1c000737 lui              x14, 0x1c000000     x14=1c000000
14195319ns          248422 1c008808 16872703 lw               x14, 360(x14)       x14=3f7fffff x14:1c000000  PA:1c000168
14195637ns          248438 1c00880c 70f57543 fmadd.s          f10, f10, f15, f14  f10=xxxxxxxx f10:3e8e9ec9 f15:befa1cbb f14:3f7fffff
14195657ns          248439 1c008810 00008067 jalr             x0, x1, 0            x1:1c0081de
14195716ns          248442 1c0081de 016a7a53 fadd.s           f20, f20, f22       f20=xxxxxxxx f20:40064f21 f22:3e533fc3
14195736ns          248443 1c0081e2 10acf553 fmul.s           f10, f25, f10       f10=xxxxxxxx f25:3f800000 f10:3f5d2a3b
14195756ns          248444 1c0081e6 a14a97d3 flt.s            x15, f21, f20       x15=00000000 f21:40c90fdb f20:4013831d
14195776ns          248445 1c0081ea 00a4222b p.sw             x10, 4(x8!)          x8=10000eb8 x10:3f5d2a3b  x8:10000eb4  PA:10000eb4
14195796ns          248446 1c0081ee 00078363 beq              x15, x0, 6          x15:00000000
14195856ns          248449 1c0081f4 ff7412e3 bne              x8, x23, -28         x8:10000eb8 x23:10000fc8
14195915ns          248452 1c0081d8 094c7553 fsub.s           f10, f24, f20       f10=xxxxxxxx f24:3fc90fdb f20:4013831d
14195935ns          248453 1c0081dc 57c000ef jal              x1, 1404             x1=1c0081de
14195975ns          248455 1c008758 a0a527d3 feq.s            x15, f10, f10       x15=00000001 f10:bf3becbe f10:bf3becbe
14195995ns          248456 1c00875c 0a078b63 beq              x15, x0, 182        x15:00000001
14196015ns          248457 1c00875e e00517d3 fclass.s         x15, f10            x15=00000002 f10:bf3becbe
14196035ns          248458 1c008762 0817f793 andi             x15, x15, 129       x15=00000000 x15:00000002
14196055ns          248459 1c008766 0a079663 bne              x15, x0, 172        x15:00000000
14196074ns          248460 1c008768 00000793 addi             x15, x0, 0          x15=00000000
14196094ns          248461 1c00876c a0f517d3 flt.s            x15, f10, f15       x15=00000001 f10:bf3becbe f15:00000000
14196114ns          248462 1c008770 0a079663 bne              x15, x0, 172        x15:00000001
14196174ns          248465 1c00881c 1c0007b7 lui              x15, 0x1c000000     x15=1c000000
14196194ns          248466 1c008820 12c7a783 lw               x15, 300(x15)       x15=c0c90fdb x15:1c000000  PA:1c00012c
14196512ns          248482 1c008824 a0f517d3 flt.s            x15, f10, f15       x15=00000000 f10:bf3becbe f15:c0c90fdb
14196532ns          248483 1c008828 00078463 beq              x15, x0, 8          x15:00000000
14196592ns          248486 1c008830 20a51553 fsgnjn.s         f10, f10, f10       f10=xxxxxxxx f10:bf3becbe f10:bf3becbe
14196611ns          248487 1c008834 f6bff06f jal              x0, -150           
14196671ns          248490 1c00879e 1c0007b7 lui              x15, 0x1c000000     x15=1c000000
14196691ns          248491 1c0087a2 01c7a783 lw               x15, 28(x15)        x15=3fc90fdb x15:1c000000  PA:1c00001c
14197009ns          248507 1c0087a6 a0f517d3 flt.s            x15, f10, f15       x15=00000001 f10:3f3becbe f15:3fc90fdb
14197029ns          248508 1c0087aa 02079563 bne              x15, x0, 42         x15:00000001
14197089ns          248511 1c0087d4 10a57553 fmul.s           f10, f10, f10       f10=xxxxxxxx f10:3f3becbe f10:3f3becbe
14197109ns          248512 1c0087d8 1c0007b7 lui              x15, 0x1c000000     x15=1c000000
14197129ns          248513 1c0087dc 1c000737 lui              x14, 0x1c000000     x14=1c000000
14197149ns          248514 1c0087e0 13472703 lw               x14, 308(x14)       x14=bab59551 x14:1c000000  PA:1c000134
14197447ns          248529 1c0087e4 1307a783 lw               x15, 304(x15)       x15=37c23ab1 x15:1c000000  PA:1c000130
14197765ns          248545 1c0087e8 70f577c3 fmadd.s          f15, f10, f15, f14  f15=xxxxxxxx f10:3f09f3b9 f15:37c23ab1 f14:bab59551
14197785ns          248546 1c0087ec 1c000737 lui              x14, 0x1c000000     x14=1c000000
14197805ns          248547 1c0087f0 13872703 lw               x14, 312(x14)       x14=3d2aa76f x14:1c000000  PA:1c000138
14198123ns          248563 1c0087f4 70f577c3 fmadd.s          f15, f10, f15, f14  f15=xxxxxxxx f10:3f09f3b9 f15:bab3f2a8 f14:3d2aa76f
14198143ns          248564 1c0087f8 1c000737 lui              x14, 0x1c000000     x14=1c000000
14198163ns          248565 1c0087fc 13c72703 lw               x14, 316(x14)       x14=beffffe0 x14:1c000000  PA:1c00013c
14198541ns          248584 1c008800 70f577c3 fmadd.s          f15, f10, f15, f14  f15=xxxxxxxx f10:3f09f3b9 f15:3d279fae f14:beffffe0
14198561ns          248585 1c008804 1c000737 lui              x14, 0x1c000000     x14=1c000000
14198581ns          248586 1c008808 16872703 lw               x14, 360(x14)       x14=3f7fffff x14:1c000000  PA:1c000168
14198899ns          248602 1c00880c 70f57543 fmadd.s          f10, f10, f15, f14  f10=xxxxxxxx f10:3f09f3b9 f15:bef4b55f f14:3f7fffff
14198919ns          248603 1c008810 00008067 jalr             x0, x1, 0            x1:1c0081de
14198978ns          248606 1c0081de 016a7a53 fadd.s           f20, f20, f22       f20=xxxxxxxx f20:4013831d f22:3e533fc3
14198998ns          248607 1c0081e2 10acf553 fmul.s           f10, f25, f10       f10=xxxxxxxx f25:3f800000 f10:3f3e10fb
14199018ns          248608 1c0081e6 a14a97d3 flt.s            x15, f21, f20       x15=00000000 f21:40c90fdb f20:4020b719
14199038ns          248609 1c0081ea 00a4222b p.sw             x10, 4(x8!)          x8=10000ebc x10:3f3e10fb  x8:10000eb8  PA:10000eb8
14199058ns          248610 1c0081ee 00078363 beq              x15, x0, 6          x15:00000000
14199118ns          248613 1c0081f4 ff7412e3 bne              x8, x23, -28         x8:10000ebc x23:10000fc8
14199177ns          248616 1c0081d8 094c7553 fsub.s           f10, f24, f20       f10=xxxxxxxx f24:3fc90fdb f20:4020b719
14199197ns          248617 1c0081dc 57c000ef jal              x1, 1404             x1=1c0081de
14199237ns          248619 1c008758 a0a527d3 feq.s            x15, f10, f10       x15=00000001 f10:bf70bcae f10:bf70bcae
14199257ns          248620 1c00875c 0a078b63 beq              x15, x0, 182        x15:00000001
14199277ns          248621 1c00875e e00517d3 fclass.s         x15, f10            x15=00000002 f10:bf70bcae
14199297ns          248622 1c008762 0817f793 andi             x15, x15, 129       x15=00000000 x15:00000002
14199317ns          248623 1c008766 0a079663 bne              x15, x0, 172        x15:00000000
14199336ns          248624 1c008768 00000793 addi             x15, x0, 0          x15=00000000
14199356ns          248625 1c00876c a0f517d3 flt.s            x15, f10, f15       x15=00000001 f10:bf70bcae f15:00000000
14199376ns          248626 1c008770 0a079663 bne              x15, x0, 172        x15:00000001
14199436ns          248629 1c00881c 1c0007b7 lui              x15, 0x1c000000     x15=1c000000
14199456ns          248630 1c008820 12c7a783 lw               x15, 300(x15)       x15=c0c90fdb x15:1c000000  PA:1c00012c
14199774ns          248646 1c008824 a0f517d3 flt.s            x15, f10, f15       x15=00000000 f10:bf70bcae f15:c0c90fdb
14199794ns          248647 1c008828 00078463 beq              x15, x0, 8          x15:00000000
14199854ns          248650 1c008830 20a51553 fsgnjn.s         f10, f10, f10       f10=xxxxxxxx f10:bf70bcae f10:bf70bcae
14199874ns          248651 1c008834 f6bff06f jal              x0, -150           
14199933ns          248654 1c00879e 1c0007b7 lui              x15, 0x1c000000     x15=1c000000
14199953ns          248655 1c0087a2 01c7a783 lw               x15, 28(x15)        x15=3fc90fdb x15:1c000000  PA:1c00001c
14200291ns          248672 1c0087a6 a0f517d3 flt.s            x15, f10, f15       x15=00000001 f10:3f70bcae f15:3fc90fdb
14200311ns          248673 1c0087aa 02079563 bne              x15, x0, 42         x15:00000001
14200371ns          248676 1c0087d4 10a57553 fmul.s           f10, f10, f10       f10=xxxxxxxx f10:3f70bcae f10:3f70bcae
14200391ns          248677 1c0087d8 1c0007b7 lui              x15, 0x1c000000     x15=1c000000
14200411ns          248678 1c0087dc 1c000737 lui              x14, 0x1c000000     x14=1c000000
14200430ns          248679 1c0087e0 13472703 lw               x14, 308(x14)       x14=bab59551 x14:1c000000  PA:1c000134
14200729ns          248694 1c0087e4 1307a783 lw               x15, 304(x15)       x15=37c23ab1 x15:1c000000  PA:1c000130
14201047ns          248710 1c0087e8 70f577c3 fmadd.s          f15, f10, f15, f14  f15=xxxxxxxx f10:3f626251 f15:37c23ab1 f14:bab59551
14201067ns          248711 1c0087ec 1c000737 lui              x14, 0x1c000000     x14=1c000000
14201087ns          248712 1c0087f0 13872703 lw               x14, 312(x14)       x14=3d2aa76f x14:1c000000  PA:1c000138
14201405ns          248728 1c0087f4 70f577c3 fmadd.s          f15, f10, f15, f14  f15=xxxxxxxx f10:3f626251 f15:bab2e647 f14:3d2aa76f
14201425ns          248729 1c0087f8 1c000737 lui              x14, 0x1c000000     x14=1c000000
14201445ns          248730 1c0087fc 13c72703 lw               x14, 316(x14)       x14=beffffe0 x14:1c000000  PA:1c00013c
14201783ns          248747 1c008800 70f577c3 fmadd.s          f15, f10, f15, f14  f15=xxxxxxxx f10:3f626251 f15:3d25b5cf f14:beffffe0
14201803ns          248748 1c008804 1c000737 lui              x14, 0x1c000000     x14=1c000000
14201823ns          248749 1c008808 16872703 lw               x14, 360(x14)       x14=3f7fffff x14:1c000000  PA:1c000168
14202141ns          248765 1c00880c 70f57543 fmadd.s          f10, f10, f15, f14  f10=xxxxxxxx f10:3f626251 f15:beedae9b f14:3f7fffff
14202161ns          248766 1c008810 00008067 jalr             x0, x1, 0            x1:1c0081de
14202221ns          248769 1c0081de 016a7a53 fadd.s           f20, f20, f22       f20=xxxxxxxx f20:4020b719 f22:3e533fc3
14202241ns          248770 1c0081e2 10acf553 fmul.s           f10, f25, f10       f10=xxxxxxxx f25:3f800000 f10:3f16e849
14202260ns          248771 1c0081e6 a14a97d3 flt.s            x15, f21, f20       x15=00000000 f21:40c90fdb f20:402deb15
14202280ns          248772 1c0081ea 00a4222b p.sw             x10, 4(x8!)          x8=10000ec0 x10:3f16e849  x8:10000ebc  PA:10000ebc
14202300ns          248773 1c0081ee 00078363 beq              x15, x0, 6          x15:00000000
14202360ns          248776 1c0081f4 ff7412e3 bne              x8, x23, -28         x8:10000ec0 x23:10000fc8
14202420ns          248779 1c0081d8 094c7553 fsub.s           f10, f24, f20       f10=xxxxxxxx f24:3fc90fdb f20:402deb15
14202439ns          248780 1c0081dc 57c000ef jal              x1, 1404             x1=1c0081de
14202479ns          248782 1c008758 a0a527d3 feq.s            x15, f10, f10       x15=00000001 f10:bf92c64f f10:bf92c64f
14202499ns          248783 1c00875c 0a078b63 beq              x15, x0, 182        x15:00000001
14202519ns          248784 1c00875e e00517d3 fclass.s         x15, f10            x15=00000002 f10:bf92c64f
14202539ns          248785 1c008762 0817f793 andi             x15, x15, 129       x15=00000000 x15:00000002
14202559ns          248786 1c008766 0a079663 bne              x15, x0, 172        x15:00000000
14202579ns          248787 1c008768 00000793 addi             x15, x0, 0          x15=00000000
14202599ns          248788 1c00876c a0f517d3 flt.s            x15, f10, f15       x15=00000001 f10:bf92c64f f15:00000000
14202618ns          248789 1c008770 0a079663 bne              x15, x0, 172        x15:00000001
14202678ns          248792 1c00881c 1c0007b7 lui              x15, 0x1c000000     x15=1c000000
14202698ns          248793 1c008820 12c7a783 lw               x15, 300(x15)       x15=c0c90fdb x15:1c000000  PA:1c00012c
14203036ns          248810 1c008824 a0f517d3 flt.s            x15, f10, f15       x15=00000000 f10:bf92c64f f15:c0c90fdb
14203056ns          248811 1c008828 00078463 beq              x15, x0, 8          x15:00000000
14203116ns          248814 1c008830 20a51553 fsgnjn.s         f10, f10, f10       f10=xxxxxxxx f10:bf92c64f f10:bf92c64f
14203136ns          248815 1c008834 f6bff06f jal              x0, -150           
14203195ns          248818 1c00879e 1c0007b7 lui              x15, 0x1c000000     x15=1c000000
14203215ns          248819 1c0087a2 01c7a783 lw               x15, 28(x15)        x15=3fc90fdb x15:1c000000  PA:1c00001c
14203533ns          248835 1c0087a6 a0f517d3 flt.s            x15, f10, f15       x15=00000001 f10:3f92c64f f15:3fc90fdb
14203553ns          248836 1c0087aa 02079563 bne              x15, x0, 42         x15:00000001
14203613ns          248839 1c0087d4 10a57553 fmul.s           f10, f10, f10       f10=xxxxxxxx f10:3f92c64f f10:3f92c64f
14203633ns          248840 1c0087d8 1c0007b7 lui              x15, 0x1c000000     x15=1c000000
14203653ns          248841 1c0087dc 1c000737 lui              x14, 0x1c000000     x14=1c000000
14203673ns          248842 1c0087e0 13472703 lw               x14, 308(x14)       x14=bab59551 x14:1c000000  PA:1c000134
14203991ns          248858 1c0087e4 1307a783 lw               x15, 304(x15)       x15=37c23ab1 x15:1c000000  PA:1c000130
14204309ns          248874 1c0087e8 70f577c3 fmadd.s          f15, f10, f15, f14  f15=xxxxxxxx f10:3fa84d97 f15:37c23ab1 f14:bab59551
14204329ns          248875 1c0087ec 1c000737 lui              x14, 0x1c000000     x14=1c000000
14204349ns          248876 1c0087f0 13872703 lw               x14, 312(x14)       x14=3d2aa76f x14:1c000000  PA:1c000138
14204667ns          248892 1c0087f4 70f577c3 fmadd.s          f15, f10, f15, f14  f15=xxxxxxxx f10:3fa84d97 f15:bab197c6 f14:3d2aa76f
14204687ns          248893 1c0087f8 1c000737 lui              x14, 0x1c000000     x14=1c000000
14204707ns          248894 1c0087fc 13c72703 lw               x14, 316(x14)       x14=beffffe0 x14:1c000000  PA:1c00013c
14205045ns          248911 1c008800 70f577c3 fmadd.s          f15, f10, f15, f14  f15=xxxxxxxx f10:3fa84d97 f15:3d235b58 f14:beffffe0
14205065ns          248912 1c008804 1c000737 lui              x14, 0x1c000000     x14=1c000000
14205085ns          248913 1c008808 16872703 lw               x14, 360(x14)       x14=3f7fffff x14:1c000000  PA:1c000168
14205403ns          248929 1c00880c 70f57543 fmadd.s          f10, f10, f15, f14  f10=xxxxxxxx f10:3fa84d97 f15:bee52683 f14:3f7fffff
14205423ns          248930 1c008810 00008067 jalr             x0, x1, 0            x1:1c0081de
14205483ns          248933 1c0081de 016a7a53 fadd.s           f20, f20, f22       f20=xxxxxxxx f20:402deb15 f22:3e533fc3
14205503ns          248934 1c0081e2 10acf553 fmul.s           f10, f25, f10       f10=xxxxxxxx f25:3f800000 f10:3ed2b28b
14205523ns          248935 1c0081e6 a14a97d3 flt.s            x15, f21, f20       x15=00000000 f21:40c90fdb f20:403b1f11
14205542ns          248936 1c0081ea 00a4222b p.sw             x10, 4(x8!)          x8=10000ec4 x10:3ed2b28b  x8:10000ec0  PA:10000ec0
14205562ns          248937 1c0081ee 00078363 beq              x15, x0, 6          x15:00000000
14205622ns          248940 1c0081f4 ff7412e3 bne              x8, x23, -28         x8:10000ec4 x23:10000fc8
14205682ns          248943 1c0081d8 094c7553 fsub.s           f10, f24, f20       f10=xxxxxxxx f24:3fc90fdb f20:403b1f11
14205702ns          248944 1c0081dc 57c000ef jal              x1, 1404             x1=1c0081de
14205741ns          248946 1c008758 a0a527d3 feq.s            x15, f10, f10       x15=00000001 f10:bfad2e47 f10:bfad2e47
14205761ns          248947 1c00875c 0a078b63 beq              x15, x0, 182        x15:00000001
14205781ns          248948 1c00875e e00517d3 fclass.s         x15, f10            x15=00000002 f10:bfad2e47
14205801ns          248949 1c008762 0817f793 andi             x15, x15, 129       x15=00000000 x15:00000002
14205821ns          248950 1c008766 0a079663 bne              x15, x0, 172        x15:00000000
14205841ns          248951 1c008768 00000793 addi             x15, x0, 0          x15=00000000
14205861ns          248952 1c00876c a0f517d3 flt.s            x15, f10, f15       x15=00000001 f10:bfad2e47 f15:00000000
14205881ns          248953 1c008770 0a079663 bne              x15, x0, 172        x15:00000001
14205940ns          248956 1c00881c 1c0007b7 lui              x15, 0x1c000000     x15=1c000000
14205960ns          248957 1c008820 12c7a783 lw               x15, 300(x15)       x15=c0c90fdb x15:1c000000  PA:1c00012c
14206278ns          248973 1c008824 a0f517d3 flt.s            x15, f10, f15       x15=00000000 f10:bfad2e47 f15:c0c90fdb
14206298ns          248974 1c008828 00078463 beq              x15, x0, 8          x15:00000000
14206358ns          248977 1c008830 20a51553 fsgnjn.s         f10, f10, f10       f10=xxxxxxxx f10:bfad2e47 f10:bfad2e47
14206378ns          248978 1c008834 f6bff06f jal              x0, -150           
14206437ns          248981 1c00879e 1c0007b7 lui              x15, 0x1c000000     x15=1c000000
14206457ns          248982 1c0087a2 01c7a783 lw               x15, 28(x15)        x15=3fc90fdb x15:1c000000  PA:1c00001c
14206815ns          249000 1c0087a6 a0f517d3 flt.s            x15, f10, f15       x15=00000001 f10:3fad2e47 f15:3fc90fdb
14206835ns          249001 1c0087aa 02079563 bne              x15, x0, 42         x15:00000001
14206895ns          249004 1c0087d4 10a57553 fmul.s           f10, f10, f10       f10=xxxxxxxx f10:3fad2e47 f10:3fad2e47
14206915ns          249005 1c0087d8 1c0007b7 lui              x15, 0x1c000000     x15=1c000000
14206935ns          249006 1c0087dc 1c000737 lui              x14, 0x1c000000     x14=1c000000
14206955ns          249007 1c0087e0 13472703 lw               x14, 308(x14)       x14=bab59551 x14:1c000000  PA:1c000134
14207253ns          249022 1c0087e4 1307a783 lw               x15, 304(x15)       x15=37c23ab1 x15:1c000000  PA:1c000130
14207571ns          249038 1c0087e8 70f577c3 fmadd.s          f15, f10, f15, f14  f15=xxxxxxxx f10:3fea4f29 f15:37c23ab1 f14:bab59551
14207591ns          249039 1c0087ec 1c000737 lui              x14, 0x1c000000     x14=1c000000
14207611ns          249040 1c0087f0 13872703 lw               x14, 312(x14)       x14=3d2aa76f x14:1c000000  PA:1c000138
14207949ns          249057 1c0087f4 70f577c3 fmadd.s          f15, f10, f15, f14  f15=xxxxxxxx f10:3fea4f29 f15:bab00723 f14:3d2aa76f
14207969ns          249058 1c0087f8 1c000737 lui              x14, 0x1c000000     x14=1c000000
14207989ns          249059 1c0087fc 13c72703 lw               x14, 316(x14)       x14=beffffe0 x14:1c000000  PA:1c00013c
14208307ns          249075 1c008800 70f577c3 fmadd.s          f15, f10, f15, f14  f15=xxxxxxxx f10:3fea4f29 f15:3d2095a0 f14:beffffe0
14208327ns          249076 1c008804 1c000737 lui              x14, 0x1c000000     x14=1c000000
14208347ns          249077 1c008808 16872703 lw               x14, 360(x14)       x14=3f7fffff x14:1c000000  PA:1c000168
14208665ns          249093 1c00880c 70f57543 fmadd.s          f10, f10, f15, f14  f10=xxxxxxxx f10:3fea4f29 f15:bedb4145 f14:3f7fffff
14208685ns          249094 1c008810 00008067 jalr             x0, x1, 0            x1:1c0081de
14208745ns          249097 1c0081de 016a7a53 fadd.s           f20, f20, f22       f20=xxxxxxxx f20:403b1f11 f22:3e533fc3
14208765ns          249098 1c0081e2 10acf553 fmul.s           f10, f25, f10       f10=xxxxxxxx f25:3f800000 f10:3e5d4a27
14208785ns          249099 1c0081e6 a14a97d3 flt.s            x15, f21, f20       x15=00000000 f21:40c90fdb f20:4048530d
14208804ns          249100 1c0081ea 00a4222b p.sw             x10, 4(x8!)          x8=10000ec8 x10:3e5d4a27  x8:10000ec4  PA:10000ec4
14208824ns          249101 1c0081ee 00078363 beq              x15, x0, 6          x15:00000000
14208884ns          249104 1c0081f4 ff7412e3 bne              x8, x23, -28         x8:10000ec8 x23:10000fc8
14208944ns          249107 1c0081d8 094c7553 fsub.s           f10, f24, f20       f10=xxxxxxxx f24:3fc90fdb f20:4048530d
14208964ns          249108 1c0081dc 57c000ef jal              x1, 1404             x1=1c0081de
14209003ns          249110 1c008758 a0a527d3 feq.s            x15, f10, f10       x15=00000001 f10:bfc7963f f10:bfc7963f
14209023ns          249111 1c00875c 0a078b63 beq              x15, x0, 182        x15:00000001
14209043ns          249112 1c00875e e00517d3 fclass.s         x15, f10            x15=00000002 f10:bfc7963f
14209063ns          249113 1c008762 0817f793 andi             x15, x15, 129       x15=00000000 x15:00000002
14209083ns          249114 1c008766 0a079663 bne              x15, x0, 172        x15:00000000
14209103ns          249115 1c008768 00000793 addi             x15, x0, 0          x15=00000000
14209123ns          249116 1c00876c a0f517d3 flt.s            x15, f10, f15       x15=00000001 f10:bfc7963f f15:00000000
14209143ns          249117 1c008770 0a079663 bne              x15, x0, 172        x15:00000001
14209202ns          249120 1c00881c 1c0007b7 lui              x15, 0x1c000000     x15=1c000000
14209222ns          249121 1c008820 12c7a783 lw               x15, 300(x15)       x15=c0c90fdb x15:1c000000  PA:1c00012c
14209540ns          249137 1c008824 a0f517d3 flt.s            x15, f10, f15       x15=00000000 f10:bfc7963f f15:c0c90fdb
14209560ns          249138 1c008828 00078463 beq              x15, x0, 8          x15:00000000
14209620ns          249141 1c008830 20a51553 fsgnjn.s         f10, f10, f10       f10=xxxxxxxx f10:bfc7963f f10:bfc7963f
14209640ns          249142 1c008834 f6bff06f jal              x0, -150           
14209700ns          249145 1c00879e 1c0007b7 lui              x15, 0x1c000000     x15=1c000000
14209719ns          249146 1c0087a2 01c7a783 lw               x15, 28(x15)        x15=3fc90fdb x15:1c000000  PA:1c00001c
14210038ns          249162 1c0087a6 a0f517d3 flt.s            x15, f10, f15       x15=00000001 f10:3fc7963f f15:3fc90fdb
14210058ns          249163 1c0087aa 02079563 bne              x15, x0, 42         x15:00000001
14210117ns          249166 1c0087d4 10a57553 fmul.s           f10, f10, f10       f10=xxxxxxxx f10:3fc7963f f10:3fc7963f
14210137ns          249167 1c0087d8 1c0007b7 lui              x15, 0x1c000000     x15=1c000000
14210157ns          249168 1c0087dc 1c000737 lui              x14, 0x1c000000     x14=1c000000
14210177ns          249169 1c0087e0 13472703 lw               x14, 308(x14)       x14=bab59551 x14:1c000000  PA:1c000134
14210475ns          249184 1c0087e4 1307a783 lw               x15, 304(x15)       x15=37c23ab1 x15:1c000000  PA:1c000130
14210813ns          249201 1c0087e8 70f577c3 fmadd.s          f15, f10, f15, f14  f15=xxxxxxxx f10:401b9aee f15:37c23ab1 f14:bab59551
14210833ns          249202 1c0087ec 1c000737 lui              x14, 0x1c000000     x14=1c000000
14210853ns          249203 1c0087f0 13872703 lw               x14, 312(x14)       x14=3d2aa76f x14:1c000000  PA:1c000138
14211171ns          249219 1c0087f4 70f577c3 fmadd.s          f15, f10, f15, f14  f15=xxxxxxxx f10:401b9aee f15:baae3460 f14:3d2aa76f
14211191ns          249220 1c0087f8 1c000737 lui              x14, 0x1c000000     x14=1c000000
14211211ns          249221 1c0087fc 13c72703 lw               x14, 316(x14)       x14=beffffe0 x14:1c000000  PA:1c00013c
14211530ns          249237 1c008800 70f577c3 fmadd.s          f15, f10, f15, f14  f15=xxxxxxxx f10:401b9aee f15:3d1d6b0b f14:beffffe0
14211549ns          249238 1c008804 1c000737 lui              x14, 0x1c000000     x14=1c000000
14211569ns          249239 1c008808 16872703 lw               x14, 360(x14)       x14=3f7fffff x14:1c000000  PA:1c000168
14211927ns          249257 1c00880c 70f57543 fmadd.s          f10, f10, f15, f14  f10=xxxxxxxx f10:401b9aee f15:bed02856 f14:3f7fffff
14211947ns          249258 1c008810 00008067 jalr             x0, x1, 0            x1:1c0081de
14212007ns          249261 1c0081de 016a7a53 fadd.s           f20, f20, f22       f20=xxxxxxxx f20:4048530d f22:3e533fc3
14212027ns          249262 1c0081e2 10acf553 fmul.s           f10, f25, f10       f10=xxxxxxxx f25:3f800000 f10:3c3cccd2
14212047ns          249263 1c0081e6 a14a97d3 flt.s            x15, f21, f20       x15=00000000 f21:40c90fdb f20:40558709
14212067ns          249264 1c0081ea 00a4222b p.sw             x10, 4(x8!)          x8=10000ecc x10:3c3cccd2  x8:10000ec8  PA:10000ec8
14212086ns          249265 1c0081ee 00078363 beq              x15, x0, 6          x15:00000000
14212146ns          249268 1c0081f4 ff7412e3 bne              x8, x23, -28         x8:10000ecc x23:10000fc8
14212206ns          249271 1c0081d8 094c7553 fsub.s           f10, f24, f20       f10=xxxxxxxx f24:3fc90fdb f20:40558709
14212226ns          249272 1c0081dc 57c000ef jal              x1, 1404             x1=1c0081de
14212265ns          249274 1c008758 a0a527d3 feq.s            x15, f10, f10       x15=00000001 f10:bfe1fe37 f10:bfe1fe37
14212285ns          249275 1c00875c 0a078b63 beq              x15, x0, 182        x15:00000001
14212305ns          249276 1c00875e e00517d3 fclass.s         x15, f10            x15=00000002 f10:bfe1fe37
14212325ns          249277 1c008762 0817f793 andi             x15, x15, 129       x15=00000000 x15:00000002
14212345ns          249278 1c008766 0a079663 bne              x15, x0, 172        x15:00000000
14212365ns          249279 1c008768 00000793 addi             x15, x0, 0          x15=00000000
14212385ns          249280 1c00876c a0f517d3 flt.s            x15, f10, f15       x15=00000001 f10:bfe1fe37 f15:00000000
14212405ns          249281 1c008770 0a079663 bne              x15, x0, 172        x15:00000001
14212464ns          249284 1c00881c 1c0007b7 lui              x15, 0x1c000000     x15=1c000000
14212484ns          249285 1c008820 12c7a783 lw               x15, 300(x15)       x15=c0c90fdb x15:1c000000  PA:1c00012c
14212803ns          249301 1c008824 a0f517d3 flt.s            x15, f10, f15       x15=00000000 f10:bfe1fe37 f15:c0c90fdb
14212822ns          249302 1c008828 00078463 beq              x15, x0, 8          x15:00000000
14212882ns          249305 1c008830 20a51553 fsgnjn.s         f10, f10, f10       f10=xxxxxxxx f10:bfe1fe37 f10:bfe1fe37
14212902ns          249306 1c008834 f6bff06f jal              x0, -150           
14212962ns          249309 1c00879e 1c0007b7 lui              x15, 0x1c000000     x15=1c000000
14212982ns          249310 1c0087a2 01c7a783 lw               x15, 28(x15)        x15=3fc90fdb x15:1c000000  PA:1c00001c
14213359ns          249329 1c0087a6 a0f517d3 flt.s            x15, f10, f15       x15=00000000 f10:3fe1fe37 f15:3fc90fdb
14213379ns          249330 1c0087aa 02079563 bne              x15, x0, 42         x15:00000000
14213399ns          249331 1c0087ac 1c0007b7 lui              x15, 0x1c000000     x15=1c000000
14213419ns          249332 1c0087b0 1007a783 lw               x15, 256(x15)       x15=40490fdb x15:1c000000  PA:1c000100
14213757ns          249349 1c0087b4 a0f51753 flt.s            x14, f10, f15       x14=00000001 f10:3fe1fe37 f15:40490fdb
14213777ns          249350 1c0087b8 06071f63 bne              x14, x0, 126        x14:00000001
14213857ns          249354 1c008836 08a7f553 fsub.s           f10, f15, f10       f10=xxxxxxxx f15:40490fdb f10:3fe1fe37
14213877ns          249355 1c00883a 10a57553 fmul.s           f10, f10, f10       f10=xxxxxxxx f10:3fb0217f f10:3fb0217f
14213897ns          249356 1c00883e 1c0007b7 lui              x15, 0x1c000000     x15=1c000000
14213916ns          249357 1c008842 1c000737 lui              x14, 0x1c000000     x14=1c000000
14213936ns          249358 1c008846 13472703 lw               x14, 308(x14)       x14=bab59551 x14:1c000000  PA:1c000134
14214235ns          249373 1c00884a 1307a783 lw               x15, 304(x15)       x15=37c23ab1 x15:1c000000  PA:1c000130
14214553ns          249389 1c00884e 70f577c3 fmadd.s          f15, f10, f15, f14  f15=xxxxxxxx f10:3ff25c26 f15:37c23ab1 f14:bab59551
14214573ns          249390 1c008852 1c000737 lui              x14, 0x1c000000     x14=1c000000
14214593ns          249391 1c008856 13872703 lw               x14, 312(x14)       x14=3d2aa76f x14:1c000000  PA:1c000138
14214911ns          249407 1c00885a 70f577c3 fmadd.s          f15, f10, f15, f14  f15=xxxxxxxx f10:3ff25c26 f15:baafd646 f14:3d2aa76f
14214931ns          249408 1c00885e 1c000737 lui              x14, 0x1c000000     x14=1c000000
14214951ns          249409 1c008862 13c72703 lw               x14, 316(x14)       x14=beffffe0 x14:1c000000  PA:1c00013c
14215269ns          249425 1c008866 70f577c3 fmadd.s          f15, f10, f15, f14  f15=xxxxxxxx f10:3ff25c26 f15:3d203ff1 f14:beffffe0
14215289ns          249426 1c00886a 1c000737 lui              x14, 0x1c000000     x14=1c000000
14215309ns          249427 1c00886e 16872703 lw               x14, 360(x14)       x14=3f7fffff x14:1c000000  PA:1c000168
14215627ns          249443 1c008872 70f57543 fmadd.s          f10, f10, f15, f14  f10=xxxxxxxx f10:3ff25c26 f15:beda1258 f14:3f7fffff
14215647ns          249444 1c008876 20a51553 fsgnjn.s         f10, f10, f10       f10=xxxxxxxx f10:3e4630a3 f10:3e4630a3
14215667ns          249445 1c00887a 00008067 jalr             x0, x1, 0            x1:1c0081de
14215726ns          249448 1c0081de 016a7a53 fadd.s           f20, f20, f22       f20=xxxxxxxx f20:40558709 f22:3e533fc3
14215746ns          249449 1c0081e2 10acf553 fmul.s           f10, f25, f10       f10=xxxxxxxx f25:3f800000 f10:be4630a3
14215766ns          249450 1c0081e6 a14a97d3 flt.s            x15, f21, f20       x15=00000000 f21:40c90fdb f20:4062bb05
14215786ns          249451 1c0081ea 00a4222b p.sw             x10, 4(x8!)          x8=10000ed0 x10:be4630a3  x8:10000ecc  PA:10000ecc
14215806ns          249452 1c0081ee 00078363 beq              x15, x0, 6          x15:00000000
14215866ns          249455 1c0081f4 ff7412e3 bne              x8, x23, -28         x8:10000ed0 x23:10000fc8
14215925ns          249458 1c0081d8 094c7553 fsub.s           f10, f24, f20       f10=xxxxxxxx f24:3fc90fdb f20:4062bb05
14215945ns          249459 1c0081dc 57c000ef jal              x1, 1404             x1=1c0081de
14215985ns          249461 1c008758 a0a527d3 feq.s            x15, f10, f10       x15=00000001 f10:bffc662f f10:bffc662f
14216005ns          249462 1c00875c 0a078b63 beq              x15, x0, 182        x15:00000001
14216025ns          249463 1c00875e e00517d3 fclass.s         x15, f10            x15=00000002 f10:bffc662f
14216045ns          249464 1c008762 0817f793 andi             x15, x15, 129       x15=00000000 x15:00000002
14216065ns          249465 1c008766 0a079663 bne              x15, x0, 172        x15:00000000
14216085ns          249466 1c008768 00000793 addi             x15, x0, 0          x15=00000000
14216104ns          249467 1c00876c a0f517d3 flt.s            x15, f10, f15       x15=00000001 f10:bffc662f f15:00000000
14216124ns          249468 1c008770 0a079663 bne              x15, x0, 172        x15:00000001
14216184ns          249471 1c00881c 1c0007b7 lui              x15, 0x1c000000     x15=1c000000
14216204ns          249472 1c008820 12c7a783 lw               x15, 300(x15)       x15=c0c90fdb x15:1c000000  PA:1c00012c
14216522ns          249488 1c008824 a0f517d3 flt.s            x15, f10, f15       x15=00000000 f10:bffc662f f15:c0c90fdb
14216542ns          249489 1c008828 00078463 beq              x15, x0, 8          x15:00000000
14216602ns          249492 1c008830 20a51553 fsgnjn.s         f10, f10, f10       f10=xxxxxxxx f10:bffc662f f10:bffc662f
14216622ns          249493 1c008834 f6bff06f jal              x0, -150           
14216681ns          249496 1c00879e 1c0007b7 lui              x15, 0x1c000000     x15=1c000000
14216701ns          249497 1c0087a2 01c7a783 lw               x15, 28(x15)        x15=3fc90fdb x15:1c000000  PA:1c00001c
14217019ns          249513 1c0087a6 a0f517d3 flt.s            x15, f10, f15       x15=00000000 f10:3ffc662f f15:3fc90fdb
14217039ns          249514 1c0087aa 02079563 bne              x15, x0, 42         x15:00000000
14217059ns          249515 1c0087ac 1c0007b7 lui              x15, 0x1c000000     x15=1c000000
14217079ns          249516 1c0087b0 1007a783 lw               x15, 256(x15)       x15=40490fdb x15:1c000000  PA:1c000100
14217397ns          249532 1c0087b4 a0f51753 flt.s            x14, f10, f15       x14=00000001 f10:3ffc662f f15:40490fdb
14217417ns          249533 1c0087b8 06071f63 bne              x14, x0, 126        x14:00000001
14217497ns          249537 1c008836 08a7f553 fsub.s           f10, f15, f10       f10=xxxxxxxx f15:40490fdb f10:3ffc662f
14217517ns          249538 1c00883a 10a57553 fmul.s           f10, f10, f10       f10=xxxxxxxx f10:3f95b987 f10:3f95b987
14217537ns          249539 1c00883e 1c0007b7 lui              x15, 0x1c000000     x15=1c000000
14217556ns          249540 1c008842 1c000737 lui              x14, 0x1c000000     x14=1c000000
14217576ns          249541 1c008846 13472703 lw               x14, 308(x14)       x14=bab59551 x14:1c000000  PA:1c000134
14217875ns          249556 1c00884a 1307a783 lw               x15, 304(x15)       x15=37c23ab1 x15:1c000000  PA:1c000130
14218193ns          249572 1c00884e 70f577c3 fmadd.s          f15, f10, f15, f14  f15=xxxxxxxx f10:3faf22fb f15:37c23ab1 f14:bab59551
14218213ns          249573 1c008852 1c000737 lui              x14, 0x1c000000     x14=1c000000
14218233ns          249574 1c008856 13872703 lw               x14, 312(x14)       x14=3d2aa76f x14:1c000000  PA:1c000138
14218551ns          249590 1c00885a 70f577c3 fmadd.s          f15, f10, f15, f14  f15=xxxxxxxx f10:3faf22fb f15:bab16e4c f14:3d2aa76f
14218571ns          249591 1c00885e 1c000737 lui              x14, 0x1c000000     x14=1c000000
14218591ns          249592 1c008862 13c72703 lw               x14, 316(x14)       x14=beffffe0 x14:1c000000  PA:1c00013c
14218909ns          249608 1c008866 70f577c3 fmadd.s          f15, f10, f15, f14  f15=xxxxxxxx f10:3faf22fb f15:3d231145 f14:beffffe0
14218929ns          249609 1c00886a 1c000737 lui              x14, 0x1c000000     x14=1c000000
14218949ns          249610 1c00886e 16872703 lw               x14, 360(x14)       x14=3f7fffff x14:1c000000  PA:1c000168
14219267ns          249626 1c008872 70f57543 fmadd.s          f10, f10, f15, f14  f10=xxxxxxxx f10:3faf22fb f15:bee41c1a f14:3f7fffff
14219287ns          249627 1c008876 20a51553 fsgnjn.s         f10, f10, f10       f10=xxxxxxxx f10:3ec7e33c f10:3ec7e33c
14219307ns          249628 1c00887a 00008067 jalr             x0, x1, 0            x1:1c0081de
14219366ns          249631 1c0081de 016a7a53 fadd.s           f20, f20, f22       f20=xxxxxxxx f20:4062bb05 f22:3e533fc3
14219386ns          249632 1c0081e2 10acf553 fmul.s           f10, f25, f10       f10=xxxxxxxx f25:3f800000 f10:bec7e33c
14219406ns          249633 1c0081e6 a14a97d3 flt.s            x15, f21, f20       x15=00000000 f21:40c90fdb f20:406fef01
14219426ns          249634 1c0081ea 00a4222b p.sw             x10, 4(x8!)          x8=10000ed4 x10:bec7e33c  x8:10000ed0  PA:10000ed0
14219446ns          249635 1c0081ee 00078363 beq              x15, x0, 6          x15:00000000
14219506ns          249638 1c0081f4 ff7412e3 bne              x8, x23, -28         x8:10000ed4 x23:10000fc8
14219565ns          249641 1c0081d8 094c7553 fsub.s           f10, f24, f20       f10=xxxxxxxx f24:3fc90fdb f20:406fef01
14219585ns          249642 1c0081dc 57c000ef jal              x1, 1404             x1=1c0081de
14219625ns          249644 1c008758 a0a527d3 feq.s            x15, f10, f10       x15=00000001 f10:c00b6714 f10:c00b6714
14219645ns          249645 1c00875c 0a078b63 beq              x15, x0, 182        x15:00000001
14219665ns          249646 1c00875e e00517d3 fclass.s         x15, f10            x15=00000002 f10:c00b6714
14219685ns          249647 1c008762 0817f793 andi             x15, x15, 129       x15=00000000 x15:00000002
14219705ns          249648 1c008766 0a079663 bne              x15, x0, 172        x15:00000000
14219725ns          249649 1c008768 00000793 addi             x15, x0, 0          x15=00000000
14219744ns          249650 1c00876c a0f517d3 flt.s            x15, f10, f15       x15=00000001 f10:c00b6714 f15:00000000
14219764ns          249651 1c008770 0a079663 bne              x15, x0, 172        x15:00000001
14219824ns          249654 1c00881c 1c0007b7 lui              x15, 0x1c000000     x15=1c000000
14219844ns          249655 1c008820 12c7a783 lw               x15, 300(x15)       x15=c0c90fdb x15:1c000000  PA:1c00012c
14220162ns          249671 1c008824 a0f517d3 flt.s            x15, f10, f15       x15=00000000 f10:c00b6714 f15:c0c90fdb
14220182ns          249672 1c008828 00078463 beq              x15, x0, 8          x15:00000000
14220242ns          249675 1c008830 20a51553 fsgnjn.s         f10, f10, f10       f10=xxxxxxxx f10:c00b6714 f10:c00b6714
14220262ns          249676 1c008834 f6bff06f jal              x0, -150           
14220321ns          249679 1c00879e 1c0007b7 lui              x15, 0x1c000000     x15=1c000000
14220341ns          249680 1c0087a2 01c7a783 lw               x15, 28(x15)        x15=3fc90fdb x15:1c000000  PA:1c00001c
14220659ns          249696 1c0087a6 a0f517d3 flt.s            x15, f10, f15       x15=00000000 f10:400b6714 f15:3fc90fdb
14220679ns          249697 1c0087aa 02079563 bne              x15, x0, 42         x15:00000000
14220699ns          249698 1c0087ac 1c0007b7 lui              x15, 0x1c000000     x15=1c000000
14220719ns          249699 1c0087b0 1007a783 lw               x15, 256(x15)       x15=40490fdb x15:1c000000  PA:1c000100
14221037ns          249715 1c0087b4 a0f51753 flt.s            x14, f10, f15       x14=00000001 f10:400b6714 f15:40490fdb
14221057ns          249716 1c0087b8 06071f63 bne              x14, x0, 126        x14:00000001
14221137ns          249720 1c008836 08a7f553 fsub.s           f10, f15, f10       f10=xxxxxxxx f15:40490fdb f10:400b6714
14221157ns          249721 1c00883a 10a57553 fmul.s           f10, f10, f10       f10=xxxxxxxx f10:3f76a31c f10:3f76a31c
14221177ns          249722 1c00883e 1c0007b7 lui              x15, 0x1c000000     x15=1c000000
14221196ns          249723 1c008842 1c000737 lui              x14, 0x1c000000     x14=1c000000
14221216ns          249724 1c008846 13472703 lw               x14, 308(x14)       x14=bab59551 x14:1c000000  PA:1c000134
14221515ns          249739 1c00884a 1307a783 lw               x15, 304(x15)       x15=37c23ab1 x15:1c000000  PA:1c000130
14221912ns          249759 1c00884e 70f577c3 fmadd.s          f15, f10, f15, f14  f15=xxxxxxxx f10:3f6d9de2 f15:37c23ab1 f14:bab59551
14221932ns          249760 1c008852 1c000737 lui              x14, 0x1c000000     x14=1c000000
14221952ns          249761 1c008856 13872703 lw               x14, 312(x14)       x14=3d2aa76f x14:1c000000  PA:1c000138
14222271ns          249777 1c00885a 70f577c3 fmadd.s          f15, f10, f15, f14  f15=xxxxxxxx f10:3f6d9de2 f15:bab2c431 f14:3d2aa76f
14222290ns          249778 1c00885e 1c000737 lui              x14, 0x1c000000     x14=1c000000
14222310ns          249779 1c008862 13c72703 lw               x14, 316(x14)       x14=beffffe0 x14:1c000000  PA:1c00013c
14222648ns          249796 1c008866 70f577c3 fmadd.s          f15, f10, f15, f14  f15=xxxxxxxx f10:3f6d9de2 f15:3d257800 f14:beffffe0
14222668ns          249797 1c00886a 1c000737 lui              x14, 0x1c000000     x14=1c000000
14222688ns          249798 1c00886e 16872703 lw               x14, 360(x14)       x14=3f7fffff x14:1c000000  PA:1c000168
14223026ns          249815 1c008872 70f57543 fmadd.s          f10, f10, f15, f14  f10=xxxxxxxx f10:3f6d9de2 f15:beeccd1b f14:3f7fffff
14223046ns          249816 1c008876 20a51553 fsgnjn.s         f10, f10, f10       f10=xxxxxxxx f10:3f121a09 f10:3f121a09
14223066ns          249817 1c00887a 00008067 jalr             x0, x1, 0            x1:1c0081de
14223126ns          249820 1c0081de 016a7a53 fadd.s           f20, f20, f22       f20=xxxxxxxx f20:406fef01 f22:3e533fc3
14223146ns          249821 1c0081e2 10acf553 fmul.s           f10, f25, f10       f10=xxxxxxxx f25:3f800000 f10:bf121a09
14223166ns          249822 1c0081e6 a14a97d3 flt.s            x15, f21, f20       x15=00000000 f21:40c90fdb f20:407d22fd
14223186ns          249823 1c0081ea 00a4222b p.sw             x10, 4(x8!)          x8=10000ed8 x10:bf121a09  x8:10000ed4  PA:10000ed4
14223205ns          249824 1c0081ee 00078363 beq              x15, x0, 6          x15:00000000
14223265ns          249827 1c0081f4 ff7412e3 bne              x8, x23, -28         x8:10000ed8 x23:10000fc8
14223325ns          249830 1c0081d8 094c7553 fsub.s           f10, f24, f20       f10=xxxxxxxx f24:3fc90fdb f20:407d22fd
14223345ns          249831 1c0081dc 57c000ef jal              x1, 1404             x1=1c0081de
14223384ns          249833 1c008758 a0a527d3 feq.s            x15, f10, f10       x15=00000001 f10:c0189b10 f10:c0189b10
14223404ns          249834 1c00875c 0a078b63 beq              x15, x0, 182        x15:00000001
14223424ns          249835 1c00875e e00517d3 fclass.s         x15, f10            x15=00000002 f10:c0189b10
14223444ns          249836 1c008762 0817f793 andi             x15, x15, 129       x15=00000000 x15:00000002
14223464ns          249837 1c008766 0a079663 bne              x15, x0, 172        x15:00000000
14223484ns          249838 1c008768 00000793 addi             x15, x0, 0          x15=00000000
14223504ns          249839 1c00876c a0f517d3 flt.s            x15, f10, f15       x15=00000001 f10:c0189b10 f15:00000000
14223524ns          249840 1c008770 0a079663 bne              x15, x0, 172        x15:00000001
14223583ns          249843 1c00881c 1c0007b7 lui              x15, 0x1c000000     x15=1c000000
14223603ns          249844 1c008820 12c7a783 lw               x15, 300(x15)       x15=c0c90fdb x15:1c000000  PA:1c00012c
14223941ns          249861 1c008824 a0f517d3 flt.s            x15, f10, f15       x15=00000000 f10:c0189b10 f15:c0c90fdb
14223961ns          249862 1c008828 00078463 beq              x15, x0, 8          x15:00000000
14224021ns          249865 1c008830 20a51553 fsgnjn.s         f10, f10, f10       f10=xxxxxxxx f10:c0189b10 f10:c0189b10
14224041ns          249866 1c008834 f6bff06f jal              x0, -150           
14224100ns          249869 1c00879e 1c0007b7 lui              x15, 0x1c000000     x15=1c000000
14224120ns          249870 1c0087a2 01c7a783 lw               x15, 28(x15)        x15=3fc90fdb x15:1c000000  PA:1c00001c
14224439ns          249886 1c0087a6 a0f517d3 flt.s            x15, f10, f15       x15=00000000 f10:40189b10 f15:3fc90fdb
14224459ns          249887 1c0087aa 02079563 bne              x15, x0, 42         x15:00000000
14224478ns          249888 1c0087ac 1c0007b7 lui              x15, 0x1c000000     x15=1c000000
14224498ns          249889 1c0087b0 1007a783 lw               x15, 256(x15)       x15=40490fdb x15:1c000000  PA:1c000100
14224817ns          249905 1c0087b4 a0f51753 flt.s            x14, f10, f15       x14=00000001 f10:40189b10 f15:40490fdb
14224836ns          249906 1c0087b8 06071f63 bne              x14, x0, 126        x14:00000001
14224916ns          249910 1c008836 08a7f553 fsub.s           f10, f15, f10       f10=xxxxxxxx f15:40490fdb f10:40189b10
14224936ns          249911 1c00883a 10a57553 fmul.s           f10, f10, f10       f10=xxxxxxxx f10:3f41d32c f10:3f41d32c
14224956ns          249912 1c00883e 1c0007b7 lui              x15, 0x1c000000     x15=1c000000
14224976ns          249913 1c008842 1c000737 lui              x14, 0x1c000000     x14=1c000000
14224996ns          249914 1c008846 13472703 lw               x14, 308(x14)       x14=bab59551 x14:1c000000  PA:1c000134
14225314ns          249930 1c00884a 1307a783 lw               x15, 304(x15)       x15=37c23ab1 x15:1c000000  PA:1c000130
14225632ns          249946 1c00884e 70f577c3 fmadd.s          f15, f10, f15, f14  f15=xxxxxxxx f10:3f12c017 f15:37c23ab1 f14:bab59551
14225652ns          249947 1c008852 1c000737 lui              x14, 0x1c000000     x14=1c000000
14225672ns          249948 1c008856 13872703 lw               x14, 312(x14)       x14=3d2aa76f x14:1c000000  PA:1c000138
14226010ns          249965 1c00885a 70f577c3 fmadd.s          f15, f10, f15, f14  f15=xxxxxxxx f10:3f12c017 f15:bab3d7f4 f14:3d2aa76f
14226030ns          249966 1c00885e 1c000737 lui              x14, 0x1c000000     x14=1c000000
14226050ns          249967 1c008862 13c72703 lw               x14, 316(x14)       x14=beffffe0 x14:1c000000  PA:1c00013c
14226368ns          249983 1c008866 70f577c3 fmadd.s          f15, f10, f15, f14  f15=xxxxxxxx f10:3f12c017 f15:3d276eae f14:beffffe0
14226388ns          249984 1c00886a 1c000737 lui              x14, 0x1c000000     x14=1c000000
14226408ns          249985 1c00886e 16872703 lw               x14, 360(x14)       x14=3f7fffff x14:1c000000  PA:1c000168
14226726ns          250001 1c008872 70f57543 fmadd.s          f10, f10, f15, f14  f10=xxxxxxxx f10:3f12c017 f15:bef40088 f14:3f7fffff
14226746ns          250002 1c008876 20a51553 fsgnjn.s         f10, f10, f10       f10=xxxxxxxx f10:3f3a104d f10:3f3a104d
14226766ns          250003 1c00887a 00008067 jalr             x0, x1, 0            x1:1c0081de
14226826ns          250006 1c0081de 016a7a53 fadd.s           f20, f20, f22       f20=xxxxxxxx f20:407d22fd f22:3e533fc3
14226845ns          250007 1c0081e2 10acf553 fmul.s           f10, f25, f10       f10=xxxxxxxx f25:3f800000 f10:bf3a104d
14226865ns          250008 1c0081e6 a14a97d3 flt.s            x15, f21, f20       x15=00000000 f21:40c90fdb f20:40852b7d
14226885ns          250009 1c0081ea 00a4222b p.sw             x10, 4(x8!)          x8=10000edc x10:bf3a104d  x8:10000ed8  PA:10000ed8
14226905ns          250010 1c0081ee 00078363 beq              x15, x0, 6          x15:00000000
14226965ns          250013 1c0081f4 ff7412e3 bne              x8, x23, -28         x8:10000edc x23:10000fc8
14227024ns          250016 1c0081d8 094c7553 fsub.s           f10, f24, f20       f10=xxxxxxxx f24:3fc90fdb f20:40852b7d
14227044ns          250017 1c0081dc 57c000ef jal              x1, 1404             x1=1c0081de
14227084ns          250019 1c008758 a0a527d3 feq.s            x15, f10, f10       x15=00000001 f10:c025cf0c f10:c025cf0c
14227104ns          250020 1c00875c 0a078b63 beq              x15, x0, 182        x15:00000001
14227124ns          250021 1c00875e e00517d3 fclass.s         x15, f10            x15=00000002 f10:c025cf0c
14227144ns          250022 1c008762 0817f793 andi             x15, x15, 129       x15=00000000 x15:00000002
14227164ns          250023 1c008766 0a079663 bne              x15, x0, 172        x15:00000000
14227184ns          250024 1c008768 00000793 addi             x15, x0, 0          x15=00000000
14227203ns          250025 1c00876c a0f517d3 flt.s            x15, f10, f15       x15=00000001 f10:c025cf0c f15:00000000
14227223ns          250026 1c008770 0a079663 bne              x15, x0, 172        x15:00000001
14227283ns          250029 1c00881c 1c0007b7 lui              x15, 0x1c000000     x15=1c000000
14227303ns          250030 1c008820 12c7a783 lw               x15, 300(x15)       x15=c0c90fdb x15:1c000000  PA:1c00012c
14227621ns          250046 1c008824 a0f517d3 flt.s            x15, f10, f15       x15=00000000 f10:c025cf0c f15:c0c90fdb
14227641ns          250047 1c008828 00078463 beq              x15, x0, 8          x15:00000000
14227701ns          250050 1c008830 20a51553 fsgnjn.s         f10, f10, f10       f10=xxxxxxxx f10:c025cf0c f10:c025cf0c
14227721ns          250051 1c008834 f6bff06f jal              x0, -150           
14227780ns          250054 1c00879e 1c0007b7 lui              x15, 0x1c000000     x15=1c000000
14227800ns          250055 1c0087a2 01c7a783 lw               x15, 28(x15)        x15=3fc90fdb x15:1c000000  PA:1c00001c
14228118ns          250071 1c0087a6 a0f517d3 flt.s            x15, f10, f15       x15=00000000 f10:4025cf0c f15:3fc90fdb
14228138ns          250072 1c0087aa 02079563 bne              x15, x0, 42         x15:00000000
14228158ns          250073 1c0087ac 1c0007b7 lui              x15, 0x1c000000     x15=1c000000
14228178ns          250074 1c0087b0 1007a783 lw               x15, 256(x15)       x15=40490fdb x15:1c000000  PA:1c000100
14228496ns          250090 1c0087b4 a0f51753 flt.s            x14, f10, f15       x14=00000001 f10:4025cf0c f15:40490fdb
14228516ns          250091 1c0087b8 06071f63 bne              x14, x0, 126        x14:00000001
14228596ns          250095 1c008836 08a7f553 fsub.s           f10, f15, f10       f10=xxxxxxxx f15:40490fdb f10:4025cf0c
14228616ns          250096 1c00883a 10a57553 fmul.s           f10, f10, f10       f10=xxxxxxxx f10:3f0d033c f10:3f0d033c
14228636ns          250097 1c00883e 1c0007b7 lui              x15, 0x1c000000     x15=1c000000
14228655ns          250098 1c008842 1c000737 lui              x14, 0x1c000000     x14=1c000000
14228675ns          250099 1c008846 13472703 lw               x14, 308(x14)       x14=bab59551 x14:1c000000  PA:1c000134
14228974ns          250114 1c00884a 1307a783 lw               x15, 304(x15)       x15=37c23ab1 x15:1c000000  PA:1c000130
14229312ns          250131 1c00884e 70f577c3 fmadd.s          f15, f10, f15, f14  f15=xxxxxxxx f10:3e9b5920 f15:37c23ab1 f14:bab59551
14229332ns          250132 1c008852 1c000737 lui              x14, 0x1c000000     x14=1c000000
14229352ns          250133 1c008856 13872703 lw               x14, 312(x14)       x14=3d2aa76f x14:1c000000  PA:1c000138
14229670ns          250149 1c00885a 70f577c3 fmadd.s          f15, f10, f15, f14  f15=xxxxxxxx f10:3e9b5920 f15:bab4a997 f14:3d2aa76f
14229690ns          250150 1c00885e 1c000737 lui              x14, 0x1c000000     x14=1c000000
14229710ns          250151 1c008862 13c72703 lw               x14, 316(x14)       x14=beffffe0 x14:1c000000  PA:1c00013c
14230028ns          250167 1c008866 70f577c3 fmadd.s          f15, f10, f15, f14  f15=xxxxxxxx f10:3e9b5920 f15:3d28f0e9 f14:beffffe0
14230048ns          250168 1c00886a 1c000737 lui              x14, 0x1c000000     x14=1c000000
14230068ns          250169 1c00886e 16872703 lw               x14, 360(x14)       x14=3f7fffff x14:1c000000  PA:1c000168
14230386ns          250185 1c008872 70f57543 fmadd.s          f10, f10, f15, f14  f10=xxxxxxxx f10:3e9b5920 f15:bef99795 f14:3f7fffff
14230406ns          250186 1c008876 20a51553 fsgnjn.s         f10, f10, f10       f10=xxxxxxxx f10:3f5a2294 f10:3f5a2294
14230426ns          250187 1c00887a 00008067 jalr             x0, x1, 0            x1:1c0081de
14230485ns          250190 1c0081de 016a7a53 fadd.s           f20, f20, f22       f20=xxxxxxxx f20:40852b7d f22:3e533fc3
14230505ns          250191 1c0081e2 10acf553 fmul.s           f10, f25, f10       f10=xxxxxxxx f25:3f800000 f10:bf5a2294
14230525ns          250192 1c0081e6 a14a97d3 flt.s            x15, f21, f20       x15=00000000 f21:40c90fdb f20:408bc57b
14230545ns          250193 1c0081ea 00a4222b p.sw             x10, 4(x8!)          x8=10000ee0 x10:bf5a2294  x8:10000edc  PA:10000edc
14230565ns          250194 1c0081ee 00078363 beq              x15, x0, 6          x15:00000000
14230625ns          250197 1c0081f4 ff7412e3 bne              x8, x23, -28         x8:10000ee0 x23:10000fc8
14230684ns          250200 1c0081d8 094c7553 fsub.s           f10, f24, f20       f10=xxxxxxxx f24:3fc90fdb f20:408bc57b
14230704ns          250201 1c0081dc 57c000ef jal              x1, 1404             x1=1c0081de
14230744ns          250203 1c008758 a0a527d3 feq.s            x15, f10, f10       x15=00000001 f10:c0330308 f10:c0330308
14230764ns          250204 1c00875c 0a078b63 beq              x15, x0, 182        x15:00000001
14230784ns          250205 1c00875e e00517d3 fclass.s         x15, f10            x15=00000002 f10:c0330308
14230804ns          250206 1c008762 0817f793 andi             x15, x15, 129       x15=00000000 x15:00000002
14230824ns          250207 1c008766 0a079663 bne              x15, x0, 172        x15:00000000
14230843ns          250208 1c008768 00000793 addi             x15, x0, 0          x15=00000000
14230863ns          250209 1c00876c a0f517d3 flt.s            x15, f10, f15       x15=00000001 f10:c0330308 f15:00000000
14230883ns          250210 1c008770 0a079663 bne              x15, x0, 172        x15:00000001
14230943ns          250213 1c00881c 1c0007b7 lui              x15, 0x1c000000     x15=1c000000
14230963ns          250214 1c008820 12c7a783 lw               x15, 300(x15)       x15=c0c90fdb x15:1c000000  PA:1c00012c
14231281ns          250230 1c008824 a0f517d3 flt.s            x15, f10, f15       x15=00000000 f10:c0330308 f15:c0c90fdb
14231301ns          250231 1c008828 00078463 beq              x15, x0, 8          x15:00000000
14231361ns          250234 1c008830 20a51553 fsgnjn.s         f10, f10, f10       f10=xxxxxxxx f10:c0330308 f10:c0330308
14231380ns          250235 1c008834 f6bff06f jal              x0, -150           
14231440ns          250238 1c00879e 1c0007b7 lui              x15, 0x1c000000     x15=1c000000
14231460ns          250239 1c0087a2 01c7a783 lw               x15, 28(x15)        x15=3fc90fdb x15:1c000000  PA:1c00001c
14231778ns          250255 1c0087a6 a0f517d3 flt.s            x15, f10, f15       x15=00000000 f10:40330308 f15:3fc90fdb
14231798ns          250256 1c0087aa 02079563 bne              x15, x0, 42         x15:00000000
14231818ns          250257 1c0087ac 1c0007b7 lui              x15, 0x1c000000     x15=1c000000
14231838ns          250258 1c0087b0 1007a783 lw               x15, 256(x15)       x15=40490fdb x15:1c000000  PA:1c000100
14232156ns          250274 1c0087b4 a0f51753 flt.s            x14, f10, f15       x14=00000001 f10:40330308 f15:40490fdb
14232176ns          250275 1c0087b8 06071f63 bne              x14, x0, 126        x14:00000001
14232256ns          250279 1c008836 08a7f553 fsub.s           f10, f15, f10       f10=xxxxxxxx f15:40490fdb f10:40330308
14232276ns          250280 1c00883a 10a57553 fmul.s           f10, f10, f10       f10=xxxxxxxx f10:3eb06698 f10:3eb06698
14232295ns          250281 1c00883e 1c0007b7 lui              x15, 0x1c000000     x15=1c000000
14232315ns          250282 1c008842 1c000737 lui              x14, 0x1c000000     x14=1c000000
14232335ns          250283 1c008846 13472703 lw               x14, 308(x14)       x14=bab59551 x14:1c000000  PA:1c000134
14232634ns          250298 1c00884a 1307a783 lw               x15, 304(x15)       x15=37c23ab1 x15:1c000000  PA:1c000130
14232952ns          250314 1c00884e 70f577c3 fmadd.s          f15, f10, f15, f14  f15=xxxxxxxx f10:3df31a74 f15:37c23ab1 f14:bab59551
14232972ns          250315 1c008852 1c000737 lui              x14, 0x1c000000     x14=1c000000
14232992ns          250316 1c008856 13872703 lw               x14, 312(x14)       x14=3d2aa76f x14:1c000000  PA:1c000138
14233330ns          250333 1c00885a 70f577c3 fmadd.s          f15, f10, f15, f14  f15=xxxxxxxx f10:3df31a74 f15:bab53918 f14:3d2aa76f
14233350ns          250334 1c00885e 1c000737 lui              x14, 0x1c000000     x14=1c000000
14233370ns          250335 1c008862 13c72703 lw               x14, 316(x14)       x14=beffffe0 x14:1c000000  PA:1c00013c
14233688ns          250351 1c008866 70f577c3 fmadd.s          f15, f10, f15, f14  f15=xxxxxxxx f10:3df31a74 f15:3d29fb57 f14:beffffe0
14233708ns          250352 1c00886a 1c000737 lui              x14, 0x1c000000     x14=1c000000
14233728ns          250353 1c00886e 16872703 lw               x14, 360(x14)       x14=3f7fffff x14:1c000000  PA:1c000168
14234046ns          250369 1c008872 70f57543 fmadd.s          f10, f10, f15, f14  f10=xxxxxxxx f10:3df31a74 f15:befd7a33 f14:3f7fffff
14234066ns          250370 1c008876 20a51553 fsgnjn.s         f10, f10, f10       f10=xxxxxxxx f10:3f70f4ac f10:3f70f4ac
14234086ns          250371 1c00887a 00008067 jalr             x0, x1, 0            x1:1c0081de
14234145ns          250374 1c0081de 016a7a53 fadd.s           f20, f20, f22       f20=xxxxxxxx f20:408bc57b f22:3e533fc3
14234165ns          250375 1c0081e2 10acf553 fmul.s           f10, f25, f10       f10=xxxxxxxx f25:3f800000 f10:bf70f4ac
14234185ns          250376 1c0081e6 a14a97d3 flt.s            x15, f21, f20       x15=00000000 f21:40c90fdb f20:40925f79
14234205ns          250377 1c0081ea 00a4222b p.sw             x10, 4(x8!)          x8=10000ee4 x10:bf70f4ac  x8:10000ee0  PA:10000ee0
14234225ns          250378 1c0081ee 00078363 beq              x15, x0, 6          x15:00000000
14234285ns          250381 1c0081f4 ff7412e3 bne              x8, x23, -28         x8:10000ee4 x23:10000fc8
14234344ns          250384 1c0081d8 094c7553 fsub.s           f10, f24, f20       f10=xxxxxxxx f24:3fc90fdb f20:40925f79
14234364ns          250385 1c0081dc 57c000ef jal              x1, 1404             x1=1c0081de
14234404ns          250387 1c008758 a0a527d3 feq.s            x15, f10, f10       x15=00000001 f10:c0403704 f10:c0403704
14234424ns          250388 1c00875c 0a078b63 beq              x15, x0, 182        x15:00000001
14234444ns          250389 1c00875e e00517d3 fclass.s         x15, f10            x15=00000002 f10:c0403704
14234464ns          250390 1c008762 0817f793 andi             x15, x15, 129       x15=00000000 x15:00000002
14234483ns          250391 1c008766 0a079663 bne              x15, x0, 172        x15:00000000
14234503ns          250392 1c008768 00000793 addi             x15, x0, 0          x15=00000000
14234523ns          250393 1c00876c a0f517d3 flt.s            x15, f10, f15       x15=00000001 f10:c0403704 f15:00000000
14234543ns          250394 1c008770 0a079663 bne              x15, x0, 172        x15:00000001
14234603ns          250397 1c00881c 1c0007b7 lui              x15, 0x1c000000     x15=1c000000
14234623ns          250398 1c008820 12c7a783 lw               x15, 300(x15)       x15=c0c90fdb x15:1c000000  PA:1c00012c
14234941ns          250414 1c008824 a0f517d3 flt.s            x15, f10, f15       x15=00000000 f10:c0403704 f15:c0c90fdb
14234961ns          250415 1c008828 00078463 beq              x15, x0, 8          x15:00000000
14235020ns          250418 1c008830 20a51553 fsgnjn.s         f10, f10, f10       f10=xxxxxxxx f10:c0403704 f10:c0403704
14235040ns          250419 1c008834 f6bff06f jal              x0, -150           
14235100ns          250422 1c00879e 1c0007b7 lui              x15, 0x1c000000     x15=1c000000
14235120ns          250423 1c0087a2 01c7a783 lw               x15, 28(x15)        x15=3fc90fdb x15:1c000000  PA:1c00001c
14235438ns          250439 1c0087a6 a0f517d3 flt.s            x15, f10, f15       x15=00000000 f10:40403704 f15:3fc90fdb
14235458ns          250440 1c0087aa 02079563 bne              x15, x0, 42         x15:00000000
14235478ns          250441 1c0087ac 1c0007b7 lui              x15, 0x1c000000     x15=1c000000
14235498ns          250442 1c0087b0 1007a783 lw               x15, 256(x15)       x15=40490fdb x15:1c000000  PA:1c000100
14235816ns          250458 1c0087b4 a0f51753 flt.s            x14, f10, f15       x14=00000001 f10:40403704 f15:40490fdb
14235836ns          250459 1c0087b8 06071f63 bne              x14, x0, 126        x14:00000001
14235916ns          250463 1c008836 08a7f553 fsub.s           f10, f15, f10       f10=xxxxxxxx f15:40490fdb f10:40403704
14235935ns          250464 1c00883a 10a57553 fmul.s           f10, f10, f10       f10=xxxxxxxx f10:3e0d8d70 f10:3e0d8d70
14235955ns          250465 1c00883e 1c0007b7 lui              x15, 0x1c000000     x15=1c000000
14235975ns          250466 1c008842 1c000737 lui              x14, 0x1c000000     x14=1c000000
14235995ns          250467 1c008846 13472703 lw               x14, 308(x14)       x14=bab59551 x14:1c000000  PA:1c000134
14236294ns          250482 1c00884a 1307a783 lw               x15, 304(x15)       x15=37c23ab1 x15:1c000000  PA:1c000130
14236612ns          250498 1c00884e 70f577c3 fmadd.s          f15, f10, f15, f14  f15=xxxxxxxx f10:3c9c8a37 f15:37c23ab1 f14:bab59551
14236632ns          250499 1c008852 1c000737 lui              x14, 0x1c000000     x14=1c000000
14236652ns          250500 1c008856 13872703 lw               x14, 312(x14)       x14=3d2aa76f x14:1c000000  PA:1c000138
14236970ns          250516 1c00885a 70f577c3 fmadd.s          f15, f10, f15, f14  f15=xxxxxxxx f10:3c9c8a37 f15:bab58678 f14:3d2aa76f
14236990ns          250517 1c00885e 1c000737 lui              x14, 0x1c000000     x14=1c000000
14237010ns          250518 1c008862 13c72703 lw               x14, 316(x14)       x14=beffffe0 x14:1c000000  PA:1c00013c
14237368ns          250536 1c008866 70f577c3 fmadd.s          f15, f10, f15, f14  f15=xxxxxxxx f10:3c9c8a37 f15:3d2a8baf f14:beffffe0
14237387ns          250537 1c00886a 1c000737 lui              x14, 0x1c000000     x14=1c000000
14237407ns          250538 1c00886e 16872703 lw               x14, 360(x14)       x14=3f7fffff x14:1c000000  PA:1c000168
14237726ns          250554 1c008872 70f57543 fmadd.s          f10, f10, f15, f14  f10=xxxxxxxx f10:3c9c8a37 f15:beff9797 f14:3f7fffff
14237746ns          250555 1c008876 20a51553 fsgnjn.s         f10, f10, f10       f10=xxxxxxxx f10:3f7d8ed6 f10:3f7d8ed6
14237765ns          250556 1c00887a 00008067 jalr             x0, x1, 0            x1:1c0081de
14237825ns          250559 1c0081de 016a7a53 fadd.s           f20, f20, f22       f20=xxxxxxxx f20:40925f79 f22:3e533fc3
14237845ns          250560 1c0081e2 10acf553 fmul.s           f10, f25, f10       f10=xxxxxxxx f25:3f800000 f10:bf7d8ed6
14237865ns          250561 1c0081e6 a14a97d3 flt.s            x15, f21, f20       x15=00000000 f21:40c90fdb f20:4098f977
14237885ns          250562 1c0081ea 00a4222b p.sw             x10, 4(x8!)          x8=10000ee8 x10:bf7d8ed6  x8:10000ee4  PA:10000ee4
14237905ns          250563 1c0081ee 00078363 beq              x15, x0, 6          x15:00000000
14237964ns          250566 1c0081f4 ff7412e3 bne              x8, x23, -28         x8:10000ee8 x23:10000fc8
14238024ns          250569 1c0081d8 094c7553 fsub.s           f10, f24, f20       f10=xxxxxxxx f24:3fc90fdb f20:4098f977
14238044ns          250570 1c0081dc 57c000ef jal              x1, 1404             x1=1c0081de
14238084ns          250572 1c008758 a0a527d3 feq.s            x15, f10, f10       x15=00000001 f10:c04d6b00 f10:c04d6b00
14238104ns          250573 1c00875c 0a078b63 beq              x15, x0, 182        x15:00000001
14238123ns          250574 1c00875e e00517d3 fclass.s         x15, f10            x15=00000002 f10:c04d6b00
14238143ns          250575 1c008762 0817f793 andi             x15, x15, 129       x15=00000000 x15:00000002
14238163ns          250576 1c008766 0a079663 bne              x15, x0, 172        x15:00000000
14238183ns          250577 1c008768 00000793 addi             x15, x0, 0          x15=00000000
14238203ns          250578 1c00876c a0f517d3 flt.s            x15, f10, f15       x15=00000001 f10:c04d6b00 f15:00000000
14238223ns          250579 1c008770 0a079663 bne              x15, x0, 172        x15:00000001
14238283ns          250582 1c00881c 1c0007b7 lui              x15, 0x1c000000     x15=1c000000
14238302ns          250583 1c008820 12c7a783 lw               x15, 300(x15)       x15=c0c90fdb x15:1c000000  PA:1c00012c
14238641ns          250600 1c008824 a0f517d3 flt.s            x15, f10, f15       x15=00000000 f10:c04d6b00 f15:c0c90fdb
14238661ns          250601 1c008828 00078463 beq              x15, x0, 8          x15:00000000
14238720ns          250604 1c008830 20a51553 fsgnjn.s         f10, f10, f10       f10=xxxxxxxx f10:c04d6b00 f10:c04d6b00
14238740ns          250605 1c008834 f6bff06f jal              x0, -150           
14238800ns          250608 1c00879e 1c0007b7 lui              x15, 0x1c000000     x15=1c000000
14238820ns          250609 1c0087a2 01c7a783 lw               x15, 28(x15)        x15=3fc90fdb x15:1c000000  PA:1c00001c
14239138ns          250625 1c0087a6 a0f517d3 flt.s            x15, f10, f15       x15=00000000 f10:404d6b00 f15:3fc90fdb
14239158ns          250626 1c0087aa 02079563 bne              x15, x0, 42         x15:00000000
14239178ns          250627 1c0087ac 1c0007b7 lui              x15, 0x1c000000     x15=1c000000
14239198ns          250628 1c0087b0 1007a783 lw               x15, 256(x15)       x15=40490fdb x15:1c000000  PA:1c000100
14239516ns          250644 1c0087b4 a0f51753 flt.s            x14, f10, f15       x14=00000000 f10:404d6b00 f15:40490fdb
14239536ns          250645 1c0087b8 06071f63 bne              x14, x0, 126        x14:00000000
14239556ns          250646 1c0087ba 1c000737 lui              x14, 0x1c000000     x14=1c000000
14239575ns          250647 1c0087be 14072703 lw               x14, 320(x14)       x14=4096cbe4 x14:1c000000  PA:1c000140
14239914ns          250664 1c0087c2 a0e51753 flt.s            x14, f10, f14       x14=00000001 f10:404d6b00 f14:4096cbe4
14239934ns          250665 1c0087c6 0a071b63 bne              x14, x0, 182        x14:00000001
14239993ns          250668 1c00887c 08f57553 fsub.s           f10, f10, f15       f10=xxxxxxxx f10:404d6b00 f15:40490fdb
14240013ns          250669 1c008880 fbbff06f jal              x0, -70            
14240073ns          250672 1c00883a 10a57553 fmul.s           f10, f10, f10       f10=xxxxxxxx f10:3d8b64a0 f10:3d8b64a0
14240093ns          250673 1c00883e 1c0007b7 lui              x15, 0x1c000000     x15=1c000000
14240113ns          250674 1c008842 1c000737 lui              x14, 0x1c000000     x14=1c000000
14240132ns          250675 1c008846 13472703 lw               x14, 308(x14)       x14=bab59551 x14:1c000000  PA:1c000134
14240451ns          250691 1c00884a 1307a783 lw               x15, 304(x15)       x15=37c23ab1 x15:1c000000  PA:1c000130
14240789ns          250708 1c00884e 70f577c3 fmadd.s          f15, f10, f15, f14  f15=xxxxxxxx f10:3b97ccdb f15:37c23ab1 f14:bab59551
14240809ns          250709 1c008852 1c000737 lui              x14, 0x1c000000     x14=1c000000
14240829ns          250710 1c008856 13872703 lw               x14, 312(x14)       x14=3d2aa76f x14:1c000000  PA:1c000138
14241147ns          250726 1c00885a 70f577c3 fmadd.s          f15, f10, f15, f14  f15=xxxxxxxx f10:3b97ccdb f15:bab591b8 f14:3d2aa76f
14241167ns          250727 1c00885e 1c000737 lui              x14, 0x1c000000     x14=1c000000
14241187ns          250728 1c008862 13c72703 lw               x14, 316(x14)       x14=beffffe0 x14:1c000000  PA:1c00013c
14241525ns          250745 1c008866 70f577c3 fmadd.s          f15, f10, f15, f14  f15=xxxxxxxx f10:3b97ccdb f15:3d2aa0b4 f14:beffffe0
14241545ns          250746 1c00886a 1c000737 lui              x14, 0x1c000000     x14=1c000000
14241565ns          250747 1c00886e 16872703 lw               x14, 360(x14)       x14=3f7fffff x14:1c000000  PA:1c000168
14241883ns          250763 1c008872 70f57543 fmadd.s          f10, f10, f15, f14  f10=xxxxxxxx f10:3b97ccdb f15:beffe695 f14:3f7fffff
14241903ns          250764 1c008876 20a51553 fsgnjn.s         f10, f10, f10       f10=xxxxxxxx f10:3f7f6841 f10:3f7f6841
14241923ns          250765 1c00887a 00008067 jalr             x0, x1, 0            x1:1c0081de
14241982ns          250768 1c0081de 016a7a53 fadd.s           f20, f20, f22       f20=xxxxxxxx f20:4098f977 f22:3e533fc3
14242002ns          250769 1c0081e2 10acf553 fmul.s           f10, f25, f10       f10=xxxxxxxx f25:3f800000 f10:bf7f6841
14242022ns          250770 1c0081e6 a14a97d3 flt.s            x15, f21, f20       x15=00000000 f21:40c90fdb f20:409f9375
14242042ns          250771 1c0081ea 00a4222b p.sw             x10, 4(x8!)          x8=10000eec x10:bf7f6841  x8:10000ee8  PA:10000ee8
14242062ns          250772 1c0081ee 00078363 beq              x15, x0, 6          x15:00000000
14242121ns          250775 1c0081f4 ff7412e3 bne              x8, x23, -28         x8:10000eec x23:10000fc8
14242181ns          250778 1c0081d8 094c7553 fsub.s           f10, f24, f20       f10=xxxxxxxx f24:3fc90fdb f20:409f9375
14242201ns          250779 1c0081dc 57c000ef jal              x1, 1404             x1=1c0081de
14242241ns          250781 1c008758 a0a527d3 feq.s            x15, f10, f10       x15=00000001 f10:c05a9efc f10:c05a9efc
14242261ns          250782 1c00875c 0a078b63 beq              x15, x0, 182        x15:00000001
14242281ns          250783 1c00875e e00517d3 fclass.s         x15, f10            x15=00000002 f10:c05a9efc
14242301ns          250784 1c008762 0817f793 andi             x15, x15, 129       x15=00000000 x15:00000002
14242320ns          250785 1c008766 0a079663 bne              x15, x0, 172        x15:00000000
14242340ns          250786 1c008768 00000793 addi             x15, x0, 0          x15=00000000
14242360ns          250787 1c00876c a0f517d3 flt.s            x15, f10, f15       x15=00000001 f10:c05a9efc f15:00000000
14242380ns          250788 1c008770 0a079663 bne              x15, x0, 172        x15:00000001
14242440ns          250791 1c00881c 1c0007b7 lui              x15, 0x1c000000     x15=1c000000
14242460ns          250792 1c008820 12c7a783 lw               x15, 300(x15)       x15=c0c90fdb x15:1c000000  PA:1c00012c
14242798ns          250809 1c008824 a0f517d3 flt.s            x15, f10, f15       x15=00000000 f10:c05a9efc f15:c0c90fdb
14242818ns          250810 1c008828 00078463 beq              x15, x0, 8          x15:00000000
14242877ns          250813 1c008830 20a51553 fsgnjn.s         f10, f10, f10       f10=xxxxxxxx f10:c05a9efc f10:c05a9efc
14242897ns          250814 1c008834 f6bff06f jal              x0, -150           
14242957ns          250817 1c00879e 1c0007b7 lui              x15, 0x1c000000     x15=1c000000
14242977ns          250818 1c0087a2 01c7a783 lw               x15, 28(x15)        x15=3fc90fdb x15:1c000000  PA:1c00001c
14243295ns          250834 1c0087a6 a0f517d3 flt.s            x15, f10, f15       x15=00000000 f10:405a9efc f15:3fc90fdb
14243315ns          250835 1c0087aa 02079563 bne              x15, x0, 42         x15:00000000
14243335ns          250836 1c0087ac 1c0007b7 lui              x15, 0x1c000000     x15=1c000000
14243355ns          250837 1c0087b0 1007a783 lw               x15, 256(x15)       x15=40490fdb x15:1c000000  PA:1c000100
14243673ns          250853 1c0087b4 a0f51753 flt.s            x14, f10, f15       x14=00000000 f10:405a9efc f15:40490fdb
14243693ns          250854 1c0087b8 06071f63 bne              x14, x0, 126        x14:00000000
14243713ns          250855 1c0087ba 1c000737 lui              x14, 0x1c000000     x14=1c000000
14243733ns          250856 1c0087be 14072703 lw               x14, 320(x14)       x14=4096cbe4 x14:1c000000  PA:1c000140
14244051ns          250872 1c0087c2 a0e51753 flt.s            x14, f10, f14       x14=00000001 f10:405a9efc f14:4096cbe4
14244071ns          250873 1c0087c6 0a071b63 bne              x14, x0, 182        x14:00000001
14244130ns          250876 1c00887c 08f57553 fsub.s           f10, f10, f15       f10=xxxxxxxx f10:405a9efc f15:40490fdb
14244150ns          250877 1c008880 fbbff06f jal              x0, -70            
14244210ns          250880 1c00883a 10a57553 fmul.s           f10, f10, f10       f10=xxxxxxxx f10:3e8c7908 f10:3e8c7908
14244230ns          250881 1c00883e 1c0007b7 lui              x15, 0x1c000000     x15=1c000000
14244250ns          250882 1c008842 1c000737 lui              x14, 0x1c000000     x14=1c000000
14244270ns          250883 1c008846 13472703 lw               x14, 308(x14)       x14=bab59551 x14:1c000000  PA:1c000134
14244568ns          250898 1c00884a 1307a783 lw               x15, 304(x15)       x15=37c23ab1 x15:1c000000  PA:1c000130
14244886ns          250914 1c00884e 70f577c3 fmadd.s          f15, f10, f15, f14  f15=xxxxxxxx f10:3d9a2934 f15:37c23ab1 f14:bab59551
14244906ns          250915 1c008852 1c000737 lui              x14, 0x1c000000     x14=1c000000
14244926ns          250916 1c008856 13872703 lw               x14, 312(x14)       x14=3d2aa76f x14:1c000000  PA:1c000138
14245304ns          250935 1c00885a 70f577c3 fmadd.s          f15, f10, f15, f14  f15=xxxxxxxx f10:3d9a2934 f15:bab55ad6 f14:3d2aa76f
14245324ns          250936 1c00885e 1c000737 lui              x14, 0x1c000000     x14=1c000000
14245344ns          250937 1c008862 13c72703 lw               x14, 316(x14)       x14=beffffe0 x14:1c000000  PA:1c00013c
14245662ns          250953 1c008866 70f577c3 fmadd.s          f15, f10, f15, f14  f15=xxxxxxxx f10:3d9a2934 f15:3d2a3a39 f14:beffffe0
14245682ns          250954 1c00886a 1c000737 lui              x14, 0x1c000000     x14=1c000000
14245702ns          250955 1c00886e 16872703 lw               x14, 360(x14)       x14=3f7fffff x14:1c000000  PA:1c000168
14246020ns          250971 1c008872 70f57543 fmadd.s          f10, f10, f15, f14  f10=xxxxxxxx f10:3d9a2934 f15:befe65d6 f14:3f7fffff
14246040ns          250972 1c008876 20a51553 fsgnjn.s         f10, f10, f10       f10=xxxxxxxx f10:3f766cdc f10:3f766cdc
14246060ns          250973 1c00887a 00008067 jalr             x0, x1, 0            x1:1c0081de
14246120ns          250976 1c0081de 016a7a53 fadd.s           f20, f20, f22       f20=xxxxxxxx f20:409f9375 f22:3e533fc3
14246139ns          250977 1c0081e2 10acf553 fmul.s           f10, f25, f10       f10=xxxxxxxx f25:3f800000 f10:bf766cdc
14246159ns          250978 1c0081e6 a14a97d3 flt.s            x15, f21, f20       x15=00000000 f21:40c90fdb f20:40a62d73
14246179ns          250979 1c0081ea 00a4222b p.sw             x10, 4(x8!)          x8=10000ef0 x10:bf766cdc  x8:10000eec  PA:10000eec
14246199ns          250980 1c0081ee 00078363 beq              x15, x0, 6          x15:00000000
14246259ns          250983 1c0081f4 ff7412e3 bne              x8, x23, -28         x8:10000ef0 x23:10000fc8
14246318ns          250986 1c0081d8 094c7553 fsub.s           f10, f24, f20       f10=xxxxxxxx f24:3fc90fdb f20:40a62d73
14246338ns          250987 1c0081dc 57c000ef jal              x1, 1404             x1=1c0081de
14246378ns          250989 1c008758 a0a527d3 feq.s            x15, f10, f10       x15=00000001 f10:c067d2f8 f10:c067d2f8
14246398ns          250990 1c00875c 0a078b63 beq              x15, x0, 182        x15:00000001
14246418ns          250991 1c00875e e00517d3 fclass.s         x15, f10            x15=00000002 f10:c067d2f8
14246438ns          250992 1c008762 0817f793 andi             x15, x15, 129       x15=00000000 x15:00000002
14246458ns          250993 1c008766 0a079663 bne              x15, x0, 172        x15:00000000
14246478ns          250994 1c008768 00000793 addi             x15, x0, 0          x15=00000000
14246497ns          250995 1c00876c a0f517d3 flt.s            x15, f10, f15       x15=00000001 f10:c067d2f8 f15:00000000
14246517ns          250996 1c008770 0a079663 bne              x15, x0, 172        x15:00000001
14246577ns          250999 1c00881c 1c0007b7 lui              x15, 0x1c000000     x15=1c000000
14246597ns          251000 1c008820 12c7a783 lw               x15, 300(x15)       x15=c0c90fdb x15:1c000000  PA:1c00012c
14246935ns          251017 1c008824 a0f517d3 flt.s            x15, f10, f15       x15=00000000 f10:c067d2f8 f15:c0c90fdb
14246955ns          251018 1c008828 00078463 beq              x15, x0, 8          x15:00000000
14247015ns          251021 1c008830 20a51553 fsgnjn.s         f10, f10, f10       f10=xxxxxxxx f10:c067d2f8 f10:c067d2f8
14247035ns          251022 1c008834 f6bff06f jal              x0, -150           
14247094ns          251025 1c00879e 1c0007b7 lui              x15, 0x1c000000     x15=1c000000
14247114ns          251026 1c0087a2 01c7a783 lw               x15, 28(x15)        x15=3fc90fdb x15:1c000000  PA:1c00001c
14247432ns          251042 1c0087a6 a0f517d3 flt.s            x15, f10, f15       x15=00000000 f10:4067d2f8 f15:3fc90fdb
14247452ns          251043 1c0087aa 02079563 bne              x15, x0, 42         x15:00000000
14247472ns          251044 1c0087ac 1c0007b7 lui              x15, 0x1c000000     x15=1c000000
14247492ns          251045 1c0087b0 1007a783 lw               x15, 256(x15)       x15=40490fdb x15:1c000000  PA:1c000100
14247830ns          251062 1c0087b4 a0f51753 flt.s            x14, f10, f15       x14=00000000 f10:4067d2f8 f15:40490fdb
14247850ns          251063 1c0087b8 06071f63 bne              x14, x0, 126        x14:00000000
14247870ns          251064 1c0087ba 1c000737 lui              x14, 0x1c000000     x14=1c000000
14247890ns          251065 1c0087be 14072703 lw               x14, 320(x14)       x14=4096cbe4 x14:1c000000  PA:1c000140
14248208ns          251081 1c0087c2 a0e51753 flt.s            x14, f10, f14       x14=00000001 f10:4067d2f8 f14:4096cbe4
14248228ns          251082 1c0087c6 0a071b63 bne              x14, x0, 182        x14:00000001
14248288ns          251085 1c00887c 08f57553 fsub.s           f10, f10, f15       f10=xxxxxxxx f10:4067d2f8 f15:40490fdb
14248308ns          251086 1c008880 fbbff06f jal              x0, -70            
14248367ns          251089 1c00883a 10a57553 fmul.s           f10, f10, f10       f10=xxxxxxxx f10:3ef618e8 f10:3ef618e8
14248387ns          251090 1c00883e 1c0007b7 lui              x15, 0x1c000000     x15=1c000000
14248407ns          251091 1c008842 1c000737 lui              x14, 0x1c000000     x14=1c000000
14248427ns          251092 1c008846 13472703 lw               x14, 308(x14)       x14=bab59551 x14:1c000000  PA:1c000134
14248745ns          251108 1c00884a 1307a783 lw               x15, 304(x15)       x15=37c23ab1 x15:1c000000  PA:1c000130
14249063ns          251124 1c00884e 70f577c3 fmadd.s          f15, f10, f15, f14  f15=xxxxxxxx f10:3e6c93e0 f15:37c23ab1 f14:bab59551
14249083ns          251125 1c008852 1c000737 lui              x14, 0x1c000000     x14=1c000000
14249103ns          251126 1c008856 13872703 lw               x14, 312(x14)       x14=3d2aa76f x14:1c000000  PA:1c000138
14249421ns          251142 1c00885a 70f577c3 fmadd.s          f15, f10, f15, f14  f15=xxxxxxxx f10:3e6c93e0 f15:bab4e1d3 f14:3d2aa76f
14249441ns          251143 1c00885e 1c000737 lui              x14, 0x1c000000     x14=1c000000
14249461ns          251144 1c008862 13c72703 lw               x14, 316(x14)       x14=beffffe0 x14:1c000000  PA:1c00013c
14249779ns          251160 1c008866 70f577c3 fmadd.s          f15, f10, f15, f14  f15=xxxxxxxx f10:3e6c93e0 f15:3d29591e f14:beffffe0
14249799ns          251161 1c00886a 1c000737 lui              x14, 0x1c000000     x14=1c000000
14249819ns          251162 1c00886e 16872703 lw               x14, 360(x14)       x14=3f7fffff x14:1c000000  PA:1c000168
14250137ns          251178 1c008872 70f57543 fmadd.s          f10, f10, f15, f14  f10=xxxxxxxx f10:3e6c93e0 f15:befb1be0 f14:3f7fffff
14250157ns          251179 1c008876 20a51553 fsgnjn.s         f10, f10, f10       f10=xxxxxxxx f10:3f62fe27 f10:3f62fe27
14250177ns          251180 1c00887a 00008067 jalr             x0, x1, 0            x1:1c0081de
14250237ns          251183 1c0081de 016a7a53 fadd.s           f20, f20, f22       f20=xxxxxxxx f20:40a62d73 f22:3e533fc3
14250257ns          251184 1c0081e2 10acf553 fmul.s           f10, f25, f10       f10=xxxxxxxx f25:3f800000 f10:bf62fe27
14250277ns          251185 1c0081e6 a14a97d3 flt.s            x15, f21, f20       x15=00000000 f21:40c90fdb f20:40acc771
14250297ns          251186 1c0081ea 00a4222b p.sw             x10, 4(x8!)          x8=10000ef4 x10:bf62fe27  x8:10000ef0  PA:10000ef0
14250316ns          251187 1c0081ee 00078363 beq              x15, x0, 6          x15:00000000
14250376ns          251190 1c0081f4 ff7412e3 bne              x8, x23, -28         x8:10000ef4 x23:10000fc8
14250436ns          251193 1c0081d8 094c7553 fsub.s           f10, f24, f20       f10=xxxxxxxx f24:3fc90fdb f20:40acc771
14250456ns          251194 1c0081dc 57c000ef jal              x1, 1404             x1=1c0081de
14250496ns          251196 1c008758 a0a527d3 feq.s            x15, f10, f10       x15=00000001 f10:c07506f4 f10:c07506f4
14250515ns          251197 1c00875c 0a078b63 beq              x15, x0, 182        x15:00000001
14250535ns          251198 1c00875e e00517d3 fclass.s         x15, f10            x15=00000002 f10:c07506f4
14250555ns          251199 1c008762 0817f793 andi             x15, x15, 129       x15=00000000 x15:00000002
14250575ns          251200 1c008766 0a079663 bne              x15, x0, 172        x15:00000000
14250595ns          251201 1c008768 00000793 addi             x15, x0, 0          x15=00000000
14250615ns          251202 1c00876c a0f517d3 flt.s            x15, f10, f15       x15=00000001 f10:c07506f4 f15:00000000
14250635ns          251203 1c008770 0a079663 bne              x15, x0, 172        x15:00000001
14250694ns          251206 1c00881c 1c0007b7 lui              x15, 0x1c000000     x15=1c000000
14250714ns          251207 1c008820 12c7a783 lw               x15, 300(x15)       x15=c0c90fdb x15:1c000000  PA:1c00012c
14251033ns          251223 1c008824 a0f517d3 flt.s            x15, f10, f15       x15=00000000 f10:c07506f4 f15:c0c90fdb
14251052ns          251224 1c008828 00078463 beq              x15, x0, 8          x15:00000000
14251112ns          251227 1c008830 20a51553 fsgnjn.s         f10, f10, f10       f10=xxxxxxxx f10:c07506f4 f10:c07506f4
14251132ns          251228 1c008834 f6bff06f jal              x0, -150           
14251192ns          251231 1c00879e 1c0007b7 lui              x15, 0x1c000000     x15=1c000000
14251212ns          251232 1c0087a2 01c7a783 lw               x15, 28(x15)        x15=3fc90fdb x15:1c000000  PA:1c00001c
14251530ns          251248 1c0087a6 a0f517d3 flt.s            x15, f10, f15       x15=00000000 f10:407506f4 f15:3fc90fdb
14251550ns          251249 1c0087aa 02079563 bne              x15, x0, 42         x15:00000000
14251570ns          251250 1c0087ac 1c0007b7 lui              x15, 0x1c000000     x15=1c000000
14251589ns          251251 1c0087b0 1007a783 lw               x15, 256(x15)       x15=40490fdb x15:1c000000  PA:1c000100
14251928ns          251268 1c0087b4 a0f51753 flt.s            x14, f10, f15       x14=00000000 f10:407506f4 f15:40490fdb
14251948ns          251269 1c0087b8 06071f63 bne              x14, x0, 126        x14:00000000
14251967ns          251270 1c0087ba 1c000737 lui              x14, 0x1c000000     x14=1c000000
14251987ns          251271 1c0087be 14072703 lw               x14, 320(x14)       x14=4096cbe4 x14:1c000000  PA:1c000140
14252306ns          251287 1c0087c2 a0e51753 flt.s            x14, f10, f14       x14=00000001 f10:407506f4 f14:4096cbe4
14252325ns          251288 1c0087c6 0a071b63 bne              x14, x0, 182        x14:00000001
14252385ns          251291 1c00887c 08f57553 fsub.s           f10, f10, f15       f10=xxxxxxxx f10:407506f4 f15:40490fdb
14252405ns          251292 1c008880 fbbff06f jal              x0, -70            
14252465ns          251295 1c00883a 10a57553 fmul.s           f10, f10, f10       f10=xxxxxxxx f10:3f2fdc64 f10:3f2fdc64
14252485ns          251296 1c00883e 1c0007b7 lui              x15, 0x1c000000     x15=1c000000
14252504ns          251297 1c008842 1c000737 lui              x14, 0x1c000000     x14=1c000000
14252524ns          251298 1c008846 13472703 lw               x14, 308(x14)       x14=bab59551 x14:1c000000  PA:1c000134
14252823ns          251313 1c00884a 1307a783 lw               x15, 304(x15)       x15=37c23ab1 x15:1c000000  PA:1c000130
14253141ns          251329 1c00884e 70f577c3 fmadd.s          f15, f10, f15, f14  f15=xxxxxxxx f10:3ef19e1d f15:37c23ab1 f14:bab59551
14253161ns          251330 1c008852 1c000737 lui              x14, 0x1c000000     x14=1c000000
14253181ns          251331 1c008856 13872703 lw               x14, 312(x14)       x14=3d2aa76f x14:1c000000  PA:1c000138
14253499ns          251347 1c00885a 70f577c3 fmadd.s          f15, f10, f15, f14  f15=xxxxxxxx f10:3ef19e1d f15:bab426af f14:3d2aa76f
14253519ns          251348 1c00885e 1c000737 lui              x14, 0x1c000000     x14=1c000000
14253539ns          251349 1c008862 13c72703 lw               x14, 316(x14)       x14=beffffe0 x14:1c000000  PA:1c00013c
14253857ns          251365 1c008866 70f577c3 fmadd.s          f15, f10, f15, f14  f15=xxxxxxxx f10:3ef19e1d f15:3d27ff50 f14:beffffe0
14253877ns          251366 1c00886a 1c000737 lui              x14, 0x1c000000     x14=1c000000
14253897ns          251367 1c00886e 16872703 lw               x14, 360(x14)       x14=3f7fffff x14:1c000000  PA:1c000168
14254235ns          251384 1c008872 70f57543 fmadd.s          f10, f10, f15, f14  f10=xxxxxxxx f10:3ef19e1d f15:bef616ee f14:3f7fffff
14254255ns          251385 1c008876 20a51553 fsgnjn.s         f10, f10, f10       f10=xxxxxxxx f10:3f45ef1a f10:3f45ef1a
14254275ns          251386 1c00887a 00008067 jalr             x0, x1, 0            x1:1c0081de
14254334ns          251389 1c0081de 016a7a53 fadd.s           f20, f20, f22       f20=xxxxxxxx f20:40acc771 f22:3e533fc3
14254354ns          251390 1c0081e2 10acf553 fmul.s           f10, f25, f10       f10=xxxxxxxx f25:3f800000 f10:bf45ef1a
14254374ns          251391 1c0081e6 a14a97d3 flt.s            x15, f21, f20       x15=00000000 f21:40c90fdb f20:40b3616f
14254394ns          251392 1c0081ea 00a4222b p.sw             x10, 4(x8!)          x8=10000ef8 x10:bf45ef1a  x8:10000ef4  PA:10000ef4
14254414ns          251393 1c0081ee 00078363 beq              x15, x0, 6          x15:00000000
14254474ns          251396 1c0081f4 ff7412e3 bne              x8, x23, -28         x8:10000ef8 x23:10000fc8
14254533ns          251399 1c0081d8 094c7553 fsub.s           f10, f24, f20       f10=xxxxxxxx f24:3fc90fdb f20:40b3616f
14254553ns          251400 1c0081dc 57c000ef jal              x1, 1404             x1=1c0081de
14254593ns          251402 1c008758 a0a527d3 feq.s            x15, f10, f10       x15=00000001 f10:c0811d78 f10:c0811d78
14254613ns          251403 1c00875c 0a078b63 beq              x15, x0, 182        x15:00000001
14254633ns          251404 1c00875e e00517d3 fclass.s         x15, f10            x15=00000002 f10:c0811d78
14254653ns          251405 1c008762 0817f793 andi             x15, x15, 129       x15=00000000 x15:00000002
14254673ns          251406 1c008766 0a079663 bne              x15, x0, 172        x15:00000000
14254692ns          251407 1c008768 00000793 addi             x15, x0, 0          x15=00000000
14254712ns          251408 1c00876c a0f517d3 flt.s            x15, f10, f15       x15=00000001 f10:c0811d78 f15:00000000
14254732ns          251409 1c008770 0a079663 bne              x15, x0, 172        x15:00000001
14254792ns          251412 1c00881c 1c0007b7 lui              x15, 0x1c000000     x15=1c000000
14254812ns          251413 1c008820 12c7a783 lw               x15, 300(x15)       x15=c0c90fdb x15:1c000000  PA:1c00012c
14255150ns          251430 1c008824 a0f517d3 flt.s            x15, f10, f15       x15=00000000 f10:c0811d78 f15:c0c90fdb
14255170ns          251431 1c008828 00078463 beq              x15, x0, 8          x15:00000000
14255230ns          251434 1c008830 20a51553 fsgnjn.s         f10, f10, f10       f10=xxxxxxxx f10:c0811d78 f10:c0811d78
14255249ns          251435 1c008834 f6bff06f jal              x0, -150           
14255309ns          251438 1c00879e 1c0007b7 lui              x15, 0x1c000000     x15=1c000000
14255329ns          251439 1c0087a2 01c7a783 lw               x15, 28(x15)        x15=3fc90fdb x15:1c000000  PA:1c00001c
14255647ns          251455 1c0087a6 a0f517d3 flt.s            x15, f10, f15       x15=00000000 f10:40811d78 f15:3fc90fdb
14255667ns          251456 1c0087aa 02079563 bne              x15, x0, 42         x15:00000000
14255687ns          251457 1c0087ac 1c0007b7 lui              x15, 0x1c000000     x15=1c000000
14255707ns          251458 1c0087b0 1007a783 lw               x15, 256(x15)       x15=40490fdb x15:1c000000  PA:1c000100
14256025ns          251474 1c0087b4 a0f51753 flt.s            x14, f10, f15       x14=00000000 f10:40811d78 f15:40490fdb
14256045ns          251475 1c0087b8 06071f63 bne              x14, x0, 126        x14:00000000
14256065ns          251476 1c0087ba 1c000737 lui              x14, 0x1c000000     x14=1c000000
14256085ns          251477 1c0087be 14072703 lw               x14, 320(x14)       x14=4096cbe4 x14:1c000000  PA:1c000140
14256403ns          251493 1c0087c2 a0e51753 flt.s            x14, f10, f14       x14=00000001 f10:40811d78 f14:4096cbe4
14256423ns          251494 1c0087c6 0a071b63 bne              x14, x0, 182        x14:00000001
14256483ns          251497 1c00887c 08f57553 fsub.s           f10, f10, f15       f10=xxxxxxxx f10:40811d78 f15:40490fdb
14256503ns          251498 1c008880 fbbff06f jal              x0, -70            
14256562ns          251501 1c00883a 10a57553 fmul.s           f10, f10, f10       f10=xxxxxxxx f10:3f64ac54 f10:3f64ac54
14256582ns          251502 1c00883e 1c0007b7 lui              x15, 0x1c000000     x15=1c000000
14256602ns          251503 1c008842 1c000737 lui              x14, 0x1c000000     x14=1c000000
14256622ns          251504 1c008846 13472703 lw               x14, 308(x14)       x14=bab59551 x14:1c000000  PA:1c000134
14256940ns          251520 1c00884a 1307a783 lw               x15, 304(x15)       x15=37c23ab1 x15:1c000000  PA:1c000130
14257278ns          251537 1c00884e 70f577c3 fmadd.s          f15, f10, f15, f14  f15=xxxxxxxx f10:3f4c436a f15:37c23ab1 f14:bab59551
14257298ns          251538 1c008852 1c000737 lui              x14, 0x1c000000     x14=1c000000
14257318ns          251539 1c008856 13872703 lw               x14, 312(x14)       x14=3d2aa76f x14:1c000000  PA:1c000138
14257636ns          251555 1c00885a 70f577c3 fmadd.s          f15, f10, f15, f14  f15=xxxxxxxx f10:3f4c436a f15:bab32969 f14:3d2aa76f
14257656ns          251556 1c00885e 1c000737 lui              x14, 0x1c000000     x14=1c000000
14257676ns          251557 1c008862 13c72703 lw               x14, 316(x14)       x14=beffffe0 x14:1c000000  PA:1c00013c
14257994ns          251573 1c008866 70f577c3 fmadd.s          f15, f10, f15, f14  f15=xxxxxxxx f10:3f4c436a f15:3d262fce f14:beffffe0
14258014ns          251574 1c00886a 1c000737 lui              x14, 0x1c000000     x14=1c000000
14258034ns          251575 1c00886e 16872703 lw               x14, 360(x14)       x14=3f7fffff x14:1c000000  PA:1c000168
14258372ns          251592 1c008872 70f57543 fmadd.s          f10, f10, f15, f14  f10=xxxxxxxx f10:3f4c436a f15:beef6ca5 f14:3f7fffff
14258392ns          251593 1c008876 20a51553 fsgnjn.s         f10, f10, f10       f10=xxxxxxxx f10:3f207b2f f10:3f207b2f
14258412ns          251594 1c00887a 00008067 jalr             x0, x1, 0            x1:1c0081de
14258472ns          251597 1c0081de 016a7a53 fadd.s           f20, f20, f22       f20=xxxxxxxx f20:40b3616f f22:3e533fc3
14258492ns          251598 1c0081e2 10acf553 fmul.s           f10, f25, f10       f10=xxxxxxxx f25:3f800000 f10:bf207b2f
14258511ns          251599 1c0081e6 a14a97d3 flt.s            x15, f21, f20       x15=00000000 f21:40c90fdb f20:40b9fb6d
14258531ns          251600 1c0081ea 00a4222b p.sw             x10, 4(x8!)          x8=10000efc x10:bf207b2f  x8:10000ef8  PA:10000ef8
14258551ns          251601 1c0081ee 00078363 beq              x15, x0, 6          x15:00000000
14258611ns          251604 1c0081f4 ff7412e3 bne              x8, x23, -28         x8:10000efc x23:10000fc8
14258671ns          251607 1c0081d8 094c7553 fsub.s           f10, f24, f20       f10=xxxxxxxx f24:3fc90fdb f20:40b9fb6d
14258690ns          251608 1c0081dc 57c000ef jal              x1, 1404             x1=1c0081de
14258730ns          251610 1c008758 a0a527d3 feq.s            x15, f10, f10       x15=00000001 f10:c087b776 f10:c087b776
14258750ns          251611 1c00875c 0a078b63 beq              x15, x0, 182        x15:00000001
14258770ns          251612 1c00875e e00517d3 fclass.s         x15, f10            x15=00000002 f10:c087b776
14258790ns          251613 1c008762 0817f793 andi             x15, x15, 129       x15=00000000 x15:00000002
14258810ns          251614 1c008766 0a079663 bne              x15, x0, 172        x15:00000000
14258830ns          251615 1c008768 00000793 addi             x15, x0, 0          x15=00000000
14258850ns          251616 1c00876c a0f517d3 flt.s            x15, f10, f15       x15=00000001 f10:c087b776 f15:00000000
14258870ns          251617 1c008770 0a079663 bne              x15, x0, 172        x15:00000001
14258929ns          251620 1c00881c 1c0007b7 lui              x15, 0x1c000000     x15=1c000000
14258949ns          251621 1c008820 12c7a783 lw               x15, 300(x15)       x15=c0c90fdb x15:1c000000  PA:1c00012c
14259267ns          251637 1c008824 a0f517d3 flt.s            x15, f10, f15       x15=00000000 f10:c087b776 f15:c0c90fdb
14259287ns          251638 1c008828 00078463 beq              x15, x0, 8          x15:00000000
14259347ns          251641 1c008830 20a51553 fsgnjn.s         f10, f10, f10       f10=xxxxxxxx f10:c087b776 f10:c087b776
14259367ns          251642 1c008834 f6bff06f jal              x0, -150           
14259426ns          251645 1c00879e 1c0007b7 lui              x15, 0x1c000000     x15=1c000000
14259446ns          251646 1c0087a2 01c7a783 lw               x15, 28(x15)        x15=3fc90fdb x15:1c000000  PA:1c00001c
14259765ns          251662 1c0087a6 a0f517d3 flt.s            x15, f10, f15       x15=00000000 f10:4087b776 f15:3fc90fdb
14259784ns          251663 1c0087aa 02079563 bne              x15, x0, 42         x15:00000000
14259804ns          251664 1c0087ac 1c0007b7 lui              x15, 0x1c000000     x15=1c000000
14259824ns          251665 1c0087b0 1007a783 lw               x15, 256(x15)       x15=40490fdb x15:1c000000  PA:1c000100
14260143ns          251681 1c0087b4 a0f51753 flt.s            x14, f10, f15       x14=00000000 f10:4087b776 f15:40490fdb
14260162ns          251682 1c0087b8 06071f63 bne              x14, x0, 126        x14:00000000
14260182ns          251683 1c0087ba 1c000737 lui              x14, 0x1c000000     x14=1c000000
14260202ns          251684 1c0087be 14072703 lw               x14, 320(x14)       x14=4096cbe4 x14:1c000000  PA:1c000140
14260520ns          251700 1c0087c2 a0e51753 flt.s            x14, f10, f14       x14=00000001 f10:4087b776 f14:4096cbe4
14260540ns          251701 1c0087c6 0a071b63 bne              x14, x0, 182        x14:00000001
14260600ns          251704 1c00887c 08f57553 fsub.s           f10, f10, f15       f10=xxxxxxxx f10:4087b776 f15:40490fdb
14260620ns          251705 1c008880 fbbff06f jal              x0, -70            
14260680ns          251708 1c00883a 10a57553 fmul.s           f10, f10, f10       f10=xxxxxxxx f10:3f8cbe22 f10:3f8cbe22
14260699ns          251709 1c00883e 1c0007b7 lui              x15, 0x1c000000     x15=1c000000
14260719ns          251710 1c008842 1c000737 lui              x14, 0x1c000000     x14=1c000000
14260739ns          251711 1c008846 13472703 lw               x14, 308(x14)       x14=bab59551 x14:1c000000  PA:1c000134
14261038ns          251726 1c00884a 1307a783 lw               x15, 304(x15)       x15=37c23ab1 x15:1c000000  PA:1c000130
14261356ns          251742 1c00884e 70f577c3 fmadd.s          f15, f10, f15, f14  f15=xxxxxxxx f10:3f9ac105 f15:37c23ab1 f14:bab59551
14261376ns          251743 1c008852 1c000737 lui              x14, 0x1c000000     x14=1c000000
14261396ns          251744 1c008856 13872703 lw               x14, 312(x14)       x14=3d2aa76f x14:1c000000  PA:1c000138
14261714ns          251760 1c00885a 70f577c3 fmadd.s          f15, f10, f15, f14  f15=xxxxxxxx f10:3f9ac105 f15:bab1ea03 f14:3d2aa76f
14261734ns          251761 1c00885e 1c000737 lui              x14, 0x1c000000     x14=1c000000
14261754ns          251762 1c008862 13c72703 lw               x14, 316(x14)       x14=beffffe0 x14:1c000000  PA:1c00013c
14262072ns          251778 1c008866 70f577c3 fmadd.s          f15, f10, f15, f14  f15=xxxxxxxx f10:3f9ac105 f15:3d23eea0 f14:beffffe0
14262092ns          251779 1c00886a 1c000737 lui              x14, 0x1c000000     x14=1c000000
14262112ns          251780 1c00886e 16872703 lw               x14, 360(x14)       x14=3f7fffff x14:1c000000  PA:1c000168
14262490ns          251799 1c008872 70f57543 fmadd.s          f10, f10, f15, f14  f10=xxxxxxxx f10:3f9ac105 f15:bee73996 f14:3f7fffff
14262510ns          251800 1c008876 20a51553 fsgnjn.s         f10, f10, f10       f10=xxxxxxxx f10:3ee87208 f10:3ee87208
14262529ns          251801 1c00887a 00008067 jalr             x0, x1, 0            x1:1c0081de
14262589ns          251804 1c0081de 016a7a53 fadd.s           f20, f20, f22       f20=xxxxxxxx f20:40b9fb6d f22:3e533fc3
14262609ns          251805 1c0081e2 10acf553 fmul.s           f10, f25, f10       f10=xxxxxxxx f25:3f800000 f10:bee87208
14262629ns          251806 1c0081e6 a14a97d3 flt.s            x15, f21, f20       x15=00000000 f21:40c90fdb f20:40c0956b
14262649ns          251807 1c0081ea 00a4222b p.sw             x10, 4(x8!)          x8=10000f00 x10:bee87208  x8:10000efc  PA:10000efc
14262669ns          251808 1c0081ee 00078363 beq              x15, x0, 6          x15:00000000
14262728ns          251811 1c0081f4 ff7412e3 bne              x8, x23, -28         x8:10000f00 x23:10000fc8
14262788ns          251814 1c0081d8 094c7553 fsub.s           f10, f24, f20       f10=xxxxxxxx f24:3fc90fdb f20:40c0956b
14262808ns          251815 1c0081dc 57c000ef jal              x1, 1404             x1=1c0081de
14262848ns          251817 1c008758 a0a527d3 feq.s            x15, f10, f10       x15=00000001 f10:c08e5174 f10:c08e5174
14262868ns          251818 1c00875c 0a078b63 beq              x15, x0, 182        x15:00000001
14262887ns          251819 1c00875e e00517d3 fclass.s         x15, f10            x15=00000002 f10:c08e5174
14262907ns          251820 1c008762 0817f793 andi             x15, x15, 129       x15=00000000 x15:00000002
14262927ns          251821 1c008766 0a079663 bne              x15, x0, 172        x15:00000000
14262947ns          251822 1c008768 00000793 addi             x15, x0, 0          x15=00000000
14262967ns          251823 1c00876c a0f517d3 flt.s            x15, f10, f15       x15=00000001 f10:c08e5174 f15:00000000
14262987ns          251824 1c008770 0a079663 bne              x15, x0, 172        x15:00000001
14263047ns          251827 1c00881c 1c0007b7 lui              x15, 0x1c000000     x15=1c000000
14263066ns          251828 1c008820 12c7a783 lw               x15, 300(x15)       x15=c0c90fdb x15:1c000000  PA:1c00012c
14263385ns          251844 1c008824 a0f517d3 flt.s            x15, f10, f15       x15=00000000 f10:c08e5174 f15:c0c90fdb
14263405ns          251845 1c008828 00078463 beq              x15, x0, 8          x15:00000000
14263464ns          251848 1c008830 20a51553 fsgnjn.s         f10, f10, f10       f10=xxxxxxxx f10:c08e5174 f10:c08e5174
14263484ns          251849 1c008834 f6bff06f jal              x0, -150           
14263544ns          251852 1c00879e 1c0007b7 lui              x15, 0x1c000000     x15=1c000000
14263564ns          251853 1c0087a2 01c7a783 lw               x15, 28(x15)        x15=3fc90fdb x15:1c000000  PA:1c00001c
14263922ns          251871 1c0087a6 a0f517d3 flt.s            x15, f10, f15       x15=00000000 f10:408e5174 f15:3fc90fdb
14263942ns          251872 1c0087aa 02079563 bne              x15, x0, 42         x15:00000000
14263962ns          251873 1c0087ac 1c0007b7 lui              x15, 0x1c000000     x15=1c000000
14263981ns          251874 1c0087b0 1007a783 lw               x15, 256(x15)       x15=40490fdb x15:1c000000  PA:1c000100
14264320ns          251891 1c0087b4 a0f51753 flt.s            x14, f10, f15       x14=00000000 f10:408e5174 f15:40490fdb
14264339ns          251892 1c0087b8 06071f63 bne              x14, x0, 126        x14:00000000
14264359ns          251893 1c0087ba 1c000737 lui              x14, 0x1c000000     x14=1c000000
14264379ns          251894 1c0087be 14072703 lw               x14, 320(x14)       x14=4096cbe4 x14:1c000000  PA:1c000140
14264717ns          251911 1c0087c2 a0e51753 flt.s            x14, f10, f14       x14=00000001 f10:408e5174 f14:4096cbe4
14264737ns          251912 1c0087c6 0a071b63 bne              x14, x0, 182        x14:00000001
14264797ns          251915 1c00887c 08f57553 fsub.s           f10, f10, f15       f10=xxxxxxxx f10:408e5174 f15:40490fdb
14264817ns          251916 1c008880 fbbff06f jal              x0, -70            
14264877ns          251919 1c00883a 10a57553 fmul.s           f10, f10, f10       f10=xxxxxxxx f10:3fa7261a f10:3fa7261a
14264896ns          251920 1c00883e 1c0007b7 lui              x15, 0x1c000000     x15=1c000000
14264916ns          251921 1c008842 1c000737 lui              x14, 0x1c000000     x14=1c000000
14264936ns          251922 1c008846 13472703 lw               x14, 308(x14)       x14=bab59551 x14:1c000000  PA:1c000134
14265254ns          251938 1c00884a 1307a783 lw               x15, 304(x15)       x15=37c23ab1 x15:1c000000  PA:1c000130
14265573ns          251954 1c00884e 70f577c3 fmadd.s          f15, f10, f15, f14  f15=xxxxxxxx f10:3fda4577 f15:37c23ab1 f14:bab59551
14265593ns          251955 1c008852 1c000737 lui              x14, 0x1c000000     x14=1c000000
14265612ns          251956 1c008856 13872703 lw               x14, 312(x14)       x14=3d2aa76f x14:1c000000  PA:1c000138
14265931ns          251972 1c00885a 70f577c3 fmadd.s          f15, f10, f15, f14  f15=xxxxxxxx f10:3fda4577 f15:bab0687c f14:3d2aa76f
14265951ns          251973 1c00885e 1c000737 lui              x14, 0x1c000000     x14=1c000000
14265971ns          251974 1c008862 13c72703 lw               x14, 316(x14)       x14=beffffe0 x14:1c000000  PA:1c00013c
14266289ns          251990 1c008866 70f577c3 fmadd.s          f15, f10, f15, f14  f15=xxxxxxxx f10:3fda4577 f15:3d2140e2 f14:beffffe0
14266309ns          251991 1c00886a 1c000737 lui              x14, 0x1c000000     x14=1c000000
14266329ns          251992 1c00886e 16872703 lw               x14, 360(x14)       x14=3f7fffff x14:1c000000  PA:1c000168
14266687ns          252010 1c008872 70f57543 fmadd.s          f10, f10, f15, f14  f10=xxxxxxxx f10:3fda4577 f15:bedda0a0 f14:3f7fffff
14266706ns          252011 1c008876 20a51553 fsgnjn.s         f10, f10, f10       f10=xxxxxxxx f10:3e861227 f10:3e861227
14266726ns          252012 1c00887a 00008067 jalr             x0, x1, 0            x1:1c0081de
14266786ns          252015 1c0081de 016a7a53 fadd.s           f20, f20, f22       f20=xxxxxxxx f20:40c0956b f22:3e533fc3
14266806ns          252016 1c0081e2 10acf553 fmul.s           f10, f25, f10       f10=xxxxxxxx f25:3f800000 f10:be861227
14266826ns          252017 1c0081e6 a14a97d3 flt.s            x15, f21, f20       x15=00000000 f21:40c90fdb f20:40c72f69
14266846ns          252018 1c0081ea 00a4222b p.sw             x10, 4(x8!)          x8=10000f04 x10:be861227  x8:10000f00  PA:10000f00
14266866ns          252019 1c0081ee 00078363 beq              x15, x0, 6          x15:00000000
14266925ns          252022 1c0081f4 ff7412e3 bne              x8, x23, -28         x8:10000f04 x23:10000fc8
14266985ns          252025 1c0081d8 094c7553 fsub.s           f10, f24, f20       f10=xxxxxxxx f24:3fc90fdb f20:40c72f69
14267005ns          252026 1c0081dc 57c000ef jal              x1, 1404             x1=1c0081de
14267045ns          252028 1c008758 a0a527d3 feq.s            x15, f10, f10       x15=00000001 f10:c094eb72 f10:c094eb72
14267065ns          252029 1c00875c 0a078b63 beq              x15, x0, 182        x15:00000001
14267084ns          252030 1c00875e e00517d3 fclass.s         x15, f10            x15=00000002 f10:c094eb72
14267104ns          252031 1c008762 0817f793 andi             x15, x15, 129       x15=00000000 x15:00000002
14267124ns          252032 1c008766 0a079663 bne              x15, x0, 172        x15:00000000
14267144ns          252033 1c008768 00000793 addi             x15, x0, 0          x15=00000000
14267164ns          252034 1c00876c a0f517d3 flt.s            x15, f10, f15       x15=00000001 f10:c094eb72 f15:00000000
14267184ns          252035 1c008770 0a079663 bne              x15, x0, 172        x15:00000001
14267244ns          252038 1c00881c 1c0007b7 lui              x15, 0x1c000000     x15=1c000000
14267263ns          252039 1c008820 12c7a783 lw               x15, 300(x15)       x15=c0c90fdb x15:1c000000  PA:1c00012c
14267582ns          252055 1c008824 a0f517d3 flt.s            x15, f10, f15       x15=00000000 f10:c094eb72 f15:c0c90fdb
14267602ns          252056 1c008828 00078463 beq              x15, x0, 8          x15:00000000
14267661ns          252059 1c008830 20a51553 fsgnjn.s         f10, f10, f10       f10=xxxxxxxx f10:c094eb72 f10:c094eb72
14267681ns          252060 1c008834 f6bff06f jal              x0, -150           
14267741ns          252063 1c00879e 1c0007b7 lui              x15, 0x1c000000     x15=1c000000
14267761ns          252064 1c0087a2 01c7a783 lw               x15, 28(x15)        x15=3fc90fdb x15:1c000000  PA:1c00001c
14268079ns          252080 1c0087a6 a0f517d3 flt.s            x15, f10, f15       x15=00000000 f10:4094eb72 f15:3fc90fdb
14268099ns          252081 1c0087aa 02079563 bne              x15, x0, 42         x15:00000000
14268119ns          252082 1c0087ac 1c0007b7 lui              x15, 0x1c000000     x15=1c000000
14268139ns          252083 1c0087b0 1007a783 lw               x15, 256(x15)       x15=40490fdb x15:1c000000  PA:1c000100
14268477ns          252100 1c0087b4 a0f51753 flt.s            x14, f10, f15       x14=00000000 f10:4094eb72 f15:40490fdb
14268497ns          252101 1c0087b8 06071f63 bne              x14, x0, 126        x14:00000000
14268517ns          252102 1c0087ba 1c000737 lui              x14, 0x1c000000     x14=1c000000
14268536ns          252103 1c0087be 14072703 lw               x14, 320(x14)       x14=4096cbe4 x14:1c000000  PA:1c000140
14268875ns          252120 1c0087c2 a0e51753 flt.s            x14, f10, f14       x14=00000001 f10:4094eb72 f14:4096cbe4
14268894ns          252121 1c0087c6 0a071b63 bne              x14, x0, 182        x14:00000001
14268954ns          252124 1c00887c 08f57553 fsub.s           f10, f10, f15       f10=xxxxxxxx f10:4094eb72 f15:40490fdb
14268974ns          252125 1c008880 fbbff06f jal              x0, -70            
14269034ns          252128 1c00883a 10a57553 fmul.s           f10, f10, f10       f10=xxxxxxxx f10:3fc18e12 f10:3fc18e12
14269054ns          252129 1c00883e 1c0007b7 lui              x15, 0x1c000000     x15=1c000000
14269073ns          252130 1c008842 1c000737 lui              x14, 0x1c000000     x14=1c000000
14269093ns          252131 1c008846 13472703 lw               x14, 308(x14)       x14=bab59551 x14:1c000000  PA:1c000134
14269412ns          252147 1c00884a 1307a783 lw               x15, 304(x15)       x15=37c23ab1 x15:1c000000  PA:1c000130
14269730ns          252163 1c00884e 70f577c3 fmadd.s          f15, f10, f15, f14  f15=xxxxxxxx f10:40125786 f15:37c23ab1 f14:bab59551
14269750ns          252164 1c008852 1c000737 lui              x14, 0x1c000000     x14=1c000000
14269770ns          252165 1c008856 13872703 lw               x14, 312(x14)       x14=3d2aa76f x14:1c000000  PA:1c000138
14270088ns          252181 1c00885a 70f577c3 fmadd.s          f15, f10, f15, f14  f15=xxxxxxxx f10:40125786 f15:baaea4d3 f14:3d2aa76f
14270108ns          252182 1c00885e 1c000737 lui              x14, 0x1c000000     x14=1c000000
14270128ns          252183 1c008862 13c72703 lw               x14, 316(x14)       x14=beffffe0 x14:1c000000  PA:1c00013c
14270446ns          252199 1c008866 70f577c3 fmadd.s          f15, f10, f15, f14  f15=xxxxxxxx f10:40125786 f15:3d1e2cb8 f14:beffffe0
14270466ns          252200 1c00886a 1c000737 lui              x14, 0x1c000000     x14=1c000000
14270486ns          252201 1c00886e 16872703 lw               x14, 360(x14)       x14=3f7fffff x14:1c000000  PA:1c000168
14270804ns          252217 1c008872 70f57543 fmadd.s          f10, f10, f15, f14  f10=xxxxxxxx f10:40125786 f15:bed2ca16 f14:3f7fffff
14270824ns          252218 1c008876 20a51553 fsgnjn.s         f10, f10, f10       f10=xxxxxxxx f10:3d7015be f10:3d7015be
14270844ns          252219 1c00887a 00008067 jalr             x0, x1, 0            x1:1c0081de
14270903ns          252222 1c0081de 016a7a53 fadd.s           f20, f20, f22       f20=xxxxxxxx f20:40c72f69 f22:3e533fc3
14270923ns          252223 1c0081e2 10acf553 fmul.s           f10, f25, f10       f10=xxxxxxxx f25:3f800000 f10:bd7015be
14270943ns          252224 1c0081e6 a14a97d3 flt.s            x15, f21, f20       x15=00000001 f21:40c90fdb f20:40cdc967
14270963ns          252225 1c0081ea 00a4222b p.sw             x10, 4(x8!)          x8=10000f08 x10:bd7015be  x8:10000f04  PA:10000f04
14270983ns          252226 1c0081ee 00078363 beq              x15, x0, 6          x15:00000001
14271003ns          252227 1c0081f0 095a7a53 fsub.s           f20, f20, f21       f20=xxxxxxxx f20:40cdc967 f21:40c90fdb
14271023ns          252228 1c0081f4 ff7412e3 bne              x8, x23, -28         x8:10000f08 x23:10000fc8
14271082ns          252231 1c0081d8 094c7553 fsub.s           f10, f24, f20       f10=xxxxxxxx f24:3fc90fdb f20:3e173180
14271102ns          252232 1c0081dc 57c000ef jal              x1, 1404             x1=1c0081de
14271142ns          252234 1c008758 a0a527d3 feq.s            x15, f10, f10       x15=00000001 f10:3fb629ab f10:3fb629ab
14271162ns          252235 1c00875c 0a078b63 beq              x15, x0, 182        x15:00000001
14271182ns          252236 1c00875e e00517d3 fclass.s         x15, f10            x15=00000040 f10:3fb629ab
14271202ns          252237 1c008762 0817f793 andi             x15, x15, 129       x15=00000000 x15:00000040
14271222ns          252238 1c008766 0a079663 bne              x15, x0, 172        x15:00000000
14271242ns          252239 1c008768 00000793 addi             x15, x0, 0          x15=00000000
14271261ns          252240 1c00876c a0f517d3 flt.s            x15, f10, f15       x15=00000000 f10:3fb629ab f15:00000000
14271281ns          252241 1c008770 0a079663 bne              x15, x0, 172        x15:00000000
14271301ns          252242 1c008772 1c000737 lui              x14, 0x1c000000     x14=1c000000
14271321ns          252243 1c008776 02072783 lw               x15, 32(x14)        x15=40c90fdb x14:1c000000  PA:1c000020
14271659ns          252260 1c00877a a0a797d3 flt.s            x15, f15, f10       x15=00000000 f15:40c90fdb f10:3fb629ab
14271679ns          252261 1c00877e 00078b63 beq              x15, x0, 22         x15:00000000
14271739ns          252264 1c008794 00000793 addi             x15, x0, 0          x15=00000000
14271759ns          252265 1c008798 a0f517d3 flt.s            x15, f10, f15       x15=00000000 f10:3fb629ab f15:00000000
14271779ns          252266 1c00879c 08079a63 bne              x15, x0, 148        x15:00000000
14271799ns          252267 1c00879e 1c0007b7 lui              x15, 0x1c000000     x15=1c000000
14271818ns          252268 1c0087a2 01c7a783 lw               x15, 28(x15)        x15=3fc90fdb x15:1c000000  PA:1c00001c
14272137ns          252284 1c0087a6 a0f517d3 flt.s            x15, f10, f15       x15=00000001 f10:3fb629ab f15:3fc90fdb
14272157ns          252285 1c0087aa 02079563 bne              x15, x0, 42         x15:00000001
14272216ns          252288 1c0087d4 10a57553 fmul.s           f10, f10, f10       f10=xxxxxxxx f10:3fb629ab f10:3fb629ab
14272236ns          252289 1c0087d8 1c0007b7 lui              x15, 0x1c000000     x15=1c000000
14272256ns          252290 1c0087dc 1c000737 lui              x14, 0x1c000000     x14=1c000000
14272276ns          252291 1c0087e0 13472703 lw               x14, 308(x14)       x14=bab59551 x14:1c000000  PA:1c000134
14272594ns          252307 1c0087e4 1307a783 lw               x15, 304(x15)       x15=37c23ab1 x15:1c000000  PA:1c000130
14272912ns          252323 1c0087e8 70f577c3 fmadd.s          f15, f10, f15, f14  f15=xxxxxxxx f10:40019f46 f15:37c23ab1 f14:bab59551
14272932ns          252324 1c0087ec 1c000737 lui              x14, 0x1c000000     x14=1c000000
14272952ns          252325 1c0087f0 13872703 lw               x14, 312(x14)       x14=3d2aa76f x14:1c000000  PA:1c000138
14273290ns          252342 1c0087f4 70f577c3 fmadd.s          f15, f10, f15, f14  f15=xxxxxxxx f10:40019f46 f15:baaf6fca f14:3d2aa76f
14273310ns          252343 1c0087f8 1c000737 lui              x14, 0x1c000000     x14=1c000000
14273330ns          252344 1c0087fc 13c72703 lw               x14, 316(x14)       x14=beffffe0 x14:1c000000  PA:1c00013c
14273648ns          252360 1c008800 70f577c3 fmadd.s          f15, f10, f15, f14  f15=xxxxxxxx f10:40019f46 f15:3d1f8ce0 f14:beffffe0
14273668ns          252361 1c008804 1c000737 lui              x14, 0x1c000000     x14=1c000000
14273688ns          252362 1c008808 16872703 lw               x14, 360(x14)       x14=3f7fffff x14:1c000000  PA:1c000168
14274006ns          252378 1c00880c 70f57543 fmadd.s          f10, f10, f15, f14  f10=xxxxxxxx f10:40019f46 f15:bed79b40 f14:3f7fffff
14274026ns          252379 1c008810 00008067 jalr             x0, x1, 0            x1:1c0081de
14274086ns          252382 1c0081de 016a7a53 fadd.s           f20, f20, f22       f20=xxxxxxxx f20:3e173180 f22:3e533fc3
14274106ns          252383 1c0081e2 10acf553 fmul.s           f10, f25, f10       f10=xxxxxxxx f25:3f800000 f10:3e16a4ff
14274126ns          252384 1c0081e6 a14a97d3 flt.s            x15, f21, f20       x15=00000000 f21:40c90fdb f20:3eb538a2
14274146ns          252385 1c0081ea 00a4222b p.sw             x10, 4(x8!)          x8=10000f0c x10:3e16a4ff  x8:10000f08  PA:10000f08
14274165ns          252386 1c0081ee 00078363 beq              x15, x0, 6          x15:00000000
14274225ns          252389 1c0081f4 ff7412e3 bne              x8, x23, -28         x8:10000f0c x23:10000fc8
14274285ns          252392 1c0081d8 094c7553 fsub.s           f10, f24, f20       f10=xxxxxxxx f24:3fc90fdb f20:3eb538a2
14274305ns          252393 1c0081dc 57c000ef jal              x1, 1404             x1=1c0081de
14274345ns          252395 1c008758 a0a527d3 feq.s            x15, f10, f10       x15=00000001 f10:3f9bc1b2 f10:3f9bc1b2
14274364ns          252396 1c00875c 0a078b63 beq              x15, x0, 182        x15:00000001
14274384ns          252397 1c00875e e00517d3 fclass.s         x15, f10            x15=00000040 f10:3f9bc1b2
14274404ns          252398 1c008762 0817f793 andi             x15, x15, 129       x15=00000000 x15:00000040
14274424ns          252399 1c008766 0a079663 bne              x15, x0, 172        x15:00000000
14274444ns          252400 1c008768 00000793 addi             x15, x0, 0          x15=00000000
14274464ns          252401 1c00876c a0f517d3 flt.s            x15, f10, f15       x15=00000000 f10:3f9bc1b2 f15:00000000
14274484ns          252402 1c008770 0a079663 bne              x15, x0, 172        x15:00000000
14274504ns          252403 1c008772 1c000737 lui              x14, 0x1c000000     x14=1c000000
14274524ns          252404 1c008776 02072783 lw               x15, 32(x14)        x15=40c90fdb x14:1c000000  PA:1c000020
14274842ns          252420 1c00877a a0a797d3 flt.s            x15, f15, f10       x15=00000000 f15:40c90fdb f10:3f9bc1b2
14274862ns          252421 1c00877e 00078b63 beq              x15, x0, 22         x15:00000000
14274921ns          252424 1c008794 00000793 addi             x15, x0, 0          x15=00000000
14274941ns          252425 1c008798 a0f517d3 flt.s            x15, f10, f15       x15=00000000 f10:3f9bc1b2 f15:00000000
14274961ns          252426 1c00879c 08079a63 bne              x15, x0, 148        x15:00000000
14274981ns          252427 1c00879e 1c0007b7 lui              x15, 0x1c000000     x15=1c000000
14275001ns          252428 1c0087a2 01c7a783 lw               x15, 28(x15)        x15=3fc90fdb x15:1c000000  PA:1c00001c
14275319ns          252444 1c0087a6 a0f517d3 flt.s            x15, f10, f15       x15=00000001 f10:3f9bc1b2 f15:3fc90fdb
14275339ns          252445 1c0087aa 02079563 bne              x15, x0, 42         x15:00000001
14275399ns          252448 1c0087d4 10a57553 fmul.s           f10, f10, f10       f10=xxxxxxxx f10:3f9bc1b2 f10:3f9bc1b2
14275419ns          252449 1c0087d8 1c0007b7 lui              x15, 0x1c000000     x15=1c000000
14275439ns          252450 1c0087dc 1c000737 lui              x14, 0x1c000000     x14=1c000000
14275458ns          252451 1c0087e0 13472703 lw               x14, 308(x14)       x14=bab59551 x14:1c000000  PA:1c000134
14275816ns          252469 1c0087e4 1307a783 lw               x15, 304(x15)       x15=37c23ab1 x15:1c000000  PA:1c000130
14276155ns          252486 1c0087e8 70f577c3 fmadd.s          f15, f10, f15, f14  f15=xxxxxxxx f10:3fbd8840 f15:37c23ab1 f14:bab59551
14276174ns          252487 1c0087ec 1c000737 lui              x14, 0x1c000000     x14=1c000000
14276194ns          252488 1c0087f0 13872703 lw               x14, 312(x14)       x14=3d2aa76f x14:1c000000  PA:1c000138
14276513ns          252504 1c0087f4 70f577c3 fmadd.s          f15, f10, f15, f14  f15=xxxxxxxx f10:3fbd8840 f15:bab116eb f14:3d2aa76f
14276532ns          252505 1c0087f8 1c000737 lui              x14, 0x1c000000     x14=1c000000
14276552ns          252506 1c0087fc 13c72703 lw               x14, 316(x14)       x14=beffffe0 x14:1c000000  PA:1c00013c
14276871ns          252522 1c008800 70f577c3 fmadd.s          f15, f10, f15, f14  f15=xxxxxxxx f10:3fbd8840 f15:3d2275ac f14:beffffe0
14276891ns          252523 1c008804 1c000737 lui              x14, 0x1c000000     x14=1c000000
14276910ns          252524 1c008808 16872703 lw               x14, 360(x14)       x14=3f7fffff x14:1c000000  PA:1c000168
14277268ns          252542 1c00880c 70f57543 fmadd.s          f10, f10, f15, f14  f10=xxxxxxxx f10:3fbd8840 f15:bee1ee0a f14:3f7fffff
14277288ns          252543 1c008810 00008067 jalr             x0, x1, 0            x1:1c0081de
14277348ns          252546 1c0081de 016a7a53 fadd.s           f20, f20, f22       f20=xxxxxxxx f20:3eb538a2 f22:3e533fc3
14277368ns          252547 1c0081e2 10acf553 fmul.s           f10, f25, f10       f10=xxxxxxxx f25:3f800000 f10:3eb17605
14277388ns          252548 1c0081e6 a14a97d3 flt.s            x15, f21, f20       x15=00000000 f21:40c90fdb f20:3f0f6c42
14277408ns          252549 1c0081ea 00a4222b p.sw             x10, 4(x8!)          x8=10000f10 x10:3eb17605  x8:10000f0c  PA:10000f0c
14277428ns          252550 1c0081ee 00078363 beq              x15, x0, 6          x15:00000000
14277487ns          252553 1c0081f4 ff7412e3 bne              x8, x23, -28         x8:10000f10 x23:10000fc8
14277547ns          252556 1c0081d8 094c7553 fsub.s           f10, f24, f20       f10=xxxxxxxx f24:3fc90fdb f20:3f0f6c42
14277567ns          252557 1c0081dc 57c000ef jal              x1, 1404             x1=1c0081de
14277607ns          252559 1c008758 a0a527d3 feq.s            x15, f10, f10       x15=00000001 f10:3f8159ba f10:3f8159ba
14277626ns          252560 1c00875c 0a078b63 beq              x15, x0, 182        x15:00000001
14277646ns          252561 1c00875e e00517d3 fclass.s         x15, f10            x15=00000040 f10:3f8159ba
14277666ns          252562 1c008762 0817f793 andi             x15, x15, 129       x15=00000000 x15:00000040
14277686ns          252563 1c008766 0a079663 bne              x15, x0, 172        x15:00000000
14277706ns          252564 1c008768 00000793 addi             x15, x0, 0          x15=00000000
14277726ns          252565 1c00876c a0f517d3 flt.s            x15, f10, f15       x15=00000000 f10:3f8159ba f15:00000000
14277746ns          252566 1c008770 0a079663 bne              x15, x0, 172        x15:00000000
14277766ns          252567 1c008772 1c000737 lui              x14, 0x1c000000     x14=1c000000
14277786ns          252568 1c008776 02072783 lw               x15, 32(x14)        x15=40c90fdb x14:1c000000  PA:1c000020
14278104ns          252584 1c00877a a0a797d3 flt.s            x15, f15, f10       x15=00000000 f15:40c90fdb f10:3f8159ba
14278124ns          252585 1c00877e 00078b63 beq              x15, x0, 22         x15:00000000
14278183ns          252588 1c008794 00000793 addi             x15, x0, 0          x15=00000000
14278203ns          252589 1c008798 a0f517d3 flt.s            x15, f10, f15       x15=00000000 f10:3f8159ba f15:00000000
14278223ns          252590 1c00879c 08079a63 bne              x15, x0, 148        x15:00000000
14278243ns          252591 1c00879e 1c0007b7 lui              x15, 0x1c000000     x15=1c000000
14278263ns          252592 1c0087a2 01c7a783 lw               x15, 28(x15)        x15=3fc90fdb x15:1c000000  PA:1c00001c
14278601ns          252609 1c0087a6 a0f517d3 flt.s            x15, f10, f15       x15=00000001 f10:3f8159ba f15:3fc90fdb
14278621ns          252610 1c0087aa 02079563 bne              x15, x0, 42         x15:00000001
14278681ns          252613 1c0087d4 10a57553 fmul.s           f10, f10, f10       f10=xxxxxxxx f10:3f8159ba f10:3f8159ba
14278701ns          252614 1c0087d8 1c0007b7 lui              x15, 0x1c000000     x15=1c000000
14278720ns          252615 1c0087dc 1c000737 lui              x14, 0x1c000000     x14=1c000000
14278740ns          252616 1c0087e0 13472703 lw               x14, 308(x14)       x14=bab59551 x14:1c000000  PA:1c000134
14279059ns          252632 1c0087e4 1307a783 lw               x15, 304(x15)       x15=37c23ab1 x15:1c000000  PA:1c000130
14279377ns          252648 1c0087e8 70f577c3 fmadd.s          f15, f10, f15, f14  f15=xxxxxxxx f10:3f82b71a f15:37c23ab1 f14:bab59551
14279397ns          252649 1c0087ec 1c000737 lui              x14, 0x1c000000     x14=1c000000
14279417ns          252650 1c0087f0 13872703 lw               x14, 312(x14)       x14=3d2aa76f x14:1c000000  PA:1c000138
14279735ns          252666 1c0087f4 70f577c3 fmadd.s          f15, f10, f15, f14  f15=xxxxxxxx f10:3f82b71a f15:bab27beb f14:3d2aa76f
14279755ns          252667 1c0087f8 1c000737 lui              x14, 0x1c000000     x14=1c000000
14279775ns          252668 1c0087fc 13c72703 lw               x14, 316(x14)       x14=beffffe0 x14:1c000000  PA:1c00013c
14280093ns          252684 1c008800 70f577c3 fmadd.s          f15, f10, f15, f14  f15=xxxxxxxx f10:3f82b71a f15:3d24f546 f14:beffffe0
14280113ns          252685 1c008804 1c000737 lui              x14, 0x1c000000     x14=1c000000
14280133ns          252686 1c008808 16872703 lw               x14, 360(x14)       x14=3f7fffff x14:1c000000  PA:1c000168
14280451ns          252702 1c00880c 70f57543 fmadd.s          f10, f10, f15, f14  f10=xxxxxxxx f10:3f82b71a f15:beeaf13e f14:3f7fffff
14280471ns          252703 1c008810 00008067 jalr             x0, x1, 0            x1:1c0081de
14280531ns          252706 1c0081de 016a7a53 fadd.s           f20, f20, f22       f20=xxxxxxxx f20:3f0f6c42 f22:3e533fc3
14280550ns          252707 1c0081e2 10acf553 fmul.s           f10, f25, f10       f10=xxxxxxxx f25:3f800000 f10:3f080973
14280570ns          252708 1c0081e6 a14a97d3 flt.s            x15, f21, f20       x15=00000000 f21:40c90fdb f20:3f443c33
14280590ns          252709 1c0081ea 00a4222b p.sw             x10, 4(x8!)          x8=10000f14 x10:3f080973  x8:10000f10  PA:10000f10
14280610ns          252710 1c0081ee 00078363 beq              x15, x0, 6          x15:00000000
14280670ns          252713 1c0081f4 ff7412e3 bne              x8, x23, -28         x8:10000f14 x23:10000fc8
14280729ns          252716 1c0081d8 094c7553 fsub.s           f10, f24, f20       f10=xxxxxxxx f24:3fc90fdb f20:3f443c33
14280749ns          252717 1c0081dc 57c000ef jal              x1, 1404             x1=1c0081de
14280789ns          252719 1c008758 a0a527d3 feq.s            x15, f10, f10       x15=00000001 f10:3f4de383 f10:3f4de383
14280809ns          252720 1c00875c 0a078b63 beq              x15, x0, 182        x15:00000001
14280829ns          252721 1c00875e e00517d3 fclass.s         x15, f10            x15=00000040 f10:3f4de383
14280849ns          252722 1c008762 0817f793 andi             x15, x15, 129       x15=00000000 x15:00000040
14280869ns          252723 1c008766 0a079663 bne              x15, x0, 172        x15:00000000
14280889ns          252724 1c008768 00000793 addi             x15, x0, 0          x15=00000000
14280908ns          252725 1c00876c a0f517d3 flt.s            x15, f10, f15       x15=00000000 f10:3f4de383 f15:00000000
14280928ns          252726 1c008770 0a079663 bne              x15, x0, 172        x15:00000000
14280948ns          252727 1c008772 1c000737 lui              x14, 0x1c000000     x14=1c000000
14280968ns          252728 1c008776 02072783 lw               x15, 32(x14)        x15=40c90fdb x14:1c000000  PA:1c000020
14281306ns          252745 1c00877a a0a797d3 flt.s            x15, f15, f10       x15=00000000 f15:40c90fdb f10:3f4de383
14281326ns          252746 1c00877e 00078b63 beq              x15, x0, 22         x15:00000000
14281386ns          252749 1c008794 00000793 addi             x15, x0, 0          x15=00000000
14281406ns          252750 1c008798 a0f517d3 flt.s            x15, f10, f15       x15=00000000 f10:3f4de383 f15:00000000
14281426ns          252751 1c00879c 08079a63 bne              x15, x0, 148        x15:00000000
14281446ns          252752 1c00879e 1c0007b7 lui              x15, 0x1c000000     x15=1c000000
14281465ns          252753 1c0087a2 01c7a783 lw               x15, 28(x15)        x15=3fc90fdb x15:1c000000  PA:1c00001c
14281804ns          252770 1c0087a6 a0f517d3 flt.s            x15, f10, f15       x15=00000001 f10:3f4de383 f15:3fc90fdb
14281823ns          252771 1c0087aa 02079563 bne              x15, x0, 42         x15:00000001
14281883ns          252774 1c0087d4 10a57553 fmul.s           f10, f10, f10       f10=xxxxxxxx f10:3f4de383 f10:3f4de383
14281903ns          252775 1c0087d8 1c0007b7 lui              x15, 0x1c000000     x15=1c000000
14281923ns          252776 1c0087dc 1c000737 lui              x14, 0x1c000000     x14=1c000000
14281943ns          252777 1c0087e0 13472703 lw               x14, 308(x14)       x14=bab59551 x14:1c000000  PA:1c000134
14282281ns          252794 1c0087e4 1307a783 lw               x15, 304(x15)       x15=37c23ab1 x15:1c000000  PA:1c000130
14282619ns          252811 1c0087e8 70f577c3 fmadd.s          f15, f10, f15, f14  f15=xxxxxxxx f10:3f25962a f15:37c23ab1 f14:bab59551
14282639ns          252812 1c0087ec 1c000737 lui              x14, 0x1c000000     x14=1c000000
14282659ns          252813 1c0087f0 13872703 lw               x14, 312(x14)       x14=3d2aa76f x14:1c000000  PA:1c000138
14282977ns          252829 1c0087f4 70f577c3 fmadd.s          f15, f10, f15, f14  f15=xxxxxxxx f10:3f25962a f15:bab39eca f14:3d2aa76f
14282997ns          252830 1c0087f8 1c000737 lui              x14, 0x1c000000     x14=1c000000
14283017ns          252831 1c0087fc 13c72703 lw               x14, 316(x14)       x14=beffffe0 x14:1c000000  PA:1c00013c
14283335ns          252847 1c008800 70f577c3 fmadd.s          f15, f10, f15, f14  f15=xxxxxxxx f10:3f25962a f15:3d2705f9 f14:beffffe0
14283355ns          252848 1c008804 1c000737 lui              x14, 0x1c000000     x14=1c000000
14283375ns          252849 1c008808 16872703 lw               x14, 360(x14)       x14=3f7fffff x14:1c000000  PA:1c000168
14283693ns          252865 1c00880c 70f57543 fmadd.s          f10, f10, f15, f14  f10=xxxxxxxx f10:3f25962a f15:bef27ec6 f14:3f7fffff
14283713ns          252866 1c008810 00008067 jalr             x0, x1, 0            x1:1c0081de
14283773ns          252869 1c0081de 016a7a53 fadd.s           f20, f20, f22       f20=xxxxxxxx f20:3f443c33 f22:3e533fc3
14283793ns          252870 1c0081e2 10acf553 fmul.s           f10, f25, f10       f10=xxxxxxxx f25:3f800000 f10:3f319305
14283813ns          252871 1c0081e6 a14a97d3 flt.s            x15, f21, f20       x15=00000000 f21:40c90fdb f20:3f790c24
14283832ns          252872 1c0081ea 00a4222b p.sw             x10, 4(x8!)          x8=10000f18 x10:3f319305  x8:10000f14  PA:10000f14
14283852ns          252873 1c0081ee 00078363 beq              x15, x0, 6          x15:00000000
14283912ns          252876 1c0081f4 ff7412e3 bne              x8, x23, -28         x8:10000f18 x23:10000fc8
14283972ns          252879 1c0081d8 094c7553 fsub.s           f10, f24, f20       f10=xxxxxxxx f24:3fc90fdb f20:3f790c24
14283992ns          252880 1c0081dc 57c000ef jal              x1, 1404             x1=1c0081de
14284031ns          252882 1c008758 a0a527d3 feq.s            x15, f10, f10       x15=00000001 f10:3f191392 f10:3f191392
14284051ns          252883 1c00875c 0a078b63 beq              x15, x0, 182        x15:00000001
14284071ns          252884 1c00875e e00517d3 fclass.s         x15, f10            x15=00000040 f10:3f191392
14284091ns          252885 1c008762 0817f793 andi             x15, x15, 129       x15=00000000 x15:00000040
14284111ns          252886 1c008766 0a079663 bne              x15, x0, 172        x15:00000000
14284131ns          252887 1c008768 00000793 addi             x15, x0, 0          x15=00000000
14284151ns          252888 1c00876c a0f517d3 flt.s            x15, f10, f15       x15=00000000 f10:3f191392 f15:00000000
14284171ns          252889 1c008770 0a079663 bne              x15, x0, 172        x15:00000000
14284190ns          252890 1c008772 1c000737 lui              x14, 0x1c000000     x14=1c000000
14284210ns          252891 1c008776 02072783 lw               x15, 32(x14)        x15=40c90fdb x14:1c000000  PA:1c000020
14284548ns          252908 1c00877a a0a797d3 flt.s            x15, f15, f10       x15=00000000 f15:40c90fdb f10:3f191392
14284568ns          252909 1c00877e 00078b63 beq              x15, x0, 22         x15:00000000
14284628ns          252912 1c008794 00000793 addi             x15, x0, 0          x15=00000000
14284648ns          252913 1c008798 a0f517d3 flt.s            x15, f10, f15       x15=00000000 f10:3f191392 f15:00000000
14284668ns          252914 1c00879c 08079a63 bne              x15, x0, 148        x15:00000000
14284688ns          252915 1c00879e 1c0007b7 lui              x15, 0x1c000000     x15=1c000000
14284708ns          252916 1c0087a2 01c7a783 lw               x15, 28(x15)        x15=3fc90fdb x15:1c000000  PA:1c00001c
14285046ns          252933 1c0087a6 a0f517d3 flt.s            x15, f10, f15       x15=00000001 f10:3f191392 f15:3fc90fdb
14285066ns          252934 1c0087aa 02079563 bne              x15, x0, 42         x15:00000001
14285125ns          252937 1c0087d4 10a57553 fmul.s           f10, f10, f10       f10=xxxxxxxx f10:3f191392 f10:3f191392
14285145ns          252938 1c0087d8 1c0007b7 lui              x15, 0x1c000000     x15=1c000000
14285165ns          252939 1c0087dc 1c000737 lui              x14, 0x1c000000     x14=1c000000
14285185ns          252940 1c0087e0 13472703 lw               x14, 308(x14)       x14=bab59551 x14:1c000000  PA:1c000134
14285483ns          252955 1c0087e4 1307a783 lw               x15, 304(x15)       x15=37c23ab1 x15:1c000000  PA:1c000130
14285802ns          252971 1c0087e8 70f577c3 fmadd.s          f15, f10, f15, f14  f15=xxxxxxxx f10:3eb710cc f15:37c23ab1 f14:bab59551
14285821ns          252972 1c0087ec 1c000737 lui              x14, 0x1c000000     x14=1c000000
14285841ns          252973 1c0087f0 13872703 lw               x14, 312(x14)       x14=3d2aa76f x14:1c000000  PA:1c000138
14286160ns          252989 1c0087f4 70f577c3 fmadd.s          f15, f10, f15, f14  f15=xxxxxxxx f10:3eb710cc f15:bab47f88 f14:3d2aa76f
14286180ns          252990 1c0087f8 1c000737 lui              x14, 0x1c000000     x14=1c000000
14286199ns          252991 1c0087fc 13c72703 lw               x14, 316(x14)       x14=beffffe0 x14:1c000000  PA:1c00013c
14286538ns          253008 1c008800 70f577c3 fmadd.s          f15, f10, f15, f14  f15=xxxxxxxx f10:3eb710cc f15:3d28a323 f14:beffffe0
14286557ns          253009 1c008804 1c000737 lui              x14, 0x1c000000     x14=1c000000
14286577ns          253010 1c008808 16872703 lw               x14, 360(x14)       x14=3f7fffff x14:1c000000  PA:1c000168
14286896ns          253026 1c00880c 70f57543 fmadd.s          f10, f10, f15, f14  f10=xxxxxxxx f10:3eb710cc f15:bef87665 f14:3f7fffff
14286915ns          253027 1c008810 00008067 jalr             x0, x1, 0            x1:1c0081de
14286975ns          253030 1c0081de 016a7a53 fadd.s           f20, f20, f22       f20=xxxxxxxx f20:3f790c24 f22:3e533fc3
14286995ns          253031 1c0081e2 10acf553 fmul.s           f10, f25, f10       f10=xxxxxxxx f25:3f800000 f10:3f5394c3
14287015ns          253032 1c0081e6 a14a97d3 flt.s            x15, f21, f20       x15=00000000 f21:40c90fdb f20:3f96ee0a
14287035ns          253033 1c0081ea 00a4222b p.sw             x10, 4(x8!)          x8=10000f1c x10:3f5394c3  x8:10000f18  PA:10000f18
14287055ns          253034 1c0081ee 00078363 beq              x15, x0, 6          x15:00000000
14287114ns          253037 1c0081f4 ff7412e3 bne              x8, x23, -28         x8:10000f1c x23:10000fc8
14287174ns          253040 1c0081d8 094c7553 fsub.s           f10, f24, f20       f10=xxxxxxxx f24:3fc90fdb f20:3f96ee0a
14287194ns          253041 1c0081dc 57c000ef jal              x1, 1404             x1=1c0081de
14287234ns          253043 1c008758 a0a527d3 feq.s            x15, f10, f10       x15=00000001 f10:3ec88744 f10:3ec88744
14287254ns          253044 1c00875c 0a078b63 beq              x15, x0, 182        x15:00000001
14287274ns          253045 1c00875e e00517d3 fclass.s         x15, f10            x15=00000040 f10:3ec88744
14287293ns          253046 1c008762 0817f793 andi             x15, x15, 129       x15=00000000 x15:00000040
14287313ns          253047 1c008766 0a079663 bne              x15, x0, 172        x15:00000000
14287333ns          253048 1c008768 00000793 addi             x15, x0, 0          x15=00000000
14287353ns          253049 1c00876c a0f517d3 flt.s            x15, f10, f15       x15=00000000 f10:3ec88744 f15:00000000
14287373ns          253050 1c008770 0a079663 bne              x15, x0, 172        x15:00000000
14287393ns          253051 1c008772 1c000737 lui              x14, 0x1c000000     x14=1c000000
14287413ns          253052 1c008776 02072783 lw               x15, 32(x14)        x15=40c90fdb x14:1c000000  PA:1c000020
14287731ns          253068 1c00877a a0a797d3 flt.s            x15, f15, f10       x15=00000000 f15:40c90fdb f10:3ec88744
14287751ns          253069 1c00877e 00078b63 beq              x15, x0, 22         x15:00000000
14287811ns          253072 1c008794 00000793 addi             x15, x0, 0          x15=00000000
14287830ns          253073 1c008798 a0f517d3 flt.s            x15, f10, f15       x15=00000000 f10:3ec88744 f15:00000000
14287850ns          253074 1c00879c 08079a63 bne              x15, x0, 148        x15:00000000
14287870ns          253075 1c00879e 1c0007b7 lui              x15, 0x1c000000     x15=1c000000
14287890ns          253076 1c0087a2 01c7a783 lw               x15, 28(x15)        x15=3fc90fdb x15:1c000000  PA:1c00001c
14288228ns          253093 1c0087a6 a0f517d3 flt.s            x15, f10, f15       x15=00000001 f10:3ec88744 f15:3fc90fdb
14288248ns          253094 1c0087aa 02079563 bne              x15, x0, 42         x15:00000001
14288308ns          253097 1c0087d4 10a57553 fmul.s           f10, f10, f10       f10=xxxxxxxx f10:3ec88744 f10:3ec88744
14288328ns          253098 1c0087d8 1c0007b7 lui              x15, 0x1c000000     x15=1c000000
14288348ns          253099 1c0087dc 1c000737 lui              x14, 0x1c000000     x14=1c000000
14288367ns          253100 1c0087e0 13472703 lw               x14, 308(x14)       x14=bab59551 x14:1c000000  PA:1c000134
14288666ns          253115 1c0087e4 1307a783 lw               x15, 304(x15)       x15=37c23ab1 x15:1c000000  PA:1c000130
14288984ns          253131 1c0087e8 70f577c3 fmadd.s          f15, f10, f15, f14  f15=xxxxxxxx f10:3e1d13a2 f15:37c23ab1 f14:bab59551
14289004ns          253132 1c0087ec 1c000737 lui              x14, 0x1c000000     x14=1c000000
14289024ns          253133 1c0087f0 13872703 lw               x14, 312(x14)       x14=3d2aa76f x14:1c000000  PA:1c000138
14289362ns          253150 1c0087f4 70f577c3 fmadd.s          f15, f10, f15, f14  f15=xxxxxxxx f10:3e1d13a2 f15:bab51e24 f14:3d2aa76f
14289382ns          253151 1c0087f8 1c000737 lui              x14, 0x1c000000     x14=1c000000
14289402ns          253152 1c0087fc 13c72703 lw               x14, 316(x14)       x14=beffffe0 x14:1c000000  PA:1c00013c
14289720ns          253168 1c008800 70f577c3 fmadd.s          f15, f10, f15, f14  f15=xxxxxxxx f10:3e1d13a2 f15:3d29c92c f14:beffffe0
14289740ns          253169 1c008804 1c000737 lui              x14, 0x1c000000     x14=1c000000
14289760ns          253170 1c008808 16872703 lw               x14, 360(x14)       x14=3f7fffff x14:1c000000  PA:1c000168
14290078ns          253186 1c00880c 70f57543 fmadd.s          f10, f10, f15, f14  f10=xxxxxxxx f10:3e1d13a2 f15:befcbe75 f14:3f7fffff
14290098ns          253187 1c008810 00008067 jalr             x0, x1, 0            x1:1c0081de
14290158ns          253190 1c0081de 016a7a53 fadd.s           f20, f20, f22       f20=xxxxxxxx f20:3f96ee0a f22:3e533fc3
14290178ns          253191 1c0081e2 10acf553 fmul.s           f10, f25, f10       f10=xxxxxxxx f25:3f800000 f10:3f6c9d79
14290197ns          253192 1c0081e6 a14a97d3 flt.s            x15, f21, f20       x15=00000000 f21:40c90fdb f20:3fb15602
14290217ns          253193 1c0081ea 00a4222b p.sw             x10, 4(x8!)          x8=10000f20 x10:3f6c9d79  x8:10000f1c  PA:10000f1c
14290237ns          253194 1c0081ee 00078363 beq              x15, x0, 6          x15:00000000
14290297ns          253197 1c0081f4 ff7412e3 bne              x8, x23, -28         x8:10000f20 x23:10000fc8
14290357ns          253200 1c0081d8 094c7553 fsub.s           f10, f24, f20       f10=xxxxxxxx f24:3fc90fdb f20:3fb15602
14290376ns          253201 1c0081dc 57c000ef jal              x1, 1404             x1=1c0081de
14290416ns          253203 1c008758 a0a527d3 feq.s            x15, f10, f10       x15=00000001 f10:3e3dcec8 f10:3e3dcec8
14290436ns          253204 1c00875c 0a078b63 beq              x15, x0, 182        x15:00000001
14290456ns          253205 1c00875e e00517d3 fclass.s         x15, f10            x15=00000040 f10:3e3dcec8
14290476ns          253206 1c008762 0817f793 andi             x15, x15, 129       x15=00000000 x15:00000040
14290496ns          253207 1c008766 0a079663 bne              x15, x0, 172        x15:00000000
14290516ns          253208 1c008768 00000793 addi             x15, x0, 0          x15=00000000
14290536ns          253209 1c00876c a0f517d3 flt.s            x15, f10, f15       x15=00000000 f10:3e3dcec8 f15:00000000
14290555ns          253210 1c008770 0a079663 bne              x15, x0, 172        x15:00000000
14290575ns          253211 1c008772 1c000737 lui              x14, 0x1c000000     x14=1c000000
14290595ns          253212 1c008776 02072783 lw               x15, 32(x14)        x15=40c90fdb x14:1c000000  PA:1c000020
14290914ns          253228 1c00877a a0a797d3 flt.s            x15, f15, f10       x15=00000000 f15:40c90fdb f10:3e3dcec8
14290933ns          253229 1c00877e 00078b63 beq              x15, x0, 22         x15:00000000
14290993ns          253232 1c008794 00000793 addi             x15, x0, 0          x15=00000000
14291013ns          253233 1c008798 a0f517d3 flt.s            x15, f10, f15       x15=00000000 f10:3e3dcec8 f15:00000000
14291033ns          253234 1c00879c 08079a63 bne              x15, x0, 148        x15:00000000
14291053ns          253235 1c00879e 1c0007b7 lui              x15, 0x1c000000     x15=1c000000
14291073ns          253236 1c0087a2 01c7a783 lw               x15, 28(x15)        x15=3fc90fdb x15:1c000000  PA:1c00001c
14291391ns          253252 1c0087a6 a0f517d3 flt.s            x15, f10, f15       x15=00000001 f10:3e3dcec8 f15:3fc90fdb
14291411ns          253253 1c0087aa 02079563 bne              x15, x0, 42         x15:00000001
14291470ns          253256 1c0087d4 10a57553 fmul.s           f10, f10, f10       f10=xxxxxxxx f10:3e3dcec8 f10:3e3dcec8
14291490ns          253257 1c0087d8 1c0007b7 lui              x15, 0x1c000000     x15=1c000000
14291510ns          253258 1c0087dc 1c000737 lui              x14, 0x1c000000     x14=1c000000
14291530ns          253259 1c0087e0 13472703 lw               x14, 308(x14)       x14=bab59551 x14:1c000000  PA:1c000134
14291848ns          253275 1c0087e4 1307a783 lw               x15, 304(x15)       x15=37c23ab1 x15:1c000000  PA:1c000130
14292167ns          253291 1c0087e8 70f577c3 fmadd.s          f15, f10, f15, f14  f15=xxxxxxxx f10:3d0cbafa f15:37c23ab1 f14:bab59551
14292187ns          253292 1c0087ec 1c000737 lui              x14, 0x1c000000     x14=1c000000
14292206ns          253293 1c0087f0 13872703 lw               x14, 312(x14)       x14=3d2aa76f x14:1c000000  PA:1c000138
14292525ns          253309 1c0087f4 70f577c3 fmadd.s          f15, f10, f15, f14  f15=xxxxxxxx f10:3d0cbafa f15:bab57aa0 f14:3d2aa76f
14292545ns          253310 1c0087f8 1c000737 lui              x14, 0x1c000000     x14=1c000000
14292564ns          253311 1c0087fc 13c72703 lw               x14, 316(x14)       x14=beffffe0 x14:1c000000  PA:1c00013c
14292903ns          253328 1c008800 70f577c3 fmadd.s          f15, f10, f15, f14  f15=xxxxxxxx f10:3d0cbafa f15:3d2a758d f14:beffffe0
14292922ns          253329 1c008804 1c000737 lui              x14, 0x1c000000     x14=1c000000
14292942ns          253330 1c008808 16872703 lw               x14, 360(x14)       x14=3f7fffff x14:1c000000  PA:1c000168
14293261ns          253346 1c00880c 70f57543 fmadd.s          f10, f10, f15, f14  f10=xxxxxxxx f10:3d0cbafa f15:beff4476 f14:3f7fffff
14293281ns          253347 1c008810 00008067 jalr             x0, x1, 0            x1:1c0081de
14293340ns          253350 1c0081de 016a7a53 fadd.s           f20, f20, f22       f20=xxxxxxxx f20:3fb15602 f22:3e533fc3
14293360ns          253351 1c0081e2 10acf553 fmul.s           f10, f25, f10       f10=xxxxxxxx f25:3f800000 f10:3f7b9d60
14293380ns          253352 1c0081e6 a14a97d3 flt.s            x15, f21, f20       x15=00000000 f21:40c90fdb f20:3fcbbdfa
14293400ns          253353 1c0081ea 00a4222b p.sw             x10, 4(x8!)          x8=10000f24 x10:3f7b9d60  x8:10000f20  PA:10000f20
14293420ns          253354 1c0081ee 00078363 beq              x15, x0, 6          x15:00000000
14293479ns          253357 1c0081f4 ff7412e3 bne              x8, x23, -28         x8:10000f24 x23:10000fc8
14293539ns          253360 1c0081d8 094c7553 fsub.s           f10, f24, f20       f10=xxxxxxxx f24:3fc90fdb f20:3fcbbdfa
14293559ns          253361 1c0081dc 57c000ef jal              x1, 1404             x1=1c0081de
14293599ns          253363 1c008758 a0a527d3 feq.s            x15, f10, f10       x15=00000001 f10:bcab87c0 f10:bcab87c0
14293619ns          253364 1c00875c 0a078b63 beq              x15, x0, 182        x15:00000001
14293639ns          253365 1c00875e e00517d3 fclass.s         x15, f10            x15=00000002 f10:bcab87c0
14293658ns          253366 1c008762 0817f793 andi             x15, x15, 129       x15=00000000 x15:00000002
14293678ns          253367 1c008766 0a079663 bne              x15, x0, 172        x15:00000000
14293698ns          253368 1c008768 00000793 addi             x15, x0, 0          x15=00000000
14293718ns          253369 1c00876c a0f517d3 flt.s            x15, f10, f15       x15=00000001 f10:bcab87c0 f15:00000000
14293738ns          253370 1c008770 0a079663 bne              x15, x0, 172        x15:00000001
14293798ns          253373 1c00881c 1c0007b7 lui              x15, 0x1c000000     x15=1c000000
14293818ns          253374 1c008820 12c7a783 lw               x15, 300(x15)       x15=c0c90fdb x15:1c000000  PA:1c00012c
14294136ns          253390 1c008824 a0f517d3 flt.s            x15, f10, f15       x15=00000000 f10:bcab87c0 f15:c0c90fdb
14294156ns          253391 1c008828 00078463 beq              x15, x0, 8          x15:00000000
14294215ns          253394 1c008830 20a51553 fsgnjn.s         f10, f10, f10       f10=xxxxxxxx f10:bcab87c0 f10:bcab87c0
14294235ns          253395 1c008834 f6bff06f jal              x0, -150           
14294295ns          253398 1c00879e 1c0007b7 lui              x15, 0x1c000000     x15=1c000000
14294315ns          253399 1c0087a2 01c7a783 lw               x15, 28(x15)        x15=3fc90fdb x15:1c000000  PA:1c00001c
14294633ns          253415 1c0087a6 a0f517d3 flt.s            x15, f10, f15       x15=00000001 f10:3cab87c0 f15:3fc90fdb
14294653ns          253416 1c0087aa 02079563 bne              x15, x0, 42         x15:00000001
14294713ns          253419 1c0087d4 10a57553 fmul.s           f10, f10, f10       f10=xxxxxxxx f10:3cab87c0 f10:3cab87c0
14294733ns          253420 1c0087d8 1c0007b7 lui              x15, 0x1c000000     x15=1c000000
14294752ns          253421 1c0087dc 1c000737 lui              x14, 0x1c000000     x14=1c000000
14294772ns          253422 1c0087e0 13472703 lw               x14, 308(x14)       x14=bab59551 x14:1c000000  PA:1c000134
14295071ns          253437 1c0087e4 1307a783 lw               x15, 304(x15)       x15=37c23ab1 x15:1c000000  PA:1c000130
14295389ns          253453 1c0087e8 70f577c3 fmadd.s          f15, f10, f15, f14  f15=xxxxxxxx f10:39e5dd45 f15:37c23ab1 f14:bab59551
14295409ns          253454 1c0087ec 1c000737 lui              x14, 0x1c000000     x14=1c000000
14295429ns          253455 1c0087f0 13872703 lw               x14, 312(x14)       x14=3d2aa76f x14:1c000000  PA:1c000138
14295767ns          253472 1c0087f4 70f577c3 fmadd.s          f15, f10, f15, f14  f15=xxxxxxxx f10:39e5dd45 f15:bab594fa f14:3d2aa76f
14295787ns          253473 1c0087f8 1c000737 lui              x14, 0x1c000000     x14=1c000000
14295807ns          253474 1c0087fc 13c72703 lw               x14, 316(x14)       x14=beffffe0 x14:1c000000  PA:1c00013c
14296125ns          253490 1c008800 70f577c3 fmadd.s          f15, f10, f15, f14  f15=xxxxxxxx f10:39e5dd45 f15:3d2aa6cc f14:beffffe0
14296145ns          253491 1c008804 1c000737 lui              x14, 0x1c000000     x14=1c000000
14296165ns          253492 1c008808 16872703 lw               x14, 360(x14)       x14=3f7fffff x14:1c000000  PA:1c000168
14296483ns          253508 1c00880c 70f57543 fmadd.s          f10, f10, f15, f14  f10=xxxxxxxx f10:39e5dd45 f15:befffd7b f14:3f7fffff
14296503ns          253509 1c008810 00008067 jalr             x0, x1, 0            x1:1c0081de
14296562ns          253512 1c0081de 016a7a53 fadd.s           f20, f20, f22       f20=xxxxxxxx f20:3fcbbdfa f22:3e533fc3
14296582ns          253513 1c0081e2 10acf553 fmul.s           f10, f25, f10       f10=xxxxxxxx f25:3f800000 f10:3f7ff1a1
14296602ns          253514 1c0081e6 a14a97d3 flt.s            x15, f21, f20       x15=00000000 f21:40c90fdb f20:3fe625f2
14296622ns          253515 1c0081ea 00a4222b p.sw             x10, 4(x8!)          x8=10000f28 x10:3f7ff1a1  x8:10000f24  PA:10000f24
14296642ns          253516 1c0081ee 00078363 beq              x15, x0, 6          x15:00000000
14296702ns          253519 1c0081f4 ff7412e3 bne              x8, x23, -28         x8:10000f28 x23:10000fc8
14296761ns          253522 1c0081d8 094c7553 fsub.s           f10, f24, f20       f10=xxxxxxxx f24:3fc90fdb f20:3fe625f2
14296781ns          253523 1c0081dc 57c000ef jal              x1, 1404             x1=1c0081de
14296821ns          253525 1c008758 a0a527d3 feq.s            x15, f10, f10       x15=00000001 f10:be68b0b8 f10:be68b0b8
14296841ns          253526 1c00875c 0a078b63 beq              x15, x0, 182        x15:00000001
14296861ns          253527 1c00875e e00517d3 fclass.s         x15, f10            x15=00000002 f10:be68b0b8
14296881ns          253528 1c008762 0817f793 andi             x15, x15, 129       x15=00000000 x15:00000002
14296901ns          253529 1c008766 0a079663 bne              x15, x0, 172        x15:00000000
14296921ns          253530 1c008768 00000793 addi             x15, x0, 0          x15=00000000
14296940ns          253531 1c00876c a0f517d3 flt.s            x15, f10, f15       x15=00000001 f10:be68b0b8 f15:00000000
14296960ns          253532 1c008770 0a079663 bne              x15, x0, 172        x15:00000001
14297020ns          253535 1c00881c 1c0007b7 lui              x15, 0x1c000000     x15=1c000000
14297040ns          253536 1c008820 12c7a783 lw               x15, 300(x15)       x15=c0c90fdb x15:1c000000  PA:1c00012c
14297358ns          253552 1c008824 a0f517d3 flt.s            x15, f10, f15       x15=00000000 f10:be68b0b8 f15:c0c90fdb
14297378ns          253553 1c008828 00078463 beq              x15, x0, 8          x15:00000000
14297438ns          253556 1c008830 20a51553 fsgnjn.s         f10, f10, f10       f10=xxxxxxxx f10:be68b0b8 f10:be68b0b8
14297458ns          253557 1c008834 f6bff06f jal              x0, -150           
14297517ns          253560 1c00879e 1c0007b7 lui              x15, 0x1c000000     x15=1c000000
14297537ns          253561 1c0087a2 01c7a783 lw               x15, 28(x15)        x15=3fc90fdb x15:1c000000  PA:1c00001c
14297855ns          253577 1c0087a6 a0f517d3 flt.s            x15, f10, f15       x15=00000001 f10:3e68b0b8 f15:3fc90fdb
14297875ns          253578 1c0087aa 02079563 bne              x15, x0, 42         x15:00000001
14297935ns          253581 1c0087d4 10a57553 fmul.s           f10, f10, f10       f10=xxxxxxxx f10:3e68b0b8 f10:3e68b0b8
14297955ns          253582 1c0087d8 1c0007b7 lui              x15, 0x1c000000     x15=1c000000
14297975ns          253583 1c0087dc 1c000737 lui              x14, 0x1c000000     x14=1c000000
14297995ns          253584 1c0087e0 13472703 lw               x14, 308(x14)       x14=bab59551 x14:1c000000  PA:1c000134
14298293ns          253599 1c0087e4 1307a783 lw               x15, 304(x15)       x15=37c23ab1 x15:1c000000  PA:1c000130
14298671ns          253618 1c0087e8 70f577c3 fmadd.s          f15, f10, f15, f14  f15=xxxxxxxx f10:3d5380c7 f15:37c23ab1 f14:bab59551
14298691ns          253619 1c0087ec 1c000737 lui              x14, 0x1c000000     x14=1c000000
14298711ns          253620 1c0087f0 13872703 lw               x14, 312(x14)       x14=3d2aa76f x14:1c000000  PA:1c000138
14299029ns          253636 1c0087f4 70f577c3 fmadd.s          f15, f10, f15, f14  f15=xxxxxxxx f10:3d5380c7 f15:bab56d33 f14:3d2aa76f
14299049ns          253637 1c0087f8 1c000737 lui              x14, 0x1c000000     x14=1c000000
14299069ns          253638 1c0087fc 13c72703 lw               x14, 316(x14)       x14=beffffe0 x14:1c000000  PA:1c00013c
14299387ns          253654 1c008800 70f577c3 fmadd.s          f15, f10, f15, f14  f15=xxxxxxxx f10:3d5380c7 f15:3d2a5c7d f14:beffffe0
14299407ns          253655 1c008804 1c000737 lui              x14, 0x1c000000     x14=1c000000
14299427ns          253656 1c008808 16872703 lw               x14, 360(x14)       x14=3f7fffff x14:1c000000  PA:1c000168
14299745ns          253672 1c00880c 70f57543 fmadd.s          f10, f10, f15, f14  f10=xxxxxxxx f10:3d5380c7 f15:befee660 f14:3f7fffff
14299765ns          253673 1c008810 00008067 jalr             x0, x1, 0            x1:1c0081de
14299825ns          253676 1c0081de 016a7a53 fadd.s           f20, f20, f22       f20=xxxxxxxx f20:3fe625f2 f22:3e533fc3
14299844ns          253677 1c0081e2 10acf553 fmul.s           f10, f25, f10       f10=xxxxxxxx f25:3f800000 f10:3f796b3e
14299864ns          253678 1c0081e6 a14a97d3 flt.s            x15, f21, f20       x15=00000000 f21:40c90fdb f20:400046f5
14299884ns          253679 1c0081ea 00a4222b p.sw             x10, 4(x8!)          x8=10000f2c x10:3f796b3e  x8:10000f28  PA:10000f28
14299904ns          253680 1c0081ee 00078363 beq              x15, x0, 6          x15:00000000
14299964ns          253683 1c0081f4 ff7412e3 bne              x8, x23, -28         x8:10000f2c x23:10000fc8
14300023ns          253686 1c0081d8 094c7553 fsub.s           f10, f24, f20       f10=xxxxxxxx f24:3fc90fdb f20:400046f5
14300043ns          253687 1c0081dc 57c000ef jal              x1, 1404             x1=1c0081de
14300083ns          253689 1c008758 a0a527d3 feq.s            x15, f10, f10       x15=00000001 f10:beddf83c f10:beddf83c
14300103ns          253690 1c00875c 0a078b63 beq              x15, x0, 182        x15:00000001
14300123ns          253691 1c00875e e00517d3 fclass.s         x15, f10            x15=00000002 f10:beddf83c
14300143ns          253692 1c008762 0817f793 andi             x15, x15, 129       x15=00000000 x15:00000002
14300163ns          253693 1c008766 0a079663 bne              x15, x0, 172        x15:00000000
14300183ns          253694 1c008768 00000793 addi             x15, x0, 0          x15=00000000
14300202ns          253695 1c00876c a0f517d3 flt.s            x15, f10, f15       x15=00000001 f10:beddf83c f15:00000000
14300222ns          253696 1c008770 0a079663 bne              x15, x0, 172        x15:00000001
14300282ns          253699 1c00881c 1c0007b7 lui              x15, 0x1c000000     x15=1c000000
14300302ns          253700 1c008820 12c7a783 lw               x15, 300(x15)       x15=c0c90fdb x15:1c000000  PA:1c00012c
14300640ns          253717 1c008824 a0f517d3 flt.s            x15, f10, f15       x15=00000000 f10:beddf83c f15:c0c90fdb
14300660ns          253718 1c008828 00078463 beq              x15, x0, 8          x15:00000000
14300720ns          253721 1c008830 20a51553 fsgnjn.s         f10, f10, f10       f10=xxxxxxxx f10:beddf83c f10:beddf83c
14300740ns          253722 1c008834 f6bff06f jal              x0, -150           
14300799ns          253725 1c00879e 1c0007b7 lui              x15, 0x1c000000     x15=1c000000
14300819ns          253726 1c0087a2 01c7a783 lw               x15, 28(x15)        x15=3fc90fdb x15:1c000000  PA:1c00001c
14301177ns          253744 1c0087a6 a0f517d3 flt.s            x15, f10, f15       x15=00000001 f10:3eddf83c f15:3fc90fdb
14301197ns          253745 1c0087aa 02079563 bne              x15, x0, 42         x15:00000001
14301257ns          253748 1c0087d4 10a57553 fmul.s           f10, f10, f10       f10=xxxxxxxx f10:3eddf83c f10:3eddf83c
14301277ns          253749 1c0087d8 1c0007b7 lui              x15, 0x1c000000     x15=1c000000
14301296ns          253750 1c0087dc 1c000737 lui              x14, 0x1c000000     x14=1c000000
14301316ns          253751 1c0087e0 13472703 lw               x14, 308(x14)       x14=bab59551 x14:1c000000  PA:1c000134
14301635ns          253767 1c0087e4 1307a783 lw               x15, 304(x15)       x15=37c23ab1 x15:1c000000  PA:1c000130
14301953ns          253783 1c0087e8 70f577c3 fmadd.s          f15, f10, f15, f14  f15=xxxxxxxx f10:3e407688 f15:37c23ab1 f14:bab59551
14301973ns          253784 1c0087ec 1c000737 lui              x14, 0x1c000000     x14=1c000000
14301993ns          253785 1c0087f0 13872703 lw               x14, 312(x14)       x14=3d2aa76f x14:1c000000  PA:1c000138
14302311ns          253801 1c0087f4 70f577c3 fmadd.s          f15, f10, f15, f14  f15=xxxxxxxx f10:3e407688 f15:bab5034b f14:3d2aa76f
14302331ns          253802 1c0087f8 1c000737 lui              x14, 0x1c000000     x14=1c000000
14302351ns          253803 1c0087fc 13c72703 lw               x14, 316(x14)       x14=beffffe0 x14:1c000000  PA:1c00013c
14302669ns          253819 1c008800 70f577c3 fmadd.s          f15, f10, f15, f14  f15=xxxxxxxx f10:3e407688 f15:3d299742 f14:beffffe0
14302689ns          253820 1c008804 1c000737 lui              x14, 0x1c000000     x14=1c000000
14302709ns          253821 1c008808 16872703 lw               x14, 360(x14)       x14=3f7fffff x14:1c000000  PA:1c000168
14303027ns          253837 1c00880c 70f57543 fmadd.s          f10, f10, f15, f14  f10=xxxxxxxx f10:3e407688 f15:befc03e0 f14:3f7fffff
14303047ns          253838 1c008810 00008067 jalr             x0, x1, 0            x1:1c0081de
14303107ns          253841 1c0081de 016a7a53 fadd.s           f20, f20, f22       f20=xxxxxxxx f20:400046f5 f22:3e533fc3
14303126ns          253842 1c0081e2 10acf553 fmul.s           f10, f25, f10       f10=xxxxxxxx f25:3f800000 f10:3f68510c
14303146ns          253843 1c0081e6 a14a97d3 flt.s            x15, f21, f20       x15=00000000 f21:40c90fdb f20:400d7af1
14303166ns          253844 1c0081ea 00a4222b p.sw             x10, 4(x8!)          x8=10000f30 x10:3f68510c  x8:10000f2c  PA:10000f2c
14303186ns          253845 1c0081ee 00078363 beq              x15, x0, 6          x15:00000000
14303246ns          253848 1c0081f4 ff7412e3 bne              x8, x23, -28         x8:10000f30 x23:10000fc8
14303305ns          253851 1c0081d8 094c7553 fsub.s           f10, f24, f20       f10=xxxxxxxx f24:3fc90fdb f20:400d7af1
14303325ns          253852 1c0081dc 57c000ef jal              x1, 1404             x1=1c0081de
14303365ns          253854 1c008758 a0a527d3 feq.s            x15, f10, f10       x15=00000001 f10:bf23cc0e f10:bf23cc0e
14303385ns          253855 1c00875c 0a078b63 beq              x15, x0, 182        x15:00000001
14303405ns          253856 1c00875e e00517d3 fclass.s         x15, f10            x15=00000002 f10:bf23cc0e
14303425ns          253857 1c008762 0817f793 andi             x15, x15, 129       x15=00000000 x15:00000002
14303445ns          253858 1c008766 0a079663 bne              x15, x0, 172        x15:00000000
14303465ns          253859 1c008768 00000793 addi             x15, x0, 0          x15=00000000
14303484ns          253860 1c00876c a0f517d3 flt.s            x15, f10, f15       x15=00000001 f10:bf23cc0e f15:00000000
14303504ns          253861 1c008770 0a079663 bne              x15, x0, 172        x15:00000001
14303564ns          253864 1c00881c 1c0007b7 lui              x15, 0x1c000000     x15=1c000000
14303584ns          253865 1c008820 12c7a783 lw               x15, 300(x15)       x15=c0c90fdb x15:1c000000  PA:1c00012c
14303922ns          253882 1c008824 a0f517d3 flt.s            x15, f10, f15       x15=00000000 f10:bf23cc0e f15:c0c90fdb
14303942ns          253883 1c008828 00078463 beq              x15, x0, 8          x15:00000000
14304002ns          253886 1c008830 20a51553 fsgnjn.s         f10, f10, f10       f10=xxxxxxxx f10:bf23cc0e f10:bf23cc0e
14304022ns          253887 1c008834 f6bff06f jal              x0, -150           
14304081ns          253890 1c00879e 1c0007b7 lui              x15, 0x1c000000     x15=1c000000
14304101ns          253891 1c0087a2 01c7a783 lw               x15, 28(x15)        x15=3fc90fdb x15:1c000000  PA:1c00001c
14304439ns          253908 1c0087a6 a0f517d3 flt.s            x15, f10, f15       x15=00000001 f10:3f23cc0e f15:3fc90fdb
14304459ns          253909 1c0087aa 02079563 bne              x15, x0, 42         x15:00000001
14304519ns          253912 1c0087d4 10a57553 fmul.s           f10, f10, f10       f10=xxxxxxxx f10:3f23cc0e f10:3f23cc0e
14304539ns          253913 1c0087d8 1c0007b7 lui              x15, 0x1c000000     x15=1c000000
14304559ns          253914 1c0087dc 1c000737 lui              x14, 0x1c000000     x14=1c000000
14304578ns          253915 1c0087e0 13472703 lw               x14, 308(x14)       x14=bab59551 x14:1c000000  PA:1c000134
14304877ns          253930 1c0087e4 1307a783 lw               x15, 304(x15)       x15=37c23ab1 x15:1c000000  PA:1c000130
14305215ns          253947 1c0087e8 70f577c3 fmadd.s          f15, f10, f15, f14  f15=xxxxxxxx f10:3ed19af9 f15:37c23ab1 f14:bab59551
14305235ns          253948 1c0087ec 1c000737 lui              x14, 0x1c000000     x14=1c000000
14305255ns          253949 1c0087f0 13872703 lw               x14, 312(x14)       x14=3d2aa76f x14:1c000000  PA:1c000138
14305573ns          253965 1c0087f4 70f577c3 fmadd.s          f15, f10, f15, f14  f15=xxxxxxxx f10:3ed19af9 f15:bab45742 f14:3d2aa76f
14305593ns          253966 1c0087f8 1c000737 lui              x14, 0x1c000000     x14=1c000000
14305613ns          253967 1c0087fc 13c72703 lw               x14, 316(x14)       x14=beffffe0 x14:1c000000  PA:1c00013c
14305931ns          253983 1c008800 70f577c3 fmadd.s          f15, f10, f15, f14  f15=xxxxxxxx f10:3ed19af9 f15:3d2858cd f14:beffffe0
14305951ns          253984 1c008804 1c000737 lui              x14, 0x1c000000     x14=1c000000
14305971ns          253985 1c008808 16872703 lw               x14, 360(x14)       x14=3f7fffff x14:1c000000  PA:1c000168
14306289ns          254001 1c00880c 70f57543 fmadd.s          f10, f10, f15, f14  f10=xxxxxxxx f10:3ed19af9 f15:bef76279 f14:3f7fffff
14306309ns          254002 1c008810 00008067 jalr             x0, x1, 0            x1:1c0081de
14306369ns          254005 1c0081de 016a7a53 fadd.s           f20, f20, f22       f20=xxxxxxxx f20:400d7af1 f22:3e533fc3
14306389ns          254006 1c0081e2 10acf553 fmul.s           f10, f25, f10       f10=xxxxxxxx f25:3f800000 f10:3f4d5cb5
14306408ns          254007 1c0081e6 a14a97d3 flt.s            x15, f21, f20       x15=00000000 f21:40c90fdb f20:401aaeed
14306428ns          254008 1c0081ea 00a4222b p.sw             x10, 4(x8!)          x8=10000f34 x10:3f4d5cb5  x8:10000f30  PA:10000f30
14306448ns          254009 1c0081ee 00078363 beq              x15, x0, 6          x15:00000000
14306508ns          254012 1c0081f4 ff7412e3 bne              x8, x23, -28         x8:10000f34 x23:10000fc8
14306568ns          254015 1c0081d8 094c7553 fsub.s           f10, f24, f20       f10=xxxxxxxx f24:3fc90fdb f20:401aaeed
14306587ns          254016 1c0081dc 57c000ef jal              x1, 1404             x1=1c0081de
14306627ns          254018 1c008758 a0a527d3 feq.s            x15, f10, f10       x15=00000001 f10:bf589bfe f10:bf589bfe
14306647ns          254019 1c00875c 0a078b63 beq              x15, x0, 182        x15:00000001
14306667ns          254020 1c00875e e00517d3 fclass.s         x15, f10            x15=00000002 f10:bf589bfe
14306687ns          254021 1c008762 0817f793 andi             x15, x15, 129       x15=00000000 x15:00000002
14306707ns          254022 1c008766 0a079663 bne              x15, x0, 172        x15:00000000
14306727ns          254023 1c008768 00000793 addi             x15, x0, 0          x15=00000000
14306747ns          254024 1c00876c a0f517d3 flt.s            x15, f10, f15       x15=00000001 f10:bf589bfe f15:00000000
14306766ns          254025 1c008770 0a079663 bne              x15, x0, 172        x15:00000001
14306826ns          254028 1c00881c 1c0007b7 lui              x15, 0x1c000000     x15=1c000000
14306846ns          254029 1c008820 12c7a783 lw               x15, 300(x15)       x15=c0c90fdb x15:1c000000  PA:1c00012c
14307164ns          254045 1c008824 a0f517d3 flt.s            x15, f10, f15       x15=00000000 f10:bf589bfe f15:c0c90fdb
14307184ns          254046 1c008828 00078463 beq              x15, x0, 8          x15:00000000
14307244ns          254049 1c008830 20a51553 fsgnjn.s         f10, f10, f10       f10=xxxxxxxx f10:bf589bfe f10:bf589bfe
14307264ns          254050 1c008834 f6bff06f jal              x0, -150           
14307323ns          254053 1c00879e 1c0007b7 lui              x15, 0x1c000000     x15=1c000000
14307343ns          254054 1c0087a2 01c7a783 lw               x15, 28(x15)        x15=3fc90fdb x15:1c000000  PA:1c00001c
14307681ns          254071 1c0087a6 a0f517d3 flt.s            x15, f10, f15       x15=00000001 f10:3f589bfe f15:3fc90fdb
14307701ns          254072 1c0087aa 02079563 bne              x15, x0, 42         x15:00000001
14307761ns          254075 1c0087d4 10a57553 fmul.s           f10, f10, f10       f10=xxxxxxxx f10:3f589bfe f10:3f589bfe
14307781ns          254076 1c0087d8 1c0007b7 lui              x15, 0x1c000000     x15=1c000000
14307801ns          254077 1c0087dc 1c000737 lui              x14, 0x1c000000     x14=1c000000
14307821ns          254078 1c0087e0 13472703 lw               x14, 308(x14)       x14=bab59551 x14:1c000000  PA:1c000134
14308139ns          254094 1c0087e4 1307a783 lw               x15, 304(x15)       x15=37c23ab1 x15:1c000000  PA:1c000130
14308477ns          254111 1c0087e8 70f577c3 fmadd.s          f15, f10, f15, f14  f15=xxxxxxxx f10:3f37479c f15:37c23ab1 f14:bab59551
14308497ns          254112 1c0087ec 1c000737 lui              x14, 0x1c000000     x14=1c000000
14308517ns          254113 1c0087f0 13872703 lw               x14, 312(x14)       x14=3d2aa76f x14:1c000000  PA:1c000138
14308835ns          254129 1c0087f4 70f577c3 fmadd.s          f15, f10, f15, f14  f15=xxxxxxxx f10:3f37479c f15:bab36918 f14:3d2aa76f
14308855ns          254130 1c0087f8 1c000737 lui              x14, 0x1c000000     x14=1c000000
14308875ns          254131 1c0087fc 13c72703 lw               x14, 316(x14)       x14=beffffe0 x14:1c000000  PA:1c00013c
14309213ns          254148 1c008800 70f577c3 fmadd.s          f15, f10, f15, f14  f15=xxxxxxxx f10:3f37479c f15:3d26a3dd f14:beffffe0
14309233ns          254149 1c008804 1c000737 lui              x14, 0x1c000000     x14=1c000000
14309253ns          254150 1c008808 16872703 lw               x14, 360(x14)       x14=3f7fffff x14:1c000000  PA:1c000168
14309571ns          254166 1c00880c 70f57543 fmadd.s          f10, f10, f15, f14  f10=xxxxxxxx f10:3f37479c f15:bef11628 f14:3f7fffff
14309591ns          254167 1c008810 00008067 jalr             x0, x1, 0            x1:1c0081de
14309651ns          254170 1c0081de 016a7a53 fadd.s           f20, f20, f22       f20=xxxxxxxx f20:401aaeed f22:3e533fc3
14309670ns          254171 1c0081e2 10acf553 fmul.s           f10, f25, f10       f10=xxxxxxxx f25:3f800000 f10:3f29b2dc
14309690ns          254172 1c0081e6 a14a97d3 flt.s            x15, f21, f20       x15=00000000 f21:40c90fdb f20:4027e2e9
14309710ns          254173 1c0081ea 00a4222b p.sw             x10, 4(x8!)          x8=10000f38 x10:3f29b2dc  x8:10000f34  PA:10000f34
14309730ns          254174 1c0081ee 00078363 beq              x15, x0, 6          x15:00000000
14309790ns          254177 1c0081f4 ff7412e3 bne              x8, x23, -28         x8:10000f38 x23:10000fc8
14309850ns          254180 1c0081d8 094c7553 fsub.s           f10, f24, f20       f10=xxxxxxxx f24:3fc90fdb f20:4027e2e9
14309869ns          254181 1c0081dc 57c000ef jal              x1, 1404             x1=1c0081de
14309909ns          254183 1c008758 a0a527d3 feq.s            x15, f10, f10       x15=00000001 f10:bf86b5f7 f10:bf86b5f7
14309929ns          254184 1c00875c 0a078b63 beq              x15, x0, 182        x15:00000001
14309949ns          254185 1c00875e e00517d3 fclass.s         x15, f10            x15=00000002 f10:bf86b5f7
14309969ns          254186 1c008762 0817f793 andi             x15, x15, 129       x15=00000000 x15:00000002
14309989ns          254187 1c008766 0a079663 bne              x15, x0, 172        x15:00000000
14310009ns          254188 1c008768 00000793 addi             x15, x0, 0          x15=00000000
14310029ns          254189 1c00876c a0f517d3 flt.s            x15, f10, f15       x15=00000001 f10:bf86b5f7 f15:00000000
14310048ns          254190 1c008770 0a079663 bne              x15, x0, 172        x15:00000001
14310108ns          254193 1c00881c 1c0007b7 lui              x15, 0x1c000000     x15=1c000000
14310128ns          254194 1c008820 12c7a783 lw               x15, 300(x15)       x15=c0c90fdb x15:1c000000  PA:1c00012c
14310466ns          254211 1c008824 a0f517d3 flt.s            x15, f10, f15       x15=00000000 f10:bf86b5f7 f15:c0c90fdb
14310486ns          254212 1c008828 00078463 beq              x15, x0, 8          x15:00000000
14310546ns          254215 1c008830 20a51553 fsgnjn.s         f10, f10, f10       f10=xxxxxxxx f10:bf86b5f7 f10:bf86b5f7
14310566ns          254216 1c008834 f6bff06f jal              x0, -150           
14310625ns          254219 1c00879e 1c0007b7 lui              x15, 0x1c000000     x15=1c000000
14310645ns          254220 1c0087a2 01c7a783 lw               x15, 28(x15)        x15=3fc90fdb x15:1c000000  PA:1c00001c
14310963ns          254236 1c0087a6 a0f517d3 flt.s            x15, f10, f15       x15=00000001 f10:3f86b5f7 f15:3fc90fdb
14310983ns          254237 1c0087aa 02079563 bne              x15, x0, 42         x15:00000001
14311043ns          254240 1c0087d4 10a57553 fmul.s           f10, f10, f10       f10=xxxxxxxx f10:3f86b5f7 f10:3f86b5f7
14311063ns          254241 1c0087d8 1c0007b7 lui              x15, 0x1c000000     x15=1c000000
14311083ns          254242 1c0087dc 1c000737 lui              x14, 0x1c000000     x14=1c000000
14311103ns          254243 1c0087e0 13472703 lw               x14, 308(x14)       x14=bab59551 x14:1c000000  PA:1c000134
14311401ns          254258 1c0087e4 1307a783 lw               x15, 304(x15)       x15=37c23ab1 x15:1c000000  PA:1c000130
14311719ns          254274 1c0087e8 70f577c3 fmadd.s          f15, f10, f15, f14  f15=xxxxxxxx f10:3f8dc600 f15:37c23ab1 f14:bab59551
14311739ns          254275 1c0087ec 1c000737 lui              x14, 0x1c000000     x14=1c000000
14311759ns          254276 1c0087f0 13872703 lw               x14, 312(x14)       x14=3d2aa76f x14:1c000000  PA:1c000138
14312077ns          254292 1c0087f4 70f577c3 fmadd.s          f15, f10, f15, f14  f15=xxxxxxxx f10:3f8dc600 f15:bab238cd f14:3d2aa76f
14312097ns          254293 1c0087f8 1c000737 lui              x14, 0x1c000000     x14=1c000000
14312117ns          254294 1c0087fc 13c72703 lw               x14, 316(x14)       x14=beffffe0 x14:1c000000  PA:1c00013c
14312435ns          254310 1c008800 70f577c3 fmadd.s          f15, f10, f15, f14  f15=xxxxxxxx f10:3f8dc600 f15:3d247c3d f14:beffffe0
14312455ns          254311 1c008804 1c000737 lui              x14, 0x1c000000     x14=1c000000
14312475ns          254312 1c008808 16872703 lw               x14, 360(x14)       x14=3f7fffff x14:1c000000  PA:1c000168
14312793ns          254328 1c00880c 70f57543 fmadd.s          f10, f10, f15, f14  f10=xxxxxxxx f10:3f8dc600 f15:bee939f7 f14:3f7fffff
14312813ns          254329 1c008810 00008067 jalr             x0, x1, 0            x1:1c0081de
14312873ns          254332 1c0081de 016a7a53 fadd.s           f20, f20, f22       f20=xxxxxxxx f20:4027e2e9 f22:3e533fc3
14312893ns          254333 1c0081e2 10acf553 fmul.s           f10, f25, f10       f10=xxxxxxxx f25:3f800000 f10:3efdad5e
14312913ns          254334 1c0081e6 a14a97d3 flt.s            x15, f21, f20       x15=00000000 f21:40c90fdb f20:403516e5
14312933ns          254335 1c0081ea 00a4222b p.sw             x10, 4(x8!)          x8=10000f3c x10:3efdad5e  x8:10000f38  PA:10000f38
14312952ns          254336 1c0081ee 00078363 beq              x15, x0, 6          x15:00000000
14313012ns          254339 1c0081f4 ff7412e3 bne              x8, x23, -28         x8:10000f3c x23:10000fc8
14313072ns          254342 1c0081d8 094c7553 fsub.s           f10, f24, f20       f10=xxxxxxxx f24:3fc90fdb f20:403516e5
14313092ns          254343 1c0081dc 57c000ef jal              x1, 1404             x1=1c0081de
14313131ns          254345 1c008758 a0a527d3 feq.s            x15, f10, f10       x15=00000001 f10:bfa11def f10:bfa11def
14313151ns          254346 1c00875c 0a078b63 beq              x15, x0, 182        x15:00000001
14313171ns          254347 1c00875e e00517d3 fclass.s         x15, f10            x15=00000002 f10:bfa11def
14313191ns          254348 1c008762 0817f793 andi             x15, x15, 129       x15=00000000 x15:00000002
14313211ns          254349 1c008766 0a079663 bne              x15, x0, 172        x15:00000000
14313231ns          254350 1c008768 00000793 addi             x15, x0, 0          x15=00000000
14313251ns          254351 1c00876c a0f517d3 flt.s            x15, f10, f15       x15=00000001 f10:bfa11def f15:00000000
14313271ns          254352 1c008770 0a079663 bne              x15, x0, 172        x15:00000001
14313330ns          254355 1c00881c 1c0007b7 lui              x15, 0x1c000000     x15=1c000000
14313350ns          254356 1c008820 12c7a783 lw               x15, 300(x15)       x15=c0c90fdb x15:1c000000  PA:1c00012c
14313748ns          254376 1c008824 a0f517d3 flt.s            x15, f10, f15       x15=00000000 f10:bfa11def f15:c0c90fdb
14313768ns          254377 1c008828 00078463 beq              x15, x0, 8          x15:00000000
14313828ns          254380 1c008830 20a51553 fsgnjn.s         f10, f10, f10       f10=xxxxxxxx f10:bfa11def f10:bfa11def
14313848ns          254381 1c008834 f6bff06f jal              x0, -150           
14313907ns          254384 1c00879e 1c0007b7 lui              x15, 0x1c000000     x15=1c000000
14313927ns          254385 1c0087a2 01c7a783 lw               x15, 28(x15)        x15=3fc90fdb x15:1c000000  PA:1c00001c
14314245ns          254401 1c0087a6 a0f517d3 flt.s            x15, f10, f15       x15=00000001 f10:3fa11def f15:3fc90fdb
14314265ns          254402 1c0087aa 02079563 bne              x15, x0, 42         x15:00000001
14314325ns          254405 1c0087d4 10a57553 fmul.s           f10, f10, f10       f10=xxxxxxxx f10:3fa11def f10:3fa11def
14314345ns          254406 1c0087d8 1c0007b7 lui              x15, 0x1c000000     x15=1c000000
14314365ns          254407 1c0087dc 1c000737 lui              x14, 0x1c000000     x14=1c000000
14314385ns          254408 1c0087e0 13472703 lw               x14, 308(x14)       x14=bab59551 x14:1c000000  PA:1c000134
14314683ns          254423 1c0087e4 1307a783 lw               x15, 304(x15)       x15=37c23ab1 x15:1c000000  PA:1c000130
14315001ns          254439 1c0087e8 70f577c3 fmadd.s          f15, f10, f15, f14  f15=xxxxxxxx f10:3fcacd54 f15:37c23ab1 f14:bab59551
14315021ns          254440 1c0087ec 1c000737 lui              x14, 0x1c000000     x14=1c000000
14315041ns          254441 1c0087f0 13872703 lw               x14, 312(x14)       x14=3d2aa76f x14:1c000000  PA:1c000138
14315359ns          254457 1c0087f4 70f577c3 fmadd.s          f15, f10, f15, f14  f15=xxxxxxxx f10:3fcacd54 f15:bab0c660 f14:3d2aa76f
14315379ns          254458 1c0087f8 1c000737 lui              x14, 0x1c000000     x14=1c000000
14315399ns          254459 1c0087fc 13c72703 lw               x14, 316(x14)       x14=beffffe0 x14:1c000000  PA:1c00013c
14315717ns          254475 1c008800 70f577c3 fmadd.s          f15, f10, f15, f14  f15=xxxxxxxx f10:3fcacd54 f15:3d21e6ca f14:beffffe0
14315737ns          254476 1c008804 1c000737 lui              x14, 0x1c000000     x14=1c000000
14315757ns          254477 1c008808 16872703 lw               x14, 360(x14)       x14=3f7fffff x14:1c000000  PA:1c000168
14316075ns          254493 1c00880c 70f57543 fmadd.s          f10, f10, f15, f14  f10=xxxxxxxx f10:3fcacd54 f15:bedfef62 f14:3f7fffff
14316095ns          254494 1c008810 00008067 jalr             x0, x1, 0            x1:1c0081de
14316155ns          254497 1c0081de 016a7a53 fadd.s           f20, f20, f22       f20=xxxxxxxx f20:403516e5 f22:3e533fc3
14316175ns          254498 1c0081e2 10acf553 fmul.s           f10, f25, f10       f10=xxxxxxxx f25:3f800000 f10:3e9d32ff
14316195ns          254499 1c0081e6 a14a97d3 flt.s            x15, f21, f20       x15=00000000 f21:40c90fdb f20:40424ae1
14316215ns          254500 1c0081ea 00a4222b p.sw             x10, 4(x8!)          x8=10000f40 x10:3e9d32ff  x8:10000f3c  PA:10000f3c
14316234ns          254501 1c0081ee 00078363 beq              x15, x0, 6          x15:00000000
14316294ns          254504 1c0081f4 ff7412e3 bne              x8, x23, -28         x8:10000f40 x23:10000fc8
14316354ns          254507 1c0081d8 094c7553 fsub.s           f10, f24, f20       f10=xxxxxxxx f24:3fc90fdb f20:40424ae1
14316374ns          254508 1c0081dc 57c000ef jal              x1, 1404             x1=1c0081de
14316413ns          254510 1c008758 a0a527d3 feq.s            x15, f10, f10       x15=00000001 f10:bfbb85e7 f10:bfbb85e7
14316433ns          254511 1c00875c 0a078b63 beq              x15, x0, 182        x15:00000001
14316453ns          254512 1c00875e e00517d3 fclass.s         x15, f10            x15=00000002 f10:bfbb85e7
14316473ns          254513 1c008762 0817f793 andi             x15, x15, 129       x15=00000000 x15:00000002
14316493ns          254514 1c008766 0a079663 bne              x15, x0, 172        x15:00000000
14316513ns          254515 1c008768 00000793 addi             x15, x0, 0          x15=00000000
14316533ns          254516 1c00876c a0f517d3 flt.s            x15, f10, f15       x15=00000001 f10:bfbb85e7 f15:00000000
14316553ns          254517 1c008770 0a079663 bne              x15, x0, 172        x15:00000001
14316612ns          254520 1c00881c 1c0007b7 lui              x15, 0x1c000000     x15=1c000000
14316632ns          254521 1c008820 12c7a783 lw               x15, 300(x15)       x15=c0c90fdb x15:1c000000  PA:1c00012c
14316970ns          254538 1c008824 a0f517d3 flt.s            x15, f10, f15       x15=00000000 f10:bfbb85e7 f15:c0c90fdb
14316990ns          254539 1c008828 00078463 beq              x15, x0, 8          x15:00000000
14317050ns          254542 1c008830 20a51553 fsgnjn.s         f10, f10, f10       f10=xxxxxxxx f10:bfbb85e7 f10:bfbb85e7
14317070ns          254543 1c008834 f6bff06f jal              x0, -150           
14317130ns          254546 1c00879e 1c0007b7 lui              x15, 0x1c000000     x15=1c000000
14317149ns          254547 1c0087a2 01c7a783 lw               x15, 28(x15)        x15=3fc90fdb x15:1c000000  PA:1c00001c
14317488ns          254564 1c0087a6 a0f517d3 flt.s            x15, f10, f15       x15=00000001 f10:3fbb85e7 f15:3fc90fdb
14317507ns          254565 1c0087aa 02079563 bne              x15, x0, 42         x15:00000001
14317567ns          254568 1c0087d4 10a57553 fmul.s           f10, f10, f10       f10=xxxxxxxx f10:3fbb85e7 f10:3fbb85e7
14317587ns          254569 1c0087d8 1c0007b7 lui              x15, 0x1c000000     x15=1c000000
14317607ns          254570 1c0087dc 1c000737 lui              x14, 0x1c000000     x14=1c000000
14317627ns          254571 1c0087e0 13472703 lw               x14, 308(x14)       x14=bab59551 x14:1c000000  PA:1c000134
14317925ns          254586 1c0087e4 1307a783 lw               x15, 304(x15)       x15=37c23ab1 x15:1c000000  PA:1c000130
14318243ns          254602 1c0087e8 70f577c3 fmadd.s          f15, f10, f15, f14  f15=xxxxxxxx f10:40095ce6 f15:37c23ab1 f14:bab59551
14318263ns          254603 1c0087ec 1c000737 lui              x14, 0x1c000000     x14=1c000000
14318283ns          254604 1c0087f0 13872703 lw               x14, 312(x14)       x14=3d2aa76f x14:1c000000  PA:1c000138
14318601ns          254620 1c0087f4 70f577c3 fmadd.s          f15, f10, f15, f14  f15=xxxxxxxx f10:40095ce6 f15:baaf11d3 f14:3d2aa76f
14318621ns          254621 1c0087f8 1c000737 lui              x14, 0x1c000000     x14=1c000000
14318641ns          254622 1c0087fc 13c72703 lw               x14, 316(x14)       x14=beffffe0 x14:1c000000  PA:1c00013c
14318959ns          254638 1c008800 70f577c3 fmadd.s          f15, f10, f15, f14  f15=xxxxxxxx f10:40095ce6 f15:3d1ee96d f14:beffffe0
14318979ns          254639 1c008804 1c000737 lui              x14, 0x1c000000     x14=1c000000
14318999ns          254640 1c008808 16872703 lw               x14, 360(x14)       x14=3f7fffff x14:1c000000  PA:1c000168
14319318ns          254656 1c00880c 70f57543 fmadd.s          f10, f10, f15, f14  f10=xxxxxxxx f10:40095ce6 f15:bed55d95 f14:3f7fffff
14319337ns          254657 1c008810 00008067 jalr             x0, x1, 0            x1:1c0081de
14319397ns          254660 1c0081de 016a7a53 fadd.s           f20, f20, f22       f20=xxxxxxxx f20:40424ae1 f22:3e533fc3
14319417ns          254661 1c0081e2 10acf553 fmul.s           f10, f25, f10       f10=xxxxxxxx f25:3f800000 f10:3dd837d7
14319437ns          254662 1c0081e6 a14a97d3 flt.s            x15, f21, f20       x15=00000000 f21:40c90fdb f20:404f7edd
14319457ns          254663 1c0081ea 00a4222b p.sw             x10, 4(x8!)          x8=10000f44 x10:3dd837d7  x8:10000f40  PA:10000f40
14319477ns          254664 1c0081ee 00078363 beq              x15, x0, 6          x15:00000000
14319536ns          254667 1c0081f4 ff7412e3 bne              x8, x23, -28         x8:10000f44 x23:10000fc8
14319596ns          254670 1c0081d8 094c7553 fsub.s           f10, f24, f20       f10=xxxxxxxx f24:3fc90fdb f20:404f7edd
14319616ns          254671 1c0081dc 57c000ef jal              x1, 1404             x1=1c0081de
14319656ns          254673 1c008758 a0a527d3 feq.s            x15, f10, f10       x15=00000001 f10:bfd5eddf f10:bfd5eddf
14319676ns          254674 1c00875c 0a078b63 beq              x15, x0, 182        x15:00000001
14319695ns          254675 1c00875e e00517d3 fclass.s         x15, f10            x15=00000002 f10:bfd5eddf
14319715ns          254676 1c008762 0817f793 andi             x15, x15, 129       x15=00000000 x15:00000002
14319735ns          254677 1c008766 0a079663 bne              x15, x0, 172        x15:00000000
14319755ns          254678 1c008768 00000793 addi             x15, x0, 0          x15=00000000
14319775ns          254679 1c00876c a0f517d3 flt.s            x15, f10, f15       x15=00000001 f10:bfd5eddf f15:00000000
14319795ns          254680 1c008770 0a079663 bne              x15, x0, 172        x15:00000001
14319855ns          254683 1c00881c 1c0007b7 lui              x15, 0x1c000000     x15=1c000000
14319874ns          254684 1c008820 12c7a783 lw               x15, 300(x15)       x15=c0c90fdb x15:1c000000  PA:1c00012c
14320193ns          254700 1c008824 a0f517d3 flt.s            x15, f10, f15       x15=00000000 f10:bfd5eddf f15:c0c90fdb
14320213ns          254701 1c008828 00078463 beq              x15, x0, 8          x15:00000000
14320272ns          254704 1c008830 20a51553 fsgnjn.s         f10, f10, f10       f10=xxxxxxxx f10:bfd5eddf f10:bfd5eddf
14320292ns          254705 1c008834 f6bff06f jal              x0, -150           
14320352ns          254708 1c00879e 1c0007b7 lui              x15, 0x1c000000     x15=1c000000
14320372ns          254709 1c0087a2 01c7a783 lw               x15, 28(x15)        x15=3fc90fdb x15:1c000000  PA:1c00001c
14320690ns          254725 1c0087a6 a0f517d3 flt.s            x15, f10, f15       x15=00000000 f10:3fd5eddf f15:3fc90fdb
14320710ns          254726 1c0087aa 02079563 bne              x15, x0, 42         x15:00000000
14320730ns          254727 1c0087ac 1c0007b7 lui              x15, 0x1c000000     x15=1c000000
14320750ns          254728 1c0087b0 1007a783 lw               x15, 256(x15)       x15=40490fdb x15:1c000000  PA:1c000100
14321068ns          254744 1c0087b4 a0f51753 flt.s            x14, f10, f15       x14=00000001 f10:3fd5eddf f15:40490fdb
14321088ns          254745 1c0087b8 06071f63 bne              x14, x0, 126        x14:00000001
14321167ns          254749 1c008836 08a7f553 fsub.s           f10, f15, f10       f10=xxxxxxxx f15:40490fdb f10:3fd5eddf
14321187ns          254750 1c00883a 10a57553 fmul.s           f10, f10, f10       f10=xxxxxxxx f10:3fbc31d7 f10:3fbc31d7
14321207ns          254751 1c00883e 1c0007b7 lui              x15, 0x1c000000     x15=1c000000
14321227ns          254752 1c008842 1c000737 lui              x14, 0x1c000000     x14=1c000000
14321247ns          254753 1c008846 13472703 lw               x14, 308(x14)       x14=bab59551 x14:1c000000  PA:1c000134
14321545ns          254768 1c00884a 1307a783 lw               x15, 304(x15)       x15=37c23ab1 x15:1c000000  PA:1c000130
14321864ns          254784 1c00884e 70f577c3 fmadd.s          f15, f10, f15, f14  f15=xxxxxxxx f10:400a593d f15:37c23ab1 f14:bab59551
14321883ns          254785 1c008852 1c000737 lui              x14, 0x1c000000     x14=1c000000
14321903ns          254786 1c008856 13872703 lw               x14, 312(x14)       x14=3d2aa76f x14:1c000000  PA:1c000138
14322222ns          254802 1c00885a 70f577c3 fmadd.s          f15, f10, f15, f14  f15=xxxxxxxx f10:400a593d f15:baaf05db f14:3d2aa76f
14322241ns          254803 1c00885e 1c000737 lui              x14, 0x1c000000     x14=1c000000
14322261ns          254804 1c008862 13c72703 lw               x14, 316(x14)       x14=beffffe0 x14:1c000000  PA:1c00013c
14322679ns          254825 1c008866 70f577c3 fmadd.s          f15, f10, f15, f14  f15=xxxxxxxx f10:400a593d f15:3d1ed4aa f14:beffffe0
14322699ns          254826 1c00886a 1c000737 lui              x14, 0x1c000000     x14=1c000000
14322719ns          254827 1c00886e 16872703 lw               x14, 360(x14)       x14=3f7fffff x14:1c000000  PA:1c000168
14323037ns          254843 1c008872 70f57543 fmadd.s          f10, f10, f15, f14  f10=xxxxxxxx f10:400a593d f15:bed514df f14:3f7fffff
14323057ns          254844 1c008876 20a51553 fsgnjn.s         f10, f10, f10       f10=xxxxxxxx f10:3dcd8784 f10:3dcd8784
14323077ns          254845 1c00887a 00008067 jalr             x0, x1, 0            x1:1c0081de
14323137ns          254848 1c0081de 016a7a53 fadd.s           f20, f20, f22       f20=xxxxxxxx f20:404f7edd f22:3e533fc3
14323156ns          254849 1c0081e2 10acf553 fmul.s           f10, f25, f10       f10=xxxxxxxx f25:3f800000 f10:bdcd8784
14323176ns          254850 1c0081e6 a14a97d3 flt.s            x15, f21, f20       x15=00000000 f21:40c90fdb f20:405cb2d9
14323196ns          254851 1c0081ea 00a4222b p.sw             x10, 4(x8!)          x8=10000f48 x10:bdcd8784  x8:10000f44  PA:10000f44
14323216ns          254852 1c0081ee 00078363 beq              x15, x0, 6          x15:00000000
14323276ns          254855 1c0081f4 ff7412e3 bne              x8, x23, -28         x8:10000f48 x23:10000fc8
14323335ns          254858 1c0081d8 094c7553 fsub.s           f10, f24, f20       f10=xxxxxxxx f24:3fc90fdb f20:405cb2d9
14323355ns          254859 1c0081dc 57c000ef jal              x1, 1404             x1=1c0081de
14323395ns          254861 1c008758 a0a527d3 feq.s            x15, f10, f10       x15=00000001 f10:bff055d7 f10:bff055d7
14323415ns          254862 1c00875c 0a078b63 beq              x15, x0, 182        x15:00000001
14323435ns          254863 1c00875e e00517d3 fclass.s         x15, f10            x15=00000002 f10:bff055d7
14323455ns          254864 1c008762 0817f793 andi             x15, x15, 129       x15=00000000 x15:00000002
14323475ns          254865 1c008766 0a079663 bne              x15, x0, 172        x15:00000000
14323495ns          254866 1c008768 00000793 addi             x15, x0, 0          x15=00000000
14323514ns          254867 1c00876c a0f517d3 flt.s            x15, f10, f15       x15=00000001 f10:bff055d7 f15:00000000
14323534ns          254868 1c008770 0a079663 bne              x15, x0, 172        x15:00000001
14323594ns          254871 1c00881c 1c0007b7 lui              x15, 0x1c000000     x15=1c000000
14323614ns          254872 1c008820 12c7a783 lw               x15, 300(x15)       x15=c0c90fdb x15:1c000000  PA:1c00012c
14323932ns          254888 1c008824 a0f517d3 flt.s            x15, f10, f15       x15=00000000 f10:bff055d7 f15:c0c90fdb
14323952ns          254889 1c008828 00078463 beq              x15, x0, 8          x15:00000000
14324012ns          254892 1c008830 20a51553 fsgnjn.s         f10, f10, f10       f10=xxxxxxxx f10:bff055d7 f10:bff055d7
14324032ns          254893 1c008834 f6bff06f jal              x0, -150           
14324091ns          254896 1c00879e 1c0007b7 lui              x15, 0x1c000000     x15=1c000000
14324111ns          254897 1c0087a2 01c7a783 lw               x15, 28(x15)        x15=3fc90fdb x15:1c000000  PA:1c00001c
14324429ns          254913 1c0087a6 a0f517d3 flt.s            x15, f10, f15       x15=00000000 f10:3ff055d7 f15:3fc90fdb
14324449ns          254914 1c0087aa 02079563 bne              x15, x0, 42         x15:00000000
14324469ns          254915 1c0087ac 1c0007b7 lui              x15, 0x1c000000     x15=1c000000
14324489ns          254916 1c0087b0 1007a783 lw               x15, 256(x15)       x15=40490fdb x15:1c000000  PA:1c000100
14324827ns          254933 1c0087b4 a0f51753 flt.s            x14, f10, f15       x14=00000001 f10:3ff055d7 f15:40490fdb
14324847ns          254934 1c0087b8 06071f63 bne              x14, x0, 126        x14:00000001
14324927ns          254938 1c008836 08a7f553 fsub.s           f10, f15, f10       f10=xxxxxxxx f15:40490fdb f10:3ff055d7
14324947ns          254939 1c00883a 10a57553 fmul.s           f10, f10, f10       f10=xxxxxxxx f10:3fa1c9df f10:3fa1c9df
14324966ns          254940 1c00883e 1c0007b7 lui              x15, 0x1c000000     x15=1c000000
14324986ns          254941 1c008842 1c000737 lui              x14, 0x1c000000     x14=1c000000
14325006ns          254942 1c008846 13472703 lw               x14, 308(x14)       x14=bab59551 x14:1c000000  PA:1c000134
14325305ns          254957 1c00884a 1307a783 lw               x15, 304(x15)       x15=37c23ab1 x15:1c000000  PA:1c000130
14325663ns          254975 1c00884e 70f577c3 fmadd.s          f15, f10, f15, f14  f15=xxxxxxxx f10:3fcc7f13 f15:37c23ab1 f14:bab59551
14325683ns          254976 1c008852 1c000737 lui              x14, 0x1c000000     x14=1c000000
14325702ns          254977 1c008856 13872703 lw               x14, 312(x14)       x14=3d2aa76f x14:1c000000  PA:1c000138
14326060ns          254995 1c00885a 70f577c3 fmadd.s          f15, f10, f15, f14  f15=xxxxxxxx f10:3fcc7f13 f15:bab0bc18 f14:3d2aa76f
14326080ns          254996 1c00885e 1c000737 lui              x14, 0x1c000000     x14=1c000000
14326100ns          254997 1c008862 13c72703 lw               x14, 316(x14)       x14=beffffe0 x14:1c000000  PA:1c00013c
14326438ns          255014 1c008866 70f577c3 fmadd.s          f15, f10, f15, f14  f15=xxxxxxxx f10:3fcc7f13 f15:3d21d495 f14:beffffe0
14326458ns          255015 1c00886a 1c000737 lui              x14, 0x1c000000     x14=1c000000
14326478ns          255016 1c00886e 16872703 lw               x14, 360(x14)       x14=3f7fffff x14:1c000000  PA:1c000168
14326796ns          255032 1c008872 70f57543 fmadd.s          f10, f10, f15, f14  f10=xxxxxxxx f10:3fcc7f13 f15:bedfae71 f14:3f7fffff
14326816ns          255033 1c008876 20a51553 fsgnjn.s         f10, f10, f10       f10=xxxxxxxx f10:3e9aa3ea f10:3e9aa3ea
14326836ns          255034 1c00887a 00008067 jalr             x0, x1, 0            x1:1c0081de
14326896ns          255037 1c0081de 016a7a53 fadd.s           f20, f20, f22       f20=xxxxxxxx f20:405cb2d9 f22:3e533fc3
14326916ns          255038 1c0081e2 10acf553 fmul.s           f10, f25, f10       f10=xxxxxxxx f25:3f800000 f10:be9aa3ea
14326936ns          255039 1c0081e6 a14a97d3 flt.s            x15, f21, f20       x15=00000000 f21:40c90fdb f20:4069e6d5
14326956ns          255040 1c0081ea 00a4222b p.sw             x10, 4(x8!)          x8=10000f4c x10:be9aa3ea  x8:10000f48  PA:10000f48
14326975ns          255041 1c0081ee 00078363 beq              x15, x0, 6          x15:00000000
14327035ns          255044 1c0081f4 ff7412e3 bne              x8, x23, -28         x8:10000f4c x23:10000fc8
14327095ns          255047 1c0081d8 094c7553 fsub.s           f10, f24, f20       f10=xxxxxxxx f24:3fc90fdb f20:4069e6d5
14327115ns          255048 1c0081dc 57c000ef jal              x1, 1404             x1=1c0081de
14327154ns          255050 1c008758 a0a527d3 feq.s            x15, f10, f10       x15=00000001 f10:c0055ee8 f10:c0055ee8
14327174ns          255051 1c00875c 0a078b63 beq              x15, x0, 182        x15:00000001
14327194ns          255052 1c00875e e00517d3 fclass.s         x15, f10            x15=00000002 f10:c0055ee8
14327214ns          255053 1c008762 0817f793 andi             x15, x15, 129       x15=00000000 x15:00000002
14327234ns          255054 1c008766 0a079663 bne              x15, x0, 172        x15:00000000
14327254ns          255055 1c008768 00000793 addi             x15, x0, 0          x15=00000000
14327274ns          255056 1c00876c a0f517d3 flt.s            x15, f10, f15       x15=00000001 f10:c0055ee8 f15:00000000
14327294ns          255057 1c008770 0a079663 bne              x15, x0, 172        x15:00000001
14327353ns          255060 1c00881c 1c0007b7 lui              x15, 0x1c000000     x15=1c000000
14327373ns          255061 1c008820 12c7a783 lw               x15, 300(x15)       x15=c0c90fdb x15:1c000000  PA:1c00012c
14327692ns          255077 1c008824 a0f517d3 flt.s            x15, f10, f15       x15=00000000 f10:c0055ee8 f15:c0c90fdb
14327711ns          255078 1c008828 00078463 beq              x15, x0, 8          x15:00000000
14327771ns          255081 1c008830 20a51553 fsgnjn.s         f10, f10, f10       f10=xxxxxxxx f10:c0055ee8 f10:c0055ee8
14327791ns          255082 1c008834 f6bff06f jal              x0, -150           
14327851ns          255085 1c00879e 1c0007b7 lui              x15, 0x1c000000     x15=1c000000
14327871ns          255086 1c0087a2 01c7a783 lw               x15, 28(x15)        x15=3fc90fdb x15:1c000000  PA:1c00001c
14328189ns          255102 1c0087a6 a0f517d3 flt.s            x15, f10, f15       x15=00000000 f10:40055ee8 f15:3fc90fdb
14328209ns          255103 1c0087aa 02079563 bne              x15, x0, 42         x15:00000000
14328229ns          255104 1c0087ac 1c0007b7 lui              x15, 0x1c000000     x15=1c000000
14328248ns          255105 1c0087b0 1007a783 lw               x15, 256(x15)       x15=40490fdb x15:1c000000  PA:1c000100
14328587ns          255122 1c0087b4 a0f51753 flt.s            x14, f10, f15       x14=00000001 f10:40055ee8 f15:40490fdb
14328606ns          255123 1c0087b8 06071f63 bne              x14, x0, 126        x14:00000001
14328686ns          255127 1c008836 08a7f553 fsub.s           f10, f15, f10       f10=xxxxxxxx f15:40490fdb f10:40055ee8
14328706ns          255128 1c00883a 10a57553 fmul.s           f10, f10, f10       f10=xxxxxxxx f10:3f8761e6 f10:3f8761e6
14328726ns          255129 1c00883e 1c0007b7 lui              x15, 0x1c000000     x15=1c000000
14328746ns          255130 1c008842 1c000737 lui              x14, 0x1c000000     x14=1c000000
14328766ns          255131 1c008846 13472703 lw               x14, 308(x14)       x14=bab59551 x14:1c000000  PA:1c000134
14329084ns          255147 1c00884a 1307a783 lw               x15, 304(x15)       x15=37c23ab1 x15:1c000000  PA:1c000130
14329402ns          255163 1c00884e 70f577c3 fmadd.s          f15, f10, f15, f14  f15=xxxxxxxx f10:3f8f30cc f15:37c23ab1 f14:bab59551
14329422ns          255164 1c008852 1c000737 lui              x14, 0x1c000000     x14=1c000000
14329442ns          255165 1c008856 13872703 lw               x14, 312(x14)       x14=3d2aa76f x14:1c000000  PA:1c000138
14329760ns          255181 1c00885a 70f577c3 fmadd.s          f15, f10, f15, f14  f15=xxxxxxxx f10:3f8f30cc f15:bab23033 f14:3d2aa76f
14329780ns          255182 1c00885e 1c000737 lui              x14, 0x1c000000     x14=1c000000
14329800ns          255183 1c008862 13c72703 lw               x14, 316(x14)       x14=beffffe0 x14:1c000000  PA:1c00013c
14330158ns          255201 1c008866 70f577c3 fmadd.s          f15, f10, f15, f14  f15=xxxxxxxx f10:3f8f30cc f15:3d246cc1 f14:beffffe0
14330178ns          255202 1c00886a 1c000737 lui              x14, 0x1c000000     x14=1c000000
14330198ns          255203 1c00886e 16872703 lw               x14, 360(x14)       x14=3f7fffff x14:1c000000  PA:1c000168
14330536ns          255220 1c008872 70f57543 fmadd.s          f10, f10, f15, f14  f10=xxxxxxxx f10:3f8f30cc f15:bee901da f14:3f7fffff
14330556ns          255221 1c008876 20a51553 fsgnjn.s         f10, f10, f10       f10=xxxxxxxx f10:3efb5718 f10:3efb5718
14330576ns          255222 1c00887a 00008067 jalr             x0, x1, 0            x1:1c0081de
14330635ns          255225 1c0081de 016a7a53 fadd.s           f20, f20, f22       f20=xxxxxxxx f20:4069e6d5 f22:3e533fc3
14330655ns          255226 1c0081e2 10acf553 fmul.s           f10, f25, f10       f10=xxxxxxxx f25:3f800000 f10:befb5718
14330675ns          255227 1c0081e6 a14a97d3 flt.s            x15, f21, f20       x15=00000000 f21:40c90fdb f20:40771ad1
14330695ns          255228 1c0081ea 00a4222b p.sw             x10, 4(x8!)          x8=10000f50 x10:befb5718  x8:10000f4c  PA:10000f4c
14330715ns          255229 1c0081ee 00078363 beq              x15, x0, 6          x15:00000000
14330775ns          255232 1c0081f4 ff7412e3 bne              x8, x23, -28         x8:10000f50 x23:10000fc8
14330834ns          255235 1c0081d8 094c7553 fsub.s           f10, f24, f20       f10=xxxxxxxx f24:3fc90fdb f20:40771ad1
14330854ns          255236 1c0081dc 57c000ef jal              x1, 1404             x1=1c0081de
14330894ns          255238 1c008758 a0a527d3 feq.s            x15, f10, f10       x15=00000001 f10:c01292e4 f10:c01292e4
14330914ns          255239 1c00875c 0a078b63 beq              x15, x0, 182        x15:00000001
14330934ns          255240 1c00875e e00517d3 fclass.s         x15, f10            x15=00000002 f10:c01292e4
14330954ns          255241 1c008762 0817f793 andi             x15, x15, 129       x15=00000000 x15:00000002
14330973ns          255242 1c008766 0a079663 bne              x15, x0, 172        x15:00000000
14330993ns          255243 1c008768 00000793 addi             x15, x0, 0          x15=00000000
14331013ns          255244 1c00876c a0f517d3 flt.s            x15, f10, f15       x15=00000001 f10:c01292e4 f15:00000000
14331033ns          255245 1c008770 0a079663 bne              x15, x0, 172        x15:00000001
14331093ns          255248 1c00881c 1c0007b7 lui              x15, 0x1c000000     x15=1c000000
14331113ns          255249 1c008820 12c7a783 lw               x15, 300(x15)       x15=c0c90fdb x15:1c000000  PA:1c00012c
14331431ns          255265 1c008824 a0f517d3 flt.s            x15, f10, f15       x15=00000000 f10:c01292e4 f15:c0c90fdb
14331451ns          255266 1c008828 00078463 beq              x15, x0, 8          x15:00000000
14331511ns          255269 1c008830 20a51553 fsgnjn.s         f10, f10, f10       f10=xxxxxxxx f10:c01292e4 f10:c01292e4
14331530ns          255270 1c008834 f6bff06f jal              x0, -150           
14331590ns          255273 1c00879e 1c0007b7 lui              x15, 0x1c000000     x15=1c000000
14331610ns          255274 1c0087a2 01c7a783 lw               x15, 28(x15)        x15=3fc90fdb x15:1c000000  PA:1c00001c
14331928ns          255290 1c0087a6 a0f517d3 flt.s            x15, f10, f15       x15=00000000 f10:401292e4 f15:3fc90fdb
14331948ns          255291 1c0087aa 02079563 bne              x15, x0, 42         x15:00000000
14331968ns          255292 1c0087ac 1c0007b7 lui              x15, 0x1c000000     x15=1c000000
14331988ns          255293 1c0087b0 1007a783 lw               x15, 256(x15)       x15=40490fdb x15:1c000000  PA:1c000100
14332326ns          255310 1c0087b4 a0f51753 flt.s            x14, f10, f15       x14=00000001 f10:401292e4 f15:40490fdb
14332346ns          255311 1c0087b8 06071f63 bne              x14, x0, 126        x14:00000001
14332426ns          255315 1c008836 08a7f553 fsub.s           f10, f15, f10       f10=xxxxxxxx f15:40490fdb f10:401292e4
14332445ns          255316 1c00883a 10a57553 fmul.s           f10, f10, f10       f10=xxxxxxxx f10:3f59f3dc f10:3f59f3dc
14332465ns          255317 1c00883e 1c0007b7 lui              x15, 0x1c000000     x15=1c000000
14332485ns          255318 1c008842 1c000737 lui              x14, 0x1c000000     x14=1c000000
14332505ns          255319 1c008846 13472703 lw               x14, 308(x14)       x14=bab59551 x14:1c000000  PA:1c000134
14332803ns          255334 1c00884a 1307a783 lw               x15, 304(x15)       x15=37c23ab1 x15:1c000000  PA:1c000130
14333142ns          255351 1c00884e 70f577c3 fmadd.s          f15, f10, f15, f14  f15=xxxxxxxx f10:3f398f53 f15:37c23ab1 f14:bab59551
14333161ns          255352 1c008852 1c000737 lui              x14, 0x1c000000     x14=1c000000
14333181ns          255353 1c008856 13872703 lw               x14, 312(x14)       x14=3d2aa76f x14:1c000000  PA:1c000138
14333500ns          255369 1c00885a 70f577c3 fmadd.s          f15, f10, f15, f14  f15=xxxxxxxx f10:3f398f53 f15:bab3622c f14:3d2aa76f
14333520ns          255370 1c00885e 1c000737 lui              x14, 0x1c000000     x14=1c000000
14333539ns          255371 1c008862 13c72703 lw               x14, 316(x14)       x14=beffffe0 x14:1c000000  PA:1c00013c
14333858ns          255387 1c008866 70f577c3 fmadd.s          f15, f10, f15, f14  f15=xxxxxxxx f10:3f398f53 f15:3d26973c f14:beffffe0
14333878ns          255388 1c00886a 1c000737 lui              x14, 0x1c000000     x14=1c000000
14333897ns          255389 1c00886e 16872703 lw               x14, 360(x14)       x14=3f7fffff x14:1c000000  PA:1c000168
14334216ns          255405 1c008872 70f57543 fmadd.s          f10, f10, f15, f14  f10=xxxxxxxx f10:3f398f53 f15:bef0e7ce f14:3f7fffff
14334236ns          255406 1c008876 20a51553 fsgnjn.s         f10, f10, f10       f10=xxxxxxxx f10:3f28b0cd f10:3f28b0cd
14334255ns          255407 1c00887a 00008067 jalr             x0, x1, 0            x1:1c0081de
14334315ns          255410 1c0081de 016a7a53 fadd.s           f20, f20, f22       f20=xxxxxxxx f20:40771ad1 f22:3e533fc3
14334335ns          255411 1c0081e2 10acf553 fmul.s           f10, f25, f10       f10=xxxxxxxx f25:3f800000 f10:bf28b0cd
14334355ns          255412 1c0081e6 a14a97d3 flt.s            x15, f21, f20       x15=00000000 f21:40c90fdb f20:40822767
14334375ns          255413 1c0081ea 00a4222b p.sw             x10, 4(x8!)          x8=10000f54 x10:bf28b0cd  x8:10000f50  PA:10000f50
14334395ns          255414 1c0081ee 00078363 beq              x15, x0, 6          x15:00000000
14334454ns          255417 1c0081f4 ff7412e3 bne              x8, x23, -28         x8:10000f54 x23:10000fc8
14334514ns          255420 1c0081d8 094c7553 fsub.s           f10, f24, f20       f10=xxxxxxxx f24:3fc90fdb f20:40822767
14334534ns          255421 1c0081dc 57c000ef jal              x1, 1404             x1=1c0081de
14334574ns          255423 1c008758 a0a527d3 feq.s            x15, f10, f10       x15=00000001 f10:c01fc6e0 f10:c01fc6e0
14334594ns          255424 1c00875c 0a078b63 beq              x15, x0, 182        x15:00000001
14334613ns          255425 1c00875e e00517d3 fclass.s         x15, f10            x15=00000002 f10:c01fc6e0
14334633ns          255426 1c008762 0817f793 andi             x15, x15, 129       x15=00000000 x15:00000002
14334653ns          255427 1c008766 0a079663 bne              x15, x0, 172        x15:00000000
14334673ns          255428 1c008768 00000793 addi             x15, x0, 0          x15=00000000
14334693ns          255429 1c00876c a0f517d3 flt.s            x15, f10, f15       x15=00000001 f10:c01fc6e0 f15:00000000
14334713ns          255430 1c008770 0a079663 bne              x15, x0, 172        x15:00000001
14334773ns          255433 1c00881c 1c0007b7 lui              x15, 0x1c000000     x15=1c000000
14334793ns          255434 1c008820 12c7a783 lw               x15, 300(x15)       x15=c0c90fdb x15:1c000000  PA:1c00012c
14335151ns          255452 1c008824 a0f517d3 flt.s            x15, f10, f15       x15=00000000 f10:c01fc6e0 f15:c0c90fdb
14335170ns          255453 1c008828 00078463 beq              x15, x0, 8          x15:00000000
14335230ns          255456 1c008830 20a51553 fsgnjn.s         f10, f10, f10       f10=xxxxxxxx f10:c01fc6e0 f10:c01fc6e0
14335250ns          255457 1c008834 f6bff06f jal              x0, -150           
14335310ns          255460 1c00879e 1c0007b7 lui              x15, 0x1c000000     x15=1c000000
14335330ns          255461 1c0087a2 01c7a783 lw               x15, 28(x15)        x15=3fc90fdb x15:1c000000  PA:1c00001c
14335707ns          255480 1c0087a6 a0f517d3 flt.s            x15, f10, f15       x15=00000000 f10:401fc6e0 f15:3fc90fdb
14335727ns          255481 1c0087aa 02079563 bne              x15, x0, 42         x15:00000000
14335747ns          255482 1c0087ac 1c0007b7 lui              x15, 0x1c000000     x15=1c000000
14335767ns          255483 1c0087b0 1007a783 lw               x15, 256(x15)       x15=40490fdb x15:1c000000  PA:1c000100
14336085ns          255499 1c0087b4 a0f51753 flt.s            x14, f10, f15       x14=00000001 f10:401fc6e0 f15:40490fdb
14336105ns          255500 1c0087b8 06071f63 bne              x14, x0, 126        x14:00000001
14336185ns          255504 1c008836 08a7f553 fsub.s           f10, f15, f10       f10=xxxxxxxx f15:40490fdb f10:401fc6e0
14336205ns          255505 1c00883a 10a57553 fmul.s           f10, f10, f10       f10=xxxxxxxx f10:3f2523ec f10:3f2523ec
14336225ns          255506 1c00883e 1c0007b7 lui              x15, 0x1c000000     x15=1c000000
14336245ns          255507 1c008842 1c000737 lui              x14, 0x1c000000     x14=1c000000
14336264ns          255508 1c008846 13472703 lw               x14, 308(x14)       x14=bab59551 x14:1c000000  PA:1c000134
14336563ns          255523 1c00884a 1307a783 lw               x15, 304(x15)       x15=37c23ab1 x15:1c000000  PA:1c000130
14336881ns          255539 1c00884e 70f577c3 fmadd.s          f15, f10, f15, f14  f15=xxxxxxxx f10:3ed50ea7 f15:37c23ab1 f14:bab59551
14336901ns          255540 1c008852 1c000737 lui              x14, 0x1c000000     x14=1c000000
14336921ns          255541 1c008856 13872703 lw               x14, 312(x14)       x14=3d2aa76f x14:1c000000  PA:1c000138
14337239ns          255557 1c00885a 70f577c3 fmadd.s          f15, f10, f15, f14  f15=xxxxxxxx f10:3ed50ea7 f15:bab45205 f14:3d2aa76f
14337259ns          255558 1c00885e 1c000737 lui              x14, 0x1c000000     x14=1c000000
14337279ns          255559 1c008862 13c72703 lw               x14, 316(x14)       x14=beffffe0 x14:1c000000  PA:1c00013c
14337597ns          255575 1c008866 70f577c3 fmadd.s          f15, f10, f15, f14  f15=xxxxxxxx f10:3ed50ea7 f15:3d284f25 f14:beffffe0
14337617ns          255576 1c00886a 1c000737 lui              x14, 0x1c000000     x14=1c000000
14337637ns          255577 1c00886e 16872703 lw               x14, 360(x14)       x14=3f7fffff x14:1c000000  PA:1c000168
14337955ns          255593 1c008872 70f57543 fmadd.s          f10, f10, f15, f14  f10=xxxxxxxx f10:3ed50ea7 f15:bef73ea8 f14:3f7fffff
14337975ns          255594 1c008876 20a51553 fsgnjn.s         f10, f10, f10       f10=xxxxxxxx f10:3f4c8ead f10:3f4c8ead
14337995ns          255595 1c00887a 00008067 jalr             x0, x1, 0            x1:1c0081de
14338055ns          255598 1c0081de 016a7a53 fadd.s           f20, f20, f22       f20=xxxxxxxx f20:40822767 f22:3e533fc3
14338074ns          255599 1c0081e2 10acf553 fmul.s           f10, f25, f10       f10=xxxxxxxx f25:3f800000 f10:bf4c8ead
14338094ns          255600 1c0081e6 a14a97d3 flt.s            x15, f21, f20       x15=00000000 f21:40c90fdb f20:4088c165
14338114ns          255601 1c0081ea 00a4222b p.sw             x10, 4(x8!)          x8=10000f58 x10:bf4c8ead  x8:10000f54  PA:10000f54
14338134ns          255602 1c0081ee 00078363 beq              x15, x0, 6          x15:00000000
14338194ns          255605 1c0081f4 ff7412e3 bne              x8, x23, -28         x8:10000f58 x23:10000fc8
14338254ns          255608 1c0081d8 094c7553 fsub.s           f10, f24, f20       f10=xxxxxxxx f24:3fc90fdb f20:4088c165
14338273ns          255609 1c0081dc 57c000ef jal              x1, 1404             x1=1c0081de
14338313ns          255611 1c008758 a0a527d3 feq.s            x15, f10, f10       x15=00000001 f10:c02cfadc f10:c02cfadc
14338333ns          255612 1c00875c 0a078b63 beq              x15, x0, 182        x15:00000001
14338353ns          255613 1c00875e e00517d3 fclass.s         x15, f10            x15=00000002 f10:c02cfadc
14338373ns          255614 1c008762 0817f793 andi             x15, x15, 129       x15=00000000 x15:00000002
14338393ns          255615 1c008766 0a079663 bne              x15, x0, 172        x15:00000000
14338413ns          255616 1c008768 00000793 addi             x15, x0, 0          x15=00000000
14338433ns          255617 1c00876c a0f517d3 flt.s            x15, f10, f15       x15=00000001 f10:c02cfadc f15:00000000
14338452ns          255618 1c008770 0a079663 bne              x15, x0, 172        x15:00000001
14338512ns          255621 1c00881c 1c0007b7 lui              x15, 0x1c000000     x15=1c000000
14338532ns          255622 1c008820 12c7a783 lw               x15, 300(x15)       x15=c0c90fdb x15:1c000000  PA:1c00012c
14338850ns          255638 1c008824 a0f517d3 flt.s            x15, f10, f15       x15=00000000 f10:c02cfadc f15:c0c90fdb
14338870ns          255639 1c008828 00078463 beq              x15, x0, 8          x15:00000000
14338930ns          255642 1c008830 20a51553 fsgnjn.s         f10, f10, f10       f10=xxxxxxxx f10:c02cfadc f10:c02cfadc
14338950ns          255643 1c008834 f6bff06f jal              x0, -150           
14339009ns          255646 1c00879e 1c0007b7 lui              x15, 0x1c000000     x15=1c000000
14339029ns          255647 1c0087a2 01c7a783 lw               x15, 28(x15)        x15=3fc90fdb x15:1c000000  PA:1c00001c
14339347ns          255663 1c0087a6 a0f517d3 flt.s            x15, f10, f15       x15=00000000 f10:402cfadc f15:3fc90fdb
14339367ns          255664 1c0087aa 02079563 bne              x15, x0, 42         x15:00000000
14339387ns          255665 1c0087ac 1c0007b7 lui              x15, 0x1c000000     x15=1c000000
14339407ns          255666 1c0087b0 1007a783 lw               x15, 256(x15)       x15=40490fdb x15:1c000000  PA:1c000100
14339745ns          255683 1c0087b4 a0f51753 flt.s            x14, f10, f15       x14=00000001 f10:402cfadc f15:40490fdb
14339765ns          255684 1c0087b8 06071f63 bne              x14, x0, 126        x14:00000001
14339845ns          255688 1c008836 08a7f553 fsub.s           f10, f15, f10       f10=xxxxxxxx f15:40490fdb f10:402cfadc
14339865ns          255689 1c00883a 10a57553 fmul.s           f10, f10, f10       f10=xxxxxxxx f10:3ee0a7f8 f10:3ee0a7f8
14339885ns          255690 1c00883e 1c0007b7 lui              x15, 0x1c000000     x15=1c000000
14339904ns          255691 1c008842 1c000737 lui              x14, 0x1c000000     x14=1c000000
14339924ns          255692 1c008846 13472703 lw               x14, 308(x14)       x14=bab59551 x14:1c000000  PA:1c000134
14340223ns          255707 1c00884a 1307a783 lw               x15, 304(x15)       x15=37c23ab1 x15:1c000000  PA:1c000130
14340541ns          255723 1c00884e 70f577c3 fmadd.s          f15, f10, f15, f14  f15=xxxxxxxx f10:3e452660 f15:37c23ab1 f14:bab59551
14340561ns          255724 1c008852 1c000737 lui              x14, 0x1c000000     x14=1c000000
14340581ns          255725 1c008856 13872703 lw               x14, 312(x14)       x14=3d2aa76f x14:1c000000  PA:1c000138
14340899ns          255741 1c00885a 70f577c3 fmadd.s          f15, f10, f15, f14  f15=xxxxxxxx f10:3e452660 f15:bab4ffbd f14:3d2aa76f
14340919ns          255742 1c00885e 1c000737 lui              x14, 0x1c000000     x14=1c000000
14340939ns          255743 1c008862 13c72703 lw               x14, 316(x14)       x14=beffffe0 x14:1c000000  PA:1c00013c
14341277ns          255760 1c008866 70f577c3 fmadd.s          f15, f10, f15, f14  f15=xxxxxxxx f10:3e452660 f15:3d2990a7 f14:beffffe0
14341297ns          255761 1c00886a 1c000737 lui              x14, 0x1c000000     x14=1c000000
14341317ns          255762 1c00886e 16872703 lw               x14, 360(x14)       x14=3f7fffff x14:1c000000  PA:1c000168
14341635ns          255778 1c008872 70f57543 fmadd.s          f10, f10, f15, f14  f10=xxxxxxxx f10:3e452660 f15:befbeb32 f14:3f7fffff
14341655ns          255779 1c008876 20a51553 fsgnjn.s         f10, f10, f10       f10=xxxxxxxx f10:3f67bfc7 f10:3f67bfc7
14341675ns          255780 1c00887a 00008067 jalr             x0, x1, 0            x1:1c0081de
14341734ns          255783 1c0081de 016a7a53 fadd.s           f20, f20, f22       f20=xxxxxxxx f20:4088c165 f22:3e533fc3
14341754ns          255784 1c0081e2 10acf553 fmul.s           f10, f25, f10       f10=xxxxxxxx f25:3f800000 f10:bf67bfc7
14341774ns          255785 1c0081e6 a14a97d3 flt.s            x15, f21, f20       x15=00000000 f21:40c90fdb f20:408f5b63
14341794ns          255786 1c0081ea 00a4222b p.sw             x10, 4(x8!)          x8=10000f5c x10:bf67bfc7  x8:10000f58  PA:10000f58
14341814ns          255787 1c0081ee 00078363 beq              x15, x0, 6          x15:00000000
14341874ns          255790 1c0081f4 ff7412e3 bne              x8, x23, -28         x8:10000f5c x23:10000fc8
14341933ns          255793 1c0081d8 094c7553 fsub.s           f10, f24, f20       f10=xxxxxxxx f24:3fc90fdb f20:408f5b63
14341953ns          255794 1c0081dc 57c000ef jal              x1, 1404             x1=1c0081de
14341993ns          255796 1c008758 a0a527d3 feq.s            x15, f10, f10       x15=00000001 f10:c03a2ed8 f10:c03a2ed8
14342013ns          255797 1c00875c 0a078b63 beq              x15, x0, 182        x15:00000001
14342033ns          255798 1c00875e e00517d3 fclass.s         x15, f10            x15=00000002 f10:c03a2ed8
14342053ns          255799 1c008762 0817f793 andi             x15, x15, 129       x15=00000000 x15:00000002
14342073ns          255800 1c008766 0a079663 bne              x15, x0, 172        x15:00000000
14342092ns          255801 1c008768 00000793 addi             x15, x0, 0          x15=00000000
14342112ns          255802 1c00876c a0f517d3 flt.s            x15, f10, f15       x15=00000001 f10:c03a2ed8 f15:00000000
14342132ns          255803 1c008770 0a079663 bne              x15, x0, 172        x15:00000001
14342192ns          255806 1c00881c 1c0007b7 lui              x15, 0x1c000000     x15=1c000000
14342212ns          255807 1c008820 12c7a783 lw               x15, 300(x15)       x15=c0c90fdb x15:1c000000  PA:1c00012c
14342530ns          255823 1c008824 a0f517d3 flt.s            x15, f10, f15       x15=00000000 f10:c03a2ed8 f15:c0c90fdb
14342550ns          255824 1c008828 00078463 beq              x15, x0, 8          x15:00000000
14342610ns          255827 1c008830 20a51553 fsgnjn.s         f10, f10, f10       f10=xxxxxxxx f10:c03a2ed8 f10:c03a2ed8
14342629ns          255828 1c008834 f6bff06f jal              x0, -150           
14342689ns          255831 1c00879e 1c0007b7 lui              x15, 0x1c000000     x15=1c000000
14342709ns          255832 1c0087a2 01c7a783 lw               x15, 28(x15)        x15=3fc90fdb x15:1c000000  PA:1c00001c
14343027ns          255848 1c0087a6 a0f517d3 flt.s            x15, f10, f15       x15=00000000 f10:403a2ed8 f15:3fc90fdb
14343047ns          255849 1c0087aa 02079563 bne              x15, x0, 42         x15:00000000
14343067ns          255850 1c0087ac 1c0007b7 lui              x15, 0x1c000000     x15=1c000000
14343087ns          255851 1c0087b0 1007a783 lw               x15, 256(x15)       x15=40490fdb x15:1c000000  PA:1c000100
14343425ns          255868 1c0087b4 a0f51753 flt.s            x14, f10, f15       x14=00000001 f10:403a2ed8 f15:40490fdb
14343445ns          255869 1c0087b8 06071f63 bne              x14, x0, 126        x14:00000001
14343525ns          255873 1c008836 08a7f553 fsub.s           f10, f15, f10       f10=xxxxxxxx f15:40490fdb f10:403a2ed8
14343544ns          255874 1c00883a 10a57553 fmul.s           f10, f10, f10       f10=xxxxxxxx f10:3e6e1030 f10:3e6e1030
14343564ns          255875 1c00883e 1c0007b7 lui              x15, 0x1c000000     x15=1c000000
14343584ns          255876 1c008842 1c000737 lui              x14, 0x1c000000     x14=1c000000
14343604ns          255877 1c008846 13472703 lw               x14, 308(x14)       x14=bab59551 x14:1c000000  PA:1c000134
14343922ns          255893 1c00884a 1307a783 lw               x15, 304(x15)       x15=37c23ab1 x15:1c000000  PA:1c000130
14344280ns          255911 1c00884e 70f577c3 fmadd.s          f15, f10, f15, f14  f15=xxxxxxxx f10:3d5d621a f15:37c23ab1 f14:bab59551
14344300ns          255912 1c008852 1c000737 lui              x14, 0x1c000000     x14=1c000000
14344320ns          255913 1c008856 13872703 lw               x14, 312(x14)       x14=3d2aa76f x14:1c000000  PA:1c000138
14344638ns          255929 1c00885a 70f577c3 fmadd.s          f15, f10, f15, f14  f15=xxxxxxxx f10:3d5d621a f15:bab56b53 f14:3d2aa76f
14344658ns          255930 1c00885e 1c000737 lui              x14, 0x1c000000     x14=1c000000
14344678ns          255931 1c008862 13c72703 lw               x14, 316(x14)       x14=beffffe0 x14:1c000000  PA:1c00013c
14344996ns          255947 1c008866 70f577c3 fmadd.s          f15, f10, f15, f14  f15=xxxxxxxx f10:3d5d621a f15:3d2a58fd f14:beffffe0
14345016ns          255948 1c00886a 1c000737 lui              x14, 0x1c000000     x14=1c000000
14345036ns          255949 1c00886e 16872703 lw               x14, 360(x14)       x14=3f7fffff x14:1c000000  PA:1c000168
14345355ns          255965 1c008872 70f57543 fmadd.s          f10, f10, f15, f14  f10=xxxxxxxx f10:3d5d621a f15:befed940 f14:3f7fffff
14345374ns          255966 1c008876 20a51553 fsgnjn.s         f10, f10, f10       f10=xxxxxxxx f10:3f791ce5 f10:3f791ce5
14345394ns          255967 1c00887a 00008067 jalr             x0, x1, 0            x1:1c0081de
14345454ns          255970 1c0081de 016a7a53 fadd.s           f20, f20, f22       f20=xxxxxxxx f20:408f5b63 f22:3e533fc3
14345474ns          255971 1c0081e2 10acf553 fmul.s           f10, f25, f10       f10=xxxxxxxx f25:3f800000 f10:bf791ce5
14345494ns          255972 1c0081e6 a14a97d3 flt.s            x15, f21, f20       x15=00000000 f21:40c90fdb f20:4095f561
14345514ns          255973 1c0081ea 00a4222b p.sw             x10, 4(x8!)          x8=10000f60 x10:bf791ce5  x8:10000f5c  PA:10000f5c
14345534ns          255974 1c0081ee 00078363 beq              x15, x0, 6          x15:00000000
14345593ns          255977 1c0081f4 ff7412e3 bne              x8, x23, -28         x8:10000f60 x23:10000fc8
14345653ns          255980 1c0081d8 094c7553 fsub.s           f10, f24, f20       f10=xxxxxxxx f24:3fc90fdb f20:4095f561
14345673ns          255981 1c0081dc 57c000ef jal              x1, 1404             x1=1c0081de
14345713ns          255983 1c008758 a0a527d3 feq.s            x15, f10, f10       x15=00000001 f10:c04762d4 f10:c04762d4
14345732ns          255984 1c00875c 0a078b63 beq              x15, x0, 182        x15:00000001
14345752ns          255985 1c00875e e00517d3 fclass.s         x15, f10            x15=00000002 f10:c04762d4
14345772ns          255986 1c008762 0817f793 andi             x15, x15, 129       x15=00000000 x15:00000002
14345792ns          255987 1c008766 0a079663 bne              x15, x0, 172        x15:00000000
14345812ns          255988 1c008768 00000793 addi             x15, x0, 0          x15=00000000
14345832ns          255989 1c00876c a0f517d3 flt.s            x15, f10, f15       x15=00000001 f10:c04762d4 f15:00000000
14345852ns          255990 1c008770 0a079663 bne              x15, x0, 172        x15:00000001
14345911ns          255993 1c00881c 1c0007b7 lui              x15, 0x1c000000     x15=1c000000
14345931ns          255994 1c008820 12c7a783 lw               x15, 300(x15)       x15=c0c90fdb x15:1c000000  PA:1c00012c
14346269ns          256011 1c008824 a0f517d3 flt.s            x15, f10, f15       x15=00000000 f10:c04762d4 f15:c0c90fdb
14346289ns          256012 1c008828 00078463 beq              x15, x0, 8          x15:00000000
14346349ns          256015 1c008830 20a51553 fsgnjn.s         f10, f10, f10       f10=xxxxxxxx f10:c04762d4 f10:c04762d4
14346369ns          256016 1c008834 f6bff06f jal              x0, -150           
14346429ns          256019 1c00879e 1c0007b7 lui              x15, 0x1c000000     x15=1c000000
14346448ns          256020 1c0087a2 01c7a783 lw               x15, 28(x15)        x15=3fc90fdb x15:1c000000  PA:1c00001c
14346826ns          256039 1c0087a6 a0f517d3 flt.s            x15, f10, f15       x15=00000000 f10:404762d4 f15:3fc90fdb
14346846ns          256040 1c0087aa 02079563 bne              x15, x0, 42         x15:00000000
14346866ns          256041 1c0087ac 1c0007b7 lui              x15, 0x1c000000     x15=1c000000
14346886ns          256042 1c0087b0 1007a783 lw               x15, 256(x15)       x15=40490fdb x15:1c000000  PA:1c000100
14347204ns          256058 1c0087b4 a0f51753 flt.s            x14, f10, f15       x14=00000001 f10:404762d4 f15:40490fdb
14347224ns          256059 1c0087b8 06071f63 bne              x14, x0, 126        x14:00000001
14347304ns          256063 1c008836 08a7f553 fsub.s           f10, f15, f10       f10=xxxxxxxx f15:40490fdb f10:404762d4
14347324ns          256064 1c00883a 10a57553 fmul.s           f10, f10, f10       f10=xxxxxxxx f10:3cd68380 f10:3cd68380
14347344ns          256065 1c00883e 1c0007b7 lui              x15, 0x1c000000     x15=1c000000
14347363ns          256066 1c008842 1c000737 lui              x14, 0x1c000000     x14=1c000000
14347383ns          256067 1c008846 13472703 lw               x14, 308(x14)       x14=bab59551 x14:1c000000  PA:1c000134
14347682ns          256082 1c00884a 1307a783 lw               x15, 304(x15)       x15=37c23ab1 x15:1c000000  PA:1c000130
14348000ns          256098 1c00884e 70f577c3 fmadd.s          f15, f10, f15, f14  f15=xxxxxxxx f10:3a33c01e f15:37c23ab1 f14:bab59551
14348020ns          256099 1c008852 1c000737 lui              x14, 0x1c000000     x14=1c000000
14348040ns          256100 1c008856 13872703 lw               x14, 312(x14)       x14=3d2aa76f x14:1c000000  PA:1c000138
14348358ns          256116 1c00885a 70f577c3 fmadd.s          f15, f10, f15, f14  f15=xxxxxxxx f10:3a33c01e f15:bab594c9 f14:3d2aa76f
14348378ns          256117 1c00885e 1c000737 lui              x14, 0x1c000000     x14=1c000000
14348398ns          256118 1c008862 13c72703 lw               x14, 316(x14)       x14=beffffe0 x14:1c000000  PA:1c00013c
14348716ns          256134 1c008866 70f577c3 fmadd.s          f15, f10, f15, f14  f15=xxxxxxxx f10:3a33c01e f15:3d2aa670 f14:beffffe0
14348736ns          256135 1c00886a 1c000737 lui              x14, 0x1c000000     x14=1c000000
14348756ns          256136 1c00886e 16872703 lw               x14, 360(x14)       x14=3f7fffff x14:1c000000  PA:1c000168
14349134ns          256155 1c008872 70f57543 fmadd.s          f10, f10, f15, f14  f10=xxxxxxxx f10:3a33c01e f15:befffc21 f14:3f7fffff
14349154ns          256156 1c008876 20a51553 fsgnjn.s         f10, f10, f10       f10=xxxxxxxx f10:3f7fe987 f10:3f7fe987
14349174ns          256157 1c00887a 00008067 jalr             x0, x1, 0            x1:1c0081de
14349233ns          256160 1c0081de 016a7a53 fadd.s           f20, f20, f22       f20=xxxxxxxx f20:4095f561 f22:3e533fc3
14349253ns          256161 1c0081e2 10acf553 fmul.s           f10, f25, f10       f10=xxxxxxxx f25:3f800000 f10:bf7fe987
14349273ns          256162 1c0081e6 a14a97d3 flt.s            x15, f21, f20       x15=00000000 f21:40c90fdb f20:409c8f5f
14349293ns          256163 1c0081ea 00a4222b p.sw             x10, 4(x8!)          x8=10000f64 x10:bf7fe987  x8:10000f60  PA:10000f60
14349313ns          256164 1c0081ee 00078363 beq              x15, x0, 6          x15:00000000
14349372ns          256167 1c0081f4 ff7412e3 bne              x8, x23, -28         x8:10000f64 x23:10000fc8
14349432ns          256170 1c0081d8 094c7553 fsub.s           f10, f24, f20       f10=xxxxxxxx f24:3fc90fdb f20:409c8f5f
14349452ns          256171 1c0081dc 57c000ef jal              x1, 1404             x1=1c0081de
14349492ns          256173 1c008758 a0a527d3 feq.s            x15, f10, f10       x15=00000001 f10:c05496d0 f10:c05496d0
14349512ns          256174 1c00875c 0a078b63 beq              x15, x0, 182        x15:00000001
14349532ns          256175 1c00875e e00517d3 fclass.s         x15, f10            x15=00000002 f10:c05496d0
14349551ns          256176 1c008762 0817f793 andi             x15, x15, 129       x15=00000000 x15:00000002
14349571ns          256177 1c008766 0a079663 bne              x15, x0, 172        x15:00000000
14349591ns          256178 1c008768 00000793 addi             x15, x0, 0          x15=00000000
14349611ns          256179 1c00876c a0f517d3 flt.s            x15, f10, f15       x15=00000001 f10:c05496d0 f15:00000000
14349631ns          256180 1c008770 0a079663 bne              x15, x0, 172        x15:00000001
14349691ns          256183 1c00881c 1c0007b7 lui              x15, 0x1c000000     x15=1c000000
14349711ns          256184 1c008820 12c7a783 lw               x15, 300(x15)       x15=c0c90fdb x15:1c000000  PA:1c00012c
14350049ns          256201 1c008824 a0f517d3 flt.s            x15, f10, f15       x15=00000000 f10:c05496d0 f15:c0c90fdb
14350069ns          256202 1c008828 00078463 beq              x15, x0, 8          x15:00000000
14350128ns          256205 1c008830 20a51553 fsgnjn.s         f10, f10, f10       f10=xxxxxxxx f10:c05496d0 f10:c05496d0
14350148ns          256206 1c008834 f6bff06f jal              x0, -150           
14350208ns          256209 1c00879e 1c0007b7 lui              x15, 0x1c000000     x15=1c000000
14350228ns          256210 1c0087a2 01c7a783 lw               x15, 28(x15)        x15=3fc90fdb x15:1c000000  PA:1c00001c
14350566ns          256227 1c0087a6 a0f517d3 flt.s            x15, f10, f15       x15=00000000 f10:405496d0 f15:3fc90fdb
14350586ns          256228 1c0087aa 02079563 bne              x15, x0, 42         x15:00000000
14350606ns          256229 1c0087ac 1c0007b7 lui              x15, 0x1c000000     x15=1c000000
14350626ns          256230 1c0087b0 1007a783 lw               x15, 256(x15)       x15=40490fdb x15:1c000000  PA:1c000100
14350964ns          256247 1c0087b4 a0f51753 flt.s            x14, f10, f15       x14=00000000 f10:405496d0 f15:40490fdb
14350984ns          256248 1c0087b8 06071f63 bne              x14, x0, 126        x14:00000000
14351003ns          256249 1c0087ba 1c000737 lui              x14, 0x1c000000     x14=1c000000
14351023ns          256250 1c0087be 14072703 lw               x14, 320(x14)       x14=4096cbe4 x14:1c000000  PA:1c000140
14351362ns          256267 1c0087c2 a0e51753 flt.s            x14, f10, f14       x14=00000001 f10:405496d0 f14:4096cbe4
14351381ns          256268 1c0087c6 0a071b63 bne              x14, x0, 182        x14:00000001
14351441ns          256271 1c00887c 08f57553 fsub.s           f10, f10, f15       f10=xxxxxxxx f10:405496d0 f15:40490fdb
14351461ns          256272 1c008880 fbbff06f jal              x0, -70            
14351521ns          256275 1c00883a 10a57553 fmul.s           f10, f10, f10       f10=xxxxxxxx f10:3e386f50 f10:3e386f50
14351541ns          256276 1c00883e 1c0007b7 lui              x15, 0x1c000000     x15=1c000000
14351560ns          256277 1c008842 1c000737 lui              x14, 0x1c000000     x14=1c000000
14351580ns          256278 1c008846 13472703 lw               x14, 308(x14)       x14=bab59551 x14:1c000000  PA:1c000134
14351899ns          256294 1c00884a 1307a783 lw               x15, 304(x15)       x15=37c23ab1 x15:1c000000  PA:1c000130
14352217ns          256310 1c00884e 70f577c3 fmadd.s          f15, f10, f15, f14  f15=xxxxxxxx f10:3d04e033 f15:37c23ab1 f14:bab59551
14352237ns          256311 1c008852 1c000737 lui              x14, 0x1c000000     x14=1c000000
14352257ns          256312 1c008856 13872703 lw               x14, 312(x14)       x14=3d2aa76f x14:1c000000  PA:1c000138
14352575ns          256328 1c00885a 70f577c3 fmadd.s          f15, f10, f15, f14  f15=xxxxxxxx f10:3d04e033 f15:bab57c1d f14:3d2aa76f
14352595ns          256329 1c00885e 1c000737 lui              x14, 0x1c000000     x14=1c000000
14352615ns          256330 1c008862 13c72703 lw               x14, 316(x14)       x14=beffffe0 x14:1c000000  PA:1c00013c
14352933ns          256346 1c008866 70f577c3 fmadd.s          f15, f10, f15, f14  f15=xxxxxxxx f10:3d04e033 f15:3d2a7856 f14:beffffe0
14352953ns          256347 1c00886a 1c000737 lui              x14, 0x1c000000     x14=1c000000
14352973ns          256348 1c00886e 16872703 lw               x14, 360(x14)       x14=3f7fffff x14:1c000000  PA:1c000168
14353291ns          256364 1c008872 70f57543 fmadd.s          f10, f10, f15, f14  f10=xxxxxxxx f10:3d04e033 f15:beff4ee9 f14:3f7fffff
14353311ns          256365 1c008876 20a51553 fsgnjn.s         f10, f10, f10       f10=xxxxxxxx f10:3f7bdbdd f10:3f7bdbdd
14353331ns          256366 1c00887a 00008067 jalr             x0, x1, 0            x1:1c0081de
14353390ns          256369 1c0081de 016a7a53 fadd.s           f20, f20, f22       f20=xxxxxxxx f20:409c8f5f f22:3e533fc3
14353410ns          256370 1c0081e2 10acf553 fmul.s           f10, f25, f10       f10=xxxxxxxx f25:3f800000 f10:bf7bdbdd
14353430ns          256371 1c0081e6 a14a97d3 flt.s            x15, f21, f20       x15=00000000 f21:40c90fdb f20:40a3295d
14353450ns          256372 1c0081ea 00a4222b p.sw             x10, 4(x8!)          x8=10000f68 x10:bf7bdbdd  x8:10000f64  PA:10000f64
14353470ns          256373 1c0081ee 00078363 beq              x15, x0, 6          x15:00000000
14353530ns          256376 1c0081f4 ff7412e3 bne              x8, x23, -28         x8:10000f68 x23:10000fc8
14353589ns          256379 1c0081d8 094c7553 fsub.s           f10, f24, f20       f10=xxxxxxxx f24:3fc90fdb f20:40a3295d
14353609ns          256380 1c0081dc 57c000ef jal              x1, 1404             x1=1c0081de
14353649ns          256382 1c008758 a0a527d3 feq.s            x15, f10, f10       x15=00000001 f10:c061cacc f10:c061cacc
14353669ns          256383 1c00875c 0a078b63 beq              x15, x0, 182        x15:00000001
14353689ns          256384 1c00875e e00517d3 fclass.s         x15, f10            x15=00000002 f10:c061cacc
14353709ns          256385 1c008762 0817f793 andi             x15, x15, 129       x15=00000000 x15:00000002
14353729ns          256386 1c008766 0a079663 bne              x15, x0, 172        x15:00000000
14353748ns          256387 1c008768 00000793 addi             x15, x0, 0          x15=00000000
14353768ns          256388 1c00876c a0f517d3 flt.s            x15, f10, f15       x15=00000001 f10:c061cacc f15:00000000
14353788ns          256389 1c008770 0a079663 bne              x15, x0, 172        x15:00000001
14353848ns          256392 1c00881c 1c0007b7 lui              x15, 0x1c000000     x15=1c000000
14353868ns          256393 1c008820 12c7a783 lw               x15, 300(x15)       x15=c0c90fdb x15:1c000000  PA:1c00012c
14354186ns          256409 1c008824 a0f517d3 flt.s            x15, f10, f15       x15=00000000 f10:c061cacc f15:c0c90fdb
14354206ns          256410 1c008828 00078463 beq              x15, x0, 8          x15:00000000
14354266ns          256413 1c008830 20a51553 fsgnjn.s         f10, f10, f10       f10=xxxxxxxx f10:c061cacc f10:c061cacc
14354285ns          256414 1c008834 f6bff06f jal              x0, -150           
14354345ns          256417 1c00879e 1c0007b7 lui              x15, 0x1c000000     x15=1c000000
14354365ns          256418 1c0087a2 01c7a783 lw               x15, 28(x15)        x15=3fc90fdb x15:1c000000  PA:1c00001c
14354683ns          256434 1c0087a6 a0f517d3 flt.s            x15, f10, f15       x15=00000000 f10:4061cacc f15:3fc90fdb
14354703ns          256435 1c0087aa 02079563 bne              x15, x0, 42         x15:00000000
14354723ns          256436 1c0087ac 1c0007b7 lui              x15, 0x1c000000     x15=1c000000
14354743ns          256437 1c0087b0 1007a783 lw               x15, 256(x15)       x15=40490fdb x15:1c000000  PA:1c000100
14355061ns          256453 1c0087b4 a0f51753 flt.s            x14, f10, f15       x14=00000000 f10:4061cacc f15:40490fdb
14355081ns          256454 1c0087b8 06071f63 bne              x14, x0, 126        x14:00000000
14355101ns          256455 1c0087ba 1c000737 lui              x14, 0x1c000000     x14=1c000000
14355121ns          256456 1c0087be 14072703 lw               x14, 320(x14)       x14=4096cbe4 x14:1c000000  PA:1c000140
14355439ns          256472 1c0087c2 a0e51753 flt.s            x14, f10, f14       x14=00000001 f10:4061cacc f14:4096cbe4
14355459ns          256473 1c0087c6 0a071b63 bne              x14, x0, 182        x14:00000001
14355519ns          256476 1c00887c 08f57553 fsub.s           f10, f10, f15       f10=xxxxxxxx f10:4061cacc f15:40490fdb
14355539ns          256477 1c008880 fbbff06f jal              x0, -70            
14355598ns          256480 1c00883a 10a57553 fmul.s           f10, f10, f10       f10=xxxxxxxx f10:3ec5d788 f10:3ec5d788
14355618ns          256481 1c00883e 1c0007b7 lui              x15, 0x1c000000     x15=1c000000
14355638ns          256482 1c008842 1c000737 lui              x14, 0x1c000000     x14=1c000000
14355658ns          256483 1c008846 13472703 lw               x14, 308(x14)       x14=bab59551 x14:1c000000  PA:1c000134
14355976ns          256499 1c00884a 1307a783 lw               x15, 304(x15)       x15=37c23ab1 x15:1c000000  PA:1c000130
14356294ns          256515 1c00884e 70f577c3 fmadd.s          f15, f10, f15, f14  f15=xxxxxxxx f10:3e18e56d f15:37c23ab1 f14:bab59551
14356314ns          256516 1c008852 1c000737 lui              x14, 0x1c000000     x14=1c000000
14356334ns          256517 1c008856 13872703 lw               x14, 312(x14)       x14=3d2aa76f x14:1c000000  PA:1c000138
14356672ns          256534 1c00885a 70f577c3 fmadd.s          f15, f10, f15, f14  f15=xxxxxxxx f10:3e18e56d f15:bab52150 f14:3d2aa76f
14356692ns          256535 1c00885e 1c000737 lui              x14, 0x1c000000     x14=1c000000
14356712ns          256536 1c008862 13c72703 lw               x14, 316(x14)       x14=beffffe0 x14:1c000000  PA:1c00013c
14357050ns          256553 1c008866 70f577c3 fmadd.s          f15, f10, f15, f14  f15=xxxxxxxx f10:3e18e56d f15:3d29cf13 f14:beffffe0
14357070ns          256554 1c00886a 1c000737 lui              x14, 0x1c000000     x14=1c000000
14357090ns          256555 1c00886e 16872703 lw               x14, 360(x14)       x14=3f7fffff x14:1c000000  PA:1c000168
14357408ns          256571 1c008872 70f57543 fmadd.s          f10, f10, f15, f14  f10=xxxxxxxx f10:3e18e56d f15:befcd487 f14:3f7fffff
14357428ns          256572 1c008876 20a51553 fsgnjn.s         f10, f10, f10       f10=xxxxxxxx f10:3f6d1fe6 f10:3f6d1fe6
14357448ns          256573 1c00887a 00008067 jalr             x0, x1, 0            x1:1c0081de
14357508ns          256576 1c0081de 016a7a53 fadd.s           f20, f20, f22       f20=xxxxxxxx f20:40a3295d f22:3e533fc3
14357528ns          256577 1c0081e2 10acf553 fmul.s           f10, f25, f10       f10=xxxxxxxx f25:3f800000 f10:bf6d1fe6
14357548ns          256578 1c0081e6 a14a97d3 flt.s            x15, f21, f20       x15=00000000 f21:40c90fdb f20:40a9c35b
14357567ns          256579 1c0081ea 00a4222b p.sw             x10, 4(x8!)          x8=10000f6c x10:bf6d1fe6  x8:10000f68  PA:10000f68
14357587ns          256580 1c0081ee 00078363 beq              x15, x0, 6          x15:00000000
14357647ns          256583 1c0081f4 ff7412e3 bne              x8, x23, -28         x8:10000f6c x23:10000fc8
14357707ns          256586 1c0081d8 094c7553 fsub.s           f10, f24, f20       f10=xxxxxxxx f24:3fc90fdb f20:40a9c35b
14357727ns          256587 1c0081dc 57c000ef jal              x1, 1404             x1=1c0081de
14357766ns          256589 1c008758 a0a527d3 feq.s            x15, f10, f10       x15=00000001 f10:c06efec8 f10:c06efec8
14357786ns          256590 1c00875c 0a078b63 beq              x15, x0, 182        x15:00000001
14357806ns          256591 1c00875e e00517d3 fclass.s         x15, f10            x15=00000002 f10:c06efec8
14357826ns          256592 1c008762 0817f793 andi             x15, x15, 129       x15=00000000 x15:00000002
14357846ns          256593 1c008766 0a079663 bne              x15, x0, 172        x15:00000000
14357866ns          256594 1c008768 00000793 addi             x15, x0, 0          x15=00000000
14357886ns          256595 1c00876c a0f517d3 flt.s            x15, f10, f15       x15=00000001 f10:c06efec8 f15:00000000
14357906ns          256596 1c008770 0a079663 bne              x15, x0, 172        x15:00000001
14357965ns          256599 1c00881c 1c0007b7 lui              x15, 0x1c000000     x15=1c000000
14357985ns          256600 1c008820 12c7a783 lw               x15, 300(x15)       x15=c0c90fdb x15:1c000000  PA:1c00012c
14358303ns          256616 1c008824 a0f517d3 flt.s            x15, f10, f15       x15=00000000 f10:c06efec8 f15:c0c90fdb
14358323ns          256617 1c008828 00078463 beq              x15, x0, 8          x15:00000000
14358383ns          256620 1c008830 20a51553 fsgnjn.s         f10, f10, f10       f10=xxxxxxxx f10:c06efec8 f10:c06efec8
14358403ns          256621 1c008834 f6bff06f jal              x0, -150           
14358463ns          256624 1c00879e 1c0007b7 lui              x15, 0x1c000000     x15=1c000000
14358482ns          256625 1c0087a2 01c7a783 lw               x15, 28(x15)        x15=3fc90fdb x15:1c000000  PA:1c00001c
14358801ns          256641 1c0087a6 a0f517d3 flt.s            x15, f10, f15       x15=00000000 f10:406efec8 f15:3fc90fdb
14358821ns          256642 1c0087aa 02079563 bne              x15, x0, 42         x15:00000000
14358840ns          256643 1c0087ac 1c0007b7 lui              x15, 0x1c000000     x15=1c000000
14358860ns          256644 1c0087b0 1007a783 lw               x15, 256(x15)       x15=40490fdb x15:1c000000  PA:1c000100
14359179ns          256660 1c0087b4 a0f51753 flt.s            x14, f10, f15       x14=00000000 f10:406efec8 f15:40490fdb
14359198ns          256661 1c0087b8 06071f63 bne              x14, x0, 126        x14:00000000
14359218ns          256662 1c0087ba 1c000737 lui              x14, 0x1c000000     x14=1c000000
14359238ns          256663 1c0087be 14072703 lw               x14, 320(x14)       x14=4096cbe4 x14:1c000000  PA:1c000140
14359576ns          256680 1c0087c2 a0e51753 flt.s            x14, f10, f14       x14=00000001 f10:406efec8 f14:4096cbe4
14359596ns          256681 1c0087c6 0a071b63 bne              x14, x0, 182        x14:00000001
14359656ns          256684 1c00887c 08f57553 fsub.s           f10, f10, f15       f10=xxxxxxxx f10:406efec8 f15:40490fdb
14359676ns          256685 1c008880 fbbff06f jal              x0, -70            
14359736ns          256688 1c00883a 10a57553 fmul.s           f10, f10, f10       f10=xxxxxxxx f10:3f17bbb4 f10:3f17bbb4
14359755ns          256689 1c00883e 1c0007b7 lui              x15, 0x1c000000     x15=1c000000
14359775ns          256690 1c008842 1c000737 lui              x14, 0x1c000000     x14=1c000000
14359795ns          256691 1c008846 13472703 lw               x14, 308(x14)       x14=bab59551 x14:1c000000  PA:1c000134
14360113ns          256707 1c00884a 1307a783 lw               x15, 304(x15)       x15=37c23ab1 x15:1c000000  PA:1c000130
14360432ns          256723 1c00884e 70f577c3 fmadd.s          f15, f10, f15, f14  f15=xxxxxxxx f10:3eb3ddf0 f15:37c23ab1 f14:bab59551
14360452ns          256724 1c008852 1c000737 lui              x14, 0x1c000000     x14=1c000000
14360471ns          256725 1c008856 13872703 lw               x14, 312(x14)       x14=3d2aa76f x14:1c000000  PA:1c000138
14360790ns          256741 1c00885a 70f577c3 fmadd.s          f15, f10, f15, f14  f15=xxxxxxxx f10:3eb3ddf0 f15:bab48462 f14:3d2aa76f
14360810ns          256742 1c00885e 1c000737 lui              x14, 0x1c000000     x14=1c000000
14360830ns          256743 1c008862 13c72703 lw               x14, 316(x14)       x14=beffffe0 x14:1c000000  PA:1c00013c
14361168ns          256760 1c008866 70f577c3 fmadd.s          f15, f10, f15, f14  f15=xxxxxxxx f10:3eb3ddf0 f15:3d28ac1b f14:beffffe0
14361188ns          256761 1c00886a 1c000737 lui              x14, 0x1c000000     x14=1c000000
14361207ns          256762 1c00886e 16872703 lw               x14, 360(x14)       x14=3f7fffff x14:1c000000  PA:1c000168
14361526ns          256778 1c008872 70f57543 fmadd.s          f10, f10, f15, f14  f10=xxxxxxxx f10:3eb3ddf0 f15:bef897b7 f14:3f7fffff
14361546ns          256779 1c008876 20a51553 fsgnjn.s         f10, f10, f10       f10=xxxxxxxx f10:3f545599 f10:3f545599
14361565ns          256780 1c00887a 00008067 jalr             x0, x1, 0            x1:1c0081de
14361625ns          256783 1c0081de 016a7a53 fadd.s           f20, f20, f22       f20=xxxxxxxx f20:40a9c35b f22:3e533fc3
14361645ns          256784 1c0081e2 10acf553 fmul.s           f10, f25, f10       f10=xxxxxxxx f25:3f800000 f10:bf545599
14361665ns          256785 1c0081e6 a14a97d3 flt.s            x15, f21, f20       x15=00000000 f21:40c90fdb f20:40b05d59
14361685ns          256786 1c0081ea 00a4222b p.sw             x10, 4(x8!)          x8=10000f70 x10:bf545599  x8:10000f6c  PA:10000f6c
14361705ns          256787 1c0081ee 00078363 beq              x15, x0, 6          x15:00000000
14361764ns          256790 1c0081f4 ff7412e3 bne              x8, x23, -28         x8:10000f70 x23:10000fc8
14361824ns          256793 1c0081d8 094c7553 fsub.s           f10, f24, f20       f10=xxxxxxxx f24:3fc90fdb f20:40b05d59
14361844ns          256794 1c0081dc 57c000ef jal              x1, 1404             x1=1c0081de
14361884ns          256796 1c008758 a0a527d3 feq.s            x15, f10, f10       x15=00000001 f10:c07c32c4 f10:c07c32c4
14361904ns          256797 1c00875c 0a078b63 beq              x15, x0, 182        x15:00000001
14361923ns          256798 1c00875e e00517d3 fclass.s         x15, f10            x15=00000002 f10:c07c32c4
14361943ns          256799 1c008762 0817f793 andi             x15, x15, 129       x15=00000000 x15:00000002
14361963ns          256800 1c008766 0a079663 bne              x15, x0, 172        x15:00000000
14361983ns          256801 1c008768 00000793 addi             x15, x0, 0          x15=00000000
14362003ns          256802 1c00876c a0f517d3 flt.s            x15, f10, f15       x15=00000001 f10:c07c32c4 f15:00000000
14362023ns          256803 1c008770 0a079663 bne              x15, x0, 172        x15:00000001
14362083ns          256806 1c00881c 1c0007b7 lui              x15, 0x1c000000     x15=1c000000
14362103ns          256807 1c008820 12c7a783 lw               x15, 300(x15)       x15=c0c90fdb x15:1c000000  PA:1c00012c
14362441ns          256824 1c008824 a0f517d3 flt.s            x15, f10, f15       x15=00000000 f10:c07c32c4 f15:c0c90fdb
14362461ns          256825 1c008828 00078463 beq              x15, x0, 8          x15:00000000
14362520ns          256828 1c008830 20a51553 fsgnjn.s         f10, f10, f10       f10=xxxxxxxx f10:c07c32c4 f10:c07c32c4
14362540ns          256829 1c008834 f6bff06f jal              x0, -150           
14362600ns          256832 1c00879e 1c0007b7 lui              x15, 0x1c000000     x15=1c000000
14362620ns          256833 1c0087a2 01c7a783 lw               x15, 28(x15)        x15=3fc90fdb x15:1c000000  PA:1c00001c
14362938ns          256849 1c0087a6 a0f517d3 flt.s            x15, f10, f15       x15=00000000 f10:407c32c4 f15:3fc90fdb
14362958ns          256850 1c0087aa 02079563 bne              x15, x0, 42         x15:00000000
14362978ns          256851 1c0087ac 1c0007b7 lui              x15, 0x1c000000     x15=1c000000
14362998ns          256852 1c0087b0 1007a783 lw               x15, 256(x15)       x15=40490fdb x15:1c000000  PA:1c000100
14363316ns          256868 1c0087b4 a0f51753 flt.s            x14, f10, f15       x14=00000000 f10:407c32c4 f15:40490fdb
14363336ns          256869 1c0087b8 06071f63 bne              x14, x0, 126        x14:00000000
14363356ns          256870 1c0087ba 1c000737 lui              x14, 0x1c000000     x14=1c000000
14363376ns          256871 1c0087be 14072703 lw               x14, 320(x14)       x14=4096cbe4 x14:1c000000  PA:1c000140
14363734ns          256889 1c0087c2 a0e51753 flt.s            x14, f10, f14       x14=00000001 f10:407c32c4 f14:4096cbe4
14363753ns          256890 1c0087c6 0a071b63 bne              x14, x0, 182        x14:00000001
14363813ns          256893 1c00887c 08f57553 fsub.s           f10, f10, f15       f10=xxxxxxxx f10:407c32c4 f15:40490fdb
14363833ns          256894 1c008880 fbbff06f jal              x0, -70            
14363893ns          256897 1c00883a 10a57553 fmul.s           f10, f10, f10       f10=xxxxxxxx f10:3f4c8ba4 f10:3f4c8ba4
14363913ns          256898 1c00883e 1c0007b7 lui              x15, 0x1c000000     x15=1c000000
14363932ns          256899 1c008842 1c000737 lui              x14, 0x1c000000     x14=1c000000
14363952ns          256900 1c008846 13472703 lw               x14, 308(x14)       x14=bab59551 x14:1c000000  PA:1c000134
14364251ns          256915 1c00884a 1307a783 lw               x15, 304(x15)       x15=37c23ab1 x15:1c000000  PA:1c000130
14364569ns          256931 1c00884e 70f577c3 fmadd.s          f15, f10, f15, f14  f15=xxxxxxxx f10:3f236eda f15:37c23ab1 f14:bab59551
14364589ns          256932 1c008852 1c000737 lui              x14, 0x1c000000     x14=1c000000
14364609ns          256933 1c008856 13872703 lw               x14, 312(x14)       x14=3d2aa76f x14:1c000000  PA:1c000138
14364947ns          256950 1c00885a 70f577c3 fmadd.s          f15, f10, f15, f14  f15=xxxxxxxx f10:3f236eda f15:bab3a553 f14:3d2aa76f
14364967ns          256951 1c00885e 1c000737 lui              x14, 0x1c000000     x14=1c000000
14364987ns          256952 1c008862 13c72703 lw               x14, 316(x14)       x14=beffffe0 x14:1c000000  PA:1c00013c
14365305ns          256968 1c008866 70f577c3 fmadd.s          f15, f10, f15, f14  f15=xxxxxxxx f10:3f236eda f15:3d2711ef f14:beffffe0
14365325ns          256969 1c00886a 1c000737 lui              x14, 0x1c000000     x14=1c000000
14365345ns          256970 1c00886e 16872703 lw               x14, 360(x14)       x14=3f7fffff x14:1c000000  PA:1c000168
14365683ns          256987 1c008872 70f57543 fmadd.s          f10, f10, f15, f14  f10=xxxxxxxx f10:3f236eda f15:bef2aac8 f14:3f7fffff
14365703ns          256988 1c008876 20a51553 fsgnjn.s         f10, f10, f10       f10=xxxxxxxx f10:3f328a16 f10:3f328a16
14365723ns          256989 1c00887a 00008067 jalr             x0, x1, 0            x1:1c0081de
14365782ns          256992 1c0081de 016a7a53 fadd.s           f20, f20, f22       f20=xxxxxxxx f20:40b05d59 f22:3e533fc3
14365802ns          256993 1c0081e2 10acf553 fmul.s           f10, f25, f10       f10=xxxxxxxx f25:3f800000 f10:bf328a16
14365822ns          256994 1c0081e6 a14a97d3 flt.s            x15, f21, f20       x15=00000000 f21:40c90fdb f20:40b6f757
14365842ns          256995 1c0081ea 00a4222b p.sw             x10, 4(x8!)          x8=10000f74 x10:bf328a16  x8:10000f70  PA:10000f70
14365862ns          256996 1c0081ee 00078363 beq              x15, x0, 6          x15:00000000
14365922ns          256999 1c0081f4 ff7412e3 bne              x8, x23, -28         x8:10000f74 x23:10000fc8
14365981ns          257002 1c0081d8 094c7553 fsub.s           f10, f24, f20       f10=xxxxxxxx f24:3fc90fdb f20:40b6f757
14366001ns          257003 1c0081dc 57c000ef jal              x1, 1404             x1=1c0081de
14366041ns          257005 1c008758 a0a527d3 feq.s            x15, f10, f10       x15=00000001 f10:c084b360 f10:c084b360
14366061ns          257006 1c00875c 0a078b63 beq              x15, x0, 182        x15:00000001
14366081ns          257007 1c00875e e00517d3 fclass.s         x15, f10            x15=00000002 f10:c084b360
14366101ns          257008 1c008762 0817f793 andi             x15, x15, 129       x15=00000000 x15:00000002
14366120ns          257009 1c008766 0a079663 bne              x15, x0, 172        x15:00000000
14366140ns          257010 1c008768 00000793 addi             x15, x0, 0          x15=00000000
14366160ns          257011 1c00876c a0f517d3 flt.s            x15, f10, f15       x15=00000001 f10:c084b360 f15:00000000
14366180ns          257012 1c008770 0a079663 bne              x15, x0, 172        x15:00000001
14366240ns          257015 1c00881c 1c0007b7 lui              x15, 0x1c000000     x15=1c000000
14366260ns          257016 1c008820 12c7a783 lw               x15, 300(x15)       x15=c0c90fdb x15:1c000000  PA:1c00012c
14366598ns          257033 1c008824 a0f517d3 flt.s            x15, f10, f15       x15=00000000 f10:c084b360 f15:c0c90fdb
14366618ns          257034 1c008828 00078463 beq              x15, x0, 8          x15:00000000
14366677ns          257037 1c008830 20a51553 fsgnjn.s         f10, f10, f10       f10=xxxxxxxx f10:c084b360 f10:c084b360
14366697ns          257038 1c008834 f6bff06f jal              x0, -150           
14366757ns          257041 1c00879e 1c0007b7 lui              x15, 0x1c000000     x15=1c000000
14366777ns          257042 1c0087a2 01c7a783 lw               x15, 28(x15)        x15=3fc90fdb x15:1c000000  PA:1c00001c
14367195ns          257063 1c0087a6 a0f517d3 flt.s            x15, f10, f15       x15=00000000 f10:4084b360 f15:3fc90fdb
14367214ns          257064 1c0087aa 02079563 bne              x15, x0, 42         x15:00000000
14367234ns          257065 1c0087ac 1c0007b7 lui              x15, 0x1c000000     x15=1c000000
14367254ns          257066 1c0087b0 1007a783 lw               x15, 256(x15)       x15=40490fdb x15:1c000000  PA:1c000100
14367572ns          257082 1c0087b4 a0f51753 flt.s            x14, f10, f15       x14=00000000 f10:4084b360 f15:40490fdb
14367592ns          257083 1c0087b8 06071f63 bne              x14, x0, 126        x14:00000000
14367612ns          257084 1c0087ba 1c000737 lui              x14, 0x1c000000     x14=1c000000
14367632ns          257085 1c0087be 14072703 lw               x14, 320(x14)       x14=4096cbe4 x14:1c000000  PA:1c000140
14367950ns          257101 1c0087c2 a0e51753 flt.s            x14, f10, f14       x14=00000001 f10:4084b360 f14:4096cbe4
14367970ns          257102 1c0087c6 0a071b63 bne              x14, x0, 182        x14:00000001
14368030ns          257105 1c00887c 08f57553 fsub.s           f10, f10, f15       f10=xxxxxxxx f10:4084b360 f15:40490fdb
14368050ns          257106 1c008880 fbbff06f jal              x0, -70            
14368110ns          257109 1c00883a 10a57553 fmul.s           f10, f10, f10       f10=xxxxxxxx f10:3f80adca f10:3f80adca
14368129ns          257110 1c00883e 1c0007b7 lui              x15, 0x1c000000     x15=1c000000
14368149ns          257111 1c008842 1c000737 lui              x14, 0x1c000000     x14=1c000000
14368169ns          257112 1c008846 13472703 lw               x14, 308(x14)       x14=bab59551 x14:1c000000  PA:1c000134
14368468ns          257127 1c00884a 1307a783 lw               x15, 304(x15)       x15=37c23ab1 x15:1c000000  PA:1c000130
14368786ns          257143 1c00884e 70f577c3 fmadd.s          f15, f10, f15, f14  f15=xxxxxxxx f10:3f815c80 f15:37c23ab1 f14:bab59551
14368806ns          257144 1c008852 1c000737 lui              x14, 0x1c000000     x14=1c000000
14368826ns          257145 1c008856 13872703 lw               x14, 312(x14)       x14=3d2aa76f x14:1c000000  PA:1c000138
14369164ns          257162 1c00885a 70f577c3 fmadd.s          f15, f10, f15, f14  f15=xxxxxxxx f10:3f815c80 f15:bab28423 f14:3d2aa76f
14369184ns          257163 1c00885e 1c000737 lui              x14, 0x1c000000     x14=1c000000
14369204ns          257164 1c008862 13c72703 lw               x14, 316(x14)       x14=beffffe0 x14:1c000000  PA:1c00013c
14369542ns          257181 1c008866 70f577c3 fmadd.s          f15, f10, f15, f14  f15=xxxxxxxx f10:3f815c80 f15:3d25041e f14:beffffe0
14369562ns          257182 1c00886a 1c000737 lui              x14, 0x1c000000     x14=1c000000
14369581ns          257183 1c00886e 16872703 lw               x14, 360(x14)       x14=3f7fffff x14:1c000000  PA:1c000168
14369900ns          257199 1c008872 70f57543 fmadd.s          f10, f10, f15, f14  f10=xxxxxxxx f10:3f815c80 f15:beeb2733 f14:3f7fffff
14369920ns          257200 1c008876 20a51553 fsgnjn.s         f10, f10, f10       f10=xxxxxxxx f10:3f092c47 f10:3f092c47
14369939ns          257201 1c00887a 00008067 jalr             x0, x1, 0            x1:1c0081de
14369999ns          257204 1c0081de 016a7a53 fadd.s           f20, f20, f22       f20=xxxxxxxx f20:40b6f757 f22:3e533fc3
14370019ns          257205 1c0081e2 10acf553 fmul.s           f10, f25, f10       f10=xxxxxxxx f25:3f800000 f10:bf092c47
14370039ns          257206 1c0081e6 a14a97d3 flt.s            x15, f21, f20       x15=00000000 f21:40c90fdb f20:40bd9155
14370059ns          257207 1c0081ea 00a4222b p.sw             x10, 4(x8!)          x8=10000f78 x10:bf092c47  x8:10000f74  PA:10000f74
14370079ns          257208 1c0081ee 00078363 beq              x15, x0, 6          x15:00000000
14370138ns          257211 1c0081f4 ff7412e3 bne              x8, x23, -28         x8:10000f78 x23:10000fc8
14370198ns          257214 1c0081d8 094c7553 fsub.s           f10, f24, f20       f10=xxxxxxxx f24:3fc90fdb f20:40bd9155
14370218ns          257215 1c0081dc 57c000ef jal              x1, 1404             x1=1c0081de
14370258ns          257217 1c008758 a0a527d3 feq.s            x15, f10, f10       x15=00000001 f10:c08b4d5e f10:c08b4d5e
14370278ns          257218 1c00875c 0a078b63 beq              x15, x0, 182        x15:00000001
14370298ns          257219 1c00875e e00517d3 fclass.s         x15, f10            x15=00000002 f10:c08b4d5e
14370317ns          257220 1c008762 0817f793 andi             x15, x15, 129       x15=00000000 x15:00000002
14370337ns          257221 1c008766 0a079663 bne              x15, x0, 172        x15:00000000
14370357ns          257222 1c008768 00000793 addi             x15, x0, 0          x15=00000000
14370377ns          257223 1c00876c a0f517d3 flt.s            x15, f10, f15       x15=00000001 f10:c08b4d5e f15:00000000
14370397ns          257224 1c008770 0a079663 bne              x15, x0, 172        x15:00000001
14370457ns          257227 1c00881c 1c0007b7 lui              x15, 0x1c000000     x15=1c000000
14370477ns          257228 1c008820 12c7a783 lw               x15, 300(x15)       x15=c0c90fdb x15:1c000000  PA:1c00012c
14370795ns          257244 1c008824 a0f517d3 flt.s            x15, f10, f15       x15=00000000 f10:c08b4d5e f15:c0c90fdb
14370815ns          257245 1c008828 00078463 beq              x15, x0, 8          x15:00000000
14370874ns          257248 1c008830 20a51553 fsgnjn.s         f10, f10, f10       f10=xxxxxxxx f10:c08b4d5e f10:c08b4d5e
14370894ns          257249 1c008834 f6bff06f jal              x0, -150           
14370954ns          257252 1c00879e 1c0007b7 lui              x15, 0x1c000000     x15=1c000000
14370974ns          257253 1c0087a2 01c7a783 lw               x15, 28(x15)        x15=3fc90fdb x15:1c000000  PA:1c00001c
14371352ns          257272 1c0087a6 a0f517d3 flt.s            x15, f10, f15       x15=00000000 f10:408b4d5e f15:3fc90fdb
14371372ns          257273 1c0087aa 02079563 bne              x15, x0, 42         x15:00000000
14371391ns          257274 1c0087ac 1c0007b7 lui              x15, 0x1c000000     x15=1c000000
14371411ns          257275 1c0087b0 1007a783 lw               x15, 256(x15)       x15=40490fdb x15:1c000000  PA:1c000100
14371750ns          257292 1c0087b4 a0f51753 flt.s            x14, f10, f15       x14=00000000 f10:408b4d5e f15:40490fdb
14371769ns          257293 1c0087b8 06071f63 bne              x14, x0, 126        x14:00000000
14371789ns          257294 1c0087ba 1c000737 lui              x14, 0x1c000000     x14=1c000000
14371809ns          257295 1c0087be 14072703 lw               x14, 320(x14)       x14=4096cbe4 x14:1c000000  PA:1c000140
14372127ns          257311 1c0087c2 a0e51753 flt.s            x14, f10, f14       x14=00000001 f10:408b4d5e f14:4096cbe4
14372147ns          257312 1c0087c6 0a071b63 bne              x14, x0, 182        x14:00000001
14372207ns          257315 1c00887c 08f57553 fsub.s           f10, f10, f15       f10=xxxxxxxx f10:408b4d5e f15:40490fdb
14372227ns          257316 1c008880 fbbff06f jal              x0, -70            
14372287ns          257319 1c00883a 10a57553 fmul.s           f10, f10, f10       f10=xxxxxxxx f10:3f9b15c2 f10:3f9b15c2
14372306ns          257320 1c00883e 1c0007b7 lui              x15, 0x1c000000     x15=1c000000
14372326ns          257321 1c008842 1c000737 lui              x14, 0x1c000000     x14=1c000000
14372346ns          257322 1c008846 13472703 lw               x14, 308(x14)       x14=bab59551 x14:1c000000  PA:1c000134
14372645ns          257337 1c00884a 1307a783 lw               x15, 304(x15)       x15=37c23ab1 x15:1c000000  PA:1c000130
14372963ns          257353 1c00884e 70f577c3 fmadd.s          f15, f10, f15, f14  f15=xxxxxxxx f10:3fbbe6b6 f15:37c23ab1 f14:bab59551
14372983ns          257354 1c008852 1c000737 lui              x14, 0x1c000000     x14=1c000000
14373003ns          257355 1c008856 13872703 lw               x14, 312(x14)       x14=3d2aa76f x14:1c000000  PA:1c000138
14373341ns          257372 1c00885a 70f577c3 fmadd.s          f15, f10, f15, f14  f15=xxxxxxxx f10:3fbbe6b6 f15:bab120d2 f14:3d2aa76f
14373361ns          257373 1c00885e 1c000737 lui              x14, 0x1c000000     x14=1c000000
14373381ns          257374 1c008862 13c72703 lw               x14, 316(x14)       x14=beffffe0 x14:1c000000  PA:1c00013c
14373699ns          257390 1c008866 70f577c3 fmadd.s          f15, f10, f15, f14  f15=xxxxxxxx f10:3fbbe6b6 f15:3d228745 f14:beffffe0
14373719ns          257391 1c00886a 1c000737 lui              x14, 0x1c000000     x14=1c000000
14373739ns          257392 1c00886e 16872703 lw               x14, 360(x14)       x14=3f7fffff x14:1c000000  PA:1c000168
14374077ns          257409 1c008872 70f57543 fmadd.s          f10, f10, f15, f14  f10=xxxxxxxx f10:3fbbe6b6 f15:bee22d0e f14:3f7fffff
14374097ns          257410 1c008876 20a51553 fsgnjn.s         f10, f10, f10       f10=xxxxxxxx f10:3eb3fa81 f10:3eb3fa81
14374117ns          257411 1c00887a 00008067 jalr             x0, x1, 0            x1:1c0081de
14374176ns          257414 1c0081de 016a7a53 fadd.s           f20, f20, f22       f20=xxxxxxxx f20:40bd9155 f22:3e533fc3
14374196ns          257415 1c0081e2 10acf553 fmul.s           f10, f25, f10       f10=xxxxxxxx f25:3f800000 f10:beb3fa81
14374216ns          257416 1c0081e6 a14a97d3 flt.s            x15, f21, f20       x15=00000000 f21:40c90fdb f20:40c42b53
14374236ns          257417 1c0081ea 00a4222b p.sw             x10, 4(x8!)          x8=10000f7c x10:beb3fa81  x8:10000f78  PA:10000f78
14374256ns          257418 1c0081ee 00078363 beq              x15, x0, 6          x15:00000000
14374315ns          257421 1c0081f4 ff7412e3 bne              x8, x23, -28         x8:10000f7c x23:10000fc8
14374375ns          257424 1c0081d8 094c7553 fsub.s           f10, f24, f20       f10=xxxxxxxx f24:3fc90fdb f20:40c42b53
14374395ns          257425 1c0081dc 57c000ef jal              x1, 1404             x1=1c0081de
14374435ns          257427 1c008758 a0a527d3 feq.s            x15, f10, f10       x15=00000001 f10:c091e75c f10:c091e75c
14374455ns          257428 1c00875c 0a078b63 beq              x15, x0, 182        x15:00000001
14374475ns          257429 1c00875e e00517d3 fclass.s         x15, f10            x15=00000002 f10:c091e75c
14374494ns          257430 1c008762 0817f793 andi             x15, x15, 129       x15=00000000 x15:00000002
14374514ns          257431 1c008766 0a079663 bne              x15, x0, 172        x15:00000000
14374534ns          257432 1c008768 00000793 addi             x15, x0, 0          x15=00000000
14374554ns          257433 1c00876c a0f517d3 flt.s            x15, f10, f15       x15=00000001 f10:c091e75c f15:00000000
14374574ns          257434 1c008770 0a079663 bne              x15, x0, 172        x15:00000001
14374634ns          257437 1c00881c 1c0007b7 lui              x15, 0x1c000000     x15=1c000000
14374654ns          257438 1c008820 12c7a783 lw               x15, 300(x15)       x15=c0c90fdb x15:1c000000  PA:1c00012c
14374972ns          257454 1c008824 a0f517d3 flt.s            x15, f10, f15       x15=00000000 f10:c091e75c f15:c0c90fdb
14374992ns          257455 1c008828 00078463 beq              x15, x0, 8          x15:00000000
14375051ns          257458 1c008830 20a51553 fsgnjn.s         f10, f10, f10       f10=xxxxxxxx f10:c091e75c f10:c091e75c
14375071ns          257459 1c008834 f6bff06f jal              x0, -150           
14375131ns          257462 1c00879e 1c0007b7 lui              x15, 0x1c000000     x15=1c000000
14375151ns          257463 1c0087a2 01c7a783 lw               x15, 28(x15)        x15=3fc90fdb x15:1c000000  PA:1c00001c
14375469ns          257479 1c0087a6 a0f517d3 flt.s            x15, f10, f15       x15=00000000 f10:4091e75c f15:3fc90fdb
14375489ns          257480 1c0087aa 02079563 bne              x15, x0, 42         x15:00000000
14375509ns          257481 1c0087ac 1c0007b7 lui              x15, 0x1c000000     x15=1c000000
14375529ns          257482 1c0087b0 1007a783 lw               x15, 256(x15)       x15=40490fdb x15:1c000000  PA:1c000100
14375847ns          257498 1c0087b4 a0f51753 flt.s            x14, f10, f15       x14=00000000 f10:4091e75c f15:40490fdb
14375867ns          257499 1c0087b8 06071f63 bne              x14, x0, 126        x14:00000000
14375887ns          257500 1c0087ba 1c000737 lui              x14, 0x1c000000     x14=1c000000
14375907ns          257501 1c0087be 14072703 lw               x14, 320(x14)       x14=4096cbe4 x14:1c000000  PA:1c000140
14376225ns          257517 1c0087c2 a0e51753 flt.s            x14, f10, f14       x14=00000001 f10:4091e75c f14:4096cbe4
14376245ns          257518 1c0087c6 0a071b63 bne              x14, x0, 182        x14:00000001
14376305ns          257521 1c00887c 08f57553 fsub.s           f10, f10, f15       f10=xxxxxxxx f10:4091e75c f15:40490fdb
14376324ns          257522 1c008880 fbbff06f jal              x0, -70            
14376384ns          257525 1c00883a 10a57553 fmul.s           f10, f10, f10       f10=xxxxxxxx f10:3fb57dba f10:3fb57dba
14376404ns          257526 1c00883e 1c0007b7 lui              x15, 0x1c000000     x15=1c000000
14376424ns          257527 1c008842 1c000737 lui              x14, 0x1c000000     x14=1c000000
14376444ns          257528 1c008846 13472703 lw               x14, 308(x14)       x14=bab59551 x14:1c000000  PA:1c000134
14376762ns          257544 1c00884a 1307a783 lw               x15, 304(x15)       x15=37c23ab1 x15:1c000000  PA:1c000130
14377100ns          257561 1c00884e 70f577c3 fmadd.s          f15, f10, f15, f14  f15=xxxxxxxx f10:4000ab07 f15:37c23ab1 f14:bab59551
14377120ns          257562 1c008852 1c000737 lui              x14, 0x1c000000     x14=1c000000
14377140ns          257563 1c008856 13872703 lw               x14, 312(x14)       x14=3d2aa76f x14:1c000000  PA:1c000138
14377478ns          257580 1c00885a 70f577c3 fmadd.s          f15, f10, f15, f14  f15=xxxxxxxx f10:4000ab07 f15:baaf7b5f f14:3d2aa76f
14377498ns          257581 1c00885e 1c000737 lui              x14, 0x1c000000     x14=1c000000
14377518ns          257582 1c008862 13c72703 lw               x14, 316(x14)       x14=beffffe0 x14:1c000000  PA:1c00013c
14377856ns          257599 1c008866 70f577c3 fmadd.s          f15, f10, f15, f14  f15=xxxxxxxx f10:4000ab07 f15:3d1fa112 f14:beffffe0
14377876ns          257600 1c00886a 1c000737 lui              x14, 0x1c000000     x14=1c000000
14377896ns          257601 1c00886e 16872703 lw               x14, 360(x14)       x14=3f7fffff x14:1c000000  PA:1c000168
14378214ns          257617 1c008872 70f57543 fmadd.s          f10, f10, f15, f14  f10=xxxxxxxx f10:4000ab07 f15:bed7e249 f14:3f7fffff
14378234ns          257618 1c008876 20a51553 fsgnjn.s         f10, f10, f10       f10=xxxxxxxx f10:3e1bf508 f10:3e1bf508
14378254ns          257619 1c00887a 00008067 jalr             x0, x1, 0            x1:1c0081de
14378313ns          257622 1c0081de 016a7a53 fadd.s           f20, f20, f22       f20=xxxxxxxx f20:40c42b53 f22:3e533fc3
14378333ns          257623 1c0081e2 10acf553 fmul.s           f10, f25, f10       f10=xxxxxxxx f25:3f800000 f10:be1bf508
14378353ns          257624 1c0081e6 a14a97d3 flt.s            x15, f21, f20       x15=00000001 f21:40c90fdb f20:40cac551
14378373ns          257625 1c0081ea 00a4222b p.sw             x10, 4(x8!)          x8=10000f80 x10:be1bf508  x8:10000f7c  PA:10000f7c
14378393ns          257626 1c0081ee 00078363 beq              x15, x0, 6          x15:00000001
14378413ns          257627 1c0081f0 095a7a53 fsub.s           f20, f20, f21       f20=xxxxxxxx f20:40cac551 f21:40c90fdb
14378433ns          257628 1c0081f4 ff7412e3 bne              x8, x23, -28         x8:10000f80 x23:10000fc8
14378492ns          257631 1c0081d8 094c7553 fsub.s           f10, f24, f20       f10=xxxxxxxx f24:3fc90fdb f20:3d5abb00
14378512ns          257632 1c0081dc 57c000ef jal              x1, 1404             x1=1c0081de
14378552ns          257634 1c008758 a0a527d3 feq.s            x15, f10, f10       x15=00000001 f10:3fc23a03 f10:3fc23a03
14378572ns          257635 1c00875c 0a078b63 beq              x15, x0, 182        x15:00000001
14378592ns          257636 1c00875e e00517d3 fclass.s         x15, f10            x15=00000040 f10:3fc23a03
14378612ns          257637 1c008762 0817f793 andi             x15, x15, 129       x15=00000000 x15:00000040
14378632ns          257638 1c008766 0a079663 bne              x15, x0, 172        x15:00000000
14378652ns          257639 1c008768 00000793 addi             x15, x0, 0          x15=00000000
14378672ns          257640 1c00876c a0f517d3 flt.s            x15, f10, f15       x15=00000000 f10:3fc23a03 f15:00000000
14378691ns          257641 1c008770 0a079663 bne              x15, x0, 172        x15:00000000
14378711ns          257642 1c008772 1c000737 lui              x14, 0x1c000000     x14=1c000000
14378731ns          257643 1c008776 02072783 lw               x15, 32(x14)        x15=40c90fdb x14:1c000000  PA:1c000020
14379069ns          257660 1c00877a a0a797d3 flt.s            x15, f15, f10       x15=00000000 f15:40c90fdb f10:3fc23a03
14379089ns          257661 1c00877e 00078b63 beq              x15, x0, 22         x15:00000000
14379149ns          257664 1c008794 00000793 addi             x15, x0, 0          x15=00000000
14379169ns          257665 1c008798 a0f517d3 flt.s            x15, f10, f15       x15=00000000 f10:3fc23a03 f15:00000000
14379189ns          257666 1c00879c 08079a63 bne              x15, x0, 148        x15:00000000
14379209ns          257667 1c00879e 1c0007b7 lui              x15, 0x1c000000     x15=1c000000
14379228ns          257668 1c0087a2 01c7a783 lw               x15, 28(x15)        x15=3fc90fdb x15:1c000000  PA:1c00001c
14379567ns          257685 1c0087a6 a0f517d3 flt.s            x15, f10, f15       x15=00000001 f10:3fc23a03 f15:3fc90fdb
14379586ns          257686 1c0087aa 02079563 bne              x15, x0, 42         x15:00000001
14379646ns          257689 1c0087d4 10a57553 fmul.s           f10, f10, f10       f10=xxxxxxxx f10:3fc23a03 f10:3fc23a03
14379666ns          257690 1c0087d8 1c0007b7 lui              x15, 0x1c000000     x15=1c000000
14379686ns          257691 1c0087dc 1c000737 lui              x14, 0x1c000000     x14=1c000000
14379706ns          257692 1c0087e0 13472703 lw               x14, 308(x14)       x14=bab59551 x14:1c000000  PA:1c000134
14380004ns          257707 1c0087e4 1307a783 lw               x15, 304(x15)       x15=37c23ab1 x15:1c000000  PA:1c000130
14380322ns          257723 1c0087e8 70f577c3 fmadd.s          f15, f10, f15, f14  f15=xxxxxxxx f10:40135bfa f15:37c23ab1 f14:bab59551
14380342ns          257724 1c0087ec 1c000737 lui              x14, 0x1c000000     x14=1c000000
14380362ns          257725 1c0087f0 13872703 lw               x14, 312(x14)       x14=3d2aa76f x14:1c000000  PA:1c000138
14380700ns          257742 1c0087f4 70f577c3 fmadd.s          f15, f10, f15, f14  f15=xxxxxxxx f10:40135bfa f15:baae9879 f14:3d2aa76f
14380720ns          257743 1c0087f8 1c000737 lui              x14, 0x1c000000     x14=1c000000
14380740ns          257744 1c0087fc 13c72703 lw               x14, 316(x14)       x14=beffffe0 x14:1c000000  PA:1c00013c
14381078ns          257761 1c008800 70f577c3 fmadd.s          f15, f10, f15, f14  f15=xxxxxxxx f10:40135bfa f15:3d1e1766 f14:beffffe0
14381098ns          257762 1c008804 1c000737 lui              x14, 0x1c000000     x14=1c000000
14381118ns          257763 1c008808 16872703 lw               x14, 360(x14)       x14=3f7fffff x14:1c000000  PA:1c000168
14381436ns          257779 1c00880c 70f57543 fmadd.s          f10, f10, f15, f14  f10=xxxxxxxx f10:40135bfa f15:bed27fc2 f14:3f7fffff
14381456ns          257780 1c008810 00008067 jalr             x0, x1, 0            x1:1c0081de
14381516ns          257783 1c0081de 016a7a53 fadd.s           f20, f20, f22       f20=xxxxxxxx f20:3d5abb00 f22:3e533fc3
14381536ns          257784 1c0081e2 10acf553 fmul.s           f10, f25, f10       f10=xxxxxxxx f25:3f800000 f10:3d5aa044
14381556ns          257785 1c0081e6 a14a97d3 flt.s            x15, f21, f20       x15=00000000 f21:40c90fdb f20:3e84f742
14381576ns          257786 1c0081ea 00a4222b p.sw             x10, 4(x8!)          x8=10000f84 x10:3d5aa044  x8:10000f80  PA:10000f80
14381595ns          257787 1c0081ee 00078363 beq              x15, x0, 6          x15:00000000
14381655ns          257790 1c0081f4 ff7412e3 bne              x8, x23, -28         x8:10000f84 x23:10000fc8
14381715ns          257793 1c0081d8 094c7553 fsub.s           f10, f24, f20       f10=xxxxxxxx f24:3fc90fdb f20:3e84f742
14381735ns          257794 1c0081dc 57c000ef jal              x1, 1404             x1=1c0081de
14381774ns          257796 1c008758 a0a527d3 feq.s            x15, f10, f10       x15=00000001 f10:3fa7d20a f10:3fa7d20a
14381794ns          257797 1c00875c 0a078b63 beq              x15, x0, 182        x15:00000001
14381814ns          257798 1c00875e e00517d3 fclass.s         x15, f10            x15=00000040 f10:3fa7d20a
14381834ns          257799 1c008762 0817f793 andi             x15, x15, 129       x15=00000000 x15:00000040
14381854ns          257800 1c008766 0a079663 bne              x15, x0, 172        x15:00000000
14381874ns          257801 1c008768 00000793 addi             x15, x0, 0          x15=00000000
14381894ns          257802 1c00876c a0f517d3 flt.s            x15, f10, f15       x15=00000000 f10:3fa7d20a f15:00000000
14381914ns          257803 1c008770 0a079663 bne              x15, x0, 172        x15:00000000
14381934ns          257804 1c008772 1c000737 lui              x14, 0x1c000000     x14=1c000000
14381953ns          257805 1c008776 02072783 lw               x15, 32(x14)        x15=40c90fdb x14:1c000000  PA:1c000020
14382272ns          257821 1c00877a a0a797d3 flt.s            x15, f15, f10       x15=00000000 f15:40c90fdb f10:3fa7d20a
14382292ns          257822 1c00877e 00078b63 beq              x15, x0, 22         x15:00000000
14382351ns          257825 1c008794 00000793 addi             x15, x0, 0          x15=00000000
14382371ns          257826 1c008798 a0f517d3 flt.s            x15, f10, f15       x15=00000000 f10:3fa7d20a f15:00000000
14382391ns          257827 1c00879c 08079a63 bne              x15, x0, 148        x15:00000000
14382411ns          257828 1c00879e 1c0007b7 lui              x15, 0x1c000000     x15=1c000000
14382431ns          257829 1c0087a2 01c7a783 lw               x15, 28(x15)        x15=3fc90fdb x15:1c000000  PA:1c00001c
14382789ns          257847 1c0087a6 a0f517d3 flt.s            x15, f10, f15       x15=00000001 f10:3fa7d20a f15:3fc90fdb
14382809ns          257848 1c0087aa 02079563 bne              x15, x0, 42         x15:00000001
14382868ns          257851 1c0087d4 10a57553 fmul.s           f10, f10, f10       f10=xxxxxxxx f10:3fa7d20a f10:3fa7d20a
14382888ns          257852 1c0087d8 1c0007b7 lui              x15, 0x1c000000     x15=1c000000
14382908ns          257853 1c0087dc 1c000737 lui              x14, 0x1c000000     x14=1c000000
14382928ns          257854 1c0087e0 13472703 lw               x14, 308(x14)       x14=bab59551 x14:1c000000  PA:1c000134
14383246ns          257870 1c0087e4 1307a783 lw               x15, 304(x15)       x15=37c23ab1 x15:1c000000  PA:1c000130
14383565ns          257886 1c0087e8 70f577c3 fmadd.s          f15, f10, f15, f14  f15=xxxxxxxx f10:3fdc076b f15:37c23ab1 f14:bab59551
14383585ns          257887 1c0087ec 1c000737 lui              x14, 0x1c000000     x14=1c000000
14383604ns          257888 1c0087f0 13872703 lw               x14, 312(x14)       x14=3d2aa76f x14:1c000000  PA:1c000138
14383923ns          257904 1c0087f4 70f577c3 fmadd.s          f15, f10, f15, f14  f15=xxxxxxxx f10:3fdc076b f15:bab05dd0 f14:3d2aa76f
14383943ns          257905 1c0087f8 1c000737 lui              x14, 0x1c000000     x14=1c000000
14383962ns          257906 1c0087fc 13c72703 lw               x14, 316(x14)       x14=beffffe0 x14:1c000000  PA:1c00013c
14384281ns          257922 1c008800 70f577c3 fmadd.s          f15, f10, f15, f14  f15=xxxxxxxx f10:3fdc076b f15:3d212e13 f14:beffffe0
14384301ns          257923 1c008804 1c000737 lui              x14, 0x1c000000     x14=1c000000
14384320ns          257924 1c008808 16872703 lw               x14, 360(x14)       x14=3f7fffff x14:1c000000  PA:1c000168
14384639ns          257940 1c00880c 70f57543 fmadd.s          f10, f10, f15, f14  f10=xxxxxxxx f10:3fdc076b f15:bedd5dcf f14:3f7fffff
14384659ns          257941 1c008810 00008067 jalr             x0, x1, 0            x1:1c0081de
14384718ns          257944 1c0081de 016a7a53 fadd.s           f20, f20, f22       f20=xxxxxxxx f20:3e84f742 f22:3e533fc3
14384738ns          257945 1c0081e2 10acf553 fmul.s           f10, f25, f10       f10=xxxxxxxx f25:3f800000 f10:3e8379ee
14384758ns          257946 1c0081e6 a14a97d3 flt.s            x15, f21, f20       x15=00000000 f21:40c90fdb f20:3eee9724
14384778ns          257947 1c0081ea 00a4222b p.sw             x10, 4(x8!)          x8=10000f88 x10:3e8379ee  x8:10000f84  PA:10000f84
14384798ns          257948 1c0081ee 00078363 beq              x15, x0, 6          x15:00000000
14384858ns          257951 1c0081f4 ff7412e3 bne              x8, x23, -28         x8:10000f88 x23:10000fc8
14384917ns          257954 1c0081d8 094c7553 fsub.s           f10, f24, f20       f10=xxxxxxxx f24:3fc90fdb f20:3eee9724
14384937ns          257955 1c0081dc 57c000ef jal              x1, 1404             x1=1c0081de
14384977ns          257957 1c008758 a0a527d3 feq.s            x15, f10, f10       x15=00000001 f10:3f8d6a12 f10:3f8d6a12
14384997ns          257958 1c00875c 0a078b63 beq              x15, x0, 182        x15:00000001
14385017ns          257959 1c00875e e00517d3 fclass.s         x15, f10            x15=00000040 f10:3f8d6a12
14385037ns          257960 1c008762 0817f793 andi             x15, x15, 129       x15=00000000 x15:00000040
14385056ns          257961 1c008766 0a079663 bne              x15, x0, 172        x15:00000000
14385076ns          257962 1c008768 00000793 addi             x15, x0, 0          x15=00000000
14385096ns          257963 1c00876c a0f517d3 flt.s            x15, f10, f15       x15=00000000 f10:3f8d6a12 f15:00000000
14385116ns          257964 1c008770 0a079663 bne              x15, x0, 172        x15:00000000
14385136ns          257965 1c008772 1c000737 lui              x14, 0x1c000000     x14=1c000000
14385156ns          257966 1c008776 02072783 lw               x15, 32(x14)        x15=40c90fdb x14:1c000000  PA:1c000020
14385474ns          257982 1c00877a a0a797d3 flt.s            x15, f15, f10       x15=00000000 f15:40c90fdb f10:3f8d6a12
14385494ns          257983 1c00877e 00078b63 beq              x15, x0, 22         x15:00000000
14385554ns          257986 1c008794 00000793 addi             x15, x0, 0          x15=00000000
14385574ns          257987 1c008798 a0f517d3 flt.s            x15, f10, f15       x15=00000000 f10:3f8d6a12 f15:00000000
14385593ns          257988 1c00879c 08079a63 bne              x15, x0, 148        x15:00000000
14385613ns          257989 1c00879e 1c0007b7 lui              x15, 0x1c000000     x15=1c000000
14385633ns          257990 1c0087a2 01c7a783 lw               x15, 28(x15)        x15=3fc90fdb x15:1c000000  PA:1c00001c
14385952ns          258006 1c0087a6 a0f517d3 flt.s            x15, f10, f15       x15=00000001 f10:3f8d6a12 f15:3fc90fdb
14385971ns          258007 1c0087aa 02079563 bne              x15, x0, 42         x15:00000001
14386031ns          258010 1c0087d4 10a57553 fmul.s           f10, f10, f10       f10=xxxxxxxx f10:3f8d6a12 f10:3f8d6a12
14386051ns          258011 1c0087d8 1c0007b7 lui              x15, 0x1c000000     x15=1c000000
14386071ns          258012 1c0087dc 1c000737 lui              x14, 0x1c000000     x14=1c000000
14386091ns          258013 1c0087e0 13472703 lw               x14, 308(x14)       x14=bab59551 x14:1c000000  PA:1c000134
14386409ns          258029 1c0087e4 1307a783 lw               x15, 304(x15)       x15=37c23ab1 x15:1c000000  PA:1c000130
14386727ns          258045 1c0087e8 70f577c3 fmadd.s          f15, f10, f15, f14  f15=xxxxxxxx f10:3f9c3c08 f15:37c23ab1 f14:bab59551
14386747ns          258046 1c0087ec 1c000737 lui              x14, 0x1c000000     x14=1c000000
14386767ns          258047 1c0087f0 13872703 lw               x14, 312(x14)       x14=3d2aa76f x14:1c000000  PA:1c000138
14387085ns          258063 1c0087f4 70f577c3 fmadd.s          f15, f10, f15, f14  f15=xxxxxxxx f10:3f9c3c08 f15:bab1e107 f14:3d2aa76f
14387105ns          258064 1c0087f8 1c000737 lui              x14, 0x1c000000     x14=1c000000
14387125ns          258065 1c0087fc 13c72703 lw               x14, 316(x14)       x14=beffffe0 x14:1c000000  PA:1c00013c
14387443ns          258081 1c008800 70f577c3 fmadd.s          f15, f10, f15, f14  f15=xxxxxxxx f10:3f9c3c08 f15:3d23de82 f14:beffffe0
14387463ns          258082 1c008804 1c000737 lui              x14, 0x1c000000     x14=1c000000
14387483ns          258083 1c008808 16872703 lw               x14, 360(x14)       x14=3f7fffff x14:1c000000  PA:1c000168
14387801ns          258099 1c00880c 70f57543 fmadd.s          f10, f10, f15, f14  f10=xxxxxxxx f10:3f9c3c08 f15:bee6ff5f f14:3f7fffff
14387821ns          258100 1c008810 00008067 jalr             x0, x1, 0            x1:1c0081de
14387881ns          258103 1c0081de 016a7a53 fadd.s           f20, f20, f22       f20=xxxxxxxx f20:3eee9724 f22:3e533fc3
14387901ns          258104 1c0081e2 10acf553 fmul.s           f10, f25, f10       f10=xxxxxxxx f25:3f800000 f10:3ee60c6c
14387921ns          258105 1c0081e6 a14a97d3 flt.s            x15, f21, f20       x15=00000000 f21:40c90fdb f20:3f2c1b83
14387941ns          258106 1c0081ea 00a4222b p.sw             x10, 4(x8!)          x8=10000f8c x10:3ee60c6c  x8:10000f88  PA:10000f88
14387960ns          258107 1c0081ee 00078363 beq              x15, x0, 6          x15:00000000
14388020ns          258110 1c0081f4 ff7412e3 bne              x8, x23, -28         x8:10000f8c x23:10000fc8
14388080ns          258113 1c0081d8 094c7553 fsub.s           f10, f24, f20       f10=xxxxxxxx f24:3fc90fdb f20:3f2c1b83
14388100ns          258114 1c0081dc 57c000ef jal              x1, 1404             x1=1c0081de
14388140ns          258116 1c008758 a0a527d3 feq.s            x15, f10, f10       x15=00000001 f10:3f660433 f10:3f660433
14388159ns          258117 1c00875c 0a078b63 beq              x15, x0, 182        x15:00000001
14388179ns          258118 1c00875e e00517d3 fclass.s         x15, f10            x15=00000040 f10:3f660433
14388199ns          258119 1c008762 0817f793 andi             x15, x15, 129       x15=00000000 x15:00000040
14388219ns          258120 1c008766 0a079663 bne              x15, x0, 172        x15:00000000
14388239ns          258121 1c008768 00000793 addi             x15, x0, 0          x15=00000000
14388259ns          258122 1c00876c a0f517d3 flt.s            x15, f10, f15       x15=00000000 f10:3f660433 f15:00000000
14388279ns          258123 1c008770 0a079663 bne              x15, x0, 172        x15:00000000
14388299ns          258124 1c008772 1c000737 lui              x14, 0x1c000000     x14=1c000000
14388319ns          258125 1c008776 02072783 lw               x15, 32(x14)        x15=40c90fdb x14:1c000000  PA:1c000020
14388637ns          258141 1c00877a a0a797d3 flt.s            x15, f15, f10       x15=00000000 f15:40c90fdb f10:3f660433
14388657ns          258142 1c00877e 00078b63 beq              x15, x0, 22         x15:00000000
14388716ns          258145 1c008794 00000793 addi             x15, x0, 0          x15=00000000
14388736ns          258146 1c008798 a0f517d3 flt.s            x15, f10, f15       x15=00000000 f10:3f660433 f15:00000000
14388756ns          258147 1c00879c 08079a63 bne              x15, x0, 148        x15:00000000
14388776ns          258148 1c00879e 1c0007b7 lui              x15, 0x1c000000     x15=1c000000
14388796ns          258149 1c0087a2 01c7a783 lw               x15, 28(x15)        x15=3fc90fdb x15:1c000000  PA:1c00001c
14389134ns          258166 1c0087a6 a0f517d3 flt.s            x15, f10, f15       x15=00000001 f10:3f660433 f15:3fc90fdb
14389154ns          258167 1c0087aa 02079563 bne              x15, x0, 42         x15:00000001
14389214ns          258170 1c0087d4 10a57553 fmul.s           f10, f10, f10       f10=xxxxxxxx f10:3f660433 f10:3f660433
14389233ns          258171 1c0087d8 1c0007b7 lui              x15, 0x1c000000     x15=1c000000
14389253ns          258172 1c0087dc 1c000737 lui              x14, 0x1c000000     x14=1c000000
14389273ns          258173 1c0087e0 13472703 lw               x14, 308(x14)       x14=bab59551 x14:1c000000  PA:1c000134
14389572ns          258188 1c0087e4 1307a783 lw               x15, 304(x15)       x15=37c23ab1 x15:1c000000  PA:1c000130
14389890ns          258204 1c0087e8 70f577c3 fmadd.s          f15, f10, f15, f14  f15=xxxxxxxx f10:3f4eab8c f15:37c23ab1 f14:bab59551
14389910ns          258205 1c0087ec 1c000737 lui              x14, 0x1c000000     x14=1c000000
14389930ns          258206 1c0087f0 13872703 lw               x14, 312(x14)       x14=3d2aa76f x14:1c000000  PA:1c000138
14390248ns          258222 1c0087f4 70f577c3 fmadd.s          f15, f10, f15, f14  f15=xxxxxxxx f10:3f4eab8c f15:bab3221b f14:3d2aa76f
14390268ns          258223 1c0087f8 1c000737 lui              x14, 0x1c000000     x14=1c000000
14390288ns          258224 1c0087fc 13c72703 lw               x14, 316(x14)       x14=beffffe0 x14:1c000000  PA:1c00013c
14390606ns          258240 1c008800 70f577c3 fmadd.s          f15, f10, f15, f14  f15=xxxxxxxx f10:3f4eab8c f15:3d262283 f14:beffffe0
14390626ns          258241 1c008804 1c000737 lui              x14, 0x1c000000     x14=1c000000
14390646ns          258242 1c008808 16872703 lw               x14, 360(x14)       x14=3f7fffff x14:1c000000  PA:1c000168
14390964ns          258258 1c00880c 70f57543 fmadd.s          f10, f10, f15, f14  f10=xxxxxxxx f10:3f4eab8c f15:beef3bfd f14:3f7fffff
14390984ns          258259 1c008810 00008067 jalr             x0, x1, 0            x1:1c0081de
14391044ns          258262 1c0081de 016a7a53 fadd.s           f20, f20, f22       f20=xxxxxxxx f20:3f2c1b83 f22:3e533fc3
14391063ns          258263 1c0081e2 10acf553 fmul.s           f10, f25, f10       f10=xxxxxxxx f25:3f800000 f10:3f1f6eb4
14391083ns          258264 1c0081e6 a14a97d3 flt.s            x15, f21, f20       x15=00000000 f21:40c90fdb f20:3f60eb74
14391103ns          258265 1c0081ea 00a4222b p.sw             x10, 4(x8!)          x8=10000f90 x10:3f1f6eb4  x8:10000f8c  PA:10000f8c
14391123ns          258266 1c0081ee 00078363 beq              x15, x0, 6          x15:00000000
14391183ns          258269 1c0081f4 ff7412e3 bne              x8, x23, -28         x8:10000f90 x23:10000fc8
14391242ns          258272 1c0081d8 094c7553 fsub.s           f10, f24, f20       f10=xxxxxxxx f24:3fc90fdb f20:3f60eb74
14391262ns          258273 1c0081dc 57c000ef jal              x1, 1404             x1=1c0081de
14391302ns          258275 1c008758 a0a527d3 feq.s            x15, f10, f10       x15=00000001 f10:3f313442 f10:3f313442
14391322ns          258276 1c00875c 0a078b63 beq              x15, x0, 182        x15:00000001
14391342ns          258277 1c00875e e00517d3 fclass.s         x15, f10            x15=00000040 f10:3f313442
14391362ns          258278 1c008762 0817f793 andi             x15, x15, 129       x15=00000000 x15:00000040
14391382ns          258279 1c008766 0a079663 bne              x15, x0, 172        x15:00000000
14391402ns          258280 1c008768 00000793 addi             x15, x0, 0          x15=00000000
14391421ns          258281 1c00876c a0f517d3 flt.s            x15, f10, f15       x15=00000000 f10:3f313442 f15:00000000
14391441ns          258282 1c008770 0a079663 bne              x15, x0, 172        x15:00000000
14391461ns          258283 1c008772 1c000737 lui              x14, 0x1c000000     x14=1c000000
14391481ns          258284 1c008776 02072783 lw               x15, 32(x14)        x15=40c90fdb x14:1c000000  PA:1c000020
14391799ns          258300 1c00877a a0a797d3 flt.s            x15, f15, f10       x15=00000000 f15:40c90fdb f10:3f313442
14391819ns          258301 1c00877e 00078b63 beq              x15, x0, 22         x15:00000000
14391879ns          258304 1c008794 00000793 addi             x15, x0, 0          x15=00000000
14391899ns          258305 1c008798 a0f517d3 flt.s            x15, f10, f15       x15=00000000 f10:3f313442 f15:00000000
14391919ns          258306 1c00879c 08079a63 bne              x15, x0, 148        x15:00000000
14391939ns          258307 1c00879e 1c0007b7 lui              x15, 0x1c000000     x15=1c000000
14391959ns          258308 1c0087a2 01c7a783 lw               x15, 28(x15)        x15=3fc90fdb x15:1c000000  PA:1c00001c
14392297ns          258325 1c0087a6 a0f517d3 flt.s            x15, f10, f15       x15=00000001 f10:3f313442 f15:3fc90fdb
14392317ns          258326 1c0087aa 02079563 bne              x15, x0, 42         x15:00000001
14392376ns          258329 1c0087d4 10a57553 fmul.s           f10, f10, f10       f10=xxxxxxxx f10:3f313442 f10:3f313442
14392396ns          258330 1c0087d8 1c0007b7 lui              x15, 0x1c000000     x15=1c000000
14392416ns          258331 1c0087dc 1c000737 lui              x14, 0x1c000000     x14=1c000000
14392436ns          258332 1c0087e0 13472703 lw               x14, 308(x14)       x14=bab59551 x14:1c000000  PA:1c000134
14392734ns          258347 1c0087e4 1307a783 lw               x15, 304(x15)       x15=37c23ab1 x15:1c000000  PA:1c000130
14393072ns          258364 1c0087e8 70f577c3 fmadd.s          f15, f10, f15, f14  f15=xxxxxxxx f10:3ef5529c f15:37c23ab1 f14:bab59551
14393092ns          258365 1c0087ec 1c000737 lui              x14, 0x1c000000     x14=1c000000
14393112ns          258366 1c0087f0 13872703 lw               x14, 312(x14)       x14=3d2aa76f x14:1c000000  PA:1c000138
14393430ns          258382 1c0087f4 70f577c3 fmadd.s          f15, f10, f15, f14  f15=xxxxxxxx f10:3ef5529c f15:bab4210f f14:3d2aa76f
14393450ns          258383 1c0087f8 1c000737 lui              x14, 0x1c000000     x14=1c000000
14393470ns          258384 1c0087fc 13c72703 lw               x14, 316(x14)       x14=beffffe0 x14:1c000000  PA:1c00013c
14393788ns          258400 1c008800 70f577c3 fmadd.s          f15, f10, f15, f14  f15=xxxxxxxx f10:3ef5529c f15:3d27f4f8 f14:beffffe0
14393808ns          258401 1c008804 1c000737 lui              x14, 0x1c000000     x14=1c000000
14393828ns          258402 1c008808 16872703 lw               x14, 360(x14)       x14=3f7fffff x14:1c000000  PA:1c000168
14394147ns          258418 1c00880c 70f57543 fmadd.s          f10, f10, f15, f14  f10=xxxxxxxx f10:3ef5529c f15:bef5f0a6 f14:3f7fffff
14394166ns          258419 1c008810 00008067 jalr             x0, x1, 0            x1:1c0081de
14394226ns          258422 1c0081de 016a7a53 fadd.s           f20, f20, f22       f20=xxxxxxxx f20:3f60eb74 f22:3e533fc3
14394246ns          258423 1c0081e2 10acf553 fmul.s           f10, f25, f10       f10=xxxxxxxx f25:3f800000 f10:3f451454
14394266ns          258424 1c0081e6 a14a97d3 flt.s            x15, f21, f20       x15=00000000 f21:40c90fdb f20:3f8addb2
14394286ns          258425 1c0081ea 00a4222b p.sw             x10, 4(x8!)          x8=10000f94 x10:3f451454  x8:10000f90  PA:10000f90
14394306ns          258426 1c0081ee 00078363 beq              x15, x0, 6          x15:00000000
14394365ns          258429 1c0081f4 ff7412e3 bne              x8, x23, -28         x8:10000f94 x23:10000fc8
14394425ns          258432 1c0081d8 094c7553 fsub.s           f10, f24, f20       f10=xxxxxxxx f24:3fc90fdb f20:3f8addb2
14394445ns          258433 1c0081dc 57c000ef jal              x1, 1404             x1=1c0081de
14394485ns          258435 1c008758 a0a527d3 feq.s            x15, f10, f10       x15=00000001 f10:3ef8c8a4 f10:3ef8c8a4
14394505ns          258436 1c00875c 0a078b63 beq              x15, x0, 182        x15:00000001
14394524ns          258437 1c00875e e00517d3 fclass.s         x15, f10            x15=00000040 f10:3ef8c8a4
14394544ns          258438 1c008762 0817f793 andi             x15, x15, 129       x15=00000000 x15:00000040
14394564ns          258439 1c008766 0a079663 bne              x15, x0, 172        x15:00000000
14394584ns          258440 1c008768 00000793 addi             x15, x0, 0          x15=00000000
14394604ns          258441 1c00876c a0f517d3 flt.s            x15, f10, f15       x15=00000000 f10:3ef8c8a4 f15:00000000
14394624ns          258442 1c008770 0a079663 bne              x15, x0, 172        x15:00000000
14394644ns          258443 1c008772 1c000737 lui              x14, 0x1c000000     x14=1c000000
14394664ns          258444 1c008776 02072783 lw               x15, 32(x14)        x15=40c90fdb x14:1c000000  PA:1c000020
14394982ns          258460 1c00877a a0a797d3 flt.s            x15, f15, f10       x15=00000000 f15:40c90fdb f10:3ef8c8a4
14395002ns          258461 1c00877e 00078b63 beq              x15, x0, 22         x15:00000000
14395061ns          258464 1c008794 00000793 addi             x15, x0, 0          x15=00000000
14395081ns          258465 1c008798 a0f517d3 flt.s            x15, f10, f15       x15=00000000 f10:3ef8c8a4 f15:00000000
14395101ns          258466 1c00879c 08079a63 bne              x15, x0, 148        x15:00000000
14395121ns          258467 1c00879e 1c0007b7 lui              x15, 0x1c000000     x15=1c000000
14395141ns          258468 1c0087a2 01c7a783 lw               x15, 28(x15)        x15=3fc90fdb x15:1c000000  PA:1c00001c
14395459ns          258484 1c0087a6 a0f517d3 flt.s            x15, f10, f15       x15=00000001 f10:3ef8c8a4 f15:3fc90fdb
14395479ns          258485 1c0087aa 02079563 bne              x15, x0, 42         x15:00000001
14395539ns          258488 1c0087d4 10a57553 fmul.s           f10, f10, f10       f10=xxxxxxxx f10:3ef8c8a4 f10:3ef8c8a4
14395559ns          258489 1c0087d8 1c0007b7 lui              x15, 0x1c000000     x15=1c000000
14395579ns          258490 1c0087dc 1c000737 lui              x14, 0x1c000000     x14=1c000000
14395599ns          258491 1c0087e0 13472703 lw               x14, 308(x14)       x14=bab59551 x14:1c000000  PA:1c000134
14395897ns          258506 1c0087e4 1307a783 lw               x15, 304(x15)       x15=37c23ab1 x15:1c000000  PA:1c000130
14396215ns          258522 1c0087e8 70f577c3 fmadd.s          f15, f10, f15, f14  f15=xxxxxxxx f10:3e71c55b f15:37c23ab1 f14:bab59551
14396235ns          258523 1c0087ec 1c000737 lui              x14, 0x1c000000     x14=1c000000
14396255ns          258524 1c0087f0 13872703 lw               x14, 312(x14)       x14=3d2aa76f x14:1c000000  PA:1c000138
14396593ns          258541 1c0087f4 70f577c3 fmadd.s          f15, f10, f15, f14  f15=xxxxxxxx f10:3e71c55b f15:bab4dde2 f14:3d2aa76f
14396613ns          258542 1c0087f8 1c000737 lui              x14, 0x1c000000     x14=1c000000
14396633ns          258543 1c0087fc 13c72703 lw               x14, 316(x14)       x14=beffffe0 x14:1c000000  PA:1c00013c
14396951ns          258559 1c008800 70f577c3 fmadd.s          f15, f10, f15, f14  f15=xxxxxxxx f10:3e71c55b f15:3d2951ce f14:beffffe0
14396971ns          258560 1c008804 1c000737 lui              x14, 0x1c000000     x14=1c000000
14396991ns          258561 1c008808 16872703 lw               x14, 360(x14)       x14=3f7fffff x14:1c000000  PA:1c000168
14397329ns          258578 1c00880c 70f57543 fmadd.s          f10, f10, f15, f14  f10=xxxxxxxx f10:3e71c55b f15:befb009c f14:3f7fffff
14397349ns          258579 1c008810 00008067 jalr             x0, x1, 0            x1:1c0081de
14397409ns          258582 1c0081de 016a7a53 fadd.s           f20, f20, f22       f20=xxxxxxxx f20:3f8addb2 f22:3e533fc3
14397428ns          258583 1c0081e2 10acf553 fmul.s           f10, f25, f10       f10=xxxxxxxx f25:3f800000 f10:3f625e5d
14397448ns          258584 1c0081e6 a14a97d3 flt.s            x15, f21, f20       x15=00000000 f21:40c90fdb f20:3fa545aa
14397468ns          258585 1c0081ea 00a4222b p.sw             x10, 4(x8!)          x8=10000f98 x10:3f625e5d  x8:10000f94  PA:10000f94
14397488ns          258586 1c0081ee 00078363 beq              x15, x0, 6          x15:00000000
14397548ns          258589 1c0081f4 ff7412e3 bne              x8, x23, -28         x8:10000f98 x23:10000fc8
14397608ns          258592 1c0081d8 094c7553 fsub.s           f10, f24, f20       f10=xxxxxxxx f24:3fc90fdb f20:3fa545aa
14397627ns          258593 1c0081dc 57c000ef jal              x1, 1404             x1=1c0081de
14397667ns          258595 1c008758 a0a527d3 feq.s            x15, f10, f10       x15=00000001 f10:3e8f28c4 f10:3e8f28c4
14397687ns          258596 1c00875c 0a078b63 beq              x15, x0, 182        x15:00000001
14397707ns          258597 1c00875e e00517d3 fclass.s         x15, f10            x15=00000040 f10:3e8f28c4
14397727ns          258598 1c008762 0817f793 andi             x15, x15, 129       x15=00000000 x15:00000040
14397747ns          258599 1c008766 0a079663 bne              x15, x0, 172        x15:00000000
14397767ns          258600 1c008768 00000793 addi             x15, x0, 0          x15=00000000
14397787ns          258601 1c00876c a0f517d3 flt.s            x15, f10, f15       x15=00000000 f10:3e8f28c4 f15:00000000
14397806ns          258602 1c008770 0a079663 bne              x15, x0, 172        x15:00000000
14397826ns          258603 1c008772 1c000737 lui              x14, 0x1c000000     x14=1c000000
14397846ns          258604 1c008776 02072783 lw               x15, 32(x14)        x15=40c90fdb x14:1c000000  PA:1c000020
14398184ns          258621 1c00877a a0a797d3 flt.s            x15, f15, f10       x15=00000000 f15:40c90fdb f10:3e8f28c4
14398204ns          258622 1c00877e 00078b63 beq              x15, x0, 22         x15:00000000
14398264ns          258625 1c008794 00000793 addi             x15, x0, 0          x15=00000000
14398284ns          258626 1c008798 a0f517d3 flt.s            x15, f10, f15       x15=00000000 f10:3e8f28c4 f15:00000000
14398304ns          258627 1c00879c 08079a63 bne              x15, x0, 148        x15:00000000
14398324ns          258628 1c00879e 1c0007b7 lui              x15, 0x1c000000     x15=1c000000
14398343ns          258629 1c0087a2 01c7a783 lw               x15, 28(x15)        x15=3fc90fdb x15:1c000000  PA:1c00001c
14398682ns          258646 1c0087a6 a0f517d3 flt.s            x15, f10, f15       x15=00000001 f10:3e8f28c4 f15:3fc90fdb
14398701ns          258647 1c0087aa 02079563 bne              x15, x0, 42         x15:00000001
14398761ns          258650 1c0087d4 10a57553 fmul.s           f10, f10, f10       f10=xxxxxxxx f10:3e8f28c4 f10:3e8f28c4
14398781ns          258651 1c0087d8 1c0007b7 lui              x15, 0x1c000000     x15=1c000000
14398801ns          258652 1c0087dc 1c000737 lui              x14, 0x1c000000     x14=1c000000
14398821ns          258653 1c0087e0 13472703 lw               x14, 308(x14)       x14=bab59551 x14:1c000000  PA:1c000134
14399119ns          258668 1c0087e4 1307a783 lw               x15, 304(x15)       x15=37c23ab1 x15:1c000000  PA:1c000130
14399437ns          258684 1c0087e8 70f577c3 fmadd.s          f15, f10, f15, f14  f15=xxxxxxxx f10:3da01d23 f15:37c23ab1 f14:bab59551
14399457ns          258685 1c0087ec 1c000737 lui              x14, 0x1c000000     x14=1c000000
14399477ns          258686 1c0087f0 13872703 lw               x14, 312(x14)       x14=3d2aa76f x14:1c000000  PA:1c000138
14399795ns          258702 1c0087f4 70f577c3 fmadd.s          f15, f10, f15, f14  f15=xxxxxxxx f10:3da01d23 f15:bab55894 f14:3d2aa76f
14399815ns          258703 1c0087f8 1c000737 lui              x14, 0x1c000000     x14=1c000000
14399835ns          258704 1c0087fc 13c72703 lw               x14, 316(x14)       x14=beffffe0 x14:1c000000  PA:1c00013c
14400173ns          258721 1c008800 70f577c3 fmadd.s          f15, f10, f15, f14  f15=xxxxxxxx f10:3da01d23 f15:3d2a3603 f14:beffffe0
14400193ns          258722 1c008804 1c000737 lui              x14, 0x1c000000     x14=1c000000
14400213ns          258723 1c008808 16872703 lw               x14, 360(x14)       x14=3f7fffff x14:1c000000  PA:1c000168
14400531ns          258739 1c00880c 70f57543 fmadd.s          f10, f10, f15, f14  f10=xxxxxxxx f10:3da01d23 f15:befe560b f14:3f7fffff
14400551ns          258740 1c008810 00008067 jalr             x0, x1, 0            x1:1c0081de
14400611ns          258743 1c0081de 016a7a53 fadd.s           f20, f20, f22       f20=xxxxxxxx f20:3fa545aa f22:3e533fc3
14400631ns          258744 1c0081e2 10acf553 fmul.s           f10, f25, f10       f10=xxxxxxxx f25:3f800000 f10:3f760ed3
14400651ns          258745 1c0081e6 a14a97d3 flt.s            x15, f21, f20       x15=00000000 f21:40c90fdb f20:3fbfada2
14400671ns          258746 1c0081ea 00a4222b p.sw             x10, 4(x8!)          x8=10000f9c x10:3f760ed3  x8:10000f98  PA:10000f98
14400691ns          258747 1c0081ee 00078363 beq              x15, x0, 6          x15:00000000
14400750ns          258750 1c0081f4 ff7412e3 bne              x8, x23, -28         x8:10000f9c x23:10000fc8
14400810ns          258753 1c0081d8 094c7553 fsub.s           f10, f24, f20       f10=xxxxxxxx f24:3fc90fdb f20:3fbfada2
14400830ns          258754 1c0081dc 57c000ef jal              x1, 1404             x1=1c0081de
14400870ns          258756 1c008758 a0a527d3 feq.s            x15, f10, f10       x15=00000001 f10:3d962390 f10:3d962390
14400889ns          258757 1c00875c 0a078b63 beq              x15, x0, 182        x15:00000001
14400909ns          258758 1c00875e e00517d3 fclass.s         x15, f10            x15=00000040 f10:3d962390
14400929ns          258759 1c008762 0817f793 andi             x15, x15, 129       x15=00000000 x15:00000040
14400949ns          258760 1c008766 0a079663 bne              x15, x0, 172        x15:00000000
14400969ns          258761 1c008768 00000793 addi             x15, x0, 0          x15=00000000
14400989ns          258762 1c00876c a0f517d3 flt.s            x15, f10, f15       x15=00000000 f10:3d962390 f15:00000000
14401009ns          258763 1c008770 0a079663 bne              x15, x0, 172        x15:00000000
14401029ns          258764 1c008772 1c000737 lui              x14, 0x1c000000     x14=1c000000
14401049ns          258765 1c008776 02072783 lw               x15, 32(x14)        x15=40c90fdb x14:1c000000  PA:1c000020
14401387ns          258782 1c00877a a0a797d3 flt.s            x15, f15, f10       x15=00000000 f15:40c90fdb f10:3d962390
14401407ns          258783 1c00877e 00078b63 beq              x15, x0, 22         x15:00000000
14401466ns          258786 1c008794 00000793 addi             x15, x0, 0          x15=00000000
14401486ns          258787 1c008798 a0f517d3 flt.s            x15, f10, f15       x15=00000000 f10:3d962390 f15:00000000
14401506ns          258788 1c00879c 08079a63 bne              x15, x0, 148        x15:00000000
14401526ns          258789 1c00879e 1c0007b7 lui              x15, 0x1c000000     x15=1c000000
14401546ns          258790 1c0087a2 01c7a783 lw               x15, 28(x15)        x15=3fc90fdb x15:1c000000  PA:1c00001c
14401864ns          258806 1c0087a6 a0f517d3 flt.s            x15, f10, f15       x15=00000001 f10:3d962390 f15:3fc90fdb
14401884ns          258807 1c0087aa 02079563 bne              x15, x0, 42         x15:00000001
14401944ns          258810 1c0087d4 10a57553 fmul.s           f10, f10, f10       f10=xxxxxxxx f10:3d962390 f10:3d962390
14401964ns          258811 1c0087d8 1c0007b7 lui              x15, 0x1c000000     x15=1c000000
14401983ns          258812 1c0087dc 1c000737 lui              x14, 0x1c000000     x14=1c000000
14402003ns          258813 1c0087e0 13472703 lw               x14, 308(x14)       x14=bab59551 x14:1c000000  PA:1c000134
14402342ns          258830 1c0087e4 1307a783 lw               x15, 304(x15)       x15=37c23ab1 x15:1c000000  PA:1c000130
14402660ns          258846 1c0087e8 70f577c3 fmadd.s          f15, f10, f15, f14  f15=xxxxxxxx f10:3bb01b63 f15:37c23ab1 f14:bab59551
14402680ns          258847 1c0087ec 1c000737 lui              x14, 0x1c000000     x14=1c000000
14402700ns          258848 1c0087f0 13872703 lw               x14, 312(x14)       x14=3d2aa76f x14:1c000000  PA:1c000138
14403038ns          258865 1c0087f4 70f577c3 fmadd.s          f15, f10, f15, f14  f15=xxxxxxxx f10:3bb01b63 f15:bab59124 f14:3d2aa76f
14403058ns          258866 1c0087f8 1c000737 lui              x14, 0x1c000000     x14=1c000000
14403077ns          258867 1c0087fc 13c72703 lw               x14, 316(x14)       x14=beffffe0 x14:1c000000  PA:1c00013c
14403396ns          258883 1c008800 70f577c3 fmadd.s          f15, f10, f15, f14  f15=xxxxxxxx f10:3bb01b63 f15:3d2a9fa1 f14:beffffe0
14403416ns          258884 1c008804 1c000737 lui              x14, 0x1c000000     x14=1c000000
14403435ns          258885 1c008808 16872703 lw               x14, 360(x14)       x14=3f7fffff x14:1c000000  PA:1c000168
14403774ns          258902 1c00880c 70f57543 fmadd.s          f10, f10, f15, f14  f10=xxxxxxxx f10:3bb01b63 f15:beffe288 f14:3f7fffff
14403794ns          258903 1c008810 00008067 jalr             x0, x1, 0            x1:1c0081de
14403853ns          258906 1c0081de 016a7a53 fadd.s           f20, f20, f22       f20=xxxxxxxx f20:3fbfada2 f22:3e533fc3
14403873ns          258907 1c0081e2 10acf553 fmul.s           f10, f25, f10       f10=xxxxxxxx f25:3f800000 f10:3f7f4ff8
14403893ns          258908 1c0081e6 a14a97d3 flt.s            x15, f21, f20       x15=00000000 f21:40c90fdb f20:3fda159a
14403913ns          258909 1c0081ea 00a4222b p.sw             x10, 4(x8!)          x8=10000fa0 x10:3f7f4ff8  x8:10000f9c  PA:10000f9c
14403933ns          258910 1c0081ee 00078363 beq              x15, x0, 6          x15:00000000
14403992ns          258913 1c0081f4 ff7412e3 bne              x8, x23, -28         x8:10000fa0 x23:10000fc8
14404052ns          258916 1c0081d8 094c7553 fsub.s           f10, f24, f20       f10=xxxxxxxx f24:3fc90fdb f20:3fda159a
14404072ns          258917 1c0081dc 57c000ef jal              x1, 1404             x1=1c0081de
14404112ns          258919 1c008758 a0a527d3 feq.s            x15, f10, f10       x15=00000001 f10:be082df8 f10:be082df8
14404132ns          258920 1c00875c 0a078b63 beq              x15, x0, 182        x15:00000001
14404152ns          258921 1c00875e e00517d3 fclass.s         x15, f10            x15=00000002 f10:be082df8
14404171ns          258922 1c008762 0817f793 andi             x15, x15, 129       x15=00000000 x15:00000002
14404191ns          258923 1c008766 0a079663 bne              x15, x0, 172        x15:00000000
14404211ns          258924 1c008768 00000793 addi             x15, x0, 0          x15=00000000
14404231ns          258925 1c00876c a0f517d3 flt.s            x15, f10, f15       x15=00000001 f10:be082df8 f15:00000000
14404251ns          258926 1c008770 0a079663 bne              x15, x0, 172        x15:00000001
14404311ns          258929 1c00881c 1c0007b7 lui              x15, 0x1c000000     x15=1c000000
14404331ns          258930 1c008820 12c7a783 lw               x15, 300(x15)       x15=c0c90fdb x15:1c000000  PA:1c00012c
14404669ns          258947 1c008824 a0f517d3 flt.s            x15, f10, f15       x15=00000000 f10:be082df8 f15:c0c90fdb
14404689ns          258948 1c008828 00078463 beq              x15, x0, 8          x15:00000000
14404748ns          258951 1c008830 20a51553 fsgnjn.s         f10, f10, f10       f10=xxxxxxxx f10:be082df8 f10:be082df8
14404768ns          258952 1c008834 f6bff06f jal              x0, -150           
14404828ns          258955 1c00879e 1c0007b7 lui              x15, 0x1c000000     x15=1c000000
14404848ns          258956 1c0087a2 01c7a783 lw               x15, 28(x15)        x15=3fc90fdb x15:1c000000  PA:1c00001c
14405186ns          258973 1c0087a6 a0f517d3 flt.s            x15, f10, f15       x15=00000001 f10:3e082df8 f15:3fc90fdb
14405206ns          258974 1c0087aa 02079563 bne              x15, x0, 42         x15:00000001
14405265ns          258977 1c0087d4 10a57553 fmul.s           f10, f10, f10       f10=xxxxxxxx f10:3e082df8 f10:3e082df8
14405285ns          258978 1c0087d8 1c0007b7 lui              x15, 0x1c000000     x15=1c000000
14405305ns          258979 1c0087dc 1c000737 lui              x14, 0x1c000000     x14=1c000000
14405325ns          258980 1c0087e0 13472703 lw               x14, 308(x14)       x14=bab59551 x14:1c000000  PA:1c000134
14405623ns          258995 1c0087e4 1307a783 lw               x15, 304(x15)       x15=37c23ab1 x15:1c000000  PA:1c000130
14405942ns          259011 1c0087e8 70f577c3 fmadd.s          f15, f10, f15, f14  f15=xxxxxxxx f10:3c90e1c0 f15:37c23ab1 f14:bab59551
14405962ns          259012 1c0087ec 1c000737 lui              x14, 0x1c000000     x14=1c000000
14405982ns          259013 1c0087f0 13872703 lw               x14, 312(x14)       x14=3d2aa76f x14:1c000000  PA:1c000138
14406320ns          259030 1c0087f4 70f577c3 fmadd.s          f15, f10, f15, f14  f15=xxxxxxxx f10:3c90e1c0 f15:bab58793 f14:3d2aa76f
14406340ns          259031 1c0087f8 1c000737 lui              x14, 0x1c000000     x14=1c000000
14406359ns          259032 1c0087fc 13c72703 lw               x14, 316(x14)       x14=beffffe0 x14:1c000000  PA:1c00013c
14406678ns          259048 1c008800 70f577c3 fmadd.s          f15, f10, f15, f14  f15=xxxxxxxx f10:3c90e1c0 f15:3d2a8dc0 f14:beffffe0
14406698ns          259049 1c008804 1c000737 lui              x14, 0x1c000000     x14=1c000000
14406717ns          259050 1c008808 16872703 lw               x14, 360(x14)       x14=3f7fffff x14:1c000000  PA:1c000168
14407056ns          259067 1c00880c 70f57543 fmadd.s          f10, f10, f15, f14  f10=xxxxxxxx f10:3c90e1c0 f15:beff9f5a f14:3f7fffff
14407076ns          259068 1c008810 00008067 jalr             x0, x1, 0            x1:1c0081de
14407135ns          259071 1c0081de 016a7a53 fadd.s           f20, f20, f22       f20=xxxxxxxx f20:3fda159a f22:3e533fc3
14407155ns          259072 1c0081e2 10acf553 fmul.s           f10, f25, f10       f10=xxxxxxxx f25:3f800000 f10:3f7dbd53
14407175ns          259073 1c0081e6 a14a97d3 flt.s            x15, f21, f20       x15=00000000 f21:40c90fdb f20:3ff47d92
14407195ns          259074 1c0081ea 00a4222b p.sw             x10, 4(x8!)          x8=10000fa4 x10:3f7dbd53  x8:10000fa0  PA:10000fa0
14407215ns          259075 1c0081ee 00078363 beq              x15, x0, 6          x15:00000000
14407274ns          259078 1c0081f4 ff7412e3 bne              x8, x23, -28         x8:10000fa4 x23:10000fc8
14407334ns          259081 1c0081d8 094c7553 fsub.s           f10, f24, f20       f10=xxxxxxxx f24:3fc90fdb f20:3ff47d92
14407354ns          259082 1c0081dc 57c000ef jal              x1, 1404             x1=1c0081de
14407394ns          259084 1c008758 a0a527d3 feq.s            x15, f10, f10       x15=00000001 f10:beadb6dc f10:beadb6dc
14407414ns          259085 1c00875c 0a078b63 beq              x15, x0, 182        x15:00000001
14407434ns          259086 1c00875e e00517d3 fclass.s         x15, f10            x15=00000002 f10:beadb6dc
14407453ns          259087 1c008762 0817f793 andi             x15, x15, 129       x15=00000000 x15:00000002
14407473ns          259088 1c008766 0a079663 bne              x15, x0, 172        x15:00000000
14407493ns          259089 1c008768 00000793 addi             x15, x0, 0          x15=00000000
14407513ns          259090 1c00876c a0f517d3 flt.s            x15, f10, f15       x15=00000001 f10:beadb6dc f15:00000000
14407533ns          259091 1c008770 0a079663 bne              x15, x0, 172        x15:00000001
14407593ns          259094 1c00881c 1c0007b7 lui              x15, 0x1c000000     x15=1c000000
14407613ns          259095 1c008820 12c7a783 lw               x15, 300(x15)       x15=c0c90fdb x15:1c000000  PA:1c00012c
14407931ns          259111 1c008824 a0f517d3 flt.s            x15, f10, f15       x15=00000000 f10:beadb6dc f15:c0c90fdb
14407951ns          259112 1c008828 00078463 beq              x15, x0, 8          x15:00000000
14408010ns          259115 1c008830 20a51553 fsgnjn.s         f10, f10, f10       f10=xxxxxxxx f10:beadb6dc f10:beadb6dc
14408030ns          259116 1c008834 f6bff06f jal              x0, -150           
14408090ns          259119 1c00879e 1c0007b7 lui              x15, 0x1c000000     x15=1c000000
14408110ns          259120 1c0087a2 01c7a783 lw               x15, 28(x15)        x15=3fc90fdb x15:1c000000  PA:1c00001c
14408428ns          259136 1c0087a6 a0f517d3 flt.s            x15, f10, f15       x15=00000001 f10:3eadb6dc f15:3fc90fdb
14408448ns          259137 1c0087aa 02079563 bne              x15, x0, 42         x15:00000001
14408508ns          259140 1c0087d4 10a57553 fmul.s           f10, f10, f10       f10=xxxxxxxx f10:3eadb6dc f10:3eadb6dc
14408528ns          259141 1c0087d8 1c0007b7 lui              x15, 0x1c000000     x15=1c000000
14408547ns          259142 1c0087dc 1c000737 lui              x14, 0x1c000000     x14=1c000000
14408567ns          259143 1c0087e0 13472703 lw               x14, 308(x14)       x14=bab59551 x14:1c000000  PA:1c000134
14408905ns          259160 1c0087e4 1307a783 lw               x15, 304(x15)       x15=37c23ab1 x15:1c000000  PA:1c000130
14409224ns          259176 1c0087e8 70f577c3 fmadd.s          f15, f10, f15, f14  f15=xxxxxxxx f10:3debc150 f15:37c23ab1 f14:bab59551
14409244ns          259177 1c0087ec 1c000737 lui              x14, 0x1c000000     x14=1c000000
14409263ns          259178 1c0087f0 13872703 lw               x14, 312(x14)       x14=3d2aa76f x14:1c000000  PA:1c000138
14409582ns          259194 1c0087f4 70f577c3 fmadd.s          f15, f10, f15, f14  f15=xxxxxxxx f10:3debc150 f15:bab53be2 f14:3d2aa76f
14409602ns          259195 1c0087f8 1c000737 lui              x14, 0x1c000000     x14=1c000000
14409622ns          259196 1c0087fc 13c72703 lw               x14, 316(x14)       x14=beffffe0 x14:1c000000  PA:1c00013c
14409960ns          259213 1c008800 70f577c3 fmadd.s          f15, f10, f15, f14  f15=xxxxxxxx f10:3debc150 f15:3d2a0088 f14:beffffe0
14409980ns          259214 1c008804 1c000737 lui              x14, 0x1c000000     x14=1c000000
14409999ns          259215 1c008808 16872703 lw               x14, 360(x14)       x14=3f7fffff x14:1c000000  PA:1c000168
14410338ns          259232 1c00880c 70f57543 fmadd.s          f10, f10, f15, f14  f10=xxxxxxxx f10:3debc150 f15:befd8da5 f14:3f7fffff
14410357ns          259233 1c008810 00008067 jalr             x0, x1, 0            x1:1c0081de
14410417ns          259236 1c0081de 016a7a53 fadd.s           f20, f20, f22       f20=xxxxxxxx f20:3ff47d92 f22:3e533fc3
14410437ns          259237 1c0081e2 10acf553 fmul.s           f10, f25, f10       f10=xxxxxxxx f25:3f800000 f10:3f7167f7
14410457ns          259238 1c0081e6 a14a97d3 flt.s            x15, f21, f20       x15=00000000 f21:40c90fdb f20:400772c5
14410477ns          259239 1c0081ea 00a4222b p.sw             x10, 4(x8!)          x8=10000fa8 x10:3f7167f7  x8:10000fa4  PA:10000fa4
14410497ns          259240 1c0081ee 00078363 beq              x15, x0, 6          x15:00000000
14410556ns          259243 1c0081f4 ff7412e3 bne              x8, x23, -28         x8:10000fa8 x23:10000fc8
14410616ns          259246 1c0081d8 094c7553 fsub.s           f10, f24, f20       f10=xxxxxxxx f24:3fc90fdb f20:400772c5
14410636ns          259247 1c0081dc 57c000ef jal              x1, 1404             x1=1c0081de
14410676ns          259249 1c008758 a0a527d3 feq.s            x15, f10, f10       x15=00000001 f10:bf0bab5e f10:bf0bab5e
14410696ns          259250 1c00875c 0a078b63 beq              x15, x0, 182        x15:00000001
14410716ns          259251 1c00875e e00517d3 fclass.s         x15, f10            x15=00000002 f10:bf0bab5e
14410735ns          259252 1c008762 0817f793 andi             x15, x15, 129       x15=00000000 x15:00000002
14410755ns          259253 1c008766 0a079663 bne              x15, x0, 172        x15:00000000
14410775ns          259254 1c008768 00000793 addi             x15, x0, 0          x15=00000000
14410795ns          259255 1c00876c a0f517d3 flt.s            x15, f10, f15       x15=00000001 f10:bf0bab5e f15:00000000
14410815ns          259256 1c008770 0a079663 bne              x15, x0, 172        x15:00000001
14410875ns          259259 1c00881c 1c0007b7 lui              x15, 0x1c000000     x15=1c000000
14410895ns          259260 1c008820 12c7a783 lw               x15, 300(x15)       x15=c0c90fdb x15:1c000000  PA:1c00012c
14411213ns          259276 1c008824 a0f517d3 flt.s            x15, f10, f15       x15=00000000 f10:bf0bab5e f15:c0c90fdb
14411233ns          259277 1c008828 00078463 beq              x15, x0, 8          x15:00000000
14411292ns          259280 1c008830 20a51553 fsgnjn.s         f10, f10, f10       f10=xxxxxxxx f10:bf0bab5e f10:bf0bab5e
14411312ns          259281 1c008834 f6bff06f jal              x0, -150           
14411372ns          259284 1c00879e 1c0007b7 lui              x15, 0x1c000000     x15=1c000000
14411392ns          259285 1c0087a2 01c7a783 lw               x15, 28(x15)        x15=3fc90fdb x15:1c000000  PA:1c00001c
14411730ns          259302 1c0087a6 a0f517d3 flt.s            x15, f10, f15       x15=00000001 f10:3f0bab5e f15:3fc90fdb
14411750ns          259303 1c0087aa 02079563 bne              x15, x0, 42         x15:00000001
14411810ns          259306 1c0087d4 10a57553 fmul.s           f10, f10, f10       f10=xxxxxxxx f10:3f0bab5e f10:3f0bab5e
14411829ns          259307 1c0087d8 1c0007b7 lui              x15, 0x1c000000     x15=1c000000
14411849ns          259308 1c0087dc 1c000737 lui              x14, 0x1c000000     x14=1c000000
14411869ns          259309 1c0087e0 13472703 lw               x14, 308(x14)       x14=bab59551 x14:1c000000  PA:1c000134
14412168ns          259324 1c0087e4 1307a783 lw               x15, 304(x15)       x15=37c23ab1 x15:1c000000  PA:1c000130
14412486ns          259340 1c0087e8 70f577c3 fmadd.s          f15, f10, f15, f14  f15=xxxxxxxx f10:3e986716 f15:37c23ab1 f14:bab59551
14412506ns          259341 1c0087ec 1c000737 lui              x14, 0x1c000000     x14=1c000000
14412526ns          259342 1c0087f0 13872703 lw               x14, 312(x14)       x14=3d2aa76f x14:1c000000  PA:1c000138
14412844ns          259358 1c0087f4 70f577c3 fmadd.s          f15, f10, f15, f14  f15=xxxxxxxx f10:3e986716 f15:bab4ae0f f14:3d2aa76f
14412864ns          259359 1c0087f8 1c000737 lui              x14, 0x1c000000     x14=1c000000
14412884ns          259360 1c0087fc 13c72703 lw               x14, 316(x14)       x14=beffffe0 x14:1c000000  PA:1c00013c
14413202ns          259376 1c008800 70f577c3 fmadd.s          f15, f10, f15, f14  f15=xxxxxxxx f10:3e986716 f15:3d28f92f f14:beffffe0
14413222ns          259377 1c008804 1c000737 lui              x14, 0x1c000000     x14=1c000000
14413242ns          259378 1c008808 16872703 lw               x14, 360(x14)       x14=3f7fffff x14:1c000000  PA:1c000168
14413560ns          259394 1c00880c 70f57543 fmadd.s          f10, f10, f15, f14  f10=xxxxxxxx f10:3e986716 f15:bef9b660 f14:3f7fffff
14413580ns          259395 1c008810 00008067 jalr             x0, x1, 0            x1:1c0081de
14413639ns          259398 1c0081de 016a7a53 fadd.s           f20, f20, f22       f20=xxxxxxxx f20:400772c5 f22:3e533fc3
14413659ns          259399 1c0081e2 10acf553 fmul.s           f10, f25, f10       f10=xxxxxxxx f25:3f800000 f10:3f5ad5c9
14413679ns          259400 1c0081e6 a14a97d3 flt.s            x15, f21, f20       x15=00000000 f21:40c90fdb f20:4014a6c1
14413699ns          259401 1c0081ea 00a4222b p.sw             x10, 4(x8!)          x8=10000fac x10:3f5ad5c9  x8:10000fa8  PA:10000fa8
14413719ns          259402 1c0081ee 00078363 beq              x15, x0, 6          x15:00000000
14413779ns          259405 1c0081f4 ff7412e3 bne              x8, x23, -28         x8:10000fac x23:10000fc8
14413838ns          259408 1c0081d8 094c7553 fsub.s           f10, f24, f20       f10=xxxxxxxx f24:3fc90fdb f20:4014a6c1
14413858ns          259409 1c0081dc 57c000ef jal              x1, 1404             x1=1c0081de
14413898ns          259411 1c008758 a0a527d3 feq.s            x15, f10, f10       x15=00000001 f10:bf407b4e f10:bf407b4e
14413918ns          259412 1c00875c 0a078b63 beq              x15, x0, 182        x15:00000001
14413938ns          259413 1c00875e e00517d3 fclass.s         x15, f10            x15=00000002 f10:bf407b4e
14413958ns          259414 1c008762 0817f793 andi             x15, x15, 129       x15=00000000 x15:00000002
14413978ns          259415 1c008766 0a079663 bne              x15, x0, 172        x15:00000000
14413997ns          259416 1c008768 00000793 addi             x15, x0, 0          x15=00000000
14414017ns          259417 1c00876c a0f517d3 flt.s            x15, f10, f15       x15=00000001 f10:bf407b4e f15:00000000
14414037ns          259418 1c008770 0a079663 bne              x15, x0, 172        x15:00000001
14414097ns          259421 1c00881c 1c0007b7 lui              x15, 0x1c000000     x15=1c000000
14414117ns          259422 1c008820 12c7a783 lw               x15, 300(x15)       x15=c0c90fdb x15:1c000000  PA:1c00012c
14414435ns          259438 1c008824 a0f517d3 flt.s            x15, f10, f15       x15=00000000 f10:bf407b4e f15:c0c90fdb
14414455ns          259439 1c008828 00078463 beq              x15, x0, 8          x15:00000000
14414515ns          259442 1c008830 20a51553 fsgnjn.s         f10, f10, f10       f10=xxxxxxxx f10:bf407b4e f10:bf407b4e
14414535ns          259443 1c008834 f6bff06f jal              x0, -150           
14414594ns          259446 1c00879e 1c0007b7 lui              x15, 0x1c000000     x15=1c000000
14414614ns          259447 1c0087a2 01c7a783 lw               x15, 28(x15)        x15=3fc90fdb x15:1c000000  PA:1c00001c
14414952ns          259464 1c0087a6 a0f517d3 flt.s            x15, f10, f15       x15=00000001 f10:3f407b4e f15:3fc90fdb
14414972ns          259465 1c0087aa 02079563 bne              x15, x0, 42         x15:00000001
14415032ns          259468 1c0087d4 10a57553 fmul.s           f10, f10, f10       f10=xxxxxxxx f10:3f407b4e f10:3f407b4e
14415052ns          259469 1c0087d8 1c0007b7 lui              x15, 0x1c000000     x15=1c000000
14415072ns          259470 1c0087dc 1c000737 lui              x14, 0x1c000000     x14=1c000000
14415091ns          259471 1c0087e0 13472703 lw               x14, 308(x14)       x14=bab59551 x14:1c000000  PA:1c000134
14415390ns          259486 1c0087e4 1307a783 lw               x15, 304(x15)       x15=37c23ab1 x15:1c000000  PA:1c000130
14415728ns          259503 1c0087e8 70f577c3 fmadd.s          f15, f10, f15, f14  f15=xxxxxxxx f10:3f10b930 f15:37c23ab1 f14:bab59551
14415748ns          259504 1c0087ec 1c000737 lui              x14, 0x1c000000     x14=1c000000
14415768ns          259505 1c0087f0 13872703 lw               x14, 312(x14)       x14=3d2aa76f x14:1c000000  PA:1c000138
14416106ns          259522 1c0087f4 70f577c3 fmadd.s          f15, f10, f15, f14  f15=xxxxxxxx f10:3f10b930 f15:bab3de1b f14:3d2aa76f
14416126ns          259523 1c0087f8 1c000737 lui              x14, 0x1c000000     x14=1c000000
14416146ns          259524 1c0087fc 13c72703 lw               x14, 316(x14)       x14=beffffe0 x14:1c000000  PA:1c00013c
14416464ns          259540 1c008800 70f577c3 fmadd.s          f15, f10, f15, f14  f15=xxxxxxxx f10:3f10b930 f15:3d2779f7 f14:beffffe0
14416484ns          259541 1c008804 1c000737 lui              x14, 0x1c000000     x14=1c000000
14416504ns          259542 1c008808 16872703 lw               x14, 360(x14)       x14=3f7fffff x14:1c000000  PA:1c000168
14416822ns          259558 1c00880c 70f57543 fmadd.s          f10, f10, f15, f14  f10=xxxxxxxx f10:3f10b930 f15:bef42a28 f14:3f7fffff
14416842ns          259559 1c008810 00008067 jalr             x0, x1, 0            x1:1c0081de
14416902ns          259562 1c0081de 016a7a53 fadd.s           f20, f20, f22       f20=xxxxxxxx f20:4014a6c1 f22:3e533fc3
14416921ns          259563 1c0081e2 10acf553 fmul.s           f10, f25, f10       f10=xxxxxxxx f25:3f800000 f10:3f3afbd4
14416941ns          259564 1c0081e6 a14a97d3 flt.s            x15, f21, f20       x15=00000000 f21:40c90fdb f20:4021dabd
14416961ns          259565 1c0081ea 00a4222b p.sw             x10, 4(x8!)          x8=10000fb0 x10:3f3afbd4  x8:10000fac  PA:10000fac
14416981ns          259566 1c0081ee 00078363 beq              x15, x0, 6          x15:00000000
14417041ns          259569 1c0081f4 ff7412e3 bne              x8, x23, -28         x8:10000fb0 x23:10000fc8
14417100ns          259572 1c0081d8 094c7553 fsub.s           f10, f24, f20       f10=xxxxxxxx f24:3fc90fdb f20:4021dabd
14417120ns          259573 1c0081dc 57c000ef jal              x1, 1404             x1=1c0081de
14417160ns          259575 1c008758 a0a527d3 feq.s            x15, f10, f10       x15=00000001 f10:bf754b3e f10:bf754b3e
14417180ns          259576 1c00875c 0a078b63 beq              x15, x0, 182        x15:00000001
14417200ns          259577 1c00875e e00517d3 fclass.s         x15, f10            x15=00000002 f10:bf754b3e
14417220ns          259578 1c008762 0817f793 andi             x15, x15, 129       x15=00000000 x15:00000002
14417240ns          259579 1c008766 0a079663 bne              x15, x0, 172        x15:00000000
14417260ns          259580 1c008768 00000793 addi             x15, x0, 0          x15=00000000
14417279ns          259581 1c00876c a0f517d3 flt.s            x15, f10, f15       x15=00000001 f10:bf754b3e f15:00000000
14417299ns          259582 1c008770 0a079663 bne              x15, x0, 172        x15:00000001
14417359ns          259585 1c00881c 1c0007b7 lui              x15, 0x1c000000     x15=1c000000
14417379ns          259586 1c008820 12c7a783 lw               x15, 300(x15)       x15=c0c90fdb x15:1c000000  PA:1c00012c
14417697ns          259602 1c008824 a0f517d3 flt.s            x15, f10, f15       x15=00000000 f10:bf754b3e f15:c0c90fdb
14417717ns          259603 1c008828 00078463 beq              x15, x0, 8          x15:00000000
14417777ns          259606 1c008830 20a51553 fsgnjn.s         f10, f10, f10       f10=xxxxxxxx f10:bf754b3e f10:bf754b3e
14417797ns          259607 1c008834 f6bff06f jal              x0, -150           
14417856ns          259610 1c00879e 1c0007b7 lui              x15, 0x1c000000     x15=1c000000
14417876ns          259611 1c0087a2 01c7a783 lw               x15, 28(x15)        x15=3fc90fdb x15:1c000000  PA:1c00001c
14418194ns          259627 1c0087a6 a0f517d3 flt.s            x15, f10, f15       x15=00000001 f10:3f754b3e f15:3fc90fdb
14418214ns          259628 1c0087aa 02079563 bne              x15, x0, 42         x15:00000001
14418274ns          259631 1c0087d4 10a57553 fmul.s           f10, f10, f10       f10=xxxxxxxx f10:3f754b3e f10:3f754b3e
14418294ns          259632 1c0087d8 1c0007b7 lui              x15, 0x1c000000     x15=1c000000
14418314ns          259633 1c0087dc 1c000737 lui              x14, 0x1c000000     x14=1c000000
14418334ns          259634 1c0087e0 13472703 lw               x14, 308(x14)       x14=bab59551 x14:1c000000  PA:1c000134
14418632ns          259649 1c0087e4 1307a783 lw               x15, 304(x15)       x15=37c23ab1 x15:1c000000  PA:1c000130
14418950ns          259665 1c0087e8 70f577c3 fmadd.s          f15, f10, f15, f14  f15=xxxxxxxx f10:3f6b091b f15:37c23ab1 f14:bab59551
14418970ns          259666 1c0087ec 1c000737 lui              x14, 0x1c000000     x14=1c000000
14418990ns          259667 1c0087f0 13872703 lw               x14, 312(x14)       x14=3d2aa76f x14:1c000000  PA:1c000138
14419308ns          259683 1c0087f4 70f577c3 fmadd.s          f15, f10, f15, f14  f15=xxxxxxxx f10:3f6b091b f15:bab2cc06 f14:3d2aa76f
14419328ns          259684 1c0087f8 1c000737 lui              x14, 0x1c000000     x14=1c000000
14419348ns          259685 1c0087fc 13c72703 lw               x14, 316(x14)       x14=beffffe0 x14:1c000000  PA:1c00013c
14419706ns          259703 1c008800 70f577c3 fmadd.s          f15, f10, f15, f14  f15=xxxxxxxx f10:3f6b091b f15:3d258632 f14:beffffe0
14419726ns          259704 1c008804 1c000737 lui              x14, 0x1c000000     x14=1c000000
14419746ns          259705 1c008808 16872703 lw               x14, 360(x14)       x14=3f7fffff x14:1c000000  PA:1c000168
14420064ns          259721 1c00880c 70f57543 fmadd.s          f10, f10, f15, f14  f10=xxxxxxxx f10:3f6b091b f15:beed00de f14:3f7fffff
14420084ns          259722 1c008810 00008067 jalr             x0, x1, 0            x1:1c0081de
14420144ns          259725 1c0081de 016a7a53 fadd.s           f20, f20, f22       f20=xxxxxxxx f20:4021dabd f22:3e533fc3
14420164ns          259726 1c0081e2 10acf553 fmul.s           f10, f25, f10       f10=xxxxxxxx f25:3f800000 f10:3f1333e2
14420184ns          259727 1c0081e6 a14a97d3 flt.s            x15, f21, f20       x15=00000000 f21:40c90fdb f20:402f0eb9
14420203ns          259728 1c0081ea 00a4222b p.sw             x10, 4(x8!)          x8=10000fb4 x10:3f1333e2  x8:10000fb0  PA:10000fb0
14420223ns          259729 1c0081ee 00078363 beq              x15, x0, 6          x15:00000000
14420283ns          259732 1c0081f4 ff7412e3 bne              x8, x23, -28         x8:10000fb4 x23:10000fc8
14420343ns          259735 1c0081d8 094c7553 fsub.s           f10, f24, f20       f10=xxxxxxxx f24:3fc90fdb f20:402f0eb9
14420363ns          259736 1c0081dc 57c000ef jal              x1, 1404             x1=1c0081de
14420402ns          259738 1c008758 a0a527d3 feq.s            x15, f10, f10       x15=00000001 f10:bf950d97 f10:bf950d97
14420422ns          259739 1c00875c 0a078b63 beq              x15, x0, 182        x15:00000001
14420442ns          259740 1c00875e e00517d3 fclass.s         x15, f10            x15=00000002 f10:bf950d97
14420462ns          259741 1c008762 0817f793 andi             x15, x15, 129       x15=00000000 x15:00000002
14420482ns          259742 1c008766 0a079663 bne              x15, x0, 172        x15:00000000
14420502ns          259743 1c008768 00000793 addi             x15, x0, 0          x15=00000000
14420522ns          259744 1c00876c a0f517d3 flt.s            x15, f10, f15       x15=00000001 f10:bf950d97 f15:00000000
14420542ns          259745 1c008770 0a079663 bne              x15, x0, 172        x15:00000001
14420601ns          259748 1c00881c 1c0007b7 lui              x15, 0x1c000000     x15=1c000000
14420621ns          259749 1c008820 12c7a783 lw               x15, 300(x15)       x15=c0c90fdb x15:1c000000  PA:1c00012c
14420959ns          259766 1c008824 a0f517d3 flt.s            x15, f10, f15       x15=00000000 f10:bf950d97 f15:c0c90fdb
14420979ns          259767 1c008828 00078463 beq              x15, x0, 8          x15:00000000
14421039ns          259770 1c008830 20a51553 fsgnjn.s         f10, f10, f10       f10=xxxxxxxx f10:bf950d97 f10:bf950d97
14421059ns          259771 1c008834 f6bff06f jal              x0, -150           
14421118ns          259774 1c00879e 1c0007b7 lui              x15, 0x1c000000     x15=1c000000
14421138ns          259775 1c0087a2 01c7a783 lw               x15, 28(x15)        x15=3fc90fdb x15:1c000000  PA:1c00001c
14421476ns          259792 1c0087a6 a0f517d3 flt.s            x15, f10, f15       x15=00000001 f10:3f950d97 f15:3fc90fdb
14421496ns          259793 1c0087aa 02079563 bne              x15, x0, 42         x15:00000001
14421556ns          259796 1c0087d4 10a57553 fmul.s           f10, f10, f10       f10=xxxxxxxx f10:3f950d97 f10:3f950d97
14421576ns          259797 1c0087d8 1c0007b7 lui              x15, 0x1c000000     x15=1c000000
14421596ns          259798 1c0087dc 1c000737 lui              x14, 0x1c000000     x14=1c000000
14421616ns          259799 1c0087e0 13472703 lw               x14, 308(x14)       x14=bab59551 x14:1c000000  PA:1c000134
14421914ns          259814 1c0087e4 1307a783 lw               x15, 304(x15)       x15=37c23ab1 x15:1c000000  PA:1c000130
14422232ns          259830 1c0087e8 70f577c3 fmadd.s          f15, f10, f15, f14  f15=xxxxxxxx f10:3fad91a5 f15:37c23ab1 f14:bab59551
14422252ns          259831 1c0087ec 1c000737 lui              x14, 0x1c000000     x14=1c000000
14422272ns          259832 1c0087f0 13872703 lw               x14, 312(x14)       x14=3d2aa76f x14:1c000000  PA:1c000138
14422610ns          259849 1c0087f4 70f577c3 fmadd.s          f15, f10, f15, f14  f15=xxxxxxxx f10:3fad91a5 f15:bab177d0 f14:3d2aa76f
14422630ns          259850 1c0087f8 1c000737 lui              x14, 0x1c000000     x14=1c000000
14422650ns          259851 1c0087fc 13c72703 lw               x14, 316(x14)       x14=beffffe0 x14:1c000000  PA:1c00013c
14422968ns          259867 1c008800 70f577c3 fmadd.s          f15, f10, f15, f14  f15=xxxxxxxx f10:3fad91a5 f15:3d232240 f14:beffffe0
14422988ns          259868 1c008804 1c000737 lui              x14, 0x1c000000     x14=1c000000
14423008ns          259869 1c008808 16872703 lw               x14, 360(x14)       x14=3f7fffff x14:1c000000  PA:1c000168
14423326ns          259885 1c00880c 70f57543 fmadd.s          f10, f10, f15, f14  f10=xxxxxxxx f10:3fad91a5 f15:bee45923 f14:3f7fffff
14423346ns          259886 1c008810 00008067 jalr             x0, x1, 0            x1:1c0081de
14423406ns          259889 1c0081de 016a7a53 fadd.s           f20, f20, f22       f20=xxxxxxxx f20:402f0eb9 f22:3e533fc3
14423426ns          259890 1c0081e2 10acf553 fmul.s           f10, f25, f10       f10=xxxxxxxx f25:3f800000 f10:3eca5bb1
14423446ns          259891 1c0081e6 a14a97d3 flt.s            x15, f21, f20       x15=00000000 f21:40c90fdb f20:403c42b5
14423465ns          259892 1c0081ea 00a4222b p.sw             x10, 4(x8!)          x8=10000fb8 x10:3eca5bb1  x8:10000fb4  PA:10000fb4
14423485ns          259893 1c0081ee 00078363 beq              x15, x0, 6          x15:00000000
14423545ns          259896 1c0081f4 ff7412e3 bne              x8, x23, -28         x8:10000fb8 x23:10000fc8
14423605ns          259899 1c0081d8 094c7553 fsub.s           f10, f24, f20       f10=xxxxxxxx f24:3fc90fdb f20:403c42b5
14423625ns          259900 1c0081dc 57c000ef jal              x1, 1404             x1=1c0081de
14423664ns          259902 1c008758 a0a527d3 feq.s            x15, f10, f10       x15=00000001 f10:bfaf758f f10:bfaf758f
14423684ns          259903 1c00875c 0a078b63 beq              x15, x0, 182        x15:00000001
14423704ns          259904 1c00875e e00517d3 fclass.s         x15, f10            x15=00000002 f10:bfaf758f
14423724ns          259905 1c008762 0817f793 andi             x15, x15, 129       x15=00000000 x15:00000002
14423744ns          259906 1c008766 0a079663 bne              x15, x0, 172        x15:00000000
14423764ns          259907 1c008768 00000793 addi             x15, x0, 0          x15=00000000
14423784ns          259908 1c00876c a0f517d3 flt.s            x15, f10, f15       x15=00000001 f10:bfaf758f f15:00000000
14423804ns          259909 1c008770 0a079663 bne              x15, x0, 172        x15:00000001
14423863ns          259912 1c00881c 1c0007b7 lui              x15, 0x1c000000     x15=1c000000
14423883ns          259913 1c008820 12c7a783 lw               x15, 300(x15)       x15=c0c90fdb x15:1c000000  PA:1c00012c
14424241ns          259931 1c008824 a0f517d3 flt.s            x15, f10, f15       x15=00000000 f10:bfaf758f f15:c0c90fdb
14424261ns          259932 1c008828 00078463 beq              x15, x0, 8          x15:00000000
14424321ns          259935 1c008830 20a51553 fsgnjn.s         f10, f10, f10       f10=xxxxxxxx f10:bfaf758f f10:bfaf758f
14424341ns          259936 1c008834 f6bff06f jal              x0, -150           
14424400ns          259939 1c00879e 1c0007b7 lui              x15, 0x1c000000     x15=1c000000
14424420ns          259940 1c0087a2 01c7a783 lw               x15, 28(x15)        x15=3fc90fdb x15:1c000000  PA:1c00001c
14424738ns          259956 1c0087a6 a0f517d3 flt.s            x15, f10, f15       x15=00000001 f10:3faf758f f15:3fc90fdb
14424758ns          259957 1c0087aa 02079563 bne              x15, x0, 42         x15:00000001
14424818ns          259960 1c0087d4 10a57553 fmul.s           f10, f10, f10       f10=xxxxxxxx f10:3faf758f f10:3faf758f
14424838ns          259961 1c0087d8 1c0007b7 lui              x15, 0x1c000000     x15=1c000000
14424858ns          259962 1c0087dc 1c000737 lui              x14, 0x1c000000     x14=1c000000
14424878ns          259963 1c0087e0 13472703 lw               x14, 308(x14)       x14=bab59551 x14:1c000000  PA:1c000134
14425176ns          259978 1c0087e4 1307a783 lw               x15, 304(x15)       x15=37c23ab1 x15:1c000000  PA:1c000130
14425494ns          259994 1c0087e8 70f577c3 fmadd.s          f15, f10, f15, f14  f15=xxxxxxxx f10:3ff083df f15:37c23ab1 f14:bab59551
14425514ns          259995 1c0087ec 1c000737 lui              x14, 0x1c000000     x14=1c000000
14425534ns          259996 1c0087f0 13872703 lw               x14, 312(x14)       x14=3d2aa76f x14:1c000000  PA:1c000138
14425852ns          260012 1c0087f4 70f577c3 fmadd.s          f15, f10, f15, f14  f15=xxxxxxxx f10:3ff083df f15:baafe178 f14:3d2aa76f
14425872ns          260013 1c0087f8 1c000737 lui              x14, 0x1c000000     x14=1c000000
14425892ns          260014 1c0087fc 13c72703 lw               x14, 316(x14)       x14=beffffe0 x14:1c000000  PA:1c00013c
14426210ns          260030 1c008800 70f577c3 fmadd.s          f15, f10, f15, f14  f15=xxxxxxxx f10:3ff083df f15:3d20538f f14:beffffe0
14426230ns          260031 1c008804 1c000737 lui              x14, 0x1c000000     x14=1c000000
14426250ns          260032 1c008808 16872703 lw               x14, 360(x14)       x14=3f7fffff x14:1c000000  PA:1c000168
14426588ns          260049 1c00880c 70f57543 fmadd.s          f10, f10, f15, f14  f10=xxxxxxxx f10:3ff083df f15:beda57a5 f14:3f7fffff
14426608ns          260050 1c008810 00008067 jalr             x0, x1, 0            x1:1c0081de
14426668ns          260053 1c0081de 016a7a53 fadd.s           f20, f20, f22       f20=xxxxxxxx f20:403c42b5 f22:3e533fc3
14426688ns          260054 1c0081e2 10acf553 fmul.s           f10, f25, f10       f10=xxxxxxxx f25:3f800000 f10:3e4b756d
14426708ns          260055 1c0081e6 a14a97d3 flt.s            x15, f21, f20       x15=00000000 f21:40c90fdb f20:404976b1
14426728ns          260056 1c0081ea 00a4222b p.sw             x10, 4(x8!)          x8=10000fbc x10:3e4b756d  x8:10000fb8  PA:10000fb8
14426747ns          260057 1c0081ee 00078363 beq              x15, x0, 6          x15:00000000
14426807ns          260060 1c0081f4 ff7412e3 bne              x8, x23, -28         x8:10000fbc x23:10000fc8
14426867ns          260063 1c0081d8 094c7553 fsub.s           f10, f24, f20       f10=xxxxxxxx f24:3fc90fdb f20:404976b1
14426887ns          260064 1c0081dc 57c000ef jal              x1, 1404             x1=1c0081de
14426926ns          260066 1c008758 a0a527d3 feq.s            x15, f10, f10       x15=00000001 f10:bfc9dd87 f10:bfc9dd87
14426946ns          260067 1c00875c 0a078b63 beq              x15, x0, 182        x15:00000001
14426966ns          260068 1c00875e e00517d3 fclass.s         x15, f10            x15=00000002 f10:bfc9dd87
14426986ns          260069 1c008762 0817f793 andi             x15, x15, 129       x15=00000000 x15:00000002
14427006ns          260070 1c008766 0a079663 bne              x15, x0, 172        x15:00000000
14427026ns          260071 1c008768 00000793 addi             x15, x0, 0          x15=00000000
14427046ns          260072 1c00876c a0f517d3 flt.s            x15, f10, f15       x15=00000001 f10:bfc9dd87 f15:00000000
14427066ns          260073 1c008770 0a079663 bne              x15, x0, 172        x15:00000001
14427125ns          260076 1c00881c 1c0007b7 lui              x15, 0x1c000000     x15=1c000000
14427145ns          260077 1c008820 12c7a783 lw               x15, 300(x15)       x15=c0c90fdb x15:1c000000  PA:1c00012c
14427464ns          260093 1c008824 a0f517d3 flt.s            x15, f10, f15       x15=00000000 f10:bfc9dd87 f15:c0c90fdb
14427483ns          260094 1c008828 00078463 beq              x15, x0, 8          x15:00000000
14427543ns          260097 1c008830 20a51553 fsgnjn.s         f10, f10, f10       f10=xxxxxxxx f10:bfc9dd87 f10:bfc9dd87
14427563ns          260098 1c008834 f6bff06f jal              x0, -150           
14427623ns          260101 1c00879e 1c0007b7 lui              x15, 0x1c000000     x15=1c000000
14427643ns          260102 1c0087a2 01c7a783 lw               x15, 28(x15)        x15=3fc90fdb x15:1c000000  PA:1c00001c
14427961ns          260118 1c0087a6 a0f517d3 flt.s            x15, f10, f15       x15=00000000 f10:3fc9dd87 f15:3fc90fdb
14427981ns          260119 1c0087aa 02079563 bne              x15, x0, 42         x15:00000000
14428001ns          260120 1c0087ac 1c0007b7 lui              x15, 0x1c000000     x15=1c000000
14428020ns          260121 1c0087b0 1007a783 lw               x15, 256(x15)       x15=40490fdb x15:1c000000  PA:1c000100
14428359ns          260138 1c0087b4 a0f51753 flt.s            x14, f10, f15       x14=00000001 f10:3fc9dd87 f15:40490fdb
14428378ns          260139 1c0087b8 06071f63 bne              x14, x0, 126        x14:00000001
14428458ns          260143 1c008836 08a7f553 fsub.s           f10, f15, f10       f10=xxxxxxxx f15:40490fdb f10:3fc9dd87
14428478ns          260144 1c00883a 10a57553 fmul.s           f10, f10, f10       f10=xxxxxxxx f10:3fc8422f f10:3fc8422f
14428498ns          260145 1c00883e 1c0007b7 lui              x15, 0x1c000000     x15=1c000000
14428518ns          260146 1c008842 1c000737 lui              x14, 0x1c000000     x14=1c000000
14428538ns          260147 1c008846 13472703 lw               x14, 308(x14)       x14=bab59551 x14:1c000000  PA:1c000134
14428836ns          260162 1c00884a 1307a783 lw               x15, 304(x15)       x15=37c23ab1 x15:1c000000  PA:1c000130
14429154ns          260178 1c00884e 70f577c3 fmadd.s          f15, f10, f15, f14  f15=xxxxxxxx f10:401ca77b f15:37c23ab1 f14:bab59551
14429174ns          260179 1c008852 1c000737 lui              x14, 0x1c000000     x14=1c000000
14429194ns          260180 1c008856 13872703 lw               x14, 312(x14)       x14=3d2aa76f x14:1c000000  PA:1c000138
14429532ns          260197 1c00885a 70f577c3 fmadd.s          f15, f10, f15, f14  f15=xxxxxxxx f10:401ca77b f15:baae27a4 f14:3d2aa76f
14429552ns          260198 1c00885e 1c000737 lui              x14, 0x1c000000     x14=1c000000
14429572ns          260199 1c008862 13c72703 lw               x14, 316(x14)       x14=beffffe0 x14:1c000000  PA:1c00013c
14429890ns          260215 1c008866 70f577c3 fmadd.s          f15, f10, f15, f14  f15=xxxxxxxx f10:401ca77b f15:3d1d552c f14:beffffe0
14429910ns          260216 1c00886a 1c000737 lui              x14, 0x1c000000     x14=1c000000
14429930ns          260217 1c00886e 16872703 lw               x14, 360(x14)       x14=3f7fffff x14:1c000000  PA:1c000168
14430248ns          260233 1c008872 70f57543 fmadd.s          f10, f10, f15, f14  f10=xxxxxxxx f10:401ca77b f15:becfdc76 f14:3f7fffff
14430268ns          260234 1c008876 20a51553 fsgnjn.s         f10, f10, f10       f10=xxxxxxxx f10:3bcdaae8 f10:3bcdaae8
14430288ns          260235 1c00887a 00008067 jalr             x0, x1, 0            x1:1c0081de
14430348ns          260238 1c0081de 016a7a53 fadd.s           f20, f20, f22       f20=xxxxxxxx f20:404976b1 f22:3e533fc3
14430368ns          260239 1c0081e2 10acf553 fmul.s           f10, f25, f10       f10=xxxxxxxx f25:3f800000 f10:bbcdaae8
14430387ns          260240 1c0081e6 a14a97d3 flt.s            x15, f21, f20       x15=00000000 f21:40c90fdb f20:4056aaad
14430407ns          260241 1c0081ea 00a4222b p.sw             x10, 4(x8!)          x8=10000fc0 x10:bbcdaae8  x8:10000fbc  PA:10000fbc
14430427ns          260242 1c0081ee 00078363 beq              x15, x0, 6          x15:00000000
14430487ns          260245 1c0081f4 ff7412e3 bne              x8, x23, -28         x8:10000fc0 x23:10000fc8
14430547ns          260248 1c0081d8 094c7553 fsub.s           f10, f24, f20       f10=xxxxxxxx f24:3fc90fdb f20:4056aaad
14430566ns          260249 1c0081dc 57c000ef jal              x1, 1404             x1=1c0081de
14430606ns          260251 1c008758 a0a527d3 feq.s            x15, f10, f10       x15=00000001 f10:bfe4457f f10:bfe4457f
14430626ns          260252 1c00875c 0a078b63 beq              x15, x0, 182        x15:00000001
14430646ns          260253 1c00875e e00517d3 fclass.s         x15, f10            x15=00000002 f10:bfe4457f
14430666ns          260254 1c008762 0817f793 andi             x15, x15, 129       x15=00000000 x15:00000002
14430686ns          260255 1c008766 0a079663 bne              x15, x0, 172        x15:00000000
14430706ns          260256 1c008768 00000793 addi             x15, x0, 0          x15=00000000
14430726ns          260257 1c00876c a0f517d3 flt.s            x15, f10, f15       x15=00000001 f10:bfe4457f f15:00000000
14430745ns          260258 1c008770 0a079663 bne              x15, x0, 172        x15:00000001
14430805ns          260261 1c00881c 1c0007b7 lui              x15, 0x1c000000     x15=1c000000
14430825ns          260262 1c008820 12c7a783 lw               x15, 300(x15)       x15=c0c90fdb x15:1c000000  PA:1c00012c
14431163ns          260279 1c008824 a0f517d3 flt.s            x15, f10, f15       x15=00000000 f10:bfe4457f f15:c0c90fdb
14431183ns          260280 1c008828 00078463 beq              x15, x0, 8          x15:00000000
14431243ns          260283 1c008830 20a51553 fsgnjn.s         f10, f10, f10       f10=xxxxxxxx f10:bfe4457f f10:bfe4457f
14431263ns          260284 1c008834 f6bff06f jal              x0, -150           
14431322ns          260287 1c00879e 1c0007b7 lui              x15, 0x1c000000     x15=1c000000
14431342ns          260288 1c0087a2 01c7a783 lw               x15, 28(x15)        x15=3fc90fdb x15:1c000000  PA:1c00001c
14431680ns          260305 1c0087a6 a0f517d3 flt.s            x15, f10, f15       x15=00000000 f10:3fe4457f f15:3fc90fdb
14431700ns          260306 1c0087aa 02079563 bne              x15, x0, 42         x15:00000000
14431720ns          260307 1c0087ac 1c0007b7 lui              x15, 0x1c000000     x15=1c000000
14431740ns          260308 1c0087b0 1007a783 lw               x15, 256(x15)       x15=40490fdb x15:1c000000  PA:1c000100
14432078ns          260325 1c0087b4 a0f51753 flt.s            x14, f10, f15       x14=00000001 f10:3fe4457f f15:40490fdb
14432098ns          260326 1c0087b8 06071f63 bne              x14, x0, 126        x14:00000001
14432178ns          260330 1c008836 08a7f553 fsub.s           f10, f15, f10       f10=xxxxxxxx f15:40490fdb f10:3fe4457f
14432198ns          260331 1c00883a 10a57553 fmul.s           f10, f10, f10       f10=xxxxxxxx f10:3fadda37 f10:3fadda37
14432217ns          260332 1c00883e 1c0007b7 lui              x15, 0x1c000000     x15=1c000000
14432237ns          260333 1c008842 1c000737 lui              x14, 0x1c000000     x14=1c000000
14432257ns          260334 1c008846 13472703 lw               x14, 308(x14)       x14=bab59551 x14:1c000000  PA:1c000134
14432556ns          260349 1c00884a 1307a783 lw               x15, 304(x15)       x15=37c23ab1 x15:1c000000  PA:1c000130
14432874ns          260365 1c00884e 70f577c3 fmadd.s          f15, f10, f15, f14  f15=xxxxxxxx f10:3fec2151 f15:37c23ab1 f14:bab59551
14432894ns          260366 1c008852 1c000737 lui              x14, 0x1c000000     x14=1c000000
14432914ns          260367 1c008856 13872703 lw               x14, 312(x14)       x14=3d2aa76f x14:1c000000  PA:1c000138
14433232ns          260383 1c00885a 70f577c3 fmadd.s          f15, f10, f15, f14  f15=xxxxxxxx f10:3fec2151 f15:baaffc16 f14:3d2aa76f
14433252ns          260384 1c00885e 1c000737 lui              x14, 0x1c000000     x14=1c000000
14433272ns          260385 1c008862 13c72703 lw               x14, 316(x14)       x14=beffffe0 x14:1c000000  PA:1c00013c
14433590ns          260401 1c008866 70f577c3 fmadd.s          f15, f10, f15, f14  f15=xxxxxxxx f10:3fec2151 f15:3d20823a f14:beffffe0
14433610ns          260402 1c00886a 1c000737 lui              x14, 0x1c000000     x14=1c000000
14433630ns          260403 1c00886e 16872703 lw               x14, 360(x14)       x14=3f7fffff x14:1c000000  PA:1c000168
14433948ns          260419 1c008872 70f57543 fmadd.s          f10, f10, f15, f14  f10=xxxxxxxx f10:3fec2151 f15:bedafca4 f14:3f7fffff
14433968ns          260420 1c008876 20a51553 fsgnjn.s         f10, f10, f10       f10=xxxxxxxx f10:3e580a60 f10:3e580a60
14433988ns          260421 1c00887a 00008067 jalr             x0, x1, 0            x1:1c0081de
14434047ns          260424 1c0081de 016a7a53 fadd.s           f20, f20, f22       f20=xxxxxxxx f20:4056aaad f22:3e533fc3
14434067ns          260425 1c0081e2 10acf553 fmul.s           f10, f25, f10       f10=xxxxxxxx f25:3f800000 f10:be580a60
14434087ns          260426 1c0081e6 a14a97d3 flt.s            x15, f21, f20       x15=00000000 f21:40c90fdb f20:4063dea9
14434107ns          260427 1c0081ea 00a4222b p.sw             x10, 4(x8!)          x8=10000fc4 x10:be580a60  x8:10000fc0  PA:10000fc0
14434127ns          260428 1c0081ee 00078363 beq              x15, x0, 6          x15:00000000
14434187ns          260431 1c0081f4 ff7412e3 bne              x8, x23, -28         x8:10000fc4 x23:10000fc8
14434246ns          260434 1c0081d8 094c7553 fsub.s           f10, f24, f20       f10=xxxxxxxx f24:3fc90fdb f20:4063dea9
14434266ns          260435 1c0081dc 57c000ef jal              x1, 1404             x1=1c0081de
14434306ns          260437 1c008758 a0a527d3 feq.s            x15, f10, f10       x15=00000001 f10:bffead77 f10:bffead77
14434326ns          260438 1c00875c 0a078b63 beq              x15, x0, 182        x15:00000001
14434346ns          260439 1c00875e e00517d3 fclass.s         x15, f10            x15=00000002 f10:bffead77
14434366ns          260440 1c008762 0817f793 andi             x15, x15, 129       x15=00000000 x15:00000002
14434386ns          260441 1c008766 0a079663 bne              x15, x0, 172        x15:00000000
14434405ns          260442 1c008768 00000793 addi             x15, x0, 0          x15=00000000
14434425ns          260443 1c00876c a0f517d3 flt.s            x15, f10, f15       x15=00000001 f10:bffead77 f15:00000000
14434445ns          260444 1c008770 0a079663 bne              x15, x0, 172        x15:00000001
14434505ns          260447 1c00881c 1c0007b7 lui              x15, 0x1c000000     x15=1c000000
14434525ns          260448 1c008820 12c7a783 lw               x15, 300(x15)       x15=c0c90fdb x15:1c000000  PA:1c00012c
14434843ns          260464 1c008824 a0f517d3 flt.s            x15, f10, f15       x15=00000000 f10:bffead77 f15:c0c90fdb
14434863ns          260465 1c008828 00078463 beq              x15, x0, 8          x15:00000000
14434923ns          260468 1c008830 20a51553 fsgnjn.s         f10, f10, f10       f10=xxxxxxxx f10:bffead77 f10:bffead77
14434942ns          260469 1c008834 f6bff06f jal              x0, -150           
14435002ns          260472 1c00879e 1c0007b7 lui              x15, 0x1c000000     x15=1c000000
14435022ns          260473 1c0087a2 01c7a783 lw               x15, 28(x15)        x15=3fc90fdb x15:1c000000  PA:1c00001c
14435340ns          260489 1c0087a6 a0f517d3 flt.s            x15, f10, f15       x15=00000000 f10:3ffead77 f15:3fc90fdb
14435360ns          260490 1c0087aa 02079563 bne              x15, x0, 42         x15:00000000
14435380ns          260491 1c0087ac 1c0007b7 lui              x15, 0x1c000000     x15=1c000000
14435400ns          260492 1c0087b0 1007a783 lw               x15, 256(x15)       x15=40490fdb x15:1c000000  PA:1c000100
14435738ns          260509 1c0087b4 a0f51753 flt.s            x14, f10, f15       x14=00000001 f10:3ffead77 f15:40490fdb
14435758ns          260510 1c0087b8 06071f63 bne              x14, x0, 126        x14:00000001
14435838ns          260514 1c008836 08a7f553 fsub.s           f10, f15, f10       f10=xxxxxxxx f15:40490fdb f10:3ffead77
14435857ns          260515 1c00883a 10a57553 fmul.s           f10, f10, f10       f10=xxxxxxxx f10:3f93723f f10:3f93723f
14435877ns          260516 1c00883e 1c0007b7 lui              x15, 0x1c000000     x15=1c000000
14435897ns          260517 1c008842 1c000737 lui              x14, 0x1c000000     x14=1c000000
14435917ns          260518 1c008846 13472703 lw               x14, 308(x14)       x14=bab59551 x14:1c000000  PA:1c000134
14436235ns          260534 1c00884a 1307a783 lw               x15, 304(x15)       x15=37c23ab1 x15:1c000000  PA:1c000130
14436554ns          260550 1c00884e 70f577c3 fmadd.s          f15, f10, f15, f14  f15=xxxxxxxx f10:3fa9d8cf f15:37c23ab1 f14:bab59551
14436573ns          260551 1c008852 1c000737 lui              x14, 0x1c000000     x14=1c000000
14436593ns          260552 1c008856 13872703 lw               x14, 312(x14)       x14=3d2aa76f x14:1c000000  PA:1c000138
14436951ns          260570 1c00885a 70f577c3 fmadd.s          f15, f10, f15, f14  f15=xxxxxxxx f10:3fa9d8cf f15:bab18e67 f14:3d2aa76f
14436971ns          260571 1c00885e 1c000737 lui              x14, 0x1c000000     x14=1c000000
14436991ns          260572 1c008862 13c72703 lw               x14, 316(x14)       x14=beffffe0 x14:1c000000  PA:1c00013c
14437309ns          260588 1c008866 70f577c3 fmadd.s          f15, f10, f15, f14  f15=xxxxxxxx f10:3fa9d8cf f15:3d234a99 f14:beffffe0
14437329ns          260589 1c00886a 1c000737 lui              x14, 0x1c000000     x14=1c000000
14437349ns          260590 1c00886e 16872703 lw               x14, 360(x14)       x14=3f7fffff x14:1c000000  PA:1c000168
14437667ns          260606 1c008872 70f57543 fmadd.s          f10, f10, f15, f14  f10=xxxxxxxx f10:3fa9d8cf f15:bee4ea3e f14:3f7fffff
14437687ns          260607 1c008876 20a51553 fsgnjn.s         f10, f10, f10       f10=xxxxxxxx f10:3ed03efb f10:3ed03efb
14437707ns          260608 1c00887a 00008067 jalr             x0, x1, 0            x1:1c0081de
14437767ns          260611 1c0081de 016a7a53 fadd.s           f20, f20, f22       f20=xxxxxxxx f20:4063dea9 f22:3e533fc3
14437787ns          260612 1c0081e2 10acf553 fmul.s           f10, f25, f10       f10=xxxxxxxx f25:3f800000 f10:bed03efb
14437807ns          260613 1c0081e6 a14a97d3 flt.s            x15, f21, f20       x15=00000000 f21:40c90fdb f20:407112a5
14437827ns          260614 1c0081ea 00a4222b p.sw             x10, 4(x8!)          x8=10000fc8 x10:bed03efb  x8:10000fc4  PA:10000fc4
14437846ns          260615 1c0081ee 00078363 beq              x15, x0, 6          x15:00000000
14437906ns          260618 1c0081f4 ff7412e3 bne              x8, x23, -28         x8:10000fc8 x23:10000fc8
14437926ns          260619 1c0081f8 014020ef jal              x1, 8212             x1=1c0081fc
14438403ns          260643 1c00a20c f14027f3 csrrs            x15, x0, 0xf14      x15=00000001
14438483ns          260647 1c00a210 01f00713 addi             x14, x0, 31         x14=0000001f
14438523ns          260649 1c00a212 ca5797b3 p.extractu       x15, x15, 5, 5      x15=00000000 x15:00000001
14438543ns          260650 1c00a216 00e78863 beq              x15, x14, 16        x15:00000000 x14:0000001f
14438563ns          260651 1c00a21a 002047b7 lui              x15, 0x204000       x15=00204000
14438622ns          260654 1c00a21e 20078793 addi             x15, x15, 512       x15=00204200 x15:00204000
14438662ns          260656 1c00a222 01c7e703 p.elw            x14, 28(x15)        x14=00010000 x15:00204200  PA:0020421c
14444351ns          260942 1c00a226 00008067 jalr             x0, x1, 0            x1:1c0081fc
14444391ns          260944 1c0081fc f14027f3 csrrs            x15, x0, 0xf14      x15=00000001
14444410ns          260945 1c008200 f457b7b3 p.bclr           x15, x15, 26, 5     x15=00000001 x15:00000001
14444430ns          260946 1c008204 26078563 beq              x15, x0, 618        x15:00000001
14444450ns          260947 1c008208 004020ef jal              x1, 8196             x1=1c00820c
14444490ns          260949 1c00a20c f14027f3 csrrs            x15, x0, 0xf14      x15=00000001
14444510ns          260950 1c00a210 01f00713 addi             x14, x0, 31         x14=0000001f
14444530ns          260951 1c00a212 ca5797b3 p.extractu       x15, x15, 5, 5      x15=00000000 x15:00000001
14444550ns          260952 1c00a216 00e78863 beq              x15, x14, 16        x15:00000000 x14:0000001f
14444570ns          260953 1c00a21a 002047b7 lui              x15, 0x204000       x15=00204000
14444589ns          260954 1c00a21e 20078793 addi             x15, x15, 512       x15=00204200 x15:00204000
14444609ns          260955 1c00a222 01c7e703 p.elw            x14, 28(x15)        x14=00010000 x15:00204200  PA:0020421c
15093156ns          293299 1c00a226 00008067 jalr             x0, x1, 0            x1:1c00820c
15093196ns          293301 1c00820c 00410613 addi             x12, x2, 4          x12=10000cac  x2:10000ca8
15093738ns          293328 1c00820e 40c407b3 sub              x15, x8, x12        x15=0000031c  x8:10000fc8 x12:10000cac
15093758ns          293329 1c008212 00012683 lw               x13, 0(x2)          x13=3e51c0fa  x2:10000ca8  PA:10000ca8
15093778ns          293330 1c008214 ffc78793 addi             x15, x15, -4        x15=00000318 x15:0000031c
15093798ns          293331 1c008216 0027d793 srli             x15, x15, 0x2       x15=000000c6 x15:00000318
15093818ns          293332 1c008218 00c00733 add              x14, x0, x12        x14=10000cac x12:10000cac
15093838ns          293333 1c00821a 00d00a33 add              x20, x0, x13        x20=3e51c0fa x13:3e51c0fa
15093858ns          293334 1c00821c 00178793 addi             x15, x15, 1         x15=000000c7 x15:000000c6
15094260ns          293354 1c00821e 0047c0fb lp.setup         0x1, x15, 0x4       x15:000000c7
15094300ns          293356 1c008222 0047258b p.lw             x11, 4(x14!)        x11=3ecd4e63 x14=10000cb0 x14:10000cac  PA:10000cac
15094340ns          293358 1c008226 00ba7a53 fadd.s           f20, f20, f11       f20=xxxxxxxx f20:3e51c0fa f11:3ecd4e63
15094360ns          293359 1c008222 0047258b p.lw             x11, 4(x14!)        x11=3f1483af x14=10000cb4 x14:10000cb0  PA:10000cb0
15094400ns          293361 1c008226 00ba7a53 fadd.s           f20, f20, f11       f20=xxxxxxxx f20:3f1b1770 f11:3f1483af
15094420ns          293362 1c008222 0047258b p.lw             x11, 4(x14!)        x11=3f3c13d8 x14=10000cb8 x14:10000cb4  PA:10000cb4
15094460ns          293364 1c008226 00ba7a53 fadd.s           f20, f20, f11       f20=xxxxxxxx f20:3f97cd90 f11:3f3c13d8
15094480ns          293365 1c008222 0047258b p.lw             x11, 4(x14!)        x11=3f5baa25 x14=10000cbc x14:10000cb8  PA:10000cb8
15094520ns          293367 1c008226 00ba7a53 fadd.s           f20, f20, f11       f20=xxxxxxxx f20:3ff5d77c f11:3f5baa25
15094540ns          293368 1c008222 0047258b p.lw             x11, 4(x14!)        x11=3f71efa7 x14=10000cc0 x14:10000cbc  PA:10000cbc
15094581ns          293370 1c008226 00ba7a53 fadd.s           f20, f20, f11       f20=xxxxxxxx f20:4031d647 f11:3f71efa7
15094601ns          293371 1c008222 0047258b p.lw             x11, 4(x14!)        x11=3f7df297 x14=10000cc4 x14:10000cc0  PA:10000cc0
15094641ns          293373 1c008226 00ba7a53 fadd.s           f20, f20, f11       f20=xxxxxxxx f20:406e5231 f11:3f7df297
15094661ns          293374 1c008222 0047258b p.lw             x11, 4(x14!)        x11=3f7f308d x14=10000cc8 x14:10000cc4  PA:10000cc4
15094701ns          293376 1c008226 00ba7a53 fadd.s           f20, f20, f11       f20=xxxxxxxx f20:4096e76b f11:3f7f308d
15094721ns          293377 1c008222 0047258b p.lw             x11, 4(x14!)        x11=3f759c0f x14=10000ccc x14:10000cc8  PA:10000cc8
15094761ns          293379 1c008226 00ba7a53 fadd.s           f20, f20, f11       f20=xxxxxxxx f20:40b6cd7d f11:3f759c0f
15094781ns          293380 1c008222 0047258b p.lw             x11, 4(x14!)        x11=3f619d1d x14=10000cd0 x14:10000ccc  PA:10000ccc
15094821ns          293382 1c008226 00ba7a53 fadd.s           f20, f20, f11       f20=xxxxxxxx f20:40d580ff f11:3f619d1d
15094841ns          293383 1c008222 0047258b p.lw             x11, 4(x14!)        x11=3f440ccb x14=10000cd4 x14:10000cd0  PA:10000cd0
15094882ns          293385 1c008226 00ba7a53 fadd.s           f20, f20, f11       f20=xxxxxxxx f20:40f1b4a3 f11:3f440ccb
15094902ns          293386 1c008222 0047258b p.lw             x11, 4(x14!)        x11=3f1e2c10 x14=10000cd8 x14:10000cd4  PA:10000cd4
15094942ns          293388 1c008226 00ba7a53 fadd.s           f20, f20, f11       f20=xxxxxxxx f20:41051b1e f11:3f1e2c10
15094962ns          293389 1c008222 0047258b p.lw             x11, 4(x14!)        x11=3ee32c4b x14=10000cdc x14:10000cd8  PA:10000cd8
15095002ns          293391 1c008226 00ba7a53 fadd.s           f20, f20, f11       f20=xxxxxxxx f20:410efddf f11:3ee32c4b
15095022ns          293392 1c008222 0047258b p.lw             x11, 4(x14!)        x11=3e805e28 x14=10000ce0 x14:10000cdc  PA:10000cdc
15095062ns          293394 1c008226 00ba7a53 fadd.s           f20, f20, f11       f20=xxxxxxxx f20:41161741 f11:3e805e28
15095082ns          293395 1c008222 0047258b p.lw             x11, 4(x14!)        x11=3d40f315 x14=10000ce4 x14:10000ce0  PA:10000ce0
15095122ns          293397 1c008226 00ba7a53 fadd.s           f20, f20, f11       f20=xxxxxxxx f20:411a1a32 f11:3d40f315
15095142ns          293398 1c008222 0047258b p.lw             x11, 4(x14!)        x11=be224e64 x14=10000ce8 x14:10000ce4  PA:10000ce4
15095183ns          293400 1c008226 00ba7a53 fadd.s           f20, f20, f11       f20=xxxxxxxx f20:411adb25 f11:be224e64
15095203ns          293401 1c008222 0047258b p.lw             x11, 4(x14!)        x11=beb6fbc3 x14=10000cec x14:10000ce8  PA:10000ce8
15095243ns          293403 1c008226 00ba7a53 fadd.s           f20, f20, f11       f20=xxxxxxxx f20:411851eb f11:beb6fbc3
15095263ns          293404 1c008222 0047258b p.lw             x11, 4(x14!)        x11=bf0a86e3 x14=10000cf0 x14:10000cec  PA:10000cec
15095303ns          293406 1c008226 00ba7a53 fadd.s           f20, f20, f11       f20=xxxxxxxx f20:41129a0d f11:bf0a86e3
15095323ns          293407 1c008222 0047258b p.lw             x11, 4(x14!)        x11=bf33affb x14=10000cf4 x14:10000cf0  PA:10000cf0
15095363ns          293409 1c008226 00ba7a53 fadd.s           f20, f20, f11       f20=xxxxxxxx f20:4109f19f f11:bf33affb
15095383ns          293410 1c008222 0047258b p.lw             x11, 4(x14!)        x11=bf553a4e x14=10000cf8 x14:10000cf4  PA:10000cf4
15095423ns          293412 1c008226 00ba7a53 fadd.s           f20, f20, f11       f20=xxxxxxxx f20:40fd6d3f f11:bf553a4e
15095443ns          293413 1c008222 0047258b p.lw             x11, 4(x14!)        x11=bf6db9b9 x14=10000cfc x14:10000cf8  PA:10000cf8
15095484ns          293415 1c008226 00ba7a53 fadd.s           f20, f20, f11       f20=xxxxxxxx f20:40e2c5f5 f11:bf6db9b9
15095504ns          293416 1c008222 0047258b p.lw             x11, 4(x14!)        x11=bf7c2448 x14=10000d00 x14:10000cfc  PA:10000cfc
15095544ns          293418 1c008226 00ba7a53 fadd.s           f20, f20, f11       f20=xxxxxxxx f20:40c50ebe f11:bf7c2448
15095564ns          293419 1c008222 0047258b p.lw             x11, 4(x14!)        x11=bf7fdd78 x14=10000d04 x14:10000d00  PA:10000d00
15095604ns          293421 1c008226 00ba7a53 fadd.s           f20, f20, f11       f20=xxxxxxxx f20:40a58a35 f11:bf7fdd78
15095624ns          293422 1c008222 0047258b p.lw             x11, 4(x14!)        x11=bf78bcde x14=10000d08 x14:10000d04  PA:10000d04
15095664ns          293424 1c008226 00ba7a53 fadd.s           f20, f20, f11       f20=xxxxxxxx f20:40858e86 f11:bf78bcde
15095684ns          293425 1c008222 0047258b p.lw             x11, 4(x14!)        x11=bf670fdb x14=10000d0c x14:10000d08  PA:10000d08
15095724ns          293427 1c008226 00ba7a53 fadd.s           f20, f20, f11       f20=xxxxxxxx f20:404cedd4 f11:bf670fdb
15095744ns          293428 1c008222 0047258b p.lw             x11, 4(x14!)        x11=bf4b9652 x14=10000d10 x14:10000d0c  PA:10000d0c
15095784ns          293430 1c008226 00ba7a53 fadd.s           f20, f20, f11       f20=xxxxxxxx f20:401329dd f11:bf4b9652
15095805ns          293431 1c008222 0047258b p.lw             x11, 4(x14!)        x11=bf277a8b x14=10000d14 x14:10000d10  PA:10000d10
15095845ns          293433 1c008226 00ba7a53 fadd.s           f20, f20, f11       f20=xxxxxxxx f20:3fc08891 f11:bf277a8b
15095865ns          293434 1c008222 0047258b p.lw             x11, 4(x14!)        x11=bef88917 x14=10000d18 x14:10000d14  PA:10000d14
15095905ns          293436 1c008226 00ba7a53 fadd.s           f20, f20, f11       f20=xxxxxxxx f20:3f599697 f11:bef88917
15095925ns          293437 1c008222 0047258b p.lw             x11, 4(x14!)        x11=be9792e2 x14=10000d1c x14:10000d18  PA:10000d18
15095965ns          293439 1c008226 00ba7a53 fadd.s           f20, f20, f11       f20=xxxxxxxx f20:3ebaa417 f11:be9792e2
15095985ns          293440 1c008222 0047258b p.lw             x11, 4(x14!)        x11=bdc0bc66 x14=10000d20 x14:10000d1c  PA:10000d1c
15096025ns          293442 1c008226 00ba7a53 fadd.s           f20, f20, f11       f20=xxxxxxxx f20:3d8c44d4 f11:bdc0bc66
15096045ns          293443 1c008222 0047258b p.lw             x11, 4(x14!)        x11=3de4ff1b x14=10000d24 x14:10000d20  PA:10000d20
15096085ns          293445 1c008226 00ba7a53 fadd.s           f20, f20, f11       f20=xxxxxxxx f20:bcd1de48 f11:3de4ff1b
15096106ns          293446 1c008222 0047258b p.lw             x11, 4(x14!)        x11=3ea04129 x14=10000d28 x14:10000d24  PA:10000d24
15096146ns          293448 1c008226 00ba7a53 fadd.s           f20, f20, f11       f20=xxxxxxxx f20:3db08789 f11:3ea04129
15096166ns          293449 1c008222 0047258b p.lw             x11, 4(x14!)        x11=3f003b5b x14=10000d2c x14:10000d28  PA:10000d28
15096206ns          293451 1c008226 00ba7a53 fadd.s           f20, f20, f11       f20=xxxxxxxx f20:3ecc630b f11:3f003b5b
15096226ns          293452 1c008222 0047258b p.lw             x11, 4(x14!)        x11=3f2ae5fe x14=10000d30 x14:10000d2c  PA:10000d2c
15096266ns          293454 1c008226 00ba7a53 fadd.s           f20, f20, f11       f20=xxxxxxxx f20:3f666ce0 f11:3f2ae5fe
15096286ns          293455 1c008222 0047258b p.lw             x11, 4(x14!)        x11=3f4e5147 x14=10000d34 x14:10000d30  PA:10000d30
15096326ns          293457 1c008226 00ba7a53 fadd.s           f20, f20, f11       f20=xxxxxxxx f20:3fc8a96f f11:3f4e5147
15096346ns          293458 1c008222 0047258b p.lw             x11, 4(x14!)        x11=3f68fcae x14=10000d38 x14:10000d34  PA:10000d34
15096386ns          293460 1c008226 00ba7a53 fadd.s           f20, f20, f11       f20=xxxxxxxx f20:4017e909 f11:3f68fcae
15096407ns          293461 1c008222 0047258b p.lw             x11, 4(x14!)        x11=3f79c6a8 x14=10000d3c x14:10000d38  PA:10000d38
15096447ns          293463 1c008226 00ba7a53 fadd.s           f20, f20, f11       f20=xxxxxxxx f20:40522834 f11:3f79c6a8
15096467ns          293464 1c008222 0047258b p.lw             x11, 4(x14!)        x11=3f7ff8f4 x14=10000d40 x14:10000d3c  PA:10000d3c
15096507ns          293466 1c008226 00ba7a53 fadd.s           f20, f20, f11       f20=xxxxxxxx f20:40884cef f11:3f7ff8f4
15096527ns          293467 1c008222 0047258b p.lw             x11, 4(x14!)        x11=3f7b504b x14=10000d44 x14:10000d40  PA:10000d40
15096567ns          293469 1c008226 00ba7a53 fadd.s           f20, f20, f11       f20=xxxxxxxx f20:40a84c0e f11:3f7b504b
15096587ns          293470 1c008222 0047258b p.lw             x11, 4(x14!)        x11=3f6bff42 x14=10000d48 x14:10000d44  PA:10000d44
15096627ns          293472 1c008226 00ba7a53 fadd.s           f20, f20, f11       f20=xxxxxxxx f20:40c7b617 f11:3f6bff42
15096647ns          293473 1c008222 0047258b p.lw             x11, 4(x14!)        x11=3f52ac1f x14=10000d4c x14:10000d48  PA:10000d48
15096687ns          293475 1c008226 00ba7a53 fadd.s           f20, f20, f11       f20=xxxxxxxx f20:40e535ff f11:3f52ac1f
15096708ns          293476 1c008222 0047258b p.lw             x11, 4(x14!)        x11=3f3069d3 x14=10000d50 x14:10000d4c  PA:10000d4c
15096748ns          293478 1c008226 00ba7a53 fadd.s           f20, f20, f11       f20=xxxxxxxx f20:40ff8b83 f11:3f3069d3
15096768ns          293479 1c008222 0047258b p.lw             x11, 4(x14!)        x11=3f06ac4e x14=10000d54 x14:10000d50  PA:10000d50
15096808ns          293481 1c008226 00ba7a53 fadd.s           f20, f20, f11       f20=xxxxxxxx f20:410acc5f f11:3f06ac4e
15096828ns          293482 1c008222 0047258b p.lw             x11, 4(x14!)        x11=3eae716d x14=10000d58 x14:10000d54  PA:10000d54
15096868ns          293484 1c008226 00ba7a53 fadd.s           f20, f20, f11       f20=xxxxxxxx f20:41133724 f11:3eae716d
15096888ns          293485 1c008222 0047258b p.lw             x11, 4(x14!)        x11=3e1048c5 x14=10000d5c x14:10000d58  PA:10000d58
15096928ns          293487 1c008226 00ba7a53 fadd.s           f20, f20, f11       f20=xxxxxxxx f20:4118aaaf f11:3e1048c5
15096948ns          293488 1c008222 0047258b p.lw             x11, 4(x14!)        x11=bd84df4b x14=10000d60 x14:10000d5c  PA:10000d5c
15096988ns          293490 1c008226 00ba7a53 fadd.s           f20, f20, f11       f20=xxxxxxxx f20:411aebd2 f11:bd84df4b
15097008ns          293491 1c008222 0047258b p.lw             x11, 4(x14!)        x11=be892b6f x14=10000d64 x14:10000d60  PA:10000d60
15097049ns          293493 1c008226 00ba7a53 fadd.s           f20, f20, f11       f20=xxxxxxxx f20:4119e213 f11:be892b6f
15097069ns          293494 1c008222 0047258b p.lw             x11, 4(x14!)        x11=beeb4ddf x14=10000d68 x14:10000d64  PA:10000d64
15097109ns          293496 1c008226 00ba7a53 fadd.s           f20, f20, f11       f20=xxxxxxxx f20:411598b8 f11:beeb4ddf
15097129ns          293497 1c008222 0047258b p.lw             x11, 4(x14!)        x11=bf21badc x14=10000d6c x14:10000d68  PA:10000d68
15097169ns          293499 1c008226 00ba7a53 fadd.s           f20, f20, f11       f20=xxxxxxxx f20:410e3e49 f11:bf21badc
15097189ns          293500 1c008222 0047258b p.lw             x11, 4(x14!)        x11=bf46f2f8 x14=10000d70 x14:10000d6c  PA:10000d6c
15097229ns          293502 1c008226 00ba7a53 fadd.s           f20, f20, f11       f20=xxxxxxxx f20:4104229b f11:bf46f2f8
15097249ns          293503 1c008222 0047258b p.lw             x11, 4(x14!)        x11=bf63bb32 x14=10000d74 x14:10000d70  PA:10000d70
15097289ns          293505 1c008226 00ba7a53 fadd.s           f20, f20, f11       f20=xxxxxxxx f20:40ef66d7 f11:bf63bb32
15097309ns          293506 1c008222 0047258b p.lw             x11, 4(x14!)        x11=bf76db10 x14=10000d78 x14:10000d74  PA:10000d74
15097350ns          293508 1c008226 00ba7a53 fadd.s           f20, f20, f11       f20=xxxxxxxx f20:40d2ef71 f11:bf76db10
15097370ns          293509 1c008222 0047258b p.lw             x11, 4(x14!)        x11=bf7f82f1 x14=10000d7c x14:10000d78  PA:10000d78
15097410ns          293511 1c008226 00ba7a53 fadd.s           f20, f20, f11       f20=xxxxxxxx f20:40b4140f f11:bf7f82f1
15097430ns          293512 1c008222 0047258b p.lw             x11, 4(x14!)        x11=bf7d54e0 x14=10000d80 x14:10000d7c  PA:10000d7c
15097470ns          293514 1c008226 00ba7a53 fadd.s           f20, f20, f11       f20=xxxxxxxx f20:409423b1 f11:bf7d54e0
15097490ns          293515 1c008222 0047258b p.lw             x11, 4(x14!)        x11=bf706886 x14=10000d84 x14:10000d80  PA:10000d80
15097530ns          293517 1c008226 00ba7a53 fadd.s           f20, f20, f11       f20=xxxxxxxx f20:4068f22a f11:bf706886
15097550ns          293518 1c008222 0047258b p.lw             x11, 4(x14!)        x11=bf594a2f x14=10000d88 x14:10000d84  PA:10000d84
15097590ns          293520 1c008226 00ba7a53 fadd.s           f20, f20, f11       f20=xxxxxxxx f20:402cd808 f11:bf594a2f
15097610ns          293521 1c008222 0047258b p.lw             x11, 4(x14!)        x11=bf38f4d7 x14=10000d8c x14:10000d88  PA:10000d88
15097651ns          293523 1c008226 00ba7a53 fadd.s           f20, f20, f11       f20=xxxxxxxx f20:3fed0af8 f11:bf38f4d7
15097671ns          293524 1c008222 0047258b p.lw             x11, 4(x14!)        x11=bf10c786 x14=10000d90 x14:10000d8c  PA:10000d8c
15097711ns          293526 1c008226 00ba7a53 fadd.s           f20, f20, f11       f20=xxxxxxxx f20:3f90908c f11:bf10c786
15097731ns          293527 1c008222 0047258b p.lw             x11, 4(x14!)        x11=bec4ecd7 x14=10000d94 x14:10000d90  PA:10000d90
15097771ns          293529 1c008226 00ba7a53 fadd.s           f20, f20, f11       f20=xxxxxxxx f20:3f105992 f11:bec4ecd7
15097791ns          293530 1c008222 0047258b p.lw             x11, 4(x14!)        x11=be3fe16e x14=10000d98 x14:10000d94  PA:10000d94
15097831ns          293532 1c008226 00ba7a53 fadd.s           f20, f20, f11       f20=xxxxxxxx f20:3e378c9a f11:be3fe16e
15097851ns          293533 1c008222 0047258b p.lw             x11, 4(x14!)        x11=3c91cfdf x14=10000d9c x14:10000d98  PA:10000d98
15097891ns          293535 1c008226 00ba7a53 fadd.s           f20, f20, f11       f20=xxxxxxxx f20:bc054d40 f11:3c91cfdf
15097911ns          293536 1c008222 0047258b p.lw             x11, 4(x14!)        x11=3e638f86 x14=10000da0 x14:10000d9c  PA:10000d9c
15097952ns          293538 1c008226 00ba7a53 fadd.s           f20, f20, f11       f20=xxxxxxxx f20:3c1e527e f11:3e638f86
15097972ns          293539 1c008222 0047258b p.lw             x11, 4(x14!)        x11=3ed59f48 x14=10000da4 x14:10000da0  PA:10000da0
15098012ns          293541 1c008226 00ba7a53 fadd.s           f20, f20, f11       f20=xxxxxxxx f20:3e6d74ae f11:3ed59f48
15098032ns          293542 1c008222 0047258b p.lw             x11, 4(x14!)        x11=3f1833cd x14=10000da8 x14:10000da4  PA:10000da4
15098072ns          293544 1c008226 00ba7a53 fadd.s           f20, f20, f11       f20=xxxxxxxx f20:3f262cd0 f11:3f1833cd
15098092ns          293545 1c008222 0047258b p.lw             x11, 4(x14!)        x11=3f3f2397 x14=10000dac x14:10000da8  PA:10000da8
15098132ns          293547 1c008226 00ba7a53 fadd.s           f20, f20, f11       f20=xxxxxxxx f20:3f9f304e f11:3f3f2397
15098152ns          293548 1c008222 0047258b p.lw             x11, 4(x14!)        x11=3f5df848 x14=10000db0 x14:10000dac  PA:10000dac
15098192ns          293550 1c008226 00ba7a53 fadd.s           f20, f20, f11       f20=xxxxxxxx f20:3ffec21a f11:3f5df848
15098212ns          293551 1c008222 0047258b p.lw             x11, 4(x14!)        x11=3f736328 x14=10000db4 x14:10000db0  PA:10000db0
15098253ns          293553 1c008226 00ba7a53 fadd.s           f20, f20, f11       f20=xxxxxxxx f20:4036df1f f11:3f736328
15098273ns          293554 1c008222 0047258b p.lw             x11, 4(x14!)        x11=3f7e7bb4 x14=10000db8 x14:10000db4  PA:10000db4
15098313ns          293556 1c008226 00ba7a53 fadd.s           f20, f20, f11       f20=xxxxxxxx f20:4073b7e9 f11:3f7e7bb4
15098333ns          293557 1c008222 0047258b p.lw             x11, 4(x14!)        x11=3f7ec976 x14=10000dbc x14:10000db8  PA:10000db8
15098373ns          293559 1c008226 00ba7a53 fadd.s           f20, f20, f11       f20=xxxxxxxx f20:4099ab6b f11:3f7ec976
15098393ns          293560 1c008222 0047258b p.lw             x11, 4(x14!)        x11=3f744923 x14=10000dc0 x14:10000dbc  PA:10000dbc
15098433ns          293562 1c008226 00ba7a53 fadd.s           f20, f20, f11       f20=xxxxxxxx f20:40b9849a f11:3f744923
15098453ns          293563 1c008222 0047258b p.lw             x11, 4(x14!)        x11=3f5f6cbb x14=10000dc4 x14:10000dc0  PA:10000dc0
15098493ns          293565 1c008226 00ba7a53 fadd.s           f20, f20, f11       f20=xxxxxxxx f20:40d80dbe f11:3f5f6cbb
15098513ns          293566 1c008222 0047258b p.lw             x11, 4(x14!)        x11=3f4116b8 x14=10000dc8 x14:10000dc4  PA:10000dc4
15098554ns          293568 1c008226 00ba7a53 fadd.s           f20, f20, f11       f20=xxxxxxxx f20:40f3fb55 f11:3f4116b8
15098574ns          293569 1c008222 0047258b p.lw             x11, 4(x14!)        x11=3f1a9070 x14=10000dcc x14:10000dc8  PA:10000dc8
15098614ns          293571 1c008226 00ba7a53 fadd.s           f20, f20, f11       f20=xxxxxxxx f20:41060f16 f11:3f1a9070
15098634ns          293572 1c008222 0047258b p.lw             x11, 4(x14!)        x11=3edaf84c x14=10000dd0 x14:10000dcc  PA:10000dcc
15098674ns          293574 1c008226 00ba7a53 fadd.s           f20, f20, f11       f20=xxxxxxxx f20:410fb81d f11:3edaf84c
15098694ns          293575 1c008222 0047258b p.lw             x11, 4(x14!)        x11=3e6f0cf0 x14=10000dd4 x14:10000dd0  PA:10000dd0
15098734ns          293577 1c008226 00ba7a53 fadd.s           f20, f20, f11       f20=xxxxxxxx f20:41168fdf f11:3e6f0cf0
15098754ns          293578 1c008222 0047258b p.lw             x11, 4(x14!)        x11=3cf02ff7 x14=10000dd8 x14:10000dd4  PA:10000dd4
15098794ns          293580 1c008226 00ba7a53 fadd.s           f20, f20, f11       f20=xxxxxxxx f20:411a4c13 f11:3cf02ff7
15098814ns          293581 1c008222 0047258b p.lw             x11, 4(x14!)        x11=be3446d4 x14=10000ddc x14:10000dd8  PA:10000dd8
15098854ns          293583 1c008226 00ba7a53 fadd.s           f20, f20, f11       f20=xxxxxxxx f20:411ac42b f11:be3446d4
15098875ns          293584 1c008222 0047258b p.lw             x11, 4(x14!)        x11=bebf7743 x14=10000de0 x14:10000ddc  PA:10000ddc
15098915ns          293586 1c008226 00ba7a53 fadd.s           f20, f20, f11       f20=xxxxxxxx f20:4117f310 f11:bebf7743
15098935ns          293587 1c008222 0047258b p.lw             x11, 4(x14!)        x11=bf0e563c x14=10000de4 x14:10000de0  PA:10000de0
15098975ns          293589 1c008226 00ba7a53 fadd.s           f20, f20, f11       f20=xxxxxxxx f20:4111f756 f11:bf0e563c
15098995ns          293590 1c008222 0047258b p.lw             x11, 4(x14!)        x11=bf36e78f x14=10000de8 x14:10000de4  PA:10000de4
15099035ns          293592 1c008226 00ba7a53 fadd.s           f20, f20, f11       f20=xxxxxxxx f20:410911f2 f11:bf36e78f
15099055ns          293593 1c008222 0047258b p.lw             x11, 4(x14!)        x11=bf57b731 x14=10000dec x14:10000de8  PA:10000de8
15099095ns          293595 1c008226 00ba7a53 fadd.s           f20, f20, f11       f20=xxxxxxxx f20:40fb46f2 f11:bf57b731
15099115ns          293596 1c008222 0047258b p.lw             x11, 4(x14!)        x11=bf6f60e8 x14=10000df0 x14:10000dec  PA:10000dec
15099155ns          293598 1c008226 00ba7a53 fadd.s           f20, f20, f11       f20=xxxxxxxx f20:40e0500c f11:bf6f60e8
15099176ns          293599 1c008222 0047258b p.lw             x11, 4(x14!)        x11=bf7ce3d0 x14=10000df4 x14:10000df0  PA:10000df0
15099216ns          293601 1c008226 00ba7a53 fadd.s           f20, f20, f11       f20=xxxxxxxx f20:40c263ef f11:bf7ce3d0
15099236ns          293602 1c008222 0047258b p.lw             x11, 4(x14!)        x11=bf7fad3b x14=10000df8 x14:10000df4  PA:10000df4
15099276ns          293604 1c008226 00ba7a53 fadd.s           f20, f20, f11       f20=xxxxxxxx f20:40a2c775 f11:bf7fad3b
15099296ns          293605 1c008222 0047258b p.lw             x11, 4(x14!)        x11=bf779ee8 x14=10000dfc x14:10000df8  PA:10000df8
15099336ns          293607 1c008226 00ba7a53 fadd.s           f20, f20, f11       f20=xxxxxxxx f20:4082d1ce f11:bf779ee8
15099356ns          293608 1c008222 0047258b p.lw             x11, 4(x14!)        x11=bf65104b x14=10000e00 x14:10000dfc  PA:10000dfc
15099396ns          293610 1c008226 00ba7a53 fadd.s           f20, f20, f11       f20=xxxxxxxx f20:4047bbe2 f11:bf65104b
15099416ns          293611 1c008222 0047258b p.lw             x11, 4(x14!)        x11=bf48cadb x14=10000e04 x14:10000e00  PA:10000e00
15099456ns          293613 1c008226 00ba7a53 fadd.s           f20, f20, f11       f20=xxxxxxxx f20:400e77cf f11:bf48cadb
15099477ns          293614 1c008222 0047258b p.lw             x11, 4(x14!)        x11=bf240184 x14=10000e08 x14:10000e04  PA:10000e04
15099517ns          293616 1c008226 00ba7a53 fadd.s           f20, f20, f11       f20=xxxxxxxx f20:3fb88a30 f11:bf240184
15099537ns          293617 1c008222 0047258b p.lw             x11, 4(x14!)        x11=bef08751 x14=10000e0c x14:10000e08  PA:10000e08
15099577ns          293619 1c008226 00ba7a53 fadd.s           f20, f20, f11       f20=xxxxxxxx f20:3f4d12dc f11:bef08751
15099597ns          293620 1c008222 0047258b p.lw             x11, 4(x14!)        x11=be8ed850 x14=10000e10 x14:10000e0c  PA:10000e0c
15099637ns          293622 1c008226 00ba7a53 fadd.s           f20, f20, f11       f20=xxxxxxxx f20:3ea99e67 f11:be8ed850
15099657ns          293623 1c008222 0047258b p.lw             x11, 4(x14!)        x11=bd9c69fb x14=10000e14 x14:10000e10  PA:10000e10
15099697ns          293625 1c008226 00ba7a53 fadd.s           f20, f20, f11       f20=xxxxxxxx f20:3d5630b8 f11:bd9c69fb
15099717ns          293626 1c008222 0047258b p.lw             x11, 4(x14!)        x11=3e0497a9 x14=10000e18 x14:10000e14  PA:10000e14
15099757ns          293628 1c008226 00ba7a53 fadd.s           f20, f20, f11       f20=xxxxxxxx f20:bcc5467c f11:3e0497a9
15099778ns          293629 1c008222 0047258b p.lw             x11, 4(x14!)        x11=3ea8e270 x14=10000e1c x14:10000e18  PA:10000e18
15099818ns          293631 1c008226 00ba7a53 fadd.s           f20, f20, f11       f20=xxxxxxxx f20:3dd7ddb3 f11:3ea8e270
15099838ns          293632 1c008222 0047258b p.lw             x11, 4(x14!)        x11=3f0427c3 x14=10000e20 x14:10000e1c  PA:10000e1c
15099878ns          293634 1c008226 00ba7a53 fadd.s           f20, f20, f11       f20=xxxxxxxx f20:3eded9dd f11:3f0427c3
15099898ns          293635 1c008222 0047258b p.lw             x11, 4(x14!)        x11=3f2e4393 x14=10000e24 x14:10000e20  PA:10000e20
15099938ns          293637 1c008226 00ba7a53 fadd.s           f20, f20, f11       f20=xxxxxxxx f20:3f7394b2 f11:3f2e4393
15099958ns          293638 1c008222 0047258b p.lw             x11, 4(x14!)        x11=3f50fb7f x14=10000e28 x14:10000e24  PA:10000e24
15099998ns          293640 1c008226 00ba7a53 fadd.s           f20, f20, f11       f20=xxxxxxxx f20:3fd0ec22 f11:3f50fb7f
15100018ns          293641 1c008222 0047258b p.lw             x11, 4(x14!)        x11=3f6ad69a x14=10000e2c x14:10000e28  PA:10000e28
15100058ns          293643 1c008226 00ba7a53 fadd.s           f20, f20, f11       f20=xxxxxxxx f20:401cb4f1 f11:3f6ad69a
15100078ns          293644 1c008222 0047258b p.lw             x11, 4(x14!)        x11=3f7abc2f x14=10000e30 x14:10000e2c  PA:10000e2c
15100119ns          293646 1c008226 00ba7a53 fadd.s           f20, f20, f11       f20=xxxxxxxx f20:40576a98 f11:3f7abc2f
15100139ns          293647 1c008222 0047258b p.lw             x11, 4(x14!)        x11=3f7fffac x14=10000e34 x14:10000e30  PA:10000e30
15100179ns          293649 1c008226 00ba7a53 fadd.s           f20, f20, f11       f20=xxxxxxxx f20:408b0cd2 f11:3f7fffac
15100199ns          293650 1c008222 0047258b p.lw             x11, 4(x14!)        x11=3f7a67ec x14=10000e38 x14:10000e34  PA:10000e34
15100239ns          293652 1c008226 00ba7a53 fadd.s           f20, f20, f11       f20=xxxxxxxx f20:40ab0cc8 f11:3f7a67ec
15100259ns          293653 1c008222 0047258b p.lw             x11, 4(x14!)        x11=3f6a31a6 x14=10000e3c x14:10000e38  PA:10000e38
15100299ns          293655 1c008226 00ba7a53 fadd.s           f20, f20, f11       f20=xxxxxxxx f20:40ca59c6 f11:3f6a31a6
15100319ns          293656 1c008222 0047258b p.lw             x11, 4(x14!)        x11=3f500cda x14=10000e40 x14:10000e3c  PA:10000e3c
15100359ns          293658 1c008226 00ba7a53 fadd.s           f20, f20, f11       f20=xxxxxxxx f20:40e79ffb f11:3f500cda
15100379ns          293659 1c008222 0047258b p.lw             x11, 4(x14!)        x11=3f2d155c x14=10000e44 x14:10000e40  PA:10000e40
15100420ns          293661 1c008226 00ba7a53 fadd.s           f20, f20, f11       f20=xxxxxxxx f20:4100d0cb f11:3f2d155c
15100440ns          293662 1c008222 0047258b p.lw             x11, 4(x14!)        x11=3f02c6cc x14=10000e48 x14:10000e44  PA:10000e44
15100480ns          293664 1c008226 00ba7a53 fadd.s           f20, f20, f11       f20=xxxxxxxx f20:410ba221 f11:3f02c6cc
15100500ns          293665 1c008222 0047258b p.lw             x11, 4(x14!)        x11=3ea5d8ef x14=10000e4c x14:10000e48  PA:10000e48
15100540ns          293667 1c008226 00ba7a53 fadd.s           f20, f20, f11       f20=xxxxxxxx f20:4113ce8e f11:3ea5d8ef
15100560ns          293668 1c008222 0047258b p.lw             x11, 4(x14!)        x11=3dfc6ef5 x14=10000e50 x14:10000e4c  PA:10000e4c
15100600ns          293670 1c008226 00ba7a53 fadd.s           f20, f20, f11       f20=xxxxxxxx f20:4118fd55 f11:3dfc6ef5
15100620ns          293671 1c008222 0047258b p.lw             x11, 4(x14!)        x11=bda93a43 x14=10000e54 x14:10000e50  PA:10000e50
15100660ns          293673 1c008226 00ba7a53 fadd.s           f20, f20, f11       f20=xxxxxxxx f20:411af633 f11:bda93a43
15100680ns          293674 1c008222 0047258b p.lw             x11, 4(x14!)        x11=be91ed97 x14=10000e58 x14:10000e54  PA:10000e54
15100721ns          293676 1c008226 00ba7a53 fadd.s           f20, f20, f11       f20=xxxxxxxx f20:4119a3be f11:be91ed97
15100741ns          293677 1c008222 0047258b p.lw             x11, 4(x14!)        x11=bef35c5a x14=10000e5c x14:10000e58  PA:10000e58
15100781ns          293679 1c008226 00ba7a53 fadd.s           f20, f20, f11       f20=xxxxxxxx f20:41151451 f11:bef35c5a
15100801ns          293680 1c008222 0047258b p.lw             x11, 4(x14!)        x11=bf253c88 x14=10000e60 x14:10000e5c  PA:10000e5c
15100841ns          293682 1c008226 00ba7a53 fadd.s           f20, f20, f11       f20=xxxxxxxx f20:410d796e f11:bf253c88
15100861ns          293683 1c008222 0047258b p.lw             x11, 4(x14!)        x11=bf49c902 x14=10000e64 x14:10000e60  PA:10000e60
15100901ns          293685 1c008226 00ba7a53 fadd.s           f20, f20, f11       f20=xxxxxxxx f20:410325a6 f11:bf49c902
15100921ns          293686 1c008222 0047258b p.lw             x11, 4(x14!)        x11=bf65c6ce x14=10000e68 x14:10000e64  PA:10000e64
15100961ns          293688 1c008226 00ba7a53 fadd.s           f20, f20, f11       f20=xxxxxxxx f20:40ed122c f11:bf65c6ce
15100981ns          293689 1c008222 0047258b p.lw             x11, 4(x14!)        x11=bf780609 x14=10000e6c x14:10000e68  PA:10000e68
15101022ns          293691 1c008226 00ba7a53 fadd.s           f20, f20, f11       f20=xxxxxxxx f20:40d05952 f11:bf780609
15101042ns          293692 1c008222 0047258b p.lw             x11, 4(x14!)        x11=bf7fc09c x14=10000e70 x14:10000e6c  PA:10000e6c
15101082ns          293694 1c008226 00ba7a53 fadd.s           f20, f20, f11       f20=xxxxxxxx f20:40b15891 f11:bf7fc09c
15101102ns          293695 1c008222 0047258b p.lw             x11, 4(x14!)        x11=bf7ca29d x14=10000e74 x14:10000e70  PA:10000e70
15101142ns          293697 1c008226 00ba7a53 fadd.s           f20, f20, f11       f20=xxxxxxxx f20:4091607e f11:bf7ca29d
15101162ns          293698 1c008222 0047258b p.lw             x11, 4(x14!)        x11=bf6ecde6 x14=10000e78 x14:10000e74  PA:10000e74
15101202ns          293700 1c008226 00ba7a53 fadd.s           f20, f20, f11       f20=xxxxxxxx f20:40639855 f11:bf6ecde6
15101222ns          293701 1c008222 0047258b p.lw             x11, 4(x14!)        x11=bf56d89a x14=10000e7c x14:10000e78  PA:10000e78
15101262ns          293703 1c008226 00ba7a53 fadd.s           f20, f20, f11       f20=xxxxxxxx f20:4027e4dc f11:bf56d89a
15101282ns          293704 1c008222 0047258b p.lw             x11, 4(x14!)        x11=bf35c6d6 x14=10000e80 x14:10000e7c  PA:10000e7c
15101323ns          293706 1c008226 00ba7a53 fadd.s           f20, f20, f11       f20=xxxxxxxx f20:3fe45d6b f11:bf35c6d6
15101343ns          293707 1c008222 0047258b p.lw             x11, 4(x14!)        x11=bf0cff9e x14=10000e84 x14:10000e80  PA:10000e80
15101383ns          293709 1c008226 00ba7a53 fadd.s           f20, f20, f11       f20=xxxxxxxx f20:3f897a00 f11:bf0cff9e
15101403ns          293710 1c008222 0047258b p.lw             x11, 4(x14!)        x11=bebc7b52 x14=10000e88 x14:10000e84  PA:10000e84
15101443ns          293712 1c008226 00ba7a53 fadd.s           f20, f20, f11       f20=xxxxxxxx f20:3f05f462 f11:bebc7b52
15101463ns          293713 1c008222 0047258b p.lw             x11, 4(x14!)        x11=be2df247 x14=10000e8c x14:10000e88  PA:10000e88
15101503ns          293715 1c008226 00ba7a53 fadd.s           f20, f20, f11       f20=xxxxxxxx f20:3e1edae4 f11:be2df247
15101523ns          293716 1c008222 0047258b p.lw             x11, 4(x14!)        x11=3d11ca13 x14=10000e90 x14:10000e8c  PA:10000e8c
15101563ns          293718 1c008226 00ba7a53 fadd.s           f20, f20, f11       f20=xxxxxxxx f20:bc717630 f11:3d11ca13
15101583ns          293719 1c008222 0047258b p.lw             x11, 4(x14!)        x11=3e754ba2 x14=10000e94 x14:10000e90  PA:10000e90
15101624ns          293721 1c008226 00ba7a53 fadd.s           f20, f20, f11       f20=xxxxxxxx f20:3caad90e f11:3e754ba2
15101644ns          293722 1c008222 0047258b p.lw             x11, 4(x14!)        x11=3edddeda x14=10000e98 x14:10000e94  PA:10000e94
15101684ns          293724 1c008226 00ba7a53 fadd.s           f20, f20, f11       f20=xxxxxxxx f20:3e855362 f11:3edddeda
15101704ns          293725 1c008222 0047258b p.lw             x11, 4(x14!)        x11=3f1bd792 x14=10000e9c x14:10000e98  PA:10000e98
15101744ns          293727 1c008226 00ba7a53 fadd.s           f20, f20, f11       f20=xxxxxxxx f20:3f31991e f11:3f1bd792
15101764ns          293728 1c008222 0047258b p.lw             x11, 4(x14!)        x11=3f4223d5 x14=10000ea0 x14:10000e9c  PA:10000e9c
15101804ns          293730 1c008226 00ba7a53 fadd.s           f20, f20, f11       f20=xxxxxxxx f20:3fa6b858 f11:3f4223d5
15101824ns          293731 1c008222 0047258b p.lw             x11, 4(x14!)        x11=3f60346a x14=10000ea4 x14:10000ea0  PA:10000ea0
15101864ns          293733 1c008226 00ba7a53 fadd.s           f20, f20, f11       f20=xxxxxxxx f20:4003e521 f11:3f60346a
15101884ns          293734 1c008222 0047258b p.lw             x11, 4(x14!)        x11=3f74c2eb x14=10000ea8 x14:10000ea4  PA:10000ea4
15101924ns          293736 1c008226 00ba7a53 fadd.s           f20, f20, f11       f20=xxxxxxxx f20:403bf23c f11:3f74c2eb
15101945ns          293737 1c008222 0047258b p.lw             x11, 4(x14!)        x11=3f7ef02d x14=10000eac x14:10000ea8  PA:10000ea8
15101985ns          293739 1c008226 00ba7a53 fadd.s           f20, f20, f11       f20=xxxxxxxx f20:407922f7 f11:3f7ef02d
15102005ns          293740 1c008222 0047258b p.lw             x11, 4(x14!)        x11=3f7e4db5 x14=10000eb0 x14:10000eac  PA:10000eac
15102045ns          293742 1c008226 00ba7a53 fadd.s           f20, f20, f11       f20=xxxxxxxx f20:409c6f81 f11:3f7e4db5
15102065ns          293743 1c008222 0047258b p.lw             x11, 4(x14!)        x11=3f72e267 x14=10000eb4 x14:10000eb0  PA:10000eb0
15102105ns          293745 1c008226 00ba7a53 fadd.s           f20, f20, f11       f20=xxxxxxxx f20:40bc3938 f11:3f72e267
15102125ns          293746 1c008222 0047258b p.lw             x11, 4(x14!)        x11=3f5d2a3b x14=10000eb8 x14:10000eb4  PA:10000eb4
15102165ns          293748 1c008226 00ba7a53 fadd.s           f20, f20, f11       f20=xxxxxxxx f20:40da9585 f11:3f5d2a3b
15102185ns          293749 1c008222 0047258b p.lw             x11, 4(x14!)        x11=3f3e10fb x14=10000ebc x14:10000eb8  PA:10000eb8
15102225ns          293751 1c008226 00ba7a53 fadd.s           f20, f20, f11       f20=xxxxxxxx f20:40f63acc f11:3f3e10fb
15102246ns          293752 1c008222 0047258b p.lw             x11, 4(x14!)        x11=3f16e849 x14=10000ec0 x14:10000ebc  PA:10000ebc
15102286ns          293754 1c008226 00ba7a53 fadd.s           f20, f20, f11       f20=xxxxxxxx f20:4106fe76 f11:3f16e849
15102306ns          293755 1c008222 0047258b p.lw             x11, 4(x14!)        x11=3ed2b28b x14=10000ec4 x14:10000ec0  PA:10000ec0
15102346ns          293757 1c008226 00ba7a53 fadd.s           f20, f20, f11       f20=xxxxxxxx f20:41106cfb f11:3ed2b28b
15102366ns          293758 1c008222 0047258b p.lw             x11, 4(x14!)        x11=3e5d4a27 x14=10000ec8 x14:10000ec4  PA:10000ec4
15102406ns          293760 1c008226 00ba7a53 fadd.s           f20, f20, f11       f20=xxxxxxxx f20:4117028f f11:3e5d4a27
15102426ns          293761 1c008222 0047258b p.lw             x11, 4(x14!)        x11=3c3cccd2 x14=10000ecc x14:10000ec8  PA:10000ec8
15102466ns          293763 1c008226 00ba7a53 fadd.s           f20, f20, f11       f20=xxxxxxxx f20:411a77b8 f11:3c3cccd2
15102486ns          293764 1c008222 0047258b p.lw             x11, 4(x14!)        x11=be4630a3 x14=10000ed0 x14:10000ecc  PA:10000ecc
15102526ns          293766 1c008226 00ba7a53 fadd.s           f20, f20, f11       f20=xxxxxxxx f20:411aa6eb f11:be4630a3
15102547ns          293767 1c008222 0047258b p.lw             x11, 4(x14!)        x11=bec7e33c x14=10000ed4 x14:10000ed0  PA:10000ed0
15102587ns          293769 1c008226 00ba7a53 fadd.s           f20, f20, f11       f20=xxxxxxxx f20:41178e28 f11:bec7e33c
15102607ns          293770 1c008222 0047258b p.lw             x11, 4(x14!)        x11=bf121a09 x14=10000ed8 x14:10000ed4  PA:10000ed4
15102647ns          293772 1c008226 00ba7a53 fadd.s           f20, f20, f11       f20=xxxxxxxx f20:41114f0e f11:bf121a09
15102667ns          293773 1c008222 0047258b p.lw             x11, 4(x14!)        x11=bf3a104d x14=10000edc x14:10000ed8  PA:10000ed8
15102707ns          293775 1c008226 00ba7a53 fadd.s           f20, f20, f11       f20=xxxxxxxx f20:41082d6d f11:bf3a104d
15102727ns          293776 1c008222 0047258b p.lw             x11, 4(x14!)        x11=bf5a2294 x14=10000ee0 x14:10000edc  PA:10000edc
15102767ns          293778 1c008226 00ba7a53 fadd.s           f20, f20, f11       f20=xxxxxxxx f20:40f918d0 f11:bf5a2294
15102787ns          293779 1c008222 0047258b p.lw             x11, 4(x14!)        x11=bf70f4ac x14=10000ee4 x14:10000ee0  PA:10000ee0
15102827ns          293781 1c008226 00ba7a53 fadd.s           f20, f20, f11       f20=xxxxxxxx f20:40ddd47e f11:bf70f4ac
15102848ns          293782 1c008222 0047258b p.lw             x11, 4(x14!)        x11=bf7d8ed6 x14=10000ee8 x14:10000ee4  PA:10000ee4
15102888ns          293784 1c008226 00ba7a53 fadd.s           f20, f20, f11       f20=xxxxxxxx f20:40bfb5e8 f11:bf7d8ed6
15102908ns          293785 1c008222 0047258b p.lw             x11, 4(x14!)        x11=bf7f6841 x14=10000eec x14:10000ee8  PA:10000ee8
15102948ns          293787 1c008226 00ba7a53 fadd.s           f20, f20, f11       f20=xxxxxxxx f20:40a0040d f11:bf7f6841
15102968ns          293788 1c008222 0047258b p.lw             x11, 4(x14!)        x11=bf766cdc x14=10000ef0 x14:10000eec  PA:10000eec
15103008ns          293790 1c008226 00ba7a53 fadd.s           f20, f20, f11       f20=xxxxxxxx f20:40801705 f11:bf766cdc
15103028ns          293791 1c008222 0047258b p.lw             x11, 4(x14!)        x11=bf62fe27 x14=10000ef4 x14:10000ef0  PA:10000ef0
15103068ns          293793 1c008226 00ba7a53 fadd.s           f20, f20, f11       f20=xxxxxxxx f20:404292d3 f11:bf62fe27
15103088ns          293794 1c008222 0047258b p.lw             x11, 4(x14!)        x11=bf45ef1a x14=10000ef8 x14:10000ef4  PA:10000ef4
15103128ns          293796 1c008226 00ba7a53 fadd.s           f20, f20, f11       f20=xxxxxxxx f20:4009d349 f11:bf45ef1a
15103148ns          293797 1c008222 0047258b p.lw             x11, 4(x14!)        x11=bf207b2f x14=10000efc x14:10000ef8  PA:10000ef8
15103189ns          293799 1c008226 00ba7a53 fadd.s           f20, f20, f11       f20=xxxxxxxx f20:3fb0af05 f11:bf207b2f
15103209ns          293800 1c008222 0047258b p.lw             x11, 4(x14!)        x11=bee87208 x14=10000f00 x14:10000efc  PA:10000efc
15103249ns          293802 1c008226 00ba7a53 fadd.s           f20, f20, f11       f20=xxxxxxxx f20:3f40e2db f11:bee87208
15103269ns          293803 1c008222 0047258b p.lw             x11, 4(x14!)        x11=be861227 x14=10000f04 x14:10000f00  PA:10000f00
15103309ns          293805 1c008226 00ba7a53 fadd.s           f20, f20, f11       f20=xxxxxxxx f20:3e9953ae f11:be861227
15103329ns          293806 1c008222 0047258b p.lw             x11, 4(x14!)        x11=bd7015be x14=10000f08 x14:10000f04  PA:10000f04
15103369ns          293808 1c008226 00ba7a53 fadd.s           f20, f20, f11       f20=xxxxxxxx f20:3d1a0c38 f11:bd7015be
15103389ns          293809 1c008222 0047258b p.lw             x11, 4(x14!)        x11=3e16a4ff x14=10000f0c x14:10000f08  PA:10000f08
15103429ns          293811 1c008226 00ba7a53 fadd.s           f20, f20, f11       f20=xxxxxxxx f20:bcac130c f11:3e16a4ff
15103449ns          293812 1c008222 0047258b p.lw             x11, 4(x14!)        x11=3eb17605 x14=10000f10 x14:10000f0c  PA:10000f0c
15103490ns          293814 1c008226 00ba7a53 fadd.s           f20, f20, f11       f20=xxxxxxxx f20:3e01229e f11:3eb17605
15103510ns          293815 1c008222 0047258b p.lw             x11, 4(x14!)        x11=3f080973 x14=10000f14 x14:10000f10  PA:10000f10
15103550ns          293817 1c008226 00ba7a53 fadd.s           f20, f20, f11       f20=xxxxxxxx f20:3ef20754 f11:3f080973
15103570ns          293818 1c008222 0047258b p.lw             x11, 4(x14!)        x11=3f319305 x14=10000f18 x14:10000f14  PA:10000f14
15103610ns          293820 1c008226 00ba7a53 fadd.s           f20, f20, f11       f20=xxxxxxxx f20:3f80868e f11:3f319305
15103630ns          293821 1c008222 0047258b p.lw             x11, 4(x14!)        x11=3f5394c3 x14=10000f1c x14:10000f18  PA:10000f18
15103670ns          293823 1c008226 00ba7a53 fadd.s           f20, f20, f11       f20=xxxxxxxx f20:3fd95010 f11:3f5394c3
15103690ns          293824 1c008222 0047258b p.lw             x11, 4(x14!)        x11=3f6c9d79 x14=10000f20 x14:10000f1c  PA:10000f1c
15103730ns          293826 1c008226 00ba7a53 fadd.s           f20, f20, f11       f20=xxxxxxxx f20:40218d39 f11:3f6c9d79
15103750ns          293827 1c008222 0047258b p.lw             x11, 4(x14!)        x11=3f7b9d60 x14=10000f24 x14:10000f20  PA:10000f20
15103791ns          293829 1c008226 00ba7a53 fadd.s           f20, f20, f11       f20=xxxxxxxx f20:405cb497 f11:3f7b9d60
15103811ns          293830 1c008222 0047258b p.lw             x11, 4(x14!)        x11=3f7ff1a1 x14=10000f28 x14:10000f24  PA:10000f24
15103851ns          293832 1c008226 00ba7a53 fadd.s           f20, f20, f11       f20=xxxxxxxx f20:408dcdf8 f11:3f7ff1a1
15103871ns          293833 1c008222 0047258b p.lw             x11, 4(x14!)        x11=3f796b3e x14=10000f2c x14:10000f28  PA:10000f28
15103911ns          293835 1c008226 00ba7a53 fadd.s           f20, f20, f11       f20=xxxxxxxx f20:40adcc2c f11:3f796b3e
15103931ns          293836 1c008222 0047258b p.lw             x11, 4(x14!)        x11=3f68510c x14=10000f30 x14:10000f2c  PA:10000f2c
15103971ns          293838 1c008226 00ba7a53 fadd.s           f20, f20, f11       f20=xxxxxxxx f20:40ccf994 f11:3f68510c
15103991ns          293839 1c008222 0047258b p.lw             x11, 4(x14!)        x11=3f4d5cb5 x14=10000f34 x14:10000f30  PA:10000f30
15104031ns          293841 1c008226 00ba7a53 fadd.s           f20, f20, f11       f20=xxxxxxxx f20:40ea03b6 f11:3f4d5cb5
15104051ns          293842 1c008222 0047258b p.lw             x11, 4(x14!)        x11=3f29b2dc x14=10000f38 x14:10000f34  PA:10000f34
15104092ns          293844 1c008226 00ba7a53 fadd.s           f20, f20, f11       f20=xxxxxxxx f20:4101d7a6 f11:3f29b2dc
15104112ns          293845 1c008222 0047258b p.lw             x11, 4(x14!)        x11=3efdad5e x14=10000f3c x14:10000f38  PA:10000f38
15104152ns          293847 1c008226 00ba7a53 fadd.s           f20, f20, f11       f20=xxxxxxxx f20:410c72d4 f11:3efdad5e
15104172ns          293848 1c008222 0047258b p.lw             x11, 4(x14!)        x11=3e9d32ff x14=10000f40 x14:10000f3c  PA:10000f3c
15104212ns          293850 1c008226 00ba7a53 fadd.s           f20, f20, f11       f20=xxxxxxxx f20:4114603f f11:3e9d32ff
15104232ns          293851 1c008222 0047258b p.lw             x11, 4(x14!)        x11=3dd837d7 x14=10000f44 x14:10000f40  PA:10000f40
15104272ns          293853 1c008226 00ba7a53 fadd.s           f20, f20, f11       f20=xxxxxxxx f20:411949d7 f11:3dd837d7
15104292ns          293854 1c008222 0047258b p.lw             x11, 4(x14!)        x11=bdcd8784 x14=10000f48 x14:10000f44  PA:10000f44
15104332ns          293856 1c008226 00ba7a53 fadd.s           f20, f20, f11       f20=xxxxxxxx f20:411afa47 f11:bdcd8784
15104352ns          293857 1c008222 0047258b p.lw             x11, 4(x14!)        x11=be9aa3ea x14=10000f4c x14:10000f48  PA:10000f48
15104393ns          293859 1c008226 00ba7a53 fadd.s           f20, f20, f11       f20=xxxxxxxx f20:41195f38 f11:be9aa3ea
15104413ns          293860 1c008222 0047258b p.lw             x11, 4(x14!)        x11=befb5718 x14=10000f50 x14:10000f4c  PA:10000f4c
15104453ns          293862 1c008226 00ba7a53 fadd.s           f20, f20, f11       f20=xxxxxxxx f20:41148a19 f11:befb5718
15104473ns          293863 1c008222 0047258b p.lw             x11, 4(x14!)        x11=bf28b0cd x14=10000f54 x14:10000f50  PA:10000f50
15104513ns          293865 1c008226 00ba7a53 fadd.s           f20, f20, f11       f20=xxxxxxxx f20:410caf60 f11:bf28b0cd
15104533ns          293866 1c008222 0047258b p.lw             x11, 4(x14!)        x11=bf4c8ead x14=10000f58 x14:10000f54  PA:10000f54
15104573ns          293868 1c008226 00ba7a53 fadd.s           f20, f20, f11       f20=xxxxxxxx f20:41022453 f11:bf4c8ead
15104593ns          293869 1c008222 0047258b p.lw             x11, 4(x14!)        x11=bf67bfc7 x14=10000f5c x14:10000f58  PA:10000f58
15104633ns          293871 1c008226 00ba7a53 fadd.s           f20, f20, f11       f20=xxxxxxxx f20:40eab6d0 f11:bf67bfc7
15104653ns          293872 1c008222 0047258b p.lw             x11, 4(x14!)        x11=bf791ce5 x14=10000f60 x14:10000f5c  PA:10000f5c
15104694ns          293874 1c008226 00ba7a53 fadd.s           f20, f20, f11       f20=xxxxxxxx f20:40cdbed7 f11:bf791ce5
15104714ns          293875 1c008222 0047258b p.lw             x11, 4(x14!)        x11=bf7fe987 x14=10000f64 x14:10000f60  PA:10000f60
15104754ns          293877 1c008226 00ba7a53 fadd.s           f20, f20, f11       f20=xxxxxxxx f20:40ae9b3a f11:bf7fe987
15104774ns          293878 1c008222 0047258b p.lw             x11, 4(x14!)        x11=bf7bdbdd x14=10000f68 x14:10000f64  PA:10000f64
15104814ns          293880 1c008226 00ba7a53 fadd.s           f20, f20, f11       f20=xxxxxxxx f20:408e9e09 f11:bf7bdbdd
15104834ns          293881 1c008222 0047258b p.lw             x11, 4(x14!)        x11=bf6d1fe6 x14=10000f6c x14:10000f68  PA:10000f68
15104874ns          293883 1c008226 00ba7a53 fadd.s           f20, f20, f11       f20=xxxxxxxx f20:405e451b f11:bf6d1fe6
15104894ns          293884 1c008222 0047258b p.lw             x11, 4(x14!)        x11=bf545599 x14=10000f70 x14:10000f6c  PA:10000f6c
15104934ns          293886 1c008226 00ba7a53 fadd.s           f20, f20, f11       f20=xxxxxxxx f20:4022fd22 f11:bf545599
15104954ns          293887 1c008222 0047258b p.lw             x11, 4(x14!)        x11=bf328a16 x14=10000f74 x14:10000f70  PA:10000f70
15104994ns          293889 1c008226 00ba7a53 fadd.s           f20, f20, f11       f20=xxxxxxxx f20:3fdbcf78 f11:bf328a16
15105015ns          293890 1c008222 0047258b p.lw             x11, 4(x14!)        x11=bf092c47 x14=10000f78 x14:10000f74  PA:10000f74
15105055ns          293892 1c008226 00ba7a53 fadd.s           f20, f20, f11       f20=xxxxxxxx f20:3f828a6d f11:bf092c47
15105075ns          293893 1c008222 0047258b p.lw             x11, 4(x14!)        x11=beb3fa81 x14=10000f7c x14:10000f78  PA:10000f78
15105115ns          293895 1c008226 00ba7a53 fadd.s           f20, f20, f11       f20=xxxxxxxx f20:3ef7d126 f11:beb3fa81
15105135ns          293896 1c008222 0047258b p.lw             x11, 4(x14!)        x11=be1bf508 x14=10000f80 x14:10000f7c  PA:10000f7c
15105175ns          293898 1c008226 00ba7a53 fadd.s           f20, f20, f11       f20=xxxxxxxx f20:3e07ad4a f11:be1bf508
15105195ns          293899 1c008222 0047258b p.lw             x11, 4(x14!)        x11=3d5aa044 x14=10000f84 x14:10000f80  PA:10000f80
15105235ns          293901 1c008226 00ba7a53 fadd.s           f20, f20, f11       f20=xxxxxxxx f20:bca23df0 f11:3d5aa044
15105255ns          293902 1c008222 0047258b p.lw             x11, 4(x14!)        x11=3e8379ee x14=10000f88 x14:10000f84  PA:10000f84
15105295ns          293904 1c008226 00ba7a53 fadd.s           f20, f20, f11       f20=xxxxxxxx f20:3d09814c f11:3e8379ee
15105316ns          293905 1c008222 0047258b p.lw             x11, 4(x14!)        x11=3ee60c6c x14=10000f8c x14:10000f88  PA:10000f88
15105356ns          293907 1c008226 00ba7a53 fadd.s           f20, f20, f11       f20=xxxxxxxx f20:3e94aa18 f11:3ee60c6c
15105376ns          293908 1c008222 0047258b p.lw             x11, 4(x14!)        x11=3f1f6eb4 x14=10000f90 x14:10000f8c  PA:10000f8c
15105416ns          293910 1c008226 00ba7a53 fadd.s           f20, f20, f11       f20=xxxxxxxx f20:3f3d5b42 f11:3f1f6eb4
15105436ns          293911 1c008222 0047258b p.lw             x11, 4(x14!)        x11=3f451454 x14=10000f94 x14:10000f90  PA:10000f90
15105476ns          293913 1c008226 00ba7a53 fadd.s           f20, f20, f11       f20=xxxxxxxx f20:3fae64fb f11:3f451454
15105496ns          293914 1c008222 0047258b p.lw             x11, 4(x14!)        x11=3f625e5d x14=10000f98 x14:10000f94  PA:10000f94
15105536ns          293916 1c008226 00ba7a53 fadd.s           f20, f20, f11       f20=xxxxxxxx f20:40087792 f11:3f625e5d
15105556ns          293917 1c008222 0047258b p.lw             x11, 4(x14!)        x11=3f760ed3 x14=10000f9c x14:10000f98  PA:10000f98
15105596ns          293919 1c008226 00ba7a53 fadd.s           f20, f20, f11       f20=xxxxxxxx f20:40410f29 f11:3f760ed3
15105617ns          293920 1c008222 0047258b p.lw             x11, 4(x14!)        x11=3f7f4ff8 x14=10000fa0 x14:10000f9c  PA:10000f9c
15105657ns          293922 1c008226 00ba7a53 fadd.s           f20, f20, f11       f20=xxxxxxxx f20:407e92de f11:3f7f4ff8
15105677ns          293923 1c008222 0047258b p.lw             x11, 4(x14!)        x11=3f7dbd53 x14=10000fa4 x14:10000fa0  PA:10000fa0
15105717ns          293925 1c008226 00ba7a53 fadd.s           f20, f20, f11       f20=xxxxxxxx f20:409f336e f11:3f7dbd53
15105737ns          293926 1c008222 0047258b p.lw             x11, 4(x14!)        x11=3f7167f7 x14=10000fa8 x14:10000fa4  PA:10000fa4
15105777ns          293928 1c008226 00ba7a53 fadd.s           f20, f20, f11       f20=xxxxxxxx f20:40beeb18 f11:3f7167f7
15105797ns          293929 1c008222 0047258b p.lw             x11, 4(x14!)        x11=3f5ad5c9 x14=10000fac x14:10000fa8  PA:10000fa8
15105837ns          293931 1c008226 00ba7a53 fadd.s           f20, f20, f11       f20=xxxxxxxx f20:40dd1817 f11:3f5ad5c9
15105857ns          293932 1c008222 0047258b p.lw             x11, 4(x14!)        x11=3f3afbd4 x14=10000fb0 x14:10000fac  PA:10000fac
15105897ns          293934 1c008226 00ba7a53 fadd.s           f20, f20, f11       f20=xxxxxxxx f20:40f872d0 f11:3f3afbd4
15105918ns          293935 1c008222 0047258b p.lw             x11, 4(x14!)        x11=3f1333e2 x14=10000fb4 x14:10000fb0  PA:10000fb0
15105958ns          293937 1c008226 00ba7a53 fadd.s           f20, f20, f11       f20=xxxxxxxx f20:4107e925 f11:3f1333e2
15105978ns          293938 1c008222 0047258b p.lw             x11, 4(x14!)        x11=3eca5bb1 x14=10000fb8 x14:10000fb4  PA:10000fb4
15106018ns          293940 1c008226 00ba7a53 fadd.s           f20, f20, f11       f20=xxxxxxxx f20:41111c63 f11:3eca5bb1
15106038ns          293941 1c008222 0047258b p.lw             x11, 4(x14!)        x11=3e4b756d x14=10000fbc x14:10000fb8  PA:10000fb8
15106078ns          293943 1c008226 00ba7a53 fadd.s           f20, f20, f11       f20=xxxxxxxx f20:41176f41 f11:3e4b756d
15106098ns          293944 1c008222 0047258b p.lw             x11, 4(x14!)        x11=bbcdaae8 x14=10000fc0 x14:10000fbc  PA:10000fbc
15106138ns          293946 1c008226 00ba7a53 fadd.s           f20, f20, f11       f20=xxxxxxxx f20:411a9d17 f11:bbcdaae8
15106158ns          293947 1c008222 0047258b p.lw             x11, 4(x14!)        x11=be580a60 x14=10000fc4 x14:10000fc0  PA:10000fc0
15106198ns          293949 1c008226 00ba7a53 fadd.s           f20, f20, f11       f20=xxxxxxxx f20:411a8362 f11:be580a60
15106218ns          293950 1c008222 0047258b p.lw             x11, 4(x14!)        x11=bed03efb x14=10000fc8 x14:10000fc4  PA:10000fc4
15106259ns          293952 1c008226 00ba7a53 fadd.s           f20, f20, f11       f20=xxxxxxxx f20:41172338 f11:bed03efb
15106279ns          293953 1c00822a 1c0007b7 lui              x15, 0x1c000000     x15=1c000000
15106700ns          293974 1c00822e 0247a583 lw               x11, 36(x15)        x11=43480000 x15:1c000000  PA:1c000024
15107021ns          293990 1c008232 18ba75d3 fdiv.s           f11, f20, f11       f11=xxxxxxxx f20:4110a140 f11:43480000
15107302ns          294004 1c008236 08b6f6d3 fsub.s           f13, f13, f11       f13=xxxxxxxx f13:3e51c0fa f11:3d392052
15107322ns          294005 1c00823a 40c707b3 sub              x15, x14, x12       x15=0000031c x14:10000fc8 x12:10000cac
15107342ns          294006 1c00823e ffc78793 addi             x15, x15, -4        x15=00000318 x15:0000031c
15107523ns          294015 1c008240 10d6f6d3 fmul.s           f13, f13, f13       f13=xxxxxxxx f13:3e2378e6 f13:3e2378e6
15107563ns          294017 1c008244 0027d793 srli             x15, x15, 0x2       x15=000000c6 x15:00000318
15107583ns          294018 1c008246 00178793 addi             x15, x15, 1         x15=000000c7 x15:000000c6
15107603ns          294019 1c008248 0067c0fb lp.setup         0x1, x15, 0x6       x15:000000c7
15107623ns          294020 1c00824c 0046270b p.lw             x14, 4(x12!)        x14=3ecd4e63 x12=10000cb0 x12:10000cac  PA:10000cac
15108044ns          294041 1c008250 08b77753 fsub.s           f14, f14, f11       f14=xxxxxxxx f14:3ecd4e63 f11:3d392052
15108085ns          294043 1c008254 68e776c3 fmadd.s          f13, f14, f14, f13  f13=xxxxxxxx f14:3eb62a59 f14:3eb62a59 f13:3cd0c65c
15108105ns          294044 1c00824c 0046270b p.lw             x14, 4(x12!)        x14=3f1483af x12=10000cb4 x12:10000cb0  PA:10000cb0
15108145ns          294046 1c008250 08b77753 fsub.s           f14, f14, f11       f14=xxxxxxxx f14:3f1483af f11:3d392052
15108165ns          294047 1c008254 68e776c3 fmadd.s          f13, f14, f14, f13  f13=xxxxxxxx f14:3f08f1aa f14:3f08f1aa f13:3e1bb909
15108185ns          294048 1c00824c 0046270b p.lw             x14, 4(x12!)        x14=3f3c13d8 x12=10000cb8 x12:10000cb4  PA:10000cb4
15108225ns          294050 1c008250 08b77753 fsub.s           f14, f14, f11       f14=xxxxxxxx f14:3f3c13d8 f11:3d392052
15108245ns          294051 1c008254 68e776c3 fmadd.s          f13, f14, f14, f13  f13=xxxxxxxx f14:3f3081d3 f14:3f3081d3 f13:3ee05fd6
15108265ns          294052 1c00824c 0046270b p.lw             x14, 4(x12!)        x14=3f5baa25 x12=10000cbc x12:10000cb8  PA:10000cb8
15108305ns          294054 1c008250 08b77753 fsub.s           f14, f14, f11       f14=xxxxxxxx f14:3f5baa25 f11:3d392052
15108325ns          294055 1c008254 68e776c3 fmadd.s          f13, f14, f14, f13  f13=xxxxxxxx f14:3f501820 f14:3f501820 f13:3f69e2af
15108345ns          294056 1c00824c 0046270b p.lw             x14, 4(x12!)        x14=3f71efa7 x12=10000cc0 x12:10000cbc  PA:10000cbc
15108386ns          294058 1c008250 08b77753 fsub.s           f14, f14, f11       f14=xxxxxxxx f14:3f71efa7 f11:3d392052
15108406ns          294059 1c008254 68e776c3 fmadd.s          f13, f14, f14, f13  f13=xxxxxxxx f14:3f665da2 f14:3f665da2 f13:3fc984f3
15108426ns          294060 1c00824c 0046270b p.lw             x14, 4(x12!)        x14=3f7df297 x12=10000cc4 x12:10000cc0  PA:10000cc0
15108466ns          294062 1c008250 08b77753 fsub.s           f14, f14, f11       f14=xxxxxxxx f14:3f7df297 f11:3d392052
15108486ns          294063 1c008254 68e776c3 fmadd.s          f13, f14, f14, f13  f13=xxxxxxxx f14:3f726092 f14:3f726092 f13:40189592
15108506ns          294064 1c00824c 0046270b p.lw             x14, 4(x12!)        x14=3f7f308d x12=10000cc8 x12:10000cc4  PA:10000cc4
15108546ns          294066 1c008250 08b77753 fsub.s           f14, f14, f11       f14=xxxxxxxx f14:3f7f308d f11:3d392052
15108566ns          294067 1c008254 68e776c3 fmadd.s          f13, f14, f14, f13  f13=xxxxxxxx f14:3f739e88 f14:3f739e88 f13:4051f440
15108586ns          294068 1c00824c 0046270b p.lw             x14, 4(x12!)        x14=3f759c0f x12=10000ccc x12:10000cc8  PA:10000cc8
15108626ns          294070 1c008250 08b77753 fsub.s           f14, f14, f11       f14=xxxxxxxx f14:3f759c0f f11:3d392052
15108646ns          294071 1c008254 68e776c3 fmadd.s          f13, f14, f14, f13  f13=xxxxxxxx f14:3f6a0a0a f14:3f6a0a0a f13:4085f4eb
15108666ns          294072 1c00824c 0046270b p.lw             x14, 4(x12!)        x14=3f619d1d x12=10000cd0 x12:10000ccc  PA:10000ccc
15108707ns          294074 1c008250 08b77753 fsub.s           f14, f14, f11       f14=xxxxxxxx f14:3f619d1d f11:3d392052
15108727ns          294075 1c008254 68e776c3 fmadd.s          f13, f14, f14, f13  f13=xxxxxxxx f14:3f560b18 f14:3f560b18 f13:40a0b3b6
15108747ns          294076 1c00824c 0046270b p.lw             x14, 4(x12!)        x14=3f440ccb x12=10000cd4 x12:10000cd0  PA:10000cd0
15108787ns          294078 1c008250 08b77753 fsub.s           f14, f14, f11       f14=xxxxxxxx f14:3f440ccb f11:3d392052
15108807ns          294079 1c008254 68e776c3 fmadd.s          f13, f14, f14, f13  f13=xxxxxxxx f14:3f387ac6 f14:3f387ac6 f13:40b71288
15108827ns          294080 1c00824c 0046270b p.lw             x14, 4(x12!)        x14=3f1e2c10 x12=10000cd8 x12:10000cd4  PA:10000cd4
15108867ns          294082 1c008250 08b77753 fsub.s           f14, f14, f11       f14=xxxxxxxx f14:3f1e2c10 f11:3d392052
15108887ns          294083 1c008254 68e776c3 fmadd.s          f13, f14, f14, f13  f13=xxxxxxxx f14:3f129a0b f14:3f129a0b f13:40c7b09f
15108907ns          294084 1c00824c 0046270b p.lw             x14, 4(x12!)        x14=3ee32c4b x12=10000cdc x12:10000cd8  PA:10000cd8
15108947ns          294086 1c008250 08b77753 fsub.s           f14, f14, f11       f14=xxxxxxxx f14:3ee32c4b f11:3d392052
15108967ns          294087 1c008254 68e776c3 fmadd.s          f13, f14, f14, f13  f13=xxxxxxxx f14:3ecc0841 f14:3ecc0841 f13:40d22f21
15108988ns          294088 1c00824c 0046270b p.lw             x14, 4(x12!)        x14=3e805e28 x12=10000ce0 x12:10000cdc  PA:10000cdc
15109028ns          294090 1c008250 08b77753 fsub.s           f14, f14, f11       f14=xxxxxxxx f14:3e805e28 f11:3d392052
15109048ns          294091 1c008254 68e776c3 fmadd.s          f13, f14, f14, f13  f13=xxxxxxxx f14:3e52743c f14:3e52743c f13:40d7440a
15109068ns          294092 1c00824c 0046270b p.lw             x14, 4(x12!)        x14=3d40f315 x12=10000ce4 x12:10000ce0  PA:10000ce0
15109108ns          294094 1c008250 08b77753 fsub.s           f14, f14, f11       f14=xxxxxxxx f14:3d40f315 f11:3d392052
15109128ns          294095 1c008254 68e776c3 fmadd.s          f13, f14, f14, f13  f13=xxxxxxxx f14:3afa5860 f14:3afa5860 f13:40d89e10
15109148ns          294096 1c00824c 0046270b p.lw             x14, 4(x12!)        x14=be224e64 x12=10000ce8 x12:10000ce4  PA:10000ce4
15109188ns          294098 1c008250 08b77753 fsub.s           f14, f14, f11       f14=xxxxxxxx f14:be224e64 f11:3d392052
15109208ns          294099 1c008254 68e776c3 fmadd.s          f13, f14, f14, f13  f13=xxxxxxxx f14:be509678 f14:be509678 f13:40d89e18
15109228ns          294100 1c00824c 0046270b p.lw             x14, 4(x12!)        x14=beb6fbc3 x12=10000cec x12:10000ce8  PA:10000ce8
15109268ns          294102 1c008250 08b77753 fsub.s           f14, f14, f11       f14=xxxxxxxx f14:beb6fbc3 f11:3d392052
15109288ns          294103 1c008254 68e776c3 fmadd.s          f13, f14, f14, f13  f13=xxxxxxxx f14:bece1fcd f14:bece1fcd f13:40d9f202
15109309ns          294104 1c00824c 0046270b p.lw             x14, 4(x12!)        x14=bf0a86e3 x12=10000cf0 x12:10000cec  PA:10000cec
15109349ns          294106 1c008250 08b77753 fsub.s           f14, f14, f11       f14=xxxxxxxx f14:bf0a86e3 f11:3d392052
15109369ns          294107 1c008254 68e776c3 fmadd.s          f13, f14, f14, f13  f13=xxxxxxxx f14:bf1618e8 f14:bf1618e8 f13:40df21bc
15109389ns          294108 1c00824c 0046270b p.lw             x14, 4(x12!)        x14=bf33affb x12=10000cf4 x12:10000cf0  PA:10000cf0
15109429ns          294110 1c008250 08b77753 fsub.s           f14, f14, f11       f14=xxxxxxxx f14:bf33affb f11:3d392052
15109449ns          294111 1c008254 68e776c3 fmadd.s          f13, f14, f14, f13  f13=xxxxxxxx f14:bf3f4200 f14:bf3f4200 f13:40ea21e2
15109469ns          294112 1c00824c 0046270b p.lw             x14, 4(x12!)        x14=bf553a4e x12=10000cf8 x12:10000cf4  PA:10000cf4
15109509ns          294114 1c008250 08b77753 fsub.s           f14, f14, f11       f14=xxxxxxxx f14:bf553a4e f11:3d392052
15109529ns          294115 1c008254 68e776c3 fmadd.s          f13, f14, f14, f13  f13=xxxxxxxx f14:bf60cc53 f14:bf60cc53 f13:40fbfe54
15109549ns          294116 1c00824c 0046270b p.lw             x14, 4(x12!)        x14=bf6db9b9 x12=10000cfc x12:10000cf8  PA:10000cf8
15109589ns          294118 1c008250 08b77753 fsub.s           f14, f14, f11       f14=xxxxxxxx f14:bf6db9b9 f11:3d392052
15109610ns          294119 1c008254 68e776c3 fmadd.s          f13, f14, f14, f13  f13=xxxxxxxx f14:bf794bbe f14:bf794bbe f13:410a558d
15109630ns          294120 1c00824c 0046270b p.lw             x14, 4(x12!)        x14=bf7c2448 x12=10000d00 x12:10000cfc  PA:10000cfc
15109670ns          294122 1c008250 08b77753 fsub.s           f14, f14, f11       f14=xxxxxxxx f14:bf7c2448 f11:3d392052
15109690ns          294123 1c008254 68e776c3 fmadd.s          f13, f14, f14, f13  f13=xxxxxxxx f14:bf83db27 f14:bf83db27 f13:411981d4
15109710ns          294124 1c00824c 0046270b p.lw             x14, 4(x12!)        x14=bf7fdd78 x12=10000d04 x12:10000d00  PA:10000d00
15109750ns          294126 1c008250 08b77753 fsub.s           f14, f14, f11       f14=xxxxxxxx f14:bf7fdd78 f11:3d392052
15109770ns          294127 1c008254 68e776c3 fmadd.s          f13, f14, f14, f13  f13=xxxxxxxx f14:bf85b7bf f14:bf85b7bf f13:412a7c55
15109790ns          294128 1c00824c 0046270b p.lw             x14, 4(x12!)        x14=bf78bcde x12=10000d08 x12:10000d04  PA:10000d04
15109830ns          294130 1c008250 08b77753 fsub.s           f14, f14, f11       f14=xxxxxxxx f14:bf78bcde f11:3d392052
15109850ns          294131 1c008254 68e776c3 fmadd.s          f13, f14, f14, f13  f13=xxxxxxxx f14:bf822772 f14:bf822772 f13:413bf271
15109870ns          294132 1c00824c 0046270b p.lw             x14, 4(x12!)        x14=bf670fdb x12=10000d0c x12:10000d08  PA:10000d08
15109911ns          294134 1c008250 08b77753 fsub.s           f14, f14, f11       f14=xxxxxxxx f14:bf670fdb f11:3d392052
15109931ns          294135 1c008254 68e776c3 fmadd.s          f13, f14, f14, f13  f13=xxxxxxxx f14:bf72a1e0 f14:bf72a1e0 f13:414c7d76
15109951ns          294136 1c00824c 0046270b p.lw             x14, 4(x12!)        x14=bf4b9652 x12=10000d10 x12:10000d0c  PA:10000d0c
15109991ns          294138 1c008250 08b77753 fsub.s           f14, f14, f11       f14=xxxxxxxx f14:bf4b9652 f11:3d392052
15110011ns          294139 1c008254 68e776c3 fmadd.s          f13, f14, f14, f13  f13=xxxxxxxx f14:bf572857 f14:bf572857 f13:415adcdd
15110031ns          294140 1c00824c 0046270b p.lw             x14, 4(x12!)        x14=bf277a8b x12=10000d14 x12:10000d10  PA:10000d10
15110071ns          294142 1c008250 08b77753 fsub.s           f14, f14, f11       f14=xxxxxxxx f14:bf277a8b f11:3d392052
15110091ns          294143 1c008254 68e776c3 fmadd.s          f13, f14, f14, f13  f13=xxxxxxxx f14:bf330c90 f14:bf330c90 f13:41662a2a
15110111ns          294144 1c00824c 0046270b p.lw             x14, 4(x12!)        x14=bef88917 x12=10000d18 x12:10000d14  PA:10000d14
15110151ns          294146 1c008250 08b77753 fsub.s           f14, f14, f11       f14=xxxxxxxx f14:bef88917 f11:3d392052
15110171ns          294147 1c008254 68e776c3 fmadd.s          f13, f14, f14, f13  f13=xxxxxxxx f14:bf07d691 f14:bf07d691 f13:416dfdd3
15110191ns          294148 1c00824c 0046270b p.lw             x14, 4(x12!)        x14=be9792e2 x12=10000d1c x12:10000d18  PA:10000d18
15110232ns          294150 1c008250 08b77753 fsub.s           f14, f14, f11       f14=xxxxxxxx f14:be9792e2 f11:3d392052
15110252ns          294151 1c008254 68e776c3 fmadd.s          f13, f14, f14, f13  f13=xxxxxxxx f14:beaeb6ec f14:beaeb6ec f13:41727f13
15110272ns          294152 1c00824c 0046270b p.lw             x14, 4(x12!)        x14=bdc0bc66 x12=10000d20 x12:10000d1c  PA:10000d1c
15110312ns          294154 1c008250 08b77753 fsub.s           f14, f14, f11       f14=xxxxxxxx f14:bdc0bc66 f11:3d392052
15110332ns          294155 1c008254 68e776c3 fmadd.s          f13, f14, f14, f13  f13=xxxxxxxx f14:be0ea648 f14:be0ea648 f13:41745c08
15110352ns          294156 1c00824c 0046270b p.lw             x14, 4(x12!)        x14=3de4ff1b x12=10000d24 x12:10000d20  PA:10000d20
15110392ns          294158 1c008250 08b77753 fsub.s           f14, f14, f11       f14=xxxxxxxx f14:3de4ff1b f11:3d392052
15110412ns          294159 1c008254 68e776c3 fmadd.s          f13, f14, f14, f13  f13=xxxxxxxx f14:3d886ef2 f14:3d886ef2 f13:4174ab85
15110432ns          294160 1c00824c 0046270b p.lw             x14, 4(x12!)        x14=3ea04129 x12=10000d28 x12:10000d24  PA:10000d24
15110472ns          294162 1c008250 08b77753 fsub.s           f14, f14, f11       f14=xxxxxxxx f14:3ea04129 f11:3d392052
15110492ns          294163 1c008254 68e776c3 fmadd.s          f13, f14, f14, f13  f13=xxxxxxxx f14:3e891d1f f14:3e891d1f f13:4174bdb3
15110512ns          294164 1c00824c 0046270b p.lw             x14, 4(x12!)        x14=3f003b5b x12=10000d2c x12:10000d28  PA:10000d28
15110553ns          294166 1c008250 08b77753 fsub.s           f14, f14, f11       f14=xxxxxxxx f14:3f003b5b f11:3d392052
15110573ns          294167 1c008254 68e776c3 fmadd.s          f13, f14, f14, f13  f13=xxxxxxxx f14:3ee952ac f14:3ee952ac f13:4175e374
15110593ns          294168 1c00824c 0046270b p.lw             x14, 4(x12!)        x14=3f2ae5fe x12=10000d30 x12:10000d2c  PA:10000d2c
15110633ns          294170 1c008250 08b77753 fsub.s           f14, f14, f11       f14=xxxxxxxx f14:3f2ae5fe f11:3d392052
15110653ns          294171 1c008254 68e776c3 fmadd.s          f13, f14, f14, f13  f13=xxxxxxxx f14:3f1f53f9 f14:3f1f53f9 f13:41793612
15110673ns          294172 1c00824c 0046270b p.lw             x14, 4(x12!)        x14=3f4e5147 x12=10000d34 x12:10000d30  PA:10000d30
15110713ns          294174 1c008250 08b77753 fsub.s           f14, f14, f11       f14=xxxxxxxx f14:3f4e5147 f11:3d392052
15110733ns          294175 1c008254 68e776c3 fmadd.s          f13, f14, f14, f13  f13=xxxxxxxx f14:3f42bf42 f14:3f42bf42 f13:417f68a9
15110753ns          294176 1c00824c 0046270b p.lw             x14, 4(x12!)        x14=3f68fcae x12=10000d38 x12:10000d34  PA:10000d34
15110793ns          294178 1c008250 08b77753 fsub.s           f14, f14, f11       f14=xxxxxxxx f14:3f68fcae f11:3d392052
15110813ns          294179 1c008254 68e776c3 fmadd.s          f13, f14, f14, f13  f13=xxxxxxxx f14:3f5d6aa9 f14:3f5d6aa9 f13:41845588
15110834ns          294180 1c00824c 0046270b p.lw             x14, 4(x12!)        x14=3f79c6a8 x12=10000d3c x12:10000d38  PA:10000d38
15110874ns          294182 1c008250 08b77753 fsub.s           f14, f14, f11       f14=xxxxxxxx f14:3f79c6a8 f11:3d392052
15110894ns          294183 1c008254 68e776c3 fmadd.s          f13, f14, f14, f13  f13=xxxxxxxx f14:3f6e34a3 f14:3f6e34a3 f13:418a5193
15110914ns          294184 1c00824c 0046270b p.lw             x14, 4(x12!)        x14=3f7ff8f4 x12=10000d40 x12:10000d3c  PA:10000d3c
15110954ns          294186 1c008250 08b77753 fsub.s           f14, f14, f11       f14=xxxxxxxx f14:3f7ff8f4 f11:3d392052
15110974ns          294187 1c008254 68e776c3 fmadd.s          f13, f14, f14, f13  f13=xxxxxxxx f14:3f7466ef f14:3f7466ef f13:41913ec2
15110994ns          294188 1c00824c 0046270b p.lw             x14, 4(x12!)        x14=3f7b504b x12=10000d44 x12:10000d40  PA:10000d40
15111034ns          294190 1c008250 08b77753 fsub.s           f14, f14, f11       f14=xxxxxxxx f14:3f7b504b f11:3d392052
15111054ns          294191 1c008254 68e776c3 fmadd.s          f13, f14, f14, f13  f13=xxxxxxxx f14:3f6fbe46 f14:3f6fbe46 f13:41988965
15111074ns          294192 1c00824c 0046270b p.lw             x14, 4(x12!)        x14=3f6bff42 x12=10000d48 x12:10000d44  PA:10000d44
15111114ns          294194 1c008250 08b77753 fsub.s           f14, f14, f11       f14=xxxxxxxx f14:3f6bff42 f11:3d392052
15111134ns          294195 1c008254 68e776c3 fmadd.s          f13, f14, f14, f13  f13=xxxxxxxx f14:3f606d3d f14:3f606d3d f13:419f8d8c
15111155ns          294196 1c00824c 0046270b p.lw             x14, 4(x12!)        x14=3f52ac1f x12=10000d4c x12:10000d48  PA:10000d48
15111195ns          294198 1c008250 08b77753 fsub.s           f14, f14, f11       f14=xxxxxxxx f14:3f52ac1f f11:3d392052
15111215ns          294199 1c008254 68e776c3 fmadd.s          f13, f14, f14, f13  f13=xxxxxxxx f14:3f471a1a f14:3f471a1a f13:41a5b387
15111235ns          294200 1c00824c 0046270b p.lw             x14, 4(x12!)        x14=3f3069d3 x12=10000d50 x12:10000d4c  PA:10000d4c
15111275ns          294202 1c008250 08b77753 fsub.s           f14, f14, f11       f14=xxxxxxxx f14:3f3069d3 f11:3d392052
15111295ns          294203 1c008254 68e776c3 fmadd.s          f13, f14, f14, f13  f13=xxxxxxxx f14:3f24d7ce f14:3f24d7ce f13:41aa8a54
15111315ns          294204 1c00824c 0046270b p.lw             x14, 4(x12!)        x14=3f06ac4e x12=10000d54 x12:10000d50  PA:10000d50
15111355ns          294206 1c008250 08b77753 fsub.s           f14, f14, f11       f14=xxxxxxxx f14:3f06ac4e f11:3d392052
15111375ns          294207 1c008254 68e776c3 fmadd.s          f13, f14, f14, f13  f13=xxxxxxxx f14:3ef63492 f14:3ef63492 f13:41addb7e
15111395ns          294208 1c00824c 0046270b p.lw             x14, 4(x12!)        x14=3eae716d x12=10000d58 x12:10000d54  PA:10000d54
15111435ns          294210 1c008250 08b77753 fsub.s           f14, f14, f11       f14=xxxxxxxx f14:3eae716d f11:3d392052
15111456ns          294211 1c008254 68e776c3 fmadd.s          f13, f14, f14, f13  f13=xxxxxxxx f14:3e974d63 f14:3e974d63 f13:41afb510
15111476ns          294212 1c00824c 0046270b p.lw             x14, 4(x12!)        x14=3e1048c5 x12=10000d5c x12:10000d58  PA:10000d58
15111516ns          294214 1c008250 08b77753 fsub.s           f14, f14, f11       f14=xxxxxxxx f14:3e1048c5 f11:3d392052
15111536ns          294215 1c008254 68e776c3 fmadd.s          f13, f14, f14, f13  f13=xxxxxxxx f14:3dc40161 f14:3dc40161 f13:41b067e9
15111556ns          294216 1c00824c 0046270b p.lw             x14, 4(x12!)        x14=bd84df4b x12=10000d60 x12:10000d5c  PA:10000d5c
15111596ns          294218 1c008250 08b77753 fsub.s           f14, f14, f11       f14=xxxxxxxx f14:bd84df4b f11:3d392052
15111616ns          294219 1c008254 68e776c3 fmadd.s          f13, f14, f14, f13  f13=xxxxxxxx f14:bde16f74 f14:bde16f74 f13:41b07aab
15111636ns          294220 1c00824c 0046270b p.lw             x14, 4(x12!)        x14=be892b6f x12=10000d64 x12:10000d60  PA:10000d60
15111676ns          294222 1c008250 08b77753 fsub.s           f14, f14, f11       f14=xxxxxxxx f14:be892b6f f11:3d392052
15111696ns          294223 1c008254 68e776c3 fmadd.s          f13, f14, f14, f13  f13=xxxxxxxx f14:bea04f79 f14:bea04f79 f13:41b0937c
15111716ns          294224 1c00824c 0046270b p.lw             x14, 4(x12!)        x14=beeb4ddf x12=10000d68 x12:10000d64  PA:10000d64
15111757ns          294226 1c008250 08b77753 fsub.s           f14, f14, f11       f14=xxxxxxxx f14:beeb4ddf f11:3d392052
15111777ns          294227 1c008254 68e776c3 fmadd.s          f13, f14, f14, f13  f13=xxxxxxxx f14:bf0138f5 f14:bf0138f5 f13:41b15c43
15111797ns          294228 1c00824c 0046270b p.lw             x14, 4(x12!)        x14=bf21badc x12=10000d6c x12:10000d68  PA:10000d68
15111837ns          294230 1c008250 08b77753 fsub.s           f14, f14, f11       f14=xxxxxxxx f14:bf21badc f11:3d392052
15111857ns          294231 1c008254 68e776c3 fmadd.s          f13, f14, f14, f13  f13=xxxxxxxx f14:bf2d4ce1 f14:bf2d4ce1 f13:41b36617
15111877ns          294232 1c00824c 0046270b p.lw             x14, 4(x12!)        x14=bf46f2f8 x12=10000d70 x12:10000d6c  PA:10000d6c
15111917ns          294234 1c008250 08b77753 fsub.s           f14, f14, f11       f14=xxxxxxxx f14:bf46f2f8 f11:3d392052
15111937ns          294235 1c008254 68e776c3 fmadd.s          f13, f14, f14, f13  f13=xxxxxxxx f14:bf5284fd f14:bf5284fd f13:41b7109f
15111957ns          294236 1c00824c 0046270b p.lw             x14, 4(x12!)        x14=bf63bb32 x12=10000d74 x12:10000d70  PA:10000d70
15111997ns          294238 1c008250 08b77753 fsub.s           f14, f14, f11       f14=xxxxxxxx f14:bf63bb32 f11:3d392052
15112017ns          294239 1c008254 68e776c3 fmadd.s          f13, f14, f14, f13  f13=xxxxxxxx f14:bf6f4d37 f14:bf6f4d37 f13:41bc7993
15112037ns          294240 1c00824c 0046270b p.lw             x14, 4(x12!)        x14=bf76db10 x12=10000d78 x12:10000d74  PA:10000d74
15112078ns          294242 1c008250 08b77753 fsub.s           f14, f14, f11       f14=xxxxxxxx f14:bf76db10 f11:3d392052
15112098ns          294243 1c008254 68e776c3 fmadd.s          f13, f14, f14, f13  f13=xxxxxxxx f14:bf81368b f14:bf81368b f13:41c3771d
15112118ns          294244 1c00824c 0046270b p.lw             x14, 4(x12!)        x14=bf7f82f1 x12=10000d7c x12:10000d78  PA:10000d78
15112158ns          294246 1c008250 08b77753 fsub.s           f14, f14, f11       f14=xxxxxxxx f14:bf7f82f1 f11:3d392052
15112178ns          294247 1c008254 68e776c3 fmadd.s          f13, f14, f14, f13  f13=xxxxxxxx f14:bf858a7b f14:bf858a7b f13:41cb9e1d
15112198ns          294248 1c00824c 0046270b p.lw             x14, 4(x12!)        x14=bf7d54e0 x12=10000d80 x12:10000d7c  PA:10000d7c
15112238ns          294250 1c008250 08b77753 fsub.s           f14, f14, f11       f14=xxxxxxxx f14:bf7d54e0 f11:3d392052
15112258ns          294251 1c008254 68e776c3 fmadd.s          f13, f14, f14, f13  f13=xxxxxxxx f14:bf847373 f14:bf847373 f13:41d45343
15112278ns          294252 1c00824c 0046270b p.lw             x14, 4(x12!)        x14=bf706886 x12=10000d84 x12:10000d80  PA:10000d80
15112318ns          294254 1c008250 08b77753 fsub.s           f14, f14, f11       f14=xxxxxxxx f14:bf706886 f11:3d392052
15112338ns          294255 1c008254 68e776c3 fmadd.s          f13, f14, f14, f13  f13=xxxxxxxx f14:bf7bfa8b f14:bf7bfa8b f13:41dce42b
15112358ns          294256 1c00824c 0046270b p.lw             x14, 4(x12!)        x14=bf594a2f x12=10000d88 x12:10000d84  PA:10000d84
15112399ns          294258 1c008250 08b77753 fsub.s           f14, f14, f11       f14=xxxxxxxx f14:bf594a2f f11:3d392052
15112419ns          294259 1c008254 68e776c3 fmadd.s          f13, f14, f14, f13  f13=xxxxxxxx f14:bf64dc34 f14:bf64dc34 f13:41e4a455
15112439ns          294260 1c00824c 0046270b p.lw             x14, 4(x12!)        x14=bf38f4d7 x12=10000d8c x12:10000d88  PA:10000d88
15112479ns          294262 1c008250 08b77753 fsub.s           f14, f14, f11       f14=xxxxxxxx f14:bf38f4d7 f11:3d392052
15112499ns          294263 1c008254 68e776c3 fmadd.s          f13, f14, f14, f13  f13=xxxxxxxx f14:bf4486dc f14:bf4486dc f13:41eb091d
15112519ns          294264 1c00824c 0046270b p.lw             x14, 4(x12!)        x14=bf10c786 x12=10000d90 x12:10000d8c  PA:10000d8c
15112559ns          294266 1c008250 08b77753 fsub.s           f14, f14, f11       f14=xxxxxxxx f14:bf10c786 f11:3d392052
15112579ns          294267 1c008254 68e776c3 fmadd.s          f13, f14, f14, f13  f13=xxxxxxxx f14:bf1c598b f14:bf1c598b f13:41efc013
15112599ns          294268 1c00824c 0046270b p.lw             x14, 4(x12!)        x14=bec4ecd7 x12=10000d94 x12:10000d90  PA:10000d90
15112639ns          294270 1c008250 08b77753 fsub.s           f14, f14, f11       f14=xxxxxxxx f14:bec4ecd7 f11:3d392052
15112659ns          294271 1c008254 68e776c3 fmadd.s          f13, f14, f14, f13  f13=xxxxxxxx f14:bedc10e1 f14:bedc10e1 f13:41f2bbfd
15112680ns          294272 1c00824c 0046270b p.lw             x14, 4(x12!)        x14=be3fe16e x12=10000d98 x12:10000d94  PA:10000d94
15112720ns          294274 1c008250 08b77753 fsub.s           f14, f14, f11       f14=xxxxxxxx f14:be3fe16e f11:3d392052
15112740ns          294275 1c008254 68e776c3 fmadd.s          f13, f14, f14, f13  f13=xxxxxxxx f14:be6e2982 f14:be6e2982 f13:41f43657
15112760ns          294276 1c00824c 0046270b p.lw             x14, 4(x12!)        x14=3c91cfdf x12=10000d9c x12:10000d98  PA:10000d98
15112800ns          294278 1c008250 08b77753 fsub.s           f14, f14, f11       f14=xxxxxxxx f14:3c91cfdf f11:3d392052
15112820ns          294279 1c008254 68e776c3 fmadd.s          f13, f14, f14, f13  f13=xxxxxxxx f14:bce070c5 f14:bce070c5 f13:41f4a520
15112840ns          294280 1c00824c 0046270b p.lw             x14, 4(x12!)        x14=3e638f86 x12=10000da0 x12:10000d9c  PA:10000d9c
15112880ns          294282 1c008250 08b77753 fsub.s           f14, f14, f11       f14=xxxxxxxx f14:3e638f86 f11:3d392052
15112900ns          294283 1c008254 68e776c3 fmadd.s          f13, f14, f14, f13  f13=xxxxxxxx f14:3e354772 f14:3e354772 f13:41f4a6aa
15112920ns          294284 1c00824c 0046270b p.lw             x14, 4(x12!)        x14=3ed59f48 x12=10000da4 x12:10000da0  PA:10000da0
15112960ns          294286 1c008250 08b77753 fsub.s           f14, f14, f11       f14=xxxxxxxx f14:3ed59f48 f11:3d392052
15112981ns          294287 1c008254 68e776c3 fmadd.s          f13, f14, f14, f13  f13=xxxxxxxx f14:3ebe7b3e f14:3ebe7b3e f13:41f4e6d9
15113001ns          294288 1c00824c 0046270b p.lw             x14, 4(x12!)        x14=3f1833cd x12=10000da8 x12:10000da4  PA:10000da4
15113041ns          294290 1c008250 08b77753 fsub.s           f14, f14, f11       f14=xxxxxxxx f14:3f1833cd f11:3d392052
15113061ns          294291 1c008254 68e776c3 fmadd.s          f13, f14, f14, f13  f13=xxxxxxxx f14:3f0ca1c8 f14:3f0ca1c8 f13:41f6024f
15113081ns          294292 1c00824c 0046270b p.lw             x14, 4(x12!)        x14=3f3f2397 x12=10000dac x12:10000da8  PA:10000da8
15113121ns          294294 1c008250 08b77753 fsub.s           f14, f14, f11       f14=xxxxxxxx f14:3f3f2397 f11:3d392052
15113141ns          294295 1c008254 68e776c3 fmadd.s          f13, f14, f14, f13  f13=xxxxxxxx f14:3f339192 f14:3f339192 f13:41f86c5a
15113161ns          294296 1c00824c 0046270b p.lw             x14, 4(x12!)        x14=3f5df848 x12=10000db0 x12:10000dac  PA:10000dac
15113201ns          294298 1c008250 08b77753 fsub.s           f14, f14, f11       f14=xxxxxxxx f14:3f5df848 f11:3d392052
15113221ns          294299 1c008254 68e776c3 fmadd.s          f13, f14, f14, f13  f13=xxxxxxxx f14:3f526643 f14:3f526643 f13:41fc5c01
15113241ns          294300 1c00824c 0046270b p.lw             x14, 4(x12!)        x14=3f736328 x12=10000db4 x12:10000db0  PA:10000db0
15113281ns          294302 1c008250 08b77753 fsub.s           f14, f14, f11       f14=xxxxxxxx f14:3f736328 f11:3d392052
15113302ns          294303 1c008254 68e776c3 fmadd.s          f13, f14, f14, f13  f13=xxxxxxxx f14:3f67d123 f14:3f67d123 f13:4200e1b0
15113322ns          294304 1c00824c 0046270b p.lw             x14, 4(x12!)        x14=3f7e7bb4 x12=10000db8 x12:10000db4  PA:10000db4
15113362ns          294306 1c008250 08b77753 fsub.s           f14, f14, f11       f14=xxxxxxxx f14:3f7e7bb4 f11:3d392052
15113382ns          294307 1c008254 68e776c3 fmadd.s          f13, f14, f14, f13  f13=xxxxxxxx f14:3f72e9af f14:3f72e9af f13:4204295c
15113402ns          294308 1c00824c 0046270b p.lw             x14, 4(x12!)        x14=3f7ec976 x12=10000dbc x12:10000db8  PA:10000db8
15113442ns          294310 1c008250 08b77753 fsub.s           f14, f14, f11       f14=xxxxxxxx f14:3f7ec976 f11:3d392052
15113462ns          294311 1c008254 68e776c3 fmadd.s          f13, f14, f14, f13  f13=xxxxxxxx f14:3f733771 f14:3f733771 f13:4207c357
15113482ns          294312 1c00824c 0046270b p.lw             x14, 4(x12!)        x14=3f744923 x12=10000dc0 x12:10000dbc  PA:10000dbc
15113522ns          294314 1c008250 08b77753 fsub.s           f14, f14, f11       f14=xxxxxxxx f14:3f744923 f11:3d392052
15113542ns          294315 1c008254 68e776c3 fmadd.s          f13, f14, f14, f13  f13=xxxxxxxx f14:3f68b71e f14:3f68b71e f13:420b5fa0
15113562ns          294316 1c00824c 0046270b p.lw             x14, 4(x12!)        x14=3f5f6cbb x12=10000dc4 x12:10000dc0  PA:10000dc0
15113603ns          294318 1c008250 08b77753 fsub.s           f14, f14, f11       f14=xxxxxxxx f14:3f5f6cbb f11:3d392052
15113623ns          294319 1c008254 68e776c3 fmadd.s          f13, f14, f14, f13  f13=xxxxxxxx f14:3f53dab6 f14:3f53dab6 f13:420eadd2
15113643ns          294320 1c00824c 0046270b p.lw             x14, 4(x12!)        x14=3f4116b8 x12=10000dc8 x12:10000dc4  PA:10000dc4
15113683ns          294322 1c008250 08b77753 fsub.s           f14, f14, f11       f14=xxxxxxxx f14:3f4116b8 f11:3d392052
15113703ns          294323 1c008254 68e776c3 fmadd.s          f13, f14, f14, f13  f13=xxxxxxxx f14:3f3584b3 f14:3f3584b3 f13:42116b1b
15113723ns          294324 1c00824c 0046270b p.lw             x14, 4(x12!)        x14=3f1a9070 x12=10000dcc x12:10000dc8  PA:10000dc8
15113763ns          294326 1c008250 08b77753 fsub.s           f14, f14, f11       f14=xxxxxxxx f14:3f1a9070 f11:3d392052
15113783ns          294327 1c008254 68e776c3 fmadd.s          f13, f14, f14, f13  f13=xxxxxxxx f14:3f0efe6b f14:3f0efe6b f13:42136def
15113803ns          294328 1c00824c 0046270b p.lw             x14, 4(x12!)        x14=3edaf84c x12=10000dd0 x12:10000dcc  PA:10000dcc
15113843ns          294330 1c008250 08b77753 fsub.s           f14, f14, f11       f14=xxxxxxxx f14:3edaf84c f11:3d392052
15113863ns          294331 1c008254 68e776c3 fmadd.s          f13, f14, f14, f13  f13=xxxxxxxx f14:3ec3d442 f14:3ec3d442 f13:4214ad6c
15113883ns          294332 1c00824c 0046270b p.lw             x14, 4(x12!)        x14=3e6f0cf0 x12=10000dd4 x12:10000dd0  PA:10000dd0
15113924ns          294334 1c008250 08b77753 fsub.s           f14, f14, f11       f14=xxxxxxxx f14:3e6f0cf0 f11:3d392052
15113944ns          294335 1c008254 68e776c3 fmadd.s          f13, f14, f14, f13  f13=xxxxxxxx f14:3e40c4dc f14:3e40c4dc f13:42154339
15113964ns          294336 1c00824c 0046270b p.lw             x14, 4(x12!)        x14=3cf02ff7 x12=10000dd8 x12:10000dd4  PA:10000dd4
15114004ns          294338 1c008250 08b77753 fsub.s           f14, f14, f11       f14=xxxxxxxx f14:3cf02ff7 f11:3d392052
15114024ns          294339 1c008254 68e776c3 fmadd.s          f13, f14, f14, f13  f13=xxxxxxxx f14:bc8210ad f14:bc8210ad f13:42156783
15114044ns          294340 1c00824c 0046270b p.lw             x14, 4(x12!)        x14=be3446d4 x12=10000ddc x12:10000dd8  PA:10000dd8
15114084ns          294342 1c008250 08b77753 fsub.s           f14, f14, f11       f14=xxxxxxxx f14:be3446d4 f11:3d392052
15114104ns          294343 1c008254 68e776c3 fmadd.s          f13, f14, f14, f13  f13=xxxxxxxx f14:be628ee8 f14:be628ee8 f13:421567c5
15114124ns          294344 1c00824c 0046270b p.lw             x14, 4(x12!)        x14=bebf7743 x12=10000de0 x12:10000ddc  PA:10000ddc
15114164ns          294346 1c008250 08b77753 fsub.s           f14, f14, f11       f14=xxxxxxxx f14:bebf7743 f11:3d392052
15114184ns          294347 1c008254 68e776c3 fmadd.s          f13, f14, f14, f13  f13=xxxxxxxx f14:bed69b4d f14:bed69b4d f13:421599e5
15114204ns          294348 1c00824c 0046270b p.lw             x14, 4(x12!)        x14=bf0e563c x12=10000de4 x12:10000de0  PA:10000de0
15114245ns          294350 1c008250 08b77753 fsub.s           f14, f14, f11       f14=xxxxxxxx f14:bf0e563c f11:3d392052
15114265ns          294351 1c008254 68e776c3 fmadd.s          f13, f14, f14, f13  f13=xxxxxxxx f14:bf19e841 f14:bf19e841 f13:42164dcd
15114285ns          294352 1c00824c 0046270b p.lw             x14, 4(x12!)        x14=bf36e78f x12=10000de8 x12:10000de4  PA:10000de4
15114325ns          294354 1c008250 08b77753 fsub.s           f14, f14, f11       f14=xxxxxxxx f14:bf36e78f f11:3d392052
15114345ns          294355 1c008254 68e776c3 fmadd.s          f13, f14, f14, f13  f13=xxxxxxxx f14:bf427994 f14:bf427994 f13:4217bfeb
15114365ns          294356 1c00824c 0046270b p.lw             x14, 4(x12!)        x14=bf57b731 x12=10000dec x12:10000de8  PA:10000de8
15114405ns          294358 1c008250 08b77753 fsub.s           f14, f14, f11       f14=xxxxxxxx f14:bf57b731 f11:3d392052
15114425ns          294359 1c008254 68e776c3 fmadd.s          f13, f14, f14, f13  f13=xxxxxxxx f14:bf634936 f14:bf634936 f13:421a0edd
15114445ns          294360 1c00824c 0046270b p.lw             x14, 4(x12!)        x14=bf6f60e8 x12=10000df0 x12:10000dec  PA:10000dec
15114485ns          294362 1c008250 08b77753 fsub.s           f14, f14, f11       f14=xxxxxxxx f14:bf6f60e8 f11:3d392052
15114505ns          294363 1c008254 68e776c3 fmadd.s          f13, f14, f14, f13  f13=xxxxxxxx f14:bf7af2ed f14:bf7af2ed f13:421d3609
15114526ns          294364 1c00824c 0046270b p.lw             x14, 4(x12!)        x14=bf7ce3d0 x12=10000df4 x12:10000df0  PA:10000df0
15114566ns          294366 1c008250 08b77753 fsub.s           f14, f14, f11       f14=xxxxxxxx f14:bf7ce3d0 f11:3d392052
15114586ns          294367 1c008254 68e776c3 fmadd.s          f13, f14, f14, f13  f13=xxxxxxxx f14:bf843aeb f14:bf843aeb f13:42210e06
15114606ns          294368 1c00824c 0046270b p.lw             x14, 4(x12!)        x14=bf7fad3b x12=10000df8 x12:10000df4  PA:10000df4
15114646ns          294370 1c008250 08b77753 fsub.s           f14, f14, f11       f14=xxxxxxxx f14:bf7fad3b f11:3d392052
15114666ns          294371 1c008254 68e776c3 fmadd.s          f13, f14, f14, f13  f13=xxxxxxxx f14:bf859fa0 f14:bf859fa0 f13:422552d3
15114686ns          294372 1c00824c 0046270b p.lw             x14, 4(x12!)        x14=bf779ee8 x12=10000dfc x12:10000df8  PA:10000df8
15114726ns          294374 1c008250 08b77753 fsub.s           f14, f14, f11       f14=xxxxxxxx f14:bf779ee8 f11:3d392052
15114746ns          294375 1c008254 68e776c3 fmadd.s          f13, f14, f14, f13  f13=xxxxxxxx f14:bf819877 f14:bf819877 f13:4229aec7
15114766ns          294376 1c00824c 0046270b p.lw             x14, 4(x12!)        x14=bf65104b x12=10000e00 x12:10000dfc  PA:10000dfc
15114806ns          294378 1c008250 08b77753 fsub.s           f14, f14, f11       f14=xxxxxxxx f14:bf65104b f11:3d392052
15114827ns          294379 1c008254 68e776c3 fmadd.s          f13, f14, f14, f13  f13=xxxxxxxx f14:bf70a250 f14:bf70a250 f13:422dc877
15114847ns          294380 1c00824c 0046270b p.lw             x14, 4(x12!)        x14=bf48cadb x12=10000e04 x12:10000e00  PA:10000e00
15114887ns          294382 1c008250 08b77753 fsub.s           f14, f14, f11       f14=xxxxxxxx f14:bf48cadb f11:3d392052
15114907ns          294383 1c008254 68e776c3 fmadd.s          f13, f14, f14, f13  f13=xxxxxxxx f14:bf545ce0 f14:bf545ce0 f13:4231513a
15114927ns          294384 1c00824c 0046270b p.lw             x14, 4(x12!)        x14=bf240184 x12=10000e08 x12:10000e04  PA:10000e04
15114967ns          294386 1c008250 08b77753 fsub.s           f14, f14, f11       f14=xxxxxxxx f14:bf240184 f11:3d392052
15114987ns          294387 1c008254 68e776c3 fmadd.s          f13, f14, f14, f13  f13=xxxxxxxx f14:bf2f9389 f14:bf2f9389 f13:423411e2
15115007ns          294388 1c00824c 0046270b p.lw             x14, 4(x12!)        x14=bef08751 x12=10000e0c x12:10000e08  PA:10000e08
15115047ns          294390 1c008250 08b77753 fsub.s           f14, f14, f11       f14=xxxxxxxx f14:bef08751 f11:3d392052
15115067ns          294391 1c008254 68e776c3 fmadd.s          f13, f14, f14, f13  f13=xxxxxxxx f14:bf03d5ae f14:bf03d5ae f13:4235f38e
15115087ns          294392 1c00824c 0046270b p.lw             x14, 4(x12!)        x14=be8ed850 x12=10000e10 x12:10000e0c  PA:10000e0c
15115128ns          294394 1c008250 08b77753 fsub.s           f14, f14, f11       f14=xxxxxxxx f14:be8ed850 f11:3d392052
15115148ns          294395 1c008254 68e776c3 fmadd.s          f13, f14, f14, f13  f13=xxxxxxxx f14:bea5fc5a f14:bea5fc5a f13:42370320
15115168ns          294396 1c00824c 0046270b p.lw             x14, 4(x12!)        x14=bd9c69fb x12=10000e14 x12:10000e10  PA:10000e10
15115208ns          294398 1c008250 08b77753 fsub.s           f14, f14, f11       f14=xxxxxxxx f14:bd9c69fb f11:3d392052
15115228ns          294399 1c008254 68e776c3 fmadd.s          f13, f14, f14, f13  f13=xxxxxxxx f14:bdf8fa24 f14:bdf8fa24 f13:42376ebf
15115248ns          294400 1c00824c 0046270b p.lw             x14, 4(x12!)        x14=3e0497a9 x12=10000e18 x12:10000e14  PA:10000e14
15115288ns          294402 1c008250 08b77753 fsub.s           f14, f14, f11       f14=xxxxxxxx f14:3e0497a9 f11:3d392052
15115308ns          294403 1c008254 68e776c3 fmadd.s          f13, f14, f14, f13  f13=xxxxxxxx f14:3dac9f29 f14:3dac9f29 f13:42377de1
15115328ns          294404 1c00824c 0046270b p.lw             x14, 4(x12!)        x14=3ea8e270 x12=10000e1c x12:10000e18  PA:10000e18
15115368ns          294406 1c008250 08b77753 fsub.s           f14, f14, f11       f14=xxxxxxxx f14:3ea8e270 f11:3d392052
15115388ns          294407 1c008254 68e776c3 fmadd.s          f13, f14, f14, f13  f13=xxxxxxxx f14:3e91be66 f14:3e91be66 f13:42378527
15115408ns          294408 1c00824c 0046270b p.lw             x14, 4(x12!)        x14=3f0427c3 x12=10000e20 x12:10000e1c  PA:10000e1c
15115449ns          294410 1c008250 08b77753 fsub.s           f14, f14, f11       f14=xxxxxxxx f14:3f0427c3 f11:3d392052
15115469ns          294411 1c008254 68e776c3 fmadd.s          f13, f14, f14, f13  f13=xxxxxxxx f14:3ef12b7c f14:3ef12b7c f13:4237d820
15115489ns          294412 1c00824c 0046270b p.lw             x14, 4(x12!)        x14=3f2e4393 x12=10000e24 x12:10000e20  PA:10000e20
15115529ns          294414 1c008250 08b77753 fsub.s           f14, f14, f11       f14=xxxxxxxx f14:3f2e4393 f11:3d392052
15115549ns          294415 1c008254 68e776c3 fmadd.s          f13, f14, f14, f13  f13=xxxxxxxx f14:3f22b18e f14:3f22b18e f13:4238bb53
15115569ns          294416 1c00824c 0046270b p.lw             x14, 4(x12!)        x14=3f50fb7f x12=10000e28 x12:10000e24  PA:10000e24
15115609ns          294418 1c008250 08b77753 fsub.s           f14, f14, f11       f14=xxxxxxxx f14:3f50fb7f f11:3d392052
15115629ns          294419 1c008254 68e776c3 fmadd.s          f13, f14, f14, f13  f13=xxxxxxxx f14:3f45697a f14:3f45697a f13:423a58e8
15115649ns          294420 1c00824c 0046270b p.lw             x14, 4(x12!)        x14=3f6ad69a x12=10000e2c x12:10000e28  PA:10000e28
15115689ns          294422 1c008250 08b77753 fsub.s           f14, f14, f11       f14=xxxxxxxx f14:3f6ad69a f11:3d392052
15115709ns          294423 1c008254 68e776c3 fmadd.s          f13, f14, f14, f13  f13=xxxxxxxx f14:3f5f4495 f14:3f5f4495 f13:423cb9d6
15115729ns          294424 1c00824c 0046270b p.lw             x14, 4(x12!)        x14=3f7abc2f x12=10000e30 x12:10000e2c  PA:10000e2c
15115770ns          294426 1c008250 08b77753 fsub.s           f14, f14, f11       f14=xxxxxxxx f14:3f7abc2f f11:3d392052
15115790ns          294427 1c008254 68e776c3 fmadd.s          f13, f14, f14, f13  f13=xxxxxxxx f14:3f6f2a2a f14:3f6f2a2a f13:423fc4b8
15115810ns          294428 1c00824c 0046270b p.lw             x14, 4(x12!)        x14=3f7fffac x12=10000e34 x12:10000e30  PA:10000e30
15115850ns          294430 1c008250 08b77753 fsub.s           f14, f14, f11       f14=xxxxxxxx f14:3f7fffac f11:3d392052
15115870ns          294431 1c008254 68e776c3 fmadd.s          f13, f14, f14, f13  f13=xxxxxxxx f14:3f746da7 f14:3f746da7 f13:42434277
15115890ns          294432 1c00824c 0046270b p.lw             x14, 4(x12!)        x14=3f7a67ec x12=10000e38 x12:10000e34  PA:10000e34
15115930ns          294434 1c008250 08b77753 fsub.s           f14, f14, f11       f14=xxxxxxxx f14:3f7a67ec f11:3d392052
15115950ns          294435 1c008254 68e776c3 fmadd.s          f13, f14, f14, f13  f13=xxxxxxxx f14:3f6ed5e7 f14:3f6ed5e7 f13:4246e7fc
15115970ns          294436 1c00824c 0046270b p.lw             x14, 4(x12!)        x14=3f6a31a6 x12=10000e3c x12:10000e38  PA:10000e38
15116010ns          294438 1c008250 08b77753 fsub.s           f14, f14, f11       f14=xxxxxxxx f14:3f6a31a6 f11:3d392052
15116030ns          294439 1c008254 68e776c3 fmadd.s          f13, f14, f14, f13  f13=xxxxxxxx f14:3f5e9fa1 f14:3f5e9fa1 f13:424a6346
15116051ns          294440 1c00824c 0046270b p.lw             x14, 4(x12!)        x14=3f500cda x12=10000e40 x12:10000e3c  PA:10000e3c
15116091ns          294442 1c008250 08b77753 fsub.s           f14, f14, f11       f14=xxxxxxxx f14:3f500cda f11:3d392052
15116111ns          294443 1c008254 68e776c3 fmadd.s          f13, f14, f14, f13  f13=xxxxxxxx f14:3f447ad5 f14:3f447ad5 f13:424d69ab
15116131ns          294444 1c00824c 0046270b p.lw             x14, 4(x12!)        x14=3f2d155c x12=10000e44 x12:10000e40  PA:10000e40
15116171ns          294446 1c008250 08b77753 fsub.s           f14, f14, f11       f14=xxxxxxxx f14:3f2d155c f11:3d392052
15116191ns          294447 1c008254 68e776c3 fmadd.s          f13, f14, f14, f13  f13=xxxxxxxx f14:3f218357 f14:3f218357 f13:424fc4dc
15116211ns          294448 1c00824c 0046270b p.lw             x14, 4(x12!)        x14=3f02c6cc x12=10000e48 x12:10000e44  PA:10000e44
15116251ns          294450 1c008250 08b77753 fsub.s           f14, f14, f11       f14=xxxxxxxx f14:3f02c6cc f11:3d392052
15116271ns          294451 1c008254 68e776c3 fmadd.s          f13, f14, f14, f13  f13=xxxxxxxx f14:3eee698e f14:3eee698e f13:42515c76
15116291ns          294452 1c00824c 0046270b p.lw             x14, 4(x12!)        x14=3ea5d8ef x12=10000e4c x12:10000e48  PA:10000e48
15116331ns          294454 1c008250 08b77753 fsub.s           f14, f14, f11       f14=xxxxxxxx f14:3ea5d8ef f11:3d392052
15116351ns          294455 1c008254 68e776c3 fmadd.s          f13, f14, f14, f13  f13=xxxxxxxx f14:3e8eb4e5 f14:3e8eb4e5 f13:42523a7e
15116372ns          294456 1c00824c 0046270b p.lw             x14, 4(x12!)        x14=3dfc6ef5 x12=10000e50 x12:10000e4c  PA:10000e4c
15116412ns          294458 1c008250 08b77753 fsub.s           f14, f14, f11       f14=xxxxxxxx f14:3dfc6ef5 f11:3d392052
15116432ns          294459 1c008254 68e776c3 fmadd.s          f13, f14, f14, f13  f13=xxxxxxxx f14:3d9fdecc f14:3d9fdecc f13:42528a0b
15116452ns          294460 1c00824c 0046270b p.lw             x14, 4(x12!)        x14=bda93a43 x12=10000e54 x12:10000e50  PA:10000e50
15116492ns          294462 1c008250 08b77753 fsub.s           f14, f14, f11       f14=xxxxxxxx f14:bda93a43 f11:3d392052
15116512ns          294463 1c008254 68e776c3 fmadd.s          f13, f14, f14, f13  f13=xxxxxxxx f14:be02e536 f14:be02e536 f13:42529048
15116532ns          294464 1c00824c 0046270b p.lw             x14, 4(x12!)        x14=be91ed97 x12=10000e58 x12:10000e54  PA:10000e54
15116572ns          294466 1c008250 08b77753 fsub.s           f14, f14, f11       f14=xxxxxxxx f14:be91ed97 f11:3d392052
15116592ns          294467 1c008254 68e776c3 fmadd.s          f13, f14, f14, f13  f13=xxxxxxxx f14:bea911a1 f14:bea911a1 f13:4252a103
15116612ns          294468 1c00824c 0046270b p.lw             x14, 4(x12!)        x14=bef35c5a x12=10000e5c x12:10000e58  PA:10000e58
15116652ns          294470 1c008250 08b77753 fsub.s           f14, f14, f11       f14=xxxxxxxx f14:bef35c5a f11:3d392052
15116673ns          294471 1c008254 68e776c3 fmadd.s          f13, f14, f14, f13  f13=xxxxxxxx f14:bf054032 f14:bf054032 f13:425310ab
15116693ns          294472 1c00824c 0046270b p.lw             x14, 4(x12!)        x14=bf253c88 x12=10000e60 x12:10000e5c  PA:10000e5c
15116733ns          294474 1c008250 08b77753 fsub.s           f14, f14, f11       f14=xxxxxxxx f14:bf253c88 f11:3d392052
15116753ns          294475 1c008254 68e776c3 fmadd.s          f13, f14, f14, f13  f13=xxxxxxxx f14:bf30ce8d f14:bf30ce8d f13:4254261a
15116773ns          294476 1c00824c 0046270b p.lw             x14, 4(x12!)        x14=bf49c902 x12=10000e64 x12:10000e60  PA:10000e60
15116813ns          294478 1c008250 08b77753 fsub.s           f14, f14, f11       f14=xxxxxxxx f14:bf49c902 f11:3d392052
15116833ns          294479 1c008254 68e776c3 fmadd.s          f13, f14, f14, f13  f13=xxxxxxxx f14:bf555b07 f14:bf555b07 f13:42560e8d
15116853ns          294480 1c00824c 0046270b p.lw             x14, 4(x12!)        x14=bf65c6ce x12=10000e68 x12:10000e64  PA:10000e64
15116893ns          294482 1c008250 08b77753 fsub.s           f14, f14, f11       f14=xxxxxxxx f14:bf65c6ce f11:3d392052
15116913ns          294483 1c008254 68e776c3 fmadd.s          f13, f14, f14, f13  f13=xxxxxxxx f14:bf7158d3 f14:bf7158d3 f13:4258d5cf
15116933ns          294484 1c00824c 0046270b p.lw             x14, 4(x12!)        x14=bf780609 x12=10000e6c x12:10000e68  PA:10000e68
15116974ns          294486 1c008250 08b77753 fsub.s           f14, f14, f11       f14=xxxxxxxx f14:bf780609 f11:3d392052
15116994ns          294487 1c008254 68e776c3 fmadd.s          f13, f14, f14, f13  f13=xxxxxxxx f14:bf81cc07 f14:bf81cc07 f13:425c63f0
15117014ns          294488 1c00824c 0046270b p.lw             x14, 4(x12!)        x14=bf7fc09c x12=10000e70 x12:10000e6c  PA:10000e6c
15117054ns          294490 1c008250 08b77753 fsub.s           f14, f14, f11       f14=xxxxxxxx f14:bf7fc09c f11:3d392052
15117074ns          294491 1c008254 68e776c3 fmadd.s          f13, f14, f14, f13  f13=xxxxxxxx f14:bf85a951 f14:bf85a951 f13:426080e4
15117094ns          294492 1c00824c 0046270b p.lw             x14, 4(x12!)        x14=bf7ca29d x12=10000e74 x12:10000e70  PA:10000e70
15117134ns          294494 1c008250 08b77753 fsub.s           f14, f14, f11       f14=xxxxxxxx f14:bf7ca29d f11:3d392052
15117154ns          294495 1c008254 68e776c3 fmadd.s          f13, f14, f14, f13  f13=xxxxxxxx f14:bf841a51 f14:bf841a51 f13:4264dd7a
15117174ns          294496 1c00824c 0046270b p.lw             x14, 4(x12!)        x14=bf6ecde6 x12=10000e78 x12:10000e74  PA:10000e74
15117214ns          294498 1c008250 08b77753 fsub.s           f14, f14, f11       f14=xxxxxxxx f14:bf6ecde6 f11:3d392052
15117234ns          294499 1c008254 68e776c3 fmadd.s          f13, f14, f14, f13  f13=xxxxxxxx f14:bf7a5feb f14:bf7a5feb f13:4269202c
15117254ns          294500 1c00824c 0046270b p.lw             x14, 4(x12!)        x14=bf56d89a x12=10000e7c x12:10000e78  PA:10000e78
15117295ns          294502 1c008250 08b77753 fsub.s           f14, f14, f11       f14=xxxxxxxx f14:bf56d89a f11:3d392052
15117315ns          294503 1c008254 68e776c3 fmadd.s          f13, f14, f14, f13  f13=xxxxxxxx f14:bf626a9f f14:bf626a9f f13:426cf3aa
15117335ns          294504 1c00824c 0046270b p.lw             x14, 4(x12!)        x14=bf35c6d6 x12=10000e80 x12:10000e7c  PA:10000e7c
15117375ns          294506 1c008250 08b77753 fsub.s           f14, f14, f11       f14=xxxxxxxx f14:bf35c6d6 f11:3d392052
15117395ns          294507 1c008254 68e776c3 fmadd.s          f13, f14, f14, f13  f13=xxxxxxxx f14:bf4158db f14:bf4158db f13:427014ac
15117415ns          294508 1c00824c 0046270b p.lw             x14, 4(x12!)        x14=bf0cff9e x12=10000e84 x12:10000e80  PA:10000e80
15117455ns          294510 1c008250 08b77753 fsub.s           f14, f14, f11       f14=xxxxxxxx f14:bf0cff9e f11:3d392052
15117475ns          294511 1c008254 68e776c3 fmadd.s          f13, f14, f14, f13  f13=xxxxxxxx f14:bf1891a3 f14:bf1891a3 f13:42725cc8
15117495ns          294512 1c00824c 0046270b p.lw             x14, 4(x12!)        x14=bebc7b52 x12=10000e88 x12:10000e84  PA:10000e84
15117535ns          294514 1c008250 08b77753 fsub.s           f14, f14, f11       f14=xxxxxxxx f14:bebc7b52 f11:3d392052
15117555ns          294515 1c008254 68e776c3 fmadd.s          f13, f14, f14, f13  f13=xxxxxxxx f14:bed39f5c f14:bed39f5c f13:4273c87d
15117575ns          294516 1c00824c 0046270b p.lw             x14, 4(x12!)        x14=be2df247 x12=10000e8c x12:10000e88  PA:10000e88
15117616ns          294518 1c008250 08b77753 fsub.s           f14, f14, f11       f14=xxxxxxxx f14:be2df247 f11:3d392052
15117636ns          294519 1c008254 68e776c3 fmadd.s          f13, f14, f14, f13  f13=xxxxxxxx f14:be5c3a5c f14:be5c3a5c f13:4274776d
15117656ns          294520 1c00824c 0046270b p.lw             x14, 4(x12!)        x14=3d11ca13 x12=10000e90 x12:10000e8c  PA:10000e8c
15117696ns          294522 1c008250 08b77753 fsub.s           f14, f14, f11       f14=xxxxxxxx f14:3d11ca13 f11:3d392052
15117716ns          294523 1c008254 68e776c3 fmadd.s          f13, f14, f14, f13  f13=xxxxxxxx f14:bc1d58fc f14:bc1d58fc f13:4274a6ca
15117736ns          294524 1c00824c 0046270b p.lw             x14, 4(x12!)        x14=3e754ba2 x12=10000e94 x12:10000e90  PA:10000e90
15117776ns          294526 1c008250 08b77753 fsub.s           f14, f14, f11       f14=xxxxxxxx f14:3e754ba2 f11:3d392052
15117796ns          294527 1c008254 68e776c3 fmadd.s          f13, f14, f14, f13  f13=xxxxxxxx f14:3e47038e f14:3e47038e f13:4274a6e2
15117816ns          294528 1c00824c 0046270b p.lw             x14, 4(x12!)        x14=3edddeda x12=10000e98 x12:10000e94  PA:10000e94
15117856ns          294530 1c008250 08b77753 fsub.s           f14, f14, f11       f14=xxxxxxxx f14:3edddeda f11:3d392052
15117876ns          294531 1c008254 68e776c3 fmadd.s          f13, f14, f14, f13  f13=xxxxxxxx f14:3ec6bad0 f14:3ec6bad0 f13:4274cd90
15117897ns          294532 1c00824c 0046270b p.lw             x14, 4(x12!)        x14=3f1bd792 x12=10000e9c x12:10000e98  PA:10000e98
15117937ns          294534 1c008250 08b77753 fsub.s           f14, f14, f11       f14=xxxxxxxx f14:3f1bd792 f11:3d392052
15117957ns          294535 1c008254 68e776c3 fmadd.s          f13, f14, f14, f13  f13=xxxxxxxx f14:3f10458d f14:3f10458d f13:427567d6
15117977ns          294536 1c00824c 0046270b p.lw             x14, 4(x12!)        x14=3f4223d5 x12=10000ea0 x12:10000e9c  PA:10000e9c
15118017ns          294538 1c008250 08b77753 fsub.s           f14, f14, f11       f14=xxxxxxxx f14:3f4223d5 f11:3d392052
15118037ns          294539 1c008254 68e776c3 fmadd.s          f13, f14, f14, f13  f13=xxxxxxxx f14:3f3691d0 f14:3f3691d0 f13:4276ad0f
15118057ns          294540 1c00824c 0046270b p.lw             x14, 4(x12!)        x14=3f60346a x12=10000ea4 x12:10000ea0  PA:10000ea0
15118097ns          294542 1c008250 08b77753 fsub.s           f14, f14, f11       f14=xxxxxxxx f14:3f60346a f11:3d392052
15118117ns          294543 1c008254 68e776c3 fmadd.s          f13, f14, f14, f13  f13=xxxxxxxx f14:3f54a265 f14:3f54a265 f13:4278b5de
15118137ns          294544 1c00824c 0046270b p.lw             x14, 4(x12!)        x14=3f74c2eb x12=10000ea8 x12:10000ea4  PA:10000ea4
15118177ns          294546 1c008250 08b77753 fsub.s           f14, f14, f11       f14=xxxxxxxx f14:3f74c2eb f11:3d392052
15118198ns          294547 1c008254 68e776c3 fmadd.s          f13, f14, f14, f13  f13=xxxxxxxx f14:3f6930e6 f14:3f6930e6 f13:427b7853
15118218ns          294548 1c00824c 0046270b p.lw             x14, 4(x12!)        x14=3f7ef02d x12=10000eac x12:10000ea8  PA:10000ea8
15118258ns          294550 1c008250 08b77753 fsub.s           f14, f14, f11       f14=xxxxxxxx f14:3f7ef02d f11:3d392052
15118278ns          294551 1c008254 68e776c3 fmadd.s          f13, f14, f14, f13  f13=xxxxxxxx f14:3f735e28 f14:3f735e28 f13:427ec9fb
15118298ns          294552 1c00824c 0046270b p.lw             x14, 4(x12!)        x14=3f7e4db5 x12=10000eb0 x12:10000eac  PA:10000eac
15118338ns          294554 1c008250 08b77753 fsub.s           f14, f14, f11       f14=xxxxxxxx f14:3f7e4db5 f11:3d392052
15118358ns          294555 1c008254 68e776c3 fmadd.s          f13, f14, f14, f13  f13=xxxxxxxx f14:3f72bbb0 f14:3f72bbb0 f13:428133b5
15118378ns          294556 1c00824c 0046270b p.lw             x14, 4(x12!)        x14=3f72e267 x12=10000eb4 x12:10000eb0  PA:10000eb0
15118418ns          294558 1c008250 08b77753 fsub.s           f14, f14, f11       f14=xxxxxxxx f14:3f72e267 f11:3d392052
15118438ns          294559 1c008254 68e776c3 fmadd.s          f13, f14, f14, f13  f13=xxxxxxxx f14:3f675062 f14:3f675062 f13:42830004
15118458ns          294560 1c00824c 0046270b p.lw             x14, 4(x12!)        x14=3f5d2a3b x12=10000eb8 x12:10000eb4  PA:10000eb4
15118498ns          294562 1c008250 08b77753 fsub.s           f14, f14, f11       f14=xxxxxxxx f14:3f5d2a3b f11:3d392052
15118519ns          294563 1c008254 68e776c3 fmadd.s          f13, f14, f14, f13  f13=xxxxxxxx f14:3f519836 f14:3f519836 f13:4284a208
15118539ns          294564 1c00824c 0046270b p.lw             x14, 4(x12!)        x14=3f3e10fb x12=10000ebc x12:10000eb8  PA:10000eb8
15118579ns          294566 1c008250 08b77753 fsub.s           f14, f14, f11       f14=xxxxxxxx f14:3f3e10fb f11:3d392052
15118599ns          294567 1c008254 68e776c3 fmadd.s          f13, f14, f14, f13  f13=xxxxxxxx f14:3f327ef6 f14:3f327ef6 f13:4285f93c
15118619ns          294568 1c00824c 0046270b p.lw             x14, 4(x12!)        x14=3f16e849 x12=10000ec0 x12:10000ebc  PA:10000ebc
15118659ns          294570 1c008250 08b77753 fsub.s           f14, f14, f11       f14=xxxxxxxx f14:3f16e849 f11:3d392052
15118679ns          294571 1c008254 68e776c3 fmadd.s          f13, f14, f14, f13  f13=xxxxxxxx f14:3f0b5644 f14:3f0b5644 f13:4286f226
15118699ns          294572 1c00824c 0046270b p.lw             x14, 4(x12!)        x14=3ed2b28b x12=10000ec4 x12:10000ec0  PA:10000ec0
15118739ns          294574 1c008250 08b77753 fsub.s           f14, f14, f11       f14=xxxxxxxx f14:3ed2b28b f11:3d392052
15118759ns          294575 1c008254 68e776c3 fmadd.s          f13, f14, f14, f13  f13=xxxxxxxx f14:3ebb8e81 f14:3ebb8e81 f13:428789d4
15118779ns          294576 1c00824c 0046270b p.lw             x14, 4(x12!)        x14=3e5d4a27 x12=10000ec8 x12:10000ec4  PA:10000ec4
15118820ns          294578 1c008250 08b77753 fsub.s           f14, f14, f11       f14=xxxxxxxx f14:3e5d4a27 f11:3d392052
15118840ns          294579 1c008254 68e776c3 fmadd.s          f13, f14, f14, f13  f13=xxxxxxxx f14:3e2f0212 f14:3e2f0212 f13:4287ce89
15118860ns          294580 1c00824c 0046270b p.lw             x14, 4(x12!)        x14=3c3cccd2 x12=10000ecc x12:10000ec8  PA:10000ec8
15118900ns          294582 1c008250 08b77753 fsub.s           f14, f14, f11       f14=xxxxxxxx f14:3c3cccd2 f11:3d392052
15118920ns          294583 1c008254 68e776c3 fmadd.s          f13, f14, f14, f13  f13=xxxxxxxx f14:bd09ed1e f14:bd09ed1e f13:4287dd7d
15118940ns          294584 1c00824c 0046270b p.lw             x14, 4(x12!)        x14=be4630a3 x12=10000ed0 x12:10000ecc  PA:10000ecc
15118980ns          294586 1c008250 08b77753 fsub.s           f14, f14, f11       f14=xxxxxxxx f14:be4630a3 f11:3d392052
15119000ns          294587 1c008254 68e776c3 fmadd.s          f13, f14, f14, f13  f13=xxxxxxxx f14:be7478b8 f14:be7478b8 f13:4287de12
15119020ns          294588 1c00824c 0046270b p.lw             x14, 4(x12!)        x14=bec7e33c x12=10000ed4 x12:10000ed0  PA:10000ed0
15119060ns          294590 1c008250 08b77753 fsub.s           f14, f14, f11       f14=xxxxxxxx f14:bec7e33c f11:3d392052
15119080ns          294591 1c008254 68e776c3 fmadd.s          f13, f14, f14, f13  f13=xxxxxxxx f14:bedf0746 f14:bedf0746 f13:4287fb41
15119100ns          294592 1c00824c 0046270b p.lw             x14, 4(x12!)        x14=bf121a09 x12=10000ed8 x12:10000ed4  PA:10000ed4
15119141ns          294594 1c008250 08b77753 fsub.s           f14, f14, f11       f14=xxxxxxxx f14:bf121a09 f11:3d392052
15119161ns          294595 1c008254 68e776c3 fmadd.s          f13, f14, f14, f13  f13=xxxxxxxx f14:bf1dac0e f14:bf1dac0e f13:42885c68
15119181ns          294596 1c00824c 0046270b p.lw             x14, 4(x12!)        x14=bf3a104d x12=10000edc x12:10000ed8  PA:10000ed8
15119221ns          294598 1c008250 08b77753 fsub.s           f14, f14, f11       f14=xxxxxxxx f14:bf3a104d f11:3d392052
15119241ns          294599 1c008254 68e776c3 fmadd.s          f13, f14, f14, f13  f13=xxxxxxxx f14:bf45a252 f14:bf45a252 f13:42891ea1
15119261ns          294600 1c00824c 0046270b p.lw             x14, 4(x12!)        x14=bf5a2294 x12=10000ee0 x12:10000edc  PA:10000edc
15119301ns          294602 1c008250 08b77753 fsub.s           f14, f14, f11       f14=xxxxxxxx f14:bf5a2294 f11:3d392052
15119321ns          294603 1c008254 68e776c3 fmadd.s          f13, f14, f14, f13  f13=xxxxxxxx f14:bf65b499 f14:bf65b499 f13:428a4fc7
15119341ns          294604 1c00824c 0046270b p.lw             x14, 4(x12!)        x14=bf70f4ac x12=10000ee4 x12:10000ee0  PA:10000ee0
15119381ns          294606 1c008250 08b77753 fsub.s           f14, f14, f11       f14=xxxxxxxx f14:bf70f4ac f11:3d392052
15119401ns          294607 1c008254 68e776c3 fmadd.s          f13, f14, f14, f13  f13=xxxxxxxx f14:bf7c86b1 f14:bf7c86b1 f13:428bec00
15119421ns          294608 1c00824c 0046270b p.lw             x14, 4(x12!)        x14=bf7d8ed6 x12=10000ee8 x12:10000ee4  PA:10000ee4
15119462ns          294610 1c008250 08b77753 fsub.s           f14, f14, f11       f14=xxxxxxxx f14:bf7d8ed6 f11:3d392052
15119482ns          294611 1c008254 68e776c3 fmadd.s          f13, f14, f14, f13  f13=xxxxxxxx f14:bf84906e f14:bf84906e f13:428dde33
15119502ns          294612 1c00824c 0046270b p.lw             x14, 4(x12!)        x14=bf7f6841 x12=10000eec x12:10000ee8  PA:10000ee8
15119542ns          294614 1c008250 08b77753 fsub.s           f14, f14, f11       f14=xxxxxxxx f14:bf7f6841 f11:3d392052
15119562ns          294615 1c008254 68e776c3 fmadd.s          f13, f14, f14, f13  f13=xxxxxxxx f14:bf857d23 f14:bf857d23 f13:4290035d
15119582ns          294616 1c00824c 0046270b p.lw             x14, 4(x12!)        x14=bf766cdc x12=10000ef0 x12:10000eec  PA:10000eec
15119622ns          294618 1c008250 08b77753 fsub.s           f14, f14, f11       f14=xxxxxxxx f14:bf766cdc f11:3d392052
15119642ns          294619 1c008254 68e776c3 fmadd.s          f13, f14, f14, f13  f13=xxxxxxxx f14:bf80ff71 f14:bf80ff71 f13:42923037
15119662ns          294620 1c00824c 0046270b p.lw             x14, 4(x12!)        x14=bf62fe27 x12=10000ef4 x12:10000ef0  PA:10000ef0
15119702ns          294622 1c008250 08b77753 fsub.s           f14, f14, f11       f14=xxxxxxxx f14:bf62fe27 f11:3d392052
15119722ns          294623 1c008254 68e776c3 fmadd.s          f13, f14, f14, f13  f13=xxxxxxxx f14:bf6e902c f14:bf6e902c f13:4294383a
15119743ns          294624 1c00824c 0046270b p.lw             x14, 4(x12!)        x14=bf45ef1a x12=10000ef8 x12:10000ef4  PA:10000ef4
15119783ns          294626 1c008250 08b77753 fsub.s           f14, f14, f11       f14=xxxxxxxx f14:bf45ef1a f11:3d392052
15119803ns          294627 1c008254 68e776c3 fmadd.s          f13, f14, f14, f13  f13=xxxxxxxx f14:bf51811f f14:bf51811f f13:4295f4db
15119823ns          294628 1c00824c 0046270b p.lw             x14, 4(x12!)        x14=bf207b2f x12=10000efc x12:10000ef8  PA:10000ef8
15119863ns          294630 1c008250 08b77753 fsub.s           f14, f14, f11       f14=xxxxxxxx f14:bf207b2f f11:3d392052
15119883ns          294631 1c008254 68e776c3 fmadd.s          f13, f14, f14, f13  f13=xxxxxxxx f14:bf2c0d34 f14:bf2c0d34 f13:42974bc3
15119903ns          294632 1c00824c 0046270b p.lw             x14, 4(x12!)        x14=bee87208 x12=10000f00 x12:10000efc  PA:10000efc
15119943ns          294634 1c008250 08b77753 fsub.s           f14, f14, f11       f14=xxxxxxxx f14:bee87208 f11:3d392052
15119963ns          294635 1c008254 68e776c3 fmadd.s          f13, f14, f14, f13  f13=xxxxxxxx f14:beff9612 f14:beff9612 f13:42983306
15119983ns          294636 1c00824c 0046270b p.lw             x14, 4(x12!)        x14=be861227 x12=10000f04 x12:10000f00  PA:10000f00
15120023ns          294638 1c008250 08b77753 fsub.s           f14, f14, f11       f14=xxxxxxxx f14:be861227 f11:3d392052
15120044ns          294639 1c008254 68e776c3 fmadd.s          f13, f14, f14, f13  f13=xxxxxxxx f14:be9d3631 f14:be9d3631 f13:4298b29c
15120064ns          294640 1c00824c 0046270b p.lw             x14, 4(x12!)        x14=bd7015be x12=10000f08 x12:10000f04  PA:10000f04
15120104ns          294642 1c008250 08b77753 fsub.s           f14, f14, f11       f14=xxxxxxxx f14:bd7015be f11:3d392052
15120124ns          294643 1c008254 68e776c3 fmadd.s          f13, f14, f14, f13  f13=xxxxxxxx f14:bdd49b08 f14:bdd49b08 f13:4298e2e2
15120144ns          294644 1c00824c 0046270b p.lw             x14, 4(x12!)        x14=3e16a4ff x12=10000f0c x12:10000f08  PA:10000f08
15120184ns          294646 1c008250 08b77753 fsub.s           f14, f14, f11       f14=xxxxxxxx f14:3e16a4ff f11:3d392052
15120204ns          294647 1c008254 68e776c3 fmadd.s          f13, f14, f14, f13  f13=xxxxxxxx f14:3dd0b9d5 f14:3dd0b9d5 f13:4298e867
15120224ns          294648 1c00824c 0046270b p.lw             x14, 4(x12!)        x14=3eb17605 x12=10000f10 x12:10000f0c  PA:10000f0c
15120264ns          294650 1c008250 08b77753 fsub.s           f14, f14, f11       f14=xxxxxxxx f14:3eb17605 f11:3d392052
15120284ns          294651 1c008254 68e776c3 fmadd.s          f13, f14, f14, f13  f13=xxxxxxxx f14:3e9a51fb f14:3e9a51fb f13:4298edb8
15120304ns          294652 1c00824c 0046270b p.lw             x14, 4(x12!)        x14=3f080973 x12=10000f14 x12:10000f10  PA:10000f10
15120344ns          294654 1c008250 08b77753 fsub.s           f14, f14, f11       f14=xxxxxxxx f14:3f080973 f11:3d392052
15120365ns          294655 1c008254 68e776c3 fmadd.s          f13, f14, f14, f13  f13=xxxxxxxx f14:3ef8eedc f14:3ef8eedc f13:42991c3b
15120385ns          294656 1c00824c 0046270b p.lw             x14, 4(x12!)        x14=3f319305 x12=10000f18 x12:10000f14  PA:10000f14
15120425ns          294658 1c008250 08b77753 fsub.s           f14, f14, f11       f14=xxxxxxxx f14:3f319305 f11:3d392052
15120445ns          294659 1c008254 68e776c3 fmadd.s          f13, f14, f14, f13  f13=xxxxxxxx f14:3f260100 f14:3f260100 f13:42999543
15120465ns          294660 1c00824c 0046270b p.lw             x14, 4(x12!)        x14=3f5394c3 x12=10000f1c x12:10000f18  PA:10000f18
15120505ns          294662 1c008250 08b77753 fsub.s           f14, f14, f11       f14=xxxxxxxx f14:3f5394c3 f11:3d392052
15120525ns          294663 1c008254 68e776c3 fmadd.s          f13, f14, f14, f13  f13=xxxxxxxx f14:3f4802be f14:3f4802be f13:429a6c8e
15120545ns          294664 1c00824c 0046270b p.lw             x14, 4(x12!)        x14=3f6c9d79 x12=10000f20 x12:10000f1c  PA:10000f1c
15120585ns          294666 1c008250 08b77753 fsub.s           f14, f14, f11       f14=xxxxxxxx f14:3f6c9d79 f11:3d392052
15120605ns          294667 1c008254 68e776c3 fmadd.s          f13, f14, f14, f13  f13=xxxxxxxx f14:3f610b74 f14:3f610b74 f13:429ba517
15120625ns          294668 1c00824c 0046270b p.lw             x14, 4(x12!)        x14=3f7b9d60 x12=10000f24 x12:10000f20  PA:10000f20
15120666ns          294670 1c008250 08b77753 fsub.s           f14, f14, f11       f14=xxxxxxxx f14:3f7b9d60 f11:3d392052
15120686ns          294671 1c008254 68e776c3 fmadd.s          f13, f14, f14, f13  f13=xxxxxxxx f14:3f700b5b f14:3f700b5b f13:429d30c1
15120706ns          294672 1c00824c 0046270b p.lw             x14, 4(x12!)        x14=3f7ff1a1 x12=10000f28 x12:10000f24  PA:10000f24
15120746ns          294674 1c008250 08b77753 fsub.s           f14, f14, f11       f14=xxxxxxxx f14:3f7ff1a1 f11:3d392052
15120766ns          294675 1c008254 68e776c3 fmadd.s          f13, f14, f14, f13  f13=xxxxxxxx f14:3f745f9c f14:3f745f9c f13:429ef2ec
15120786ns          294676 1c00824c 0046270b p.lw             x14, 4(x12!)        x14=3f796b3e x12=10000f2c x12:10000f28  PA:10000f28
15120826ns          294678 1c008250 08b77753 fsub.s           f14, f14, f11       f14=xxxxxxxx f14:3f796b3e f11:3d392052
15120846ns          294679 1c008254 68e776c3 fmadd.s          f13, f14, f14, f13  f13=xxxxxxxx f14:3f6dd939 f14:3f6dd939 f13:42a0c579
15120866ns          294680 1c00824c 0046270b p.lw             x14, 4(x12!)        x14=3f68510c x12=10000f30 x12:10000f2c  PA:10000f2c
15120906ns          294682 1c008250 08b77753 fsub.s           f14, f14, f11       f14=xxxxxxxx f14:3f68510c f11:3d392052
15120926ns          294683 1c008254 68e776c3 fmadd.s          f13, f14, f14, f13  f13=xxxxxxxx f14:3f5cbf07 f14:3f5cbf07 f13:42a27f71
15120946ns          294684 1c00824c 0046270b p.lw             x14, 4(x12!)        x14=3f4d5cb5 x12=10000f34 x12:10000f30  PA:10000f30
15120987ns          294686 1c008250 08b77753 fsub.s           f14, f14, f11       f14=xxxxxxxx f14:3f4d5cb5 f11:3d392052
15121007ns          294687 1c008254 68e776c3 fmadd.s          f13, f14, f14, f13  f13=xxxxxxxx f14:3f41cab0 f14:3f41cab0 f13:42a3fc23
15121027ns          294688 1c00824c 0046270b p.lw             x14, 4(x12!)        x14=3f29b2dc x12=10000f38 x12:10000f34  PA:10000f34
15121067ns          294690 1c008250 08b77753 fsub.s           f14, f14, f11       f14=xxxxxxxx f14:3f29b2dc f11:3d392052
15121087ns          294691 1c008254 68e776c3 fmadd.s          f13, f14, f14, f13  f13=xxxxxxxx f14:3f1e20d7 f14:3f1e20d7 f13:42a52189
15121107ns          294692 1c00824c 0046270b p.lw             x14, 4(x12!)        x14=3efdad5e x12=10000f3c x12:10000f38  PA:10000f38
15121147ns          294694 1c008250 08b77753 fsub.s           f14, f14, f11       f14=xxxxxxxx f14:3efdad5e f11:3d392052
15121167ns          294695 1c008254 68e776c3 fmadd.s          f13, f14, f14, f13  f13=xxxxxxxx f14:3ee68954 f14:3ee68954 f13:42a5e4e2
15121187ns          294696 1c00824c 0046270b p.lw             x14, 4(x12!)        x14=3e9d32ff x12=10000f40 x12:10000f3c  PA:10000f3c
15121227ns          294698 1c008250 08b77753 fsub.s           f14, f14, f11       f14=xxxxxxxx f14:3e9d32ff f11:3d392052
15121247ns          294699 1c008254 68e776c3 fmadd.s          f13, f14, f14, f13  f13=xxxxxxxx f14:3e860ef5 f14:3e860ef5 f13:42a64cb0
15121268ns          294700 1c00824c 0046270b p.lw             x14, 4(x12!)        x14=3dd837d7 x12=10000f44 x12:10000f40  PA:10000f40
15121308ns          294702 1c008250 08b77753 fsub.s           f14, f14, f11       f14=xxxxxxxx f14:3dd837d7 f11:3d392052
15121328ns          294703 1c008254 68e776c3 fmadd.s          f13, f14, f14, f13  f13=xxxxxxxx f14:3d774f5c f14:3d774f5c f13:42a66fca
15121348ns          294704 1c00824c 0046270b p.lw             x14, 4(x12!)        x14=bdcd8784 x12=10000f48 x12:10000f44  PA:10000f44
15121388ns          294706 1c008250 08b77753 fsub.s           f14, f14, f11       f14=xxxxxxxx f14:bdcd8784 f11:3d392052
15121408ns          294707 1c008254 68e776c3 fmadd.s          f13, f14, f14, f13  f13=xxxxxxxx f14:be150bd6 f14:be150bd6 f13:42a671a8
15121428ns          294708 1c00824c 0046270b p.lw             x14, 4(x12!)        x14=be9aa3ea x12=10000f4c x12:10000f48  PA:10000f48
15121468ns          294710 1c008250 08b77753 fsub.s           f14, f14, f11       f14=xxxxxxxx f14:be9aa3ea f11:3d392052
15121488ns          294711 1c008254 68e776c3 fmadd.s          f13, f14, f14, f13  f13=xxxxxxxx f14:beb1c7f4 f14:beb1c7f4 f13:42a67c81
15121508ns          294712 1c00824c 0046270b p.lw             x14, 4(x12!)        x14=befb5718 x12=10000f50 x12:10000f4c  PA:10000f4c
15121548ns          294714 1c008250 08b77753 fsub.s           f14, f14, f11       f14=xxxxxxxx f14:befb5718 f11:3d392052
15121568ns          294715 1c008254 68e776c3 fmadd.s          f13, f14, f14, f13  f13=xxxxxxxx f14:bf093d91 f14:bf093d91 f13:42a6ba3c
15121589ns          294716 1c00824c 0046270b p.lw             x14, 4(x12!)        x14=bf28b0cd x12=10000f54 x12:10000f50  PA:10000f50
15121629ns          294718 1c008250 08b77753 fsub.s           f14, f14, f11       f14=xxxxxxxx f14:bf28b0cd f11:3d392052
15121649ns          294719 1c008254 68e776c3 fmadd.s          f13, f14, f14, f13  f13=xxxxxxxx f14:bf3442d2 f14:bf3442d2 f13:42a74d62
15121669ns          294720 1c00824c 0046270b p.lw             x14, 4(x12!)        x14=bf4c8ead x12=10000f58 x12:10000f54  PA:10000f54
15121709ns          294722 1c008250 08b77753 fsub.s           f14, f14, f11       f14=xxxxxxxx f14:bf4c8ead f11:3d392052
15121729ns          294723 1c008254 68e776c3 fmadd.s          f13, f14, f14, f13  f13=xxxxxxxx f14:bf5820b2 f14:bf5820b2 f13:42a84b3e
15121749ns          294724 1c00824c 0046270b p.lw             x14, 4(x12!)        x14=bf67bfc7 x12=10000f5c x12:10000f58  PA:10000f58
15121789ns          294726 1c008250 08b77753 fsub.s           f14, f14, f11       f14=xxxxxxxx f14:bf67bfc7 f11:3d392052
15121809ns          294727 1c008254 68e776c3 fmadd.s          f13, f14, f14, f13  f13=xxxxxxxx f14:bf7351cc f14:bf7351cc f13:42a9b82c
15121829ns          294728 1c00824c 0046270b p.lw             x14, 4(x12!)        x14=bf791ce5 x12=10000f60 x12:10000f5c  PA:10000f5c
15121869ns          294730 1c008250 08b77753 fsub.s           f14, f14, f11       f14=xxxxxxxx f14:bf791ce5 f11:3d392052
15121890ns          294731 1c008254 68e776c3 fmadd.s          f13, f14, f14, f13  f13=xxxxxxxx f14:bf825775 f14:bf825775 f13:42ab86b5
15121910ns          294732 1c00824c 0046270b p.lw             x14, 4(x12!)        x14=bf7fe987 x12=10000f64 x12:10000f60  PA:10000f60
15121950ns          294734 1c008250 08b77753 fsub.s           f14, f14, f11       f14=xxxxxxxx f14:bf7fe987 f11:3d392052
15121970ns          294735 1c008254 68e776c3 fmadd.s          f13, f14, f14, f13  f13=xxxxxxxx f14:bf85bdc6 f14:bf85bdc6 f13:42ad999d
15121990ns          294736 1c00824c 0046270b p.lw             x14, 4(x12!)        x14=bf7bdbdd x12=10000f68 x12:10000f64  PA:10000f64
15122030ns          294738 1c008250 08b77753 fsub.s           f14, f14, f11       f14=xxxxxxxx f14:bf7bdbdd f11:3d392052
15122050ns          294739 1c008254 68e776c3 fmadd.s          f13, f14, f14, f13  f13=xxxxxxxx f14:bf83b6f1 f14:bf83b6f1 f13:42afc893
15122070ns          294740 1c00824c 0046270b p.lw             x14, 4(x12!)        x14=bf6d1fe6 x12=10000f6c x12:10000f68  PA:10000f68
15122110ns          294742 1c008250 08b77753 fsub.s           f14, f14, f11       f14=xxxxxxxx f14:bf6d1fe6 f11:3d392052
15122130ns          294743 1c008254 68e776c3 fmadd.s          f13, f14, f14, f13  f13=xxxxxxxx f14:bf78b1eb f14:bf78b1eb f13:42b1e6b9
15122150ns          294744 1c00824c 0046270b p.lw             x14, 4(x12!)        x14=bf545599 x12=10000f70 x12:10000f6c  PA:10000f6c
15122191ns          294746 1c008250 08b77753 fsub.s           f14, f14, f11       f14=xxxxxxxx f14:bf545599 f11:3d392052
15122211ns          294747 1c008254 68e776c3 fmadd.s          f13, f14, f14, f13  f13=xxxxxxxx f14:bf5fe79e f14:bf5fe79e f13:42b3c9eb
15122231ns          294748 1c00824c 0046270b p.lw             x14, 4(x12!)        x14=bf328a16 x12=10000f74 x12:10000f70  PA:10000f70
15122271ns          294750 1c008250 08b77753 fsub.s           f14, f14, f11       f14=xxxxxxxx f14:bf328a16 f11:3d392052
15122291ns          294751 1c008254 68e776c3 fmadd.s          f13, f14, f14, f13  f13=xxxxxxxx f14:bf3e1c1b f14:bf3e1c1b f13:42b55196
15122311ns          294752 1c00824c 0046270b p.lw             x14, 4(x12!)        x14=bf092c47 x12=10000f78 x12:10000f74  PA:10000f74
15122351ns          294754 1c008250 08b77753 fsub.s           f14, f14, f11       f14=xxxxxxxx f14:bf092c47 f11:3d392052
15122371ns          294755 1c008254 68e776c3 fmadd.s          f13, f14, f14, f13  f13=xxxxxxxx f14:bf14be4c f14:bf14be4c f13:42b66bf1
15122391ns          294756 1c00824c 0046270b p.lw             x14, 4(x12!)        x14=beb3fa81 x12=10000f7c x12:10000f78  PA:10000f78
15122431ns          294758 1c008250 08b77753 fsub.s           f14, f14, f11       f14=xxxxxxxx f14:beb3fa81 f11:3d392052
15122451ns          294759 1c008254 68e776c3 fmadd.s          f13, f14, f14, f13  f13=xxxxxxxx f14:becb1e8b f14:becb1e8b f13:42b718ca
15122471ns          294760 1c00824c 0046270b p.lw             x14, 4(x12!)        x14=be1bf508 x12=10000f80 x12:10000f7c  PA:10000f7c
15122512ns          294762 1c008250 08b77753 fsub.s           f14, f14, f11       f14=xxxxxxxx f14:be1bf508 f11:3d392052
15122532ns          294763 1c008254 68e776c3 fmadd.s          f13, f14, f14, f13  f13=xxxxxxxx f14:be4a3d1c f14:be4a3d1c f13:42b7695f
15122552ns          294764 1c00824c 0046270b p.lw             x14, 4(x12!)        x14=3d5aa044 x12=10000f84 x12:10000f80  PA:10000f80
15122592ns          294766 1c008250 08b77753 fsub.s           f14, f14, f11       f14=xxxxxxxx f14:3d5aa044 f11:3d392052
15122612ns          294767 1c008254 68e776c3 fmadd.s          f13, f14, f14, f13  f13=xxxxxxxx f14:3c05ffc8 f14:3c05ffc8 f13:42b77d58
15122632ns          294768 1c00824c 0046270b p.lw             x14, 4(x12!)        x14=3e8379ee x12=10000f88 x12:10000f84  PA:10000f84
15122672ns          294770 1c008250 08b77753 fsub.s           f14, f14, f11       f14=xxxxxxxx f14:3e8379ee f11:3d392052
15122692ns          294771 1c008254 68e776c3 fmadd.s          f13, f14, f14, f13  f13=xxxxxxxx f14:3e58abc8 f14:3e58abc8 f13:42b77d61
15122712ns          294772 1c00824c 0046270b p.lw             x14, 4(x12!)        x14=3ee60c6c x12=10000f8c x12:10000f88  PA:10000f88
15122752ns          294774 1c008250 08b77753 fsub.s           f14, f14, f11       f14=xxxxxxxx f14:3ee60c6c f11:3d392052
15122772ns          294775 1c008254 68e776c3 fmadd.s          f13, f14, f14, f13  f13=xxxxxxxx f14:3ecee862 f14:3ecee862 f13:42b7944d
15122792ns          294776 1c00824c 0046270b p.lw             x14, 4(x12!)        x14=3f1f6eb4 x12=10000f90 x12:10000f8c  PA:10000f8c
15122833ns          294778 1c008250 08b77753 fsub.s           f14, f14, f11       f14=xxxxxxxx f14:3f1f6eb4 f11:3d392052
15122853ns          294779 1c008254 68e776c3 fmadd.s          f13, f14, f14, f13  f13=xxxxxxxx f14:3f13dcaf f14:3f13dcaf f13:42b7e7ea
15122873ns          294780 1c00824c 0046270b p.lw             x14, 4(x12!)        x14=3f451454 x12=10000f94 x12:10000f90  PA:10000f90
15122913ns          294782 1c008250 08b77753 fsub.s           f14, f14, f11       f14=xxxxxxxx f14:3f451454 f11:3d392052
15122933ns          294783 1c008254 68e776c3 fmadd.s          f13, f14, f14, f13  f13=xxxxxxxx f14:3f39824f f14:3f39824f f13:42b892b8
15122953ns          294784 1c00824c 0046270b p.lw             x14, 4(x12!)        x14=3f625e5d x12=10000f98 x12:10000f94  PA:10000f94
15122993ns          294786 1c008250 08b77753 fsub.s           f14, f14, f11       f14=xxxxxxxx f14:3f625e5d f11:3d392052
15123013ns          294787 1c008254 68e776c3 fmadd.s          f13, f14, f14, f13  f13=xxxxxxxx f14:3f56cc58 f14:3f56cc58 f13:42b99f93
15123033ns          294788 1c00824c 0046270b p.lw             x14, 4(x12!)        x14=3f760ed3 x12=10000f9c x12:10000f98  PA:10000f98
15123073ns          294790 1c008250 08b77753 fsub.s           f14, f14, f11       f14=xxxxxxxx f14:3f760ed3 f11:3d392052
15123093ns          294791 1c008254 68e776c3 fmadd.s          f13, f14, f14, f13  f13=xxxxxxxx f14:3f6a7cce f14:3f6a7cce f13:42bb0808
15123114ns          294792 1c00824c 0046270b p.lw             x14, 4(x12!)        x14=3f7f4ff8 x12=10000fa0 x12:10000f9c  PA:10000f9c
15123154ns          294794 1c008250 08b77753 fsub.s           f14, f14, f11       f14=xxxxxxxx f14:3f7f4ff8 f11:3d392052
15123174ns          294795 1c008254 68e776c3 fmadd.s          f13, f14, f14, f13  f13=xxxxxxxx f14:3f73bdf3 f14:3f73bdf3 f13:42bcb599
15123194ns          294796 1c00824c 0046270b p.lw             x14, 4(x12!)        x14=3f7dbd53 x12=10000fa4 x12:10000fa0  PA:10000fa0
15123234ns          294798 1c008250 08b77753 fsub.s           f14, f14, f11       f14=xxxxxxxx f14:3f7dbd53 f11:3d392052
15123254ns          294799 1c008254 68e776c3 fmadd.s          f13, f14, f14, f13  f13=xxxxxxxx f14:3f722b4e f14:3f722b4e f13:42be85bd
15123274ns          294800 1c00824c 0046270b p.lw             x14, 4(x12!)        x14=3f7167f7 x12=10000fa8 x12:10000fa4  PA:10000fa4
15123314ns          294802 1c008250 08b77753 fsub.s           f14, f14, f11       f14=xxxxxxxx f14:3f7167f7 f11:3d392052
15123334ns          294803 1c008254 68e776c3 fmadd.s          f13, f14, f14, f13  f13=xxxxxxxx f14:3f65d5f2 f14:3f65d5f2 f13:42c04fe9
15123354ns          294804 1c00824c 0046270b p.lw             x14, 4(x12!)        x14=3f5ad5c9 x12=10000fac x12:10000fa8  PA:10000fa8
15123394ns          294806 1c008250 08b77753 fsub.s           f14, f14, f11       f14=xxxxxxxx f14:3f5ad5c9 f11:3d392052
15123414ns          294807 1c008254 68e776c3 fmadd.s          f13, f14, f14, f13  f13=xxxxxxxx f14:3f4f43c4 f14:3f4f43c4 f13:42c1ec9a
15123435ns          294808 1c00824c 0046270b p.lw             x14, 4(x12!)        x14=3f3afbd4 x12=10000fb0 x12:10000fac  PA:10000fac
15123475ns          294810 1c008250 08b77753 fsub.s           f14, f14, f11       f14=xxxxxxxx f14:3f3afbd4 f11:3d392052
15123495ns          294811 1c008254 68e776c3 fmadd.s          f13, f14, f14, f13  f13=xxxxxxxx f14:3f2f69cf f14:3f2f69cf f13:42c33c37
15123515ns          294812 1c00824c 0046270b p.lw             x14, 4(x12!)        x14=3f1333e2 x12=10000fb4 x12:10000fb0  PA:10000fb0
15123555ns          294814 1c008250 08b77753 fsub.s           f14, f14, f11       f14=xxxxxxxx f14:3f1333e2 f11:3d392052
15123575ns          294815 1c008254 68e776c3 fmadd.s          f13, f14, f14, f13  f13=xxxxxxxx f14:3f07a1dd f14:3f07a1dd f13:42c42c9b
15123595ns          294816 1c00824c 0046270b p.lw             x14, 4(x12!)        x14=3eca5bb1 x12=10000fb8 x12:10000fb4  PA:10000fb4
15123635ns          294818 1c008250 08b77753 fsub.s           f14, f14, f11       f14=xxxxxxxx f14:3eca5bb1 f11:3d392052
15123655ns          294819 1c008254 68e776c3 fmadd.s          f13, f14, f14, f13  f13=xxxxxxxx f14:3eb337a7 f14:3eb337a7 f13:42c4bc53
15123675ns          294820 1c00824c 0046270b p.lw             x14, 4(x12!)        x14=3e4b756d x12=10000fbc x12:10000fb8  PA:10000fb8
15123715ns          294822 1c008250 08b77753 fsub.s           f14, f14, f11       f14=xxxxxxxx f14:3e4b756d f11:3d392052
15123736ns          294823 1c008254 68e776c3 fmadd.s          f13, f14, f14, f13  f13=xxxxxxxx f14:3e1d2d58 f14:3e1d2d58 f13:42c4fb0e
15123756ns          294824 1c00824c 0046270b p.lw             x14, 4(x12!)        x14=bbcdaae8 x12=10000fc0 x12:10000fbc  PA:10000fbc
15123796ns          294826 1c008250 08b77753 fsub.s           f14, f14, f11       f14=xxxxxxxx f14:bbcdaae8 f11:3d392052
15123816ns          294827 1c008254 68e776c3 fmadd.s          f13, f14, f14, f13  f13=xxxxxxxx f14:bd52d5af f14:bd52d5af f13:42c5071e
15123836ns          294828 1c00824c 0046270b p.lw             x14, 4(x12!)        x14=be580a60 x12=10000fc4 x12:10000fc0  PA:10000fc0
15123876ns          294830 1c008250 08b77753 fsub.s           f14, f14, f11       f14=xxxxxxxx f14:be580a60 f11:3d392052
15123896ns          294831 1c008254 68e776c3 fmadd.s          f13, f14, f14, f13  f13=xxxxxxxx f14:be83293a f14:be83293a f13:42c50879
15123916ns          294832 1c00824c 0046270b p.lw             x14, 4(x12!)        x14=bed03efb x12=10000fc8 x12:10000fc4  PA:10000fc4
15123956ns          294834 1c008250 08b77753 fsub.s           f14, f14, f11       f14=xxxxxxxx f14:bed03efb f11:3d392052
15123976ns          294835 1c008254 68e776c3 fmadd.s          f13, f14, f14, f13  f13=xxxxxxxx f14:bee76305 f14:bee76305 f13:42c52a13
15123996ns          294836 1c008258 00449793 slli             x15, x9, 0x4        x15=00000010  x9:00000001
15124016ns          294837 1c00825c 012787b3 add              x15, x15, x18       x15=1c010010 x15:00000010 x18:1c010000
15124037ns          294838 1c00825e 0207a483 lw               x9, 32(x15)          x9=4110a19a x15:1c010010  PA:1c010030
15124438ns          294858 1c008260 00198793 addi             x15, x19, 1         x15=00000005 x19:00000004
15124458ns          294859 1c008264 00279793 slli             x15, x15, 0x2       x15=00000014 x15:00000005
15124478ns          294860 1c008266 a09a0753 fle.s            x14, f20, f9        x14=00000001 f20:4110a140  f9:4110a19a
15124498ns          294861 1c00826a 012787b3 add              x15, x15, x18       x15=1c010014 x15:00000014 x18:1c010000
15124518ns          294862 1c00826c 0207aa83 lw               x21, 32(x15)        x21=4110a0dc x15:1c010014  PA:1c010034
15124960ns          294884 1c008270 1c0007b7 lui              x15, 0x1c000000     x15=1c000000
15124980ns          294885 1c008274 0287a403 lw               x8, 40(x15)          x8=43470000 x15:1c000000  PA:1c000028
15125301ns          294901 1c008278 1886f453 fdiv.s           f8, f13, f8          f8=xxxxxxxx f13:42c592a5  f8:43470000
15125321ns          294902 1c00827c 1c071463 bne              x14, x0, 456        x14:00000001
15125963ns          294934 1c008444 a14a87d3 fle.s            x15, f21, f20       x15=00000001 f21:4110a0dc f20:4110a140
15126003ns          294936 1c008448 00100693 addi             x13, x0, 1          x13=00000001
15126023ns          294937 1c00844a f80794e3 bne              x15, x0, -120       x15:00000001
15126605ns          294966 1c0083d2 00298793 addi             x15, x19, 2         x15=00000006 x19:00000004
15126625ns          294967 1c0083d6 00279793 slli             x15, x15, 0x2       x15=00000018 x15:00000006
15126645ns          294968 1c0083d8 012787b3 add              x15, x15, x18       x15=1c010018 x15:00000018 x18:1c010000
15126665ns          294969 1c0083da 0207aa03 lw               x20, 32(x15)        x20=3efe2aa3 x15:1c010018  PA:1c010038
15127107ns          294991 1c0083de 00398793 addi             x15, x19, 3         x15=00000007 x19:00000004
15127127ns          294992 1c0083e2 a1440753 fle.s            x14, f8, f20        x14=00000001  f8:3efe29fe f20:3efe2aa3
15127147ns          294993 1c0083e6 00279793 slli             x15, x15, 0x2       x15=0000001c x15:00000007
15127167ns          294994 1c0083e8 012787b3 add              x15, x15, x18       x15=1c01001c x15:0000001c x18:1c010000
15127187ns          294995 1c0083ea 0207a483 lw               x9, 32(x15)          x9=3efe2955 x15:1c01001c  PA:1c01003c
15127608ns          295016 1c0083ec 08070e63 beq              x14, x0, 156        x14:00000001
15127628ns          295017 1c0083ee a08487d3 fle.s            x15, f9, f8         x15=00000001  f9:3efe2955  f8:3efe29fe
15127648ns          295018 1c0083f2 08078b63 beq              x15, x0, 150        x15:00000001
15127668ns          295019 1c0083f4 f14025f3 csrrs            x11, x0, 0xf14      x11=00000001
15127688ns          295020 1c0083f8 f455b5b3 p.bclr           x11, x11, 26, 5     x11=00000001 x11:00000001
15127708ns          295021 1c0083fc 1e068263 beq              x13, x0, 484        x13:00000001
15128130ns          295042 1c008400 1c000537 lui              x10, 0x1c000000     x10=1c000000
15128170ns          295044 1c008404 0c450513 addi             x10, x10, 196       x10=1c0000c4 x10:1c000000
15128190ns          295045 1c008408 24f000ef jal              x1, 2638             x1=1c00840c
15128270ns          295049 1c008e56 fc010113 addi             x2, x2, -64          x2=10000c68  x2:10000ca8
15128310ns          295051 1c008e58 02410313 addi             x6, x2, 36           x6=10000c8c  x2:10000c68
15128331ns          295052 1c008e5c 02c12423 sw               x12, 40(x2)         x12:10000fc8  x2:10000c68  PA:10000c90
15128351ns          295053 1c008e5e 00a00633 add              x12, x0, x10        x12=1c0000c4 x10:1c0000c4
15128391ns          295055 1c008e60 1c009537 lui              x10, 0x1c009000     x10=1c009000
15128431ns          295057 1c008e64 02b12223 sw               x11, 36(x2)         x11:00000001  x2:10000c68  PA:10000c8c
15128451ns          295058 1c008e66 02d12623 sw               x13, 44(x2)         x13:00000001  x2:10000c68  PA:10000c94
15128471ns          295059 1c008e68 00200593 addi             x11, x0, 2          x11=00000002
15128491ns          295060 1c008e6a 006006b3 add              x13, x0, x6         x13=10000c8c  x6:10000c8c
15128511ns          295061 1c008e6c dea50513 addi             x10, x10, -534      x10=1c008dea x10:1c009000
15128531ns          295062 1c008e70 00112e23 sw               x1, 28(x2)           x1:1c00840c  x2:10000c68  PA:10000c84
15128551ns          295063 1c008e72 02e12823 sw               x14, 48(x2)         x14:00000001  x2:10000c68  PA:10000c98
15128571ns          295064 1c008e74 02f12a23 sw               x15, 52(x2)         x15:00000001  x2:10000c68  PA:10000c9c
15128591ns          295065 1c008e76 03012c23 sw               x16, 56(x2)         x16:xxxxxxxx  x2:10000c68  PA:10000ca0
15128611ns          295066 1c008e78 03112e23 sw               x17, 60(x2)         x17:xxxxxxxx  x2:10000c68  PA:10000ca4
15128631ns          295067 1c008e7a 00612623 sw               x6, 12(x2)           x6:10000c8c  x2:10000c68  PA:10000c74
15128652ns          295068 1c008e7c fbfff0ef jal              x1, -66              x1=1c008e7e
15129514ns          295111 1c008e3a 04a0006f jal              x0, 74             
15129554ns          295113 1c008e84 ed010113 addi             x2, x2, -304         x2=10000b38  x2:10000c68
15129575ns          295114 1c008e86 12812423 sw               x8, 296(x2)          x8:3efe29fe  x2:10000b38  PA:10000c60
15129595ns          295115 1c008e8a 00000413 addi             x8, x0, 0            x8=00000000
15129615ns          295116 1c008e8c 11612823 sw               x22, 272(x2)        x22:3e533fc3  x2:10000b38  PA:10000c48
15129655ns          295118 1c008e90 11712623 sw               x23, 268(x2)        x23:10000fc8  x2:10000b38  PA:10000c44
15129695ns          295120 1c008e94 11812423 sw               x24, 264(x2)        x24:3fc90fdb  x2:10000b38  PA:10000c40
15129715ns          295121 1c008e98 11912223 sw               x25, 260(x2)        x25:3f800000  x2:10000b38  PA:10000c3c
15129735ns          295122 1c008e9c 11a12023 sw               x26, 256(x2)        x26:xxxxxxxx  x2:10000b38  PA:10000c38
15129795ns          295125 1c008ea0 0fb12e23 sw               x27, 252(x2)        x27:xxxxxxxx  x2:10000b38  PA:10000c34
15129835ns          295127 1c008ea2 12112623 sw               x1, 300(x2)          x1:1c008e7e  x2:10000b38  PA:10000c64
15129855ns          295128 1c008ea6 00800db3 add              x27, x0, x8         x27=00000000  x8:00000000
15129876ns          295129 1c008ea8 12912223 sw               x9, 292(x2)          x9:3efe2955  x2:10000b38  PA:10000c5c
15129896ns          295130 1c008eac 13212023 sw               x18, 288(x2)        x18:1c010000  x2:10000b38  PA:10000c58
15129936ns          295132 1c008eb0 11312e23 sw               x19, 284(x2)        x19:00000004  x2:10000b38  PA:10000c54
15129976ns          295134 1c008eb4 11412c23 sw               x20, 280(x2)        x20:3efe2aa3  x2:10000b38  PA:10000c50
15129996ns          295135 1c008eb8 11512a23 sw               x21, 276(x2)        x21:4110a0dc  x2:10000b38  PA:10000c4c
15130016ns          295136 1c008ebc 00a00b33 add              x22, x0, x10        x22=1c008dea x10:1c008dea
15130036ns          295137 1c008ebe 00b00d33 add              x26, x0, x11        x26=00000002 x11:00000002
15130076ns          295139 1c008ec0 00d00c33 add              x24, x0, x13        x24=10000c8c x13:10000c8c
15130116ns          295141 1c008ec2 1c000bb7 lui              x23, 0x1c000000     x23=1c000000
15130136ns          295142 1c008ec6 02410c93 addi             x25, x2, 36         x25=10000b5c  x2:10000b38
15130156ns          295143 1c008eca 00c00433 add              x8, x0, x12          x8=1c0000c4 x12:1c0000c4
15130177ns          295144 1c008ecc 00044503 lbu              x10, 0(x8)          x10=0000006b  x8:1c0000c4  PA:1c0000c4
15130498ns          295160 1c008ed0 00140413 addi             x8, x8, 1            x8=1c0000c5  x8:1c0000c4
15130518ns          295161 1c008ed2 00050e63 beq              x10, x0, 28         x10:0000006b
15130538ns          295162 1c008ed4 02500793 addi             x15, x0, 37         x15=00000025
15130558ns          295163 1c008ed8 04f50863 beq              x10, x15, 80        x10:0000006b x15:00000025
15130578ns          295164 1c008edc 01a005b3 add              x11, x0, x26        x11=00000002 x26:00000002
15130598ns          295165 1c008ede 000b00e7 jalr             x1, x22, 0           x1=1c008ee0 x22:1c008dea
15130698ns          295170 1c008dea 000026b7 lui              x13, 0x2000         x13=00002000
15130738ns          295172 1c008dec f14027f3 csrrs            x15, x0, 0xf14      x15=00000001
15130799ns          295175 1c008df0 f8068693 addi             x13, x13, -128      x13=00001f80 x13:00002000
15130839ns          295177 1c008df4 00379713 slli             x14, x15, 0x3       x14=00000008 x15:00000001
15130859ns          295178 1c008df8 00279793 slli             x15, x15, 0x2       x15=00000004 x15:00000001
15130879ns          295179 1c008dfa 00d7f7b3 and              x15, x15, x13       x15=00000000 x15:00000004 x13:00001f80
15130899ns          295180 1c008dfc ee873733 p.bclr           x14, x14, 23, 8     x14=00000008 x14:00000008
15130939ns          295182 1c008e00 1a10f6b7 lui              x13, 0x1a10f000     x13=1a10f000
15130979ns          295184 1c008e04 0ff57513 andi             x10, x10, 255       x10=0000006b x10:0000006b
15130999ns          295185 1c008e08 00d70733 add              x14, x14, x13       x14=1a10f008 x14:00000008 x13:1a10f000
15131019ns          295186 1c008e0a 00a7e723 p.sw             x10, x0(x15)        x10:0000006b x15:00000000  PA:1a10f008
15131340ns          295202 1c008e0e 00000513 addi             x10, x0, 0          x10=00000000
15131360ns          295203 1c008e10 00008067 jalr             x0, x1, 0            x1:1c008ee0
15131401ns          295205 1c008ee0 31f52563 p.beqimm         x10, 778            x10:00000000
15131421ns          295206 1c008ee4 001d8d93 addi             x27, x27, 1         x27=00000001 x27:00000000
15131441ns          295207 1c008ee6 00044503 lbu              x10, 0(x8)          x10=00000065  x8:1c0000c5  PA:1c0000c5
15131762ns          295223 1c008eea 00140413 addi             x8, x8, 1            x8=1c0000c6  x8:1c0000c5
15131782ns          295224 1c008eec fe0514e3 bne              x10, x0, -24        x10:00000065
15131842ns          295227 1c008ed4 02500793 addi             x15, x0, 37         x15=00000025
15131862ns          295228 1c008ed8 04f50863 beq              x10, x15, 80        x10:00000065 x15:00000025
15131882ns          295229 1c008edc 01a005b3 add              x11, x0, x26        x11=00000002 x26:00000002
15131902ns          295230 1c008ede 000b00e7 jalr             x1, x22, 0           x1=1c008ee0 x22:1c008dea
15131942ns          295232 1c008dea 000026b7 lui              x13, 0x2000         x13=00002000
15131962ns          295233 1c008dec f14027f3 csrrs            x15, x0, 0xf14      x15=00000001
15131982ns          295234 1c008df0 f8068693 addi             x13, x13, -128      x13=00001f80 x13:00002000
15132002ns          295235 1c008df4 00379713 slli             x14, x15, 0x3       x14=00000008 x15:00000001
15132023ns          295236 1c008df8 00279793 slli             x15, x15, 0x2       x15=00000004 x15:00000001
15132043ns          295237 1c008dfa 00d7f7b3 and              x15, x15, x13       x15=00000000 x15:00000004 x13:00001f80
15132063ns          295238 1c008dfc ee873733 p.bclr           x14, x14, 23, 8     x14=00000008 x14:00000008
15132083ns          295239 1c008e00 1a10f6b7 lui              x13, 0x1a10f000     x13=1a10f000
15132103ns          295240 1c008e04 0ff57513 andi             x10, x10, 255       x10=00000065 x10:00000065
15132123ns          295241 1c008e08 00d70733 add              x14, x14, x13       x14=1a10f008 x14:00000008 x13:1a10f000
15132143ns          295242 1c008e0a 00a7e723 p.sw             x10, x0(x15)        x10:00000065 x15:00000000  PA:1a10f008
15132464ns          295258 1c008e0e 00000513 addi             x10, x0, 0          x10=00000000
15132484ns          295259 1c008e10 00008067 jalr             x0, x1, 0            x1:1c008ee0
15132524ns          295261 1c008ee0 31f52563 p.beqimm         x10, 778            x10:00000000
15132544ns          295262 1c008ee4 001d8d93 addi             x27, x27, 1         x27=00000002 x27:00000001
15132564ns          295263 1c008ee6 00044503 lbu              x10, 0(x8)          x10=00000072  x8:1c0000c6  PA:1c0000c6
15132865ns          295278 1c008eea 00140413 addi             x8, x8, 1            x8=1c0000c7  x8:1c0000c6
15132885ns          295279 1c008eec fe0514e3 bne              x10, x0, -24        x10:00000072
15132946ns          295282 1c008ed4 02500793 addi             x15, x0, 37         x15=00000025
15132966ns          295283 1c008ed8 04f50863 beq              x10, x15, 80        x10:00000072 x15:00000025
15132986ns          295284 1c008edc 01a005b3 add              x11, x0, x26        x11=00000002 x26:00000002
15133006ns          295285 1c008ede 000b00e7 jalr             x1, x22, 0           x1=1c008ee0 x22:1c008dea
15133046ns          295287 1c008dea 000026b7 lui              x13, 0x2000         x13=00002000
15133066ns          295288 1c008dec f14027f3 csrrs            x15, x0, 0xf14      x15=00000001
15133086ns          295289 1c008df0 f8068693 addi             x13, x13, -128      x13=00001f80 x13:00002000
15133106ns          295290 1c008df4 00379713 slli             x14, x15, 0x3       x14=00000008 x15:00000001
15133126ns          295291 1c008df8 00279793 slli             x15, x15, 0x2       x15=00000004 x15:00000001
15133146ns          295292 1c008dfa 00d7f7b3 and              x15, x15, x13       x15=00000000 x15:00000004 x13:00001f80
15133166ns          295293 1c008dfc ee873733 p.bclr           x14, x14, 23, 8     x14=00000008 x14:00000008
15133186ns          295294 1c008e00 1a10f6b7 lui              x13, 0x1a10f000     x13=1a10f000
15133206ns          295295 1c008e04 0ff57513 andi             x10, x10, 255       x10=00000072 x10:00000072
15133226ns          295296 1c008e08 00d70733 add              x14, x14, x13       x14=1a10f008 x14:00000008 x13:1a10f000
15133247ns          295297 1c008e0a 00a7e723 p.sw             x10, x0(x15)        x10:00000072 x15:00000000  PA:1a10f008
15133568ns          295313 1c008e0e 00000513 addi             x10, x0, 0          x10=00000000
15133588ns          295314 1c008e10 00008067 jalr             x0, x1, 0            x1:1c008ee0
15133628ns          295316 1c008ee0 31f52563 p.beqimm         x10, 778            x10:00000000
15133648ns          295317 1c008ee4 001d8d93 addi             x27, x27, 1         x27=00000003 x27:00000002
15133668ns          295318 1c008ee6 00044503 lbu              x10, 0(x8)          x10=0000006e  x8:1c0000c7  PA:1c0000c7
15133969ns          295333 1c008eea 00140413 addi             x8, x8, 1            x8=1c0000c8  x8:1c0000c7
15133989ns          295334 1c008eec fe0514e3 bne              x10, x0, -24        x10:0000006e
15134049ns          295337 1c008ed4 02500793 addi             x15, x0, 37         x15=00000025
15134069ns          295338 1c008ed8 04f50863 beq              x10, x15, 80        x10:0000006e x15:00000025
15134089ns          295339 1c008edc 01a005b3 add              x11, x0, x26        x11=00000002 x26:00000002
15134109ns          295340 1c008ede 000b00e7 jalr             x1, x22, 0           x1=1c008ee0 x22:1c008dea
15134149ns          295342 1c008dea 000026b7 lui              x13, 0x2000         x13=00002000
15134170ns          295343 1c008dec f14027f3 csrrs            x15, x0, 0xf14      x15=00000001
15134190ns          295344 1c008df0 f8068693 addi             x13, x13, -128      x13=00001f80 x13:00002000
15134210ns          295345 1c008df4 00379713 slli             x14, x15, 0x3       x14=00000008 x15:00000001
15134230ns          295346 1c008df8 00279793 slli             x15, x15, 0x2       x15=00000004 x15:00000001
15134250ns          295347 1c008dfa 00d7f7b3 and              x15, x15, x13       x15=00000000 x15:00000004 x13:00001f80
15134270ns          295348 1c008dfc ee873733 p.bclr           x14, x14, 23, 8     x14=00000008 x14:00000008
15134290ns          295349 1c008e00 1a10f6b7 lui              x13, 0x1a10f000     x13=1a10f000
15134310ns          295350 1c008e04 0ff57513 andi             x10, x10, 255       x10=0000006e x10:0000006e
15134330ns          295351 1c008e08 00d70733 add              x14, x14, x13       x14=1a10f008 x14:00000008 x13:1a10f000
15134350ns          295352 1c008e0a 00a7e723 p.sw             x10, x0(x15)        x10:0000006e x15:00000000  PA:1a10f008
15134671ns          295368 1c008e0e 00000513 addi             x10, x0, 0          x10=00000000
15134691ns          295369 1c008e10 00008067 jalr             x0, x1, 0            x1:1c008ee0
15134731ns          295371 1c008ee0 31f52563 p.beqimm         x10, 778            x10:00000000
15134751ns          295372 1c008ee4 001d8d93 addi             x27, x27, 1         x27=00000004 x27:00000003
15134771ns          295373 1c008ee6 00044503 lbu              x10, 0(x8)          x10=00000065  x8:1c0000c8  PA:1c0000c8
15135072ns          295388 1c008eea 00140413 addi             x8, x8, 1            x8=1c0000c9  x8:1c0000c8
15135093ns          295389 1c008eec fe0514e3 bne              x10, x0, -24        x10:00000065
15135153ns          295392 1c008ed4 02500793 addi             x15, x0, 37         x15=00000025
15135173ns          295393 1c008ed8 04f50863 beq              x10, x15, 80        x10:00000065 x15:00000025
15135193ns          295394 1c008edc 01a005b3 add              x11, x0, x26        x11=00000002 x26:00000002
15135213ns          295395 1c008ede 000b00e7 jalr             x1, x22, 0           x1=1c008ee0 x22:1c008dea
15135253ns          295397 1c008dea 000026b7 lui              x13, 0x2000         x13=00002000
15135273ns          295398 1c008dec f14027f3 csrrs            x15, x0, 0xf14      x15=00000001
15135293ns          295399 1c008df0 f8068693 addi             x13, x13, -128      x13=00001f80 x13:00002000
15135313ns          295400 1c008df4 00379713 slli             x14, x15, 0x3       x14=00000008 x15:00000001
15135333ns          295401 1c008df8 00279793 slli             x15, x15, 0x2       x15=00000004 x15:00000001
15135353ns          295402 1c008dfa 00d7f7b3 and              x15, x15, x13       x15=00000000 x15:00000004 x13:00001f80
15135373ns          295403 1c008dfc ee873733 p.bclr           x14, x14, 23, 8     x14=00000008 x14:00000008
15135394ns          295404 1c008e00 1a10f6b7 lui              x13, 0x1a10f000     x13=1a10f000
15135414ns          295405 1c008e04 0ff57513 andi             x10, x10, 255       x10=00000065 x10:00000065
15135434ns          295406 1c008e08 00d70733 add              x14, x14, x13       x14=1a10f008 x14:00000008 x13:1a10f000
15135454ns          295407 1c008e0a 00a7e723 p.sw             x10, x0(x15)        x10:00000065 x15:00000000  PA:1a10f008
15135775ns          295423 1c008e0e 00000513 addi             x10, x0, 0          x10=00000000
15135795ns          295424 1c008e10 00008067 jalr             x0, x1, 0            x1:1c008ee0
15135835ns          295426 1c008ee0 31f52563 p.beqimm         x10, 778            x10:00000000
15135855ns          295427 1c008ee4 001d8d93 addi             x27, x27, 1         x27=00000005 x27:00000004
15135875ns          295428 1c008ee6 00044503 lbu              x10, 0(x8)          x10=0000006c  x8:1c0000c9  PA:1c0000c9
15136196ns          295444 1c008eea 00140413 addi             x8, x8, 1            x8=1c0000ca  x8:1c0000c9
15136216ns          295445 1c008eec fe0514e3 bne              x10, x0, -24        x10:0000006c
15136276ns          295448 1c008ed4 02500793 addi             x15, x0, 37         x15=00000025
15136296ns          295449 1c008ed8 04f50863 beq              x10, x15, 80        x10:0000006c x15:00000025
15136317ns          295450 1c008edc 01a005b3 add              x11, x0, x26        x11=00000002 x26:00000002
15136337ns          295451 1c008ede 000b00e7 jalr             x1, x22, 0           x1=1c008ee0 x22:1c008dea
15136377ns          295453 1c008dea 000026b7 lui              x13, 0x2000         x13=00002000
15136397ns          295454 1c008dec f14027f3 csrrs            x15, x0, 0xf14      x15=00000001
15136417ns          295455 1c008df0 f8068693 addi             x13, x13, -128      x13=00001f80 x13:00002000
15136437ns          295456 1c008df4 00379713 slli             x14, x15, 0x3       x14=00000008 x15:00000001
15136457ns          295457 1c008df8 00279793 slli             x15, x15, 0x2       x15=00000004 x15:00000001
15136477ns          295458 1c008dfa 00d7f7b3 and              x15, x15, x13       x15=00000000 x15:00000004 x13:00001f80
15136497ns          295459 1c008dfc ee873733 p.bclr           x14, x14, 23, 8     x14=00000008 x14:00000008
15136517ns          295460 1c008e00 1a10f6b7 lui              x13, 0x1a10f000     x13=1a10f000
15136537ns          295461 1c008e04 0ff57513 andi             x10, x10, 255       x10=0000006c x10:0000006c
15136557ns          295462 1c008e08 00d70733 add              x14, x14, x13       x14=1a10f008 x14:00000008 x13:1a10f000
15136577ns          295463 1c008e0a 00a7e723 p.sw             x10, x0(x15)        x10:0000006c x15:00000000  PA:1a10f008
15136898ns          295479 1c008e0e 00000513 addi             x10, x0, 0          x10=00000000
15136918ns          295480 1c008e10 00008067 jalr             x0, x1, 0            x1:1c008ee0
15136959ns          295482 1c008ee0 31f52563 p.beqimm         x10, 778            x10:00000000
15136979ns          295483 1c008ee4 001d8d93 addi             x27, x27, 1         x27=00000006 x27:00000005
15136999ns          295484 1c008ee6 00044503 lbu              x10, 0(x8)          x10=00000020  x8:1c0000ca  PA:1c0000ca
15137300ns          295499 1c008eea 00140413 addi             x8, x8, 1            x8=1c0000cb  x8:1c0000ca
15137320ns          295500 1c008eec fe0514e3 bne              x10, x0, -24        x10:00000020
15137380ns          295503 1c008ed4 02500793 addi             x15, x0, 37         x15=00000025
15137400ns          295504 1c008ed8 04f50863 beq              x10, x15, 80        x10:00000020 x15:00000025
15137420ns          295505 1c008edc 01a005b3 add              x11, x0, x26        x11=00000002 x26:00000002
15137440ns          295506 1c008ede 000b00e7 jalr             x1, x22, 0           x1=1c008ee0 x22:1c008dea
15137480ns          295508 1c008dea 000026b7 lui              x13, 0x2000         x13=00002000
15137500ns          295509 1c008dec f14027f3 csrrs            x15, x0, 0xf14      x15=00000001
15137520ns          295510 1c008df0 f8068693 addi             x13, x13, -128      x13=00001f80 x13:00002000
15137541ns          295511 1c008df4 00379713 slli             x14, x15, 0x3       x14=00000008 x15:00000001
15137561ns          295512 1c008df8 00279793 slli             x15, x15, 0x2       x15=00000004 x15:00000001
15137581ns          295513 1c008dfa 00d7f7b3 and              x15, x15, x13       x15=00000000 x15:00000004 x13:00001f80
15137601ns          295514 1c008dfc ee873733 p.bclr           x14, x14, 23, 8     x14=00000008 x14:00000008
15137621ns          295515 1c008e00 1a10f6b7 lui              x13, 0x1a10f000     x13=1a10f000
15137641ns          295516 1c008e04 0ff57513 andi             x10, x10, 255       x10=00000020 x10:00000020
15137661ns          295517 1c008e08 00d70733 add              x14, x14, x13       x14=1a10f008 x14:00000008 x13:1a10f000
15137681ns          295518 1c008e0a 00a7e723 p.sw             x10, x0(x15)        x10:00000020 x15:00000000  PA:1a10f008
15138002ns          295534 1c008e0e 00000513 addi             x10, x0, 0          x10=00000000
15138022ns          295535 1c008e10 00008067 jalr             x0, x1, 0            x1:1c008ee0
15138062ns          295537 1c008ee0 31f52563 p.beqimm         x10, 778            x10:00000000
15138082ns          295538 1c008ee4 001d8d93 addi             x27, x27, 1         x27=00000007 x27:00000006
15138102ns          295539 1c008ee6 00044503 lbu              x10, 0(x8)          x10=00000070  x8:1c0000cb  PA:1c0000cb
15138403ns          295554 1c008eea 00140413 addi             x8, x8, 1            x8=1c0000cc  x8:1c0000cb
15138423ns          295555 1c008eec fe0514e3 bne              x10, x0, -24        x10:00000070
15138484ns          295558 1c008ed4 02500793 addi             x15, x0, 37         x15=00000025
15138504ns          295559 1c008ed8 04f50863 beq              x10, x15, 80        x10:00000070 x15:00000025
15138524ns          295560 1c008edc 01a005b3 add              x11, x0, x26        x11=00000002 x26:00000002
15138544ns          295561 1c008ede 000b00e7 jalr             x1, x22, 0           x1=1c008ee0 x22:1c008dea
15138584ns          295563 1c008dea 000026b7 lui              x13, 0x2000         x13=00002000
15138604ns          295564 1c008dec f14027f3 csrrs            x15, x0, 0xf14      x15=00000001
15138624ns          295565 1c008df0 f8068693 addi             x13, x13, -128      x13=00001f80 x13:00002000
15138644ns          295566 1c008df4 00379713 slli             x14, x15, 0x3       x14=00000008 x15:00000001
15138664ns          295567 1c008df8 00279793 slli             x15, x15, 0x2       x15=00000004 x15:00000001
15138684ns          295568 1c008dfa 00d7f7b3 and              x15, x15, x13       x15=00000000 x15:00000004 x13:00001f80
15138704ns          295569 1c008dfc ee873733 p.bclr           x14, x14, 23, 8     x14=00000008 x14:00000008
15138724ns          295570 1c008e00 1a10f6b7 lui              x13, 0x1a10f000     x13=1a10f000
15138744ns          295571 1c008e04 0ff57513 andi             x10, x10, 255       x10=00000070 x10:00000070
15138764ns          295572 1c008e08 00d70733 add              x14, x14, x13       x14=1a10f008 x14:00000008 x13:1a10f000
15138785ns          295573 1c008e0a 00a7e723 p.sw             x10, x0(x15)        x10:00000070 x15:00000000  PA:1a10f008
15139106ns          295589 1c008e0e 00000513 addi             x10, x0, 0          x10=00000000
15139126ns          295590 1c008e10 00008067 jalr             x0, x1, 0            x1:1c008ee0
15139166ns          295592 1c008ee0 31f52563 p.beqimm         x10, 778            x10:00000000
15139186ns          295593 1c008ee4 001d8d93 addi             x27, x27, 1         x27=00000008 x27:00000007
15139206ns          295594 1c008ee6 00044503 lbu              x10, 0(x8)          x10=00000061  x8:1c0000cc  PA:1c0000cc
15139507ns          295609 1c008eea 00140413 addi             x8, x8, 1            x8=1c0000cd  x8:1c0000cc
15139527ns          295610 1c008eec fe0514e3 bne              x10, x0, -24        x10:00000061
15139587ns          295613 1c008ed4 02500793 addi             x15, x0, 37         x15=00000025
15139607ns          295614 1c008ed8 04f50863 beq              x10, x15, 80        x10:00000061 x15:00000025
15139627ns          295615 1c008edc 01a005b3 add              x11, x0, x26        x11=00000002 x26:00000002
15139647ns          295616 1c008ede 000b00e7 jalr             x1, x22, 0           x1=1c008ee0 x22:1c008dea
15139688ns          295618 1c008dea 000026b7 lui              x13, 0x2000         x13=00002000
15139708ns          295619 1c008dec f14027f3 csrrs            x15, x0, 0xf14      x15=00000001
15139728ns          295620 1c008df0 f8068693 addi             x13, x13, -128      x13=00001f80 x13:00002000
15139748ns          295621 1c008df4 00379713 slli             x14, x15, 0x3       x14=00000008 x15:00000001
15139768ns          295622 1c008df8 00279793 slli             x15, x15, 0x2       x15=00000004 x15:00000001
15139788ns          295623 1c008dfa 00d7f7b3 and              x15, x15, x13       x15=00000000 x15:00000004 x13:00001f80
15139808ns          295624 1c008dfc ee873733 p.bclr           x14, x14, 23, 8     x14=00000008 x14:00000008
15139828ns          295625 1c008e00 1a10f6b7 lui              x13, 0x1a10f000     x13=1a10f000
15139848ns          295626 1c008e04 0ff57513 andi             x10, x10, 255       x10=00000061 x10:00000061
15139868ns          295627 1c008e08 00d70733 add              x14, x14, x13       x14=1a10f008 x14:00000008 x13:1a10f000
15139888ns          295628 1c008e0a 00a7e723 p.sw             x10, x0(x15)        x10:00000061 x15:00000000  PA:1a10f008
15140209ns          295644 1c008e0e 00000513 addi             x10, x0, 0          x10=00000000
15140229ns          295645 1c008e10 00008067 jalr             x0, x1, 0            x1:1c008ee0
15140269ns          295647 1c008ee0 31f52563 p.beqimm         x10, 778            x10:00000000
15140289ns          295648 1c008ee4 001d8d93 addi             x27, x27, 1         x27=00000009 x27:00000008
15140310ns          295649 1c008ee6 00044503 lbu              x10, 0(x8)          x10=00000073  x8:1c0000cd  PA:1c0000cd
15140611ns          295664 1c008eea 00140413 addi             x8, x8, 1            x8=1c0000ce  x8:1c0000cd
15140631ns          295665 1c008eec fe0514e3 bne              x10, x0, -24        x10:00000073
15140691ns          295668 1c008ed4 02500793 addi             x15, x0, 37         x15=00000025
15140711ns          295669 1c008ed8 04f50863 beq              x10, x15, 80        x10:00000073 x15:00000025
15140731ns          295670 1c008edc 01a005b3 add              x11, x0, x26        x11=00000002 x26:00000002
15140751ns          295671 1c008ede 000b00e7 jalr             x1, x22, 0           x1=1c008ee0 x22:1c008dea
15140791ns          295673 1c008dea 000026b7 lui              x13, 0x2000         x13=00002000
15140811ns          295674 1c008dec f14027f3 csrrs            x15, x0, 0xf14      x15=00000001
15140831ns          295675 1c008df0 f8068693 addi             x13, x13, -128      x13=00001f80 x13:00002000
15140851ns          295676 1c008df4 00379713 slli             x14, x15, 0x3       x14=00000008 x15:00000001
15140871ns          295677 1c008df8 00279793 slli             x15, x15, 0x2       x15=00000004 x15:00000001
15140891ns          295678 1c008dfa 00d7f7b3 and              x15, x15, x13       x15=00000000 x15:00000004 x13:00001f80
15140911ns          295679 1c008dfc ee873733 p.bclr           x14, x14, 23, 8     x14=00000008 x14:00000008
15140932ns          295680 1c008e00 1a10f6b7 lui              x13, 0x1a10f000     x13=1a10f000
15140952ns          295681 1c008e04 0ff57513 andi             x10, x10, 255       x10=00000073 x10:00000073
15140972ns          295682 1c008e08 00d70733 add              x14, x14, x13       x14=1a10f008 x14:00000008 x13:1a10f000
15140992ns          295683 1c008e0a 00a7e723 p.sw             x10, x0(x15)        x10:00000073 x15:00000000  PA:1a10f008
15141313ns          295699 1c008e0e 00000513 addi             x10, x0, 0          x10=00000000
15141333ns          295700 1c008e10 00008067 jalr             x0, x1, 0            x1:1c008ee0
15141373ns          295702 1c008ee0 31f52563 p.beqimm         x10, 778            x10:00000000
15141393ns          295703 1c008ee4 001d8d93 addi             x27, x27, 1         x27=0000000a x27:00000009
15141413ns          295704 1c008ee6 00044503 lbu              x10, 0(x8)          x10=00000073  x8:1c0000ce  PA:1c0000ce
15141714ns          295719 1c008eea 00140413 addi             x8, x8, 1            x8=1c0000cf  x8:1c0000ce
15141734ns          295720 1c008eec fe0514e3 bne              x10, x0, -24        x10:00000073
15141794ns          295723 1c008ed4 02500793 addi             x15, x0, 37         x15=00000025
15141814ns          295724 1c008ed8 04f50863 beq              x10, x15, 80        x10:00000073 x15:00000025
15141834ns          295725 1c008edc 01a005b3 add              x11, x0, x26        x11=00000002 x26:00000002
15141855ns          295726 1c008ede 000b00e7 jalr             x1, x22, 0           x1=1c008ee0 x22:1c008dea
15141895ns          295728 1c008dea 000026b7 lui              x13, 0x2000         x13=00002000
15141915ns          295729 1c008dec f14027f3 csrrs            x15, x0, 0xf14      x15=00000001
15141935ns          295730 1c008df0 f8068693 addi             x13, x13, -128      x13=00001f80 x13:00002000
15141955ns          295731 1c008df4 00379713 slli             x14, x15, 0x3       x14=00000008 x15:00000001
15141975ns          295732 1c008df8 00279793 slli             x15, x15, 0x2       x15=00000004 x15:00000001
15141995ns          295733 1c008dfa 00d7f7b3 and              x15, x15, x13       x15=00000000 x15:00000004 x13:00001f80
15142015ns          295734 1c008dfc ee873733 p.bclr           x14, x14, 23, 8     x14=00000008 x14:00000008
15142035ns          295735 1c008e00 1a10f6b7 lui              x13, 0x1a10f000     x13=1a10f000
15142055ns          295736 1c008e04 0ff57513 andi             x10, x10, 255       x10=00000073 x10:00000073
15142075ns          295737 1c008e08 00d70733 add              x14, x14, x13       x14=1a10f008 x14:00000008 x13:1a10f000
15142095ns          295738 1c008e0a 00a7e723 p.sw             x10, x0(x15)        x10:00000073 x15:00000000  PA:1a10f008
15142416ns          295754 1c008e0e 00000513 addi             x10, x0, 0          x10=00000000
15142436ns          295755 1c008e10 00008067 jalr             x0, x1, 0            x1:1c008ee0
15142477ns          295757 1c008ee0 31f52563 p.beqimm         x10, 778            x10:00000000
15142497ns          295758 1c008ee4 001d8d93 addi             x27, x27, 1         x27=0000000b x27:0000000a
15142517ns          295759 1c008ee6 00044503 lbu              x10, 0(x8)          x10=00000065  x8:1c0000cf  PA:1c0000cf
15142818ns          295774 1c008eea 00140413 addi             x8, x8, 1            x8=1c0000d0  x8:1c0000cf
15142838ns          295775 1c008eec fe0514e3 bne              x10, x0, -24        x10:00000065
15142898ns          295778 1c008ed4 02500793 addi             x15, x0, 37         x15=00000025
15142918ns          295779 1c008ed8 04f50863 beq              x10, x15, 80        x10:00000065 x15:00000025
15142938ns          295780 1c008edc 01a005b3 add              x11, x0, x26        x11=00000002 x26:00000002
15142958ns          295781 1c008ede 000b00e7 jalr             x1, x22, 0           x1=1c008ee0 x22:1c008dea
15142998ns          295783 1c008dea 000026b7 lui              x13, 0x2000         x13=00002000
15143018ns          295784 1c008dec f14027f3 csrrs            x15, x0, 0xf14      x15=00000001
15143038ns          295785 1c008df0 f8068693 addi             x13, x13, -128      x13=00001f80 x13:00002000
15143058ns          295786 1c008df4 00379713 slli             x14, x15, 0x3       x14=00000008 x15:00000001
15143079ns          295787 1c008df8 00279793 slli             x15, x15, 0x2       x15=00000004 x15:00000001
15143099ns          295788 1c008dfa 00d7f7b3 and              x15, x15, x13       x15=00000000 x15:00000004 x13:00001f80
15143119ns          295789 1c008dfc ee873733 p.bclr           x14, x14, 23, 8     x14=00000008 x14:00000008
15143139ns          295790 1c008e00 1a10f6b7 lui              x13, 0x1a10f000     x13=1a10f000
15143159ns          295791 1c008e04 0ff57513 andi             x10, x10, 255       x10=00000065 x10:00000065
15143179ns          295792 1c008e08 00d70733 add              x14, x14, x13       x14=1a10f008 x14:00000008 x13:1a10f000
15143199ns          295793 1c008e0a 00a7e723 p.sw             x10, x0(x15)        x10:00000065 x15:00000000  PA:1a10f008
15143520ns          295809 1c008e0e 00000513 addi             x10, x0, 0          x10=00000000
15143540ns          295810 1c008e10 00008067 jalr             x0, x1, 0            x1:1c008ee0
15143580ns          295812 1c008ee0 31f52563 p.beqimm         x10, 778            x10:00000000
15143600ns          295813 1c008ee4 001d8d93 addi             x27, x27, 1         x27=0000000c x27:0000000b
15143620ns          295814 1c008ee6 00044503 lbu              x10, 0(x8)          x10=00000064  x8:1c0000d0  PA:1c0000d0
15143921ns          295829 1c008eea 00140413 addi             x8, x8, 1            x8=1c0000d1  x8:1c0000d0
15143941ns          295830 1c008eec fe0514e3 bne              x10, x0, -24        x10:00000064
15144002ns          295833 1c008ed4 02500793 addi             x15, x0, 37         x15=00000025
15144022ns          295834 1c008ed8 04f50863 beq              x10, x15, 80        x10:00000064 x15:00000025
15144042ns          295835 1c008edc 01a005b3 add              x11, x0, x26        x11=00000002 x26:00000002
15144062ns          295836 1c008ede 000b00e7 jalr             x1, x22, 0           x1=1c008ee0 x22:1c008dea
15144102ns          295838 1c008dea 000026b7 lui              x13, 0x2000         x13=00002000
15144122ns          295839 1c008dec f14027f3 csrrs            x15, x0, 0xf14      x15=00000001
15144142ns          295840 1c008df0 f8068693 addi             x13, x13, -128      x13=00001f80 x13:00002000
15144162ns          295841 1c008df4 00379713 slli             x14, x15, 0x3       x14=00000008 x15:00000001
15144182ns          295842 1c008df8 00279793 slli             x15, x15, 0x2       x15=00000004 x15:00000001
15144202ns          295843 1c008dfa 00d7f7b3 and              x15, x15, x13       x15=00000000 x15:00000004 x13:00001f80
15144222ns          295844 1c008dfc ee873733 p.bclr           x14, x14, 23, 8     x14=00000008 x14:00000008
15144242ns          295845 1c008e00 1a10f6b7 lui              x13, 0x1a10f000     x13=1a10f000
15144262ns          295846 1c008e04 0ff57513 andi             x10, x10, 255       x10=00000064 x10:00000064
15144282ns          295847 1c008e08 00d70733 add              x14, x14, x13       x14=1a10f008 x14:00000008 x13:1a10f000
15144303ns          295848 1c008e0a 00a7e723 p.sw             x10, x0(x15)        x10:00000064 x15:00000000  PA:1a10f008
15144624ns          295864 1c008e0e 00000513 addi             x10, x0, 0          x10=00000000
15144644ns          295865 1c008e10 00008067 jalr             x0, x1, 0            x1:1c008ee0
15144684ns          295867 1c008ee0 31f52563 p.beqimm         x10, 778            x10:00000000
15144704ns          295868 1c008ee4 001d8d93 addi             x27, x27, 1         x27=0000000d x27:0000000c
15144724ns          295869 1c008ee6 00044503 lbu              x10, 0(x8)          x10=00000020  x8:1c0000d1  PA:1c0000d1
15145045ns          295885 1c008eea 00140413 addi             x8, x8, 1            x8=1c0000d2  x8:1c0000d1
15145065ns          295886 1c008eec fe0514e3 bne              x10, x0, -24        x10:00000020
15145125ns          295889 1c008ed4 02500793 addi             x15, x0, 37         x15=00000025
15145145ns          295890 1c008ed8 04f50863 beq              x10, x15, 80        x10:00000020 x15:00000025
15145165ns          295891 1c008edc 01a005b3 add              x11, x0, x26        x11=00000002 x26:00000002
15145185ns          295892 1c008ede 000b00e7 jalr             x1, x22, 0           x1=1c008ee0 x22:1c008dea
15145226ns          295894 1c008dea 000026b7 lui              x13, 0x2000         x13=00002000
15145246ns          295895 1c008dec f14027f3 csrrs            x15, x0, 0xf14      x15=00000001
15145266ns          295896 1c008df0 f8068693 addi             x13, x13, -128      x13=00001f80 x13:00002000
15145286ns          295897 1c008df4 00379713 slli             x14, x15, 0x3       x14=00000008 x15:00000001
15145306ns          295898 1c008df8 00279793 slli             x15, x15, 0x2       x15=00000004 x15:00000001
15145326ns          295899 1c008dfa 00d7f7b3 and              x15, x15, x13       x15=00000000 x15:00000004 x13:00001f80
15145346ns          295900 1c008dfc ee873733 p.bclr           x14, x14, 23, 8     x14=00000008 x14:00000008
15145366ns          295901 1c008e00 1a10f6b7 lui              x13, 0x1a10f000     x13=1a10f000
15145386ns          295902 1c008e04 0ff57513 andi             x10, x10, 255       x10=00000020 x10:00000020
15145406ns          295903 1c008e08 00d70733 add              x14, x14, x13       x14=1a10f008 x14:00000008 x13:1a10f000
15145426ns          295904 1c008e0a 00a7e723 p.sw             x10, x0(x15)        x10:00000020 x15:00000000  PA:1a10f008
15145767ns          295921 1c008e0e 00000513 addi             x10, x0, 0          x10=00000000
15145787ns          295922 1c008e10 00008067 jalr             x0, x1, 0            x1:1c008ee0
15145828ns          295924 1c008ee0 31f52563 p.beqimm         x10, 778            x10:00000000
15145848ns          295925 1c008ee4 001d8d93 addi             x27, x27, 1         x27=0000000e x27:0000000d
15145868ns          295926 1c008ee6 00044503 lbu              x10, 0(x8)          x10=0000006f  x8:1c0000d2  PA:1c0000d2
15146169ns          295941 1c008eea 00140413 addi             x8, x8, 1            x8=1c0000d3  x8:1c0000d2
15146189ns          295942 1c008eec fe0514e3 bne              x10, x0, -24        x10:0000006f
15146249ns          295945 1c008ed4 02500793 addi             x15, x0, 37         x15=00000025
15146269ns          295946 1c008ed8 04f50863 beq              x10, x15, 80        x10:0000006f x15:00000025
15146289ns          295947 1c008edc 01a005b3 add              x11, x0, x26        x11=00000002 x26:00000002
15146309ns          295948 1c008ede 000b00e7 jalr             x1, x22, 0           x1=1c008ee0 x22:1c008dea
15146349ns          295950 1c008dea 000026b7 lui              x13, 0x2000         x13=00002000
15146369ns          295951 1c008dec f14027f3 csrrs            x15, x0, 0xf14      x15=00000001
15146389ns          295952 1c008df0 f8068693 addi             x13, x13, -128      x13=00001f80 x13:00002000
15146409ns          295953 1c008df4 00379713 slli             x14, x15, 0x3       x14=00000008 x15:00000001
15146429ns          295954 1c008df8 00279793 slli             x15, x15, 0x2       x15=00000004 x15:00000001
15146450ns          295955 1c008dfa 00d7f7b3 and              x15, x15, x13       x15=00000000 x15:00000004 x13:00001f80
15146470ns          295956 1c008dfc ee873733 p.bclr           x14, x14, 23, 8     x14=00000008 x14:00000008
15146490ns          295957 1c008e00 1a10f6b7 lui              x13, 0x1a10f000     x13=1a10f000
15146510ns          295958 1c008e04 0ff57513 andi             x10, x10, 255       x10=0000006f x10:0000006f
15146530ns          295959 1c008e08 00d70733 add              x14, x14, x13       x14=1a10f008 x14:00000008 x13:1a10f000
15146550ns          295960 1c008e0a 00a7e723 p.sw             x10, x0(x15)        x10:0000006f x15:00000000  PA:1a10f008
15146871ns          295976 1c008e0e 00000513 addi             x10, x0, 0          x10=00000000
15146891ns          295977 1c008e10 00008067 jalr             x0, x1, 0            x1:1c008ee0
15146931ns          295979 1c008ee0 31f52563 p.beqimm         x10, 778            x10:00000000
15146951ns          295980 1c008ee4 001d8d93 addi             x27, x27, 1         x27=0000000f x27:0000000e
15146971ns          295981 1c008ee6 00044503 lbu              x10, 0(x8)          x10=0000006e  x8:1c0000d3  PA:1c0000d3
15147292ns          295997 1c008eea 00140413 addi             x8, x8, 1            x8=1c0000d4  x8:1c0000d3
15147312ns          295998 1c008eec fe0514e3 bne              x10, x0, -24        x10:0000006e
15147373ns          296001 1c008ed4 02500793 addi             x15, x0, 37         x15=00000025
15147393ns          296002 1c008ed8 04f50863 beq              x10, x15, 80        x10:0000006e x15:00000025
15147413ns          296003 1c008edc 01a005b3 add              x11, x0, x26        x11=00000002 x26:00000002
15147433ns          296004 1c008ede 000b00e7 jalr             x1, x22, 0           x1=1c008ee0 x22:1c008dea
15147473ns          296006 1c008dea 000026b7 lui              x13, 0x2000         x13=00002000
15147493ns          296007 1c008dec f14027f3 csrrs            x15, x0, 0xf14      x15=00000001
15147513ns          296008 1c008df0 f8068693 addi             x13, x13, -128      x13=00001f80 x13:00002000
15147533ns          296009 1c008df4 00379713 slli             x14, x15, 0x3       x14=00000008 x15:00000001
15147553ns          296010 1c008df8 00279793 slli             x15, x15, 0x2       x15=00000004 x15:00000001
15147573ns          296011 1c008dfa 00d7f7b3 and              x15, x15, x13       x15=00000000 x15:00000004 x13:00001f80
15147593ns          296012 1c008dfc ee873733 p.bclr           x14, x14, 23, 8     x14=00000008 x14:00000008
15147613ns          296013 1c008e00 1a10f6b7 lui              x13, 0x1a10f000     x13=1a10f000
15147633ns          296014 1c008e04 0ff57513 andi             x10, x10, 255       x10=0000006e x10:0000006e
15147653ns          296015 1c008e08 00d70733 add              x14, x14, x13       x14=1a10f008 x14:00000008 x13:1a10f000
15147674ns          296016 1c008e0a 00a7e723 p.sw             x10, x0(x15)        x10:0000006e x15:00000000  PA:1a10f008
15147995ns          296032 1c008e0e 00000513 addi             x10, x0, 0          x10=00000000
15148015ns          296033 1c008e10 00008067 jalr             x0, x1, 0            x1:1c008ee0
15148055ns          296035 1c008ee0 31f52563 p.beqimm         x10, 778            x10:00000000
15148075ns          296036 1c008ee4 001d8d93 addi             x27, x27, 1         x27=00000010 x27:0000000f
15148095ns          296037 1c008ee6 00044503 lbu              x10, 0(x8)          x10=00000020  x8:1c0000d4  PA:1c0000d4
15148396ns          296052 1c008eea 00140413 addi             x8, x8, 1            x8=1c0000d5  x8:1c0000d4
15148416ns          296053 1c008eec fe0514e3 bne              x10, x0, -24        x10:00000020
15148476ns          296056 1c008ed4 02500793 addi             x15, x0, 37         x15=00000025
15148496ns          296057 1c008ed8 04f50863 beq              x10, x15, 80        x10:00000020 x15:00000025
15148516ns          296058 1c008edc 01a005b3 add              x11, x0, x26        x11=00000002 x26:00000002
15148536ns          296059 1c008ede 000b00e7 jalr             x1, x22, 0           x1=1c008ee0 x22:1c008dea
15148576ns          296061 1c008dea 000026b7 lui              x13, 0x2000         x13=00002000
15148597ns          296062 1c008dec f14027f3 csrrs            x15, x0, 0xf14      x15=00000001
15148617ns          296063 1c008df0 f8068693 addi             x13, x13, -128      x13=00001f80 x13:00002000
15148637ns          296064 1c008df4 00379713 slli             x14, x15, 0x3       x14=00000008 x15:00000001
15148657ns          296065 1c008df8 00279793 slli             x15, x15, 0x2       x15=00000004 x15:00000001
15148677ns          296066 1c008dfa 00d7f7b3 and              x15, x15, x13       x15=00000000 x15:00000004 x13:00001f80
15148697ns          296067 1c008dfc ee873733 p.bclr           x14, x14, 23, 8     x14=00000008 x14:00000008
15148717ns          296068 1c008e00 1a10f6b7 lui              x13, 0x1a10f000     x13=1a10f000
15148737ns          296069 1c008e04 0ff57513 andi             x10, x10, 255       x10=00000020 x10:00000020
15148757ns          296070 1c008e08 00d70733 add              x14, x14, x13       x14=1a10f008 x14:00000008 x13:1a10f000
15148777ns          296071 1c008e0a 00a7e723 p.sw             x10, x0(x15)        x10:00000020 x15:00000000  PA:1a10f008
15149098ns          296087 1c008e0e 00000513 addi             x10, x0, 0          x10=00000000
15149118ns          296088 1c008e10 00008067 jalr             x0, x1, 0            x1:1c008ee0
15149158ns          296090 1c008ee0 31f52563 p.beqimm         x10, 778            x10:00000000
15149178ns          296091 1c008ee4 001d8d93 addi             x27, x27, 1         x27=00000011 x27:00000010
15149198ns          296092 1c008ee6 00044503 lbu              x10, 0(x8)          x10=00000063  x8:1c0000d5  PA:1c0000d5
15149499ns          296107 1c008eea 00140413 addi             x8, x8, 1            x8=1c0000d6  x8:1c0000d5
15149520ns          296108 1c008eec fe0514e3 bne              x10, x0, -24        x10:00000063
15149580ns          296111 1c008ed4 02500793 addi             x15, x0, 37         x15=00000025
15149600ns          296112 1c008ed8 04f50863 beq              x10, x15, 80        x10:00000063 x15:00000025
15149620ns          296113 1c008edc 01a005b3 add              x11, x0, x26        x11=00000002 x26:00000002
15149640ns          296114 1c008ede 000b00e7 jalr             x1, x22, 0           x1=1c008ee0 x22:1c008dea
15149680ns          296116 1c008dea 000026b7 lui              x13, 0x2000         x13=00002000
15149700ns          296117 1c008dec f14027f3 csrrs            x15, x0, 0xf14      x15=00000001
15149720ns          296118 1c008df0 f8068693 addi             x13, x13, -128      x13=00001f80 x13:00002000
15149740ns          296119 1c008df4 00379713 slli             x14, x15, 0x3       x14=00000008 x15:00000001
15149760ns          296120 1c008df8 00279793 slli             x15, x15, 0x2       x15=00000004 x15:00000001
15149780ns          296121 1c008dfa 00d7f7b3 and              x15, x15, x13       x15=00000000 x15:00000004 x13:00001f80
15149800ns          296122 1c008dfc ee873733 p.bclr           x14, x14, 23, 8     x14=00000008 x14:00000008
15149821ns          296123 1c008e00 1a10f6b7 lui              x13, 0x1a10f000     x13=1a10f000
15149841ns          296124 1c008e04 0ff57513 andi             x10, x10, 255       x10=00000063 x10:00000063
15149861ns          296125 1c008e08 00d70733 add              x14, x14, x13       x14=1a10f008 x14:00000008 x13:1a10f000
15149881ns          296126 1c008e0a 00a7e723 p.sw             x10, x0(x15)        x10:00000063 x15:00000000  PA:1a10f008
15150202ns          296142 1c008e0e 00000513 addi             x10, x0, 0          x10=00000000
15150222ns          296143 1c008e10 00008067 jalr             x0, x1, 0            x1:1c008ee0
15150262ns          296145 1c008ee0 31f52563 p.beqimm         x10, 778            x10:00000000
15150282ns          296146 1c008ee4 001d8d93 addi             x27, x27, 1         x27=00000012 x27:00000011
15150302ns          296147 1c008ee6 00044503 lbu              x10, 0(x8)          x10=0000006f  x8:1c0000d6  PA:1c0000d6
15150603ns          296162 1c008eea 00140413 addi             x8, x8, 1            x8=1c0000d7  x8:1c0000d6
15150623ns          296163 1c008eec fe0514e3 bne              x10, x0, -24        x10:0000006f
15150683ns          296166 1c008ed4 02500793 addi             x15, x0, 37         x15=00000025
15150703ns          296167 1c008ed8 04f50863 beq              x10, x15, 80        x10:0000006f x15:00000025
15150723ns          296168 1c008edc 01a005b3 add              x11, x0, x26        x11=00000002 x26:00000002
15150744ns          296169 1c008ede 000b00e7 jalr             x1, x22, 0           x1=1c008ee0 x22:1c008dea
15150784ns          296171 1c008dea 000026b7 lui              x13, 0x2000         x13=00002000
15150804ns          296172 1c008dec f14027f3 csrrs            x15, x0, 0xf14      x15=00000001
15150824ns          296173 1c008df0 f8068693 addi             x13, x13, -128      x13=00001f80 x13:00002000
15150844ns          296174 1c008df4 00379713 slli             x14, x15, 0x3       x14=00000008 x15:00000001
15150864ns          296175 1c008df8 00279793 slli             x15, x15, 0x2       x15=00000004 x15:00000001
15150884ns          296176 1c008dfa 00d7f7b3 and              x15, x15, x13       x15=00000000 x15:00000004 x13:00001f80
15150904ns          296177 1c008dfc ee873733 p.bclr           x14, x14, 23, 8     x14=00000008 x14:00000008
15150924ns          296178 1c008e00 1a10f6b7 lui              x13, 0x1a10f000     x13=1a10f000
15150944ns          296179 1c008e04 0ff57513 andi             x10, x10, 255       x10=0000006f x10:0000006f
15150964ns          296180 1c008e08 00d70733 add              x14, x14, x13       x14=1a10f008 x14:00000008 x13:1a10f000
15150984ns          296181 1c008e0a 00a7e723 p.sw             x10, x0(x15)        x10:0000006f x15:00000000  PA:1a10f008
15151305ns          296197 1c008e0e 00000513 addi             x10, x0, 0          x10=00000000
15151325ns          296198 1c008e10 00008067 jalr             x0, x1, 0            x1:1c008ee0
15151366ns          296200 1c008ee0 31f52563 p.beqimm         x10, 778            x10:00000000
15151386ns          296201 1c008ee4 001d8d93 addi             x27, x27, 1         x27=00000013 x27:00000012
15151406ns          296202 1c008ee6 00044503 lbu              x10, 0(x8)          x10=00000072  x8:1c0000d7  PA:1c0000d7
15151707ns          296217 1c008eea 00140413 addi             x8, x8, 1            x8=1c0000d8  x8:1c0000d7
15151727ns          296218 1c008eec fe0514e3 bne              x10, x0, -24        x10:00000072
15151787ns          296221 1c008ed4 02500793 addi             x15, x0, 37         x15=00000025
15151807ns          296222 1c008ed8 04f50863 beq              x10, x15, 80        x10:00000072 x15:00000025
15151827ns          296223 1c008edc 01a005b3 add              x11, x0, x26        x11=00000002 x26:00000002
15151847ns          296224 1c008ede 000b00e7 jalr             x1, x22, 0           x1=1c008ee0 x22:1c008dea
15151887ns          296226 1c008dea 000026b7 lui              x13, 0x2000         x13=00002000
15151907ns          296227 1c008dec f14027f3 csrrs            x15, x0, 0xf14      x15=00000001
15151927ns          296228 1c008df0 f8068693 addi             x13, x13, -128      x13=00001f80 x13:00002000
15151947ns          296229 1c008df4 00379713 slli             x14, x15, 0x3       x14=00000008 x15:00000001
15151968ns          296230 1c008df8 00279793 slli             x15, x15, 0x2       x15=00000004 x15:00000001
15151988ns          296231 1c008dfa 00d7f7b3 and              x15, x15, x13       x15=00000000 x15:00000004 x13:00001f80
15152008ns          296232 1c008dfc ee873733 p.bclr           x14, x14, 23, 8     x14=00000008 x14:00000008
15152028ns          296233 1c008e00 1a10f6b7 lui              x13, 0x1a10f000     x13=1a10f000
15152048ns          296234 1c008e04 0ff57513 andi             x10, x10, 255       x10=00000072 x10:00000072
15152068ns          296235 1c008e08 00d70733 add              x14, x14, x13       x14=1a10f008 x14:00000008 x13:1a10f000
15152088ns          296236 1c008e0a 00a7e723 p.sw             x10, x0(x15)        x10:00000072 x15:00000000  PA:1a10f008
15152409ns          296252 1c008e0e 00000513 addi             x10, x0, 0          x10=00000000
15152429ns          296253 1c008e10 00008067 jalr             x0, x1, 0            x1:1c008ee0
15152469ns          296255 1c008ee0 31f52563 p.beqimm         x10, 778            x10:00000000
15152489ns          296256 1c008ee4 001d8d93 addi             x27, x27, 1         x27=00000014 x27:00000013
15152509ns          296257 1c008ee6 00044503 lbu              x10, 0(x8)          x10=00000065  x8:1c0000d8  PA:1c0000d8
15152810ns          296272 1c008eea 00140413 addi             x8, x8, 1            x8=1c0000d9  x8:1c0000d8
15152830ns          296273 1c008eec fe0514e3 bne              x10, x0, -24        x10:00000065
15152891ns          296276 1c008ed4 02500793 addi             x15, x0, 37         x15=00000025
15152911ns          296277 1c008ed8 04f50863 beq              x10, x15, 80        x10:00000065 x15:00000025
15152931ns          296278 1c008edc 01a005b3 add              x11, x0, x26        x11=00000002 x26:00000002
15152951ns          296279 1c008ede 000b00e7 jalr             x1, x22, 0           x1=1c008ee0 x22:1c008dea
15152991ns          296281 1c008dea 000026b7 lui              x13, 0x2000         x13=00002000
15153011ns          296282 1c008dec f14027f3 csrrs            x15, x0, 0xf14      x15=00000001
15153031ns          296283 1c008df0 f8068693 addi             x13, x13, -128      x13=00001f80 x13:00002000
15153051ns          296284 1c008df4 00379713 slli             x14, x15, 0x3       x14=00000008 x15:00000001
15153071ns          296285 1c008df8 00279793 slli             x15, x15, 0x2       x15=00000004 x15:00000001
15153091ns          296286 1c008dfa 00d7f7b3 and              x15, x15, x13       x15=00000000 x15:00000004 x13:00001f80
15153111ns          296287 1c008dfc ee873733 p.bclr           x14, x14, 23, 8     x14=00000008 x14:00000008
15153131ns          296288 1c008e00 1a10f6b7 lui              x13, 0x1a10f000     x13=1a10f000
15153151ns          296289 1c008e04 0ff57513 andi             x10, x10, 255       x10=00000065 x10:00000065
15153171ns          296290 1c008e08 00d70733 add              x14, x14, x13       x14=1a10f008 x14:00000008 x13:1a10f000
15153191ns          296291 1c008e0a 00a7e723 p.sw             x10, x0(x15)        x10:00000065 x15:00000000  PA:1a10f008
15153513ns          296307 1c008e0e 00000513 addi             x10, x0, 0          x10=00000000
15153533ns          296308 1c008e10 00008067 jalr             x0, x1, 0            x1:1c008ee0
15153573ns          296310 1c008ee0 31f52563 p.beqimm         x10, 778            x10:00000000
15153593ns          296311 1c008ee4 001d8d93 addi             x27, x27, 1         x27=00000015 x27:00000014
15153613ns          296312 1c008ee6 00044503 lbu              x10, 0(x8)          x10=00000020  x8:1c0000d9  PA:1c0000d9
15153914ns          296327 1c008eea 00140413 addi             x8, x8, 1            x8=1c0000da  x8:1c0000d9
15153934ns          296328 1c008eec fe0514e3 bne              x10, x0, -24        x10:00000020
15153994ns          296331 1c008ed4 02500793 addi             x15, x0, 37         x15=00000025
15154014ns          296332 1c008ed8 04f50863 beq              x10, x15, 80        x10:00000020 x15:00000025
15154034ns          296333 1c008edc 01a005b3 add              x11, x0, x26        x11=00000002 x26:00000002
15154054ns          296334 1c008ede 000b00e7 jalr             x1, x22, 0           x1=1c008ee0 x22:1c008dea
15154094ns          296336 1c008dea 000026b7 lui              x13, 0x2000         x13=00002000
15154114ns          296337 1c008dec f14027f3 csrrs            x15, x0, 0xf14      x15=00000001
15154135ns          296338 1c008df0 f8068693 addi             x13, x13, -128      x13=00001f80 x13:00002000
15154155ns          296339 1c008df4 00379713 slli             x14, x15, 0x3       x14=00000008 x15:00000001
15154175ns          296340 1c008df8 00279793 slli             x15, x15, 0x2       x15=00000004 x15:00000001
15154195ns          296341 1c008dfa 00d7f7b3 and              x15, x15, x13       x15=00000000 x15:00000004 x13:00001f80
15154215ns          296342 1c008dfc ee873733 p.bclr           x14, x14, 23, 8     x14=00000008 x14:00000008
15154235ns          296343 1c008e00 1a10f6b7 lui              x13, 0x1a10f000     x13=1a10f000
15154255ns          296344 1c008e04 0ff57513 andi             x10, x10, 255       x10=00000020 x10:00000020
15154275ns          296345 1c008e08 00d70733 add              x14, x14, x13       x14=1a10f008 x14:00000008 x13:1a10f000
15154295ns          296346 1c008e0a 00a7e723 p.sw             x10, x0(x15)        x10:00000020 x15:00000000  PA:1a10f008
15154616ns          296362 1c008e0e 00000513 addi             x10, x0, 0          x10=00000000
15154636ns          296363 1c008e10 00008067 jalr             x0, x1, 0            x1:1c008ee0
15154676ns          296365 1c008ee0 31f52563 p.beqimm         x10, 778            x10:00000000
15154696ns          296366 1c008ee4 001d8d93 addi             x27, x27, 1         x27=00000016 x27:00000015
15154716ns          296367 1c008ee6 00044503 lbu              x10, 0(x8)          x10=00000020  x8:1c0000da  PA:1c0000da
15155017ns          296382 1c008eea 00140413 addi             x8, x8, 1            x8=1c0000db  x8:1c0000da
15155038ns          296383 1c008eec fe0514e3 bne              x10, x0, -24        x10:00000020
15155098ns          296386 1c008ed4 02500793 addi             x15, x0, 37         x15=00000025
15155118ns          296387 1c008ed8 04f50863 beq              x10, x15, 80        x10:00000020 x15:00000025
15155138ns          296388 1c008edc 01a005b3 add              x11, x0, x26        x11=00000002 x26:00000002
15155158ns          296389 1c008ede 000b00e7 jalr             x1, x22, 0           x1=1c008ee0 x22:1c008dea
15155198ns          296391 1c008dea 000026b7 lui              x13, 0x2000         x13=00002000
15155218ns          296392 1c008dec f14027f3 csrrs            x15, x0, 0xf14      x15=00000001
15155238ns          296393 1c008df0 f8068693 addi             x13, x13, -128      x13=00001f80 x13:00002000
15155258ns          296394 1c008df4 00379713 slli             x14, x15, 0x3       x14=00000008 x15:00000001
15155278ns          296395 1c008df8 00279793 slli             x15, x15, 0x2       x15=00000004 x15:00000001
15155298ns          296396 1c008dfa 00d7f7b3 and              x15, x15, x13       x15=00000000 x15:00000004 x13:00001f80
15155318ns          296397 1c008dfc ee873733 p.bclr           x14, x14, 23, 8     x14=00000008 x14:00000008
15155338ns          296398 1c008e00 1a10f6b7 lui              x13, 0x1a10f000     x13=1a10f000
15155359ns          296399 1c008e04 0ff57513 andi             x10, x10, 255       x10=00000020 x10:00000020
15155379ns          296400 1c008e08 00d70733 add              x14, x14, x13       x14=1a10f008 x14:00000008 x13:1a10f000
15155399ns          296401 1c008e0a 00a7e723 p.sw             x10, x0(x15)        x10:00000020 x15:00000000  PA:1a10f008
15155720ns          296417 1c008e0e 00000513 addi             x10, x0, 0          x10=00000000
15155740ns          296418 1c008e10 00008067 jalr             x0, x1, 0            x1:1c008ee0
15155780ns          296420 1c008ee0 31f52563 p.beqimm         x10, 778            x10:00000000
15155800ns          296421 1c008ee4 001d8d93 addi             x27, x27, 1         x27=00000017 x27:00000016
15155820ns          296422 1c008ee6 00044503 lbu              x10, 0(x8)          x10=00000025  x8:1c0000db  PA:1c0000db
15156121ns          296437 1c008eea 00140413 addi             x8, x8, 1            x8=1c0000dc  x8:1c0000db
15156141ns          296438 1c008eec fe0514e3 bne              x10, x0, -24        x10:00000025
15156201ns          296441 1c008ed4 02500793 addi             x15, x0, 37         x15=00000025
15156221ns          296442 1c008ed8 04f50863 beq              x10, x15, 80        x10:00000025 x15:00000025
15156322ns          296447 1c008f28 00044483 lbu              x9, 0(x8)            x9=00000064  x8:1c0000dc  PA:1c0000dc
15156643ns          296463 1c008f2c 02000693 addi             x13, x0, 32         x13=00000020
15156663ns          296464 1c008f30 00140a93 addi             x21, x8, 1          x21=1c0000dd  x8:1c0000dc
15156683ns          296465 1c008f34 009005b3 add              x11, x0, x9         x11=00000064  x9:00000064
15156703ns          296466 1c008f36 198b8513 addi             x10, x23, 408       x10=1c000198 x23:1c000000
15156723ns          296467 1c008f3a 00d12823 sw               x13, 16(x2)         x13:00000020  x2:10000b38  PA:10000b48
15156743ns          296468 1c008f3c 00012c23 sw               x0, 24(x2)           x2:10000b38  PA:10000b50
15156763ns          296469 1c008f3e 00012a23 sw               x0, 20(x2)           x2:10000b38  PA:10000b4c
15156783ns          296470 1c008f40 00012e23 sw               x0, 28(x2)           x2:10000b38  PA:10000b54
15156803ns          296471 1c008f42 00012623 sw               x0, 12(x2)           x2:10000b38  PA:10000b44
15156823ns          296472 1c008f44 02300913 addi             x18, x0, 35         x18=00000023
15156843ns          296473 1c008f48 02d00a13 addi             x20, x0, 45         x20=0000002d
15156863ns          296474 1c008f4c 015009b3 add              x19, x0, x21        x19=1c0000dd x21:1c0000dd
15156884ns          296475 1c008f4e e1dff0ef jal              x1, -484             x1=1c008f50
15157024ns          296482 1c008d6a 00054783 lbu              x15, 0(x10)         x15=0000002d x10:1c000198  PA:1c000198
15157345ns          296498 1c008d6e 0ff5f593 andi             x11, x11, 255       x11=00000064 x11:00000064
15157365ns          296499 1c008d72 00b78c63 beq              x15, x11, 24        x15:0000002d x11:00000064
15157385ns          296500 1c008d76 00078b63 beq              x15, x0, 22         x15:0000002d
15157405ns          296501 1c008d78 00150793 addi             x15, x10, 1         x15=1c000199 x10:1c000198
15157425ns          296502 1c008d7c 0040006f jal              x0, 4              
15157506ns          296506 1c008d80 00f00533 add              x10, x0, x15        x10=1c000199 x15:1c000199
15157526ns          296507 1c008d82 0017c70b p.lbu            x14, 1(x15!)        x14=0000002b x15=1c00019a x15:1c000199  PA:1c000199
15157847ns          296523 1c008d86 feb71ce3 bne              x14, x11, -8        x14:0000002b x11:00000064
15157907ns          296526 1c008d7e 00070763 beq              x14, x0, 14         x14:0000002b
15157927ns          296527 1c008d80 00f00533 add              x10, x0, x15        x10=1c00019a x15:1c00019a
15157947ns          296528 1c008d82 0017c70b p.lbu            x14, 1(x15!)        x14=00000020 x15=1c00019b x15:1c00019a  PA:1c00019a
15158288ns          296545 1c008d86 feb71ce3 bne              x14, x11, -8        x14:00000020 x11:00000064
15158348ns          296548 1c008d7e 00070763 beq              x14, x0, 14         x14:00000020
15158368ns          296549 1c008d80 00f00533 add              x10, x0, x15        x10=1c00019b x15:1c00019b
15158388ns          296550 1c008d82 0017c70b p.lbu            x14, 1(x15!)        x14=00000023 x15=1c00019c x15:1c00019b  PA:1c00019b
15158709ns          296566 1c008d86 feb71ce3 bne              x14, x11, -8        x14:00000023 x11:00000064
15158770ns          296569 1c008d7e 00070763 beq              x14, x0, 14         x14:00000023
15158790ns          296570 1c008d80 00f00533 add              x10, x0, x15        x10=1c00019c x15:1c00019c
15158810ns          296571 1c008d82 0017c70b p.lbu            x14, 1(x15!)        x14=00000030 x15=1c00019d x15:1c00019c  PA:1c00019c
15159131ns          296587 1c008d86 feb71ce3 bne              x14, x11, -8        x14:00000030 x11:00000064
15159191ns          296590 1c008d7e 00070763 beq              x14, x0, 14         x14:00000030
15159211ns          296591 1c008d80 00f00533 add              x10, x0, x15        x10=1c00019d x15:1c00019d
15159231ns          296592 1c008d82 0017c70b p.lbu            x14, 1(x15!)        x14=00000000 x15=1c00019e x15:1c00019d  PA:1c00019d
15159552ns          296608 1c008d86 feb71ce3 bne              x14, x11, -8        x14:00000000 x11:00000064
15159612ns          296611 1c008d7e 00070763 beq              x14, x0, 14         x14:00000000
15159673ns          296614 1c008d8c 0015b593 sltiu            x11, x11, 1         x11=00000000 x11:00000064
15159693ns          296615 1c008d90 40b005b3 sub              x11, x0, x11        x11=00000000 x11:00000000
15159713ns          296616 1c008d94 00b57533 and              x10, x10, x11       x10=00000000 x10:1c00019d x11:00000000
15159733ns          296617 1c008d96 00008067 jalr             x0, x1, 0            x1:1c008f50
15159773ns          296619 1c008f50 02050a63 beq              x10, x0, 52         x10:00000000
15159873ns          296624 1c008f84 02a00613 addi             x12, x0, 42         x12=0000002a
15159913ns          296626 1c008f88 2ac48663 beq              x9, x12, 684         x9:00000064 x12:0000002a
15159933ns          296627 1c008f8c fd048613 addi             x12, x9, -48        x12=00000034  x9:00000064
15159994ns          296630 1c008f90 00900593 addi             x11, x0, 9          x11=00000009
15160014ns          296631 1c008f92 00000913 addi             x18, x0, 0          x18=00000000
15160034ns          296632 1c008f94 28c5f063 bgeu             x11, x12, 640       x11:00000009 x12:00000034
15160054ns          296633 1c008f98 02e00693 addi             x13, x0, 46         x13=0000002e
15160074ns          296634 1c008f9c fff00a13 addi             x20, x0, -1         x20=ffffffff
15160134ns          296637 1c008f9e 2ed48363 beq              x9, x13, 742         x9:00000064 x13:0000002e
15160174ns          296639 1c008fa2 1c0007b7 lui              x15, 0x1c000000     x15=1c000000
15160194ns          296640 1c008fa6 009005b3 add              x11, x0, x9         x11=00000064  x9:00000064
15160214ns          296641 1c008fa8 1a078513 addi             x10, x15, 416       x10=1c0001a0 x15:1c000000
15160234ns          296642 1c008fac dbfff0ef jal              x1, -578             x1=1c008fae
15160335ns          296647 1c008d6a 00054783 lbu              x15, 0(x10)         x15=00000068 x10:1c0001a0  PA:1c0001a0
15160636ns          296662 1c008d6e 0ff5f593 andi             x11, x11, 255       x11=00000064 x11:00000064
15160656ns          296663 1c008d72 00b78c63 beq              x15, x11, 24        x15:00000068 x11:00000064
15160676ns          296664 1c008d76 00078b63 beq              x15, x0, 22         x15:00000068
15160696ns          296665 1c008d78 00150793 addi             x15, x10, 1         x15=1c0001a1 x10:1c0001a0
15160716ns          296666 1c008d7c 0040006f jal              x0, 4              
15160756ns          296668 1c008d80 00f00533 add              x10, x0, x15        x10=1c0001a1 x15:1c0001a1
15160776ns          296669 1c008d82 0017c70b p.lbu            x14, 1(x15!)        x14=0000006c x15=1c0001a2 x15:1c0001a1  PA:1c0001a1
15161097ns          296685 1c008d86 feb71ce3 bne              x14, x11, -8        x14:0000006c x11:00000064
15161157ns          296688 1c008d7e 00070763 beq              x14, x0, 14         x14:0000006c
15161178ns          296689 1c008d80 00f00533 add              x10, x0, x15        x10=1c0001a2 x15:1c0001a2
15161198ns          296690 1c008d82 0017c70b p.lbu            x14, 1(x15!)        x14=0000004c x15=1c0001a3 x15:1c0001a2  PA:1c0001a2
15161519ns          296706 1c008d86 feb71ce3 bne              x14, x11, -8        x14:0000004c x11:00000064
15161579ns          296709 1c008d7e 00070763 beq              x14, x0, 14         x14:0000004c
15161599ns          296710 1c008d80 00f00533 add              x10, x0, x15        x10=1c0001a3 x15:1c0001a3
15161619ns          296711 1c008d82 0017c70b p.lbu            x14, 1(x15!)        x14=0000007a x15=1c0001a4 x15:1c0001a3  PA:1c0001a3
15161940ns          296727 1c008d86 feb71ce3 bne              x14, x11, -8        x14:0000007a x11:00000064
15162000ns          296730 1c008d7e 00070763 beq              x14, x0, 14         x14:0000007a
15162020ns          296731 1c008d80 00f00533 add              x10, x0, x15        x10=1c0001a4 x15:1c0001a4
15162040ns          296732 1c008d82 0017c70b p.lbu            x14, 1(x15!)        x14=00000000 x15=1c0001a5 x15:1c0001a4  PA:1c0001a4
15162361ns          296748 1c008d86 feb71ce3 bne              x14, x11, -8        x14:00000000 x11:00000064
15162422ns          296751 1c008d7e 00070763 beq              x14, x0, 14         x14:00000000
15162482ns          296754 1c008d8c 0015b593 sltiu            x11, x11, 1         x11=00000000 x11:00000064
15162502ns          296755 1c008d90 40b005b3 sub              x11, x0, x11        x11=00000000 x11:00000000
15162522ns          296756 1c008d94 00b57533 and              x10, x10, x11       x10=00000000 x10:1c0001a4 x11:00000000
15162542ns          296757 1c008d96 00008067 jalr             x0, x1, 0            x1:1c008fae
15162582ns          296759 1c008fae 01300433 add              x8, x0, x19          x8=1c0000dd x19:1c0000dd
15162602ns          296760 1c008fb0 00050563 beq              x10, x0, 10         x10:00000000
15162682ns          296764 1c008fba 06700693 addi             x13, x0, 103        x13=00000067
15162743ns          296767 1c008fbe 2896d963 bge              x13, x9, 658        x13:00000067  x9:00000064
15162843ns          296772 1c009250 06500693 addi             x13, x0, 101        x13=00000065
15162883ns          296774 1c009254 12d4d563 bge              x9, x13, 298         x9:00000064 x13:00000065
15162903ns          296775 1c009258 04700693 addi             x13, x0, 71         x13=00000047
15162923ns          296776 1c00925c dc96cbe3 blt              x13, x9, -554       x13:00000047  x9:00000064
15163104ns          296785 1c009032 06300693 addi             x13, x0, 99         x13=00000063
15163124ns          296786 1c009036 0ad488e3 beq              x9, x13, 2224        x9:00000064 x13:00000063
15163144ns          296787 1c00903a 0096c9e3 blt              x13, x9, 2066       x13:00000063  x9:00000064
15163666ns          296813 1c00984c 000c2583 lw               x11, 0(x24)         x11=00000001 x24:10000c8c  PA:10000c8c
15163746ns          296817 1c009850 004c0c13 addi             x24, x24, 4         x24=10000c90 x24:10000c8c
15163786ns          296819 1c009852 3405cc63 blt              x11, x0, 856        x11:00000001
15163806ns          296820 1c009856 01412603 lw               x12, 20(x2)         x12=00000000  x2:10000b38  PA:10000b4c
15163826ns          296821 1c009858 00b006b3 add              x13, x0, x11        x13=00000001 x11:00000001
15163846ns          296822 1c00985a 2e061863 bne              x12, x0, 752        x12:00000000
15163866ns          296823 1c00985e 01812703 lw               x14, 24(x2)         x14=00000000  x2:10000b38  PA:10000b50
15163886ns          296824 1c009860 019007b3 add              x15, x0, x25        x15=10000b5c x25:10000b5c
15163906ns          296825 1c009862 00070763 beq              x14, x0, 14         x14:00000000
15164007ns          296830 1c009870 00f00733 add              x14, x0, x15        x14=10000b5c x15:10000b5c
15164027ns          296831 1c009872 00a00513 addi             x10, x0, 10         x10=0000000a
15164047ns          296832 1c009874 02a6f633 remu             x12, x13, x10       x12=00000001 x13:00000001 x10:0000000a
15164669ns          296863 1c009878 02a6d6b3 divu             x13, x13, x10       x13=00000000 x13:00000001 x10:0000000a
15165291ns          296894 1c00987c 03060613 addi             x12, x12, 48        x12=00000031 x12:00000001
15165311ns          296895 1c009880 00c700ab p.sb             x12, 1(x14!)        x14=10000b5d x12:00000031 x14:10000b5c  PA:10000b5c
15165331ns          296896 1c009884 fe0698e3 bne              x13, x0, -16        x13:00000000
15165351ns          296897 1c009886 40f706b3 sub              x13, x14, x15       x13=00000001 x14:10000b5d x15:10000b5c
15165371ns          296898 1c00988a 0146dc63 bge              x13, x20, 24        x13:00000001 x20:ffffffff
15165492ns          296904 1c0098a2 00e006b3 add              x13, x0, x14        x13=10000b5d x14:10000b5d
15165532ns          296906 1c0098a4 fe068fab p.sb             x0, -1(x13!)        x13=10000b5c x13:10000b5d  PA:10000b5d
15165552ns          296907 1c0098a8 00d7fc63 bgeu             x15, x13, 24        x15:10000b5c x13:10000b5c
15165712ns          296915 1c0098c0 01412783 lw               x15, 20(x2)         x15=00000000  x2:10000b38  PA:10000b4c
15165732ns          296916 1c0098c2 01812603 lw               x12, 24(x2)         x12=00000000  x2:10000b38  PA:10000b50
15165752ns          296917 1c0098c4 419704b3 sub              x9, x14, x25         x9=00000001 x14:10000b5d x25:10000b5c
15165772ns          296918 1c0098c8 00c7e7b3 or               x15, x15, x12       x15=00000000 x15:00000000 x12:00000000
15165793ns          296919 1c0098ca 00f12623 sw               x15, 12(x2)         x15:00000000  x2:10000b38  PA:10000b44
15165813ns          296920 1c0098cc 00079363 bne              x15, x0, 6          x15:00000000
15165833ns          296921 1c0098ce 01f5d593 srli             x11, x11, 0x1f      x11=00000000 x11:00000001
15165853ns          296922 1c0098d0 00b12623 sw               x11, 12(x2)         x11:00000000  x2:10000b38  PA:10000b44
15165893ns          296924 1c0098d2 e3fa28e3 p.beqimm         x20, -464           x20:ffffffff
15166033ns          296931 1c009702 0c800793 addi             x15, x0, 200        x15=000000c8
15166053ns          296932 1c009706 9e97d0e3 bge              x15, x9, -1568      x15:000000c8  x9:00000001
15166254ns          296942 1c0090e6 0f24d163 bge              x9, x18, 226         x9:00000001 x18:00000000
15166415ns          296950 1c0091c8 d00482e3 beq              x9, x0, -764         x9:00000001
15166455ns          296952 1c0091cc 01900933 add              x18, x0, x25        x18=10000b5c x25:10000b5c
15166515ns          296955 1c0091ce 419d8db3 sub              x27, x27, x25       x27=effff4bb x27:00000017 x25:10000b5c
15166535ns          296956 1c0091d2 00a0006f jal              x0, 10             
15166575ns          296958 1c0091dc 0019450b p.lbu            x10, 1(x18!)        x10=00000031 x18=10000b5d x18:10000b5c  PA:10000b5c
15166635ns          296961 1c0091e0 01a005b3 add              x11, x0, x26        x11=00000002 x26:00000002
15166655ns          296962 1c0091e2 000b00e7 jalr             x1, x22, 0           x1=1c0091e4 x22:1c008dea
15166695ns          296964 1c008dea 000026b7 lui              x13, 0x2000         x13=00002000
15166716ns          296965 1c008dec f14027f3 csrrs            x15, x0, 0xf14      x15=00000001
15166736ns          296966 1c008df0 f8068693 addi             x13, x13, -128      x13=00001f80 x13:00002000
15166756ns          296967 1c008df4 00379713 slli             x14, x15, 0x3       x14=00000008 x15:00000001
15166776ns          296968 1c008df8 00279793 slli             x15, x15, 0x2       x15=00000004 x15:00000001
15166796ns          296969 1c008dfa 00d7f7b3 and              x15, x15, x13       x15=00000000 x15:00000004 x13:00001f80
15166816ns          296970 1c008dfc ee873733 p.bclr           x14, x14, 23, 8     x14=00000008 x14:00000008
15166856ns          296972 1c008e00 1a10f6b7 lui              x13, 0x1a10f000     x13=1a10f000
15166896ns          296974 1c008e04 0ff57513 andi             x10, x10, 255       x10=00000031 x10:00000031
15166916ns          296975 1c008e08 00d70733 add              x14, x14, x13       x14=1a10f008 x14:00000008 x13:1a10f000
15166936ns          296976 1c008e0a 00a7e723 p.sw             x10, x0(x15)        x10:00000031 x15:00000000  PA:1a10f008
15167257ns          296992 1c008e0e 00000513 addi             x10, x0, 0          x10=00000000
15167277ns          296993 1c008e10 00008067 jalr             x0, x1, 0            x1:1c0091e4
15167318ns          296995 1c0091e4 fff48493 addi             x9, x9, -1           x9=00000000  x9:00000001
15167338ns          296996 1c0091e6 fff537e3 p.bneimm         x10, -18            x10:00000000
15167458ns          297002 1c0091d4 012d8733 add              x14, x27, x18       x14=00000018 x27:effff4bb x18:10000b5d
15167478ns          297003 1c0091d8 5a048b63 beq              x9, x0, 1462         x9:00000000
15167578ns          297008 1c00978e 00e00db3 add              x27, x0, x14        x27=00000018 x14:00000018
15167659ns          297012 1c009790 f3cff06f jal              x0, -2244          
15167739ns          297016 1c008ecc 00044503 lbu              x10, 0(x8)          x10=0000000a  x8:1c0000dd  PA:1c0000dd
15168080ns          297033 1c008ed0 00140413 addi             x8, x8, 1            x8=1c0000de  x8:1c0000dd
15168100ns          297034 1c008ed2 00050e63 beq              x10, x0, 28         x10:0000000a
15168120ns          297035 1c008ed4 02500793 addi             x15, x0, 37         x15=00000025
15168140ns          297036 1c008ed8 04f50863 beq              x10, x15, 80        x10:0000000a x15:00000025
15168160ns          297037 1c008edc 01a005b3 add              x11, x0, x26        x11=00000002 x26:00000002
15168180ns          297038 1c008ede 000b00e7 jalr             x1, x22, 0           x1=1c008ee0 x22:1c008dea
15168220ns          297040 1c008dea 000026b7 lui              x13, 0x2000         x13=00002000
15168241ns          297041 1c008dec f14027f3 csrrs            x15, x0, 0xf14      x15=00000001
15168261ns          297042 1c008df0 f8068693 addi             x13, x13, -128      x13=00001f80 x13:00002000
15168281ns          297043 1c008df4 00379713 slli             x14, x15, 0x3       x14=00000008 x15:00000001
15168301ns          297044 1c008df8 00279793 slli             x15, x15, 0x2       x15=00000004 x15:00000001
15168321ns          297045 1c008dfa 00d7f7b3 and              x15, x15, x13       x15=00000000 x15:00000004 x13:00001f80
15168341ns          297046 1c008dfc ee873733 p.bclr           x14, x14, 23, 8     x14=00000008 x14:00000008
15168381ns          297048 1c008e00 1a10f6b7 lui              x13, 0x1a10f000     x13=1a10f000
15168421ns          297050 1c008e04 0ff57513 andi             x10, x10, 255       x10=0000000a x10:0000000a
15168441ns          297051 1c008e08 00d70733 add              x14, x14, x13       x14=1a10f008 x14:00000008 x13:1a10f000
15168461ns          297052 1c008e0a 00a7e723 p.sw             x10, x0(x15)        x10:0000000a x15:00000000  PA:1a10f008
15168782ns          297068 1c008e0e 00000513 addi             x10, x0, 0          x10=00000000
15168802ns          297069 1c008e10 00008067 jalr             x0, x1, 0            x1:1c008ee0
15168842ns          297071 1c008ee0 31f52563 p.beqimm         x10, 778            x10:00000000
15168863ns          297072 1c008ee4 001d8d93 addi             x27, x27, 1         x27=00000019 x27:00000018
15168883ns          297073 1c008ee6 00044503 lbu              x10, 0(x8)          x10=00000000  x8:1c0000de  PA:1c0000de
15169204ns          297089 1c008eea 00140413 addi             x8, x8, 1            x8=1c0000df  x8:1c0000de
15169224ns          297090 1c008eec fe0514e3 bne              x10, x0, -24        x10:00000000
15169244ns          297091 1c008eee 01b00433 add              x8, x0, x27          x8=00000019 x27:00000019
15169264ns          297092 1c008ef0 00800533 add              x10, x0, x8         x10=00000019  x8:00000019
15169284ns          297093 1c008ef2 12c12083 lw               x1, 300(x2)          x1=1c008e7e  x2:10000b38  PA:10000c64
15169304ns          297094 1c008ef6 12812403 lw               x8, 296(x2)          x8=3efe29fe  x2:10000b38  PA:10000c60
15169324ns          297095 1c008efa 12412483 lw               x9, 292(x2)          x9=3efe2955  x2:10000b38  PA:10000c5c
15169384ns          297098 1c008efe 12012903 lw               x18, 288(x2)        x18=1c010000  x2:10000b38  PA:10000c58
15169424ns          297100 1c008f02 11c12983 lw               x19, 284(x2)        x19=00000004  x2:10000b38  PA:10000c54
15169444ns          297101 1c008f06 11812a03 lw               x20, 280(x2)        x20=3efe2aa3  x2:10000b38  PA:10000c50
15169464ns          297102 1c008f0a 11412a83 lw               x21, 276(x2)        x21=4110a0dc  x2:10000b38  PA:10000c4c
15169525ns          297105 1c008f0e 11012b03 lw               x22, 272(x2)        x22=3e533fc3  x2:10000b38  PA:10000c48
15169565ns          297107 1c008f12 10c12b83 lw               x23, 268(x2)        x23=10000fc8  x2:10000b38  PA:10000c44
15169585ns          297108 1c008f16 10812c03 lw               x24, 264(x2)        x24=3fc90fdb  x2:10000b38  PA:10000c40
15169605ns          297109 1c008f1a 10412c83 lw               x25, 260(x2)        x25=3f800000  x2:10000b38  PA:10000c3c
15169625ns          297110 1c008f1e 10012d03 lw               x26, 256(x2)        x26=xxxxxxxx  x2:10000b38  PA:10000c38
15169645ns          297111 1c008f22 0fc12d83 lw               x27, 252(x2)        x27=xxxxxxxx  x2:10000b38  PA:10000c34
15169665ns          297112 1c008f24 13010113 addi             x2, x2, 304          x2=10000c68  x2:10000b38
15169685ns          297113 1c008f26 00008067 jalr             x0, x1, 0            x1:1c008e7e
15169826ns          297120 1c008e7e 01c12083 lw               x1, 28(x2)           x1=1c00840c  x2:10000c68  PA:10000c84
15169906ns          297124 1c008e80 04010113 addi             x2, x2, 64           x2=10000ca8  x2:10000c68
15169926ns          297125 1c008e82 00008067 jalr             x0, x1, 0            x1:1c00840c
15170006ns          297129 1c00840c 00100513 addi             x10, x0, 1          x10=00000001
15170468ns          297152 1c00840e 34c12083 lw               x1, 844(x2)          x1=1c00a11c  x2:10000ca8  PA:10000ff4
15170508ns          297154 1c008412 34812403 lw               x8, 840(x2)          x8=xxxxxxxx  x2:10000ca8  PA:10000ff0
15170528ns          297155 1c008416 34412483 lw               x9, 836(x2)          x9=xxxxxxxx  x2:10000ca8  PA:10000fec
15170548ns          297156 1c00841a 34012903 lw               x18, 832(x2)        x18=xxxxxxxx  x2:10000ca8  PA:10000fe8
15170989ns          297178 1c00841e 33c12983 lw               x19, 828(x2)        x19=xxxxxxxx  x2:10000ca8  PA:10000fe4
15171030ns          297180 1c008422 33812a03 lw               x20, 824(x2)        x20=xxxxxxxx  x2:10000ca8  PA:10000fe0
15171050ns          297181 1c008426 33412a83 lw               x21, 820(x2)        x21=xxxxxxxx  x2:10000ca8  PA:10000fdc
15171070ns          297182 1c00842a 33012b03 lw               x22, 816(x2)        x22=xxxxxxxx  x2:10000ca8  PA:10000fd8
15171511ns          297204 1c00842e 32c12b83 lw               x23, 812(x2)        x23=xxxxxxxx  x2:10000ca8  PA:10000fd4
15171551ns          297206 1c008432 32812c03 lw               x24, 808(x2)        x24=xxxxxxxx  x2:10000ca8  PA:10000fd0
15171571ns          297207 1c008436 32412c83 lw               x25, 804(x2)        x25=xxxxxxxx  x2:10000ca8  PA:10000fcc
15171591ns          297208 1c00843a 00154513 xori             x10, x10, 1         x10=00000000 x10:00000001
15172033ns          297230 1c00843e 35010113 addi             x2, x2, 848          x2=10000ff8  x2:10000ca8
15172053ns          297231 1c008442 00008067 jalr             x0, x1, 0            x1:1c00a11c
15172133ns          297235 1c00a11c f14027f3 csrrs            x15, x0, 0xf14      x15=00000001
15172213ns          297239 1c00a120 f457b7b3 p.bclr           x15, x15, 26, 5     x15=00000001 x15:00000001
15172254ns          297241 1c00a124 00079963 bne              x15, x0, 18         x15:00000001
15172434ns          297250 1c00a136 002047b7 lui              x15, 0x204000       x15=00204000
15172454ns          297251 1c00a13a fff00713 addi             x14, x0, -1         x14=ffffffff
15172474ns          297252 1c00a13c 00e7a223 sw               x14, 4(x15)         x14:ffffffff x15:00204000  PA:00204004
